<?xml version="1.0" encoding="UTF-8"?>
<testsuites tests="49" failures="0" errors="0" skipped="0">
  <testsuite timestamp="2025-05-16T15:11:47" time="1926.572" tests="49" failures="0" errors="0" skipped="0">
    <properties>
      <property name="specId" value="0" />
      <property name="suiteName" value="Sanity Tests US104253" />
      <property name="capabilities" value="chrome.136_0_7103_93.windows" />
      <property name="file" value="file:///D:/a/1/s/test/specs/General/sanity.spec.js" />
    </properties>
    <testcase classname="chrome.136_0_7103_93.windows.Sanity_Tests_US104253" name="Should open Manage Partners page" time="50.498">
      <system-out><![CDATA[
COMMAND: POST /session/944c468b52727d644e83533e14338bba/execute/async - {"script":"<script> [1562 bytes]","args":[{"selector":{"controlType":"sap.m.GenericTile","properties":{"header":"Manage Partners"}},"wdio_ui5_key":"sapm.GenericTile{\"header\":\"Manage Partners\"}"}]}
RESULT: {"script":"<script> [1562 bytes]","args":[{"selector":{"controlType":"sap.m.GenericTile","properties":{"header":"Manage Partners"}},"wdio_ui5_key":"sapm.GenericTile{\"header\":\"Manage Partners\"}"}]}
RESULT: undefined
COMMAND: POST /session/944c468b52727d644e83533e14338bba/element - {"using":"xpath","value":"//*[@id=\"__tile38\"]"}
RESULT: {"using":"xpath","value":"//*[@id=\"__tile38\"]"}
COMMAND: POST /session/944c468b52727d644e83533e14338bba/element/f.BAEEFAFD8CEA53EE1C71283608A3603D.d.E5B9DACCF5F41315D01D61CD92B9DCB2.e.113/click - {}
RESULT: {}
COMMAND: GET /session/944c468b52727d644e83533e14338bba/screenshot - {}
RESULT: {}
COMMAND: POST /session/944c468b52727d644e83533e14338bba/elements - {"using":"xpath","value":"//span[text()='Error']"}
RESULT: {"using":"xpath","value":"//span[text()='Error']"}
RESULT: undefined
COMMAND: POST /session/944c468b52727d644e83533e14338bba/element - {"using":"xpath","value":"//*[@id=\"__tile38\"]"}
RESULT: {"using":"xpath","value":"//*[@id=\"__tile38\"]"}
COMMAND: POST /session/944c468b52727d644e83533e14338bba/element/f.BAEEFAFD8CEA53EE1C71283608A3603D.d.E5B9DACCF5F41315D01D61CD92B9DCB2.e.113/click - {}
RESULT: undefined
COMMAND: POST /session/944c468b52727d644e83533e14338bba/element - {"using":"xpath","value":"//*[@id=\"__tile38\"]"}
RESULT: {"using":"xpath","value":"//*[@id=\"__tile38\"]"}
COMMAND: POST /session/944c468b52727d644e83533e14338bba/element/f.BAEEFAFD8CEA53EE1C71283608A3603D.d.E5B9DACCF5F41315D01D61CD92B9DCB2.e.113/click - {}
COMMAND: POST /session/944c468b52727d644e83533e14338bba/execute/async - {"script":"<script> [1562 bytes]","args":[{"selector":{"id":"shellAppTitle"},"wdio_ui5_key":"shellAppTitle"}]}
RESULT: {"script":"<script> [1562 bytes]","args":[{"selector":{"id":"shellAppTitle"},"wdio_ui5_key":"shellAppTitle"}]}
RESULT: undefined
COMMAND: POST /session/944c468b52727d644e83533e14338bba/execute/async - {"script":"<script> [6424 bytes]","args":[{"element-6066-11e4-a52e-4f735466cecf":"f.BAEEFAFD8CEA53EE1C71283608A3603D.d.E5B9DACCF5F41315D01D61CD92B9DCB2.e.286"},"getTitle",[]]}
RESULT: {"script":"<script> [6424 bytes]","args":[{"element-6066-11e4-a52e-4f735466cecf":"f.BAEEFAFD8CEA53EE1C71283608A3603D.d.E5B9DACCF5F41315D01D61CD92B9DCB2.e.286"},"getTitle",[]]}
COMMAND: POST /session/944c468b52727d644e83533e14338bba/execute/async - {"script":"<script> [1562 bytes]","args":[{"selector":{"id":"backBtn"},"wdio_ui5_key":"backBtn"}]}
RESULT: {"script":"<script> [1562 bytes]","args":[{"selector":{"id":"backBtn"},"wdio_ui5_key":"backBtn"}]}
RESULT: undefined
COMMAND: POST /session/944c468b52727d644e83533e14338bba/element - {"using":"xpath","value":"//*[@id=\"backBtn\"]"}
RESULT: {"using":"xpath","value":"//*[@id=\"backBtn\"]"}
COMMAND: POST /session/944c468b52727d644e83533e14338bba/element/f.BAEEFAFD8CEA53EE1C71283608A3603D.d.E5B9DACCF5F41315D01D61CD92B9DCB2.e.287/click - {}
RESULT: {}
COMMAND: GET /session/944c468b52727d644e83533e14338bba/screenshot - {}
RESULT: {}
]]></system-out>
    </testcase>
    <testcase classname="chrome.136_0_7103_93.windows.Sanity_Tests_US104253" name="Should open Manage Sites page" time="37.458">
      <system-out><![CDATA[
COMMAND: POST /session/944c468b52727d644e83533e14338bba/execute/async - {"script":"<script> [1562 bytes]","args":[{"selector":{"controlType":"sap.m.GenericTile","properties":{"header":"Manage Sites"}},"wdio_ui5_key":"sapm.GenericTile{\"header\":\"Manage Sites\"}"}]}
RESULT: {"script":"<script> [1562 bytes]","args":[{"selector":{"controlType":"sap.m.GenericTile","properties":{"header":"Manage Sites"}},"wdio_ui5_key":"sapm.GenericTile{\"header\":\"Manage Sites\"}"}]}
RESULT: undefined
COMMAND: POST /session/944c468b52727d644e83533e14338bba/element - {"using":"xpath","value":"//*[@id=\"__tile40\"]"}
RESULT: {"using":"xpath","value":"//*[@id=\"__tile40\"]"}
COMMAND: POST /session/944c468b52727d644e83533e14338bba/element/f.BAEEFAFD8CEA53EE1C71283608A3603D.d.E5B9DACCF5F41315D01D61CD92B9DCB2.e.289/click - {}
RESULT: {}
COMMAND: GET /session/944c468b52727d644e83533e14338bba/screenshot - {}
RESULT: {}
COMMAND: POST /session/944c468b52727d644e83533e14338bba/elements - {"using":"xpath","value":"//span[text()='Error']"}
RESULT: {"using":"xpath","value":"//span[text()='Error']"}
RESULT: undefined
COMMAND: POST /session/944c468b52727d644e83533e14338bba/element - {"using":"xpath","value":"//*[@id=\"__tile40\"]"}
RESULT: {"using":"xpath","value":"//*[@id=\"__tile40\"]"}
COMMAND: POST /session/944c468b52727d644e83533e14338bba/element/f.BAEEFAFD8CEA53EE1C71283608A3603D.d.E5B9DACCF5F41315D01D61CD92B9DCB2.e.289/click - {}
RESULT: undefined
COMMAND: POST /session/944c468b52727d644e83533e14338bba/element - {"using":"xpath","value":"//*[@id=\"__tile40\"]"}
RESULT: {"using":"xpath","value":"//*[@id=\"__tile40\"]"}
COMMAND: POST /session/944c468b52727d644e83533e14338bba/element/f.BAEEFAFD8CEA53EE1C71283608A3603D.d.E5B9DACCF5F41315D01D61CD92B9DCB2.e.289/click - {}
RESULT: undefined
COMMAND: POST /session/944c468b52727d644e83533e14338bba/execute/async - {"script":"<script> [6424 bytes]","args":[{"element-6066-11e4-a52e-4f735466cecf":"f.BAEEFAFD8CEA53EE1C71283608A3603D.d.E5B9DACCF5F41315D01D61CD92B9DCB2.e.286"},"getTitle",[]]}
COMMAND: POST /session/944c468b52727d644e83533e14338bba/execute/async - {"script":"<script> [1562 bytes]","args":[{"selector":{"id":"shellAppTitle"},"wdio_ui5_key":"shellAppTitle"}]}
RESULT: {"script":"<script> [1562 bytes]","args":[{"selector":{"id":"shellAppTitle"},"wdio_ui5_key":"shellAppTitle"}]}
COMMAND: POST /session/944c468b52727d644e83533e14338bba/execute/async - {"script":"<script> [6424 bytes]","args":[{"element-6066-11e4-a52e-4f735466cecf":"f.BAEEFAFD8CEA53EE1C71283608A3603D.d.E5B9DACCF5F41315D01D61CD92B9DCB2.e.476"},"getTitle",[]]}
RESULT: {"script":"<script> [6424 bytes]","args":[{"element-6066-11e4-a52e-4f735466cecf":"f.BAEEFAFD8CEA53EE1C71283608A3603D.d.E5B9DACCF5F41315D01D61CD92B9DCB2.e.476"},"getTitle",[]]}
RESULT: undefined
COMMAND: POST /session/944c468b52727d644e83533e14338bba/element/f.BAEEFAFD8CEA53EE1C71283608A3603D.d.E5B9DACCF5F41315D01D61CD92B9DCB2.e.287/click - {}
RESULT: {}
COMMAND: GET /session/944c468b52727d644e83533e14338bba/screenshot - {}
RESULT: {}
]]></system-out>
    </testcase>
    <testcase classname="chrome.136_0_7103_93.windows.Sanity_Tests_US104253" name="Should open Manage Resources page" time="36.631">
      <system-out><![CDATA[
COMMAND: POST /session/944c468b52727d644e83533e14338bba/execute/async - {"script":"<script> [1562 bytes]","args":[{"selector":{"controlType":"sap.m.GenericTile","properties":{"header":"Manage Resources"}},"wdio_ui5_key":"sapm.GenericTile{\"header\":\"Manage Resources\"}"}]}
RESULT: {"script":"<script> [1562 bytes]","args":[{"selector":{"controlType":"sap.m.GenericTile","properties":{"header":"Manage Resources"}},"wdio_ui5_key":"sapm.GenericTile{\"header\":\"Manage Resources\"}"}]}
RESULT: undefined
COMMAND: POST /session/944c468b52727d644e83533e14338bba/element - {"using":"xpath","value":"//*[@id=\"__tile39\"]"}
RESULT: {"using":"xpath","value":"//*[@id=\"__tile39\"]"}
COMMAND: POST /session/944c468b52727d644e83533e14338bba/element/f.BAEEFAFD8CEA53EE1C71283608A3603D.d.E5B9DACCF5F41315D01D61CD92B9DCB2.e.478/click - {}
RESULT: {}
COMMAND: GET /session/944c468b52727d644e83533e14338bba/screenshot - {}
RESULT: {}
COMMAND: POST /session/944c468b52727d644e83533e14338bba/elements - {"using":"xpath","value":"//span[text()='Error']"}
RESULT: {"using":"xpath","value":"//span[text()='Error']"}
RESULT: undefined
COMMAND: POST /session/944c468b52727d644e83533e14338bba/element - {"using":"xpath","value":"//*[@id=\"__tile39\"]"}
RESULT: {"using":"xpath","value":"//*[@id=\"__tile39\"]"}
COMMAND: POST /session/944c468b52727d644e83533e14338bba/element/f.BAEEFAFD8CEA53EE1C71283608A3603D.d.E5B9DACCF5F41315D01D61CD92B9DCB2.e.478/click - {}
RESULT: undefined
COMMAND: POST /session/944c468b52727d644e83533e14338bba/element - {"using":"xpath","value":"//*[@id=\"__tile39\"]"}
RESULT: {"using":"xpath","value":"//*[@id=\"__tile39\"]"}
COMMAND: POST /session/944c468b52727d644e83533e14338bba/element/f.BAEEFAFD8CEA53EE1C71283608A3603D.d.E5B9DACCF5F41315D01D61CD92B9DCB2.e.478/click - {}
RESULT: undefined
COMMAND: POST /session/944c468b52727d644e83533e14338bba/execute/async - {"script":"<script> [6424 bytes]","args":[{"element-6066-11e4-a52e-4f735466cecf":"f.BAEEFAFD8CEA53EE1C71283608A3603D.d.E5B9DACCF5F41315D01D61CD92B9DCB2.e.286"},"getTitle",[]]}
COMMAND: POST /session/944c468b52727d644e83533e14338bba/execute/async - {"script":"<script> [1562 bytes]","args":[{"selector":{"id":"shellAppTitle"},"wdio_ui5_key":"shellAppTitle"}]}
RESULT: {"script":"<script> [1562 bytes]","args":[{"selector":{"id":"shellAppTitle"},"wdio_ui5_key":"shellAppTitle"}]}
COMMAND: POST /session/944c468b52727d644e83533e14338bba/execute/async - {"script":"<script> [6424 bytes]","args":[{"element-6066-11e4-a52e-4f735466cecf":"f.BAEEFAFD8CEA53EE1C71283608A3603D.d.E5B9DACCF5F41315D01D61CD92B9DCB2.e.650"},"getTitle",[]]}
RESULT: {"script":"<script> [6424 bytes]","args":[{"element-6066-11e4-a52e-4f735466cecf":"f.BAEEFAFD8CEA53EE1C71283608A3603D.d.E5B9DACCF5F41315D01D61CD92B9DCB2.e.650"},"getTitle",[]]}
RESULT: undefined
COMMAND: POST /session/944c468b52727d644e83533e14338bba/element/f.BAEEFAFD8CEA53EE1C71283608A3603D.d.E5B9DACCF5F41315D01D61CD92B9DCB2.e.287/click - {}
COMMAND: POST /session/944c468b52727d644e83533e14338bba/element - {"using":"xpath","value":"//*[@id=\"backBtn\"]"}
RESULT: {"using":"xpath","value":"//*[@id=\"backBtn\"]"}
COMMAND: POST /session/944c468b52727d644e83533e14338bba/element/f.BAEEFAFD8CEA53EE1C71283608A3603D.d.E5B9DACCF5F41315D01D61CD92B9DCB2.e.287/click - {}
COMMAND: POST /session/944c468b52727d644e83533e14338bba/element - {"using":"xpath","value":"//*[@id=\"backBtn\"]"}
RESULT: {"using":"xpath","value":"//*[@id=\"backBtn\"]"}
COMMAND: POST /session/944c468b52727d644e83533e14338bba/element/f.BAEEFAFD8CEA53EE1C71283608A3603D.d.E5B9DACCF5F41315D01D61CD92B9DCB2.e.651/click - {}
RESULT: {}
COMMAND: GET /session/944c468b52727d644e83533e14338bba/screenshot - {}
RESULT: {}
]]></system-out>
    </testcase>
    <testcase classname="chrome.136_0_7103_93.windows.Sanity_Tests_US104253" name="Should open Manage Catalogs page" time="36.888">
      <system-out><![CDATA[
COMMAND: POST /session/944c468b52727d644e83533e14338bba/execute/async - {"script":"<script> [1562 bytes]","args":[{"selector":{"controlType":"sap.m.GenericTile","properties":{"header":"Manage Catalogs"}},"wdio_ui5_key":"sapm.GenericTile{\"header\":\"Manage Catalogs\"}"}]}
RESULT: {"script":"<script> [1562 bytes]","args":[{"selector":{"controlType":"sap.m.GenericTile","properties":{"header":"Manage Catalogs"}},"wdio_ui5_key":"sapm.GenericTile{\"header\":\"Manage Catalogs\"}"}]}
RESULT: undefined
COMMAND: POST /session/944c468b52727d644e83533e14338bba/element - {"using":"xpath","value":"//*[@id=\"__tile37\"]"}
RESULT: {"using":"xpath","value":"//*[@id=\"__tile37\"]"}
COMMAND: POST /session/944c468b52727d644e83533e14338bba/element/f.BAEEFAFD8CEA53EE1C71283608A3603D.d.E5B9DACCF5F41315D01D61CD92B9DCB2.e.653/click - {}
RESULT: {}
COMMAND: GET /session/944c468b52727d644e83533e14338bba/screenshot - {}
RESULT: {}
COMMAND: POST /session/944c468b52727d644e83533e14338bba/elements - {"using":"xpath","value":"//span[text()='Error']"}
RESULT: {"using":"xpath","value":"//span[text()='Error']"}
RESULT: undefined
COMMAND: POST /session/944c468b52727d644e83533e14338bba/element - {"using":"xpath","value":"//*[@id=\"__tile37\"]"}
RESULT: {"using":"xpath","value":"//*[@id=\"__tile37\"]"}
COMMAND: POST /session/944c468b52727d644e83533e14338bba/element/f.BAEEFAFD8CEA53EE1C71283608A3603D.d.E5B9DACCF5F41315D01D61CD92B9DCB2.e.653/click - {}
RESULT: undefined
COMMAND: POST /session/944c468b52727d644e83533e14338bba/element - {"using":"xpath","value":"//*[@id=\"__tile37\"]"}
RESULT: {"using":"xpath","value":"//*[@id=\"__tile37\"]"}
COMMAND: POST /session/944c468b52727d644e83533e14338bba/element/f.BAEEFAFD8CEA53EE1C71283608A3603D.d.E5B9DACCF5F41315D01D61CD92B9DCB2.e.653/click - {}
RESULT: undefined
COMMAND: POST /session/944c468b52727d644e83533e14338bba/execute/async - {"script":"<script> [6424 bytes]","args":[{"element-6066-11e4-a52e-4f735466cecf":"f.BAEEFAFD8CEA53EE1C71283608A3603D.d.E5B9DACCF5F41315D01D61CD92B9DCB2.e.286"},"getTitle",[]]}
COMMAND: POST /session/944c468b52727d644e83533e14338bba/execute/async - {"script":"<script> [1562 bytes]","args":[{"selector":{"id":"shellAppTitle"},"wdio_ui5_key":"shellAppTitle"}]}
RESULT: {"script":"<script> [1562 bytes]","args":[{"selector":{"id":"shellAppTitle"},"wdio_ui5_key":"shellAppTitle"}]}
COMMAND: POST /session/944c468b52727d644e83533e14338bba/execute/async - {"script":"<script> [6424 bytes]","args":[{"element-6066-11e4-a52e-4f735466cecf":"f.BAEEFAFD8CEA53EE1C71283608A3603D.d.E5B9DACCF5F41315D01D61CD92B9DCB2.e.723"},"getTitle",[]]}
RESULT: {"script":"<script> [6424 bytes]","args":[{"element-6066-11e4-a52e-4f735466cecf":"f.BAEEFAFD8CEA53EE1C71283608A3603D.d.E5B9DACCF5F41315D01D61CD92B9DCB2.e.723"},"getTitle",[]]}
RESULT: undefined
COMMAND: POST /session/944c468b52727d644e83533e14338bba/element/f.BAEEFAFD8CEA53EE1C71283608A3603D.d.E5B9DACCF5F41315D01D61CD92B9DCB2.e.651/click - {}
RESULT: {}
COMMAND: GET /session/944c468b52727d644e83533e14338bba/screenshot - {}
RESULT: {}
]]></system-out>
    </testcase>
    <testcase classname="chrome.136_0_7103_93.windows.Sanity_Tests_US104253" name="Should open Manage Calendars page" time="36.603">
      <system-out><![CDATA[
COMMAND: POST /session/944c468b52727d644e83533e14338bba/execute/async - {"script":"<script> [1562 bytes]","args":[{"selector":{"controlType":"sap.m.GenericTile","properties":{"header":"Manage Calendars"}},"wdio_ui5_key":"sapm.GenericTile{\"header\":\"Manage Calendars\"}"}]}
RESULT: {"script":"<script> [1562 bytes]","args":[{"selector":{"controlType":"sap.m.GenericTile","properties":{"header":"Manage Calendars"}},"wdio_ui5_key":"sapm.GenericTile{\"header\":\"Manage Calendars\"}"}]}
RESULT: undefined
COMMAND: POST /session/944c468b52727d644e83533e14338bba/element - {"using":"xpath","value":"//*[@id=\"__tile36\"]"}
RESULT: {"using":"xpath","value":"//*[@id=\"__tile36\"]"}
COMMAND: POST /session/944c468b52727d644e83533e14338bba/element/f.BAEEFAFD8CEA53EE1C71283608A3603D.d.E5B9DACCF5F41315D01D61CD92B9DCB2.e.725/click - {}
RESULT: {}
COMMAND: GET /session/944c468b52727d644e83533e14338bba/screenshot - {}
RESULT: {}
COMMAND: POST /session/944c468b52727d644e83533e14338bba/elements - {"using":"xpath","value":"//span[text()='Error']"}
RESULT: {"using":"xpath","value":"//span[text()='Error']"}
RESULT: undefined
COMMAND: POST /session/944c468b52727d644e83533e14338bba/element - {"using":"xpath","value":"//*[@id=\"__tile36\"]"}
RESULT: {"using":"xpath","value":"//*[@id=\"__tile36\"]"}
COMMAND: POST /session/944c468b52727d644e83533e14338bba/element/f.BAEEFAFD8CEA53EE1C71283608A3603D.d.E5B9DACCF5F41315D01D61CD92B9DCB2.e.725/click - {}
RESULT: undefined
COMMAND: POST /session/944c468b52727d644e83533e14338bba/element - {"using":"xpath","value":"//*[@id=\"__tile36\"]"}
RESULT: {"using":"xpath","value":"//*[@id=\"__tile36\"]"}
COMMAND: POST /session/944c468b52727d644e83533e14338bba/element/f.BAEEFAFD8CEA53EE1C71283608A3603D.d.E5B9DACCF5F41315D01D61CD92B9DCB2.e.725/click - {}
RESULT: undefined
COMMAND: POST /session/944c468b52727d644e83533e14338bba/execute/async - {"script":"<script> [6424 bytes]","args":[{"element-6066-11e4-a52e-4f735466cecf":"f.BAEEFAFD8CEA53EE1C71283608A3603D.d.E5B9DACCF5F41315D01D61CD92B9DCB2.e.286"},"getTitle",[]]}
COMMAND: POST /session/944c468b52727d644e83533e14338bba/execute/async - {"script":"<script> [1562 bytes]","args":[{"selector":{"id":"shellAppTitle"},"wdio_ui5_key":"shellAppTitle"}]}
RESULT: {"script":"<script> [1562 bytes]","args":[{"selector":{"id":"shellAppTitle"},"wdio_ui5_key":"shellAppTitle"}]}
COMMAND: POST /session/944c468b52727d644e83533e14338bba/execute/async - {"script":"<script> [6424 bytes]","args":[{"element-6066-11e4-a52e-4f735466cecf":"f.BAEEFAFD8CEA53EE1C71283608A3603D.d.E5B9DACCF5F41315D01D61CD92B9DCB2.e.802"},"getTitle",[]]}
RESULT: {"script":"<script> [6424 bytes]","args":[{"element-6066-11e4-a52e-4f735466cecf":"f.BAEEFAFD8CEA53EE1C71283608A3603D.d.E5B9DACCF5F41315D01D61CD92B9DCB2.e.802"},"getTitle",[]]}
RESULT: undefined
COMMAND: POST /session/944c468b52727d644e83533e14338bba/element/f.BAEEFAFD8CEA53EE1C71283608A3603D.d.E5B9DACCF5F41315D01D61CD92B9DCB2.e.651/click - {}
COMMAND: POST /session/944c468b52727d644e83533e14338bba/element - {"using":"xpath","value":"//*[@id=\"backBtn\"]"}
RESULT: {"using":"xpath","value":"//*[@id=\"backBtn\"]"}
COMMAND: POST /session/944c468b52727d644e83533e14338bba/element/f.BAEEFAFD8CEA53EE1C71283608A3603D.d.E5B9DACCF5F41315D01D61CD92B9DCB2.e.651/click - {}
COMMAND: POST /session/944c468b52727d644e83533e14338bba/element - {"using":"xpath","value":"//*[@id=\"backBtn\"]"}
RESULT: {"using":"xpath","value":"//*[@id=\"backBtn\"]"}
COMMAND: POST /session/944c468b52727d644e83533e14338bba/element/f.BAEEFAFD8CEA53EE1C71283608A3603D.d.E5B9DACCF5F41315D01D61CD92B9DCB2.e.803/click - {}
RESULT: {}
COMMAND: GET /session/944c468b52727d644e83533e14338bba/screenshot - {}
RESULT: {}
]]></system-out>
    </testcase>
    <testcase classname="chrome.136_0_7103_93.windows.Sanity_Tests_US104253" name="Should open Address Management page" time="37.56">
      <system-out><![CDATA[
COMMAND: POST /session/944c468b52727d644e83533e14338bba/execute/async - {"script":"<script> [1562 bytes]","args":[{"selector":{"controlType":"sap.m.GenericTile","properties":{"header":"Address Management"}},"wdio_ui5_key":"sapm.GenericTile{\"header\":\"Address Management\"}"}]}
RESULT: {"script":"<script> [1562 bytes]","args":[{"selector":{"controlType":"sap.m.GenericTile","properties":{"header":"Address Management"}},"wdio_ui5_key":"sapm.GenericTile{\"header\":\"Address Management\"}"}]}
RESULT: undefined
COMMAND: POST /session/944c468b52727d644e83533e14338bba/element - {"using":"xpath","value":"//*[@id=\"__tile33\"]"}
RESULT: {"using":"xpath","value":"//*[@id=\"__tile33\"]"}
COMMAND: POST /session/944c468b52727d644e83533e14338bba/element/f.BAEEFAFD8CEA53EE1C71283608A3603D.d.E5B9DACCF5F41315D01D61CD92B9DCB2.e.805/click - {}
RESULT: {}
COMMAND: GET /session/944c468b52727d644e83533e14338bba/screenshot - {}
RESULT: {}
COMMAND: POST /session/944c468b52727d644e83533e14338bba/elements - {"using":"xpath","value":"//span[text()='Error']"}
RESULT: {"using":"xpath","value":"//span[text()='Error']"}
RESULT: undefined
COMMAND: POST /session/944c468b52727d644e83533e14338bba/element - {"using":"xpath","value":"//*[@id=\"__tile33\"]"}
RESULT: {"using":"xpath","value":"//*[@id=\"__tile33\"]"}
COMMAND: POST /session/944c468b52727d644e83533e14338bba/element/f.BAEEFAFD8CEA53EE1C71283608A3603D.d.E5B9DACCF5F41315D01D61CD92B9DCB2.e.805/click - {}
RESULT: undefined
COMMAND: POST /session/944c468b52727d644e83533e14338bba/element - {"using":"xpath","value":"//*[@id=\"__tile33\"]"}
RESULT: {"using":"xpath","value":"//*[@id=\"__tile33\"]"}
COMMAND: POST /session/944c468b52727d644e83533e14338bba/element/f.BAEEFAFD8CEA53EE1C71283608A3603D.d.E5B9DACCF5F41315D01D61CD92B9DCB2.e.805/click - {}
RESULT: undefined
COMMAND: POST /session/944c468b52727d644e83533e14338bba/execute/async - {"script":"<script> [6424 bytes]","args":[{"element-6066-11e4-a52e-4f735466cecf":"f.BAEEFAFD8CEA53EE1C71283608A3603D.d.E5B9DACCF5F41315D01D61CD92B9DCB2.e.286"},"getTitle",[]]}
COMMAND: POST /session/944c468b52727d644e83533e14338bba/execute/async - {"script":"<script> [1562 bytes]","args":[{"selector":{"id":"shellAppTitle"},"wdio_ui5_key":"shellAppTitle"}]}
RESULT: {"script":"<script> [1562 bytes]","args":[{"selector":{"id":"shellAppTitle"},"wdio_ui5_key":"shellAppTitle"}]}
COMMAND: POST /session/944c468b52727d644e83533e14338bba/execute/async - {"script":"<script> [6424 bytes]","args":[{"element-6066-11e4-a52e-4f735466cecf":"f.BAEEFAFD8CEA53EE1C71283608A3603D.d.E5B9DACCF5F41315D01D61CD92B9DCB2.e.1000"},"getTitle",[]]}
RESULT: {"script":"<script> [6424 bytes]","args":[{"element-6066-11e4-a52e-4f735466cecf":"f.BAEEFAFD8CEA53EE1C71283608A3603D.d.E5B9DACCF5F41315D01D61CD92B9DCB2.e.1000"},"getTitle",[]]}
RESULT: undefined
COMMAND: POST /session/944c468b52727d644e83533e14338bba/element/f.BAEEFAFD8CEA53EE1C71283608A3603D.d.E5B9DACCF5F41315D01D61CD92B9DCB2.e.803/click - {}
RESULT: {}
COMMAND: GET /session/944c468b52727d644e83533e14338bba/screenshot - {}
RESULT: {}
]]></system-out>
    </testcase>
    <testcase classname="chrome.136_0_7103_93.windows.Sanity_Tests_US104253" name="Should open Bill Of Resources page" time="37.019">
      <system-out><![CDATA[
COMMAND: POST /session/944c468b52727d644e83533e14338bba/execute/async - {"script":"<script> [1562 bytes]","args":[{"selector":{"controlType":"sap.m.GenericTile","properties":{"header":"Bill Of Resources"}},"wdio_ui5_key":"sapm.GenericTile{\"header\":\"Bill Of Resources\"}"}]}
RESULT: {"script":"<script> [1562 bytes]","args":[{"selector":{"controlType":"sap.m.GenericTile","properties":{"header":"Bill Of Resources"}},"wdio_ui5_key":"sapm.GenericTile{\"header\":\"Bill Of Resources\"}"}]}
RESULT: undefined
COMMAND: POST /session/944c468b52727d644e83533e14338bba/element - {"using":"xpath","value":"//*[@id=\"__tile34\"]"}
RESULT: {"using":"xpath","value":"//*[@id=\"__tile34\"]"}
COMMAND: POST /session/944c468b52727d644e83533e14338bba/element/f.BAEEFAFD8CEA53EE1C71283608A3603D.d.E5B9DACCF5F41315D01D61CD92B9DCB2.e.1002/click - {}
RESULT: {}
COMMAND: GET /session/944c468b52727d644e83533e14338bba/screenshot - {}
RESULT: {}
COMMAND: POST /session/944c468b52727d644e83533e14338bba/elements - {"using":"xpath","value":"//span[text()='Error']"}
RESULT: {"using":"xpath","value":"//span[text()='Error']"}
RESULT: undefined
COMMAND: POST /session/944c468b52727d644e83533e14338bba/element - {"using":"xpath","value":"//*[@id=\"__tile34\"]"}
RESULT: {"using":"xpath","value":"//*[@id=\"__tile34\"]"}
COMMAND: POST /session/944c468b52727d644e83533e14338bba/element/f.BAEEFAFD8CEA53EE1C71283608A3603D.d.E5B9DACCF5F41315D01D61CD92B9DCB2.e.1002/click - {}
RESULT: undefined
COMMAND: POST /session/944c468b52727d644e83533e14338bba/element - {"using":"xpath","value":"//*[@id=\"__tile34\"]"}
RESULT: {"using":"xpath","value":"//*[@id=\"__tile34\"]"}
COMMAND: POST /session/944c468b52727d644e83533e14338bba/element/f.BAEEFAFD8CEA53EE1C71283608A3603D.d.E5B9DACCF5F41315D01D61CD92B9DCB2.e.1002/click - {}
RESULT: undefined
COMMAND: POST /session/944c468b52727d644e83533e14338bba/execute/async - {"script":"<script> [6424 bytes]","args":[{"element-6066-11e4-a52e-4f735466cecf":"f.BAEEFAFD8CEA53EE1C71283608A3603D.d.E5B9DACCF5F41315D01D61CD92B9DCB2.e.286"},"getTitle",[]]}
COMMAND: POST /session/944c468b52727d644e83533e14338bba/execute/async - {"script":"<script> [1562 bytes]","args":[{"selector":{"id":"shellAppTitle"},"wdio_ui5_key":"shellAppTitle"}]}
RESULT: {"script":"<script> [1562 bytes]","args":[{"selector":{"id":"shellAppTitle"},"wdio_ui5_key":"shellAppTitle"}]}
COMMAND: POST /session/944c468b52727d644e83533e14338bba/execute/async - {"script":"<script> [6424 bytes]","args":[{"element-6066-11e4-a52e-4f735466cecf":"f.BAEEFAFD8CEA53EE1C71283608A3603D.d.E5B9DACCF5F41315D01D61CD92B9DCB2.e.1094"},"getTitle",[]]}
RESULT: {"script":"<script> [6424 bytes]","args":[{"element-6066-11e4-a52e-4f735466cecf":"f.BAEEFAFD8CEA53EE1C71283608A3603D.d.E5B9DACCF5F41315D01D61CD92B9DCB2.e.1094"},"getTitle",[]]}
RESULT: undefined
COMMAND: POST /session/944c468b52727d644e83533e14338bba/element/f.BAEEFAFD8CEA53EE1C71283608A3603D.d.E5B9DACCF5F41315D01D61CD92B9DCB2.e.803/click - {}
COMMAND: POST /session/944c468b52727d644e83533e14338bba/element - {"using":"xpath","value":"//*[@id=\"backBtn\"]"}
RESULT: {"using":"xpath","value":"//*[@id=\"backBtn\"]"}
COMMAND: POST /session/944c468b52727d644e83533e14338bba/element/f.BAEEFAFD8CEA53EE1C71283608A3603D.d.E5B9DACCF5F41315D01D61CD92B9DCB2.e.803/click - {}
COMMAND: POST /session/944c468b52727d644e83533e14338bba/element - {"using":"xpath","value":"//*[@id=\"backBtn\"]"}
RESULT: {"using":"xpath","value":"//*[@id=\"backBtn\"]"}
COMMAND: POST /session/944c468b52727d644e83533e14338bba/element/f.BAEEFAFD8CEA53EE1C71283608A3603D.d.E5B9DACCF5F41315D01D61CD92B9DCB2.e.1095/click - {}
RESULT: {}
COMMAND: GET /session/944c468b52727d644e83533e14338bba/screenshot - {}
RESULT: {}
]]></system-out>
    </testcase>
    <testcase classname="chrome.136_0_7103_93.windows.Sanity_Tests_US104253" name="Should open Manage Yards page" time="36.721">
      <system-out><![CDATA[
COMMAND: POST /session/944c468b52727d644e83533e14338bba/execute/async - {"script":"<script> [1562 bytes]","args":[{"selector":{"controlType":"sap.m.GenericTile","properties":{"header":"Manage Yards"}},"wdio_ui5_key":"sapm.GenericTile{\"header\":\"Manage Yards\"}"}]}
RESULT: {"script":"<script> [1562 bytes]","args":[{"selector":{"controlType":"sap.m.GenericTile","properties":{"header":"Manage Yards"}},"wdio_ui5_key":"sapm.GenericTile{\"header\":\"Manage Yards\"}"}]}
RESULT: undefined
COMMAND: POST /session/944c468b52727d644e83533e14338bba/element - {"using":"xpath","value":"//*[@id=\"__tile41\"]"}
RESULT: {"using":"xpath","value":"//*[@id=\"__tile41\"]"}
COMMAND: POST /session/944c468b52727d644e83533e14338bba/element/f.BAEEFAFD8CEA53EE1C71283608A3603D.d.E5B9DACCF5F41315D01D61CD92B9DCB2.e.1097/click - {}
RESULT: {}
COMMAND: GET /session/944c468b52727d644e83533e14338bba/screenshot - {}
RESULT: {}
COMMAND: POST /session/944c468b52727d644e83533e14338bba/elements - {"using":"xpath","value":"//span[text()='Error']"}
RESULT: {"using":"xpath","value":"//span[text()='Error']"}
RESULT: undefined
COMMAND: POST /session/944c468b52727d644e83533e14338bba/element - {"using":"xpath","value":"//*[@id=\"__tile41\"]"}
RESULT: {"using":"xpath","value":"//*[@id=\"__tile41\"]"}
COMMAND: POST /session/944c468b52727d644e83533e14338bba/element/f.BAEEFAFD8CEA53EE1C71283608A3603D.d.E5B9DACCF5F41315D01D61CD92B9DCB2.e.1097/click - {}
RESULT: undefined
COMMAND: POST /session/944c468b52727d644e83533e14338bba/element - {"using":"xpath","value":"//*[@id=\"__tile41\"]"}
RESULT: {"using":"xpath","value":"//*[@id=\"__tile41\"]"}
COMMAND: POST /session/944c468b52727d644e83533e14338bba/element/f.BAEEFAFD8CEA53EE1C71283608A3603D.d.E5B9DACCF5F41315D01D61CD92B9DCB2.e.1097/click - {}
RESULT: undefined
COMMAND: POST /session/944c468b52727d644e83533e14338bba/execute/async - {"script":"<script> [6424 bytes]","args":[{"element-6066-11e4-a52e-4f735466cecf":"f.BAEEFAFD8CEA53EE1C71283608A3603D.d.E5B9DACCF5F41315D01D61CD92B9DCB2.e.286"},"getTitle",[]]}
COMMAND: POST /session/944c468b52727d644e83533e14338bba/execute/async - {"script":"<script> [1562 bytes]","args":[{"selector":{"id":"shellAppTitle"},"wdio_ui5_key":"shellAppTitle"}]}
RESULT: {"script":"<script> [1562 bytes]","args":[{"selector":{"id":"shellAppTitle"},"wdio_ui5_key":"shellAppTitle"}]}
COMMAND: POST /session/944c468b52727d644e83533e14338bba/execute/async - {"script":"<script> [6424 bytes]","args":[{"element-6066-11e4-a52e-4f735466cecf":"f.BAEEFAFD8CEA53EE1C71283608A3603D.d.E5B9DACCF5F41315D01D61CD92B9DCB2.e.1280"},"getTitle",[]]}
RESULT: {"script":"<script> [6424 bytes]","args":[{"element-6066-11e4-a52e-4f735466cecf":"f.BAEEFAFD8CEA53EE1C71283608A3603D.d.E5B9DACCF5F41315D01D61CD92B9DCB2.e.1280"},"getTitle",[]]}
RESULT: undefined
COMMAND: POST /session/944c468b52727d644e83533e14338bba/element/f.BAEEFAFD8CEA53EE1C71283608A3603D.d.E5B9DACCF5F41315D01D61CD92B9DCB2.e.1095/click - {}
RESULT: {}
COMMAND: GET /session/944c468b52727d644e83533e14338bba/screenshot - {}
RESULT: {}
]]></system-out>
    </testcase>
    <testcase classname="chrome.136_0_7103_93.windows.Sanity_Tests_US104253" name="Should open Manage Requests page" time="39.719">
      <system-out><![CDATA[
COMMAND: POST /session/944c468b52727d644e83533e14338bba/execute/async - {"script":"<script> [1562 bytes]","args":[{"selector":{"controlType":"sap.m.GenericTile","properties":{"header":"Manage Requests"}},"wdio_ui5_key":"sapm.GenericTile{\"header\":\"Manage Requests\"}"}]}
RESULT: {"script":"<script> [1562 bytes]","args":[{"selector":{"controlType":"sap.m.GenericTile","properties":{"header":"Manage Requests"}},"wdio_ui5_key":"sapm.GenericTile{\"header\":\"Manage Requests\"}"}]}
RESULT: undefined
COMMAND: POST /session/944c468b52727d644e83533e14338bba/element - {"using":"xpath","value":"//*[@id=\"__tile47\"]"}
RESULT: {"using":"xpath","value":"//*[@id=\"__tile47\"]"}
COMMAND: POST /session/944c468b52727d644e83533e14338bba/element/f.BAEEFAFD8CEA53EE1C71283608A3603D.d.E5B9DACCF5F41315D01D61CD92B9DCB2.e.1282/click - {}
RESULT: {}
COMMAND: GET /session/944c468b52727d644e83533e14338bba/screenshot - {}
RESULT: {}
COMMAND: POST /session/944c468b52727d644e83533e14338bba/elements - {"using":"xpath","value":"//span[text()='Error']"}
RESULT: {"using":"xpath","value":"//span[text()='Error']"}
RESULT: undefined
COMMAND: POST /session/944c468b52727d644e83533e14338bba/element - {"using":"xpath","value":"//*[@id=\"__tile47\"]"}
RESULT: {"using":"xpath","value":"//*[@id=\"__tile47\"]"}
COMMAND: POST /session/944c468b52727d644e83533e14338bba/element/f.BAEEFAFD8CEA53EE1C71283608A3603D.d.E5B9DACCF5F41315D01D61CD92B9DCB2.e.1282/click - {}
RESULT: undefined
COMMAND: POST /session/944c468b52727d644e83533e14338bba/element - {"using":"xpath","value":"//*[@id=\"__tile47\"]"}
RESULT: {"using":"xpath","value":"//*[@id=\"__tile47\"]"}
COMMAND: POST /session/944c468b52727d644e83533e14338bba/element/f.BAEEFAFD8CEA53EE1C71283608A3603D.d.E5B9DACCF5F41315D01D61CD92B9DCB2.e.1282/click - {}
RESULT: undefined
COMMAND: POST /session/944c468b52727d644e83533e14338bba/execute/async - {"script":"<script> [6424 bytes]","args":[{"element-6066-11e4-a52e-4f735466cecf":"f.BAEEFAFD8CEA53EE1C71283608A3603D.d.E5B9DACCF5F41315D01D61CD92B9DCB2.e.286"},"getTitle",[]]}
COMMAND: POST /session/944c468b52727d644e83533e14338bba/execute/async - {"script":"<script> [1562 bytes]","args":[{"selector":{"id":"shellAppTitle"},"wdio_ui5_key":"shellAppTitle"}]}
RESULT: {"script":"<script> [1562 bytes]","args":[{"selector":{"id":"shellAppTitle"},"wdio_ui5_key":"shellAppTitle"}]}
COMMAND: POST /session/944c468b52727d644e83533e14338bba/execute/async - {"script":"<script> [6424 bytes]","args":[{"element-6066-11e4-a52e-4f735466cecf":"f.BAEEFAFD8CEA53EE1C71283608A3603D.d.E5B9DACCF5F41315D01D61CD92B9DCB2.e.1382"},"getTitle",[]]}
RESULT: {"script":"<script> [6424 bytes]","args":[{"element-6066-11e4-a52e-4f735466cecf":"f.BAEEFAFD8CEA53EE1C71283608A3603D.d.E5B9DACCF5F41315D01D61CD92B9DCB2.e.1382"},"getTitle",[]]}
RESULT: undefined
COMMAND: POST /session/944c468b52727d644e83533e14338bba/element/f.BAEEFAFD8CEA53EE1C71283608A3603D.d.E5B9DACCF5F41315D01D61CD92B9DCB2.e.1095/click - {}
COMMAND: POST /session/944c468b52727d644e83533e14338bba/element - {"using":"xpath","value":"//*[@id=\"backBtn\"]"}
RESULT: {"using":"xpath","value":"//*[@id=\"backBtn\"]"}
COMMAND: POST /session/944c468b52727d644e83533e14338bba/element/f.BAEEFAFD8CEA53EE1C71283608A3603D.d.E5B9DACCF5F41315D01D61CD92B9DCB2.e.1095/click - {}
COMMAND: POST /session/944c468b52727d644e83533e14338bba/element - {"using":"xpath","value":"//*[@id=\"backBtn\"]"}
RESULT: {"using":"xpath","value":"//*[@id=\"backBtn\"]"}
COMMAND: POST /session/944c468b52727d644e83533e14338bba/element/f.BAEEFAFD8CEA53EE1C71283608A3603D.d.E5B9DACCF5F41315D01D61CD92B9DCB2.e.1383/click - {}
RESULT: {}
COMMAND: GET /session/944c468b52727d644e83533e14338bba/screenshot - {}
RESULT: {}
]]></system-out>
    </testcase>
    <testcase classname="chrome.136_0_7103_93.windows.Sanity_Tests_US104253" name="Should open Manage Purchasing page" time="36.998">
      <system-out><![CDATA[
COMMAND: POST /session/944c468b52727d644e83533e14338bba/execute/async - {"script":"<script> [1562 bytes]","args":[{"selector":{"controlType":"sap.m.GenericTile","properties":{"header":"Manage Purchasing"}},"wdio_ui5_key":"sapm.GenericTile{\"header\":\"Manage Purchasing\"}"}]}
RESULT: {"script":"<script> [1562 bytes]","args":[{"selector":{"controlType":"sap.m.GenericTile","properties":{"header":"Manage Purchasing"}},"wdio_ui5_key":"sapm.GenericTile{\"header\":\"Manage Purchasing\"}"}]}
RESULT: undefined
COMMAND: POST /session/944c468b52727d644e83533e14338bba/element - {"using":"xpath","value":"//*[@id=\"__tile46\"]"}
RESULT: {"using":"xpath","value":"//*[@id=\"__tile46\"]"}
COMMAND: POST /session/944c468b52727d644e83533e14338bba/element/f.BAEEFAFD8CEA53EE1C71283608A3603D.d.E5B9DACCF5F41315D01D61CD92B9DCB2.e.1386/click - {}
RESULT: {}
COMMAND: GET /session/944c468b52727d644e83533e14338bba/screenshot - {}
RESULT: {}
COMMAND: POST /session/944c468b52727d644e83533e14338bba/elements - {"using":"xpath","value":"//span[text()='Error']"}
RESULT: {"using":"xpath","value":"//span[text()='Error']"}
RESULT: undefined
COMMAND: POST /session/944c468b52727d644e83533e14338bba/element - {"using":"xpath","value":"//*[@id=\"__tile46\"]"}
RESULT: {"using":"xpath","value":"//*[@id=\"__tile46\"]"}
COMMAND: POST /session/944c468b52727d644e83533e14338bba/element/f.BAEEFAFD8CEA53EE1C71283608A3603D.d.E5B9DACCF5F41315D01D61CD92B9DCB2.e.1386/click - {}
RESULT: undefined
COMMAND: POST /session/944c468b52727d644e83533e14338bba/element - {"using":"xpath","value":"//*[@id=\"__tile46\"]"}
RESULT: {"using":"xpath","value":"//*[@id=\"__tile46\"]"}
COMMAND: POST /session/944c468b52727d644e83533e14338bba/element/f.BAEEFAFD8CEA53EE1C71283608A3603D.d.E5B9DACCF5F41315D01D61CD92B9DCB2.e.1386/click - {}
RESULT: undefined
COMMAND: POST /session/944c468b52727d644e83533e14338bba/execute/async - {"script":"<script> [6424 bytes]","args":[{"element-6066-11e4-a52e-4f735466cecf":"f.BAEEFAFD8CEA53EE1C71283608A3603D.d.E5B9DACCF5F41315D01D61CD92B9DCB2.e.286"},"getTitle",[]]}
COMMAND: POST /session/944c468b52727d644e83533e14338bba/execute/async - {"script":"<script> [1562 bytes]","args":[{"selector":{"id":"shellAppTitle"},"wdio_ui5_key":"shellAppTitle"}]}
RESULT: {"script":"<script> [1562 bytes]","args":[{"selector":{"id":"shellAppTitle"},"wdio_ui5_key":"shellAppTitle"}]}
COMMAND: POST /session/944c468b52727d644e83533e14338bba/execute/async - {"script":"<script> [6424 bytes]","args":[{"element-6066-11e4-a52e-4f735466cecf":"f.BAEEFAFD8CEA53EE1C71283608A3603D.d.E5B9DACCF5F41315D01D61CD92B9DCB2.e.1464"},"getTitle",[]]}
RESULT: {"script":"<script> [6424 bytes]","args":[{"element-6066-11e4-a52e-4f735466cecf":"f.BAEEFAFD8CEA53EE1C71283608A3603D.d.E5B9DACCF5F41315D01D61CD92B9DCB2.e.1464"},"getTitle",[]]}
RESULT: undefined
COMMAND: POST /session/944c468b52727d644e83533e14338bba/element/f.BAEEFAFD8CEA53EE1C71283608A3603D.d.E5B9DACCF5F41315D01D61CD92B9DCB2.e.1383/click - {}
RESULT: {}
COMMAND: GET /session/944c468b52727d644e83533e14338bba/screenshot - {}
RESULT: {}
]]></system-out>
    </testcase>
    <testcase classname="chrome.136_0_7103_93.windows.Sanity_Tests_US104253" name="Should open Planning Board page" time="36.026">
      <system-out><![CDATA[
COMMAND: POST /session/944c468b52727d644e83533e14338bba/execute/async - {"script":"<script> [1562 bytes]","args":[{"selector":{"controlType":"sap.m.GenericTile","properties":{"header":"Planning Board"}},"wdio_ui5_key":"sapm.GenericTile{\"header\":\"Planning Board\"}"}]}
RESULT: {"script":"<script> [1562 bytes]","args":[{"selector":{"controlType":"sap.m.GenericTile","properties":{"header":"Planning Board"}},"wdio_ui5_key":"sapm.GenericTile{\"header\":\"Planning Board\"}"}]}
RESULT: undefined
COMMAND: POST /session/944c468b52727d644e83533e14338bba/element - {"using":"xpath","value":"//*[@id=\"__tile133\"]"}
RESULT: {"using":"xpath","value":"//*[@id=\"__tile133\"]"}
COMMAND: POST /session/944c468b52727d644e83533e14338bba/element/f.BAEEFAFD8CEA53EE1C71283608A3603D.d.E5B9DACCF5F41315D01D61CD92B9DCB2.e.1466/click - {}
RESULT: {}
COMMAND: GET /session/944c468b52727d644e83533e14338bba/screenshot - {}
RESULT: {}
COMMAND: POST /session/944c468b52727d644e83533e14338bba/elements - {"using":"xpath","value":"//span[text()='Error']"}
RESULT: {"using":"xpath","value":"//span[text()='Error']"}
RESULT: undefined
COMMAND: POST /session/944c468b52727d644e83533e14338bba/element - {"using":"xpath","value":"//*[@id=\"__tile133\"]"}
RESULT: {"using":"xpath","value":"//*[@id=\"__tile133\"]"}
COMMAND: POST /session/944c468b52727d644e83533e14338bba/element/f.BAEEFAFD8CEA53EE1C71283608A3603D.d.E5B9DACCF5F41315D01D61CD92B9DCB2.e.1466/click - {}
RESULT: undefined
COMMAND: POST /session/944c468b52727d644e83533e14338bba/element - {"using":"xpath","value":"//*[@id=\"__tile133\"]"}
RESULT: {"using":"xpath","value":"//*[@id=\"__tile133\"]"}
COMMAND: POST /session/944c468b52727d644e83533e14338bba/element/f.BAEEFAFD8CEA53EE1C71283608A3603D.d.E5B9DACCF5F41315D01D61CD92B9DCB2.e.1466/click - {}
RESULT: undefined
COMMAND: POST /session/944c468b52727d644e83533e14338bba/execute/async - {"script":"<script> [6424 bytes]","args":[{"element-6066-11e4-a52e-4f735466cecf":"f.BAEEFAFD8CEA53EE1C71283608A3603D.d.E5B9DACCF5F41315D01D61CD92B9DCB2.e.286"},"getTitle",[]]}
COMMAND: POST /session/944c468b52727d644e83533e14338bba/execute/async - {"script":"<script> [1562 bytes]","args":[{"selector":{"id":"shellAppTitle"},"wdio_ui5_key":"shellAppTitle"}]}
RESULT: {"script":"<script> [1562 bytes]","args":[{"selector":{"id":"shellAppTitle"},"wdio_ui5_key":"shellAppTitle"}]}
COMMAND: POST /session/944c468b52727d644e83533e14338bba/execute/async - {"script":"<script> [6424 bytes]","args":[{"element-6066-11e4-a52e-4f735466cecf":"f.BAEEFAFD8CEA53EE1C71283608A3603D.d.E5B9DACCF5F41315D01D61CD92B9DCB2.e.1513"},"getTitle",[]]}
RESULT: {"script":"<script> [6424 bytes]","args":[{"element-6066-11e4-a52e-4f735466cecf":"f.BAEEFAFD8CEA53EE1C71283608A3603D.d.E5B9DACCF5F41315D01D61CD92B9DCB2.e.1513"},"getTitle",[]]}
RESULT: undefined
COMMAND: POST /session/944c468b52727d644e83533e14338bba/element/f.BAEEFAFD8CEA53EE1C71283608A3603D.d.E5B9DACCF5F41315D01D61CD92B9DCB2.e.1383/click - {}
COMMAND: POST /session/944c468b52727d644e83533e14338bba/element/f.BAEEFAFD8CEA53EE1C71283608A3603D.d.E5B9DACCF5F41315D01D61CD92B9DCB2.e.1383/click - {}
COMMAND: POST /session/944c468b52727d644e83533e14338bba/element - {"using":"xpath","value":"//*[@id=\"backBtn\"]"}
COMMAND: POST /session/944c468b52727d644e83533e14338bba/element - {"using":"xpath","value":"//*[@id=\"backBtn\"]"}
RESULT: {"using":"xpath","value":"//*[@id=\"backBtn\"]"}
COMMAND: POST /session/944c468b52727d644e83533e14338bba/element/f.BAEEFAFD8CEA53EE1C71283608A3603D.d.E5B9DACCF5F41315D01D61CD92B9DCB2.e.1383/click - {}
RESULT: {"using":"xpath","value":"//*[@id=\"backBtn\"]"}
COMMAND: POST /session/944c468b52727d644e83533e14338bba/element/f.BAEEFAFD8CEA53EE1C71283608A3603D.d.E5B9DACCF5F41315D01D61CD92B9DCB2.e.1383/click - {}
COMMAND: POST /session/944c468b52727d644e83533e14338bba/element - {"using":"xpath","value":"//*[@id=\"backBtn\"]"}
COMMAND: POST /session/944c468b52727d644e83533e14338bba/element - {"using":"xpath","value":"//*[@id=\"backBtn\"]"}
RESULT: {"using":"xpath","value":"//*[@id=\"backBtn\"]"}
COMMAND: POST /session/944c468b52727d644e83533e14338bba/element/f.BAEEFAFD8CEA53EE1C71283608A3603D.d.E5B9DACCF5F41315D01D61CD92B9DCB2.e.1514/click - {}
RESULT: {"using":"xpath","value":"//*[@id=\"backBtn\"]"}
COMMAND: POST /session/944c468b52727d644e83533e14338bba/element/f.BAEEFAFD8CEA53EE1C71283608A3603D.d.E5B9DACCF5F41315D01D61CD92B9DCB2.e.1514/click - {}
RESULT: {}
COMMAND: GET /session/944c468b52727d644e83533e14338bba/screenshot - {}
RESULT: {}
COMMAND: GET /session/944c468b52727d644e83533e14338bba/screenshot - {}
RESULT: {}
RESULT: {}
]]></system-out>
    </testcase>
    <testcase classname="chrome.136_0_7103_93.windows.Sanity_Tests_US104253" name="Should open Manage Contracts page" time="36.125">
      <system-out><![CDATA[
COMMAND: POST /session/944c468b52727d644e83533e14338bba/execute/async - {"script":"<script> [1562 bytes]","args":[{"selector":{"controlType":"sap.m.GenericTile","properties":{"header":"Manage Contracts"}},"wdio_ui5_key":"sapm.GenericTile{\"header\":\"Manage Contracts\"}"}]}
RESULT: {"script":"<script> [1562 bytes]","args":[{"selector":{"controlType":"sap.m.GenericTile","properties":{"header":"Manage Contracts"}},"wdio_ui5_key":"sapm.GenericTile{\"header\":\"Manage Contracts\"}"}]}
RESULT: undefined
COMMAND: POST /session/944c468b52727d644e83533e14338bba/element - {"using":"xpath","value":"//*[@id=\"__tile130\"]"}
RESULT: {"using":"xpath","value":"//*[@id=\"__tile130\"]"}
COMMAND: POST /session/944c468b52727d644e83533e14338bba/element/f.BAEEFAFD8CEA53EE1C71283608A3603D.d.E5B9DACCF5F41315D01D61CD92B9DCB2.e.1516/click - {}
RESULT: {}
COMMAND: GET /session/944c468b52727d644e83533e14338bba/screenshot - {}
RESULT: {}
COMMAND: POST /session/944c468b52727d644e83533e14338bba/elements - {"using":"xpath","value":"//span[text()='Error']"}
RESULT: {"using":"xpath","value":"//span[text()='Error']"}
RESULT: undefined
COMMAND: POST /session/944c468b52727d644e83533e14338bba/element - {"using":"xpath","value":"//*[@id=\"__tile130\"]"}
RESULT: {"using":"xpath","value":"//*[@id=\"__tile130\"]"}
COMMAND: POST /session/944c468b52727d644e83533e14338bba/element/f.BAEEFAFD8CEA53EE1C71283608A3603D.d.E5B9DACCF5F41315D01D61CD92B9DCB2.e.1516/click - {}
RESULT: undefined
COMMAND: POST /session/944c468b52727d644e83533e14338bba/element - {"using":"xpath","value":"//*[@id=\"__tile130\"]"}
RESULT: {"using":"xpath","value":"//*[@id=\"__tile130\"]"}
COMMAND: POST /session/944c468b52727d644e83533e14338bba/element/f.BAEEFAFD8CEA53EE1C71283608A3603D.d.E5B9DACCF5F41315D01D61CD92B9DCB2.e.1516/click - {}
RESULT: undefined
COMMAND: POST /session/944c468b52727d644e83533e14338bba/execute/async - {"script":"<script> [6424 bytes]","args":[{"element-6066-11e4-a52e-4f735466cecf":"f.BAEEFAFD8CEA53EE1C71283608A3603D.d.E5B9DACCF5F41315D01D61CD92B9DCB2.e.286"},"getTitle",[]]}
COMMAND: POST /session/944c468b52727d644e83533e14338bba/execute/async - {"script":"<script> [1562 bytes]","args":[{"selector":{"id":"shellAppTitle"},"wdio_ui5_key":"shellAppTitle"}]}
RESULT: {"script":"<script> [1562 bytes]","args":[{"selector":{"id":"shellAppTitle"},"wdio_ui5_key":"shellAppTitle"}]}
COMMAND: POST /session/944c468b52727d644e83533e14338bba/execute/async - {"script":"<script> [6424 bytes]","args":[{"element-6066-11e4-a52e-4f735466cecf":"f.BAEEFAFD8CEA53EE1C71283608A3603D.d.E5B9DACCF5F41315D01D61CD92B9DCB2.e.1589"},"getTitle",[]]}
RESULT: {"script":"<script> [6424 bytes]","args":[{"element-6066-11e4-a52e-4f735466cecf":"f.BAEEFAFD8CEA53EE1C71283608A3603D.d.E5B9DACCF5F41315D01D61CD92B9DCB2.e.1589"},"getTitle",[]]}
RESULT: undefined
COMMAND: POST /session/944c468b52727d644e83533e14338bba/element/f.BAEEFAFD8CEA53EE1C71283608A3603D.d.E5B9DACCF5F41315D01D61CD92B9DCB2.e.1514/click - {}
RESULT: {}
COMMAND: GET /session/944c468b52727d644e83533e14338bba/screenshot - {}
RESULT: {}
]]></system-out>
    </testcase>
    <testcase classname="chrome.136_0_7103_93.windows.Sanity_Tests_US104253" name="Should open Manage Quotations page" time="38.189">
      <system-out><![CDATA[
COMMAND: POST /session/944c468b52727d644e83533e14338bba/execute/async - {"script":"<script> [1562 bytes]","args":[{"selector":{"controlType":"sap.m.GenericTile","properties":{"header":"Manage Quotations"}},"wdio_ui5_key":"sapm.GenericTile{\"header\":\"Manage Quotations\"}"}]}
RESULT: {"script":"<script> [1562 bytes]","args":[{"selector":{"controlType":"sap.m.GenericTile","properties":{"header":"Manage Quotations"}},"wdio_ui5_key":"sapm.GenericTile{\"header\":\"Manage Quotations\"}"}]}
RESULT: undefined
COMMAND: POST /session/944c468b52727d644e83533e14338bba/element - {"using":"xpath","value":"//*[@id=\"__tile131\"]"}
RESULT: {"using":"xpath","value":"//*[@id=\"__tile131\"]"}
COMMAND: POST /session/944c468b52727d644e83533e14338bba/element/f.BAEEFAFD8CEA53EE1C71283608A3603D.d.E5B9DACCF5F41315D01D61CD92B9DCB2.e.1591/click - {}
RESULT: {}
COMMAND: GET /session/944c468b52727d644e83533e14338bba/screenshot - {}
RESULT: {}
COMMAND: POST /session/944c468b52727d644e83533e14338bba/elements - {"using":"xpath","value":"//span[text()='Error']"}
RESULT: {"using":"xpath","value":"//span[text()='Error']"}
RESULT: undefined
COMMAND: POST /session/944c468b52727d644e83533e14338bba/element - {"using":"xpath","value":"//*[@id=\"__tile131\"]"}
RESULT: {"using":"xpath","value":"//*[@id=\"__tile131\"]"}
COMMAND: POST /session/944c468b52727d644e83533e14338bba/element/f.BAEEFAFD8CEA53EE1C71283608A3603D.d.E5B9DACCF5F41315D01D61CD92B9DCB2.e.1591/click - {}
RESULT: undefined
COMMAND: POST /session/944c468b52727d644e83533e14338bba/element - {"using":"xpath","value":"//*[@id=\"__tile131\"]"}
RESULT: {"using":"xpath","value":"//*[@id=\"__tile131\"]"}
COMMAND: POST /session/944c468b52727d644e83533e14338bba/element/f.BAEEFAFD8CEA53EE1C71283608A3603D.d.E5B9DACCF5F41315D01D61CD92B9DCB2.e.1591/click - {}
RESULT: undefined
COMMAND: POST /session/944c468b52727d644e83533e14338bba/execute/async - {"script":"<script> [6424 bytes]","args":[{"element-6066-11e4-a52e-4f735466cecf":"f.BAEEFAFD8CEA53EE1C71283608A3603D.d.E5B9DACCF5F41315D01D61CD92B9DCB2.e.286"},"getTitle",[]]}
COMMAND: POST /session/944c468b52727d644e83533e14338bba/execute/async - {"script":"<script> [1562 bytes]","args":[{"selector":{"id":"shellAppTitle"},"wdio_ui5_key":"shellAppTitle"}]}
RESULT: {"script":"<script> [1562 bytes]","args":[{"selector":{"id":"shellAppTitle"},"wdio_ui5_key":"shellAppTitle"}]}
COMMAND: POST /session/944c468b52727d644e83533e14338bba/execute/async - {"script":"<script> [6424 bytes]","args":[{"element-6066-11e4-a52e-4f735466cecf":"f.BAEEFAFD8CEA53EE1C71283608A3603D.d.E5B9DACCF5F41315D01D61CD92B9DCB2.e.1664"},"getTitle",[]]}
RESULT: {"script":"<script> [6424 bytes]","args":[{"element-6066-11e4-a52e-4f735466cecf":"f.BAEEFAFD8CEA53EE1C71283608A3603D.d.E5B9DACCF5F41315D01D61CD92B9DCB2.e.1664"},"getTitle",[]]}
RESULT: undefined
COMMAND: POST /session/944c468b52727d644e83533e14338bba/element/f.BAEEFAFD8CEA53EE1C71283608A3603D.d.E5B9DACCF5F41315D01D61CD92B9DCB2.e.1514/click - {}
COMMAND: POST /session/944c468b52727d644e83533e14338bba/element - {"using":"xpath","value":"//*[@id=\"backBtn\"]"}
RESULT: {"using":"xpath","value":"//*[@id=\"backBtn\"]"}
COMMAND: POST /session/944c468b52727d644e83533e14338bba/element/f.BAEEFAFD8CEA53EE1C71283608A3603D.d.E5B9DACCF5F41315D01D61CD92B9DCB2.e.1514/click - {}
COMMAND: POST /session/944c468b52727d644e83533e14338bba/element - {"using":"xpath","value":"//*[@id=\"backBtn\"]"}
RESULT: {"using":"xpath","value":"//*[@id=\"backBtn\"]"}
COMMAND: POST /session/944c468b52727d644e83533e14338bba/element/f.BAEEFAFD8CEA53EE1C71283608A3603D.d.E5B9DACCF5F41315D01D61CD92B9DCB2.e.1665/click - {}
RESULT: {}
COMMAND: GET /session/944c468b52727d644e83533e14338bba/screenshot - {}
RESULT: {}
]]></system-out>
    </testcase>
    <testcase classname="chrome.136_0_7103_93.windows.Sanity_Tests_US104253" name="Should open Manage Handovers page" time="37.011">
      <system-out><![CDATA[
COMMAND: POST /session/944c468b52727d644e83533e14338bba/execute/async - {"script":"<script> [1562 bytes]","args":[{"selector":{"controlType":"sap.m.GenericTile","properties":{"header":"Manage Handovers"}},"wdio_ui5_key":"sapm.GenericTile{\"header\":\"Manage Handovers\"}"}]}
RESULT: {"script":"<script> [1562 bytes]","args":[{"selector":{"controlType":"sap.m.GenericTile","properties":{"header":"Manage Handovers"}},"wdio_ui5_key":"sapm.GenericTile{\"header\":\"Manage Handovers\"}"}]}
RESULT: undefined
COMMAND: POST /session/944c468b52727d644e83533e14338bba/element - {"using":"xpath","value":"//*[@id=\"__tile132\"]"}
RESULT: {"using":"xpath","value":"//*[@id=\"__tile132\"]"}
COMMAND: POST /session/944c468b52727d644e83533e14338bba/element/f.BAEEFAFD8CEA53EE1C71283608A3603D.d.E5B9DACCF5F41315D01D61CD92B9DCB2.e.1667/click - {}
RESULT: {}
COMMAND: GET /session/944c468b52727d644e83533e14338bba/screenshot - {}
RESULT: {}
COMMAND: POST /session/944c468b52727d644e83533e14338bba/elements - {"using":"xpath","value":"//span[text()='Error']"}
RESULT: {"using":"xpath","value":"//span[text()='Error']"}
RESULT: undefined
COMMAND: POST /session/944c468b52727d644e83533e14338bba/element - {"using":"xpath","value":"//*[@id=\"__tile132\"]"}
RESULT: {"using":"xpath","value":"//*[@id=\"__tile132\"]"}
COMMAND: POST /session/944c468b52727d644e83533e14338bba/element/f.BAEEFAFD8CEA53EE1C71283608A3603D.d.E5B9DACCF5F41315D01D61CD92B9DCB2.e.1667/click - {}
RESULT: undefined
COMMAND: POST /session/944c468b52727d644e83533e14338bba/element - {"using":"xpath","value":"//*[@id=\"__tile132\"]"}
RESULT: {"using":"xpath","value":"//*[@id=\"__tile132\"]"}
COMMAND: POST /session/944c468b52727d644e83533e14338bba/element/f.BAEEFAFD8CEA53EE1C71283608A3603D.d.E5B9DACCF5F41315D01D61CD92B9DCB2.e.1667/click - {}
RESULT: undefined
COMMAND: POST /session/944c468b52727d644e83533e14338bba/execute/async - {"script":"<script> [6424 bytes]","args":[{"element-6066-11e4-a52e-4f735466cecf":"f.BAEEFAFD8CEA53EE1C71283608A3603D.d.E5B9DACCF5F41315D01D61CD92B9DCB2.e.286"},"getTitle",[]]}
COMMAND: POST /session/944c468b52727d644e83533e14338bba/execute/async - {"script":"<script> [1562 bytes]","args":[{"selector":{"id":"shellAppTitle"},"wdio_ui5_key":"shellAppTitle"}]}
RESULT: {"script":"<script> [1562 bytes]","args":[{"selector":{"id":"shellAppTitle"},"wdio_ui5_key":"shellAppTitle"}]}
COMMAND: POST /session/944c468b52727d644e83533e14338bba/execute/async - {"script":"<script> [6424 bytes]","args":[{"element-6066-11e4-a52e-4f735466cecf":"f.BAEEFAFD8CEA53EE1C71283608A3603D.d.E5B9DACCF5F41315D01D61CD92B9DCB2.e.1772"},"getTitle",[]]}
RESULT: {"script":"<script> [6424 bytes]","args":[{"element-6066-11e4-a52e-4f735466cecf":"f.BAEEFAFD8CEA53EE1C71283608A3603D.d.E5B9DACCF5F41315D01D61CD92B9DCB2.e.1772"},"getTitle",[]]}
RESULT: undefined
COMMAND: POST /session/944c468b52727d644e83533e14338bba/element/f.BAEEFAFD8CEA53EE1C71283608A3603D.d.E5B9DACCF5F41315D01D61CD92B9DCB2.e.1665/click - {}
RESULT: {}
COMMAND: GET /session/944c468b52727d644e83533e14338bba/screenshot - {}
RESULT: {}
]]></system-out>
    </testcase>
    <testcase classname="chrome.136_0_7103_93.windows.Sanity_Tests_US104253" name="Should open Delivery Monitor page" time="42.258">
      <system-out><![CDATA[
COMMAND: POST /session/944c468b52727d644e83533e14338bba/execute/async - {"script":"<script> [1562 bytes]","args":[{"selector":{"controlType":"sap.m.GenericTile","properties":{"header":"Delivery Monitor"}},"wdio_ui5_key":"sapm.GenericTile{\"header\":\"Delivery Monitor\"}"}]}
RESULT: {"script":"<script> [1562 bytes]","args":[{"selector":{"controlType":"sap.m.GenericTile","properties":{"header":"Delivery Monitor"}},"wdio_ui5_key":"sapm.GenericTile{\"header\":\"Delivery Monitor\"}"}]}
RESULT: undefined
COMMAND: POST /session/944c468b52727d644e83533e14338bba/element - {"using":"xpath","value":"//*[@id=\"__tile43\"]"}
RESULT: {"using":"xpath","value":"//*[@id=\"__tile43\"]"}
COMMAND: POST /session/944c468b52727d644e83533e14338bba/element/f.BAEEFAFD8CEA53EE1C71283608A3603D.d.E5B9DACCF5F41315D01D61CD92B9DCB2.e.1774/click - {}
RESULT: {}
COMMAND: GET /session/944c468b52727d644e83533e14338bba/screenshot - {}
RESULT: {}
COMMAND: POST /session/944c468b52727d644e83533e14338bba/elements - {"using":"xpath","value":"//span[text()='Error']"}
RESULT: {"using":"xpath","value":"//span[text()='Error']"}
RESULT: undefined
COMMAND: POST /session/944c468b52727d644e83533e14338bba/element - {"using":"xpath","value":"//*[@id=\"__tile43\"]"}
RESULT: {"using":"xpath","value":"//*[@id=\"__tile43\"]"}
COMMAND: POST /session/944c468b52727d644e83533e14338bba/element/f.BAEEFAFD8CEA53EE1C71283608A3603D.d.E5B9DACCF5F41315D01D61CD92B9DCB2.e.1774/click - {}
RESULT: undefined
COMMAND: POST /session/944c468b52727d644e83533e14338bba/element - {"using":"xpath","value":"//*[@id=\"__tile43\"]"}
RESULT: {"using":"xpath","value":"//*[@id=\"__tile43\"]"}
COMMAND: POST /session/944c468b52727d644e83533e14338bba/element/f.BAEEFAFD8CEA53EE1C71283608A3603D.d.E5B9DACCF5F41315D01D61CD92B9DCB2.e.1774/click - {}
RESULT: undefined
COMMAND: POST /session/944c468b52727d644e83533e14338bba/execute/async - {"script":"<script> [6424 bytes]","args":[{"element-6066-11e4-a52e-4f735466cecf":"f.BAEEFAFD8CEA53EE1C71283608A3603D.d.E5B9DACCF5F41315D01D61CD92B9DCB2.e.286"},"getTitle",[]]}
COMMAND: POST /session/944c468b52727d644e83533e14338bba/execute/async - {"script":"<script> [1562 bytes]","args":[{"selector":{"id":"shellAppTitle"},"wdio_ui5_key":"shellAppTitle"}]}
RESULT: {"script":"<script> [1562 bytes]","args":[{"selector":{"id":"shellAppTitle"},"wdio_ui5_key":"shellAppTitle"}]}
COMMAND: POST /session/944c468b52727d644e83533e14338bba/execute/async - {"script":"<script> [6424 bytes]","args":[{"element-6066-11e4-a52e-4f735466cecf":"f.BAEEFAFD8CEA53EE1C71283608A3603D.d.E5B9DACCF5F41315D01D61CD92B9DCB2.e.1885"},"getTitle",[]]}
RESULT: {"script":"<script> [6424 bytes]","args":[{"element-6066-11e4-a52e-4f735466cecf":"f.BAEEFAFD8CEA53EE1C71283608A3603D.d.E5B9DACCF5F41315D01D61CD92B9DCB2.e.1885"},"getTitle",[]]}
RESULT: undefined
COMMAND: POST /session/944c468b52727d644e83533e14338bba/element/f.BAEEFAFD8CEA53EE1C71283608A3603D.d.E5B9DACCF5F41315D01D61CD92B9DCB2.e.1665/click - {}
COMMAND: POST /session/944c468b52727d644e83533e14338bba/element - {"using":"xpath","value":"//*[@id=\"backBtn\"]"}
RESULT: {"using":"xpath","value":"//*[@id=\"backBtn\"]"}
COMMAND: POST /session/944c468b52727d644e83533e14338bba/element/f.BAEEFAFD8CEA53EE1C71283608A3603D.d.E5B9DACCF5F41315D01D61CD92B9DCB2.e.1665/click - {}
COMMAND: POST /session/944c468b52727d644e83533e14338bba/element - {"using":"xpath","value":"//*[@id=\"backBtn\"]"}
RESULT: {"using":"xpath","value":"//*[@id=\"backBtn\"]"}
COMMAND: POST /session/944c468b52727d644e83533e14338bba/element/f.BAEEFAFD8CEA53EE1C71283608A3603D.d.E5B9DACCF5F41315D01D61CD92B9DCB2.e.1886/click - {}
RESULT: {}
COMMAND: GET /session/944c468b52727d644e83533e14338bba/screenshot - {}
RESULT: {}
]]></system-out>
    </testcase>
    <testcase classname="chrome.136_0_7103_93.windows.Sanity_Tests_US104253" name="Should open Manage Calendar Exceptions page" time="36.388">
      <system-out><![CDATA[
COMMAND: POST /session/944c468b52727d644e83533e14338bba/execute/async - {"script":"<script> [1562 bytes]","args":[{"selector":{"controlType":"sap.m.GenericTile","properties":{"header":"Manage Calendar Exceptions"}},"wdio_ui5_key":"sapm.GenericTile{\"header\":\"Manage Calendar Exceptions\"}"}]}
RESULT: {"script":"<script> [1562 bytes]","args":[{"selector":{"controlType":"sap.m.GenericTile","properties":{"header":"Manage Calendar Exceptions"}},"wdio_ui5_key":"sapm.GenericTile{\"header\":\"Manage Calendar Exceptions\"}"}]}
RESULT: undefined
COMMAND: POST /session/944c468b52727d644e83533e14338bba/element - {"using":"xpath","value":"//*[@id=\"__tile52\"]"}
RESULT: {"using":"xpath","value":"//*[@id=\"__tile52\"]"}
COMMAND: POST /session/944c468b52727d644e83533e14338bba/element/f.BAEEFAFD8CEA53EE1C71283608A3603D.d.E5B9DACCF5F41315D01D61CD92B9DCB2.e.1888/click - {}
RESULT: {}
COMMAND: GET /session/944c468b52727d644e83533e14338bba/screenshot - {}
RESULT: {}
COMMAND: POST /session/944c468b52727d644e83533e14338bba/elements - {"using":"xpath","value":"//span[text()='Error']"}
RESULT: {"using":"xpath","value":"//span[text()='Error']"}
RESULT: undefined
COMMAND: POST /session/944c468b52727d644e83533e14338bba/element - {"using":"xpath","value":"//*[@id=\"__tile52\"]"}
RESULT: {"using":"xpath","value":"//*[@id=\"__tile52\"]"}
COMMAND: POST /session/944c468b52727d644e83533e14338bba/element/f.BAEEFAFD8CEA53EE1C71283608A3603D.d.E5B9DACCF5F41315D01D61CD92B9DCB2.e.1888/click - {}
RESULT: undefined
COMMAND: POST /session/944c468b52727d644e83533e14338bba/element - {"using":"xpath","value":"//*[@id=\"__tile52\"]"}
RESULT: {"using":"xpath","value":"//*[@id=\"__tile52\"]"}
COMMAND: POST /session/944c468b52727d644e83533e14338bba/element/f.BAEEFAFD8CEA53EE1C71283608A3603D.d.E5B9DACCF5F41315D01D61CD92B9DCB2.e.1888/click - {}
RESULT: undefined
COMMAND: POST /session/944c468b52727d644e83533e14338bba/execute/async - {"script":"<script> [6424 bytes]","args":[{"element-6066-11e4-a52e-4f735466cecf":"f.BAEEFAFD8CEA53EE1C71283608A3603D.d.E5B9DACCF5F41315D01D61CD92B9DCB2.e.286"},"getTitle",[]]}
COMMAND: POST /session/944c468b52727d644e83533e14338bba/execute/async - {"script":"<script> [1562 bytes]","args":[{"selector":{"id":"shellAppTitle"},"wdio_ui5_key":"shellAppTitle"}]}
RESULT: {"script":"<script> [1562 bytes]","args":[{"selector":{"id":"shellAppTitle"},"wdio_ui5_key":"shellAppTitle"}]}
COMMAND: POST /session/944c468b52727d644e83533e14338bba/execute/async - {"script":"<script> [6424 bytes]","args":[{"element-6066-11e4-a52e-4f735466cecf":"f.BAEEFAFD8CEA53EE1C71283608A3603D.d.E5B9DACCF5F41315D01D61CD92B9DCB2.e.1942"},"getTitle",[]]}
RESULT: {"script":"<script> [6424 bytes]","args":[{"element-6066-11e4-a52e-4f735466cecf":"f.BAEEFAFD8CEA53EE1C71283608A3603D.d.E5B9DACCF5F41315D01D61CD92B9DCB2.e.1942"},"getTitle",[]]}
RESULT: undefined
COMMAND: POST /session/944c468b52727d644e83533e14338bba/element/f.BAEEFAFD8CEA53EE1C71283608A3603D.d.E5B9DACCF5F41315D01D61CD92B9DCB2.e.1886/click - {}
RESULT: {}
COMMAND: GET /session/944c468b52727d644e83533e14338bba/screenshot - {}
RESULT: {}
]]></system-out>
    </testcase>
    <testcase classname="chrome.136_0_7103_93.windows.Sanity_Tests_US104253" name="Should open Manage States Performance page" time="37.23">
      <system-out><![CDATA[
COMMAND: POST /session/944c468b52727d644e83533e14338bba/execute/async - {"script":"<script> [1562 bytes]","args":[{"selector":{"controlType":"sap.m.GenericTile","properties":{"header":"Manage States & Performance"}},"wdio_ui5_key":"sapm.GenericTile{\"header\":\"Manage States & Performance\"}"}]}
RESULT: {"script":"<script> [1562 bytes]","args":[{"selector":{"controlType":"sap.m.GenericTile","properties":{"header":"Manage States & Performance"}},"wdio_ui5_key":"sapm.GenericTile{\"header\":\"Manage States & Performance\"}"}]}
RESULT: undefined
COMMAND: POST /session/944c468b52727d644e83533e14338bba/element - {"using":"xpath","value":"//*[@id=\"__tile56\"]"}
RESULT: {"using":"xpath","value":"//*[@id=\"__tile56\"]"}
COMMAND: POST /session/944c468b52727d644e83533e14338bba/element/f.BAEEFAFD8CEA53EE1C71283608A3603D.d.E5B9DACCF5F41315D01D61CD92B9DCB2.e.1946/click - {}
RESULT: {}
COMMAND: GET /session/944c468b52727d644e83533e14338bba/screenshot - {}
RESULT: {}
COMMAND: POST /session/944c468b52727d644e83533e14338bba/elements - {"using":"xpath","value":"//span[text()='Error']"}
RESULT: {"using":"xpath","value":"//span[text()='Error']"}
RESULT: undefined
COMMAND: POST /session/944c468b52727d644e83533e14338bba/element - {"using":"xpath","value":"//*[@id=\"__tile56\"]"}
RESULT: {"using":"xpath","value":"//*[@id=\"__tile56\"]"}
COMMAND: POST /session/944c468b52727d644e83533e14338bba/element/f.BAEEFAFD8CEA53EE1C71283608A3603D.d.E5B9DACCF5F41315D01D61CD92B9DCB2.e.1946/click - {}
RESULT: undefined
COMMAND: POST /session/944c468b52727d644e83533e14338bba/element - {"using":"xpath","value":"//*[@id=\"__tile56\"]"}
RESULT: {"using":"xpath","value":"//*[@id=\"__tile56\"]"}
COMMAND: POST /session/944c468b52727d644e83533e14338bba/element/f.BAEEFAFD8CEA53EE1C71283608A3603D.d.E5B9DACCF5F41315D01D61CD92B9DCB2.e.1946/click - {}
RESULT: undefined
COMMAND: POST /session/944c468b52727d644e83533e14338bba/execute/async - {"script":"<script> [6424 bytes]","args":[{"element-6066-11e4-a52e-4f735466cecf":"f.BAEEFAFD8CEA53EE1C71283608A3603D.d.E5B9DACCF5F41315D01D61CD92B9DCB2.e.286"},"getTitle",[]]}
COMMAND: POST /session/944c468b52727d644e83533e14338bba/execute/async - {"script":"<script> [1562 bytes]","args":[{"selector":{"id":"shellAppTitle"},"wdio_ui5_key":"shellAppTitle"}]}
RESULT: {"script":"<script> [1562 bytes]","args":[{"selector":{"id":"shellAppTitle"},"wdio_ui5_key":"shellAppTitle"}]}
COMMAND: POST /session/944c468b52727d644e83533e14338bba/execute/async - {"script":"<script> [6424 bytes]","args":[{"element-6066-11e4-a52e-4f735466cecf":"f.BAEEFAFD8CEA53EE1C71283608A3603D.d.E5B9DACCF5F41315D01D61CD92B9DCB2.e.2039"},"getTitle",[]]}
RESULT: {"script":"<script> [6424 bytes]","args":[{"element-6066-11e4-a52e-4f735466cecf":"f.BAEEFAFD8CEA53EE1C71283608A3603D.d.E5B9DACCF5F41315D01D61CD92B9DCB2.e.2039"},"getTitle",[]]}
RESULT: undefined
COMMAND: POST /session/944c468b52727d644e83533e14338bba/element/f.BAEEFAFD8CEA53EE1C71283608A3603D.d.E5B9DACCF5F41315D01D61CD92B9DCB2.e.1886/click - {}
COMMAND: POST /session/944c468b52727d644e83533e14338bba/element - {"using":"xpath","value":"//*[@id=\"backBtn\"]"}
RESULT: {"using":"xpath","value":"//*[@id=\"backBtn\"]"}
COMMAND: POST /session/944c468b52727d644e83533e14338bba/element/f.BAEEFAFD8CEA53EE1C71283608A3603D.d.E5B9DACCF5F41315D01D61CD92B9DCB2.e.1886/click - {}
COMMAND: POST /session/944c468b52727d644e83533e14338bba/element - {"using":"xpath","value":"//*[@id=\"backBtn\"]"}
RESULT: {"using":"xpath","value":"//*[@id=\"backBtn\"]"}
COMMAND: POST /session/944c468b52727d644e83533e14338bba/element/f.BAEEFAFD8CEA53EE1C71283608A3603D.d.E5B9DACCF5F41315D01D61CD92B9DCB2.e.2040/click - {}
RESULT: {}
COMMAND: GET /session/944c468b52727d644e83533e14338bba/screenshot - {}
RESULT: {}
]]></system-out>
    </testcase>
    <testcase classname="chrome.136_0_7103_93.windows.Sanity_Tests_US104253" name="Should open Manage Billings page" time="46.198">
      <system-out><![CDATA[
COMMAND: POST /session/944c468b52727d644e83533e14338bba/execute/async - {"script":"<script> [1562 bytes]","args":[{"selector":{"controlType":"sap.m.GenericTile","properties":{"header":"Manage Billings"}},"wdio_ui5_key":"sapm.GenericTile{\"header\":\"Manage Billings\"}"}]}
RESULT: {"script":"<script> [1562 bytes]","args":[{"selector":{"controlType":"sap.m.GenericTile","properties":{"header":"Manage Billings"}},"wdio_ui5_key":"sapm.GenericTile{\"header\":\"Manage Billings\"}"}]}
RESULT: undefined
COMMAND: POST /session/944c468b52727d644e83533e14338bba/element - {"using":"xpath","value":"//*[@id=\"__tile51\"]"}
RESULT: {"using":"xpath","value":"//*[@id=\"__tile51\"]"}
COMMAND: POST /session/944c468b52727d644e83533e14338bba/element/f.BAEEFAFD8CEA53EE1C71283608A3603D.d.E5B9DACCF5F41315D01D61CD92B9DCB2.e.2042/click - {}
RESULT: {}
COMMAND: GET /session/944c468b52727d644e83533e14338bba/screenshot - {}
RESULT: {}
COMMAND: POST /session/944c468b52727d644e83533e14338bba/elements - {"using":"xpath","value":"//span[text()='Error']"}
RESULT: {"using":"xpath","value":"//span[text()='Error']"}
RESULT: undefined
COMMAND: POST /session/944c468b52727d644e83533e14338bba/element - {"using":"xpath","value":"//*[@id=\"__tile51\"]"}
RESULT: {"using":"xpath","value":"//*[@id=\"__tile51\"]"}
COMMAND: POST /session/944c468b52727d644e83533e14338bba/element/f.BAEEFAFD8CEA53EE1C71283608A3603D.d.E5B9DACCF5F41315D01D61CD92B9DCB2.e.2042/click - {}
RESULT: undefined
COMMAND: POST /session/944c468b52727d644e83533e14338bba/element - {"using":"xpath","value":"//*[@id=\"__tile51\"]"}
RESULT: {"using":"xpath","value":"//*[@id=\"__tile51\"]"}
COMMAND: POST /session/944c468b52727d644e83533e14338bba/element/f.BAEEFAFD8CEA53EE1C71283608A3603D.d.E5B9DACCF5F41315D01D61CD92B9DCB2.e.2042/click - {}
RESULT: undefined
COMMAND: POST /session/944c468b52727d644e83533e14338bba/execute/async - {"script":"<script> [6424 bytes]","args":[{"element-6066-11e4-a52e-4f735466cecf":"f.BAEEFAFD8CEA53EE1C71283608A3603D.d.E5B9DACCF5F41315D01D61CD92B9DCB2.e.286"},"getTitle",[]]}
COMMAND: POST /session/944c468b52727d644e83533e14338bba/execute/async - {"script":"<script> [1562 bytes]","args":[{"selector":{"id":"shellAppTitle"},"wdio_ui5_key":"shellAppTitle"}]}
RESULT: {"script":"<script> [1562 bytes]","args":[{"selector":{"id":"shellAppTitle"},"wdio_ui5_key":"shellAppTitle"}]}
COMMAND: POST /session/944c468b52727d644e83533e14338bba/execute/async - {"script":"<script> [6424 bytes]","args":[{"element-6066-11e4-a52e-4f735466cecf":"f.BAEEFAFD8CEA53EE1C71283608A3603D.d.E5B9DACCF5F41315D01D61CD92B9DCB2.e.2258"},"getTitle",[]]}
RESULT: {"script":"<script> [6424 bytes]","args":[{"element-6066-11e4-a52e-4f735466cecf":"f.BAEEFAFD8CEA53EE1C71283608A3603D.d.E5B9DACCF5F41315D01D61CD92B9DCB2.e.2258"},"getTitle",[]]}
RESULT: undefined
COMMAND: POST /session/944c468b52727d644e83533e14338bba/element/f.BAEEFAFD8CEA53EE1C71283608A3603D.d.E5B9DACCF5F41315D01D61CD92B9DCB2.e.2040/click - {}
COMMAND: POST /session/944c468b52727d644e83533e14338bba/element/f.BAEEFAFD8CEA53EE1C71283608A3603D.d.E5B9DACCF5F41315D01D61CD92B9DCB2.e.2040/click - {}
RESULT: {}
COMMAND: GET /session/944c468b52727d644e83533e14338bba/screenshot - {}
COMMAND: POST /session/944c468b52727d644e83533e14338bba/element - {"using":"xpath","value":"//*[@id=\"backBtn\"]"}
RESULT: {}
RESULT: {"using":"xpath","value":"//*[@id=\"backBtn\"]"}
COMMAND: POST /session/944c468b52727d644e83533e14338bba/elements - {"using":"xpath","value":"//*[@id=\"backBtn\"]"}
RESULT: {"using":"xpath","value":"//*[@id=\"backBtn\"]"}
COMMAND: POST /session/944c468b52727d644e83533e14338bba/elements - {"using":"xpath","value":"//*[@id=\"backBtn\"]"}
RESULT: {"using":"xpath","value":"//*[@id=\"backBtn\"]"}
COMMAND: POST /session/944c468b52727d644e83533e14338bba/elements - {"using":"xpath","value":"//*[@id=\"backBtn\"]"}
RESULT: {"using":"xpath","value":"//*[@id=\"backBtn\"]"}
COMMAND: POST /session/944c468b52727d644e83533e14338bba/elements - {"using":"xpath","value":"//*[@id=\"backBtn\"]"}
RESULT: {"using":"xpath","value":"//*[@id=\"backBtn\"]"}
COMMAND: POST /session/944c468b52727d644e83533e14338bba/elements - {"using":"xpath","value":"//*[@id=\"backBtn\"]"}
RESULT: {"using":"xpath","value":"//*[@id=\"backBtn\"]"}
COMMAND: POST /session/944c468b52727d644e83533e14338bba/elements - {"using":"xpath","value":"//*[@id=\"backBtn\"]"}
RESULT: {"using":"xpath","value":"//*[@id=\"backBtn\"]"}
COMMAND: POST /session/944c468b52727d644e83533e14338bba/elements - {"using":"xpath","value":"//*[@id=\"backBtn\"]"}
RESULT: {"using":"xpath","value":"//*[@id=\"backBtn\"]"}
COMMAND: POST /session/944c468b52727d644e83533e14338bba/elements - {"using":"xpath","value":"//*[@id=\"backBtn\"]"}
RESULT: {"using":"xpath","value":"//*[@id=\"backBtn\"]"}
COMMAND: POST /session/944c468b52727d644e83533e14338bba/elements - {"using":"xpath","value":"//*[@id=\"backBtn\"]"}
RESULT: {"using":"xpath","value":"//*[@id=\"backBtn\"]"}
COMMAND: POST /session/944c468b52727d644e83533e14338bba/elements - {"using":"xpath","value":"//*[@id=\"backBtn\"]"}
RESULT: {"using":"xpath","value":"//*[@id=\"backBtn\"]"}
COMMAND: POST /session/944c468b52727d644e83533e14338bba/elements - {"using":"xpath","value":"//*[@id=\"backBtn\"]"}
RESULT: {"using":"xpath","value":"//*[@id=\"backBtn\"]"}
COMMAND: POST /session/944c468b52727d644e83533e14338bba/elements - {"using":"xpath","value":"//*[@id=\"backBtn\"]"}
RESULT: {"using":"xpath","value":"//*[@id=\"backBtn\"]"}
COMMAND: POST /session/944c468b52727d644e83533e14338bba/elements - {"using":"xpath","value":"//*[@id=\"backBtn\"]"}
RESULT: {"using":"xpath","value":"//*[@id=\"backBtn\"]"}
COMMAND: POST /session/944c468b52727d644e83533e14338bba/elements - {"using":"xpath","value":"//*[@id=\"backBtn\"]"}
RESULT: {"using":"xpath","value":"//*[@id=\"backBtn\"]"}
COMMAND: POST /session/944c468b52727d644e83533e14338bba/elements - {"using":"xpath","value":"//*[@id=\"backBtn\"]"}
RESULT: {"using":"xpath","value":"//*[@id=\"backBtn\"]"}
COMMAND: POST /session/944c468b52727d644e83533e14338bba/elements - {"using":"xpath","value":"//*[@id=\"backBtn\"]"}
RESULT: {"using":"xpath","value":"//*[@id=\"backBtn\"]"}
COMMAND: POST /session/944c468b52727d644e83533e14338bba/elements - {"using":"xpath","value":"//*[@id=\"backBtn\"]"}
RESULT: {"using":"xpath","value":"//*[@id=\"backBtn\"]"}
]]></system-out>
    </testcase>
    <testcase classname="chrome.136_0_7103_93.windows.Sanity_Tests_US104253" name="Should open Manage Conditions Prices page" time="46.78">
      <system-out><![CDATA[
COMMAND: POST /session/944c468b52727d644e83533e14338bba/execute/async - {"script":"<script> [1562 bytes]","args":[{"selector":{"controlType":"sap.m.GenericTile","properties":{"header":"Manage Conditions & Prices"}},"wdio_ui5_key":"sapm.GenericTile{\"header\":\"Manage Conditions & Prices\"}"}]}
COMMAND: POST /session/944c468b52727d644e83533e14338bba/elements - {"using":"xpath","value":"//*[@id=\"backBtn\"]"}
RESULT: {"script":"<script> [1562 bytes]","args":[{"selector":{"controlType":"sap.m.GenericTile","properties":{"header":"Manage Conditions & Prices"}},"wdio_ui5_key":"sapm.GenericTile{\"header\":\"Manage Conditions & Prices\"}"}]}
RESULT: undefined
COMMAND: POST /session/944c468b52727d644e83533e14338bba/element - {"using":"xpath","value":"//*[@id=\"__tile53\"]"}
RESULT: {"using":"xpath","value":"//*[@id=\"backBtn\"]"}
RESULT: {"using":"xpath","value":"//*[@id=\"__tile53\"]"}
COMMAND: POST /session/944c468b52727d644e83533e14338bba/element/f.BAEEFAFD8CEA53EE1C71283608A3603D.d.E5B9DACCF5F41315D01D61CD92B9DCB2.e.2260/click - {}
RESULT: {}
COMMAND: GET /session/944c468b52727d644e83533e14338bba/screenshot - {}
COMMAND: POST /session/944c468b52727d644e83533e14338bba/elements - {"using":"xpath","value":"//*[@id=\"backBtn\"]"}
RESULT: {}
RESULT: {"using":"xpath","value":"//*[@id=\"backBtn\"]"}
COMMAND: POST /session/944c468b52727d644e83533e14338bba/elements - {"using":"xpath","value":"//*[@id=\"backBtn\"]"}
RESULT: {"using":"xpath","value":"//*[@id=\"backBtn\"]"}
COMMAND: POST /session/944c468b52727d644e83533e14338bba/elements - {"using":"xpath","value":"//*[@id=\"backBtn\"]"}
RESULT: {"using":"xpath","value":"//*[@id=\"backBtn\"]"}
COMMAND: POST /session/944c468b52727d644e83533e14338bba/elements - {"using":"xpath","value":"//*[@id=\"backBtn\"]"}
COMMAND: POST /session/944c468b52727d644e83533e14338bba/elements - {"using":"xpath","value":"//span[text()='Error']"}
RESULT: {"using":"xpath","value":"//*[@id=\"backBtn\"]"}
COMMAND: POST /session/944c468b52727d644e83533e14338bba/element - {"using":"xpath","value":"//*[@id=\"backBtn\"]"}
RESULT: {"using":"xpath","value":"//span[text()='Error']"}
RESULT: {"using":"xpath","value":"//*[@id=\"backBtn\"]"}
COMMAND: POST /session/944c468b52727d644e83533e14338bba/element/f.BAEEFAFD8CEA53EE1C71283608A3603D.d.E5B9DACCF5F41315D01D61CD92B9DCB2.e.2040/click - {}
COMMAND: POST /session/944c468b52727d644e83533e14338bba/element - {"using":"xpath","value":"//*[@id=\"backBtn\"]"}
RESULT: {"using":"xpath","value":"//*[@id=\"backBtn\"]"}
COMMAND: POST /session/944c468b52727d644e83533e14338bba/element/f.BAEEFAFD8CEA53EE1C71283608A3603D.d.E5B9DACCF5F41315D01D61CD92B9DCB2.e.2290/click - {}
RESULT: {}
COMMAND: GET /session/944c468b52727d644e83533e14338bba/screenshot - {}
RESULT: {}
RESULT: undefined
COMMAND: POST /session/944c468b52727d644e83533e14338bba/element - {"using":"xpath","value":"//*[@id=\"__tile53\"]"}
RESULT: {"using":"xpath","value":"//*[@id=\"__tile53\"]"}
COMMAND: POST /session/944c468b52727d644e83533e14338bba/element/f.BAEEFAFD8CEA53EE1C71283608A3603D.d.E5B9DACCF5F41315D01D61CD92B9DCB2.e.2260/click - {}
RESULT: {}
RESULT: undefined
COMMAND: POST /session/944c468b52727d644e83533e14338bba/element - {"using":"xpath","value":"//*[@id=\"__tile53\"]"}
COMMAND: GET /session/944c468b52727d644e83533e14338bba/screenshot - {}
RESULT: {"using":"xpath","value":"//*[@id=\"__tile53\"]"}
COMMAND: POST /session/944c468b52727d644e83533e14338bba/element/f.BAEEFAFD8CEA53EE1C71283608A3603D.d.E5B9DACCF5F41315D01D61CD92B9DCB2.e.2260/click - {}
RESULT: {}
RESULT: undefined
COMMAND: POST /session/944c468b52727d644e83533e14338bba/execute/async - {"script":"<script> [6424 bytes]","args":[{"element-6066-11e4-a52e-4f735466cecf":"f.BAEEFAFD8CEA53EE1C71283608A3603D.d.E5B9DACCF5F41315D01D61CD92B9DCB2.e.286"},"getTitle",[]]}
COMMAND: POST /session/944c468b52727d644e83533e14338bba/execute/async - {"script":"<script> [1562 bytes]","args":[{"selector":{"id":"shellAppTitle"},"wdio_ui5_key":"shellAppTitle"}]}
RESULT: {"script":"<script> [1562 bytes]","args":[{"selector":{"id":"shellAppTitle"},"wdio_ui5_key":"shellAppTitle"}]}
COMMAND: POST /session/944c468b52727d644e83533e14338bba/execute/async - {"script":"<script> [6424 bytes]","args":[{"element-6066-11e4-a52e-4f735466cecf":"f.BAEEFAFD8CEA53EE1C71283608A3603D.d.E5B9DACCF5F41315D01D61CD92B9DCB2.e.2454"},"getTitle",[]]}
RESULT: {"script":"<script> [6424 bytes]","args":[{"element-6066-11e4-a52e-4f735466cecf":"f.BAEEFAFD8CEA53EE1C71283608A3603D.d.E5B9DACCF5F41315D01D61CD92B9DCB2.e.2454"},"getTitle",[]]}
RESULT: undefined
COMMAND: POST /session/944c468b52727d644e83533e14338bba/element/f.BAEEFAFD8CEA53EE1C71283608A3603D.d.E5B9DACCF5F41315D01D61CD92B9DCB2.e.2290/click - {}
RESULT: {}
COMMAND: GET /session/944c468b52727d644e83533e14338bba/screenshot - {}
RESULT: {}
]]></system-out>
    </testcase>
    <testcase classname="chrome.136_0_7103_93.windows.Sanity_Tests_US104253" name="Should open Billing Transfer page" time="37.564">
      <system-out><![CDATA[
COMMAND: POST /session/944c468b52727d644e83533e14338bba/execute/async - {"script":"<script> [1562 bytes]","args":[{"selector":{"controlType":"sap.m.GenericTile","properties":{"header":"Billing Transfer"}},"wdio_ui5_key":"sapm.GenericTile{\"header\":\"Billing Transfer\"}"}]}
RESULT: {"script":"<script> [1562 bytes]","args":[{"selector":{"controlType":"sap.m.GenericTile","properties":{"header":"Billing Transfer"}},"wdio_ui5_key":"sapm.GenericTile{\"header\":\"Billing Transfer\"}"}]}
RESULT: undefined
COMMAND: POST /session/944c468b52727d644e83533e14338bba/element - {"using":"xpath","value":"//*[@id=\"__tile50\"]"}
RESULT: {"using":"xpath","value":"//*[@id=\"__tile50\"]"}
COMMAND: POST /session/944c468b52727d644e83533e14338bba/element/f.BAEEFAFD8CEA53EE1C71283608A3603D.d.E5B9DACCF5F41315D01D61CD92B9DCB2.e.2456/click - {}
RESULT: {}
COMMAND: GET /session/944c468b52727d644e83533e14338bba/screenshot - {}
RESULT: {}
COMMAND: POST /session/944c468b52727d644e83533e14338bba/elements - {"using":"xpath","value":"//span[text()='Error']"}
RESULT: {"using":"xpath","value":"//span[text()='Error']"}
RESULT: undefined
COMMAND: POST /session/944c468b52727d644e83533e14338bba/element - {"using":"xpath","value":"//*[@id=\"__tile50\"]"}
RESULT: {"using":"xpath","value":"//*[@id=\"__tile50\"]"}
COMMAND: POST /session/944c468b52727d644e83533e14338bba/element/f.BAEEFAFD8CEA53EE1C71283608A3603D.d.E5B9DACCF5F41315D01D61CD92B9DCB2.e.2456/click - {}
RESULT: undefined
COMMAND: POST /session/944c468b52727d644e83533e14338bba/element - {"using":"xpath","value":"//*[@id=\"__tile50\"]"}
RESULT: {"using":"xpath","value":"//*[@id=\"__tile50\"]"}
COMMAND: POST /session/944c468b52727d644e83533e14338bba/element/f.BAEEFAFD8CEA53EE1C71283608A3603D.d.E5B9DACCF5F41315D01D61CD92B9DCB2.e.2456/click - {}
RESULT: undefined
COMMAND: POST /session/944c468b52727d644e83533e14338bba/execute/async - {"script":"<script> [6424 bytes]","args":[{"element-6066-11e4-a52e-4f735466cecf":"f.BAEEFAFD8CEA53EE1C71283608A3603D.d.E5B9DACCF5F41315D01D61CD92B9DCB2.e.286"},"getTitle",[]]}
COMMAND: POST /session/944c468b52727d644e83533e14338bba/execute/async - {"script":"<script> [1562 bytes]","args":[{"selector":{"id":"shellAppTitle"},"wdio_ui5_key":"shellAppTitle"}]}
RESULT: {"script":"<script> [1562 bytes]","args":[{"selector":{"id":"shellAppTitle"},"wdio_ui5_key":"shellAppTitle"}]}
COMMAND: POST /session/944c468b52727d644e83533e14338bba/execute/async - {"script":"<script> [6424 bytes]","args":[{"element-6066-11e4-a52e-4f735466cecf":"f.BAEEFAFD8CEA53EE1C71283608A3603D.d.E5B9DACCF5F41315D01D61CD92B9DCB2.e.2603"},"getTitle",[]]}
RESULT: {"script":"<script> [6424 bytes]","args":[{"element-6066-11e4-a52e-4f735466cecf":"f.BAEEFAFD8CEA53EE1C71283608A3603D.d.E5B9DACCF5F41315D01D61CD92B9DCB2.e.2603"},"getTitle",[]]}
RESULT: undefined
COMMAND: POST /session/944c468b52727d644e83533e14338bba/element/f.BAEEFAFD8CEA53EE1C71283608A3603D.d.E5B9DACCF5F41315D01D61CD92B9DCB2.e.2290/click - {}
COMMAND: POST /session/944c468b52727d644e83533e14338bba/element - {"using":"xpath","value":"//*[@id=\"backBtn\"]"}
RESULT: {"using":"xpath","value":"//*[@id=\"backBtn\"]"}
COMMAND: POST /session/944c468b52727d644e83533e14338bba/element/f.BAEEFAFD8CEA53EE1C71283608A3603D.d.E5B9DACCF5F41315D01D61CD92B9DCB2.e.2290/click - {}
COMMAND: POST /session/944c468b52727d644e83533e14338bba/element - {"using":"xpath","value":"//*[@id=\"backBtn\"]"}
RESULT: {"using":"xpath","value":"//*[@id=\"backBtn\"]"}
COMMAND: POST /session/944c468b52727d644e83533e14338bba/element/f.BAEEFAFD8CEA53EE1C71283608A3603D.d.E5B9DACCF5F41315D01D61CD92B9DCB2.e.2604/click - {}
RESULT: {}
COMMAND: GET /session/944c468b52727d644e83533e14338bba/screenshot - {}
RESULT: {}
]]></system-out>
    </testcase>
    <testcase classname="chrome.136_0_7103_93.windows.Sanity_Tests_US104253" name="Should open Manage Pricing Rules page" time="37.189">
      <system-out><![CDATA[
COMMAND: POST /session/944c468b52727d644e83533e14338bba/execute/async - {"script":"<script> [1562 bytes]","args":[{"selector":{"controlType":"sap.m.GenericTile","properties":{"header":"Manage Pricing Rules"}},"wdio_ui5_key":"sapm.GenericTile{\"header\":\"Manage Pricing Rules\"}"}]}
RESULT: {"script":"<script> [1562 bytes]","args":[{"selector":{"controlType":"sap.m.GenericTile","properties":{"header":"Manage Pricing Rules"}},"wdio_ui5_key":"sapm.GenericTile{\"header\":\"Manage Pricing Rules\"}"}]}
RESULT: undefined
COMMAND: POST /session/944c468b52727d644e83533e14338bba/element - {"using":"xpath","value":"//*[@id=\"__tile55\"]"}
RESULT: {"using":"xpath","value":"//*[@id=\"__tile55\"]"}
COMMAND: POST /session/944c468b52727d644e83533e14338bba/element/f.BAEEFAFD8CEA53EE1C71283608A3603D.d.E5B9DACCF5F41315D01D61CD92B9DCB2.e.2606/click - {}
RESULT: {}
COMMAND: GET /session/944c468b52727d644e83533e14338bba/screenshot - {}
RESULT: {}
COMMAND: POST /session/944c468b52727d644e83533e14338bba/elements - {"using":"xpath","value":"//span[text()='Error']"}
RESULT: {"using":"xpath","value":"//span[text()='Error']"}
RESULT: undefined
COMMAND: POST /session/944c468b52727d644e83533e14338bba/element - {"using":"xpath","value":"//*[@id=\"__tile55\"]"}
RESULT: {"using":"xpath","value":"//*[@id=\"__tile55\"]"}
COMMAND: POST /session/944c468b52727d644e83533e14338bba/element/f.BAEEFAFD8CEA53EE1C71283608A3603D.d.E5B9DACCF5F41315D01D61CD92B9DCB2.e.2606/click - {}
RESULT: undefined
COMMAND: POST /session/944c468b52727d644e83533e14338bba/element - {"using":"xpath","value":"//*[@id=\"__tile55\"]"}
RESULT: {"using":"xpath","value":"//*[@id=\"__tile55\"]"}
COMMAND: POST /session/944c468b52727d644e83533e14338bba/element/f.BAEEFAFD8CEA53EE1C71283608A3603D.d.E5B9DACCF5F41315D01D61CD92B9DCB2.e.2606/click - {}
RESULT: undefined
COMMAND: POST /session/944c468b52727d644e83533e14338bba/execute/async - {"script":"<script> [6424 bytes]","args":[{"element-6066-11e4-a52e-4f735466cecf":"f.BAEEFAFD8CEA53EE1C71283608A3603D.d.E5B9DACCF5F41315D01D61CD92B9DCB2.e.286"},"getTitle",[]]}
COMMAND: POST /session/944c468b52727d644e83533e14338bba/execute/async - {"script":"<script> [1562 bytes]","args":[{"selector":{"id":"shellAppTitle"},"wdio_ui5_key":"shellAppTitle"}]}
RESULT: {"script":"<script> [1562 bytes]","args":[{"selector":{"id":"shellAppTitle"},"wdio_ui5_key":"shellAppTitle"}]}
COMMAND: POST /session/944c468b52727d644e83533e14338bba/execute/async - {"script":"<script> [6424 bytes]","args":[{"element-6066-11e4-a52e-4f735466cecf":"f.BAEEFAFD8CEA53EE1C71283608A3603D.d.E5B9DACCF5F41315D01D61CD92B9DCB2.e.2686"},"getTitle",[]]}
RESULT: {"script":"<script> [6424 bytes]","args":[{"element-6066-11e4-a52e-4f735466cecf":"f.BAEEFAFD8CEA53EE1C71283608A3603D.d.E5B9DACCF5F41315D01D61CD92B9DCB2.e.2686"},"getTitle",[]]}
RESULT: undefined
COMMAND: POST /session/944c468b52727d644e83533e14338bba/element/f.BAEEFAFD8CEA53EE1C71283608A3603D.d.E5B9DACCF5F41315D01D61CD92B9DCB2.e.2604/click - {}
RESULT: {}
COMMAND: GET /session/944c468b52727d644e83533e14338bba/screenshot - {}
RESULT: {}
]]></system-out>
    </testcase>
    <testcase classname="chrome.136_0_7103_93.windows.Sanity_Tests_US104253" name="Should open Manage Price Determination Matrices page" time="36.933">
      <system-out><![CDATA[
COMMAND: POST /session/944c468b52727d644e83533e14338bba/execute/async - {"script":"<script> [1562 bytes]","args":[{"selector":{"controlType":"sap.m.GenericTile","properties":{"header":"Manage Price Determination Matrices"}},"wdio_ui5_key":"sapm.GenericTile{\"header\":\"Manage Price Determination Matrices\"}"}]}
RESULT: {"script":"<script> [1562 bytes]","args":[{"selector":{"controlType":"sap.m.GenericTile","properties":{"header":"Manage Price Determination Matrices"}},"wdio_ui5_key":"sapm.GenericTile{\"header\":\"Manage Price Determination Matrices\"}"}]}
RESULT: undefined
COMMAND: POST /session/944c468b52727d644e83533e14338bba/element - {"using":"xpath","value":"//*[@id=\"__tile54\"]"}
RESULT: {"using":"xpath","value":"//*[@id=\"__tile54\"]"}
COMMAND: POST /session/944c468b52727d644e83533e14338bba/element/f.BAEEFAFD8CEA53EE1C71283608A3603D.d.E5B9DACCF5F41315D01D61CD92B9DCB2.e.2688/click - {}
RESULT: {}
COMMAND: GET /session/944c468b52727d644e83533e14338bba/screenshot - {}
RESULT: {}
COMMAND: POST /session/944c468b52727d644e83533e14338bba/elements - {"using":"xpath","value":"//span[text()='Error']"}
RESULT: {"using":"xpath","value":"//span[text()='Error']"}
RESULT: undefined
COMMAND: POST /session/944c468b52727d644e83533e14338bba/element - {"using":"xpath","value":"//*[@id=\"__tile54\"]"}
RESULT: {"using":"xpath","value":"//*[@id=\"__tile54\"]"}
COMMAND: POST /session/944c468b52727d644e83533e14338bba/element/f.BAEEFAFD8CEA53EE1C71283608A3603D.d.E5B9DACCF5F41315D01D61CD92B9DCB2.e.2688/click - {}
RESULT: undefined
COMMAND: POST /session/944c468b52727d644e83533e14338bba/element - {"using":"xpath","value":"//*[@id=\"__tile54\"]"}
RESULT: {"using":"xpath","value":"//*[@id=\"__tile54\"]"}
COMMAND: POST /session/944c468b52727d644e83533e14338bba/element/f.BAEEFAFD8CEA53EE1C71283608A3603D.d.E5B9DACCF5F41315D01D61CD92B9DCB2.e.2688/click - {}
RESULT: undefined
COMMAND: POST /session/944c468b52727d644e83533e14338bba/execute/async - {"script":"<script> [6424 bytes]","args":[{"element-6066-11e4-a52e-4f735466cecf":"f.BAEEFAFD8CEA53EE1C71283608A3603D.d.E5B9DACCF5F41315D01D61CD92B9DCB2.e.286"},"getTitle",[]]}
COMMAND: POST /session/944c468b52727d644e83533e14338bba/execute/async - {"script":"<script> [1562 bytes]","args":[{"selector":{"id":"shellAppTitle"},"wdio_ui5_key":"shellAppTitle"}]}
RESULT: {"script":"<script> [1562 bytes]","args":[{"selector":{"id":"shellAppTitle"},"wdio_ui5_key":"shellAppTitle"}]}
COMMAND: POST /session/944c468b52727d644e83533e14338bba/execute/async - {"script":"<script> [6424 bytes]","args":[{"element-6066-11e4-a52e-4f735466cecf":"f.BAEEFAFD8CEA53EE1C71283608A3603D.d.E5B9DACCF5F41315D01D61CD92B9DCB2.e.2774"},"getTitle",[]]}
RESULT: {"script":"<script> [6424 bytes]","args":[{"element-6066-11e4-a52e-4f735466cecf":"f.BAEEFAFD8CEA53EE1C71283608A3603D.d.E5B9DACCF5F41315D01D61CD92B9DCB2.e.2774"},"getTitle",[]]}
RESULT: undefined
COMMAND: POST /session/944c468b52727d644e83533e14338bba/element/f.BAEEFAFD8CEA53EE1C71283608A3603D.d.E5B9DACCF5F41315D01D61CD92B9DCB2.e.2604/click - {}
COMMAND: POST /session/944c468b52727d644e83533e14338bba/element - {"using":"xpath","value":"//*[@id=\"backBtn\"]"}
RESULT: {"using":"xpath","value":"//*[@id=\"backBtn\"]"}
COMMAND: POST /session/944c468b52727d644e83533e14338bba/element/f.BAEEFAFD8CEA53EE1C71283608A3603D.d.E5B9DACCF5F41315D01D61CD92B9DCB2.e.2604/click - {}
COMMAND: POST /session/944c468b52727d644e83533e14338bba/element - {"using":"xpath","value":"//*[@id=\"backBtn\"]"}
RESULT: {"using":"xpath","value":"//*[@id=\"backBtn\"]"}
COMMAND: POST /session/944c468b52727d644e83533e14338bba/element/f.BAEEFAFD8CEA53EE1C71283608A3603D.d.E5B9DACCF5F41315D01D61CD92B9DCB2.e.2775/click - {}
RESULT: {}
COMMAND: GET /session/944c468b52727d644e83533e14338bba/screenshot - {}
RESULT: {}
]]></system-out>
    </testcase>
    <testcase classname="chrome.136_0_7103_93.windows.Sanity_Tests_US104253" name="Should open Yard Overview page" time="36.7">
      <system-out><![CDATA[
COMMAND: POST /session/944c468b52727d644e83533e14338bba/execute/async - {"script":"<script> [1562 bytes]","args":[{"selector":{"controlType":"sap.m.GenericTile","properties":{"header":"Yard Overview"}},"wdio_ui5_key":"sapm.GenericTile{\"header\":\"Yard Overview\"}"}]}
RESULT: {"script":"<script> [1562 bytes]","args":[{"selector":{"controlType":"sap.m.GenericTile","properties":{"header":"Yard Overview"}},"wdio_ui5_key":"sapm.GenericTile{\"header\":\"Yard Overview\"}"}]}
RESULT: undefined
COMMAND: POST /session/944c468b52727d644e83533e14338bba/element - {"using":"xpath","value":"//*[@id=\"__tile102\"]"}
RESULT: {"using":"xpath","value":"//*[@id=\"__tile102\"]"}
COMMAND: POST /session/944c468b52727d644e83533e14338bba/element/f.BAEEFAFD8CEA53EE1C71283608A3603D.d.E5B9DACCF5F41315D01D61CD92B9DCB2.e.2777/click - {}
RESULT: {}
COMMAND: GET /session/944c468b52727d644e83533e14338bba/screenshot - {}
RESULT: {}
COMMAND: POST /session/944c468b52727d644e83533e14338bba/elements - {"using":"xpath","value":"//span[text()='Error']"}
RESULT: {"using":"xpath","value":"//span[text()='Error']"}
RESULT: undefined
COMMAND: POST /session/944c468b52727d644e83533e14338bba/element - {"using":"xpath","value":"//*[@id=\"__tile102\"]"}
RESULT: {"using":"xpath","value":"//*[@id=\"__tile102\"]"}
COMMAND: POST /session/944c468b52727d644e83533e14338bba/element/f.BAEEFAFD8CEA53EE1C71283608A3603D.d.E5B9DACCF5F41315D01D61CD92B9DCB2.e.2777/click - {}
RESULT: undefined
COMMAND: POST /session/944c468b52727d644e83533e14338bba/element - {"using":"xpath","value":"//*[@id=\"__tile102\"]"}
RESULT: {"using":"xpath","value":"//*[@id=\"__tile102\"]"}
COMMAND: POST /session/944c468b52727d644e83533e14338bba/element/f.BAEEFAFD8CEA53EE1C71283608A3603D.d.E5B9DACCF5F41315D01D61CD92B9DCB2.e.2777/click - {}
RESULT: undefined
COMMAND: POST /session/944c468b52727d644e83533e14338bba/execute/async - {"script":"<script> [6424 bytes]","args":[{"element-6066-11e4-a52e-4f735466cecf":"f.BAEEFAFD8CEA53EE1C71283608A3603D.d.E5B9DACCF5F41315D01D61CD92B9DCB2.e.286"},"getTitle",[]]}
COMMAND: POST /session/944c468b52727d644e83533e14338bba/execute/async - {"script":"<script> [1562 bytes]","args":[{"selector":{"id":"shellAppTitle"},"wdio_ui5_key":"shellAppTitle"}]}
RESULT: {"script":"<script> [1562 bytes]","args":[{"selector":{"id":"shellAppTitle"},"wdio_ui5_key":"shellAppTitle"}]}
COMMAND: POST /session/944c468b52727d644e83533e14338bba/execute/async - {"script":"<script> [6424 bytes]","args":[{"element-6066-11e4-a52e-4f735466cecf":"f.BAEEFAFD8CEA53EE1C71283608A3603D.d.E5B9DACCF5F41315D01D61CD92B9DCB2.e.2838"},"getTitle",[]]}
RESULT: {"script":"<script> [6424 bytes]","args":[{"element-6066-11e4-a52e-4f735466cecf":"f.BAEEFAFD8CEA53EE1C71283608A3603D.d.E5B9DACCF5F41315D01D61CD92B9DCB2.e.2838"},"getTitle",[]]}
RESULT: undefined
COMMAND: POST /session/944c468b52727d644e83533e14338bba/element/f.BAEEFAFD8CEA53EE1C71283608A3603D.d.E5B9DACCF5F41315D01D61CD92B9DCB2.e.2775/click - {}
RESULT: {}
COMMAND: GET /session/944c468b52727d644e83533e14338bba/screenshot - {}
RESULT: {}
]]></system-out>
    </testcase>
    <testcase classname="chrome.136_0_7103_93.windows.Sanity_Tests_US104253" name="Should open Site Overview page" time="36.421">
      <system-out><![CDATA[
COMMAND: POST /session/944c468b52727d644e83533e14338bba/execute/async - {"script":"<script> [1562 bytes]","args":[{"selector":{"controlType":"sap.m.GenericTile","properties":{"header":"Site Overview"}},"wdio_ui5_key":"sapm.GenericTile{\"header\":\"Site Overview\"}"}]}
RESULT: {"script":"<script> [1562 bytes]","args":[{"selector":{"controlType":"sap.m.GenericTile","properties":{"header":"Site Overview"}},"wdio_ui5_key":"sapm.GenericTile{\"header\":\"Site Overview\"}"}]}
RESULT: undefined
COMMAND: POST /session/944c468b52727d644e83533e14338bba/element - {"using":"xpath","value":"//*[@id=\"__tile100\"]"}
RESULT: {"using":"xpath","value":"//*[@id=\"__tile100\"]"}
COMMAND: POST /session/944c468b52727d644e83533e14338bba/element/f.BAEEFAFD8CEA53EE1C71283608A3603D.d.E5B9DACCF5F41315D01D61CD92B9DCB2.e.2841/click - {}
RESULT: {}
COMMAND: GET /session/944c468b52727d644e83533e14338bba/screenshot - {}
RESULT: {}
COMMAND: POST /session/944c468b52727d644e83533e14338bba/elements - {"using":"xpath","value":"//span[text()='Error']"}
RESULT: {"using":"xpath","value":"//span[text()='Error']"}
RESULT: undefined
COMMAND: POST /session/944c468b52727d644e83533e14338bba/element - {"using":"xpath","value":"//*[@id=\"__tile100\"]"}
RESULT: {"using":"xpath","value":"//*[@id=\"__tile100\"]"}
COMMAND: POST /session/944c468b52727d644e83533e14338bba/element/f.BAEEFAFD8CEA53EE1C71283608A3603D.d.E5B9DACCF5F41315D01D61CD92B9DCB2.e.2841/click - {}
RESULT: undefined
COMMAND: POST /session/944c468b52727d644e83533e14338bba/element - {"using":"xpath","value":"//*[@id=\"__tile100\"]"}
RESULT: {"using":"xpath","value":"//*[@id=\"__tile100\"]"}
COMMAND: POST /session/944c468b52727d644e83533e14338bba/element/f.BAEEFAFD8CEA53EE1C71283608A3603D.d.E5B9DACCF5F41315D01D61CD92B9DCB2.e.2841/click - {}
RESULT: undefined
COMMAND: POST /session/944c468b52727d644e83533e14338bba/execute/async - {"script":"<script> [6424 bytes]","args":[{"element-6066-11e4-a52e-4f735466cecf":"f.BAEEFAFD8CEA53EE1C71283608A3603D.d.E5B9DACCF5F41315D01D61CD92B9DCB2.e.286"},"getTitle",[]]}
COMMAND: POST /session/944c468b52727d644e83533e14338bba/execute/async - {"script":"<script> [1562 bytes]","args":[{"selector":{"id":"shellAppTitle"},"wdio_ui5_key":"shellAppTitle"}]}
RESULT: {"script":"<script> [1562 bytes]","args":[{"selector":{"id":"shellAppTitle"},"wdio_ui5_key":"shellAppTitle"}]}
COMMAND: POST /session/944c468b52727d644e83533e14338bba/execute/async - {"script":"<script> [6424 bytes]","args":[{"element-6066-11e4-a52e-4f735466cecf":"f.BAEEFAFD8CEA53EE1C71283608A3603D.d.E5B9DACCF5F41315D01D61CD92B9DCB2.e.2955"},"getTitle",[]]}
RESULT: {"script":"<script> [6424 bytes]","args":[{"element-6066-11e4-a52e-4f735466cecf":"f.BAEEFAFD8CEA53EE1C71283608A3603D.d.E5B9DACCF5F41315D01D61CD92B9DCB2.e.2955"},"getTitle",[]]}
RESULT: undefined
COMMAND: POST /session/944c468b52727d644e83533e14338bba/element/f.BAEEFAFD8CEA53EE1C71283608A3603D.d.E5B9DACCF5F41315D01D61CD92B9DCB2.e.2775/click - {}
COMMAND: POST /session/944c468b52727d644e83533e14338bba/element - {"using":"xpath","value":"//*[@id=\"backBtn\"]"}
RESULT: {"using":"xpath","value":"//*[@id=\"backBtn\"]"}
COMMAND: POST /session/944c468b52727d644e83533e14338bba/element/f.BAEEFAFD8CEA53EE1C71283608A3603D.d.E5B9DACCF5F41315D01D61CD92B9DCB2.e.2775/click - {}
COMMAND: POST /session/944c468b52727d644e83533e14338bba/element - {"using":"xpath","value":"//*[@id=\"backBtn\"]"}
RESULT: {"using":"xpath","value":"//*[@id=\"backBtn\"]"}
COMMAND: POST /session/944c468b52727d644e83533e14338bba/element/f.BAEEFAFD8CEA53EE1C71283608A3603D.d.E5B9DACCF5F41315D01D61CD92B9DCB2.e.2956/click - {}
RESULT: {}
COMMAND: GET /session/944c468b52727d644e83533e14338bba/screenshot - {}
RESULT: {}
]]></system-out>
    </testcase>
    <testcase classname="chrome.136_0_7103_93.windows.Sanity_Tests_US104253" name="Should open Trace Track Resources page" time="39.954">
      <system-out><![CDATA[
COMMAND: POST /session/944c468b52727d644e83533e14338bba/execute/async - {"script":"<script> [1562 bytes]","args":[{"selector":{"controlType":"sap.m.GenericTile","properties":{"header":"Trace & Track Resources"}},"wdio_ui5_key":"sapm.GenericTile{\"header\":\"Trace & Track Resources\"}"}]}
RESULT: {"script":"<script> [1562 bytes]","args":[{"selector":{"controlType":"sap.m.GenericTile","properties":{"header":"Trace & Track Resources"}},"wdio_ui5_key":"sapm.GenericTile{\"header\":\"Trace & Track Resources\"}"}]}
RESULT: undefined
COMMAND: POST /session/944c468b52727d644e83533e14338bba/element - {"using":"xpath","value":"//*[@id=\"__tile101\"]"}
RESULT: {"using":"xpath","value":"//*[@id=\"__tile101\"]"}
COMMAND: POST /session/944c468b52727d644e83533e14338bba/element/f.BAEEFAFD8CEA53EE1C71283608A3603D.d.E5B9DACCF5F41315D01D61CD92B9DCB2.e.2958/click - {}
RESULT: {}
COMMAND: GET /session/944c468b52727d644e83533e14338bba/screenshot - {}
RESULT: {}
COMMAND: POST /session/944c468b52727d644e83533e14338bba/elements - {"using":"xpath","value":"//span[text()='Error']"}
RESULT: {"using":"xpath","value":"//span[text()='Error']"}
RESULT: undefined
COMMAND: POST /session/944c468b52727d644e83533e14338bba/element - {"using":"xpath","value":"//*[@id=\"__tile101\"]"}
RESULT: {"using":"xpath","value":"//*[@id=\"__tile101\"]"}
COMMAND: POST /session/944c468b52727d644e83533e14338bba/element/f.BAEEFAFD8CEA53EE1C71283608A3603D.d.E5B9DACCF5F41315D01D61CD92B9DCB2.e.2958/click - {}
RESULT: undefined
COMMAND: POST /session/944c468b52727d644e83533e14338bba/element - {"using":"xpath","value":"//*[@id=\"__tile101\"]"}
RESULT: {"using":"xpath","value":"//*[@id=\"__tile101\"]"}
COMMAND: POST /session/944c468b52727d644e83533e14338bba/element/f.BAEEFAFD8CEA53EE1C71283608A3603D.d.E5B9DACCF5F41315D01D61CD92B9DCB2.e.2958/click - {}
RESULT: undefined
COMMAND: POST /session/944c468b52727d644e83533e14338bba/execute/async - {"script":"<script> [6424 bytes]","args":[{"element-6066-11e4-a52e-4f735466cecf":"f.BAEEFAFD8CEA53EE1C71283608A3603D.d.E5B9DACCF5F41315D01D61CD92B9DCB2.e.286"},"getTitle",[]]}
COMMAND: POST /session/944c468b52727d644e83533e14338bba/execute/async - {"script":"<script> [1562 bytes]","args":[{"selector":{"id":"shellAppTitle"},"wdio_ui5_key":"shellAppTitle"}]}
RESULT: {"script":"<script> [1562 bytes]","args":[{"selector":{"id":"shellAppTitle"},"wdio_ui5_key":"shellAppTitle"}]}
COMMAND: POST /session/944c468b52727d644e83533e14338bba/execute/async - {"script":"<script> [6424 bytes]","args":[{"element-6066-11e4-a52e-4f735466cecf":"f.BAEEFAFD8CEA53EE1C71283608A3603D.d.E5B9DACCF5F41315D01D61CD92B9DCB2.e.2993"},"getTitle",[]]}
RESULT: {"script":"<script> [6424 bytes]","args":[{"element-6066-11e4-a52e-4f735466cecf":"f.BAEEFAFD8CEA53EE1C71283608A3603D.d.E5B9DACCF5F41315D01D61CD92B9DCB2.e.2993"},"getTitle",[]]}
RESULT: undefined
COMMAND: POST /session/944c468b52727d644e83533e14338bba/element/f.BAEEFAFD8CEA53EE1C71283608A3603D.d.E5B9DACCF5F41315D01D61CD92B9DCB2.e.2956/click - {}
RESULT: {}
COMMAND: GET /session/944c468b52727d644e83533e14338bba/screenshot - {}
RESULT: {}
]]></system-out>
    </testcase>
    <testcase classname="chrome.136_0_7103_93.windows.Sanity_Tests_US104253" name="Should open RU Inventory List page" time="36.334">
      <system-out><![CDATA[
COMMAND: POST /session/944c468b52727d644e83533e14338bba/execute/async - {"script":"<script> [1562 bytes]","args":[{"selector":{"controlType":"sap.m.GenericTile","properties":{"header":"RU Inventory List"}},"wdio_ui5_key":"sapm.GenericTile{\"header\":\"RU Inventory List\"}"}]}
RESULT: {"script":"<script> [1562 bytes]","args":[{"selector":{"controlType":"sap.m.GenericTile","properties":{"header":"RU Inventory List"}},"wdio_ui5_key":"sapm.GenericTile{\"header\":\"RU Inventory List\"}"}]}
RESULT: undefined
COMMAND: POST /session/944c468b52727d644e83533e14338bba/element - {"using":"xpath","value":"//*[@id=\"__tile99\"]"}
RESULT: {"using":"xpath","value":"//*[@id=\"__tile99\"]"}
COMMAND: POST /session/944c468b52727d644e83533e14338bba/element/f.BAEEFAFD8CEA53EE1C71283608A3603D.d.E5B9DACCF5F41315D01D61CD92B9DCB2.e.2995/click - {}
RESULT: {}
COMMAND: GET /session/944c468b52727d644e83533e14338bba/screenshot - {}
RESULT: {}
COMMAND: POST /session/944c468b52727d644e83533e14338bba/elements - {"using":"xpath","value":"//span[text()='Error']"}
RESULT: {"using":"xpath","value":"//span[text()='Error']"}
RESULT: undefined
COMMAND: POST /session/944c468b52727d644e83533e14338bba/element - {"using":"xpath","value":"//*[@id=\"__tile99\"]"}
RESULT: {"using":"xpath","value":"//*[@id=\"__tile99\"]"}
COMMAND: POST /session/944c468b52727d644e83533e14338bba/element/f.BAEEFAFD8CEA53EE1C71283608A3603D.d.E5B9DACCF5F41315D01D61CD92B9DCB2.e.2995/click - {}
RESULT: undefined
COMMAND: POST /session/944c468b52727d644e83533e14338bba/element - {"using":"xpath","value":"//*[@id=\"__tile99\"]"}
RESULT: {"using":"xpath","value":"//*[@id=\"__tile99\"]"}
COMMAND: POST /session/944c468b52727d644e83533e14338bba/element/f.BAEEFAFD8CEA53EE1C71283608A3603D.d.E5B9DACCF5F41315D01D61CD92B9DCB2.e.2995/click - {}
RESULT: undefined
COMMAND: POST /session/944c468b52727d644e83533e14338bba/execute/async - {"script":"<script> [6424 bytes]","args":[{"element-6066-11e4-a52e-4f735466cecf":"f.BAEEFAFD8CEA53EE1C71283608A3603D.d.E5B9DACCF5F41315D01D61CD92B9DCB2.e.286"},"getTitle",[]]}
COMMAND: POST /session/944c468b52727d644e83533e14338bba/execute/async - {"script":"<script> [1562 bytes]","args":[{"selector":{"id":"shellAppTitle"},"wdio_ui5_key":"shellAppTitle"}]}
RESULT: {"script":"<script> [1562 bytes]","args":[{"selector":{"id":"shellAppTitle"},"wdio_ui5_key":"shellAppTitle"}]}
COMMAND: POST /session/944c468b52727d644e83533e14338bba/execute/async - {"script":"<script> [6424 bytes]","args":[{"element-6066-11e4-a52e-4f735466cecf":"f.BAEEFAFD8CEA53EE1C71283608A3603D.d.E5B9DACCF5F41315D01D61CD92B9DCB2.e.3194"},"getTitle",[]]}
RESULT: {"script":"<script> [6424 bytes]","args":[{"element-6066-11e4-a52e-4f735466cecf":"f.BAEEFAFD8CEA53EE1C71283608A3603D.d.E5B9DACCF5F41315D01D61CD92B9DCB2.e.3194"},"getTitle",[]]}
RESULT: undefined
COMMAND: POST /session/944c468b52727d644e83533e14338bba/element/f.BAEEFAFD8CEA53EE1C71283608A3603D.d.E5B9DACCF5F41315D01D61CD92B9DCB2.e.2956/click - {}
COMMAND: POST /session/944c468b52727d644e83533e14338bba/element - {"using":"xpath","value":"//*[@id=\"backBtn\"]"}
RESULT: {"using":"xpath","value":"//*[@id=\"backBtn\"]"}
COMMAND: POST /session/944c468b52727d644e83533e14338bba/element/f.BAEEFAFD8CEA53EE1C71283608A3603D.d.E5B9DACCF5F41315D01D61CD92B9DCB2.e.2956/click - {}
COMMAND: POST /session/944c468b52727d644e83533e14338bba/element - {"using":"xpath","value":"//*[@id=\"backBtn\"]"}
RESULT: {"using":"xpath","value":"//*[@id=\"backBtn\"]"}
COMMAND: POST /session/944c468b52727d644e83533e14338bba/element/f.BAEEFAFD8CEA53EE1C71283608A3603D.d.E5B9DACCF5F41315D01D61CD92B9DCB2.e.3195/click - {}
RESULT: {}
COMMAND: GET /session/944c468b52727d644e83533e14338bba/screenshot - {}
RESULT: {}
]]></system-out>
    </testcase>
    <testcase classname="chrome.136_0_7103_93.windows.Sanity_Tests_US104253" name="Should open Contracts Dashboard page" time="45.278">
      <system-out><![CDATA[
COMMAND: POST /session/944c468b52727d644e83533e14338bba/execute/async - {"script":"<script> [1562 bytes]","args":[{"selector":{"controlType":"sap.m.GenericTile","properties":{"header":"Contracts Dashboard"}},"wdio_ui5_key":"sapm.GenericTile{\"header\":\"Contracts Dashboard\"}"}]}
RESULT: {"script":"<script> [1562 bytes]","args":[{"selector":{"controlType":"sap.m.GenericTile","properties":{"header":"Contracts Dashboard"}},"wdio_ui5_key":"sapm.GenericTile{\"header\":\"Contracts Dashboard\"}"}]}
RESULT: undefined
COMMAND: POST /session/944c468b52727d644e83533e14338bba/element - {"using":"xpath","value":"//*[@id=\"__tile97\"]"}
RESULT: {"using":"xpath","value":"//*[@id=\"__tile97\"]"}
COMMAND: POST /session/944c468b52727d644e83533e14338bba/element/f.BAEEFAFD8CEA53EE1C71283608A3603D.d.E5B9DACCF5F41315D01D61CD92B9DCB2.e.3197/click - {}
RESULT: {}
COMMAND: GET /session/944c468b52727d644e83533e14338bba/screenshot - {}
RESULT: {}
COMMAND: POST /session/944c468b52727d644e83533e14338bba/elements - {"using":"xpath","value":"//span[text()='Error']"}
RESULT: {"using":"xpath","value":"//span[text()='Error']"}
RESULT: undefined
COMMAND: POST /session/944c468b52727d644e83533e14338bba/element - {"using":"xpath","value":"//*[@id=\"__tile97\"]"}
RESULT: {"using":"xpath","value":"//*[@id=\"__tile97\"]"}
COMMAND: POST /session/944c468b52727d644e83533e14338bba/element/f.BAEEFAFD8CEA53EE1C71283608A3603D.d.E5B9DACCF5F41315D01D61CD92B9DCB2.e.3197/click - {}
RESULT: undefined
COMMAND: POST /session/944c468b52727d644e83533e14338bba/element - {"using":"xpath","value":"//*[@id=\"__tile97\"]"}
RESULT: {"using":"xpath","value":"//*[@id=\"__tile97\"]"}
COMMAND: POST /session/944c468b52727d644e83533e14338bba/element/f.BAEEFAFD8CEA53EE1C71283608A3603D.d.E5B9DACCF5F41315D01D61CD92B9DCB2.e.3197/click - {}
RESULT: undefined
COMMAND: POST /session/944c468b52727d644e83533e14338bba/execute/async - {"script":"<script> [6424 bytes]","args":[{"element-6066-11e4-a52e-4f735466cecf":"f.BAEEFAFD8CEA53EE1C71283608A3603D.d.E5B9DACCF5F41315D01D61CD92B9DCB2.e.286"},"getTitle",[]]}
COMMAND: POST /session/944c468b52727d644e83533e14338bba/execute/async - {"script":"<script> [1562 bytes]","args":[{"selector":{"id":"shellAppTitle"},"wdio_ui5_key":"shellAppTitle"}]}
RESULT: {"script":"<script> [1562 bytes]","args":[{"selector":{"id":"shellAppTitle"},"wdio_ui5_key":"shellAppTitle"}]}
COMMAND: POST /session/944c468b52727d644e83533e14338bba/execute/async - {"script":"<script> [6424 bytes]","args":[{"element-6066-11e4-a52e-4f735466cecf":"f.BAEEFAFD8CEA53EE1C71283608A3603D.d.E5B9DACCF5F41315D01D61CD92B9DCB2.e.3219"},"getTitle",[]]}
RESULT: {"script":"<script> [6424 bytes]","args":[{"element-6066-11e4-a52e-4f735466cecf":"f.BAEEFAFD8CEA53EE1C71283608A3603D.d.E5B9DACCF5F41315D01D61CD92B9DCB2.e.3219"},"getTitle",[]]}
RESULT: undefined
COMMAND: POST /session/944c468b52727d644e83533e14338bba/element/f.BAEEFAFD8CEA53EE1C71283608A3603D.d.E5B9DACCF5F41315D01D61CD92B9DCB2.e.3195/click - {}
RESULT: {}
COMMAND: GET /session/944c468b52727d644e83533e14338bba/screenshot - {}
RESULT: {}
]]></system-out>
    </testcase>
    <testcase classname="chrome.136_0_7103_93.windows.Sanity_Tests_US104253" name="Should open Bin Status Report page" time="38.924">
      <system-out><![CDATA[
COMMAND: POST /session/944c468b52727d644e83533e14338bba/execute/async - {"script":"<script> [1562 bytes]","args":[{"selector":{"controlType":"sap.m.GenericTile","properties":{"header":"Bin Status Report"}},"wdio_ui5_key":"sapm.GenericTile{\"header\":\"Bin Status Report\"}"}]}
RESULT: {"script":"<script> [1562 bytes]","args":[{"selector":{"controlType":"sap.m.GenericTile","properties":{"header":"Bin Status Report"}},"wdio_ui5_key":"sapm.GenericTile{\"header\":\"Bin Status Report\"}"}]}
RESULT: undefined
COMMAND: POST /session/944c468b52727d644e83533e14338bba/element - {"using":"xpath","value":"//*[@id=\"__tile104\"]"}
RESULT: {"using":"xpath","value":"//*[@id=\"__tile104\"]"}
COMMAND: POST /session/944c468b52727d644e83533e14338bba/element/f.BAEEFAFD8CEA53EE1C71283608A3603D.d.E5B9DACCF5F41315D01D61CD92B9DCB2.e.3221/click - {}
RESULT: {}
COMMAND: GET /session/944c468b52727d644e83533e14338bba/screenshot - {}
RESULT: {}
COMMAND: POST /session/944c468b52727d644e83533e14338bba/elements - {"using":"xpath","value":"//span[text()='Error']"}
RESULT: {"using":"xpath","value":"//span[text()='Error']"}
RESULT: undefined
COMMAND: POST /session/944c468b52727d644e83533e14338bba/element - {"using":"xpath","value":"//*[@id=\"__tile104\"]"}
RESULT: {"using":"xpath","value":"//*[@id=\"__tile104\"]"}
COMMAND: POST /session/944c468b52727d644e83533e14338bba/element/f.BAEEFAFD8CEA53EE1C71283608A3603D.d.E5B9DACCF5F41315D01D61CD92B9DCB2.e.3221/click - {}
RESULT: undefined
COMMAND: POST /session/944c468b52727d644e83533e14338bba/element - {"using":"xpath","value":"//*[@id=\"__tile104\"]"}
RESULT: {"using":"xpath","value":"//*[@id=\"__tile104\"]"}
COMMAND: POST /session/944c468b52727d644e83533e14338bba/element/f.BAEEFAFD8CEA53EE1C71283608A3603D.d.E5B9DACCF5F41315D01D61CD92B9DCB2.e.3221/click - {}
RESULT: undefined
COMMAND: POST /session/944c468b52727d644e83533e14338bba/execute/async - {"script":"<script> [6424 bytes]","args":[{"element-6066-11e4-a52e-4f735466cecf":"f.BAEEFAFD8CEA53EE1C71283608A3603D.d.E5B9DACCF5F41315D01D61CD92B9DCB2.e.286"},"getTitle",[]]}
COMMAND: POST /session/944c468b52727d644e83533e14338bba/execute/async - {"script":"<script> [1562 bytes]","args":[{"selector":{"id":"shellAppTitle"},"wdio_ui5_key":"shellAppTitle"}]}
RESULT: {"script":"<script> [1562 bytes]","args":[{"selector":{"id":"shellAppTitle"},"wdio_ui5_key":"shellAppTitle"}]}
COMMAND: POST /session/944c468b52727d644e83533e14338bba/execute/async - {"script":"<script> [6424 bytes]","args":[{"element-6066-11e4-a52e-4f735466cecf":"f.BAEEFAFD8CEA53EE1C71283608A3603D.d.E5B9DACCF5F41315D01D61CD92B9DCB2.e.3295"},"getTitle",[]]}
RESULT: {"script":"<script> [6424 bytes]","args":[{"element-6066-11e4-a52e-4f735466cecf":"f.BAEEFAFD8CEA53EE1C71283608A3603D.d.E5B9DACCF5F41315D01D61CD92B9DCB2.e.3295"},"getTitle",[]]}
RESULT: undefined
COMMAND: POST /session/944c468b52727d644e83533e14338bba/element/f.BAEEFAFD8CEA53EE1C71283608A3603D.d.E5B9DACCF5F41315D01D61CD92B9DCB2.e.3195/click - {}
COMMAND: POST /session/944c468b52727d644e83533e14338bba/element - {"using":"xpath","value":"//*[@id=\"backBtn\"]"}
RESULT: {"using":"xpath","value":"//*[@id=\"backBtn\"]"}
COMMAND: POST /session/944c468b52727d644e83533e14338bba/element/f.BAEEFAFD8CEA53EE1C71283608A3603D.d.E5B9DACCF5F41315D01D61CD92B9DCB2.e.3195/click - {}
COMMAND: POST /session/944c468b52727d644e83533e14338bba/element - {"using":"xpath","value":"//*[@id=\"backBtn\"]"}
RESULT: {"using":"xpath","value":"//*[@id=\"backBtn\"]"}
COMMAND: POST /session/944c468b52727d644e83533e14338bba/element/f.BAEEFAFD8CEA53EE1C71283608A3603D.d.E5B9DACCF5F41315D01D61CD92B9DCB2.e.3296/click - {}
RESULT: {}
COMMAND: GET /session/944c468b52727d644e83533e14338bba/screenshot - {}
RESULT: {}
]]></system-out>
    </testcase>
    <testcase classname="chrome.136_0_7103_93.windows.Sanity_Tests_US104253" name="Should open Manage Warehouse Movements page" time="37.656">
      <system-out><![CDATA[
COMMAND: POST /session/944c468b52727d644e83533e14338bba/execute/async - {"script":"<script> [1562 bytes]","args":[{"selector":{"controlType":"sap.m.GenericTile","properties":{"header":"Manage Warehouse Movements"}},"wdio_ui5_key":"sapm.GenericTile{\"header\":\"Manage Warehouse Movements\"}"}]}
RESULT: {"script":"<script> [1562 bytes]","args":[{"selector":{"controlType":"sap.m.GenericTile","properties":{"header":"Manage Warehouse Movements"}},"wdio_ui5_key":"sapm.GenericTile{\"header\":\"Manage Warehouse Movements\"}"}]}
RESULT: undefined
COMMAND: POST /session/944c468b52727d644e83533e14338bba/element - {"using":"xpath","value":"//*[@id=\"__tile105\"]"}
RESULT: {"using":"xpath","value":"//*[@id=\"__tile105\"]"}
COMMAND: POST /session/944c468b52727d644e83533e14338bba/element/f.BAEEFAFD8CEA53EE1C71283608A3603D.d.E5B9DACCF5F41315D01D61CD92B9DCB2.e.3300/click - {}
RESULT: {}
COMMAND: GET /session/944c468b52727d644e83533e14338bba/screenshot - {}
RESULT: {}
COMMAND: POST /session/944c468b52727d644e83533e14338bba/elements - {"using":"xpath","value":"//span[text()='Error']"}
RESULT: {"using":"xpath","value":"//span[text()='Error']"}
RESULT: undefined
COMMAND: POST /session/944c468b52727d644e83533e14338bba/element - {"using":"xpath","value":"//*[@id=\"__tile105\"]"}
RESULT: {"using":"xpath","value":"//*[@id=\"__tile105\"]"}
COMMAND: POST /session/944c468b52727d644e83533e14338bba/element/f.BAEEFAFD8CEA53EE1C71283608A3603D.d.E5B9DACCF5F41315D01D61CD92B9DCB2.e.3300/click - {}
RESULT: undefined
COMMAND: POST /session/944c468b52727d644e83533e14338bba/element - {"using":"xpath","value":"//*[@id=\"__tile105\"]"}
RESULT: {"using":"xpath","value":"//*[@id=\"__tile105\"]"}
COMMAND: POST /session/944c468b52727d644e83533e14338bba/element/f.BAEEFAFD8CEA53EE1C71283608A3603D.d.E5B9DACCF5F41315D01D61CD92B9DCB2.e.3300/click - {}
RESULT: undefined
COMMAND: POST /session/944c468b52727d644e83533e14338bba/execute/async - {"script":"<script> [6424 bytes]","args":[{"element-6066-11e4-a52e-4f735466cecf":"f.BAEEFAFD8CEA53EE1C71283608A3603D.d.E5B9DACCF5F41315D01D61CD92B9DCB2.e.286"},"getTitle",[]]}
COMMAND: POST /session/944c468b52727d644e83533e14338bba/execute/async - {"script":"<script> [1562 bytes]","args":[{"selector":{"id":"shellAppTitle"},"wdio_ui5_key":"shellAppTitle"}]}
RESULT: {"script":"<script> [1562 bytes]","args":[{"selector":{"id":"shellAppTitle"},"wdio_ui5_key":"shellAppTitle"}]}
COMMAND: POST /session/944c468b52727d644e83533e14338bba/execute/async - {"script":"<script> [6424 bytes]","args":[{"element-6066-11e4-a52e-4f735466cecf":"f.BAEEFAFD8CEA53EE1C71283608A3603D.d.E5B9DACCF5F41315D01D61CD92B9DCB2.e.3386"},"getTitle",[]]}
RESULT: {"script":"<script> [6424 bytes]","args":[{"element-6066-11e4-a52e-4f735466cecf":"f.BAEEFAFD8CEA53EE1C71283608A3603D.d.E5B9DACCF5F41315D01D61CD92B9DCB2.e.3386"},"getTitle",[]]}
RESULT: undefined
COMMAND: POST /session/944c468b52727d644e83533e14338bba/element/f.BAEEFAFD8CEA53EE1C71283608A3603D.d.E5B9DACCF5F41315D01D61CD92B9DCB2.e.3296/click - {}
RESULT: {}
COMMAND: GET /session/944c468b52727d644e83533e14338bba/screenshot - {}
RESULT: {}
]]></system-out>
    </testcase>
    <testcase classname="chrome.136_0_7103_93.windows.Sanity_Tests_US104253" name="Should open Bin Inventory List page" time="40.823">
      <system-out><![CDATA[
COMMAND: POST /session/944c468b52727d644e83533e14338bba/execute/async - {"script":"<script> [1562 bytes]","args":[{"selector":{"controlType":"sap.m.GenericTile","properties":{"header":"Bin Inventory List"}},"wdio_ui5_key":"sapm.GenericTile{\"header\":\"Bin Inventory List\"}"}]}
RESULT: {"script":"<script> [1562 bytes]","args":[{"selector":{"controlType":"sap.m.GenericTile","properties":{"header":"Bin Inventory List"}},"wdio_ui5_key":"sapm.GenericTile{\"header\":\"Bin Inventory List\"}"}]}
RESULT: undefined
COMMAND: POST /session/944c468b52727d644e83533e14338bba/element - {"using":"xpath","value":"//*[@id=\"__tile103\"]"}
RESULT: {"using":"xpath","value":"//*[@id=\"__tile103\"]"}
COMMAND: POST /session/944c468b52727d644e83533e14338bba/element/f.BAEEFAFD8CEA53EE1C71283608A3603D.d.E5B9DACCF5F41315D01D61CD92B9DCB2.e.3388/click - {}
RESULT: {}
COMMAND: GET /session/944c468b52727d644e83533e14338bba/screenshot - {}
RESULT: {}
COMMAND: POST /session/944c468b52727d644e83533e14338bba/elements - {"using":"xpath","value":"//span[text()='Error']"}
RESULT: {"using":"xpath","value":"//span[text()='Error']"}
RESULT: undefined
COMMAND: POST /session/944c468b52727d644e83533e14338bba/element - {"using":"xpath","value":"//*[@id=\"__tile103\"]"}
RESULT: {"using":"xpath","value":"//*[@id=\"__tile103\"]"}
COMMAND: POST /session/944c468b52727d644e83533e14338bba/element/f.BAEEFAFD8CEA53EE1C71283608A3603D.d.E5B9DACCF5F41315D01D61CD92B9DCB2.e.3388/click - {}
RESULT: undefined
COMMAND: POST /session/944c468b52727d644e83533e14338bba/element - {"using":"xpath","value":"//*[@id=\"__tile103\"]"}
RESULT: {"using":"xpath","value":"//*[@id=\"__tile103\"]"}
COMMAND: POST /session/944c468b52727d644e83533e14338bba/element/f.BAEEFAFD8CEA53EE1C71283608A3603D.d.E5B9DACCF5F41315D01D61CD92B9DCB2.e.3388/click - {}
RESULT: undefined
COMMAND: POST /session/944c468b52727d644e83533e14338bba/execute/async - {"script":"<script> [6424 bytes]","args":[{"element-6066-11e4-a52e-4f735466cecf":"f.BAEEFAFD8CEA53EE1C71283608A3603D.d.E5B9DACCF5F41315D01D61CD92B9DCB2.e.286"},"getTitle",[]]}
COMMAND: POST /session/944c468b52727d644e83533e14338bba/execute/async - {"script":"<script> [1562 bytes]","args":[{"selector":{"id":"shellAppTitle"},"wdio_ui5_key":"shellAppTitle"}]}
RESULT: {"script":"<script> [1562 bytes]","args":[{"selector":{"id":"shellAppTitle"},"wdio_ui5_key":"shellAppTitle"}]}
COMMAND: POST /session/944c468b52727d644e83533e14338bba/execute/async - {"script":"<script> [6424 bytes]","args":[{"element-6066-11e4-a52e-4f735466cecf":"f.BAEEFAFD8CEA53EE1C71283608A3603D.d.E5B9DACCF5F41315D01D61CD92B9DCB2.e.3478"},"getTitle",[]]}
RESULT: {"script":"<script> [6424 bytes]","args":[{"element-6066-11e4-a52e-4f735466cecf":"f.BAEEFAFD8CEA53EE1C71283608A3603D.d.E5B9DACCF5F41315D01D61CD92B9DCB2.e.3478"},"getTitle",[]]}
RESULT: undefined
COMMAND: POST /session/944c468b52727d644e83533e14338bba/element/f.BAEEFAFD8CEA53EE1C71283608A3603D.d.E5B9DACCF5F41315D01D61CD92B9DCB2.e.3296/click - {}
COMMAND: POST /session/944c468b52727d644e83533e14338bba/element - {"using":"xpath","value":"//*[@id=\"backBtn\"]"}
RESULT: {"using":"xpath","value":"//*[@id=\"backBtn\"]"}
COMMAND: POST /session/944c468b52727d644e83533e14338bba/element/f.BAEEFAFD8CEA53EE1C71283608A3603D.d.E5B9DACCF5F41315D01D61CD92B9DCB2.e.3296/click - {}
COMMAND: POST /session/944c468b52727d644e83533e14338bba/element - {"using":"xpath","value":"//*[@id=\"backBtn\"]"}
RESULT: {"using":"xpath","value":"//*[@id=\"backBtn\"]"}
COMMAND: POST /session/944c468b52727d644e83533e14338bba/element/f.BAEEFAFD8CEA53EE1C71283608A3603D.d.E5B9DACCF5F41315D01D61CD92B9DCB2.e.3479/click - {}
RESULT: {}
COMMAND: GET /session/944c468b52727d644e83533e14338bba/screenshot - {}
RESULT: {}
]]></system-out>
    </testcase>
    <testcase classname="chrome.136_0_7103_93.windows.Sanity_Tests_US104253" name="Should open ISC Templates page" time="37.299">
      <system-out><![CDATA[
COMMAND: POST /session/944c468b52727d644e83533e14338bba/execute/async - {"script":"<script> [1562 bytes]","args":[{"selector":{"controlType":"sap.m.GenericTile","properties":{"header":"ISC Templates"}},"wdio_ui5_key":"sapm.GenericTile{\"header\":\"ISC Templates\"}"}]}
RESULT: {"script":"<script> [1562 bytes]","args":[{"selector":{"controlType":"sap.m.GenericTile","properties":{"header":"ISC Templates"}},"wdio_ui5_key":"sapm.GenericTile{\"header\":\"ISC Templates\"}"}]}
RESULT: undefined
COMMAND: POST /session/944c468b52727d644e83533e14338bba/element - {"using":"xpath","value":"//*[@id=\"__tile111\"]"}
RESULT: {"using":"xpath","value":"//*[@id=\"__tile111\"]"}
COMMAND: POST /session/944c468b52727d644e83533e14338bba/element/f.BAEEFAFD8CEA53EE1C71283608A3603D.d.E5B9DACCF5F41315D01D61CD92B9DCB2.e.3481/click - {}
RESULT: {}
COMMAND: GET /session/944c468b52727d644e83533e14338bba/screenshot - {}
RESULT: {}
COMMAND: POST /session/944c468b52727d644e83533e14338bba/elements - {"using":"xpath","value":"//span[text()='Error']"}
RESULT: {"using":"xpath","value":"//span[text()='Error']"}
RESULT: undefined
COMMAND: POST /session/944c468b52727d644e83533e14338bba/element - {"using":"xpath","value":"//*[@id=\"__tile111\"]"}
RESULT: {"using":"xpath","value":"//*[@id=\"__tile111\"]"}
COMMAND: POST /session/944c468b52727d644e83533e14338bba/element/f.BAEEFAFD8CEA53EE1C71283608A3603D.d.E5B9DACCF5F41315D01D61CD92B9DCB2.e.3481/click - {}
RESULT: undefined
COMMAND: POST /session/944c468b52727d644e83533e14338bba/element - {"using":"xpath","value":"//*[@id=\"__tile111\"]"}
RESULT: {"using":"xpath","value":"//*[@id=\"__tile111\"]"}
COMMAND: POST /session/944c468b52727d644e83533e14338bba/element/f.BAEEFAFD8CEA53EE1C71283608A3603D.d.E5B9DACCF5F41315D01D61CD92B9DCB2.e.3481/click - {}
RESULT: undefined
COMMAND: POST /session/944c468b52727d644e83533e14338bba/execute/async - {"script":"<script> [6424 bytes]","args":[{"element-6066-11e4-a52e-4f735466cecf":"f.BAEEFAFD8CEA53EE1C71283608A3603D.d.E5B9DACCF5F41315D01D61CD92B9DCB2.e.286"},"getTitle",[]]}
COMMAND: POST /session/944c468b52727d644e83533e14338bba/execute/async - {"script":"<script> [1562 bytes]","args":[{"selector":{"id":"shellAppTitle"},"wdio_ui5_key":"shellAppTitle"}]}
RESULT: {"script":"<script> [1562 bytes]","args":[{"selector":{"id":"shellAppTitle"},"wdio_ui5_key":"shellAppTitle"}]}
COMMAND: POST /session/944c468b52727d644e83533e14338bba/execute/async - {"script":"<script> [6424 bytes]","args":[{"element-6066-11e4-a52e-4f735466cecf":"f.BAEEFAFD8CEA53EE1C71283608A3603D.d.E5B9DACCF5F41315D01D61CD92B9DCB2.e.3555"},"getTitle",[]]}
RESULT: {"script":"<script> [6424 bytes]","args":[{"element-6066-11e4-a52e-4f735466cecf":"f.BAEEFAFD8CEA53EE1C71283608A3603D.d.E5B9DACCF5F41315D01D61CD92B9DCB2.e.3555"},"getTitle",[]]}
RESULT: undefined
COMMAND: POST /session/944c468b52727d644e83533e14338bba/element/f.BAEEFAFD8CEA53EE1C71283608A3603D.d.E5B9DACCF5F41315D01D61CD92B9DCB2.e.3479/click - {}
RESULT: {}
COMMAND: GET /session/944c468b52727d644e83533e14338bba/screenshot - {}
RESULT: {}
]]></system-out>
    </testcase>
    <testcase classname="chrome.136_0_7103_93.windows.Sanity_Tests_US104253" name="Should open ISC Schedules page" time="44.168">
      <system-out><![CDATA[
COMMAND: POST /session/944c468b52727d644e83533e14338bba/execute/async - {"script":"<script> [1562 bytes]","args":[{"selector":{"controlType":"sap.m.GenericTile","properties":{"header":"ISC Schedules"}},"wdio_ui5_key":"sapm.GenericTile{\"header\":\"ISC Schedules\"}"}]}
RESULT: {"script":"<script> [1562 bytes]","args":[{"selector":{"controlType":"sap.m.GenericTile","properties":{"header":"ISC Schedules"}},"wdio_ui5_key":"sapm.GenericTile{\"header\":\"ISC Schedules\"}"}]}
RESULT: undefined
COMMAND: POST /session/944c468b52727d644e83533e14338bba/element - {"using":"xpath","value":"//*[@id=\"__tile109\"]"}
RESULT: {"using":"xpath","value":"//*[@id=\"__tile109\"]"}
COMMAND: POST /session/944c468b52727d644e83533e14338bba/element/f.BAEEFAFD8CEA53EE1C71283608A3603D.d.E5B9DACCF5F41315D01D61CD92B9DCB2.e.3558/click - {}
RESULT: {}
COMMAND: GET /session/944c468b52727d644e83533e14338bba/screenshot - {}
RESULT: {}
COMMAND: POST /session/944c468b52727d644e83533e14338bba/elements - {"using":"xpath","value":"//span[text()='Error']"}
RESULT: {"using":"xpath","value":"//span[text()='Error']"}
RESULT: undefined
COMMAND: POST /session/944c468b52727d644e83533e14338bba/element - {"using":"xpath","value":"//*[@id=\"__tile109\"]"}
RESULT: {"using":"xpath","value":"//*[@id=\"__tile109\"]"}
COMMAND: POST /session/944c468b52727d644e83533e14338bba/element/f.BAEEFAFD8CEA53EE1C71283608A3603D.d.E5B9DACCF5F41315D01D61CD92B9DCB2.e.3558/click - {}
RESULT: undefined
COMMAND: POST /session/944c468b52727d644e83533e14338bba/element - {"using":"xpath","value":"//*[@id=\"__tile109\"]"}
RESULT: {"using":"xpath","value":"//*[@id=\"__tile109\"]"}
COMMAND: POST /session/944c468b52727d644e83533e14338bba/element/f.BAEEFAFD8CEA53EE1C71283608A3603D.d.E5B9DACCF5F41315D01D61CD92B9DCB2.e.3558/click - {}
RESULT: undefined
COMMAND: POST /session/944c468b52727d644e83533e14338bba/execute/async - {"script":"<script> [6424 bytes]","args":[{"element-6066-11e4-a52e-4f735466cecf":"f.BAEEFAFD8CEA53EE1C71283608A3603D.d.E5B9DACCF5F41315D01D61CD92B9DCB2.e.286"},"getTitle",[]]}
COMMAND: POST /session/944c468b52727d644e83533e14338bba/execute/async - {"script":"<script> [1562 bytes]","args":[{"selector":{"id":"shellAppTitle"},"wdio_ui5_key":"shellAppTitle"}]}
RESULT: {"script":"<script> [1562 bytes]","args":[{"selector":{"id":"shellAppTitle"},"wdio_ui5_key":"shellAppTitle"}]}
COMMAND: POST /session/944c468b52727d644e83533e14338bba/execute/async - {"script":"<script> [6424 bytes]","args":[{"element-6066-11e4-a52e-4f735466cecf":"f.BAEEFAFD8CEA53EE1C71283608A3603D.d.E5B9DACCF5F41315D01D61CD92B9DCB2.e.3637"},"getTitle",[]]}
RESULT: {"script":"<script> [6424 bytes]","args":[{"element-6066-11e4-a52e-4f735466cecf":"f.BAEEFAFD8CEA53EE1C71283608A3603D.d.E5B9DACCF5F41315D01D61CD92B9DCB2.e.3637"},"getTitle",[]]}
RESULT: undefined
COMMAND: POST /session/944c468b52727d644e83533e14338bba/element/f.BAEEFAFD8CEA53EE1C71283608A3603D.d.E5B9DACCF5F41315D01D61CD92B9DCB2.e.3479/click - {}
COMMAND: POST /session/944c468b52727d644e83533e14338bba/element - {"using":"xpath","value":"//*[@id=\"backBtn\"]"}
RESULT: {"using":"xpath","value":"//*[@id=\"backBtn\"]"}
COMMAND: POST /session/944c468b52727d644e83533e14338bba/element/f.BAEEFAFD8CEA53EE1C71283608A3603D.d.E5B9DACCF5F41315D01D61CD92B9DCB2.e.3479/click - {}
COMMAND: POST /session/944c468b52727d644e83533e14338bba/element - {"using":"xpath","value":"//*[@id=\"backBtn\"]"}
RESULT: {"using":"xpath","value":"//*[@id=\"backBtn\"]"}
COMMAND: POST /session/944c468b52727d644e83533e14338bba/element/f.BAEEFAFD8CEA53EE1C71283608A3603D.d.E5B9DACCF5F41315D01D61CD92B9DCB2.e.3638/click - {}
RESULT: {}
COMMAND: GET /session/944c468b52727d644e83533e14338bba/screenshot - {}
RESULT: {}
]]></system-out>
    </testcase>
    <testcase classname="chrome.136_0_7103_93.windows.Sanity_Tests_US104253" name="Should open ISC Dashboard page" time="37.246">
      <system-out><![CDATA[
COMMAND: POST /session/944c468b52727d644e83533e14338bba/execute/async - {"script":"<script> [1562 bytes]","args":[{"selector":{"controlType":"sap.m.GenericTile","properties":{"header":"ISC Dashboard"}},"wdio_ui5_key":"sapm.GenericTile{\"header\":\"ISC Dashboard\"}"}]}
RESULT: {"script":"<script> [1562 bytes]","args":[{"selector":{"controlType":"sap.m.GenericTile","properties":{"header":"ISC Dashboard"}},"wdio_ui5_key":"sapm.GenericTile{\"header\":\"ISC Dashboard\"}"}]}
RESULT: undefined
COMMAND: POST /session/944c468b52727d644e83533e14338bba/element - {"using":"xpath","value":"//*[@id=\"__tile106\"]"}
RESULT: {"using":"xpath","value":"//*[@id=\"__tile106\"]"}
COMMAND: POST /session/944c468b52727d644e83533e14338bba/element/f.BAEEFAFD8CEA53EE1C71283608A3603D.d.E5B9DACCF5F41315D01D61CD92B9DCB2.e.3640/click - {}
RESULT: {}
COMMAND: GET /session/944c468b52727d644e83533e14338bba/screenshot - {}
RESULT: {}
COMMAND: POST /session/944c468b52727d644e83533e14338bba/elements - {"using":"xpath","value":"//span[text()='Error']"}
RESULT: {"using":"xpath","value":"//span[text()='Error']"}
RESULT: undefined
COMMAND: POST /session/944c468b52727d644e83533e14338bba/element - {"using":"xpath","value":"//*[@id=\"__tile106\"]"}
RESULT: {"using":"xpath","value":"//*[@id=\"__tile106\"]"}
COMMAND: POST /session/944c468b52727d644e83533e14338bba/element/f.BAEEFAFD8CEA53EE1C71283608A3603D.d.E5B9DACCF5F41315D01D61CD92B9DCB2.e.3640/click - {}
RESULT: undefined
COMMAND: POST /session/944c468b52727d644e83533e14338bba/element - {"using":"xpath","value":"//*[@id=\"__tile106\"]"}
RESULT: {"using":"xpath","value":"//*[@id=\"__tile106\"]"}
COMMAND: POST /session/944c468b52727d644e83533e14338bba/element/f.BAEEFAFD8CEA53EE1C71283608A3603D.d.E5B9DACCF5F41315D01D61CD92B9DCB2.e.3640/click - {}
RESULT: undefined
COMMAND: POST /session/944c468b52727d644e83533e14338bba/execute/async - {"script":"<script> [6424 bytes]","args":[{"element-6066-11e4-a52e-4f735466cecf":"f.BAEEFAFD8CEA53EE1C71283608A3603D.d.E5B9DACCF5F41315D01D61CD92B9DCB2.e.286"},"getTitle",[]]}
COMMAND: POST /session/944c468b52727d644e83533e14338bba/execute/async - {"script":"<script> [1562 bytes]","args":[{"selector":{"id":"shellAppTitle"},"wdio_ui5_key":"shellAppTitle"}]}
RESULT: {"script":"<script> [1562 bytes]","args":[{"selector":{"id":"shellAppTitle"},"wdio_ui5_key":"shellAppTitle"}]}
COMMAND: POST /session/944c468b52727d644e83533e14338bba/execute/async - {"script":"<script> [6424 bytes]","args":[{"element-6066-11e4-a52e-4f735466cecf":"f.BAEEFAFD8CEA53EE1C71283608A3603D.d.E5B9DACCF5F41315D01D61CD92B9DCB2.e.3761"},"getTitle",[]]}
RESULT: {"script":"<script> [6424 bytes]","args":[{"element-6066-11e4-a52e-4f735466cecf":"f.BAEEFAFD8CEA53EE1C71283608A3603D.d.E5B9DACCF5F41315D01D61CD92B9DCB2.e.3761"},"getTitle",[]]}
RESULT: undefined
COMMAND: POST /session/944c468b52727d644e83533e14338bba/element/f.BAEEFAFD8CEA53EE1C71283608A3603D.d.E5B9DACCF5F41315D01D61CD92B9DCB2.e.3638/click - {}
RESULT: {}
COMMAND: GET /session/944c468b52727d644e83533e14338bba/screenshot - {}
RESULT: {}
]]></system-out>
    </testcase>
    <testcase classname="chrome.136_0_7103_93.windows.Sanity_Tests_US104253" name="Should open ISC Orders page" time="37.925">
      <system-out><![CDATA[
COMMAND: POST /session/944c468b52727d644e83533e14338bba/execute/async - {"script":"<script> [1562 bytes]","args":[{"selector":{"controlType":"sap.m.GenericTile","properties":{"header":"ISC Orders"}},"wdio_ui5_key":"sapm.GenericTile{\"header\":\"ISC Orders\"}"}]}
RESULT: {"script":"<script> [1562 bytes]","args":[{"selector":{"controlType":"sap.m.GenericTile","properties":{"header":"ISC Orders"}},"wdio_ui5_key":"sapm.GenericTile{\"header\":\"ISC Orders\"}"}]}
RESULT: undefined
COMMAND: POST /session/944c468b52727d644e83533e14338bba/element - {"using":"xpath","value":"//*[@id=\"__tile108\"]"}
RESULT: {"using":"xpath","value":"//*[@id=\"__tile108\"]"}
COMMAND: POST /session/944c468b52727d644e83533e14338bba/element/f.BAEEFAFD8CEA53EE1C71283608A3603D.d.E5B9DACCF5F41315D01D61CD92B9DCB2.e.3763/click - {}
RESULT: {}
COMMAND: GET /session/944c468b52727d644e83533e14338bba/screenshot - {}
RESULT: {}
COMMAND: POST /session/944c468b52727d644e83533e14338bba/elements - {"using":"xpath","value":"//span[text()='Error']"}
RESULT: {"using":"xpath","value":"//span[text()='Error']"}
RESULT: undefined
COMMAND: POST /session/944c468b52727d644e83533e14338bba/element - {"using":"xpath","value":"//*[@id=\"__tile108\"]"}
RESULT: {"using":"xpath","value":"//*[@id=\"__tile108\"]"}
COMMAND: POST /session/944c468b52727d644e83533e14338bba/element/f.BAEEFAFD8CEA53EE1C71283608A3603D.d.E5B9DACCF5F41315D01D61CD92B9DCB2.e.3763/click - {}
RESULT: undefined
COMMAND: POST /session/944c468b52727d644e83533e14338bba/element - {"using":"xpath","value":"//*[@id=\"__tile108\"]"}
RESULT: {"using":"xpath","value":"//*[@id=\"__tile108\"]"}
COMMAND: POST /session/944c468b52727d644e83533e14338bba/element/f.BAEEFAFD8CEA53EE1C71283608A3603D.d.E5B9DACCF5F41315D01D61CD92B9DCB2.e.3763/click - {}
RESULT: undefined
COMMAND: POST /session/944c468b52727d644e83533e14338bba/execute/async - {"script":"<script> [6424 bytes]","args":[{"element-6066-11e4-a52e-4f735466cecf":"f.BAEEFAFD8CEA53EE1C71283608A3603D.d.E5B9DACCF5F41315D01D61CD92B9DCB2.e.286"},"getTitle",[]]}
COMMAND: POST /session/944c468b52727d644e83533e14338bba/execute/async - {"script":"<script> [1562 bytes]","args":[{"selector":{"id":"shellAppTitle"},"wdio_ui5_key":"shellAppTitle"}]}
RESULT: {"script":"<script> [1562 bytes]","args":[{"selector":{"id":"shellAppTitle"},"wdio_ui5_key":"shellAppTitle"}]}
COMMAND: POST /session/944c468b52727d644e83533e14338bba/execute/async - {"script":"<script> [6424 bytes]","args":[{"element-6066-11e4-a52e-4f735466cecf":"f.BAEEFAFD8CEA53EE1C71283608A3603D.d.E5B9DACCF5F41315D01D61CD92B9DCB2.e.3868"},"getTitle",[]]}
RESULT: {"script":"<script> [6424 bytes]","args":[{"element-6066-11e4-a52e-4f735466cecf":"f.BAEEFAFD8CEA53EE1C71283608A3603D.d.E5B9DACCF5F41315D01D61CD92B9DCB2.e.3868"},"getTitle",[]]}
RESULT: undefined
COMMAND: POST /session/944c468b52727d644e83533e14338bba/element/f.BAEEFAFD8CEA53EE1C71283608A3603D.d.E5B9DACCF5F41315D01D61CD92B9DCB2.e.3638/click - {}
COMMAND: POST /session/944c468b52727d644e83533e14338bba/element - {"using":"xpath","value":"//*[@id=\"backBtn\"]"}
RESULT: {"using":"xpath","value":"//*[@id=\"backBtn\"]"}
COMMAND: POST /session/944c468b52727d644e83533e14338bba/element/f.BAEEFAFD8CEA53EE1C71283608A3603D.d.E5B9DACCF5F41315D01D61CD92B9DCB2.e.3638/click - {}
COMMAND: POST /session/944c468b52727d644e83533e14338bba/element - {"using":"xpath","value":"//*[@id=\"backBtn\"]"}
RESULT: {"using":"xpath","value":"//*[@id=\"backBtn\"]"}
COMMAND: POST /session/944c468b52727d644e83533e14338bba/element/f.BAEEFAFD8CEA53EE1C71283608A3603D.d.E5B9DACCF5F41315D01D61CD92B9DCB2.e.3869/click - {}
RESULT: {}
COMMAND: GET /session/944c468b52727d644e83533e14338bba/screenshot - {}
RESULT: {}
]]></system-out>
    </testcase>
    <testcase classname="chrome.136_0_7103_93.windows.Sanity_Tests_US104253" name="Should open ISC Tasks page" time="36.763">
      <system-out><![CDATA[
COMMAND: POST /session/944c468b52727d644e83533e14338bba/execute/async - {"script":"<script> [1562 bytes]","args":[{"selector":{"controlType":"sap.m.GenericTile","properties":{"header":"ISC Tasks"}},"wdio_ui5_key":"sapm.GenericTile{\"header\":\"ISC Tasks\"}"}]}
RESULT: {"script":"<script> [1562 bytes]","args":[{"selector":{"controlType":"sap.m.GenericTile","properties":{"header":"ISC Tasks"}},"wdio_ui5_key":"sapm.GenericTile{\"header\":\"ISC Tasks\"}"}]}
RESULT: undefined
COMMAND: POST /session/944c468b52727d644e83533e14338bba/element - {"using":"xpath","value":"//*[@id=\"__tile110\"]"}
RESULT: {"using":"xpath","value":"//*[@id=\"__tile110\"]"}
COMMAND: POST /session/944c468b52727d644e83533e14338bba/element/f.BAEEFAFD8CEA53EE1C71283608A3603D.d.E5B9DACCF5F41315D01D61CD92B9DCB2.e.3871/click - {}
RESULT: {}
COMMAND: GET /session/944c468b52727d644e83533e14338bba/screenshot - {}
RESULT: {}
COMMAND: POST /session/944c468b52727d644e83533e14338bba/elements - {"using":"xpath","value":"//span[text()='Error']"}
RESULT: {"using":"xpath","value":"//span[text()='Error']"}
RESULT: undefined
COMMAND: POST /session/944c468b52727d644e83533e14338bba/element - {"using":"xpath","value":"//*[@id=\"__tile110\"]"}
RESULT: {"using":"xpath","value":"//*[@id=\"__tile110\"]"}
COMMAND: POST /session/944c468b52727d644e83533e14338bba/element/f.BAEEFAFD8CEA53EE1C71283608A3603D.d.E5B9DACCF5F41315D01D61CD92B9DCB2.e.3871/click - {}
RESULT: undefined
COMMAND: POST /session/944c468b52727d644e83533e14338bba/element - {"using":"xpath","value":"//*[@id=\"__tile110\"]"}
RESULT: {"using":"xpath","value":"//*[@id=\"__tile110\"]"}
COMMAND: POST /session/944c468b52727d644e83533e14338bba/element/f.BAEEFAFD8CEA53EE1C71283608A3603D.d.E5B9DACCF5F41315D01D61CD92B9DCB2.e.3871/click - {}
RESULT: undefined
COMMAND: POST /session/944c468b52727d644e83533e14338bba/execute/async - {"script":"<script> [6424 bytes]","args":[{"element-6066-11e4-a52e-4f735466cecf":"f.BAEEFAFD8CEA53EE1C71283608A3603D.d.E5B9DACCF5F41315D01D61CD92B9DCB2.e.286"},"getTitle",[]]}
COMMAND: POST /session/944c468b52727d644e83533e14338bba/execute/async - {"script":"<script> [1562 bytes]","args":[{"selector":{"id":"shellAppTitle"},"wdio_ui5_key":"shellAppTitle"}]}
RESULT: {"script":"<script> [1562 bytes]","args":[{"selector":{"id":"shellAppTitle"},"wdio_ui5_key":"shellAppTitle"}]}
COMMAND: POST /session/944c468b52727d644e83533e14338bba/execute/async - {"script":"<script> [6424 bytes]","args":[{"element-6066-11e4-a52e-4f735466cecf":"f.BAEEFAFD8CEA53EE1C71283608A3603D.d.E5B9DACCF5F41315D01D61CD92B9DCB2.e.3953"},"getTitle",[]]}
RESULT: {"script":"<script> [6424 bytes]","args":[{"element-6066-11e4-a52e-4f735466cecf":"f.BAEEFAFD8CEA53EE1C71283608A3603D.d.E5B9DACCF5F41315D01D61CD92B9DCB2.e.3953"},"getTitle",[]]}
RESULT: undefined
COMMAND: POST /session/944c468b52727d644e83533e14338bba/element/f.BAEEFAFD8CEA53EE1C71283608A3603D.d.E5B9DACCF5F41315D01D61CD92B9DCB2.e.3869/click - {}
RESULT: {}
COMMAND: GET /session/944c468b52727d644e83533e14338bba/screenshot - {}
RESULT: {}
]]></system-out>
    </testcase>
    <testcase classname="chrome.136_0_7103_93.windows.Sanity_Tests_US104253" name="Should open Manage Resource Logbook page" time="37.853">
      <system-out><![CDATA[
COMMAND: POST /session/944c468b52727d644e83533e14338bba/execute/async - {"script":"<script> [1562 bytes]","args":[{"selector":{"controlType":"sap.m.GenericTile","properties":{"header":"Manage Resource Logbook"}},"wdio_ui5_key":"sapm.GenericTile{\"header\":\"Manage Resource Logbook\"}"}]}
RESULT: {"script":"<script> [1562 bytes]","args":[{"selector":{"controlType":"sap.m.GenericTile","properties":{"header":"Manage Resource Logbook"}},"wdio_ui5_key":"sapm.GenericTile{\"header\":\"Manage Resource Logbook\"}"}]}
RESULT: undefined
COMMAND: POST /session/944c468b52727d644e83533e14338bba/element - {"using":"xpath","value":"//*[@id=\"__tile113\"]"}
RESULT: {"using":"xpath","value":"//*[@id=\"__tile113\"]"}
COMMAND: POST /session/944c468b52727d644e83533e14338bba/element/f.BAEEFAFD8CEA53EE1C71283608A3603D.d.E5B9DACCF5F41315D01D61CD92B9DCB2.e.3955/click - {}
RESULT: {}
COMMAND: GET /session/944c468b52727d644e83533e14338bba/screenshot - {}
RESULT: {}
COMMAND: POST /session/944c468b52727d644e83533e14338bba/elements - {"using":"xpath","value":"//span[text()='Error']"}
RESULT: {"using":"xpath","value":"//span[text()='Error']"}
RESULT: undefined
COMMAND: POST /session/944c468b52727d644e83533e14338bba/element - {"using":"xpath","value":"//*[@id=\"__tile113\"]"}
RESULT: {"using":"xpath","value":"//*[@id=\"__tile113\"]"}
COMMAND: POST /session/944c468b52727d644e83533e14338bba/element/f.BAEEFAFD8CEA53EE1C71283608A3603D.d.E5B9DACCF5F41315D01D61CD92B9DCB2.e.3955/click - {}
RESULT: undefined
COMMAND: POST /session/944c468b52727d644e83533e14338bba/element - {"using":"xpath","value":"//*[@id=\"__tile113\"]"}
RESULT: {"using":"xpath","value":"//*[@id=\"__tile113\"]"}
COMMAND: POST /session/944c468b52727d644e83533e14338bba/element/f.BAEEFAFD8CEA53EE1C71283608A3603D.d.E5B9DACCF5F41315D01D61CD92B9DCB2.e.3955/click - {}
RESULT: undefined
COMMAND: POST /session/944c468b52727d644e83533e14338bba/execute/async - {"script":"<script> [6424 bytes]","args":[{"element-6066-11e4-a52e-4f735466cecf":"f.BAEEFAFD8CEA53EE1C71283608A3603D.d.E5B9DACCF5F41315D01D61CD92B9DCB2.e.286"},"getTitle",[]]}
COMMAND: POST /session/944c468b52727d644e83533e14338bba/execute/async - {"script":"<script> [1562 bytes]","args":[{"selector":{"id":"shellAppTitle"},"wdio_ui5_key":"shellAppTitle"}]}
RESULT: {"script":"<script> [1562 bytes]","args":[{"selector":{"id":"shellAppTitle"},"wdio_ui5_key":"shellAppTitle"}]}
COMMAND: POST /session/944c468b52727d644e83533e14338bba/execute/async - {"script":"<script> [6424 bytes]","args":[{"element-6066-11e4-a52e-4f735466cecf":"f.BAEEFAFD8CEA53EE1C71283608A3603D.d.E5B9DACCF5F41315D01D61CD92B9DCB2.e.4059"},"getTitle",[]]}
RESULT: {"script":"<script> [6424 bytes]","args":[{"element-6066-11e4-a52e-4f735466cecf":"f.BAEEFAFD8CEA53EE1C71283608A3603D.d.E5B9DACCF5F41315D01D61CD92B9DCB2.e.4059"},"getTitle",[]]}
RESULT: undefined
COMMAND: POST /session/944c468b52727d644e83533e14338bba/element/f.BAEEFAFD8CEA53EE1C71283608A3603D.d.E5B9DACCF5F41315D01D61CD92B9DCB2.e.3869/click - {}
COMMAND: POST /session/944c468b52727d644e83533e14338bba/element - {"using":"xpath","value":"//*[@id=\"backBtn\"]"}
RESULT: {"using":"xpath","value":"//*[@id=\"backBtn\"]"}
COMMAND: POST /session/944c468b52727d644e83533e14338bba/element/f.BAEEFAFD8CEA53EE1C71283608A3603D.d.E5B9DACCF5F41315D01D61CD92B9DCB2.e.3869/click - {}
COMMAND: POST /session/944c468b52727d644e83533e14338bba/element - {"using":"xpath","value":"//*[@id=\"backBtn\"]"}
RESULT: {"using":"xpath","value":"//*[@id=\"backBtn\"]"}
COMMAND: POST /session/944c468b52727d644e83533e14338bba/element/f.BAEEFAFD8CEA53EE1C71283608A3603D.d.E5B9DACCF5F41315D01D61CD92B9DCB2.e.4060/click - {}
RESULT: {}
COMMAND: GET /session/944c468b52727d644e83533e14338bba/screenshot - {}
RESULT: {}
]]></system-out>
    </testcase>
    <testcase classname="chrome.136_0_7103_93.windows.Sanity_Tests_US104253" name="Should open Manage Logbook page" time="37.772">
      <system-out><![CDATA[
COMMAND: POST /session/944c468b52727d644e83533e14338bba/execute/async - {"script":"<script> [1562 bytes]","args":[{"selector":{"controlType":"sap.m.GenericTile","properties":{"header":"Manage Logbook"}},"wdio_ui5_key":"sapm.GenericTile{\"header\":\"Manage Logbook\"}"}]}
RESULT: {"script":"<script> [1562 bytes]","args":[{"selector":{"controlType":"sap.m.GenericTile","properties":{"header":"Manage Logbook"}},"wdio_ui5_key":"sapm.GenericTile{\"header\":\"Manage Logbook\"}"}]}
RESULT: undefined
COMMAND: POST /session/944c468b52727d644e83533e14338bba/element - {"using":"xpath","value":"//*[@id=\"__tile112\"]"}
RESULT: {"using":"xpath","value":"//*[@id=\"__tile112\"]"}
COMMAND: POST /session/944c468b52727d644e83533e14338bba/element/f.BAEEFAFD8CEA53EE1C71283608A3603D.d.E5B9DACCF5F41315D01D61CD92B9DCB2.e.4062/click - {}
RESULT: {}
COMMAND: GET /session/944c468b52727d644e83533e14338bba/screenshot - {}
RESULT: {}
COMMAND: POST /session/944c468b52727d644e83533e14338bba/elements - {"using":"xpath","value":"//span[text()='Error']"}
RESULT: {"using":"xpath","value":"//span[text()='Error']"}
RESULT: undefined
COMMAND: POST /session/944c468b52727d644e83533e14338bba/element - {"using":"xpath","value":"//*[@id=\"__tile112\"]"}
RESULT: {"using":"xpath","value":"//*[@id=\"__tile112\"]"}
COMMAND: POST /session/944c468b52727d644e83533e14338bba/element/f.BAEEFAFD8CEA53EE1C71283608A3603D.d.E5B9DACCF5F41315D01D61CD92B9DCB2.e.4062/click - {}
RESULT: undefined
COMMAND: POST /session/944c468b52727d644e83533e14338bba/element - {"using":"xpath","value":"//*[@id=\"__tile112\"]"}
RESULT: {"using":"xpath","value":"//*[@id=\"__tile112\"]"}
COMMAND: POST /session/944c468b52727d644e83533e14338bba/element/f.BAEEFAFD8CEA53EE1C71283608A3603D.d.E5B9DACCF5F41315D01D61CD92B9DCB2.e.4062/click - {}
RESULT: undefined
COMMAND: POST /session/944c468b52727d644e83533e14338bba/execute/async - {"script":"<script> [6424 bytes]","args":[{"element-6066-11e4-a52e-4f735466cecf":"f.BAEEFAFD8CEA53EE1C71283608A3603D.d.E5B9DACCF5F41315D01D61CD92B9DCB2.e.286"},"getTitle",[]]}
COMMAND: POST /session/944c468b52727d644e83533e14338bba/execute/async - {"script":"<script> [1562 bytes]","args":[{"selector":{"id":"shellAppTitle"},"wdio_ui5_key":"shellAppTitle"}]}
RESULT: {"script":"<script> [1562 bytes]","args":[{"selector":{"id":"shellAppTitle"},"wdio_ui5_key":"shellAppTitle"}]}
COMMAND: POST /session/944c468b52727d644e83533e14338bba/execute/async - {"script":"<script> [6424 bytes]","args":[{"element-6066-11e4-a52e-4f735466cecf":"f.BAEEFAFD8CEA53EE1C71283608A3603D.d.E5B9DACCF5F41315D01D61CD92B9DCB2.e.4148"},"getTitle",[]]}
RESULT: {"script":"<script> [6424 bytes]","args":[{"element-6066-11e4-a52e-4f735466cecf":"f.BAEEFAFD8CEA53EE1C71283608A3603D.d.E5B9DACCF5F41315D01D61CD92B9DCB2.e.4148"},"getTitle",[]]}
RESULT: undefined
COMMAND: POST /session/944c468b52727d644e83533e14338bba/element/f.BAEEFAFD8CEA53EE1C71283608A3603D.d.E5B9DACCF5F41315D01D61CD92B9DCB2.e.4060/click - {}
RESULT: {}
COMMAND: GET /session/944c468b52727d644e83533e14338bba/screenshot - {}
RESULT: {}
]]></system-out>
    </testcase>
    <testcase classname="chrome.136_0_7103_93.windows.Sanity_Tests_US104253" name="Should open ISC Orders Calendar page" time="38.922">
      <system-out><![CDATA[
COMMAND: POST /session/944c468b52727d644e83533e14338bba/execute/async - {"script":"<script> [1562 bytes]","args":[{"selector":{"controlType":"sap.m.GenericTile","properties":{"header":"ISC Orders Calendar"}},"wdio_ui5_key":"sapm.GenericTile{\"header\":\"ISC Orders Calendar\"}"}]}
RESULT: {"script":"<script> [1562 bytes]","args":[{"selector":{"controlType":"sap.m.GenericTile","properties":{"header":"ISC Orders Calendar"}},"wdio_ui5_key":"sapm.GenericTile{\"header\":\"ISC Orders Calendar\"}"}]}
RESULT: undefined
COMMAND: POST /session/944c468b52727d644e83533e14338bba/element - {"using":"xpath","value":"//*[@id=\"__tile107\"]"}
RESULT: {"using":"xpath","value":"//*[@id=\"__tile107\"]"}
COMMAND: POST /session/944c468b52727d644e83533e14338bba/element/f.BAEEFAFD8CEA53EE1C71283608A3603D.d.E5B9DACCF5F41315D01D61CD92B9DCB2.e.4150/click - {}
RESULT: {}
COMMAND: GET /session/944c468b52727d644e83533e14338bba/screenshot - {}
RESULT: {}
COMMAND: POST /session/944c468b52727d644e83533e14338bba/elements - {"using":"xpath","value":"//span[text()='Error']"}
RESULT: {"using":"xpath","value":"//span[text()='Error']"}
RESULT: undefined
COMMAND: POST /session/944c468b52727d644e83533e14338bba/element - {"using":"xpath","value":"//*[@id=\"__tile107\"]"}
RESULT: {"using":"xpath","value":"//*[@id=\"__tile107\"]"}
COMMAND: POST /session/944c468b52727d644e83533e14338bba/element/f.BAEEFAFD8CEA53EE1C71283608A3603D.d.E5B9DACCF5F41315D01D61CD92B9DCB2.e.4150/click - {}
RESULT: undefined
COMMAND: POST /session/944c468b52727d644e83533e14338bba/element - {"using":"xpath","value":"//*[@id=\"__tile107\"]"}
RESULT: {"using":"xpath","value":"//*[@id=\"__tile107\"]"}
COMMAND: POST /session/944c468b52727d644e83533e14338bba/element/f.BAEEFAFD8CEA53EE1C71283608A3603D.d.E5B9DACCF5F41315D01D61CD92B9DCB2.e.4150/click - {}
RESULT: undefined
COMMAND: POST /session/944c468b52727d644e83533e14338bba/execute/async - {"script":"<script> [6424 bytes]","args":[{"element-6066-11e4-a52e-4f735466cecf":"f.BAEEFAFD8CEA53EE1C71283608A3603D.d.E5B9DACCF5F41315D01D61CD92B9DCB2.e.286"},"getTitle",[]]}
COMMAND: POST /session/944c468b52727d644e83533e14338bba/execute/async - {"script":"<script> [1562 bytes]","args":[{"selector":{"id":"shellAppTitle"},"wdio_ui5_key":"shellAppTitle"}]}
RESULT: {"script":"<script> [1562 bytes]","args":[{"selector":{"id":"shellAppTitle"},"wdio_ui5_key":"shellAppTitle"}]}
COMMAND: POST /session/944c468b52727d644e83533e14338bba/execute/async - {"script":"<script> [6424 bytes]","args":[{"element-6066-11e4-a52e-4f735466cecf":"f.BAEEFAFD8CEA53EE1C71283608A3603D.d.E5B9DACCF5F41315D01D61CD92B9DCB2.e.4366"},"getTitle",[]]}
RESULT: {"script":"<script> [6424 bytes]","args":[{"element-6066-11e4-a52e-4f735466cecf":"f.BAEEFAFD8CEA53EE1C71283608A3603D.d.E5B9DACCF5F41315D01D61CD92B9DCB2.e.4366"},"getTitle",[]]}
RESULT: undefined
COMMAND: POST /session/944c468b52727d644e83533e14338bba/element/f.BAEEFAFD8CEA53EE1C71283608A3603D.d.E5B9DACCF5F41315D01D61CD92B9DCB2.e.4060/click - {}
COMMAND: POST /session/944c468b52727d644e83533e14338bba/element - {"using":"xpath","value":"//*[@id=\"backBtn\"]"}
RESULT: {"using":"xpath","value":"//*[@id=\"backBtn\"]"}
COMMAND: POST /session/944c468b52727d644e83533e14338bba/element/f.BAEEFAFD8CEA53EE1C71283608A3603D.d.E5B9DACCF5F41315D01D61CD92B9DCB2.e.4060/click - {}
COMMAND: POST /session/944c468b52727d644e83533e14338bba/element - {"using":"xpath","value":"//*[@id=\"backBtn\"]"}
RESULT: {"using":"xpath","value":"//*[@id=\"backBtn\"]"}
COMMAND: POST /session/944c468b52727d644e83533e14338bba/element/f.BAEEFAFD8CEA53EE1C71283608A3603D.d.E5B9DACCF5F41315D01D61CD92B9DCB2.e.4367/click - {}
RESULT: {}
COMMAND: GET /session/944c468b52727d644e83533e14338bba/screenshot - {}
RESULT: {}
]]></system-out>
    </testcase>
    <testcase classname="chrome.136_0_7103_93.windows.Sanity_Tests_US104253" name="Should open Configure System page" time="36.551">
      <system-out><![CDATA[
COMMAND: POST /session/944c468b52727d644e83533e14338bba/execute/async - {"script":"<script> [1562 bytes]","args":[{"selector":{"controlType":"sap.m.GenericTile","properties":{"header":"Configure System"}},"wdio_ui5_key":"sapm.GenericTile{\"header\":\"Configure System\"}"}]}
RESULT: {"script":"<script> [1562 bytes]","args":[{"selector":{"controlType":"sap.m.GenericTile","properties":{"header":"Configure System"}},"wdio_ui5_key":"sapm.GenericTile{\"header\":\"Configure System\"}"}]}
RESULT: undefined
COMMAND: POST /session/944c468b52727d644e83533e14338bba/element - {"using":"xpath","value":"//*[@id=\"__tile114\"]"}
RESULT: {"using":"xpath","value":"//*[@id=\"__tile114\"]"}
COMMAND: POST /session/944c468b52727d644e83533e14338bba/element/f.BAEEFAFD8CEA53EE1C71283608A3603D.d.E5B9DACCF5F41315D01D61CD92B9DCB2.e.4369/click - {}
RESULT: {}
COMMAND: GET /session/944c468b52727d644e83533e14338bba/screenshot - {}
RESULT: {}
COMMAND: POST /session/944c468b52727d644e83533e14338bba/elements - {"using":"xpath","value":"//span[text()='Error']"}
RESULT: {"using":"xpath","value":"//span[text()='Error']"}
RESULT: undefined
COMMAND: POST /session/944c468b52727d644e83533e14338bba/element - {"using":"xpath","value":"//*[@id=\"__tile114\"]"}
RESULT: {"using":"xpath","value":"//*[@id=\"__tile114\"]"}
COMMAND: POST /session/944c468b52727d644e83533e14338bba/element/f.BAEEFAFD8CEA53EE1C71283608A3603D.d.E5B9DACCF5F41315D01D61CD92B9DCB2.e.4369/click - {}
RESULT: undefined
COMMAND: POST /session/944c468b52727d644e83533e14338bba/element - {"using":"xpath","value":"//*[@id=\"__tile114\"]"}
RESULT: {"using":"xpath","value":"//*[@id=\"__tile114\"]"}
COMMAND: POST /session/944c468b52727d644e83533e14338bba/element/f.BAEEFAFD8CEA53EE1C71283608A3603D.d.E5B9DACCF5F41315D01D61CD92B9DCB2.e.4369/click - {}
RESULT: undefined
COMMAND: POST /session/944c468b52727d644e83533e14338bba/execute/async - {"script":"<script> [6424 bytes]","args":[{"element-6066-11e4-a52e-4f735466cecf":"f.BAEEFAFD8CEA53EE1C71283608A3603D.d.E5B9DACCF5F41315D01D61CD92B9DCB2.e.286"},"getTitle",[]]}
COMMAND: POST /session/944c468b52727d644e83533e14338bba/execute/async - {"script":"<script> [1562 bytes]","args":[{"selector":{"id":"shellAppTitle"},"wdio_ui5_key":"shellAppTitle"}]}
RESULT: {"script":"<script> [1562 bytes]","args":[{"selector":{"id":"shellAppTitle"},"wdio_ui5_key":"shellAppTitle"}]}
COMMAND: POST /session/944c468b52727d644e83533e14338bba/execute/async - {"script":"<script> [6424 bytes]","args":[{"element-6066-11e4-a52e-4f735466cecf":"f.BAEEFAFD8CEA53EE1C71283608A3603D.d.E5B9DACCF5F41315D01D61CD92B9DCB2.e.4410"},"getTitle",[]]}
RESULT: {"script":"<script> [6424 bytes]","args":[{"element-6066-11e4-a52e-4f735466cecf":"f.BAEEFAFD8CEA53EE1C71283608A3603D.d.E5B9DACCF5F41315D01D61CD92B9DCB2.e.4410"},"getTitle",[]]}
RESULT: undefined
COMMAND: POST /session/944c468b52727d644e83533e14338bba/element/f.BAEEFAFD8CEA53EE1C71283608A3603D.d.E5B9DACCF5F41315D01D61CD92B9DCB2.e.4367/click - {}
RESULT: {}
COMMAND: GET /session/944c468b52727d644e83533e14338bba/screenshot - {}
RESULT: {}
]]></system-out>
    </testcase>
    <testcase classname="chrome.136_0_7103_93.windows.Sanity_Tests_US104253" name="Should open Manage Classifications page" time="42.962">
      <system-out><![CDATA[
COMMAND: POST /session/944c468b52727d644e83533e14338bba/execute/async - {"script":"<script> [1562 bytes]","args":[{"selector":{"controlType":"sap.m.GenericTile","properties":{"header":"Manage Classifications"}},"wdio_ui5_key":"sapm.GenericTile{\"header\":\"Manage Classifications\"}"}]}
RESULT: {"script":"<script> [1562 bytes]","args":[{"selector":{"controlType":"sap.m.GenericTile","properties":{"header":"Manage Classifications"}},"wdio_ui5_key":"sapm.GenericTile{\"header\":\"Manage Classifications\"}"}]}
RESULT: undefined
COMMAND: POST /session/944c468b52727d644e83533e14338bba/element - {"using":"xpath","value":"//*[@id=\"__tile115\"]"}
RESULT: {"using":"xpath","value":"//*[@id=\"__tile115\"]"}
COMMAND: POST /session/944c468b52727d644e83533e14338bba/element/f.BAEEFAFD8CEA53EE1C71283608A3603D.d.E5B9DACCF5F41315D01D61CD92B9DCB2.e.4414/click - {}
RESULT: {}
COMMAND: GET /session/944c468b52727d644e83533e14338bba/screenshot - {}
RESULT: {}
COMMAND: POST /session/944c468b52727d644e83533e14338bba/elements - {"using":"xpath","value":"//span[text()='Error']"}
RESULT: {"using":"xpath","value":"//span[text()='Error']"}
RESULT: undefined
COMMAND: POST /session/944c468b52727d644e83533e14338bba/element - {"using":"xpath","value":"//*[@id=\"__tile115\"]"}
RESULT: {"using":"xpath","value":"//*[@id=\"__tile115\"]"}
COMMAND: POST /session/944c468b52727d644e83533e14338bba/element/f.BAEEFAFD8CEA53EE1C71283608A3603D.d.E5B9DACCF5F41315D01D61CD92B9DCB2.e.4414/click - {}
RESULT: undefined
COMMAND: POST /session/944c468b52727d644e83533e14338bba/element - {"using":"xpath","value":"//*[@id=\"__tile115\"]"}
RESULT: {"using":"xpath","value":"//*[@id=\"__tile115\"]"}
COMMAND: POST /session/944c468b52727d644e83533e14338bba/element/f.BAEEFAFD8CEA53EE1C71283608A3603D.d.E5B9DACCF5F41315D01D61CD92B9DCB2.e.4414/click - {}
RESULT: undefined
COMMAND: POST /session/944c468b52727d644e83533e14338bba/execute/async - {"script":"<script> [6424 bytes]","args":[{"element-6066-11e4-a52e-4f735466cecf":"f.BAEEFAFD8CEA53EE1C71283608A3603D.d.E5B9DACCF5F41315D01D61CD92B9DCB2.e.286"},"getTitle",[]]}
COMMAND: POST /session/944c468b52727d644e83533e14338bba/execute/async - {"script":"<script> [1562 bytes]","args":[{"selector":{"id":"shellAppTitle"},"wdio_ui5_key":"shellAppTitle"}]}
RESULT: {"script":"<script> [1562 bytes]","args":[{"selector":{"id":"shellAppTitle"},"wdio_ui5_key":"shellAppTitle"}]}
COMMAND: POST /session/944c468b52727d644e83533e14338bba/execute/async - {"script":"<script> [6424 bytes]","args":[{"element-6066-11e4-a52e-4f735466cecf":"f.BAEEFAFD8CEA53EE1C71283608A3603D.d.E5B9DACCF5F41315D01D61CD92B9DCB2.e.4664"},"getTitle",[]]}
RESULT: {"script":"<script> [6424 bytes]","args":[{"element-6066-11e4-a52e-4f735466cecf":"f.BAEEFAFD8CEA53EE1C71283608A3603D.d.E5B9DACCF5F41315D01D61CD92B9DCB2.e.4664"},"getTitle",[]]}
RESULT: undefined
COMMAND: POST /session/944c468b52727d644e83533e14338bba/element/f.BAEEFAFD8CEA53EE1C71283608A3603D.d.E5B9DACCF5F41315D01D61CD92B9DCB2.e.4367/click - {}
COMMAND: POST /session/944c468b52727d644e83533e14338bba/element - {"using":"xpath","value":"//*[@id=\"backBtn\"]"}
RESULT: {"using":"xpath","value":"//*[@id=\"backBtn\"]"}
COMMAND: POST /session/944c468b52727d644e83533e14338bba/element/f.BAEEFAFD8CEA53EE1C71283608A3603D.d.E5B9DACCF5F41315D01D61CD92B9DCB2.e.4367/click - {}
COMMAND: POST /session/944c468b52727d644e83533e14338bba/element - {"using":"xpath","value":"//*[@id=\"backBtn\"]"}
RESULT: {"using":"xpath","value":"//*[@id=\"backBtn\"]"}
COMMAND: POST /session/944c468b52727d644e83533e14338bba/element/f.BAEEFAFD8CEA53EE1C71283608A3603D.d.E5B9DACCF5F41315D01D61CD92B9DCB2.e.4665/click - {}
RESULT: {}
COMMAND: GET /session/944c468b52727d644e83533e14338bba/screenshot - {}
RESULT: {}
]]></system-out>
    </testcase>
    <testcase classname="chrome.136_0_7103_93.windows.Sanity_Tests_US104253" name="Should open Data Explorer page" time="38.134">
      <system-out><![CDATA[
COMMAND: POST /session/944c468b52727d644e83533e14338bba/execute/async - {"script":"<script> [1562 bytes]","args":[{"selector":{"controlType":"sap.m.GenericTile","properties":{"header":"Data Explorer"}},"wdio_ui5_key":"sapm.GenericTile{\"header\":\"Data Explorer\"}"}]}
RESULT: {"script":"<script> [1562 bytes]","args":[{"selector":{"controlType":"sap.m.GenericTile","properties":{"header":"Data Explorer"}},"wdio_ui5_key":"sapm.GenericTile{\"header\":\"Data Explorer\"}"}]}
RESULT: undefined
COMMAND: POST /session/944c468b52727d644e83533e14338bba/element - {"using":"xpath","value":"//*[@id=\"__tile117\"]"}
RESULT: {"using":"xpath","value":"//*[@id=\"__tile117\"]"}
COMMAND: POST /session/944c468b52727d644e83533e14338bba/element/f.BAEEFAFD8CEA53EE1C71283608A3603D.d.E5B9DACCF5F41315D01D61CD92B9DCB2.e.4667/click - {}
RESULT: {}
COMMAND: GET /session/944c468b52727d644e83533e14338bba/screenshot - {}
RESULT: {}
COMMAND: POST /session/944c468b52727d644e83533e14338bba/elements - {"using":"xpath","value":"//span[text()='Error']"}
RESULT: {"using":"xpath","value":"//span[text()='Error']"}
RESULT: undefined
COMMAND: POST /session/944c468b52727d644e83533e14338bba/element - {"using":"xpath","value":"//*[@id=\"__tile117\"]"}
RESULT: {"using":"xpath","value":"//*[@id=\"__tile117\"]"}
COMMAND: POST /session/944c468b52727d644e83533e14338bba/element/f.BAEEFAFD8CEA53EE1C71283608A3603D.d.E5B9DACCF5F41315D01D61CD92B9DCB2.e.4667/click - {}
RESULT: undefined
COMMAND: POST /session/944c468b52727d644e83533e14338bba/element - {"using":"xpath","value":"//*[@id=\"__tile117\"]"}
RESULT: {"using":"xpath","value":"//*[@id=\"__tile117\"]"}
COMMAND: POST /session/944c468b52727d644e83533e14338bba/element/f.BAEEFAFD8CEA53EE1C71283608A3603D.d.E5B9DACCF5F41315D01D61CD92B9DCB2.e.4667/click - {}
RESULT: undefined
COMMAND: POST /session/944c468b52727d644e83533e14338bba/execute/async - {"script":"<script> [6424 bytes]","args":[{"element-6066-11e4-a52e-4f735466cecf":"f.BAEEFAFD8CEA53EE1C71283608A3603D.d.E5B9DACCF5F41315D01D61CD92B9DCB2.e.286"},"getTitle",[]]}
COMMAND: POST /session/944c468b52727d644e83533e14338bba/execute/async - {"script":"<script> [1562 bytes]","args":[{"selector":{"id":"shellAppTitle"},"wdio_ui5_key":"shellAppTitle"}]}
RESULT: {"script":"<script> [1562 bytes]","args":[{"selector":{"id":"shellAppTitle"},"wdio_ui5_key":"shellAppTitle"}]}
COMMAND: POST /session/944c468b52727d644e83533e14338bba/execute/async - {"script":"<script> [6424 bytes]","args":[{"element-6066-11e4-a52e-4f735466cecf":"f.BAEEFAFD8CEA53EE1C71283608A3603D.d.E5B9DACCF5F41315D01D61CD92B9DCB2.e.5003"},"getTitle",[]]}
RESULT: {"script":"<script> [6424 bytes]","args":[{"element-6066-11e4-a52e-4f735466cecf":"f.BAEEFAFD8CEA53EE1C71283608A3603D.d.E5B9DACCF5F41315D01D61CD92B9DCB2.e.5003"},"getTitle",[]]}
RESULT: undefined
COMMAND: POST /session/944c468b52727d644e83533e14338bba/element/f.BAEEFAFD8CEA53EE1C71283608A3603D.d.E5B9DACCF5F41315D01D61CD92B9DCB2.e.4665/click - {}
RESULT: {}
COMMAND: GET /session/944c468b52727d644e83533e14338bba/screenshot - {}
RESULT: {}
]]></system-out>
    </testcase>
    <testcase classname="chrome.136_0_7103_93.windows.Sanity_Tests_US104253" name="Should open Performance Monitor page" time="36.47">
      <system-out><![CDATA[
COMMAND: POST /session/944c468b52727d644e83533e14338bba/execute/async - {"script":"<script> [1562 bytes]","args":[{"selector":{"controlType":"sap.m.GenericTile","properties":{"header":"Performance Monitor"}},"wdio_ui5_key":"sapm.GenericTile{\"header\":\"Performance Monitor\"}"}]}
RESULT: {"script":"<script> [1562 bytes]","args":[{"selector":{"controlType":"sap.m.GenericTile","properties":{"header":"Performance Monitor"}},"wdio_ui5_key":"sapm.GenericTile{\"header\":\"Performance Monitor\"}"}]}
RESULT: undefined
COMMAND: POST /session/944c468b52727d644e83533e14338bba/element - {"using":"xpath","value":"//*[@id=\"__tile116\"]"}
RESULT: {"using":"xpath","value":"//*[@id=\"__tile116\"]"}
COMMAND: POST /session/944c468b52727d644e83533e14338bba/element/f.BAEEFAFD8CEA53EE1C71283608A3603D.d.E5B9DACCF5F41315D01D61CD92B9DCB2.e.5005/click - {}
RESULT: {}
COMMAND: GET /session/944c468b52727d644e83533e14338bba/screenshot - {}
RESULT: {}
COMMAND: POST /session/944c468b52727d644e83533e14338bba/elements - {"using":"xpath","value":"//span[text()='Error']"}
RESULT: {"using":"xpath","value":"//span[text()='Error']"}
RESULT: undefined
COMMAND: POST /session/944c468b52727d644e83533e14338bba/element - {"using":"xpath","value":"//*[@id=\"__tile116\"]"}
RESULT: {"using":"xpath","value":"//*[@id=\"__tile116\"]"}
COMMAND: POST /session/944c468b52727d644e83533e14338bba/element/f.BAEEFAFD8CEA53EE1C71283608A3603D.d.E5B9DACCF5F41315D01D61CD92B9DCB2.e.5005/click - {}
RESULT: undefined
COMMAND: POST /session/944c468b52727d644e83533e14338bba/element - {"using":"xpath","value":"//*[@id=\"__tile116\"]"}
RESULT: {"using":"xpath","value":"//*[@id=\"__tile116\"]"}
COMMAND: POST /session/944c468b52727d644e83533e14338bba/element/f.BAEEFAFD8CEA53EE1C71283608A3603D.d.E5B9DACCF5F41315D01D61CD92B9DCB2.e.5005/click - {}
RESULT: undefined
COMMAND: POST /session/944c468b52727d644e83533e14338bba/execute/async - {"script":"<script> [6424 bytes]","args":[{"element-6066-11e4-a52e-4f735466cecf":"f.BAEEFAFD8CEA53EE1C71283608A3603D.d.E5B9DACCF5F41315D01D61CD92B9DCB2.e.286"},"getTitle",[]]}
COMMAND: POST /session/944c468b52727d644e83533e14338bba/execute/async - {"script":"<script> [1562 bytes]","args":[{"selector":{"id":"shellAppTitle"},"wdio_ui5_key":"shellAppTitle"}]}
RESULT: {"script":"<script> [1562 bytes]","args":[{"selector":{"id":"shellAppTitle"},"wdio_ui5_key":"shellAppTitle"}]}
COMMAND: POST /session/944c468b52727d644e83533e14338bba/execute/async - {"script":"<script> [6424 bytes]","args":[{"element-6066-11e4-a52e-4f735466cecf":"f.BAEEFAFD8CEA53EE1C71283608A3603D.d.E5B9DACCF5F41315D01D61CD92B9DCB2.e.5046"},"getTitle",[]]}
RESULT: {"script":"<script> [6424 bytes]","args":[{"element-6066-11e4-a52e-4f735466cecf":"f.BAEEFAFD8CEA53EE1C71283608A3603D.d.E5B9DACCF5F41315D01D61CD92B9DCB2.e.5046"},"getTitle",[]]}
RESULT: undefined
COMMAND: POST /session/944c468b52727d644e83533e14338bba/element/f.BAEEFAFD8CEA53EE1C71283608A3603D.d.E5B9DACCF5F41315D01D61CD92B9DCB2.e.4665/click - {}
COMMAND: POST /session/944c468b52727d644e83533e14338bba/element - {"using":"xpath","value":"//*[@id=\"backBtn\"]"}
RESULT: {"using":"xpath","value":"//*[@id=\"backBtn\"]"}
COMMAND: POST /session/944c468b52727d644e83533e14338bba/element/f.BAEEFAFD8CEA53EE1C71283608A3603D.d.E5B9DACCF5F41315D01D61CD92B9DCB2.e.4665/click - {}
COMMAND: POST /session/944c468b52727d644e83533e14338bba/element - {"using":"xpath","value":"//*[@id=\"backBtn\"]"}
RESULT: {"using":"xpath","value":"//*[@id=\"backBtn\"]"}
COMMAND: POST /session/944c468b52727d644e83533e14338bba/element/f.BAEEFAFD8CEA53EE1C71283608A3603D.d.E5B9DACCF5F41315D01D61CD92B9DCB2.e.5047/click - {}
RESULT: {}
COMMAND: GET /session/944c468b52727d644e83533e14338bba/screenshot - {}
RESULT: {}
]]></system-out>
    </testcase>
    <testcase classname="chrome.136_0_7103_93.windows.Sanity_Tests_US104253" name="Should open Organizational Model page" time="37.626">
      <system-out><![CDATA[
COMMAND: POST /session/944c468b52727d644e83533e14338bba/execute/async - {"script":"<script> [1562 bytes]","args":[{"selector":{"controlType":"sap.m.GenericTile","properties":{"header":"Organizational Model"}},"wdio_ui5_key":"sapm.GenericTile{\"header\":\"Organizational Model\"}"}]}
RESULT: {"script":"<script> [1562 bytes]","args":[{"selector":{"controlType":"sap.m.GenericTile","properties":{"header":"Organizational Model"}},"wdio_ui5_key":"sapm.GenericTile{\"header\":\"Organizational Model\"}"}]}
RESULT: undefined
COMMAND: POST /session/944c468b52727d644e83533e14338bba/element - {"using":"xpath","value":"//*[@id=\"__tile120\"]"}
RESULT: {"using":"xpath","value":"//*[@id=\"__tile120\"]"}
COMMAND: POST /session/944c468b52727d644e83533e14338bba/element/f.BAEEFAFD8CEA53EE1C71283608A3603D.d.E5B9DACCF5F41315D01D61CD92B9DCB2.e.5050/click - {}
RESULT: {}
COMMAND: GET /session/944c468b52727d644e83533e14338bba/screenshot - {}
RESULT: {}
COMMAND: POST /session/944c468b52727d644e83533e14338bba/elements - {"using":"xpath","value":"//span[text()='Error']"}
RESULT: {"using":"xpath","value":"//span[text()='Error']"}
RESULT: undefined
COMMAND: POST /session/944c468b52727d644e83533e14338bba/element - {"using":"xpath","value":"//*[@id=\"__tile120\"]"}
RESULT: {"using":"xpath","value":"//*[@id=\"__tile120\"]"}
COMMAND: POST /session/944c468b52727d644e83533e14338bba/element/f.BAEEFAFD8CEA53EE1C71283608A3603D.d.E5B9DACCF5F41315D01D61CD92B9DCB2.e.5050/click - {}
RESULT: undefined
COMMAND: POST /session/944c468b52727d644e83533e14338bba/element - {"using":"xpath","value":"//*[@id=\"__tile120\"]"}
RESULT: {"using":"xpath","value":"//*[@id=\"__tile120\"]"}
COMMAND: POST /session/944c468b52727d644e83533e14338bba/element/f.BAEEFAFD8CEA53EE1C71283608A3603D.d.E5B9DACCF5F41315D01D61CD92B9DCB2.e.5050/click - {}
RESULT: undefined
COMMAND: POST /session/944c468b52727d644e83533e14338bba/execute/async - {"script":"<script> [6424 bytes]","args":[{"element-6066-11e4-a52e-4f735466cecf":"f.BAEEFAFD8CEA53EE1C71283608A3603D.d.E5B9DACCF5F41315D01D61CD92B9DCB2.e.286"},"getTitle",[]]}
COMMAND: POST /session/944c468b52727d644e83533e14338bba/execute/async - {"script":"<script> [1562 bytes]","args":[{"selector":{"id":"shellAppTitle"},"wdio_ui5_key":"shellAppTitle"}]}
RESULT: {"script":"<script> [1562 bytes]","args":[{"selector":{"id":"shellAppTitle"},"wdio_ui5_key":"shellAppTitle"}]}
COMMAND: POST /session/944c468b52727d644e83533e14338bba/execute/async - {"script":"<script> [6424 bytes]","args":[{"element-6066-11e4-a52e-4f735466cecf":"f.BAEEFAFD8CEA53EE1C71283608A3603D.d.E5B9DACCF5F41315D01D61CD92B9DCB2.e.5068"},"getTitle",[]]}
RESULT: {"script":"<script> [6424 bytes]","args":[{"element-6066-11e4-a52e-4f735466cecf":"f.BAEEFAFD8CEA53EE1C71283608A3603D.d.E5B9DACCF5F41315D01D61CD92B9DCB2.e.5068"},"getTitle",[]]}
RESULT: undefined
COMMAND: POST /session/944c468b52727d644e83533e14338bba/element/f.BAEEFAFD8CEA53EE1C71283608A3603D.d.E5B9DACCF5F41315D01D61CD92B9DCB2.e.5047/click - {}
RESULT: {}
COMMAND: GET /session/944c468b52727d644e83533e14338bba/screenshot - {}
RESULT: {}
]]></system-out>
    </testcase>
    <testcase classname="chrome.136_0_7103_93.windows.Sanity_Tests_US104253" name="Should open Manage Roles page" time="37.566">
      <system-out><![CDATA[
COMMAND: POST /session/944c468b52727d644e83533e14338bba/execute/async - {"script":"<script> [1562 bytes]","args":[{"selector":{"controlType":"sap.m.GenericTile","properties":{"header":"Manage Roles"}},"wdio_ui5_key":"sapm.GenericTile{\"header\":\"Manage Roles\"}"}]}
RESULT: {"script":"<script> [1562 bytes]","args":[{"selector":{"controlType":"sap.m.GenericTile","properties":{"header":"Manage Roles"}},"wdio_ui5_key":"sapm.GenericTile{\"header\":\"Manage Roles\"}"}]}
RESULT: undefined
COMMAND: POST /session/944c468b52727d644e83533e14338bba/element - {"using":"xpath","value":"//*[@id=\"__tile119\"]"}
RESULT: {"using":"xpath","value":"//*[@id=\"__tile119\"]"}
COMMAND: POST /session/944c468b52727d644e83533e14338bba/element/f.BAEEFAFD8CEA53EE1C71283608A3603D.d.E5B9DACCF5F41315D01D61CD92B9DCB2.e.5072/click - {}
RESULT: {}
COMMAND: GET /session/944c468b52727d644e83533e14338bba/screenshot - {}
RESULT: {}
COMMAND: POST /session/944c468b52727d644e83533e14338bba/elements - {"using":"xpath","value":"//span[text()='Error']"}
RESULT: {"using":"xpath","value":"//span[text()='Error']"}
RESULT: undefined
COMMAND: POST /session/944c468b52727d644e83533e14338bba/element - {"using":"xpath","value":"//*[@id=\"__tile119\"]"}
RESULT: {"using":"xpath","value":"//*[@id=\"__tile119\"]"}
COMMAND: POST /session/944c468b52727d644e83533e14338bba/element/f.BAEEFAFD8CEA53EE1C71283608A3603D.d.E5B9DACCF5F41315D01D61CD92B9DCB2.e.5072/click - {}
RESULT: undefined
COMMAND: POST /session/944c468b52727d644e83533e14338bba/element - {"using":"xpath","value":"//*[@id=\"__tile119\"]"}
RESULT: {"using":"xpath","value":"//*[@id=\"__tile119\"]"}
COMMAND: POST /session/944c468b52727d644e83533e14338bba/element/f.BAEEFAFD8CEA53EE1C71283608A3603D.d.E5B9DACCF5F41315D01D61CD92B9DCB2.e.5072/click - {}
RESULT: undefined
COMMAND: POST /session/944c468b52727d644e83533e14338bba/execute/async - {"script":"<script> [6424 bytes]","args":[{"element-6066-11e4-a52e-4f735466cecf":"f.BAEEFAFD8CEA53EE1C71283608A3603D.d.E5B9DACCF5F41315D01D61CD92B9DCB2.e.286"},"getTitle",[]]}
COMMAND: POST /session/944c468b52727d644e83533e14338bba/execute/async - {"script":"<script> [1562 bytes]","args":[{"selector":{"id":"shellAppTitle"},"wdio_ui5_key":"shellAppTitle"}]}
RESULT: {"script":"<script> [1562 bytes]","args":[{"selector":{"id":"shellAppTitle"},"wdio_ui5_key":"shellAppTitle"}]}
COMMAND: POST /session/944c468b52727d644e83533e14338bba/execute/async - {"script":"<script> [6424 bytes]","args":[{"element-6066-11e4-a52e-4f735466cecf":"f.BAEEFAFD8CEA53EE1C71283608A3603D.d.E5B9DACCF5F41315D01D61CD92B9DCB2.e.5117"},"getTitle",[]]}
RESULT: {"script":"<script> [6424 bytes]","args":[{"element-6066-11e4-a52e-4f735466cecf":"f.BAEEFAFD8CEA53EE1C71283608A3603D.d.E5B9DACCF5F41315D01D61CD92B9DCB2.e.5117"},"getTitle",[]]}
RESULT: undefined
COMMAND: POST /session/944c468b52727d644e83533e14338bba/element/f.BAEEFAFD8CEA53EE1C71283608A3603D.d.E5B9DACCF5F41315D01D61CD92B9DCB2.e.5047/click - {}
COMMAND: POST /session/944c468b52727d644e83533e14338bba/element - {"using":"xpath","value":"//*[@id=\"backBtn\"]"}
RESULT: {"using":"xpath","value":"//*[@id=\"backBtn\"]"}
COMMAND: POST /session/944c468b52727d644e83533e14338bba/element/f.BAEEFAFD8CEA53EE1C71283608A3603D.d.E5B9DACCF5F41315D01D61CD92B9DCB2.e.5047/click - {}
COMMAND: POST /session/944c468b52727d644e83533e14338bba/element - {"using":"xpath","value":"//*[@id=\"backBtn\"]"}
RESULT: {"using":"xpath","value":"//*[@id=\"backBtn\"]"}
COMMAND: POST /session/944c468b52727d644e83533e14338bba/element/f.BAEEFAFD8CEA53EE1C71283608A3603D.d.E5B9DACCF5F41315D01D61CD92B9DCB2.e.5118/click - {}
RESULT: {}
COMMAND: GET /session/944c468b52727d644e83533e14338bba/screenshot - {}
RESULT: {}
]]></system-out>
    </testcase>
    <testcase classname="chrome.136_0_7103_93.windows.Sanity_Tests_US104253" name="Should open Authorization Tables page" time="40.344">
      <system-out><![CDATA[
COMMAND: POST /session/944c468b52727d644e83533e14338bba/execute/async - {"script":"<script> [1562 bytes]","args":[{"selector":{"controlType":"sap.m.GenericTile","properties":{"header":"Authorization Tables"}},"wdio_ui5_key":"sapm.GenericTile{\"header\":\"Authorization Tables\"}"}]}
RESULT: {"script":"<script> [1562 bytes]","args":[{"selector":{"controlType":"sap.m.GenericTile","properties":{"header":"Authorization Tables"}},"wdio_ui5_key":"sapm.GenericTile{\"header\":\"Authorization Tables\"}"}]}
RESULT: undefined
COMMAND: POST /session/944c468b52727d644e83533e14338bba/element - {"using":"xpath","value":"//*[@id=\"__tile118\"]"}
RESULT: {"using":"xpath","value":"//*[@id=\"__tile118\"]"}
COMMAND: POST /session/944c468b52727d644e83533e14338bba/element/f.BAEEFAFD8CEA53EE1C71283608A3603D.d.E5B9DACCF5F41315D01D61CD92B9DCB2.e.5120/click - {}
RESULT: {}
COMMAND: GET /session/944c468b52727d644e83533e14338bba/screenshot - {}
RESULT: {}
COMMAND: POST /session/944c468b52727d644e83533e14338bba/elements - {"using":"xpath","value":"//span[text()='Error']"}
RESULT: {"using":"xpath","value":"//span[text()='Error']"}
RESULT: undefined
COMMAND: POST /session/944c468b52727d644e83533e14338bba/element - {"using":"xpath","value":"//*[@id=\"__tile118\"]"}
RESULT: {"using":"xpath","value":"//*[@id=\"__tile118\"]"}
COMMAND: POST /session/944c468b52727d644e83533e14338bba/element/f.BAEEFAFD8CEA53EE1C71283608A3603D.d.E5B9DACCF5F41315D01D61CD92B9DCB2.e.5120/click - {}
RESULT: undefined
COMMAND: POST /session/944c468b52727d644e83533e14338bba/element - {"using":"xpath","value":"//*[@id=\"__tile118\"]"}
RESULT: {"using":"xpath","value":"//*[@id=\"__tile118\"]"}
COMMAND: POST /session/944c468b52727d644e83533e14338bba/element/f.BAEEFAFD8CEA53EE1C71283608A3603D.d.E5B9DACCF5F41315D01D61CD92B9DCB2.e.5120/click - {}
RESULT: undefined
COMMAND: POST /session/944c468b52727d644e83533e14338bba/execute/async - {"script":"<script> [6424 bytes]","args":[{"element-6066-11e4-a52e-4f735466cecf":"f.BAEEFAFD8CEA53EE1C71283608A3603D.d.E5B9DACCF5F41315D01D61CD92B9DCB2.e.286"},"getTitle",[]]}
COMMAND: POST /session/944c468b52727d644e83533e14338bba/execute/async - {"script":"<script> [1562 bytes]","args":[{"selector":{"id":"shellAppTitle"},"wdio_ui5_key":"shellAppTitle"}]}
RESULT: {"script":"<script> [1562 bytes]","args":[{"selector":{"id":"shellAppTitle"},"wdio_ui5_key":"shellAppTitle"}]}
COMMAND: POST /session/944c468b52727d644e83533e14338bba/execute/async - {"script":"<script> [6424 bytes]","args":[{"element-6066-11e4-a52e-4f735466cecf":"f.BAEEFAFD8CEA53EE1C71283608A3603D.d.E5B9DACCF5F41315D01D61CD92B9DCB2.e.5197"},"getTitle",[]]}
RESULT: {"script":"<script> [6424 bytes]","args":[{"element-6066-11e4-a52e-4f735466cecf":"f.BAEEFAFD8CEA53EE1C71283608A3603D.d.E5B9DACCF5F41315D01D61CD92B9DCB2.e.5197"},"getTitle",[]]}
RESULT: undefined
COMMAND: POST /session/944c468b52727d644e83533e14338bba/element/f.BAEEFAFD8CEA53EE1C71283608A3603D.d.E5B9DACCF5F41315D01D61CD92B9DCB2.e.5118/click - {}
RESULT: {}
COMMAND: GET /session/944c468b52727d644e83533e14338bba/screenshot - {}
RESULT: {}
]]></system-out>
    </testcase>
    <testcase classname="chrome.136_0_7103_93.windows.Sanity_Tests_US104253" name="Should open User Maintenance page" time="37.751">
      <system-out><![CDATA[
COMMAND: POST /session/944c468b52727d644e83533e14338bba/execute/async - {"script":"<script> [1562 bytes]","args":[{"selector":{"controlType":"sap.m.GenericTile","properties":{"header":"User Maintenance"}},"wdio_ui5_key":"sapm.GenericTile{\"header\":\"User Maintenance\"}"}]}
RESULT: {"script":"<script> [1562 bytes]","args":[{"selector":{"controlType":"sap.m.GenericTile","properties":{"header":"User Maintenance"}},"wdio_ui5_key":"sapm.GenericTile{\"header\":\"User Maintenance\"}"}]}
RESULT: undefined
COMMAND: POST /session/944c468b52727d644e83533e14338bba/element - {"using":"xpath","value":"//*[@id=\"__tile121\"]"}
RESULT: {"using":"xpath","value":"//*[@id=\"__tile121\"]"}
COMMAND: POST /session/944c468b52727d644e83533e14338bba/element/f.BAEEFAFD8CEA53EE1C71283608A3603D.d.E5B9DACCF5F41315D01D61CD92B9DCB2.e.5199/click - {}
RESULT: {}
COMMAND: GET /session/944c468b52727d644e83533e14338bba/screenshot - {}
RESULT: {}
COMMAND: POST /session/944c468b52727d644e83533e14338bba/elements - {"using":"xpath","value":"//span[text()='Error']"}
RESULT: {"using":"xpath","value":"//span[text()='Error']"}
RESULT: undefined
COMMAND: POST /session/944c468b52727d644e83533e14338bba/element - {"using":"xpath","value":"//*[@id=\"__tile121\"]"}
RESULT: {"using":"xpath","value":"//*[@id=\"__tile121\"]"}
COMMAND: POST /session/944c468b52727d644e83533e14338bba/element/f.BAEEFAFD8CEA53EE1C71283608A3603D.d.E5B9DACCF5F41315D01D61CD92B9DCB2.e.5199/click - {}
RESULT: undefined
COMMAND: POST /session/944c468b52727d644e83533e14338bba/element - {"using":"xpath","value":"//*[@id=\"__tile121\"]"}
RESULT: {"using":"xpath","value":"//*[@id=\"__tile121\"]"}
COMMAND: POST /session/944c468b52727d644e83533e14338bba/element/f.BAEEFAFD8CEA53EE1C71283608A3603D.d.E5B9DACCF5F41315D01D61CD92B9DCB2.e.5199/click - {}
RESULT: undefined
COMMAND: POST /session/944c468b52727d644e83533e14338bba/execute/async - {"script":"<script> [6424 bytes]","args":[{"element-6066-11e4-a52e-4f735466cecf":"f.BAEEFAFD8CEA53EE1C71283608A3603D.d.E5B9DACCF5F41315D01D61CD92B9DCB2.e.286"},"getTitle",[]]}
COMMAND: POST /session/944c468b52727d644e83533e14338bba/execute/async - {"script":"<script> [1562 bytes]","args":[{"selector":{"id":"shellAppTitle"},"wdio_ui5_key":"shellAppTitle"}]}
RESULT: {"script":"<script> [1562 bytes]","args":[{"selector":{"id":"shellAppTitle"},"wdio_ui5_key":"shellAppTitle"}]}
COMMAND: POST /session/944c468b52727d644e83533e14338bba/execute/async - {"script":"<script> [6424 bytes]","args":[{"element-6066-11e4-a52e-4f735466cecf":"f.BAEEFAFD8CEA53EE1C71283608A3603D.d.E5B9DACCF5F41315D01D61CD92B9DCB2.e.5288"},"getTitle",[]]}
RESULT: {"script":"<script> [6424 bytes]","args":[{"element-6066-11e4-a52e-4f735466cecf":"f.BAEEFAFD8CEA53EE1C71283608A3603D.d.E5B9DACCF5F41315D01D61CD92B9DCB2.e.5288"},"getTitle",[]]}
RESULT: undefined
COMMAND: POST /session/944c468b52727d644e83533e14338bba/element/f.BAEEFAFD8CEA53EE1C71283608A3603D.d.E5B9DACCF5F41315D01D61CD92B9DCB2.e.5118/click - {}
COMMAND: POST /session/944c468b52727d644e83533e14338bba/element - {"using":"xpath","value":"//*[@id=\"backBtn\"]"}
RESULT: {"using":"xpath","value":"//*[@id=\"backBtn\"]"}
COMMAND: POST /session/944c468b52727d644e83533e14338bba/element/f.BAEEFAFD8CEA53EE1C71283608A3603D.d.E5B9DACCF5F41315D01D61CD92B9DCB2.e.5118/click - {}
COMMAND: POST /session/944c468b52727d644e83533e14338bba/element - {"using":"xpath","value":"//*[@id=\"backBtn\"]"}
RESULT: {"using":"xpath","value":"//*[@id=\"backBtn\"]"}
COMMAND: POST /session/944c468b52727d644e83533e14338bba/element/f.BAEEFAFD8CEA53EE1C71283608A3603D.d.E5B9DACCF5F41315D01D61CD92B9DCB2.e.5289/click - {}
RESULT: {}
COMMAND: GET /session/944c468b52727d644e83533e14338bba/screenshot - {}
RESULT: {}
]]></system-out>
    </testcase>
    <testcase classname="chrome.136_0_7103_93.windows.Sanity_Tests_US104253" name="Should open Schedule Jobs page" time="36.896">
      <system-out><![CDATA[
COMMAND: POST /session/944c468b52727d644e83533e14338bba/execute/async - {"script":"<script> [1562 bytes]","args":[{"selector":{"controlType":"sap.m.GenericTile","properties":{"header":"Schedule Jobs"}},"wdio_ui5_key":"sapm.GenericTile{\"header\":\"Schedule Jobs\"}"}]}
RESULT: {"script":"<script> [1562 bytes]","args":[{"selector":{"controlType":"sap.m.GenericTile","properties":{"header":"Schedule Jobs"}},"wdio_ui5_key":"sapm.GenericTile{\"header\":\"Schedule Jobs\"}"}]}
RESULT: undefined
COMMAND: POST /session/944c468b52727d644e83533e14338bba/element - {"using":"xpath","value":"//*[@id=\"__tile127\"]"}
RESULT: {"using":"xpath","value":"//*[@id=\"__tile127\"]"}
COMMAND: POST /session/944c468b52727d644e83533e14338bba/element/f.BAEEFAFD8CEA53EE1C71283608A3603D.d.E5B9DACCF5F41315D01D61CD92B9DCB2.e.5291/click - {}
RESULT: {}
COMMAND: GET /session/944c468b52727d644e83533e14338bba/screenshot - {}
RESULT: {}
COMMAND: POST /session/944c468b52727d644e83533e14338bba/elements - {"using":"xpath","value":"//span[text()='Error']"}
RESULT: {"using":"xpath","value":"//span[text()='Error']"}
RESULT: undefined
COMMAND: POST /session/944c468b52727d644e83533e14338bba/element - {"using":"xpath","value":"//*[@id=\"__tile127\"]"}
RESULT: {"using":"xpath","value":"//*[@id=\"__tile127\"]"}
COMMAND: POST /session/944c468b52727d644e83533e14338bba/element/f.BAEEFAFD8CEA53EE1C71283608A3603D.d.E5B9DACCF5F41315D01D61CD92B9DCB2.e.5291/click - {}
RESULT: undefined
COMMAND: POST /session/944c468b52727d644e83533e14338bba/element - {"using":"xpath","value":"//*[@id=\"__tile127\"]"}
RESULT: {"using":"xpath","value":"//*[@id=\"__tile127\"]"}
COMMAND: POST /session/944c468b52727d644e83533e14338bba/element/f.BAEEFAFD8CEA53EE1C71283608A3603D.d.E5B9DACCF5F41315D01D61CD92B9DCB2.e.5291/click - {}
RESULT: undefined
COMMAND: POST /session/944c468b52727d644e83533e14338bba/execute/async - {"script":"<script> [6424 bytes]","args":[{"element-6066-11e4-a52e-4f735466cecf":"f.BAEEFAFD8CEA53EE1C71283608A3603D.d.E5B9DACCF5F41315D01D61CD92B9DCB2.e.286"},"getTitle",[]]}
COMMAND: POST /session/944c468b52727d644e83533e14338bba/execute/async - {"script":"<script> [1562 bytes]","args":[{"selector":{"id":"shellAppTitle"},"wdio_ui5_key":"shellAppTitle"}]}
RESULT: {"script":"<script> [1562 bytes]","args":[{"selector":{"id":"shellAppTitle"},"wdio_ui5_key":"shellAppTitle"}]}
COMMAND: POST /session/944c468b52727d644e83533e14338bba/execute/async - {"script":"<script> [6424 bytes]","args":[{"element-6066-11e4-a52e-4f735466cecf":"f.BAEEFAFD8CEA53EE1C71283608A3603D.d.E5B9DACCF5F41315D01D61CD92B9DCB2.e.5337"},"getTitle",[]]}
RESULT: {"script":"<script> [6424 bytes]","args":[{"element-6066-11e4-a52e-4f735466cecf":"f.BAEEFAFD8CEA53EE1C71283608A3603D.d.E5B9DACCF5F41315D01D61CD92B9DCB2.e.5337"},"getTitle",[]]}
RESULT: undefined
COMMAND: POST /session/944c468b52727d644e83533e14338bba/element/f.BAEEFAFD8CEA53EE1C71283608A3603D.d.E5B9DACCF5F41315D01D61CD92B9DCB2.e.5289/click - {}
COMMAND: POST /session/944c468b52727d644e83533e14338bba/element/f.BAEEFAFD8CEA53EE1C71283608A3603D.d.E5B9DACCF5F41315D01D61CD92B9DCB2.e.5289/click - {}
RESULT: {}
COMMAND: GET /session/944c468b52727d644e83533e14338bba/screenshot - {}
COMMAND: POST /session/944c468b52727d644e83533e14338bba/element - {"using":"xpath","value":"//*[@id=\"backBtn\"]"}
RESULT: {}
RESULT: {"using":"xpath","value":"//*[@id=\"backBtn\"]"}
COMMAND: POST /session/944c468b52727d644e83533e14338bba/elements - {"using":"xpath","value":"//*[@id=\"backBtn\"]"}
RESULT: {"using":"xpath","value":"//*[@id=\"backBtn\"]"}
COMMAND: POST /session/944c468b52727d644e83533e14338bba/elements - {"using":"xpath","value":"//*[@id=\"backBtn\"]"}
RESULT: {"using":"xpath","value":"//*[@id=\"backBtn\"]"}
COMMAND: POST /session/944c468b52727d644e83533e14338bba/elements - {"using":"xpath","value":"//*[@id=\"backBtn\"]"}
RESULT: {"using":"xpath","value":"//*[@id=\"backBtn\"]"}
COMMAND: POST /session/944c468b52727d644e83533e14338bba/elements - {"using":"xpath","value":"//*[@id=\"backBtn\"]"}
RESULT: {"using":"xpath","value":"//*[@id=\"backBtn\"]"}
COMMAND: POST /session/944c468b52727d644e83533e14338bba/elements - {"using":"xpath","value":"//*[@id=\"backBtn\"]"}
RESULT: {"using":"xpath","value":"//*[@id=\"backBtn\"]"}
COMMAND: POST /session/944c468b52727d644e83533e14338bba/elements - {"using":"xpath","value":"//*[@id=\"backBtn\"]"}
RESULT: {"using":"xpath","value":"//*[@id=\"backBtn\"]"}
COMMAND: POST /session/944c468b52727d644e83533e14338bba/elements - {"using":"xpath","value":"//*[@id=\"backBtn\"]"}
RESULT: {"using":"xpath","value":"//*[@id=\"backBtn\"]"}
COMMAND: POST /session/944c468b52727d644e83533e14338bba/elements - {"using":"xpath","value":"//*[@id=\"backBtn\"]"}
RESULT: {"using":"xpath","value":"//*[@id=\"backBtn\"]"}
COMMAND: POST /session/944c468b52727d644e83533e14338bba/elements - {"using":"xpath","value":"//*[@id=\"backBtn\"]"}
RESULT: {"using":"xpath","value":"//*[@id=\"backBtn\"]"}
COMMAND: POST /session/944c468b52727d644e83533e14338bba/elements - {"using":"xpath","value":"//*[@id=\"backBtn\"]"}
RESULT: {"using":"xpath","value":"//*[@id=\"backBtn\"]"}
COMMAND: POST /session/944c468b52727d644e83533e14338bba/elements - {"using":"xpath","value":"//*[@id=\"backBtn\"]"}
RESULT: {"using":"xpath","value":"//*[@id=\"backBtn\"]"}
COMMAND: POST /session/944c468b52727d644e83533e14338bba/elements - {"using":"xpath","value":"//*[@id=\"backBtn\"]"}
RESULT: {"using":"xpath","value":"//*[@id=\"backBtn\"]"}
COMMAND: POST /session/944c468b52727d644e83533e14338bba/elements - {"using":"xpath","value":"//*[@id=\"backBtn\"]"}
RESULT: {"using":"xpath","value":"//*[@id=\"backBtn\"]"}
COMMAND: POST /session/944c468b52727d644e83533e14338bba/elements - {"using":"xpath","value":"//*[@id=\"backBtn\"]"}
RESULT: {"using":"xpath","value":"//*[@id=\"backBtn\"]"}
COMMAND: POST /session/944c468b52727d644e83533e14338bba/elements - {"using":"xpath","value":"//*[@id=\"backBtn\"]"}
RESULT: {"using":"xpath","value":"//*[@id=\"backBtn\"]"}
COMMAND: POST /session/944c468b52727d644e83533e14338bba/elements - {"using":"xpath","value":"//*[@id=\"backBtn\"]"}
RESULT: {"using":"xpath","value":"//*[@id=\"backBtn\"]"}
COMMAND: POST /session/944c468b52727d644e83533e14338bba/elements - {"using":"xpath","value":"//*[@id=\"backBtn\"]"}
RESULT: {"using":"xpath","value":"//*[@id=\"backBtn\"]"}
COMMAND: POST /session/944c468b52727d644e83533e14338bba/elements - {"using":"xpath","value":"//*[@id=\"backBtn\"]"}
RESULT: {"using":"xpath","value":"//*[@id=\"backBtn\"]"}
COMMAND: POST /session/944c468b52727d644e83533e14338bba/elements - {"using":"xpath","value":"//*[@id=\"backBtn\"]"}
RESULT: {"using":"xpath","value":"//*[@id=\"backBtn\"]"}
]]></system-out>
    </testcase>
    <testcase classname="chrome.136_0_7103_93.windows.Sanity_Tests_US104253" name="Should open Jobs Setup page" time="36.025">
      <system-out><![CDATA[
COMMAND: POST /session/944c468b52727d644e83533e14338bba/execute/async - {"script":"<script> [1562 bytes]","args":[{"selector":{"controlType":"sap.m.GenericTile","properties":{"header":"Jobs Setup"}},"wdio_ui5_key":"sapm.GenericTile{\"header\":\"Jobs Setup\"}"}]}
COMMAND: POST /session/944c468b52727d644e83533e14338bba/elements - {"using":"xpath","value":"//*[@id=\"backBtn\"]"}
RESULT: {"script":"<script> [1562 bytes]","args":[{"selector":{"controlType":"sap.m.GenericTile","properties":{"header":"Jobs Setup"}},"wdio_ui5_key":"sapm.GenericTile{\"header\":\"Jobs Setup\"}"}]}
RESULT: undefined
COMMAND: POST /session/944c468b52727d644e83533e14338bba/element - {"using":"xpath","value":"//*[@id=\"__tile128\"]"}
RESULT: {"using":"xpath","value":"//*[@id=\"backBtn\"]"}
RESULT: {"using":"xpath","value":"//*[@id=\"__tile128\"]"}
COMMAND: POST /session/944c468b52727d644e83533e14338bba/element/f.BAEEFAFD8CEA53EE1C71283608A3603D.d.E5B9DACCF5F41315D01D61CD92B9DCB2.e.5339/click - {}
COMMAND: POST /session/944c468b52727d644e83533e14338bba/elements - {"using":"xpath","value":"//*[@id=\"backBtn\"]"}
RESULT: {}
COMMAND: GET /session/944c468b52727d644e83533e14338bba/screenshot - {}
RESULT: {"using":"xpath","value":"//*[@id=\"backBtn\"]"}
COMMAND: POST /session/944c468b52727d644e83533e14338bba/elements - {"using":"xpath","value":"//*[@id=\"backBtn\"]"}
RESULT: {}
RESULT: {"using":"xpath","value":"//*[@id=\"backBtn\"]"}
COMMAND: POST /session/944c468b52727d644e83533e14338bba/element - {"using":"xpath","value":"//*[@id=\"backBtn\"]"}
RESULT: {"using":"xpath","value":"//*[@id=\"backBtn\"]"}
COMMAND: POST /session/944c468b52727d644e83533e14338bba/element/f.BAEEFAFD8CEA53EE1C71283608A3603D.d.E5B9DACCF5F41315D01D61CD92B9DCB2.e.5289/click - {}
COMMAND: POST /session/944c468b52727d644e83533e14338bba/element - {"using":"xpath","value":"//*[@id=\"backBtn\"]"}
RESULT: {"using":"xpath","value":"//*[@id=\"backBtn\"]"}
COMMAND: POST /session/944c468b52727d644e83533e14338bba/element/f.BAEEFAFD8CEA53EE1C71283608A3603D.d.E5B9DACCF5F41315D01D61CD92B9DCB2.e.5532/click - {}
RESULT: {}
COMMAND: GET /session/944c468b52727d644e83533e14338bba/screenshot - {}
RESULT: {}
COMMAND: POST /session/944c468b52727d644e83533e14338bba/elements - {"using":"xpath","value":"//span[text()='Error']"}
RESULT: {"using":"xpath","value":"//span[text()='Error']"}
RESULT: undefined
COMMAND: POST /session/944c468b52727d644e83533e14338bba/element - {"using":"xpath","value":"//*[@id=\"__tile128\"]"}
RESULT: {"using":"xpath","value":"//*[@id=\"__tile128\"]"}
COMMAND: POST /session/944c468b52727d644e83533e14338bba/element/f.BAEEFAFD8CEA53EE1C71283608A3603D.d.E5B9DACCF5F41315D01D61CD92B9DCB2.e.5339/click - {}
RESULT: undefined
COMMAND: POST /session/944c468b52727d644e83533e14338bba/element - {"using":"xpath","value":"//*[@id=\"__tile128\"]"}
RESULT: {"using":"xpath","value":"//*[@id=\"__tile128\"]"}
COMMAND: POST /session/944c468b52727d644e83533e14338bba/element/f.BAEEFAFD8CEA53EE1C71283608A3603D.d.E5B9DACCF5F41315D01D61CD92B9DCB2.e.5339/click - {}
RESULT: undefined
COMMAND: POST /session/944c468b52727d644e83533e14338bba/execute/async - {"script":"<script> [6424 bytes]","args":[{"element-6066-11e4-a52e-4f735466cecf":"f.BAEEFAFD8CEA53EE1C71283608A3603D.d.E5B9DACCF5F41315D01D61CD92B9DCB2.e.286"},"getTitle",[]]}
COMMAND: POST /session/944c468b52727d644e83533e14338bba/execute/async - {"script":"<script> [1562 bytes]","args":[{"selector":{"id":"shellAppTitle"},"wdio_ui5_key":"shellAppTitle"}]}
RESULT: {"script":"<script> [1562 bytes]","args":[{"selector":{"id":"shellAppTitle"},"wdio_ui5_key":"shellAppTitle"}]}
COMMAND: POST /session/944c468b52727d644e83533e14338bba/execute/async - {"script":"<script> [6424 bytes]","args":[{"element-6066-11e4-a52e-4f735466cecf":"f.BAEEFAFD8CEA53EE1C71283608A3603D.d.E5B9DACCF5F41315D01D61CD92B9DCB2.e.5533"},"getTitle",[]]}
RESULT: {"script":"<script> [6424 bytes]","args":[{"element-6066-11e4-a52e-4f735466cecf":"f.BAEEFAFD8CEA53EE1C71283608A3603D.d.E5B9DACCF5F41315D01D61CD92B9DCB2.e.5533"},"getTitle",[]]}
RESULT: undefined
COMMAND: POST /session/944c468b52727d644e83533e14338bba/element/f.BAEEFAFD8CEA53EE1C71283608A3603D.d.E5B9DACCF5F41315D01D61CD92B9DCB2.e.5532/click - {}
COMMAND: POST /session/944c468b52727d644e83533e14338bba/element/f.BAEEFAFD8CEA53EE1C71283608A3603D.d.E5B9DACCF5F41315D01D61CD92B9DCB2.e.5532/click - {}
RESULT: {}
COMMAND: GET /session/944c468b52727d644e83533e14338bba/screenshot - {}
RESULT: {}
COMMAND: GET /session/944c468b52727d644e83533e14338bba/screenshot - {}
RESULT: {}
RESULT: {}
]]></system-out>
    </testcase>
    <testcase classname="chrome.136_0_7103_93.windows.Sanity_Tests_US104253" name="Should open Target Systems Configuration page" time="37.041">
      <system-out><![CDATA[
COMMAND: POST /session/944c468b52727d644e83533e14338bba/execute/async - {"script":"<script> [1562 bytes]","args":[{"selector":{"controlType":"sap.m.GenericTile","properties":{"header":"Target Systems Configuration"}},"wdio_ui5_key":"sapm.GenericTile{\"header\":\"Target Systems Configuration\"}"}]}
RESULT: {"script":"<script> [1562 bytes]","args":[{"selector":{"controlType":"sap.m.GenericTile","properties":{"header":"Target Systems Configuration"}},"wdio_ui5_key":"sapm.GenericTile{\"header\":\"Target Systems Configuration\"}"}]}
RESULT: undefined
COMMAND: POST /session/944c468b52727d644e83533e14338bba/element - {"using":"xpath","value":"//*[@id=\"__tile129\"]"}
RESULT: {"using":"xpath","value":"//*[@id=\"__tile129\"]"}
COMMAND: POST /session/944c468b52727d644e83533e14338bba/element/f.BAEEFAFD8CEA53EE1C71283608A3603D.d.E5B9DACCF5F41315D01D61CD92B9DCB2.e.5535/click - {}
RESULT: {}
COMMAND: GET /session/944c468b52727d644e83533e14338bba/screenshot - {}
RESULT: {}
COMMAND: POST /session/944c468b52727d644e83533e14338bba/elements - {"using":"xpath","value":"//span[text()='Error']"}
RESULT: {"using":"xpath","value":"//span[text()='Error']"}
RESULT: undefined
COMMAND: POST /session/944c468b52727d644e83533e14338bba/element - {"using":"xpath","value":"//*[@id=\"__tile129\"]"}
RESULT: {"using":"xpath","value":"//*[@id=\"__tile129\"]"}
COMMAND: POST /session/944c468b52727d644e83533e14338bba/element/f.BAEEFAFD8CEA53EE1C71283608A3603D.d.E5B9DACCF5F41315D01D61CD92B9DCB2.e.5535/click - {}
RESULT: undefined
COMMAND: POST /session/944c468b52727d644e83533e14338bba/element - {"using":"xpath","value":"//*[@id=\"__tile129\"]"}
RESULT: {"using":"xpath","value":"//*[@id=\"__tile129\"]"}
COMMAND: POST /session/944c468b52727d644e83533e14338bba/element/f.BAEEFAFD8CEA53EE1C71283608A3603D.d.E5B9DACCF5F41315D01D61CD92B9DCB2.e.5535/click - {}
RESULT: undefined
COMMAND: POST /session/944c468b52727d644e83533e14338bba/execute/async - {"script":"<script> [6424 bytes]","args":[{"element-6066-11e4-a52e-4f735466cecf":"f.BAEEFAFD8CEA53EE1C71283608A3603D.d.E5B9DACCF5F41315D01D61CD92B9DCB2.e.286"},"getTitle",[]]}
COMMAND: POST /session/944c468b52727d644e83533e14338bba/execute/async - {"script":"<script> [1562 bytes]","args":[{"selector":{"id":"shellAppTitle"},"wdio_ui5_key":"shellAppTitle"}]}
RESULT: {"script":"<script> [1562 bytes]","args":[{"selector":{"id":"shellAppTitle"},"wdio_ui5_key":"shellAppTitle"}]}
COMMAND: POST /session/944c468b52727d644e83533e14338bba/execute/async - {"script":"<script> [6424 bytes]","args":[{"element-6066-11e4-a52e-4f735466cecf":"f.BAEEFAFD8CEA53EE1C71283608A3603D.d.E5B9DACCF5F41315D01D61CD92B9DCB2.e.5621"},"getTitle",[]]}
RESULT: {"script":"<script> [6424 bytes]","args":[{"element-6066-11e4-a52e-4f735466cecf":"f.BAEEFAFD8CEA53EE1C71283608A3603D.d.E5B9DACCF5F41315D01D61CD92B9DCB2.e.5621"},"getTitle",[]]}
RESULT: undefined
COMMAND: POST /session/944c468b52727d644e83533e14338bba/element/f.BAEEFAFD8CEA53EE1C71283608A3603D.d.E5B9DACCF5F41315D01D61CD92B9DCB2.e.5532/click - {}
COMMAND: POST /session/944c468b52727d644e83533e14338bba/element/f.BAEEFAFD8CEA53EE1C71283608A3603D.d.E5B9DACCF5F41315D01D61CD92B9DCB2.e.5532/click - {}
RESULT: {}
COMMAND: GET /session/944c468b52727d644e83533e14338bba/screenshot - {}
COMMAND: POST /session/944c468b52727d644e83533e14338bba/element - {"using":"xpath","value":"//*[@id=\"backBtn\"]"}
RESULT: {}
RESULT: {"using":"xpath","value":"//*[@id=\"backBtn\"]"}
COMMAND: POST /session/944c468b52727d644e83533e14338bba/elements - {"using":"xpath","value":"//*[@id=\"backBtn\"]"}
RESULT: {"using":"xpath","value":"//*[@id=\"backBtn\"]"}
COMMAND: POST /session/944c468b52727d644e83533e14338bba/elements - {"using":"xpath","value":"//*[@id=\"backBtn\"]"}
RESULT: {"using":"xpath","value":"//*[@id=\"backBtn\"]"}
COMMAND: POST /session/944c468b52727d644e83533e14338bba/elements - {"using":"xpath","value":"//*[@id=\"backBtn\"]"}
RESULT: {"using":"xpath","value":"//*[@id=\"backBtn\"]"}
COMMAND: POST /session/944c468b52727d644e83533e14338bba/elements - {"using":"xpath","value":"//*[@id=\"backBtn\"]"}
RESULT: {"using":"xpath","value":"//*[@id=\"backBtn\"]"}
COMMAND: POST /session/944c468b52727d644e83533e14338bba/elements - {"using":"xpath","value":"//*[@id=\"backBtn\"]"}
RESULT: {"using":"xpath","value":"//*[@id=\"backBtn\"]"}
COMMAND: POST /session/944c468b52727d644e83533e14338bba/elements - {"using":"xpath","value":"//*[@id=\"backBtn\"]"}
RESULT: {"using":"xpath","value":"//*[@id=\"backBtn\"]"}
COMMAND: POST /session/944c468b52727d644e83533e14338bba/elements - {"using":"xpath","value":"//*[@id=\"backBtn\"]"}
RESULT: {"using":"xpath","value":"//*[@id=\"backBtn\"]"}
COMMAND: POST /session/944c468b52727d644e83533e14338bba/elements - {"using":"xpath","value":"//*[@id=\"backBtn\"]"}
RESULT: {"using":"xpath","value":"//*[@id=\"backBtn\"]"}
COMMAND: POST /session/944c468b52727d644e83533e14338bba/elements - {"using":"xpath","value":"//*[@id=\"backBtn\"]"}
RESULT: {"using":"xpath","value":"//*[@id=\"backBtn\"]"}
COMMAND: POST /session/944c468b52727d644e83533e14338bba/elements - {"using":"xpath","value":"//*[@id=\"backBtn\"]"}
RESULT: {"using":"xpath","value":"//*[@id=\"backBtn\"]"}
COMMAND: POST /session/944c468b52727d644e83533e14338bba/elements - {"using":"xpath","value":"//*[@id=\"backBtn\"]"}
RESULT: {"using":"xpath","value":"//*[@id=\"backBtn\"]"}
COMMAND: POST /session/944c468b52727d644e83533e14338bba/elements - {"using":"xpath","value":"//*[@id=\"backBtn\"]"}
RESULT: {"using":"xpath","value":"//*[@id=\"backBtn\"]"}
COMMAND: POST /session/944c468b52727d644e83533e14338bba/elements - {"using":"xpath","value":"//*[@id=\"backBtn\"]"}
RESULT: {"using":"xpath","value":"//*[@id=\"backBtn\"]"}
COMMAND: POST /session/944c468b52727d644e83533e14338bba/elements - {"using":"xpath","value":"//*[@id=\"backBtn\"]"}
RESULT: {"using":"xpath","value":"//*[@id=\"backBtn\"]"}
COMMAND: POST /session/944c468b52727d644e83533e14338bba/elements - {"using":"xpath","value":"//*[@id=\"backBtn\"]"}
RESULT: {"using":"xpath","value":"//*[@id=\"backBtn\"]"}
COMMAND: POST /session/944c468b52727d644e83533e14338bba/elements - {"using":"xpath","value":"//*[@id=\"backBtn\"]"}
RESULT: {"using":"xpath","value":"//*[@id=\"backBtn\"]"}
COMMAND: POST /session/944c468b52727d644e83533e14338bba/elements - {"using":"xpath","value":"//*[@id=\"backBtn\"]"}
RESULT: {"using":"xpath","value":"//*[@id=\"backBtn\"]"}
COMMAND: POST /session/944c468b52727d644e83533e14338bba/elements - {"using":"xpath","value":"//*[@id=\"backBtn\"]"}
RESULT: {"using":"xpath","value":"//*[@id=\"backBtn\"]"}
COMMAND: POST /session/944c468b52727d644e83533e14338bba/elements - {"using":"xpath","value":"//*[@id=\"backBtn\"]"}
RESULT: {"using":"xpath","value":"//*[@id=\"backBtn\"]"}
COMMAND: POST /session/944c468b52727d644e83533e14338bba/elements - {"using":"xpath","value":"//*[@id=\"backBtn\"]"}
RESULT: {"using":"xpath","value":"//*[@id=\"backBtn\"]"}
COMMAND: POST /session/944c468b52727d644e83533e14338bba/elements - {"using":"xpath","value":"//*[@id=\"backBtn\"]"}
RESULT: {"using":"xpath","value":"//*[@id=\"backBtn\"]"}
COMMAND: POST /session/944c468b52727d644e83533e14338bba/elements - {"using":"xpath","value":"//*[@id=\"backBtn\"]"}
RESULT: {"using":"xpath","value":"//*[@id=\"backBtn\"]"}
COMMAND: POST /session/944c468b52727d644e83533e14338bba/elements - {"using":"xpath","value":"//*[@id=\"backBtn\"]"}
RESULT: {"using":"xpath","value":"//*[@id=\"backBtn\"]"}
COMMAND: POST /session/944c468b52727d644e83533e14338bba/elements - {"using":"xpath","value":"//*[@id=\"backBtn\"]"}
RESULT: {"using":"xpath","value":"//*[@id=\"backBtn\"]"}
COMMAND: POST /session/944c468b52727d644e83533e14338bba/elements - {"using":"xpath","value":"//*[@id=\"backBtn\"]"}
RESULT: {"using":"xpath","value":"//*[@id=\"backBtn\"]"}
COMMAND: POST /session/944c468b52727d644e83533e14338bba/elements - {"using":"xpath","value":"//*[@id=\"backBtn\"]"}
RESULT: {"using":"xpath","value":"//*[@id=\"backBtn\"]"}
COMMAND: POST /session/944c468b52727d644e83533e14338bba/elements - {"using":"xpath","value":"//*[@id=\"backBtn\"]"}
RESULT: {"using":"xpath","value":"//*[@id=\"backBtn\"]"}
COMMAND: POST /session/944c468b52727d644e83533e14338bba/elements - {"using":"xpath","value":"//*[@id=\"backBtn\"]"}
RESULT: {"using":"xpath","value":"//*[@id=\"backBtn\"]"}
COMMAND: POST /session/944c468b52727d644e83533e14338bba/elements - {"using":"xpath","value":"//*[@id=\"backBtn\"]"}
RESULT: {"using":"xpath","value":"//*[@id=\"backBtn\"]"}
COMMAND: POST /session/944c468b52727d644e83533e14338bba/elements - {"using":"xpath","value":"//*[@id=\"backBtn\"]"}
RESULT: {"using":"xpath","value":"//*[@id=\"backBtn\"]"}
COMMAND: POST /session/944c468b52727d644e83533e14338bba/elements - {"using":"xpath","value":"//*[@id=\"backBtn\"]"}
RESULT: {"using":"xpath","value":"//*[@id=\"backBtn\"]"}
COMMAND: POST /session/944c468b52727d644e83533e14338bba/elements - {"using":"xpath","value":"//*[@id=\"backBtn\"]"}
RESULT: {"using":"xpath","value":"//*[@id=\"backBtn\"]"}
COMMAND: POST /session/944c468b52727d644e83533e14338bba/elements - {"using":"xpath","value":"//*[@id=\"backBtn\"]"}
RESULT: {"using":"xpath","value":"//*[@id=\"backBtn\"]"}
COMMAND: POST /session/944c468b52727d644e83533e14338bba/elements - {"using":"xpath","value":"//*[@id=\"backBtn\"]"}
RESULT: {"using":"xpath","value":"//*[@id=\"backBtn\"]"}
COMMAND: POST /session/944c468b52727d644e83533e14338bba/elements - {"using":"xpath","value":"//*[@id=\"backBtn\"]"}
RESULT: {"using":"xpath","value":"//*[@id=\"backBtn\"]"}
COMMAND: POST /session/944c468b52727d644e83533e14338bba/elements - {"using":"xpath","value":"//*[@id=\"backBtn\"]"}
RESULT: {"using":"xpath","value":"//*[@id=\"backBtn\"]"}
COMMAND: POST /session/944c468b52727d644e83533e14338bba/elements - {"using":"xpath","value":"//*[@id=\"backBtn\"]"}
RESULT: {"using":"xpath","value":"//*[@id=\"backBtn\"]"}
COMMAND: POST /session/944c468b52727d644e83533e14338bba/elements - {"using":"xpath","value":"//*[@id=\"backBtn\"]"}
RESULT: {"using":"xpath","value":"//*[@id=\"backBtn\"]"}
COMMAND: POST /session/944c468b52727d644e83533e14338bba/elements - {"using":"xpath","value":"//*[@id=\"backBtn\"]"}
RESULT: {"using":"xpath","value":"//*[@id=\"backBtn\"]"}
COMMAND: DELETE /session/944c468b52727d644e83533e14338bba - {}
RESULT: {}
]]></system-out>
    </testcase>
  </testsuite>
</testsuites>