<?xml version="1.0" encoding="UTF-8"?>
<testsuites tests="76" failures="25" errors="25" skipped="0">
  <testsuite timestamp="2025-04-28T16:18:21" time="68.919" tests="1" failures="0" errors="0" skipped="0">
    <properties>
      <property name="specId" value="0" />
      <property name="suiteName" value="US104422 Create new bin &amp; section - select nothing " />
      <property name="capabilities" value="chrome.135_0_7049_96.windows" />
      <property name="file" value="file:///D:/a/1/s/test/specs/HTR/create-bin.spec.js" />
    </properties>
    <testcase classname="chrome.135_0_7049_96.windows.US104422_Create_new_bin_&amp;_section_-_select_nothing_" name="Create new bin section" time="47.987">
      <system-out><![CDATA[
COMMAND: POST /session/a230b9fa5e58e47def27534e3d005bf9/element - {"using":"xpath","value":"//div[text()='Warehouse']"}
RESULT: {"using":"xpath","value":"//div[text()='Warehouse']"}
COMMAND: POST /session/a230b9fa5e58e47def27534e3d005bf9/elements - {"using":"xpath","value":"//div[text()='Warehouse']"}
RESULT: {"using":"xpath","value":"//div[text()='Warehouse']"}
COMMAND: POST /session/a230b9fa5e58e47def27534e3d005bf9/element/f.5A792F38359A1C743AD3061B3E5B94B4.d.42E7F06BE520024C97F5F15D8D1C7D2C.e.125/click - {}
RESULT: {}
COMMAND: POST /session/a230b9fa5e58e47def27534e3d005bf9/execute/async - {"script":"<script> [1562 bytes]","args":[{"selector":{"controlType":"sap.m.GenericTile","properties":{"header":"Bin Status Report"}},"wdio_ui5_key":"sapm.GenericTile{\"header\":\"Bin Status Report\"}"}]}
COMMAND: GET /session/a230b9fa5e58e47def27534e3d005bf9/screenshot - {}
RESULT: {"script":"<script> [1562 bytes]","args":[{"selector":{"controlType":"sap.m.GenericTile","properties":{"header":"Bin Status Report"}},"wdio_ui5_key":"sapm.GenericTile{\"header\":\"Bin Status Report\"}"}]}
RESULT: undefined
COMMAND: POST /session/a230b9fa5e58e47def27534e3d005bf9/element - {"using":"xpath","value":"//*[@id=\"__tile104\"]"}
RESULT: {}
RESULT: {"using":"xpath","value":"//*[@id=\"__tile104\"]"}
COMMAND: POST /session/a230b9fa5e58e47def27534e3d005bf9/element/f.5A792F38359A1C743AD3061B3E5B94B4.d.42E7F06BE520024C97F5F15D8D1C7D2C.e.126/click - {}
RESULT: {}
COMMAND: GET /session/a230b9fa5e58e47def27534e3d005bf9/screenshot - {}
RESULT: {}
COMMAND: POST /session/a230b9fa5e58e47def27534e3d005bf9/element - {"using":"xpath","value":"//bdi[text()='Create New Organization']"}
RESULT: {"using":"xpath","value":"//bdi[text()='Create New Organization']"}
COMMAND: GET /session/a230b9fa5e58e47def27534e3d005bf9/element/f.5A792F38359A1C743AD3061B3E5B94B4.d.42E7F06BE520024C97F5F15D8D1C7D2C.e.164/enabled - {}
RESULT: {}
COMMAND: POST /session/a230b9fa5e58e47def27534e3d005bf9/execute/sync - {"script":"<script> [8489 bytes]","args":[{"element-6066-11e4-a52e-4f735466cecf":"f.5A792F38359A1C743AD3061B3E5B94B4.d.42E7F06BE520024C97F5F15D8D1C7D2C.e.164","ELEMENT":"f.5A792F38359A1C743AD3061B3E5B94B4.d.42E7F06BE520024C97F5F15D8D1C7D2C.e.164"}]}
COMMAND: GET /session/a230b9fa5e58e47def27534e3d005bf9/screenshot - {}
RESULT: {"script":"<script> [8489 bytes]","args":[{"element-6066-11e4-a52e-4f735466cecf":"f.5A792F38359A1C743AD3061B3E5B94B4.d.42E7F06BE520024C97F5F15D8D1C7D2C.e.164","ELEMENT":"f.5A792F38359A1C743AD3061B3E5B94B4.d.42E7F06BE520024C97F5F15D8D1C7D2C.e.164"}]}
COMMAND: POST /session/a230b9fa5e58e47def27534e3d005bf9/execute/sync - {"script":"<script> [5351 bytes]","args":[{"element-6066-11e4-a52e-4f735466cecf":"f.5A792F38359A1C743AD3061B3E5B94B4.d.42E7F06BE520024C97F5F15D8D1C7D2C.e.164","ELEMENT":"f.5A792F38359A1C743AD3061B3E5B94B4.d.42E7F06BE520024C97F5F15D8D1C7D2C.e.164"}]}
COMMAND: GET /session/a230b9fa5e58e47def27534e3d005bf9/screenshot - {}
RESULT: {}
RESULT: {"script":"<script> [5351 bytes]","args":[{"element-6066-11e4-a52e-4f735466cecf":"f.5A792F38359A1C743AD3061B3E5B94B4.d.42E7F06BE520024C97F5F15D8D1C7D2C.e.164","ELEMENT":"f.5A792F38359A1C743AD3061B3E5B94B4.d.42E7F06BE520024C97F5F15D8D1C7D2C.e.164"}]}
COMMAND: POST /session/a230b9fa5e58e47def27534e3d005bf9/element/f.5A792F38359A1C743AD3061B3E5B94B4.d.42E7F06BE520024C97F5F15D8D1C7D2C.e.164/click - {}
COMMAND: GET /session/a230b9fa5e58e47def27534e3d005bf9/screenshot - {}
RESULT: {}
RESULT: {}
COMMAND: POST /session/a230b9fa5e58e47def27534e3d005bf9/execute/async - {"script":"<script> [1562 bytes]","args":[{"selector":{"id":"createOrganizationPop--sectionInput","searchOpenDialogs":true,"interaction":{"idSuffix":"inner"}},"wdio_ui5_key":"createOrganizationPopsectionInput"}]}
COMMAND: GET /session/a230b9fa5e58e47def27534e3d005bf9/screenshot - {}
RESULT: {}
RESULT: {"script":"<script> [1562 bytes]","args":[{"selector":{"id":"createOrganizationPop--sectionInput","searchOpenDialogs":true,"interaction":{"idSuffix":"inner"}},"wdio_ui5_key":"createOrganizationPopsectionInput"}]}
RESULT: undefined
COMMAND: POST /session/a230b9fa5e58e47def27534e3d005bf9/execute/async - {"script":"<script> [776 bytes]","args":[{"enterText":"WHI99rmuahd01cmnb0xvym7tatae42mbshu9joxiv24t7no2y3184gx2irvlwz94d7kn5g9myl7bbm4jzbjqh7ozu07cdfsw9x1z2dds0q73sym67bt23ib7x36dbt771kwf2vdss6yvwdgtlijr70y26f34i6m7x8qayggrejs1ydv1uqxzk8npm5j2tu716tmdc93i ... (803 more bytes)","selector":{"id":"createOrganizationPop--sectionInput","searchOpenDialogs":true,"interaction":{"idSuffix":"inner"}},"clearTextFirst":true,"interactionType":"ENTER_TEXT"}]}
RESULT: {}
RESULT: {"script":"<script> [776 bytes]","args":[{"enterText":"WHI99rmuahd01cmnb0xvym7tatae42mbshu9joxiv24t7no2y3184gx2irvlwz94d7kn5g9myl7bbm4jzbjqh7ozu07cdfsw9x1z2dds0q73sym67bt23ib7x36dbt771kwf2vdss6yvwdgtlijr70y26f34i6m7x8qayggrejs1ydv1uqxzk8npm5j2tu716tmdc93i ... (803 more bytes)","selector":{"id":"createOrganizationPop--sectionInput","searchOpenDialogs":true,"interaction":{"idSuffix":"inner"}},"clearTextFirst":true,"interactionType":"ENTER_TEXT"}]}
COMMAND: POST /session/a230b9fa5e58e47def27534e3d005bf9/execute/async - {"script":"<script> [1562 bytes]","args":[{"selector":{"id":"createOrganizationPop--descriptionInput","searchOpenDialogs":true,"interaction":{"idSuffix":"inner"}},"wdio_ui5_key":"createOrganizationPopdescriptionInput"}]}
RESULT: {"script":"<script> [1562 bytes]","args":[{"selector":{"id":"createOrganizationPop--descriptionInput","searchOpenDialogs":true,"interaction":{"idSuffix":"inner"}},"wdio_ui5_key":"createOrganizationPopdescriptionInput"}]}
RESULT: undefined
COMMAND: POST /session/a230b9fa5e58e47def27534e3d005bf9/execute/async - {"script":"<script> [776 bytes]","args":[{"enterText":"WHI99rmuahd01cmnb0xvym7tatae42mbshu9joxiv24t7no2y3184gx2irvlwz94d7kn5g9myl7bbm4jzbjqh7ozu07cdfsw9x1z2dds0q73sym67bt23ib7x36dbt771kwf2vdss6yvwdgtlijr70y26f34i6m7x8qayggrejs1ydv1uqxzk8npm5j2tu716tmdc93i ... (803 more bytes)","selector":{"id":"createOrganizationPop--descriptionInput","searchOpenDialogs":true,"interaction":{"idSuffix":"inner"}},"clearTextFirst":true,"interactionType":"ENTER_TEXT"}]}
RESULT: {"script":"<script> [776 bytes]","args":[{"enterText":"WHI99rmuahd01cmnb0xvym7tatae42mbshu9joxiv24t7no2y3184gx2irvlwz94d7kn5g9myl7bbm4jzbjqh7ozu07cdfsw9x1z2dds0q73sym67bt23ib7x36dbt771kwf2vdss6yvwdgtlijr70y26f34i6m7x8qayggrejs1ydv1uqxzk8npm5j2tu716tmdc93i ... (803 more bytes)","selector":{"id":"createOrganizationPop--descriptionInput","searchOpenDialogs":true,"interaction":{"idSuffix":"inner"}},"clearTextFirst":true,"interactionType":"ENTER_TEXT"}]}
COMMAND: POST /session/a230b9fa5e58e47def27534e3d005bf9/element - {"using":"css selector","value":"#createOrganizationPop--yardOrg-inner"}
RESULT: {"using":"css selector","value":"#createOrganizationPop--yardOrg-inner"}
COMMAND: POST /session/a230b9fa5e58e47def27534e3d005bf9/element/f.5A792F38359A1C743AD3061B3E5B94B4.d.42E7F06BE520024C97F5F15D8D1C7D2C.e.209/clear - {}
RESULT: {}
COMMAND: POST /session/a230b9fa5e58e47def27534e3d005bf9/element/f.5A792F38359A1C743AD3061B3E5B94B4.d.42E7F06BE520024C97F5F15D8D1C7D2C.e.209/value - {"text":"WHM"}
COMMAND: GET /session/a230b9fa5e58e47def27534e3d005bf9/screenshot - {}
RESULT: {"text":"WHM"}
COMMAND: GET /session/a230b9fa5e58e47def27534e3d005bf9/screenshot - {}
RESULT: {}
RESULT: {}
COMMAND: POST /session/a230b9fa5e58e47def27534e3d005bf9/actions - {"actions":[{"id":"action1","type":"key","parameters":{},"actions":[{"type":"keyDown","value":"î€‡"},{"type":"pause","duration":10},{"type":"keyUp","value":"î€‡"}]}]}
RESULT: {"actions":[{"id":"action1","type":"key","parameters":{},"actions":[{"type":"keyDown","value":"î€‡"},{"type":"pause","duration":10},{"type":"keyUp","value":"î€‡"}]}]}
COMMAND: POST /session/a230b9fa5e58e47def27534e3d005bf9/execute/async - {"script":"<script> [1562 bytes]","args":[{"selector":{"id":"createOrganizationPop--grZone","searchOpenDialogs":true,"interaction":{"idSuffix":"CbBg"}},"wdio_ui5_key":"createOrganizationPopgrZone"}]}
COMMAND: GET /session/a230b9fa5e58e47def27534e3d005bf9/screenshot - {}
RESULT: {"script":"<script> [1562 bytes]","args":[{"selector":{"id":"createOrganizationPop--grZone","searchOpenDialogs":true,"interaction":{"idSuffix":"CbBg"}},"wdio_ui5_key":"createOrganizationPopgrZone"}]}
RESULT: undefined
COMMAND: POST /session/a230b9fa5e58e47def27534e3d005bf9/element - {"using":"xpath","value":"//*[@id=\"createOrganizationPop--grZone\"]"}
RESULT: {}
RESULT: {"using":"xpath","value":"//*[@id=\"createOrganizationPop--grZone\"]"}
COMMAND: POST /session/a230b9fa5e58e47def27534e3d005bf9/element/f.5A792F38359A1C743AD3061B3E5B94B4.d.42E7F06BE520024C97F5F15D8D1C7D2C.e.231/click - {}
RESULT: {}
COMMAND: POST /session/a230b9fa5e58e47def27534e3d005bf9/execute/async - {"script":"<script> [1562 bytes]","args":[{"selector":{"id":"createOrganizationPop--giZone","searchOpenDialogs":true,"interaction":{"idSuffix":"CbBg"}},"wdio_ui5_key":"createOrganizationPopgiZone"}]}
COMMAND: GET /session/a230b9fa5e58e47def27534e3d005bf9/screenshot - {}
RESULT: {"script":"<script> [1562 bytes]","args":[{"selector":{"id":"createOrganizationPop--giZone","searchOpenDialogs":true,"interaction":{"idSuffix":"CbBg"}},"wdio_ui5_key":"createOrganizationPopgiZone"}]}
RESULT: undefined
COMMAND: POST /session/a230b9fa5e58e47def27534e3d005bf9/element - {"using":"xpath","value":"//*[@id=\"createOrganizationPop--giZone\"]"}
RESULT: {}
RESULT: {"using":"xpath","value":"//*[@id=\"createOrganizationPop--giZone\"]"}
COMMAND: POST /session/a230b9fa5e58e47def27534e3d005bf9/element/f.5A792F38359A1C743AD3061B3E5B94B4.d.42E7F06BE520024C97F5F15D8D1C7D2C.e.233/click - {}
RESULT: {}
COMMAND: POST /session/a230b9fa5e58e47def27534e3d005bf9/execute/async - {"script":"<script> [1562 bytes]","args":[{"selector":{"id":"createOrganizationPop--binNoInput","searchOpenDialogs":true,"interaction":{"idSuffix":"inner"}},"wdio_ui5_key":"createOrganizationPopbinNoInput"}]}
COMMAND: GET /session/a230b9fa5e58e47def27534e3d005bf9/screenshot - {}
RESULT: {"script":"<script> [1562 bytes]","args":[{"selector":{"id":"createOrganizationPop--binNoInput","searchOpenDialogs":true,"interaction":{"idSuffix":"inner"}},"wdio_ui5_key":"createOrganizationPopbinNoInput"}]}
RESULT: undefined
COMMAND: POST /session/a230b9fa5e58e47def27534e3d005bf9/execute/async - {"script":"<script> [776 bytes]","args":[{"enterText":"Bin-Wd","selector":{"id":"createOrganizationPop--binNoInput","searchOpenDialogs":true,"interaction":{"idSuffix":"inner"}},"clearTextFirst":true,"interactionType":"ENTER_TEXT"}]}
RESULT: {}
RESULT: {"script":"<script> [776 bytes]","args":[{"enterText":"Bin-Wd","selector":{"id":"createOrganizationPop--binNoInput","searchOpenDialogs":true,"interaction":{"idSuffix":"inner"}},"clearTextFirst":true,"interactionType":"ENTER_TEXT"}]}
COMMAND: POST /session/a230b9fa5e58e47def27534e3d005bf9/execute/async - {"script":"<script> [1562 bytes]","args":[{"selector":{"id":"createOrganizationPop--descriptionId","searchOpenDialogs":true,"interaction":{"idSuffix":"inner"}},"wdio_ui5_key":"createOrganizationPopdescriptionId"}]}
RESULT: {"script":"<script> [1562 bytes]","args":[{"selector":{"id":"createOrganizationPop--descriptionId","searchOpenDialogs":true,"interaction":{"idSuffix":"inner"}},"wdio_ui5_key":"createOrganizationPopdescriptionId"}]}
RESULT: undefined
COMMAND: POST /session/a230b9fa5e58e47def27534e3d005bf9/execute/async - {"script":"<script> [776 bytes]","args":[{"enterText":"Shipping-Wd","selector":{"id":"createOrganizationPop--descriptionId","searchOpenDialogs":true,"interaction":{"idSuffix":"inner"}},"clearTextFirst":true,"interactionType":"ENTER_TEXT"}]}
RESULT: {"script":"<script> [776 bytes]","args":[{"enterText":"Shipping-Wd","selector":{"id":"createOrganizationPop--descriptionId","searchOpenDialogs":true,"interaction":{"idSuffix":"inner"}},"clearTextFirst":true,"interactionType":"ENTER_TEXT"}]}
COMMAND: POST /session/a230b9fa5e58e47def27534e3d005bf9/execute/async - {"script":"<script> [1562 bytes]","args":[{"selector":{"controlType":"sap.m.CheckBox","viewName":"etm.portal.ui.binstatusreport.view.MasterWareBins","viewId":"application-binstatusreport-display-component---warehousing","bindingPath":{"path":"","propertyPath":"/ZONE","modelName":"newBin"},"searchOpenDialogs":true,"interaction":{"idSuffix":"CbBg"}},"wdio_ui5_key":"etmportal.ui.binstatusreport.view.MasterWareBinssap.m.CheckBox{\"path\":\"\",\"propertyPath\":\"/ZONE\",\"modelName\":\"newBin\"}"}]}
RESULT: {"script":"<script> [1562 bytes]","args":[{"selector":{"controlType":"sap.m.CheckBox","viewName":"etm.portal.ui.binstatusreport.view.MasterWareBins","viewId":"application-binstatusreport-display-component---warehousing","bindingPath":{"path":"","propertyPath":"/ZONE","modelName":"newBin"},"searchOpenDialogs":true,"interaction":{"idSuffix":"CbBg"}},"wdio_ui5_key":"etmportal.ui.binstatusreport.view.MasterWareBinssap.m.CheckBox{\"path\":\"\",\"propertyPath\":\"/ZONE\",\"modelName\":\"newBin\"}"}]}
RESULT: undefined
COMMAND: POST /session/a230b9fa5e58e47def27534e3d005bf9/element - {"using":"xpath","value":"//*[@id=\"__box12\"]"}
RESULT: {"using":"xpath","value":"//*[@id=\"__box12\"]"}
COMMAND: POST /session/a230b9fa5e58e47def27534e3d005bf9/element/f.5A792F38359A1C743AD3061B3E5B94B4.d.42E7F06BE520024C97F5F15D8D1C7D2C.e.237/click - {}
RESULT: {}
COMMAND: POST /session/a230b9fa5e58e47def27534e3d005bf9/execute/async - {"script":"<script> [1562 bytes]","args":[{"selector":{"id":"createOrganizationPop--binTypesCB-arrow","searchOpenDialogs":true},"wdio_ui5_key":"createOrganizationPopbinTypesCB-arrow"}]}
COMMAND: GET /session/a230b9fa5e58e47def27534e3d005bf9/screenshot - {}
RESULT: {"script":"<script> [1562 bytes]","args":[{"selector":{"id":"createOrganizationPop--binTypesCB-arrow","searchOpenDialogs":true},"wdio_ui5_key":"createOrganizationPopbinTypesCB-arrow"}]}
RESULT: undefined
COMMAND: POST /session/a230b9fa5e58e47def27534e3d005bf9/element - {"using":"xpath","value":"//*[@id=\"createOrganizationPop--binTypesCB-arrow\"]"}
RESULT: {}
RESULT: {"using":"xpath","value":"//*[@id=\"createOrganizationPop--binTypesCB-arrow\"]"}
COMMAND: POST /session/a230b9fa5e58e47def27534e3d005bf9/element/f.5A792F38359A1C743AD3061B3E5B94B4.d.42E7F06BE520024C97F5F15D8D1C7D2C.e.238/click - {}
RESULT: {}
COMMAND: POST /session/a230b9fa5e58e47def27534e3d005bf9/execute/async - {"script":"<script> [1562 bytes]","args":[{"selector":{"id":"createOrganizationPop--binTypesCB","searchOpenDialogs":true,"interaction":{"idSuffix":"inner"}},"wdio_ui5_key":"createOrganizationPopbinTypesCB"}]}
COMMAND: GET /session/a230b9fa5e58e47def27534e3d005bf9/screenshot - {}
RESULT: {"script":"<script> [1562 bytes]","args":[{"selector":{"id":"createOrganizationPop--binTypesCB","searchOpenDialogs":true,"interaction":{"idSuffix":"inner"}},"wdio_ui5_key":"createOrganizationPopbinTypesCB"}]}
RESULT: undefined
COMMAND: POST /session/a230b9fa5e58e47def27534e3d005bf9/execute/async - {"script":"<script> [776 bytes]","args":[{"enterText":"1 - General / No capacity check","selector":{"id":"createOrganizationPop--binTypesCB","searchOpenDialogs":true,"interaction":{"idSuffix":"inner"}},"clearTextFirst":true,"interactionType":"ENTER_TEXT"}]}
RESULT: {}
RESULT: {"script":"<script> [776 bytes]","args":[{"enterText":"1 - General / No capacity check","selector":{"id":"createOrganizationPop--binTypesCB","searchOpenDialogs":true,"interaction":{"idSuffix":"inner"}},"clearTextFirst":true,"interactionType":"ENTER_TEXT"}]}
COMMAND: POST /session/a230b9fa5e58e47def27534e3d005bf9/actions - {"actions":[{"id":"action2","type":"key","parameters":{},"actions":[{"type":"keyDown","value":"î€‡"},{"type":"pause","duration":10},{"type":"keyUp","value":"î€‡"}]}]}
RESULT: {"actions":[{"id":"action2","type":"key","parameters":{},"actions":[{"type":"keyDown","value":"î€‡"},{"type":"pause","duration":10},{"type":"keyUp","value":"î€‡"}]}]}
COMMAND: GET /session/a230b9fa5e58e47def27534e3d005bf9/screenshot - {}
RESULT: {}
COMMAND: POST /session/a230b9fa5e58e47def27534e3d005bf9/execute/async - {"script":"<script> [1562 bytes]","args":[{"selector":{"id":"createOrganizationPop--finishBtn","searchOpenDialogs":true,"interaction":{"idSuffix":"BDI-content"}},"wdio_ui5_key":"createOrganizationPopfinishBtn"}]}
RESULT: {"script":"<script> [1562 bytes]","args":[{"selector":{"id":"createOrganizationPop--finishBtn","searchOpenDialogs":true,"interaction":{"idSuffix":"BDI-content"}},"wdio_ui5_key":"createOrganizationPopfinishBtn"}]}
RESULT: undefined
COMMAND: POST /session/a230b9fa5e58e47def27534e3d005bf9/element - {"using":"xpath","value":"//*[@id=\"createOrganizationPop--finishBtn\"]"}
RESULT: {"using":"xpath","value":"//*[@id=\"createOrganizationPop--finishBtn\"]"}
COMMAND: POST /session/a230b9fa5e58e47def27534e3d005bf9/element/f.5A792F38359A1C743AD3061B3E5B94B4.d.42E7F06BE520024C97F5F15D8D1C7D2C.e.241/click - {}
RESULT: {}
COMMAND: GET /session/a230b9fa5e58e47def27534e3d005bf9/screenshot - {}
COMMAND: POST /session/a230b9fa5e58e47def27534e3d005bf9/element - {"using":"css selector","value":"#j_username"}
COMMAND: POST /session/a230b9fa5e58e47def27534e3d005bf9/url - {"url":"https://qa-testing-00-live-etm-ui.cfapps.eu10-004.hana.ondemand.com/"}
RESULT: {}
RESULT: {"using":"css selector","value":"#j_username"}
COMMAND: POST /session/a230b9fa5e58e47def27534e3d005bf9/element - {"using":"css selector","value":"#j_username"}
RESULT: {"url":"https://qa-testing-00-live-etm-ui.cfapps.eu10-004.hana.ondemand.com/"}
RESULT: undefined
COMMAND: GET /session/a230b9fa5e58e47def27534e3d005bf9/screenshot - {}
RESULT: {"using":"css selector","value":"#j_username"}
COMMAND: POST /session/a230b9fa5e58e47def27534e3d005bf9/element - {"using":"css selector","value":"#shell-header-logo"}
RESULT: {}
RESULT: {"using":"css selector","value":"#shell-header-logo"}
COMMAND: POST /session/a230b9fa5e58e47def27534e3d005bf9/execute/sync - {"script":"<script> [8489 bytes]","args":[{"element-6066-11e4-a52e-4f735466cecf":"f.5A792F38359A1C743AD3061B3E5B94B4.d.A14A7997052D5CB0913A3239AC96EA91.e.252","ELEMENT":"f.5A792F38359A1C743AD3061B3E5B94B4.d.A14A7997052D5CB0913A3239AC96EA91.e.252"}]}
RESULT: {"script":"<script> [8489 bytes]","args":[{"element-6066-11e4-a52e-4f735466cecf":"f.5A792F38359A1C743AD3061B3E5B94B4.d.A14A7997052D5CB0913A3239AC96EA91.e.252","ELEMENT":"f.5A792F38359A1C743AD3061B3E5B94B4.d.A14A7997052D5CB0913A3239AC96EA91.e.252"}]}
COMMAND: POST /session/a230b9fa5e58e47def27534e3d005bf9/element - {"using":"css selector","value":"#shell-header-logo"}
COMMAND: GET /session/a230b9fa5e58e47def27534e3d005bf9/screenshot - {}
RESULT: {"using":"css selector","value":"#shell-header-logo"}
COMMAND: POST /session/a230b9fa5e58e47def27534e3d005bf9/execute/sync - {"script":"<script> [8489 bytes]","args":[{"element-6066-11e4-a52e-4f735466cecf":"f.5A792F38359A1C743AD3061B3E5B94B4.d.A14A7997052D5CB0913A3239AC96EA91.e.252","ELEMENT":"f.5A792F38359A1C743AD3061B3E5B94B4.d.A14A7997052D5CB0913A3239AC96EA91.e.252"}]}
RESULT: {}
RESULT: {"script":"<script> [8489 bytes]","args":[{"element-6066-11e4-a52e-4f735466cecf":"f.5A792F38359A1C743AD3061B3E5B94B4.d.A14A7997052D5CB0913A3239AC96EA91.e.252","ELEMENT":"f.5A792F38359A1C743AD3061B3E5B94B4.d.A14A7997052D5CB0913A3239AC96EA91.e.252"}]}
COMMAND: POST /session/a230b9fa5e58e47def27534e3d005bf9/execute/sync - {"script":"<script> [5351 bytes]","args":[{"element-6066-11e4-a52e-4f735466cecf":"f.5A792F38359A1C743AD3061B3E5B94B4.d.A14A7997052D5CB0913A3239AC96EA91.e.252","ELEMENT":"f.5A792F38359A1C743AD3061B3E5B94B4.d.A14A7997052D5CB0913A3239AC96EA91.e.252"}]}
COMMAND: GET /session/a230b9fa5e58e47def27534e3d005bf9/screenshot - {}
RESULT: {"script":"<script> [5351 bytes]","args":[{"element-6066-11e4-a52e-4f735466cecf":"f.5A792F38359A1C743AD3061B3E5B94B4.d.A14A7997052D5CB0913A3239AC96EA91.e.252","ELEMENT":"f.5A792F38359A1C743AD3061B3E5B94B4.d.A14A7997052D5CB0913A3239AC96EA91.e.252"}]}
COMMAND: POST /session/a230b9fa5e58e47def27534e3d005bf9/element - {"using":"css selector","value":"#shell-header-logo"}
COMMAND: GET /session/a230b9fa5e58e47def27534e3d005bf9/screenshot - {}
RESULT: {}
RESULT: {"using":"css selector","value":"#shell-header-logo"}
COMMAND: POST /session/a230b9fa5e58e47def27534e3d005bf9/element/f.5A792F38359A1C743AD3061B3E5B94B4.d.A14A7997052D5CB0913A3239AC96EA91.e.252/click - {}
RESULT: {}
RESULT: {}
COMMAND: GET /session/a230b9fa5e58e47def27534e3d005bf9/screenshot - {}
RESULT: {}
COMMAND: POST /session/a230b9fa5e58e47def27534e3d005bf9/execute/async - {"script":"<script> [189 bytes]","args":[]}
RESULT: {"script":"<script> [189 bytes]","args":[]}
COMMAND: POST /session/a230b9fa5e58e47def27534e3d005bf9/execute/async - {"script":"<script> [123 bytes]","args":[]}
RESULT: {"script":"<script> [123 bytes]","args":[]}
COMMAND: POST /session/a230b9fa5e58e47def27534e3d005bf9/timeouts - {"script":"<number>"}
RESULT: {"script":"<number>"}
COMMAND: GET /session/a230b9fa5e58e47def27534e3d005bf9/timeouts - {}
RESULT: {}
RESULT: undefined
COMMAND: POST /session/a230b9fa5e58e47def27534e3d005bf9/execute/async - {"script":"<script> [2676 bytes]","args":[]}
RESULT: {"script":"<script> [2676 bytes]","args":[]}
COMMAND: POST /session/a230b9fa5e58e47def27534e3d005bf9/execute/async - {"script":"<script> [2342 bytes]","args":[{"protocol":"http","hostname":"0.0.0.0","path":"/","capabilities":{"browserName":"chrome","goog:chromeOptions":{"binary":"C:\\Program Files\\Google\\Chrome\\Application\\chrome.exe","args":["--start-maximized"]}},"logLevel":"warn","connectionRetryTimeout":120000,"connectionRetryCount":3,"logLevels":{},"enableDirectConnect":true,"strictSSL":true,"_":"65 more keys: [\"cacheDir\",\"port\",\"requestedCapabilities\",\"automationProtocol\",\"baseUrl\",\"waitforInterval\",\"waitforTimeout\",\"onReload\",\"beforeCommand\",\"afterCommand\",\"rootDir\",\"specs\",\"suites\",\"exclude\",\"groupLogsByTestSpec\",\"excludeDriverLogs\",\"bail\",\"framework\",\"reporters\",\"services\",\"maxInstances\",\"maxInstancesPerCapability\",\"injectGlobals\",\"filesToWatch\",\"execArgv\",\"runnerEnv\",\"runner\",\"shard\",\"specFileRetries\",\"specFileRetriesDelay\",\"specFileRetriesDeferred\",\"reporterSyncInterval\",\"reporterSyncTimeout\",\"cucumberFeaturesWithLineNumbers\",\"autoCompileOpts\",\"mochaOpts\",\"jasmineOpts\",\"cucumberOpts\",\"onPrepare\",\"onWorkerStart\",\"onWorkerEnd\",\"before\",\"beforeSession\",\"beforeSuite\",\"beforeHook\",\"beforeTest\",\"afterTest\",\"afterHook\",\"afterSuite\",\"afterSession\",\"after\",\"onComplete\",\"beforeAssertion\",\"afterAssertion\",\"beforeFeature\",\"beforeScenario\",\"beforeStep\",\"afterStep\",\"afterScenario\",\"afterFeature\",\"_\",\"suite\",\"$0\",\"ignoredWorkerServices\",\"wdi5\"]"}]}
RESULT: {"script":"<script> [2342 bytes]","args":[{"protocol":"http","hostname":"0.0.0.0","path":"/","capabilities":{"browserName":"chrome","goog:chromeOptions":{"binary":"C:\\Program Files\\Google\\Chrome\\Application\\chrome.exe","args":["--start-maximized"]}},"logLevel":"warn","connectionRetryTimeout":120000,"connectionRetryCount":3,"logLevels":{},"enableDirectConnect":true,"strictSSL":true,"_":"65 more keys: [\"cacheDir\",\"port\",\"requestedCapabilities\",\"automationProtocol\",\"baseUrl\",\"waitforInterval\",\"waitforTimeout\",\"onReload\",\"beforeCommand\",\"afterCommand\",\"rootDir\",\"specs\",\"suites\",\"exclude\",\"groupLogsByTestSpec\",\"excludeDriverLogs\",\"bail\",\"framework\",\"reporters\",\"services\",\"maxInstances\",\"maxInstancesPerCapability\",\"injectGlobals\",\"filesToWatch\",\"execArgv\",\"runnerEnv\",\"runner\",\"shard\",\"specFileRetries\",\"specFileRetriesDelay\",\"specFileRetriesDeferred\",\"reporterSyncInterval\",\"reporterSyncTimeout\",\"cucumberFeaturesWithLineNumbers\",\"autoCompileOpts\",\"mochaOpts\",\"jasmineOpts\",\"cucumberOpts\",\"onPrepare\",\"onWorkerStart\",\"onWorkerEnd\",\"before\",\"beforeSession\",\"beforeSuite\",\"beforeHook\",\"beforeTest\",\"afterTest\",\"afterHook\",\"afterSuite\",\"afterSession\",\"after\",\"onComplete\",\"beforeAssertion\",\"afterAssertion\",\"beforeFeature\",\"beforeScenario\",\"beforeStep\",\"afterStep\",\"afterScenario\",\"afterFeature\",\"_\",\"suite\",\"$0\",\"ignoredWorkerServices\",\"wdi5\"]"}]}
COMMAND: POST /session/a230b9fa5e58e47def27534e3d005bf9/execute/async - {"script":"<script> [21126 bytes]","args":[35000]}
RESULT: {"script":"<script> [21126 bytes]","args":[35000]}
COMMAND: POST /session/a230b9fa5e58e47def27534e3d005bf9/window/maximize - {}
RESULT: {}
COMMAND: POST /session/a230b9fa5e58e47def27534e3d005bf9/execute/async - {"script":"<script> [1562 bytes]","args":[{"selector":{"id":"shell-header","interaction":{"idSuffix":"icon"}},"wdio_ui5_key":"shellheader"}]}
COMMAND: GET /session/a230b9fa5e58e47def27534e3d005bf9/screenshot - {}
RESULT: {"script":"<script> [1562 bytes]","args":[{"selector":{"id":"shell-header","interaction":{"idSuffix":"icon"}},"wdio_ui5_key":"shellheader"}]}
RESULT: undefined
]]></system-out>
    </testcase>
  </testsuite>
  <testsuite timestamp="2025-04-28T16:19:30" time="785.837" tests="8" failures="0" errors="0" skipped="0">
    <properties>
      <property name="specId" value="0" />
      <property name="suiteName" value="Stock increase - with WHM US125587" />
      <property name="capabilities" value="chrome.135_0_7049_96.windows" />
      <property name="file" value="file:///D:/a/1/s/test/specs/HTR/stock-increase.spec.js" />
    </properties>
    <testcase classname="chrome.135_0_7049_96.windows.Stock_increase_-_with_WHM_US125587" name="Should create a WHM yard" time="96.955">
      <system-out><![CDATA[
COMMAND: POST /session/a230b9fa5e58e47def27534e3d005bf9/element - {"using":"css selector","value":"#shell-header-logo"}
RESULT: {}
RESULT: {"using":"css selector","value":"#shell-header-logo"}
COMMAND: POST /session/a230b9fa5e58e47def27534e3d005bf9/element/f.5A792F38359A1C743AD3061B3E5B94B4.d.A14A7997052D5CB0913A3239AC96EA91.e.252/click - {}
RESULT: {}
COMMAND: GET /session/a230b9fa5e58e47def27534e3d005bf9/screenshot - {}
RESULT: {}
COMMAND: POST /session/a230b9fa5e58e47def27534e3d005bf9/execute/async - {"script":"<script> [1562 bytes]","args":[{"selector":{"controlType":"sap.m.GenericTile","properties":{"header":"Manage Yards"}},"wdio_ui5_key":"sapm.GenericTile{\"header\":\"Manage Yards\"}"}]}
RESULT: {"script":"<script> [1562 bytes]","args":[{"selector":{"controlType":"sap.m.GenericTile","properties":{"header":"Manage Yards"}},"wdio_ui5_key":"sapm.GenericTile{\"header\":\"Manage Yards\"}"}]}
RESULT: undefined
COMMAND: POST /session/a230b9fa5e58e47def27534e3d005bf9/element - {"using":"xpath","value":"//*[@id=\"__tile41\"]"}
RESULT: {"using":"xpath","value":"//*[@id=\"__tile41\"]"}
COMMAND: POST /session/a230b9fa5e58e47def27534e3d005bf9/element/f.5A792F38359A1C743AD3061B3E5B94B4.d.A14A7997052D5CB0913A3239AC96EA91.e.260/click - {}
RESULT: {}
COMMAND: GET /session/a230b9fa5e58e47def27534e3d005bf9/screenshot - {}
RESULT: {}
COMMAND: POST /session/a230b9fa5e58e47def27534e3d005bf9/execute/async - {"script":"<script> [1562 bytes]","args":[{"selector":{"controlType":"sap.ui.core.Icon","viewName":"etm.portal.ui.manageyards.view.Master","viewId":"application-manageyards-display-component---masterYard","properties":{"src":{"regex":{"source":"add"}}}},"wdio_ui5_key":"etmportal.ui.manageyards.view.Mastersap.ui.core.Icon{\"src\":{\"regex\":{\"source\":\"add\"}}}"}]}
RESULT: {"script":"<script> [1562 bytes]","args":[{"selector":{"controlType":"sap.ui.core.Icon","viewName":"etm.portal.ui.manageyards.view.Master","viewId":"application-manageyards-display-component---masterYard","properties":{"src":{"regex":{"source":"add"}}}},"wdio_ui5_key":"etmportal.ui.manageyards.view.Mastersap.ui.core.Icon{\"src\":{\"regex\":{\"source\":\"add\"}}}"}]}
RESULT: undefined
COMMAND: POST /session/a230b9fa5e58e47def27534e3d005bf9/element - {"using":"xpath","value":"//*[@id=\"__button4-img\"]"}
RESULT: {"using":"xpath","value":"//*[@id=\"__button4-img\"]"}
COMMAND: POST /session/a230b9fa5e58e47def27534e3d005bf9/element/f.5A792F38359A1C743AD3061B3E5B94B4.d.A14A7997052D5CB0913A3239AC96EA91.e.305/click - {}
RESULT: {}
COMMAND: GET /session/a230b9fa5e58e47def27534e3d005bf9/screenshot - {}
RESULT: {}
COMMAND: POST /session/a230b9fa5e58e47def27534e3d005bf9/execute/async - {"script":"<script> [1562 bytes]","args":[{"selector":{"id":"application-manageyards-display-component---NewYard--yardId","interaction":{"idSuffix":"inner"}},"wdio_ui5_key":"applicationmanageyards-display-component---NewYard--yardId"}]}
RESULT: {"script":"<script> [1562 bytes]","args":[{"selector":{"id":"application-manageyards-display-component---NewYard--yardId","interaction":{"idSuffix":"inner"}},"wdio_ui5_key":"applicationmanageyards-display-component---NewYard--yardId"}]}
RESULT: undefined
COMMAND: POST /session/a230b9fa5e58e47def27534e3d005bf9/element - {"using":"xpath","value":"//*[@id=\"application-manageyards-display-component---NewYard--addressDetailDetailsName1-inner\"]"}
RESULT: {"using":"xpath","value":"//*[@id=\"application-manageyards-display-component---NewYard--addressDetailDetailsName1-inner\"]"}
COMMAND: POST /session/a230b9fa5e58e47def27534e3d005bf9/element/f.5A792F38359A1C743AD3061B3E5B94B4.d.A14A7997052D5CB0913A3239AC96EA91.e.518/clear - {}
RESULT: {}
COMMAND: POST /session/a230b9fa5e58e47def27534e3d005bf9/element/f.5A792F38359A1C743AD3061B3E5B94B4.d.A14A7997052D5CB0913A3239AC96EA91.e.518/value - {"text":"WebdriverWHMYardomfc6i"}
COMMAND: GET /session/a230b9fa5e58e47def27534e3d005bf9/screenshot - {}
RESULT: {"text":"WebdriverWHMYardomfc6i"}
COMMAND: POST /session/a230b9fa5e58e47def27534e3d005bf9/element - {"using":"xpath","value":"//*[@id=\"application-manageyards-display-component---NewYard--addressDetailDetailsLanguage-inner\"]"}
COMMAND: GET /session/a230b9fa5e58e47def27534e3d005bf9/screenshot - {}
RESULT: {}
RESULT: {"using":"xpath","value":"//*[@id=\"application-manageyards-display-component---NewYard--addressDetailDetailsLanguage-inner\"]"}
COMMAND: POST /session/a230b9fa5e58e47def27534e3d005bf9/element/f.5A792F38359A1C743AD3061B3E5B94B4.d.A14A7997052D5CB0913A3239AC96EA91.e.519/clear - {}
RESULT: {}
RESULT: {}
COMMAND: POST /session/a230b9fa5e58e47def27534e3d005bf9/element/f.5A792F38359A1C743AD3061B3E5B94B4.d.A14A7997052D5CB0913A3239AC96EA91.e.519/value - {"text":"Romanian"}
COMMAND: GET /session/a230b9fa5e58e47def27534e3d005bf9/screenshot - {}
RESULT: {"text":"Romanian"}
COMMAND: GET /session/a230b9fa5e58e47def27534e3d005bf9/screenshot - {}
RESULT: {}
RESULT: {}
COMMAND: POST /session/a230b9fa5e58e47def27534e3d005bf9/element - {"using":"xpath","value":"//*[@id=\"application-manageyards-display-component---NewYard--addressDetailDetailsCity1-inner\"]"}
RESULT: {"using":"xpath","value":"//*[@id=\"application-manageyards-display-component---NewYard--addressDetailDetailsCity1-inner\"]"}
COMMAND: POST /session/a230b9fa5e58e47def27534e3d005bf9/element/f.5A792F38359A1C743AD3061B3E5B94B4.d.A14A7997052D5CB0913A3239AC96EA91.e.521/clear - {}
RESULT: {}
COMMAND: POST /session/a230b9fa5e58e47def27534e3d005bf9/element/f.5A792F38359A1C743AD3061B3E5B94B4.d.A14A7997052D5CB0913A3239AC96EA91.e.521/value - {"text":"Bucuresti"}
COMMAND: GET /session/a230b9fa5e58e47def27534e3d005bf9/screenshot - {}
RESULT: {"text":"Bucuresti"}
COMMAND: GET /session/a230b9fa5e58e47def27534e3d005bf9/screenshot - {}
RESULT: {}
RESULT: {}
COMMAND: POST /session/a230b9fa5e58e47def27534e3d005bf9/element - {"using":"xpath","value":"//*[@id=\"application-manageyards-display-component---NewYard--addressDetailDetailsCountry-inner\"]"}
RESULT: {"using":"xpath","value":"//*[@id=\"application-manageyards-display-component---NewYard--addressDetailDetailsCountry-inner\"]"}
COMMAND: POST /session/a230b9fa5e58e47def27534e3d005bf9/element/f.5A792F38359A1C743AD3061B3E5B94B4.d.A14A7997052D5CB0913A3239AC96EA91.e.525/clear - {}
RESULT: {}
COMMAND: POST /session/a230b9fa5e58e47def27534e3d005bf9/element/f.5A792F38359A1C743AD3061B3E5B94B4.d.A14A7997052D5CB0913A3239AC96EA91.e.525/value - {"text":"Romania"}
COMMAND: GET /session/a230b9fa5e58e47def27534e3d005bf9/screenshot - {}
RESULT: {"text":"Romania"}
COMMAND: GET /session/a230b9fa5e58e47def27534e3d005bf9/screenshot - {}
RESULT: {}
RESULT: {}
COMMAND: POST /session/a230b9fa5e58e47def27534e3d005bf9/execute/async - {"script":"<script> [1562 bytes]","args":[{"selector":{"controlType":"sap.m.Button","viewName":"etm.portal.ui.manageyards.view.New","viewId":"application-manageyards-display-component---NewYard","properties":{"text":"Commercial"},"interaction":{"idSuffix":"BDI-content"}},"wdio_ui5_key":"etmportal.ui.manageyards.view.Newsap.m.Button{\"text\":\"Commercial\"}"}]}
RESULT: {"script":"<script> [1562 bytes]","args":[{"selector":{"controlType":"sap.m.Button","viewName":"etm.portal.ui.manageyards.view.New","viewId":"application-manageyards-display-component---NewYard","properties":{"text":"Commercial"},"interaction":{"idSuffix":"BDI-content"}},"wdio_ui5_key":"etmportal.ui.manageyards.view.Newsap.m.Button{\"text\":\"Commercial\"}"}]}
RESULT: undefined
COMMAND: POST /session/a230b9fa5e58e47def27534e3d005bf9/element - {"using":"xpath","value":"//*[@id=\"application-manageyards-display-component---NewYard--ObjectPageLayout-anchBar-__section5-anchor\"]"}
RESULT: {"using":"xpath","value":"//*[@id=\"application-manageyards-display-component---NewYard--ObjectPageLayout-anchBar-__section5-anchor\"]"}
COMMAND: POST /session/a230b9fa5e58e47def27534e3d005bf9/element/f.5A792F38359A1C743AD3061B3E5B94B4.d.A14A7997052D5CB0913A3239AC96EA91.e.716/click - {}
RESULT: {}
COMMAND: GET /session/a230b9fa5e58e47def27534e3d005bf9/screenshot - {}
RESULT: {}
COMMAND: POST /session/a230b9fa5e58e47def27534e3d005bf9/element - {"using":"xpath","value":"//input[@id='application-manageyards-display-component---NewYard--addressEditDetailsCostObjectCstType-inner']"}
RESULT: {"using":"xpath","value":"//input[@id='application-manageyards-display-component---NewYard--addressEditDetailsCostObjectCstType-inner']"}
COMMAND: POST /session/a230b9fa5e58e47def27534e3d005bf9/execute/sync - {"script":"<script> [8489 bytes]","args":[{"element-6066-11e4-a52e-4f735466cecf":"f.5A792F38359A1C743AD3061B3E5B94B4.d.A14A7997052D5CB0913A3239AC96EA91.e.531","ELEMENT":"f.5A792F38359A1C743AD3061B3E5B94B4.d.A14A7997052D5CB0913A3239AC96EA91.e.531"}]}
RESULT: {"script":"<script> [8489 bytes]","args":[{"element-6066-11e4-a52e-4f735466cecf":"f.5A792F38359A1C743AD3061B3E5B94B4.d.A14A7997052D5CB0913A3239AC96EA91.e.531","ELEMENT":"f.5A792F38359A1C743AD3061B3E5B94B4.d.A14A7997052D5CB0913A3239AC96EA91.e.531"}]}
COMMAND: POST /session/a230b9fa5e58e47def27534e3d005bf9/element/f.5A792F38359A1C743AD3061B3E5B94B4.d.A14A7997052D5CB0913A3239AC96EA91.e.531/clear - {}
COMMAND: GET /session/a230b9fa5e58e47def27534e3d005bf9/screenshot - {}
RESULT: {}
COMMAND: POST /session/a230b9fa5e58e47def27534e3d005bf9/element/f.5A792F38359A1C743AD3061B3E5B94B4.d.A14A7997052D5CB0913A3239AC96EA91.e.531/value - {"text":"Cost"}
COMMAND: GET /session/a230b9fa5e58e47def27534e3d005bf9/screenshot - {}
RESULT: {}
RESULT: {"text":"Cost"}
COMMAND: GET /session/a230b9fa5e58e47def27534e3d005bf9/screenshot - {}
RESULT: {}
RESULT: {}
COMMAND: POST /session/a230b9fa5e58e47def27534e3d005bf9/execute/async - {"script":"<script> [1562 bytes]","args":[{"selector":{"id":"application-manageyards-display-component---NewYard--addressNewCostObjectCstID","interaction":{"idSuffix":"inner"}},"wdio_ui5_key":"applicationmanageyards-display-component---NewYard--addressNewCostObjectCstID"}]}
RESULT: {"script":"<script> [1562 bytes]","args":[{"selector":{"id":"application-manageyards-display-component---NewYard--addressNewCostObjectCstID","interaction":{"idSuffix":"inner"}},"wdio_ui5_key":"applicationmanageyards-display-component---NewYard--addressNewCostObjectCstID"}]}
RESULT: undefined
COMMAND: POST /session/a230b9fa5e58e47def27534e3d005bf9/execute/async - {"script":"<script> [776 bytes]","args":[{"enterText":"10001013","selector":{"id":"application-manageyards-display-component---NewYard--addressNewCostObjectCstID","interaction":{"idSuffix":"inner"}},"clearTextFirst":true,"interactionType":"ENTER_TEXT"}]}
RESULT: {"script":"<script> [776 bytes]","args":[{"enterText":"10001013","selector":{"id":"application-manageyards-display-component---NewYard--addressNewCostObjectCstID","interaction":{"idSuffix":"inner"}},"clearTextFirst":true,"interactionType":"ENTER_TEXT"}]}
COMMAND: POST /session/a230b9fa5e58e47def27534e3d005bf9/actions - {"actions":[{"id":"action3","type":"key","parameters":{},"actions":[{"type":"keyDown","value":"î€‡"},{"type":"pause","duration":10},{"type":"keyUp","value":"î€‡"}]}]}
RESULT: {"actions":[{"id":"action3","type":"key","parameters":{},"actions":[{"type":"keyDown","value":"î€‡"},{"type":"pause","duration":10},{"type":"keyUp","value":"î€‡"}]}]}
COMMAND: POST /session/a230b9fa5e58e47def27534e3d005bf9/execute/async - {"script":"<script> [1562 bytes]","args":[{"selector":{"id":"application-manageyards-display-component---NewYard--addressEditDetailsCurrency","interaction":{"idSuffix":"inner"}},"wdio_ui5_key":"applicationmanageyards-display-component---NewYard--addressEditDetailsCurrency"}]}
COMMAND: GET /session/a230b9fa5e58e47def27534e3d005bf9/screenshot - {}
RESULT: {"script":"<script> [1562 bytes]","args":[{"selector":{"id":"application-manageyards-display-component---NewYard--addressEditDetailsCurrency","interaction":{"idSuffix":"inner"}},"wdio_ui5_key":"applicationmanageyards-display-component---NewYard--addressEditDetailsCurrency"}]}
RESULT: undefined
COMMAND: POST /session/a230b9fa5e58e47def27534e3d005bf9/execute/async - {"script":"<script> [776 bytes]","args":[{"enterText":"Euro","selector":{"id":"application-manageyards-display-component---NewYard--addressEditDetailsCurrency","interaction":{"idSuffix":"inner"}},"clearTextFirst":true,"interactionType":"ENTER_TEXT"}]}
RESULT: {}
RESULT: {"script":"<script> [776 bytes]","args":[{"enterText":"Euro","selector":{"id":"application-manageyards-display-component---NewYard--addressEditDetailsCurrency","interaction":{"idSuffix":"inner"}},"clearTextFirst":true,"interactionType":"ENTER_TEXT"}]}
COMMAND: POST /session/a230b9fa5e58e47def27534e3d005bf9/execute/async - {"script":"<script> [1562 bytes]","args":[{"selector":{"controlType":"sap.m.Input","viewName":"etm.portal.ui.manageyards.view.New","viewId":"application-manageyards-display-component---NewYard","bindingPath":{"path":"","propertyPath":"/CONTROLLING_AREA","modelName":"NewYardModel"},"interaction":{"idSuffix":"inner"}},"wdio_ui5_key":"etmportal.ui.manageyards.view.Newsap.m.Input{\"path\":\"\",\"propertyPath\":\"/CONTROLLING_AREA\",\"modelName\":\"NewYardModel\"}"}]}
RESULT: {"script":"<script> [1562 bytes]","args":[{"selector":{"controlType":"sap.m.Input","viewName":"etm.portal.ui.manageyards.view.New","viewId":"application-manageyards-display-component---NewYard","bindingPath":{"path":"","propertyPath":"/CONTROLLING_AREA","modelName":"NewYardModel"},"interaction":{"idSuffix":"inner"}},"wdio_ui5_key":"etmportal.ui.manageyards.view.Newsap.m.Input{\"path\":\"\",\"propertyPath\":\"/CONTROLLING_AREA\",\"modelName\":\"NewYardModel\"}"}]}
RESULT: undefined
COMMAND: POST /session/a230b9fa5e58e47def27534e3d005bf9/execute/async - {"script":"<script> [776 bytes]","args":[{"enterText":"Z001","selector":{"controlType":"sap.m.Input","viewName":"etm.portal.ui.manageyards.view.New","viewId":"application-manageyards-display-component---NewYard","bindingPath":{"path":"","propertyPath":"/CONTROLLING_AREA","modelName":"NewYardModel"},"interaction":{"idSuffix":"inner"}},"clearTextFirst":true,"interactionType":"ENTER_TEXT"}]}
RESULT: {"script":"<script> [776 bytes]","args":[{"enterText":"Z001","selector":{"controlType":"sap.m.Input","viewName":"etm.portal.ui.manageyards.view.New","viewId":"application-manageyards-display-component---NewYard","bindingPath":{"path":"","propertyPath":"/CONTROLLING_AREA","modelName":"NewYardModel"},"interaction":{"idSuffix":"inner"}},"clearTextFirst":true,"interactionType":"ENTER_TEXT"}]}
COMMAND: POST /session/a230b9fa5e58e47def27534e3d005bf9/execute/async - {"script":"<script> [1562 bytes]","args":[{"selector":{"id":"application-manageyards-display-component---NewYard--companyCodeComboBox","interaction":{"idSuffix":"inner"}},"wdio_ui5_key":"applicationmanageyards-display-component---NewYard--companyCodeComboBox"}]}
RESULT: {"script":"<script> [1562 bytes]","args":[{"selector":{"id":"application-manageyards-display-component---NewYard--companyCodeComboBox","interaction":{"idSuffix":"inner"}},"wdio_ui5_key":"applicationmanageyards-display-component---NewYard--companyCodeComboBox"}]}
RESULT: undefined
COMMAND: POST /session/a230b9fa5e58e47def27534e3d005bf9/execute/async - {"script":"<script> [776 bytes]","args":[{"enterText":"1000","selector":{"id":"application-manageyards-display-component---NewYard--companyCodeComboBox","interaction":{"idSuffix":"inner"}},"clearTextFirst":true,"interactionType":"ENTER_TEXT"}]}
RESULT: {"script":"<script> [776 bytes]","args":[{"enterText":"1000","selector":{"id":"application-manageyards-display-component---NewYard--companyCodeComboBox","interaction":{"idSuffix":"inner"}},"clearTextFirst":true,"interactionType":"ENTER_TEXT"}]}
COMMAND: POST /session/a230b9fa5e58e47def27534e3d005bf9/actions - {"actions":[{"id":"action4","type":"key","parameters":{},"actions":[{"type":"keyDown","value":"î€‡"},{"type":"pause","duration":10},{"type":"keyUp","value":"î€‡"}]}]}
RESULT: {"actions":[{"id":"action4","type":"key","parameters":{},"actions":[{"type":"keyDown","value":"î€‡"},{"type":"pause","duration":10},{"type":"keyUp","value":"î€‡"}]}]}
COMMAND: POST /session/a230b9fa5e58e47def27534e3d005bf9/execute/async - {"script":"<script> [1562 bytes]","args":[{"selector":{"controlType":"sap.m.Input","viewName":"etm.portal.ui.manageyards.view.New","viewId":"application-manageyards-display-component---NewYard","bindingPath":{"path":"","propertyPath":"/PLANT","modelName":"NewYardModel"},"interaction":{"idSuffix":"inner"}},"wdio_ui5_key":"etmportal.ui.manageyards.view.Newsap.m.Input{\"path\":\"\",\"propertyPath\":\"/PLANT\",\"modelName\":\"NewYardModel\"}"}]}
COMMAND: GET /session/a230b9fa5e58e47def27534e3d005bf9/screenshot - {}
RESULT: {"script":"<script> [1562 bytes]","args":[{"selector":{"controlType":"sap.m.Input","viewName":"etm.portal.ui.manageyards.view.New","viewId":"application-manageyards-display-component---NewYard","bindingPath":{"path":"","propertyPath":"/PLANT","modelName":"NewYardModel"},"interaction":{"idSuffix":"inner"}},"wdio_ui5_key":"etmportal.ui.manageyards.view.Newsap.m.Input{\"path\":\"\",\"propertyPath\":\"/PLANT\",\"modelName\":\"NewYardModel\"}"}]}
RESULT: undefined
COMMAND: POST /session/a230b9fa5e58e47def27534e3d005bf9/execute/async - {"script":"<script> [776 bytes]","args":[{"enterText":"1001","selector":{"controlType":"sap.m.Input","viewName":"etm.portal.ui.manageyards.view.New","viewId":"application-manageyards-display-component---NewYard","bindingPath":{"path":"","propertyPath":"/PLANT","modelName":"NewYardModel"},"interaction":{"idSuffix":"inner"}},"clearTextFirst":true,"interactionType":"ENTER_TEXT"}]}
RESULT: {}
RESULT: {"script":"<script> [776 bytes]","args":[{"enterText":"1001","selector":{"controlType":"sap.m.Input","viewName":"etm.portal.ui.manageyards.view.New","viewId":"application-manageyards-display-component---NewYard","bindingPath":{"path":"","propertyPath":"/PLANT","modelName":"NewYardModel"},"interaction":{"idSuffix":"inner"}},"clearTextFirst":true,"interactionType":"ENTER_TEXT"}]}
COMMAND: POST /session/a230b9fa5e58e47def27534e3d005bf9/execute/async - {"script":"<script> [1562 bytes]","args":[{"selector":{"controlType":"sap.m.Input","viewName":"etm.portal.ui.manageyards.view.New","viewId":"application-manageyards-display-component---NewYard","bindingPath":{"path":"","propertyPath":"/SALES_AREA_VKORG","modelName":"NewYardModel"},"interaction":{"idSuffix":"inner"}},"wdio_ui5_key":"etmportal.ui.manageyards.view.Newsap.m.Input{\"path\":\"\",\"propertyPath\":\"/SALES_AREA_VKORG\",\"modelName\":\"NewYardModel\"}"}]}
RESULT: {"script":"<script> [1562 bytes]","args":[{"selector":{"controlType":"sap.m.Input","viewName":"etm.portal.ui.manageyards.view.New","viewId":"application-manageyards-display-component---NewYard","bindingPath":{"path":"","propertyPath":"/SALES_AREA_VKORG","modelName":"NewYardModel"},"interaction":{"idSuffix":"inner"}},"wdio_ui5_key":"etmportal.ui.manageyards.view.Newsap.m.Input{\"path\":\"\",\"propertyPath\":\"/SALES_AREA_VKORG\",\"modelName\":\"NewYardModel\"}"}]}
RESULT: undefined
COMMAND: POST /session/a230b9fa5e58e47def27534e3d005bf9/execute/async - {"script":"<script> [776 bytes]","args":[{"enterText":"C002","selector":{"controlType":"sap.m.Input","viewName":"etm.portal.ui.manageyards.view.New","viewId":"application-manageyards-display-component---NewYard","bindingPath":{"path":"","propertyPath":"/SALES_AREA_VKORG","modelName":"NewYardModel"},"interaction":{"idSuffix":"inner"}},"clearTextFirst":true,"interactionType":"ENTER_TEXT"}]}
RESULT: {"script":"<script> [776 bytes]","args":[{"enterText":"C002","selector":{"controlType":"sap.m.Input","viewName":"etm.portal.ui.manageyards.view.New","viewId":"application-manageyards-display-component---NewYard","bindingPath":{"path":"","propertyPath":"/SALES_AREA_VKORG","modelName":"NewYardModel"},"interaction":{"idSuffix":"inner"}},"clearTextFirst":true,"interactionType":"ENTER_TEXT"}]}
COMMAND: POST /session/a230b9fa5e58e47def27534e3d005bf9/execute/async - {"script":"<script> [1562 bytes]","args":[{"selector":{"controlType":"sap.m.Input","viewName":"etm.portal.ui.manageyards.view.New","viewId":"application-manageyards-display-component---NewYard","bindingPath":{"path":"","propertyPath":"/SALES_AREA_VTWEG","modelName":"NewYardModel"},"interaction":{"idSuffix":"inner"}},"wdio_ui5_key":"etmportal.ui.manageyards.view.Newsap.m.Input{\"path\":\"\",\"propertyPath\":\"/SALES_AREA_VTWEG\",\"modelName\":\"NewYardModel\"}"}]}
RESULT: {"script":"<script> [1562 bytes]","args":[{"selector":{"controlType":"sap.m.Input","viewName":"etm.portal.ui.manageyards.view.New","viewId":"application-manageyards-display-component---NewYard","bindingPath":{"path":"","propertyPath":"/SALES_AREA_VTWEG","modelName":"NewYardModel"},"interaction":{"idSuffix":"inner"}},"wdio_ui5_key":"etmportal.ui.manageyards.view.Newsap.m.Input{\"path\":\"\",\"propertyPath\":\"/SALES_AREA_VTWEG\",\"modelName\":\"NewYardModel\"}"}]}
RESULT: undefined
COMMAND: POST /session/a230b9fa5e58e47def27534e3d005bf9/execute/async - {"script":"<script> [776 bytes]","args":[{"enterText":"C2","selector":{"controlType":"sap.m.Input","viewName":"etm.portal.ui.manageyards.view.New","viewId":"application-manageyards-display-component---NewYard","bindingPath":{"path":"","propertyPath":"/SALES_AREA_VTWEG","modelName":"NewYardModel"},"interaction":{"idSuffix":"inner"}},"clearTextFirst":true,"interactionType":"ENTER_TEXT"}]}
RESULT: {"script":"<script> [776 bytes]","args":[{"enterText":"C2","selector":{"controlType":"sap.m.Input","viewName":"etm.portal.ui.manageyards.view.New","viewId":"application-manageyards-display-component---NewYard","bindingPath":{"path":"","propertyPath":"/SALES_AREA_VTWEG","modelName":"NewYardModel"},"interaction":{"idSuffix":"inner"}},"clearTextFirst":true,"interactionType":"ENTER_TEXT"}]}
COMMAND: POST /session/a230b9fa5e58e47def27534e3d005bf9/execute/async - {"script":"<script> [1562 bytes]","args":[{"selector":{"controlType":"sap.m.Input","viewName":"etm.portal.ui.manageyards.view.New","viewId":"application-manageyards-display-component---NewYard","bindingPath":{"path":"","propertyPath":"/SALES_AREA_SPART","modelName":"NewYardModel"},"interaction":{"idSuffix":"inner"}},"wdio_ui5_key":"etmportal.ui.manageyards.view.Newsap.m.Input{\"path\":\"\",\"propertyPath\":\"/SALES_AREA_SPART\",\"modelName\":\"NewYardModel\"}"}]}
RESULT: {"script":"<script> [1562 bytes]","args":[{"selector":{"controlType":"sap.m.Input","viewName":"etm.portal.ui.manageyards.view.New","viewId":"application-manageyards-display-component---NewYard","bindingPath":{"path":"","propertyPath":"/SALES_AREA_SPART","modelName":"NewYardModel"},"interaction":{"idSuffix":"inner"}},"wdio_ui5_key":"etmportal.ui.manageyards.view.Newsap.m.Input{\"path\":\"\",\"propertyPath\":\"/SALES_AREA_SPART\",\"modelName\":\"NewYardModel\"}"}]}
RESULT: undefined
COMMAND: POST /session/a230b9fa5e58e47def27534e3d005bf9/execute/async - {"script":"<script> [776 bytes]","args":[{"enterText":"C2","selector":{"controlType":"sap.m.Input","viewName":"etm.portal.ui.manageyards.view.New","viewId":"application-manageyards-display-component---NewYard","bindingPath":{"path":"","propertyPath":"/SALES_AREA_SPART","modelName":"NewYardModel"},"interaction":{"idSuffix":"inner"}},"clearTextFirst":true,"interactionType":"ENTER_TEXT"}]}
RESULT: {"script":"<script> [776 bytes]","args":[{"enterText":"C2","selector":{"controlType":"sap.m.Input","viewName":"etm.portal.ui.manageyards.view.New","viewId":"application-manageyards-display-component---NewYard","bindingPath":{"path":"","propertyPath":"/SALES_AREA_SPART","modelName":"NewYardModel"},"interaction":{"idSuffix":"inner"}},"clearTextFirst":true,"interactionType":"ENTER_TEXT"}]}
COMMAND: POST /session/a230b9fa5e58e47def27534e3d005bf9/execute/async - {"script":"<script> [1562 bytes]","args":[{"selector":{"id":"application-manageyards-display-component---NewYard--whmCheckBox","interaction":{"idSuffix":"CbBg"}},"wdio_ui5_key":"applicationmanageyards-display-component---NewYard--whmCheckBox"}]}
RESULT: {"script":"<script> [1562 bytes]","args":[{"selector":{"id":"application-manageyards-display-component---NewYard--whmCheckBox","interaction":{"idSuffix":"CbBg"}},"wdio_ui5_key":"applicationmanageyards-display-component---NewYard--whmCheckBox"}]}
RESULT: undefined
COMMAND: POST /session/a230b9fa5e58e47def27534e3d005bf9/element - {"using":"xpath","value":"//*[@id=\"application-manageyards-display-component---NewYard--whmCheckBox\"]"}
RESULT: {"using":"xpath","value":"//*[@id=\"application-manageyards-display-component---NewYard--whmCheckBox\"]"}
COMMAND: POST /session/a230b9fa5e58e47def27534e3d005bf9/element/f.5A792F38359A1C743AD3061B3E5B94B4.d.A14A7997052D5CB0913A3239AC96EA91.e.739/click - {}
RESULT: {}
COMMAND: POST /session/a230b9fa5e58e47def27534e3d005bf9/execute/async - {"script":"<script> [1562 bytes]","args":[{"selector":{"controlType":"sap.m.Button","viewName":"etm.portal.ui.manageyards.view.New","viewId":"application-manageyards-display-component---NewYard","i18NText":{"propertyName":"text","key":"save"},"interaction":{"idSuffix":"inner"}},"wdio_ui5_key":"etmportal.ui.manageyards.view.Newsap.m.Button{\"propertyName\":\"text\",\"key\":\"save\"}"}]}
COMMAND: GET /session/a230b9fa5e58e47def27534e3d005bf9/screenshot - {}
RESULT: {"script":"<script> [1562 bytes]","args":[{"selector":{"controlType":"sap.m.Button","viewName":"etm.portal.ui.manageyards.view.New","viewId":"application-manageyards-display-component---NewYard","i18NText":{"propertyName":"text","key":"save"},"interaction":{"idSuffix":"inner"}},"wdio_ui5_key":"etmportal.ui.manageyards.view.Newsap.m.Button{\"propertyName\":\"text\",\"key\":\"save\"}"}]}
RESULT: undefined
COMMAND: POST /session/a230b9fa5e58e47def27534e3d005bf9/element - {"using":"xpath","value":"//*[@id=\"__button18\"]"}
RESULT: {}
RESULT: {"using":"xpath","value":"//*[@id=\"__button18\"]"}
COMMAND: POST /session/a230b9fa5e58e47def27534e3d005bf9/element/f.5A792F38359A1C743AD3061B3E5B94B4.d.A14A7997052D5CB0913A3239AC96EA91.e.672/click - {}
RESULT: {}
COMMAND: GET /session/a230b9fa5e58e47def27534e3d005bf9/screenshot - {}
RESULT: {}
COMMAND: POST /session/a230b9fa5e58e47def27534e3d005bf9/element - {"using":"xpath","value":"//header/div/div/div/div/div/div[2]/div/span"}
RESULT: {"using":"xpath","value":"//header/div/div/div/div/div/div[2]/div/span"}
COMMAND: GET /session/a230b9fa5e58e47def27534e3d005bf9/element/f.5A792F38359A1C743AD3061B3E5B94B4.d.A14A7997052D5CB0913A3239AC96EA91.e.934/text - {}
RESULT: {}
COMMAND: POST /session/a230b9fa5e58e47def27534e3d005bf9/element - {"using":"xpath","value":"//header/div/div[2]/div[2]/span"}
RESULT: {"using":"xpath","value":"//header/div/div[2]/div[2]/span"}
COMMAND: GET /session/a230b9fa5e58e47def27534e3d005bf9/element/f.5A792F38359A1C743AD3061B3E5B94B4.d.A14A7997052D5CB0913A3239AC96EA91.e.935/text - {}
RESULT: {}
]]></system-out>
    </testcase>
    <testcase classname="chrome.135_0_7049_96.windows.Stock_increase_-_with_WHM_US125587" name="Should create new whm partner" time="116.12">
      <system-out><![CDATA[
COMMAND: POST /session/a230b9fa5e58e47def27534e3d005bf9/element - {"using":"css selector","value":"#shell-header-logo"}
RESULT: {"using":"css selector","value":"#shell-header-logo"}
COMMAND: POST /session/a230b9fa5e58e47def27534e3d005bf9/element/f.5A792F38359A1C743AD3061B3E5B94B4.d.A14A7997052D5CB0913A3239AC96EA91.e.252/click - {}
RESULT: {}
COMMAND: GET /session/a230b9fa5e58e47def27534e3d005bf9/screenshot - {}
RESULT: {}
COMMAND: POST /session/a230b9fa5e58e47def27534e3d005bf9/execute/async - {"script":"<script> [1562 bytes]","args":[{"selector":{"controlType":"sap.m.GenericTile","properties":{"header":"Manage Partners"}},"wdio_ui5_key":"sapm.GenericTile{\"header\":\"Manage Partners\"}"}]}
RESULT: {"script":"<script> [1562 bytes]","args":[{"selector":{"controlType":"sap.m.GenericTile","properties":{"header":"Manage Partners"}},"wdio_ui5_key":"sapm.GenericTile{\"header\":\"Manage Partners\"}"}]}
RESULT: undefined
COMMAND: POST /session/a230b9fa5e58e47def27534e3d005bf9/element - {"using":"xpath","value":"//*[@id=\"__tile38\"]"}
RESULT: {"using":"xpath","value":"//*[@id=\"__tile38\"]"}
COMMAND: POST /session/a230b9fa5e58e47def27534e3d005bf9/element/f.5A792F38359A1C743AD3061B3E5B94B4.d.A14A7997052D5CB0913A3239AC96EA91.e.938/click - {}
RESULT: {}
COMMAND: GET /session/a230b9fa5e58e47def27534e3d005bf9/screenshot - {}
RESULT: {}
COMMAND: POST /session/a230b9fa5e58e47def27534e3d005bf9/refresh - {}
RESULT: {}
COMMAND: GET /session/a230b9fa5e58e47def27534e3d005bf9/screenshot - {}
RESULT: {}
COMMAND: POST /session/a230b9fa5e58e47def27534e3d005bf9/refresh - {}
RESULT: {}
COMMAND: GET /session/a230b9fa5e58e47def27534e3d005bf9/screenshot - {}
RESULT: {}
COMMAND: POST /session/a230b9fa5e58e47def27534e3d005bf9/window/fullscreen - {}
RESULT: {}
COMMAND: POST /session/a230b9fa5e58e47def27534e3d005bf9/execute/async - {"script":"<script> [189 bytes]","args":[]}
RESULT: {"script":"<script> [189 bytes]","args":[]}
COMMAND: POST /session/a230b9fa5e58e47def27534e3d005bf9/execute/async - {"script":"<script> [123 bytes]","args":[]}
RESULT: {"script":"<script> [123 bytes]","args":[]}
COMMAND: POST /session/a230b9fa5e58e47def27534e3d005bf9/timeouts - {"script":"<number>"}
RESULT: {"script":"<number>"}
COMMAND: GET /session/a230b9fa5e58e47def27534e3d005bf9/timeouts - {}
RESULT: {}
RESULT: undefined
COMMAND: POST /session/a230b9fa5e58e47def27534e3d005bf9/execute/async - {"script":"<script> [2676 bytes]","args":[]}
RESULT: {"script":"<script> [2676 bytes]","args":[]}
COMMAND: POST /session/a230b9fa5e58e47def27534e3d005bf9/execute/async - {"script":"<script> [2342 bytes]","args":[{"protocol":"http","hostname":"0.0.0.0","path":"/","capabilities":{"browserName":"chrome","goog:chromeOptions":{"binary":"C:\\Program Files\\Google\\Chrome\\Application\\chrome.exe","args":["--start-maximized"]}},"logLevel":"warn","connectionRetryTimeout":120000,"connectionRetryCount":3,"logLevels":{},"enableDirectConnect":true,"strictSSL":true,"_":"65 more keys: [\"cacheDir\",\"port\",\"requestedCapabilities\",\"automationProtocol\",\"baseUrl\",\"waitforInterval\",\"waitforTimeout\",\"onReload\",\"beforeCommand\",\"afterCommand\",\"rootDir\",\"specs\",\"suites\",\"exclude\",\"groupLogsByTestSpec\",\"excludeDriverLogs\",\"bail\",\"framework\",\"reporters\",\"services\",\"maxInstances\",\"maxInstancesPerCapability\",\"injectGlobals\",\"filesToWatch\",\"execArgv\",\"runnerEnv\",\"runner\",\"shard\",\"specFileRetries\",\"specFileRetriesDelay\",\"specFileRetriesDeferred\",\"reporterSyncInterval\",\"reporterSyncTimeout\",\"cucumberFeaturesWithLineNumbers\",\"autoCompileOpts\",\"mochaOpts\",\"jasmineOpts\",\"cucumberOpts\",\"onPrepare\",\"onWorkerStart\",\"onWorkerEnd\",\"before\",\"beforeSession\",\"beforeSuite\",\"beforeHook\",\"beforeTest\",\"afterTest\",\"afterHook\",\"afterSuite\",\"afterSession\",\"after\",\"onComplete\",\"beforeAssertion\",\"afterAssertion\",\"beforeFeature\",\"beforeScenario\",\"beforeStep\",\"afterStep\",\"afterScenario\",\"afterFeature\",\"_\",\"suite\",\"$0\",\"ignoredWorkerServices\",\"wdi5\"]"}]}
RESULT: {"script":"<script> [2342 bytes]","args":[{"protocol":"http","hostname":"0.0.0.0","path":"/","capabilities":{"browserName":"chrome","goog:chromeOptions":{"binary":"C:\\Program Files\\Google\\Chrome\\Application\\chrome.exe","args":["--start-maximized"]}},"logLevel":"warn","connectionRetryTimeout":120000,"connectionRetryCount":3,"logLevels":{},"enableDirectConnect":true,"strictSSL":true,"_":"65 more keys: [\"cacheDir\",\"port\",\"requestedCapabilities\",\"automationProtocol\",\"baseUrl\",\"waitforInterval\",\"waitforTimeout\",\"onReload\",\"beforeCommand\",\"afterCommand\",\"rootDir\",\"specs\",\"suites\",\"exclude\",\"groupLogsByTestSpec\",\"excludeDriverLogs\",\"bail\",\"framework\",\"reporters\",\"services\",\"maxInstances\",\"maxInstancesPerCapability\",\"injectGlobals\",\"filesToWatch\",\"execArgv\",\"runnerEnv\",\"runner\",\"shard\",\"specFileRetries\",\"specFileRetriesDelay\",\"specFileRetriesDeferred\",\"reporterSyncInterval\",\"reporterSyncTimeout\",\"cucumberFeaturesWithLineNumbers\",\"autoCompileOpts\",\"mochaOpts\",\"jasmineOpts\",\"cucumberOpts\",\"onPrepare\",\"onWorkerStart\",\"onWorkerEnd\",\"before\",\"beforeSession\",\"beforeSuite\",\"beforeHook\",\"beforeTest\",\"afterTest\",\"afterHook\",\"afterSuite\",\"afterSession\",\"after\",\"onComplete\",\"beforeAssertion\",\"afterAssertion\",\"beforeFeature\",\"beforeScenario\",\"beforeStep\",\"afterStep\",\"afterScenario\",\"afterFeature\",\"_\",\"suite\",\"$0\",\"ignoredWorkerServices\",\"wdi5\"]"}]}
COMMAND: POST /session/a230b9fa5e58e47def27534e3d005bf9/execute/async - {"script":"<script> [21126 bytes]","args":[35000]}
RESULT: {"script":"<script> [21126 bytes]","args":[35000]}
COMMAND: POST /session/a230b9fa5e58e47def27534e3d005bf9/execute/async - {"script":"<script> [1562 bytes]","args":[{"selector":{"controlType":"sap.ui.core.Icon","viewName":"etm.portal.ui.managepartners.view.Master","viewId":"application-managepartners-display-component---masterPtm","properties":{"src":{"regex":{"source":"add"}}}},"wdio_ui5_key":"etmportal.ui.managepartners.view.Mastersap.ui.core.Icon{\"src\":{\"regex\":{\"source\":\"add\"}}}"}]}
RESULT: {"script":"<script> [1562 bytes]","args":[{"selector":{"controlType":"sap.ui.core.Icon","viewName":"etm.portal.ui.managepartners.view.Master","viewId":"application-managepartners-display-component---masterPtm","properties":{"src":{"regex":{"source":"add"}}}},"wdio_ui5_key":"etmportal.ui.managepartners.view.Mastersap.ui.core.Icon{\"src\":{\"regex\":{\"source\":\"add\"}}}"}]}
RESULT: undefined
COMMAND: POST /session/a230b9fa5e58e47def27534e3d005bf9/element - {"using":"xpath","value":"//*[@id=\"__button2-img\"]"}
RESULT: {"using":"xpath","value":"//*[@id=\"__button2-img\"]"}
COMMAND: POST /session/a230b9fa5e58e47def27534e3d005bf9/element/f.5A792F38359A1C743AD3061B3E5B94B4.d.9B367FACB4BBC20D8352790AB94D5329.e.1338/click - {}
RESULT: {}
COMMAND: GET /session/a230b9fa5e58e47def27534e3d005bf9/screenshot - {}
RESULT: {}
COMMAND: POST /session/a230b9fa5e58e47def27534e3d005bf9/execute/async - {"script":"<script> [1562 bytes]","args":[{"selector":{"controlType":"sap.m.Title","viewName":"etm.portal.ui.managepartners.view.NewPartner","viewId":"application-managepartners-display-component---NewPartner","i18NText":{"propertyName":"text","key":"newPartner"},"interaction":{"idSuffix":"inner"}},"wdio_ui5_key":"etmportal.ui.managepartners.view.NewPartnersap.m.Title{\"propertyName\":\"text\",\"key\":\"newPartner\"}"}]}
RESULT: {"script":"<script> [1562 bytes]","args":[{"selector":{"controlType":"sap.m.Title","viewName":"etm.portal.ui.managepartners.view.NewPartner","viewId":"application-managepartners-display-component---NewPartner","i18NText":{"propertyName":"text","key":"newPartner"},"interaction":{"idSuffix":"inner"}},"wdio_ui5_key":"etmportal.ui.managepartners.view.NewPartnersap.m.Title{\"propertyName\":\"text\",\"key\":\"newPartner\"}"}]}
RESULT: undefined
COMMAND: POST /session/a230b9fa5e58e47def27534e3d005bf9/execute/async - {"script":"<script> [6424 bytes]","args":[{"element-6066-11e4-a52e-4f735466cecf":"f.5A792F38359A1C743AD3061B3E5B94B4.d.9B367FACB4BBC20D8352790AB94D5329.e.1770"},"getText",[]]}
RESULT: {"script":"<script> [6424 bytes]","args":[{"element-6066-11e4-a52e-4f735466cecf":"f.5A792F38359A1C743AD3061B3E5B94B4.d.9B367FACB4BBC20D8352790AB94D5329.e.1770"},"getText",[]]}
COMMAND: POST /session/a230b9fa5e58e47def27534e3d005bf9/execute/async - {"script":"<script> [1562 bytes]","args":[{"selector":{"id":"application-managepartners-display-component---NewPartner--partnerId","interaction":{"idSuffix":"inner"}},"wdio_ui5_key":"applicationmanagepartners-display-component---NewPartner--partnerId"}]}
RESULT: {"script":"<script> [1562 bytes]","args":[{"selector":{"id":"application-managepartners-display-component---NewPartner--partnerId","interaction":{"idSuffix":"inner"}},"wdio_ui5_key":"applicationmanagepartners-display-component---NewPartner--partnerId"}]}
RESULT: undefined
COMMAND: POST /session/a230b9fa5e58e47def27534e3d005bf9/execute/async - {"script":"<script> [1562 bytes]","args":[{"selector":{"id":"application-managepartners-display-component---NewPartner--addressDetailDetailsName1","interaction":{"idSuffix":"inner"}},"wdio_ui5_key":"applicationmanagepartners-display-component---NewPartner--addressDetailDetailsName1"}]}
RESULT: {"script":"<script> [1562 bytes]","args":[{"selector":{"id":"application-managepartners-display-component---NewPartner--addressDetailDetailsName1","interaction":{"idSuffix":"inner"}},"wdio_ui5_key":"applicationmanagepartners-display-component---NewPartner--addressDetailDetailsName1"}]}
RESULT: undefined
COMMAND: POST /session/a230b9fa5e58e47def27534e3d005bf9/execute/async - {"script":"<script> [776 bytes]","args":[{"enterText":"WebdriverWHMPartneromfc6i","selector":{"id":"application-managepartners-display-component---NewPartner--addressDetailDetailsName1","interaction":{"idSuffix":"inner"}},"clearTextFirst":true,"interactionType":"ENTER_TEXT"}]}
RESULT: {"script":"<script> [776 bytes]","args":[{"enterText":"WebdriverWHMPartneromfc6i","selector":{"id":"application-managepartners-display-component---NewPartner--addressDetailDetailsName1","interaction":{"idSuffix":"inner"}},"clearTextFirst":true,"interactionType":"ENTER_TEXT"}]}
COMMAND: POST /session/a230b9fa5e58e47def27534e3d005bf9/execute/async - {"script":"<script> [1562 bytes]","args":[{"selector":{"id":"application-managepartners-display-component---NewPartner--addressDetailDetailsLanguage","interaction":{"idSuffix":"inner"}},"wdio_ui5_key":"applicationmanagepartners-display-component---NewPartner--addressDetailDetailsLanguage"}]}
RESULT: {"script":"<script> [1562 bytes]","args":[{"selector":{"id":"application-managepartners-display-component---NewPartner--addressDetailDetailsLanguage","interaction":{"idSuffix":"inner"}},"wdio_ui5_key":"applicationmanagepartners-display-component---NewPartner--addressDetailDetailsLanguage"}]}
RESULT: undefined
COMMAND: POST /session/a230b9fa5e58e47def27534e3d005bf9/execute/async - {"script":"<script> [776 bytes]","args":[{"enterText":"Romanian","selector":{"id":"application-managepartners-display-component---NewPartner--addressDetailDetailsLanguage","interaction":{"idSuffix":"inner"}},"clearTextFirst":true,"interactionType":"ENTER_TEXT"}]}
RESULT: {"script":"<script> [776 bytes]","args":[{"enterText":"Romanian","selector":{"id":"application-managepartners-display-component---NewPartner--addressDetailDetailsLanguage","interaction":{"idSuffix":"inner"}},"clearTextFirst":true,"interactionType":"ENTER_TEXT"}]}
COMMAND: POST /session/a230b9fa5e58e47def27534e3d005bf9/execute/async - {"script":"<script> [1562 bytes]","args":[{"selector":{"controlType":"sap.m.StandardListItem","viewName":"etm.portal.ui.managepartners.view.NewPartner","viewId":"application-managepartners-display-component---NewPartner","properties":{"type":"Active"},"searchOpenDialogs":true,"interaction":{"idSuffix":"content"}},"wdio_ui5_key":"etmportal.ui.managepartners.view.NewPartnersap.m.StandardListItem{\"type\":\"Active\"}"}]}
RESULT: {"script":"<script> [1562 bytes]","args":[{"selector":{"controlType":"sap.m.StandardListItem","viewName":"etm.portal.ui.managepartners.view.NewPartner","viewId":"application-managepartners-display-component---NewPartner","properties":{"type":"Active"},"searchOpenDialogs":true,"interaction":{"idSuffix":"content"}},"wdio_ui5_key":"etmportal.ui.managepartners.view.NewPartnersap.m.StandardListItem{\"type\":\"Active\"}"}]}
RESULT: undefined
COMMAND: POST /session/a230b9fa5e58e47def27534e3d005bf9/element - {"using":"xpath","value":"//*[@id=\"__item131\"]"}
RESULT: {"using":"xpath","value":"//*[@id=\"__item131\"]"}
COMMAND: POST /session/a230b9fa5e58e47def27534e3d005bf9/element/f.5A792F38359A1C743AD3061B3E5B94B4.d.9B367FACB4BBC20D8352790AB94D5329.e.1774/click - {}
RESULT: {}
COMMAND: POST /session/a230b9fa5e58e47def27534e3d005bf9/execute/async - {"script":"<script> [1562 bytes]","args":[{"selector":{"id":"application-managepartners-display-component---NewPartner--addressDetailDetailsCity1","interaction":{"idSuffix":"inner"}},"wdio_ui5_key":"applicationmanagepartners-display-component---NewPartner--addressDetailDetailsCity1"}]}
COMMAND: GET /session/a230b9fa5e58e47def27534e3d005bf9/screenshot - {}
RESULT: {"script":"<script> [1562 bytes]","args":[{"selector":{"id":"application-managepartners-display-component---NewPartner--addressDetailDetailsCity1","interaction":{"idSuffix":"inner"}},"wdio_ui5_key":"applicationmanagepartners-display-component---NewPartner--addressDetailDetailsCity1"}]}
RESULT: undefined
COMMAND: POST /session/a230b9fa5e58e47def27534e3d005bf9/execute/async - {"script":"<script> [776 bytes]","args":[{"enterText":"Cluj","selector":{"id":"application-managepartners-display-component---NewPartner--addressDetailDetailsCity1","interaction":{"idSuffix":"inner"}},"clearTextFirst":true,"interactionType":"ENTER_TEXT"}]}
RESULT: {}
RESULT: {"script":"<script> [776 bytes]","args":[{"enterText":"Cluj","selector":{"id":"application-managepartners-display-component---NewPartner--addressDetailDetailsCity1","interaction":{"idSuffix":"inner"}},"clearTextFirst":true,"interactionType":"ENTER_TEXT"}]}
COMMAND: POST /session/a230b9fa5e58e47def27534e3d005bf9/execute/async - {"script":"<script> [1562 bytes]","args":[{"selector":{"id":"application-managepartners-display-component---NewPartner--addressDetailDetailsCountry","interaction":{"idSuffix":"inner"}},"wdio_ui5_key":"applicationmanagepartners-display-component---NewPartner--addressDetailDetailsCountry"}]}
RESULT: {"script":"<script> [1562 bytes]","args":[{"selector":{"id":"application-managepartners-display-component---NewPartner--addressDetailDetailsCountry","interaction":{"idSuffix":"inner"}},"wdio_ui5_key":"applicationmanagepartners-display-component---NewPartner--addressDetailDetailsCountry"}]}
RESULT: undefined
COMMAND: POST /session/a230b9fa5e58e47def27534e3d005bf9/execute/async - {"script":"<script> [6424 bytes]","args":[{"element-6066-11e4-a52e-4f735466cecf":"f.5A792F38359A1C743AD3061B3E5B94B4.d.9B367FACB4BBC20D8352790AB94D5329.e.1520"},"setValue",["Romania"]]}
RESULT: {"script":"<script> [6424 bytes]","args":[{"element-6066-11e4-a52e-4f735466cecf":"f.5A792F38359A1C743AD3061B3E5B94B4.d.9B367FACB4BBC20D8352790AB94D5329.e.1520"},"setValue",["Romania"]]}
COMMAND: POST /session/a230b9fa5e58e47def27534e3d005bf9/execute/async - {"script":"<script> [1562 bytes]","args":[{"selector":{"id":"application-managepartners-display-component---NewPartner--partnerDetailInternal","interaction":{"idSuffix":"inner"}},"wdio_ui5_key":"applicationmanagepartners-display-component---NewPartner--partnerDetailInternal"}]}
RESULT: {"script":"<script> [1562 bytes]","args":[{"selector":{"id":"application-managepartners-display-component---NewPartner--partnerDetailInternal","interaction":{"idSuffix":"inner"}},"wdio_ui5_key":"applicationmanagepartners-display-component---NewPartner--partnerDetailInternal"}]}
RESULT: undefined
COMMAND: POST /session/a230b9fa5e58e47def27534e3d005bf9/execute/async - {"script":"<script> [776 bytes]","args":[{"enterText":"External partner","selector":{"id":"application-managepartners-display-component---NewPartner--partnerDetailInternal","interaction":{"idSuffix":"inner"}},"clearTextFirst":true,"interactionType":"ENTER_TEXT"}]}
RESULT: {"script":"<script> [776 bytes]","args":[{"enterText":"External partner","selector":{"id":"application-managepartners-display-component---NewPartner--partnerDetailInternal","interaction":{"idSuffix":"inner"}},"clearTextFirst":true,"interactionType":"ENTER_TEXT"}]}
COMMAND: POST /session/a230b9fa5e58e47def27534e3d005bf9/execute/async - {"script":"<script> [1562 bytes]","args":[{"selector":{"id":"application-managepartners-display-component---NewPartner--partnerDetailsCurrency","interaction":{"idSuffix":"inner"}},"wdio_ui5_key":"applicationmanagepartners-display-component---NewPartner--partnerDetailsCurrency"}]}
RESULT: {"script":"<script> [1562 bytes]","args":[{"selector":{"id":"application-managepartners-display-component---NewPartner--partnerDetailsCurrency","interaction":{"idSuffix":"inner"}},"wdio_ui5_key":"applicationmanagepartners-display-component---NewPartner--partnerDetailsCurrency"}]}
RESULT: undefined
COMMAND: POST /session/a230b9fa5e58e47def27534e3d005bf9/execute/async - {"script":"<script> [776 bytes]","args":[{"enterText":"Euro","selector":{"id":"application-managepartners-display-component---NewPartner--partnerDetailsCurrency","interaction":{"idSuffix":"inner"}},"clearTextFirst":true,"interactionType":"ENTER_TEXT"}]}
RESULT: {"script":"<script> [776 bytes]","args":[{"enterText":"Euro","selector":{"id":"application-managepartners-display-component---NewPartner--partnerDetailsCurrency","interaction":{"idSuffix":"inner"}},"clearTextFirst":true,"interactionType":"ENTER_TEXT"}]}
COMMAND: POST /session/a230b9fa5e58e47def27534e3d005bf9/execute/async - {"script":"<script> [1562 bytes]","args":[{"selector":{"controlType":"sap.m.Button","viewName":"etm.portal.ui.managepartners.view.NewPartner","viewId":"application-managepartners-display-component---NewPartner","properties":{"text":"Commercial"},"interaction":{"idSuffix":"BDI-content"}},"wdio_ui5_key":"etmportal.ui.managepartners.view.NewPartnersap.m.Button{\"text\":\"Commercial\"}"}]}
RESULT: {"script":"<script> [1562 bytes]","args":[{"selector":{"controlType":"sap.m.Button","viewName":"etm.portal.ui.managepartners.view.NewPartner","viewId":"application-managepartners-display-component---NewPartner","properties":{"text":"Commercial"},"interaction":{"idSuffix":"BDI-content"}},"wdio_ui5_key":"etmportal.ui.managepartners.view.NewPartnersap.m.Button{\"text\":\"Commercial\"}"}]}
RESULT: undefined
COMMAND: POST /session/a230b9fa5e58e47def27534e3d005bf9/element - {"using":"xpath","value":"//*[@id=\"application-managepartners-display-component---NewPartner--ObjectPageLayout-anchBar-__section5-anchor\"]"}
RESULT: {"using":"xpath","value":"//*[@id=\"application-managepartners-display-component---NewPartner--ObjectPageLayout-anchBar-__section5-anchor\"]"}
COMMAND: POST /session/a230b9fa5e58e47def27534e3d005bf9/element/f.5A792F38359A1C743AD3061B3E5B94B4.d.9B367FACB4BBC20D8352790AB94D5329.e.1780/click - {}
RESULT: {}
COMMAND: GET /session/a230b9fa5e58e47def27534e3d005bf9/screenshot - {}
RESULT: {}
COMMAND: POST /session/a230b9fa5e58e47def27534e3d005bf9/execute/async - {"script":"<script> [1562 bytes]","args":[{"selector":{"id":"application-managepartners-display-component---NewPartner--btnAddTableRow-img"},"wdio_ui5_key":"applicationmanagepartners-display-component---NewPartner--btnAddTableRow-img"}]}
RESULT: {"script":"<script> [1562 bytes]","args":[{"selector":{"id":"application-managepartners-display-component---NewPartner--btnAddTableRow-img"},"wdio_ui5_key":"applicationmanagepartners-display-component---NewPartner--btnAddTableRow-img"}]}
RESULT: undefined
COMMAND: POST /session/a230b9fa5e58e47def27534e3d005bf9/element - {"using":"xpath","value":"//*[@id=\"application-managepartners-display-component---NewPartner--btnAddTableRow-img\"]"}
RESULT: {"using":"xpath","value":"//*[@id=\"application-managepartners-display-component---NewPartner--btnAddTableRow-img\"]"}
COMMAND: POST /session/a230b9fa5e58e47def27534e3d005bf9/element/f.5A792F38359A1C743AD3061B3E5B94B4.d.9B367FACB4BBC20D8352790AB94D5329.e.1787/click - {}
RESULT: {}
COMMAND: POST /session/a230b9fa5e58e47def27534e3d005bf9/element - {"using":"xpath","value":"//input[contains(@id ,\"application-managepartners-display-component---NewPartner--assignmentYard-application-managepartners-display-component---NewPartner\")]"}
COMMAND: GET /session/a230b9fa5e58e47def27534e3d005bf9/screenshot - {}
RESULT: {"using":"xpath","value":"//input[contains(@id ,\"application-managepartners-display-component---NewPartner--assignmentYard-application-managepartners-display-component---NewPartner\")]"}
COMMAND: POST /session/a230b9fa5e58e47def27534e3d005bf9/elements - {"using":"xpath","value":"//input[contains(@id ,\"application-managepartners-display-component---NewPartner--assignmentYard-application-managepartners-display-component---NewPartner\")]"}
RESULT: {}
RESULT: {"using":"xpath","value":"//input[contains(@id ,\"application-managepartners-display-component---NewPartner--assignmentYard-application-managepartners-display-component---NewPartner\")]"}
COMMAND: POST /session/a230b9fa5e58e47def27534e3d005bf9/element/f.5A792F38359A1C743AD3061B3E5B94B4.d.9B367FACB4BBC20D8352790AB94D5329.e.1790/value - {"text":"337"}
RESULT: {"text":"337"}
COMMAND: GET /session/a230b9fa5e58e47def27534e3d005bf9/screenshot - {}
RESULT: {}
COMMAND: POST /session/a230b9fa5e58e47def27534e3d005bf9/actions - {"actions":[{"id":"action5","type":"key","parameters":{},"actions":[{"type":"keyDown","value":"î€‡"},{"type":"pause","duration":10},{"type":"keyUp","value":"î€‡"}]}]}
RESULT: {"actions":[{"id":"action5","type":"key","parameters":{},"actions":[{"type":"keyDown","value":"î€‡"},{"type":"pause","duration":10},{"type":"keyUp","value":"î€‡"}]}]}
COMMAND: POST /session/a230b9fa5e58e47def27534e3d005bf9/execute/async - {"script":"<script> [1562 bytes]","args":[{"selector":{"controlType":"sap.m.Button","viewName":"etm.portal.ui.managepartners.view.NewPartner","viewId":"application-managepartners-display-component---NewPartner","i18NText":{"propertyName":"text","key":"save"},"interaction":{"idSuffix":"BDI-content"}},"wdio_ui5_key":"etmportal.ui.managepartners.view.NewPartnersap.m.Button{\"propertyName\":\"text\",\"key\":\"save\"}"}]}
COMMAND: GET /session/a230b9fa5e58e47def27534e3d005bf9/screenshot - {}
RESULT: {"script":"<script> [1562 bytes]","args":[{"selector":{"controlType":"sap.m.Button","viewName":"etm.portal.ui.managepartners.view.NewPartner","viewId":"application-managepartners-display-component---NewPartner","i18NText":{"propertyName":"text","key":"save"},"interaction":{"idSuffix":"BDI-content"}},"wdio_ui5_key":"etmportal.ui.managepartners.view.NewPartnersap.m.Button{\"propertyName\":\"text\",\"key\":\"save\"}"}]}
RESULT: undefined
COMMAND: POST /session/a230b9fa5e58e47def27534e3d005bf9/element - {"using":"xpath","value":"//*[@id=\"__button10\"]"}
RESULT: {}
RESULT: {"using":"xpath","value":"//*[@id=\"__button10\"]"}
COMMAND: POST /session/a230b9fa5e58e47def27534e3d005bf9/element/f.5A792F38359A1C743AD3061B3E5B94B4.d.9B367FACB4BBC20D8352790AB94D5329.e.1755/click - {}
RESULT: {}
COMMAND: GET /session/a230b9fa5e58e47def27534e3d005bf9/screenshot - {}
RESULT: {}
COMMAND: POST /session/a230b9fa5e58e47def27534e3d005bf9/element - {"using":"xpath","value":"//header/div/div[2]/div[2]/span"}
RESULT: {"using":"xpath","value":"//header/div/div[2]/div[2]/span"}
COMMAND: POST /session/a230b9fa5e58e47def27534e3d005bf9/elements - {"using":"xpath","value":"//header/div/div[2]/div[2]/span"}
RESULT: {"using":"xpath","value":"//header/div/div[2]/div[2]/span"}
COMMAND: POST /session/a230b9fa5e58e47def27534e3d005bf9/execute/sync - {"script":"<script> [8489 bytes]","args":[{"element-6066-11e4-a52e-4f735466cecf":"f.5A792F38359A1C743AD3061B3E5B94B4.d.9B367FACB4BBC20D8352790AB94D5329.e.1961","ELEMENT":"f.5A792F38359A1C743AD3061B3E5B94B4.d.9B367FACB4BBC20D8352790AB94D5329.e.1961"}]}
RESULT: {"script":"<script> [8489 bytes]","args":[{"element-6066-11e4-a52e-4f735466cecf":"f.5A792F38359A1C743AD3061B3E5B94B4.d.9B367FACB4BBC20D8352790AB94D5329.e.1961","ELEMENT":"f.5A792F38359A1C743AD3061B3E5B94B4.d.9B367FACB4BBC20D8352790AB94D5329.e.1961"}]}
COMMAND: GET /session/a230b9fa5e58e47def27534e3d005bf9/element/f.5A792F38359A1C743AD3061B3E5B94B4.d.9B367FACB4BBC20D8352790AB94D5329.e.1961/text - {}
COMMAND: GET /session/a230b9fa5e58e47def27534e3d005bf9/screenshot - {}
RESULT: {}
COMMAND: POST /session/a230b9fa5e58e47def27534e3d005bf9/element - {"using":"xpath","value":"//header/div/div/div/div/div/div[2]/div/span"}
RESULT: {}
RESULT: {"using":"xpath","value":"//header/div/div/div/div/div/div[2]/div/span"}
COMMAND: POST /session/a230b9fa5e58e47def27534e3d005bf9/elements - {"using":"xpath","value":"//header/div/div/div/div/div/div[2]/div/span"}
RESULT: {"using":"xpath","value":"//header/div/div/div/div/div/div[2]/div/span"}
COMMAND: POST /session/a230b9fa5e58e47def27534e3d005bf9/execute/sync - {"script":"<script> [8489 bytes]","args":[{"element-6066-11e4-a52e-4f735466cecf":"f.5A792F38359A1C743AD3061B3E5B94B4.d.9B367FACB4BBC20D8352790AB94D5329.e.1962","ELEMENT":"f.5A792F38359A1C743AD3061B3E5B94B4.d.9B367FACB4BBC20D8352790AB94D5329.e.1962"}]}
RESULT: {"script":"<script> [8489 bytes]","args":[{"element-6066-11e4-a52e-4f735466cecf":"f.5A792F38359A1C743AD3061B3E5B94B4.d.9B367FACB4BBC20D8352790AB94D5329.e.1962","ELEMENT":"f.5A792F38359A1C743AD3061B3E5B94B4.d.9B367FACB4BBC20D8352790AB94D5329.e.1962"}]}
COMMAND: GET /session/a230b9fa5e58e47def27534e3d005bf9/element/f.5A792F38359A1C743AD3061B3E5B94B4.d.9B367FACB4BBC20D8352790AB94D5329.e.1962/text - {}
COMMAND: GET /session/a230b9fa5e58e47def27534e3d005bf9/screenshot - {}
RESULT: {}
]]></system-out>
    </testcase>
    <testcase classname="chrome.135_0_7049_96.windows.Stock_increase_-_with_WHM_US125587" name="Should create WHM site" time="90.761">
      <system-out><![CDATA[
COMMAND: POST /session/a230b9fa5e58e47def27534e3d005bf9/element - {"using":"css selector","value":"#shell-header-logo"}
RESULT: {}
RESULT: {"using":"css selector","value":"#shell-header-logo"}
COMMAND: POST /session/a230b9fa5e58e47def27534e3d005bf9/element/f.5A792F38359A1C743AD3061B3E5B94B4.d.9B367FACB4BBC20D8352790AB94D5329.e.1291/click - {}
RESULT: {}
COMMAND: GET /session/a230b9fa5e58e47def27534e3d005bf9/screenshot - {}
RESULT: {}
COMMAND: POST /session/a230b9fa5e58e47def27534e3d005bf9/execute/async - {"script":"<script> [1562 bytes]","args":[{"selector":{"controlType":"sap.m.GenericTile","properties":{"header":"Manage Sites"}},"wdio_ui5_key":"sapm.GenericTile{\"header\":\"Manage Sites\"}"}]}
RESULT: {"script":"<script> [1562 bytes]","args":[{"selector":{"controlType":"sap.m.GenericTile","properties":{"header":"Manage Sites"}},"wdio_ui5_key":"sapm.GenericTile{\"header\":\"Manage Sites\"}"}]}
RESULT: undefined
COMMAND: POST /session/a230b9fa5e58e47def27534e3d005bf9/element - {"using":"xpath","value":"//*[@id=\"__tile51\"]"}
RESULT: {"using":"xpath","value":"//*[@id=\"__tile51\"]"}
COMMAND: POST /session/a230b9fa5e58e47def27534e3d005bf9/element/f.5A792F38359A1C743AD3061B3E5B94B4.d.9B367FACB4BBC20D8352790AB94D5329.e.1977/click - {}
RESULT: {}
COMMAND: GET /session/a230b9fa5e58e47def27534e3d005bf9/screenshot - {}
RESULT: {}
COMMAND: POST /session/a230b9fa5e58e47def27534e3d005bf9/execute/async - {"script":"<script> [1562 bytes]","args":[{"selector":{"controlType":"sap.ui.core.Icon","viewName":"etm.portal.ui.managesites.view.Master","viewId":"application-managesites-display-component---masterSite","properties":{"src":{"regex":{"source":"add"}}}},"wdio_ui5_key":"etmportal.ui.managesites.view.Mastersap.ui.core.Icon{\"src\":{\"regex\":{\"source\":\"add\"}}}"}]}
RESULT: {"script":"<script> [1562 bytes]","args":[{"selector":{"controlType":"sap.ui.core.Icon","viewName":"etm.portal.ui.managesites.view.Master","viewId":"application-managesites-display-component---masterSite","properties":{"src":{"regex":{"source":"add"}}}},"wdio_ui5_key":"etmportal.ui.managesites.view.Mastersap.ui.core.Icon{\"src\":{\"regex\":{\"source\":\"add\"}}}"}]}
RESULT: undefined
COMMAND: POST /session/a230b9fa5e58e47def27534e3d005bf9/element - {"using":"xpath","value":"//*[@id=\"__button52-img\"]"}
RESULT: {"using":"xpath","value":"//*[@id=\"__button52-img\"]"}
COMMAND: POST /session/a230b9fa5e58e47def27534e3d005bf9/element/f.5A792F38359A1C743AD3061B3E5B94B4.d.9B367FACB4BBC20D8352790AB94D5329.e.2027/click - {}
RESULT: {}
COMMAND: GET /session/a230b9fa5e58e47def27534e3d005bf9/screenshot - {}
RESULT: {}
COMMAND: POST /session/a230b9fa5e58e47def27534e3d005bf9/execute/async - {"script":"<script> [1562 bytes]","args":[{"selector":{"id":"application-managesites-display-component---NewSite--siteId","interaction":{"idSuffix":"inner"}},"wdio_ui5_key":"applicationmanagesites-display-component---NewSite--siteId"}]}
RESULT: {"script":"<script> [1562 bytes]","args":[{"selector":{"id":"application-managesites-display-component---NewSite--siteId","interaction":{"idSuffix":"inner"}},"wdio_ui5_key":"applicationmanagesites-display-component---NewSite--siteId"}]}
RESULT: undefined
COMMAND: POST /session/a230b9fa5e58e47def27534e3d005bf9/execute/async - {"script":"<script> [1562 bytes]","args":[{"selector":{"controlType":"sap.m.Button","viewName":"etm.portal.ui.managesites.view.NewSmartSite","viewId":"application-managesites-display-component---NewSite","properties":{"text":"General Information"},"interaction":{"idSuffix":"BDI-content"}},"wdio_ui5_key":"etmportal.ui.managesites.view.NewSmartSitesap.m.Button{\"text\":\"General Information\"}"}]}
RESULT: {"script":"<script> [1562 bytes]","args":[{"selector":{"controlType":"sap.m.Button","viewName":"etm.portal.ui.managesites.view.NewSmartSite","viewId":"application-managesites-display-component---NewSite","properties":{"text":"General Information"},"interaction":{"idSuffix":"BDI-content"}},"wdio_ui5_key":"etmportal.ui.managesites.view.NewSmartSitesap.m.Button{\"text\":\"General Information\"}"}]}
RESULT: undefined
COMMAND: POST /session/a230b9fa5e58e47def27534e3d005bf9/element - {"using":"xpath","value":"//*[@id=\"application-managesites-display-component---NewSite--ObjectPageLayout-anchBar-__section29-anchor\"]"}
RESULT: {"using":"xpath","value":"//*[@id=\"application-managesites-display-component---NewSite--ObjectPageLayout-anchBar-__section29-anchor\"]"}
COMMAND: POST /session/a230b9fa5e58e47def27534e3d005bf9/element/f.5A792F38359A1C743AD3061B3E5B94B4.d.9B367FACB4BBC20D8352790AB94D5329.e.2421/click - {}
RESULT: {}
COMMAND: POST /session/a230b9fa5e58e47def27534e3d005bf9/execute/async - {"script":"<script> [1562 bytes]","args":[{"selector":{"id":"application-managesites-display-component---NewSite--addressDetailDetailsName1","interaction":{"idSuffix":"inner"}},"wdio_ui5_key":"applicationmanagesites-display-component---NewSite--addressDetailDetailsName1"}]}
COMMAND: GET /session/a230b9fa5e58e47def27534e3d005bf9/screenshot - {}
RESULT: {}
RESULT: {"script":"<script> [1562 bytes]","args":[{"selector":{"id":"application-managesites-display-component---NewSite--addressDetailDetailsName1","interaction":{"idSuffix":"inner"}},"wdio_ui5_key":"applicationmanagesites-display-component---NewSite--addressDetailDetailsName1"}]}
RESULT: undefined
COMMAND: POST /session/a230b9fa5e58e47def27534e3d005bf9/execute/async - {"script":"<script> [776 bytes]","args":[{"enterText":"WebdriverWHMSiteomfc6i","selector":{"id":"application-managesites-display-component---NewSite--addressDetailDetailsName1","interaction":{"idSuffix":"inner"}},"clearTextFirst":true,"interactionType":"ENTER_TEXT"}]}
RESULT: {"script":"<script> [776 bytes]","args":[{"enterText":"WebdriverWHMSiteomfc6i","selector":{"id":"application-managesites-display-component---NewSite--addressDetailDetailsName1","interaction":{"idSuffix":"inner"}},"clearTextFirst":true,"interactionType":"ENTER_TEXT"}]}
COMMAND: POST /session/a230b9fa5e58e47def27534e3d005bf9/execute/async - {"script":"<script> [1562 bytes]","args":[{"selector":{"id":"application-managesites-display-component---NewSite--addressDetailDetailsLanguage","interaction":{"idSuffix":"inner"}},"wdio_ui5_key":"applicationmanagesites-display-component---NewSite--addressDetailDetailsLanguage"}]}
RESULT: {"script":"<script> [1562 bytes]","args":[{"selector":{"id":"application-managesites-display-component---NewSite--addressDetailDetailsLanguage","interaction":{"idSuffix":"inner"}},"wdio_ui5_key":"applicationmanagesites-display-component---NewSite--addressDetailDetailsLanguage"}]}
RESULT: undefined
COMMAND: POST /session/a230b9fa5e58e47def27534e3d005bf9/execute/async - {"script":"<script> [776 bytes]","args":[{"enterText":"Romanian","selector":{"id":"application-managesites-display-component---NewSite--addressDetailDetailsLanguage","interaction":{"idSuffix":"inner"}},"clearTextFirst":true,"interactionType":"ENTER_TEXT"}]}
RESULT: {"script":"<script> [776 bytes]","args":[{"enterText":"Romanian","selector":{"id":"application-managesites-display-component---NewSite--addressDetailDetailsLanguage","interaction":{"idSuffix":"inner"}},"clearTextFirst":true,"interactionType":"ENTER_TEXT"}]}
COMMAND: POST /session/a230b9fa5e58e47def27534e3d005bf9/actions - {"actions":[{"id":"action6","type":"key","parameters":{},"actions":[{"type":"keyDown","value":"î€‡"},{"type":"pause","duration":10},{"type":"keyUp","value":"î€‡"}]}]}
RESULT: {"actions":[{"id":"action6","type":"key","parameters":{},"actions":[{"type":"keyDown","value":"î€‡"},{"type":"pause","duration":10},{"type":"keyUp","value":"î€‡"}]}]}
COMMAND: POST /session/a230b9fa5e58e47def27534e3d005bf9/execute/async - {"script":"<script> [1562 bytes]","args":[{"selector":{"id":"application-managesites-display-component---NewSite--addressDetailDetailsCity1","interaction":{"idSuffix":"inner"}},"wdio_ui5_key":"applicationmanagesites-display-component---NewSite--addressDetailDetailsCity1"}]}
COMMAND: GET /session/a230b9fa5e58e47def27534e3d005bf9/screenshot - {}
RESULT: {"script":"<script> [1562 bytes]","args":[{"selector":{"id":"application-managesites-display-component---NewSite--addressDetailDetailsCity1","interaction":{"idSuffix":"inner"}},"wdio_ui5_key":"applicationmanagesites-display-component---NewSite--addressDetailDetailsCity1"}]}
RESULT: undefined
COMMAND: POST /session/a230b9fa5e58e47def27534e3d005bf9/execute/async - {"script":"<script> [776 bytes]","args":[{"enterText":"Bucharest","selector":{"id":"application-managesites-display-component---NewSite--addressDetailDetailsCity1","interaction":{"idSuffix":"inner"}},"clearTextFirst":true,"interactionType":"ENTER_TEXT"}]}
RESULT: {}
RESULT: {"script":"<script> [776 bytes]","args":[{"enterText":"Bucharest","selector":{"id":"application-managesites-display-component---NewSite--addressDetailDetailsCity1","interaction":{"idSuffix":"inner"}},"clearTextFirst":true,"interactionType":"ENTER_TEXT"}]}
COMMAND: POST /session/a230b9fa5e58e47def27534e3d005bf9/actions - {"actions":[{"id":"action7","type":"key","parameters":{},"actions":[{"type":"keyDown","value":"î€‡"},{"type":"pause","duration":10},{"type":"keyUp","value":"î€‡"}]}]}
RESULT: {"actions":[{"id":"action7","type":"key","parameters":{},"actions":[{"type":"keyDown","value":"î€‡"},{"type":"pause","duration":10},{"type":"keyUp","value":"î€‡"}]}]}
COMMAND: POST /session/a230b9fa5e58e47def27534e3d005bf9/execute/async - {"script":"<script> [1562 bytes]","args":[{"selector":{"id":"application-managesites-display-component---NewSite--addressDetailDetailsCountry","interaction":{"idSuffix":"inner"}},"wdio_ui5_key":"applicationmanagesites-display-component---NewSite--addressDetailDetailsCountry"}]}
COMMAND: GET /session/a230b9fa5e58e47def27534e3d005bf9/screenshot - {}
RESULT: {"script":"<script> [1562 bytes]","args":[{"selector":{"id":"application-managesites-display-component---NewSite--addressDetailDetailsCountry","interaction":{"idSuffix":"inner"}},"wdio_ui5_key":"applicationmanagesites-display-component---NewSite--addressDetailDetailsCountry"}]}
RESULT: undefined
COMMAND: POST /session/a230b9fa5e58e47def27534e3d005bf9/execute/async - {"script":"<script> [6424 bytes]","args":[{"element-6066-11e4-a52e-4f735466cecf":"f.5A792F38359A1C743AD3061B3E5B94B4.d.9B367FACB4BBC20D8352790AB94D5329.e.2211"},"setValue",["Romania"]]}
RESULT: {}
RESULT: {"script":"<script> [6424 bytes]","args":[{"element-6066-11e4-a52e-4f735466cecf":"f.5A792F38359A1C743AD3061B3E5B94B4.d.9B367FACB4BBC20D8352790AB94D5329.e.2211"},"setValue",["Romania"]]}
COMMAND: POST /session/a230b9fa5e58e47def27534e3d005bf9/actions - {"actions":[{"id":"action8","type":"key","parameters":{},"actions":[{"type":"keyDown","value":"î€‡"},{"type":"pause","duration":10},{"type":"keyUp","value":"î€‡"}]}]}
RESULT: {"actions":[{"id":"action8","type":"key","parameters":{},"actions":[{"type":"keyDown","value":"î€‡"},{"type":"pause","duration":10},{"type":"keyUp","value":"î€‡"}]}]}
COMMAND: POST /session/a230b9fa5e58e47def27534e3d005bf9/execute/async - {"script":"<script> [1562 bytes]","args":[{"selector":{"id":"application-managesites-display-component---NewSite--addressDetailDetailsCalendar","interaction":{"idSuffix":"inner"}},"wdio_ui5_key":"applicationmanagesites-display-component---NewSite--addressDetailDetailsCalendar"}]}
COMMAND: GET /session/a230b9fa5e58e47def27534e3d005bf9/screenshot - {}
RESULT: {"script":"<script> [1562 bytes]","args":[{"selector":{"id":"application-managesites-display-component---NewSite--addressDetailDetailsCalendar","interaction":{"idSuffix":"inner"}},"wdio_ui5_key":"applicationmanagesites-display-component---NewSite--addressDetailDetailsCalendar"}]}
RESULT: undefined
COMMAND: POST /session/a230b9fa5e58e47def27534e3d005bf9/execute/async - {"script":"<script> [776 bytes]","args":[{"enterText":"Germany","selector":{"id":"application-managesites-display-component---NewSite--addressDetailDetailsCalendar","interaction":{"idSuffix":"inner"}},"clearTextFirst":true,"interactionType":"ENTER_TEXT"}]}
RESULT: {}
RESULT: {"script":"<script> [776 bytes]","args":[{"enterText":"Germany","selector":{"id":"application-managesites-display-component---NewSite--addressDetailDetailsCalendar","interaction":{"idSuffix":"inner"}},"clearTextFirst":true,"interactionType":"ENTER_TEXT"}]}
COMMAND: POST /session/a230b9fa5e58e47def27534e3d005bf9/actions - {"actions":[{"id":"action9","type":"key","parameters":{},"actions":[{"type":"keyDown","value":"î€‡"},{"type":"pause","duration":10},{"type":"keyUp","value":"î€‡"}]}]}
RESULT: {"actions":[{"id":"action9","type":"key","parameters":{},"actions":[{"type":"keyDown","value":"î€‡"},{"type":"pause","duration":10},{"type":"keyUp","value":"î€‡"}]}]}
COMMAND: POST /session/a230b9fa5e58e47def27534e3d005bf9/execute/async - {"script":"<script> [1562 bytes]","args":[{"selector":{"id":"application-managesites-display-component---NewSite--addressEditDetailsCostObjectCstType","interaction":{"idSuffix":"inner"}},"wdio_ui5_key":"applicationmanagesites-display-component---NewSite--addressEditDetailsCostObjectCstType"}]}
COMMAND: GET /session/a230b9fa5e58e47def27534e3d005bf9/screenshot - {}
RESULT: {"script":"<script> [1562 bytes]","args":[{"selector":{"id":"application-managesites-display-component---NewSite--addressEditDetailsCostObjectCstType","interaction":{"idSuffix":"inner"}},"wdio_ui5_key":"applicationmanagesites-display-component---NewSite--addressEditDetailsCostObjectCstType"}]}
RESULT: undefined
COMMAND: POST /session/a230b9fa5e58e47def27534e3d005bf9/execute/async - {"script":"<script> [776 bytes]","args":[{"enterText":"Cost","selector":{"id":"application-managesites-display-component---NewSite--addressEditDetailsCostObjectCstType","interaction":{"idSuffix":"inner"}},"clearTextFirst":true,"interactionType":"ENTER_TEXT"}]}
RESULT: {}
RESULT: {"script":"<script> [776 bytes]","args":[{"enterText":"Cost","selector":{"id":"application-managesites-display-component---NewSite--addressEditDetailsCostObjectCstType","interaction":{"idSuffix":"inner"}},"clearTextFirst":true,"interactionType":"ENTER_TEXT"}]}
COMMAND: POST /session/a230b9fa5e58e47def27534e3d005bf9/actions - {"actions":[{"id":"action10","type":"key","parameters":{},"actions":[{"type":"keyDown","value":"î€‡"},{"type":"pause","duration":10},{"type":"keyUp","value":"î€‡"}]}]}
RESULT: {"actions":[{"id":"action10","type":"key","parameters":{},"actions":[{"type":"keyDown","value":"î€‡"},{"type":"pause","duration":10},{"type":"keyUp","value":"î€‡"}]}]}
COMMAND: POST /session/a230b9fa5e58e47def27534e3d005bf9/execute/async - {"script":"<script> [1562 bytes]","args":[{"selector":{"id":"application-managesites-display-component---NewSite--addressNewCostObjectCstID","interaction":{"idSuffix":"inner"}},"wdio_ui5_key":"applicationmanagesites-display-component---NewSite--addressNewCostObjectCstID"}]}
COMMAND: GET /session/a230b9fa5e58e47def27534e3d005bf9/screenshot - {}
RESULT: {"script":"<script> [1562 bytes]","args":[{"selector":{"id":"application-managesites-display-component---NewSite--addressNewCostObjectCstID","interaction":{"idSuffix":"inner"}},"wdio_ui5_key":"applicationmanagesites-display-component---NewSite--addressNewCostObjectCstID"}]}
RESULT: undefined
COMMAND: POST /session/a230b9fa5e58e47def27534e3d005bf9/execute/async - {"script":"<script> [776 bytes]","args":[{"enterText":"1001","selector":{"id":"application-managesites-display-component---NewSite--addressNewCostObjectCstID","interaction":{"idSuffix":"inner"}},"clearTextFirst":true,"interactionType":"ENTER_TEXT"}]}
RESULT: {}
RESULT: {"script":"<script> [776 bytes]","args":[{"enterText":"1001","selector":{"id":"application-managesites-display-component---NewSite--addressNewCostObjectCstID","interaction":{"idSuffix":"inner"}},"clearTextFirst":true,"interactionType":"ENTER_TEXT"}]}
COMMAND: POST /session/a230b9fa5e58e47def27534e3d005bf9/actions - {"actions":[{"id":"action11","type":"key","parameters":{},"actions":[{"type":"keyDown","value":"î€‡"},{"type":"pause","duration":10},{"type":"keyUp","value":"î€‡"}]}]}
RESULT: {"actions":[{"id":"action11","type":"key","parameters":{},"actions":[{"type":"keyDown","value":"î€‡"},{"type":"pause","duration":10},{"type":"keyUp","value":"î€‡"}]}]}
COMMAND: POST /session/a230b9fa5e58e47def27534e3d005bf9/element - {"using":"xpath","value":"//input[@id=\"application-managesites-display-component---NewSite--addressDetailDetailsYard-inner\"]"}
COMMAND: GET /session/a230b9fa5e58e47def27534e3d005bf9/screenshot - {}
RESULT: {"using":"xpath","value":"//input[@id=\"application-managesites-display-component---NewSite--addressDetailDetailsYard-inner\"]"}
COMMAND: POST /session/a230b9fa5e58e47def27534e3d005bf9/element/f.5A792F38359A1C743AD3061B3E5B94B4.d.9B367FACB4BBC20D8352790AB94D5329.e.2222/value - {"text":"337"}
RESULT: {}
RESULT: {"text":"337"}
COMMAND: GET /session/a230b9fa5e58e47def27534e3d005bf9/screenshot - {}
RESULT: {}
COMMAND: POST /session/a230b9fa5e58e47def27534e3d005bf9/actions - {"actions":[{"id":"action12","type":"key","parameters":{},"actions":[{"type":"keyDown","value":"î€‡"},{"type":"pause","duration":10},{"type":"keyUp","value":"î€‡"}]}]}
RESULT: {"actions":[{"id":"action12","type":"key","parameters":{},"actions":[{"type":"keyDown","value":"î€‡"},{"type":"pause","duration":10},{"type":"keyUp","value":"î€‡"}]}]}
COMMAND: GET /session/a230b9fa5e58e47def27534e3d005bf9/screenshot - {}
RESULT: {}
COMMAND: POST /session/a230b9fa5e58e47def27534e3d005bf9/element - {"using":"xpath","value":"//input[@id=\"application-managesites-display-component---NewSite--addressDetailDetailsPartner-inner\"]"}
RESULT: {"using":"xpath","value":"//input[@id=\"application-managesites-display-component---NewSite--addressDetailDetailsPartner-inner\"]"}
COMMAND: POST /session/a230b9fa5e58e47def27534e3d005bf9/elements - {"using":"xpath","value":"//input[@id=\"application-managesites-display-component---NewSite--addressDetailDetailsPartner-inner\"]"}
RESULT: {"using":"xpath","value":"//input[@id=\"application-managesites-display-component---NewSite--addressDetailDetailsPartner-inner\"]"}
COMMAND: POST /session/a230b9fa5e58e47def27534e3d005bf9/execute/async - {"script":"<script> [1562 bytes]","args":[{"selector":{"controlType":"sap.m.Button","viewName":"etm.portal.ui.managesites.view.NewSmartSite","viewId":"application-managesites-display-component---NewSite","properties":{"text":"Commercial"},"interaction":{"idSuffix":"BDI-content"}},"wdio_ui5_key":"etmportal.ui.managesites.view.NewSmartSitesap.m.Button{\"text\":\"Commercial\"}"}]}
RESULT: {"script":"<script> [1562 bytes]","args":[{"selector":{"controlType":"sap.m.Button","viewName":"etm.portal.ui.managesites.view.NewSmartSite","viewId":"application-managesites-display-component---NewSite","properties":{"text":"Commercial"},"interaction":{"idSuffix":"BDI-content"}},"wdio_ui5_key":"etmportal.ui.managesites.view.NewSmartSitesap.m.Button{\"text\":\"Commercial\"}"}]}
RESULT: undefined
COMMAND: POST /session/a230b9fa5e58e47def27534e3d005bf9/element - {"using":"xpath","value":"//*[@id=\"application-managesites-display-component---NewSite--ObjectPageLayout-anchBar-__section31-anchor\"]"}
RESULT: {"using":"xpath","value":"//*[@id=\"application-managesites-display-component---NewSite--ObjectPageLayout-anchBar-__section31-anchor\"]"}
COMMAND: POST /session/a230b9fa5e58e47def27534e3d005bf9/element/f.5A792F38359A1C743AD3061B3E5B94B4.d.9B367FACB4BBC20D8352790AB94D5329.e.2433/click - {}
RESULT: {}
COMMAND: POST /session/a230b9fa5e58e47def27534e3d005bf9/execute/async - {"script":"<script> [1562 bytes]","args":[{"selector":{"id":"application-managesites-display-component---NewSite--siteWhmCheckBox-label","interaction":{"idSuffix":"bdi"}},"wdio_ui5_key":"applicationmanagesites-display-component---NewSite--siteWhmCheckBox-label"}]}
COMMAND: GET /session/a230b9fa5e58e47def27534e3d005bf9/screenshot - {}
RESULT: {"script":"<script> [1562 bytes]","args":[{"selector":{"id":"application-managesites-display-component---NewSite--siteWhmCheckBox-label","interaction":{"idSuffix":"bdi"}},"wdio_ui5_key":"applicationmanagesites-display-component---NewSite--siteWhmCheckBox-label"}]}
RESULT: undefined
COMMAND: POST /session/a230b9fa5e58e47def27534e3d005bf9/element - {"using":"xpath","value":"//*[@id=\"application-managesites-display-component---NewSite--siteWhmCheckBox-label\"]"}
RESULT: {}
RESULT: {"using":"xpath","value":"//*[@id=\"application-managesites-display-component---NewSite--siteWhmCheckBox-label\"]"}
COMMAND: POST /session/a230b9fa5e58e47def27534e3d005bf9/element/f.5A792F38359A1C743AD3061B3E5B94B4.d.9B367FACB4BBC20D8352790AB94D5329.e.2471/click - {}
RESULT: {}
COMMAND: POST /session/a230b9fa5e58e47def27534e3d005bf9/execute/async - {"script":"<script> [1562 bytes]","args":[{"selector":{"controlType":"sap.m.Button","viewName":"etm.portal.ui.managesites.view.NewSmartSite","viewId":"application-managesites-display-component---NewSite","i18NText":{"propertyName":"text","key":"save"},"interaction":{"idSuffix":"BDI-content"}},"wdio_ui5_key":"etmportal.ui.managesites.view.NewSmartSitesap.m.Button{\"propertyName\":\"text\",\"key\":\"save\"}"}]}
COMMAND: GET /session/a230b9fa5e58e47def27534e3d005bf9/screenshot - {}
RESULT: {"script":"<script> [1562 bytes]","args":[{"selector":{"controlType":"sap.m.Button","viewName":"etm.portal.ui.managesites.view.NewSmartSite","viewId":"application-managesites-display-component---NewSite","i18NText":{"propertyName":"text","key":"save"},"interaction":{"idSuffix":"BDI-content"}},"wdio_ui5_key":"etmportal.ui.managesites.view.NewSmartSitesap.m.Button{\"propertyName\":\"text\",\"key\":\"save\"}"}]}
RESULT: undefined
COMMAND: POST /session/a230b9fa5e58e47def27534e3d005bf9/element - {"using":"xpath","value":"//*[@id=\"__button64\"]"}
RESULT: {}
RESULT: {"using":"xpath","value":"//*[@id=\"__button64\"]"}
COMMAND: POST /session/a230b9fa5e58e47def27534e3d005bf9/element/f.5A792F38359A1C743AD3061B3E5B94B4.d.9B367FACB4BBC20D8352790AB94D5329.e.2406/click - {}
RESULT: {}
COMMAND: GET /session/a230b9fa5e58e47def27534e3d005bf9/screenshot - {}
COMMAND: POST /session/a230b9fa5e58e47def27534e3d005bf9/element - {"using":"xpath","value":"//header/div/div[2]/div[2]/span"}
RESULT: {}
RESULT: {"using":"xpath","value":"//header/div/div[2]/div[2]/span"}
COMMAND: GET /session/a230b9fa5e58e47def27534e3d005bf9/element/f.5A792F38359A1C743AD3061B3E5B94B4.d.9B367FACB4BBC20D8352790AB94D5329.e.2677/text - {}
RESULT: {}
COMMAND: POST /session/a230b9fa5e58e47def27534e3d005bf9/execute/async - {"script":"<script> [1562 bytes]","args":[{"selector":{"id":"application-managesites-display-component---detailSite--addressDetailDetailsYardText"},"wdio_ui5_key":"applicationmanagesites-display-component---detailSite--addressDetailDetailsYardText"}]}
RESULT: {"script":"<script> [1562 bytes]","args":[{"selector":{"id":"application-managesites-display-component---detailSite--addressDetailDetailsYardText"},"wdio_ui5_key":"applicationmanagesites-display-component---detailSite--addressDetailDetailsYardText"}]}
RESULT: undefined
COMMAND: POST /session/a230b9fa5e58e47def27534e3d005bf9/execute/async - {"script":"<script> [1562 bytes]","args":[{"selector":{"controlType":"sap.m.Label","viewName":"etm.portal.ui.managesites.view.Detail","viewId":"application-managesites-display-component---detailSite","i18NText":{"propertyName":"text","key":"status"}},"wdio_ui5_key":"etmportal.ui.managesites.view.Detailsap.m.Label{\"propertyName\":\"text\",\"key\":\"status\"}"}]}
RESULT: {"script":"<script> [1562 bytes]","args":[{"selector":{"controlType":"sap.m.Label","viewName":"etm.portal.ui.managesites.view.Detail","viewId":"application-managesites-display-component---detailSite","i18NText":{"propertyName":"text","key":"status"}},"wdio_ui5_key":"etmportal.ui.managesites.view.Detailsap.m.Label{\"propertyName\":\"text\",\"key\":\"status\"}"}]}
RESULT: undefined
COMMAND: POST /session/a230b9fa5e58e47def27534e3d005bf9/execute/async - {"script":"<script> [6424 bytes]","args":[{"element-6066-11e4-a52e-4f735466cecf":"f.5A792F38359A1C743AD3061B3E5B94B4.d.9B367FACB4BBC20D8352790AB94D5329.e.2666"},"getText",[]]}
RESULT: {"script":"<script> [6424 bytes]","args":[{"element-6066-11e4-a52e-4f735466cecf":"f.5A792F38359A1C743AD3061B3E5B94B4.d.9B367FACB4BBC20D8352790AB94D5329.e.2666"},"getText",[]]}
COMMAND: POST /session/a230b9fa5e58e47def27534e3d005bf9/execute/async - {"script":"<script> [1562 bytes]","args":[{"selector":{"id":"shell-header","interaction":{"idSuffix":"icon"}},"wdio_ui5_key":"shellheader"}]}
RESULT: {"script":"<script> [1562 bytes]","args":[{"selector":{"id":"shell-header","interaction":{"idSuffix":"icon"}},"wdio_ui5_key":"shellheader"}]}
RESULT: undefined
COMMAND: POST /session/a230b9fa5e58e47def27534e3d005bf9/element - {"using":"xpath","value":"//*[@id=\"shell-header\"]"}
RESULT: {"using":"xpath","value":"//*[@id=\"shell-header\"]"}
COMMAND: POST /session/a230b9fa5e58e47def27534e3d005bf9/element/f.5A792F38359A1C743AD3061B3E5B94B4.d.9B367FACB4BBC20D8352790AB94D5329.e.2678/click - {}
RESULT: {}
]]></system-out>
    </testcase>
    <testcase classname="chrome.135_0_7049_96.windows.Stock_increase_-_with_WHM_US125587" name="Create WHM material" time="236.454">
      <system-out><![CDATA[
COMMAND: POST /session/a230b9fa5e58e47def27534e3d005bf9/element - {"using":"css selector","value":"#shell-header-logo"}
COMMAND: GET /session/a230b9fa5e58e47def27534e3d005bf9/screenshot - {}
RESULT: {"using":"css selector","value":"#shell-header-logo"}
COMMAND: POST /session/a230b9fa5e58e47def27534e3d005bf9/element/f.5A792F38359A1C743AD3061B3E5B94B4.d.9B367FACB4BBC20D8352790AB94D5329.e.1982/click - {}
RESULT: {}
RESULT: {}
COMMAND: GET /session/a230b9fa5e58e47def27534e3d005bf9/screenshot - {}
RESULT: {}
COMMAND: POST /session/a230b9fa5e58e47def27534e3d005bf9/execute/async - {"script":"<script> [1562 bytes]","args":[{"selector":{"controlType":"sap.m.GenericTile","properties":{"header":"Manage Resources"}},"wdio_ui5_key":"sapm.GenericTile{\"header\":\"Manage Resources\"}"}]}
RESULT: {"script":"<script> [1562 bytes]","args":[{"selector":{"controlType":"sap.m.GenericTile","properties":{"header":"Manage Resources"}},"wdio_ui5_key":"sapm.GenericTile{\"header\":\"Manage Resources\"}"}]}
RESULT: undefined
COMMAND: POST /session/a230b9fa5e58e47def27534e3d005bf9/element - {"using":"xpath","value":"//*[@id=\"__tile50\"]"}
RESULT: {"using":"xpath","value":"//*[@id=\"__tile50\"]"}
COMMAND: POST /session/a230b9fa5e58e47def27534e3d005bf9/element/f.5A792F38359A1C743AD3061B3E5B94B4.d.9B367FACB4BBC20D8352790AB94D5329.e.2683/click - {}
RESULT: {}
COMMAND: GET /session/a230b9fa5e58e47def27534e3d005bf9/screenshot - {}
RESULT: {}
COMMAND: POST /session/a230b9fa5e58e47def27534e3d005bf9/element - {"using":"xpath","value":"//button[@data-kt=\"addNewRUOverflowToolbarButton\"]"}
RESULT: {"using":"xpath","value":"//button[@data-kt=\"addNewRUOverflowToolbarButton\"]"}
COMMAND: POST /session/a230b9fa5e58e47def27534e3d005bf9/element - {"using":"xpath","value":"//button[@data-kt=\"addNewRUOverflowToolbarButton\"]"}
RESULT: {"using":"xpath","value":"//button[@data-kt=\"addNewRUOverflowToolbarButton\"]"}
COMMAND: POST /session/a230b9fa5e58e47def27534e3d005bf9/element - {"using":"xpath","value":"//button[@data-kt=\"addNewRUOverflowToolbarButton\"]"}
RESULT: {"using":"xpath","value":"//button[@data-kt=\"addNewRUOverflowToolbarButton\"]"}
COMMAND: POST /session/a230b9fa5e58e47def27534e3d005bf9/execute/sync - {"script":"<script> [8489 bytes]","args":[{"element-6066-11e4-a52e-4f735466cecf":"f.5A792F38359A1C743AD3061B3E5B94B4.d.9B367FACB4BBC20D8352790AB94D5329.e.2714","ELEMENT":"f.5A792F38359A1C743AD3061B3E5B94B4.d.9B367FACB4BBC20D8352790AB94D5329.e.2714"}]}
RESULT: {"script":"<script> [8489 bytes]","args":[{"element-6066-11e4-a52e-4f735466cecf":"f.5A792F38359A1C743AD3061B3E5B94B4.d.9B367FACB4BBC20D8352790AB94D5329.e.2714","ELEMENT":"f.5A792F38359A1C743AD3061B3E5B94B4.d.9B367FACB4BBC20D8352790AB94D5329.e.2714"}]}
COMMAND: POST /session/a230b9fa5e58e47def27534e3d005bf9/element/f.5A792F38359A1C743AD3061B3E5B94B4.d.9B367FACB4BBC20D8352790AB94D5329.e.2714/click - {}
COMMAND: GET /session/a230b9fa5e58e47def27534e3d005bf9/screenshot - {}
RESULT: {}
COMMAND: GET /session/a230b9fa5e58e47def27534e3d005bf9/screenshot - {}
RESULT: {}
RESULT: {}
COMMAND: POST /session/a230b9fa5e58e47def27534e3d005bf9/execute/async - {"script":"<script> [1562 bytes]","args":[{"selector":{"controlType":"sap.m.ComboBox","viewName":"reusables.view.manageresources.NewResourceUnit","viewId":"application-manageresources-display-component---newResourceUnit","bindingPath":{"path":"","propertyPath":"/RuTypes","modelName":"catalogModel"},"searchOpenDialogs":true},"wdio_ui5_key":"reusablesview.manageresources.NewResourceUnitsap.m.ComboBox{\"path\":\"\",\"propertyPath\":\"/RuTypes\",\"modelName\":\"catalogModel\"}"}]}
RESULT: {"script":"<script> [1562 bytes]","args":[{"selector":{"controlType":"sap.m.ComboBox","viewName":"reusables.view.manageresources.NewResourceUnit","viewId":"application-manageresources-display-component---newResourceUnit","bindingPath":{"path":"","propertyPath":"/RuTypes","modelName":"catalogModel"},"searchOpenDialogs":true},"wdio_ui5_key":"reusablesview.manageresources.NewResourceUnitsap.m.ComboBox{\"path\":\"\",\"propertyPath\":\"/RuTypes\",\"modelName\":\"catalogModel\"}"}]}
RESULT: undefined
COMMAND: POST /session/a230b9fa5e58e47def27534e3d005bf9/execute/async - {"script":"<script> [1562 bytes]","args":[{"selector":{"controlType":"sap.m.ComboBox","viewName":"reusables.view.manageresources.NewResourceUnit","viewId":"application-manageresources-display-component---newResourceUnit","bindingPath":{"path":"","propertyPath":"/Yards","modelName":"catalogModel"},"searchOpenDialogs":true},"wdio_ui5_key":"reusablesview.manageresources.NewResourceUnitsap.m.ComboBox{\"path\":\"\",\"propertyPath\":\"/Yards\",\"modelName\":\"catalogModel\"}"}]}
RESULT: {"script":"<script> [1562 bytes]","args":[{"selector":{"controlType":"sap.m.ComboBox","viewName":"reusables.view.manageresources.NewResourceUnit","viewId":"application-manageresources-display-component---newResourceUnit","bindingPath":{"path":"","propertyPath":"/Yards","modelName":"catalogModel"},"searchOpenDialogs":true},"wdio_ui5_key":"reusablesview.manageresources.NewResourceUnitsap.m.ComboBox{\"path\":\"\",\"propertyPath\":\"/Yards\",\"modelName\":\"catalogModel\"}"}]}
RESULT: undefined
COMMAND: POST /session/a230b9fa5e58e47def27534e3d005bf9/execute/async - {"script":"<script> [1562 bytes]","args":[{"selector":{"controlType":"etm.portal.ui.reusables.customControls.LiveSearchComboBox","viewName":"reusables.view.manageresources.NewResourceUnit","viewId":"application-manageresources-display-component---newResourceUnit","bindingPath":{"path":"","propertyPath":"/CatalogItems","modelName":"catalogModel"},"searchOpenDialogs":true},"wdio_ui5_key":"reusablesview.manageresources.NewResourceUnitetm.portal.ui.reusables.customControls.LiveSearchComboBox{\"path\":\"\",\"propertyPath\":\"/CatalogItems\",\"modelName\":\"catalogModel\"}"}]}
RESULT: {"script":"<script> [1562 bytes]","args":[{"selector":{"controlType":"etm.portal.ui.reusables.customControls.LiveSearchComboBox","viewName":"reusables.view.manageresources.NewResourceUnit","viewId":"application-manageresources-display-component---newResourceUnit","bindingPath":{"path":"","propertyPath":"/CatalogItems","modelName":"catalogModel"},"searchOpenDialogs":true},"wdio_ui5_key":"reusablesview.manageresources.NewResourceUnitetm.portal.ui.reusables.customControls.LiveSearchComboBox{\"path\":\"\",\"propertyPath\":\"/CatalogItems\",\"modelName\":\"catalogModel\"}"}]}
RESULT: undefined
COMMAND: POST /session/a230b9fa5e58e47def27534e3d005bf9/element - {"using":"xpath","value":"//bdi[text()=\"OK\"]"}
RESULT: {"using":"xpath","value":"//bdi[text()=\"OK\"]"}
COMMAND: POST /session/a230b9fa5e58e47def27534e3d005bf9/elements - {"using":"xpath","value":"//bdi[text()=\"OK\"]"}
RESULT: {"using":"xpath","value":"//bdi[text()=\"OK\"]"}
COMMAND: POST /session/a230b9fa5e58e47def27534e3d005bf9/elements - {"using":"xpath","value":"//bdi[text()=\"OK\"]"}
RESULT: {"using":"xpath","value":"//bdi[text()=\"OK\"]"}
COMMAND: POST /session/a230b9fa5e58e47def27534e3d005bf9/elements - {"using":"xpath","value":"//bdi[text()=\"OK\"]"}
RESULT: {"using":"xpath","value":"//bdi[text()=\"OK\"]"}
COMMAND: POST /session/a230b9fa5e58e47def27534e3d005bf9/elements - {"using":"xpath","value":"//bdi[text()=\"OK\"]"}
RESULT: {"using":"xpath","value":"//bdi[text()=\"OK\"]"}
COMMAND: POST /session/a230b9fa5e58e47def27534e3d005bf9/elements - {"using":"xpath","value":"//bdi[text()=\"OK\"]"}
RESULT: {"using":"xpath","value":"//bdi[text()=\"OK\"]"}
COMMAND: POST /session/a230b9fa5e58e47def27534e3d005bf9/elements - {"using":"xpath","value":"//bdi[text()=\"OK\"]"}
RESULT: {"using":"xpath","value":"//bdi[text()=\"OK\"]"}
COMMAND: POST /session/a230b9fa5e58e47def27534e3d005bf9/elements - {"using":"xpath","value":"//bdi[text()=\"OK\"]"}
RESULT: {"using":"xpath","value":"//bdi[text()=\"OK\"]"}
COMMAND: POST /session/a230b9fa5e58e47def27534e3d005bf9/elements - {"using":"xpath","value":"//bdi[text()=\"OK\"]"}
RESULT: {"using":"xpath","value":"//bdi[text()=\"OK\"]"}
COMMAND: POST /session/a230b9fa5e58e47def27534e3d005bf9/elements - {"using":"xpath","value":"//bdi[text()=\"OK\"]"}
RESULT: {"using":"xpath","value":"//bdi[text()=\"OK\"]"}
COMMAND: POST /session/a230b9fa5e58e47def27534e3d005bf9/elements - {"using":"xpath","value":"//bdi[text()=\"OK\"]"}
RESULT: {"using":"xpath","value":"//bdi[text()=\"OK\"]"}
COMMAND: POST /session/a230b9fa5e58e47def27534e3d005bf9/elements - {"using":"xpath","value":"//bdi[text()=\"OK\"]"}
RESULT: {"using":"xpath","value":"//bdi[text()=\"OK\"]"}
COMMAND: POST /session/a230b9fa5e58e47def27534e3d005bf9/elements - {"using":"xpath","value":"//bdi[text()=\"OK\"]"}
RESULT: {"using":"xpath","value":"//bdi[text()=\"OK\"]"}
COMMAND: POST /session/a230b9fa5e58e47def27534e3d005bf9/elements - {"using":"xpath","value":"//bdi[text()=\"OK\"]"}
RESULT: {"using":"xpath","value":"//bdi[text()=\"OK\"]"}
COMMAND: POST /session/a230b9fa5e58e47def27534e3d005bf9/elements - {"using":"xpath","value":"//bdi[text()=\"OK\"]"}
RESULT: {"using":"xpath","value":"//bdi[text()=\"OK\"]"}
COMMAND: POST /session/a230b9fa5e58e47def27534e3d005bf9/elements - {"using":"xpath","value":"//bdi[text()=\"OK\"]"}
RESULT: {"using":"xpath","value":"//bdi[text()=\"OK\"]"}
COMMAND: POST /session/a230b9fa5e58e47def27534e3d005bf9/elements - {"using":"xpath","value":"//bdi[text()=\"OK\"]"}
RESULT: {"using":"xpath","value":"//bdi[text()=\"OK\"]"}
COMMAND: POST /session/a230b9fa5e58e47def27534e3d005bf9/elements - {"using":"xpath","value":"//bdi[text()=\"OK\"]"}
RESULT: {"using":"xpath","value":"//bdi[text()=\"OK\"]"}
COMMAND: POST /session/a230b9fa5e58e47def27534e3d005bf9/elements - {"using":"xpath","value":"//bdi[text()=\"OK\"]"}
RESULT: {"using":"xpath","value":"//bdi[text()=\"OK\"]"}
COMMAND: POST /session/a230b9fa5e58e47def27534e3d005bf9/elements - {"using":"xpath","value":"//bdi[text()=\"OK\"]"}
RESULT: {"using":"xpath","value":"//bdi[text()=\"OK\"]"}
COMMAND: POST /session/a230b9fa5e58e47def27534e3d005bf9/elements - {"using":"xpath","value":"//bdi[text()=\"OK\"]"}
RESULT: {"using":"xpath","value":"//bdi[text()=\"OK\"]"}
COMMAND: POST /session/a230b9fa5e58e47def27534e3d005bf9/elements - {"using":"xpath","value":"//bdi[text()=\"OK\"]"}
RESULT: {"using":"xpath","value":"//bdi[text()=\"OK\"]"}
COMMAND: POST /session/a230b9fa5e58e47def27534e3d005bf9/elements - {"using":"xpath","value":"//bdi[text()=\"OK\"]"}
RESULT: {"using":"xpath","value":"//bdi[text()=\"OK\"]"}
COMMAND: POST /session/a230b9fa5e58e47def27534e3d005bf9/elements - {"using":"xpath","value":"//bdi[text()=\"OK\"]"}
RESULT: {"using":"xpath","value":"//bdi[text()=\"OK\"]"}
COMMAND: POST /session/a230b9fa5e58e47def27534e3d005bf9/elements - {"using":"xpath","value":"//bdi[text()=\"OK\"]"}
RESULT: {"using":"xpath","value":"//bdi[text()=\"OK\"]"}
COMMAND: POST /session/a230b9fa5e58e47def27534e3d005bf9/elements - {"using":"xpath","value":"//bdi[text()=\"OK\"]"}
RESULT: {"using":"xpath","value":"//bdi[text()=\"OK\"]"}
COMMAND: POST /session/a230b9fa5e58e47def27534e3d005bf9/elements - {"using":"xpath","value":"//bdi[text()=\"OK\"]"}
RESULT: {"using":"xpath","value":"//bdi[text()=\"OK\"]"}
COMMAND: POST /session/a230b9fa5e58e47def27534e3d005bf9/elements - {"using":"xpath","value":"//bdi[text()=\"OK\"]"}
RESULT: {"using":"xpath","value":"//bdi[text()=\"OK\"]"}
COMMAND: POST /session/a230b9fa5e58e47def27534e3d005bf9/elements - {"using":"xpath","value":"//bdi[text()=\"OK\"]"}
RESULT: {"using":"xpath","value":"//bdi[text()=\"OK\"]"}
COMMAND: POST /session/a230b9fa5e58e47def27534e3d005bf9/elements - {"using":"xpath","value":"//bdi[text()=\"OK\"]"}
RESULT: {"using":"xpath","value":"//bdi[text()=\"OK\"]"}
COMMAND: POST /session/a230b9fa5e58e47def27534e3d005bf9/elements - {"using":"xpath","value":"//bdi[text()=\"OK\"]"}
RESULT: {"using":"xpath","value":"//bdi[text()=\"OK\"]"}
COMMAND: POST /session/a230b9fa5e58e47def27534e3d005bf9/elements - {"using":"xpath","value":"//bdi[text()=\"OK\"]"}
RESULT: {"using":"xpath","value":"//bdi[text()=\"OK\"]"}
COMMAND: POST /session/a230b9fa5e58e47def27534e3d005bf9/elements - {"using":"xpath","value":"//bdi[text()=\"OK\"]"}
RESULT: {"using":"xpath","value":"//bdi[text()=\"OK\"]"}
COMMAND: POST /session/a230b9fa5e58e47def27534e3d005bf9/elements - {"using":"xpath","value":"//bdi[text()=\"OK\"]"}
RESULT: {"using":"xpath","value":"//bdi[text()=\"OK\"]"}
COMMAND: POST /session/a230b9fa5e58e47def27534e3d005bf9/elements - {"using":"xpath","value":"//bdi[text()=\"OK\"]"}
RESULT: {"using":"xpath","value":"//bdi[text()=\"OK\"]"}
COMMAND: POST /session/a230b9fa5e58e47def27534e3d005bf9/elements - {"using":"xpath","value":"//bdi[text()=\"OK\"]"}
RESULT: {"using":"xpath","value":"//bdi[text()=\"OK\"]"}
COMMAND: POST /session/a230b9fa5e58e47def27534e3d005bf9/elements - {"using":"xpath","value":"//bdi[text()=\"OK\"]"}
RESULT: {"using":"xpath","value":"//bdi[text()=\"OK\"]"}
COMMAND: POST /session/a230b9fa5e58e47def27534e3d005bf9/elements - {"using":"xpath","value":"//bdi[text()=\"OK\"]"}
RESULT: {"using":"xpath","value":"//bdi[text()=\"OK\"]"}
COMMAND: POST /session/a230b9fa5e58e47def27534e3d005bf9/elements - {"using":"xpath","value":"//bdi[text()=\"OK\"]"}
RESULT: {"using":"xpath","value":"//bdi[text()=\"OK\"]"}
COMMAND: POST /session/a230b9fa5e58e47def27534e3d005bf9/elements - {"using":"xpath","value":"//bdi[text()=\"OK\"]"}
RESULT: {"using":"xpath","value":"//bdi[text()=\"OK\"]"}
COMMAND: POST /session/a230b9fa5e58e47def27534e3d005bf9/elements - {"using":"xpath","value":"//bdi[text()=\"OK\"]"}
RESULT: {"using":"xpath","value":"//bdi[text()=\"OK\"]"}
COMMAND: POST /session/a230b9fa5e58e47def27534e3d005bf9/elements - {"using":"xpath","value":"//bdi[text()=\"OK\"]"}
RESULT: {"using":"xpath","value":"//bdi[text()=\"OK\"]"}
COMMAND: POST /session/a230b9fa5e58e47def27534e3d005bf9/elements - {"using":"xpath","value":"//bdi[text()=\"OK\"]"}
RESULT: {"using":"xpath","value":"//bdi[text()=\"OK\"]"}
COMMAND: POST /session/a230b9fa5e58e47def27534e3d005bf9/elements - {"using":"xpath","value":"//bdi[text()=\"OK\"]"}
RESULT: {"using":"xpath","value":"//bdi[text()=\"OK\"]"}
COMMAND: POST /session/a230b9fa5e58e47def27534e3d005bf9/elements - {"using":"xpath","value":"//bdi[text()=\"OK\"]"}
RESULT: {"using":"xpath","value":"//bdi[text()=\"OK\"]"}
COMMAND: POST /session/a230b9fa5e58e47def27534e3d005bf9/elements - {"using":"xpath","value":"//bdi[text()=\"OK\"]"}
RESULT: {"using":"xpath","value":"//bdi[text()=\"OK\"]"}
COMMAND: POST /session/a230b9fa5e58e47def27534e3d005bf9/elements - {"using":"xpath","value":"//bdi[text()=\"OK\"]"}
RESULT: {"using":"xpath","value":"//bdi[text()=\"OK\"]"}
COMMAND: POST /session/a230b9fa5e58e47def27534e3d005bf9/elements - {"using":"xpath","value":"//bdi[text()=\"OK\"]"}
RESULT: {"using":"xpath","value":"//bdi[text()=\"OK\"]"}
COMMAND: POST /session/a230b9fa5e58e47def27534e3d005bf9/elements - {"using":"xpath","value":"//bdi[text()=\"OK\"]"}
RESULT: {"using":"xpath","value":"//bdi[text()=\"OK\"]"}
COMMAND: POST /session/a230b9fa5e58e47def27534e3d005bf9/elements - {"using":"xpath","value":"//bdi[text()=\"OK\"]"}
RESULT: {"using":"xpath","value":"//bdi[text()=\"OK\"]"}
COMMAND: POST /session/a230b9fa5e58e47def27534e3d005bf9/elements - {"using":"xpath","value":"//bdi[text()=\"OK\"]"}
RESULT: {"using":"xpath","value":"//bdi[text()=\"OK\"]"}
COMMAND: POST /session/a230b9fa5e58e47def27534e3d005bf9/elements - {"using":"xpath","value":"//bdi[text()=\"OK\"]"}
RESULT: {"using":"xpath","value":"//bdi[text()=\"OK\"]"}
COMMAND: POST /session/a230b9fa5e58e47def27534e3d005bf9/elements - {"using":"xpath","value":"//bdi[text()=\"OK\"]"}
RESULT: {"using":"xpath","value":"//bdi[text()=\"OK\"]"}
COMMAND: POST /session/a230b9fa5e58e47def27534e3d005bf9/elements - {"using":"xpath","value":"//bdi[text()=\"OK\"]"}
RESULT: {"using":"xpath","value":"//bdi[text()=\"OK\"]"}
COMMAND: POST /session/a230b9fa5e58e47def27534e3d005bf9/elements - {"using":"xpath","value":"//bdi[text()=\"OK\"]"}
RESULT: {"using":"xpath","value":"//bdi[text()=\"OK\"]"}
COMMAND: POST /session/a230b9fa5e58e47def27534e3d005bf9/elements - {"using":"xpath","value":"//bdi[text()=\"OK\"]"}
RESULT: {"using":"xpath","value":"//bdi[text()=\"OK\"]"}
COMMAND: POST /session/a230b9fa5e58e47def27534e3d005bf9/elements - {"using":"xpath","value":"//bdi[text()=\"OK\"]"}
RESULT: {"using":"xpath","value":"//bdi[text()=\"OK\"]"}
COMMAND: POST /session/a230b9fa5e58e47def27534e3d005bf9/elements - {"using":"xpath","value":"//bdi[text()=\"OK\"]"}
RESULT: {"using":"xpath","value":"//bdi[text()=\"OK\"]"}
COMMAND: POST /session/a230b9fa5e58e47def27534e3d005bf9/elements - {"using":"xpath","value":"//bdi[text()=\"OK\"]"}
RESULT: {"using":"xpath","value":"//bdi[text()=\"OK\"]"}
COMMAND: POST /session/a230b9fa5e58e47def27534e3d005bf9/elements - {"using":"xpath","value":"//bdi[text()=\"OK\"]"}
RESULT: {"using":"xpath","value":"//bdi[text()=\"OK\"]"}
COMMAND: POST /session/a230b9fa5e58e47def27534e3d005bf9/elements - {"using":"xpath","value":"//bdi[text()=\"OK\"]"}
RESULT: {"using":"xpath","value":"//bdi[text()=\"OK\"]"}
COMMAND: POST /session/a230b9fa5e58e47def27534e3d005bf9/elements - {"using":"xpath","value":"//bdi[text()=\"OK\"]"}
RESULT: {"using":"xpath","value":"//bdi[text()=\"OK\"]"}
COMMAND: POST /session/a230b9fa5e58e47def27534e3d005bf9/elements - {"using":"xpath","value":"//bdi[text()=\"OK\"]"}
RESULT: {"using":"xpath","value":"//bdi[text()=\"OK\"]"}
COMMAND: POST /session/a230b9fa5e58e47def27534e3d005bf9/elements - {"using":"xpath","value":"//bdi[text()=\"OK\"]"}
RESULT: {"using":"xpath","value":"//bdi[text()=\"OK\"]"}
COMMAND: POST /session/a230b9fa5e58e47def27534e3d005bf9/elements - {"using":"xpath","value":"//bdi[text()=\"OK\"]"}
RESULT: {"using":"xpath","value":"//bdi[text()=\"OK\"]"}
COMMAND: POST /session/a230b9fa5e58e47def27534e3d005bf9/elements - {"using":"xpath","value":"//bdi[text()=\"OK\"]"}
RESULT: {"using":"xpath","value":"//bdi[text()=\"OK\"]"}
COMMAND: POST /session/a230b9fa5e58e47def27534e3d005bf9/elements - {"using":"xpath","value":"//bdi[text()=\"OK\"]"}
RESULT: {"using":"xpath","value":"//bdi[text()=\"OK\"]"}
COMMAND: POST /session/a230b9fa5e58e47def27534e3d005bf9/elements - {"using":"xpath","value":"//bdi[text()=\"OK\"]"}
RESULT: {"using":"xpath","value":"//bdi[text()=\"OK\"]"}
COMMAND: POST /session/a230b9fa5e58e47def27534e3d005bf9/elements - {"using":"xpath","value":"//bdi[text()=\"OK\"]"}
RESULT: {"using":"xpath","value":"//bdi[text()=\"OK\"]"}
COMMAND: POST /session/a230b9fa5e58e47def27534e3d005bf9/elements - {"using":"xpath","value":"//bdi[text()=\"OK\"]"}
RESULT: {"using":"xpath","value":"//bdi[text()=\"OK\"]"}
COMMAND: POST /session/a230b9fa5e58e47def27534e3d005bf9/elements - {"using":"xpath","value":"//bdi[text()=\"OK\"]"}
RESULT: {"using":"xpath","value":"//bdi[text()=\"OK\"]"}
COMMAND: POST /session/a230b9fa5e58e47def27534e3d005bf9/elements - {"using":"xpath","value":"//bdi[text()=\"OK\"]"}
RESULT: {"using":"xpath","value":"//bdi[text()=\"OK\"]"}
COMMAND: POST /session/a230b9fa5e58e47def27534e3d005bf9/elements - {"using":"xpath","value":"//bdi[text()=\"OK\"]"}
RESULT: {"using":"xpath","value":"//bdi[text()=\"OK\"]"}
COMMAND: POST /session/a230b9fa5e58e47def27534e3d005bf9/elements - {"using":"xpath","value":"//bdi[text()=\"OK\"]"}
RESULT: {"using":"xpath","value":"//bdi[text()=\"OK\"]"}
COMMAND: POST /session/a230b9fa5e58e47def27534e3d005bf9/elements - {"using":"xpath","value":"//bdi[text()=\"OK\"]"}
RESULT: {"using":"xpath","value":"//bdi[text()=\"OK\"]"}
COMMAND: POST /session/a230b9fa5e58e47def27534e3d005bf9/elements - {"using":"xpath","value":"//bdi[text()=\"OK\"]"}
RESULT: {"using":"xpath","value":"//bdi[text()=\"OK\"]"}
COMMAND: POST /session/a230b9fa5e58e47def27534e3d005bf9/elements - {"using":"xpath","value":"//bdi[text()=\"OK\"]"}
RESULT: {"using":"xpath","value":"//bdi[text()=\"OK\"]"}
COMMAND: POST /session/a230b9fa5e58e47def27534e3d005bf9/elements - {"using":"xpath","value":"//bdi[text()=\"OK\"]"}
RESULT: {"using":"xpath","value":"//bdi[text()=\"OK\"]"}
COMMAND: POST /session/a230b9fa5e58e47def27534e3d005bf9/elements - {"using":"xpath","value":"//bdi[text()=\"OK\"]"}
RESULT: {"using":"xpath","value":"//bdi[text()=\"OK\"]"}
COMMAND: POST /session/a230b9fa5e58e47def27534e3d005bf9/elements - {"using":"xpath","value":"//bdi[text()=\"OK\"]"}
RESULT: {"using":"xpath","value":"//bdi[text()=\"OK\"]"}
COMMAND: POST /session/a230b9fa5e58e47def27534e3d005bf9/elements - {"using":"xpath","value":"//bdi[text()=\"OK\"]"}
RESULT: {"using":"xpath","value":"//bdi[text()=\"OK\"]"}
COMMAND: POST /session/a230b9fa5e58e47def27534e3d005bf9/elements - {"using":"xpath","value":"//bdi[text()=\"OK\"]"}
RESULT: {"using":"xpath","value":"//bdi[text()=\"OK\"]"}
COMMAND: POST /session/a230b9fa5e58e47def27534e3d005bf9/elements - {"using":"xpath","value":"//bdi[text()=\"OK\"]"}
RESULT: {"using":"xpath","value":"//bdi[text()=\"OK\"]"}
COMMAND: POST /session/a230b9fa5e58e47def27534e3d005bf9/elements - {"using":"xpath","value":"//bdi[text()=\"OK\"]"}
RESULT: {"using":"xpath","value":"//bdi[text()=\"OK\"]"}
COMMAND: POST /session/a230b9fa5e58e47def27534e3d005bf9/elements - {"using":"xpath","value":"//bdi[text()=\"OK\"]"}
RESULT: {"using":"xpath","value":"//bdi[text()=\"OK\"]"}
COMMAND: POST /session/a230b9fa5e58e47def27534e3d005bf9/elements - {"using":"xpath","value":"//bdi[text()=\"OK\"]"}
RESULT: {"using":"xpath","value":"//bdi[text()=\"OK\"]"}
COMMAND: POST /session/a230b9fa5e58e47def27534e3d005bf9/elements - {"using":"xpath","value":"//bdi[text()=\"OK\"]"}
RESULT: {"using":"xpath","value":"//bdi[text()=\"OK\"]"}
COMMAND: POST /session/a230b9fa5e58e47def27534e3d005bf9/elements - {"using":"xpath","value":"//bdi[text()=\"OK\"]"}
RESULT: {"using":"xpath","value":"//bdi[text()=\"OK\"]"}
COMMAND: POST /session/a230b9fa5e58e47def27534e3d005bf9/elements - {"using":"xpath","value":"//bdi[text()=\"OK\"]"}
RESULT: {"using":"xpath","value":"//bdi[text()=\"OK\"]"}
COMMAND: POST /session/a230b9fa5e58e47def27534e3d005bf9/elements - {"using":"xpath","value":"//bdi[text()=\"OK\"]"}
RESULT: {"using":"xpath","value":"//bdi[text()=\"OK\"]"}
COMMAND: POST /session/a230b9fa5e58e47def27534e3d005bf9/elements - {"using":"xpath","value":"//bdi[text()=\"OK\"]"}
RESULT: {"using":"xpath","value":"//bdi[text()=\"OK\"]"}
COMMAND: POST /session/a230b9fa5e58e47def27534e3d005bf9/elements - {"using":"xpath","value":"//bdi[text()=\"OK\"]"}
RESULT: {"using":"xpath","value":"//bdi[text()=\"OK\"]"}
COMMAND: POST /session/a230b9fa5e58e47def27534e3d005bf9/elements - {"using":"xpath","value":"//bdi[text()=\"OK\"]"}
RESULT: {"using":"xpath","value":"//bdi[text()=\"OK\"]"}
COMMAND: POST /session/a230b9fa5e58e47def27534e3d005bf9/elements - {"using":"xpath","value":"//bdi[text()=\"OK\"]"}
RESULT: {"using":"xpath","value":"//bdi[text()=\"OK\"]"}
COMMAND: POST /session/a230b9fa5e58e47def27534e3d005bf9/elements - {"using":"xpath","value":"//bdi[text()=\"OK\"]"}
RESULT: {"using":"xpath","value":"//bdi[text()=\"OK\"]"}
COMMAND: POST /session/a230b9fa5e58e47def27534e3d005bf9/elements - {"using":"xpath","value":"//bdi[text()=\"OK\"]"}
RESULT: {"using":"xpath","value":"//bdi[text()=\"OK\"]"}
COMMAND: POST /session/a230b9fa5e58e47def27534e3d005bf9/elements - {"using":"xpath","value":"//bdi[text()=\"OK\"]"}
RESULT: {"using":"xpath","value":"//bdi[text()=\"OK\"]"}
COMMAND: POST /session/a230b9fa5e58e47def27534e3d005bf9/elements - {"using":"xpath","value":"//bdi[text()=\"OK\"]"}
RESULT: {"using":"xpath","value":"//bdi[text()=\"OK\"]"}
COMMAND: POST /session/a230b9fa5e58e47def27534e3d005bf9/elements - {"using":"xpath","value":"//bdi[text()=\"OK\"]"}
RESULT: {"using":"xpath","value":"//bdi[text()=\"OK\"]"}
COMMAND: POST /session/a230b9fa5e58e47def27534e3d005bf9/elements - {"using":"xpath","value":"//bdi[text()=\"OK\"]"}
RESULT: {"using":"xpath","value":"//bdi[text()=\"OK\"]"}
COMMAND: POST /session/a230b9fa5e58e47def27534e3d005bf9/elements - {"using":"xpath","value":"//bdi[text()=\"OK\"]"}
RESULT: {"using":"xpath","value":"//bdi[text()=\"OK\"]"}
COMMAND: POST /session/a230b9fa5e58e47def27534e3d005bf9/elements - {"using":"xpath","value":"//bdi[text()=\"OK\"]"}
RESULT: {"using":"xpath","value":"//bdi[text()=\"OK\"]"}
COMMAND: POST /session/a230b9fa5e58e47def27534e3d005bf9/elements - {"using":"xpath","value":"//bdi[text()=\"OK\"]"}
RESULT: {"using":"xpath","value":"//bdi[text()=\"OK\"]"}
COMMAND: POST /session/a230b9fa5e58e47def27534e3d005bf9/elements - {"using":"xpath","value":"//bdi[text()=\"OK\"]"}
RESULT: {"using":"xpath","value":"//bdi[text()=\"OK\"]"}
COMMAND: POST /session/a230b9fa5e58e47def27534e3d005bf9/elements - {"using":"xpath","value":"//bdi[text()=\"OK\"]"}
RESULT: {"using":"xpath","value":"//bdi[text()=\"OK\"]"}
COMMAND: POST /session/a230b9fa5e58e47def27534e3d005bf9/elements - {"using":"xpath","value":"//bdi[text()=\"OK\"]"}
RESULT: {"using":"xpath","value":"//bdi[text()=\"OK\"]"}
COMMAND: POST /session/a230b9fa5e58e47def27534e3d005bf9/elements - {"using":"xpath","value":"//bdi[text()=\"OK\"]"}
RESULT: {"using":"xpath","value":"//bdi[text()=\"OK\"]"}
COMMAND: POST /session/a230b9fa5e58e47def27534e3d005bf9/elements - {"using":"xpath","value":"//bdi[text()=\"OK\"]"}
RESULT: {"using":"xpath","value":"//bdi[text()=\"OK\"]"}
COMMAND: POST /session/a230b9fa5e58e47def27534e3d005bf9/elements - {"using":"xpath","value":"//bdi[text()=\"OK\"]"}
RESULT: {"using":"xpath","value":"//bdi[text()=\"OK\"]"}
COMMAND: POST /session/a230b9fa5e58e47def27534e3d005bf9/elements - {"using":"xpath","value":"//bdi[text()=\"OK\"]"}
RESULT: {"using":"xpath","value":"//bdi[text()=\"OK\"]"}
COMMAND: POST /session/a230b9fa5e58e47def27534e3d005bf9/elements - {"using":"xpath","value":"//bdi[text()=\"OK\"]"}
RESULT: {"using":"xpath","value":"//bdi[text()=\"OK\"]"}
COMMAND: POST /session/a230b9fa5e58e47def27534e3d005bf9/elements - {"using":"xpath","value":"//bdi[text()=\"OK\"]"}
RESULT: {"using":"xpath","value":"//bdi[text()=\"OK\"]"}
COMMAND: POST /session/a230b9fa5e58e47def27534e3d005bf9/elements - {"using":"xpath","value":"//bdi[text()=\"OK\"]"}
RESULT: {"using":"xpath","value":"//bdi[text()=\"OK\"]"}
COMMAND: POST /session/a230b9fa5e58e47def27534e3d005bf9/elements - {"using":"xpath","value":"//bdi[text()=\"OK\"]"}
RESULT: {"using":"xpath","value":"//bdi[text()=\"OK\"]"}
COMMAND: POST /session/a230b9fa5e58e47def27534e3d005bf9/elements - {"using":"xpath","value":"//bdi[text()=\"OK\"]"}
RESULT: {"using":"xpath","value":"//bdi[text()=\"OK\"]"}
COMMAND: POST /session/a230b9fa5e58e47def27534e3d005bf9/elements - {"using":"xpath","value":"//bdi[text()=\"OK\"]"}
RESULT: {"using":"xpath","value":"//bdi[text()=\"OK\"]"}
COMMAND: POST /session/a230b9fa5e58e47def27534e3d005bf9/elements - {"using":"xpath","value":"//bdi[text()=\"OK\"]"}
RESULT: {"using":"xpath","value":"//bdi[text()=\"OK\"]"}
COMMAND: POST /session/a230b9fa5e58e47def27534e3d005bf9/elements - {"using":"xpath","value":"//bdi[text()=\"OK\"]"}
RESULT: {"using":"xpath","value":"//bdi[text()=\"OK\"]"}
COMMAND: POST /session/a230b9fa5e58e47def27534e3d005bf9/elements - {"using":"xpath","value":"//bdi[text()=\"OK\"]"}
RESULT: {"using":"xpath","value":"//bdi[text()=\"OK\"]"}
COMMAND: POST /session/a230b9fa5e58e47def27534e3d005bf9/elements - {"using":"xpath","value":"//bdi[text()=\"OK\"]"}
RESULT: {"using":"xpath","value":"//bdi[text()=\"OK\"]"}
COMMAND: POST /session/a230b9fa5e58e47def27534e3d005bf9/elements - {"using":"xpath","value":"//bdi[text()=\"OK\"]"}
RESULT: {"using":"xpath","value":"//bdi[text()=\"OK\"]"}
COMMAND: POST /session/a230b9fa5e58e47def27534e3d005bf9/elements - {"using":"xpath","value":"//bdi[text()=\"OK\"]"}
COMMAND: POST /session/a230b9fa5e58e47def27534e3d005bf9/element - {"using":"xpath","value":"//bdi[text()=\"OK\"]"}
RESULT: {"using":"xpath","value":"//bdi[text()=\"OK\"]"}
RESULT: {"using":"xpath","value":"//bdi[text()=\"OK\"]"}
COMMAND: POST /session/a230b9fa5e58e47def27534e3d005bf9/elements - {"using":"xpath","value":"//bdi[text()=\"OK\"]"}
RESULT: {"using":"xpath","value":"//bdi[text()=\"OK\"]"}
COMMAND: POST /session/a230b9fa5e58e47def27534e3d005bf9/elements - {"using":"xpath","value":"//bdi[text()=\"OK\"]"}
RESULT: {"using":"xpath","value":"//bdi[text()=\"OK\"]"}
COMMAND: POST /session/a230b9fa5e58e47def27534e3d005bf9/elements - {"using":"xpath","value":"//bdi[text()=\"OK\"]"}
RESULT: {"using":"xpath","value":"//bdi[text()=\"OK\"]"}
COMMAND: POST /session/a230b9fa5e58e47def27534e3d005bf9/elements - {"using":"xpath","value":"//bdi[text()=\"OK\"]"}
RESULT: {"using":"xpath","value":"//bdi[text()=\"OK\"]"}
COMMAND: POST /session/a230b9fa5e58e47def27534e3d005bf9/elements - {"using":"xpath","value":"//bdi[text()=\"OK\"]"}
RESULT: {"using":"xpath","value":"//bdi[text()=\"OK\"]"}
COMMAND: POST /session/a230b9fa5e58e47def27534e3d005bf9/elements - {"using":"xpath","value":"//bdi[text()=\"OK\"]"}
RESULT: {"using":"xpath","value":"//bdi[text()=\"OK\"]"}
COMMAND: POST /session/a230b9fa5e58e47def27534e3d005bf9/elements - {"using":"xpath","value":"//bdi[text()=\"OK\"]"}
RESULT: {"using":"xpath","value":"//bdi[text()=\"OK\"]"}
COMMAND: POST /session/a230b9fa5e58e47def27534e3d005bf9/elements - {"using":"xpath","value":"//bdi[text()=\"OK\"]"}
RESULT: {"using":"xpath","value":"//bdi[text()=\"OK\"]"}
COMMAND: POST /session/a230b9fa5e58e47def27534e3d005bf9/elements - {"using":"xpath","value":"//bdi[text()=\"OK\"]"}
RESULT: {"using":"xpath","value":"//bdi[text()=\"OK\"]"}
COMMAND: POST /session/a230b9fa5e58e47def27534e3d005bf9/elements - {"using":"xpath","value":"//bdi[text()=\"OK\"]"}
RESULT: {"using":"xpath","value":"//bdi[text()=\"OK\"]"}
COMMAND: POST /session/a230b9fa5e58e47def27534e3d005bf9/elements - {"using":"xpath","value":"//bdi[text()=\"OK\"]"}
RESULT: {"using":"xpath","value":"//bdi[text()=\"OK\"]"}
COMMAND: POST /session/a230b9fa5e58e47def27534e3d005bf9/elements - {"using":"xpath","value":"//bdi[text()=\"OK\"]"}
RESULT: {"using":"xpath","value":"//bdi[text()=\"OK\"]"}
COMMAND: POST /session/a230b9fa5e58e47def27534e3d005bf9/elements - {"using":"xpath","value":"//bdi[text()=\"OK\"]"}
RESULT: {"using":"xpath","value":"//bdi[text()=\"OK\"]"}
COMMAND: POST /session/a230b9fa5e58e47def27534e3d005bf9/elements - {"using":"xpath","value":"//bdi[text()=\"OK\"]"}
RESULT: {"using":"xpath","value":"//bdi[text()=\"OK\"]"}
COMMAND: POST /session/a230b9fa5e58e47def27534e3d005bf9/elements - {"using":"xpath","value":"//bdi[text()=\"OK\"]"}
RESULT: {"using":"xpath","value":"//bdi[text()=\"OK\"]"}
COMMAND: POST /session/a230b9fa5e58e47def27534e3d005bf9/elements - {"using":"xpath","value":"//bdi[text()=\"OK\"]"}
RESULT: {"using":"xpath","value":"//bdi[text()=\"OK\"]"}
COMMAND: POST /session/a230b9fa5e58e47def27534e3d005bf9/elements - {"using":"xpath","value":"//bdi[text()=\"OK\"]"}
RESULT: {"using":"xpath","value":"//bdi[text()=\"OK\"]"}
COMMAND: POST /session/a230b9fa5e58e47def27534e3d005bf9/elements - {"using":"xpath","value":"//bdi[text()=\"OK\"]"}
RESULT: {"using":"xpath","value":"//bdi[text()=\"OK\"]"}
COMMAND: POST /session/a230b9fa5e58e47def27534e3d005bf9/elements - {"using":"xpath","value":"//bdi[text()=\"OK\"]"}
RESULT: {"using":"xpath","value":"//bdi[text()=\"OK\"]"}
COMMAND: POST /session/a230b9fa5e58e47def27534e3d005bf9/elements - {"using":"xpath","value":"//bdi[text()=\"OK\"]"}
RESULT: {"using":"xpath","value":"//bdi[text()=\"OK\"]"}
COMMAND: POST /session/a230b9fa5e58e47def27534e3d005bf9/elements - {"using":"xpath","value":"//bdi[text()=\"OK\"]"}
RESULT: {"using":"xpath","value":"//bdi[text()=\"OK\"]"}
COMMAND: POST /session/a230b9fa5e58e47def27534e3d005bf9/elements - {"using":"xpath","value":"//bdi[text()=\"OK\"]"}
RESULT: {"using":"xpath","value":"//bdi[text()=\"OK\"]"}
COMMAND: POST /session/a230b9fa5e58e47def27534e3d005bf9/elements - {"using":"xpath","value":"//bdi[text()=\"OK\"]"}
RESULT: {"using":"xpath","value":"//bdi[text()=\"OK\"]"}
COMMAND: POST /session/a230b9fa5e58e47def27534e3d005bf9/elements - {"using":"xpath","value":"//bdi[text()=\"OK\"]"}
RESULT: {"using":"xpath","value":"//bdi[text()=\"OK\"]"}
COMMAND: POST /session/a230b9fa5e58e47def27534e3d005bf9/elements - {"using":"xpath","value":"//bdi[text()=\"OK\"]"}
RESULT: {"using":"xpath","value":"//bdi[text()=\"OK\"]"}
COMMAND: POST /session/a230b9fa5e58e47def27534e3d005bf9/elements - {"using":"xpath","value":"//bdi[text()=\"OK\"]"}
RESULT: {"using":"xpath","value":"//bdi[text()=\"OK\"]"}
COMMAND: POST /session/a230b9fa5e58e47def27534e3d005bf9/elements - {"using":"xpath","value":"//bdi[text()=\"OK\"]"}
RESULT: {"using":"xpath","value":"//bdi[text()=\"OK\"]"}
COMMAND: POST /session/a230b9fa5e58e47def27534e3d005bf9/elements - {"using":"xpath","value":"//bdi[text()=\"OK\"]"}
RESULT: {"using":"xpath","value":"//bdi[text()=\"OK\"]"}
COMMAND: POST /session/a230b9fa5e58e47def27534e3d005bf9/elements - {"using":"xpath","value":"//bdi[text()=\"OK\"]"}
RESULT: {"using":"xpath","value":"//bdi[text()=\"OK\"]"}
COMMAND: POST /session/a230b9fa5e58e47def27534e3d005bf9/elements - {"using":"xpath","value":"//bdi[text()=\"OK\"]"}
RESULT: {"using":"xpath","value":"//bdi[text()=\"OK\"]"}
COMMAND: POST /session/a230b9fa5e58e47def27534e3d005bf9/elements - {"using":"xpath","value":"//bdi[text()=\"OK\"]"}
RESULT: {"using":"xpath","value":"//bdi[text()=\"OK\"]"}
COMMAND: POST /session/a230b9fa5e58e47def27534e3d005bf9/elements - {"using":"xpath","value":"//bdi[text()=\"OK\"]"}
RESULT: {"using":"xpath","value":"//bdi[text()=\"OK\"]"}
COMMAND: POST /session/a230b9fa5e58e47def27534e3d005bf9/elements - {"using":"xpath","value":"//bdi[text()=\"OK\"]"}
RESULT: {"using":"xpath","value":"//bdi[text()=\"OK\"]"}
COMMAND: POST /session/a230b9fa5e58e47def27534e3d005bf9/elements - {"using":"xpath","value":"//bdi[text()=\"OK\"]"}
RESULT: {"using":"xpath","value":"//bdi[text()=\"OK\"]"}
COMMAND: POST /session/a230b9fa5e58e47def27534e3d005bf9/elements - {"using":"xpath","value":"//bdi[text()=\"OK\"]"}
RESULT: {"using":"xpath","value":"//bdi[text()=\"OK\"]"}
COMMAND: POST /session/a230b9fa5e58e47def27534e3d005bf9/elements - {"using":"xpath","value":"//bdi[text()=\"OK\"]"}
RESULT: {"using":"xpath","value":"//bdi[text()=\"OK\"]"}
COMMAND: POST /session/a230b9fa5e58e47def27534e3d005bf9/elements - {"using":"xpath","value":"//bdi[text()=\"OK\"]"}
RESULT: {"using":"xpath","value":"//bdi[text()=\"OK\"]"}
COMMAND: POST /session/a230b9fa5e58e47def27534e3d005bf9/elements - {"using":"xpath","value":"//bdi[text()=\"OK\"]"}
RESULT: {"using":"xpath","value":"//bdi[text()=\"OK\"]"}
COMMAND: POST /session/a230b9fa5e58e47def27534e3d005bf9/elements - {"using":"xpath","value":"//bdi[text()=\"OK\"]"}
RESULT: {"using":"xpath","value":"//bdi[text()=\"OK\"]"}
COMMAND: POST /session/a230b9fa5e58e47def27534e3d005bf9/elements - {"using":"xpath","value":"//bdi[text()=\"OK\"]"}
RESULT: {"using":"xpath","value":"//bdi[text()=\"OK\"]"}
COMMAND: POST /session/a230b9fa5e58e47def27534e3d005bf9/elements - {"using":"xpath","value":"//bdi[text()=\"OK\"]"}
RESULT: {"using":"xpath","value":"//bdi[text()=\"OK\"]"}
COMMAND: POST /session/a230b9fa5e58e47def27534e3d005bf9/elements - {"using":"xpath","value":"//bdi[text()=\"OK\"]"}
RESULT: {"using":"xpath","value":"//bdi[text()=\"OK\"]"}
COMMAND: POST /session/a230b9fa5e58e47def27534e3d005bf9/elements - {"using":"xpath","value":"//bdi[text()=\"OK\"]"}
RESULT: {"using":"xpath","value":"//bdi[text()=\"OK\"]"}
COMMAND: POST /session/a230b9fa5e58e47def27534e3d005bf9/elements - {"using":"xpath","value":"//bdi[text()=\"OK\"]"}
RESULT: {"using":"xpath","value":"//bdi[text()=\"OK\"]"}
COMMAND: POST /session/a230b9fa5e58e47def27534e3d005bf9/elements - {"using":"xpath","value":"//bdi[text()=\"OK\"]"}
RESULT: {"using":"xpath","value":"//bdi[text()=\"OK\"]"}
COMMAND: POST /session/a230b9fa5e58e47def27534e3d005bf9/elements - {"using":"xpath","value":"//bdi[text()=\"OK\"]"}
RESULT: {"using":"xpath","value":"//bdi[text()=\"OK\"]"}
COMMAND: POST /session/a230b9fa5e58e47def27534e3d005bf9/elements - {"using":"xpath","value":"//bdi[text()=\"OK\"]"}
RESULT: {"using":"xpath","value":"//bdi[text()=\"OK\"]"}
COMMAND: POST /session/a230b9fa5e58e47def27534e3d005bf9/elements - {"using":"xpath","value":"//bdi[text()=\"OK\"]"}
RESULT: {"using":"xpath","value":"//bdi[text()=\"OK\"]"}
COMMAND: POST /session/a230b9fa5e58e47def27534e3d005bf9/elements - {"using":"xpath","value":"//bdi[text()=\"OK\"]"}
RESULT: {"using":"xpath","value":"//bdi[text()=\"OK\"]"}
COMMAND: POST /session/a230b9fa5e58e47def27534e3d005bf9/elements - {"using":"xpath","value":"//bdi[text()=\"OK\"]"}
RESULT: {"using":"xpath","value":"//bdi[text()=\"OK\"]"}
COMMAND: POST /session/a230b9fa5e58e47def27534e3d005bf9/elements - {"using":"xpath","value":"//bdi[text()=\"OK\"]"}
RESULT: {"using":"xpath","value":"//bdi[text()=\"OK\"]"}
COMMAND: POST /session/a230b9fa5e58e47def27534e3d005bf9/elements - {"using":"xpath","value":"//bdi[text()=\"OK\"]"}
RESULT: {"using":"xpath","value":"//bdi[text()=\"OK\"]"}
COMMAND: POST /session/a230b9fa5e58e47def27534e3d005bf9/elements - {"using":"xpath","value":"//bdi[text()=\"OK\"]"}
RESULT: {"using":"xpath","value":"//bdi[text()=\"OK\"]"}
COMMAND: POST /session/a230b9fa5e58e47def27534e3d005bf9/elements - {"using":"xpath","value":"//bdi[text()=\"OK\"]"}
RESULT: {"using":"xpath","value":"//bdi[text()=\"OK\"]"}
COMMAND: POST /session/a230b9fa5e58e47def27534e3d005bf9/elements - {"using":"xpath","value":"//bdi[text()=\"OK\"]"}
RESULT: {"using":"xpath","value":"//bdi[text()=\"OK\"]"}
COMMAND: POST /session/a230b9fa5e58e47def27534e3d005bf9/elements - {"using":"xpath","value":"//bdi[text()=\"OK\"]"}
RESULT: {"using":"xpath","value":"//bdi[text()=\"OK\"]"}
COMMAND: POST /session/a230b9fa5e58e47def27534e3d005bf9/elements - {"using":"xpath","value":"//bdi[text()=\"OK\"]"}
RESULT: {"using":"xpath","value":"//bdi[text()=\"OK\"]"}
COMMAND: POST /session/a230b9fa5e58e47def27534e3d005bf9/elements - {"using":"xpath","value":"//bdi[text()=\"OK\"]"}
RESULT: {"using":"xpath","value":"//bdi[text()=\"OK\"]"}
COMMAND: POST /session/a230b9fa5e58e47def27534e3d005bf9/elements - {"using":"xpath","value":"//bdi[text()=\"OK\"]"}
RESULT: {"using":"xpath","value":"//bdi[text()=\"OK\"]"}
COMMAND: POST /session/a230b9fa5e58e47def27534e3d005bf9/elements - {"using":"xpath","value":"//bdi[text()=\"OK\"]"}
RESULT: {"using":"xpath","value":"//bdi[text()=\"OK\"]"}
COMMAND: POST /session/a230b9fa5e58e47def27534e3d005bf9/elements - {"using":"xpath","value":"//bdi[text()=\"OK\"]"}
RESULT: {"using":"xpath","value":"//bdi[text()=\"OK\"]"}
COMMAND: POST /session/a230b9fa5e58e47def27534e3d005bf9/elements - {"using":"xpath","value":"//bdi[text()=\"OK\"]"}
RESULT: {"using":"xpath","value":"//bdi[text()=\"OK\"]"}
COMMAND: POST /session/a230b9fa5e58e47def27534e3d005bf9/elements - {"using":"xpath","value":"//bdi[text()=\"OK\"]"}
RESULT: {"using":"xpath","value":"//bdi[text()=\"OK\"]"}
COMMAND: POST /session/a230b9fa5e58e47def27534e3d005bf9/elements - {"using":"xpath","value":"//bdi[text()=\"OK\"]"}
RESULT: {"using":"xpath","value":"//bdi[text()=\"OK\"]"}
COMMAND: POST /session/a230b9fa5e58e47def27534e3d005bf9/elements - {"using":"xpath","value":"//bdi[text()=\"OK\"]"}
RESULT: {"using":"xpath","value":"//bdi[text()=\"OK\"]"}
COMMAND: POST /session/a230b9fa5e58e47def27534e3d005bf9/elements - {"using":"xpath","value":"//bdi[text()=\"OK\"]"}
RESULT: {"using":"xpath","value":"//bdi[text()=\"OK\"]"}
COMMAND: POST /session/a230b9fa5e58e47def27534e3d005bf9/elements - {"using":"xpath","value":"//bdi[text()=\"OK\"]"}
RESULT: {"using":"xpath","value":"//bdi[text()=\"OK\"]"}
COMMAND: POST /session/a230b9fa5e58e47def27534e3d005bf9/elements - {"using":"xpath","value":"//bdi[text()=\"OK\"]"}
RESULT: {"using":"xpath","value":"//bdi[text()=\"OK\"]"}
COMMAND: POST /session/a230b9fa5e58e47def27534e3d005bf9/elements - {"using":"xpath","value":"//bdi[text()=\"OK\"]"}
RESULT: {"using":"xpath","value":"//bdi[text()=\"OK\"]"}
COMMAND: POST /session/a230b9fa5e58e47def27534e3d005bf9/elements - {"using":"xpath","value":"//bdi[text()=\"OK\"]"}
RESULT: {"using":"xpath","value":"//bdi[text()=\"OK\"]"}
COMMAND: POST /session/a230b9fa5e58e47def27534e3d005bf9/elements - {"using":"xpath","value":"//bdi[text()=\"OK\"]"}
RESULT: {"using":"xpath","value":"//bdi[text()=\"OK\"]"}
COMMAND: POST /session/a230b9fa5e58e47def27534e3d005bf9/elements - {"using":"xpath","value":"//bdi[text()=\"OK\"]"}
RESULT: {"using":"xpath","value":"//bdi[text()=\"OK\"]"}
COMMAND: POST /session/a230b9fa5e58e47def27534e3d005bf9/elements - {"using":"xpath","value":"//bdi[text()=\"OK\"]"}
RESULT: {"using":"xpath","value":"//bdi[text()=\"OK\"]"}
COMMAND: POST /session/a230b9fa5e58e47def27534e3d005bf9/elements - {"using":"xpath","value":"//bdi[text()=\"OK\"]"}
RESULT: {"using":"xpath","value":"//bdi[text()=\"OK\"]"}
COMMAND: POST /session/a230b9fa5e58e47def27534e3d005bf9/elements - {"using":"xpath","value":"//bdi[text()=\"OK\"]"}
RESULT: {"using":"xpath","value":"//bdi[text()=\"OK\"]"}
COMMAND: POST /session/a230b9fa5e58e47def27534e3d005bf9/elements - {"using":"xpath","value":"//bdi[text()=\"OK\"]"}
RESULT: {"using":"xpath","value":"//bdi[text()=\"OK\"]"}
COMMAND: POST /session/a230b9fa5e58e47def27534e3d005bf9/elements - {"using":"xpath","value":"//bdi[text()=\"OK\"]"}
RESULT: {"using":"xpath","value":"//bdi[text()=\"OK\"]"}
COMMAND: POST /session/a230b9fa5e58e47def27534e3d005bf9/elements - {"using":"xpath","value":"//bdi[text()=\"OK\"]"}
RESULT: {"using":"xpath","value":"//bdi[text()=\"OK\"]"}
COMMAND: POST /session/a230b9fa5e58e47def27534e3d005bf9/elements - {"using":"xpath","value":"//bdi[text()=\"OK\"]"}
RESULT: {"using":"xpath","value":"//bdi[text()=\"OK\"]"}
COMMAND: POST /session/a230b9fa5e58e47def27534e3d005bf9/elements - {"using":"xpath","value":"//bdi[text()=\"OK\"]"}
RESULT: {"using":"xpath","value":"//bdi[text()=\"OK\"]"}
COMMAND: POST /session/a230b9fa5e58e47def27534e3d005bf9/elements - {"using":"xpath","value":"//bdi[text()=\"OK\"]"}
RESULT: {"using":"xpath","value":"//bdi[text()=\"OK\"]"}
COMMAND: POST /session/a230b9fa5e58e47def27534e3d005bf9/elements - {"using":"xpath","value":"//bdi[text()=\"OK\"]"}
RESULT: {"using":"xpath","value":"//bdi[text()=\"OK\"]"}
COMMAND: POST /session/a230b9fa5e58e47def27534e3d005bf9/elements - {"using":"xpath","value":"//bdi[text()=\"OK\"]"}
RESULT: {"using":"xpath","value":"//bdi[text()=\"OK\"]"}
COMMAND: POST /session/a230b9fa5e58e47def27534e3d005bf9/elements - {"using":"xpath","value":"//bdi[text()=\"OK\"]"}
RESULT: {"using":"xpath","value":"//bdi[text()=\"OK\"]"}
COMMAND: POST /session/a230b9fa5e58e47def27534e3d005bf9/elements - {"using":"xpath","value":"//bdi[text()=\"OK\"]"}
RESULT: {"using":"xpath","value":"//bdi[text()=\"OK\"]"}
COMMAND: POST /session/a230b9fa5e58e47def27534e3d005bf9/elements - {"using":"xpath","value":"//bdi[text()=\"OK\"]"}
RESULT: {"using":"xpath","value":"//bdi[text()=\"OK\"]"}
COMMAND: POST /session/a230b9fa5e58e47def27534e3d005bf9/elements - {"using":"xpath","value":"//bdi[text()=\"OK\"]"}
RESULT: {"using":"xpath","value":"//bdi[text()=\"OK\"]"}
COMMAND: POST /session/a230b9fa5e58e47def27534e3d005bf9/elements - {"using":"xpath","value":"//bdi[text()=\"OK\"]"}
RESULT: {"using":"xpath","value":"//bdi[text()=\"OK\"]"}
COMMAND: POST /session/a230b9fa5e58e47def27534e3d005bf9/elements - {"using":"xpath","value":"//bdi[text()=\"OK\"]"}
RESULT: {"using":"xpath","value":"//bdi[text()=\"OK\"]"}
COMMAND: POST /session/a230b9fa5e58e47def27534e3d005bf9/elements - {"using":"xpath","value":"//bdi[text()=\"OK\"]"}
RESULT: {"using":"xpath","value":"//bdi[text()=\"OK\"]"}
COMMAND: POST /session/a230b9fa5e58e47def27534e3d005bf9/elements - {"using":"xpath","value":"//bdi[text()=\"OK\"]"}
RESULT: {"using":"xpath","value":"//bdi[text()=\"OK\"]"}
COMMAND: POST /session/a230b9fa5e58e47def27534e3d005bf9/elements - {"using":"xpath","value":"//bdi[text()=\"OK\"]"}
RESULT: {"using":"xpath","value":"//bdi[text()=\"OK\"]"}
COMMAND: POST /session/a230b9fa5e58e47def27534e3d005bf9/elements - {"using":"xpath","value":"//bdi[text()=\"OK\"]"}
RESULT: {"using":"xpath","value":"//bdi[text()=\"OK\"]"}
COMMAND: POST /session/a230b9fa5e58e47def27534e3d005bf9/elements - {"using":"xpath","value":"//bdi[text()=\"OK\"]"}
RESULT: {"using":"xpath","value":"//bdi[text()=\"OK\"]"}
COMMAND: POST /session/a230b9fa5e58e47def27534e3d005bf9/elements - {"using":"xpath","value":"//bdi[text()=\"OK\"]"}
RESULT: {"using":"xpath","value":"//bdi[text()=\"OK\"]"}
COMMAND: POST /session/a230b9fa5e58e47def27534e3d005bf9/elements - {"using":"xpath","value":"//bdi[text()=\"OK\"]"}
RESULT: {"using":"xpath","value":"//bdi[text()=\"OK\"]"}
COMMAND: POST /session/a230b9fa5e58e47def27534e3d005bf9/elements - {"using":"xpath","value":"//bdi[text()=\"OK\"]"}
RESULT: {"using":"xpath","value":"//bdi[text()=\"OK\"]"}
COMMAND: POST /session/a230b9fa5e58e47def27534e3d005bf9/elements - {"using":"xpath","value":"//bdi[text()=\"OK\"]"}
RESULT: {"using":"xpath","value":"//bdi[text()=\"OK\"]"}
COMMAND: POST /session/a230b9fa5e58e47def27534e3d005bf9/elements - {"using":"xpath","value":"//bdi[text()=\"OK\"]"}
RESULT: {"using":"xpath","value":"//bdi[text()=\"OK\"]"}
COMMAND: POST /session/a230b9fa5e58e47def27534e3d005bf9/elements - {"using":"xpath","value":"//bdi[text()=\"OK\"]"}
RESULT: {"using":"xpath","value":"//bdi[text()=\"OK\"]"}
COMMAND: POST /session/a230b9fa5e58e47def27534e3d005bf9/elements - {"using":"xpath","value":"//bdi[text()=\"OK\"]"}
RESULT: {"using":"xpath","value":"//bdi[text()=\"OK\"]"}
COMMAND: POST /session/a230b9fa5e58e47def27534e3d005bf9/elements - {"using":"xpath","value":"//bdi[text()=\"OK\"]"}
RESULT: {"using":"xpath","value":"//bdi[text()=\"OK\"]"}
COMMAND: POST /session/a230b9fa5e58e47def27534e3d005bf9/elements - {"using":"xpath","value":"//bdi[text()=\"OK\"]"}
RESULT: {"using":"xpath","value":"//bdi[text()=\"OK\"]"}
COMMAND: POST /session/a230b9fa5e58e47def27534e3d005bf9/elements - {"using":"xpath","value":"//bdi[text()=\"OK\"]"}
RESULT: {"using":"xpath","value":"//bdi[text()=\"OK\"]"}
COMMAND: POST /session/a230b9fa5e58e47def27534e3d005bf9/elements - {"using":"xpath","value":"//bdi[text()=\"OK\"]"}
RESULT: {"using":"xpath","value":"//bdi[text()=\"OK\"]"}
COMMAND: POST /session/a230b9fa5e58e47def27534e3d005bf9/elements - {"using":"xpath","value":"//bdi[text()=\"OK\"]"}
RESULT: {"using":"xpath","value":"//bdi[text()=\"OK\"]"}
COMMAND: POST /session/a230b9fa5e58e47def27534e3d005bf9/elements - {"using":"xpath","value":"//bdi[text()=\"OK\"]"}
RESULT: {"using":"xpath","value":"//bdi[text()=\"OK\"]"}
COMMAND: POST /session/a230b9fa5e58e47def27534e3d005bf9/elements - {"using":"xpath","value":"//bdi[text()=\"OK\"]"}
RESULT: {"using":"xpath","value":"//bdi[text()=\"OK\"]"}
COMMAND: POST /session/a230b9fa5e58e47def27534e3d005bf9/elements - {"using":"xpath","value":"//bdi[text()=\"OK\"]"}
RESULT: {"using":"xpath","value":"//bdi[text()=\"OK\"]"}
COMMAND: POST /session/a230b9fa5e58e47def27534e3d005bf9/elements - {"using":"xpath","value":"//bdi[text()=\"OK\"]"}
RESULT: {"using":"xpath","value":"//bdi[text()=\"OK\"]"}
COMMAND: POST /session/a230b9fa5e58e47def27534e3d005bf9/elements - {"using":"xpath","value":"//bdi[text()=\"OK\"]"}
RESULT: {"using":"xpath","value":"//bdi[text()=\"OK\"]"}
COMMAND: POST /session/a230b9fa5e58e47def27534e3d005bf9/elements - {"using":"xpath","value":"//bdi[text()=\"OK\"]"}
RESULT: {"using":"xpath","value":"//bdi[text()=\"OK\"]"}
COMMAND: POST /session/a230b9fa5e58e47def27534e3d005bf9/elements - {"using":"xpath","value":"//bdi[text()=\"OK\"]"}
RESULT: {"using":"xpath","value":"//bdi[text()=\"OK\"]"}
COMMAND: POST /session/a230b9fa5e58e47def27534e3d005bf9/elements - {"using":"xpath","value":"//bdi[text()=\"OK\"]"}
RESULT: {"using":"xpath","value":"//bdi[text()=\"OK\"]"}
COMMAND: POST /session/a230b9fa5e58e47def27534e3d005bf9/elements - {"using":"xpath","value":"//bdi[text()=\"OK\"]"}
RESULT: {"using":"xpath","value":"//bdi[text()=\"OK\"]"}
COMMAND: POST /session/a230b9fa5e58e47def27534e3d005bf9/elements - {"using":"xpath","value":"//bdi[text()=\"OK\"]"}
RESULT: {"using":"xpath","value":"//bdi[text()=\"OK\"]"}
COMMAND: POST /session/a230b9fa5e58e47def27534e3d005bf9/elements - {"using":"xpath","value":"//bdi[text()=\"OK\"]"}
RESULT: {"using":"xpath","value":"//bdi[text()=\"OK\"]"}
COMMAND: POST /session/a230b9fa5e58e47def27534e3d005bf9/elements - {"using":"xpath","value":"//bdi[text()=\"OK\"]"}
RESULT: {"using":"xpath","value":"//bdi[text()=\"OK\"]"}
COMMAND: POST /session/a230b9fa5e58e47def27534e3d005bf9/elements - {"using":"xpath","value":"//bdi[text()=\"OK\"]"}
RESULT: {"using":"xpath","value":"//bdi[text()=\"OK\"]"}
COMMAND: POST /session/a230b9fa5e58e47def27534e3d005bf9/elements - {"using":"xpath","value":"//bdi[text()=\"OK\"]"}
RESULT: {"using":"xpath","value":"//bdi[text()=\"OK\"]"}
COMMAND: POST /session/a230b9fa5e58e47def27534e3d005bf9/execute/async - {"script":"<script> [1562 bytes]","args":[{"selector":{"id":"application-manageresources-display-component---newResourceUnit--TYPE-arrow"},"wdio_ui5_key":"applicationmanageresources-display-component---newResourceUnit--TYPE-arrow"}]}
RESULT: {"script":"<script> [1562 bytes]","args":[{"selector":{"id":"application-manageresources-display-component---newResourceUnit--TYPE-arrow"},"wdio_ui5_key":"applicationmanageresources-display-component---newResourceUnit--TYPE-arrow"}]}
RESULT: undefined
COMMAND: POST /session/a230b9fa5e58e47def27534e3d005bf9/element - {"using":"xpath","value":"//*[@id=\"application-manageresources-display-component---newResourceUnit--TYPE-arrow\"]"}
RESULT: {"using":"xpath","value":"//*[@id=\"application-manageresources-display-component---newResourceUnit--TYPE-arrow\"]"}
COMMAND: POST /session/a230b9fa5e58e47def27534e3d005bf9/element/f.5A792F38359A1C743AD3061B3E5B94B4.d.9B367FACB4BBC20D8352790AB94D5329.e.3077/click - {}
RESULT: {}
COMMAND: POST /session/a230b9fa5e58e47def27534e3d005bf9/execute/async - {"script":"<script> [1562 bytes]","args":[{"selector":{"controlType":"sap.m.StandardListItem","viewName":"reusables.view.manageresources.NewResourceUnit","viewId":"application-manageresources-display-component---newResourceUnit","properties":{"title":"Material"},"searchOpenDialogs":true,"interaction":{"idSuffix":"titleText"}},"wdio_ui5_key":"reusablesview.manageresources.NewResourceUnitsap.m.StandardListItem{\"title\":\"Material\"}"}]}
COMMAND: GET /session/a230b9fa5e58e47def27534e3d005bf9/screenshot - {}
RESULT: {"script":"<script> [1562 bytes]","args":[{"selector":{"controlType":"sap.m.StandardListItem","viewName":"reusables.view.manageresources.NewResourceUnit","viewId":"application-manageresources-display-component---newResourceUnit","properties":{"title":"Material"},"searchOpenDialogs":true,"interaction":{"idSuffix":"titleText"}},"wdio_ui5_key":"reusablesview.manageresources.NewResourceUnitsap.m.StandardListItem{\"title\":\"Material\"}"}]}
RESULT: undefined
COMMAND: POST /session/a230b9fa5e58e47def27534e3d005bf9/element - {"using":"xpath","value":"//*[@id=\"__item829\"]"}
RESULT: {}
RESULT: {"using":"xpath","value":"//*[@id=\"__item829\"]"}
COMMAND: POST /session/a230b9fa5e58e47def27534e3d005bf9/element/f.5A792F38359A1C743AD3061B3E5B94B4.d.9B367FACB4BBC20D8352790AB94D5329.e.3080/click - {}
RESULT: {}
COMMAND: GET /session/a230b9fa5e58e47def27534e3d005bf9/screenshot - {}
RESULT: {}
COMMAND: POST /session/a230b9fa5e58e47def27534e3d005bf9/execute/async - {"script":"<script> [1562 bytes]","args":[{"selector":{"id":"application-manageresources-display-component---newResourceUnit--newRRUPage-OPHeaderContent-collapseBtn-img"},"wdio_ui5_key":"applicationmanageresources-display-component---newResourceUnit--newRRUPage-OPHeaderContent-collapseBtn-img"}]}
RESULT: {"script":"<script> [1562 bytes]","args":[{"selector":{"id":"application-manageresources-display-component---newResourceUnit--newRRUPage-OPHeaderContent-collapseBtn-img"},"wdio_ui5_key":"applicationmanageresources-display-component---newResourceUnit--newRRUPage-OPHeaderContent-collapseBtn-img"}]}
RESULT: undefined
COMMAND: POST /session/a230b9fa5e58e47def27534e3d005bf9/element - {"using":"xpath","value":"//*[@id=\"application-manageresources-display-component---newResourceUnit--newRRUPage-OPHeaderContent-collapseBtn-img\"]"}
RESULT: {"using":"xpath","value":"//*[@id=\"application-manageresources-display-component---newResourceUnit--newRRUPage-OPHeaderContent-collapseBtn-img\"]"}
COMMAND: POST /session/a230b9fa5e58e47def27534e3d005bf9/element/f.5A792F38359A1C743AD3061B3E5B94B4.d.9B367FACB4BBC20D8352790AB94D5329.e.3087/click - {}
RESULT: {}
COMMAND: GET /session/a230b9fa5e58e47def27534e3d005bf9/screenshot - {}
RESULT: {}
COMMAND: POST /session/a230b9fa5e58e47def27534e3d005bf9/execute/async - {"script":"<script> [1562 bytes]","args":[{"selector":{"id":"application-manageresources-display-component---newResourceUnit--SHORT_TEXT","interaction":{"idSuffix":"inner"}},"wdio_ui5_key":"applicationmanageresources-display-component---newResourceUnit--SHORT_TEXT"}]}
RESULT: {"script":"<script> [1562 bytes]","args":[{"selector":{"id":"application-manageresources-display-component---newResourceUnit--SHORT_TEXT","interaction":{"idSuffix":"inner"}},"wdio_ui5_key":"applicationmanageresources-display-component---newResourceUnit--SHORT_TEXT"}]}
RESULT: undefined
COMMAND: POST /session/a230b9fa5e58e47def27534e3d005bf9/execute/async - {"script":"<script> [776 bytes]","args":[{"enterText":"WebdriverWHM_RUR2Comfc6i","selector":{"id":"application-manageresources-display-component---newResourceUnit--SHORT_TEXT","interaction":{"idSuffix":"inner"}},"clearTextFirst":true,"interactionType":"ENTER_TEXT"}]}
RESULT: {"script":"<script> [776 bytes]","args":[{"enterText":"WebdriverWHM_RUR2Comfc6i","selector":{"id":"application-manageresources-display-component---newResourceUnit--SHORT_TEXT","interaction":{"idSuffix":"inner"}},"clearTextFirst":true,"interactionType":"ENTER_TEXT"}]}
COMMAND: POST /session/a230b9fa5e58e47def27534e3d005bf9/execute/async - {"script":"<script> [1562 bytes]","args":[{"selector":{"id":"application-manageresources-display-component---newResourceUnit--BASE_UNIT_OF_MEASURE-arrow"},"wdio_ui5_key":"applicationmanageresources-display-component---newResourceUnit--BASE_UNIT_OF_MEASURE-arrow"}]}
RESULT: {"script":"<script> [1562 bytes]","args":[{"selector":{"id":"application-manageresources-display-component---newResourceUnit--BASE_UNIT_OF_MEASURE-arrow"},"wdio_ui5_key":"applicationmanageresources-display-component---newResourceUnit--BASE_UNIT_OF_MEASURE-arrow"}]}
RESULT: undefined
COMMAND: POST /session/a230b9fa5e58e47def27534e3d005bf9/element - {"using":"xpath","value":"//*[@id=\"application-manageresources-display-component---newResourceUnit--BASE_UNIT_OF_MEASURE-arrow\"]"}
RESULT: {"using":"xpath","value":"//*[@id=\"application-manageresources-display-component---newResourceUnit--BASE_UNIT_OF_MEASURE-arrow\"]"}
COMMAND: POST /session/a230b9fa5e58e47def27534e3d005bf9/element/f.5A792F38359A1C743AD3061B3E5B94B4.d.9B367FACB4BBC20D8352790AB94D5329.e.3140/click - {}
RESULT: {}
COMMAND: POST /session/a230b9fa5e58e47def27534e3d005bf9/execute/async - {"script":"<script> [1562 bytes]","args":[{"selector":{"controlType":"sap.m.StandardListItem","viewName":"reusables.view.manageresources.NewResourceUnit","viewId":"application-manageresources-display-component---newResourceUnit","properties":{"title":"Piece"},"searchOpenDialogs":true,"interaction":{"idSuffix":"content"}},"wdio_ui5_key":"reusablesview.manageresources.NewResourceUnitsap.m.StandardListItem{\"title\":\"Piece\"}"}]}
COMMAND: GET /session/a230b9fa5e58e47def27534e3d005bf9/screenshot - {}
RESULT: {"script":"<script> [1562 bytes]","args":[{"selector":{"controlType":"sap.m.StandardListItem","viewName":"reusables.view.manageresources.NewResourceUnit","viewId":"application-manageresources-display-component---newResourceUnit","properties":{"title":"Piece"},"searchOpenDialogs":true,"interaction":{"idSuffix":"content"}},"wdio_ui5_key":"reusablesview.manageresources.NewResourceUnitsap.m.StandardListItem{\"title\":\"Piece\"}"}]}
RESULT: undefined
COMMAND: POST /session/a230b9fa5e58e47def27534e3d005bf9/element - {"using":"xpath","value":"//*[@id=\"__item873\"]"}
RESULT: {}
RESULT: {"using":"xpath","value":"//*[@id=\"__item873\"]"}
COMMAND: POST /session/a230b9fa5e58e47def27534e3d005bf9/element/f.5A792F38359A1C743AD3061B3E5B94B4.d.9B367FACB4BBC20D8352790AB94D5329.e.3142/click - {}
RESULT: {}
COMMAND: POST /session/a230b9fa5e58e47def27534e3d005bf9/execute/async - {"script":"<script> [1562 bytes]","args":[{"selector":{"id":"application-manageresources-display-component---newResourceUnit--WEIGHT_UNIT-arrow"},"wdio_ui5_key":"applicationmanageresources-display-component---newResourceUnit--WEIGHT_UNIT-arrow"}]}
COMMAND: GET /session/a230b9fa5e58e47def27534e3d005bf9/screenshot - {}
RESULT: {"script":"<script> [1562 bytes]","args":[{"selector":{"id":"application-manageresources-display-component---newResourceUnit--WEIGHT_UNIT-arrow"},"wdio_ui5_key":"applicationmanageresources-display-component---newResourceUnit--WEIGHT_UNIT-arrow"}]}
RESULT: undefined
COMMAND: POST /session/a230b9fa5e58e47def27534e3d005bf9/element - {"using":"xpath","value":"//*[@id=\"application-manageresources-display-component---newResourceUnit--WEIGHT_UNIT-arrow\"]"}
RESULT: {}
RESULT: {"using":"xpath","value":"//*[@id=\"application-manageresources-display-component---newResourceUnit--WEIGHT_UNIT-arrow\"]"}
COMMAND: POST /session/a230b9fa5e58e47def27534e3d005bf9/element/f.5A792F38359A1C743AD3061B3E5B94B4.d.9B367FACB4BBC20D8352790AB94D5329.e.3143/click - {}
RESULT: {}
COMMAND: POST /session/a230b9fa5e58e47def27534e3d005bf9/execute/async - {"script":"<script> [1562 bytes]","args":[{"selector":{"controlType":"sap.m.StandardListItem","viewName":"reusables.view.manageresources.NewResourceUnit","viewId":"application-manageresources-display-component---newResourceUnit","properties":{"title":"Gram"},"searchOpenDialogs":true,"interaction":{"idSuffix":"content"}},"wdio_ui5_key":"reusablesview.manageresources.NewResourceUnitsap.m.StandardListItem{\"title\":\"Gram\"}"}]}
COMMAND: GET /session/a230b9fa5e58e47def27534e3d005bf9/screenshot - {}
RESULT: {"script":"<script> [1562 bytes]","args":[{"selector":{"controlType":"sap.m.StandardListItem","viewName":"reusables.view.manageresources.NewResourceUnit","viewId":"application-manageresources-display-component---newResourceUnit","properties":{"title":"Gram"},"searchOpenDialogs":true,"interaction":{"idSuffix":"content"}},"wdio_ui5_key":"reusablesview.manageresources.NewResourceUnitsap.m.StandardListItem{\"title\":\"Gram\"}"}]}
RESULT: undefined
COMMAND: POST /session/a230b9fa5e58e47def27534e3d005bf9/element - {"using":"xpath","value":"//*[@id=\"__item938\"]"}
RESULT: {}
RESULT: {"using":"xpath","value":"//*[@id=\"__item938\"]"}
COMMAND: POST /session/a230b9fa5e58e47def27534e3d005bf9/element/f.5A792F38359A1C743AD3061B3E5B94B4.d.9B367FACB4BBC20D8352790AB94D5329.e.3145/click - {}
RESULT: {}
COMMAND: POST /session/a230b9fa5e58e47def27534e3d005bf9/element - {"using":"xpath","value":"//bdi[text()='Reference']"}
COMMAND: GET /session/a230b9fa5e58e47def27534e3d005bf9/screenshot - {}
RESULT: {"using":"xpath","value":"//bdi[text()='Reference']"}
COMMAND: GET /session/a230b9fa5e58e47def27534e3d005bf9/element/f.5A792F38359A1C743AD3061B3E5B94B4.d.9B367FACB4BBC20D8352790AB94D5329.e.3146/enabled - {}
RESULT: {}
RESULT: {}
COMMAND: POST /session/a230b9fa5e58e47def27534e3d005bf9/execute/sync - {"script":"<script> [8489 bytes]","args":[{"element-6066-11e4-a52e-4f735466cecf":"f.5A792F38359A1C743AD3061B3E5B94B4.d.9B367FACB4BBC20D8352790AB94D5329.e.3146","ELEMENT":"f.5A792F38359A1C743AD3061B3E5B94B4.d.9B367FACB4BBC20D8352790AB94D5329.e.3146"}]}
COMMAND: GET /session/a230b9fa5e58e47def27534e3d005bf9/screenshot - {}
RESULT: {"script":"<script> [8489 bytes]","args":[{"element-6066-11e4-a52e-4f735466cecf":"f.5A792F38359A1C743AD3061B3E5B94B4.d.9B367FACB4BBC20D8352790AB94D5329.e.3146","ELEMENT":"f.5A792F38359A1C743AD3061B3E5B94B4.d.9B367FACB4BBC20D8352790AB94D5329.e.3146"}]}
COMMAND: POST /session/a230b9fa5e58e47def27534e3d005bf9/execute/sync - {"script":"<script> [5351 bytes]","args":[{"element-6066-11e4-a52e-4f735466cecf":"f.5A792F38359A1C743AD3061B3E5B94B4.d.9B367FACB4BBC20D8352790AB94D5329.e.3146","ELEMENT":"f.5A792F38359A1C743AD3061B3E5B94B4.d.9B367FACB4BBC20D8352790AB94D5329.e.3146"}]}
COMMAND: GET /session/a230b9fa5e58e47def27534e3d005bf9/screenshot - {}
RESULT: {}
RESULT: {"script":"<script> [5351 bytes]","args":[{"element-6066-11e4-a52e-4f735466cecf":"f.5A792F38359A1C743AD3061B3E5B94B4.d.9B367FACB4BBC20D8352790AB94D5329.e.3146","ELEMENT":"f.5A792F38359A1C743AD3061B3E5B94B4.d.9B367FACB4BBC20D8352790AB94D5329.e.3146"}]}
COMMAND: POST /session/a230b9fa5e58e47def27534e3d005bf9/element/f.5A792F38359A1C743AD3061B3E5B94B4.d.9B367FACB4BBC20D8352790AB94D5329.e.3146/click - {}
COMMAND: GET /session/a230b9fa5e58e47def27534e3d005bf9/screenshot - {}
RESULT: {}
RESULT: {}
COMMAND: POST /session/a230b9fa5e58e47def27534e3d005bf9/element - {"using":"xpath","value":"//bdi[text()='General Information']"}
COMMAND: GET /session/a230b9fa5e58e47def27534e3d005bf9/screenshot - {}
RESULT: {}
RESULT: {"using":"xpath","value":"//bdi[text()='General Information']"}
COMMAND: GET /session/a230b9fa5e58e47def27534e3d005bf9/element/f.5A792F38359A1C743AD3061B3E5B94B4.d.9B367FACB4BBC20D8352790AB94D5329.e.3151/enabled - {}
RESULT: {}
RESULT: {}
COMMAND: POST /session/a230b9fa5e58e47def27534e3d005bf9/execute/sync - {"script":"<script> [8489 bytes]","args":[{"element-6066-11e4-a52e-4f735466cecf":"f.5A792F38359A1C743AD3061B3E5B94B4.d.9B367FACB4BBC20D8352790AB94D5329.e.3151","ELEMENT":"f.5A792F38359A1C743AD3061B3E5B94B4.d.9B367FACB4BBC20D8352790AB94D5329.e.3151"}]}
COMMAND: GET /session/a230b9fa5e58e47def27534e3d005bf9/screenshot - {}
RESULT: {"script":"<script> [8489 bytes]","args":[{"element-6066-11e4-a52e-4f735466cecf":"f.5A792F38359A1C743AD3061B3E5B94B4.d.9B367FACB4BBC20D8352790AB94D5329.e.3151","ELEMENT":"f.5A792F38359A1C743AD3061B3E5B94B4.d.9B367FACB4BBC20D8352790AB94D5329.e.3151"}]}
COMMAND: POST /session/a230b9fa5e58e47def27534e3d005bf9/execute/sync - {"script":"<script> [5351 bytes]","args":[{"element-6066-11e4-a52e-4f735466cecf":"f.5A792F38359A1C743AD3061B3E5B94B4.d.9B367FACB4BBC20D8352790AB94D5329.e.3151","ELEMENT":"f.5A792F38359A1C743AD3061B3E5B94B4.d.9B367FACB4BBC20D8352790AB94D5329.e.3151"}]}
COMMAND: GET /session/a230b9fa5e58e47def27534e3d005bf9/screenshot - {}
RESULT: {}
RESULT: {"script":"<script> [5351 bytes]","args":[{"element-6066-11e4-a52e-4f735466cecf":"f.5A792F38359A1C743AD3061B3E5B94B4.d.9B367FACB4BBC20D8352790AB94D5329.e.3151","ELEMENT":"f.5A792F38359A1C743AD3061B3E5B94B4.d.9B367FACB4BBC20D8352790AB94D5329.e.3151"}]}
COMMAND: POST /session/a230b9fa5e58e47def27534e3d005bf9/element/f.5A792F38359A1C743AD3061B3E5B94B4.d.9B367FACB4BBC20D8352790AB94D5329.e.3151/click - {}
COMMAND: GET /session/a230b9fa5e58e47def27534e3d005bf9/screenshot - {}
RESULT: {}
RESULT: {}
COMMAND: POST /session/a230b9fa5e58e47def27534e3d005bf9/execute/async - {"script":"<script> [1562 bytes]","args":[{"selector":{"id":"application-manageresources-display-component---newResourceUnit--DIMENSION_UNIT-arrow"},"wdio_ui5_key":"applicationmanageresources-display-component---newResourceUnit--DIMENSION_UNIT-arrow"}]}
COMMAND: GET /session/a230b9fa5e58e47def27534e3d005bf9/screenshot - {}
RESULT: {}
RESULT: {"script":"<script> [1562 bytes]","args":[{"selector":{"id":"application-manageresources-display-component---newResourceUnit--DIMENSION_UNIT-arrow"},"wdio_ui5_key":"applicationmanageresources-display-component---newResourceUnit--DIMENSION_UNIT-arrow"}]}
RESULT: undefined
COMMAND: POST /session/a230b9fa5e58e47def27534e3d005bf9/element - {"using":"xpath","value":"//*[@id=\"application-manageresources-display-component---newResourceUnit--DIMENSION_UNIT-arrow\"]"}
RESULT: {}
RESULT: {"using":"xpath","value":"//*[@id=\"application-manageresources-display-component---newResourceUnit--DIMENSION_UNIT-arrow\"]"}
COMMAND: POST /session/a230b9fa5e58e47def27534e3d005bf9/element/f.5A792F38359A1C743AD3061B3E5B94B4.d.9B367FACB4BBC20D8352790AB94D5329.e.3155/click - {}
RESULT: {}
COMMAND: GET /session/a230b9fa5e58e47def27534e3d005bf9/screenshot - {}
RESULT: {}
COMMAND: POST /session/a230b9fa5e58e47def27534e3d005bf9/execute/async - {"script":"<script> [1562 bytes]","args":[{"selector":{"controlType":"sap.m.StandardListItem","viewName":"reusables.view.manageresources.NewResourceUnit","viewId":"application-manageresources-display-component---newResourceUnit","properties":{"title":"Centimeter"},"searchOpenDialogs":true,"interaction":{"idSuffix":"titleText"}},"wdio_ui5_key":"reusablesview.manageresources.NewResourceUnitsap.m.StandardListItem{\"title\":\"Centimeter\"}"}]}
RESULT: {"script":"<script> [1562 bytes]","args":[{"selector":{"controlType":"sap.m.StandardListItem","viewName":"reusables.view.manageresources.NewResourceUnit","viewId":"application-manageresources-display-component---newResourceUnit","properties":{"title":"Centimeter"},"searchOpenDialogs":true,"interaction":{"idSuffix":"titleText"}},"wdio_ui5_key":"reusablesview.manageresources.NewResourceUnitsap.m.StandardListItem{\"title\":\"Centimeter\"}"}]}
RESULT: undefined
COMMAND: POST /session/a230b9fa5e58e47def27534e3d005bf9/element - {"using":"xpath","value":"//*[@id=\"__item941\"]"}
RESULT: {"using":"xpath","value":"//*[@id=\"__item941\"]"}
COMMAND: POST /session/a230b9fa5e58e47def27534e3d005bf9/element/f.5A792F38359A1C743AD3061B3E5B94B4.d.9B367FACB4BBC20D8352790AB94D5329.e.3157/click - {}
RESULT: {}
COMMAND: POST /session/a230b9fa5e58e47def27534e3d005bf9/execute/async - {"script":"<script> [1562 bytes]","args":[{"selector":{"id":"application-manageresources-display-component---newResourceUnit--newRRUPage-anchBar-application-manageresources-display-component---newResourceUnit--reference-anchor","interaction":{"idSuffix":"BDI-content"}},"wdio_ui5_key":"applicationmanageresources-display-component---newResourceUnit--newRRUPage-anchBar-application-manageresources-display-component---newResourceUnit--reference-anchor"}]}
COMMAND: GET /session/a230b9fa5e58e47def27534e3d005bf9/screenshot - {}
RESULT: {"script":"<script> [1562 bytes]","args":[{"selector":{"id":"application-manageresources-display-component---newResourceUnit--newRRUPage-anchBar-application-manageresources-display-component---newResourceUnit--reference-anchor","interaction":{"idSuffix":"BDI-content"}},"wdio_ui5_key":"applicationmanageresources-display-component---newResourceUnit--newRRUPage-anchBar-application-manageresources-display-component---newResourceUnit--reference-anchor"}]}
RESULT: undefined
COMMAND: POST /session/a230b9fa5e58e47def27534e3d005bf9/element - {"using":"xpath","value":"//*[@id=\"application-manageresources-display-component---newResourceUnit--newRRUPage-anchBar-application-manageresources-display-component---newResourceUnit--reference-anchor\"]"}
RESULT: {}
RESULT: {"using":"xpath","value":"//*[@id=\"application-manageresources-display-component---newResourceUnit--newRRUPage-anchBar-application-manageresources-display-component---newResourceUnit--reference-anchor\"]"}
COMMAND: POST /session/a230b9fa5e58e47def27534e3d005bf9/element/f.5A792F38359A1C743AD3061B3E5B94B4.d.9B367FACB4BBC20D8352790AB94D5329.e.3147/click - {}
RESULT: {}
COMMAND: POST /session/a230b9fa5e58e47def27534e3d005bf9/execute/async - {"script":"<script> [1562 bytes]","args":[{"selector":{"id":"application-manageresources-display-component---newResourceUnit--PLANNING_GROUP-arrow"},"wdio_ui5_key":"applicationmanageresources-display-component---newResourceUnit--PLANNING_GROUP-arrow"}]}
COMMAND: GET /session/a230b9fa5e58e47def27534e3d005bf9/screenshot - {}
RESULT: {"script":"<script> [1562 bytes]","args":[{"selector":{"id":"application-manageresources-display-component---newResourceUnit--PLANNING_GROUP-arrow"},"wdio_ui5_key":"applicationmanageresources-display-component---newResourceUnit--PLANNING_GROUP-arrow"}]}
RESULT: undefined
COMMAND: POST /session/a230b9fa5e58e47def27534e3d005bf9/element - {"using":"xpath","value":"//*[@id=\"application-manageresources-display-component---newResourceUnit--PLANNING_GROUP-arrow\"]"}
RESULT: {}
RESULT: {"using":"xpath","value":"//*[@id=\"application-manageresources-display-component---newResourceUnit--PLANNING_GROUP-arrow\"]"}
COMMAND: POST /session/a230b9fa5e58e47def27534e3d005bf9/element/f.5A792F38359A1C743AD3061B3E5B94B4.d.9B367FACB4BBC20D8352790AB94D5329.e.3158/click - {}
RESULT: {}
COMMAND: POST /session/a230b9fa5e58e47def27534e3d005bf9/execute/async - {"script":"<script> [1562 bytes]","args":[{"selector":{"controlType":"sap.m.StandardListItem","viewName":"reusables.view.manageresources.NewResourceUnit","viewId":"application-manageresources-display-component---newResourceUnit","properties":{"title":"Heavy Equi"},"searchOpenDialogs":true,"interaction":{"idSuffix":"content"}},"wdio_ui5_key":"reusablesview.manageresources.NewResourceUnitsap.m.StandardListItem{\"title\":\"Heavy Equi\"}"}]}
COMMAND: GET /session/a230b9fa5e58e47def27534e3d005bf9/screenshot - {}
RESULT: {"script":"<script> [1562 bytes]","args":[{"selector":{"controlType":"sap.m.StandardListItem","viewName":"reusables.view.manageresources.NewResourceUnit","viewId":"application-manageresources-display-component---newResourceUnit","properties":{"title":"Heavy Equi"},"searchOpenDialogs":true,"interaction":{"idSuffix":"content"}},"wdio_ui5_key":"reusablesview.manageresources.NewResourceUnitsap.m.StandardListItem{\"title\":\"Heavy Equi\"}"}]}
RESULT: undefined
COMMAND: POST /session/a230b9fa5e58e47def27534e3d005bf9/element - {"using":"xpath","value":"//*[@id=\"__item949\"]"}
RESULT: {}
RESULT: {"using":"xpath","value":"//*[@id=\"__item949\"]"}
COMMAND: POST /session/a230b9fa5e58e47def27534e3d005bf9/element/f.5A792F38359A1C743AD3061B3E5B94B4.d.9B367FACB4BBC20D8352790AB94D5329.e.3160/click - {}
RESULT: {}
COMMAND: GET /session/a230b9fa5e58e47def27534e3d005bf9/screenshot - {}
RESULT: {}
COMMAND: POST /session/a230b9fa5e58e47def27534e3d005bf9/execute/async - {"script":"<script> [1562 bytes]","args":[{"selector":{"id":"application-manageresources-display-component---newResourceUnit--PLANNING_INDICATOR-arrow"},"wdio_ui5_key":"applicationmanageresources-display-component---newResourceUnit--PLANNING_INDICATOR-arrow"}]}
RESULT: {"script":"<script> [1562 bytes]","args":[{"selector":{"id":"application-manageresources-display-component---newResourceUnit--PLANNING_INDICATOR-arrow"},"wdio_ui5_key":"applicationmanageresources-display-component---newResourceUnit--PLANNING_INDICATOR-arrow"}]}
RESULT: undefined
COMMAND: POST /session/a230b9fa5e58e47def27534e3d005bf9/element - {"using":"xpath","value":"//*[@id=\"application-manageresources-display-component---newResourceUnit--PLANNING_INDICATOR-arrow\"]"}
RESULT: {"using":"xpath","value":"//*[@id=\"application-manageresources-display-component---newResourceUnit--PLANNING_INDICATOR-arrow\"]"}
COMMAND: POST /session/a230b9fa5e58e47def27534e3d005bf9/element/f.5A792F38359A1C743AD3061B3E5B94B4.d.9B367FACB4BBC20D8352790AB94D5329.e.3161/click - {}
RESULT: {}
COMMAND: POST /session/a230b9fa5e58e47def27534e3d005bf9/execute/async - {"script":"<script> [1562 bytes]","args":[{"selector":{"controlType":"sap.m.StandardListItem","viewName":"reusables.view.manageresources.NewResourceUnit","viewId":"application-manageresources-display-component---newResourceUnit","properties":{"title":"10 - infinite"},"searchOpenDialogs":true,"interaction":{"idSuffix":"content"}},"wdio_ui5_key":"reusablesview.manageresources.NewResourceUnitsap.m.StandardListItem{\"title\":\"10 - infinite\"}"}]}
COMMAND: GET /session/a230b9fa5e58e47def27534e3d005bf9/screenshot - {}
RESULT: {"script":"<script> [1562 bytes]","args":[{"selector":{"controlType":"sap.m.StandardListItem","viewName":"reusables.view.manageresources.NewResourceUnit","viewId":"application-manageresources-display-component---newResourceUnit","properties":{"title":"10 - infinite"},"searchOpenDialogs":true,"interaction":{"idSuffix":"content"}},"wdio_ui5_key":"reusablesview.manageresources.NewResourceUnitsap.m.StandardListItem{\"title\":\"10 - infinite\"}"}]}
RESULT: undefined
COMMAND: POST /session/a230b9fa5e58e47def27534e3d005bf9/element - {"using":"xpath","value":"//*[@id=\"__item959\"]"}
RESULT: {}
RESULT: {"using":"xpath","value":"//*[@id=\"__item959\"]"}
COMMAND: POST /session/a230b9fa5e58e47def27534e3d005bf9/element/f.5A792F38359A1C743AD3061B3E5B94B4.d.9B367FACB4BBC20D8352790AB94D5329.e.3163/click - {}
RESULT: {}
COMMAND: GET /session/a230b9fa5e58e47def27534e3d005bf9/screenshot - {}
RESULT: {}
COMMAND: POST /session/a230b9fa5e58e47def27534e3d005bf9/element - {"using":"xpath","value":"//bdi[contains(text(), \"Time Segment\")]"}
RESULT: {"using":"xpath","value":"//bdi[contains(text(), \"Time Segment\")]"}
COMMAND: GET /session/a230b9fa5e58e47def27534e3d005bf9/element/f.5A792F38359A1C743AD3061B3E5B94B4.d.9B367FACB4BBC20D8352790AB94D5329.e.3164/rect - {}
RESULT: {}
COMMAND: GET /session/a230b9fa5e58e47def27534e3d005bf9/window/rect - {}
RESULT: {}
COMMAND: POST /session/a230b9fa5e58e47def27534e3d005bf9/execute/sync - {"script":"<script> [92 bytes]","args":[]}
RESULT: {"script":"<script> [92 bytes]","args":[]}
COMMAND: POST /session/a230b9fa5e58e47def27534e3d005bf9/actions - {"actions":[{"id":"action13","type":"wheel","parameters":{},"actions":[{"type":"scroll","x":-1804,"y":-21,"deltaX":0,"deltaY":0,"duration":0,"origin":{"element-6066-11e4-a52e-4f735466cecf":"f.5A792F38359A1C743AD3061B3E5B94B4.d.9B367FACB4BBC20D8352790AB94D5329.e.3164"}}]}]}
COMMAND: GET /session/a230b9fa5e58e47def27534e3d005bf9/screenshot - {}
RESULT: {}
COMMAND: POST /session/a230b9fa5e58e47def27534e3d005bf9/execute/sync - {"script":"<script> [79 bytes]","args":[{"element-6066-11e4-a52e-4f735466cecf":"f.5A792F38359A1C743AD3061B3E5B94B4.d.9B367FACB4BBC20D8352790AB94D5329.e.3164","ELEMENT":"f.5A792F38359A1C743AD3061B3E5B94B4.d.9B367FACB4BBC20D8352790AB94D5329.e.3164"},{"block":"start","inline":"nearest"}]}
RESULT: {"script":"<script> [79 bytes]","args":[{"element-6066-11e4-a52e-4f735466cecf":"f.5A792F38359A1C743AD3061B3E5B94B4.d.9B367FACB4BBC20D8352790AB94D5329.e.3164","ELEMENT":"f.5A792F38359A1C743AD3061B3E5B94B4.d.9B367FACB4BBC20D8352790AB94D5329.e.3164"},{"block":"start","inline":"nearest"}]}
COMMAND: GET /session/a230b9fa5e58e47def27534e3d005bf9/screenshot - {}
RESULT: {}
COMMAND: POST /session/a230b9fa5e58e47def27534e3d005bf9/element - {"using":"xpath","value":"//span[@id=\"application-manageresources-display-component---newResourceUnit--btnAddTimeSegment-img\"]"}
RESULT: {"using":"xpath","value":"//span[@id=\"application-manageresources-display-component---newResourceUnit--btnAddTimeSegment-img\"]"}
COMMAND: POST /session/a230b9fa5e58e47def27534e3d005bf9/execute/sync - {"script":"<script> [8489 bytes]","args":[{"element-6066-11e4-a52e-4f735466cecf":"f.5A792F38359A1C743AD3061B3E5B94B4.d.9B367FACB4BBC20D8352790AB94D5329.e.3167","ELEMENT":"f.5A792F38359A1C743AD3061B3E5B94B4.d.9B367FACB4BBC20D8352790AB94D5329.e.3167"}]}
RESULT: {"script":"<script> [8489 bytes]","args":[{"element-6066-11e4-a52e-4f735466cecf":"f.5A792F38359A1C743AD3061B3E5B94B4.d.9B367FACB4BBC20D8352790AB94D5329.e.3167","ELEMENT":"f.5A792F38359A1C743AD3061B3E5B94B4.d.9B367FACB4BBC20D8352790AB94D5329.e.3167"}]}
COMMAND: POST /session/a230b9fa5e58e47def27534e3d005bf9/element/f.5A792F38359A1C743AD3061B3E5B94B4.d.9B367FACB4BBC20D8352790AB94D5329.e.3167/click - {}
COMMAND: GET /session/a230b9fa5e58e47def27534e3d005bf9/screenshot - {}
RESULT: {}
COMMAND: GET /session/a230b9fa5e58e47def27534e3d005bf9/screenshot - {}
RESULT: {}
COMMAND: POST /session/a230b9fa5e58e47def27534e3d005bf9/element - {"using":"xpath","value":"//input[@id=\"application-manageresources-display-component---newResourceUnit--idRuTSAdmin-application-manageresources-display-component---newResourceUnit--RUTimeSegment-0-inner\"]"}
RESULT: {}
RESULT: {"using":"xpath","value":"//input[@id=\"application-manageresources-display-component---newResourceUnit--idRuTSAdmin-application-manageresources-display-component---newResourceUnit--RUTimeSegment-0-inner\"]"}
COMMAND: POST /session/a230b9fa5e58e47def27534e3d005bf9/element/f.5A792F38359A1C743AD3061B3E5B94B4.d.9B367FACB4BBC20D8352790AB94D5329.e.3170/clear - {}
RESULT: {}
COMMAND: POST /session/a230b9fa5e58e47def27534e3d005bf9/element/f.5A792F38359A1C743AD3061B3E5B94B4.d.9B367FACB4BBC20D8352790AB94D5329.e.3170/value - {"text":"337"}
COMMAND: GET /session/a230b9fa5e58e47def27534e3d005bf9/screenshot - {}
RESULT: {"text":"337"}
COMMAND: GET /session/a230b9fa5e58e47def27534e3d005bf9/screenshot - {}
RESULT: {}
RESULT: {}
COMMAND: POST /session/a230b9fa5e58e47def27534e3d005bf9/actions - {"actions":[{"id":"action14","type":"key","parameters":{},"actions":[{"type":"keyDown","value":"î€‡"},{"type":"pause","duration":10},{"type":"keyUp","value":"î€‡"}]}]}
RESULT: {"actions":[{"id":"action14","type":"key","parameters":{},"actions":[{"type":"keyDown","value":"î€‡"},{"type":"pause","duration":10},{"type":"keyUp","value":"î€‡"}]}]}
COMMAND: POST /session/a230b9fa5e58e47def27534e3d005bf9/execute/async - {"script":"<script> [1562 bytes]","args":[{"selector":{"controlType":"sap.m.Button","viewName":"reusables.view.manageresources.NewResourceUnit","viewId":"application-manageresources-display-component---newResourceUnit","i18NText":{"propertyName":"tooltip","key":"save"},"interaction":{"idSuffix":"BDI-content"}},"wdio_ui5_key":"reusablesview.manageresources.NewResourceUnitsap.m.Button{\"propertyName\":\"tooltip\",\"key\":\"save\"}"}]}
COMMAND: GET /session/a230b9fa5e58e47def27534e3d005bf9/screenshot - {}
RESULT: {"script":"<script> [1562 bytes]","args":[{"selector":{"controlType":"sap.m.Button","viewName":"reusables.view.manageresources.NewResourceUnit","viewId":"application-manageresources-display-component---newResourceUnit","i18NText":{"propertyName":"tooltip","key":"save"},"interaction":{"idSuffix":"BDI-content"}},"wdio_ui5_key":"reusablesview.manageresources.NewResourceUnitsap.m.Button{\"propertyName\":\"tooltip\",\"key\":\"save\"}"}]}
RESULT: undefined
COMMAND: POST /session/a230b9fa5e58e47def27534e3d005bf9/element - {"using":"xpath","value":"//*[@id=\"application-manageresources-display-component---newResourceUnit--createRuButton\"]"}
RESULT: {}
RESULT: {"using":"xpath","value":"//*[@id=\"application-manageresources-display-component---newResourceUnit--createRuButton\"]"}
COMMAND: POST /session/a230b9fa5e58e47def27534e3d005bf9/element/f.5A792F38359A1C743AD3061B3E5B94B4.d.9B367FACB4BBC20D8352790AB94D5329.e.3093/click - {}
RESULT: {}
COMMAND: GET /session/a230b9fa5e58e47def27534e3d005bf9/screenshot - {}
RESULT: {}
COMMAND: POST /session/a230b9fa5e58e47def27534e3d005bf9/execute/async - {"script":"<script> [1562 bytes]","args":[{"selector":{"controlType":"sap.m.Title","properties":{"text":"Success"},"searchOpenDialogs":true},"wdio_ui5_key":"sapm.Title{\"text\":\"Success\"}"}]}
RESULT: {"script":"<script> [1562 bytes]","args":[{"selector":{"controlType":"sap.m.Title","properties":{"text":"Success"},"searchOpenDialogs":true},"wdio_ui5_key":"sapm.Title{\"text\":\"Success\"}"}]}
RESULT: undefined
COMMAND: POST /session/a230b9fa5e58e47def27534e3d005bf9/execute/async - {"script":"<script> [6424 bytes]","args":[{"element-6066-11e4-a52e-4f735466cecf":"f.5A792F38359A1C743AD3061B3E5B94B4.d.9B367FACB4BBC20D8352790AB94D5329.e.3184"},"getText",[]]}
RESULT: {"script":"<script> [6424 bytes]","args":[{"element-6066-11e4-a52e-4f735466cecf":"f.5A792F38359A1C743AD3061B3E5B94B4.d.9B367FACB4BBC20D8352790AB94D5329.e.3184"},"getText",[]]}
COMMAND: POST /session/a230b9fa5e58e47def27534e3d005bf9/element - {"using":"xpath","value":"//*[contains(@id, '__text') and (contains(text(), 'successfully created') or contains(., 'successfully created'))]"}
RESULT: {"using":"xpath","value":"//*[contains(@id, '__text') and (contains(text(), 'successfully created') or contains(., 'successfully created'))]"}
COMMAND: GET /session/a230b9fa5e58e47def27534e3d005bf9/element/f.5A792F38359A1C743AD3061B3E5B94B4.d.9B367FACB4BBC20D8352790AB94D5329.e.3183/text - {}
RESULT: {}
COMMAND: POST /session/a230b9fa5e58e47def27534e3d005bf9/execute/async - {"script":"<script> [1562 bytes]","args":[{"selector":{"controlType":"sap.m.Button","properties":{"text":"Close"},"searchOpenDialogs":true,"interaction":{"idSuffix":"BDI-content"}},"wdio_ui5_key":"sapm.Button{\"text\":\"Close\"}"}]}
RESULT: {"script":"<script> [1562 bytes]","args":[{"selector":{"controlType":"sap.m.Button","properties":{"text":"Close"},"searchOpenDialogs":true,"interaction":{"idSuffix":"BDI-content"}},"wdio_ui5_key":"sapm.Button{\"text\":\"Close\"}"}]}
RESULT: undefined
COMMAND: POST /session/a230b9fa5e58e47def27534e3d005bf9/element - {"using":"xpath","value":"//*[@id=\"__mbox-btn-0\"]"}
RESULT: {"using":"xpath","value":"//*[@id=\"__mbox-btn-0\"]"}
COMMAND: POST /session/a230b9fa5e58e47def27534e3d005bf9/element/f.5A792F38359A1C743AD3061B3E5B94B4.d.9B367FACB4BBC20D8352790AB94D5329.e.3180/click - {}
RESULT: {}
COMMAND: GET /session/a230b9fa5e58e47def27534e3d005bf9/screenshot - {}
RESULT: {}
COMMAND: POST /session/a230b9fa5e58e47def27534e3d005bf9/execute/async - {"script":"<script> [1562 bytes]","args":[{"selector":{"controlType":"sap.ui.core.Icon","viewName":"etm.portal.ui.manageresources.view.Detail","viewId":"application-manageresources-display-component---detailRU","properties":{"src":{"regex":{"source":"overflow"}}}},"wdio_ui5_key":"etmportal.ui.manageresources.view.Detailsap.ui.core.Icon{\"src\":{\"regex\":{\"source\":\"overflow\"}}}"}]}
RESULT: {"script":"<script> [1562 bytes]","args":[{"selector":{"controlType":"sap.ui.core.Icon","viewName":"etm.portal.ui.manageresources.view.Detail","viewId":"application-manageresources-display-component---detailRU","properties":{"src":{"regex":{"source":"overflow"}}}},"wdio_ui5_key":"etmportal.ui.manageresources.view.Detailsap.ui.core.Icon{\"src\":{\"regex\":{\"source\":\"overflow\"}}}"}]}
RESULT: undefined
COMMAND: POST /session/a230b9fa5e58e47def27534e3d005bf9/element - {"using":"xpath","value":"//*[@id=\"__title35-_actionsToolbar-overflowButton-img\"]"}
RESULT: {"using":"xpath","value":"//*[@id=\"__title35-_actionsToolbar-overflowButton-img\"]"}
COMMAND: POST /session/a230b9fa5e58e47def27534e3d005bf9/element/f.5A792F38359A1C743AD3061B3E5B94B4.d.9B367FACB4BBC20D8352790AB94D5329.e.3211/click - {}
RESULT: {}
COMMAND: POST /session/a230b9fa5e58e47def27534e3d005bf9/execute/async - {"script":"<script> [1562 bytes]","args":[{"selector":{"controlType":"sap.m.Button","viewName":"etm.portal.ui.manageresources.view.Detail","viewId":"application-manageresources-display-component---detailRU","i18NText":{"propertyName":"tooltip","key":"closeColumn"},"searchOpenDialogs":true,"interaction":{"idSuffix":"inner"}},"wdio_ui5_key":"etmportal.ui.manageresources.view.Detailsap.m.Button{\"propertyName\":\"tooltip\",\"key\":\"closeColumn\"}"}]}
COMMAND: GET /session/a230b9fa5e58e47def27534e3d005bf9/screenshot - {}
RESULT: {"script":"<script> [1562 bytes]","args":[{"selector":{"controlType":"sap.m.Button","viewName":"etm.portal.ui.manageresources.view.Detail","viewId":"application-manageresources-display-component---detailRU","i18NText":{"propertyName":"tooltip","key":"closeColumn"},"searchOpenDialogs":true,"interaction":{"idSuffix":"inner"}},"wdio_ui5_key":"etmportal.ui.manageresources.view.Detailsap.m.Button{\"propertyName\":\"tooltip\",\"key\":\"closeColumn\"}"}]}
RESULT: undefined
COMMAND: POST /session/a230b9fa5e58e47def27534e3d005bf9/element - {"using":"xpath","value":"//*[@id=\"__button146\"]"}
RESULT: {}
RESULT: {"using":"xpath","value":"//*[@id=\"__button146\"]"}
COMMAND: POST /session/a230b9fa5e58e47def27534e3d005bf9/element/f.5A792F38359A1C743AD3061B3E5B94B4.d.9B367FACB4BBC20D8352790AB94D5329.e.3213/click - {}
RESULT: {}
COMMAND: POST /session/a230b9fa5e58e47def27534e3d005bf9/element - {"using":"css selector","value":"#shell-header-logo"}
COMMAND: GET /session/a230b9fa5e58e47def27534e3d005bf9/screenshot - {}
RESULT: {"using":"css selector","value":"#shell-header-logo"}
COMMAND: POST /session/a230b9fa5e58e47def27534e3d005bf9/element/f.5A792F38359A1C743AD3061B3E5B94B4.d.9B367FACB4BBC20D8352790AB94D5329.e.2685/click - {}
RESULT: {}
RESULT: {}
COMMAND: GET /session/a230b9fa5e58e47def27534e3d005bf9/screenshot - {}
RESULT: {}
]]></system-out>
    </testcase>
    <testcase classname="chrome.135_0_7049_96.windows.Stock_increase_-_with_WHM_US125587" name="Bin Status Report Should Create New Organization yard" time="45.818">
      <system-out><![CDATA[
COMMAND: POST /session/a230b9fa5e58e47def27534e3d005bf9/element - {"using":"xpath","value":"//div[text()='Warehouse']"}
RESULT: {"using":"xpath","value":"//div[text()='Warehouse']"}
COMMAND: POST /session/a230b9fa5e58e47def27534e3d005bf9/elements - {"using":"xpath","value":"//div[text()='Warehouse']"}
RESULT: {"using":"xpath","value":"//div[text()='Warehouse']"}
COMMAND: POST /session/a230b9fa5e58e47def27534e3d005bf9/element/f.5A792F38359A1C743AD3061B3E5B94B4.d.9B367FACB4BBC20D8352790AB94D5329.e.3275/click - {}
RESULT: {}
COMMAND: POST /session/a230b9fa5e58e47def27534e3d005bf9/execute/async - {"script":"<script> [1562 bytes]","args":[{"selector":{"controlType":"sap.m.GenericTile","properties":{"header":"Bin Status Report"}},"wdio_ui5_key":"sapm.GenericTile{\"header\":\"Bin Status Report\"}"}]}
COMMAND: GET /session/a230b9fa5e58e47def27534e3d005bf9/screenshot - {}
RESULT: {"script":"<script> [1562 bytes]","args":[{"selector":{"controlType":"sap.m.GenericTile","properties":{"header":"Bin Status Report"}},"wdio_ui5_key":"sapm.GenericTile{\"header\":\"Bin Status Report\"}"}]}
RESULT: undefined
COMMAND: POST /session/a230b9fa5e58e47def27534e3d005bf9/element - {"using":"xpath","value":"//*[@id=\"__tile108\"]"}
RESULT: {}
RESULT: {"using":"xpath","value":"//*[@id=\"__tile108\"]"}
COMMAND: POST /session/a230b9fa5e58e47def27534e3d005bf9/element/f.5A792F38359A1C743AD3061B3E5B94B4.d.9B367FACB4BBC20D8352790AB94D5329.e.3276/click - {}
RESULT: {}
COMMAND: GET /session/a230b9fa5e58e47def27534e3d005bf9/screenshot - {}
RESULT: {}
COMMAND: POST /session/a230b9fa5e58e47def27534e3d005bf9/element - {"using":"xpath","value":"//bdi[text()='Create New Organization']"}
RESULT: {"using":"xpath","value":"//bdi[text()='Create New Organization']"}
COMMAND: POST /session/a230b9fa5e58e47def27534e3d005bf9/elements - {"using":"xpath","value":"//bdi[text()='Create New Organization']"}
RESULT: {"using":"xpath","value":"//bdi[text()='Create New Organization']"}
COMMAND: POST /session/a230b9fa5e58e47def27534e3d005bf9/element/f.5A792F38359A1C743AD3061B3E5B94B4.d.9B367FACB4BBC20D8352790AB94D5329.e.3370/click - {}
RESULT: {}
COMMAND: POST /session/a230b9fa5e58e47def27534e3d005bf9/execute/async - {"script":"<script> [1562 bytes]","args":[{"selector":{"id":"createOrganizationPop--sectionInput","searchOpenDialogs":true,"interaction":{"idSuffix":"inner"}},"wdio_ui5_key":"createOrganizationPopsectionInput"}]}
COMMAND: GET /session/a230b9fa5e58e47def27534e3d005bf9/screenshot - {}
RESULT: {"script":"<script> [1562 bytes]","args":[{"selector":{"id":"createOrganizationPop--sectionInput","searchOpenDialogs":true,"interaction":{"idSuffix":"inner"}},"wdio_ui5_key":"createOrganizationPopsectionInput"}]}
RESULT: undefined
COMMAND: POST /session/a230b9fa5e58e47def27534e3d005bf9/execute/async - {"script":"<script> [776 bytes]","args":[{"enterText":"WHIomfc6i","selector":{"id":"createOrganizationPop--sectionInput","searchOpenDialogs":true,"interaction":{"idSuffix":"inner"}},"clearTextFirst":true,"interactionType":"ENTER_TEXT"}]}
RESULT: {}
RESULT: {"script":"<script> [776 bytes]","args":[{"enterText":"WHIomfc6i","selector":{"id":"createOrganizationPop--sectionInput","searchOpenDialogs":true,"interaction":{"idSuffix":"inner"}},"clearTextFirst":true,"interactionType":"ENTER_TEXT"}]}
COMMAND: POST /session/a230b9fa5e58e47def27534e3d005bf9/execute/async - {"script":"<script> [1562 bytes]","args":[{"selector":{"id":"createOrganizationPop--descriptionInput","searchOpenDialogs":true,"interaction":{"idSuffix":"inner"}},"wdio_ui5_key":"createOrganizationPopdescriptionInput"}]}
RESULT: {"script":"<script> [1562 bytes]","args":[{"selector":{"id":"createOrganizationPop--descriptionInput","searchOpenDialogs":true,"interaction":{"idSuffix":"inner"}},"wdio_ui5_key":"createOrganizationPopdescriptionInput"}]}
RESULT: undefined
COMMAND: POST /session/a230b9fa5e58e47def27534e3d005bf9/execute/async - {"script":"<script> [776 bytes]","args":[{"enterText":"WHIomfc6i","selector":{"id":"createOrganizationPop--descriptionInput","searchOpenDialogs":true,"interaction":{"idSuffix":"inner"}},"clearTextFirst":true,"interactionType":"ENTER_TEXT"}]}
RESULT: {"script":"<script> [776 bytes]","args":[{"enterText":"WHIomfc6i","selector":{"id":"createOrganizationPop--descriptionInput","searchOpenDialogs":true,"interaction":{"idSuffix":"inner"}},"clearTextFirst":true,"interactionType":"ENTER_TEXT"}]}
COMMAND: POST /session/a230b9fa5e58e47def27534e3d005bf9/element - {"using":"css selector","value":"#createOrganizationPop--yardOrg-inner"}
RESULT: {"using":"css selector","value":"#createOrganizationPop--yardOrg-inner"}
COMMAND: POST /session/a230b9fa5e58e47def27534e3d005bf9/element/f.5A792F38359A1C743AD3061B3E5B94B4.d.9B367FACB4BBC20D8352790AB94D5329.e.3373/clear - {}
RESULT: {}
COMMAND: POST /session/a230b9fa5e58e47def27534e3d005bf9/element/f.5A792F38359A1C743AD3061B3E5B94B4.d.9B367FACB4BBC20D8352790AB94D5329.e.3373/value - {"text":"337"}
COMMAND: GET /session/a230b9fa5e58e47def27534e3d005bf9/screenshot - {}
RESULT: {"text":"337"}
COMMAND: GET /session/a230b9fa5e58e47def27534e3d005bf9/screenshot - {}
RESULT: {}
RESULT: {}
COMMAND: POST /session/a230b9fa5e58e47def27534e3d005bf9/actions - {"actions":[{"id":"action15","type":"key","parameters":{},"actions":[{"type":"keyDown","value":"î€‡"},{"type":"pause","duration":10},{"type":"keyUp","value":"î€‡"}]}]}
RESULT: {"actions":[{"id":"action15","type":"key","parameters":{},"actions":[{"type":"keyDown","value":"î€‡"},{"type":"pause","duration":10},{"type":"keyUp","value":"î€‡"}]}]}
COMMAND: POST /session/a230b9fa5e58e47def27534e3d005bf9/execute/async - {"script":"<script> [1562 bytes]","args":[{"selector":{"id":"createOrganizationPop--grZone","searchOpenDialogs":true,"interaction":{"idSuffix":"CbBg"}},"wdio_ui5_key":"createOrganizationPopgrZone"}]}
COMMAND: GET /session/a230b9fa5e58e47def27534e3d005bf9/screenshot - {}
RESULT: {"script":"<script> [1562 bytes]","args":[{"selector":{"id":"createOrganizationPop--grZone","searchOpenDialogs":true,"interaction":{"idSuffix":"CbBg"}},"wdio_ui5_key":"createOrganizationPopgrZone"}]}
RESULT: undefined
COMMAND: POST /session/a230b9fa5e58e47def27534e3d005bf9/element - {"using":"xpath","value":"//*[@id=\"createOrganizationPop--grZone\"]"}
RESULT: {}
RESULT: {"using":"xpath","value":"//*[@id=\"createOrganizationPop--grZone\"]"}
COMMAND: POST /session/a230b9fa5e58e47def27534e3d005bf9/element/f.5A792F38359A1C743AD3061B3E5B94B4.d.9B367FACB4BBC20D8352790AB94D5329.e.3394/click - {}
RESULT: {}
COMMAND: POST /session/a230b9fa5e58e47def27534e3d005bf9/execute/async - {"script":"<script> [1562 bytes]","args":[{"selector":{"id":"createOrganizationPop--giZone","searchOpenDialogs":true,"interaction":{"idSuffix":"CbBg"}},"wdio_ui5_key":"createOrganizationPopgiZone"}]}
COMMAND: GET /session/a230b9fa5e58e47def27534e3d005bf9/screenshot - {}
RESULT: {"script":"<script> [1562 bytes]","args":[{"selector":{"id":"createOrganizationPop--giZone","searchOpenDialogs":true,"interaction":{"idSuffix":"CbBg"}},"wdio_ui5_key":"createOrganizationPopgiZone"}]}
RESULT: undefined
COMMAND: POST /session/a230b9fa5e58e47def27534e3d005bf9/element - {"using":"xpath","value":"//*[@id=\"createOrganizationPop--giZone\"]"}
RESULT: {}
RESULT: {"using":"xpath","value":"//*[@id=\"createOrganizationPop--giZone\"]"}
COMMAND: POST /session/a230b9fa5e58e47def27534e3d005bf9/element/f.5A792F38359A1C743AD3061B3E5B94B4.d.9B367FACB4BBC20D8352790AB94D5329.e.3396/click - {}
RESULT: {}
COMMAND: POST /session/a230b9fa5e58e47def27534e3d005bf9/execute/async - {"script":"<script> [1562 bytes]","args":[{"selector":{"id":"createOrganizationPop--binNoInput","searchOpenDialogs":true,"interaction":{"idSuffix":"inner"}},"wdio_ui5_key":"createOrganizationPopbinNoInput"}]}
COMMAND: GET /session/a230b9fa5e58e47def27534e3d005bf9/screenshot - {}
RESULT: {"script":"<script> [1562 bytes]","args":[{"selector":{"id":"createOrganizationPop--binNoInput","searchOpenDialogs":true,"interaction":{"idSuffix":"inner"}},"wdio_ui5_key":"createOrganizationPopbinNoInput"}]}
RESULT: undefined
COMMAND: POST /session/a230b9fa5e58e47def27534e3d005bf9/execute/async - {"script":"<script> [776 bytes]","args":[{"enterText":"Bin-Wd","selector":{"id":"createOrganizationPop--binNoInput","searchOpenDialogs":true,"interaction":{"idSuffix":"inner"}},"clearTextFirst":true,"interactionType":"ENTER_TEXT"}]}
RESULT: {}
RESULT: {"script":"<script> [776 bytes]","args":[{"enterText":"Bin-Wd","selector":{"id":"createOrganizationPop--binNoInput","searchOpenDialogs":true,"interaction":{"idSuffix":"inner"}},"clearTextFirst":true,"interactionType":"ENTER_TEXT"}]}
COMMAND: POST /session/a230b9fa5e58e47def27534e3d005bf9/execute/async - {"script":"<script> [1562 bytes]","args":[{"selector":{"id":"createOrganizationPop--descriptionId","searchOpenDialogs":true,"interaction":{"idSuffix":"inner"}},"wdio_ui5_key":"createOrganizationPopdescriptionId"}]}
RESULT: {"script":"<script> [1562 bytes]","args":[{"selector":{"id":"createOrganizationPop--descriptionId","searchOpenDialogs":true,"interaction":{"idSuffix":"inner"}},"wdio_ui5_key":"createOrganizationPopdescriptionId"}]}
RESULT: undefined
COMMAND: POST /session/a230b9fa5e58e47def27534e3d005bf9/execute/async - {"script":"<script> [776 bytes]","args":[{"enterText":"Shipping-Wd","selector":{"id":"createOrganizationPop--descriptionId","searchOpenDialogs":true,"interaction":{"idSuffix":"inner"}},"clearTextFirst":true,"interactionType":"ENTER_TEXT"}]}
RESULT: {"script":"<script> [776 bytes]","args":[{"enterText":"Shipping-Wd","selector":{"id":"createOrganizationPop--descriptionId","searchOpenDialogs":true,"interaction":{"idSuffix":"inner"}},"clearTextFirst":true,"interactionType":"ENTER_TEXT"}]}
COMMAND: POST /session/a230b9fa5e58e47def27534e3d005bf9/execute/async - {"script":"<script> [1562 bytes]","args":[{"selector":{"controlType":"sap.m.CheckBox","viewName":"etm.portal.ui.binstatusreport.view.MasterWareBins","viewId":"application-binstatusreport-display-component---warehousing","bindingPath":{"path":"","propertyPath":"/ZONE","modelName":"newBin"},"searchOpenDialogs":true,"interaction":{"idSuffix":"CbBg"}},"wdio_ui5_key":"etmportal.ui.binstatusreport.view.MasterWareBinssap.m.CheckBox{\"path\":\"\",\"propertyPath\":\"/ZONE\",\"modelName\":\"newBin\"}"}]}
RESULT: {"script":"<script> [1562 bytes]","args":[{"selector":{"controlType":"sap.m.CheckBox","viewName":"etm.portal.ui.binstatusreport.view.MasterWareBins","viewId":"application-binstatusreport-display-component---warehousing","bindingPath":{"path":"","propertyPath":"/ZONE","modelName":"newBin"},"searchOpenDialogs":true,"interaction":{"idSuffix":"CbBg"}},"wdio_ui5_key":"etmportal.ui.binstatusreport.view.MasterWareBinssap.m.CheckBox{\"path\":\"\",\"propertyPath\":\"/ZONE\",\"modelName\":\"newBin\"}"}]}
RESULT: undefined
COMMAND: POST /session/a230b9fa5e58e47def27534e3d005bf9/element - {"using":"xpath","value":"//*[@id=\"__box41\"]"}
RESULT: {"using":"xpath","value":"//*[@id=\"__box41\"]"}
COMMAND: POST /session/a230b9fa5e58e47def27534e3d005bf9/element/f.5A792F38359A1C743AD3061B3E5B94B4.d.9B367FACB4BBC20D8352790AB94D5329.e.3400/click - {}
RESULT: {}
COMMAND: POST /session/a230b9fa5e58e47def27534e3d005bf9/execute/async - {"script":"<script> [1562 bytes]","args":[{"selector":{"id":"createOrganizationPop--binTypesCB-arrow","searchOpenDialogs":true},"wdio_ui5_key":"createOrganizationPopbinTypesCB-arrow"}]}
COMMAND: GET /session/a230b9fa5e58e47def27534e3d005bf9/screenshot - {}
RESULT: {"script":"<script> [1562 bytes]","args":[{"selector":{"id":"createOrganizationPop--binTypesCB-arrow","searchOpenDialogs":true},"wdio_ui5_key":"createOrganizationPopbinTypesCB-arrow"}]}
RESULT: undefined
COMMAND: POST /session/a230b9fa5e58e47def27534e3d005bf9/element - {"using":"xpath","value":"//*[@id=\"createOrganizationPop--binTypesCB-arrow\"]"}
RESULT: {}
RESULT: {"using":"xpath","value":"//*[@id=\"createOrganizationPop--binTypesCB-arrow\"]"}
COMMAND: POST /session/a230b9fa5e58e47def27534e3d005bf9/element/f.5A792F38359A1C743AD3061B3E5B94B4.d.9B367FACB4BBC20D8352790AB94D5329.e.3401/click - {}
RESULT: {}
COMMAND: POST /session/a230b9fa5e58e47def27534e3d005bf9/execute/async - {"script":"<script> [1562 bytes]","args":[{"selector":{"id":"createOrganizationPop--binTypesCB","searchOpenDialogs":true,"interaction":{"idSuffix":"inner"}},"wdio_ui5_key":"createOrganizationPopbinTypesCB"}]}
COMMAND: GET /session/a230b9fa5e58e47def27534e3d005bf9/screenshot - {}
RESULT: {"script":"<script> [1562 bytes]","args":[{"selector":{"id":"createOrganizationPop--binTypesCB","searchOpenDialogs":true,"interaction":{"idSuffix":"inner"}},"wdio_ui5_key":"createOrganizationPopbinTypesCB"}]}
RESULT: undefined
COMMAND: POST /session/a230b9fa5e58e47def27534e3d005bf9/execute/async - {"script":"<script> [776 bytes]","args":[{"enterText":"1 - General / No capacity check","selector":{"id":"createOrganizationPop--binTypesCB","searchOpenDialogs":true,"interaction":{"idSuffix":"inner"}},"clearTextFirst":true,"interactionType":"ENTER_TEXT"}]}
RESULT: {}
RESULT: {"script":"<script> [776 bytes]","args":[{"enterText":"1 - General / No capacity check","selector":{"id":"createOrganizationPop--binTypesCB","searchOpenDialogs":true,"interaction":{"idSuffix":"inner"}},"clearTextFirst":true,"interactionType":"ENTER_TEXT"}]}
COMMAND: POST /session/a230b9fa5e58e47def27534e3d005bf9/actions - {"actions":[{"id":"action16","type":"key","parameters":{},"actions":[{"type":"keyDown","value":"î€‡"},{"type":"pause","duration":10},{"type":"keyUp","value":"î€‡"}]}]}
RESULT: {"actions":[{"id":"action16","type":"key","parameters":{},"actions":[{"type":"keyDown","value":"î€‡"},{"type":"pause","duration":10},{"type":"keyUp","value":"î€‡"}]}]}
COMMAND: GET /session/a230b9fa5e58e47def27534e3d005bf9/screenshot - {}
RESULT: {}
COMMAND: POST /session/a230b9fa5e58e47def27534e3d005bf9/execute/async - {"script":"<script> [1562 bytes]","args":[{"selector":{"id":"createOrganizationPop--finishBtn","searchOpenDialogs":true,"interaction":{"idSuffix":"BDI-content"}},"wdio_ui5_key":"createOrganizationPopfinishBtn"}]}
RESULT: {"script":"<script> [1562 bytes]","args":[{"selector":{"id":"createOrganizationPop--finishBtn","searchOpenDialogs":true,"interaction":{"idSuffix":"BDI-content"}},"wdio_ui5_key":"createOrganizationPopfinishBtn"}]}
RESULT: undefined
COMMAND: POST /session/a230b9fa5e58e47def27534e3d005bf9/element - {"using":"xpath","value":"//*[@id=\"createOrganizationPop--finishBtn\"]"}
RESULT: {"using":"xpath","value":"//*[@id=\"createOrganizationPop--finishBtn\"]"}
COMMAND: POST /session/a230b9fa5e58e47def27534e3d005bf9/element/f.5A792F38359A1C743AD3061B3E5B94B4.d.9B367FACB4BBC20D8352790AB94D5329.e.3404/click - {}
RESULT: {}
]]></system-out>
    </testcase>
    <testcase classname="chrome.135_0_7049_96.windows.Stock_increase_-_with_WHM_US125587" name="Bin Status Report Should Create New Organization for Site" time="60.811">
      <system-out><![CDATA[
COMMAND: GET /session/a230b9fa5e58e47def27534e3d005bf9/screenshot - {}
RESULT: {}
COMMAND: POST /session/a230b9fa5e58e47def27534e3d005bf9/execute/async - {"script":"<script> [1562 bytes]","args":[{"selector":{"id":"application-binstatusreport-display-component---warehousing--createOrgBtn","interaction":{"idSuffix":"content"}},"wdio_ui5_key":"applicationbinstatusreport-display-component---warehousing--createOrgBtn"}]}
RESULT: {"script":"<script> [1562 bytes]","args":[{"selector":{"id":"application-binstatusreport-display-component---warehousing--createOrgBtn","interaction":{"idSuffix":"content"}},"wdio_ui5_key":"applicationbinstatusreport-display-component---warehousing--createOrgBtn"}]}
RESULT: undefined
COMMAND: POST /session/a230b9fa5e58e47def27534e3d005bf9/element - {"using":"xpath","value":"//*[@id=\"application-binstatusreport-display-component---warehousing--createOrgBtn\"]"}
RESULT: {"using":"xpath","value":"//*[@id=\"application-binstatusreport-display-component---warehousing--createOrgBtn\"]"}
COMMAND: POST /session/a230b9fa5e58e47def27534e3d005bf9/element/f.5A792F38359A1C743AD3061B3E5B94B4.d.9B367FACB4BBC20D8352790AB94D5329.e.3335/click - {}
RESULT: {}
RESULT: undefined
COMMAND: POST /session/a230b9fa5e58e47def27534e3d005bf9/execute/async - {"script":"<script> [776 bytes]","args":[{"enterText":"2186","selector":{"id":"createOrganizationPop--sectionInput","searchOpenDialogs":true,"interaction":{"idSuffix":"inner"}},"clearTextFirst":true,"interactionType":"ENTER_TEXT"}]}
COMMAND: GET /session/a230b9fa5e58e47def27534e3d005bf9/screenshot - {}
RESULT: {"script":"<script> [776 bytes]","args":[{"enterText":"2186","selector":{"id":"createOrganizationPop--sectionInput","searchOpenDialogs":true,"interaction":{"idSuffix":"inner"}},"clearTextFirst":true,"interactionType":"ENTER_TEXT"}]}
RESULT: undefined
COMMAND: POST /session/a230b9fa5e58e47def27534e3d005bf9/execute/async - {"script":"<script> [776 bytes]","args":[{"enterText":"2186","selector":{"id":"createOrganizationPop--descriptionInput","searchOpenDialogs":true,"interaction":{"idSuffix":"inner"}},"clearTextFirst":true,"interactionType":"ENTER_TEXT"}]}
RESULT: {}
RESULT: {"script":"<script> [776 bytes]","args":[{"enterText":"2186","selector":{"id":"createOrganizationPop--descriptionInput","searchOpenDialogs":true,"interaction":{"idSuffix":"inner"}},"clearTextFirst":true,"interactionType":"ENTER_TEXT"}]}
COMMAND: POST /session/a230b9fa5e58e47def27534e3d005bf9/element - {"using":"css selector","value":"#createOrganizationPop--siteOrg-inner"}
RESULT: {"using":"css selector","value":"#createOrganizationPop--siteOrg-inner"}
COMMAND: POST /session/a230b9fa5e58e47def27534e3d005bf9/element/f.5A792F38359A1C743AD3061B3E5B94B4.d.9B367FACB4BBC20D8352790AB94D5329.e.3411/clear - {}
RESULT: {}
COMMAND: POST /session/a230b9fa5e58e47def27534e3d005bf9/element/f.5A792F38359A1C743AD3061B3E5B94B4.d.9B367FACB4BBC20D8352790AB94D5329.e.3411/value - {"text":"2186"}
COMMAND: GET /session/a230b9fa5e58e47def27534e3d005bf9/screenshot - {}
RESULT: {"text":"2186"}
COMMAND: GET /session/a230b9fa5e58e47def27534e3d005bf9/screenshot - {}
RESULT: {}
RESULT: {}
COMMAND: POST /session/a230b9fa5e58e47def27534e3d005bf9/actions - {"actions":[{"id":"action17","type":"key","parameters":{},"actions":[{"type":"keyDown","value":"î€‡"},{"type":"pause","duration":10},{"type":"keyUp","value":"î€‡"}]}]}
RESULT: {"actions":[{"id":"action17","type":"key","parameters":{},"actions":[{"type":"keyDown","value":"î€‡"},{"type":"pause","duration":10},{"type":"keyUp","value":"î€‡"}]}]}
RESULT: undefined
COMMAND: POST /session/a230b9fa5e58e47def27534e3d005bf9/element - {"using":"xpath","value":"//*[@id=\"createOrganizationPop--giZone\"]"}
COMMAND: GET /session/a230b9fa5e58e47def27534e3d005bf9/screenshot - {}
RESULT: {"using":"xpath","value":"//*[@id=\"createOrganizationPop--giZone\"]"}
COMMAND: POST /session/a230b9fa5e58e47def27534e3d005bf9/element/f.5A792F38359A1C743AD3061B3E5B94B4.d.9B367FACB4BBC20D8352790AB94D5329.e.3429/click - {}
RESULT: {}
RESULT: {}
RESULT: undefined
COMMAND: POST /session/a230b9fa5e58e47def27534e3d005bf9/execute/async - {"script":"<script> [776 bytes]","args":[{"enterText":"WD-BIN","selector":{"id":"createOrganizationPop--binNoInput","searchOpenDialogs":true,"interaction":{"idSuffix":"inner"}},"clearTextFirst":true,"interactionType":"ENTER_TEXT"}]}
COMMAND: GET /session/a230b9fa5e58e47def27534e3d005bf9/screenshot - {}
RESULT: {"script":"<script> [776 bytes]","args":[{"enterText":"WD-BIN","selector":{"id":"createOrganizationPop--binNoInput","searchOpenDialogs":true,"interaction":{"idSuffix":"inner"}},"clearTextFirst":true,"interactionType":"ENTER_TEXT"}]}
RESULT: undefined
COMMAND: POST /session/a230b9fa5e58e47def27534e3d005bf9/execute/async - {"script":"<script> [776 bytes]","args":[{"enterText":"WD-BIN","selector":{"id":"createOrganizationPop--descriptionId","searchOpenDialogs":true,"interaction":{"idSuffix":"inner"}},"clearTextFirst":true,"interactionType":"ENTER_TEXT"}]}
RESULT: {}
RESULT: {"script":"<script> [776 bytes]","args":[{"enterText":"WD-BIN","selector":{"id":"createOrganizationPop--descriptionId","searchOpenDialogs":true,"interaction":{"idSuffix":"inner"}},"clearTextFirst":true,"interactionType":"ENTER_TEXT"}]}
COMMAND: POST /session/a230b9fa5e58e47def27534e3d005bf9/execute/async - {"script":"<script> [1562 bytes]","args":[{"selector":{"controlType":"sap.m.CheckBox","viewName":"etm.portal.ui.binstatusreport.view.MasterWareBins","viewId":"application-binstatusreport-display-component---warehousing","bindingPath":{"propertyPath":"/ZONE","modelName":"newBin"},"searchOpenDialogs":true,"interaction":{"idSuffix":"CbBg"}},"wdio_ui5_key":"etmportal.ui.binstatusreport.view.MasterWareBinssap.m.CheckBox{\"propertyPath\":\"/ZONE\",\"modelName\":\"newBin\"}"}]}
RESULT: {"script":"<script> [1562 bytes]","args":[{"selector":{"controlType":"sap.m.CheckBox","viewName":"etm.portal.ui.binstatusreport.view.MasterWareBins","viewId":"application-binstatusreport-display-component---warehousing","bindingPath":{"propertyPath":"/ZONE","modelName":"newBin"},"searchOpenDialogs":true,"interaction":{"idSuffix":"CbBg"}},"wdio_ui5_key":"etmportal.ui.binstatusreport.view.MasterWareBinssap.m.CheckBox{\"propertyPath\":\"/ZONE\",\"modelName\":\"newBin\"}"}]}
RESULT: undefined
COMMAND: POST /session/a230b9fa5e58e47def27534e3d005bf9/element - {"using":"xpath","value":"//*[@id=\"__box44\"]"}
RESULT: {"using":"xpath","value":"//*[@id=\"__box44\"]"}
COMMAND: POST /session/a230b9fa5e58e47def27534e3d005bf9/element/f.5A792F38359A1C743AD3061B3E5B94B4.d.9B367FACB4BBC20D8352790AB94D5329.e.3431/click - {}
RESULT: {}
COMMAND: GET /session/a230b9fa5e58e47def27534e3d005bf9/screenshot - {}
RESULT: {}
RESULT: undefined
COMMAND: POST /session/a230b9fa5e58e47def27534e3d005bf9/execute/async - {"script":"<script> [776 bytes]","args":[{"enterText":"1 - General / No capacity check","selector":{"id":"createOrganizationPop--binTypesCB","searchOpenDialogs":true,"interaction":{"idSuffix":"inner"}},"clearTextFirst":true,"interactionType":"ENTER_TEXT"}]}
RESULT: {"script":"<script> [776 bytes]","args":[{"enterText":"1 - General / No capacity check","selector":{"id":"createOrganizationPop--binTypesCB","searchOpenDialogs":true,"interaction":{"idSuffix":"inner"}},"clearTextFirst":true,"interactionType":"ENTER_TEXT"}]}
COMMAND: POST /session/a230b9fa5e58e47def27534e3d005bf9/execute/async - {"script":"<script> [1562 bytes]","args":[{"selector":{"id":"createOrganizationPop--capacityId","searchOpenDialogs":true,"interaction":{"idSuffix":"inner"}},"wdio_ui5_key":"createOrganizationPopcapacityId"}]}
RESULT: {"script":"<script> [1562 bytes]","args":[{"selector":{"id":"createOrganizationPop--capacityId","searchOpenDialogs":true,"interaction":{"idSuffix":"inner"}},"wdio_ui5_key":"createOrganizationPopcapacityId"}]}
RESULT: undefined
COMMAND: POST /session/a230b9fa5e58e47def27534e3d005bf9/actions - {"actions":[{"id":"action18","type":"key","parameters":{},"actions":[{"type":"keyDown","value":"î€‡"},{"type":"pause","duration":10},{"type":"keyUp","value":"î€‡"}]}]}
RESULT: {"actions":[{"id":"action18","type":"key","parameters":{},"actions":[{"type":"keyDown","value":"î€‡"},{"type":"pause","duration":10},{"type":"keyUp","value":"î€‡"}]}]}
COMMAND: GET /session/a230b9fa5e58e47def27534e3d005bf9/screenshot - {}
RESULT: {}
RESULT: undefined
COMMAND: POST /session/a230b9fa5e58e47def27534e3d005bf9/element - {"using":"xpath","value":"//*[@id=\"createOrganizationPop--finishBtn\"]"}
RESULT: {"using":"xpath","value":"//*[@id=\"createOrganizationPop--finishBtn\"]"}
COMMAND: POST /session/a230b9fa5e58e47def27534e3d005bf9/element/f.5A792F38359A1C743AD3061B3E5B94B4.d.9B367FACB4BBC20D8352790AB94D5329.e.3438/click - {}
RESULT: {}
COMMAND: GET /session/a230b9fa5e58e47def27534e3d005bf9/screenshot - {}
RESULT: {}
COMMAND: POST /session/a230b9fa5e58e47def27534e3d005bf9/element - {"using":"css selector","value":"#shell-header-icon"}
RESULT: {"using":"css selector","value":"#shell-header-icon"}
COMMAND: POST /session/a230b9fa5e58e47def27534e3d005bf9/execute/sync - {"script":"<script> [8489 bytes]","args":[{"element-6066-11e4-a52e-4f735466cecf":"f.5A792F38359A1C743AD3061B3E5B94B4.d.9B367FACB4BBC20D8352790AB94D5329.e.3274","ELEMENT":"f.5A792F38359A1C743AD3061B3E5B94B4.d.9B367FACB4BBC20D8352790AB94D5329.e.3274"}]}
RESULT: {"script":"<script> [8489 bytes]","args":[{"element-6066-11e4-a52e-4f735466cecf":"f.5A792F38359A1C743AD3061B3E5B94B4.d.9B367FACB4BBC20D8352790AB94D5329.e.3274","ELEMENT":"f.5A792F38359A1C743AD3061B3E5B94B4.d.9B367FACB4BBC20D8352790AB94D5329.e.3274"}]}
COMMAND: GET /session/a230b9fa5e58e47def27534e3d005bf9/element/f.5A792F38359A1C743AD3061B3E5B94B4.d.9B367FACB4BBC20D8352790AB94D5329.e.3274/enabled - {}
COMMAND: GET /session/a230b9fa5e58e47def27534e3d005bf9/screenshot - {}
RESULT: {}
COMMAND: POST /session/a230b9fa5e58e47def27534e3d005bf9/element/f.5A792F38359A1C743AD3061B3E5B94B4.d.9B367FACB4BBC20D8352790AB94D5329.e.3274/click - {}
COMMAND: GET /session/a230b9fa5e58e47def27534e3d005bf9/screenshot - {}
RESULT: {}
RESULT: {}
COMMAND: GET /session/a230b9fa5e58e47def27534e3d005bf9/screenshot - {}
RESULT: {}
RESULT: {}
]]></system-out>
    </testcase>
    <testcase classname="chrome.135_0_7049_96.windows.Stock_increase_-_with_WHM_US125587" name="create a whm for yard" time="34.069">
      <system-out><![CDATA[
COMMAND: POST /session/a230b9fa5e58e47def27534e3d005bf9/element - {"using":"xpath","value":"//div[text()='Warehouse']"}
RESULT: {"using":"xpath","value":"//div[text()='Warehouse']"}
COMMAND: POST /session/a230b9fa5e58e47def27534e3d005bf9/elements - {"using":"xpath","value":"//div[text()='Warehouse']"}
RESULT: {"using":"xpath","value":"//div[text()='Warehouse']"}
COMMAND: POST /session/a230b9fa5e58e47def27534e3d005bf9/element/f.5A792F38359A1C743AD3061B3E5B94B4.d.9B367FACB4BBC20D8352790AB94D5329.e.3275/click - {}
RESULT: {}
COMMAND: POST /session/a230b9fa5e58e47def27534e3d005bf9/element - {"using":"xpath","value":"//span[text()='Manage Warehouse Movements']"}
COMMAND: GET /session/a230b9fa5e58e47def27534e3d005bf9/screenshot - {}
RESULT: {"using":"xpath","value":"//span[text()='Manage Warehouse Movements']"}
COMMAND: POST /session/a230b9fa5e58e47def27534e3d005bf9/elements - {"using":"xpath","value":"//span[text()='Manage Warehouse Movements']"}
RESULT: {}
RESULT: {"using":"xpath","value":"//span[text()='Manage Warehouse Movements']"}
COMMAND: POST /session/a230b9fa5e58e47def27534e3d005bf9/element - {"using":"xpath","value":"//input[@id='application-warehousemovements-display-component---warehouseMovements--smartFilterBar-filterItemControl_BASIC-YARD-inner']"}
RESULT: {"using":"xpath","value":"//input[@id='application-warehousemovements-display-component---warehouseMovements--smartFilterBar-filterItemControl_BASIC-YARD-inner']"}
COMMAND: POST /session/a230b9fa5e58e47def27534e3d005bf9/element - {"using":"xpath","value":"//input[@id='application-warehousemovements-display-component---warehouseMovements--smartFilterBar-filterItemControl_BASIC-YARD-inner']"}
RESULT: {"using":"xpath","value":"//input[@id='application-warehousemovements-display-component---warehouseMovements--smartFilterBar-filterItemControl_BASIC-YARD-inner']"}
COMMAND: POST /session/a230b9fa5e58e47def27534e3d005bf9/actions - {"actions":[{"id":"action19","type":"key","parameters":{},"actions":[{"type":"keyDown","value":"î€‡"},{"type":"pause","duration":10},{"type":"keyUp","value":"î€‡"}]}]}
RESULT: {"actions":[{"id":"action19","type":"key","parameters":{},"actions":[{"type":"keyDown","value":"î€‡"},{"type":"pause","duration":10},{"type":"keyUp","value":"î€‡"}]}]}
COMMAND: POST /session/a230b9fa5e58e47def27534e3d005bf9/element - {"using":"xpath","value":"(//*[@title=\"Add New Movement\"])[1]"}
COMMAND: GET /session/a230b9fa5e58e47def27534e3d005bf9/screenshot - {}
RESULT: {"using":"xpath","value":"(//*[@title=\"Add New Movement\"])[1]"}
COMMAND: POST /session/a230b9fa5e58e47def27534e3d005bf9/element - {"using":"xpath","value":"(//*[@title=\"Add New Movement\"])[1]"}
RESULT: {}
RESULT: {"using":"xpath","value":"(//*[@title=\"Add New Movement\"])[1]"}
COMMAND: POST /session/a230b9fa5e58e47def27534e3d005bf9/element - {"using":"xpath","value":"//*[@id=\"application-warehousemovements-display-component---addMovement--sectionsList-arrow\"]"}
RESULT: {"using":"xpath","value":"//*[@id=\"application-warehousemovements-display-component---addMovement--sectionsList-arrow\"]"}
COMMAND: POST /session/a230b9fa5e58e47def27534e3d005bf9/element - {"using":"xpath","value":"//*[@id=\"application-warehousemovements-display-component---addMovement--sectionsList-arrow\"]"}
RESULT: {"using":"xpath","value":"//*[@id=\"application-warehousemovements-display-component---addMovement--sectionsList-arrow\"]"}
COMMAND: POST /session/a230b9fa5e58e47def27534e3d005bf9/element - {"using":"xpath","value":"//*[@id=\"application-warehousemovements-display-component---addMovement--saveMovementBtn-BDI-content\" and text()=\"Save\"]"}
RESULT: {"using":"xpath","value":"//*[@id=\"application-warehousemovements-display-component---addMovement--saveMovementBtn-BDI-content\" and text()=\"Save\"]"}
COMMAND: POST /session/a230b9fa5e58e47def27534e3d005bf9/element - {"using":"xpath","value":"//*[@id=\"application-warehousemovements-display-component---addMovement--saveMovementBtn-BDI-content\" and text()=\"Save\"]"}
RESULT: {"using":"xpath","value":"//*[@id=\"application-warehousemovements-display-component---addMovement--saveMovementBtn-BDI-content\" and text()=\"Save\"]"}
COMMAND: POST /session/a230b9fa5e58e47def27534e3d005bf9/element - {"using":"css selector","value":"#shell-header-icon"}
RESULT: {"using":"css selector","value":"#shell-header-icon"}
COMMAND: POST /session/a230b9fa5e58e47def27534e3d005bf9/execute/sync - {"script":"<script> [8489 bytes]","args":[{"element-6066-11e4-a52e-4f735466cecf":"f.5A792F38359A1C743AD3061B3E5B94B4.d.9B367FACB4BBC20D8352790AB94D5329.e.3455","ELEMENT":"f.5A792F38359A1C743AD3061B3E5B94B4.d.9B367FACB4BBC20D8352790AB94D5329.e.3455"}]}
RESULT: {"script":"<script> [8489 bytes]","args":[{"element-6066-11e4-a52e-4f735466cecf":"f.5A792F38359A1C743AD3061B3E5B94B4.d.9B367FACB4BBC20D8352790AB94D5329.e.3455","ELEMENT":"f.5A792F38359A1C743AD3061B3E5B94B4.d.9B367FACB4BBC20D8352790AB94D5329.e.3455"}]}
COMMAND: GET /session/a230b9fa5e58e47def27534e3d005bf9/element/f.5A792F38359A1C743AD3061B3E5B94B4.d.9B367FACB4BBC20D8352790AB94D5329.e.3455/enabled - {}
COMMAND: GET /session/a230b9fa5e58e47def27534e3d005bf9/screenshot - {}
RESULT: {}
COMMAND: POST /session/a230b9fa5e58e47def27534e3d005bf9/element/f.5A792F38359A1C743AD3061B3E5B94B4.d.9B367FACB4BBC20D8352790AB94D5329.e.3455/click - {}
COMMAND: GET /session/a230b9fa5e58e47def27534e3d005bf9/screenshot - {}
RESULT: {}
RESULT: {}
COMMAND: GET /session/a230b9fa5e58e47def27534e3d005bf9/screenshot - {}
RESULT: {}
RESULT: {}
]]></system-out>
    </testcase>
    <testcase classname="chrome.135_0_7049_96.windows.Stock_increase_-_with_WHM_US125587" name="Should do a stock increase handover" time="83.545">
      <system-out><![CDATA[
COMMAND: POST /session/a230b9fa5e58e47def27534e3d005bf9/execute/async - {"script":"<script> [1562 bytes]","args":[{"selector":{"controlType":"sap.m.Text","viewName":"etm.portal.ui.managehandoverstile.view.Master","properties":{"text":"Manage Handovers"},"interaction":{"idSuffix":"inner"}},"wdio_ui5_key":"etmportal.ui.managehandoverstile.view.Mastersap.m.Text{\"text\":\"Manage Handovers\"}"}]}
RESULT: {"script":"<script> [1562 bytes]","args":[{"selector":{"controlType":"sap.m.Text","viewName":"etm.portal.ui.managehandoverstile.view.Master","properties":{"text":"Manage Handovers"},"interaction":{"idSuffix":"inner"}},"wdio_ui5_key":"etmportal.ui.managehandoverstile.view.Mastersap.m.Text{\"text\":\"Manage Handovers\"}"}]}
RESULT: undefined
COMMAND: POST /session/a230b9fa5e58e47def27534e3d005bf9/element - {"using":"xpath","value":"//*[@id=\"__tile131-title\"]"}
RESULT: {"using":"xpath","value":"//*[@id=\"__tile131-title\"]"}
COMMAND: POST /session/a230b9fa5e58e47def27534e3d005bf9/element/f.5A792F38359A1C743AD3061B3E5B94B4.d.9B367FACB4BBC20D8352790AB94D5329.e.3457/click - {}
RESULT: {}
COMMAND: GET /session/a230b9fa5e58e47def27534e3d005bf9/screenshot - {}
RESULT: {}
COMMAND: POST /session/a230b9fa5e58e47def27534e3d005bf9/execute/async - {"script":"<script> [1562 bytes]","args":[{"selector":{"controlType":"sap.ui.core.Icon","viewName":"etm.portal.ui.managehandovers.view.MasterHO","properties":{"src":{"regex":{"source":"add"}}}},"wdio_ui5_key":"etmportal.ui.managehandovers.view.MasterHOsap.ui.core.Icon{\"src\":{\"regex\":{\"source\":\"add\"}}}"}]}
RESULT: {"script":"<script> [1562 bytes]","args":[{"selector":{"controlType":"sap.ui.core.Icon","viewName":"etm.portal.ui.managehandovers.view.MasterHO","properties":{"src":{"regex":{"source":"add"}}}},"wdio_ui5_key":"etmportal.ui.managehandovers.view.MasterHOsap.ui.core.Icon{\"src\":{\"regex\":{\"source\":\"add\"}}}"}]}
RESULT: undefined
COMMAND: POST /session/a230b9fa5e58e47def27534e3d005bf9/element - {"using":"xpath","value":"//*[@id=\"__button179-img\"]"}
RESULT: {"using":"xpath","value":"//*[@id=\"__button179-img\"]"}
COMMAND: POST /session/a230b9fa5e58e47def27534e3d005bf9/element/f.5A792F38359A1C743AD3061B3E5B94B4.d.9B367FACB4BBC20D8352790AB94D5329.e.3496/click - {}
RESULT: {}
COMMAND: GET /session/a230b9fa5e58e47def27534e3d005bf9/screenshot - {}
RESULT: {}
COMMAND: POST /session/a230b9fa5e58e47def27534e3d005bf9/execute/async - {"script":"<script> [1562 bytes]","args":[{"selector":{"id":"application-managehandovers-display-component---AddNewHO--typeSelect","interaction":{"idSuffix":"arrow"}},"wdio_ui5_key":"applicationmanagehandovers-display-component---AddNewHO--typeSelect"}]}
RESULT: {"script":"<script> [1562 bytes]","args":[{"selector":{"id":"application-managehandovers-display-component---AddNewHO--typeSelect","interaction":{"idSuffix":"arrow"}},"wdio_ui5_key":"applicationmanagehandovers-display-component---AddNewHO--typeSelect"}]}
RESULT: undefined
COMMAND: POST /session/a230b9fa5e58e47def27534e3d005bf9/element - {"using":"xpath","value":"//*[@id=\"application-managehandovers-display-component---AddNewHO--typeSelect\"]"}
RESULT: {"using":"xpath","value":"//*[@id=\"application-managehandovers-display-component---AddNewHO--typeSelect\"]"}
COMMAND: POST /session/a230b9fa5e58e47def27534e3d005bf9/element/f.5A792F38359A1C743AD3061B3E5B94B4.d.9B367FACB4BBC20D8352790AB94D5329.e.3854/click - {}
RESULT: {}
COMMAND: POST /session/a230b9fa5e58e47def27534e3d005bf9/execute/async - {"script":"<script> [1562 bytes]","args":[{"selector":{"controlType":"sap.ui.core.Item","viewName":"etm.portal.ui.managehandovers.view.AddNewHO","viewId":"application-managehandovers-display-component---AddNewHO","bindingPath":{"path":"/HandOverTypes('100')","propertyPath":"ID","modelName":"catalogModel"},"searchOpenDialogs":true},"wdio_ui5_key":"etmportal.ui.managehandovers.view.AddNewHOsap.ui.core.Item{\"path\":\"/HandOverTypes('100')\",\"propertyPath\":\"ID\",\"modelName\":\"catalogModel\"}"}]}
COMMAND: GET /session/a230b9fa5e58e47def27534e3d005bf9/screenshot - {}
RESULT: {"script":"<script> [1562 bytes]","args":[{"selector":{"controlType":"sap.ui.core.Item","viewName":"etm.portal.ui.managehandovers.view.AddNewHO","viewId":"application-managehandovers-display-component---AddNewHO","bindingPath":{"path":"/HandOverTypes('100')","propertyPath":"ID","modelName":"catalogModel"},"searchOpenDialogs":true},"wdio_ui5_key":"etmportal.ui.managehandovers.view.AddNewHOsap.ui.core.Item{\"path\":\"/HandOverTypes('100')\",\"propertyPath\":\"ID\",\"modelName\":\"catalogModel\"}"}]}
RESULT: undefined
COMMAND: POST /session/a230b9fa5e58e47def27534e3d005bf9/element - {"using":"xpath","value":"//*[@id=\"__item1326-application-managehandovers-display-component---AddNewHO--typeSelect-1\"]"}
RESULT: {}
RESULT: {"using":"xpath","value":"//*[@id=\"__item1326-application-managehandovers-display-component---AddNewHO--typeSelect-1\"]"}
COMMAND: POST /session/a230b9fa5e58e47def27534e3d005bf9/element/f.5A792F38359A1C743AD3061B3E5B94B4.d.9B367FACB4BBC20D8352790AB94D5329.e.3855/click - {}
RESULT: {}
COMMAND: POST /session/a230b9fa5e58e47def27534e3d005bf9/element - {"using":"css selector","value":"#application-managehandovers-display-component---AddNewHO--oneStep-CB"}
COMMAND: GET /session/a230b9fa5e58e47def27534e3d005bf9/screenshot - {}
RESULT: {"using":"css selector","value":"#application-managehandovers-display-component---AddNewHO--oneStep-CB"}
COMMAND: POST /session/a230b9fa5e58e47def27534e3d005bf9/execute/sync - {"script":"<script> [8489 bytes]","args":[{"element-6066-11e4-a52e-4f735466cecf":"f.5A792F38359A1C743AD3061B3E5B94B4.d.9B367FACB4BBC20D8352790AB94D5329.e.3863","ELEMENT":"f.5A792F38359A1C743AD3061B3E5B94B4.d.9B367FACB4BBC20D8352790AB94D5329.e.3863"}]}
RESULT: {}
RESULT: {"script":"<script> [8489 bytes]","args":[{"element-6066-11e4-a52e-4f735466cecf":"f.5A792F38359A1C743AD3061B3E5B94B4.d.9B367FACB4BBC20D8352790AB94D5329.e.3863","ELEMENT":"f.5A792F38359A1C743AD3061B3E5B94B4.d.9B367FACB4BBC20D8352790AB94D5329.e.3863"}]}
COMMAND: GET /session/a230b9fa5e58e47def27534e3d005bf9/screenshot - {}
RESULT: {}
COMMAND: POST /session/a230b9fa5e58e47def27534e3d005bf9/element - {"using":"css selector","value":"input[id=\"generalSectionFrg--receiveYard-inner\"]"}
RESULT: {"using":"css selector","value":"input[id=\"generalSectionFrg--receiveYard-inner\"]"}
COMMAND: POST /session/a230b9fa5e58e47def27534e3d005bf9/element/f.5A792F38359A1C743AD3061B3E5B94B4.d.9B367FACB4BBC20D8352790AB94D5329.e.3865/clear - {}
RESULT: {}
COMMAND: POST /session/a230b9fa5e58e47def27534e3d005bf9/element/f.5A792F38359A1C743AD3061B3E5B94B4.d.9B367FACB4BBC20D8352790AB94D5329.e.3865/value - {"text":"337"}
COMMAND: GET /session/a230b9fa5e58e47def27534e3d005bf9/screenshot - {}
RESULT: {"text":"337"}
COMMAND: GET /session/a230b9fa5e58e47def27534e3d005bf9/screenshot - {}
RESULT: {}
RESULT: {}
COMMAND: POST /session/a230b9fa5e58e47def27534e3d005bf9/element - {"using":"css selector","value":"#application-managehandovers-display-component---AddNewHO--dueDate-inner"}
RESULT: {"using":"css selector","value":"#application-managehandovers-display-component---AddNewHO--dueDate-inner"}
COMMAND: POST /session/a230b9fa5e58e47def27534e3d005bf9/element/f.5A792F38359A1C743AD3061B3E5B94B4.d.9B367FACB4BBC20D8352790AB94D5329.e.3859/clear - {}
RESULT: {}
COMMAND: POST /session/a230b9fa5e58e47def27534e3d005bf9/element/f.5A792F38359A1C743AD3061B3E5B94B4.d.9B367FACB4BBC20D8352790AB94D5329.e.3859/value - {"text":"4/28/25"}
COMMAND: GET /session/a230b9fa5e58e47def27534e3d005bf9/screenshot - {}
RESULT: {"text":"4/28/25"}
COMMAND: GET /session/a230b9fa5e58e47def27534e3d005bf9/screenshot - {}
RESULT: {}
RESULT: {}
COMMAND: POST /session/a230b9fa5e58e47def27534e3d005bf9/element - {"using":"xpath","value":"//bdi[(text() = 'Items' or . = 'Items')]"}
RESULT: {"using":"xpath","value":"//bdi[(text() = 'Items' or . = 'Items')]"}
COMMAND: POST /session/a230b9fa5e58e47def27534e3d005bf9/element/f.5A792F38359A1C743AD3061B3E5B94B4.d.9B367FACB4BBC20D8352790AB94D5329.e.3881/click - {}
RESULT: {}
COMMAND: GET /session/a230b9fa5e58e47def27534e3d005bf9/screenshot - {}
RESULT: {}
COMMAND: POST /session/a230b9fa5e58e47def27534e3d005bf9/element - {"using":"xpath","value":"//button[@aria-label=\"Add\"]"}
RESULT: {"using":"xpath","value":"//button[@aria-label=\"Add\"]"}
COMMAND: POST /session/a230b9fa5e58e47def27534e3d005bf9/element/f.5A792F38359A1C743AD3061B3E5B94B4.d.9B367FACB4BBC20D8352790AB94D5329.e.3886/click - {}
RESULT: {}
COMMAND: GET /session/a230b9fa5e58e47def27534e3d005bf9/screenshot - {}
RESULT: {}
COMMAND: POST /session/a230b9fa5e58e47def27534e3d005bf9/element - {"using":"css selector","value":"input[id= \"application-managehandovers-display-component---AddNewHO--smartFilterBar-btnBasicSearch-I\"]"}
RESULT: {"using":"css selector","value":"input[id= \"application-managehandovers-display-component---AddNewHO--smartFilterBar-btnBasicSearch-I\"]"}
COMMAND: POST /session/a230b9fa5e58e47def27534e3d005bf9/element/f.5A792F38359A1C743AD3061B3E5B94B4.d.9B367FACB4BBC20D8352790AB94D5329.e.3889/clear - {}
RESULT: {}
COMMAND: POST /session/a230b9fa5e58e47def27534e3d005bf9/element/f.5A792F38359A1C743AD3061B3E5B94B4.d.9B367FACB4BBC20D8352790AB94D5329.e.3889/value - {"text":"200160"}
COMMAND: GET /session/a230b9fa5e58e47def27534e3d005bf9/screenshot - {}
RESULT: {"text":"200160"}
COMMAND: POST /session/a230b9fa5e58e47def27534e3d005bf9/actions - {"actions":[{"id":"action20","type":"key","parameters":{},"actions":[{"type":"keyDown","value":"î€‡"},{"type":"pause","duration":10},{"type":"keyUp","value":"î€‡"}]}]}
COMMAND: GET /session/a230b9fa5e58e47def27534e3d005bf9/screenshot - {}
RESULT: {}
RESULT: {"actions":[{"id":"action20","type":"key","parameters":{},"actions":[{"type":"keyDown","value":"î€‡"},{"type":"pause","duration":10},{"type":"keyUp","value":"î€‡"}]}]}
COMMAND: POST /session/a230b9fa5e58e47def27534e3d005bf9/element - {"using":"css selector","value":"div[id= \"application-managehandovers-display-component---AddNewHO--smartFilterBar-btnBasicSearch-search\"]"}
COMMAND: GET /session/a230b9fa5e58e47def27534e3d005bf9/screenshot - {}
RESULT: {}
RESULT: {"using":"css selector","value":"div[id= \"application-managehandovers-display-component---AddNewHO--smartFilterBar-btnBasicSearch-search\"]"}
COMMAND: POST /session/a230b9fa5e58e47def27534e3d005bf9/element/f.5A792F38359A1C743AD3061B3E5B94B4.d.9B367FACB4BBC20D8352790AB94D5329.e.4039/click - {}
RESULT: {}
RESULT: {}
COMMAND: GET /session/a230b9fa5e58e47def27534e3d005bf9/screenshot - {}
RESULT: {}
COMMAND: POST /session/a230b9fa5e58e47def27534e3d005bf9/element - {"using":"css selector","value":"div[id= \"application-managehandovers-display-component---AddNewHO--popup-sa-CbBg\"]"}
RESULT: {"using":"css selector","value":"div[id= \"application-managehandovers-display-component---AddNewHO--popup-sa-CbBg\"]"}
COMMAND: POST /session/a230b9fa5e58e47def27534e3d005bf9/element/f.5A792F38359A1C743AD3061B3E5B94B4.d.9B367FACB4BBC20D8352790AB94D5329.e.4040/click - {}
RESULT: {}
COMMAND: POST /session/a230b9fa5e58e47def27534e3d005bf9/element - {"using":"xpath","value":"//bdi[(text() = 'Select' or . = 'Select')]"}
COMMAND: GET /session/a230b9fa5e58e47def27534e3d005bf9/screenshot - {}
RESULT: {"using":"xpath","value":"//bdi[(text() = 'Select' or . = 'Select')]"}
COMMAND: POST /session/a230b9fa5e58e47def27534e3d005bf9/element/f.5A792F38359A1C743AD3061B3E5B94B4.d.9B367FACB4BBC20D8352790AB94D5329.e.4041/click - {}
RESULT: {}
RESULT: {}
COMMAND: GET /session/a230b9fa5e58e47def27534e3d005bf9/screenshot - {}
RESULT: {}
COMMAND: POST /session/a230b9fa5e58e47def27534e3d005bf9/element - {"using":"xpath","value":"//bdi[(text() = 'Save' or . = 'Save')]"}
RESULT: {"using":"xpath","value":"//bdi[(text() = 'Save' or . = 'Save')]"}
COMMAND: POST /session/a230b9fa5e58e47def27534e3d005bf9/element/f.5A792F38359A1C743AD3061B3E5B94B4.d.9B367FACB4BBC20D8352790AB94D5329.e.4045/click - {}
RESULT: {}
COMMAND: GET /session/a230b9fa5e58e47def27534e3d005bf9/screenshot - {}
RESULT: {}
COMMAND: POST /session/a230b9fa5e58e47def27534e3d005bf9/element - {"using":"xpath","value":"//input[contains(@id ,\"receiptDatePicker-inner\")]"}
RESULT: {"using":"xpath","value":"//input[contains(@id ,\"receiptDatePicker-inner\")]"}
COMMAND: POST /session/a230b9fa5e58e47def27534e3d005bf9/element/f.5A792F38359A1C743AD3061B3E5B94B4.d.9B367FACB4BBC20D8352790AB94D5329.e.4075/click - {}
RESULT: {}
COMMAND: POST /session/a230b9fa5e58e47def27534e3d005bf9/element - {"using":"xpath","value":"//input[contains(@id ,\"receiptDatePicker-inner\")]"}
COMMAND: GET /session/a230b9fa5e58e47def27534e3d005bf9/screenshot - {}
RESULT: {"using":"xpath","value":"//input[contains(@id ,\"receiptDatePicker-inner\")]"}
COMMAND: POST /session/a230b9fa5e58e47def27534e3d005bf9/element/f.5A792F38359A1C743AD3061B3E5B94B4.d.9B367FACB4BBC20D8352790AB94D5329.e.4075/clear - {}
RESULT: {}
RESULT: {}
COMMAND: POST /session/a230b9fa5e58e47def27534e3d005bf9/element/f.5A792F38359A1C743AD3061B3E5B94B4.d.9B367FACB4BBC20D8352790AB94D5329.e.4075/value - {"text":"4/28/25"}
COMMAND: GET /session/a230b9fa5e58e47def27534e3d005bf9/screenshot - {}
RESULT: {"text":"4/28/25"}
COMMAND: GET /session/a230b9fa5e58e47def27534e3d005bf9/screenshot - {}
RESULT: {}
RESULT: {}
COMMAND: POST /session/a230b9fa5e58e47def27534e3d005bf9/execute/async - {"script":"<script> [1562 bytes]","args":[{"selector":{"id":"administrationTabFilter","viewName":"etm.portal.ui.managehandovers.view.DetailExecuteHO","interaction":{"idSuffix":"text"}},"wdio_ui5_key":"administrationTabFilteretmportal.ui.managehandovers.view.DetailExecuteHO"}]}
RESULT: {"script":"<script> [1562 bytes]","args":[{"selector":{"id":"administrationTabFilter","viewName":"etm.portal.ui.managehandovers.view.DetailExecuteHO","interaction":{"idSuffix":"text"}},"wdio_ui5_key":"administrationTabFilteretmportal.ui.managehandovers.view.DetailExecuteHO"}]}
RESULT: undefined
COMMAND: POST /session/a230b9fa5e58e47def27534e3d005bf9/element - {"using":"xpath","value":"//*[@id=\"__xmlview61--administrationTabFilter\"]"}
RESULT: {"using":"xpath","value":"//*[@id=\"__xmlview61--administrationTabFilter\"]"}
COMMAND: POST /session/a230b9fa5e58e47def27534e3d005bf9/element/f.5A792F38359A1C743AD3061B3E5B94B4.d.9B367FACB4BBC20D8352790AB94D5329.e.4093/click - {}
RESULT: {}
RESULT: undefined
COMMAND: POST /session/a230b9fa5e58e47def27534e3d005bf9/element - {"using":"xpath","value":"//*[@id=\"__xmlview61--administrationTabFilter\"]"}
COMMAND: GET /session/a230b9fa5e58e47def27534e3d005bf9/screenshot - {}
RESULT: {"using":"xpath","value":"//*[@id=\"__xmlview61--administrationTabFilter\"]"}
COMMAND: POST /session/a230b9fa5e58e47def27534e3d005bf9/element/f.5A792F38359A1C743AD3061B3E5B94B4.d.9B367FACB4BBC20D8352790AB94D5329.e.4093/click - {}
RESULT: {}
RESULT: {}
COMMAND: GET /session/a230b9fa5e58e47def27534e3d005bf9/screenshot - {}
RESULT: {}
COMMAND: POST /session/a230b9fa5e58e47def27534e3d005bf9/element - {"using":"xpath","value":"//bdi[(text() = 'Confirm' or . = 'Confirm')]"}
RESULT: {"using":"xpath","value":"//bdi[(text() = 'Confirm' or . = 'Confirm')]"}
COMMAND: POST /session/a230b9fa5e58e47def27534e3d005bf9/element/f.5A792F38359A1C743AD3061B3E5B94B4.d.9B367FACB4BBC20D8352790AB94D5329.e.4100/click - {}
RESULT: {}
COMMAND: GET /session/a230b9fa5e58e47def27534e3d005bf9/screenshot - {}
RESULT: {}
COMMAND: POST /session/a230b9fa5e58e47def27534e3d005bf9/execute/async - {"script":"<script> [1562 bytes]","args":[{"selector":{"id":"confirmationButton","viewName":"etm.portal.ui.managehandovers.view.DetailExecuteHO","interaction":{"idSuffix":"BDI-content"}},"wdio_ui5_key":"confirmationButtonetmportal.ui.managehandovers.view.DetailExecuteHO"}]}
RESULT: {"script":"<script> [1562 bytes]","args":[{"selector":{"id":"confirmationButton","viewName":"etm.portal.ui.managehandovers.view.DetailExecuteHO","interaction":{"idSuffix":"BDI-content"}},"wdio_ui5_key":"confirmationButtonetmportal.ui.managehandovers.view.DetailExecuteHO"}]}
RESULT: undefined
COMMAND: POST /session/a230b9fa5e58e47def27534e3d005bf9/element - {"using":"css selector","value":"bdi[aria-live=\"off\"][text=\"Close\"]"}
RESULT: {"using":"css selector","value":"bdi[aria-live=\"off\"][text=\"Close\"]"}
COMMAND: POST /session/a230b9fa5e58e47def27534e3d005bf9/element - {"using":"css selector","value":"bdi[aria-live=\"off\"][text=\"Close\"]"}
RESULT: {"using":"css selector","value":"bdi[aria-live=\"off\"][text=\"Close\"]"}
COMMAND: POST /session/a230b9fa5e58e47def27534e3d005bf9/element - {"using":"css selector","value":"#shell-header-logo"}
RESULT: {"using":"css selector","value":"#shell-header-logo"}
COMMAND: POST /session/a230b9fa5e58e47def27534e3d005bf9/element/f.5A792F38359A1C743AD3061B3E5B94B4.d.9B367FACB4BBC20D8352790AB94D5329.e.3461/click - {}
RESULT: {}
COMMAND: GET /session/a230b9fa5e58e47def27534e3d005bf9/screenshot - {}
RESULT: {}
COMMAND: POST /session/a230b9fa5e58e47def27534e3d005bf9/element - {"using":"css selector","value":"#j_username"}
COMMAND: POST /session/a230b9fa5e58e47def27534e3d005bf9/url - {"url":"https://qa-testing-00-live-etm-ui.cfapps.eu10-004.hana.ondemand.com/"}
RESULT: {"using":"css selector","value":"#j_username"}
COMMAND: POST /session/a230b9fa5e58e47def27534e3d005bf9/element - {"using":"css selector","value":"#j_username"}
RESULT: {"url":"https://qa-testing-00-live-etm-ui.cfapps.eu10-004.hana.ondemand.com/"}
RESULT: undefined
COMMAND: GET /session/a230b9fa5e58e47def27534e3d005bf9/screenshot - {}
RESULT: {"using":"css selector","value":"#j_username"}
COMMAND: POST /session/a230b9fa5e58e47def27534e3d005bf9/element - {"using":"css selector","value":"#shell-header-logo"}
RESULT: {}
RESULT: {"using":"css selector","value":"#shell-header-logo"}
COMMAND: POST /session/a230b9fa5e58e47def27534e3d005bf9/execute/sync - {"script":"<script> [8489 bytes]","args":[{"element-6066-11e4-a52e-4f735466cecf":"f.5A792F38359A1C743AD3061B3E5B94B4.d.9B9CBF4CBF9EFEAB8B54F38F07E78849.e.4114","ELEMENT":"f.5A792F38359A1C743AD3061B3E5B94B4.d.9B9CBF4CBF9EFEAB8B54F38F07E78849.e.4114"}]}
RESULT: {"script":"<script> [8489 bytes]","args":[{"element-6066-11e4-a52e-4f735466cecf":"f.5A792F38359A1C743AD3061B3E5B94B4.d.9B9CBF4CBF9EFEAB8B54F38F07E78849.e.4114","ELEMENT":"f.5A792F38359A1C743AD3061B3E5B94B4.d.9B9CBF4CBF9EFEAB8B54F38F07E78849.e.4114"}]}
COMMAND: POST /session/a230b9fa5e58e47def27534e3d005bf9/element - {"using":"css selector","value":"#shell-header-logo"}
COMMAND: GET /session/a230b9fa5e58e47def27534e3d005bf9/screenshot - {}
RESULT: {"using":"css selector","value":"#shell-header-logo"}
COMMAND: POST /session/a230b9fa5e58e47def27534e3d005bf9/execute/sync - {"script":"<script> [8489 bytes]","args":[{"element-6066-11e4-a52e-4f735466cecf":"f.5A792F38359A1C743AD3061B3E5B94B4.d.9B9CBF4CBF9EFEAB8B54F38F07E78849.e.4114","ELEMENT":"f.5A792F38359A1C743AD3061B3E5B94B4.d.9B9CBF4CBF9EFEAB8B54F38F07E78849.e.4114"}]}
RESULT: {}
RESULT: {"script":"<script> [8489 bytes]","args":[{"element-6066-11e4-a52e-4f735466cecf":"f.5A792F38359A1C743AD3061B3E5B94B4.d.9B9CBF4CBF9EFEAB8B54F38F07E78849.e.4114","ELEMENT":"f.5A792F38359A1C743AD3061B3E5B94B4.d.9B9CBF4CBF9EFEAB8B54F38F07E78849.e.4114"}]}
COMMAND: POST /session/a230b9fa5e58e47def27534e3d005bf9/execute/sync - {"script":"<script> [5351 bytes]","args":[{"element-6066-11e4-a52e-4f735466cecf":"f.5A792F38359A1C743AD3061B3E5B94B4.d.9B9CBF4CBF9EFEAB8B54F38F07E78849.e.4114","ELEMENT":"f.5A792F38359A1C743AD3061B3E5B94B4.d.9B9CBF4CBF9EFEAB8B54F38F07E78849.e.4114"}]}
COMMAND: GET /session/a230b9fa5e58e47def27534e3d005bf9/screenshot - {}
RESULT: {"script":"<script> [5351 bytes]","args":[{"element-6066-11e4-a52e-4f735466cecf":"f.5A792F38359A1C743AD3061B3E5B94B4.d.9B9CBF4CBF9EFEAB8B54F38F07E78849.e.4114","ELEMENT":"f.5A792F38359A1C743AD3061B3E5B94B4.d.9B9CBF4CBF9EFEAB8B54F38F07E78849.e.4114"}]}
COMMAND: POST /session/a230b9fa5e58e47def27534e3d005bf9/element - {"using":"css selector","value":"#shell-header-logo"}
COMMAND: GET /session/a230b9fa5e58e47def27534e3d005bf9/screenshot - {}
RESULT: {}
RESULT: {"using":"css selector","value":"#shell-header-logo"}
COMMAND: POST /session/a230b9fa5e58e47def27534e3d005bf9/element/f.5A792F38359A1C743AD3061B3E5B94B4.d.9B9CBF4CBF9EFEAB8B54F38F07E78849.e.4114/click - {}
RESULT: {}
RESULT: {}
COMMAND: GET /session/a230b9fa5e58e47def27534e3d005bf9/screenshot - {}
RESULT: {}
COMMAND: POST /session/a230b9fa5e58e47def27534e3d005bf9/execute/async - {"script":"<script> [189 bytes]","args":[]}
RESULT: {"script":"<script> [189 bytes]","args":[]}
COMMAND: POST /session/a230b9fa5e58e47def27534e3d005bf9/execute/async - {"script":"<script> [123 bytes]","args":[]}
RESULT: {"script":"<script> [123 bytes]","args":[]}
COMMAND: POST /session/a230b9fa5e58e47def27534e3d005bf9/timeouts - {"script":"<number>"}
RESULT: {"script":"<number>"}
COMMAND: GET /session/a230b9fa5e58e47def27534e3d005bf9/timeouts - {}
RESULT: {}
RESULT: undefined
COMMAND: POST /session/a230b9fa5e58e47def27534e3d005bf9/execute/async - {"script":"<script> [2676 bytes]","args":[]}
RESULT: {"script":"<script> [2676 bytes]","args":[]}
COMMAND: POST /session/a230b9fa5e58e47def27534e3d005bf9/execute/async - {"script":"<script> [2342 bytes]","args":[{"protocol":"http","hostname":"0.0.0.0","path":"/","capabilities":{"browserName":"chrome","goog:chromeOptions":{"binary":"C:\\Program Files\\Google\\Chrome\\Application\\chrome.exe","args":["--start-maximized"]}},"logLevel":"warn","connectionRetryTimeout":120000,"connectionRetryCount":3,"logLevels":{},"enableDirectConnect":true,"strictSSL":true,"_":"65 more keys: [\"cacheDir\",\"port\",\"requestedCapabilities\",\"automationProtocol\",\"baseUrl\",\"waitforInterval\",\"waitforTimeout\",\"onReload\",\"beforeCommand\",\"afterCommand\",\"rootDir\",\"specs\",\"suites\",\"exclude\",\"groupLogsByTestSpec\",\"excludeDriverLogs\",\"bail\",\"framework\",\"reporters\",\"services\",\"maxInstances\",\"maxInstancesPerCapability\",\"injectGlobals\",\"filesToWatch\",\"execArgv\",\"runnerEnv\",\"runner\",\"shard\",\"specFileRetries\",\"specFileRetriesDelay\",\"specFileRetriesDeferred\",\"reporterSyncInterval\",\"reporterSyncTimeout\",\"cucumberFeaturesWithLineNumbers\",\"autoCompileOpts\",\"mochaOpts\",\"jasmineOpts\",\"cucumberOpts\",\"onPrepare\",\"onWorkerStart\",\"onWorkerEnd\",\"before\",\"beforeSession\",\"beforeSuite\",\"beforeHook\",\"beforeTest\",\"afterTest\",\"afterHook\",\"afterSuite\",\"afterSession\",\"after\",\"onComplete\",\"beforeAssertion\",\"afterAssertion\",\"beforeFeature\",\"beforeScenario\",\"beforeStep\",\"afterStep\",\"afterScenario\",\"afterFeature\",\"_\",\"suite\",\"$0\",\"ignoredWorkerServices\",\"wdi5\"]"}]}
RESULT: {"script":"<script> [2342 bytes]","args":[{"protocol":"http","hostname":"0.0.0.0","path":"/","capabilities":{"browserName":"chrome","goog:chromeOptions":{"binary":"C:\\Program Files\\Google\\Chrome\\Application\\chrome.exe","args":["--start-maximized"]}},"logLevel":"warn","connectionRetryTimeout":120000,"connectionRetryCount":3,"logLevels":{},"enableDirectConnect":true,"strictSSL":true,"_":"65 more keys: [\"cacheDir\",\"port\",\"requestedCapabilities\",\"automationProtocol\",\"baseUrl\",\"waitforInterval\",\"waitforTimeout\",\"onReload\",\"beforeCommand\",\"afterCommand\",\"rootDir\",\"specs\",\"suites\",\"exclude\",\"groupLogsByTestSpec\",\"excludeDriverLogs\",\"bail\",\"framework\",\"reporters\",\"services\",\"maxInstances\",\"maxInstancesPerCapability\",\"injectGlobals\",\"filesToWatch\",\"execArgv\",\"runnerEnv\",\"runner\",\"shard\",\"specFileRetries\",\"specFileRetriesDelay\",\"specFileRetriesDeferred\",\"reporterSyncInterval\",\"reporterSyncTimeout\",\"cucumberFeaturesWithLineNumbers\",\"autoCompileOpts\",\"mochaOpts\",\"jasmineOpts\",\"cucumberOpts\",\"onPrepare\",\"onWorkerStart\",\"onWorkerEnd\",\"before\",\"beforeSession\",\"beforeSuite\",\"beforeHook\",\"beforeTest\",\"afterTest\",\"afterHook\",\"afterSuite\",\"afterSession\",\"after\",\"onComplete\",\"beforeAssertion\",\"afterAssertion\",\"beforeFeature\",\"beforeScenario\",\"beforeStep\",\"afterStep\",\"afterScenario\",\"afterFeature\",\"_\",\"suite\",\"$0\",\"ignoredWorkerServices\",\"wdi5\"]"}]}
COMMAND: POST /session/a230b9fa5e58e47def27534e3d005bf9/execute/async - {"script":"<script> [21126 bytes]","args":[35000]}
RESULT: {"script":"<script> [21126 bytes]","args":[35000]}
COMMAND: POST /session/a230b9fa5e58e47def27534e3d005bf9/window/maximize - {}
RESULT: {}
COMMAND: POST /session/a230b9fa5e58e47def27534e3d005bf9/execute/async - {"script":"<script> [1562 bytes]","args":[{"selector":{"id":"shell-header","interaction":{"idSuffix":"icon"}},"wdio_ui5_key":"shellheader"}]}
COMMAND: GET /session/a230b9fa5e58e47def27534e3d005bf9/screenshot - {}
RESULT: {"script":"<script> [1562 bytes]","args":[{"selector":{"id":"shell-header","interaction":{"idSuffix":"icon"}},"wdio_ui5_key":"shellheader"}]}
RESULT: undefined
]]></system-out>
    </testcase>
  </testsuite>
  <testsuite timestamp="2025-04-28T16:32:36" time="381.217" tests="6" failures="0" errors="0" skipped="0">
    <properties>
      <property name="specId" value="0" />
      <property name="suiteName" value="Provide to Site w/ warehouse management w/ clarification US115878" />
      <property name="capabilities" value="chrome.135_0_7049_96.windows" />
      <property name="file" value="file:///D:/a/1/s/test/specs/HTR/provide-to-site-w-warehouse-w-clarification.spec.js" />
    </properties>
    <testcase classname="chrome.135_0_7049_96.windows.Provide_to_Site_w/_warehouse_management_w/_clarification_US115878" name="Should create a WHM yard" time="94.333">
      <system-out><![CDATA[
COMMAND: POST /session/a230b9fa5e58e47def27534e3d005bf9/execute/async - {"script":"<script> [1562 bytes]","args":[{"selector":{"controlType":"sap.m.GenericTile","properties":{"header":"Manage Yards"}},"wdio_ui5_key":"sapm.GenericTile{\"header\":\"Manage Yards\"}"}]}
RESULT: {}
RESULT: {"script":"<script> [1562 bytes]","args":[{"selector":{"controlType":"sap.m.GenericTile","properties":{"header":"Manage Yards"}},"wdio_ui5_key":"sapm.GenericTile{\"header\":\"Manage Yards\"}"}]}
RESULT: undefined
COMMAND: POST /session/a230b9fa5e58e47def27534e3d005bf9/element - {"using":"xpath","value":"//*[@id=\"__tile33\"]"}
RESULT: {"using":"xpath","value":"//*[@id=\"__tile33\"]"}
COMMAND: POST /session/a230b9fa5e58e47def27534e3d005bf9/element/f.5A792F38359A1C743AD3061B3E5B94B4.d.9B9CBF4CBF9EFEAB8B54F38F07E78849.e.4145/click - {}
RESULT: {}
COMMAND: POST /session/a230b9fa5e58e47def27534e3d005bf9/execute/async - {"script":"<script> [1562 bytes]","args":[{"selector":{"controlType":"sap.ui.core.Icon","viewName":"etm.portal.ui.manageyards.view.Master","viewId":"application-manageyards-display-component---masterYard","properties":{"src":{"regex":{"source":"add"}}}},"wdio_ui5_key":"etmportal.ui.manageyards.view.Mastersap.ui.core.Icon{\"src\":{\"regex\":{\"source\":\"add\"}}}"}]}
COMMAND: GET /session/a230b9fa5e58e47def27534e3d005bf9/screenshot - {}
RESULT: {"script":"<script> [1562 bytes]","args":[{"selector":{"controlType":"sap.ui.core.Icon","viewName":"etm.portal.ui.manageyards.view.Master","viewId":"application-manageyards-display-component---masterYard","properties":{"src":{"regex":{"source":"add"}}}},"wdio_ui5_key":"etmportal.ui.manageyards.view.Mastersap.ui.core.Icon{\"src\":{\"regex\":{\"source\":\"add\"}}}"}]}
RESULT: undefined
COMMAND: POST /session/a230b9fa5e58e47def27534e3d005bf9/element - {"using":"xpath","value":"//*[@id=\"__button4-img\"]"}
RESULT: {}
RESULT: {"using":"xpath","value":"//*[@id=\"__button4-img\"]"}
COMMAND: POST /session/a230b9fa5e58e47def27534e3d005bf9/element/f.5A792F38359A1C743AD3061B3E5B94B4.d.9B9CBF4CBF9EFEAB8B54F38F07E78849.e.4276/click - {}
RESULT: {}
COMMAND: POST /session/a230b9fa5e58e47def27534e3d005bf9/execute/async - {"script":"<script> [1562 bytes]","args":[{"selector":{"id":"application-manageyards-display-component---NewYard--addressDetailDetailsName1","interaction":{"idSuffix":"inner"}},"wdio_ui5_key":"applicationmanageyards-display-component---NewYard--addressDetailDetailsName1"}]}
COMMAND: GET /session/a230b9fa5e58e47def27534e3d005bf9/screenshot - {}
RESULT: {"script":"<script> [1562 bytes]","args":[{"selector":{"id":"application-manageyards-display-component---NewYard--addressDetailDetailsName1","interaction":{"idSuffix":"inner"}},"wdio_ui5_key":"applicationmanageyards-display-component---NewYard--addressDetailDetailsName1"}]}
RESULT: undefined
COMMAND: POST /session/a230b9fa5e58e47def27534e3d005bf9/execute/async - {"script":"<script> [776 bytes]","args":[{"enterText":"warehouse managed Yard","selector":{"id":"application-manageyards-display-component---NewYard--addressDetailDetailsName1","interaction":{"idSuffix":"inner"}},"clearTextFirst":true,"interactionType":"ENTER_TEXT"}]}
RESULT: {}
RESULT: {"script":"<script> [776 bytes]","args":[{"enterText":"warehouse managed Yard","selector":{"id":"application-manageyards-display-component---NewYard--addressDetailDetailsName1","interaction":{"idSuffix":"inner"}},"clearTextFirst":true,"interactionType":"ENTER_TEXT"}]}
COMMAND: POST /session/a230b9fa5e58e47def27534e3d005bf9/execute/async - {"script":"<script> [1562 bytes]","args":[{"selector":{"id":"application-manageyards-display-component---NewYard--addressDetailDetailsLanguage-arrow"},"wdio_ui5_key":"applicationmanageyards-display-component---NewYard--addressDetailDetailsLanguage-arrow"}]}
RESULT: {"script":"<script> [1562 bytes]","args":[{"selector":{"id":"application-manageyards-display-component---NewYard--addressDetailDetailsLanguage-arrow"},"wdio_ui5_key":"applicationmanageyards-display-component---NewYard--addressDetailDetailsLanguage-arrow"}]}
RESULT: undefined
COMMAND: POST /session/a230b9fa5e58e47def27534e3d005bf9/element - {"using":"xpath","value":"//*[@id=\"application-manageyards-display-component---NewYard--addressDetailDetailsLanguage-arrow\"]"}
RESULT: {"using":"xpath","value":"//*[@id=\"application-manageyards-display-component---NewYard--addressDetailDetailsLanguage-arrow\"]"}
COMMAND: POST /session/a230b9fa5e58e47def27534e3d005bf9/element/f.5A792F38359A1C743AD3061B3E5B94B4.d.9B9CBF4CBF9EFEAB8B54F38F07E78849.e.4682/click - {}
RESULT: {}
COMMAND: POST /session/a230b9fa5e58e47def27534e3d005bf9/execute/async - {"script":"<script> [1562 bytes]","args":[{"selector":{"controlType":"sap.m.StandardListItem","viewName":"etm.portal.ui.manageyards.view.New","viewId":"application-manageyards-display-component---NewYard","properties":{"title":"English"},"searchOpenDialogs":true,"interaction":{"idSuffix":"content"}},"wdio_ui5_key":"etmportal.ui.manageyards.view.Newsap.m.StandardListItem{\"title\":\"English\"}"}]}
COMMAND: GET /session/a230b9fa5e58e47def27534e3d005bf9/screenshot - {}
RESULT: {"script":"<script> [1562 bytes]","args":[{"selector":{"controlType":"sap.m.StandardListItem","viewName":"etm.portal.ui.manageyards.view.New","viewId":"application-manageyards-display-component---NewYard","properties":{"title":"English"},"searchOpenDialogs":true,"interaction":{"idSuffix":"content"}},"wdio_ui5_key":"etmportal.ui.manageyards.view.Newsap.m.StandardListItem{\"title\":\"English\"}"}]}
RESULT: undefined
COMMAND: POST /session/a230b9fa5e58e47def27534e3d005bf9/element - {"using":"xpath","value":"//*[@id=\"__item99\"]"}
RESULT: {}
RESULT: {"using":"xpath","value":"//*[@id=\"__item99\"]"}
COMMAND: POST /session/a230b9fa5e58e47def27534e3d005bf9/element/f.5A792F38359A1C743AD3061B3E5B94B4.d.9B9CBF4CBF9EFEAB8B54F38F07E78849.e.4684/click - {}
RESULT: {}
COMMAND: POST /session/a230b9fa5e58e47def27534e3d005bf9/execute/async - {"script":"<script> [1562 bytes]","args":[{"selector":{"id":"application-manageyards-display-component---NewYard--addressDetailDetailsCity1","interaction":{"idSuffix":"inner"}},"wdio_ui5_key":"applicationmanageyards-display-component---NewYard--addressDetailDetailsCity1"}]}
COMMAND: GET /session/a230b9fa5e58e47def27534e3d005bf9/screenshot - {}
RESULT: {"script":"<script> [1562 bytes]","args":[{"selector":{"id":"application-manageyards-display-component---NewYard--addressDetailDetailsCity1","interaction":{"idSuffix":"inner"}},"wdio_ui5_key":"applicationmanageyards-display-component---NewYard--addressDetailDetailsCity1"}]}
RESULT: undefined
COMMAND: POST /session/a230b9fa5e58e47def27534e3d005bf9/execute/async - {"script":"<script> [776 bytes]","args":[{"enterText":"Rosario","selector":{"id":"application-manageyards-display-component---NewYard--addressDetailDetailsCity1","interaction":{"idSuffix":"inner"}},"clearTextFirst":true,"interactionType":"ENTER_TEXT"}]}
RESULT: {}
RESULT: {"script":"<script> [776 bytes]","args":[{"enterText":"Rosario","selector":{"id":"application-manageyards-display-component---NewYard--addressDetailDetailsCity1","interaction":{"idSuffix":"inner"}},"clearTextFirst":true,"interactionType":"ENTER_TEXT"}]}
COMMAND: POST /session/a230b9fa5e58e47def27534e3d005bf9/execute/async - {"script":"<script> [1562 bytes]","args":[{"selector":{"id":"application-manageyards-display-component---NewYard--addressDetailDetailsCountry-arrow"},"wdio_ui5_key":"applicationmanageyards-display-component---NewYard--addressDetailDetailsCountry-arrow"}]}
RESULT: {"script":"<script> [1562 bytes]","args":[{"selector":{"id":"application-manageyards-display-component---NewYard--addressDetailDetailsCountry-arrow"},"wdio_ui5_key":"applicationmanageyards-display-component---NewYard--addressDetailDetailsCountry-arrow"}]}
RESULT: undefined
COMMAND: POST /session/a230b9fa5e58e47def27534e3d005bf9/element - {"using":"xpath","value":"//*[@id=\"application-manageyards-display-component---NewYard--addressDetailDetailsCountry-arrow\"]"}
RESULT: {"using":"xpath","value":"//*[@id=\"application-manageyards-display-component---NewYard--addressDetailDetailsCountry-arrow\"]"}
COMMAND: POST /session/a230b9fa5e58e47def27534e3d005bf9/element/f.5A792F38359A1C743AD3061B3E5B94B4.d.9B9CBF4CBF9EFEAB8B54F38F07E78849.e.4667/click - {}
RESULT: {}
COMMAND: POST /session/a230b9fa5e58e47def27534e3d005bf9/execute/async - {"script":"<script> [1562 bytes]","args":[{"selector":{"controlType":"sap.m.StandardListItem","viewName":"etm.portal.ui.manageyards.view.New","viewId":"application-manageyards-display-component---NewYard","properties":{"title":"Argentina"},"searchOpenDialogs":true,"interaction":{"idSuffix":"content"}},"wdio_ui5_key":"etmportal.ui.manageyards.view.Newsap.m.StandardListItem{\"title\":\"Argentina\"}"}]}
COMMAND: GET /session/a230b9fa5e58e47def27534e3d005bf9/screenshot - {}
RESULT: {"script":"<script> [1562 bytes]","args":[{"selector":{"controlType":"sap.m.StandardListItem","viewName":"etm.portal.ui.manageyards.view.New","viewId":"application-manageyards-display-component---NewYard","properties":{"title":"Argentina"},"searchOpenDialogs":true,"interaction":{"idSuffix":"content"}},"wdio_ui5_key":"etmportal.ui.manageyards.view.Newsap.m.StandardListItem{\"title\":\"Argentina\"}"}]}
RESULT: undefined
COMMAND: POST /session/a230b9fa5e58e47def27534e3d005bf9/element - {"using":"xpath","value":"//*[@id=\"__item142\"]"}
RESULT: {}
RESULT: {"using":"xpath","value":"//*[@id=\"__item142\"]"}
COMMAND: POST /session/a230b9fa5e58e47def27534e3d005bf9/element/f.5A792F38359A1C743AD3061B3E5B94B4.d.9B9CBF4CBF9EFEAB8B54F38F07E78849.e.4688/click - {}
RESULT: {}
COMMAND: POST /session/a230b9fa5e58e47def27534e3d005bf9/execute/async - {"script":"<script> [1562 bytes]","args":[{"selector":{"controlType":"sap.m.Button","viewName":"etm.portal.ui.manageyards.view.New","viewId":"application-manageyards-display-component---NewYard","properties":{"text":"Commercial"},"interaction":{"idSuffix":"BDI-content"}},"wdio_ui5_key":"etmportal.ui.manageyards.view.Newsap.m.Button{\"text\":\"Commercial\"}"}]}
COMMAND: GET /session/a230b9fa5e58e47def27534e3d005bf9/screenshot - {}
RESULT: {"script":"<script> [1562 bytes]","args":[{"selector":{"controlType":"sap.m.Button","viewName":"etm.portal.ui.manageyards.view.New","viewId":"application-manageyards-display-component---NewYard","properties":{"text":"Commercial"},"interaction":{"idSuffix":"BDI-content"}},"wdio_ui5_key":"etmportal.ui.manageyards.view.Newsap.m.Button{\"text\":\"Commercial\"}"}]}
RESULT: undefined
COMMAND: POST /session/a230b9fa5e58e47def27534e3d005bf9/element - {"using":"xpath","value":"//*[@id=\"application-manageyards-display-component---NewYard--ObjectPageLayout-anchBar-__section5-anchor\"]"}
RESULT: {}
RESULT: {"using":"xpath","value":"//*[@id=\"application-manageyards-display-component---NewYard--ObjectPageLayout-anchBar-__section5-anchor\"]"}
COMMAND: POST /session/a230b9fa5e58e47def27534e3d005bf9/element/f.5A792F38359A1C743AD3061B3E5B94B4.d.9B9CBF4CBF9EFEAB8B54F38F07E78849.e.4690/click - {}
RESULT: {}
COMMAND: GET /session/a230b9fa5e58e47def27534e3d005bf9/screenshot - {}
RESULT: {}
COMMAND: POST /session/a230b9fa5e58e47def27534e3d005bf9/execute/async - {"script":"<script> [1562 bytes]","args":[{"selector":{"id":"application-manageyards-display-component---NewYard--addressEditDetailsCostObjectCstType-arrow"},"wdio_ui5_key":"applicationmanageyards-display-component---NewYard--addressEditDetailsCostObjectCstType-arrow"}]}
RESULT: {"script":"<script> [1562 bytes]","args":[{"selector":{"id":"application-manageyards-display-component---NewYard--addressEditDetailsCostObjectCstType-arrow"},"wdio_ui5_key":"applicationmanageyards-display-component---NewYard--addressEditDetailsCostObjectCstType-arrow"}]}
RESULT: undefined
COMMAND: POST /session/a230b9fa5e58e47def27534e3d005bf9/element - {"using":"xpath","value":"//*[@id=\"application-manageyards-display-component---NewYard--addressEditDetailsCostObjectCstType-arrow\"]"}
RESULT: {"using":"xpath","value":"//*[@id=\"application-manageyards-display-component---NewYard--addressEditDetailsCostObjectCstType-arrow\"]"}
COMMAND: POST /session/a230b9fa5e58e47def27534e3d005bf9/element/f.5A792F38359A1C743AD3061B3E5B94B4.d.9B9CBF4CBF9EFEAB8B54F38F07E78849.e.4706/click - {}
RESULT: {}
COMMAND: GET /session/a230b9fa5e58e47def27534e3d005bf9/screenshot - {}
RESULT: {}
COMMAND: POST /session/a230b9fa5e58e47def27534e3d005bf9/execute/async - {"script":"<script> [1562 bytes]","args":[{"selector":{"controlType":"sap.m.StandardListItem","viewName":"etm.portal.ui.manageyards.view.New","viewId":"application-manageyards-display-component---NewYard","properties":{"title":"Cost Center"},"searchOpenDialogs":true,"interaction":{"idSuffix":"titleText"}},"wdio_ui5_key":"etmportal.ui.manageyards.view.Newsap.m.StandardListItem{\"title\":\"Cost Center\"}"}]}
RESULT: {"script":"<script> [1562 bytes]","args":[{"selector":{"controlType":"sap.m.StandardListItem","viewName":"etm.portal.ui.manageyards.view.New","viewId":"application-manageyards-display-component---NewYard","properties":{"title":"Cost Center"},"searchOpenDialogs":true,"interaction":{"idSuffix":"titleText"}},"wdio_ui5_key":"etmportal.ui.manageyards.view.Newsap.m.StandardListItem{\"title\":\"Cost Center\"}"}]}
RESULT: undefined
COMMAND: POST /session/a230b9fa5e58e47def27534e3d005bf9/element - {"using":"xpath","value":"//*[@id=\"__item232\"]"}
RESULT: {"using":"xpath","value":"//*[@id=\"__item232\"]"}
COMMAND: POST /session/a230b9fa5e58e47def27534e3d005bf9/element/f.5A792F38359A1C743AD3061B3E5B94B4.d.9B9CBF4CBF9EFEAB8B54F38F07E78849.e.4708/click - {}
RESULT: {}
COMMAND: POST /session/a230b9fa5e58e47def27534e3d005bf9/element - {"using":"xpath","value":"//input[@id=\"application-manageyards-display-component---NewYard--addressNewCostObjectCstID-inner\"]"}
COMMAND: GET /session/a230b9fa5e58e47def27534e3d005bf9/screenshot - {}
RESULT: {"using":"xpath","value":"//input[@id=\"application-manageyards-display-component---NewYard--addressNewCostObjectCstID-inner\"]"}
COMMAND: POST /session/a230b9fa5e58e47def27534e3d005bf9/element/f.5A792F38359A1C743AD3061B3E5B94B4.d.9B9CBF4CBF9EFEAB8B54F38F07E78849.e.4503/clear - {}
RESULT: {}
COMMAND: POST /session/a230b9fa5e58e47def27534e3d005bf9/element - {"using":"xpath","value":"//input[@id=\"application-manageyards-display-component---NewYard--addressNewCostObjectCstID-inner\"]"}
RESULT: {"using":"xpath","value":"//input[@id=\"application-manageyards-display-component---NewYard--addressNewCostObjectCstID-inner\"]"}
COMMAND: POST /session/a230b9fa5e58e47def27534e3d005bf9/element/f.5A792F38359A1C743AD3061B3E5B94B4.d.9B9CBF4CBF9EFEAB8B54F38F07E78849.e.4503/clear - {}
COMMAND: POST /session/a230b9fa5e58e47def27534e3d005bf9/element - {"using":"xpath","value":"//input[@id=\"application-manageyards-display-component---NewYard--addressNewCostObjectCstID-inner\"]"}
RESULT: {"using":"xpath","value":"//input[@id=\"application-manageyards-display-component---NewYard--addressNewCostObjectCstID-inner\"]"}
COMMAND: POST /session/a230b9fa5e58e47def27534e3d005bf9/element/f.5A792F38359A1C743AD3061B3E5B94B4.d.9B9CBF4CBF9EFEAB8B54F38F07E78849.e.4711/clear - {}
COMMAND: POST /session/a230b9fa5e58e47def27534e3d005bf9/element - {"using":"xpath","value":"//input[@id=\"application-manageyards-display-component---NewYard--addressNewCostObjectCstID-inner\"]"}
RESULT: {"using":"xpath","value":"//input[@id=\"application-manageyards-display-component---NewYard--addressNewCostObjectCstID-inner\"]"}
COMMAND: POST /session/a230b9fa5e58e47def27534e3d005bf9/element/f.5A792F38359A1C743AD3061B3E5B94B4.d.9B9CBF4CBF9EFEAB8B54F38F07E78849.e.4711/clear - {}
COMMAND: POST /session/a230b9fa5e58e47def27534e3d005bf9/element - {"using":"xpath","value":"//input[@id=\"application-manageyards-display-component---NewYard--addressNewCostObjectCstID-inner\"]"}
RESULT: {"using":"xpath","value":"//input[@id=\"application-manageyards-display-component---NewYard--addressNewCostObjectCstID-inner\"]"}
COMMAND: POST /session/a230b9fa5e58e47def27534e3d005bf9/element/f.5A792F38359A1C743AD3061B3E5B94B4.d.9B9CBF4CBF9EFEAB8B54F38F07E78849.e.4713/clear - {}
RESULT: {}
COMMAND: POST /session/a230b9fa5e58e47def27534e3d005bf9/element/f.5A792F38359A1C743AD3061B3E5B94B4.d.9B9CBF4CBF9EFEAB8B54F38F07E78849.e.4713/value - {"text":"10001013"}
COMMAND: GET /session/a230b9fa5e58e47def27534e3d005bf9/screenshot - {}
RESULT: {"text":"10001013"}
COMMAND: GET /session/a230b9fa5e58e47def27534e3d005bf9/screenshot - {}
RESULT: {}
RESULT: {}
COMMAND: POST /session/a230b9fa5e58e47def27534e3d005bf9/execute/async - {"script":"<script> [1562 bytes]","args":[{"selector":{"controlType":"sap.m.StandardListItem","viewName":"etm.portal.ui.manageyards.view.New","viewId":"application-manageyards-display-component---NewYard","properties":{"type":"Active"},"searchOpenDialogs":true,"interaction":{"idSuffix":"titleText"}},"wdio_ui5_key":"etmportal.ui.manageyards.view.Newsap.m.StandardListItem{\"type\":\"Active\"}"}]}
RESULT: {"script":"<script> [1562 bytes]","args":[{"selector":{"controlType":"sap.m.StandardListItem","viewName":"etm.portal.ui.manageyards.view.New","viewId":"application-manageyards-display-component---NewYard","properties":{"type":"Active"},"searchOpenDialogs":true,"interaction":{"idSuffix":"titleText"}},"wdio_ui5_key":"etmportal.ui.manageyards.view.Newsap.m.StandardListItem{\"type\":\"Active\"}"}]}
RESULT: undefined
COMMAND: POST /session/a230b9fa5e58e47def27534e3d005bf9/element - {"using":"xpath","value":"//*[@id=\"__item337\"]"}
RESULT: {"using":"xpath","value":"//*[@id=\"__item337\"]"}
COMMAND: POST /session/a230b9fa5e58e47def27534e3d005bf9/element/f.5A792F38359A1C743AD3061B3E5B94B4.d.9B9CBF4CBF9EFEAB8B54F38F07E78849.e.4717/click - {}
RESULT: {}
COMMAND: POST /session/a230b9fa5e58e47def27534e3d005bf9/execute/async - {"script":"<script> [1562 bytes]","args":[{"selector":{"id":"application-manageyards-display-component---NewYard--addressEditDetailsCurrency-arrow"},"wdio_ui5_key":"applicationmanageyards-display-component---NewYard--addressEditDetailsCurrency-arrow"}]}
COMMAND: GET /session/a230b9fa5e58e47def27534e3d005bf9/screenshot - {}
RESULT: {"script":"<script> [1562 bytes]","args":[{"selector":{"id":"application-manageyards-display-component---NewYard--addressEditDetailsCurrency-arrow"},"wdio_ui5_key":"applicationmanageyards-display-component---NewYard--addressEditDetailsCurrency-arrow"}]}
RESULT: undefined
COMMAND: POST /session/a230b9fa5e58e47def27534e3d005bf9/element - {"using":"xpath","value":"//*[@id=\"application-manageyards-display-component---NewYard--addressEditDetailsCurrency-arrow\"]"}
RESULT: {}
RESULT: {"using":"xpath","value":"//*[@id=\"application-manageyards-display-component---NewYard--addressEditDetailsCurrency-arrow\"]"}
COMMAND: POST /session/a230b9fa5e58e47def27534e3d005bf9/element/f.5A792F38359A1C743AD3061B3E5B94B4.d.9B9CBF4CBF9EFEAB8B54F38F07E78849.e.4719/click - {}
RESULT: {}
COMMAND: POST /session/a230b9fa5e58e47def27534e3d005bf9/execute/async - {"script":"<script> [1562 bytes]","args":[{"selector":{"controlType":"sap.m.StandardListItem","viewName":"etm.portal.ui.manageyards.view.New","viewId":"application-manageyards-display-component---NewYard","properties":{"title":"Euro"},"searchOpenDialogs":true,"interaction":{"idSuffix":"content"}},"wdio_ui5_key":"etmportal.ui.manageyards.view.Newsap.m.StandardListItem{\"title\":\"Euro\"}"}]}
COMMAND: GET /session/a230b9fa5e58e47def27534e3d005bf9/screenshot - {}
RESULT: {"script":"<script> [1562 bytes]","args":[{"selector":{"controlType":"sap.m.StandardListItem","viewName":"etm.portal.ui.manageyards.view.New","viewId":"application-manageyards-display-component---NewYard","properties":{"title":"Euro"},"searchOpenDialogs":true,"interaction":{"idSuffix":"content"}},"wdio_ui5_key":"etmportal.ui.manageyards.view.Newsap.m.StandardListItem{\"title\":\"Euro\"}"}]}
RESULT: undefined
COMMAND: POST /session/a230b9fa5e58e47def27534e3d005bf9/element - {"using":"xpath","value":"//*[@id=\"__item338\"]"}
RESULT: {}
RESULT: {"using":"xpath","value":"//*[@id=\"__item338\"]"}
COMMAND: POST /session/a230b9fa5e58e47def27534e3d005bf9/element/f.5A792F38359A1C743AD3061B3E5B94B4.d.9B9CBF4CBF9EFEAB8B54F38F07E78849.e.4721/click - {}
RESULT: {}
COMMAND: POST /session/a230b9fa5e58e47def27534e3d005bf9/execute/async - {"script":"<script> [1562 bytes]","args":[{"selector":{"controlType":"sap.m.Input","viewName":"etm.portal.ui.manageyards.view.New","viewId":"application-manageyards-display-component---NewYard","bindingPath":{"path":"","propertyPath":"/CONTROLLING_AREA","modelName":"NewYardModel"},"interaction":{"idSuffix":"inner"}},"wdio_ui5_key":"etmportal.ui.manageyards.view.Newsap.m.Input{\"path\":\"\",\"propertyPath\":\"/CONTROLLING_AREA\",\"modelName\":\"NewYardModel\"}"}]}
COMMAND: GET /session/a230b9fa5e58e47def27534e3d005bf9/screenshot - {}
RESULT: {"script":"<script> [1562 bytes]","args":[{"selector":{"controlType":"sap.m.Input","viewName":"etm.portal.ui.manageyards.view.New","viewId":"application-manageyards-display-component---NewYard","bindingPath":{"path":"","propertyPath":"/CONTROLLING_AREA","modelName":"NewYardModel"},"interaction":{"idSuffix":"inner"}},"wdio_ui5_key":"etmportal.ui.manageyards.view.Newsap.m.Input{\"path\":\"\",\"propertyPath\":\"/CONTROLLING_AREA\",\"modelName\":\"NewYardModel\"}"}]}
RESULT: undefined
COMMAND: POST /session/a230b9fa5e58e47def27534e3d005bf9/execute/async - {"script":"<script> [776 bytes]","args":[{"enterText":"Z001","selector":{"controlType":"sap.m.Input","viewName":"etm.portal.ui.manageyards.view.New","viewId":"application-manageyards-display-component---NewYard","bindingPath":{"path":"","propertyPath":"/CONTROLLING_AREA","modelName":"NewYardModel"},"interaction":{"idSuffix":"inner"}},"clearTextFirst":true,"interactionType":"ENTER_TEXT"}]}
RESULT: {}
RESULT: {"script":"<script> [776 bytes]","args":[{"enterText":"Z001","selector":{"controlType":"sap.m.Input","viewName":"etm.portal.ui.manageyards.view.New","viewId":"application-manageyards-display-component---NewYard","bindingPath":{"path":"","propertyPath":"/CONTROLLING_AREA","modelName":"NewYardModel"},"interaction":{"idSuffix":"inner"}},"clearTextFirst":true,"interactionType":"ENTER_TEXT"}]}
COMMAND: POST /session/a230b9fa5e58e47def27534e3d005bf9/execute/async - {"script":"<script> [1562 bytes]","args":[{"selector":{"id":"application-manageyards-display-component---NewYard--companyCodeComboBox","interaction":{"idSuffix":"inner"}},"wdio_ui5_key":"applicationmanageyards-display-component---NewYard--companyCodeComboBox"}]}
RESULT: {"script":"<script> [1562 bytes]","args":[{"selector":{"id":"application-manageyards-display-component---NewYard--companyCodeComboBox","interaction":{"idSuffix":"inner"}},"wdio_ui5_key":"applicationmanageyards-display-component---NewYard--companyCodeComboBox"}]}
RESULT: undefined
COMMAND: POST /session/a230b9fa5e58e47def27534e3d005bf9/execute/async - {"script":"<script> [776 bytes]","args":[{"enterText":"1000","selector":{"id":"application-manageyards-display-component---NewYard--companyCodeComboBox","interaction":{"idSuffix":"inner"}},"clearTextFirst":true,"interactionType":"ENTER_TEXT"}]}
RESULT: {"script":"<script> [776 bytes]","args":[{"enterText":"1000","selector":{"id":"application-manageyards-display-component---NewYard--companyCodeComboBox","interaction":{"idSuffix":"inner"}},"clearTextFirst":true,"interactionType":"ENTER_TEXT"}]}
COMMAND: POST /session/a230b9fa5e58e47def27534e3d005bf9/execute/async - {"script":"<script> [1562 bytes]","args":[{"selector":{"controlType":"sap.m.Input","viewName":"etm.portal.ui.manageyards.view.New","viewId":"application-manageyards-display-component---NewYard","bindingPath":{"path":"","propertyPath":"/PLANT","modelName":"NewYardModel"},"interaction":{"idSuffix":"inner"}},"wdio_ui5_key":"etmportal.ui.manageyards.view.Newsap.m.Input{\"path\":\"\",\"propertyPath\":\"/PLANT\",\"modelName\":\"NewYardModel\"}"}]}
RESULT: {"script":"<script> [1562 bytes]","args":[{"selector":{"controlType":"sap.m.Input","viewName":"etm.portal.ui.manageyards.view.New","viewId":"application-manageyards-display-component---NewYard","bindingPath":{"path":"","propertyPath":"/PLANT","modelName":"NewYardModel"},"interaction":{"idSuffix":"inner"}},"wdio_ui5_key":"etmportal.ui.manageyards.view.Newsap.m.Input{\"path\":\"\",\"propertyPath\":\"/PLANT\",\"modelName\":\"NewYardModel\"}"}]}
RESULT: undefined
COMMAND: POST /session/a230b9fa5e58e47def27534e3d005bf9/execute/async - {"script":"<script> [776 bytes]","args":[{"enterText":"1001","selector":{"controlType":"sap.m.Input","viewName":"etm.portal.ui.manageyards.view.New","viewId":"application-manageyards-display-component---NewYard","bindingPath":{"path":"","propertyPath":"/PLANT","modelName":"NewYardModel"},"interaction":{"idSuffix":"inner"}},"clearTextFirst":true,"interactionType":"ENTER_TEXT"}]}
RESULT: {"script":"<script> [776 bytes]","args":[{"enterText":"1001","selector":{"controlType":"sap.m.Input","viewName":"etm.portal.ui.manageyards.view.New","viewId":"application-manageyards-display-component---NewYard","bindingPath":{"path":"","propertyPath":"/PLANT","modelName":"NewYardModel"},"interaction":{"idSuffix":"inner"}},"clearTextFirst":true,"interactionType":"ENTER_TEXT"}]}
COMMAND: POST /session/a230b9fa5e58e47def27534e3d005bf9/execute/async - {"script":"<script> [1562 bytes]","args":[{"selector":{"controlType":"sap.m.Input","viewName":"etm.portal.ui.manageyards.view.New","viewId":"application-manageyards-display-component---NewYard","bindingPath":{"path":"","propertyPath":"/SALES_AREA_VKORG","modelName":"NewYardModel"},"interaction":{"idSuffix":"inner"}},"wdio_ui5_key":"etmportal.ui.manageyards.view.Newsap.m.Input{\"path\":\"\",\"propertyPath\":\"/SALES_AREA_VKORG\",\"modelName\":\"NewYardModel\"}"}]}
RESULT: {"script":"<script> [1562 bytes]","args":[{"selector":{"controlType":"sap.m.Input","viewName":"etm.portal.ui.manageyards.view.New","viewId":"application-manageyards-display-component---NewYard","bindingPath":{"path":"","propertyPath":"/SALES_AREA_VKORG","modelName":"NewYardModel"},"interaction":{"idSuffix":"inner"}},"wdio_ui5_key":"etmportal.ui.manageyards.view.Newsap.m.Input{\"path\":\"\",\"propertyPath\":\"/SALES_AREA_VKORG\",\"modelName\":\"NewYardModel\"}"}]}
RESULT: undefined
COMMAND: POST /session/a230b9fa5e58e47def27534e3d005bf9/execute/async - {"script":"<script> [776 bytes]","args":[{"enterText":"C002","selector":{"controlType":"sap.m.Input","viewName":"etm.portal.ui.manageyards.view.New","viewId":"application-manageyards-display-component---NewYard","bindingPath":{"path":"","propertyPath":"/SALES_AREA_VKORG","modelName":"NewYardModel"},"interaction":{"idSuffix":"inner"}},"clearTextFirst":true,"interactionType":"ENTER_TEXT"}]}
RESULT: {"script":"<script> [776 bytes]","args":[{"enterText":"C002","selector":{"controlType":"sap.m.Input","viewName":"etm.portal.ui.manageyards.view.New","viewId":"application-manageyards-display-component---NewYard","bindingPath":{"path":"","propertyPath":"/SALES_AREA_VKORG","modelName":"NewYardModel"},"interaction":{"idSuffix":"inner"}},"clearTextFirst":true,"interactionType":"ENTER_TEXT"}]}
COMMAND: POST /session/a230b9fa5e58e47def27534e3d005bf9/execute/async - {"script":"<script> [1562 bytes]","args":[{"selector":{"controlType":"sap.m.Input","viewName":"etm.portal.ui.manageyards.view.New","viewId":"application-manageyards-display-component---NewYard","bindingPath":{"path":"","propertyPath":"/SALES_AREA_VTWEG","modelName":"NewYardModel"},"interaction":{"idSuffix":"inner"}},"wdio_ui5_key":"etmportal.ui.manageyards.view.Newsap.m.Input{\"path\":\"\",\"propertyPath\":\"/SALES_AREA_VTWEG\",\"modelName\":\"NewYardModel\"}"}]}
RESULT: {"script":"<script> [1562 bytes]","args":[{"selector":{"controlType":"sap.m.Input","viewName":"etm.portal.ui.manageyards.view.New","viewId":"application-manageyards-display-component---NewYard","bindingPath":{"path":"","propertyPath":"/SALES_AREA_VTWEG","modelName":"NewYardModel"},"interaction":{"idSuffix":"inner"}},"wdio_ui5_key":"etmportal.ui.manageyards.view.Newsap.m.Input{\"path\":\"\",\"propertyPath\":\"/SALES_AREA_VTWEG\",\"modelName\":\"NewYardModel\"}"}]}
RESULT: undefined
COMMAND: POST /session/a230b9fa5e58e47def27534e3d005bf9/execute/async - {"script":"<script> [776 bytes]","args":[{"enterText":"C2","selector":{"controlType":"sap.m.Input","viewName":"etm.portal.ui.manageyards.view.New","viewId":"application-manageyards-display-component---NewYard","bindingPath":{"path":"","propertyPath":"/SALES_AREA_VTWEG","modelName":"NewYardModel"},"interaction":{"idSuffix":"inner"}},"clearTextFirst":true,"interactionType":"ENTER_TEXT"}]}
RESULT: {"script":"<script> [776 bytes]","args":[{"enterText":"C2","selector":{"controlType":"sap.m.Input","viewName":"etm.portal.ui.manageyards.view.New","viewId":"application-manageyards-display-component---NewYard","bindingPath":{"path":"","propertyPath":"/SALES_AREA_VTWEG","modelName":"NewYardModel"},"interaction":{"idSuffix":"inner"}},"clearTextFirst":true,"interactionType":"ENTER_TEXT"}]}
COMMAND: POST /session/a230b9fa5e58e47def27534e3d005bf9/execute/async - {"script":"<script> [1562 bytes]","args":[{"selector":{"controlType":"sap.m.Input","viewName":"etm.portal.ui.manageyards.view.New","viewId":"application-manageyards-display-component---NewYard","bindingPath":{"path":"","propertyPath":"/SALES_AREA_SPART","modelName":"NewYardModel"},"interaction":{"idSuffix":"inner"}},"wdio_ui5_key":"etmportal.ui.manageyards.view.Newsap.m.Input{\"path\":\"\",\"propertyPath\":\"/SALES_AREA_SPART\",\"modelName\":\"NewYardModel\"}"}]}
RESULT: {"script":"<script> [1562 bytes]","args":[{"selector":{"controlType":"sap.m.Input","viewName":"etm.portal.ui.manageyards.view.New","viewId":"application-manageyards-display-component---NewYard","bindingPath":{"path":"","propertyPath":"/SALES_AREA_SPART","modelName":"NewYardModel"},"interaction":{"idSuffix":"inner"}},"wdio_ui5_key":"etmportal.ui.manageyards.view.Newsap.m.Input{\"path\":\"\",\"propertyPath\":\"/SALES_AREA_SPART\",\"modelName\":\"NewYardModel\"}"}]}
RESULT: undefined
COMMAND: POST /session/a230b9fa5e58e47def27534e3d005bf9/execute/async - {"script":"<script> [776 bytes]","args":[{"enterText":"C2","selector":{"controlType":"sap.m.Input","viewName":"etm.portal.ui.manageyards.view.New","viewId":"application-manageyards-display-component---NewYard","bindingPath":{"path":"","propertyPath":"/SALES_AREA_SPART","modelName":"NewYardModel"},"interaction":{"idSuffix":"inner"}},"clearTextFirst":true,"interactionType":"ENTER_TEXT"}]}
RESULT: {"script":"<script> [776 bytes]","args":[{"enterText":"C2","selector":{"controlType":"sap.m.Input","viewName":"etm.portal.ui.manageyards.view.New","viewId":"application-manageyards-display-component---NewYard","bindingPath":{"path":"","propertyPath":"/SALES_AREA_SPART","modelName":"NewYardModel"},"interaction":{"idSuffix":"inner"}},"clearTextFirst":true,"interactionType":"ENTER_TEXT"}]}
COMMAND: POST /session/a230b9fa5e58e47def27534e3d005bf9/execute/async - {"script":"<script> [1562 bytes]","args":[{"selector":{"controlType":"sap.m.Input","viewName":"etm.portal.ui.manageyards.view.New","viewId":"application-manageyards-display-component---NewYard","bindingPath":{"path":"","propertyPath":"/SHIP_POINT","modelName":"NewYardModel"},"interaction":{"idSuffix":"inner"}},"wdio_ui5_key":"etmportal.ui.manageyards.view.Newsap.m.Input{\"path\":\"\",\"propertyPath\":\"/SHIP_POINT\",\"modelName\":\"NewYardModel\"}"}]}
RESULT: {"script":"<script> [1562 bytes]","args":[{"selector":{"controlType":"sap.m.Input","viewName":"etm.portal.ui.manageyards.view.New","viewId":"application-manageyards-display-component---NewYard","bindingPath":{"path":"","propertyPath":"/SHIP_POINT","modelName":"NewYardModel"},"interaction":{"idSuffix":"inner"}},"wdio_ui5_key":"etmportal.ui.manageyards.view.Newsap.m.Input{\"path\":\"\",\"propertyPath\":\"/SHIP_POINT\",\"modelName\":\"NewYardModel\"}"}]}
RESULT: undefined
COMMAND: POST /session/a230b9fa5e58e47def27534e3d005bf9/execute/async - {"script":"<script> [776 bytes]","args":[{"enterText":"1710","selector":{"controlType":"sap.m.Input","viewName":"etm.portal.ui.manageyards.view.New","viewId":"application-manageyards-display-component---NewYard","bindingPath":{"path":"","propertyPath":"/SHIP_POINT","modelName":"NewYardModel"},"interaction":{"idSuffix":"inner"}},"clearTextFirst":true,"interactionType":"ENTER_TEXT"}]}
RESULT: {"script":"<script> [776 bytes]","args":[{"enterText":"1710","selector":{"controlType":"sap.m.Input","viewName":"etm.portal.ui.manageyards.view.New","viewId":"application-manageyards-display-component---NewYard","bindingPath":{"path":"","propertyPath":"/SHIP_POINT","modelName":"NewYardModel"},"interaction":{"idSuffix":"inner"}},"clearTextFirst":true,"interactionType":"ENTER_TEXT"}]}
COMMAND: POST /session/a230b9fa5e58e47def27534e3d005bf9/execute/async - {"script":"<script> [1562 bytes]","args":[{"selector":{"controlType":"sap.m.Input","viewName":"etm.portal.ui.manageyards.view.New","viewId":"application-manageyards-display-component---NewYard","bindingPath":{"path":"","propertyPath":"/DELIVERY_TYPE","modelName":"NewYardModel"},"interaction":{"idSuffix":"inner"}},"wdio_ui5_key":"etmportal.ui.manageyards.view.Newsap.m.Input{\"path\":\"\",\"propertyPath\":\"/DELIVERY_TYPE\",\"modelName\":\"NewYardModel\"}"}]}
RESULT: {"script":"<script> [1562 bytes]","args":[{"selector":{"controlType":"sap.m.Input","viewName":"etm.portal.ui.manageyards.view.New","viewId":"application-manageyards-display-component---NewYard","bindingPath":{"path":"","propertyPath":"/DELIVERY_TYPE","modelName":"NewYardModel"},"interaction":{"idSuffix":"inner"}},"wdio_ui5_key":"etmportal.ui.manageyards.view.Newsap.m.Input{\"path\":\"\",\"propertyPath\":\"/DELIVERY_TYPE\",\"modelName\":\"NewYardModel\"}"}]}
RESULT: undefined
COMMAND: POST /session/a230b9fa5e58e47def27534e3d005bf9/execute/async - {"script":"<script> [776 bytes]","args":[{"enterText":"ZL01","selector":{"controlType":"sap.m.Input","viewName":"etm.portal.ui.manageyards.view.New","viewId":"application-manageyards-display-component---NewYard","bindingPath":{"path":"","propertyPath":"/DELIVERY_TYPE","modelName":"NewYardModel"},"interaction":{"idSuffix":"inner"}},"clearTextFirst":true,"interactionType":"ENTER_TEXT"}]}
RESULT: {"script":"<script> [776 bytes]","args":[{"enterText":"ZL01","selector":{"controlType":"sap.m.Input","viewName":"etm.portal.ui.manageyards.view.New","viewId":"application-manageyards-display-component---NewYard","bindingPath":{"path":"","propertyPath":"/DELIVERY_TYPE","modelName":"NewYardModel"},"interaction":{"idSuffix":"inner"}},"clearTextFirst":true,"interactionType":"ENTER_TEXT"}]}
COMMAND: POST /session/a230b9fa5e58e47def27534e3d005bf9/execute/async - {"script":"<script> [1562 bytes]","args":[{"selector":{"controlType":"sap.m.Input","viewName":"etm.portal.ui.manageyards.view.New","viewId":"application-manageyards-display-component---NewYard","bindingPath":{"path":"","propertyPath":"/AUART","modelName":"NewYardModel"},"interaction":{"idSuffix":"inner"}},"wdio_ui5_key":"etmportal.ui.manageyards.view.Newsap.m.Input{\"path\":\"\",\"propertyPath\":\"/AUART\",\"modelName\":\"NewYardModel\"}"}]}
RESULT: {"script":"<script> [1562 bytes]","args":[{"selector":{"controlType":"sap.m.Input","viewName":"etm.portal.ui.manageyards.view.New","viewId":"application-manageyards-display-component---NewYard","bindingPath":{"path":"","propertyPath":"/AUART","modelName":"NewYardModel"},"interaction":{"idSuffix":"inner"}},"wdio_ui5_key":"etmportal.ui.manageyards.view.Newsap.m.Input{\"path\":\"\",\"propertyPath\":\"/AUART\",\"modelName\":\"NewYardModel\"}"}]}
RESULT: undefined
COMMAND: POST /session/a230b9fa5e58e47def27534e3d005bf9/execute/async - {"script":"<script> [776 bytes]","args":[{"enterText":"TA","selector":{"controlType":"sap.m.Input","viewName":"etm.portal.ui.manageyards.view.New","viewId":"application-manageyards-display-component---NewYard","bindingPath":{"path":"","propertyPath":"/AUART","modelName":"NewYardModel"},"interaction":{"idSuffix":"inner"}},"clearTextFirst":true,"interactionType":"ENTER_TEXT"}]}
RESULT: {"script":"<script> [776 bytes]","args":[{"enterText":"TA","selector":{"controlType":"sap.m.Input","viewName":"etm.portal.ui.manageyards.view.New","viewId":"application-manageyards-display-component---NewYard","bindingPath":{"path":"","propertyPath":"/AUART","modelName":"NewYardModel"},"interaction":{"idSuffix":"inner"}},"clearTextFirst":true,"interactionType":"ENTER_TEXT"}]}
COMMAND: POST /session/a230b9fa5e58e47def27534e3d005bf9/execute/async - {"script":"<script> [1562 bytes]","args":[{"selector":{"id":"application-manageyards-display-component---NewYard--whmCheckBox","interaction":{"idSuffix":"CbBg"}},"wdio_ui5_key":"applicationmanageyards-display-component---NewYard--whmCheckBox"}]}
RESULT: {"script":"<script> [1562 bytes]","args":[{"selector":{"id":"application-manageyards-display-component---NewYard--whmCheckBox","interaction":{"idSuffix":"CbBg"}},"wdio_ui5_key":"applicationmanageyards-display-component---NewYard--whmCheckBox"}]}
RESULT: undefined
COMMAND: POST /session/a230b9fa5e58e47def27534e3d005bf9/element - {"using":"xpath","value":"//*[@id=\"application-manageyards-display-component---NewYard--whmCheckBox\"]"}
RESULT: {"using":"xpath","value":"//*[@id=\"application-manageyards-display-component---NewYard--whmCheckBox\"]"}
COMMAND: POST /session/a230b9fa5e58e47def27534e3d005bf9/element/f.5A792F38359A1C743AD3061B3E5B94B4.d.9B9CBF4CBF9EFEAB8B54F38F07E78849.e.4732/click - {}
RESULT: {}
COMMAND: POST /session/a230b9fa5e58e47def27534e3d005bf9/execute/async - {"script":"<script> [1562 bytes]","args":[{"selector":{"controlType":"sap.m.Button","viewName":"etm.portal.ui.manageyards.view.New","viewId":"application-manageyards-display-component---NewYard","i18NText":{"propertyName":"text","key":"save"},"interaction":{"idSuffix":"BDI-content"}},"wdio_ui5_key":"etmportal.ui.manageyards.view.Newsap.m.Button{\"propertyName\":\"text\",\"key\":\"save\"}"}]}
COMMAND: GET /session/a230b9fa5e58e47def27534e3d005bf9/screenshot - {}
RESULT: {"script":"<script> [1562 bytes]","args":[{"selector":{"controlType":"sap.m.Button","viewName":"etm.portal.ui.manageyards.view.New","viewId":"application-manageyards-display-component---NewYard","i18NText":{"propertyName":"text","key":"save"},"interaction":{"idSuffix":"BDI-content"}},"wdio_ui5_key":"etmportal.ui.manageyards.view.Newsap.m.Button{\"propertyName\":\"text\",\"key\":\"save\"}"}]}
RESULT: undefined
COMMAND: POST /session/a230b9fa5e58e47def27534e3d005bf9/element - {"using":"xpath","value":"//*[@id=\"__button18\"]"}
RESULT: {}
RESULT: {"using":"xpath","value":"//*[@id=\"__button18\"]"}
COMMAND: POST /session/a230b9fa5e58e47def27534e3d005bf9/element/f.5A792F38359A1C743AD3061B3E5B94B4.d.9B9CBF4CBF9EFEAB8B54F38F07E78849.e.4663/click - {}
RESULT: {}
COMMAND: GET /session/a230b9fa5e58e47def27534e3d005bf9/screenshot - {}
RESULT: {}
COMMAND: POST /session/a230b9fa5e58e47def27534e3d005bf9/execute/async - {"script":"<script> [1562 bytes]","args":[{"selector":{"controlType":"sap.m.Text","viewName":"etm.portal.ui.manageyards.view.Detail","viewId":"application-manageyards-display-component---detailYard","bindingPath":{"propertyPath":"ID","modelName":"catalogModel"}},"wdio_ui5_key":"etmportal.ui.manageyards.view.Detailsap.m.Text{\"propertyPath\":\"ID\",\"modelName\":\"catalogModel\"}"}]}
RESULT: {"script":"<script> [1562 bytes]","args":[{"selector":{"controlType":"sap.m.Text","viewName":"etm.portal.ui.manageyards.view.Detail","viewId":"application-manageyards-display-component---detailYard","bindingPath":{"propertyPath":"ID","modelName":"catalogModel"}},"wdio_ui5_key":"etmportal.ui.manageyards.view.Detailsap.m.Text{\"propertyPath\":\"ID\",\"modelName\":\"catalogModel\"}"}]}
RESULT: undefined
COMMAND: POST /session/a230b9fa5e58e47def27534e3d005bf9/execute/async - {"script":"<script> [6424 bytes]","args":[{"element-6066-11e4-a52e-4f735466cecf":"f.5A792F38359A1C743AD3061B3E5B94B4.d.9B9CBF4CBF9EFEAB8B54F38F07E78849.e.4928"},"getText",[]]}
RESULT: {"script":"<script> [6424 bytes]","args":[{"element-6066-11e4-a52e-4f735466cecf":"f.5A792F38359A1C743AD3061B3E5B94B4.d.9B9CBF4CBF9EFEAB8B54F38F07E78849.e.4928"},"getText",[]]}
COMMAND: POST /session/a230b9fa5e58e47def27534e3d005bf9/element - {"using":"css selector","value":"#shell-header-logo"}
RESULT: {"using":"css selector","value":"#shell-header-logo"}
COMMAND: POST /session/a230b9fa5e58e47def27534e3d005bf9/element/f.5A792F38359A1C743AD3061B3E5B94B4.d.9B9CBF4CBF9EFEAB8B54F38F07E78849.e.4114/click - {}
RESULT: {}
COMMAND: GET /session/a230b9fa5e58e47def27534e3d005bf9/screenshot - {}
RESULT: {}
]]></system-out>
    </testcase>
    <testcase classname="chrome.135_0_7049_96.windows.Provide_to_Site_w/_warehouse_management_w/_clarification_US115878" name="Should create WHM site" time="53.723">
      <system-out><![CDATA[
COMMAND: POST /session/a230b9fa5e58e47def27534e3d005bf9/execute/async - {"script":"<script> [1562 bytes]","args":[{"selector":{"controlType":"sap.m.GenericTile","properties":{"header":"Manage Sites"}},"wdio_ui5_key":"sapm.GenericTile{\"header\":\"Manage Sites\"}"}]}
RESULT: {"script":"<script> [1562 bytes]","args":[{"selector":{"controlType":"sap.m.GenericTile","properties":{"header":"Manage Sites"}},"wdio_ui5_key":"sapm.GenericTile{\"header\":\"Manage Sites\"}"}]}
RESULT: undefined
COMMAND: POST /session/a230b9fa5e58e47def27534e3d005bf9/element - {"using":"xpath","value":"//*[@id=\"__tile32\"]"}
RESULT: {"using":"xpath","value":"//*[@id=\"__tile32\"]"}
COMMAND: POST /session/a230b9fa5e58e47def27534e3d005bf9/element/f.5A792F38359A1C743AD3061B3E5B94B4.d.9B9CBF4CBF9EFEAB8B54F38F07E78849.e.4142/click - {}
RESULT: {}
COMMAND: GET /session/a230b9fa5e58e47def27534e3d005bf9/screenshot - {}
RESULT: {}
COMMAND: POST /session/a230b9fa5e58e47def27534e3d005bf9/execute/async - {"script":"<script> [1562 bytes]","args":[{"selector":{"controlType":"sap.ui.core.Icon","viewName":"etm.portal.ui.managesites.view.Master","viewId":"application-managesites-display-component---masterSite","properties":{"src":{"regex":{"source":"add"}}}},"wdio_ui5_key":"etmportal.ui.managesites.view.Mastersap.ui.core.Icon{\"src\":{\"regex\":{\"source\":\"add\"}}}"}]}
RESULT: {"script":"<script> [1562 bytes]","args":[{"selector":{"controlType":"sap.ui.core.Icon","viewName":"etm.portal.ui.managesites.view.Master","viewId":"application-managesites-display-component---masterSite","properties":{"src":{"regex":{"source":"add"}}}},"wdio_ui5_key":"etmportal.ui.managesites.view.Mastersap.ui.core.Icon{\"src\":{\"regex\":{\"source\":\"add\"}}}"}]}
RESULT: undefined
COMMAND: POST /session/a230b9fa5e58e47def27534e3d005bf9/element - {"using":"xpath","value":"//*[@id=\"__button64-img\"]"}
RESULT: {"using":"xpath","value":"//*[@id=\"__button64-img\"]"}
COMMAND: POST /session/a230b9fa5e58e47def27534e3d005bf9/element/f.5A792F38359A1C743AD3061B3E5B94B4.d.9B9CBF4CBF9EFEAB8B54F38F07E78849.e.4979/click - {}
RESULT: {}
COMMAND: GET /session/a230b9fa5e58e47def27534e3d005bf9/screenshot - {}
RESULT: {}
COMMAND: POST /session/a230b9fa5e58e47def27534e3d005bf9/execute/async - {"script":"<script> [1562 bytes]","args":[{"selector":{"controlType":"sap.m.Button","viewName":"etm.portal.ui.managesites.view.NewSmartSite","viewId":"application-managesites-display-component---NewSite","properties":{"text":"General Information"},"interaction":{"idSuffix":"BDI-content"}},"wdio_ui5_key":"etmportal.ui.managesites.view.NewSmartSitesap.m.Button{\"text\":\"General Information\"}"}]}
RESULT: {"script":"<script> [1562 bytes]","args":[{"selector":{"controlType":"sap.m.Button","viewName":"etm.portal.ui.managesites.view.NewSmartSite","viewId":"application-managesites-display-component---NewSite","properties":{"text":"General Information"},"interaction":{"idSuffix":"BDI-content"}},"wdio_ui5_key":"etmportal.ui.managesites.view.NewSmartSitesap.m.Button{\"text\":\"General Information\"}"}]}
RESULT: undefined
COMMAND: POST /session/a230b9fa5e58e47def27534e3d005bf9/element - {"using":"xpath","value":"//*[@id=\"application-managesites-display-component---NewSite--ObjectPageLayout-anchBar-__section31-anchor\"]"}
RESULT: {"using":"xpath","value":"//*[@id=\"application-managesites-display-component---NewSite--ObjectPageLayout-anchBar-__section31-anchor\"]"}
COMMAND: POST /session/a230b9fa5e58e47def27534e3d005bf9/element/f.5A792F38359A1C743AD3061B3E5B94B4.d.9B9CBF4CBF9EFEAB8B54F38F07E78849.e.5365/click - {}
RESULT: {}
COMMAND: POST /session/a230b9fa5e58e47def27534e3d005bf9/execute/async - {"script":"<script> [1562 bytes]","args":[{"selector":{"id":"application-managesites-display-component---NewSite--addressDetailDetailsName1","interaction":{"idSuffix":"inner"}},"wdio_ui5_key":"applicationmanagesites-display-component---NewSite--addressDetailDetailsName1"}]}
COMMAND: GET /session/a230b9fa5e58e47def27534e3d005bf9/screenshot - {}
RESULT: {"script":"<script> [1562 bytes]","args":[{"selector":{"id":"application-managesites-display-component---NewSite--addressDetailDetailsName1","interaction":{"idSuffix":"inner"}},"wdio_ui5_key":"applicationmanagesites-display-component---NewSite--addressDetailDetailsName1"}]}
RESULT: undefined
COMMAND: POST /session/a230b9fa5e58e47def27534e3d005bf9/execute/async - {"script":"<script> [776 bytes]","args":[{"enterText":"WDI5 WHM Site","selector":{"id":"application-managesites-display-component---NewSite--addressDetailDetailsName1","interaction":{"idSuffix":"inner"}},"clearTextFirst":true,"interactionType":"ENTER_TEXT"}]}
RESULT: {}
RESULT: {"script":"<script> [776 bytes]","args":[{"enterText":"WDI5 WHM Site","selector":{"id":"application-managesites-display-component---NewSite--addressDetailDetailsName1","interaction":{"idSuffix":"inner"}},"clearTextFirst":true,"interactionType":"ENTER_TEXT"}]}
COMMAND: POST /session/a230b9fa5e58e47def27534e3d005bf9/execute/async - {"script":"<script> [1562 bytes]","args":[{"selector":{"id":"application-managesites-display-component---NewSite--addressDetailDetailsLanguage","interaction":{"idSuffix":"inner"}},"wdio_ui5_key":"applicationmanagesites-display-component---NewSite--addressDetailDetailsLanguage"}]}
RESULT: {"script":"<script> [1562 bytes]","args":[{"selector":{"id":"application-managesites-display-component---NewSite--addressDetailDetailsLanguage","interaction":{"idSuffix":"inner"}},"wdio_ui5_key":"applicationmanagesites-display-component---NewSite--addressDetailDetailsLanguage"}]}
RESULT: undefined
COMMAND: POST /session/a230b9fa5e58e47def27534e3d005bf9/execute/async - {"script":"<script> [776 bytes]","args":[{"enterText":"Romanian","selector":{"id":"application-managesites-display-component---NewSite--addressDetailDetailsLanguage","interaction":{"idSuffix":"inner"}},"clearTextFirst":true,"interactionType":"ENTER_TEXT"}]}
RESULT: {"script":"<script> [776 bytes]","args":[{"enterText":"Romanian","selector":{"id":"application-managesites-display-component---NewSite--addressDetailDetailsLanguage","interaction":{"idSuffix":"inner"}},"clearTextFirst":true,"interactionType":"ENTER_TEXT"}]}
COMMAND: POST /session/a230b9fa5e58e47def27534e3d005bf9/execute/async - {"script":"<script> [1562 bytes]","args":[{"selector":{"id":"application-managesites-display-component---NewSite--addressDetailDetailsCity1","interaction":{"idSuffix":"inner"}},"wdio_ui5_key":"applicationmanagesites-display-component---NewSite--addressDetailDetailsCity1"}]}
RESULT: {"script":"<script> [1562 bytes]","args":[{"selector":{"id":"application-managesites-display-component---NewSite--addressDetailDetailsCity1","interaction":{"idSuffix":"inner"}},"wdio_ui5_key":"applicationmanagesites-display-component---NewSite--addressDetailDetailsCity1"}]}
RESULT: undefined
COMMAND: POST /session/a230b9fa5e58e47def27534e3d005bf9/execute/async - {"script":"<script> [776 bytes]","args":[{"enterText":"Bucharest","selector":{"id":"application-managesites-display-component---NewSite--addressDetailDetailsCity1","interaction":{"idSuffix":"inner"}},"clearTextFirst":true,"interactionType":"ENTER_TEXT"}]}
RESULT: {"script":"<script> [776 bytes]","args":[{"enterText":"Bucharest","selector":{"id":"application-managesites-display-component---NewSite--addressDetailDetailsCity1","interaction":{"idSuffix":"inner"}},"clearTextFirst":true,"interactionType":"ENTER_TEXT"}]}
COMMAND: POST /session/a230b9fa5e58e47def27534e3d005bf9/execute/async - {"script":"<script> [1562 bytes]","args":[{"selector":{"id":"application-managesites-display-component---NewSite--addressDetailDetailsCountry","interaction":{"idSuffix":"inner"}},"wdio_ui5_key":"applicationmanagesites-display-component---NewSite--addressDetailDetailsCountry"}]}
RESULT: {"script":"<script> [1562 bytes]","args":[{"selector":{"id":"application-managesites-display-component---NewSite--addressDetailDetailsCountry","interaction":{"idSuffix":"inner"}},"wdio_ui5_key":"applicationmanagesites-display-component---NewSite--addressDetailDetailsCountry"}]}
RESULT: undefined
COMMAND: POST /session/a230b9fa5e58e47def27534e3d005bf9/execute/async - {"script":"<script> [6424 bytes]","args":[{"element-6066-11e4-a52e-4f735466cecf":"f.5A792F38359A1C743AD3061B3E5B94B4.d.9B9CBF4CBF9EFEAB8B54F38F07E78849.e.5163"},"setValue",["Romania"]]}
RESULT: {"script":"<script> [6424 bytes]","args":[{"element-6066-11e4-a52e-4f735466cecf":"f.5A792F38359A1C743AD3061B3E5B94B4.d.9B9CBF4CBF9EFEAB8B54F38F07E78849.e.5163"},"setValue",["Romania"]]}
COMMAND: POST /session/a230b9fa5e58e47def27534e3d005bf9/execute/async - {"script":"<script> [1562 bytes]","args":[{"selector":{"id":"application-managesites-display-component---NewSite--addressDetailDetailsCalendar","interaction":{"idSuffix":"inner"}},"wdio_ui5_key":"applicationmanagesites-display-component---NewSite--addressDetailDetailsCalendar"}]}
RESULT: {"script":"<script> [1562 bytes]","args":[{"selector":{"id":"application-managesites-display-component---NewSite--addressDetailDetailsCalendar","interaction":{"idSuffix":"inner"}},"wdio_ui5_key":"applicationmanagesites-display-component---NewSite--addressDetailDetailsCalendar"}]}
RESULT: undefined
COMMAND: POST /session/a230b9fa5e58e47def27534e3d005bf9/execute/async - {"script":"<script> [776 bytes]","args":[{"enterText":"8 - Germany (Standard)","selector":{"id":"application-managesites-display-component---NewSite--addressDetailDetailsCalendar","interaction":{"idSuffix":"inner"}},"clearTextFirst":true,"interactionType":"ENTER_TEXT"}]}
RESULT: {"script":"<script> [776 bytes]","args":[{"enterText":"8 - Germany (Standard)","selector":{"id":"application-managesites-display-component---NewSite--addressDetailDetailsCalendar","interaction":{"idSuffix":"inner"}},"clearTextFirst":true,"interactionType":"ENTER_TEXT"}]}
COMMAND: POST /session/a230b9fa5e58e47def27534e3d005bf9/element - {"using":"xpath","value":"//input[@id=\"application-managesites-display-component---NewSite--addressDetailDetailsYard-inner\"]"}
RESULT: {"using":"xpath","value":"//input[@id=\"application-managesites-display-component---NewSite--addressDetailDetailsYard-inner\"]"}
COMMAND: POST /session/a230b9fa5e58e47def27534e3d005bf9/element/f.5A792F38359A1C743AD3061B3E5B94B4.d.9B9CBF4CBF9EFEAB8B54F38F07E78849.e.5174/clear - {}
RESULT: {}
COMMAND: POST /session/a230b9fa5e58e47def27534e3d005bf9/element/f.5A792F38359A1C743AD3061B3E5B94B4.d.9B9CBF4CBF9EFEAB8B54F38F07E78849.e.5174/value - {"text":"339"}
COMMAND: GET /session/a230b9fa5e58e47def27534e3d005bf9/screenshot - {}
RESULT: {"text":"339"}
COMMAND: GET /session/a230b9fa5e58e47def27534e3d005bf9/screenshot - {}
RESULT: {}
RESULT: {}
COMMAND: POST /session/a230b9fa5e58e47def27534e3d005bf9/execute/async - {"script":"<script> [1562 bytes]","args":[{"selector":{"controlType":"sap.m.Button","viewName":"etm.portal.ui.managesites.view.NewSmartSite","viewId":"application-managesites-display-component---NewSite","properties":{"text":"Commercial"},"interaction":{"idSuffix":"BDI-content"}},"wdio_ui5_key":"etmportal.ui.managesites.view.NewSmartSitesap.m.Button{\"text\":\"Commercial\"}"}]}
RESULT: {"script":"<script> [1562 bytes]","args":[{"selector":{"controlType":"sap.m.Button","viewName":"etm.portal.ui.managesites.view.NewSmartSite","viewId":"application-managesites-display-component---NewSite","properties":{"text":"Commercial"},"interaction":{"idSuffix":"BDI-content"}},"wdio_ui5_key":"etmportal.ui.managesites.view.NewSmartSitesap.m.Button{\"text\":\"Commercial\"}"}]}
RESULT: undefined
COMMAND: POST /session/a230b9fa5e58e47def27534e3d005bf9/element - {"using":"xpath","value":"//*[@id=\"application-managesites-display-component---NewSite--ObjectPageLayout-anchBar-__section33-anchor\"]"}
RESULT: {"using":"xpath","value":"//*[@id=\"application-managesites-display-component---NewSite--ObjectPageLayout-anchBar-__section33-anchor\"]"}
COMMAND: POST /session/a230b9fa5e58e47def27534e3d005bf9/element/f.5A792F38359A1C743AD3061B3E5B94B4.d.9B9CBF4CBF9EFEAB8B54F38F07E78849.e.5374/click - {}
RESULT: {}
COMMAND: POST /session/a230b9fa5e58e47def27534e3d005bf9/execute/async - {"script":"<script> [1562 bytes]","args":[{"selector":{"id":"application-managesites-display-component---NewSite--siteWhmCheckBox-label","interaction":{"idSuffix":"bdi"}},"wdio_ui5_key":"applicationmanagesites-display-component---NewSite--siteWhmCheckBox-label"}]}
COMMAND: GET /session/a230b9fa5e58e47def27534e3d005bf9/screenshot - {}
RESULT: {"script":"<script> [1562 bytes]","args":[{"selector":{"id":"application-managesites-display-component---NewSite--siteWhmCheckBox-label","interaction":{"idSuffix":"bdi"}},"wdio_ui5_key":"applicationmanagesites-display-component---NewSite--siteWhmCheckBox-label"}]}
RESULT: undefined
COMMAND: POST /session/a230b9fa5e58e47def27534e3d005bf9/element - {"using":"xpath","value":"//*[@id=\"application-managesites-display-component---NewSite--siteWhmCheckBox-label\"]"}
RESULT: {}
RESULT: {"using":"xpath","value":"//*[@id=\"application-managesites-display-component---NewSite--siteWhmCheckBox-label\"]"}
COMMAND: POST /session/a230b9fa5e58e47def27534e3d005bf9/element/f.5A792F38359A1C743AD3061B3E5B94B4.d.9B9CBF4CBF9EFEAB8B54F38F07E78849.e.5383/click - {}
RESULT: {}
COMMAND: POST /session/a230b9fa5e58e47def27534e3d005bf9/execute/async - {"script":"<script> [1562 bytes]","args":[{"selector":{"controlType":"sap.m.Button","viewName":"etm.portal.ui.managesites.view.NewSmartSite","viewId":"application-managesites-display-component---NewSite","i18NText":{"propertyName":"text","key":"save"},"interaction":{"idSuffix":"BDI-content"}},"wdio_ui5_key":"etmportal.ui.managesites.view.NewSmartSitesap.m.Button{\"propertyName\":\"text\",\"key\":\"save\"}"}]}
COMMAND: GET /session/a230b9fa5e58e47def27534e3d005bf9/screenshot - {}
RESULT: {"script":"<script> [1562 bytes]","args":[{"selector":{"controlType":"sap.m.Button","viewName":"etm.portal.ui.managesites.view.NewSmartSite","viewId":"application-managesites-display-component---NewSite","i18NText":{"propertyName":"text","key":"save"},"interaction":{"idSuffix":"BDI-content"}},"wdio_ui5_key":"etmportal.ui.managesites.view.NewSmartSitesap.m.Button{\"propertyName\":\"text\",\"key\":\"save\"}"}]}
RESULT: undefined
COMMAND: POST /session/a230b9fa5e58e47def27534e3d005bf9/element - {"using":"xpath","value":"//*[@id=\"__button76\"]"}
RESULT: {}
RESULT: {"using":"xpath","value":"//*[@id=\"__button76\"]"}
COMMAND: POST /session/a230b9fa5e58e47def27534e3d005bf9/element/f.5A792F38359A1C743AD3061B3E5B94B4.d.9B9CBF4CBF9EFEAB8B54F38F07E78849.e.5324/click - {}
RESULT: {}
COMMAND: GET /session/a230b9fa5e58e47def27534e3d005bf9/screenshot - {}
RESULT: {}
COMMAND: POST /session/a230b9fa5e58e47def27534e3d005bf9/execute/async - {"script":"<script> [1562 bytes]","args":[{"selector":{"controlType":"sap.m.Text","viewName":"etm.portal.ui.managesites.view.Detail","viewId":"application-managesites-display-component---detailSite","bindingPath":{"propertyPath":"ID","modelName":"catalogModel"}},"wdio_ui5_key":"etmportal.ui.managesites.view.Detailsap.m.Text{\"propertyPath\":\"ID\",\"modelName\":\"catalogModel\"}"}]}
RESULT: {"script":"<script> [1562 bytes]","args":[{"selector":{"controlType":"sap.m.Text","viewName":"etm.portal.ui.managesites.view.Detail","viewId":"application-managesites-display-component---detailSite","bindingPath":{"propertyPath":"ID","modelName":"catalogModel"}},"wdio_ui5_key":"etmportal.ui.managesites.view.Detailsap.m.Text{\"propertyPath\":\"ID\",\"modelName\":\"catalogModel\"}"}]}
RESULT: undefined
COMMAND: POST /session/a230b9fa5e58e47def27534e3d005bf9/execute/async - {"script":"<script> [6424 bytes]","args":[{"element-6066-11e4-a52e-4f735466cecf":"f.5A792F38359A1C743AD3061B3E5B94B4.d.9B9CBF4CBF9EFEAB8B54F38F07E78849.e.5573"},"getText",[]]}
RESULT: {"script":"<script> [6424 bytes]","args":[{"element-6066-11e4-a52e-4f735466cecf":"f.5A792F38359A1C743AD3061B3E5B94B4.d.9B9CBF4CBF9EFEAB8B54F38F07E78849.e.5573"},"getText",[]]}
COMMAND: POST /session/a230b9fa5e58e47def27534e3d005bf9/execute/async - {"script":"<script> [1562 bytes]","args":[{"selector":{"controlType":"sap.m.Label","viewName":"etm.portal.ui.managesites.view.Detail","viewId":"application-managesites-display-component---detailSite","i18NText":{"propertyName":"text","key":"status"}},"wdio_ui5_key":"etmportal.ui.managesites.view.Detailsap.m.Label{\"propertyName\":\"text\",\"key\":\"status\"}"}]}
RESULT: {"script":"<script> [1562 bytes]","args":[{"selector":{"controlType":"sap.m.Label","viewName":"etm.portal.ui.managesites.view.Detail","viewId":"application-managesites-display-component---detailSite","i18NText":{"propertyName":"text","key":"status"}},"wdio_ui5_key":"etmportal.ui.managesites.view.Detailsap.m.Label{\"propertyName\":\"text\",\"key\":\"status\"}"}]}
RESULT: undefined
COMMAND: POST /session/a230b9fa5e58e47def27534e3d005bf9/execute/async - {"script":"<script> [6424 bytes]","args":[{"element-6066-11e4-a52e-4f735466cecf":"f.5A792F38359A1C743AD3061B3E5B94B4.d.9B9CBF4CBF9EFEAB8B54F38F07E78849.e.5562"},"getText",[]]}
RESULT: {"script":"<script> [6424 bytes]","args":[{"element-6066-11e4-a52e-4f735466cecf":"f.5A792F38359A1C743AD3061B3E5B94B4.d.9B9CBF4CBF9EFEAB8B54F38F07E78849.e.5562"},"getText",[]]}
RESULT: undefined
COMMAND: POST /session/a230b9fa5e58e47def27534e3d005bf9/element - {"using":"xpath","value":"//*[@id=\"shell-header\"]"}
RESULT: {"using":"xpath","value":"//*[@id=\"shell-header\"]"}
COMMAND: POST /session/a230b9fa5e58e47def27534e3d005bf9/element/f.5A792F38359A1C743AD3061B3E5B94B4.d.9B9CBF4CBF9EFEAB8B54F38F07E78849.e.5574/click - {}
RESULT: {}
COMMAND: POST /session/a230b9fa5e58e47def27534e3d005bf9/element - {"using":"css selector","value":"#shell-header-logo"}
COMMAND: GET /session/a230b9fa5e58e47def27534e3d005bf9/screenshot - {}
RESULT: {"using":"css selector","value":"#shell-header-logo"}
COMMAND: POST /session/a230b9fa5e58e47def27534e3d005bf9/element/f.5A792F38359A1C743AD3061B3E5B94B4.d.9B9CBF4CBF9EFEAB8B54F38F07E78849.e.4934/click - {}
RESULT: {}
RESULT: {}
COMMAND: GET /session/a230b9fa5e58e47def27534e3d005bf9/screenshot - {}
]]></system-out>
    </testcase>
    <testcase classname="chrome.135_0_7049_96.windows.Provide_to_Site_w/_warehouse_management_w/_clarification_US115878" name="Should create WHM Partner" time="58.701">
      <system-out><![CDATA[
COMMAND: POST /session/a230b9fa5e58e47def27534e3d005bf9/execute/async - {"script":"<script> [1562 bytes]","args":[{"selector":{"controlType":"sap.m.GenericTile","properties":{"header":"Manage Partners"}},"wdio_ui5_key":"sapm.GenericTile{\"header\":\"Manage Partners\"}"}]}
RESULT: {}
RESULT: {"script":"<script> [1562 bytes]","args":[{"selector":{"controlType":"sap.m.GenericTile","properties":{"header":"Manage Partners"}},"wdio_ui5_key":"sapm.GenericTile{\"header\":\"Manage Partners\"}"}]}
RESULT: undefined
COMMAND: POST /session/a230b9fa5e58e47def27534e3d005bf9/element - {"using":"xpath","value":"//*[@id=\"__tile30\"]"}
RESULT: {"using":"xpath","value":"//*[@id=\"__tile30\"]"}
COMMAND: POST /session/a230b9fa5e58e47def27534e3d005bf9/element/f.5A792F38359A1C743AD3061B3E5B94B4.d.9B9CBF4CBF9EFEAB8B54F38F07E78849.e.4136/click - {}
RESULT: {}
COMMAND: GET /session/a230b9fa5e58e47def27534e3d005bf9/screenshot - {}
RESULT: {}
COMMAND: POST /session/a230b9fa5e58e47def27534e3d005bf9/element - {"using":"xpath","value":"//button[(@data-kt = 'addButton')]"}
RESULT: {"using":"xpath","value":"//button[(@data-kt = 'addButton')]"}
COMMAND: POST /session/a230b9fa5e58e47def27534e3d005bf9/elements - {"using":"xpath","value":"//button[(@data-kt = 'addButton')]"}
RESULT: {"using":"xpath","value":"//button[(@data-kt = 'addButton')]"}
COMMAND: POST /session/a230b9fa5e58e47def27534e3d005bf9/elements - {"using":"xpath","value":"//button[(@data-kt = 'addButton')]"}
RESULT: {"using":"xpath","value":"//button[(@data-kt = 'addButton')]"}
COMMAND: POST /session/a230b9fa5e58e47def27534e3d005bf9/elements - {"using":"xpath","value":"//button[(@data-kt = 'addButton')]"}
RESULT: {"using":"xpath","value":"//button[(@data-kt = 'addButton')]"}
COMMAND: POST /session/a230b9fa5e58e47def27534e3d005bf9/elements - {"using":"xpath","value":"//button[(@data-kt = 'addButton')]"}
RESULT: {"using":"xpath","value":"//button[(@data-kt = 'addButton')]"}
COMMAND: POST /session/a230b9fa5e58e47def27534e3d005bf9/element - {"using":"xpath","value":"//button[(@data-kt = 'addButton')]"}
RESULT: {"using":"xpath","value":"//button[(@data-kt = 'addButton')]"}
COMMAND: POST /session/a230b9fa5e58e47def27534e3d005bf9/element/f.5A792F38359A1C743AD3061B3E5B94B4.d.9B9CBF4CBF9EFEAB8B54F38F07E78849.e.5623/click - {}
RESULT: {}
COMMAND: POST /session/a230b9fa5e58e47def27534e3d005bf9/execute/async - {"script":"<script> [1562 bytes]","args":[{"selector":{"id":"application-managepartners-display-component---NewPartner--addressDetailDetailsName1","interaction":{"idSuffix":"inner"}},"wdio_ui5_key":"applicationmanagepartners-display-component---NewPartner--addressDetailDetailsName1"}]}
COMMAND: GET /session/a230b9fa5e58e47def27534e3d005bf9/screenshot - {}
RESULT: {"script":"<script> [1562 bytes]","args":[{"selector":{"id":"application-managepartners-display-component---NewPartner--addressDetailDetailsName1","interaction":{"idSuffix":"inner"}},"wdio_ui5_key":"applicationmanagepartners-display-component---NewPartner--addressDetailDetailsName1"}]}
RESULT: undefined
COMMAND: POST /session/a230b9fa5e58e47def27534e3d005bf9/execute/async - {"script":"<script> [776 bytes]","args":[{"enterText":"WDI5-Partners","selector":{"id":"application-managepartners-display-component---NewPartner--addressDetailDetailsName1","interaction":{"idSuffix":"inner"}},"clearTextFirst":true,"interactionType":"ENTER_TEXT"}]}
RESULT: {}
RESULT: {"script":"<script> [776 bytes]","args":[{"enterText":"WDI5-Partners","selector":{"id":"application-managepartners-display-component---NewPartner--addressDetailDetailsName1","interaction":{"idSuffix":"inner"}},"clearTextFirst":true,"interactionType":"ENTER_TEXT"}]}
COMMAND: POST /session/a230b9fa5e58e47def27534e3d005bf9/execute/async - {"script":"<script> [1562 bytes]","args":[{"selector":{"id":"application-managepartners-display-component---NewPartner--addressDetailDetailsLanguage-arrow"},"wdio_ui5_key":"applicationmanagepartners-display-component---NewPartner--addressDetailDetailsLanguage-arrow"}]}
RESULT: {"script":"<script> [1562 bytes]","args":[{"selector":{"id":"application-managepartners-display-component---NewPartner--addressDetailDetailsLanguage-arrow"},"wdio_ui5_key":"applicationmanagepartners-display-component---NewPartner--addressDetailDetailsLanguage-arrow"}]}
RESULT: undefined
COMMAND: POST /session/a230b9fa5e58e47def27534e3d005bf9/element - {"using":"xpath","value":"//*[@id=\"application-managepartners-display-component---NewPartner--addressDetailDetailsLanguage-arrow\"]"}
RESULT: {"using":"xpath","value":"//*[@id=\"application-managepartners-display-component---NewPartner--addressDetailDetailsLanguage-arrow\"]"}
COMMAND: POST /session/a230b9fa5e58e47def27534e3d005bf9/element/f.5A792F38359A1C743AD3061B3E5B94B4.d.9B9CBF4CBF9EFEAB8B54F38F07E78849.e.6045/click - {}
RESULT: {}
COMMAND: POST /session/a230b9fa5e58e47def27534e3d005bf9/execute/async - {"script":"<script> [1562 bytes]","args":[{"selector":{"controlType":"sap.m.StandardListItem","viewName":"etm.portal.ui.managepartners.view.NewPartner","viewId":"application-managepartners-display-component---NewPartner","properties":{"title":"English"},"searchOpenDialogs":true,"interaction":{"idSuffix":"content"}},"wdio_ui5_key":"etmportal.ui.managepartners.view.NewPartnersap.m.StandardListItem{\"title\":\"English\"}"}]}
COMMAND: GET /session/a230b9fa5e58e47def27534e3d005bf9/screenshot - {}
RESULT: {"script":"<script> [1562 bytes]","args":[{"selector":{"controlType":"sap.m.StandardListItem","viewName":"etm.portal.ui.managepartners.view.NewPartner","viewId":"application-managepartners-display-component---NewPartner","properties":{"title":"English"},"searchOpenDialogs":true,"interaction":{"idSuffix":"content"}},"wdio_ui5_key":"etmportal.ui.managepartners.view.NewPartnersap.m.StandardListItem{\"title\":\"English\"}"}]}
RESULT: undefined
COMMAND: POST /session/a230b9fa5e58e47def27534e3d005bf9/element - {"using":"xpath","value":"//*[@id=\"__item959\"]"}
RESULT: {}
RESULT: {"using":"xpath","value":"//*[@id=\"__item959\"]"}
COMMAND: POST /session/a230b9fa5e58e47def27534e3d005bf9/element/f.5A792F38359A1C743AD3061B3E5B94B4.d.9B9CBF4CBF9EFEAB8B54F38F07E78849.e.6047/click - {}
RESULT: {}
COMMAND: POST /session/a230b9fa5e58e47def27534e3d005bf9/execute/async - {"script":"<script> [1562 bytes]","args":[{"selector":{"id":"application-managepartners-display-component---NewPartner--addressDetailDetailsCity1","interaction":{"idSuffix":"inner"}},"wdio_ui5_key":"applicationmanagepartners-display-component---NewPartner--addressDetailDetailsCity1"}]}
COMMAND: GET /session/a230b9fa5e58e47def27534e3d005bf9/screenshot - {}
RESULT: {"script":"<script> [1562 bytes]","args":[{"selector":{"id":"application-managepartners-display-component---NewPartner--addressDetailDetailsCity1","interaction":{"idSuffix":"inner"}},"wdio_ui5_key":"applicationmanagepartners-display-component---NewPartner--addressDetailDetailsCity1"}]}
RESULT: undefined
COMMAND: POST /session/a230b9fa5e58e47def27534e3d005bf9/execute/async - {"script":"<script> [776 bytes]","args":[{"enterText":"Bangalore","selector":{"id":"application-managepartners-display-component---NewPartner--addressDetailDetailsCity1","interaction":{"idSuffix":"inner"}},"clearTextFirst":true,"interactionType":"ENTER_TEXT"}]}
RESULT: {}
RESULT: {"script":"<script> [776 bytes]","args":[{"enterText":"Bangalore","selector":{"id":"application-managepartners-display-component---NewPartner--addressDetailDetailsCity1","interaction":{"idSuffix":"inner"}},"clearTextFirst":true,"interactionType":"ENTER_TEXT"}]}
COMMAND: POST /session/a230b9fa5e58e47def27534e3d005bf9/execute/async - {"script":"<script> [1562 bytes]","args":[{"selector":{"id":"application-managepartners-display-component---NewPartner--addressDetailDetailsCountry-arrow"},"wdio_ui5_key":"applicationmanagepartners-display-component---NewPartner--addressDetailDetailsCountry-arrow"}]}
RESULT: {"script":"<script> [1562 bytes]","args":[{"selector":{"id":"application-managepartners-display-component---NewPartner--addressDetailDetailsCountry-arrow"},"wdio_ui5_key":"applicationmanagepartners-display-component---NewPartner--addressDetailDetailsCountry-arrow"}]}
RESULT: undefined
COMMAND: POST /session/a230b9fa5e58e47def27534e3d005bf9/element - {"using":"xpath","value":"//*[@id=\"application-managepartners-display-component---NewPartner--addressDetailDetailsCountry-arrow\"]"}
RESULT: {"using":"xpath","value":"//*[@id=\"application-managepartners-display-component---NewPartner--addressDetailDetailsCountry-arrow\"]"}
COMMAND: POST /session/a230b9fa5e58e47def27534e3d005bf9/element/f.5A792F38359A1C743AD3061B3E5B94B4.d.9B9CBF4CBF9EFEAB8B54F38F07E78849.e.6049/click - {}
RESULT: {}
COMMAND: POST /session/a230b9fa5e58e47def27534e3d005bf9/execute/async - {"script":"<script> [1562 bytes]","args":[{"selector":{"id":"application-managepartners-display-component---NewPartner--addressDetailDetailsCountry","interaction":{"idSuffix":"inner"}},"wdio_ui5_key":"applicationmanagepartners-display-component---NewPartner--addressDetailDetailsCountry"}]}
COMMAND: GET /session/a230b9fa5e58e47def27534e3d005bf9/screenshot - {}
RESULT: {"script":"<script> [1562 bytes]","args":[{"selector":{"id":"application-managepartners-display-component---NewPartner--addressDetailDetailsCountry","interaction":{"idSuffix":"inner"}},"wdio_ui5_key":"applicationmanagepartners-display-component---NewPartner--addressDetailDetailsCountry"}]}
RESULT: undefined
COMMAND: POST /session/a230b9fa5e58e47def27534e3d005bf9/execute/async - {"script":"<script> [776 bytes]","args":[{"enterText":"India","selector":{"id":"application-managepartners-display-component---NewPartner--addressDetailDetailsCountry","interaction":{"idSuffix":"inner"}},"clearTextFirst":true,"interactionType":"ENTER_TEXT"}]}
RESULT: {}
RESULT: {"script":"<script> [776 bytes]","args":[{"enterText":"India","selector":{"id":"application-managepartners-display-component---NewPartner--addressDetailDetailsCountry","interaction":{"idSuffix":"inner"}},"clearTextFirst":true,"interactionType":"ENTER_TEXT"}]}
COMMAND: POST /session/a230b9fa5e58e47def27534e3d005bf9/execute/async - {"script":"<script> [1562 bytes]","args":[{"selector":{"controlType":"sap.m.StandardListItem","viewName":"etm.portal.ui.managepartners.view.NewPartner","viewId":"application-managepartners-display-component---NewPartner","properties":{"title":"India"},"searchOpenDialogs":true,"interaction":{"idSuffix":"content"}},"wdio_ui5_key":"etmportal.ui.managepartners.view.NewPartnersap.m.StandardListItem{\"title\":\"India\"}"}]}
RESULT: {"script":"<script> [1562 bytes]","args":[{"selector":{"controlType":"sap.m.StandardListItem","viewName":"etm.portal.ui.managepartners.view.NewPartner","viewId":"application-managepartners-display-component---NewPartner","properties":{"title":"India"},"searchOpenDialogs":true,"interaction":{"idSuffix":"content"}},"wdio_ui5_key":"etmportal.ui.managepartners.view.NewPartnersap.m.StandardListItem{\"title\":\"India\"}"}]}
RESULT: undefined
COMMAND: POST /session/a230b9fa5e58e47def27534e3d005bf9/execute/async - {"script":"<script> [1562 bytes]","args":[{"selector":{"controlType":"sap.m.Button","viewName":"etm.portal.ui.managepartners.view.NewPartner","viewId":"application-managepartners-display-component---NewPartner","properties":{"text":"Commercial"},"interaction":{"idSuffix":"BDI-content"}},"wdio_ui5_key":"etmportal.ui.managepartners.view.NewPartnersap.m.Button{\"text\":\"Commercial\"}"}]}
RESULT: {"script":"<script> [1562 bytes]","args":[{"selector":{"controlType":"sap.m.Button","viewName":"etm.portal.ui.managepartners.view.NewPartner","viewId":"application-managepartners-display-component---NewPartner","properties":{"text":"Commercial"},"interaction":{"idSuffix":"BDI-content"}},"wdio_ui5_key":"etmportal.ui.managepartners.view.NewPartnersap.m.Button{\"text\":\"Commercial\"}"}]}
RESULT: undefined
COMMAND: POST /session/a230b9fa5e58e47def27534e3d005bf9/element - {"using":"xpath","value":"//*[@id=\"application-managepartners-display-component---NewPartner--ObjectPageLayout-anchBar-__section57-anchor\"]"}
RESULT: {"using":"xpath","value":"//*[@id=\"application-managepartners-display-component---NewPartner--ObjectPageLayout-anchBar-__section57-anchor\"]"}
COMMAND: POST /session/a230b9fa5e58e47def27534e3d005bf9/element/f.5A792F38359A1C743AD3061B3E5B94B4.d.9B9CBF4CBF9EFEAB8B54F38F07E78849.e.6054/click - {}
RESULT: {}
COMMAND: POST /session/a230b9fa5e58e47def27534e3d005bf9/execute/async - {"script":"<script> [1562 bytes]","args":[{"selector":{"id":"application-managepartners-display-component---NewPartner--partnerDetailInternal-arrow"},"wdio_ui5_key":"applicationmanagepartners-display-component---NewPartner--partnerDetailInternal-arrow"}]}
COMMAND: GET /session/a230b9fa5e58e47def27534e3d005bf9/screenshot - {}
RESULT: {"script":"<script> [1562 bytes]","args":[{"selector":{"id":"application-managepartners-display-component---NewPartner--partnerDetailInternal-arrow"},"wdio_ui5_key":"applicationmanagepartners-display-component---NewPartner--partnerDetailInternal-arrow"}]}
RESULT: undefined
COMMAND: POST /session/a230b9fa5e58e47def27534e3d005bf9/element - {"using":"xpath","value":"//*[@id=\"application-managepartners-display-component---NewPartner--partnerDetailInternal-arrow\"]"}
RESULT: {}
RESULT: {"using":"xpath","value":"//*[@id=\"application-managepartners-display-component---NewPartner--partnerDetailInternal-arrow\"]"}
COMMAND: POST /session/a230b9fa5e58e47def27534e3d005bf9/element/f.5A792F38359A1C743AD3061B3E5B94B4.d.9B9CBF4CBF9EFEAB8B54F38F07E78849.e.6059/click - {}
RESULT: {}
COMMAND: POST /session/a230b9fa5e58e47def27534e3d005bf9/execute/async - {"script":"<script> [1562 bytes]","args":[{"selector":{"controlType":"sap.m.StandardListItem","viewName":"etm.portal.ui.managepartners.view.NewPartner","viewId":"application-managepartners-display-component---NewPartner","properties":{"title":"External partner"},"searchOpenDialogs":true,"interaction":{"idSuffix":"content"}},"wdio_ui5_key":"etmportal.ui.managepartners.view.NewPartnersap.m.StandardListItem{\"title\":\"External partner\"}"}]}
COMMAND: GET /session/a230b9fa5e58e47def27534e3d005bf9/screenshot - {}
RESULT: {"script":"<script> [1562 bytes]","args":[{"selector":{"controlType":"sap.m.StandardListItem","viewName":"etm.portal.ui.managepartners.view.NewPartner","viewId":"application-managepartners-display-component---NewPartner","properties":{"title":"External partner"},"searchOpenDialogs":true,"interaction":{"idSuffix":"content"}},"wdio_ui5_key":"etmportal.ui.managepartners.view.NewPartnersap.m.StandardListItem{\"title\":\"External partner\"}"}]}
RESULT: undefined
COMMAND: POST /session/a230b9fa5e58e47def27534e3d005bf9/element - {"using":"xpath","value":"//*[@id=\"__item1093\"]"}
RESULT: {}
RESULT: {"using":"xpath","value":"//*[@id=\"__item1093\"]"}
COMMAND: POST /session/a230b9fa5e58e47def27534e3d005bf9/element/f.5A792F38359A1C743AD3061B3E5B94B4.d.9B9CBF4CBF9EFEAB8B54F38F07E78849.e.6061/click - {}
RESULT: {}
COMMAND: POST /session/a230b9fa5e58e47def27534e3d005bf9/execute/async - {"script":"<script> [1562 bytes]","args":[{"selector":{"id":"application-managepartners-display-component---NewPartner--partnerDetailsCurrency-arrow"},"wdio_ui5_key":"applicationmanagepartners-display-component---NewPartner--partnerDetailsCurrency-arrow"}]}
COMMAND: GET /session/a230b9fa5e58e47def27534e3d005bf9/screenshot - {}
RESULT: {"script":"<script> [1562 bytes]","args":[{"selector":{"id":"application-managepartners-display-component---NewPartner--partnerDetailsCurrency-arrow"},"wdio_ui5_key":"applicationmanagepartners-display-component---NewPartner--partnerDetailsCurrency-arrow"}]}
RESULT: undefined
COMMAND: POST /session/a230b9fa5e58e47def27534e3d005bf9/element - {"using":"xpath","value":"//*[@id=\"application-managepartners-display-component---NewPartner--partnerDetailsCurrency-arrow\"]"}
RESULT: {}
RESULT: {"using":"xpath","value":"//*[@id=\"application-managepartners-display-component---NewPartner--partnerDetailsCurrency-arrow\"]"}
COMMAND: POST /session/a230b9fa5e58e47def27534e3d005bf9/element/f.5A792F38359A1C743AD3061B3E5B94B4.d.9B9CBF4CBF9EFEAB8B54F38F07E78849.e.6066/click - {}
RESULT: {}
COMMAND: POST /session/a230b9fa5e58e47def27534e3d005bf9/execute/async - {"script":"<script> [1562 bytes]","args":[{"selector":{"controlType":"sap.m.StandardListItem","viewName":"etm.portal.ui.managepartners.view.NewPartner","viewId":"application-managepartners-display-component---NewPartner","properties":{"title":"Euro"},"searchOpenDialogs":true,"interaction":{"idSuffix":"content"}},"wdio_ui5_key":"etmportal.ui.managepartners.view.NewPartnersap.m.StandardListItem{\"title\":\"Euro\"}"}]}
COMMAND: GET /session/a230b9fa5e58e47def27534e3d005bf9/screenshot - {}
RESULT: {"script":"<script> [1562 bytes]","args":[{"selector":{"controlType":"sap.m.StandardListItem","viewName":"etm.portal.ui.managepartners.view.NewPartner","viewId":"application-managepartners-display-component---NewPartner","properties":{"title":"Euro"},"searchOpenDialogs":true,"interaction":{"idSuffix":"content"}},"wdio_ui5_key":"etmportal.ui.managepartners.view.NewPartnersap.m.StandardListItem{\"title\":\"Euro\"}"}]}
RESULT: undefined
COMMAND: POST /session/a230b9fa5e58e47def27534e3d005bf9/element - {"using":"xpath","value":"//*[@id=\"__item1095\"]"}
RESULT: {}
RESULT: {"using":"xpath","value":"//*[@id=\"__item1095\"]"}
COMMAND: POST /session/a230b9fa5e58e47def27534e3d005bf9/element/f.5A792F38359A1C743AD3061B3E5B94B4.d.9B9CBF4CBF9EFEAB8B54F38F07E78849.e.6068/click - {}
RESULT: {}
COMMAND: POST /session/a230b9fa5e58e47def27534e3d005bf9/execute/async - {"script":"<script> [1562 bytes]","args":[{"selector":{"controlType":"sap.m.Button","viewName":"etm.portal.ui.managepartners.view.NewPartner","viewId":"application-managepartners-display-component---NewPartner","properties":{"text":"Assignments"},"interaction":{"idSuffix":"BDI-content"}},"wdio_ui5_key":"etmportal.ui.managepartners.view.NewPartnersap.m.Button{\"text\":\"Assignments\"}"}]}
COMMAND: GET /session/a230b9fa5e58e47def27534e3d005bf9/screenshot - {}
RESULT: {"script":"<script> [1562 bytes]","args":[{"selector":{"controlType":"sap.m.Button","viewName":"etm.portal.ui.managepartners.view.NewPartner","viewId":"application-managepartners-display-component---NewPartner","properties":{"text":"Assignments"},"interaction":{"idSuffix":"BDI-content"}},"wdio_ui5_key":"etmportal.ui.managepartners.view.NewPartnersap.m.Button{\"text\":\"Assignments\"}"}]}
RESULT: undefined
COMMAND: POST /session/a230b9fa5e58e47def27534e3d005bf9/element - {"using":"xpath","value":"//*[@id=\"application-managepartners-display-component---NewPartner--ObjectPageLayout-anchBar-__section61-anchor\"]"}
RESULT: {}
RESULT: {"using":"xpath","value":"//*[@id=\"application-managepartners-display-component---NewPartner--ObjectPageLayout-anchBar-__section61-anchor\"]"}
COMMAND: POST /session/a230b9fa5e58e47def27534e3d005bf9/element/f.5A792F38359A1C743AD3061B3E5B94B4.d.9B9CBF4CBF9EFEAB8B54F38F07E78849.e.6070/click - {}
RESULT: {}
COMMAND: POST /session/a230b9fa5e58e47def27534e3d005bf9/execute/async - {"script":"<script> [1562 bytes]","args":[{"selector":{"id":"application-managepartners-display-component---NewPartner--btnAddTableRow","interaction":{"idSuffix":"inner"}},"wdio_ui5_key":"applicationmanagepartners-display-component---NewPartner--btnAddTableRow"}]}
COMMAND: GET /session/a230b9fa5e58e47def27534e3d005bf9/screenshot - {}
RESULT: {"script":"<script> [1562 bytes]","args":[{"selector":{"id":"application-managepartners-display-component---NewPartner--btnAddTableRow","interaction":{"idSuffix":"inner"}},"wdio_ui5_key":"applicationmanagepartners-display-component---NewPartner--btnAddTableRow"}]}
RESULT: undefined
COMMAND: POST /session/a230b9fa5e58e47def27534e3d005bf9/element - {"using":"xpath","value":"//*[@id=\"application-managepartners-display-component---NewPartner--btnAddTableRow\"]"}
RESULT: {}
RESULT: {"using":"xpath","value":"//*[@id=\"application-managepartners-display-component---NewPartner--btnAddTableRow\"]"}
COMMAND: POST /session/a230b9fa5e58e47def27534e3d005bf9/element/f.5A792F38359A1C743AD3061B3E5B94B4.d.9B9CBF4CBF9EFEAB8B54F38F07E78849.e.6077/click - {}
RESULT: {}
COMMAND: POST /session/a230b9fa5e58e47def27534e3d005bf9/element - {"using":"css selector","value":"#application-managepartners-display-component---NewPartner--assignmentYard-application-managepartners-display-component---NewPartner--assignmentsTable-0-inner"}
COMMAND: GET /session/a230b9fa5e58e47def27534e3d005bf9/screenshot - {}
RESULT: {"using":"css selector","value":"#application-managepartners-display-component---NewPartner--assignmentYard-application-managepartners-display-component---NewPartner--assignmentsTable-0-inner"}
COMMAND: POST /session/a230b9fa5e58e47def27534e3d005bf9/element/f.5A792F38359A1C743AD3061B3E5B94B4.d.9B9CBF4CBF9EFEAB8B54F38F07E78849.e.6079/clear - {}
RESULT: {}
RESULT: {}
COMMAND: POST /session/a230b9fa5e58e47def27534e3d005bf9/element/f.5A792F38359A1C743AD3061B3E5B94B4.d.9B9CBF4CBF9EFEAB8B54F38F07E78849.e.6079/value - {"text":"339"}
COMMAND: GET /session/a230b9fa5e58e47def27534e3d005bf9/screenshot - {}
RESULT: {"text":"339"}
COMMAND: POST /session/a230b9fa5e58e47def27534e3d005bf9/execute/async - {"script":"<script> [1562 bytes]","args":[{"selector":{"id":"application-managepartners-display-component---NewPartner--assignmentYard-application-managepartners-display-component---NewPartner--assignmentsTable-0-arrow"},"wdio_ui5_key":"applicationmanagepartners-display-component---NewPartner--assignmentYard-application-managepartners-display-component---NewPartner--assignmentsTable-0-arrow"}]}
COMMAND: GET /session/a230b9fa5e58e47def27534e3d005bf9/screenshot - {}
RESULT: {}
RESULT: {"script":"<script> [1562 bytes]","args":[{"selector":{"id":"application-managepartners-display-component---NewPartner--assignmentYard-application-managepartners-display-component---NewPartner--assignmentsTable-0-arrow"},"wdio_ui5_key":"applicationmanagepartners-display-component---NewPartner--assignmentYard-application-managepartners-display-component---NewPartner--assignmentsTable-0-arrow"}]}
RESULT: undefined
COMMAND: POST /session/a230b9fa5e58e47def27534e3d005bf9/element - {"using":"xpath","value":"//*[@id=\"application-managepartners-display-component---NewPartner--assignmentYard-application-managepartners-display-component---NewPartner--assignmentsTable-0-arrow\"]"}
RESULT: {}
RESULT: {"using":"xpath","value":"//*[@id=\"application-managepartners-display-component---NewPartner--assignmentYard-application-managepartners-display-component---NewPartner--assignmentsTable-0-arrow\"]"}
COMMAND: POST /session/a230b9fa5e58e47def27534e3d005bf9/element/f.5A792F38359A1C743AD3061B3E5B94B4.d.9B9CBF4CBF9EFEAB8B54F38F07E78849.e.6087/click - {}
RESULT: {}
COMMAND: GET /session/a230b9fa5e58e47def27534e3d005bf9/screenshot - {}
RESULT: {}
COMMAND: POST /session/a230b9fa5e58e47def27534e3d005bf9/execute/async - {"script":"<script> [1562 bytes]","args":[{"selector":{"controlType":"sap.m.Button","viewName":"etm.portal.ui.managepartners.view.NewPartner","viewId":"application-managepartners-display-component---NewPartner","i18NText":{"propertyName":"text","key":"save"},"interaction":{"idSuffix":"BDI-content"}},"wdio_ui5_key":"etmportal.ui.managepartners.view.NewPartnersap.m.Button{\"propertyName\":\"text\",\"key\":\"save\"}"}]}
RESULT: {"script":"<script> [1562 bytes]","args":[{"selector":{"controlType":"sap.m.Button","viewName":"etm.portal.ui.managepartners.view.NewPartner","viewId":"application-managepartners-display-component---NewPartner","i18NText":{"propertyName":"text","key":"save"},"interaction":{"idSuffix":"BDI-content"}},"wdio_ui5_key":"etmportal.ui.managepartners.view.NewPartnersap.m.Button{\"propertyName\":\"text\",\"key\":\"save\"}"}]}
RESULT: undefined
COMMAND: POST /session/a230b9fa5e58e47def27534e3d005bf9/element - {"using":"xpath","value":"//*[@id=\"__button127\"]"}
RESULT: {"using":"xpath","value":"//*[@id=\"__button127\"]"}
COMMAND: POST /session/a230b9fa5e58e47def27534e3d005bf9/element/f.5A792F38359A1C743AD3061B3E5B94B4.d.9B9CBF4CBF9EFEAB8B54F38F07E78849.e.5983/click - {}
RESULT: {}
COMMAND: GET /session/a230b9fa5e58e47def27534e3d005bf9/screenshot - {}
RESULT: {}
COMMAND: POST /session/a230b9fa5e58e47def27534e3d005bf9/execute/async - {"script":"<script> [1562 bytes]","args":[{"selector":{"controlType":"sap.m.Text","viewName":"etm.portal.ui.managepartners.view.Detail","viewId":"application-managepartners-display-component---detailPtm","bindingPath":{"propertyPath":"ID","modelName":"catalogModel"}},"wdio_ui5_key":"etmportal.ui.managepartners.view.Detailsap.m.Text{\"propertyPath\":\"ID\",\"modelName\":\"catalogModel\"}"}]}
RESULT: {"script":"<script> [1562 bytes]","args":[{"selector":{"controlType":"sap.m.Text","viewName":"etm.portal.ui.managepartners.view.Detail","viewId":"application-managepartners-display-component---detailPtm","bindingPath":{"propertyPath":"ID","modelName":"catalogModel"}},"wdio_ui5_key":"etmportal.ui.managepartners.view.Detailsap.m.Text{\"propertyPath\":\"ID\",\"modelName\":\"catalogModel\"}"}]}
RESULT: undefined
COMMAND: POST /session/a230b9fa5e58e47def27534e3d005bf9/execute/async - {"script":"<script> [6424 bytes]","args":[{"element-6066-11e4-a52e-4f735466cecf":"f.5A792F38359A1C743AD3061B3E5B94B4.d.9B9CBF4CBF9EFEAB8B54F38F07E78849.e.6251"},"getText",[]]}
RESULT: {"script":"<script> [6424 bytes]","args":[{"element-6066-11e4-a52e-4f735466cecf":"f.5A792F38359A1C743AD3061B3E5B94B4.d.9B9CBF4CBF9EFEAB8B54F38F07E78849.e.6251"},"getText",[]]}
COMMAND: POST /session/a230b9fa5e58e47def27534e3d005bf9/element - {"using":"css selector","value":"#shell-header-logo"}
RESULT: {"using":"css selector","value":"#shell-header-logo"}
COMMAND: POST /session/a230b9fa5e58e47def27534e3d005bf9/element/f.5A792F38359A1C743AD3061B3E5B94B4.d.9B9CBF4CBF9EFEAB8B54F38F07E78849.e.5578/click - {}
RESULT: {}
]]></system-out>
    </testcase>
    <testcase classname="chrome.135_0_7049_96.windows.Provide_to_Site_w/_warehouse_management_w/_clarification_US115878" name="Should create a new WHM Material" time="83.331">
      <system-out><![CDATA[
COMMAND: POST /session/a230b9fa5e58e47def27534e3d005bf9/execute/async - {"script":"<script> [1562 bytes]","args":[{"selector":{"controlType":"sap.m.GenericTile","properties":{"header":"Manage Resources"}},"wdio_ui5_key":"sapm.GenericTile{\"header\":\"Manage Resources\"}"}]}
COMMAND: GET /session/a230b9fa5e58e47def27534e3d005bf9/screenshot - {}
RESULT: {"script":"<script> [1562 bytes]","args":[{"selector":{"controlType":"sap.m.GenericTile","properties":{"header":"Manage Resources"}},"wdio_ui5_key":"sapm.GenericTile{\"header\":\"Manage Resources\"}"}]}
RESULT: undefined
COMMAND: POST /session/a230b9fa5e58e47def27534e3d005bf9/element - {"using":"xpath","value":"//*[@id=\"__tile31\"]"}
RESULT: {}
RESULT: {"using":"xpath","value":"//*[@id=\"__tile31\"]"}
COMMAND: POST /session/a230b9fa5e58e47def27534e3d005bf9/element/f.5A792F38359A1C743AD3061B3E5B94B4.d.9B9CBF4CBF9EFEAB8B54F38F07E78849.e.4139/click - {}
RESULT: {}
COMMAND: POST /session/a230b9fa5e58e47def27534e3d005bf9/execute/async - {"script":"<script> [1562 bytes]","args":[{"selector":{"controlType":"sap.m.OverflowToolbarButton","viewName":"etm.portal.ui.manageresources.view.Master","viewId":"application-manageresources-display-component---masterRU","bindingPath":{"path":"","propertyPath":"/isLogbook","modelName":"minimumStockRPGModel"},"interaction":{"idSuffix":"inner"}},"wdio_ui5_key":"etmportal.ui.manageresources.view.Mastersap.m.OverflowToolbarButton{\"path\":\"\",\"propertyPath\":\"/isLogbook\",\"modelName\":\"minimumStockRPGModel\"}"}]}
COMMAND: GET /session/a230b9fa5e58e47def27534e3d005bf9/screenshot - {}
RESULT: {"script":"<script> [1562 bytes]","args":[{"selector":{"controlType":"sap.m.OverflowToolbarButton","viewName":"etm.portal.ui.manageresources.view.Master","viewId":"application-manageresources-display-component---masterRU","bindingPath":{"path":"","propertyPath":"/isLogbook","modelName":"minimumStockRPGModel"},"interaction":{"idSuffix":"inner"}},"wdio_ui5_key":"etmportal.ui.manageresources.view.Mastersap.m.OverflowToolbarButton{\"path\":\"\",\"propertyPath\":\"/isLogbook\",\"modelName\":\"minimumStockRPGModel\"}"}]}
RESULT: undefined
COMMAND: POST /session/a230b9fa5e58e47def27534e3d005bf9/element - {"using":"xpath","value":"//*[@id=\"__button168\"]"}
RESULT: {}
RESULT: {"using":"xpath","value":"//*[@id=\"__button168\"]"}
COMMAND: POST /session/a230b9fa5e58e47def27534e3d005bf9/element/f.5A792F38359A1C743AD3061B3E5B94B4.d.9B9CBF4CBF9EFEAB8B54F38F07E78849.e.6293/click - {}
RESULT: {}
COMMAND: GET /session/a230b9fa5e58e47def27534e3d005bf9/screenshot - {}
COMMAND: POST /session/a230b9fa5e58e47def27534e3d005bf9/execute/async - {"script":"<script> [1562 bytes]","args":[{"selector":{"id":"application-manageresources-display-component---newResourceUnit--TYPE-arrow"},"wdio_ui5_key":"applicationmanageresources-display-component---newResourceUnit--TYPE-arrow"}]}
RESULT: {}
RESULT: {"script":"<script> [1562 bytes]","args":[{"selector":{"id":"application-manageresources-display-component---newResourceUnit--TYPE-arrow"},"wdio_ui5_key":"applicationmanageresources-display-component---newResourceUnit--TYPE-arrow"}]}
RESULT: undefined
COMMAND: POST /session/a230b9fa5e58e47def27534e3d005bf9/element - {"using":"xpath","value":"//*[@id=\"application-manageresources-display-component---newResourceUnit--TYPE-arrow\"]"}
RESULT: {"using":"xpath","value":"//*[@id=\"application-manageresources-display-component---newResourceUnit--TYPE-arrow\"]"}
COMMAND: POST /session/a230b9fa5e58e47def27534e3d005bf9/element/f.5A792F38359A1C743AD3061B3E5B94B4.d.9B9CBF4CBF9EFEAB8B54F38F07E78849.e.6622/click - {}
RESULT: {}
COMMAND: POST /session/a230b9fa5e58e47def27534e3d005bf9/execute/async - {"script":"<script> [1562 bytes]","args":[{"selector":{"controlType":"sap.m.StandardListItem","viewName":"reusables.view.manageresources.NewResourceUnit","viewId":"application-manageresources-display-component---newResourceUnit","properties":{"title":"Material"},"searchOpenDialogs":true,"interaction":{"idSuffix":"content"}},"wdio_ui5_key":"reusablesview.manageresources.NewResourceUnitsap.m.StandardListItem{\"title\":\"Material\"}"}]}
COMMAND: GET /session/a230b9fa5e58e47def27534e3d005bf9/screenshot - {}
RESULT: {"script":"<script> [1562 bytes]","args":[{"selector":{"controlType":"sap.m.StandardListItem","viewName":"reusables.view.manageresources.NewResourceUnit","viewId":"application-manageresources-display-component---newResourceUnit","properties":{"title":"Material"},"searchOpenDialogs":true,"interaction":{"idSuffix":"content"}},"wdio_ui5_key":"reusablesview.manageresources.NewResourceUnitsap.m.StandardListItem{\"title\":\"Material\"}"}]}
RESULT: undefined
COMMAND: POST /session/a230b9fa5e58e47def27534e3d005bf9/element - {"using":"xpath","value":"//*[@id=\"__item1368\"]"}
RESULT: {}
RESULT: {"using":"xpath","value":"//*[@id=\"__item1368\"]"}
COMMAND: POST /session/a230b9fa5e58e47def27534e3d005bf9/element/f.5A792F38359A1C743AD3061B3E5B94B4.d.9B9CBF4CBF9EFEAB8B54F38F07E78849.e.6625/click - {}
RESULT: {}
COMMAND: POST /session/a230b9fa5e58e47def27534e3d005bf9/execute/async - {"script":"<script> [1562 bytes]","args":[{"selector":{"id":"application-manageresources-display-component---newResourceUnit--resourceId","interaction":{"idSuffix":"inner"}},"wdio_ui5_key":"applicationmanageresources-display-component---newResourceUnit--resourceId"}]}
COMMAND: GET /session/a230b9fa5e58e47def27534e3d005bf9/screenshot - {}
RESULT: {"script":"<script> [1562 bytes]","args":[{"selector":{"id":"application-manageresources-display-component---newResourceUnit--resourceId","interaction":{"idSuffix":"inner"}},"wdio_ui5_key":"applicationmanageresources-display-component---newResourceUnit--resourceId"}]}
RESULT: undefined
COMMAND: POST /session/a230b9fa5e58e47def27534e3d005bf9/execute/async - {"script":"<script> [1562 bytes]","args":[{"selector":{"id":"application-manageresources-display-component---newResourceUnit--SHORT_TEXT","interaction":{"idSuffix":"inner"}},"wdio_ui5_key":"applicationmanageresources-display-component---newResourceUnit--SHORT_TEXT"}]}
RESULT: {}
RESULT: {"script":"<script> [1562 bytes]","args":[{"selector":{"id":"application-manageresources-display-component---newResourceUnit--SHORT_TEXT","interaction":{"idSuffix":"inner"}},"wdio_ui5_key":"applicationmanageresources-display-component---newResourceUnit--SHORT_TEXT"}]}
RESULT: undefined
COMMAND: POST /session/a230b9fa5e58e47def27534e3d005bf9/execute/async - {"script":"<script> [776 bytes]","args":[{"enterText":"material WHM","selector":{"id":"application-manageresources-display-component---newResourceUnit--SHORT_TEXT","interaction":{"idSuffix":"inner"}},"clearTextFirst":true,"interactionType":"ENTER_TEXT"}]}
RESULT: {"script":"<script> [776 bytes]","args":[{"enterText":"material WHM","selector":{"id":"application-manageresources-display-component---newResourceUnit--SHORT_TEXT","interaction":{"idSuffix":"inner"}},"clearTextFirst":true,"interactionType":"ENTER_TEXT"}]}
COMMAND: POST /session/a230b9fa5e58e47def27534e3d005bf9/execute/async - {"script":"<script> [1562 bytes]","args":[{"selector":{"id":"application-manageresources-display-component---newResourceUnit--BASE_UNIT_OF_MEASURE","interaction":{"idSuffix":"inner"}},"wdio_ui5_key":"applicationmanageresources-display-component---newResourceUnit--BASE_UNIT_OF_MEASURE"}]}
RESULT: {"script":"<script> [1562 bytes]","args":[{"selector":{"id":"application-manageresources-display-component---newResourceUnit--BASE_UNIT_OF_MEASURE","interaction":{"idSuffix":"inner"}},"wdio_ui5_key":"applicationmanageresources-display-component---newResourceUnit--BASE_UNIT_OF_MEASURE"}]}
RESULT: undefined
COMMAND: POST /session/a230b9fa5e58e47def27534e3d005bf9/execute/async - {"script":"<script> [776 bytes]","args":[{"enterText":"Piece","selector":{"id":"application-manageresources-display-component---newResourceUnit--BASE_UNIT_OF_MEASURE","interaction":{"idSuffix":"inner"}},"clearTextFirst":true,"interactionType":"ENTER_TEXT"}]}
RESULT: {"script":"<script> [776 bytes]","args":[{"enterText":"Piece","selector":{"id":"application-manageresources-display-component---newResourceUnit--BASE_UNIT_OF_MEASURE","interaction":{"idSuffix":"inner"}},"clearTextFirst":true,"interactionType":"ENTER_TEXT"}]}
COMMAND: POST /session/a230b9fa5e58e47def27534e3d005bf9/execute/async - {"script":"<script> [1562 bytes]","args":[{"selector":{"id":"application-manageresources-display-component---newResourceUnit--WEIGHT_UNIT","interaction":{"idSuffix":"inner"}},"wdio_ui5_key":"applicationmanageresources-display-component---newResourceUnit--WEIGHT_UNIT"}]}
RESULT: {"script":"<script> [1562 bytes]","args":[{"selector":{"id":"application-manageresources-display-component---newResourceUnit--WEIGHT_UNIT","interaction":{"idSuffix":"inner"}},"wdio_ui5_key":"applicationmanageresources-display-component---newResourceUnit--WEIGHT_UNIT"}]}
RESULT: undefined
COMMAND: POST /session/a230b9fa5e58e47def27534e3d005bf9/execute/async - {"script":"<script> [776 bytes]","args":[{"enterText":"Gram","selector":{"id":"application-manageresources-display-component---newResourceUnit--WEIGHT_UNIT","interaction":{"idSuffix":"inner"}},"clearTextFirst":true,"interactionType":"ENTER_TEXT"}]}
RESULT: {"script":"<script> [776 bytes]","args":[{"enterText":"Gram","selector":{"id":"application-manageresources-display-component---newResourceUnit--WEIGHT_UNIT","interaction":{"idSuffix":"inner"}},"clearTextFirst":true,"interactionType":"ENTER_TEXT"}]}
COMMAND: POST /session/a230b9fa5e58e47def27534e3d005bf9/execute/async - {"script":"<script> [1562 bytes]","args":[{"selector":{"id":"application-manageresources-display-component---newResourceUnit--DIMENSION_UNIT","interaction":{"idSuffix":"inner"}},"wdio_ui5_key":"applicationmanageresources-display-component---newResourceUnit--DIMENSION_UNIT"}]}
RESULT: {"script":"<script> [1562 bytes]","args":[{"selector":{"id":"application-manageresources-display-component---newResourceUnit--DIMENSION_UNIT","interaction":{"idSuffix":"inner"}},"wdio_ui5_key":"applicationmanageresources-display-component---newResourceUnit--DIMENSION_UNIT"}]}
RESULT: undefined
COMMAND: POST /session/a230b9fa5e58e47def27534e3d005bf9/execute/async - {"script":"<script> [776 bytes]","args":[{"enterText":"Meter","selector":{"id":"application-manageresources-display-component---newResourceUnit--DIMENSION_UNIT","interaction":{"idSuffix":"inner"}},"clearTextFirst":true,"interactionType":"ENTER_TEXT"}]}
RESULT: {"script":"<script> [776 bytes]","args":[{"enterText":"Meter","selector":{"id":"application-manageresources-display-component---newResourceUnit--DIMENSION_UNIT","interaction":{"idSuffix":"inner"}},"clearTextFirst":true,"interactionType":"ENTER_TEXT"}]}
COMMAND: POST /session/a230b9fa5e58e47def27534e3d005bf9/execute/async - {"script":"<script> [1562 bytes]","args":[{"selector":{"id":"application-manageresources-display-component---newResourceUnit--newRRUPage-anchBar-application-manageresources-display-component---newResourceUnit--control-anchor","interaction":{"idSuffix":"content"}},"wdio_ui5_key":"applicationmanageresources-display-component---newResourceUnit--newRRUPage-anchBar-application-manageresources-display-component---newResourceUnit--control-anchor"}]}
RESULT: {"script":"<script> [1562 bytes]","args":[{"selector":{"id":"application-manageresources-display-component---newResourceUnit--newRRUPage-anchBar-application-manageresources-display-component---newResourceUnit--control-anchor","interaction":{"idSuffix":"content"}},"wdio_ui5_key":"applicationmanageresources-display-component---newResourceUnit--newRRUPage-anchBar-application-manageresources-display-component---newResourceUnit--control-anchor"}]}
RESULT: undefined
COMMAND: POST /session/a230b9fa5e58e47def27534e3d005bf9/element - {"using":"xpath","value":"//*[@id=\"application-manageresources-display-component---newResourceUnit--newRRUPage-anchBar-application-manageresources-display-component---newResourceUnit--control-anchor\"]"}
RESULT: {"using":"xpath","value":"//*[@id=\"application-manageresources-display-component---newResourceUnit--newRRUPage-anchBar-application-manageresources-display-component---newResourceUnit--control-anchor\"]"}
COMMAND: POST /session/a230b9fa5e58e47def27534e3d005bf9/element/f.5A792F38359A1C743AD3061B3E5B94B4.d.9B9CBF4CBF9EFEAB8B54F38F07E78849.e.6689/click - {}
RESULT: {}
COMMAND: POST /session/a230b9fa5e58e47def27534e3d005bf9/execute/async - {"script":"<script> [1562 bytes]","args":[{"selector":{"id":"application-manageresources-display-component---newResourceUnit--PLANNING_GROUP","interaction":{"idSuffix":"inner"}},"wdio_ui5_key":"applicationmanageresources-display-component---newResourceUnit--PLANNING_GROUP"}]}
COMMAND: GET /session/a230b9fa5e58e47def27534e3d005bf9/screenshot - {}
RESULT: {"script":"<script> [1562 bytes]","args":[{"selector":{"id":"application-manageresources-display-component---newResourceUnit--PLANNING_GROUP","interaction":{"idSuffix":"inner"}},"wdio_ui5_key":"applicationmanageresources-display-component---newResourceUnit--PLANNING_GROUP"}]}
RESULT: undefined
COMMAND: POST /session/a230b9fa5e58e47def27534e3d005bf9/execute/async - {"script":"<script> [776 bytes]","args":[{"enterText":"Heavy Equi","selector":{"id":"application-manageresources-display-component---newResourceUnit--PLANNING_GROUP","interaction":{"idSuffix":"inner"}},"clearTextFirst":true,"interactionType":"ENTER_TEXT"}]}
RESULT: {}
RESULT: {"script":"<script> [776 bytes]","args":[{"enterText":"Heavy Equi","selector":{"id":"application-manageresources-display-component---newResourceUnit--PLANNING_GROUP","interaction":{"idSuffix":"inner"}},"clearTextFirst":true,"interactionType":"ENTER_TEXT"}]}
COMMAND: POST /session/a230b9fa5e58e47def27534e3d005bf9/execute/async - {"script":"<script> [1562 bytes]","args":[{"selector":{"id":"application-manageresources-display-component---newResourceUnit--PLANNING_INDICATOR","interaction":{"idSuffix":"inner"}},"wdio_ui5_key":"applicationmanageresources-display-component---newResourceUnit--PLANNING_INDICATOR"}]}
RESULT: {"script":"<script> [1562 bytes]","args":[{"selector":{"id":"application-manageresources-display-component---newResourceUnit--PLANNING_INDICATOR","interaction":{"idSuffix":"inner"}},"wdio_ui5_key":"applicationmanageresources-display-component---newResourceUnit--PLANNING_INDICATOR"}]}
RESULT: undefined
COMMAND: POST /session/a230b9fa5e58e47def27534e3d005bf9/execute/async - {"script":"<script> [776 bytes]","args":[{"enterText":"10 - infinite","selector":{"id":"application-manageresources-display-component---newResourceUnit--PLANNING_INDICATOR","interaction":{"idSuffix":"inner"}},"clearTextFirst":true,"interactionType":"ENTER_TEXT"}]}
RESULT: {"script":"<script> [776 bytes]","args":[{"enterText":"10 - infinite","selector":{"id":"application-manageresources-display-component---newResourceUnit--PLANNING_INDICATOR","interaction":{"idSuffix":"inner"}},"clearTextFirst":true,"interactionType":"ENTER_TEXT"}]}
COMMAND: POST /session/a230b9fa5e58e47def27534e3d005bf9/actions - {"actions":[{"id":"action21","type":"key","parameters":{},"actions":[{"type":"keyDown","value":"î€‡"},{"type":"pause","duration":10},{"type":"keyUp","value":"î€‡"}]}]}
RESULT: {"actions":[{"id":"action21","type":"key","parameters":{},"actions":[{"type":"keyDown","value":"î€‡"},{"type":"pause","duration":10},{"type":"keyUp","value":"î€‡"}]}]}
COMMAND: POST /session/a230b9fa5e58e47def27534e3d005bf9/execute/async - {"script":"<script> [1562 bytes]","args":[{"selector":{"id":"application-manageresources-display-component---newResourceUnit--ITEM_TYPE-arrow"},"wdio_ui5_key":"applicationmanageresources-display-component---newResourceUnit--ITEM_TYPE-arrow"}]}
COMMAND: GET /session/a230b9fa5e58e47def27534e3d005bf9/screenshot - {}
RESULT: {"script":"<script> [1562 bytes]","args":[{"selector":{"id":"application-manageresources-display-component---newResourceUnit--ITEM_TYPE-arrow"},"wdio_ui5_key":"applicationmanageresources-display-component---newResourceUnit--ITEM_TYPE-arrow"}]}
RESULT: undefined
COMMAND: POST /session/a230b9fa5e58e47def27534e3d005bf9/element - {"using":"xpath","value":"//*[@id=\"application-manageresources-display-component---newResourceUnit--ITEM_TYPE-arrow\"]"}
RESULT: {}
RESULT: {"using":"xpath","value":"//*[@id=\"application-manageresources-display-component---newResourceUnit--ITEM_TYPE-arrow\"]"}
COMMAND: POST /session/a230b9fa5e58e47def27534e3d005bf9/element/f.5A792F38359A1C743AD3061B3E5B94B4.d.9B9CBF4CBF9EFEAB8B54F38F07E78849.e.6697/click - {}
RESULT: {}
COMMAND: POST /session/a230b9fa5e58e47def27534e3d005bf9/execute/async - {"script":"<script> [1562 bytes]","args":[{"selector":{"controlType":"sap.m.StandardListItem","viewName":"reusables.view.manageresources.NewResourceUnit","viewId":"application-manageresources-display-component---newResourceUnit","properties":{"title":"Resource Unit"},"searchOpenDialogs":true,"interaction":{"idSuffix":"titleText"}},"wdio_ui5_key":"reusablesview.manageresources.NewResourceUnitsap.m.StandardListItem{\"title\":\"Resource Unit\"}"}]}
COMMAND: GET /session/a230b9fa5e58e47def27534e3d005bf9/screenshot - {}
RESULT: {"script":"<script> [1562 bytes]","args":[{"selector":{"controlType":"sap.m.StandardListItem","viewName":"reusables.view.manageresources.NewResourceUnit","viewId":"application-manageresources-display-component---newResourceUnit","properties":{"title":"Resource Unit"},"searchOpenDialogs":true,"interaction":{"idSuffix":"titleText"}},"wdio_ui5_key":"reusablesview.manageresources.NewResourceUnitsap.m.StandardListItem{\"title\":\"Resource Unit\"}"}]}
RESULT: undefined
RESULT: {}
COMMAND: POST /session/a230b9fa5e58e47def27534e3d005bf9/execute/async - {"script":"<script> [1562 bytes]","args":[{"selector":{"controlType":"sap.m.Label","viewName":"reusables.view.manageresources.NewResourceUnit","viewId":"application-manageresources-display-component---newResourceUnit","i18NText":{"propertyName":"text","key":"planningGroup"},"interaction":{"idSuffix":"bdi"}},"wdio_ui5_key":"reusablesview.manageresources.NewResourceUnitsap.m.Label{\"propertyName\":\"text\",\"key\":\"planningGroup\"}"}]}
RESULT: {"script":"<script> [1562 bytes]","args":[{"selector":{"controlType":"sap.m.Label","viewName":"reusables.view.manageresources.NewResourceUnit","viewId":"application-manageresources-display-component---newResourceUnit","i18NText":{"propertyName":"text","key":"planningGroup"},"interaction":{"idSuffix":"bdi"}},"wdio_ui5_key":"reusablesview.manageresources.NewResourceUnitsap.m.Label{\"propertyName\":\"text\",\"key\":\"planningGroup\"}"}]}
RESULT: undefined
COMMAND: POST /session/a230b9fa5e58e47def27534e3d005bf9/element - {"using":"xpath","value":"//*[@id=\"__label263\"]"}
RESULT: {"using":"xpath","value":"//*[@id=\"__label263\"]"}
COMMAND: POST /session/a230b9fa5e58e47def27534e3d005bf9/element/f.5A792F38359A1C743AD3061B3E5B94B4.d.9B9CBF4CBF9EFEAB8B54F38F07E78849.e.6699/click - {}
RESULT: {}
COMMAND: GET /session/a230b9fa5e58e47def27534e3d005bf9/screenshot - {}
RESULT: {}
COMMAND: POST /session/a230b9fa5e58e47def27534e3d005bf9/actions - {"actions":[{"type":"key","id":"keyboard","actions":[{"type":"keyDown","value":"î›"}]}]}
RESULT: {"actions":[{"type":"key","id":"keyboard","actions":[{"type":"keyDown","value":"î›"}]}]}
COMMAND: GET /session/a230b9fa5e58e47def27534e3d005bf9/screenshot - {}
RESULT: {}
COMMAND: POST /session/a230b9fa5e58e47def27534e3d005bf9/actions - {"actions":[{"type":"key","id":"keyboard","actions":[{"type":"keyDown","value":"î›"}]}]}
RESULT: {"actions":[{"type":"key","id":"keyboard","actions":[{"type":"keyDown","value":"î›"}]}]}
COMMAND: GET /session/a230b9fa5e58e47def27534e3d005bf9/screenshot - {}
RESULT: {}
COMMAND: POST /session/a230b9fa5e58e47def27534e3d005bf9/actions - {"actions":[{"type":"key","id":"keyboard","actions":[{"type":"keyDown","value":"î›"}]}]}
RESULT: {"actions":[{"type":"key","id":"keyboard","actions":[{"type":"keyDown","value":"î›"}]}]}
COMMAND: GET /session/a230b9fa5e58e47def27534e3d005bf9/screenshot - {}
RESULT: {}
COMMAND: POST /session/a230b9fa5e58e47def27534e3d005bf9/actions - {"actions":[{"type":"key","id":"keyboard","actions":[{"type":"keyDown","value":"î›"}]}]}
RESULT: {"actions":[{"type":"key","id":"keyboard","actions":[{"type":"keyDown","value":"î›"}]}]}
COMMAND: GET /session/a230b9fa5e58e47def27534e3d005bf9/screenshot - {}
RESULT: {}
COMMAND: POST /session/a230b9fa5e58e47def27534e3d005bf9/actions - {"actions":[{"type":"key","id":"keyboard","actions":[{"type":"keyDown","value":"î›"}]}]}
RESULT: {"actions":[{"type":"key","id":"keyboard","actions":[{"type":"keyDown","value":"î›"}]}]}
COMMAND: GET /session/a230b9fa5e58e47def27534e3d005bf9/screenshot - {}
RESULT: {}
COMMAND: POST /session/a230b9fa5e58e47def27534e3d005bf9/actions - {"actions":[{"type":"key","id":"keyboard","actions":[{"type":"keyDown","value":"î›"}]}]}
RESULT: {"actions":[{"type":"key","id":"keyboard","actions":[{"type":"keyDown","value":"î›"}]}]}
COMMAND: GET /session/a230b9fa5e58e47def27534e3d005bf9/screenshot - {}
RESULT: {}
COMMAND: POST /session/a230b9fa5e58e47def27534e3d005bf9/execute/async - {"script":"<script> [1562 bytes]","args":[{"selector":{"id":"application-manageresources-display-component---newResourceUnit--btnAddTimeSegment-img"},"wdio_ui5_key":"applicationmanageresources-display-component---newResourceUnit--btnAddTimeSegment-img"}]}
RESULT: {"script":"<script> [1562 bytes]","args":[{"selector":{"id":"application-manageresources-display-component---newResourceUnit--btnAddTimeSegment-img"},"wdio_ui5_key":"applicationmanageresources-display-component---newResourceUnit--btnAddTimeSegment-img"}]}
RESULT: undefined
COMMAND: POST /session/a230b9fa5e58e47def27534e3d005bf9/element - {"using":"xpath","value":"//*[@id=\"application-manageresources-display-component---newResourceUnit--btnAddTimeSegment-img\"]"}
RESULT: {"using":"xpath","value":"//*[@id=\"application-manageresources-display-component---newResourceUnit--btnAddTimeSegment-img\"]"}
COMMAND: POST /session/a230b9fa5e58e47def27534e3d005bf9/element/f.5A792F38359A1C743AD3061B3E5B94B4.d.9B9CBF4CBF9EFEAB8B54F38F07E78849.e.6700/click - {}
RESULT: {}
COMMAND: POST /session/a230b9fa5e58e47def27534e3d005bf9/element - {"using":"xpath","value":"//input[@id=\"application-manageresources-display-component---newResourceUnit--idRuTSAdmin-application-manageresources-display-component---newResourceUnit--RUTimeSegment-0-inner\"]"}
COMMAND: GET /session/a230b9fa5e58e47def27534e3d005bf9/screenshot - {}
RESULT: {"using":"xpath","value":"//input[@id=\"application-manageresources-display-component---newResourceUnit--idRuTSAdmin-application-manageresources-display-component---newResourceUnit--RUTimeSegment-0-inner\"]"}
COMMAND: POST /session/a230b9fa5e58e47def27534e3d005bf9/element/f.5A792F38359A1C743AD3061B3E5B94B4.d.9B9CBF4CBF9EFEAB8B54F38F07E78849.e.6703/clear - {}
RESULT: {}
RESULT: {}
COMMAND: POST /session/a230b9fa5e58e47def27534e3d005bf9/element/f.5A792F38359A1C743AD3061B3E5B94B4.d.9B9CBF4CBF9EFEAB8B54F38F07E78849.e.6703/value - {"text":"339"}
COMMAND: GET /session/a230b9fa5e58e47def27534e3d005bf9/screenshot - {}
RESULT: {"text":"339"}
COMMAND: GET /session/a230b9fa5e58e47def27534e3d005bf9/screenshot - {}
RESULT: {}
RESULT: {}
COMMAND: POST /session/a230b9fa5e58e47def27534e3d005bf9/actions - {"actions":[{"id":"action22","type":"key","parameters":{},"actions":[{"type":"keyDown","value":"î€‡"},{"type":"pause","duration":10},{"type":"keyUp","value":"î€‡"}]}]}
RESULT: {"actions":[{"id":"action22","type":"key","parameters":{},"actions":[{"type":"keyDown","value":"î€‡"},{"type":"pause","duration":10},{"type":"keyUp","value":"î€‡"}]}]}
COMMAND: GET /session/a230b9fa5e58e47def27534e3d005bf9/screenshot - {}
RESULT: {}
COMMAND: POST /session/a230b9fa5e58e47def27534e3d005bf9/execute/async - {"script":"<script> [1562 bytes]","args":[{"selector":{"controlType":"sap.m.Button","viewName":"reusables.view.manageresources.NewResourceUnit","viewId":"application-manageresources-display-component---newResourceUnit","i18NText":{"propertyName":"tooltip","key":"save"},"interaction":{"idSuffix":"BDI-content"}},"wdio_ui5_key":"reusablesview.manageresources.NewResourceUnitsap.m.Button{\"propertyName\":\"tooltip\",\"key\":\"save\"}"}]}
RESULT: {"script":"<script> [1562 bytes]","args":[{"selector":{"controlType":"sap.m.Button","viewName":"reusables.view.manageresources.NewResourceUnit","viewId":"application-manageresources-display-component---newResourceUnit","i18NText":{"propertyName":"tooltip","key":"save"},"interaction":{"idSuffix":"BDI-content"}},"wdio_ui5_key":"reusablesview.manageresources.NewResourceUnitsap.m.Button{\"propertyName\":\"tooltip\",\"key\":\"save\"}"}]}
RESULT: undefined
COMMAND: POST /session/a230b9fa5e58e47def27534e3d005bf9/element - {"using":"xpath","value":"//*[@id=\"application-manageresources-display-component---newResourceUnit--createRuButton\"]"}
RESULT: {"using":"xpath","value":"//*[@id=\"application-manageresources-display-component---newResourceUnit--createRuButton\"]"}
COMMAND: POST /session/a230b9fa5e58e47def27534e3d005bf9/element/f.5A792F38359A1C743AD3061B3E5B94B4.d.9B9CBF4CBF9EFEAB8B54F38F07E78849.e.6638/click - {}
RESULT: {}
COMMAND: POST /session/a230b9fa5e58e47def27534e3d005bf9/execute/async - {"script":"<script> [1562 bytes]","args":[{"selector":{"controlType":"sap.m.Button","properties":{"text":"Close"},"searchOpenDialogs":true,"interaction":{"idSuffix":"BDI-content"}},"wdio_ui5_key":"sapm.Button{\"text\":\"Close\"}"}]}
COMMAND: GET /session/a230b9fa5e58e47def27534e3d005bf9/screenshot - {}
RESULT: {"script":"<script> [1562 bytes]","args":[{"selector":{"controlType":"sap.m.Button","properties":{"text":"Close"},"searchOpenDialogs":true,"interaction":{"idSuffix":"BDI-content"}},"wdio_ui5_key":"sapm.Button{\"text\":\"Close\"}"}]}
RESULT: undefined
COMMAND: POST /session/a230b9fa5e58e47def27534e3d005bf9/element - {"using":"xpath","value":"//*[@id=\"__mbox-btn-0\"]"}
RESULT: {}
RESULT: {"using":"xpath","value":"//*[@id=\"__mbox-btn-0\"]"}
COMMAND: POST /session/a230b9fa5e58e47def27534e3d005bf9/element/f.5A792F38359A1C743AD3061B3E5B94B4.d.9B9CBF4CBF9EFEAB8B54F38F07E78849.e.6716/click - {}
RESULT: {}
COMMAND: GET /session/a230b9fa5e58e47def27534e3d005bf9/screenshot - {}
RESULT: {}
COMMAND: POST /session/a230b9fa5e58e47def27534e3d005bf9/execute/async - {"script":"<script> [1562 bytes]","args":[{"selector":{"controlType":"sap.m.Text","viewName":"etm.portal.ui.manageresources.view.Detail","viewId":"application-manageresources-display-component---detailRU","bindingPath":{"propertyPath":"ID","modelName":"catalogModel"}},"wdio_ui5_key":"etmportal.ui.manageresources.view.Detailsap.m.Text{\"propertyPath\":\"ID\",\"modelName\":\"catalogModel\"}"}]}
RESULT: {"script":"<script> [1562 bytes]","args":[{"selector":{"controlType":"sap.m.Text","viewName":"etm.portal.ui.manageresources.view.Detail","viewId":"application-manageresources-display-component---detailRU","bindingPath":{"propertyPath":"ID","modelName":"catalogModel"}},"wdio_ui5_key":"etmportal.ui.manageresources.view.Detailsap.m.Text{\"propertyPath\":\"ID\",\"modelName\":\"catalogModel\"}"}]}
RESULT: undefined
COMMAND: POST /session/a230b9fa5e58e47def27534e3d005bf9/execute/async - {"script":"<script> [6424 bytes]","args":[{"element-6066-11e4-a52e-4f735466cecf":"f.5A792F38359A1C743AD3061B3E5B94B4.d.9B9CBF4CBF9EFEAB8B54F38F07E78849.e.6751"},"getText",[]]}
RESULT: {"script":"<script> [6424 bytes]","args":[{"element-6066-11e4-a52e-4f735466cecf":"f.5A792F38359A1C743AD3061B3E5B94B4.d.9B9CBF4CBF9EFEAB8B54F38F07E78849.e.6751"},"getText",[]]}
COMMAND: POST /session/a230b9fa5e58e47def27534e3d005bf9/element - {"using":"css selector","value":"#shell-header-logo"}
RESULT: {"using":"css selector","value":"#shell-header-logo"}
COMMAND: POST /session/a230b9fa5e58e47def27534e3d005bf9/element/f.5A792F38359A1C743AD3061B3E5B94B4.d.9B9CBF4CBF9EFEAB8B54F38F07E78849.e.6254/click - {}
RESULT: {}
COMMAND: GET /session/a230b9fa5e58e47def27534e3d005bf9/screenshot - {}
RESULT: {}
]]></system-out>
    </testcase>
    <testcase classname="chrome.135_0_7049_96.windows.Provide_to_Site_w/_warehouse_management_w/_clarification_US115878" name="Bin Status Report Should Create New Organization yard" time="42.947">
      <system-out><![CDATA[
COMMAND: POST /session/a230b9fa5e58e47def27534e3d005bf9/execute/async - {"script":"<script> [1562 bytes]","args":[{"selector":{"controlType":"sap.m.GenericTile","properties":{"header":"Bin Status Report"}},"wdio_ui5_key":"sapm.GenericTile{\"header\":\"Bin Status Report\"}"}]}
RESULT: {"script":"<script> [1562 bytes]","args":[{"selector":{"controlType":"sap.m.GenericTile","properties":{"header":"Bin Status Report"}},"wdio_ui5_key":"sapm.GenericTile{\"header\":\"Bin Status Report\"}"}]}
RESULT: undefined
COMMAND: POST /session/a230b9fa5e58e47def27534e3d005bf9/element - {"using":"xpath","value":"//*[@id=\"__tile104\"]"}
RESULT: {"using":"xpath","value":"//*[@id=\"__tile104\"]"}
COMMAND: POST /session/a230b9fa5e58e47def27534e3d005bf9/element/f.5A792F38359A1C743AD3061B3E5B94B4.d.9B9CBF4CBF9EFEAB8B54F38F07E78849.e.6753/click - {}
RESULT: {}
COMMAND: GET /session/a230b9fa5e58e47def27534e3d005bf9/screenshot - {}
RESULT: {}
COMMAND: POST /session/a230b9fa5e58e47def27534e3d005bf9/execute/async - {"script":"<script> [1562 bytes]","args":[{"selector":{"id":"application-binstatusreport-display-component---warehousing--createOrgBtn","interaction":{"idSuffix":"content"}},"wdio_ui5_key":"applicationbinstatusreport-display-component---warehousing--createOrgBtn"}]}
RESULT: {"script":"<script> [1562 bytes]","args":[{"selector":{"id":"application-binstatusreport-display-component---warehousing--createOrgBtn","interaction":{"idSuffix":"content"}},"wdio_ui5_key":"applicationbinstatusreport-display-component---warehousing--createOrgBtn"}]}
RESULT: undefined
COMMAND: POST /session/a230b9fa5e58e47def27534e3d005bf9/element - {"using":"xpath","value":"//*[@id=\"application-binstatusreport-display-component---warehousing--createOrgBtn\"]"}
RESULT: {"using":"xpath","value":"//*[@id=\"application-binstatusreport-display-component---warehousing--createOrgBtn\"]"}
COMMAND: POST /session/a230b9fa5e58e47def27534e3d005bf9/element/f.5A792F38359A1C743AD3061B3E5B94B4.d.9B9CBF4CBF9EFEAB8B54F38F07E78849.e.6790/click - {}
RESULT: {}
COMMAND: POST /session/a230b9fa5e58e47def27534e3d005bf9/execute/async - {"script":"<script> [1562 bytes]","args":[{"selector":{"id":"createOrganizationPop--sectionInput","searchOpenDialogs":true,"interaction":{"idSuffix":"inner"}},"wdio_ui5_key":"createOrganizationPopsectionInput"}]}
COMMAND: GET /session/a230b9fa5e58e47def27534e3d005bf9/screenshot - {}
RESULT: {"script":"<script> [1562 bytes]","args":[{"selector":{"id":"createOrganizationPop--sectionInput","searchOpenDialogs":true,"interaction":{"idSuffix":"inner"}},"wdio_ui5_key":"createOrganizationPopsectionInput"}]}
RESULT: undefined
COMMAND: POST /session/a230b9fa5e58e47def27534e3d005bf9/execute/async - {"script":"<script> [776 bytes]","args":[{"enterText":"WDI339","selector":{"id":"createOrganizationPop--sectionInput","searchOpenDialogs":true,"interaction":{"idSuffix":"inner"}},"clearTextFirst":true,"interactionType":"ENTER_TEXT"}]}
RESULT: {}
RESULT: {"script":"<script> [776 bytes]","args":[{"enterText":"WDI339","selector":{"id":"createOrganizationPop--sectionInput","searchOpenDialogs":true,"interaction":{"idSuffix":"inner"}},"clearTextFirst":true,"interactionType":"ENTER_TEXT"}]}
COMMAND: POST /session/a230b9fa5e58e47def27534e3d005bf9/execute/async - {"script":"<script> [1562 bytes]","args":[{"selector":{"id":"createOrganizationPop--descriptionInput","searchOpenDialogs":true,"interaction":{"idSuffix":"inner"}},"wdio_ui5_key":"createOrganizationPopdescriptionInput"}]}
RESULT: {"script":"<script> [1562 bytes]","args":[{"selector":{"id":"createOrganizationPop--descriptionInput","searchOpenDialogs":true,"interaction":{"idSuffix":"inner"}},"wdio_ui5_key":"createOrganizationPopdescriptionInput"}]}
RESULT: undefined
COMMAND: POST /session/a230b9fa5e58e47def27534e3d005bf9/execute/async - {"script":"<script> [776 bytes]","args":[{"enterText":"Shipping339","selector":{"id":"createOrganizationPop--descriptionInput","searchOpenDialogs":true,"interaction":{"idSuffix":"inner"}},"clearTextFirst":true,"interactionType":"ENTER_TEXT"}]}
RESULT: {"script":"<script> [776 bytes]","args":[{"enterText":"Shipping339","selector":{"id":"createOrganizationPop--descriptionInput","searchOpenDialogs":true,"interaction":{"idSuffix":"inner"}},"clearTextFirst":true,"interactionType":"ENTER_TEXT"}]}
COMMAND: POST /session/a230b9fa5e58e47def27534e3d005bf9/element - {"using":"css selector","value":"#createOrganizationPop--yardOrg-inner"}
RESULT: {"using":"css selector","value":"#createOrganizationPop--yardOrg-inner"}
COMMAND: POST /session/a230b9fa5e58e47def27534e3d005bf9/element/f.5A792F38359A1C743AD3061B3E5B94B4.d.9B9CBF4CBF9EFEAB8B54F38F07E78849.e.6845/clear - {}
RESULT: {}
COMMAND: POST /session/a230b9fa5e58e47def27534e3d005bf9/element/f.5A792F38359A1C743AD3061B3E5B94B4.d.9B9CBF4CBF9EFEAB8B54F38F07E78849.e.6845/value - {"text":"339"}
COMMAND: GET /session/a230b9fa5e58e47def27534e3d005bf9/screenshot - {}
RESULT: {"text":"339"}
COMMAND: GET /session/a230b9fa5e58e47def27534e3d005bf9/screenshot - {}
RESULT: {}
RESULT: {}
COMMAND: POST /session/a230b9fa5e58e47def27534e3d005bf9/actions - {"actions":[{"id":"action23","type":"key","parameters":{},"actions":[{"type":"keyDown","value":"î€‡"},{"type":"pause","duration":10},{"type":"keyUp","value":"î€‡"}]}]}
RESULT: {"actions":[{"id":"action23","type":"key","parameters":{},"actions":[{"type":"keyDown","value":"î€‡"},{"type":"pause","duration":10},{"type":"keyUp","value":"î€‡"}]}]}
COMMAND: POST /session/a230b9fa5e58e47def27534e3d005bf9/execute/async - {"script":"<script> [1562 bytes]","args":[{"selector":{"id":"createOrganizationPop--grZone","searchOpenDialogs":true,"interaction":{"idSuffix":"CbBg"}},"wdio_ui5_key":"createOrganizationPopgrZone"}]}
COMMAND: GET /session/a230b9fa5e58e47def27534e3d005bf9/screenshot - {}
RESULT: {"script":"<script> [1562 bytes]","args":[{"selector":{"id":"createOrganizationPop--grZone","searchOpenDialogs":true,"interaction":{"idSuffix":"CbBg"}},"wdio_ui5_key":"createOrganizationPopgrZone"}]}
RESULT: undefined
COMMAND: POST /session/a230b9fa5e58e47def27534e3d005bf9/element - {"using":"xpath","value":"//*[@id=\"createOrganizationPop--grZone\"]"}
RESULT: {}
RESULT: {"using":"xpath","value":"//*[@id=\"createOrganizationPop--grZone\"]"}
COMMAND: POST /session/a230b9fa5e58e47def27534e3d005bf9/element/f.5A792F38359A1C743AD3061B3E5B94B4.d.9B9CBF4CBF9EFEAB8B54F38F07E78849.e.6866/click - {}
RESULT: {}
COMMAND: POST /session/a230b9fa5e58e47def27534e3d005bf9/execute/async - {"script":"<script> [1562 bytes]","args":[{"selector":{"id":"createOrganizationPop--giZone","searchOpenDialogs":true,"interaction":{"idSuffix":"CbBg"}},"wdio_ui5_key":"createOrganizationPopgiZone"}]}
COMMAND: GET /session/a230b9fa5e58e47def27534e3d005bf9/screenshot - {}
RESULT: {"script":"<script> [1562 bytes]","args":[{"selector":{"id":"createOrganizationPop--giZone","searchOpenDialogs":true,"interaction":{"idSuffix":"CbBg"}},"wdio_ui5_key":"createOrganizationPopgiZone"}]}
RESULT: undefined
COMMAND: POST /session/a230b9fa5e58e47def27534e3d005bf9/element - {"using":"xpath","value":"//*[@id=\"createOrganizationPop--giZone\"]"}
RESULT: {}
RESULT: {"using":"xpath","value":"//*[@id=\"createOrganizationPop--giZone\"]"}
COMMAND: POST /session/a230b9fa5e58e47def27534e3d005bf9/element/f.5A792F38359A1C743AD3061B3E5B94B4.d.9B9CBF4CBF9EFEAB8B54F38F07E78849.e.6868/click - {}
RESULT: {}
COMMAND: POST /session/a230b9fa5e58e47def27534e3d005bf9/execute/async - {"script":"<script> [1562 bytes]","args":[{"selector":{"id":"createOrganizationPop--binNoInput","searchOpenDialogs":true,"interaction":{"idSuffix":"inner"}},"wdio_ui5_key":"createOrganizationPopbinNoInput"}]}
COMMAND: GET /session/a230b9fa5e58e47def27534e3d005bf9/screenshot - {}
RESULT: {"script":"<script> [1562 bytes]","args":[{"selector":{"id":"createOrganizationPop--binNoInput","searchOpenDialogs":true,"interaction":{"idSuffix":"inner"}},"wdio_ui5_key":"createOrganizationPopbinNoInput"}]}
RESULT: undefined
COMMAND: POST /session/a230b9fa5e58e47def27534e3d005bf9/execute/async - {"script":"<script> [776 bytes]","args":[{"enterText":"Bin-Wd","selector":{"id":"createOrganizationPop--binNoInput","searchOpenDialogs":true,"interaction":{"idSuffix":"inner"}},"clearTextFirst":true,"interactionType":"ENTER_TEXT"}]}
RESULT: {}
RESULT: {"script":"<script> [776 bytes]","args":[{"enterText":"Bin-Wd","selector":{"id":"createOrganizationPop--binNoInput","searchOpenDialogs":true,"interaction":{"idSuffix":"inner"}},"clearTextFirst":true,"interactionType":"ENTER_TEXT"}]}
COMMAND: POST /session/a230b9fa5e58e47def27534e3d005bf9/execute/async - {"script":"<script> [1562 bytes]","args":[{"selector":{"id":"createOrganizationPop--descriptionId","searchOpenDialogs":true,"interaction":{"idSuffix":"inner"}},"wdio_ui5_key":"createOrganizationPopdescriptionId"}]}
RESULT: {"script":"<script> [1562 bytes]","args":[{"selector":{"id":"createOrganizationPop--descriptionId","searchOpenDialogs":true,"interaction":{"idSuffix":"inner"}},"wdio_ui5_key":"createOrganizationPopdescriptionId"}]}
RESULT: undefined
COMMAND: POST /session/a230b9fa5e58e47def27534e3d005bf9/execute/async - {"script":"<script> [776 bytes]","args":[{"enterText":"Shipping-Wd","selector":{"id":"createOrganizationPop--descriptionId","searchOpenDialogs":true,"interaction":{"idSuffix":"inner"}},"clearTextFirst":true,"interactionType":"ENTER_TEXT"}]}
RESULT: {"script":"<script> [776 bytes]","args":[{"enterText":"Shipping-Wd","selector":{"id":"createOrganizationPop--descriptionId","searchOpenDialogs":true,"interaction":{"idSuffix":"inner"}},"clearTextFirst":true,"interactionType":"ENTER_TEXT"}]}
COMMAND: POST /session/a230b9fa5e58e47def27534e3d005bf9/execute/async - {"script":"<script> [1562 bytes]","args":[{"selector":{"controlType":"sap.m.CheckBox","viewName":"etm.portal.ui.binstatusreport.view.MasterWareBins","viewId":"application-binstatusreport-display-component---warehousing","bindingPath":{"path":"","propertyPath":"/ZONE","modelName":"newBin"},"searchOpenDialogs":true,"interaction":{"idSuffix":"CbBg"}},"wdio_ui5_key":"etmportal.ui.binstatusreport.view.MasterWareBinssap.m.CheckBox{\"path\":\"\",\"propertyPath\":\"/ZONE\",\"modelName\":\"newBin\"}"}]}
RESULT: {"script":"<script> [1562 bytes]","args":[{"selector":{"controlType":"sap.m.CheckBox","viewName":"etm.portal.ui.binstatusreport.view.MasterWareBins","viewId":"application-binstatusreport-display-component---warehousing","bindingPath":{"path":"","propertyPath":"/ZONE","modelName":"newBin"},"searchOpenDialogs":true,"interaction":{"idSuffix":"CbBg"}},"wdio_ui5_key":"etmportal.ui.binstatusreport.view.MasterWareBinssap.m.CheckBox{\"path\":\"\",\"propertyPath\":\"/ZONE\",\"modelName\":\"newBin\"}"}]}
RESULT: undefined
COMMAND: POST /session/a230b9fa5e58e47def27534e3d005bf9/element - {"using":"xpath","value":"//*[@id=\"__box55\"]"}
RESULT: {"using":"xpath","value":"//*[@id=\"__box55\"]"}
COMMAND: POST /session/a230b9fa5e58e47def27534e3d005bf9/element/f.5A792F38359A1C743AD3061B3E5B94B4.d.9B9CBF4CBF9EFEAB8B54F38F07E78849.e.6872/click - {}
RESULT: {}
COMMAND: POST /session/a230b9fa5e58e47def27534e3d005bf9/execute/async - {"script":"<script> [1562 bytes]","args":[{"selector":{"id":"createOrganizationPop--binTypesCB","searchOpenDialogs":true,"interaction":{"idSuffix":"inner"}},"wdio_ui5_key":"createOrganizationPopbinTypesCB"}]}
COMMAND: GET /session/a230b9fa5e58e47def27534e3d005bf9/screenshot - {}
RESULT: {"script":"<script> [1562 bytes]","args":[{"selector":{"id":"createOrganizationPop--binTypesCB","searchOpenDialogs":true,"interaction":{"idSuffix":"inner"}},"wdio_ui5_key":"createOrganizationPopbinTypesCB"}]}
RESULT: undefined
COMMAND: POST /session/a230b9fa5e58e47def27534e3d005bf9/execute/async - {"script":"<script> [776 bytes]","args":[{"enterText":"1 - General / No capacity check","selector":{"id":"createOrganizationPop--binTypesCB","searchOpenDialogs":true,"interaction":{"idSuffix":"inner"}},"clearTextFirst":true,"interactionType":"ENTER_TEXT"}]}
RESULT: {}
RESULT: {"script":"<script> [776 bytes]","args":[{"enterText":"1 - General / No capacity check","selector":{"id":"createOrganizationPop--binTypesCB","searchOpenDialogs":true,"interaction":{"idSuffix":"inner"}},"clearTextFirst":true,"interactionType":"ENTER_TEXT"}]}
COMMAND: POST /session/a230b9fa5e58e47def27534e3d005bf9/actions - {"actions":[{"id":"action24","type":"key","parameters":{},"actions":[{"type":"keyDown","value":"î€‡"},{"type":"pause","duration":10},{"type":"keyUp","value":"î€‡"}]}]}
RESULT: {"actions":[{"id":"action24","type":"key","parameters":{},"actions":[{"type":"keyDown","value":"î€‡"},{"type":"pause","duration":10},{"type":"keyUp","value":"î€‡"}]}]}
COMMAND: GET /session/a230b9fa5e58e47def27534e3d005bf9/screenshot - {}
RESULT: {}
COMMAND: POST /session/a230b9fa5e58e47def27534e3d005bf9/execute/async - {"script":"<script> [1562 bytes]","args":[{"selector":{"id":"createOrganizationPop--finishBtn","searchOpenDialogs":true,"interaction":{"idSuffix":"BDI-content"}},"wdio_ui5_key":"createOrganizationPopfinishBtn"}]}
RESULT: {"script":"<script> [1562 bytes]","args":[{"selector":{"id":"createOrganizationPop--finishBtn","searchOpenDialogs":true,"interaction":{"idSuffix":"BDI-content"}},"wdio_ui5_key":"createOrganizationPopfinishBtn"}]}
RESULT: undefined
COMMAND: POST /session/a230b9fa5e58e47def27534e3d005bf9/element - {"using":"xpath","value":"//*[@id=\"createOrganizationPop--finishBtn\"]"}
RESULT: {"using":"xpath","value":"//*[@id=\"createOrganizationPop--finishBtn\"]"}
COMMAND: POST /session/a230b9fa5e58e47def27534e3d005bf9/element/f.5A792F38359A1C743AD3061B3E5B94B4.d.9B9CBF4CBF9EFEAB8B54F38F07E78849.e.6875/click - {}
RESULT: {}
]]></system-out>
    </testcase>
    <testcase classname="chrome.135_0_7049_96.windows.Provide_to_Site_w/_warehouse_management_w/_clarification_US115878" name="Bin Status Report Should Create New Organization for Site" time="34.332">
      <system-out><![CDATA[
COMMAND: GET /session/a230b9fa5e58e47def27534e3d005bf9/screenshot - {}
RESULT: {}
RESULT: undefined
COMMAND: POST /session/a230b9fa5e58e47def27534e3d005bf9/element - {"using":"xpath","value":"//*[@id=\"application-binstatusreport-display-component---warehousing--createOrgBtn\"]"}
RESULT: {"using":"xpath","value":"//*[@id=\"application-binstatusreport-display-component---warehousing--createOrgBtn\"]"}
COMMAND: POST /session/a230b9fa5e58e47def27534e3d005bf9/element/f.5A792F38359A1C743AD3061B3E5B94B4.d.9B9CBF4CBF9EFEAB8B54F38F07E78849.e.6790/click - {}
RESULT: {}
RESULT: undefined
COMMAND: POST /session/a230b9fa5e58e47def27534e3d005bf9/execute/async - {"script":"<script> [776 bytes]","args":[{"enterText":"2187","selector":{"id":"createOrganizationPop--sectionInput","searchOpenDialogs":true,"interaction":{"idSuffix":"inner"}},"clearTextFirst":true,"interactionType":"ENTER_TEXT"}]}
COMMAND: GET /session/a230b9fa5e58e47def27534e3d005bf9/screenshot - {}
RESULT: {"script":"<script> [776 bytes]","args":[{"enterText":"2187","selector":{"id":"createOrganizationPop--sectionInput","searchOpenDialogs":true,"interaction":{"idSuffix":"inner"}},"clearTextFirst":true,"interactionType":"ENTER_TEXT"}]}
RESULT: undefined
COMMAND: POST /session/a230b9fa5e58e47def27534e3d005bf9/execute/async - {"script":"<script> [776 bytes]","args":[{"enterText":"WDI2187","selector":{"id":"createOrganizationPop--descriptionInput","searchOpenDialogs":true,"interaction":{"idSuffix":"inner"}},"clearTextFirst":true,"interactionType":"ENTER_TEXT"}]}
RESULT: {}
RESULT: {"script":"<script> [776 bytes]","args":[{"enterText":"WDI2187","selector":{"id":"createOrganizationPop--descriptionInput","searchOpenDialogs":true,"interaction":{"idSuffix":"inner"}},"clearTextFirst":true,"interactionType":"ENTER_TEXT"}]}
COMMAND: POST /session/a230b9fa5e58e47def27534e3d005bf9/element - {"using":"css selector","value":"#createOrganizationPop--siteOrg-inner"}
RESULT: {"using":"css selector","value":"#createOrganizationPop--siteOrg-inner"}
COMMAND: POST /session/a230b9fa5e58e47def27534e3d005bf9/element/f.5A792F38359A1C743AD3061B3E5B94B4.d.9B9CBF4CBF9EFEAB8B54F38F07E78849.e.6882/clear - {}
RESULT: {}
COMMAND: POST /session/a230b9fa5e58e47def27534e3d005bf9/element/f.5A792F38359A1C743AD3061B3E5B94B4.d.9B9CBF4CBF9EFEAB8B54F38F07E78849.e.6882/value - {"text":"2187"}
COMMAND: GET /session/a230b9fa5e58e47def27534e3d005bf9/screenshot - {}
RESULT: {"text":"2187"}
COMMAND: GET /session/a230b9fa5e58e47def27534e3d005bf9/screenshot - {}
RESULT: {}
RESULT: {}
COMMAND: POST /session/a230b9fa5e58e47def27534e3d005bf9/actions - {"actions":[{"id":"action25","type":"key","parameters":{},"actions":[{"type":"keyDown","value":"î€‡"},{"type":"pause","duration":10},{"type":"keyUp","value":"î€‡"}]}]}
RESULT: {"actions":[{"id":"action25","type":"key","parameters":{},"actions":[{"type":"keyDown","value":"î€‡"},{"type":"pause","duration":10},{"type":"keyUp","value":"î€‡"}]}]}
RESULT: undefined
COMMAND: POST /session/a230b9fa5e58e47def27534e3d005bf9/element - {"using":"xpath","value":"//*[@id=\"createOrganizationPop--giZone\"]"}
COMMAND: GET /session/a230b9fa5e58e47def27534e3d005bf9/screenshot - {}
RESULT: {"using":"xpath","value":"//*[@id=\"createOrganizationPop--giZone\"]"}
COMMAND: POST /session/a230b9fa5e58e47def27534e3d005bf9/element/f.5A792F38359A1C743AD3061B3E5B94B4.d.9B9CBF4CBF9EFEAB8B54F38F07E78849.e.6899/click - {}
RESULT: {}
RESULT: {}
RESULT: undefined
COMMAND: POST /session/a230b9fa5e58e47def27534e3d005bf9/execute/async - {"script":"<script> [776 bytes]","args":[{"enterText":"WD-BIN","selector":{"id":"createOrganizationPop--binNoInput","searchOpenDialogs":true,"interaction":{"idSuffix":"inner"}},"clearTextFirst":true,"interactionType":"ENTER_TEXT"}]}
COMMAND: GET /session/a230b9fa5e58e47def27534e3d005bf9/screenshot - {}
RESULT: {"script":"<script> [776 bytes]","args":[{"enterText":"WD-BIN","selector":{"id":"createOrganizationPop--binNoInput","searchOpenDialogs":true,"interaction":{"idSuffix":"inner"}},"clearTextFirst":true,"interactionType":"ENTER_TEXT"}]}
RESULT: undefined
COMMAND: POST /session/a230b9fa5e58e47def27534e3d005bf9/execute/async - {"script":"<script> [776 bytes]","args":[{"enterText":"WD-BIN","selector":{"id":"createOrganizationPop--descriptionId","searchOpenDialogs":true,"interaction":{"idSuffix":"inner"}},"clearTextFirst":true,"interactionType":"ENTER_TEXT"}]}
RESULT: {}
RESULT: {"script":"<script> [776 bytes]","args":[{"enterText":"WD-BIN","selector":{"id":"createOrganizationPop--descriptionId","searchOpenDialogs":true,"interaction":{"idSuffix":"inner"}},"clearTextFirst":true,"interactionType":"ENTER_TEXT"}]}
COMMAND: POST /session/a230b9fa5e58e47def27534e3d005bf9/execute/async - {"script":"<script> [1562 bytes]","args":[{"selector":{"controlType":"sap.m.CheckBox","viewName":"etm.portal.ui.binstatusreport.view.MasterWareBins","viewId":"application-binstatusreport-display-component---warehousing","bindingPath":{"propertyPath":"/ZONE","modelName":"newBin"},"searchOpenDialogs":true,"interaction":{"idSuffix":"CbBg"}},"wdio_ui5_key":"etmportal.ui.binstatusreport.view.MasterWareBinssap.m.CheckBox{\"propertyPath\":\"/ZONE\",\"modelName\":\"newBin\"}"}]}
RESULT: {"script":"<script> [1562 bytes]","args":[{"selector":{"controlType":"sap.m.CheckBox","viewName":"etm.portal.ui.binstatusreport.view.MasterWareBins","viewId":"application-binstatusreport-display-component---warehousing","bindingPath":{"propertyPath":"/ZONE","modelName":"newBin"},"searchOpenDialogs":true,"interaction":{"idSuffix":"CbBg"}},"wdio_ui5_key":"etmportal.ui.binstatusreport.view.MasterWareBinssap.m.CheckBox{\"propertyPath\":\"/ZONE\",\"modelName\":\"newBin\"}"}]}
RESULT: undefined
COMMAND: POST /session/a230b9fa5e58e47def27534e3d005bf9/element - {"using":"xpath","value":"//*[@id=\"__box58\"]"}
RESULT: {"using":"xpath","value":"//*[@id=\"__box58\"]"}
COMMAND: POST /session/a230b9fa5e58e47def27534e3d005bf9/element/f.5A792F38359A1C743AD3061B3E5B94B4.d.9B9CBF4CBF9EFEAB8B54F38F07E78849.e.6901/click - {}
RESULT: {}
COMMAND: GET /session/a230b9fa5e58e47def27534e3d005bf9/screenshot - {}
RESULT: {}
RESULT: undefined
COMMAND: POST /session/a230b9fa5e58e47def27534e3d005bf9/execute/async - {"script":"<script> [776 bytes]","args":[{"enterText":"1 - General / No capacity check","selector":{"id":"createOrganizationPop--binTypesCB","searchOpenDialogs":true,"interaction":{"idSuffix":"inner"}},"clearTextFirst":true,"interactionType":"ENTER_TEXT"}]}
RESULT: {"script":"<script> [776 bytes]","args":[{"enterText":"1 - General / No capacity check","selector":{"id":"createOrganizationPop--binTypesCB","searchOpenDialogs":true,"interaction":{"idSuffix":"inner"}},"clearTextFirst":true,"interactionType":"ENTER_TEXT"}]}
COMMAND: POST /session/a230b9fa5e58e47def27534e3d005bf9/execute/async - {"script":"<script> [1562 bytes]","args":[{"selector":{"id":"createOrganizationPop--capacityId","searchOpenDialogs":true,"interaction":{"idSuffix":"inner"}},"wdio_ui5_key":"createOrganizationPopcapacityId"}]}
RESULT: {"script":"<script> [1562 bytes]","args":[{"selector":{"id":"createOrganizationPop--capacityId","searchOpenDialogs":true,"interaction":{"idSuffix":"inner"}},"wdio_ui5_key":"createOrganizationPopcapacityId"}]}
RESULT: undefined
COMMAND: POST /session/a230b9fa5e58e47def27534e3d005bf9/actions - {"actions":[{"id":"action26","type":"key","parameters":{},"actions":[{"type":"keyDown","value":"î€‡"},{"type":"pause","duration":10},{"type":"keyUp","value":"î€‡"}]}]}
RESULT: {"actions":[{"id":"action26","type":"key","parameters":{},"actions":[{"type":"keyDown","value":"î€‡"},{"type":"pause","duration":10},{"type":"keyUp","value":"î€‡"}]}]}
COMMAND: GET /session/a230b9fa5e58e47def27534e3d005bf9/screenshot - {}
RESULT: {}
RESULT: undefined
COMMAND: POST /session/a230b9fa5e58e47def27534e3d005bf9/element - {"using":"xpath","value":"//*[@id=\"createOrganizationPop--finishBtn\"]"}
RESULT: {"using":"xpath","value":"//*[@id=\"createOrganizationPop--finishBtn\"]"}
COMMAND: POST /session/a230b9fa5e58e47def27534e3d005bf9/element/f.5A792F38359A1C743AD3061B3E5B94B4.d.9B9CBF4CBF9EFEAB8B54F38F07E78849.e.6908/click - {}
RESULT: {}
COMMAND: POST /session/a230b9fa5e58e47def27534e3d005bf9/element - {"using":"css selector","value":"#shell-header-logo"}
COMMAND: GET /session/a230b9fa5e58e47def27534e3d005bf9/screenshot - {}
RESULT: {"using":"css selector","value":"#shell-header-logo"}
COMMAND: POST /session/a230b9fa5e58e47def27534e3d005bf9/element/f.5A792F38359A1C743AD3061B3E5B94B4.d.9B9CBF4CBF9EFEAB8B54F38F07E78849.e.6757/click - {}
RESULT: {}
RESULT: {}
]]></system-out>
    </testcase>
  </testsuite>
  <testsuite timestamp="2025-04-28T16:38:57" time="518.58" tests="6" failures="2" errors="2" skipped="0">
    <properties>
      <property name="specId" value="0" />
      <property name="suiteName" value="Provide to Site w/ warehouse management w clarification" />
      <property name="capabilities" value="chrome.135_0_7049_96.windows" />
      <property name="file" value="file:///D:/a/1/s/test/specs/HTR/provide-to-site-w-warehouse-w-clarification.spec.js" />
    </properties>
    <testcase classname="chrome.135_0_7049_96.windows.Provide_to_Site_w/_warehouse_management_w_clarification" name="Should do a stock increase handover" time="84.69">
      <system-out><![CDATA[
COMMAND: POST /session/a230b9fa5e58e47def27534e3d005bf9/execute/async - {"script":"<script> [1562 bytes]","args":[{"selector":{"controlType":"sap.m.GenericTile","properties":{"header":"Manage Handovers"}},"wdio_ui5_key":"sapm.GenericTile{\"header\":\"Manage Handovers\"}"}]}
COMMAND: GET /session/a230b9fa5e58e47def27534e3d005bf9/screenshot - {}
RESULT: {"script":"<script> [1562 bytes]","args":[{"selector":{"controlType":"sap.m.GenericTile","properties":{"header":"Manage Handovers"}},"wdio_ui5_key":"sapm.GenericTile{\"header\":\"Manage Handovers\"}"}]}
RESULT: undefined
COMMAND: POST /session/a230b9fa5e58e47def27534e3d005bf9/element - {"using":"xpath","value":"//*[@id=\"__tile133\"]"}
RESULT: {}
RESULT: {"using":"xpath","value":"//*[@id=\"__tile133\"]"}
COMMAND: POST /session/a230b9fa5e58e47def27534e3d005bf9/element/f.5A792F38359A1C743AD3061B3E5B94B4.d.9B9CBF4CBF9EFEAB8B54F38F07E78849.e.4166/click - {}
RESULT: {}
COMMAND: GET /session/a230b9fa5e58e47def27534e3d005bf9/screenshot - {}
COMMAND: POST /session/a230b9fa5e58e47def27534e3d005bf9/element - {"using":"xpath","value":"//button[(@data-kt = 'masterHOAddButton')]"}
RESULT: {}
RESULT: {"using":"xpath","value":"//button[(@data-kt = 'masterHOAddButton')]"}
COMMAND: POST /session/a230b9fa5e58e47def27534e3d005bf9/elements - {"using":"xpath","value":"//button[(@data-kt = 'masterHOAddButton')]"}
RESULT: {"using":"xpath","value":"//button[(@data-kt = 'masterHOAddButton')]"}
COMMAND: POST /session/a230b9fa5e58e47def27534e3d005bf9/elements - {"using":"xpath","value":"//button[(@data-kt = 'masterHOAddButton')]"}
RESULT: {"using":"xpath","value":"//button[(@data-kt = 'masterHOAddButton')]"}
COMMAND: POST /session/a230b9fa5e58e47def27534e3d005bf9/element - {"using":"xpath","value":"//button[(@data-kt = 'masterHOAddButton')]"}
RESULT: {"using":"xpath","value":"//button[(@data-kt = 'masterHOAddButton')]"}
COMMAND: POST /session/a230b9fa5e58e47def27534e3d005bf9/element/f.5A792F38359A1C743AD3061B3E5B94B4.d.9B9CBF4CBF9EFEAB8B54F38F07E78849.e.6952/click - {}
RESULT: {}
COMMAND: POST /session/a230b9fa5e58e47def27534e3d005bf9/element - {"using":"css selector","value":"span[id=\"application-managehandovers-display-component---AddNewHO--typeSelect-label\"]"}
COMMAND: GET /session/a230b9fa5e58e47def27534e3d005bf9/screenshot - {}
RESULT: {"using":"css selector","value":"span[id=\"application-managehandovers-display-component---AddNewHO--typeSelect-label\"]"}
COMMAND: POST /session/a230b9fa5e58e47def27534e3d005bf9/elements - {"using":"css selector","value":"span[id=\"application-managehandovers-display-component---AddNewHO--typeSelect-label\"]"}
RESULT: {}
RESULT: {"using":"css selector","value":"span[id=\"application-managehandovers-display-component---AddNewHO--typeSelect-label\"]"}
COMMAND: POST /session/a230b9fa5e58e47def27534e3d005bf9/element - {"using":"css selector","value":"span[id=\"application-managehandovers-display-component---AddNewHO--typeSelect-label\"]"}
RESULT: {"using":"css selector","value":"span[id=\"application-managehandovers-display-component---AddNewHO--typeSelect-label\"]"}
COMMAND: POST /session/a230b9fa5e58e47def27534e3d005bf9/element/f.5A792F38359A1C743AD3061B3E5B94B4.d.9B9CBF4CBF9EFEAB8B54F38F07E78849.e.7254/click - {}
RESULT: {}
COMMAND: POST /session/a230b9fa5e58e47def27534e3d005bf9/element - {"using":"css selector","value":"#application-managehandovers-display-component---AddNewHO--oneStep-CB"}
COMMAND: GET /session/a230b9fa5e58e47def27534e3d005bf9/screenshot - {}
RESULT: {"using":"css selector","value":"#application-managehandovers-display-component---AddNewHO--oneStep-CB"}
COMMAND: GET /session/a230b9fa5e58e47def27534e3d005bf9/element/f.5A792F38359A1C743AD3061B3E5B94B4.d.9B9CBF4CBF9EFEAB8B54F38F07E78849.e.7201/selected - {}
RESULT: {}
RESULT: {}
COMMAND: POST /session/a230b9fa5e58e47def27534e3d005bf9/element - {"using":"xpath","value":"//li[contains(text(), \"stock increase yard\")]"}
COMMAND: GET /session/a230b9fa5e58e47def27534e3d005bf9/screenshot - {}
RESULT: {"using":"xpath","value":"//li[contains(text(), \"stock increase yard\")]"}
COMMAND: POST /session/a230b9fa5e58e47def27534e3d005bf9/element/f.5A792F38359A1C743AD3061B3E5B94B4.d.9B9CBF4CBF9EFEAB8B54F38F07E78849.e.7255/click - {}
RESULT: {}
RESULT: {}
COMMAND: GET /session/a230b9fa5e58e47def27534e3d005bf9/screenshot - {}
RESULT: {}
COMMAND: POST /session/a230b9fa5e58e47def27534e3d005bf9/element - {"using":"css selector","value":"input[id=\"generalSectionFrg--receiveYard-inner\"]"}
RESULT: {"using":"css selector","value":"input[id=\"generalSectionFrg--receiveYard-inner\"]"}
COMMAND: POST /session/a230b9fa5e58e47def27534e3d005bf9/element/f.5A792F38359A1C743AD3061B3E5B94B4.d.9B9CBF4CBF9EFEAB8B54F38F07E78849.e.7263/clear - {}
RESULT: {}
COMMAND: POST /session/a230b9fa5e58e47def27534e3d005bf9/element/f.5A792F38359A1C743AD3061B3E5B94B4.d.9B9CBF4CBF9EFEAB8B54F38F07E78849.e.7263/value - {"text":"339"}
COMMAND: GET /session/a230b9fa5e58e47def27534e3d005bf9/screenshot - {}
RESULT: {"text":"339"}
COMMAND: GET /session/a230b9fa5e58e47def27534e3d005bf9/screenshot - {}
RESULT: {}
RESULT: {}
COMMAND: POST /session/a230b9fa5e58e47def27534e3d005bf9/element - {"using":"css selector","value":"#application-managehandovers-display-component---AddNewHO--dueDate-inner"}
RESULT: {"using":"css selector","value":"#application-managehandovers-display-component---AddNewHO--dueDate-inner"}
COMMAND: POST /session/a230b9fa5e58e47def27534e3d005bf9/element/f.5A792F38359A1C743AD3061B3E5B94B4.d.9B9CBF4CBF9EFEAB8B54F38F07E78849.e.7257/clear - {}
RESULT: {}
COMMAND: POST /session/a230b9fa5e58e47def27534e3d005bf9/element/f.5A792F38359A1C743AD3061B3E5B94B4.d.9B9CBF4CBF9EFEAB8B54F38F07E78849.e.7257/value - {"text":"4/28/25"}
COMMAND: GET /session/a230b9fa5e58e47def27534e3d005bf9/screenshot - {}
RESULT: {"text":"4/28/25"}
COMMAND: GET /session/a230b9fa5e58e47def27534e3d005bf9/screenshot - {}
RESULT: {}
RESULT: {}
COMMAND: POST /session/a230b9fa5e58e47def27534e3d005bf9/element - {"using":"xpath","value":"//bdi[(text() = 'Items' or . = 'Items')]"}
RESULT: {"using":"xpath","value":"//bdi[(text() = 'Items' or . = 'Items')]"}
COMMAND: POST /session/a230b9fa5e58e47def27534e3d005bf9/element/f.5A792F38359A1C743AD3061B3E5B94B4.d.9B9CBF4CBF9EFEAB8B54F38F07E78849.e.7281/click - {}
RESULT: {}
COMMAND: GET /session/a230b9fa5e58e47def27534e3d005bf9/screenshot - {}
RESULT: {}
COMMAND: POST /session/a230b9fa5e58e47def27534e3d005bf9/element - {"using":"xpath","value":"//button[@aria-label=\"Add\"]"}
RESULT: {"using":"xpath","value":"//button[@aria-label=\"Add\"]"}
COMMAND: POST /session/a230b9fa5e58e47def27534e3d005bf9/element/f.5A792F38359A1C743AD3061B3E5B94B4.d.9B9CBF4CBF9EFEAB8B54F38F07E78849.e.7286/click - {}
RESULT: {}
COMMAND: GET /session/a230b9fa5e58e47def27534e3d005bf9/screenshot - {}
RESULT: {}
COMMAND: POST /session/a230b9fa5e58e47def27534e3d005bf9/element - {"using":"css selector","value":"input[id= \"application-managehandovers-display-component---AddNewHO--smartFilterBar-btnBasicSearch-I\"]"}
RESULT: {"using":"css selector","value":"input[id= \"application-managehandovers-display-component---AddNewHO--smartFilterBar-btnBasicSearch-I\"]"}
COMMAND: POST /session/a230b9fa5e58e47def27534e3d005bf9/element/f.5A792F38359A1C743AD3061B3E5B94B4.d.9B9CBF4CBF9EFEAB8B54F38F07E78849.e.7289/clear - {}
RESULT: {}
COMMAND: POST /session/a230b9fa5e58e47def27534e3d005bf9/element/f.5A792F38359A1C743AD3061B3E5B94B4.d.9B9CBF4CBF9EFEAB8B54F38F07E78849.e.7289/value - {"text":"200161"}
COMMAND: GET /session/a230b9fa5e58e47def27534e3d005bf9/screenshot - {}
RESULT: {"text":"200161"}
COMMAND: POST /session/a230b9fa5e58e47def27534e3d005bf9/actions - {"actions":[{"id":"action27","type":"key","parameters":{},"actions":[{"type":"keyDown","value":"î€‡"},{"type":"pause","duration":10},{"type":"keyUp","value":"î€‡"}]}]}
COMMAND: GET /session/a230b9fa5e58e47def27534e3d005bf9/screenshot - {}
RESULT: {}
RESULT: {"actions":[{"id":"action27","type":"key","parameters":{},"actions":[{"type":"keyDown","value":"î€‡"},{"type":"pause","duration":10},{"type":"keyUp","value":"î€‡"}]}]}
COMMAND: POST /session/a230b9fa5e58e47def27534e3d005bf9/element - {"using":"css selector","value":"div[id= \"application-managehandovers-display-component---AddNewHO--smartFilterBar-btnBasicSearch-search\"]"}
COMMAND: GET /session/a230b9fa5e58e47def27534e3d005bf9/screenshot - {}
RESULT: {}
RESULT: {"using":"css selector","value":"div[id= \"application-managehandovers-display-component---AddNewHO--smartFilterBar-btnBasicSearch-search\"]"}
COMMAND: POST /session/a230b9fa5e58e47def27534e3d005bf9/element/f.5A792F38359A1C743AD3061B3E5B94B4.d.9B9CBF4CBF9EFEAB8B54F38F07E78849.e.7439/click - {}
RESULT: {}
RESULT: {}
COMMAND: GET /session/a230b9fa5e58e47def27534e3d005bf9/screenshot - {}
RESULT: {}
COMMAND: POST /session/a230b9fa5e58e47def27534e3d005bf9/element - {"using":"css selector","value":"div[id= \"application-managehandovers-display-component---AddNewHO--popup-sa-CbBg\"]"}
RESULT: {"using":"css selector","value":"div[id= \"application-managehandovers-display-component---AddNewHO--popup-sa-CbBg\"]"}
COMMAND: POST /session/a230b9fa5e58e47def27534e3d005bf9/element/f.5A792F38359A1C743AD3061B3E5B94B4.d.9B9CBF4CBF9EFEAB8B54F38F07E78849.e.7440/click - {}
RESULT: {}
COMMAND: POST /session/a230b9fa5e58e47def27534e3d005bf9/element - {"using":"xpath","value":"//bdi[(text() = 'Select' or . = 'Select')]"}
COMMAND: GET /session/a230b9fa5e58e47def27534e3d005bf9/screenshot - {}
RESULT: {"using":"xpath","value":"//bdi[(text() = 'Select' or . = 'Select')]"}
COMMAND: POST /session/a230b9fa5e58e47def27534e3d005bf9/element/f.5A792F38359A1C743AD3061B3E5B94B4.d.9B9CBF4CBF9EFEAB8B54F38F07E78849.e.7441/click - {}
RESULT: {}
RESULT: {}
COMMAND: GET /session/a230b9fa5e58e47def27534e3d005bf9/screenshot - {}
RESULT: {}
COMMAND: POST /session/a230b9fa5e58e47def27534e3d005bf9/element - {"using":"xpath","value":"//bdi[(text() = 'Save' or . = 'Save')]"}
RESULT: {"using":"xpath","value":"//bdi[(text() = 'Save' or . = 'Save')]"}
COMMAND: POST /session/a230b9fa5e58e47def27534e3d005bf9/element/f.5A792F38359A1C743AD3061B3E5B94B4.d.9B9CBF4CBF9EFEAB8B54F38F07E78849.e.7445/click - {}
RESULT: {}
COMMAND: GET /session/a230b9fa5e58e47def27534e3d005bf9/screenshot - {}
RESULT: {}
COMMAND: POST /session/a230b9fa5e58e47def27534e3d005bf9/element - {"using":"xpath","value":"//input[contains(@id ,\"receiptDatePicker-inner\")]"}
RESULT: {"using":"xpath","value":"//input[contains(@id ,\"receiptDatePicker-inner\")]"}
COMMAND: POST /session/a230b9fa5e58e47def27534e3d005bf9/element/f.5A792F38359A1C743AD3061B3E5B94B4.d.9B9CBF4CBF9EFEAB8B54F38F07E78849.e.7473/click - {}
RESULT: {}
COMMAND: POST /session/a230b9fa5e58e47def27534e3d005bf9/element - {"using":"xpath","value":"//input[contains(@id ,\"receiptDatePicker-inner\")]"}
COMMAND: GET /session/a230b9fa5e58e47def27534e3d005bf9/screenshot - {}
RESULT: {"using":"xpath","value":"//input[contains(@id ,\"receiptDatePicker-inner\")]"}
COMMAND: POST /session/a230b9fa5e58e47def27534e3d005bf9/element/f.5A792F38359A1C743AD3061B3E5B94B4.d.9B9CBF4CBF9EFEAB8B54F38F07E78849.e.7473/clear - {}
RESULT: {}
RESULT: {}
COMMAND: POST /session/a230b9fa5e58e47def27534e3d005bf9/element/f.5A792F38359A1C743AD3061B3E5B94B4.d.9B9CBF4CBF9EFEAB8B54F38F07E78849.e.7473/value - {"text":"4/28/25"}
COMMAND: GET /session/a230b9fa5e58e47def27534e3d005bf9/screenshot - {}
RESULT: {"text":"4/28/25"}
COMMAND: GET /session/a230b9fa5e58e47def27534e3d005bf9/screenshot - {}
RESULT: {}
RESULT: {}
COMMAND: POST /session/a230b9fa5e58e47def27534e3d005bf9/execute/async - {"script":"<script> [1562 bytes]","args":[{"selector":{"id":"administrationTabFilter","viewName":"etm.portal.ui.managehandovers.view.DetailExecuteHO","interaction":{"idSuffix":"text"}},"wdio_ui5_key":"administrationTabFilteretmportal.ui.managehandovers.view.DetailExecuteHO"}]}
RESULT: {"script":"<script> [1562 bytes]","args":[{"selector":{"id":"administrationTabFilter","viewName":"etm.portal.ui.managehandovers.view.DetailExecuteHO","interaction":{"idSuffix":"text"}},"wdio_ui5_key":"administrationTabFilteretmportal.ui.managehandovers.view.DetailExecuteHO"}]}
RESULT: undefined
COMMAND: POST /session/a230b9fa5e58e47def27534e3d005bf9/element - {"using":"xpath","value":"//*[@id=\"__xmlview61--administrationTabFilter\"]"}
RESULT: {"using":"xpath","value":"//*[@id=\"__xmlview61--administrationTabFilter\"]"}
COMMAND: POST /session/a230b9fa5e58e47def27534e3d005bf9/element/f.5A792F38359A1C743AD3061B3E5B94B4.d.9B9CBF4CBF9EFEAB8B54F38F07E78849.e.7493/click - {}
RESULT: {}
RESULT: undefined
COMMAND: POST /session/a230b9fa5e58e47def27534e3d005bf9/element - {"using":"xpath","value":"//*[@id=\"__xmlview61--administrationTabFilter\"]"}
COMMAND: GET /session/a230b9fa5e58e47def27534e3d005bf9/screenshot - {}
RESULT: {"using":"xpath","value":"//*[@id=\"__xmlview61--administrationTabFilter\"]"}
COMMAND: POST /session/a230b9fa5e58e47def27534e3d005bf9/element/f.5A792F38359A1C743AD3061B3E5B94B4.d.9B9CBF4CBF9EFEAB8B54F38F07E78849.e.7493/click - {}
RESULT: {}
RESULT: {}
COMMAND: GET /session/a230b9fa5e58e47def27534e3d005bf9/screenshot - {}
RESULT: {}
COMMAND: POST /session/a230b9fa5e58e47def27534e3d005bf9/element - {"using":"xpath","value":"//bdi[(text() = 'Confirm' or . = 'Confirm')]"}
RESULT: {"using":"xpath","value":"//bdi[(text() = 'Confirm' or . = 'Confirm')]"}
COMMAND: POST /session/a230b9fa5e58e47def27534e3d005bf9/element/f.5A792F38359A1C743AD3061B3E5B94B4.d.9B9CBF4CBF9EFEAB8B54F38F07E78849.e.7501/click - {}
RESULT: {}
COMMAND: GET /session/a230b9fa5e58e47def27534e3d005bf9/screenshot - {}
RESULT: {}
COMMAND: POST /session/a230b9fa5e58e47def27534e3d005bf9/execute/async - {"script":"<script> [1562 bytes]","args":[{"selector":{"id":"confirmationButton","viewName":"etm.portal.ui.managehandovers.view.DetailExecuteHO","interaction":{"idSuffix":"BDI-content"}},"wdio_ui5_key":"confirmationButtonetmportal.ui.managehandovers.view.DetailExecuteHO"}]}
RESULT: {"script":"<script> [1562 bytes]","args":[{"selector":{"id":"confirmationButton","viewName":"etm.portal.ui.managehandovers.view.DetailExecuteHO","interaction":{"idSuffix":"BDI-content"}},"wdio_ui5_key":"confirmationButtonetmportal.ui.managehandovers.view.DetailExecuteHO"}]}
RESULT: undefined
COMMAND: POST /session/a230b9fa5e58e47def27534e3d005bf9/element - {"using":"xpath","value":"(//*[text()='Receive'])[2]"}
RESULT: {"using":"xpath","value":"(//*[text()='Receive'])[2]"}
COMMAND: GET /session/a230b9fa5e58e47def27534e3d005bf9/element/f.5A792F38359A1C743AD3061B3E5B94B4.d.9B9CBF4CBF9EFEAB8B54F38F07E78849.e.7503/enabled - {}
RESULT: {}
COMMAND: POST /session/a230b9fa5e58e47def27534e3d005bf9/execute/sync - {"script":"<script> [8489 bytes]","args":[{"element-6066-11e4-a52e-4f735466cecf":"f.5A792F38359A1C743AD3061B3E5B94B4.d.9B9CBF4CBF9EFEAB8B54F38F07E78849.e.7503","ELEMENT":"f.5A792F38359A1C743AD3061B3E5B94B4.d.9B9CBF4CBF9EFEAB8B54F38F07E78849.e.7503"}]}
COMMAND: GET /session/a230b9fa5e58e47def27534e3d005bf9/screenshot - {}
RESULT: {"script":"<script> [8489 bytes]","args":[{"element-6066-11e4-a52e-4f735466cecf":"f.5A792F38359A1C743AD3061B3E5B94B4.d.9B9CBF4CBF9EFEAB8B54F38F07E78849.e.7503","ELEMENT":"f.5A792F38359A1C743AD3061B3E5B94B4.d.9B9CBF4CBF9EFEAB8B54F38F07E78849.e.7503"}]}
COMMAND: POST /session/a230b9fa5e58e47def27534e3d005bf9/execute/sync - {"script":"<script> [5351 bytes]","args":[{"element-6066-11e4-a52e-4f735466cecf":"f.5A792F38359A1C743AD3061B3E5B94B4.d.9B9CBF4CBF9EFEAB8B54F38F07E78849.e.7503","ELEMENT":"f.5A792F38359A1C743AD3061B3E5B94B4.d.9B9CBF4CBF9EFEAB8B54F38F07E78849.e.7503"}]}
COMMAND: GET /session/a230b9fa5e58e47def27534e3d005bf9/screenshot - {}
RESULT: {}
RESULT: {"script":"<script> [5351 bytes]","args":[{"element-6066-11e4-a52e-4f735466cecf":"f.5A792F38359A1C743AD3061B3E5B94B4.d.9B9CBF4CBF9EFEAB8B54F38F07E78849.e.7503","ELEMENT":"f.5A792F38359A1C743AD3061B3E5B94B4.d.9B9CBF4CBF9EFEAB8B54F38F07E78849.e.7503"}]}
COMMAND: POST /session/a230b9fa5e58e47def27534e3d005bf9/element/f.5A792F38359A1C743AD3061B3E5B94B4.d.9B9CBF4CBF9EFEAB8B54F38F07E78849.e.7503/click - {}
COMMAND: GET /session/a230b9fa5e58e47def27534e3d005bf9/screenshot - {}
RESULT: {}
RESULT: {}
COMMAND: GET /session/a230b9fa5e58e47def27534e3d005bf9/screenshot - {}
RESULT: {}
RESULT: {}
COMMAND: POST /session/a230b9fa5e58e47def27534e3d005bf9/element - {"using":"css selector","value":"#shell-header-logo"}
RESULT: {"using":"css selector","value":"#shell-header-logo"}
COMMAND: POST /session/a230b9fa5e58e47def27534e3d005bf9/element/f.5A792F38359A1C743AD3061B3E5B94B4.d.9B9CBF4CBF9EFEAB8B54F38F07E78849.e.6922/click - {}
RESULT: {}
COMMAND: GET /session/a230b9fa5e58e47def27534e3d005bf9/screenshot - {}
RESULT: {}
]]></system-out>
    </testcase>
    <testcase classname="chrome.135_0_7049_96.windows.Provide_to_Site_w/_warehouse_management_w_clarification" name="Should create a new contract" time="59.929">
      <system-out><![CDATA[
COMMAND: POST /session/a230b9fa5e58e47def27534e3d005bf9/execute/async - {"script":"<script> [1562 bytes]","args":[{"selector":{"controlType":"sap.m.GenericTile","properties":{"header":"Manage Contracts"}},"wdio_ui5_key":"sapm.GenericTile{\"header\":\"Manage Contracts\"}"}]}
RESULT: {"script":"<script> [1562 bytes]","args":[{"selector":{"controlType":"sap.m.GenericTile","properties":{"header":"Manage Contracts"}},"wdio_ui5_key":"sapm.GenericTile{\"header\":\"Manage Contracts\"}"}]}
RESULT: undefined
COMMAND: POST /session/a230b9fa5e58e47def27534e3d005bf9/element - {"using":"xpath","value":"//*[@id=\"__tile130\"]"}
RESULT: {"using":"xpath","value":"//*[@id=\"__tile130\"]"}
COMMAND: POST /session/a230b9fa5e58e47def27534e3d005bf9/element/f.5A792F38359A1C743AD3061B3E5B94B4.d.9B9CBF4CBF9EFEAB8B54F38F07E78849.e.4155/click - {}
RESULT: {}
COMMAND: GET /session/a230b9fa5e58e47def27534e3d005bf9/screenshot - {}
RESULT: {}
COMMAND: POST /session/a230b9fa5e58e47def27534e3d005bf9/execute/async - {"script":"<script> [1562 bytes]","args":[{"selector":{"controlType":"sap.ui.core.Icon","viewName":"etm.portal.ui.managecontracts.view.Master","properties":{"src":{"regex":{"source":"add"}}}},"wdio_ui5_key":"etmportal.ui.managecontracts.view.Mastersap.ui.core.Icon{\"src\":{\"regex\":{\"source\":\"add\"}}}"}]}
RESULT: {"script":"<script> [1562 bytes]","args":[{"selector":{"controlType":"sap.ui.core.Icon","viewName":"etm.portal.ui.managecontracts.view.Master","properties":{"src":{"regex":{"source":"add"}}}},"wdio_ui5_key":"etmportal.ui.managecontracts.view.Mastersap.ui.core.Icon{\"src\":{\"regex\":{\"source\":\"add\"}}}"}]}
RESULT: undefined
COMMAND: POST /session/a230b9fa5e58e47def27534e3d005bf9/element - {"using":"xpath","value":"//*[@id=\"__button303-img\"]"}
RESULT: {"using":"xpath","value":"//*[@id=\"__button303-img\"]"}
COMMAND: POST /session/a230b9fa5e58e47def27534e3d005bf9/element/f.5A792F38359A1C743AD3061B3E5B94B4.d.9B9CBF4CBF9EFEAB8B54F38F07E78849.e.7731/click - {}
RESULT: {}
COMMAND: POST /session/a230b9fa5e58e47def27534e3d005bf9/execute/async - {"script":"<script> [1562 bytes]","args":[{"selector":{"id":"application-managecontracts-display-component---AddNewContract--projectDescription","interaction":{"idSuffix":"inner"}},"wdio_ui5_key":"applicationmanagecontracts-display-component---AddNewContract--projectDescription"}]}
COMMAND: GET /session/a230b9fa5e58e47def27534e3d005bf9/screenshot - {}
RESULT: {"script":"<script> [1562 bytes]","args":[{"selector":{"id":"application-managecontracts-display-component---AddNewContract--projectDescription","interaction":{"idSuffix":"inner"}},"wdio_ui5_key":"applicationmanagecontracts-display-component---AddNewContract--projectDescription"}]}
RESULT: undefined
COMMAND: POST /session/a230b9fa5e58e47def27534e3d005bf9/execute/async - {"script":"<script> [776 bytes]","args":[{"enterText":"wdi5 contract for billing","selector":{"id":"application-managecontracts-display-component---AddNewContract--projectDescription","interaction":{"idSuffix":"inner"}},"clearTextFirst":true,"interactionType":"ENTER_TEXT"}]}
RESULT: {}
RESULT: {"script":"<script> [776 bytes]","args":[{"enterText":"wdi5 contract for billing","selector":{"id":"application-managecontracts-display-component---AddNewContract--projectDescription","interaction":{"idSuffix":"inner"}},"clearTextFirst":true,"interactionType":"ENTER_TEXT"}]}
COMMAND: POST /session/a230b9fa5e58e47def27534e3d005bf9/element - {"using":"xpath","value":"//input[@id=\"application-managecontracts-display-component---AddNewContract--customerSelect-inner\"]"}
RESULT: {"using":"xpath","value":"//input[@id=\"application-managecontracts-display-component---AddNewContract--customerSelect-inner\"]"}
COMMAND: POST /session/a230b9fa5e58e47def27534e3d005bf9/element/f.5A792F38359A1C743AD3061B3E5B94B4.d.9B9CBF4CBF9EFEAB8B54F38F07E78849.e.7976/clear - {}
RESULT: {}
COMMAND: POST /session/a230b9fa5e58e47def27534e3d005bf9/element/f.5A792F38359A1C743AD3061B3E5B94B4.d.9B9CBF4CBF9EFEAB8B54F38F07E78849.e.7976/value - {"text":"1199"}
COMMAND: GET /session/a230b9fa5e58e47def27534e3d005bf9/screenshot - {}
RESULT: {"text":"1199"}
COMMAND: GET /session/a230b9fa5e58e47def27534e3d005bf9/screenshot - {}
RESULT: {}
RESULT: {}
COMMAND: POST /session/a230b9fa5e58e47def27534e3d005bf9/actions - {"actions":[{"id":"action28","type":"key","parameters":{},"actions":[{"type":"keyDown","value":"î€‡"},{"type":"pause","duration":10},{"type":"keyUp","value":"î€‡"}]}]}
RESULT: {"actions":[{"id":"action28","type":"key","parameters":{},"actions":[{"type":"keyDown","value":"î€‡"},{"type":"pause","duration":10},{"type":"keyUp","value":"î€‡"}]}]}
COMMAND: POST /session/a230b9fa5e58e47def27534e3d005bf9/element - {"using":"xpath","value":"//input[@id=\"application-managecontracts-display-component---AddNewContract--site-inner\"]"}
COMMAND: GET /session/a230b9fa5e58e47def27534e3d005bf9/screenshot - {}
RESULT: {"using":"xpath","value":"//input[@id=\"application-managecontracts-display-component---AddNewContract--site-inner\"]"}
COMMAND: POST /session/a230b9fa5e58e47def27534e3d005bf9/element/f.5A792F38359A1C743AD3061B3E5B94B4.d.9B9CBF4CBF9EFEAB8B54F38F07E78849.e.7977/clear - {}
RESULT: {}
RESULT: {}
COMMAND: POST /session/a230b9fa5e58e47def27534e3d005bf9/element/f.5A792F38359A1C743AD3061B3E5B94B4.d.9B9CBF4CBF9EFEAB8B54F38F07E78849.e.7977/value - {"text":"2187"}
COMMAND: GET /session/a230b9fa5e58e47def27534e3d005bf9/screenshot - {}
RESULT: {"text":"2187"}
COMMAND: GET /session/a230b9fa5e58e47def27534e3d005bf9/screenshot - {}
RESULT: {}
RESULT: {}
COMMAND: POST /session/a230b9fa5e58e47def27534e3d005bf9/actions - {"actions":[{"id":"action29","type":"key","parameters":{},"actions":[{"type":"keyDown","value":"î€‡"},{"type":"pause","duration":10},{"type":"keyUp","value":"î€‡"}]}]}
RESULT: {"actions":[{"id":"action29","type":"key","parameters":{},"actions":[{"type":"keyDown","value":"î€‡"},{"type":"pause","duration":10},{"type":"keyUp","value":"î€‡"}]}]}
COMMAND: POST /session/a230b9fa5e58e47def27534e3d005bf9/execute/async - {"script":"<script> [1562 bytes]","args":[{"selector":{"id":"application-managecontracts-display-component---AddNewContract--calendarInput","interaction":{"idSuffix":"inner"}},"wdio_ui5_key":"applicationmanagecontracts-display-component---AddNewContract--calendarInput"}]}
COMMAND: GET /session/a230b9fa5e58e47def27534e3d005bf9/screenshot - {}
RESULT: {"script":"<script> [1562 bytes]","args":[{"selector":{"id":"application-managecontracts-display-component---AddNewContract--calendarInput","interaction":{"idSuffix":"inner"}},"wdio_ui5_key":"applicationmanagecontracts-display-component---AddNewContract--calendarInput"}]}
RESULT: undefined
COMMAND: POST /session/a230b9fa5e58e47def27534e3d005bf9/execute/async - {"script":"<script> [776 bytes]","args":[{"enterText":"1 - Calendar unit test patch","selector":{"id":"application-managecontracts-display-component---AddNewContract--calendarInput","interaction":{"idSuffix":"inner"}},"clearTextFirst":true,"interactionType":"ENTER_TEXT"}]}
RESULT: {}
RESULT: {"script":"<script> [776 bytes]","args":[{"enterText":"1 - Calendar unit test patch","selector":{"id":"application-managecontracts-display-component---AddNewContract--calendarInput","interaction":{"idSuffix":"inner"}},"clearTextFirst":true,"interactionType":"ENTER_TEXT"}]}
COMMAND: POST /session/a230b9fa5e58e47def27534e3d005bf9/actions - {"actions":[{"id":"action30","type":"key","parameters":{},"actions":[{"type":"keyDown","value":"î€‡"},{"type":"pause","duration":10},{"type":"keyUp","value":"î€‡"}]}]}
RESULT: {"actions":[{"id":"action30","type":"key","parameters":{},"actions":[{"type":"keyDown","value":"î€‡"},{"type":"pause","duration":10},{"type":"keyUp","value":"î€‡"}]}]}
COMMAND: POST /session/a230b9fa5e58e47def27534e3d005bf9/execute/async - {"script":"<script> [1562 bytes]","args":[{"selector":{"id":"application-managecontracts-display-component---AddNewContract--languageCB","interaction":{"idSuffix":"inner"}},"wdio_ui5_key":"applicationmanagecontracts-display-component---AddNewContract--languageCB"}]}
COMMAND: GET /session/a230b9fa5e58e47def27534e3d005bf9/screenshot - {}
RESULT: {"script":"<script> [1562 bytes]","args":[{"selector":{"id":"application-managecontracts-display-component---AddNewContract--languageCB","interaction":{"idSuffix":"inner"}},"wdio_ui5_key":"applicationmanagecontracts-display-component---AddNewContract--languageCB"}]}
RESULT: undefined
COMMAND: POST /session/a230b9fa5e58e47def27534e3d005bf9/execute/async - {"script":"<script> [776 bytes]","args":[{"enterText":"EN - English","selector":{"id":"application-managecontracts-display-component---AddNewContract--languageCB","interaction":{"idSuffix":"inner"}},"clearTextFirst":true,"interactionType":"ENTER_TEXT"}]}
RESULT: {}
RESULT: {"script":"<script> [776 bytes]","args":[{"enterText":"EN - English","selector":{"id":"application-managecontracts-display-component---AddNewContract--languageCB","interaction":{"idSuffix":"inner"}},"clearTextFirst":true,"interactionType":"ENTER_TEXT"}]}
COMMAND: POST /session/a230b9fa5e58e47def27534e3d005bf9/actions - {"actions":[{"id":"action31","type":"key","parameters":{},"actions":[{"type":"keyDown","value":"î€‡"},{"type":"pause","duration":10},{"type":"keyUp","value":"î€‡"}]}]}
RESULT: {"actions":[{"id":"action31","type":"key","parameters":{},"actions":[{"type":"keyDown","value":"î€‡"},{"type":"pause","duration":10},{"type":"keyUp","value":"î€‡"}]}]}
COMMAND: POST /session/a230b9fa5e58e47def27534e3d005bf9/execute/async - {"script":"<script> [1562 bytes]","args":[{"selector":{"id":"application-managecontracts-display-component---AddNewContract--saveBtn","interaction":{"idSuffix":"BDI-content"}},"wdio_ui5_key":"applicationmanagecontracts-display-component---AddNewContract--saveBtn"}]}
COMMAND: GET /session/a230b9fa5e58e47def27534e3d005bf9/screenshot - {}
RESULT: {"script":"<script> [1562 bytes]","args":[{"selector":{"id":"application-managecontracts-display-component---AddNewContract--saveBtn","interaction":{"idSuffix":"BDI-content"}},"wdio_ui5_key":"applicationmanagecontracts-display-component---AddNewContract--saveBtn"}]}
RESULT: undefined
COMMAND: POST /session/a230b9fa5e58e47def27534e3d005bf9/element - {"using":"xpath","value":"//*[@id=\"application-managecontracts-display-component---AddNewContract--saveBtn\"]"}
RESULT: {}
RESULT: {"using":"xpath","value":"//*[@id=\"application-managecontracts-display-component---AddNewContract--saveBtn\"]"}
COMMAND: POST /session/a230b9fa5e58e47def27534e3d005bf9/element/f.5A792F38359A1C743AD3061B3E5B94B4.d.9B9CBF4CBF9EFEAB8B54F38F07E78849.e.7996/click - {}
RESULT: {}
COMMAND: GET /session/a230b9fa5e58e47def27534e3d005bf9/screenshot - {}
RESULT: {}
COMMAND: POST /session/a230b9fa5e58e47def27534e3d005bf9/execute/async - {"script":"<script> [1562 bytes]","args":[{"selector":{"id":"contractDetailTitleNoExpanded","viewName":"etm.portal.ui.managecontracts.view.Detail"},"wdio_ui5_key":"contractDetailTitleNoExpandedetmportal.ui.managecontracts.view.Detail"}]}
RESULT: {"script":"<script> [1562 bytes]","args":[{"selector":{"id":"contractDetailTitleNoExpanded","viewName":"etm.portal.ui.managecontracts.view.Detail"},"wdio_ui5_key":"contractDetailTitleNoExpandedetmportal.ui.managecontracts.view.Detail"}]}
RESULT: undefined
COMMAND: POST /session/a230b9fa5e58e47def27534e3d005bf9/execute/async - {"script":"<script> [6424 bytes]","args":[{"element-6066-11e4-a52e-4f735466cecf":"f.5A792F38359A1C743AD3061B3E5B94B4.d.9B9CBF4CBF9EFEAB8B54F38F07E78849.e.8081"},"getText",[]]}
RESULT: {"script":"<script> [6424 bytes]","args":[{"element-6066-11e4-a52e-4f735466cecf":"f.5A792F38359A1C743AD3061B3E5B94B4.d.9B9CBF4CBF9EFEAB8B54F38F07E78849.e.8081"},"getText",[]]}
]]></system-out>
    </testcase>
    <testcase classname="chrome.135_0_7049_96.windows.Provide_to_Site_w/_warehouse_management_w_clarification" name="Should add resource to the contract" time="55.783">
      <system-out><![CDATA[
COMMAND: POST /session/a230b9fa5e58e47def27534e3d005bf9/execute/async - {"script":"<script> [1562 bytes]","args":[{"selector":{"id":"contractDetailEditBtn","viewName":"etm.portal.ui.managecontracts.view.Detail","interaction":{"idSuffix":"BDI-content"}},"wdio_ui5_key":"contractDetailEditBtnetmportal.ui.managecontracts.view.Detail"}]}
RESULT: {"script":"<script> [1562 bytes]","args":[{"selector":{"id":"contractDetailEditBtn","viewName":"etm.portal.ui.managecontracts.view.Detail","interaction":{"idSuffix":"BDI-content"}},"wdio_ui5_key":"contractDetailEditBtnetmportal.ui.managecontracts.view.Detail"}]}
RESULT: undefined
COMMAND: POST /session/a230b9fa5e58e47def27534e3d005bf9/element - {"using":"xpath","value":"//*[@id=\"__xmlview63--contractDetailEditBtn\"]"}
RESULT: {"using":"xpath","value":"//*[@id=\"__xmlview63--contractDetailEditBtn\"]"}
COMMAND: POST /session/a230b9fa5e58e47def27534e3d005bf9/element/f.5A792F38359A1C743AD3061B3E5B94B4.d.9B9CBF4CBF9EFEAB8B54F38F07E78849.e.8083/click - {}
RESULT: {}
COMMAND: GET /session/a230b9fa5e58e47def27534e3d005bf9/screenshot - {}
RESULT: {}
COMMAND: POST /session/a230b9fa5e58e47def27534e3d005bf9/execute/async - {"script":"<script> [1562 bytes]","args":[{"selector":{"id":"additionalAddressesTabFilter","viewName":"etm.portal.ui.managecontracts.view.EditContract","interaction":{"idSuffix":"text"}},"wdio_ui5_key":"additionalAddressesTabFilteretmportal.ui.managecontracts.view.EditContract"}]}
RESULT: {"script":"<script> [1562 bytes]","args":[{"selector":{"id":"additionalAddressesTabFilter","viewName":"etm.portal.ui.managecontracts.view.EditContract","interaction":{"idSuffix":"text"}},"wdio_ui5_key":"additionalAddressesTabFilteretmportal.ui.managecontracts.view.EditContract"}]}
RESULT: undefined
COMMAND: POST /session/a230b9fa5e58e47def27534e3d005bf9/element - {"using":"xpath","value":"//*[@id=\"__xmlview64--additionalAddressesTabFilter\"]"}
RESULT: {"using":"xpath","value":"//*[@id=\"__xmlview64--additionalAddressesTabFilter\"]"}
COMMAND: POST /session/a230b9fa5e58e47def27534e3d005bf9/element/f.5A792F38359A1C743AD3061B3E5B94B4.d.9B9CBF4CBF9EFEAB8B54F38F07E78849.e.8139/click - {}
RESULT: {}
RESULT: undefined
COMMAND: POST /session/a230b9fa5e58e47def27534e3d005bf9/element - {"using":"xpath","value":"//*[@id=\"__xmlview64--additionalAddressesTabFilter\"]"}
COMMAND: GET /session/a230b9fa5e58e47def27534e3d005bf9/screenshot - {}
RESULT: {"using":"xpath","value":"//*[@id=\"__xmlview64--additionalAddressesTabFilter\"]"}
COMMAND: POST /session/a230b9fa5e58e47def27534e3d005bf9/element/f.5A792F38359A1C743AD3061B3E5B94B4.d.9B9CBF4CBF9EFEAB8B54F38F07E78849.e.8139/click - {}
RESULT: {}
RESULT: {}
COMMAND: POST /session/a230b9fa5e58e47def27534e3d005bf9/execute/async - {"script":"<script> [1562 bytes]","args":[{"selector":{"controlType":"sap.ui.core.Icon","viewName":"etm.portal.ui.managecontracts.view.EditContract","properties":{"src":{"regex":{"source":"add"}}}},"wdio_ui5_key":"etmportal.ui.managecontracts.view.EditContractsap.ui.core.Icon{\"src\":{\"regex\":{\"source\":\"add\"}}}"}]}
COMMAND: GET /session/a230b9fa5e58e47def27534e3d005bf9/screenshot - {}
RESULT: {"script":"<script> [1562 bytes]","args":[{"selector":{"controlType":"sap.ui.core.Icon","viewName":"etm.portal.ui.managecontracts.view.EditContract","properties":{"src":{"regex":{"source":"add"}}}},"wdio_ui5_key":"etmportal.ui.managecontracts.view.EditContractsap.ui.core.Icon{\"src\":{\"regex\":{\"source\":\"add\"}}}"}]}
RESULT: undefined
COMMAND: POST /session/a230b9fa5e58e47def27534e3d005bf9/element - {"using":"xpath","value":"//*[@id=\"__xmlview64--btnAddTableRow-img\"]"}
RESULT: {}
RESULT: {"using":"xpath","value":"//*[@id=\"__xmlview64--btnAddTableRow-img\"]"}
COMMAND: POST /session/a230b9fa5e58e47def27534e3d005bf9/element/f.5A792F38359A1C743AD3061B3E5B94B4.d.9B9CBF4CBF9EFEAB8B54F38F07E78849.e.8144/click - {}
RESULT: {}
COMMAND: POST /session/a230b9fa5e58e47def27534e3d005bf9/element - {"using":"xpath","value":"//div[(text() = 'Standard Entry' or . = 'Standard Entry')]"}
COMMAND: GET /session/a230b9fa5e58e47def27534e3d005bf9/screenshot - {}
RESULT: {}
RESULT: {"using":"xpath","value":"//div[(text() = 'Standard Entry' or . = 'Standard Entry')]"}
COMMAND: POST /session/a230b9fa5e58e47def27534e3d005bf9/element/f.5A792F38359A1C743AD3061B3E5B94B4.d.9B9CBF4CBF9EFEAB8B54F38F07E78849.e.8146/click - {}
RESULT: {}
COMMAND: POST /session/a230b9fa5e58e47def27534e3d005bf9/execute/async - {"script":"<script> [1562 bytes]","args":[{"selector":{"controlType":"sap.ui.core.Icon","viewName":"etm.portal.ui.managecontracts.view.EditContract","properties":{"src":{"regex":{"source":"inspect"}}}},"wdio_ui5_key":"etmportal.ui.managecontracts.view.EditContractsap.ui.core.Icon{\"src\":{\"regex\":{\"source\":\"inspect\"}}}"}]}
COMMAND: GET /session/a230b9fa5e58e47def27534e3d005bf9/screenshot - {}
RESULT: {"script":"<script> [1562 bytes]","args":[{"selector":{"controlType":"sap.ui.core.Icon","viewName":"etm.portal.ui.managecontracts.view.EditContract","properties":{"src":{"regex":{"source":"inspect"}}}},"wdio_ui5_key":"etmportal.ui.managecontracts.view.EditContractsap.ui.core.Icon{\"src\":{\"regex\":{\"source\":\"inspect\"}}}"}]}
RESULT: undefined
COMMAND: POST /session/a230b9fa5e58e47def27534e3d005bf9/element - {"using":"xpath","value":"//*[@id=\"__button329-img\"]"}
RESULT: {}
RESULT: {"using":"xpath","value":"//*[@id=\"__button329-img\"]"}
COMMAND: POST /session/a230b9fa5e58e47def27534e3d005bf9/element/f.5A792F38359A1C743AD3061B3E5B94B4.d.9B9CBF4CBF9EFEAB8B54F38F07E78849.e.8158/click - {}
RESULT: {}
COMMAND: GET /session/a230b9fa5e58e47def27534e3d005bf9/screenshot - {}
RESULT: {}
COMMAND: POST /session/a230b9fa5e58e47def27534e3d005bf9/element - {"using":"xpath","value":"//td[6]/div/div/input[1]"}
RESULT: {"using":"xpath","value":"//td[6]/div/div/input[1]"}
COMMAND: POST /session/a230b9fa5e58e47def27534e3d005bf9/element/f.5A792F38359A1C743AD3061B3E5B94B4.d.9B9CBF4CBF9EFEAB8B54F38F07E78849.e.8148/clear - {}
RESULT: {}
COMMAND: GET /session/a230b9fa5e58e47def27534e3d005bf9/screenshot - {}
RESULT: {}
COMMAND: POST /session/a230b9fa5e58e47def27534e3d005bf9/element - {"using":"xpath","value":"//td[6]/div/div/input[1]"}
RESULT: {"using":"xpath","value":"//td[6]/div/div/input[1]"}
COMMAND: POST /session/a230b9fa5e58e47def27534e3d005bf9/element/f.5A792F38359A1C743AD3061B3E5B94B4.d.9B9CBF4CBF9EFEAB8B54F38F07E78849.e.8174/click - {}
RESULT: {}
COMMAND: POST /session/a230b9fa5e58e47def27534e3d005bf9/actions - {"actions":[{"id":"action32","type":"key","parameters":{},"actions":[{"type":"keyDown","value":"î€ƒ"},{"type":"pause","duration":10},{"type":"keyUp","value":"î€ƒ"}]}]}
COMMAND: GET /session/a230b9fa5e58e47def27534e3d005bf9/screenshot - {}
RESULT: {"actions":[{"id":"action32","type":"key","parameters":{},"actions":[{"type":"keyDown","value":"î€ƒ"},{"type":"pause","duration":10},{"type":"keyUp","value":"î€ƒ"}]}]}
COMMAND: POST /session/a230b9fa5e58e47def27534e3d005bf9/element - {"using":"xpath","value":"//td[6]/div/div/input[1]"}
COMMAND: GET /session/a230b9fa5e58e47def27534e3d005bf9/screenshot - {}
RESULT: {}
RESULT: {"using":"xpath","value":"//td[6]/div/div/input[1]"}
COMMAND: POST /session/a230b9fa5e58e47def27534e3d005bf9/element/f.5A792F38359A1C743AD3061B3E5B94B4.d.9B9CBF4CBF9EFEAB8B54F38F07E78849.e.8174/clear - {}
RESULT: {}
RESULT: {}
COMMAND: POST /session/a230b9fa5e58e47def27534e3d005bf9/element/f.5A792F38359A1C743AD3061B3E5B94B4.d.9B9CBF4CBF9EFEAB8B54F38F07E78849.e.8174/value - {"text":"Material"}
COMMAND: GET /session/a230b9fa5e58e47def27534e3d005bf9/screenshot - {}
RESULT: {"text":"Material"}
COMMAND: GET /session/a230b9fa5e58e47def27534e3d005bf9/screenshot - {}
RESULT: {}
RESULT: {}
COMMAND: POST /session/a230b9fa5e58e47def27534e3d005bf9/actions - {"actions":[{"id":"action33","type":"key","parameters":{},"actions":[{"type":"keyDown","value":"î€‡"},{"type":"pause","duration":10},{"type":"keyUp","value":"î€‡"}]}]}
RESULT: {"actions":[{"id":"action33","type":"key","parameters":{},"actions":[{"type":"keyDown","value":"î€‡"},{"type":"pause","duration":10},{"type":"keyUp","value":"î€‡"}]}]}
COMMAND: POST /session/a230b9fa5e58e47def27534e3d005bf9/element - {"using":"xpath","value":"//td[7]/div/div/input[1]"}
COMMAND: GET /session/a230b9fa5e58e47def27534e3d005bf9/screenshot - {}
RESULT: {"using":"xpath","value":"//td[7]/div/div/input[1]"}
COMMAND: POST /session/a230b9fa5e58e47def27534e3d005bf9/element/f.5A792F38359A1C743AD3061B3E5B94B4.d.9B9CBF4CBF9EFEAB8B54F38F07E78849.e.8196/clear - {}
RESULT: {}
RESULT: {}
COMMAND: POST /session/a230b9fa5e58e47def27534e3d005bf9/element/f.5A792F38359A1C743AD3061B3E5B94B4.d.9B9CBF4CBF9EFEAB8B54F38F07E78849.e.8196/value - {"text":"200161"}
COMMAND: GET /session/a230b9fa5e58e47def27534e3d005bf9/screenshot - {}
RESULT: {"text":"200161"}
COMMAND: GET /session/a230b9fa5e58e47def27534e3d005bf9/screenshot - {}
RESULT: {}
RESULT: {}
COMMAND: POST /session/a230b9fa5e58e47def27534e3d005bf9/actions - {"actions":[{"id":"action34","type":"key","parameters":{},"actions":[{"type":"keyDown","value":"î€‡"},{"type":"pause","duration":10},{"type":"keyUp","value":"î€‡"}]}]}
RESULT: {"actions":[{"id":"action34","type":"key","parameters":{},"actions":[{"type":"keyDown","value":"î€‡"},{"type":"pause","duration":10},{"type":"keyUp","value":"î€‡"}]}]}
COMMAND: POST /session/a230b9fa5e58e47def27534e3d005bf9/execute/async - {"script":"<script> [1562 bytes]","args":[{"selector":{"controlType":"sap.m.Button","properties":{"text":"OK"},"searchOpenDialogs":true,"interaction":{"idSuffix":"BDI-content"}},"wdio_ui5_key":"sapm.Button{\"text\":\"OK\"}"}]}
COMMAND: GET /session/a230b9fa5e58e47def27534e3d005bf9/screenshot - {}
RESULT: {"script":"<script> [1562 bytes]","args":[{"selector":{"controlType":"sap.m.Button","properties":{"text":"OK"},"searchOpenDialogs":true,"interaction":{"idSuffix":"BDI-content"}},"wdio_ui5_key":"sapm.Button{\"text\":\"OK\"}"}]}
RESULT: undefined
COMMAND: POST /session/a230b9fa5e58e47def27534e3d005bf9/element - {"using":"xpath","value":"//*[@id=\"__mbox-btn-1\"]"}
RESULT: {}
RESULT: {"using":"xpath","value":"//*[@id=\"__mbox-btn-1\"]"}
COMMAND: POST /session/a230b9fa5e58e47def27534e3d005bf9/element/f.5A792F38359A1C743AD3061B3E5B94B4.d.9B9CBF4CBF9EFEAB8B54F38F07E78849.e.8218/click - {}
RESULT: {}
COMMAND: POST /session/a230b9fa5e58e47def27534e3d005bf9/execute/async - {"script":"<script> [1562 bytes]","args":[{"selector":{"id":"saveBtn","viewName":"etm.portal.ui.managecontracts.view.EditContract","interaction":{"idSuffix":"BDI-content"}},"wdio_ui5_key":"saveBtnetmportal.ui.managecontracts.view.EditContract"}]}
COMMAND: GET /session/a230b9fa5e58e47def27534e3d005bf9/screenshot - {}
RESULT: {"script":"<script> [1562 bytes]","args":[{"selector":{"id":"saveBtn","viewName":"etm.portal.ui.managecontracts.view.EditContract","interaction":{"idSuffix":"BDI-content"}},"wdio_ui5_key":"saveBtnetmportal.ui.managecontracts.view.EditContract"}]}
RESULT: undefined
COMMAND: POST /session/a230b9fa5e58e47def27534e3d005bf9/element - {"using":"xpath","value":"//*[@id=\"__xmlview64--saveBtn\"]"}
RESULT: {}
RESULT: {"using":"xpath","value":"//*[@id=\"__xmlview64--saveBtn\"]"}
COMMAND: POST /session/a230b9fa5e58e47def27534e3d005bf9/element/f.5A792F38359A1C743AD3061B3E5B94B4.d.9B9CBF4CBF9EFEAB8B54F38F07E78849.e.8244/click - {}
RESULT: {}
COMMAND: GET /session/a230b9fa5e58e47def27534e3d005bf9/screenshot - {}
RESULT: {}
COMMAND: POST /session/a230b9fa5e58e47def27534e3d005bf9/execute/async - {"script":"<script> [1562 bytes]","args":[{"selector":{"id":"additionalAddressesTabFilter","viewName":"etm.portal.ui.managecontracts.view.Detail","interaction":{"idSuffix":"text"}},"wdio_ui5_key":"additionalAddressesTabFilteretmportal.ui.managecontracts.view.Detail"}]}
RESULT: {"script":"<script> [1562 bytes]","args":[{"selector":{"id":"additionalAddressesTabFilter","viewName":"etm.portal.ui.managecontracts.view.Detail","interaction":{"idSuffix":"text"}},"wdio_ui5_key":"additionalAddressesTabFilteretmportal.ui.managecontracts.view.Detail"}]}
RESULT: undefined
COMMAND: POST /session/a230b9fa5e58e47def27534e3d005bf9/element - {"using":"xpath","value":"//*[@id=\"__xmlview63--additionalAddressesTabFilter\"]"}
RESULT: {"using":"xpath","value":"//*[@id=\"__xmlview63--additionalAddressesTabFilter\"]"}
COMMAND: POST /session/a230b9fa5e58e47def27534e3d005bf9/element/f.5A792F38359A1C743AD3061B3E5B94B4.d.9B9CBF4CBF9EFEAB8B54F38F07E78849.e.8248/click - {}
RESULT: {}
COMMAND: POST /session/a230b9fa5e58e47def27534e3d005bf9/execute/async - {"script":"<script> [1562 bytes]","args":[{"selector":{"id":"contractDetailProvideButton","viewName":"etm.portal.ui.managecontracts.view.Detail","interaction":{"idSuffix":"BDI-content"}},"wdio_ui5_key":"contractDetailProvideButtonetmportal.ui.managecontracts.view.Detail"}]}
COMMAND: GET /session/a230b9fa5e58e47def27534e3d005bf9/screenshot - {}
RESULT: {"script":"<script> [1562 bytes]","args":[{"selector":{"id":"contractDetailProvideButton","viewName":"etm.portal.ui.managecontracts.view.Detail","interaction":{"idSuffix":"BDI-content"}},"wdio_ui5_key":"contractDetailProvideButtonetmportal.ui.managecontracts.view.Detail"}]}
RESULT: undefined
COMMAND: POST /session/a230b9fa5e58e47def27534e3d005bf9/element - {"using":"xpath","value":"//*[@id=\"__xmlview63--contractDetailProvideButton\"]"}
RESULT: {}
RESULT: {"using":"xpath","value":"//*[@id=\"__xmlview63--contractDetailProvideButton\"]"}
COMMAND: POST /session/a230b9fa5e58e47def27534e3d005bf9/element/f.5A792F38359A1C743AD3061B3E5B94B4.d.9B9CBF4CBF9EFEAB8B54F38F07E78849.e.8253/click - {}
RESULT: {}
COMMAND: GET /session/a230b9fa5e58e47def27534e3d005bf9/screenshot - {}
RESULT: {}
]]></system-out>
    </testcase>
    <testcase classname="chrome.135_0_7049_96.windows.Provide_to_Site_w/_warehouse_management_w_clarification" name="Should Create HandOvers provide to site" time="75.988">
      <system-out><![CDATA[
COMMAND: POST /session/a230b9fa5e58e47def27534e3d005bf9/element - {"using":"css selector","value":"#application-managehandovers-display-component---AddNewHO--dueDate-inner"}
RESULT: {"using":"css selector","value":"#application-managehandovers-display-component---AddNewHO--dueDate-inner"}
COMMAND: POST /session/a230b9fa5e58e47def27534e3d005bf9/element/f.5A792F38359A1C743AD3061B3E5B94B4.d.9B9CBF4CBF9EFEAB8B54F38F07E78849.e.8329/clear - {}
RESULT: {}
COMMAND: POST /session/a230b9fa5e58e47def27534e3d005bf9/element/f.5A792F38359A1C743AD3061B3E5B94B4.d.9B9CBF4CBF9EFEAB8B54F38F07E78849.e.8329/value - {"text":"4/28/25"}
COMMAND: GET /session/a230b9fa5e58e47def27534e3d005bf9/screenshot - {}
RESULT: {"text":"4/28/25"}
COMMAND: POST /session/a230b9fa5e58e47def27534e3d005bf9/element - {"using":"xpath","value":"//bdi[(text() = 'Items' or . = 'Items')]"}
COMMAND: GET /session/a230b9fa5e58e47def27534e3d005bf9/screenshot - {}
RESULT: {}
RESULT: {"using":"xpath","value":"//bdi[(text() = 'Items' or . = 'Items')]"}
COMMAND: POST /session/a230b9fa5e58e47def27534e3d005bf9/element/f.5A792F38359A1C743AD3061B3E5B94B4.d.9B9CBF4CBF9EFEAB8B54F38F07E78849.e.8419/click - {}
RESULT: {}
RESULT: {}
COMMAND: POST /session/a230b9fa5e58e47def27534e3d005bf9/execute/async - {"script":"<script> [1562 bytes]","args":[{"selector":{"controlType":"sap.m.Button","viewName":"etm.portal.ui.managehandovers.view.AddNewHO","viewId":"application-managehandovers-display-component---AddNewHO","i18NText":{"propertyName":"tooltip","key":"addItems"}},"wdio_ui5_key":"etmportal.ui.managehandovers.view.AddNewHOsap.m.Button{\"propertyName\":\"tooltip\",\"key\":\"addItems\"}"}]}
COMMAND: GET /session/a230b9fa5e58e47def27534e3d005bf9/screenshot - {}
RESULT: {"script":"<script> [1562 bytes]","args":[{"selector":{"controlType":"sap.m.Button","viewName":"etm.portal.ui.managehandovers.view.AddNewHO","viewId":"application-managehandovers-display-component---AddNewHO","i18NText":{"propertyName":"tooltip","key":"addItems"}},"wdio_ui5_key":"etmportal.ui.managehandovers.view.AddNewHOsap.m.Button{\"propertyName\":\"tooltip\",\"key\":\"addItems\"}"}]}
RESULT: undefined
COMMAND: POST /session/a230b9fa5e58e47def27534e3d005bf9/element - {"using":"xpath","value":"//*[@id=\"__button354\"]"}
RESULT: {}
RESULT: {"using":"xpath","value":"//*[@id=\"__button354\"]"}
COMMAND: POST /session/a230b9fa5e58e47def27534e3d005bf9/element/f.5A792F38359A1C743AD3061B3E5B94B4.d.9B9CBF4CBF9EFEAB8B54F38F07E78849.e.8424/click - {}
RESULT: {}
COMMAND: GET /session/a230b9fa5e58e47def27534e3d005bf9/screenshot - {}
RESULT: {}
COMMAND: POST /session/a230b9fa5e58e47def27534e3d005bf9/element - {"using":"css selector","value":"div[id= \"application-managehandovers-display-component---AddNewHO--popup-sa-CbBg\"]"}
RESULT: {"using":"css selector","value":"div[id= \"application-managehandovers-display-component---AddNewHO--popup-sa-CbBg\"]"}
COMMAND: POST /session/a230b9fa5e58e47def27534e3d005bf9/element/f.5A792F38359A1C743AD3061B3E5B94B4.d.9B9CBF4CBF9EFEAB8B54F38F07E78849.e.8433/click - {}
RESULT: {}
COMMAND: GET /session/a230b9fa5e58e47def27534e3d005bf9/screenshot - {}
RESULT: {}
COMMAND: POST /session/a230b9fa5e58e47def27534e3d005bf9/element - {"using":"xpath","value":"//bdi[(text() = 'Select' or . = 'Select')]"}
RESULT: {"using":"xpath","value":"//bdi[(text() = 'Select' or . = 'Select')]"}
COMMAND: POST /session/a230b9fa5e58e47def27534e3d005bf9/element/f.5A792F38359A1C743AD3061B3E5B94B4.d.9B9CBF4CBF9EFEAB8B54F38F07E78849.e.8435/click - {}
RESULT: {}
COMMAND: GET /session/a230b9fa5e58e47def27534e3d005bf9/screenshot - {}
RESULT: {}
COMMAND: POST /session/a230b9fa5e58e47def27534e3d005bf9/element - {"using":"xpath","value":"//bdi[(text() = 'Save' or . = 'Save')]"}
RESULT: {"using":"xpath","value":"//bdi[(text() = 'Save' or . = 'Save')]"}
COMMAND: POST /session/a230b9fa5e58e47def27534e3d005bf9/element/f.5A792F38359A1C743AD3061B3E5B94B4.d.9B9CBF4CBF9EFEAB8B54F38F07E78849.e.8443/click - {}
RESULT: {}
COMMAND: GET /session/a230b9fa5e58e47def27534e3d005bf9/screenshot - {}
RESULT: {}
COMMAND: POST /session/a230b9fa5e58e47def27534e3d005bf9/elements - {"using":"xpath","value":"//*[text()='Close']"}
RESULT: {"using":"xpath","value":"//*[text()='Close']"}
COMMAND: GET /session/a230b9fa5e58e47def27534e3d005bf9/element/f.5A792F38359A1C743AD3061B3E5B94B4.d.9B9CBF4CBF9EFEAB8B54F38F07E78849.e.8475/enabled - {}
RESULT: {}
COMMAND: POST /session/a230b9fa5e58e47def27534e3d005bf9/execute/sync - {"script":"<script> [8489 bytes]","args":[{"element-6066-11e4-a52e-4f735466cecf":"f.5A792F38359A1C743AD3061B3E5B94B4.d.9B9CBF4CBF9EFEAB8B54F38F07E78849.e.8475","ELEMENT":"f.5A792F38359A1C743AD3061B3E5B94B4.d.9B9CBF4CBF9EFEAB8B54F38F07E78849.e.8475"}]}
COMMAND: GET /session/a230b9fa5e58e47def27534e3d005bf9/screenshot - {}
RESULT: {"script":"<script> [8489 bytes]","args":[{"element-6066-11e4-a52e-4f735466cecf":"f.5A792F38359A1C743AD3061B3E5B94B4.d.9B9CBF4CBF9EFEAB8B54F38F07E78849.e.8475","ELEMENT":"f.5A792F38359A1C743AD3061B3E5B94B4.d.9B9CBF4CBF9EFEAB8B54F38F07E78849.e.8475"}]}
COMMAND: GET /session/a230b9fa5e58e47def27534e3d005bf9/screenshot - {}
RESULT: {}
RESULT: {}
COMMAND: POST /session/a230b9fa5e58e47def27534e3d005bf9/execute/sync - {"script":"<script> [8489 bytes]","args":[{"element-6066-11e4-a52e-4f735466cecf":"f.5A792F38359A1C743AD3061B3E5B94B4.d.9B9CBF4CBF9EFEAB8B54F38F07E78849.e.8475","ELEMENT":"f.5A792F38359A1C743AD3061B3E5B94B4.d.9B9CBF4CBF9EFEAB8B54F38F07E78849.e.8475"}]}
RESULT: {"script":"<script> [8489 bytes]","args":[{"element-6066-11e4-a52e-4f735466cecf":"f.5A792F38359A1C743AD3061B3E5B94B4.d.9B9CBF4CBF9EFEAB8B54F38F07E78849.e.8475","ELEMENT":"f.5A792F38359A1C743AD3061B3E5B94B4.d.9B9CBF4CBF9EFEAB8B54F38F07E78849.e.8475"}]}
COMMAND: GET /session/a230b9fa5e58e47def27534e3d005bf9/screenshot - {}
RESULT: {}
COMMAND: POST /session/a230b9fa5e58e47def27534e3d005bf9/execute/sync - {"script":"<script> [8489 bytes]","args":[{"element-6066-11e4-a52e-4f735466cecf":"f.5A792F38359A1C743AD3061B3E5B94B4.d.9B9CBF4CBF9EFEAB8B54F38F07E78849.e.8475","ELEMENT":"f.5A792F38359A1C743AD3061B3E5B94B4.d.9B9CBF4CBF9EFEAB8B54F38F07E78849.e.8475"}]}
RESULT: {"script":"<script> [8489 bytes]","args":[{"element-6066-11e4-a52e-4f735466cecf":"f.5A792F38359A1C743AD3061B3E5B94B4.d.9B9CBF4CBF9EFEAB8B54F38F07E78849.e.8475","ELEMENT":"f.5A792F38359A1C743AD3061B3E5B94B4.d.9B9CBF4CBF9EFEAB8B54F38F07E78849.e.8475"}]}
COMMAND: GET /session/a230b9fa5e58e47def27534e3d005bf9/screenshot - {}
RESULT: {}
COMMAND: POST /session/a230b9fa5e58e47def27534e3d005bf9/execute/sync - {"script":"<script> [8489 bytes]","args":[{"element-6066-11e4-a52e-4f735466cecf":"f.5A792F38359A1C743AD3061B3E5B94B4.d.9B9CBF4CBF9EFEAB8B54F38F07E78849.e.8475","ELEMENT":"f.5A792F38359A1C743AD3061B3E5B94B4.d.9B9CBF4CBF9EFEAB8B54F38F07E78849.e.8475"}]}
RESULT: {"script":"<script> [8489 bytes]","args":[{"element-6066-11e4-a52e-4f735466cecf":"f.5A792F38359A1C743AD3061B3E5B94B4.d.9B9CBF4CBF9EFEAB8B54F38F07E78849.e.8475","ELEMENT":"f.5A792F38359A1C743AD3061B3E5B94B4.d.9B9CBF4CBF9EFEAB8B54F38F07E78849.e.8475"}]}
COMMAND: GET /session/a230b9fa5e58e47def27534e3d005bf9/screenshot - {}
RESULT: {}
COMMAND: POST /session/a230b9fa5e58e47def27534e3d005bf9/execute/sync - {"script":"<script> [8489 bytes]","args":[{"element-6066-11e4-a52e-4f735466cecf":"f.5A792F38359A1C743AD3061B3E5B94B4.d.9B9CBF4CBF9EFEAB8B54F38F07E78849.e.8475","ELEMENT":"f.5A792F38359A1C743AD3061B3E5B94B4.d.9B9CBF4CBF9EFEAB8B54F38F07E78849.e.8475"}]}
RESULT: {"script":"<script> [8489 bytes]","args":[{"element-6066-11e4-a52e-4f735466cecf":"f.5A792F38359A1C743AD3061B3E5B94B4.d.9B9CBF4CBF9EFEAB8B54F38F07E78849.e.8475","ELEMENT":"f.5A792F38359A1C743AD3061B3E5B94B4.d.9B9CBF4CBF9EFEAB8B54F38F07E78849.e.8475"}]}
COMMAND: GET /session/a230b9fa5e58e47def27534e3d005bf9/screenshot - {}
RESULT: {}
COMMAND: POST /session/a230b9fa5e58e47def27534e3d005bf9/execute/sync - {"script":"<script> [8489 bytes]","args":[{"element-6066-11e4-a52e-4f735466cecf":"f.5A792F38359A1C743AD3061B3E5B94B4.d.9B9CBF4CBF9EFEAB8B54F38F07E78849.e.8475","ELEMENT":"f.5A792F38359A1C743AD3061B3E5B94B4.d.9B9CBF4CBF9EFEAB8B54F38F07E78849.e.8475"}]}
RESULT: {"script":"<script> [8489 bytes]","args":[{"element-6066-11e4-a52e-4f735466cecf":"f.5A792F38359A1C743AD3061B3E5B94B4.d.9B9CBF4CBF9EFEAB8B54F38F07E78849.e.8475","ELEMENT":"f.5A792F38359A1C743AD3061B3E5B94B4.d.9B9CBF4CBF9EFEAB8B54F38F07E78849.e.8475"}]}
COMMAND: GET /session/a230b9fa5e58e47def27534e3d005bf9/screenshot - {}
COMMAND: POST /session/a230b9fa5e58e47def27534e3d005bf9/execute/sync - {"script":"<script> [8489 bytes]","args":[{"element-6066-11e4-a52e-4f735466cecf":"f.5A792F38359A1C743AD3061B3E5B94B4.d.9B9CBF4CBF9EFEAB8B54F38F07E78849.e.8475","ELEMENT":"f.5A792F38359A1C743AD3061B3E5B94B4.d.9B9CBF4CBF9EFEAB8B54F38F07E78849.e.8475"}]}
RESULT: {}
RESULT: {"script":"<script> [8489 bytes]","args":[{"element-6066-11e4-a52e-4f735466cecf":"f.5A792F38359A1C743AD3061B3E5B94B4.d.9B9CBF4CBF9EFEAB8B54F38F07E78849.e.8475","ELEMENT":"f.5A792F38359A1C743AD3061B3E5B94B4.d.9B9CBF4CBF9EFEAB8B54F38F07E78849.e.8475"}]}
COMMAND: GET /session/a230b9fa5e58e47def27534e3d005bf9/screenshot - {}
COMMAND: POST /session/a230b9fa5e58e47def27534e3d005bf9/execute/sync - {"script":"<script> [8489 bytes]","args":[{"element-6066-11e4-a52e-4f735466cecf":"f.5A792F38359A1C743AD3061B3E5B94B4.d.9B9CBF4CBF9EFEAB8B54F38F07E78849.e.8475","ELEMENT":"f.5A792F38359A1C743AD3061B3E5B94B4.d.9B9CBF4CBF9EFEAB8B54F38F07E78849.e.8475"}]}
RESULT: {}
RESULT: {"script":"<script> [8489 bytes]","args":[{"element-6066-11e4-a52e-4f735466cecf":"f.5A792F38359A1C743AD3061B3E5B94B4.d.9B9CBF4CBF9EFEAB8B54F38F07E78849.e.8475","ELEMENT":"f.5A792F38359A1C743AD3061B3E5B94B4.d.9B9CBF4CBF9EFEAB8B54F38F07E78849.e.8475"}]}
COMMAND: GET /session/a230b9fa5e58e47def27534e3d005bf9/screenshot - {}
RESULT: {}
COMMAND: POST /session/a230b9fa5e58e47def27534e3d005bf9/execute/sync - {"script":"<script> [8489 bytes]","args":[{"element-6066-11e4-a52e-4f735466cecf":"f.5A792F38359A1C743AD3061B3E5B94B4.d.9B9CBF4CBF9EFEAB8B54F38F07E78849.e.8475","ELEMENT":"f.5A792F38359A1C743AD3061B3E5B94B4.d.9B9CBF4CBF9EFEAB8B54F38F07E78849.e.8475"}]}
RESULT: {"script":"<script> [8489 bytes]","args":[{"element-6066-11e4-a52e-4f735466cecf":"f.5A792F38359A1C743AD3061B3E5B94B4.d.9B9CBF4CBF9EFEAB8B54F38F07E78849.e.8475","ELEMENT":"f.5A792F38359A1C743AD3061B3E5B94B4.d.9B9CBF4CBF9EFEAB8B54F38F07E78849.e.8475"}]}
COMMAND: GET /session/a230b9fa5e58e47def27534e3d005bf9/screenshot - {}
RESULT: {}
COMMAND: POST /session/a230b9fa5e58e47def27534e3d005bf9/execute/sync - {"script":"<script> [8489 bytes]","args":[{"element-6066-11e4-a52e-4f735466cecf":"f.5A792F38359A1C743AD3061B3E5B94B4.d.9B9CBF4CBF9EFEAB8B54F38F07E78849.e.8475","ELEMENT":"f.5A792F38359A1C743AD3061B3E5B94B4.d.9B9CBF4CBF9EFEAB8B54F38F07E78849.e.8475"}]}
RESULT: {"script":"<script> [8489 bytes]","args":[{"element-6066-11e4-a52e-4f735466cecf":"f.5A792F38359A1C743AD3061B3E5B94B4.d.9B9CBF4CBF9EFEAB8B54F38F07E78849.e.8475","ELEMENT":"f.5A792F38359A1C743AD3061B3E5B94B4.d.9B9CBF4CBF9EFEAB8B54F38F07E78849.e.8475"}]}
COMMAND: GET /session/a230b9fa5e58e47def27534e3d005bf9/screenshot - {}
RESULT: {}
COMMAND: POST /session/a230b9fa5e58e47def27534e3d005bf9/execute/sync - {"script":"<script> [8489 bytes]","args":[{"element-6066-11e4-a52e-4f735466cecf":"f.5A792F38359A1C743AD3061B3E5B94B4.d.9B9CBF4CBF9EFEAB8B54F38F07E78849.e.8475","ELEMENT":"f.5A792F38359A1C743AD3061B3E5B94B4.d.9B9CBF4CBF9EFEAB8B54F38F07E78849.e.8475"}]}
RESULT: {"script":"<script> [8489 bytes]","args":[{"element-6066-11e4-a52e-4f735466cecf":"f.5A792F38359A1C743AD3061B3E5B94B4.d.9B9CBF4CBF9EFEAB8B54F38F07E78849.e.8475","ELEMENT":"f.5A792F38359A1C743AD3061B3E5B94B4.d.9B9CBF4CBF9EFEAB8B54F38F07E78849.e.8475"}]}
COMMAND: GET /session/a230b9fa5e58e47def27534e3d005bf9/screenshot - {}
RESULT: {}
COMMAND: POST /session/a230b9fa5e58e47def27534e3d005bf9/execute/sync - {"script":"<script> [8489 bytes]","args":[{"element-6066-11e4-a52e-4f735466cecf":"f.5A792F38359A1C743AD3061B3E5B94B4.d.9B9CBF4CBF9EFEAB8B54F38F07E78849.e.8475","ELEMENT":"f.5A792F38359A1C743AD3061B3E5B94B4.d.9B9CBF4CBF9EFEAB8B54F38F07E78849.e.8475"}]}
RESULT: {"script":"<script> [8489 bytes]","args":[{"element-6066-11e4-a52e-4f735466cecf":"f.5A792F38359A1C743AD3061B3E5B94B4.d.9B9CBF4CBF9EFEAB8B54F38F07E78849.e.8475","ELEMENT":"f.5A792F38359A1C743AD3061B3E5B94B4.d.9B9CBF4CBF9EFEAB8B54F38F07E78849.e.8475"}]}
COMMAND: GET /session/a230b9fa5e58e47def27534e3d005bf9/screenshot - {}
RESULT: {}
COMMAND: POST /session/a230b9fa5e58e47def27534e3d005bf9/execute/sync - {"script":"<script> [8489 bytes]","args":[{"element-6066-11e4-a52e-4f735466cecf":"f.5A792F38359A1C743AD3061B3E5B94B4.d.9B9CBF4CBF9EFEAB8B54F38F07E78849.e.8475","ELEMENT":"f.5A792F38359A1C743AD3061B3E5B94B4.d.9B9CBF4CBF9EFEAB8B54F38F07E78849.e.8475"}]}
RESULT: {"script":"<script> [8489 bytes]","args":[{"element-6066-11e4-a52e-4f735466cecf":"f.5A792F38359A1C743AD3061B3E5B94B4.d.9B9CBF4CBF9EFEAB8B54F38F07E78849.e.8475","ELEMENT":"f.5A792F38359A1C743AD3061B3E5B94B4.d.9B9CBF4CBF9EFEAB8B54F38F07E78849.e.8475"}]}
COMMAND: GET /session/a230b9fa5e58e47def27534e3d005bf9/screenshot - {}
RESULT: {}
COMMAND: POST /session/a230b9fa5e58e47def27534e3d005bf9/execute/sync - {"script":"<script> [8489 bytes]","args":[{"element-6066-11e4-a52e-4f735466cecf":"f.5A792F38359A1C743AD3061B3E5B94B4.d.9B9CBF4CBF9EFEAB8B54F38F07E78849.e.8475","ELEMENT":"f.5A792F38359A1C743AD3061B3E5B94B4.d.9B9CBF4CBF9EFEAB8B54F38F07E78849.e.8475"}]}
RESULT: {"script":"<script> [8489 bytes]","args":[{"element-6066-11e4-a52e-4f735466cecf":"f.5A792F38359A1C743AD3061B3E5B94B4.d.9B9CBF4CBF9EFEAB8B54F38F07E78849.e.8475","ELEMENT":"f.5A792F38359A1C743AD3061B3E5B94B4.d.9B9CBF4CBF9EFEAB8B54F38F07E78849.e.8475"}]}
COMMAND: GET /session/a230b9fa5e58e47def27534e3d005bf9/screenshot - {}
RESULT: {}
COMMAND: POST /session/a230b9fa5e58e47def27534e3d005bf9/execute/sync - {"script":"<script> [8489 bytes]","args":[{"element-6066-11e4-a52e-4f735466cecf":"f.5A792F38359A1C743AD3061B3E5B94B4.d.9B9CBF4CBF9EFEAB8B54F38F07E78849.e.8475","ELEMENT":"f.5A792F38359A1C743AD3061B3E5B94B4.d.9B9CBF4CBF9EFEAB8B54F38F07E78849.e.8475"}]}
RESULT: {"script":"<script> [8489 bytes]","args":[{"element-6066-11e4-a52e-4f735466cecf":"f.5A792F38359A1C743AD3061B3E5B94B4.d.9B9CBF4CBF9EFEAB8B54F38F07E78849.e.8475","ELEMENT":"f.5A792F38359A1C743AD3061B3E5B94B4.d.9B9CBF4CBF9EFEAB8B54F38F07E78849.e.8475"}]}
COMMAND: GET /session/a230b9fa5e58e47def27534e3d005bf9/screenshot - {}
RESULT: {}
COMMAND: POST /session/a230b9fa5e58e47def27534e3d005bf9/execute/sync - {"script":"<script> [8489 bytes]","args":[{"element-6066-11e4-a52e-4f735466cecf":"f.5A792F38359A1C743AD3061B3E5B94B4.d.9B9CBF4CBF9EFEAB8B54F38F07E78849.e.8475","ELEMENT":"f.5A792F38359A1C743AD3061B3E5B94B4.d.9B9CBF4CBF9EFEAB8B54F38F07E78849.e.8475"}]}
RESULT: {"script":"<script> [8489 bytes]","args":[{"element-6066-11e4-a52e-4f735466cecf":"f.5A792F38359A1C743AD3061B3E5B94B4.d.9B9CBF4CBF9EFEAB8B54F38F07E78849.e.8475","ELEMENT":"f.5A792F38359A1C743AD3061B3E5B94B4.d.9B9CBF4CBF9EFEAB8B54F38F07E78849.e.8475"}]}
COMMAND: GET /session/a230b9fa5e58e47def27534e3d005bf9/screenshot - {}
RESULT: {}
COMMAND: POST /session/a230b9fa5e58e47def27534e3d005bf9/execute/sync - {"script":"<script> [8489 bytes]","args":[{"element-6066-11e4-a52e-4f735466cecf":"f.5A792F38359A1C743AD3061B3E5B94B4.d.9B9CBF4CBF9EFEAB8B54F38F07E78849.e.8475","ELEMENT":"f.5A792F38359A1C743AD3061B3E5B94B4.d.9B9CBF4CBF9EFEAB8B54F38F07E78849.e.8475"}]}
RESULT: {"script":"<script> [8489 bytes]","args":[{"element-6066-11e4-a52e-4f735466cecf":"f.5A792F38359A1C743AD3061B3E5B94B4.d.9B9CBF4CBF9EFEAB8B54F38F07E78849.e.8475","ELEMENT":"f.5A792F38359A1C743AD3061B3E5B94B4.d.9B9CBF4CBF9EFEAB8B54F38F07E78849.e.8475"}]}
COMMAND: GET /session/a230b9fa5e58e47def27534e3d005bf9/screenshot - {}
RESULT: {}
COMMAND: POST /session/a230b9fa5e58e47def27534e3d005bf9/execute/sync - {"script":"<script> [8489 bytes]","args":[{"element-6066-11e4-a52e-4f735466cecf":"f.5A792F38359A1C743AD3061B3E5B94B4.d.9B9CBF4CBF9EFEAB8B54F38F07E78849.e.8475","ELEMENT":"f.5A792F38359A1C743AD3061B3E5B94B4.d.9B9CBF4CBF9EFEAB8B54F38F07E78849.e.8475"}]}
RESULT: {"script":"<script> [8489 bytes]","args":[{"element-6066-11e4-a52e-4f735466cecf":"f.5A792F38359A1C743AD3061B3E5B94B4.d.9B9CBF4CBF9EFEAB8B54F38F07E78849.e.8475","ELEMENT":"f.5A792F38359A1C743AD3061B3E5B94B4.d.9B9CBF4CBF9EFEAB8B54F38F07E78849.e.8475"}]}
COMMAND: GET /session/a230b9fa5e58e47def27534e3d005bf9/screenshot - {}
RESULT: {}
COMMAND: POST /session/a230b9fa5e58e47def27534e3d005bf9/execute/sync - {"script":"<script> [8489 bytes]","args":[{"element-6066-11e4-a52e-4f735466cecf":"f.5A792F38359A1C743AD3061B3E5B94B4.d.9B9CBF4CBF9EFEAB8B54F38F07E78849.e.8475","ELEMENT":"f.5A792F38359A1C743AD3061B3E5B94B4.d.9B9CBF4CBF9EFEAB8B54F38F07E78849.e.8475"}]}
RESULT: {"script":"<script> [8489 bytes]","args":[{"element-6066-11e4-a52e-4f735466cecf":"f.5A792F38359A1C743AD3061B3E5B94B4.d.9B9CBF4CBF9EFEAB8B54F38F07E78849.e.8475","ELEMENT":"f.5A792F38359A1C743AD3061B3E5B94B4.d.9B9CBF4CBF9EFEAB8B54F38F07E78849.e.8475"}]}
COMMAND: GET /session/a230b9fa5e58e47def27534e3d005bf9/screenshot - {}
RESULT: {}
COMMAND: POST /session/a230b9fa5e58e47def27534e3d005bf9/execute/sync - {"script":"<script> [8489 bytes]","args":[{"element-6066-11e4-a52e-4f735466cecf":"f.5A792F38359A1C743AD3061B3E5B94B4.d.9B9CBF4CBF9EFEAB8B54F38F07E78849.e.8475","ELEMENT":"f.5A792F38359A1C743AD3061B3E5B94B4.d.9B9CBF4CBF9EFEAB8B54F38F07E78849.e.8475"}]}
RESULT: {"script":"<script> [8489 bytes]","args":[{"element-6066-11e4-a52e-4f735466cecf":"f.5A792F38359A1C743AD3061B3E5B94B4.d.9B9CBF4CBF9EFEAB8B54F38F07E78849.e.8475","ELEMENT":"f.5A792F38359A1C743AD3061B3E5B94B4.d.9B9CBF4CBF9EFEAB8B54F38F07E78849.e.8475"}]}
COMMAND: GET /session/a230b9fa5e58e47def27534e3d005bf9/screenshot - {}
RESULT: {}
COMMAND: POST /session/a230b9fa5e58e47def27534e3d005bf9/execute/sync - {"script":"<script> [8489 bytes]","args":[{"element-6066-11e4-a52e-4f735466cecf":"f.5A792F38359A1C743AD3061B3E5B94B4.d.9B9CBF4CBF9EFEAB8B54F38F07E78849.e.8475","ELEMENT":"f.5A792F38359A1C743AD3061B3E5B94B4.d.9B9CBF4CBF9EFEAB8B54F38F07E78849.e.8475"}]}
RESULT: {"script":"<script> [8489 bytes]","args":[{"element-6066-11e4-a52e-4f735466cecf":"f.5A792F38359A1C743AD3061B3E5B94B4.d.9B9CBF4CBF9EFEAB8B54F38F07E78849.e.8475","ELEMENT":"f.5A792F38359A1C743AD3061B3E5B94B4.d.9B9CBF4CBF9EFEAB8B54F38F07E78849.e.8475"}]}
COMMAND: GET /session/a230b9fa5e58e47def27534e3d005bf9/screenshot - {}
RESULT: {}
COMMAND: POST /session/a230b9fa5e58e47def27534e3d005bf9/execute/sync - {"script":"<script> [8489 bytes]","args":[{"element-6066-11e4-a52e-4f735466cecf":"f.5A792F38359A1C743AD3061B3E5B94B4.d.9B9CBF4CBF9EFEAB8B54F38F07E78849.e.8475","ELEMENT":"f.5A792F38359A1C743AD3061B3E5B94B4.d.9B9CBF4CBF9EFEAB8B54F38F07E78849.e.8475"}]}
RESULT: {"script":"<script> [8489 bytes]","args":[{"element-6066-11e4-a52e-4f735466cecf":"f.5A792F38359A1C743AD3061B3E5B94B4.d.9B9CBF4CBF9EFEAB8B54F38F07E78849.e.8475","ELEMENT":"f.5A792F38359A1C743AD3061B3E5B94B4.d.9B9CBF4CBF9EFEAB8B54F38F07E78849.e.8475"}]}
COMMAND: GET /session/a230b9fa5e58e47def27534e3d005bf9/screenshot - {}
RESULT: {}
COMMAND: POST /session/a230b9fa5e58e47def27534e3d005bf9/execute/sync - {"script":"<script> [8489 bytes]","args":[{"element-6066-11e4-a52e-4f735466cecf":"f.5A792F38359A1C743AD3061B3E5B94B4.d.9B9CBF4CBF9EFEAB8B54F38F07E78849.e.8475","ELEMENT":"f.5A792F38359A1C743AD3061B3E5B94B4.d.9B9CBF4CBF9EFEAB8B54F38F07E78849.e.8475"}]}
RESULT: {"script":"<script> [8489 bytes]","args":[{"element-6066-11e4-a52e-4f735466cecf":"f.5A792F38359A1C743AD3061B3E5B94B4.d.9B9CBF4CBF9EFEAB8B54F38F07E78849.e.8475","ELEMENT":"f.5A792F38359A1C743AD3061B3E5B94B4.d.9B9CBF4CBF9EFEAB8B54F38F07E78849.e.8475"}]}
COMMAND: GET /session/a230b9fa5e58e47def27534e3d005bf9/screenshot - {}
RESULT: {}
COMMAND: POST /session/a230b9fa5e58e47def27534e3d005bf9/execute/sync - {"script":"<script> [8489 bytes]","args":[{"element-6066-11e4-a52e-4f735466cecf":"f.5A792F38359A1C743AD3061B3E5B94B4.d.9B9CBF4CBF9EFEAB8B54F38F07E78849.e.8475","ELEMENT":"f.5A792F38359A1C743AD3061B3E5B94B4.d.9B9CBF4CBF9EFEAB8B54F38F07E78849.e.8475"}]}
RESULT: {"script":"<script> [8489 bytes]","args":[{"element-6066-11e4-a52e-4f735466cecf":"f.5A792F38359A1C743AD3061B3E5B94B4.d.9B9CBF4CBF9EFEAB8B54F38F07E78849.e.8475","ELEMENT":"f.5A792F38359A1C743AD3061B3E5B94B4.d.9B9CBF4CBF9EFEAB8B54F38F07E78849.e.8475"}]}
COMMAND: GET /session/a230b9fa5e58e47def27534e3d005bf9/screenshot - {}
RESULT: {}
COMMAND: POST /session/a230b9fa5e58e47def27534e3d005bf9/execute/sync - {"script":"<script> [8489 bytes]","args":[{"element-6066-11e4-a52e-4f735466cecf":"f.5A792F38359A1C743AD3061B3E5B94B4.d.9B9CBF4CBF9EFEAB8B54F38F07E78849.e.8475","ELEMENT":"f.5A792F38359A1C743AD3061B3E5B94B4.d.9B9CBF4CBF9EFEAB8B54F38F07E78849.e.8475"}]}
RESULT: {"script":"<script> [8489 bytes]","args":[{"element-6066-11e4-a52e-4f735466cecf":"f.5A792F38359A1C743AD3061B3E5B94B4.d.9B9CBF4CBF9EFEAB8B54F38F07E78849.e.8475","ELEMENT":"f.5A792F38359A1C743AD3061B3E5B94B4.d.9B9CBF4CBF9EFEAB8B54F38F07E78849.e.8475"}]}
COMMAND: GET /session/a230b9fa5e58e47def27534e3d005bf9/screenshot - {}
RESULT: {}
COMMAND: POST /session/a230b9fa5e58e47def27534e3d005bf9/execute/sync - {"script":"<script> [8489 bytes]","args":[{"element-6066-11e4-a52e-4f735466cecf":"f.5A792F38359A1C743AD3061B3E5B94B4.d.9B9CBF4CBF9EFEAB8B54F38F07E78849.e.8475","ELEMENT":"f.5A792F38359A1C743AD3061B3E5B94B4.d.9B9CBF4CBF9EFEAB8B54F38F07E78849.e.8475"}]}
RESULT: {"script":"<script> [8489 bytes]","args":[{"element-6066-11e4-a52e-4f735466cecf":"f.5A792F38359A1C743AD3061B3E5B94B4.d.9B9CBF4CBF9EFEAB8B54F38F07E78849.e.8475","ELEMENT":"f.5A792F38359A1C743AD3061B3E5B94B4.d.9B9CBF4CBF9EFEAB8B54F38F07E78849.e.8475"}]}
COMMAND: GET /session/a230b9fa5e58e47def27534e3d005bf9/screenshot - {}
COMMAND: POST /session/a230b9fa5e58e47def27534e3d005bf9/execute/sync - {"script":"<script> [8489 bytes]","args":[{"element-6066-11e4-a52e-4f735466cecf":"f.5A792F38359A1C743AD3061B3E5B94B4.d.9B9CBF4CBF9EFEAB8B54F38F07E78849.e.8475","ELEMENT":"f.5A792F38359A1C743AD3061B3E5B94B4.d.9B9CBF4CBF9EFEAB8B54F38F07E78849.e.8475"}]}
RESULT: {}
RESULT: {"script":"<script> [8489 bytes]","args":[{"element-6066-11e4-a52e-4f735466cecf":"f.5A792F38359A1C743AD3061B3E5B94B4.d.9B9CBF4CBF9EFEAB8B54F38F07E78849.e.8475","ELEMENT":"f.5A792F38359A1C743AD3061B3E5B94B4.d.9B9CBF4CBF9EFEAB8B54F38F07E78849.e.8475"}]}
COMMAND: GET /session/a230b9fa5e58e47def27534e3d005bf9/screenshot - {}
RESULT: {}
COMMAND: POST /session/a230b9fa5e58e47def27534e3d005bf9/execute/sync - {"script":"<script> [8489 bytes]","args":[{"element-6066-11e4-a52e-4f735466cecf":"f.5A792F38359A1C743AD3061B3E5B94B4.d.9B9CBF4CBF9EFEAB8B54F38F07E78849.e.8475","ELEMENT":"f.5A792F38359A1C743AD3061B3E5B94B4.d.9B9CBF4CBF9EFEAB8B54F38F07E78849.e.8475"}]}
RESULT: {"script":"<script> [8489 bytes]","args":[{"element-6066-11e4-a52e-4f735466cecf":"f.5A792F38359A1C743AD3061B3E5B94B4.d.9B9CBF4CBF9EFEAB8B54F38F07E78849.e.8475","ELEMENT":"f.5A792F38359A1C743AD3061B3E5B94B4.d.9B9CBF4CBF9EFEAB8B54F38F07E78849.e.8475"}]}
COMMAND: GET /session/a230b9fa5e58e47def27534e3d005bf9/screenshot - {}
RESULT: {}
COMMAND: POST /session/a230b9fa5e58e47def27534e3d005bf9/execute/sync - {"script":"<script> [8489 bytes]","args":[{"element-6066-11e4-a52e-4f735466cecf":"f.5A792F38359A1C743AD3061B3E5B94B4.d.9B9CBF4CBF9EFEAB8B54F38F07E78849.e.8475","ELEMENT":"f.5A792F38359A1C743AD3061B3E5B94B4.d.9B9CBF4CBF9EFEAB8B54F38F07E78849.e.8475"}]}
RESULT: {"script":"<script> [8489 bytes]","args":[{"element-6066-11e4-a52e-4f735466cecf":"f.5A792F38359A1C743AD3061B3E5B94B4.d.9B9CBF4CBF9EFEAB8B54F38F07E78849.e.8475","ELEMENT":"f.5A792F38359A1C743AD3061B3E5B94B4.d.9B9CBF4CBF9EFEAB8B54F38F07E78849.e.8475"}]}
COMMAND: GET /session/a230b9fa5e58e47def27534e3d005bf9/screenshot - {}
RESULT: {}
COMMAND: POST /session/a230b9fa5e58e47def27534e3d005bf9/execute/sync - {"script":"<script> [8489 bytes]","args":[{"element-6066-11e4-a52e-4f735466cecf":"f.5A792F38359A1C743AD3061B3E5B94B4.d.9B9CBF4CBF9EFEAB8B54F38F07E78849.e.8475","ELEMENT":"f.5A792F38359A1C743AD3061B3E5B94B4.d.9B9CBF4CBF9EFEAB8B54F38F07E78849.e.8475"}]}
RESULT: {"script":"<script> [8489 bytes]","args":[{"element-6066-11e4-a52e-4f735466cecf":"f.5A792F38359A1C743AD3061B3E5B94B4.d.9B9CBF4CBF9EFEAB8B54F38F07E78849.e.8475","ELEMENT":"f.5A792F38359A1C743AD3061B3E5B94B4.d.9B9CBF4CBF9EFEAB8B54F38F07E78849.e.8475"}]}
COMMAND: GET /session/a230b9fa5e58e47def27534e3d005bf9/screenshot - {}
RESULT: {}
COMMAND: POST /session/a230b9fa5e58e47def27534e3d005bf9/execute/sync - {"script":"<script> [8489 bytes]","args":[{"element-6066-11e4-a52e-4f735466cecf":"f.5A792F38359A1C743AD3061B3E5B94B4.d.9B9CBF4CBF9EFEAB8B54F38F07E78849.e.8475","ELEMENT":"f.5A792F38359A1C743AD3061B3E5B94B4.d.9B9CBF4CBF9EFEAB8B54F38F07E78849.e.8475"}]}
RESULT: {"script":"<script> [8489 bytes]","args":[{"element-6066-11e4-a52e-4f735466cecf":"f.5A792F38359A1C743AD3061B3E5B94B4.d.9B9CBF4CBF9EFEAB8B54F38F07E78849.e.8475","ELEMENT":"f.5A792F38359A1C743AD3061B3E5B94B4.d.9B9CBF4CBF9EFEAB8B54F38F07E78849.e.8475"}]}
COMMAND: GET /session/a230b9fa5e58e47def27534e3d005bf9/screenshot - {}
RESULT: {}
COMMAND: POST /session/a230b9fa5e58e47def27534e3d005bf9/execute/sync - {"script":"<script> [8489 bytes]","args":[{"element-6066-11e4-a52e-4f735466cecf":"f.5A792F38359A1C743AD3061B3E5B94B4.d.9B9CBF4CBF9EFEAB8B54F38F07E78849.e.8475","ELEMENT":"f.5A792F38359A1C743AD3061B3E5B94B4.d.9B9CBF4CBF9EFEAB8B54F38F07E78849.e.8475"}]}
RESULT: {"script":"<script> [8489 bytes]","args":[{"element-6066-11e4-a52e-4f735466cecf":"f.5A792F38359A1C743AD3061B3E5B94B4.d.9B9CBF4CBF9EFEAB8B54F38F07E78849.e.8475","ELEMENT":"f.5A792F38359A1C743AD3061B3E5B94B4.d.9B9CBF4CBF9EFEAB8B54F38F07E78849.e.8475"}]}
COMMAND: GET /session/a230b9fa5e58e47def27534e3d005bf9/screenshot - {}
RESULT: {}
COMMAND: POST /session/a230b9fa5e58e47def27534e3d005bf9/execute/sync - {"script":"<script> [8489 bytes]","args":[{"element-6066-11e4-a52e-4f735466cecf":"f.5A792F38359A1C743AD3061B3E5B94B4.d.9B9CBF4CBF9EFEAB8B54F38F07E78849.e.8475","ELEMENT":"f.5A792F38359A1C743AD3061B3E5B94B4.d.9B9CBF4CBF9EFEAB8B54F38F07E78849.e.8475"}]}
RESULT: {"script":"<script> [8489 bytes]","args":[{"element-6066-11e4-a52e-4f735466cecf":"f.5A792F38359A1C743AD3061B3E5B94B4.d.9B9CBF4CBF9EFEAB8B54F38F07E78849.e.8475","ELEMENT":"f.5A792F38359A1C743AD3061B3E5B94B4.d.9B9CBF4CBF9EFEAB8B54F38F07E78849.e.8475"}]}
COMMAND: GET /session/a230b9fa5e58e47def27534e3d005bf9/screenshot - {}
RESULT: {}
COMMAND: POST /session/a230b9fa5e58e47def27534e3d005bf9/execute/sync - {"script":"<script> [8489 bytes]","args":[{"element-6066-11e4-a52e-4f735466cecf":"f.5A792F38359A1C743AD3061B3E5B94B4.d.9B9CBF4CBF9EFEAB8B54F38F07E78849.e.8475","ELEMENT":"f.5A792F38359A1C743AD3061B3E5B94B4.d.9B9CBF4CBF9EFEAB8B54F38F07E78849.e.8475"}]}
RESULT: {"script":"<script> [8489 bytes]","args":[{"element-6066-11e4-a52e-4f735466cecf":"f.5A792F38359A1C743AD3061B3E5B94B4.d.9B9CBF4CBF9EFEAB8B54F38F07E78849.e.8475","ELEMENT":"f.5A792F38359A1C743AD3061B3E5B94B4.d.9B9CBF4CBF9EFEAB8B54F38F07E78849.e.8475"}]}
COMMAND: GET /session/a230b9fa5e58e47def27534e3d005bf9/screenshot - {}
RESULT: {}
COMMAND: POST /session/a230b9fa5e58e47def27534e3d005bf9/execute/sync - {"script":"<script> [8489 bytes]","args":[{"element-6066-11e4-a52e-4f735466cecf":"f.5A792F38359A1C743AD3061B3E5B94B4.d.9B9CBF4CBF9EFEAB8B54F38F07E78849.e.8475","ELEMENT":"f.5A792F38359A1C743AD3061B3E5B94B4.d.9B9CBF4CBF9EFEAB8B54F38F07E78849.e.8475"}]}
RESULT: {"script":"<script> [8489 bytes]","args":[{"element-6066-11e4-a52e-4f735466cecf":"f.5A792F38359A1C743AD3061B3E5B94B4.d.9B9CBF4CBF9EFEAB8B54F38F07E78849.e.8475","ELEMENT":"f.5A792F38359A1C743AD3061B3E5B94B4.d.9B9CBF4CBF9EFEAB8B54F38F07E78849.e.8475"}]}
COMMAND: GET /session/a230b9fa5e58e47def27534e3d005bf9/screenshot - {}
RESULT: {}
COMMAND: POST /session/a230b9fa5e58e47def27534e3d005bf9/execute/sync - {"script":"<script> [8489 bytes]","args":[{"element-6066-11e4-a52e-4f735466cecf":"f.5A792F38359A1C743AD3061B3E5B94B4.d.9B9CBF4CBF9EFEAB8B54F38F07E78849.e.8475","ELEMENT":"f.5A792F38359A1C743AD3061B3E5B94B4.d.9B9CBF4CBF9EFEAB8B54F38F07E78849.e.8475"}]}
RESULT: {"script":"<script> [8489 bytes]","args":[{"element-6066-11e4-a52e-4f735466cecf":"f.5A792F38359A1C743AD3061B3E5B94B4.d.9B9CBF4CBF9EFEAB8B54F38F07E78849.e.8475","ELEMENT":"f.5A792F38359A1C743AD3061B3E5B94B4.d.9B9CBF4CBF9EFEAB8B54F38F07E78849.e.8475"}]}
COMMAND: GET /session/a230b9fa5e58e47def27534e3d005bf9/screenshot - {}
RESULT: {}
COMMAND: POST /session/a230b9fa5e58e47def27534e3d005bf9/execute/sync - {"script":"<script> [8489 bytes]","args":[{"element-6066-11e4-a52e-4f735466cecf":"f.5A792F38359A1C743AD3061B3E5B94B4.d.9B9CBF4CBF9EFEAB8B54F38F07E78849.e.8475","ELEMENT":"f.5A792F38359A1C743AD3061B3E5B94B4.d.9B9CBF4CBF9EFEAB8B54F38F07E78849.e.8475"}]}
RESULT: {"script":"<script> [8489 bytes]","args":[{"element-6066-11e4-a52e-4f735466cecf":"f.5A792F38359A1C743AD3061B3E5B94B4.d.9B9CBF4CBF9EFEAB8B54F38F07E78849.e.8475","ELEMENT":"f.5A792F38359A1C743AD3061B3E5B94B4.d.9B9CBF4CBF9EFEAB8B54F38F07E78849.e.8475"}]}
COMMAND: GET /session/a230b9fa5e58e47def27534e3d005bf9/screenshot - {}
RESULT: {}
COMMAND: POST /session/a230b9fa5e58e47def27534e3d005bf9/execute/sync - {"script":"<script> [8489 bytes]","args":[{"element-6066-11e4-a52e-4f735466cecf":"f.5A792F38359A1C743AD3061B3E5B94B4.d.9B9CBF4CBF9EFEAB8B54F38F07E78849.e.8475","ELEMENT":"f.5A792F38359A1C743AD3061B3E5B94B4.d.9B9CBF4CBF9EFEAB8B54F38F07E78849.e.8475"}]}
RESULT: {"script":"<script> [8489 bytes]","args":[{"element-6066-11e4-a52e-4f735466cecf":"f.5A792F38359A1C743AD3061B3E5B94B4.d.9B9CBF4CBF9EFEAB8B54F38F07E78849.e.8475","ELEMENT":"f.5A792F38359A1C743AD3061B3E5B94B4.d.9B9CBF4CBF9EFEAB8B54F38F07E78849.e.8475"}]}
COMMAND: GET /session/a230b9fa5e58e47def27534e3d005bf9/screenshot - {}
RESULT: {}
COMMAND: POST /session/a230b9fa5e58e47def27534e3d005bf9/execute/sync - {"script":"<script> [8489 bytes]","args":[{"element-6066-11e4-a52e-4f735466cecf":"f.5A792F38359A1C743AD3061B3E5B94B4.d.9B9CBF4CBF9EFEAB8B54F38F07E78849.e.8475","ELEMENT":"f.5A792F38359A1C743AD3061B3E5B94B4.d.9B9CBF4CBF9EFEAB8B54F38F07E78849.e.8475"}]}
RESULT: {"script":"<script> [8489 bytes]","args":[{"element-6066-11e4-a52e-4f735466cecf":"f.5A792F38359A1C743AD3061B3E5B94B4.d.9B9CBF4CBF9EFEAB8B54F38F07E78849.e.8475","ELEMENT":"f.5A792F38359A1C743AD3061B3E5B94B4.d.9B9CBF4CBF9EFEAB8B54F38F07E78849.e.8475"}]}
COMMAND: GET /session/a230b9fa5e58e47def27534e3d005bf9/screenshot - {}
RESULT: {}
COMMAND: POST /session/a230b9fa5e58e47def27534e3d005bf9/execute/sync - {"script":"<script> [8489 bytes]","args":[{"element-6066-11e4-a52e-4f735466cecf":"f.5A792F38359A1C743AD3061B3E5B94B4.d.9B9CBF4CBF9EFEAB8B54F38F07E78849.e.8475","ELEMENT":"f.5A792F38359A1C743AD3061B3E5B94B4.d.9B9CBF4CBF9EFEAB8B54F38F07E78849.e.8475"}]}
RESULT: {"script":"<script> [8489 bytes]","args":[{"element-6066-11e4-a52e-4f735466cecf":"f.5A792F38359A1C743AD3061B3E5B94B4.d.9B9CBF4CBF9EFEAB8B54F38F07E78849.e.8475","ELEMENT":"f.5A792F38359A1C743AD3061B3E5B94B4.d.9B9CBF4CBF9EFEAB8B54F38F07E78849.e.8475"}]}
COMMAND: GET /session/a230b9fa5e58e47def27534e3d005bf9/screenshot - {}
RESULT: {}
COMMAND: POST /session/a230b9fa5e58e47def27534e3d005bf9/execute/sync - {"script":"<script> [8489 bytes]","args":[{"element-6066-11e4-a52e-4f735466cecf":"f.5A792F38359A1C743AD3061B3E5B94B4.d.9B9CBF4CBF9EFEAB8B54F38F07E78849.e.8475","ELEMENT":"f.5A792F38359A1C743AD3061B3E5B94B4.d.9B9CBF4CBF9EFEAB8B54F38F07E78849.e.8475"}]}
RESULT: {"script":"<script> [8489 bytes]","args":[{"element-6066-11e4-a52e-4f735466cecf":"f.5A792F38359A1C743AD3061B3E5B94B4.d.9B9CBF4CBF9EFEAB8B54F38F07E78849.e.8475","ELEMENT":"f.5A792F38359A1C743AD3061B3E5B94B4.d.9B9CBF4CBF9EFEAB8B54F38F07E78849.e.8475"}]}
COMMAND: GET /session/a230b9fa5e58e47def27534e3d005bf9/screenshot - {}
RESULT: {}
COMMAND: POST /session/a230b9fa5e58e47def27534e3d005bf9/execute/sync - {"script":"<script> [8489 bytes]","args":[{"element-6066-11e4-a52e-4f735466cecf":"f.5A792F38359A1C743AD3061B3E5B94B4.d.9B9CBF4CBF9EFEAB8B54F38F07E78849.e.8475","ELEMENT":"f.5A792F38359A1C743AD3061B3E5B94B4.d.9B9CBF4CBF9EFEAB8B54F38F07E78849.e.8475"}]}
RESULT: {"script":"<script> [8489 bytes]","args":[{"element-6066-11e4-a52e-4f735466cecf":"f.5A792F38359A1C743AD3061B3E5B94B4.d.9B9CBF4CBF9EFEAB8B54F38F07E78849.e.8475","ELEMENT":"f.5A792F38359A1C743AD3061B3E5B94B4.d.9B9CBF4CBF9EFEAB8B54F38F07E78849.e.8475"}]}
COMMAND: GET /session/a230b9fa5e58e47def27534e3d005bf9/screenshot - {}
RESULT: {}
COMMAND: POST /session/a230b9fa5e58e47def27534e3d005bf9/execute/sync - {"script":"<script> [8489 bytes]","args":[{"element-6066-11e4-a52e-4f735466cecf":"f.5A792F38359A1C743AD3061B3E5B94B4.d.9B9CBF4CBF9EFEAB8B54F38F07E78849.e.8475","ELEMENT":"f.5A792F38359A1C743AD3061B3E5B94B4.d.9B9CBF4CBF9EFEAB8B54F38F07E78849.e.8475"}]}
RESULT: {"script":"<script> [8489 bytes]","args":[{"element-6066-11e4-a52e-4f735466cecf":"f.5A792F38359A1C743AD3061B3E5B94B4.d.9B9CBF4CBF9EFEAB8B54F38F07E78849.e.8475","ELEMENT":"f.5A792F38359A1C743AD3061B3E5B94B4.d.9B9CBF4CBF9EFEAB8B54F38F07E78849.e.8475"}]}
COMMAND: GET /session/a230b9fa5e58e47def27534e3d005bf9/screenshot - {}
RESULT: {}
COMMAND: POST /session/a230b9fa5e58e47def27534e3d005bf9/execute/sync - {"script":"<script> [8489 bytes]","args":[{"element-6066-11e4-a52e-4f735466cecf":"f.5A792F38359A1C743AD3061B3E5B94B4.d.9B9CBF4CBF9EFEAB8B54F38F07E78849.e.8475","ELEMENT":"f.5A792F38359A1C743AD3061B3E5B94B4.d.9B9CBF4CBF9EFEAB8B54F38F07E78849.e.8475"}]}
RESULT: {"script":"<script> [8489 bytes]","args":[{"element-6066-11e4-a52e-4f735466cecf":"f.5A792F38359A1C743AD3061B3E5B94B4.d.9B9CBF4CBF9EFEAB8B54F38F07E78849.e.8475","ELEMENT":"f.5A792F38359A1C743AD3061B3E5B94B4.d.9B9CBF4CBF9EFEAB8B54F38F07E78849.e.8475"}]}
COMMAND: GET /session/a230b9fa5e58e47def27534e3d005bf9/screenshot - {}
RESULT: {}
COMMAND: POST /session/a230b9fa5e58e47def27534e3d005bf9/execute/sync - {"script":"<script> [8489 bytes]","args":[{"element-6066-11e4-a52e-4f735466cecf":"f.5A792F38359A1C743AD3061B3E5B94B4.d.9B9CBF4CBF9EFEAB8B54F38F07E78849.e.8475","ELEMENT":"f.5A792F38359A1C743AD3061B3E5B94B4.d.9B9CBF4CBF9EFEAB8B54F38F07E78849.e.8475"}]}
RESULT: {"script":"<script> [8489 bytes]","args":[{"element-6066-11e4-a52e-4f735466cecf":"f.5A792F38359A1C743AD3061B3E5B94B4.d.9B9CBF4CBF9EFEAB8B54F38F07E78849.e.8475","ELEMENT":"f.5A792F38359A1C743AD3061B3E5B94B4.d.9B9CBF4CBF9EFEAB8B54F38F07E78849.e.8475"}]}
COMMAND: GET /session/a230b9fa5e58e47def27534e3d005bf9/screenshot - {}
RESULT: {}
COMMAND: POST /session/a230b9fa5e58e47def27534e3d005bf9/execute/sync - {"script":"<script> [8489 bytes]","args":[{"element-6066-11e4-a52e-4f735466cecf":"f.5A792F38359A1C743AD3061B3E5B94B4.d.9B9CBF4CBF9EFEAB8B54F38F07E78849.e.8475","ELEMENT":"f.5A792F38359A1C743AD3061B3E5B94B4.d.9B9CBF4CBF9EFEAB8B54F38F07E78849.e.8475"}]}
RESULT: {"script":"<script> [8489 bytes]","args":[{"element-6066-11e4-a52e-4f735466cecf":"f.5A792F38359A1C743AD3061B3E5B94B4.d.9B9CBF4CBF9EFEAB8B54F38F07E78849.e.8475","ELEMENT":"f.5A792F38359A1C743AD3061B3E5B94B4.d.9B9CBF4CBF9EFEAB8B54F38F07E78849.e.8475"}]}
COMMAND: GET /session/a230b9fa5e58e47def27534e3d005bf9/screenshot - {}
RESULT: {}
COMMAND: POST /session/a230b9fa5e58e47def27534e3d005bf9/execute/sync - {"script":"<script> [8489 bytes]","args":[{"element-6066-11e4-a52e-4f735466cecf":"f.5A792F38359A1C743AD3061B3E5B94B4.d.9B9CBF4CBF9EFEAB8B54F38F07E78849.e.8475","ELEMENT":"f.5A792F38359A1C743AD3061B3E5B94B4.d.9B9CBF4CBF9EFEAB8B54F38F07E78849.e.8475"}]}
RESULT: {"script":"<script> [8489 bytes]","args":[{"element-6066-11e4-a52e-4f735466cecf":"f.5A792F38359A1C743AD3061B3E5B94B4.d.9B9CBF4CBF9EFEAB8B54F38F07E78849.e.8475","ELEMENT":"f.5A792F38359A1C743AD3061B3E5B94B4.d.9B9CBF4CBF9EFEAB8B54F38F07E78849.e.8475"}]}
COMMAND: GET /session/a230b9fa5e58e47def27534e3d005bf9/screenshot - {}
RESULT: {}
COMMAND: POST /session/a230b9fa5e58e47def27534e3d005bf9/execute/sync - {"script":"<script> [8489 bytes]","args":[{"element-6066-11e4-a52e-4f735466cecf":"f.5A792F38359A1C743AD3061B3E5B94B4.d.9B9CBF4CBF9EFEAB8B54F38F07E78849.e.8475","ELEMENT":"f.5A792F38359A1C743AD3061B3E5B94B4.d.9B9CBF4CBF9EFEAB8B54F38F07E78849.e.8475"}]}
RESULT: {"script":"<script> [8489 bytes]","args":[{"element-6066-11e4-a52e-4f735466cecf":"f.5A792F38359A1C743AD3061B3E5B94B4.d.9B9CBF4CBF9EFEAB8B54F38F07E78849.e.8475","ELEMENT":"f.5A792F38359A1C743AD3061B3E5B94B4.d.9B9CBF4CBF9EFEAB8B54F38F07E78849.e.8475"}]}
COMMAND: GET /session/a230b9fa5e58e47def27534e3d005bf9/screenshot - {}
RESULT: {}
COMMAND: POST /session/a230b9fa5e58e47def27534e3d005bf9/execute/sync - {"script":"<script> [8489 bytes]","args":[{"element-6066-11e4-a52e-4f735466cecf":"f.5A792F38359A1C743AD3061B3E5B94B4.d.9B9CBF4CBF9EFEAB8B54F38F07E78849.e.8475","ELEMENT":"f.5A792F38359A1C743AD3061B3E5B94B4.d.9B9CBF4CBF9EFEAB8B54F38F07E78849.e.8475"}]}
RESULT: {"script":"<script> [8489 bytes]","args":[{"element-6066-11e4-a52e-4f735466cecf":"f.5A792F38359A1C743AD3061B3E5B94B4.d.9B9CBF4CBF9EFEAB8B54F38F07E78849.e.8475","ELEMENT":"f.5A792F38359A1C743AD3061B3E5B94B4.d.9B9CBF4CBF9EFEAB8B54F38F07E78849.e.8475"}]}
COMMAND: GET /session/a230b9fa5e58e47def27534e3d005bf9/screenshot - {}
RESULT: {}
COMMAND: POST /session/a230b9fa5e58e47def27534e3d005bf9/execute/sync - {"script":"<script> [8489 bytes]","args":[{"element-6066-11e4-a52e-4f735466cecf":"f.5A792F38359A1C743AD3061B3E5B94B4.d.9B9CBF4CBF9EFEAB8B54F38F07E78849.e.8475","ELEMENT":"f.5A792F38359A1C743AD3061B3E5B94B4.d.9B9CBF4CBF9EFEAB8B54F38F07E78849.e.8475"}]}
RESULT: {"script":"<script> [8489 bytes]","args":[{"element-6066-11e4-a52e-4f735466cecf":"f.5A792F38359A1C743AD3061B3E5B94B4.d.9B9CBF4CBF9EFEAB8B54F38F07E78849.e.8475","ELEMENT":"f.5A792F38359A1C743AD3061B3E5B94B4.d.9B9CBF4CBF9EFEAB8B54F38F07E78849.e.8475"}]}
COMMAND: GET /session/a230b9fa5e58e47def27534e3d005bf9/screenshot - {}
RESULT: {}
COMMAND: POST /session/a230b9fa5e58e47def27534e3d005bf9/execute/sync - {"script":"<script> [8489 bytes]","args":[{"element-6066-11e4-a52e-4f735466cecf":"f.5A792F38359A1C743AD3061B3E5B94B4.d.9B9CBF4CBF9EFEAB8B54F38F07E78849.e.8475","ELEMENT":"f.5A792F38359A1C743AD3061B3E5B94B4.d.9B9CBF4CBF9EFEAB8B54F38F07E78849.e.8475"}]}
RESULT: {"script":"<script> [8489 bytes]","args":[{"element-6066-11e4-a52e-4f735466cecf":"f.5A792F38359A1C743AD3061B3E5B94B4.d.9B9CBF4CBF9EFEAB8B54F38F07E78849.e.8475","ELEMENT":"f.5A792F38359A1C743AD3061B3E5B94B4.d.9B9CBF4CBF9EFEAB8B54F38F07E78849.e.8475"}]}
COMMAND: GET /session/a230b9fa5e58e47def27534e3d005bf9/screenshot - {}
RESULT: {}
COMMAND: POST /session/a230b9fa5e58e47def27534e3d005bf9/execute/sync - {"script":"<script> [8489 bytes]","args":[{"element-6066-11e4-a52e-4f735466cecf":"f.5A792F38359A1C743AD3061B3E5B94B4.d.9B9CBF4CBF9EFEAB8B54F38F07E78849.e.8475","ELEMENT":"f.5A792F38359A1C743AD3061B3E5B94B4.d.9B9CBF4CBF9EFEAB8B54F38F07E78849.e.8475"}]}
RESULT: {"script":"<script> [8489 bytes]","args":[{"element-6066-11e4-a52e-4f735466cecf":"f.5A792F38359A1C743AD3061B3E5B94B4.d.9B9CBF4CBF9EFEAB8B54F38F07E78849.e.8475","ELEMENT":"f.5A792F38359A1C743AD3061B3E5B94B4.d.9B9CBF4CBF9EFEAB8B54F38F07E78849.e.8475"}]}
COMMAND: GET /session/a230b9fa5e58e47def27534e3d005bf9/screenshot - {}
RESULT: {}
COMMAND: POST /session/a230b9fa5e58e47def27534e3d005bf9/execute/sync - {"script":"<script> [8489 bytes]","args":[{"element-6066-11e4-a52e-4f735466cecf":"f.5A792F38359A1C743AD3061B3E5B94B4.d.9B9CBF4CBF9EFEAB8B54F38F07E78849.e.8475","ELEMENT":"f.5A792F38359A1C743AD3061B3E5B94B4.d.9B9CBF4CBF9EFEAB8B54F38F07E78849.e.8475"}]}
RESULT: {"script":"<script> [8489 bytes]","args":[{"element-6066-11e4-a52e-4f735466cecf":"f.5A792F38359A1C743AD3061B3E5B94B4.d.9B9CBF4CBF9EFEAB8B54F38F07E78849.e.8475","ELEMENT":"f.5A792F38359A1C743AD3061B3E5B94B4.d.9B9CBF4CBF9EFEAB8B54F38F07E78849.e.8475"}]}
COMMAND: GET /session/a230b9fa5e58e47def27534e3d005bf9/screenshot - {}
RESULT: {}
COMMAND: POST /session/a230b9fa5e58e47def27534e3d005bf9/execute/sync - {"script":"<script> [8489 bytes]","args":[{"element-6066-11e4-a52e-4f735466cecf":"f.5A792F38359A1C743AD3061B3E5B94B4.d.9B9CBF4CBF9EFEAB8B54F38F07E78849.e.8475","ELEMENT":"f.5A792F38359A1C743AD3061B3E5B94B4.d.9B9CBF4CBF9EFEAB8B54F38F07E78849.e.8475"}]}
RESULT: {"script":"<script> [8489 bytes]","args":[{"element-6066-11e4-a52e-4f735466cecf":"f.5A792F38359A1C743AD3061B3E5B94B4.d.9B9CBF4CBF9EFEAB8B54F38F07E78849.e.8475","ELEMENT":"f.5A792F38359A1C743AD3061B3E5B94B4.d.9B9CBF4CBF9EFEAB8B54F38F07E78849.e.8475"}]}
COMMAND: GET /session/a230b9fa5e58e47def27534e3d005bf9/screenshot - {}
RESULT: {}
COMMAND: POST /session/a230b9fa5e58e47def27534e3d005bf9/execute/sync - {"script":"<script> [8489 bytes]","args":[{"element-6066-11e4-a52e-4f735466cecf":"f.5A792F38359A1C743AD3061B3E5B94B4.d.9B9CBF4CBF9EFEAB8B54F38F07E78849.e.8475","ELEMENT":"f.5A792F38359A1C743AD3061B3E5B94B4.d.9B9CBF4CBF9EFEAB8B54F38F07E78849.e.8475"}]}
RESULT: {"script":"<script> [8489 bytes]","args":[{"element-6066-11e4-a52e-4f735466cecf":"f.5A792F38359A1C743AD3061B3E5B94B4.d.9B9CBF4CBF9EFEAB8B54F38F07E78849.e.8475","ELEMENT":"f.5A792F38359A1C743AD3061B3E5B94B4.d.9B9CBF4CBF9EFEAB8B54F38F07E78849.e.8475"}]}
COMMAND: GET /session/a230b9fa5e58e47def27534e3d005bf9/screenshot - {}
RESULT: {}
COMMAND: POST /session/a230b9fa5e58e47def27534e3d005bf9/execute/sync - {"script":"<script> [8489 bytes]","args":[{"element-6066-11e4-a52e-4f735466cecf":"f.5A792F38359A1C743AD3061B3E5B94B4.d.9B9CBF4CBF9EFEAB8B54F38F07E78849.e.8475","ELEMENT":"f.5A792F38359A1C743AD3061B3E5B94B4.d.9B9CBF4CBF9EFEAB8B54F38F07E78849.e.8475"}]}
RESULT: {"script":"<script> [8489 bytes]","args":[{"element-6066-11e4-a52e-4f735466cecf":"f.5A792F38359A1C743AD3061B3E5B94B4.d.9B9CBF4CBF9EFEAB8B54F38F07E78849.e.8475","ELEMENT":"f.5A792F38359A1C743AD3061B3E5B94B4.d.9B9CBF4CBF9EFEAB8B54F38F07E78849.e.8475"}]}
COMMAND: GET /session/a230b9fa5e58e47def27534e3d005bf9/screenshot - {}
RESULT: {}
COMMAND: POST /session/a230b9fa5e58e47def27534e3d005bf9/execute/sync - {"script":"<script> [8489 bytes]","args":[{"element-6066-11e4-a52e-4f735466cecf":"f.5A792F38359A1C743AD3061B3E5B94B4.d.9B9CBF4CBF9EFEAB8B54F38F07E78849.e.8475","ELEMENT":"f.5A792F38359A1C743AD3061B3E5B94B4.d.9B9CBF4CBF9EFEAB8B54F38F07E78849.e.8475"}]}
RESULT: {"script":"<script> [8489 bytes]","args":[{"element-6066-11e4-a52e-4f735466cecf":"f.5A792F38359A1C743AD3061B3E5B94B4.d.9B9CBF4CBF9EFEAB8B54F38F07E78849.e.8475","ELEMENT":"f.5A792F38359A1C743AD3061B3E5B94B4.d.9B9CBF4CBF9EFEAB8B54F38F07E78849.e.8475"}]}
COMMAND: GET /session/a230b9fa5e58e47def27534e3d005bf9/screenshot - {}
RESULT: {}
COMMAND: POST /session/a230b9fa5e58e47def27534e3d005bf9/execute/sync - {"script":"<script> [8489 bytes]","args":[{"element-6066-11e4-a52e-4f735466cecf":"f.5A792F38359A1C743AD3061B3E5B94B4.d.9B9CBF4CBF9EFEAB8B54F38F07E78849.e.8475","ELEMENT":"f.5A792F38359A1C743AD3061B3E5B94B4.d.9B9CBF4CBF9EFEAB8B54F38F07E78849.e.8475"}]}
RESULT: {"script":"<script> [8489 bytes]","args":[{"element-6066-11e4-a52e-4f735466cecf":"f.5A792F38359A1C743AD3061B3E5B94B4.d.9B9CBF4CBF9EFEAB8B54F38F07E78849.e.8475","ELEMENT":"f.5A792F38359A1C743AD3061B3E5B94B4.d.9B9CBF4CBF9EFEAB8B54F38F07E78849.e.8475"}]}
COMMAND: GET /session/a230b9fa5e58e47def27534e3d005bf9/screenshot - {}
RESULT: {}
COMMAND: POST /session/a230b9fa5e58e47def27534e3d005bf9/execute/sync - {"script":"<script> [8489 bytes]","args":[{"element-6066-11e4-a52e-4f735466cecf":"f.5A792F38359A1C743AD3061B3E5B94B4.d.9B9CBF4CBF9EFEAB8B54F38F07E78849.e.8475","ELEMENT":"f.5A792F38359A1C743AD3061B3E5B94B4.d.9B9CBF4CBF9EFEAB8B54F38F07E78849.e.8475"}]}
RESULT: {"script":"<script> [8489 bytes]","args":[{"element-6066-11e4-a52e-4f735466cecf":"f.5A792F38359A1C743AD3061B3E5B94B4.d.9B9CBF4CBF9EFEAB8B54F38F07E78849.e.8475","ELEMENT":"f.5A792F38359A1C743AD3061B3E5B94B4.d.9B9CBF4CBF9EFEAB8B54F38F07E78849.e.8475"}]}
COMMAND: GET /session/a230b9fa5e58e47def27534e3d005bf9/screenshot - {}
RESULT: {}
COMMAND: POST /session/a230b9fa5e58e47def27534e3d005bf9/execute/sync - {"script":"<script> [8489 bytes]","args":[{"element-6066-11e4-a52e-4f735466cecf":"f.5A792F38359A1C743AD3061B3E5B94B4.d.9B9CBF4CBF9EFEAB8B54F38F07E78849.e.8475","ELEMENT":"f.5A792F38359A1C743AD3061B3E5B94B4.d.9B9CBF4CBF9EFEAB8B54F38F07E78849.e.8475"}]}
RESULT: {"script":"<script> [8489 bytes]","args":[{"element-6066-11e4-a52e-4f735466cecf":"f.5A792F38359A1C743AD3061B3E5B94B4.d.9B9CBF4CBF9EFEAB8B54F38F07E78849.e.8475","ELEMENT":"f.5A792F38359A1C743AD3061B3E5B94B4.d.9B9CBF4CBF9EFEAB8B54F38F07E78849.e.8475"}]}
COMMAND: GET /session/a230b9fa5e58e47def27534e3d005bf9/screenshot - {}
RESULT: {}
COMMAND: POST /session/a230b9fa5e58e47def27534e3d005bf9/execute/sync - {"script":"<script> [8489 bytes]","args":[{"element-6066-11e4-a52e-4f735466cecf":"f.5A792F38359A1C743AD3061B3E5B94B4.d.9B9CBF4CBF9EFEAB8B54F38F07E78849.e.8475","ELEMENT":"f.5A792F38359A1C743AD3061B3E5B94B4.d.9B9CBF4CBF9EFEAB8B54F38F07E78849.e.8475"}]}
RESULT: {"script":"<script> [8489 bytes]","args":[{"element-6066-11e4-a52e-4f735466cecf":"f.5A792F38359A1C743AD3061B3E5B94B4.d.9B9CBF4CBF9EFEAB8B54F38F07E78849.e.8475","ELEMENT":"f.5A792F38359A1C743AD3061B3E5B94B4.d.9B9CBF4CBF9EFEAB8B54F38F07E78849.e.8475"}]}
COMMAND: GET /session/a230b9fa5e58e47def27534e3d005bf9/screenshot - {}
RESULT: {}
COMMAND: POST /session/a230b9fa5e58e47def27534e3d005bf9/execute/sync - {"script":"<script> [8489 bytes]","args":[{"element-6066-11e4-a52e-4f735466cecf":"f.5A792F38359A1C743AD3061B3E5B94B4.d.9B9CBF4CBF9EFEAB8B54F38F07E78849.e.8475","ELEMENT":"f.5A792F38359A1C743AD3061B3E5B94B4.d.9B9CBF4CBF9EFEAB8B54F38F07E78849.e.8475"}]}
RESULT: {"script":"<script> [8489 bytes]","args":[{"element-6066-11e4-a52e-4f735466cecf":"f.5A792F38359A1C743AD3061B3E5B94B4.d.9B9CBF4CBF9EFEAB8B54F38F07E78849.e.8475","ELEMENT":"f.5A792F38359A1C743AD3061B3E5B94B4.d.9B9CBF4CBF9EFEAB8B54F38F07E78849.e.8475"}]}
COMMAND: GET /session/a230b9fa5e58e47def27534e3d005bf9/screenshot - {}
RESULT: {}
COMMAND: POST /session/a230b9fa5e58e47def27534e3d005bf9/execute/sync - {"script":"<script> [8489 bytes]","args":[{"element-6066-11e4-a52e-4f735466cecf":"f.5A792F38359A1C743AD3061B3E5B94B4.d.9B9CBF4CBF9EFEAB8B54F38F07E78849.e.8475","ELEMENT":"f.5A792F38359A1C743AD3061B3E5B94B4.d.9B9CBF4CBF9EFEAB8B54F38F07E78849.e.8475"}]}
RESULT: {"script":"<script> [8489 bytes]","args":[{"element-6066-11e4-a52e-4f735466cecf":"f.5A792F38359A1C743AD3061B3E5B94B4.d.9B9CBF4CBF9EFEAB8B54F38F07E78849.e.8475","ELEMENT":"f.5A792F38359A1C743AD3061B3E5B94B4.d.9B9CBF4CBF9EFEAB8B54F38F07E78849.e.8475"}]}
COMMAND: GET /session/a230b9fa5e58e47def27534e3d005bf9/screenshot - {}
RESULT: {}
COMMAND: POST /session/a230b9fa5e58e47def27534e3d005bf9/execute/sync - {"script":"<script> [8489 bytes]","args":[{"element-6066-11e4-a52e-4f735466cecf":"f.5A792F38359A1C743AD3061B3E5B94B4.d.9B9CBF4CBF9EFEAB8B54F38F07E78849.e.8475","ELEMENT":"f.5A792F38359A1C743AD3061B3E5B94B4.d.9B9CBF4CBF9EFEAB8B54F38F07E78849.e.8475"}]}
RESULT: {"script":"<script> [8489 bytes]","args":[{"element-6066-11e4-a52e-4f735466cecf":"f.5A792F38359A1C743AD3061B3E5B94B4.d.9B9CBF4CBF9EFEAB8B54F38F07E78849.e.8475","ELEMENT":"f.5A792F38359A1C743AD3061B3E5B94B4.d.9B9CBF4CBF9EFEAB8B54F38F07E78849.e.8475"}]}
COMMAND: GET /session/a230b9fa5e58e47def27534e3d005bf9/screenshot - {}
RESULT: {}
COMMAND: POST /session/a230b9fa5e58e47def27534e3d005bf9/execute/sync - {"script":"<script> [8489 bytes]","args":[{"element-6066-11e4-a52e-4f735466cecf":"f.5A792F38359A1C743AD3061B3E5B94B4.d.9B9CBF4CBF9EFEAB8B54F38F07E78849.e.8475","ELEMENT":"f.5A792F38359A1C743AD3061B3E5B94B4.d.9B9CBF4CBF9EFEAB8B54F38F07E78849.e.8475"}]}
RESULT: {"script":"<script> [8489 bytes]","args":[{"element-6066-11e4-a52e-4f735466cecf":"f.5A792F38359A1C743AD3061B3E5B94B4.d.9B9CBF4CBF9EFEAB8B54F38F07E78849.e.8475","ELEMENT":"f.5A792F38359A1C743AD3061B3E5B94B4.d.9B9CBF4CBF9EFEAB8B54F38F07E78849.e.8475"}]}
COMMAND: GET /session/a230b9fa5e58e47def27534e3d005bf9/screenshot - {}
RESULT: {}
COMMAND: POST /session/a230b9fa5e58e47def27534e3d005bf9/execute/sync - {"script":"<script> [8489 bytes]","args":[{"element-6066-11e4-a52e-4f735466cecf":"f.5A792F38359A1C743AD3061B3E5B94B4.d.9B9CBF4CBF9EFEAB8B54F38F07E78849.e.8475","ELEMENT":"f.5A792F38359A1C743AD3061B3E5B94B4.d.9B9CBF4CBF9EFEAB8B54F38F07E78849.e.8475"}]}
RESULT: {"script":"<script> [8489 bytes]","args":[{"element-6066-11e4-a52e-4f735466cecf":"f.5A792F38359A1C743AD3061B3E5B94B4.d.9B9CBF4CBF9EFEAB8B54F38F07E78849.e.8475","ELEMENT":"f.5A792F38359A1C743AD3061B3E5B94B4.d.9B9CBF4CBF9EFEAB8B54F38F07E78849.e.8475"}]}
COMMAND: GET /session/a230b9fa5e58e47def27534e3d005bf9/screenshot - {}
RESULT: {}
COMMAND: POST /session/a230b9fa5e58e47def27534e3d005bf9/execute/sync - {"script":"<script> [8489 bytes]","args":[{"element-6066-11e4-a52e-4f735466cecf":"f.5A792F38359A1C743AD3061B3E5B94B4.d.9B9CBF4CBF9EFEAB8B54F38F07E78849.e.8475","ELEMENT":"f.5A792F38359A1C743AD3061B3E5B94B4.d.9B9CBF4CBF9EFEAB8B54F38F07E78849.e.8475"}]}
RESULT: {"script":"<script> [8489 bytes]","args":[{"element-6066-11e4-a52e-4f735466cecf":"f.5A792F38359A1C743AD3061B3E5B94B4.d.9B9CBF4CBF9EFEAB8B54F38F07E78849.e.8475","ELEMENT":"f.5A792F38359A1C743AD3061B3E5B94B4.d.9B9CBF4CBF9EFEAB8B54F38F07E78849.e.8475"}]}
COMMAND: GET /session/a230b9fa5e58e47def27534e3d005bf9/screenshot - {}
RESULT: {}
COMMAND: POST /session/a230b9fa5e58e47def27534e3d005bf9/execute/sync - {"script":"<script> [8489 bytes]","args":[{"element-6066-11e4-a52e-4f735466cecf":"f.5A792F38359A1C743AD3061B3E5B94B4.d.9B9CBF4CBF9EFEAB8B54F38F07E78849.e.8475","ELEMENT":"f.5A792F38359A1C743AD3061B3E5B94B4.d.9B9CBF4CBF9EFEAB8B54F38F07E78849.e.8475"}]}
RESULT: {"script":"<script> [8489 bytes]","args":[{"element-6066-11e4-a52e-4f735466cecf":"f.5A792F38359A1C743AD3061B3E5B94B4.d.9B9CBF4CBF9EFEAB8B54F38F07E78849.e.8475","ELEMENT":"f.5A792F38359A1C743AD3061B3E5B94B4.d.9B9CBF4CBF9EFEAB8B54F38F07E78849.e.8475"}]}
COMMAND: GET /session/a230b9fa5e58e47def27534e3d005bf9/screenshot - {}
RESULT: {}
COMMAND: POST /session/a230b9fa5e58e47def27534e3d005bf9/execute/sync - {"script":"<script> [8489 bytes]","args":[{"element-6066-11e4-a52e-4f735466cecf":"f.5A792F38359A1C743AD3061B3E5B94B4.d.9B9CBF4CBF9EFEAB8B54F38F07E78849.e.8475","ELEMENT":"f.5A792F38359A1C743AD3061B3E5B94B4.d.9B9CBF4CBF9EFEAB8B54F38F07E78849.e.8475"}]}
RESULT: {"script":"<script> [8489 bytes]","args":[{"element-6066-11e4-a52e-4f735466cecf":"f.5A792F38359A1C743AD3061B3E5B94B4.d.9B9CBF4CBF9EFEAB8B54F38F07E78849.e.8475","ELEMENT":"f.5A792F38359A1C743AD3061B3E5B94B4.d.9B9CBF4CBF9EFEAB8B54F38F07E78849.e.8475"}]}
COMMAND: GET /session/a230b9fa5e58e47def27534e3d005bf9/screenshot - {}
RESULT: {}
COMMAND: POST /session/a230b9fa5e58e47def27534e3d005bf9/execute/sync - {"script":"<script> [8489 bytes]","args":[{"element-6066-11e4-a52e-4f735466cecf":"f.5A792F38359A1C743AD3061B3E5B94B4.d.9B9CBF4CBF9EFEAB8B54F38F07E78849.e.8475","ELEMENT":"f.5A792F38359A1C743AD3061B3E5B94B4.d.9B9CBF4CBF9EFEAB8B54F38F07E78849.e.8475"}]}
RESULT: {"script":"<script> [8489 bytes]","args":[{"element-6066-11e4-a52e-4f735466cecf":"f.5A792F38359A1C743AD3061B3E5B94B4.d.9B9CBF4CBF9EFEAB8B54F38F07E78849.e.8475","ELEMENT":"f.5A792F38359A1C743AD3061B3E5B94B4.d.9B9CBF4CBF9EFEAB8B54F38F07E78849.e.8475"}]}
COMMAND: GET /session/a230b9fa5e58e47def27534e3d005bf9/screenshot - {}
RESULT: {}
COMMAND: POST /session/a230b9fa5e58e47def27534e3d005bf9/execute/sync - {"script":"<script> [8489 bytes]","args":[{"element-6066-11e4-a52e-4f735466cecf":"f.5A792F38359A1C743AD3061B3E5B94B4.d.9B9CBF4CBF9EFEAB8B54F38F07E78849.e.8475","ELEMENT":"f.5A792F38359A1C743AD3061B3E5B94B4.d.9B9CBF4CBF9EFEAB8B54F38F07E78849.e.8475"}]}
RESULT: {"script":"<script> [8489 bytes]","args":[{"element-6066-11e4-a52e-4f735466cecf":"f.5A792F38359A1C743AD3061B3E5B94B4.d.9B9CBF4CBF9EFEAB8B54F38F07E78849.e.8475","ELEMENT":"f.5A792F38359A1C743AD3061B3E5B94B4.d.9B9CBF4CBF9EFEAB8B54F38F07E78849.e.8475"}]}
COMMAND: GET /session/a230b9fa5e58e47def27534e3d005bf9/screenshot - {}
RESULT: {}
COMMAND: POST /session/a230b9fa5e58e47def27534e3d005bf9/execute/sync - {"script":"<script> [8489 bytes]","args":[{"element-6066-11e4-a52e-4f735466cecf":"f.5A792F38359A1C743AD3061B3E5B94B4.d.9B9CBF4CBF9EFEAB8B54F38F07E78849.e.8475","ELEMENT":"f.5A792F38359A1C743AD3061B3E5B94B4.d.9B9CBF4CBF9EFEAB8B54F38F07E78849.e.8475"}]}
RESULT: {"script":"<script> [8489 bytes]","args":[{"element-6066-11e4-a52e-4f735466cecf":"f.5A792F38359A1C743AD3061B3E5B94B4.d.9B9CBF4CBF9EFEAB8B54F38F07E78849.e.8475","ELEMENT":"f.5A792F38359A1C743AD3061B3E5B94B4.d.9B9CBF4CBF9EFEAB8B54F38F07E78849.e.8475"}]}
COMMAND: GET /session/a230b9fa5e58e47def27534e3d005bf9/screenshot - {}
RESULT: {}
COMMAND: POST /session/a230b9fa5e58e47def27534e3d005bf9/execute/sync - {"script":"<script> [8489 bytes]","args":[{"element-6066-11e4-a52e-4f735466cecf":"f.5A792F38359A1C743AD3061B3E5B94B4.d.9B9CBF4CBF9EFEAB8B54F38F07E78849.e.8475","ELEMENT":"f.5A792F38359A1C743AD3061B3E5B94B4.d.9B9CBF4CBF9EFEAB8B54F38F07E78849.e.8475"}]}
RESULT: {"script":"<script> [8489 bytes]","args":[{"element-6066-11e4-a52e-4f735466cecf":"f.5A792F38359A1C743AD3061B3E5B94B4.d.9B9CBF4CBF9EFEAB8B54F38F07E78849.e.8475","ELEMENT":"f.5A792F38359A1C743AD3061B3E5B94B4.d.9B9CBF4CBF9EFEAB8B54F38F07E78849.e.8475"}]}
COMMAND: GET /session/a230b9fa5e58e47def27534e3d005bf9/screenshot - {}
RESULT: {}
COMMAND: POST /session/a230b9fa5e58e47def27534e3d005bf9/execute/sync - {"script":"<script> [8489 bytes]","args":[{"element-6066-11e4-a52e-4f735466cecf":"f.5A792F38359A1C743AD3061B3E5B94B4.d.9B9CBF4CBF9EFEAB8B54F38F07E78849.e.8475","ELEMENT":"f.5A792F38359A1C743AD3061B3E5B94B4.d.9B9CBF4CBF9EFEAB8B54F38F07E78849.e.8475"}]}
RESULT: {"script":"<script> [8489 bytes]","args":[{"element-6066-11e4-a52e-4f735466cecf":"f.5A792F38359A1C743AD3061B3E5B94B4.d.9B9CBF4CBF9EFEAB8B54F38F07E78849.e.8475","ELEMENT":"f.5A792F38359A1C743AD3061B3E5B94B4.d.9B9CBF4CBF9EFEAB8B54F38F07E78849.e.8475"}]}
COMMAND: GET /session/a230b9fa5e58e47def27534e3d005bf9/screenshot - {}
RESULT: {}
COMMAND: POST /session/a230b9fa5e58e47def27534e3d005bf9/execute/sync - {"script":"<script> [8489 bytes]","args":[{"element-6066-11e4-a52e-4f735466cecf":"f.5A792F38359A1C743AD3061B3E5B94B4.d.9B9CBF4CBF9EFEAB8B54F38F07E78849.e.8475","ELEMENT":"f.5A792F38359A1C743AD3061B3E5B94B4.d.9B9CBF4CBF9EFEAB8B54F38F07E78849.e.8475"}]}
RESULT: {"script":"<script> [8489 bytes]","args":[{"element-6066-11e4-a52e-4f735466cecf":"f.5A792F38359A1C743AD3061B3E5B94B4.d.9B9CBF4CBF9EFEAB8B54F38F07E78849.e.8475","ELEMENT":"f.5A792F38359A1C743AD3061B3E5B94B4.d.9B9CBF4CBF9EFEAB8B54F38F07E78849.e.8475"}]}
COMMAND: GET /session/a230b9fa5e58e47def27534e3d005bf9/screenshot - {}
RESULT: {}
COMMAND: POST /session/a230b9fa5e58e47def27534e3d005bf9/execute/sync - {"script":"<script> [8489 bytes]","args":[{"element-6066-11e4-a52e-4f735466cecf":"f.5A792F38359A1C743AD3061B3E5B94B4.d.9B9CBF4CBF9EFEAB8B54F38F07E78849.e.8475","ELEMENT":"f.5A792F38359A1C743AD3061B3E5B94B4.d.9B9CBF4CBF9EFEAB8B54F38F07E78849.e.8475"}]}
RESULT: {"script":"<script> [8489 bytes]","args":[{"element-6066-11e4-a52e-4f735466cecf":"f.5A792F38359A1C743AD3061B3E5B94B4.d.9B9CBF4CBF9EFEAB8B54F38F07E78849.e.8475","ELEMENT":"f.5A792F38359A1C743AD3061B3E5B94B4.d.9B9CBF4CBF9EFEAB8B54F38F07E78849.e.8475"}]}
COMMAND: GET /session/a230b9fa5e58e47def27534e3d005bf9/screenshot - {}
RESULT: {}
COMMAND: POST /session/a230b9fa5e58e47def27534e3d005bf9/execute/sync - {"script":"<script> [8489 bytes]","args":[{"element-6066-11e4-a52e-4f735466cecf":"f.5A792F38359A1C743AD3061B3E5B94B4.d.9B9CBF4CBF9EFEAB8B54F38F07E78849.e.8475","ELEMENT":"f.5A792F38359A1C743AD3061B3E5B94B4.d.9B9CBF4CBF9EFEAB8B54F38F07E78849.e.8475"}]}
RESULT: {"script":"<script> [8489 bytes]","args":[{"element-6066-11e4-a52e-4f735466cecf":"f.5A792F38359A1C743AD3061B3E5B94B4.d.9B9CBF4CBF9EFEAB8B54F38F07E78849.e.8475","ELEMENT":"f.5A792F38359A1C743AD3061B3E5B94B4.d.9B9CBF4CBF9EFEAB8B54F38F07E78849.e.8475"}]}
COMMAND: GET /session/a230b9fa5e58e47def27534e3d005bf9/screenshot - {}
RESULT: {}
COMMAND: POST /session/a230b9fa5e58e47def27534e3d005bf9/execute/sync - {"script":"<script> [8489 bytes]","args":[{"element-6066-11e4-a52e-4f735466cecf":"f.5A792F38359A1C743AD3061B3E5B94B4.d.9B9CBF4CBF9EFEAB8B54F38F07E78849.e.8475","ELEMENT":"f.5A792F38359A1C743AD3061B3E5B94B4.d.9B9CBF4CBF9EFEAB8B54F38F07E78849.e.8475"}]}
RESULT: {"script":"<script> [8489 bytes]","args":[{"element-6066-11e4-a52e-4f735466cecf":"f.5A792F38359A1C743AD3061B3E5B94B4.d.9B9CBF4CBF9EFEAB8B54F38F07E78849.e.8475","ELEMENT":"f.5A792F38359A1C743AD3061B3E5B94B4.d.9B9CBF4CBF9EFEAB8B54F38F07E78849.e.8475"}]}
COMMAND: GET /session/a230b9fa5e58e47def27534e3d005bf9/screenshot - {}
RESULT: {}
COMMAND: POST /session/a230b9fa5e58e47def27534e3d005bf9/execute/sync - {"script":"<script> [8489 bytes]","args":[{"element-6066-11e4-a52e-4f735466cecf":"f.5A792F38359A1C743AD3061B3E5B94B4.d.9B9CBF4CBF9EFEAB8B54F38F07E78849.e.8475","ELEMENT":"f.5A792F38359A1C743AD3061B3E5B94B4.d.9B9CBF4CBF9EFEAB8B54F38F07E78849.e.8475"}]}
RESULT: {"script":"<script> [8489 bytes]","args":[{"element-6066-11e4-a52e-4f735466cecf":"f.5A792F38359A1C743AD3061B3E5B94B4.d.9B9CBF4CBF9EFEAB8B54F38F07E78849.e.8475","ELEMENT":"f.5A792F38359A1C743AD3061B3E5B94B4.d.9B9CBF4CBF9EFEAB8B54F38F07E78849.e.8475"}]}
COMMAND: GET /session/a230b9fa5e58e47def27534e3d005bf9/screenshot - {}
RESULT: {}
COMMAND: POST /session/a230b9fa5e58e47def27534e3d005bf9/execute/sync - {"script":"<script> [8489 bytes]","args":[{"element-6066-11e4-a52e-4f735466cecf":"f.5A792F38359A1C743AD3061B3E5B94B4.d.9B9CBF4CBF9EFEAB8B54F38F07E78849.e.8475","ELEMENT":"f.5A792F38359A1C743AD3061B3E5B94B4.d.9B9CBF4CBF9EFEAB8B54F38F07E78849.e.8475"}]}
RESULT: {"script":"<script> [8489 bytes]","args":[{"element-6066-11e4-a52e-4f735466cecf":"f.5A792F38359A1C743AD3061B3E5B94B4.d.9B9CBF4CBF9EFEAB8B54F38F07E78849.e.8475","ELEMENT":"f.5A792F38359A1C743AD3061B3E5B94B4.d.9B9CBF4CBF9EFEAB8B54F38F07E78849.e.8475"}]}
COMMAND: GET /session/a230b9fa5e58e47def27534e3d005bf9/screenshot - {}
RESULT: {}
COMMAND: POST /session/a230b9fa5e58e47def27534e3d005bf9/execute/sync - {"script":"<script> [8489 bytes]","args":[{"element-6066-11e4-a52e-4f735466cecf":"f.5A792F38359A1C743AD3061B3E5B94B4.d.9B9CBF4CBF9EFEAB8B54F38F07E78849.e.8475","ELEMENT":"f.5A792F38359A1C743AD3061B3E5B94B4.d.9B9CBF4CBF9EFEAB8B54F38F07E78849.e.8475"}]}
RESULT: {"script":"<script> [8489 bytes]","args":[{"element-6066-11e4-a52e-4f735466cecf":"f.5A792F38359A1C743AD3061B3E5B94B4.d.9B9CBF4CBF9EFEAB8B54F38F07E78849.e.8475","ELEMENT":"f.5A792F38359A1C743AD3061B3E5B94B4.d.9B9CBF4CBF9EFEAB8B54F38F07E78849.e.8475"}]}
COMMAND: GET /session/a230b9fa5e58e47def27534e3d005bf9/screenshot - {}
RESULT: {}
COMMAND: POST /session/a230b9fa5e58e47def27534e3d005bf9/execute/sync - {"script":"<script> [8489 bytes]","args":[{"element-6066-11e4-a52e-4f735466cecf":"f.5A792F38359A1C743AD3061B3E5B94B4.d.9B9CBF4CBF9EFEAB8B54F38F07E78849.e.8475","ELEMENT":"f.5A792F38359A1C743AD3061B3E5B94B4.d.9B9CBF4CBF9EFEAB8B54F38F07E78849.e.8475"}]}
RESULT: {"script":"<script> [8489 bytes]","args":[{"element-6066-11e4-a52e-4f735466cecf":"f.5A792F38359A1C743AD3061B3E5B94B4.d.9B9CBF4CBF9EFEAB8B54F38F07E78849.e.8475","ELEMENT":"f.5A792F38359A1C743AD3061B3E5B94B4.d.9B9CBF4CBF9EFEAB8B54F38F07E78849.e.8475"}]}
COMMAND: GET /session/a230b9fa5e58e47def27534e3d005bf9/screenshot - {}
RESULT: {}
COMMAND: POST /session/a230b9fa5e58e47def27534e3d005bf9/execute/sync - {"script":"<script> [8489 bytes]","args":[{"element-6066-11e4-a52e-4f735466cecf":"f.5A792F38359A1C743AD3061B3E5B94B4.d.9B9CBF4CBF9EFEAB8B54F38F07E78849.e.8475","ELEMENT":"f.5A792F38359A1C743AD3061B3E5B94B4.d.9B9CBF4CBF9EFEAB8B54F38F07E78849.e.8475"}]}
RESULT: {"script":"<script> [8489 bytes]","args":[{"element-6066-11e4-a52e-4f735466cecf":"f.5A792F38359A1C743AD3061B3E5B94B4.d.9B9CBF4CBF9EFEAB8B54F38F07E78849.e.8475","ELEMENT":"f.5A792F38359A1C743AD3061B3E5B94B4.d.9B9CBF4CBF9EFEAB8B54F38F07E78849.e.8475"}]}
COMMAND: GET /session/a230b9fa5e58e47def27534e3d005bf9/screenshot - {}
RESULT: {}
COMMAND: POST /session/a230b9fa5e58e47def27534e3d005bf9/execute/sync - {"script":"<script> [8489 bytes]","args":[{"element-6066-11e4-a52e-4f735466cecf":"f.5A792F38359A1C743AD3061B3E5B94B4.d.9B9CBF4CBF9EFEAB8B54F38F07E78849.e.8475","ELEMENT":"f.5A792F38359A1C743AD3061B3E5B94B4.d.9B9CBF4CBF9EFEAB8B54F38F07E78849.e.8475"}]}
RESULT: {"script":"<script> [8489 bytes]","args":[{"element-6066-11e4-a52e-4f735466cecf":"f.5A792F38359A1C743AD3061B3E5B94B4.d.9B9CBF4CBF9EFEAB8B54F38F07E78849.e.8475","ELEMENT":"f.5A792F38359A1C743AD3061B3E5B94B4.d.9B9CBF4CBF9EFEAB8B54F38F07E78849.e.8475"}]}
COMMAND: GET /session/a230b9fa5e58e47def27534e3d005bf9/screenshot - {}
RESULT: {}
COMMAND: POST /session/a230b9fa5e58e47def27534e3d005bf9/execute/sync - {"script":"<script> [8489 bytes]","args":[{"element-6066-11e4-a52e-4f735466cecf":"f.5A792F38359A1C743AD3061B3E5B94B4.d.9B9CBF4CBF9EFEAB8B54F38F07E78849.e.8475","ELEMENT":"f.5A792F38359A1C743AD3061B3E5B94B4.d.9B9CBF4CBF9EFEAB8B54F38F07E78849.e.8475"}]}
RESULT: {"script":"<script> [8489 bytes]","args":[{"element-6066-11e4-a52e-4f735466cecf":"f.5A792F38359A1C743AD3061B3E5B94B4.d.9B9CBF4CBF9EFEAB8B54F38F07E78849.e.8475","ELEMENT":"f.5A792F38359A1C743AD3061B3E5B94B4.d.9B9CBF4CBF9EFEAB8B54F38F07E78849.e.8475"}]}
COMMAND: GET /session/a230b9fa5e58e47def27534e3d005bf9/screenshot - {}
RESULT: {}
COMMAND: POST /session/a230b9fa5e58e47def27534e3d005bf9/execute/sync - {"script":"<script> [8489 bytes]","args":[{"element-6066-11e4-a52e-4f735466cecf":"f.5A792F38359A1C743AD3061B3E5B94B4.d.9B9CBF4CBF9EFEAB8B54F38F07E78849.e.8475","ELEMENT":"f.5A792F38359A1C743AD3061B3E5B94B4.d.9B9CBF4CBF9EFEAB8B54F38F07E78849.e.8475"}]}
RESULT: {"script":"<script> [8489 bytes]","args":[{"element-6066-11e4-a52e-4f735466cecf":"f.5A792F38359A1C743AD3061B3E5B94B4.d.9B9CBF4CBF9EFEAB8B54F38F07E78849.e.8475","ELEMENT":"f.5A792F38359A1C743AD3061B3E5B94B4.d.9B9CBF4CBF9EFEAB8B54F38F07E78849.e.8475"}]}
COMMAND: GET /session/a230b9fa5e58e47def27534e3d005bf9/screenshot - {}
RESULT: {}
COMMAND: POST /session/a230b9fa5e58e47def27534e3d005bf9/execute/sync - {"script":"<script> [8489 bytes]","args":[{"element-6066-11e4-a52e-4f735466cecf":"f.5A792F38359A1C743AD3061B3E5B94B4.d.9B9CBF4CBF9EFEAB8B54F38F07E78849.e.8475","ELEMENT":"f.5A792F38359A1C743AD3061B3E5B94B4.d.9B9CBF4CBF9EFEAB8B54F38F07E78849.e.8475"}]}
RESULT: {"script":"<script> [8489 bytes]","args":[{"element-6066-11e4-a52e-4f735466cecf":"f.5A792F38359A1C743AD3061B3E5B94B4.d.9B9CBF4CBF9EFEAB8B54F38F07E78849.e.8475","ELEMENT":"f.5A792F38359A1C743AD3061B3E5B94B4.d.9B9CBF4CBF9EFEAB8B54F38F07E78849.e.8475"}]}
COMMAND: GET /session/a230b9fa5e58e47def27534e3d005bf9/screenshot - {}
RESULT: {}
COMMAND: POST /session/a230b9fa5e58e47def27534e3d005bf9/execute/sync - {"script":"<script> [8489 bytes]","args":[{"element-6066-11e4-a52e-4f735466cecf":"f.5A792F38359A1C743AD3061B3E5B94B4.d.9B9CBF4CBF9EFEAB8B54F38F07E78849.e.8475","ELEMENT":"f.5A792F38359A1C743AD3061B3E5B94B4.d.9B9CBF4CBF9EFEAB8B54F38F07E78849.e.8475"}]}
RESULT: {"script":"<script> [8489 bytes]","args":[{"element-6066-11e4-a52e-4f735466cecf":"f.5A792F38359A1C743AD3061B3E5B94B4.d.9B9CBF4CBF9EFEAB8B54F38F07E78849.e.8475","ELEMENT":"f.5A792F38359A1C743AD3061B3E5B94B4.d.9B9CBF4CBF9EFEAB8B54F38F07E78849.e.8475"}]}
COMMAND: GET /session/a230b9fa5e58e47def27534e3d005bf9/screenshot - {}
RESULT: {}
COMMAND: POST /session/a230b9fa5e58e47def27534e3d005bf9/execute/sync - {"script":"<script> [8489 bytes]","args":[{"element-6066-11e4-a52e-4f735466cecf":"f.5A792F38359A1C743AD3061B3E5B94B4.d.9B9CBF4CBF9EFEAB8B54F38F07E78849.e.8475","ELEMENT":"f.5A792F38359A1C743AD3061B3E5B94B4.d.9B9CBF4CBF9EFEAB8B54F38F07E78849.e.8475"}]}
RESULT: {"script":"<script> [8489 bytes]","args":[{"element-6066-11e4-a52e-4f735466cecf":"f.5A792F38359A1C743AD3061B3E5B94B4.d.9B9CBF4CBF9EFEAB8B54F38F07E78849.e.8475","ELEMENT":"f.5A792F38359A1C743AD3061B3E5B94B4.d.9B9CBF4CBF9EFEAB8B54F38F07E78849.e.8475"}]}
COMMAND: GET /session/a230b9fa5e58e47def27534e3d005bf9/screenshot - {}
RESULT: {}
COMMAND: POST /session/a230b9fa5e58e47def27534e3d005bf9/execute/sync - {"script":"<script> [8489 bytes]","args":[{"element-6066-11e4-a52e-4f735466cecf":"f.5A792F38359A1C743AD3061B3E5B94B4.d.9B9CBF4CBF9EFEAB8B54F38F07E78849.e.8475","ELEMENT":"f.5A792F38359A1C743AD3061B3E5B94B4.d.9B9CBF4CBF9EFEAB8B54F38F07E78849.e.8475"}]}
RESULT: {"script":"<script> [8489 bytes]","args":[{"element-6066-11e4-a52e-4f735466cecf":"f.5A792F38359A1C743AD3061B3E5B94B4.d.9B9CBF4CBF9EFEAB8B54F38F07E78849.e.8475","ELEMENT":"f.5A792F38359A1C743AD3061B3E5B94B4.d.9B9CBF4CBF9EFEAB8B54F38F07E78849.e.8475"}]}
COMMAND: GET /session/a230b9fa5e58e47def27534e3d005bf9/screenshot - {}
RESULT: {}
COMMAND: POST /session/a230b9fa5e58e47def27534e3d005bf9/execute/sync - {"script":"<script> [8489 bytes]","args":[{"element-6066-11e4-a52e-4f735466cecf":"f.5A792F38359A1C743AD3061B3E5B94B4.d.9B9CBF4CBF9EFEAB8B54F38F07E78849.e.8475","ELEMENT":"f.5A792F38359A1C743AD3061B3E5B94B4.d.9B9CBF4CBF9EFEAB8B54F38F07E78849.e.8475"}]}
]]></system-out>
    </testcase>
  </testsuite>
  <testsuite timestamp="2025-04-28T16:47:35" time="437.556" tests="6" failures="0" errors="0" skipped="0">
    <properties>
      <property name="specId" value="0" />
      <property name="suiteName" value="Provide to Site w/ warehouse management w/o clarification US113782 " />
      <property name="capabilities" value="chrome.135_0_7049_96.windows" />
      <property name="file" value="file:///D:/a/1/s/test/specs/HTR/provide-to-site-w-warehouse-wo-clarification.spec.js" />
    </properties>
    <testcase classname="chrome.135_0_7049_96.windows.Provide_to_Site_w/_warehouse_management_w/o_clarification_US113782_" name="Should create a WHM yard" time="98.478">
      <system-out><![CDATA[
COMMAND: POST /session/a230b9fa5e58e47def27534e3d005bf9/execute/async - {"script":"<script> [1562 bytes]","args":[{"selector":{"controlType":"sap.m.GenericTile","properties":{"header":"Manage Yards"}},"wdio_ui5_key":"sapm.GenericTile{\"header\":\"Manage Yards\"}"}]}
RESULT: {}
RESULT: {"script":"<script> [1562 bytes]","args":[{"selector":{"controlType":"sap.m.GenericTile","properties":{"header":"Manage Yards"}},"wdio_ui5_key":"sapm.GenericTile{\"header\":\"Manage Yards\"}"}]}
RESULT: undefined
COMMAND: POST /session/a230b9fa5e58e47def27534e3d005bf9/element - {"using":"xpath","value":"//*[@id=\"__tile41\"]"}
RESULT: {"using":"xpath","value":"//*[@id=\"__tile41\"]"}
COMMAND: POST /session/a230b9fa5e58e47def27534e3d005bf9/element/f.5A792F38359A1C743AD3061B3E5B94B4.d.4891C2D9B38BECBA6EDFD36ECC9C029D.e.9245/click - {}
RESULT: {}
COMMAND: POST /session/a230b9fa5e58e47def27534e3d005bf9/execute/async - {"script":"<script> [1562 bytes]","args":[{"selector":{"controlType":"sap.ui.core.Icon","viewName":"etm.portal.ui.manageyards.view.Master","viewId":"application-manageyards-display-component---masterYard","properties":{"src":{"regex":{"source":"add"}}}},"wdio_ui5_key":"etmportal.ui.manageyards.view.Mastersap.ui.core.Icon{\"src\":{\"regex\":{\"source\":\"add\"}}}"}]}
COMMAND: GET /session/a230b9fa5e58e47def27534e3d005bf9/screenshot - {}
RESULT: {"script":"<script> [1562 bytes]","args":[{"selector":{"controlType":"sap.ui.core.Icon","viewName":"etm.portal.ui.manageyards.view.Master","viewId":"application-manageyards-display-component---masterYard","properties":{"src":{"regex":{"source":"add"}}}},"wdio_ui5_key":"etmportal.ui.manageyards.view.Mastersap.ui.core.Icon{\"src\":{\"regex\":{\"source\":\"add\"}}}"}]}
RESULT: undefined
COMMAND: POST /session/a230b9fa5e58e47def27534e3d005bf9/element - {"using":"xpath","value":"//*[@id=\"__button4-img\"]"}
RESULT: {}
RESULT: {"using":"xpath","value":"//*[@id=\"__button4-img\"]"}
COMMAND: POST /session/a230b9fa5e58e47def27534e3d005bf9/element/f.5A792F38359A1C743AD3061B3E5B94B4.d.4891C2D9B38BECBA6EDFD36ECC9C029D.e.9292/click - {}
RESULT: {}
COMMAND: POST /session/a230b9fa5e58e47def27534e3d005bf9/execute/async - {"script":"<script> [1562 bytes]","args":[{"selector":{"id":"application-manageyards-display-component---NewYard--addressDetailDetailsName1","interaction":{"idSuffix":"inner"}},"wdio_ui5_key":"applicationmanageyards-display-component---NewYard--addressDetailDetailsName1"}]}
COMMAND: GET /session/a230b9fa5e58e47def27534e3d005bf9/screenshot - {}
RESULT: {"script":"<script> [1562 bytes]","args":[{"selector":{"id":"application-manageyards-display-component---NewYard--addressDetailDetailsName1","interaction":{"idSuffix":"inner"}},"wdio_ui5_key":"applicationmanageyards-display-component---NewYard--addressDetailDetailsName1"}]}
RESULT: undefined
COMMAND: POST /session/a230b9fa5e58e47def27534e3d005bf9/execute/async - {"script":"<script> [776 bytes]","args":[{"enterText":"warehouse managed Yard","selector":{"id":"application-manageyards-display-component---NewYard--addressDetailDetailsName1","interaction":{"idSuffix":"inner"}},"clearTextFirst":true,"interactionType":"ENTER_TEXT"}]}
RESULT: {}
RESULT: {"script":"<script> [776 bytes]","args":[{"enterText":"warehouse managed Yard","selector":{"id":"application-manageyards-display-component---NewYard--addressDetailDetailsName1","interaction":{"idSuffix":"inner"}},"clearTextFirst":true,"interactionType":"ENTER_TEXT"}]}
COMMAND: POST /session/a230b9fa5e58e47def27534e3d005bf9/execute/async - {"script":"<script> [1562 bytes]","args":[{"selector":{"id":"application-manageyards-display-component---NewYard--addressDetailDetailsLanguage-arrow"},"wdio_ui5_key":"applicationmanageyards-display-component---NewYard--addressDetailDetailsLanguage-arrow"}]}
RESULT: {"script":"<script> [1562 bytes]","args":[{"selector":{"id":"application-manageyards-display-component---NewYard--addressDetailDetailsLanguage-arrow"},"wdio_ui5_key":"applicationmanageyards-display-component---NewYard--addressDetailDetailsLanguage-arrow"}]}
RESULT: undefined
COMMAND: POST /session/a230b9fa5e58e47def27534e3d005bf9/element - {"using":"xpath","value":"//*[@id=\"application-manageyards-display-component---NewYard--addressDetailDetailsLanguage-arrow\"]"}
RESULT: {"using":"xpath","value":"//*[@id=\"application-manageyards-display-component---NewYard--addressDetailDetailsLanguage-arrow\"]"}
COMMAND: POST /session/a230b9fa5e58e47def27534e3d005bf9/element/f.5A792F38359A1C743AD3061B3E5B94B4.d.4891C2D9B38BECBA6EDFD36ECC9C029D.e.9701/click - {}
RESULT: {}
COMMAND: POST /session/a230b9fa5e58e47def27534e3d005bf9/execute/async - {"script":"<script> [1562 bytes]","args":[{"selector":{"controlType":"sap.m.StandardListItem","viewName":"etm.portal.ui.manageyards.view.New","viewId":"application-manageyards-display-component---NewYard","properties":{"title":"English"},"searchOpenDialogs":true,"interaction":{"idSuffix":"content"}},"wdio_ui5_key":"etmportal.ui.manageyards.view.Newsap.m.StandardListItem{\"title\":\"English\"}"}]}
COMMAND: GET /session/a230b9fa5e58e47def27534e3d005bf9/screenshot - {}
RESULT: {"script":"<script> [1562 bytes]","args":[{"selector":{"controlType":"sap.m.StandardListItem","viewName":"etm.portal.ui.manageyards.view.New","viewId":"application-manageyards-display-component---NewYard","properties":{"title":"English"},"searchOpenDialogs":true,"interaction":{"idSuffix":"content"}},"wdio_ui5_key":"etmportal.ui.manageyards.view.Newsap.m.StandardListItem{\"title\":\"English\"}"}]}
RESULT: undefined
COMMAND: POST /session/a230b9fa5e58e47def27534e3d005bf9/element - {"using":"xpath","value":"//*[@id=\"__item101\"]"}
RESULT: {}
RESULT: {"using":"xpath","value":"//*[@id=\"__item101\"]"}
COMMAND: POST /session/a230b9fa5e58e47def27534e3d005bf9/element/f.5A792F38359A1C743AD3061B3E5B94B4.d.4891C2D9B38BECBA6EDFD36ECC9C029D.e.9703/click - {}
RESULT: {}
COMMAND: POST /session/a230b9fa5e58e47def27534e3d005bf9/execute/async - {"script":"<script> [1562 bytes]","args":[{"selector":{"id":"application-manageyards-display-component---NewYard--addressDetailDetailsCity1","interaction":{"idSuffix":"inner"}},"wdio_ui5_key":"applicationmanageyards-display-component---NewYard--addressDetailDetailsCity1"}]}
COMMAND: GET /session/a230b9fa5e58e47def27534e3d005bf9/screenshot - {}
RESULT: {"script":"<script> [1562 bytes]","args":[{"selector":{"id":"application-manageyards-display-component---NewYard--addressDetailDetailsCity1","interaction":{"idSuffix":"inner"}},"wdio_ui5_key":"applicationmanageyards-display-component---NewYard--addressDetailDetailsCity1"}]}
RESULT: undefined
COMMAND: POST /session/a230b9fa5e58e47def27534e3d005bf9/execute/async - {"script":"<script> [776 bytes]","args":[{"enterText":"Rosario","selector":{"id":"application-manageyards-display-component---NewYard--addressDetailDetailsCity1","interaction":{"idSuffix":"inner"}},"clearTextFirst":true,"interactionType":"ENTER_TEXT"}]}
RESULT: {}
RESULT: {"script":"<script> [776 bytes]","args":[{"enterText":"Rosario","selector":{"id":"application-manageyards-display-component---NewYard--addressDetailDetailsCity1","interaction":{"idSuffix":"inner"}},"clearTextFirst":true,"interactionType":"ENTER_TEXT"}]}
COMMAND: POST /session/a230b9fa5e58e47def27534e3d005bf9/execute/async - {"script":"<script> [1562 bytes]","args":[{"selector":{"id":"application-manageyards-display-component---NewYard--addressDetailDetailsCountry-arrow"},"wdio_ui5_key":"applicationmanageyards-display-component---NewYard--addressDetailDetailsCountry-arrow"}]}
RESULT: {"script":"<script> [1562 bytes]","args":[{"selector":{"id":"application-manageyards-display-component---NewYard--addressDetailDetailsCountry-arrow"},"wdio_ui5_key":"applicationmanageyards-display-component---NewYard--addressDetailDetailsCountry-arrow"}]}
RESULT: undefined
COMMAND: POST /session/a230b9fa5e58e47def27534e3d005bf9/element - {"using":"xpath","value":"//*[@id=\"application-manageyards-display-component---NewYard--addressDetailDetailsCountry-arrow\"]"}
RESULT: {"using":"xpath","value":"//*[@id=\"application-manageyards-display-component---NewYard--addressDetailDetailsCountry-arrow\"]"}
COMMAND: POST /session/a230b9fa5e58e47def27534e3d005bf9/element/f.5A792F38359A1C743AD3061B3E5B94B4.d.4891C2D9B38BECBA6EDFD36ECC9C029D.e.9684/click - {}
RESULT: {}
COMMAND: POST /session/a230b9fa5e58e47def27534e3d005bf9/execute/async - {"script":"<script> [1562 bytes]","args":[{"selector":{"controlType":"sap.m.StandardListItem","viewName":"etm.portal.ui.manageyards.view.New","viewId":"application-manageyards-display-component---NewYard","properties":{"title":"Argentina"},"searchOpenDialogs":true,"interaction":{"idSuffix":"content"}},"wdio_ui5_key":"etmportal.ui.manageyards.view.Newsap.m.StandardListItem{\"title\":\"Argentina\"}"}]}
COMMAND: GET /session/a230b9fa5e58e47def27534e3d005bf9/screenshot - {}
RESULT: {"script":"<script> [1562 bytes]","args":[{"selector":{"controlType":"sap.m.StandardListItem","viewName":"etm.portal.ui.manageyards.view.New","viewId":"application-manageyards-display-component---NewYard","properties":{"title":"Argentina"},"searchOpenDialogs":true,"interaction":{"idSuffix":"content"}},"wdio_ui5_key":"etmportal.ui.manageyards.view.Newsap.m.StandardListItem{\"title\":\"Argentina\"}"}]}
RESULT: undefined
COMMAND: POST /session/a230b9fa5e58e47def27534e3d005bf9/element - {"using":"xpath","value":"//*[@id=\"__item144\"]"}
RESULT: {}
RESULT: {"using":"xpath","value":"//*[@id=\"__item144\"]"}
COMMAND: POST /session/a230b9fa5e58e47def27534e3d005bf9/element/f.5A792F38359A1C743AD3061B3E5B94B4.d.4891C2D9B38BECBA6EDFD36ECC9C029D.e.9707/click - {}
RESULT: {}
COMMAND: POST /session/a230b9fa5e58e47def27534e3d005bf9/execute/async - {"script":"<script> [1562 bytes]","args":[{"selector":{"controlType":"sap.m.Button","viewName":"etm.portal.ui.manageyards.view.New","viewId":"application-manageyards-display-component---NewYard","properties":{"text":"Commercial"},"interaction":{"idSuffix":"BDI-content"}},"wdio_ui5_key":"etmportal.ui.manageyards.view.Newsap.m.Button{\"text\":\"Commercial\"}"}]}
COMMAND: GET /session/a230b9fa5e58e47def27534e3d005bf9/screenshot - {}
RESULT: {"script":"<script> [1562 bytes]","args":[{"selector":{"controlType":"sap.m.Button","viewName":"etm.portal.ui.manageyards.view.New","viewId":"application-manageyards-display-component---NewYard","properties":{"text":"Commercial"},"interaction":{"idSuffix":"BDI-content"}},"wdio_ui5_key":"etmportal.ui.manageyards.view.Newsap.m.Button{\"text\":\"Commercial\"}"}]}
RESULT: undefined
COMMAND: POST /session/a230b9fa5e58e47def27534e3d005bf9/element - {"using":"xpath","value":"//*[@id=\"application-manageyards-display-component---NewYard--ObjectPageLayout-anchBar-__section5-anchor\"]"}
RESULT: {}
RESULT: {"using":"xpath","value":"//*[@id=\"application-manageyards-display-component---NewYard--ObjectPageLayout-anchBar-__section5-anchor\"]"}
COMMAND: POST /session/a230b9fa5e58e47def27534e3d005bf9/element/f.5A792F38359A1C743AD3061B3E5B94B4.d.4891C2D9B38BECBA6EDFD36ECC9C029D.e.9709/click - {}
RESULT: {}
COMMAND: GET /session/a230b9fa5e58e47def27534e3d005bf9/screenshot - {}
RESULT: {}
COMMAND: POST /session/a230b9fa5e58e47def27534e3d005bf9/execute/async - {"script":"<script> [1562 bytes]","args":[{"selector":{"id":"application-manageyards-display-component---NewYard--addressEditDetailsCostObjectCstType-arrow"},"wdio_ui5_key":"applicationmanageyards-display-component---NewYard--addressEditDetailsCostObjectCstType-arrow"}]}
RESULT: {"script":"<script> [1562 bytes]","args":[{"selector":{"id":"application-manageyards-display-component---NewYard--addressEditDetailsCostObjectCstType-arrow"},"wdio_ui5_key":"applicationmanageyards-display-component---NewYard--addressEditDetailsCostObjectCstType-arrow"}]}
RESULT: undefined
COMMAND: POST /session/a230b9fa5e58e47def27534e3d005bf9/element - {"using":"xpath","value":"//*[@id=\"application-manageyards-display-component---NewYard--addressEditDetailsCostObjectCstType-arrow\"]"}
RESULT: {"using":"xpath","value":"//*[@id=\"application-manageyards-display-component---NewYard--addressEditDetailsCostObjectCstType-arrow\"]"}
COMMAND: POST /session/a230b9fa5e58e47def27534e3d005bf9/element/f.5A792F38359A1C743AD3061B3E5B94B4.d.4891C2D9B38BECBA6EDFD36ECC9C029D.e.9718/click - {}
RESULT: {}
COMMAND: GET /session/a230b9fa5e58e47def27534e3d005bf9/screenshot - {}
RESULT: {}
COMMAND: POST /session/a230b9fa5e58e47def27534e3d005bf9/execute/async - {"script":"<script> [1562 bytes]","args":[{"selector":{"controlType":"sap.m.StandardListItem","viewName":"etm.portal.ui.manageyards.view.New","viewId":"application-manageyards-display-component---NewYard","properties":{"title":"Cost Center"},"searchOpenDialogs":true,"interaction":{"idSuffix":"titleText"}},"wdio_ui5_key":"etmportal.ui.manageyards.view.Newsap.m.StandardListItem{\"title\":\"Cost Center\"}"}]}
RESULT: {"script":"<script> [1562 bytes]","args":[{"selector":{"controlType":"sap.m.StandardListItem","viewName":"etm.portal.ui.manageyards.view.New","viewId":"application-manageyards-display-component---NewYard","properties":{"title":"Cost Center"},"searchOpenDialogs":true,"interaction":{"idSuffix":"titleText"}},"wdio_ui5_key":"etmportal.ui.manageyards.view.Newsap.m.StandardListItem{\"title\":\"Cost Center\"}"}]}
RESULT: undefined
COMMAND: POST /session/a230b9fa5e58e47def27534e3d005bf9/element - {"using":"xpath","value":"//*[@id=\"__item234\"]"}
RESULT: {"using":"xpath","value":"//*[@id=\"__item234\"]"}
COMMAND: POST /session/a230b9fa5e58e47def27534e3d005bf9/element/f.5A792F38359A1C743AD3061B3E5B94B4.d.4891C2D9B38BECBA6EDFD36ECC9C029D.e.9720/click - {}
RESULT: {}
COMMAND: POST /session/a230b9fa5e58e47def27534e3d005bf9/element - {"using":"xpath","value":"//input[@id=\"application-manageyards-display-component---NewYard--addressNewCostObjectCstID-inner\"]"}
COMMAND: GET /session/a230b9fa5e58e47def27534e3d005bf9/screenshot - {}
RESULT: {"using":"xpath","value":"//input[@id=\"application-manageyards-display-component---NewYard--addressNewCostObjectCstID-inner\"]"}
COMMAND: POST /session/a230b9fa5e58e47def27534e3d005bf9/element/f.5A792F38359A1C743AD3061B3E5B94B4.d.4891C2D9B38BECBA6EDFD36ECC9C029D.e.9519/clear - {}
RESULT: {}
COMMAND: POST /session/a230b9fa5e58e47def27534e3d005bf9/element - {"using":"xpath","value":"//input[@id=\"application-manageyards-display-component---NewYard--addressNewCostObjectCstID-inner\"]"}
RESULT: {"using":"xpath","value":"//input[@id=\"application-manageyards-display-component---NewYard--addressNewCostObjectCstID-inner\"]"}
COMMAND: POST /session/a230b9fa5e58e47def27534e3d005bf9/element/f.5A792F38359A1C743AD3061B3E5B94B4.d.4891C2D9B38BECBA6EDFD36ECC9C029D.e.9519/clear - {}
COMMAND: POST /session/a230b9fa5e58e47def27534e3d005bf9/element - {"using":"xpath","value":"//input[@id=\"application-manageyards-display-component---NewYard--addressNewCostObjectCstID-inner\"]"}
RESULT: {"using":"xpath","value":"//input[@id=\"application-manageyards-display-component---NewYard--addressNewCostObjectCstID-inner\"]"}
COMMAND: POST /session/a230b9fa5e58e47def27534e3d005bf9/element/f.5A792F38359A1C743AD3061B3E5B94B4.d.4891C2D9B38BECBA6EDFD36ECC9C029D.e.9723/clear - {}
COMMAND: POST /session/a230b9fa5e58e47def27534e3d005bf9/element - {"using":"xpath","value":"//input[@id=\"application-manageyards-display-component---NewYard--addressNewCostObjectCstID-inner\"]"}
RESULT: {"using":"xpath","value":"//input[@id=\"application-manageyards-display-component---NewYard--addressNewCostObjectCstID-inner\"]"}
COMMAND: POST /session/a230b9fa5e58e47def27534e3d005bf9/element/f.5A792F38359A1C743AD3061B3E5B94B4.d.4891C2D9B38BECBA6EDFD36ECC9C029D.e.9723/clear - {}
COMMAND: POST /session/a230b9fa5e58e47def27534e3d005bf9/element - {"using":"xpath","value":"//input[@id=\"application-manageyards-display-component---NewYard--addressNewCostObjectCstID-inner\"]"}
RESULT: {"using":"xpath","value":"//input[@id=\"application-manageyards-display-component---NewYard--addressNewCostObjectCstID-inner\"]"}
COMMAND: POST /session/a230b9fa5e58e47def27534e3d005bf9/element/f.5A792F38359A1C743AD3061B3E5B94B4.d.4891C2D9B38BECBA6EDFD36ECC9C029D.e.9725/clear - {}
RESULT: {}
COMMAND: POST /session/a230b9fa5e58e47def27534e3d005bf9/element/f.5A792F38359A1C743AD3061B3E5B94B4.d.4891C2D9B38BECBA6EDFD36ECC9C029D.e.9725/value - {"text":"10001013"}
COMMAND: GET /session/a230b9fa5e58e47def27534e3d005bf9/screenshot - {}
RESULT: {"text":"10001013"}
COMMAND: GET /session/a230b9fa5e58e47def27534e3d005bf9/screenshot - {}
RESULT: {}
RESULT: {}
COMMAND: POST /session/a230b9fa5e58e47def27534e3d005bf9/execute/async - {"script":"<script> [1562 bytes]","args":[{"selector":{"controlType":"sap.m.StandardListItem","viewName":"etm.portal.ui.manageyards.view.New","viewId":"application-manageyards-display-component---NewYard","properties":{"type":"Active"},"searchOpenDialogs":true,"interaction":{"idSuffix":"titleText"}},"wdio_ui5_key":"etmportal.ui.manageyards.view.Newsap.m.StandardListItem{\"type\":\"Active\"}"}]}
RESULT: {"script":"<script> [1562 bytes]","args":[{"selector":{"controlType":"sap.m.StandardListItem","viewName":"etm.portal.ui.manageyards.view.New","viewId":"application-manageyards-display-component---NewYard","properties":{"type":"Active"},"searchOpenDialogs":true,"interaction":{"idSuffix":"titleText"}},"wdio_ui5_key":"etmportal.ui.manageyards.view.Newsap.m.StandardListItem{\"type\":\"Active\"}"}]}
RESULT: undefined
COMMAND: POST /session/a230b9fa5e58e47def27534e3d005bf9/element - {"using":"xpath","value":"//*[@id=\"__item339\"]"}
RESULT: {"using":"xpath","value":"//*[@id=\"__item339\"]"}
COMMAND: POST /session/a230b9fa5e58e47def27534e3d005bf9/element/f.5A792F38359A1C743AD3061B3E5B94B4.d.4891C2D9B38BECBA6EDFD36ECC9C029D.e.9729/click - {}
RESULT: {}
COMMAND: POST /session/a230b9fa5e58e47def27534e3d005bf9/execute/async - {"script":"<script> [1562 bytes]","args":[{"selector":{"id":"application-manageyards-display-component---NewYard--addressEditDetailsCurrency-arrow"},"wdio_ui5_key":"applicationmanageyards-display-component---NewYard--addressEditDetailsCurrency-arrow"}]}
COMMAND: GET /session/a230b9fa5e58e47def27534e3d005bf9/screenshot - {}
RESULT: {"script":"<script> [1562 bytes]","args":[{"selector":{"id":"application-manageyards-display-component---NewYard--addressEditDetailsCurrency-arrow"},"wdio_ui5_key":"applicationmanageyards-display-component---NewYard--addressEditDetailsCurrency-arrow"}]}
RESULT: undefined
COMMAND: POST /session/a230b9fa5e58e47def27534e3d005bf9/element - {"using":"xpath","value":"//*[@id=\"application-manageyards-display-component---NewYard--addressEditDetailsCurrency-arrow\"]"}
RESULT: {}
RESULT: {"using":"xpath","value":"//*[@id=\"application-manageyards-display-component---NewYard--addressEditDetailsCurrency-arrow\"]"}
COMMAND: POST /session/a230b9fa5e58e47def27534e3d005bf9/element/f.5A792F38359A1C743AD3061B3E5B94B4.d.4891C2D9B38BECBA6EDFD36ECC9C029D.e.9731/click - {}
RESULT: {}
COMMAND: POST /session/a230b9fa5e58e47def27534e3d005bf9/execute/async - {"script":"<script> [1562 bytes]","args":[{"selector":{"controlType":"sap.m.StandardListItem","viewName":"etm.portal.ui.manageyards.view.New","viewId":"application-manageyards-display-component---NewYard","properties":{"title":"Euro"},"searchOpenDialogs":true,"interaction":{"idSuffix":"content"}},"wdio_ui5_key":"etmportal.ui.manageyards.view.Newsap.m.StandardListItem{\"title\":\"Euro\"}"}]}
COMMAND: GET /session/a230b9fa5e58e47def27534e3d005bf9/screenshot - {}
RESULT: {"script":"<script> [1562 bytes]","args":[{"selector":{"controlType":"sap.m.StandardListItem","viewName":"etm.portal.ui.manageyards.view.New","viewId":"application-manageyards-display-component---NewYard","properties":{"title":"Euro"},"searchOpenDialogs":true,"interaction":{"idSuffix":"content"}},"wdio_ui5_key":"etmportal.ui.manageyards.view.Newsap.m.StandardListItem{\"title\":\"Euro\"}"}]}
RESULT: undefined
COMMAND: POST /session/a230b9fa5e58e47def27534e3d005bf9/element - {"using":"xpath","value":"//*[@id=\"__item340\"]"}
RESULT: {}
RESULT: {"using":"xpath","value":"//*[@id=\"__item340\"]"}
COMMAND: POST /session/a230b9fa5e58e47def27534e3d005bf9/element/f.5A792F38359A1C743AD3061B3E5B94B4.d.4891C2D9B38BECBA6EDFD36ECC9C029D.e.9733/click - {}
RESULT: {}
COMMAND: POST /session/a230b9fa5e58e47def27534e3d005bf9/execute/async - {"script":"<script> [1562 bytes]","args":[{"selector":{"controlType":"sap.m.Input","viewName":"etm.portal.ui.manageyards.view.New","viewId":"application-manageyards-display-component---NewYard","bindingPath":{"path":"","propertyPath":"/CONTROLLING_AREA","modelName":"NewYardModel"},"interaction":{"idSuffix":"inner"}},"wdio_ui5_key":"etmportal.ui.manageyards.view.Newsap.m.Input{\"path\":\"\",\"propertyPath\":\"/CONTROLLING_AREA\",\"modelName\":\"NewYardModel\"}"}]}
COMMAND: GET /session/a230b9fa5e58e47def27534e3d005bf9/screenshot - {}
RESULT: {"script":"<script> [1562 bytes]","args":[{"selector":{"controlType":"sap.m.Input","viewName":"etm.portal.ui.manageyards.view.New","viewId":"application-manageyards-display-component---NewYard","bindingPath":{"path":"","propertyPath":"/CONTROLLING_AREA","modelName":"NewYardModel"},"interaction":{"idSuffix":"inner"}},"wdio_ui5_key":"etmportal.ui.manageyards.view.Newsap.m.Input{\"path\":\"\",\"propertyPath\":\"/CONTROLLING_AREA\",\"modelName\":\"NewYardModel\"}"}]}
RESULT: undefined
COMMAND: POST /session/a230b9fa5e58e47def27534e3d005bf9/execute/async - {"script":"<script> [776 bytes]","args":[{"enterText":"Z001","selector":{"controlType":"sap.m.Input","viewName":"etm.portal.ui.manageyards.view.New","viewId":"application-manageyards-display-component---NewYard","bindingPath":{"path":"","propertyPath":"/CONTROLLING_AREA","modelName":"NewYardModel"},"interaction":{"idSuffix":"inner"}},"clearTextFirst":true,"interactionType":"ENTER_TEXT"}]}
RESULT: {}
RESULT: {"script":"<script> [776 bytes]","args":[{"enterText":"Z001","selector":{"controlType":"sap.m.Input","viewName":"etm.portal.ui.manageyards.view.New","viewId":"application-manageyards-display-component---NewYard","bindingPath":{"path":"","propertyPath":"/CONTROLLING_AREA","modelName":"NewYardModel"},"interaction":{"idSuffix":"inner"}},"clearTextFirst":true,"interactionType":"ENTER_TEXT"}]}
COMMAND: POST /session/a230b9fa5e58e47def27534e3d005bf9/execute/async - {"script":"<script> [1562 bytes]","args":[{"selector":{"id":"application-manageyards-display-component---NewYard--companyCodeComboBox","interaction":{"idSuffix":"inner"}},"wdio_ui5_key":"applicationmanageyards-display-component---NewYard--companyCodeComboBox"}]}
RESULT: {"script":"<script> [1562 bytes]","args":[{"selector":{"id":"application-manageyards-display-component---NewYard--companyCodeComboBox","interaction":{"idSuffix":"inner"}},"wdio_ui5_key":"applicationmanageyards-display-component---NewYard--companyCodeComboBox"}]}
RESULT: undefined
COMMAND: POST /session/a230b9fa5e58e47def27534e3d005bf9/execute/async - {"script":"<script> [776 bytes]","args":[{"enterText":"1000","selector":{"id":"application-manageyards-display-component---NewYard--companyCodeComboBox","interaction":{"idSuffix":"inner"}},"clearTextFirst":true,"interactionType":"ENTER_TEXT"}]}
RESULT: {"script":"<script> [776 bytes]","args":[{"enterText":"1000","selector":{"id":"application-manageyards-display-component---NewYard--companyCodeComboBox","interaction":{"idSuffix":"inner"}},"clearTextFirst":true,"interactionType":"ENTER_TEXT"}]}
COMMAND: POST /session/a230b9fa5e58e47def27534e3d005bf9/execute/async - {"script":"<script> [1562 bytes]","args":[{"selector":{"controlType":"sap.m.Input","viewName":"etm.portal.ui.manageyards.view.New","viewId":"application-manageyards-display-component---NewYard","bindingPath":{"path":"","propertyPath":"/PLANT","modelName":"NewYardModel"},"interaction":{"idSuffix":"inner"}},"wdio_ui5_key":"etmportal.ui.manageyards.view.Newsap.m.Input{\"path\":\"\",\"propertyPath\":\"/PLANT\",\"modelName\":\"NewYardModel\"}"}]}
RESULT: {"script":"<script> [1562 bytes]","args":[{"selector":{"controlType":"sap.m.Input","viewName":"etm.portal.ui.manageyards.view.New","viewId":"application-manageyards-display-component---NewYard","bindingPath":{"path":"","propertyPath":"/PLANT","modelName":"NewYardModel"},"interaction":{"idSuffix":"inner"}},"wdio_ui5_key":"etmportal.ui.manageyards.view.Newsap.m.Input{\"path\":\"\",\"propertyPath\":\"/PLANT\",\"modelName\":\"NewYardModel\"}"}]}
RESULT: undefined
COMMAND: POST /session/a230b9fa5e58e47def27534e3d005bf9/execute/async - {"script":"<script> [776 bytes]","args":[{"enterText":"1001","selector":{"controlType":"sap.m.Input","viewName":"etm.portal.ui.manageyards.view.New","viewId":"application-manageyards-display-component---NewYard","bindingPath":{"path":"","propertyPath":"/PLANT","modelName":"NewYardModel"},"interaction":{"idSuffix":"inner"}},"clearTextFirst":true,"interactionType":"ENTER_TEXT"}]}
RESULT: {"script":"<script> [776 bytes]","args":[{"enterText":"1001","selector":{"controlType":"sap.m.Input","viewName":"etm.portal.ui.manageyards.view.New","viewId":"application-manageyards-display-component---NewYard","bindingPath":{"path":"","propertyPath":"/PLANT","modelName":"NewYardModel"},"interaction":{"idSuffix":"inner"}},"clearTextFirst":true,"interactionType":"ENTER_TEXT"}]}
COMMAND: POST /session/a230b9fa5e58e47def27534e3d005bf9/execute/async - {"script":"<script> [1562 bytes]","args":[{"selector":{"controlType":"sap.m.Input","viewName":"etm.portal.ui.manageyards.view.New","viewId":"application-manageyards-display-component---NewYard","bindingPath":{"path":"","propertyPath":"/SALES_AREA_VKORG","modelName":"NewYardModel"},"interaction":{"idSuffix":"inner"}},"wdio_ui5_key":"etmportal.ui.manageyards.view.Newsap.m.Input{\"path\":\"\",\"propertyPath\":\"/SALES_AREA_VKORG\",\"modelName\":\"NewYardModel\"}"}]}
RESULT: {"script":"<script> [1562 bytes]","args":[{"selector":{"controlType":"sap.m.Input","viewName":"etm.portal.ui.manageyards.view.New","viewId":"application-manageyards-display-component---NewYard","bindingPath":{"path":"","propertyPath":"/SALES_AREA_VKORG","modelName":"NewYardModel"},"interaction":{"idSuffix":"inner"}},"wdio_ui5_key":"etmportal.ui.manageyards.view.Newsap.m.Input{\"path\":\"\",\"propertyPath\":\"/SALES_AREA_VKORG\",\"modelName\":\"NewYardModel\"}"}]}
RESULT: undefined
COMMAND: POST /session/a230b9fa5e58e47def27534e3d005bf9/execute/async - {"script":"<script> [776 bytes]","args":[{"enterText":"C002","selector":{"controlType":"sap.m.Input","viewName":"etm.portal.ui.manageyards.view.New","viewId":"application-manageyards-display-component---NewYard","bindingPath":{"path":"","propertyPath":"/SALES_AREA_VKORG","modelName":"NewYardModel"},"interaction":{"idSuffix":"inner"}},"clearTextFirst":true,"interactionType":"ENTER_TEXT"}]}
RESULT: {"script":"<script> [776 bytes]","args":[{"enterText":"C002","selector":{"controlType":"sap.m.Input","viewName":"etm.portal.ui.manageyards.view.New","viewId":"application-manageyards-display-component---NewYard","bindingPath":{"path":"","propertyPath":"/SALES_AREA_VKORG","modelName":"NewYardModel"},"interaction":{"idSuffix":"inner"}},"clearTextFirst":true,"interactionType":"ENTER_TEXT"}]}
COMMAND: POST /session/a230b9fa5e58e47def27534e3d005bf9/execute/async - {"script":"<script> [1562 bytes]","args":[{"selector":{"controlType":"sap.m.Input","viewName":"etm.portal.ui.manageyards.view.New","viewId":"application-manageyards-display-component---NewYard","bindingPath":{"path":"","propertyPath":"/SALES_AREA_VTWEG","modelName":"NewYardModel"},"interaction":{"idSuffix":"inner"}},"wdio_ui5_key":"etmportal.ui.manageyards.view.Newsap.m.Input{\"path\":\"\",\"propertyPath\":\"/SALES_AREA_VTWEG\",\"modelName\":\"NewYardModel\"}"}]}
RESULT: {"script":"<script> [1562 bytes]","args":[{"selector":{"controlType":"sap.m.Input","viewName":"etm.portal.ui.manageyards.view.New","viewId":"application-manageyards-display-component---NewYard","bindingPath":{"path":"","propertyPath":"/SALES_AREA_VTWEG","modelName":"NewYardModel"},"interaction":{"idSuffix":"inner"}},"wdio_ui5_key":"etmportal.ui.manageyards.view.Newsap.m.Input{\"path\":\"\",\"propertyPath\":\"/SALES_AREA_VTWEG\",\"modelName\":\"NewYardModel\"}"}]}
RESULT: undefined
COMMAND: POST /session/a230b9fa5e58e47def27534e3d005bf9/execute/async - {"script":"<script> [776 bytes]","args":[{"enterText":"C2","selector":{"controlType":"sap.m.Input","viewName":"etm.portal.ui.manageyards.view.New","viewId":"application-manageyards-display-component---NewYard","bindingPath":{"path":"","propertyPath":"/SALES_AREA_VTWEG","modelName":"NewYardModel"},"interaction":{"idSuffix":"inner"}},"clearTextFirst":true,"interactionType":"ENTER_TEXT"}]}
RESULT: {"script":"<script> [776 bytes]","args":[{"enterText":"C2","selector":{"controlType":"sap.m.Input","viewName":"etm.portal.ui.manageyards.view.New","viewId":"application-manageyards-display-component---NewYard","bindingPath":{"path":"","propertyPath":"/SALES_AREA_VTWEG","modelName":"NewYardModel"},"interaction":{"idSuffix":"inner"}},"clearTextFirst":true,"interactionType":"ENTER_TEXT"}]}
COMMAND: POST /session/a230b9fa5e58e47def27534e3d005bf9/execute/async - {"script":"<script> [1562 bytes]","args":[{"selector":{"controlType":"sap.m.Input","viewName":"etm.portal.ui.manageyards.view.New","viewId":"application-manageyards-display-component---NewYard","bindingPath":{"path":"","propertyPath":"/SALES_AREA_SPART","modelName":"NewYardModel"},"interaction":{"idSuffix":"inner"}},"wdio_ui5_key":"etmportal.ui.manageyards.view.Newsap.m.Input{\"path\":\"\",\"propertyPath\":\"/SALES_AREA_SPART\",\"modelName\":\"NewYardModel\"}"}]}
RESULT: {"script":"<script> [1562 bytes]","args":[{"selector":{"controlType":"sap.m.Input","viewName":"etm.portal.ui.manageyards.view.New","viewId":"application-manageyards-display-component---NewYard","bindingPath":{"path":"","propertyPath":"/SALES_AREA_SPART","modelName":"NewYardModel"},"interaction":{"idSuffix":"inner"}},"wdio_ui5_key":"etmportal.ui.manageyards.view.Newsap.m.Input{\"path\":\"\",\"propertyPath\":\"/SALES_AREA_SPART\",\"modelName\":\"NewYardModel\"}"}]}
RESULT: undefined
COMMAND: POST /session/a230b9fa5e58e47def27534e3d005bf9/execute/async - {"script":"<script> [776 bytes]","args":[{"enterText":"C2","selector":{"controlType":"sap.m.Input","viewName":"etm.portal.ui.manageyards.view.New","viewId":"application-manageyards-display-component---NewYard","bindingPath":{"path":"","propertyPath":"/SALES_AREA_SPART","modelName":"NewYardModel"},"interaction":{"idSuffix":"inner"}},"clearTextFirst":true,"interactionType":"ENTER_TEXT"}]}
RESULT: {"script":"<script> [776 bytes]","args":[{"enterText":"C2","selector":{"controlType":"sap.m.Input","viewName":"etm.portal.ui.manageyards.view.New","viewId":"application-manageyards-display-component---NewYard","bindingPath":{"path":"","propertyPath":"/SALES_AREA_SPART","modelName":"NewYardModel"},"interaction":{"idSuffix":"inner"}},"clearTextFirst":true,"interactionType":"ENTER_TEXT"}]}
COMMAND: POST /session/a230b9fa5e58e47def27534e3d005bf9/execute/async - {"script":"<script> [1562 bytes]","args":[{"selector":{"controlType":"sap.m.Input","viewName":"etm.portal.ui.manageyards.view.New","viewId":"application-manageyards-display-component---NewYard","bindingPath":{"path":"","propertyPath":"/SHIP_POINT","modelName":"NewYardModel"},"interaction":{"idSuffix":"inner"}},"wdio_ui5_key":"etmportal.ui.manageyards.view.Newsap.m.Input{\"path\":\"\",\"propertyPath\":\"/SHIP_POINT\",\"modelName\":\"NewYardModel\"}"}]}
RESULT: {"script":"<script> [1562 bytes]","args":[{"selector":{"controlType":"sap.m.Input","viewName":"etm.portal.ui.manageyards.view.New","viewId":"application-manageyards-display-component---NewYard","bindingPath":{"path":"","propertyPath":"/SHIP_POINT","modelName":"NewYardModel"},"interaction":{"idSuffix":"inner"}},"wdio_ui5_key":"etmportal.ui.manageyards.view.Newsap.m.Input{\"path\":\"\",\"propertyPath\":\"/SHIP_POINT\",\"modelName\":\"NewYardModel\"}"}]}
RESULT: undefined
COMMAND: POST /session/a230b9fa5e58e47def27534e3d005bf9/execute/async - {"script":"<script> [776 bytes]","args":[{"enterText":"1710","selector":{"controlType":"sap.m.Input","viewName":"etm.portal.ui.manageyards.view.New","viewId":"application-manageyards-display-component---NewYard","bindingPath":{"path":"","propertyPath":"/SHIP_POINT","modelName":"NewYardModel"},"interaction":{"idSuffix":"inner"}},"clearTextFirst":true,"interactionType":"ENTER_TEXT"}]}
RESULT: {"script":"<script> [776 bytes]","args":[{"enterText":"1710","selector":{"controlType":"sap.m.Input","viewName":"etm.portal.ui.manageyards.view.New","viewId":"application-manageyards-display-component---NewYard","bindingPath":{"path":"","propertyPath":"/SHIP_POINT","modelName":"NewYardModel"},"interaction":{"idSuffix":"inner"}},"clearTextFirst":true,"interactionType":"ENTER_TEXT"}]}
COMMAND: POST /session/a230b9fa5e58e47def27534e3d005bf9/execute/async - {"script":"<script> [1562 bytes]","args":[{"selector":{"controlType":"sap.m.Input","viewName":"etm.portal.ui.manageyards.view.New","viewId":"application-manageyards-display-component---NewYard","bindingPath":{"path":"","propertyPath":"/DELIVERY_TYPE","modelName":"NewYardModel"},"interaction":{"idSuffix":"inner"}},"wdio_ui5_key":"etmportal.ui.manageyards.view.Newsap.m.Input{\"path\":\"\",\"propertyPath\":\"/DELIVERY_TYPE\",\"modelName\":\"NewYardModel\"}"}]}
RESULT: {"script":"<script> [1562 bytes]","args":[{"selector":{"controlType":"sap.m.Input","viewName":"etm.portal.ui.manageyards.view.New","viewId":"application-manageyards-display-component---NewYard","bindingPath":{"path":"","propertyPath":"/DELIVERY_TYPE","modelName":"NewYardModel"},"interaction":{"idSuffix":"inner"}},"wdio_ui5_key":"etmportal.ui.manageyards.view.Newsap.m.Input{\"path\":\"\",\"propertyPath\":\"/DELIVERY_TYPE\",\"modelName\":\"NewYardModel\"}"}]}
RESULT: undefined
COMMAND: POST /session/a230b9fa5e58e47def27534e3d005bf9/execute/async - {"script":"<script> [776 bytes]","args":[{"enterText":"ZL01","selector":{"controlType":"sap.m.Input","viewName":"etm.portal.ui.manageyards.view.New","viewId":"application-manageyards-display-component---NewYard","bindingPath":{"path":"","propertyPath":"/DELIVERY_TYPE","modelName":"NewYardModel"},"interaction":{"idSuffix":"inner"}},"clearTextFirst":true,"interactionType":"ENTER_TEXT"}]}
RESULT: {"script":"<script> [776 bytes]","args":[{"enterText":"ZL01","selector":{"controlType":"sap.m.Input","viewName":"etm.portal.ui.manageyards.view.New","viewId":"application-manageyards-display-component---NewYard","bindingPath":{"path":"","propertyPath":"/DELIVERY_TYPE","modelName":"NewYardModel"},"interaction":{"idSuffix":"inner"}},"clearTextFirst":true,"interactionType":"ENTER_TEXT"}]}
COMMAND: POST /session/a230b9fa5e58e47def27534e3d005bf9/execute/async - {"script":"<script> [1562 bytes]","args":[{"selector":{"controlType":"sap.m.Input","viewName":"etm.portal.ui.manageyards.view.New","viewId":"application-manageyards-display-component---NewYard","bindingPath":{"path":"","propertyPath":"/AUART","modelName":"NewYardModel"},"interaction":{"idSuffix":"inner"}},"wdio_ui5_key":"etmportal.ui.manageyards.view.Newsap.m.Input{\"path\":\"\",\"propertyPath\":\"/AUART\",\"modelName\":\"NewYardModel\"}"}]}
RESULT: {"script":"<script> [1562 bytes]","args":[{"selector":{"controlType":"sap.m.Input","viewName":"etm.portal.ui.manageyards.view.New","viewId":"application-manageyards-display-component---NewYard","bindingPath":{"path":"","propertyPath":"/AUART","modelName":"NewYardModel"},"interaction":{"idSuffix":"inner"}},"wdio_ui5_key":"etmportal.ui.manageyards.view.Newsap.m.Input{\"path\":\"\",\"propertyPath\":\"/AUART\",\"modelName\":\"NewYardModel\"}"}]}
RESULT: undefined
COMMAND: POST /session/a230b9fa5e58e47def27534e3d005bf9/execute/async - {"script":"<script> [776 bytes]","args":[{"enterText":"TA","selector":{"controlType":"sap.m.Input","viewName":"etm.portal.ui.manageyards.view.New","viewId":"application-manageyards-display-component---NewYard","bindingPath":{"path":"","propertyPath":"/AUART","modelName":"NewYardModel"},"interaction":{"idSuffix":"inner"}},"clearTextFirst":true,"interactionType":"ENTER_TEXT"}]}
RESULT: {"script":"<script> [776 bytes]","args":[{"enterText":"TA","selector":{"controlType":"sap.m.Input","viewName":"etm.portal.ui.manageyards.view.New","viewId":"application-manageyards-display-component---NewYard","bindingPath":{"path":"","propertyPath":"/AUART","modelName":"NewYardModel"},"interaction":{"idSuffix":"inner"}},"clearTextFirst":true,"interactionType":"ENTER_TEXT"}]}
COMMAND: POST /session/a230b9fa5e58e47def27534e3d005bf9/execute/async - {"script":"<script> [1562 bytes]","args":[{"selector":{"id":"application-manageyards-display-component---NewYard--whmCheckBox","interaction":{"idSuffix":"CbBg"}},"wdio_ui5_key":"applicationmanageyards-display-component---NewYard--whmCheckBox"}]}
RESULT: {"script":"<script> [1562 bytes]","args":[{"selector":{"id":"application-manageyards-display-component---NewYard--whmCheckBox","interaction":{"idSuffix":"CbBg"}},"wdio_ui5_key":"applicationmanageyards-display-component---NewYard--whmCheckBox"}]}
RESULT: undefined
COMMAND: POST /session/a230b9fa5e58e47def27534e3d005bf9/element - {"using":"xpath","value":"//*[@id=\"application-manageyards-display-component---NewYard--whmCheckBox\"]"}
RESULT: {"using":"xpath","value":"//*[@id=\"application-manageyards-display-component---NewYard--whmCheckBox\"]"}
COMMAND: POST /session/a230b9fa5e58e47def27534e3d005bf9/element/f.5A792F38359A1C743AD3061B3E5B94B4.d.4891C2D9B38BECBA6EDFD36ECC9C029D.e.9744/click - {}
RESULT: {}
COMMAND: POST /session/a230b9fa5e58e47def27534e3d005bf9/execute/async - {"script":"<script> [1562 bytes]","args":[{"selector":{"controlType":"sap.m.Button","viewName":"etm.portal.ui.manageyards.view.New","viewId":"application-manageyards-display-component---NewYard","i18NText":{"propertyName":"text","key":"save"},"interaction":{"idSuffix":"BDI-content"}},"wdio_ui5_key":"etmportal.ui.manageyards.view.Newsap.m.Button{\"propertyName\":\"text\",\"key\":\"save\"}"}]}
COMMAND: GET /session/a230b9fa5e58e47def27534e3d005bf9/screenshot - {}
RESULT: {"script":"<script> [1562 bytes]","args":[{"selector":{"controlType":"sap.m.Button","viewName":"etm.portal.ui.manageyards.view.New","viewId":"application-manageyards-display-component---NewYard","i18NText":{"propertyName":"text","key":"save"},"interaction":{"idSuffix":"BDI-content"}},"wdio_ui5_key":"etmportal.ui.manageyards.view.Newsap.m.Button{\"propertyName\":\"text\",\"key\":\"save\"}"}]}
RESULT: undefined
COMMAND: POST /session/a230b9fa5e58e47def27534e3d005bf9/element - {"using":"xpath","value":"//*[@id=\"__button18\"]"}
RESULT: {}
RESULT: {"using":"xpath","value":"//*[@id=\"__button18\"]"}
COMMAND: POST /session/a230b9fa5e58e47def27534e3d005bf9/element/f.5A792F38359A1C743AD3061B3E5B94B4.d.4891C2D9B38BECBA6EDFD36ECC9C029D.e.9680/click - {}
RESULT: {}
COMMAND: GET /session/a230b9fa5e58e47def27534e3d005bf9/screenshot - {}
RESULT: {}
COMMAND: POST /session/a230b9fa5e58e47def27534e3d005bf9/execute/async - {"script":"<script> [1562 bytes]","args":[{"selector":{"controlType":"sap.m.Text","viewName":"etm.portal.ui.manageyards.view.Detail","viewId":"application-manageyards-display-component---detailYard","bindingPath":{"propertyPath":"ID","modelName":"catalogModel"}},"wdio_ui5_key":"etmportal.ui.manageyards.view.Detailsap.m.Text{\"propertyPath\":\"ID\",\"modelName\":\"catalogModel\"}"}]}
RESULT: {"script":"<script> [1562 bytes]","args":[{"selector":{"controlType":"sap.m.Text","viewName":"etm.portal.ui.manageyards.view.Detail","viewId":"application-manageyards-display-component---detailYard","bindingPath":{"propertyPath":"ID","modelName":"catalogModel"}},"wdio_ui5_key":"etmportal.ui.manageyards.view.Detailsap.m.Text{\"propertyPath\":\"ID\",\"modelName\":\"catalogModel\"}"}]}
RESULT: undefined
COMMAND: POST /session/a230b9fa5e58e47def27534e3d005bf9/execute/async - {"script":"<script> [6424 bytes]","args":[{"element-6066-11e4-a52e-4f735466cecf":"f.5A792F38359A1C743AD3061B3E5B94B4.d.4891C2D9B38BECBA6EDFD36ECC9C029D.e.9937"},"getText",[]]}
RESULT: {"script":"<script> [6424 bytes]","args":[{"element-6066-11e4-a52e-4f735466cecf":"f.5A792F38359A1C743AD3061B3E5B94B4.d.4891C2D9B38BECBA6EDFD36ECC9C029D.e.9937"},"getText",[]]}
COMMAND: POST /session/a230b9fa5e58e47def27534e3d005bf9/element - {"using":"css selector","value":"#shell-header-logo"}
RESULT: {"using":"css selector","value":"#shell-header-logo"}
COMMAND: POST /session/a230b9fa5e58e47def27534e3d005bf9/element/f.5A792F38359A1C743AD3061B3E5B94B4.d.4891C2D9B38BECBA6EDFD36ECC9C029D.e.9237/click - {}
RESULT: {}
COMMAND: GET /session/a230b9fa5e58e47def27534e3d005bf9/screenshot - {}
RESULT: {}
]]></system-out>
    </testcase>
    <testcase classname="chrome.135_0_7049_96.windows.Provide_to_Site_w/_warehouse_management_w/o_clarification_US113782_" name="Should create WHM site" time="101.625">
      <system-out><![CDATA[
COMMAND: POST /session/a230b9fa5e58e47def27534e3d005bf9/execute/async - {"script":"<script> [1562 bytes]","args":[{"selector":{"controlType":"sap.m.GenericTile","properties":{"header":"Manage Sites"}},"wdio_ui5_key":"sapm.GenericTile{\"header\":\"Manage Sites\"}"}]}
RESULT: {"script":"<script> [1562 bytes]","args":[{"selector":{"controlType":"sap.m.GenericTile","properties":{"header":"Manage Sites"}},"wdio_ui5_key":"sapm.GenericTile{\"header\":\"Manage Sites\"}"}]}
RESULT: undefined
COMMAND: POST /session/a230b9fa5e58e47def27534e3d005bf9/element - {"using":"xpath","value":"//*[@id=\"__tile40\"]"}
RESULT: {"using":"xpath","value":"//*[@id=\"__tile40\"]"}
COMMAND: POST /session/a230b9fa5e58e47def27534e3d005bf9/element/f.5A792F38359A1C743AD3061B3E5B94B4.d.4891C2D9B38BECBA6EDFD36ECC9C029D.e.9940/click - {}
RESULT: {}
COMMAND: GET /session/a230b9fa5e58e47def27534e3d005bf9/screenshot - {}
RESULT: {}
COMMAND: POST /session/a230b9fa5e58e47def27534e3d005bf9/execute/async - {"script":"<script> [1562 bytes]","args":[{"selector":{"controlType":"sap.ui.core.Icon","viewName":"etm.portal.ui.managesites.view.Master","viewId":"application-managesites-display-component---masterSite","properties":{"src":{"regex":{"source":"add"}}}},"wdio_ui5_key":"etmportal.ui.managesites.view.Mastersap.ui.core.Icon{\"src\":{\"regex\":{\"source\":\"add\"}}}"}]}
RESULT: {"script":"<script> [1562 bytes]","args":[{"selector":{"controlType":"sap.ui.core.Icon","viewName":"etm.portal.ui.managesites.view.Master","viewId":"application-managesites-display-component---masterSite","properties":{"src":{"regex":{"source":"add"}}}},"wdio_ui5_key":"etmportal.ui.managesites.view.Mastersap.ui.core.Icon{\"src\":{\"regex\":{\"source\":\"add\"}}}"}]}
RESULT: undefined
COMMAND: POST /session/a230b9fa5e58e47def27534e3d005bf9/element - {"using":"xpath","value":"//*[@id=\"__button64-img\"]"}
RESULT: {"using":"xpath","value":"//*[@id=\"__button64-img\"]"}
COMMAND: POST /session/a230b9fa5e58e47def27534e3d005bf9/element/f.5A792F38359A1C743AD3061B3E5B94B4.d.4891C2D9B38BECBA6EDFD36ECC9C029D.e.9987/click - {}
RESULT: {}
COMMAND: POST /session/a230b9fa5e58e47def27534e3d005bf9/element - {"using":"xpath","value":"//*[text()='Add New Site']"}
COMMAND: GET /session/a230b9fa5e58e47def27534e3d005bf9/screenshot - {}
RESULT: {"using":"xpath","value":"//*[text()='Add New Site']"}
COMMAND: GET /session/a230b9fa5e58e47def27534e3d005bf9/element/f.5A792F38359A1C743AD3061B3E5B94B4.d.4891C2D9B38BECBA6EDFD36ECC9C029D.e.10301/enabled - {}
RESULT: {}
COMMAND: POST /session/a230b9fa5e58e47def27534e3d005bf9/element - {"using":"xpath","value":"//*[text()='Add New Site']"}
RESULT: {"using":"xpath","value":"//*[text()='Add New Site']"}
COMMAND: GET /session/a230b9fa5e58e47def27534e3d005bf9/element/f.5A792F38359A1C743AD3061B3E5B94B4.d.4891C2D9B38BECBA6EDFD36ECC9C029D.e.10301/enabled - {}
COMMAND: POST /session/a230b9fa5e58e47def27534e3d005bf9/element - {"using":"xpath","value":"//*[text()='Add New Site']"}
RESULT: {"using":"xpath","value":"//*[text()='Add New Site']"}
COMMAND: GET /session/a230b9fa5e58e47def27534e3d005bf9/element/f.5A792F38359A1C743AD3061B3E5B94B4.d.4891C2D9B38BECBA6EDFD36ECC9C029D.e.10547/enabled - {}
RESULT: {}
COMMAND: POST /session/a230b9fa5e58e47def27534e3d005bf9/execute/sync - {"script":"<script> [8489 bytes]","args":[{"element-6066-11e4-a52e-4f735466cecf":"f.5A792F38359A1C743AD3061B3E5B94B4.d.4891C2D9B38BECBA6EDFD36ECC9C029D.e.10547","ELEMENT":"f.5A792F38359A1C743AD3061B3E5B94B4.d.4891C2D9B38BECBA6EDFD36ECC9C029D.e.10547"}]}
COMMAND: GET /session/a230b9fa5e58e47def27534e3d005bf9/screenshot - {}
RESULT: {"script":"<script> [8489 bytes]","args":[{"element-6066-11e4-a52e-4f735466cecf":"f.5A792F38359A1C743AD3061B3E5B94B4.d.4891C2D9B38BECBA6EDFD36ECC9C029D.e.10547","ELEMENT":"f.5A792F38359A1C743AD3061B3E5B94B4.d.4891C2D9B38BECBA6EDFD36ECC9C029D.e.10547"}]}
COMMAND: GET /session/a230b9fa5e58e47def27534e3d005bf9/screenshot - {}
RESULT: {}
COMMAND: POST /session/a230b9fa5e58e47def27534e3d005bf9/execute/sync - {"script":"<script> [8489 bytes]","args":[{"element-6066-11e4-a52e-4f735466cecf":"f.5A792F38359A1C743AD3061B3E5B94B4.d.4891C2D9B38BECBA6EDFD36ECC9C029D.e.10547","ELEMENT":"f.5A792F38359A1C743AD3061B3E5B94B4.d.4891C2D9B38BECBA6EDFD36ECC9C029D.e.10547"}]}
RESULT: {}
RESULT: {"script":"<script> [8489 bytes]","args":[{"element-6066-11e4-a52e-4f735466cecf":"f.5A792F38359A1C743AD3061B3E5B94B4.d.4891C2D9B38BECBA6EDFD36ECC9C029D.e.10547","ELEMENT":"f.5A792F38359A1C743AD3061B3E5B94B4.d.4891C2D9B38BECBA6EDFD36ECC9C029D.e.10547"}]}
COMMAND: GET /session/a230b9fa5e58e47def27534e3d005bf9/screenshot - {}
RESULT: {}
COMMAND: POST /session/a230b9fa5e58e47def27534e3d005bf9/execute/sync - {"script":"<script> [8489 bytes]","args":[{"element-6066-11e4-a52e-4f735466cecf":"f.5A792F38359A1C743AD3061B3E5B94B4.d.4891C2D9B38BECBA6EDFD36ECC9C029D.e.10547","ELEMENT":"f.5A792F38359A1C743AD3061B3E5B94B4.d.4891C2D9B38BECBA6EDFD36ECC9C029D.e.10547"}]}
RESULT: {"script":"<script> [8489 bytes]","args":[{"element-6066-11e4-a52e-4f735466cecf":"f.5A792F38359A1C743AD3061B3E5B94B4.d.4891C2D9B38BECBA6EDFD36ECC9C029D.e.10547","ELEMENT":"f.5A792F38359A1C743AD3061B3E5B94B4.d.4891C2D9B38BECBA6EDFD36ECC9C029D.e.10547"}]}
COMMAND: GET /session/a230b9fa5e58e47def27534e3d005bf9/screenshot - {}
COMMAND: POST /session/a230b9fa5e58e47def27534e3d005bf9/execute/sync - {"script":"<script> [8489 bytes]","args":[{"element-6066-11e4-a52e-4f735466cecf":"f.5A792F38359A1C743AD3061B3E5B94B4.d.4891C2D9B38BECBA6EDFD36ECC9C029D.e.10547","ELEMENT":"f.5A792F38359A1C743AD3061B3E5B94B4.d.4891C2D9B38BECBA6EDFD36ECC9C029D.e.10547"}]}
RESULT: {}
RESULT: {"script":"<script> [8489 bytes]","args":[{"element-6066-11e4-a52e-4f735466cecf":"f.5A792F38359A1C743AD3061B3E5B94B4.d.4891C2D9B38BECBA6EDFD36ECC9C029D.e.10547","ELEMENT":"f.5A792F38359A1C743AD3061B3E5B94B4.d.4891C2D9B38BECBA6EDFD36ECC9C029D.e.10547"}]}
COMMAND: GET /session/a230b9fa5e58e47def27534e3d005bf9/screenshot - {}
COMMAND: POST /session/a230b9fa5e58e47def27534e3d005bf9/execute/sync - {"script":"<script> [8489 bytes]","args":[{"element-6066-11e4-a52e-4f735466cecf":"f.5A792F38359A1C743AD3061B3E5B94B4.d.4891C2D9B38BECBA6EDFD36ECC9C029D.e.10547","ELEMENT":"f.5A792F38359A1C743AD3061B3E5B94B4.d.4891C2D9B38BECBA6EDFD36ECC9C029D.e.10547"}]}
RESULT: {"script":"<script> [8489 bytes]","args":[{"element-6066-11e4-a52e-4f735466cecf":"f.5A792F38359A1C743AD3061B3E5B94B4.d.4891C2D9B38BECBA6EDFD36ECC9C029D.e.10547","ELEMENT":"f.5A792F38359A1C743AD3061B3E5B94B4.d.4891C2D9B38BECBA6EDFD36ECC9C029D.e.10547"}]}
COMMAND: POST /session/a230b9fa5e58e47def27534e3d005bf9/execute/sync - {"script":"<script> [8489 bytes]","args":[{"element-6066-11e4-a52e-4f735466cecf":"f.5A792F38359A1C743AD3061B3E5B94B4.d.4891C2D9B38BECBA6EDFD36ECC9C029D.e.10547","ELEMENT":"f.5A792F38359A1C743AD3061B3E5B94B4.d.4891C2D9B38BECBA6EDFD36ECC9C029D.e.10547"}]}
COMMAND: GET /session/a230b9fa5e58e47def27534e3d005bf9/screenshot - {}
RESULT: {}
RESULT: {"script":"<script> [8489 bytes]","args":[{"element-6066-11e4-a52e-4f735466cecf":"f.5A792F38359A1C743AD3061B3E5B94B4.d.4891C2D9B38BECBA6EDFD36ECC9C029D.e.10547","ELEMENT":"f.5A792F38359A1C743AD3061B3E5B94B4.d.4891C2D9B38BECBA6EDFD36ECC9C029D.e.10547"}]}
COMMAND: GET /session/a230b9fa5e58e47def27534e3d005bf9/screenshot - {}
COMMAND: POST /session/a230b9fa5e58e47def27534e3d005bf9/execute/sync - {"script":"<script> [8489 bytes]","args":[{"element-6066-11e4-a52e-4f735466cecf":"f.5A792F38359A1C743AD3061B3E5B94B4.d.4891C2D9B38BECBA6EDFD36ECC9C029D.e.10547","ELEMENT":"f.5A792F38359A1C743AD3061B3E5B94B4.d.4891C2D9B38BECBA6EDFD36ECC9C029D.e.10547"}]}
RESULT: {}
RESULT: {}
RESULT: {"script":"<script> [8489 bytes]","args":[{"element-6066-11e4-a52e-4f735466cecf":"f.5A792F38359A1C743AD3061B3E5B94B4.d.4891C2D9B38BECBA6EDFD36ECC9C029D.e.10547","ELEMENT":"f.5A792F38359A1C743AD3061B3E5B94B4.d.4891C2D9B38BECBA6EDFD36ECC9C029D.e.10547"}]}
COMMAND: GET /session/a230b9fa5e58e47def27534e3d005bf9/screenshot - {}
COMMAND: POST /session/a230b9fa5e58e47def27534e3d005bf9/execute/sync - {"script":"<script> [8489 bytes]","args":[{"element-6066-11e4-a52e-4f735466cecf":"f.5A792F38359A1C743AD3061B3E5B94B4.d.4891C2D9B38BECBA6EDFD36ECC9C029D.e.10547","ELEMENT":"f.5A792F38359A1C743AD3061B3E5B94B4.d.4891C2D9B38BECBA6EDFD36ECC9C029D.e.10547"}]}
RESULT: {"script":"<script> [8489 bytes]","args":[{"element-6066-11e4-a52e-4f735466cecf":"f.5A792F38359A1C743AD3061B3E5B94B4.d.4891C2D9B38BECBA6EDFD36ECC9C029D.e.10547","ELEMENT":"f.5A792F38359A1C743AD3061B3E5B94B4.d.4891C2D9B38BECBA6EDFD36ECC9C029D.e.10547"}]}
COMMAND: GET /session/a230b9fa5e58e47def27534e3d005bf9/screenshot - {}
RESULT: {}
COMMAND: POST /session/a230b9fa5e58e47def27534e3d005bf9/execute/sync - {"script":"<script> [8489 bytes]","args":[{"element-6066-11e4-a52e-4f735466cecf":"f.5A792F38359A1C743AD3061B3E5B94B4.d.4891C2D9B38BECBA6EDFD36ECC9C029D.e.10547","ELEMENT":"f.5A792F38359A1C743AD3061B3E5B94B4.d.4891C2D9B38BECBA6EDFD36ECC9C029D.e.10547"}]}
RESULT: {}
RESULT: {"script":"<script> [8489 bytes]","args":[{"element-6066-11e4-a52e-4f735466cecf":"f.5A792F38359A1C743AD3061B3E5B94B4.d.4891C2D9B38BECBA6EDFD36ECC9C029D.e.10547","ELEMENT":"f.5A792F38359A1C743AD3061B3E5B94B4.d.4891C2D9B38BECBA6EDFD36ECC9C029D.e.10547"}]}
COMMAND: GET /session/a230b9fa5e58e47def27534e3d005bf9/screenshot - {}
COMMAND: POST /session/a230b9fa5e58e47def27534e3d005bf9/execute/sync - {"script":"<script> [8489 bytes]","args":[{"element-6066-11e4-a52e-4f735466cecf":"f.5A792F38359A1C743AD3061B3E5B94B4.d.4891C2D9B38BECBA6EDFD36ECC9C029D.e.10547","ELEMENT":"f.5A792F38359A1C743AD3061B3E5B94B4.d.4891C2D9B38BECBA6EDFD36ECC9C029D.e.10547"}]}
RESULT: {}
RESULT: {"script":"<script> [8489 bytes]","args":[{"element-6066-11e4-a52e-4f735466cecf":"f.5A792F38359A1C743AD3061B3E5B94B4.d.4891C2D9B38BECBA6EDFD36ECC9C029D.e.10547","ELEMENT":"f.5A792F38359A1C743AD3061B3E5B94B4.d.4891C2D9B38BECBA6EDFD36ECC9C029D.e.10547"}]}
COMMAND: GET /session/a230b9fa5e58e47def27534e3d005bf9/screenshot - {}
RESULT: {}
COMMAND: POST /session/a230b9fa5e58e47def27534e3d005bf9/execute/sync - {"script":"<script> [8489 bytes]","args":[{"element-6066-11e4-a52e-4f735466cecf":"f.5A792F38359A1C743AD3061B3E5B94B4.d.4891C2D9B38BECBA6EDFD36ECC9C029D.e.10547","ELEMENT":"f.5A792F38359A1C743AD3061B3E5B94B4.d.4891C2D9B38BECBA6EDFD36ECC9C029D.e.10547"}]}
RESULT: {"script":"<script> [8489 bytes]","args":[{"element-6066-11e4-a52e-4f735466cecf":"f.5A792F38359A1C743AD3061B3E5B94B4.d.4891C2D9B38BECBA6EDFD36ECC9C029D.e.10547","ELEMENT":"f.5A792F38359A1C743AD3061B3E5B94B4.d.4891C2D9B38BECBA6EDFD36ECC9C029D.e.10547"}]}
COMMAND: GET /session/a230b9fa5e58e47def27534e3d005bf9/screenshot - {}
RESULT: {}
COMMAND: POST /session/a230b9fa5e58e47def27534e3d005bf9/execute/sync - {"script":"<script> [8489 bytes]","args":[{"element-6066-11e4-a52e-4f735466cecf":"f.5A792F38359A1C743AD3061B3E5B94B4.d.4891C2D9B38BECBA6EDFD36ECC9C029D.e.10547","ELEMENT":"f.5A792F38359A1C743AD3061B3E5B94B4.d.4891C2D9B38BECBA6EDFD36ECC9C029D.e.10547"}]}
RESULT: {"script":"<script> [8489 bytes]","args":[{"element-6066-11e4-a52e-4f735466cecf":"f.5A792F38359A1C743AD3061B3E5B94B4.d.4891C2D9B38BECBA6EDFD36ECC9C029D.e.10547","ELEMENT":"f.5A792F38359A1C743AD3061B3E5B94B4.d.4891C2D9B38BECBA6EDFD36ECC9C029D.e.10547"}]}
COMMAND: GET /session/a230b9fa5e58e47def27534e3d005bf9/screenshot - {}
RESULT: {}
COMMAND: POST /session/a230b9fa5e58e47def27534e3d005bf9/execute/sync - {"script":"<script> [8489 bytes]","args":[{"element-6066-11e4-a52e-4f735466cecf":"f.5A792F38359A1C743AD3061B3E5B94B4.d.4891C2D9B38BECBA6EDFD36ECC9C029D.e.10547","ELEMENT":"f.5A792F38359A1C743AD3061B3E5B94B4.d.4891C2D9B38BECBA6EDFD36ECC9C029D.e.10547"}]}
RESULT: {"script":"<script> [8489 bytes]","args":[{"element-6066-11e4-a52e-4f735466cecf":"f.5A792F38359A1C743AD3061B3E5B94B4.d.4891C2D9B38BECBA6EDFD36ECC9C029D.e.10547","ELEMENT":"f.5A792F38359A1C743AD3061B3E5B94B4.d.4891C2D9B38BECBA6EDFD36ECC9C029D.e.10547"}]}
COMMAND: GET /session/a230b9fa5e58e47def27534e3d005bf9/screenshot - {}
RESULT: {}
COMMAND: POST /session/a230b9fa5e58e47def27534e3d005bf9/execute/sync - {"script":"<script> [8489 bytes]","args":[{"element-6066-11e4-a52e-4f735466cecf":"f.5A792F38359A1C743AD3061B3E5B94B4.d.4891C2D9B38BECBA6EDFD36ECC9C029D.e.10547","ELEMENT":"f.5A792F38359A1C743AD3061B3E5B94B4.d.4891C2D9B38BECBA6EDFD36ECC9C029D.e.10547"}]}
RESULT: {"script":"<script> [8489 bytes]","args":[{"element-6066-11e4-a52e-4f735466cecf":"f.5A792F38359A1C743AD3061B3E5B94B4.d.4891C2D9B38BECBA6EDFD36ECC9C029D.e.10547","ELEMENT":"f.5A792F38359A1C743AD3061B3E5B94B4.d.4891C2D9B38BECBA6EDFD36ECC9C029D.e.10547"}]}
COMMAND: GET /session/a230b9fa5e58e47def27534e3d005bf9/screenshot - {}
RESULT: {}
COMMAND: POST /session/a230b9fa5e58e47def27534e3d005bf9/execute/sync - {"script":"<script> [8489 bytes]","args":[{"element-6066-11e4-a52e-4f735466cecf":"f.5A792F38359A1C743AD3061B3E5B94B4.d.4891C2D9B38BECBA6EDFD36ECC9C029D.e.10547","ELEMENT":"f.5A792F38359A1C743AD3061B3E5B94B4.d.4891C2D9B38BECBA6EDFD36ECC9C029D.e.10547"}]}
RESULT: {"script":"<script> [8489 bytes]","args":[{"element-6066-11e4-a52e-4f735466cecf":"f.5A792F38359A1C743AD3061B3E5B94B4.d.4891C2D9B38BECBA6EDFD36ECC9C029D.e.10547","ELEMENT":"f.5A792F38359A1C743AD3061B3E5B94B4.d.4891C2D9B38BECBA6EDFD36ECC9C029D.e.10547"}]}
COMMAND: GET /session/a230b9fa5e58e47def27534e3d005bf9/screenshot - {}
RESULT: {}
COMMAND: POST /session/a230b9fa5e58e47def27534e3d005bf9/execute/sync - {"script":"<script> [8489 bytes]","args":[{"element-6066-11e4-a52e-4f735466cecf":"f.5A792F38359A1C743AD3061B3E5B94B4.d.4891C2D9B38BECBA6EDFD36ECC9C029D.e.10547","ELEMENT":"f.5A792F38359A1C743AD3061B3E5B94B4.d.4891C2D9B38BECBA6EDFD36ECC9C029D.e.10547"}]}
RESULT: {"script":"<script> [8489 bytes]","args":[{"element-6066-11e4-a52e-4f735466cecf":"f.5A792F38359A1C743AD3061B3E5B94B4.d.4891C2D9B38BECBA6EDFD36ECC9C029D.e.10547","ELEMENT":"f.5A792F38359A1C743AD3061B3E5B94B4.d.4891C2D9B38BECBA6EDFD36ECC9C029D.e.10547"}]}
COMMAND: GET /session/a230b9fa5e58e47def27534e3d005bf9/screenshot - {}
RESULT: {}
COMMAND: POST /session/a230b9fa5e58e47def27534e3d005bf9/execute/sync - {"script":"<script> [8489 bytes]","args":[{"element-6066-11e4-a52e-4f735466cecf":"f.5A792F38359A1C743AD3061B3E5B94B4.d.4891C2D9B38BECBA6EDFD36ECC9C029D.e.10547","ELEMENT":"f.5A792F38359A1C743AD3061B3E5B94B4.d.4891C2D9B38BECBA6EDFD36ECC9C029D.e.10547"}]}
RESULT: {"script":"<script> [8489 bytes]","args":[{"element-6066-11e4-a52e-4f735466cecf":"f.5A792F38359A1C743AD3061B3E5B94B4.d.4891C2D9B38BECBA6EDFD36ECC9C029D.e.10547","ELEMENT":"f.5A792F38359A1C743AD3061B3E5B94B4.d.4891C2D9B38BECBA6EDFD36ECC9C029D.e.10547"}]}
COMMAND: GET /session/a230b9fa5e58e47def27534e3d005bf9/screenshot - {}
RESULT: {}
COMMAND: POST /session/a230b9fa5e58e47def27534e3d005bf9/execute/sync - {"script":"<script> [8489 bytes]","args":[{"element-6066-11e4-a52e-4f735466cecf":"f.5A792F38359A1C743AD3061B3E5B94B4.d.4891C2D9B38BECBA6EDFD36ECC9C029D.e.10547","ELEMENT":"f.5A792F38359A1C743AD3061B3E5B94B4.d.4891C2D9B38BECBA6EDFD36ECC9C029D.e.10547"}]}
RESULT: {"script":"<script> [8489 bytes]","args":[{"element-6066-11e4-a52e-4f735466cecf":"f.5A792F38359A1C743AD3061B3E5B94B4.d.4891C2D9B38BECBA6EDFD36ECC9C029D.e.10547","ELEMENT":"f.5A792F38359A1C743AD3061B3E5B94B4.d.4891C2D9B38BECBA6EDFD36ECC9C029D.e.10547"}]}
COMMAND: GET /session/a230b9fa5e58e47def27534e3d005bf9/screenshot - {}
RESULT: {}
COMMAND: POST /session/a230b9fa5e58e47def27534e3d005bf9/execute/sync - {"script":"<script> [8489 bytes]","args":[{"element-6066-11e4-a52e-4f735466cecf":"f.5A792F38359A1C743AD3061B3E5B94B4.d.4891C2D9B38BECBA6EDFD36ECC9C029D.e.10547","ELEMENT":"f.5A792F38359A1C743AD3061B3E5B94B4.d.4891C2D9B38BECBA6EDFD36ECC9C029D.e.10547"}]}
RESULT: {"script":"<script> [8489 bytes]","args":[{"element-6066-11e4-a52e-4f735466cecf":"f.5A792F38359A1C743AD3061B3E5B94B4.d.4891C2D9B38BECBA6EDFD36ECC9C029D.e.10547","ELEMENT":"f.5A792F38359A1C743AD3061B3E5B94B4.d.4891C2D9B38BECBA6EDFD36ECC9C029D.e.10547"}]}
COMMAND: GET /session/a230b9fa5e58e47def27534e3d005bf9/screenshot - {}
RESULT: {}
COMMAND: POST /session/a230b9fa5e58e47def27534e3d005bf9/execute/sync - {"script":"<script> [8489 bytes]","args":[{"element-6066-11e4-a52e-4f735466cecf":"f.5A792F38359A1C743AD3061B3E5B94B4.d.4891C2D9B38BECBA6EDFD36ECC9C029D.e.10547","ELEMENT":"f.5A792F38359A1C743AD3061B3E5B94B4.d.4891C2D9B38BECBA6EDFD36ECC9C029D.e.10547"}]}
RESULT: {"script":"<script> [8489 bytes]","args":[{"element-6066-11e4-a52e-4f735466cecf":"f.5A792F38359A1C743AD3061B3E5B94B4.d.4891C2D9B38BECBA6EDFD36ECC9C029D.e.10547","ELEMENT":"f.5A792F38359A1C743AD3061B3E5B94B4.d.4891C2D9B38BECBA6EDFD36ECC9C029D.e.10547"}]}
COMMAND: GET /session/a230b9fa5e58e47def27534e3d005bf9/screenshot - {}
RESULT: {}
COMMAND: POST /session/a230b9fa5e58e47def27534e3d005bf9/execute/sync - {"script":"<script> [8489 bytes]","args":[{"element-6066-11e4-a52e-4f735466cecf":"f.5A792F38359A1C743AD3061B3E5B94B4.d.4891C2D9B38BECBA6EDFD36ECC9C029D.e.10547","ELEMENT":"f.5A792F38359A1C743AD3061B3E5B94B4.d.4891C2D9B38BECBA6EDFD36ECC9C029D.e.10547"}]}
RESULT: {"script":"<script> [8489 bytes]","args":[{"element-6066-11e4-a52e-4f735466cecf":"f.5A792F38359A1C743AD3061B3E5B94B4.d.4891C2D9B38BECBA6EDFD36ECC9C029D.e.10547","ELEMENT":"f.5A792F38359A1C743AD3061B3E5B94B4.d.4891C2D9B38BECBA6EDFD36ECC9C029D.e.10547"}]}
COMMAND: GET /session/a230b9fa5e58e47def27534e3d005bf9/screenshot - {}
RESULT: {}
COMMAND: POST /session/a230b9fa5e58e47def27534e3d005bf9/execute/sync - {"script":"<script> [8489 bytes]","args":[{"element-6066-11e4-a52e-4f735466cecf":"f.5A792F38359A1C743AD3061B3E5B94B4.d.4891C2D9B38BECBA6EDFD36ECC9C029D.e.10547","ELEMENT":"f.5A792F38359A1C743AD3061B3E5B94B4.d.4891C2D9B38BECBA6EDFD36ECC9C029D.e.10547"}]}
RESULT: {"script":"<script> [8489 bytes]","args":[{"element-6066-11e4-a52e-4f735466cecf":"f.5A792F38359A1C743AD3061B3E5B94B4.d.4891C2D9B38BECBA6EDFD36ECC9C029D.e.10547","ELEMENT":"f.5A792F38359A1C743AD3061B3E5B94B4.d.4891C2D9B38BECBA6EDFD36ECC9C029D.e.10547"}]}
COMMAND: GET /session/a230b9fa5e58e47def27534e3d005bf9/screenshot - {}
RESULT: {}
COMMAND: POST /session/a230b9fa5e58e47def27534e3d005bf9/execute/sync - {"script":"<script> [8489 bytes]","args":[{"element-6066-11e4-a52e-4f735466cecf":"f.5A792F38359A1C743AD3061B3E5B94B4.d.4891C2D9B38BECBA6EDFD36ECC9C029D.e.10547","ELEMENT":"f.5A792F38359A1C743AD3061B3E5B94B4.d.4891C2D9B38BECBA6EDFD36ECC9C029D.e.10547"}]}
RESULT: {"script":"<script> [8489 bytes]","args":[{"element-6066-11e4-a52e-4f735466cecf":"f.5A792F38359A1C743AD3061B3E5B94B4.d.4891C2D9B38BECBA6EDFD36ECC9C029D.e.10547","ELEMENT":"f.5A792F38359A1C743AD3061B3E5B94B4.d.4891C2D9B38BECBA6EDFD36ECC9C029D.e.10547"}]}
COMMAND: GET /session/a230b9fa5e58e47def27534e3d005bf9/screenshot - {}
RESULT: {}
COMMAND: POST /session/a230b9fa5e58e47def27534e3d005bf9/execute/sync - {"script":"<script> [8489 bytes]","args":[{"element-6066-11e4-a52e-4f735466cecf":"f.5A792F38359A1C743AD3061B3E5B94B4.d.4891C2D9B38BECBA6EDFD36ECC9C029D.e.10547","ELEMENT":"f.5A792F38359A1C743AD3061B3E5B94B4.d.4891C2D9B38BECBA6EDFD36ECC9C029D.e.10547"}]}
RESULT: {"script":"<script> [8489 bytes]","args":[{"element-6066-11e4-a52e-4f735466cecf":"f.5A792F38359A1C743AD3061B3E5B94B4.d.4891C2D9B38BECBA6EDFD36ECC9C029D.e.10547","ELEMENT":"f.5A792F38359A1C743AD3061B3E5B94B4.d.4891C2D9B38BECBA6EDFD36ECC9C029D.e.10547"}]}
COMMAND: GET /session/a230b9fa5e58e47def27534e3d005bf9/screenshot - {}
RESULT: {}
COMMAND: POST /session/a230b9fa5e58e47def27534e3d005bf9/execute/sync - {"script":"<script> [8489 bytes]","args":[{"element-6066-11e4-a52e-4f735466cecf":"f.5A792F38359A1C743AD3061B3E5B94B4.d.4891C2D9B38BECBA6EDFD36ECC9C029D.e.10547","ELEMENT":"f.5A792F38359A1C743AD3061B3E5B94B4.d.4891C2D9B38BECBA6EDFD36ECC9C029D.e.10547"}]}
RESULT: {"script":"<script> [8489 bytes]","args":[{"element-6066-11e4-a52e-4f735466cecf":"f.5A792F38359A1C743AD3061B3E5B94B4.d.4891C2D9B38BECBA6EDFD36ECC9C029D.e.10547","ELEMENT":"f.5A792F38359A1C743AD3061B3E5B94B4.d.4891C2D9B38BECBA6EDFD36ECC9C029D.e.10547"}]}
COMMAND: GET /session/a230b9fa5e58e47def27534e3d005bf9/screenshot - {}
RESULT: {}
COMMAND: POST /session/a230b9fa5e58e47def27534e3d005bf9/execute/sync - {"script":"<script> [8489 bytes]","args":[{"element-6066-11e4-a52e-4f735466cecf":"f.5A792F38359A1C743AD3061B3E5B94B4.d.4891C2D9B38BECBA6EDFD36ECC9C029D.e.10547","ELEMENT":"f.5A792F38359A1C743AD3061B3E5B94B4.d.4891C2D9B38BECBA6EDFD36ECC9C029D.e.10547"}]}
RESULT: {"script":"<script> [8489 bytes]","args":[{"element-6066-11e4-a52e-4f735466cecf":"f.5A792F38359A1C743AD3061B3E5B94B4.d.4891C2D9B38BECBA6EDFD36ECC9C029D.e.10547","ELEMENT":"f.5A792F38359A1C743AD3061B3E5B94B4.d.4891C2D9B38BECBA6EDFD36ECC9C029D.e.10547"}]}
COMMAND: GET /session/a230b9fa5e58e47def27534e3d005bf9/screenshot - {}
RESULT: {}
COMMAND: POST /session/a230b9fa5e58e47def27534e3d005bf9/execute/sync - {"script":"<script> [8489 bytes]","args":[{"element-6066-11e4-a52e-4f735466cecf":"f.5A792F38359A1C743AD3061B3E5B94B4.d.4891C2D9B38BECBA6EDFD36ECC9C029D.e.10547","ELEMENT":"f.5A792F38359A1C743AD3061B3E5B94B4.d.4891C2D9B38BECBA6EDFD36ECC9C029D.e.10547"}]}
RESULT: {"script":"<script> [8489 bytes]","args":[{"element-6066-11e4-a52e-4f735466cecf":"f.5A792F38359A1C743AD3061B3E5B94B4.d.4891C2D9B38BECBA6EDFD36ECC9C029D.e.10547","ELEMENT":"f.5A792F38359A1C743AD3061B3E5B94B4.d.4891C2D9B38BECBA6EDFD36ECC9C029D.e.10547"}]}
COMMAND: GET /session/a230b9fa5e58e47def27534e3d005bf9/screenshot - {}
RESULT: {}
COMMAND: POST /session/a230b9fa5e58e47def27534e3d005bf9/execute/sync - {"script":"<script> [8489 bytes]","args":[{"element-6066-11e4-a52e-4f735466cecf":"f.5A792F38359A1C743AD3061B3E5B94B4.d.4891C2D9B38BECBA6EDFD36ECC9C029D.e.10547","ELEMENT":"f.5A792F38359A1C743AD3061B3E5B94B4.d.4891C2D9B38BECBA6EDFD36ECC9C029D.e.10547"}]}
RESULT: {"script":"<script> [8489 bytes]","args":[{"element-6066-11e4-a52e-4f735466cecf":"f.5A792F38359A1C743AD3061B3E5B94B4.d.4891C2D9B38BECBA6EDFD36ECC9C029D.e.10547","ELEMENT":"f.5A792F38359A1C743AD3061B3E5B94B4.d.4891C2D9B38BECBA6EDFD36ECC9C029D.e.10547"}]}
COMMAND: GET /session/a230b9fa5e58e47def27534e3d005bf9/screenshot - {}
RESULT: {}
COMMAND: POST /session/a230b9fa5e58e47def27534e3d005bf9/execute/sync - {"script":"<script> [8489 bytes]","args":[{"element-6066-11e4-a52e-4f735466cecf":"f.5A792F38359A1C743AD3061B3E5B94B4.d.4891C2D9B38BECBA6EDFD36ECC9C029D.e.10547","ELEMENT":"f.5A792F38359A1C743AD3061B3E5B94B4.d.4891C2D9B38BECBA6EDFD36ECC9C029D.e.10547"}]}
RESULT: {"script":"<script> [8489 bytes]","args":[{"element-6066-11e4-a52e-4f735466cecf":"f.5A792F38359A1C743AD3061B3E5B94B4.d.4891C2D9B38BECBA6EDFD36ECC9C029D.e.10547","ELEMENT":"f.5A792F38359A1C743AD3061B3E5B94B4.d.4891C2D9B38BECBA6EDFD36ECC9C029D.e.10547"}]}
COMMAND: GET /session/a230b9fa5e58e47def27534e3d005bf9/screenshot - {}
RESULT: {}
COMMAND: POST /session/a230b9fa5e58e47def27534e3d005bf9/execute/sync - {"script":"<script> [8489 bytes]","args":[{"element-6066-11e4-a52e-4f735466cecf":"f.5A792F38359A1C743AD3061B3E5B94B4.d.4891C2D9B38BECBA6EDFD36ECC9C029D.e.10547","ELEMENT":"f.5A792F38359A1C743AD3061B3E5B94B4.d.4891C2D9B38BECBA6EDFD36ECC9C029D.e.10547"}]}
RESULT: {"script":"<script> [8489 bytes]","args":[{"element-6066-11e4-a52e-4f735466cecf":"f.5A792F38359A1C743AD3061B3E5B94B4.d.4891C2D9B38BECBA6EDFD36ECC9C029D.e.10547","ELEMENT":"f.5A792F38359A1C743AD3061B3E5B94B4.d.4891C2D9B38BECBA6EDFD36ECC9C029D.e.10547"}]}
COMMAND: GET /session/a230b9fa5e58e47def27534e3d005bf9/screenshot - {}
COMMAND: POST /session/a230b9fa5e58e47def27534e3d005bf9/execute/sync - {"script":"<script> [8489 bytes]","args":[{"element-6066-11e4-a52e-4f735466cecf":"f.5A792F38359A1C743AD3061B3E5B94B4.d.4891C2D9B38BECBA6EDFD36ECC9C029D.e.10547","ELEMENT":"f.5A792F38359A1C743AD3061B3E5B94B4.d.4891C2D9B38BECBA6EDFD36ECC9C029D.e.10547"}]}
RESULT: {"script":"<script> [8489 bytes]","args":[{"element-6066-11e4-a52e-4f735466cecf":"f.5A792F38359A1C743AD3061B3E5B94B4.d.4891C2D9B38BECBA6EDFD36ECC9C029D.e.10547","ELEMENT":"f.5A792F38359A1C743AD3061B3E5B94B4.d.4891C2D9B38BECBA6EDFD36ECC9C029D.e.10547"}]}
COMMAND: GET /session/a230b9fa5e58e47def27534e3d005bf9/screenshot - {}
RESULT: {}
COMMAND: POST /session/a230b9fa5e58e47def27534e3d005bf9/execute/sync - {"script":"<script> [8489 bytes]","args":[{"element-6066-11e4-a52e-4f735466cecf":"f.5A792F38359A1C743AD3061B3E5B94B4.d.4891C2D9B38BECBA6EDFD36ECC9C029D.e.10547","ELEMENT":"f.5A792F38359A1C743AD3061B3E5B94B4.d.4891C2D9B38BECBA6EDFD36ECC9C029D.e.10547"}]}
RESULT: {}
RESULT: {"script":"<script> [8489 bytes]","args":[{"element-6066-11e4-a52e-4f735466cecf":"f.5A792F38359A1C743AD3061B3E5B94B4.d.4891C2D9B38BECBA6EDFD36ECC9C029D.e.10547","ELEMENT":"f.5A792F38359A1C743AD3061B3E5B94B4.d.4891C2D9B38BECBA6EDFD36ECC9C029D.e.10547"}]}
COMMAND: GET /session/a230b9fa5e58e47def27534e3d005bf9/screenshot - {}
RESULT: {}
COMMAND: POST /session/a230b9fa5e58e47def27534e3d005bf9/execute/sync - {"script":"<script> [8489 bytes]","args":[{"element-6066-11e4-a52e-4f735466cecf":"f.5A792F38359A1C743AD3061B3E5B94B4.d.4891C2D9B38BECBA6EDFD36ECC9C029D.e.10547","ELEMENT":"f.5A792F38359A1C743AD3061B3E5B94B4.d.4891C2D9B38BECBA6EDFD36ECC9C029D.e.10547"}]}
RESULT: {"script":"<script> [8489 bytes]","args":[{"element-6066-11e4-a52e-4f735466cecf":"f.5A792F38359A1C743AD3061B3E5B94B4.d.4891C2D9B38BECBA6EDFD36ECC9C029D.e.10547","ELEMENT":"f.5A792F38359A1C743AD3061B3E5B94B4.d.4891C2D9B38BECBA6EDFD36ECC9C029D.e.10547"}]}
COMMAND: GET /session/a230b9fa5e58e47def27534e3d005bf9/screenshot - {}
RESULT: {}
COMMAND: POST /session/a230b9fa5e58e47def27534e3d005bf9/execute/sync - {"script":"<script> [8489 bytes]","args":[{"element-6066-11e4-a52e-4f735466cecf":"f.5A792F38359A1C743AD3061B3E5B94B4.d.4891C2D9B38BECBA6EDFD36ECC9C029D.e.10547","ELEMENT":"f.5A792F38359A1C743AD3061B3E5B94B4.d.4891C2D9B38BECBA6EDFD36ECC9C029D.e.10547"}]}
RESULT: {"script":"<script> [8489 bytes]","args":[{"element-6066-11e4-a52e-4f735466cecf":"f.5A792F38359A1C743AD3061B3E5B94B4.d.4891C2D9B38BECBA6EDFD36ECC9C029D.e.10547","ELEMENT":"f.5A792F38359A1C743AD3061B3E5B94B4.d.4891C2D9B38BECBA6EDFD36ECC9C029D.e.10547"}]}
COMMAND: GET /session/a230b9fa5e58e47def27534e3d005bf9/screenshot - {}
RESULT: {}
COMMAND: POST /session/a230b9fa5e58e47def27534e3d005bf9/execute/sync - {"script":"<script> [8489 bytes]","args":[{"element-6066-11e4-a52e-4f735466cecf":"f.5A792F38359A1C743AD3061B3E5B94B4.d.4891C2D9B38BECBA6EDFD36ECC9C029D.e.10547","ELEMENT":"f.5A792F38359A1C743AD3061B3E5B94B4.d.4891C2D9B38BECBA6EDFD36ECC9C029D.e.10547"}]}
RESULT: {"script":"<script> [8489 bytes]","args":[{"element-6066-11e4-a52e-4f735466cecf":"f.5A792F38359A1C743AD3061B3E5B94B4.d.4891C2D9B38BECBA6EDFD36ECC9C029D.e.10547","ELEMENT":"f.5A792F38359A1C743AD3061B3E5B94B4.d.4891C2D9B38BECBA6EDFD36ECC9C029D.e.10547"}]}
COMMAND: GET /session/a230b9fa5e58e47def27534e3d005bf9/screenshot - {}
RESULT: {}
COMMAND: POST /session/a230b9fa5e58e47def27534e3d005bf9/execute/sync - {"script":"<script> [8489 bytes]","args":[{"element-6066-11e4-a52e-4f735466cecf":"f.5A792F38359A1C743AD3061B3E5B94B4.d.4891C2D9B38BECBA6EDFD36ECC9C029D.e.10547","ELEMENT":"f.5A792F38359A1C743AD3061B3E5B94B4.d.4891C2D9B38BECBA6EDFD36ECC9C029D.e.10547"}]}
RESULT: {"script":"<script> [8489 bytes]","args":[{"element-6066-11e4-a52e-4f735466cecf":"f.5A792F38359A1C743AD3061B3E5B94B4.d.4891C2D9B38BECBA6EDFD36ECC9C029D.e.10547","ELEMENT":"f.5A792F38359A1C743AD3061B3E5B94B4.d.4891C2D9B38BECBA6EDFD36ECC9C029D.e.10547"}]}
COMMAND: GET /session/a230b9fa5e58e47def27534e3d005bf9/screenshot - {}
RESULT: {}
COMMAND: POST /session/a230b9fa5e58e47def27534e3d005bf9/execute/sync - {"script":"<script> [8489 bytes]","args":[{"element-6066-11e4-a52e-4f735466cecf":"f.5A792F38359A1C743AD3061B3E5B94B4.d.4891C2D9B38BECBA6EDFD36ECC9C029D.e.10547","ELEMENT":"f.5A792F38359A1C743AD3061B3E5B94B4.d.4891C2D9B38BECBA6EDFD36ECC9C029D.e.10547"}]}
RESULT: {"script":"<script> [8489 bytes]","args":[{"element-6066-11e4-a52e-4f735466cecf":"f.5A792F38359A1C743AD3061B3E5B94B4.d.4891C2D9B38BECBA6EDFD36ECC9C029D.e.10547","ELEMENT":"f.5A792F38359A1C743AD3061B3E5B94B4.d.4891C2D9B38BECBA6EDFD36ECC9C029D.e.10547"}]}
COMMAND: GET /session/a230b9fa5e58e47def27534e3d005bf9/screenshot - {}
RESULT: {}
COMMAND: POST /session/a230b9fa5e58e47def27534e3d005bf9/execute/sync - {"script":"<script> [8489 bytes]","args":[{"element-6066-11e4-a52e-4f735466cecf":"f.5A792F38359A1C743AD3061B3E5B94B4.d.4891C2D9B38BECBA6EDFD36ECC9C029D.e.10547","ELEMENT":"f.5A792F38359A1C743AD3061B3E5B94B4.d.4891C2D9B38BECBA6EDFD36ECC9C029D.e.10547"}]}
RESULT: {"script":"<script> [8489 bytes]","args":[{"element-6066-11e4-a52e-4f735466cecf":"f.5A792F38359A1C743AD3061B3E5B94B4.d.4891C2D9B38BECBA6EDFD36ECC9C029D.e.10547","ELEMENT":"f.5A792F38359A1C743AD3061B3E5B94B4.d.4891C2D9B38BECBA6EDFD36ECC9C029D.e.10547"}]}
COMMAND: GET /session/a230b9fa5e58e47def27534e3d005bf9/screenshot - {}
RESULT: {}
COMMAND: POST /session/a230b9fa5e58e47def27534e3d005bf9/execute/sync - {"script":"<script> [8489 bytes]","args":[{"element-6066-11e4-a52e-4f735466cecf":"f.5A792F38359A1C743AD3061B3E5B94B4.d.4891C2D9B38BECBA6EDFD36ECC9C029D.e.10547","ELEMENT":"f.5A792F38359A1C743AD3061B3E5B94B4.d.4891C2D9B38BECBA6EDFD36ECC9C029D.e.10547"}]}
RESULT: {"script":"<script> [8489 bytes]","args":[{"element-6066-11e4-a52e-4f735466cecf":"f.5A792F38359A1C743AD3061B3E5B94B4.d.4891C2D9B38BECBA6EDFD36ECC9C029D.e.10547","ELEMENT":"f.5A792F38359A1C743AD3061B3E5B94B4.d.4891C2D9B38BECBA6EDFD36ECC9C029D.e.10547"}]}
COMMAND: GET /session/a230b9fa5e58e47def27534e3d005bf9/screenshot - {}
RESULT: {}
COMMAND: POST /session/a230b9fa5e58e47def27534e3d005bf9/execute/sync - {"script":"<script> [8489 bytes]","args":[{"element-6066-11e4-a52e-4f735466cecf":"f.5A792F38359A1C743AD3061B3E5B94B4.d.4891C2D9B38BECBA6EDFD36ECC9C029D.e.10547","ELEMENT":"f.5A792F38359A1C743AD3061B3E5B94B4.d.4891C2D9B38BECBA6EDFD36ECC9C029D.e.10547"}]}
RESULT: {"script":"<script> [8489 bytes]","args":[{"element-6066-11e4-a52e-4f735466cecf":"f.5A792F38359A1C743AD3061B3E5B94B4.d.4891C2D9B38BECBA6EDFD36ECC9C029D.e.10547","ELEMENT":"f.5A792F38359A1C743AD3061B3E5B94B4.d.4891C2D9B38BECBA6EDFD36ECC9C029D.e.10547"}]}
COMMAND: GET /session/a230b9fa5e58e47def27534e3d005bf9/screenshot - {}
COMMAND: POST /session/a230b9fa5e58e47def27534e3d005bf9/execute/sync - {"script":"<script> [8489 bytes]","args":[{"element-6066-11e4-a52e-4f735466cecf":"f.5A792F38359A1C743AD3061B3E5B94B4.d.4891C2D9B38BECBA6EDFD36ECC9C029D.e.10547","ELEMENT":"f.5A792F38359A1C743AD3061B3E5B94B4.d.4891C2D9B38BECBA6EDFD36ECC9C029D.e.10547"}]}
RESULT: {}
RESULT: {"script":"<script> [8489 bytes]","args":[{"element-6066-11e4-a52e-4f735466cecf":"f.5A792F38359A1C743AD3061B3E5B94B4.d.4891C2D9B38BECBA6EDFD36ECC9C029D.e.10547","ELEMENT":"f.5A792F38359A1C743AD3061B3E5B94B4.d.4891C2D9B38BECBA6EDFD36ECC9C029D.e.10547"}]}
COMMAND: GET /session/a230b9fa5e58e47def27534e3d005bf9/screenshot - {}
RESULT: {}
COMMAND: POST /session/a230b9fa5e58e47def27534e3d005bf9/execute/sync - {"script":"<script> [8489 bytes]","args":[{"element-6066-11e4-a52e-4f735466cecf":"f.5A792F38359A1C743AD3061B3E5B94B4.d.4891C2D9B38BECBA6EDFD36ECC9C029D.e.10547","ELEMENT":"f.5A792F38359A1C743AD3061B3E5B94B4.d.4891C2D9B38BECBA6EDFD36ECC9C029D.e.10547"}]}
RESULT: {"script":"<script> [8489 bytes]","args":[{"element-6066-11e4-a52e-4f735466cecf":"f.5A792F38359A1C743AD3061B3E5B94B4.d.4891C2D9B38BECBA6EDFD36ECC9C029D.e.10547","ELEMENT":"f.5A792F38359A1C743AD3061B3E5B94B4.d.4891C2D9B38BECBA6EDFD36ECC9C029D.e.10547"}]}
COMMAND: GET /session/a230b9fa5e58e47def27534e3d005bf9/screenshot - {}
RESULT: {}
COMMAND: POST /session/a230b9fa5e58e47def27534e3d005bf9/execute/sync - {"script":"<script> [8489 bytes]","args":[{"element-6066-11e4-a52e-4f735466cecf":"f.5A792F38359A1C743AD3061B3E5B94B4.d.4891C2D9B38BECBA6EDFD36ECC9C029D.e.10547","ELEMENT":"f.5A792F38359A1C743AD3061B3E5B94B4.d.4891C2D9B38BECBA6EDFD36ECC9C029D.e.10547"}]}
RESULT: {"script":"<script> [8489 bytes]","args":[{"element-6066-11e4-a52e-4f735466cecf":"f.5A792F38359A1C743AD3061B3E5B94B4.d.4891C2D9B38BECBA6EDFD36ECC9C029D.e.10547","ELEMENT":"f.5A792F38359A1C743AD3061B3E5B94B4.d.4891C2D9B38BECBA6EDFD36ECC9C029D.e.10547"}]}
COMMAND: GET /session/a230b9fa5e58e47def27534e3d005bf9/screenshot - {}
RESULT: {}
COMMAND: POST /session/a230b9fa5e58e47def27534e3d005bf9/execute/sync - {"script":"<script> [8489 bytes]","args":[{"element-6066-11e4-a52e-4f735466cecf":"f.5A792F38359A1C743AD3061B3E5B94B4.d.4891C2D9B38BECBA6EDFD36ECC9C029D.e.10547","ELEMENT":"f.5A792F38359A1C743AD3061B3E5B94B4.d.4891C2D9B38BECBA6EDFD36ECC9C029D.e.10547"}]}
RESULT: {"script":"<script> [8489 bytes]","args":[{"element-6066-11e4-a52e-4f735466cecf":"f.5A792F38359A1C743AD3061B3E5B94B4.d.4891C2D9B38BECBA6EDFD36ECC9C029D.e.10547","ELEMENT":"f.5A792F38359A1C743AD3061B3E5B94B4.d.4891C2D9B38BECBA6EDFD36ECC9C029D.e.10547"}]}
COMMAND: GET /session/a230b9fa5e58e47def27534e3d005bf9/screenshot - {}
RESULT: {}
COMMAND: POST /session/a230b9fa5e58e47def27534e3d005bf9/execute/sync - {"script":"<script> [8489 bytes]","args":[{"element-6066-11e4-a52e-4f735466cecf":"f.5A792F38359A1C743AD3061B3E5B94B4.d.4891C2D9B38BECBA6EDFD36ECC9C029D.e.10547","ELEMENT":"f.5A792F38359A1C743AD3061B3E5B94B4.d.4891C2D9B38BECBA6EDFD36ECC9C029D.e.10547"}]}
RESULT: {"script":"<script> [8489 bytes]","args":[{"element-6066-11e4-a52e-4f735466cecf":"f.5A792F38359A1C743AD3061B3E5B94B4.d.4891C2D9B38BECBA6EDFD36ECC9C029D.e.10547","ELEMENT":"f.5A792F38359A1C743AD3061B3E5B94B4.d.4891C2D9B38BECBA6EDFD36ECC9C029D.e.10547"}]}
COMMAND: GET /session/a230b9fa5e58e47def27534e3d005bf9/screenshot - {}
RESULT: {}
COMMAND: POST /session/a230b9fa5e58e47def27534e3d005bf9/execute/sync - {"script":"<script> [8489 bytes]","args":[{"element-6066-11e4-a52e-4f735466cecf":"f.5A792F38359A1C743AD3061B3E5B94B4.d.4891C2D9B38BECBA6EDFD36ECC9C029D.e.10547","ELEMENT":"f.5A792F38359A1C743AD3061B3E5B94B4.d.4891C2D9B38BECBA6EDFD36ECC9C029D.e.10547"}]}
RESULT: {"script":"<script> [8489 bytes]","args":[{"element-6066-11e4-a52e-4f735466cecf":"f.5A792F38359A1C743AD3061B3E5B94B4.d.4891C2D9B38BECBA6EDFD36ECC9C029D.e.10547","ELEMENT":"f.5A792F38359A1C743AD3061B3E5B94B4.d.4891C2D9B38BECBA6EDFD36ECC9C029D.e.10547"}]}
COMMAND: GET /session/a230b9fa5e58e47def27534e3d005bf9/screenshot - {}
RESULT: {}
COMMAND: POST /session/a230b9fa5e58e47def27534e3d005bf9/execute/sync - {"script":"<script> [8489 bytes]","args":[{"element-6066-11e4-a52e-4f735466cecf":"f.5A792F38359A1C743AD3061B3E5B94B4.d.4891C2D9B38BECBA6EDFD36ECC9C029D.e.10547","ELEMENT":"f.5A792F38359A1C743AD3061B3E5B94B4.d.4891C2D9B38BECBA6EDFD36ECC9C029D.e.10547"}]}
RESULT: {"script":"<script> [8489 bytes]","args":[{"element-6066-11e4-a52e-4f735466cecf":"f.5A792F38359A1C743AD3061B3E5B94B4.d.4891C2D9B38BECBA6EDFD36ECC9C029D.e.10547","ELEMENT":"f.5A792F38359A1C743AD3061B3E5B94B4.d.4891C2D9B38BECBA6EDFD36ECC9C029D.e.10547"}]}
COMMAND: GET /session/a230b9fa5e58e47def27534e3d005bf9/screenshot - {}
RESULT: {}
COMMAND: POST /session/a230b9fa5e58e47def27534e3d005bf9/execute/sync - {"script":"<script> [8489 bytes]","args":[{"element-6066-11e4-a52e-4f735466cecf":"f.5A792F38359A1C743AD3061B3E5B94B4.d.4891C2D9B38BECBA6EDFD36ECC9C029D.e.10547","ELEMENT":"f.5A792F38359A1C743AD3061B3E5B94B4.d.4891C2D9B38BECBA6EDFD36ECC9C029D.e.10547"}]}
RESULT: {"script":"<script> [8489 bytes]","args":[{"element-6066-11e4-a52e-4f735466cecf":"f.5A792F38359A1C743AD3061B3E5B94B4.d.4891C2D9B38BECBA6EDFD36ECC9C029D.e.10547","ELEMENT":"f.5A792F38359A1C743AD3061B3E5B94B4.d.4891C2D9B38BECBA6EDFD36ECC9C029D.e.10547"}]}
COMMAND: GET /session/a230b9fa5e58e47def27534e3d005bf9/screenshot - {}
RESULT: {}
COMMAND: POST /session/a230b9fa5e58e47def27534e3d005bf9/execute/sync - {"script":"<script> [8489 bytes]","args":[{"element-6066-11e4-a52e-4f735466cecf":"f.5A792F38359A1C743AD3061B3E5B94B4.d.4891C2D9B38BECBA6EDFD36ECC9C029D.e.10547","ELEMENT":"f.5A792F38359A1C743AD3061B3E5B94B4.d.4891C2D9B38BECBA6EDFD36ECC9C029D.e.10547"}]}
RESULT: {"script":"<script> [8489 bytes]","args":[{"element-6066-11e4-a52e-4f735466cecf":"f.5A792F38359A1C743AD3061B3E5B94B4.d.4891C2D9B38BECBA6EDFD36ECC9C029D.e.10547","ELEMENT":"f.5A792F38359A1C743AD3061B3E5B94B4.d.4891C2D9B38BECBA6EDFD36ECC9C029D.e.10547"}]}
COMMAND: GET /session/a230b9fa5e58e47def27534e3d005bf9/screenshot - {}
RESULT: {}
COMMAND: POST /session/a230b9fa5e58e47def27534e3d005bf9/execute/sync - {"script":"<script> [8489 bytes]","args":[{"element-6066-11e4-a52e-4f735466cecf":"f.5A792F38359A1C743AD3061B3E5B94B4.d.4891C2D9B38BECBA6EDFD36ECC9C029D.e.10547","ELEMENT":"f.5A792F38359A1C743AD3061B3E5B94B4.d.4891C2D9B38BECBA6EDFD36ECC9C029D.e.10547"}]}
RESULT: {"script":"<script> [8489 bytes]","args":[{"element-6066-11e4-a52e-4f735466cecf":"f.5A792F38359A1C743AD3061B3E5B94B4.d.4891C2D9B38BECBA6EDFD36ECC9C029D.e.10547","ELEMENT":"f.5A792F38359A1C743AD3061B3E5B94B4.d.4891C2D9B38BECBA6EDFD36ECC9C029D.e.10547"}]}
COMMAND: GET /session/a230b9fa5e58e47def27534e3d005bf9/screenshot - {}
RESULT: {}
COMMAND: POST /session/a230b9fa5e58e47def27534e3d005bf9/execute/sync - {"script":"<script> [8489 bytes]","args":[{"element-6066-11e4-a52e-4f735466cecf":"f.5A792F38359A1C743AD3061B3E5B94B4.d.4891C2D9B38BECBA6EDFD36ECC9C029D.e.10547","ELEMENT":"f.5A792F38359A1C743AD3061B3E5B94B4.d.4891C2D9B38BECBA6EDFD36ECC9C029D.e.10547"}]}
RESULT: {"script":"<script> [8489 bytes]","args":[{"element-6066-11e4-a52e-4f735466cecf":"f.5A792F38359A1C743AD3061B3E5B94B4.d.4891C2D9B38BECBA6EDFD36ECC9C029D.e.10547","ELEMENT":"f.5A792F38359A1C743AD3061B3E5B94B4.d.4891C2D9B38BECBA6EDFD36ECC9C029D.e.10547"}]}
COMMAND: GET /session/a230b9fa5e58e47def27534e3d005bf9/screenshot - {}
RESULT: {}
COMMAND: POST /session/a230b9fa5e58e47def27534e3d005bf9/execute/sync - {"script":"<script> [8489 bytes]","args":[{"element-6066-11e4-a52e-4f735466cecf":"f.5A792F38359A1C743AD3061B3E5B94B4.d.4891C2D9B38BECBA6EDFD36ECC9C029D.e.10547","ELEMENT":"f.5A792F38359A1C743AD3061B3E5B94B4.d.4891C2D9B38BECBA6EDFD36ECC9C029D.e.10547"}]}
RESULT: {"script":"<script> [8489 bytes]","args":[{"element-6066-11e4-a52e-4f735466cecf":"f.5A792F38359A1C743AD3061B3E5B94B4.d.4891C2D9B38BECBA6EDFD36ECC9C029D.e.10547","ELEMENT":"f.5A792F38359A1C743AD3061B3E5B94B4.d.4891C2D9B38BECBA6EDFD36ECC9C029D.e.10547"}]}
COMMAND: GET /session/a230b9fa5e58e47def27534e3d005bf9/screenshot - {}
RESULT: {}
COMMAND: POST /session/a230b9fa5e58e47def27534e3d005bf9/execute/sync - {"script":"<script> [8489 bytes]","args":[{"element-6066-11e4-a52e-4f735466cecf":"f.5A792F38359A1C743AD3061B3E5B94B4.d.4891C2D9B38BECBA6EDFD36ECC9C029D.e.10547","ELEMENT":"f.5A792F38359A1C743AD3061B3E5B94B4.d.4891C2D9B38BECBA6EDFD36ECC9C029D.e.10547"}]}
RESULT: {"script":"<script> [8489 bytes]","args":[{"element-6066-11e4-a52e-4f735466cecf":"f.5A792F38359A1C743AD3061B3E5B94B4.d.4891C2D9B38BECBA6EDFD36ECC9C029D.e.10547","ELEMENT":"f.5A792F38359A1C743AD3061B3E5B94B4.d.4891C2D9B38BECBA6EDFD36ECC9C029D.e.10547"}]}
COMMAND: GET /session/a230b9fa5e58e47def27534e3d005bf9/screenshot - {}
RESULT: {}
COMMAND: POST /session/a230b9fa5e58e47def27534e3d005bf9/execute/sync - {"script":"<script> [8489 bytes]","args":[{"element-6066-11e4-a52e-4f735466cecf":"f.5A792F38359A1C743AD3061B3E5B94B4.d.4891C2D9B38BECBA6EDFD36ECC9C029D.e.10547","ELEMENT":"f.5A792F38359A1C743AD3061B3E5B94B4.d.4891C2D9B38BECBA6EDFD36ECC9C029D.e.10547"}]}
RESULT: {"script":"<script> [8489 bytes]","args":[{"element-6066-11e4-a52e-4f735466cecf":"f.5A792F38359A1C743AD3061B3E5B94B4.d.4891C2D9B38BECBA6EDFD36ECC9C029D.e.10547","ELEMENT":"f.5A792F38359A1C743AD3061B3E5B94B4.d.4891C2D9B38BECBA6EDFD36ECC9C029D.e.10547"}]}
COMMAND: GET /session/a230b9fa5e58e47def27534e3d005bf9/screenshot - {}
RESULT: {}
COMMAND: POST /session/a230b9fa5e58e47def27534e3d005bf9/execute/sync - {"script":"<script> [8489 bytes]","args":[{"element-6066-11e4-a52e-4f735466cecf":"f.5A792F38359A1C743AD3061B3E5B94B4.d.4891C2D9B38BECBA6EDFD36ECC9C029D.e.10547","ELEMENT":"f.5A792F38359A1C743AD3061B3E5B94B4.d.4891C2D9B38BECBA6EDFD36ECC9C029D.e.10547"}]}
RESULT: {"script":"<script> [8489 bytes]","args":[{"element-6066-11e4-a52e-4f735466cecf":"f.5A792F38359A1C743AD3061B3E5B94B4.d.4891C2D9B38BECBA6EDFD36ECC9C029D.e.10547","ELEMENT":"f.5A792F38359A1C743AD3061B3E5B94B4.d.4891C2D9B38BECBA6EDFD36ECC9C029D.e.10547"}]}
COMMAND: GET /session/a230b9fa5e58e47def27534e3d005bf9/screenshot - {}
RESULT: {}
COMMAND: POST /session/a230b9fa5e58e47def27534e3d005bf9/execute/sync - {"script":"<script> [8489 bytes]","args":[{"element-6066-11e4-a52e-4f735466cecf":"f.5A792F38359A1C743AD3061B3E5B94B4.d.4891C2D9B38BECBA6EDFD36ECC9C029D.e.10547","ELEMENT":"f.5A792F38359A1C743AD3061B3E5B94B4.d.4891C2D9B38BECBA6EDFD36ECC9C029D.e.10547"}]}
RESULT: {"script":"<script> [8489 bytes]","args":[{"element-6066-11e4-a52e-4f735466cecf":"f.5A792F38359A1C743AD3061B3E5B94B4.d.4891C2D9B38BECBA6EDFD36ECC9C029D.e.10547","ELEMENT":"f.5A792F38359A1C743AD3061B3E5B94B4.d.4891C2D9B38BECBA6EDFD36ECC9C029D.e.10547"}]}
COMMAND: GET /session/a230b9fa5e58e47def27534e3d005bf9/screenshot - {}
RESULT: {}
COMMAND: POST /session/a230b9fa5e58e47def27534e3d005bf9/execute/sync - {"script":"<script> [8489 bytes]","args":[{"element-6066-11e4-a52e-4f735466cecf":"f.5A792F38359A1C743AD3061B3E5B94B4.d.4891C2D9B38BECBA6EDFD36ECC9C029D.e.10547","ELEMENT":"f.5A792F38359A1C743AD3061B3E5B94B4.d.4891C2D9B38BECBA6EDFD36ECC9C029D.e.10547"}]}
RESULT: {"script":"<script> [8489 bytes]","args":[{"element-6066-11e4-a52e-4f735466cecf":"f.5A792F38359A1C743AD3061B3E5B94B4.d.4891C2D9B38BECBA6EDFD36ECC9C029D.e.10547","ELEMENT":"f.5A792F38359A1C743AD3061B3E5B94B4.d.4891C2D9B38BECBA6EDFD36ECC9C029D.e.10547"}]}
COMMAND: GET /session/a230b9fa5e58e47def27534e3d005bf9/screenshot - {}
RESULT: {}
COMMAND: POST /session/a230b9fa5e58e47def27534e3d005bf9/execute/sync - {"script":"<script> [8489 bytes]","args":[{"element-6066-11e4-a52e-4f735466cecf":"f.5A792F38359A1C743AD3061B3E5B94B4.d.4891C2D9B38BECBA6EDFD36ECC9C029D.e.10547","ELEMENT":"f.5A792F38359A1C743AD3061B3E5B94B4.d.4891C2D9B38BECBA6EDFD36ECC9C029D.e.10547"}]}
RESULT: {"script":"<script> [8489 bytes]","args":[{"element-6066-11e4-a52e-4f735466cecf":"f.5A792F38359A1C743AD3061B3E5B94B4.d.4891C2D9B38BECBA6EDFD36ECC9C029D.e.10547","ELEMENT":"f.5A792F38359A1C743AD3061B3E5B94B4.d.4891C2D9B38BECBA6EDFD36ECC9C029D.e.10547"}]}
COMMAND: GET /session/a230b9fa5e58e47def27534e3d005bf9/screenshot - {}
RESULT: {}
COMMAND: POST /session/a230b9fa5e58e47def27534e3d005bf9/execute/sync - {"script":"<script> [8489 bytes]","args":[{"element-6066-11e4-a52e-4f735466cecf":"f.5A792F38359A1C743AD3061B3E5B94B4.d.4891C2D9B38BECBA6EDFD36ECC9C029D.e.10547","ELEMENT":"f.5A792F38359A1C743AD3061B3E5B94B4.d.4891C2D9B38BECBA6EDFD36ECC9C029D.e.10547"}]}
RESULT: {"script":"<script> [8489 bytes]","args":[{"element-6066-11e4-a52e-4f735466cecf":"f.5A792F38359A1C743AD3061B3E5B94B4.d.4891C2D9B38BECBA6EDFD36ECC9C029D.e.10547","ELEMENT":"f.5A792F38359A1C743AD3061B3E5B94B4.d.4891C2D9B38BECBA6EDFD36ECC9C029D.e.10547"}]}
COMMAND: GET /session/a230b9fa5e58e47def27534e3d005bf9/screenshot - {}
RESULT: {}
COMMAND: POST /session/a230b9fa5e58e47def27534e3d005bf9/execute/sync - {"script":"<script> [8489 bytes]","args":[{"element-6066-11e4-a52e-4f735466cecf":"f.5A792F38359A1C743AD3061B3E5B94B4.d.4891C2D9B38BECBA6EDFD36ECC9C029D.e.10547","ELEMENT":"f.5A792F38359A1C743AD3061B3E5B94B4.d.4891C2D9B38BECBA6EDFD36ECC9C029D.e.10547"}]}
RESULT: {"script":"<script> [8489 bytes]","args":[{"element-6066-11e4-a52e-4f735466cecf":"f.5A792F38359A1C743AD3061B3E5B94B4.d.4891C2D9B38BECBA6EDFD36ECC9C029D.e.10547","ELEMENT":"f.5A792F38359A1C743AD3061B3E5B94B4.d.4891C2D9B38BECBA6EDFD36ECC9C029D.e.10547"}]}
COMMAND: GET /session/a230b9fa5e58e47def27534e3d005bf9/screenshot - {}
RESULT: {}
COMMAND: POST /session/a230b9fa5e58e47def27534e3d005bf9/execute/sync - {"script":"<script> [8489 bytes]","args":[{"element-6066-11e4-a52e-4f735466cecf":"f.5A792F38359A1C743AD3061B3E5B94B4.d.4891C2D9B38BECBA6EDFD36ECC9C029D.e.10547","ELEMENT":"f.5A792F38359A1C743AD3061B3E5B94B4.d.4891C2D9B38BECBA6EDFD36ECC9C029D.e.10547"}]}
RESULT: {"script":"<script> [8489 bytes]","args":[{"element-6066-11e4-a52e-4f735466cecf":"f.5A792F38359A1C743AD3061B3E5B94B4.d.4891C2D9B38BECBA6EDFD36ECC9C029D.e.10547","ELEMENT":"f.5A792F38359A1C743AD3061B3E5B94B4.d.4891C2D9B38BECBA6EDFD36ECC9C029D.e.10547"}]}
COMMAND: GET /session/a230b9fa5e58e47def27534e3d005bf9/screenshot - {}
RESULT: {}
COMMAND: POST /session/a230b9fa5e58e47def27534e3d005bf9/execute/sync - {"script":"<script> [8489 bytes]","args":[{"element-6066-11e4-a52e-4f735466cecf":"f.5A792F38359A1C743AD3061B3E5B94B4.d.4891C2D9B38BECBA6EDFD36ECC9C029D.e.10547","ELEMENT":"f.5A792F38359A1C743AD3061B3E5B94B4.d.4891C2D9B38BECBA6EDFD36ECC9C029D.e.10547"}]}
RESULT: {"script":"<script> [8489 bytes]","args":[{"element-6066-11e4-a52e-4f735466cecf":"f.5A792F38359A1C743AD3061B3E5B94B4.d.4891C2D9B38BECBA6EDFD36ECC9C029D.e.10547","ELEMENT":"f.5A792F38359A1C743AD3061B3E5B94B4.d.4891C2D9B38BECBA6EDFD36ECC9C029D.e.10547"}]}
COMMAND: GET /session/a230b9fa5e58e47def27534e3d005bf9/screenshot - {}
RESULT: {}
COMMAND: POST /session/a230b9fa5e58e47def27534e3d005bf9/execute/sync - {"script":"<script> [8489 bytes]","args":[{"element-6066-11e4-a52e-4f735466cecf":"f.5A792F38359A1C743AD3061B3E5B94B4.d.4891C2D9B38BECBA6EDFD36ECC9C029D.e.10547","ELEMENT":"f.5A792F38359A1C743AD3061B3E5B94B4.d.4891C2D9B38BECBA6EDFD36ECC9C029D.e.10547"}]}
RESULT: {"script":"<script> [8489 bytes]","args":[{"element-6066-11e4-a52e-4f735466cecf":"f.5A792F38359A1C743AD3061B3E5B94B4.d.4891C2D9B38BECBA6EDFD36ECC9C029D.e.10547","ELEMENT":"f.5A792F38359A1C743AD3061B3E5B94B4.d.4891C2D9B38BECBA6EDFD36ECC9C029D.e.10547"}]}
COMMAND: GET /session/a230b9fa5e58e47def27534e3d005bf9/screenshot - {}
RESULT: {}
COMMAND: POST /session/a230b9fa5e58e47def27534e3d005bf9/execute/sync - {"script":"<script> [8489 bytes]","args":[{"element-6066-11e4-a52e-4f735466cecf":"f.5A792F38359A1C743AD3061B3E5B94B4.d.4891C2D9B38BECBA6EDFD36ECC9C029D.e.10547","ELEMENT":"f.5A792F38359A1C743AD3061B3E5B94B4.d.4891C2D9B38BECBA6EDFD36ECC9C029D.e.10547"}]}
RESULT: {"script":"<script> [8489 bytes]","args":[{"element-6066-11e4-a52e-4f735466cecf":"f.5A792F38359A1C743AD3061B3E5B94B4.d.4891C2D9B38BECBA6EDFD36ECC9C029D.e.10547","ELEMENT":"f.5A792F38359A1C743AD3061B3E5B94B4.d.4891C2D9B38BECBA6EDFD36ECC9C029D.e.10547"}]}
COMMAND: GET /session/a230b9fa5e58e47def27534e3d005bf9/screenshot - {}
RESULT: {}
COMMAND: POST /session/a230b9fa5e58e47def27534e3d005bf9/execute/sync - {"script":"<script> [8489 bytes]","args":[{"element-6066-11e4-a52e-4f735466cecf":"f.5A792F38359A1C743AD3061B3E5B94B4.d.4891C2D9B38BECBA6EDFD36ECC9C029D.e.10547","ELEMENT":"f.5A792F38359A1C743AD3061B3E5B94B4.d.4891C2D9B38BECBA6EDFD36ECC9C029D.e.10547"}]}
RESULT: {"script":"<script> [8489 bytes]","args":[{"element-6066-11e4-a52e-4f735466cecf":"f.5A792F38359A1C743AD3061B3E5B94B4.d.4891C2D9B38BECBA6EDFD36ECC9C029D.e.10547","ELEMENT":"f.5A792F38359A1C743AD3061B3E5B94B4.d.4891C2D9B38BECBA6EDFD36ECC9C029D.e.10547"}]}
COMMAND: GET /session/a230b9fa5e58e47def27534e3d005bf9/screenshot - {}
RESULT: {}
COMMAND: POST /session/a230b9fa5e58e47def27534e3d005bf9/execute/sync - {"script":"<script> [8489 bytes]","args":[{"element-6066-11e4-a52e-4f735466cecf":"f.5A792F38359A1C743AD3061B3E5B94B4.d.4891C2D9B38BECBA6EDFD36ECC9C029D.e.10547","ELEMENT":"f.5A792F38359A1C743AD3061B3E5B94B4.d.4891C2D9B38BECBA6EDFD36ECC9C029D.e.10547"}]}
RESULT: {"script":"<script> [8489 bytes]","args":[{"element-6066-11e4-a52e-4f735466cecf":"f.5A792F38359A1C743AD3061B3E5B94B4.d.4891C2D9B38BECBA6EDFD36ECC9C029D.e.10547","ELEMENT":"f.5A792F38359A1C743AD3061B3E5B94B4.d.4891C2D9B38BECBA6EDFD36ECC9C029D.e.10547"}]}
COMMAND: GET /session/a230b9fa5e58e47def27534e3d005bf9/screenshot - {}
RESULT: {}
COMMAND: POST /session/a230b9fa5e58e47def27534e3d005bf9/execute/sync - {"script":"<script> [8489 bytes]","args":[{"element-6066-11e4-a52e-4f735466cecf":"f.5A792F38359A1C743AD3061B3E5B94B4.d.4891C2D9B38BECBA6EDFD36ECC9C029D.e.10547","ELEMENT":"f.5A792F38359A1C743AD3061B3E5B94B4.d.4891C2D9B38BECBA6EDFD36ECC9C029D.e.10547"}]}
RESULT: {"script":"<script> [8489 bytes]","args":[{"element-6066-11e4-a52e-4f735466cecf":"f.5A792F38359A1C743AD3061B3E5B94B4.d.4891C2D9B38BECBA6EDFD36ECC9C029D.e.10547","ELEMENT":"f.5A792F38359A1C743AD3061B3E5B94B4.d.4891C2D9B38BECBA6EDFD36ECC9C029D.e.10547"}]}
COMMAND: GET /session/a230b9fa5e58e47def27534e3d005bf9/screenshot - {}
RESULT: {}
COMMAND: POST /session/a230b9fa5e58e47def27534e3d005bf9/execute/sync - {"script":"<script> [8489 bytes]","args":[{"element-6066-11e4-a52e-4f735466cecf":"f.5A792F38359A1C743AD3061B3E5B94B4.d.4891C2D9B38BECBA6EDFD36ECC9C029D.e.10547","ELEMENT":"f.5A792F38359A1C743AD3061B3E5B94B4.d.4891C2D9B38BECBA6EDFD36ECC9C029D.e.10547"}]}
RESULT: {"script":"<script> [8489 bytes]","args":[{"element-6066-11e4-a52e-4f735466cecf":"f.5A792F38359A1C743AD3061B3E5B94B4.d.4891C2D9B38BECBA6EDFD36ECC9C029D.e.10547","ELEMENT":"f.5A792F38359A1C743AD3061B3E5B94B4.d.4891C2D9B38BECBA6EDFD36ECC9C029D.e.10547"}]}
COMMAND: GET /session/a230b9fa5e58e47def27534e3d005bf9/screenshot - {}
RESULT: {}
COMMAND: POST /session/a230b9fa5e58e47def27534e3d005bf9/execute/sync - {"script":"<script> [8489 bytes]","args":[{"element-6066-11e4-a52e-4f735466cecf":"f.5A792F38359A1C743AD3061B3E5B94B4.d.4891C2D9B38BECBA6EDFD36ECC9C029D.e.10547","ELEMENT":"f.5A792F38359A1C743AD3061B3E5B94B4.d.4891C2D9B38BECBA6EDFD36ECC9C029D.e.10547"}]}
RESULT: {"script":"<script> [8489 bytes]","args":[{"element-6066-11e4-a52e-4f735466cecf":"f.5A792F38359A1C743AD3061B3E5B94B4.d.4891C2D9B38BECBA6EDFD36ECC9C029D.e.10547","ELEMENT":"f.5A792F38359A1C743AD3061B3E5B94B4.d.4891C2D9B38BECBA6EDFD36ECC9C029D.e.10547"}]}
COMMAND: GET /session/a230b9fa5e58e47def27534e3d005bf9/screenshot - {}
RESULT: {}
COMMAND: POST /session/a230b9fa5e58e47def27534e3d005bf9/execute/sync - {"script":"<script> [8489 bytes]","args":[{"element-6066-11e4-a52e-4f735466cecf":"f.5A792F38359A1C743AD3061B3E5B94B4.d.4891C2D9B38BECBA6EDFD36ECC9C029D.e.10547","ELEMENT":"f.5A792F38359A1C743AD3061B3E5B94B4.d.4891C2D9B38BECBA6EDFD36ECC9C029D.e.10547"}]}
RESULT: {"script":"<script> [8489 bytes]","args":[{"element-6066-11e4-a52e-4f735466cecf":"f.5A792F38359A1C743AD3061B3E5B94B4.d.4891C2D9B38BECBA6EDFD36ECC9C029D.e.10547","ELEMENT":"f.5A792F38359A1C743AD3061B3E5B94B4.d.4891C2D9B38BECBA6EDFD36ECC9C029D.e.10547"}]}
COMMAND: GET /session/a230b9fa5e58e47def27534e3d005bf9/screenshot - {}
RESULT: {}
COMMAND: POST /session/a230b9fa5e58e47def27534e3d005bf9/execute/sync - {"script":"<script> [8489 bytes]","args":[{"element-6066-11e4-a52e-4f735466cecf":"f.5A792F38359A1C743AD3061B3E5B94B4.d.4891C2D9B38BECBA6EDFD36ECC9C029D.e.10547","ELEMENT":"f.5A792F38359A1C743AD3061B3E5B94B4.d.4891C2D9B38BECBA6EDFD36ECC9C029D.e.10547"}]}
RESULT: {"script":"<script> [8489 bytes]","args":[{"element-6066-11e4-a52e-4f735466cecf":"f.5A792F38359A1C743AD3061B3E5B94B4.d.4891C2D9B38BECBA6EDFD36ECC9C029D.e.10547","ELEMENT":"f.5A792F38359A1C743AD3061B3E5B94B4.d.4891C2D9B38BECBA6EDFD36ECC9C029D.e.10547"}]}
COMMAND: GET /session/a230b9fa5e58e47def27534e3d005bf9/screenshot - {}
RESULT: {}
COMMAND: POST /session/a230b9fa5e58e47def27534e3d005bf9/execute/sync - {"script":"<script> [8489 bytes]","args":[{"element-6066-11e4-a52e-4f735466cecf":"f.5A792F38359A1C743AD3061B3E5B94B4.d.4891C2D9B38BECBA6EDFD36ECC9C029D.e.10547","ELEMENT":"f.5A792F38359A1C743AD3061B3E5B94B4.d.4891C2D9B38BECBA6EDFD36ECC9C029D.e.10547"}]}
RESULT: {"script":"<script> [8489 bytes]","args":[{"element-6066-11e4-a52e-4f735466cecf":"f.5A792F38359A1C743AD3061B3E5B94B4.d.4891C2D9B38BECBA6EDFD36ECC9C029D.e.10547","ELEMENT":"f.5A792F38359A1C743AD3061B3E5B94B4.d.4891C2D9B38BECBA6EDFD36ECC9C029D.e.10547"}]}
COMMAND: GET /session/a230b9fa5e58e47def27534e3d005bf9/screenshot - {}
RESULT: {}
COMMAND: POST /session/a230b9fa5e58e47def27534e3d005bf9/execute/sync - {"script":"<script> [8489 bytes]","args":[{"element-6066-11e4-a52e-4f735466cecf":"f.5A792F38359A1C743AD3061B3E5B94B4.d.4891C2D9B38BECBA6EDFD36ECC9C029D.e.10547","ELEMENT":"f.5A792F38359A1C743AD3061B3E5B94B4.d.4891C2D9B38BECBA6EDFD36ECC9C029D.e.10547"}]}
RESULT: {"script":"<script> [8489 bytes]","args":[{"element-6066-11e4-a52e-4f735466cecf":"f.5A792F38359A1C743AD3061B3E5B94B4.d.4891C2D9B38BECBA6EDFD36ECC9C029D.e.10547","ELEMENT":"f.5A792F38359A1C743AD3061B3E5B94B4.d.4891C2D9B38BECBA6EDFD36ECC9C029D.e.10547"}]}
COMMAND: GET /session/a230b9fa5e58e47def27534e3d005bf9/screenshot - {}
RESULT: {}
COMMAND: POST /session/a230b9fa5e58e47def27534e3d005bf9/execute/sync - {"script":"<script> [8489 bytes]","args":[{"element-6066-11e4-a52e-4f735466cecf":"f.5A792F38359A1C743AD3061B3E5B94B4.d.4891C2D9B38BECBA6EDFD36ECC9C029D.e.10547","ELEMENT":"f.5A792F38359A1C743AD3061B3E5B94B4.d.4891C2D9B38BECBA6EDFD36ECC9C029D.e.10547"}]}
RESULT: {"script":"<script> [8489 bytes]","args":[{"element-6066-11e4-a52e-4f735466cecf":"f.5A792F38359A1C743AD3061B3E5B94B4.d.4891C2D9B38BECBA6EDFD36ECC9C029D.e.10547","ELEMENT":"f.5A792F38359A1C743AD3061B3E5B94B4.d.4891C2D9B38BECBA6EDFD36ECC9C029D.e.10547"}]}
COMMAND: GET /session/a230b9fa5e58e47def27534e3d005bf9/screenshot - {}
RESULT: {}
COMMAND: POST /session/a230b9fa5e58e47def27534e3d005bf9/execute/sync - {"script":"<script> [8489 bytes]","args":[{"element-6066-11e4-a52e-4f735466cecf":"f.5A792F38359A1C743AD3061B3E5B94B4.d.4891C2D9B38BECBA6EDFD36ECC9C029D.e.10547","ELEMENT":"f.5A792F38359A1C743AD3061B3E5B94B4.d.4891C2D9B38BECBA6EDFD36ECC9C029D.e.10547"}]}
RESULT: {"script":"<script> [8489 bytes]","args":[{"element-6066-11e4-a52e-4f735466cecf":"f.5A792F38359A1C743AD3061B3E5B94B4.d.4891C2D9B38BECBA6EDFD36ECC9C029D.e.10547","ELEMENT":"f.5A792F38359A1C743AD3061B3E5B94B4.d.4891C2D9B38BECBA6EDFD36ECC9C029D.e.10547"}]}
COMMAND: GET /session/a230b9fa5e58e47def27534e3d005bf9/screenshot - {}
RESULT: {}
COMMAND: POST /session/a230b9fa5e58e47def27534e3d005bf9/execute/sync - {"script":"<script> [8489 bytes]","args":[{"element-6066-11e4-a52e-4f735466cecf":"f.5A792F38359A1C743AD3061B3E5B94B4.d.4891C2D9B38BECBA6EDFD36ECC9C029D.e.10547","ELEMENT":"f.5A792F38359A1C743AD3061B3E5B94B4.d.4891C2D9B38BECBA6EDFD36ECC9C029D.e.10547"}]}
RESULT: {"script":"<script> [8489 bytes]","args":[{"element-6066-11e4-a52e-4f735466cecf":"f.5A792F38359A1C743AD3061B3E5B94B4.d.4891C2D9B38BECBA6EDFD36ECC9C029D.e.10547","ELEMENT":"f.5A792F38359A1C743AD3061B3E5B94B4.d.4891C2D9B38BECBA6EDFD36ECC9C029D.e.10547"}]}
COMMAND: GET /session/a230b9fa5e58e47def27534e3d005bf9/screenshot - {}
RESULT: {}
COMMAND: POST /session/a230b9fa5e58e47def27534e3d005bf9/execute/sync - {"script":"<script> [8489 bytes]","args":[{"element-6066-11e4-a52e-4f735466cecf":"f.5A792F38359A1C743AD3061B3E5B94B4.d.4891C2D9B38BECBA6EDFD36ECC9C029D.e.10547","ELEMENT":"f.5A792F38359A1C743AD3061B3E5B94B4.d.4891C2D9B38BECBA6EDFD36ECC9C029D.e.10547"}]}
RESULT: {"script":"<script> [8489 bytes]","args":[{"element-6066-11e4-a52e-4f735466cecf":"f.5A792F38359A1C743AD3061B3E5B94B4.d.4891C2D9B38BECBA6EDFD36ECC9C029D.e.10547","ELEMENT":"f.5A792F38359A1C743AD3061B3E5B94B4.d.4891C2D9B38BECBA6EDFD36ECC9C029D.e.10547"}]}
COMMAND: GET /session/a230b9fa5e58e47def27534e3d005bf9/screenshot - {}
RESULT: {}
COMMAND: POST /session/a230b9fa5e58e47def27534e3d005bf9/execute/sync - {"script":"<script> [8489 bytes]","args":[{"element-6066-11e4-a52e-4f735466cecf":"f.5A792F38359A1C743AD3061B3E5B94B4.d.4891C2D9B38BECBA6EDFD36ECC9C029D.e.10547","ELEMENT":"f.5A792F38359A1C743AD3061B3E5B94B4.d.4891C2D9B38BECBA6EDFD36ECC9C029D.e.10547"}]}
RESULT: {"script":"<script> [8489 bytes]","args":[{"element-6066-11e4-a52e-4f735466cecf":"f.5A792F38359A1C743AD3061B3E5B94B4.d.4891C2D9B38BECBA6EDFD36ECC9C029D.e.10547","ELEMENT":"f.5A792F38359A1C743AD3061B3E5B94B4.d.4891C2D9B38BECBA6EDFD36ECC9C029D.e.10547"}]}
COMMAND: GET /session/a230b9fa5e58e47def27534e3d005bf9/screenshot - {}
RESULT: {}
COMMAND: POST /session/a230b9fa5e58e47def27534e3d005bf9/execute/sync - {"script":"<script> [8489 bytes]","args":[{"element-6066-11e4-a52e-4f735466cecf":"f.5A792F38359A1C743AD3061B3E5B94B4.d.4891C2D9B38BECBA6EDFD36ECC9C029D.e.10547","ELEMENT":"f.5A792F38359A1C743AD3061B3E5B94B4.d.4891C2D9B38BECBA6EDFD36ECC9C029D.e.10547"}]}
RESULT: {"script":"<script> [8489 bytes]","args":[{"element-6066-11e4-a52e-4f735466cecf":"f.5A792F38359A1C743AD3061B3E5B94B4.d.4891C2D9B38BECBA6EDFD36ECC9C029D.e.10547","ELEMENT":"f.5A792F38359A1C743AD3061B3E5B94B4.d.4891C2D9B38BECBA6EDFD36ECC9C029D.e.10547"}]}
COMMAND: GET /session/a230b9fa5e58e47def27534e3d005bf9/screenshot - {}
COMMAND: POST /session/a230b9fa5e58e47def27534e3d005bf9/execute/sync - {"script":"<script> [8489 bytes]","args":[{"element-6066-11e4-a52e-4f735466cecf":"f.5A792F38359A1C743AD3061B3E5B94B4.d.4891C2D9B38BECBA6EDFD36ECC9C029D.e.10547","ELEMENT":"f.5A792F38359A1C743AD3061B3E5B94B4.d.4891C2D9B38BECBA6EDFD36ECC9C029D.e.10547"}]}
RESULT: {}
RESULT: {"script":"<script> [8489 bytes]","args":[{"element-6066-11e4-a52e-4f735466cecf":"f.5A792F38359A1C743AD3061B3E5B94B4.d.4891C2D9B38BECBA6EDFD36ECC9C029D.e.10547","ELEMENT":"f.5A792F38359A1C743AD3061B3E5B94B4.d.4891C2D9B38BECBA6EDFD36ECC9C029D.e.10547"}]}
COMMAND: GET /session/a230b9fa5e58e47def27534e3d005bf9/screenshot - {}
RESULT: {}
COMMAND: POST /session/a230b9fa5e58e47def27534e3d005bf9/execute/sync - {"script":"<script> [8489 bytes]","args":[{"element-6066-11e4-a52e-4f735466cecf":"f.5A792F38359A1C743AD3061B3E5B94B4.d.4891C2D9B38BECBA6EDFD36ECC9C029D.e.10547","ELEMENT":"f.5A792F38359A1C743AD3061B3E5B94B4.d.4891C2D9B38BECBA6EDFD36ECC9C029D.e.10547"}]}
RESULT: {"script":"<script> [8489 bytes]","args":[{"element-6066-11e4-a52e-4f735466cecf":"f.5A792F38359A1C743AD3061B3E5B94B4.d.4891C2D9B38BECBA6EDFD36ECC9C029D.e.10547","ELEMENT":"f.5A792F38359A1C743AD3061B3E5B94B4.d.4891C2D9B38BECBA6EDFD36ECC9C029D.e.10547"}]}
COMMAND: GET /session/a230b9fa5e58e47def27534e3d005bf9/screenshot - {}
RESULT: {}
COMMAND: POST /session/a230b9fa5e58e47def27534e3d005bf9/execute/sync - {"script":"<script> [8489 bytes]","args":[{"element-6066-11e4-a52e-4f735466cecf":"f.5A792F38359A1C743AD3061B3E5B94B4.d.4891C2D9B38BECBA6EDFD36ECC9C029D.e.10547","ELEMENT":"f.5A792F38359A1C743AD3061B3E5B94B4.d.4891C2D9B38BECBA6EDFD36ECC9C029D.e.10547"}]}
RESULT: {"script":"<script> [8489 bytes]","args":[{"element-6066-11e4-a52e-4f735466cecf":"f.5A792F38359A1C743AD3061B3E5B94B4.d.4891C2D9B38BECBA6EDFD36ECC9C029D.e.10547","ELEMENT":"f.5A792F38359A1C743AD3061B3E5B94B4.d.4891C2D9B38BECBA6EDFD36ECC9C029D.e.10547"}]}
COMMAND: GET /session/a230b9fa5e58e47def27534e3d005bf9/screenshot - {}
RESULT: {}
COMMAND: POST /session/a230b9fa5e58e47def27534e3d005bf9/execute/sync - {"script":"<script> [8489 bytes]","args":[{"element-6066-11e4-a52e-4f735466cecf":"f.5A792F38359A1C743AD3061B3E5B94B4.d.4891C2D9B38BECBA6EDFD36ECC9C029D.e.10547","ELEMENT":"f.5A792F38359A1C743AD3061B3E5B94B4.d.4891C2D9B38BECBA6EDFD36ECC9C029D.e.10547"}]}
RESULT: {"script":"<script> [8489 bytes]","args":[{"element-6066-11e4-a52e-4f735466cecf":"f.5A792F38359A1C743AD3061B3E5B94B4.d.4891C2D9B38BECBA6EDFD36ECC9C029D.e.10547","ELEMENT":"f.5A792F38359A1C743AD3061B3E5B94B4.d.4891C2D9B38BECBA6EDFD36ECC9C029D.e.10547"}]}
COMMAND: GET /session/a230b9fa5e58e47def27534e3d005bf9/screenshot - {}
RESULT: {}
COMMAND: POST /session/a230b9fa5e58e47def27534e3d005bf9/execute/sync - {"script":"<script> [8489 bytes]","args":[{"element-6066-11e4-a52e-4f735466cecf":"f.5A792F38359A1C743AD3061B3E5B94B4.d.4891C2D9B38BECBA6EDFD36ECC9C029D.e.10547","ELEMENT":"f.5A792F38359A1C743AD3061B3E5B94B4.d.4891C2D9B38BECBA6EDFD36ECC9C029D.e.10547"}]}
RESULT: {"script":"<script> [8489 bytes]","args":[{"element-6066-11e4-a52e-4f735466cecf":"f.5A792F38359A1C743AD3061B3E5B94B4.d.4891C2D9B38BECBA6EDFD36ECC9C029D.e.10547","ELEMENT":"f.5A792F38359A1C743AD3061B3E5B94B4.d.4891C2D9B38BECBA6EDFD36ECC9C029D.e.10547"}]}
COMMAND: GET /session/a230b9fa5e58e47def27534e3d005bf9/screenshot - {}
RESULT: {}
COMMAND: POST /session/a230b9fa5e58e47def27534e3d005bf9/execute/sync - {"script":"<script> [8489 bytes]","args":[{"element-6066-11e4-a52e-4f735466cecf":"f.5A792F38359A1C743AD3061B3E5B94B4.d.4891C2D9B38BECBA6EDFD36ECC9C029D.e.10547","ELEMENT":"f.5A792F38359A1C743AD3061B3E5B94B4.d.4891C2D9B38BECBA6EDFD36ECC9C029D.e.10547"}]}
RESULT: {"script":"<script> [8489 bytes]","args":[{"element-6066-11e4-a52e-4f735466cecf":"f.5A792F38359A1C743AD3061B3E5B94B4.d.4891C2D9B38BECBA6EDFD36ECC9C029D.e.10547","ELEMENT":"f.5A792F38359A1C743AD3061B3E5B94B4.d.4891C2D9B38BECBA6EDFD36ECC9C029D.e.10547"}]}
COMMAND: GET /session/a230b9fa5e58e47def27534e3d005bf9/screenshot - {}
RESULT: {}
COMMAND: POST /session/a230b9fa5e58e47def27534e3d005bf9/execute/sync - {"script":"<script> [8489 bytes]","args":[{"element-6066-11e4-a52e-4f735466cecf":"f.5A792F38359A1C743AD3061B3E5B94B4.d.4891C2D9B38BECBA6EDFD36ECC9C029D.e.10547","ELEMENT":"f.5A792F38359A1C743AD3061B3E5B94B4.d.4891C2D9B38BECBA6EDFD36ECC9C029D.e.10547"}]}
RESULT: {"script":"<script> [8489 bytes]","args":[{"element-6066-11e4-a52e-4f735466cecf":"f.5A792F38359A1C743AD3061B3E5B94B4.d.4891C2D9B38BECBA6EDFD36ECC9C029D.e.10547","ELEMENT":"f.5A792F38359A1C743AD3061B3E5B94B4.d.4891C2D9B38BECBA6EDFD36ECC9C029D.e.10547"}]}
COMMAND: GET /session/a230b9fa5e58e47def27534e3d005bf9/screenshot - {}
RESULT: {}
COMMAND: POST /session/a230b9fa5e58e47def27534e3d005bf9/execute/sync - {"script":"<script> [8489 bytes]","args":[{"element-6066-11e4-a52e-4f735466cecf":"f.5A792F38359A1C743AD3061B3E5B94B4.d.4891C2D9B38BECBA6EDFD36ECC9C029D.e.10547","ELEMENT":"f.5A792F38359A1C743AD3061B3E5B94B4.d.4891C2D9B38BECBA6EDFD36ECC9C029D.e.10547"}]}
RESULT: {"script":"<script> [8489 bytes]","args":[{"element-6066-11e4-a52e-4f735466cecf":"f.5A792F38359A1C743AD3061B3E5B94B4.d.4891C2D9B38BECBA6EDFD36ECC9C029D.e.10547","ELEMENT":"f.5A792F38359A1C743AD3061B3E5B94B4.d.4891C2D9B38BECBA6EDFD36ECC9C029D.e.10547"}]}
COMMAND: GET /session/a230b9fa5e58e47def27534e3d005bf9/screenshot - {}
RESULT: {}
COMMAND: POST /session/a230b9fa5e58e47def27534e3d005bf9/execute/sync - {"script":"<script> [8489 bytes]","args":[{"element-6066-11e4-a52e-4f735466cecf":"f.5A792F38359A1C743AD3061B3E5B94B4.d.4891C2D9B38BECBA6EDFD36ECC9C029D.e.10547","ELEMENT":"f.5A792F38359A1C743AD3061B3E5B94B4.d.4891C2D9B38BECBA6EDFD36ECC9C029D.e.10547"}]}
RESULT: {"script":"<script> [8489 bytes]","args":[{"element-6066-11e4-a52e-4f735466cecf":"f.5A792F38359A1C743AD3061B3E5B94B4.d.4891C2D9B38BECBA6EDFD36ECC9C029D.e.10547","ELEMENT":"f.5A792F38359A1C743AD3061B3E5B94B4.d.4891C2D9B38BECBA6EDFD36ECC9C029D.e.10547"}]}
COMMAND: GET /session/a230b9fa5e58e47def27534e3d005bf9/screenshot - {}
RESULT: {}
COMMAND: POST /session/a230b9fa5e58e47def27534e3d005bf9/execute/sync - {"script":"<script> [8489 bytes]","args":[{"element-6066-11e4-a52e-4f735466cecf":"f.5A792F38359A1C743AD3061B3E5B94B4.d.4891C2D9B38BECBA6EDFD36ECC9C029D.e.10547","ELEMENT":"f.5A792F38359A1C743AD3061B3E5B94B4.d.4891C2D9B38BECBA6EDFD36ECC9C029D.e.10547"}]}
RESULT: {"script":"<script> [8489 bytes]","args":[{"element-6066-11e4-a52e-4f735466cecf":"f.5A792F38359A1C743AD3061B3E5B94B4.d.4891C2D9B38BECBA6EDFD36ECC9C029D.e.10547","ELEMENT":"f.5A792F38359A1C743AD3061B3E5B94B4.d.4891C2D9B38BECBA6EDFD36ECC9C029D.e.10547"}]}
COMMAND: GET /session/a230b9fa5e58e47def27534e3d005bf9/screenshot - {}
RESULT: {}
COMMAND: POST /session/a230b9fa5e58e47def27534e3d005bf9/execute/sync - {"script":"<script> [8489 bytes]","args":[{"element-6066-11e4-a52e-4f735466cecf":"f.5A792F38359A1C743AD3061B3E5B94B4.d.4891C2D9B38BECBA6EDFD36ECC9C029D.e.10547","ELEMENT":"f.5A792F38359A1C743AD3061B3E5B94B4.d.4891C2D9B38BECBA6EDFD36ECC9C029D.e.10547"}]}
RESULT: {"script":"<script> [8489 bytes]","args":[{"element-6066-11e4-a52e-4f735466cecf":"f.5A792F38359A1C743AD3061B3E5B94B4.d.4891C2D9B38BECBA6EDFD36ECC9C029D.e.10547","ELEMENT":"f.5A792F38359A1C743AD3061B3E5B94B4.d.4891C2D9B38BECBA6EDFD36ECC9C029D.e.10547"}]}
COMMAND: GET /session/a230b9fa5e58e47def27534e3d005bf9/screenshot - {}
RESULT: {}
COMMAND: POST /session/a230b9fa5e58e47def27534e3d005bf9/execute/sync - {"script":"<script> [8489 bytes]","args":[{"element-6066-11e4-a52e-4f735466cecf":"f.5A792F38359A1C743AD3061B3E5B94B4.d.4891C2D9B38BECBA6EDFD36ECC9C029D.e.10547","ELEMENT":"f.5A792F38359A1C743AD3061B3E5B94B4.d.4891C2D9B38BECBA6EDFD36ECC9C029D.e.10547"}]}
RESULT: {"script":"<script> [8489 bytes]","args":[{"element-6066-11e4-a52e-4f735466cecf":"f.5A792F38359A1C743AD3061B3E5B94B4.d.4891C2D9B38BECBA6EDFD36ECC9C029D.e.10547","ELEMENT":"f.5A792F38359A1C743AD3061B3E5B94B4.d.4891C2D9B38BECBA6EDFD36ECC9C029D.e.10547"}]}
COMMAND: GET /session/a230b9fa5e58e47def27534e3d005bf9/screenshot - {}
RESULT: {}
COMMAND: POST /session/a230b9fa5e58e47def27534e3d005bf9/execute/async - {"script":"<script> [1562 bytes]","args":[{"selector":{"controlType":"sap.m.Button","viewName":"etm.portal.ui.managesites.view.NewSmartSite","viewId":"application-managesites-display-component---NewSite","properties":{"text":"General Information"},"interaction":{"idSuffix":"BDI-content"}},"wdio_ui5_key":"etmportal.ui.managesites.view.NewSmartSitesap.m.Button{\"text\":\"General Information\"}"}]}
RESULT: {"script":"<script> [1562 bytes]","args":[{"selector":{"controlType":"sap.m.Button","viewName":"etm.portal.ui.managesites.view.NewSmartSite","viewId":"application-managesites-display-component---NewSite","properties":{"text":"General Information"},"interaction":{"idSuffix":"BDI-content"}},"wdio_ui5_key":"etmportal.ui.managesites.view.NewSmartSitesap.m.Button{\"text\":\"General Information\"}"}]}
RESULT: undefined
COMMAND: POST /session/a230b9fa5e58e47def27534e3d005bf9/element - {"using":"xpath","value":"//*[@id=\"application-managesites-display-component---NewSite--ObjectPageLayout-anchBar-__section31-anchor\"]"}
RESULT: {"using":"xpath","value":"//*[@id=\"application-managesites-display-component---NewSite--ObjectPageLayout-anchBar-__section31-anchor\"]"}
COMMAND: POST /session/a230b9fa5e58e47def27534e3d005bf9/element/f.5A792F38359A1C743AD3061B3E5B94B4.d.4891C2D9B38BECBA6EDFD36ECC9C029D.e.10550/click - {}
RESULT: {}
COMMAND: POST /session/a230b9fa5e58e47def27534e3d005bf9/execute/async - {"script":"<script> [1562 bytes]","args":[{"selector":{"id":"application-managesites-display-component---NewSite--addressDetailDetailsName1","interaction":{"idSuffix":"inner"}},"wdio_ui5_key":"applicationmanagesites-display-component---NewSite--addressDetailDetailsName1"}]}
COMMAND: GET /session/a230b9fa5e58e47def27534e3d005bf9/screenshot - {}
RESULT: {"script":"<script> [1562 bytes]","args":[{"selector":{"id":"application-managesites-display-component---NewSite--addressDetailDetailsName1","interaction":{"idSuffix":"inner"}},"wdio_ui5_key":"applicationmanagesites-display-component---NewSite--addressDetailDetailsName1"}]}
RESULT: undefined
COMMAND: POST /session/a230b9fa5e58e47def27534e3d005bf9/execute/async - {"script":"<script> [776 bytes]","args":[{"enterText":"WDI5 WHM Site","selector":{"id":"application-managesites-display-component---NewSite--addressDetailDetailsName1","interaction":{"idSuffix":"inner"}},"clearTextFirst":true,"interactionType":"ENTER_TEXT"}]}
RESULT: {}
RESULT: {"script":"<script> [776 bytes]","args":[{"enterText":"WDI5 WHM Site","selector":{"id":"application-managesites-display-component---NewSite--addressDetailDetailsName1","interaction":{"idSuffix":"inner"}},"clearTextFirst":true,"interactionType":"ENTER_TEXT"}]}
COMMAND: POST /session/a230b9fa5e58e47def27534e3d005bf9/execute/async - {"script":"<script> [1562 bytes]","args":[{"selector":{"id":"application-managesites-display-component---NewSite--addressDetailDetailsLanguage","interaction":{"idSuffix":"inner"}},"wdio_ui5_key":"applicationmanagesites-display-component---NewSite--addressDetailDetailsLanguage"}]}
RESULT: {"script":"<script> [1562 bytes]","args":[{"selector":{"id":"application-managesites-display-component---NewSite--addressDetailDetailsLanguage","interaction":{"idSuffix":"inner"}},"wdio_ui5_key":"applicationmanagesites-display-component---NewSite--addressDetailDetailsLanguage"}]}
RESULT: undefined
COMMAND: POST /session/a230b9fa5e58e47def27534e3d005bf9/execute/async - {"script":"<script> [776 bytes]","args":[{"enterText":"Romanian","selector":{"id":"application-managesites-display-component---NewSite--addressDetailDetailsLanguage","interaction":{"idSuffix":"inner"}},"clearTextFirst":true,"interactionType":"ENTER_TEXT"}]}
RESULT: {"script":"<script> [776 bytes]","args":[{"enterText":"Romanian","selector":{"id":"application-managesites-display-component---NewSite--addressDetailDetailsLanguage","interaction":{"idSuffix":"inner"}},"clearTextFirst":true,"interactionType":"ENTER_TEXT"}]}
COMMAND: POST /session/a230b9fa5e58e47def27534e3d005bf9/execute/async - {"script":"<script> [1562 bytes]","args":[{"selector":{"id":"application-managesites-display-component---NewSite--addressDetailDetailsCity1","interaction":{"idSuffix":"inner"}},"wdio_ui5_key":"applicationmanagesites-display-component---NewSite--addressDetailDetailsCity1"}]}
RESULT: {"script":"<script> [1562 bytes]","args":[{"selector":{"id":"application-managesites-display-component---NewSite--addressDetailDetailsCity1","interaction":{"idSuffix":"inner"}},"wdio_ui5_key":"applicationmanagesites-display-component---NewSite--addressDetailDetailsCity1"}]}
RESULT: undefined
COMMAND: POST /session/a230b9fa5e58e47def27534e3d005bf9/execute/async - {"script":"<script> [776 bytes]","args":[{"enterText":"Bucharest","selector":{"id":"application-managesites-display-component---NewSite--addressDetailDetailsCity1","interaction":{"idSuffix":"inner"}},"clearTextFirst":true,"interactionType":"ENTER_TEXT"}]}
RESULT: {"script":"<script> [776 bytes]","args":[{"enterText":"Bucharest","selector":{"id":"application-managesites-display-component---NewSite--addressDetailDetailsCity1","interaction":{"idSuffix":"inner"}},"clearTextFirst":true,"interactionType":"ENTER_TEXT"}]}
COMMAND: POST /session/a230b9fa5e58e47def27534e3d005bf9/execute/async - {"script":"<script> [1562 bytes]","args":[{"selector":{"id":"application-managesites-display-component---NewSite--addressDetailDetailsCountry","interaction":{"idSuffix":"inner"}},"wdio_ui5_key":"applicationmanagesites-display-component---NewSite--addressDetailDetailsCountry"}]}
RESULT: {"script":"<script> [1562 bytes]","args":[{"selector":{"id":"application-managesites-display-component---NewSite--addressDetailDetailsCountry","interaction":{"idSuffix":"inner"}},"wdio_ui5_key":"applicationmanagesites-display-component---NewSite--addressDetailDetailsCountry"}]}
RESULT: undefined
COMMAND: POST /session/a230b9fa5e58e47def27534e3d005bf9/execute/async - {"script":"<script> [6424 bytes]","args":[{"element-6066-11e4-a52e-4f735466cecf":"f.5A792F38359A1C743AD3061B3E5B94B4.d.4891C2D9B38BECBA6EDFD36ECC9C029D.e.10374"},"setValue",["Romania"]]}
RESULT: {"script":"<script> [6424 bytes]","args":[{"element-6066-11e4-a52e-4f735466cecf":"f.5A792F38359A1C743AD3061B3E5B94B4.d.4891C2D9B38BECBA6EDFD36ECC9C029D.e.10374"},"setValue",["Romania"]]}
COMMAND: POST /session/a230b9fa5e58e47def27534e3d005bf9/execute/async - {"script":"<script> [1562 bytes]","args":[{"selector":{"id":"application-managesites-display-component---NewSite--addressDetailDetailsCalendar","interaction":{"idSuffix":"inner"}},"wdio_ui5_key":"applicationmanagesites-display-component---NewSite--addressDetailDetailsCalendar"}]}
RESULT: {"script":"<script> [1562 bytes]","args":[{"selector":{"id":"application-managesites-display-component---NewSite--addressDetailDetailsCalendar","interaction":{"idSuffix":"inner"}},"wdio_ui5_key":"applicationmanagesites-display-component---NewSite--addressDetailDetailsCalendar"}]}
RESULT: undefined
COMMAND: POST /session/a230b9fa5e58e47def27534e3d005bf9/execute/async - {"script":"<script> [776 bytes]","args":[{"enterText":"8 - Germany (Standard)","selector":{"id":"application-managesites-display-component---NewSite--addressDetailDetailsCalendar","interaction":{"idSuffix":"inner"}},"clearTextFirst":true,"interactionType":"ENTER_TEXT"}]}
RESULT: {"script":"<script> [776 bytes]","args":[{"enterText":"8 - Germany (Standard)","selector":{"id":"application-managesites-display-component---NewSite--addressDetailDetailsCalendar","interaction":{"idSuffix":"inner"}},"clearTextFirst":true,"interactionType":"ENTER_TEXT"}]}
COMMAND: POST /session/a230b9fa5e58e47def27534e3d005bf9/element - {"using":"xpath","value":"//input[@id=\"application-managesites-display-component---NewSite--addressDetailDetailsYard-inner\"]"}
RESULT: {"using":"xpath","value":"//input[@id=\"application-managesites-display-component---NewSite--addressDetailDetailsYard-inner\"]"}
COMMAND: POST /session/a230b9fa5e58e47def27534e3d005bf9/element/f.5A792F38359A1C743AD3061B3E5B94B4.d.4891C2D9B38BECBA6EDFD36ECC9C029D.e.10385/clear - {}
RESULT: {}
COMMAND: POST /session/a230b9fa5e58e47def27534e3d005bf9/element/f.5A792F38359A1C743AD3061B3E5B94B4.d.4891C2D9B38BECBA6EDFD36ECC9C029D.e.10385/value - {"text":"341"}
COMMAND: GET /session/a230b9fa5e58e47def27534e3d005bf9/screenshot - {}
RESULT: {"text":"341"}
COMMAND: GET /session/a230b9fa5e58e47def27534e3d005bf9/screenshot - {}
RESULT: {}
RESULT: {}
COMMAND: POST /session/a230b9fa5e58e47def27534e3d005bf9/execute/async - {"script":"<script> [1562 bytes]","args":[{"selector":{"controlType":"sap.m.Button","viewName":"etm.portal.ui.managesites.view.NewSmartSite","viewId":"application-managesites-display-component---NewSite","properties":{"text":"Commercial"},"interaction":{"idSuffix":"BDI-content"}},"wdio_ui5_key":"etmportal.ui.managesites.view.NewSmartSitesap.m.Button{\"text\":\"Commercial\"}"}]}
RESULT: {"script":"<script> [1562 bytes]","args":[{"selector":{"controlType":"sap.m.Button","viewName":"etm.portal.ui.managesites.view.NewSmartSite","viewId":"application-managesites-display-component---NewSite","properties":{"text":"Commercial"},"interaction":{"idSuffix":"BDI-content"}},"wdio_ui5_key":"etmportal.ui.managesites.view.NewSmartSitesap.m.Button{\"text\":\"Commercial\"}"}]}
RESULT: undefined
COMMAND: POST /session/a230b9fa5e58e47def27534e3d005bf9/element - {"using":"xpath","value":"//*[@id=\"application-managesites-display-component---NewSite--ObjectPageLayout-anchBar-__section33-anchor\"]"}
RESULT: {"using":"xpath","value":"//*[@id=\"application-managesites-display-component---NewSite--ObjectPageLayout-anchBar-__section33-anchor\"]"}
COMMAND: POST /session/a230b9fa5e58e47def27534e3d005bf9/element/f.5A792F38359A1C743AD3061B3E5B94B4.d.4891C2D9B38BECBA6EDFD36ECC9C029D.e.10559/click - {}
RESULT: {}
COMMAND: POST /session/a230b9fa5e58e47def27534e3d005bf9/execute/async - {"script":"<script> [1562 bytes]","args":[{"selector":{"id":"application-managesites-display-component---NewSite--siteWhmCheckBox-label","interaction":{"idSuffix":"bdi"}},"wdio_ui5_key":"applicationmanagesites-display-component---NewSite--siteWhmCheckBox-label"}]}
COMMAND: GET /session/a230b9fa5e58e47def27534e3d005bf9/screenshot - {}
RESULT: {"script":"<script> [1562 bytes]","args":[{"selector":{"id":"application-managesites-display-component---NewSite--siteWhmCheckBox-label","interaction":{"idSuffix":"bdi"}},"wdio_ui5_key":"applicationmanagesites-display-component---NewSite--siteWhmCheckBox-label"}]}
RESULT: undefined
COMMAND: POST /session/a230b9fa5e58e47def27534e3d005bf9/element - {"using":"xpath","value":"//*[@id=\"application-managesites-display-component---NewSite--siteWhmCheckBox-label\"]"}
RESULT: {}
RESULT: {"using":"xpath","value":"//*[@id=\"application-managesites-display-component---NewSite--siteWhmCheckBox-label\"]"}
COMMAND: POST /session/a230b9fa5e58e47def27534e3d005bf9/element/f.5A792F38359A1C743AD3061B3E5B94B4.d.4891C2D9B38BECBA6EDFD36ECC9C029D.e.10568/click - {}
RESULT: {}
COMMAND: POST /session/a230b9fa5e58e47def27534e3d005bf9/execute/async - {"script":"<script> [1562 bytes]","args":[{"selector":{"controlType":"sap.m.Button","viewName":"etm.portal.ui.managesites.view.NewSmartSite","viewId":"application-managesites-display-component---NewSite","i18NText":{"propertyName":"text","key":"save"},"interaction":{"idSuffix":"BDI-content"}},"wdio_ui5_key":"etmportal.ui.managesites.view.NewSmartSitesap.m.Button{\"propertyName\":\"text\",\"key\":\"save\"}"}]}
COMMAND: GET /session/a230b9fa5e58e47def27534e3d005bf9/screenshot - {}
RESULT: {"script":"<script> [1562 bytes]","args":[{"selector":{"controlType":"sap.m.Button","viewName":"etm.portal.ui.managesites.view.NewSmartSite","viewId":"application-managesites-display-component---NewSite","i18NText":{"propertyName":"text","key":"save"},"interaction":{"idSuffix":"BDI-content"}},"wdio_ui5_key":"etmportal.ui.managesites.view.NewSmartSitesap.m.Button{\"propertyName\":\"text\",\"key\":\"save\"}"}]}
RESULT: undefined
COMMAND: POST /session/a230b9fa5e58e47def27534e3d005bf9/element - {"using":"xpath","value":"//*[@id=\"__button76\"]"}
RESULT: {}
RESULT: {"using":"xpath","value":"//*[@id=\"__button76\"]"}
COMMAND: POST /session/a230b9fa5e58e47def27534e3d005bf9/element/f.5A792F38359A1C743AD3061B3E5B94B4.d.4891C2D9B38BECBA6EDFD36ECC9C029D.e.10534/click - {}
RESULT: {}
COMMAND: GET /session/a230b9fa5e58e47def27534e3d005bf9/screenshot - {}
RESULT: {}
COMMAND: POST /session/a230b9fa5e58e47def27534e3d005bf9/execute/async - {"script":"<script> [1562 bytes]","args":[{"selector":{"controlType":"sap.m.Text","viewName":"etm.portal.ui.managesites.view.Detail","viewId":"application-managesites-display-component---detailSite","bindingPath":{"propertyPath":"ID","modelName":"catalogModel"}},"wdio_ui5_key":"etmportal.ui.managesites.view.Detailsap.m.Text{\"propertyPath\":\"ID\",\"modelName\":\"catalogModel\"}"}]}
RESULT: {"script":"<script> [1562 bytes]","args":[{"selector":{"controlType":"sap.m.Text","viewName":"etm.portal.ui.managesites.view.Detail","viewId":"application-managesites-display-component---detailSite","bindingPath":{"propertyPath":"ID","modelName":"catalogModel"}},"wdio_ui5_key":"etmportal.ui.managesites.view.Detailsap.m.Text{\"propertyPath\":\"ID\",\"modelName\":\"catalogModel\"}"}]}
RESULT: undefined
COMMAND: POST /session/a230b9fa5e58e47def27534e3d005bf9/execute/async - {"script":"<script> [6424 bytes]","args":[{"element-6066-11e4-a52e-4f735466cecf":"f.5A792F38359A1C743AD3061B3E5B94B4.d.4891C2D9B38BECBA6EDFD36ECC9C029D.e.10765"},"getText",[]]}
RESULT: {"script":"<script> [6424 bytes]","args":[{"element-6066-11e4-a52e-4f735466cecf":"f.5A792F38359A1C743AD3061B3E5B94B4.d.4891C2D9B38BECBA6EDFD36ECC9C029D.e.10765"},"getText",[]]}
COMMAND: POST /session/a230b9fa5e58e47def27534e3d005bf9/execute/async - {"script":"<script> [1562 bytes]","args":[{"selector":{"controlType":"sap.m.Label","viewName":"etm.portal.ui.managesites.view.Detail","viewId":"application-managesites-display-component---detailSite","i18NText":{"propertyName":"text","key":"status"}},"wdio_ui5_key":"etmportal.ui.managesites.view.Detailsap.m.Label{\"propertyName\":\"text\",\"key\":\"status\"}"}]}
RESULT: {"script":"<script> [1562 bytes]","args":[{"selector":{"controlType":"sap.m.Label","viewName":"etm.portal.ui.managesites.view.Detail","viewId":"application-managesites-display-component---detailSite","i18NText":{"propertyName":"text","key":"status"}},"wdio_ui5_key":"etmportal.ui.managesites.view.Detailsap.m.Label{\"propertyName\":\"text\",\"key\":\"status\"}"}]}
RESULT: undefined
COMMAND: POST /session/a230b9fa5e58e47def27534e3d005bf9/execute/async - {"script":"<script> [6424 bytes]","args":[{"element-6066-11e4-a52e-4f735466cecf":"f.5A792F38359A1C743AD3061B3E5B94B4.d.4891C2D9B38BECBA6EDFD36ECC9C029D.e.10752"},"getText",[]]}
RESULT: {"script":"<script> [6424 bytes]","args":[{"element-6066-11e4-a52e-4f735466cecf":"f.5A792F38359A1C743AD3061B3E5B94B4.d.4891C2D9B38BECBA6EDFD36ECC9C029D.e.10752"},"getText",[]]}
RESULT: undefined
COMMAND: POST /session/a230b9fa5e58e47def27534e3d005bf9/element - {"using":"xpath","value":"//*[@id=\"shell-header\"]"}
RESULT: {"using":"xpath","value":"//*[@id=\"shell-header\"]"}
COMMAND: POST /session/a230b9fa5e58e47def27534e3d005bf9/element/f.5A792F38359A1C743AD3061B3E5B94B4.d.4891C2D9B38BECBA6EDFD36ECC9C029D.e.10766/click - {}
RESULT: {}
COMMAND: POST /session/a230b9fa5e58e47def27534e3d005bf9/element - {"using":"css selector","value":"#shell-header-logo"}
COMMAND: GET /session/a230b9fa5e58e47def27534e3d005bf9/screenshot - {}
RESULT: {"using":"css selector","value":"#shell-header-logo"}
COMMAND: POST /session/a230b9fa5e58e47def27534e3d005bf9/element/f.5A792F38359A1C743AD3061B3E5B94B4.d.4891C2D9B38BECBA6EDFD36ECC9C029D.e.9943/click - {}
RESULT: {}
RESULT: {}
]]></system-out>
    </testcase>
    <testcase classname="chrome.135_0_7049_96.windows.Provide_to_Site_w/_warehouse_management_w/o_clarification_US113782_" name="Should create WHM Partner" time="54.875">
      <system-out><![CDATA[
COMMAND: POST /session/a230b9fa5e58e47def27534e3d005bf9/execute/async - {"script":"<script> [1562 bytes]","args":[{"selector":{"controlType":"sap.m.GenericTile","properties":{"header":"Manage Partners"}},"wdio_ui5_key":"sapm.GenericTile{\"header\":\"Manage Partners\"}"}]}
COMMAND: GET /session/a230b9fa5e58e47def27534e3d005bf9/screenshot - {}
RESULT: {"script":"<script> [1562 bytes]","args":[{"selector":{"controlType":"sap.m.GenericTile","properties":{"header":"Manage Partners"}},"wdio_ui5_key":"sapm.GenericTile{\"header\":\"Manage Partners\"}"}]}
RESULT: undefined
COMMAND: POST /session/a230b9fa5e58e47def27534e3d005bf9/element - {"using":"xpath","value":"//*[@id=\"__tile38\"]"}
RESULT: {}
RESULT: {"using":"xpath","value":"//*[@id=\"__tile38\"]"}
COMMAND: POST /session/a230b9fa5e58e47def27534e3d005bf9/element/f.5A792F38359A1C743AD3061B3E5B94B4.d.4891C2D9B38BECBA6EDFD36ECC9C029D.e.10771/click - {}
RESULT: {}
COMMAND: GET /session/a230b9fa5e58e47def27534e3d005bf9/screenshot - {}
COMMAND: POST /session/a230b9fa5e58e47def27534e3d005bf9/element - {"using":"xpath","value":"//button[(@data-kt = 'addButton')]"}
RESULT: {}
RESULT: {"using":"xpath","value":"//button[(@data-kt = 'addButton')]"}
COMMAND: POST /session/a230b9fa5e58e47def27534e3d005bf9/elements - {"using":"xpath","value":"//button[(@data-kt = 'addButton')]"}
RESULT: {"using":"xpath","value":"//button[(@data-kt = 'addButton')]"}
COMMAND: POST /session/a230b9fa5e58e47def27534e3d005bf9/elements - {"using":"xpath","value":"//button[(@data-kt = 'addButton')]"}
RESULT: {"using":"xpath","value":"//button[(@data-kt = 'addButton')]"}
COMMAND: POST /session/a230b9fa5e58e47def27534e3d005bf9/elements - {"using":"xpath","value":"//button[(@data-kt = 'addButton')]"}
RESULT: {"using":"xpath","value":"//button[(@data-kt = 'addButton')]"}
COMMAND: POST /session/a230b9fa5e58e47def27534e3d005bf9/elements - {"using":"xpath","value":"//button[(@data-kt = 'addButton')]"}
RESULT: {"using":"xpath","value":"//button[(@data-kt = 'addButton')]"}
COMMAND: POST /session/a230b9fa5e58e47def27534e3d005bf9/element - {"using":"xpath","value":"//button[(@data-kt = 'addButton')]"}
RESULT: {"using":"xpath","value":"//button[(@data-kt = 'addButton')]"}
COMMAND: POST /session/a230b9fa5e58e47def27534e3d005bf9/element/f.5A792F38359A1C743AD3061B3E5B94B4.d.4891C2D9B38BECBA6EDFD36ECC9C029D.e.10818/click - {}
RESULT: {}
COMMAND: POST /session/a230b9fa5e58e47def27534e3d005bf9/execute/async - {"script":"<script> [1562 bytes]","args":[{"selector":{"id":"application-managepartners-display-component---NewPartner--addressDetailDetailsName1","interaction":{"idSuffix":"inner"}},"wdio_ui5_key":"applicationmanagepartners-display-component---NewPartner--addressDetailDetailsName1"}]}
COMMAND: GET /session/a230b9fa5e58e47def27534e3d005bf9/screenshot - {}
RESULT: {"script":"<script> [1562 bytes]","args":[{"selector":{"id":"application-managepartners-display-component---NewPartner--addressDetailDetailsName1","interaction":{"idSuffix":"inner"}},"wdio_ui5_key":"applicationmanagepartners-display-component---NewPartner--addressDetailDetailsName1"}]}
RESULT: undefined
COMMAND: POST /session/a230b9fa5e58e47def27534e3d005bf9/execute/async - {"script":"<script> [776 bytes]","args":[{"enterText":"WDI5-Partners","selector":{"id":"application-managepartners-display-component---NewPartner--addressDetailDetailsName1","interaction":{"idSuffix":"inner"}},"clearTextFirst":true,"interactionType":"ENTER_TEXT"}]}
RESULT: {}
RESULT: {"script":"<script> [776 bytes]","args":[{"enterText":"WDI5-Partners","selector":{"id":"application-managepartners-display-component---NewPartner--addressDetailDetailsName1","interaction":{"idSuffix":"inner"}},"clearTextFirst":true,"interactionType":"ENTER_TEXT"}]}
COMMAND: POST /session/a230b9fa5e58e47def27534e3d005bf9/execute/async - {"script":"<script> [1562 bytes]","args":[{"selector":{"id":"application-managepartners-display-component---NewPartner--addressDetailDetailsLanguage-arrow"},"wdio_ui5_key":"applicationmanagepartners-display-component---NewPartner--addressDetailDetailsLanguage-arrow"}]}
RESULT: {"script":"<script> [1562 bytes]","args":[{"selector":{"id":"application-managepartners-display-component---NewPartner--addressDetailDetailsLanguage-arrow"},"wdio_ui5_key":"applicationmanagepartners-display-component---NewPartner--addressDetailDetailsLanguage-arrow"}]}
RESULT: undefined
COMMAND: POST /session/a230b9fa5e58e47def27534e3d005bf9/element - {"using":"xpath","value":"//*[@id=\"application-managepartners-display-component---NewPartner--addressDetailDetailsLanguage-arrow\"]"}
RESULT: {"using":"xpath","value":"//*[@id=\"application-managepartners-display-component---NewPartner--addressDetailDetailsLanguage-arrow\"]"}
COMMAND: POST /session/a230b9fa5e58e47def27534e3d005bf9/element/f.5A792F38359A1C743AD3061B3E5B94B4.d.4891C2D9B38BECBA6EDFD36ECC9C029D.e.11242/click - {}
RESULT: {}
COMMAND: POST /session/a230b9fa5e58e47def27534e3d005bf9/execute/async - {"script":"<script> [1562 bytes]","args":[{"selector":{"controlType":"sap.m.StandardListItem","viewName":"etm.portal.ui.managepartners.view.NewPartner","viewId":"application-managepartners-display-component---NewPartner","properties":{"title":"English"},"searchOpenDialogs":true,"interaction":{"idSuffix":"content"}},"wdio_ui5_key":"etmportal.ui.managepartners.view.NewPartnersap.m.StandardListItem{\"title\":\"English\"}"}]}
COMMAND: GET /session/a230b9fa5e58e47def27534e3d005bf9/screenshot - {}
RESULT: {"script":"<script> [1562 bytes]","args":[{"selector":{"controlType":"sap.m.StandardListItem","viewName":"etm.portal.ui.managepartners.view.NewPartner","viewId":"application-managepartners-display-component---NewPartner","properties":{"title":"English"},"searchOpenDialogs":true,"interaction":{"idSuffix":"content"}},"wdio_ui5_key":"etmportal.ui.managepartners.view.NewPartnersap.m.StandardListItem{\"title\":\"English\"}"}]}
RESULT: undefined
COMMAND: POST /session/a230b9fa5e58e47def27534e3d005bf9/element - {"using":"xpath","value":"//*[@id=\"__item955\"]"}
RESULT: {}
RESULT: {"using":"xpath","value":"//*[@id=\"__item955\"]"}
COMMAND: POST /session/a230b9fa5e58e47def27534e3d005bf9/element/f.5A792F38359A1C743AD3061B3E5B94B4.d.4891C2D9B38BECBA6EDFD36ECC9C029D.e.11244/click - {}
RESULT: {}
COMMAND: POST /session/a230b9fa5e58e47def27534e3d005bf9/execute/async - {"script":"<script> [1562 bytes]","args":[{"selector":{"id":"application-managepartners-display-component---NewPartner--addressDetailDetailsCity1","interaction":{"idSuffix":"inner"}},"wdio_ui5_key":"applicationmanagepartners-display-component---NewPartner--addressDetailDetailsCity1"}]}
COMMAND: GET /session/a230b9fa5e58e47def27534e3d005bf9/screenshot - {}
RESULT: {"script":"<script> [1562 bytes]","args":[{"selector":{"id":"application-managepartners-display-component---NewPartner--addressDetailDetailsCity1","interaction":{"idSuffix":"inner"}},"wdio_ui5_key":"applicationmanagepartners-display-component---NewPartner--addressDetailDetailsCity1"}]}
RESULT: undefined
COMMAND: POST /session/a230b9fa5e58e47def27534e3d005bf9/execute/async - {"script":"<script> [776 bytes]","args":[{"enterText":"Bangalore","selector":{"id":"application-managepartners-display-component---NewPartner--addressDetailDetailsCity1","interaction":{"idSuffix":"inner"}},"clearTextFirst":true,"interactionType":"ENTER_TEXT"}]}
RESULT: {}
RESULT: {"script":"<script> [776 bytes]","args":[{"enterText":"Bangalore","selector":{"id":"application-managepartners-display-component---NewPartner--addressDetailDetailsCity1","interaction":{"idSuffix":"inner"}},"clearTextFirst":true,"interactionType":"ENTER_TEXT"}]}
COMMAND: POST /session/a230b9fa5e58e47def27534e3d005bf9/execute/async - {"script":"<script> [1562 bytes]","args":[{"selector":{"id":"application-managepartners-display-component---NewPartner--addressDetailDetailsCountry-arrow"},"wdio_ui5_key":"applicationmanagepartners-display-component---NewPartner--addressDetailDetailsCountry-arrow"}]}
RESULT: {"script":"<script> [1562 bytes]","args":[{"selector":{"id":"application-managepartners-display-component---NewPartner--addressDetailDetailsCountry-arrow"},"wdio_ui5_key":"applicationmanagepartners-display-component---NewPartner--addressDetailDetailsCountry-arrow"}]}
RESULT: undefined
COMMAND: POST /session/a230b9fa5e58e47def27534e3d005bf9/element - {"using":"xpath","value":"//*[@id=\"application-managepartners-display-component---NewPartner--addressDetailDetailsCountry-arrow\"]"}
RESULT: {"using":"xpath","value":"//*[@id=\"application-managepartners-display-component---NewPartner--addressDetailDetailsCountry-arrow\"]"}
COMMAND: POST /session/a230b9fa5e58e47def27534e3d005bf9/element/f.5A792F38359A1C743AD3061B3E5B94B4.d.4891C2D9B38BECBA6EDFD36ECC9C029D.e.11246/click - {}
RESULT: {}
COMMAND: POST /session/a230b9fa5e58e47def27534e3d005bf9/execute/async - {"script":"<script> [1562 bytes]","args":[{"selector":{"id":"application-managepartners-display-component---NewPartner--addressDetailDetailsCountry","interaction":{"idSuffix":"inner"}},"wdio_ui5_key":"applicationmanagepartners-display-component---NewPartner--addressDetailDetailsCountry"}]}
COMMAND: GET /session/a230b9fa5e58e47def27534e3d005bf9/screenshot - {}
RESULT: {"script":"<script> [1562 bytes]","args":[{"selector":{"id":"application-managepartners-display-component---NewPartner--addressDetailDetailsCountry","interaction":{"idSuffix":"inner"}},"wdio_ui5_key":"applicationmanagepartners-display-component---NewPartner--addressDetailDetailsCountry"}]}
RESULT: undefined
COMMAND: POST /session/a230b9fa5e58e47def27534e3d005bf9/execute/async - {"script":"<script> [776 bytes]","args":[{"enterText":"India","selector":{"id":"application-managepartners-display-component---NewPartner--addressDetailDetailsCountry","interaction":{"idSuffix":"inner"}},"clearTextFirst":true,"interactionType":"ENTER_TEXT"}]}
RESULT: {}
RESULT: {"script":"<script> [776 bytes]","args":[{"enterText":"India","selector":{"id":"application-managepartners-display-component---NewPartner--addressDetailDetailsCountry","interaction":{"idSuffix":"inner"}},"clearTextFirst":true,"interactionType":"ENTER_TEXT"}]}
COMMAND: POST /session/a230b9fa5e58e47def27534e3d005bf9/execute/async - {"script":"<script> [1562 bytes]","args":[{"selector":{"controlType":"sap.m.StandardListItem","viewName":"etm.portal.ui.managepartners.view.NewPartner","viewId":"application-managepartners-display-component---NewPartner","properties":{"title":"India"},"searchOpenDialogs":true,"interaction":{"idSuffix":"content"}},"wdio_ui5_key":"etmportal.ui.managepartners.view.NewPartnersap.m.StandardListItem{\"title\":\"India\"}"}]}
RESULT: {"script":"<script> [1562 bytes]","args":[{"selector":{"controlType":"sap.m.StandardListItem","viewName":"etm.portal.ui.managepartners.view.NewPartner","viewId":"application-managepartners-display-component---NewPartner","properties":{"title":"India"},"searchOpenDialogs":true,"interaction":{"idSuffix":"content"}},"wdio_ui5_key":"etmportal.ui.managepartners.view.NewPartnersap.m.StandardListItem{\"title\":\"India\"}"}]}
RESULT: undefined
COMMAND: POST /session/a230b9fa5e58e47def27534e3d005bf9/execute/async - {"script":"<script> [1562 bytes]","args":[{"selector":{"controlType":"sap.m.Button","viewName":"etm.portal.ui.managepartners.view.NewPartner","viewId":"application-managepartners-display-component---NewPartner","properties":{"text":"Commercial"},"interaction":{"idSuffix":"BDI-content"}},"wdio_ui5_key":"etmportal.ui.managepartners.view.NewPartnersap.m.Button{\"text\":\"Commercial\"}"}]}
RESULT: {"script":"<script> [1562 bytes]","args":[{"selector":{"controlType":"sap.m.Button","viewName":"etm.portal.ui.managepartners.view.NewPartner","viewId":"application-managepartners-display-component---NewPartner","properties":{"text":"Commercial"},"interaction":{"idSuffix":"BDI-content"}},"wdio_ui5_key":"etmportal.ui.managepartners.view.NewPartnersap.m.Button{\"text\":\"Commercial\"}"}]}
RESULT: undefined
COMMAND: POST /session/a230b9fa5e58e47def27534e3d005bf9/element - {"using":"xpath","value":"//*[@id=\"application-managepartners-display-component---NewPartner--ObjectPageLayout-anchBar-__section57-anchor\"]"}
RESULT: {"using":"xpath","value":"//*[@id=\"application-managepartners-display-component---NewPartner--ObjectPageLayout-anchBar-__section57-anchor\"]"}
COMMAND: POST /session/a230b9fa5e58e47def27534e3d005bf9/element/f.5A792F38359A1C743AD3061B3E5B94B4.d.4891C2D9B38BECBA6EDFD36ECC9C029D.e.11251/click - {}
RESULT: {}
COMMAND: POST /session/a230b9fa5e58e47def27534e3d005bf9/execute/async - {"script":"<script> [1562 bytes]","args":[{"selector":{"id":"application-managepartners-display-component---NewPartner--partnerDetailInternal-arrow"},"wdio_ui5_key":"applicationmanagepartners-display-component---NewPartner--partnerDetailInternal-arrow"}]}
COMMAND: GET /session/a230b9fa5e58e47def27534e3d005bf9/screenshot - {}
RESULT: {"script":"<script> [1562 bytes]","args":[{"selector":{"id":"application-managepartners-display-component---NewPartner--partnerDetailInternal-arrow"},"wdio_ui5_key":"applicationmanagepartners-display-component---NewPartner--partnerDetailInternal-arrow"}]}
RESULT: undefined
COMMAND: POST /session/a230b9fa5e58e47def27534e3d005bf9/element - {"using":"xpath","value":"//*[@id=\"application-managepartners-display-component---NewPartner--partnerDetailInternal-arrow\"]"}
RESULT: {}
RESULT: {"using":"xpath","value":"//*[@id=\"application-managepartners-display-component---NewPartner--partnerDetailInternal-arrow\"]"}
COMMAND: POST /session/a230b9fa5e58e47def27534e3d005bf9/element/f.5A792F38359A1C743AD3061B3E5B94B4.d.4891C2D9B38BECBA6EDFD36ECC9C029D.e.11256/click - {}
RESULT: {}
COMMAND: POST /session/a230b9fa5e58e47def27534e3d005bf9/execute/async - {"script":"<script> [1562 bytes]","args":[{"selector":{"controlType":"sap.m.StandardListItem","viewName":"etm.portal.ui.managepartners.view.NewPartner","viewId":"application-managepartners-display-component---NewPartner","properties":{"title":"External partner"},"searchOpenDialogs":true,"interaction":{"idSuffix":"content"}},"wdio_ui5_key":"etmportal.ui.managepartners.view.NewPartnersap.m.StandardListItem{\"title\":\"External partner\"}"}]}
COMMAND: GET /session/a230b9fa5e58e47def27534e3d005bf9/screenshot - {}
RESULT: {"script":"<script> [1562 bytes]","args":[{"selector":{"controlType":"sap.m.StandardListItem","viewName":"etm.portal.ui.managepartners.view.NewPartner","viewId":"application-managepartners-display-component---NewPartner","properties":{"title":"External partner"},"searchOpenDialogs":true,"interaction":{"idSuffix":"content"}},"wdio_ui5_key":"etmportal.ui.managepartners.view.NewPartnersap.m.StandardListItem{\"title\":\"External partner\"}"}]}
RESULT: undefined
COMMAND: POST /session/a230b9fa5e58e47def27534e3d005bf9/element - {"using":"xpath","value":"//*[@id=\"__item1089\"]"}
RESULT: {}
RESULT: {"using":"xpath","value":"//*[@id=\"__item1089\"]"}
COMMAND: POST /session/a230b9fa5e58e47def27534e3d005bf9/element/f.5A792F38359A1C743AD3061B3E5B94B4.d.4891C2D9B38BECBA6EDFD36ECC9C029D.e.11258/click - {}
RESULT: {}
COMMAND: POST /session/a230b9fa5e58e47def27534e3d005bf9/execute/async - {"script":"<script> [1562 bytes]","args":[{"selector":{"id":"application-managepartners-display-component---NewPartner--partnerDetailsCurrency-arrow"},"wdio_ui5_key":"applicationmanagepartners-display-component---NewPartner--partnerDetailsCurrency-arrow"}]}
COMMAND: GET /session/a230b9fa5e58e47def27534e3d005bf9/screenshot - {}
RESULT: {"script":"<script> [1562 bytes]","args":[{"selector":{"id":"application-managepartners-display-component---NewPartner--partnerDetailsCurrency-arrow"},"wdio_ui5_key":"applicationmanagepartners-display-component---NewPartner--partnerDetailsCurrency-arrow"}]}
RESULT: undefined
COMMAND: POST /session/a230b9fa5e58e47def27534e3d005bf9/element - {"using":"xpath","value":"//*[@id=\"application-managepartners-display-component---NewPartner--partnerDetailsCurrency-arrow\"]"}
RESULT: {}
RESULT: {"using":"xpath","value":"//*[@id=\"application-managepartners-display-component---NewPartner--partnerDetailsCurrency-arrow\"]"}
COMMAND: POST /session/a230b9fa5e58e47def27534e3d005bf9/element/f.5A792F38359A1C743AD3061B3E5B94B4.d.4891C2D9B38BECBA6EDFD36ECC9C029D.e.11263/click - {}
RESULT: {}
COMMAND: POST /session/a230b9fa5e58e47def27534e3d005bf9/execute/async - {"script":"<script> [1562 bytes]","args":[{"selector":{"controlType":"sap.m.StandardListItem","viewName":"etm.portal.ui.managepartners.view.NewPartner","viewId":"application-managepartners-display-component---NewPartner","properties":{"title":"Euro"},"searchOpenDialogs":true,"interaction":{"idSuffix":"content"}},"wdio_ui5_key":"etmportal.ui.managepartners.view.NewPartnersap.m.StandardListItem{\"title\":\"Euro\"}"}]}
COMMAND: GET /session/a230b9fa5e58e47def27534e3d005bf9/screenshot - {}
RESULT: {"script":"<script> [1562 bytes]","args":[{"selector":{"controlType":"sap.m.StandardListItem","viewName":"etm.portal.ui.managepartners.view.NewPartner","viewId":"application-managepartners-display-component---NewPartner","properties":{"title":"Euro"},"searchOpenDialogs":true,"interaction":{"idSuffix":"content"}},"wdio_ui5_key":"etmportal.ui.managepartners.view.NewPartnersap.m.StandardListItem{\"title\":\"Euro\"}"}]}
RESULT: undefined
COMMAND: POST /session/a230b9fa5e58e47def27534e3d005bf9/element - {"using":"xpath","value":"//*[@id=\"__item1091\"]"}
RESULT: {}
RESULT: {"using":"xpath","value":"//*[@id=\"__item1091\"]"}
COMMAND: POST /session/a230b9fa5e58e47def27534e3d005bf9/element/f.5A792F38359A1C743AD3061B3E5B94B4.d.4891C2D9B38BECBA6EDFD36ECC9C029D.e.11265/click - {}
RESULT: {}
COMMAND: POST /session/a230b9fa5e58e47def27534e3d005bf9/execute/async - {"script":"<script> [1562 bytes]","args":[{"selector":{"controlType":"sap.m.Button","viewName":"etm.portal.ui.managepartners.view.NewPartner","viewId":"application-managepartners-display-component---NewPartner","properties":{"text":"Assignments"},"interaction":{"idSuffix":"BDI-content"}},"wdio_ui5_key":"etmportal.ui.managepartners.view.NewPartnersap.m.Button{\"text\":\"Assignments\"}"}]}
COMMAND: GET /session/a230b9fa5e58e47def27534e3d005bf9/screenshot - {}
RESULT: {"script":"<script> [1562 bytes]","args":[{"selector":{"controlType":"sap.m.Button","viewName":"etm.portal.ui.managepartners.view.NewPartner","viewId":"application-managepartners-display-component---NewPartner","properties":{"text":"Assignments"},"interaction":{"idSuffix":"BDI-content"}},"wdio_ui5_key":"etmportal.ui.managepartners.view.NewPartnersap.m.Button{\"text\":\"Assignments\"}"}]}
RESULT: undefined
COMMAND: POST /session/a230b9fa5e58e47def27534e3d005bf9/element - {"using":"xpath","value":"//*[@id=\"application-managepartners-display-component---NewPartner--ObjectPageLayout-anchBar-__section61-anchor\"]"}
RESULT: {}
RESULT: {"using":"xpath","value":"//*[@id=\"application-managepartners-display-component---NewPartner--ObjectPageLayout-anchBar-__section61-anchor\"]"}
COMMAND: POST /session/a230b9fa5e58e47def27534e3d005bf9/element/f.5A792F38359A1C743AD3061B3E5B94B4.d.4891C2D9B38BECBA6EDFD36ECC9C029D.e.11267/click - {}
RESULT: {}
COMMAND: POST /session/a230b9fa5e58e47def27534e3d005bf9/execute/async - {"script":"<script> [1562 bytes]","args":[{"selector":{"id":"application-managepartners-display-component---NewPartner--btnAddTableRow","interaction":{"idSuffix":"inner"}},"wdio_ui5_key":"applicationmanagepartners-display-component---NewPartner--btnAddTableRow"}]}
COMMAND: GET /session/a230b9fa5e58e47def27534e3d005bf9/screenshot - {}
RESULT: {"script":"<script> [1562 bytes]","args":[{"selector":{"id":"application-managepartners-display-component---NewPartner--btnAddTableRow","interaction":{"idSuffix":"inner"}},"wdio_ui5_key":"applicationmanagepartners-display-component---NewPartner--btnAddTableRow"}]}
RESULT: undefined
COMMAND: POST /session/a230b9fa5e58e47def27534e3d005bf9/element - {"using":"xpath","value":"//*[@id=\"application-managepartners-display-component---NewPartner--btnAddTableRow\"]"}
RESULT: {}
RESULT: {"using":"xpath","value":"//*[@id=\"application-managepartners-display-component---NewPartner--btnAddTableRow\"]"}
COMMAND: POST /session/a230b9fa5e58e47def27534e3d005bf9/element/f.5A792F38359A1C743AD3061B3E5B94B4.d.4891C2D9B38BECBA6EDFD36ECC9C029D.e.11272/click - {}
RESULT: {}
COMMAND: POST /session/a230b9fa5e58e47def27534e3d005bf9/element - {"using":"css selector","value":"#application-managepartners-display-component---NewPartner--assignmentYard-application-managepartners-display-component---NewPartner--assignmentsTable-0-inner"}
COMMAND: GET /session/a230b9fa5e58e47def27534e3d005bf9/screenshot - {}
RESULT: {"using":"css selector","value":"#application-managepartners-display-component---NewPartner--assignmentYard-application-managepartners-display-component---NewPartner--assignmentsTable-0-inner"}
COMMAND: POST /session/a230b9fa5e58e47def27534e3d005bf9/element/f.5A792F38359A1C743AD3061B3E5B94B4.d.4891C2D9B38BECBA6EDFD36ECC9C029D.e.11274/clear - {}
RESULT: {}
RESULT: {}
COMMAND: POST /session/a230b9fa5e58e47def27534e3d005bf9/element/f.5A792F38359A1C743AD3061B3E5B94B4.d.4891C2D9B38BECBA6EDFD36ECC9C029D.e.11274/value - {"text":"341"}
COMMAND: GET /session/a230b9fa5e58e47def27534e3d005bf9/screenshot - {}
RESULT: {"text":"341"}
COMMAND: POST /session/a230b9fa5e58e47def27534e3d005bf9/execute/async - {"script":"<script> [1562 bytes]","args":[{"selector":{"id":"application-managepartners-display-component---NewPartner--assignmentYard-application-managepartners-display-component---NewPartner--assignmentsTable-0-arrow"},"wdio_ui5_key":"applicationmanagepartners-display-component---NewPartner--assignmentYard-application-managepartners-display-component---NewPartner--assignmentsTable-0-arrow"}]}
COMMAND: GET /session/a230b9fa5e58e47def27534e3d005bf9/screenshot - {}
RESULT: {}
RESULT: {"script":"<script> [1562 bytes]","args":[{"selector":{"id":"application-managepartners-display-component---NewPartner--assignmentYard-application-managepartners-display-component---NewPartner--assignmentsTable-0-arrow"},"wdio_ui5_key":"applicationmanagepartners-display-component---NewPartner--assignmentYard-application-managepartners-display-component---NewPartner--assignmentsTable-0-arrow"}]}
RESULT: undefined
COMMAND: POST /session/a230b9fa5e58e47def27534e3d005bf9/element - {"using":"xpath","value":"//*[@id=\"application-managepartners-display-component---NewPartner--assignmentYard-application-managepartners-display-component---NewPartner--assignmentsTable-0-arrow\"]"}
RESULT: {}
RESULT: {"using":"xpath","value":"//*[@id=\"application-managepartners-display-component---NewPartner--assignmentYard-application-managepartners-display-component---NewPartner--assignmentsTable-0-arrow\"]"}
COMMAND: POST /session/a230b9fa5e58e47def27534e3d005bf9/element/f.5A792F38359A1C743AD3061B3E5B94B4.d.4891C2D9B38BECBA6EDFD36ECC9C029D.e.11282/click - {}
RESULT: {}
COMMAND: GET /session/a230b9fa5e58e47def27534e3d005bf9/screenshot - {}
RESULT: {}
COMMAND: POST /session/a230b9fa5e58e47def27534e3d005bf9/execute/async - {"script":"<script> [1562 bytes]","args":[{"selector":{"controlType":"sap.m.Button","viewName":"etm.portal.ui.managepartners.view.NewPartner","viewId":"application-managepartners-display-component---NewPartner","i18NText":{"propertyName":"text","key":"save"},"interaction":{"idSuffix":"BDI-content"}},"wdio_ui5_key":"etmportal.ui.managepartners.view.NewPartnersap.m.Button{\"propertyName\":\"text\",\"key\":\"save\"}"}]}
RESULT: {"script":"<script> [1562 bytes]","args":[{"selector":{"controlType":"sap.m.Button","viewName":"etm.portal.ui.managepartners.view.NewPartner","viewId":"application-managepartners-display-component---NewPartner","i18NText":{"propertyName":"text","key":"save"},"interaction":{"idSuffix":"BDI-content"}},"wdio_ui5_key":"etmportal.ui.managepartners.view.NewPartnersap.m.Button{\"propertyName\":\"text\",\"key\":\"save\"}"}]}
RESULT: undefined
COMMAND: POST /session/a230b9fa5e58e47def27534e3d005bf9/element - {"using":"xpath","value":"//*[@id=\"__button127\"]"}
RESULT: {"using":"xpath","value":"//*[@id=\"__button127\"]"}
COMMAND: POST /session/a230b9fa5e58e47def27534e3d005bf9/element/f.5A792F38359A1C743AD3061B3E5B94B4.d.4891C2D9B38BECBA6EDFD36ECC9C029D.e.11189/click - {}
RESULT: {}
COMMAND: GET /session/a230b9fa5e58e47def27534e3d005bf9/screenshot - {}
RESULT: {}
COMMAND: POST /session/a230b9fa5e58e47def27534e3d005bf9/execute/async - {"script":"<script> [1562 bytes]","args":[{"selector":{"controlType":"sap.m.Text","viewName":"etm.portal.ui.managepartners.view.Detail","viewId":"application-managepartners-display-component---detailPtm","bindingPath":{"propertyPath":"ID","modelName":"catalogModel"}},"wdio_ui5_key":"etmportal.ui.managepartners.view.Detailsap.m.Text{\"propertyPath\":\"ID\",\"modelName\":\"catalogModel\"}"}]}
RESULT: {"script":"<script> [1562 bytes]","args":[{"selector":{"controlType":"sap.m.Text","viewName":"etm.portal.ui.managepartners.view.Detail","viewId":"application-managepartners-display-component---detailPtm","bindingPath":{"propertyPath":"ID","modelName":"catalogModel"}},"wdio_ui5_key":"etmportal.ui.managepartners.view.Detailsap.m.Text{\"propertyPath\":\"ID\",\"modelName\":\"catalogModel\"}"}]}
RESULT: undefined
COMMAND: POST /session/a230b9fa5e58e47def27534e3d005bf9/execute/async - {"script":"<script> [6424 bytes]","args":[{"element-6066-11e4-a52e-4f735466cecf":"f.5A792F38359A1C743AD3061B3E5B94B4.d.4891C2D9B38BECBA6EDFD36ECC9C029D.e.11449"},"getText",[]]}
RESULT: {"script":"<script> [6424 bytes]","args":[{"element-6066-11e4-a52e-4f735466cecf":"f.5A792F38359A1C743AD3061B3E5B94B4.d.4891C2D9B38BECBA6EDFD36ECC9C029D.e.11449"},"getText",[]]}
COMMAND: POST /session/a230b9fa5e58e47def27534e3d005bf9/element - {"using":"css selector","value":"#shell-header-logo"}
RESULT: {"using":"css selector","value":"#shell-header-logo"}
COMMAND: POST /session/a230b9fa5e58e47def27534e3d005bf9/element/f.5A792F38359A1C743AD3061B3E5B94B4.d.4891C2D9B38BECBA6EDFD36ECC9C029D.e.10773/click - {}
RESULT: {}
]]></system-out>
    </testcase>
    <testcase classname="chrome.135_0_7049_96.windows.Provide_to_Site_w/_warehouse_management_w/o_clarification_US113782_" name="Should create a new WHM Material" time="84.417">
      <system-out><![CDATA[
COMMAND: POST /session/a230b9fa5e58e47def27534e3d005bf9/execute/async - {"script":"<script> [1562 bytes]","args":[{"selector":{"controlType":"sap.m.GenericTile","properties":{"header":"Manage Resources"}},"wdio_ui5_key":"sapm.GenericTile{\"header\":\"Manage Resources\"}"}]}
COMMAND: GET /session/a230b9fa5e58e47def27534e3d005bf9/screenshot - {}
RESULT: {"script":"<script> [1562 bytes]","args":[{"selector":{"controlType":"sap.m.GenericTile","properties":{"header":"Manage Resources"}},"wdio_ui5_key":"sapm.GenericTile{\"header\":\"Manage Resources\"}"}]}
RESULT: undefined
COMMAND: POST /session/a230b9fa5e58e47def27534e3d005bf9/element - {"using":"xpath","value":"//*[@id=\"__tile39\"]"}
RESULT: {}
RESULT: {"using":"xpath","value":"//*[@id=\"__tile39\"]"}
COMMAND: POST /session/a230b9fa5e58e47def27534e3d005bf9/element/f.5A792F38359A1C743AD3061B3E5B94B4.d.4891C2D9B38BECBA6EDFD36ECC9C029D.e.11451/click - {}
RESULT: {}
COMMAND: POST /session/a230b9fa5e58e47def27534e3d005bf9/execute/async - {"script":"<script> [1562 bytes]","args":[{"selector":{"controlType":"sap.m.OverflowToolbarButton","viewName":"etm.portal.ui.manageresources.view.Master","viewId":"application-manageresources-display-component---masterRU","bindingPath":{"path":"","propertyPath":"/isLogbook","modelName":"minimumStockRPGModel"},"interaction":{"idSuffix":"inner"}},"wdio_ui5_key":"etmportal.ui.manageresources.view.Mastersap.m.OverflowToolbarButton{\"path\":\"\",\"propertyPath\":\"/isLogbook\",\"modelName\":\"minimumStockRPGModel\"}"}]}
COMMAND: GET /session/a230b9fa5e58e47def27534e3d005bf9/screenshot - {}
RESULT: {"script":"<script> [1562 bytes]","args":[{"selector":{"controlType":"sap.m.OverflowToolbarButton","viewName":"etm.portal.ui.manageresources.view.Master","viewId":"application-manageresources-display-component---masterRU","bindingPath":{"path":"","propertyPath":"/isLogbook","modelName":"minimumStockRPGModel"},"interaction":{"idSuffix":"inner"}},"wdio_ui5_key":"etmportal.ui.manageresources.view.Mastersap.m.OverflowToolbarButton{\"path\":\"\",\"propertyPath\":\"/isLogbook\",\"modelName\":\"minimumStockRPGModel\"}"}]}
RESULT: undefined
COMMAND: POST /session/a230b9fa5e58e47def27534e3d005bf9/element - {"using":"xpath","value":"//*[@id=\"__button168\"]"}
RESULT: {}
RESULT: {"using":"xpath","value":"//*[@id=\"__button168\"]"}
COMMAND: POST /session/a230b9fa5e58e47def27534e3d005bf9/element/f.5A792F38359A1C743AD3061B3E5B94B4.d.4891C2D9B38BECBA6EDFD36ECC9C029D.e.11493/click - {}
RESULT: {}
COMMAND: GET /session/a230b9fa5e58e47def27534e3d005bf9/screenshot - {}
RESULT: {}
COMMAND: POST /session/a230b9fa5e58e47def27534e3d005bf9/execute/async - {"script":"<script> [1562 bytes]","args":[{"selector":{"id":"application-manageresources-display-component---newResourceUnit--TYPE-arrow"},"wdio_ui5_key":"applicationmanageresources-display-component---newResourceUnit--TYPE-arrow"}]}
RESULT: {"script":"<script> [1562 bytes]","args":[{"selector":{"id":"application-manageresources-display-component---newResourceUnit--TYPE-arrow"},"wdio_ui5_key":"applicationmanageresources-display-component---newResourceUnit--TYPE-arrow"}]}
RESULT: undefined
COMMAND: POST /session/a230b9fa5e58e47def27534e3d005bf9/element - {"using":"xpath","value":"//*[@id=\"application-manageresources-display-component---newResourceUnit--TYPE-arrow\"]"}
RESULT: {"using":"xpath","value":"//*[@id=\"application-manageresources-display-component---newResourceUnit--TYPE-arrow\"]"}
COMMAND: POST /session/a230b9fa5e58e47def27534e3d005bf9/element/f.5A792F38359A1C743AD3061B3E5B94B4.d.4891C2D9B38BECBA6EDFD36ECC9C029D.e.11812/click - {}
RESULT: {}
COMMAND: POST /session/a230b9fa5e58e47def27534e3d005bf9/execute/async - {"script":"<script> [1562 bytes]","args":[{"selector":{"controlType":"sap.m.StandardListItem","viewName":"reusables.view.manageresources.NewResourceUnit","viewId":"application-manageresources-display-component---newResourceUnit","properties":{"title":"Material"},"searchOpenDialogs":true,"interaction":{"idSuffix":"content"}},"wdio_ui5_key":"reusablesview.manageresources.NewResourceUnitsap.m.StandardListItem{\"title\":\"Material\"}"}]}
COMMAND: GET /session/a230b9fa5e58e47def27534e3d005bf9/screenshot - {}
RESULT: {"script":"<script> [1562 bytes]","args":[{"selector":{"controlType":"sap.m.StandardListItem","viewName":"reusables.view.manageresources.NewResourceUnit","viewId":"application-manageresources-display-component---newResourceUnit","properties":{"title":"Material"},"searchOpenDialogs":true,"interaction":{"idSuffix":"content"}},"wdio_ui5_key":"reusablesview.manageresources.NewResourceUnitsap.m.StandardListItem{\"title\":\"Material\"}"}]}
RESULT: undefined
COMMAND: POST /session/a230b9fa5e58e47def27534e3d005bf9/element - {"using":"xpath","value":"//*[@id=\"__item1372\"]"}
RESULT: {}
RESULT: {"using":"xpath","value":"//*[@id=\"__item1372\"]"}
COMMAND: POST /session/a230b9fa5e58e47def27534e3d005bf9/element/f.5A792F38359A1C743AD3061B3E5B94B4.d.4891C2D9B38BECBA6EDFD36ECC9C029D.e.11815/click - {}
RESULT: {}
COMMAND: POST /session/a230b9fa5e58e47def27534e3d005bf9/execute/async - {"script":"<script> [1562 bytes]","args":[{"selector":{"id":"application-manageresources-display-component---newResourceUnit--resourceId","interaction":{"idSuffix":"inner"}},"wdio_ui5_key":"applicationmanageresources-display-component---newResourceUnit--resourceId"}]}
COMMAND: GET /session/a230b9fa5e58e47def27534e3d005bf9/screenshot - {}
RESULT: {"script":"<script> [1562 bytes]","args":[{"selector":{"id":"application-manageresources-display-component---newResourceUnit--resourceId","interaction":{"idSuffix":"inner"}},"wdio_ui5_key":"applicationmanageresources-display-component---newResourceUnit--resourceId"}]}
RESULT: undefined
COMMAND: POST /session/a230b9fa5e58e47def27534e3d005bf9/execute/async - {"script":"<script> [1562 bytes]","args":[{"selector":{"id":"application-manageresources-display-component---newResourceUnit--SHORT_TEXT","interaction":{"idSuffix":"inner"}},"wdio_ui5_key":"applicationmanageresources-display-component---newResourceUnit--SHORT_TEXT"}]}
RESULT: {}
RESULT: {"script":"<script> [1562 bytes]","args":[{"selector":{"id":"application-manageresources-display-component---newResourceUnit--SHORT_TEXT","interaction":{"idSuffix":"inner"}},"wdio_ui5_key":"applicationmanageresources-display-component---newResourceUnit--SHORT_TEXT"}]}
RESULT: undefined
COMMAND: POST /session/a230b9fa5e58e47def27534e3d005bf9/execute/async - {"script":"<script> [776 bytes]","args":[{"enterText":"material WHM","selector":{"id":"application-manageresources-display-component---newResourceUnit--SHORT_TEXT","interaction":{"idSuffix":"inner"}},"clearTextFirst":true,"interactionType":"ENTER_TEXT"}]}
RESULT: {"script":"<script> [776 bytes]","args":[{"enterText":"material WHM","selector":{"id":"application-manageresources-display-component---newResourceUnit--SHORT_TEXT","interaction":{"idSuffix":"inner"}},"clearTextFirst":true,"interactionType":"ENTER_TEXT"}]}
COMMAND: POST /session/a230b9fa5e58e47def27534e3d005bf9/execute/async - {"script":"<script> [1562 bytes]","args":[{"selector":{"id":"application-manageresources-display-component---newResourceUnit--BASE_UNIT_OF_MEASURE","interaction":{"idSuffix":"inner"}},"wdio_ui5_key":"applicationmanageresources-display-component---newResourceUnit--BASE_UNIT_OF_MEASURE"}]}
RESULT: {"script":"<script> [1562 bytes]","args":[{"selector":{"id":"application-manageresources-display-component---newResourceUnit--BASE_UNIT_OF_MEASURE","interaction":{"idSuffix":"inner"}},"wdio_ui5_key":"applicationmanageresources-display-component---newResourceUnit--BASE_UNIT_OF_MEASURE"}]}
RESULT: undefined
COMMAND: POST /session/a230b9fa5e58e47def27534e3d005bf9/execute/async - {"script":"<script> [776 bytes]","args":[{"enterText":"Piece","selector":{"id":"application-manageresources-display-component---newResourceUnit--BASE_UNIT_OF_MEASURE","interaction":{"idSuffix":"inner"}},"clearTextFirst":true,"interactionType":"ENTER_TEXT"}]}
RESULT: {"script":"<script> [776 bytes]","args":[{"enterText":"Piece","selector":{"id":"application-manageresources-display-component---newResourceUnit--BASE_UNIT_OF_MEASURE","interaction":{"idSuffix":"inner"}},"clearTextFirst":true,"interactionType":"ENTER_TEXT"}]}
COMMAND: POST /session/a230b9fa5e58e47def27534e3d005bf9/execute/async - {"script":"<script> [1562 bytes]","args":[{"selector":{"id":"application-manageresources-display-component---newResourceUnit--WEIGHT_UNIT","interaction":{"idSuffix":"inner"}},"wdio_ui5_key":"applicationmanageresources-display-component---newResourceUnit--WEIGHT_UNIT"}]}
RESULT: {"script":"<script> [1562 bytes]","args":[{"selector":{"id":"application-manageresources-display-component---newResourceUnit--WEIGHT_UNIT","interaction":{"idSuffix":"inner"}},"wdio_ui5_key":"applicationmanageresources-display-component---newResourceUnit--WEIGHT_UNIT"}]}
RESULT: undefined
COMMAND: POST /session/a230b9fa5e58e47def27534e3d005bf9/execute/async - {"script":"<script> [776 bytes]","args":[{"enterText":"Gram","selector":{"id":"application-manageresources-display-component---newResourceUnit--WEIGHT_UNIT","interaction":{"idSuffix":"inner"}},"clearTextFirst":true,"interactionType":"ENTER_TEXT"}]}
RESULT: {"script":"<script> [776 bytes]","args":[{"enterText":"Gram","selector":{"id":"application-manageresources-display-component---newResourceUnit--WEIGHT_UNIT","interaction":{"idSuffix":"inner"}},"clearTextFirst":true,"interactionType":"ENTER_TEXT"}]}
COMMAND: POST /session/a230b9fa5e58e47def27534e3d005bf9/execute/async - {"script":"<script> [1562 bytes]","args":[{"selector":{"id":"application-manageresources-display-component---newResourceUnit--DIMENSION_UNIT","interaction":{"idSuffix":"inner"}},"wdio_ui5_key":"applicationmanageresources-display-component---newResourceUnit--DIMENSION_UNIT"}]}
RESULT: {"script":"<script> [1562 bytes]","args":[{"selector":{"id":"application-manageresources-display-component---newResourceUnit--DIMENSION_UNIT","interaction":{"idSuffix":"inner"}},"wdio_ui5_key":"applicationmanageresources-display-component---newResourceUnit--DIMENSION_UNIT"}]}
RESULT: undefined
COMMAND: POST /session/a230b9fa5e58e47def27534e3d005bf9/execute/async - {"script":"<script> [776 bytes]","args":[{"enterText":"Meter","selector":{"id":"application-manageresources-display-component---newResourceUnit--DIMENSION_UNIT","interaction":{"idSuffix":"inner"}},"clearTextFirst":true,"interactionType":"ENTER_TEXT"}]}
RESULT: {"script":"<script> [776 bytes]","args":[{"enterText":"Meter","selector":{"id":"application-manageresources-display-component---newResourceUnit--DIMENSION_UNIT","interaction":{"idSuffix":"inner"}},"clearTextFirst":true,"interactionType":"ENTER_TEXT"}]}
COMMAND: POST /session/a230b9fa5e58e47def27534e3d005bf9/execute/async - {"script":"<script> [1562 bytes]","args":[{"selector":{"id":"application-manageresources-display-component---newResourceUnit--newRRUPage-anchBar-application-manageresources-display-component---newResourceUnit--control-anchor","interaction":{"idSuffix":"content"}},"wdio_ui5_key":"applicationmanageresources-display-component---newResourceUnit--newRRUPage-anchBar-application-manageresources-display-component---newResourceUnit--control-anchor"}]}
RESULT: {"script":"<script> [1562 bytes]","args":[{"selector":{"id":"application-manageresources-display-component---newResourceUnit--newRRUPage-anchBar-application-manageresources-display-component---newResourceUnit--control-anchor","interaction":{"idSuffix":"content"}},"wdio_ui5_key":"applicationmanageresources-display-component---newResourceUnit--newRRUPage-anchBar-application-manageresources-display-component---newResourceUnit--control-anchor"}]}
RESULT: undefined
COMMAND: POST /session/a230b9fa5e58e47def27534e3d005bf9/element - {"using":"xpath","value":"//*[@id=\"application-manageresources-display-component---newResourceUnit--newRRUPage-anchBar-application-manageresources-display-component---newResourceUnit--control-anchor\"]"}
RESULT: {"using":"xpath","value":"//*[@id=\"application-manageresources-display-component---newResourceUnit--newRRUPage-anchBar-application-manageresources-display-component---newResourceUnit--control-anchor\"]"}
COMMAND: POST /session/a230b9fa5e58e47def27534e3d005bf9/element/f.5A792F38359A1C743AD3061B3E5B94B4.d.4891C2D9B38BECBA6EDFD36ECC9C029D.e.11879/click - {}
RESULT: {}
COMMAND: POST /session/a230b9fa5e58e47def27534e3d005bf9/execute/async - {"script":"<script> [1562 bytes]","args":[{"selector":{"id":"application-manageresources-display-component---newResourceUnit--PLANNING_GROUP","interaction":{"idSuffix":"inner"}},"wdio_ui5_key":"applicationmanageresources-display-component---newResourceUnit--PLANNING_GROUP"}]}
COMMAND: GET /session/a230b9fa5e58e47def27534e3d005bf9/screenshot - {}
RESULT: {"script":"<script> [1562 bytes]","args":[{"selector":{"id":"application-manageresources-display-component---newResourceUnit--PLANNING_GROUP","interaction":{"idSuffix":"inner"}},"wdio_ui5_key":"applicationmanageresources-display-component---newResourceUnit--PLANNING_GROUP"}]}
RESULT: undefined
COMMAND: POST /session/a230b9fa5e58e47def27534e3d005bf9/execute/async - {"script":"<script> [776 bytes]","args":[{"enterText":"Heavy Equi","selector":{"id":"application-manageresources-display-component---newResourceUnit--PLANNING_GROUP","interaction":{"idSuffix":"inner"}},"clearTextFirst":true,"interactionType":"ENTER_TEXT"}]}
RESULT: {}
RESULT: {"script":"<script> [776 bytes]","args":[{"enterText":"Heavy Equi","selector":{"id":"application-manageresources-display-component---newResourceUnit--PLANNING_GROUP","interaction":{"idSuffix":"inner"}},"clearTextFirst":true,"interactionType":"ENTER_TEXT"}]}
COMMAND: POST /session/a230b9fa5e58e47def27534e3d005bf9/execute/async - {"script":"<script> [1562 bytes]","args":[{"selector":{"id":"application-manageresources-display-component---newResourceUnit--PLANNING_INDICATOR","interaction":{"idSuffix":"inner"}},"wdio_ui5_key":"applicationmanageresources-display-component---newResourceUnit--PLANNING_INDICATOR"}]}
RESULT: {"script":"<script> [1562 bytes]","args":[{"selector":{"id":"application-manageresources-display-component---newResourceUnit--PLANNING_INDICATOR","interaction":{"idSuffix":"inner"}},"wdio_ui5_key":"applicationmanageresources-display-component---newResourceUnit--PLANNING_INDICATOR"}]}
RESULT: undefined
COMMAND: POST /session/a230b9fa5e58e47def27534e3d005bf9/execute/async - {"script":"<script> [776 bytes]","args":[{"enterText":"10 - infinite","selector":{"id":"application-manageresources-display-component---newResourceUnit--PLANNING_INDICATOR","interaction":{"idSuffix":"inner"}},"clearTextFirst":true,"interactionType":"ENTER_TEXT"}]}
RESULT: {"script":"<script> [776 bytes]","args":[{"enterText":"10 - infinite","selector":{"id":"application-manageresources-display-component---newResourceUnit--PLANNING_INDICATOR","interaction":{"idSuffix":"inner"}},"clearTextFirst":true,"interactionType":"ENTER_TEXT"}]}
COMMAND: POST /session/a230b9fa5e58e47def27534e3d005bf9/actions - {"actions":[{"id":"action40","type":"key","parameters":{},"actions":[{"type":"keyDown","value":"î€‡"},{"type":"pause","duration":10},{"type":"keyUp","value":"î€‡"}]}]}
RESULT: {"actions":[{"id":"action40","type":"key","parameters":{},"actions":[{"type":"keyDown","value":"î€‡"},{"type":"pause","duration":10},{"type":"keyUp","value":"î€‡"}]}]}
COMMAND: POST /session/a230b9fa5e58e47def27534e3d005bf9/execute/async - {"script":"<script> [1562 bytes]","args":[{"selector":{"id":"application-manageresources-display-component---newResourceUnit--ITEM_TYPE-arrow"},"wdio_ui5_key":"applicationmanageresources-display-component---newResourceUnit--ITEM_TYPE-arrow"}]}
COMMAND: GET /session/a230b9fa5e58e47def27534e3d005bf9/screenshot - {}
RESULT: {"script":"<script> [1562 bytes]","args":[{"selector":{"id":"application-manageresources-display-component---newResourceUnit--ITEM_TYPE-arrow"},"wdio_ui5_key":"applicationmanageresources-display-component---newResourceUnit--ITEM_TYPE-arrow"}]}
RESULT: undefined
COMMAND: POST /session/a230b9fa5e58e47def27534e3d005bf9/element - {"using":"xpath","value":"//*[@id=\"application-manageresources-display-component---newResourceUnit--ITEM_TYPE-arrow\"]"}
RESULT: {}
RESULT: {"using":"xpath","value":"//*[@id=\"application-manageresources-display-component---newResourceUnit--ITEM_TYPE-arrow\"]"}
COMMAND: POST /session/a230b9fa5e58e47def27534e3d005bf9/element/f.5A792F38359A1C743AD3061B3E5B94B4.d.4891C2D9B38BECBA6EDFD36ECC9C029D.e.11887/click - {}
RESULT: {}
COMMAND: POST /session/a230b9fa5e58e47def27534e3d005bf9/execute/async - {"script":"<script> [1562 bytes]","args":[{"selector":{"controlType":"sap.m.StandardListItem","viewName":"reusables.view.manageresources.NewResourceUnit","viewId":"application-manageresources-display-component---newResourceUnit","properties":{"title":"Resource Unit"},"searchOpenDialogs":true,"interaction":{"idSuffix":"titleText"}},"wdio_ui5_key":"reusablesview.manageresources.NewResourceUnitsap.m.StandardListItem{\"title\":\"Resource Unit\"}"}]}
COMMAND: GET /session/a230b9fa5e58e47def27534e3d005bf9/screenshot - {}
RESULT: {"script":"<script> [1562 bytes]","args":[{"selector":{"controlType":"sap.m.StandardListItem","viewName":"reusables.view.manageresources.NewResourceUnit","viewId":"application-manageresources-display-component---newResourceUnit","properties":{"title":"Resource Unit"},"searchOpenDialogs":true,"interaction":{"idSuffix":"titleText"}},"wdio_ui5_key":"reusablesview.manageresources.NewResourceUnitsap.m.StandardListItem{\"title\":\"Resource Unit\"}"}]}
RESULT: undefined
RESULT: {}
COMMAND: POST /session/a230b9fa5e58e47def27534e3d005bf9/execute/async - {"script":"<script> [1562 bytes]","args":[{"selector":{"controlType":"sap.m.Label","viewName":"reusables.view.manageresources.NewResourceUnit","viewId":"application-manageresources-display-component---newResourceUnit","i18NText":{"propertyName":"text","key":"planningGroup"},"interaction":{"idSuffix":"bdi"}},"wdio_ui5_key":"reusablesview.manageresources.NewResourceUnitsap.m.Label{\"propertyName\":\"text\",\"key\":\"planningGroup\"}"}]}
RESULT: {"script":"<script> [1562 bytes]","args":[{"selector":{"controlType":"sap.m.Label","viewName":"reusables.view.manageresources.NewResourceUnit","viewId":"application-manageresources-display-component---newResourceUnit","i18NText":{"propertyName":"text","key":"planningGroup"},"interaction":{"idSuffix":"bdi"}},"wdio_ui5_key":"reusablesview.manageresources.NewResourceUnitsap.m.Label{\"propertyName\":\"text\",\"key\":\"planningGroup\"}"}]}
RESULT: undefined
COMMAND: POST /session/a230b9fa5e58e47def27534e3d005bf9/element - {"using":"xpath","value":"//*[@id=\"__label263\"]"}
RESULT: {"using":"xpath","value":"//*[@id=\"__label263\"]"}
COMMAND: POST /session/a230b9fa5e58e47def27534e3d005bf9/element/f.5A792F38359A1C743AD3061B3E5B94B4.d.4891C2D9B38BECBA6EDFD36ECC9C029D.e.11889/click - {}
RESULT: {}
COMMAND: GET /session/a230b9fa5e58e47def27534e3d005bf9/screenshot - {}
RESULT: {}
COMMAND: POST /session/a230b9fa5e58e47def27534e3d005bf9/actions - {"actions":[{"type":"key","id":"keyboard","actions":[{"type":"keyDown","value":"î›"}]}]}
RESULT: {"actions":[{"type":"key","id":"keyboard","actions":[{"type":"keyDown","value":"î›"}]}]}
COMMAND: GET /session/a230b9fa5e58e47def27534e3d005bf9/screenshot - {}
RESULT: {}
COMMAND: POST /session/a230b9fa5e58e47def27534e3d005bf9/actions - {"actions":[{"type":"key","id":"keyboard","actions":[{"type":"keyDown","value":"î›"}]}]}
RESULT: {"actions":[{"type":"key","id":"keyboard","actions":[{"type":"keyDown","value":"î›"}]}]}
COMMAND: GET /session/a230b9fa5e58e47def27534e3d005bf9/screenshot - {}
RESULT: {}
COMMAND: POST /session/a230b9fa5e58e47def27534e3d005bf9/actions - {"actions":[{"type":"key","id":"keyboard","actions":[{"type":"keyDown","value":"î›"}]}]}
RESULT: {"actions":[{"type":"key","id":"keyboard","actions":[{"type":"keyDown","value":"î›"}]}]}
COMMAND: GET /session/a230b9fa5e58e47def27534e3d005bf9/screenshot - {}
RESULT: {}
COMMAND: POST /session/a230b9fa5e58e47def27534e3d005bf9/actions - {"actions":[{"type":"key","id":"keyboard","actions":[{"type":"keyDown","value":"î›"}]}]}
RESULT: {"actions":[{"type":"key","id":"keyboard","actions":[{"type":"keyDown","value":"î›"}]}]}
COMMAND: GET /session/a230b9fa5e58e47def27534e3d005bf9/screenshot - {}
RESULT: {}
COMMAND: POST /session/a230b9fa5e58e47def27534e3d005bf9/actions - {"actions":[{"type":"key","id":"keyboard","actions":[{"type":"keyDown","value":"î›"}]}]}
RESULT: {"actions":[{"type":"key","id":"keyboard","actions":[{"type":"keyDown","value":"î›"}]}]}
COMMAND: GET /session/a230b9fa5e58e47def27534e3d005bf9/screenshot - {}
RESULT: {}
COMMAND: POST /session/a230b9fa5e58e47def27534e3d005bf9/actions - {"actions":[{"type":"key","id":"keyboard","actions":[{"type":"keyDown","value":"î›"}]}]}
RESULT: {"actions":[{"type":"key","id":"keyboard","actions":[{"type":"keyDown","value":"î›"}]}]}
COMMAND: GET /session/a230b9fa5e58e47def27534e3d005bf9/screenshot - {}
RESULT: {}
COMMAND: POST /session/a230b9fa5e58e47def27534e3d005bf9/execute/async - {"script":"<script> [1562 bytes]","args":[{"selector":{"id":"application-manageresources-display-component---newResourceUnit--btnAddTimeSegment-img"},"wdio_ui5_key":"applicationmanageresources-display-component---newResourceUnit--btnAddTimeSegment-img"}]}
RESULT: {"script":"<script> [1562 bytes]","args":[{"selector":{"id":"application-manageresources-display-component---newResourceUnit--btnAddTimeSegment-img"},"wdio_ui5_key":"applicationmanageresources-display-component---newResourceUnit--btnAddTimeSegment-img"}]}
RESULT: undefined
COMMAND: POST /session/a230b9fa5e58e47def27534e3d005bf9/element - {"using":"xpath","value":"//*[@id=\"application-manageresources-display-component---newResourceUnit--btnAddTimeSegment-img\"]"}
RESULT: {"using":"xpath","value":"//*[@id=\"application-manageresources-display-component---newResourceUnit--btnAddTimeSegment-img\"]"}
COMMAND: POST /session/a230b9fa5e58e47def27534e3d005bf9/element/f.5A792F38359A1C743AD3061B3E5B94B4.d.4891C2D9B38BECBA6EDFD36ECC9C029D.e.11890/click - {}
RESULT: {}
COMMAND: POST /session/a230b9fa5e58e47def27534e3d005bf9/element - {"using":"xpath","value":"//input[@id=\"application-manageresources-display-component---newResourceUnit--idRuTSAdmin-application-manageresources-display-component---newResourceUnit--RUTimeSegment-0-inner\"]"}
COMMAND: GET /session/a230b9fa5e58e47def27534e3d005bf9/screenshot - {}
RESULT: {"using":"xpath","value":"//input[@id=\"application-manageresources-display-component---newResourceUnit--idRuTSAdmin-application-manageresources-display-component---newResourceUnit--RUTimeSegment-0-inner\"]"}
COMMAND: POST /session/a230b9fa5e58e47def27534e3d005bf9/element/f.5A792F38359A1C743AD3061B3E5B94B4.d.4891C2D9B38BECBA6EDFD36ECC9C029D.e.11893/clear - {}
RESULT: {}
RESULT: {}
COMMAND: POST /session/a230b9fa5e58e47def27534e3d005bf9/element/f.5A792F38359A1C743AD3061B3E5B94B4.d.4891C2D9B38BECBA6EDFD36ECC9C029D.e.11893/value - {"text":"341"}
COMMAND: GET /session/a230b9fa5e58e47def27534e3d005bf9/screenshot - {}
RESULT: {"text":"341"}
COMMAND: GET /session/a230b9fa5e58e47def27534e3d005bf9/screenshot - {}
RESULT: {}
RESULT: {}
COMMAND: POST /session/a230b9fa5e58e47def27534e3d005bf9/actions - {"actions":[{"id":"action41","type":"key","parameters":{},"actions":[{"type":"keyDown","value":"î€‡"},{"type":"pause","duration":10},{"type":"keyUp","value":"î€‡"}]}]}
RESULT: {"actions":[{"id":"action41","type":"key","parameters":{},"actions":[{"type":"keyDown","value":"î€‡"},{"type":"pause","duration":10},{"type":"keyUp","value":"î€‡"}]}]}
COMMAND: GET /session/a230b9fa5e58e47def27534e3d005bf9/screenshot - {}
RESULT: {}
COMMAND: POST /session/a230b9fa5e58e47def27534e3d005bf9/execute/async - {"script":"<script> [1562 bytes]","args":[{"selector":{"controlType":"sap.m.Button","viewName":"reusables.view.manageresources.NewResourceUnit","viewId":"application-manageresources-display-component---newResourceUnit","i18NText":{"propertyName":"tooltip","key":"save"},"interaction":{"idSuffix":"BDI-content"}},"wdio_ui5_key":"reusablesview.manageresources.NewResourceUnitsap.m.Button{\"propertyName\":\"tooltip\",\"key\":\"save\"}"}]}
RESULT: {"script":"<script> [1562 bytes]","args":[{"selector":{"controlType":"sap.m.Button","viewName":"reusables.view.manageresources.NewResourceUnit","viewId":"application-manageresources-display-component---newResourceUnit","i18NText":{"propertyName":"tooltip","key":"save"},"interaction":{"idSuffix":"BDI-content"}},"wdio_ui5_key":"reusablesview.manageresources.NewResourceUnitsap.m.Button{\"propertyName\":\"tooltip\",\"key\":\"save\"}"}]}
RESULT: undefined
COMMAND: POST /session/a230b9fa5e58e47def27534e3d005bf9/element - {"using":"xpath","value":"//*[@id=\"application-manageresources-display-component---newResourceUnit--createRuButton\"]"}
RESULT: {"using":"xpath","value":"//*[@id=\"application-manageresources-display-component---newResourceUnit--createRuButton\"]"}
COMMAND: POST /session/a230b9fa5e58e47def27534e3d005bf9/element/f.5A792F38359A1C743AD3061B3E5B94B4.d.4891C2D9B38BECBA6EDFD36ECC9C029D.e.11828/click - {}
RESULT: {}
COMMAND: POST /session/a230b9fa5e58e47def27534e3d005bf9/execute/async - {"script":"<script> [1562 bytes]","args":[{"selector":{"controlType":"sap.m.Button","properties":{"text":"Close"},"searchOpenDialogs":true,"interaction":{"idSuffix":"BDI-content"}},"wdio_ui5_key":"sapm.Button{\"text\":\"Close\"}"}]}
COMMAND: GET /session/a230b9fa5e58e47def27534e3d005bf9/screenshot - {}
RESULT: {"script":"<script> [1562 bytes]","args":[{"selector":{"controlType":"sap.m.Button","properties":{"text":"Close"},"searchOpenDialogs":true,"interaction":{"idSuffix":"BDI-content"}},"wdio_ui5_key":"sapm.Button{\"text\":\"Close\"}"}]}
RESULT: undefined
COMMAND: POST /session/a230b9fa5e58e47def27534e3d005bf9/element - {"using":"xpath","value":"//*[@id=\"__mbox-btn-0\"]"}
RESULT: {}
RESULT: {"using":"xpath","value":"//*[@id=\"__mbox-btn-0\"]"}
COMMAND: POST /session/a230b9fa5e58e47def27534e3d005bf9/element/f.5A792F38359A1C743AD3061B3E5B94B4.d.4891C2D9B38BECBA6EDFD36ECC9C029D.e.11905/click - {}
RESULT: {}
COMMAND: GET /session/a230b9fa5e58e47def27534e3d005bf9/screenshot - {}
RESULT: {}
COMMAND: POST /session/a230b9fa5e58e47def27534e3d005bf9/execute/async - {"script":"<script> [1562 bytes]","args":[{"selector":{"controlType":"sap.m.Text","viewName":"etm.portal.ui.manageresources.view.Detail","viewId":"application-manageresources-display-component---detailRU","bindingPath":{"propertyPath":"ID","modelName":"catalogModel"}},"wdio_ui5_key":"etmportal.ui.manageresources.view.Detailsap.m.Text{\"propertyPath\":\"ID\",\"modelName\":\"catalogModel\"}"}]}
RESULT: {"script":"<script> [1562 bytes]","args":[{"selector":{"controlType":"sap.m.Text","viewName":"etm.portal.ui.manageresources.view.Detail","viewId":"application-manageresources-display-component---detailRU","bindingPath":{"propertyPath":"ID","modelName":"catalogModel"}},"wdio_ui5_key":"etmportal.ui.manageresources.view.Detailsap.m.Text{\"propertyPath\":\"ID\",\"modelName\":\"catalogModel\"}"}]}
RESULT: undefined
COMMAND: POST /session/a230b9fa5e58e47def27534e3d005bf9/execute/async - {"script":"<script> [6424 bytes]","args":[{"element-6066-11e4-a52e-4f735466cecf":"f.5A792F38359A1C743AD3061B3E5B94B4.d.4891C2D9B38BECBA6EDFD36ECC9C029D.e.11941"},"getText",[]]}
RESULT: {"script":"<script> [6424 bytes]","args":[{"element-6066-11e4-a52e-4f735466cecf":"f.5A792F38359A1C743AD3061B3E5B94B4.d.4891C2D9B38BECBA6EDFD36ECC9C029D.e.11941"},"getText",[]]}
COMMAND: POST /session/a230b9fa5e58e47def27534e3d005bf9/element - {"using":"css selector","value":"#shell-header-logo"}
RESULT: {"using":"css selector","value":"#shell-header-logo"}
COMMAND: POST /session/a230b9fa5e58e47def27534e3d005bf9/element/f.5A792F38359A1C743AD3061B3E5B94B4.d.4891C2D9B38BECBA6EDFD36ECC9C029D.e.11453/click - {}
RESULT: {}
COMMAND: GET /session/a230b9fa5e58e47def27534e3d005bf9/screenshot - {}
RESULT: {}
]]></system-out>
    </testcase>
    <testcase classname="chrome.135_0_7049_96.windows.Provide_to_Site_w/_warehouse_management_w/o_clarification_US113782_" name="Bin Status Report Should Create New Organization yard" time="42.619">
      <system-out><![CDATA[
COMMAND: POST /session/a230b9fa5e58e47def27534e3d005bf9/execute/async - {"script":"<script> [1562 bytes]","args":[{"selector":{"controlType":"sap.m.GenericTile","properties":{"header":"Bin Status Report"}},"wdio_ui5_key":"sapm.GenericTile{\"header\":\"Bin Status Report\"}"}]}
RESULT: {"script":"<script> [1562 bytes]","args":[{"selector":{"controlType":"sap.m.GenericTile","properties":{"header":"Bin Status Report"}},"wdio_ui5_key":"sapm.GenericTile{\"header\":\"Bin Status Report\"}"}]}
RESULT: undefined
COMMAND: POST /session/a230b9fa5e58e47def27534e3d005bf9/element - {"using":"xpath","value":"//*[@id=\"__tile104\"]"}
RESULT: {"using":"xpath","value":"//*[@id=\"__tile104\"]"}
COMMAND: POST /session/a230b9fa5e58e47def27534e3d005bf9/element/f.5A792F38359A1C743AD3061B3E5B94B4.d.4891C2D9B38BECBA6EDFD36ECC9C029D.e.11945/click - {}
RESULT: {}
COMMAND: GET /session/a230b9fa5e58e47def27534e3d005bf9/screenshot - {}
RESULT: {}
COMMAND: POST /session/a230b9fa5e58e47def27534e3d005bf9/execute/async - {"script":"<script> [1562 bytes]","args":[{"selector":{"id":"application-binstatusreport-display-component---warehousing--createOrgBtn","interaction":{"idSuffix":"content"}},"wdio_ui5_key":"applicationbinstatusreport-display-component---warehousing--createOrgBtn"}]}
RESULT: {"script":"<script> [1562 bytes]","args":[{"selector":{"id":"application-binstatusreport-display-component---warehousing--createOrgBtn","interaction":{"idSuffix":"content"}},"wdio_ui5_key":"applicationbinstatusreport-display-component---warehousing--createOrgBtn"}]}
RESULT: undefined
COMMAND: POST /session/a230b9fa5e58e47def27534e3d005bf9/element - {"using":"xpath","value":"//*[@id=\"application-binstatusreport-display-component---warehousing--createOrgBtn\"]"}
RESULT: {"using":"xpath","value":"//*[@id=\"application-binstatusreport-display-component---warehousing--createOrgBtn\"]"}
COMMAND: POST /session/a230b9fa5e58e47def27534e3d005bf9/element/f.5A792F38359A1C743AD3061B3E5B94B4.d.4891C2D9B38BECBA6EDFD36ECC9C029D.e.12003/click - {}
RESULT: {}
COMMAND: POST /session/a230b9fa5e58e47def27534e3d005bf9/execute/async - {"script":"<script> [1562 bytes]","args":[{"selector":{"id":"createOrganizationPop--sectionInput","searchOpenDialogs":true,"interaction":{"idSuffix":"inner"}},"wdio_ui5_key":"createOrganizationPopsectionInput"}]}
COMMAND: GET /session/a230b9fa5e58e47def27534e3d005bf9/screenshot - {}
RESULT: {"script":"<script> [1562 bytes]","args":[{"selector":{"id":"createOrganizationPop--sectionInput","searchOpenDialogs":true,"interaction":{"idSuffix":"inner"}},"wdio_ui5_key":"createOrganizationPopsectionInput"}]}
RESULT: undefined
COMMAND: POST /session/a230b9fa5e58e47def27534e3d005bf9/execute/async - {"script":"<script> [776 bytes]","args":[{"enterText":"WDI341","selector":{"id":"createOrganizationPop--sectionInput","searchOpenDialogs":true,"interaction":{"idSuffix":"inner"}},"clearTextFirst":true,"interactionType":"ENTER_TEXT"}]}
RESULT: {}
RESULT: {"script":"<script> [776 bytes]","args":[{"enterText":"WDI341","selector":{"id":"createOrganizationPop--sectionInput","searchOpenDialogs":true,"interaction":{"idSuffix":"inner"}},"clearTextFirst":true,"interactionType":"ENTER_TEXT"}]}
COMMAND: POST /session/a230b9fa5e58e47def27534e3d005bf9/execute/async - {"script":"<script> [1562 bytes]","args":[{"selector":{"id":"createOrganizationPop--descriptionInput","searchOpenDialogs":true,"interaction":{"idSuffix":"inner"}},"wdio_ui5_key":"createOrganizationPopdescriptionInput"}]}
RESULT: {"script":"<script> [1562 bytes]","args":[{"selector":{"id":"createOrganizationPop--descriptionInput","searchOpenDialogs":true,"interaction":{"idSuffix":"inner"}},"wdio_ui5_key":"createOrganizationPopdescriptionInput"}]}
RESULT: undefined
COMMAND: POST /session/a230b9fa5e58e47def27534e3d005bf9/execute/async - {"script":"<script> [776 bytes]","args":[{"enterText":"Shipping341","selector":{"id":"createOrganizationPop--descriptionInput","searchOpenDialogs":true,"interaction":{"idSuffix":"inner"}},"clearTextFirst":true,"interactionType":"ENTER_TEXT"}]}
RESULT: {"script":"<script> [776 bytes]","args":[{"enterText":"Shipping341","selector":{"id":"createOrganizationPop--descriptionInput","searchOpenDialogs":true,"interaction":{"idSuffix":"inner"}},"clearTextFirst":true,"interactionType":"ENTER_TEXT"}]}
COMMAND: POST /session/a230b9fa5e58e47def27534e3d005bf9/element - {"using":"css selector","value":"#createOrganizationPop--yardOrg-inner"}
RESULT: {"using":"css selector","value":"#createOrganizationPop--yardOrg-inner"}
COMMAND: POST /session/a230b9fa5e58e47def27534e3d005bf9/element/f.5A792F38359A1C743AD3061B3E5B94B4.d.4891C2D9B38BECBA6EDFD36ECC9C029D.e.12043/clear - {}
RESULT: {}
COMMAND: POST /session/a230b9fa5e58e47def27534e3d005bf9/element/f.5A792F38359A1C743AD3061B3E5B94B4.d.4891C2D9B38BECBA6EDFD36ECC9C029D.e.12043/value - {"text":"341"}
COMMAND: GET /session/a230b9fa5e58e47def27534e3d005bf9/screenshot - {}
RESULT: {"text":"341"}
COMMAND: GET /session/a230b9fa5e58e47def27534e3d005bf9/screenshot - {}
RESULT: {}
RESULT: {}
COMMAND: POST /session/a230b9fa5e58e47def27534e3d005bf9/actions - {"actions":[{"id":"action42","type":"key","parameters":{},"actions":[{"type":"keyDown","value":"î€‡"},{"type":"pause","duration":10},{"type":"keyUp","value":"î€‡"}]}]}
RESULT: {"actions":[{"id":"action42","type":"key","parameters":{},"actions":[{"type":"keyDown","value":"î€‡"},{"type":"pause","duration":10},{"type":"keyUp","value":"î€‡"}]}]}
COMMAND: POST /session/a230b9fa5e58e47def27534e3d005bf9/execute/async - {"script":"<script> [1562 bytes]","args":[{"selector":{"id":"createOrganizationPop--grZone","searchOpenDialogs":true,"interaction":{"idSuffix":"CbBg"}},"wdio_ui5_key":"createOrganizationPopgrZone"}]}
COMMAND: GET /session/a230b9fa5e58e47def27534e3d005bf9/screenshot - {}
RESULT: {"script":"<script> [1562 bytes]","args":[{"selector":{"id":"createOrganizationPop--grZone","searchOpenDialogs":true,"interaction":{"idSuffix":"CbBg"}},"wdio_ui5_key":"createOrganizationPopgrZone"}]}
RESULT: undefined
COMMAND: POST /session/a230b9fa5e58e47def27534e3d005bf9/element - {"using":"xpath","value":"//*[@id=\"createOrganizationPop--grZone\"]"}
RESULT: {}
RESULT: {"using":"xpath","value":"//*[@id=\"createOrganizationPop--grZone\"]"}
COMMAND: POST /session/a230b9fa5e58e47def27534e3d005bf9/element/f.5A792F38359A1C743AD3061B3E5B94B4.d.4891C2D9B38BECBA6EDFD36ECC9C029D.e.12064/click - {}
RESULT: {}
COMMAND: POST /session/a230b9fa5e58e47def27534e3d005bf9/execute/async - {"script":"<script> [1562 bytes]","args":[{"selector":{"id":"createOrganizationPop--giZone","searchOpenDialogs":true,"interaction":{"idSuffix":"CbBg"}},"wdio_ui5_key":"createOrganizationPopgiZone"}]}
COMMAND: GET /session/a230b9fa5e58e47def27534e3d005bf9/screenshot - {}
RESULT: {"script":"<script> [1562 bytes]","args":[{"selector":{"id":"createOrganizationPop--giZone","searchOpenDialogs":true,"interaction":{"idSuffix":"CbBg"}},"wdio_ui5_key":"createOrganizationPopgiZone"}]}
RESULT: undefined
COMMAND: POST /session/a230b9fa5e58e47def27534e3d005bf9/element - {"using":"xpath","value":"//*[@id=\"createOrganizationPop--giZone\"]"}
RESULT: {}
RESULT: {"using":"xpath","value":"//*[@id=\"createOrganizationPop--giZone\"]"}
COMMAND: POST /session/a230b9fa5e58e47def27534e3d005bf9/element/f.5A792F38359A1C743AD3061B3E5B94B4.d.4891C2D9B38BECBA6EDFD36ECC9C029D.e.12066/click - {}
RESULT: {}
COMMAND: POST /session/a230b9fa5e58e47def27534e3d005bf9/execute/async - {"script":"<script> [1562 bytes]","args":[{"selector":{"id":"createOrganizationPop--binNoInput","searchOpenDialogs":true,"interaction":{"idSuffix":"inner"}},"wdio_ui5_key":"createOrganizationPopbinNoInput"}]}
COMMAND: GET /session/a230b9fa5e58e47def27534e3d005bf9/screenshot - {}
RESULT: {"script":"<script> [1562 bytes]","args":[{"selector":{"id":"createOrganizationPop--binNoInput","searchOpenDialogs":true,"interaction":{"idSuffix":"inner"}},"wdio_ui5_key":"createOrganizationPopbinNoInput"}]}
RESULT: undefined
COMMAND: POST /session/a230b9fa5e58e47def27534e3d005bf9/execute/async - {"script":"<script> [776 bytes]","args":[{"enterText":"Bin-Wd","selector":{"id":"createOrganizationPop--binNoInput","searchOpenDialogs":true,"interaction":{"idSuffix":"inner"}},"clearTextFirst":true,"interactionType":"ENTER_TEXT"}]}
RESULT: {}
RESULT: {"script":"<script> [776 bytes]","args":[{"enterText":"Bin-Wd","selector":{"id":"createOrganizationPop--binNoInput","searchOpenDialogs":true,"interaction":{"idSuffix":"inner"}},"clearTextFirst":true,"interactionType":"ENTER_TEXT"}]}
COMMAND: POST /session/a230b9fa5e58e47def27534e3d005bf9/execute/async - {"script":"<script> [1562 bytes]","args":[{"selector":{"id":"createOrganizationPop--descriptionId","searchOpenDialogs":true,"interaction":{"idSuffix":"inner"}},"wdio_ui5_key":"createOrganizationPopdescriptionId"}]}
RESULT: {"script":"<script> [1562 bytes]","args":[{"selector":{"id":"createOrganizationPop--descriptionId","searchOpenDialogs":true,"interaction":{"idSuffix":"inner"}},"wdio_ui5_key":"createOrganizationPopdescriptionId"}]}
RESULT: undefined
COMMAND: POST /session/a230b9fa5e58e47def27534e3d005bf9/execute/async - {"script":"<script> [776 bytes]","args":[{"enterText":"Shipping-Wd","selector":{"id":"createOrganizationPop--descriptionId","searchOpenDialogs":true,"interaction":{"idSuffix":"inner"}},"clearTextFirst":true,"interactionType":"ENTER_TEXT"}]}
RESULT: {"script":"<script> [776 bytes]","args":[{"enterText":"Shipping-Wd","selector":{"id":"createOrganizationPop--descriptionId","searchOpenDialogs":true,"interaction":{"idSuffix":"inner"}},"clearTextFirst":true,"interactionType":"ENTER_TEXT"}]}
COMMAND: POST /session/a230b9fa5e58e47def27534e3d005bf9/execute/async - {"script":"<script> [1562 bytes]","args":[{"selector":{"controlType":"sap.m.CheckBox","viewName":"etm.portal.ui.binstatusreport.view.MasterWareBins","viewId":"application-binstatusreport-display-component---warehousing","bindingPath":{"path":"","propertyPath":"/ZONE","modelName":"newBin"},"searchOpenDialogs":true,"interaction":{"idSuffix":"CbBg"}},"wdio_ui5_key":"etmportal.ui.binstatusreport.view.MasterWareBinssap.m.CheckBox{\"path\":\"\",\"propertyPath\":\"/ZONE\",\"modelName\":\"newBin\"}"}]}
RESULT: {"script":"<script> [1562 bytes]","args":[{"selector":{"controlType":"sap.m.CheckBox","viewName":"etm.portal.ui.binstatusreport.view.MasterWareBins","viewId":"application-binstatusreport-display-component---warehousing","bindingPath":{"path":"","propertyPath":"/ZONE","modelName":"newBin"},"searchOpenDialogs":true,"interaction":{"idSuffix":"CbBg"}},"wdio_ui5_key":"etmportal.ui.binstatusreport.view.MasterWareBinssap.m.CheckBox{\"path\":\"\",\"propertyPath\":\"/ZONE\",\"modelName\":\"newBin\"}"}]}
RESULT: undefined
COMMAND: POST /session/a230b9fa5e58e47def27534e3d005bf9/element - {"using":"xpath","value":"//*[@id=\"__box56\"]"}
RESULT: {"using":"xpath","value":"//*[@id=\"__box56\"]"}
COMMAND: POST /session/a230b9fa5e58e47def27534e3d005bf9/element/f.5A792F38359A1C743AD3061B3E5B94B4.d.4891C2D9B38BECBA6EDFD36ECC9C029D.e.12070/click - {}
RESULT: {}
COMMAND: POST /session/a230b9fa5e58e47def27534e3d005bf9/execute/async - {"script":"<script> [1562 bytes]","args":[{"selector":{"id":"createOrganizationPop--binTypesCB","searchOpenDialogs":true,"interaction":{"idSuffix":"inner"}},"wdio_ui5_key":"createOrganizationPopbinTypesCB"}]}
COMMAND: GET /session/a230b9fa5e58e47def27534e3d005bf9/screenshot - {}
RESULT: {"script":"<script> [1562 bytes]","args":[{"selector":{"id":"createOrganizationPop--binTypesCB","searchOpenDialogs":true,"interaction":{"idSuffix":"inner"}},"wdio_ui5_key":"createOrganizationPopbinTypesCB"}]}
RESULT: undefined
COMMAND: POST /session/a230b9fa5e58e47def27534e3d005bf9/execute/async - {"script":"<script> [776 bytes]","args":[{"enterText":"1 - General / No capacity check","selector":{"id":"createOrganizationPop--binTypesCB","searchOpenDialogs":true,"interaction":{"idSuffix":"inner"}},"clearTextFirst":true,"interactionType":"ENTER_TEXT"}]}
RESULT: {}
RESULT: {"script":"<script> [776 bytes]","args":[{"enterText":"1 - General / No capacity check","selector":{"id":"createOrganizationPop--binTypesCB","searchOpenDialogs":true,"interaction":{"idSuffix":"inner"}},"clearTextFirst":true,"interactionType":"ENTER_TEXT"}]}
COMMAND: POST /session/a230b9fa5e58e47def27534e3d005bf9/actions - {"actions":[{"id":"action43","type":"key","parameters":{},"actions":[{"type":"keyDown","value":"î€‡"},{"type":"pause","duration":10},{"type":"keyUp","value":"î€‡"}]}]}
RESULT: {"actions":[{"id":"action43","type":"key","parameters":{},"actions":[{"type":"keyDown","value":"î€‡"},{"type":"pause","duration":10},{"type":"keyUp","value":"î€‡"}]}]}
COMMAND: GET /session/a230b9fa5e58e47def27534e3d005bf9/screenshot - {}
RESULT: {}
COMMAND: POST /session/a230b9fa5e58e47def27534e3d005bf9/execute/async - {"script":"<script> [1562 bytes]","args":[{"selector":{"id":"createOrganizationPop--finishBtn","searchOpenDialogs":true,"interaction":{"idSuffix":"BDI-content"}},"wdio_ui5_key":"createOrganizationPopfinishBtn"}]}
RESULT: {"script":"<script> [1562 bytes]","args":[{"selector":{"id":"createOrganizationPop--finishBtn","searchOpenDialogs":true,"interaction":{"idSuffix":"BDI-content"}},"wdio_ui5_key":"createOrganizationPopfinishBtn"}]}
RESULT: undefined
COMMAND: POST /session/a230b9fa5e58e47def27534e3d005bf9/element - {"using":"xpath","value":"//*[@id=\"createOrganizationPop--finishBtn\"]"}
RESULT: {"using":"xpath","value":"//*[@id=\"createOrganizationPop--finishBtn\"]"}
COMMAND: POST /session/a230b9fa5e58e47def27534e3d005bf9/element/f.5A792F38359A1C743AD3061B3E5B94B4.d.4891C2D9B38BECBA6EDFD36ECC9C029D.e.12073/click - {}
RESULT: {}
]]></system-out>
    </testcase>
    <testcase classname="chrome.135_0_7049_96.windows.Provide_to_Site_w/_warehouse_management_w/o_clarification_US113782_" name="Bin Status Report Should Create New Organization for Site" time="33.938">
      <system-out><![CDATA[
COMMAND: GET /session/a230b9fa5e58e47def27534e3d005bf9/screenshot - {}
RESULT: {}
RESULT: undefined
COMMAND: POST /session/a230b9fa5e58e47def27534e3d005bf9/element - {"using":"xpath","value":"//*[@id=\"application-binstatusreport-display-component---warehousing--createOrgBtn\"]"}
RESULT: {"using":"xpath","value":"//*[@id=\"application-binstatusreport-display-component---warehousing--createOrgBtn\"]"}
COMMAND: POST /session/a230b9fa5e58e47def27534e3d005bf9/element/f.5A792F38359A1C743AD3061B3E5B94B4.d.4891C2D9B38BECBA6EDFD36ECC9C029D.e.12003/click - {}
RESULT: {}
RESULT: undefined
COMMAND: POST /session/a230b9fa5e58e47def27534e3d005bf9/execute/async - {"script":"<script> [776 bytes]","args":[{"enterText":"2189","selector":{"id":"createOrganizationPop--sectionInput","searchOpenDialogs":true,"interaction":{"idSuffix":"inner"}},"clearTextFirst":true,"interactionType":"ENTER_TEXT"}]}
COMMAND: GET /session/a230b9fa5e58e47def27534e3d005bf9/screenshot - {}
RESULT: {"script":"<script> [776 bytes]","args":[{"enterText":"2189","selector":{"id":"createOrganizationPop--sectionInput","searchOpenDialogs":true,"interaction":{"idSuffix":"inner"}},"clearTextFirst":true,"interactionType":"ENTER_TEXT"}]}
RESULT: undefined
COMMAND: POST /session/a230b9fa5e58e47def27534e3d005bf9/execute/async - {"script":"<script> [776 bytes]","args":[{"enterText":"WDI2189","selector":{"id":"createOrganizationPop--descriptionInput","searchOpenDialogs":true,"interaction":{"idSuffix":"inner"}},"clearTextFirst":true,"interactionType":"ENTER_TEXT"}]}
RESULT: {}
RESULT: {"script":"<script> [776 bytes]","args":[{"enterText":"WDI2189","selector":{"id":"createOrganizationPop--descriptionInput","searchOpenDialogs":true,"interaction":{"idSuffix":"inner"}},"clearTextFirst":true,"interactionType":"ENTER_TEXT"}]}
COMMAND: POST /session/a230b9fa5e58e47def27534e3d005bf9/element - {"using":"css selector","value":"#createOrganizationPop--siteOrg-inner"}
RESULT: {"using":"css selector","value":"#createOrganizationPop--siteOrg-inner"}
COMMAND: POST /session/a230b9fa5e58e47def27534e3d005bf9/element/f.5A792F38359A1C743AD3061B3E5B94B4.d.4891C2D9B38BECBA6EDFD36ECC9C029D.e.12079/clear - {}
RESULT: {}
COMMAND: POST /session/a230b9fa5e58e47def27534e3d005bf9/element/f.5A792F38359A1C743AD3061B3E5B94B4.d.4891C2D9B38BECBA6EDFD36ECC9C029D.e.12079/value - {"text":"2189"}
COMMAND: GET /session/a230b9fa5e58e47def27534e3d005bf9/screenshot - {}
RESULT: {"text":"2189"}
COMMAND: GET /session/a230b9fa5e58e47def27534e3d005bf9/screenshot - {}
RESULT: {}
RESULT: {}
COMMAND: POST /session/a230b9fa5e58e47def27534e3d005bf9/actions - {"actions":[{"id":"action44","type":"key","parameters":{},"actions":[{"type":"keyDown","value":"î€‡"},{"type":"pause","duration":10},{"type":"keyUp","value":"î€‡"}]}]}
RESULT: {"actions":[{"id":"action44","type":"key","parameters":{},"actions":[{"type":"keyDown","value":"î€‡"},{"type":"pause","duration":10},{"type":"keyUp","value":"î€‡"}]}]}
RESULT: undefined
COMMAND: POST /session/a230b9fa5e58e47def27534e3d005bf9/element - {"using":"xpath","value":"//*[@id=\"createOrganizationPop--giZone\"]"}
COMMAND: GET /session/a230b9fa5e58e47def27534e3d005bf9/screenshot - {}
RESULT: {"using":"xpath","value":"//*[@id=\"createOrganizationPop--giZone\"]"}
COMMAND: POST /session/a230b9fa5e58e47def27534e3d005bf9/element/f.5A792F38359A1C743AD3061B3E5B94B4.d.4891C2D9B38BECBA6EDFD36ECC9C029D.e.12097/click - {}
RESULT: {}
RESULT: {}
RESULT: undefined
COMMAND: POST /session/a230b9fa5e58e47def27534e3d005bf9/execute/async - {"script":"<script> [776 bytes]","args":[{"enterText":"WD-BIN","selector":{"id":"createOrganizationPop--binNoInput","searchOpenDialogs":true,"interaction":{"idSuffix":"inner"}},"clearTextFirst":true,"interactionType":"ENTER_TEXT"}]}
COMMAND: GET /session/a230b9fa5e58e47def27534e3d005bf9/screenshot - {}
RESULT: {"script":"<script> [776 bytes]","args":[{"enterText":"WD-BIN","selector":{"id":"createOrganizationPop--binNoInput","searchOpenDialogs":true,"interaction":{"idSuffix":"inner"}},"clearTextFirst":true,"interactionType":"ENTER_TEXT"}]}
RESULT: undefined
COMMAND: POST /session/a230b9fa5e58e47def27534e3d005bf9/execute/async - {"script":"<script> [776 bytes]","args":[{"enterText":"WD-BIN","selector":{"id":"createOrganizationPop--descriptionId","searchOpenDialogs":true,"interaction":{"idSuffix":"inner"}},"clearTextFirst":true,"interactionType":"ENTER_TEXT"}]}
RESULT: {}
RESULT: {"script":"<script> [776 bytes]","args":[{"enterText":"WD-BIN","selector":{"id":"createOrganizationPop--descriptionId","searchOpenDialogs":true,"interaction":{"idSuffix":"inner"}},"clearTextFirst":true,"interactionType":"ENTER_TEXT"}]}
COMMAND: POST /session/a230b9fa5e58e47def27534e3d005bf9/execute/async - {"script":"<script> [1562 bytes]","args":[{"selector":{"controlType":"sap.m.CheckBox","viewName":"etm.portal.ui.binstatusreport.view.MasterWareBins","viewId":"application-binstatusreport-display-component---warehousing","bindingPath":{"propertyPath":"/ZONE","modelName":"newBin"},"searchOpenDialogs":true,"interaction":{"idSuffix":"CbBg"}},"wdio_ui5_key":"etmportal.ui.binstatusreport.view.MasterWareBinssap.m.CheckBox{\"propertyPath\":\"/ZONE\",\"modelName\":\"newBin\"}"}]}
RESULT: {"script":"<script> [1562 bytes]","args":[{"selector":{"controlType":"sap.m.CheckBox","viewName":"etm.portal.ui.binstatusreport.view.MasterWareBins","viewId":"application-binstatusreport-display-component---warehousing","bindingPath":{"propertyPath":"/ZONE","modelName":"newBin"},"searchOpenDialogs":true,"interaction":{"idSuffix":"CbBg"}},"wdio_ui5_key":"etmportal.ui.binstatusreport.view.MasterWareBinssap.m.CheckBox{\"propertyPath\":\"/ZONE\",\"modelName\":\"newBin\"}"}]}
RESULT: undefined
COMMAND: POST /session/a230b9fa5e58e47def27534e3d005bf9/element - {"using":"xpath","value":"//*[@id=\"__box59\"]"}
RESULT: {"using":"xpath","value":"//*[@id=\"__box59\"]"}
COMMAND: POST /session/a230b9fa5e58e47def27534e3d005bf9/element/f.5A792F38359A1C743AD3061B3E5B94B4.d.4891C2D9B38BECBA6EDFD36ECC9C029D.e.12099/click - {}
RESULT: {}
COMMAND: GET /session/a230b9fa5e58e47def27534e3d005bf9/screenshot - {}
RESULT: {}
RESULT: undefined
COMMAND: POST /session/a230b9fa5e58e47def27534e3d005bf9/execute/async - {"script":"<script> [776 bytes]","args":[{"enterText":"1 - General / No capacity check","selector":{"id":"createOrganizationPop--binTypesCB","searchOpenDialogs":true,"interaction":{"idSuffix":"inner"}},"clearTextFirst":true,"interactionType":"ENTER_TEXT"}]}
RESULT: {"script":"<script> [776 bytes]","args":[{"enterText":"1 - General / No capacity check","selector":{"id":"createOrganizationPop--binTypesCB","searchOpenDialogs":true,"interaction":{"idSuffix":"inner"}},"clearTextFirst":true,"interactionType":"ENTER_TEXT"}]}
COMMAND: POST /session/a230b9fa5e58e47def27534e3d005bf9/execute/async - {"script":"<script> [1562 bytes]","args":[{"selector":{"id":"createOrganizationPop--capacityId","searchOpenDialogs":true,"interaction":{"idSuffix":"inner"}},"wdio_ui5_key":"createOrganizationPopcapacityId"}]}
RESULT: {"script":"<script> [1562 bytes]","args":[{"selector":{"id":"createOrganizationPop--capacityId","searchOpenDialogs":true,"interaction":{"idSuffix":"inner"}},"wdio_ui5_key":"createOrganizationPopcapacityId"}]}
RESULT: undefined
COMMAND: POST /session/a230b9fa5e58e47def27534e3d005bf9/actions - {"actions":[{"id":"action45","type":"key","parameters":{},"actions":[{"type":"keyDown","value":"î€‡"},{"type":"pause","duration":10},{"type":"keyUp","value":"î€‡"}]}]}
RESULT: {"actions":[{"id":"action45","type":"key","parameters":{},"actions":[{"type":"keyDown","value":"î€‡"},{"type":"pause","duration":10},{"type":"keyUp","value":"î€‡"}]}]}
COMMAND: GET /session/a230b9fa5e58e47def27534e3d005bf9/screenshot - {}
RESULT: {}
RESULT: undefined
COMMAND: POST /session/a230b9fa5e58e47def27534e3d005bf9/element - {"using":"xpath","value":"//*[@id=\"createOrganizationPop--finishBtn\"]"}
RESULT: {"using":"xpath","value":"//*[@id=\"createOrganizationPop--finishBtn\"]"}
COMMAND: POST /session/a230b9fa5e58e47def27534e3d005bf9/element/f.5A792F38359A1C743AD3061B3E5B94B4.d.4891C2D9B38BECBA6EDFD36ECC9C029D.e.12100/click - {}
RESULT: {}
COMMAND: POST /session/a230b9fa5e58e47def27534e3d005bf9/element - {"using":"css selector","value":"#shell-header-logo"}
COMMAND: GET /session/a230b9fa5e58e47def27534e3d005bf9/screenshot - {}
RESULT: {"using":"css selector","value":"#shell-header-logo"}
COMMAND: POST /session/a230b9fa5e58e47def27534e3d005bf9/element/f.5A792F38359A1C743AD3061B3E5B94B4.d.4891C2D9B38BECBA6EDFD36ECC9C029D.e.11949/click - {}
RESULT: {}
RESULT: {}
]]></system-out>
    </testcase>
  </testsuite>
  <testsuite timestamp="2025-04-28T16:54:53" time="450.39" tests="5" failures="0" errors="0" skipped="0">
    <properties>
      <property name="specId" value="0" />
      <property name="suiteName" value="Provide to Site w/ warehouse management wo clarification" />
      <property name="capabilities" value="chrome.135_0_7049_96.windows" />
      <property name="file" value="file:///D:/a/1/s/test/specs/HTR/provide-to-site-w-warehouse-wo-clarification.spec.js" />
    </properties>
    <testcase classname="chrome.135_0_7049_96.windows.Provide_to_Site_w/_warehouse_management_wo_clarification" name="Should do a stock increase handover" time="71.69">
      <system-out><![CDATA[
COMMAND: POST /session/a230b9fa5e58e47def27534e3d005bf9/execute/async - {"script":"<script> [1562 bytes]","args":[{"selector":{"controlType":"sap.m.GenericTile","properties":{"header":"Manage Handovers"}},"wdio_ui5_key":"sapm.GenericTile{\"header\":\"Manage Handovers\"}"}]}
COMMAND: GET /session/a230b9fa5e58e47def27534e3d005bf9/screenshot - {}
RESULT: {"script":"<script> [1562 bytes]","args":[{"selector":{"controlType":"sap.m.GenericTile","properties":{"header":"Manage Handovers"}},"wdio_ui5_key":"sapm.GenericTile{\"header\":\"Manage Handovers\"}"}]}
RESULT: undefined
COMMAND: POST /session/a230b9fa5e58e47def27534e3d005bf9/element - {"using":"xpath","value":"//*[@id=\"__tile133\"]"}
RESULT: {}
RESULT: {"using":"xpath","value":"//*[@id=\"__tile133\"]"}
COMMAND: POST /session/a230b9fa5e58e47def27534e3d005bf9/element/f.5A792F38359A1C743AD3061B3E5B94B4.d.4891C2D9B38BECBA6EDFD36ECC9C029D.e.12108/click - {}
RESULT: {}
COMMAND: GET /session/a230b9fa5e58e47def27534e3d005bf9/screenshot - {}
RESULT: {}
COMMAND: POST /session/a230b9fa5e58e47def27534e3d005bf9/element - {"using":"xpath","value":"//button[(@data-kt = 'masterHOAddButton')]"}
RESULT: {"using":"xpath","value":"//button[(@data-kt = 'masterHOAddButton')]"}
COMMAND: POST /session/a230b9fa5e58e47def27534e3d005bf9/elements - {"using":"xpath","value":"//button[(@data-kt = 'masterHOAddButton')]"}
RESULT: {"using":"xpath","value":"//button[(@data-kt = 'masterHOAddButton')]"}
COMMAND: POST /session/a230b9fa5e58e47def27534e3d005bf9/elements - {"using":"xpath","value":"//button[(@data-kt = 'masterHOAddButton')]"}
RESULT: {"using":"xpath","value":"//button[(@data-kt = 'masterHOAddButton')]"}
COMMAND: POST /session/a230b9fa5e58e47def27534e3d005bf9/elements - {"using":"xpath","value":"//button[(@data-kt = 'masterHOAddButton')]"}
RESULT: {"using":"xpath","value":"//button[(@data-kt = 'masterHOAddButton')]"}
COMMAND: POST /session/a230b9fa5e58e47def27534e3d005bf9/element - {"using":"xpath","value":"//button[(@data-kt = 'masterHOAddButton')]"}
RESULT: {"using":"xpath","value":"//button[(@data-kt = 'masterHOAddButton')]"}
COMMAND: POST /session/a230b9fa5e58e47def27534e3d005bf9/element/f.5A792F38359A1C743AD3061B3E5B94B4.d.4891C2D9B38BECBA6EDFD36ECC9C029D.e.12149/click - {}
RESULT: {}
COMMAND: POST /session/a230b9fa5e58e47def27534e3d005bf9/element - {"using":"css selector","value":"span[id=\"application-managehandovers-display-component---AddNewHO--typeSelect-label\"]"}
COMMAND: GET /session/a230b9fa5e58e47def27534e3d005bf9/screenshot - {}
RESULT: {"using":"css selector","value":"span[id=\"application-managehandovers-display-component---AddNewHO--typeSelect-label\"]"}
COMMAND: POST /session/a230b9fa5e58e47def27534e3d005bf9/elements - {"using":"css selector","value":"span[id=\"application-managehandovers-display-component---AddNewHO--typeSelect-label\"]"}
RESULT: {}
RESULT: {"using":"css selector","value":"span[id=\"application-managehandovers-display-component---AddNewHO--typeSelect-label\"]"}
COMMAND: POST /session/a230b9fa5e58e47def27534e3d005bf9/element - {"using":"css selector","value":"span[id=\"application-managehandovers-display-component---AddNewHO--typeSelect-label\"]"}
RESULT: {"using":"css selector","value":"span[id=\"application-managehandovers-display-component---AddNewHO--typeSelect-label\"]"}
COMMAND: POST /session/a230b9fa5e58e47def27534e3d005bf9/element/f.5A792F38359A1C743AD3061B3E5B94B4.d.4891C2D9B38BECBA6EDFD36ECC9C029D.e.12446/click - {}
RESULT: {}
COMMAND: POST /session/a230b9fa5e58e47def27534e3d005bf9/element - {"using":"css selector","value":"#application-managehandovers-display-component---AddNewHO--oneStep-CB"}
COMMAND: GET /session/a230b9fa5e58e47def27534e3d005bf9/screenshot - {}
RESULT: {"using":"css selector","value":"#application-managehandovers-display-component---AddNewHO--oneStep-CB"}
COMMAND: GET /session/a230b9fa5e58e47def27534e3d005bf9/element/f.5A792F38359A1C743AD3061B3E5B94B4.d.4891C2D9B38BECBA6EDFD36ECC9C029D.e.12391/selected - {}
RESULT: {}
RESULT: {}
COMMAND: POST /session/a230b9fa5e58e47def27534e3d005bf9/element - {"using":"xpath","value":"//li[contains(text(), \"stock increase yard\")]"}
COMMAND: GET /session/a230b9fa5e58e47def27534e3d005bf9/screenshot - {}
RESULT: {"using":"xpath","value":"//li[contains(text(), \"stock increase yard\")]"}
COMMAND: POST /session/a230b9fa5e58e47def27534e3d005bf9/element/f.5A792F38359A1C743AD3061B3E5B94B4.d.4891C2D9B38BECBA6EDFD36ECC9C029D.e.12447/click - {}
RESULT: {}
RESULT: {}
COMMAND: GET /session/a230b9fa5e58e47def27534e3d005bf9/screenshot - {}
RESULT: {}
COMMAND: POST /session/a230b9fa5e58e47def27534e3d005bf9/element - {"using":"css selector","value":"input[id=\"generalSectionFrg--receiveYard-inner\"]"}
RESULT: {"using":"css selector","value":"input[id=\"generalSectionFrg--receiveYard-inner\"]"}
COMMAND: POST /session/a230b9fa5e58e47def27534e3d005bf9/element/f.5A792F38359A1C743AD3061B3E5B94B4.d.4891C2D9B38BECBA6EDFD36ECC9C029D.e.12455/clear - {}
RESULT: {}
COMMAND: POST /session/a230b9fa5e58e47def27534e3d005bf9/element/f.5A792F38359A1C743AD3061B3E5B94B4.d.4891C2D9B38BECBA6EDFD36ECC9C029D.e.12455/value - {"text":"341"}
COMMAND: GET /session/a230b9fa5e58e47def27534e3d005bf9/screenshot - {}
RESULT: {"text":"341"}
COMMAND: GET /session/a230b9fa5e58e47def27534e3d005bf9/screenshot - {}
RESULT: {}
RESULT: {}
COMMAND: POST /session/a230b9fa5e58e47def27534e3d005bf9/element - {"using":"css selector","value":"#application-managehandovers-display-component---AddNewHO--dueDate-inner"}
RESULT: {"using":"css selector","value":"#application-managehandovers-display-component---AddNewHO--dueDate-inner"}
COMMAND: POST /session/a230b9fa5e58e47def27534e3d005bf9/element/f.5A792F38359A1C743AD3061B3E5B94B4.d.4891C2D9B38BECBA6EDFD36ECC9C029D.e.12449/clear - {}
RESULT: {}
COMMAND: POST /session/a230b9fa5e58e47def27534e3d005bf9/element/f.5A792F38359A1C743AD3061B3E5B94B4.d.4891C2D9B38BECBA6EDFD36ECC9C029D.e.12449/value - {"text":"4/28/25"}
COMMAND: GET /session/a230b9fa5e58e47def27534e3d005bf9/screenshot - {}
RESULT: {"text":"4/28/25"}
COMMAND: GET /session/a230b9fa5e58e47def27534e3d005bf9/screenshot - {}
RESULT: {}
RESULT: {}
COMMAND: POST /session/a230b9fa5e58e47def27534e3d005bf9/element - {"using":"xpath","value":"//bdi[(text() = 'Items' or . = 'Items')]"}
RESULT: {"using":"xpath","value":"//bdi[(text() = 'Items' or . = 'Items')]"}
COMMAND: POST /session/a230b9fa5e58e47def27534e3d005bf9/element/f.5A792F38359A1C743AD3061B3E5B94B4.d.4891C2D9B38BECBA6EDFD36ECC9C029D.e.12474/click - {}
RESULT: {}
COMMAND: GET /session/a230b9fa5e58e47def27534e3d005bf9/screenshot - {}
RESULT: {}
COMMAND: POST /session/a230b9fa5e58e47def27534e3d005bf9/element - {"using":"xpath","value":"//button[@aria-label=\"Add\"]"}
RESULT: {"using":"xpath","value":"//button[@aria-label=\"Add\"]"}
COMMAND: POST /session/a230b9fa5e58e47def27534e3d005bf9/element/f.5A792F38359A1C743AD3061B3E5B94B4.d.4891C2D9B38BECBA6EDFD36ECC9C029D.e.12479/click - {}
RESULT: {}
COMMAND: GET /session/a230b9fa5e58e47def27534e3d005bf9/screenshot - {}
RESULT: {}
COMMAND: POST /session/a230b9fa5e58e47def27534e3d005bf9/element - {"using":"css selector","value":"input[id= \"application-managehandovers-display-component---AddNewHO--smartFilterBar-btnBasicSearch-I\"]"}
RESULT: {"using":"css selector","value":"input[id= \"application-managehandovers-display-component---AddNewHO--smartFilterBar-btnBasicSearch-I\"]"}
COMMAND: POST /session/a230b9fa5e58e47def27534e3d005bf9/element/f.5A792F38359A1C743AD3061B3E5B94B4.d.4891C2D9B38BECBA6EDFD36ECC9C029D.e.12483/clear - {}
RESULT: {}
COMMAND: POST /session/a230b9fa5e58e47def27534e3d005bf9/element/f.5A792F38359A1C743AD3061B3E5B94B4.d.4891C2D9B38BECBA6EDFD36ECC9C029D.e.12483/value - {"text":"200165"}
COMMAND: GET /session/a230b9fa5e58e47def27534e3d005bf9/screenshot - {}
RESULT: {"text":"200165"}
COMMAND: POST /session/a230b9fa5e58e47def27534e3d005bf9/actions - {"actions":[{"id":"action46","type":"key","parameters":{},"actions":[{"type":"keyDown","value":"î€‡"},{"type":"pause","duration":10},{"type":"keyUp","value":"î€‡"}]}]}
COMMAND: GET /session/a230b9fa5e58e47def27534e3d005bf9/screenshot - {}
RESULT: {}
RESULT: {"actions":[{"id":"action46","type":"key","parameters":{},"actions":[{"type":"keyDown","value":"î€‡"},{"type":"pause","duration":10},{"type":"keyUp","value":"î€‡"}]}]}
COMMAND: POST /session/a230b9fa5e58e47def27534e3d005bf9/element - {"using":"css selector","value":"div[id= \"application-managehandovers-display-component---AddNewHO--smartFilterBar-btnBasicSearch-search\"]"}
COMMAND: GET /session/a230b9fa5e58e47def27534e3d005bf9/screenshot - {}
RESULT: {}
RESULT: {"using":"css selector","value":"div[id= \"application-managehandovers-display-component---AddNewHO--smartFilterBar-btnBasicSearch-search\"]"}
COMMAND: POST /session/a230b9fa5e58e47def27534e3d005bf9/element/f.5A792F38359A1C743AD3061B3E5B94B4.d.4891C2D9B38BECBA6EDFD36ECC9C029D.e.12634/click - {}
RESULT: {}
RESULT: {}
COMMAND: GET /session/a230b9fa5e58e47def27534e3d005bf9/screenshot - {}
RESULT: {}
COMMAND: POST /session/a230b9fa5e58e47def27534e3d005bf9/element - {"using":"css selector","value":"div[id= \"application-managehandovers-display-component---AddNewHO--popup-sa-CbBg\"]"}
RESULT: {"using":"css selector","value":"div[id= \"application-managehandovers-display-component---AddNewHO--popup-sa-CbBg\"]"}
COMMAND: POST /session/a230b9fa5e58e47def27534e3d005bf9/element/f.5A792F38359A1C743AD3061B3E5B94B4.d.4891C2D9B38BECBA6EDFD36ECC9C029D.e.12635/click - {}
RESULT: {}
COMMAND: POST /session/a230b9fa5e58e47def27534e3d005bf9/element - {"using":"xpath","value":"//bdi[(text() = 'Select' or . = 'Select')]"}
COMMAND: GET /session/a230b9fa5e58e47def27534e3d005bf9/screenshot - {}
RESULT: {"using":"xpath","value":"//bdi[(text() = 'Select' or . = 'Select')]"}
COMMAND: POST /session/a230b9fa5e58e47def27534e3d005bf9/element/f.5A792F38359A1C743AD3061B3E5B94B4.d.4891C2D9B38BECBA6EDFD36ECC9C029D.e.12636/click - {}
RESULT: {}
RESULT: {}
COMMAND: GET /session/a230b9fa5e58e47def27534e3d005bf9/screenshot - {}
RESULT: {}
COMMAND: POST /session/a230b9fa5e58e47def27534e3d005bf9/element - {"using":"xpath","value":"//bdi[(text() = 'Save' or . = 'Save')]"}
RESULT: {"using":"xpath","value":"//bdi[(text() = 'Save' or . = 'Save')]"}
COMMAND: POST /session/a230b9fa5e58e47def27534e3d005bf9/element/f.5A792F38359A1C743AD3061B3E5B94B4.d.4891C2D9B38BECBA6EDFD36ECC9C029D.e.12640/click - {}
RESULT: {}
COMMAND: GET /session/a230b9fa5e58e47def27534e3d005bf9/screenshot - {}
RESULT: {}
COMMAND: POST /session/a230b9fa5e58e47def27534e3d005bf9/element - {"using":"xpath","value":"//input[contains(@id ,\"receiptDatePicker-inner\")]"}
RESULT: {"using":"xpath","value":"//input[contains(@id ,\"receiptDatePicker-inner\")]"}
COMMAND: POST /session/a230b9fa5e58e47def27534e3d005bf9/element/f.5A792F38359A1C743AD3061B3E5B94B4.d.4891C2D9B38BECBA6EDFD36ECC9C029D.e.12668/click - {}
RESULT: {}
COMMAND: POST /session/a230b9fa5e58e47def27534e3d005bf9/element - {"using":"xpath","value":"//input[contains(@id ,\"receiptDatePicker-inner\")]"}
COMMAND: GET /session/a230b9fa5e58e47def27534e3d005bf9/screenshot - {}
RESULT: {"using":"xpath","value":"//input[contains(@id ,\"receiptDatePicker-inner\")]"}
COMMAND: POST /session/a230b9fa5e58e47def27534e3d005bf9/element/f.5A792F38359A1C743AD3061B3E5B94B4.d.4891C2D9B38BECBA6EDFD36ECC9C029D.e.12668/clear - {}
RESULT: {}
RESULT: {}
COMMAND: POST /session/a230b9fa5e58e47def27534e3d005bf9/element/f.5A792F38359A1C743AD3061B3E5B94B4.d.4891C2D9B38BECBA6EDFD36ECC9C029D.e.12668/value - {"text":"4/28/25"}
COMMAND: GET /session/a230b9fa5e58e47def27534e3d005bf9/screenshot - {}
RESULT: {"text":"4/28/25"}
COMMAND: GET /session/a230b9fa5e58e47def27534e3d005bf9/screenshot - {}
RESULT: {}
RESULT: {}
COMMAND: POST /session/a230b9fa5e58e47def27534e3d005bf9/execute/async - {"script":"<script> [1562 bytes]","args":[{"selector":{"id":"administrationTabFilter","viewName":"etm.portal.ui.managehandovers.view.DetailExecuteHO","interaction":{"idSuffix":"text"}},"wdio_ui5_key":"administrationTabFilteretmportal.ui.managehandovers.view.DetailExecuteHO"}]}
RESULT: {"script":"<script> [1562 bytes]","args":[{"selector":{"id":"administrationTabFilter","viewName":"etm.portal.ui.managehandovers.view.DetailExecuteHO","interaction":{"idSuffix":"text"}},"wdio_ui5_key":"administrationTabFilteretmportal.ui.managehandovers.view.DetailExecuteHO"}]}
RESULT: undefined
COMMAND: POST /session/a230b9fa5e58e47def27534e3d005bf9/element - {"using":"xpath","value":"//*[@id=\"__xmlview61--administrationTabFilter\"]"}
RESULT: {"using":"xpath","value":"//*[@id=\"__xmlview61--administrationTabFilter\"]"}
COMMAND: POST /session/a230b9fa5e58e47def27534e3d005bf9/element/f.5A792F38359A1C743AD3061B3E5B94B4.d.4891C2D9B38BECBA6EDFD36ECC9C029D.e.12688/click - {}
RESULT: {}
RESULT: undefined
COMMAND: POST /session/a230b9fa5e58e47def27534e3d005bf9/element - {"using":"xpath","value":"//*[@id=\"__xmlview61--administrationTabFilter\"]"}
COMMAND: GET /session/a230b9fa5e58e47def27534e3d005bf9/screenshot - {}
RESULT: {"using":"xpath","value":"//*[@id=\"__xmlview61--administrationTabFilter\"]"}
COMMAND: POST /session/a230b9fa5e58e47def27534e3d005bf9/element/f.5A792F38359A1C743AD3061B3E5B94B4.d.4891C2D9B38BECBA6EDFD36ECC9C029D.e.12688/click - {}
RESULT: {}
RESULT: {}
COMMAND: GET /session/a230b9fa5e58e47def27534e3d005bf9/screenshot - {}
RESULT: {}
COMMAND: POST /session/a230b9fa5e58e47def27534e3d005bf9/element - {"using":"xpath","value":"//bdi[(text() = 'Confirm' or . = 'Confirm')]"}
RESULT: {"using":"xpath","value":"//bdi[(text() = 'Confirm' or . = 'Confirm')]"}
COMMAND: POST /session/a230b9fa5e58e47def27534e3d005bf9/element/f.5A792F38359A1C743AD3061B3E5B94B4.d.4891C2D9B38BECBA6EDFD36ECC9C029D.e.12696/click - {}
RESULT: {}
COMMAND: GET /session/a230b9fa5e58e47def27534e3d005bf9/screenshot - {}
RESULT: {}
COMMAND: POST /session/a230b9fa5e58e47def27534e3d005bf9/execute/async - {"script":"<script> [1562 bytes]","args":[{"selector":{"id":"confirmationButton","viewName":"etm.portal.ui.managehandovers.view.DetailExecuteHO","interaction":{"idSuffix":"BDI-content"}},"wdio_ui5_key":"confirmationButtonetmportal.ui.managehandovers.view.DetailExecuteHO"}]}
RESULT: {"script":"<script> [1562 bytes]","args":[{"selector":{"id":"confirmationButton","viewName":"etm.portal.ui.managehandovers.view.DetailExecuteHO","interaction":{"idSuffix":"BDI-content"}},"wdio_ui5_key":"confirmationButtonetmportal.ui.managehandovers.view.DetailExecuteHO"}]}
RESULT: undefined
COMMAND: POST /session/a230b9fa5e58e47def27534e3d005bf9/element - {"using":"xpath","value":"(//*[text()='Receive'])[2]"}
RESULT: {"using":"xpath","value":"(//*[text()='Receive'])[2]"}
COMMAND: GET /session/a230b9fa5e58e47def27534e3d005bf9/element/f.5A792F38359A1C743AD3061B3E5B94B4.d.4891C2D9B38BECBA6EDFD36ECC9C029D.e.12700/enabled - {}
RESULT: {}
COMMAND: POST /session/a230b9fa5e58e47def27534e3d005bf9/execute/sync - {"script":"<script> [8489 bytes]","args":[{"element-6066-11e4-a52e-4f735466cecf":"f.5A792F38359A1C743AD3061B3E5B94B4.d.4891C2D9B38BECBA6EDFD36ECC9C029D.e.12700","ELEMENT":"f.5A792F38359A1C743AD3061B3E5B94B4.d.4891C2D9B38BECBA6EDFD36ECC9C029D.e.12700"}]}
COMMAND: GET /session/a230b9fa5e58e47def27534e3d005bf9/screenshot - {}
RESULT: {"script":"<script> [8489 bytes]","args":[{"element-6066-11e4-a52e-4f735466cecf":"f.5A792F38359A1C743AD3061B3E5B94B4.d.4891C2D9B38BECBA6EDFD36ECC9C029D.e.12700","ELEMENT":"f.5A792F38359A1C743AD3061B3E5B94B4.d.4891C2D9B38BECBA6EDFD36ECC9C029D.e.12700"}]}
COMMAND: POST /session/a230b9fa5e58e47def27534e3d005bf9/execute/sync - {"script":"<script> [5351 bytes]","args":[{"element-6066-11e4-a52e-4f735466cecf":"f.5A792F38359A1C743AD3061B3E5B94B4.d.4891C2D9B38BECBA6EDFD36ECC9C029D.e.12700","ELEMENT":"f.5A792F38359A1C743AD3061B3E5B94B4.d.4891C2D9B38BECBA6EDFD36ECC9C029D.e.12700"}]}
COMMAND: GET /session/a230b9fa5e58e47def27534e3d005bf9/screenshot - {}
RESULT: {}
RESULT: {"script":"<script> [5351 bytes]","args":[{"element-6066-11e4-a52e-4f735466cecf":"f.5A792F38359A1C743AD3061B3E5B94B4.d.4891C2D9B38BECBA6EDFD36ECC9C029D.e.12700","ELEMENT":"f.5A792F38359A1C743AD3061B3E5B94B4.d.4891C2D9B38BECBA6EDFD36ECC9C029D.e.12700"}]}
COMMAND: POST /session/a230b9fa5e58e47def27534e3d005bf9/element/f.5A792F38359A1C743AD3061B3E5B94B4.d.4891C2D9B38BECBA6EDFD36ECC9C029D.e.12700/click - {}
COMMAND: GET /session/a230b9fa5e58e47def27534e3d005bf9/screenshot - {}
RESULT: {}
RESULT: {}
COMMAND: GET /session/a230b9fa5e58e47def27534e3d005bf9/screenshot - {}
RESULT: {}
RESULT: {}
COMMAND: POST /session/a230b9fa5e58e47def27534e3d005bf9/element - {"using":"css selector","value":"#shell-header-logo"}
RESULT: {"using":"css selector","value":"#shell-header-logo"}
COMMAND: POST /session/a230b9fa5e58e47def27534e3d005bf9/element/f.5A792F38359A1C743AD3061B3E5B94B4.d.4891C2D9B38BECBA6EDFD36ECC9C029D.e.12111/click - {}
RESULT: {}
COMMAND: GET /session/a230b9fa5e58e47def27534e3d005bf9/screenshot - {}
RESULT: {}
]]></system-out>
    </testcase>
    <testcase classname="chrome.135_0_7049_96.windows.Provide_to_Site_w/_warehouse_management_wo_clarification" name="Should create a new contract" time="48.228">
      <system-out><![CDATA[
COMMAND: POST /session/a230b9fa5e58e47def27534e3d005bf9/execute/async - {"script":"<script> [1562 bytes]","args":[{"selector":{"controlType":"sap.m.GenericTile","properties":{"header":"Manage Contracts"}},"wdio_ui5_key":"sapm.GenericTile{\"header\":\"Manage Contracts\"}"}]}
RESULT: {"script":"<script> [1562 bytes]","args":[{"selector":{"controlType":"sap.m.GenericTile","properties":{"header":"Manage Contracts"}},"wdio_ui5_key":"sapm.GenericTile{\"header\":\"Manage Contracts\"}"}]}
RESULT: undefined
COMMAND: POST /session/a230b9fa5e58e47def27534e3d005bf9/element - {"using":"xpath","value":"//*[@id=\"__tile130\"]"}
RESULT: {"using":"xpath","value":"//*[@id=\"__tile130\"]"}
COMMAND: POST /session/a230b9fa5e58e47def27534e3d005bf9/element/f.5A792F38359A1C743AD3061B3E5B94B4.d.4891C2D9B38BECBA6EDFD36ECC9C029D.e.12852/click - {}
RESULT: {}
COMMAND: GET /session/a230b9fa5e58e47def27534e3d005bf9/screenshot - {}
RESULT: {}
COMMAND: POST /session/a230b9fa5e58e47def27534e3d005bf9/execute/async - {"script":"<script> [1562 bytes]","args":[{"selector":{"controlType":"sap.ui.core.Icon","viewName":"etm.portal.ui.managecontracts.view.Master","properties":{"src":{"regex":{"source":"add"}}}},"wdio_ui5_key":"etmportal.ui.managecontracts.view.Mastersap.ui.core.Icon{\"src\":{\"regex\":{\"source\":\"add\"}}}"}]}
RESULT: {"script":"<script> [1562 bytes]","args":[{"selector":{"controlType":"sap.ui.core.Icon","viewName":"etm.portal.ui.managecontracts.view.Master","properties":{"src":{"regex":{"source":"add"}}}},"wdio_ui5_key":"etmportal.ui.managecontracts.view.Mastersap.ui.core.Icon{\"src\":{\"regex\":{\"source\":\"add\"}}}"}]}
RESULT: undefined
COMMAND: POST /session/a230b9fa5e58e47def27534e3d005bf9/element - {"using":"xpath","value":"//*[@id=\"__button303-img\"]"}
RESULT: {"using":"xpath","value":"//*[@id=\"__button303-img\"]"}
COMMAND: POST /session/a230b9fa5e58e47def27534e3d005bf9/element/f.5A792F38359A1C743AD3061B3E5B94B4.d.4891C2D9B38BECBA6EDFD36ECC9C029D.e.12930/click - {}
RESULT: {}
COMMAND: POST /session/a230b9fa5e58e47def27534e3d005bf9/execute/async - {"script":"<script> [1562 bytes]","args":[{"selector":{"id":"application-managecontracts-display-component---AddNewContract--projectDescription","interaction":{"idSuffix":"inner"}},"wdio_ui5_key":"applicationmanagecontracts-display-component---AddNewContract--projectDescription"}]}
COMMAND: GET /session/a230b9fa5e58e47def27534e3d005bf9/screenshot - {}
RESULT: {"script":"<script> [1562 bytes]","args":[{"selector":{"id":"application-managecontracts-display-component---AddNewContract--projectDescription","interaction":{"idSuffix":"inner"}},"wdio_ui5_key":"applicationmanagecontracts-display-component---AddNewContract--projectDescription"}]}
RESULT: undefined
COMMAND: POST /session/a230b9fa5e58e47def27534e3d005bf9/execute/async - {"script":"<script> [776 bytes]","args":[{"enterText":"wdi5 contract for billing","selector":{"id":"application-managecontracts-display-component---AddNewContract--projectDescription","interaction":{"idSuffix":"inner"}},"clearTextFirst":true,"interactionType":"ENTER_TEXT"}]}
RESULT: {}
RESULT: {"script":"<script> [776 bytes]","args":[{"enterText":"wdi5 contract for billing","selector":{"id":"application-managecontracts-display-component---AddNewContract--projectDescription","interaction":{"idSuffix":"inner"}},"clearTextFirst":true,"interactionType":"ENTER_TEXT"}]}
COMMAND: POST /session/a230b9fa5e58e47def27534e3d005bf9/element - {"using":"xpath","value":"//input[@id=\"application-managecontracts-display-component---AddNewContract--customerSelect-inner\"]"}
RESULT: {"using":"xpath","value":"//input[@id=\"application-managecontracts-display-component---AddNewContract--customerSelect-inner\"]"}
COMMAND: POST /session/a230b9fa5e58e47def27534e3d005bf9/element/f.5A792F38359A1C743AD3061B3E5B94B4.d.4891C2D9B38BECBA6EDFD36ECC9C029D.e.13175/clear - {}
RESULT: {}
COMMAND: POST /session/a230b9fa5e58e47def27534e3d005bf9/element/f.5A792F38359A1C743AD3061B3E5B94B4.d.4891C2D9B38BECBA6EDFD36ECC9C029D.e.13175/value - {"text":"1201"}
COMMAND: GET /session/a230b9fa5e58e47def27534e3d005bf9/screenshot - {}
RESULT: {"text":"1201"}
COMMAND: GET /session/a230b9fa5e58e47def27534e3d005bf9/screenshot - {}
RESULT: {}
RESULT: {}
COMMAND: POST /session/a230b9fa5e58e47def27534e3d005bf9/actions - {"actions":[{"id":"action47","type":"key","parameters":{},"actions":[{"type":"keyDown","value":"î€‡"},{"type":"pause","duration":10},{"type":"keyUp","value":"î€‡"}]}]}
RESULT: {"actions":[{"id":"action47","type":"key","parameters":{},"actions":[{"type":"keyDown","value":"î€‡"},{"type":"pause","duration":10},{"type":"keyUp","value":"î€‡"}]}]}
COMMAND: POST /session/a230b9fa5e58e47def27534e3d005bf9/element - {"using":"xpath","value":"//input[@id=\"application-managecontracts-display-component---AddNewContract--site-inner\"]"}
COMMAND: GET /session/a230b9fa5e58e47def27534e3d005bf9/screenshot - {}
RESULT: {"using":"xpath","value":"//input[@id=\"application-managecontracts-display-component---AddNewContract--site-inner\"]"}
COMMAND: POST /session/a230b9fa5e58e47def27534e3d005bf9/element/f.5A792F38359A1C743AD3061B3E5B94B4.d.4891C2D9B38BECBA6EDFD36ECC9C029D.e.13176/clear - {}
RESULT: {}
RESULT: {}
COMMAND: POST /session/a230b9fa5e58e47def27534e3d005bf9/element/f.5A792F38359A1C743AD3061B3E5B94B4.d.4891C2D9B38BECBA6EDFD36ECC9C029D.e.13176/value - {"text":"2189"}
COMMAND: GET /session/a230b9fa5e58e47def27534e3d005bf9/screenshot - {}
RESULT: {"text":"2189"}
COMMAND: GET /session/a230b9fa5e58e47def27534e3d005bf9/screenshot - {}
RESULT: {}
RESULT: {}
COMMAND: POST /session/a230b9fa5e58e47def27534e3d005bf9/actions - {"actions":[{"id":"action48","type":"key","parameters":{},"actions":[{"type":"keyDown","value":"î€‡"},{"type":"pause","duration":10},{"type":"keyUp","value":"î€‡"}]}]}
RESULT: {"actions":[{"id":"action48","type":"key","parameters":{},"actions":[{"type":"keyDown","value":"î€‡"},{"type":"pause","duration":10},{"type":"keyUp","value":"î€‡"}]}]}
COMMAND: POST /session/a230b9fa5e58e47def27534e3d005bf9/execute/async - {"script":"<script> [1562 bytes]","args":[{"selector":{"id":"application-managecontracts-display-component---AddNewContract--calendarInput","interaction":{"idSuffix":"inner"}},"wdio_ui5_key":"applicationmanagecontracts-display-component---AddNewContract--calendarInput"}]}
COMMAND: GET /session/a230b9fa5e58e47def27534e3d005bf9/screenshot - {}
RESULT: {"script":"<script> [1562 bytes]","args":[{"selector":{"id":"application-managecontracts-display-component---AddNewContract--calendarInput","interaction":{"idSuffix":"inner"}},"wdio_ui5_key":"applicationmanagecontracts-display-component---AddNewContract--calendarInput"}]}
RESULT: undefined
COMMAND: POST /session/a230b9fa5e58e47def27534e3d005bf9/execute/async - {"script":"<script> [776 bytes]","args":[{"enterText":"1 - Calendar unit test patch","selector":{"id":"application-managecontracts-display-component---AddNewContract--calendarInput","interaction":{"idSuffix":"inner"}},"clearTextFirst":true,"interactionType":"ENTER_TEXT"}]}
RESULT: {}
RESULT: {"script":"<script> [776 bytes]","args":[{"enterText":"1 - Calendar unit test patch","selector":{"id":"application-managecontracts-display-component---AddNewContract--calendarInput","interaction":{"idSuffix":"inner"}},"clearTextFirst":true,"interactionType":"ENTER_TEXT"}]}
COMMAND: POST /session/a230b9fa5e58e47def27534e3d005bf9/actions - {"actions":[{"id":"action49","type":"key","parameters":{},"actions":[{"type":"keyDown","value":"î€‡"},{"type":"pause","duration":10},{"type":"keyUp","value":"î€‡"}]}]}
RESULT: {"actions":[{"id":"action49","type":"key","parameters":{},"actions":[{"type":"keyDown","value":"î€‡"},{"type":"pause","duration":10},{"type":"keyUp","value":"î€‡"}]}]}
COMMAND: POST /session/a230b9fa5e58e47def27534e3d005bf9/execute/async - {"script":"<script> [1562 bytes]","args":[{"selector":{"id":"application-managecontracts-display-component---AddNewContract--languageCB","interaction":{"idSuffix":"inner"}},"wdio_ui5_key":"applicationmanagecontracts-display-component---AddNewContract--languageCB"}]}
COMMAND: GET /session/a230b9fa5e58e47def27534e3d005bf9/screenshot - {}
RESULT: {"script":"<script> [1562 bytes]","args":[{"selector":{"id":"application-managecontracts-display-component---AddNewContract--languageCB","interaction":{"idSuffix":"inner"}},"wdio_ui5_key":"applicationmanagecontracts-display-component---AddNewContract--languageCB"}]}
RESULT: undefined
COMMAND: POST /session/a230b9fa5e58e47def27534e3d005bf9/execute/async - {"script":"<script> [776 bytes]","args":[{"enterText":"EN - English","selector":{"id":"application-managecontracts-display-component---AddNewContract--languageCB","interaction":{"idSuffix":"inner"}},"clearTextFirst":true,"interactionType":"ENTER_TEXT"}]}
RESULT: {}
RESULT: {"script":"<script> [776 bytes]","args":[{"enterText":"EN - English","selector":{"id":"application-managecontracts-display-component---AddNewContract--languageCB","interaction":{"idSuffix":"inner"}},"clearTextFirst":true,"interactionType":"ENTER_TEXT"}]}
COMMAND: POST /session/a230b9fa5e58e47def27534e3d005bf9/actions - {"actions":[{"id":"action50","type":"key","parameters":{},"actions":[{"type":"keyDown","value":"î€‡"},{"type":"pause","duration":10},{"type":"keyUp","value":"î€‡"}]}]}
RESULT: {"actions":[{"id":"action50","type":"key","parameters":{},"actions":[{"type":"keyDown","value":"î€‡"},{"type":"pause","duration":10},{"type":"keyUp","value":"î€‡"}]}]}
COMMAND: POST /session/a230b9fa5e58e47def27534e3d005bf9/execute/async - {"script":"<script> [1562 bytes]","args":[{"selector":{"id":"application-managecontracts-display-component---AddNewContract--saveBtn","interaction":{"idSuffix":"BDI-content"}},"wdio_ui5_key":"applicationmanagecontracts-display-component---AddNewContract--saveBtn"}]}
COMMAND: GET /session/a230b9fa5e58e47def27534e3d005bf9/screenshot - {}
RESULT: {"script":"<script> [1562 bytes]","args":[{"selector":{"id":"application-managecontracts-display-component---AddNewContract--saveBtn","interaction":{"idSuffix":"BDI-content"}},"wdio_ui5_key":"applicationmanagecontracts-display-component---AddNewContract--saveBtn"}]}
RESULT: undefined
COMMAND: POST /session/a230b9fa5e58e47def27534e3d005bf9/element - {"using":"xpath","value":"//*[@id=\"application-managecontracts-display-component---AddNewContract--saveBtn\"]"}
RESULT: {}
RESULT: {"using":"xpath","value":"//*[@id=\"application-managecontracts-display-component---AddNewContract--saveBtn\"]"}
COMMAND: POST /session/a230b9fa5e58e47def27534e3d005bf9/element/f.5A792F38359A1C743AD3061B3E5B94B4.d.4891C2D9B38BECBA6EDFD36ECC9C029D.e.13195/click - {}
RESULT: {}
COMMAND: GET /session/a230b9fa5e58e47def27534e3d005bf9/screenshot - {}
RESULT: {}
COMMAND: POST /session/a230b9fa5e58e47def27534e3d005bf9/execute/async - {"script":"<script> [1562 bytes]","args":[{"selector":{"id":"contractDetailTitleNoExpanded","viewName":"etm.portal.ui.managecontracts.view.Detail"},"wdio_ui5_key":"contractDetailTitleNoExpandedetmportal.ui.managecontracts.view.Detail"}]}
RESULT: {"script":"<script> [1562 bytes]","args":[{"selector":{"id":"contractDetailTitleNoExpanded","viewName":"etm.portal.ui.managecontracts.view.Detail"},"wdio_ui5_key":"contractDetailTitleNoExpandedetmportal.ui.managecontracts.view.Detail"}]}
RESULT: undefined
COMMAND: POST /session/a230b9fa5e58e47def27534e3d005bf9/execute/async - {"script":"<script> [6424 bytes]","args":[{"element-6066-11e4-a52e-4f735466cecf":"f.5A792F38359A1C743AD3061B3E5B94B4.d.4891C2D9B38BECBA6EDFD36ECC9C029D.e.13280"},"getText",[]]}
RESULT: {"script":"<script> [6424 bytes]","args":[{"element-6066-11e4-a52e-4f735466cecf":"f.5A792F38359A1C743AD3061B3E5B94B4.d.4891C2D9B38BECBA6EDFD36ECC9C029D.e.13280"},"getText",[]]}
]]></system-out>
    </testcase>
    <testcase classname="chrome.135_0_7049_96.windows.Provide_to_Site_w/_warehouse_management_wo_clarification" name="Should add resource to the contract" time="43.4">
      <system-out><![CDATA[
COMMAND: POST /session/a230b9fa5e58e47def27534e3d005bf9/execute/async - {"script":"<script> [1562 bytes]","args":[{"selector":{"id":"contractDetailEditBtn","viewName":"etm.portal.ui.managecontracts.view.Detail","interaction":{"idSuffix":"BDI-content"}},"wdio_ui5_key":"contractDetailEditBtnetmportal.ui.managecontracts.view.Detail"}]}
RESULT: {"script":"<script> [1562 bytes]","args":[{"selector":{"id":"contractDetailEditBtn","viewName":"etm.portal.ui.managecontracts.view.Detail","interaction":{"idSuffix":"BDI-content"}},"wdio_ui5_key":"contractDetailEditBtnetmportal.ui.managecontracts.view.Detail"}]}
RESULT: undefined
COMMAND: POST /session/a230b9fa5e58e47def27534e3d005bf9/element - {"using":"xpath","value":"//*[@id=\"__xmlview63--contractDetailEditBtn\"]"}
RESULT: {"using":"xpath","value":"//*[@id=\"__xmlview63--contractDetailEditBtn\"]"}
COMMAND: POST /session/a230b9fa5e58e47def27534e3d005bf9/element/f.5A792F38359A1C743AD3061B3E5B94B4.d.4891C2D9B38BECBA6EDFD36ECC9C029D.e.13282/click - {}
RESULT: {}
COMMAND: GET /session/a230b9fa5e58e47def27534e3d005bf9/screenshot - {}
RESULT: {}
COMMAND: POST /session/a230b9fa5e58e47def27534e3d005bf9/execute/async - {"script":"<script> [1562 bytes]","args":[{"selector":{"id":"additionalAddressesTabFilter","viewName":"etm.portal.ui.managecontracts.view.EditContract","interaction":{"idSuffix":"text"}},"wdio_ui5_key":"additionalAddressesTabFilteretmportal.ui.managecontracts.view.EditContract"}]}
RESULT: {"script":"<script> [1562 bytes]","args":[{"selector":{"id":"additionalAddressesTabFilter","viewName":"etm.portal.ui.managecontracts.view.EditContract","interaction":{"idSuffix":"text"}},"wdio_ui5_key":"additionalAddressesTabFilteretmportal.ui.managecontracts.view.EditContract"}]}
RESULT: undefined
COMMAND: POST /session/a230b9fa5e58e47def27534e3d005bf9/element - {"using":"xpath","value":"//*[@id=\"__xmlview64--additionalAddressesTabFilter\"]"}
RESULT: {"using":"xpath","value":"//*[@id=\"__xmlview64--additionalAddressesTabFilter\"]"}
COMMAND: POST /session/a230b9fa5e58e47def27534e3d005bf9/element/f.5A792F38359A1C743AD3061B3E5B94B4.d.4891C2D9B38BECBA6EDFD36ECC9C029D.e.13338/click - {}
RESULT: {}
RESULT: undefined
COMMAND: POST /session/a230b9fa5e58e47def27534e3d005bf9/element - {"using":"xpath","value":"//*[@id=\"__xmlview64--additionalAddressesTabFilter\"]"}
COMMAND: GET /session/a230b9fa5e58e47def27534e3d005bf9/screenshot - {}
RESULT: {"using":"xpath","value":"//*[@id=\"__xmlview64--additionalAddressesTabFilter\"]"}
COMMAND: POST /session/a230b9fa5e58e47def27534e3d005bf9/element/f.5A792F38359A1C743AD3061B3E5B94B4.d.4891C2D9B38BECBA6EDFD36ECC9C029D.e.13338/click - {}
RESULT: {}
RESULT: {}
COMMAND: POST /session/a230b9fa5e58e47def27534e3d005bf9/execute/async - {"script":"<script> [1562 bytes]","args":[{"selector":{"controlType":"sap.ui.core.Icon","viewName":"etm.portal.ui.managecontracts.view.EditContract","properties":{"src":{"regex":{"source":"add"}}}},"wdio_ui5_key":"etmportal.ui.managecontracts.view.EditContractsap.ui.core.Icon{\"src\":{\"regex\":{\"source\":\"add\"}}}"}]}
COMMAND: GET /session/a230b9fa5e58e47def27534e3d005bf9/screenshot - {}
RESULT: {"script":"<script> [1562 bytes]","args":[{"selector":{"controlType":"sap.ui.core.Icon","viewName":"etm.portal.ui.managecontracts.view.EditContract","properties":{"src":{"regex":{"source":"add"}}}},"wdio_ui5_key":"etmportal.ui.managecontracts.view.EditContractsap.ui.core.Icon{\"src\":{\"regex\":{\"source\":\"add\"}}}"}]}
RESULT: undefined
COMMAND: POST /session/a230b9fa5e58e47def27534e3d005bf9/element - {"using":"xpath","value":"//*[@id=\"__xmlview64--btnAddTableRow-img\"]"}
RESULT: {}
RESULT: {"using":"xpath","value":"//*[@id=\"__xmlview64--btnAddTableRow-img\"]"}
COMMAND: POST /session/a230b9fa5e58e47def27534e3d005bf9/element/f.5A792F38359A1C743AD3061B3E5B94B4.d.4891C2D9B38BECBA6EDFD36ECC9C029D.e.13343/click - {}
RESULT: {}
COMMAND: POST /session/a230b9fa5e58e47def27534e3d005bf9/element - {"using":"xpath","value":"//div[(text() = 'Standard Entry' or . = 'Standard Entry')]"}
COMMAND: GET /session/a230b9fa5e58e47def27534e3d005bf9/screenshot - {}
RESULT: {"using":"xpath","value":"//div[(text() = 'Standard Entry' or . = 'Standard Entry')]"}
COMMAND: POST /session/a230b9fa5e58e47def27534e3d005bf9/element/f.5A792F38359A1C743AD3061B3E5B94B4.d.4891C2D9B38BECBA6EDFD36ECC9C029D.e.13345/click - {}
RESULT: {}
RESULT: {}
COMMAND: POST /session/a230b9fa5e58e47def27534e3d005bf9/execute/async - {"script":"<script> [1562 bytes]","args":[{"selector":{"controlType":"sap.ui.core.Icon","viewName":"etm.portal.ui.managecontracts.view.EditContract","properties":{"src":{"regex":{"source":"inspect"}}}},"wdio_ui5_key":"etmportal.ui.managecontracts.view.EditContractsap.ui.core.Icon{\"src\":{\"regex\":{\"source\":\"inspect\"}}}"}]}
COMMAND: GET /session/a230b9fa5e58e47def27534e3d005bf9/screenshot - {}
RESULT: {"script":"<script> [1562 bytes]","args":[{"selector":{"controlType":"sap.ui.core.Icon","viewName":"etm.portal.ui.managecontracts.view.EditContract","properties":{"src":{"regex":{"source":"inspect"}}}},"wdio_ui5_key":"etmportal.ui.managecontracts.view.EditContractsap.ui.core.Icon{\"src\":{\"regex\":{\"source\":\"inspect\"}}}"}]}
RESULT: undefined
COMMAND: POST /session/a230b9fa5e58e47def27534e3d005bf9/element - {"using":"xpath","value":"//*[@id=\"__button329-img\"]"}
RESULT: {}
RESULT: {"using":"xpath","value":"//*[@id=\"__button329-img\"]"}
COMMAND: POST /session/a230b9fa5e58e47def27534e3d005bf9/element/f.5A792F38359A1C743AD3061B3E5B94B4.d.4891C2D9B38BECBA6EDFD36ECC9C029D.e.13357/click - {}
RESULT: {}
COMMAND: GET /session/a230b9fa5e58e47def27534e3d005bf9/screenshot - {}
RESULT: {}
COMMAND: POST /session/a230b9fa5e58e47def27534e3d005bf9/element - {"using":"xpath","value":"//td[6]/div/div/input[1]"}
RESULT: {"using":"xpath","value":"//td[6]/div/div/input[1]"}
COMMAND: POST /session/a230b9fa5e58e47def27534e3d005bf9/element/f.5A792F38359A1C743AD3061B3E5B94B4.d.4891C2D9B38BECBA6EDFD36ECC9C029D.e.13347/clear - {}
RESULT: {}
COMMAND: GET /session/a230b9fa5e58e47def27534e3d005bf9/screenshot - {}
RESULT: {}
COMMAND: POST /session/a230b9fa5e58e47def27534e3d005bf9/element - {"using":"xpath","value":"//td[6]/div/div/input[1]"}
RESULT: {"using":"xpath","value":"//td[6]/div/div/input[1]"}
COMMAND: POST /session/a230b9fa5e58e47def27534e3d005bf9/element/f.5A792F38359A1C743AD3061B3E5B94B4.d.4891C2D9B38BECBA6EDFD36ECC9C029D.e.13373/click - {}
RESULT: {}
COMMAND: POST /session/a230b9fa5e58e47def27534e3d005bf9/actions - {"actions":[{"id":"action51","type":"key","parameters":{},"actions":[{"type":"keyDown","value":"î€ƒ"},{"type":"pause","duration":10},{"type":"keyUp","value":"î€ƒ"}]}]}
COMMAND: GET /session/a230b9fa5e58e47def27534e3d005bf9/screenshot - {}
RESULT: {}
RESULT: {"actions":[{"id":"action51","type":"key","parameters":{},"actions":[{"type":"keyDown","value":"î€ƒ"},{"type":"pause","duration":10},{"type":"keyUp","value":"î€ƒ"}]}]}
COMMAND: POST /session/a230b9fa5e58e47def27534e3d005bf9/element - {"using":"xpath","value":"//td[6]/div/div/input[1]"}
COMMAND: GET /session/a230b9fa5e58e47def27534e3d005bf9/screenshot - {}
RESULT: {"using":"xpath","value":"//td[6]/div/div/input[1]"}
COMMAND: POST /session/a230b9fa5e58e47def27534e3d005bf9/element/f.5A792F38359A1C743AD3061B3E5B94B4.d.4891C2D9B38BECBA6EDFD36ECC9C029D.e.13373/clear - {}
RESULT: {}
RESULT: {}
COMMAND: POST /session/a230b9fa5e58e47def27534e3d005bf9/element/f.5A792F38359A1C743AD3061B3E5B94B4.d.4891C2D9B38BECBA6EDFD36ECC9C029D.e.13373/value - {"text":"Material"}
COMMAND: GET /session/a230b9fa5e58e47def27534e3d005bf9/screenshot - {}
RESULT: {"text":"Material"}
COMMAND: GET /session/a230b9fa5e58e47def27534e3d005bf9/screenshot - {}
RESULT: {}
RESULT: {}
COMMAND: POST /session/a230b9fa5e58e47def27534e3d005bf9/actions - {"actions":[{"id":"action52","type":"key","parameters":{},"actions":[{"type":"keyDown","value":"î€‡"},{"type":"pause","duration":10},{"type":"keyUp","value":"î€‡"}]}]}
RESULT: {"actions":[{"id":"action52","type":"key","parameters":{},"actions":[{"type":"keyDown","value":"î€‡"},{"type":"pause","duration":10},{"type":"keyUp","value":"î€‡"}]}]}
COMMAND: POST /session/a230b9fa5e58e47def27534e3d005bf9/element - {"using":"xpath","value":"//td[7]/div/div/input[1]"}
COMMAND: GET /session/a230b9fa5e58e47def27534e3d005bf9/screenshot - {}
RESULT: {"using":"xpath","value":"//td[7]/div/div/input[1]"}
COMMAND: POST /session/a230b9fa5e58e47def27534e3d005bf9/element/f.5A792F38359A1C743AD3061B3E5B94B4.d.4891C2D9B38BECBA6EDFD36ECC9C029D.e.13395/clear - {}
RESULT: {}
RESULT: {}
COMMAND: POST /session/a230b9fa5e58e47def27534e3d005bf9/element/f.5A792F38359A1C743AD3061B3E5B94B4.d.4891C2D9B38BECBA6EDFD36ECC9C029D.e.13395/value - {"text":"200165"}
COMMAND: GET /session/a230b9fa5e58e47def27534e3d005bf9/screenshot - {}
RESULT: {"text":"200165"}
COMMAND: GET /session/a230b9fa5e58e47def27534e3d005bf9/screenshot - {}
RESULT: {}
RESULT: {}
COMMAND: POST /session/a230b9fa5e58e47def27534e3d005bf9/actions - {"actions":[{"id":"action53","type":"key","parameters":{},"actions":[{"type":"keyDown","value":"î€‡"},{"type":"pause","duration":10},{"type":"keyUp","value":"î€‡"}]}]}
RESULT: {"actions":[{"id":"action53","type":"key","parameters":{},"actions":[{"type":"keyDown","value":"î€‡"},{"type":"pause","duration":10},{"type":"keyUp","value":"î€‡"}]}]}
COMMAND: POST /session/a230b9fa5e58e47def27534e3d005bf9/execute/async - {"script":"<script> [1562 bytes]","args":[{"selector":{"controlType":"sap.m.Button","properties":{"text":"OK"},"searchOpenDialogs":true,"interaction":{"idSuffix":"BDI-content"}},"wdio_ui5_key":"sapm.Button{\"text\":\"OK\"}"}]}
COMMAND: GET /session/a230b9fa5e58e47def27534e3d005bf9/screenshot - {}
RESULT: {"script":"<script> [1562 bytes]","args":[{"selector":{"controlType":"sap.m.Button","properties":{"text":"OK"},"searchOpenDialogs":true,"interaction":{"idSuffix":"BDI-content"}},"wdio_ui5_key":"sapm.Button{\"text\":\"OK\"}"}]}
RESULT: undefined
COMMAND: POST /session/a230b9fa5e58e47def27534e3d005bf9/element - {"using":"xpath","value":"//*[@id=\"__mbox-btn-1\"]"}
RESULT: {}
RESULT: {"using":"xpath","value":"//*[@id=\"__mbox-btn-1\"]"}
COMMAND: POST /session/a230b9fa5e58e47def27534e3d005bf9/element/f.5A792F38359A1C743AD3061B3E5B94B4.d.4891C2D9B38BECBA6EDFD36ECC9C029D.e.13416/click - {}
RESULT: {}
COMMAND: POST /session/a230b9fa5e58e47def27534e3d005bf9/execute/async - {"script":"<script> [1562 bytes]","args":[{"selector":{"id":"saveBtn","viewName":"etm.portal.ui.managecontracts.view.EditContract","interaction":{"idSuffix":"BDI-content"}},"wdio_ui5_key":"saveBtnetmportal.ui.managecontracts.view.EditContract"}]}
COMMAND: GET /session/a230b9fa5e58e47def27534e3d005bf9/screenshot - {}
RESULT: {"script":"<script> [1562 bytes]","args":[{"selector":{"id":"saveBtn","viewName":"etm.portal.ui.managecontracts.view.EditContract","interaction":{"idSuffix":"BDI-content"}},"wdio_ui5_key":"saveBtnetmportal.ui.managecontracts.view.EditContract"}]}
RESULT: undefined
COMMAND: POST /session/a230b9fa5e58e47def27534e3d005bf9/element - {"using":"xpath","value":"//*[@id=\"__xmlview64--saveBtn\"]"}
RESULT: {}
RESULT: {"using":"xpath","value":"//*[@id=\"__xmlview64--saveBtn\"]"}
COMMAND: POST /session/a230b9fa5e58e47def27534e3d005bf9/element/f.5A792F38359A1C743AD3061B3E5B94B4.d.4891C2D9B38BECBA6EDFD36ECC9C029D.e.13442/click - {}
RESULT: {}
COMMAND: GET /session/a230b9fa5e58e47def27534e3d005bf9/screenshot - {}
RESULT: {}
COMMAND: POST /session/a230b9fa5e58e47def27534e3d005bf9/execute/async - {"script":"<script> [1562 bytes]","args":[{"selector":{"id":"additionalAddressesTabFilter","viewName":"etm.portal.ui.managecontracts.view.Detail","interaction":{"idSuffix":"text"}},"wdio_ui5_key":"additionalAddressesTabFilteretmportal.ui.managecontracts.view.Detail"}]}
RESULT: {"script":"<script> [1562 bytes]","args":[{"selector":{"id":"additionalAddressesTabFilter","viewName":"etm.portal.ui.managecontracts.view.Detail","interaction":{"idSuffix":"text"}},"wdio_ui5_key":"additionalAddressesTabFilteretmportal.ui.managecontracts.view.Detail"}]}
RESULT: undefined
COMMAND: POST /session/a230b9fa5e58e47def27534e3d005bf9/element - {"using":"xpath","value":"//*[@id=\"__xmlview63--additionalAddressesTabFilter\"]"}
RESULT: {"using":"xpath","value":"//*[@id=\"__xmlview63--additionalAddressesTabFilter\"]"}
COMMAND: POST /session/a230b9fa5e58e47def27534e3d005bf9/element/f.5A792F38359A1C743AD3061B3E5B94B4.d.4891C2D9B38BECBA6EDFD36ECC9C029D.e.13446/click - {}
RESULT: {}
COMMAND: POST /session/a230b9fa5e58e47def27534e3d005bf9/execute/async - {"script":"<script> [1562 bytes]","args":[{"selector":{"id":"contractDetailProvideButton","viewName":"etm.portal.ui.managecontracts.view.Detail","interaction":{"idSuffix":"BDI-content"}},"wdio_ui5_key":"contractDetailProvideButtonetmportal.ui.managecontracts.view.Detail"}]}
COMMAND: GET /session/a230b9fa5e58e47def27534e3d005bf9/screenshot - {}
RESULT: {"script":"<script> [1562 bytes]","args":[{"selector":{"id":"contractDetailProvideButton","viewName":"etm.portal.ui.managecontracts.view.Detail","interaction":{"idSuffix":"BDI-content"}},"wdio_ui5_key":"contractDetailProvideButtonetmportal.ui.managecontracts.view.Detail"}]}
RESULT: undefined
COMMAND: POST /session/a230b9fa5e58e47def27534e3d005bf9/element - {"using":"xpath","value":"//*[@id=\"__xmlview63--contractDetailProvideButton\"]"}
RESULT: {}
RESULT: {"using":"xpath","value":"//*[@id=\"__xmlview63--contractDetailProvideButton\"]"}
COMMAND: POST /session/a230b9fa5e58e47def27534e3d005bf9/element/f.5A792F38359A1C743AD3061B3E5B94B4.d.4891C2D9B38BECBA6EDFD36ECC9C029D.e.13451/click - {}
RESULT: {}
COMMAND: GET /session/a230b9fa5e58e47def27534e3d005bf9/screenshot - {}
]]></system-out>
    </testcase>
    <testcase classname="chrome.135_0_7049_96.windows.Provide_to_Site_w/_warehouse_management_wo_clarification" name="Should Create HandOvers provide to site" time="76.451">
      <system-out><![CDATA[
COMMAND: POST /session/a230b9fa5e58e47def27534e3d005bf9/element - {"using":"css selector","value":"#application-managehandovers-display-component---AddNewHO--dueDate-inner"}
RESULT: {}
RESULT: {"using":"css selector","value":"#application-managehandovers-display-component---AddNewHO--dueDate-inner"}
COMMAND: POST /session/a230b9fa5e58e47def27534e3d005bf9/element/f.5A792F38359A1C743AD3061B3E5B94B4.d.4891C2D9B38BECBA6EDFD36ECC9C029D.e.13508/clear - {}
RESULT: {}
COMMAND: POST /session/a230b9fa5e58e47def27534e3d005bf9/element/f.5A792F38359A1C743AD3061B3E5B94B4.d.4891C2D9B38BECBA6EDFD36ECC9C029D.e.13508/value - {"text":"4/28/25"}
COMMAND: GET /session/a230b9fa5e58e47def27534e3d005bf9/screenshot - {}
RESULT: {"text":"4/28/25"}
COMMAND: POST /session/a230b9fa5e58e47def27534e3d005bf9/element - {"using":"xpath","value":"//bdi[(text() = 'Items' or . = 'Items')]"}
COMMAND: GET /session/a230b9fa5e58e47def27534e3d005bf9/screenshot - {}
RESULT: {}
RESULT: {"using":"xpath","value":"//bdi[(text() = 'Items' or . = 'Items')]"}
COMMAND: POST /session/a230b9fa5e58e47def27534e3d005bf9/element/f.5A792F38359A1C743AD3061B3E5B94B4.d.4891C2D9B38BECBA6EDFD36ECC9C029D.e.13614/click - {}
RESULT: {}
RESULT: {}
COMMAND: POST /session/a230b9fa5e58e47def27534e3d005bf9/execute/async - {"script":"<script> [1562 bytes]","args":[{"selector":{"controlType":"sap.m.Button","viewName":"etm.portal.ui.managehandovers.view.AddNewHO","viewId":"application-managehandovers-display-component---AddNewHO","i18NText":{"propertyName":"tooltip","key":"addItems"}},"wdio_ui5_key":"etmportal.ui.managehandovers.view.AddNewHOsap.m.Button{\"propertyName\":\"tooltip\",\"key\":\"addItems\"}"}]}
COMMAND: GET /session/a230b9fa5e58e47def27534e3d005bf9/screenshot - {}
RESULT: {"script":"<script> [1562 bytes]","args":[{"selector":{"controlType":"sap.m.Button","viewName":"etm.portal.ui.managehandovers.view.AddNewHO","viewId":"application-managehandovers-display-component---AddNewHO","i18NText":{"propertyName":"tooltip","key":"addItems"}},"wdio_ui5_key":"etmportal.ui.managehandovers.view.AddNewHOsap.m.Button{\"propertyName\":\"tooltip\",\"key\":\"addItems\"}"}]}
RESULT: undefined
COMMAND: POST /session/a230b9fa5e58e47def27534e3d005bf9/element - {"using":"xpath","value":"//*[@id=\"__button354\"]"}
RESULT: {}
RESULT: {"using":"xpath","value":"//*[@id=\"__button354\"]"}
COMMAND: POST /session/a230b9fa5e58e47def27534e3d005bf9/element/f.5A792F38359A1C743AD3061B3E5B94B4.d.4891C2D9B38BECBA6EDFD36ECC9C029D.e.13621/click - {}
RESULT: {}
COMMAND: GET /session/a230b9fa5e58e47def27534e3d005bf9/screenshot - {}
RESULT: {}
COMMAND: POST /session/a230b9fa5e58e47def27534e3d005bf9/element - {"using":"css selector","value":"div[id= \"application-managehandovers-display-component---AddNewHO--popup-sa-CbBg\"]"}
RESULT: {"using":"css selector","value":"div[id= \"application-managehandovers-display-component---AddNewHO--popup-sa-CbBg\"]"}
COMMAND: POST /session/a230b9fa5e58e47def27534e3d005bf9/element/f.5A792F38359A1C743AD3061B3E5B94B4.d.4891C2D9B38BECBA6EDFD36ECC9C029D.e.13630/click - {}
RESULT: {}
COMMAND: GET /session/a230b9fa5e58e47def27534e3d005bf9/screenshot - {}
RESULT: {}
COMMAND: POST /session/a230b9fa5e58e47def27534e3d005bf9/element - {"using":"xpath","value":"//bdi[(text() = 'Select' or . = 'Select')]"}
RESULT: {"using":"xpath","value":"//bdi[(text() = 'Select' or . = 'Select')]"}
COMMAND: POST /session/a230b9fa5e58e47def27534e3d005bf9/element/f.5A792F38359A1C743AD3061B3E5B94B4.d.4891C2D9B38BECBA6EDFD36ECC9C029D.e.13632/click - {}
RESULT: {}
COMMAND: GET /session/a230b9fa5e58e47def27534e3d005bf9/screenshot - {}
RESULT: {}
COMMAND: POST /session/a230b9fa5e58e47def27534e3d005bf9/element - {"using":"xpath","value":"//bdi[(text() = 'Save' or . = 'Save')]"}
RESULT: {"using":"xpath","value":"//bdi[(text() = 'Save' or . = 'Save')]"}
COMMAND: POST /session/a230b9fa5e58e47def27534e3d005bf9/element/f.5A792F38359A1C743AD3061B3E5B94B4.d.4891C2D9B38BECBA6EDFD36ECC9C029D.e.13640/click - {}
RESULT: {}
COMMAND: GET /session/a230b9fa5e58e47def27534e3d005bf9/screenshot - {}
RESULT: {}
COMMAND: POST /session/a230b9fa5e58e47def27534e3d005bf9/elements - {"using":"xpath","value":"//*[text()='Close']"}
RESULT: {"using":"xpath","value":"//*[text()='Close']"}
COMMAND: GET /session/a230b9fa5e58e47def27534e3d005bf9/element/f.5A792F38359A1C743AD3061B3E5B94B4.d.4891C2D9B38BECBA6EDFD36ECC9C029D.e.13672/enabled - {}
RESULT: {}
COMMAND: POST /session/a230b9fa5e58e47def27534e3d005bf9/execute/sync - {"script":"<script> [8489 bytes]","args":[{"element-6066-11e4-a52e-4f735466cecf":"f.5A792F38359A1C743AD3061B3E5B94B4.d.4891C2D9B38BECBA6EDFD36ECC9C029D.e.13672","ELEMENT":"f.5A792F38359A1C743AD3061B3E5B94B4.d.4891C2D9B38BECBA6EDFD36ECC9C029D.e.13672"}]}
COMMAND: GET /session/a230b9fa5e58e47def27534e3d005bf9/screenshot - {}
RESULT: {"script":"<script> [8489 bytes]","args":[{"element-6066-11e4-a52e-4f735466cecf":"f.5A792F38359A1C743AD3061B3E5B94B4.d.4891C2D9B38BECBA6EDFD36ECC9C029D.e.13672","ELEMENT":"f.5A792F38359A1C743AD3061B3E5B94B4.d.4891C2D9B38BECBA6EDFD36ECC9C029D.e.13672"}]}
COMMAND: GET /session/a230b9fa5e58e47def27534e3d005bf9/screenshot - {}
RESULT: {}
RESULT: {}
COMMAND: POST /session/a230b9fa5e58e47def27534e3d005bf9/execute/sync - {"script":"<script> [8489 bytes]","args":[{"element-6066-11e4-a52e-4f735466cecf":"f.5A792F38359A1C743AD3061B3E5B94B4.d.4891C2D9B38BECBA6EDFD36ECC9C029D.e.13672","ELEMENT":"f.5A792F38359A1C743AD3061B3E5B94B4.d.4891C2D9B38BECBA6EDFD36ECC9C029D.e.13672"}]}
RESULT: {"script":"<script> [8489 bytes]","args":[{"element-6066-11e4-a52e-4f735466cecf":"f.5A792F38359A1C743AD3061B3E5B94B4.d.4891C2D9B38BECBA6EDFD36ECC9C029D.e.13672","ELEMENT":"f.5A792F38359A1C743AD3061B3E5B94B4.d.4891C2D9B38BECBA6EDFD36ECC9C029D.e.13672"}]}
COMMAND: GET /session/a230b9fa5e58e47def27534e3d005bf9/screenshot - {}
RESULT: {}
COMMAND: POST /session/a230b9fa5e58e47def27534e3d005bf9/execute/sync - {"script":"<script> [8489 bytes]","args":[{"element-6066-11e4-a52e-4f735466cecf":"f.5A792F38359A1C743AD3061B3E5B94B4.d.4891C2D9B38BECBA6EDFD36ECC9C029D.e.13672","ELEMENT":"f.5A792F38359A1C743AD3061B3E5B94B4.d.4891C2D9B38BECBA6EDFD36ECC9C029D.e.13672"}]}
RESULT: {"script":"<script> [8489 bytes]","args":[{"element-6066-11e4-a52e-4f735466cecf":"f.5A792F38359A1C743AD3061B3E5B94B4.d.4891C2D9B38BECBA6EDFD36ECC9C029D.e.13672","ELEMENT":"f.5A792F38359A1C743AD3061B3E5B94B4.d.4891C2D9B38BECBA6EDFD36ECC9C029D.e.13672"}]}
COMMAND: GET /session/a230b9fa5e58e47def27534e3d005bf9/screenshot - {}
RESULT: {}
COMMAND: POST /session/a230b9fa5e58e47def27534e3d005bf9/execute/sync - {"script":"<script> [8489 bytes]","args":[{"element-6066-11e4-a52e-4f735466cecf":"f.5A792F38359A1C743AD3061B3E5B94B4.d.4891C2D9B38BECBA6EDFD36ECC9C029D.e.13672","ELEMENT":"f.5A792F38359A1C743AD3061B3E5B94B4.d.4891C2D9B38BECBA6EDFD36ECC9C029D.e.13672"}]}
RESULT: {"script":"<script> [8489 bytes]","args":[{"element-6066-11e4-a52e-4f735466cecf":"f.5A792F38359A1C743AD3061B3E5B94B4.d.4891C2D9B38BECBA6EDFD36ECC9C029D.e.13672","ELEMENT":"f.5A792F38359A1C743AD3061B3E5B94B4.d.4891C2D9B38BECBA6EDFD36ECC9C029D.e.13672"}]}
COMMAND: GET /session/a230b9fa5e58e47def27534e3d005bf9/screenshot - {}
RESULT: {}
COMMAND: POST /session/a230b9fa5e58e47def27534e3d005bf9/execute/sync - {"script":"<script> [8489 bytes]","args":[{"element-6066-11e4-a52e-4f735466cecf":"f.5A792F38359A1C743AD3061B3E5B94B4.d.4891C2D9B38BECBA6EDFD36ECC9C029D.e.13672","ELEMENT":"f.5A792F38359A1C743AD3061B3E5B94B4.d.4891C2D9B38BECBA6EDFD36ECC9C029D.e.13672"}]}
RESULT: {"script":"<script> [8489 bytes]","args":[{"element-6066-11e4-a52e-4f735466cecf":"f.5A792F38359A1C743AD3061B3E5B94B4.d.4891C2D9B38BECBA6EDFD36ECC9C029D.e.13672","ELEMENT":"f.5A792F38359A1C743AD3061B3E5B94B4.d.4891C2D9B38BECBA6EDFD36ECC9C029D.e.13672"}]}
COMMAND: GET /session/a230b9fa5e58e47def27534e3d005bf9/screenshot - {}
RESULT: {}
COMMAND: POST /session/a230b9fa5e58e47def27534e3d005bf9/execute/sync - {"script":"<script> [8489 bytes]","args":[{"element-6066-11e4-a52e-4f735466cecf":"f.5A792F38359A1C743AD3061B3E5B94B4.d.4891C2D9B38BECBA6EDFD36ECC9C029D.e.13672","ELEMENT":"f.5A792F38359A1C743AD3061B3E5B94B4.d.4891C2D9B38BECBA6EDFD36ECC9C029D.e.13672"}]}
RESULT: {"script":"<script> [8489 bytes]","args":[{"element-6066-11e4-a52e-4f735466cecf":"f.5A792F38359A1C743AD3061B3E5B94B4.d.4891C2D9B38BECBA6EDFD36ECC9C029D.e.13672","ELEMENT":"f.5A792F38359A1C743AD3061B3E5B94B4.d.4891C2D9B38BECBA6EDFD36ECC9C029D.e.13672"}]}
COMMAND: GET /session/a230b9fa5e58e47def27534e3d005bf9/screenshot - {}
RESULT: {}
COMMAND: POST /session/a230b9fa5e58e47def27534e3d005bf9/execute/sync - {"script":"<script> [8489 bytes]","args":[{"element-6066-11e4-a52e-4f735466cecf":"f.5A792F38359A1C743AD3061B3E5B94B4.d.4891C2D9B38BECBA6EDFD36ECC9C029D.e.13672","ELEMENT":"f.5A792F38359A1C743AD3061B3E5B94B4.d.4891C2D9B38BECBA6EDFD36ECC9C029D.e.13672"}]}
RESULT: {"script":"<script> [8489 bytes]","args":[{"element-6066-11e4-a52e-4f735466cecf":"f.5A792F38359A1C743AD3061B3E5B94B4.d.4891C2D9B38BECBA6EDFD36ECC9C029D.e.13672","ELEMENT":"f.5A792F38359A1C743AD3061B3E5B94B4.d.4891C2D9B38BECBA6EDFD36ECC9C029D.e.13672"}]}
COMMAND: GET /session/a230b9fa5e58e47def27534e3d005bf9/screenshot - {}
RESULT: {}
COMMAND: POST /session/a230b9fa5e58e47def27534e3d005bf9/execute/sync - {"script":"<script> [8489 bytes]","args":[{"element-6066-11e4-a52e-4f735466cecf":"f.5A792F38359A1C743AD3061B3E5B94B4.d.4891C2D9B38BECBA6EDFD36ECC9C029D.e.13672","ELEMENT":"f.5A792F38359A1C743AD3061B3E5B94B4.d.4891C2D9B38BECBA6EDFD36ECC9C029D.e.13672"}]}
RESULT: {"script":"<script> [8489 bytes]","args":[{"element-6066-11e4-a52e-4f735466cecf":"f.5A792F38359A1C743AD3061B3E5B94B4.d.4891C2D9B38BECBA6EDFD36ECC9C029D.e.13672","ELEMENT":"f.5A792F38359A1C743AD3061B3E5B94B4.d.4891C2D9B38BECBA6EDFD36ECC9C029D.e.13672"}]}
COMMAND: GET /session/a230b9fa5e58e47def27534e3d005bf9/screenshot - {}
RESULT: {}
COMMAND: POST /session/a230b9fa5e58e47def27534e3d005bf9/execute/sync - {"script":"<script> [8489 bytes]","args":[{"element-6066-11e4-a52e-4f735466cecf":"f.5A792F38359A1C743AD3061B3E5B94B4.d.4891C2D9B38BECBA6EDFD36ECC9C029D.e.13672","ELEMENT":"f.5A792F38359A1C743AD3061B3E5B94B4.d.4891C2D9B38BECBA6EDFD36ECC9C029D.e.13672"}]}
RESULT: {"script":"<script> [8489 bytes]","args":[{"element-6066-11e4-a52e-4f735466cecf":"f.5A792F38359A1C743AD3061B3E5B94B4.d.4891C2D9B38BECBA6EDFD36ECC9C029D.e.13672","ELEMENT":"f.5A792F38359A1C743AD3061B3E5B94B4.d.4891C2D9B38BECBA6EDFD36ECC9C029D.e.13672"}]}
COMMAND: GET /session/a230b9fa5e58e47def27534e3d005bf9/screenshot - {}
RESULT: {}
COMMAND: POST /session/a230b9fa5e58e47def27534e3d005bf9/execute/sync - {"script":"<script> [8489 bytes]","args":[{"element-6066-11e4-a52e-4f735466cecf":"f.5A792F38359A1C743AD3061B3E5B94B4.d.4891C2D9B38BECBA6EDFD36ECC9C029D.e.13672","ELEMENT":"f.5A792F38359A1C743AD3061B3E5B94B4.d.4891C2D9B38BECBA6EDFD36ECC9C029D.e.13672"}]}
RESULT: {"script":"<script> [8489 bytes]","args":[{"element-6066-11e4-a52e-4f735466cecf":"f.5A792F38359A1C743AD3061B3E5B94B4.d.4891C2D9B38BECBA6EDFD36ECC9C029D.e.13672","ELEMENT":"f.5A792F38359A1C743AD3061B3E5B94B4.d.4891C2D9B38BECBA6EDFD36ECC9C029D.e.13672"}]}
COMMAND: GET /session/a230b9fa5e58e47def27534e3d005bf9/screenshot - {}
RESULT: {}
COMMAND: POST /session/a230b9fa5e58e47def27534e3d005bf9/execute/sync - {"script":"<script> [8489 bytes]","args":[{"element-6066-11e4-a52e-4f735466cecf":"f.5A792F38359A1C743AD3061B3E5B94B4.d.4891C2D9B38BECBA6EDFD36ECC9C029D.e.13672","ELEMENT":"f.5A792F38359A1C743AD3061B3E5B94B4.d.4891C2D9B38BECBA6EDFD36ECC9C029D.e.13672"}]}
RESULT: {"script":"<script> [8489 bytes]","args":[{"element-6066-11e4-a52e-4f735466cecf":"f.5A792F38359A1C743AD3061B3E5B94B4.d.4891C2D9B38BECBA6EDFD36ECC9C029D.e.13672","ELEMENT":"f.5A792F38359A1C743AD3061B3E5B94B4.d.4891C2D9B38BECBA6EDFD36ECC9C029D.e.13672"}]}
COMMAND: GET /session/a230b9fa5e58e47def27534e3d005bf9/screenshot - {}
RESULT: {}
COMMAND: POST /session/a230b9fa5e58e47def27534e3d005bf9/execute/sync - {"script":"<script> [8489 bytes]","args":[{"element-6066-11e4-a52e-4f735466cecf":"f.5A792F38359A1C743AD3061B3E5B94B4.d.4891C2D9B38BECBA6EDFD36ECC9C029D.e.13672","ELEMENT":"f.5A792F38359A1C743AD3061B3E5B94B4.d.4891C2D9B38BECBA6EDFD36ECC9C029D.e.13672"}]}
RESULT: {"script":"<script> [8489 bytes]","args":[{"element-6066-11e4-a52e-4f735466cecf":"f.5A792F38359A1C743AD3061B3E5B94B4.d.4891C2D9B38BECBA6EDFD36ECC9C029D.e.13672","ELEMENT":"f.5A792F38359A1C743AD3061B3E5B94B4.d.4891C2D9B38BECBA6EDFD36ECC9C029D.e.13672"}]}
COMMAND: GET /session/a230b9fa5e58e47def27534e3d005bf9/screenshot - {}
RESULT: {}
COMMAND: POST /session/a230b9fa5e58e47def27534e3d005bf9/execute/sync - {"script":"<script> [8489 bytes]","args":[{"element-6066-11e4-a52e-4f735466cecf":"f.5A792F38359A1C743AD3061B3E5B94B4.d.4891C2D9B38BECBA6EDFD36ECC9C029D.e.13672","ELEMENT":"f.5A792F38359A1C743AD3061B3E5B94B4.d.4891C2D9B38BECBA6EDFD36ECC9C029D.e.13672"}]}
RESULT: {"script":"<script> [8489 bytes]","args":[{"element-6066-11e4-a52e-4f735466cecf":"f.5A792F38359A1C743AD3061B3E5B94B4.d.4891C2D9B38BECBA6EDFD36ECC9C029D.e.13672","ELEMENT":"f.5A792F38359A1C743AD3061B3E5B94B4.d.4891C2D9B38BECBA6EDFD36ECC9C029D.e.13672"}]}
COMMAND: GET /session/a230b9fa5e58e47def27534e3d005bf9/screenshot - {}
RESULT: {}
COMMAND: POST /session/a230b9fa5e58e47def27534e3d005bf9/execute/sync - {"script":"<script> [8489 bytes]","args":[{"element-6066-11e4-a52e-4f735466cecf":"f.5A792F38359A1C743AD3061B3E5B94B4.d.4891C2D9B38BECBA6EDFD36ECC9C029D.e.13672","ELEMENT":"f.5A792F38359A1C743AD3061B3E5B94B4.d.4891C2D9B38BECBA6EDFD36ECC9C029D.e.13672"}]}
RESULT: {"script":"<script> [8489 bytes]","args":[{"element-6066-11e4-a52e-4f735466cecf":"f.5A792F38359A1C743AD3061B3E5B94B4.d.4891C2D9B38BECBA6EDFD36ECC9C029D.e.13672","ELEMENT":"f.5A792F38359A1C743AD3061B3E5B94B4.d.4891C2D9B38BECBA6EDFD36ECC9C029D.e.13672"}]}
COMMAND: GET /session/a230b9fa5e58e47def27534e3d005bf9/screenshot - {}
RESULT: {}
COMMAND: POST /session/a230b9fa5e58e47def27534e3d005bf9/execute/sync - {"script":"<script> [8489 bytes]","args":[{"element-6066-11e4-a52e-4f735466cecf":"f.5A792F38359A1C743AD3061B3E5B94B4.d.4891C2D9B38BECBA6EDFD36ECC9C029D.e.13672","ELEMENT":"f.5A792F38359A1C743AD3061B3E5B94B4.d.4891C2D9B38BECBA6EDFD36ECC9C029D.e.13672"}]}
RESULT: {"script":"<script> [8489 bytes]","args":[{"element-6066-11e4-a52e-4f735466cecf":"f.5A792F38359A1C743AD3061B3E5B94B4.d.4891C2D9B38BECBA6EDFD36ECC9C029D.e.13672","ELEMENT":"f.5A792F38359A1C743AD3061B3E5B94B4.d.4891C2D9B38BECBA6EDFD36ECC9C029D.e.13672"}]}
COMMAND: GET /session/a230b9fa5e58e47def27534e3d005bf9/screenshot - {}
RESULT: {}
COMMAND: POST /session/a230b9fa5e58e47def27534e3d005bf9/execute/sync - {"script":"<script> [8489 bytes]","args":[{"element-6066-11e4-a52e-4f735466cecf":"f.5A792F38359A1C743AD3061B3E5B94B4.d.4891C2D9B38BECBA6EDFD36ECC9C029D.e.13672","ELEMENT":"f.5A792F38359A1C743AD3061B3E5B94B4.d.4891C2D9B38BECBA6EDFD36ECC9C029D.e.13672"}]}
RESULT: {"script":"<script> [8489 bytes]","args":[{"element-6066-11e4-a52e-4f735466cecf":"f.5A792F38359A1C743AD3061B3E5B94B4.d.4891C2D9B38BECBA6EDFD36ECC9C029D.e.13672","ELEMENT":"f.5A792F38359A1C743AD3061B3E5B94B4.d.4891C2D9B38BECBA6EDFD36ECC9C029D.e.13672"}]}
COMMAND: GET /session/a230b9fa5e58e47def27534e3d005bf9/screenshot - {}
RESULT: {}
COMMAND: POST /session/a230b9fa5e58e47def27534e3d005bf9/execute/sync - {"script":"<script> [8489 bytes]","args":[{"element-6066-11e4-a52e-4f735466cecf":"f.5A792F38359A1C743AD3061B3E5B94B4.d.4891C2D9B38BECBA6EDFD36ECC9C029D.e.13672","ELEMENT":"f.5A792F38359A1C743AD3061B3E5B94B4.d.4891C2D9B38BECBA6EDFD36ECC9C029D.e.13672"}]}
RESULT: {"script":"<script> [8489 bytes]","args":[{"element-6066-11e4-a52e-4f735466cecf":"f.5A792F38359A1C743AD3061B3E5B94B4.d.4891C2D9B38BECBA6EDFD36ECC9C029D.e.13672","ELEMENT":"f.5A792F38359A1C743AD3061B3E5B94B4.d.4891C2D9B38BECBA6EDFD36ECC9C029D.e.13672"}]}
COMMAND: GET /session/a230b9fa5e58e47def27534e3d005bf9/screenshot - {}
RESULT: {}
COMMAND: POST /session/a230b9fa5e58e47def27534e3d005bf9/execute/sync - {"script":"<script> [8489 bytes]","args":[{"element-6066-11e4-a52e-4f735466cecf":"f.5A792F38359A1C743AD3061B3E5B94B4.d.4891C2D9B38BECBA6EDFD36ECC9C029D.e.13672","ELEMENT":"f.5A792F38359A1C743AD3061B3E5B94B4.d.4891C2D9B38BECBA6EDFD36ECC9C029D.e.13672"}]}
RESULT: {"script":"<script> [8489 bytes]","args":[{"element-6066-11e4-a52e-4f735466cecf":"f.5A792F38359A1C743AD3061B3E5B94B4.d.4891C2D9B38BECBA6EDFD36ECC9C029D.e.13672","ELEMENT":"f.5A792F38359A1C743AD3061B3E5B94B4.d.4891C2D9B38BECBA6EDFD36ECC9C029D.e.13672"}]}
COMMAND: GET /session/a230b9fa5e58e47def27534e3d005bf9/screenshot - {}
RESULT: {}
COMMAND: POST /session/a230b9fa5e58e47def27534e3d005bf9/execute/sync - {"script":"<script> [8489 bytes]","args":[{"element-6066-11e4-a52e-4f735466cecf":"f.5A792F38359A1C743AD3061B3E5B94B4.d.4891C2D9B38BECBA6EDFD36ECC9C029D.e.13672","ELEMENT":"f.5A792F38359A1C743AD3061B3E5B94B4.d.4891C2D9B38BECBA6EDFD36ECC9C029D.e.13672"}]}
RESULT: {"script":"<script> [8489 bytes]","args":[{"element-6066-11e4-a52e-4f735466cecf":"f.5A792F38359A1C743AD3061B3E5B94B4.d.4891C2D9B38BECBA6EDFD36ECC9C029D.e.13672","ELEMENT":"f.5A792F38359A1C743AD3061B3E5B94B4.d.4891C2D9B38BECBA6EDFD36ECC9C029D.e.13672"}]}
COMMAND: GET /session/a230b9fa5e58e47def27534e3d005bf9/screenshot - {}
RESULT: {}
COMMAND: POST /session/a230b9fa5e58e47def27534e3d005bf9/execute/sync - {"script":"<script> [8489 bytes]","args":[{"element-6066-11e4-a52e-4f735466cecf":"f.5A792F38359A1C743AD3061B3E5B94B4.d.4891C2D9B38BECBA6EDFD36ECC9C029D.e.13672","ELEMENT":"f.5A792F38359A1C743AD3061B3E5B94B4.d.4891C2D9B38BECBA6EDFD36ECC9C029D.e.13672"}]}
RESULT: {"script":"<script> [8489 bytes]","args":[{"element-6066-11e4-a52e-4f735466cecf":"f.5A792F38359A1C743AD3061B3E5B94B4.d.4891C2D9B38BECBA6EDFD36ECC9C029D.e.13672","ELEMENT":"f.5A792F38359A1C743AD3061B3E5B94B4.d.4891C2D9B38BECBA6EDFD36ECC9C029D.e.13672"}]}
COMMAND: GET /session/a230b9fa5e58e47def27534e3d005bf9/screenshot - {}
RESULT: {}
COMMAND: POST /session/a230b9fa5e58e47def27534e3d005bf9/execute/sync - {"script":"<script> [8489 bytes]","args":[{"element-6066-11e4-a52e-4f735466cecf":"f.5A792F38359A1C743AD3061B3E5B94B4.d.4891C2D9B38BECBA6EDFD36ECC9C029D.e.13672","ELEMENT":"f.5A792F38359A1C743AD3061B3E5B94B4.d.4891C2D9B38BECBA6EDFD36ECC9C029D.e.13672"}]}
RESULT: {"script":"<script> [8489 bytes]","args":[{"element-6066-11e4-a52e-4f735466cecf":"f.5A792F38359A1C743AD3061B3E5B94B4.d.4891C2D9B38BECBA6EDFD36ECC9C029D.e.13672","ELEMENT":"f.5A792F38359A1C743AD3061B3E5B94B4.d.4891C2D9B38BECBA6EDFD36ECC9C029D.e.13672"}]}
COMMAND: GET /session/a230b9fa5e58e47def27534e3d005bf9/screenshot - {}
RESULT: {}
COMMAND: POST /session/a230b9fa5e58e47def27534e3d005bf9/execute/sync - {"script":"<script> [8489 bytes]","args":[{"element-6066-11e4-a52e-4f735466cecf":"f.5A792F38359A1C743AD3061B3E5B94B4.d.4891C2D9B38BECBA6EDFD36ECC9C029D.e.13672","ELEMENT":"f.5A792F38359A1C743AD3061B3E5B94B4.d.4891C2D9B38BECBA6EDFD36ECC9C029D.e.13672"}]}
RESULT: {"script":"<script> [8489 bytes]","args":[{"element-6066-11e4-a52e-4f735466cecf":"f.5A792F38359A1C743AD3061B3E5B94B4.d.4891C2D9B38BECBA6EDFD36ECC9C029D.e.13672","ELEMENT":"f.5A792F38359A1C743AD3061B3E5B94B4.d.4891C2D9B38BECBA6EDFD36ECC9C029D.e.13672"}]}
COMMAND: GET /session/a230b9fa5e58e47def27534e3d005bf9/screenshot - {}
RESULT: {}
COMMAND: POST /session/a230b9fa5e58e47def27534e3d005bf9/execute/sync - {"script":"<script> [8489 bytes]","args":[{"element-6066-11e4-a52e-4f735466cecf":"f.5A792F38359A1C743AD3061B3E5B94B4.d.4891C2D9B38BECBA6EDFD36ECC9C029D.e.13672","ELEMENT":"f.5A792F38359A1C743AD3061B3E5B94B4.d.4891C2D9B38BECBA6EDFD36ECC9C029D.e.13672"}]}
RESULT: {"script":"<script> [8489 bytes]","args":[{"element-6066-11e4-a52e-4f735466cecf":"f.5A792F38359A1C743AD3061B3E5B94B4.d.4891C2D9B38BECBA6EDFD36ECC9C029D.e.13672","ELEMENT":"f.5A792F38359A1C743AD3061B3E5B94B4.d.4891C2D9B38BECBA6EDFD36ECC9C029D.e.13672"}]}
COMMAND: GET /session/a230b9fa5e58e47def27534e3d005bf9/screenshot - {}
RESULT: {}
COMMAND: POST /session/a230b9fa5e58e47def27534e3d005bf9/execute/sync - {"script":"<script> [8489 bytes]","args":[{"element-6066-11e4-a52e-4f735466cecf":"f.5A792F38359A1C743AD3061B3E5B94B4.d.4891C2D9B38BECBA6EDFD36ECC9C029D.e.13672","ELEMENT":"f.5A792F38359A1C743AD3061B3E5B94B4.d.4891C2D9B38BECBA6EDFD36ECC9C029D.e.13672"}]}
RESULT: {"script":"<script> [8489 bytes]","args":[{"element-6066-11e4-a52e-4f735466cecf":"f.5A792F38359A1C743AD3061B3E5B94B4.d.4891C2D9B38BECBA6EDFD36ECC9C029D.e.13672","ELEMENT":"f.5A792F38359A1C743AD3061B3E5B94B4.d.4891C2D9B38BECBA6EDFD36ECC9C029D.e.13672"}]}
COMMAND: GET /session/a230b9fa5e58e47def27534e3d005bf9/screenshot - {}
RESULT: {}
COMMAND: POST /session/a230b9fa5e58e47def27534e3d005bf9/execute/sync - {"script":"<script> [8489 bytes]","args":[{"element-6066-11e4-a52e-4f735466cecf":"f.5A792F38359A1C743AD3061B3E5B94B4.d.4891C2D9B38BECBA6EDFD36ECC9C029D.e.13672","ELEMENT":"f.5A792F38359A1C743AD3061B3E5B94B4.d.4891C2D9B38BECBA6EDFD36ECC9C029D.e.13672"}]}
RESULT: {"script":"<script> [8489 bytes]","args":[{"element-6066-11e4-a52e-4f735466cecf":"f.5A792F38359A1C743AD3061B3E5B94B4.d.4891C2D9B38BECBA6EDFD36ECC9C029D.e.13672","ELEMENT":"f.5A792F38359A1C743AD3061B3E5B94B4.d.4891C2D9B38BECBA6EDFD36ECC9C029D.e.13672"}]}
COMMAND: GET /session/a230b9fa5e58e47def27534e3d005bf9/screenshot - {}
RESULT: {}
COMMAND: POST /session/a230b9fa5e58e47def27534e3d005bf9/execute/sync - {"script":"<script> [8489 bytes]","args":[{"element-6066-11e4-a52e-4f735466cecf":"f.5A792F38359A1C743AD3061B3E5B94B4.d.4891C2D9B38BECBA6EDFD36ECC9C029D.e.13672","ELEMENT":"f.5A792F38359A1C743AD3061B3E5B94B4.d.4891C2D9B38BECBA6EDFD36ECC9C029D.e.13672"}]}
RESULT: {"script":"<script> [8489 bytes]","args":[{"element-6066-11e4-a52e-4f735466cecf":"f.5A792F38359A1C743AD3061B3E5B94B4.d.4891C2D9B38BECBA6EDFD36ECC9C029D.e.13672","ELEMENT":"f.5A792F38359A1C743AD3061B3E5B94B4.d.4891C2D9B38BECBA6EDFD36ECC9C029D.e.13672"}]}
COMMAND: GET /session/a230b9fa5e58e47def27534e3d005bf9/screenshot - {}
RESULT: {}
COMMAND: POST /session/a230b9fa5e58e47def27534e3d005bf9/execute/sync - {"script":"<script> [8489 bytes]","args":[{"element-6066-11e4-a52e-4f735466cecf":"f.5A792F38359A1C743AD3061B3E5B94B4.d.4891C2D9B38BECBA6EDFD36ECC9C029D.e.13672","ELEMENT":"f.5A792F38359A1C743AD3061B3E5B94B4.d.4891C2D9B38BECBA6EDFD36ECC9C029D.e.13672"}]}
RESULT: {"script":"<script> [8489 bytes]","args":[{"element-6066-11e4-a52e-4f735466cecf":"f.5A792F38359A1C743AD3061B3E5B94B4.d.4891C2D9B38BECBA6EDFD36ECC9C029D.e.13672","ELEMENT":"f.5A792F38359A1C743AD3061B3E5B94B4.d.4891C2D9B38BECBA6EDFD36ECC9C029D.e.13672"}]}
COMMAND: GET /session/a230b9fa5e58e47def27534e3d005bf9/screenshot - {}
RESULT: {}
COMMAND: POST /session/a230b9fa5e58e47def27534e3d005bf9/execute/sync - {"script":"<script> [8489 bytes]","args":[{"element-6066-11e4-a52e-4f735466cecf":"f.5A792F38359A1C743AD3061B3E5B94B4.d.4891C2D9B38BECBA6EDFD36ECC9C029D.e.13672","ELEMENT":"f.5A792F38359A1C743AD3061B3E5B94B4.d.4891C2D9B38BECBA6EDFD36ECC9C029D.e.13672"}]}
RESULT: {"script":"<script> [8489 bytes]","args":[{"element-6066-11e4-a52e-4f735466cecf":"f.5A792F38359A1C743AD3061B3E5B94B4.d.4891C2D9B38BECBA6EDFD36ECC9C029D.e.13672","ELEMENT":"f.5A792F38359A1C743AD3061B3E5B94B4.d.4891C2D9B38BECBA6EDFD36ECC9C029D.e.13672"}]}
COMMAND: GET /session/a230b9fa5e58e47def27534e3d005bf9/screenshot - {}
RESULT: {}
COMMAND: POST /session/a230b9fa5e58e47def27534e3d005bf9/execute/sync - {"script":"<script> [8489 bytes]","args":[{"element-6066-11e4-a52e-4f735466cecf":"f.5A792F38359A1C743AD3061B3E5B94B4.d.4891C2D9B38BECBA6EDFD36ECC9C029D.e.13672","ELEMENT":"f.5A792F38359A1C743AD3061B3E5B94B4.d.4891C2D9B38BECBA6EDFD36ECC9C029D.e.13672"}]}
RESULT: {"script":"<script> [8489 bytes]","args":[{"element-6066-11e4-a52e-4f735466cecf":"f.5A792F38359A1C743AD3061B3E5B94B4.d.4891C2D9B38BECBA6EDFD36ECC9C029D.e.13672","ELEMENT":"f.5A792F38359A1C743AD3061B3E5B94B4.d.4891C2D9B38BECBA6EDFD36ECC9C029D.e.13672"}]}
COMMAND: GET /session/a230b9fa5e58e47def27534e3d005bf9/screenshot - {}
RESULT: {}
COMMAND: POST /session/a230b9fa5e58e47def27534e3d005bf9/execute/sync - {"script":"<script> [8489 bytes]","args":[{"element-6066-11e4-a52e-4f735466cecf":"f.5A792F38359A1C743AD3061B3E5B94B4.d.4891C2D9B38BECBA6EDFD36ECC9C029D.e.13672","ELEMENT":"f.5A792F38359A1C743AD3061B3E5B94B4.d.4891C2D9B38BECBA6EDFD36ECC9C029D.e.13672"}]}
RESULT: {"script":"<script> [8489 bytes]","args":[{"element-6066-11e4-a52e-4f735466cecf":"f.5A792F38359A1C743AD3061B3E5B94B4.d.4891C2D9B38BECBA6EDFD36ECC9C029D.e.13672","ELEMENT":"f.5A792F38359A1C743AD3061B3E5B94B4.d.4891C2D9B38BECBA6EDFD36ECC9C029D.e.13672"}]}
COMMAND: GET /session/a230b9fa5e58e47def27534e3d005bf9/screenshot - {}
RESULT: {}
COMMAND: POST /session/a230b9fa5e58e47def27534e3d005bf9/execute/sync - {"script":"<script> [8489 bytes]","args":[{"element-6066-11e4-a52e-4f735466cecf":"f.5A792F38359A1C743AD3061B3E5B94B4.d.4891C2D9B38BECBA6EDFD36ECC9C029D.e.13672","ELEMENT":"f.5A792F38359A1C743AD3061B3E5B94B4.d.4891C2D9B38BECBA6EDFD36ECC9C029D.e.13672"}]}
RESULT: {"script":"<script> [8489 bytes]","args":[{"element-6066-11e4-a52e-4f735466cecf":"f.5A792F38359A1C743AD3061B3E5B94B4.d.4891C2D9B38BECBA6EDFD36ECC9C029D.e.13672","ELEMENT":"f.5A792F38359A1C743AD3061B3E5B94B4.d.4891C2D9B38BECBA6EDFD36ECC9C029D.e.13672"}]}
COMMAND: GET /session/a230b9fa5e58e47def27534e3d005bf9/screenshot - {}
RESULT: {}
COMMAND: POST /session/a230b9fa5e58e47def27534e3d005bf9/execute/sync - {"script":"<script> [8489 bytes]","args":[{"element-6066-11e4-a52e-4f735466cecf":"f.5A792F38359A1C743AD3061B3E5B94B4.d.4891C2D9B38BECBA6EDFD36ECC9C029D.e.13672","ELEMENT":"f.5A792F38359A1C743AD3061B3E5B94B4.d.4891C2D9B38BECBA6EDFD36ECC9C029D.e.13672"}]}
RESULT: {"script":"<script> [8489 bytes]","args":[{"element-6066-11e4-a52e-4f735466cecf":"f.5A792F38359A1C743AD3061B3E5B94B4.d.4891C2D9B38BECBA6EDFD36ECC9C029D.e.13672","ELEMENT":"f.5A792F38359A1C743AD3061B3E5B94B4.d.4891C2D9B38BECBA6EDFD36ECC9C029D.e.13672"}]}
COMMAND: GET /session/a230b9fa5e58e47def27534e3d005bf9/screenshot - {}
RESULT: {}
COMMAND: POST /session/a230b9fa5e58e47def27534e3d005bf9/execute/sync - {"script":"<script> [8489 bytes]","args":[{"element-6066-11e4-a52e-4f735466cecf":"f.5A792F38359A1C743AD3061B3E5B94B4.d.4891C2D9B38BECBA6EDFD36ECC9C029D.e.13672","ELEMENT":"f.5A792F38359A1C743AD3061B3E5B94B4.d.4891C2D9B38BECBA6EDFD36ECC9C029D.e.13672"}]}
RESULT: {"script":"<script> [8489 bytes]","args":[{"element-6066-11e4-a52e-4f735466cecf":"f.5A792F38359A1C743AD3061B3E5B94B4.d.4891C2D9B38BECBA6EDFD36ECC9C029D.e.13672","ELEMENT":"f.5A792F38359A1C743AD3061B3E5B94B4.d.4891C2D9B38BECBA6EDFD36ECC9C029D.e.13672"}]}
COMMAND: GET /session/a230b9fa5e58e47def27534e3d005bf9/screenshot - {}
RESULT: {}
COMMAND: POST /session/a230b9fa5e58e47def27534e3d005bf9/execute/sync - {"script":"<script> [8489 bytes]","args":[{"element-6066-11e4-a52e-4f735466cecf":"f.5A792F38359A1C743AD3061B3E5B94B4.d.4891C2D9B38BECBA6EDFD36ECC9C029D.e.13672","ELEMENT":"f.5A792F38359A1C743AD3061B3E5B94B4.d.4891C2D9B38BECBA6EDFD36ECC9C029D.e.13672"}]}
RESULT: {"script":"<script> [8489 bytes]","args":[{"element-6066-11e4-a52e-4f735466cecf":"f.5A792F38359A1C743AD3061B3E5B94B4.d.4891C2D9B38BECBA6EDFD36ECC9C029D.e.13672","ELEMENT":"f.5A792F38359A1C743AD3061B3E5B94B4.d.4891C2D9B38BECBA6EDFD36ECC9C029D.e.13672"}]}
COMMAND: GET /session/a230b9fa5e58e47def27534e3d005bf9/screenshot - {}
RESULT: {}
COMMAND: POST /session/a230b9fa5e58e47def27534e3d005bf9/execute/sync - {"script":"<script> [8489 bytes]","args":[{"element-6066-11e4-a52e-4f735466cecf":"f.5A792F38359A1C743AD3061B3E5B94B4.d.4891C2D9B38BECBA6EDFD36ECC9C029D.e.13672","ELEMENT":"f.5A792F38359A1C743AD3061B3E5B94B4.d.4891C2D9B38BECBA6EDFD36ECC9C029D.e.13672"}]}
RESULT: {"script":"<script> [8489 bytes]","args":[{"element-6066-11e4-a52e-4f735466cecf":"f.5A792F38359A1C743AD3061B3E5B94B4.d.4891C2D9B38BECBA6EDFD36ECC9C029D.e.13672","ELEMENT":"f.5A792F38359A1C743AD3061B3E5B94B4.d.4891C2D9B38BECBA6EDFD36ECC9C029D.e.13672"}]}
COMMAND: GET /session/a230b9fa5e58e47def27534e3d005bf9/screenshot - {}
RESULT: {}
COMMAND: POST /session/a230b9fa5e58e47def27534e3d005bf9/execute/sync - {"script":"<script> [8489 bytes]","args":[{"element-6066-11e4-a52e-4f735466cecf":"f.5A792F38359A1C743AD3061B3E5B94B4.d.4891C2D9B38BECBA6EDFD36ECC9C029D.e.13672","ELEMENT":"f.5A792F38359A1C743AD3061B3E5B94B4.d.4891C2D9B38BECBA6EDFD36ECC9C029D.e.13672"}]}
RESULT: {"script":"<script> [8489 bytes]","args":[{"element-6066-11e4-a52e-4f735466cecf":"f.5A792F38359A1C743AD3061B3E5B94B4.d.4891C2D9B38BECBA6EDFD36ECC9C029D.e.13672","ELEMENT":"f.5A792F38359A1C743AD3061B3E5B94B4.d.4891C2D9B38BECBA6EDFD36ECC9C029D.e.13672"}]}
COMMAND: GET /session/a230b9fa5e58e47def27534e3d005bf9/screenshot - {}
RESULT: {}
COMMAND: POST /session/a230b9fa5e58e47def27534e3d005bf9/execute/sync - {"script":"<script> [8489 bytes]","args":[{"element-6066-11e4-a52e-4f735466cecf":"f.5A792F38359A1C743AD3061B3E5B94B4.d.4891C2D9B38BECBA6EDFD36ECC9C029D.e.13672","ELEMENT":"f.5A792F38359A1C743AD3061B3E5B94B4.d.4891C2D9B38BECBA6EDFD36ECC9C029D.e.13672"}]}
RESULT: {"script":"<script> [8489 bytes]","args":[{"element-6066-11e4-a52e-4f735466cecf":"f.5A792F38359A1C743AD3061B3E5B94B4.d.4891C2D9B38BECBA6EDFD36ECC9C029D.e.13672","ELEMENT":"f.5A792F38359A1C743AD3061B3E5B94B4.d.4891C2D9B38BECBA6EDFD36ECC9C029D.e.13672"}]}
COMMAND: GET /session/a230b9fa5e58e47def27534e3d005bf9/screenshot - {}
RESULT: {}
COMMAND: POST /session/a230b9fa5e58e47def27534e3d005bf9/execute/sync - {"script":"<script> [8489 bytes]","args":[{"element-6066-11e4-a52e-4f735466cecf":"f.5A792F38359A1C743AD3061B3E5B94B4.d.4891C2D9B38BECBA6EDFD36ECC9C029D.e.13672","ELEMENT":"f.5A792F38359A1C743AD3061B3E5B94B4.d.4891C2D9B38BECBA6EDFD36ECC9C029D.e.13672"}]}
RESULT: {"script":"<script> [8489 bytes]","args":[{"element-6066-11e4-a52e-4f735466cecf":"f.5A792F38359A1C743AD3061B3E5B94B4.d.4891C2D9B38BECBA6EDFD36ECC9C029D.e.13672","ELEMENT":"f.5A792F38359A1C743AD3061B3E5B94B4.d.4891C2D9B38BECBA6EDFD36ECC9C029D.e.13672"}]}
COMMAND: GET /session/a230b9fa5e58e47def27534e3d005bf9/screenshot - {}
RESULT: {}
COMMAND: POST /session/a230b9fa5e58e47def27534e3d005bf9/execute/sync - {"script":"<script> [8489 bytes]","args":[{"element-6066-11e4-a52e-4f735466cecf":"f.5A792F38359A1C743AD3061B3E5B94B4.d.4891C2D9B38BECBA6EDFD36ECC9C029D.e.13672","ELEMENT":"f.5A792F38359A1C743AD3061B3E5B94B4.d.4891C2D9B38BECBA6EDFD36ECC9C029D.e.13672"}]}
RESULT: {"script":"<script> [8489 bytes]","args":[{"element-6066-11e4-a52e-4f735466cecf":"f.5A792F38359A1C743AD3061B3E5B94B4.d.4891C2D9B38BECBA6EDFD36ECC9C029D.e.13672","ELEMENT":"f.5A792F38359A1C743AD3061B3E5B94B4.d.4891C2D9B38BECBA6EDFD36ECC9C029D.e.13672"}]}
COMMAND: GET /session/a230b9fa5e58e47def27534e3d005bf9/screenshot - {}
RESULT: {}
COMMAND: POST /session/a230b9fa5e58e47def27534e3d005bf9/execute/sync - {"script":"<script> [8489 bytes]","args":[{"element-6066-11e4-a52e-4f735466cecf":"f.5A792F38359A1C743AD3061B3E5B94B4.d.4891C2D9B38BECBA6EDFD36ECC9C029D.e.13672","ELEMENT":"f.5A792F38359A1C743AD3061B3E5B94B4.d.4891C2D9B38BECBA6EDFD36ECC9C029D.e.13672"}]}
RESULT: {"script":"<script> [8489 bytes]","args":[{"element-6066-11e4-a52e-4f735466cecf":"f.5A792F38359A1C743AD3061B3E5B94B4.d.4891C2D9B38BECBA6EDFD36ECC9C029D.e.13672","ELEMENT":"f.5A792F38359A1C743AD3061B3E5B94B4.d.4891C2D9B38BECBA6EDFD36ECC9C029D.e.13672"}]}
COMMAND: GET /session/a230b9fa5e58e47def27534e3d005bf9/screenshot - {}
RESULT: {}
COMMAND: POST /session/a230b9fa5e58e47def27534e3d005bf9/execute/sync - {"script":"<script> [8489 bytes]","args":[{"element-6066-11e4-a52e-4f735466cecf":"f.5A792F38359A1C743AD3061B3E5B94B4.d.4891C2D9B38BECBA6EDFD36ECC9C029D.e.13672","ELEMENT":"f.5A792F38359A1C743AD3061B3E5B94B4.d.4891C2D9B38BECBA6EDFD36ECC9C029D.e.13672"}]}
RESULT: {"script":"<script> [8489 bytes]","args":[{"element-6066-11e4-a52e-4f735466cecf":"f.5A792F38359A1C743AD3061B3E5B94B4.d.4891C2D9B38BECBA6EDFD36ECC9C029D.e.13672","ELEMENT":"f.5A792F38359A1C743AD3061B3E5B94B4.d.4891C2D9B38BECBA6EDFD36ECC9C029D.e.13672"}]}
COMMAND: GET /session/a230b9fa5e58e47def27534e3d005bf9/screenshot - {}
RESULT: {}
COMMAND: POST /session/a230b9fa5e58e47def27534e3d005bf9/execute/sync - {"script":"<script> [8489 bytes]","args":[{"element-6066-11e4-a52e-4f735466cecf":"f.5A792F38359A1C743AD3061B3E5B94B4.d.4891C2D9B38BECBA6EDFD36ECC9C029D.e.13672","ELEMENT":"f.5A792F38359A1C743AD3061B3E5B94B4.d.4891C2D9B38BECBA6EDFD36ECC9C029D.e.13672"}]}
RESULT: {"script":"<script> [8489 bytes]","args":[{"element-6066-11e4-a52e-4f735466cecf":"f.5A792F38359A1C743AD3061B3E5B94B4.d.4891C2D9B38BECBA6EDFD36ECC9C029D.e.13672","ELEMENT":"f.5A792F38359A1C743AD3061B3E5B94B4.d.4891C2D9B38BECBA6EDFD36ECC9C029D.e.13672"}]}
COMMAND: GET /session/a230b9fa5e58e47def27534e3d005bf9/screenshot - {}
COMMAND: POST /session/a230b9fa5e58e47def27534e3d005bf9/execute/sync - {"script":"<script> [8489 bytes]","args":[{"element-6066-11e4-a52e-4f735466cecf":"f.5A792F38359A1C743AD3061B3E5B94B4.d.4891C2D9B38BECBA6EDFD36ECC9C029D.e.13672","ELEMENT":"f.5A792F38359A1C743AD3061B3E5B94B4.d.4891C2D9B38BECBA6EDFD36ECC9C029D.e.13672"}]}
RESULT: {}
RESULT: {"script":"<script> [8489 bytes]","args":[{"element-6066-11e4-a52e-4f735466cecf":"f.5A792F38359A1C743AD3061B3E5B94B4.d.4891C2D9B38BECBA6EDFD36ECC9C029D.e.13672","ELEMENT":"f.5A792F38359A1C743AD3061B3E5B94B4.d.4891C2D9B38BECBA6EDFD36ECC9C029D.e.13672"}]}
COMMAND: GET /session/a230b9fa5e58e47def27534e3d005bf9/screenshot - {}
RESULT: {}
COMMAND: POST /session/a230b9fa5e58e47def27534e3d005bf9/execute/sync - {"script":"<script> [8489 bytes]","args":[{"element-6066-11e4-a52e-4f735466cecf":"f.5A792F38359A1C743AD3061B3E5B94B4.d.4891C2D9B38BECBA6EDFD36ECC9C029D.e.13672","ELEMENT":"f.5A792F38359A1C743AD3061B3E5B94B4.d.4891C2D9B38BECBA6EDFD36ECC9C029D.e.13672"}]}
RESULT: {"script":"<script> [8489 bytes]","args":[{"element-6066-11e4-a52e-4f735466cecf":"f.5A792F38359A1C743AD3061B3E5B94B4.d.4891C2D9B38BECBA6EDFD36ECC9C029D.e.13672","ELEMENT":"f.5A792F38359A1C743AD3061B3E5B94B4.d.4891C2D9B38BECBA6EDFD36ECC9C029D.e.13672"}]}
COMMAND: GET /session/a230b9fa5e58e47def27534e3d005bf9/screenshot - {}
RESULT: {}
COMMAND: POST /session/a230b9fa5e58e47def27534e3d005bf9/execute/sync - {"script":"<script> [8489 bytes]","args":[{"element-6066-11e4-a52e-4f735466cecf":"f.5A792F38359A1C743AD3061B3E5B94B4.d.4891C2D9B38BECBA6EDFD36ECC9C029D.e.13672","ELEMENT":"f.5A792F38359A1C743AD3061B3E5B94B4.d.4891C2D9B38BECBA6EDFD36ECC9C029D.e.13672"}]}
RESULT: {"script":"<script> [8489 bytes]","args":[{"element-6066-11e4-a52e-4f735466cecf":"f.5A792F38359A1C743AD3061B3E5B94B4.d.4891C2D9B38BECBA6EDFD36ECC9C029D.e.13672","ELEMENT":"f.5A792F38359A1C743AD3061B3E5B94B4.d.4891C2D9B38BECBA6EDFD36ECC9C029D.e.13672"}]}
COMMAND: GET /session/a230b9fa5e58e47def27534e3d005bf9/screenshot - {}
RESULT: {}
COMMAND: POST /session/a230b9fa5e58e47def27534e3d005bf9/execute/sync - {"script":"<script> [8489 bytes]","args":[{"element-6066-11e4-a52e-4f735466cecf":"f.5A792F38359A1C743AD3061B3E5B94B4.d.4891C2D9B38BECBA6EDFD36ECC9C029D.e.13672","ELEMENT":"f.5A792F38359A1C743AD3061B3E5B94B4.d.4891C2D9B38BECBA6EDFD36ECC9C029D.e.13672"}]}
RESULT: {"script":"<script> [8489 bytes]","args":[{"element-6066-11e4-a52e-4f735466cecf":"f.5A792F38359A1C743AD3061B3E5B94B4.d.4891C2D9B38BECBA6EDFD36ECC9C029D.e.13672","ELEMENT":"f.5A792F38359A1C743AD3061B3E5B94B4.d.4891C2D9B38BECBA6EDFD36ECC9C029D.e.13672"}]}
COMMAND: GET /session/a230b9fa5e58e47def27534e3d005bf9/screenshot - {}
RESULT: {}
COMMAND: POST /session/a230b9fa5e58e47def27534e3d005bf9/execute/sync - {"script":"<script> [8489 bytes]","args":[{"element-6066-11e4-a52e-4f735466cecf":"f.5A792F38359A1C743AD3061B3E5B94B4.d.4891C2D9B38BECBA6EDFD36ECC9C029D.e.13672","ELEMENT":"f.5A792F38359A1C743AD3061B3E5B94B4.d.4891C2D9B38BECBA6EDFD36ECC9C029D.e.13672"}]}
RESULT: {"script":"<script> [8489 bytes]","args":[{"element-6066-11e4-a52e-4f735466cecf":"f.5A792F38359A1C743AD3061B3E5B94B4.d.4891C2D9B38BECBA6EDFD36ECC9C029D.e.13672","ELEMENT":"f.5A792F38359A1C743AD3061B3E5B94B4.d.4891C2D9B38BECBA6EDFD36ECC9C029D.e.13672"}]}
COMMAND: GET /session/a230b9fa5e58e47def27534e3d005bf9/screenshot - {}
RESULT: {}
COMMAND: POST /session/a230b9fa5e58e47def27534e3d005bf9/execute/sync - {"script":"<script> [8489 bytes]","args":[{"element-6066-11e4-a52e-4f735466cecf":"f.5A792F38359A1C743AD3061B3E5B94B4.d.4891C2D9B38BECBA6EDFD36ECC9C029D.e.13672","ELEMENT":"f.5A792F38359A1C743AD3061B3E5B94B4.d.4891C2D9B38BECBA6EDFD36ECC9C029D.e.13672"}]}
RESULT: {"script":"<script> [8489 bytes]","args":[{"element-6066-11e4-a52e-4f735466cecf":"f.5A792F38359A1C743AD3061B3E5B94B4.d.4891C2D9B38BECBA6EDFD36ECC9C029D.e.13672","ELEMENT":"f.5A792F38359A1C743AD3061B3E5B94B4.d.4891C2D9B38BECBA6EDFD36ECC9C029D.e.13672"}]}
COMMAND: GET /session/a230b9fa5e58e47def27534e3d005bf9/screenshot - {}
RESULT: {}
COMMAND: POST /session/a230b9fa5e58e47def27534e3d005bf9/execute/sync - {"script":"<script> [8489 bytes]","args":[{"element-6066-11e4-a52e-4f735466cecf":"f.5A792F38359A1C743AD3061B3E5B94B4.d.4891C2D9B38BECBA6EDFD36ECC9C029D.e.13672","ELEMENT":"f.5A792F38359A1C743AD3061B3E5B94B4.d.4891C2D9B38BECBA6EDFD36ECC9C029D.e.13672"}]}
RESULT: {"script":"<script> [8489 bytes]","args":[{"element-6066-11e4-a52e-4f735466cecf":"f.5A792F38359A1C743AD3061B3E5B94B4.d.4891C2D9B38BECBA6EDFD36ECC9C029D.e.13672","ELEMENT":"f.5A792F38359A1C743AD3061B3E5B94B4.d.4891C2D9B38BECBA6EDFD36ECC9C029D.e.13672"}]}
COMMAND: GET /session/a230b9fa5e58e47def27534e3d005bf9/screenshot - {}
RESULT: {}
COMMAND: POST /session/a230b9fa5e58e47def27534e3d005bf9/execute/sync - {"script":"<script> [8489 bytes]","args":[{"element-6066-11e4-a52e-4f735466cecf":"f.5A792F38359A1C743AD3061B3E5B94B4.d.4891C2D9B38BECBA6EDFD36ECC9C029D.e.13672","ELEMENT":"f.5A792F38359A1C743AD3061B3E5B94B4.d.4891C2D9B38BECBA6EDFD36ECC9C029D.e.13672"}]}
RESULT: {"script":"<script> [8489 bytes]","args":[{"element-6066-11e4-a52e-4f735466cecf":"f.5A792F38359A1C743AD3061B3E5B94B4.d.4891C2D9B38BECBA6EDFD36ECC9C029D.e.13672","ELEMENT":"f.5A792F38359A1C743AD3061B3E5B94B4.d.4891C2D9B38BECBA6EDFD36ECC9C029D.e.13672"}]}
COMMAND: GET /session/a230b9fa5e58e47def27534e3d005bf9/screenshot - {}
RESULT: {}
COMMAND: POST /session/a230b9fa5e58e47def27534e3d005bf9/execute/sync - {"script":"<script> [8489 bytes]","args":[{"element-6066-11e4-a52e-4f735466cecf":"f.5A792F38359A1C743AD3061B3E5B94B4.d.4891C2D9B38BECBA6EDFD36ECC9C029D.e.13672","ELEMENT":"f.5A792F38359A1C743AD3061B3E5B94B4.d.4891C2D9B38BECBA6EDFD36ECC9C029D.e.13672"}]}
RESULT: {"script":"<script> [8489 bytes]","args":[{"element-6066-11e4-a52e-4f735466cecf":"f.5A792F38359A1C743AD3061B3E5B94B4.d.4891C2D9B38BECBA6EDFD36ECC9C029D.e.13672","ELEMENT":"f.5A792F38359A1C743AD3061B3E5B94B4.d.4891C2D9B38BECBA6EDFD36ECC9C029D.e.13672"}]}
COMMAND: GET /session/a230b9fa5e58e47def27534e3d005bf9/screenshot - {}
RESULT: {}
COMMAND: POST /session/a230b9fa5e58e47def27534e3d005bf9/execute/sync - {"script":"<script> [8489 bytes]","args":[{"element-6066-11e4-a52e-4f735466cecf":"f.5A792F38359A1C743AD3061B3E5B94B4.d.4891C2D9B38BECBA6EDFD36ECC9C029D.e.13672","ELEMENT":"f.5A792F38359A1C743AD3061B3E5B94B4.d.4891C2D9B38BECBA6EDFD36ECC9C029D.e.13672"}]}
RESULT: {"script":"<script> [8489 bytes]","args":[{"element-6066-11e4-a52e-4f735466cecf":"f.5A792F38359A1C743AD3061B3E5B94B4.d.4891C2D9B38BECBA6EDFD36ECC9C029D.e.13672","ELEMENT":"f.5A792F38359A1C743AD3061B3E5B94B4.d.4891C2D9B38BECBA6EDFD36ECC9C029D.e.13672"}]}
COMMAND: GET /session/a230b9fa5e58e47def27534e3d005bf9/screenshot - {}
RESULT: {}
COMMAND: POST /session/a230b9fa5e58e47def27534e3d005bf9/execute/sync - {"script":"<script> [8489 bytes]","args":[{"element-6066-11e4-a52e-4f735466cecf":"f.5A792F38359A1C743AD3061B3E5B94B4.d.4891C2D9B38BECBA6EDFD36ECC9C029D.e.13672","ELEMENT":"f.5A792F38359A1C743AD3061B3E5B94B4.d.4891C2D9B38BECBA6EDFD36ECC9C029D.e.13672"}]}
RESULT: {"script":"<script> [8489 bytes]","args":[{"element-6066-11e4-a52e-4f735466cecf":"f.5A792F38359A1C743AD3061B3E5B94B4.d.4891C2D9B38BECBA6EDFD36ECC9C029D.e.13672","ELEMENT":"f.5A792F38359A1C743AD3061B3E5B94B4.d.4891C2D9B38BECBA6EDFD36ECC9C029D.e.13672"}]}
COMMAND: GET /session/a230b9fa5e58e47def27534e3d005bf9/screenshot - {}
RESULT: {}
COMMAND: POST /session/a230b9fa5e58e47def27534e3d005bf9/execute/sync - {"script":"<script> [8489 bytes]","args":[{"element-6066-11e4-a52e-4f735466cecf":"f.5A792F38359A1C743AD3061B3E5B94B4.d.4891C2D9B38BECBA6EDFD36ECC9C029D.e.13672","ELEMENT":"f.5A792F38359A1C743AD3061B3E5B94B4.d.4891C2D9B38BECBA6EDFD36ECC9C029D.e.13672"}]}
RESULT: {"script":"<script> [8489 bytes]","args":[{"element-6066-11e4-a52e-4f735466cecf":"f.5A792F38359A1C743AD3061B3E5B94B4.d.4891C2D9B38BECBA6EDFD36ECC9C029D.e.13672","ELEMENT":"f.5A792F38359A1C743AD3061B3E5B94B4.d.4891C2D9B38BECBA6EDFD36ECC9C029D.e.13672"}]}
COMMAND: GET /session/a230b9fa5e58e47def27534e3d005bf9/screenshot - {}
RESULT: {}
COMMAND: POST /session/a230b9fa5e58e47def27534e3d005bf9/execute/sync - {"script":"<script> [8489 bytes]","args":[{"element-6066-11e4-a52e-4f735466cecf":"f.5A792F38359A1C743AD3061B3E5B94B4.d.4891C2D9B38BECBA6EDFD36ECC9C029D.e.13672","ELEMENT":"f.5A792F38359A1C743AD3061B3E5B94B4.d.4891C2D9B38BECBA6EDFD36ECC9C029D.e.13672"}]}
RESULT: {"script":"<script> [8489 bytes]","args":[{"element-6066-11e4-a52e-4f735466cecf":"f.5A792F38359A1C743AD3061B3E5B94B4.d.4891C2D9B38BECBA6EDFD36ECC9C029D.e.13672","ELEMENT":"f.5A792F38359A1C743AD3061B3E5B94B4.d.4891C2D9B38BECBA6EDFD36ECC9C029D.e.13672"}]}
COMMAND: GET /session/a230b9fa5e58e47def27534e3d005bf9/screenshot - {}
RESULT: {}
COMMAND: POST /session/a230b9fa5e58e47def27534e3d005bf9/execute/sync - {"script":"<script> [8489 bytes]","args":[{"element-6066-11e4-a52e-4f735466cecf":"f.5A792F38359A1C743AD3061B3E5B94B4.d.4891C2D9B38BECBA6EDFD36ECC9C029D.e.13672","ELEMENT":"f.5A792F38359A1C743AD3061B3E5B94B4.d.4891C2D9B38BECBA6EDFD36ECC9C029D.e.13672"}]}
RESULT: {"script":"<script> [8489 bytes]","args":[{"element-6066-11e4-a52e-4f735466cecf":"f.5A792F38359A1C743AD3061B3E5B94B4.d.4891C2D9B38BECBA6EDFD36ECC9C029D.e.13672","ELEMENT":"f.5A792F38359A1C743AD3061B3E5B94B4.d.4891C2D9B38BECBA6EDFD36ECC9C029D.e.13672"}]}
COMMAND: GET /session/a230b9fa5e58e47def27534e3d005bf9/screenshot - {}
RESULT: {}
COMMAND: POST /session/a230b9fa5e58e47def27534e3d005bf9/execute/sync - {"script":"<script> [8489 bytes]","args":[{"element-6066-11e4-a52e-4f735466cecf":"f.5A792F38359A1C743AD3061B3E5B94B4.d.4891C2D9B38BECBA6EDFD36ECC9C029D.e.13672","ELEMENT":"f.5A792F38359A1C743AD3061B3E5B94B4.d.4891C2D9B38BECBA6EDFD36ECC9C029D.e.13672"}]}
RESULT: {"script":"<script> [8489 bytes]","args":[{"element-6066-11e4-a52e-4f735466cecf":"f.5A792F38359A1C743AD3061B3E5B94B4.d.4891C2D9B38BECBA6EDFD36ECC9C029D.e.13672","ELEMENT":"f.5A792F38359A1C743AD3061B3E5B94B4.d.4891C2D9B38BECBA6EDFD36ECC9C029D.e.13672"}]}
COMMAND: GET /session/a230b9fa5e58e47def27534e3d005bf9/screenshot - {}
RESULT: {}
COMMAND: POST /session/a230b9fa5e58e47def27534e3d005bf9/execute/sync - {"script":"<script> [8489 bytes]","args":[{"element-6066-11e4-a52e-4f735466cecf":"f.5A792F38359A1C743AD3061B3E5B94B4.d.4891C2D9B38BECBA6EDFD36ECC9C029D.e.13672","ELEMENT":"f.5A792F38359A1C743AD3061B3E5B94B4.d.4891C2D9B38BECBA6EDFD36ECC9C029D.e.13672"}]}
RESULT: {"script":"<script> [8489 bytes]","args":[{"element-6066-11e4-a52e-4f735466cecf":"f.5A792F38359A1C743AD3061B3E5B94B4.d.4891C2D9B38BECBA6EDFD36ECC9C029D.e.13672","ELEMENT":"f.5A792F38359A1C743AD3061B3E5B94B4.d.4891C2D9B38BECBA6EDFD36ECC9C029D.e.13672"}]}
COMMAND: GET /session/a230b9fa5e58e47def27534e3d005bf9/screenshot - {}
RESULT: {}
COMMAND: POST /session/a230b9fa5e58e47def27534e3d005bf9/execute/sync - {"script":"<script> [8489 bytes]","args":[{"element-6066-11e4-a52e-4f735466cecf":"f.5A792F38359A1C743AD3061B3E5B94B4.d.4891C2D9B38BECBA6EDFD36ECC9C029D.e.13672","ELEMENT":"f.5A792F38359A1C743AD3061B3E5B94B4.d.4891C2D9B38BECBA6EDFD36ECC9C029D.e.13672"}]}
RESULT: {"script":"<script> [8489 bytes]","args":[{"element-6066-11e4-a52e-4f735466cecf":"f.5A792F38359A1C743AD3061B3E5B94B4.d.4891C2D9B38BECBA6EDFD36ECC9C029D.e.13672","ELEMENT":"f.5A792F38359A1C743AD3061B3E5B94B4.d.4891C2D9B38BECBA6EDFD36ECC9C029D.e.13672"}]}
COMMAND: GET /session/a230b9fa5e58e47def27534e3d005bf9/screenshot - {}
RESULT: {}
COMMAND: POST /session/a230b9fa5e58e47def27534e3d005bf9/execute/sync - {"script":"<script> [8489 bytes]","args":[{"element-6066-11e4-a52e-4f735466cecf":"f.5A792F38359A1C743AD3061B3E5B94B4.d.4891C2D9B38BECBA6EDFD36ECC9C029D.e.13672","ELEMENT":"f.5A792F38359A1C743AD3061B3E5B94B4.d.4891C2D9B38BECBA6EDFD36ECC9C029D.e.13672"}]}
RESULT: {"script":"<script> [8489 bytes]","args":[{"element-6066-11e4-a52e-4f735466cecf":"f.5A792F38359A1C743AD3061B3E5B94B4.d.4891C2D9B38BECBA6EDFD36ECC9C029D.e.13672","ELEMENT":"f.5A792F38359A1C743AD3061B3E5B94B4.d.4891C2D9B38BECBA6EDFD36ECC9C029D.e.13672"}]}
COMMAND: GET /session/a230b9fa5e58e47def27534e3d005bf9/screenshot - {}
RESULT: {}
COMMAND: POST /session/a230b9fa5e58e47def27534e3d005bf9/execute/sync - {"script":"<script> [8489 bytes]","args":[{"element-6066-11e4-a52e-4f735466cecf":"f.5A792F38359A1C743AD3061B3E5B94B4.d.4891C2D9B38BECBA6EDFD36ECC9C029D.e.13672","ELEMENT":"f.5A792F38359A1C743AD3061B3E5B94B4.d.4891C2D9B38BECBA6EDFD36ECC9C029D.e.13672"}]}
RESULT: {"script":"<script> [8489 bytes]","args":[{"element-6066-11e4-a52e-4f735466cecf":"f.5A792F38359A1C743AD3061B3E5B94B4.d.4891C2D9B38BECBA6EDFD36ECC9C029D.e.13672","ELEMENT":"f.5A792F38359A1C743AD3061B3E5B94B4.d.4891C2D9B38BECBA6EDFD36ECC9C029D.e.13672"}]}
COMMAND: GET /session/a230b9fa5e58e47def27534e3d005bf9/screenshot - {}
RESULT: {}
COMMAND: POST /session/a230b9fa5e58e47def27534e3d005bf9/execute/sync - {"script":"<script> [8489 bytes]","args":[{"element-6066-11e4-a52e-4f735466cecf":"f.5A792F38359A1C743AD3061B3E5B94B4.d.4891C2D9B38BECBA6EDFD36ECC9C029D.e.13672","ELEMENT":"f.5A792F38359A1C743AD3061B3E5B94B4.d.4891C2D9B38BECBA6EDFD36ECC9C029D.e.13672"}]}
RESULT: {"script":"<script> [8489 bytes]","args":[{"element-6066-11e4-a52e-4f735466cecf":"f.5A792F38359A1C743AD3061B3E5B94B4.d.4891C2D9B38BECBA6EDFD36ECC9C029D.e.13672","ELEMENT":"f.5A792F38359A1C743AD3061B3E5B94B4.d.4891C2D9B38BECBA6EDFD36ECC9C029D.e.13672"}]}
COMMAND: GET /session/a230b9fa5e58e47def27534e3d005bf9/screenshot - {}
RESULT: {}
COMMAND: POST /session/a230b9fa5e58e47def27534e3d005bf9/execute/sync - {"script":"<script> [8489 bytes]","args":[{"element-6066-11e4-a52e-4f735466cecf":"f.5A792F38359A1C743AD3061B3E5B94B4.d.4891C2D9B38BECBA6EDFD36ECC9C029D.e.13672","ELEMENT":"f.5A792F38359A1C743AD3061B3E5B94B4.d.4891C2D9B38BECBA6EDFD36ECC9C029D.e.13672"}]}
RESULT: {"script":"<script> [8489 bytes]","args":[{"element-6066-11e4-a52e-4f735466cecf":"f.5A792F38359A1C743AD3061B3E5B94B4.d.4891C2D9B38BECBA6EDFD36ECC9C029D.e.13672","ELEMENT":"f.5A792F38359A1C743AD3061B3E5B94B4.d.4891C2D9B38BECBA6EDFD36ECC9C029D.e.13672"}]}
COMMAND: GET /session/a230b9fa5e58e47def27534e3d005bf9/screenshot - {}
RESULT: {}
COMMAND: POST /session/a230b9fa5e58e47def27534e3d005bf9/execute/sync - {"script":"<script> [8489 bytes]","args":[{"element-6066-11e4-a52e-4f735466cecf":"f.5A792F38359A1C743AD3061B3E5B94B4.d.4891C2D9B38BECBA6EDFD36ECC9C029D.e.13672","ELEMENT":"f.5A792F38359A1C743AD3061B3E5B94B4.d.4891C2D9B38BECBA6EDFD36ECC9C029D.e.13672"}]}
RESULT: {"script":"<script> [8489 bytes]","args":[{"element-6066-11e4-a52e-4f735466cecf":"f.5A792F38359A1C743AD3061B3E5B94B4.d.4891C2D9B38BECBA6EDFD36ECC9C029D.e.13672","ELEMENT":"f.5A792F38359A1C743AD3061B3E5B94B4.d.4891C2D9B38BECBA6EDFD36ECC9C029D.e.13672"}]}
COMMAND: GET /session/a230b9fa5e58e47def27534e3d005bf9/screenshot - {}
RESULT: {}
COMMAND: POST /session/a230b9fa5e58e47def27534e3d005bf9/execute/sync - {"script":"<script> [8489 bytes]","args":[{"element-6066-11e4-a52e-4f735466cecf":"f.5A792F38359A1C743AD3061B3E5B94B4.d.4891C2D9B38BECBA6EDFD36ECC9C029D.e.13672","ELEMENT":"f.5A792F38359A1C743AD3061B3E5B94B4.d.4891C2D9B38BECBA6EDFD36ECC9C029D.e.13672"}]}
RESULT: {"script":"<script> [8489 bytes]","args":[{"element-6066-11e4-a52e-4f735466cecf":"f.5A792F38359A1C743AD3061B3E5B94B4.d.4891C2D9B38BECBA6EDFD36ECC9C029D.e.13672","ELEMENT":"f.5A792F38359A1C743AD3061B3E5B94B4.d.4891C2D9B38BECBA6EDFD36ECC9C029D.e.13672"}]}
COMMAND: GET /session/a230b9fa5e58e47def27534e3d005bf9/screenshot - {}
RESULT: {}
COMMAND: POST /session/a230b9fa5e58e47def27534e3d005bf9/execute/sync - {"script":"<script> [8489 bytes]","args":[{"element-6066-11e4-a52e-4f735466cecf":"f.5A792F38359A1C743AD3061B3E5B94B4.d.4891C2D9B38BECBA6EDFD36ECC9C029D.e.13672","ELEMENT":"f.5A792F38359A1C743AD3061B3E5B94B4.d.4891C2D9B38BECBA6EDFD36ECC9C029D.e.13672"}]}
RESULT: {"script":"<script> [8489 bytes]","args":[{"element-6066-11e4-a52e-4f735466cecf":"f.5A792F38359A1C743AD3061B3E5B94B4.d.4891C2D9B38BECBA6EDFD36ECC9C029D.e.13672","ELEMENT":"f.5A792F38359A1C743AD3061B3E5B94B4.d.4891C2D9B38BECBA6EDFD36ECC9C029D.e.13672"}]}
COMMAND: GET /session/a230b9fa5e58e47def27534e3d005bf9/screenshot - {}
RESULT: {}
COMMAND: POST /session/a230b9fa5e58e47def27534e3d005bf9/execute/sync - {"script":"<script> [8489 bytes]","args":[{"element-6066-11e4-a52e-4f735466cecf":"f.5A792F38359A1C743AD3061B3E5B94B4.d.4891C2D9B38BECBA6EDFD36ECC9C029D.e.13672","ELEMENT":"f.5A792F38359A1C743AD3061B3E5B94B4.d.4891C2D9B38BECBA6EDFD36ECC9C029D.e.13672"}]}
RESULT: {"script":"<script> [8489 bytes]","args":[{"element-6066-11e4-a52e-4f735466cecf":"f.5A792F38359A1C743AD3061B3E5B94B4.d.4891C2D9B38BECBA6EDFD36ECC9C029D.e.13672","ELEMENT":"f.5A792F38359A1C743AD3061B3E5B94B4.d.4891C2D9B38BECBA6EDFD36ECC9C029D.e.13672"}]}
COMMAND: GET /session/a230b9fa5e58e47def27534e3d005bf9/screenshot - {}
RESULT: {}
COMMAND: POST /session/a230b9fa5e58e47def27534e3d005bf9/execute/sync - {"script":"<script> [8489 bytes]","args":[{"element-6066-11e4-a52e-4f735466cecf":"f.5A792F38359A1C743AD3061B3E5B94B4.d.4891C2D9B38BECBA6EDFD36ECC9C029D.e.13672","ELEMENT":"f.5A792F38359A1C743AD3061B3E5B94B4.d.4891C2D9B38BECBA6EDFD36ECC9C029D.e.13672"}]}
RESULT: {"script":"<script> [8489 bytes]","args":[{"element-6066-11e4-a52e-4f735466cecf":"f.5A792F38359A1C743AD3061B3E5B94B4.d.4891C2D9B38BECBA6EDFD36ECC9C029D.e.13672","ELEMENT":"f.5A792F38359A1C743AD3061B3E5B94B4.d.4891C2D9B38BECBA6EDFD36ECC9C029D.e.13672"}]}
COMMAND: GET /session/a230b9fa5e58e47def27534e3d005bf9/screenshot - {}
RESULT: {}
COMMAND: POST /session/a230b9fa5e58e47def27534e3d005bf9/execute/sync - {"script":"<script> [8489 bytes]","args":[{"element-6066-11e4-a52e-4f735466cecf":"f.5A792F38359A1C743AD3061B3E5B94B4.d.4891C2D9B38BECBA6EDFD36ECC9C029D.e.13672","ELEMENT":"f.5A792F38359A1C743AD3061B3E5B94B4.d.4891C2D9B38BECBA6EDFD36ECC9C029D.e.13672"}]}
RESULT: {"script":"<script> [8489 bytes]","args":[{"element-6066-11e4-a52e-4f735466cecf":"f.5A792F38359A1C743AD3061B3E5B94B4.d.4891C2D9B38BECBA6EDFD36ECC9C029D.e.13672","ELEMENT":"f.5A792F38359A1C743AD3061B3E5B94B4.d.4891C2D9B38BECBA6EDFD36ECC9C029D.e.13672"}]}
COMMAND: GET /session/a230b9fa5e58e47def27534e3d005bf9/screenshot - {}
RESULT: {}
COMMAND: POST /session/a230b9fa5e58e47def27534e3d005bf9/execute/sync - {"script":"<script> [8489 bytes]","args":[{"element-6066-11e4-a52e-4f735466cecf":"f.5A792F38359A1C743AD3061B3E5B94B4.d.4891C2D9B38BECBA6EDFD36ECC9C029D.e.13672","ELEMENT":"f.5A792F38359A1C743AD3061B3E5B94B4.d.4891C2D9B38BECBA6EDFD36ECC9C029D.e.13672"}]}
RESULT: {"script":"<script> [8489 bytes]","args":[{"element-6066-11e4-a52e-4f735466cecf":"f.5A792F38359A1C743AD3061B3E5B94B4.d.4891C2D9B38BECBA6EDFD36ECC9C029D.e.13672","ELEMENT":"f.5A792F38359A1C743AD3061B3E5B94B4.d.4891C2D9B38BECBA6EDFD36ECC9C029D.e.13672"}]}
COMMAND: GET /session/a230b9fa5e58e47def27534e3d005bf9/screenshot - {}
RESULT: {}
COMMAND: POST /session/a230b9fa5e58e47def27534e3d005bf9/execute/sync - {"script":"<script> [8489 bytes]","args":[{"element-6066-11e4-a52e-4f735466cecf":"f.5A792F38359A1C743AD3061B3E5B94B4.d.4891C2D9B38BECBA6EDFD36ECC9C029D.e.13672","ELEMENT":"f.5A792F38359A1C743AD3061B3E5B94B4.d.4891C2D9B38BECBA6EDFD36ECC9C029D.e.13672"}]}
RESULT: {"script":"<script> [8489 bytes]","args":[{"element-6066-11e4-a52e-4f735466cecf":"f.5A792F38359A1C743AD3061B3E5B94B4.d.4891C2D9B38BECBA6EDFD36ECC9C029D.e.13672","ELEMENT":"f.5A792F38359A1C743AD3061B3E5B94B4.d.4891C2D9B38BECBA6EDFD36ECC9C029D.e.13672"}]}
COMMAND: GET /session/a230b9fa5e58e47def27534e3d005bf9/screenshot - {}
RESULT: {}
COMMAND: POST /session/a230b9fa5e58e47def27534e3d005bf9/execute/sync - {"script":"<script> [8489 bytes]","args":[{"element-6066-11e4-a52e-4f735466cecf":"f.5A792F38359A1C743AD3061B3E5B94B4.d.4891C2D9B38BECBA6EDFD36ECC9C029D.e.13672","ELEMENT":"f.5A792F38359A1C743AD3061B3E5B94B4.d.4891C2D9B38BECBA6EDFD36ECC9C029D.e.13672"}]}
RESULT: {"script":"<script> [8489 bytes]","args":[{"element-6066-11e4-a52e-4f735466cecf":"f.5A792F38359A1C743AD3061B3E5B94B4.d.4891C2D9B38BECBA6EDFD36ECC9C029D.e.13672","ELEMENT":"f.5A792F38359A1C743AD3061B3E5B94B4.d.4891C2D9B38BECBA6EDFD36ECC9C029D.e.13672"}]}
COMMAND: GET /session/a230b9fa5e58e47def27534e3d005bf9/screenshot - {}
RESULT: {}
COMMAND: POST /session/a230b9fa5e58e47def27534e3d005bf9/execute/sync - {"script":"<script> [8489 bytes]","args":[{"element-6066-11e4-a52e-4f735466cecf":"f.5A792F38359A1C743AD3061B3E5B94B4.d.4891C2D9B38BECBA6EDFD36ECC9C029D.e.13672","ELEMENT":"f.5A792F38359A1C743AD3061B3E5B94B4.d.4891C2D9B38BECBA6EDFD36ECC9C029D.e.13672"}]}
RESULT: {"script":"<script> [8489 bytes]","args":[{"element-6066-11e4-a52e-4f735466cecf":"f.5A792F38359A1C743AD3061B3E5B94B4.d.4891C2D9B38BECBA6EDFD36ECC9C029D.e.13672","ELEMENT":"f.5A792F38359A1C743AD3061B3E5B94B4.d.4891C2D9B38BECBA6EDFD36ECC9C029D.e.13672"}]}
COMMAND: GET /session/a230b9fa5e58e47def27534e3d005bf9/screenshot - {}
RESULT: {}
COMMAND: POST /session/a230b9fa5e58e47def27534e3d005bf9/execute/sync - {"script":"<script> [8489 bytes]","args":[{"element-6066-11e4-a52e-4f735466cecf":"f.5A792F38359A1C743AD3061B3E5B94B4.d.4891C2D9B38BECBA6EDFD36ECC9C029D.e.13672","ELEMENT":"f.5A792F38359A1C743AD3061B3E5B94B4.d.4891C2D9B38BECBA6EDFD36ECC9C029D.e.13672"}]}
RESULT: {"script":"<script> [8489 bytes]","args":[{"element-6066-11e4-a52e-4f735466cecf":"f.5A792F38359A1C743AD3061B3E5B94B4.d.4891C2D9B38BECBA6EDFD36ECC9C029D.e.13672","ELEMENT":"f.5A792F38359A1C743AD3061B3E5B94B4.d.4891C2D9B38BECBA6EDFD36ECC9C029D.e.13672"}]}
COMMAND: GET /session/a230b9fa5e58e47def27534e3d005bf9/screenshot - {}
RESULT: {}
COMMAND: POST /session/a230b9fa5e58e47def27534e3d005bf9/execute/sync - {"script":"<script> [8489 bytes]","args":[{"element-6066-11e4-a52e-4f735466cecf":"f.5A792F38359A1C743AD3061B3E5B94B4.d.4891C2D9B38BECBA6EDFD36ECC9C029D.e.13672","ELEMENT":"f.5A792F38359A1C743AD3061B3E5B94B4.d.4891C2D9B38BECBA6EDFD36ECC9C029D.e.13672"}]}
RESULT: {"script":"<script> [8489 bytes]","args":[{"element-6066-11e4-a52e-4f735466cecf":"f.5A792F38359A1C743AD3061B3E5B94B4.d.4891C2D9B38BECBA6EDFD36ECC9C029D.e.13672","ELEMENT":"f.5A792F38359A1C743AD3061B3E5B94B4.d.4891C2D9B38BECBA6EDFD36ECC9C029D.e.13672"}]}
COMMAND: GET /session/a230b9fa5e58e47def27534e3d005bf9/screenshot - {}
COMMAND: POST /session/a230b9fa5e58e47def27534e3d005bf9/execute/sync - {"script":"<script> [8489 bytes]","args":[{"element-6066-11e4-a52e-4f735466cecf":"f.5A792F38359A1C743AD3061B3E5B94B4.d.4891C2D9B38BECBA6EDFD36ECC9C029D.e.13672","ELEMENT":"f.5A792F38359A1C743AD3061B3E5B94B4.d.4891C2D9B38BECBA6EDFD36ECC9C029D.e.13672"}]}
RESULT: {}
RESULT: {"script":"<script> [8489 bytes]","args":[{"element-6066-11e4-a52e-4f735466cecf":"f.5A792F38359A1C743AD3061B3E5B94B4.d.4891C2D9B38BECBA6EDFD36ECC9C029D.e.13672","ELEMENT":"f.5A792F38359A1C743AD3061B3E5B94B4.d.4891C2D9B38BECBA6EDFD36ECC9C029D.e.13672"}]}
COMMAND: GET /session/a230b9fa5e58e47def27534e3d005bf9/screenshot - {}
RESULT: {}
COMMAND: POST /session/a230b9fa5e58e47def27534e3d005bf9/execute/sync - {"script":"<script> [8489 bytes]","args":[{"element-6066-11e4-a52e-4f735466cecf":"f.5A792F38359A1C743AD3061B3E5B94B4.d.4891C2D9B38BECBA6EDFD36ECC9C029D.e.13672","ELEMENT":"f.5A792F38359A1C743AD3061B3E5B94B4.d.4891C2D9B38BECBA6EDFD36ECC9C029D.e.13672"}]}
RESULT: {"script":"<script> [8489 bytes]","args":[{"element-6066-11e4-a52e-4f735466cecf":"f.5A792F38359A1C743AD3061B3E5B94B4.d.4891C2D9B38BECBA6EDFD36ECC9C029D.e.13672","ELEMENT":"f.5A792F38359A1C743AD3061B3E5B94B4.d.4891C2D9B38BECBA6EDFD36ECC9C029D.e.13672"}]}
COMMAND: GET /session/a230b9fa5e58e47def27534e3d005bf9/screenshot - {}
RESULT: {}
COMMAND: POST /session/a230b9fa5e58e47def27534e3d005bf9/execute/sync - {"script":"<script> [8489 bytes]","args":[{"element-6066-11e4-a52e-4f735466cecf":"f.5A792F38359A1C743AD3061B3E5B94B4.d.4891C2D9B38BECBA6EDFD36ECC9C029D.e.13672","ELEMENT":"f.5A792F38359A1C743AD3061B3E5B94B4.d.4891C2D9B38BECBA6EDFD36ECC9C029D.e.13672"}]}
RESULT: {"script":"<script> [8489 bytes]","args":[{"element-6066-11e4-a52e-4f735466cecf":"f.5A792F38359A1C743AD3061B3E5B94B4.d.4891C2D9B38BECBA6EDFD36ECC9C029D.e.13672","ELEMENT":"f.5A792F38359A1C743AD3061B3E5B94B4.d.4891C2D9B38BECBA6EDFD36ECC9C029D.e.13672"}]}
COMMAND: GET /session/a230b9fa5e58e47def27534e3d005bf9/screenshot - {}
RESULT: {}
COMMAND: POST /session/a230b9fa5e58e47def27534e3d005bf9/execute/sync - {"script":"<script> [8489 bytes]","args":[{"element-6066-11e4-a52e-4f735466cecf":"f.5A792F38359A1C743AD3061B3E5B94B4.d.4891C2D9B38BECBA6EDFD36ECC9C029D.e.13672","ELEMENT":"f.5A792F38359A1C743AD3061B3E5B94B4.d.4891C2D9B38BECBA6EDFD36ECC9C029D.e.13672"}]}
RESULT: {"script":"<script> [8489 bytes]","args":[{"element-6066-11e4-a52e-4f735466cecf":"f.5A792F38359A1C743AD3061B3E5B94B4.d.4891C2D9B38BECBA6EDFD36ECC9C029D.e.13672","ELEMENT":"f.5A792F38359A1C743AD3061B3E5B94B4.d.4891C2D9B38BECBA6EDFD36ECC9C029D.e.13672"}]}
COMMAND: GET /session/a230b9fa5e58e47def27534e3d005bf9/screenshot - {}
RESULT: {}
COMMAND: POST /session/a230b9fa5e58e47def27534e3d005bf9/execute/sync - {"script":"<script> [8489 bytes]","args":[{"element-6066-11e4-a52e-4f735466cecf":"f.5A792F38359A1C743AD3061B3E5B94B4.d.4891C2D9B38BECBA6EDFD36ECC9C029D.e.13672","ELEMENT":"f.5A792F38359A1C743AD3061B3E5B94B4.d.4891C2D9B38BECBA6EDFD36ECC9C029D.e.13672"}]}
RESULT: {"script":"<script> [8489 bytes]","args":[{"element-6066-11e4-a52e-4f735466cecf":"f.5A792F38359A1C743AD3061B3E5B94B4.d.4891C2D9B38BECBA6EDFD36ECC9C029D.e.13672","ELEMENT":"f.5A792F38359A1C743AD3061B3E5B94B4.d.4891C2D9B38BECBA6EDFD36ECC9C029D.e.13672"}]}
COMMAND: GET /session/a230b9fa5e58e47def27534e3d005bf9/screenshot - {}
RESULT: {}
COMMAND: POST /session/a230b9fa5e58e47def27534e3d005bf9/execute/sync - {"script":"<script> [8489 bytes]","args":[{"element-6066-11e4-a52e-4f735466cecf":"f.5A792F38359A1C743AD3061B3E5B94B4.d.4891C2D9B38BECBA6EDFD36ECC9C029D.e.13672","ELEMENT":"f.5A792F38359A1C743AD3061B3E5B94B4.d.4891C2D9B38BECBA6EDFD36ECC9C029D.e.13672"}]}
RESULT: {"script":"<script> [8489 bytes]","args":[{"element-6066-11e4-a52e-4f735466cecf":"f.5A792F38359A1C743AD3061B3E5B94B4.d.4891C2D9B38BECBA6EDFD36ECC9C029D.e.13672","ELEMENT":"f.5A792F38359A1C743AD3061B3E5B94B4.d.4891C2D9B38BECBA6EDFD36ECC9C029D.e.13672"}]}
COMMAND: GET /session/a230b9fa5e58e47def27534e3d005bf9/screenshot - {}
RESULT: {}
COMMAND: POST /session/a230b9fa5e58e47def27534e3d005bf9/execute/sync - {"script":"<script> [8489 bytes]","args":[{"element-6066-11e4-a52e-4f735466cecf":"f.5A792F38359A1C743AD3061B3E5B94B4.d.4891C2D9B38BECBA6EDFD36ECC9C029D.e.13672","ELEMENT":"f.5A792F38359A1C743AD3061B3E5B94B4.d.4891C2D9B38BECBA6EDFD36ECC9C029D.e.13672"}]}
RESULT: {"script":"<script> [8489 bytes]","args":[{"element-6066-11e4-a52e-4f735466cecf":"f.5A792F38359A1C743AD3061B3E5B94B4.d.4891C2D9B38BECBA6EDFD36ECC9C029D.e.13672","ELEMENT":"f.5A792F38359A1C743AD3061B3E5B94B4.d.4891C2D9B38BECBA6EDFD36ECC9C029D.e.13672"}]}
COMMAND: GET /session/a230b9fa5e58e47def27534e3d005bf9/screenshot - {}
RESULT: {}
COMMAND: POST /session/a230b9fa5e58e47def27534e3d005bf9/execute/sync - {"script":"<script> [8489 bytes]","args":[{"element-6066-11e4-a52e-4f735466cecf":"f.5A792F38359A1C743AD3061B3E5B94B4.d.4891C2D9B38BECBA6EDFD36ECC9C029D.e.13672","ELEMENT":"f.5A792F38359A1C743AD3061B3E5B94B4.d.4891C2D9B38BECBA6EDFD36ECC9C029D.e.13672"}]}
RESULT: {"script":"<script> [8489 bytes]","args":[{"element-6066-11e4-a52e-4f735466cecf":"f.5A792F38359A1C743AD3061B3E5B94B4.d.4891C2D9B38BECBA6EDFD36ECC9C029D.e.13672","ELEMENT":"f.5A792F38359A1C743AD3061B3E5B94B4.d.4891C2D9B38BECBA6EDFD36ECC9C029D.e.13672"}]}
COMMAND: GET /session/a230b9fa5e58e47def27534e3d005bf9/screenshot - {}
RESULT: {}
COMMAND: POST /session/a230b9fa5e58e47def27534e3d005bf9/execute/sync - {"script":"<script> [8489 bytes]","args":[{"element-6066-11e4-a52e-4f735466cecf":"f.5A792F38359A1C743AD3061B3E5B94B4.d.4891C2D9B38BECBA6EDFD36ECC9C029D.e.13672","ELEMENT":"f.5A792F38359A1C743AD3061B3E5B94B4.d.4891C2D9B38BECBA6EDFD36ECC9C029D.e.13672"}]}
RESULT: {"script":"<script> [8489 bytes]","args":[{"element-6066-11e4-a52e-4f735466cecf":"f.5A792F38359A1C743AD3061B3E5B94B4.d.4891C2D9B38BECBA6EDFD36ECC9C029D.e.13672","ELEMENT":"f.5A792F38359A1C743AD3061B3E5B94B4.d.4891C2D9B38BECBA6EDFD36ECC9C029D.e.13672"}]}
COMMAND: GET /session/a230b9fa5e58e47def27534e3d005bf9/screenshot - {}
RESULT: {}
COMMAND: POST /session/a230b9fa5e58e47def27534e3d005bf9/execute/sync - {"script":"<script> [8489 bytes]","args":[{"element-6066-11e4-a52e-4f735466cecf":"f.5A792F38359A1C743AD3061B3E5B94B4.d.4891C2D9B38BECBA6EDFD36ECC9C029D.e.13672","ELEMENT":"f.5A792F38359A1C743AD3061B3E5B94B4.d.4891C2D9B38BECBA6EDFD36ECC9C029D.e.13672"}]}
RESULT: {"script":"<script> [8489 bytes]","args":[{"element-6066-11e4-a52e-4f735466cecf":"f.5A792F38359A1C743AD3061B3E5B94B4.d.4891C2D9B38BECBA6EDFD36ECC9C029D.e.13672","ELEMENT":"f.5A792F38359A1C743AD3061B3E5B94B4.d.4891C2D9B38BECBA6EDFD36ECC9C029D.e.13672"}]}
COMMAND: GET /session/a230b9fa5e58e47def27534e3d005bf9/screenshot - {}
RESULT: {}
COMMAND: POST /session/a230b9fa5e58e47def27534e3d005bf9/execute/sync - {"script":"<script> [8489 bytes]","args":[{"element-6066-11e4-a52e-4f735466cecf":"f.5A792F38359A1C743AD3061B3E5B94B4.d.4891C2D9B38BECBA6EDFD36ECC9C029D.e.13672","ELEMENT":"f.5A792F38359A1C743AD3061B3E5B94B4.d.4891C2D9B38BECBA6EDFD36ECC9C029D.e.13672"}]}
RESULT: {"script":"<script> [8489 bytes]","args":[{"element-6066-11e4-a52e-4f735466cecf":"f.5A792F38359A1C743AD3061B3E5B94B4.d.4891C2D9B38BECBA6EDFD36ECC9C029D.e.13672","ELEMENT":"f.5A792F38359A1C743AD3061B3E5B94B4.d.4891C2D9B38BECBA6EDFD36ECC9C029D.e.13672"}]}
COMMAND: GET /session/a230b9fa5e58e47def27534e3d005bf9/screenshot - {}
RESULT: {}
COMMAND: POST /session/a230b9fa5e58e47def27534e3d005bf9/execute/sync - {"script":"<script> [8489 bytes]","args":[{"element-6066-11e4-a52e-4f735466cecf":"f.5A792F38359A1C743AD3061B3E5B94B4.d.4891C2D9B38BECBA6EDFD36ECC9C029D.e.13672","ELEMENT":"f.5A792F38359A1C743AD3061B3E5B94B4.d.4891C2D9B38BECBA6EDFD36ECC9C029D.e.13672"}]}
RESULT: {"script":"<script> [8489 bytes]","args":[{"element-6066-11e4-a52e-4f735466cecf":"f.5A792F38359A1C743AD3061B3E5B94B4.d.4891C2D9B38BECBA6EDFD36ECC9C029D.e.13672","ELEMENT":"f.5A792F38359A1C743AD3061B3E5B94B4.d.4891C2D9B38BECBA6EDFD36ECC9C029D.e.13672"}]}
COMMAND: GET /session/a230b9fa5e58e47def27534e3d005bf9/screenshot - {}
RESULT: {}
COMMAND: POST /session/a230b9fa5e58e47def27534e3d005bf9/execute/sync - {"script":"<script> [8489 bytes]","args":[{"element-6066-11e4-a52e-4f735466cecf":"f.5A792F38359A1C743AD3061B3E5B94B4.d.4891C2D9B38BECBA6EDFD36ECC9C029D.e.13672","ELEMENT":"f.5A792F38359A1C743AD3061B3E5B94B4.d.4891C2D9B38BECBA6EDFD36ECC9C029D.e.13672"}]}
RESULT: {"script":"<script> [8489 bytes]","args":[{"element-6066-11e4-a52e-4f735466cecf":"f.5A792F38359A1C743AD3061B3E5B94B4.d.4891C2D9B38BECBA6EDFD36ECC9C029D.e.13672","ELEMENT":"f.5A792F38359A1C743AD3061B3E5B94B4.d.4891C2D9B38BECBA6EDFD36ECC9C029D.e.13672"}]}
COMMAND: GET /session/a230b9fa5e58e47def27534e3d005bf9/screenshot - {}
RESULT: {}
COMMAND: POST /session/a230b9fa5e58e47def27534e3d005bf9/execute/sync - {"script":"<script> [8489 bytes]","args":[{"element-6066-11e4-a52e-4f735466cecf":"f.5A792F38359A1C743AD3061B3E5B94B4.d.4891C2D9B38BECBA6EDFD36ECC9C029D.e.13672","ELEMENT":"f.5A792F38359A1C743AD3061B3E5B94B4.d.4891C2D9B38BECBA6EDFD36ECC9C029D.e.13672"}]}
RESULT: {"script":"<script> [8489 bytes]","args":[{"element-6066-11e4-a52e-4f735466cecf":"f.5A792F38359A1C743AD3061B3E5B94B4.d.4891C2D9B38BECBA6EDFD36ECC9C029D.e.13672","ELEMENT":"f.5A792F38359A1C743AD3061B3E5B94B4.d.4891C2D9B38BECBA6EDFD36ECC9C029D.e.13672"}]}
COMMAND: GET /session/a230b9fa5e58e47def27534e3d005bf9/screenshot - {}
RESULT: {}
COMMAND: POST /session/a230b9fa5e58e47def27534e3d005bf9/execute/sync - {"script":"<script> [8489 bytes]","args":[{"element-6066-11e4-a52e-4f735466cecf":"f.5A792F38359A1C743AD3061B3E5B94B4.d.4891C2D9B38BECBA6EDFD36ECC9C029D.e.13672","ELEMENT":"f.5A792F38359A1C743AD3061B3E5B94B4.d.4891C2D9B38BECBA6EDFD36ECC9C029D.e.13672"}]}
RESULT: {"script":"<script> [8489 bytes]","args":[{"element-6066-11e4-a52e-4f735466cecf":"f.5A792F38359A1C743AD3061B3E5B94B4.d.4891C2D9B38BECBA6EDFD36ECC9C029D.e.13672","ELEMENT":"f.5A792F38359A1C743AD3061B3E5B94B4.d.4891C2D9B38BECBA6EDFD36ECC9C029D.e.13672"}]}
COMMAND: GET /session/a230b9fa5e58e47def27534e3d005bf9/screenshot - {}
RESULT: {}
COMMAND: POST /session/a230b9fa5e58e47def27534e3d005bf9/execute/sync - {"script":"<script> [8489 bytes]","args":[{"element-6066-11e4-a52e-4f735466cecf":"f.5A792F38359A1C743AD3061B3E5B94B4.d.4891C2D9B38BECBA6EDFD36ECC9C029D.e.13672","ELEMENT":"f.5A792F38359A1C743AD3061B3E5B94B4.d.4891C2D9B38BECBA6EDFD36ECC9C029D.e.13672"}]}
]]></system-out>
    </testcase>
    <testcase classname="chrome.135_0_7049_96.windows.Provide_to_Site_w/_warehouse_management_wo_clarification" name="Should Test for Handover Execution" time="210.614">
      <system-out><![CDATA[
RESULT: {"script":"<script> [8489 bytes]","args":[{"element-6066-11e4-a52e-4f735466cecf":"f.5A792F38359A1C743AD3061B3E5B94B4.d.4891C2D9B38BECBA6EDFD36ECC9C029D.e.13672","ELEMENT":"f.5A792F38359A1C743AD3061B3E5B94B4.d.4891C2D9B38BECBA6EDFD36ECC9C029D.e.13672"}]}
COMMAND: GET /session/a230b9fa5e58e47def27534e3d005bf9/screenshot - {}
RESULT: {}
COMMAND: POST /session/a230b9fa5e58e47def27534e3d005bf9/execute/async - {"script":"<script> [1562 bytes]","args":[{"selector":{"controlType":"sap.m.Link","viewName":"etm.portal.ui.managehandovers.view.DetailExecuteHO","bindingPath":{"path":"","propertyPath":"/wmDoc","modelName":"warehouseMovModel"}},"wdio_ui5_key":"etmportal.ui.managehandovers.view.DetailExecuteHOsap.m.Link{\"path\":\"\",\"propertyPath\":\"/wmDoc\",\"modelName\":\"warehouseMovModel\"}"}]}
RESULT: {"script":"<script> [1562 bytes]","args":[{"selector":{"controlType":"sap.m.Link","viewName":"etm.portal.ui.managehandovers.view.DetailExecuteHO","bindingPath":{"path":"","propertyPath":"/wmDoc","modelName":"warehouseMovModel"}},"wdio_ui5_key":"etmportal.ui.managehandovers.view.DetailExecuteHOsap.m.Link{\"path\":\"\",\"propertyPath\":\"/wmDoc\",\"modelName\":\"warehouseMovModel\"}"}]}
RESULT: undefined
COMMAND: POST /session/a230b9fa5e58e47def27534e3d005bf9/element - {"using":"xpath","value":"//*[@id=\"__link93\"]"}
RESULT: {"using":"xpath","value":"//*[@id=\"__link93\"]"}
COMMAND: POST /session/a230b9fa5e58e47def27534e3d005bf9/element/f.5A792F38359A1C743AD3061B3E5B94B4.d.4891C2D9B38BECBA6EDFD36ECC9C029D.e.13676/click - {}
RESULT: {}
COMMAND: GET /session/a230b9fa5e58e47def27534e3d005bf9/screenshot - {}
RESULT: {}
COMMAND: POST /session/a230b9fa5e58e47def27534e3d005bf9/execute/async - {"script":"<script> [1562 bytes]","args":[{"selector":{"controlType":"sap.m.Link","viewName":"etm.portal.ui.managehandovers.view.DetailExecuteHO","properties":{"text":"Warehouse Overview"},"searchOpenDialogs":true},"wdio_ui5_key":"etmportal.ui.managehandovers.view.DetailExecuteHOsap.m.Link{\"text\":\"Warehouse Overview\"}"}]}
RESULT: {"script":"<script> [1562 bytes]","args":[{"selector":{"controlType":"sap.m.Link","viewName":"etm.portal.ui.managehandovers.view.DetailExecuteHO","properties":{"text":"Warehouse Overview"},"searchOpenDialogs":true},"wdio_ui5_key":"etmportal.ui.managehandovers.view.DetailExecuteHOsap.m.Link{\"text\":\"Warehouse Overview\"}"}]}
RESULT: undefined
COMMAND: POST /session/a230b9fa5e58e47def27534e3d005bf9/element - {"using":"xpath","value":"//*[@id=\"__link108\"]"}
RESULT: {"using":"xpath","value":"//*[@id=\"__link108\"]"}
COMMAND: POST /session/a230b9fa5e58e47def27534e3d005bf9/element/f.5A792F38359A1C743AD3061B3E5B94B4.d.4891C2D9B38BECBA6EDFD36ECC9C029D.e.13678/click - {}
RESULT: {}
COMMAND: POST /session/a230b9fa5e58e47def27534e3d005bf9/execute/async - {"script":"<script> [1562 bytes]","args":[{"selector":{"controlType":"sap.m.Button","viewName":"etm.portal.ui.warehousemovements.view.DisplayMovement","viewId":"application-warehousemovements-display-component---displayMovement","i18NText":{"propertyName":"text","key":"execution"},"interaction":{"idSuffix":"BDI-content"}},"wdio_ui5_key":"etmportal.ui.warehousemovements.view.DisplayMovementsap.m.Button{\"propertyName\":\"text\",\"key\":\"execution\"}"}]}
COMMAND: GET /session/a230b9fa5e58e47def27534e3d005bf9/screenshot - {}
RESULT: {"script":"<script> [1562 bytes]","args":[{"selector":{"controlType":"sap.m.Button","viewName":"etm.portal.ui.warehousemovements.view.DisplayMovement","viewId":"application-warehousemovements-display-component---displayMovement","i18NText":{"propertyName":"text","key":"execution"},"interaction":{"idSuffix":"BDI-content"}},"wdio_ui5_key":"etmportal.ui.warehousemovements.view.DisplayMovementsap.m.Button{\"propertyName\":\"text\",\"key\":\"execution\"}"}]}
RESULT: undefined
COMMAND: POST /session/a230b9fa5e58e47def27534e3d005bf9/element - {"using":"xpath","value":"//*[@id=\"__button402\"]"}
RESULT: {}
RESULT: {"using":"xpath","value":"//*[@id=\"__button402\"]"}
COMMAND: POST /session/a230b9fa5e58e47def27534e3d005bf9/element/f.5A792F38359A1C743AD3061B3E5B94B4.d.4891C2D9B38BECBA6EDFD36ECC9C029D.e.13797/click - {}
RESULT: {}
COMMAND: POST /session/a230b9fa5e58e47def27534e3d005bf9/execute/async - {"script":"<script> [1562 bytes]","args":[{"selector":{"controlType":"sap.m.Button","viewName":"etm.portal.ui.warehousemovements.view.ExecuteMovement","viewId":"application-warehousemovements-display-component---executeMovement","properties":{"text":"Items"},"interaction":{"idSuffix":"BDI-content"}},"wdio_ui5_key":"etmportal.ui.warehousemovements.view.ExecuteMovementsap.m.Button{\"text\":\"Items\"}"}]}
COMMAND: GET /session/a230b9fa5e58e47def27534e3d005bf9/screenshot - {}
RESULT: {"script":"<script> [1562 bytes]","args":[{"selector":{"controlType":"sap.m.Button","viewName":"etm.portal.ui.warehousemovements.view.ExecuteMovement","viewId":"application-warehousemovements-display-component---executeMovement","properties":{"text":"Items"},"interaction":{"idSuffix":"BDI-content"}},"wdio_ui5_key":"etmportal.ui.warehousemovements.view.ExecuteMovementsap.m.Button{\"text\":\"Items\"}"}]}
RESULT: undefined
COMMAND: POST /session/a230b9fa5e58e47def27534e3d005bf9/element - {"using":"xpath","value":"//*[@id=\"__layout489-anchBar-application-warehousemovements-display-component---executeMovement--itemsSection-anchor\"]"}
RESULT: {}
RESULT: {"using":"xpath","value":"//*[@id=\"__layout489-anchBar-application-warehousemovements-display-component---executeMovement--itemsSection-anchor\"]"}
COMMAND: POST /session/a230b9fa5e58e47def27534e3d005bf9/element/f.5A792F38359A1C743AD3061B3E5B94B4.d.4891C2D9B38BECBA6EDFD36ECC9C029D.e.13897/click - {}
RESULT: {}
COMMAND: POST /session/a230b9fa5e58e47def27534e3d005bf9/element - {"using":"xpath","value":"//*[text()='Pick From Warehouse']"}
COMMAND: GET /session/a230b9fa5e58e47def27534e3d005bf9/screenshot - {}
RESULT: {"using":"xpath","value":"//*[text()='Pick From Warehouse']"}
COMMAND: POST /session/a230b9fa5e58e47def27534e3d005bf9/elements - {"using":"xpath","value":"//*[text()='Pick From Warehouse']"}
RESULT: {}
RESULT: {"using":"xpath","value":"//*[text()='Pick From Warehouse']"}
COMMAND: POST /session/a230b9fa5e58e47def27534e3d005bf9/elements - {"using":"xpath","value":"//*[text()='Pick From Warehouse']"}
RESULT: {"using":"xpath","value":"//*[text()='Pick From Warehouse']"}
COMMAND: POST /session/a230b9fa5e58e47def27534e3d005bf9/elements - {"using":"xpath","value":"//*[text()='Pick From Warehouse']"}
RESULT: {"using":"xpath","value":"//*[text()='Pick From Warehouse']"}
COMMAND: POST /session/a230b9fa5e58e47def27534e3d005bf9/elements - {"using":"xpath","value":"//*[text()='Pick From Warehouse']"}
RESULT: {"using":"xpath","value":"//*[text()='Pick From Warehouse']"}
COMMAND: POST /session/a230b9fa5e58e47def27534e3d005bf9/elements - {"using":"xpath","value":"//*[text()='Pick From Warehouse']"}
RESULT: {"using":"xpath","value":"//*[text()='Pick From Warehouse']"}
COMMAND: POST /session/a230b9fa5e58e47def27534e3d005bf9/elements - {"using":"xpath","value":"//*[text()='Pick From Warehouse']"}
RESULT: {"using":"xpath","value":"//*[text()='Pick From Warehouse']"}
COMMAND: POST /session/a230b9fa5e58e47def27534e3d005bf9/elements - {"using":"xpath","value":"//*[text()='Pick From Warehouse']"}
RESULT: {"using":"xpath","value":"//*[text()='Pick From Warehouse']"}
COMMAND: POST /session/a230b9fa5e58e47def27534e3d005bf9/elements - {"using":"xpath","value":"//*[text()='Pick From Warehouse']"}
RESULT: {"using":"xpath","value":"//*[text()='Pick From Warehouse']"}
COMMAND: POST /session/a230b9fa5e58e47def27534e3d005bf9/elements - {"using":"xpath","value":"//*[text()='Pick From Warehouse']"}
RESULT: {"using":"xpath","value":"//*[text()='Pick From Warehouse']"}
COMMAND: POST /session/a230b9fa5e58e47def27534e3d005bf9/elements - {"using":"xpath","value":"//*[text()='Pick From Warehouse']"}
RESULT: {"using":"xpath","value":"//*[text()='Pick From Warehouse']"}
COMMAND: POST /session/a230b9fa5e58e47def27534e3d005bf9/elements - {"using":"xpath","value":"//*[text()='Pick From Warehouse']"}
RESULT: {"using":"xpath","value":"//*[text()='Pick From Warehouse']"}
COMMAND: POST /session/a230b9fa5e58e47def27534e3d005bf9/elements - {"using":"xpath","value":"//*[text()='Pick From Warehouse']"}
RESULT: {"using":"xpath","value":"//*[text()='Pick From Warehouse']"}
COMMAND: POST /session/a230b9fa5e58e47def27534e3d005bf9/elements - {"using":"xpath","value":"//*[text()='Pick From Warehouse']"}
RESULT: {"using":"xpath","value":"//*[text()='Pick From Warehouse']"}
COMMAND: POST /session/a230b9fa5e58e47def27534e3d005bf9/elements - {"using":"xpath","value":"//*[text()='Pick From Warehouse']"}
RESULT: {"using":"xpath","value":"//*[text()='Pick From Warehouse']"}
COMMAND: POST /session/a230b9fa5e58e47def27534e3d005bf9/elements - {"using":"xpath","value":"//*[text()='Pick From Warehouse']"}
RESULT: {"using":"xpath","value":"//*[text()='Pick From Warehouse']"}
COMMAND: POST /session/a230b9fa5e58e47def27534e3d005bf9/elements - {"using":"xpath","value":"//*[text()='Pick From Warehouse']"}
RESULT: {"using":"xpath","value":"//*[text()='Pick From Warehouse']"}
COMMAND: POST /session/a230b9fa5e58e47def27534e3d005bf9/elements - {"using":"xpath","value":"//*[text()='Pick From Warehouse']"}
RESULT: {"using":"xpath","value":"//*[text()='Pick From Warehouse']"}
COMMAND: POST /session/a230b9fa5e58e47def27534e3d005bf9/elements - {"using":"xpath","value":"//*[text()='Pick From Warehouse']"}
RESULT: {"using":"xpath","value":"//*[text()='Pick From Warehouse']"}
COMMAND: POST /session/a230b9fa5e58e47def27534e3d005bf9/elements - {"using":"xpath","value":"//*[text()='Pick From Warehouse']"}
RESULT: {"using":"xpath","value":"//*[text()='Pick From Warehouse']"}
COMMAND: POST /session/a230b9fa5e58e47def27534e3d005bf9/elements - {"using":"xpath","value":"//*[text()='Pick From Warehouse']"}
RESULT: {"using":"xpath","value":"//*[text()='Pick From Warehouse']"}
COMMAND: POST /session/a230b9fa5e58e47def27534e3d005bf9/elements - {"using":"xpath","value":"//*[text()='Pick From Warehouse']"}
RESULT: {"using":"xpath","value":"//*[text()='Pick From Warehouse']"}
COMMAND: POST /session/a230b9fa5e58e47def27534e3d005bf9/elements - {"using":"xpath","value":"//*[text()='Pick From Warehouse']"}
RESULT: {"using":"xpath","value":"//*[text()='Pick From Warehouse']"}
COMMAND: POST /session/a230b9fa5e58e47def27534e3d005bf9/elements - {"using":"xpath","value":"//*[text()='Pick From Warehouse']"}
RESULT: {"using":"xpath","value":"//*[text()='Pick From Warehouse']"}
COMMAND: POST /session/a230b9fa5e58e47def27534e3d005bf9/elements - {"using":"xpath","value":"//*[text()='Pick From Warehouse']"}
RESULT: {"using":"xpath","value":"//*[text()='Pick From Warehouse']"}
COMMAND: POST /session/a230b9fa5e58e47def27534e3d005bf9/elements - {"using":"xpath","value":"//*[text()='Pick From Warehouse']"}
RESULT: {"using":"xpath","value":"//*[text()='Pick From Warehouse']"}
COMMAND: POST /session/a230b9fa5e58e47def27534e3d005bf9/elements - {"using":"xpath","value":"//*[text()='Pick From Warehouse']"}
RESULT: {"using":"xpath","value":"//*[text()='Pick From Warehouse']"}
COMMAND: POST /session/a230b9fa5e58e47def27534e3d005bf9/elements - {"using":"xpath","value":"//*[text()='Pick From Warehouse']"}
RESULT: {"using":"xpath","value":"//*[text()='Pick From Warehouse']"}
COMMAND: POST /session/a230b9fa5e58e47def27534e3d005bf9/elements - {"using":"xpath","value":"//*[text()='Pick From Warehouse']"}
RESULT: {"using":"xpath","value":"//*[text()='Pick From Warehouse']"}
COMMAND: POST /session/a230b9fa5e58e47def27534e3d005bf9/elements - {"using":"xpath","value":"//*[text()='Pick From Warehouse']"}
RESULT: {"using":"xpath","value":"//*[text()='Pick From Warehouse']"}
COMMAND: POST /session/a230b9fa5e58e47def27534e3d005bf9/elements - {"using":"xpath","value":"//*[text()='Pick From Warehouse']"}
RESULT: {"using":"xpath","value":"//*[text()='Pick From Warehouse']"}
COMMAND: POST /session/a230b9fa5e58e47def27534e3d005bf9/elements - {"using":"xpath","value":"//*[text()='Pick From Warehouse']"}
RESULT: {"using":"xpath","value":"//*[text()='Pick From Warehouse']"}
COMMAND: POST /session/a230b9fa5e58e47def27534e3d005bf9/elements - {"using":"xpath","value":"//*[text()='Pick From Warehouse']"}
RESULT: {"using":"xpath","value":"//*[text()='Pick From Warehouse']"}
COMMAND: POST /session/a230b9fa5e58e47def27534e3d005bf9/elements - {"using":"xpath","value":"//*[text()='Pick From Warehouse']"}
RESULT: {"using":"xpath","value":"//*[text()='Pick From Warehouse']"}
COMMAND: POST /session/a230b9fa5e58e47def27534e3d005bf9/elements - {"using":"xpath","value":"//*[text()='Pick From Warehouse']"}
RESULT: {"using":"xpath","value":"//*[text()='Pick From Warehouse']"}
COMMAND: POST /session/a230b9fa5e58e47def27534e3d005bf9/elements - {"using":"xpath","value":"//*[text()='Pick From Warehouse']"}
RESULT: {"using":"xpath","value":"//*[text()='Pick From Warehouse']"}
COMMAND: POST /session/a230b9fa5e58e47def27534e3d005bf9/elements - {"using":"xpath","value":"//*[text()='Pick From Warehouse']"}
RESULT: {"using":"xpath","value":"//*[text()='Pick From Warehouse']"}
COMMAND: POST /session/a230b9fa5e58e47def27534e3d005bf9/elements - {"using":"xpath","value":"//*[text()='Pick From Warehouse']"}
RESULT: {"using":"xpath","value":"//*[text()='Pick From Warehouse']"}
COMMAND: POST /session/a230b9fa5e58e47def27534e3d005bf9/elements - {"using":"xpath","value":"//*[text()='Pick From Warehouse']"}
RESULT: {"using":"xpath","value":"//*[text()='Pick From Warehouse']"}
COMMAND: POST /session/a230b9fa5e58e47def27534e3d005bf9/elements - {"using":"xpath","value":"//*[text()='Pick From Warehouse']"}
RESULT: {"using":"xpath","value":"//*[text()='Pick From Warehouse']"}
COMMAND: POST /session/a230b9fa5e58e47def27534e3d005bf9/elements - {"using":"xpath","value":"//*[text()='Pick From Warehouse']"}
RESULT: {"using":"xpath","value":"//*[text()='Pick From Warehouse']"}
COMMAND: POST /session/a230b9fa5e58e47def27534e3d005bf9/elements - {"using":"xpath","value":"//*[text()='Pick From Warehouse']"}
RESULT: {"using":"xpath","value":"//*[text()='Pick From Warehouse']"}
COMMAND: POST /session/a230b9fa5e58e47def27534e3d005bf9/elements - {"using":"xpath","value":"//*[text()='Pick From Warehouse']"}
RESULT: {"using":"xpath","value":"//*[text()='Pick From Warehouse']"}
COMMAND: POST /session/a230b9fa5e58e47def27534e3d005bf9/elements - {"using":"xpath","value":"//*[text()='Pick From Warehouse']"}
RESULT: {"using":"xpath","value":"//*[text()='Pick From Warehouse']"}
COMMAND: POST /session/a230b9fa5e58e47def27534e3d005bf9/elements - {"using":"xpath","value":"//*[text()='Pick From Warehouse']"}
RESULT: {"using":"xpath","value":"//*[text()='Pick From Warehouse']"}
COMMAND: POST /session/a230b9fa5e58e47def27534e3d005bf9/elements - {"using":"xpath","value":"//*[text()='Pick From Warehouse']"}
RESULT: {"using":"xpath","value":"//*[text()='Pick From Warehouse']"}
COMMAND: POST /session/a230b9fa5e58e47def27534e3d005bf9/elements - {"using":"xpath","value":"//*[text()='Pick From Warehouse']"}
RESULT: {"using":"xpath","value":"//*[text()='Pick From Warehouse']"}
COMMAND: POST /session/a230b9fa5e58e47def27534e3d005bf9/elements - {"using":"xpath","value":"//*[text()='Pick From Warehouse']"}
RESULT: {"using":"xpath","value":"//*[text()='Pick From Warehouse']"}
COMMAND: POST /session/a230b9fa5e58e47def27534e3d005bf9/elements - {"using":"xpath","value":"//*[text()='Pick From Warehouse']"}
RESULT: {"using":"xpath","value":"//*[text()='Pick From Warehouse']"}
COMMAND: POST /session/a230b9fa5e58e47def27534e3d005bf9/elements - {"using":"xpath","value":"//*[text()='Pick From Warehouse']"}
RESULT: {"using":"xpath","value":"//*[text()='Pick From Warehouse']"}
COMMAND: POST /session/a230b9fa5e58e47def27534e3d005bf9/elements - {"using":"xpath","value":"//*[text()='Pick From Warehouse']"}
RESULT: {"using":"xpath","value":"//*[text()='Pick From Warehouse']"}
COMMAND: POST /session/a230b9fa5e58e47def27534e3d005bf9/elements - {"using":"xpath","value":"//*[text()='Pick From Warehouse']"}
RESULT: {"using":"xpath","value":"//*[text()='Pick From Warehouse']"}
COMMAND: POST /session/a230b9fa5e58e47def27534e3d005bf9/elements - {"using":"xpath","value":"//*[text()='Pick From Warehouse']"}
RESULT: {"using":"xpath","value":"//*[text()='Pick From Warehouse']"}
COMMAND: POST /session/a230b9fa5e58e47def27534e3d005bf9/elements - {"using":"xpath","value":"//*[text()='Pick From Warehouse']"}
RESULT: {"using":"xpath","value":"//*[text()='Pick From Warehouse']"}
COMMAND: POST /session/a230b9fa5e58e47def27534e3d005bf9/elements - {"using":"xpath","value":"//*[text()='Pick From Warehouse']"}
RESULT: {"using":"xpath","value":"//*[text()='Pick From Warehouse']"}
COMMAND: POST /session/a230b9fa5e58e47def27534e3d005bf9/elements - {"using":"xpath","value":"//*[text()='Pick From Warehouse']"}
RESULT: {"using":"xpath","value":"//*[text()='Pick From Warehouse']"}
COMMAND: POST /session/a230b9fa5e58e47def27534e3d005bf9/elements - {"using":"xpath","value":"//*[text()='Pick From Warehouse']"}
RESULT: {"using":"xpath","value":"//*[text()='Pick From Warehouse']"}
COMMAND: POST /session/a230b9fa5e58e47def27534e3d005bf9/elements - {"using":"xpath","value":"//*[text()='Pick From Warehouse']"}
RESULT: {"using":"xpath","value":"//*[text()='Pick From Warehouse']"}
COMMAND: POST /session/a230b9fa5e58e47def27534e3d005bf9/elements - {"using":"xpath","value":"//*[text()='Pick From Warehouse']"}
RESULT: {"using":"xpath","value":"//*[text()='Pick From Warehouse']"}
COMMAND: POST /session/a230b9fa5e58e47def27534e3d005bf9/elements - {"using":"xpath","value":"//*[text()='Pick From Warehouse']"}
RESULT: {"using":"xpath","value":"//*[text()='Pick From Warehouse']"}
COMMAND: POST /session/a230b9fa5e58e47def27534e3d005bf9/elements - {"using":"xpath","value":"//*[text()='Pick From Warehouse']"}
RESULT: {"using":"xpath","value":"//*[text()='Pick From Warehouse']"}
COMMAND: POST /session/a230b9fa5e58e47def27534e3d005bf9/elements - {"using":"xpath","value":"//*[text()='Pick From Warehouse']"}
RESULT: {"using":"xpath","value":"//*[text()='Pick From Warehouse']"}
COMMAND: POST /session/a230b9fa5e58e47def27534e3d005bf9/elements - {"using":"xpath","value":"//*[text()='Pick From Warehouse']"}
RESULT: {"using":"xpath","value":"//*[text()='Pick From Warehouse']"}
COMMAND: POST /session/a230b9fa5e58e47def27534e3d005bf9/elements - {"using":"xpath","value":"//*[text()='Pick From Warehouse']"}
RESULT: {"using":"xpath","value":"//*[text()='Pick From Warehouse']"}
COMMAND: POST /session/a230b9fa5e58e47def27534e3d005bf9/elements - {"using":"xpath","value":"//*[text()='Pick From Warehouse']"}
RESULT: {"using":"xpath","value":"//*[text()='Pick From Warehouse']"}
COMMAND: POST /session/a230b9fa5e58e47def27534e3d005bf9/elements - {"using":"xpath","value":"//*[text()='Pick From Warehouse']"}
RESULT: {"using":"xpath","value":"//*[text()='Pick From Warehouse']"}
COMMAND: POST /session/a230b9fa5e58e47def27534e3d005bf9/elements - {"using":"xpath","value":"//*[text()='Pick From Warehouse']"}
RESULT: {"using":"xpath","value":"//*[text()='Pick From Warehouse']"}
COMMAND: POST /session/a230b9fa5e58e47def27534e3d005bf9/elements - {"using":"xpath","value":"//*[text()='Pick From Warehouse']"}
RESULT: {"using":"xpath","value":"//*[text()='Pick From Warehouse']"}
COMMAND: POST /session/a230b9fa5e58e47def27534e3d005bf9/elements - {"using":"xpath","value":"//*[text()='Pick From Warehouse']"}
RESULT: {"using":"xpath","value":"//*[text()='Pick From Warehouse']"}
COMMAND: POST /session/a230b9fa5e58e47def27534e3d005bf9/elements - {"using":"xpath","value":"//*[text()='Pick From Warehouse']"}
RESULT: {"using":"xpath","value":"//*[text()='Pick From Warehouse']"}
COMMAND: POST /session/a230b9fa5e58e47def27534e3d005bf9/elements - {"using":"xpath","value":"//*[text()='Pick From Warehouse']"}
RESULT: {"using":"xpath","value":"//*[text()='Pick From Warehouse']"}
COMMAND: POST /session/a230b9fa5e58e47def27534e3d005bf9/elements - {"using":"xpath","value":"//*[text()='Pick From Warehouse']"}
RESULT: {"using":"xpath","value":"//*[text()='Pick From Warehouse']"}
COMMAND: POST /session/a230b9fa5e58e47def27534e3d005bf9/elements - {"using":"xpath","value":"//*[text()='Pick From Warehouse']"}
RESULT: {"using":"xpath","value":"//*[text()='Pick From Warehouse']"}
COMMAND: POST /session/a230b9fa5e58e47def27534e3d005bf9/elements - {"using":"xpath","value":"//*[text()='Pick From Warehouse']"}
RESULT: {"using":"xpath","value":"//*[text()='Pick From Warehouse']"}
COMMAND: POST /session/a230b9fa5e58e47def27534e3d005bf9/elements - {"using":"xpath","value":"//*[text()='Pick From Warehouse']"}
RESULT: {"using":"xpath","value":"//*[text()='Pick From Warehouse']"}
COMMAND: POST /session/a230b9fa5e58e47def27534e3d005bf9/elements - {"using":"xpath","value":"//*[text()='Pick From Warehouse']"}
RESULT: {"using":"xpath","value":"//*[text()='Pick From Warehouse']"}
COMMAND: POST /session/a230b9fa5e58e47def27534e3d005bf9/elements - {"using":"xpath","value":"//*[text()='Pick From Warehouse']"}
RESULT: {"using":"xpath","value":"//*[text()='Pick From Warehouse']"}
COMMAND: POST /session/a230b9fa5e58e47def27534e3d005bf9/elements - {"using":"xpath","value":"//*[text()='Pick From Warehouse']"}
RESULT: {"using":"xpath","value":"//*[text()='Pick From Warehouse']"}
COMMAND: POST /session/a230b9fa5e58e47def27534e3d005bf9/elements - {"using":"xpath","value":"//*[text()='Pick From Warehouse']"}
RESULT: {"using":"xpath","value":"//*[text()='Pick From Warehouse']"}
COMMAND: POST /session/a230b9fa5e58e47def27534e3d005bf9/elements - {"using":"xpath","value":"//*[text()='Pick From Warehouse']"}
RESULT: {"using":"xpath","value":"//*[text()='Pick From Warehouse']"}
COMMAND: POST /session/a230b9fa5e58e47def27534e3d005bf9/elements - {"using":"xpath","value":"//*[text()='Pick From Warehouse']"}
RESULT: {"using":"xpath","value":"//*[text()='Pick From Warehouse']"}
COMMAND: POST /session/a230b9fa5e58e47def27534e3d005bf9/elements - {"using":"xpath","value":"//*[text()='Pick From Warehouse']"}
RESULT: {"using":"xpath","value":"//*[text()='Pick From Warehouse']"}
COMMAND: POST /session/a230b9fa5e58e47def27534e3d005bf9/elements - {"using":"xpath","value":"//*[text()='Pick From Warehouse']"}
RESULT: {"using":"xpath","value":"//*[text()='Pick From Warehouse']"}
COMMAND: POST /session/a230b9fa5e58e47def27534e3d005bf9/elements - {"using":"xpath","value":"//*[text()='Pick From Warehouse']"}
RESULT: {"using":"xpath","value":"//*[text()='Pick From Warehouse']"}
COMMAND: POST /session/a230b9fa5e58e47def27534e3d005bf9/elements - {"using":"xpath","value":"//*[text()='Pick From Warehouse']"}
RESULT: {"using":"xpath","value":"//*[text()='Pick From Warehouse']"}
COMMAND: POST /session/a230b9fa5e58e47def27534e3d005bf9/elements - {"using":"xpath","value":"//*[text()='Pick From Warehouse']"}
RESULT: {"using":"xpath","value":"//*[text()='Pick From Warehouse']"}
COMMAND: POST /session/a230b9fa5e58e47def27534e3d005bf9/elements - {"using":"xpath","value":"//*[text()='Pick From Warehouse']"}
RESULT: {"using":"xpath","value":"//*[text()='Pick From Warehouse']"}
COMMAND: POST /session/a230b9fa5e58e47def27534e3d005bf9/elements - {"using":"xpath","value":"//*[text()='Pick From Warehouse']"}
RESULT: {"using":"xpath","value":"//*[text()='Pick From Warehouse']"}
COMMAND: POST /session/a230b9fa5e58e47def27534e3d005bf9/elements - {"using":"xpath","value":"//*[text()='Pick From Warehouse']"}
RESULT: {"using":"xpath","value":"//*[text()='Pick From Warehouse']"}
COMMAND: POST /session/a230b9fa5e58e47def27534e3d005bf9/elements - {"using":"xpath","value":"//*[text()='Pick From Warehouse']"}
RESULT: {"using":"xpath","value":"//*[text()='Pick From Warehouse']"}
COMMAND: POST /session/a230b9fa5e58e47def27534e3d005bf9/elements - {"using":"xpath","value":"//*[text()='Pick From Warehouse']"}
RESULT: {"using":"xpath","value":"//*[text()='Pick From Warehouse']"}
COMMAND: POST /session/a230b9fa5e58e47def27534e3d005bf9/elements - {"using":"xpath","value":"//*[text()='Pick From Warehouse']"}
RESULT: {"using":"xpath","value":"//*[text()='Pick From Warehouse']"}
COMMAND: POST /session/a230b9fa5e58e47def27534e3d005bf9/elements - {"using":"xpath","value":"//*[text()='Close']"}
RESULT: {"using":"xpath","value":"//*[text()='Close']"}
COMMAND: GET /session/a230b9fa5e58e47def27534e3d005bf9/element/f.5A792F38359A1C743AD3061B3E5B94B4.d.4891C2D9B38BECBA6EDFD36ECC9C029D.e.13900/enabled - {}
RESULT: {}
COMMAND: POST /session/a230b9fa5e58e47def27534e3d005bf9/execute/sync - {"script":"<script> [8489 bytes]","args":[{"element-6066-11e4-a52e-4f735466cecf":"f.5A792F38359A1C743AD3061B3E5B94B4.d.4891C2D9B38BECBA6EDFD36ECC9C029D.e.13900","ELEMENT":"f.5A792F38359A1C743AD3061B3E5B94B4.d.4891C2D9B38BECBA6EDFD36ECC9C029D.e.13900"}]}
COMMAND: GET /session/a230b9fa5e58e47def27534e3d005bf9/screenshot - {}
RESULT: {"script":"<script> [8489 bytes]","args":[{"element-6066-11e4-a52e-4f735466cecf":"f.5A792F38359A1C743AD3061B3E5B94B4.d.4891C2D9B38BECBA6EDFD36ECC9C029D.e.13900","ELEMENT":"f.5A792F38359A1C743AD3061B3E5B94B4.d.4891C2D9B38BECBA6EDFD36ECC9C029D.e.13900"}]}
COMMAND: GET /session/a230b9fa5e58e47def27534e3d005bf9/screenshot - {}
RESULT: {}
RESULT: {}
COMMAND: POST /session/a230b9fa5e58e47def27534e3d005bf9/execute/sync - {"script":"<script> [8489 bytes]","args":[{"element-6066-11e4-a52e-4f735466cecf":"f.5A792F38359A1C743AD3061B3E5B94B4.d.4891C2D9B38BECBA6EDFD36ECC9C029D.e.13900","ELEMENT":"f.5A792F38359A1C743AD3061B3E5B94B4.d.4891C2D9B38BECBA6EDFD36ECC9C029D.e.13900"}]}
RESULT: {"script":"<script> [8489 bytes]","args":[{"element-6066-11e4-a52e-4f735466cecf":"f.5A792F38359A1C743AD3061B3E5B94B4.d.4891C2D9B38BECBA6EDFD36ECC9C029D.e.13900","ELEMENT":"f.5A792F38359A1C743AD3061B3E5B94B4.d.4891C2D9B38BECBA6EDFD36ECC9C029D.e.13900"}]}
COMMAND: GET /session/a230b9fa5e58e47def27534e3d005bf9/screenshot - {}
RESULT: {}
COMMAND: POST /session/a230b9fa5e58e47def27534e3d005bf9/execute/sync - {"script":"<script> [8489 bytes]","args":[{"element-6066-11e4-a52e-4f735466cecf":"f.5A792F38359A1C743AD3061B3E5B94B4.d.4891C2D9B38BECBA6EDFD36ECC9C029D.e.13900","ELEMENT":"f.5A792F38359A1C743AD3061B3E5B94B4.d.4891C2D9B38BECBA6EDFD36ECC9C029D.e.13900"}]}
RESULT: {"script":"<script> [8489 bytes]","args":[{"element-6066-11e4-a52e-4f735466cecf":"f.5A792F38359A1C743AD3061B3E5B94B4.d.4891C2D9B38BECBA6EDFD36ECC9C029D.e.13900","ELEMENT":"f.5A792F38359A1C743AD3061B3E5B94B4.d.4891C2D9B38BECBA6EDFD36ECC9C029D.e.13900"}]}
COMMAND: GET /session/a230b9fa5e58e47def27534e3d005bf9/screenshot - {}
RESULT: {}
COMMAND: POST /session/a230b9fa5e58e47def27534e3d005bf9/execute/sync - {"script":"<script> [8489 bytes]","args":[{"element-6066-11e4-a52e-4f735466cecf":"f.5A792F38359A1C743AD3061B3E5B94B4.d.4891C2D9B38BECBA6EDFD36ECC9C029D.e.13900","ELEMENT":"f.5A792F38359A1C743AD3061B3E5B94B4.d.4891C2D9B38BECBA6EDFD36ECC9C029D.e.13900"}]}
RESULT: {"script":"<script> [8489 bytes]","args":[{"element-6066-11e4-a52e-4f735466cecf":"f.5A792F38359A1C743AD3061B3E5B94B4.d.4891C2D9B38BECBA6EDFD36ECC9C029D.e.13900","ELEMENT":"f.5A792F38359A1C743AD3061B3E5B94B4.d.4891C2D9B38BECBA6EDFD36ECC9C029D.e.13900"}]}
COMMAND: GET /session/a230b9fa5e58e47def27534e3d005bf9/screenshot - {}
RESULT: {}
COMMAND: POST /session/a230b9fa5e58e47def27534e3d005bf9/execute/sync - {"script":"<script> [8489 bytes]","args":[{"element-6066-11e4-a52e-4f735466cecf":"f.5A792F38359A1C743AD3061B3E5B94B4.d.4891C2D9B38BECBA6EDFD36ECC9C029D.e.13900","ELEMENT":"f.5A792F38359A1C743AD3061B3E5B94B4.d.4891C2D9B38BECBA6EDFD36ECC9C029D.e.13900"}]}
RESULT: {"script":"<script> [8489 bytes]","args":[{"element-6066-11e4-a52e-4f735466cecf":"f.5A792F38359A1C743AD3061B3E5B94B4.d.4891C2D9B38BECBA6EDFD36ECC9C029D.e.13900","ELEMENT":"f.5A792F38359A1C743AD3061B3E5B94B4.d.4891C2D9B38BECBA6EDFD36ECC9C029D.e.13900"}]}
COMMAND: GET /session/a230b9fa5e58e47def27534e3d005bf9/screenshot - {}
RESULT: {}
COMMAND: POST /session/a230b9fa5e58e47def27534e3d005bf9/execute/sync - {"script":"<script> [8489 bytes]","args":[{"element-6066-11e4-a52e-4f735466cecf":"f.5A792F38359A1C743AD3061B3E5B94B4.d.4891C2D9B38BECBA6EDFD36ECC9C029D.e.13900","ELEMENT":"f.5A792F38359A1C743AD3061B3E5B94B4.d.4891C2D9B38BECBA6EDFD36ECC9C029D.e.13900"}]}
RESULT: {"script":"<script> [8489 bytes]","args":[{"element-6066-11e4-a52e-4f735466cecf":"f.5A792F38359A1C743AD3061B3E5B94B4.d.4891C2D9B38BECBA6EDFD36ECC9C029D.e.13900","ELEMENT":"f.5A792F38359A1C743AD3061B3E5B94B4.d.4891C2D9B38BECBA6EDFD36ECC9C029D.e.13900"}]}
COMMAND: GET /session/a230b9fa5e58e47def27534e3d005bf9/screenshot - {}
COMMAND: POST /session/a230b9fa5e58e47def27534e3d005bf9/execute/sync - {"script":"<script> [8489 bytes]","args":[{"element-6066-11e4-a52e-4f735466cecf":"f.5A792F38359A1C743AD3061B3E5B94B4.d.4891C2D9B38BECBA6EDFD36ECC9C029D.e.13900","ELEMENT":"f.5A792F38359A1C743AD3061B3E5B94B4.d.4891C2D9B38BECBA6EDFD36ECC9C029D.e.13900"}]}
RESULT: {}
RESULT: {"script":"<script> [8489 bytes]","args":[{"element-6066-11e4-a52e-4f735466cecf":"f.5A792F38359A1C743AD3061B3E5B94B4.d.4891C2D9B38BECBA6EDFD36ECC9C029D.e.13900","ELEMENT":"f.5A792F38359A1C743AD3061B3E5B94B4.d.4891C2D9B38BECBA6EDFD36ECC9C029D.e.13900"}]}
COMMAND: GET /session/a230b9fa5e58e47def27534e3d005bf9/screenshot - {}
COMMAND: POST /session/a230b9fa5e58e47def27534e3d005bf9/execute/sync - {"script":"<script> [8489 bytes]","args":[{"element-6066-11e4-a52e-4f735466cecf":"f.5A792F38359A1C743AD3061B3E5B94B4.d.4891C2D9B38BECBA6EDFD36ECC9C029D.e.13900","ELEMENT":"f.5A792F38359A1C743AD3061B3E5B94B4.d.4891C2D9B38BECBA6EDFD36ECC9C029D.e.13900"}]}
RESULT: {}
RESULT: {"script":"<script> [8489 bytes]","args":[{"element-6066-11e4-a52e-4f735466cecf":"f.5A792F38359A1C743AD3061B3E5B94B4.d.4891C2D9B38BECBA6EDFD36ECC9C029D.e.13900","ELEMENT":"f.5A792F38359A1C743AD3061B3E5B94B4.d.4891C2D9B38BECBA6EDFD36ECC9C029D.e.13900"}]}
COMMAND: GET /session/a230b9fa5e58e47def27534e3d005bf9/screenshot - {}
RESULT: {}
COMMAND: POST /session/a230b9fa5e58e47def27534e3d005bf9/execute/sync - {"script":"<script> [8489 bytes]","args":[{"element-6066-11e4-a52e-4f735466cecf":"f.5A792F38359A1C743AD3061B3E5B94B4.d.4891C2D9B38BECBA6EDFD36ECC9C029D.e.13900","ELEMENT":"f.5A792F38359A1C743AD3061B3E5B94B4.d.4891C2D9B38BECBA6EDFD36ECC9C029D.e.13900"}]}
RESULT: {"script":"<script> [8489 bytes]","args":[{"element-6066-11e4-a52e-4f735466cecf":"f.5A792F38359A1C743AD3061B3E5B94B4.d.4891C2D9B38BECBA6EDFD36ECC9C029D.e.13900","ELEMENT":"f.5A792F38359A1C743AD3061B3E5B94B4.d.4891C2D9B38BECBA6EDFD36ECC9C029D.e.13900"}]}
COMMAND: GET /session/a230b9fa5e58e47def27534e3d005bf9/screenshot - {}
RESULT: {}
COMMAND: POST /session/a230b9fa5e58e47def27534e3d005bf9/execute/sync - {"script":"<script> [8489 bytes]","args":[{"element-6066-11e4-a52e-4f735466cecf":"f.5A792F38359A1C743AD3061B3E5B94B4.d.4891C2D9B38BECBA6EDFD36ECC9C029D.e.13900","ELEMENT":"f.5A792F38359A1C743AD3061B3E5B94B4.d.4891C2D9B38BECBA6EDFD36ECC9C029D.e.13900"}]}
RESULT: {"script":"<script> [8489 bytes]","args":[{"element-6066-11e4-a52e-4f735466cecf":"f.5A792F38359A1C743AD3061B3E5B94B4.d.4891C2D9B38BECBA6EDFD36ECC9C029D.e.13900","ELEMENT":"f.5A792F38359A1C743AD3061B3E5B94B4.d.4891C2D9B38BECBA6EDFD36ECC9C029D.e.13900"}]}
COMMAND: GET /session/a230b9fa5e58e47def27534e3d005bf9/screenshot - {}
RESULT: {}
COMMAND: POST /session/a230b9fa5e58e47def27534e3d005bf9/execute/sync - {"script":"<script> [8489 bytes]","args":[{"element-6066-11e4-a52e-4f735466cecf":"f.5A792F38359A1C743AD3061B3E5B94B4.d.4891C2D9B38BECBA6EDFD36ECC9C029D.e.13900","ELEMENT":"f.5A792F38359A1C743AD3061B3E5B94B4.d.4891C2D9B38BECBA6EDFD36ECC9C029D.e.13900"}]}
RESULT: {"script":"<script> [8489 bytes]","args":[{"element-6066-11e4-a52e-4f735466cecf":"f.5A792F38359A1C743AD3061B3E5B94B4.d.4891C2D9B38BECBA6EDFD36ECC9C029D.e.13900","ELEMENT":"f.5A792F38359A1C743AD3061B3E5B94B4.d.4891C2D9B38BECBA6EDFD36ECC9C029D.e.13900"}]}
COMMAND: GET /session/a230b9fa5e58e47def27534e3d005bf9/screenshot - {}
RESULT: {}
COMMAND: POST /session/a230b9fa5e58e47def27534e3d005bf9/execute/sync - {"script":"<script> [8489 bytes]","args":[{"element-6066-11e4-a52e-4f735466cecf":"f.5A792F38359A1C743AD3061B3E5B94B4.d.4891C2D9B38BECBA6EDFD36ECC9C029D.e.13900","ELEMENT":"f.5A792F38359A1C743AD3061B3E5B94B4.d.4891C2D9B38BECBA6EDFD36ECC9C029D.e.13900"}]}
RESULT: {"script":"<script> [8489 bytes]","args":[{"element-6066-11e4-a52e-4f735466cecf":"f.5A792F38359A1C743AD3061B3E5B94B4.d.4891C2D9B38BECBA6EDFD36ECC9C029D.e.13900","ELEMENT":"f.5A792F38359A1C743AD3061B3E5B94B4.d.4891C2D9B38BECBA6EDFD36ECC9C029D.e.13900"}]}
COMMAND: GET /session/a230b9fa5e58e47def27534e3d005bf9/screenshot - {}
RESULT: {}
COMMAND: POST /session/a230b9fa5e58e47def27534e3d005bf9/execute/sync - {"script":"<script> [8489 bytes]","args":[{"element-6066-11e4-a52e-4f735466cecf":"f.5A792F38359A1C743AD3061B3E5B94B4.d.4891C2D9B38BECBA6EDFD36ECC9C029D.e.13900","ELEMENT":"f.5A792F38359A1C743AD3061B3E5B94B4.d.4891C2D9B38BECBA6EDFD36ECC9C029D.e.13900"}]}
RESULT: {"script":"<script> [8489 bytes]","args":[{"element-6066-11e4-a52e-4f735466cecf":"f.5A792F38359A1C743AD3061B3E5B94B4.d.4891C2D9B38BECBA6EDFD36ECC9C029D.e.13900","ELEMENT":"f.5A792F38359A1C743AD3061B3E5B94B4.d.4891C2D9B38BECBA6EDFD36ECC9C029D.e.13900"}]}
COMMAND: GET /session/a230b9fa5e58e47def27534e3d005bf9/screenshot - {}
RESULT: {}
COMMAND: POST /session/a230b9fa5e58e47def27534e3d005bf9/execute/sync - {"script":"<script> [8489 bytes]","args":[{"element-6066-11e4-a52e-4f735466cecf":"f.5A792F38359A1C743AD3061B3E5B94B4.d.4891C2D9B38BECBA6EDFD36ECC9C029D.e.13900","ELEMENT":"f.5A792F38359A1C743AD3061B3E5B94B4.d.4891C2D9B38BECBA6EDFD36ECC9C029D.e.13900"}]}
RESULT: {"script":"<script> [8489 bytes]","args":[{"element-6066-11e4-a52e-4f735466cecf":"f.5A792F38359A1C743AD3061B3E5B94B4.d.4891C2D9B38BECBA6EDFD36ECC9C029D.e.13900","ELEMENT":"f.5A792F38359A1C743AD3061B3E5B94B4.d.4891C2D9B38BECBA6EDFD36ECC9C029D.e.13900"}]}
COMMAND: GET /session/a230b9fa5e58e47def27534e3d005bf9/screenshot - {}
RESULT: {}
COMMAND: POST /session/a230b9fa5e58e47def27534e3d005bf9/execute/sync - {"script":"<script> [8489 bytes]","args":[{"element-6066-11e4-a52e-4f735466cecf":"f.5A792F38359A1C743AD3061B3E5B94B4.d.4891C2D9B38BECBA6EDFD36ECC9C029D.e.13900","ELEMENT":"f.5A792F38359A1C743AD3061B3E5B94B4.d.4891C2D9B38BECBA6EDFD36ECC9C029D.e.13900"}]}
RESULT: {"script":"<script> [8489 bytes]","args":[{"element-6066-11e4-a52e-4f735466cecf":"f.5A792F38359A1C743AD3061B3E5B94B4.d.4891C2D9B38BECBA6EDFD36ECC9C029D.e.13900","ELEMENT":"f.5A792F38359A1C743AD3061B3E5B94B4.d.4891C2D9B38BECBA6EDFD36ECC9C029D.e.13900"}]}
COMMAND: GET /session/a230b9fa5e58e47def27534e3d005bf9/screenshot - {}
RESULT: {}
COMMAND: POST /session/a230b9fa5e58e47def27534e3d005bf9/execute/sync - {"script":"<script> [8489 bytes]","args":[{"element-6066-11e4-a52e-4f735466cecf":"f.5A792F38359A1C743AD3061B3E5B94B4.d.4891C2D9B38BECBA6EDFD36ECC9C029D.e.13900","ELEMENT":"f.5A792F38359A1C743AD3061B3E5B94B4.d.4891C2D9B38BECBA6EDFD36ECC9C029D.e.13900"}]}
RESULT: {"script":"<script> [8489 bytes]","args":[{"element-6066-11e4-a52e-4f735466cecf":"f.5A792F38359A1C743AD3061B3E5B94B4.d.4891C2D9B38BECBA6EDFD36ECC9C029D.e.13900","ELEMENT":"f.5A792F38359A1C743AD3061B3E5B94B4.d.4891C2D9B38BECBA6EDFD36ECC9C029D.e.13900"}]}
COMMAND: GET /session/a230b9fa5e58e47def27534e3d005bf9/screenshot - {}
RESULT: {}
COMMAND: POST /session/a230b9fa5e58e47def27534e3d005bf9/execute/sync - {"script":"<script> [8489 bytes]","args":[{"element-6066-11e4-a52e-4f735466cecf":"f.5A792F38359A1C743AD3061B3E5B94B4.d.4891C2D9B38BECBA6EDFD36ECC9C029D.e.13900","ELEMENT":"f.5A792F38359A1C743AD3061B3E5B94B4.d.4891C2D9B38BECBA6EDFD36ECC9C029D.e.13900"}]}
RESULT: {"script":"<script> [8489 bytes]","args":[{"element-6066-11e4-a52e-4f735466cecf":"f.5A792F38359A1C743AD3061B3E5B94B4.d.4891C2D9B38BECBA6EDFD36ECC9C029D.e.13900","ELEMENT":"f.5A792F38359A1C743AD3061B3E5B94B4.d.4891C2D9B38BECBA6EDFD36ECC9C029D.e.13900"}]}
COMMAND: GET /session/a230b9fa5e58e47def27534e3d005bf9/screenshot - {}
RESULT: {}
COMMAND: POST /session/a230b9fa5e58e47def27534e3d005bf9/execute/sync - {"script":"<script> [8489 bytes]","args":[{"element-6066-11e4-a52e-4f735466cecf":"f.5A792F38359A1C743AD3061B3E5B94B4.d.4891C2D9B38BECBA6EDFD36ECC9C029D.e.13900","ELEMENT":"f.5A792F38359A1C743AD3061B3E5B94B4.d.4891C2D9B38BECBA6EDFD36ECC9C029D.e.13900"}]}
RESULT: {"script":"<script> [8489 bytes]","args":[{"element-6066-11e4-a52e-4f735466cecf":"f.5A792F38359A1C743AD3061B3E5B94B4.d.4891C2D9B38BECBA6EDFD36ECC9C029D.e.13900","ELEMENT":"f.5A792F38359A1C743AD3061B3E5B94B4.d.4891C2D9B38BECBA6EDFD36ECC9C029D.e.13900"}]}
COMMAND: GET /session/a230b9fa5e58e47def27534e3d005bf9/screenshot - {}
RESULT: {}
COMMAND: POST /session/a230b9fa5e58e47def27534e3d005bf9/execute/sync - {"script":"<script> [8489 bytes]","args":[{"element-6066-11e4-a52e-4f735466cecf":"f.5A792F38359A1C743AD3061B3E5B94B4.d.4891C2D9B38BECBA6EDFD36ECC9C029D.e.13900","ELEMENT":"f.5A792F38359A1C743AD3061B3E5B94B4.d.4891C2D9B38BECBA6EDFD36ECC9C029D.e.13900"}]}
RESULT: {"script":"<script> [8489 bytes]","args":[{"element-6066-11e4-a52e-4f735466cecf":"f.5A792F38359A1C743AD3061B3E5B94B4.d.4891C2D9B38BECBA6EDFD36ECC9C029D.e.13900","ELEMENT":"f.5A792F38359A1C743AD3061B3E5B94B4.d.4891C2D9B38BECBA6EDFD36ECC9C029D.e.13900"}]}
COMMAND: GET /session/a230b9fa5e58e47def27534e3d005bf9/screenshot - {}
RESULT: {}
COMMAND: POST /session/a230b9fa5e58e47def27534e3d005bf9/execute/sync - {"script":"<script> [8489 bytes]","args":[{"element-6066-11e4-a52e-4f735466cecf":"f.5A792F38359A1C743AD3061B3E5B94B4.d.4891C2D9B38BECBA6EDFD36ECC9C029D.e.13900","ELEMENT":"f.5A792F38359A1C743AD3061B3E5B94B4.d.4891C2D9B38BECBA6EDFD36ECC9C029D.e.13900"}]}
RESULT: {"script":"<script> [8489 bytes]","args":[{"element-6066-11e4-a52e-4f735466cecf":"f.5A792F38359A1C743AD3061B3E5B94B4.d.4891C2D9B38BECBA6EDFD36ECC9C029D.e.13900","ELEMENT":"f.5A792F38359A1C743AD3061B3E5B94B4.d.4891C2D9B38BECBA6EDFD36ECC9C029D.e.13900"}]}
COMMAND: GET /session/a230b9fa5e58e47def27534e3d005bf9/screenshot - {}
RESULT: {}
COMMAND: POST /session/a230b9fa5e58e47def27534e3d005bf9/execute/sync - {"script":"<script> [8489 bytes]","args":[{"element-6066-11e4-a52e-4f735466cecf":"f.5A792F38359A1C743AD3061B3E5B94B4.d.4891C2D9B38BECBA6EDFD36ECC9C029D.e.13900","ELEMENT":"f.5A792F38359A1C743AD3061B3E5B94B4.d.4891C2D9B38BECBA6EDFD36ECC9C029D.e.13900"}]}
RESULT: {"script":"<script> [8489 bytes]","args":[{"element-6066-11e4-a52e-4f735466cecf":"f.5A792F38359A1C743AD3061B3E5B94B4.d.4891C2D9B38BECBA6EDFD36ECC9C029D.e.13900","ELEMENT":"f.5A792F38359A1C743AD3061B3E5B94B4.d.4891C2D9B38BECBA6EDFD36ECC9C029D.e.13900"}]}
COMMAND: GET /session/a230b9fa5e58e47def27534e3d005bf9/screenshot - {}
RESULT: {}
COMMAND: POST /session/a230b9fa5e58e47def27534e3d005bf9/execute/sync - {"script":"<script> [8489 bytes]","args":[{"element-6066-11e4-a52e-4f735466cecf":"f.5A792F38359A1C743AD3061B3E5B94B4.d.4891C2D9B38BECBA6EDFD36ECC9C029D.e.13900","ELEMENT":"f.5A792F38359A1C743AD3061B3E5B94B4.d.4891C2D9B38BECBA6EDFD36ECC9C029D.e.13900"}]}
RESULT: {"script":"<script> [8489 bytes]","args":[{"element-6066-11e4-a52e-4f735466cecf":"f.5A792F38359A1C743AD3061B3E5B94B4.d.4891C2D9B38BECBA6EDFD36ECC9C029D.e.13900","ELEMENT":"f.5A792F38359A1C743AD3061B3E5B94B4.d.4891C2D9B38BECBA6EDFD36ECC9C029D.e.13900"}]}
COMMAND: GET /session/a230b9fa5e58e47def27534e3d005bf9/screenshot - {}
RESULT: {}
COMMAND: POST /session/a230b9fa5e58e47def27534e3d005bf9/execute/sync - {"script":"<script> [8489 bytes]","args":[{"element-6066-11e4-a52e-4f735466cecf":"f.5A792F38359A1C743AD3061B3E5B94B4.d.4891C2D9B38BECBA6EDFD36ECC9C029D.e.13900","ELEMENT":"f.5A792F38359A1C743AD3061B3E5B94B4.d.4891C2D9B38BECBA6EDFD36ECC9C029D.e.13900"}]}
RESULT: {"script":"<script> [8489 bytes]","args":[{"element-6066-11e4-a52e-4f735466cecf":"f.5A792F38359A1C743AD3061B3E5B94B4.d.4891C2D9B38BECBA6EDFD36ECC9C029D.e.13900","ELEMENT":"f.5A792F38359A1C743AD3061B3E5B94B4.d.4891C2D9B38BECBA6EDFD36ECC9C029D.e.13900"}]}
COMMAND: GET /session/a230b9fa5e58e47def27534e3d005bf9/screenshot - {}
RESULT: {}
COMMAND: POST /session/a230b9fa5e58e47def27534e3d005bf9/execute/sync - {"script":"<script> [8489 bytes]","args":[{"element-6066-11e4-a52e-4f735466cecf":"f.5A792F38359A1C743AD3061B3E5B94B4.d.4891C2D9B38BECBA6EDFD36ECC9C029D.e.13900","ELEMENT":"f.5A792F38359A1C743AD3061B3E5B94B4.d.4891C2D9B38BECBA6EDFD36ECC9C029D.e.13900"}]}
RESULT: {"script":"<script> [8489 bytes]","args":[{"element-6066-11e4-a52e-4f735466cecf":"f.5A792F38359A1C743AD3061B3E5B94B4.d.4891C2D9B38BECBA6EDFD36ECC9C029D.e.13900","ELEMENT":"f.5A792F38359A1C743AD3061B3E5B94B4.d.4891C2D9B38BECBA6EDFD36ECC9C029D.e.13900"}]}
COMMAND: GET /session/a230b9fa5e58e47def27534e3d005bf9/screenshot - {}
RESULT: {}
COMMAND: POST /session/a230b9fa5e58e47def27534e3d005bf9/execute/sync - {"script":"<script> [8489 bytes]","args":[{"element-6066-11e4-a52e-4f735466cecf":"f.5A792F38359A1C743AD3061B3E5B94B4.d.4891C2D9B38BECBA6EDFD36ECC9C029D.e.13900","ELEMENT":"f.5A792F38359A1C743AD3061B3E5B94B4.d.4891C2D9B38BECBA6EDFD36ECC9C029D.e.13900"}]}
RESULT: {"script":"<script> [8489 bytes]","args":[{"element-6066-11e4-a52e-4f735466cecf":"f.5A792F38359A1C743AD3061B3E5B94B4.d.4891C2D9B38BECBA6EDFD36ECC9C029D.e.13900","ELEMENT":"f.5A792F38359A1C743AD3061B3E5B94B4.d.4891C2D9B38BECBA6EDFD36ECC9C029D.e.13900"}]}
COMMAND: GET /session/a230b9fa5e58e47def27534e3d005bf9/screenshot - {}
RESULT: {}
COMMAND: POST /session/a230b9fa5e58e47def27534e3d005bf9/execute/sync - {"script":"<script> [8489 bytes]","args":[{"element-6066-11e4-a52e-4f735466cecf":"f.5A792F38359A1C743AD3061B3E5B94B4.d.4891C2D9B38BECBA6EDFD36ECC9C029D.e.13900","ELEMENT":"f.5A792F38359A1C743AD3061B3E5B94B4.d.4891C2D9B38BECBA6EDFD36ECC9C029D.e.13900"}]}
RESULT: {"script":"<script> [8489 bytes]","args":[{"element-6066-11e4-a52e-4f735466cecf":"f.5A792F38359A1C743AD3061B3E5B94B4.d.4891C2D9B38BECBA6EDFD36ECC9C029D.e.13900","ELEMENT":"f.5A792F38359A1C743AD3061B3E5B94B4.d.4891C2D9B38BECBA6EDFD36ECC9C029D.e.13900"}]}
COMMAND: GET /session/a230b9fa5e58e47def27534e3d005bf9/screenshot - {}
RESULT: {}
COMMAND: POST /session/a230b9fa5e58e47def27534e3d005bf9/execute/sync - {"script":"<script> [8489 bytes]","args":[{"element-6066-11e4-a52e-4f735466cecf":"f.5A792F38359A1C743AD3061B3E5B94B4.d.4891C2D9B38BECBA6EDFD36ECC9C029D.e.13900","ELEMENT":"f.5A792F38359A1C743AD3061B3E5B94B4.d.4891C2D9B38BECBA6EDFD36ECC9C029D.e.13900"}]}
RESULT: {"script":"<script> [8489 bytes]","args":[{"element-6066-11e4-a52e-4f735466cecf":"f.5A792F38359A1C743AD3061B3E5B94B4.d.4891C2D9B38BECBA6EDFD36ECC9C029D.e.13900","ELEMENT":"f.5A792F38359A1C743AD3061B3E5B94B4.d.4891C2D9B38BECBA6EDFD36ECC9C029D.e.13900"}]}
COMMAND: GET /session/a230b9fa5e58e47def27534e3d005bf9/screenshot - {}
RESULT: {}
COMMAND: POST /session/a230b9fa5e58e47def27534e3d005bf9/execute/sync - {"script":"<script> [8489 bytes]","args":[{"element-6066-11e4-a52e-4f735466cecf":"f.5A792F38359A1C743AD3061B3E5B94B4.d.4891C2D9B38BECBA6EDFD36ECC9C029D.e.13900","ELEMENT":"f.5A792F38359A1C743AD3061B3E5B94B4.d.4891C2D9B38BECBA6EDFD36ECC9C029D.e.13900"}]}
RESULT: {"script":"<script> [8489 bytes]","args":[{"element-6066-11e4-a52e-4f735466cecf":"f.5A792F38359A1C743AD3061B3E5B94B4.d.4891C2D9B38BECBA6EDFD36ECC9C029D.e.13900","ELEMENT":"f.5A792F38359A1C743AD3061B3E5B94B4.d.4891C2D9B38BECBA6EDFD36ECC9C029D.e.13900"}]}
COMMAND: GET /session/a230b9fa5e58e47def27534e3d005bf9/screenshot - {}
RESULT: {}
COMMAND: POST /session/a230b9fa5e58e47def27534e3d005bf9/execute/sync - {"script":"<script> [8489 bytes]","args":[{"element-6066-11e4-a52e-4f735466cecf":"f.5A792F38359A1C743AD3061B3E5B94B4.d.4891C2D9B38BECBA6EDFD36ECC9C029D.e.13900","ELEMENT":"f.5A792F38359A1C743AD3061B3E5B94B4.d.4891C2D9B38BECBA6EDFD36ECC9C029D.e.13900"}]}
RESULT: {"script":"<script> [8489 bytes]","args":[{"element-6066-11e4-a52e-4f735466cecf":"f.5A792F38359A1C743AD3061B3E5B94B4.d.4891C2D9B38BECBA6EDFD36ECC9C029D.e.13900","ELEMENT":"f.5A792F38359A1C743AD3061B3E5B94B4.d.4891C2D9B38BECBA6EDFD36ECC9C029D.e.13900"}]}
COMMAND: GET /session/a230b9fa5e58e47def27534e3d005bf9/screenshot - {}
RESULT: {}
COMMAND: POST /session/a230b9fa5e58e47def27534e3d005bf9/execute/sync - {"script":"<script> [8489 bytes]","args":[{"element-6066-11e4-a52e-4f735466cecf":"f.5A792F38359A1C743AD3061B3E5B94B4.d.4891C2D9B38BECBA6EDFD36ECC9C029D.e.13900","ELEMENT":"f.5A792F38359A1C743AD3061B3E5B94B4.d.4891C2D9B38BECBA6EDFD36ECC9C029D.e.13900"}]}
RESULT: {"script":"<script> [8489 bytes]","args":[{"element-6066-11e4-a52e-4f735466cecf":"f.5A792F38359A1C743AD3061B3E5B94B4.d.4891C2D9B38BECBA6EDFD36ECC9C029D.e.13900","ELEMENT":"f.5A792F38359A1C743AD3061B3E5B94B4.d.4891C2D9B38BECBA6EDFD36ECC9C029D.e.13900"}]}
COMMAND: GET /session/a230b9fa5e58e47def27534e3d005bf9/screenshot - {}
RESULT: {}
COMMAND: POST /session/a230b9fa5e58e47def27534e3d005bf9/execute/sync - {"script":"<script> [8489 bytes]","args":[{"element-6066-11e4-a52e-4f735466cecf":"f.5A792F38359A1C743AD3061B3E5B94B4.d.4891C2D9B38BECBA6EDFD36ECC9C029D.e.13900","ELEMENT":"f.5A792F38359A1C743AD3061B3E5B94B4.d.4891C2D9B38BECBA6EDFD36ECC9C029D.e.13900"}]}
RESULT: {"script":"<script> [8489 bytes]","args":[{"element-6066-11e4-a52e-4f735466cecf":"f.5A792F38359A1C743AD3061B3E5B94B4.d.4891C2D9B38BECBA6EDFD36ECC9C029D.e.13900","ELEMENT":"f.5A792F38359A1C743AD3061B3E5B94B4.d.4891C2D9B38BECBA6EDFD36ECC9C029D.e.13900"}]}
COMMAND: GET /session/a230b9fa5e58e47def27534e3d005bf9/screenshot - {}
RESULT: {}
COMMAND: POST /session/a230b9fa5e58e47def27534e3d005bf9/execute/sync - {"script":"<script> [8489 bytes]","args":[{"element-6066-11e4-a52e-4f735466cecf":"f.5A792F38359A1C743AD3061B3E5B94B4.d.4891C2D9B38BECBA6EDFD36ECC9C029D.e.13900","ELEMENT":"f.5A792F38359A1C743AD3061B3E5B94B4.d.4891C2D9B38BECBA6EDFD36ECC9C029D.e.13900"}]}
RESULT: {"script":"<script> [8489 bytes]","args":[{"element-6066-11e4-a52e-4f735466cecf":"f.5A792F38359A1C743AD3061B3E5B94B4.d.4891C2D9B38BECBA6EDFD36ECC9C029D.e.13900","ELEMENT":"f.5A792F38359A1C743AD3061B3E5B94B4.d.4891C2D9B38BECBA6EDFD36ECC9C029D.e.13900"}]}
COMMAND: GET /session/a230b9fa5e58e47def27534e3d005bf9/screenshot - {}
RESULT: {}
COMMAND: POST /session/a230b9fa5e58e47def27534e3d005bf9/execute/sync - {"script":"<script> [8489 bytes]","args":[{"element-6066-11e4-a52e-4f735466cecf":"f.5A792F38359A1C743AD3061B3E5B94B4.d.4891C2D9B38BECBA6EDFD36ECC9C029D.e.13900","ELEMENT":"f.5A792F38359A1C743AD3061B3E5B94B4.d.4891C2D9B38BECBA6EDFD36ECC9C029D.e.13900"}]}
RESULT: {"script":"<script> [8489 bytes]","args":[{"element-6066-11e4-a52e-4f735466cecf":"f.5A792F38359A1C743AD3061B3E5B94B4.d.4891C2D9B38BECBA6EDFD36ECC9C029D.e.13900","ELEMENT":"f.5A792F38359A1C743AD3061B3E5B94B4.d.4891C2D9B38BECBA6EDFD36ECC9C029D.e.13900"}]}
COMMAND: GET /session/a230b9fa5e58e47def27534e3d005bf9/screenshot - {}
RESULT: {}
COMMAND: POST /session/a230b9fa5e58e47def27534e3d005bf9/execute/sync - {"script":"<script> [8489 bytes]","args":[{"element-6066-11e4-a52e-4f735466cecf":"f.5A792F38359A1C743AD3061B3E5B94B4.d.4891C2D9B38BECBA6EDFD36ECC9C029D.e.13900","ELEMENT":"f.5A792F38359A1C743AD3061B3E5B94B4.d.4891C2D9B38BECBA6EDFD36ECC9C029D.e.13900"}]}
RESULT: {"script":"<script> [8489 bytes]","args":[{"element-6066-11e4-a52e-4f735466cecf":"f.5A792F38359A1C743AD3061B3E5B94B4.d.4891C2D9B38BECBA6EDFD36ECC9C029D.e.13900","ELEMENT":"f.5A792F38359A1C743AD3061B3E5B94B4.d.4891C2D9B38BECBA6EDFD36ECC9C029D.e.13900"}]}
COMMAND: GET /session/a230b9fa5e58e47def27534e3d005bf9/screenshot - {}
RESULT: {}
COMMAND: POST /session/a230b9fa5e58e47def27534e3d005bf9/execute/sync - {"script":"<script> [8489 bytes]","args":[{"element-6066-11e4-a52e-4f735466cecf":"f.5A792F38359A1C743AD3061B3E5B94B4.d.4891C2D9B38BECBA6EDFD36ECC9C029D.e.13900","ELEMENT":"f.5A792F38359A1C743AD3061B3E5B94B4.d.4891C2D9B38BECBA6EDFD36ECC9C029D.e.13900"}]}
RESULT: {"script":"<script> [8489 bytes]","args":[{"element-6066-11e4-a52e-4f735466cecf":"f.5A792F38359A1C743AD3061B3E5B94B4.d.4891C2D9B38BECBA6EDFD36ECC9C029D.e.13900","ELEMENT":"f.5A792F38359A1C743AD3061B3E5B94B4.d.4891C2D9B38BECBA6EDFD36ECC9C029D.e.13900"}]}
COMMAND: GET /session/a230b9fa5e58e47def27534e3d005bf9/screenshot - {}
RESULT: {}
COMMAND: POST /session/a230b9fa5e58e47def27534e3d005bf9/execute/sync - {"script":"<script> [8489 bytes]","args":[{"element-6066-11e4-a52e-4f735466cecf":"f.5A792F38359A1C743AD3061B3E5B94B4.d.4891C2D9B38BECBA6EDFD36ECC9C029D.e.13900","ELEMENT":"f.5A792F38359A1C743AD3061B3E5B94B4.d.4891C2D9B38BECBA6EDFD36ECC9C029D.e.13900"}]}
RESULT: {"script":"<script> [8489 bytes]","args":[{"element-6066-11e4-a52e-4f735466cecf":"f.5A792F38359A1C743AD3061B3E5B94B4.d.4891C2D9B38BECBA6EDFD36ECC9C029D.e.13900","ELEMENT":"f.5A792F38359A1C743AD3061B3E5B94B4.d.4891C2D9B38BECBA6EDFD36ECC9C029D.e.13900"}]}
COMMAND: GET /session/a230b9fa5e58e47def27534e3d005bf9/screenshot - {}
RESULT: {}
COMMAND: POST /session/a230b9fa5e58e47def27534e3d005bf9/execute/sync - {"script":"<script> [8489 bytes]","args":[{"element-6066-11e4-a52e-4f735466cecf":"f.5A792F38359A1C743AD3061B3E5B94B4.d.4891C2D9B38BECBA6EDFD36ECC9C029D.e.13900","ELEMENT":"f.5A792F38359A1C743AD3061B3E5B94B4.d.4891C2D9B38BECBA6EDFD36ECC9C029D.e.13900"}]}
RESULT: {"script":"<script> [8489 bytes]","args":[{"element-6066-11e4-a52e-4f735466cecf":"f.5A792F38359A1C743AD3061B3E5B94B4.d.4891C2D9B38BECBA6EDFD36ECC9C029D.e.13900","ELEMENT":"f.5A792F38359A1C743AD3061B3E5B94B4.d.4891C2D9B38BECBA6EDFD36ECC9C029D.e.13900"}]}
COMMAND: GET /session/a230b9fa5e58e47def27534e3d005bf9/screenshot - {}
RESULT: {}
COMMAND: POST /session/a230b9fa5e58e47def27534e3d005bf9/execute/sync - {"script":"<script> [8489 bytes]","args":[{"element-6066-11e4-a52e-4f735466cecf":"f.5A792F38359A1C743AD3061B3E5B94B4.d.4891C2D9B38BECBA6EDFD36ECC9C029D.e.13900","ELEMENT":"f.5A792F38359A1C743AD3061B3E5B94B4.d.4891C2D9B38BECBA6EDFD36ECC9C029D.e.13900"}]}
RESULT: {"script":"<script> [8489 bytes]","args":[{"element-6066-11e4-a52e-4f735466cecf":"f.5A792F38359A1C743AD3061B3E5B94B4.d.4891C2D9B38BECBA6EDFD36ECC9C029D.e.13900","ELEMENT":"f.5A792F38359A1C743AD3061B3E5B94B4.d.4891C2D9B38BECBA6EDFD36ECC9C029D.e.13900"}]}
COMMAND: GET /session/a230b9fa5e58e47def27534e3d005bf9/screenshot - {}
RESULT: {}
COMMAND: POST /session/a230b9fa5e58e47def27534e3d005bf9/execute/sync - {"script":"<script> [8489 bytes]","args":[{"element-6066-11e4-a52e-4f735466cecf":"f.5A792F38359A1C743AD3061B3E5B94B4.d.4891C2D9B38BECBA6EDFD36ECC9C029D.e.13900","ELEMENT":"f.5A792F38359A1C743AD3061B3E5B94B4.d.4891C2D9B38BECBA6EDFD36ECC9C029D.e.13900"}]}
RESULT: {"script":"<script> [8489 bytes]","args":[{"element-6066-11e4-a52e-4f735466cecf":"f.5A792F38359A1C743AD3061B3E5B94B4.d.4891C2D9B38BECBA6EDFD36ECC9C029D.e.13900","ELEMENT":"f.5A792F38359A1C743AD3061B3E5B94B4.d.4891C2D9B38BECBA6EDFD36ECC9C029D.e.13900"}]}
COMMAND: GET /session/a230b9fa5e58e47def27534e3d005bf9/screenshot - {}
RESULT: {}
COMMAND: POST /session/a230b9fa5e58e47def27534e3d005bf9/execute/sync - {"script":"<script> [8489 bytes]","args":[{"element-6066-11e4-a52e-4f735466cecf":"f.5A792F38359A1C743AD3061B3E5B94B4.d.4891C2D9B38BECBA6EDFD36ECC9C029D.e.13900","ELEMENT":"f.5A792F38359A1C743AD3061B3E5B94B4.d.4891C2D9B38BECBA6EDFD36ECC9C029D.e.13900"}]}
RESULT: {"script":"<script> [8489 bytes]","args":[{"element-6066-11e4-a52e-4f735466cecf":"f.5A792F38359A1C743AD3061B3E5B94B4.d.4891C2D9B38BECBA6EDFD36ECC9C029D.e.13900","ELEMENT":"f.5A792F38359A1C743AD3061B3E5B94B4.d.4891C2D9B38BECBA6EDFD36ECC9C029D.e.13900"}]}
COMMAND: GET /session/a230b9fa5e58e47def27534e3d005bf9/screenshot - {}
RESULT: {}
COMMAND: POST /session/a230b9fa5e58e47def27534e3d005bf9/execute/sync - {"script":"<script> [8489 bytes]","args":[{"element-6066-11e4-a52e-4f735466cecf":"f.5A792F38359A1C743AD3061B3E5B94B4.d.4891C2D9B38BECBA6EDFD36ECC9C029D.e.13900","ELEMENT":"f.5A792F38359A1C743AD3061B3E5B94B4.d.4891C2D9B38BECBA6EDFD36ECC9C029D.e.13900"}]}
RESULT: {"script":"<script> [8489 bytes]","args":[{"element-6066-11e4-a52e-4f735466cecf":"f.5A792F38359A1C743AD3061B3E5B94B4.d.4891C2D9B38BECBA6EDFD36ECC9C029D.e.13900","ELEMENT":"f.5A792F38359A1C743AD3061B3E5B94B4.d.4891C2D9B38BECBA6EDFD36ECC9C029D.e.13900"}]}
COMMAND: GET /session/a230b9fa5e58e47def27534e3d005bf9/screenshot - {}
RESULT: {}
COMMAND: POST /session/a230b9fa5e58e47def27534e3d005bf9/execute/sync - {"script":"<script> [8489 bytes]","args":[{"element-6066-11e4-a52e-4f735466cecf":"f.5A792F38359A1C743AD3061B3E5B94B4.d.4891C2D9B38BECBA6EDFD36ECC9C029D.e.13900","ELEMENT":"f.5A792F38359A1C743AD3061B3E5B94B4.d.4891C2D9B38BECBA6EDFD36ECC9C029D.e.13900"}]}
RESULT: {"script":"<script> [8489 bytes]","args":[{"element-6066-11e4-a52e-4f735466cecf":"f.5A792F38359A1C743AD3061B3E5B94B4.d.4891C2D9B38BECBA6EDFD36ECC9C029D.e.13900","ELEMENT":"f.5A792F38359A1C743AD3061B3E5B94B4.d.4891C2D9B38BECBA6EDFD36ECC9C029D.e.13900"}]}
COMMAND: GET /session/a230b9fa5e58e47def27534e3d005bf9/screenshot - {}
RESULT: {}
COMMAND: POST /session/a230b9fa5e58e47def27534e3d005bf9/execute/sync - {"script":"<script> [8489 bytes]","args":[{"element-6066-11e4-a52e-4f735466cecf":"f.5A792F38359A1C743AD3061B3E5B94B4.d.4891C2D9B38BECBA6EDFD36ECC9C029D.e.13900","ELEMENT":"f.5A792F38359A1C743AD3061B3E5B94B4.d.4891C2D9B38BECBA6EDFD36ECC9C029D.e.13900"}]}
RESULT: {"script":"<script> [8489 bytes]","args":[{"element-6066-11e4-a52e-4f735466cecf":"f.5A792F38359A1C743AD3061B3E5B94B4.d.4891C2D9B38BECBA6EDFD36ECC9C029D.e.13900","ELEMENT":"f.5A792F38359A1C743AD3061B3E5B94B4.d.4891C2D9B38BECBA6EDFD36ECC9C029D.e.13900"}]}
COMMAND: GET /session/a230b9fa5e58e47def27534e3d005bf9/screenshot - {}
RESULT: {}
COMMAND: POST /session/a230b9fa5e58e47def27534e3d005bf9/execute/sync - {"script":"<script> [8489 bytes]","args":[{"element-6066-11e4-a52e-4f735466cecf":"f.5A792F38359A1C743AD3061B3E5B94B4.d.4891C2D9B38BECBA6EDFD36ECC9C029D.e.13900","ELEMENT":"f.5A792F38359A1C743AD3061B3E5B94B4.d.4891C2D9B38BECBA6EDFD36ECC9C029D.e.13900"}]}
RESULT: {"script":"<script> [8489 bytes]","args":[{"element-6066-11e4-a52e-4f735466cecf":"f.5A792F38359A1C743AD3061B3E5B94B4.d.4891C2D9B38BECBA6EDFD36ECC9C029D.e.13900","ELEMENT":"f.5A792F38359A1C743AD3061B3E5B94B4.d.4891C2D9B38BECBA6EDFD36ECC9C029D.e.13900"}]}
COMMAND: GET /session/a230b9fa5e58e47def27534e3d005bf9/screenshot - {}
RESULT: {}
COMMAND: POST /session/a230b9fa5e58e47def27534e3d005bf9/execute/sync - {"script":"<script> [8489 bytes]","args":[{"element-6066-11e4-a52e-4f735466cecf":"f.5A792F38359A1C743AD3061B3E5B94B4.d.4891C2D9B38BECBA6EDFD36ECC9C029D.e.13900","ELEMENT":"f.5A792F38359A1C743AD3061B3E5B94B4.d.4891C2D9B38BECBA6EDFD36ECC9C029D.e.13900"}]}
RESULT: {"script":"<script> [8489 bytes]","args":[{"element-6066-11e4-a52e-4f735466cecf":"f.5A792F38359A1C743AD3061B3E5B94B4.d.4891C2D9B38BECBA6EDFD36ECC9C029D.e.13900","ELEMENT":"f.5A792F38359A1C743AD3061B3E5B94B4.d.4891C2D9B38BECBA6EDFD36ECC9C029D.e.13900"}]}
COMMAND: GET /session/a230b9fa5e58e47def27534e3d005bf9/screenshot - {}
RESULT: {}
COMMAND: POST /session/a230b9fa5e58e47def27534e3d005bf9/execute/sync - {"script":"<script> [8489 bytes]","args":[{"element-6066-11e4-a52e-4f735466cecf":"f.5A792F38359A1C743AD3061B3E5B94B4.d.4891C2D9B38BECBA6EDFD36ECC9C029D.e.13900","ELEMENT":"f.5A792F38359A1C743AD3061B3E5B94B4.d.4891C2D9B38BECBA6EDFD36ECC9C029D.e.13900"}]}
RESULT: {"script":"<script> [8489 bytes]","args":[{"element-6066-11e4-a52e-4f735466cecf":"f.5A792F38359A1C743AD3061B3E5B94B4.d.4891C2D9B38BECBA6EDFD36ECC9C029D.e.13900","ELEMENT":"f.5A792F38359A1C743AD3061B3E5B94B4.d.4891C2D9B38BECBA6EDFD36ECC9C029D.e.13900"}]}
COMMAND: GET /session/a230b9fa5e58e47def27534e3d005bf9/screenshot - {}
RESULT: {}
COMMAND: POST /session/a230b9fa5e58e47def27534e3d005bf9/execute/sync - {"script":"<script> [8489 bytes]","args":[{"element-6066-11e4-a52e-4f735466cecf":"f.5A792F38359A1C743AD3061B3E5B94B4.d.4891C2D9B38BECBA6EDFD36ECC9C029D.e.13900","ELEMENT":"f.5A792F38359A1C743AD3061B3E5B94B4.d.4891C2D9B38BECBA6EDFD36ECC9C029D.e.13900"}]}
RESULT: {"script":"<script> [8489 bytes]","args":[{"element-6066-11e4-a52e-4f735466cecf":"f.5A792F38359A1C743AD3061B3E5B94B4.d.4891C2D9B38BECBA6EDFD36ECC9C029D.e.13900","ELEMENT":"f.5A792F38359A1C743AD3061B3E5B94B4.d.4891C2D9B38BECBA6EDFD36ECC9C029D.e.13900"}]}
COMMAND: GET /session/a230b9fa5e58e47def27534e3d005bf9/screenshot - {}
RESULT: {}
COMMAND: POST /session/a230b9fa5e58e47def27534e3d005bf9/execute/sync - {"script":"<script> [8489 bytes]","args":[{"element-6066-11e4-a52e-4f735466cecf":"f.5A792F38359A1C743AD3061B3E5B94B4.d.4891C2D9B38BECBA6EDFD36ECC9C029D.e.13900","ELEMENT":"f.5A792F38359A1C743AD3061B3E5B94B4.d.4891C2D9B38BECBA6EDFD36ECC9C029D.e.13900"}]}
RESULT: {"script":"<script> [8489 bytes]","args":[{"element-6066-11e4-a52e-4f735466cecf":"f.5A792F38359A1C743AD3061B3E5B94B4.d.4891C2D9B38BECBA6EDFD36ECC9C029D.e.13900","ELEMENT":"f.5A792F38359A1C743AD3061B3E5B94B4.d.4891C2D9B38BECBA6EDFD36ECC9C029D.e.13900"}]}
COMMAND: GET /session/a230b9fa5e58e47def27534e3d005bf9/screenshot - {}
RESULT: {}
COMMAND: POST /session/a230b9fa5e58e47def27534e3d005bf9/execute/sync - {"script":"<script> [8489 bytes]","args":[{"element-6066-11e4-a52e-4f735466cecf":"f.5A792F38359A1C743AD3061B3E5B94B4.d.4891C2D9B38BECBA6EDFD36ECC9C029D.e.13900","ELEMENT":"f.5A792F38359A1C743AD3061B3E5B94B4.d.4891C2D9B38BECBA6EDFD36ECC9C029D.e.13900"}]}
RESULT: {"script":"<script> [8489 bytes]","args":[{"element-6066-11e4-a52e-4f735466cecf":"f.5A792F38359A1C743AD3061B3E5B94B4.d.4891C2D9B38BECBA6EDFD36ECC9C029D.e.13900","ELEMENT":"f.5A792F38359A1C743AD3061B3E5B94B4.d.4891C2D9B38BECBA6EDFD36ECC9C029D.e.13900"}]}
COMMAND: GET /session/a230b9fa5e58e47def27534e3d005bf9/screenshot - {}
RESULT: {}
COMMAND: POST /session/a230b9fa5e58e47def27534e3d005bf9/execute/sync - {"script":"<script> [8489 bytes]","args":[{"element-6066-11e4-a52e-4f735466cecf":"f.5A792F38359A1C743AD3061B3E5B94B4.d.4891C2D9B38BECBA6EDFD36ECC9C029D.e.13900","ELEMENT":"f.5A792F38359A1C743AD3061B3E5B94B4.d.4891C2D9B38BECBA6EDFD36ECC9C029D.e.13900"}]}
RESULT: {"script":"<script> [8489 bytes]","args":[{"element-6066-11e4-a52e-4f735466cecf":"f.5A792F38359A1C743AD3061B3E5B94B4.d.4891C2D9B38BECBA6EDFD36ECC9C029D.e.13900","ELEMENT":"f.5A792F38359A1C743AD3061B3E5B94B4.d.4891C2D9B38BECBA6EDFD36ECC9C029D.e.13900"}]}
COMMAND: GET /session/a230b9fa5e58e47def27534e3d005bf9/screenshot - {}
RESULT: {}
COMMAND: POST /session/a230b9fa5e58e47def27534e3d005bf9/execute/sync - {"script":"<script> [8489 bytes]","args":[{"element-6066-11e4-a52e-4f735466cecf":"f.5A792F38359A1C743AD3061B3E5B94B4.d.4891C2D9B38BECBA6EDFD36ECC9C029D.e.13900","ELEMENT":"f.5A792F38359A1C743AD3061B3E5B94B4.d.4891C2D9B38BECBA6EDFD36ECC9C029D.e.13900"}]}
RESULT: {"script":"<script> [8489 bytes]","args":[{"element-6066-11e4-a52e-4f735466cecf":"f.5A792F38359A1C743AD3061B3E5B94B4.d.4891C2D9B38BECBA6EDFD36ECC9C029D.e.13900","ELEMENT":"f.5A792F38359A1C743AD3061B3E5B94B4.d.4891C2D9B38BECBA6EDFD36ECC9C029D.e.13900"}]}
COMMAND: GET /session/a230b9fa5e58e47def27534e3d005bf9/screenshot - {}
RESULT: {}
COMMAND: POST /session/a230b9fa5e58e47def27534e3d005bf9/execute/sync - {"script":"<script> [8489 bytes]","args":[{"element-6066-11e4-a52e-4f735466cecf":"f.5A792F38359A1C743AD3061B3E5B94B4.d.4891C2D9B38BECBA6EDFD36ECC9C029D.e.13900","ELEMENT":"f.5A792F38359A1C743AD3061B3E5B94B4.d.4891C2D9B38BECBA6EDFD36ECC9C029D.e.13900"}]}
RESULT: {"script":"<script> [8489 bytes]","args":[{"element-6066-11e4-a52e-4f735466cecf":"f.5A792F38359A1C743AD3061B3E5B94B4.d.4891C2D9B38BECBA6EDFD36ECC9C029D.e.13900","ELEMENT":"f.5A792F38359A1C743AD3061B3E5B94B4.d.4891C2D9B38BECBA6EDFD36ECC9C029D.e.13900"}]}
COMMAND: GET /session/a230b9fa5e58e47def27534e3d005bf9/screenshot - {}
RESULT: {}
COMMAND: POST /session/a230b9fa5e58e47def27534e3d005bf9/execute/sync - {"script":"<script> [8489 bytes]","args":[{"element-6066-11e4-a52e-4f735466cecf":"f.5A792F38359A1C743AD3061B3E5B94B4.d.4891C2D9B38BECBA6EDFD36ECC9C029D.e.13900","ELEMENT":"f.5A792F38359A1C743AD3061B3E5B94B4.d.4891C2D9B38BECBA6EDFD36ECC9C029D.e.13900"}]}
RESULT: {"script":"<script> [8489 bytes]","args":[{"element-6066-11e4-a52e-4f735466cecf":"f.5A792F38359A1C743AD3061B3E5B94B4.d.4891C2D9B38BECBA6EDFD36ECC9C029D.e.13900","ELEMENT":"f.5A792F38359A1C743AD3061B3E5B94B4.d.4891C2D9B38BECBA6EDFD36ECC9C029D.e.13900"}]}
COMMAND: GET /session/a230b9fa5e58e47def27534e3d005bf9/screenshot - {}
RESULT: {}
COMMAND: POST /session/a230b9fa5e58e47def27534e3d005bf9/execute/sync - {"script":"<script> [8489 bytes]","args":[{"element-6066-11e4-a52e-4f735466cecf":"f.5A792F38359A1C743AD3061B3E5B94B4.d.4891C2D9B38BECBA6EDFD36ECC9C029D.e.13900","ELEMENT":"f.5A792F38359A1C743AD3061B3E5B94B4.d.4891C2D9B38BECBA6EDFD36ECC9C029D.e.13900"}]}
RESULT: {"script":"<script> [8489 bytes]","args":[{"element-6066-11e4-a52e-4f735466cecf":"f.5A792F38359A1C743AD3061B3E5B94B4.d.4891C2D9B38BECBA6EDFD36ECC9C029D.e.13900","ELEMENT":"f.5A792F38359A1C743AD3061B3E5B94B4.d.4891C2D9B38BECBA6EDFD36ECC9C029D.e.13900"}]}
COMMAND: GET /session/a230b9fa5e58e47def27534e3d005bf9/screenshot - {}
RESULT: {}
COMMAND: POST /session/a230b9fa5e58e47def27534e3d005bf9/execute/sync - {"script":"<script> [8489 bytes]","args":[{"element-6066-11e4-a52e-4f735466cecf":"f.5A792F38359A1C743AD3061B3E5B94B4.d.4891C2D9B38BECBA6EDFD36ECC9C029D.e.13900","ELEMENT":"f.5A792F38359A1C743AD3061B3E5B94B4.d.4891C2D9B38BECBA6EDFD36ECC9C029D.e.13900"}]}
RESULT: {"script":"<script> [8489 bytes]","args":[{"element-6066-11e4-a52e-4f735466cecf":"f.5A792F38359A1C743AD3061B3E5B94B4.d.4891C2D9B38BECBA6EDFD36ECC9C029D.e.13900","ELEMENT":"f.5A792F38359A1C743AD3061B3E5B94B4.d.4891C2D9B38BECBA6EDFD36ECC9C029D.e.13900"}]}
COMMAND: GET /session/a230b9fa5e58e47def27534e3d005bf9/screenshot - {}
RESULT: {}
COMMAND: POST /session/a230b9fa5e58e47def27534e3d005bf9/execute/sync - {"script":"<script> [8489 bytes]","args":[{"element-6066-11e4-a52e-4f735466cecf":"f.5A792F38359A1C743AD3061B3E5B94B4.d.4891C2D9B38BECBA6EDFD36ECC9C029D.e.13900","ELEMENT":"f.5A792F38359A1C743AD3061B3E5B94B4.d.4891C2D9B38BECBA6EDFD36ECC9C029D.e.13900"}]}
RESULT: {"script":"<script> [8489 bytes]","args":[{"element-6066-11e4-a52e-4f735466cecf":"f.5A792F38359A1C743AD3061B3E5B94B4.d.4891C2D9B38BECBA6EDFD36ECC9C029D.e.13900","ELEMENT":"f.5A792F38359A1C743AD3061B3E5B94B4.d.4891C2D9B38BECBA6EDFD36ECC9C029D.e.13900"}]}
COMMAND: GET /session/a230b9fa5e58e47def27534e3d005bf9/screenshot - {}
RESULT: {}
COMMAND: POST /session/a230b9fa5e58e47def27534e3d005bf9/execute/sync - {"script":"<script> [8489 bytes]","args":[{"element-6066-11e4-a52e-4f735466cecf":"f.5A792F38359A1C743AD3061B3E5B94B4.d.4891C2D9B38BECBA6EDFD36ECC9C029D.e.13900","ELEMENT":"f.5A792F38359A1C743AD3061B3E5B94B4.d.4891C2D9B38BECBA6EDFD36ECC9C029D.e.13900"}]}
RESULT: {"script":"<script> [8489 bytes]","args":[{"element-6066-11e4-a52e-4f735466cecf":"f.5A792F38359A1C743AD3061B3E5B94B4.d.4891C2D9B38BECBA6EDFD36ECC9C029D.e.13900","ELEMENT":"f.5A792F38359A1C743AD3061B3E5B94B4.d.4891C2D9B38BECBA6EDFD36ECC9C029D.e.13900"}]}
COMMAND: GET /session/a230b9fa5e58e47def27534e3d005bf9/screenshot - {}
RESULT: {}
COMMAND: POST /session/a230b9fa5e58e47def27534e3d005bf9/execute/sync - {"script":"<script> [8489 bytes]","args":[{"element-6066-11e4-a52e-4f735466cecf":"f.5A792F38359A1C743AD3061B3E5B94B4.d.4891C2D9B38BECBA6EDFD36ECC9C029D.e.13900","ELEMENT":"f.5A792F38359A1C743AD3061B3E5B94B4.d.4891C2D9B38BECBA6EDFD36ECC9C029D.e.13900"}]}
RESULT: {"script":"<script> [8489 bytes]","args":[{"element-6066-11e4-a52e-4f735466cecf":"f.5A792F38359A1C743AD3061B3E5B94B4.d.4891C2D9B38BECBA6EDFD36ECC9C029D.e.13900","ELEMENT":"f.5A792F38359A1C743AD3061B3E5B94B4.d.4891C2D9B38BECBA6EDFD36ECC9C029D.e.13900"}]}
COMMAND: GET /session/a230b9fa5e58e47def27534e3d005bf9/screenshot - {}
RESULT: {}
COMMAND: POST /session/a230b9fa5e58e47def27534e3d005bf9/execute/sync - {"script":"<script> [8489 bytes]","args":[{"element-6066-11e4-a52e-4f735466cecf":"f.5A792F38359A1C743AD3061B3E5B94B4.d.4891C2D9B38BECBA6EDFD36ECC9C029D.e.13900","ELEMENT":"f.5A792F38359A1C743AD3061B3E5B94B4.d.4891C2D9B38BECBA6EDFD36ECC9C029D.e.13900"}]}
RESULT: {"script":"<script> [8489 bytes]","args":[{"element-6066-11e4-a52e-4f735466cecf":"f.5A792F38359A1C743AD3061B3E5B94B4.d.4891C2D9B38BECBA6EDFD36ECC9C029D.e.13900","ELEMENT":"f.5A792F38359A1C743AD3061B3E5B94B4.d.4891C2D9B38BECBA6EDFD36ECC9C029D.e.13900"}]}
COMMAND: GET /session/a230b9fa5e58e47def27534e3d005bf9/screenshot - {}
RESULT: {}
COMMAND: POST /session/a230b9fa5e58e47def27534e3d005bf9/execute/sync - {"script":"<script> [8489 bytes]","args":[{"element-6066-11e4-a52e-4f735466cecf":"f.5A792F38359A1C743AD3061B3E5B94B4.d.4891C2D9B38BECBA6EDFD36ECC9C029D.e.13900","ELEMENT":"f.5A792F38359A1C743AD3061B3E5B94B4.d.4891C2D9B38BECBA6EDFD36ECC9C029D.e.13900"}]}
RESULT: {"script":"<script> [8489 bytes]","args":[{"element-6066-11e4-a52e-4f735466cecf":"f.5A792F38359A1C743AD3061B3E5B94B4.d.4891C2D9B38BECBA6EDFD36ECC9C029D.e.13900","ELEMENT":"f.5A792F38359A1C743AD3061B3E5B94B4.d.4891C2D9B38BECBA6EDFD36ECC9C029D.e.13900"}]}
COMMAND: GET /session/a230b9fa5e58e47def27534e3d005bf9/screenshot - {}
RESULT: {}
COMMAND: POST /session/a230b9fa5e58e47def27534e3d005bf9/execute/sync - {"script":"<script> [8489 bytes]","args":[{"element-6066-11e4-a52e-4f735466cecf":"f.5A792F38359A1C743AD3061B3E5B94B4.d.4891C2D9B38BECBA6EDFD36ECC9C029D.e.13900","ELEMENT":"f.5A792F38359A1C743AD3061B3E5B94B4.d.4891C2D9B38BECBA6EDFD36ECC9C029D.e.13900"}]}
RESULT: {"script":"<script> [8489 bytes]","args":[{"element-6066-11e4-a52e-4f735466cecf":"f.5A792F38359A1C743AD3061B3E5B94B4.d.4891C2D9B38BECBA6EDFD36ECC9C029D.e.13900","ELEMENT":"f.5A792F38359A1C743AD3061B3E5B94B4.d.4891C2D9B38BECBA6EDFD36ECC9C029D.e.13900"}]}
COMMAND: GET /session/a230b9fa5e58e47def27534e3d005bf9/screenshot - {}
RESULT: {}
COMMAND: POST /session/a230b9fa5e58e47def27534e3d005bf9/execute/sync - {"script":"<script> [8489 bytes]","args":[{"element-6066-11e4-a52e-4f735466cecf":"f.5A792F38359A1C743AD3061B3E5B94B4.d.4891C2D9B38BECBA6EDFD36ECC9C029D.e.13900","ELEMENT":"f.5A792F38359A1C743AD3061B3E5B94B4.d.4891C2D9B38BECBA6EDFD36ECC9C029D.e.13900"}]}
RESULT: {"script":"<script> [8489 bytes]","args":[{"element-6066-11e4-a52e-4f735466cecf":"f.5A792F38359A1C743AD3061B3E5B94B4.d.4891C2D9B38BECBA6EDFD36ECC9C029D.e.13900","ELEMENT":"f.5A792F38359A1C743AD3061B3E5B94B4.d.4891C2D9B38BECBA6EDFD36ECC9C029D.e.13900"}]}
COMMAND: GET /session/a230b9fa5e58e47def27534e3d005bf9/screenshot - {}
RESULT: {}
COMMAND: POST /session/a230b9fa5e58e47def27534e3d005bf9/execute/sync - {"script":"<script> [8489 bytes]","args":[{"element-6066-11e4-a52e-4f735466cecf":"f.5A792F38359A1C743AD3061B3E5B94B4.d.4891C2D9B38BECBA6EDFD36ECC9C029D.e.13900","ELEMENT":"f.5A792F38359A1C743AD3061B3E5B94B4.d.4891C2D9B38BECBA6EDFD36ECC9C029D.e.13900"}]}
RESULT: {"script":"<script> [8489 bytes]","args":[{"element-6066-11e4-a52e-4f735466cecf":"f.5A792F38359A1C743AD3061B3E5B94B4.d.4891C2D9B38BECBA6EDFD36ECC9C029D.e.13900","ELEMENT":"f.5A792F38359A1C743AD3061B3E5B94B4.d.4891C2D9B38BECBA6EDFD36ECC9C029D.e.13900"}]}
COMMAND: GET /session/a230b9fa5e58e47def27534e3d005bf9/screenshot - {}
RESULT: {}
COMMAND: POST /session/a230b9fa5e58e47def27534e3d005bf9/execute/sync - {"script":"<script> [8489 bytes]","args":[{"element-6066-11e4-a52e-4f735466cecf":"f.5A792F38359A1C743AD3061B3E5B94B4.d.4891C2D9B38BECBA6EDFD36ECC9C029D.e.13900","ELEMENT":"f.5A792F38359A1C743AD3061B3E5B94B4.d.4891C2D9B38BECBA6EDFD36ECC9C029D.e.13900"}]}
RESULT: {"script":"<script> [8489 bytes]","args":[{"element-6066-11e4-a52e-4f735466cecf":"f.5A792F38359A1C743AD3061B3E5B94B4.d.4891C2D9B38BECBA6EDFD36ECC9C029D.e.13900","ELEMENT":"f.5A792F38359A1C743AD3061B3E5B94B4.d.4891C2D9B38BECBA6EDFD36ECC9C029D.e.13900"}]}
COMMAND: GET /session/a230b9fa5e58e47def27534e3d005bf9/screenshot - {}
RESULT: {}
COMMAND: POST /session/a230b9fa5e58e47def27534e3d005bf9/execute/sync - {"script":"<script> [8489 bytes]","args":[{"element-6066-11e4-a52e-4f735466cecf":"f.5A792F38359A1C743AD3061B3E5B94B4.d.4891C2D9B38BECBA6EDFD36ECC9C029D.e.13900","ELEMENT":"f.5A792F38359A1C743AD3061B3E5B94B4.d.4891C2D9B38BECBA6EDFD36ECC9C029D.e.13900"}]}
RESULT: {"script":"<script> [8489 bytes]","args":[{"element-6066-11e4-a52e-4f735466cecf":"f.5A792F38359A1C743AD3061B3E5B94B4.d.4891C2D9B38BECBA6EDFD36ECC9C029D.e.13900","ELEMENT":"f.5A792F38359A1C743AD3061B3E5B94B4.d.4891C2D9B38BECBA6EDFD36ECC9C029D.e.13900"}]}
COMMAND: GET /session/a230b9fa5e58e47def27534e3d005bf9/screenshot - {}
RESULT: {}
COMMAND: POST /session/a230b9fa5e58e47def27534e3d005bf9/execute/sync - {"script":"<script> [8489 bytes]","args":[{"element-6066-11e4-a52e-4f735466cecf":"f.5A792F38359A1C743AD3061B3E5B94B4.d.4891C2D9B38BECBA6EDFD36ECC9C029D.e.13900","ELEMENT":"f.5A792F38359A1C743AD3061B3E5B94B4.d.4891C2D9B38BECBA6EDFD36ECC9C029D.e.13900"}]}
RESULT: {"script":"<script> [8489 bytes]","args":[{"element-6066-11e4-a52e-4f735466cecf":"f.5A792F38359A1C743AD3061B3E5B94B4.d.4891C2D9B38BECBA6EDFD36ECC9C029D.e.13900","ELEMENT":"f.5A792F38359A1C743AD3061B3E5B94B4.d.4891C2D9B38BECBA6EDFD36ECC9C029D.e.13900"}]}
COMMAND: GET /session/a230b9fa5e58e47def27534e3d005bf9/screenshot - {}
RESULT: {}
COMMAND: POST /session/a230b9fa5e58e47def27534e3d005bf9/execute/sync - {"script":"<script> [8489 bytes]","args":[{"element-6066-11e4-a52e-4f735466cecf":"f.5A792F38359A1C743AD3061B3E5B94B4.d.4891C2D9B38BECBA6EDFD36ECC9C029D.e.13900","ELEMENT":"f.5A792F38359A1C743AD3061B3E5B94B4.d.4891C2D9B38BECBA6EDFD36ECC9C029D.e.13900"}]}
RESULT: {"script":"<script> [8489 bytes]","args":[{"element-6066-11e4-a52e-4f735466cecf":"f.5A792F38359A1C743AD3061B3E5B94B4.d.4891C2D9B38BECBA6EDFD36ECC9C029D.e.13900","ELEMENT":"f.5A792F38359A1C743AD3061B3E5B94B4.d.4891C2D9B38BECBA6EDFD36ECC9C029D.e.13900"}]}
COMMAND: GET /session/a230b9fa5e58e47def27534e3d005bf9/screenshot - {}
RESULT: {}
COMMAND: POST /session/a230b9fa5e58e47def27534e3d005bf9/execute/sync - {"script":"<script> [8489 bytes]","args":[{"element-6066-11e4-a52e-4f735466cecf":"f.5A792F38359A1C743AD3061B3E5B94B4.d.4891C2D9B38BECBA6EDFD36ECC9C029D.e.13900","ELEMENT":"f.5A792F38359A1C743AD3061B3E5B94B4.d.4891C2D9B38BECBA6EDFD36ECC9C029D.e.13900"}]}
RESULT: {"script":"<script> [8489 bytes]","args":[{"element-6066-11e4-a52e-4f735466cecf":"f.5A792F38359A1C743AD3061B3E5B94B4.d.4891C2D9B38BECBA6EDFD36ECC9C029D.e.13900","ELEMENT":"f.5A792F38359A1C743AD3061B3E5B94B4.d.4891C2D9B38BECBA6EDFD36ECC9C029D.e.13900"}]}
COMMAND: GET /session/a230b9fa5e58e47def27534e3d005bf9/screenshot - {}
RESULT: {}
COMMAND: POST /session/a230b9fa5e58e47def27534e3d005bf9/execute/sync - {"script":"<script> [8489 bytes]","args":[{"element-6066-11e4-a52e-4f735466cecf":"f.5A792F38359A1C743AD3061B3E5B94B4.d.4891C2D9B38BECBA6EDFD36ECC9C029D.e.13900","ELEMENT":"f.5A792F38359A1C743AD3061B3E5B94B4.d.4891C2D9B38BECBA6EDFD36ECC9C029D.e.13900"}]}
RESULT: {"script":"<script> [8489 bytes]","args":[{"element-6066-11e4-a52e-4f735466cecf":"f.5A792F38359A1C743AD3061B3E5B94B4.d.4891C2D9B38BECBA6EDFD36ECC9C029D.e.13900","ELEMENT":"f.5A792F38359A1C743AD3061B3E5B94B4.d.4891C2D9B38BECBA6EDFD36ECC9C029D.e.13900"}]}
COMMAND: GET /session/a230b9fa5e58e47def27534e3d005bf9/screenshot - {}
RESULT: {}
COMMAND: POST /session/a230b9fa5e58e47def27534e3d005bf9/execute/sync - {"script":"<script> [8489 bytes]","args":[{"element-6066-11e4-a52e-4f735466cecf":"f.5A792F38359A1C743AD3061B3E5B94B4.d.4891C2D9B38BECBA6EDFD36ECC9C029D.e.13900","ELEMENT":"f.5A792F38359A1C743AD3061B3E5B94B4.d.4891C2D9B38BECBA6EDFD36ECC9C029D.e.13900"}]}
RESULT: {"script":"<script> [8489 bytes]","args":[{"element-6066-11e4-a52e-4f735466cecf":"f.5A792F38359A1C743AD3061B3E5B94B4.d.4891C2D9B38BECBA6EDFD36ECC9C029D.e.13900","ELEMENT":"f.5A792F38359A1C743AD3061B3E5B94B4.d.4891C2D9B38BECBA6EDFD36ECC9C029D.e.13900"}]}
COMMAND: GET /session/a230b9fa5e58e47def27534e3d005bf9/screenshot - {}
RESULT: {}
COMMAND: POST /session/a230b9fa5e58e47def27534e3d005bf9/execute/sync - {"script":"<script> [8489 bytes]","args":[{"element-6066-11e4-a52e-4f735466cecf":"f.5A792F38359A1C743AD3061B3E5B94B4.d.4891C2D9B38BECBA6EDFD36ECC9C029D.e.13900","ELEMENT":"f.5A792F38359A1C743AD3061B3E5B94B4.d.4891C2D9B38BECBA6EDFD36ECC9C029D.e.13900"}]}
RESULT: {"script":"<script> [8489 bytes]","args":[{"element-6066-11e4-a52e-4f735466cecf":"f.5A792F38359A1C743AD3061B3E5B94B4.d.4891C2D9B38BECBA6EDFD36ECC9C029D.e.13900","ELEMENT":"f.5A792F38359A1C743AD3061B3E5B94B4.d.4891C2D9B38BECBA6EDFD36ECC9C029D.e.13900"}]}
COMMAND: GET /session/a230b9fa5e58e47def27534e3d005bf9/screenshot - {}
RESULT: {}
COMMAND: POST /session/a230b9fa5e58e47def27534e3d005bf9/execute/sync - {"script":"<script> [8489 bytes]","args":[{"element-6066-11e4-a52e-4f735466cecf":"f.5A792F38359A1C743AD3061B3E5B94B4.d.4891C2D9B38BECBA6EDFD36ECC9C029D.e.13900","ELEMENT":"f.5A792F38359A1C743AD3061B3E5B94B4.d.4891C2D9B38BECBA6EDFD36ECC9C029D.e.13900"}]}
RESULT: {"script":"<script> [8489 bytes]","args":[{"element-6066-11e4-a52e-4f735466cecf":"f.5A792F38359A1C743AD3061B3E5B94B4.d.4891C2D9B38BECBA6EDFD36ECC9C029D.e.13900","ELEMENT":"f.5A792F38359A1C743AD3061B3E5B94B4.d.4891C2D9B38BECBA6EDFD36ECC9C029D.e.13900"}]}
COMMAND: GET /session/a230b9fa5e58e47def27534e3d005bf9/screenshot - {}
RESULT: {}
COMMAND: POST /session/a230b9fa5e58e47def27534e3d005bf9/execute/sync - {"script":"<script> [8489 bytes]","args":[{"element-6066-11e4-a52e-4f735466cecf":"f.5A792F38359A1C743AD3061B3E5B94B4.d.4891C2D9B38BECBA6EDFD36ECC9C029D.e.13900","ELEMENT":"f.5A792F38359A1C743AD3061B3E5B94B4.d.4891C2D9B38BECBA6EDFD36ECC9C029D.e.13900"}]}
RESULT: {"script":"<script> [8489 bytes]","args":[{"element-6066-11e4-a52e-4f735466cecf":"f.5A792F38359A1C743AD3061B3E5B94B4.d.4891C2D9B38BECBA6EDFD36ECC9C029D.e.13900","ELEMENT":"f.5A792F38359A1C743AD3061B3E5B94B4.d.4891C2D9B38BECBA6EDFD36ECC9C029D.e.13900"}]}
COMMAND: GET /session/a230b9fa5e58e47def27534e3d005bf9/screenshot - {}
RESULT: {}
COMMAND: POST /session/a230b9fa5e58e47def27534e3d005bf9/execute/sync - {"script":"<script> [8489 bytes]","args":[{"element-6066-11e4-a52e-4f735466cecf":"f.5A792F38359A1C743AD3061B3E5B94B4.d.4891C2D9B38BECBA6EDFD36ECC9C029D.e.13900","ELEMENT":"f.5A792F38359A1C743AD3061B3E5B94B4.d.4891C2D9B38BECBA6EDFD36ECC9C029D.e.13900"}]}
RESULT: {"script":"<script> [8489 bytes]","args":[{"element-6066-11e4-a52e-4f735466cecf":"f.5A792F38359A1C743AD3061B3E5B94B4.d.4891C2D9B38BECBA6EDFD36ECC9C029D.e.13900","ELEMENT":"f.5A792F38359A1C743AD3061B3E5B94B4.d.4891C2D9B38BECBA6EDFD36ECC9C029D.e.13900"}]}
COMMAND: GET /session/a230b9fa5e58e47def27534e3d005bf9/screenshot - {}
RESULT: {}
COMMAND: POST /session/a230b9fa5e58e47def27534e3d005bf9/execute/sync - {"script":"<script> [8489 bytes]","args":[{"element-6066-11e4-a52e-4f735466cecf":"f.5A792F38359A1C743AD3061B3E5B94B4.d.4891C2D9B38BECBA6EDFD36ECC9C029D.e.13900","ELEMENT":"f.5A792F38359A1C743AD3061B3E5B94B4.d.4891C2D9B38BECBA6EDFD36ECC9C029D.e.13900"}]}
RESULT: {"script":"<script> [8489 bytes]","args":[{"element-6066-11e4-a52e-4f735466cecf":"f.5A792F38359A1C743AD3061B3E5B94B4.d.4891C2D9B38BECBA6EDFD36ECC9C029D.e.13900","ELEMENT":"f.5A792F38359A1C743AD3061B3E5B94B4.d.4891C2D9B38BECBA6EDFD36ECC9C029D.e.13900"}]}
COMMAND: GET /session/a230b9fa5e58e47def27534e3d005bf9/screenshot - {}
RESULT: {}
COMMAND: POST /session/a230b9fa5e58e47def27534e3d005bf9/execute/sync - {"script":"<script> [8489 bytes]","args":[{"element-6066-11e4-a52e-4f735466cecf":"f.5A792F38359A1C743AD3061B3E5B94B4.d.4891C2D9B38BECBA6EDFD36ECC9C029D.e.13900","ELEMENT":"f.5A792F38359A1C743AD3061B3E5B94B4.d.4891C2D9B38BECBA6EDFD36ECC9C029D.e.13900"}]}
RESULT: {"script":"<script> [8489 bytes]","args":[{"element-6066-11e4-a52e-4f735466cecf":"f.5A792F38359A1C743AD3061B3E5B94B4.d.4891C2D9B38BECBA6EDFD36ECC9C029D.e.13900","ELEMENT":"f.5A792F38359A1C743AD3061B3E5B94B4.d.4891C2D9B38BECBA6EDFD36ECC9C029D.e.13900"}]}
COMMAND: GET /session/a230b9fa5e58e47def27534e3d005bf9/screenshot - {}
RESULT: {}
COMMAND: POST /session/a230b9fa5e58e47def27534e3d005bf9/execute/sync - {"script":"<script> [8489 bytes]","args":[{"element-6066-11e4-a52e-4f735466cecf":"f.5A792F38359A1C743AD3061B3E5B94B4.d.4891C2D9B38BECBA6EDFD36ECC9C029D.e.13900","ELEMENT":"f.5A792F38359A1C743AD3061B3E5B94B4.d.4891C2D9B38BECBA6EDFD36ECC9C029D.e.13900"}]}
RESULT: {"script":"<script> [8489 bytes]","args":[{"element-6066-11e4-a52e-4f735466cecf":"f.5A792F38359A1C743AD3061B3E5B94B4.d.4891C2D9B38BECBA6EDFD36ECC9C029D.e.13900","ELEMENT":"f.5A792F38359A1C743AD3061B3E5B94B4.d.4891C2D9B38BECBA6EDFD36ECC9C029D.e.13900"}]}
COMMAND: GET /session/a230b9fa5e58e47def27534e3d005bf9/screenshot - {}
COMMAND: POST /session/a230b9fa5e58e47def27534e3d005bf9/execute/sync - {"script":"<script> [8489 bytes]","args":[{"element-6066-11e4-a52e-4f735466cecf":"f.5A792F38359A1C743AD3061B3E5B94B4.d.4891C2D9B38BECBA6EDFD36ECC9C029D.e.13900","ELEMENT":"f.5A792F38359A1C743AD3061B3E5B94B4.d.4891C2D9B38BECBA6EDFD36ECC9C029D.e.13900"}]}
RESULT: {}
RESULT: {"script":"<script> [8489 bytes]","args":[{"element-6066-11e4-a52e-4f735466cecf":"f.5A792F38359A1C743AD3061B3E5B94B4.d.4891C2D9B38BECBA6EDFD36ECC9C029D.e.13900","ELEMENT":"f.5A792F38359A1C743AD3061B3E5B94B4.d.4891C2D9B38BECBA6EDFD36ECC9C029D.e.13900"}]}
COMMAND: GET /session/a230b9fa5e58e47def27534e3d005bf9/screenshot - {}
RESULT: {}
COMMAND: POST /session/a230b9fa5e58e47def27534e3d005bf9/execute/sync - {"script":"<script> [8489 bytes]","args":[{"element-6066-11e4-a52e-4f735466cecf":"f.5A792F38359A1C743AD3061B3E5B94B4.d.4891C2D9B38BECBA6EDFD36ECC9C029D.e.13900","ELEMENT":"f.5A792F38359A1C743AD3061B3E5B94B4.d.4891C2D9B38BECBA6EDFD36ECC9C029D.e.13900"}]}
RESULT: {"script":"<script> [8489 bytes]","args":[{"element-6066-11e4-a52e-4f735466cecf":"f.5A792F38359A1C743AD3061B3E5B94B4.d.4891C2D9B38BECBA6EDFD36ECC9C029D.e.13900","ELEMENT":"f.5A792F38359A1C743AD3061B3E5B94B4.d.4891C2D9B38BECBA6EDFD36ECC9C029D.e.13900"}]}
COMMAND: GET /session/a230b9fa5e58e47def27534e3d005bf9/screenshot - {}
RESULT: {}
COMMAND: POST /session/a230b9fa5e58e47def27534e3d005bf9/execute/sync - {"script":"<script> [8489 bytes]","args":[{"element-6066-11e4-a52e-4f735466cecf":"f.5A792F38359A1C743AD3061B3E5B94B4.d.4891C2D9B38BECBA6EDFD36ECC9C029D.e.13900","ELEMENT":"f.5A792F38359A1C743AD3061B3E5B94B4.d.4891C2D9B38BECBA6EDFD36ECC9C029D.e.13900"}]}
RESULT: {"script":"<script> [8489 bytes]","args":[{"element-6066-11e4-a52e-4f735466cecf":"f.5A792F38359A1C743AD3061B3E5B94B4.d.4891C2D9B38BECBA6EDFD36ECC9C029D.e.13900","ELEMENT":"f.5A792F38359A1C743AD3061B3E5B94B4.d.4891C2D9B38BECBA6EDFD36ECC9C029D.e.13900"}]}
COMMAND: GET /session/a230b9fa5e58e47def27534e3d005bf9/screenshot - {}
RESULT: {}
COMMAND: POST /session/a230b9fa5e58e47def27534e3d005bf9/execute/sync - {"script":"<script> [8489 bytes]","args":[{"element-6066-11e4-a52e-4f735466cecf":"f.5A792F38359A1C743AD3061B3E5B94B4.d.4891C2D9B38BECBA6EDFD36ECC9C029D.e.13900","ELEMENT":"f.5A792F38359A1C743AD3061B3E5B94B4.d.4891C2D9B38BECBA6EDFD36ECC9C029D.e.13900"}]}
RESULT: {"script":"<script> [8489 bytes]","args":[{"element-6066-11e4-a52e-4f735466cecf":"f.5A792F38359A1C743AD3061B3E5B94B4.d.4891C2D9B38BECBA6EDFD36ECC9C029D.e.13900","ELEMENT":"f.5A792F38359A1C743AD3061B3E5B94B4.d.4891C2D9B38BECBA6EDFD36ECC9C029D.e.13900"}]}
COMMAND: GET /session/a230b9fa5e58e47def27534e3d005bf9/screenshot - {}
RESULT: {}
COMMAND: POST /session/a230b9fa5e58e47def27534e3d005bf9/execute/sync - {"script":"<script> [8489 bytes]","args":[{"element-6066-11e4-a52e-4f735466cecf":"f.5A792F38359A1C743AD3061B3E5B94B4.d.4891C2D9B38BECBA6EDFD36ECC9C029D.e.13900","ELEMENT":"f.5A792F38359A1C743AD3061B3E5B94B4.d.4891C2D9B38BECBA6EDFD36ECC9C029D.e.13900"}]}
RESULT: {"script":"<script> [8489 bytes]","args":[{"element-6066-11e4-a52e-4f735466cecf":"f.5A792F38359A1C743AD3061B3E5B94B4.d.4891C2D9B38BECBA6EDFD36ECC9C029D.e.13900","ELEMENT":"f.5A792F38359A1C743AD3061B3E5B94B4.d.4891C2D9B38BECBA6EDFD36ECC9C029D.e.13900"}]}
COMMAND: GET /session/a230b9fa5e58e47def27534e3d005bf9/screenshot - {}
RESULT: {}
COMMAND: POST /session/a230b9fa5e58e47def27534e3d005bf9/execute/sync - {"script":"<script> [8489 bytes]","args":[{"element-6066-11e4-a52e-4f735466cecf":"f.5A792F38359A1C743AD3061B3E5B94B4.d.4891C2D9B38BECBA6EDFD36ECC9C029D.e.13900","ELEMENT":"f.5A792F38359A1C743AD3061B3E5B94B4.d.4891C2D9B38BECBA6EDFD36ECC9C029D.e.13900"}]}
RESULT: {"script":"<script> [8489 bytes]","args":[{"element-6066-11e4-a52e-4f735466cecf":"f.5A792F38359A1C743AD3061B3E5B94B4.d.4891C2D9B38BECBA6EDFD36ECC9C029D.e.13900","ELEMENT":"f.5A792F38359A1C743AD3061B3E5B94B4.d.4891C2D9B38BECBA6EDFD36ECC9C029D.e.13900"}]}
COMMAND: GET /session/a230b9fa5e58e47def27534e3d005bf9/screenshot - {}
RESULT: {}
COMMAND: POST /session/a230b9fa5e58e47def27534e3d005bf9/execute/sync - {"script":"<script> [8489 bytes]","args":[{"element-6066-11e4-a52e-4f735466cecf":"f.5A792F38359A1C743AD3061B3E5B94B4.d.4891C2D9B38BECBA6EDFD36ECC9C029D.e.13900","ELEMENT":"f.5A792F38359A1C743AD3061B3E5B94B4.d.4891C2D9B38BECBA6EDFD36ECC9C029D.e.13900"}]}
RESULT: {"script":"<script> [8489 bytes]","args":[{"element-6066-11e4-a52e-4f735466cecf":"f.5A792F38359A1C743AD3061B3E5B94B4.d.4891C2D9B38BECBA6EDFD36ECC9C029D.e.13900","ELEMENT":"f.5A792F38359A1C743AD3061B3E5B94B4.d.4891C2D9B38BECBA6EDFD36ECC9C029D.e.13900"}]}
COMMAND: GET /session/a230b9fa5e58e47def27534e3d005bf9/screenshot - {}
RESULT: {}
COMMAND: POST /session/a230b9fa5e58e47def27534e3d005bf9/execute/sync - {"script":"<script> [8489 bytes]","args":[{"element-6066-11e4-a52e-4f735466cecf":"f.5A792F38359A1C743AD3061B3E5B94B4.d.4891C2D9B38BECBA6EDFD36ECC9C029D.e.13900","ELEMENT":"f.5A792F38359A1C743AD3061B3E5B94B4.d.4891C2D9B38BECBA6EDFD36ECC9C029D.e.13900"}]}
RESULT: {"script":"<script> [8489 bytes]","args":[{"element-6066-11e4-a52e-4f735466cecf":"f.5A792F38359A1C743AD3061B3E5B94B4.d.4891C2D9B38BECBA6EDFD36ECC9C029D.e.13900","ELEMENT":"f.5A792F38359A1C743AD3061B3E5B94B4.d.4891C2D9B38BECBA6EDFD36ECC9C029D.e.13900"}]}
COMMAND: GET /session/a230b9fa5e58e47def27534e3d005bf9/screenshot - {}
RESULT: {}
COMMAND: POST /session/a230b9fa5e58e47def27534e3d005bf9/execute/sync - {"script":"<script> [8489 bytes]","args":[{"element-6066-11e4-a52e-4f735466cecf":"f.5A792F38359A1C743AD3061B3E5B94B4.d.4891C2D9B38BECBA6EDFD36ECC9C029D.e.13900","ELEMENT":"f.5A792F38359A1C743AD3061B3E5B94B4.d.4891C2D9B38BECBA6EDFD36ECC9C029D.e.13900"}]}
RESULT: {"script":"<script> [8489 bytes]","args":[{"element-6066-11e4-a52e-4f735466cecf":"f.5A792F38359A1C743AD3061B3E5B94B4.d.4891C2D9B38BECBA6EDFD36ECC9C029D.e.13900","ELEMENT":"f.5A792F38359A1C743AD3061B3E5B94B4.d.4891C2D9B38BECBA6EDFD36ECC9C029D.e.13900"}]}
COMMAND: GET /session/a230b9fa5e58e47def27534e3d005bf9/screenshot - {}
RESULT: {}
COMMAND: POST /session/a230b9fa5e58e47def27534e3d005bf9/execute/sync - {"script":"<script> [8489 bytes]","args":[{"element-6066-11e4-a52e-4f735466cecf":"f.5A792F38359A1C743AD3061B3E5B94B4.d.4891C2D9B38BECBA6EDFD36ECC9C029D.e.13900","ELEMENT":"f.5A792F38359A1C743AD3061B3E5B94B4.d.4891C2D9B38BECBA6EDFD36ECC9C029D.e.13900"}]}
RESULT: {"script":"<script> [8489 bytes]","args":[{"element-6066-11e4-a52e-4f735466cecf":"f.5A792F38359A1C743AD3061B3E5B94B4.d.4891C2D9B38BECBA6EDFD36ECC9C029D.e.13900","ELEMENT":"f.5A792F38359A1C743AD3061B3E5B94B4.d.4891C2D9B38BECBA6EDFD36ECC9C029D.e.13900"}]}
COMMAND: GET /session/a230b9fa5e58e47def27534e3d005bf9/screenshot - {}
RESULT: {}
COMMAND: POST /session/a230b9fa5e58e47def27534e3d005bf9/execute/sync - {"script":"<script> [8489 bytes]","args":[{"element-6066-11e4-a52e-4f735466cecf":"f.5A792F38359A1C743AD3061B3E5B94B4.d.4891C2D9B38BECBA6EDFD36ECC9C029D.e.13900","ELEMENT":"f.5A792F38359A1C743AD3061B3E5B94B4.d.4891C2D9B38BECBA6EDFD36ECC9C029D.e.13900"}]}
RESULT: {"script":"<script> [8489 bytes]","args":[{"element-6066-11e4-a52e-4f735466cecf":"f.5A792F38359A1C743AD3061B3E5B94B4.d.4891C2D9B38BECBA6EDFD36ECC9C029D.e.13900","ELEMENT":"f.5A792F38359A1C743AD3061B3E5B94B4.d.4891C2D9B38BECBA6EDFD36ECC9C029D.e.13900"}]}
COMMAND: GET /session/a230b9fa5e58e47def27534e3d005bf9/screenshot - {}
RESULT: {}
COMMAND: POST /session/a230b9fa5e58e47def27534e3d005bf9/execute/sync - {"script":"<script> [8489 bytes]","args":[{"element-6066-11e4-a52e-4f735466cecf":"f.5A792F38359A1C743AD3061B3E5B94B4.d.4891C2D9B38BECBA6EDFD36ECC9C029D.e.13900","ELEMENT":"f.5A792F38359A1C743AD3061B3E5B94B4.d.4891C2D9B38BECBA6EDFD36ECC9C029D.e.13900"}]}
RESULT: {"script":"<script> [8489 bytes]","args":[{"element-6066-11e4-a52e-4f735466cecf":"f.5A792F38359A1C743AD3061B3E5B94B4.d.4891C2D9B38BECBA6EDFD36ECC9C029D.e.13900","ELEMENT":"f.5A792F38359A1C743AD3061B3E5B94B4.d.4891C2D9B38BECBA6EDFD36ECC9C029D.e.13900"}]}
COMMAND: GET /session/a230b9fa5e58e47def27534e3d005bf9/screenshot - {}
RESULT: {}
COMMAND: POST /session/a230b9fa5e58e47def27534e3d005bf9/execute/sync - {"script":"<script> [8489 bytes]","args":[{"element-6066-11e4-a52e-4f735466cecf":"f.5A792F38359A1C743AD3061B3E5B94B4.d.4891C2D9B38BECBA6EDFD36ECC9C029D.e.13900","ELEMENT":"f.5A792F38359A1C743AD3061B3E5B94B4.d.4891C2D9B38BECBA6EDFD36ECC9C029D.e.13900"}]}
RESULT: {"script":"<script> [8489 bytes]","args":[{"element-6066-11e4-a52e-4f735466cecf":"f.5A792F38359A1C743AD3061B3E5B94B4.d.4891C2D9B38BECBA6EDFD36ECC9C029D.e.13900","ELEMENT":"f.5A792F38359A1C743AD3061B3E5B94B4.d.4891C2D9B38BECBA6EDFD36ECC9C029D.e.13900"}]}
COMMAND: GET /session/a230b9fa5e58e47def27534e3d005bf9/screenshot - {}
RESULT: {}
COMMAND: POST /session/a230b9fa5e58e47def27534e3d005bf9/execute/sync - {"script":"<script> [8489 bytes]","args":[{"element-6066-11e4-a52e-4f735466cecf":"f.5A792F38359A1C743AD3061B3E5B94B4.d.4891C2D9B38BECBA6EDFD36ECC9C029D.e.13900","ELEMENT":"f.5A792F38359A1C743AD3061B3E5B94B4.d.4891C2D9B38BECBA6EDFD36ECC9C029D.e.13900"}]}
COMMAND: POST /session/a230b9fa5e58e47def27534e3d005bf9/execute/async - {"script":"<script> [1562 bytes]","args":[{"selector":{"controlType":"sap.m.ToggleButton","viewName":"etm.portal.ui.warehousemovements.view.ExecuteMovement","viewId":"application-warehousemovements-display-component---executeMovement","bindingPath":{"propertyPath":"STATUS","modelName":"catalogModel"},"interaction":{"idSuffix":"BDI-content"}},"wdio_ui5_key":"etmportal.ui.warehousemovements.view.ExecuteMovementsap.m.ToggleButton{\"propertyPath\":\"STATUS\",\"modelName\":\"catalogModel\"}"}]}
RESULT: {"script":"<script> [8489 bytes]","args":[{"element-6066-11e4-a52e-4f735466cecf":"f.5A792F38359A1C743AD3061B3E5B94B4.d.4891C2D9B38BECBA6EDFD36ECC9C029D.e.13900","ELEMENT":"f.5A792F38359A1C743AD3061B3E5B94B4.d.4891C2D9B38BECBA6EDFD36ECC9C029D.e.13900"}]}
COMMAND: GET /session/a230b9fa5e58e47def27534e3d005bf9/screenshot - {}
RESULT: {"script":"<script> [1562 bytes]","args":[{"selector":{"controlType":"sap.m.ToggleButton","viewName":"etm.portal.ui.warehousemovements.view.ExecuteMovement","viewId":"application-warehousemovements-display-component---executeMovement","bindingPath":{"propertyPath":"STATUS","modelName":"catalogModel"},"interaction":{"idSuffix":"BDI-content"}},"wdio_ui5_key":"etmportal.ui.warehousemovements.view.ExecuteMovementsap.m.ToggleButton{\"propertyPath\":\"STATUS\",\"modelName\":\"catalogModel\"}"}]}
RESULT: undefined
COMMAND: POST /session/a230b9fa5e58e47def27534e3d005bf9/element - {"using":"xpath","value":"//*[@id=\"__button427-__clone7989\"]"}
RESULT: {}
RESULT: {"using":"xpath","value":"//*[@id=\"__button427-__clone7989\"]"}
COMMAND: POST /session/a230b9fa5e58e47def27534e3d005bf9/element/f.5A792F38359A1C743AD3061B3E5B94B4.d.4891C2D9B38BECBA6EDFD36ECC9C029D.e.13874/click - {}
RESULT: {}
RESULT: undefined
COMMAND: POST /session/a230b9fa5e58e47def27534e3d005bf9/element - {"using":"xpath","value":"//*[@id=\"__button427-__clone7989\"]"}
COMMAND: GET /session/a230b9fa5e58e47def27534e3d005bf9/screenshot - {}
RESULT: {}
RESULT: {"using":"xpath","value":"//*[@id=\"__button427-__clone7989\"]"}
COMMAND: POST /session/a230b9fa5e58e47def27534e3d005bf9/element/f.5A792F38359A1C743AD3061B3E5B94B4.d.4891C2D9B38BECBA6EDFD36ECC9C029D.e.13874/click - {}
RESULT: {}
RESULT: undefined
COMMAND: POST /session/a230b9fa5e58e47def27534e3d005bf9/execute/async - {"script":"<script> [6424 bytes]","args":[{"element-6066-11e4-a52e-4f735466cecf":"f.5A792F38359A1C743AD3061B3E5B94B4.d.4891C2D9B38BECBA6EDFD36ECC9C029D.e.13901"},"getText",[]]}
COMMAND: GET /session/a230b9fa5e58e47def27534e3d005bf9/screenshot - {}
RESULT: {"script":"<script> [6424 bytes]","args":[{"element-6066-11e4-a52e-4f735466cecf":"f.5A792F38359A1C743AD3061B3E5B94B4.d.4891C2D9B38BECBA6EDFD36ECC9C029D.e.13901"},"getText",[]]}
COMMAND: POST /session/a230b9fa5e58e47def27534e3d005bf9/execute/async - {"script":"<script> [1562 bytes]","args":[{"selector":{"id":"application-warehousemovements-display-component---executeMovement--executeId","interaction":{"idSuffix":"BDI-content"}},"wdio_ui5_key":"applicationwarehousemovements-display-component---executeMovement--executeId"}]}
RESULT: {}
RESULT: {"script":"<script> [1562 bytes]","args":[{"selector":{"id":"application-warehousemovements-display-component---executeMovement--executeId","interaction":{"idSuffix":"BDI-content"}},"wdio_ui5_key":"applicationwarehousemovements-display-component---executeMovement--executeId"}]}
RESULT: undefined
COMMAND: POST /session/a230b9fa5e58e47def27534e3d005bf9/element - {"using":"xpath","value":"//*[@id=\"application-warehousemovements-display-component---executeMovement--executeId\"]"}
RESULT: {"using":"xpath","value":"//*[@id=\"application-warehousemovements-display-component---executeMovement--executeId\"]"}
COMMAND: POST /session/a230b9fa5e58e47def27534e3d005bf9/element/f.5A792F38359A1C743AD3061B3E5B94B4.d.4891C2D9B38BECBA6EDFD36ECC9C029D.e.13868/click - {}
RESULT: {}
COMMAND: POST /session/a230b9fa5e58e47def27534e3d005bf9/execute/async - {"script":"<script> [1562 bytes]","args":[{"selector":{"controlType":"sap.m.Link","viewName":"etm.portal.ui.warehousemovements.view.DisplayMovement","viewId":"application-warehousemovements-display-component---displayMovement","bindingPath":{"propertyPath":"HAND_OVER_NO","modelName":"catalogModel"}},"wdio_ui5_key":"etmportal.ui.warehousemovements.view.DisplayMovementsap.m.Link{\"propertyPath\":\"HAND_OVER_NO\",\"modelName\":\"catalogModel\"}"}]}
COMMAND: GET /session/a230b9fa5e58e47def27534e3d005bf9/screenshot - {}
RESULT: {"script":"<script> [1562 bytes]","args":[{"selector":{"controlType":"sap.m.Link","viewName":"etm.portal.ui.warehousemovements.view.DisplayMovement","viewId":"application-warehousemovements-display-component---displayMovement","bindingPath":{"propertyPath":"HAND_OVER_NO","modelName":"catalogModel"}},"wdio_ui5_key":"etmportal.ui.warehousemovements.view.DisplayMovementsap.m.Link{\"propertyPath\":\"HAND_OVER_NO\",\"modelName\":\"catalogModel\"}"}]}
RESULT: undefined
COMMAND: POST /session/a230b9fa5e58e47def27534e3d005bf9/execute/async - {"script":"<script> [6424 bytes]","args":[{"element-6066-11e4-a52e-4f735466cecf":"f.5A792F38359A1C743AD3061B3E5B94B4.d.4891C2D9B38BECBA6EDFD36ECC9C029D.e.13948"},"getText",[]]}
RESULT: {}
RESULT: {"script":"<script> [6424 bytes]","args":[{"element-6066-11e4-a52e-4f735466cecf":"f.5A792F38359A1C743AD3061B3E5B94B4.d.4891C2D9B38BECBA6EDFD36ECC9C029D.e.13948"},"getText",[]]}
COMMAND: POST /session/a230b9fa5e58e47def27534e3d005bf9/element - {"using":"css selector","value":"#shell-header-logo"}
RESULT: {"using":"css selector","value":"#shell-header-logo"}
COMMAND: POST /session/a230b9fa5e58e47def27534e3d005bf9/element/f.5A792F38359A1C743AD3061B3E5B94B4.d.4891C2D9B38BECBA6EDFD36ECC9C029D.e.12855/click - {}
RESULT: {}
COMMAND: GET /session/a230b9fa5e58e47def27534e3d005bf9/screenshot - {}
RESULT: {}
RESULT: undefined
COMMAND: POST /session/a230b9fa5e58e47def27534e3d005bf9/element - {"using":"xpath","value":"//*[@id=\"__tile133\"]"}
RESULT: {"using":"xpath","value":"//*[@id=\"__tile133\"]"}
COMMAND: POST /session/a230b9fa5e58e47def27534e3d005bf9/element/f.5A792F38359A1C743AD3061B3E5B94B4.d.4891C2D9B38BECBA6EDFD36ECC9C029D.e.12108/click - {}
RESULT: {}
COMMAND: GET /session/a230b9fa5e58e47def27534e3d005bf9/screenshot - {}
COMMAND: POST /session/a230b9fa5e58e47def27534e3d005bf9/execute/async - {"script":"<script> [1562 bytes]","args":[{"selector":{"controlType":"sap.m.SearchField","viewName":"etm.portal.ui.managehandovers.view.MasterHO","bindingPath":{"propertyPath":"/_BASIC_SEARCH_FIELD","modelName":"fi1t3rM0d31"},"interaction":{"idSuffix":"I"}},"wdio_ui5_key":"etmportal.ui.managehandovers.view.MasterHOsap.m.SearchField{\"propertyPath\":\"/_BASIC_SEARCH_FIELD\",\"modelName\":\"fi1t3rM0d31\"}"}]}
RESULT: {}
RESULT: {"script":"<script> [1562 bytes]","args":[{"selector":{"controlType":"sap.m.SearchField","viewName":"etm.portal.ui.managehandovers.view.MasterHO","bindingPath":{"propertyPath":"/_BASIC_SEARCH_FIELD","modelName":"fi1t3rM0d31"},"interaction":{"idSuffix":"I"}},"wdio_ui5_key":"etmportal.ui.managehandovers.view.MasterHOsap.m.SearchField{\"propertyPath\":\"/_BASIC_SEARCH_FIELD\",\"modelName\":\"fi1t3rM0d31\"}"}]}
RESULT: undefined
COMMAND: POST /session/a230b9fa5e58e47def27534e3d005bf9/execute/async - {"script":"<script> [776 bytes]","args":[{"enterText":"30392","selector":{"controlType":"sap.m.SearchField","viewName":"etm.portal.ui.managehandovers.view.MasterHO","bindingPath":{"propertyPath":"/_BASIC_SEARCH_FIELD","modelName":"fi1t3rM0d31"},"interaction":{"idSuffix":"I"}},"clearTextFirst":true,"interactionType":"ENTER_TEXT"}]}
RESULT: {"script":"<script> [776 bytes]","args":[{"enterText":"30392","selector":{"controlType":"sap.m.SearchField","viewName":"etm.portal.ui.managehandovers.view.MasterHO","bindingPath":{"propertyPath":"/_BASIC_SEARCH_FIELD","modelName":"fi1t3rM0d31"},"interaction":{"idSuffix":"I"}},"clearTextFirst":true,"interactionType":"ENTER_TEXT"}]}
COMMAND: POST /session/a230b9fa5e58e47def27534e3d005bf9/actions - {"actions":[{"id":"action54","type":"key","parameters":{},"actions":[{"type":"keyDown","value":"î€‡"},{"type":"pause","duration":10},{"type":"keyUp","value":"î€‡"}]}]}
RESULT: {"actions":[{"id":"action54","type":"key","parameters":{},"actions":[{"type":"keyDown","value":"î€‡"},{"type":"pause","duration":10},{"type":"keyUp","value":"î€‡"}]}]}
COMMAND: GET /session/a230b9fa5e58e47def27534e3d005bf9/screenshot - {}
RESULT: {}
COMMAND: POST /session/a230b9fa5e58e47def27534e3d005bf9/execute/async - {"script":"<script> [1562 bytes]","args":[{"selector":{"controlType":"sap.ui.core.Icon","viewName":"etm.portal.ui.managehandovers.view.MasterHO","properties":{"src":{"regex":{"source":"slim\\-arrow\\-right"}}}},"wdio_ui5_key":"etmportal.ui.managehandovers.view.MasterHOsap.ui.core.Icon{\"src\":{\"regex\":{\"source\":\"slim\\\\-arrow\\\\-right\"}}}"}]}
RESULT: {"script":"<script> [1562 bytes]","args":[{"selector":{"controlType":"sap.ui.core.Icon","viewName":"etm.portal.ui.managehandovers.view.MasterHO","properties":{"src":{"regex":{"source":"slim\\-arrow\\-right"}}}},"wdio_ui5_key":"etmportal.ui.managehandovers.view.MasterHOsap.ui.core.Icon{\"src\":{\"regex\":{\"source\":\"slim\\\\-arrow\\\\-right\"}}}"}]}
RESULT: undefined
COMMAND: POST /session/a230b9fa5e58e47def27534e3d005bf9/element - {"using":"xpath","value":"//*[@id=\"__item2839-__clone8058-imgNav\"]"}
RESULT: {"using":"xpath","value":"//*[@id=\"__item2839-__clone8058-imgNav\"]"}
COMMAND: POST /session/a230b9fa5e58e47def27534e3d005bf9/element/f.5A792F38359A1C743AD3061B3E5B94B4.d.4891C2D9B38BECBA6EDFD36ECC9C029D.e.14076/click - {}
RESULT: {}
COMMAND: POST /session/a230b9fa5e58e47def27534e3d005bf9/execute/async - {"script":"<script> [1562 bytes]","args":[{"selector":{"controlType":"sap.m.Button","viewName":"etm.portal.ui.managehandovers.view.DetailExecuteHO","i18NText":{"propertyName":"text","key":"confirmAll"},"interaction":{"idSuffix":"BDI-content"}},"wdio_ui5_key":"etmportal.ui.managehandovers.view.DetailExecuteHOsap.m.Button{\"propertyName\":\"text\",\"key\":\"confirmAll\"}"}]}
COMMAND: GET /session/a230b9fa5e58e47def27534e3d005bf9/screenshot - {}
RESULT: {"script":"<script> [1562 bytes]","args":[{"selector":{"controlType":"sap.m.Button","viewName":"etm.portal.ui.managehandovers.view.DetailExecuteHO","i18NText":{"propertyName":"text","key":"confirmAll"},"interaction":{"idSuffix":"BDI-content"}},"wdio_ui5_key":"etmportal.ui.managehandovers.view.DetailExecuteHOsap.m.Button{\"propertyName\":\"text\",\"key\":\"confirmAll\"}"}]}
RESULT: undefined
COMMAND: POST /session/a230b9fa5e58e47def27534e3d005bf9/element - {"using":"xpath","value":"//*[@id=\"__button468\"]"}
RESULT: {}
RESULT: {"using":"xpath","value":"//*[@id=\"__button468\"]"}
COMMAND: POST /session/a230b9fa5e58e47def27534e3d005bf9/element/f.5A792F38359A1C743AD3061B3E5B94B4.d.4891C2D9B38BECBA6EDFD36ECC9C029D.e.14168/click - {}
RESULT: {}
COMMAND: GET /session/a230b9fa5e58e47def27534e3d005bf9/screenshot - {}
RESULT: {}
COMMAND: POST /session/a230b9fa5e58e47def27534e3d005bf9/actions - {"actions":[{"id":"action55","type":"key","parameters":{},"actions":[{"type":"keyDown","value":"î€‡"},{"type":"pause","duration":10},{"type":"keyUp","value":"î€‡"}]}]}
RESULT: {"actions":[{"id":"action55","type":"key","parameters":{},"actions":[{"type":"keyDown","value":"î€‡"},{"type":"pause","duration":10},{"type":"keyUp","value":"î€‡"}]}]}
COMMAND: GET /session/a230b9fa5e58e47def27534e3d005bf9/screenshot - {}
RESULT: {}
COMMAND: POST /session/a230b9fa5e58e47def27534e3d005bf9/execute/async - {"script":"<script> [1562 bytes]","args":[{"selector":{"id":"confirmationButton","viewName":"etm.portal.ui.managehandovers.view.DetailExecuteHO","properties":{"text":"Issue"},"interaction":{"idSuffix":"BDI-content"}},"wdio_ui5_key":"confirmationButtonetmportal.ui.managehandovers.view.DetailExecuteHO{\"text\":\"Issue\"}"}]}
RESULT: {"script":"<script> [1562 bytes]","args":[{"selector":{"id":"confirmationButton","viewName":"etm.portal.ui.managehandovers.view.DetailExecuteHO","properties":{"text":"Issue"},"interaction":{"idSuffix":"BDI-content"}},"wdio_ui5_key":"confirmationButtonetmportal.ui.managehandovers.view.DetailExecuteHO{\"text\":\"Issue\"}"}]}
RESULT: undefined
RESULT: undefined
COMMAND: POST /session/a230b9fa5e58e47def27534e3d005bf9/execute/async - {"script":"<script> [776 bytes]","args":[{"enterText":"30392","selector":{"controlType":"sap.m.SearchField","viewName":"etm.portal.ui.managehandovers.view.MasterHO","bindingPath":{"propertyPath":"/_BASIC_SEARCH_FIELD","modelName":"fi1t3rM0d31"},"interaction":{"idSuffix":"I"}},"clearTextFirst":true,"interactionType":"ENTER_TEXT"}]}
RESULT: {"script":"<script> [776 bytes]","args":[{"enterText":"30392","selector":{"controlType":"sap.m.SearchField","viewName":"etm.portal.ui.managehandovers.view.MasterHO","bindingPath":{"propertyPath":"/_BASIC_SEARCH_FIELD","modelName":"fi1t3rM0d31"},"interaction":{"idSuffix":"I"}},"clearTextFirst":true,"interactionType":"ENTER_TEXT"}]}
COMMAND: POST /session/a230b9fa5e58e47def27534e3d005bf9/actions - {"actions":[{"id":"action56","type":"key","parameters":{},"actions":[{"type":"keyDown","value":"î€‡"},{"type":"pause","duration":10},{"type":"keyUp","value":"î€‡"}]}]}
RESULT: {"actions":[{"id":"action56","type":"key","parameters":{},"actions":[{"type":"keyDown","value":"î€‡"},{"type":"pause","duration":10},{"type":"keyUp","value":"î€‡"}]}]}
COMMAND: GET /session/a230b9fa5e58e47def27534e3d005bf9/screenshot - {}
RESULT: {}
COMMAND: POST /session/a230b9fa5e58e47def27534e3d005bf9/element - {"using":"xpath","value":"//span[(text() = '30392' or . = '30392')]"}
RESULT: {"using":"xpath","value":"//span[(text() = '30392' or . = '30392')]"}
COMMAND: POST /session/a230b9fa5e58e47def27534e3d005bf9/element/f.5A792F38359A1C743AD3061B3E5B94B4.d.4891C2D9B38BECBA6EDFD36ECC9C029D.e.14083/click - {}
RESULT: {}
COMMAND: GET /session/a230b9fa5e58e47def27534e3d005bf9/screenshot - {}
RESULT: {}
COMMAND: POST /session/a230b9fa5e58e47def27534e3d005bf9/execute/async - {"script":"<script> [1562 bytes]","args":[{"selector":{"id":"instructionsTabFilter","viewName":"etm.portal.ui.managehandovers.view.DetailExecuteHO","interaction":{"idSuffix":"text"}},"wdio_ui5_key":"instructionsTabFilteretmportal.ui.managehandovers.view.DetailExecuteHO"}]}
RESULT: {"script":"<script> [1562 bytes]","args":[{"selector":{"id":"instructionsTabFilter","viewName":"etm.portal.ui.managehandovers.view.DetailExecuteHO","interaction":{"idSuffix":"text"}},"wdio_ui5_key":"instructionsTabFilteretmportal.ui.managehandovers.view.DetailExecuteHO"}]}
RESULT: undefined
COMMAND: POST /session/a230b9fa5e58e47def27534e3d005bf9/element - {"using":"xpath","value":"//*[@id=\"__xmlview68--instructionsTabFilter\"]"}
RESULT: {"using":"xpath","value":"//*[@id=\"__xmlview68--instructionsTabFilter\"]"}
COMMAND: POST /session/a230b9fa5e58e47def27534e3d005bf9/element/f.5A792F38359A1C743AD3061B3E5B94B4.d.4891C2D9B38BECBA6EDFD36ECC9C029D.e.14178/click - {}
RESULT: undefined
COMMAND: POST /session/a230b9fa5e58e47def27534e3d005bf9/element - {"using":"xpath","value":"//*[@id=\"__xmlview68--instructionsTabFilter\"]"}
RESULT: {"using":"xpath","value":"//*[@id=\"__xmlview68--instructionsTabFilter\"]"}
COMMAND: POST /session/a230b9fa5e58e47def27534e3d005bf9/element/f.5A792F38359A1C743AD3061B3E5B94B4.d.4891C2D9B38BECBA6EDFD36ECC9C029D.e.14178/click - {}
COMMAND: POST /session/a230b9fa5e58e47def27534e3d005bf9/execute/async - {"script":"<script> [1562 bytes]","args":[{"selector":{"controlType":"sap.m.ComboBox","viewName":"etm.portal.ui.managehandovers.view.DetailExecuteHO","bindingPath":{"propertyPath":"RECEIVING_SECTION","modelName":"catalogModel"},"interaction":{"idSuffix":"inner"}},"wdio_ui5_key":"etmportal.ui.managehandovers.view.DetailExecuteHOsap.m.ComboBox{\"propertyPath\":\"RECEIVING_SECTION\",\"modelName\":\"catalogModel\"}"}]}
RESULT: {"script":"<script> [1562 bytes]","args":[{"selector":{"controlType":"sap.m.ComboBox","viewName":"etm.portal.ui.managehandovers.view.DetailExecuteHO","bindingPath":{"propertyPath":"RECEIVING_SECTION","modelName":"catalogModel"},"interaction":{"idSuffix":"inner"}},"wdio_ui5_key":"etmportal.ui.managehandovers.view.DetailExecuteHOsap.m.ComboBox{\"propertyPath\":\"RECEIVING_SECTION\",\"modelName\":\"catalogModel\"}"}]}
RESULT: undefined
COMMAND: POST /session/a230b9fa5e58e47def27534e3d005bf9/actions - {"actions":[{"id":"action57","type":"key","parameters":{},"actions":[{"type":"keyDown","value":"î€‡"},{"type":"pause","duration":10},{"type":"keyUp","value":"î€‡"}]}]}
RESULT: {"actions":[{"id":"action57","type":"key","parameters":{},"actions":[{"type":"keyDown","value":"î€‡"},{"type":"pause","duration":10},{"type":"keyUp","value":"î€‡"}]}]}
COMMAND: GET /session/a230b9fa5e58e47def27534e3d005bf9/screenshot - {}
RESULT: {}
COMMAND: POST /session/a230b9fa5e58e47def27534e3d005bf9/execute/async - {"script":"<script> [1562 bytes]","args":[{"selector":{"id":"confirmationButton","viewName":"etm.portal.ui.managehandovers.view.DetailExecuteHO","properties":{"text":"Receive"},"interaction":{"idSuffix":"BDI-content"}},"wdio_ui5_key":"confirmationButtonetmportal.ui.managehandovers.view.DetailExecuteHO{\"text\":\"Receive\"}"}]}
RESULT: {"script":"<script> [1562 bytes]","args":[{"selector":{"id":"confirmationButton","viewName":"etm.portal.ui.managehandovers.view.DetailExecuteHO","properties":{"text":"Receive"},"interaction":{"idSuffix":"BDI-content"}},"wdio_ui5_key":"confirmationButtonetmportal.ui.managehandovers.view.DetailExecuteHO{\"text\":\"Receive\"}"}]}
RESULT: undefined
COMMAND: POST /session/a230b9fa5e58e47def27534e3d005bf9/execute/async - {"script":"<script> [1562 bytes]","args":[{"selector":{"controlType":"sap.m.Button","properties":{"text":"Continue"},"searchOpenDialogs":true,"interaction":{"idSuffix":"content"}},"wdio_ui5_key":"sapm.Button{\"text\":\"Continue\"}"}]}
RESULT: {"script":"<script> [1562 bytes]","args":[{"selector":{"controlType":"sap.m.Button","properties":{"text":"Continue"},"searchOpenDialogs":true,"interaction":{"idSuffix":"content"}},"wdio_ui5_key":"sapm.Button{\"text\":\"Continue\"}"}]}
RESULT: undefined
COMMAND: POST /session/a230b9fa5e58e47def27534e3d005bf9/element - {"using":"css selector","value":"#j_username"}
COMMAND: POST /session/a230b9fa5e58e47def27534e3d005bf9/url - {"url":"https://qa-testing-00-live-etm-ui.cfapps.eu10-004.hana.ondemand.com/"}
RESULT: {"using":"css selector","value":"#j_username"}
COMMAND: POST /session/a230b9fa5e58e47def27534e3d005bf9/element - {"using":"css selector","value":"#j_username"}
RESULT: {"url":"https://qa-testing-00-live-etm-ui.cfapps.eu10-004.hana.ondemand.com/"}
RESULT: undefined
COMMAND: GET /session/a230b9fa5e58e47def27534e3d005bf9/screenshot - {}
RESULT: {"using":"css selector","value":"#j_username"}
COMMAND: POST /session/a230b9fa5e58e47def27534e3d005bf9/element - {"using":"css selector","value":"#shell-header-logo"}
RESULT: {}
RESULT: {"using":"css selector","value":"#shell-header-logo"}
COMMAND: POST /session/a230b9fa5e58e47def27534e3d005bf9/execute/sync - {"script":"<script> [8489 bytes]","args":[{"element-6066-11e4-a52e-4f735466cecf":"f.5A792F38359A1C743AD3061B3E5B94B4.d.B286A071C943F0690DEB1A391FD67D9B.e.14188","ELEMENT":"f.5A792F38359A1C743AD3061B3E5B94B4.d.B286A071C943F0690DEB1A391FD67D9B.e.14188"}]}
RESULT: {"script":"<script> [8489 bytes]","args":[{"element-6066-11e4-a52e-4f735466cecf":"f.5A792F38359A1C743AD3061B3E5B94B4.d.B286A071C943F0690DEB1A391FD67D9B.e.14188","ELEMENT":"f.5A792F38359A1C743AD3061B3E5B94B4.d.B286A071C943F0690DEB1A391FD67D9B.e.14188"}]}
COMMAND: POST /session/a230b9fa5e58e47def27534e3d005bf9/element - {"using":"css selector","value":"#shell-header-logo"}
COMMAND: GET /session/a230b9fa5e58e47def27534e3d005bf9/screenshot - {}
RESULT: {}
RESULT: {"using":"css selector","value":"#shell-header-logo"}
COMMAND: POST /session/a230b9fa5e58e47def27534e3d005bf9/execute/sync - {"script":"<script> [8489 bytes]","args":[{"element-6066-11e4-a52e-4f735466cecf":"f.5A792F38359A1C743AD3061B3E5B94B4.d.B286A071C943F0690DEB1A391FD67D9B.e.14188","ELEMENT":"f.5A792F38359A1C743AD3061B3E5B94B4.d.B286A071C943F0690DEB1A391FD67D9B.e.14188"}]}
RESULT: {"script":"<script> [8489 bytes]","args":[{"element-6066-11e4-a52e-4f735466cecf":"f.5A792F38359A1C743AD3061B3E5B94B4.d.B286A071C943F0690DEB1A391FD67D9B.e.14188","ELEMENT":"f.5A792F38359A1C743AD3061B3E5B94B4.d.B286A071C943F0690DEB1A391FD67D9B.e.14188"}]}
COMMAND: POST /session/a230b9fa5e58e47def27534e3d005bf9/execute/sync - {"script":"<script> [5351 bytes]","args":[{"element-6066-11e4-a52e-4f735466cecf":"f.5A792F38359A1C743AD3061B3E5B94B4.d.B286A071C943F0690DEB1A391FD67D9B.e.14188","ELEMENT":"f.5A792F38359A1C743AD3061B3E5B94B4.d.B286A071C943F0690DEB1A391FD67D9B.e.14188"}]}
COMMAND: GET /session/a230b9fa5e58e47def27534e3d005bf9/screenshot - {}
RESULT: {"script":"<script> [5351 bytes]","args":[{"element-6066-11e4-a52e-4f735466cecf":"f.5A792F38359A1C743AD3061B3E5B94B4.d.B286A071C943F0690DEB1A391FD67D9B.e.14188","ELEMENT":"f.5A792F38359A1C743AD3061B3E5B94B4.d.B286A071C943F0690DEB1A391FD67D9B.e.14188"}]}
COMMAND: POST /session/a230b9fa5e58e47def27534e3d005bf9/element - {"using":"css selector","value":"#shell-header-logo"}
COMMAND: GET /session/a230b9fa5e58e47def27534e3d005bf9/screenshot - {}
RESULT: {}
RESULT: {"using":"css selector","value":"#shell-header-logo"}
COMMAND: POST /session/a230b9fa5e58e47def27534e3d005bf9/element/f.5A792F38359A1C743AD3061B3E5B94B4.d.B286A071C943F0690DEB1A391FD67D9B.e.14188/click - {}
RESULT: {}
RESULT: {}
COMMAND: GET /session/a230b9fa5e58e47def27534e3d005bf9/screenshot - {}
RESULT: {}
COMMAND: POST /session/a230b9fa5e58e47def27534e3d005bf9/execute/async - {"script":"<script> [189 bytes]","args":[]}
RESULT: {"script":"<script> [189 bytes]","args":[]}
COMMAND: POST /session/a230b9fa5e58e47def27534e3d005bf9/execute/async - {"script":"<script> [123 bytes]","args":[]}
RESULT: {"script":"<script> [123 bytes]","args":[]}
COMMAND: POST /session/a230b9fa5e58e47def27534e3d005bf9/timeouts - {"script":"<number>"}
RESULT: {"script":"<number>"}
COMMAND: GET /session/a230b9fa5e58e47def27534e3d005bf9/timeouts - {}
RESULT: {}
RESULT: undefined
COMMAND: POST /session/a230b9fa5e58e47def27534e3d005bf9/execute/async - {"script":"<script> [2676 bytes]","args":[]}
RESULT: {"script":"<script> [2676 bytes]","args":[]}
COMMAND: POST /session/a230b9fa5e58e47def27534e3d005bf9/execute/async - {"script":"<script> [2342 bytes]","args":[{"protocol":"http","hostname":"0.0.0.0","path":"/","capabilities":{"browserName":"chrome","goog:chromeOptions":{"binary":"C:\\Program Files\\Google\\Chrome\\Application\\chrome.exe","args":["--start-maximized"]}},"logLevel":"warn","connectionRetryTimeout":120000,"connectionRetryCount":3,"logLevels":{},"enableDirectConnect":true,"strictSSL":true,"_":"65 more keys: [\"cacheDir\",\"port\",\"requestedCapabilities\",\"automationProtocol\",\"baseUrl\",\"waitforInterval\",\"waitforTimeout\",\"onReload\",\"beforeCommand\",\"afterCommand\",\"rootDir\",\"specs\",\"suites\",\"exclude\",\"groupLogsByTestSpec\",\"excludeDriverLogs\",\"bail\",\"framework\",\"reporters\",\"services\",\"maxInstances\",\"maxInstancesPerCapability\",\"injectGlobals\",\"filesToWatch\",\"execArgv\",\"runnerEnv\",\"runner\",\"shard\",\"specFileRetries\",\"specFileRetriesDelay\",\"specFileRetriesDeferred\",\"reporterSyncInterval\",\"reporterSyncTimeout\",\"cucumberFeaturesWithLineNumbers\",\"autoCompileOpts\",\"mochaOpts\",\"jasmineOpts\",\"cucumberOpts\",\"onPrepare\",\"onWorkerStart\",\"onWorkerEnd\",\"before\",\"beforeSession\",\"beforeSuite\",\"beforeHook\",\"beforeTest\",\"afterTest\",\"afterHook\",\"afterSuite\",\"afterSession\",\"after\",\"onComplete\",\"beforeAssertion\",\"afterAssertion\",\"beforeFeature\",\"beforeScenario\",\"beforeStep\",\"afterStep\",\"afterScenario\",\"afterFeature\",\"_\",\"suite\",\"$0\",\"ignoredWorkerServices\",\"wdi5\"]"}]}
RESULT: {"script":"<script> [2342 bytes]","args":[{"protocol":"http","hostname":"0.0.0.0","path":"/","capabilities":{"browserName":"chrome","goog:chromeOptions":{"binary":"C:\\Program Files\\Google\\Chrome\\Application\\chrome.exe","args":["--start-maximized"]}},"logLevel":"warn","connectionRetryTimeout":120000,"connectionRetryCount":3,"logLevels":{},"enableDirectConnect":true,"strictSSL":true,"_":"65 more keys: [\"cacheDir\",\"port\",\"requestedCapabilities\",\"automationProtocol\",\"baseUrl\",\"waitforInterval\",\"waitforTimeout\",\"onReload\",\"beforeCommand\",\"afterCommand\",\"rootDir\",\"specs\",\"suites\",\"exclude\",\"groupLogsByTestSpec\",\"excludeDriverLogs\",\"bail\",\"framework\",\"reporters\",\"services\",\"maxInstances\",\"maxInstancesPerCapability\",\"injectGlobals\",\"filesToWatch\",\"execArgv\",\"runnerEnv\",\"runner\",\"shard\",\"specFileRetries\",\"specFileRetriesDelay\",\"specFileRetriesDeferred\",\"reporterSyncInterval\",\"reporterSyncTimeout\",\"cucumberFeaturesWithLineNumbers\",\"autoCompileOpts\",\"mochaOpts\",\"jasmineOpts\",\"cucumberOpts\",\"onPrepare\",\"onWorkerStart\",\"onWorkerEnd\",\"before\",\"beforeSession\",\"beforeSuite\",\"beforeHook\",\"beforeTest\",\"afterTest\",\"afterHook\",\"afterSuite\",\"afterSession\",\"after\",\"onComplete\",\"beforeAssertion\",\"afterAssertion\",\"beforeFeature\",\"beforeScenario\",\"beforeStep\",\"afterStep\",\"afterScenario\",\"afterFeature\",\"_\",\"suite\",\"$0\",\"ignoredWorkerServices\",\"wdi5\"]"}]}
COMMAND: POST /session/a230b9fa5e58e47def27534e3d005bf9/execute/async - {"script":"<script> [21126 bytes]","args":[35000]}
RESULT: {"script":"<script> [21126 bytes]","args":[35000]}
COMMAND: POST /session/a230b9fa5e58e47def27534e3d005bf9/window/maximize - {}
RESULT: {}
COMMAND: POST /session/a230b9fa5e58e47def27534e3d005bf9/execute/async - {"script":"<script> [1562 bytes]","args":[{"selector":{"id":"shell-header","interaction":{"idSuffix":"icon"}},"wdio_ui5_key":"shellheader"}]}
COMMAND: GET /session/a230b9fa5e58e47def27534e3d005bf9/screenshot - {}
RESULT: {"script":"<script> [1562 bytes]","args":[{"selector":{"id":"shell-header","interaction":{"idSuffix":"icon"}},"wdio_ui5_key":"shellheader"}]}
RESULT: undefined
]]></system-out>
    </testcase>
  </testsuite>
  <testsuite timestamp="2025-04-28T17:02:23" time="302.969" tests="4" failures="0" errors="0" skipped="0">
    <properties>
      <property name="specId" value="0" />
      <property name="suiteName" value="Provide to Site w/o warehouse management w/ clarification US116605" />
      <property name="capabilities" value="chrome.135_0_7049_96.windows" />
      <property name="file" value="file:///D:/a/1/s/test/specs/HTR/provide-to-site-wo-warehouse-w-clarification.spec.js" />
    </properties>
    <testcase classname="chrome.135_0_7049_96.windows.Provide_to_Site_w/o_warehouse_management_w/_clarification_US116605" name="Should create a WHM yard" time="86.269">
      <system-out><![CDATA[
COMMAND: POST /session/a230b9fa5e58e47def27534e3d005bf9/execute/async - {"script":"<script> [1562 bytes]","args":[{"selector":{"controlType":"sap.m.GenericTile","properties":{"header":"Manage Yards"}},"wdio_ui5_key":"sapm.GenericTile{\"header\":\"Manage Yards\"}"}]}
RESULT: {}
RESULT: {"script":"<script> [1562 bytes]","args":[{"selector":{"controlType":"sap.m.GenericTile","properties":{"header":"Manage Yards"}},"wdio_ui5_key":"sapm.GenericTile{\"header\":\"Manage Yards\"}"}]}
RESULT: undefined
COMMAND: POST /session/a230b9fa5e58e47def27534e3d005bf9/element - {"using":"xpath","value":"//*[@id=\"__tile41\"]"}
RESULT: {"using":"xpath","value":"//*[@id=\"__tile41\"]"}
COMMAND: POST /session/a230b9fa5e58e47def27534e3d005bf9/element/f.5A792F38359A1C743AD3061B3E5B94B4.d.B286A071C943F0690DEB1A391FD67D9B.e.14197/click - {}
RESULT: {}
COMMAND: POST /session/a230b9fa5e58e47def27534e3d005bf9/execute/async - {"script":"<script> [1562 bytes]","args":[{"selector":{"controlType":"sap.ui.core.Icon","viewName":"etm.portal.ui.manageyards.view.Master","viewId":"application-manageyards-display-component---masterYard","properties":{"src":{"regex":{"source":"add"}}}},"wdio_ui5_key":"etmportal.ui.manageyards.view.Mastersap.ui.core.Icon{\"src\":{\"regex\":{\"source\":\"add\"}}}"}]}
COMMAND: GET /session/a230b9fa5e58e47def27534e3d005bf9/screenshot - {}
RESULT: {"script":"<script> [1562 bytes]","args":[{"selector":{"controlType":"sap.ui.core.Icon","viewName":"etm.portal.ui.manageyards.view.Master","viewId":"application-manageyards-display-component---masterYard","properties":{"src":{"regex":{"source":"add"}}}},"wdio_ui5_key":"etmportal.ui.manageyards.view.Mastersap.ui.core.Icon{\"src\":{\"regex\":{\"source\":\"add\"}}}"}]}
RESULT: undefined
COMMAND: POST /session/a230b9fa5e58e47def27534e3d005bf9/element - {"using":"xpath","value":"//*[@id=\"__button4-img\"]"}
RESULT: {}
RESULT: {"using":"xpath","value":"//*[@id=\"__button4-img\"]"}
COMMAND: POST /session/a230b9fa5e58e47def27534e3d005bf9/element/f.5A792F38359A1C743AD3061B3E5B94B4.d.B286A071C943F0690DEB1A391FD67D9B.e.14243/click - {}
RESULT: {}
COMMAND: POST /session/a230b9fa5e58e47def27534e3d005bf9/execute/async - {"script":"<script> [1562 bytes]","args":[{"selector":{"id":"application-manageyards-display-component---NewYard--addressDetailDetailsName1","interaction":{"idSuffix":"inner"}},"wdio_ui5_key":"applicationmanageyards-display-component---NewYard--addressDetailDetailsName1"}]}
COMMAND: GET /session/a230b9fa5e58e47def27534e3d005bf9/screenshot - {}
RESULT: {"script":"<script> [1562 bytes]","args":[{"selector":{"id":"application-manageyards-display-component---NewYard--addressDetailDetailsName1","interaction":{"idSuffix":"inner"}},"wdio_ui5_key":"applicationmanageyards-display-component---NewYard--addressDetailDetailsName1"}]}
RESULT: undefined
COMMAND: POST /session/a230b9fa5e58e47def27534e3d005bf9/execute/async - {"script":"<script> [776 bytes]","args":[{"enterText":"warehouse managed Yard","selector":{"id":"application-manageyards-display-component---NewYard--addressDetailDetailsName1","interaction":{"idSuffix":"inner"}},"clearTextFirst":true,"interactionType":"ENTER_TEXT"}]}
RESULT: {}
RESULT: {"script":"<script> [776 bytes]","args":[{"enterText":"warehouse managed Yard","selector":{"id":"application-manageyards-display-component---NewYard--addressDetailDetailsName1","interaction":{"idSuffix":"inner"}},"clearTextFirst":true,"interactionType":"ENTER_TEXT"}]}
COMMAND: POST /session/a230b9fa5e58e47def27534e3d005bf9/execute/async - {"script":"<script> [1562 bytes]","args":[{"selector":{"id":"application-manageyards-display-component---NewYard--addressDetailDetailsLanguage-arrow"},"wdio_ui5_key":"applicationmanageyards-display-component---NewYard--addressDetailDetailsLanguage-arrow"}]}
RESULT: {"script":"<script> [1562 bytes]","args":[{"selector":{"id":"application-manageyards-display-component---NewYard--addressDetailDetailsLanguage-arrow"},"wdio_ui5_key":"applicationmanageyards-display-component---NewYard--addressDetailDetailsLanguage-arrow"}]}
RESULT: undefined
COMMAND: POST /session/a230b9fa5e58e47def27534e3d005bf9/element - {"using":"xpath","value":"//*[@id=\"application-manageyards-display-component---NewYard--addressDetailDetailsLanguage-arrow\"]"}
RESULT: {"using":"xpath","value":"//*[@id=\"application-manageyards-display-component---NewYard--addressDetailDetailsLanguage-arrow\"]"}
COMMAND: POST /session/a230b9fa5e58e47def27534e3d005bf9/element/f.5A792F38359A1C743AD3061B3E5B94B4.d.B286A071C943F0690DEB1A391FD67D9B.e.14654/click - {}
RESULT: {}
COMMAND: POST /session/a230b9fa5e58e47def27534e3d005bf9/execute/async - {"script":"<script> [1562 bytes]","args":[{"selector":{"controlType":"sap.m.StandardListItem","viewName":"etm.portal.ui.manageyards.view.New","viewId":"application-manageyards-display-component---NewYard","properties":{"title":"English"},"searchOpenDialogs":true,"interaction":{"idSuffix":"content"}},"wdio_ui5_key":"etmportal.ui.manageyards.view.Newsap.m.StandardListItem{\"title\":\"English\"}"}]}
COMMAND: GET /session/a230b9fa5e58e47def27534e3d005bf9/screenshot - {}
RESULT: {"script":"<script> [1562 bytes]","args":[{"selector":{"controlType":"sap.m.StandardListItem","viewName":"etm.portal.ui.manageyards.view.New","viewId":"application-manageyards-display-component---NewYard","properties":{"title":"English"},"searchOpenDialogs":true,"interaction":{"idSuffix":"content"}},"wdio_ui5_key":"etmportal.ui.manageyards.view.Newsap.m.StandardListItem{\"title\":\"English\"}"}]}
RESULT: undefined
COMMAND: POST /session/a230b9fa5e58e47def27534e3d005bf9/element - {"using":"xpath","value":"//*[@id=\"__item101\"]"}
RESULT: {}
RESULT: {"using":"xpath","value":"//*[@id=\"__item101\"]"}
COMMAND: POST /session/a230b9fa5e58e47def27534e3d005bf9/element/f.5A792F38359A1C743AD3061B3E5B94B4.d.B286A071C943F0690DEB1A391FD67D9B.e.14656/click - {}
RESULT: {}
COMMAND: POST /session/a230b9fa5e58e47def27534e3d005bf9/execute/async - {"script":"<script> [1562 bytes]","args":[{"selector":{"id":"application-manageyards-display-component---NewYard--addressDetailDetailsCity1","interaction":{"idSuffix":"inner"}},"wdio_ui5_key":"applicationmanageyards-display-component---NewYard--addressDetailDetailsCity1"}]}
COMMAND: GET /session/a230b9fa5e58e47def27534e3d005bf9/screenshot - {}
RESULT: {"script":"<script> [1562 bytes]","args":[{"selector":{"id":"application-manageyards-display-component---NewYard--addressDetailDetailsCity1","interaction":{"idSuffix":"inner"}},"wdio_ui5_key":"applicationmanageyards-display-component---NewYard--addressDetailDetailsCity1"}]}
RESULT: undefined
COMMAND: POST /session/a230b9fa5e58e47def27534e3d005bf9/execute/async - {"script":"<script> [776 bytes]","args":[{"enterText":"Rosario","selector":{"id":"application-manageyards-display-component---NewYard--addressDetailDetailsCity1","interaction":{"idSuffix":"inner"}},"clearTextFirst":true,"interactionType":"ENTER_TEXT"}]}
RESULT: {}
RESULT: {"script":"<script> [776 bytes]","args":[{"enterText":"Rosario","selector":{"id":"application-manageyards-display-component---NewYard--addressDetailDetailsCity1","interaction":{"idSuffix":"inner"}},"clearTextFirst":true,"interactionType":"ENTER_TEXT"}]}
COMMAND: POST /session/a230b9fa5e58e47def27534e3d005bf9/execute/async - {"script":"<script> [1562 bytes]","args":[{"selector":{"id":"application-manageyards-display-component---NewYard--addressDetailDetailsCountry-arrow"},"wdio_ui5_key":"applicationmanageyards-display-component---NewYard--addressDetailDetailsCountry-arrow"}]}
RESULT: {"script":"<script> [1562 bytes]","args":[{"selector":{"id":"application-manageyards-display-component---NewYard--addressDetailDetailsCountry-arrow"},"wdio_ui5_key":"applicationmanageyards-display-component---NewYard--addressDetailDetailsCountry-arrow"}]}
RESULT: undefined
COMMAND: POST /session/a230b9fa5e58e47def27534e3d005bf9/element - {"using":"xpath","value":"//*[@id=\"application-manageyards-display-component---NewYard--addressDetailDetailsCountry-arrow\"]"}
RESULT: {"using":"xpath","value":"//*[@id=\"application-manageyards-display-component---NewYard--addressDetailDetailsCountry-arrow\"]"}
COMMAND: POST /session/a230b9fa5e58e47def27534e3d005bf9/element/f.5A792F38359A1C743AD3061B3E5B94B4.d.B286A071C943F0690DEB1A391FD67D9B.e.14633/click - {}
RESULT: {}
COMMAND: POST /session/a230b9fa5e58e47def27534e3d005bf9/execute/async - {"script":"<script> [1562 bytes]","args":[{"selector":{"controlType":"sap.m.StandardListItem","viewName":"etm.portal.ui.manageyards.view.New","viewId":"application-manageyards-display-component---NewYard","properties":{"title":"Argentina"},"searchOpenDialogs":true,"interaction":{"idSuffix":"content"}},"wdio_ui5_key":"etmportal.ui.manageyards.view.Newsap.m.StandardListItem{\"title\":\"Argentina\"}"}]}
COMMAND: GET /session/a230b9fa5e58e47def27534e3d005bf9/screenshot - {}
RESULT: {"script":"<script> [1562 bytes]","args":[{"selector":{"controlType":"sap.m.StandardListItem","viewName":"etm.portal.ui.manageyards.view.New","viewId":"application-manageyards-display-component---NewYard","properties":{"title":"Argentina"},"searchOpenDialogs":true,"interaction":{"idSuffix":"content"}},"wdio_ui5_key":"etmportal.ui.manageyards.view.Newsap.m.StandardListItem{\"title\":\"Argentina\"}"}]}
RESULT: undefined
COMMAND: POST /session/a230b9fa5e58e47def27534e3d005bf9/element - {"using":"xpath","value":"//*[@id=\"__item144\"]"}
RESULT: {}
RESULT: {"using":"xpath","value":"//*[@id=\"__item144\"]"}
COMMAND: POST /session/a230b9fa5e58e47def27534e3d005bf9/element/f.5A792F38359A1C743AD3061B3E5B94B4.d.B286A071C943F0690DEB1A391FD67D9B.e.14660/click - {}
RESULT: {}
COMMAND: POST /session/a230b9fa5e58e47def27534e3d005bf9/execute/async - {"script":"<script> [1562 bytes]","args":[{"selector":{"controlType":"sap.m.Button","viewName":"etm.portal.ui.manageyards.view.New","viewId":"application-manageyards-display-component---NewYard","properties":{"text":"Commercial"},"interaction":{"idSuffix":"BDI-content"}},"wdio_ui5_key":"etmportal.ui.manageyards.view.Newsap.m.Button{\"text\":\"Commercial\"}"}]}
COMMAND: GET /session/a230b9fa5e58e47def27534e3d005bf9/screenshot - {}
RESULT: {"script":"<script> [1562 bytes]","args":[{"selector":{"controlType":"sap.m.Button","viewName":"etm.portal.ui.manageyards.view.New","viewId":"application-manageyards-display-component---NewYard","properties":{"text":"Commercial"},"interaction":{"idSuffix":"BDI-content"}},"wdio_ui5_key":"etmportal.ui.manageyards.view.Newsap.m.Button{\"text\":\"Commercial\"}"}]}
RESULT: undefined
COMMAND: POST /session/a230b9fa5e58e47def27534e3d005bf9/element - {"using":"xpath","value":"//*[@id=\"application-manageyards-display-component---NewYard--ObjectPageLayout-anchBar-__section5-anchor\"]"}
RESULT: {}
RESULT: {"using":"xpath","value":"//*[@id=\"application-manageyards-display-component---NewYard--ObjectPageLayout-anchBar-__section5-anchor\"]"}
COMMAND: POST /session/a230b9fa5e58e47def27534e3d005bf9/element/f.5A792F38359A1C743AD3061B3E5B94B4.d.B286A071C943F0690DEB1A391FD67D9B.e.14662/click - {}
RESULT: {}
COMMAND: GET /session/a230b9fa5e58e47def27534e3d005bf9/screenshot - {}
RESULT: {}
COMMAND: POST /session/a230b9fa5e58e47def27534e3d005bf9/execute/async - {"script":"<script> [1562 bytes]","args":[{"selector":{"id":"application-manageyards-display-component---NewYard--addressEditDetailsCostObjectCstType-arrow"},"wdio_ui5_key":"applicationmanageyards-display-component---NewYard--addressEditDetailsCostObjectCstType-arrow"}]}
RESULT: {"script":"<script> [1562 bytes]","args":[{"selector":{"id":"application-manageyards-display-component---NewYard--addressEditDetailsCostObjectCstType-arrow"},"wdio_ui5_key":"applicationmanageyards-display-component---NewYard--addressEditDetailsCostObjectCstType-arrow"}]}
RESULT: undefined
COMMAND: POST /session/a230b9fa5e58e47def27534e3d005bf9/element - {"using":"xpath","value":"//*[@id=\"application-manageyards-display-component---NewYard--addressEditDetailsCostObjectCstType-arrow\"]"}
RESULT: {"using":"xpath","value":"//*[@id=\"application-manageyards-display-component---NewYard--addressEditDetailsCostObjectCstType-arrow\"]"}
COMMAND: POST /session/a230b9fa5e58e47def27534e3d005bf9/element/f.5A792F38359A1C743AD3061B3E5B94B4.d.B286A071C943F0690DEB1A391FD67D9B.e.14671/click - {}
RESULT: {}
COMMAND: GET /session/a230b9fa5e58e47def27534e3d005bf9/screenshot - {}
RESULT: {}
COMMAND: POST /session/a230b9fa5e58e47def27534e3d005bf9/execute/async - {"script":"<script> [1562 bytes]","args":[{"selector":{"controlType":"sap.m.StandardListItem","viewName":"etm.portal.ui.manageyards.view.New","viewId":"application-manageyards-display-component---NewYard","properties":{"title":"Cost Center"},"searchOpenDialogs":true,"interaction":{"idSuffix":"titleText"}},"wdio_ui5_key":"etmportal.ui.manageyards.view.Newsap.m.StandardListItem{\"title\":\"Cost Center\"}"}]}
RESULT: {"script":"<script> [1562 bytes]","args":[{"selector":{"controlType":"sap.m.StandardListItem","viewName":"etm.portal.ui.manageyards.view.New","viewId":"application-manageyards-display-component---NewYard","properties":{"title":"Cost Center"},"searchOpenDialogs":true,"interaction":{"idSuffix":"titleText"}},"wdio_ui5_key":"etmportal.ui.manageyards.view.Newsap.m.StandardListItem{\"title\":\"Cost Center\"}"}]}
RESULT: undefined
COMMAND: POST /session/a230b9fa5e58e47def27534e3d005bf9/element - {"using":"xpath","value":"//*[@id=\"__item234\"]"}
RESULT: {"using":"xpath","value":"//*[@id=\"__item234\"]"}
COMMAND: POST /session/a230b9fa5e58e47def27534e3d005bf9/element/f.5A792F38359A1C743AD3061B3E5B94B4.d.B286A071C943F0690DEB1A391FD67D9B.e.14673/click - {}
RESULT: {}
COMMAND: POST /session/a230b9fa5e58e47def27534e3d005bf9/element - {"using":"xpath","value":"//input[@id=\"application-manageyards-display-component---NewYard--addressNewCostObjectCstID-inner\"]"}
COMMAND: GET /session/a230b9fa5e58e47def27534e3d005bf9/screenshot - {}
RESULT: {"using":"xpath","value":"//input[@id=\"application-manageyards-display-component---NewYard--addressNewCostObjectCstID-inner\"]"}
COMMAND: POST /session/a230b9fa5e58e47def27534e3d005bf9/element/f.5A792F38359A1C743AD3061B3E5B94B4.d.B286A071C943F0690DEB1A391FD67D9B.e.14471/clear - {}
RESULT: {}
COMMAND: POST /session/a230b9fa5e58e47def27534e3d005bf9/element - {"using":"xpath","value":"//input[@id=\"application-manageyards-display-component---NewYard--addressNewCostObjectCstID-inner\"]"}
RESULT: {"using":"xpath","value":"//input[@id=\"application-manageyards-display-component---NewYard--addressNewCostObjectCstID-inner\"]"}
COMMAND: POST /session/a230b9fa5e58e47def27534e3d005bf9/element/f.5A792F38359A1C743AD3061B3E5B94B4.d.B286A071C943F0690DEB1A391FD67D9B.e.14471/clear - {}
COMMAND: POST /session/a230b9fa5e58e47def27534e3d005bf9/element - {"using":"xpath","value":"//input[@id=\"application-manageyards-display-component---NewYard--addressNewCostObjectCstID-inner\"]"}
RESULT: {"using":"xpath","value":"//input[@id=\"application-manageyards-display-component---NewYard--addressNewCostObjectCstID-inner\"]"}
COMMAND: POST /session/a230b9fa5e58e47def27534e3d005bf9/element/f.5A792F38359A1C743AD3061B3E5B94B4.d.B286A071C943F0690DEB1A391FD67D9B.e.14676/clear - {}
COMMAND: POST /session/a230b9fa5e58e47def27534e3d005bf9/element - {"using":"xpath","value":"//input[@id=\"application-manageyards-display-component---NewYard--addressNewCostObjectCstID-inner\"]"}
RESULT: {"using":"xpath","value":"//input[@id=\"application-manageyards-display-component---NewYard--addressNewCostObjectCstID-inner\"]"}
COMMAND: POST /session/a230b9fa5e58e47def27534e3d005bf9/element/f.5A792F38359A1C743AD3061B3E5B94B4.d.B286A071C943F0690DEB1A391FD67D9B.e.14676/clear - {}
COMMAND: POST /session/a230b9fa5e58e47def27534e3d005bf9/element - {"using":"xpath","value":"//input[@id=\"application-manageyards-display-component---NewYard--addressNewCostObjectCstID-inner\"]"}
RESULT: {"using":"xpath","value":"//input[@id=\"application-manageyards-display-component---NewYard--addressNewCostObjectCstID-inner\"]"}
COMMAND: POST /session/a230b9fa5e58e47def27534e3d005bf9/element/f.5A792F38359A1C743AD3061B3E5B94B4.d.B286A071C943F0690DEB1A391FD67D9B.e.14678/clear - {}
RESULT: {}
COMMAND: POST /session/a230b9fa5e58e47def27534e3d005bf9/element/f.5A792F38359A1C743AD3061B3E5B94B4.d.B286A071C943F0690DEB1A391FD67D9B.e.14678/value - {"text":"10001013"}
COMMAND: GET /session/a230b9fa5e58e47def27534e3d005bf9/screenshot - {}
RESULT: {"text":"10001013"}
COMMAND: GET /session/a230b9fa5e58e47def27534e3d005bf9/screenshot - {}
RESULT: {}
RESULT: {}
COMMAND: POST /session/a230b9fa5e58e47def27534e3d005bf9/execute/async - {"script":"<script> [1562 bytes]","args":[{"selector":{"controlType":"sap.m.StandardListItem","viewName":"etm.portal.ui.manageyards.view.New","viewId":"application-manageyards-display-component---NewYard","properties":{"type":"Active"},"searchOpenDialogs":true,"interaction":{"idSuffix":"titleText"}},"wdio_ui5_key":"etmportal.ui.manageyards.view.Newsap.m.StandardListItem{\"type\":\"Active\"}"}]}
RESULT: {"script":"<script> [1562 bytes]","args":[{"selector":{"controlType":"sap.m.StandardListItem","viewName":"etm.portal.ui.manageyards.view.New","viewId":"application-manageyards-display-component---NewYard","properties":{"type":"Active"},"searchOpenDialogs":true,"interaction":{"idSuffix":"titleText"}},"wdio_ui5_key":"etmportal.ui.manageyards.view.Newsap.m.StandardListItem{\"type\":\"Active\"}"}]}
RESULT: undefined
COMMAND: POST /session/a230b9fa5e58e47def27534e3d005bf9/element - {"using":"xpath","value":"//*[@id=\"__item339\"]"}
RESULT: {"using":"xpath","value":"//*[@id=\"__item339\"]"}
COMMAND: POST /session/a230b9fa5e58e47def27534e3d005bf9/element/f.5A792F38359A1C743AD3061B3E5B94B4.d.B286A071C943F0690DEB1A391FD67D9B.e.14682/click - {}
RESULT: {}
COMMAND: POST /session/a230b9fa5e58e47def27534e3d005bf9/execute/async - {"script":"<script> [1562 bytes]","args":[{"selector":{"id":"application-manageyards-display-component---NewYard--addressEditDetailsCurrency-arrow"},"wdio_ui5_key":"applicationmanageyards-display-component---NewYard--addressEditDetailsCurrency-arrow"}]}
COMMAND: GET /session/a230b9fa5e58e47def27534e3d005bf9/screenshot - {}
RESULT: {"script":"<script> [1562 bytes]","args":[{"selector":{"id":"application-manageyards-display-component---NewYard--addressEditDetailsCurrency-arrow"},"wdio_ui5_key":"applicationmanageyards-display-component---NewYard--addressEditDetailsCurrency-arrow"}]}
RESULT: undefined
COMMAND: POST /session/a230b9fa5e58e47def27534e3d005bf9/element - {"using":"xpath","value":"//*[@id=\"application-manageyards-display-component---NewYard--addressEditDetailsCurrency-arrow\"]"}
RESULT: {}
RESULT: {"using":"xpath","value":"//*[@id=\"application-manageyards-display-component---NewYard--addressEditDetailsCurrency-arrow\"]"}
COMMAND: POST /session/a230b9fa5e58e47def27534e3d005bf9/element/f.5A792F38359A1C743AD3061B3E5B94B4.d.B286A071C943F0690DEB1A391FD67D9B.e.14684/click - {}
RESULT: {}
COMMAND: POST /session/a230b9fa5e58e47def27534e3d005bf9/execute/async - {"script":"<script> [1562 bytes]","args":[{"selector":{"controlType":"sap.m.StandardListItem","viewName":"etm.portal.ui.manageyards.view.New","viewId":"application-manageyards-display-component---NewYard","properties":{"title":"Euro"},"searchOpenDialogs":true,"interaction":{"idSuffix":"content"}},"wdio_ui5_key":"etmportal.ui.manageyards.view.Newsap.m.StandardListItem{\"title\":\"Euro\"}"}]}
COMMAND: GET /session/a230b9fa5e58e47def27534e3d005bf9/screenshot - {}
RESULT: {"script":"<script> [1562 bytes]","args":[{"selector":{"controlType":"sap.m.StandardListItem","viewName":"etm.portal.ui.manageyards.view.New","viewId":"application-manageyards-display-component---NewYard","properties":{"title":"Euro"},"searchOpenDialogs":true,"interaction":{"idSuffix":"content"}},"wdio_ui5_key":"etmportal.ui.manageyards.view.Newsap.m.StandardListItem{\"title\":\"Euro\"}"}]}
RESULT: undefined
COMMAND: POST /session/a230b9fa5e58e47def27534e3d005bf9/element - {"using":"xpath","value":"//*[@id=\"__item340\"]"}
RESULT: {}
RESULT: {"using":"xpath","value":"//*[@id=\"__item340\"]"}
COMMAND: POST /session/a230b9fa5e58e47def27534e3d005bf9/element/f.5A792F38359A1C743AD3061B3E5B94B4.d.B286A071C943F0690DEB1A391FD67D9B.e.14686/click - {}
RESULT: {}
COMMAND: POST /session/a230b9fa5e58e47def27534e3d005bf9/execute/async - {"script":"<script> [1562 bytes]","args":[{"selector":{"controlType":"sap.m.Input","viewName":"etm.portal.ui.manageyards.view.New","viewId":"application-manageyards-display-component---NewYard","bindingPath":{"path":"","propertyPath":"/CONTROLLING_AREA","modelName":"NewYardModel"},"interaction":{"idSuffix":"inner"}},"wdio_ui5_key":"etmportal.ui.manageyards.view.Newsap.m.Input{\"path\":\"\",\"propertyPath\":\"/CONTROLLING_AREA\",\"modelName\":\"NewYardModel\"}"}]}
COMMAND: GET /session/a230b9fa5e58e47def27534e3d005bf9/screenshot - {}
RESULT: {"script":"<script> [1562 bytes]","args":[{"selector":{"controlType":"sap.m.Input","viewName":"etm.portal.ui.manageyards.view.New","viewId":"application-manageyards-display-component---NewYard","bindingPath":{"path":"","propertyPath":"/CONTROLLING_AREA","modelName":"NewYardModel"},"interaction":{"idSuffix":"inner"}},"wdio_ui5_key":"etmportal.ui.manageyards.view.Newsap.m.Input{\"path\":\"\",\"propertyPath\":\"/CONTROLLING_AREA\",\"modelName\":\"NewYardModel\"}"}]}
RESULT: undefined
COMMAND: POST /session/a230b9fa5e58e47def27534e3d005bf9/execute/async - {"script":"<script> [776 bytes]","args":[{"enterText":"Z001","selector":{"controlType":"sap.m.Input","viewName":"etm.portal.ui.manageyards.view.New","viewId":"application-manageyards-display-component---NewYard","bindingPath":{"path":"","propertyPath":"/CONTROLLING_AREA","modelName":"NewYardModel"},"interaction":{"idSuffix":"inner"}},"clearTextFirst":true,"interactionType":"ENTER_TEXT"}]}
RESULT: {}
RESULT: {"script":"<script> [776 bytes]","args":[{"enterText":"Z001","selector":{"controlType":"sap.m.Input","viewName":"etm.portal.ui.manageyards.view.New","viewId":"application-manageyards-display-component---NewYard","bindingPath":{"path":"","propertyPath":"/CONTROLLING_AREA","modelName":"NewYardModel"},"interaction":{"idSuffix":"inner"}},"clearTextFirst":true,"interactionType":"ENTER_TEXT"}]}
COMMAND: POST /session/a230b9fa5e58e47def27534e3d005bf9/execute/async - {"script":"<script> [1562 bytes]","args":[{"selector":{"id":"application-manageyards-display-component---NewYard--companyCodeComboBox","interaction":{"idSuffix":"inner"}},"wdio_ui5_key":"applicationmanageyards-display-component---NewYard--companyCodeComboBox"}]}
RESULT: {"script":"<script> [1562 bytes]","args":[{"selector":{"id":"application-manageyards-display-component---NewYard--companyCodeComboBox","interaction":{"idSuffix":"inner"}},"wdio_ui5_key":"applicationmanageyards-display-component---NewYard--companyCodeComboBox"}]}
RESULT: undefined
COMMAND: POST /session/a230b9fa5e58e47def27534e3d005bf9/execute/async - {"script":"<script> [776 bytes]","args":[{"enterText":"1000","selector":{"id":"application-manageyards-display-component---NewYard--companyCodeComboBox","interaction":{"idSuffix":"inner"}},"clearTextFirst":true,"interactionType":"ENTER_TEXT"}]}
RESULT: {"script":"<script> [776 bytes]","args":[{"enterText":"1000","selector":{"id":"application-manageyards-display-component---NewYard--companyCodeComboBox","interaction":{"idSuffix":"inner"}},"clearTextFirst":true,"interactionType":"ENTER_TEXT"}]}
COMMAND: POST /session/a230b9fa5e58e47def27534e3d005bf9/execute/async - {"script":"<script> [1562 bytes]","args":[{"selector":{"controlType":"sap.m.Input","viewName":"etm.portal.ui.manageyards.view.New","viewId":"application-manageyards-display-component---NewYard","bindingPath":{"path":"","propertyPath":"/PLANT","modelName":"NewYardModel"},"interaction":{"idSuffix":"inner"}},"wdio_ui5_key":"etmportal.ui.manageyards.view.Newsap.m.Input{\"path\":\"\",\"propertyPath\":\"/PLANT\",\"modelName\":\"NewYardModel\"}"}]}
RESULT: {"script":"<script> [1562 bytes]","args":[{"selector":{"controlType":"sap.m.Input","viewName":"etm.portal.ui.manageyards.view.New","viewId":"application-manageyards-display-component---NewYard","bindingPath":{"path":"","propertyPath":"/PLANT","modelName":"NewYardModel"},"interaction":{"idSuffix":"inner"}},"wdio_ui5_key":"etmportal.ui.manageyards.view.Newsap.m.Input{\"path\":\"\",\"propertyPath\":\"/PLANT\",\"modelName\":\"NewYardModel\"}"}]}
RESULT: undefined
COMMAND: POST /session/a230b9fa5e58e47def27534e3d005bf9/execute/async - {"script":"<script> [776 bytes]","args":[{"enterText":"1001","selector":{"controlType":"sap.m.Input","viewName":"etm.portal.ui.manageyards.view.New","viewId":"application-manageyards-display-component---NewYard","bindingPath":{"path":"","propertyPath":"/PLANT","modelName":"NewYardModel"},"interaction":{"idSuffix":"inner"}},"clearTextFirst":true,"interactionType":"ENTER_TEXT"}]}
RESULT: {"script":"<script> [776 bytes]","args":[{"enterText":"1001","selector":{"controlType":"sap.m.Input","viewName":"etm.portal.ui.manageyards.view.New","viewId":"application-manageyards-display-component---NewYard","bindingPath":{"path":"","propertyPath":"/PLANT","modelName":"NewYardModel"},"interaction":{"idSuffix":"inner"}},"clearTextFirst":true,"interactionType":"ENTER_TEXT"}]}
COMMAND: POST /session/a230b9fa5e58e47def27534e3d005bf9/execute/async - {"script":"<script> [1562 bytes]","args":[{"selector":{"controlType":"sap.m.Input","viewName":"etm.portal.ui.manageyards.view.New","viewId":"application-manageyards-display-component---NewYard","bindingPath":{"path":"","propertyPath":"/SALES_AREA_VKORG","modelName":"NewYardModel"},"interaction":{"idSuffix":"inner"}},"wdio_ui5_key":"etmportal.ui.manageyards.view.Newsap.m.Input{\"path\":\"\",\"propertyPath\":\"/SALES_AREA_VKORG\",\"modelName\":\"NewYardModel\"}"}]}
RESULT: {"script":"<script> [1562 bytes]","args":[{"selector":{"controlType":"sap.m.Input","viewName":"etm.portal.ui.manageyards.view.New","viewId":"application-manageyards-display-component---NewYard","bindingPath":{"path":"","propertyPath":"/SALES_AREA_VKORG","modelName":"NewYardModel"},"interaction":{"idSuffix":"inner"}},"wdio_ui5_key":"etmportal.ui.manageyards.view.Newsap.m.Input{\"path\":\"\",\"propertyPath\":\"/SALES_AREA_VKORG\",\"modelName\":\"NewYardModel\"}"}]}
RESULT: undefined
COMMAND: POST /session/a230b9fa5e58e47def27534e3d005bf9/execute/async - {"script":"<script> [776 bytes]","args":[{"enterText":"C002","selector":{"controlType":"sap.m.Input","viewName":"etm.portal.ui.manageyards.view.New","viewId":"application-manageyards-display-component---NewYard","bindingPath":{"path":"","propertyPath":"/SALES_AREA_VKORG","modelName":"NewYardModel"},"interaction":{"idSuffix":"inner"}},"clearTextFirst":true,"interactionType":"ENTER_TEXT"}]}
RESULT: {"script":"<script> [776 bytes]","args":[{"enterText":"C002","selector":{"controlType":"sap.m.Input","viewName":"etm.portal.ui.manageyards.view.New","viewId":"application-manageyards-display-component---NewYard","bindingPath":{"path":"","propertyPath":"/SALES_AREA_VKORG","modelName":"NewYardModel"},"interaction":{"idSuffix":"inner"}},"clearTextFirst":true,"interactionType":"ENTER_TEXT"}]}
COMMAND: POST /session/a230b9fa5e58e47def27534e3d005bf9/execute/async - {"script":"<script> [1562 bytes]","args":[{"selector":{"controlType":"sap.m.Input","viewName":"etm.portal.ui.manageyards.view.New","viewId":"application-manageyards-display-component---NewYard","bindingPath":{"path":"","propertyPath":"/SALES_AREA_VTWEG","modelName":"NewYardModel"},"interaction":{"idSuffix":"inner"}},"wdio_ui5_key":"etmportal.ui.manageyards.view.Newsap.m.Input{\"path\":\"\",\"propertyPath\":\"/SALES_AREA_VTWEG\",\"modelName\":\"NewYardModel\"}"}]}
RESULT: {"script":"<script> [1562 bytes]","args":[{"selector":{"controlType":"sap.m.Input","viewName":"etm.portal.ui.manageyards.view.New","viewId":"application-manageyards-display-component---NewYard","bindingPath":{"path":"","propertyPath":"/SALES_AREA_VTWEG","modelName":"NewYardModel"},"interaction":{"idSuffix":"inner"}},"wdio_ui5_key":"etmportal.ui.manageyards.view.Newsap.m.Input{\"path\":\"\",\"propertyPath\":\"/SALES_AREA_VTWEG\",\"modelName\":\"NewYardModel\"}"}]}
RESULT: undefined
COMMAND: POST /session/a230b9fa5e58e47def27534e3d005bf9/execute/async - {"script":"<script> [776 bytes]","args":[{"enterText":"C2","selector":{"controlType":"sap.m.Input","viewName":"etm.portal.ui.manageyards.view.New","viewId":"application-manageyards-display-component---NewYard","bindingPath":{"path":"","propertyPath":"/SALES_AREA_VTWEG","modelName":"NewYardModel"},"interaction":{"idSuffix":"inner"}},"clearTextFirst":true,"interactionType":"ENTER_TEXT"}]}
RESULT: {"script":"<script> [776 bytes]","args":[{"enterText":"C2","selector":{"controlType":"sap.m.Input","viewName":"etm.portal.ui.manageyards.view.New","viewId":"application-manageyards-display-component---NewYard","bindingPath":{"path":"","propertyPath":"/SALES_AREA_VTWEG","modelName":"NewYardModel"},"interaction":{"idSuffix":"inner"}},"clearTextFirst":true,"interactionType":"ENTER_TEXT"}]}
COMMAND: POST /session/a230b9fa5e58e47def27534e3d005bf9/execute/async - {"script":"<script> [1562 bytes]","args":[{"selector":{"controlType":"sap.m.Input","viewName":"etm.portal.ui.manageyards.view.New","viewId":"application-manageyards-display-component---NewYard","bindingPath":{"path":"","propertyPath":"/SALES_AREA_SPART","modelName":"NewYardModel"},"interaction":{"idSuffix":"inner"}},"wdio_ui5_key":"etmportal.ui.manageyards.view.Newsap.m.Input{\"path\":\"\",\"propertyPath\":\"/SALES_AREA_SPART\",\"modelName\":\"NewYardModel\"}"}]}
RESULT: {"script":"<script> [1562 bytes]","args":[{"selector":{"controlType":"sap.m.Input","viewName":"etm.portal.ui.manageyards.view.New","viewId":"application-manageyards-display-component---NewYard","bindingPath":{"path":"","propertyPath":"/SALES_AREA_SPART","modelName":"NewYardModel"},"interaction":{"idSuffix":"inner"}},"wdio_ui5_key":"etmportal.ui.manageyards.view.Newsap.m.Input{\"path\":\"\",\"propertyPath\":\"/SALES_AREA_SPART\",\"modelName\":\"NewYardModel\"}"}]}
RESULT: undefined
COMMAND: POST /session/a230b9fa5e58e47def27534e3d005bf9/execute/async - {"script":"<script> [776 bytes]","args":[{"enterText":"C2","selector":{"controlType":"sap.m.Input","viewName":"etm.portal.ui.manageyards.view.New","viewId":"application-manageyards-display-component---NewYard","bindingPath":{"path":"","propertyPath":"/SALES_AREA_SPART","modelName":"NewYardModel"},"interaction":{"idSuffix":"inner"}},"clearTextFirst":true,"interactionType":"ENTER_TEXT"}]}
RESULT: {"script":"<script> [776 bytes]","args":[{"enterText":"C2","selector":{"controlType":"sap.m.Input","viewName":"etm.portal.ui.manageyards.view.New","viewId":"application-manageyards-display-component---NewYard","bindingPath":{"path":"","propertyPath":"/SALES_AREA_SPART","modelName":"NewYardModel"},"interaction":{"idSuffix":"inner"}},"clearTextFirst":true,"interactionType":"ENTER_TEXT"}]}
COMMAND: POST /session/a230b9fa5e58e47def27534e3d005bf9/execute/async - {"script":"<script> [1562 bytes]","args":[{"selector":{"controlType":"sap.m.Input","viewName":"etm.portal.ui.manageyards.view.New","viewId":"application-manageyards-display-component---NewYard","bindingPath":{"path":"","propertyPath":"/SHIP_POINT","modelName":"NewYardModel"},"interaction":{"idSuffix":"inner"}},"wdio_ui5_key":"etmportal.ui.manageyards.view.Newsap.m.Input{\"path\":\"\",\"propertyPath\":\"/SHIP_POINT\",\"modelName\":\"NewYardModel\"}"}]}
RESULT: {"script":"<script> [1562 bytes]","args":[{"selector":{"controlType":"sap.m.Input","viewName":"etm.portal.ui.manageyards.view.New","viewId":"application-manageyards-display-component---NewYard","bindingPath":{"path":"","propertyPath":"/SHIP_POINT","modelName":"NewYardModel"},"interaction":{"idSuffix":"inner"}},"wdio_ui5_key":"etmportal.ui.manageyards.view.Newsap.m.Input{\"path\":\"\",\"propertyPath\":\"/SHIP_POINT\",\"modelName\":\"NewYardModel\"}"}]}
RESULT: undefined
COMMAND: POST /session/a230b9fa5e58e47def27534e3d005bf9/execute/async - {"script":"<script> [776 bytes]","args":[{"enterText":"1710","selector":{"controlType":"sap.m.Input","viewName":"etm.portal.ui.manageyards.view.New","viewId":"application-manageyards-display-component---NewYard","bindingPath":{"path":"","propertyPath":"/SHIP_POINT","modelName":"NewYardModel"},"interaction":{"idSuffix":"inner"}},"clearTextFirst":true,"interactionType":"ENTER_TEXT"}]}
RESULT: {"script":"<script> [776 bytes]","args":[{"enterText":"1710","selector":{"controlType":"sap.m.Input","viewName":"etm.portal.ui.manageyards.view.New","viewId":"application-manageyards-display-component---NewYard","bindingPath":{"path":"","propertyPath":"/SHIP_POINT","modelName":"NewYardModel"},"interaction":{"idSuffix":"inner"}},"clearTextFirst":true,"interactionType":"ENTER_TEXT"}]}
COMMAND: POST /session/a230b9fa5e58e47def27534e3d005bf9/execute/async - {"script":"<script> [1562 bytes]","args":[{"selector":{"controlType":"sap.m.Input","viewName":"etm.portal.ui.manageyards.view.New","viewId":"application-manageyards-display-component---NewYard","bindingPath":{"path":"","propertyPath":"/DELIVERY_TYPE","modelName":"NewYardModel"},"interaction":{"idSuffix":"inner"}},"wdio_ui5_key":"etmportal.ui.manageyards.view.Newsap.m.Input{\"path\":\"\",\"propertyPath\":\"/DELIVERY_TYPE\",\"modelName\":\"NewYardModel\"}"}]}
RESULT: {"script":"<script> [1562 bytes]","args":[{"selector":{"controlType":"sap.m.Input","viewName":"etm.portal.ui.manageyards.view.New","viewId":"application-manageyards-display-component---NewYard","bindingPath":{"path":"","propertyPath":"/DELIVERY_TYPE","modelName":"NewYardModel"},"interaction":{"idSuffix":"inner"}},"wdio_ui5_key":"etmportal.ui.manageyards.view.Newsap.m.Input{\"path\":\"\",\"propertyPath\":\"/DELIVERY_TYPE\",\"modelName\":\"NewYardModel\"}"}]}
RESULT: undefined
COMMAND: POST /session/a230b9fa5e58e47def27534e3d005bf9/execute/async - {"script":"<script> [776 bytes]","args":[{"enterText":"ZL01","selector":{"controlType":"sap.m.Input","viewName":"etm.portal.ui.manageyards.view.New","viewId":"application-manageyards-display-component---NewYard","bindingPath":{"path":"","propertyPath":"/DELIVERY_TYPE","modelName":"NewYardModel"},"interaction":{"idSuffix":"inner"}},"clearTextFirst":true,"interactionType":"ENTER_TEXT"}]}
RESULT: {"script":"<script> [776 bytes]","args":[{"enterText":"ZL01","selector":{"controlType":"sap.m.Input","viewName":"etm.portal.ui.manageyards.view.New","viewId":"application-manageyards-display-component---NewYard","bindingPath":{"path":"","propertyPath":"/DELIVERY_TYPE","modelName":"NewYardModel"},"interaction":{"idSuffix":"inner"}},"clearTextFirst":true,"interactionType":"ENTER_TEXT"}]}
COMMAND: POST /session/a230b9fa5e58e47def27534e3d005bf9/execute/async - {"script":"<script> [1562 bytes]","args":[{"selector":{"controlType":"sap.m.Input","viewName":"etm.portal.ui.manageyards.view.New","viewId":"application-manageyards-display-component---NewYard","bindingPath":{"path":"","propertyPath":"/AUART","modelName":"NewYardModel"},"interaction":{"idSuffix":"inner"}},"wdio_ui5_key":"etmportal.ui.manageyards.view.Newsap.m.Input{\"path\":\"\",\"propertyPath\":\"/AUART\",\"modelName\":\"NewYardModel\"}"}]}
RESULT: {"script":"<script> [1562 bytes]","args":[{"selector":{"controlType":"sap.m.Input","viewName":"etm.portal.ui.manageyards.view.New","viewId":"application-manageyards-display-component---NewYard","bindingPath":{"path":"","propertyPath":"/AUART","modelName":"NewYardModel"},"interaction":{"idSuffix":"inner"}},"wdio_ui5_key":"etmportal.ui.manageyards.view.Newsap.m.Input{\"path\":\"\",\"propertyPath\":\"/AUART\",\"modelName\":\"NewYardModel\"}"}]}
RESULT: undefined
COMMAND: POST /session/a230b9fa5e58e47def27534e3d005bf9/execute/async - {"script":"<script> [776 bytes]","args":[{"enterText":"TA","selector":{"controlType":"sap.m.Input","viewName":"etm.portal.ui.manageyards.view.New","viewId":"application-manageyards-display-component---NewYard","bindingPath":{"path":"","propertyPath":"/AUART","modelName":"NewYardModel"},"interaction":{"idSuffix":"inner"}},"clearTextFirst":true,"interactionType":"ENTER_TEXT"}]}
RESULT: {"script":"<script> [776 bytes]","args":[{"enterText":"TA","selector":{"controlType":"sap.m.Input","viewName":"etm.portal.ui.manageyards.view.New","viewId":"application-manageyards-display-component---NewYard","bindingPath":{"path":"","propertyPath":"/AUART","modelName":"NewYardModel"},"interaction":{"idSuffix":"inner"}},"clearTextFirst":true,"interactionType":"ENTER_TEXT"}]}
COMMAND: POST /session/a230b9fa5e58e47def27534e3d005bf9/execute/async - {"script":"<script> [1562 bytes]","args":[{"selector":{"controlType":"sap.m.Button","viewName":"etm.portal.ui.manageyards.view.New","viewId":"application-manageyards-display-component---NewYard","i18NText":{"propertyName":"text","key":"save"},"interaction":{"idSuffix":"BDI-content"}},"wdio_ui5_key":"etmportal.ui.manageyards.view.Newsap.m.Button{\"propertyName\":\"text\",\"key\":\"save\"}"}]}
RESULT: {"script":"<script> [1562 bytes]","args":[{"selector":{"controlType":"sap.m.Button","viewName":"etm.portal.ui.manageyards.view.New","viewId":"application-manageyards-display-component---NewYard","i18NText":{"propertyName":"text","key":"save"},"interaction":{"idSuffix":"BDI-content"}},"wdio_ui5_key":"etmportal.ui.manageyards.view.Newsap.m.Button{\"propertyName\":\"text\",\"key\":\"save\"}"}]}
RESULT: undefined
COMMAND: POST /session/a230b9fa5e58e47def27534e3d005bf9/element - {"using":"xpath","value":"//*[@id=\"__button18\"]"}
RESULT: {"using":"xpath","value":"//*[@id=\"__button18\"]"}
COMMAND: POST /session/a230b9fa5e58e47def27534e3d005bf9/element/f.5A792F38359A1C743AD3061B3E5B94B4.d.B286A071C943F0690DEB1A391FD67D9B.e.14624/click - {}
RESULT: {}
COMMAND: GET /session/a230b9fa5e58e47def27534e3d005bf9/screenshot - {}
COMMAND: POST /session/a230b9fa5e58e47def27534e3d005bf9/execute/async - {"script":"<script> [1562 bytes]","args":[{"selector":{"controlType":"sap.m.Text","viewName":"etm.portal.ui.manageyards.view.Detail","viewId":"application-manageyards-display-component---detailYard","bindingPath":{"propertyPath":"ID","modelName":"catalogModel"}},"wdio_ui5_key":"etmportal.ui.manageyards.view.Detailsap.m.Text{\"propertyPath\":\"ID\",\"modelName\":\"catalogModel\"}"}]}
RESULT: {}
RESULT: {"script":"<script> [1562 bytes]","args":[{"selector":{"controlType":"sap.m.Text","viewName":"etm.portal.ui.manageyards.view.Detail","viewId":"application-manageyards-display-component---detailYard","bindingPath":{"propertyPath":"ID","modelName":"catalogModel"}},"wdio_ui5_key":"etmportal.ui.manageyards.view.Detailsap.m.Text{\"propertyPath\":\"ID\",\"modelName\":\"catalogModel\"}"}]}
RESULT: undefined
COMMAND: POST /session/a230b9fa5e58e47def27534e3d005bf9/execute/async - {"script":"<script> [6424 bytes]","args":[{"element-6066-11e4-a52e-4f735466cecf":"f.5A792F38359A1C743AD3061B3E5B94B4.d.B286A071C943F0690DEB1A391FD67D9B.e.14886"},"getText",[]]}
RESULT: {"script":"<script> [6424 bytes]","args":[{"element-6066-11e4-a52e-4f735466cecf":"f.5A792F38359A1C743AD3061B3E5B94B4.d.B286A071C943F0690DEB1A391FD67D9B.e.14886"},"getText",[]]}
COMMAND: POST /session/a230b9fa5e58e47def27534e3d005bf9/element - {"using":"css selector","value":"#shell-header-logo"}
RESULT: {"using":"css selector","value":"#shell-header-logo"}
COMMAND: POST /session/a230b9fa5e58e47def27534e3d005bf9/element/f.5A792F38359A1C743AD3061B3E5B94B4.d.B286A071C943F0690DEB1A391FD67D9B.e.14188/click - {}
RESULT: {}
COMMAND: GET /session/a230b9fa5e58e47def27534e3d005bf9/screenshot - {}
RESULT: {}
]]></system-out>
    </testcase>
    <testcase classname="chrome.135_0_7049_96.windows.Provide_to_Site_w/o_warehouse_management_w/_clarification_US116605" name="Should create WHM site" time="62.067">
      <system-out><![CDATA[
COMMAND: POST /session/a230b9fa5e58e47def27534e3d005bf9/execute/async - {"script":"<script> [1562 bytes]","args":[{"selector":{"controlType":"sap.m.GenericTile","properties":{"header":"Manage Sites"}},"wdio_ui5_key":"sapm.GenericTile{\"header\":\"Manage Sites\"}"}]}
RESULT: {"script":"<script> [1562 bytes]","args":[{"selector":{"controlType":"sap.m.GenericTile","properties":{"header":"Manage Sites"}},"wdio_ui5_key":"sapm.GenericTile{\"header\":\"Manage Sites\"}"}]}
RESULT: undefined
COMMAND: POST /session/a230b9fa5e58e47def27534e3d005bf9/element - {"using":"xpath","value":"//*[@id=\"__tile40\"]"}
RESULT: {"using":"xpath","value":"//*[@id=\"__tile40\"]"}
COMMAND: POST /session/a230b9fa5e58e47def27534e3d005bf9/element/f.5A792F38359A1C743AD3061B3E5B94B4.d.B286A071C943F0690DEB1A391FD67D9B.e.14889/click - {}
RESULT: {}
COMMAND: GET /session/a230b9fa5e58e47def27534e3d005bf9/screenshot - {}
RESULT: {}
COMMAND: POST /session/a230b9fa5e58e47def27534e3d005bf9/execute/async - {"script":"<script> [1562 bytes]","args":[{"selector":{"controlType":"sap.ui.core.Icon","viewName":"etm.portal.ui.managesites.view.Master","viewId":"application-managesites-display-component---masterSite","properties":{"src":{"regex":{"source":"add"}}}},"wdio_ui5_key":"etmportal.ui.managesites.view.Mastersap.ui.core.Icon{\"src\":{\"regex\":{\"source\":\"add\"}}}"}]}
RESULT: {"script":"<script> [1562 bytes]","args":[{"selector":{"controlType":"sap.ui.core.Icon","viewName":"etm.portal.ui.managesites.view.Master","viewId":"application-managesites-display-component---masterSite","properties":{"src":{"regex":{"source":"add"}}}},"wdio_ui5_key":"etmportal.ui.managesites.view.Mastersap.ui.core.Icon{\"src\":{\"regex\":{\"source\":\"add\"}}}"}]}
RESULT: undefined
COMMAND: POST /session/a230b9fa5e58e47def27534e3d005bf9/element - {"using":"xpath","value":"//*[@id=\"__button64-img\"]"}
RESULT: {"using":"xpath","value":"//*[@id=\"__button64-img\"]"}
COMMAND: POST /session/a230b9fa5e58e47def27534e3d005bf9/element/f.5A792F38359A1C743AD3061B3E5B94B4.d.B286A071C943F0690DEB1A391FD67D9B.e.14936/click - {}
RESULT: {}
COMMAND: GET /session/a230b9fa5e58e47def27534e3d005bf9/screenshot - {}
COMMAND: POST /session/a230b9fa5e58e47def27534e3d005bf9/execute/async - {"script":"<script> [1562 bytes]","args":[{"selector":{"controlType":"sap.m.Button","viewName":"etm.portal.ui.managesites.view.NewSmartSite","viewId":"application-managesites-display-component---NewSite","properties":{"text":"General Information"},"interaction":{"idSuffix":"BDI-content"}},"wdio_ui5_key":"etmportal.ui.managesites.view.NewSmartSitesap.m.Button{\"text\":\"General Information\"}"}]}
RESULT: {}
RESULT: {"script":"<script> [1562 bytes]","args":[{"selector":{"controlType":"sap.m.Button","viewName":"etm.portal.ui.managesites.view.NewSmartSite","viewId":"application-managesites-display-component---NewSite","properties":{"text":"General Information"},"interaction":{"idSuffix":"BDI-content"}},"wdio_ui5_key":"etmportal.ui.managesites.view.NewSmartSitesap.m.Button{\"text\":\"General Information\"}"}]}
RESULT: undefined
COMMAND: POST /session/a230b9fa5e58e47def27534e3d005bf9/element - {"using":"xpath","value":"//*[@id=\"application-managesites-display-component---NewSite--ObjectPageLayout-anchBar-__section31-anchor\"]"}
RESULT: {"using":"xpath","value":"//*[@id=\"application-managesites-display-component---NewSite--ObjectPageLayout-anchBar-__section31-anchor\"]"}
COMMAND: POST /session/a230b9fa5e58e47def27534e3d005bf9/element/f.5A792F38359A1C743AD3061B3E5B94B4.d.B286A071C943F0690DEB1A391FD67D9B.e.15495/click - {}
RESULT: {}
COMMAND: POST /session/a230b9fa5e58e47def27534e3d005bf9/execute/async - {"script":"<script> [1562 bytes]","args":[{"selector":{"id":"application-managesites-display-component---NewSite--addressDetailDetailsName1","interaction":{"idSuffix":"inner"}},"wdio_ui5_key":"applicationmanagesites-display-component---NewSite--addressDetailDetailsName1"}]}
COMMAND: GET /session/a230b9fa5e58e47def27534e3d005bf9/screenshot - {}
RESULT: {"script":"<script> [1562 bytes]","args":[{"selector":{"id":"application-managesites-display-component---NewSite--addressDetailDetailsName1","interaction":{"idSuffix":"inner"}},"wdio_ui5_key":"applicationmanagesites-display-component---NewSite--addressDetailDetailsName1"}]}
RESULT: undefined
COMMAND: POST /session/a230b9fa5e58e47def27534e3d005bf9/execute/async - {"script":"<script> [776 bytes]","args":[{"enterText":"WDI5 WHM Site","selector":{"id":"application-managesites-display-component---NewSite--addressDetailDetailsName1","interaction":{"idSuffix":"inner"}},"clearTextFirst":true,"interactionType":"ENTER_TEXT"}]}
RESULT: {}
RESULT: {"script":"<script> [776 bytes]","args":[{"enterText":"WDI5 WHM Site","selector":{"id":"application-managesites-display-component---NewSite--addressDetailDetailsName1","interaction":{"idSuffix":"inner"}},"clearTextFirst":true,"interactionType":"ENTER_TEXT"}]}
COMMAND: POST /session/a230b9fa5e58e47def27534e3d005bf9/execute/async - {"script":"<script> [1562 bytes]","args":[{"selector":{"id":"application-managesites-display-component---NewSite--addressDetailDetailsLanguage","interaction":{"idSuffix":"inner"}},"wdio_ui5_key":"applicationmanagesites-display-component---NewSite--addressDetailDetailsLanguage"}]}
RESULT: {"script":"<script> [1562 bytes]","args":[{"selector":{"id":"application-managesites-display-component---NewSite--addressDetailDetailsLanguage","interaction":{"idSuffix":"inner"}},"wdio_ui5_key":"applicationmanagesites-display-component---NewSite--addressDetailDetailsLanguage"}]}
RESULT: undefined
COMMAND: POST /session/a230b9fa5e58e47def27534e3d005bf9/execute/async - {"script":"<script> [776 bytes]","args":[{"enterText":"Romanian","selector":{"id":"application-managesites-display-component---NewSite--addressDetailDetailsLanguage","interaction":{"idSuffix":"inner"}},"clearTextFirst":true,"interactionType":"ENTER_TEXT"}]}
RESULT: {"script":"<script> [776 bytes]","args":[{"enterText":"Romanian","selector":{"id":"application-managesites-display-component---NewSite--addressDetailDetailsLanguage","interaction":{"idSuffix":"inner"}},"clearTextFirst":true,"interactionType":"ENTER_TEXT"}]}
COMMAND: POST /session/a230b9fa5e58e47def27534e3d005bf9/execute/async - {"script":"<script> [1562 bytes]","args":[{"selector":{"id":"application-managesites-display-component---NewSite--addressDetailDetailsCity1","interaction":{"idSuffix":"inner"}},"wdio_ui5_key":"applicationmanagesites-display-component---NewSite--addressDetailDetailsCity1"}]}
RESULT: {"script":"<script> [1562 bytes]","args":[{"selector":{"id":"application-managesites-display-component---NewSite--addressDetailDetailsCity1","interaction":{"idSuffix":"inner"}},"wdio_ui5_key":"applicationmanagesites-display-component---NewSite--addressDetailDetailsCity1"}]}
RESULT: undefined
COMMAND: POST /session/a230b9fa5e58e47def27534e3d005bf9/execute/async - {"script":"<script> [776 bytes]","args":[{"enterText":"Bucharest","selector":{"id":"application-managesites-display-component---NewSite--addressDetailDetailsCity1","interaction":{"idSuffix":"inner"}},"clearTextFirst":true,"interactionType":"ENTER_TEXT"}]}
RESULT: {"script":"<script> [776 bytes]","args":[{"enterText":"Bucharest","selector":{"id":"application-managesites-display-component---NewSite--addressDetailDetailsCity1","interaction":{"idSuffix":"inner"}},"clearTextFirst":true,"interactionType":"ENTER_TEXT"}]}
COMMAND: POST /session/a230b9fa5e58e47def27534e3d005bf9/execute/async - {"script":"<script> [1562 bytes]","args":[{"selector":{"id":"application-managesites-display-component---NewSite--addressDetailDetailsCountry","interaction":{"idSuffix":"inner"}},"wdio_ui5_key":"applicationmanagesites-display-component---NewSite--addressDetailDetailsCountry"}]}
RESULT: {"script":"<script> [1562 bytes]","args":[{"selector":{"id":"application-managesites-display-component---NewSite--addressDetailDetailsCountry","interaction":{"idSuffix":"inner"}},"wdio_ui5_key":"applicationmanagesites-display-component---NewSite--addressDetailDetailsCountry"}]}
RESULT: undefined
COMMAND: POST /session/a230b9fa5e58e47def27534e3d005bf9/execute/async - {"script":"<script> [6424 bytes]","args":[{"element-6066-11e4-a52e-4f735466cecf":"f.5A792F38359A1C743AD3061B3E5B94B4.d.B286A071C943F0690DEB1A391FD67D9B.e.15293"},"setValue",["Romania"]]}
RESULT: {"script":"<script> [6424 bytes]","args":[{"element-6066-11e4-a52e-4f735466cecf":"f.5A792F38359A1C743AD3061B3E5B94B4.d.B286A071C943F0690DEB1A391FD67D9B.e.15293"},"setValue",["Romania"]]}
COMMAND: POST /session/a230b9fa5e58e47def27534e3d005bf9/execute/async - {"script":"<script> [1562 bytes]","args":[{"selector":{"id":"application-managesites-display-component---NewSite--addressDetailDetailsCalendar","interaction":{"idSuffix":"inner"}},"wdio_ui5_key":"applicationmanagesites-display-component---NewSite--addressDetailDetailsCalendar"}]}
RESULT: {"script":"<script> [1562 bytes]","args":[{"selector":{"id":"application-managesites-display-component---NewSite--addressDetailDetailsCalendar","interaction":{"idSuffix":"inner"}},"wdio_ui5_key":"applicationmanagesites-display-component---NewSite--addressDetailDetailsCalendar"}]}
RESULT: undefined
COMMAND: POST /session/a230b9fa5e58e47def27534e3d005bf9/execute/async - {"script":"<script> [776 bytes]","args":[{"enterText":"8 - Germany (Standard)","selector":{"id":"application-managesites-display-component---NewSite--addressDetailDetailsCalendar","interaction":{"idSuffix":"inner"}},"clearTextFirst":true,"interactionType":"ENTER_TEXT"}]}
RESULT: {"script":"<script> [776 bytes]","args":[{"enterText":"8 - Germany (Standard)","selector":{"id":"application-managesites-display-component---NewSite--addressDetailDetailsCalendar","interaction":{"idSuffix":"inner"}},"clearTextFirst":true,"interactionType":"ENTER_TEXT"}]}
COMMAND: POST /session/a230b9fa5e58e47def27534e3d005bf9/element - {"using":"xpath","value":"//input[@id=\"application-managesites-display-component---NewSite--addressDetailDetailsYard-inner\"]"}
RESULT: {"using":"xpath","value":"//input[@id=\"application-managesites-display-component---NewSite--addressDetailDetailsYard-inner\"]"}
COMMAND: POST /session/a230b9fa5e58e47def27534e3d005bf9/element/f.5A792F38359A1C743AD3061B3E5B94B4.d.B286A071C943F0690DEB1A391FD67D9B.e.15304/clear - {}
RESULT: {}
COMMAND: POST /session/a230b9fa5e58e47def27534e3d005bf9/element/f.5A792F38359A1C743AD3061B3E5B94B4.d.B286A071C943F0690DEB1A391FD67D9B.e.15304/value - {"text":"343"}
COMMAND: GET /session/a230b9fa5e58e47def27534e3d005bf9/screenshot - {}
RESULT: {"text":"343"}
COMMAND: GET /session/a230b9fa5e58e47def27534e3d005bf9/screenshot - {}
RESULT: {}
RESULT: {}
COMMAND: POST /session/a230b9fa5e58e47def27534e3d005bf9/execute/async - {"script":"<script> [1562 bytes]","args":[{"selector":{"controlType":"sap.m.Button","viewName":"etm.portal.ui.managesites.view.NewSmartSite","viewId":"application-managesites-display-component---NewSite","properties":{"text":"Commercial"},"interaction":{"idSuffix":"BDI-content"}},"wdio_ui5_key":"etmportal.ui.managesites.view.NewSmartSitesap.m.Button{\"text\":\"Commercial\"}"}]}
RESULT: {"script":"<script> [1562 bytes]","args":[{"selector":{"controlType":"sap.m.Button","viewName":"etm.portal.ui.managesites.view.NewSmartSite","viewId":"application-managesites-display-component---NewSite","properties":{"text":"Commercial"},"interaction":{"idSuffix":"BDI-content"}},"wdio_ui5_key":"etmportal.ui.managesites.view.NewSmartSitesap.m.Button{\"text\":\"Commercial\"}"}]}
RESULT: undefined
COMMAND: POST /session/a230b9fa5e58e47def27534e3d005bf9/element - {"using":"xpath","value":"//*[@id=\"application-managesites-display-component---NewSite--ObjectPageLayout-anchBar-__section33-anchor\"]"}
RESULT: {"using":"xpath","value":"//*[@id=\"application-managesites-display-component---NewSite--ObjectPageLayout-anchBar-__section33-anchor\"]"}
COMMAND: POST /session/a230b9fa5e58e47def27534e3d005bf9/element/f.5A792F38359A1C743AD3061B3E5B94B4.d.B286A071C943F0690DEB1A391FD67D9B.e.15505/click - {}
RESULT: {}
COMMAND: POST /session/a230b9fa5e58e47def27534e3d005bf9/execute/async - {"script":"<script> [1562 bytes]","args":[{"selector":{"controlType":"sap.m.Button","viewName":"etm.portal.ui.managesites.view.NewSmartSite","viewId":"application-managesites-display-component---NewSite","i18NText":{"propertyName":"text","key":"save"},"interaction":{"idSuffix":"BDI-content"}},"wdio_ui5_key":"etmportal.ui.managesites.view.NewSmartSitesap.m.Button{\"propertyName\":\"text\",\"key\":\"save\"}"}]}
COMMAND: GET /session/a230b9fa5e58e47def27534e3d005bf9/screenshot - {}
RESULT: {"script":"<script> [1562 bytes]","args":[{"selector":{"controlType":"sap.m.Button","viewName":"etm.portal.ui.managesites.view.NewSmartSite","viewId":"application-managesites-display-component---NewSite","i18NText":{"propertyName":"text","key":"save"},"interaction":{"idSuffix":"BDI-content"}},"wdio_ui5_key":"etmportal.ui.managesites.view.NewSmartSitesap.m.Button{\"propertyName\":\"text\",\"key\":\"save\"}"}]}
RESULT: undefined
COMMAND: POST /session/a230b9fa5e58e47def27534e3d005bf9/element - {"using":"xpath","value":"//*[@id=\"__button76\"]"}
RESULT: {}
RESULT: {"using":"xpath","value":"//*[@id=\"__button76\"]"}
COMMAND: POST /session/a230b9fa5e58e47def27534e3d005bf9/element/f.5A792F38359A1C743AD3061B3E5B94B4.d.B286A071C943F0690DEB1A391FD67D9B.e.15481/click - {}
RESULT: {}
COMMAND: GET /session/a230b9fa5e58e47def27534e3d005bf9/screenshot - {}
RESULT: {}
COMMAND: POST /session/a230b9fa5e58e47def27534e3d005bf9/execute/async - {"script":"<script> [1562 bytes]","args":[{"selector":{"controlType":"sap.m.Text","viewName":"etm.portal.ui.managesites.view.Detail","viewId":"application-managesites-display-component---detailSite","bindingPath":{"propertyPath":"ID","modelName":"catalogModel"}},"wdio_ui5_key":"etmportal.ui.managesites.view.Detailsap.m.Text{\"propertyPath\":\"ID\",\"modelName\":\"catalogModel\"}"}]}
RESULT: {"script":"<script> [1562 bytes]","args":[{"selector":{"controlType":"sap.m.Text","viewName":"etm.portal.ui.managesites.view.Detail","viewId":"application-managesites-display-component---detailSite","bindingPath":{"propertyPath":"ID","modelName":"catalogModel"}},"wdio_ui5_key":"etmportal.ui.managesites.view.Detailsap.m.Text{\"propertyPath\":\"ID\",\"modelName\":\"catalogModel\"}"}]}
RESULT: undefined
COMMAND: POST /session/a230b9fa5e58e47def27534e3d005bf9/execute/async - {"script":"<script> [6424 bytes]","args":[{"element-6066-11e4-a52e-4f735466cecf":"f.5A792F38359A1C743AD3061B3E5B94B4.d.B286A071C943F0690DEB1A391FD67D9B.e.15709"},"getText",[]]}
RESULT: {"script":"<script> [6424 bytes]","args":[{"element-6066-11e4-a52e-4f735466cecf":"f.5A792F38359A1C743AD3061B3E5B94B4.d.B286A071C943F0690DEB1A391FD67D9B.e.15709"},"getText",[]]}
COMMAND: POST /session/a230b9fa5e58e47def27534e3d005bf9/execute/async - {"script":"<script> [1562 bytes]","args":[{"selector":{"controlType":"sap.m.Label","viewName":"etm.portal.ui.managesites.view.Detail","viewId":"application-managesites-display-component---detailSite","i18NText":{"propertyName":"text","key":"status"}},"wdio_ui5_key":"etmportal.ui.managesites.view.Detailsap.m.Label{\"propertyName\":\"text\",\"key\":\"status\"}"}]}
RESULT: {"script":"<script> [1562 bytes]","args":[{"selector":{"controlType":"sap.m.Label","viewName":"etm.portal.ui.managesites.view.Detail","viewId":"application-managesites-display-component---detailSite","i18NText":{"propertyName":"text","key":"status"}},"wdio_ui5_key":"etmportal.ui.managesites.view.Detailsap.m.Label{\"propertyName\":\"text\",\"key\":\"status\"}"}]}
RESULT: undefined
COMMAND: POST /session/a230b9fa5e58e47def27534e3d005bf9/execute/async - {"script":"<script> [6424 bytes]","args":[{"element-6066-11e4-a52e-4f735466cecf":"f.5A792F38359A1C743AD3061B3E5B94B4.d.B286A071C943F0690DEB1A391FD67D9B.e.15696"},"getText",[]]}
RESULT: {"script":"<script> [6424 bytes]","args":[{"element-6066-11e4-a52e-4f735466cecf":"f.5A792F38359A1C743AD3061B3E5B94B4.d.B286A071C943F0690DEB1A391FD67D9B.e.15696"},"getText",[]]}
RESULT: undefined
COMMAND: POST /session/a230b9fa5e58e47def27534e3d005bf9/element - {"using":"xpath","value":"//*[@id=\"shell-header\"]"}
RESULT: {"using":"xpath","value":"//*[@id=\"shell-header\"]"}
COMMAND: POST /session/a230b9fa5e58e47def27534e3d005bf9/element/f.5A792F38359A1C743AD3061B3E5B94B4.d.B286A071C943F0690DEB1A391FD67D9B.e.15710/click - {}
RESULT: {}
COMMAND: POST /session/a230b9fa5e58e47def27534e3d005bf9/element - {"using":"css selector","value":"#shell-header-logo"}
COMMAND: GET /session/a230b9fa5e58e47def27534e3d005bf9/screenshot - {}
RESULT: {"using":"css selector","value":"#shell-header-logo"}
COMMAND: POST /session/a230b9fa5e58e47def27534e3d005bf9/element/f.5A792F38359A1C743AD3061B3E5B94B4.d.B286A071C943F0690DEB1A391FD67D9B.e.14892/click - {}
RESULT: {}
RESULT: {}
]]></system-out>
    </testcase>
    <testcase classname="chrome.135_0_7049_96.windows.Provide_to_Site_w/o_warehouse_management_w/_clarification_US116605" name="Should create WHM Partner" time="59.055">
      <system-out><![CDATA[
COMMAND: POST /session/a230b9fa5e58e47def27534e3d005bf9/execute/async - {"script":"<script> [1562 bytes]","args":[{"selector":{"controlType":"sap.m.GenericTile","properties":{"header":"Manage Partners"}},"wdio_ui5_key":"sapm.GenericTile{\"header\":\"Manage Partners\"}"}]}
COMMAND: GET /session/a230b9fa5e58e47def27534e3d005bf9/screenshot - {}
RESULT: {"script":"<script> [1562 bytes]","args":[{"selector":{"controlType":"sap.m.GenericTile","properties":{"header":"Manage Partners"}},"wdio_ui5_key":"sapm.GenericTile{\"header\":\"Manage Partners\"}"}]}
RESULT: undefined
COMMAND: POST /session/a230b9fa5e58e47def27534e3d005bf9/element - {"using":"xpath","value":"//*[@id=\"__tile38\"]"}
RESULT: {}
RESULT: {"using":"xpath","value":"//*[@id=\"__tile38\"]"}
COMMAND: POST /session/a230b9fa5e58e47def27534e3d005bf9/element/f.5A792F38359A1C743AD3061B3E5B94B4.d.B286A071C943F0690DEB1A391FD67D9B.e.15715/click - {}
RESULT: {}
COMMAND: GET /session/a230b9fa5e58e47def27534e3d005bf9/screenshot - {}
RESULT: {}
COMMAND: POST /session/a230b9fa5e58e47def27534e3d005bf9/element - {"using":"xpath","value":"//button[(@data-kt = 'addButton')]"}
RESULT: {"using":"xpath","value":"//button[(@data-kt = 'addButton')]"}
COMMAND: POST /session/a230b9fa5e58e47def27534e3d005bf9/elements - {"using":"xpath","value":"//button[(@data-kt = 'addButton')]"}
RESULT: {"using":"xpath","value":"//button[(@data-kt = 'addButton')]"}
COMMAND: POST /session/a230b9fa5e58e47def27534e3d005bf9/elements - {"using":"xpath","value":"//button[(@data-kt = 'addButton')]"}
RESULT: {"using":"xpath","value":"//button[(@data-kt = 'addButton')]"}
COMMAND: POST /session/a230b9fa5e58e47def27534e3d005bf9/elements - {"using":"xpath","value":"//button[(@data-kt = 'addButton')]"}
RESULT: {"using":"xpath","value":"//button[(@data-kt = 'addButton')]"}
COMMAND: POST /session/a230b9fa5e58e47def27534e3d005bf9/elements - {"using":"xpath","value":"//button[(@data-kt = 'addButton')]"}
RESULT: {"using":"xpath","value":"//button[(@data-kt = 'addButton')]"}
COMMAND: POST /session/a230b9fa5e58e47def27534e3d005bf9/elements - {"using":"xpath","value":"//button[(@data-kt = 'addButton')]"}
RESULT: {"using":"xpath","value":"//button[(@data-kt = 'addButton')]"}
COMMAND: POST /session/a230b9fa5e58e47def27534e3d005bf9/elements - {"using":"xpath","value":"//button[(@data-kt = 'addButton')]"}
RESULT: {"using":"xpath","value":"//button[(@data-kt = 'addButton')]"}
COMMAND: POST /session/a230b9fa5e58e47def27534e3d005bf9/elements - {"using":"xpath","value":"//button[(@data-kt = 'addButton')]"}
RESULT: {"using":"xpath","value":"//button[(@data-kt = 'addButton')]"}
COMMAND: POST /session/a230b9fa5e58e47def27534e3d005bf9/elements - {"using":"xpath","value":"//button[(@data-kt = 'addButton')]"}
RESULT: {"using":"xpath","value":"//button[(@data-kt = 'addButton')]"}
COMMAND: POST /session/a230b9fa5e58e47def27534e3d005bf9/elements - {"using":"xpath","value":"//button[(@data-kt = 'addButton')]"}
RESULT: {"using":"xpath","value":"//button[(@data-kt = 'addButton')]"}
COMMAND: POST /session/a230b9fa5e58e47def27534e3d005bf9/elements - {"using":"xpath","value":"//button[(@data-kt = 'addButton')]"}
RESULT: {"using":"xpath","value":"//button[(@data-kt = 'addButton')]"}
COMMAND: POST /session/a230b9fa5e58e47def27534e3d005bf9/elements - {"using":"xpath","value":"//button[(@data-kt = 'addButton')]"}
RESULT: {"using":"xpath","value":"//button[(@data-kt = 'addButton')]"}
COMMAND: POST /session/a230b9fa5e58e47def27534e3d005bf9/elements - {"using":"xpath","value":"//button[(@data-kt = 'addButton')]"}
RESULT: {"using":"xpath","value":"//button[(@data-kt = 'addButton')]"}
COMMAND: POST /session/a230b9fa5e58e47def27534e3d005bf9/elements - {"using":"xpath","value":"//button[(@data-kt = 'addButton')]"}
RESULT: {"using":"xpath","value":"//button[(@data-kt = 'addButton')]"}
COMMAND: POST /session/a230b9fa5e58e47def27534e3d005bf9/elements - {"using":"xpath","value":"//button[(@data-kt = 'addButton')]"}
RESULT: {"using":"xpath","value":"//button[(@data-kt = 'addButton')]"}
COMMAND: POST /session/a230b9fa5e58e47def27534e3d005bf9/element - {"using":"xpath","value":"//button[(@data-kt = 'addButton')]"}
RESULT: {"using":"xpath","value":"//button[(@data-kt = 'addButton')]"}
COMMAND: POST /session/a230b9fa5e58e47def27534e3d005bf9/element/f.5A792F38359A1C743AD3061B3E5B94B4.d.B286A071C943F0690DEB1A391FD67D9B.e.15754/click - {}
RESULT: {}
COMMAND: POST /session/a230b9fa5e58e47def27534e3d005bf9/execute/async - {"script":"<script> [1562 bytes]","args":[{"selector":{"id":"application-managepartners-display-component---NewPartner--addressDetailDetailsName1","interaction":{"idSuffix":"inner"}},"wdio_ui5_key":"applicationmanagepartners-display-component---NewPartner--addressDetailDetailsName1"}]}
COMMAND: GET /session/a230b9fa5e58e47def27534e3d005bf9/screenshot - {}
RESULT: {"script":"<script> [1562 bytes]","args":[{"selector":{"id":"application-managepartners-display-component---NewPartner--addressDetailDetailsName1","interaction":{"idSuffix":"inner"}},"wdio_ui5_key":"applicationmanagepartners-display-component---NewPartner--addressDetailDetailsName1"}]}
RESULT: undefined
COMMAND: POST /session/a230b9fa5e58e47def27534e3d005bf9/execute/async - {"script":"<script> [776 bytes]","args":[{"enterText":"WDI5-Partners","selector":{"id":"application-managepartners-display-component---NewPartner--addressDetailDetailsName1","interaction":{"idSuffix":"inner"}},"clearTextFirst":true,"interactionType":"ENTER_TEXT"}]}
RESULT: {}
RESULT: {"script":"<script> [776 bytes]","args":[{"enterText":"WDI5-Partners","selector":{"id":"application-managepartners-display-component---NewPartner--addressDetailDetailsName1","interaction":{"idSuffix":"inner"}},"clearTextFirst":true,"interactionType":"ENTER_TEXT"}]}
COMMAND: POST /session/a230b9fa5e58e47def27534e3d005bf9/execute/async - {"script":"<script> [1562 bytes]","args":[{"selector":{"id":"application-managepartners-display-component---NewPartner--addressDetailDetailsLanguage-arrow"},"wdio_ui5_key":"applicationmanagepartners-display-component---NewPartner--addressDetailDetailsLanguage-arrow"}]}
RESULT: {"script":"<script> [1562 bytes]","args":[{"selector":{"id":"application-managepartners-display-component---NewPartner--addressDetailDetailsLanguage-arrow"},"wdio_ui5_key":"applicationmanagepartners-display-component---NewPartner--addressDetailDetailsLanguage-arrow"}]}
RESULT: undefined
COMMAND: POST /session/a230b9fa5e58e47def27534e3d005bf9/element - {"using":"xpath","value":"//*[@id=\"application-managepartners-display-component---NewPartner--addressDetailDetailsLanguage-arrow\"]"}
RESULT: {"using":"xpath","value":"//*[@id=\"application-managepartners-display-component---NewPartner--addressDetailDetailsLanguage-arrow\"]"}
COMMAND: POST /session/a230b9fa5e58e47def27534e3d005bf9/element/f.5A792F38359A1C743AD3061B3E5B94B4.d.B286A071C943F0690DEB1A391FD67D9B.e.16191/click - {}
RESULT: {}
COMMAND: POST /session/a230b9fa5e58e47def27534e3d005bf9/execute/async - {"script":"<script> [1562 bytes]","args":[{"selector":{"controlType":"sap.m.StandardListItem","viewName":"etm.portal.ui.managepartners.view.NewPartner","viewId":"application-managepartners-display-component---NewPartner","properties":{"title":"English"},"searchOpenDialogs":true,"interaction":{"idSuffix":"content"}},"wdio_ui5_key":"etmportal.ui.managepartners.view.NewPartnersap.m.StandardListItem{\"title\":\"English\"}"}]}
COMMAND: GET /session/a230b9fa5e58e47def27534e3d005bf9/screenshot - {}
RESULT: {"script":"<script> [1562 bytes]","args":[{"selector":{"controlType":"sap.m.StandardListItem","viewName":"etm.portal.ui.managepartners.view.NewPartner","viewId":"application-managepartners-display-component---NewPartner","properties":{"title":"English"},"searchOpenDialogs":true,"interaction":{"idSuffix":"content"}},"wdio_ui5_key":"etmportal.ui.managepartners.view.NewPartnersap.m.StandardListItem{\"title\":\"English\"}"}]}
RESULT: undefined
COMMAND: POST /session/a230b9fa5e58e47def27534e3d005bf9/element - {"using":"xpath","value":"//*[@id=\"__item957\"]"}
RESULT: {}
RESULT: {"using":"xpath","value":"//*[@id=\"__item957\"]"}
COMMAND: POST /session/a230b9fa5e58e47def27534e3d005bf9/element/f.5A792F38359A1C743AD3061B3E5B94B4.d.B286A071C943F0690DEB1A391FD67D9B.e.16193/click - {}
RESULT: {}
COMMAND: POST /session/a230b9fa5e58e47def27534e3d005bf9/execute/async - {"script":"<script> [1562 bytes]","args":[{"selector":{"id":"application-managepartners-display-component---NewPartner--addressDetailDetailsCity1","interaction":{"idSuffix":"inner"}},"wdio_ui5_key":"applicationmanagepartners-display-component---NewPartner--addressDetailDetailsCity1"}]}
COMMAND: GET /session/a230b9fa5e58e47def27534e3d005bf9/screenshot - {}
RESULT: {"script":"<script> [1562 bytes]","args":[{"selector":{"id":"application-managepartners-display-component---NewPartner--addressDetailDetailsCity1","interaction":{"idSuffix":"inner"}},"wdio_ui5_key":"applicationmanagepartners-display-component---NewPartner--addressDetailDetailsCity1"}]}
RESULT: undefined
COMMAND: POST /session/a230b9fa5e58e47def27534e3d005bf9/execute/async - {"script":"<script> [776 bytes]","args":[{"enterText":"Bangalore","selector":{"id":"application-managepartners-display-component---NewPartner--addressDetailDetailsCity1","interaction":{"idSuffix":"inner"}},"clearTextFirst":true,"interactionType":"ENTER_TEXT"}]}
RESULT: {}
RESULT: {"script":"<script> [776 bytes]","args":[{"enterText":"Bangalore","selector":{"id":"application-managepartners-display-component---NewPartner--addressDetailDetailsCity1","interaction":{"idSuffix":"inner"}},"clearTextFirst":true,"interactionType":"ENTER_TEXT"}]}
COMMAND: POST /session/a230b9fa5e58e47def27534e3d005bf9/execute/async - {"script":"<script> [1562 bytes]","args":[{"selector":{"id":"application-managepartners-display-component---NewPartner--addressDetailDetailsCountry-arrow"},"wdio_ui5_key":"applicationmanagepartners-display-component---NewPartner--addressDetailDetailsCountry-arrow"}]}
RESULT: {"script":"<script> [1562 bytes]","args":[{"selector":{"id":"application-managepartners-display-component---NewPartner--addressDetailDetailsCountry-arrow"},"wdio_ui5_key":"applicationmanagepartners-display-component---NewPartner--addressDetailDetailsCountry-arrow"}]}
RESULT: undefined
COMMAND: POST /session/a230b9fa5e58e47def27534e3d005bf9/element - {"using":"xpath","value":"//*[@id=\"application-managepartners-display-component---NewPartner--addressDetailDetailsCountry-arrow\"]"}
RESULT: {"using":"xpath","value":"//*[@id=\"application-managepartners-display-component---NewPartner--addressDetailDetailsCountry-arrow\"]"}
COMMAND: POST /session/a230b9fa5e58e47def27534e3d005bf9/element/f.5A792F38359A1C743AD3061B3E5B94B4.d.B286A071C943F0690DEB1A391FD67D9B.e.16195/click - {}
RESULT: {}
COMMAND: POST /session/a230b9fa5e58e47def27534e3d005bf9/execute/async - {"script":"<script> [1562 bytes]","args":[{"selector":{"id":"application-managepartners-display-component---NewPartner--addressDetailDetailsCountry","interaction":{"idSuffix":"inner"}},"wdio_ui5_key":"applicationmanagepartners-display-component---NewPartner--addressDetailDetailsCountry"}]}
COMMAND: GET /session/a230b9fa5e58e47def27534e3d005bf9/screenshot - {}
RESULT: {"script":"<script> [1562 bytes]","args":[{"selector":{"id":"application-managepartners-display-component---NewPartner--addressDetailDetailsCountry","interaction":{"idSuffix":"inner"}},"wdio_ui5_key":"applicationmanagepartners-display-component---NewPartner--addressDetailDetailsCountry"}]}
RESULT: undefined
COMMAND: POST /session/a230b9fa5e58e47def27534e3d005bf9/execute/async - {"script":"<script> [776 bytes]","args":[{"enterText":"India","selector":{"id":"application-managepartners-display-component---NewPartner--addressDetailDetailsCountry","interaction":{"idSuffix":"inner"}},"clearTextFirst":true,"interactionType":"ENTER_TEXT"}]}
RESULT: {}
RESULT: {"script":"<script> [776 bytes]","args":[{"enterText":"India","selector":{"id":"application-managepartners-display-component---NewPartner--addressDetailDetailsCountry","interaction":{"idSuffix":"inner"}},"clearTextFirst":true,"interactionType":"ENTER_TEXT"}]}
COMMAND: POST /session/a230b9fa5e58e47def27534e3d005bf9/execute/async - {"script":"<script> [1562 bytes]","args":[{"selector":{"controlType":"sap.m.StandardListItem","viewName":"etm.portal.ui.managepartners.view.NewPartner","viewId":"application-managepartners-display-component---NewPartner","properties":{"title":"India"},"searchOpenDialogs":true,"interaction":{"idSuffix":"content"}},"wdio_ui5_key":"etmportal.ui.managepartners.view.NewPartnersap.m.StandardListItem{\"title\":\"India\"}"}]}
RESULT: {"script":"<script> [1562 bytes]","args":[{"selector":{"controlType":"sap.m.StandardListItem","viewName":"etm.portal.ui.managepartners.view.NewPartner","viewId":"application-managepartners-display-component---NewPartner","properties":{"title":"India"},"searchOpenDialogs":true,"interaction":{"idSuffix":"content"}},"wdio_ui5_key":"etmportal.ui.managepartners.view.NewPartnersap.m.StandardListItem{\"title\":\"India\"}"}]}
RESULT: undefined
COMMAND: POST /session/a230b9fa5e58e47def27534e3d005bf9/execute/async - {"script":"<script> [1562 bytes]","args":[{"selector":{"controlType":"sap.m.Button","viewName":"etm.portal.ui.managepartners.view.NewPartner","viewId":"application-managepartners-display-component---NewPartner","properties":{"text":"Commercial"},"interaction":{"idSuffix":"BDI-content"}},"wdio_ui5_key":"etmportal.ui.managepartners.view.NewPartnersap.m.Button{\"text\":\"Commercial\"}"}]}
RESULT: {"script":"<script> [1562 bytes]","args":[{"selector":{"controlType":"sap.m.Button","viewName":"etm.portal.ui.managepartners.view.NewPartner","viewId":"application-managepartners-display-component---NewPartner","properties":{"text":"Commercial"},"interaction":{"idSuffix":"BDI-content"}},"wdio_ui5_key":"etmportal.ui.managepartners.view.NewPartnersap.m.Button{\"text\":\"Commercial\"}"}]}
RESULT: undefined
COMMAND: POST /session/a230b9fa5e58e47def27534e3d005bf9/element - {"using":"xpath","value":"//*[@id=\"application-managepartners-display-component---NewPartner--ObjectPageLayout-anchBar-__section57-anchor\"]"}
RESULT: {"using":"xpath","value":"//*[@id=\"application-managepartners-display-component---NewPartner--ObjectPageLayout-anchBar-__section57-anchor\"]"}
COMMAND: POST /session/a230b9fa5e58e47def27534e3d005bf9/element/f.5A792F38359A1C743AD3061B3E5B94B4.d.B286A071C943F0690DEB1A391FD67D9B.e.16200/click - {}
RESULT: {}
COMMAND: POST /session/a230b9fa5e58e47def27534e3d005bf9/execute/async - {"script":"<script> [1562 bytes]","args":[{"selector":{"id":"application-managepartners-display-component---NewPartner--partnerDetailInternal-arrow"},"wdio_ui5_key":"applicationmanagepartners-display-component---NewPartner--partnerDetailInternal-arrow"}]}
COMMAND: GET /session/a230b9fa5e58e47def27534e3d005bf9/screenshot - {}
RESULT: {"script":"<script> [1562 bytes]","args":[{"selector":{"id":"application-managepartners-display-component---NewPartner--partnerDetailInternal-arrow"},"wdio_ui5_key":"applicationmanagepartners-display-component---NewPartner--partnerDetailInternal-arrow"}]}
RESULT: undefined
COMMAND: POST /session/a230b9fa5e58e47def27534e3d005bf9/element - {"using":"xpath","value":"//*[@id=\"application-managepartners-display-component---NewPartner--partnerDetailInternal-arrow\"]"}
RESULT: {}
RESULT: {"using":"xpath","value":"//*[@id=\"application-managepartners-display-component---NewPartner--partnerDetailInternal-arrow\"]"}
COMMAND: POST /session/a230b9fa5e58e47def27534e3d005bf9/element/f.5A792F38359A1C743AD3061B3E5B94B4.d.B286A071C943F0690DEB1A391FD67D9B.e.16205/click - {}
RESULT: {}
COMMAND: POST /session/a230b9fa5e58e47def27534e3d005bf9/execute/async - {"script":"<script> [1562 bytes]","args":[{"selector":{"controlType":"sap.m.StandardListItem","viewName":"etm.portal.ui.managepartners.view.NewPartner","viewId":"application-managepartners-display-component---NewPartner","properties":{"title":"External partner"},"searchOpenDialogs":true,"interaction":{"idSuffix":"content"}},"wdio_ui5_key":"etmportal.ui.managepartners.view.NewPartnersap.m.StandardListItem{\"title\":\"External partner\"}"}]}
COMMAND: GET /session/a230b9fa5e58e47def27534e3d005bf9/screenshot - {}
RESULT: {"script":"<script> [1562 bytes]","args":[{"selector":{"controlType":"sap.m.StandardListItem","viewName":"etm.portal.ui.managepartners.view.NewPartner","viewId":"application-managepartners-display-component---NewPartner","properties":{"title":"External partner"},"searchOpenDialogs":true,"interaction":{"idSuffix":"content"}},"wdio_ui5_key":"etmportal.ui.managepartners.view.NewPartnersap.m.StandardListItem{\"title\":\"External partner\"}"}]}
RESULT: undefined
COMMAND: POST /session/a230b9fa5e58e47def27534e3d005bf9/element - {"using":"xpath","value":"//*[@id=\"__item1091\"]"}
RESULT: {}
RESULT: {"using":"xpath","value":"//*[@id=\"__item1091\"]"}
COMMAND: POST /session/a230b9fa5e58e47def27534e3d005bf9/element/f.5A792F38359A1C743AD3061B3E5B94B4.d.B286A071C943F0690DEB1A391FD67D9B.e.16209/click - {}
RESULT: {}
COMMAND: POST /session/a230b9fa5e58e47def27534e3d005bf9/execute/async - {"script":"<script> [1562 bytes]","args":[{"selector":{"id":"application-managepartners-display-component---NewPartner--partnerDetailsCurrency-arrow"},"wdio_ui5_key":"applicationmanagepartners-display-component---NewPartner--partnerDetailsCurrency-arrow"}]}
COMMAND: GET /session/a230b9fa5e58e47def27534e3d005bf9/screenshot - {}
RESULT: {"script":"<script> [1562 bytes]","args":[{"selector":{"id":"application-managepartners-display-component---NewPartner--partnerDetailsCurrency-arrow"},"wdio_ui5_key":"applicationmanagepartners-display-component---NewPartner--partnerDetailsCurrency-arrow"}]}
RESULT: undefined
COMMAND: POST /session/a230b9fa5e58e47def27534e3d005bf9/element - {"using":"xpath","value":"//*[@id=\"application-managepartners-display-component---NewPartner--partnerDetailsCurrency-arrow\"]"}
RESULT: {}
RESULT: {"using":"xpath","value":"//*[@id=\"application-managepartners-display-component---NewPartner--partnerDetailsCurrency-arrow\"]"}
COMMAND: POST /session/a230b9fa5e58e47def27534e3d005bf9/element/f.5A792F38359A1C743AD3061B3E5B94B4.d.B286A071C943F0690DEB1A391FD67D9B.e.16214/click - {}
RESULT: {}
COMMAND: POST /session/a230b9fa5e58e47def27534e3d005bf9/execute/async - {"script":"<script> [1562 bytes]","args":[{"selector":{"controlType":"sap.m.StandardListItem","viewName":"etm.portal.ui.managepartners.view.NewPartner","viewId":"application-managepartners-display-component---NewPartner","properties":{"title":"Euro"},"searchOpenDialogs":true,"interaction":{"idSuffix":"content"}},"wdio_ui5_key":"etmportal.ui.managepartners.view.NewPartnersap.m.StandardListItem{\"title\":\"Euro\"}"}]}
COMMAND: GET /session/a230b9fa5e58e47def27534e3d005bf9/screenshot - {}
RESULT: {"script":"<script> [1562 bytes]","args":[{"selector":{"controlType":"sap.m.StandardListItem","viewName":"etm.portal.ui.managepartners.view.NewPartner","viewId":"application-managepartners-display-component---NewPartner","properties":{"title":"Euro"},"searchOpenDialogs":true,"interaction":{"idSuffix":"content"}},"wdio_ui5_key":"etmportal.ui.managepartners.view.NewPartnersap.m.StandardListItem{\"title\":\"Euro\"}"}]}
RESULT: undefined
COMMAND: POST /session/a230b9fa5e58e47def27534e3d005bf9/element - {"using":"xpath","value":"//*[@id=\"__item1093\"]"}
RESULT: {}
RESULT: {"using":"xpath","value":"//*[@id=\"__item1093\"]"}
COMMAND: POST /session/a230b9fa5e58e47def27534e3d005bf9/element/f.5A792F38359A1C743AD3061B3E5B94B4.d.B286A071C943F0690DEB1A391FD67D9B.e.16216/click - {}
RESULT: {}
COMMAND: POST /session/a230b9fa5e58e47def27534e3d005bf9/execute/async - {"script":"<script> [1562 bytes]","args":[{"selector":{"controlType":"sap.m.Button","viewName":"etm.portal.ui.managepartners.view.NewPartner","viewId":"application-managepartners-display-component---NewPartner","properties":{"text":"Assignments"},"interaction":{"idSuffix":"BDI-content"}},"wdio_ui5_key":"etmportal.ui.managepartners.view.NewPartnersap.m.Button{\"text\":\"Assignments\"}"}]}
COMMAND: GET /session/a230b9fa5e58e47def27534e3d005bf9/screenshot - {}
RESULT: {"script":"<script> [1562 bytes]","args":[{"selector":{"controlType":"sap.m.Button","viewName":"etm.portal.ui.managepartners.view.NewPartner","viewId":"application-managepartners-display-component---NewPartner","properties":{"text":"Assignments"},"interaction":{"idSuffix":"BDI-content"}},"wdio_ui5_key":"etmportal.ui.managepartners.view.NewPartnersap.m.Button{\"text\":\"Assignments\"}"}]}
RESULT: undefined
COMMAND: POST /session/a230b9fa5e58e47def27534e3d005bf9/element - {"using":"xpath","value":"//*[@id=\"application-managepartners-display-component---NewPartner--ObjectPageLayout-anchBar-__section61-anchor\"]"}
RESULT: {}
RESULT: {"using":"xpath","value":"//*[@id=\"application-managepartners-display-component---NewPartner--ObjectPageLayout-anchBar-__section61-anchor\"]"}
COMMAND: POST /session/a230b9fa5e58e47def27534e3d005bf9/element/f.5A792F38359A1C743AD3061B3E5B94B4.d.B286A071C943F0690DEB1A391FD67D9B.e.16218/click - {}
RESULT: {}
COMMAND: POST /session/a230b9fa5e58e47def27534e3d005bf9/execute/async - {"script":"<script> [1562 bytes]","args":[{"selector":{"id":"application-managepartners-display-component---NewPartner--btnAddTableRow","interaction":{"idSuffix":"inner"}},"wdio_ui5_key":"applicationmanagepartners-display-component---NewPartner--btnAddTableRow"}]}
COMMAND: GET /session/a230b9fa5e58e47def27534e3d005bf9/screenshot - {}
RESULT: {"script":"<script> [1562 bytes]","args":[{"selector":{"id":"application-managepartners-display-component---NewPartner--btnAddTableRow","interaction":{"idSuffix":"inner"}},"wdio_ui5_key":"applicationmanagepartners-display-component---NewPartner--btnAddTableRow"}]}
RESULT: undefined
COMMAND: POST /session/a230b9fa5e58e47def27534e3d005bf9/element - {"using":"xpath","value":"//*[@id=\"application-managepartners-display-component---NewPartner--btnAddTableRow\"]"}
RESULT: {}
RESULT: {"using":"xpath","value":"//*[@id=\"application-managepartners-display-component---NewPartner--btnAddTableRow\"]"}
COMMAND: POST /session/a230b9fa5e58e47def27534e3d005bf9/element/f.5A792F38359A1C743AD3061B3E5B94B4.d.B286A071C943F0690DEB1A391FD67D9B.e.16223/click - {}
RESULT: {}
COMMAND: POST /session/a230b9fa5e58e47def27534e3d005bf9/element - {"using":"css selector","value":"#application-managepartners-display-component---NewPartner--assignmentYard-application-managepartners-display-component---NewPartner--assignmentsTable-0-inner"}
COMMAND: GET /session/a230b9fa5e58e47def27534e3d005bf9/screenshot - {}
RESULT: {}
RESULT: {"using":"css selector","value":"#application-managepartners-display-component---NewPartner--assignmentYard-application-managepartners-display-component---NewPartner--assignmentsTable-0-inner"}
COMMAND: POST /session/a230b9fa5e58e47def27534e3d005bf9/element/f.5A792F38359A1C743AD3061B3E5B94B4.d.B286A071C943F0690DEB1A391FD67D9B.e.16225/clear - {}
RESULT: {}
COMMAND: POST /session/a230b9fa5e58e47def27534e3d005bf9/element/f.5A792F38359A1C743AD3061B3E5B94B4.d.B286A071C943F0690DEB1A391FD67D9B.e.16225/value - {"text":"343"}
COMMAND: GET /session/a230b9fa5e58e47def27534e3d005bf9/screenshot - {}
RESULT: {"text":"343"}
COMMAND: POST /session/a230b9fa5e58e47def27534e3d005bf9/execute/async - {"script":"<script> [1562 bytes]","args":[{"selector":{"id":"application-managepartners-display-component---NewPartner--assignmentYard-application-managepartners-display-component---NewPartner--assignmentsTable-0-arrow"},"wdio_ui5_key":"applicationmanagepartners-display-component---NewPartner--assignmentYard-application-managepartners-display-component---NewPartner--assignmentsTable-0-arrow"}]}
COMMAND: GET /session/a230b9fa5e58e47def27534e3d005bf9/screenshot - {}
RESULT: {}
RESULT: {"script":"<script> [1562 bytes]","args":[{"selector":{"id":"application-managepartners-display-component---NewPartner--assignmentYard-application-managepartners-display-component---NewPartner--assignmentsTable-0-arrow"},"wdio_ui5_key":"applicationmanagepartners-display-component---NewPartner--assignmentYard-application-managepartners-display-component---NewPartner--assignmentsTable-0-arrow"}]}
RESULT: undefined
COMMAND: POST /session/a230b9fa5e58e47def27534e3d005bf9/element - {"using":"xpath","value":"//*[@id=\"application-managepartners-display-component---NewPartner--assignmentYard-application-managepartners-display-component---NewPartner--assignmentsTable-0-arrow\"]"}
RESULT: {}
RESULT: {"using":"xpath","value":"//*[@id=\"application-managepartners-display-component---NewPartner--assignmentYard-application-managepartners-display-component---NewPartner--assignmentsTable-0-arrow\"]"}
COMMAND: POST /session/a230b9fa5e58e47def27534e3d005bf9/element/f.5A792F38359A1C743AD3061B3E5B94B4.d.B286A071C943F0690DEB1A391FD67D9B.e.16233/click - {}
RESULT: {}
COMMAND: GET /session/a230b9fa5e58e47def27534e3d005bf9/screenshot - {}
RESULT: {}
COMMAND: POST /session/a230b9fa5e58e47def27534e3d005bf9/execute/async - {"script":"<script> [1562 bytes]","args":[{"selector":{"controlType":"sap.m.Button","viewName":"etm.portal.ui.managepartners.view.NewPartner","viewId":"application-managepartners-display-component---NewPartner","i18NText":{"propertyName":"text","key":"save"},"interaction":{"idSuffix":"BDI-content"}},"wdio_ui5_key":"etmportal.ui.managepartners.view.NewPartnersap.m.Button{\"propertyName\":\"text\",\"key\":\"save\"}"}]}
RESULT: {"script":"<script> [1562 bytes]","args":[{"selector":{"controlType":"sap.m.Button","viewName":"etm.portal.ui.managepartners.view.NewPartner","viewId":"application-managepartners-display-component---NewPartner","i18NText":{"propertyName":"text","key":"save"},"interaction":{"idSuffix":"BDI-content"}},"wdio_ui5_key":"etmportal.ui.managepartners.view.NewPartnersap.m.Button{\"propertyName\":\"text\",\"key\":\"save\"}"}]}
RESULT: undefined
COMMAND: POST /session/a230b9fa5e58e47def27534e3d005bf9/element - {"using":"xpath","value":"//*[@id=\"__button127\"]"}
RESULT: {"using":"xpath","value":"//*[@id=\"__button127\"]"}
COMMAND: POST /session/a230b9fa5e58e47def27534e3d005bf9/element/f.5A792F38359A1C743AD3061B3E5B94B4.d.B286A071C943F0690DEB1A391FD67D9B.e.16138/click - {}
RESULT: {}
COMMAND: GET /session/a230b9fa5e58e47def27534e3d005bf9/screenshot - {}
RESULT: {}
COMMAND: POST /session/a230b9fa5e58e47def27534e3d005bf9/execute/async - {"script":"<script> [1562 bytes]","args":[{"selector":{"controlType":"sap.m.Text","viewName":"etm.portal.ui.managepartners.view.Detail","viewId":"application-managepartners-display-component---detailPtm","bindingPath":{"propertyPath":"ID","modelName":"catalogModel"}},"wdio_ui5_key":"etmportal.ui.managepartners.view.Detailsap.m.Text{\"propertyPath\":\"ID\",\"modelName\":\"catalogModel\"}"}]}
RESULT: {"script":"<script> [1562 bytes]","args":[{"selector":{"controlType":"sap.m.Text","viewName":"etm.portal.ui.managepartners.view.Detail","viewId":"application-managepartners-display-component---detailPtm","bindingPath":{"propertyPath":"ID","modelName":"catalogModel"}},"wdio_ui5_key":"etmportal.ui.managepartners.view.Detailsap.m.Text{\"propertyPath\":\"ID\",\"modelName\":\"catalogModel\"}"}]}
RESULT: undefined
COMMAND: POST /session/a230b9fa5e58e47def27534e3d005bf9/execute/async - {"script":"<script> [6424 bytes]","args":[{"element-6066-11e4-a52e-4f735466cecf":"f.5A792F38359A1C743AD3061B3E5B94B4.d.B286A071C943F0690DEB1A391FD67D9B.e.16396"},"getText",[]]}
RESULT: {"script":"<script> [6424 bytes]","args":[{"element-6066-11e4-a52e-4f735466cecf":"f.5A792F38359A1C743AD3061B3E5B94B4.d.B286A071C943F0690DEB1A391FD67D9B.e.16396"},"getText",[]]}
COMMAND: POST /session/a230b9fa5e58e47def27534e3d005bf9/element - {"using":"css selector","value":"#shell-header-logo"}
RESULT: {"using":"css selector","value":"#shell-header-logo"}
COMMAND: POST /session/a230b9fa5e58e47def27534e3d005bf9/element/f.5A792F38359A1C743AD3061B3E5B94B4.d.B286A071C943F0690DEB1A391FD67D9B.e.15717/click - {}
RESULT: {}
]]></system-out>
    </testcase>
    <testcase classname="chrome.135_0_7049_96.windows.Provide_to_Site_w/o_warehouse_management_w/_clarification_US116605" name="Should create a new WHM Material" time="79.703">
      <system-out><![CDATA[
COMMAND: POST /session/a230b9fa5e58e47def27534e3d005bf9/execute/async - {"script":"<script> [1562 bytes]","args":[{"selector":{"controlType":"sap.m.GenericTile","properties":{"header":"Manage Resources"}},"wdio_ui5_key":"sapm.GenericTile{\"header\":\"Manage Resources\"}"}]}
COMMAND: GET /session/a230b9fa5e58e47def27534e3d005bf9/screenshot - {}
RESULT: {"script":"<script> [1562 bytes]","args":[{"selector":{"controlType":"sap.m.GenericTile","properties":{"header":"Manage Resources"}},"wdio_ui5_key":"sapm.GenericTile{\"header\":\"Manage Resources\"}"}]}
RESULT: undefined
COMMAND: POST /session/a230b9fa5e58e47def27534e3d005bf9/element - {"using":"xpath","value":"//*[@id=\"__tile39\"]"}
RESULT: {}
RESULT: {"using":"xpath","value":"//*[@id=\"__tile39\"]"}
COMMAND: POST /session/a230b9fa5e58e47def27534e3d005bf9/element/f.5A792F38359A1C743AD3061B3E5B94B4.d.B286A071C943F0690DEB1A391FD67D9B.e.16398/click - {}
RESULT: {}
COMMAND: POST /session/a230b9fa5e58e47def27534e3d005bf9/execute/async - {"script":"<script> [1562 bytes]","args":[{"selector":{"controlType":"sap.m.OverflowToolbarButton","viewName":"etm.portal.ui.manageresources.view.Master","viewId":"application-manageresources-display-component---masterRU","bindingPath":{"path":"","propertyPath":"/isLogbook","modelName":"minimumStockRPGModel"},"interaction":{"idSuffix":"inner"}},"wdio_ui5_key":"etmportal.ui.manageresources.view.Mastersap.m.OverflowToolbarButton{\"path\":\"\",\"propertyPath\":\"/isLogbook\",\"modelName\":\"minimumStockRPGModel\"}"}]}
COMMAND: GET /session/a230b9fa5e58e47def27534e3d005bf9/screenshot - {}
RESULT: {"script":"<script> [1562 bytes]","args":[{"selector":{"controlType":"sap.m.OverflowToolbarButton","viewName":"etm.portal.ui.manageresources.view.Master","viewId":"application-manageresources-display-component---masterRU","bindingPath":{"path":"","propertyPath":"/isLogbook","modelName":"minimumStockRPGModel"},"interaction":{"idSuffix":"inner"}},"wdio_ui5_key":"etmportal.ui.manageresources.view.Mastersap.m.OverflowToolbarButton{\"path\":\"\",\"propertyPath\":\"/isLogbook\",\"modelName\":\"minimumStockRPGModel\"}"}]}
RESULT: undefined
COMMAND: POST /session/a230b9fa5e58e47def27534e3d005bf9/element - {"using":"xpath","value":"//*[@id=\"__button168\"]"}
RESULT: {}
RESULT: {"using":"xpath","value":"//*[@id=\"__button168\"]"}
COMMAND: POST /session/a230b9fa5e58e47def27534e3d005bf9/element/f.5A792F38359A1C743AD3061B3E5B94B4.d.B286A071C943F0690DEB1A391FD67D9B.e.16438/click - {}
RESULT: {}
COMMAND: GET /session/a230b9fa5e58e47def27534e3d005bf9/screenshot - {}
RESULT: {}
COMMAND: POST /session/a230b9fa5e58e47def27534e3d005bf9/execute/async - {"script":"<script> [1562 bytes]","args":[{"selector":{"id":"application-manageresources-display-component---newResourceUnit--TYPE-arrow"},"wdio_ui5_key":"applicationmanageresources-display-component---newResourceUnit--TYPE-arrow"}]}
RESULT: {"script":"<script> [1562 bytes]","args":[{"selector":{"id":"application-manageresources-display-component---newResourceUnit--TYPE-arrow"},"wdio_ui5_key":"applicationmanageresources-display-component---newResourceUnit--TYPE-arrow"}]}
RESULT: undefined
COMMAND: POST /session/a230b9fa5e58e47def27534e3d005bf9/element - {"using":"xpath","value":"//*[@id=\"application-manageresources-display-component---newResourceUnit--TYPE-arrow\"]"}
RESULT: {"using":"xpath","value":"//*[@id=\"application-manageresources-display-component---newResourceUnit--TYPE-arrow\"]"}
COMMAND: POST /session/a230b9fa5e58e47def27534e3d005bf9/element/f.5A792F38359A1C743AD3061B3E5B94B4.d.B286A071C943F0690DEB1A391FD67D9B.e.16766/click - {}
RESULT: {}
COMMAND: POST /session/a230b9fa5e58e47def27534e3d005bf9/execute/async - {"script":"<script> [1562 bytes]","args":[{"selector":{"controlType":"sap.m.StandardListItem","viewName":"reusables.view.manageresources.NewResourceUnit","viewId":"application-manageresources-display-component---newResourceUnit","properties":{"title":"Material"},"searchOpenDialogs":true,"interaction":{"idSuffix":"content"}},"wdio_ui5_key":"reusablesview.manageresources.NewResourceUnitsap.m.StandardListItem{\"title\":\"Material\"}"}]}
COMMAND: GET /session/a230b9fa5e58e47def27534e3d005bf9/screenshot - {}
RESULT: {"script":"<script> [1562 bytes]","args":[{"selector":{"controlType":"sap.m.StandardListItem","viewName":"reusables.view.manageresources.NewResourceUnit","viewId":"application-manageresources-display-component---newResourceUnit","properties":{"title":"Material"},"searchOpenDialogs":true,"interaction":{"idSuffix":"content"}},"wdio_ui5_key":"reusablesview.manageresources.NewResourceUnitsap.m.StandardListItem{\"title\":\"Material\"}"}]}
RESULT: undefined
COMMAND: POST /session/a230b9fa5e58e47def27534e3d005bf9/element - {"using":"xpath","value":"//*[@id=\"__item1366\"]"}
RESULT: {}
RESULT: {"using":"xpath","value":"//*[@id=\"__item1366\"]"}
COMMAND: POST /session/a230b9fa5e58e47def27534e3d005bf9/element/f.5A792F38359A1C743AD3061B3E5B94B4.d.B286A071C943F0690DEB1A391FD67D9B.e.16769/click - {}
RESULT: {}
COMMAND: POST /session/a230b9fa5e58e47def27534e3d005bf9/execute/async - {"script":"<script> [1562 bytes]","args":[{"selector":{"id":"application-manageresources-display-component---newResourceUnit--resourceId","interaction":{"idSuffix":"inner"}},"wdio_ui5_key":"applicationmanageresources-display-component---newResourceUnit--resourceId"}]}
COMMAND: GET /session/a230b9fa5e58e47def27534e3d005bf9/screenshot - {}
RESULT: {"script":"<script> [1562 bytes]","args":[{"selector":{"id":"application-manageresources-display-component---newResourceUnit--resourceId","interaction":{"idSuffix":"inner"}},"wdio_ui5_key":"applicationmanageresources-display-component---newResourceUnit--resourceId"}]}
RESULT: undefined
COMMAND: POST /session/a230b9fa5e58e47def27534e3d005bf9/execute/async - {"script":"<script> [1562 bytes]","args":[{"selector":{"id":"application-manageresources-display-component---newResourceUnit--SHORT_TEXT","interaction":{"idSuffix":"inner"}},"wdio_ui5_key":"applicationmanageresources-display-component---newResourceUnit--SHORT_TEXT"}]}
RESULT: {}
RESULT: {"script":"<script> [1562 bytes]","args":[{"selector":{"id":"application-manageresources-display-component---newResourceUnit--SHORT_TEXT","interaction":{"idSuffix":"inner"}},"wdio_ui5_key":"applicationmanageresources-display-component---newResourceUnit--SHORT_TEXT"}]}
RESULT: undefined
COMMAND: POST /session/a230b9fa5e58e47def27534e3d005bf9/execute/async - {"script":"<script> [776 bytes]","args":[{"enterText":"material WHM","selector":{"id":"application-manageresources-display-component---newResourceUnit--SHORT_TEXT","interaction":{"idSuffix":"inner"}},"clearTextFirst":true,"interactionType":"ENTER_TEXT"}]}
RESULT: {"script":"<script> [776 bytes]","args":[{"enterText":"material WHM","selector":{"id":"application-manageresources-display-component---newResourceUnit--SHORT_TEXT","interaction":{"idSuffix":"inner"}},"clearTextFirst":true,"interactionType":"ENTER_TEXT"}]}
COMMAND: POST /session/a230b9fa5e58e47def27534e3d005bf9/execute/async - {"script":"<script> [1562 bytes]","args":[{"selector":{"id":"application-manageresources-display-component---newResourceUnit--BASE_UNIT_OF_MEASURE","interaction":{"idSuffix":"inner"}},"wdio_ui5_key":"applicationmanageresources-display-component---newResourceUnit--BASE_UNIT_OF_MEASURE"}]}
RESULT: {"script":"<script> [1562 bytes]","args":[{"selector":{"id":"application-manageresources-display-component---newResourceUnit--BASE_UNIT_OF_MEASURE","interaction":{"idSuffix":"inner"}},"wdio_ui5_key":"applicationmanageresources-display-component---newResourceUnit--BASE_UNIT_OF_MEASURE"}]}
RESULT: undefined
COMMAND: POST /session/a230b9fa5e58e47def27534e3d005bf9/execute/async - {"script":"<script> [776 bytes]","args":[{"enterText":"Piece","selector":{"id":"application-manageresources-display-component---newResourceUnit--BASE_UNIT_OF_MEASURE","interaction":{"idSuffix":"inner"}},"clearTextFirst":true,"interactionType":"ENTER_TEXT"}]}
RESULT: {"script":"<script> [776 bytes]","args":[{"enterText":"Piece","selector":{"id":"application-manageresources-display-component---newResourceUnit--BASE_UNIT_OF_MEASURE","interaction":{"idSuffix":"inner"}},"clearTextFirst":true,"interactionType":"ENTER_TEXT"}]}
COMMAND: POST /session/a230b9fa5e58e47def27534e3d005bf9/execute/async - {"script":"<script> [1562 bytes]","args":[{"selector":{"id":"application-manageresources-display-component---newResourceUnit--WEIGHT_UNIT","interaction":{"idSuffix":"inner"}},"wdio_ui5_key":"applicationmanageresources-display-component---newResourceUnit--WEIGHT_UNIT"}]}
RESULT: {"script":"<script> [1562 bytes]","args":[{"selector":{"id":"application-manageresources-display-component---newResourceUnit--WEIGHT_UNIT","interaction":{"idSuffix":"inner"}},"wdio_ui5_key":"applicationmanageresources-display-component---newResourceUnit--WEIGHT_UNIT"}]}
RESULT: undefined
COMMAND: POST /session/a230b9fa5e58e47def27534e3d005bf9/execute/async - {"script":"<script> [776 bytes]","args":[{"enterText":"Gram","selector":{"id":"application-manageresources-display-component---newResourceUnit--WEIGHT_UNIT","interaction":{"idSuffix":"inner"}},"clearTextFirst":true,"interactionType":"ENTER_TEXT"}]}
RESULT: {"script":"<script> [776 bytes]","args":[{"enterText":"Gram","selector":{"id":"application-manageresources-display-component---newResourceUnit--WEIGHT_UNIT","interaction":{"idSuffix":"inner"}},"clearTextFirst":true,"interactionType":"ENTER_TEXT"}]}
COMMAND: POST /session/a230b9fa5e58e47def27534e3d005bf9/execute/async - {"script":"<script> [1562 bytes]","args":[{"selector":{"id":"application-manageresources-display-component---newResourceUnit--DIMENSION_UNIT","interaction":{"idSuffix":"inner"}},"wdio_ui5_key":"applicationmanageresources-display-component---newResourceUnit--DIMENSION_UNIT"}]}
RESULT: {"script":"<script> [1562 bytes]","args":[{"selector":{"id":"application-manageresources-display-component---newResourceUnit--DIMENSION_UNIT","interaction":{"idSuffix":"inner"}},"wdio_ui5_key":"applicationmanageresources-display-component---newResourceUnit--DIMENSION_UNIT"}]}
RESULT: undefined
COMMAND: POST /session/a230b9fa5e58e47def27534e3d005bf9/execute/async - {"script":"<script> [776 bytes]","args":[{"enterText":"Meter","selector":{"id":"application-manageresources-display-component---newResourceUnit--DIMENSION_UNIT","interaction":{"idSuffix":"inner"}},"clearTextFirst":true,"interactionType":"ENTER_TEXT"}]}
RESULT: {"script":"<script> [776 bytes]","args":[{"enterText":"Meter","selector":{"id":"application-manageresources-display-component---newResourceUnit--DIMENSION_UNIT","interaction":{"idSuffix":"inner"}},"clearTextFirst":true,"interactionType":"ENTER_TEXT"}]}
COMMAND: POST /session/a230b9fa5e58e47def27534e3d005bf9/execute/async - {"script":"<script> [1562 bytes]","args":[{"selector":{"id":"application-manageresources-display-component---newResourceUnit--newRRUPage-anchBar-application-manageresources-display-component---newResourceUnit--control-anchor","interaction":{"idSuffix":"content"}},"wdio_ui5_key":"applicationmanageresources-display-component---newResourceUnit--newRRUPage-anchBar-application-manageresources-display-component---newResourceUnit--control-anchor"}]}
RESULT: {"script":"<script> [1562 bytes]","args":[{"selector":{"id":"application-manageresources-display-component---newResourceUnit--newRRUPage-anchBar-application-manageresources-display-component---newResourceUnit--control-anchor","interaction":{"idSuffix":"content"}},"wdio_ui5_key":"applicationmanageresources-display-component---newResourceUnit--newRRUPage-anchBar-application-manageresources-display-component---newResourceUnit--control-anchor"}]}
RESULT: undefined
COMMAND: POST /session/a230b9fa5e58e47def27534e3d005bf9/element - {"using":"xpath","value":"//*[@id=\"application-manageresources-display-component---newResourceUnit--newRRUPage-anchBar-application-manageresources-display-component---newResourceUnit--control-anchor\"]"}
RESULT: {"using":"xpath","value":"//*[@id=\"application-manageresources-display-component---newResourceUnit--newRRUPage-anchBar-application-manageresources-display-component---newResourceUnit--control-anchor\"]"}
COMMAND: POST /session/a230b9fa5e58e47def27534e3d005bf9/element/f.5A792F38359A1C743AD3061B3E5B94B4.d.B286A071C943F0690DEB1A391FD67D9B.e.16833/click - {}
RESULT: {}
COMMAND: POST /session/a230b9fa5e58e47def27534e3d005bf9/execute/async - {"script":"<script> [1562 bytes]","args":[{"selector":{"id":"application-manageresources-display-component---newResourceUnit--PLANNING_GROUP","interaction":{"idSuffix":"inner"}},"wdio_ui5_key":"applicationmanageresources-display-component---newResourceUnit--PLANNING_GROUP"}]}
COMMAND: GET /session/a230b9fa5e58e47def27534e3d005bf9/screenshot - {}
RESULT: {"script":"<script> [1562 bytes]","args":[{"selector":{"id":"application-manageresources-display-component---newResourceUnit--PLANNING_GROUP","interaction":{"idSuffix":"inner"}},"wdio_ui5_key":"applicationmanageresources-display-component---newResourceUnit--PLANNING_GROUP"}]}
RESULT: undefined
COMMAND: POST /session/a230b9fa5e58e47def27534e3d005bf9/execute/async - {"script":"<script> [776 bytes]","args":[{"enterText":"Heavy Equi","selector":{"id":"application-manageresources-display-component---newResourceUnit--PLANNING_GROUP","interaction":{"idSuffix":"inner"}},"clearTextFirst":true,"interactionType":"ENTER_TEXT"}]}
RESULT: {}
RESULT: {"script":"<script> [776 bytes]","args":[{"enterText":"Heavy Equi","selector":{"id":"application-manageresources-display-component---newResourceUnit--PLANNING_GROUP","interaction":{"idSuffix":"inner"}},"clearTextFirst":true,"interactionType":"ENTER_TEXT"}]}
COMMAND: POST /session/a230b9fa5e58e47def27534e3d005bf9/execute/async - {"script":"<script> [1562 bytes]","args":[{"selector":{"id":"application-manageresources-display-component---newResourceUnit--PLANNING_INDICATOR","interaction":{"idSuffix":"inner"}},"wdio_ui5_key":"applicationmanageresources-display-component---newResourceUnit--PLANNING_INDICATOR"}]}
RESULT: {"script":"<script> [1562 bytes]","args":[{"selector":{"id":"application-manageresources-display-component---newResourceUnit--PLANNING_INDICATOR","interaction":{"idSuffix":"inner"}},"wdio_ui5_key":"applicationmanageresources-display-component---newResourceUnit--PLANNING_INDICATOR"}]}
RESULT: undefined
COMMAND: POST /session/a230b9fa5e58e47def27534e3d005bf9/execute/async - {"script":"<script> [776 bytes]","args":[{"enterText":"10 - infinite","selector":{"id":"application-manageresources-display-component---newResourceUnit--PLANNING_INDICATOR","interaction":{"idSuffix":"inner"}},"clearTextFirst":true,"interactionType":"ENTER_TEXT"}]}
RESULT: {"script":"<script> [776 bytes]","args":[{"enterText":"10 - infinite","selector":{"id":"application-manageresources-display-component---newResourceUnit--PLANNING_INDICATOR","interaction":{"idSuffix":"inner"}},"clearTextFirst":true,"interactionType":"ENTER_TEXT"}]}
COMMAND: POST /session/a230b9fa5e58e47def27534e3d005bf9/actions - {"actions":[{"id":"action58","type":"key","parameters":{},"actions":[{"type":"keyDown","value":"î€‡"},{"type":"pause","duration":10},{"type":"keyUp","value":"î€‡"}]}]}
RESULT: {"actions":[{"id":"action58","type":"key","parameters":{},"actions":[{"type":"keyDown","value":"î€‡"},{"type":"pause","duration":10},{"type":"keyUp","value":"î€‡"}]}]}
COMMAND: POST /session/a230b9fa5e58e47def27534e3d005bf9/execute/async - {"script":"<script> [1562 bytes]","args":[{"selector":{"id":"application-manageresources-display-component---newResourceUnit--ITEM_TYPE-arrow"},"wdio_ui5_key":"applicationmanageresources-display-component---newResourceUnit--ITEM_TYPE-arrow"}]}
COMMAND: GET /session/a230b9fa5e58e47def27534e3d005bf9/screenshot - {}
RESULT: {"script":"<script> [1562 bytes]","args":[{"selector":{"id":"application-manageresources-display-component---newResourceUnit--ITEM_TYPE-arrow"},"wdio_ui5_key":"applicationmanageresources-display-component---newResourceUnit--ITEM_TYPE-arrow"}]}
RESULT: undefined
COMMAND: POST /session/a230b9fa5e58e47def27534e3d005bf9/element - {"using":"xpath","value":"//*[@id=\"application-manageresources-display-component---newResourceUnit--ITEM_TYPE-arrow\"]"}
RESULT: {}
RESULT: {"using":"xpath","value":"//*[@id=\"application-manageresources-display-component---newResourceUnit--ITEM_TYPE-arrow\"]"}
COMMAND: POST /session/a230b9fa5e58e47def27534e3d005bf9/element/f.5A792F38359A1C743AD3061B3E5B94B4.d.B286A071C943F0690DEB1A391FD67D9B.e.16843/click - {}
RESULT: {}
COMMAND: POST /session/a230b9fa5e58e47def27534e3d005bf9/execute/async - {"script":"<script> [1562 bytes]","args":[{"selector":{"controlType":"sap.m.StandardListItem","viewName":"reusables.view.manageresources.NewResourceUnit","viewId":"application-manageresources-display-component---newResourceUnit","properties":{"title":"Resource Unit"},"searchOpenDialogs":true,"interaction":{"idSuffix":"titleText"}},"wdio_ui5_key":"reusablesview.manageresources.NewResourceUnitsap.m.StandardListItem{\"title\":\"Resource Unit\"}"}]}
COMMAND: GET /session/a230b9fa5e58e47def27534e3d005bf9/screenshot - {}
RESULT: {"script":"<script> [1562 bytes]","args":[{"selector":{"controlType":"sap.m.StandardListItem","viewName":"reusables.view.manageresources.NewResourceUnit","viewId":"application-manageresources-display-component---newResourceUnit","properties":{"title":"Resource Unit"},"searchOpenDialogs":true,"interaction":{"idSuffix":"titleText"}},"wdio_ui5_key":"reusablesview.manageresources.NewResourceUnitsap.m.StandardListItem{\"title\":\"Resource Unit\"}"}]}
RESULT: undefined
RESULT: {}
COMMAND: POST /session/a230b9fa5e58e47def27534e3d005bf9/execute/async - {"script":"<script> [1562 bytes]","args":[{"selector":{"controlType":"sap.m.Label","viewName":"reusables.view.manageresources.NewResourceUnit","viewId":"application-manageresources-display-component---newResourceUnit","i18NText":{"propertyName":"text","key":"planningGroup"},"interaction":{"idSuffix":"bdi"}},"wdio_ui5_key":"reusablesview.manageresources.NewResourceUnitsap.m.Label{\"propertyName\":\"text\",\"key\":\"planningGroup\"}"}]}
RESULT: {"script":"<script> [1562 bytes]","args":[{"selector":{"controlType":"sap.m.Label","viewName":"reusables.view.manageresources.NewResourceUnit","viewId":"application-manageresources-display-component---newResourceUnit","i18NText":{"propertyName":"text","key":"planningGroup"},"interaction":{"idSuffix":"bdi"}},"wdio_ui5_key":"reusablesview.manageresources.NewResourceUnitsap.m.Label{\"propertyName\":\"text\",\"key\":\"planningGroup\"}"}]}
RESULT: undefined
COMMAND: POST /session/a230b9fa5e58e47def27534e3d005bf9/element - {"using":"xpath","value":"//*[@id=\"__label263\"]"}
RESULT: {"using":"xpath","value":"//*[@id=\"__label263\"]"}
COMMAND: POST /session/a230b9fa5e58e47def27534e3d005bf9/element/f.5A792F38359A1C743AD3061B3E5B94B4.d.B286A071C943F0690DEB1A391FD67D9B.e.16845/click - {}
RESULT: {}
COMMAND: GET /session/a230b9fa5e58e47def27534e3d005bf9/screenshot - {}
RESULT: {}
COMMAND: POST /session/a230b9fa5e58e47def27534e3d005bf9/actions - {"actions":[{"type":"key","id":"keyboard","actions":[{"type":"keyDown","value":"î›"}]}]}
RESULT: {"actions":[{"type":"key","id":"keyboard","actions":[{"type":"keyDown","value":"î›"}]}]}
COMMAND: GET /session/a230b9fa5e58e47def27534e3d005bf9/screenshot - {}
RESULT: {}
COMMAND: POST /session/a230b9fa5e58e47def27534e3d005bf9/actions - {"actions":[{"type":"key","id":"keyboard","actions":[{"type":"keyDown","value":"î›"}]}]}
RESULT: {"actions":[{"type":"key","id":"keyboard","actions":[{"type":"keyDown","value":"î›"}]}]}
COMMAND: GET /session/a230b9fa5e58e47def27534e3d005bf9/screenshot - {}
RESULT: {}
COMMAND: POST /session/a230b9fa5e58e47def27534e3d005bf9/actions - {"actions":[{"type":"key","id":"keyboard","actions":[{"type":"keyDown","value":"î›"}]}]}
RESULT: {"actions":[{"type":"key","id":"keyboard","actions":[{"type":"keyDown","value":"î›"}]}]}
COMMAND: GET /session/a230b9fa5e58e47def27534e3d005bf9/screenshot - {}
RESULT: {}
COMMAND: POST /session/a230b9fa5e58e47def27534e3d005bf9/actions - {"actions":[{"type":"key","id":"keyboard","actions":[{"type":"keyDown","value":"î›"}]}]}
RESULT: {"actions":[{"type":"key","id":"keyboard","actions":[{"type":"keyDown","value":"î›"}]}]}
COMMAND: GET /session/a230b9fa5e58e47def27534e3d005bf9/screenshot - {}
RESULT: {}
COMMAND: POST /session/a230b9fa5e58e47def27534e3d005bf9/actions - {"actions":[{"type":"key","id":"keyboard","actions":[{"type":"keyDown","value":"î›"}]}]}
RESULT: {"actions":[{"type":"key","id":"keyboard","actions":[{"type":"keyDown","value":"î›"}]}]}
COMMAND: GET /session/a230b9fa5e58e47def27534e3d005bf9/screenshot - {}
RESULT: {}
COMMAND: POST /session/a230b9fa5e58e47def27534e3d005bf9/actions - {"actions":[{"type":"key","id":"keyboard","actions":[{"type":"keyDown","value":"î›"}]}]}
RESULT: {"actions":[{"type":"key","id":"keyboard","actions":[{"type":"keyDown","value":"î›"}]}]}
COMMAND: GET /session/a230b9fa5e58e47def27534e3d005bf9/screenshot - {}
RESULT: {}
COMMAND: POST /session/a230b9fa5e58e47def27534e3d005bf9/execute/async - {"script":"<script> [1562 bytes]","args":[{"selector":{"id":"application-manageresources-display-component---newResourceUnit--btnAddTimeSegment-img"},"wdio_ui5_key":"applicationmanageresources-display-component---newResourceUnit--btnAddTimeSegment-img"}]}
RESULT: {"script":"<script> [1562 bytes]","args":[{"selector":{"id":"application-manageresources-display-component---newResourceUnit--btnAddTimeSegment-img"},"wdio_ui5_key":"applicationmanageresources-display-component---newResourceUnit--btnAddTimeSegment-img"}]}
RESULT: undefined
COMMAND: POST /session/a230b9fa5e58e47def27534e3d005bf9/element - {"using":"xpath","value":"//*[@id=\"application-manageresources-display-component---newResourceUnit--btnAddTimeSegment-img\"]"}
RESULT: {"using":"xpath","value":"//*[@id=\"application-manageresources-display-component---newResourceUnit--btnAddTimeSegment-img\"]"}
COMMAND: POST /session/a230b9fa5e58e47def27534e3d005bf9/element/f.5A792F38359A1C743AD3061B3E5B94B4.d.B286A071C943F0690DEB1A391FD67D9B.e.16846/click - {}
RESULT: {}
COMMAND: POST /session/a230b9fa5e58e47def27534e3d005bf9/element - {"using":"xpath","value":"//input[@id=\"application-manageresources-display-component---newResourceUnit--idRuTSAdmin-application-manageresources-display-component---newResourceUnit--RUTimeSegment-0-inner\"]"}
COMMAND: GET /session/a230b9fa5e58e47def27534e3d005bf9/screenshot - {}
RESULT: {"using":"xpath","value":"//input[@id=\"application-manageresources-display-component---newResourceUnit--idRuTSAdmin-application-manageresources-display-component---newResourceUnit--RUTimeSegment-0-inner\"]"}
COMMAND: POST /session/a230b9fa5e58e47def27534e3d005bf9/element/f.5A792F38359A1C743AD3061B3E5B94B4.d.B286A071C943F0690DEB1A391FD67D9B.e.16849/clear - {}
RESULT: {}
RESULT: {}
COMMAND: POST /session/a230b9fa5e58e47def27534e3d005bf9/element/f.5A792F38359A1C743AD3061B3E5B94B4.d.B286A071C943F0690DEB1A391FD67D9B.e.16849/value - {"text":"343"}
COMMAND: GET /session/a230b9fa5e58e47def27534e3d005bf9/screenshot - {}
RESULT: {"text":"343"}
COMMAND: GET /session/a230b9fa5e58e47def27534e3d005bf9/screenshot - {}
RESULT: {}
RESULT: {}
COMMAND: POST /session/a230b9fa5e58e47def27534e3d005bf9/actions - {"actions":[{"id":"action59","type":"key","parameters":{},"actions":[{"type":"keyDown","value":"î€‡"},{"type":"pause","duration":10},{"type":"keyUp","value":"î€‡"}]}]}
RESULT: {"actions":[{"id":"action59","type":"key","parameters":{},"actions":[{"type":"keyDown","value":"î€‡"},{"type":"pause","duration":10},{"type":"keyUp","value":"î€‡"}]}]}
COMMAND: GET /session/a230b9fa5e58e47def27534e3d005bf9/screenshot - {}
RESULT: {}
COMMAND: POST /session/a230b9fa5e58e47def27534e3d005bf9/execute/async - {"script":"<script> [1562 bytes]","args":[{"selector":{"controlType":"sap.m.Button","viewName":"reusables.view.manageresources.NewResourceUnit","viewId":"application-manageresources-display-component---newResourceUnit","i18NText":{"propertyName":"tooltip","key":"save"},"interaction":{"idSuffix":"BDI-content"}},"wdio_ui5_key":"reusablesview.manageresources.NewResourceUnitsap.m.Button{\"propertyName\":\"tooltip\",\"key\":\"save\"}"}]}
RESULT: {"script":"<script> [1562 bytes]","args":[{"selector":{"controlType":"sap.m.Button","viewName":"reusables.view.manageresources.NewResourceUnit","viewId":"application-manageresources-display-component---newResourceUnit","i18NText":{"propertyName":"tooltip","key":"save"},"interaction":{"idSuffix":"BDI-content"}},"wdio_ui5_key":"reusablesview.manageresources.NewResourceUnitsap.m.Button{\"propertyName\":\"tooltip\",\"key\":\"save\"}"}]}
RESULT: undefined
COMMAND: POST /session/a230b9fa5e58e47def27534e3d005bf9/element - {"using":"xpath","value":"//*[@id=\"application-manageresources-display-component---newResourceUnit--createRuButton\"]"}
RESULT: {"using":"xpath","value":"//*[@id=\"application-manageresources-display-component---newResourceUnit--createRuButton\"]"}
COMMAND: POST /session/a230b9fa5e58e47def27534e3d005bf9/element/f.5A792F38359A1C743AD3061B3E5B94B4.d.B286A071C943F0690DEB1A391FD67D9B.e.16782/click - {}
RESULT: {}
COMMAND: POST /session/a230b9fa5e58e47def27534e3d005bf9/execute/async - {"script":"<script> [1562 bytes]","args":[{"selector":{"controlType":"sap.m.Button","properties":{"text":"Close"},"searchOpenDialogs":true,"interaction":{"idSuffix":"BDI-content"}},"wdio_ui5_key":"sapm.Button{\"text\":\"Close\"}"}]}
COMMAND: GET /session/a230b9fa5e58e47def27534e3d005bf9/screenshot - {}
RESULT: {"script":"<script> [1562 bytes]","args":[{"selector":{"controlType":"sap.m.Button","properties":{"text":"Close"},"searchOpenDialogs":true,"interaction":{"idSuffix":"BDI-content"}},"wdio_ui5_key":"sapm.Button{\"text\":\"Close\"}"}]}
RESULT: undefined
COMMAND: POST /session/a230b9fa5e58e47def27534e3d005bf9/element - {"using":"xpath","value":"//*[@id=\"__mbox-btn-0\"]"}
RESULT: {}
RESULT: {"using":"xpath","value":"//*[@id=\"__mbox-btn-0\"]"}
COMMAND: POST /session/a230b9fa5e58e47def27534e3d005bf9/element/f.5A792F38359A1C743AD3061B3E5B94B4.d.B286A071C943F0690DEB1A391FD67D9B.e.16863/click - {}
RESULT: {}
COMMAND: GET /session/a230b9fa5e58e47def27534e3d005bf9/screenshot - {}
RESULT: {}
COMMAND: POST /session/a230b9fa5e58e47def27534e3d005bf9/execute/async - {"script":"<script> [1562 bytes]","args":[{"selector":{"controlType":"sap.m.Text","viewName":"etm.portal.ui.manageresources.view.Detail","viewId":"application-manageresources-display-component---detailRU","bindingPath":{"propertyPath":"ID","modelName":"catalogModel"}},"wdio_ui5_key":"etmportal.ui.manageresources.view.Detailsap.m.Text{\"propertyPath\":\"ID\",\"modelName\":\"catalogModel\"}"}]}
RESULT: {"script":"<script> [1562 bytes]","args":[{"selector":{"controlType":"sap.m.Text","viewName":"etm.portal.ui.manageresources.view.Detail","viewId":"application-manageresources-display-component---detailRU","bindingPath":{"propertyPath":"ID","modelName":"catalogModel"}},"wdio_ui5_key":"etmportal.ui.manageresources.view.Detailsap.m.Text{\"propertyPath\":\"ID\",\"modelName\":\"catalogModel\"}"}]}
RESULT: undefined
COMMAND: POST /session/a230b9fa5e58e47def27534e3d005bf9/execute/async - {"script":"<script> [6424 bytes]","args":[{"element-6066-11e4-a52e-4f735466cecf":"f.5A792F38359A1C743AD3061B3E5B94B4.d.B286A071C943F0690DEB1A391FD67D9B.e.16900"},"getText",[]]}
RESULT: {"script":"<script> [6424 bytes]","args":[{"element-6066-11e4-a52e-4f735466cecf":"f.5A792F38359A1C743AD3061B3E5B94B4.d.B286A071C943F0690DEB1A391FD67D9B.e.16900"},"getText",[]]}
COMMAND: POST /session/a230b9fa5e58e47def27534e3d005bf9/element - {"using":"css selector","value":"#shell-header-logo"}
RESULT: {"using":"css selector","value":"#shell-header-logo"}
COMMAND: POST /session/a230b9fa5e58e47def27534e3d005bf9/element/f.5A792F38359A1C743AD3061B3E5B94B4.d.B286A071C943F0690DEB1A391FD67D9B.e.16400/click - {}
RESULT: {}
COMMAND: GET /session/a230b9fa5e58e47def27534e3d005bf9/screenshot - {}
RESULT: {}
]]></system-out>
    </testcase>
  </testsuite>
  <testsuite timestamp="2025-04-28T17:07:26" time="829.665" tests="6" failures="0" errors="0" skipped="0">
    <properties>
      <property name="specId" value="0" />
      <property name="suiteName" value="Provide to Site w/o warehouse management w clarification" />
      <property name="capabilities" value="chrome.135_0_7049_96.windows" />
      <property name="file" value="file:///D:/a/1/s/test/specs/HTR/provide-to-site-wo-warehouse-w-clarification.spec.js" />
    </properties>
    <testcase classname="chrome.135_0_7049_96.windows.Provide_to_Site_w/o_warehouse_management_w_clarification" name="Should do a stock increase handover" time="170.906">
      <system-out><![CDATA[
COMMAND: POST /session/a230b9fa5e58e47def27534e3d005bf9/execute/async - {"script":"<script> [1562 bytes]","args":[{"selector":{"controlType":"sap.m.GenericTile","properties":{"header":"Manage Handovers"}},"wdio_ui5_key":"sapm.GenericTile{\"header\":\"Manage Handovers\"}"}]}
RESULT: {"script":"<script> [1562 bytes]","args":[{"selector":{"controlType":"sap.m.GenericTile","properties":{"header":"Manage Handovers"}},"wdio_ui5_key":"sapm.GenericTile{\"header\":\"Manage Handovers\"}"}]}
RESULT: undefined
COMMAND: POST /session/a230b9fa5e58e47def27534e3d005bf9/element - {"using":"xpath","value":"//*[@id=\"__tile131\"]"}
RESULT: {"using":"xpath","value":"//*[@id=\"__tile131\"]"}
COMMAND: POST /session/a230b9fa5e58e47def27534e3d005bf9/element/f.5A792F38359A1C743AD3061B3E5B94B4.d.B286A071C943F0690DEB1A391FD67D9B.e.16902/click - {}
RESULT: {}
COMMAND: GET /session/a230b9fa5e58e47def27534e3d005bf9/screenshot - {}
RESULT: {}
COMMAND: POST /session/a230b9fa5e58e47def27534e3d005bf9/element - {"using":"xpath","value":"//button[(@data-kt = 'masterHOAddButton')]"}
RESULT: {"using":"xpath","value":"//button[(@data-kt = 'masterHOAddButton')]"}
COMMAND: POST /session/a230b9fa5e58e47def27534e3d005bf9/element/f.5A792F38359A1C743AD3061B3E5B94B4.d.B286A071C943F0690DEB1A391FD67D9B.e.16942/click - {}
RESULT: {}
COMMAND: POST /session/a230b9fa5e58e47def27534e3d005bf9/element - {"using":"css selector","value":"span[id=\"application-managehandovers-display-component---AddNewHO--typeSelect-label\"]"}
COMMAND: GET /session/a230b9fa5e58e47def27534e3d005bf9/screenshot - {}
RESULT: {"using":"css selector","value":"span[id=\"application-managehandovers-display-component---AddNewHO--typeSelect-label\"]"}
COMMAND: POST /session/a230b9fa5e58e47def27534e3d005bf9/element/f.5A792F38359A1C743AD3061B3E5B94B4.d.B286A071C943F0690DEB1A391FD67D9B.e.17239/click - {}
RESULT: {}
RESULT: {}
COMMAND: POST /session/a230b9fa5e58e47def27534e3d005bf9/element - {"using":"css selector","value":"#application-managehandovers-display-component---AddNewHO--oneStep-CB"}
COMMAND: GET /session/a230b9fa5e58e47def27534e3d005bf9/screenshot - {}
RESULT: {"using":"css selector","value":"#application-managehandovers-display-component---AddNewHO--oneStep-CB"}
COMMAND: GET /session/a230b9fa5e58e47def27534e3d005bf9/element/f.5A792F38359A1C743AD3061B3E5B94B4.d.B286A071C943F0690DEB1A391FD67D9B.e.17184/selected - {}
RESULT: {}
RESULT: {}
COMMAND: POST /session/a230b9fa5e58e47def27534e3d005bf9/element - {"using":"xpath","value":"//li[contains(text(), \"stock increase yard\")]"}
COMMAND: GET /session/a230b9fa5e58e47def27534e3d005bf9/screenshot - {}
RESULT: {"using":"xpath","value":"//li[contains(text(), \"stock increase yard\")]"}
COMMAND: POST /session/a230b9fa5e58e47def27534e3d005bf9/element/f.5A792F38359A1C743AD3061B3E5B94B4.d.B286A071C943F0690DEB1A391FD67D9B.e.17240/click - {}
RESULT: {}
RESULT: {}
COMMAND: GET /session/a230b9fa5e58e47def27534e3d005bf9/screenshot - {}
RESULT: {}
COMMAND: POST /session/a230b9fa5e58e47def27534e3d005bf9/element - {"using":"css selector","value":"input[id=\"generalSectionFrg--receiveYard-inner\"]"}
RESULT: {"using":"css selector","value":"input[id=\"generalSectionFrg--receiveYard-inner\"]"}
COMMAND: POST /session/a230b9fa5e58e47def27534e3d005bf9/element/f.5A792F38359A1C743AD3061B3E5B94B4.d.B286A071C943F0690DEB1A391FD67D9B.e.17248/clear - {}
RESULT: {}
COMMAND: POST /session/a230b9fa5e58e47def27534e3d005bf9/element/f.5A792F38359A1C743AD3061B3E5B94B4.d.B286A071C943F0690DEB1A391FD67D9B.e.17248/value - {"text":"343"}
COMMAND: GET /session/a230b9fa5e58e47def27534e3d005bf9/screenshot - {}
RESULT: {"text":"343"}
COMMAND: GET /session/a230b9fa5e58e47def27534e3d005bf9/screenshot - {}
RESULT: {}
RESULT: {}
COMMAND: POST /session/a230b9fa5e58e47def27534e3d005bf9/element - {"using":"css selector","value":"#application-managehandovers-display-component---AddNewHO--dueDate-inner"}
RESULT: {"using":"css selector","value":"#application-managehandovers-display-component---AddNewHO--dueDate-inner"}
COMMAND: POST /session/a230b9fa5e58e47def27534e3d005bf9/element/f.5A792F38359A1C743AD3061B3E5B94B4.d.B286A071C943F0690DEB1A391FD67D9B.e.17242/clear - {}
RESULT: {}
COMMAND: POST /session/a230b9fa5e58e47def27534e3d005bf9/element/f.5A792F38359A1C743AD3061B3E5B94B4.d.B286A071C943F0690DEB1A391FD67D9B.e.17242/value - {"text":"4/28/25"}
COMMAND: GET /session/a230b9fa5e58e47def27534e3d005bf9/screenshot - {}
RESULT: {"text":"4/28/25"}
COMMAND: GET /session/a230b9fa5e58e47def27534e3d005bf9/screenshot - {}
RESULT: {}
RESULT: {}
COMMAND: POST /session/a230b9fa5e58e47def27534e3d005bf9/element - {"using":"xpath","value":"//bdi[(text() = 'Items' or . = 'Items')]"}
RESULT: {"using":"xpath","value":"//bdi[(text() = 'Items' or . = 'Items')]"}
COMMAND: POST /session/a230b9fa5e58e47def27534e3d005bf9/element/f.5A792F38359A1C743AD3061B3E5B94B4.d.B286A071C943F0690DEB1A391FD67D9B.e.17267/click - {}
RESULT: {}
COMMAND: GET /session/a230b9fa5e58e47def27534e3d005bf9/screenshot - {}
RESULT: {}
COMMAND: POST /session/a230b9fa5e58e47def27534e3d005bf9/element - {"using":"xpath","value":"//button[@aria-label=\"Add\"]"}
RESULT: {"using":"xpath","value":"//button[@aria-label=\"Add\"]"}
COMMAND: POST /session/a230b9fa5e58e47def27534e3d005bf9/element/f.5A792F38359A1C743AD3061B3E5B94B4.d.B286A071C943F0690DEB1A391FD67D9B.e.17272/click - {}
RESULT: {}
COMMAND: GET /session/a230b9fa5e58e47def27534e3d005bf9/screenshot - {}
RESULT: {}
COMMAND: POST /session/a230b9fa5e58e47def27534e3d005bf9/element - {"using":"css selector","value":"input[id= \"application-managehandovers-display-component---AddNewHO--smartFilterBar-btnBasicSearch-I\"]"}
RESULT: {"using":"css selector","value":"input[id= \"application-managehandovers-display-component---AddNewHO--smartFilterBar-btnBasicSearch-I\"]"}
COMMAND: POST /session/a230b9fa5e58e47def27534e3d005bf9/element/f.5A792F38359A1C743AD3061B3E5B94B4.d.B286A071C943F0690DEB1A391FD67D9B.e.17275/clear - {}
RESULT: {}
COMMAND: POST /session/a230b9fa5e58e47def27534e3d005bf9/element/f.5A792F38359A1C743AD3061B3E5B94B4.d.B286A071C943F0690DEB1A391FD67D9B.e.17275/value - {"text":"200166"}
COMMAND: GET /session/a230b9fa5e58e47def27534e3d005bf9/screenshot - {}
RESULT: {"text":"200166"}
COMMAND: POST /session/a230b9fa5e58e47def27534e3d005bf9/actions - {"actions":[{"id":"action60","type":"key","parameters":{},"actions":[{"type":"keyDown","value":"î€‡"},{"type":"pause","duration":10},{"type":"keyUp","value":"î€‡"}]}]}
COMMAND: GET /session/a230b9fa5e58e47def27534e3d005bf9/screenshot - {}
RESULT: {}
RESULT: {"actions":[{"id":"action60","type":"key","parameters":{},"actions":[{"type":"keyDown","value":"î€‡"},{"type":"pause","duration":10},{"type":"keyUp","value":"î€‡"}]}]}
COMMAND: POST /session/a230b9fa5e58e47def27534e3d005bf9/element - {"using":"css selector","value":"div[id= \"application-managehandovers-display-component---AddNewHO--smartFilterBar-btnBasicSearch-search\"]"}
COMMAND: GET /session/a230b9fa5e58e47def27534e3d005bf9/screenshot - {}
RESULT: {}
RESULT: {"using":"css selector","value":"div[id= \"application-managehandovers-display-component---AddNewHO--smartFilterBar-btnBasicSearch-search\"]"}
COMMAND: POST /session/a230b9fa5e58e47def27534e3d005bf9/element/f.5A792F38359A1C743AD3061B3E5B94B4.d.B286A071C943F0690DEB1A391FD67D9B.e.17425/click - {}
RESULT: {}
RESULT: {}
COMMAND: GET /session/a230b9fa5e58e47def27534e3d005bf9/screenshot - {}
RESULT: {}
COMMAND: POST /session/a230b9fa5e58e47def27534e3d005bf9/element - {"using":"css selector","value":"div[id= \"application-managehandovers-display-component---AddNewHO--popup-sa-CbBg\"]"}
RESULT: {"using":"css selector","value":"div[id= \"application-managehandovers-display-component---AddNewHO--popup-sa-CbBg\"]"}
COMMAND: POST /session/a230b9fa5e58e47def27534e3d005bf9/element/f.5A792F38359A1C743AD3061B3E5B94B4.d.B286A071C943F0690DEB1A391FD67D9B.e.17426/click - {}
RESULT: {}
COMMAND: GET /session/a230b9fa5e58e47def27534e3d005bf9/screenshot - {}
RESULT: {}
COMMAND: POST /session/a230b9fa5e58e47def27534e3d005bf9/element - {"using":"xpath","value":"//bdi[(text() = 'Select' or . = 'Select')]"}
RESULT: {"using":"xpath","value":"//bdi[(text() = 'Select' or . = 'Select')]"}
COMMAND: POST /session/a230b9fa5e58e47def27534e3d005bf9/element/f.5A792F38359A1C743AD3061B3E5B94B4.d.B286A071C943F0690DEB1A391FD67D9B.e.17427/click - {}
RESULT: {}
COMMAND: GET /session/a230b9fa5e58e47def27534e3d005bf9/screenshot - {}
RESULT: {}
COMMAND: POST /session/a230b9fa5e58e47def27534e3d005bf9/execute/async - {"script":"<script> [1562 bytes]","args":[{"selector":{"controlType":"sap.m.Input","viewName":"etm.portal.ui.managehandovers.view.AddNewHO","viewId":"application-managehandovers-display-component---AddNewHO","bindingPath":{"path":"/items/0","propertyPath":"TYPE","modelName":"hoItemsModel"},"interaction":{"idSuffix":"inner"}},"wdio_ui5_key":"etmportal.ui.managehandovers.view.AddNewHOsap.m.Input{\"path\":\"/items/0\",\"propertyPath\":\"TYPE\",\"modelName\":\"hoItemsModel\"}"}]}
RESULT: {"script":"<script> [1562 bytes]","args":[{"selector":{"controlType":"sap.m.Input","viewName":"etm.portal.ui.managehandovers.view.AddNewHO","viewId":"application-managehandovers-display-component---AddNewHO","bindingPath":{"path":"/items/0","propertyPath":"TYPE","modelName":"hoItemsModel"},"interaction":{"idSuffix":"inner"}},"wdio_ui5_key":"etmportal.ui.managehandovers.view.AddNewHOsap.m.Input{\"path\":\"/items/0\",\"propertyPath\":\"TYPE\",\"modelName\":\"hoItemsModel\"}"}]}
RESULT: undefined
COMMAND: POST /session/a230b9fa5e58e47def27534e3d005bf9/execute/async - {"script":"<script> [776 bytes]","args":[{"enterText":"100","selector":{"controlType":"sap.m.Input","viewName":"etm.portal.ui.managehandovers.view.AddNewHO","viewId":"application-managehandovers-display-component---AddNewHO","bindingPath":{"path":"/items/0","propertyPath":"TYPE","modelName":"hoItemsModel"},"interaction":{"idSuffix":"inner"}},"clearTextFirst":true,"interactionType":"ENTER_TEXT"}]}
RESULT: {"script":"<script> [776 bytes]","args":[{"enterText":"100","selector":{"controlType":"sap.m.Input","viewName":"etm.portal.ui.managehandovers.view.AddNewHO","viewId":"application-managehandovers-display-component---AddNewHO","bindingPath":{"path":"/items/0","propertyPath":"TYPE","modelName":"hoItemsModel"},"interaction":{"idSuffix":"inner"}},"clearTextFirst":true,"interactionType":"ENTER_TEXT"}]}
COMMAND: POST /session/a230b9fa5e58e47def27534e3d005bf9/element - {"using":"xpath","value":"//bdi[(text() = 'Save' or . = 'Save')]"}
RESULT: {"using":"xpath","value":"//bdi[(text() = 'Save' or . = 'Save')]"}
COMMAND: POST /session/a230b9fa5e58e47def27534e3d005bf9/element/f.5A792F38359A1C743AD3061B3E5B94B4.d.B286A071C943F0690DEB1A391FD67D9B.e.17432/click - {}
RESULT: {}
COMMAND: GET /session/a230b9fa5e58e47def27534e3d005bf9/screenshot - {}
RESULT: {}
COMMAND: POST /session/a230b9fa5e58e47def27534e3d005bf9/element - {"using":"xpath","value":"//input[contains(@id ,\"receiptDatePicker-inner\")]"}
RESULT: {"using":"xpath","value":"//input[contains(@id ,\"receiptDatePicker-inner\")]"}
COMMAND: POST /session/a230b9fa5e58e47def27534e3d005bf9/element/f.5A792F38359A1C743AD3061B3E5B94B4.d.B286A071C943F0690DEB1A391FD67D9B.e.17460/click - {}
RESULT: {}
COMMAND: POST /session/a230b9fa5e58e47def27534e3d005bf9/element - {"using":"xpath","value":"//input[contains(@id ,\"receiptDatePicker-inner\")]"}
COMMAND: GET /session/a230b9fa5e58e47def27534e3d005bf9/screenshot - {}
RESULT: {"using":"xpath","value":"//input[contains(@id ,\"receiptDatePicker-inner\")]"}
COMMAND: POST /session/a230b9fa5e58e47def27534e3d005bf9/element/f.5A792F38359A1C743AD3061B3E5B94B4.d.B286A071C943F0690DEB1A391FD67D9B.e.17460/clear - {}
RESULT: {}
RESULT: {}
COMMAND: POST /session/a230b9fa5e58e47def27534e3d005bf9/element/f.5A792F38359A1C743AD3061B3E5B94B4.d.B286A071C943F0690DEB1A391FD67D9B.e.17460/value - {"text":"4/28/25"}
COMMAND: GET /session/a230b9fa5e58e47def27534e3d005bf9/screenshot - {}
RESULT: {"text":"4/28/25"}
COMMAND: GET /session/a230b9fa5e58e47def27534e3d005bf9/screenshot - {}
RESULT: {}
RESULT: {}
COMMAND: POST /session/a230b9fa5e58e47def27534e3d005bf9/element - {"using":"xpath","value":"//bdi[text()='Save']"}
RESULT: {"using":"xpath","value":"//bdi[text()='Save']"}
COMMAND: GET /session/a230b9fa5e58e47def27534e3d005bf9/element/f.5A792F38359A1C743AD3061B3E5B94B4.d.B286A071C943F0690DEB1A391FD67D9B.e.17432/enabled - {}
RESULT: {}
COMMAND: POST /session/a230b9fa5e58e47def27534e3d005bf9/execute/sync - {"script":"<script> [8489 bytes]","args":[{"element-6066-11e4-a52e-4f735466cecf":"f.5A792F38359A1C743AD3061B3E5B94B4.d.B286A071C943F0690DEB1A391FD67D9B.e.17432","ELEMENT":"f.5A792F38359A1C743AD3061B3E5B94B4.d.B286A071C943F0690DEB1A391FD67D9B.e.17432"}]}
COMMAND: GET /session/a230b9fa5e58e47def27534e3d005bf9/screenshot - {}
RESULT: {"script":"<script> [8489 bytes]","args":[{"element-6066-11e4-a52e-4f735466cecf":"f.5A792F38359A1C743AD3061B3E5B94B4.d.B286A071C943F0690DEB1A391FD67D9B.e.17432","ELEMENT":"f.5A792F38359A1C743AD3061B3E5B94B4.d.B286A071C943F0690DEB1A391FD67D9B.e.17432"}]}
COMMAND: GET /session/a230b9fa5e58e47def27534e3d005bf9/screenshot - {}
RESULT: {}
COMMAND: POST /session/a230b9fa5e58e47def27534e3d005bf9/execute/sync - {"script":"<script> [8489 bytes]","args":[{"element-6066-11e4-a52e-4f735466cecf":"f.5A792F38359A1C743AD3061B3E5B94B4.d.B286A071C943F0690DEB1A391FD67D9B.e.17432","ELEMENT":"f.5A792F38359A1C743AD3061B3E5B94B4.d.B286A071C943F0690DEB1A391FD67D9B.e.17432"}]}
RESULT: {}
RESULT: {"script":"<script> [8489 bytes]","args":[{"element-6066-11e4-a52e-4f735466cecf":"f.5A792F38359A1C743AD3061B3E5B94B4.d.B286A071C943F0690DEB1A391FD67D9B.e.17432","ELEMENT":"f.5A792F38359A1C743AD3061B3E5B94B4.d.B286A071C943F0690DEB1A391FD67D9B.e.17432"}]}
COMMAND: GET /session/a230b9fa5e58e47def27534e3d005bf9/screenshot - {}
COMMAND: POST /session/a230b9fa5e58e47def27534e3d005bf9/execute/sync - {"script":"<script> [8489 bytes]","args":[{"element-6066-11e4-a52e-4f735466cecf":"f.5A792F38359A1C743AD3061B3E5B94B4.d.B286A071C943F0690DEB1A391FD67D9B.e.17432","ELEMENT":"f.5A792F38359A1C743AD3061B3E5B94B4.d.B286A071C943F0690DEB1A391FD67D9B.e.17432"}]}
RESULT: {}
RESULT: {"script":"<script> [8489 bytes]","args":[{"element-6066-11e4-a52e-4f735466cecf":"f.5A792F38359A1C743AD3061B3E5B94B4.d.B286A071C943F0690DEB1A391FD67D9B.e.17432","ELEMENT":"f.5A792F38359A1C743AD3061B3E5B94B4.d.B286A071C943F0690DEB1A391FD67D9B.e.17432"}]}
COMMAND: GET /session/a230b9fa5e58e47def27534e3d005bf9/screenshot - {}
RESULT: {}
COMMAND: POST /session/a230b9fa5e58e47def27534e3d005bf9/execute/sync - {"script":"<script> [8489 bytes]","args":[{"element-6066-11e4-a52e-4f735466cecf":"f.5A792F38359A1C743AD3061B3E5B94B4.d.B286A071C943F0690DEB1A391FD67D9B.e.17432","ELEMENT":"f.5A792F38359A1C743AD3061B3E5B94B4.d.B286A071C943F0690DEB1A391FD67D9B.e.17432"}]}
RESULT: {"script":"<script> [8489 bytes]","args":[{"element-6066-11e4-a52e-4f735466cecf":"f.5A792F38359A1C743AD3061B3E5B94B4.d.B286A071C943F0690DEB1A391FD67D9B.e.17432","ELEMENT":"f.5A792F38359A1C743AD3061B3E5B94B4.d.B286A071C943F0690DEB1A391FD67D9B.e.17432"}]}
COMMAND: GET /session/a230b9fa5e58e47def27534e3d005bf9/screenshot - {}
RESULT: {}
COMMAND: POST /session/a230b9fa5e58e47def27534e3d005bf9/execute/sync - {"script":"<script> [8489 bytes]","args":[{"element-6066-11e4-a52e-4f735466cecf":"f.5A792F38359A1C743AD3061B3E5B94B4.d.B286A071C943F0690DEB1A391FD67D9B.e.17432","ELEMENT":"f.5A792F38359A1C743AD3061B3E5B94B4.d.B286A071C943F0690DEB1A391FD67D9B.e.17432"}]}
RESULT: {"script":"<script> [8489 bytes]","args":[{"element-6066-11e4-a52e-4f735466cecf":"f.5A792F38359A1C743AD3061B3E5B94B4.d.B286A071C943F0690DEB1A391FD67D9B.e.17432","ELEMENT":"f.5A792F38359A1C743AD3061B3E5B94B4.d.B286A071C943F0690DEB1A391FD67D9B.e.17432"}]}
COMMAND: GET /session/a230b9fa5e58e47def27534e3d005bf9/screenshot - {}
RESULT: {}
COMMAND: POST /session/a230b9fa5e58e47def27534e3d005bf9/execute/sync - {"script":"<script> [8489 bytes]","args":[{"element-6066-11e4-a52e-4f735466cecf":"f.5A792F38359A1C743AD3061B3E5B94B4.d.B286A071C943F0690DEB1A391FD67D9B.e.17432","ELEMENT":"f.5A792F38359A1C743AD3061B3E5B94B4.d.B286A071C943F0690DEB1A391FD67D9B.e.17432"}]}
RESULT: {"script":"<script> [8489 bytes]","args":[{"element-6066-11e4-a52e-4f735466cecf":"f.5A792F38359A1C743AD3061B3E5B94B4.d.B286A071C943F0690DEB1A391FD67D9B.e.17432","ELEMENT":"f.5A792F38359A1C743AD3061B3E5B94B4.d.B286A071C943F0690DEB1A391FD67D9B.e.17432"}]}
COMMAND: GET /session/a230b9fa5e58e47def27534e3d005bf9/screenshot - {}
RESULT: {}
COMMAND: POST /session/a230b9fa5e58e47def27534e3d005bf9/execute/sync - {"script":"<script> [8489 bytes]","args":[{"element-6066-11e4-a52e-4f735466cecf":"f.5A792F38359A1C743AD3061B3E5B94B4.d.B286A071C943F0690DEB1A391FD67D9B.e.17432","ELEMENT":"f.5A792F38359A1C743AD3061B3E5B94B4.d.B286A071C943F0690DEB1A391FD67D9B.e.17432"}]}
RESULT: {"script":"<script> [8489 bytes]","args":[{"element-6066-11e4-a52e-4f735466cecf":"f.5A792F38359A1C743AD3061B3E5B94B4.d.B286A071C943F0690DEB1A391FD67D9B.e.17432","ELEMENT":"f.5A792F38359A1C743AD3061B3E5B94B4.d.B286A071C943F0690DEB1A391FD67D9B.e.17432"}]}
COMMAND: GET /session/a230b9fa5e58e47def27534e3d005bf9/screenshot - {}
RESULT: {}
COMMAND: POST /session/a230b9fa5e58e47def27534e3d005bf9/execute/sync - {"script":"<script> [8489 bytes]","args":[{"element-6066-11e4-a52e-4f735466cecf":"f.5A792F38359A1C743AD3061B3E5B94B4.d.B286A071C943F0690DEB1A391FD67D9B.e.17432","ELEMENT":"f.5A792F38359A1C743AD3061B3E5B94B4.d.B286A071C943F0690DEB1A391FD67D9B.e.17432"}]}
RESULT: {"script":"<script> [8489 bytes]","args":[{"element-6066-11e4-a52e-4f735466cecf":"f.5A792F38359A1C743AD3061B3E5B94B4.d.B286A071C943F0690DEB1A391FD67D9B.e.17432","ELEMENT":"f.5A792F38359A1C743AD3061B3E5B94B4.d.B286A071C943F0690DEB1A391FD67D9B.e.17432"}]}
COMMAND: GET /session/a230b9fa5e58e47def27534e3d005bf9/screenshot - {}
RESULT: {}
COMMAND: POST /session/a230b9fa5e58e47def27534e3d005bf9/execute/sync - {"script":"<script> [8489 bytes]","args":[{"element-6066-11e4-a52e-4f735466cecf":"f.5A792F38359A1C743AD3061B3E5B94B4.d.B286A071C943F0690DEB1A391FD67D9B.e.17432","ELEMENT":"f.5A792F38359A1C743AD3061B3E5B94B4.d.B286A071C943F0690DEB1A391FD67D9B.e.17432"}]}
RESULT: {"script":"<script> [8489 bytes]","args":[{"element-6066-11e4-a52e-4f735466cecf":"f.5A792F38359A1C743AD3061B3E5B94B4.d.B286A071C943F0690DEB1A391FD67D9B.e.17432","ELEMENT":"f.5A792F38359A1C743AD3061B3E5B94B4.d.B286A071C943F0690DEB1A391FD67D9B.e.17432"}]}
COMMAND: GET /session/a230b9fa5e58e47def27534e3d005bf9/screenshot - {}
RESULT: {}
COMMAND: POST /session/a230b9fa5e58e47def27534e3d005bf9/execute/sync - {"script":"<script> [8489 bytes]","args":[{"element-6066-11e4-a52e-4f735466cecf":"f.5A792F38359A1C743AD3061B3E5B94B4.d.B286A071C943F0690DEB1A391FD67D9B.e.17432","ELEMENT":"f.5A792F38359A1C743AD3061B3E5B94B4.d.B286A071C943F0690DEB1A391FD67D9B.e.17432"}]}
RESULT: {"script":"<script> [8489 bytes]","args":[{"element-6066-11e4-a52e-4f735466cecf":"f.5A792F38359A1C743AD3061B3E5B94B4.d.B286A071C943F0690DEB1A391FD67D9B.e.17432","ELEMENT":"f.5A792F38359A1C743AD3061B3E5B94B4.d.B286A071C943F0690DEB1A391FD67D9B.e.17432"}]}
COMMAND: GET /session/a230b9fa5e58e47def27534e3d005bf9/screenshot - {}
RESULT: {}
COMMAND: POST /session/a230b9fa5e58e47def27534e3d005bf9/execute/sync - {"script":"<script> [8489 bytes]","args":[{"element-6066-11e4-a52e-4f735466cecf":"f.5A792F38359A1C743AD3061B3E5B94B4.d.B286A071C943F0690DEB1A391FD67D9B.e.17432","ELEMENT":"f.5A792F38359A1C743AD3061B3E5B94B4.d.B286A071C943F0690DEB1A391FD67D9B.e.17432"}]}
RESULT: {"script":"<script> [8489 bytes]","args":[{"element-6066-11e4-a52e-4f735466cecf":"f.5A792F38359A1C743AD3061B3E5B94B4.d.B286A071C943F0690DEB1A391FD67D9B.e.17432","ELEMENT":"f.5A792F38359A1C743AD3061B3E5B94B4.d.B286A071C943F0690DEB1A391FD67D9B.e.17432"}]}
COMMAND: GET /session/a230b9fa5e58e47def27534e3d005bf9/screenshot - {}
RESULT: {}
COMMAND: POST /session/a230b9fa5e58e47def27534e3d005bf9/execute/sync - {"script":"<script> [8489 bytes]","args":[{"element-6066-11e4-a52e-4f735466cecf":"f.5A792F38359A1C743AD3061B3E5B94B4.d.B286A071C943F0690DEB1A391FD67D9B.e.17432","ELEMENT":"f.5A792F38359A1C743AD3061B3E5B94B4.d.B286A071C943F0690DEB1A391FD67D9B.e.17432"}]}
RESULT: {"script":"<script> [8489 bytes]","args":[{"element-6066-11e4-a52e-4f735466cecf":"f.5A792F38359A1C743AD3061B3E5B94B4.d.B286A071C943F0690DEB1A391FD67D9B.e.17432","ELEMENT":"f.5A792F38359A1C743AD3061B3E5B94B4.d.B286A071C943F0690DEB1A391FD67D9B.e.17432"}]}
COMMAND: GET /session/a230b9fa5e58e47def27534e3d005bf9/screenshot - {}
RESULT: {}
COMMAND: POST /session/a230b9fa5e58e47def27534e3d005bf9/execute/sync - {"script":"<script> [8489 bytes]","args":[{"element-6066-11e4-a52e-4f735466cecf":"f.5A792F38359A1C743AD3061B3E5B94B4.d.B286A071C943F0690DEB1A391FD67D9B.e.17432","ELEMENT":"f.5A792F38359A1C743AD3061B3E5B94B4.d.B286A071C943F0690DEB1A391FD67D9B.e.17432"}]}
RESULT: {"script":"<script> [8489 bytes]","args":[{"element-6066-11e4-a52e-4f735466cecf":"f.5A792F38359A1C743AD3061B3E5B94B4.d.B286A071C943F0690DEB1A391FD67D9B.e.17432","ELEMENT":"f.5A792F38359A1C743AD3061B3E5B94B4.d.B286A071C943F0690DEB1A391FD67D9B.e.17432"}]}
COMMAND: GET /session/a230b9fa5e58e47def27534e3d005bf9/screenshot - {}
RESULT: {}
COMMAND: POST /session/a230b9fa5e58e47def27534e3d005bf9/execute/sync - {"script":"<script> [8489 bytes]","args":[{"element-6066-11e4-a52e-4f735466cecf":"f.5A792F38359A1C743AD3061B3E5B94B4.d.B286A071C943F0690DEB1A391FD67D9B.e.17432","ELEMENT":"f.5A792F38359A1C743AD3061B3E5B94B4.d.B286A071C943F0690DEB1A391FD67D9B.e.17432"}]}
RESULT: {"script":"<script> [8489 bytes]","args":[{"element-6066-11e4-a52e-4f735466cecf":"f.5A792F38359A1C743AD3061B3E5B94B4.d.B286A071C943F0690DEB1A391FD67D9B.e.17432","ELEMENT":"f.5A792F38359A1C743AD3061B3E5B94B4.d.B286A071C943F0690DEB1A391FD67D9B.e.17432"}]}
COMMAND: GET /session/a230b9fa5e58e47def27534e3d005bf9/screenshot - {}
RESULT: {}
COMMAND: POST /session/a230b9fa5e58e47def27534e3d005bf9/execute/sync - {"script":"<script> [8489 bytes]","args":[{"element-6066-11e4-a52e-4f735466cecf":"f.5A792F38359A1C743AD3061B3E5B94B4.d.B286A071C943F0690DEB1A391FD67D9B.e.17432","ELEMENT":"f.5A792F38359A1C743AD3061B3E5B94B4.d.B286A071C943F0690DEB1A391FD67D9B.e.17432"}]}
RESULT: {"script":"<script> [8489 bytes]","args":[{"element-6066-11e4-a52e-4f735466cecf":"f.5A792F38359A1C743AD3061B3E5B94B4.d.B286A071C943F0690DEB1A391FD67D9B.e.17432","ELEMENT":"f.5A792F38359A1C743AD3061B3E5B94B4.d.B286A071C943F0690DEB1A391FD67D9B.e.17432"}]}
COMMAND: GET /session/a230b9fa5e58e47def27534e3d005bf9/screenshot - {}
RESULT: {}
COMMAND: POST /session/a230b9fa5e58e47def27534e3d005bf9/execute/sync - {"script":"<script> [8489 bytes]","args":[{"element-6066-11e4-a52e-4f735466cecf":"f.5A792F38359A1C743AD3061B3E5B94B4.d.B286A071C943F0690DEB1A391FD67D9B.e.17432","ELEMENT":"f.5A792F38359A1C743AD3061B3E5B94B4.d.B286A071C943F0690DEB1A391FD67D9B.e.17432"}]}
RESULT: {"script":"<script> [8489 bytes]","args":[{"element-6066-11e4-a52e-4f735466cecf":"f.5A792F38359A1C743AD3061B3E5B94B4.d.B286A071C943F0690DEB1A391FD67D9B.e.17432","ELEMENT":"f.5A792F38359A1C743AD3061B3E5B94B4.d.B286A071C943F0690DEB1A391FD67D9B.e.17432"}]}
COMMAND: GET /session/a230b9fa5e58e47def27534e3d005bf9/screenshot - {}
RESULT: {}
COMMAND: POST /session/a230b9fa5e58e47def27534e3d005bf9/execute/sync - {"script":"<script> [8489 bytes]","args":[{"element-6066-11e4-a52e-4f735466cecf":"f.5A792F38359A1C743AD3061B3E5B94B4.d.B286A071C943F0690DEB1A391FD67D9B.e.17432","ELEMENT":"f.5A792F38359A1C743AD3061B3E5B94B4.d.B286A071C943F0690DEB1A391FD67D9B.e.17432"}]}
RESULT: {"script":"<script> [8489 bytes]","args":[{"element-6066-11e4-a52e-4f735466cecf":"f.5A792F38359A1C743AD3061B3E5B94B4.d.B286A071C943F0690DEB1A391FD67D9B.e.17432","ELEMENT":"f.5A792F38359A1C743AD3061B3E5B94B4.d.B286A071C943F0690DEB1A391FD67D9B.e.17432"}]}
COMMAND: GET /session/a230b9fa5e58e47def27534e3d005bf9/screenshot - {}
RESULT: {}
COMMAND: POST /session/a230b9fa5e58e47def27534e3d005bf9/execute/sync - {"script":"<script> [8489 bytes]","args":[{"element-6066-11e4-a52e-4f735466cecf":"f.5A792F38359A1C743AD3061B3E5B94B4.d.B286A071C943F0690DEB1A391FD67D9B.e.17432","ELEMENT":"f.5A792F38359A1C743AD3061B3E5B94B4.d.B286A071C943F0690DEB1A391FD67D9B.e.17432"}]}
RESULT: {"script":"<script> [8489 bytes]","args":[{"element-6066-11e4-a52e-4f735466cecf":"f.5A792F38359A1C743AD3061B3E5B94B4.d.B286A071C943F0690DEB1A391FD67D9B.e.17432","ELEMENT":"f.5A792F38359A1C743AD3061B3E5B94B4.d.B286A071C943F0690DEB1A391FD67D9B.e.17432"}]}
COMMAND: GET /session/a230b9fa5e58e47def27534e3d005bf9/screenshot - {}
RESULT: {}
COMMAND: POST /session/a230b9fa5e58e47def27534e3d005bf9/execute/sync - {"script":"<script> [8489 bytes]","args":[{"element-6066-11e4-a52e-4f735466cecf":"f.5A792F38359A1C743AD3061B3E5B94B4.d.B286A071C943F0690DEB1A391FD67D9B.e.17432","ELEMENT":"f.5A792F38359A1C743AD3061B3E5B94B4.d.B286A071C943F0690DEB1A391FD67D9B.e.17432"}]}
RESULT: {"script":"<script> [8489 bytes]","args":[{"element-6066-11e4-a52e-4f735466cecf":"f.5A792F38359A1C743AD3061B3E5B94B4.d.B286A071C943F0690DEB1A391FD67D9B.e.17432","ELEMENT":"f.5A792F38359A1C743AD3061B3E5B94B4.d.B286A071C943F0690DEB1A391FD67D9B.e.17432"}]}
COMMAND: GET /session/a230b9fa5e58e47def27534e3d005bf9/screenshot - {}
RESULT: {}
COMMAND: POST /session/a230b9fa5e58e47def27534e3d005bf9/execute/sync - {"script":"<script> [8489 bytes]","args":[{"element-6066-11e4-a52e-4f735466cecf":"f.5A792F38359A1C743AD3061B3E5B94B4.d.B286A071C943F0690DEB1A391FD67D9B.e.17432","ELEMENT":"f.5A792F38359A1C743AD3061B3E5B94B4.d.B286A071C943F0690DEB1A391FD67D9B.e.17432"}]}
RESULT: {"script":"<script> [8489 bytes]","args":[{"element-6066-11e4-a52e-4f735466cecf":"f.5A792F38359A1C743AD3061B3E5B94B4.d.B286A071C943F0690DEB1A391FD67D9B.e.17432","ELEMENT":"f.5A792F38359A1C743AD3061B3E5B94B4.d.B286A071C943F0690DEB1A391FD67D9B.e.17432"}]}
COMMAND: GET /session/a230b9fa5e58e47def27534e3d005bf9/screenshot - {}
RESULT: {}
COMMAND: POST /session/a230b9fa5e58e47def27534e3d005bf9/execute/sync - {"script":"<script> [8489 bytes]","args":[{"element-6066-11e4-a52e-4f735466cecf":"f.5A792F38359A1C743AD3061B3E5B94B4.d.B286A071C943F0690DEB1A391FD67D9B.e.17432","ELEMENT":"f.5A792F38359A1C743AD3061B3E5B94B4.d.B286A071C943F0690DEB1A391FD67D9B.e.17432"}]}
RESULT: {"script":"<script> [8489 bytes]","args":[{"element-6066-11e4-a52e-4f735466cecf":"f.5A792F38359A1C743AD3061B3E5B94B4.d.B286A071C943F0690DEB1A391FD67D9B.e.17432","ELEMENT":"f.5A792F38359A1C743AD3061B3E5B94B4.d.B286A071C943F0690DEB1A391FD67D9B.e.17432"}]}
COMMAND: GET /session/a230b9fa5e58e47def27534e3d005bf9/screenshot - {}
RESULT: {}
COMMAND: POST /session/a230b9fa5e58e47def27534e3d005bf9/execute/sync - {"script":"<script> [8489 bytes]","args":[{"element-6066-11e4-a52e-4f735466cecf":"f.5A792F38359A1C743AD3061B3E5B94B4.d.B286A071C943F0690DEB1A391FD67D9B.e.17432","ELEMENT":"f.5A792F38359A1C743AD3061B3E5B94B4.d.B286A071C943F0690DEB1A391FD67D9B.e.17432"}]}
RESULT: {"script":"<script> [8489 bytes]","args":[{"element-6066-11e4-a52e-4f735466cecf":"f.5A792F38359A1C743AD3061B3E5B94B4.d.B286A071C943F0690DEB1A391FD67D9B.e.17432","ELEMENT":"f.5A792F38359A1C743AD3061B3E5B94B4.d.B286A071C943F0690DEB1A391FD67D9B.e.17432"}]}
COMMAND: GET /session/a230b9fa5e58e47def27534e3d005bf9/screenshot - {}
RESULT: {}
COMMAND: POST /session/a230b9fa5e58e47def27534e3d005bf9/execute/sync - {"script":"<script> [8489 bytes]","args":[{"element-6066-11e4-a52e-4f735466cecf":"f.5A792F38359A1C743AD3061B3E5B94B4.d.B286A071C943F0690DEB1A391FD67D9B.e.17432","ELEMENT":"f.5A792F38359A1C743AD3061B3E5B94B4.d.B286A071C943F0690DEB1A391FD67D9B.e.17432"}]}
RESULT: {"script":"<script> [8489 bytes]","args":[{"element-6066-11e4-a52e-4f735466cecf":"f.5A792F38359A1C743AD3061B3E5B94B4.d.B286A071C943F0690DEB1A391FD67D9B.e.17432","ELEMENT":"f.5A792F38359A1C743AD3061B3E5B94B4.d.B286A071C943F0690DEB1A391FD67D9B.e.17432"}]}
COMMAND: GET /session/a230b9fa5e58e47def27534e3d005bf9/screenshot - {}
RESULT: {}
COMMAND: POST /session/a230b9fa5e58e47def27534e3d005bf9/execute/sync - {"script":"<script> [8489 bytes]","args":[{"element-6066-11e4-a52e-4f735466cecf":"f.5A792F38359A1C743AD3061B3E5B94B4.d.B286A071C943F0690DEB1A391FD67D9B.e.17432","ELEMENT":"f.5A792F38359A1C743AD3061B3E5B94B4.d.B286A071C943F0690DEB1A391FD67D9B.e.17432"}]}
RESULT: {"script":"<script> [8489 bytes]","args":[{"element-6066-11e4-a52e-4f735466cecf":"f.5A792F38359A1C743AD3061B3E5B94B4.d.B286A071C943F0690DEB1A391FD67D9B.e.17432","ELEMENT":"f.5A792F38359A1C743AD3061B3E5B94B4.d.B286A071C943F0690DEB1A391FD67D9B.e.17432"}]}
COMMAND: GET /session/a230b9fa5e58e47def27534e3d005bf9/screenshot - {}
RESULT: {}
COMMAND: POST /session/a230b9fa5e58e47def27534e3d005bf9/execute/sync - {"script":"<script> [8489 bytes]","args":[{"element-6066-11e4-a52e-4f735466cecf":"f.5A792F38359A1C743AD3061B3E5B94B4.d.B286A071C943F0690DEB1A391FD67D9B.e.17432","ELEMENT":"f.5A792F38359A1C743AD3061B3E5B94B4.d.B286A071C943F0690DEB1A391FD67D9B.e.17432"}]}
RESULT: {"script":"<script> [8489 bytes]","args":[{"element-6066-11e4-a52e-4f735466cecf":"f.5A792F38359A1C743AD3061B3E5B94B4.d.B286A071C943F0690DEB1A391FD67D9B.e.17432","ELEMENT":"f.5A792F38359A1C743AD3061B3E5B94B4.d.B286A071C943F0690DEB1A391FD67D9B.e.17432"}]}
COMMAND: GET /session/a230b9fa5e58e47def27534e3d005bf9/screenshot - {}
RESULT: {}
COMMAND: POST /session/a230b9fa5e58e47def27534e3d005bf9/execute/sync - {"script":"<script> [8489 bytes]","args":[{"element-6066-11e4-a52e-4f735466cecf":"f.5A792F38359A1C743AD3061B3E5B94B4.d.B286A071C943F0690DEB1A391FD67D9B.e.17432","ELEMENT":"f.5A792F38359A1C743AD3061B3E5B94B4.d.B286A071C943F0690DEB1A391FD67D9B.e.17432"}]}
RESULT: {"script":"<script> [8489 bytes]","args":[{"element-6066-11e4-a52e-4f735466cecf":"f.5A792F38359A1C743AD3061B3E5B94B4.d.B286A071C943F0690DEB1A391FD67D9B.e.17432","ELEMENT":"f.5A792F38359A1C743AD3061B3E5B94B4.d.B286A071C943F0690DEB1A391FD67D9B.e.17432"}]}
COMMAND: GET /session/a230b9fa5e58e47def27534e3d005bf9/screenshot - {}
RESULT: {}
COMMAND: POST /session/a230b9fa5e58e47def27534e3d005bf9/execute/sync - {"script":"<script> [8489 bytes]","args":[{"element-6066-11e4-a52e-4f735466cecf":"f.5A792F38359A1C743AD3061B3E5B94B4.d.B286A071C943F0690DEB1A391FD67D9B.e.17432","ELEMENT":"f.5A792F38359A1C743AD3061B3E5B94B4.d.B286A071C943F0690DEB1A391FD67D9B.e.17432"}]}
RESULT: {"script":"<script> [8489 bytes]","args":[{"element-6066-11e4-a52e-4f735466cecf":"f.5A792F38359A1C743AD3061B3E5B94B4.d.B286A071C943F0690DEB1A391FD67D9B.e.17432","ELEMENT":"f.5A792F38359A1C743AD3061B3E5B94B4.d.B286A071C943F0690DEB1A391FD67D9B.e.17432"}]}
COMMAND: GET /session/a230b9fa5e58e47def27534e3d005bf9/screenshot - {}
RESULT: {}
COMMAND: POST /session/a230b9fa5e58e47def27534e3d005bf9/execute/sync - {"script":"<script> [8489 bytes]","args":[{"element-6066-11e4-a52e-4f735466cecf":"f.5A792F38359A1C743AD3061B3E5B94B4.d.B286A071C943F0690DEB1A391FD67D9B.e.17432","ELEMENT":"f.5A792F38359A1C743AD3061B3E5B94B4.d.B286A071C943F0690DEB1A391FD67D9B.e.17432"}]}
RESULT: {"script":"<script> [8489 bytes]","args":[{"element-6066-11e4-a52e-4f735466cecf":"f.5A792F38359A1C743AD3061B3E5B94B4.d.B286A071C943F0690DEB1A391FD67D9B.e.17432","ELEMENT":"f.5A792F38359A1C743AD3061B3E5B94B4.d.B286A071C943F0690DEB1A391FD67D9B.e.17432"}]}
COMMAND: GET /session/a230b9fa5e58e47def27534e3d005bf9/screenshot - {}
RESULT: {}
COMMAND: POST /session/a230b9fa5e58e47def27534e3d005bf9/execute/sync - {"script":"<script> [8489 bytes]","args":[{"element-6066-11e4-a52e-4f735466cecf":"f.5A792F38359A1C743AD3061B3E5B94B4.d.B286A071C943F0690DEB1A391FD67D9B.e.17432","ELEMENT":"f.5A792F38359A1C743AD3061B3E5B94B4.d.B286A071C943F0690DEB1A391FD67D9B.e.17432"}]}
RESULT: {"script":"<script> [8489 bytes]","args":[{"element-6066-11e4-a52e-4f735466cecf":"f.5A792F38359A1C743AD3061B3E5B94B4.d.B286A071C943F0690DEB1A391FD67D9B.e.17432","ELEMENT":"f.5A792F38359A1C743AD3061B3E5B94B4.d.B286A071C943F0690DEB1A391FD67D9B.e.17432"}]}
COMMAND: GET /session/a230b9fa5e58e47def27534e3d005bf9/screenshot - {}
RESULT: {}
COMMAND: POST /session/a230b9fa5e58e47def27534e3d005bf9/execute/sync - {"script":"<script> [8489 bytes]","args":[{"element-6066-11e4-a52e-4f735466cecf":"f.5A792F38359A1C743AD3061B3E5B94B4.d.B286A071C943F0690DEB1A391FD67D9B.e.17432","ELEMENT":"f.5A792F38359A1C743AD3061B3E5B94B4.d.B286A071C943F0690DEB1A391FD67D9B.e.17432"}]}
RESULT: {"script":"<script> [8489 bytes]","args":[{"element-6066-11e4-a52e-4f735466cecf":"f.5A792F38359A1C743AD3061B3E5B94B4.d.B286A071C943F0690DEB1A391FD67D9B.e.17432","ELEMENT":"f.5A792F38359A1C743AD3061B3E5B94B4.d.B286A071C943F0690DEB1A391FD67D9B.e.17432"}]}
COMMAND: GET /session/a230b9fa5e58e47def27534e3d005bf9/screenshot - {}
RESULT: {}
COMMAND: POST /session/a230b9fa5e58e47def27534e3d005bf9/execute/sync - {"script":"<script> [8489 bytes]","args":[{"element-6066-11e4-a52e-4f735466cecf":"f.5A792F38359A1C743AD3061B3E5B94B4.d.B286A071C943F0690DEB1A391FD67D9B.e.17432","ELEMENT":"f.5A792F38359A1C743AD3061B3E5B94B4.d.B286A071C943F0690DEB1A391FD67D9B.e.17432"}]}
RESULT: {"script":"<script> [8489 bytes]","args":[{"element-6066-11e4-a52e-4f735466cecf":"f.5A792F38359A1C743AD3061B3E5B94B4.d.B286A071C943F0690DEB1A391FD67D9B.e.17432","ELEMENT":"f.5A792F38359A1C743AD3061B3E5B94B4.d.B286A071C943F0690DEB1A391FD67D9B.e.17432"}]}
COMMAND: GET /session/a230b9fa5e58e47def27534e3d005bf9/screenshot - {}
RESULT: {}
COMMAND: POST /session/a230b9fa5e58e47def27534e3d005bf9/execute/sync - {"script":"<script> [8489 bytes]","args":[{"element-6066-11e4-a52e-4f735466cecf":"f.5A792F38359A1C743AD3061B3E5B94B4.d.B286A071C943F0690DEB1A391FD67D9B.e.17432","ELEMENT":"f.5A792F38359A1C743AD3061B3E5B94B4.d.B286A071C943F0690DEB1A391FD67D9B.e.17432"}]}
RESULT: {"script":"<script> [8489 bytes]","args":[{"element-6066-11e4-a52e-4f735466cecf":"f.5A792F38359A1C743AD3061B3E5B94B4.d.B286A071C943F0690DEB1A391FD67D9B.e.17432","ELEMENT":"f.5A792F38359A1C743AD3061B3E5B94B4.d.B286A071C943F0690DEB1A391FD67D9B.e.17432"}]}
COMMAND: GET /session/a230b9fa5e58e47def27534e3d005bf9/screenshot - {}
RESULT: {}
COMMAND: POST /session/a230b9fa5e58e47def27534e3d005bf9/execute/sync - {"script":"<script> [8489 bytes]","args":[{"element-6066-11e4-a52e-4f735466cecf":"f.5A792F38359A1C743AD3061B3E5B94B4.d.B286A071C943F0690DEB1A391FD67D9B.e.17432","ELEMENT":"f.5A792F38359A1C743AD3061B3E5B94B4.d.B286A071C943F0690DEB1A391FD67D9B.e.17432"}]}
RESULT: {"script":"<script> [8489 bytes]","args":[{"element-6066-11e4-a52e-4f735466cecf":"f.5A792F38359A1C743AD3061B3E5B94B4.d.B286A071C943F0690DEB1A391FD67D9B.e.17432","ELEMENT":"f.5A792F38359A1C743AD3061B3E5B94B4.d.B286A071C943F0690DEB1A391FD67D9B.e.17432"}]}
COMMAND: GET /session/a230b9fa5e58e47def27534e3d005bf9/screenshot - {}
RESULT: {}
COMMAND: POST /session/a230b9fa5e58e47def27534e3d005bf9/execute/sync - {"script":"<script> [8489 bytes]","args":[{"element-6066-11e4-a52e-4f735466cecf":"f.5A792F38359A1C743AD3061B3E5B94B4.d.B286A071C943F0690DEB1A391FD67D9B.e.17432","ELEMENT":"f.5A792F38359A1C743AD3061B3E5B94B4.d.B286A071C943F0690DEB1A391FD67D9B.e.17432"}]}
RESULT: {"script":"<script> [8489 bytes]","args":[{"element-6066-11e4-a52e-4f735466cecf":"f.5A792F38359A1C743AD3061B3E5B94B4.d.B286A071C943F0690DEB1A391FD67D9B.e.17432","ELEMENT":"f.5A792F38359A1C743AD3061B3E5B94B4.d.B286A071C943F0690DEB1A391FD67D9B.e.17432"}]}
COMMAND: GET /session/a230b9fa5e58e47def27534e3d005bf9/screenshot - {}
RESULT: {}
COMMAND: POST /session/a230b9fa5e58e47def27534e3d005bf9/execute/sync - {"script":"<script> [8489 bytes]","args":[{"element-6066-11e4-a52e-4f735466cecf":"f.5A792F38359A1C743AD3061B3E5B94B4.d.B286A071C943F0690DEB1A391FD67D9B.e.17432","ELEMENT":"f.5A792F38359A1C743AD3061B3E5B94B4.d.B286A071C943F0690DEB1A391FD67D9B.e.17432"}]}
RESULT: {"script":"<script> [8489 bytes]","args":[{"element-6066-11e4-a52e-4f735466cecf":"f.5A792F38359A1C743AD3061B3E5B94B4.d.B286A071C943F0690DEB1A391FD67D9B.e.17432","ELEMENT":"f.5A792F38359A1C743AD3061B3E5B94B4.d.B286A071C943F0690DEB1A391FD67D9B.e.17432"}]}
COMMAND: GET /session/a230b9fa5e58e47def27534e3d005bf9/screenshot - {}
RESULT: {}
COMMAND: POST /session/a230b9fa5e58e47def27534e3d005bf9/execute/sync - {"script":"<script> [8489 bytes]","args":[{"element-6066-11e4-a52e-4f735466cecf":"f.5A792F38359A1C743AD3061B3E5B94B4.d.B286A071C943F0690DEB1A391FD67D9B.e.17432","ELEMENT":"f.5A792F38359A1C743AD3061B3E5B94B4.d.B286A071C943F0690DEB1A391FD67D9B.e.17432"}]}
RESULT: {"script":"<script> [8489 bytes]","args":[{"element-6066-11e4-a52e-4f735466cecf":"f.5A792F38359A1C743AD3061B3E5B94B4.d.B286A071C943F0690DEB1A391FD67D9B.e.17432","ELEMENT":"f.5A792F38359A1C743AD3061B3E5B94B4.d.B286A071C943F0690DEB1A391FD67D9B.e.17432"}]}
COMMAND: GET /session/a230b9fa5e58e47def27534e3d005bf9/screenshot - {}
RESULT: {}
COMMAND: POST /session/a230b9fa5e58e47def27534e3d005bf9/execute/sync - {"script":"<script> [8489 bytes]","args":[{"element-6066-11e4-a52e-4f735466cecf":"f.5A792F38359A1C743AD3061B3E5B94B4.d.B286A071C943F0690DEB1A391FD67D9B.e.17432","ELEMENT":"f.5A792F38359A1C743AD3061B3E5B94B4.d.B286A071C943F0690DEB1A391FD67D9B.e.17432"}]}
RESULT: {"script":"<script> [8489 bytes]","args":[{"element-6066-11e4-a52e-4f735466cecf":"f.5A792F38359A1C743AD3061B3E5B94B4.d.B286A071C943F0690DEB1A391FD67D9B.e.17432","ELEMENT":"f.5A792F38359A1C743AD3061B3E5B94B4.d.B286A071C943F0690DEB1A391FD67D9B.e.17432"}]}
COMMAND: GET /session/a230b9fa5e58e47def27534e3d005bf9/screenshot - {}
RESULT: {}
COMMAND: POST /session/a230b9fa5e58e47def27534e3d005bf9/execute/sync - {"script":"<script> [8489 bytes]","args":[{"element-6066-11e4-a52e-4f735466cecf":"f.5A792F38359A1C743AD3061B3E5B94B4.d.B286A071C943F0690DEB1A391FD67D9B.e.17432","ELEMENT":"f.5A792F38359A1C743AD3061B3E5B94B4.d.B286A071C943F0690DEB1A391FD67D9B.e.17432"}]}
RESULT: {"script":"<script> [8489 bytes]","args":[{"element-6066-11e4-a52e-4f735466cecf":"f.5A792F38359A1C743AD3061B3E5B94B4.d.B286A071C943F0690DEB1A391FD67D9B.e.17432","ELEMENT":"f.5A792F38359A1C743AD3061B3E5B94B4.d.B286A071C943F0690DEB1A391FD67D9B.e.17432"}]}
COMMAND: GET /session/a230b9fa5e58e47def27534e3d005bf9/screenshot - {}
RESULT: {}
COMMAND: POST /session/a230b9fa5e58e47def27534e3d005bf9/execute/sync - {"script":"<script> [8489 bytes]","args":[{"element-6066-11e4-a52e-4f735466cecf":"f.5A792F38359A1C743AD3061B3E5B94B4.d.B286A071C943F0690DEB1A391FD67D9B.e.17432","ELEMENT":"f.5A792F38359A1C743AD3061B3E5B94B4.d.B286A071C943F0690DEB1A391FD67D9B.e.17432"}]}
RESULT: {"script":"<script> [8489 bytes]","args":[{"element-6066-11e4-a52e-4f735466cecf":"f.5A792F38359A1C743AD3061B3E5B94B4.d.B286A071C943F0690DEB1A391FD67D9B.e.17432","ELEMENT":"f.5A792F38359A1C743AD3061B3E5B94B4.d.B286A071C943F0690DEB1A391FD67D9B.e.17432"}]}
COMMAND: GET /session/a230b9fa5e58e47def27534e3d005bf9/screenshot - {}
RESULT: {}
COMMAND: POST /session/a230b9fa5e58e47def27534e3d005bf9/execute/sync - {"script":"<script> [8489 bytes]","args":[{"element-6066-11e4-a52e-4f735466cecf":"f.5A792F38359A1C743AD3061B3E5B94B4.d.B286A071C943F0690DEB1A391FD67D9B.e.17432","ELEMENT":"f.5A792F38359A1C743AD3061B3E5B94B4.d.B286A071C943F0690DEB1A391FD67D9B.e.17432"}]}
RESULT: {"script":"<script> [8489 bytes]","args":[{"element-6066-11e4-a52e-4f735466cecf":"f.5A792F38359A1C743AD3061B3E5B94B4.d.B286A071C943F0690DEB1A391FD67D9B.e.17432","ELEMENT":"f.5A792F38359A1C743AD3061B3E5B94B4.d.B286A071C943F0690DEB1A391FD67D9B.e.17432"}]}
COMMAND: GET /session/a230b9fa5e58e47def27534e3d005bf9/screenshot - {}
COMMAND: POST /session/a230b9fa5e58e47def27534e3d005bf9/execute/sync - {"script":"<script> [8489 bytes]","args":[{"element-6066-11e4-a52e-4f735466cecf":"f.5A792F38359A1C743AD3061B3E5B94B4.d.B286A071C943F0690DEB1A391FD67D9B.e.17432","ELEMENT":"f.5A792F38359A1C743AD3061B3E5B94B4.d.B286A071C943F0690DEB1A391FD67D9B.e.17432"}]}
RESULT: {}
RESULT: {"script":"<script> [8489 bytes]","args":[{"element-6066-11e4-a52e-4f735466cecf":"f.5A792F38359A1C743AD3061B3E5B94B4.d.B286A071C943F0690DEB1A391FD67D9B.e.17432","ELEMENT":"f.5A792F38359A1C743AD3061B3E5B94B4.d.B286A071C943F0690DEB1A391FD67D9B.e.17432"}]}
COMMAND: GET /session/a230b9fa5e58e47def27534e3d005bf9/screenshot - {}
COMMAND: POST /session/a230b9fa5e58e47def27534e3d005bf9/execute/sync - {"script":"<script> [8489 bytes]","args":[{"element-6066-11e4-a52e-4f735466cecf":"f.5A792F38359A1C743AD3061B3E5B94B4.d.B286A071C943F0690DEB1A391FD67D9B.e.17432","ELEMENT":"f.5A792F38359A1C743AD3061B3E5B94B4.d.B286A071C943F0690DEB1A391FD67D9B.e.17432"}]}
RESULT: {}
RESULT: {"script":"<script> [8489 bytes]","args":[{"element-6066-11e4-a52e-4f735466cecf":"f.5A792F38359A1C743AD3061B3E5B94B4.d.B286A071C943F0690DEB1A391FD67D9B.e.17432","ELEMENT":"f.5A792F38359A1C743AD3061B3E5B94B4.d.B286A071C943F0690DEB1A391FD67D9B.e.17432"}]}
COMMAND: GET /session/a230b9fa5e58e47def27534e3d005bf9/screenshot - {}
RESULT: {}
COMMAND: POST /session/a230b9fa5e58e47def27534e3d005bf9/execute/sync - {"script":"<script> [8489 bytes]","args":[{"element-6066-11e4-a52e-4f735466cecf":"f.5A792F38359A1C743AD3061B3E5B94B4.d.B286A071C943F0690DEB1A391FD67D9B.e.17432","ELEMENT":"f.5A792F38359A1C743AD3061B3E5B94B4.d.B286A071C943F0690DEB1A391FD67D9B.e.17432"}]}
RESULT: {"script":"<script> [8489 bytes]","args":[{"element-6066-11e4-a52e-4f735466cecf":"f.5A792F38359A1C743AD3061B3E5B94B4.d.B286A071C943F0690DEB1A391FD67D9B.e.17432","ELEMENT":"f.5A792F38359A1C743AD3061B3E5B94B4.d.B286A071C943F0690DEB1A391FD67D9B.e.17432"}]}
COMMAND: GET /session/a230b9fa5e58e47def27534e3d005bf9/screenshot - {}
RESULT: {}
COMMAND: POST /session/a230b9fa5e58e47def27534e3d005bf9/execute/sync - {"script":"<script> [8489 bytes]","args":[{"element-6066-11e4-a52e-4f735466cecf":"f.5A792F38359A1C743AD3061B3E5B94B4.d.B286A071C943F0690DEB1A391FD67D9B.e.17432","ELEMENT":"f.5A792F38359A1C743AD3061B3E5B94B4.d.B286A071C943F0690DEB1A391FD67D9B.e.17432"}]}
RESULT: {"script":"<script> [8489 bytes]","args":[{"element-6066-11e4-a52e-4f735466cecf":"f.5A792F38359A1C743AD3061B3E5B94B4.d.B286A071C943F0690DEB1A391FD67D9B.e.17432","ELEMENT":"f.5A792F38359A1C743AD3061B3E5B94B4.d.B286A071C943F0690DEB1A391FD67D9B.e.17432"}]}
COMMAND: GET /session/a230b9fa5e58e47def27534e3d005bf9/screenshot - {}
RESULT: {}
COMMAND: POST /session/a230b9fa5e58e47def27534e3d005bf9/execute/sync - {"script":"<script> [8489 bytes]","args":[{"element-6066-11e4-a52e-4f735466cecf":"f.5A792F38359A1C743AD3061B3E5B94B4.d.B286A071C943F0690DEB1A391FD67D9B.e.17432","ELEMENT":"f.5A792F38359A1C743AD3061B3E5B94B4.d.B286A071C943F0690DEB1A391FD67D9B.e.17432"}]}
RESULT: {"script":"<script> [8489 bytes]","args":[{"element-6066-11e4-a52e-4f735466cecf":"f.5A792F38359A1C743AD3061B3E5B94B4.d.B286A071C943F0690DEB1A391FD67D9B.e.17432","ELEMENT":"f.5A792F38359A1C743AD3061B3E5B94B4.d.B286A071C943F0690DEB1A391FD67D9B.e.17432"}]}
COMMAND: GET /session/a230b9fa5e58e47def27534e3d005bf9/screenshot - {}
RESULT: {}
COMMAND: POST /session/a230b9fa5e58e47def27534e3d005bf9/execute/sync - {"script":"<script> [8489 bytes]","args":[{"element-6066-11e4-a52e-4f735466cecf":"f.5A792F38359A1C743AD3061B3E5B94B4.d.B286A071C943F0690DEB1A391FD67D9B.e.17432","ELEMENT":"f.5A792F38359A1C743AD3061B3E5B94B4.d.B286A071C943F0690DEB1A391FD67D9B.e.17432"}]}
RESULT: {"script":"<script> [8489 bytes]","args":[{"element-6066-11e4-a52e-4f735466cecf":"f.5A792F38359A1C743AD3061B3E5B94B4.d.B286A071C943F0690DEB1A391FD67D9B.e.17432","ELEMENT":"f.5A792F38359A1C743AD3061B3E5B94B4.d.B286A071C943F0690DEB1A391FD67D9B.e.17432"}]}
COMMAND: GET /session/a230b9fa5e58e47def27534e3d005bf9/screenshot - {}
RESULT: {}
COMMAND: POST /session/a230b9fa5e58e47def27534e3d005bf9/execute/sync - {"script":"<script> [8489 bytes]","args":[{"element-6066-11e4-a52e-4f735466cecf":"f.5A792F38359A1C743AD3061B3E5B94B4.d.B286A071C943F0690DEB1A391FD67D9B.e.17432","ELEMENT":"f.5A792F38359A1C743AD3061B3E5B94B4.d.B286A071C943F0690DEB1A391FD67D9B.e.17432"}]}
RESULT: {"script":"<script> [8489 bytes]","args":[{"element-6066-11e4-a52e-4f735466cecf":"f.5A792F38359A1C743AD3061B3E5B94B4.d.B286A071C943F0690DEB1A391FD67D9B.e.17432","ELEMENT":"f.5A792F38359A1C743AD3061B3E5B94B4.d.B286A071C943F0690DEB1A391FD67D9B.e.17432"}]}
COMMAND: GET /session/a230b9fa5e58e47def27534e3d005bf9/screenshot - {}
RESULT: {}
COMMAND: POST /session/a230b9fa5e58e47def27534e3d005bf9/execute/sync - {"script":"<script> [8489 bytes]","args":[{"element-6066-11e4-a52e-4f735466cecf":"f.5A792F38359A1C743AD3061B3E5B94B4.d.B286A071C943F0690DEB1A391FD67D9B.e.17432","ELEMENT":"f.5A792F38359A1C743AD3061B3E5B94B4.d.B286A071C943F0690DEB1A391FD67D9B.e.17432"}]}
RESULT: {"script":"<script> [8489 bytes]","args":[{"element-6066-11e4-a52e-4f735466cecf":"f.5A792F38359A1C743AD3061B3E5B94B4.d.B286A071C943F0690DEB1A391FD67D9B.e.17432","ELEMENT":"f.5A792F38359A1C743AD3061B3E5B94B4.d.B286A071C943F0690DEB1A391FD67D9B.e.17432"}]}
COMMAND: GET /session/a230b9fa5e58e47def27534e3d005bf9/screenshot - {}
RESULT: {}
COMMAND: POST /session/a230b9fa5e58e47def27534e3d005bf9/execute/sync - {"script":"<script> [8489 bytes]","args":[{"element-6066-11e4-a52e-4f735466cecf":"f.5A792F38359A1C743AD3061B3E5B94B4.d.B286A071C943F0690DEB1A391FD67D9B.e.17432","ELEMENT":"f.5A792F38359A1C743AD3061B3E5B94B4.d.B286A071C943F0690DEB1A391FD67D9B.e.17432"}]}
RESULT: {"script":"<script> [8489 bytes]","args":[{"element-6066-11e4-a52e-4f735466cecf":"f.5A792F38359A1C743AD3061B3E5B94B4.d.B286A071C943F0690DEB1A391FD67D9B.e.17432","ELEMENT":"f.5A792F38359A1C743AD3061B3E5B94B4.d.B286A071C943F0690DEB1A391FD67D9B.e.17432"}]}
COMMAND: GET /session/a230b9fa5e58e47def27534e3d005bf9/screenshot - {}
RESULT: {}
COMMAND: POST /session/a230b9fa5e58e47def27534e3d005bf9/execute/sync - {"script":"<script> [8489 bytes]","args":[{"element-6066-11e4-a52e-4f735466cecf":"f.5A792F38359A1C743AD3061B3E5B94B4.d.B286A071C943F0690DEB1A391FD67D9B.e.17432","ELEMENT":"f.5A792F38359A1C743AD3061B3E5B94B4.d.B286A071C943F0690DEB1A391FD67D9B.e.17432"}]}
RESULT: {"script":"<script> [8489 bytes]","args":[{"element-6066-11e4-a52e-4f735466cecf":"f.5A792F38359A1C743AD3061B3E5B94B4.d.B286A071C943F0690DEB1A391FD67D9B.e.17432","ELEMENT":"f.5A792F38359A1C743AD3061B3E5B94B4.d.B286A071C943F0690DEB1A391FD67D9B.e.17432"}]}
COMMAND: GET /session/a230b9fa5e58e47def27534e3d005bf9/screenshot - {}
RESULT: {}
COMMAND: POST /session/a230b9fa5e58e47def27534e3d005bf9/execute/sync - {"script":"<script> [8489 bytes]","args":[{"element-6066-11e4-a52e-4f735466cecf":"f.5A792F38359A1C743AD3061B3E5B94B4.d.B286A071C943F0690DEB1A391FD67D9B.e.17432","ELEMENT":"f.5A792F38359A1C743AD3061B3E5B94B4.d.B286A071C943F0690DEB1A391FD67D9B.e.17432"}]}
RESULT: {"script":"<script> [8489 bytes]","args":[{"element-6066-11e4-a52e-4f735466cecf":"f.5A792F38359A1C743AD3061B3E5B94B4.d.B286A071C943F0690DEB1A391FD67D9B.e.17432","ELEMENT":"f.5A792F38359A1C743AD3061B3E5B94B4.d.B286A071C943F0690DEB1A391FD67D9B.e.17432"}]}
COMMAND: GET /session/a230b9fa5e58e47def27534e3d005bf9/screenshot - {}
RESULT: {}
COMMAND: POST /session/a230b9fa5e58e47def27534e3d005bf9/execute/sync - {"script":"<script> [8489 bytes]","args":[{"element-6066-11e4-a52e-4f735466cecf":"f.5A792F38359A1C743AD3061B3E5B94B4.d.B286A071C943F0690DEB1A391FD67D9B.e.17432","ELEMENT":"f.5A792F38359A1C743AD3061B3E5B94B4.d.B286A071C943F0690DEB1A391FD67D9B.e.17432"}]}
RESULT: {"script":"<script> [8489 bytes]","args":[{"element-6066-11e4-a52e-4f735466cecf":"f.5A792F38359A1C743AD3061B3E5B94B4.d.B286A071C943F0690DEB1A391FD67D9B.e.17432","ELEMENT":"f.5A792F38359A1C743AD3061B3E5B94B4.d.B286A071C943F0690DEB1A391FD67D9B.e.17432"}]}
COMMAND: GET /session/a230b9fa5e58e47def27534e3d005bf9/screenshot - {}
RESULT: {}
COMMAND: POST /session/a230b9fa5e58e47def27534e3d005bf9/execute/sync - {"script":"<script> [8489 bytes]","args":[{"element-6066-11e4-a52e-4f735466cecf":"f.5A792F38359A1C743AD3061B3E5B94B4.d.B286A071C943F0690DEB1A391FD67D9B.e.17432","ELEMENT":"f.5A792F38359A1C743AD3061B3E5B94B4.d.B286A071C943F0690DEB1A391FD67D9B.e.17432"}]}
RESULT: {"script":"<script> [8489 bytes]","args":[{"element-6066-11e4-a52e-4f735466cecf":"f.5A792F38359A1C743AD3061B3E5B94B4.d.B286A071C943F0690DEB1A391FD67D9B.e.17432","ELEMENT":"f.5A792F38359A1C743AD3061B3E5B94B4.d.B286A071C943F0690DEB1A391FD67D9B.e.17432"}]}
COMMAND: GET /session/a230b9fa5e58e47def27534e3d005bf9/screenshot - {}
RESULT: {}
COMMAND: POST /session/a230b9fa5e58e47def27534e3d005bf9/execute/sync - {"script":"<script> [8489 bytes]","args":[{"element-6066-11e4-a52e-4f735466cecf":"f.5A792F38359A1C743AD3061B3E5B94B4.d.B286A071C943F0690DEB1A391FD67D9B.e.17432","ELEMENT":"f.5A792F38359A1C743AD3061B3E5B94B4.d.B286A071C943F0690DEB1A391FD67D9B.e.17432"}]}
RESULT: {"script":"<script> [8489 bytes]","args":[{"element-6066-11e4-a52e-4f735466cecf":"f.5A792F38359A1C743AD3061B3E5B94B4.d.B286A071C943F0690DEB1A391FD67D9B.e.17432","ELEMENT":"f.5A792F38359A1C743AD3061B3E5B94B4.d.B286A071C943F0690DEB1A391FD67D9B.e.17432"}]}
COMMAND: GET /session/a230b9fa5e58e47def27534e3d005bf9/screenshot - {}
RESULT: {}
COMMAND: POST /session/a230b9fa5e58e47def27534e3d005bf9/execute/sync - {"script":"<script> [8489 bytes]","args":[{"element-6066-11e4-a52e-4f735466cecf":"f.5A792F38359A1C743AD3061B3E5B94B4.d.B286A071C943F0690DEB1A391FD67D9B.e.17432","ELEMENT":"f.5A792F38359A1C743AD3061B3E5B94B4.d.B286A071C943F0690DEB1A391FD67D9B.e.17432"}]}
RESULT: {"script":"<script> [8489 bytes]","args":[{"element-6066-11e4-a52e-4f735466cecf":"f.5A792F38359A1C743AD3061B3E5B94B4.d.B286A071C943F0690DEB1A391FD67D9B.e.17432","ELEMENT":"f.5A792F38359A1C743AD3061B3E5B94B4.d.B286A071C943F0690DEB1A391FD67D9B.e.17432"}]}
COMMAND: GET /session/a230b9fa5e58e47def27534e3d005bf9/screenshot - {}
RESULT: {}
COMMAND: POST /session/a230b9fa5e58e47def27534e3d005bf9/execute/sync - {"script":"<script> [8489 bytes]","args":[{"element-6066-11e4-a52e-4f735466cecf":"f.5A792F38359A1C743AD3061B3E5B94B4.d.B286A071C943F0690DEB1A391FD67D9B.e.17432","ELEMENT":"f.5A792F38359A1C743AD3061B3E5B94B4.d.B286A071C943F0690DEB1A391FD67D9B.e.17432"}]}
RESULT: {"script":"<script> [8489 bytes]","args":[{"element-6066-11e4-a52e-4f735466cecf":"f.5A792F38359A1C743AD3061B3E5B94B4.d.B286A071C943F0690DEB1A391FD67D9B.e.17432","ELEMENT":"f.5A792F38359A1C743AD3061B3E5B94B4.d.B286A071C943F0690DEB1A391FD67D9B.e.17432"}]}
COMMAND: GET /session/a230b9fa5e58e47def27534e3d005bf9/screenshot - {}
RESULT: {}
COMMAND: POST /session/a230b9fa5e58e47def27534e3d005bf9/execute/sync - {"script":"<script> [8489 bytes]","args":[{"element-6066-11e4-a52e-4f735466cecf":"f.5A792F38359A1C743AD3061B3E5B94B4.d.B286A071C943F0690DEB1A391FD67D9B.e.17432","ELEMENT":"f.5A792F38359A1C743AD3061B3E5B94B4.d.B286A071C943F0690DEB1A391FD67D9B.e.17432"}]}
RESULT: {"script":"<script> [8489 bytes]","args":[{"element-6066-11e4-a52e-4f735466cecf":"f.5A792F38359A1C743AD3061B3E5B94B4.d.B286A071C943F0690DEB1A391FD67D9B.e.17432","ELEMENT":"f.5A792F38359A1C743AD3061B3E5B94B4.d.B286A071C943F0690DEB1A391FD67D9B.e.17432"}]}
COMMAND: GET /session/a230b9fa5e58e47def27534e3d005bf9/screenshot - {}
RESULT: {}
COMMAND: POST /session/a230b9fa5e58e47def27534e3d005bf9/execute/sync - {"script":"<script> [8489 bytes]","args":[{"element-6066-11e4-a52e-4f735466cecf":"f.5A792F38359A1C743AD3061B3E5B94B4.d.B286A071C943F0690DEB1A391FD67D9B.e.17432","ELEMENT":"f.5A792F38359A1C743AD3061B3E5B94B4.d.B286A071C943F0690DEB1A391FD67D9B.e.17432"}]}
RESULT: {"script":"<script> [8489 bytes]","args":[{"element-6066-11e4-a52e-4f735466cecf":"f.5A792F38359A1C743AD3061B3E5B94B4.d.B286A071C943F0690DEB1A391FD67D9B.e.17432","ELEMENT":"f.5A792F38359A1C743AD3061B3E5B94B4.d.B286A071C943F0690DEB1A391FD67D9B.e.17432"}]}
COMMAND: GET /session/a230b9fa5e58e47def27534e3d005bf9/screenshot - {}
RESULT: {}
COMMAND: POST /session/a230b9fa5e58e47def27534e3d005bf9/execute/sync - {"script":"<script> [8489 bytes]","args":[{"element-6066-11e4-a52e-4f735466cecf":"f.5A792F38359A1C743AD3061B3E5B94B4.d.B286A071C943F0690DEB1A391FD67D9B.e.17432","ELEMENT":"f.5A792F38359A1C743AD3061B3E5B94B4.d.B286A071C943F0690DEB1A391FD67D9B.e.17432"}]}
RESULT: {"script":"<script> [8489 bytes]","args":[{"element-6066-11e4-a52e-4f735466cecf":"f.5A792F38359A1C743AD3061B3E5B94B4.d.B286A071C943F0690DEB1A391FD67D9B.e.17432","ELEMENT":"f.5A792F38359A1C743AD3061B3E5B94B4.d.B286A071C943F0690DEB1A391FD67D9B.e.17432"}]}
COMMAND: GET /session/a230b9fa5e58e47def27534e3d005bf9/screenshot - {}
RESULT: {}
COMMAND: POST /session/a230b9fa5e58e47def27534e3d005bf9/execute/sync - {"script":"<script> [8489 bytes]","args":[{"element-6066-11e4-a52e-4f735466cecf":"f.5A792F38359A1C743AD3061B3E5B94B4.d.B286A071C943F0690DEB1A391FD67D9B.e.17432","ELEMENT":"f.5A792F38359A1C743AD3061B3E5B94B4.d.B286A071C943F0690DEB1A391FD67D9B.e.17432"}]}
RESULT: {"script":"<script> [8489 bytes]","args":[{"element-6066-11e4-a52e-4f735466cecf":"f.5A792F38359A1C743AD3061B3E5B94B4.d.B286A071C943F0690DEB1A391FD67D9B.e.17432","ELEMENT":"f.5A792F38359A1C743AD3061B3E5B94B4.d.B286A071C943F0690DEB1A391FD67D9B.e.17432"}]}
COMMAND: GET /session/a230b9fa5e58e47def27534e3d005bf9/screenshot - {}
RESULT: {}
COMMAND: POST /session/a230b9fa5e58e47def27534e3d005bf9/execute/sync - {"script":"<script> [8489 bytes]","args":[{"element-6066-11e4-a52e-4f735466cecf":"f.5A792F38359A1C743AD3061B3E5B94B4.d.B286A071C943F0690DEB1A391FD67D9B.e.17432","ELEMENT":"f.5A792F38359A1C743AD3061B3E5B94B4.d.B286A071C943F0690DEB1A391FD67D9B.e.17432"}]}
RESULT: {"script":"<script> [8489 bytes]","args":[{"element-6066-11e4-a52e-4f735466cecf":"f.5A792F38359A1C743AD3061B3E5B94B4.d.B286A071C943F0690DEB1A391FD67D9B.e.17432","ELEMENT":"f.5A792F38359A1C743AD3061B3E5B94B4.d.B286A071C943F0690DEB1A391FD67D9B.e.17432"}]}
COMMAND: GET /session/a230b9fa5e58e47def27534e3d005bf9/screenshot - {}
RESULT: {}
COMMAND: POST /session/a230b9fa5e58e47def27534e3d005bf9/execute/sync - {"script":"<script> [8489 bytes]","args":[{"element-6066-11e4-a52e-4f735466cecf":"f.5A792F38359A1C743AD3061B3E5B94B4.d.B286A071C943F0690DEB1A391FD67D9B.e.17432","ELEMENT":"f.5A792F38359A1C743AD3061B3E5B94B4.d.B286A071C943F0690DEB1A391FD67D9B.e.17432"}]}
RESULT: {"script":"<script> [8489 bytes]","args":[{"element-6066-11e4-a52e-4f735466cecf":"f.5A792F38359A1C743AD3061B3E5B94B4.d.B286A071C943F0690DEB1A391FD67D9B.e.17432","ELEMENT":"f.5A792F38359A1C743AD3061B3E5B94B4.d.B286A071C943F0690DEB1A391FD67D9B.e.17432"}]}
COMMAND: GET /session/a230b9fa5e58e47def27534e3d005bf9/screenshot - {}
RESULT: {}
COMMAND: POST /session/a230b9fa5e58e47def27534e3d005bf9/execute/sync - {"script":"<script> [8489 bytes]","args":[{"element-6066-11e4-a52e-4f735466cecf":"f.5A792F38359A1C743AD3061B3E5B94B4.d.B286A071C943F0690DEB1A391FD67D9B.e.17432","ELEMENT":"f.5A792F38359A1C743AD3061B3E5B94B4.d.B286A071C943F0690DEB1A391FD67D9B.e.17432"}]}
RESULT: {"script":"<script> [8489 bytes]","args":[{"element-6066-11e4-a52e-4f735466cecf":"f.5A792F38359A1C743AD3061B3E5B94B4.d.B286A071C943F0690DEB1A391FD67D9B.e.17432","ELEMENT":"f.5A792F38359A1C743AD3061B3E5B94B4.d.B286A071C943F0690DEB1A391FD67D9B.e.17432"}]}
COMMAND: GET /session/a230b9fa5e58e47def27534e3d005bf9/screenshot - {}
RESULT: {}
COMMAND: POST /session/a230b9fa5e58e47def27534e3d005bf9/execute/sync - {"script":"<script> [8489 bytes]","args":[{"element-6066-11e4-a52e-4f735466cecf":"f.5A792F38359A1C743AD3061B3E5B94B4.d.B286A071C943F0690DEB1A391FD67D9B.e.17432","ELEMENT":"f.5A792F38359A1C743AD3061B3E5B94B4.d.B286A071C943F0690DEB1A391FD67D9B.e.17432"}]}
RESULT: {"script":"<script> [8489 bytes]","args":[{"element-6066-11e4-a52e-4f735466cecf":"f.5A792F38359A1C743AD3061B3E5B94B4.d.B286A071C943F0690DEB1A391FD67D9B.e.17432","ELEMENT":"f.5A792F38359A1C743AD3061B3E5B94B4.d.B286A071C943F0690DEB1A391FD67D9B.e.17432"}]}
COMMAND: GET /session/a230b9fa5e58e47def27534e3d005bf9/screenshot - {}
RESULT: {}
COMMAND: POST /session/a230b9fa5e58e47def27534e3d005bf9/execute/sync - {"script":"<script> [8489 bytes]","args":[{"element-6066-11e4-a52e-4f735466cecf":"f.5A792F38359A1C743AD3061B3E5B94B4.d.B286A071C943F0690DEB1A391FD67D9B.e.17432","ELEMENT":"f.5A792F38359A1C743AD3061B3E5B94B4.d.B286A071C943F0690DEB1A391FD67D9B.e.17432"}]}
RESULT: {"script":"<script> [8489 bytes]","args":[{"element-6066-11e4-a52e-4f735466cecf":"f.5A792F38359A1C743AD3061B3E5B94B4.d.B286A071C943F0690DEB1A391FD67D9B.e.17432","ELEMENT":"f.5A792F38359A1C743AD3061B3E5B94B4.d.B286A071C943F0690DEB1A391FD67D9B.e.17432"}]}
COMMAND: GET /session/a230b9fa5e58e47def27534e3d005bf9/screenshot - {}
RESULT: {}
COMMAND: POST /session/a230b9fa5e58e47def27534e3d005bf9/execute/sync - {"script":"<script> [8489 bytes]","args":[{"element-6066-11e4-a52e-4f735466cecf":"f.5A792F38359A1C743AD3061B3E5B94B4.d.B286A071C943F0690DEB1A391FD67D9B.e.17432","ELEMENT":"f.5A792F38359A1C743AD3061B3E5B94B4.d.B286A071C943F0690DEB1A391FD67D9B.e.17432"}]}
RESULT: {"script":"<script> [8489 bytes]","args":[{"element-6066-11e4-a52e-4f735466cecf":"f.5A792F38359A1C743AD3061B3E5B94B4.d.B286A071C943F0690DEB1A391FD67D9B.e.17432","ELEMENT":"f.5A792F38359A1C743AD3061B3E5B94B4.d.B286A071C943F0690DEB1A391FD67D9B.e.17432"}]}
COMMAND: GET /session/a230b9fa5e58e47def27534e3d005bf9/screenshot - {}
RESULT: {}
COMMAND: POST /session/a230b9fa5e58e47def27534e3d005bf9/execute/sync - {"script":"<script> [8489 bytes]","args":[{"element-6066-11e4-a52e-4f735466cecf":"f.5A792F38359A1C743AD3061B3E5B94B4.d.B286A071C943F0690DEB1A391FD67D9B.e.17432","ELEMENT":"f.5A792F38359A1C743AD3061B3E5B94B4.d.B286A071C943F0690DEB1A391FD67D9B.e.17432"}]}
RESULT: {"script":"<script> [8489 bytes]","args":[{"element-6066-11e4-a52e-4f735466cecf":"f.5A792F38359A1C743AD3061B3E5B94B4.d.B286A071C943F0690DEB1A391FD67D9B.e.17432","ELEMENT":"f.5A792F38359A1C743AD3061B3E5B94B4.d.B286A071C943F0690DEB1A391FD67D9B.e.17432"}]}
COMMAND: GET /session/a230b9fa5e58e47def27534e3d005bf9/screenshot - {}
RESULT: {}
COMMAND: POST /session/a230b9fa5e58e47def27534e3d005bf9/execute/sync - {"script":"<script> [8489 bytes]","args":[{"element-6066-11e4-a52e-4f735466cecf":"f.5A792F38359A1C743AD3061B3E5B94B4.d.B286A071C943F0690DEB1A391FD67D9B.e.17432","ELEMENT":"f.5A792F38359A1C743AD3061B3E5B94B4.d.B286A071C943F0690DEB1A391FD67D9B.e.17432"}]}
RESULT: {"script":"<script> [8489 bytes]","args":[{"element-6066-11e4-a52e-4f735466cecf":"f.5A792F38359A1C743AD3061B3E5B94B4.d.B286A071C943F0690DEB1A391FD67D9B.e.17432","ELEMENT":"f.5A792F38359A1C743AD3061B3E5B94B4.d.B286A071C943F0690DEB1A391FD67D9B.e.17432"}]}
COMMAND: GET /session/a230b9fa5e58e47def27534e3d005bf9/screenshot - {}
RESULT: {}
COMMAND: POST /session/a230b9fa5e58e47def27534e3d005bf9/execute/sync - {"script":"<script> [8489 bytes]","args":[{"element-6066-11e4-a52e-4f735466cecf":"f.5A792F38359A1C743AD3061B3E5B94B4.d.B286A071C943F0690DEB1A391FD67D9B.e.17432","ELEMENT":"f.5A792F38359A1C743AD3061B3E5B94B4.d.B286A071C943F0690DEB1A391FD67D9B.e.17432"}]}
RESULT: {"script":"<script> [8489 bytes]","args":[{"element-6066-11e4-a52e-4f735466cecf":"f.5A792F38359A1C743AD3061B3E5B94B4.d.B286A071C943F0690DEB1A391FD67D9B.e.17432","ELEMENT":"f.5A792F38359A1C743AD3061B3E5B94B4.d.B286A071C943F0690DEB1A391FD67D9B.e.17432"}]}
COMMAND: GET /session/a230b9fa5e58e47def27534e3d005bf9/screenshot - {}
RESULT: {}
COMMAND: POST /session/a230b9fa5e58e47def27534e3d005bf9/execute/sync - {"script":"<script> [8489 bytes]","args":[{"element-6066-11e4-a52e-4f735466cecf":"f.5A792F38359A1C743AD3061B3E5B94B4.d.B286A071C943F0690DEB1A391FD67D9B.e.17432","ELEMENT":"f.5A792F38359A1C743AD3061B3E5B94B4.d.B286A071C943F0690DEB1A391FD67D9B.e.17432"}]}
RESULT: {"script":"<script> [8489 bytes]","args":[{"element-6066-11e4-a52e-4f735466cecf":"f.5A792F38359A1C743AD3061B3E5B94B4.d.B286A071C943F0690DEB1A391FD67D9B.e.17432","ELEMENT":"f.5A792F38359A1C743AD3061B3E5B94B4.d.B286A071C943F0690DEB1A391FD67D9B.e.17432"}]}
COMMAND: GET /session/a230b9fa5e58e47def27534e3d005bf9/screenshot - {}
RESULT: {}
COMMAND: POST /session/a230b9fa5e58e47def27534e3d005bf9/execute/sync - {"script":"<script> [8489 bytes]","args":[{"element-6066-11e4-a52e-4f735466cecf":"f.5A792F38359A1C743AD3061B3E5B94B4.d.B286A071C943F0690DEB1A391FD67D9B.e.17432","ELEMENT":"f.5A792F38359A1C743AD3061B3E5B94B4.d.B286A071C943F0690DEB1A391FD67D9B.e.17432"}]}
RESULT: {"script":"<script> [8489 bytes]","args":[{"element-6066-11e4-a52e-4f735466cecf":"f.5A792F38359A1C743AD3061B3E5B94B4.d.B286A071C943F0690DEB1A391FD67D9B.e.17432","ELEMENT":"f.5A792F38359A1C743AD3061B3E5B94B4.d.B286A071C943F0690DEB1A391FD67D9B.e.17432"}]}
COMMAND: GET /session/a230b9fa5e58e47def27534e3d005bf9/screenshot - {}
RESULT: {}
COMMAND: POST /session/a230b9fa5e58e47def27534e3d005bf9/execute/sync - {"script":"<script> [8489 bytes]","args":[{"element-6066-11e4-a52e-4f735466cecf":"f.5A792F38359A1C743AD3061B3E5B94B4.d.B286A071C943F0690DEB1A391FD67D9B.e.17432","ELEMENT":"f.5A792F38359A1C743AD3061B3E5B94B4.d.B286A071C943F0690DEB1A391FD67D9B.e.17432"}]}
RESULT: {"script":"<script> [8489 bytes]","args":[{"element-6066-11e4-a52e-4f735466cecf":"f.5A792F38359A1C743AD3061B3E5B94B4.d.B286A071C943F0690DEB1A391FD67D9B.e.17432","ELEMENT":"f.5A792F38359A1C743AD3061B3E5B94B4.d.B286A071C943F0690DEB1A391FD67D9B.e.17432"}]}
COMMAND: GET /session/a230b9fa5e58e47def27534e3d005bf9/screenshot - {}
RESULT: {}
COMMAND: POST /session/a230b9fa5e58e47def27534e3d005bf9/execute/sync - {"script":"<script> [8489 bytes]","args":[{"element-6066-11e4-a52e-4f735466cecf":"f.5A792F38359A1C743AD3061B3E5B94B4.d.B286A071C943F0690DEB1A391FD67D9B.e.17432","ELEMENT":"f.5A792F38359A1C743AD3061B3E5B94B4.d.B286A071C943F0690DEB1A391FD67D9B.e.17432"}]}
RESULT: {"script":"<script> [8489 bytes]","args":[{"element-6066-11e4-a52e-4f735466cecf":"f.5A792F38359A1C743AD3061B3E5B94B4.d.B286A071C943F0690DEB1A391FD67D9B.e.17432","ELEMENT":"f.5A792F38359A1C743AD3061B3E5B94B4.d.B286A071C943F0690DEB1A391FD67D9B.e.17432"}]}
COMMAND: GET /session/a230b9fa5e58e47def27534e3d005bf9/screenshot - {}
RESULT: {}
COMMAND: POST /session/a230b9fa5e58e47def27534e3d005bf9/execute/sync - {"script":"<script> [8489 bytes]","args":[{"element-6066-11e4-a52e-4f735466cecf":"f.5A792F38359A1C743AD3061B3E5B94B4.d.B286A071C943F0690DEB1A391FD67D9B.e.17432","ELEMENT":"f.5A792F38359A1C743AD3061B3E5B94B4.d.B286A071C943F0690DEB1A391FD67D9B.e.17432"}]}
RESULT: {"script":"<script> [8489 bytes]","args":[{"element-6066-11e4-a52e-4f735466cecf":"f.5A792F38359A1C743AD3061B3E5B94B4.d.B286A071C943F0690DEB1A391FD67D9B.e.17432","ELEMENT":"f.5A792F38359A1C743AD3061B3E5B94B4.d.B286A071C943F0690DEB1A391FD67D9B.e.17432"}]}
COMMAND: GET /session/a230b9fa5e58e47def27534e3d005bf9/screenshot - {}
RESULT: {}
COMMAND: POST /session/a230b9fa5e58e47def27534e3d005bf9/execute/sync - {"script":"<script> [8489 bytes]","args":[{"element-6066-11e4-a52e-4f735466cecf":"f.5A792F38359A1C743AD3061B3E5B94B4.d.B286A071C943F0690DEB1A391FD67D9B.e.17432","ELEMENT":"f.5A792F38359A1C743AD3061B3E5B94B4.d.B286A071C943F0690DEB1A391FD67D9B.e.17432"}]}
RESULT: {"script":"<script> [8489 bytes]","args":[{"element-6066-11e4-a52e-4f735466cecf":"f.5A792F38359A1C743AD3061B3E5B94B4.d.B286A071C943F0690DEB1A391FD67D9B.e.17432","ELEMENT":"f.5A792F38359A1C743AD3061B3E5B94B4.d.B286A071C943F0690DEB1A391FD67D9B.e.17432"}]}
COMMAND: GET /session/a230b9fa5e58e47def27534e3d005bf9/screenshot - {}
RESULT: {}
COMMAND: POST /session/a230b9fa5e58e47def27534e3d005bf9/execute/sync - {"script":"<script> [8489 bytes]","args":[{"element-6066-11e4-a52e-4f735466cecf":"f.5A792F38359A1C743AD3061B3E5B94B4.d.B286A071C943F0690DEB1A391FD67D9B.e.17432","ELEMENT":"f.5A792F38359A1C743AD3061B3E5B94B4.d.B286A071C943F0690DEB1A391FD67D9B.e.17432"}]}
RESULT: {"script":"<script> [8489 bytes]","args":[{"element-6066-11e4-a52e-4f735466cecf":"f.5A792F38359A1C743AD3061B3E5B94B4.d.B286A071C943F0690DEB1A391FD67D9B.e.17432","ELEMENT":"f.5A792F38359A1C743AD3061B3E5B94B4.d.B286A071C943F0690DEB1A391FD67D9B.e.17432"}]}
COMMAND: GET /session/a230b9fa5e58e47def27534e3d005bf9/screenshot - {}
RESULT: {}
COMMAND: POST /session/a230b9fa5e58e47def27534e3d005bf9/execute/sync - {"script":"<script> [8489 bytes]","args":[{"element-6066-11e4-a52e-4f735466cecf":"f.5A792F38359A1C743AD3061B3E5B94B4.d.B286A071C943F0690DEB1A391FD67D9B.e.17432","ELEMENT":"f.5A792F38359A1C743AD3061B3E5B94B4.d.B286A071C943F0690DEB1A391FD67D9B.e.17432"}]}
RESULT: {"script":"<script> [8489 bytes]","args":[{"element-6066-11e4-a52e-4f735466cecf":"f.5A792F38359A1C743AD3061B3E5B94B4.d.B286A071C943F0690DEB1A391FD67D9B.e.17432","ELEMENT":"f.5A792F38359A1C743AD3061B3E5B94B4.d.B286A071C943F0690DEB1A391FD67D9B.e.17432"}]}
COMMAND: GET /session/a230b9fa5e58e47def27534e3d005bf9/screenshot - {}
RESULT: {}
COMMAND: POST /session/a230b9fa5e58e47def27534e3d005bf9/execute/sync - {"script":"<script> [8489 bytes]","args":[{"element-6066-11e4-a52e-4f735466cecf":"f.5A792F38359A1C743AD3061B3E5B94B4.d.B286A071C943F0690DEB1A391FD67D9B.e.17432","ELEMENT":"f.5A792F38359A1C743AD3061B3E5B94B4.d.B286A071C943F0690DEB1A391FD67D9B.e.17432"}]}
RESULT: {"script":"<script> [8489 bytes]","args":[{"element-6066-11e4-a52e-4f735466cecf":"f.5A792F38359A1C743AD3061B3E5B94B4.d.B286A071C943F0690DEB1A391FD67D9B.e.17432","ELEMENT":"f.5A792F38359A1C743AD3061B3E5B94B4.d.B286A071C943F0690DEB1A391FD67D9B.e.17432"}]}
COMMAND: GET /session/a230b9fa5e58e47def27534e3d005bf9/screenshot - {}
RESULT: {}
COMMAND: POST /session/a230b9fa5e58e47def27534e3d005bf9/execute/sync - {"script":"<script> [8489 bytes]","args":[{"element-6066-11e4-a52e-4f735466cecf":"f.5A792F38359A1C743AD3061B3E5B94B4.d.B286A071C943F0690DEB1A391FD67D9B.e.17432","ELEMENT":"f.5A792F38359A1C743AD3061B3E5B94B4.d.B286A071C943F0690DEB1A391FD67D9B.e.17432"}]}
RESULT: {"script":"<script> [8489 bytes]","args":[{"element-6066-11e4-a52e-4f735466cecf":"f.5A792F38359A1C743AD3061B3E5B94B4.d.B286A071C943F0690DEB1A391FD67D9B.e.17432","ELEMENT":"f.5A792F38359A1C743AD3061B3E5B94B4.d.B286A071C943F0690DEB1A391FD67D9B.e.17432"}]}
COMMAND: GET /session/a230b9fa5e58e47def27534e3d005bf9/screenshot - {}
RESULT: {}
COMMAND: POST /session/a230b9fa5e58e47def27534e3d005bf9/execute/sync - {"script":"<script> [8489 bytes]","args":[{"element-6066-11e4-a52e-4f735466cecf":"f.5A792F38359A1C743AD3061B3E5B94B4.d.B286A071C943F0690DEB1A391FD67D9B.e.17432","ELEMENT":"f.5A792F38359A1C743AD3061B3E5B94B4.d.B286A071C943F0690DEB1A391FD67D9B.e.17432"}]}
RESULT: {"script":"<script> [8489 bytes]","args":[{"element-6066-11e4-a52e-4f735466cecf":"f.5A792F38359A1C743AD3061B3E5B94B4.d.B286A071C943F0690DEB1A391FD67D9B.e.17432","ELEMENT":"f.5A792F38359A1C743AD3061B3E5B94B4.d.B286A071C943F0690DEB1A391FD67D9B.e.17432"}]}
COMMAND: GET /session/a230b9fa5e58e47def27534e3d005bf9/screenshot - {}
RESULT: {}
COMMAND: POST /session/a230b9fa5e58e47def27534e3d005bf9/execute/sync - {"script":"<script> [8489 bytes]","args":[{"element-6066-11e4-a52e-4f735466cecf":"f.5A792F38359A1C743AD3061B3E5B94B4.d.B286A071C943F0690DEB1A391FD67D9B.e.17432","ELEMENT":"f.5A792F38359A1C743AD3061B3E5B94B4.d.B286A071C943F0690DEB1A391FD67D9B.e.17432"}]}
RESULT: {"script":"<script> [8489 bytes]","args":[{"element-6066-11e4-a52e-4f735466cecf":"f.5A792F38359A1C743AD3061B3E5B94B4.d.B286A071C943F0690DEB1A391FD67D9B.e.17432","ELEMENT":"f.5A792F38359A1C743AD3061B3E5B94B4.d.B286A071C943F0690DEB1A391FD67D9B.e.17432"}]}
COMMAND: GET /session/a230b9fa5e58e47def27534e3d005bf9/screenshot - {}
COMMAND: POST /session/a230b9fa5e58e47def27534e3d005bf9/execute/sync - {"script":"<script> [8489 bytes]","args":[{"element-6066-11e4-a52e-4f735466cecf":"f.5A792F38359A1C743AD3061B3E5B94B4.d.B286A071C943F0690DEB1A391FD67D9B.e.17432","ELEMENT":"f.5A792F38359A1C743AD3061B3E5B94B4.d.B286A071C943F0690DEB1A391FD67D9B.e.17432"}]}
RESULT: {}
RESULT: {"script":"<script> [8489 bytes]","args":[{"element-6066-11e4-a52e-4f735466cecf":"f.5A792F38359A1C743AD3061B3E5B94B4.d.B286A071C943F0690DEB1A391FD67D9B.e.17432","ELEMENT":"f.5A792F38359A1C743AD3061B3E5B94B4.d.B286A071C943F0690DEB1A391FD67D9B.e.17432"}]}
COMMAND: GET /session/a230b9fa5e58e47def27534e3d005bf9/screenshot - {}
RESULT: {}
COMMAND: POST /session/a230b9fa5e58e47def27534e3d005bf9/execute/sync - {"script":"<script> [8489 bytes]","args":[{"element-6066-11e4-a52e-4f735466cecf":"f.5A792F38359A1C743AD3061B3E5B94B4.d.B286A071C943F0690DEB1A391FD67D9B.e.17432","ELEMENT":"f.5A792F38359A1C743AD3061B3E5B94B4.d.B286A071C943F0690DEB1A391FD67D9B.e.17432"}]}
RESULT: {"script":"<script> [8489 bytes]","args":[{"element-6066-11e4-a52e-4f735466cecf":"f.5A792F38359A1C743AD3061B3E5B94B4.d.B286A071C943F0690DEB1A391FD67D9B.e.17432","ELEMENT":"f.5A792F38359A1C743AD3061B3E5B94B4.d.B286A071C943F0690DEB1A391FD67D9B.e.17432"}]}
COMMAND: GET /session/a230b9fa5e58e47def27534e3d005bf9/screenshot - {}
RESULT: {}
COMMAND: POST /session/a230b9fa5e58e47def27534e3d005bf9/execute/sync - {"script":"<script> [8489 bytes]","args":[{"element-6066-11e4-a52e-4f735466cecf":"f.5A792F38359A1C743AD3061B3E5B94B4.d.B286A071C943F0690DEB1A391FD67D9B.e.17432","ELEMENT":"f.5A792F38359A1C743AD3061B3E5B94B4.d.B286A071C943F0690DEB1A391FD67D9B.e.17432"}]}
RESULT: {"script":"<script> [8489 bytes]","args":[{"element-6066-11e4-a52e-4f735466cecf":"f.5A792F38359A1C743AD3061B3E5B94B4.d.B286A071C943F0690DEB1A391FD67D9B.e.17432","ELEMENT":"f.5A792F38359A1C743AD3061B3E5B94B4.d.B286A071C943F0690DEB1A391FD67D9B.e.17432"}]}
COMMAND: GET /session/a230b9fa5e58e47def27534e3d005bf9/screenshot - {}
RESULT: {}
COMMAND: POST /session/a230b9fa5e58e47def27534e3d005bf9/execute/sync - {"script":"<script> [8489 bytes]","args":[{"element-6066-11e4-a52e-4f735466cecf":"f.5A792F38359A1C743AD3061B3E5B94B4.d.B286A071C943F0690DEB1A391FD67D9B.e.17432","ELEMENT":"f.5A792F38359A1C743AD3061B3E5B94B4.d.B286A071C943F0690DEB1A391FD67D9B.e.17432"}]}
RESULT: {"script":"<script> [8489 bytes]","args":[{"element-6066-11e4-a52e-4f735466cecf":"f.5A792F38359A1C743AD3061B3E5B94B4.d.B286A071C943F0690DEB1A391FD67D9B.e.17432","ELEMENT":"f.5A792F38359A1C743AD3061B3E5B94B4.d.B286A071C943F0690DEB1A391FD67D9B.e.17432"}]}
COMMAND: GET /session/a230b9fa5e58e47def27534e3d005bf9/screenshot - {}
RESULT: {}
COMMAND: POST /session/a230b9fa5e58e47def27534e3d005bf9/execute/sync - {"script":"<script> [8489 bytes]","args":[{"element-6066-11e4-a52e-4f735466cecf":"f.5A792F38359A1C743AD3061B3E5B94B4.d.B286A071C943F0690DEB1A391FD67D9B.e.17432","ELEMENT":"f.5A792F38359A1C743AD3061B3E5B94B4.d.B286A071C943F0690DEB1A391FD67D9B.e.17432"}]}
RESULT: {"script":"<script> [8489 bytes]","args":[{"element-6066-11e4-a52e-4f735466cecf":"f.5A792F38359A1C743AD3061B3E5B94B4.d.B286A071C943F0690DEB1A391FD67D9B.e.17432","ELEMENT":"f.5A792F38359A1C743AD3061B3E5B94B4.d.B286A071C943F0690DEB1A391FD67D9B.e.17432"}]}
COMMAND: GET /session/a230b9fa5e58e47def27534e3d005bf9/screenshot - {}
RESULT: {}
COMMAND: POST /session/a230b9fa5e58e47def27534e3d005bf9/execute/sync - {"script":"<script> [8489 bytes]","args":[{"element-6066-11e4-a52e-4f735466cecf":"f.5A792F38359A1C743AD3061B3E5B94B4.d.B286A071C943F0690DEB1A391FD67D9B.e.17432","ELEMENT":"f.5A792F38359A1C743AD3061B3E5B94B4.d.B286A071C943F0690DEB1A391FD67D9B.e.17432"}]}
RESULT: {"script":"<script> [8489 bytes]","args":[{"element-6066-11e4-a52e-4f735466cecf":"f.5A792F38359A1C743AD3061B3E5B94B4.d.B286A071C943F0690DEB1A391FD67D9B.e.17432","ELEMENT":"f.5A792F38359A1C743AD3061B3E5B94B4.d.B286A071C943F0690DEB1A391FD67D9B.e.17432"}]}
COMMAND: GET /session/a230b9fa5e58e47def27534e3d005bf9/screenshot - {}
RESULT: {}
COMMAND: POST /session/a230b9fa5e58e47def27534e3d005bf9/execute/sync - {"script":"<script> [8489 bytes]","args":[{"element-6066-11e4-a52e-4f735466cecf":"f.5A792F38359A1C743AD3061B3E5B94B4.d.B286A071C943F0690DEB1A391FD67D9B.e.17432","ELEMENT":"f.5A792F38359A1C743AD3061B3E5B94B4.d.B286A071C943F0690DEB1A391FD67D9B.e.17432"}]}
RESULT: {"script":"<script> [8489 bytes]","args":[{"element-6066-11e4-a52e-4f735466cecf":"f.5A792F38359A1C743AD3061B3E5B94B4.d.B286A071C943F0690DEB1A391FD67D9B.e.17432","ELEMENT":"f.5A792F38359A1C743AD3061B3E5B94B4.d.B286A071C943F0690DEB1A391FD67D9B.e.17432"}]}
COMMAND: GET /session/a230b9fa5e58e47def27534e3d005bf9/screenshot - {}
RESULT: {}
COMMAND: POST /session/a230b9fa5e58e47def27534e3d005bf9/execute/sync - {"script":"<script> [8489 bytes]","args":[{"element-6066-11e4-a52e-4f735466cecf":"f.5A792F38359A1C743AD3061B3E5B94B4.d.B286A071C943F0690DEB1A391FD67D9B.e.17432","ELEMENT":"f.5A792F38359A1C743AD3061B3E5B94B4.d.B286A071C943F0690DEB1A391FD67D9B.e.17432"}]}
RESULT: {"script":"<script> [8489 bytes]","args":[{"element-6066-11e4-a52e-4f735466cecf":"f.5A792F38359A1C743AD3061B3E5B94B4.d.B286A071C943F0690DEB1A391FD67D9B.e.17432","ELEMENT":"f.5A792F38359A1C743AD3061B3E5B94B4.d.B286A071C943F0690DEB1A391FD67D9B.e.17432"}]}
COMMAND: GET /session/a230b9fa5e58e47def27534e3d005bf9/screenshot - {}
RESULT: {}
COMMAND: POST /session/a230b9fa5e58e47def27534e3d005bf9/execute/sync - {"script":"<script> [8489 bytes]","args":[{"element-6066-11e4-a52e-4f735466cecf":"f.5A792F38359A1C743AD3061B3E5B94B4.d.B286A071C943F0690DEB1A391FD67D9B.e.17432","ELEMENT":"f.5A792F38359A1C743AD3061B3E5B94B4.d.B286A071C943F0690DEB1A391FD67D9B.e.17432"}]}
RESULT: {"script":"<script> [8489 bytes]","args":[{"element-6066-11e4-a52e-4f735466cecf":"f.5A792F38359A1C743AD3061B3E5B94B4.d.B286A071C943F0690DEB1A391FD67D9B.e.17432","ELEMENT":"f.5A792F38359A1C743AD3061B3E5B94B4.d.B286A071C943F0690DEB1A391FD67D9B.e.17432"}]}
COMMAND: GET /session/a230b9fa5e58e47def27534e3d005bf9/screenshot - {}
RESULT: {}
COMMAND: POST /session/a230b9fa5e58e47def27534e3d005bf9/execute/async - {"script":"<script> [1562 bytes]","args":[{"selector":{"id":"administrationTabFilter","viewName":"etm.portal.ui.managehandovers.view.DetailExecuteHO","interaction":{"idSuffix":"text"}},"wdio_ui5_key":"administrationTabFilteretmportal.ui.managehandovers.view.DetailExecuteHO"}]}
RESULT: {"script":"<script> [1562 bytes]","args":[{"selector":{"id":"administrationTabFilter","viewName":"etm.portal.ui.managehandovers.view.DetailExecuteHO","interaction":{"idSuffix":"text"}},"wdio_ui5_key":"administrationTabFilteretmportal.ui.managehandovers.view.DetailExecuteHO"}]}
RESULT: undefined
COMMAND: POST /session/a230b9fa5e58e47def27534e3d005bf9/element - {"using":"xpath","value":"//*[@id=\"__xmlview59--administrationTabFilter\"]"}
RESULT: {"using":"xpath","value":"//*[@id=\"__xmlview59--administrationTabFilter\"]"}
COMMAND: POST /session/a230b9fa5e58e47def27534e3d005bf9/element/f.5A792F38359A1C743AD3061B3E5B94B4.d.B286A071C943F0690DEB1A391FD67D9B.e.17477/click - {}
RESULT: {}
RESULT: undefined
COMMAND: POST /session/a230b9fa5e58e47def27534e3d005bf9/element - {"using":"xpath","value":"//*[@id=\"__xmlview59--administrationTabFilter\"]"}
COMMAND: GET /session/a230b9fa5e58e47def27534e3d005bf9/screenshot - {}
RESULT: {"using":"xpath","value":"//*[@id=\"__xmlview59--administrationTabFilter\"]"}
COMMAND: POST /session/a230b9fa5e58e47def27534e3d005bf9/element/f.5A792F38359A1C743AD3061B3E5B94B4.d.B286A071C943F0690DEB1A391FD67D9B.e.17477/click - {}
RESULT: {}
RESULT: {}
COMMAND: GET /session/a230b9fa5e58e47def27534e3d005bf9/screenshot - {}
RESULT: {}
COMMAND: POST /session/a230b9fa5e58e47def27534e3d005bf9/element - {"using":"xpath","value":"//bdi[(text() = 'Confirm' or . = 'Confirm')]"}
RESULT: {"using":"xpath","value":"//bdi[(text() = 'Confirm' or . = 'Confirm')]"}
COMMAND: POST /session/a230b9fa5e58e47def27534e3d005bf9/element/f.5A792F38359A1C743AD3061B3E5B94B4.d.B286A071C943F0690DEB1A391FD67D9B.e.17487/click - {}
RESULT: {}
COMMAND: GET /session/a230b9fa5e58e47def27534e3d005bf9/screenshot - {}
RESULT: {}
COMMAND: POST /session/a230b9fa5e58e47def27534e3d005bf9/execute/async - {"script":"<script> [1562 bytes]","args":[{"selector":{"id":"confirmationButton","viewName":"etm.portal.ui.managehandovers.view.DetailExecuteHO","interaction":{"idSuffix":"BDI-content"}},"wdio_ui5_key":"confirmationButtonetmportal.ui.managehandovers.view.DetailExecuteHO"}]}
RESULT: {"script":"<script> [1562 bytes]","args":[{"selector":{"id":"confirmationButton","viewName":"etm.portal.ui.managehandovers.view.DetailExecuteHO","interaction":{"idSuffix":"BDI-content"}},"wdio_ui5_key":"confirmationButtonetmportal.ui.managehandovers.view.DetailExecuteHO"}]}
RESULT: undefined
COMMAND: POST /session/a230b9fa5e58e47def27534e3d005bf9/element - {"using":"xpath","value":"(//bdi[text()='Receive'])[2]"}
RESULT: {"using":"xpath","value":"(//bdi[text()='Receive'])[2]"}
COMMAND: GET /session/a230b9fa5e58e47def27534e3d005bf9/element/f.5A792F38359A1C743AD3061B3E5B94B4.d.B286A071C943F0690DEB1A391FD67D9B.e.17491/enabled - {}
RESULT: {}
COMMAND: POST /session/a230b9fa5e58e47def27534e3d005bf9/execute/sync - {"script":"<script> [8489 bytes]","args":[{"element-6066-11e4-a52e-4f735466cecf":"f.5A792F38359A1C743AD3061B3E5B94B4.d.B286A071C943F0690DEB1A391FD67D9B.e.17491","ELEMENT":"f.5A792F38359A1C743AD3061B3E5B94B4.d.B286A071C943F0690DEB1A391FD67D9B.e.17491"}]}
COMMAND: GET /session/a230b9fa5e58e47def27534e3d005bf9/screenshot - {}
RESULT: {"script":"<script> [8489 bytes]","args":[{"element-6066-11e4-a52e-4f735466cecf":"f.5A792F38359A1C743AD3061B3E5B94B4.d.B286A071C943F0690DEB1A391FD67D9B.e.17491","ELEMENT":"f.5A792F38359A1C743AD3061B3E5B94B4.d.B286A071C943F0690DEB1A391FD67D9B.e.17491"}]}
COMMAND: POST /session/a230b9fa5e58e47def27534e3d005bf9/execute/sync - {"script":"<script> [5351 bytes]","args":[{"element-6066-11e4-a52e-4f735466cecf":"f.5A792F38359A1C743AD3061B3E5B94B4.d.B286A071C943F0690DEB1A391FD67D9B.e.17491","ELEMENT":"f.5A792F38359A1C743AD3061B3E5B94B4.d.B286A071C943F0690DEB1A391FD67D9B.e.17491"}]}
COMMAND: GET /session/a230b9fa5e58e47def27534e3d005bf9/screenshot - {}
RESULT: {}
RESULT: {"script":"<script> [5351 bytes]","args":[{"element-6066-11e4-a52e-4f735466cecf":"f.5A792F38359A1C743AD3061B3E5B94B4.d.B286A071C943F0690DEB1A391FD67D9B.e.17491","ELEMENT":"f.5A792F38359A1C743AD3061B3E5B94B4.d.B286A071C943F0690DEB1A391FD67D9B.e.17491"}]}
COMMAND: POST /session/a230b9fa5e58e47def27534e3d005bf9/element/f.5A792F38359A1C743AD3061B3E5B94B4.d.B286A071C943F0690DEB1A391FD67D9B.e.17491/click - {}
COMMAND: GET /session/a230b9fa5e58e47def27534e3d005bf9/screenshot - {}
RESULT: {}
RESULT: {}
COMMAND: GET /session/a230b9fa5e58e47def27534e3d005bf9/screenshot - {}
RESULT: {}
RESULT: {}
COMMAND: POST /session/a230b9fa5e58e47def27534e3d005bf9/element - {"using":"css selector","value":"#shell-header-logo"}
RESULT: {"using":"css selector","value":"#shell-header-logo"}
COMMAND: POST /session/a230b9fa5e58e47def27534e3d005bf9/element/f.5A792F38359A1C743AD3061B3E5B94B4.d.B286A071C943F0690DEB1A391FD67D9B.e.16904/click - {}
RESULT: {}
COMMAND: GET /session/a230b9fa5e58e47def27534e3d005bf9/screenshot - {}
RESULT: {}
]]></system-out>
    </testcase>
    <testcase classname="chrome.135_0_7049_96.windows.Provide_to_Site_w/o_warehouse_management_w_clarification" name="Should create a new contract" time="52.679">
      <system-out><![CDATA[
COMMAND: POST /session/a230b9fa5e58e47def27534e3d005bf9/execute/async - {"script":"<script> [1562 bytes]","args":[{"selector":{"controlType":"sap.m.GenericTile","properties":{"header":"Manage Contracts"}},"wdio_ui5_key":"sapm.GenericTile{\"header\":\"Manage Contracts\"}"}]}
RESULT: {"script":"<script> [1562 bytes]","args":[{"selector":{"controlType":"sap.m.GenericTile","properties":{"header":"Manage Contracts"}},"wdio_ui5_key":"sapm.GenericTile{\"header\":\"Manage Contracts\"}"}]}
RESULT: undefined
COMMAND: POST /session/a230b9fa5e58e47def27534e3d005bf9/element - {"using":"xpath","value":"//*[@id=\"__tile130\"]"}
RESULT: {"using":"xpath","value":"//*[@id=\"__tile130\"]"}
COMMAND: POST /session/a230b9fa5e58e47def27534e3d005bf9/element/f.5A792F38359A1C743AD3061B3E5B94B4.d.B286A071C943F0690DEB1A391FD67D9B.e.17644/click - {}
RESULT: {}
COMMAND: GET /session/a230b9fa5e58e47def27534e3d005bf9/screenshot - {}
RESULT: {}
COMMAND: POST /session/a230b9fa5e58e47def27534e3d005bf9/execute/async - {"script":"<script> [1562 bytes]","args":[{"selector":{"controlType":"sap.ui.core.Icon","viewName":"etm.portal.ui.managecontracts.view.Master","properties":{"src":{"regex":{"source":"add"}}}},"wdio_ui5_key":"etmportal.ui.managecontracts.view.Mastersap.ui.core.Icon{\"src\":{\"regex\":{\"source\":\"add\"}}}"}]}
RESULT: {"script":"<script> [1562 bytes]","args":[{"selector":{"controlType":"sap.ui.core.Icon","viewName":"etm.portal.ui.managecontracts.view.Master","properties":{"src":{"regex":{"source":"add"}}}},"wdio_ui5_key":"etmportal.ui.managecontracts.view.Mastersap.ui.core.Icon{\"src\":{\"regex\":{\"source\":\"add\"}}}"}]}
RESULT: undefined
COMMAND: POST /session/a230b9fa5e58e47def27534e3d005bf9/element - {"using":"xpath","value":"//*[@id=\"__button298-img\"]"}
RESULT: {"using":"xpath","value":"//*[@id=\"__button298-img\"]"}
COMMAND: POST /session/a230b9fa5e58e47def27534e3d005bf9/element/f.5A792F38359A1C743AD3061B3E5B94B4.d.B286A071C943F0690DEB1A391FD67D9B.e.17738/click - {}
RESULT: {}
COMMAND: POST /session/a230b9fa5e58e47def27534e3d005bf9/execute/async - {"script":"<script> [1562 bytes]","args":[{"selector":{"id":"application-managecontracts-display-component---AddNewContract--projectDescription","interaction":{"idSuffix":"inner"}},"wdio_ui5_key":"applicationmanagecontracts-display-component---AddNewContract--projectDescription"}]}
COMMAND: GET /session/a230b9fa5e58e47def27534e3d005bf9/screenshot - {}
RESULT: {"script":"<script> [1562 bytes]","args":[{"selector":{"id":"application-managecontracts-display-component---AddNewContract--projectDescription","interaction":{"idSuffix":"inner"}},"wdio_ui5_key":"applicationmanagecontracts-display-component---AddNewContract--projectDescription"}]}
RESULT: undefined
COMMAND: POST /session/a230b9fa5e58e47def27534e3d005bf9/execute/async - {"script":"<script> [776 bytes]","args":[{"enterText":"wdi5 contract for billing","selector":{"id":"application-managecontracts-display-component---AddNewContract--projectDescription","interaction":{"idSuffix":"inner"}},"clearTextFirst":true,"interactionType":"ENTER_TEXT"}]}
RESULT: {}
RESULT: {"script":"<script> [776 bytes]","args":[{"enterText":"wdi5 contract for billing","selector":{"id":"application-managecontracts-display-component---AddNewContract--projectDescription","interaction":{"idSuffix":"inner"}},"clearTextFirst":true,"interactionType":"ENTER_TEXT"}]}
COMMAND: POST /session/a230b9fa5e58e47def27534e3d005bf9/element - {"using":"xpath","value":"//input[@id=\"application-managecontracts-display-component---AddNewContract--customerSelect-inner\"]"}
RESULT: {"using":"xpath","value":"//input[@id=\"application-managecontracts-display-component---AddNewContract--customerSelect-inner\"]"}
COMMAND: POST /session/a230b9fa5e58e47def27534e3d005bf9/element/f.5A792F38359A1C743AD3061B3E5B94B4.d.B286A071C943F0690DEB1A391FD67D9B.e.17968/clear - {}
RESULT: {}
COMMAND: POST /session/a230b9fa5e58e47def27534e3d005bf9/element/f.5A792F38359A1C743AD3061B3E5B94B4.d.B286A071C943F0690DEB1A391FD67D9B.e.17968/value - {"text":"1202"}
COMMAND: GET /session/a230b9fa5e58e47def27534e3d005bf9/screenshot - {}
RESULT: {"text":"1202"}
COMMAND: GET /session/a230b9fa5e58e47def27534e3d005bf9/screenshot - {}
RESULT: {}
RESULT: {}
COMMAND: POST /session/a230b9fa5e58e47def27534e3d005bf9/actions - {"actions":[{"id":"action61","type":"key","parameters":{},"actions":[{"type":"keyDown","value":"î€‡"},{"type":"pause","duration":10},{"type":"keyUp","value":"î€‡"}]}]}
RESULT: {"actions":[{"id":"action61","type":"key","parameters":{},"actions":[{"type":"keyDown","value":"î€‡"},{"type":"pause","duration":10},{"type":"keyUp","value":"î€‡"}]}]}
COMMAND: POST /session/a230b9fa5e58e47def27534e3d005bf9/element - {"using":"xpath","value":"//input[@id=\"application-managecontracts-display-component---AddNewContract--site-inner\"]"}
COMMAND: GET /session/a230b9fa5e58e47def27534e3d005bf9/screenshot - {}
RESULT: {"using":"xpath","value":"//input[@id=\"application-managecontracts-display-component---AddNewContract--site-inner\"]"}
COMMAND: POST /session/a230b9fa5e58e47def27534e3d005bf9/element/f.5A792F38359A1C743AD3061B3E5B94B4.d.B286A071C943F0690DEB1A391FD67D9B.e.17969/clear - {}
RESULT: {}
RESULT: {}
COMMAND: POST /session/a230b9fa5e58e47def27534e3d005bf9/element/f.5A792F38359A1C743AD3061B3E5B94B4.d.B286A071C943F0690DEB1A391FD67D9B.e.17969/value - {"text":"2190"}
COMMAND: GET /session/a230b9fa5e58e47def27534e3d005bf9/screenshot - {}
RESULT: {"text":"2190"}
COMMAND: GET /session/a230b9fa5e58e47def27534e3d005bf9/screenshot - {}
RESULT: {}
RESULT: {}
COMMAND: POST /session/a230b9fa5e58e47def27534e3d005bf9/actions - {"actions":[{"id":"action62","type":"key","parameters":{},"actions":[{"type":"keyDown","value":"î€‡"},{"type":"pause","duration":10},{"type":"keyUp","value":"î€‡"}]}]}
RESULT: {"actions":[{"id":"action62","type":"key","parameters":{},"actions":[{"type":"keyDown","value":"î€‡"},{"type":"pause","duration":10},{"type":"keyUp","value":"î€‡"}]}]}
COMMAND: POST /session/a230b9fa5e58e47def27534e3d005bf9/execute/async - {"script":"<script> [1562 bytes]","args":[{"selector":{"id":"application-managecontracts-display-component---AddNewContract--calendarInput","interaction":{"idSuffix":"inner"}},"wdio_ui5_key":"applicationmanagecontracts-display-component---AddNewContract--calendarInput"}]}
COMMAND: GET /session/a230b9fa5e58e47def27534e3d005bf9/screenshot - {}
RESULT: {"script":"<script> [1562 bytes]","args":[{"selector":{"id":"application-managecontracts-display-component---AddNewContract--calendarInput","interaction":{"idSuffix":"inner"}},"wdio_ui5_key":"applicationmanagecontracts-display-component---AddNewContract--calendarInput"}]}
RESULT: undefined
COMMAND: POST /session/a230b9fa5e58e47def27534e3d005bf9/execute/async - {"script":"<script> [776 bytes]","args":[{"enterText":"1 - Calendar unit test patch","selector":{"id":"application-managecontracts-display-component---AddNewContract--calendarInput","interaction":{"idSuffix":"inner"}},"clearTextFirst":true,"interactionType":"ENTER_TEXT"}]}
RESULT: {}
RESULT: {"script":"<script> [776 bytes]","args":[{"enterText":"1 - Calendar unit test patch","selector":{"id":"application-managecontracts-display-component---AddNewContract--calendarInput","interaction":{"idSuffix":"inner"}},"clearTextFirst":true,"interactionType":"ENTER_TEXT"}]}
COMMAND: POST /session/a230b9fa5e58e47def27534e3d005bf9/actions - {"actions":[{"id":"action63","type":"key","parameters":{},"actions":[{"type":"keyDown","value":"î€‡"},{"type":"pause","duration":10},{"type":"keyUp","value":"î€‡"}]}]}
RESULT: {"actions":[{"id":"action63","type":"key","parameters":{},"actions":[{"type":"keyDown","value":"î€‡"},{"type":"pause","duration":10},{"type":"keyUp","value":"î€‡"}]}]}
COMMAND: POST /session/a230b9fa5e58e47def27534e3d005bf9/execute/async - {"script":"<script> [1562 bytes]","args":[{"selector":{"id":"application-managecontracts-display-component---AddNewContract--languageCB","interaction":{"idSuffix":"inner"}},"wdio_ui5_key":"applicationmanagecontracts-display-component---AddNewContract--languageCB"}]}
COMMAND: GET /session/a230b9fa5e58e47def27534e3d005bf9/screenshot - {}
RESULT: {"script":"<script> [1562 bytes]","args":[{"selector":{"id":"application-managecontracts-display-component---AddNewContract--languageCB","interaction":{"idSuffix":"inner"}},"wdio_ui5_key":"applicationmanagecontracts-display-component---AddNewContract--languageCB"}]}
RESULT: undefined
COMMAND: POST /session/a230b9fa5e58e47def27534e3d005bf9/execute/async - {"script":"<script> [776 bytes]","args":[{"enterText":"EN - English","selector":{"id":"application-managecontracts-display-component---AddNewContract--languageCB","interaction":{"idSuffix":"inner"}},"clearTextFirst":true,"interactionType":"ENTER_TEXT"}]}
RESULT: {}
RESULT: {"script":"<script> [776 bytes]","args":[{"enterText":"EN - English","selector":{"id":"application-managecontracts-display-component---AddNewContract--languageCB","interaction":{"idSuffix":"inner"}},"clearTextFirst":true,"interactionType":"ENTER_TEXT"}]}
COMMAND: POST /session/a230b9fa5e58e47def27534e3d005bf9/actions - {"actions":[{"id":"action64","type":"key","parameters":{},"actions":[{"type":"keyDown","value":"î€‡"},{"type":"pause","duration":10},{"type":"keyUp","value":"î€‡"}]}]}
RESULT: {"actions":[{"id":"action64","type":"key","parameters":{},"actions":[{"type":"keyDown","value":"î€‡"},{"type":"pause","duration":10},{"type":"keyUp","value":"î€‡"}]}]}
COMMAND: POST /session/a230b9fa5e58e47def27534e3d005bf9/execute/async - {"script":"<script> [1562 bytes]","args":[{"selector":{"id":"application-managecontracts-display-component---AddNewContract--saveBtn","interaction":{"idSuffix":"BDI-content"}},"wdio_ui5_key":"applicationmanagecontracts-display-component---AddNewContract--saveBtn"}]}
COMMAND: GET /session/a230b9fa5e58e47def27534e3d005bf9/screenshot - {}
RESULT: {"script":"<script> [1562 bytes]","args":[{"selector":{"id":"application-managecontracts-display-component---AddNewContract--saveBtn","interaction":{"idSuffix":"BDI-content"}},"wdio_ui5_key":"applicationmanagecontracts-display-component---AddNewContract--saveBtn"}]}
RESULT: undefined
COMMAND: POST /session/a230b9fa5e58e47def27534e3d005bf9/element - {"using":"xpath","value":"//*[@id=\"application-managecontracts-display-component---AddNewContract--saveBtn\"]"}
RESULT: {}
RESULT: {"using":"xpath","value":"//*[@id=\"application-managecontracts-display-component---AddNewContract--saveBtn\"]"}
COMMAND: POST /session/a230b9fa5e58e47def27534e3d005bf9/element/f.5A792F38359A1C743AD3061B3E5B94B4.d.B286A071C943F0690DEB1A391FD67D9B.e.17988/click - {}
RESULT: {}
COMMAND: GET /session/a230b9fa5e58e47def27534e3d005bf9/screenshot - {}
RESULT: {}
COMMAND: POST /session/a230b9fa5e58e47def27534e3d005bf9/execute/async - {"script":"<script> [1562 bytes]","args":[{"selector":{"id":"contractDetailTitleNoExpanded","viewName":"etm.portal.ui.managecontracts.view.Detail"},"wdio_ui5_key":"contractDetailTitleNoExpandedetmportal.ui.managecontracts.view.Detail"}]}
RESULT: {"script":"<script> [1562 bytes]","args":[{"selector":{"id":"contractDetailTitleNoExpanded","viewName":"etm.portal.ui.managecontracts.view.Detail"},"wdio_ui5_key":"contractDetailTitleNoExpandedetmportal.ui.managecontracts.view.Detail"}]}
RESULT: undefined
COMMAND: POST /session/a230b9fa5e58e47def27534e3d005bf9/execute/async - {"script":"<script> [6424 bytes]","args":[{"element-6066-11e4-a52e-4f735466cecf":"f.5A792F38359A1C743AD3061B3E5B94B4.d.B286A071C943F0690DEB1A391FD67D9B.e.18013"},"getText",[]]}
RESULT: {"script":"<script> [6424 bytes]","args":[{"element-6066-11e4-a52e-4f735466cecf":"f.5A792F38359A1C743AD3061B3E5B94B4.d.B286A071C943F0690DEB1A391FD67D9B.e.18013"},"getText",[]]}
]]></system-out>
    </testcase>
    <testcase classname="chrome.135_0_7049_96.windows.Provide_to_Site_w/o_warehouse_management_w_clarification" name="Should add resource to the contract" time="52.499">
      <system-out><![CDATA[
COMMAND: POST /session/a230b9fa5e58e47def27534e3d005bf9/execute/async - {"script":"<script> [1562 bytes]","args":[{"selector":{"id":"contractDetailEditBtn","viewName":"etm.portal.ui.managecontracts.view.Detail","interaction":{"idSuffix":"BDI-content"}},"wdio_ui5_key":"contractDetailEditBtnetmportal.ui.managecontracts.view.Detail"}]}
RESULT: {"script":"<script> [1562 bytes]","args":[{"selector":{"id":"contractDetailEditBtn","viewName":"etm.portal.ui.managecontracts.view.Detail","interaction":{"idSuffix":"BDI-content"}},"wdio_ui5_key":"contractDetailEditBtnetmportal.ui.managecontracts.view.Detail"}]}
RESULT: undefined
COMMAND: POST /session/a230b9fa5e58e47def27534e3d005bf9/element - {"using":"xpath","value":"//*[@id=\"__xmlview61--contractDetailEditBtn\"]"}
RESULT: {"using":"xpath","value":"//*[@id=\"__xmlview61--contractDetailEditBtn\"]"}
COMMAND: POST /session/a230b9fa5e58e47def27534e3d005bf9/element/f.5A792F38359A1C743AD3061B3E5B94B4.d.B286A071C943F0690DEB1A391FD67D9B.e.18015/click - {}
RESULT: {}
COMMAND: GET /session/a230b9fa5e58e47def27534e3d005bf9/screenshot - {}
RESULT: {}
COMMAND: POST /session/a230b9fa5e58e47def27534e3d005bf9/execute/async - {"script":"<script> [1562 bytes]","args":[{"selector":{"id":"additionalAddressesTabFilter","viewName":"etm.portal.ui.managecontracts.view.EditContract","interaction":{"idSuffix":"text"}},"wdio_ui5_key":"additionalAddressesTabFilteretmportal.ui.managecontracts.view.EditContract"}]}
RESULT: {"script":"<script> [1562 bytes]","args":[{"selector":{"id":"additionalAddressesTabFilter","viewName":"etm.portal.ui.managecontracts.view.EditContract","interaction":{"idSuffix":"text"}},"wdio_ui5_key":"additionalAddressesTabFilteretmportal.ui.managecontracts.view.EditContract"}]}
RESULT: undefined
COMMAND: POST /session/a230b9fa5e58e47def27534e3d005bf9/element - {"using":"xpath","value":"//*[@id=\"__xmlview62--additionalAddressesTabFilter\"]"}
RESULT: {"using":"xpath","value":"//*[@id=\"__xmlview62--additionalAddressesTabFilter\"]"}
COMMAND: POST /session/a230b9fa5e58e47def27534e3d005bf9/element/f.5A792F38359A1C743AD3061B3E5B94B4.d.B286A071C943F0690DEB1A391FD67D9B.e.18072/click - {}
RESULT: {}
RESULT: undefined
COMMAND: POST /session/a230b9fa5e58e47def27534e3d005bf9/element - {"using":"xpath","value":"//*[@id=\"__xmlview62--additionalAddressesTabFilter\"]"}
COMMAND: GET /session/a230b9fa5e58e47def27534e3d005bf9/screenshot - {}
RESULT: {"using":"xpath","value":"//*[@id=\"__xmlview62--additionalAddressesTabFilter\"]"}
COMMAND: POST /session/a230b9fa5e58e47def27534e3d005bf9/element/f.5A792F38359A1C743AD3061B3E5B94B4.d.B286A071C943F0690DEB1A391FD67D9B.e.18072/click - {}
RESULT: {}
RESULT: {}
COMMAND: POST /session/a230b9fa5e58e47def27534e3d005bf9/execute/async - {"script":"<script> [1562 bytes]","args":[{"selector":{"controlType":"sap.ui.core.Icon","viewName":"etm.portal.ui.managecontracts.view.EditContract","properties":{"src":{"regex":{"source":"add"}}}},"wdio_ui5_key":"etmportal.ui.managecontracts.view.EditContractsap.ui.core.Icon{\"src\":{\"regex\":{\"source\":\"add\"}}}"}]}
COMMAND: GET /session/a230b9fa5e58e47def27534e3d005bf9/screenshot - {}
RESULT: {"script":"<script> [1562 bytes]","args":[{"selector":{"controlType":"sap.ui.core.Icon","viewName":"etm.portal.ui.managecontracts.view.EditContract","properties":{"src":{"regex":{"source":"add"}}}},"wdio_ui5_key":"etmportal.ui.managecontracts.view.EditContractsap.ui.core.Icon{\"src\":{\"regex\":{\"source\":\"add\"}}}"}]}
RESULT: undefined
COMMAND: POST /session/a230b9fa5e58e47def27534e3d005bf9/element - {"using":"xpath","value":"//*[@id=\"__xmlview62--btnAddTableRow-img\"]"}
RESULT: {}
RESULT: {"using":"xpath","value":"//*[@id=\"__xmlview62--btnAddTableRow-img\"]"}
COMMAND: POST /session/a230b9fa5e58e47def27534e3d005bf9/element/f.5A792F38359A1C743AD3061B3E5B94B4.d.B286A071C943F0690DEB1A391FD67D9B.e.18075/click - {}
RESULT: {}
COMMAND: POST /session/a230b9fa5e58e47def27534e3d005bf9/element - {"using":"xpath","value":"//div[(text() = 'Standard Entry' or . = 'Standard Entry')]"}
COMMAND: GET /session/a230b9fa5e58e47def27534e3d005bf9/screenshot - {}
RESULT: {"using":"xpath","value":"//div[(text() = 'Standard Entry' or . = 'Standard Entry')]"}
COMMAND: POST /session/a230b9fa5e58e47def27534e3d005bf9/element/f.5A792F38359A1C743AD3061B3E5B94B4.d.B286A071C943F0690DEB1A391FD67D9B.e.18077/click - {}
RESULT: {}
RESULT: {}
COMMAND: POST /session/a230b9fa5e58e47def27534e3d005bf9/execute/async - {"script":"<script> [1562 bytes]","args":[{"selector":{"controlType":"sap.ui.core.Icon","viewName":"etm.portal.ui.managecontracts.view.EditContract","properties":{"src":{"regex":{"source":"inspect"}}}},"wdio_ui5_key":"etmportal.ui.managecontracts.view.EditContractsap.ui.core.Icon{\"src\":{\"regex\":{\"source\":\"inspect\"}}}"}]}
COMMAND: GET /session/a230b9fa5e58e47def27534e3d005bf9/screenshot - {}
RESULT: {"script":"<script> [1562 bytes]","args":[{"selector":{"controlType":"sap.ui.core.Icon","viewName":"etm.portal.ui.managecontracts.view.EditContract","properties":{"src":{"regex":{"source":"inspect"}}}},"wdio_ui5_key":"etmportal.ui.managecontracts.view.EditContractsap.ui.core.Icon{\"src\":{\"regex\":{\"source\":\"inspect\"}}}"}]}
RESULT: undefined
COMMAND: POST /session/a230b9fa5e58e47def27534e3d005bf9/element - {"using":"xpath","value":"//*[@id=\"__button324-img\"]"}
RESULT: {}
RESULT: {"using":"xpath","value":"//*[@id=\"__button324-img\"]"}
COMMAND: POST /session/a230b9fa5e58e47def27534e3d005bf9/element/f.5A792F38359A1C743AD3061B3E5B94B4.d.B286A071C943F0690DEB1A391FD67D9B.e.18089/click - {}
RESULT: {}
COMMAND: GET /session/a230b9fa5e58e47def27534e3d005bf9/screenshot - {}
RESULT: {}
COMMAND: POST /session/a230b9fa5e58e47def27534e3d005bf9/element - {"using":"xpath","value":"//td[6]/div/div/input[1]"}
RESULT: {"using":"xpath","value":"//td[6]/div/div/input[1]"}
COMMAND: POST /session/a230b9fa5e58e47def27534e3d005bf9/element/f.5A792F38359A1C743AD3061B3E5B94B4.d.B286A071C943F0690DEB1A391FD67D9B.e.18079/clear - {}
RESULT: {}
COMMAND: GET /session/a230b9fa5e58e47def27534e3d005bf9/screenshot - {}
RESULT: {}
COMMAND: POST /session/a230b9fa5e58e47def27534e3d005bf9/element - {"using":"xpath","value":"//td[6]/div/div/input[1]"}
RESULT: {"using":"xpath","value":"//td[6]/div/div/input[1]"}
COMMAND: POST /session/a230b9fa5e58e47def27534e3d005bf9/element/f.5A792F38359A1C743AD3061B3E5B94B4.d.B286A071C943F0690DEB1A391FD67D9B.e.18105/click - {}
RESULT: {}
COMMAND: POST /session/a230b9fa5e58e47def27534e3d005bf9/actions - {"actions":[{"id":"action65","type":"key","parameters":{},"actions":[{"type":"keyDown","value":"î€ƒ"},{"type":"pause","duration":10},{"type":"keyUp","value":"î€ƒ"}]}]}
COMMAND: GET /session/a230b9fa5e58e47def27534e3d005bf9/screenshot - {}
RESULT: {"actions":[{"id":"action65","type":"key","parameters":{},"actions":[{"type":"keyDown","value":"î€ƒ"},{"type":"pause","duration":10},{"type":"keyUp","value":"î€ƒ"}]}]}
COMMAND: POST /session/a230b9fa5e58e47def27534e3d005bf9/element - {"using":"xpath","value":"//td[6]/div/div/input[1]"}
COMMAND: GET /session/a230b9fa5e58e47def27534e3d005bf9/screenshot - {}
RESULT: {}
RESULT: {"using":"xpath","value":"//td[6]/div/div/input[1]"}
COMMAND: POST /session/a230b9fa5e58e47def27534e3d005bf9/element/f.5A792F38359A1C743AD3061B3E5B94B4.d.B286A071C943F0690DEB1A391FD67D9B.e.18105/clear - {}
RESULT: {}
RESULT: {}
COMMAND: POST /session/a230b9fa5e58e47def27534e3d005bf9/element/f.5A792F38359A1C743AD3061B3E5B94B4.d.B286A071C943F0690DEB1A391FD67D9B.e.18105/value - {"text":"Material"}
COMMAND: GET /session/a230b9fa5e58e47def27534e3d005bf9/screenshot - {}
RESULT: {"text":"Material"}
COMMAND: GET /session/a230b9fa5e58e47def27534e3d005bf9/screenshot - {}
RESULT: {}
RESULT: {}
COMMAND: POST /session/a230b9fa5e58e47def27534e3d005bf9/actions - {"actions":[{"id":"action66","type":"key","parameters":{},"actions":[{"type":"keyDown","value":"î€‡"},{"type":"pause","duration":10},{"type":"keyUp","value":"î€‡"}]}]}
RESULT: {"actions":[{"id":"action66","type":"key","parameters":{},"actions":[{"type":"keyDown","value":"î€‡"},{"type":"pause","duration":10},{"type":"keyUp","value":"î€‡"}]}]}
COMMAND: POST /session/a230b9fa5e58e47def27534e3d005bf9/element - {"using":"xpath","value":"//td[7]/div/div/input[1]"}
COMMAND: GET /session/a230b9fa5e58e47def27534e3d005bf9/screenshot - {}
RESULT: {"using":"xpath","value":"//td[7]/div/div/input[1]"}
COMMAND: POST /session/a230b9fa5e58e47def27534e3d005bf9/element/f.5A792F38359A1C743AD3061B3E5B94B4.d.B286A071C943F0690DEB1A391FD67D9B.e.18127/clear - {}
RESULT: {}
RESULT: {}
COMMAND: POST /session/a230b9fa5e58e47def27534e3d005bf9/element/f.5A792F38359A1C743AD3061B3E5B94B4.d.B286A071C943F0690DEB1A391FD67D9B.e.18127/value - {"text":"200166"}
COMMAND: GET /session/a230b9fa5e58e47def27534e3d005bf9/screenshot - {}
RESULT: {"text":"200166"}
COMMAND: GET /session/a230b9fa5e58e47def27534e3d005bf9/screenshot - {}
RESULT: {}
RESULT: {}
COMMAND: POST /session/a230b9fa5e58e47def27534e3d005bf9/actions - {"actions":[{"id":"action67","type":"key","parameters":{},"actions":[{"type":"keyDown","value":"î€‡"},{"type":"pause","duration":10},{"type":"keyUp","value":"î€‡"}]}]}
RESULT: {"actions":[{"id":"action67","type":"key","parameters":{},"actions":[{"type":"keyDown","value":"î€‡"},{"type":"pause","duration":10},{"type":"keyUp","value":"î€‡"}]}]}
COMMAND: POST /session/a230b9fa5e58e47def27534e3d005bf9/execute/async - {"script":"<script> [1562 bytes]","args":[{"selector":{"controlType":"sap.m.Button","properties":{"text":"OK"},"searchOpenDialogs":true,"interaction":{"idSuffix":"BDI-content"}},"wdio_ui5_key":"sapm.Button{\"text\":\"OK\"}"}]}
COMMAND: GET /session/a230b9fa5e58e47def27534e3d005bf9/screenshot - {}
RESULT: {"script":"<script> [1562 bytes]","args":[{"selector":{"controlType":"sap.m.Button","properties":{"text":"OK"},"searchOpenDialogs":true,"interaction":{"idSuffix":"BDI-content"}},"wdio_ui5_key":"sapm.Button{\"text\":\"OK\"}"}]}
RESULT: undefined
COMMAND: POST /session/a230b9fa5e58e47def27534e3d005bf9/element - {"using":"xpath","value":"//*[@id=\"__mbox-btn-1\"]"}
RESULT: {}
RESULT: {"using":"xpath","value":"//*[@id=\"__mbox-btn-1\"]"}
COMMAND: POST /session/a230b9fa5e58e47def27534e3d005bf9/element/f.5A792F38359A1C743AD3061B3E5B94B4.d.B286A071C943F0690DEB1A391FD67D9B.e.18148/click - {}
RESULT: {}
COMMAND: POST /session/a230b9fa5e58e47def27534e3d005bf9/execute/async - {"script":"<script> [1562 bytes]","args":[{"selector":{"id":"saveBtn","viewName":"etm.portal.ui.managecontracts.view.EditContract","interaction":{"idSuffix":"BDI-content"}},"wdio_ui5_key":"saveBtnetmportal.ui.managecontracts.view.EditContract"}]}
COMMAND: GET /session/a230b9fa5e58e47def27534e3d005bf9/screenshot - {}
RESULT: {"script":"<script> [1562 bytes]","args":[{"selector":{"id":"saveBtn","viewName":"etm.portal.ui.managecontracts.view.EditContract","interaction":{"idSuffix":"BDI-content"}},"wdio_ui5_key":"saveBtnetmportal.ui.managecontracts.view.EditContract"}]}
RESULT: undefined
COMMAND: POST /session/a230b9fa5e58e47def27534e3d005bf9/element - {"using":"xpath","value":"//*[@id=\"__xmlview62--saveBtn\"]"}
RESULT: {}
RESULT: {"using":"xpath","value":"//*[@id=\"__xmlview62--saveBtn\"]"}
COMMAND: POST /session/a230b9fa5e58e47def27534e3d005bf9/element/f.5A792F38359A1C743AD3061B3E5B94B4.d.B286A071C943F0690DEB1A391FD67D9B.e.18174/click - {}
RESULT: {}
COMMAND: GET /session/a230b9fa5e58e47def27534e3d005bf9/screenshot - {}
RESULT: {}
COMMAND: POST /session/a230b9fa5e58e47def27534e3d005bf9/execute/async - {"script":"<script> [1562 bytes]","args":[{"selector":{"id":"additionalAddressesTabFilter","viewName":"etm.portal.ui.managecontracts.view.Detail","interaction":{"idSuffix":"text"}},"wdio_ui5_key":"additionalAddressesTabFilteretmportal.ui.managecontracts.view.Detail"}]}
RESULT: {"script":"<script> [1562 bytes]","args":[{"selector":{"id":"additionalAddressesTabFilter","viewName":"etm.portal.ui.managecontracts.view.Detail","interaction":{"idSuffix":"text"}},"wdio_ui5_key":"additionalAddressesTabFilteretmportal.ui.managecontracts.view.Detail"}]}
RESULT: undefined
COMMAND: POST /session/a230b9fa5e58e47def27534e3d005bf9/element - {"using":"xpath","value":"//*[@id=\"__xmlview61--additionalAddressesTabFilter\"]"}
RESULT: {"using":"xpath","value":"//*[@id=\"__xmlview61--additionalAddressesTabFilter\"]"}
COMMAND: POST /session/a230b9fa5e58e47def27534e3d005bf9/element/f.5A792F38359A1C743AD3061B3E5B94B4.d.B286A071C943F0690DEB1A391FD67D9B.e.18179/click - {}
RESULT: {}
COMMAND: POST /session/a230b9fa5e58e47def27534e3d005bf9/execute/async - {"script":"<script> [1562 bytes]","args":[{"selector":{"id":"contractDetailProvideButton","viewName":"etm.portal.ui.managecontracts.view.Detail","interaction":{"idSuffix":"BDI-content"}},"wdio_ui5_key":"contractDetailProvideButtonetmportal.ui.managecontracts.view.Detail"}]}
COMMAND: GET /session/a230b9fa5e58e47def27534e3d005bf9/screenshot - {}
RESULT: {"script":"<script> [1562 bytes]","args":[{"selector":{"id":"contractDetailProvideButton","viewName":"etm.portal.ui.managecontracts.view.Detail","interaction":{"idSuffix":"BDI-content"}},"wdio_ui5_key":"contractDetailProvideButtonetmportal.ui.managecontracts.view.Detail"}]}
RESULT: undefined
COMMAND: POST /session/a230b9fa5e58e47def27534e3d005bf9/element - {"using":"xpath","value":"//*[@id=\"__xmlview61--contractDetailProvideButton\"]"}
RESULT: {}
RESULT: {"using":"xpath","value":"//*[@id=\"__xmlview61--contractDetailProvideButton\"]"}
COMMAND: POST /session/a230b9fa5e58e47def27534e3d005bf9/element/f.5A792F38359A1C743AD3061B3E5B94B4.d.B286A071C943F0690DEB1A391FD67D9B.e.18186/click - {}
RESULT: {}
COMMAND: GET /session/a230b9fa5e58e47def27534e3d005bf9/screenshot - {}
RESULT: {}
]]></system-out>
    </testcase>
    <testcase classname="chrome.135_0_7049_96.windows.Provide_to_Site_w/o_warehouse_management_w_clarification" name="Should Create HandOvers provide to site" time="173.69">
      <system-out><![CDATA[
COMMAND: POST /session/a230b9fa5e58e47def27534e3d005bf9/element - {"using":"css selector","value":"#application-managehandovers-display-component---AddNewHO--dueDate-inner"}
RESULT: {"using":"css selector","value":"#application-managehandovers-display-component---AddNewHO--dueDate-inner"}
COMMAND: POST /session/a230b9fa5e58e47def27534e3d005bf9/element/f.5A792F38359A1C743AD3061B3E5B94B4.d.B286A071C943F0690DEB1A391FD67D9B.e.18243/clear - {}
RESULT: {}
COMMAND: POST /session/a230b9fa5e58e47def27534e3d005bf9/element/f.5A792F38359A1C743AD3061B3E5B94B4.d.B286A071C943F0690DEB1A391FD67D9B.e.18243/value - {"text":"4/28/25"}
COMMAND: GET /session/a230b9fa5e58e47def27534e3d005bf9/screenshot - {}
RESULT: {"text":"4/28/25"}
COMMAND: POST /session/a230b9fa5e58e47def27534e3d005bf9/element - {"using":"xpath","value":"//bdi[(text() = 'Items' or . = 'Items')]"}
COMMAND: GET /session/a230b9fa5e58e47def27534e3d005bf9/screenshot - {}
RESULT: {}
RESULT: {"using":"xpath","value":"//bdi[(text() = 'Items' or . = 'Items')]"}
COMMAND: POST /session/a230b9fa5e58e47def27534e3d005bf9/element/f.5A792F38359A1C743AD3061B3E5B94B4.d.B286A071C943F0690DEB1A391FD67D9B.e.18345/click - {}
RESULT: {}
RESULT: {}
COMMAND: POST /session/a230b9fa5e58e47def27534e3d005bf9/execute/async - {"script":"<script> [1562 bytes]","args":[{"selector":{"controlType":"sap.m.Button","viewName":"etm.portal.ui.managehandovers.view.AddNewHO","viewId":"application-managehandovers-display-component---AddNewHO","i18NText":{"propertyName":"tooltip","key":"addItems"}},"wdio_ui5_key":"etmportal.ui.managehandovers.view.AddNewHOsap.m.Button{\"propertyName\":\"tooltip\",\"key\":\"addItems\"}"}]}
COMMAND: GET /session/a230b9fa5e58e47def27534e3d005bf9/screenshot - {}
RESULT: {"script":"<script> [1562 bytes]","args":[{"selector":{"controlType":"sap.m.Button","viewName":"etm.portal.ui.managehandovers.view.AddNewHO","viewId":"application-managehandovers-display-component---AddNewHO","i18NText":{"propertyName":"tooltip","key":"addItems"}},"wdio_ui5_key":"etmportal.ui.managehandovers.view.AddNewHOsap.m.Button{\"propertyName\":\"tooltip\",\"key\":\"addItems\"}"}]}
RESULT: undefined
COMMAND: POST /session/a230b9fa5e58e47def27534e3d005bf9/element - {"using":"xpath","value":"//*[@id=\"__button349\"]"}
RESULT: {}
RESULT: {"using":"xpath","value":"//*[@id=\"__button349\"]"}
COMMAND: POST /session/a230b9fa5e58e47def27534e3d005bf9/element/f.5A792F38359A1C743AD3061B3E5B94B4.d.B286A071C943F0690DEB1A391FD67D9B.e.18350/click - {}
RESULT: {}
COMMAND: GET /session/a230b9fa5e58e47def27534e3d005bf9/screenshot - {}
RESULT: {}
COMMAND: POST /session/a230b9fa5e58e47def27534e3d005bf9/element - {"using":"css selector","value":"div[id= \"application-managehandovers-display-component---AddNewHO--popup-sa-CbBg\"]"}
RESULT: {"using":"css selector","value":"div[id= \"application-managehandovers-display-component---AddNewHO--popup-sa-CbBg\"]"}
COMMAND: POST /session/a230b9fa5e58e47def27534e3d005bf9/element/f.5A792F38359A1C743AD3061B3E5B94B4.d.B286A071C943F0690DEB1A391FD67D9B.e.18367/click - {}
RESULT: {}
COMMAND: GET /session/a230b9fa5e58e47def27534e3d005bf9/screenshot - {}
RESULT: {}
COMMAND: POST /session/a230b9fa5e58e47def27534e3d005bf9/element - {"using":"xpath","value":"//bdi[(text() = 'Select' or . = 'Select')]"}
RESULT: {"using":"xpath","value":"//bdi[(text() = 'Select' or . = 'Select')]"}
COMMAND: POST /session/a230b9fa5e58e47def27534e3d005bf9/element/f.5A792F38359A1C743AD3061B3E5B94B4.d.B286A071C943F0690DEB1A391FD67D9B.e.18369/click - {}
RESULT: {}
COMMAND: GET /session/a230b9fa5e58e47def27534e3d005bf9/screenshot - {}
RESULT: {}
COMMAND: POST /session/a230b9fa5e58e47def27534e3d005bf9/element - {"using":"xpath","value":"//bdi[(text() = 'Save' or . = 'Save')]"}
RESULT: {"using":"xpath","value":"//bdi[(text() = 'Save' or . = 'Save')]"}
COMMAND: POST /session/a230b9fa5e58e47def27534e3d005bf9/element/f.5A792F38359A1C743AD3061B3E5B94B4.d.B286A071C943F0690DEB1A391FD67D9B.e.18377/click - {}
RESULT: {}
COMMAND: GET /session/a230b9fa5e58e47def27534e3d005bf9/screenshot - {}
RESULT: {}
COMMAND: POST /session/a230b9fa5e58e47def27534e3d005bf9/element - {"using":"xpath","value":"//*[text()='OK']"}
RESULT: {"using":"xpath","value":"//*[text()='OK']"}
COMMAND: POST /session/a230b9fa5e58e47def27534e3d005bf9/elements - {"using":"xpath","value":"//*[text()='OK']"}
RESULT: {"using":"xpath","value":"//*[text()='OK']"}
COMMAND: POST /session/a230b9fa5e58e47def27534e3d005bf9/elements - {"using":"xpath","value":"//*[text()='OK']"}
RESULT: {"using":"xpath","value":"//*[text()='OK']"}
COMMAND: POST /session/a230b9fa5e58e47def27534e3d005bf9/elements - {"using":"xpath","value":"//*[text()='OK']"}
RESULT: {"using":"xpath","value":"//*[text()='OK']"}
COMMAND: POST /session/a230b9fa5e58e47def27534e3d005bf9/elements - {"using":"xpath","value":"//*[text()='OK']"}
RESULT: {"using":"xpath","value":"//*[text()='OK']"}
COMMAND: POST /session/a230b9fa5e58e47def27534e3d005bf9/elements - {"using":"xpath","value":"//*[text()='OK']"}
RESULT: {"using":"xpath","value":"//*[text()='OK']"}
COMMAND: POST /session/a230b9fa5e58e47def27534e3d005bf9/elements - {"using":"xpath","value":"//*[text()='OK']"}
RESULT: {"using":"xpath","value":"//*[text()='OK']"}
COMMAND: POST /session/a230b9fa5e58e47def27534e3d005bf9/elements - {"using":"xpath","value":"//*[text()='OK']"}
RESULT: {"using":"xpath","value":"//*[text()='OK']"}
COMMAND: POST /session/a230b9fa5e58e47def27534e3d005bf9/elements - {"using":"xpath","value":"//*[text()='OK']"}
RESULT: {"using":"xpath","value":"//*[text()='OK']"}
COMMAND: POST /session/a230b9fa5e58e47def27534e3d005bf9/elements - {"using":"xpath","value":"//*[text()='OK']"}
RESULT: {"using":"xpath","value":"//*[text()='OK']"}
COMMAND: POST /session/a230b9fa5e58e47def27534e3d005bf9/elements - {"using":"xpath","value":"//*[text()='OK']"}
RESULT: {"using":"xpath","value":"//*[text()='OK']"}
COMMAND: POST /session/a230b9fa5e58e47def27534e3d005bf9/elements - {"using":"xpath","value":"//*[text()='OK']"}
RESULT: {"using":"xpath","value":"//*[text()='OK']"}
COMMAND: POST /session/a230b9fa5e58e47def27534e3d005bf9/elements - {"using":"xpath","value":"//*[text()='OK']"}
RESULT: {"using":"xpath","value":"//*[text()='OK']"}
COMMAND: POST /session/a230b9fa5e58e47def27534e3d005bf9/elements - {"using":"xpath","value":"//*[text()='OK']"}
RESULT: {"using":"xpath","value":"//*[text()='OK']"}
COMMAND: POST /session/a230b9fa5e58e47def27534e3d005bf9/elements - {"using":"xpath","value":"//*[text()='OK']"}
RESULT: {"using":"xpath","value":"//*[text()='OK']"}
COMMAND: POST /session/a230b9fa5e58e47def27534e3d005bf9/elements - {"using":"xpath","value":"//*[text()='OK']"}
RESULT: {"using":"xpath","value":"//*[text()='OK']"}
COMMAND: POST /session/a230b9fa5e58e47def27534e3d005bf9/elements - {"using":"xpath","value":"//*[text()='OK']"}
RESULT: {"using":"xpath","value":"//*[text()='OK']"}
COMMAND: POST /session/a230b9fa5e58e47def27534e3d005bf9/elements - {"using":"xpath","value":"//*[text()='OK']"}
RESULT: {"using":"xpath","value":"//*[text()='OK']"}
COMMAND: POST /session/a230b9fa5e58e47def27534e3d005bf9/elements - {"using":"xpath","value":"//*[text()='OK']"}
RESULT: {"using":"xpath","value":"//*[text()='OK']"}
COMMAND: POST /session/a230b9fa5e58e47def27534e3d005bf9/elements - {"using":"xpath","value":"//*[text()='OK']"}
RESULT: {"using":"xpath","value":"//*[text()='OK']"}
COMMAND: POST /session/a230b9fa5e58e47def27534e3d005bf9/elements - {"using":"xpath","value":"//*[text()='OK']"}
RESULT: {"using":"xpath","value":"//*[text()='OK']"}
COMMAND: POST /session/a230b9fa5e58e47def27534e3d005bf9/elements - {"using":"xpath","value":"//*[text()='OK']"}
RESULT: {"using":"xpath","value":"//*[text()='OK']"}
COMMAND: POST /session/a230b9fa5e58e47def27534e3d005bf9/elements - {"using":"xpath","value":"//*[text()='OK']"}
RESULT: {"using":"xpath","value":"//*[text()='OK']"}
COMMAND: POST /session/a230b9fa5e58e47def27534e3d005bf9/elements - {"using":"xpath","value":"//*[text()='OK']"}
RESULT: {"using":"xpath","value":"//*[text()='OK']"}
COMMAND: POST /session/a230b9fa5e58e47def27534e3d005bf9/elements - {"using":"xpath","value":"//*[text()='OK']"}
RESULT: {"using":"xpath","value":"//*[text()='OK']"}
COMMAND: POST /session/a230b9fa5e58e47def27534e3d005bf9/elements - {"using":"xpath","value":"//*[text()='OK']"}
RESULT: {"using":"xpath","value":"//*[text()='OK']"}
COMMAND: POST /session/a230b9fa5e58e47def27534e3d005bf9/elements - {"using":"xpath","value":"//*[text()='OK']"}
RESULT: {"using":"xpath","value":"//*[text()='OK']"}
COMMAND: POST /session/a230b9fa5e58e47def27534e3d005bf9/elements - {"using":"xpath","value":"//*[text()='OK']"}
RESULT: {"using":"xpath","value":"//*[text()='OK']"}
COMMAND: POST /session/a230b9fa5e58e47def27534e3d005bf9/elements - {"using":"xpath","value":"//*[text()='OK']"}
RESULT: {"using":"xpath","value":"//*[text()='OK']"}
COMMAND: POST /session/a230b9fa5e58e47def27534e3d005bf9/elements - {"using":"xpath","value":"//*[text()='OK']"}
RESULT: {"using":"xpath","value":"//*[text()='OK']"}
COMMAND: POST /session/a230b9fa5e58e47def27534e3d005bf9/elements - {"using":"xpath","value":"//*[text()='OK']"}
RESULT: {"using":"xpath","value":"//*[text()='OK']"}
COMMAND: POST /session/a230b9fa5e58e47def27534e3d005bf9/elements - {"using":"xpath","value":"//*[text()='OK']"}
RESULT: {"using":"xpath","value":"//*[text()='OK']"}
COMMAND: POST /session/a230b9fa5e58e47def27534e3d005bf9/elements - {"using":"xpath","value":"//*[text()='OK']"}
RESULT: {"using":"xpath","value":"//*[text()='OK']"}
COMMAND: POST /session/a230b9fa5e58e47def27534e3d005bf9/elements - {"using":"xpath","value":"//*[text()='OK']"}
RESULT: {"using":"xpath","value":"//*[text()='OK']"}
COMMAND: POST /session/a230b9fa5e58e47def27534e3d005bf9/elements - {"using":"xpath","value":"//*[text()='OK']"}
RESULT: {"using":"xpath","value":"//*[text()='OK']"}
COMMAND: POST /session/a230b9fa5e58e47def27534e3d005bf9/elements - {"using":"xpath","value":"//*[text()='OK']"}
RESULT: {"using":"xpath","value":"//*[text()='OK']"}
COMMAND: POST /session/a230b9fa5e58e47def27534e3d005bf9/elements - {"using":"xpath","value":"//*[text()='OK']"}
RESULT: {"using":"xpath","value":"//*[text()='OK']"}
COMMAND: POST /session/a230b9fa5e58e47def27534e3d005bf9/elements - {"using":"xpath","value":"//*[text()='OK']"}
RESULT: {"using":"xpath","value":"//*[text()='OK']"}
COMMAND: POST /session/a230b9fa5e58e47def27534e3d005bf9/elements - {"using":"xpath","value":"//*[text()='OK']"}
RESULT: {"using":"xpath","value":"//*[text()='OK']"}
COMMAND: POST /session/a230b9fa5e58e47def27534e3d005bf9/elements - {"using":"xpath","value":"//*[text()='OK']"}
RESULT: {"using":"xpath","value":"//*[text()='OK']"}
COMMAND: POST /session/a230b9fa5e58e47def27534e3d005bf9/elements - {"using":"xpath","value":"//*[text()='OK']"}
RESULT: {"using":"xpath","value":"//*[text()='OK']"}
COMMAND: POST /session/a230b9fa5e58e47def27534e3d005bf9/elements - {"using":"xpath","value":"//*[text()='OK']"}
RESULT: {"using":"xpath","value":"//*[text()='OK']"}
COMMAND: POST /session/a230b9fa5e58e47def27534e3d005bf9/elements - {"using":"xpath","value":"//*[text()='OK']"}
RESULT: {"using":"xpath","value":"//*[text()='OK']"}
COMMAND: POST /session/a230b9fa5e58e47def27534e3d005bf9/elements - {"using":"xpath","value":"//*[text()='OK']"}
RESULT: {"using":"xpath","value":"//*[text()='OK']"}
COMMAND: POST /session/a230b9fa5e58e47def27534e3d005bf9/elements - {"using":"xpath","value":"//*[text()='OK']"}
RESULT: {"using":"xpath","value":"//*[text()='OK']"}
COMMAND: POST /session/a230b9fa5e58e47def27534e3d005bf9/elements - {"using":"xpath","value":"//*[text()='OK']"}
RESULT: {"using":"xpath","value":"//*[text()='OK']"}
COMMAND: POST /session/a230b9fa5e58e47def27534e3d005bf9/elements - {"using":"xpath","value":"//*[text()='OK']"}
RESULT: {"using":"xpath","value":"//*[text()='OK']"}
COMMAND: POST /session/a230b9fa5e58e47def27534e3d005bf9/elements - {"using":"xpath","value":"//*[text()='OK']"}
RESULT: {"using":"xpath","value":"//*[text()='OK']"}
COMMAND: POST /session/a230b9fa5e58e47def27534e3d005bf9/elements - {"using":"xpath","value":"//*[text()='OK']"}
RESULT: {"using":"xpath","value":"//*[text()='OK']"}
COMMAND: POST /session/a230b9fa5e58e47def27534e3d005bf9/elements - {"using":"xpath","value":"//*[text()='OK']"}
RESULT: {"using":"xpath","value":"//*[text()='OK']"}
COMMAND: POST /session/a230b9fa5e58e47def27534e3d005bf9/elements - {"using":"xpath","value":"//*[text()='OK']"}
RESULT: {"using":"xpath","value":"//*[text()='OK']"}
COMMAND: POST /session/a230b9fa5e58e47def27534e3d005bf9/elements - {"using":"xpath","value":"//*[text()='OK']"}
RESULT: {"using":"xpath","value":"//*[text()='OK']"}
COMMAND: POST /session/a230b9fa5e58e47def27534e3d005bf9/elements - {"using":"xpath","value":"//*[text()='OK']"}
RESULT: {"using":"xpath","value":"//*[text()='OK']"}
COMMAND: POST /session/a230b9fa5e58e47def27534e3d005bf9/elements - {"using":"xpath","value":"//*[text()='OK']"}
RESULT: {"using":"xpath","value":"//*[text()='OK']"}
COMMAND: POST /session/a230b9fa5e58e47def27534e3d005bf9/elements - {"using":"xpath","value":"//*[text()='OK']"}
RESULT: {"using":"xpath","value":"//*[text()='OK']"}
COMMAND: POST /session/a230b9fa5e58e47def27534e3d005bf9/elements - {"using":"xpath","value":"//*[text()='OK']"}
RESULT: {"using":"xpath","value":"//*[text()='OK']"}
COMMAND: POST /session/a230b9fa5e58e47def27534e3d005bf9/elements - {"using":"xpath","value":"//*[text()='OK']"}
RESULT: {"using":"xpath","value":"//*[text()='OK']"}
COMMAND: POST /session/a230b9fa5e58e47def27534e3d005bf9/elements - {"using":"xpath","value":"//*[text()='OK']"}
RESULT: {"using":"xpath","value":"//*[text()='OK']"}
COMMAND: POST /session/a230b9fa5e58e47def27534e3d005bf9/elements - {"using":"xpath","value":"//*[text()='OK']"}
RESULT: {"using":"xpath","value":"//*[text()='OK']"}
COMMAND: POST /session/a230b9fa5e58e47def27534e3d005bf9/elements - {"using":"xpath","value":"//*[text()='OK']"}
RESULT: {"using":"xpath","value":"//*[text()='OK']"}
COMMAND: POST /session/a230b9fa5e58e47def27534e3d005bf9/elements - {"using":"xpath","value":"//*[text()='OK']"}
RESULT: {"using":"xpath","value":"//*[text()='OK']"}
COMMAND: POST /session/a230b9fa5e58e47def27534e3d005bf9/elements - {"using":"xpath","value":"//*[text()='OK']"}
RESULT: {"using":"xpath","value":"//*[text()='OK']"}
COMMAND: POST /session/a230b9fa5e58e47def27534e3d005bf9/elements - {"using":"xpath","value":"//*[text()='OK']"}
RESULT: {"using":"xpath","value":"//*[text()='OK']"}
COMMAND: POST /session/a230b9fa5e58e47def27534e3d005bf9/elements - {"using":"xpath","value":"//*[text()='OK']"}
RESULT: {"using":"xpath","value":"//*[text()='OK']"}
COMMAND: POST /session/a230b9fa5e58e47def27534e3d005bf9/elements - {"using":"xpath","value":"//*[text()='OK']"}
RESULT: {"using":"xpath","value":"//*[text()='OK']"}
COMMAND: POST /session/a230b9fa5e58e47def27534e3d005bf9/elements - {"using":"xpath","value":"//*[text()='OK']"}
RESULT: {"using":"xpath","value":"//*[text()='OK']"}
COMMAND: POST /session/a230b9fa5e58e47def27534e3d005bf9/elements - {"using":"xpath","value":"//*[text()='OK']"}
RESULT: {"using":"xpath","value":"//*[text()='OK']"}
COMMAND: POST /session/a230b9fa5e58e47def27534e3d005bf9/elements - {"using":"xpath","value":"//*[text()='OK']"}
RESULT: {"using":"xpath","value":"//*[text()='OK']"}
COMMAND: POST /session/a230b9fa5e58e47def27534e3d005bf9/elements - {"using":"xpath","value":"//*[text()='OK']"}
RESULT: {"using":"xpath","value":"//*[text()='OK']"}
COMMAND: POST /session/a230b9fa5e58e47def27534e3d005bf9/elements - {"using":"xpath","value":"//*[text()='OK']"}
RESULT: {"using":"xpath","value":"//*[text()='OK']"}
COMMAND: POST /session/a230b9fa5e58e47def27534e3d005bf9/elements - {"using":"xpath","value":"//*[text()='OK']"}
RESULT: {"using":"xpath","value":"//*[text()='OK']"}
COMMAND: POST /session/a230b9fa5e58e47def27534e3d005bf9/elements - {"using":"xpath","value":"//*[text()='OK']"}
RESULT: {"using":"xpath","value":"//*[text()='OK']"}
COMMAND: POST /session/a230b9fa5e58e47def27534e3d005bf9/elements - {"using":"xpath","value":"//*[text()='OK']"}
RESULT: {"using":"xpath","value":"//*[text()='OK']"}
COMMAND: POST /session/a230b9fa5e58e47def27534e3d005bf9/elements - {"using":"xpath","value":"//*[text()='OK']"}
RESULT: {"using":"xpath","value":"//*[text()='OK']"}
COMMAND: POST /session/a230b9fa5e58e47def27534e3d005bf9/elements - {"using":"xpath","value":"//*[text()='OK']"}
RESULT: {"using":"xpath","value":"//*[text()='OK']"}
COMMAND: POST /session/a230b9fa5e58e47def27534e3d005bf9/elements - {"using":"xpath","value":"//*[text()='OK']"}
RESULT: {"using":"xpath","value":"//*[text()='OK']"}
COMMAND: POST /session/a230b9fa5e58e47def27534e3d005bf9/elements - {"using":"xpath","value":"//*[text()='OK']"}
RESULT: {"using":"xpath","value":"//*[text()='OK']"}
COMMAND: POST /session/a230b9fa5e58e47def27534e3d005bf9/elements - {"using":"xpath","value":"//*[text()='OK']"}
RESULT: {"using":"xpath","value":"//*[text()='OK']"}
COMMAND: POST /session/a230b9fa5e58e47def27534e3d005bf9/elements - {"using":"xpath","value":"//*[text()='OK']"}
RESULT: {"using":"xpath","value":"//*[text()='OK']"}
COMMAND: POST /session/a230b9fa5e58e47def27534e3d005bf9/elements - {"using":"xpath","value":"//*[text()='OK']"}
RESULT: {"using":"xpath","value":"//*[text()='OK']"}
COMMAND: POST /session/a230b9fa5e58e47def27534e3d005bf9/elements - {"using":"xpath","value":"//*[text()='OK']"}
RESULT: {"using":"xpath","value":"//*[text()='OK']"}
COMMAND: POST /session/a230b9fa5e58e47def27534e3d005bf9/elements - {"using":"xpath","value":"//*[text()='OK']"}
RESULT: {"using":"xpath","value":"//*[text()='OK']"}
COMMAND: POST /session/a230b9fa5e58e47def27534e3d005bf9/elements - {"using":"xpath","value":"//*[text()='OK']"}
RESULT: {"using":"xpath","value":"//*[text()='OK']"}
COMMAND: POST /session/a230b9fa5e58e47def27534e3d005bf9/elements - {"using":"xpath","value":"//*[text()='OK']"}
RESULT: {"using":"xpath","value":"//*[text()='OK']"}
COMMAND: POST /session/a230b9fa5e58e47def27534e3d005bf9/elements - {"using":"xpath","value":"//*[text()='OK']"}
RESULT: {"using":"xpath","value":"//*[text()='OK']"}
COMMAND: POST /session/a230b9fa5e58e47def27534e3d005bf9/elements - {"using":"xpath","value":"//*[text()='OK']"}
RESULT: {"using":"xpath","value":"//*[text()='OK']"}
COMMAND: POST /session/a230b9fa5e58e47def27534e3d005bf9/elements - {"using":"xpath","value":"//*[text()='OK']"}
RESULT: {"using":"xpath","value":"//*[text()='OK']"}
COMMAND: POST /session/a230b9fa5e58e47def27534e3d005bf9/elements - {"using":"xpath","value":"//*[text()='OK']"}
RESULT: {"using":"xpath","value":"//*[text()='OK']"}
COMMAND: POST /session/a230b9fa5e58e47def27534e3d005bf9/elements - {"using":"xpath","value":"//*[text()='OK']"}
RESULT: {"using":"xpath","value":"//*[text()='OK']"}
COMMAND: POST /session/a230b9fa5e58e47def27534e3d005bf9/elements - {"using":"xpath","value":"//*[text()='OK']"}
RESULT: {"using":"xpath","value":"//*[text()='OK']"}
COMMAND: POST /session/a230b9fa5e58e47def27534e3d005bf9/elements - {"using":"xpath","value":"//*[text()='OK']"}
RESULT: {"using":"xpath","value":"//*[text()='OK']"}
COMMAND: POST /session/a230b9fa5e58e47def27534e3d005bf9/element - {"using":"xpath","value":"//*[text()='provide (prepared)']"}
RESULT: {"using":"xpath","value":"//*[text()='provide (prepared)']"}
COMMAND: GET /session/a230b9fa5e58e47def27534e3d005bf9/element/f.5A792F38359A1C743AD3061B3E5B94B4.d.B286A071C943F0690DEB1A391FD67D9B.e.18420/text - {}
RESULT: {}
COMMAND: POST /session/a230b9fa5e58e47def27534e3d005bf9/element - {"using":"xpath","value":"//*[contains(text(), \"Instructions\")][@class=\"sapMITHTextContent\"]"}
RESULT: {"using":"xpath","value":"//*[contains(text(), \"Instructions\")][@class=\"sapMITHTextContent\"]"}
COMMAND: POST /session/a230b9fa5e58e47def27534e3d005bf9/execute/sync - {"script":"<script> [8489 bytes]","args":[{"element-6066-11e4-a52e-4f735466cecf":"f.5A792F38359A1C743AD3061B3E5B94B4.d.B286A071C943F0690DEB1A391FD67D9B.e.18421","ELEMENT":"f.5A792F38359A1C743AD3061B3E5B94B4.d.B286A071C943F0690DEB1A391FD67D9B.e.18421"}]}
RESULT: {"script":"<script> [8489 bytes]","args":[{"element-6066-11e4-a52e-4f735466cecf":"f.5A792F38359A1C743AD3061B3E5B94B4.d.B286A071C943F0690DEB1A391FD67D9B.e.18421","ELEMENT":"f.5A792F38359A1C743AD3061B3E5B94B4.d.B286A071C943F0690DEB1A391FD67D9B.e.18421"}]}
COMMAND: POST /session/a230b9fa5e58e47def27534e3d005bf9/execute/sync - {"script":"<script> [5351 bytes]","args":[{"element-6066-11e4-a52e-4f735466cecf":"f.5A792F38359A1C743AD3061B3E5B94B4.d.B286A071C943F0690DEB1A391FD67D9B.e.18421","ELEMENT":"f.5A792F38359A1C743AD3061B3E5B94B4.d.B286A071C943F0690DEB1A391FD67D9B.e.18421"}]}
COMMAND: GET /session/a230b9fa5e58e47def27534e3d005bf9/screenshot - {}
RESULT: {"script":"<script> [5351 bytes]","args":[{"element-6066-11e4-a52e-4f735466cecf":"f.5A792F38359A1C743AD3061B3E5B94B4.d.B286A071C943F0690DEB1A391FD67D9B.e.18421","ELEMENT":"f.5A792F38359A1C743AD3061B3E5B94B4.d.B286A071C943F0690DEB1A391FD67D9B.e.18421"}]}
COMMAND: POST /session/a230b9fa5e58e47def27534e3d005bf9/element/f.5A792F38359A1C743AD3061B3E5B94B4.d.B286A071C943F0690DEB1A391FD67D9B.e.18421/click - {}
COMMAND: GET /session/a230b9fa5e58e47def27534e3d005bf9/screenshot - {}
RESULT: {}
RESULT: {}
COMMAND: POST /session/a230b9fa5e58e47def27534e3d005bf9/actions - {"actions":[{"id":"action68","type":"key","parameters":{},"actions":[{"type":"keyDown","value":"î€‡"},{"type":"pause","duration":10},{"type":"keyUp","value":"î€‡"}]}]}
COMMAND: GET /session/a230b9fa5e58e47def27534e3d005bf9/screenshot - {}
RESULT: {}
RESULT: {"actions":[{"id":"action68","type":"key","parameters":{},"actions":[{"type":"keyDown","value":"î€‡"},{"type":"pause","duration":10},{"type":"keyUp","value":"î€‡"}]}]}
COMMAND: POST /session/a230b9fa5e58e47def27534e3d005bf9/element - {"using":"css selector","value":"#pickDialog--hoItemsTable-sa-CbBg"}
COMMAND: GET /session/a230b9fa5e58e47def27534e3d005bf9/screenshot - {}
RESULT: {}
RESULT: {"using":"css selector","value":"#pickDialog--hoItemsTable-sa-CbBg"}
COMMAND: GET /session/a230b9fa5e58e47def27534e3d005bf9/element/f.5A792F38359A1C743AD3061B3E5B94B4.d.B286A071C943F0690DEB1A391FD67D9B.e.18429/enabled - {}
RESULT: {}
RESULT: {}
COMMAND: POST /session/a230b9fa5e58e47def27534e3d005bf9/execute/sync - {"script":"<script> [8489 bytes]","args":[{"element-6066-11e4-a52e-4f735466cecf":"f.5A792F38359A1C743AD3061B3E5B94B4.d.B286A071C943F0690DEB1A391FD67D9B.e.18429","ELEMENT":"f.5A792F38359A1C743AD3061B3E5B94B4.d.B286A071C943F0690DEB1A391FD67D9B.e.18429"}]}
COMMAND: GET /session/a230b9fa5e58e47def27534e3d005bf9/screenshot - {}
RESULT: {"script":"<script> [8489 bytes]","args":[{"element-6066-11e4-a52e-4f735466cecf":"f.5A792F38359A1C743AD3061B3E5B94B4.d.B286A071C943F0690DEB1A391FD67D9B.e.18429","ELEMENT":"f.5A792F38359A1C743AD3061B3E5B94B4.d.B286A071C943F0690DEB1A391FD67D9B.e.18429"}]}
COMMAND: POST /session/a230b9fa5e58e47def27534e3d005bf9/execute/sync - {"script":"<script> [5351 bytes]","args":[{"element-6066-11e4-a52e-4f735466cecf":"f.5A792F38359A1C743AD3061B3E5B94B4.d.B286A071C943F0690DEB1A391FD67D9B.e.18429","ELEMENT":"f.5A792F38359A1C743AD3061B3E5B94B4.d.B286A071C943F0690DEB1A391FD67D9B.e.18429"}]}
COMMAND: GET /session/a230b9fa5e58e47def27534e3d005bf9/screenshot - {}
RESULT: {}
RESULT: {"script":"<script> [5351 bytes]","args":[{"element-6066-11e4-a52e-4f735466cecf":"f.5A792F38359A1C743AD3061B3E5B94B4.d.B286A071C943F0690DEB1A391FD67D9B.e.18429","ELEMENT":"f.5A792F38359A1C743AD3061B3E5B94B4.d.B286A071C943F0690DEB1A391FD67D9B.e.18429"}]}
COMMAND: POST /session/a230b9fa5e58e47def27534e3d005bf9/element/f.5A792F38359A1C743AD3061B3E5B94B4.d.B286A071C943F0690DEB1A391FD67D9B.e.18429/click - {}
COMMAND: GET /session/a230b9fa5e58e47def27534e3d005bf9/screenshot - {}
RESULT: {}
RESULT: {}
COMMAND: POST /session/a230b9fa5e58e47def27534e3d005bf9/element - {"using":"xpath","value":"//bdi[text()='Confirm All']"}
COMMAND: GET /session/a230b9fa5e58e47def27534e3d005bf9/screenshot - {}
RESULT: {}
RESULT: {"using":"xpath","value":"//bdi[text()='Confirm All']"}
COMMAND: GET /session/a230b9fa5e58e47def27534e3d005bf9/element/f.5A792F38359A1C743AD3061B3E5B94B4.d.B286A071C943F0690DEB1A391FD67D9B.e.18432/enabled - {}
RESULT: {}
RESULT: {}
COMMAND: POST /session/a230b9fa5e58e47def27534e3d005bf9/execute/sync - {"script":"<script> [8489 bytes]","args":[{"element-6066-11e4-a52e-4f735466cecf":"f.5A792F38359A1C743AD3061B3E5B94B4.d.B286A071C943F0690DEB1A391FD67D9B.e.18432","ELEMENT":"f.5A792F38359A1C743AD3061B3E5B94B4.d.B286A071C943F0690DEB1A391FD67D9B.e.18432"}]}
COMMAND: GET /session/a230b9fa5e58e47def27534e3d005bf9/screenshot - {}
RESULT: {"script":"<script> [8489 bytes]","args":[{"element-6066-11e4-a52e-4f735466cecf":"f.5A792F38359A1C743AD3061B3E5B94B4.d.B286A071C943F0690DEB1A391FD67D9B.e.18432","ELEMENT":"f.5A792F38359A1C743AD3061B3E5B94B4.d.B286A071C943F0690DEB1A391FD67D9B.e.18432"}]}
COMMAND: POST /session/a230b9fa5e58e47def27534e3d005bf9/execute/sync - {"script":"<script> [5351 bytes]","args":[{"element-6066-11e4-a52e-4f735466cecf":"f.5A792F38359A1C743AD3061B3E5B94B4.d.B286A071C943F0690DEB1A391FD67D9B.e.18432","ELEMENT":"f.5A792F38359A1C743AD3061B3E5B94B4.d.B286A071C943F0690DEB1A391FD67D9B.e.18432"}]}
COMMAND: GET /session/a230b9fa5e58e47def27534e3d005bf9/screenshot - {}
RESULT: {}
RESULT: {"script":"<script> [5351 bytes]","args":[{"element-6066-11e4-a52e-4f735466cecf":"f.5A792F38359A1C743AD3061B3E5B94B4.d.B286A071C943F0690DEB1A391FD67D9B.e.18432","ELEMENT":"f.5A792F38359A1C743AD3061B3E5B94B4.d.B286A071C943F0690DEB1A391FD67D9B.e.18432"}]}
COMMAND: POST /session/a230b9fa5e58e47def27534e3d005bf9/element/f.5A792F38359A1C743AD3061B3E5B94B4.d.B286A071C943F0690DEB1A391FD67D9B.e.18432/click - {}
COMMAND: GET /session/a230b9fa5e58e47def27534e3d005bf9/screenshot - {}
RESULT: {}
RESULT: {}
COMMAND: GET /session/a230b9fa5e58e47def27534e3d005bf9/screenshot - {}
RESULT: {}
RESULT: {}
COMMAND: POST /session/a230b9fa5e58e47def27534e3d005bf9/actions - {"actions":[{"id":"action69","type":"key","parameters":{},"actions":[{"type":"keyDown","value":"î€‡"},{"type":"pause","duration":10},{"type":"keyUp","value":"î€‡"}]}]}
RESULT: {"actions":[{"id":"action69","type":"key","parameters":{},"actions":[{"type":"keyDown","value":"î€‡"},{"type":"pause","duration":10},{"type":"keyUp","value":"î€‡"}]}]}
COMMAND: POST /session/a230b9fa5e58e47def27534e3d005bf9/actions - {"actions":[{"id":"action70","type":"key","parameters":{},"actions":[{"type":"keyDown","value":"î€‡"},{"type":"pause","duration":10},{"type":"keyUp","value":"î€‡"}]}]}
COMMAND: GET /session/a230b9fa5e58e47def27534e3d005bf9/screenshot - {}
RESULT: {"actions":[{"id":"action70","type":"key","parameters":{},"actions":[{"type":"keyDown","value":"î€‡"},{"type":"pause","duration":10},{"type":"keyUp","value":"î€‡"}]}]}
COMMAND: POST /session/a230b9fa5e58e47def27534e3d005bf9/execute/async - {"script":"<script> [1562 bytes]","args":[{"selector":{"id":"statesDialog--okBttnStatesDialog","searchOpenDialogs":true,"interaction":{"idSuffix":"BDI-content"}},"wdio_ui5_key":"statesDialogokBttnStatesDialog"}]}
COMMAND: GET /session/a230b9fa5e58e47def27534e3d005bf9/screenshot - {}
RESULT: {}
RESULT: {"script":"<script> [1562 bytes]","args":[{"selector":{"id":"statesDialog--okBttnStatesDialog","searchOpenDialogs":true,"interaction":{"idSuffix":"BDI-content"}},"wdio_ui5_key":"statesDialogokBttnStatesDialog"}]}
RESULT: undefined
RESULT: {}
RESULT: undefined
RESULT: undefined
COMMAND: POST /session/a230b9fa5e58e47def27534e3d005bf9/actions - {"actions":[{"id":"action71","type":"key","parameters":{},"actions":[{"type":"keyDown","value":"î€‡"},{"type":"pause","duration":10},{"type":"keyUp","value":"î€‡"}]}]}
RESULT: {"actions":[{"id":"action71","type":"key","parameters":{},"actions":[{"type":"keyDown","value":"î€‡"},{"type":"pause","duration":10},{"type":"keyUp","value":"î€‡"}]}]}
COMMAND: POST /session/a230b9fa5e58e47def27534e3d005bf9/execute/async - {"script":"<script> [1562 bytes]","args":[{"selector":{"controlType":"sap.m.Text","viewName":"etm.portal.ui.managehandovers.view.DetailExecuteHO","bindingPath":{"propertyPath":"NO","modelName":"catalogModel"}},"wdio_ui5_key":"etmportal.ui.managehandovers.view.DetailExecuteHOsap.m.Text{\"propertyPath\":\"NO\",\"modelName\":\"catalogModel\"}"}]}
COMMAND: GET /session/a230b9fa5e58e47def27534e3d005bf9/screenshot - {}
RESULT: {"script":"<script> [1562 bytes]","args":[{"selector":{"controlType":"sap.m.Text","viewName":"etm.portal.ui.managehandovers.view.DetailExecuteHO","bindingPath":{"propertyPath":"NO","modelName":"catalogModel"}},"wdio_ui5_key":"etmportal.ui.managehandovers.view.DetailExecuteHOsap.m.Text{\"propertyPath\":\"NO\",\"modelName\":\"catalogModel\"}"}]}
RESULT: undefined
COMMAND: POST /session/a230b9fa5e58e47def27534e3d005bf9/execute/async - {"script":"<script> [6424 bytes]","args":[{"element-6066-11e4-a52e-4f735466cecf":"f.5A792F38359A1C743AD3061B3E5B94B4.d.B286A071C943F0690DEB1A391FD67D9B.e.18438"},"getText",[]]}
RESULT: {}
RESULT: {"script":"<script> [6424 bytes]","args":[{"element-6066-11e4-a52e-4f735466cecf":"f.5A792F38359A1C743AD3061B3E5B94B4.d.B286A071C943F0690DEB1A391FD67D9B.e.18438"},"getText",[]]}
COMMAND: POST /session/a230b9fa5e58e47def27534e3d005bf9/actions - {"actions":[{"id":"action72","type":"key","parameters":{},"actions":[{"type":"keyDown","value":"î€‡"},{"type":"pause","duration":10},{"type":"keyUp","value":"î€‡"}]}]}
RESULT: {"actions":[{"id":"action72","type":"key","parameters":{},"actions":[{"type":"keyDown","value":"î€‡"},{"type":"pause","duration":10},{"type":"keyUp","value":"î€‡"}]}]}
COMMAND: GET /session/a230b9fa5e58e47def27534e3d005bf9/screenshot - {}
RESULT: {}
COMMAND: POST /session/a230b9fa5e58e47def27534e3d005bf9/element - {"using":"xpath","value":"//bdi[text()='OK']"}
RESULT: {"using":"xpath","value":"//bdi[text()='OK']"}
COMMAND: POST /session/a230b9fa5e58e47def27534e3d005bf9/element - {"using":"xpath","value":"//bdi[text()='OK']"}
RESULT: {"using":"xpath","value":"//bdi[text()='OK']"}
COMMAND: POST /session/a230b9fa5e58e47def27534e3d005bf9/actions - {"actions":[{"id":"action73","type":"key","parameters":{},"actions":[{"type":"keyDown","value":"î€‡"},{"type":"pause","duration":10},{"type":"keyUp","value":"î€‡"}]}]}
RESULT: {"actions":[{"id":"action73","type":"key","parameters":{},"actions":[{"type":"keyDown","value":"î€‡"},{"type":"pause","duration":10},{"type":"keyUp","value":"î€‡"}]}]}
COMMAND: POST /session/a230b9fa5e58e47def27534e3d005bf9/element - {"using":"xpath","value":"//bdi[(text() = 'Confirm' or . = 'Confirm')]"}
COMMAND: GET /session/a230b9fa5e58e47def27534e3d005bf9/screenshot - {}
RESULT: {"using":"xpath","value":"//bdi[(text() = 'Confirm' or . = 'Confirm')]"}
COMMAND: POST /session/a230b9fa5e58e47def27534e3d005bf9/execute/sync - {"script":"<script> [8489 bytes]","args":[{"element-6066-11e4-a52e-4f735466cecf":"f.5A792F38359A1C743AD3061B3E5B94B4.d.B286A071C943F0690DEB1A391FD67D9B.e.18442","ELEMENT":"f.5A792F38359A1C743AD3061B3E5B94B4.d.B286A071C943F0690DEB1A391FD67D9B.e.18442"}]}
RESULT: {}
RESULT: {"script":"<script> [8489 bytes]","args":[{"element-6066-11e4-a52e-4f735466cecf":"f.5A792F38359A1C743AD3061B3E5B94B4.d.B286A071C943F0690DEB1A391FD67D9B.e.18442","ELEMENT":"f.5A792F38359A1C743AD3061B3E5B94B4.d.B286A071C943F0690DEB1A391FD67D9B.e.18442"}]}
COMMAND: POST /session/a230b9fa5e58e47def27534e3d005bf9/execute/sync - {"script":"<script> [8489 bytes]","args":[{"element-6066-11e4-a52e-4f735466cecf":"f.5A792F38359A1C743AD3061B3E5B94B4.d.B286A071C943F0690DEB1A391FD67D9B.e.18442","ELEMENT":"f.5A792F38359A1C743AD3061B3E5B94B4.d.B286A071C943F0690DEB1A391FD67D9B.e.18442"}]}
COMMAND: GET /session/a230b9fa5e58e47def27534e3d005bf9/screenshot - {}
RESULT: {"script":"<script> [8489 bytes]","args":[{"element-6066-11e4-a52e-4f735466cecf":"f.5A792F38359A1C743AD3061B3E5B94B4.d.B286A071C943F0690DEB1A391FD67D9B.e.18442","ELEMENT":"f.5A792F38359A1C743AD3061B3E5B94B4.d.B286A071C943F0690DEB1A391FD67D9B.e.18442"}]}
COMMAND: POST /session/a230b9fa5e58e47def27534e3d005bf9/execute/sync - {"script":"<script> [5351 bytes]","args":[{"element-6066-11e4-a52e-4f735466cecf":"f.5A792F38359A1C743AD3061B3E5B94B4.d.B286A071C943F0690DEB1A391FD67D9B.e.18442","ELEMENT":"f.5A792F38359A1C743AD3061B3E5B94B4.d.B286A071C943F0690DEB1A391FD67D9B.e.18442"}]}
COMMAND: GET /session/a230b9fa5e58e47def27534e3d005bf9/screenshot - {}
RESULT: {}
RESULT: {"script":"<script> [5351 bytes]","args":[{"element-6066-11e4-a52e-4f735466cecf":"f.5A792F38359A1C743AD3061B3E5B94B4.d.B286A071C943F0690DEB1A391FD67D9B.e.18442","ELEMENT":"f.5A792F38359A1C743AD3061B3E5B94B4.d.B286A071C943F0690DEB1A391FD67D9B.e.18442"}]}
COMMAND: POST /session/a230b9fa5e58e47def27534e3d005bf9/actions - {"actions":[{"id":"action74","type":"key","parameters":{},"actions":[{"type":"keyDown","value":"î€‡"},{"type":"pause","duration":10},{"type":"keyUp","value":"î€‡"}]}]}
COMMAND: GET /session/a230b9fa5e58e47def27534e3d005bf9/screenshot - {}
RESULT: {}
RESULT: {"actions":[{"id":"action74","type":"key","parameters":{},"actions":[{"type":"keyDown","value":"î€‡"},{"type":"pause","duration":10},{"type":"keyUp","value":"î€‡"}]}]}
COMMAND: POST /session/a230b9fa5e58e47def27534e3d005bf9/element - {"using":"xpath","value":"(//bdi[text()='Pick'])[1]"}
COMMAND: GET /session/a230b9fa5e58e47def27534e3d005bf9/screenshot - {}
RESULT: {}
RESULT: {"using":"xpath","value":"(//bdi[text()='Pick'])[1]"}
COMMAND: GET /session/a230b9fa5e58e47def27534e3d005bf9/element/f.5A792F38359A1C743AD3061B3E5B94B4.d.B286A071C943F0690DEB1A391FD67D9B.e.18443/enabled - {}
RESULT: {}
RESULT: {}
COMMAND: POST /session/a230b9fa5e58e47def27534e3d005bf9/execute/sync - {"script":"<script> [8489 bytes]","args":[{"element-6066-11e4-a52e-4f735466cecf":"f.5A792F38359A1C743AD3061B3E5B94B4.d.B286A071C943F0690DEB1A391FD67D9B.e.18443","ELEMENT":"f.5A792F38359A1C743AD3061B3E5B94B4.d.B286A071C943F0690DEB1A391FD67D9B.e.18443"}]}
COMMAND: GET /session/a230b9fa5e58e47def27534e3d005bf9/screenshot - {}
RESULT: {"script":"<script> [8489 bytes]","args":[{"element-6066-11e4-a52e-4f735466cecf":"f.5A792F38359A1C743AD3061B3E5B94B4.d.B286A071C943F0690DEB1A391FD67D9B.e.18443","ELEMENT":"f.5A792F38359A1C743AD3061B3E5B94B4.d.B286A071C943F0690DEB1A391FD67D9B.e.18443"}]}
COMMAND: POST /session/a230b9fa5e58e47def27534e3d005bf9/execute/sync - {"script":"<script> [5351 bytes]","args":[{"element-6066-11e4-a52e-4f735466cecf":"f.5A792F38359A1C743AD3061B3E5B94B4.d.B286A071C943F0690DEB1A391FD67D9B.e.18443","ELEMENT":"f.5A792F38359A1C743AD3061B3E5B94B4.d.B286A071C943F0690DEB1A391FD67D9B.e.18443"}]}
COMMAND: GET /session/a230b9fa5e58e47def27534e3d005bf9/screenshot - {}
RESULT: {}
RESULT: {"script":"<script> [5351 bytes]","args":[{"element-6066-11e4-a52e-4f735466cecf":"f.5A792F38359A1C743AD3061B3E5B94B4.d.B286A071C943F0690DEB1A391FD67D9B.e.18443","ELEMENT":"f.5A792F38359A1C743AD3061B3E5B94B4.d.B286A071C943F0690DEB1A391FD67D9B.e.18443"}]}
COMMAND: POST /session/a230b9fa5e58e47def27534e3d005bf9/element/f.5A792F38359A1C743AD3061B3E5B94B4.d.B286A071C943F0690DEB1A391FD67D9B.e.18443/click - {}
COMMAND: GET /session/a230b9fa5e58e47def27534e3d005bf9/screenshot - {}
RESULT: {}
RESULT: {}
COMMAND: POST /session/a230b9fa5e58e47def27534e3d005bf9/actions - {"actions":[{"id":"action75","type":"key","parameters":{},"actions":[{"type":"keyDown","value":"î€‡"},{"type":"pause","duration":10},{"type":"keyUp","value":"î€‡"}]}]}
COMMAND: GET /session/a230b9fa5e58e47def27534e3d005bf9/screenshot - {}
RESULT: {}
RESULT: {"actions":[{"id":"action75","type":"key","parameters":{},"actions":[{"type":"keyDown","value":"î€‡"},{"type":"pause","duration":10},{"type":"keyUp","value":"î€‡"}]}]}
COMMAND: GET /session/a230b9fa5e58e47def27534e3d005bf9/screenshot - {}
RESULT: {}
RESULT: {}
COMMAND: POST /session/a230b9fa5e58e47def27534e3d005bf9/execute/async - {"script":"<script> [1562 bytes]","args":[{"selector":{"controlType":"sap.m.SearchField","viewName":"etm.portal.ui.managehandovers.view.MasterHO","bindingPath":{"path":"","propertyPath":"/_BASIC_SEARCH_FIELD","modelName":"fi1t3rM0d31"},"interaction":{"idSuffix":"I"}},"wdio_ui5_key":"etmportal.ui.managehandovers.view.MasterHOsap.m.SearchField{\"path\":\"\",\"propertyPath\":\"/_BASIC_SEARCH_FIELD\",\"modelName\":\"fi1t3rM0d31\"}"}]}
RESULT: {"script":"<script> [1562 bytes]","args":[{"selector":{"controlType":"sap.m.SearchField","viewName":"etm.portal.ui.managehandovers.view.MasterHO","bindingPath":{"path":"","propertyPath":"/_BASIC_SEARCH_FIELD","modelName":"fi1t3rM0d31"},"interaction":{"idSuffix":"I"}},"wdio_ui5_key":"etmportal.ui.managehandovers.view.MasterHOsap.m.SearchField{\"path\":\"\",\"propertyPath\":\"/_BASIC_SEARCH_FIELD\",\"modelName\":\"fi1t3rM0d31\"}"}]}
RESULT: undefined
COMMAND: POST /session/a230b9fa5e58e47def27534e3d005bf9/execute/async - {"script":"<script> [776 bytes]","args":[{"enterText":"30394","selector":{"controlType":"sap.m.SearchField","viewName":"etm.portal.ui.managehandovers.view.MasterHO","bindingPath":{"path":"","propertyPath":"/_BASIC_SEARCH_FIELD","modelName":"fi1t3rM0d31"},"interaction":{"idSuffix":"I"}},"clearTextFirst":true,"interactionType":"ENTER_TEXT"}]}
RESULT: {"script":"<script> [776 bytes]","args":[{"enterText":"30394","selector":{"controlType":"sap.m.SearchField","viewName":"etm.portal.ui.managehandovers.view.MasterHO","bindingPath":{"path":"","propertyPath":"/_BASIC_SEARCH_FIELD","modelName":"fi1t3rM0d31"},"interaction":{"idSuffix":"I"}},"clearTextFirst":true,"interactionType":"ENTER_TEXT"}]}
COMMAND: POST /session/a230b9fa5e58e47def27534e3d005bf9/actions - {"actions":[{"id":"action76","type":"key","parameters":{},"actions":[{"type":"keyDown","value":"î€‡"},{"type":"pause","duration":10},{"type":"keyUp","value":"î€‡"}]}]}
RESULT: {"actions":[{"id":"action76","type":"key","parameters":{},"actions":[{"type":"keyDown","value":"î€‡"},{"type":"pause","duration":10},{"type":"keyUp","value":"î€‡"}]}]}
COMMAND: GET /session/a230b9fa5e58e47def27534e3d005bf9/screenshot - {}
RESULT: {}
COMMAND: POST /session/a230b9fa5e58e47def27534e3d005bf9/execute/async - {"script":"<script> [1562 bytes]","args":[{"selector":{"controlType":"sap.ui.core.Icon","viewName":"etm.portal.ui.managehandovers.view.MasterHO","properties":{"src":{"regex":{"source":"slim\\-arrow\\-right"}}}},"wdio_ui5_key":"etmportal.ui.managehandovers.view.MasterHOsap.ui.core.Icon{\"src\":{\"regex\":{\"source\":\"slim\\\\-arrow\\\\-right\"}}}"}]}
RESULT: {"script":"<script> [1562 bytes]","args":[{"selector":{"controlType":"sap.ui.core.Icon","viewName":"etm.portal.ui.managehandovers.view.MasterHO","properties":{"src":{"regex":{"source":"slim\\-arrow\\-right"}}}},"wdio_ui5_key":"etmportal.ui.managehandovers.view.MasterHOsap.ui.core.Icon{\"src\":{\"regex\":{\"source\":\"slim\\\\-arrow\\\\-right\"}}}"}]}
RESULT: undefined
COMMAND: POST /session/a230b9fa5e58e47def27534e3d005bf9/element - {"using":"xpath","value":"//*[@id=\"__item2612-__clone7729-imgNav\"]"}
RESULT: {"using":"xpath","value":"//*[@id=\"__item2612-__clone7729-imgNav\"]"}
COMMAND: POST /session/a230b9fa5e58e47def27534e3d005bf9/element/f.5A792F38359A1C743AD3061B3E5B94B4.d.B286A071C943F0690DEB1A391FD67D9B.e.18642/click - {}
RESULT: {}
COMMAND: POST /session/a230b9fa5e58e47def27534e3d005bf9/element - {"using":"xpath","value":"(//span[text()='Instructions'])[2]"}
COMMAND: GET /session/a230b9fa5e58e47def27534e3d005bf9/screenshot - {}
RESULT: {"using":"xpath","value":"(//span[text()='Instructions'])[2]"}
COMMAND: GET /session/a230b9fa5e58e47def27534e3d005bf9/element/f.5A792F38359A1C743AD3061B3E5B94B4.d.B286A071C943F0690DEB1A391FD67D9B.e.18421/enabled - {}
RESULT: {}
RESULT: {}
COMMAND: POST /session/a230b9fa5e58e47def27534e3d005bf9/execute/sync - {"script":"<script> [8489 bytes]","args":[{"element-6066-11e4-a52e-4f735466cecf":"f.5A792F38359A1C743AD3061B3E5B94B4.d.B286A071C943F0690DEB1A391FD67D9B.e.18421","ELEMENT":"f.5A792F38359A1C743AD3061B3E5B94B4.d.B286A071C943F0690DEB1A391FD67D9B.e.18421"}]}
COMMAND: GET /session/a230b9fa5e58e47def27534e3d005bf9/screenshot - {}
RESULT: {"script":"<script> [8489 bytes]","args":[{"element-6066-11e4-a52e-4f735466cecf":"f.5A792F38359A1C743AD3061B3E5B94B4.d.B286A071C943F0690DEB1A391FD67D9B.e.18421","ELEMENT":"f.5A792F38359A1C743AD3061B3E5B94B4.d.B286A071C943F0690DEB1A391FD67D9B.e.18421"}]}
COMMAND: POST /session/a230b9fa5e58e47def27534e3d005bf9/execute/sync - {"script":"<script> [5351 bytes]","args":[{"element-6066-11e4-a52e-4f735466cecf":"f.5A792F38359A1C743AD3061B3E5B94B4.d.B286A071C943F0690DEB1A391FD67D9B.e.18421","ELEMENT":"f.5A792F38359A1C743AD3061B3E5B94B4.d.B286A071C943F0690DEB1A391FD67D9B.e.18421"}]}
COMMAND: GET /session/a230b9fa5e58e47def27534e3d005bf9/screenshot - {}
RESULT: {}
RESULT: {"script":"<script> [5351 bytes]","args":[{"element-6066-11e4-a52e-4f735466cecf":"f.5A792F38359A1C743AD3061B3E5B94B4.d.B286A071C943F0690DEB1A391FD67D9B.e.18421","ELEMENT":"f.5A792F38359A1C743AD3061B3E5B94B4.d.B286A071C943F0690DEB1A391FD67D9B.e.18421"}]}
COMMAND: POST /session/a230b9fa5e58e47def27534e3d005bf9/element/f.5A792F38359A1C743AD3061B3E5B94B4.d.B286A071C943F0690DEB1A391FD67D9B.e.18421/click - {}
COMMAND: GET /session/a230b9fa5e58e47def27534e3d005bf9/screenshot - {}
RESULT: {}
RESULT: {}
COMMAND: POST /session/a230b9fa5e58e47def27534e3d005bf9/element - {"using":"xpath","value":"//bdi[text()='Confirm']"}
COMMAND: GET /session/a230b9fa5e58e47def27534e3d005bf9/screenshot - {}
RESULT: {}
RESULT: {"using":"xpath","value":"//bdi[text()='Confirm']"}
COMMAND: POST /session/a230b9fa5e58e47def27534e3d005bf9/elements - {"using":"xpath","value":"//bdi[text()='Confirm']"}
RESULT: {}
RESULT: {"using":"xpath","value":"//bdi[text()='Confirm']"}
COMMAND: POST /session/a230b9fa5e58e47def27534e3d005bf9/elements - {"using":"xpath","value":"//bdi[text()='Confirm']"}
RESULT: {"using":"xpath","value":"//bdi[text()='Confirm']"}
COMMAND: POST /session/a230b9fa5e58e47def27534e3d005bf9/elements - {"using":"xpath","value":"//bdi[text()='Confirm']"}
RESULT: {"using":"xpath","value":"//bdi[text()='Confirm']"}
COMMAND: POST /session/a230b9fa5e58e47def27534e3d005bf9/elements - {"using":"xpath","value":"//bdi[text()='Confirm']"}
RESULT: {"using":"xpath","value":"//bdi[text()='Confirm']"}
COMMAND: POST /session/a230b9fa5e58e47def27534e3d005bf9/elements - {"using":"xpath","value":"//bdi[text()='Confirm']"}
RESULT: {"using":"xpath","value":"//bdi[text()='Confirm']"}
COMMAND: POST /session/a230b9fa5e58e47def27534e3d005bf9/element - {"using":"xpath","value":"//bdi[text()='Confirm']"}
RESULT: {"using":"xpath","value":"//bdi[text()='Confirm']"}
COMMAND: GET /session/a230b9fa5e58e47def27534e3d005bf9/element/f.5A792F38359A1C743AD3061B3E5B94B4.d.B286A071C943F0690DEB1A391FD67D9B.e.18691/enabled - {}
RESULT: {}
COMMAND: POST /session/a230b9fa5e58e47def27534e3d005bf9/execute/sync - {"script":"<script> [8489 bytes]","args":[{"element-6066-11e4-a52e-4f735466cecf":"f.5A792F38359A1C743AD3061B3E5B94B4.d.B286A071C943F0690DEB1A391FD67D9B.e.18691","ELEMENT":"f.5A792F38359A1C743AD3061B3E5B94B4.d.B286A071C943F0690DEB1A391FD67D9B.e.18691"}]}
COMMAND: GET /session/a230b9fa5e58e47def27534e3d005bf9/screenshot - {}
RESULT: {"script":"<script> [8489 bytes]","args":[{"element-6066-11e4-a52e-4f735466cecf":"f.5A792F38359A1C743AD3061B3E5B94B4.d.B286A071C943F0690DEB1A391FD67D9B.e.18691","ELEMENT":"f.5A792F38359A1C743AD3061B3E5B94B4.d.B286A071C943F0690DEB1A391FD67D9B.e.18691"}]}
COMMAND: POST /session/a230b9fa5e58e47def27534e3d005bf9/execute/sync - {"script":"<script> [5351 bytes]","args":[{"element-6066-11e4-a52e-4f735466cecf":"f.5A792F38359A1C743AD3061B3E5B94B4.d.B286A071C943F0690DEB1A391FD67D9B.e.18691","ELEMENT":"f.5A792F38359A1C743AD3061B3E5B94B4.d.B286A071C943F0690DEB1A391FD67D9B.e.18691"}]}
COMMAND: GET /session/a230b9fa5e58e47def27534e3d005bf9/screenshot - {}
RESULT: {}
RESULT: {"script":"<script> [5351 bytes]","args":[{"element-6066-11e4-a52e-4f735466cecf":"f.5A792F38359A1C743AD3061B3E5B94B4.d.B286A071C943F0690DEB1A391FD67D9B.e.18691","ELEMENT":"f.5A792F38359A1C743AD3061B3E5B94B4.d.B286A071C943F0690DEB1A391FD67D9B.e.18691"}]}
COMMAND: POST /session/a230b9fa5e58e47def27534e3d005bf9/element/f.5A792F38359A1C743AD3061B3E5B94B4.d.B286A071C943F0690DEB1A391FD67D9B.e.18691/click - {}
COMMAND: GET /session/a230b9fa5e58e47def27534e3d005bf9/screenshot - {}
RESULT: {}
RESULT: {}
COMMAND: POST /session/a230b9fa5e58e47def27534e3d005bf9/actions - {"actions":[{"id":"action77","type":"key","parameters":{},"actions":[{"type":"keyDown","value":"î€‡"},{"type":"pause","duration":10},{"type":"keyUp","value":"î€‡"}]}]}
COMMAND: GET /session/a230b9fa5e58e47def27534e3d005bf9/screenshot - {}
RESULT: {}
RESULT: {"actions":[{"id":"action77","type":"key","parameters":{},"actions":[{"type":"keyDown","value":"î€‡"},{"type":"pause","duration":10},{"type":"keyUp","value":"î€‡"}]}]}
COMMAND: POST /session/a230b9fa5e58e47def27534e3d005bf9/element - {"using":"xpath","value":"//bdi[text()='Issue']"}
COMMAND: GET /session/a230b9fa5e58e47def27534e3d005bf9/screenshot - {}
RESULT: {}
RESULT: {"using":"xpath","value":"//bdi[text()='Issue']"}
COMMAND: GET /session/a230b9fa5e58e47def27534e3d005bf9/element/f.5A792F38359A1C743AD3061B3E5B94B4.d.B286A071C943F0690DEB1A391FD67D9B.e.18696/enabled - {}
RESULT: {}
RESULT: {}
COMMAND: POST /session/a230b9fa5e58e47def27534e3d005bf9/execute/sync - {"script":"<script> [8489 bytes]","args":[{"element-6066-11e4-a52e-4f735466cecf":"f.5A792F38359A1C743AD3061B3E5B94B4.d.B286A071C943F0690DEB1A391FD67D9B.e.18696","ELEMENT":"f.5A792F38359A1C743AD3061B3E5B94B4.d.B286A071C943F0690DEB1A391FD67D9B.e.18696"}]}
COMMAND: GET /session/a230b9fa5e58e47def27534e3d005bf9/screenshot - {}
RESULT: {"script":"<script> [8489 bytes]","args":[{"element-6066-11e4-a52e-4f735466cecf":"f.5A792F38359A1C743AD3061B3E5B94B4.d.B286A071C943F0690DEB1A391FD67D9B.e.18696","ELEMENT":"f.5A792F38359A1C743AD3061B3E5B94B4.d.B286A071C943F0690DEB1A391FD67D9B.e.18696"}]}
COMMAND: POST /session/a230b9fa5e58e47def27534e3d005bf9/execute/sync - {"script":"<script> [5351 bytes]","args":[{"element-6066-11e4-a52e-4f735466cecf":"f.5A792F38359A1C743AD3061B3E5B94B4.d.B286A071C943F0690DEB1A391FD67D9B.e.18696","ELEMENT":"f.5A792F38359A1C743AD3061B3E5B94B4.d.B286A071C943F0690DEB1A391FD67D9B.e.18696"}]}
COMMAND: GET /session/a230b9fa5e58e47def27534e3d005bf9/screenshot - {}
RESULT: {}
RESULT: {"script":"<script> [5351 bytes]","args":[{"element-6066-11e4-a52e-4f735466cecf":"f.5A792F38359A1C743AD3061B3E5B94B4.d.B286A071C943F0690DEB1A391FD67D9B.e.18696","ELEMENT":"f.5A792F38359A1C743AD3061B3E5B94B4.d.B286A071C943F0690DEB1A391FD67D9B.e.18696"}]}
COMMAND: POST /session/a230b9fa5e58e47def27534e3d005bf9/element/f.5A792F38359A1C743AD3061B3E5B94B4.d.B286A071C943F0690DEB1A391FD67D9B.e.18696/click - {}
COMMAND: GET /session/a230b9fa5e58e47def27534e3d005bf9/screenshot - {}
RESULT: {}
RESULT: {}
COMMAND: POST /session/a230b9fa5e58e47def27534e3d005bf9/element - {"using":"xpath","value":"//*[text()='Provide to site']"}
COMMAND: GET /session/a230b9fa5e58e47def27534e3d005bf9/screenshot - {}
RESULT: {}
RESULT: {"using":"xpath","value":"//*[text()='Provide to site']"}
COMMAND: POST /session/a230b9fa5e58e47def27534e3d005bf9/elements - {"using":"xpath","value":"//*[text()='Provide to site']"}
RESULT: {}
RESULT: {"using":"xpath","value":"//*[text()='Provide to site']"}
COMMAND: POST /session/a230b9fa5e58e47def27534e3d005bf9/elements - {"using":"xpath","value":"//*[text()='Provide to site']"}
RESULT: {"using":"xpath","value":"//*[text()='Provide to site']"}
COMMAND: POST /session/a230b9fa5e58e47def27534e3d005bf9/elements - {"using":"xpath","value":"//*[text()='Provide to site']"}
RESULT: {"using":"xpath","value":"//*[text()='Provide to site']"}
COMMAND: POST /session/a230b9fa5e58e47def27534e3d005bf9/elements - {"using":"xpath","value":"//*[text()='Provide to site']"}
RESULT: {"using":"xpath","value":"//*[text()='Provide to site']"}
COMMAND: POST /session/a230b9fa5e58e47def27534e3d005bf9/elements - {"using":"xpath","value":"//*[text()='Provide to site']"}
RESULT: {"using":"xpath","value":"//*[text()='Provide to site']"}
COMMAND: POST /session/a230b9fa5e58e47def27534e3d005bf9/elements - {"using":"xpath","value":"//*[text()='Provide to site']"}
RESULT: {"using":"xpath","value":"//*[text()='Provide to site']"}
COMMAND: POST /session/a230b9fa5e58e47def27534e3d005bf9/elements - {"using":"xpath","value":"//*[text()='Provide to site']"}
RESULT: {"using":"xpath","value":"//*[text()='Provide to site']"}
COMMAND: POST /session/a230b9fa5e58e47def27534e3d005bf9/elements - {"using":"xpath","value":"//*[text()='Provide to site']"}
RESULT: {"using":"xpath","value":"//*[text()='Provide to site']"}
COMMAND: POST /session/a230b9fa5e58e47def27534e3d005bf9/elements - {"using":"xpath","value":"//*[text()='Provide to site']"}
RESULT: {"using":"xpath","value":"//*[text()='Provide to site']"}
COMMAND: POST /session/a230b9fa5e58e47def27534e3d005bf9/elements - {"using":"xpath","value":"//*[text()='Provide to site']"}
RESULT: {"using":"xpath","value":"//*[text()='Provide to site']"}
COMMAND: POST /session/a230b9fa5e58e47def27534e3d005bf9/elements - {"using":"xpath","value":"//*[text()='Provide to site']"}
RESULT: {"using":"xpath","value":"//*[text()='Provide to site']"}
COMMAND: POST /session/a230b9fa5e58e47def27534e3d005bf9/elements - {"using":"xpath","value":"//*[text()='Provide to site']"}
RESULT: {"using":"xpath","value":"//*[text()='Provide to site']"}
COMMAND: POST /session/a230b9fa5e58e47def27534e3d005bf9/elements - {"using":"xpath","value":"//*[text()='Provide to site']"}
RESULT: {"using":"xpath","value":"//*[text()='Provide to site']"}
COMMAND: POST /session/a230b9fa5e58e47def27534e3d005bf9/elements - {"using":"xpath","value":"//*[text()='Provide to site']"}
RESULT: {"using":"xpath","value":"//*[text()='Provide to site']"}
COMMAND: POST /session/a230b9fa5e58e47def27534e3d005bf9/elements - {"using":"xpath","value":"//*[text()='Provide to site']"}
RESULT: {"using":"xpath","value":"//*[text()='Provide to site']"}
COMMAND: POST /session/a230b9fa5e58e47def27534e3d005bf9/elements - {"using":"xpath","value":"//*[text()='Provide to site']"}
RESULT: {"using":"xpath","value":"//*[text()='Provide to site']"}
COMMAND: POST /session/a230b9fa5e58e47def27534e3d005bf9/elements - {"using":"xpath","value":"//*[text()='Provide to site']"}
RESULT: {"using":"xpath","value":"//*[text()='Provide to site']"}
COMMAND: POST /session/a230b9fa5e58e47def27534e3d005bf9/elements - {"using":"xpath","value":"//*[text()='Provide to site']"}
RESULT: {"using":"xpath","value":"//*[text()='Provide to site']"}
COMMAND: POST /session/a230b9fa5e58e47def27534e3d005bf9/elements - {"using":"xpath","value":"//*[text()='Provide to site']"}
RESULT: {"using":"xpath","value":"//*[text()='Provide to site']"}
COMMAND: POST /session/a230b9fa5e58e47def27534e3d005bf9/elements - {"using":"xpath","value":"//*[text()='Provide to site']"}
RESULT: {"using":"xpath","value":"//*[text()='Provide to site']"}
COMMAND: POST /session/a230b9fa5e58e47def27534e3d005bf9/elements - {"using":"xpath","value":"//*[text()='Provide to site']"}
RESULT: {"using":"xpath","value":"//*[text()='Provide to site']"}
COMMAND: POST /session/a230b9fa5e58e47def27534e3d005bf9/elements - {"using":"xpath","value":"//*[text()='Provide to site']"}
RESULT: {"using":"xpath","value":"//*[text()='Provide to site']"}
COMMAND: POST /session/a230b9fa5e58e47def27534e3d005bf9/elements - {"using":"xpath","value":"//*[text()='Provide to site']"}
RESULT: {"using":"xpath","value":"//*[text()='Provide to site']"}
COMMAND: POST /session/a230b9fa5e58e47def27534e3d005bf9/elements - {"using":"xpath","value":"//*[text()='Provide to site']"}
RESULT: {"using":"xpath","value":"//*[text()='Provide to site']"}
COMMAND: POST /session/a230b9fa5e58e47def27534e3d005bf9/elements - {"using":"xpath","value":"//*[text()='Provide to site']"}
RESULT: {"using":"xpath","value":"//*[text()='Provide to site']"}
COMMAND: POST /session/a230b9fa5e58e47def27534e3d005bf9/elements - {"using":"xpath","value":"//*[text()='Provide to site']"}
RESULT: {"using":"xpath","value":"//*[text()='Provide to site']"}
COMMAND: POST /session/a230b9fa5e58e47def27534e3d005bf9/elements - {"using":"xpath","value":"//*[text()='Provide to site']"}
RESULT: {"using":"xpath","value":"//*[text()='Provide to site']"}
COMMAND: POST /session/a230b9fa5e58e47def27534e3d005bf9/elements - {"using":"xpath","value":"//*[text()='Provide to site']"}
RESULT: {"using":"xpath","value":"//*[text()='Provide to site']"}
COMMAND: POST /session/a230b9fa5e58e47def27534e3d005bf9/elements - {"using":"xpath","value":"//*[text()='Provide to site']"}
RESULT: {"using":"xpath","value":"//*[text()='Provide to site']"}
COMMAND: POST /session/a230b9fa5e58e47def27534e3d005bf9/elements - {"using":"xpath","value":"//*[text()='Provide to site']"}
RESULT: {"using":"xpath","value":"//*[text()='Provide to site']"}
COMMAND: POST /session/a230b9fa5e58e47def27534e3d005bf9/elements - {"using":"xpath","value":"//*[text()='Provide to site']"}
RESULT: {"using":"xpath","value":"//*[text()='Provide to site']"}
COMMAND: POST /session/a230b9fa5e58e47def27534e3d005bf9/elements - {"using":"xpath","value":"//*[text()='Provide to site']"}
RESULT: {"using":"xpath","value":"//*[text()='Provide to site']"}
COMMAND: POST /session/a230b9fa5e58e47def27534e3d005bf9/elements - {"using":"xpath","value":"//*[text()='Provide to site']"}
RESULT: {"using":"xpath","value":"//*[text()='Provide to site']"}
COMMAND: POST /session/a230b9fa5e58e47def27534e3d005bf9/elements - {"using":"xpath","value":"//*[text()='Provide to site']"}
RESULT: {"using":"xpath","value":"//*[text()='Provide to site']"}
COMMAND: POST /session/a230b9fa5e58e47def27534e3d005bf9/elements - {"using":"xpath","value":"//*[text()='Provide to site']"}
RESULT: {"using":"xpath","value":"//*[text()='Provide to site']"}
COMMAND: POST /session/a230b9fa5e58e47def27534e3d005bf9/elements - {"using":"xpath","value":"//*[text()='Provide to site']"}
RESULT: {"using":"xpath","value":"//*[text()='Provide to site']"}
COMMAND: POST /session/a230b9fa5e58e47def27534e3d005bf9/elements - {"using":"xpath","value":"//*[text()='Provide to site']"}
RESULT: {"using":"xpath","value":"//*[text()='Provide to site']"}
COMMAND: POST /session/a230b9fa5e58e47def27534e3d005bf9/elements - {"using":"xpath","value":"//*[text()='Provide to site']"}
RESULT: {"using":"xpath","value":"//*[text()='Provide to site']"}
COMMAND: POST /session/a230b9fa5e58e47def27534e3d005bf9/elements - {"using":"xpath","value":"//*[text()='Provide to site']"}
RESULT: {"using":"xpath","value":"//*[text()='Provide to site']"}
COMMAND: POST /session/a230b9fa5e58e47def27534e3d005bf9/elements - {"using":"xpath","value":"//*[text()='Provide to site']"}
RESULT: {"using":"xpath","value":"//*[text()='Provide to site']"}
COMMAND: POST /session/a230b9fa5e58e47def27534e3d005bf9/elements - {"using":"xpath","value":"//*[text()='Provide to site']"}
RESULT: {"using":"xpath","value":"//*[text()='Provide to site']"}
COMMAND: POST /session/a230b9fa5e58e47def27534e3d005bf9/elements - {"using":"xpath","value":"//*[text()='Provide to site']"}
RESULT: {"using":"xpath","value":"//*[text()='Provide to site']"}
COMMAND: POST /session/a230b9fa5e58e47def27534e3d005bf9/elements - {"using":"xpath","value":"//*[text()='Provide to site']"}
RESULT: {"using":"xpath","value":"//*[text()='Provide to site']"}
COMMAND: POST /session/a230b9fa5e58e47def27534e3d005bf9/elements - {"using":"xpath","value":"//*[text()='Provide to site']"}
RESULT: {"using":"xpath","value":"//*[text()='Provide to site']"}
COMMAND: POST /session/a230b9fa5e58e47def27534e3d005bf9/elements - {"using":"xpath","value":"//*[text()='Provide to site']"}
RESULT: {"using":"xpath","value":"//*[text()='Provide to site']"}
COMMAND: POST /session/a230b9fa5e58e47def27534e3d005bf9/elements - {"using":"xpath","value":"//*[text()='Provide to site']"}
RESULT: {"using":"xpath","value":"//*[text()='Provide to site']"}
COMMAND: POST /session/a230b9fa5e58e47def27534e3d005bf9/elements - {"using":"xpath","value":"//*[text()='Provide to site']"}
RESULT: {"using":"xpath","value":"//*[text()='Provide to site']"}
COMMAND: POST /session/a230b9fa5e58e47def27534e3d005bf9/elements - {"using":"xpath","value":"//*[text()='Provide to site']"}
RESULT: {"using":"xpath","value":"//*[text()='Provide to site']"}
COMMAND: POST /session/a230b9fa5e58e47def27534e3d005bf9/elements - {"using":"xpath","value":"//*[text()='Provide to site']"}
RESULT: {"using":"xpath","value":"//*[text()='Provide to site']"}
COMMAND: POST /session/a230b9fa5e58e47def27534e3d005bf9/elements - {"using":"xpath","value":"//*[text()='Provide to site']"}
RESULT: {"using":"xpath","value":"//*[text()='Provide to site']"}
COMMAND: POST /session/a230b9fa5e58e47def27534e3d005bf9/elements - {"using":"xpath","value":"//*[text()='Provide to site']"}
RESULT: {"using":"xpath","value":"//*[text()='Provide to site']"}
COMMAND: POST /session/a230b9fa5e58e47def27534e3d005bf9/elements - {"using":"xpath","value":"//*[text()='Provide to site']"}
RESULT: {"using":"xpath","value":"//*[text()='Provide to site']"}
COMMAND: POST /session/a230b9fa5e58e47def27534e3d005bf9/elements - {"using":"xpath","value":"//*[text()='Provide to site']"}
RESULT: {"using":"xpath","value":"//*[text()='Provide to site']"}
COMMAND: POST /session/a230b9fa5e58e47def27534e3d005bf9/elements - {"using":"xpath","value":"//*[text()='Provide to site']"}
RESULT: {"using":"xpath","value":"//*[text()='Provide to site']"}
COMMAND: POST /session/a230b9fa5e58e47def27534e3d005bf9/elements - {"using":"xpath","value":"//*[text()='Provide to site']"}
RESULT: {"using":"xpath","value":"//*[text()='Provide to site']"}
COMMAND: POST /session/a230b9fa5e58e47def27534e3d005bf9/elements - {"using":"xpath","value":"//*[text()='Provide to site']"}
RESULT: {"using":"xpath","value":"//*[text()='Provide to site']"}
COMMAND: POST /session/a230b9fa5e58e47def27534e3d005bf9/elements - {"using":"xpath","value":"//*[text()='Provide to site']"}
RESULT: {"using":"xpath","value":"//*[text()='Provide to site']"}
COMMAND: POST /session/a230b9fa5e58e47def27534e3d005bf9/elements - {"using":"xpath","value":"//*[text()='Provide to site']"}
RESULT: {"using":"xpath","value":"//*[text()='Provide to site']"}
COMMAND: POST /session/a230b9fa5e58e47def27534e3d005bf9/elements - {"using":"xpath","value":"//*[text()='Provide to site']"}
RESULT: {"using":"xpath","value":"//*[text()='Provide to site']"}
COMMAND: POST /session/a230b9fa5e58e47def27534e3d005bf9/elements - {"using":"xpath","value":"//*[text()='Provide to site']"}
RESULT: {"using":"xpath","value":"//*[text()='Provide to site']"}
COMMAND: POST /session/a230b9fa5e58e47def27534e3d005bf9/elements - {"using":"xpath","value":"//*[text()='Provide to site']"}
RESULT: {"using":"xpath","value":"//*[text()='Provide to site']"}
COMMAND: POST /session/a230b9fa5e58e47def27534e3d005bf9/elements - {"using":"xpath","value":"//*[text()='Provide to site']"}
RESULT: {"using":"xpath","value":"//*[text()='Provide to site']"}
COMMAND: POST /session/a230b9fa5e58e47def27534e3d005bf9/elements - {"using":"xpath","value":"//*[text()='Provide to site']"}
RESULT: {"using":"xpath","value":"//*[text()='Provide to site']"}
COMMAND: POST /session/a230b9fa5e58e47def27534e3d005bf9/elements - {"using":"xpath","value":"//*[text()='Provide to site']"}
RESULT: {"using":"xpath","value":"//*[text()='Provide to site']"}
COMMAND: POST /session/a230b9fa5e58e47def27534e3d005bf9/elements - {"using":"xpath","value":"//*[text()='Provide to site']"}
RESULT: {"using":"xpath","value":"//*[text()='Provide to site']"}
COMMAND: POST /session/a230b9fa5e58e47def27534e3d005bf9/elements - {"using":"xpath","value":"//*[text()='Provide to site']"}
RESULT: {"using":"xpath","value":"//*[text()='Provide to site']"}
COMMAND: POST /session/a230b9fa5e58e47def27534e3d005bf9/elements - {"using":"xpath","value":"//*[text()='Provide to site']"}
RESULT: {"using":"xpath","value":"//*[text()='Provide to site']"}
COMMAND: POST /session/a230b9fa5e58e47def27534e3d005bf9/elements - {"using":"xpath","value":"//*[text()='Provide to site']"}
RESULT: {"using":"xpath","value":"//*[text()='Provide to site']"}
COMMAND: POST /session/a230b9fa5e58e47def27534e3d005bf9/elements - {"using":"xpath","value":"//*[text()='Provide to site']"}
RESULT: {"using":"xpath","value":"//*[text()='Provide to site']"}
COMMAND: POST /session/a230b9fa5e58e47def27534e3d005bf9/elements - {"using":"xpath","value":"//*[text()='Provide to site']"}
RESULT: {"using":"xpath","value":"//*[text()='Provide to site']"}
COMMAND: POST /session/a230b9fa5e58e47def27534e3d005bf9/elements - {"using":"xpath","value":"//*[text()='Provide to site']"}
RESULT: {"using":"xpath","value":"//*[text()='Provide to site']"}
COMMAND: POST /session/a230b9fa5e58e47def27534e3d005bf9/elements - {"using":"xpath","value":"//*[text()='Provide to site']"}
RESULT: {"using":"xpath","value":"//*[text()='Provide to site']"}
COMMAND: POST /session/a230b9fa5e58e47def27534e3d005bf9/elements - {"using":"xpath","value":"//*[text()='Provide to site']"}
RESULT: {"using":"xpath","value":"//*[text()='Provide to site']"}
COMMAND: POST /session/a230b9fa5e58e47def27534e3d005bf9/elements - {"using":"xpath","value":"//*[text()='Provide to site']"}
RESULT: {"using":"xpath","value":"//*[text()='Provide to site']"}
COMMAND: POST /session/a230b9fa5e58e47def27534e3d005bf9/elements - {"using":"xpath","value":"//*[text()='Provide to site']"}
RESULT: {"using":"xpath","value":"//*[text()='Provide to site']"}
COMMAND: POST /session/a230b9fa5e58e47def27534e3d005bf9/elements - {"using":"xpath","value":"//*[text()='Provide to site']"}
RESULT: {"using":"xpath","value":"//*[text()='Provide to site']"}
COMMAND: POST /session/a230b9fa5e58e47def27534e3d005bf9/elements - {"using":"xpath","value":"//*[text()='Provide to site']"}
RESULT: {"using":"xpath","value":"//*[text()='Provide to site']"}
COMMAND: POST /session/a230b9fa5e58e47def27534e3d005bf9/elements - {"using":"xpath","value":"//*[text()='Provide to site']"}
RESULT: {"using":"xpath","value":"//*[text()='Provide to site']"}
COMMAND: POST /session/a230b9fa5e58e47def27534e3d005bf9/elements - {"using":"xpath","value":"//*[text()='Provide to site']"}
RESULT: {"using":"xpath","value":"//*[text()='Provide to site']"}
COMMAND: POST /session/a230b9fa5e58e47def27534e3d005bf9/elements - {"using":"xpath","value":"//*[text()='Provide to site']"}
RESULT: {"using":"xpath","value":"//*[text()='Provide to site']"}
COMMAND: POST /session/a230b9fa5e58e47def27534e3d005bf9/elements - {"using":"xpath","value":"//*[text()='Provide to site']"}
RESULT: {"using":"xpath","value":"//*[text()='Provide to site']"}
COMMAND: POST /session/a230b9fa5e58e47def27534e3d005bf9/elements - {"using":"xpath","value":"//*[text()='Provide to site']"}
RESULT: {"using":"xpath","value":"//*[text()='Provide to site']"}
COMMAND: POST /session/a230b9fa5e58e47def27534e3d005bf9/elements - {"using":"xpath","value":"//*[text()='Provide to site']"}
RESULT: {"using":"xpath","value":"//*[text()='Provide to site']"}
COMMAND: POST /session/a230b9fa5e58e47def27534e3d005bf9/elements - {"using":"xpath","value":"//*[text()='Provide to site']"}
RESULT: {"using":"xpath","value":"//*[text()='Provide to site']"}
COMMAND: POST /session/a230b9fa5e58e47def27534e3d005bf9/elements - {"using":"xpath","value":"//*[text()='Provide to site']"}
RESULT: {"using":"xpath","value":"//*[text()='Provide to site']"}
COMMAND: POST /session/a230b9fa5e58e47def27534e3d005bf9/elements - {"using":"xpath","value":"//*[text()='Provide to site']"}
RESULT: {"using":"xpath","value":"//*[text()='Provide to site']"}
COMMAND: POST /session/a230b9fa5e58e47def27534e3d005bf9/elements - {"using":"xpath","value":"//*[text()='Provide to site']"}
RESULT: {"using":"xpath","value":"//*[text()='Provide to site']"}
COMMAND: POST /session/a230b9fa5e58e47def27534e3d005bf9/elements - {"using":"xpath","value":"//*[text()='Provide to site']"}
RESULT: {"using":"xpath","value":"//*[text()='Provide to site']"}
COMMAND: POST /session/a230b9fa5e58e47def27534e3d005bf9/elements - {"using":"xpath","value":"//*[text()='Provide to site']"}
RESULT: {"using":"xpath","value":"//*[text()='Provide to site']"}
COMMAND: POST /session/a230b9fa5e58e47def27534e3d005bf9/elements - {"using":"xpath","value":"//*[text()='Provide to site']"}
RESULT: {"using":"xpath","value":"//*[text()='Provide to site']"}
COMMAND: POST /session/a230b9fa5e58e47def27534e3d005bf9/elements - {"using":"xpath","value":"//*[text()='Provide to site']"}
COMMAND: POST /session/a230b9fa5e58e47def27534e3d005bf9/elements - {"using":"xpath","value":"//*[text()='provide (received)']"}
RESULT: {"using":"xpath","value":"//*[text()='Provide to site']"}
RESULT: {"using":"xpath","value":"//*[text()='provide (received)']"}
]]></system-out>
    </testcase>
    <testcase classname="chrome.135_0_7049_96.windows.Provide_to_Site_w/o_warehouse_management_w_clarification" name="Should Test for Handover Execution" time="290.487">
      <system-out><![CDATA[
COMMAND: POST /session/a230b9fa5e58e47def27534e3d005bf9/element - {"using":"xpath","value":"//*[text()='Provide to site']"}
RESULT: {"using":"xpath","value":"//*[text()='Provide to site']"}
COMMAND: POST /session/a230b9fa5e58e47def27534e3d005bf9/elements - {"using":"xpath","value":"//*[text()='Provide to site']"}
RESULT: {"using":"xpath","value":"//*[text()='Provide to site']"}
COMMAND: POST /session/a230b9fa5e58e47def27534e3d005bf9/elements - {"using":"xpath","value":"//*[text()='Provide to site']"}
RESULT: {"using":"xpath","value":"//*[text()='Provide to site']"}
COMMAND: POST /session/a230b9fa5e58e47def27534e3d005bf9/elements - {"using":"xpath","value":"//*[text()='Provide to site']"}
RESULT: {"using":"xpath","value":"//*[text()='Provide to site']"}
COMMAND: POST /session/a230b9fa5e58e47def27534e3d005bf9/elements - {"using":"xpath","value":"//*[text()='Provide to site']"}
RESULT: {"using":"xpath","value":"//*[text()='Provide to site']"}
COMMAND: POST /session/a230b9fa5e58e47def27534e3d005bf9/elements - {"using":"xpath","value":"//*[text()='Provide to site']"}
RESULT: {"using":"xpath","value":"//*[text()='Provide to site']"}
COMMAND: POST /session/a230b9fa5e58e47def27534e3d005bf9/elements - {"using":"xpath","value":"//*[text()='Provide to site']"}
RESULT: {"using":"xpath","value":"//*[text()='Provide to site']"}
COMMAND: POST /session/a230b9fa5e58e47def27534e3d005bf9/elements - {"using":"xpath","value":"//*[text()='Provide to site']"}
RESULT: {"using":"xpath","value":"//*[text()='Provide to site']"}
COMMAND: POST /session/a230b9fa5e58e47def27534e3d005bf9/elements - {"using":"xpath","value":"//*[text()='Provide to site']"}
RESULT: {"using":"xpath","value":"//*[text()='Provide to site']"}
COMMAND: POST /session/a230b9fa5e58e47def27534e3d005bf9/elements - {"using":"xpath","value":"//*[text()='Provide to site']"}
RESULT: {"using":"xpath","value":"//*[text()='Provide to site']"}
COMMAND: POST /session/a230b9fa5e58e47def27534e3d005bf9/elements - {"using":"xpath","value":"//*[text()='Provide to site']"}
RESULT: {"using":"xpath","value":"//*[text()='Provide to site']"}
COMMAND: POST /session/a230b9fa5e58e47def27534e3d005bf9/elements - {"using":"xpath","value":"//*[text()='Provide to site']"}
RESULT: {"using":"xpath","value":"//*[text()='Provide to site']"}
COMMAND: POST /session/a230b9fa5e58e47def27534e3d005bf9/elements - {"using":"xpath","value":"//*[text()='Provide to site']"}
RESULT: {"using":"xpath","value":"//*[text()='Provide to site']"}
COMMAND: POST /session/a230b9fa5e58e47def27534e3d005bf9/elements - {"using":"xpath","value":"//*[text()='Provide to site']"}
RESULT: {"using":"xpath","value":"//*[text()='Provide to site']"}
COMMAND: POST /session/a230b9fa5e58e47def27534e3d005bf9/elements - {"using":"xpath","value":"//*[text()='Provide to site']"}
RESULT: {"using":"xpath","value":"//*[text()='Provide to site']"}
COMMAND: POST /session/a230b9fa5e58e47def27534e3d005bf9/elements - {"using":"xpath","value":"//*[text()='Provide to site']"}
RESULT: {"using":"xpath","value":"//*[text()='Provide to site']"}
COMMAND: POST /session/a230b9fa5e58e47def27534e3d005bf9/elements - {"using":"xpath","value":"//*[text()='Provide to site']"}
RESULT: {"using":"xpath","value":"//*[text()='Provide to site']"}
COMMAND: POST /session/a230b9fa5e58e47def27534e3d005bf9/elements - {"using":"xpath","value":"//*[text()='Provide to site']"}
RESULT: {"using":"xpath","value":"//*[text()='Provide to site']"}
COMMAND: POST /session/a230b9fa5e58e47def27534e3d005bf9/elements - {"using":"xpath","value":"//*[text()='Provide to site']"}
RESULT: {"using":"xpath","value":"//*[text()='Provide to site']"}
COMMAND: POST /session/a230b9fa5e58e47def27534e3d005bf9/elements - {"using":"xpath","value":"//*[text()='Provide to site']"}
RESULT: {"using":"xpath","value":"//*[text()='Provide to site']"}
COMMAND: POST /session/a230b9fa5e58e47def27534e3d005bf9/elements - {"using":"xpath","value":"//*[text()='Provide to site']"}
RESULT: {"using":"xpath","value":"//*[text()='Provide to site']"}
COMMAND: POST /session/a230b9fa5e58e47def27534e3d005bf9/elements - {"using":"xpath","value":"//*[text()='Provide to site']"}
RESULT: {"using":"xpath","value":"//*[text()='Provide to site']"}
COMMAND: POST /session/a230b9fa5e58e47def27534e3d005bf9/elements - {"using":"xpath","value":"//*[text()='Provide to site']"}
RESULT: {"using":"xpath","value":"//*[text()='Provide to site']"}
COMMAND: POST /session/a230b9fa5e58e47def27534e3d005bf9/elements - {"using":"xpath","value":"//*[text()='Provide to site']"}
RESULT: {"using":"xpath","value":"//*[text()='Provide to site']"}
COMMAND: POST /session/a230b9fa5e58e47def27534e3d005bf9/elements - {"using":"xpath","value":"//*[text()='Provide to site']"}
RESULT: {"using":"xpath","value":"//*[text()='Provide to site']"}
COMMAND: POST /session/a230b9fa5e58e47def27534e3d005bf9/elements - {"using":"xpath","value":"//*[text()='Provide to site']"}
RESULT: {"using":"xpath","value":"//*[text()='Provide to site']"}
COMMAND: POST /session/a230b9fa5e58e47def27534e3d005bf9/elements - {"using":"xpath","value":"//*[text()='Provide to site']"}
RESULT: {"using":"xpath","value":"//*[text()='Provide to site']"}
COMMAND: POST /session/a230b9fa5e58e47def27534e3d005bf9/elements - {"using":"xpath","value":"//*[text()='Provide to site']"}
RESULT: {"using":"xpath","value":"//*[text()='Provide to site']"}
COMMAND: POST /session/a230b9fa5e58e47def27534e3d005bf9/elements - {"using":"xpath","value":"//*[text()='Provide to site']"}
RESULT: {"using":"xpath","value":"//*[text()='Provide to site']"}
COMMAND: POST /session/a230b9fa5e58e47def27534e3d005bf9/elements - {"using":"xpath","value":"//*[text()='Provide to site']"}
RESULT: {"using":"xpath","value":"//*[text()='Provide to site']"}
COMMAND: POST /session/a230b9fa5e58e47def27534e3d005bf9/elements - {"using":"xpath","value":"//*[text()='Provide to site']"}
RESULT: {"using":"xpath","value":"//*[text()='Provide to site']"}
COMMAND: POST /session/a230b9fa5e58e47def27534e3d005bf9/elements - {"using":"xpath","value":"//*[text()='Provide to site']"}
RESULT: {"using":"xpath","value":"//*[text()='Provide to site']"}
COMMAND: POST /session/a230b9fa5e58e47def27534e3d005bf9/elements - {"using":"xpath","value":"//*[text()='Provide to site']"}
RESULT: {"using":"xpath","value":"//*[text()='Provide to site']"}
COMMAND: POST /session/a230b9fa5e58e47def27534e3d005bf9/elements - {"using":"xpath","value":"//*[text()='Provide to site']"}
RESULT: {"using":"xpath","value":"//*[text()='Provide to site']"}
COMMAND: POST /session/a230b9fa5e58e47def27534e3d005bf9/elements - {"using":"xpath","value":"//*[text()='Provide to site']"}
RESULT: {"using":"xpath","value":"//*[text()='Provide to site']"}
COMMAND: POST /session/a230b9fa5e58e47def27534e3d005bf9/elements - {"using":"xpath","value":"//*[text()='Provide to site']"}
RESULT: {"using":"xpath","value":"//*[text()='Provide to site']"}
COMMAND: POST /session/a230b9fa5e58e47def27534e3d005bf9/elements - {"using":"xpath","value":"//*[text()='Provide to site']"}
RESULT: {"using":"xpath","value":"//*[text()='Provide to site']"}
COMMAND: POST /session/a230b9fa5e58e47def27534e3d005bf9/elements - {"using":"xpath","value":"//*[text()='Provide to site']"}
RESULT: {"using":"xpath","value":"//*[text()='Provide to site']"}
COMMAND: POST /session/a230b9fa5e58e47def27534e3d005bf9/elements - {"using":"xpath","value":"//*[text()='Provide to site']"}
RESULT: {"using":"xpath","value":"//*[text()='Provide to site']"}
COMMAND: POST /session/a230b9fa5e58e47def27534e3d005bf9/elements - {"using":"xpath","value":"//*[text()='Provide to site']"}
RESULT: {"using":"xpath","value":"//*[text()='Provide to site']"}
COMMAND: POST /session/a230b9fa5e58e47def27534e3d005bf9/elements - {"using":"xpath","value":"//*[text()='Provide to site']"}
RESULT: {"using":"xpath","value":"//*[text()='Provide to site']"}
COMMAND: POST /session/a230b9fa5e58e47def27534e3d005bf9/elements - {"using":"xpath","value":"//*[text()='Provide to site']"}
RESULT: {"using":"xpath","value":"//*[text()='Provide to site']"}
COMMAND: POST /session/a230b9fa5e58e47def27534e3d005bf9/elements - {"using":"xpath","value":"//*[text()='Provide to site']"}
RESULT: {"using":"xpath","value":"//*[text()='Provide to site']"}
COMMAND: POST /session/a230b9fa5e58e47def27534e3d005bf9/elements - {"using":"xpath","value":"//*[text()='Provide to site']"}
RESULT: {"using":"xpath","value":"//*[text()='Provide to site']"}
COMMAND: POST /session/a230b9fa5e58e47def27534e3d005bf9/elements - {"using":"xpath","value":"//*[text()='Provide to site']"}
RESULT: {"using":"xpath","value":"//*[text()='Provide to site']"}
COMMAND: POST /session/a230b9fa5e58e47def27534e3d005bf9/elements - {"using":"xpath","value":"//*[text()='Provide to site']"}
RESULT: {"using":"xpath","value":"//*[text()='Provide to site']"}
COMMAND: POST /session/a230b9fa5e58e47def27534e3d005bf9/elements - {"using":"xpath","value":"//*[text()='Provide to site']"}
RESULT: {"using":"xpath","value":"//*[text()='Provide to site']"}
COMMAND: POST /session/a230b9fa5e58e47def27534e3d005bf9/elements - {"using":"xpath","value":"//*[text()='Provide to site']"}
RESULT: {"using":"xpath","value":"//*[text()='Provide to site']"}
COMMAND: POST /session/a230b9fa5e58e47def27534e3d005bf9/elements - {"using":"xpath","value":"//*[text()='Provide to site']"}
RESULT: {"using":"xpath","value":"//*[text()='Provide to site']"}
COMMAND: POST /session/a230b9fa5e58e47def27534e3d005bf9/elements - {"using":"xpath","value":"//*[text()='Provide to site']"}
RESULT: {"using":"xpath","value":"//*[text()='Provide to site']"}
COMMAND: POST /session/a230b9fa5e58e47def27534e3d005bf9/elements - {"using":"xpath","value":"//*[text()='Provide to site']"}
RESULT: {"using":"xpath","value":"//*[text()='Provide to site']"}
COMMAND: POST /session/a230b9fa5e58e47def27534e3d005bf9/elements - {"using":"xpath","value":"//*[text()='Provide to site']"}
RESULT: {"using":"xpath","value":"//*[text()='Provide to site']"}
COMMAND: POST /session/a230b9fa5e58e47def27534e3d005bf9/elements - {"using":"xpath","value":"//*[text()='Provide to site']"}
RESULT: {"using":"xpath","value":"//*[text()='Provide to site']"}
COMMAND: POST /session/a230b9fa5e58e47def27534e3d005bf9/elements - {"using":"xpath","value":"//*[text()='Provide to site']"}
RESULT: {"using":"xpath","value":"//*[text()='Provide to site']"}
COMMAND: POST /session/a230b9fa5e58e47def27534e3d005bf9/elements - {"using":"xpath","value":"//*[text()='Provide to site']"}
RESULT: {"using":"xpath","value":"//*[text()='Provide to site']"}
COMMAND: POST /session/a230b9fa5e58e47def27534e3d005bf9/elements - {"using":"xpath","value":"//*[text()='Provide to site']"}
RESULT: {"using":"xpath","value":"//*[text()='Provide to site']"}
COMMAND: POST /session/a230b9fa5e58e47def27534e3d005bf9/elements - {"using":"xpath","value":"//*[text()='Provide to site']"}
RESULT: {"using":"xpath","value":"//*[text()='Provide to site']"}
COMMAND: POST /session/a230b9fa5e58e47def27534e3d005bf9/elements - {"using":"xpath","value":"//*[text()='Provide to site']"}
RESULT: {"using":"xpath","value":"//*[text()='Provide to site']"}
COMMAND: POST /session/a230b9fa5e58e47def27534e3d005bf9/elements - {"using":"xpath","value":"//*[text()='Provide to site']"}
RESULT: {"using":"xpath","value":"//*[text()='Provide to site']"}
COMMAND: POST /session/a230b9fa5e58e47def27534e3d005bf9/elements - {"using":"xpath","value":"//*[text()='Provide to site']"}
RESULT: {"using":"xpath","value":"//*[text()='Provide to site']"}
COMMAND: POST /session/a230b9fa5e58e47def27534e3d005bf9/elements - {"using":"xpath","value":"//*[text()='Provide to site']"}
RESULT: {"using":"xpath","value":"//*[text()='Provide to site']"}
COMMAND: POST /session/a230b9fa5e58e47def27534e3d005bf9/elements - {"using":"xpath","value":"//*[text()='Provide to site']"}
RESULT: {"using":"xpath","value":"//*[text()='Provide to site']"}
COMMAND: POST /session/a230b9fa5e58e47def27534e3d005bf9/elements - {"using":"xpath","value":"//*[text()='Provide to site']"}
RESULT: {"using":"xpath","value":"//*[text()='Provide to site']"}
COMMAND: POST /session/a230b9fa5e58e47def27534e3d005bf9/elements - {"using":"xpath","value":"//*[text()='Provide to site']"}
RESULT: {"using":"xpath","value":"//*[text()='Provide to site']"}
COMMAND: POST /session/a230b9fa5e58e47def27534e3d005bf9/elements - {"using":"xpath","value":"//*[text()='Provide to site']"}
RESULT: {"using":"xpath","value":"//*[text()='Provide to site']"}
COMMAND: POST /session/a230b9fa5e58e47def27534e3d005bf9/elements - {"using":"xpath","value":"//*[text()='Provide to site']"}
RESULT: {"using":"xpath","value":"//*[text()='Provide to site']"}
COMMAND: POST /session/a230b9fa5e58e47def27534e3d005bf9/elements - {"using":"xpath","value":"//*[text()='Provide to site']"}
RESULT: {"using":"xpath","value":"//*[text()='Provide to site']"}
COMMAND: POST /session/a230b9fa5e58e47def27534e3d005bf9/elements - {"using":"xpath","value":"//*[text()='Provide to site']"}
RESULT: {"using":"xpath","value":"//*[text()='Provide to site']"}
COMMAND: POST /session/a230b9fa5e58e47def27534e3d005bf9/elements - {"using":"xpath","value":"//*[text()='Provide to site']"}
RESULT: {"using":"xpath","value":"//*[text()='Provide to site']"}
COMMAND: POST /session/a230b9fa5e58e47def27534e3d005bf9/elements - {"using":"xpath","value":"//*[text()='Provide to site']"}
RESULT: {"using":"xpath","value":"//*[text()='Provide to site']"}
COMMAND: POST /session/a230b9fa5e58e47def27534e3d005bf9/elements - {"using":"xpath","value":"//*[text()='Provide to site']"}
RESULT: {"using":"xpath","value":"//*[text()='Provide to site']"}
COMMAND: POST /session/a230b9fa5e58e47def27534e3d005bf9/elements - {"using":"xpath","value":"//*[text()='Provide to site']"}
RESULT: {"using":"xpath","value":"//*[text()='Provide to site']"}
COMMAND: POST /session/a230b9fa5e58e47def27534e3d005bf9/elements - {"using":"xpath","value":"//*[text()='Provide to site']"}
RESULT: {"using":"xpath","value":"//*[text()='Provide to site']"}
COMMAND: POST /session/a230b9fa5e58e47def27534e3d005bf9/elements - {"using":"xpath","value":"//*[text()='Provide to site']"}
RESULT: {"using":"xpath","value":"//*[text()='Provide to site']"}
COMMAND: POST /session/a230b9fa5e58e47def27534e3d005bf9/elements - {"using":"xpath","value":"//*[text()='Provide to site']"}
RESULT: {"using":"xpath","value":"//*[text()='Provide to site']"}
COMMAND: POST /session/a230b9fa5e58e47def27534e3d005bf9/elements - {"using":"xpath","value":"//*[text()='Provide to site']"}
RESULT: {"using":"xpath","value":"//*[text()='Provide to site']"}
COMMAND: POST /session/a230b9fa5e58e47def27534e3d005bf9/elements - {"using":"xpath","value":"//*[text()='Provide to site']"}
RESULT: {"using":"xpath","value":"//*[text()='Provide to site']"}
COMMAND: POST /session/a230b9fa5e58e47def27534e3d005bf9/elements - {"using":"xpath","value":"//*[text()='Provide to site']"}
RESULT: {"using":"xpath","value":"//*[text()='Provide to site']"}
COMMAND: POST /session/a230b9fa5e58e47def27534e3d005bf9/elements - {"using":"xpath","value":"//*[text()='Provide to site']"}
RESULT: {"using":"xpath","value":"//*[text()='Provide to site']"}
COMMAND: POST /session/a230b9fa5e58e47def27534e3d005bf9/elements - {"using":"xpath","value":"//*[text()='Provide to site']"}
RESULT: {"using":"xpath","value":"//*[text()='Provide to site']"}
COMMAND: POST /session/a230b9fa5e58e47def27534e3d005bf9/elements - {"using":"xpath","value":"//*[text()='Provide to site']"}
RESULT: {"using":"xpath","value":"//*[text()='Provide to site']"}
COMMAND: POST /session/a230b9fa5e58e47def27534e3d005bf9/elements - {"using":"xpath","value":"//*[text()='Provide to site']"}
RESULT: {"using":"xpath","value":"//*[text()='Provide to site']"}
COMMAND: POST /session/a230b9fa5e58e47def27534e3d005bf9/elements - {"using":"xpath","value":"//*[text()='Provide to site']"}
RESULT: {"using":"xpath","value":"//*[text()='Provide to site']"}
COMMAND: POST /session/a230b9fa5e58e47def27534e3d005bf9/elements - {"using":"xpath","value":"//*[text()='Provide to site']"}
RESULT: {"using":"xpath","value":"//*[text()='Provide to site']"}
COMMAND: POST /session/a230b9fa5e58e47def27534e3d005bf9/elements - {"using":"xpath","value":"//*[text()='Provide to site']"}
RESULT: {"using":"xpath","value":"//*[text()='Provide to site']"}
COMMAND: POST /session/a230b9fa5e58e47def27534e3d005bf9/elements - {"using":"xpath","value":"//*[text()='Provide to site']"}
RESULT: {"using":"xpath","value":"//*[text()='Provide to site']"}
COMMAND: POST /session/a230b9fa5e58e47def27534e3d005bf9/elements - {"using":"xpath","value":"//*[text()='Provide to site']"}
RESULT: {"using":"xpath","value":"//*[text()='Provide to site']"}
COMMAND: POST /session/a230b9fa5e58e47def27534e3d005bf9/elements - {"using":"xpath","value":"//*[text()='Provide to site']"}
RESULT: {"using":"xpath","value":"//*[text()='Provide to site']"}
COMMAND: POST /session/a230b9fa5e58e47def27534e3d005bf9/elements - {"using":"xpath","value":"//*[text()='Provide to site']"}
RESULT: {"using":"xpath","value":"//*[text()='Provide to site']"}
COMMAND: POST /session/a230b9fa5e58e47def27534e3d005bf9/elements - {"using":"xpath","value":"//*[text()='Provide to site']"}
RESULT: {"using":"xpath","value":"//*[text()='Provide to site']"}
COMMAND: POST /session/a230b9fa5e58e47def27534e3d005bf9/elements - {"using":"xpath","value":"//*[text()='Provide to site']"}
RESULT: {"using":"xpath","value":"//*[text()='Provide to site']"}
COMMAND: POST /session/a230b9fa5e58e47def27534e3d005bf9/element - {"using":"xpath","value":"//span[text()='Provide to site - Completed']"}
RESULT: {"using":"xpath","value":"//span[text()='Provide to site - Completed']"}
COMMAND: POST /session/a230b9fa5e58e47def27534e3d005bf9/elements - {"using":"xpath","value":"//span[text()='Provide to site - Completed']"}
RESULT: {"using":"xpath","value":"//span[text()='Provide to site - Completed']"}
COMMAND: POST /session/a230b9fa5e58e47def27534e3d005bf9/elements - {"using":"xpath","value":"//span[text()='Provide to site - Completed']"}
RESULT: {"using":"xpath","value":"//span[text()='Provide to site - Completed']"}
COMMAND: POST /session/a230b9fa5e58e47def27534e3d005bf9/elements - {"using":"xpath","value":"//span[text()='Provide to site - Completed']"}
RESULT: {"using":"xpath","value":"//span[text()='Provide to site - Completed']"}
COMMAND: POST /session/a230b9fa5e58e47def27534e3d005bf9/elements - {"using":"xpath","value":"//span[text()='Provide to site - Completed']"}
RESULT: {"using":"xpath","value":"//span[text()='Provide to site - Completed']"}
COMMAND: POST /session/a230b9fa5e58e47def27534e3d005bf9/elements - {"using":"xpath","value":"//span[text()='Provide to site - Completed']"}
RESULT: {"using":"xpath","value":"//span[text()='Provide to site - Completed']"}
COMMAND: POST /session/a230b9fa5e58e47def27534e3d005bf9/elements - {"using":"xpath","value":"//span[text()='Provide to site - Completed']"}
RESULT: {"using":"xpath","value":"//span[text()='Provide to site - Completed']"}
COMMAND: POST /session/a230b9fa5e58e47def27534e3d005bf9/elements - {"using":"xpath","value":"//span[text()='Provide to site - Completed']"}
RESULT: {"using":"xpath","value":"//span[text()='Provide to site - Completed']"}
COMMAND: POST /session/a230b9fa5e58e47def27534e3d005bf9/elements - {"using":"xpath","value":"//span[text()='Provide to site - Completed']"}
RESULT: {"using":"xpath","value":"//span[text()='Provide to site - Completed']"}
COMMAND: POST /session/a230b9fa5e58e47def27534e3d005bf9/elements - {"using":"xpath","value":"//span[text()='Provide to site - Completed']"}
RESULT: {"using":"xpath","value":"//span[text()='Provide to site - Completed']"}
COMMAND: POST /session/a230b9fa5e58e47def27534e3d005bf9/elements - {"using":"xpath","value":"//span[text()='Provide to site - Completed']"}
RESULT: {"using":"xpath","value":"//span[text()='Provide to site - Completed']"}
COMMAND: POST /session/a230b9fa5e58e47def27534e3d005bf9/elements - {"using":"xpath","value":"//span[text()='Provide to site - Completed']"}
RESULT: {"using":"xpath","value":"//span[text()='Provide to site - Completed']"}
COMMAND: POST /session/a230b9fa5e58e47def27534e3d005bf9/elements - {"using":"xpath","value":"//span[text()='Provide to site - Completed']"}
RESULT: {"using":"xpath","value":"//span[text()='Provide to site - Completed']"}
COMMAND: POST /session/a230b9fa5e58e47def27534e3d005bf9/elements - {"using":"xpath","value":"//span[text()='Provide to site - Completed']"}
RESULT: {"using":"xpath","value":"//span[text()='Provide to site - Completed']"}
COMMAND: POST /session/a230b9fa5e58e47def27534e3d005bf9/elements - {"using":"xpath","value":"//span[text()='Provide to site - Completed']"}
RESULT: {"using":"xpath","value":"//span[text()='Provide to site - Completed']"}
COMMAND: POST /session/a230b9fa5e58e47def27534e3d005bf9/elements - {"using":"xpath","value":"//span[text()='Provide to site - Completed']"}
RESULT: {"using":"xpath","value":"//span[text()='Provide to site - Completed']"}
COMMAND: POST /session/a230b9fa5e58e47def27534e3d005bf9/elements - {"using":"xpath","value":"//span[text()='Provide to site - Completed']"}
RESULT: {"using":"xpath","value":"//span[text()='Provide to site - Completed']"}
COMMAND: POST /session/a230b9fa5e58e47def27534e3d005bf9/elements - {"using":"xpath","value":"//span[text()='Provide to site - Completed']"}
RESULT: {"using":"xpath","value":"//span[text()='Provide to site - Completed']"}
COMMAND: POST /session/a230b9fa5e58e47def27534e3d005bf9/elements - {"using":"xpath","value":"//span[text()='Provide to site - Completed']"}
RESULT: {"using":"xpath","value":"//span[text()='Provide to site - Completed']"}
COMMAND: POST /session/a230b9fa5e58e47def27534e3d005bf9/elements - {"using":"xpath","value":"//span[text()='Provide to site - Completed']"}
RESULT: {"using":"xpath","value":"//span[text()='Provide to site - Completed']"}
COMMAND: POST /session/a230b9fa5e58e47def27534e3d005bf9/elements - {"using":"xpath","value":"//span[text()='Provide to site - Completed']"}
RESULT: {"using":"xpath","value":"//span[text()='Provide to site - Completed']"}
COMMAND: POST /session/a230b9fa5e58e47def27534e3d005bf9/elements - {"using":"xpath","value":"//span[text()='Provide to site - Completed']"}
RESULT: {"using":"xpath","value":"//span[text()='Provide to site - Completed']"}
COMMAND: POST /session/a230b9fa5e58e47def27534e3d005bf9/elements - {"using":"xpath","value":"//span[text()='Provide to site - Completed']"}
RESULT: {"using":"xpath","value":"//span[text()='Provide to site - Completed']"}
COMMAND: POST /session/a230b9fa5e58e47def27534e3d005bf9/elements - {"using":"xpath","value":"//span[text()='Provide to site - Completed']"}
RESULT: {"using":"xpath","value":"//span[text()='Provide to site - Completed']"}
COMMAND: POST /session/a230b9fa5e58e47def27534e3d005bf9/elements - {"using":"xpath","value":"//span[text()='Provide to site - Completed']"}
RESULT: {"using":"xpath","value":"//span[text()='Provide to site - Completed']"}
COMMAND: POST /session/a230b9fa5e58e47def27534e3d005bf9/elements - {"using":"xpath","value":"//span[text()='Provide to site - Completed']"}
RESULT: {"using":"xpath","value":"//span[text()='Provide to site - Completed']"}
COMMAND: POST /session/a230b9fa5e58e47def27534e3d005bf9/elements - {"using":"xpath","value":"//span[text()='Provide to site - Completed']"}
RESULT: {"using":"xpath","value":"//span[text()='Provide to site - Completed']"}
COMMAND: POST /session/a230b9fa5e58e47def27534e3d005bf9/elements - {"using":"xpath","value":"//span[text()='Provide to site - Completed']"}
RESULT: {"using":"xpath","value":"//span[text()='Provide to site - Completed']"}
COMMAND: POST /session/a230b9fa5e58e47def27534e3d005bf9/elements - {"using":"xpath","value":"//span[text()='Provide to site - Completed']"}
RESULT: {"using":"xpath","value":"//span[text()='Provide to site - Completed']"}
COMMAND: POST /session/a230b9fa5e58e47def27534e3d005bf9/elements - {"using":"xpath","value":"//span[text()='Provide to site - Completed']"}
RESULT: {"using":"xpath","value":"//span[text()='Provide to site - Completed']"}
COMMAND: POST /session/a230b9fa5e58e47def27534e3d005bf9/elements - {"using":"xpath","value":"//span[text()='Provide to site - Completed']"}
RESULT: {"using":"xpath","value":"//span[text()='Provide to site - Completed']"}
COMMAND: POST /session/a230b9fa5e58e47def27534e3d005bf9/elements - {"using":"xpath","value":"//span[text()='Provide to site - Completed']"}
RESULT: {"using":"xpath","value":"//span[text()='Provide to site - Completed']"}
COMMAND: POST /session/a230b9fa5e58e47def27534e3d005bf9/elements - {"using":"xpath","value":"//span[text()='Provide to site - Completed']"}
RESULT: {"using":"xpath","value":"//span[text()='Provide to site - Completed']"}
COMMAND: POST /session/a230b9fa5e58e47def27534e3d005bf9/elements - {"using":"xpath","value":"//span[text()='Provide to site - Completed']"}
RESULT: {"using":"xpath","value":"//span[text()='Provide to site - Completed']"}
COMMAND: POST /session/a230b9fa5e58e47def27534e3d005bf9/elements - {"using":"xpath","value":"//span[text()='Provide to site - Completed']"}
RESULT: {"using":"xpath","value":"//span[text()='Provide to site - Completed']"}
COMMAND: POST /session/a230b9fa5e58e47def27534e3d005bf9/elements - {"using":"xpath","value":"//span[text()='Provide to site - Completed']"}
RESULT: {"using":"xpath","value":"//span[text()='Provide to site - Completed']"}
COMMAND: POST /session/a230b9fa5e58e47def27534e3d005bf9/elements - {"using":"xpath","value":"//span[text()='Provide to site - Completed']"}
RESULT: {"using":"xpath","value":"//span[text()='Provide to site - Completed']"}
COMMAND: POST /session/a230b9fa5e58e47def27534e3d005bf9/elements - {"using":"xpath","value":"//span[text()='Provide to site - Completed']"}
RESULT: {"using":"xpath","value":"//span[text()='Provide to site - Completed']"}
COMMAND: POST /session/a230b9fa5e58e47def27534e3d005bf9/elements - {"using":"xpath","value":"//span[text()='Provide to site - Completed']"}
RESULT: {"using":"xpath","value":"//span[text()='Provide to site - Completed']"}
COMMAND: POST /session/a230b9fa5e58e47def27534e3d005bf9/elements - {"using":"xpath","value":"//span[text()='Provide to site - Completed']"}
RESULT: {"using":"xpath","value":"//span[text()='Provide to site - Completed']"}
COMMAND: POST /session/a230b9fa5e58e47def27534e3d005bf9/elements - {"using":"xpath","value":"//span[text()='Provide to site - Completed']"}
RESULT: {"using":"xpath","value":"//span[text()='Provide to site - Completed']"}
COMMAND: POST /session/a230b9fa5e58e47def27534e3d005bf9/elements - {"using":"xpath","value":"//span[text()='Provide to site - Completed']"}
RESULT: {"using":"xpath","value":"//span[text()='Provide to site - Completed']"}
COMMAND: POST /session/a230b9fa5e58e47def27534e3d005bf9/elements - {"using":"xpath","value":"//span[text()='Provide to site - Completed']"}
RESULT: {"using":"xpath","value":"//span[text()='Provide to site - Completed']"}
COMMAND: POST /session/a230b9fa5e58e47def27534e3d005bf9/elements - {"using":"xpath","value":"//span[text()='Provide to site - Completed']"}
RESULT: {"using":"xpath","value":"//span[text()='Provide to site - Completed']"}
COMMAND: POST /session/a230b9fa5e58e47def27534e3d005bf9/elements - {"using":"xpath","value":"//span[text()='Provide to site - Completed']"}
RESULT: {"using":"xpath","value":"//span[text()='Provide to site - Completed']"}
COMMAND: POST /session/a230b9fa5e58e47def27534e3d005bf9/elements - {"using":"xpath","value":"//span[text()='Provide to site - Completed']"}
RESULT: {"using":"xpath","value":"//span[text()='Provide to site - Completed']"}
COMMAND: POST /session/a230b9fa5e58e47def27534e3d005bf9/elements - {"using":"xpath","value":"//span[text()='Provide to site - Completed']"}
RESULT: {"using":"xpath","value":"//span[text()='Provide to site - Completed']"}
COMMAND: POST /session/a230b9fa5e58e47def27534e3d005bf9/elements - {"using":"xpath","value":"//span[text()='Provide to site - Completed']"}
RESULT: {"using":"xpath","value":"//span[text()='Provide to site - Completed']"}
COMMAND: POST /session/a230b9fa5e58e47def27534e3d005bf9/elements - {"using":"xpath","value":"//span[text()='Provide to site - Completed']"}
RESULT: {"using":"xpath","value":"//span[text()='Provide to site - Completed']"}
COMMAND: POST /session/a230b9fa5e58e47def27534e3d005bf9/elements - {"using":"xpath","value":"//span[text()='Provide to site - Completed']"}
RESULT: {"using":"xpath","value":"//span[text()='Provide to site - Completed']"}
COMMAND: POST /session/a230b9fa5e58e47def27534e3d005bf9/elements - {"using":"xpath","value":"//span[text()='Provide to site - Completed']"}
RESULT: {"using":"xpath","value":"//span[text()='Provide to site - Completed']"}
COMMAND: POST /session/a230b9fa5e58e47def27534e3d005bf9/elements - {"using":"xpath","value":"//span[text()='Provide to site - Completed']"}
RESULT: {"using":"xpath","value":"//span[text()='Provide to site - Completed']"}
COMMAND: POST /session/a230b9fa5e58e47def27534e3d005bf9/elements - {"using":"xpath","value":"//span[text()='Provide to site - Completed']"}
RESULT: {"using":"xpath","value":"//span[text()='Provide to site - Completed']"}
COMMAND: POST /session/a230b9fa5e58e47def27534e3d005bf9/elements - {"using":"xpath","value":"//span[text()='Provide to site - Completed']"}
RESULT: {"using":"xpath","value":"//span[text()='Provide to site - Completed']"}
COMMAND: POST /session/a230b9fa5e58e47def27534e3d005bf9/elements - {"using":"xpath","value":"//span[text()='Provide to site - Completed']"}
RESULT: {"using":"xpath","value":"//span[text()='Provide to site - Completed']"}
COMMAND: POST /session/a230b9fa5e58e47def27534e3d005bf9/elements - {"using":"xpath","value":"//span[text()='Provide to site - Completed']"}
RESULT: {"using":"xpath","value":"//span[text()='Provide to site - Completed']"}
COMMAND: POST /session/a230b9fa5e58e47def27534e3d005bf9/elements - {"using":"xpath","value":"//span[text()='Provide to site - Completed']"}
RESULT: {"using":"xpath","value":"//span[text()='Provide to site - Completed']"}
COMMAND: POST /session/a230b9fa5e58e47def27534e3d005bf9/elements - {"using":"xpath","value":"//span[text()='Provide to site - Completed']"}
RESULT: {"using":"xpath","value":"//span[text()='Provide to site - Completed']"}
COMMAND: POST /session/a230b9fa5e58e47def27534e3d005bf9/elements - {"using":"xpath","value":"//span[text()='Provide to site - Completed']"}
RESULT: {"using":"xpath","value":"//span[text()='Provide to site - Completed']"}
COMMAND: POST /session/a230b9fa5e58e47def27534e3d005bf9/elements - {"using":"xpath","value":"//span[text()='Provide to site - Completed']"}
RESULT: {"using":"xpath","value":"//span[text()='Provide to site - Completed']"}
COMMAND: POST /session/a230b9fa5e58e47def27534e3d005bf9/elements - {"using":"xpath","value":"//span[text()='Provide to site - Completed']"}
RESULT: {"using":"xpath","value":"//span[text()='Provide to site - Completed']"}
COMMAND: POST /session/a230b9fa5e58e47def27534e3d005bf9/elements - {"using":"xpath","value":"//span[text()='Provide to site - Completed']"}
RESULT: {"using":"xpath","value":"//span[text()='Provide to site - Completed']"}
COMMAND: POST /session/a230b9fa5e58e47def27534e3d005bf9/elements - {"using":"xpath","value":"//span[text()='Provide to site - Completed']"}
RESULT: {"using":"xpath","value":"//span[text()='Provide to site - Completed']"}
COMMAND: POST /session/a230b9fa5e58e47def27534e3d005bf9/elements - {"using":"xpath","value":"//span[text()='Provide to site - Completed']"}
RESULT: {"using":"xpath","value":"//span[text()='Provide to site - Completed']"}
COMMAND: POST /session/a230b9fa5e58e47def27534e3d005bf9/elements - {"using":"xpath","value":"//span[text()='Provide to site - Completed']"}
RESULT: {"using":"xpath","value":"//span[text()='Provide to site - Completed']"}
COMMAND: POST /session/a230b9fa5e58e47def27534e3d005bf9/elements - {"using":"xpath","value":"//span[text()='Provide to site - Completed']"}
RESULT: {"using":"xpath","value":"//span[text()='Provide to site - Completed']"}
COMMAND: POST /session/a230b9fa5e58e47def27534e3d005bf9/elements - {"using":"xpath","value":"//span[text()='Provide to site - Completed']"}
RESULT: {"using":"xpath","value":"//span[text()='Provide to site - Completed']"}
COMMAND: POST /session/a230b9fa5e58e47def27534e3d005bf9/elements - {"using":"xpath","value":"//span[text()='Provide to site - Completed']"}
RESULT: {"using":"xpath","value":"//span[text()='Provide to site - Completed']"}
COMMAND: POST /session/a230b9fa5e58e47def27534e3d005bf9/elements - {"using":"xpath","value":"//span[text()='Provide to site - Completed']"}
RESULT: {"using":"xpath","value":"//span[text()='Provide to site - Completed']"}
COMMAND: POST /session/a230b9fa5e58e47def27534e3d005bf9/elements - {"using":"xpath","value":"//span[text()='Provide to site - Completed']"}
RESULT: {"using":"xpath","value":"//span[text()='Provide to site - Completed']"}
COMMAND: POST /session/a230b9fa5e58e47def27534e3d005bf9/elements - {"using":"xpath","value":"//span[text()='Provide to site - Completed']"}
RESULT: {"using":"xpath","value":"//span[text()='Provide to site - Completed']"}
COMMAND: POST /session/a230b9fa5e58e47def27534e3d005bf9/elements - {"using":"xpath","value":"//span[text()='Provide to site - Completed']"}
RESULT: {"using":"xpath","value":"//span[text()='Provide to site - Completed']"}
COMMAND: POST /session/a230b9fa5e58e47def27534e3d005bf9/elements - {"using":"xpath","value":"//span[text()='Provide to site - Completed']"}
RESULT: {"using":"xpath","value":"//span[text()='Provide to site - Completed']"}
COMMAND: POST /session/a230b9fa5e58e47def27534e3d005bf9/elements - {"using":"xpath","value":"//span[text()='Provide to site - Completed']"}
RESULT: {"using":"xpath","value":"//span[text()='Provide to site - Completed']"}
COMMAND: POST /session/a230b9fa5e58e47def27534e3d005bf9/elements - {"using":"xpath","value":"//span[text()='Provide to site - Completed']"}
RESULT: {"using":"xpath","value":"//span[text()='Provide to site - Completed']"}
COMMAND: POST /session/a230b9fa5e58e47def27534e3d005bf9/elements - {"using":"xpath","value":"//span[text()='Provide to site - Completed']"}
RESULT: {"using":"xpath","value":"//span[text()='Provide to site - Completed']"}
COMMAND: POST /session/a230b9fa5e58e47def27534e3d005bf9/elements - {"using":"xpath","value":"//span[text()='Provide to site - Completed']"}
RESULT: {"using":"xpath","value":"//span[text()='Provide to site - Completed']"}
COMMAND: POST /session/a230b9fa5e58e47def27534e3d005bf9/elements - {"using":"xpath","value":"//span[text()='Provide to site - Completed']"}
RESULT: {"using":"xpath","value":"//span[text()='Provide to site - Completed']"}
COMMAND: POST /session/a230b9fa5e58e47def27534e3d005bf9/elements - {"using":"xpath","value":"//span[text()='Provide to site - Completed']"}
RESULT: {"using":"xpath","value":"//span[text()='Provide to site - Completed']"}
COMMAND: POST /session/a230b9fa5e58e47def27534e3d005bf9/elements - {"using":"xpath","value":"//span[text()='Provide to site - Completed']"}
RESULT: {"using":"xpath","value":"//span[text()='Provide to site - Completed']"}
COMMAND: POST /session/a230b9fa5e58e47def27534e3d005bf9/elements - {"using":"xpath","value":"//span[text()='Provide to site - Completed']"}
RESULT: {"using":"xpath","value":"//span[text()='Provide to site - Completed']"}
COMMAND: POST /session/a230b9fa5e58e47def27534e3d005bf9/elements - {"using":"xpath","value":"//span[text()='Provide to site - Completed']"}
RESULT: {"using":"xpath","value":"//span[text()='Provide to site - Completed']"}
COMMAND: POST /session/a230b9fa5e58e47def27534e3d005bf9/elements - {"using":"xpath","value":"//span[text()='Provide to site - Completed']"}
RESULT: {"using":"xpath","value":"//span[text()='Provide to site - Completed']"}
COMMAND: POST /session/a230b9fa5e58e47def27534e3d005bf9/elements - {"using":"xpath","value":"//span[text()='Provide to site - Completed']"}
RESULT: {"using":"xpath","value":"//span[text()='Provide to site - Completed']"}
COMMAND: POST /session/a230b9fa5e58e47def27534e3d005bf9/elements - {"using":"xpath","value":"//span[text()='Provide to site - Completed']"}
RESULT: {"using":"xpath","value":"//span[text()='Provide to site - Completed']"}
COMMAND: POST /session/a230b9fa5e58e47def27534e3d005bf9/elements - {"using":"xpath","value":"//span[text()='Provide to site - Completed']"}
RESULT: {"using":"xpath","value":"//span[text()='Provide to site - Completed']"}
COMMAND: POST /session/a230b9fa5e58e47def27534e3d005bf9/elements - {"using":"xpath","value":"//span[text()='Provide to site - Completed']"}
RESULT: {"using":"xpath","value":"//span[text()='Provide to site - Completed']"}
COMMAND: POST /session/a230b9fa5e58e47def27534e3d005bf9/elements - {"using":"xpath","value":"//span[text()='Provide to site - Completed']"}
RESULT: {"using":"xpath","value":"//span[text()='Provide to site - Completed']"}
COMMAND: POST /session/a230b9fa5e58e47def27534e3d005bf9/elements - {"using":"xpath","value":"//span[text()='Provide to site - Completed']"}
RESULT: {"using":"xpath","value":"//span[text()='Provide to site - Completed']"}
COMMAND: POST /session/a230b9fa5e58e47def27534e3d005bf9/elements - {"using":"xpath","value":"//span[text()='Provide to site - Completed']"}
RESULT: {"using":"xpath","value":"//span[text()='Provide to site - Completed']"}
COMMAND: POST /session/a230b9fa5e58e47def27534e3d005bf9/elements - {"using":"xpath","value":"//span[text()='Provide to site - Completed']"}
RESULT: {"using":"xpath","value":"//span[text()='Provide to site - Completed']"}
COMMAND: POST /session/a230b9fa5e58e47def27534e3d005bf9/execute/async - {"script":"<script> [1562 bytes]","args":[{"selector":{"controlType":"sap.m.Button","viewName":"etm.portal.ui.managehandovers.view.DetailExecuteHO","i18NText":{"propertyName":"text","key":"pickQty"},"interaction":{"idSuffix":"BDI-content"}},"wdio_ui5_key":"etmportal.ui.managehandovers.view.DetailExecuteHOsap.m.Button{\"propertyName\":\"text\",\"key\":\"pickQty\"}"}]}
RESULT: {"script":"<script> [1562 bytes]","args":[{"selector":{"controlType":"sap.m.Button","viewName":"etm.portal.ui.managehandovers.view.DetailExecuteHO","i18NText":{"propertyName":"text","key":"pickQty"},"interaction":{"idSuffix":"BDI-content"}},"wdio_ui5_key":"etmportal.ui.managehandovers.view.DetailExecuteHOsap.m.Button{\"propertyName\":\"text\",\"key\":\"pickQty\"}"}]}
RESULT: undefined
COMMAND: POST /session/a230b9fa5e58e47def27534e3d005bf9/execute/async - {"script":"<script> [1562 bytes]","args":[{"selector":{"controlType":"sap.m.Link","viewName":"etm.portal.ui.managehandovers.view.DetailExecuteHO","bindingPath":{"path":"","propertyPath":"/wmDoc","modelName":"warehouseMovModel"}},"wdio_ui5_key":"etmportal.ui.managehandovers.view.DetailExecuteHOsap.m.Link{\"path\":\"\",\"propertyPath\":\"/wmDoc\",\"modelName\":\"warehouseMovModel\"}"}]}
RESULT: {"script":"<script> [1562 bytes]","args":[{"selector":{"controlType":"sap.m.Link","viewName":"etm.portal.ui.managehandovers.view.DetailExecuteHO","bindingPath":{"path":"","propertyPath":"/wmDoc","modelName":"warehouseMovModel"}},"wdio_ui5_key":"etmportal.ui.managehandovers.view.DetailExecuteHOsap.m.Link{\"path\":\"\",\"propertyPath\":\"/wmDoc\",\"modelName\":\"warehouseMovModel\"}"}]}
RESULT: undefined
COMMAND: POST /session/a230b9fa5e58e47def27534e3d005bf9/execute/async - {"script":"<script> [1562 bytes]","args":[{"selector":{"controlType":"sap.m.Link","viewName":"etm.portal.ui.managehandovers.view.DetailExecuteHO","properties":{"text":"Warehouse Overview"},"searchOpenDialogs":true},"wdio_ui5_key":"etmportal.ui.managehandovers.view.DetailExecuteHOsap.m.Link{\"text\":\"Warehouse Overview\"}"}]}
RESULT: {"script":"<script> [1562 bytes]","args":[{"selector":{"controlType":"sap.m.Link","viewName":"etm.portal.ui.managehandovers.view.DetailExecuteHO","properties":{"text":"Warehouse Overview"},"searchOpenDialogs":true},"wdio_ui5_key":"etmportal.ui.managehandovers.view.DetailExecuteHOsap.m.Link{\"text\":\"Warehouse Overview\"}"}]}
RESULT: undefined
COMMAND: POST /session/a230b9fa5e58e47def27534e3d005bf9/execute/async - {"script":"<script> [1562 bytes]","args":[{"selector":{"controlType":"sap.m.Button","viewName":"etm.portal.ui.warehousemovements.view.DisplayMovement","viewId":"application-warehousemovements-display-component---displayMovement","i18NText":{"propertyName":"text","key":"execution"},"interaction":{"idSuffix":"BDI-content"}},"wdio_ui5_key":"etmportal.ui.warehousemovements.view.DisplayMovementsap.m.Button{\"propertyName\":\"text\",\"key\":\"execution\"}"}]}
RESULT: {"script":"<script> [1562 bytes]","args":[{"selector":{"controlType":"sap.m.Button","viewName":"etm.portal.ui.warehousemovements.view.DisplayMovement","viewId":"application-warehousemovements-display-component---displayMovement","i18NText":{"propertyName":"text","key":"execution"},"interaction":{"idSuffix":"BDI-content"}},"wdio_ui5_key":"etmportal.ui.warehousemovements.view.DisplayMovementsap.m.Button{\"propertyName\":\"text\",\"key\":\"execution\"}"}]}
RESULT: undefined
COMMAND: POST /session/a230b9fa5e58e47def27534e3d005bf9/execute/async - {"script":"<script> [1562 bytes]","args":[{"selector":{"controlType":"sap.m.Button","viewName":"etm.portal.ui.warehousemovements.view.ExecuteMovement","viewId":"application-warehousemovements-display-component---executeMovement","properties":{"text":"Items"},"interaction":{"idSuffix":"BDI-content"}},"wdio_ui5_key":"etmportal.ui.warehousemovements.view.ExecuteMovementsap.m.Button{\"text\":\"Items\"}"}]}
RESULT: {"script":"<script> [1562 bytes]","args":[{"selector":{"controlType":"sap.m.Button","viewName":"etm.portal.ui.warehousemovements.view.ExecuteMovement","viewId":"application-warehousemovements-display-component---executeMovement","properties":{"text":"Items"},"interaction":{"idSuffix":"BDI-content"}},"wdio_ui5_key":"etmportal.ui.warehousemovements.view.ExecuteMovementsap.m.Button{\"text\":\"Items\"}"}]}
RESULT: undefined
COMMAND: POST /session/a230b9fa5e58e47def27534e3d005bf9/execute/async - {"script":"<script> [1562 bytes]","args":[{"selector":{"controlType":"sap.m.ToggleButton","viewName":"etm.portal.ui.warehousemovements.view.ExecuteMovement","viewId":"application-warehousemovements-display-component---executeMovement","bindingPath":{"propertyPath":"STATUS","modelName":"catalogModel"},"interaction":{"idSuffix":"BDI-content"}},"wdio_ui5_key":"etmportal.ui.warehousemovements.view.ExecuteMovementsap.m.ToggleButton{\"propertyPath\":\"STATUS\",\"modelName\":\"catalogModel\"}"}]}
RESULT: {"script":"<script> [1562 bytes]","args":[{"selector":{"controlType":"sap.m.ToggleButton","viewName":"etm.portal.ui.warehousemovements.view.ExecuteMovement","viewId":"application-warehousemovements-display-component---executeMovement","bindingPath":{"propertyPath":"STATUS","modelName":"catalogModel"},"interaction":{"idSuffix":"BDI-content"}},"wdio_ui5_key":"etmportal.ui.warehousemovements.view.ExecuteMovementsap.m.ToggleButton{\"propertyPath\":\"STATUS\",\"modelName\":\"catalogModel\"}"}]}
RESULT: undefined
RESULT: undefined
RESULT: undefined
COMMAND: POST /session/a230b9fa5e58e47def27534e3d005bf9/execute/async - {"script":"<script> [1562 bytes]","args":[{"selector":{"id":"application-warehousemovements-display-component---executeMovement--executeId","interaction":{"idSuffix":"BDI-content"}},"wdio_ui5_key":"applicationwarehousemovements-display-component---executeMovement--executeId"}]}
RESULT: {"script":"<script> [1562 bytes]","args":[{"selector":{"id":"application-warehousemovements-display-component---executeMovement--executeId","interaction":{"idSuffix":"BDI-content"}},"wdio_ui5_key":"applicationwarehousemovements-display-component---executeMovement--executeId"}]}
RESULT: undefined
COMMAND: POST /session/a230b9fa5e58e47def27534e3d005bf9/element - {"using":"css selector","value":"#shell-header-logo"}
RESULT: {"using":"css selector","value":"#shell-header-logo"}
COMMAND: POST /session/a230b9fa5e58e47def27534e3d005bf9/element/f.5A792F38359A1C743AD3061B3E5B94B4.d.B286A071C943F0690DEB1A391FD67D9B.e.17647/click - {}
RESULT: {}
COMMAND: GET /session/a230b9fa5e58e47def27534e3d005bf9/screenshot - {}
RESULT: {}
RESULT: undefined
COMMAND: POST /session/a230b9fa5e58e47def27534e3d005bf9/element - {"using":"xpath","value":"//*[@id=\"__tile131\"]"}
RESULT: {"using":"xpath","value":"//*[@id=\"__tile131\"]"}
COMMAND: POST /session/a230b9fa5e58e47def27534e3d005bf9/element/f.5A792F38359A1C743AD3061B3E5B94B4.d.B286A071C943F0690DEB1A391FD67D9B.e.16902/click - {}
RESULT: {}
COMMAND: GET /session/a230b9fa5e58e47def27534e3d005bf9/screenshot - {}
RESULT: {}
COMMAND: POST /session/a230b9fa5e58e47def27534e3d005bf9/execute/async - {"script":"<script> [1562 bytes]","args":[{"selector":{"controlType":"sap.m.SearchField","viewName":"etm.portal.ui.managehandovers.view.MasterHO","bindingPath":{"propertyPath":"/_BASIC_SEARCH_FIELD","modelName":"fi1t3rM0d31"},"interaction":{"idSuffix":"I"}},"wdio_ui5_key":"etmportal.ui.managehandovers.view.MasterHOsap.m.SearchField{\"propertyPath\":\"/_BASIC_SEARCH_FIELD\",\"modelName\":\"fi1t3rM0d31\"}"}]}
RESULT: {"script":"<script> [1562 bytes]","args":[{"selector":{"controlType":"sap.m.SearchField","viewName":"etm.portal.ui.managehandovers.view.MasterHO","bindingPath":{"propertyPath":"/_BASIC_SEARCH_FIELD","modelName":"fi1t3rM0d31"},"interaction":{"idSuffix":"I"}},"wdio_ui5_key":"etmportal.ui.managehandovers.view.MasterHOsap.m.SearchField{\"propertyPath\":\"/_BASIC_SEARCH_FIELD\",\"modelName\":\"fi1t3rM0d31\"}"}]}
RESULT: undefined
COMMAND: POST /session/a230b9fa5e58e47def27534e3d005bf9/execute/async - {"script":"<script> [776 bytes]","args":[{"enterText":"30394","selector":{"controlType":"sap.m.SearchField","viewName":"etm.portal.ui.managehandovers.view.MasterHO","bindingPath":{"propertyPath":"/_BASIC_SEARCH_FIELD","modelName":"fi1t3rM0d31"},"interaction":{"idSuffix":"I"}},"clearTextFirst":true,"interactionType":"ENTER_TEXT"}]}
RESULT: {"script":"<script> [776 bytes]","args":[{"enterText":"30394","selector":{"controlType":"sap.m.SearchField","viewName":"etm.portal.ui.managehandovers.view.MasterHO","bindingPath":{"propertyPath":"/_BASIC_SEARCH_FIELD","modelName":"fi1t3rM0d31"},"interaction":{"idSuffix":"I"}},"clearTextFirst":true,"interactionType":"ENTER_TEXT"}]}
COMMAND: POST /session/a230b9fa5e58e47def27534e3d005bf9/actions - {"actions":[{"id":"action78","type":"key","parameters":{},"actions":[{"type":"keyDown","value":"î€‡"},{"type":"pause","duration":10},{"type":"keyUp","value":"î€‡"}]}]}
RESULT: {"actions":[{"id":"action78","type":"key","parameters":{},"actions":[{"type":"keyDown","value":"î€‡"},{"type":"pause","duration":10},{"type":"keyUp","value":"î€‡"}]}]}
COMMAND: GET /session/a230b9fa5e58e47def27534e3d005bf9/screenshot - {}
RESULT: {}
RESULT: undefined
COMMAND: POST /session/a230b9fa5e58e47def27534e3d005bf9/element - {"using":"xpath","value":"//*[@id=\"__item2612-__clone7729-imgNav\"]"}
RESULT: {"using":"xpath","value":"//*[@id=\"__item2612-__clone7729-imgNav\"]"}
COMMAND: POST /session/a230b9fa5e58e47def27534e3d005bf9/elements - {"using":"xpath","value":"//*[@id=\"__item2612-__clone7729-imgNav\"]"}
RESULT: {"using":"xpath","value":"//*[@id=\"__item2612-__clone7729-imgNav\"]"}
COMMAND: POST /session/a230b9fa5e58e47def27534e3d005bf9/elements - {"using":"xpath","value":"//*[@id=\"__item2612-__clone7729-imgNav\"]"}
RESULT: {"using":"xpath","value":"//*[@id=\"__item2612-__clone7729-imgNav\"]"}
COMMAND: POST /session/a230b9fa5e58e47def27534e3d005bf9/elements - {"using":"xpath","value":"//*[@id=\"__item2612-__clone7729-imgNav\"]"}
RESULT: {"using":"xpath","value":"//*[@id=\"__item2612-__clone7729-imgNav\"]"}
COMMAND: POST /session/a230b9fa5e58e47def27534e3d005bf9/elements - {"using":"xpath","value":"//*[@id=\"__item2612-__clone7729-imgNav\"]"}
RESULT: {"using":"xpath","value":"//*[@id=\"__item2612-__clone7729-imgNav\"]"}
COMMAND: POST /session/a230b9fa5e58e47def27534e3d005bf9/elements - {"using":"xpath","value":"//*[@id=\"__item2612-__clone7729-imgNav\"]"}
RESULT: {"using":"xpath","value":"//*[@id=\"__item2612-__clone7729-imgNav\"]"}
COMMAND: POST /session/a230b9fa5e58e47def27534e3d005bf9/elements - {"using":"xpath","value":"//*[@id=\"__item2612-__clone7729-imgNav\"]"}
RESULT: {"using":"xpath","value":"//*[@id=\"__item2612-__clone7729-imgNav\"]"}
COMMAND: POST /session/a230b9fa5e58e47def27534e3d005bf9/elements - {"using":"xpath","value":"//*[@id=\"__item2612-__clone7729-imgNav\"]"}
RESULT: {"using":"xpath","value":"//*[@id=\"__item2612-__clone7729-imgNav\"]"}
COMMAND: POST /session/a230b9fa5e58e47def27534e3d005bf9/elements - {"using":"xpath","value":"//*[@id=\"__item2612-__clone7729-imgNav\"]"}
RESULT: {"using":"xpath","value":"//*[@id=\"__item2612-__clone7729-imgNav\"]"}
COMMAND: POST /session/a230b9fa5e58e47def27534e3d005bf9/elements - {"using":"xpath","value":"//*[@id=\"__item2612-__clone7729-imgNav\"]"}
RESULT: {"using":"xpath","value":"//*[@id=\"__item2612-__clone7729-imgNav\"]"}
COMMAND: POST /session/a230b9fa5e58e47def27534e3d005bf9/elements - {"using":"xpath","value":"//*[@id=\"__item2612-__clone7729-imgNav\"]"}
RESULT: {"using":"xpath","value":"//*[@id=\"__item2612-__clone7729-imgNav\"]"}
COMMAND: POST /session/a230b9fa5e58e47def27534e3d005bf9/elements - {"using":"xpath","value":"//*[@id=\"__item2612-__clone7729-imgNav\"]"}
RESULT: {"using":"xpath","value":"//*[@id=\"__item2612-__clone7729-imgNav\"]"}
COMMAND: POST /session/a230b9fa5e58e47def27534e3d005bf9/elements - {"using":"xpath","value":"//*[@id=\"__item2612-__clone7729-imgNav\"]"}
RESULT: {"using":"xpath","value":"//*[@id=\"__item2612-__clone7729-imgNav\"]"}
COMMAND: POST /session/a230b9fa5e58e47def27534e3d005bf9/elements - {"using":"xpath","value":"//*[@id=\"__item2612-__clone7729-imgNav\"]"}
RESULT: {"using":"xpath","value":"//*[@id=\"__item2612-__clone7729-imgNav\"]"}
COMMAND: POST /session/a230b9fa5e58e47def27534e3d005bf9/elements - {"using":"xpath","value":"//*[@id=\"__item2612-__clone7729-imgNav\"]"}
RESULT: {"using":"xpath","value":"//*[@id=\"__item2612-__clone7729-imgNav\"]"}
COMMAND: POST /session/a230b9fa5e58e47def27534e3d005bf9/elements - {"using":"xpath","value":"//*[@id=\"__item2612-__clone7729-imgNav\"]"}
RESULT: {"using":"xpath","value":"//*[@id=\"__item2612-__clone7729-imgNav\"]"}
COMMAND: POST /session/a230b9fa5e58e47def27534e3d005bf9/elements - {"using":"xpath","value":"//*[@id=\"__item2612-__clone7729-imgNav\"]"}
RESULT: {"using":"xpath","value":"//*[@id=\"__item2612-__clone7729-imgNav\"]"}
COMMAND: POST /session/a230b9fa5e58e47def27534e3d005bf9/elements - {"using":"xpath","value":"//*[@id=\"__item2612-__clone7729-imgNav\"]"}
RESULT: {"using":"xpath","value":"//*[@id=\"__item2612-__clone7729-imgNav\"]"}
COMMAND: POST /session/a230b9fa5e58e47def27534e3d005bf9/elements - {"using":"xpath","value":"//*[@id=\"__item2612-__clone7729-imgNav\"]"}
RESULT: {"using":"xpath","value":"//*[@id=\"__item2612-__clone7729-imgNav\"]"}
COMMAND: POST /session/a230b9fa5e58e47def27534e3d005bf9/elements - {"using":"xpath","value":"//*[@id=\"__item2612-__clone7729-imgNav\"]"}
RESULT: {"using":"xpath","value":"//*[@id=\"__item2612-__clone7729-imgNav\"]"}
COMMAND: POST /session/a230b9fa5e58e47def27534e3d005bf9/elements - {"using":"xpath","value":"//*[@id=\"__item2612-__clone7729-imgNav\"]"}
RESULT: {"using":"xpath","value":"//*[@id=\"__item2612-__clone7729-imgNav\"]"}
COMMAND: POST /session/a230b9fa5e58e47def27534e3d005bf9/elements - {"using":"xpath","value":"//*[@id=\"__item2612-__clone7729-imgNav\"]"}
RESULT: {"using":"xpath","value":"//*[@id=\"__item2612-__clone7729-imgNav\"]"}
COMMAND: POST /session/a230b9fa5e58e47def27534e3d005bf9/elements - {"using":"xpath","value":"//*[@id=\"__item2612-__clone7729-imgNav\"]"}
RESULT: {"using":"xpath","value":"//*[@id=\"__item2612-__clone7729-imgNav\"]"}
COMMAND: POST /session/a230b9fa5e58e47def27534e3d005bf9/elements - {"using":"xpath","value":"//*[@id=\"__item2612-__clone7729-imgNav\"]"}
RESULT: {"using":"xpath","value":"//*[@id=\"__item2612-__clone7729-imgNav\"]"}
COMMAND: POST /session/a230b9fa5e58e47def27534e3d005bf9/elements - {"using":"xpath","value":"//*[@id=\"__item2612-__clone7729-imgNav\"]"}
RESULT: {"using":"xpath","value":"//*[@id=\"__item2612-__clone7729-imgNav\"]"}
COMMAND: POST /session/a230b9fa5e58e47def27534e3d005bf9/elements - {"using":"xpath","value":"//*[@id=\"__item2612-__clone7729-imgNav\"]"}
RESULT: {"using":"xpath","value":"//*[@id=\"__item2612-__clone7729-imgNav\"]"}
COMMAND: POST /session/a230b9fa5e58e47def27534e3d005bf9/elements - {"using":"xpath","value":"//*[@id=\"__item2612-__clone7729-imgNav\"]"}
RESULT: {"using":"xpath","value":"//*[@id=\"__item2612-__clone7729-imgNav\"]"}
COMMAND: POST /session/a230b9fa5e58e47def27534e3d005bf9/elements - {"using":"xpath","value":"//*[@id=\"__item2612-__clone7729-imgNav\"]"}
RESULT: {"using":"xpath","value":"//*[@id=\"__item2612-__clone7729-imgNav\"]"}
COMMAND: POST /session/a230b9fa5e58e47def27534e3d005bf9/elements - {"using":"xpath","value":"//*[@id=\"__item2612-__clone7729-imgNav\"]"}
RESULT: {"using":"xpath","value":"//*[@id=\"__item2612-__clone7729-imgNav\"]"}
COMMAND: POST /session/a230b9fa5e58e47def27534e3d005bf9/elements - {"using":"xpath","value":"//*[@id=\"__item2612-__clone7729-imgNav\"]"}
RESULT: {"using":"xpath","value":"//*[@id=\"__item2612-__clone7729-imgNav\"]"}
COMMAND: POST /session/a230b9fa5e58e47def27534e3d005bf9/elements - {"using":"xpath","value":"//*[@id=\"__item2612-__clone7729-imgNav\"]"}
RESULT: {"using":"xpath","value":"//*[@id=\"__item2612-__clone7729-imgNav\"]"}
COMMAND: POST /session/a230b9fa5e58e47def27534e3d005bf9/elements - {"using":"xpath","value":"//*[@id=\"__item2612-__clone7729-imgNav\"]"}
RESULT: {"using":"xpath","value":"//*[@id=\"__item2612-__clone7729-imgNav\"]"}
COMMAND: POST /session/a230b9fa5e58e47def27534e3d005bf9/elements - {"using":"xpath","value":"//*[@id=\"__item2612-__clone7729-imgNav\"]"}
RESULT: {"using":"xpath","value":"//*[@id=\"__item2612-__clone7729-imgNav\"]"}
COMMAND: POST /session/a230b9fa5e58e47def27534e3d005bf9/elements - {"using":"xpath","value":"//*[@id=\"__item2612-__clone7729-imgNav\"]"}
RESULT: {"using":"xpath","value":"//*[@id=\"__item2612-__clone7729-imgNav\"]"}
COMMAND: POST /session/a230b9fa5e58e47def27534e3d005bf9/elements - {"using":"xpath","value":"//*[@id=\"__item2612-__clone7729-imgNav\"]"}
RESULT: {"using":"xpath","value":"//*[@id=\"__item2612-__clone7729-imgNav\"]"}
COMMAND: POST /session/a230b9fa5e58e47def27534e3d005bf9/elements - {"using":"xpath","value":"//*[@id=\"__item2612-__clone7729-imgNav\"]"}
RESULT: {"using":"xpath","value":"//*[@id=\"__item2612-__clone7729-imgNav\"]"}
COMMAND: POST /session/a230b9fa5e58e47def27534e3d005bf9/elements - {"using":"xpath","value":"//*[@id=\"__item2612-__clone7729-imgNav\"]"}
RESULT: {"using":"xpath","value":"//*[@id=\"__item2612-__clone7729-imgNav\"]"}
COMMAND: POST /session/a230b9fa5e58e47def27534e3d005bf9/elements - {"using":"xpath","value":"//*[@id=\"__item2612-__clone7729-imgNav\"]"}
RESULT: {"using":"xpath","value":"//*[@id=\"__item2612-__clone7729-imgNav\"]"}
COMMAND: POST /session/a230b9fa5e58e47def27534e3d005bf9/elements - {"using":"xpath","value":"//*[@id=\"__item2612-__clone7729-imgNav\"]"}
RESULT: {"using":"xpath","value":"//*[@id=\"__item2612-__clone7729-imgNav\"]"}
COMMAND: POST /session/a230b9fa5e58e47def27534e3d005bf9/elements - {"using":"xpath","value":"//*[@id=\"__item2612-__clone7729-imgNav\"]"}
RESULT: {"using":"xpath","value":"//*[@id=\"__item2612-__clone7729-imgNav\"]"}
COMMAND: POST /session/a230b9fa5e58e47def27534e3d005bf9/elements - {"using":"xpath","value":"//*[@id=\"__item2612-__clone7729-imgNav\"]"}
RESULT: {"using":"xpath","value":"//*[@id=\"__item2612-__clone7729-imgNav\"]"}
COMMAND: POST /session/a230b9fa5e58e47def27534e3d005bf9/elements - {"using":"xpath","value":"//*[@id=\"__item2612-__clone7729-imgNav\"]"}
RESULT: {"using":"xpath","value":"//*[@id=\"__item2612-__clone7729-imgNav\"]"}
COMMAND: POST /session/a230b9fa5e58e47def27534e3d005bf9/elements - {"using":"xpath","value":"//*[@id=\"__item2612-__clone7729-imgNav\"]"}
RESULT: {"using":"xpath","value":"//*[@id=\"__item2612-__clone7729-imgNav\"]"}
COMMAND: POST /session/a230b9fa5e58e47def27534e3d005bf9/elements - {"using":"xpath","value":"//*[@id=\"__item2612-__clone7729-imgNav\"]"}
RESULT: {"using":"xpath","value":"//*[@id=\"__item2612-__clone7729-imgNav\"]"}
COMMAND: POST /session/a230b9fa5e58e47def27534e3d005bf9/elements - {"using":"xpath","value":"//*[@id=\"__item2612-__clone7729-imgNav\"]"}
RESULT: {"using":"xpath","value":"//*[@id=\"__item2612-__clone7729-imgNav\"]"}
COMMAND: POST /session/a230b9fa5e58e47def27534e3d005bf9/elements - {"using":"xpath","value":"//*[@id=\"__item2612-__clone7729-imgNav\"]"}
RESULT: {"using":"xpath","value":"//*[@id=\"__item2612-__clone7729-imgNav\"]"}
COMMAND: POST /session/a230b9fa5e58e47def27534e3d005bf9/elements - {"using":"xpath","value":"//*[@id=\"__item2612-__clone7729-imgNav\"]"}
RESULT: {"using":"xpath","value":"//*[@id=\"__item2612-__clone7729-imgNav\"]"}
COMMAND: POST /session/a230b9fa5e58e47def27534e3d005bf9/elements - {"using":"xpath","value":"//*[@id=\"__item2612-__clone7729-imgNav\"]"}
RESULT: {"using":"xpath","value":"//*[@id=\"__item2612-__clone7729-imgNav\"]"}
COMMAND: POST /session/a230b9fa5e58e47def27534e3d005bf9/elements - {"using":"xpath","value":"//*[@id=\"__item2612-__clone7729-imgNav\"]"}
RESULT: {"using":"xpath","value":"//*[@id=\"__item2612-__clone7729-imgNav\"]"}
COMMAND: POST /session/a230b9fa5e58e47def27534e3d005bf9/elements - {"using":"xpath","value":"//*[@id=\"__item2612-__clone7729-imgNav\"]"}
RESULT: {"using":"xpath","value":"//*[@id=\"__item2612-__clone7729-imgNav\"]"}
COMMAND: POST /session/a230b9fa5e58e47def27534e3d005bf9/elements - {"using":"xpath","value":"//*[@id=\"__item2612-__clone7729-imgNav\"]"}
RESULT: {"using":"xpath","value":"//*[@id=\"__item2612-__clone7729-imgNav\"]"}
COMMAND: POST /session/a230b9fa5e58e47def27534e3d005bf9/elements - {"using":"xpath","value":"//*[@id=\"__item2612-__clone7729-imgNav\"]"}
RESULT: {"using":"xpath","value":"//*[@id=\"__item2612-__clone7729-imgNav\"]"}
COMMAND: POST /session/a230b9fa5e58e47def27534e3d005bf9/elements - {"using":"xpath","value":"//*[@id=\"__item2612-__clone7729-imgNav\"]"}
RESULT: {"using":"xpath","value":"//*[@id=\"__item2612-__clone7729-imgNav\"]"}
COMMAND: POST /session/a230b9fa5e58e47def27534e3d005bf9/elements - {"using":"xpath","value":"//*[@id=\"__item2612-__clone7729-imgNav\"]"}
RESULT: {"using":"xpath","value":"//*[@id=\"__item2612-__clone7729-imgNav\"]"}
COMMAND: POST /session/a230b9fa5e58e47def27534e3d005bf9/elements - {"using":"xpath","value":"//*[@id=\"__item2612-__clone7729-imgNav\"]"}
RESULT: {"using":"xpath","value":"//*[@id=\"__item2612-__clone7729-imgNav\"]"}
COMMAND: POST /session/a230b9fa5e58e47def27534e3d005bf9/elements - {"using":"xpath","value":"//*[@id=\"__item2612-__clone7729-imgNav\"]"}
RESULT: {"using":"xpath","value":"//*[@id=\"__item2612-__clone7729-imgNav\"]"}
COMMAND: POST /session/a230b9fa5e58e47def27534e3d005bf9/elements - {"using":"xpath","value":"//*[@id=\"__item2612-__clone7729-imgNav\"]"}
RESULT: {"using":"xpath","value":"//*[@id=\"__item2612-__clone7729-imgNav\"]"}
COMMAND: POST /session/a230b9fa5e58e47def27534e3d005bf9/elements - {"using":"xpath","value":"//*[@id=\"__item2612-__clone7729-imgNav\"]"}
RESULT: {"using":"xpath","value":"//*[@id=\"__item2612-__clone7729-imgNav\"]"}
COMMAND: POST /session/a230b9fa5e58e47def27534e3d005bf9/elements - {"using":"xpath","value":"//*[@id=\"__item2612-__clone7729-imgNav\"]"}
RESULT: {"using":"xpath","value":"//*[@id=\"__item2612-__clone7729-imgNav\"]"}
COMMAND: POST /session/a230b9fa5e58e47def27534e3d005bf9/elements - {"using":"xpath","value":"//*[@id=\"__item2612-__clone7729-imgNav\"]"}
RESULT: {"using":"xpath","value":"//*[@id=\"__item2612-__clone7729-imgNav\"]"}
COMMAND: POST /session/a230b9fa5e58e47def27534e3d005bf9/elements - {"using":"xpath","value":"//*[@id=\"__item2612-__clone7729-imgNav\"]"}
RESULT: {"using":"xpath","value":"//*[@id=\"__item2612-__clone7729-imgNav\"]"}
COMMAND: POST /session/a230b9fa5e58e47def27534e3d005bf9/elements - {"using":"xpath","value":"//*[@id=\"__item2612-__clone7729-imgNav\"]"}
RESULT: {"using":"xpath","value":"//*[@id=\"__item2612-__clone7729-imgNav\"]"}
COMMAND: POST /session/a230b9fa5e58e47def27534e3d005bf9/elements - {"using":"xpath","value":"//*[@id=\"__item2612-__clone7729-imgNav\"]"}
RESULT: {"using":"xpath","value":"//*[@id=\"__item2612-__clone7729-imgNav\"]"}
COMMAND: POST /session/a230b9fa5e58e47def27534e3d005bf9/elements - {"using":"xpath","value":"//*[@id=\"__item2612-__clone7729-imgNav\"]"}
RESULT: {"using":"xpath","value":"//*[@id=\"__item2612-__clone7729-imgNav\"]"}
COMMAND: POST /session/a230b9fa5e58e47def27534e3d005bf9/elements - {"using":"xpath","value":"//*[@id=\"__item2612-__clone7729-imgNav\"]"}
RESULT: {"using":"xpath","value":"//*[@id=\"__item2612-__clone7729-imgNav\"]"}
COMMAND: POST /session/a230b9fa5e58e47def27534e3d005bf9/elements - {"using":"xpath","value":"//*[@id=\"__item2612-__clone7729-imgNav\"]"}
RESULT: {"using":"xpath","value":"//*[@id=\"__item2612-__clone7729-imgNav\"]"}
COMMAND: POST /session/a230b9fa5e58e47def27534e3d005bf9/elements - {"using":"xpath","value":"//*[@id=\"__item2612-__clone7729-imgNav\"]"}
RESULT: {"using":"xpath","value":"//*[@id=\"__item2612-__clone7729-imgNav\"]"}
COMMAND: POST /session/a230b9fa5e58e47def27534e3d005bf9/elements - {"using":"xpath","value":"//*[@id=\"__item2612-__clone7729-imgNav\"]"}
RESULT: {"using":"xpath","value":"//*[@id=\"__item2612-__clone7729-imgNav\"]"}
COMMAND: POST /session/a230b9fa5e58e47def27534e3d005bf9/elements - {"using":"xpath","value":"//*[@id=\"__item2612-__clone7729-imgNav\"]"}
RESULT: {"using":"xpath","value":"//*[@id=\"__item2612-__clone7729-imgNav\"]"}
COMMAND: POST /session/a230b9fa5e58e47def27534e3d005bf9/elements - {"using":"xpath","value":"//*[@id=\"__item2612-__clone7729-imgNav\"]"}
RESULT: {"using":"xpath","value":"//*[@id=\"__item2612-__clone7729-imgNav\"]"}
COMMAND: POST /session/a230b9fa5e58e47def27534e3d005bf9/elements - {"using":"xpath","value":"//*[@id=\"__item2612-__clone7729-imgNav\"]"}
RESULT: {"using":"xpath","value":"//*[@id=\"__item2612-__clone7729-imgNav\"]"}
COMMAND: POST /session/a230b9fa5e58e47def27534e3d005bf9/elements - {"using":"xpath","value":"//*[@id=\"__item2612-__clone7729-imgNav\"]"}
RESULT: {"using":"xpath","value":"//*[@id=\"__item2612-__clone7729-imgNav\"]"}
COMMAND: POST /session/a230b9fa5e58e47def27534e3d005bf9/elements - {"using":"xpath","value":"//*[@id=\"__item2612-__clone7729-imgNav\"]"}
RESULT: {"using":"xpath","value":"//*[@id=\"__item2612-__clone7729-imgNav\"]"}
COMMAND: POST /session/a230b9fa5e58e47def27534e3d005bf9/elements - {"using":"xpath","value":"//*[@id=\"__item2612-__clone7729-imgNav\"]"}
RESULT: {"using":"xpath","value":"//*[@id=\"__item2612-__clone7729-imgNav\"]"}
COMMAND: POST /session/a230b9fa5e58e47def27534e3d005bf9/elements - {"using":"xpath","value":"//*[@id=\"__item2612-__clone7729-imgNav\"]"}
RESULT: {"using":"xpath","value":"//*[@id=\"__item2612-__clone7729-imgNav\"]"}
COMMAND: POST /session/a230b9fa5e58e47def27534e3d005bf9/elements - {"using":"xpath","value":"//*[@id=\"__item2612-__clone7729-imgNav\"]"}
RESULT: {"using":"xpath","value":"//*[@id=\"__item2612-__clone7729-imgNav\"]"}
COMMAND: POST /session/a230b9fa5e58e47def27534e3d005bf9/elements - {"using":"xpath","value":"//*[@id=\"__item2612-__clone7729-imgNav\"]"}
RESULT: {"using":"xpath","value":"//*[@id=\"__item2612-__clone7729-imgNav\"]"}
COMMAND: POST /session/a230b9fa5e58e47def27534e3d005bf9/elements - {"using":"xpath","value":"//*[@id=\"__item2612-__clone7729-imgNav\"]"}
RESULT: {"using":"xpath","value":"//*[@id=\"__item2612-__clone7729-imgNav\"]"}
COMMAND: POST /session/a230b9fa5e58e47def27534e3d005bf9/elements - {"using":"xpath","value":"//*[@id=\"__item2612-__clone7729-imgNav\"]"}
RESULT: {"using":"xpath","value":"//*[@id=\"__item2612-__clone7729-imgNav\"]"}
COMMAND: POST /session/a230b9fa5e58e47def27534e3d005bf9/elements - {"using":"xpath","value":"//*[@id=\"__item2612-__clone7729-imgNav\"]"}
RESULT: {"using":"xpath","value":"//*[@id=\"__item2612-__clone7729-imgNav\"]"}
COMMAND: POST /session/a230b9fa5e58e47def27534e3d005bf9/elements - {"using":"xpath","value":"//*[@id=\"__item2612-__clone7729-imgNav\"]"}
RESULT: {"using":"xpath","value":"//*[@id=\"__item2612-__clone7729-imgNav\"]"}
COMMAND: POST /session/a230b9fa5e58e47def27534e3d005bf9/elements - {"using":"xpath","value":"//*[@id=\"__item2612-__clone7729-imgNav\"]"}
RESULT: {"using":"xpath","value":"//*[@id=\"__item2612-__clone7729-imgNav\"]"}
COMMAND: POST /session/a230b9fa5e58e47def27534e3d005bf9/elements - {"using":"xpath","value":"//*[@id=\"__item2612-__clone7729-imgNav\"]"}
RESULT: {"using":"xpath","value":"//*[@id=\"__item2612-__clone7729-imgNav\"]"}
COMMAND: POST /session/a230b9fa5e58e47def27534e3d005bf9/elements - {"using":"xpath","value":"//*[@id=\"__item2612-__clone7729-imgNav\"]"}
RESULT: {"using":"xpath","value":"//*[@id=\"__item2612-__clone7729-imgNav\"]"}
COMMAND: POST /session/a230b9fa5e58e47def27534e3d005bf9/elements - {"using":"xpath","value":"//*[@id=\"__item2612-__clone7729-imgNav\"]"}
RESULT: {"using":"xpath","value":"//*[@id=\"__item2612-__clone7729-imgNav\"]"}
COMMAND: POST /session/a230b9fa5e58e47def27534e3d005bf9/elements - {"using":"xpath","value":"//*[@id=\"__item2612-__clone7729-imgNav\"]"}
RESULT: {"using":"xpath","value":"//*[@id=\"__item2612-__clone7729-imgNav\"]"}
COMMAND: POST /session/a230b9fa5e58e47def27534e3d005bf9/elements - {"using":"xpath","value":"//*[@id=\"__item2612-__clone7729-imgNav\"]"}
RESULT: {"using":"xpath","value":"//*[@id=\"__item2612-__clone7729-imgNav\"]"}
COMMAND: POST /session/a230b9fa5e58e47def27534e3d005bf9/elements - {"using":"xpath","value":"//*[@id=\"__item2612-__clone7729-imgNav\"]"}
RESULT: {"using":"xpath","value":"//*[@id=\"__item2612-__clone7729-imgNav\"]"}
COMMAND: POST /session/a230b9fa5e58e47def27534e3d005bf9/elements - {"using":"xpath","value":"//*[@id=\"__item2612-__clone7729-imgNav\"]"}
RESULT: {"using":"xpath","value":"//*[@id=\"__item2612-__clone7729-imgNav\"]"}
COMMAND: POST /session/a230b9fa5e58e47def27534e3d005bf9/elements - {"using":"xpath","value":"//*[@id=\"__item2612-__clone7729-imgNav\"]"}
RESULT: {"using":"xpath","value":"//*[@id=\"__item2612-__clone7729-imgNav\"]"}
COMMAND: POST /session/a230b9fa5e58e47def27534e3d005bf9/elements - {"using":"xpath","value":"//*[@id=\"__item2612-__clone7729-imgNav\"]"}
RESULT: {"using":"xpath","value":"//*[@id=\"__item2612-__clone7729-imgNav\"]"}
COMMAND: POST /session/a230b9fa5e58e47def27534e3d005bf9/elements - {"using":"xpath","value":"//*[@id=\"__item2612-__clone7729-imgNav\"]"}
RESULT: {"using":"xpath","value":"//*[@id=\"__item2612-__clone7729-imgNav\"]"}
COMMAND: POST /session/a230b9fa5e58e47def27534e3d005bf9/elements - {"using":"xpath","value":"//*[@id=\"__item2612-__clone7729-imgNav\"]"}
RESULT: {"using":"xpath","value":"//*[@id=\"__item2612-__clone7729-imgNav\"]"}
COMMAND: POST /session/a230b9fa5e58e47def27534e3d005bf9/elements - {"using":"xpath","value":"//*[@id=\"__item2612-__clone7729-imgNav\"]"}
RESULT: {"using":"xpath","value":"//*[@id=\"__item2612-__clone7729-imgNav\"]"}
COMMAND: POST /session/a230b9fa5e58e47def27534e3d005bf9/elements - {"using":"xpath","value":"//*[@id=\"__item2612-__clone7729-imgNav\"]"}
RESULT: {"using":"xpath","value":"//*[@id=\"__item2612-__clone7729-imgNav\"]"}
COMMAND: POST /session/a230b9fa5e58e47def27534e3d005bf9/elements - {"using":"xpath","value":"//*[@id=\"__item2612-__clone7729-imgNav\"]"}
RESULT: {"using":"xpath","value":"//*[@id=\"__item2612-__clone7729-imgNav\"]"}
COMMAND: POST /session/a230b9fa5e58e47def27534e3d005bf9/elements - {"using":"xpath","value":"//*[@id=\"__item2612-__clone7729-imgNav\"]"}
RESULT: {"using":"xpath","value":"//*[@id=\"__item2612-__clone7729-imgNav\"]"}
COMMAND: POST /session/a230b9fa5e58e47def27534e3d005bf9/elements - {"using":"xpath","value":"//*[@id=\"__item2612-__clone7729-imgNav\"]"}
RESULT: {"using":"xpath","value":"//*[@id=\"__item2612-__clone7729-imgNav\"]"}
COMMAND: POST /session/a230b9fa5e58e47def27534e3d005bf9/elements - {"using":"xpath","value":"//*[@id=\"__item2612-__clone7729-imgNav\"]"}
RESULT: {"using":"xpath","value":"//*[@id=\"__item2612-__clone7729-imgNav\"]"}
COMMAND: POST /session/a230b9fa5e58e47def27534e3d005bf9/elements - {"using":"xpath","value":"//*[@id=\"__item2612-__clone7729-imgNav\"]"}
RESULT: {"using":"xpath","value":"//*[@id=\"__item2612-__clone7729-imgNav\"]"}
COMMAND: POST /session/a230b9fa5e58e47def27534e3d005bf9/elements - {"using":"xpath","value":"//*[@id=\"__item2612-__clone7729-imgNav\"]"}
RESULT: {"using":"xpath","value":"//*[@id=\"__item2612-__clone7729-imgNav\"]"}
COMMAND: POST /session/a230b9fa5e58e47def27534e3d005bf9/elements - {"using":"xpath","value":"//*[@id=\"__item2612-__clone7729-imgNav\"]"}
RESULT: {"using":"xpath","value":"//*[@id=\"__item2612-__clone7729-imgNav\"]"}
COMMAND: POST /session/a230b9fa5e58e47def27534e3d005bf9/elements - {"using":"xpath","value":"//*[@id=\"__item2612-__clone7729-imgNav\"]"}
RESULT: {"using":"xpath","value":"//*[@id=\"__item2612-__clone7729-imgNav\"]"}
COMMAND: POST /session/a230b9fa5e58e47def27534e3d005bf9/elements - {"using":"xpath","value":"//*[@id=\"__item2612-__clone7729-imgNav\"]"}
RESULT: {"using":"xpath","value":"//*[@id=\"__item2612-__clone7729-imgNav\"]"}
COMMAND: POST /session/a230b9fa5e58e47def27534e3d005bf9/elements - {"using":"xpath","value":"//*[@id=\"__item2612-__clone7729-imgNav\"]"}
RESULT: {"using":"xpath","value":"//*[@id=\"__item2612-__clone7729-imgNav\"]"}
COMMAND: POST /session/a230b9fa5e58e47def27534e3d005bf9/elements - {"using":"xpath","value":"//*[@id=\"__item2612-__clone7729-imgNav\"]"}
RESULT: {"using":"xpath","value":"//*[@id=\"__item2612-__clone7729-imgNav\"]"}
COMMAND: POST /session/a230b9fa5e58e47def27534e3d005bf9/elements - {"using":"xpath","value":"//*[@id=\"__item2612-__clone7729-imgNav\"]"}
RESULT: {"using":"xpath","value":"//*[@id=\"__item2612-__clone7729-imgNav\"]"}
COMMAND: POST /session/a230b9fa5e58e47def27534e3d005bf9/elements - {"using":"xpath","value":"//*[@id=\"__item2612-__clone7729-imgNav\"]"}
RESULT: {"using":"xpath","value":"//*[@id=\"__item2612-__clone7729-imgNav\"]"}
COMMAND: POST /session/a230b9fa5e58e47def27534e3d005bf9/elements - {"using":"xpath","value":"//*[@id=\"__item2612-__clone7729-imgNav\"]"}
RESULT: {"using":"xpath","value":"//*[@id=\"__item2612-__clone7729-imgNav\"]"}
COMMAND: POST /session/a230b9fa5e58e47def27534e3d005bf9/elements - {"using":"xpath","value":"//*[@id=\"__item2612-__clone7729-imgNav\"]"}
RESULT: {"using":"xpath","value":"//*[@id=\"__item2612-__clone7729-imgNav\"]"}
COMMAND: POST /session/a230b9fa5e58e47def27534e3d005bf9/elements - {"using":"xpath","value":"//*[@id=\"__item2612-__clone7729-imgNav\"]"}
RESULT: {"using":"xpath","value":"//*[@id=\"__item2612-__clone7729-imgNav\"]"}
COMMAND: POST /session/a230b9fa5e58e47def27534e3d005bf9/elements - {"using":"xpath","value":"//*[@id=\"__item2612-__clone7729-imgNav\"]"}
RESULT: {"using":"xpath","value":"//*[@id=\"__item2612-__clone7729-imgNav\"]"}
COMMAND: POST /session/a230b9fa5e58e47def27534e3d005bf9/elements - {"using":"xpath","value":"//*[@id=\"__item2612-__clone7729-imgNav\"]"}
RESULT: {"using":"xpath","value":"//*[@id=\"__item2612-__clone7729-imgNav\"]"}
COMMAND: POST /session/a230b9fa5e58e47def27534e3d005bf9/elements - {"using":"xpath","value":"//*[@id=\"__item2612-__clone7729-imgNav\"]"}
RESULT: {"using":"xpath","value":"//*[@id=\"__item2612-__clone7729-imgNav\"]"}
COMMAND: POST /session/a230b9fa5e58e47def27534e3d005bf9/elements - {"using":"xpath","value":"//*[@id=\"__item2612-__clone7729-imgNav\"]"}
RESULT: {"using":"xpath","value":"//*[@id=\"__item2612-__clone7729-imgNav\"]"}
COMMAND: POST /session/a230b9fa5e58e47def27534e3d005bf9/elements - {"using":"xpath","value":"//*[@id=\"__item2612-__clone7729-imgNav\"]"}
RESULT: {"using":"xpath","value":"//*[@id=\"__item2612-__clone7729-imgNav\"]"}
COMMAND: POST /session/a230b9fa5e58e47def27534e3d005bf9/elements - {"using":"xpath","value":"//*[@id=\"__item2612-__clone7729-imgNav\"]"}
RESULT: {"using":"xpath","value":"//*[@id=\"__item2612-__clone7729-imgNav\"]"}
COMMAND: POST /session/a230b9fa5e58e47def27534e3d005bf9/elements - {"using":"xpath","value":"//*[@id=\"__item2612-__clone7729-imgNav\"]"}
RESULT: {"using":"xpath","value":"//*[@id=\"__item2612-__clone7729-imgNav\"]"}
COMMAND: POST /session/a230b9fa5e58e47def27534e3d005bf9/elements - {"using":"xpath","value":"//*[@id=\"__item2612-__clone7729-imgNav\"]"}
RESULT: {"using":"xpath","value":"//*[@id=\"__item2612-__clone7729-imgNav\"]"}
COMMAND: POST /session/a230b9fa5e58e47def27534e3d005bf9/elements - {"using":"xpath","value":"//*[@id=\"__item2612-__clone7729-imgNav\"]"}
RESULT: {"using":"xpath","value":"//*[@id=\"__item2612-__clone7729-imgNav\"]"}
COMMAND: POST /session/a230b9fa5e58e47def27534e3d005bf9/elements - {"using":"xpath","value":"//*[@id=\"__item2612-__clone7729-imgNav\"]"}
RESULT: {"using":"xpath","value":"//*[@id=\"__item2612-__clone7729-imgNav\"]"}
COMMAND: POST /session/a230b9fa5e58e47def27534e3d005bf9/execute/async - {"script":"<script> [1562 bytes]","args":[{"selector":{"controlType":"sap.m.Button","viewName":"etm.portal.ui.managehandovers.view.DetailExecuteHO","i18NText":{"propertyName":"text","key":"confirmAll"},"interaction":{"idSuffix":"BDI-content"}},"wdio_ui5_key":"etmportal.ui.managehandovers.view.DetailExecuteHOsap.m.Button{\"propertyName\":\"text\",\"key\":\"confirmAll\"}"}]}
RESULT: {"script":"<script> [1562 bytes]","args":[{"selector":{"controlType":"sap.m.Button","viewName":"etm.portal.ui.managehandovers.view.DetailExecuteHO","i18NText":{"propertyName":"text","key":"confirmAll"},"interaction":{"idSuffix":"BDI-content"}},"wdio_ui5_key":"etmportal.ui.managehandovers.view.DetailExecuteHOsap.m.Button{\"propertyName\":\"text\",\"key\":\"confirmAll\"}"}]}
RESULT: undefined
COMMAND: POST /session/a230b9fa5e58e47def27534e3d005bf9/actions - {"actions":[{"id":"action79","type":"key","parameters":{},"actions":[{"type":"keyDown","value":"î€‡"},{"type":"pause","duration":10},{"type":"keyUp","value":"î€‡"}]}]}
RESULT: {"actions":[{"id":"action79","type":"key","parameters":{},"actions":[{"type":"keyDown","value":"î€‡"},{"type":"pause","duration":10},{"type":"keyUp","value":"î€‡"}]}]}
COMMAND: GET /session/a230b9fa5e58e47def27534e3d005bf9/screenshot - {}
RESULT: {}
COMMAND: POST /session/a230b9fa5e58e47def27534e3d005bf9/execute/async - {"script":"<script> [1562 bytes]","args":[{"selector":{"id":"confirmationButton","viewName":"etm.portal.ui.managehandovers.view.DetailExecuteHO","properties":{"text":"Issue"},"interaction":{"idSuffix":"BDI-content"}},"wdio_ui5_key":"confirmationButtonetmportal.ui.managehandovers.view.DetailExecuteHO{\"text\":\"Issue\"}"}]}
RESULT: {"script":"<script> [1562 bytes]","args":[{"selector":{"id":"confirmationButton","viewName":"etm.portal.ui.managehandovers.view.DetailExecuteHO","properties":{"text":"Issue"},"interaction":{"idSuffix":"BDI-content"}},"wdio_ui5_key":"confirmationButtonetmportal.ui.managehandovers.view.DetailExecuteHO{\"text\":\"Issue\"}"}]}
RESULT: undefined
RESULT: undefined
COMMAND: POST /session/a230b9fa5e58e47def27534e3d005bf9/execute/async - {"script":"<script> [776 bytes]","args":[{"enterText":"30394","selector":{"controlType":"sap.m.SearchField","viewName":"etm.portal.ui.managehandovers.view.MasterHO","bindingPath":{"propertyPath":"/_BASIC_SEARCH_FIELD","modelName":"fi1t3rM0d31"},"interaction":{"idSuffix":"I"}},"clearTextFirst":true,"interactionType":"ENTER_TEXT"}]}
RESULT: {"script":"<script> [776 bytes]","args":[{"enterText":"30394","selector":{"controlType":"sap.m.SearchField","viewName":"etm.portal.ui.managehandovers.view.MasterHO","bindingPath":{"propertyPath":"/_BASIC_SEARCH_FIELD","modelName":"fi1t3rM0d31"},"interaction":{"idSuffix":"I"}},"clearTextFirst":true,"interactionType":"ENTER_TEXT"}]}
COMMAND: POST /session/a230b9fa5e58e47def27534e3d005bf9/actions - {"actions":[{"id":"action80","type":"key","parameters":{},"actions":[{"type":"keyDown","value":"î€‡"},{"type":"pause","duration":10},{"type":"keyUp","value":"î€‡"}]}]}
RESULT: {"actions":[{"id":"action80","type":"key","parameters":{},"actions":[{"type":"keyDown","value":"î€‡"},{"type":"pause","duration":10},{"type":"keyUp","value":"î€‡"}]}]}
COMMAND: GET /session/a230b9fa5e58e47def27534e3d005bf9/screenshot - {}
RESULT: {}
RESULT: undefined
COMMAND: POST /session/a230b9fa5e58e47def27534e3d005bf9/element - {"using":"xpath","value":"//*[@id=\"__item2612-__clone7729-imgNav\"]"}
RESULT: {"using":"xpath","value":"//*[@id=\"__item2612-__clone7729-imgNav\"]"}
COMMAND: POST /session/a230b9fa5e58e47def27534e3d005bf9/elements - {"using":"xpath","value":"//*[@id=\"__item2612-__clone7729-imgNav\"]"}
RESULT: {"using":"xpath","value":"//*[@id=\"__item2612-__clone7729-imgNav\"]"}
COMMAND: POST /session/a230b9fa5e58e47def27534e3d005bf9/elements - {"using":"xpath","value":"//*[@id=\"__item2612-__clone7729-imgNav\"]"}
RESULT: {"using":"xpath","value":"//*[@id=\"__item2612-__clone7729-imgNav\"]"}
COMMAND: POST /session/a230b9fa5e58e47def27534e3d005bf9/elements - {"using":"xpath","value":"//*[@id=\"__item2612-__clone7729-imgNav\"]"}
RESULT: {"using":"xpath","value":"//*[@id=\"__item2612-__clone7729-imgNav\"]"}
COMMAND: POST /session/a230b9fa5e58e47def27534e3d005bf9/elements - {"using":"xpath","value":"//*[@id=\"__item2612-__clone7729-imgNav\"]"}
RESULT: {"using":"xpath","value":"//*[@id=\"__item2612-__clone7729-imgNav\"]"}
COMMAND: POST /session/a230b9fa5e58e47def27534e3d005bf9/elements - {"using":"xpath","value":"//*[@id=\"__item2612-__clone7729-imgNav\"]"}
RESULT: {"using":"xpath","value":"//*[@id=\"__item2612-__clone7729-imgNav\"]"}
COMMAND: POST /session/a230b9fa5e58e47def27534e3d005bf9/elements - {"using":"xpath","value":"//*[@id=\"__item2612-__clone7729-imgNav\"]"}
RESULT: {"using":"xpath","value":"//*[@id=\"__item2612-__clone7729-imgNav\"]"}
COMMAND: POST /session/a230b9fa5e58e47def27534e3d005bf9/elements - {"using":"xpath","value":"//*[@id=\"__item2612-__clone7729-imgNav\"]"}
RESULT: {"using":"xpath","value":"//*[@id=\"__item2612-__clone7729-imgNav\"]"}
COMMAND: POST /session/a230b9fa5e58e47def27534e3d005bf9/elements - {"using":"xpath","value":"//*[@id=\"__item2612-__clone7729-imgNav\"]"}
RESULT: {"using":"xpath","value":"//*[@id=\"__item2612-__clone7729-imgNav\"]"}
COMMAND: POST /session/a230b9fa5e58e47def27534e3d005bf9/elements - {"using":"xpath","value":"//*[@id=\"__item2612-__clone7729-imgNav\"]"}
RESULT: {"using":"xpath","value":"//*[@id=\"__item2612-__clone7729-imgNav\"]"}
COMMAND: POST /session/a230b9fa5e58e47def27534e3d005bf9/elements - {"using":"xpath","value":"//*[@id=\"__item2612-__clone7729-imgNav\"]"}
RESULT: {"using":"xpath","value":"//*[@id=\"__item2612-__clone7729-imgNav\"]"}
COMMAND: POST /session/a230b9fa5e58e47def27534e3d005bf9/elements - {"using":"xpath","value":"//*[@id=\"__item2612-__clone7729-imgNav\"]"}
RESULT: {"using":"xpath","value":"//*[@id=\"__item2612-__clone7729-imgNav\"]"}
COMMAND: POST /session/a230b9fa5e58e47def27534e3d005bf9/elements - {"using":"xpath","value":"//*[@id=\"__item2612-__clone7729-imgNav\"]"}
RESULT: {"using":"xpath","value":"//*[@id=\"__item2612-__clone7729-imgNav\"]"}
COMMAND: POST /session/a230b9fa5e58e47def27534e3d005bf9/elements - {"using":"xpath","value":"//*[@id=\"__item2612-__clone7729-imgNav\"]"}
RESULT: {"using":"xpath","value":"//*[@id=\"__item2612-__clone7729-imgNav\"]"}
COMMAND: POST /session/a230b9fa5e58e47def27534e3d005bf9/elements - {"using":"xpath","value":"//*[@id=\"__item2612-__clone7729-imgNav\"]"}
RESULT: {"using":"xpath","value":"//*[@id=\"__item2612-__clone7729-imgNav\"]"}
COMMAND: POST /session/a230b9fa5e58e47def27534e3d005bf9/elements - {"using":"xpath","value":"//*[@id=\"__item2612-__clone7729-imgNav\"]"}
RESULT: {"using":"xpath","value":"//*[@id=\"__item2612-__clone7729-imgNav\"]"}
COMMAND: POST /session/a230b9fa5e58e47def27534e3d005bf9/elements - {"using":"xpath","value":"//*[@id=\"__item2612-__clone7729-imgNav\"]"}
RESULT: {"using":"xpath","value":"//*[@id=\"__item2612-__clone7729-imgNav\"]"}
COMMAND: POST /session/a230b9fa5e58e47def27534e3d005bf9/elements - {"using":"xpath","value":"//*[@id=\"__item2612-__clone7729-imgNav\"]"}
RESULT: {"using":"xpath","value":"//*[@id=\"__item2612-__clone7729-imgNav\"]"}
COMMAND: POST /session/a230b9fa5e58e47def27534e3d005bf9/elements - {"using":"xpath","value":"//*[@id=\"__item2612-__clone7729-imgNav\"]"}
RESULT: {"using":"xpath","value":"//*[@id=\"__item2612-__clone7729-imgNav\"]"}
COMMAND: POST /session/a230b9fa5e58e47def27534e3d005bf9/elements - {"using":"xpath","value":"//*[@id=\"__item2612-__clone7729-imgNav\"]"}
RESULT: {"using":"xpath","value":"//*[@id=\"__item2612-__clone7729-imgNav\"]"}
COMMAND: POST /session/a230b9fa5e58e47def27534e3d005bf9/elements - {"using":"xpath","value":"//*[@id=\"__item2612-__clone7729-imgNav\"]"}
RESULT: {"using":"xpath","value":"//*[@id=\"__item2612-__clone7729-imgNav\"]"}
COMMAND: POST /session/a230b9fa5e58e47def27534e3d005bf9/elements - {"using":"xpath","value":"//*[@id=\"__item2612-__clone7729-imgNav\"]"}
RESULT: {"using":"xpath","value":"//*[@id=\"__item2612-__clone7729-imgNav\"]"}
COMMAND: POST /session/a230b9fa5e58e47def27534e3d005bf9/elements - {"using":"xpath","value":"//*[@id=\"__item2612-__clone7729-imgNav\"]"}
RESULT: {"using":"xpath","value":"//*[@id=\"__item2612-__clone7729-imgNav\"]"}
COMMAND: POST /session/a230b9fa5e58e47def27534e3d005bf9/elements - {"using":"xpath","value":"//*[@id=\"__item2612-__clone7729-imgNav\"]"}
RESULT: {"using":"xpath","value":"//*[@id=\"__item2612-__clone7729-imgNav\"]"}
COMMAND: POST /session/a230b9fa5e58e47def27534e3d005bf9/elements - {"using":"xpath","value":"//*[@id=\"__item2612-__clone7729-imgNav\"]"}
RESULT: {"using":"xpath","value":"//*[@id=\"__item2612-__clone7729-imgNav\"]"}
COMMAND: POST /session/a230b9fa5e58e47def27534e3d005bf9/elements - {"using":"xpath","value":"//*[@id=\"__item2612-__clone7729-imgNav\"]"}
RESULT: {"using":"xpath","value":"//*[@id=\"__item2612-__clone7729-imgNav\"]"}
COMMAND: POST /session/a230b9fa5e58e47def27534e3d005bf9/elements - {"using":"xpath","value":"//*[@id=\"__item2612-__clone7729-imgNav\"]"}
RESULT: {"using":"xpath","value":"//*[@id=\"__item2612-__clone7729-imgNav\"]"}
COMMAND: POST /session/a230b9fa5e58e47def27534e3d005bf9/elements - {"using":"xpath","value":"//*[@id=\"__item2612-__clone7729-imgNav\"]"}
RESULT: {"using":"xpath","value":"//*[@id=\"__item2612-__clone7729-imgNav\"]"}
COMMAND: POST /session/a230b9fa5e58e47def27534e3d005bf9/elements - {"using":"xpath","value":"//*[@id=\"__item2612-__clone7729-imgNav\"]"}
RESULT: {"using":"xpath","value":"//*[@id=\"__item2612-__clone7729-imgNav\"]"}
COMMAND: POST /session/a230b9fa5e58e47def27534e3d005bf9/elements - {"using":"xpath","value":"//*[@id=\"__item2612-__clone7729-imgNav\"]"}
RESULT: {"using":"xpath","value":"//*[@id=\"__item2612-__clone7729-imgNav\"]"}
COMMAND: POST /session/a230b9fa5e58e47def27534e3d005bf9/elements - {"using":"xpath","value":"//*[@id=\"__item2612-__clone7729-imgNav\"]"}
RESULT: {"using":"xpath","value":"//*[@id=\"__item2612-__clone7729-imgNav\"]"}
COMMAND: POST /session/a230b9fa5e58e47def27534e3d005bf9/elements - {"using":"xpath","value":"//*[@id=\"__item2612-__clone7729-imgNav\"]"}
RESULT: {"using":"xpath","value":"//*[@id=\"__item2612-__clone7729-imgNav\"]"}
COMMAND: POST /session/a230b9fa5e58e47def27534e3d005bf9/elements - {"using":"xpath","value":"//*[@id=\"__item2612-__clone7729-imgNav\"]"}
RESULT: {"using":"xpath","value":"//*[@id=\"__item2612-__clone7729-imgNav\"]"}
COMMAND: POST /session/a230b9fa5e58e47def27534e3d005bf9/elements - {"using":"xpath","value":"//*[@id=\"__item2612-__clone7729-imgNav\"]"}
RESULT: {"using":"xpath","value":"//*[@id=\"__item2612-__clone7729-imgNav\"]"}
COMMAND: POST /session/a230b9fa5e58e47def27534e3d005bf9/elements - {"using":"xpath","value":"//*[@id=\"__item2612-__clone7729-imgNav\"]"}
RESULT: {"using":"xpath","value":"//*[@id=\"__item2612-__clone7729-imgNav\"]"}
COMMAND: POST /session/a230b9fa5e58e47def27534e3d005bf9/elements - {"using":"xpath","value":"//*[@id=\"__item2612-__clone7729-imgNav\"]"}
RESULT: {"using":"xpath","value":"//*[@id=\"__item2612-__clone7729-imgNav\"]"}
COMMAND: POST /session/a230b9fa5e58e47def27534e3d005bf9/elements - {"using":"xpath","value":"//*[@id=\"__item2612-__clone7729-imgNav\"]"}
RESULT: {"using":"xpath","value":"//*[@id=\"__item2612-__clone7729-imgNav\"]"}
COMMAND: POST /session/a230b9fa5e58e47def27534e3d005bf9/elements - {"using":"xpath","value":"//*[@id=\"__item2612-__clone7729-imgNav\"]"}
RESULT: {"using":"xpath","value":"//*[@id=\"__item2612-__clone7729-imgNav\"]"}
COMMAND: POST /session/a230b9fa5e58e47def27534e3d005bf9/elements - {"using":"xpath","value":"//*[@id=\"__item2612-__clone7729-imgNav\"]"}
RESULT: {"using":"xpath","value":"//*[@id=\"__item2612-__clone7729-imgNav\"]"}
COMMAND: POST /session/a230b9fa5e58e47def27534e3d005bf9/elements - {"using":"xpath","value":"//*[@id=\"__item2612-__clone7729-imgNav\"]"}
RESULT: {"using":"xpath","value":"//*[@id=\"__item2612-__clone7729-imgNav\"]"}
COMMAND: POST /session/a230b9fa5e58e47def27534e3d005bf9/elements - {"using":"xpath","value":"//*[@id=\"__item2612-__clone7729-imgNav\"]"}
RESULT: {"using":"xpath","value":"//*[@id=\"__item2612-__clone7729-imgNav\"]"}
COMMAND: POST /session/a230b9fa5e58e47def27534e3d005bf9/elements - {"using":"xpath","value":"//*[@id=\"__item2612-__clone7729-imgNav\"]"}
RESULT: {"using":"xpath","value":"//*[@id=\"__item2612-__clone7729-imgNav\"]"}
COMMAND: POST /session/a230b9fa5e58e47def27534e3d005bf9/elements - {"using":"xpath","value":"//*[@id=\"__item2612-__clone7729-imgNav\"]"}
RESULT: {"using":"xpath","value":"//*[@id=\"__item2612-__clone7729-imgNav\"]"}
COMMAND: POST /session/a230b9fa5e58e47def27534e3d005bf9/elements - {"using":"xpath","value":"//*[@id=\"__item2612-__clone7729-imgNav\"]"}
RESULT: {"using":"xpath","value":"//*[@id=\"__item2612-__clone7729-imgNav\"]"}
COMMAND: POST /session/a230b9fa5e58e47def27534e3d005bf9/elements - {"using":"xpath","value":"//*[@id=\"__item2612-__clone7729-imgNav\"]"}
RESULT: {"using":"xpath","value":"//*[@id=\"__item2612-__clone7729-imgNav\"]"}
COMMAND: POST /session/a230b9fa5e58e47def27534e3d005bf9/elements - {"using":"xpath","value":"//*[@id=\"__item2612-__clone7729-imgNav\"]"}
RESULT: {"using":"xpath","value":"//*[@id=\"__item2612-__clone7729-imgNav\"]"}
COMMAND: POST /session/a230b9fa5e58e47def27534e3d005bf9/elements - {"using":"xpath","value":"//*[@id=\"__item2612-__clone7729-imgNav\"]"}
RESULT: {"using":"xpath","value":"//*[@id=\"__item2612-__clone7729-imgNav\"]"}
COMMAND: POST /session/a230b9fa5e58e47def27534e3d005bf9/elements - {"using":"xpath","value":"//*[@id=\"__item2612-__clone7729-imgNav\"]"}
RESULT: {"using":"xpath","value":"//*[@id=\"__item2612-__clone7729-imgNav\"]"}
COMMAND: POST /session/a230b9fa5e58e47def27534e3d005bf9/elements - {"using":"xpath","value":"//*[@id=\"__item2612-__clone7729-imgNav\"]"}
RESULT: {"using":"xpath","value":"//*[@id=\"__item2612-__clone7729-imgNav\"]"}
COMMAND: POST /session/a230b9fa5e58e47def27534e3d005bf9/elements - {"using":"xpath","value":"//*[@id=\"__item2612-__clone7729-imgNav\"]"}
RESULT: {"using":"xpath","value":"//*[@id=\"__item2612-__clone7729-imgNav\"]"}
COMMAND: POST /session/a230b9fa5e58e47def27534e3d005bf9/elements - {"using":"xpath","value":"//*[@id=\"__item2612-__clone7729-imgNav\"]"}
RESULT: {"using":"xpath","value":"//*[@id=\"__item2612-__clone7729-imgNav\"]"}
COMMAND: POST /session/a230b9fa5e58e47def27534e3d005bf9/elements - {"using":"xpath","value":"//*[@id=\"__item2612-__clone7729-imgNav\"]"}
RESULT: {"using":"xpath","value":"//*[@id=\"__item2612-__clone7729-imgNav\"]"}
COMMAND: POST /session/a230b9fa5e58e47def27534e3d005bf9/elements - {"using":"xpath","value":"//*[@id=\"__item2612-__clone7729-imgNav\"]"}
RESULT: {"using":"xpath","value":"//*[@id=\"__item2612-__clone7729-imgNav\"]"}
COMMAND: POST /session/a230b9fa5e58e47def27534e3d005bf9/elements - {"using":"xpath","value":"//*[@id=\"__item2612-__clone7729-imgNav\"]"}
RESULT: {"using":"xpath","value":"//*[@id=\"__item2612-__clone7729-imgNav\"]"}
COMMAND: POST /session/a230b9fa5e58e47def27534e3d005bf9/elements - {"using":"xpath","value":"//*[@id=\"__item2612-__clone7729-imgNav\"]"}
RESULT: {"using":"xpath","value":"//*[@id=\"__item2612-__clone7729-imgNav\"]"}
COMMAND: POST /session/a230b9fa5e58e47def27534e3d005bf9/elements - {"using":"xpath","value":"//*[@id=\"__item2612-__clone7729-imgNav\"]"}
RESULT: {"using":"xpath","value":"//*[@id=\"__item2612-__clone7729-imgNav\"]"}
COMMAND: POST /session/a230b9fa5e58e47def27534e3d005bf9/elements - {"using":"xpath","value":"//*[@id=\"__item2612-__clone7729-imgNav\"]"}
RESULT: {"using":"xpath","value":"//*[@id=\"__item2612-__clone7729-imgNav\"]"}
COMMAND: POST /session/a230b9fa5e58e47def27534e3d005bf9/elements - {"using":"xpath","value":"//*[@id=\"__item2612-__clone7729-imgNav\"]"}
RESULT: {"using":"xpath","value":"//*[@id=\"__item2612-__clone7729-imgNav\"]"}
COMMAND: POST /session/a230b9fa5e58e47def27534e3d005bf9/elements - {"using":"xpath","value":"//*[@id=\"__item2612-__clone7729-imgNav\"]"}
RESULT: {"using":"xpath","value":"//*[@id=\"__item2612-__clone7729-imgNav\"]"}
COMMAND: POST /session/a230b9fa5e58e47def27534e3d005bf9/elements - {"using":"xpath","value":"//*[@id=\"__item2612-__clone7729-imgNav\"]"}
RESULT: {"using":"xpath","value":"//*[@id=\"__item2612-__clone7729-imgNav\"]"}
COMMAND: POST /session/a230b9fa5e58e47def27534e3d005bf9/elements - {"using":"xpath","value":"//*[@id=\"__item2612-__clone7729-imgNav\"]"}
RESULT: {"using":"xpath","value":"//*[@id=\"__item2612-__clone7729-imgNav\"]"}
COMMAND: POST /session/a230b9fa5e58e47def27534e3d005bf9/elements - {"using":"xpath","value":"//*[@id=\"__item2612-__clone7729-imgNav\"]"}
RESULT: {"using":"xpath","value":"//*[@id=\"__item2612-__clone7729-imgNav\"]"}
COMMAND: POST /session/a230b9fa5e58e47def27534e3d005bf9/elements - {"using":"xpath","value":"//*[@id=\"__item2612-__clone7729-imgNav\"]"}
RESULT: {"using":"xpath","value":"//*[@id=\"__item2612-__clone7729-imgNav\"]"}
COMMAND: POST /session/a230b9fa5e58e47def27534e3d005bf9/elements - {"using":"xpath","value":"//*[@id=\"__item2612-__clone7729-imgNav\"]"}
RESULT: {"using":"xpath","value":"//*[@id=\"__item2612-__clone7729-imgNav\"]"}
COMMAND: POST /session/a230b9fa5e58e47def27534e3d005bf9/elements - {"using":"xpath","value":"//*[@id=\"__item2612-__clone7729-imgNav\"]"}
RESULT: {"using":"xpath","value":"//*[@id=\"__item2612-__clone7729-imgNav\"]"}
COMMAND: POST /session/a230b9fa5e58e47def27534e3d005bf9/elements - {"using":"xpath","value":"//*[@id=\"__item2612-__clone7729-imgNav\"]"}
RESULT: {"using":"xpath","value":"//*[@id=\"__item2612-__clone7729-imgNav\"]"}
COMMAND: POST /session/a230b9fa5e58e47def27534e3d005bf9/elements - {"using":"xpath","value":"//*[@id=\"__item2612-__clone7729-imgNav\"]"}
RESULT: {"using":"xpath","value":"//*[@id=\"__item2612-__clone7729-imgNav\"]"}
COMMAND: POST /session/a230b9fa5e58e47def27534e3d005bf9/elements - {"using":"xpath","value":"//*[@id=\"__item2612-__clone7729-imgNav\"]"}
RESULT: {"using":"xpath","value":"//*[@id=\"__item2612-__clone7729-imgNav\"]"}
COMMAND: POST /session/a230b9fa5e58e47def27534e3d005bf9/elements - {"using":"xpath","value":"//*[@id=\"__item2612-__clone7729-imgNav\"]"}
RESULT: {"using":"xpath","value":"//*[@id=\"__item2612-__clone7729-imgNav\"]"}
COMMAND: POST /session/a230b9fa5e58e47def27534e3d005bf9/elements - {"using":"xpath","value":"//*[@id=\"__item2612-__clone7729-imgNav\"]"}
RESULT: {"using":"xpath","value":"//*[@id=\"__item2612-__clone7729-imgNav\"]"}
COMMAND: POST /session/a230b9fa5e58e47def27534e3d005bf9/elements - {"using":"xpath","value":"//*[@id=\"__item2612-__clone7729-imgNav\"]"}
RESULT: {"using":"xpath","value":"//*[@id=\"__item2612-__clone7729-imgNav\"]"}
COMMAND: POST /session/a230b9fa5e58e47def27534e3d005bf9/elements - {"using":"xpath","value":"//*[@id=\"__item2612-__clone7729-imgNav\"]"}
RESULT: {"using":"xpath","value":"//*[@id=\"__item2612-__clone7729-imgNav\"]"}
COMMAND: POST /session/a230b9fa5e58e47def27534e3d005bf9/elements - {"using":"xpath","value":"//*[@id=\"__item2612-__clone7729-imgNav\"]"}
RESULT: {"using":"xpath","value":"//*[@id=\"__item2612-__clone7729-imgNav\"]"}
COMMAND: POST /session/a230b9fa5e58e47def27534e3d005bf9/elements - {"using":"xpath","value":"//*[@id=\"__item2612-__clone7729-imgNav\"]"}
RESULT: {"using":"xpath","value":"//*[@id=\"__item2612-__clone7729-imgNav\"]"}
COMMAND: POST /session/a230b9fa5e58e47def27534e3d005bf9/elements - {"using":"xpath","value":"//*[@id=\"__item2612-__clone7729-imgNav\"]"}
RESULT: {"using":"xpath","value":"//*[@id=\"__item2612-__clone7729-imgNav\"]"}
COMMAND: POST /session/a230b9fa5e58e47def27534e3d005bf9/elements - {"using":"xpath","value":"//*[@id=\"__item2612-__clone7729-imgNav\"]"}
RESULT: {"using":"xpath","value":"//*[@id=\"__item2612-__clone7729-imgNav\"]"}
COMMAND: POST /session/a230b9fa5e58e47def27534e3d005bf9/elements - {"using":"xpath","value":"//*[@id=\"__item2612-__clone7729-imgNav\"]"}
RESULT: {"using":"xpath","value":"//*[@id=\"__item2612-__clone7729-imgNav\"]"}
COMMAND: POST /session/a230b9fa5e58e47def27534e3d005bf9/elements - {"using":"xpath","value":"//*[@id=\"__item2612-__clone7729-imgNav\"]"}
RESULT: {"using":"xpath","value":"//*[@id=\"__item2612-__clone7729-imgNav\"]"}
COMMAND: POST /session/a230b9fa5e58e47def27534e3d005bf9/elements - {"using":"xpath","value":"//*[@id=\"__item2612-__clone7729-imgNav\"]"}
RESULT: {"using":"xpath","value":"//*[@id=\"__item2612-__clone7729-imgNav\"]"}
COMMAND: POST /session/a230b9fa5e58e47def27534e3d005bf9/elements - {"using":"xpath","value":"//*[@id=\"__item2612-__clone7729-imgNav\"]"}
RESULT: {"using":"xpath","value":"//*[@id=\"__item2612-__clone7729-imgNav\"]"}
COMMAND: POST /session/a230b9fa5e58e47def27534e3d005bf9/elements - {"using":"xpath","value":"//*[@id=\"__item2612-__clone7729-imgNav\"]"}
RESULT: {"using":"xpath","value":"//*[@id=\"__item2612-__clone7729-imgNav\"]"}
COMMAND: POST /session/a230b9fa5e58e47def27534e3d005bf9/elements - {"using":"xpath","value":"//*[@id=\"__item2612-__clone7729-imgNav\"]"}
RESULT: {"using":"xpath","value":"//*[@id=\"__item2612-__clone7729-imgNav\"]"}
COMMAND: POST /session/a230b9fa5e58e47def27534e3d005bf9/elements - {"using":"xpath","value":"//*[@id=\"__item2612-__clone7729-imgNav\"]"}
RESULT: {"using":"xpath","value":"//*[@id=\"__item2612-__clone7729-imgNav\"]"}
COMMAND: POST /session/a230b9fa5e58e47def27534e3d005bf9/elements - {"using":"xpath","value":"//*[@id=\"__item2612-__clone7729-imgNav\"]"}
RESULT: {"using":"xpath","value":"//*[@id=\"__item2612-__clone7729-imgNav\"]"}
COMMAND: POST /session/a230b9fa5e58e47def27534e3d005bf9/elements - {"using":"xpath","value":"//*[@id=\"__item2612-__clone7729-imgNav\"]"}
RESULT: {"using":"xpath","value":"//*[@id=\"__item2612-__clone7729-imgNav\"]"}
COMMAND: POST /session/a230b9fa5e58e47def27534e3d005bf9/elements - {"using":"xpath","value":"//*[@id=\"__item2612-__clone7729-imgNav\"]"}
RESULT: {"using":"xpath","value":"//*[@id=\"__item2612-__clone7729-imgNav\"]"}
COMMAND: POST /session/a230b9fa5e58e47def27534e3d005bf9/elements - {"using":"xpath","value":"//*[@id=\"__item2612-__clone7729-imgNav\"]"}
RESULT: {"using":"xpath","value":"//*[@id=\"__item2612-__clone7729-imgNav\"]"}
COMMAND: POST /session/a230b9fa5e58e47def27534e3d005bf9/elements - {"using":"xpath","value":"//*[@id=\"__item2612-__clone7729-imgNav\"]"}
RESULT: {"using":"xpath","value":"//*[@id=\"__item2612-__clone7729-imgNav\"]"}
COMMAND: POST /session/a230b9fa5e58e47def27534e3d005bf9/elements - {"using":"xpath","value":"//*[@id=\"__item2612-__clone7729-imgNav\"]"}
RESULT: {"using":"xpath","value":"//*[@id=\"__item2612-__clone7729-imgNav\"]"}
COMMAND: POST /session/a230b9fa5e58e47def27534e3d005bf9/elements - {"using":"xpath","value":"//*[@id=\"__item2612-__clone7729-imgNav\"]"}
RESULT: {"using":"xpath","value":"//*[@id=\"__item2612-__clone7729-imgNav\"]"}
COMMAND: POST /session/a230b9fa5e58e47def27534e3d005bf9/elements - {"using":"xpath","value":"//*[@id=\"__item2612-__clone7729-imgNav\"]"}
RESULT: {"using":"xpath","value":"//*[@id=\"__item2612-__clone7729-imgNav\"]"}
COMMAND: POST /session/a230b9fa5e58e47def27534e3d005bf9/elements - {"using":"xpath","value":"//*[@id=\"__item2612-__clone7729-imgNav\"]"}
RESULT: {"using":"xpath","value":"//*[@id=\"__item2612-__clone7729-imgNav\"]"}
COMMAND: POST /session/a230b9fa5e58e47def27534e3d005bf9/elements - {"using":"xpath","value":"//*[@id=\"__item2612-__clone7729-imgNav\"]"}
RESULT: {"using":"xpath","value":"//*[@id=\"__item2612-__clone7729-imgNav\"]"}
COMMAND: POST /session/a230b9fa5e58e47def27534e3d005bf9/elements - {"using":"xpath","value":"//*[@id=\"__item2612-__clone7729-imgNav\"]"}
RESULT: {"using":"xpath","value":"//*[@id=\"__item2612-__clone7729-imgNav\"]"}
COMMAND: POST /session/a230b9fa5e58e47def27534e3d005bf9/elements - {"using":"xpath","value":"//*[@id=\"__item2612-__clone7729-imgNav\"]"}
RESULT: {"using":"xpath","value":"//*[@id=\"__item2612-__clone7729-imgNav\"]"}
COMMAND: POST /session/a230b9fa5e58e47def27534e3d005bf9/elements - {"using":"xpath","value":"//*[@id=\"__item2612-__clone7729-imgNav\"]"}
RESULT: {"using":"xpath","value":"//*[@id=\"__item2612-__clone7729-imgNav\"]"}
COMMAND: POST /session/a230b9fa5e58e47def27534e3d005bf9/elements - {"using":"xpath","value":"//*[@id=\"__item2612-__clone7729-imgNav\"]"}
RESULT: {"using":"xpath","value":"//*[@id=\"__item2612-__clone7729-imgNav\"]"}
COMMAND: POST /session/a230b9fa5e58e47def27534e3d005bf9/elements - {"using":"xpath","value":"//*[@id=\"__item2612-__clone7729-imgNav\"]"}
RESULT: {"using":"xpath","value":"//*[@id=\"__item2612-__clone7729-imgNav\"]"}
COMMAND: POST /session/a230b9fa5e58e47def27534e3d005bf9/elements - {"using":"xpath","value":"//*[@id=\"__item2612-__clone7729-imgNav\"]"}
RESULT: {"using":"xpath","value":"//*[@id=\"__item2612-__clone7729-imgNav\"]"}
COMMAND: POST /session/a230b9fa5e58e47def27534e3d005bf9/elements - {"using":"xpath","value":"//*[@id=\"__item2612-__clone7729-imgNav\"]"}
RESULT: {"using":"xpath","value":"//*[@id=\"__item2612-__clone7729-imgNav\"]"}
COMMAND: POST /session/a230b9fa5e58e47def27534e3d005bf9/elements - {"using":"xpath","value":"//*[@id=\"__item2612-__clone7729-imgNav\"]"}
RESULT: {"using":"xpath","value":"//*[@id=\"__item2612-__clone7729-imgNav\"]"}
COMMAND: POST /session/a230b9fa5e58e47def27534e3d005bf9/elements - {"using":"xpath","value":"//*[@id=\"__item2612-__clone7729-imgNav\"]"}
RESULT: {"using":"xpath","value":"//*[@id=\"__item2612-__clone7729-imgNav\"]"}
COMMAND: POST /session/a230b9fa5e58e47def27534e3d005bf9/elements - {"using":"xpath","value":"//*[@id=\"__item2612-__clone7729-imgNav\"]"}
RESULT: {"using":"xpath","value":"//*[@id=\"__item2612-__clone7729-imgNav\"]"}
COMMAND: POST /session/a230b9fa5e58e47def27534e3d005bf9/elements - {"using":"xpath","value":"//*[@id=\"__item2612-__clone7729-imgNav\"]"}
RESULT: {"using":"xpath","value":"//*[@id=\"__item2612-__clone7729-imgNav\"]"}
COMMAND: POST /session/a230b9fa5e58e47def27534e3d005bf9/elements - {"using":"xpath","value":"//*[@id=\"__item2612-__clone7729-imgNav\"]"}
RESULT: {"using":"xpath","value":"//*[@id=\"__item2612-__clone7729-imgNav\"]"}
COMMAND: POST /session/a230b9fa5e58e47def27534e3d005bf9/elements - {"using":"xpath","value":"//*[@id=\"__item2612-__clone7729-imgNav\"]"}
RESULT: {"using":"xpath","value":"//*[@id=\"__item2612-__clone7729-imgNav\"]"}
COMMAND: POST /session/a230b9fa5e58e47def27534e3d005bf9/elements - {"using":"xpath","value":"//*[@id=\"__item2612-__clone7729-imgNav\"]"}
RESULT: {"using":"xpath","value":"//*[@id=\"__item2612-__clone7729-imgNav\"]"}
COMMAND: POST /session/a230b9fa5e58e47def27534e3d005bf9/elements - {"using":"xpath","value":"//*[@id=\"__item2612-__clone7729-imgNav\"]"}
RESULT: {"using":"xpath","value":"//*[@id=\"__item2612-__clone7729-imgNav\"]"}
COMMAND: POST /session/a230b9fa5e58e47def27534e3d005bf9/elements - {"using":"xpath","value":"//*[@id=\"__item2612-__clone7729-imgNav\"]"}
RESULT: {"using":"xpath","value":"//*[@id=\"__item2612-__clone7729-imgNav\"]"}
COMMAND: POST /session/a230b9fa5e58e47def27534e3d005bf9/elements - {"using":"xpath","value":"//*[@id=\"__item2612-__clone7729-imgNav\"]"}
RESULT: {"using":"xpath","value":"//*[@id=\"__item2612-__clone7729-imgNav\"]"}
COMMAND: POST /session/a230b9fa5e58e47def27534e3d005bf9/elements - {"using":"xpath","value":"//*[@id=\"__item2612-__clone7729-imgNav\"]"}
RESULT: {"using":"xpath","value":"//*[@id=\"__item2612-__clone7729-imgNav\"]"}
COMMAND: POST /session/a230b9fa5e58e47def27534e3d005bf9/elements - {"using":"xpath","value":"//*[@id=\"__item2612-__clone7729-imgNav\"]"}
RESULT: {"using":"xpath","value":"//*[@id=\"__item2612-__clone7729-imgNav\"]"}
COMMAND: POST /session/a230b9fa5e58e47def27534e3d005bf9/elements - {"using":"xpath","value":"//*[@id=\"__item2612-__clone7729-imgNav\"]"}
RESULT: {"using":"xpath","value":"//*[@id=\"__item2612-__clone7729-imgNav\"]"}
COMMAND: POST /session/a230b9fa5e58e47def27534e3d005bf9/elements - {"using":"xpath","value":"//*[@id=\"__item2612-__clone7729-imgNav\"]"}
RESULT: {"using":"xpath","value":"//*[@id=\"__item2612-__clone7729-imgNav\"]"}
COMMAND: POST /session/a230b9fa5e58e47def27534e3d005bf9/elements - {"using":"xpath","value":"//*[@id=\"__item2612-__clone7729-imgNav\"]"}
RESULT: {"using":"xpath","value":"//*[@id=\"__item2612-__clone7729-imgNav\"]"}
COMMAND: POST /session/a230b9fa5e58e47def27534e3d005bf9/elements - {"using":"xpath","value":"//*[@id=\"__item2612-__clone7729-imgNav\"]"}
RESULT: {"using":"xpath","value":"//*[@id=\"__item2612-__clone7729-imgNav\"]"}
COMMAND: POST /session/a230b9fa5e58e47def27534e3d005bf9/elements - {"using":"xpath","value":"//*[@id=\"__item2612-__clone7729-imgNav\"]"}
RESULT: {"using":"xpath","value":"//*[@id=\"__item2612-__clone7729-imgNav\"]"}
COMMAND: POST /session/a230b9fa5e58e47def27534e3d005bf9/elements - {"using":"xpath","value":"//*[@id=\"__item2612-__clone7729-imgNav\"]"}
RESULT: {"using":"xpath","value":"//*[@id=\"__item2612-__clone7729-imgNav\"]"}
COMMAND: POST /session/a230b9fa5e58e47def27534e3d005bf9/elements - {"using":"xpath","value":"//*[@id=\"__item2612-__clone7729-imgNav\"]"}
RESULT: {"using":"xpath","value":"//*[@id=\"__item2612-__clone7729-imgNav\"]"}
COMMAND: POST /session/a230b9fa5e58e47def27534e3d005bf9/elements - {"using":"xpath","value":"//*[@id=\"__item2612-__clone7729-imgNav\"]"}
RESULT: {"using":"xpath","value":"//*[@id=\"__item2612-__clone7729-imgNav\"]"}
COMMAND: POST /session/a230b9fa5e58e47def27534e3d005bf9/elements - {"using":"xpath","value":"//*[@id=\"__item2612-__clone7729-imgNav\"]"}
RESULT: {"using":"xpath","value":"//*[@id=\"__item2612-__clone7729-imgNav\"]"}
COMMAND: POST /session/a230b9fa5e58e47def27534e3d005bf9/elements - {"using":"xpath","value":"//*[@id=\"__item2612-__clone7729-imgNav\"]"}
RESULT: {"using":"xpath","value":"//*[@id=\"__item2612-__clone7729-imgNav\"]"}
COMMAND: POST /session/a230b9fa5e58e47def27534e3d005bf9/execute/async - {"script":"<script> [1562 bytes]","args":[{"selector":{"id":"instructionsTabFilter","viewName":"etm.portal.ui.managehandovers.view.DetailExecuteHO","interaction":{"idSuffix":"text"}},"wdio_ui5_key":"instructionsTabFilteretmportal.ui.managehandovers.view.DetailExecuteHO"}]}
RESULT: {"script":"<script> [1562 bytes]","args":[{"selector":{"id":"instructionsTabFilter","viewName":"etm.portal.ui.managehandovers.view.DetailExecuteHO","interaction":{"idSuffix":"text"}},"wdio_ui5_key":"instructionsTabFilteretmportal.ui.managehandovers.view.DetailExecuteHO"}]}
RESULT: undefined
RESULT: undefined
COMMAND: POST /session/a230b9fa5e58e47def27534e3d005bf9/execute/async - {"script":"<script> [1562 bytes]","args":[{"selector":{"controlType":"sap.m.ComboBox","viewName":"etm.portal.ui.managehandovers.view.DetailExecuteHO","bindingPath":{"propertyPath":"RECEIVING_SECTION","modelName":"catalogModel"},"interaction":{"idSuffix":"inner"}},"wdio_ui5_key":"etmportal.ui.managehandovers.view.DetailExecuteHOsap.m.ComboBox{\"propertyPath\":\"RECEIVING_SECTION\",\"modelName\":\"catalogModel\"}"}]}
RESULT: {"script":"<script> [1562 bytes]","args":[{"selector":{"controlType":"sap.m.ComboBox","viewName":"etm.portal.ui.managehandovers.view.DetailExecuteHO","bindingPath":{"propertyPath":"RECEIVING_SECTION","modelName":"catalogModel"},"interaction":{"idSuffix":"inner"}},"wdio_ui5_key":"etmportal.ui.managehandovers.view.DetailExecuteHOsap.m.ComboBox{\"propertyPath\":\"RECEIVING_SECTION\",\"modelName\":\"catalogModel\"}"}]}
RESULT: undefined
COMMAND: POST /session/a230b9fa5e58e47def27534e3d005bf9/actions - {"actions":[{"id":"action81","type":"key","parameters":{},"actions":[{"type":"keyDown","value":"î€‡"},{"type":"pause","duration":10},{"type":"keyUp","value":"î€‡"}]}]}
RESULT: {"actions":[{"id":"action81","type":"key","parameters":{},"actions":[{"type":"keyDown","value":"î€‡"},{"type":"pause","duration":10},{"type":"keyUp","value":"î€‡"}]}]}
COMMAND: GET /session/a230b9fa5e58e47def27534e3d005bf9/screenshot - {}
RESULT: {}
COMMAND: POST /session/a230b9fa5e58e47def27534e3d005bf9/execute/async - {"script":"<script> [1562 bytes]","args":[{"selector":{"id":"confirmationButton","viewName":"etm.portal.ui.managehandovers.view.DetailExecuteHO","properties":{"text":"Receive"},"interaction":{"idSuffix":"BDI-content"}},"wdio_ui5_key":"confirmationButtonetmportal.ui.managehandovers.view.DetailExecuteHO{\"text\":\"Receive\"}"}]}
RESULT: {"script":"<script> [1562 bytes]","args":[{"selector":{"id":"confirmationButton","viewName":"etm.portal.ui.managehandovers.view.DetailExecuteHO","properties":{"text":"Receive"},"interaction":{"idSuffix":"BDI-content"}},"wdio_ui5_key":"confirmationButtonetmportal.ui.managehandovers.view.DetailExecuteHO{\"text\":\"Receive\"}"}]}
RESULT: undefined
COMMAND: POST /session/a230b9fa5e58e47def27534e3d005bf9/execute/async - {"script":"<script> [1562 bytes]","args":[{"selector":{"controlType":"sap.m.Button","properties":{"text":"Continue"},"searchOpenDialogs":true,"interaction":{"idSuffix":"content"}},"wdio_ui5_key":"sapm.Button{\"text\":\"Continue\"}"}]}
RESULT: {"script":"<script> [1562 bytes]","args":[{"selector":{"controlType":"sap.m.Button","properties":{"text":"Continue"},"searchOpenDialogs":true,"interaction":{"idSuffix":"content"}},"wdio_ui5_key":"sapm.Button{\"text\":\"Continue\"}"}]}
RESULT: undefined
]]></system-out>
    </testcase>
    <testcase classname="chrome.135_0_7049_96.windows.Provide_to_Site_w/o_warehouse_management_w_clarification" name="Should test for Clarification" time="89.395">
      <system-out><![CDATA[
RESULT: undefined
COMMAND: POST /session/a230b9fa5e58e47def27534e3d005bf9/element - {"using":"xpath","value":"//*[@id=\"__tile131\"]"}
RESULT: {"using":"xpath","value":"//*[@id=\"__tile131\"]"}
COMMAND: POST /session/a230b9fa5e58e47def27534e3d005bf9/element/f.5A792F38359A1C743AD3061B3E5B94B4.d.B286A071C943F0690DEB1A391FD67D9B.e.16902/click - {}
RESULT: undefined
COMMAND: POST /session/a230b9fa5e58e47def27534e3d005bf9/execute/async - {"script":"<script> [776 bytes]","args":[{"enterText":"30394","selector":{"controlType":"sap.m.SearchField","viewName":"etm.portal.ui.managehandovers.view.MasterHO","bindingPath":{"propertyPath":"/_BASIC_SEARCH_FIELD","modelName":"fi1t3rM0d31"},"interaction":{"idSuffix":"I"}},"clearTextFirst":true,"interactionType":"ENTER_TEXT"}]}
RESULT: {"script":"<script> [776 bytes]","args":[{"enterText":"30394","selector":{"controlType":"sap.m.SearchField","viewName":"etm.portal.ui.managehandovers.view.MasterHO","bindingPath":{"propertyPath":"/_BASIC_SEARCH_FIELD","modelName":"fi1t3rM0d31"},"interaction":{"idSuffix":"I"}},"clearTextFirst":true,"interactionType":"ENTER_TEXT"}]}
COMMAND: POST /session/a230b9fa5e58e47def27534e3d005bf9/actions - {"actions":[{"id":"action82","type":"key","parameters":{},"actions":[{"type":"keyDown","value":"î€‡"},{"type":"pause","duration":10},{"type":"keyUp","value":"î€‡"}]}]}
RESULT: {"actions":[{"id":"action82","type":"key","parameters":{},"actions":[{"type":"keyDown","value":"î€‡"},{"type":"pause","duration":10},{"type":"keyUp","value":"î€‡"}]}]}
COMMAND: GET /session/a230b9fa5e58e47def27534e3d005bf9/screenshot - {}
RESULT: {}
RESULT: undefined
COMMAND: POST /session/a230b9fa5e58e47def27534e3d005bf9/element - {"using":"xpath","value":"//*[@id=\"__item2612-__clone7729-imgNav\"]"}
RESULT: {"using":"xpath","value":"//*[@id=\"__item2612-__clone7729-imgNav\"]"}
COMMAND: POST /session/a230b9fa5e58e47def27534e3d005bf9/elements - {"using":"xpath","value":"//*[@id=\"__item2612-__clone7729-imgNav\"]"}
RESULT: {"using":"xpath","value":"//*[@id=\"__item2612-__clone7729-imgNav\"]"}
COMMAND: POST /session/a230b9fa5e58e47def27534e3d005bf9/elements - {"using":"xpath","value":"//*[@id=\"__item2612-__clone7729-imgNav\"]"}
RESULT: {"using":"xpath","value":"//*[@id=\"__item2612-__clone7729-imgNav\"]"}
COMMAND: POST /session/a230b9fa5e58e47def27534e3d005bf9/elements - {"using":"xpath","value":"//*[@id=\"__item2612-__clone7729-imgNav\"]"}
RESULT: {"using":"xpath","value":"//*[@id=\"__item2612-__clone7729-imgNav\"]"}
COMMAND: POST /session/a230b9fa5e58e47def27534e3d005bf9/elements - {"using":"xpath","value":"//*[@id=\"__item2612-__clone7729-imgNav\"]"}
RESULT: {"using":"xpath","value":"//*[@id=\"__item2612-__clone7729-imgNav\"]"}
COMMAND: POST /session/a230b9fa5e58e47def27534e3d005bf9/elements - {"using":"xpath","value":"//*[@id=\"__item2612-__clone7729-imgNav\"]"}
RESULT: {"using":"xpath","value":"//*[@id=\"__item2612-__clone7729-imgNav\"]"}
COMMAND: POST /session/a230b9fa5e58e47def27534e3d005bf9/elements - {"using":"xpath","value":"//*[@id=\"__item2612-__clone7729-imgNav\"]"}
RESULT: {"using":"xpath","value":"//*[@id=\"__item2612-__clone7729-imgNav\"]"}
COMMAND: POST /session/a230b9fa5e58e47def27534e3d005bf9/elements - {"using":"xpath","value":"//*[@id=\"__item2612-__clone7729-imgNav\"]"}
RESULT: {"using":"xpath","value":"//*[@id=\"__item2612-__clone7729-imgNav\"]"}
COMMAND: POST /session/a230b9fa5e58e47def27534e3d005bf9/elements - {"using":"xpath","value":"//*[@id=\"__item2612-__clone7729-imgNav\"]"}
RESULT: {"using":"xpath","value":"//*[@id=\"__item2612-__clone7729-imgNav\"]"}
COMMAND: POST /session/a230b9fa5e58e47def27534e3d005bf9/elements - {"using":"xpath","value":"//*[@id=\"__item2612-__clone7729-imgNav\"]"}
RESULT: {"using":"xpath","value":"//*[@id=\"__item2612-__clone7729-imgNav\"]"}
COMMAND: POST /session/a230b9fa5e58e47def27534e3d005bf9/elements - {"using":"xpath","value":"//*[@id=\"__item2612-__clone7729-imgNav\"]"}
RESULT: {"using":"xpath","value":"//*[@id=\"__item2612-__clone7729-imgNav\"]"}
COMMAND: POST /session/a230b9fa5e58e47def27534e3d005bf9/elements - {"using":"xpath","value":"//*[@id=\"__item2612-__clone7729-imgNav\"]"}
RESULT: {"using":"xpath","value":"//*[@id=\"__item2612-__clone7729-imgNav\"]"}
COMMAND: POST /session/a230b9fa5e58e47def27534e3d005bf9/elements - {"using":"xpath","value":"//*[@id=\"__item2612-__clone7729-imgNav\"]"}
RESULT: {"using":"xpath","value":"//*[@id=\"__item2612-__clone7729-imgNav\"]"}
COMMAND: POST /session/a230b9fa5e58e47def27534e3d005bf9/elements - {"using":"xpath","value":"//*[@id=\"__item2612-__clone7729-imgNav\"]"}
RESULT: {"using":"xpath","value":"//*[@id=\"__item2612-__clone7729-imgNav\"]"}
COMMAND: POST /session/a230b9fa5e58e47def27534e3d005bf9/elements - {"using":"xpath","value":"//*[@id=\"__item2612-__clone7729-imgNav\"]"}
RESULT: {"using":"xpath","value":"//*[@id=\"__item2612-__clone7729-imgNav\"]"}
COMMAND: POST /session/a230b9fa5e58e47def27534e3d005bf9/elements - {"using":"xpath","value":"//*[@id=\"__item2612-__clone7729-imgNav\"]"}
RESULT: {"using":"xpath","value":"//*[@id=\"__item2612-__clone7729-imgNav\"]"}
COMMAND: POST /session/a230b9fa5e58e47def27534e3d005bf9/elements - {"using":"xpath","value":"//*[@id=\"__item2612-__clone7729-imgNav\"]"}
RESULT: {"using":"xpath","value":"//*[@id=\"__item2612-__clone7729-imgNav\"]"}
COMMAND: POST /session/a230b9fa5e58e47def27534e3d005bf9/elements - {"using":"xpath","value":"//*[@id=\"__item2612-__clone7729-imgNav\"]"}
RESULT: {"using":"xpath","value":"//*[@id=\"__item2612-__clone7729-imgNav\"]"}
COMMAND: POST /session/a230b9fa5e58e47def27534e3d005bf9/elements - {"using":"xpath","value":"//*[@id=\"__item2612-__clone7729-imgNav\"]"}
RESULT: {"using":"xpath","value":"//*[@id=\"__item2612-__clone7729-imgNav\"]"}
COMMAND: POST /session/a230b9fa5e58e47def27534e3d005bf9/elements - {"using":"xpath","value":"//*[@id=\"__item2612-__clone7729-imgNav\"]"}
RESULT: {"using":"xpath","value":"//*[@id=\"__item2612-__clone7729-imgNav\"]"}
COMMAND: POST /session/a230b9fa5e58e47def27534e3d005bf9/elements - {"using":"xpath","value":"//*[@id=\"__item2612-__clone7729-imgNav\"]"}
RESULT: {"using":"xpath","value":"//*[@id=\"__item2612-__clone7729-imgNav\"]"}
COMMAND: POST /session/a230b9fa5e58e47def27534e3d005bf9/elements - {"using":"xpath","value":"//*[@id=\"__item2612-__clone7729-imgNav\"]"}
RESULT: {"using":"xpath","value":"//*[@id=\"__item2612-__clone7729-imgNav\"]"}
COMMAND: POST /session/a230b9fa5e58e47def27534e3d005bf9/elements - {"using":"xpath","value":"//*[@id=\"__item2612-__clone7729-imgNav\"]"}
RESULT: {"using":"xpath","value":"//*[@id=\"__item2612-__clone7729-imgNav\"]"}
COMMAND: POST /session/a230b9fa5e58e47def27534e3d005bf9/elements - {"using":"xpath","value":"//*[@id=\"__item2612-__clone7729-imgNav\"]"}
RESULT: {"using":"xpath","value":"//*[@id=\"__item2612-__clone7729-imgNav\"]"}
COMMAND: POST /session/a230b9fa5e58e47def27534e3d005bf9/elements - {"using":"xpath","value":"//*[@id=\"__item2612-__clone7729-imgNav\"]"}
RESULT: {"using":"xpath","value":"//*[@id=\"__item2612-__clone7729-imgNav\"]"}
COMMAND: POST /session/a230b9fa5e58e47def27534e3d005bf9/elements - {"using":"xpath","value":"//*[@id=\"__item2612-__clone7729-imgNav\"]"}
RESULT: {"using":"xpath","value":"//*[@id=\"__item2612-__clone7729-imgNav\"]"}
COMMAND: POST /session/a230b9fa5e58e47def27534e3d005bf9/elements - {"using":"xpath","value":"//*[@id=\"__item2612-__clone7729-imgNav\"]"}
RESULT: {"using":"xpath","value":"//*[@id=\"__item2612-__clone7729-imgNav\"]"}
COMMAND: POST /session/a230b9fa5e58e47def27534e3d005bf9/elements - {"using":"xpath","value":"//*[@id=\"__item2612-__clone7729-imgNav\"]"}
RESULT: {"using":"xpath","value":"//*[@id=\"__item2612-__clone7729-imgNav\"]"}
COMMAND: POST /session/a230b9fa5e58e47def27534e3d005bf9/elements - {"using":"xpath","value":"//*[@id=\"__item2612-__clone7729-imgNav\"]"}
RESULT: {"using":"xpath","value":"//*[@id=\"__item2612-__clone7729-imgNav\"]"}
COMMAND: POST /session/a230b9fa5e58e47def27534e3d005bf9/elements - {"using":"xpath","value":"//*[@id=\"__item2612-__clone7729-imgNav\"]"}
RESULT: {"using":"xpath","value":"//*[@id=\"__item2612-__clone7729-imgNav\"]"}
COMMAND: POST /session/a230b9fa5e58e47def27534e3d005bf9/elements - {"using":"xpath","value":"//*[@id=\"__item2612-__clone7729-imgNav\"]"}
RESULT: {"using":"xpath","value":"//*[@id=\"__item2612-__clone7729-imgNav\"]"}
COMMAND: POST /session/a230b9fa5e58e47def27534e3d005bf9/elements - {"using":"xpath","value":"//*[@id=\"__item2612-__clone7729-imgNav\"]"}
RESULT: {"using":"xpath","value":"//*[@id=\"__item2612-__clone7729-imgNav\"]"}
COMMAND: POST /session/a230b9fa5e58e47def27534e3d005bf9/elements - {"using":"xpath","value":"//*[@id=\"__item2612-__clone7729-imgNav\"]"}
RESULT: {"using":"xpath","value":"//*[@id=\"__item2612-__clone7729-imgNav\"]"}
COMMAND: POST /session/a230b9fa5e58e47def27534e3d005bf9/elements - {"using":"xpath","value":"//*[@id=\"__item2612-__clone7729-imgNav\"]"}
RESULT: {"using":"xpath","value":"//*[@id=\"__item2612-__clone7729-imgNav\"]"}
COMMAND: POST /session/a230b9fa5e58e47def27534e3d005bf9/elements - {"using":"xpath","value":"//*[@id=\"__item2612-__clone7729-imgNav\"]"}
RESULT: {"using":"xpath","value":"//*[@id=\"__item2612-__clone7729-imgNav\"]"}
COMMAND: POST /session/a230b9fa5e58e47def27534e3d005bf9/elements - {"using":"xpath","value":"//*[@id=\"__item2612-__clone7729-imgNav\"]"}
RESULT: {"using":"xpath","value":"//*[@id=\"__item2612-__clone7729-imgNav\"]"}
COMMAND: POST /session/a230b9fa5e58e47def27534e3d005bf9/elements - {"using":"xpath","value":"//*[@id=\"__item2612-__clone7729-imgNav\"]"}
RESULT: {"using":"xpath","value":"//*[@id=\"__item2612-__clone7729-imgNav\"]"}
COMMAND: POST /session/a230b9fa5e58e47def27534e3d005bf9/elements - {"using":"xpath","value":"//*[@id=\"__item2612-__clone7729-imgNav\"]"}
RESULT: {"using":"xpath","value":"//*[@id=\"__item2612-__clone7729-imgNav\"]"}
COMMAND: POST /session/a230b9fa5e58e47def27534e3d005bf9/elements - {"using":"xpath","value":"//*[@id=\"__item2612-__clone7729-imgNav\"]"}
RESULT: {"using":"xpath","value":"//*[@id=\"__item2612-__clone7729-imgNav\"]"}
COMMAND: POST /session/a230b9fa5e58e47def27534e3d005bf9/elements - {"using":"xpath","value":"//*[@id=\"__item2612-__clone7729-imgNav\"]"}
RESULT: {"using":"xpath","value":"//*[@id=\"__item2612-__clone7729-imgNav\"]"}
COMMAND: POST /session/a230b9fa5e58e47def27534e3d005bf9/elements - {"using":"xpath","value":"//*[@id=\"__item2612-__clone7729-imgNav\"]"}
RESULT: {"using":"xpath","value":"//*[@id=\"__item2612-__clone7729-imgNav\"]"}
COMMAND: POST /session/a230b9fa5e58e47def27534e3d005bf9/elements - {"using":"xpath","value":"//*[@id=\"__item2612-__clone7729-imgNav\"]"}
RESULT: {"using":"xpath","value":"//*[@id=\"__item2612-__clone7729-imgNav\"]"}
COMMAND: POST /session/a230b9fa5e58e47def27534e3d005bf9/elements - {"using":"xpath","value":"//*[@id=\"__item2612-__clone7729-imgNav\"]"}
RESULT: {"using":"xpath","value":"//*[@id=\"__item2612-__clone7729-imgNav\"]"}
COMMAND: POST /session/a230b9fa5e58e47def27534e3d005bf9/elements - {"using":"xpath","value":"//*[@id=\"__item2612-__clone7729-imgNav\"]"}
RESULT: {"using":"xpath","value":"//*[@id=\"__item2612-__clone7729-imgNav\"]"}
COMMAND: POST /session/a230b9fa5e58e47def27534e3d005bf9/elements - {"using":"xpath","value":"//*[@id=\"__item2612-__clone7729-imgNav\"]"}
RESULT: {"using":"xpath","value":"//*[@id=\"__item2612-__clone7729-imgNav\"]"}
COMMAND: POST /session/a230b9fa5e58e47def27534e3d005bf9/elements - {"using":"xpath","value":"//*[@id=\"__item2612-__clone7729-imgNav\"]"}
RESULT: {"using":"xpath","value":"//*[@id=\"__item2612-__clone7729-imgNav\"]"}
COMMAND: POST /session/a230b9fa5e58e47def27534e3d005bf9/elements - {"using":"xpath","value":"//*[@id=\"__item2612-__clone7729-imgNav\"]"}
RESULT: {"using":"xpath","value":"//*[@id=\"__item2612-__clone7729-imgNav\"]"}
COMMAND: POST /session/a230b9fa5e58e47def27534e3d005bf9/elements - {"using":"xpath","value":"//*[@id=\"__item2612-__clone7729-imgNav\"]"}
RESULT: {"using":"xpath","value":"//*[@id=\"__item2612-__clone7729-imgNav\"]"}
COMMAND: POST /session/a230b9fa5e58e47def27534e3d005bf9/elements - {"using":"xpath","value":"//*[@id=\"__item2612-__clone7729-imgNav\"]"}
RESULT: {"using":"xpath","value":"//*[@id=\"__item2612-__clone7729-imgNav\"]"}
COMMAND: POST /session/a230b9fa5e58e47def27534e3d005bf9/elements - {"using":"xpath","value":"//*[@id=\"__item2612-__clone7729-imgNav\"]"}
RESULT: {"using":"xpath","value":"//*[@id=\"__item2612-__clone7729-imgNav\"]"}
COMMAND: POST /session/a230b9fa5e58e47def27534e3d005bf9/elements - {"using":"xpath","value":"//*[@id=\"__item2612-__clone7729-imgNav\"]"}
RESULT: {"using":"xpath","value":"//*[@id=\"__item2612-__clone7729-imgNav\"]"}
COMMAND: POST /session/a230b9fa5e58e47def27534e3d005bf9/elements - {"using":"xpath","value":"//*[@id=\"__item2612-__clone7729-imgNav\"]"}
RESULT: {"using":"xpath","value":"//*[@id=\"__item2612-__clone7729-imgNav\"]"}
COMMAND: POST /session/a230b9fa5e58e47def27534e3d005bf9/elements - {"using":"xpath","value":"//*[@id=\"__item2612-__clone7729-imgNav\"]"}
RESULT: {"using":"xpath","value":"//*[@id=\"__item2612-__clone7729-imgNav\"]"}
COMMAND: POST /session/a230b9fa5e58e47def27534e3d005bf9/elements - {"using":"xpath","value":"//*[@id=\"__item2612-__clone7729-imgNav\"]"}
RESULT: {"using":"xpath","value":"//*[@id=\"__item2612-__clone7729-imgNav\"]"}
COMMAND: POST /session/a230b9fa5e58e47def27534e3d005bf9/elements - {"using":"xpath","value":"//*[@id=\"__item2612-__clone7729-imgNav\"]"}
RESULT: {"using":"xpath","value":"//*[@id=\"__item2612-__clone7729-imgNav\"]"}
COMMAND: POST /session/a230b9fa5e58e47def27534e3d005bf9/elements - {"using":"xpath","value":"//*[@id=\"__item2612-__clone7729-imgNav\"]"}
RESULT: {"using":"xpath","value":"//*[@id=\"__item2612-__clone7729-imgNav\"]"}
COMMAND: POST /session/a230b9fa5e58e47def27534e3d005bf9/elements - {"using":"xpath","value":"//*[@id=\"__item2612-__clone7729-imgNav\"]"}
RESULT: {"using":"xpath","value":"//*[@id=\"__item2612-__clone7729-imgNav\"]"}
COMMAND: POST /session/a230b9fa5e58e47def27534e3d005bf9/elements - {"using":"xpath","value":"//*[@id=\"__item2612-__clone7729-imgNav\"]"}
RESULT: {"using":"xpath","value":"//*[@id=\"__item2612-__clone7729-imgNav\"]"}
COMMAND: POST /session/a230b9fa5e58e47def27534e3d005bf9/elements - {"using":"xpath","value":"//*[@id=\"__item2612-__clone7729-imgNav\"]"}
RESULT: {"using":"xpath","value":"//*[@id=\"__item2612-__clone7729-imgNav\"]"}
COMMAND: POST /session/a230b9fa5e58e47def27534e3d005bf9/elements - {"using":"xpath","value":"//*[@id=\"__item2612-__clone7729-imgNav\"]"}
RESULT: {"using":"xpath","value":"//*[@id=\"__item2612-__clone7729-imgNav\"]"}
COMMAND: POST /session/a230b9fa5e58e47def27534e3d005bf9/elements - {"using":"xpath","value":"//*[@id=\"__item2612-__clone7729-imgNav\"]"}
RESULT: {"using":"xpath","value":"//*[@id=\"__item2612-__clone7729-imgNav\"]"}
COMMAND: POST /session/a230b9fa5e58e47def27534e3d005bf9/elements - {"using":"xpath","value":"//*[@id=\"__item2612-__clone7729-imgNav\"]"}
RESULT: {"using":"xpath","value":"//*[@id=\"__item2612-__clone7729-imgNav\"]"}
COMMAND: POST /session/a230b9fa5e58e47def27534e3d005bf9/elements - {"using":"xpath","value":"//*[@id=\"__item2612-__clone7729-imgNav\"]"}
RESULT: {"using":"xpath","value":"//*[@id=\"__item2612-__clone7729-imgNav\"]"}
COMMAND: POST /session/a230b9fa5e58e47def27534e3d005bf9/elements - {"using":"xpath","value":"//*[@id=\"__item2612-__clone7729-imgNav\"]"}
RESULT: {"using":"xpath","value":"//*[@id=\"__item2612-__clone7729-imgNav\"]"}
COMMAND: POST /session/a230b9fa5e58e47def27534e3d005bf9/elements - {"using":"xpath","value":"//*[@id=\"__item2612-__clone7729-imgNav\"]"}
RESULT: {"using":"xpath","value":"//*[@id=\"__item2612-__clone7729-imgNav\"]"}
COMMAND: POST /session/a230b9fa5e58e47def27534e3d005bf9/elements - {"using":"xpath","value":"//*[@id=\"__item2612-__clone7729-imgNav\"]"}
RESULT: {"using":"xpath","value":"//*[@id=\"__item2612-__clone7729-imgNav\"]"}
COMMAND: POST /session/a230b9fa5e58e47def27534e3d005bf9/elements - {"using":"xpath","value":"//*[@id=\"__item2612-__clone7729-imgNav\"]"}
RESULT: {"using":"xpath","value":"//*[@id=\"__item2612-__clone7729-imgNav\"]"}
COMMAND: POST /session/a230b9fa5e58e47def27534e3d005bf9/elements - {"using":"xpath","value":"//*[@id=\"__item2612-__clone7729-imgNav\"]"}
RESULT: {"using":"xpath","value":"//*[@id=\"__item2612-__clone7729-imgNav\"]"}
COMMAND: POST /session/a230b9fa5e58e47def27534e3d005bf9/elements - {"using":"xpath","value":"//*[@id=\"__item2612-__clone7729-imgNav\"]"}
RESULT: {"using":"xpath","value":"//*[@id=\"__item2612-__clone7729-imgNav\"]"}
COMMAND: POST /session/a230b9fa5e58e47def27534e3d005bf9/elements - {"using":"xpath","value":"//*[@id=\"__item2612-__clone7729-imgNav\"]"}
RESULT: {"using":"xpath","value":"//*[@id=\"__item2612-__clone7729-imgNav\"]"}
COMMAND: POST /session/a230b9fa5e58e47def27534e3d005bf9/elements - {"using":"xpath","value":"//*[@id=\"__item2612-__clone7729-imgNav\"]"}
RESULT: {"using":"xpath","value":"//*[@id=\"__item2612-__clone7729-imgNav\"]"}
COMMAND: POST /session/a230b9fa5e58e47def27534e3d005bf9/elements - {"using":"xpath","value":"//*[@id=\"__item2612-__clone7729-imgNav\"]"}
RESULT: {"using":"xpath","value":"//*[@id=\"__item2612-__clone7729-imgNav\"]"}
COMMAND: POST /session/a230b9fa5e58e47def27534e3d005bf9/elements - {"using":"xpath","value":"//*[@id=\"__item2612-__clone7729-imgNav\"]"}
RESULT: {"using":"xpath","value":"//*[@id=\"__item2612-__clone7729-imgNav\"]"}
COMMAND: POST /session/a230b9fa5e58e47def27534e3d005bf9/elements - {"using":"xpath","value":"//*[@id=\"__item2612-__clone7729-imgNav\"]"}
RESULT: {"using":"xpath","value":"//*[@id=\"__item2612-__clone7729-imgNav\"]"}
COMMAND: POST /session/a230b9fa5e58e47def27534e3d005bf9/elements - {"using":"xpath","value":"//*[@id=\"__item2612-__clone7729-imgNav\"]"}
RESULT: {"using":"xpath","value":"//*[@id=\"__item2612-__clone7729-imgNav\"]"}
COMMAND: POST /session/a230b9fa5e58e47def27534e3d005bf9/elements - {"using":"xpath","value":"//*[@id=\"__item2612-__clone7729-imgNav\"]"}
RESULT: {"using":"xpath","value":"//*[@id=\"__item2612-__clone7729-imgNav\"]"}
COMMAND: POST /session/a230b9fa5e58e47def27534e3d005bf9/elements - {"using":"xpath","value":"//*[@id=\"__item2612-__clone7729-imgNav\"]"}
RESULT: {"using":"xpath","value":"//*[@id=\"__item2612-__clone7729-imgNav\"]"}
COMMAND: POST /session/a230b9fa5e58e47def27534e3d005bf9/elements - {"using":"xpath","value":"//*[@id=\"__item2612-__clone7729-imgNav\"]"}
RESULT: {"using":"xpath","value":"//*[@id=\"__item2612-__clone7729-imgNav\"]"}
COMMAND: POST /session/a230b9fa5e58e47def27534e3d005bf9/elements - {"using":"xpath","value":"//*[@id=\"__item2612-__clone7729-imgNav\"]"}
RESULT: {"using":"xpath","value":"//*[@id=\"__item2612-__clone7729-imgNav\"]"}
COMMAND: POST /session/a230b9fa5e58e47def27534e3d005bf9/elements - {"using":"xpath","value":"//*[@id=\"__item2612-__clone7729-imgNav\"]"}
RESULT: {"using":"xpath","value":"//*[@id=\"__item2612-__clone7729-imgNav\"]"}
COMMAND: POST /session/a230b9fa5e58e47def27534e3d005bf9/elements - {"using":"xpath","value":"//*[@id=\"__item2612-__clone7729-imgNav\"]"}
RESULT: {"using":"xpath","value":"//*[@id=\"__item2612-__clone7729-imgNav\"]"}
COMMAND: POST /session/a230b9fa5e58e47def27534e3d005bf9/elements - {"using":"xpath","value":"//*[@id=\"__item2612-__clone7729-imgNav\"]"}
RESULT: {"using":"xpath","value":"//*[@id=\"__item2612-__clone7729-imgNav\"]"}
COMMAND: POST /session/a230b9fa5e58e47def27534e3d005bf9/elements - {"using":"xpath","value":"//*[@id=\"__item2612-__clone7729-imgNav\"]"}
RESULT: {"using":"xpath","value":"//*[@id=\"__item2612-__clone7729-imgNav\"]"}
COMMAND: POST /session/a230b9fa5e58e47def27534e3d005bf9/elements - {"using":"xpath","value":"//*[@id=\"__item2612-__clone7729-imgNav\"]"}
RESULT: {"using":"xpath","value":"//*[@id=\"__item2612-__clone7729-imgNav\"]"}
COMMAND: POST /session/a230b9fa5e58e47def27534e3d005bf9/elements - {"using":"xpath","value":"//*[@id=\"__item2612-__clone7729-imgNav\"]"}
RESULT: {"using":"xpath","value":"//*[@id=\"__item2612-__clone7729-imgNav\"]"}
COMMAND: POST /session/a230b9fa5e58e47def27534e3d005bf9/elements - {"using":"xpath","value":"//*[@id=\"__item2612-__clone7729-imgNav\"]"}
RESULT: {"using":"xpath","value":"//*[@id=\"__item2612-__clone7729-imgNav\"]"}
COMMAND: POST /session/a230b9fa5e58e47def27534e3d005bf9/elements - {"using":"xpath","value":"//*[@id=\"__item2612-__clone7729-imgNav\"]"}
RESULT: {"using":"xpath","value":"//*[@id=\"__item2612-__clone7729-imgNav\"]"}
COMMAND: POST /session/a230b9fa5e58e47def27534e3d005bf9/elements - {"using":"xpath","value":"//*[@id=\"__item2612-__clone7729-imgNav\"]"}
RESULT: {"using":"xpath","value":"//*[@id=\"__item2612-__clone7729-imgNav\"]"}
COMMAND: POST /session/a230b9fa5e58e47def27534e3d005bf9/elements - {"using":"xpath","value":"//*[@id=\"__item2612-__clone7729-imgNav\"]"}
RESULT: {"using":"xpath","value":"//*[@id=\"__item2612-__clone7729-imgNav\"]"}
COMMAND: POST /session/a230b9fa5e58e47def27534e3d005bf9/elements - {"using":"xpath","value":"//*[@id=\"__item2612-__clone7729-imgNav\"]"}
RESULT: {"using":"xpath","value":"//*[@id=\"__item2612-__clone7729-imgNav\"]"}
COMMAND: POST /session/a230b9fa5e58e47def27534e3d005bf9/elements - {"using":"xpath","value":"//*[@id=\"__item2612-__clone7729-imgNav\"]"}
RESULT: {"using":"xpath","value":"//*[@id=\"__item2612-__clone7729-imgNav\"]"}
COMMAND: POST /session/a230b9fa5e58e47def27534e3d005bf9/elements - {"using":"xpath","value":"//*[@id=\"__item2612-__clone7729-imgNav\"]"}
RESULT: {"using":"xpath","value":"//*[@id=\"__item2612-__clone7729-imgNav\"]"}
COMMAND: POST /session/a230b9fa5e58e47def27534e3d005bf9/elements - {"using":"xpath","value":"//*[@id=\"__item2612-__clone7729-imgNav\"]"}
RESULT: {"using":"xpath","value":"//*[@id=\"__item2612-__clone7729-imgNav\"]"}
COMMAND: POST /session/a230b9fa5e58e47def27534e3d005bf9/elements - {"using":"xpath","value":"//*[@id=\"__item2612-__clone7729-imgNav\"]"}
RESULT: {"using":"xpath","value":"//*[@id=\"__item2612-__clone7729-imgNav\"]"}
COMMAND: POST /session/a230b9fa5e58e47def27534e3d005bf9/elements - {"using":"xpath","value":"//*[@id=\"__item2612-__clone7729-imgNav\"]"}
RESULT: {"using":"xpath","value":"//*[@id=\"__item2612-__clone7729-imgNav\"]"}
COMMAND: POST /session/a230b9fa5e58e47def27534e3d005bf9/elements - {"using":"xpath","value":"//*[@id=\"__item2612-__clone7729-imgNav\"]"}
RESULT: {"using":"xpath","value":"//*[@id=\"__item2612-__clone7729-imgNav\"]"}
COMMAND: POST /session/a230b9fa5e58e47def27534e3d005bf9/elements - {"using":"xpath","value":"//*[@id=\"__item2612-__clone7729-imgNav\"]"}
RESULT: {"using":"xpath","value":"//*[@id=\"__item2612-__clone7729-imgNav\"]"}
COMMAND: POST /session/a230b9fa5e58e47def27534e3d005bf9/elements - {"using":"xpath","value":"//*[@id=\"__item2612-__clone7729-imgNav\"]"}
RESULT: {"using":"xpath","value":"//*[@id=\"__item2612-__clone7729-imgNav\"]"}
COMMAND: POST /session/a230b9fa5e58e47def27534e3d005bf9/elements - {"using":"xpath","value":"//*[@id=\"__item2612-__clone7729-imgNav\"]"}
RESULT: {"using":"xpath","value":"//*[@id=\"__item2612-__clone7729-imgNav\"]"}
COMMAND: POST /session/a230b9fa5e58e47def27534e3d005bf9/elements - {"using":"xpath","value":"//*[@id=\"__item2612-__clone7729-imgNav\"]"}
RESULT: {"using":"xpath","value":"//*[@id=\"__item2612-__clone7729-imgNav\"]"}
COMMAND: POST /session/a230b9fa5e58e47def27534e3d005bf9/elements - {"using":"xpath","value":"//*[@id=\"__item2612-__clone7729-imgNav\"]"}
RESULT: {"using":"xpath","value":"//*[@id=\"__item2612-__clone7729-imgNav\"]"}
COMMAND: POST /session/a230b9fa5e58e47def27534e3d005bf9/elements - {"using":"xpath","value":"//*[@id=\"__item2612-__clone7729-imgNav\"]"}
RESULT: {"using":"xpath","value":"//*[@id=\"__item2612-__clone7729-imgNav\"]"}
COMMAND: POST /session/a230b9fa5e58e47def27534e3d005bf9/elements - {"using":"xpath","value":"//*[@id=\"__item2612-__clone7729-imgNav\"]"}
RESULT: {"using":"xpath","value":"//*[@id=\"__item2612-__clone7729-imgNav\"]"}
COMMAND: POST /session/a230b9fa5e58e47def27534e3d005bf9/elements - {"using":"xpath","value":"//*[@id=\"__item2612-__clone7729-imgNav\"]"}
RESULT: {"using":"xpath","value":"//*[@id=\"__item2612-__clone7729-imgNav\"]"}
COMMAND: POST /session/a230b9fa5e58e47def27534e3d005bf9/elements - {"using":"xpath","value":"//*[@id=\"__item2612-__clone7729-imgNav\"]"}
RESULT: {"using":"xpath","value":"//*[@id=\"__item2612-__clone7729-imgNav\"]"}
COMMAND: POST /session/a230b9fa5e58e47def27534e3d005bf9/elements - {"using":"xpath","value":"//*[@id=\"__item2612-__clone7729-imgNav\"]"}
RESULT: {"using":"xpath","value":"//*[@id=\"__item2612-__clone7729-imgNav\"]"}
COMMAND: POST /session/a230b9fa5e58e47def27534e3d005bf9/elements - {"using":"xpath","value":"//*[@id=\"__item2612-__clone7729-imgNav\"]"}
RESULT: {"using":"xpath","value":"//*[@id=\"__item2612-__clone7729-imgNav\"]"}
COMMAND: POST /session/a230b9fa5e58e47def27534e3d005bf9/elements - {"using":"xpath","value":"//*[@id=\"__item2612-__clone7729-imgNav\"]"}
RESULT: {"using":"xpath","value":"//*[@id=\"__item2612-__clone7729-imgNav\"]"}
COMMAND: POST /session/a230b9fa5e58e47def27534e3d005bf9/elements - {"using":"xpath","value":"//*[@id=\"__item2612-__clone7729-imgNav\"]"}
RESULT: {"using":"xpath","value":"//*[@id=\"__item2612-__clone7729-imgNav\"]"}
COMMAND: POST /session/a230b9fa5e58e47def27534e3d005bf9/elements - {"using":"xpath","value":"//*[@id=\"__item2612-__clone7729-imgNav\"]"}
RESULT: {"using":"xpath","value":"//*[@id=\"__item2612-__clone7729-imgNav\"]"}
COMMAND: POST /session/a230b9fa5e58e47def27534e3d005bf9/elements - {"using":"xpath","value":"//*[@id=\"__item2612-__clone7729-imgNav\"]"}
RESULT: {"using":"xpath","value":"//*[@id=\"__item2612-__clone7729-imgNav\"]"}
COMMAND: POST /session/a230b9fa5e58e47def27534e3d005bf9/elements - {"using":"xpath","value":"//*[@id=\"__item2612-__clone7729-imgNav\"]"}
RESULT: {"using":"xpath","value":"//*[@id=\"__item2612-__clone7729-imgNav\"]"}
COMMAND: POST /session/a230b9fa5e58e47def27534e3d005bf9/elements - {"using":"xpath","value":"//*[@id=\"__item2612-__clone7729-imgNav\"]"}
RESULT: {"using":"xpath","value":"//*[@id=\"__item2612-__clone7729-imgNav\"]"}
COMMAND: POST /session/a230b9fa5e58e47def27534e3d005bf9/elements - {"using":"xpath","value":"//*[@id=\"__item2612-__clone7729-imgNav\"]"}
RESULT: {"using":"xpath","value":"//*[@id=\"__item2612-__clone7729-imgNav\"]"}
COMMAND: POST /session/a230b9fa5e58e47def27534e3d005bf9/elements - {"using":"xpath","value":"//*[@id=\"__item2612-__clone7729-imgNav\"]"}
RESULT: {"using":"xpath","value":"//*[@id=\"__item2612-__clone7729-imgNav\"]"}
COMMAND: POST /session/a230b9fa5e58e47def27534e3d005bf9/elements - {"using":"xpath","value":"//*[@id=\"__item2612-__clone7729-imgNav\"]"}
RESULT: {"using":"xpath","value":"//*[@id=\"__item2612-__clone7729-imgNav\"]"}
COMMAND: POST /session/a230b9fa5e58e47def27534e3d005bf9/elements - {"using":"xpath","value":"//*[@id=\"__item2612-__clone7729-imgNav\"]"}
RESULT: {"using":"xpath","value":"//*[@id=\"__item2612-__clone7729-imgNav\"]"}
COMMAND: POST /session/a230b9fa5e58e47def27534e3d005bf9/elements - {"using":"xpath","value":"//*[@id=\"__item2612-__clone7729-imgNav\"]"}
RESULT: {"using":"xpath","value":"//*[@id=\"__item2612-__clone7729-imgNav\"]"}
COMMAND: POST /session/a230b9fa5e58e47def27534e3d005bf9/elements - {"using":"xpath","value":"//*[@id=\"__item2612-__clone7729-imgNav\"]"}
RESULT: {"using":"xpath","value":"//*[@id=\"__item2612-__clone7729-imgNav\"]"}
COMMAND: POST /session/a230b9fa5e58e47def27534e3d005bf9/elements - {"using":"xpath","value":"//*[@id=\"__item2612-__clone7729-imgNav\"]"}
RESULT: {"using":"xpath","value":"//*[@id=\"__item2612-__clone7729-imgNav\"]"}
COMMAND: POST /session/a230b9fa5e58e47def27534e3d005bf9/elements - {"using":"xpath","value":"//*[@id=\"__item2612-__clone7729-imgNav\"]"}
RESULT: {"using":"xpath","value":"//*[@id=\"__item2612-__clone7729-imgNav\"]"}
COMMAND: POST /session/a230b9fa5e58e47def27534e3d005bf9/elements - {"using":"xpath","value":"//*[@id=\"__item2612-__clone7729-imgNav\"]"}
RESULT: {"using":"xpath","value":"//*[@id=\"__item2612-__clone7729-imgNav\"]"}
RESULT: undefined
RESULT: undefined
COMMAND: POST /session/a230b9fa5e58e47def27534e3d005bf9/execute/async - {"script":"<script> [1562 bytes]","args":[{"selector":{"controlType":"sap.m.ToggleButton","viewName":"etm.portal.ui.managehandovers.view.DetailExecuteHO","i18NText":{"propertyName":"text","key":"refuse"},"interaction":{"idSuffix":"BDI-content"}},"wdio_ui5_key":"etmportal.ui.managehandovers.view.DetailExecuteHOsap.m.ToggleButton{\"propertyName\":\"text\",\"key\":\"refuse\"}"}]}
RESULT: {"script":"<script> [1562 bytes]","args":[{"selector":{"controlType":"sap.m.ToggleButton","viewName":"etm.portal.ui.managehandovers.view.DetailExecuteHO","i18NText":{"propertyName":"text","key":"refuse"},"interaction":{"idSuffix":"BDI-content"}},"wdio_ui5_key":"etmportal.ui.managehandovers.view.DetailExecuteHOsap.m.ToggleButton{\"propertyName\":\"text\",\"key\":\"refuse\"}"}]}
RESULT: undefined
COMMAND: POST /session/a230b9fa5e58e47def27534e3d005bf9/execute/async - {"script":"<script> [1562 bytes]","args":[{"selector":{"id":"confirmationButton","viewName":"etm.portal.ui.managehandovers.view.DetailExecuteHO","interaction":{"idSuffix":"BDI-content"},"properties":{"text":"Receive / Refuse"}},"wdio_ui5_key":"confirmationButtonetmportal.ui.managehandovers.view.DetailExecuteHO{\"text\":\"Receive / Refuse\"}"}]}
RESULT: {"script":"<script> [1562 bytes]","args":[{"selector":{"id":"confirmationButton","viewName":"etm.portal.ui.managehandovers.view.DetailExecuteHO","interaction":{"idSuffix":"BDI-content"},"properties":{"text":"Receive / Refuse"}},"wdio_ui5_key":"confirmationButtonetmportal.ui.managehandovers.view.DetailExecuteHO{\"text\":\"Receive / Refuse\"}"}]}
RESULT: undefined
COMMAND: POST /session/a230b9fa5e58e47def27534e3d005bf9/element - {"using":"css selector","value":"#j_username"}
COMMAND: POST /session/a230b9fa5e58e47def27534e3d005bf9/url - {"url":"https://qa-testing-00-live-etm-ui.cfapps.eu10-004.hana.ondemand.com/"}
RESULT: {"using":"css selector","value":"#j_username"}
COMMAND: POST /session/a230b9fa5e58e47def27534e3d005bf9/element - {"using":"css selector","value":"#j_username"}
RESULT: {"url":"https://qa-testing-00-live-etm-ui.cfapps.eu10-004.hana.ondemand.com/"}
RESULT: undefined
COMMAND: GET /session/a230b9fa5e58e47def27534e3d005bf9/screenshot - {}
RESULT: {"using":"css selector","value":"#j_username"}
COMMAND: POST /session/a230b9fa5e58e47def27534e3d005bf9/element - {"using":"css selector","value":"#shell-header-logo"}
RESULT: {}
RESULT: {"using":"css selector","value":"#shell-header-logo"}
COMMAND: POST /session/a230b9fa5e58e47def27534e3d005bf9/execute/sync - {"script":"<script> [8489 bytes]","args":[{"element-6066-11e4-a52e-4f735466cecf":"f.5A792F38359A1C743AD3061B3E5B94B4.d.0D78E41D12AB1DE6C437F6E42579B1F0.e.18853","ELEMENT":"f.5A792F38359A1C743AD3061B3E5B94B4.d.0D78E41D12AB1DE6C437F6E42579B1F0.e.18853"}]}
RESULT: {"script":"<script> [8489 bytes]","args":[{"element-6066-11e4-a52e-4f735466cecf":"f.5A792F38359A1C743AD3061B3E5B94B4.d.0D78E41D12AB1DE6C437F6E42579B1F0.e.18853","ELEMENT":"f.5A792F38359A1C743AD3061B3E5B94B4.d.0D78E41D12AB1DE6C437F6E42579B1F0.e.18853"}]}
COMMAND: POST /session/a230b9fa5e58e47def27534e3d005bf9/element - {"using":"css selector","value":"#shell-header-logo"}
COMMAND: GET /session/a230b9fa5e58e47def27534e3d005bf9/screenshot - {}
RESULT: {"using":"css selector","value":"#shell-header-logo"}
COMMAND: POST /session/a230b9fa5e58e47def27534e3d005bf9/execute/sync - {"script":"<script> [8489 bytes]","args":[{"element-6066-11e4-a52e-4f735466cecf":"f.5A792F38359A1C743AD3061B3E5B94B4.d.0D78E41D12AB1DE6C437F6E42579B1F0.e.18853","ELEMENT":"f.5A792F38359A1C743AD3061B3E5B94B4.d.0D78E41D12AB1DE6C437F6E42579B1F0.e.18853"}]}
RESULT: {}
RESULT: {"script":"<script> [8489 bytes]","args":[{"element-6066-11e4-a52e-4f735466cecf":"f.5A792F38359A1C743AD3061B3E5B94B4.d.0D78E41D12AB1DE6C437F6E42579B1F0.e.18853","ELEMENT":"f.5A792F38359A1C743AD3061B3E5B94B4.d.0D78E41D12AB1DE6C437F6E42579B1F0.e.18853"}]}
COMMAND: POST /session/a230b9fa5e58e47def27534e3d005bf9/execute/sync - {"script":"<script> [5351 bytes]","args":[{"element-6066-11e4-a52e-4f735466cecf":"f.5A792F38359A1C743AD3061B3E5B94B4.d.0D78E41D12AB1DE6C437F6E42579B1F0.e.18853","ELEMENT":"f.5A792F38359A1C743AD3061B3E5B94B4.d.0D78E41D12AB1DE6C437F6E42579B1F0.e.18853"}]}
COMMAND: GET /session/a230b9fa5e58e47def27534e3d005bf9/screenshot - {}
RESULT: {}
RESULT: {"script":"<script> [5351 bytes]","args":[{"element-6066-11e4-a52e-4f735466cecf":"f.5A792F38359A1C743AD3061B3E5B94B4.d.0D78E41D12AB1DE6C437F6E42579B1F0.e.18853","ELEMENT":"f.5A792F38359A1C743AD3061B3E5B94B4.d.0D78E41D12AB1DE6C437F6E42579B1F0.e.18853"}]}
COMMAND: POST /session/a230b9fa5e58e47def27534e3d005bf9/element - {"using":"css selector","value":"#shell-header-logo"}
COMMAND: GET /session/a230b9fa5e58e47def27534e3d005bf9/screenshot - {}
RESULT: {"using":"css selector","value":"#shell-header-logo"}
COMMAND: POST /session/a230b9fa5e58e47def27534e3d005bf9/element/f.5A792F38359A1C743AD3061B3E5B94B4.d.0D78E41D12AB1DE6C437F6E42579B1F0.e.18853/click - {}
RESULT: {}
RESULT: {}
COMMAND: GET /session/a230b9fa5e58e47def27534e3d005bf9/screenshot - {}
RESULT: {}
COMMAND: POST /session/a230b9fa5e58e47def27534e3d005bf9/execute/async - {"script":"<script> [189 bytes]","args":[]}
RESULT: {"script":"<script> [189 bytes]","args":[]}
COMMAND: POST /session/a230b9fa5e58e47def27534e3d005bf9/execute/async - {"script":"<script> [123 bytes]","args":[]}
RESULT: {"script":"<script> [123 bytes]","args":[]}
COMMAND: POST /session/a230b9fa5e58e47def27534e3d005bf9/timeouts - {"script":"<number>"}
RESULT: {"script":"<number>"}
COMMAND: GET /session/a230b9fa5e58e47def27534e3d005bf9/timeouts - {}
RESULT: {}
RESULT: undefined
COMMAND: POST /session/a230b9fa5e58e47def27534e3d005bf9/execute/async - {"script":"<script> [2676 bytes]","args":[]}
RESULT: {"script":"<script> [2676 bytes]","args":[]}
COMMAND: POST /session/a230b9fa5e58e47def27534e3d005bf9/execute/async - {"script":"<script> [2342 bytes]","args":[{"protocol":"http","hostname":"0.0.0.0","path":"/","capabilities":{"browserName":"chrome","goog:chromeOptions":{"binary":"C:\\Program Files\\Google\\Chrome\\Application\\chrome.exe","args":["--start-maximized"]}},"logLevel":"warn","connectionRetryTimeout":120000,"connectionRetryCount":3,"logLevels":{},"enableDirectConnect":true,"strictSSL":true,"_":"65 more keys: [\"cacheDir\",\"port\",\"requestedCapabilities\",\"automationProtocol\",\"baseUrl\",\"waitforInterval\",\"waitforTimeout\",\"onReload\",\"beforeCommand\",\"afterCommand\",\"rootDir\",\"specs\",\"suites\",\"exclude\",\"groupLogsByTestSpec\",\"excludeDriverLogs\",\"bail\",\"framework\",\"reporters\",\"services\",\"maxInstances\",\"maxInstancesPerCapability\",\"injectGlobals\",\"filesToWatch\",\"execArgv\",\"runnerEnv\",\"runner\",\"shard\",\"specFileRetries\",\"specFileRetriesDelay\",\"specFileRetriesDeferred\",\"reporterSyncInterval\",\"reporterSyncTimeout\",\"cucumberFeaturesWithLineNumbers\",\"autoCompileOpts\",\"mochaOpts\",\"jasmineOpts\",\"cucumberOpts\",\"onPrepare\",\"onWorkerStart\",\"onWorkerEnd\",\"before\",\"beforeSession\",\"beforeSuite\",\"beforeHook\",\"beforeTest\",\"afterTest\",\"afterHook\",\"afterSuite\",\"afterSession\",\"after\",\"onComplete\",\"beforeAssertion\",\"afterAssertion\",\"beforeFeature\",\"beforeScenario\",\"beforeStep\",\"afterStep\",\"afterScenario\",\"afterFeature\",\"_\",\"suite\",\"$0\",\"ignoredWorkerServices\",\"wdi5\"]"}]}
RESULT: {"script":"<script> [2342 bytes]","args":[{"protocol":"http","hostname":"0.0.0.0","path":"/","capabilities":{"browserName":"chrome","goog:chromeOptions":{"binary":"C:\\Program Files\\Google\\Chrome\\Application\\chrome.exe","args":["--start-maximized"]}},"logLevel":"warn","connectionRetryTimeout":120000,"connectionRetryCount":3,"logLevels":{},"enableDirectConnect":true,"strictSSL":true,"_":"65 more keys: [\"cacheDir\",\"port\",\"requestedCapabilities\",\"automationProtocol\",\"baseUrl\",\"waitforInterval\",\"waitforTimeout\",\"onReload\",\"beforeCommand\",\"afterCommand\",\"rootDir\",\"specs\",\"suites\",\"exclude\",\"groupLogsByTestSpec\",\"excludeDriverLogs\",\"bail\",\"framework\",\"reporters\",\"services\",\"maxInstances\",\"maxInstancesPerCapability\",\"injectGlobals\",\"filesToWatch\",\"execArgv\",\"runnerEnv\",\"runner\",\"shard\",\"specFileRetries\",\"specFileRetriesDelay\",\"specFileRetriesDeferred\",\"reporterSyncInterval\",\"reporterSyncTimeout\",\"cucumberFeaturesWithLineNumbers\",\"autoCompileOpts\",\"mochaOpts\",\"jasmineOpts\",\"cucumberOpts\",\"onPrepare\",\"onWorkerStart\",\"onWorkerEnd\",\"before\",\"beforeSession\",\"beforeSuite\",\"beforeHook\",\"beforeTest\",\"afterTest\",\"afterHook\",\"afterSuite\",\"afterSession\",\"after\",\"onComplete\",\"beforeAssertion\",\"afterAssertion\",\"beforeFeature\",\"beforeScenario\",\"beforeStep\",\"afterStep\",\"afterScenario\",\"afterFeature\",\"_\",\"suite\",\"$0\",\"ignoredWorkerServices\",\"wdi5\"]"}]}
COMMAND: POST /session/a230b9fa5e58e47def27534e3d005bf9/execute/async - {"script":"<script> [21126 bytes]","args":[35000]}
RESULT: {"script":"<script> [21126 bytes]","args":[35000]}
COMMAND: POST /session/a230b9fa5e58e47def27534e3d005bf9/window/maximize - {}
RESULT: {}
COMMAND: POST /session/a230b9fa5e58e47def27534e3d005bf9/execute/async - {"script":"<script> [1562 bytes]","args":[{"selector":{"id":"shell-header","interaction":{"idSuffix":"icon"}},"wdio_ui5_key":"shellheader"}]}
COMMAND: GET /session/a230b9fa5e58e47def27534e3d005bf9/screenshot - {}
RESULT: {"script":"<script> [1562 bytes]","args":[{"selector":{"id":"shell-header","interaction":{"idSuffix":"icon"}},"wdio_ui5_key":"shellheader"}]}
RESULT: undefined
]]></system-out>
    </testcase>
  </testsuite>
  <testsuite timestamp="2025-04-28T17:21:16" time="304.772" tests="4" failures="0" errors="0" skipped="0">
    <properties>
      <property name="specId" value="0" />
      <property name="suiteName" value="Provide to Site w/o warehouse management w/o clarification US116612" />
      <property name="capabilities" value="chrome.135_0_7049_96.windows" />
      <property name="file" value="file:///D:/a/1/s/test/specs/HTR/provide-to-site-wo-warehouse-wo-clarification.spec.js" />
    </properties>
    <testcase classname="chrome.135_0_7049_96.windows.Provide_to_Site_w/o_warehouse_management_w/o_clarification_US116612" name="Should create a WHM yard" time="101.765">
      <system-out><![CDATA[
COMMAND: POST /session/a230b9fa5e58e47def27534e3d005bf9/execute/async - {"script":"<script> [1562 bytes]","args":[{"selector":{"controlType":"sap.m.GenericTile","properties":{"header":"Manage Yards"}},"wdio_ui5_key":"sapm.GenericTile{\"header\":\"Manage Yards\"}"}]}
RESULT: {}
RESULT: {"script":"<script> [1562 bytes]","args":[{"selector":{"controlType":"sap.m.GenericTile","properties":{"header":"Manage Yards"}},"wdio_ui5_key":"sapm.GenericTile{\"header\":\"Manage Yards\"}"}]}
RESULT: undefined
COMMAND: POST /session/a230b9fa5e58e47def27534e3d005bf9/element - {"using":"xpath","value":"//*[@id=\"__tile41\"]"}
RESULT: {"using":"xpath","value":"//*[@id=\"__tile41\"]"}
COMMAND: POST /session/a230b9fa5e58e47def27534e3d005bf9/element/f.5A792F38359A1C743AD3061B3E5B94B4.d.0D78E41D12AB1DE6C437F6E42579B1F0.e.18860/click - {}
RESULT: {}
COMMAND: POST /session/a230b9fa5e58e47def27534e3d005bf9/execute/async - {"script":"<script> [1562 bytes]","args":[{"selector":{"controlType":"sap.ui.core.Icon","viewName":"etm.portal.ui.manageyards.view.Master","viewId":"application-manageyards-display-component---masterYard","properties":{"src":{"regex":{"source":"add"}}}},"wdio_ui5_key":"etmportal.ui.manageyards.view.Mastersap.ui.core.Icon{\"src\":{\"regex\":{\"source\":\"add\"}}}"}]}
COMMAND: GET /session/a230b9fa5e58e47def27534e3d005bf9/screenshot - {}
RESULT: {"script":"<script> [1562 bytes]","args":[{"selector":{"controlType":"sap.ui.core.Icon","viewName":"etm.portal.ui.manageyards.view.Master","viewId":"application-manageyards-display-component---masterYard","properties":{"src":{"regex":{"source":"add"}}}},"wdio_ui5_key":"etmportal.ui.manageyards.view.Mastersap.ui.core.Icon{\"src\":{\"regex\":{\"source\":\"add\"}}}"}]}
RESULT: undefined
COMMAND: POST /session/a230b9fa5e58e47def27534e3d005bf9/element - {"using":"xpath","value":"//*[@id=\"__button4-img\"]"}
RESULT: {}
RESULT: {"using":"xpath","value":"//*[@id=\"__button4-img\"]"}
COMMAND: POST /session/a230b9fa5e58e47def27534e3d005bf9/element/f.5A792F38359A1C743AD3061B3E5B94B4.d.0D78E41D12AB1DE6C437F6E42579B1F0.e.19004/click - {}
RESULT: {}
COMMAND: POST /session/a230b9fa5e58e47def27534e3d005bf9/execute/async - {"script":"<script> [1562 bytes]","args":[{"selector":{"id":"application-manageyards-display-component---NewYard--addressDetailDetailsName1","interaction":{"idSuffix":"inner"}},"wdio_ui5_key":"applicationmanageyards-display-component---NewYard--addressDetailDetailsName1"}]}
COMMAND: GET /session/a230b9fa5e58e47def27534e3d005bf9/screenshot - {}
RESULT: {"script":"<script> [1562 bytes]","args":[{"selector":{"id":"application-manageyards-display-component---NewYard--addressDetailDetailsName1","interaction":{"idSuffix":"inner"}},"wdio_ui5_key":"applicationmanageyards-display-component---NewYard--addressDetailDetailsName1"}]}
RESULT: undefined
COMMAND: POST /session/a230b9fa5e58e47def27534e3d005bf9/execute/async - {"script":"<script> [776 bytes]","args":[{"enterText":"warehouse managed Yard","selector":{"id":"application-manageyards-display-component---NewYard--addressDetailDetailsName1","interaction":{"idSuffix":"inner"}},"clearTextFirst":true,"interactionType":"ENTER_TEXT"}]}
RESULT: {}
RESULT: {"script":"<script> [776 bytes]","args":[{"enterText":"warehouse managed Yard","selector":{"id":"application-manageyards-display-component---NewYard--addressDetailDetailsName1","interaction":{"idSuffix":"inner"}},"clearTextFirst":true,"interactionType":"ENTER_TEXT"}]}
COMMAND: POST /session/a230b9fa5e58e47def27534e3d005bf9/execute/async - {"script":"<script> [1562 bytes]","args":[{"selector":{"id":"application-manageyards-display-component---NewYard--addressDetailDetailsLanguage-arrow"},"wdio_ui5_key":"applicationmanageyards-display-component---NewYard--addressDetailDetailsLanguage-arrow"}]}
RESULT: {"script":"<script> [1562 bytes]","args":[{"selector":{"id":"application-manageyards-display-component---NewYard--addressDetailDetailsLanguage-arrow"},"wdio_ui5_key":"applicationmanageyards-display-component---NewYard--addressDetailDetailsLanguage-arrow"}]}
RESULT: undefined
COMMAND: POST /session/a230b9fa5e58e47def27534e3d005bf9/element - {"using":"xpath","value":"//*[@id=\"application-manageyards-display-component---NewYard--addressDetailDetailsLanguage-arrow\"]"}
RESULT: {"using":"xpath","value":"//*[@id=\"application-manageyards-display-component---NewYard--addressDetailDetailsLanguage-arrow\"]"}
COMMAND: POST /session/a230b9fa5e58e47def27534e3d005bf9/element/f.5A792F38359A1C743AD3061B3E5B94B4.d.0D78E41D12AB1DE6C437F6E42579B1F0.e.19318/click - {}
RESULT: {}
COMMAND: POST /session/a230b9fa5e58e47def27534e3d005bf9/execute/async - {"script":"<script> [1562 bytes]","args":[{"selector":{"controlType":"sap.m.StandardListItem","viewName":"etm.portal.ui.manageyards.view.New","viewId":"application-manageyards-display-component---NewYard","properties":{"title":"English"},"searchOpenDialogs":true,"interaction":{"idSuffix":"content"}},"wdio_ui5_key":"etmportal.ui.manageyards.view.Newsap.m.StandardListItem{\"title\":\"English\"}"}]}
COMMAND: GET /session/a230b9fa5e58e47def27534e3d005bf9/screenshot - {}
RESULT: {"script":"<script> [1562 bytes]","args":[{"selector":{"controlType":"sap.m.StandardListItem","viewName":"etm.portal.ui.manageyards.view.New","viewId":"application-manageyards-display-component---NewYard","properties":{"title":"English"},"searchOpenDialogs":true,"interaction":{"idSuffix":"content"}},"wdio_ui5_key":"etmportal.ui.manageyards.view.Newsap.m.StandardListItem{\"title\":\"English\"}"}]}
RESULT: undefined
COMMAND: POST /session/a230b9fa5e58e47def27534e3d005bf9/element - {"using":"xpath","value":"//*[@id=\"__item101\"]"}
RESULT: {}
RESULT: {"using":"xpath","value":"//*[@id=\"__item101\"]"}
COMMAND: POST /session/a230b9fa5e58e47def27534e3d005bf9/element/f.5A792F38359A1C743AD3061B3E5B94B4.d.0D78E41D12AB1DE6C437F6E42579B1F0.e.19320/click - {}
RESULT: {}
COMMAND: POST /session/a230b9fa5e58e47def27534e3d005bf9/execute/async - {"script":"<script> [1562 bytes]","args":[{"selector":{"id":"application-manageyards-display-component---NewYard--addressDetailDetailsCity1","interaction":{"idSuffix":"inner"}},"wdio_ui5_key":"applicationmanageyards-display-component---NewYard--addressDetailDetailsCity1"}]}
COMMAND: GET /session/a230b9fa5e58e47def27534e3d005bf9/screenshot - {}
RESULT: {"script":"<script> [1562 bytes]","args":[{"selector":{"id":"application-manageyards-display-component---NewYard--addressDetailDetailsCity1","interaction":{"idSuffix":"inner"}},"wdio_ui5_key":"applicationmanageyards-display-component---NewYard--addressDetailDetailsCity1"}]}
RESULT: undefined
COMMAND: POST /session/a230b9fa5e58e47def27534e3d005bf9/execute/async - {"script":"<script> [776 bytes]","args":[{"enterText":"Rosario","selector":{"id":"application-manageyards-display-component---NewYard--addressDetailDetailsCity1","interaction":{"idSuffix":"inner"}},"clearTextFirst":true,"interactionType":"ENTER_TEXT"}]}
RESULT: {}
RESULT: {"script":"<script> [776 bytes]","args":[{"enterText":"Rosario","selector":{"id":"application-manageyards-display-component---NewYard--addressDetailDetailsCity1","interaction":{"idSuffix":"inner"}},"clearTextFirst":true,"interactionType":"ENTER_TEXT"}]}
COMMAND: POST /session/a230b9fa5e58e47def27534e3d005bf9/execute/async - {"script":"<script> [1562 bytes]","args":[{"selector":{"id":"application-manageyards-display-component---NewYard--addressDetailDetailsCountry-arrow"},"wdio_ui5_key":"applicationmanageyards-display-component---NewYard--addressDetailDetailsCountry-arrow"}]}
RESULT: {"script":"<script> [1562 bytes]","args":[{"selector":{"id":"application-manageyards-display-component---NewYard--addressDetailDetailsCountry-arrow"},"wdio_ui5_key":"applicationmanageyards-display-component---NewYard--addressDetailDetailsCountry-arrow"}]}
RESULT: undefined
COMMAND: POST /session/a230b9fa5e58e47def27534e3d005bf9/element - {"using":"xpath","value":"//*[@id=\"application-manageyards-display-component---NewYard--addressDetailDetailsCountry-arrow\"]"}
RESULT: {"using":"xpath","value":"//*[@id=\"application-manageyards-display-component---NewYard--addressDetailDetailsCountry-arrow\"]"}
COMMAND: POST /session/a230b9fa5e58e47def27534e3d005bf9/element/f.5A792F38359A1C743AD3061B3E5B94B4.d.0D78E41D12AB1DE6C437F6E42579B1F0.e.19305/click - {}
RESULT: {}
COMMAND: POST /session/a230b9fa5e58e47def27534e3d005bf9/execute/async - {"script":"<script> [1562 bytes]","args":[{"selector":{"controlType":"sap.m.StandardListItem","viewName":"etm.portal.ui.manageyards.view.New","viewId":"application-manageyards-display-component---NewYard","properties":{"title":"Argentina"},"searchOpenDialogs":true,"interaction":{"idSuffix":"content"}},"wdio_ui5_key":"etmportal.ui.manageyards.view.Newsap.m.StandardListItem{\"title\":\"Argentina\"}"}]}
COMMAND: GET /session/a230b9fa5e58e47def27534e3d005bf9/screenshot - {}
RESULT: {"script":"<script> [1562 bytes]","args":[{"selector":{"controlType":"sap.m.StandardListItem","viewName":"etm.portal.ui.manageyards.view.New","viewId":"application-manageyards-display-component---NewYard","properties":{"title":"Argentina"},"searchOpenDialogs":true,"interaction":{"idSuffix":"content"}},"wdio_ui5_key":"etmportal.ui.manageyards.view.Newsap.m.StandardListItem{\"title\":\"Argentina\"}"}]}
RESULT: undefined
COMMAND: POST /session/a230b9fa5e58e47def27534e3d005bf9/element - {"using":"xpath","value":"//*[@id=\"__item144\"]"}
RESULT: {}
RESULT: {"using":"xpath","value":"//*[@id=\"__item144\"]"}
COMMAND: POST /session/a230b9fa5e58e47def27534e3d005bf9/element/f.5A792F38359A1C743AD3061B3E5B94B4.d.0D78E41D12AB1DE6C437F6E42579B1F0.e.19324/click - {}
RESULT: {}
COMMAND: POST /session/a230b9fa5e58e47def27534e3d005bf9/execute/async - {"script":"<script> [1562 bytes]","args":[{"selector":{"controlType":"sap.m.Button","viewName":"etm.portal.ui.manageyards.view.New","viewId":"application-manageyards-display-component---NewYard","properties":{"text":"Commercial"},"interaction":{"idSuffix":"BDI-content"}},"wdio_ui5_key":"etmportal.ui.manageyards.view.Newsap.m.Button{\"text\":\"Commercial\"}"}]}
COMMAND: GET /session/a230b9fa5e58e47def27534e3d005bf9/screenshot - {}
RESULT: {"script":"<script> [1562 bytes]","args":[{"selector":{"controlType":"sap.m.Button","viewName":"etm.portal.ui.manageyards.view.New","viewId":"application-manageyards-display-component---NewYard","properties":{"text":"Commercial"},"interaction":{"idSuffix":"BDI-content"}},"wdio_ui5_key":"etmportal.ui.manageyards.view.Newsap.m.Button{\"text\":\"Commercial\"}"}]}
RESULT: undefined
COMMAND: POST /session/a230b9fa5e58e47def27534e3d005bf9/element - {"using":"xpath","value":"//*[@id=\"application-manageyards-display-component---NewYard--ObjectPageLayout-anchBar-__section5-anchor\"]"}
RESULT: {}
RESULT: {"using":"xpath","value":"//*[@id=\"application-manageyards-display-component---NewYard--ObjectPageLayout-anchBar-__section5-anchor\"]"}
COMMAND: POST /session/a230b9fa5e58e47def27534e3d005bf9/element/f.5A792F38359A1C743AD3061B3E5B94B4.d.0D78E41D12AB1DE6C437F6E42579B1F0.e.19326/click - {}
RESULT: {}
COMMAND: GET /session/a230b9fa5e58e47def27534e3d005bf9/screenshot - {}
RESULT: {}
COMMAND: POST /session/a230b9fa5e58e47def27534e3d005bf9/execute/async - {"script":"<script> [1562 bytes]","args":[{"selector":{"id":"application-manageyards-display-component---NewYard--addressEditDetailsCostObjectCstType-arrow"},"wdio_ui5_key":"applicationmanageyards-display-component---NewYard--addressEditDetailsCostObjectCstType-arrow"}]}
RESULT: {"script":"<script> [1562 bytes]","args":[{"selector":{"id":"application-manageyards-display-component---NewYard--addressEditDetailsCostObjectCstType-arrow"},"wdio_ui5_key":"applicationmanageyards-display-component---NewYard--addressEditDetailsCostObjectCstType-arrow"}]}
RESULT: undefined
COMMAND: POST /session/a230b9fa5e58e47def27534e3d005bf9/element - {"using":"xpath","value":"//*[@id=\"application-manageyards-display-component---NewYard--addressEditDetailsCostObjectCstType-arrow\"]"}
RESULT: {"using":"xpath","value":"//*[@id=\"application-manageyards-display-component---NewYard--addressEditDetailsCostObjectCstType-arrow\"]"}
COMMAND: POST /session/a230b9fa5e58e47def27534e3d005bf9/element/f.5A792F38359A1C743AD3061B3E5B94B4.d.0D78E41D12AB1DE6C437F6E42579B1F0.e.19337/click - {}
RESULT: {}
COMMAND: GET /session/a230b9fa5e58e47def27534e3d005bf9/screenshot - {}
RESULT: {}
COMMAND: POST /session/a230b9fa5e58e47def27534e3d005bf9/execute/async - {"script":"<script> [1562 bytes]","args":[{"selector":{"controlType":"sap.m.StandardListItem","viewName":"etm.portal.ui.manageyards.view.New","viewId":"application-manageyards-display-component---NewYard","properties":{"title":"Cost Center"},"searchOpenDialogs":true,"interaction":{"idSuffix":"titleText"}},"wdio_ui5_key":"etmportal.ui.manageyards.view.Newsap.m.StandardListItem{\"title\":\"Cost Center\"}"}]}
RESULT: {"script":"<script> [1562 bytes]","args":[{"selector":{"controlType":"sap.m.StandardListItem","viewName":"etm.portal.ui.manageyards.view.New","viewId":"application-manageyards-display-component---NewYard","properties":{"title":"Cost Center"},"searchOpenDialogs":true,"interaction":{"idSuffix":"titleText"}},"wdio_ui5_key":"etmportal.ui.manageyards.view.Newsap.m.StandardListItem{\"title\":\"Cost Center\"}"}]}
RESULT: undefined
COMMAND: POST /session/a230b9fa5e58e47def27534e3d005bf9/element - {"using":"xpath","value":"//*[@id=\"__item234\"]"}
RESULT: {"using":"xpath","value":"//*[@id=\"__item234\"]"}
COMMAND: POST /session/a230b9fa5e58e47def27534e3d005bf9/element/f.5A792F38359A1C743AD3061B3E5B94B4.d.0D78E41D12AB1DE6C437F6E42579B1F0.e.19339/click - {}
RESULT: {}
COMMAND: POST /session/a230b9fa5e58e47def27534e3d005bf9/element - {"using":"xpath","value":"//input[@id=\"application-manageyards-display-component---NewYard--addressNewCostObjectCstID-inner\"]"}
COMMAND: GET /session/a230b9fa5e58e47def27534e3d005bf9/screenshot - {}
RESULT: {"using":"xpath","value":"//input[@id=\"application-manageyards-display-component---NewYard--addressNewCostObjectCstID-inner\"]"}
COMMAND: POST /session/a230b9fa5e58e47def27534e3d005bf9/element/f.5A792F38359A1C743AD3061B3E5B94B4.d.0D78E41D12AB1DE6C437F6E42579B1F0.e.19134/clear - {}
RESULT: {}
COMMAND: POST /session/a230b9fa5e58e47def27534e3d005bf9/element - {"using":"xpath","value":"//input[@id=\"application-manageyards-display-component---NewYard--addressNewCostObjectCstID-inner\"]"}
RESULT: {"using":"xpath","value":"//input[@id=\"application-manageyards-display-component---NewYard--addressNewCostObjectCstID-inner\"]"}
COMMAND: POST /session/a230b9fa5e58e47def27534e3d005bf9/element/f.5A792F38359A1C743AD3061B3E5B94B4.d.0D78E41D12AB1DE6C437F6E42579B1F0.e.19134/clear - {}
COMMAND: POST /session/a230b9fa5e58e47def27534e3d005bf9/element - {"using":"xpath","value":"//input[@id=\"application-manageyards-display-component---NewYard--addressNewCostObjectCstID-inner\"]"}
RESULT: {"using":"xpath","value":"//input[@id=\"application-manageyards-display-component---NewYard--addressNewCostObjectCstID-inner\"]"}
COMMAND: POST /session/a230b9fa5e58e47def27534e3d005bf9/element/f.5A792F38359A1C743AD3061B3E5B94B4.d.0D78E41D12AB1DE6C437F6E42579B1F0.e.19344/clear - {}
RESULT: {}
COMMAND: POST /session/a230b9fa5e58e47def27534e3d005bf9/element/f.5A792F38359A1C743AD3061B3E5B94B4.d.0D78E41D12AB1DE6C437F6E42579B1F0.e.19344/value - {"text":"10001013"}
COMMAND: GET /session/a230b9fa5e58e47def27534e3d005bf9/screenshot - {}
RESULT: {"text":"10001013"}
COMMAND: GET /session/a230b9fa5e58e47def27534e3d005bf9/screenshot - {}
RESULT: {}
RESULT: {}
COMMAND: POST /session/a230b9fa5e58e47def27534e3d005bf9/execute/async - {"script":"<script> [1562 bytes]","args":[{"selector":{"controlType":"sap.m.StandardListItem","viewName":"etm.portal.ui.manageyards.view.New","viewId":"application-manageyards-display-component---NewYard","properties":{"type":"Active"},"searchOpenDialogs":true,"interaction":{"idSuffix":"titleText"}},"wdio_ui5_key":"etmportal.ui.manageyards.view.Newsap.m.StandardListItem{\"type\":\"Active\"}"}]}
RESULT: {"script":"<script> [1562 bytes]","args":[{"selector":{"controlType":"sap.m.StandardListItem","viewName":"etm.portal.ui.manageyards.view.New","viewId":"application-manageyards-display-component---NewYard","properties":{"type":"Active"},"searchOpenDialogs":true,"interaction":{"idSuffix":"titleText"}},"wdio_ui5_key":"etmportal.ui.manageyards.view.Newsap.m.StandardListItem{\"type\":\"Active\"}"}]}
RESULT: undefined
COMMAND: POST /session/a230b9fa5e58e47def27534e3d005bf9/element - {"using":"xpath","value":"//*[@id=\"__item339\"]"}
RESULT: {"using":"xpath","value":"//*[@id=\"__item339\"]"}
COMMAND: POST /session/a230b9fa5e58e47def27534e3d005bf9/element/f.5A792F38359A1C743AD3061B3E5B94B4.d.0D78E41D12AB1DE6C437F6E42579B1F0.e.19348/click - {}
RESULT: {}
COMMAND: POST /session/a230b9fa5e58e47def27534e3d005bf9/execute/async - {"script":"<script> [1562 bytes]","args":[{"selector":{"id":"application-manageyards-display-component---NewYard--addressEditDetailsCurrency-arrow"},"wdio_ui5_key":"applicationmanageyards-display-component---NewYard--addressEditDetailsCurrency-arrow"}]}
COMMAND: GET /session/a230b9fa5e58e47def27534e3d005bf9/screenshot - {}
RESULT: {"script":"<script> [1562 bytes]","args":[{"selector":{"id":"application-manageyards-display-component---NewYard--addressEditDetailsCurrency-arrow"},"wdio_ui5_key":"applicationmanageyards-display-component---NewYard--addressEditDetailsCurrency-arrow"}]}
RESULT: undefined
COMMAND: POST /session/a230b9fa5e58e47def27534e3d005bf9/element - {"using":"xpath","value":"//*[@id=\"application-manageyards-display-component---NewYard--addressEditDetailsCurrency-arrow\"]"}
RESULT: {}
RESULT: {"using":"xpath","value":"//*[@id=\"application-manageyards-display-component---NewYard--addressEditDetailsCurrency-arrow\"]"}
COMMAND: POST /session/a230b9fa5e58e47def27534e3d005bf9/element/f.5A792F38359A1C743AD3061B3E5B94B4.d.0D78E41D12AB1DE6C437F6E42579B1F0.e.19350/click - {}
RESULT: {}
COMMAND: POST /session/a230b9fa5e58e47def27534e3d005bf9/execute/async - {"script":"<script> [1562 bytes]","args":[{"selector":{"controlType":"sap.m.StandardListItem","viewName":"etm.portal.ui.manageyards.view.New","viewId":"application-manageyards-display-component---NewYard","properties":{"title":"Euro"},"searchOpenDialogs":true,"interaction":{"idSuffix":"content"}},"wdio_ui5_key":"etmportal.ui.manageyards.view.Newsap.m.StandardListItem{\"title\":\"Euro\"}"}]}
COMMAND: GET /session/a230b9fa5e58e47def27534e3d005bf9/screenshot - {}
RESULT: {"script":"<script> [1562 bytes]","args":[{"selector":{"controlType":"sap.m.StandardListItem","viewName":"etm.portal.ui.manageyards.view.New","viewId":"application-manageyards-display-component---NewYard","properties":{"title":"Euro"},"searchOpenDialogs":true,"interaction":{"idSuffix":"content"}},"wdio_ui5_key":"etmportal.ui.manageyards.view.Newsap.m.StandardListItem{\"title\":\"Euro\"}"}]}
RESULT: undefined
COMMAND: POST /session/a230b9fa5e58e47def27534e3d005bf9/element - {"using":"xpath","value":"//*[@id=\"__item340\"]"}
RESULT: {}
RESULT: {"using":"xpath","value":"//*[@id=\"__item340\"]"}
COMMAND: POST /session/a230b9fa5e58e47def27534e3d005bf9/element/f.5A792F38359A1C743AD3061B3E5B94B4.d.0D78E41D12AB1DE6C437F6E42579B1F0.e.19352/click - {}
RESULT: {}
COMMAND: POST /session/a230b9fa5e58e47def27534e3d005bf9/execute/async - {"script":"<script> [1562 bytes]","args":[{"selector":{"controlType":"sap.m.Input","viewName":"etm.portal.ui.manageyards.view.New","viewId":"application-manageyards-display-component---NewYard","bindingPath":{"path":"","propertyPath":"/CONTROLLING_AREA","modelName":"NewYardModel"},"interaction":{"idSuffix":"inner"}},"wdio_ui5_key":"etmportal.ui.manageyards.view.Newsap.m.Input{\"path\":\"\",\"propertyPath\":\"/CONTROLLING_AREA\",\"modelName\":\"NewYardModel\"}"}]}
COMMAND: GET /session/a230b9fa5e58e47def27534e3d005bf9/screenshot - {}
RESULT: {"script":"<script> [1562 bytes]","args":[{"selector":{"controlType":"sap.m.Input","viewName":"etm.portal.ui.manageyards.view.New","viewId":"application-manageyards-display-component---NewYard","bindingPath":{"path":"","propertyPath":"/CONTROLLING_AREA","modelName":"NewYardModel"},"interaction":{"idSuffix":"inner"}},"wdio_ui5_key":"etmportal.ui.manageyards.view.Newsap.m.Input{\"path\":\"\",\"propertyPath\":\"/CONTROLLING_AREA\",\"modelName\":\"NewYardModel\"}"}]}
RESULT: undefined
COMMAND: POST /session/a230b9fa5e58e47def27534e3d005bf9/execute/async - {"script":"<script> [776 bytes]","args":[{"enterText":"Z001","selector":{"controlType":"sap.m.Input","viewName":"etm.portal.ui.manageyards.view.New","viewId":"application-manageyards-display-component---NewYard","bindingPath":{"path":"","propertyPath":"/CONTROLLING_AREA","modelName":"NewYardModel"},"interaction":{"idSuffix":"inner"}},"clearTextFirst":true,"interactionType":"ENTER_TEXT"}]}
RESULT: {}
RESULT: {"script":"<script> [776 bytes]","args":[{"enterText":"Z001","selector":{"controlType":"sap.m.Input","viewName":"etm.portal.ui.manageyards.view.New","viewId":"application-manageyards-display-component---NewYard","bindingPath":{"path":"","propertyPath":"/CONTROLLING_AREA","modelName":"NewYardModel"},"interaction":{"idSuffix":"inner"}},"clearTextFirst":true,"interactionType":"ENTER_TEXT"}]}
COMMAND: POST /session/a230b9fa5e58e47def27534e3d005bf9/execute/async - {"script":"<script> [1562 bytes]","args":[{"selector":{"id":"application-manageyards-display-component---NewYard--companyCodeComboBox","interaction":{"idSuffix":"inner"}},"wdio_ui5_key":"applicationmanageyards-display-component---NewYard--companyCodeComboBox"}]}
RESULT: {"script":"<script> [1562 bytes]","args":[{"selector":{"id":"application-manageyards-display-component---NewYard--companyCodeComboBox","interaction":{"idSuffix":"inner"}},"wdio_ui5_key":"applicationmanageyards-display-component---NewYard--companyCodeComboBox"}]}
RESULT: undefined
COMMAND: POST /session/a230b9fa5e58e47def27534e3d005bf9/execute/async - {"script":"<script> [776 bytes]","args":[{"enterText":"1000","selector":{"id":"application-manageyards-display-component---NewYard--companyCodeComboBox","interaction":{"idSuffix":"inner"}},"clearTextFirst":true,"interactionType":"ENTER_TEXT"}]}
RESULT: {"script":"<script> [776 bytes]","args":[{"enterText":"1000","selector":{"id":"application-manageyards-display-component---NewYard--companyCodeComboBox","interaction":{"idSuffix":"inner"}},"clearTextFirst":true,"interactionType":"ENTER_TEXT"}]}
COMMAND: POST /session/a230b9fa5e58e47def27534e3d005bf9/execute/async - {"script":"<script> [1562 bytes]","args":[{"selector":{"controlType":"sap.m.Input","viewName":"etm.portal.ui.manageyards.view.New","viewId":"application-manageyards-display-component---NewYard","bindingPath":{"path":"","propertyPath":"/PLANT","modelName":"NewYardModel"},"interaction":{"idSuffix":"inner"}},"wdio_ui5_key":"etmportal.ui.manageyards.view.Newsap.m.Input{\"path\":\"\",\"propertyPath\":\"/PLANT\",\"modelName\":\"NewYardModel\"}"}]}
RESULT: {"script":"<script> [1562 bytes]","args":[{"selector":{"controlType":"sap.m.Input","viewName":"etm.portal.ui.manageyards.view.New","viewId":"application-manageyards-display-component---NewYard","bindingPath":{"path":"","propertyPath":"/PLANT","modelName":"NewYardModel"},"interaction":{"idSuffix":"inner"}},"wdio_ui5_key":"etmportal.ui.manageyards.view.Newsap.m.Input{\"path\":\"\",\"propertyPath\":\"/PLANT\",\"modelName\":\"NewYardModel\"}"}]}
RESULT: undefined
COMMAND: POST /session/a230b9fa5e58e47def27534e3d005bf9/execute/async - {"script":"<script> [776 bytes]","args":[{"enterText":"1001","selector":{"controlType":"sap.m.Input","viewName":"etm.portal.ui.manageyards.view.New","viewId":"application-manageyards-display-component---NewYard","bindingPath":{"path":"","propertyPath":"/PLANT","modelName":"NewYardModel"},"interaction":{"idSuffix":"inner"}},"clearTextFirst":true,"interactionType":"ENTER_TEXT"}]}
RESULT: {"script":"<script> [776 bytes]","args":[{"enterText":"1001","selector":{"controlType":"sap.m.Input","viewName":"etm.portal.ui.manageyards.view.New","viewId":"application-manageyards-display-component---NewYard","bindingPath":{"path":"","propertyPath":"/PLANT","modelName":"NewYardModel"},"interaction":{"idSuffix":"inner"}},"clearTextFirst":true,"interactionType":"ENTER_TEXT"}]}
COMMAND: POST /session/a230b9fa5e58e47def27534e3d005bf9/execute/async - {"script":"<script> [1562 bytes]","args":[{"selector":{"controlType":"sap.m.Input","viewName":"etm.portal.ui.manageyards.view.New","viewId":"application-manageyards-display-component---NewYard","bindingPath":{"path":"","propertyPath":"/SALES_AREA_VKORG","modelName":"NewYardModel"},"interaction":{"idSuffix":"inner"}},"wdio_ui5_key":"etmportal.ui.manageyards.view.Newsap.m.Input{\"path\":\"\",\"propertyPath\":\"/SALES_AREA_VKORG\",\"modelName\":\"NewYardModel\"}"}]}
RESULT: {"script":"<script> [1562 bytes]","args":[{"selector":{"controlType":"sap.m.Input","viewName":"etm.portal.ui.manageyards.view.New","viewId":"application-manageyards-display-component---NewYard","bindingPath":{"path":"","propertyPath":"/SALES_AREA_VKORG","modelName":"NewYardModel"},"interaction":{"idSuffix":"inner"}},"wdio_ui5_key":"etmportal.ui.manageyards.view.Newsap.m.Input{\"path\":\"\",\"propertyPath\":\"/SALES_AREA_VKORG\",\"modelName\":\"NewYardModel\"}"}]}
RESULT: undefined
COMMAND: POST /session/a230b9fa5e58e47def27534e3d005bf9/execute/async - {"script":"<script> [776 bytes]","args":[{"enterText":"C002","selector":{"controlType":"sap.m.Input","viewName":"etm.portal.ui.manageyards.view.New","viewId":"application-manageyards-display-component---NewYard","bindingPath":{"path":"","propertyPath":"/SALES_AREA_VKORG","modelName":"NewYardModel"},"interaction":{"idSuffix":"inner"}},"clearTextFirst":true,"interactionType":"ENTER_TEXT"}]}
RESULT: {"script":"<script> [776 bytes]","args":[{"enterText":"C002","selector":{"controlType":"sap.m.Input","viewName":"etm.portal.ui.manageyards.view.New","viewId":"application-manageyards-display-component---NewYard","bindingPath":{"path":"","propertyPath":"/SALES_AREA_VKORG","modelName":"NewYardModel"},"interaction":{"idSuffix":"inner"}},"clearTextFirst":true,"interactionType":"ENTER_TEXT"}]}
COMMAND: POST /session/a230b9fa5e58e47def27534e3d005bf9/execute/async - {"script":"<script> [1562 bytes]","args":[{"selector":{"controlType":"sap.m.Input","viewName":"etm.portal.ui.manageyards.view.New","viewId":"application-manageyards-display-component---NewYard","bindingPath":{"path":"","propertyPath":"/SALES_AREA_VTWEG","modelName":"NewYardModel"},"interaction":{"idSuffix":"inner"}},"wdio_ui5_key":"etmportal.ui.manageyards.view.Newsap.m.Input{\"path\":\"\",\"propertyPath\":\"/SALES_AREA_VTWEG\",\"modelName\":\"NewYardModel\"}"}]}
RESULT: {"script":"<script> [1562 bytes]","args":[{"selector":{"controlType":"sap.m.Input","viewName":"etm.portal.ui.manageyards.view.New","viewId":"application-manageyards-display-component---NewYard","bindingPath":{"path":"","propertyPath":"/SALES_AREA_VTWEG","modelName":"NewYardModel"},"interaction":{"idSuffix":"inner"}},"wdio_ui5_key":"etmportal.ui.manageyards.view.Newsap.m.Input{\"path\":\"\",\"propertyPath\":\"/SALES_AREA_VTWEG\",\"modelName\":\"NewYardModel\"}"}]}
RESULT: undefined
COMMAND: POST /session/a230b9fa5e58e47def27534e3d005bf9/execute/async - {"script":"<script> [776 bytes]","args":[{"enterText":"C2","selector":{"controlType":"sap.m.Input","viewName":"etm.portal.ui.manageyards.view.New","viewId":"application-manageyards-display-component---NewYard","bindingPath":{"path":"","propertyPath":"/SALES_AREA_VTWEG","modelName":"NewYardModel"},"interaction":{"idSuffix":"inner"}},"clearTextFirst":true,"interactionType":"ENTER_TEXT"}]}
RESULT: {"script":"<script> [776 bytes]","args":[{"enterText":"C2","selector":{"controlType":"sap.m.Input","viewName":"etm.portal.ui.manageyards.view.New","viewId":"application-manageyards-display-component---NewYard","bindingPath":{"path":"","propertyPath":"/SALES_AREA_VTWEG","modelName":"NewYardModel"},"interaction":{"idSuffix":"inner"}},"clearTextFirst":true,"interactionType":"ENTER_TEXT"}]}
COMMAND: POST /session/a230b9fa5e58e47def27534e3d005bf9/execute/async - {"script":"<script> [1562 bytes]","args":[{"selector":{"controlType":"sap.m.Input","viewName":"etm.portal.ui.manageyards.view.New","viewId":"application-manageyards-display-component---NewYard","bindingPath":{"path":"","propertyPath":"/SALES_AREA_SPART","modelName":"NewYardModel"},"interaction":{"idSuffix":"inner"}},"wdio_ui5_key":"etmportal.ui.manageyards.view.Newsap.m.Input{\"path\":\"\",\"propertyPath\":\"/SALES_AREA_SPART\",\"modelName\":\"NewYardModel\"}"}]}
RESULT: {"script":"<script> [1562 bytes]","args":[{"selector":{"controlType":"sap.m.Input","viewName":"etm.portal.ui.manageyards.view.New","viewId":"application-manageyards-display-component---NewYard","bindingPath":{"path":"","propertyPath":"/SALES_AREA_SPART","modelName":"NewYardModel"},"interaction":{"idSuffix":"inner"}},"wdio_ui5_key":"etmportal.ui.manageyards.view.Newsap.m.Input{\"path\":\"\",\"propertyPath\":\"/SALES_AREA_SPART\",\"modelName\":\"NewYardModel\"}"}]}
RESULT: undefined
COMMAND: POST /session/a230b9fa5e58e47def27534e3d005bf9/execute/async - {"script":"<script> [776 bytes]","args":[{"enterText":"C2","selector":{"controlType":"sap.m.Input","viewName":"etm.portal.ui.manageyards.view.New","viewId":"application-manageyards-display-component---NewYard","bindingPath":{"path":"","propertyPath":"/SALES_AREA_SPART","modelName":"NewYardModel"},"interaction":{"idSuffix":"inner"}},"clearTextFirst":true,"interactionType":"ENTER_TEXT"}]}
RESULT: {"script":"<script> [776 bytes]","args":[{"enterText":"C2","selector":{"controlType":"sap.m.Input","viewName":"etm.portal.ui.manageyards.view.New","viewId":"application-manageyards-display-component---NewYard","bindingPath":{"path":"","propertyPath":"/SALES_AREA_SPART","modelName":"NewYardModel"},"interaction":{"idSuffix":"inner"}},"clearTextFirst":true,"interactionType":"ENTER_TEXT"}]}
COMMAND: POST /session/a230b9fa5e58e47def27534e3d005bf9/execute/async - {"script":"<script> [1562 bytes]","args":[{"selector":{"controlType":"sap.m.Input","viewName":"etm.portal.ui.manageyards.view.New","viewId":"application-manageyards-display-component---NewYard","bindingPath":{"path":"","propertyPath":"/SHIP_POINT","modelName":"NewYardModel"},"interaction":{"idSuffix":"inner"}},"wdio_ui5_key":"etmportal.ui.manageyards.view.Newsap.m.Input{\"path\":\"\",\"propertyPath\":\"/SHIP_POINT\",\"modelName\":\"NewYardModel\"}"}]}
RESULT: {"script":"<script> [1562 bytes]","args":[{"selector":{"controlType":"sap.m.Input","viewName":"etm.portal.ui.manageyards.view.New","viewId":"application-manageyards-display-component---NewYard","bindingPath":{"path":"","propertyPath":"/SHIP_POINT","modelName":"NewYardModel"},"interaction":{"idSuffix":"inner"}},"wdio_ui5_key":"etmportal.ui.manageyards.view.Newsap.m.Input{\"path\":\"\",\"propertyPath\":\"/SHIP_POINT\",\"modelName\":\"NewYardModel\"}"}]}
RESULT: undefined
COMMAND: POST /session/a230b9fa5e58e47def27534e3d005bf9/execute/async - {"script":"<script> [776 bytes]","args":[{"enterText":"1710","selector":{"controlType":"sap.m.Input","viewName":"etm.portal.ui.manageyards.view.New","viewId":"application-manageyards-display-component---NewYard","bindingPath":{"path":"","propertyPath":"/SHIP_POINT","modelName":"NewYardModel"},"interaction":{"idSuffix":"inner"}},"clearTextFirst":true,"interactionType":"ENTER_TEXT"}]}
RESULT: {"script":"<script> [776 bytes]","args":[{"enterText":"1710","selector":{"controlType":"sap.m.Input","viewName":"etm.portal.ui.manageyards.view.New","viewId":"application-manageyards-display-component---NewYard","bindingPath":{"path":"","propertyPath":"/SHIP_POINT","modelName":"NewYardModel"},"interaction":{"idSuffix":"inner"}},"clearTextFirst":true,"interactionType":"ENTER_TEXT"}]}
COMMAND: POST /session/a230b9fa5e58e47def27534e3d005bf9/execute/async - {"script":"<script> [1562 bytes]","args":[{"selector":{"controlType":"sap.m.Input","viewName":"etm.portal.ui.manageyards.view.New","viewId":"application-manageyards-display-component---NewYard","bindingPath":{"path":"","propertyPath":"/DELIVERY_TYPE","modelName":"NewYardModel"},"interaction":{"idSuffix":"inner"}},"wdio_ui5_key":"etmportal.ui.manageyards.view.Newsap.m.Input{\"path\":\"\",\"propertyPath\":\"/DELIVERY_TYPE\",\"modelName\":\"NewYardModel\"}"}]}
RESULT: {"script":"<script> [1562 bytes]","args":[{"selector":{"controlType":"sap.m.Input","viewName":"etm.portal.ui.manageyards.view.New","viewId":"application-manageyards-display-component---NewYard","bindingPath":{"path":"","propertyPath":"/DELIVERY_TYPE","modelName":"NewYardModel"},"interaction":{"idSuffix":"inner"}},"wdio_ui5_key":"etmportal.ui.manageyards.view.Newsap.m.Input{\"path\":\"\",\"propertyPath\":\"/DELIVERY_TYPE\",\"modelName\":\"NewYardModel\"}"}]}
RESULT: undefined
COMMAND: POST /session/a230b9fa5e58e47def27534e3d005bf9/execute/async - {"script":"<script> [776 bytes]","args":[{"enterText":"ZL01","selector":{"controlType":"sap.m.Input","viewName":"etm.portal.ui.manageyards.view.New","viewId":"application-manageyards-display-component---NewYard","bindingPath":{"path":"","propertyPath":"/DELIVERY_TYPE","modelName":"NewYardModel"},"interaction":{"idSuffix":"inner"}},"clearTextFirst":true,"interactionType":"ENTER_TEXT"}]}
RESULT: {"script":"<script> [776 bytes]","args":[{"enterText":"ZL01","selector":{"controlType":"sap.m.Input","viewName":"etm.portal.ui.manageyards.view.New","viewId":"application-manageyards-display-component---NewYard","bindingPath":{"path":"","propertyPath":"/DELIVERY_TYPE","modelName":"NewYardModel"},"interaction":{"idSuffix":"inner"}},"clearTextFirst":true,"interactionType":"ENTER_TEXT"}]}
COMMAND: POST /session/a230b9fa5e58e47def27534e3d005bf9/execute/async - {"script":"<script> [1562 bytes]","args":[{"selector":{"controlType":"sap.m.Input","viewName":"etm.portal.ui.manageyards.view.New","viewId":"application-manageyards-display-component---NewYard","bindingPath":{"path":"","propertyPath":"/AUART","modelName":"NewYardModel"},"interaction":{"idSuffix":"inner"}},"wdio_ui5_key":"etmportal.ui.manageyards.view.Newsap.m.Input{\"path\":\"\",\"propertyPath\":\"/AUART\",\"modelName\":\"NewYardModel\"}"}]}
RESULT: {"script":"<script> [1562 bytes]","args":[{"selector":{"controlType":"sap.m.Input","viewName":"etm.portal.ui.manageyards.view.New","viewId":"application-manageyards-display-component---NewYard","bindingPath":{"path":"","propertyPath":"/AUART","modelName":"NewYardModel"},"interaction":{"idSuffix":"inner"}},"wdio_ui5_key":"etmportal.ui.manageyards.view.Newsap.m.Input{\"path\":\"\",\"propertyPath\":\"/AUART\",\"modelName\":\"NewYardModel\"}"}]}
RESULT: undefined
COMMAND: POST /session/a230b9fa5e58e47def27534e3d005bf9/execute/async - {"script":"<script> [776 bytes]","args":[{"enterText":"TA","selector":{"controlType":"sap.m.Input","viewName":"etm.portal.ui.manageyards.view.New","viewId":"application-manageyards-display-component---NewYard","bindingPath":{"path":"","propertyPath":"/AUART","modelName":"NewYardModel"},"interaction":{"idSuffix":"inner"}},"clearTextFirst":true,"interactionType":"ENTER_TEXT"}]}
RESULT: {"script":"<script> [776 bytes]","args":[{"enterText":"TA","selector":{"controlType":"sap.m.Input","viewName":"etm.portal.ui.manageyards.view.New","viewId":"application-manageyards-display-component---NewYard","bindingPath":{"path":"","propertyPath":"/AUART","modelName":"NewYardModel"},"interaction":{"idSuffix":"inner"}},"clearTextFirst":true,"interactionType":"ENTER_TEXT"}]}
COMMAND: POST /session/a230b9fa5e58e47def27534e3d005bf9/execute/async - {"script":"<script> [1562 bytes]","args":[{"selector":{"controlType":"sap.m.Button","viewName":"etm.portal.ui.manageyards.view.New","viewId":"application-manageyards-display-component---NewYard","i18NText":{"propertyName":"text","key":"save"},"interaction":{"idSuffix":"BDI-content"}},"wdio_ui5_key":"etmportal.ui.manageyards.view.Newsap.m.Button{\"propertyName\":\"text\",\"key\":\"save\"}"}]}
RESULT: {"script":"<script> [1562 bytes]","args":[{"selector":{"controlType":"sap.m.Button","viewName":"etm.portal.ui.manageyards.view.New","viewId":"application-manageyards-display-component---NewYard","i18NText":{"propertyName":"text","key":"save"},"interaction":{"idSuffix":"BDI-content"}},"wdio_ui5_key":"etmportal.ui.manageyards.view.Newsap.m.Button{\"propertyName\":\"text\",\"key\":\"save\"}"}]}
RESULT: undefined
COMMAND: POST /session/a230b9fa5e58e47def27534e3d005bf9/element - {"using":"xpath","value":"//*[@id=\"__button18\"]"}
RESULT: {"using":"xpath","value":"//*[@id=\"__button18\"]"}
COMMAND: POST /session/a230b9fa5e58e47def27534e3d005bf9/element/f.5A792F38359A1C743AD3061B3E5B94B4.d.0D78E41D12AB1DE6C437F6E42579B1F0.e.19301/click - {}
RESULT: {}
COMMAND: GET /session/a230b9fa5e58e47def27534e3d005bf9/screenshot - {}
COMMAND: POST /session/a230b9fa5e58e47def27534e3d005bf9/execute/async - {"script":"<script> [1562 bytes]","args":[{"selector":{"controlType":"sap.m.Text","viewName":"etm.portal.ui.manageyards.view.Detail","viewId":"application-manageyards-display-component---detailYard","bindingPath":{"propertyPath":"ID","modelName":"catalogModel"}},"wdio_ui5_key":"etmportal.ui.manageyards.view.Detailsap.m.Text{\"propertyPath\":\"ID\",\"modelName\":\"catalogModel\"}"}]}
RESULT: {}
RESULT: {"script":"<script> [1562 bytes]","args":[{"selector":{"controlType":"sap.m.Text","viewName":"etm.portal.ui.manageyards.view.Detail","viewId":"application-manageyards-display-component---detailYard","bindingPath":{"propertyPath":"ID","modelName":"catalogModel"}},"wdio_ui5_key":"etmportal.ui.manageyards.view.Detailsap.m.Text{\"propertyPath\":\"ID\",\"modelName\":\"catalogModel\"}"}]}
RESULT: undefined
COMMAND: POST /session/a230b9fa5e58e47def27534e3d005bf9/execute/async - {"script":"<script> [6424 bytes]","args":[{"element-6066-11e4-a52e-4f735466cecf":"f.5A792F38359A1C743AD3061B3E5B94B4.d.0D78E41D12AB1DE6C437F6E42579B1F0.e.19556"},"getText",[]]}
RESULT: {"script":"<script> [6424 bytes]","args":[{"element-6066-11e4-a52e-4f735466cecf":"f.5A792F38359A1C743AD3061B3E5B94B4.d.0D78E41D12AB1DE6C437F6E42579B1F0.e.19556"},"getText",[]]}
COMMAND: POST /session/a230b9fa5e58e47def27534e3d005bf9/element - {"using":"css selector","value":"#shell-header-logo"}
RESULT: {"using":"css selector","value":"#shell-header-logo"}
COMMAND: POST /session/a230b9fa5e58e47def27534e3d005bf9/element/f.5A792F38359A1C743AD3061B3E5B94B4.d.0D78E41D12AB1DE6C437F6E42579B1F0.e.18853/click - {}
RESULT: {}
COMMAND: GET /session/a230b9fa5e58e47def27534e3d005bf9/screenshot - {}
RESULT: {}
]]></system-out>
    </testcase>
    <testcase classname="chrome.135_0_7049_96.windows.Provide_to_Site_w/o_warehouse_management_w/o_clarification_US116612" name="Should create WHM site" time="50.453">
      <system-out><![CDATA[
COMMAND: POST /session/a230b9fa5e58e47def27534e3d005bf9/execute/async - {"script":"<script> [1562 bytes]","args":[{"selector":{"controlType":"sap.m.GenericTile","properties":{"header":"Manage Sites"}},"wdio_ui5_key":"sapm.GenericTile{\"header\":\"Manage Sites\"}"}]}
RESULT: {"script":"<script> [1562 bytes]","args":[{"selector":{"controlType":"sap.m.GenericTile","properties":{"header":"Manage Sites"}},"wdio_ui5_key":"sapm.GenericTile{\"header\":\"Manage Sites\"}"}]}
RESULT: undefined
COMMAND: POST /session/a230b9fa5e58e47def27534e3d005bf9/element - {"using":"xpath","value":"//*[@id=\"__tile40\"]"}
RESULT: {"using":"xpath","value":"//*[@id=\"__tile40\"]"}
COMMAND: POST /session/a230b9fa5e58e47def27534e3d005bf9/element/f.5A792F38359A1C743AD3061B3E5B94B4.d.0D78E41D12AB1DE6C437F6E42579B1F0.e.19558/click - {}
RESULT: {}
COMMAND: GET /session/a230b9fa5e58e47def27534e3d005bf9/screenshot - {}
COMMAND: POST /session/a230b9fa5e58e47def27534e3d005bf9/execute/async - {"script":"<script> [1562 bytes]","args":[{"selector":{"controlType":"sap.ui.core.Icon","viewName":"etm.portal.ui.managesites.view.Master","viewId":"application-managesites-display-component---masterSite","properties":{"src":{"regex":{"source":"add"}}}},"wdio_ui5_key":"etmportal.ui.managesites.view.Mastersap.ui.core.Icon{\"src\":{\"regex\":{\"source\":\"add\"}}}"}]}
RESULT: {}
RESULT: {"script":"<script> [1562 bytes]","args":[{"selector":{"controlType":"sap.ui.core.Icon","viewName":"etm.portal.ui.managesites.view.Master","viewId":"application-managesites-display-component---masterSite","properties":{"src":{"regex":{"source":"add"}}}},"wdio_ui5_key":"etmportal.ui.managesites.view.Mastersap.ui.core.Icon{\"src\":{\"regex\":{\"source\":\"add\"}}}"}]}
RESULT: undefined
COMMAND: POST /session/a230b9fa5e58e47def27534e3d005bf9/element - {"using":"xpath","value":"//*[@id=\"__button64-img\"]"}
RESULT: {"using":"xpath","value":"//*[@id=\"__button64-img\"]"}
COMMAND: POST /session/a230b9fa5e58e47def27534e3d005bf9/element/f.5A792F38359A1C743AD3061B3E5B94B4.d.0D78E41D12AB1DE6C437F6E42579B1F0.e.19605/click - {}
RESULT: {}
COMMAND: GET /session/a230b9fa5e58e47def27534e3d005bf9/screenshot - {}
COMMAND: POST /session/a230b9fa5e58e47def27534e3d005bf9/execute/async - {"script":"<script> [1562 bytes]","args":[{"selector":{"controlType":"sap.m.Button","viewName":"etm.portal.ui.managesites.view.NewSmartSite","viewId":"application-managesites-display-component---NewSite","properties":{"text":"General Information"},"interaction":{"idSuffix":"BDI-content"}},"wdio_ui5_key":"etmportal.ui.managesites.view.NewSmartSitesap.m.Button{\"text\":\"General Information\"}"}]}
RESULT: {}
RESULT: {"script":"<script> [1562 bytes]","args":[{"selector":{"controlType":"sap.m.Button","viewName":"etm.portal.ui.managesites.view.NewSmartSite","viewId":"application-managesites-display-component---NewSite","properties":{"text":"General Information"},"interaction":{"idSuffix":"BDI-content"}},"wdio_ui5_key":"etmportal.ui.managesites.view.NewSmartSitesap.m.Button{\"text\":\"General Information\"}"}]}
RESULT: undefined
COMMAND: POST /session/a230b9fa5e58e47def27534e3d005bf9/element - {"using":"xpath","value":"//*[@id=\"application-managesites-display-component---NewSite--ObjectPageLayout-anchBar-__section31-anchor\"]"}
RESULT: {"using":"xpath","value":"//*[@id=\"application-managesites-display-component---NewSite--ObjectPageLayout-anchBar-__section31-anchor\"]"}
COMMAND: POST /session/a230b9fa5e58e47def27534e3d005bf9/element/f.5A792F38359A1C743AD3061B3E5B94B4.d.0D78E41D12AB1DE6C437F6E42579B1F0.e.20165/click - {}
RESULT: {}
COMMAND: POST /session/a230b9fa5e58e47def27534e3d005bf9/execute/async - {"script":"<script> [1562 bytes]","args":[{"selector":{"id":"application-managesites-display-component---NewSite--addressDetailDetailsName1","interaction":{"idSuffix":"inner"}},"wdio_ui5_key":"applicationmanagesites-display-component---NewSite--addressDetailDetailsName1"}]}
COMMAND: GET /session/a230b9fa5e58e47def27534e3d005bf9/screenshot - {}
RESULT: {"script":"<script> [1562 bytes]","args":[{"selector":{"id":"application-managesites-display-component---NewSite--addressDetailDetailsName1","interaction":{"idSuffix":"inner"}},"wdio_ui5_key":"applicationmanagesites-display-component---NewSite--addressDetailDetailsName1"}]}
RESULT: undefined
COMMAND: POST /session/a230b9fa5e58e47def27534e3d005bf9/execute/async - {"script":"<script> [776 bytes]","args":[{"enterText":"WDI5 WHM Site","selector":{"id":"application-managesites-display-component---NewSite--addressDetailDetailsName1","interaction":{"idSuffix":"inner"}},"clearTextFirst":true,"interactionType":"ENTER_TEXT"}]}
RESULT: {}
RESULT: {"script":"<script> [776 bytes]","args":[{"enterText":"WDI5 WHM Site","selector":{"id":"application-managesites-display-component---NewSite--addressDetailDetailsName1","interaction":{"idSuffix":"inner"}},"clearTextFirst":true,"interactionType":"ENTER_TEXT"}]}
COMMAND: POST /session/a230b9fa5e58e47def27534e3d005bf9/execute/async - {"script":"<script> [1562 bytes]","args":[{"selector":{"id":"application-managesites-display-component---NewSite--addressDetailDetailsLanguage","interaction":{"idSuffix":"inner"}},"wdio_ui5_key":"applicationmanagesites-display-component---NewSite--addressDetailDetailsLanguage"}]}
RESULT: {"script":"<script> [1562 bytes]","args":[{"selector":{"id":"application-managesites-display-component---NewSite--addressDetailDetailsLanguage","interaction":{"idSuffix":"inner"}},"wdio_ui5_key":"applicationmanagesites-display-component---NewSite--addressDetailDetailsLanguage"}]}
RESULT: undefined
COMMAND: POST /session/a230b9fa5e58e47def27534e3d005bf9/execute/async - {"script":"<script> [776 bytes]","args":[{"enterText":"Romanian","selector":{"id":"application-managesites-display-component---NewSite--addressDetailDetailsLanguage","interaction":{"idSuffix":"inner"}},"clearTextFirst":true,"interactionType":"ENTER_TEXT"}]}
RESULT: {"script":"<script> [776 bytes]","args":[{"enterText":"Romanian","selector":{"id":"application-managesites-display-component---NewSite--addressDetailDetailsLanguage","interaction":{"idSuffix":"inner"}},"clearTextFirst":true,"interactionType":"ENTER_TEXT"}]}
COMMAND: POST /session/a230b9fa5e58e47def27534e3d005bf9/execute/async - {"script":"<script> [1562 bytes]","args":[{"selector":{"id":"application-managesites-display-component---NewSite--addressDetailDetailsCity1","interaction":{"idSuffix":"inner"}},"wdio_ui5_key":"applicationmanagesites-display-component---NewSite--addressDetailDetailsCity1"}]}
RESULT: {"script":"<script> [1562 bytes]","args":[{"selector":{"id":"application-managesites-display-component---NewSite--addressDetailDetailsCity1","interaction":{"idSuffix":"inner"}},"wdio_ui5_key":"applicationmanagesites-display-component---NewSite--addressDetailDetailsCity1"}]}
RESULT: undefined
COMMAND: POST /session/a230b9fa5e58e47def27534e3d005bf9/execute/async - {"script":"<script> [776 bytes]","args":[{"enterText":"Bucharest","selector":{"id":"application-managesites-display-component---NewSite--addressDetailDetailsCity1","interaction":{"idSuffix":"inner"}},"clearTextFirst":true,"interactionType":"ENTER_TEXT"}]}
RESULT: {"script":"<script> [776 bytes]","args":[{"enterText":"Bucharest","selector":{"id":"application-managesites-display-component---NewSite--addressDetailDetailsCity1","interaction":{"idSuffix":"inner"}},"clearTextFirst":true,"interactionType":"ENTER_TEXT"}]}
COMMAND: POST /session/a230b9fa5e58e47def27534e3d005bf9/execute/async - {"script":"<script> [1562 bytes]","args":[{"selector":{"id":"application-managesites-display-component---NewSite--addressDetailDetailsCountry","interaction":{"idSuffix":"inner"}},"wdio_ui5_key":"applicationmanagesites-display-component---NewSite--addressDetailDetailsCountry"}]}
RESULT: {"script":"<script> [1562 bytes]","args":[{"selector":{"id":"application-managesites-display-component---NewSite--addressDetailDetailsCountry","interaction":{"idSuffix":"inner"}},"wdio_ui5_key":"applicationmanagesites-display-component---NewSite--addressDetailDetailsCountry"}]}
RESULT: undefined
COMMAND: POST /session/a230b9fa5e58e47def27534e3d005bf9/execute/async - {"script":"<script> [6424 bytes]","args":[{"element-6066-11e4-a52e-4f735466cecf":"f.5A792F38359A1C743AD3061B3E5B94B4.d.0D78E41D12AB1DE6C437F6E42579B1F0.e.19962"},"setValue",["Romania"]]}
RESULT: {"script":"<script> [6424 bytes]","args":[{"element-6066-11e4-a52e-4f735466cecf":"f.5A792F38359A1C743AD3061B3E5B94B4.d.0D78E41D12AB1DE6C437F6E42579B1F0.e.19962"},"setValue",["Romania"]]}
COMMAND: POST /session/a230b9fa5e58e47def27534e3d005bf9/execute/async - {"script":"<script> [1562 bytes]","args":[{"selector":{"id":"application-managesites-display-component---NewSite--addressDetailDetailsCalendar","interaction":{"idSuffix":"inner"}},"wdio_ui5_key":"applicationmanagesites-display-component---NewSite--addressDetailDetailsCalendar"}]}
RESULT: {"script":"<script> [1562 bytes]","args":[{"selector":{"id":"application-managesites-display-component---NewSite--addressDetailDetailsCalendar","interaction":{"idSuffix":"inner"}},"wdio_ui5_key":"applicationmanagesites-display-component---NewSite--addressDetailDetailsCalendar"}]}
RESULT: undefined
COMMAND: POST /session/a230b9fa5e58e47def27534e3d005bf9/execute/async - {"script":"<script> [776 bytes]","args":[{"enterText":"8 - Germany (Standard)","selector":{"id":"application-managesites-display-component---NewSite--addressDetailDetailsCalendar","interaction":{"idSuffix":"inner"}},"clearTextFirst":true,"interactionType":"ENTER_TEXT"}]}
RESULT: {"script":"<script> [776 bytes]","args":[{"enterText":"8 - Germany (Standard)","selector":{"id":"application-managesites-display-component---NewSite--addressDetailDetailsCalendar","interaction":{"idSuffix":"inner"}},"clearTextFirst":true,"interactionType":"ENTER_TEXT"}]}
COMMAND: POST /session/a230b9fa5e58e47def27534e3d005bf9/element - {"using":"xpath","value":"//input[@id=\"application-managesites-display-component---NewSite--addressDetailDetailsYard-inner\"]"}
RESULT: {"using":"xpath","value":"//input[@id=\"application-managesites-display-component---NewSite--addressDetailDetailsYard-inner\"]"}
COMMAND: POST /session/a230b9fa5e58e47def27534e3d005bf9/element/f.5A792F38359A1C743AD3061B3E5B94B4.d.0D78E41D12AB1DE6C437F6E42579B1F0.e.19973/clear - {}
RESULT: {}
COMMAND: POST /session/a230b9fa5e58e47def27534e3d005bf9/element/f.5A792F38359A1C743AD3061B3E5B94B4.d.0D78E41D12AB1DE6C437F6E42579B1F0.e.19973/value - {"text":"346"}
COMMAND: GET /session/a230b9fa5e58e47def27534e3d005bf9/screenshot - {}
RESULT: {"text":"346"}
COMMAND: GET /session/a230b9fa5e58e47def27534e3d005bf9/screenshot - {}
RESULT: {}
RESULT: {}
COMMAND: POST /session/a230b9fa5e58e47def27534e3d005bf9/execute/async - {"script":"<script> [1562 bytes]","args":[{"selector":{"controlType":"sap.m.Button","viewName":"etm.portal.ui.managesites.view.NewSmartSite","viewId":"application-managesites-display-component---NewSite","properties":{"text":"Commercial"},"interaction":{"idSuffix":"BDI-content"}},"wdio_ui5_key":"etmportal.ui.managesites.view.NewSmartSitesap.m.Button{\"text\":\"Commercial\"}"}]}
RESULT: {"script":"<script> [1562 bytes]","args":[{"selector":{"controlType":"sap.m.Button","viewName":"etm.portal.ui.managesites.view.NewSmartSite","viewId":"application-managesites-display-component---NewSite","properties":{"text":"Commercial"},"interaction":{"idSuffix":"BDI-content"}},"wdio_ui5_key":"etmportal.ui.managesites.view.NewSmartSitesap.m.Button{\"text\":\"Commercial\"}"}]}
RESULT: undefined
COMMAND: POST /session/a230b9fa5e58e47def27534e3d005bf9/element - {"using":"xpath","value":"//*[@id=\"application-managesites-display-component---NewSite--ObjectPageLayout-anchBar-__section33-anchor\"]"}
RESULT: {"using":"xpath","value":"//*[@id=\"application-managesites-display-component---NewSite--ObjectPageLayout-anchBar-__section33-anchor\"]"}
COMMAND: POST /session/a230b9fa5e58e47def27534e3d005bf9/element/f.5A792F38359A1C743AD3061B3E5B94B4.d.0D78E41D12AB1DE6C437F6E42579B1F0.e.20174/click - {}
RESULT: {}
COMMAND: POST /session/a230b9fa5e58e47def27534e3d005bf9/execute/async - {"script":"<script> [1562 bytes]","args":[{"selector":{"controlType":"sap.m.Button","viewName":"etm.portal.ui.managesites.view.NewSmartSite","viewId":"application-managesites-display-component---NewSite","i18NText":{"propertyName":"text","key":"save"},"interaction":{"idSuffix":"BDI-content"}},"wdio_ui5_key":"etmportal.ui.managesites.view.NewSmartSitesap.m.Button{\"propertyName\":\"text\",\"key\":\"save\"}"}]}
COMMAND: GET /session/a230b9fa5e58e47def27534e3d005bf9/screenshot - {}
RESULT: {"script":"<script> [1562 bytes]","args":[{"selector":{"controlType":"sap.m.Button","viewName":"etm.portal.ui.managesites.view.NewSmartSite","viewId":"application-managesites-display-component---NewSite","i18NText":{"propertyName":"text","key":"save"},"interaction":{"idSuffix":"BDI-content"}},"wdio_ui5_key":"etmportal.ui.managesites.view.NewSmartSitesap.m.Button{\"propertyName\":\"text\",\"key\":\"save\"}"}]}
RESULT: undefined
COMMAND: POST /session/a230b9fa5e58e47def27534e3d005bf9/element - {"using":"xpath","value":"//*[@id=\"__button76\"]"}
RESULT: {}
RESULT: {"using":"xpath","value":"//*[@id=\"__button76\"]"}
COMMAND: POST /session/a230b9fa5e58e47def27534e3d005bf9/element/f.5A792F38359A1C743AD3061B3E5B94B4.d.0D78E41D12AB1DE6C437F6E42579B1F0.e.20147/click - {}
RESULT: {}
COMMAND: GET /session/a230b9fa5e58e47def27534e3d005bf9/screenshot - {}
RESULT: {}
COMMAND: POST /session/a230b9fa5e58e47def27534e3d005bf9/execute/async - {"script":"<script> [1562 bytes]","args":[{"selector":{"controlType":"sap.m.Text","viewName":"etm.portal.ui.managesites.view.Detail","viewId":"application-managesites-display-component---detailSite","bindingPath":{"propertyPath":"ID","modelName":"catalogModel"}},"wdio_ui5_key":"etmportal.ui.managesites.view.Detailsap.m.Text{\"propertyPath\":\"ID\",\"modelName\":\"catalogModel\"}"}]}
RESULT: {"script":"<script> [1562 bytes]","args":[{"selector":{"controlType":"sap.m.Text","viewName":"etm.portal.ui.managesites.view.Detail","viewId":"application-managesites-display-component---detailSite","bindingPath":{"propertyPath":"ID","modelName":"catalogModel"}},"wdio_ui5_key":"etmportal.ui.managesites.view.Detailsap.m.Text{\"propertyPath\":\"ID\",\"modelName\":\"catalogModel\"}"}]}
RESULT: undefined
COMMAND: POST /session/a230b9fa5e58e47def27534e3d005bf9/execute/async - {"script":"<script> [6424 bytes]","args":[{"element-6066-11e4-a52e-4f735466cecf":"f.5A792F38359A1C743AD3061B3E5B94B4.d.0D78E41D12AB1DE6C437F6E42579B1F0.e.20378"},"getText",[]]}
RESULT: {"script":"<script> [6424 bytes]","args":[{"element-6066-11e4-a52e-4f735466cecf":"f.5A792F38359A1C743AD3061B3E5B94B4.d.0D78E41D12AB1DE6C437F6E42579B1F0.e.20378"},"getText",[]]}
COMMAND: POST /session/a230b9fa5e58e47def27534e3d005bf9/execute/async - {"script":"<script> [1562 bytes]","args":[{"selector":{"controlType":"sap.m.Label","viewName":"etm.portal.ui.managesites.view.Detail","viewId":"application-managesites-display-component---detailSite","i18NText":{"propertyName":"text","key":"status"}},"wdio_ui5_key":"etmportal.ui.managesites.view.Detailsap.m.Label{\"propertyName\":\"text\",\"key\":\"status\"}"}]}
RESULT: {"script":"<script> [1562 bytes]","args":[{"selector":{"controlType":"sap.m.Label","viewName":"etm.portal.ui.managesites.view.Detail","viewId":"application-managesites-display-component---detailSite","i18NText":{"propertyName":"text","key":"status"}},"wdio_ui5_key":"etmportal.ui.managesites.view.Detailsap.m.Label{\"propertyName\":\"text\",\"key\":\"status\"}"}]}
RESULT: undefined
COMMAND: POST /session/a230b9fa5e58e47def27534e3d005bf9/execute/async - {"script":"<script> [6424 bytes]","args":[{"element-6066-11e4-a52e-4f735466cecf":"f.5A792F38359A1C743AD3061B3E5B94B4.d.0D78E41D12AB1DE6C437F6E42579B1F0.e.20365"},"getText",[]]}
RESULT: {"script":"<script> [6424 bytes]","args":[{"element-6066-11e4-a52e-4f735466cecf":"f.5A792F38359A1C743AD3061B3E5B94B4.d.0D78E41D12AB1DE6C437F6E42579B1F0.e.20365"},"getText",[]]}
RESULT: undefined
COMMAND: POST /session/a230b9fa5e58e47def27534e3d005bf9/element - {"using":"xpath","value":"//*[@id=\"shell-header\"]"}
RESULT: {"using":"xpath","value":"//*[@id=\"shell-header\"]"}
COMMAND: POST /session/a230b9fa5e58e47def27534e3d005bf9/element/f.5A792F38359A1C743AD3061B3E5B94B4.d.0D78E41D12AB1DE6C437F6E42579B1F0.e.20379/click - {}
RESULT: {}
COMMAND: POST /session/a230b9fa5e58e47def27534e3d005bf9/element - {"using":"css selector","value":"#shell-header-logo"}
COMMAND: GET /session/a230b9fa5e58e47def27534e3d005bf9/screenshot - {}
RESULT: {"using":"css selector","value":"#shell-header-logo"}
COMMAND: POST /session/a230b9fa5e58e47def27534e3d005bf9/element/f.5A792F38359A1C743AD3061B3E5B94B4.d.0D78E41D12AB1DE6C437F6E42579B1F0.e.19561/click - {}
RESULT: {}
RESULT: {}
COMMAND: GET /session/a230b9fa5e58e47def27534e3d005bf9/screenshot - {}
]]></system-out>
    </testcase>
    <testcase classname="chrome.135_0_7049_96.windows.Provide_to_Site_w/o_warehouse_management_w/o_clarification_US116612" name="Should create WHM Partner" time="58.425">
      <system-out><![CDATA[
COMMAND: POST /session/a230b9fa5e58e47def27534e3d005bf9/execute/async - {"script":"<script> [1562 bytes]","args":[{"selector":{"controlType":"sap.m.GenericTile","properties":{"header":"Manage Partners"}},"wdio_ui5_key":"sapm.GenericTile{\"header\":\"Manage Partners\"}"}]}
RESULT: {"script":"<script> [1562 bytes]","args":[{"selector":{"controlType":"sap.m.GenericTile","properties":{"header":"Manage Partners"}},"wdio_ui5_key":"sapm.GenericTile{\"header\":\"Manage Partners\"}"}]}
RESULT: undefined
COMMAND: POST /session/a230b9fa5e58e47def27534e3d005bf9/element - {"using":"xpath","value":"//*[@id=\"__tile38\"]"}
RESULT: {}
RESULT: {"using":"xpath","value":"//*[@id=\"__tile38\"]"}
COMMAND: POST /session/a230b9fa5e58e47def27534e3d005bf9/element/f.5A792F38359A1C743AD3061B3E5B94B4.d.0D78E41D12AB1DE6C437F6E42579B1F0.e.20384/click - {}
RESULT: {}
COMMAND: GET /session/a230b9fa5e58e47def27534e3d005bf9/screenshot - {}
COMMAND: POST /session/a230b9fa5e58e47def27534e3d005bf9/element - {"using":"xpath","value":"//button[(@data-kt = 'addButton')]"}
RESULT: {}
RESULT: {"using":"xpath","value":"//button[(@data-kt = 'addButton')]"}
COMMAND: POST /session/a230b9fa5e58e47def27534e3d005bf9/elements - {"using":"xpath","value":"//button[(@data-kt = 'addButton')]"}
RESULT: {"using":"xpath","value":"//button[(@data-kt = 'addButton')]"}
COMMAND: POST /session/a230b9fa5e58e47def27534e3d005bf9/elements - {"using":"xpath","value":"//button[(@data-kt = 'addButton')]"}
RESULT: {"using":"xpath","value":"//button[(@data-kt = 'addButton')]"}
COMMAND: POST /session/a230b9fa5e58e47def27534e3d005bf9/element - {"using":"xpath","value":"//button[(@data-kt = 'addButton')]"}
RESULT: {"using":"xpath","value":"//button[(@data-kt = 'addButton')]"}
COMMAND: POST /session/a230b9fa5e58e47def27534e3d005bf9/element/f.5A792F38359A1C743AD3061B3E5B94B4.d.0D78E41D12AB1DE6C437F6E42579B1F0.e.20432/click - {}
RESULT: {}
COMMAND: POST /session/a230b9fa5e58e47def27534e3d005bf9/execute/async - {"script":"<script> [1562 bytes]","args":[{"selector":{"id":"application-managepartners-display-component---NewPartner--addressDetailDetailsName1","interaction":{"idSuffix":"inner"}},"wdio_ui5_key":"applicationmanagepartners-display-component---NewPartner--addressDetailDetailsName1"}]}
COMMAND: GET /session/a230b9fa5e58e47def27534e3d005bf9/screenshot - {}
RESULT: {"script":"<script> [1562 bytes]","args":[{"selector":{"id":"application-managepartners-display-component---NewPartner--addressDetailDetailsName1","interaction":{"idSuffix":"inner"}},"wdio_ui5_key":"applicationmanagepartners-display-component---NewPartner--addressDetailDetailsName1"}]}
RESULT: undefined
COMMAND: POST /session/a230b9fa5e58e47def27534e3d005bf9/execute/async - {"script":"<script> [776 bytes]","args":[{"enterText":"WDI5-Partners","selector":{"id":"application-managepartners-display-component---NewPartner--addressDetailDetailsName1","interaction":{"idSuffix":"inner"}},"clearTextFirst":true,"interactionType":"ENTER_TEXT"}]}
RESULT: {}
RESULT: {"script":"<script> [776 bytes]","args":[{"enterText":"WDI5-Partners","selector":{"id":"application-managepartners-display-component---NewPartner--addressDetailDetailsName1","interaction":{"idSuffix":"inner"}},"clearTextFirst":true,"interactionType":"ENTER_TEXT"}]}
COMMAND: POST /session/a230b9fa5e58e47def27534e3d005bf9/execute/async - {"script":"<script> [1562 bytes]","args":[{"selector":{"id":"application-managepartners-display-component---NewPartner--addressDetailDetailsLanguage-arrow"},"wdio_ui5_key":"applicationmanagepartners-display-component---NewPartner--addressDetailDetailsLanguage-arrow"}]}
RESULT: {"script":"<script> [1562 bytes]","args":[{"selector":{"id":"application-managepartners-display-component---NewPartner--addressDetailDetailsLanguage-arrow"},"wdio_ui5_key":"applicationmanagepartners-display-component---NewPartner--addressDetailDetailsLanguage-arrow"}]}
RESULT: undefined
COMMAND: POST /session/a230b9fa5e58e47def27534e3d005bf9/element - {"using":"xpath","value":"//*[@id=\"application-managepartners-display-component---NewPartner--addressDetailDetailsLanguage-arrow\"]"}
RESULT: {"using":"xpath","value":"//*[@id=\"application-managepartners-display-component---NewPartner--addressDetailDetailsLanguage-arrow\"]"}
COMMAND: POST /session/a230b9fa5e58e47def27534e3d005bf9/element/f.5A792F38359A1C743AD3061B3E5B94B4.d.0D78E41D12AB1DE6C437F6E42579B1F0.e.20849/click - {}
RESULT: {}
COMMAND: POST /session/a230b9fa5e58e47def27534e3d005bf9/execute/async - {"script":"<script> [1562 bytes]","args":[{"selector":{"controlType":"sap.m.StandardListItem","viewName":"etm.portal.ui.managepartners.view.NewPartner","viewId":"application-managepartners-display-component---NewPartner","properties":{"title":"English"},"searchOpenDialogs":true,"interaction":{"idSuffix":"content"}},"wdio_ui5_key":"etmportal.ui.managepartners.view.NewPartnersap.m.StandardListItem{\"title\":\"English\"}"}]}
COMMAND: GET /session/a230b9fa5e58e47def27534e3d005bf9/screenshot - {}
RESULT: {}
RESULT: {"script":"<script> [1562 bytes]","args":[{"selector":{"controlType":"sap.m.StandardListItem","viewName":"etm.portal.ui.managepartners.view.NewPartner","viewId":"application-managepartners-display-component---NewPartner","properties":{"title":"English"},"searchOpenDialogs":true,"interaction":{"idSuffix":"content"}},"wdio_ui5_key":"etmportal.ui.managepartners.view.NewPartnersap.m.StandardListItem{\"title\":\"English\"}"}]}
RESULT: undefined
COMMAND: POST /session/a230b9fa5e58e47def27534e3d005bf9/element - {"using":"xpath","value":"//*[@id=\"__item1059\"]"}
RESULT: {"using":"xpath","value":"//*[@id=\"__item1059\"]"}
COMMAND: POST /session/a230b9fa5e58e47def27534e3d005bf9/element/f.5A792F38359A1C743AD3061B3E5B94B4.d.0D78E41D12AB1DE6C437F6E42579B1F0.e.20851/click - {}
RESULT: {}
COMMAND: POST /session/a230b9fa5e58e47def27534e3d005bf9/execute/async - {"script":"<script> [1562 bytes]","args":[{"selector":{"id":"application-managepartners-display-component---NewPartner--addressDetailDetailsCity1","interaction":{"idSuffix":"inner"}},"wdio_ui5_key":"applicationmanagepartners-display-component---NewPartner--addressDetailDetailsCity1"}]}
COMMAND: GET /session/a230b9fa5e58e47def27534e3d005bf9/screenshot - {}
RESULT: {"script":"<script> [1562 bytes]","args":[{"selector":{"id":"application-managepartners-display-component---NewPartner--addressDetailDetailsCity1","interaction":{"idSuffix":"inner"}},"wdio_ui5_key":"applicationmanagepartners-display-component---NewPartner--addressDetailDetailsCity1"}]}
RESULT: undefined
COMMAND: POST /session/a230b9fa5e58e47def27534e3d005bf9/execute/async - {"script":"<script> [776 bytes]","args":[{"enterText":"Bangalore","selector":{"id":"application-managepartners-display-component---NewPartner--addressDetailDetailsCity1","interaction":{"idSuffix":"inner"}},"clearTextFirst":true,"interactionType":"ENTER_TEXT"}]}
RESULT: {}
RESULT: {"script":"<script> [776 bytes]","args":[{"enterText":"Bangalore","selector":{"id":"application-managepartners-display-component---NewPartner--addressDetailDetailsCity1","interaction":{"idSuffix":"inner"}},"clearTextFirst":true,"interactionType":"ENTER_TEXT"}]}
COMMAND: POST /session/a230b9fa5e58e47def27534e3d005bf9/execute/async - {"script":"<script> [1562 bytes]","args":[{"selector":{"id":"application-managepartners-display-component---NewPartner--addressDetailDetailsCountry-arrow"},"wdio_ui5_key":"applicationmanagepartners-display-component---NewPartner--addressDetailDetailsCountry-arrow"}]}
RESULT: {"script":"<script> [1562 bytes]","args":[{"selector":{"id":"application-managepartners-display-component---NewPartner--addressDetailDetailsCountry-arrow"},"wdio_ui5_key":"applicationmanagepartners-display-component---NewPartner--addressDetailDetailsCountry-arrow"}]}
RESULT: undefined
COMMAND: POST /session/a230b9fa5e58e47def27534e3d005bf9/element - {"using":"xpath","value":"//*[@id=\"application-managepartners-display-component---NewPartner--addressDetailDetailsCountry-arrow\"]"}
RESULT: {"using":"xpath","value":"//*[@id=\"application-managepartners-display-component---NewPartner--addressDetailDetailsCountry-arrow\"]"}
COMMAND: POST /session/a230b9fa5e58e47def27534e3d005bf9/element/f.5A792F38359A1C743AD3061B3E5B94B4.d.0D78E41D12AB1DE6C437F6E42579B1F0.e.20853/click - {}
RESULT: {}
COMMAND: POST /session/a230b9fa5e58e47def27534e3d005bf9/execute/async - {"script":"<script> [1562 bytes]","args":[{"selector":{"id":"application-managepartners-display-component---NewPartner--addressDetailDetailsCountry","interaction":{"idSuffix":"inner"}},"wdio_ui5_key":"applicationmanagepartners-display-component---NewPartner--addressDetailDetailsCountry"}]}
COMMAND: GET /session/a230b9fa5e58e47def27534e3d005bf9/screenshot - {}
RESULT: {"script":"<script> [1562 bytes]","args":[{"selector":{"id":"application-managepartners-display-component---NewPartner--addressDetailDetailsCountry","interaction":{"idSuffix":"inner"}},"wdio_ui5_key":"applicationmanagepartners-display-component---NewPartner--addressDetailDetailsCountry"}]}
RESULT: undefined
COMMAND: POST /session/a230b9fa5e58e47def27534e3d005bf9/execute/async - {"script":"<script> [776 bytes]","args":[{"enterText":"India","selector":{"id":"application-managepartners-display-component---NewPartner--addressDetailDetailsCountry","interaction":{"idSuffix":"inner"}},"clearTextFirst":true,"interactionType":"ENTER_TEXT"}]}
RESULT: {}
RESULT: {"script":"<script> [776 bytes]","args":[{"enterText":"India","selector":{"id":"application-managepartners-display-component---NewPartner--addressDetailDetailsCountry","interaction":{"idSuffix":"inner"}},"clearTextFirst":true,"interactionType":"ENTER_TEXT"}]}
COMMAND: POST /session/a230b9fa5e58e47def27534e3d005bf9/execute/async - {"script":"<script> [1562 bytes]","args":[{"selector":{"controlType":"sap.m.StandardListItem","viewName":"etm.portal.ui.managepartners.view.NewPartner","viewId":"application-managepartners-display-component---NewPartner","properties":{"title":"India"},"searchOpenDialogs":true,"interaction":{"idSuffix":"content"}},"wdio_ui5_key":"etmportal.ui.managepartners.view.NewPartnersap.m.StandardListItem{\"title\":\"India\"}"}]}
RESULT: {"script":"<script> [1562 bytes]","args":[{"selector":{"controlType":"sap.m.StandardListItem","viewName":"etm.portal.ui.managepartners.view.NewPartner","viewId":"application-managepartners-display-component---NewPartner","properties":{"title":"India"},"searchOpenDialogs":true,"interaction":{"idSuffix":"content"}},"wdio_ui5_key":"etmportal.ui.managepartners.view.NewPartnersap.m.StandardListItem{\"title\":\"India\"}"}]}
RESULT: undefined
COMMAND: POST /session/a230b9fa5e58e47def27534e3d005bf9/execute/async - {"script":"<script> [1562 bytes]","args":[{"selector":{"controlType":"sap.m.Button","viewName":"etm.portal.ui.managepartners.view.NewPartner","viewId":"application-managepartners-display-component---NewPartner","properties":{"text":"Commercial"},"interaction":{"idSuffix":"BDI-content"}},"wdio_ui5_key":"etmportal.ui.managepartners.view.NewPartnersap.m.Button{\"text\":\"Commercial\"}"}]}
RESULT: {"script":"<script> [1562 bytes]","args":[{"selector":{"controlType":"sap.m.Button","viewName":"etm.portal.ui.managepartners.view.NewPartner","viewId":"application-managepartners-display-component---NewPartner","properties":{"text":"Commercial"},"interaction":{"idSuffix":"BDI-content"}},"wdio_ui5_key":"etmportal.ui.managepartners.view.NewPartnersap.m.Button{\"text\":\"Commercial\"}"}]}
RESULT: undefined
COMMAND: POST /session/a230b9fa5e58e47def27534e3d005bf9/element - {"using":"xpath","value":"//*[@id=\"application-managepartners-display-component---NewPartner--ObjectPageLayout-anchBar-__section57-anchor\"]"}
RESULT: {"using":"xpath","value":"//*[@id=\"application-managepartners-display-component---NewPartner--ObjectPageLayout-anchBar-__section57-anchor\"]"}
COMMAND: POST /session/a230b9fa5e58e47def27534e3d005bf9/element/f.5A792F38359A1C743AD3061B3E5B94B4.d.0D78E41D12AB1DE6C437F6E42579B1F0.e.20858/click - {}
RESULT: {}
COMMAND: POST /session/a230b9fa5e58e47def27534e3d005bf9/execute/async - {"script":"<script> [1562 bytes]","args":[{"selector":{"id":"application-managepartners-display-component---NewPartner--partnerDetailInternal-arrow"},"wdio_ui5_key":"applicationmanagepartners-display-component---NewPartner--partnerDetailInternal-arrow"}]}
COMMAND: GET /session/a230b9fa5e58e47def27534e3d005bf9/screenshot - {}
RESULT: {"script":"<script> [1562 bytes]","args":[{"selector":{"id":"application-managepartners-display-component---NewPartner--partnerDetailInternal-arrow"},"wdio_ui5_key":"applicationmanagepartners-display-component---NewPartner--partnerDetailInternal-arrow"}]}
RESULT: undefined
COMMAND: POST /session/a230b9fa5e58e47def27534e3d005bf9/element - {"using":"xpath","value":"//*[@id=\"application-managepartners-display-component---NewPartner--partnerDetailInternal-arrow\"]"}
RESULT: {}
RESULT: {"using":"xpath","value":"//*[@id=\"application-managepartners-display-component---NewPartner--partnerDetailInternal-arrow\"]"}
COMMAND: POST /session/a230b9fa5e58e47def27534e3d005bf9/element/f.5A792F38359A1C743AD3061B3E5B94B4.d.0D78E41D12AB1DE6C437F6E42579B1F0.e.20863/click - {}
RESULT: {}
COMMAND: POST /session/a230b9fa5e58e47def27534e3d005bf9/execute/async - {"script":"<script> [1562 bytes]","args":[{"selector":{"controlType":"sap.m.StandardListItem","viewName":"etm.portal.ui.managepartners.view.NewPartner","viewId":"application-managepartners-display-component---NewPartner","properties":{"title":"External partner"},"searchOpenDialogs":true,"interaction":{"idSuffix":"content"}},"wdio_ui5_key":"etmportal.ui.managepartners.view.NewPartnersap.m.StandardListItem{\"title\":\"External partner\"}"}]}
COMMAND: GET /session/a230b9fa5e58e47def27534e3d005bf9/screenshot - {}
RESULT: {"script":"<script> [1562 bytes]","args":[{"selector":{"controlType":"sap.m.StandardListItem","viewName":"etm.portal.ui.managepartners.view.NewPartner","viewId":"application-managepartners-display-component---NewPartner","properties":{"title":"External partner"},"searchOpenDialogs":true,"interaction":{"idSuffix":"content"}},"wdio_ui5_key":"etmportal.ui.managepartners.view.NewPartnersap.m.StandardListItem{\"title\":\"External partner\"}"}]}
RESULT: undefined
COMMAND: POST /session/a230b9fa5e58e47def27534e3d005bf9/element - {"using":"xpath","value":"//*[@id=\"__item1193\"]"}
RESULT: {}
RESULT: {"using":"xpath","value":"//*[@id=\"__item1193\"]"}
COMMAND: POST /session/a230b9fa5e58e47def27534e3d005bf9/element/f.5A792F38359A1C743AD3061B3E5B94B4.d.0D78E41D12AB1DE6C437F6E42579B1F0.e.20865/click - {}
RESULT: {}
COMMAND: POST /session/a230b9fa5e58e47def27534e3d005bf9/execute/async - {"script":"<script> [1562 bytes]","args":[{"selector":{"id":"application-managepartners-display-component---NewPartner--partnerDetailsCurrency-arrow"},"wdio_ui5_key":"applicationmanagepartners-display-component---NewPartner--partnerDetailsCurrency-arrow"}]}
COMMAND: GET /session/a230b9fa5e58e47def27534e3d005bf9/screenshot - {}
RESULT: {"script":"<script> [1562 bytes]","args":[{"selector":{"id":"application-managepartners-display-component---NewPartner--partnerDetailsCurrency-arrow"},"wdio_ui5_key":"applicationmanagepartners-display-component---NewPartner--partnerDetailsCurrency-arrow"}]}
RESULT: undefined
COMMAND: POST /session/a230b9fa5e58e47def27534e3d005bf9/element - {"using":"xpath","value":"//*[@id=\"application-managepartners-display-component---NewPartner--partnerDetailsCurrency-arrow\"]"}
RESULT: {}
RESULT: {"using":"xpath","value":"//*[@id=\"application-managepartners-display-component---NewPartner--partnerDetailsCurrency-arrow\"]"}
COMMAND: POST /session/a230b9fa5e58e47def27534e3d005bf9/element/f.5A792F38359A1C743AD3061B3E5B94B4.d.0D78E41D12AB1DE6C437F6E42579B1F0.e.20870/click - {}
RESULT: {}
COMMAND: POST /session/a230b9fa5e58e47def27534e3d005bf9/execute/async - {"script":"<script> [1562 bytes]","args":[{"selector":{"controlType":"sap.m.StandardListItem","viewName":"etm.portal.ui.managepartners.view.NewPartner","viewId":"application-managepartners-display-component---NewPartner","properties":{"title":"Euro"},"searchOpenDialogs":true,"interaction":{"idSuffix":"content"}},"wdio_ui5_key":"etmportal.ui.managepartners.view.NewPartnersap.m.StandardListItem{\"title\":\"Euro\"}"}]}
COMMAND: GET /session/a230b9fa5e58e47def27534e3d005bf9/screenshot - {}
RESULT: {"script":"<script> [1562 bytes]","args":[{"selector":{"controlType":"sap.m.StandardListItem","viewName":"etm.portal.ui.managepartners.view.NewPartner","viewId":"application-managepartners-display-component---NewPartner","properties":{"title":"Euro"},"searchOpenDialogs":true,"interaction":{"idSuffix":"content"}},"wdio_ui5_key":"etmportal.ui.managepartners.view.NewPartnersap.m.StandardListItem{\"title\":\"Euro\"}"}]}
RESULT: undefined
COMMAND: POST /session/a230b9fa5e58e47def27534e3d005bf9/element - {"using":"xpath","value":"//*[@id=\"__item1195\"]"}
RESULT: {}
RESULT: {"using":"xpath","value":"//*[@id=\"__item1195\"]"}
COMMAND: POST /session/a230b9fa5e58e47def27534e3d005bf9/element/f.5A792F38359A1C743AD3061B3E5B94B4.d.0D78E41D12AB1DE6C437F6E42579B1F0.e.20872/click - {}
RESULT: {}
COMMAND: POST /session/a230b9fa5e58e47def27534e3d005bf9/execute/async - {"script":"<script> [1562 bytes]","args":[{"selector":{"controlType":"sap.m.Button","viewName":"etm.portal.ui.managepartners.view.NewPartner","viewId":"application-managepartners-display-component---NewPartner","properties":{"text":"Assignments"},"interaction":{"idSuffix":"BDI-content"}},"wdio_ui5_key":"etmportal.ui.managepartners.view.NewPartnersap.m.Button{\"text\":\"Assignments\"}"}]}
COMMAND: GET /session/a230b9fa5e58e47def27534e3d005bf9/screenshot - {}
RESULT: {"script":"<script> [1562 bytes]","args":[{"selector":{"controlType":"sap.m.Button","viewName":"etm.portal.ui.managepartners.view.NewPartner","viewId":"application-managepartners-display-component---NewPartner","properties":{"text":"Assignments"},"interaction":{"idSuffix":"BDI-content"}},"wdio_ui5_key":"etmportal.ui.managepartners.view.NewPartnersap.m.Button{\"text\":\"Assignments\"}"}]}
RESULT: undefined
COMMAND: POST /session/a230b9fa5e58e47def27534e3d005bf9/element - {"using":"xpath","value":"//*[@id=\"application-managepartners-display-component---NewPartner--ObjectPageLayout-anchBar-__section61-anchor\"]"}
RESULT: {}
RESULT: {"using":"xpath","value":"//*[@id=\"application-managepartners-display-component---NewPartner--ObjectPageLayout-anchBar-__section61-anchor\"]"}
COMMAND: POST /session/a230b9fa5e58e47def27534e3d005bf9/element/f.5A792F38359A1C743AD3061B3E5B94B4.d.0D78E41D12AB1DE6C437F6E42579B1F0.e.20874/click - {}
RESULT: {}
COMMAND: POST /session/a230b9fa5e58e47def27534e3d005bf9/execute/async - {"script":"<script> [1562 bytes]","args":[{"selector":{"id":"application-managepartners-display-component---NewPartner--btnAddTableRow","interaction":{"idSuffix":"inner"}},"wdio_ui5_key":"applicationmanagepartners-display-component---NewPartner--btnAddTableRow"}]}
COMMAND: GET /session/a230b9fa5e58e47def27534e3d005bf9/screenshot - {}
RESULT: {"script":"<script> [1562 bytes]","args":[{"selector":{"id":"application-managepartners-display-component---NewPartner--btnAddTableRow","interaction":{"idSuffix":"inner"}},"wdio_ui5_key":"applicationmanagepartners-display-component---NewPartner--btnAddTableRow"}]}
RESULT: undefined
COMMAND: POST /session/a230b9fa5e58e47def27534e3d005bf9/element - {"using":"xpath","value":"//*[@id=\"application-managepartners-display-component---NewPartner--btnAddTableRow\"]"}
RESULT: {}
RESULT: {"using":"xpath","value":"//*[@id=\"application-managepartners-display-component---NewPartner--btnAddTableRow\"]"}
COMMAND: POST /session/a230b9fa5e58e47def27534e3d005bf9/element/f.5A792F38359A1C743AD3061B3E5B94B4.d.0D78E41D12AB1DE6C437F6E42579B1F0.e.20879/click - {}
RESULT: {}
COMMAND: POST /session/a230b9fa5e58e47def27534e3d005bf9/element - {"using":"css selector","value":"#application-managepartners-display-component---NewPartner--assignmentYard-application-managepartners-display-component---NewPartner--assignmentsTable-0-inner"}
COMMAND: GET /session/a230b9fa5e58e47def27534e3d005bf9/screenshot - {}
RESULT: {"using":"css selector","value":"#application-managepartners-display-component---NewPartner--assignmentYard-application-managepartners-display-component---NewPartner--assignmentsTable-0-inner"}
COMMAND: POST /session/a230b9fa5e58e47def27534e3d005bf9/element/f.5A792F38359A1C743AD3061B3E5B94B4.d.0D78E41D12AB1DE6C437F6E42579B1F0.e.20881/clear - {}
RESULT: {}
RESULT: {}
COMMAND: POST /session/a230b9fa5e58e47def27534e3d005bf9/element/f.5A792F38359A1C743AD3061B3E5B94B4.d.0D78E41D12AB1DE6C437F6E42579B1F0.e.20881/value - {"text":"346"}
COMMAND: GET /session/a230b9fa5e58e47def27534e3d005bf9/screenshot - {}
RESULT: {"text":"346"}
COMMAND: POST /session/a230b9fa5e58e47def27534e3d005bf9/execute/async - {"script":"<script> [1562 bytes]","args":[{"selector":{"id":"application-managepartners-display-component---NewPartner--assignmentYard-application-managepartners-display-component---NewPartner--assignmentsTable-0-arrow"},"wdio_ui5_key":"applicationmanagepartners-display-component---NewPartner--assignmentYard-application-managepartners-display-component---NewPartner--assignmentsTable-0-arrow"}]}
COMMAND: GET /session/a230b9fa5e58e47def27534e3d005bf9/screenshot - {}
RESULT: {}
RESULT: {"script":"<script> [1562 bytes]","args":[{"selector":{"id":"application-managepartners-display-component---NewPartner--assignmentYard-application-managepartners-display-component---NewPartner--assignmentsTable-0-arrow"},"wdio_ui5_key":"applicationmanagepartners-display-component---NewPartner--assignmentYard-application-managepartners-display-component---NewPartner--assignmentsTable-0-arrow"}]}
RESULT: undefined
COMMAND: POST /session/a230b9fa5e58e47def27534e3d005bf9/element - {"using":"xpath","value":"//*[@id=\"application-managepartners-display-component---NewPartner--assignmentYard-application-managepartners-display-component---NewPartner--assignmentsTable-0-arrow\"]"}
RESULT: {}
RESULT: {"using":"xpath","value":"//*[@id=\"application-managepartners-display-component---NewPartner--assignmentYard-application-managepartners-display-component---NewPartner--assignmentsTable-0-arrow\"]"}
COMMAND: POST /session/a230b9fa5e58e47def27534e3d005bf9/element/f.5A792F38359A1C743AD3061B3E5B94B4.d.0D78E41D12AB1DE6C437F6E42579B1F0.e.20888/click - {}
RESULT: {}
COMMAND: GET /session/a230b9fa5e58e47def27534e3d005bf9/screenshot - {}
RESULT: {}
COMMAND: POST /session/a230b9fa5e58e47def27534e3d005bf9/execute/async - {"script":"<script> [1562 bytes]","args":[{"selector":{"controlType":"sap.m.Button","viewName":"etm.portal.ui.managepartners.view.NewPartner","viewId":"application-managepartners-display-component---NewPartner","i18NText":{"propertyName":"text","key":"save"},"interaction":{"idSuffix":"BDI-content"}},"wdio_ui5_key":"etmportal.ui.managepartners.view.NewPartnersap.m.Button{\"propertyName\":\"text\",\"key\":\"save\"}"}]}
RESULT: {"script":"<script> [1562 bytes]","args":[{"selector":{"controlType":"sap.m.Button","viewName":"etm.portal.ui.managepartners.view.NewPartner","viewId":"application-managepartners-display-component---NewPartner","i18NText":{"propertyName":"text","key":"save"},"interaction":{"idSuffix":"BDI-content"}},"wdio_ui5_key":"etmportal.ui.managepartners.view.NewPartnersap.m.Button{\"propertyName\":\"text\",\"key\":\"save\"}"}]}
RESULT: undefined
COMMAND: POST /session/a230b9fa5e58e47def27534e3d005bf9/element - {"using":"xpath","value":"//*[@id=\"__button127\"]"}
RESULT: {"using":"xpath","value":"//*[@id=\"__button127\"]"}
COMMAND: POST /session/a230b9fa5e58e47def27534e3d005bf9/element/f.5A792F38359A1C743AD3061B3E5B94B4.d.0D78E41D12AB1DE6C437F6E42579B1F0.e.20796/click - {}
RESULT: {}
COMMAND: GET /session/a230b9fa5e58e47def27534e3d005bf9/screenshot - {}
RESULT: {}
COMMAND: POST /session/a230b9fa5e58e47def27534e3d005bf9/execute/async - {"script":"<script> [1562 bytes]","args":[{"selector":{"controlType":"sap.m.Text","viewName":"etm.portal.ui.managepartners.view.Detail","viewId":"application-managepartners-display-component---detailPtm","bindingPath":{"propertyPath":"ID","modelName":"catalogModel"}},"wdio_ui5_key":"etmportal.ui.managepartners.view.Detailsap.m.Text{\"propertyPath\":\"ID\",\"modelName\":\"catalogModel\"}"}]}
RESULT: {"script":"<script> [1562 bytes]","args":[{"selector":{"controlType":"sap.m.Text","viewName":"etm.portal.ui.managepartners.view.Detail","viewId":"application-managepartners-display-component---detailPtm","bindingPath":{"propertyPath":"ID","modelName":"catalogModel"}},"wdio_ui5_key":"etmportal.ui.managepartners.view.Detailsap.m.Text{\"propertyPath\":\"ID\",\"modelName\":\"catalogModel\"}"}]}
RESULT: undefined
COMMAND: POST /session/a230b9fa5e58e47def27534e3d005bf9/execute/async - {"script":"<script> [6424 bytes]","args":[{"element-6066-11e4-a52e-4f735466cecf":"f.5A792F38359A1C743AD3061B3E5B94B4.d.0D78E41D12AB1DE6C437F6E42579B1F0.e.21051"},"getText",[]]}
RESULT: {"script":"<script> [6424 bytes]","args":[{"element-6066-11e4-a52e-4f735466cecf":"f.5A792F38359A1C743AD3061B3E5B94B4.d.0D78E41D12AB1DE6C437F6E42579B1F0.e.21051"},"getText",[]]}
COMMAND: POST /session/a230b9fa5e58e47def27534e3d005bf9/element - {"using":"css selector","value":"#shell-header-logo"}
RESULT: {"using":"css selector","value":"#shell-header-logo"}
COMMAND: POST /session/a230b9fa5e58e47def27534e3d005bf9/element/f.5A792F38359A1C743AD3061B3E5B94B4.d.0D78E41D12AB1DE6C437F6E42579B1F0.e.20386/click - {}
RESULT: {}
COMMAND: GET /session/a230b9fa5e58e47def27534e3d005bf9/screenshot - {}
]]></system-out>
    </testcase>
    <testcase classname="chrome.135_0_7049_96.windows.Provide_to_Site_w/o_warehouse_management_w/o_clarification_US116612" name="Should create a new WHM Material" time="76.681">
      <system-out><![CDATA[
COMMAND: POST /session/a230b9fa5e58e47def27534e3d005bf9/execute/async - {"script":"<script> [1562 bytes]","args":[{"selector":{"controlType":"sap.m.GenericTile","properties":{"header":"Manage Resources"}},"wdio_ui5_key":"sapm.GenericTile{\"header\":\"Manage Resources\"}"}]}
RESULT: {"script":"<script> [1562 bytes]","args":[{"selector":{"controlType":"sap.m.GenericTile","properties":{"header":"Manage Resources"}},"wdio_ui5_key":"sapm.GenericTile{\"header\":\"Manage Resources\"}"}]}
RESULT: undefined
COMMAND: POST /session/a230b9fa5e58e47def27534e3d005bf9/element - {"using":"xpath","value":"//*[@id=\"__tile39\"]"}
RESULT: {}
RESULT: {"using":"xpath","value":"//*[@id=\"__tile39\"]"}
COMMAND: POST /session/a230b9fa5e58e47def27534e3d005bf9/element/f.5A792F38359A1C743AD3061B3E5B94B4.d.0D78E41D12AB1DE6C437F6E42579B1F0.e.21053/click - {}
RESULT: {}
COMMAND: POST /session/a230b9fa5e58e47def27534e3d005bf9/execute/async - {"script":"<script> [1562 bytes]","args":[{"selector":{"controlType":"sap.m.OverflowToolbarButton","viewName":"etm.portal.ui.manageresources.view.Master","viewId":"application-manageresources-display-component---masterRU","bindingPath":{"path":"","propertyPath":"/isLogbook","modelName":"minimumStockRPGModel"},"interaction":{"idSuffix":"inner"}},"wdio_ui5_key":"etmportal.ui.manageresources.view.Mastersap.m.OverflowToolbarButton{\"path\":\"\",\"propertyPath\":\"/isLogbook\",\"modelName\":\"minimumStockRPGModel\"}"}]}
COMMAND: GET /session/a230b9fa5e58e47def27534e3d005bf9/screenshot - {}
RESULT: {"script":"<script> [1562 bytes]","args":[{"selector":{"controlType":"sap.m.OverflowToolbarButton","viewName":"etm.portal.ui.manageresources.view.Master","viewId":"application-manageresources-display-component---masterRU","bindingPath":{"path":"","propertyPath":"/isLogbook","modelName":"minimumStockRPGModel"},"interaction":{"idSuffix":"inner"}},"wdio_ui5_key":"etmportal.ui.manageresources.view.Mastersap.m.OverflowToolbarButton{\"path\":\"\",\"propertyPath\":\"/isLogbook\",\"modelName\":\"minimumStockRPGModel\"}"}]}
RESULT: undefined
COMMAND: POST /session/a230b9fa5e58e47def27534e3d005bf9/element - {"using":"xpath","value":"//*[@id=\"__button168\"]"}
RESULT: {}
RESULT: {"using":"xpath","value":"//*[@id=\"__button168\"]"}
COMMAND: POST /session/a230b9fa5e58e47def27534e3d005bf9/element/f.5A792F38359A1C743AD3061B3E5B94B4.d.0D78E41D12AB1DE6C437F6E42579B1F0.e.21093/click - {}
RESULT: {}
COMMAND: GET /session/a230b9fa5e58e47def27534e3d005bf9/screenshot - {}
COMMAND: POST /session/a230b9fa5e58e47def27534e3d005bf9/execute/async - {"script":"<script> [1562 bytes]","args":[{"selector":{"id":"application-manageresources-display-component---newResourceUnit--TYPE-arrow"},"wdio_ui5_key":"applicationmanageresources-display-component---newResourceUnit--TYPE-arrow"}]}
RESULT: {}
RESULT: {"script":"<script> [1562 bytes]","args":[{"selector":{"id":"application-manageresources-display-component---newResourceUnit--TYPE-arrow"},"wdio_ui5_key":"applicationmanageresources-display-component---newResourceUnit--TYPE-arrow"}]}
RESULT: undefined
COMMAND: POST /session/a230b9fa5e58e47def27534e3d005bf9/element - {"using":"xpath","value":"//*[@id=\"application-manageresources-display-component---newResourceUnit--TYPE-arrow\"]"}
RESULT: {"using":"xpath","value":"//*[@id=\"application-manageresources-display-component---newResourceUnit--TYPE-arrow\"]"}
COMMAND: POST /session/a230b9fa5e58e47def27534e3d005bf9/element/f.5A792F38359A1C743AD3061B3E5B94B4.d.0D78E41D12AB1DE6C437F6E42579B1F0.e.21420/click - {}
RESULT: {}
COMMAND: POST /session/a230b9fa5e58e47def27534e3d005bf9/execute/async - {"script":"<script> [1562 bytes]","args":[{"selector":{"controlType":"sap.m.StandardListItem","viewName":"reusables.view.manageresources.NewResourceUnit","viewId":"application-manageresources-display-component---newResourceUnit","properties":{"title":"Material"},"searchOpenDialogs":true,"interaction":{"idSuffix":"content"}},"wdio_ui5_key":"reusablesview.manageresources.NewResourceUnitsap.m.StandardListItem{\"title\":\"Material\"}"}]}
COMMAND: GET /session/a230b9fa5e58e47def27534e3d005bf9/screenshot - {}
RESULT: {"script":"<script> [1562 bytes]","args":[{"selector":{"controlType":"sap.m.StandardListItem","viewName":"reusables.view.manageresources.NewResourceUnit","viewId":"application-manageresources-display-component---newResourceUnit","properties":{"title":"Material"},"searchOpenDialogs":true,"interaction":{"idSuffix":"content"}},"wdio_ui5_key":"reusablesview.manageresources.NewResourceUnitsap.m.StandardListItem{\"title\":\"Material\"}"}]}
RESULT: undefined
COMMAND: POST /session/a230b9fa5e58e47def27534e3d005bf9/element - {"using":"xpath","value":"//*[@id=\"__item1476\"]"}
RESULT: {}
RESULT: {"using":"xpath","value":"//*[@id=\"__item1476\"]"}
COMMAND: POST /session/a230b9fa5e58e47def27534e3d005bf9/element/f.5A792F38359A1C743AD3061B3E5B94B4.d.0D78E41D12AB1DE6C437F6E42579B1F0.e.21423/click - {}
RESULT: {}
COMMAND: POST /session/a230b9fa5e58e47def27534e3d005bf9/execute/async - {"script":"<script> [1562 bytes]","args":[{"selector":{"id":"application-manageresources-display-component---newResourceUnit--resourceId","interaction":{"idSuffix":"inner"}},"wdio_ui5_key":"applicationmanageresources-display-component---newResourceUnit--resourceId"}]}
COMMAND: GET /session/a230b9fa5e58e47def27534e3d005bf9/screenshot - {}
RESULT: {"script":"<script> [1562 bytes]","args":[{"selector":{"id":"application-manageresources-display-component---newResourceUnit--resourceId","interaction":{"idSuffix":"inner"}},"wdio_ui5_key":"applicationmanageresources-display-component---newResourceUnit--resourceId"}]}
RESULT: undefined
COMMAND: POST /session/a230b9fa5e58e47def27534e3d005bf9/execute/async - {"script":"<script> [1562 bytes]","args":[{"selector":{"id":"application-manageresources-display-component---newResourceUnit--SHORT_TEXT","interaction":{"idSuffix":"inner"}},"wdio_ui5_key":"applicationmanageresources-display-component---newResourceUnit--SHORT_TEXT"}]}
RESULT: {}
RESULT: {"script":"<script> [1562 bytes]","args":[{"selector":{"id":"application-manageresources-display-component---newResourceUnit--SHORT_TEXT","interaction":{"idSuffix":"inner"}},"wdio_ui5_key":"applicationmanageresources-display-component---newResourceUnit--SHORT_TEXT"}]}
RESULT: undefined
COMMAND: POST /session/a230b9fa5e58e47def27534e3d005bf9/execute/async - {"script":"<script> [776 bytes]","args":[{"enterText":"material WHM","selector":{"id":"application-manageresources-display-component---newResourceUnit--SHORT_TEXT","interaction":{"idSuffix":"inner"}},"clearTextFirst":true,"interactionType":"ENTER_TEXT"}]}
RESULT: {"script":"<script> [776 bytes]","args":[{"enterText":"material WHM","selector":{"id":"application-manageresources-display-component---newResourceUnit--SHORT_TEXT","interaction":{"idSuffix":"inner"}},"clearTextFirst":true,"interactionType":"ENTER_TEXT"}]}
COMMAND: POST /session/a230b9fa5e58e47def27534e3d005bf9/execute/async - {"script":"<script> [1562 bytes]","args":[{"selector":{"id":"application-manageresources-display-component---newResourceUnit--BASE_UNIT_OF_MEASURE","interaction":{"idSuffix":"inner"}},"wdio_ui5_key":"applicationmanageresources-display-component---newResourceUnit--BASE_UNIT_OF_MEASURE"}]}
RESULT: {"script":"<script> [1562 bytes]","args":[{"selector":{"id":"application-manageresources-display-component---newResourceUnit--BASE_UNIT_OF_MEASURE","interaction":{"idSuffix":"inner"}},"wdio_ui5_key":"applicationmanageresources-display-component---newResourceUnit--BASE_UNIT_OF_MEASURE"}]}
RESULT: undefined
COMMAND: POST /session/a230b9fa5e58e47def27534e3d005bf9/execute/async - {"script":"<script> [776 bytes]","args":[{"enterText":"Piece","selector":{"id":"application-manageresources-display-component---newResourceUnit--BASE_UNIT_OF_MEASURE","interaction":{"idSuffix":"inner"}},"clearTextFirst":true,"interactionType":"ENTER_TEXT"}]}
RESULT: {"script":"<script> [776 bytes]","args":[{"enterText":"Piece","selector":{"id":"application-manageresources-display-component---newResourceUnit--BASE_UNIT_OF_MEASURE","interaction":{"idSuffix":"inner"}},"clearTextFirst":true,"interactionType":"ENTER_TEXT"}]}
COMMAND: POST /session/a230b9fa5e58e47def27534e3d005bf9/execute/async - {"script":"<script> [1562 bytes]","args":[{"selector":{"id":"application-manageresources-display-component---newResourceUnit--WEIGHT_UNIT","interaction":{"idSuffix":"inner"}},"wdio_ui5_key":"applicationmanageresources-display-component---newResourceUnit--WEIGHT_UNIT"}]}
RESULT: {"script":"<script> [1562 bytes]","args":[{"selector":{"id":"application-manageresources-display-component---newResourceUnit--WEIGHT_UNIT","interaction":{"idSuffix":"inner"}},"wdio_ui5_key":"applicationmanageresources-display-component---newResourceUnit--WEIGHT_UNIT"}]}
RESULT: undefined
COMMAND: POST /session/a230b9fa5e58e47def27534e3d005bf9/execute/async - {"script":"<script> [776 bytes]","args":[{"enterText":"Gram","selector":{"id":"application-manageresources-display-component---newResourceUnit--WEIGHT_UNIT","interaction":{"idSuffix":"inner"}},"clearTextFirst":true,"interactionType":"ENTER_TEXT"}]}
RESULT: {"script":"<script> [776 bytes]","args":[{"enterText":"Gram","selector":{"id":"application-manageresources-display-component---newResourceUnit--WEIGHT_UNIT","interaction":{"idSuffix":"inner"}},"clearTextFirst":true,"interactionType":"ENTER_TEXT"}]}
COMMAND: POST /session/a230b9fa5e58e47def27534e3d005bf9/execute/async - {"script":"<script> [1562 bytes]","args":[{"selector":{"id":"application-manageresources-display-component---newResourceUnit--DIMENSION_UNIT","interaction":{"idSuffix":"inner"}},"wdio_ui5_key":"applicationmanageresources-display-component---newResourceUnit--DIMENSION_UNIT"}]}
RESULT: {"script":"<script> [1562 bytes]","args":[{"selector":{"id":"application-manageresources-display-component---newResourceUnit--DIMENSION_UNIT","interaction":{"idSuffix":"inner"}},"wdio_ui5_key":"applicationmanageresources-display-component---newResourceUnit--DIMENSION_UNIT"}]}
RESULT: undefined
COMMAND: POST /session/a230b9fa5e58e47def27534e3d005bf9/execute/async - {"script":"<script> [776 bytes]","args":[{"enterText":"Meter","selector":{"id":"application-manageresources-display-component---newResourceUnit--DIMENSION_UNIT","interaction":{"idSuffix":"inner"}},"clearTextFirst":true,"interactionType":"ENTER_TEXT"}]}
RESULT: {"script":"<script> [776 bytes]","args":[{"enterText":"Meter","selector":{"id":"application-manageresources-display-component---newResourceUnit--DIMENSION_UNIT","interaction":{"idSuffix":"inner"}},"clearTextFirst":true,"interactionType":"ENTER_TEXT"}]}
COMMAND: POST /session/a230b9fa5e58e47def27534e3d005bf9/execute/async - {"script":"<script> [1562 bytes]","args":[{"selector":{"id":"application-manageresources-display-component---newResourceUnit--newRRUPage-anchBar-application-manageresources-display-component---newResourceUnit--control-anchor","interaction":{"idSuffix":"content"}},"wdio_ui5_key":"applicationmanageresources-display-component---newResourceUnit--newRRUPage-anchBar-application-manageresources-display-component---newResourceUnit--control-anchor"}]}
RESULT: {"script":"<script> [1562 bytes]","args":[{"selector":{"id":"application-manageresources-display-component---newResourceUnit--newRRUPage-anchBar-application-manageresources-display-component---newResourceUnit--control-anchor","interaction":{"idSuffix":"content"}},"wdio_ui5_key":"applicationmanageresources-display-component---newResourceUnit--newRRUPage-anchBar-application-manageresources-display-component---newResourceUnit--control-anchor"}]}
RESULT: undefined
COMMAND: POST /session/a230b9fa5e58e47def27534e3d005bf9/element - {"using":"xpath","value":"//*[@id=\"application-manageresources-display-component---newResourceUnit--newRRUPage-anchBar-application-manageresources-display-component---newResourceUnit--control-anchor\"]"}
RESULT: {"using":"xpath","value":"//*[@id=\"application-manageresources-display-component---newResourceUnit--newRRUPage-anchBar-application-manageresources-display-component---newResourceUnit--control-anchor\"]"}
COMMAND: POST /session/a230b9fa5e58e47def27534e3d005bf9/element/f.5A792F38359A1C743AD3061B3E5B94B4.d.0D78E41D12AB1DE6C437F6E42579B1F0.e.21487/click - {}
RESULT: {}
COMMAND: POST /session/a230b9fa5e58e47def27534e3d005bf9/execute/async - {"script":"<script> [1562 bytes]","args":[{"selector":{"id":"application-manageresources-display-component---newResourceUnit--PLANNING_GROUP","interaction":{"idSuffix":"inner"}},"wdio_ui5_key":"applicationmanageresources-display-component---newResourceUnit--PLANNING_GROUP"}]}
COMMAND: GET /session/a230b9fa5e58e47def27534e3d005bf9/screenshot - {}
RESULT: {"script":"<script> [1562 bytes]","args":[{"selector":{"id":"application-manageresources-display-component---newResourceUnit--PLANNING_GROUP","interaction":{"idSuffix":"inner"}},"wdio_ui5_key":"applicationmanageresources-display-component---newResourceUnit--PLANNING_GROUP"}]}
RESULT: undefined
COMMAND: POST /session/a230b9fa5e58e47def27534e3d005bf9/execute/async - {"script":"<script> [776 bytes]","args":[{"enterText":"Heavy Equi","selector":{"id":"application-manageresources-display-component---newResourceUnit--PLANNING_GROUP","interaction":{"idSuffix":"inner"}},"clearTextFirst":true,"interactionType":"ENTER_TEXT"}]}
RESULT: {}
RESULT: {"script":"<script> [776 bytes]","args":[{"enterText":"Heavy Equi","selector":{"id":"application-manageresources-display-component---newResourceUnit--PLANNING_GROUP","interaction":{"idSuffix":"inner"}},"clearTextFirst":true,"interactionType":"ENTER_TEXT"}]}
COMMAND: POST /session/a230b9fa5e58e47def27534e3d005bf9/execute/async - {"script":"<script> [1562 bytes]","args":[{"selector":{"id":"application-manageresources-display-component---newResourceUnit--PLANNING_INDICATOR","interaction":{"idSuffix":"inner"}},"wdio_ui5_key":"applicationmanageresources-display-component---newResourceUnit--PLANNING_INDICATOR"}]}
RESULT: {"script":"<script> [1562 bytes]","args":[{"selector":{"id":"application-manageresources-display-component---newResourceUnit--PLANNING_INDICATOR","interaction":{"idSuffix":"inner"}},"wdio_ui5_key":"applicationmanageresources-display-component---newResourceUnit--PLANNING_INDICATOR"}]}
RESULT: undefined
COMMAND: POST /session/a230b9fa5e58e47def27534e3d005bf9/execute/async - {"script":"<script> [776 bytes]","args":[{"enterText":"10 - infinite","selector":{"id":"application-manageresources-display-component---newResourceUnit--PLANNING_INDICATOR","interaction":{"idSuffix":"inner"}},"clearTextFirst":true,"interactionType":"ENTER_TEXT"}]}
RESULT: {"script":"<script> [776 bytes]","args":[{"enterText":"10 - infinite","selector":{"id":"application-manageresources-display-component---newResourceUnit--PLANNING_INDICATOR","interaction":{"idSuffix":"inner"}},"clearTextFirst":true,"interactionType":"ENTER_TEXT"}]}
COMMAND: POST /session/a230b9fa5e58e47def27534e3d005bf9/actions - {"actions":[{"id":"action83","type":"key","parameters":{},"actions":[{"type":"keyDown","value":"î€‡"},{"type":"pause","duration":10},{"type":"keyUp","value":"î€‡"}]}]}
RESULT: {"actions":[{"id":"action83","type":"key","parameters":{},"actions":[{"type":"keyDown","value":"î€‡"},{"type":"pause","duration":10},{"type":"keyUp","value":"î€‡"}]}]}
COMMAND: POST /session/a230b9fa5e58e47def27534e3d005bf9/execute/async - {"script":"<script> [1562 bytes]","args":[{"selector":{"id":"application-manageresources-display-component---newResourceUnit--ITEM_TYPE-arrow"},"wdio_ui5_key":"applicationmanageresources-display-component---newResourceUnit--ITEM_TYPE-arrow"}]}
COMMAND: GET /session/a230b9fa5e58e47def27534e3d005bf9/screenshot - {}
RESULT: {"script":"<script> [1562 bytes]","args":[{"selector":{"id":"application-manageresources-display-component---newResourceUnit--ITEM_TYPE-arrow"},"wdio_ui5_key":"applicationmanageresources-display-component---newResourceUnit--ITEM_TYPE-arrow"}]}
RESULT: undefined
COMMAND: POST /session/a230b9fa5e58e47def27534e3d005bf9/element - {"using":"xpath","value":"//*[@id=\"application-manageresources-display-component---newResourceUnit--ITEM_TYPE-arrow\"]"}
RESULT: {}
RESULT: {"using":"xpath","value":"//*[@id=\"application-manageresources-display-component---newResourceUnit--ITEM_TYPE-arrow\"]"}
COMMAND: POST /session/a230b9fa5e58e47def27534e3d005bf9/element/f.5A792F38359A1C743AD3061B3E5B94B4.d.0D78E41D12AB1DE6C437F6E42579B1F0.e.21495/click - {}
RESULT: {}
COMMAND: POST /session/a230b9fa5e58e47def27534e3d005bf9/execute/async - {"script":"<script> [1562 bytes]","args":[{"selector":{"controlType":"sap.m.StandardListItem","viewName":"reusables.view.manageresources.NewResourceUnit","viewId":"application-manageresources-display-component---newResourceUnit","properties":{"title":"Resource Unit"},"searchOpenDialogs":true,"interaction":{"idSuffix":"titleText"}},"wdio_ui5_key":"reusablesview.manageresources.NewResourceUnitsap.m.StandardListItem{\"title\":\"Resource Unit\"}"}]}
COMMAND: GET /session/a230b9fa5e58e47def27534e3d005bf9/screenshot - {}
RESULT: {"script":"<script> [1562 bytes]","args":[{"selector":{"controlType":"sap.m.StandardListItem","viewName":"reusables.view.manageresources.NewResourceUnit","viewId":"application-manageresources-display-component---newResourceUnit","properties":{"title":"Resource Unit"},"searchOpenDialogs":true,"interaction":{"idSuffix":"titleText"}},"wdio_ui5_key":"reusablesview.manageresources.NewResourceUnitsap.m.StandardListItem{\"title\":\"Resource Unit\"}"}]}
RESULT: undefined
RESULT: {}
COMMAND: POST /session/a230b9fa5e58e47def27534e3d005bf9/execute/async - {"script":"<script> [1562 bytes]","args":[{"selector":{"controlType":"sap.m.Label","viewName":"reusables.view.manageresources.NewResourceUnit","viewId":"application-manageresources-display-component---newResourceUnit","i18NText":{"propertyName":"text","key":"planningGroup"},"interaction":{"idSuffix":"bdi"}},"wdio_ui5_key":"reusablesview.manageresources.NewResourceUnitsap.m.Label{\"propertyName\":\"text\",\"key\":\"planningGroup\"}"}]}
RESULT: {"script":"<script> [1562 bytes]","args":[{"selector":{"controlType":"sap.m.Label","viewName":"reusables.view.manageresources.NewResourceUnit","viewId":"application-manageresources-display-component---newResourceUnit","i18NText":{"propertyName":"text","key":"planningGroup"},"interaction":{"idSuffix":"bdi"}},"wdio_ui5_key":"reusablesview.manageresources.NewResourceUnitsap.m.Label{\"propertyName\":\"text\",\"key\":\"planningGroup\"}"}]}
RESULT: undefined
COMMAND: POST /session/a230b9fa5e58e47def27534e3d005bf9/element - {"using":"xpath","value":"//*[@id=\"__label263\"]"}
RESULT: {"using":"xpath","value":"//*[@id=\"__label263\"]"}
COMMAND: POST /session/a230b9fa5e58e47def27534e3d005bf9/element/f.5A792F38359A1C743AD3061B3E5B94B4.d.0D78E41D12AB1DE6C437F6E42579B1F0.e.21497/click - {}
RESULT: {}
COMMAND: GET /session/a230b9fa5e58e47def27534e3d005bf9/screenshot - {}
RESULT: {}
COMMAND: POST /session/a230b9fa5e58e47def27534e3d005bf9/actions - {"actions":[{"type":"key","id":"keyboard","actions":[{"type":"keyDown","value":"î›"}]}]}
RESULT: {"actions":[{"type":"key","id":"keyboard","actions":[{"type":"keyDown","value":"î›"}]}]}
COMMAND: GET /session/a230b9fa5e58e47def27534e3d005bf9/screenshot - {}
RESULT: {}
COMMAND: POST /session/a230b9fa5e58e47def27534e3d005bf9/actions - {"actions":[{"type":"key","id":"keyboard","actions":[{"type":"keyDown","value":"î›"}]}]}
RESULT: {"actions":[{"type":"key","id":"keyboard","actions":[{"type":"keyDown","value":"î›"}]}]}
COMMAND: GET /session/a230b9fa5e58e47def27534e3d005bf9/screenshot - {}
RESULT: {}
COMMAND: POST /session/a230b9fa5e58e47def27534e3d005bf9/actions - {"actions":[{"type":"key","id":"keyboard","actions":[{"type":"keyDown","value":"î›"}]}]}
RESULT: {"actions":[{"type":"key","id":"keyboard","actions":[{"type":"keyDown","value":"î›"}]}]}
COMMAND: GET /session/a230b9fa5e58e47def27534e3d005bf9/screenshot - {}
RESULT: {}
COMMAND: POST /session/a230b9fa5e58e47def27534e3d005bf9/actions - {"actions":[{"type":"key","id":"keyboard","actions":[{"type":"keyDown","value":"î›"}]}]}
RESULT: {"actions":[{"type":"key","id":"keyboard","actions":[{"type":"keyDown","value":"î›"}]}]}
COMMAND: GET /session/a230b9fa5e58e47def27534e3d005bf9/screenshot - {}
RESULT: {}
COMMAND: POST /session/a230b9fa5e58e47def27534e3d005bf9/actions - {"actions":[{"type":"key","id":"keyboard","actions":[{"type":"keyDown","value":"î›"}]}]}
RESULT: {"actions":[{"type":"key","id":"keyboard","actions":[{"type":"keyDown","value":"î›"}]}]}
COMMAND: GET /session/a230b9fa5e58e47def27534e3d005bf9/screenshot - {}
RESULT: {}
COMMAND: POST /session/a230b9fa5e58e47def27534e3d005bf9/actions - {"actions":[{"type":"key","id":"keyboard","actions":[{"type":"keyDown","value":"î›"}]}]}
RESULT: {"actions":[{"type":"key","id":"keyboard","actions":[{"type":"keyDown","value":"î›"}]}]}
COMMAND: GET /session/a230b9fa5e58e47def27534e3d005bf9/screenshot - {}
RESULT: {}
COMMAND: POST /session/a230b9fa5e58e47def27534e3d005bf9/execute/async - {"script":"<script> [1562 bytes]","args":[{"selector":{"id":"application-manageresources-display-component---newResourceUnit--btnAddTimeSegment-img"},"wdio_ui5_key":"applicationmanageresources-display-component---newResourceUnit--btnAddTimeSegment-img"}]}
RESULT: {"script":"<script> [1562 bytes]","args":[{"selector":{"id":"application-manageresources-display-component---newResourceUnit--btnAddTimeSegment-img"},"wdio_ui5_key":"applicationmanageresources-display-component---newResourceUnit--btnAddTimeSegment-img"}]}
RESULT: undefined
COMMAND: POST /session/a230b9fa5e58e47def27534e3d005bf9/element - {"using":"xpath","value":"//*[@id=\"application-manageresources-display-component---newResourceUnit--btnAddTimeSegment-img\"]"}
RESULT: {"using":"xpath","value":"//*[@id=\"application-manageresources-display-component---newResourceUnit--btnAddTimeSegment-img\"]"}
COMMAND: POST /session/a230b9fa5e58e47def27534e3d005bf9/element/f.5A792F38359A1C743AD3061B3E5B94B4.d.0D78E41D12AB1DE6C437F6E42579B1F0.e.21498/click - {}
RESULT: {}
COMMAND: POST /session/a230b9fa5e58e47def27534e3d005bf9/element - {"using":"xpath","value":"//input[@id=\"application-manageresources-display-component---newResourceUnit--idRuTSAdmin-application-manageresources-display-component---newResourceUnit--RUTimeSegment-0-inner\"]"}
COMMAND: GET /session/a230b9fa5e58e47def27534e3d005bf9/screenshot - {}
RESULT: {"using":"xpath","value":"//input[@id=\"application-manageresources-display-component---newResourceUnit--idRuTSAdmin-application-manageresources-display-component---newResourceUnit--RUTimeSegment-0-inner\"]"}
COMMAND: POST /session/a230b9fa5e58e47def27534e3d005bf9/element/f.5A792F38359A1C743AD3061B3E5B94B4.d.0D78E41D12AB1DE6C437F6E42579B1F0.e.21501/clear - {}
RESULT: {}
RESULT: {}
COMMAND: POST /session/a230b9fa5e58e47def27534e3d005bf9/element/f.5A792F38359A1C743AD3061B3E5B94B4.d.0D78E41D12AB1DE6C437F6E42579B1F0.e.21501/value - {"text":"346"}
COMMAND: GET /session/a230b9fa5e58e47def27534e3d005bf9/screenshot - {}
RESULT: {"text":"346"}
COMMAND: GET /session/a230b9fa5e58e47def27534e3d005bf9/screenshot - {}
RESULT: {}
RESULT: {}
COMMAND: POST /session/a230b9fa5e58e47def27534e3d005bf9/actions - {"actions":[{"id":"action84","type":"key","parameters":{},"actions":[{"type":"keyDown","value":"î€‡"},{"type":"pause","duration":10},{"type":"keyUp","value":"î€‡"}]}]}
RESULT: {"actions":[{"id":"action84","type":"key","parameters":{},"actions":[{"type":"keyDown","value":"î€‡"},{"type":"pause","duration":10},{"type":"keyUp","value":"î€‡"}]}]}
COMMAND: GET /session/a230b9fa5e58e47def27534e3d005bf9/screenshot - {}
RESULT: {}
COMMAND: POST /session/a230b9fa5e58e47def27534e3d005bf9/execute/async - {"script":"<script> [1562 bytes]","args":[{"selector":{"controlType":"sap.m.Button","viewName":"reusables.view.manageresources.NewResourceUnit","viewId":"application-manageresources-display-component---newResourceUnit","i18NText":{"propertyName":"tooltip","key":"save"},"interaction":{"idSuffix":"BDI-content"}},"wdio_ui5_key":"reusablesview.manageresources.NewResourceUnitsap.m.Button{\"propertyName\":\"tooltip\",\"key\":\"save\"}"}]}
RESULT: {"script":"<script> [1562 bytes]","args":[{"selector":{"controlType":"sap.m.Button","viewName":"reusables.view.manageresources.NewResourceUnit","viewId":"application-manageresources-display-component---newResourceUnit","i18NText":{"propertyName":"tooltip","key":"save"},"interaction":{"idSuffix":"BDI-content"}},"wdio_ui5_key":"reusablesview.manageresources.NewResourceUnitsap.m.Button{\"propertyName\":\"tooltip\",\"key\":\"save\"}"}]}
RESULT: undefined
COMMAND: POST /session/a230b9fa5e58e47def27534e3d005bf9/element - {"using":"xpath","value":"//*[@id=\"application-manageresources-display-component---newResourceUnit--createRuButton\"]"}
RESULT: {"using":"xpath","value":"//*[@id=\"application-manageresources-display-component---newResourceUnit--createRuButton\"]"}
COMMAND: POST /session/a230b9fa5e58e47def27534e3d005bf9/element/f.5A792F38359A1C743AD3061B3E5B94B4.d.0D78E41D12AB1DE6C437F6E42579B1F0.e.21436/click - {}
RESULT: {}
COMMAND: POST /session/a230b9fa5e58e47def27534e3d005bf9/execute/async - {"script":"<script> [1562 bytes]","args":[{"selector":{"controlType":"sap.m.Button","properties":{"text":"Close"},"searchOpenDialogs":true,"interaction":{"idSuffix":"BDI-content"}},"wdio_ui5_key":"sapm.Button{\"text\":\"Close\"}"}]}
COMMAND: GET /session/a230b9fa5e58e47def27534e3d005bf9/screenshot - {}
RESULT: {"script":"<script> [1562 bytes]","args":[{"selector":{"controlType":"sap.m.Button","properties":{"text":"Close"},"searchOpenDialogs":true,"interaction":{"idSuffix":"BDI-content"}},"wdio_ui5_key":"sapm.Button{\"text\":\"Close\"}"}]}
RESULT: undefined
COMMAND: POST /session/a230b9fa5e58e47def27534e3d005bf9/element - {"using":"xpath","value":"//*[@id=\"__mbox-btn-0\"]"}
RESULT: {}
RESULT: {"using":"xpath","value":"//*[@id=\"__mbox-btn-0\"]"}
COMMAND: POST /session/a230b9fa5e58e47def27534e3d005bf9/element/f.5A792F38359A1C743AD3061B3E5B94B4.d.0D78E41D12AB1DE6C437F6E42579B1F0.e.21514/click - {}
RESULT: {}
COMMAND: GET /session/a230b9fa5e58e47def27534e3d005bf9/screenshot - {}
RESULT: {}
COMMAND: POST /session/a230b9fa5e58e47def27534e3d005bf9/execute/async - {"script":"<script> [1562 bytes]","args":[{"selector":{"controlType":"sap.m.Text","viewName":"etm.portal.ui.manageresources.view.Detail","viewId":"application-manageresources-display-component---detailRU","bindingPath":{"propertyPath":"ID","modelName":"catalogModel"}},"wdio_ui5_key":"etmportal.ui.manageresources.view.Detailsap.m.Text{\"propertyPath\":\"ID\",\"modelName\":\"catalogModel\"}"}]}
RESULT: {"script":"<script> [1562 bytes]","args":[{"selector":{"controlType":"sap.m.Text","viewName":"etm.portal.ui.manageresources.view.Detail","viewId":"application-manageresources-display-component---detailRU","bindingPath":{"propertyPath":"ID","modelName":"catalogModel"}},"wdio_ui5_key":"etmportal.ui.manageresources.view.Detailsap.m.Text{\"propertyPath\":\"ID\",\"modelName\":\"catalogModel\"}"}]}
RESULT: undefined
COMMAND: POST /session/a230b9fa5e58e47def27534e3d005bf9/execute/async - {"script":"<script> [6424 bytes]","args":[{"element-6066-11e4-a52e-4f735466cecf":"f.5A792F38359A1C743AD3061B3E5B94B4.d.0D78E41D12AB1DE6C437F6E42579B1F0.e.21546"},"getText",[]]}
RESULT: {"script":"<script> [6424 bytes]","args":[{"element-6066-11e4-a52e-4f735466cecf":"f.5A792F38359A1C743AD3061B3E5B94B4.d.0D78E41D12AB1DE6C437F6E42579B1F0.e.21546"},"getText",[]]}
COMMAND: POST /session/a230b9fa5e58e47def27534e3d005bf9/element - {"using":"css selector","value":"#shell-header-logo"}
RESULT: {"using":"css selector","value":"#shell-header-logo"}
COMMAND: POST /session/a230b9fa5e58e47def27534e3d005bf9/element/f.5A792F38359A1C743AD3061B3E5B94B4.d.0D78E41D12AB1DE6C437F6E42579B1F0.e.21055/click - {}
RESULT: {}
COMMAND: GET /session/a230b9fa5e58e47def27534e3d005bf9/screenshot - {}
RESULT: {}
]]></system-out>
    </testcase>
  </testsuite>
  <testsuite timestamp="2025-04-28T17:26:21" time="618.079" tests="5" failures="0" errors="0" skipped="0">
    <properties>
      <property name="specId" value="0" />
      <property name="suiteName" value="Provide to Site w/o warehouse management wo clarification" />
      <property name="capabilities" value="chrome.135_0_7049_96.windows" />
      <property name="file" value="file:///D:/a/1/s/test/specs/HTR/provide-to-site-wo-warehouse-wo-clarification.spec.js" />
    </properties>
    <testcase classname="chrome.135_0_7049_96.windows.Provide_to_Site_w/o_warehouse_management_wo_clarification" name="Should do a stock increase handover" time="77.469">
      <system-out><![CDATA[
COMMAND: POST /session/a230b9fa5e58e47def27534e3d005bf9/execute/async - {"script":"<script> [1562 bytes]","args":[{"selector":{"controlType":"sap.m.GenericTile","properties":{"header":"Manage Handovers"}},"wdio_ui5_key":"sapm.GenericTile{\"header\":\"Manage Handovers\"}"}]}
RESULT: {"script":"<script> [1562 bytes]","args":[{"selector":{"controlType":"sap.m.GenericTile","properties":{"header":"Manage Handovers"}},"wdio_ui5_key":"sapm.GenericTile{\"header\":\"Manage Handovers\"}"}]}
RESULT: undefined
COMMAND: POST /session/a230b9fa5e58e47def27534e3d005bf9/element - {"using":"xpath","value":"//*[@id=\"__tile133\"]"}
RESULT: {"using":"xpath","value":"//*[@id=\"__tile133\"]"}
COMMAND: POST /session/a230b9fa5e58e47def27534e3d005bf9/element/f.5A792F38359A1C743AD3061B3E5B94B4.d.0D78E41D12AB1DE6C437F6E42579B1F0.e.21548/click - {}
RESULT: {}
COMMAND: GET /session/a230b9fa5e58e47def27534e3d005bf9/screenshot - {}
COMMAND: POST /session/a230b9fa5e58e47def27534e3d005bf9/element - {"using":"xpath","value":"//button[(@data-kt = 'masterHOAddButton')]"}
RESULT: {}
RESULT: {"using":"xpath","value":"//button[(@data-kt = 'masterHOAddButton')]"}
COMMAND: POST /session/a230b9fa5e58e47def27534e3d005bf9/elements - {"using":"xpath","value":"//button[(@data-kt = 'masterHOAddButton')]"}
RESULT: {"using":"xpath","value":"//button[(@data-kt = 'masterHOAddButton')]"}
COMMAND: POST /session/a230b9fa5e58e47def27534e3d005bf9/element - {"using":"xpath","value":"//button[(@data-kt = 'masterHOAddButton')]"}
RESULT: {"using":"xpath","value":"//button[(@data-kt = 'masterHOAddButton')]"}
COMMAND: POST /session/a230b9fa5e58e47def27534e3d005bf9/element/f.5A792F38359A1C743AD3061B3E5B94B4.d.0D78E41D12AB1DE6C437F6E42579B1F0.e.21579/click - {}
RESULT: {}
COMMAND: POST /session/a230b9fa5e58e47def27534e3d005bf9/element - {"using":"css selector","value":"span[id=\"application-managehandovers-display-component---AddNewHO--typeSelect-label\"]"}
COMMAND: GET /session/a230b9fa5e58e47def27534e3d005bf9/screenshot - {}
RESULT: {"using":"css selector","value":"span[id=\"application-managehandovers-display-component---AddNewHO--typeSelect-label\"]"}
COMMAND: POST /session/a230b9fa5e58e47def27534e3d005bf9/element/f.5A792F38359A1C743AD3061B3E5B94B4.d.0D78E41D12AB1DE6C437F6E42579B1F0.e.21881/click - {}
RESULT: {}
RESULT: {}
COMMAND: POST /session/a230b9fa5e58e47def27534e3d005bf9/element - {"using":"css selector","value":"#application-managehandovers-display-component---AddNewHO--oneStep-CB"}
COMMAND: GET /session/a230b9fa5e58e47def27534e3d005bf9/screenshot - {}
RESULT: {"using":"css selector","value":"#application-managehandovers-display-component---AddNewHO--oneStep-CB"}
COMMAND: GET /session/a230b9fa5e58e47def27534e3d005bf9/element/f.5A792F38359A1C743AD3061B3E5B94B4.d.0D78E41D12AB1DE6C437F6E42579B1F0.e.21821/selected - {}
RESULT: {}
RESULT: {}
COMMAND: POST /session/a230b9fa5e58e47def27534e3d005bf9/element - {"using":"xpath","value":"//li[contains(text(), \"stock increase yard\")]"}
COMMAND: GET /session/a230b9fa5e58e47def27534e3d005bf9/screenshot - {}
RESULT: {"using":"xpath","value":"//li[contains(text(), \"stock increase yard\")]"}
COMMAND: POST /session/a230b9fa5e58e47def27534e3d005bf9/element/f.5A792F38359A1C743AD3061B3E5B94B4.d.0D78E41D12AB1DE6C437F6E42579B1F0.e.21882/click - {}
RESULT: {}
RESULT: {}
COMMAND: GET /session/a230b9fa5e58e47def27534e3d005bf9/screenshot - {}
RESULT: {}
COMMAND: POST /session/a230b9fa5e58e47def27534e3d005bf9/element - {"using":"css selector","value":"input[id=\"generalSectionFrg--receiveYard-inner\"]"}
RESULT: {"using":"css selector","value":"input[id=\"generalSectionFrg--receiveYard-inner\"]"}
COMMAND: POST /session/a230b9fa5e58e47def27534e3d005bf9/element/f.5A792F38359A1C743AD3061B3E5B94B4.d.0D78E41D12AB1DE6C437F6E42579B1F0.e.21890/clear - {}
RESULT: {}
COMMAND: POST /session/a230b9fa5e58e47def27534e3d005bf9/element/f.5A792F38359A1C743AD3061B3E5B94B4.d.0D78E41D12AB1DE6C437F6E42579B1F0.e.21890/value - {"text":"346"}
COMMAND: GET /session/a230b9fa5e58e47def27534e3d005bf9/screenshot - {}
RESULT: {"text":"346"}
COMMAND: GET /session/a230b9fa5e58e47def27534e3d005bf9/screenshot - {}
RESULT: {}
RESULT: {}
COMMAND: POST /session/a230b9fa5e58e47def27534e3d005bf9/element - {"using":"css selector","value":"#application-managehandovers-display-component---AddNewHO--dueDate-inner"}
RESULT: {"using":"css selector","value":"#application-managehandovers-display-component---AddNewHO--dueDate-inner"}
COMMAND: POST /session/a230b9fa5e58e47def27534e3d005bf9/element/f.5A792F38359A1C743AD3061B3E5B94B4.d.0D78E41D12AB1DE6C437F6E42579B1F0.e.21884/clear - {}
RESULT: {}
COMMAND: POST /session/a230b9fa5e58e47def27534e3d005bf9/element/f.5A792F38359A1C743AD3061B3E5B94B4.d.0D78E41D12AB1DE6C437F6E42579B1F0.e.21884/value - {"text":"4/28/25"}
COMMAND: GET /session/a230b9fa5e58e47def27534e3d005bf9/screenshot - {}
RESULT: {"text":"4/28/25"}
COMMAND: GET /session/a230b9fa5e58e47def27534e3d005bf9/screenshot - {}
RESULT: {}
RESULT: {}
COMMAND: POST /session/a230b9fa5e58e47def27534e3d005bf9/element - {"using":"xpath","value":"//bdi[(text() = 'Items' or . = 'Items')]"}
RESULT: {"using":"xpath","value":"//bdi[(text() = 'Items' or . = 'Items')]"}
COMMAND: POST /session/a230b9fa5e58e47def27534e3d005bf9/element/f.5A792F38359A1C743AD3061B3E5B94B4.d.0D78E41D12AB1DE6C437F6E42579B1F0.e.21908/click - {}
RESULT: {}
COMMAND: GET /session/a230b9fa5e58e47def27534e3d005bf9/screenshot - {}
RESULT: {}
COMMAND: POST /session/a230b9fa5e58e47def27534e3d005bf9/element - {"using":"xpath","value":"//button[@aria-label=\"Add\"]"}
RESULT: {"using":"xpath","value":"//button[@aria-label=\"Add\"]"}
COMMAND: POST /session/a230b9fa5e58e47def27534e3d005bf9/element/f.5A792F38359A1C743AD3061B3E5B94B4.d.0D78E41D12AB1DE6C437F6E42579B1F0.e.21913/click - {}
RESULT: {}
COMMAND: GET /session/a230b9fa5e58e47def27534e3d005bf9/screenshot - {}
RESULT: {}
COMMAND: POST /session/a230b9fa5e58e47def27534e3d005bf9/element - {"using":"css selector","value":"input[id= \"application-managehandovers-display-component---AddNewHO--smartFilterBar-btnBasicSearch-I\"]"}
RESULT: {"using":"css selector","value":"input[id= \"application-managehandovers-display-component---AddNewHO--smartFilterBar-btnBasicSearch-I\"]"}
COMMAND: POST /session/a230b9fa5e58e47def27534e3d005bf9/element/f.5A792F38359A1C743AD3061B3E5B94B4.d.0D78E41D12AB1DE6C437F6E42579B1F0.e.21917/clear - {}
RESULT: {}
COMMAND: POST /session/a230b9fa5e58e47def27534e3d005bf9/element/f.5A792F38359A1C743AD3061B3E5B94B4.d.0D78E41D12AB1DE6C437F6E42579B1F0.e.21917/value - {"text":"200168"}
COMMAND: GET /session/a230b9fa5e58e47def27534e3d005bf9/screenshot - {}
RESULT: {"text":"200168"}
COMMAND: POST /session/a230b9fa5e58e47def27534e3d005bf9/actions - {"actions":[{"id":"action85","type":"key","parameters":{},"actions":[{"type":"keyDown","value":"î€‡"},{"type":"pause","duration":10},{"type":"keyUp","value":"î€‡"}]}]}
COMMAND: GET /session/a230b9fa5e58e47def27534e3d005bf9/screenshot - {}
RESULT: {}
RESULT: {"actions":[{"id":"action85","type":"key","parameters":{},"actions":[{"type":"keyDown","value":"î€‡"},{"type":"pause","duration":10},{"type":"keyUp","value":"î€‡"}]}]}
COMMAND: POST /session/a230b9fa5e58e47def27534e3d005bf9/element - {"using":"css selector","value":"div[id= \"application-managehandovers-display-component---AddNewHO--smartFilterBar-btnBasicSearch-search\"]"}
COMMAND: GET /session/a230b9fa5e58e47def27534e3d005bf9/screenshot - {}
RESULT: {}
RESULT: {"using":"css selector","value":"div[id= \"application-managehandovers-display-component---AddNewHO--smartFilterBar-btnBasicSearch-search\"]"}
COMMAND: POST /session/a230b9fa5e58e47def27534e3d005bf9/element/f.5A792F38359A1C743AD3061B3E5B94B4.d.0D78E41D12AB1DE6C437F6E42579B1F0.e.22064/click - {}
RESULT: {}
RESULT: {}
COMMAND: GET /session/a230b9fa5e58e47def27534e3d005bf9/screenshot - {}
RESULT: {}
COMMAND: POST /session/a230b9fa5e58e47def27534e3d005bf9/element - {"using":"css selector","value":"div[id= \"application-managehandovers-display-component---AddNewHO--popup-sa-CbBg\"]"}
RESULT: {"using":"css selector","value":"div[id= \"application-managehandovers-display-component---AddNewHO--popup-sa-CbBg\"]"}
COMMAND: POST /session/a230b9fa5e58e47def27534e3d005bf9/element/f.5A792F38359A1C743AD3061B3E5B94B4.d.0D78E41D12AB1DE6C437F6E42579B1F0.e.22066/click - {}
RESULT: {}
COMMAND: POST /session/a230b9fa5e58e47def27534e3d005bf9/element - {"using":"xpath","value":"//bdi[(text() = 'Select' or . = 'Select')]"}
COMMAND: GET /session/a230b9fa5e58e47def27534e3d005bf9/screenshot - {}
RESULT: {"using":"xpath","value":"//bdi[(text() = 'Select' or . = 'Select')]"}
COMMAND: POST /session/a230b9fa5e58e47def27534e3d005bf9/element/f.5A792F38359A1C743AD3061B3E5B94B4.d.0D78E41D12AB1DE6C437F6E42579B1F0.e.22067/click - {}
RESULT: {}
RESULT: {}
COMMAND: GET /session/a230b9fa5e58e47def27534e3d005bf9/screenshot - {}
RESULT: {}
COMMAND: POST /session/a230b9fa5e58e47def27534e3d005bf9/element - {"using":"xpath","value":"//bdi[(text() = 'Save' or . = 'Save')]"}
RESULT: {"using":"xpath","value":"//bdi[(text() = 'Save' or . = 'Save')]"}
COMMAND: POST /session/a230b9fa5e58e47def27534e3d005bf9/element/f.5A792F38359A1C743AD3061B3E5B94B4.d.0D78E41D12AB1DE6C437F6E42579B1F0.e.22072/click - {}
RESULT: {}
COMMAND: GET /session/a230b9fa5e58e47def27534e3d005bf9/screenshot - {}
RESULT: {}
COMMAND: POST /session/a230b9fa5e58e47def27534e3d005bf9/element - {"using":"xpath","value":"//input[contains(@id ,\"receiptDatePicker-inner\")]"}
RESULT: {"using":"xpath","value":"//input[contains(@id ,\"receiptDatePicker-inner\")]"}
COMMAND: POST /session/a230b9fa5e58e47def27534e3d005bf9/element/f.5A792F38359A1C743AD3061B3E5B94B4.d.0D78E41D12AB1DE6C437F6E42579B1F0.e.22101/click - {}
RESULT: {}
COMMAND: POST /session/a230b9fa5e58e47def27534e3d005bf9/element - {"using":"xpath","value":"//input[contains(@id ,\"receiptDatePicker-inner\")]"}
COMMAND: GET /session/a230b9fa5e58e47def27534e3d005bf9/screenshot - {}
RESULT: {"using":"xpath","value":"//input[contains(@id ,\"receiptDatePicker-inner\")]"}
COMMAND: POST /session/a230b9fa5e58e47def27534e3d005bf9/element/f.5A792F38359A1C743AD3061B3E5B94B4.d.0D78E41D12AB1DE6C437F6E42579B1F0.e.22101/clear - {}
RESULT: {}
RESULT: {}
COMMAND: POST /session/a230b9fa5e58e47def27534e3d005bf9/element/f.5A792F38359A1C743AD3061B3E5B94B4.d.0D78E41D12AB1DE6C437F6E42579B1F0.e.22101/value - {"text":"4/28/25"}
COMMAND: GET /session/a230b9fa5e58e47def27534e3d005bf9/screenshot - {}
RESULT: {"text":"4/28/25"}
COMMAND: GET /session/a230b9fa5e58e47def27534e3d005bf9/screenshot - {}
RESULT: {}
RESULT: {}
COMMAND: POST /session/a230b9fa5e58e47def27534e3d005bf9/execute/async - {"script":"<script> [1562 bytes]","args":[{"selector":{"id":"administrationTabFilter","viewName":"etm.portal.ui.managehandovers.view.DetailExecuteHO","interaction":{"idSuffix":"text"}},"wdio_ui5_key":"administrationTabFilteretmportal.ui.managehandovers.view.DetailExecuteHO"}]}
RESULT: {"script":"<script> [1562 bytes]","args":[{"selector":{"id":"administrationTabFilter","viewName":"etm.portal.ui.managehandovers.view.DetailExecuteHO","interaction":{"idSuffix":"text"}},"wdio_ui5_key":"administrationTabFilteretmportal.ui.managehandovers.view.DetailExecuteHO"}]}
RESULT: undefined
COMMAND: POST /session/a230b9fa5e58e47def27534e3d005bf9/element - {"using":"xpath","value":"//*[@id=\"__xmlview59--administrationTabFilter\"]"}
RESULT: {"using":"xpath","value":"//*[@id=\"__xmlview59--administrationTabFilter\"]"}
COMMAND: POST /session/a230b9fa5e58e47def27534e3d005bf9/element/f.5A792F38359A1C743AD3061B3E5B94B4.d.0D78E41D12AB1DE6C437F6E42579B1F0.e.22118/click - {}
RESULT: {}
RESULT: undefined
COMMAND: POST /session/a230b9fa5e58e47def27534e3d005bf9/element - {"using":"xpath","value":"//*[@id=\"__xmlview59--administrationTabFilter\"]"}
COMMAND: GET /session/a230b9fa5e58e47def27534e3d005bf9/screenshot - {}
RESULT: {"using":"xpath","value":"//*[@id=\"__xmlview59--administrationTabFilter\"]"}
COMMAND: POST /session/a230b9fa5e58e47def27534e3d005bf9/element/f.5A792F38359A1C743AD3061B3E5B94B4.d.0D78E41D12AB1DE6C437F6E42579B1F0.e.22118/click - {}
RESULT: {}
RESULT: {}
COMMAND: GET /session/a230b9fa5e58e47def27534e3d005bf9/screenshot - {}
RESULT: {}
COMMAND: POST /session/a230b9fa5e58e47def27534e3d005bf9/element - {"using":"xpath","value":"//bdi[(text() = 'Confirm' or . = 'Confirm')]"}
RESULT: {"using":"xpath","value":"//bdi[(text() = 'Confirm' or . = 'Confirm')]"}
COMMAND: POST /session/a230b9fa5e58e47def27534e3d005bf9/element/f.5A792F38359A1C743AD3061B3E5B94B4.d.0D78E41D12AB1DE6C437F6E42579B1F0.e.22126/click - {}
RESULT: {}
COMMAND: GET /session/a230b9fa5e58e47def27534e3d005bf9/screenshot - {}
RESULT: {}
COMMAND: POST /session/a230b9fa5e58e47def27534e3d005bf9/execute/async - {"script":"<script> [1562 bytes]","args":[{"selector":{"id":"confirmationButton","viewName":"etm.portal.ui.managehandovers.view.DetailExecuteHO","interaction":{"idSuffix":"BDI-content"}},"wdio_ui5_key":"confirmationButtonetmportal.ui.managehandovers.view.DetailExecuteHO"}]}
RESULT: {"script":"<script> [1562 bytes]","args":[{"selector":{"id":"confirmationButton","viewName":"etm.portal.ui.managehandovers.view.DetailExecuteHO","interaction":{"idSuffix":"BDI-content"}},"wdio_ui5_key":"confirmationButtonetmportal.ui.managehandovers.view.DetailExecuteHO"}]}
RESULT: undefined
COMMAND: POST /session/a230b9fa5e58e47def27534e3d005bf9/element - {"using":"xpath","value":"(//bdi[text()='Receive'])[2]"}
RESULT: {"using":"xpath","value":"(//bdi[text()='Receive'])[2]"}
COMMAND: GET /session/a230b9fa5e58e47def27534e3d005bf9/element/f.5A792F38359A1C743AD3061B3E5B94B4.d.0D78E41D12AB1DE6C437F6E42579B1F0.e.22130/enabled - {}
RESULT: {}
COMMAND: POST /session/a230b9fa5e58e47def27534e3d005bf9/execute/sync - {"script":"<script> [8489 bytes]","args":[{"element-6066-11e4-a52e-4f735466cecf":"f.5A792F38359A1C743AD3061B3E5B94B4.d.0D78E41D12AB1DE6C437F6E42579B1F0.e.22130","ELEMENT":"f.5A792F38359A1C743AD3061B3E5B94B4.d.0D78E41D12AB1DE6C437F6E42579B1F0.e.22130"}]}
COMMAND: GET /session/a230b9fa5e58e47def27534e3d005bf9/screenshot - {}
RESULT: {"script":"<script> [8489 bytes]","args":[{"element-6066-11e4-a52e-4f735466cecf":"f.5A792F38359A1C743AD3061B3E5B94B4.d.0D78E41D12AB1DE6C437F6E42579B1F0.e.22130","ELEMENT":"f.5A792F38359A1C743AD3061B3E5B94B4.d.0D78E41D12AB1DE6C437F6E42579B1F0.e.22130"}]}
COMMAND: POST /session/a230b9fa5e58e47def27534e3d005bf9/execute/sync - {"script":"<script> [5351 bytes]","args":[{"element-6066-11e4-a52e-4f735466cecf":"f.5A792F38359A1C743AD3061B3E5B94B4.d.0D78E41D12AB1DE6C437F6E42579B1F0.e.22130","ELEMENT":"f.5A792F38359A1C743AD3061B3E5B94B4.d.0D78E41D12AB1DE6C437F6E42579B1F0.e.22130"}]}
COMMAND: GET /session/a230b9fa5e58e47def27534e3d005bf9/screenshot - {}
RESULT: {}
RESULT: {"script":"<script> [5351 bytes]","args":[{"element-6066-11e4-a52e-4f735466cecf":"f.5A792F38359A1C743AD3061B3E5B94B4.d.0D78E41D12AB1DE6C437F6E42579B1F0.e.22130","ELEMENT":"f.5A792F38359A1C743AD3061B3E5B94B4.d.0D78E41D12AB1DE6C437F6E42579B1F0.e.22130"}]}
COMMAND: POST /session/a230b9fa5e58e47def27534e3d005bf9/element/f.5A792F38359A1C743AD3061B3E5B94B4.d.0D78E41D12AB1DE6C437F6E42579B1F0.e.22130/click - {}
COMMAND: GET /session/a230b9fa5e58e47def27534e3d005bf9/screenshot - {}
RESULT: {}
RESULT: {}
COMMAND: GET /session/a230b9fa5e58e47def27534e3d005bf9/screenshot - {}
RESULT: {}
RESULT: {}
COMMAND: POST /session/a230b9fa5e58e47def27534e3d005bf9/element - {"using":"css selector","value":"#shell-header-logo"}
RESULT: {"using":"css selector","value":"#shell-header-logo"}
COMMAND: POST /session/a230b9fa5e58e47def27534e3d005bf9/element/f.5A792F38359A1C743AD3061B3E5B94B4.d.0D78E41D12AB1DE6C437F6E42579B1F0.e.21550/click - {}
RESULT: {}
COMMAND: GET /session/a230b9fa5e58e47def27534e3d005bf9/screenshot - {}
RESULT: {}
]]></system-out>
    </testcase>
    <testcase classname="chrome.135_0_7049_96.windows.Provide_to_Site_w/o_warehouse_management_wo_clarification" name="Should create a new contract" time="49.259">
      <system-out><![CDATA[
COMMAND: POST /session/a230b9fa5e58e47def27534e3d005bf9/execute/async - {"script":"<script> [1562 bytes]","args":[{"selector":{"controlType":"sap.m.GenericTile","properties":{"header":"Manage Contracts"}},"wdio_ui5_key":"sapm.GenericTile{\"header\":\"Manage Contracts\"}"}]}
RESULT: {"script":"<script> [1562 bytes]","args":[{"selector":{"controlType":"sap.m.GenericTile","properties":{"header":"Manage Contracts"}},"wdio_ui5_key":"sapm.GenericTile{\"header\":\"Manage Contracts\"}"}]}
RESULT: undefined
COMMAND: POST /session/a230b9fa5e58e47def27534e3d005bf9/element - {"using":"xpath","value":"//*[@id=\"__tile132\"]"}
RESULT: {"using":"xpath","value":"//*[@id=\"__tile132\"]"}
COMMAND: POST /session/a230b9fa5e58e47def27534e3d005bf9/element/f.5A792F38359A1C743AD3061B3E5B94B4.d.0D78E41D12AB1DE6C437F6E42579B1F0.e.22369/click - {}
RESULT: {}
COMMAND: GET /session/a230b9fa5e58e47def27534e3d005bf9/screenshot - {}
COMMAND: POST /session/a230b9fa5e58e47def27534e3d005bf9/execute/async - {"script":"<script> [1562 bytes]","args":[{"selector":{"controlType":"sap.ui.core.Icon","viewName":"etm.portal.ui.managecontracts.view.Master","properties":{"src":{"regex":{"source":"add"}}}},"wdio_ui5_key":"etmportal.ui.managecontracts.view.Mastersap.ui.core.Icon{\"src\":{\"regex\":{\"source\":\"add\"}}}"}]}
RESULT: {}
RESULT: {"script":"<script> [1562 bytes]","args":[{"selector":{"controlType":"sap.ui.core.Icon","viewName":"etm.portal.ui.managecontracts.view.Master","properties":{"src":{"regex":{"source":"add"}}}},"wdio_ui5_key":"etmportal.ui.managecontracts.view.Mastersap.ui.core.Icon{\"src\":{\"regex\":{\"source\":\"add\"}}}"}]}
RESULT: undefined
COMMAND: POST /session/a230b9fa5e58e47def27534e3d005bf9/element - {"using":"xpath","value":"//*[@id=\"__button298-img\"]"}
RESULT: {"using":"xpath","value":"//*[@id=\"__button298-img\"]"}
COMMAND: POST /session/a230b9fa5e58e47def27534e3d005bf9/element/f.5A792F38359A1C743AD3061B3E5B94B4.d.0D78E41D12AB1DE6C437F6E42579B1F0.e.22461/click - {}
RESULT: {}
COMMAND: POST /session/a230b9fa5e58e47def27534e3d005bf9/execute/async - {"script":"<script> [1562 bytes]","args":[{"selector":{"id":"application-managecontracts-display-component---AddNewContract--projectDescription","interaction":{"idSuffix":"inner"}},"wdio_ui5_key":"applicationmanagecontracts-display-component---AddNewContract--projectDescription"}]}
COMMAND: GET /session/a230b9fa5e58e47def27534e3d005bf9/screenshot - {}
RESULT: {"script":"<script> [1562 bytes]","args":[{"selector":{"id":"application-managecontracts-display-component---AddNewContract--projectDescription","interaction":{"idSuffix":"inner"}},"wdio_ui5_key":"applicationmanagecontracts-display-component---AddNewContract--projectDescription"}]}
RESULT: undefined
COMMAND: POST /session/a230b9fa5e58e47def27534e3d005bf9/execute/async - {"script":"<script> [776 bytes]","args":[{"enterText":"wdi5 contract for billing","selector":{"id":"application-managecontracts-display-component---AddNewContract--projectDescription","interaction":{"idSuffix":"inner"}},"clearTextFirst":true,"interactionType":"ENTER_TEXT"}]}
RESULT: {}
RESULT: {"script":"<script> [776 bytes]","args":[{"enterText":"wdi5 contract for billing","selector":{"id":"application-managecontracts-display-component---AddNewContract--projectDescription","interaction":{"idSuffix":"inner"}},"clearTextFirst":true,"interactionType":"ENTER_TEXT"}]}
COMMAND: POST /session/a230b9fa5e58e47def27534e3d005bf9/element - {"using":"xpath","value":"//input[@id=\"application-managecontracts-display-component---AddNewContract--customerSelect-inner\"]"}
RESULT: {"using":"xpath","value":"//input[@id=\"application-managecontracts-display-component---AddNewContract--customerSelect-inner\"]"}
COMMAND: POST /session/a230b9fa5e58e47def27534e3d005bf9/element/f.5A792F38359A1C743AD3061B3E5B94B4.d.0D78E41D12AB1DE6C437F6E42579B1F0.e.22691/clear - {}
RESULT: {}
COMMAND: POST /session/a230b9fa5e58e47def27534e3d005bf9/element/f.5A792F38359A1C743AD3061B3E5B94B4.d.0D78E41D12AB1DE6C437F6E42579B1F0.e.22691/value - {"text":"1206"}
COMMAND: GET /session/a230b9fa5e58e47def27534e3d005bf9/screenshot - {}
RESULT: {"text":"1206"}
COMMAND: GET /session/a230b9fa5e58e47def27534e3d005bf9/screenshot - {}
RESULT: {}
RESULT: {}
COMMAND: POST /session/a230b9fa5e58e47def27534e3d005bf9/actions - {"actions":[{"id":"action86","type":"key","parameters":{},"actions":[{"type":"keyDown","value":"î€‡"},{"type":"pause","duration":10},{"type":"keyUp","value":"î€‡"}]}]}
RESULT: {"actions":[{"id":"action86","type":"key","parameters":{},"actions":[{"type":"keyDown","value":"î€‡"},{"type":"pause","duration":10},{"type":"keyUp","value":"î€‡"}]}]}
COMMAND: POST /session/a230b9fa5e58e47def27534e3d005bf9/element - {"using":"xpath","value":"//input[@id=\"application-managecontracts-display-component---AddNewContract--site-inner\"]"}
COMMAND: GET /session/a230b9fa5e58e47def27534e3d005bf9/screenshot - {}
RESULT: {"using":"xpath","value":"//input[@id=\"application-managecontracts-display-component---AddNewContract--site-inner\"]"}
COMMAND: POST /session/a230b9fa5e58e47def27534e3d005bf9/element/f.5A792F38359A1C743AD3061B3E5B94B4.d.0D78E41D12AB1DE6C437F6E42579B1F0.e.22692/clear - {}
RESULT: {}
RESULT: {}
COMMAND: POST /session/a230b9fa5e58e47def27534e3d005bf9/element/f.5A792F38359A1C743AD3061B3E5B94B4.d.0D78E41D12AB1DE6C437F6E42579B1F0.e.22692/value - {"text":"2194"}
COMMAND: GET /session/a230b9fa5e58e47def27534e3d005bf9/screenshot - {}
RESULT: {"text":"2194"}
COMMAND: GET /session/a230b9fa5e58e47def27534e3d005bf9/screenshot - {}
RESULT: {}
RESULT: {}
COMMAND: POST /session/a230b9fa5e58e47def27534e3d005bf9/actions - {"actions":[{"id":"action87","type":"key","parameters":{},"actions":[{"type":"keyDown","value":"î€‡"},{"type":"pause","duration":10},{"type":"keyUp","value":"î€‡"}]}]}
RESULT: {"actions":[{"id":"action87","type":"key","parameters":{},"actions":[{"type":"keyDown","value":"î€‡"},{"type":"pause","duration":10},{"type":"keyUp","value":"î€‡"}]}]}
COMMAND: POST /session/a230b9fa5e58e47def27534e3d005bf9/execute/async - {"script":"<script> [1562 bytes]","args":[{"selector":{"id":"application-managecontracts-display-component---AddNewContract--calendarInput","interaction":{"idSuffix":"inner"}},"wdio_ui5_key":"applicationmanagecontracts-display-component---AddNewContract--calendarInput"}]}
COMMAND: GET /session/a230b9fa5e58e47def27534e3d005bf9/screenshot - {}
RESULT: {"script":"<script> [1562 bytes]","args":[{"selector":{"id":"application-managecontracts-display-component---AddNewContract--calendarInput","interaction":{"idSuffix":"inner"}},"wdio_ui5_key":"applicationmanagecontracts-display-component---AddNewContract--calendarInput"}]}
RESULT: undefined
COMMAND: POST /session/a230b9fa5e58e47def27534e3d005bf9/execute/async - {"script":"<script> [776 bytes]","args":[{"enterText":"1 - Calendar unit test patch","selector":{"id":"application-managecontracts-display-component---AddNewContract--calendarInput","interaction":{"idSuffix":"inner"}},"clearTextFirst":true,"interactionType":"ENTER_TEXT"}]}
RESULT: {}
RESULT: {"script":"<script> [776 bytes]","args":[{"enterText":"1 - Calendar unit test patch","selector":{"id":"application-managecontracts-display-component---AddNewContract--calendarInput","interaction":{"idSuffix":"inner"}},"clearTextFirst":true,"interactionType":"ENTER_TEXT"}]}
COMMAND: POST /session/a230b9fa5e58e47def27534e3d005bf9/actions - {"actions":[{"id":"action88","type":"key","parameters":{},"actions":[{"type":"keyDown","value":"î€‡"},{"type":"pause","duration":10},{"type":"keyUp","value":"î€‡"}]}]}
RESULT: {"actions":[{"id":"action88","type":"key","parameters":{},"actions":[{"type":"keyDown","value":"î€‡"},{"type":"pause","duration":10},{"type":"keyUp","value":"î€‡"}]}]}
COMMAND: POST /session/a230b9fa5e58e47def27534e3d005bf9/execute/async - {"script":"<script> [1562 bytes]","args":[{"selector":{"id":"application-managecontracts-display-component---AddNewContract--languageCB","interaction":{"idSuffix":"inner"}},"wdio_ui5_key":"applicationmanagecontracts-display-component---AddNewContract--languageCB"}]}
COMMAND: GET /session/a230b9fa5e58e47def27534e3d005bf9/screenshot - {}
RESULT: {"script":"<script> [1562 bytes]","args":[{"selector":{"id":"application-managecontracts-display-component---AddNewContract--languageCB","interaction":{"idSuffix":"inner"}},"wdio_ui5_key":"applicationmanagecontracts-display-component---AddNewContract--languageCB"}]}
RESULT: undefined
COMMAND: POST /session/a230b9fa5e58e47def27534e3d005bf9/execute/async - {"script":"<script> [776 bytes]","args":[{"enterText":"EN - English","selector":{"id":"application-managecontracts-display-component---AddNewContract--languageCB","interaction":{"idSuffix":"inner"}},"clearTextFirst":true,"interactionType":"ENTER_TEXT"}]}
RESULT: {}
RESULT: {"script":"<script> [776 bytes]","args":[{"enterText":"EN - English","selector":{"id":"application-managecontracts-display-component---AddNewContract--languageCB","interaction":{"idSuffix":"inner"}},"clearTextFirst":true,"interactionType":"ENTER_TEXT"}]}
COMMAND: POST /session/a230b9fa5e58e47def27534e3d005bf9/actions - {"actions":[{"id":"action89","type":"key","parameters":{},"actions":[{"type":"keyDown","value":"î€‡"},{"type":"pause","duration":10},{"type":"keyUp","value":"î€‡"}]}]}
RESULT: {"actions":[{"id":"action89","type":"key","parameters":{},"actions":[{"type":"keyDown","value":"î€‡"},{"type":"pause","duration":10},{"type":"keyUp","value":"î€‡"}]}]}
COMMAND: POST /session/a230b9fa5e58e47def27534e3d005bf9/execute/async - {"script":"<script> [1562 bytes]","args":[{"selector":{"id":"application-managecontracts-display-component---AddNewContract--saveBtn","interaction":{"idSuffix":"BDI-content"}},"wdio_ui5_key":"applicationmanagecontracts-display-component---AddNewContract--saveBtn"}]}
COMMAND: GET /session/a230b9fa5e58e47def27534e3d005bf9/screenshot - {}
RESULT: {"script":"<script> [1562 bytes]","args":[{"selector":{"id":"application-managecontracts-display-component---AddNewContract--saveBtn","interaction":{"idSuffix":"BDI-content"}},"wdio_ui5_key":"applicationmanagecontracts-display-component---AddNewContract--saveBtn"}]}
RESULT: undefined
COMMAND: POST /session/a230b9fa5e58e47def27534e3d005bf9/element - {"using":"xpath","value":"//*[@id=\"application-managecontracts-display-component---AddNewContract--saveBtn\"]"}
RESULT: {}
RESULT: {"using":"xpath","value":"//*[@id=\"application-managecontracts-display-component---AddNewContract--saveBtn\"]"}
COMMAND: POST /session/a230b9fa5e58e47def27534e3d005bf9/element/f.5A792F38359A1C743AD3061B3E5B94B4.d.0D78E41D12AB1DE6C437F6E42579B1F0.e.22711/click - {}
RESULT: {}
COMMAND: GET /session/a230b9fa5e58e47def27534e3d005bf9/screenshot - {}
RESULT: {}
COMMAND: POST /session/a230b9fa5e58e47def27534e3d005bf9/execute/async - {"script":"<script> [1562 bytes]","args":[{"selector":{"id":"contractDetailTitleNoExpanded","viewName":"etm.portal.ui.managecontracts.view.Detail"},"wdio_ui5_key":"contractDetailTitleNoExpandedetmportal.ui.managecontracts.view.Detail"}]}
RESULT: {"script":"<script> [1562 bytes]","args":[{"selector":{"id":"contractDetailTitleNoExpanded","viewName":"etm.portal.ui.managecontracts.view.Detail"},"wdio_ui5_key":"contractDetailTitleNoExpandedetmportal.ui.managecontracts.view.Detail"}]}
RESULT: undefined
COMMAND: POST /session/a230b9fa5e58e47def27534e3d005bf9/execute/async - {"script":"<script> [6424 bytes]","args":[{"element-6066-11e4-a52e-4f735466cecf":"f.5A792F38359A1C743AD3061B3E5B94B4.d.0D78E41D12AB1DE6C437F6E42579B1F0.e.22733"},"getText",[]]}
RESULT: {"script":"<script> [6424 bytes]","args":[{"element-6066-11e4-a52e-4f735466cecf":"f.5A792F38359A1C743AD3061B3E5B94B4.d.0D78E41D12AB1DE6C437F6E42579B1F0.e.22733"},"getText",[]]}
]]></system-out>
    </testcase>
    <testcase classname="chrome.135_0_7049_96.windows.Provide_to_Site_w/o_warehouse_management_wo_clarification" name="Should add resource to the contract" time="63.811">
      <system-out><![CDATA[
COMMAND: POST /session/a230b9fa5e58e47def27534e3d005bf9/execute/async - {"script":"<script> [1562 bytes]","args":[{"selector":{"id":"contractDetailEditBtn","viewName":"etm.portal.ui.managecontracts.view.Detail","interaction":{"idSuffix":"BDI-content"}},"wdio_ui5_key":"contractDetailEditBtnetmportal.ui.managecontracts.view.Detail"}]}
RESULT: {"script":"<script> [1562 bytes]","args":[{"selector":{"id":"contractDetailEditBtn","viewName":"etm.portal.ui.managecontracts.view.Detail","interaction":{"idSuffix":"BDI-content"}},"wdio_ui5_key":"contractDetailEditBtnetmportal.ui.managecontracts.view.Detail"}]}
RESULT: undefined
COMMAND: POST /session/a230b9fa5e58e47def27534e3d005bf9/element - {"using":"xpath","value":"//*[@id=\"__xmlview61--contractDetailEditBtn\"]"}
RESULT: {"using":"xpath","value":"//*[@id=\"__xmlview61--contractDetailEditBtn\"]"}
COMMAND: POST /session/a230b9fa5e58e47def27534e3d005bf9/element/f.5A792F38359A1C743AD3061B3E5B94B4.d.0D78E41D12AB1DE6C437F6E42579B1F0.e.22735/click - {}
RESULT: {}
COMMAND: GET /session/a230b9fa5e58e47def27534e3d005bf9/screenshot - {}
RESULT: {}
COMMAND: POST /session/a230b9fa5e58e47def27534e3d005bf9/execute/async - {"script":"<script> [1562 bytes]","args":[{"selector":{"id":"additionalAddressesTabFilter","viewName":"etm.portal.ui.managecontracts.view.EditContract","interaction":{"idSuffix":"text"}},"wdio_ui5_key":"additionalAddressesTabFilteretmportal.ui.managecontracts.view.EditContract"}]}
RESULT: {"script":"<script> [1562 bytes]","args":[{"selector":{"id":"additionalAddressesTabFilter","viewName":"etm.portal.ui.managecontracts.view.EditContract","interaction":{"idSuffix":"text"}},"wdio_ui5_key":"additionalAddressesTabFilteretmportal.ui.managecontracts.view.EditContract"}]}
RESULT: undefined
COMMAND: POST /session/a230b9fa5e58e47def27534e3d005bf9/element - {"using":"xpath","value":"//*[@id=\"__xmlview62--additionalAddressesTabFilter\"]"}
RESULT: {"using":"xpath","value":"//*[@id=\"__xmlview62--additionalAddressesTabFilter\"]"}
COMMAND: POST /session/a230b9fa5e58e47def27534e3d005bf9/element/f.5A792F38359A1C743AD3061B3E5B94B4.d.0D78E41D12AB1DE6C437F6E42579B1F0.e.22793/click - {}
RESULT: {}
RESULT: undefined
COMMAND: POST /session/a230b9fa5e58e47def27534e3d005bf9/element - {"using":"xpath","value":"//*[@id=\"__xmlview62--additionalAddressesTabFilter\"]"}
COMMAND: GET /session/a230b9fa5e58e47def27534e3d005bf9/screenshot - {}
RESULT: {"using":"xpath","value":"//*[@id=\"__xmlview62--additionalAddressesTabFilter\"]"}
COMMAND: POST /session/a230b9fa5e58e47def27534e3d005bf9/element/f.5A792F38359A1C743AD3061B3E5B94B4.d.0D78E41D12AB1DE6C437F6E42579B1F0.e.22793/click - {}
RESULT: {}
RESULT: {}
COMMAND: POST /session/a230b9fa5e58e47def27534e3d005bf9/execute/async - {"script":"<script> [1562 bytes]","args":[{"selector":{"controlType":"sap.ui.core.Icon","viewName":"etm.portal.ui.managecontracts.view.EditContract","properties":{"src":{"regex":{"source":"add"}}}},"wdio_ui5_key":"etmportal.ui.managecontracts.view.EditContractsap.ui.core.Icon{\"src\":{\"regex\":{\"source\":\"add\"}}}"}]}
COMMAND: GET /session/a230b9fa5e58e47def27534e3d005bf9/screenshot - {}
RESULT: {"script":"<script> [1562 bytes]","args":[{"selector":{"controlType":"sap.ui.core.Icon","viewName":"etm.portal.ui.managecontracts.view.EditContract","properties":{"src":{"regex":{"source":"add"}}}},"wdio_ui5_key":"etmportal.ui.managecontracts.view.EditContractsap.ui.core.Icon{\"src\":{\"regex\":{\"source\":\"add\"}}}"}]}
RESULT: undefined
COMMAND: POST /session/a230b9fa5e58e47def27534e3d005bf9/element - {"using":"xpath","value":"//*[@id=\"__xmlview62--btnAddTableRow-img\"]"}
RESULT: {}
RESULT: {"using":"xpath","value":"//*[@id=\"__xmlview62--btnAddTableRow-img\"]"}
COMMAND: POST /session/a230b9fa5e58e47def27534e3d005bf9/element/f.5A792F38359A1C743AD3061B3E5B94B4.d.0D78E41D12AB1DE6C437F6E42579B1F0.e.22798/click - {}
RESULT: {}
COMMAND: POST /session/a230b9fa5e58e47def27534e3d005bf9/element - {"using":"xpath","value":"//div[(text() = 'Standard Entry' or . = 'Standard Entry')]"}
COMMAND: GET /session/a230b9fa5e58e47def27534e3d005bf9/screenshot - {}
RESULT: {"using":"xpath","value":"//div[(text() = 'Standard Entry' or . = 'Standard Entry')]"}
COMMAND: POST /session/a230b9fa5e58e47def27534e3d005bf9/element/f.5A792F38359A1C743AD3061B3E5B94B4.d.0D78E41D12AB1DE6C437F6E42579B1F0.e.22800/click - {}
RESULT: {}
RESULT: {}
COMMAND: POST /session/a230b9fa5e58e47def27534e3d005bf9/execute/async - {"script":"<script> [1562 bytes]","args":[{"selector":{"controlType":"sap.ui.core.Icon","viewName":"etm.portal.ui.managecontracts.view.EditContract","properties":{"src":{"regex":{"source":"inspect"}}}},"wdio_ui5_key":"etmportal.ui.managecontracts.view.EditContractsap.ui.core.Icon{\"src\":{\"regex\":{\"source\":\"inspect\"}}}"}]}
COMMAND: GET /session/a230b9fa5e58e47def27534e3d005bf9/screenshot - {}
RESULT: {"script":"<script> [1562 bytes]","args":[{"selector":{"controlType":"sap.ui.core.Icon","viewName":"etm.portal.ui.managecontracts.view.EditContract","properties":{"src":{"regex":{"source":"inspect"}}}},"wdio_ui5_key":"etmportal.ui.managecontracts.view.EditContractsap.ui.core.Icon{\"src\":{\"regex\":{\"source\":\"inspect\"}}}"}]}
RESULT: undefined
COMMAND: POST /session/a230b9fa5e58e47def27534e3d005bf9/element - {"using":"xpath","value":"//*[@id=\"__button324-img\"]"}
RESULT: {}
RESULT: {"using":"xpath","value":"//*[@id=\"__button324-img\"]"}
COMMAND: POST /session/a230b9fa5e58e47def27534e3d005bf9/element/f.5A792F38359A1C743AD3061B3E5B94B4.d.0D78E41D12AB1DE6C437F6E42579B1F0.e.22812/click - {}
RESULT: {}
COMMAND: GET /session/a230b9fa5e58e47def27534e3d005bf9/screenshot - {}
RESULT: {}
COMMAND: POST /session/a230b9fa5e58e47def27534e3d005bf9/element - {"using":"xpath","value":"//td[6]/div/div/input[1]"}
RESULT: {"using":"xpath","value":"//td[6]/div/div/input[1]"}
COMMAND: POST /session/a230b9fa5e58e47def27534e3d005bf9/element/f.5A792F38359A1C743AD3061B3E5B94B4.d.0D78E41D12AB1DE6C437F6E42579B1F0.e.22802/clear - {}
RESULT: {}
COMMAND: GET /session/a230b9fa5e58e47def27534e3d005bf9/screenshot - {}
RESULT: {}
COMMAND: POST /session/a230b9fa5e58e47def27534e3d005bf9/element - {"using":"xpath","value":"//td[6]/div/div/input[1]"}
RESULT: {"using":"xpath","value":"//td[6]/div/div/input[1]"}
COMMAND: POST /session/a230b9fa5e58e47def27534e3d005bf9/element/f.5A792F38359A1C743AD3061B3E5B94B4.d.0D78E41D12AB1DE6C437F6E42579B1F0.e.22828/click - {}
RESULT: {}
COMMAND: POST /session/a230b9fa5e58e47def27534e3d005bf9/actions - {"actions":[{"id":"action90","type":"key","parameters":{},"actions":[{"type":"keyDown","value":"î€ƒ"},{"type":"pause","duration":10},{"type":"keyUp","value":"î€ƒ"}]}]}
COMMAND: GET /session/a230b9fa5e58e47def27534e3d005bf9/screenshot - {}
RESULT: {"actions":[{"id":"action90","type":"key","parameters":{},"actions":[{"type":"keyDown","value":"î€ƒ"},{"type":"pause","duration":10},{"type":"keyUp","value":"î€ƒ"}]}]}
COMMAND: POST /session/a230b9fa5e58e47def27534e3d005bf9/element - {"using":"xpath","value":"//td[6]/div/div/input[1]"}
COMMAND: GET /session/a230b9fa5e58e47def27534e3d005bf9/screenshot - {}
RESULT: {}
RESULT: {"using":"xpath","value":"//td[6]/div/div/input[1]"}
COMMAND: POST /session/a230b9fa5e58e47def27534e3d005bf9/element/f.5A792F38359A1C743AD3061B3E5B94B4.d.0D78E41D12AB1DE6C437F6E42579B1F0.e.22828/clear - {}
RESULT: {}
RESULT: {}
COMMAND: POST /session/a230b9fa5e58e47def27534e3d005bf9/element/f.5A792F38359A1C743AD3061B3E5B94B4.d.0D78E41D12AB1DE6C437F6E42579B1F0.e.22828/value - {"text":"Material"}
COMMAND: GET /session/a230b9fa5e58e47def27534e3d005bf9/screenshot - {}
RESULT: {"text":"Material"}
COMMAND: GET /session/a230b9fa5e58e47def27534e3d005bf9/screenshot - {}
RESULT: {}
RESULT: {}
COMMAND: POST /session/a230b9fa5e58e47def27534e3d005bf9/actions - {"actions":[{"id":"action91","type":"key","parameters":{},"actions":[{"type":"keyDown","value":"î€‡"},{"type":"pause","duration":10},{"type":"keyUp","value":"î€‡"}]}]}
RESULT: {"actions":[{"id":"action91","type":"key","parameters":{},"actions":[{"type":"keyDown","value":"î€‡"},{"type":"pause","duration":10},{"type":"keyUp","value":"î€‡"}]}]}
COMMAND: POST /session/a230b9fa5e58e47def27534e3d005bf9/element - {"using":"xpath","value":"//td[7]/div/div/input[1]"}
COMMAND: GET /session/a230b9fa5e58e47def27534e3d005bf9/screenshot - {}
RESULT: {"using":"xpath","value":"//td[7]/div/div/input[1]"}
COMMAND: POST /session/a230b9fa5e58e47def27534e3d005bf9/element/f.5A792F38359A1C743AD3061B3E5B94B4.d.0D78E41D12AB1DE6C437F6E42579B1F0.e.22850/clear - {}
RESULT: {}
RESULT: {}
COMMAND: POST /session/a230b9fa5e58e47def27534e3d005bf9/element/f.5A792F38359A1C743AD3061B3E5B94B4.d.0D78E41D12AB1DE6C437F6E42579B1F0.e.22850/value - {"text":"200168"}
COMMAND: GET /session/a230b9fa5e58e47def27534e3d005bf9/screenshot - {}
RESULT: {"text":"200168"}
COMMAND: GET /session/a230b9fa5e58e47def27534e3d005bf9/screenshot - {}
RESULT: {}
RESULT: {}
COMMAND: POST /session/a230b9fa5e58e47def27534e3d005bf9/actions - {"actions":[{"id":"action92","type":"key","parameters":{},"actions":[{"type":"keyDown","value":"î€‡"},{"type":"pause","duration":10},{"type":"keyUp","value":"î€‡"}]}]}
RESULT: {"actions":[{"id":"action92","type":"key","parameters":{},"actions":[{"type":"keyDown","value":"î€‡"},{"type":"pause","duration":10},{"type":"keyUp","value":"î€‡"}]}]}
COMMAND: POST /session/a230b9fa5e58e47def27534e3d005bf9/execute/async - {"script":"<script> [1562 bytes]","args":[{"selector":{"controlType":"sap.m.Button","properties":{"text":"OK"},"searchOpenDialogs":true,"interaction":{"idSuffix":"BDI-content"}},"wdio_ui5_key":"sapm.Button{\"text\":\"OK\"}"}]}
COMMAND: GET /session/a230b9fa5e58e47def27534e3d005bf9/screenshot - {}
RESULT: {"script":"<script> [1562 bytes]","args":[{"selector":{"controlType":"sap.m.Button","properties":{"text":"OK"},"searchOpenDialogs":true,"interaction":{"idSuffix":"BDI-content"}},"wdio_ui5_key":"sapm.Button{\"text\":\"OK\"}"}]}
RESULT: undefined
COMMAND: POST /session/a230b9fa5e58e47def27534e3d005bf9/element - {"using":"xpath","value":"//*[@id=\"__mbox-btn-1\"]"}
RESULT: {}
RESULT: {"using":"xpath","value":"//*[@id=\"__mbox-btn-1\"]"}
COMMAND: POST /session/a230b9fa5e58e47def27534e3d005bf9/element/f.5A792F38359A1C743AD3061B3E5B94B4.d.0D78E41D12AB1DE6C437F6E42579B1F0.e.22871/click - {}
RESULT: {}
COMMAND: POST /session/a230b9fa5e58e47def27534e3d005bf9/execute/async - {"script":"<script> [1562 bytes]","args":[{"selector":{"id":"saveBtn","viewName":"etm.portal.ui.managecontracts.view.EditContract","interaction":{"idSuffix":"BDI-content"}},"wdio_ui5_key":"saveBtnetmportal.ui.managecontracts.view.EditContract"}]}
COMMAND: GET /session/a230b9fa5e58e47def27534e3d005bf9/screenshot - {}
RESULT: {"script":"<script> [1562 bytes]","args":[{"selector":{"id":"saveBtn","viewName":"etm.portal.ui.managecontracts.view.EditContract","interaction":{"idSuffix":"BDI-content"}},"wdio_ui5_key":"saveBtnetmportal.ui.managecontracts.view.EditContract"}]}
RESULT: undefined
COMMAND: POST /session/a230b9fa5e58e47def27534e3d005bf9/element - {"using":"xpath","value":"//*[@id=\"__xmlview62--saveBtn\"]"}
RESULT: {}
RESULT: {"using":"xpath","value":"//*[@id=\"__xmlview62--saveBtn\"]"}
COMMAND: POST /session/a230b9fa5e58e47def27534e3d005bf9/element/f.5A792F38359A1C743AD3061B3E5B94B4.d.0D78E41D12AB1DE6C437F6E42579B1F0.e.22897/click - {}
RESULT: {}
COMMAND: GET /session/a230b9fa5e58e47def27534e3d005bf9/screenshot - {}
RESULT: {}
COMMAND: POST /session/a230b9fa5e58e47def27534e3d005bf9/execute/async - {"script":"<script> [1562 bytes]","args":[{"selector":{"id":"additionalAddressesTabFilter","viewName":"etm.portal.ui.managecontracts.view.Detail","interaction":{"idSuffix":"text"}},"wdio_ui5_key":"additionalAddressesTabFilteretmportal.ui.managecontracts.view.Detail"}]}
RESULT: {"script":"<script> [1562 bytes]","args":[{"selector":{"id":"additionalAddressesTabFilter","viewName":"etm.portal.ui.managecontracts.view.Detail","interaction":{"idSuffix":"text"}},"wdio_ui5_key":"additionalAddressesTabFilteretmportal.ui.managecontracts.view.Detail"}]}
RESULT: undefined
COMMAND: POST /session/a230b9fa5e58e47def27534e3d005bf9/element - {"using":"xpath","value":"//*[@id=\"__xmlview61--additionalAddressesTabFilter\"]"}
RESULT: {"using":"xpath","value":"//*[@id=\"__xmlview61--additionalAddressesTabFilter\"]"}
COMMAND: POST /session/a230b9fa5e58e47def27534e3d005bf9/element/f.5A792F38359A1C743AD3061B3E5B94B4.d.0D78E41D12AB1DE6C437F6E42579B1F0.e.22901/click - {}
RESULT: {}
COMMAND: POST /session/a230b9fa5e58e47def27534e3d005bf9/execute/async - {"script":"<script> [1562 bytes]","args":[{"selector":{"id":"contractDetailProvideButton","viewName":"etm.portal.ui.managecontracts.view.Detail","interaction":{"idSuffix":"BDI-content"}},"wdio_ui5_key":"contractDetailProvideButtonetmportal.ui.managecontracts.view.Detail"}]}
COMMAND: GET /session/a230b9fa5e58e47def27534e3d005bf9/screenshot - {}
RESULT: {"script":"<script> [1562 bytes]","args":[{"selector":{"id":"contractDetailProvideButton","viewName":"etm.portal.ui.managecontracts.view.Detail","interaction":{"idSuffix":"BDI-content"}},"wdio_ui5_key":"contractDetailProvideButtonetmportal.ui.managecontracts.view.Detail"}]}
RESULT: undefined
COMMAND: POST /session/a230b9fa5e58e47def27534e3d005bf9/element - {"using":"xpath","value":"//*[@id=\"__xmlview61--contractDetailProvideButton\"]"}
RESULT: {}
RESULT: {"using":"xpath","value":"//*[@id=\"__xmlview61--contractDetailProvideButton\"]"}
COMMAND: POST /session/a230b9fa5e58e47def27534e3d005bf9/element/f.5A792F38359A1C743AD3061B3E5B94B4.d.0D78E41D12AB1DE6C437F6E42579B1F0.e.22906/click - {}
RESULT: {}
COMMAND: GET /session/a230b9fa5e58e47def27534e3d005bf9/screenshot - {}
RESULT: {}
]]></system-out>
    </testcase>
    <testcase classname="chrome.135_0_7049_96.windows.Provide_to_Site_w/o_warehouse_management_wo_clarification" name="Should Create HandOvers provide to site" time="175.062">
      <system-out><![CDATA[
COMMAND: POST /session/a230b9fa5e58e47def27534e3d005bf9/element - {"using":"css selector","value":"#application-managehandovers-display-component---AddNewHO--dueDate-inner"}
RESULT: {"using":"css selector","value":"#application-managehandovers-display-component---AddNewHO--dueDate-inner"}
COMMAND: POST /session/a230b9fa5e58e47def27534e3d005bf9/element/f.5A792F38359A1C743AD3061B3E5B94B4.d.0D78E41D12AB1DE6C437F6E42579B1F0.e.22982/clear - {}
RESULT: {}
COMMAND: POST /session/a230b9fa5e58e47def27534e3d005bf9/element/f.5A792F38359A1C743AD3061B3E5B94B4.d.0D78E41D12AB1DE6C437F6E42579B1F0.e.22982/value - {"text":"4/28/25"}
COMMAND: GET /session/a230b9fa5e58e47def27534e3d005bf9/screenshot - {}
RESULT: {"text":"4/28/25"}
COMMAND: POST /session/a230b9fa5e58e47def27534e3d005bf9/element - {"using":"xpath","value":"//bdi[(text() = 'Items' or . = 'Items')]"}
COMMAND: GET /session/a230b9fa5e58e47def27534e3d005bf9/screenshot - {}
RESULT: {}
RESULT: {"using":"xpath","value":"//bdi[(text() = 'Items' or . = 'Items')]"}
COMMAND: POST /session/a230b9fa5e58e47def27534e3d005bf9/element/f.5A792F38359A1C743AD3061B3E5B94B4.d.0D78E41D12AB1DE6C437F6E42579B1F0.e.23065/click - {}
RESULT: {}
RESULT: {}
COMMAND: POST /session/a230b9fa5e58e47def27534e3d005bf9/execute/async - {"script":"<script> [1562 bytes]","args":[{"selector":{"controlType":"sap.m.Button","viewName":"etm.portal.ui.managehandovers.view.AddNewHO","viewId":"application-managehandovers-display-component---AddNewHO","i18NText":{"propertyName":"tooltip","key":"addItems"}},"wdio_ui5_key":"etmportal.ui.managehandovers.view.AddNewHOsap.m.Button{\"propertyName\":\"tooltip\",\"key\":\"addItems\"}"}]}
COMMAND: GET /session/a230b9fa5e58e47def27534e3d005bf9/screenshot - {}
RESULT: {"script":"<script> [1562 bytes]","args":[{"selector":{"controlType":"sap.m.Button","viewName":"etm.portal.ui.managehandovers.view.AddNewHO","viewId":"application-managehandovers-display-component---AddNewHO","i18NText":{"propertyName":"tooltip","key":"addItems"}},"wdio_ui5_key":"etmportal.ui.managehandovers.view.AddNewHOsap.m.Button{\"propertyName\":\"tooltip\",\"key\":\"addItems\"}"}]}
RESULT: undefined
COMMAND: POST /session/a230b9fa5e58e47def27534e3d005bf9/element - {"using":"xpath","value":"//*[@id=\"__button349\"]"}
RESULT: {}
RESULT: {"using":"xpath","value":"//*[@id=\"__button349\"]"}
COMMAND: POST /session/a230b9fa5e58e47def27534e3d005bf9/element/f.5A792F38359A1C743AD3061B3E5B94B4.d.0D78E41D12AB1DE6C437F6E42579B1F0.e.23069/click - {}
RESULT: {}
COMMAND: GET /session/a230b9fa5e58e47def27534e3d005bf9/screenshot - {}
RESULT: {}
COMMAND: POST /session/a230b9fa5e58e47def27534e3d005bf9/element - {"using":"css selector","value":"div[id= \"application-managehandovers-display-component---AddNewHO--popup-sa-CbBg\"]"}
RESULT: {"using":"css selector","value":"div[id= \"application-managehandovers-display-component---AddNewHO--popup-sa-CbBg\"]"}
COMMAND: POST /session/a230b9fa5e58e47def27534e3d005bf9/element/f.5A792F38359A1C743AD3061B3E5B94B4.d.0D78E41D12AB1DE6C437F6E42579B1F0.e.23081/click - {}
RESULT: {}
COMMAND: GET /session/a230b9fa5e58e47def27534e3d005bf9/screenshot - {}
RESULT: {}
COMMAND: POST /session/a230b9fa5e58e47def27534e3d005bf9/element - {"using":"xpath","value":"//bdi[(text() = 'Select' or . = 'Select')]"}
RESULT: {"using":"xpath","value":"//bdi[(text() = 'Select' or . = 'Select')]"}
COMMAND: POST /session/a230b9fa5e58e47def27534e3d005bf9/element/f.5A792F38359A1C743AD3061B3E5B94B4.d.0D78E41D12AB1DE6C437F6E42579B1F0.e.23082/click - {}
RESULT: {}
COMMAND: GET /session/a230b9fa5e58e47def27534e3d005bf9/screenshot - {}
RESULT: {}
COMMAND: POST /session/a230b9fa5e58e47def27534e3d005bf9/element - {"using":"xpath","value":"//bdi[(text() = 'Save' or . = 'Save')]"}
RESULT: {"using":"xpath","value":"//bdi[(text() = 'Save' or . = 'Save')]"}
COMMAND: POST /session/a230b9fa5e58e47def27534e3d005bf9/element/f.5A792F38359A1C743AD3061B3E5B94B4.d.0D78E41D12AB1DE6C437F6E42579B1F0.e.23090/click - {}
RESULT: {}
COMMAND: GET /session/a230b9fa5e58e47def27534e3d005bf9/screenshot - {}
RESULT: {}
COMMAND: POST /session/a230b9fa5e58e47def27534e3d005bf9/element - {"using":"xpath","value":"//*[text()='OK']"}
RESULT: {"using":"xpath","value":"//*[text()='OK']"}
COMMAND: POST /session/a230b9fa5e58e47def27534e3d005bf9/elements - {"using":"xpath","value":"//*[text()='OK']"}
RESULT: {"using":"xpath","value":"//*[text()='OK']"}
COMMAND: POST /session/a230b9fa5e58e47def27534e3d005bf9/elements - {"using":"xpath","value":"//*[text()='OK']"}
RESULT: {"using":"xpath","value":"//*[text()='OK']"}
COMMAND: POST /session/a230b9fa5e58e47def27534e3d005bf9/elements - {"using":"xpath","value":"//*[text()='OK']"}
RESULT: {"using":"xpath","value":"//*[text()='OK']"}
COMMAND: POST /session/a230b9fa5e58e47def27534e3d005bf9/elements - {"using":"xpath","value":"//*[text()='OK']"}
RESULT: {"using":"xpath","value":"//*[text()='OK']"}
COMMAND: POST /session/a230b9fa5e58e47def27534e3d005bf9/elements - {"using":"xpath","value":"//*[text()='OK']"}
RESULT: {"using":"xpath","value":"//*[text()='OK']"}
COMMAND: POST /session/a230b9fa5e58e47def27534e3d005bf9/elements - {"using":"xpath","value":"//*[text()='OK']"}
RESULT: {"using":"xpath","value":"//*[text()='OK']"}
COMMAND: POST /session/a230b9fa5e58e47def27534e3d005bf9/elements - {"using":"xpath","value":"//*[text()='OK']"}
RESULT: {"using":"xpath","value":"//*[text()='OK']"}
COMMAND: POST /session/a230b9fa5e58e47def27534e3d005bf9/elements - {"using":"xpath","value":"//*[text()='OK']"}
RESULT: {"using":"xpath","value":"//*[text()='OK']"}
COMMAND: POST /session/a230b9fa5e58e47def27534e3d005bf9/elements - {"using":"xpath","value":"//*[text()='OK']"}
RESULT: {"using":"xpath","value":"//*[text()='OK']"}
COMMAND: POST /session/a230b9fa5e58e47def27534e3d005bf9/elements - {"using":"xpath","value":"//*[text()='OK']"}
RESULT: {"using":"xpath","value":"//*[text()='OK']"}
COMMAND: POST /session/a230b9fa5e58e47def27534e3d005bf9/elements - {"using":"xpath","value":"//*[text()='OK']"}
RESULT: {"using":"xpath","value":"//*[text()='OK']"}
COMMAND: POST /session/a230b9fa5e58e47def27534e3d005bf9/elements - {"using":"xpath","value":"//*[text()='OK']"}
RESULT: {"using":"xpath","value":"//*[text()='OK']"}
COMMAND: POST /session/a230b9fa5e58e47def27534e3d005bf9/elements - {"using":"xpath","value":"//*[text()='OK']"}
RESULT: {"using":"xpath","value":"//*[text()='OK']"}
COMMAND: POST /session/a230b9fa5e58e47def27534e3d005bf9/elements - {"using":"xpath","value":"//*[text()='OK']"}
RESULT: {"using":"xpath","value":"//*[text()='OK']"}
COMMAND: POST /session/a230b9fa5e58e47def27534e3d005bf9/elements - {"using":"xpath","value":"//*[text()='OK']"}
RESULT: {"using":"xpath","value":"//*[text()='OK']"}
COMMAND: POST /session/a230b9fa5e58e47def27534e3d005bf9/elements - {"using":"xpath","value":"//*[text()='OK']"}
RESULT: {"using":"xpath","value":"//*[text()='OK']"}
COMMAND: POST /session/a230b9fa5e58e47def27534e3d005bf9/elements - {"using":"xpath","value":"//*[text()='OK']"}
RESULT: {"using":"xpath","value":"//*[text()='OK']"}
COMMAND: POST /session/a230b9fa5e58e47def27534e3d005bf9/elements - {"using":"xpath","value":"//*[text()='OK']"}
RESULT: {"using":"xpath","value":"//*[text()='OK']"}
COMMAND: POST /session/a230b9fa5e58e47def27534e3d005bf9/elements - {"using":"xpath","value":"//*[text()='OK']"}
RESULT: {"using":"xpath","value":"//*[text()='OK']"}
COMMAND: POST /session/a230b9fa5e58e47def27534e3d005bf9/elements - {"using":"xpath","value":"//*[text()='OK']"}
RESULT: {"using":"xpath","value":"//*[text()='OK']"}
COMMAND: POST /session/a230b9fa5e58e47def27534e3d005bf9/elements - {"using":"xpath","value":"//*[text()='OK']"}
RESULT: {"using":"xpath","value":"//*[text()='OK']"}
COMMAND: POST /session/a230b9fa5e58e47def27534e3d005bf9/elements - {"using":"xpath","value":"//*[text()='OK']"}
RESULT: {"using":"xpath","value":"//*[text()='OK']"}
COMMAND: POST /session/a230b9fa5e58e47def27534e3d005bf9/elements - {"using":"xpath","value":"//*[text()='OK']"}
RESULT: {"using":"xpath","value":"//*[text()='OK']"}
COMMAND: POST /session/a230b9fa5e58e47def27534e3d005bf9/elements - {"using":"xpath","value":"//*[text()='OK']"}
RESULT: {"using":"xpath","value":"//*[text()='OK']"}
COMMAND: POST /session/a230b9fa5e58e47def27534e3d005bf9/elements - {"using":"xpath","value":"//*[text()='OK']"}
RESULT: {"using":"xpath","value":"//*[text()='OK']"}
COMMAND: POST /session/a230b9fa5e58e47def27534e3d005bf9/elements - {"using":"xpath","value":"//*[text()='OK']"}
RESULT: {"using":"xpath","value":"//*[text()='OK']"}
COMMAND: POST /session/a230b9fa5e58e47def27534e3d005bf9/elements - {"using":"xpath","value":"//*[text()='OK']"}
RESULT: {"using":"xpath","value":"//*[text()='OK']"}
COMMAND: POST /session/a230b9fa5e58e47def27534e3d005bf9/elements - {"using":"xpath","value":"//*[text()='OK']"}
RESULT: {"using":"xpath","value":"//*[text()='OK']"}
COMMAND: POST /session/a230b9fa5e58e47def27534e3d005bf9/elements - {"using":"xpath","value":"//*[text()='OK']"}
RESULT: {"using":"xpath","value":"//*[text()='OK']"}
COMMAND: POST /session/a230b9fa5e58e47def27534e3d005bf9/elements - {"using":"xpath","value":"//*[text()='OK']"}
RESULT: {"using":"xpath","value":"//*[text()='OK']"}
COMMAND: POST /session/a230b9fa5e58e47def27534e3d005bf9/elements - {"using":"xpath","value":"//*[text()='OK']"}
RESULT: {"using":"xpath","value":"//*[text()='OK']"}
COMMAND: POST /session/a230b9fa5e58e47def27534e3d005bf9/elements - {"using":"xpath","value":"//*[text()='OK']"}
RESULT: {"using":"xpath","value":"//*[text()='OK']"}
COMMAND: POST /session/a230b9fa5e58e47def27534e3d005bf9/elements - {"using":"xpath","value":"//*[text()='OK']"}
RESULT: {"using":"xpath","value":"//*[text()='OK']"}
COMMAND: POST /session/a230b9fa5e58e47def27534e3d005bf9/elements - {"using":"xpath","value":"//*[text()='OK']"}
RESULT: {"using":"xpath","value":"//*[text()='OK']"}
COMMAND: POST /session/a230b9fa5e58e47def27534e3d005bf9/elements - {"using":"xpath","value":"//*[text()='OK']"}
RESULT: {"using":"xpath","value":"//*[text()='OK']"}
COMMAND: POST /session/a230b9fa5e58e47def27534e3d005bf9/elements - {"using":"xpath","value":"//*[text()='OK']"}
RESULT: {"using":"xpath","value":"//*[text()='OK']"}
COMMAND: POST /session/a230b9fa5e58e47def27534e3d005bf9/elements - {"using":"xpath","value":"//*[text()='OK']"}
RESULT: {"using":"xpath","value":"//*[text()='OK']"}
COMMAND: POST /session/a230b9fa5e58e47def27534e3d005bf9/elements - {"using":"xpath","value":"//*[text()='OK']"}
RESULT: {"using":"xpath","value":"//*[text()='OK']"}
COMMAND: POST /session/a230b9fa5e58e47def27534e3d005bf9/elements - {"using":"xpath","value":"//*[text()='OK']"}
RESULT: {"using":"xpath","value":"//*[text()='OK']"}
COMMAND: POST /session/a230b9fa5e58e47def27534e3d005bf9/elements - {"using":"xpath","value":"//*[text()='OK']"}
RESULT: {"using":"xpath","value":"//*[text()='OK']"}
COMMAND: POST /session/a230b9fa5e58e47def27534e3d005bf9/elements - {"using":"xpath","value":"//*[text()='OK']"}
RESULT: {"using":"xpath","value":"//*[text()='OK']"}
COMMAND: POST /session/a230b9fa5e58e47def27534e3d005bf9/elements - {"using":"xpath","value":"//*[text()='OK']"}
RESULT: {"using":"xpath","value":"//*[text()='OK']"}
COMMAND: POST /session/a230b9fa5e58e47def27534e3d005bf9/elements - {"using":"xpath","value":"//*[text()='OK']"}
RESULT: {"using":"xpath","value":"//*[text()='OK']"}
COMMAND: POST /session/a230b9fa5e58e47def27534e3d005bf9/elements - {"using":"xpath","value":"//*[text()='OK']"}
RESULT: {"using":"xpath","value":"//*[text()='OK']"}
COMMAND: POST /session/a230b9fa5e58e47def27534e3d005bf9/elements - {"using":"xpath","value":"//*[text()='OK']"}
RESULT: {"using":"xpath","value":"//*[text()='OK']"}
COMMAND: POST /session/a230b9fa5e58e47def27534e3d005bf9/elements - {"using":"xpath","value":"//*[text()='OK']"}
RESULT: {"using":"xpath","value":"//*[text()='OK']"}
COMMAND: POST /session/a230b9fa5e58e47def27534e3d005bf9/elements - {"using":"xpath","value":"//*[text()='OK']"}
RESULT: {"using":"xpath","value":"//*[text()='OK']"}
COMMAND: POST /session/a230b9fa5e58e47def27534e3d005bf9/elements - {"using":"xpath","value":"//*[text()='OK']"}
RESULT: {"using":"xpath","value":"//*[text()='OK']"}
COMMAND: POST /session/a230b9fa5e58e47def27534e3d005bf9/elements - {"using":"xpath","value":"//*[text()='OK']"}
RESULT: {"using":"xpath","value":"//*[text()='OK']"}
COMMAND: POST /session/a230b9fa5e58e47def27534e3d005bf9/elements - {"using":"xpath","value":"//*[text()='OK']"}
RESULT: {"using":"xpath","value":"//*[text()='OK']"}
COMMAND: POST /session/a230b9fa5e58e47def27534e3d005bf9/elements - {"using":"xpath","value":"//*[text()='OK']"}
RESULT: {"using":"xpath","value":"//*[text()='OK']"}
COMMAND: POST /session/a230b9fa5e58e47def27534e3d005bf9/elements - {"using":"xpath","value":"//*[text()='OK']"}
RESULT: {"using":"xpath","value":"//*[text()='OK']"}
COMMAND: POST /session/a230b9fa5e58e47def27534e3d005bf9/elements - {"using":"xpath","value":"//*[text()='OK']"}
RESULT: {"using":"xpath","value":"//*[text()='OK']"}
COMMAND: POST /session/a230b9fa5e58e47def27534e3d005bf9/elements - {"using":"xpath","value":"//*[text()='OK']"}
RESULT: {"using":"xpath","value":"//*[text()='OK']"}
COMMAND: POST /session/a230b9fa5e58e47def27534e3d005bf9/elements - {"using":"xpath","value":"//*[text()='OK']"}
RESULT: {"using":"xpath","value":"//*[text()='OK']"}
COMMAND: POST /session/a230b9fa5e58e47def27534e3d005bf9/elements - {"using":"xpath","value":"//*[text()='OK']"}
RESULT: {"using":"xpath","value":"//*[text()='OK']"}
COMMAND: POST /session/a230b9fa5e58e47def27534e3d005bf9/elements - {"using":"xpath","value":"//*[text()='OK']"}
RESULT: {"using":"xpath","value":"//*[text()='OK']"}
COMMAND: POST /session/a230b9fa5e58e47def27534e3d005bf9/elements - {"using":"xpath","value":"//*[text()='OK']"}
RESULT: {"using":"xpath","value":"//*[text()='OK']"}
COMMAND: POST /session/a230b9fa5e58e47def27534e3d005bf9/elements - {"using":"xpath","value":"//*[text()='OK']"}
RESULT: {"using":"xpath","value":"//*[text()='OK']"}
COMMAND: POST /session/a230b9fa5e58e47def27534e3d005bf9/elements - {"using":"xpath","value":"//*[text()='OK']"}
RESULT: {"using":"xpath","value":"//*[text()='OK']"}
COMMAND: POST /session/a230b9fa5e58e47def27534e3d005bf9/elements - {"using":"xpath","value":"//*[text()='OK']"}
RESULT: {"using":"xpath","value":"//*[text()='OK']"}
COMMAND: POST /session/a230b9fa5e58e47def27534e3d005bf9/elements - {"using":"xpath","value":"//*[text()='OK']"}
RESULT: {"using":"xpath","value":"//*[text()='OK']"}
COMMAND: POST /session/a230b9fa5e58e47def27534e3d005bf9/elements - {"using":"xpath","value":"//*[text()='OK']"}
RESULT: {"using":"xpath","value":"//*[text()='OK']"}
COMMAND: POST /session/a230b9fa5e58e47def27534e3d005bf9/elements - {"using":"xpath","value":"//*[text()='OK']"}
RESULT: {"using":"xpath","value":"//*[text()='OK']"}
COMMAND: POST /session/a230b9fa5e58e47def27534e3d005bf9/elements - {"using":"xpath","value":"//*[text()='OK']"}
RESULT: {"using":"xpath","value":"//*[text()='OK']"}
COMMAND: POST /session/a230b9fa5e58e47def27534e3d005bf9/elements - {"using":"xpath","value":"//*[text()='OK']"}
RESULT: {"using":"xpath","value":"//*[text()='OK']"}
COMMAND: POST /session/a230b9fa5e58e47def27534e3d005bf9/elements - {"using":"xpath","value":"//*[text()='OK']"}
RESULT: {"using":"xpath","value":"//*[text()='OK']"}
COMMAND: POST /session/a230b9fa5e58e47def27534e3d005bf9/elements - {"using":"xpath","value":"//*[text()='OK']"}
RESULT: {"using":"xpath","value":"//*[text()='OK']"}
COMMAND: POST /session/a230b9fa5e58e47def27534e3d005bf9/elements - {"using":"xpath","value":"//*[text()='OK']"}
RESULT: {"using":"xpath","value":"//*[text()='OK']"}
COMMAND: POST /session/a230b9fa5e58e47def27534e3d005bf9/elements - {"using":"xpath","value":"//*[text()='OK']"}
RESULT: {"using":"xpath","value":"//*[text()='OK']"}
COMMAND: POST /session/a230b9fa5e58e47def27534e3d005bf9/elements - {"using":"xpath","value":"//*[text()='OK']"}
RESULT: {"using":"xpath","value":"//*[text()='OK']"}
COMMAND: POST /session/a230b9fa5e58e47def27534e3d005bf9/elements - {"using":"xpath","value":"//*[text()='OK']"}
RESULT: {"using":"xpath","value":"//*[text()='OK']"}
COMMAND: POST /session/a230b9fa5e58e47def27534e3d005bf9/elements - {"using":"xpath","value":"//*[text()='OK']"}
RESULT: {"using":"xpath","value":"//*[text()='OK']"}
COMMAND: POST /session/a230b9fa5e58e47def27534e3d005bf9/elements - {"using":"xpath","value":"//*[text()='OK']"}
RESULT: {"using":"xpath","value":"//*[text()='OK']"}
COMMAND: POST /session/a230b9fa5e58e47def27534e3d005bf9/elements - {"using":"xpath","value":"//*[text()='OK']"}
RESULT: {"using":"xpath","value":"//*[text()='OK']"}
COMMAND: POST /session/a230b9fa5e58e47def27534e3d005bf9/elements - {"using":"xpath","value":"//*[text()='OK']"}
RESULT: {"using":"xpath","value":"//*[text()='OK']"}
COMMAND: POST /session/a230b9fa5e58e47def27534e3d005bf9/elements - {"using":"xpath","value":"//*[text()='OK']"}
RESULT: {"using":"xpath","value":"//*[text()='OK']"}
COMMAND: POST /session/a230b9fa5e58e47def27534e3d005bf9/elements - {"using":"xpath","value":"//*[text()='OK']"}
RESULT: {"using":"xpath","value":"//*[text()='OK']"}
COMMAND: POST /session/a230b9fa5e58e47def27534e3d005bf9/elements - {"using":"xpath","value":"//*[text()='OK']"}
RESULT: {"using":"xpath","value":"//*[text()='OK']"}
COMMAND: POST /session/a230b9fa5e58e47def27534e3d005bf9/elements - {"using":"xpath","value":"//*[text()='OK']"}
RESULT: {"using":"xpath","value":"//*[text()='OK']"}
COMMAND: POST /session/a230b9fa5e58e47def27534e3d005bf9/elements - {"using":"xpath","value":"//*[text()='OK']"}
RESULT: {"using":"xpath","value":"//*[text()='OK']"}
COMMAND: POST /session/a230b9fa5e58e47def27534e3d005bf9/elements - {"using":"xpath","value":"//*[text()='OK']"}
RESULT: {"using":"xpath","value":"//*[text()='OK']"}
COMMAND: POST /session/a230b9fa5e58e47def27534e3d005bf9/elements - {"using":"xpath","value":"//*[text()='OK']"}
RESULT: {"using":"xpath","value":"//*[text()='OK']"}
COMMAND: POST /session/a230b9fa5e58e47def27534e3d005bf9/elements - {"using":"xpath","value":"//*[text()='OK']"}
RESULT: {"using":"xpath","value":"//*[text()='OK']"}
COMMAND: POST /session/a230b9fa5e58e47def27534e3d005bf9/elements - {"using":"xpath","value":"//*[text()='OK']"}
RESULT: {"using":"xpath","value":"//*[text()='OK']"}
COMMAND: POST /session/a230b9fa5e58e47def27534e3d005bf9/elements - {"using":"xpath","value":"//*[text()='OK']"}
RESULT: {"using":"xpath","value":"//*[text()='OK']"}
COMMAND: POST /session/a230b9fa5e58e47def27534e3d005bf9/elements - {"using":"xpath","value":"//*[text()='OK']"}
RESULT: {"using":"xpath","value":"//*[text()='OK']"}
COMMAND: POST /session/a230b9fa5e58e47def27534e3d005bf9/elements - {"using":"xpath","value":"//*[text()='OK']"}
RESULT: {"using":"xpath","value":"//*[text()='OK']"}
COMMAND: POST /session/a230b9fa5e58e47def27534e3d005bf9/elements - {"using":"xpath","value":"//*[text()='OK']"}
RESULT: {"using":"xpath","value":"//*[text()='OK']"}
COMMAND: POST /session/a230b9fa5e58e47def27534e3d005bf9/elements - {"using":"xpath","value":"//*[text()='OK']"}
RESULT: {"using":"xpath","value":"//*[text()='OK']"}
COMMAND: POST /session/a230b9fa5e58e47def27534e3d005bf9/element - {"using":"xpath","value":"//*[text()='provide (prepared)']"}
RESULT: {"using":"xpath","value":"//*[text()='provide (prepared)']"}
COMMAND: GET /session/a230b9fa5e58e47def27534e3d005bf9/element/f.5A792F38359A1C743AD3061B3E5B94B4.d.0D78E41D12AB1DE6C437F6E42579B1F0.e.23132/text - {}
RESULT: {}
COMMAND: POST /session/a230b9fa5e58e47def27534e3d005bf9/element - {"using":"xpath","value":"//*[contains(text(), \"Instructions\")][@class=\"sapMITHTextContent\"]"}
RESULT: {"using":"xpath","value":"//*[contains(text(), \"Instructions\")][@class=\"sapMITHTextContent\"]"}
COMMAND: POST /session/a230b9fa5e58e47def27534e3d005bf9/execute/sync - {"script":"<script> [8489 bytes]","args":[{"element-6066-11e4-a52e-4f735466cecf":"f.5A792F38359A1C743AD3061B3E5B94B4.d.0D78E41D12AB1DE6C437F6E42579B1F0.e.23133","ELEMENT":"f.5A792F38359A1C743AD3061B3E5B94B4.d.0D78E41D12AB1DE6C437F6E42579B1F0.e.23133"}]}
RESULT: {"script":"<script> [8489 bytes]","args":[{"element-6066-11e4-a52e-4f735466cecf":"f.5A792F38359A1C743AD3061B3E5B94B4.d.0D78E41D12AB1DE6C437F6E42579B1F0.e.23133","ELEMENT":"f.5A792F38359A1C743AD3061B3E5B94B4.d.0D78E41D12AB1DE6C437F6E42579B1F0.e.23133"}]}
COMMAND: POST /session/a230b9fa5e58e47def27534e3d005bf9/execute/sync - {"script":"<script> [5351 bytes]","args":[{"element-6066-11e4-a52e-4f735466cecf":"f.5A792F38359A1C743AD3061B3E5B94B4.d.0D78E41D12AB1DE6C437F6E42579B1F0.e.23133","ELEMENT":"f.5A792F38359A1C743AD3061B3E5B94B4.d.0D78E41D12AB1DE6C437F6E42579B1F0.e.23133"}]}
COMMAND: GET /session/a230b9fa5e58e47def27534e3d005bf9/screenshot - {}
RESULT: {"script":"<script> [5351 bytes]","args":[{"element-6066-11e4-a52e-4f735466cecf":"f.5A792F38359A1C743AD3061B3E5B94B4.d.0D78E41D12AB1DE6C437F6E42579B1F0.e.23133","ELEMENT":"f.5A792F38359A1C743AD3061B3E5B94B4.d.0D78E41D12AB1DE6C437F6E42579B1F0.e.23133"}]}
COMMAND: POST /session/a230b9fa5e58e47def27534e3d005bf9/element/f.5A792F38359A1C743AD3061B3E5B94B4.d.0D78E41D12AB1DE6C437F6E42579B1F0.e.23133/click - {}
COMMAND: GET /session/a230b9fa5e58e47def27534e3d005bf9/screenshot - {}
RESULT: {}
RESULT: {}
COMMAND: POST /session/a230b9fa5e58e47def27534e3d005bf9/actions - {"actions":[{"id":"action93","type":"key","parameters":{},"actions":[{"type":"keyDown","value":"î€‡"},{"type":"pause","duration":10},{"type":"keyUp","value":"î€‡"}]}]}
COMMAND: GET /session/a230b9fa5e58e47def27534e3d005bf9/screenshot - {}
RESULT: {}
RESULT: {"actions":[{"id":"action93","type":"key","parameters":{},"actions":[{"type":"keyDown","value":"î€‡"},{"type":"pause","duration":10},{"type":"keyUp","value":"î€‡"}]}]}
COMMAND: POST /session/a230b9fa5e58e47def27534e3d005bf9/element - {"using":"css selector","value":"#pickDialog--hoItemsTable-sa-CbBg"}
COMMAND: GET /session/a230b9fa5e58e47def27534e3d005bf9/screenshot - {}
RESULT: {}
RESULT: {"using":"css selector","value":"#pickDialog--hoItemsTable-sa-CbBg"}
COMMAND: GET /session/a230b9fa5e58e47def27534e3d005bf9/element/f.5A792F38359A1C743AD3061B3E5B94B4.d.0D78E41D12AB1DE6C437F6E42579B1F0.e.23140/enabled - {}
RESULT: {}
RESULT: {}
COMMAND: POST /session/a230b9fa5e58e47def27534e3d005bf9/execute/sync - {"script":"<script> [8489 bytes]","args":[{"element-6066-11e4-a52e-4f735466cecf":"f.5A792F38359A1C743AD3061B3E5B94B4.d.0D78E41D12AB1DE6C437F6E42579B1F0.e.23140","ELEMENT":"f.5A792F38359A1C743AD3061B3E5B94B4.d.0D78E41D12AB1DE6C437F6E42579B1F0.e.23140"}]}
COMMAND: GET /session/a230b9fa5e58e47def27534e3d005bf9/screenshot - {}
RESULT: {"script":"<script> [8489 bytes]","args":[{"element-6066-11e4-a52e-4f735466cecf":"f.5A792F38359A1C743AD3061B3E5B94B4.d.0D78E41D12AB1DE6C437F6E42579B1F0.e.23140","ELEMENT":"f.5A792F38359A1C743AD3061B3E5B94B4.d.0D78E41D12AB1DE6C437F6E42579B1F0.e.23140"}]}
COMMAND: POST /session/a230b9fa5e58e47def27534e3d005bf9/execute/sync - {"script":"<script> [5351 bytes]","args":[{"element-6066-11e4-a52e-4f735466cecf":"f.5A792F38359A1C743AD3061B3E5B94B4.d.0D78E41D12AB1DE6C437F6E42579B1F0.e.23140","ELEMENT":"f.5A792F38359A1C743AD3061B3E5B94B4.d.0D78E41D12AB1DE6C437F6E42579B1F0.e.23140"}]}
COMMAND: GET /session/a230b9fa5e58e47def27534e3d005bf9/screenshot - {}
RESULT: {}
RESULT: {"script":"<script> [5351 bytes]","args":[{"element-6066-11e4-a52e-4f735466cecf":"f.5A792F38359A1C743AD3061B3E5B94B4.d.0D78E41D12AB1DE6C437F6E42579B1F0.e.23140","ELEMENT":"f.5A792F38359A1C743AD3061B3E5B94B4.d.0D78E41D12AB1DE6C437F6E42579B1F0.e.23140"}]}
COMMAND: POST /session/a230b9fa5e58e47def27534e3d005bf9/element/f.5A792F38359A1C743AD3061B3E5B94B4.d.0D78E41D12AB1DE6C437F6E42579B1F0.e.23140/click - {}
COMMAND: GET /session/a230b9fa5e58e47def27534e3d005bf9/screenshot - {}
RESULT: {}
RESULT: {}
COMMAND: POST /session/a230b9fa5e58e47def27534e3d005bf9/element - {"using":"xpath","value":"//bdi[text()='Confirm All']"}
COMMAND: GET /session/a230b9fa5e58e47def27534e3d005bf9/screenshot - {}
RESULT: {}
RESULT: {"using":"xpath","value":"//bdi[text()='Confirm All']"}
COMMAND: GET /session/a230b9fa5e58e47def27534e3d005bf9/element/f.5A792F38359A1C743AD3061B3E5B94B4.d.0D78E41D12AB1DE6C437F6E42579B1F0.e.23143/enabled - {}
RESULT: {}
RESULT: {}
COMMAND: POST /session/a230b9fa5e58e47def27534e3d005bf9/execute/sync - {"script":"<script> [8489 bytes]","args":[{"element-6066-11e4-a52e-4f735466cecf":"f.5A792F38359A1C743AD3061B3E5B94B4.d.0D78E41D12AB1DE6C437F6E42579B1F0.e.23143","ELEMENT":"f.5A792F38359A1C743AD3061B3E5B94B4.d.0D78E41D12AB1DE6C437F6E42579B1F0.e.23143"}]}
COMMAND: GET /session/a230b9fa5e58e47def27534e3d005bf9/screenshot - {}
RESULT: {"script":"<script> [8489 bytes]","args":[{"element-6066-11e4-a52e-4f735466cecf":"f.5A792F38359A1C743AD3061B3E5B94B4.d.0D78E41D12AB1DE6C437F6E42579B1F0.e.23143","ELEMENT":"f.5A792F38359A1C743AD3061B3E5B94B4.d.0D78E41D12AB1DE6C437F6E42579B1F0.e.23143"}]}
COMMAND: POST /session/a230b9fa5e58e47def27534e3d005bf9/execute/sync - {"script":"<script> [5351 bytes]","args":[{"element-6066-11e4-a52e-4f735466cecf":"f.5A792F38359A1C743AD3061B3E5B94B4.d.0D78E41D12AB1DE6C437F6E42579B1F0.e.23143","ELEMENT":"f.5A792F38359A1C743AD3061B3E5B94B4.d.0D78E41D12AB1DE6C437F6E42579B1F0.e.23143"}]}
COMMAND: GET /session/a230b9fa5e58e47def27534e3d005bf9/screenshot - {}
RESULT: {}
RESULT: {"script":"<script> [5351 bytes]","args":[{"element-6066-11e4-a52e-4f735466cecf":"f.5A792F38359A1C743AD3061B3E5B94B4.d.0D78E41D12AB1DE6C437F6E42579B1F0.e.23143","ELEMENT":"f.5A792F38359A1C743AD3061B3E5B94B4.d.0D78E41D12AB1DE6C437F6E42579B1F0.e.23143"}]}
COMMAND: POST /session/a230b9fa5e58e47def27534e3d005bf9/element/f.5A792F38359A1C743AD3061B3E5B94B4.d.0D78E41D12AB1DE6C437F6E42579B1F0.e.23143/click - {}
COMMAND: GET /session/a230b9fa5e58e47def27534e3d005bf9/screenshot - {}
RESULT: {}
RESULT: {}
COMMAND: GET /session/a230b9fa5e58e47def27534e3d005bf9/screenshot - {}
RESULT: {}
RESULT: {}
COMMAND: POST /session/a230b9fa5e58e47def27534e3d005bf9/actions - {"actions":[{"id":"action94","type":"key","parameters":{},"actions":[{"type":"keyDown","value":"î€‡"},{"type":"pause","duration":10},{"type":"keyUp","value":"î€‡"}]}]}
RESULT: {"actions":[{"id":"action94","type":"key","parameters":{},"actions":[{"type":"keyDown","value":"î€‡"},{"type":"pause","duration":10},{"type":"keyUp","value":"î€‡"}]}]}
COMMAND: POST /session/a230b9fa5e58e47def27534e3d005bf9/actions - {"actions":[{"id":"action95","type":"key","parameters":{},"actions":[{"type":"keyDown","value":"î€‡"},{"type":"pause","duration":10},{"type":"keyUp","value":"î€‡"}]}]}
COMMAND: GET /session/a230b9fa5e58e47def27534e3d005bf9/screenshot - {}
RESULT: {"actions":[{"id":"action95","type":"key","parameters":{},"actions":[{"type":"keyDown","value":"î€‡"},{"type":"pause","duration":10},{"type":"keyUp","value":"î€‡"}]}]}
COMMAND: POST /session/a230b9fa5e58e47def27534e3d005bf9/execute/async - {"script":"<script> [1562 bytes]","args":[{"selector":{"id":"statesDialog--okBttnStatesDialog","searchOpenDialogs":true,"interaction":{"idSuffix":"BDI-content"}},"wdio_ui5_key":"statesDialogokBttnStatesDialog"}]}
COMMAND: GET /session/a230b9fa5e58e47def27534e3d005bf9/screenshot - {}
RESULT: {}
RESULT: {"script":"<script> [1562 bytes]","args":[{"selector":{"id":"statesDialog--okBttnStatesDialog","searchOpenDialogs":true,"interaction":{"idSuffix":"BDI-content"}},"wdio_ui5_key":"statesDialogokBttnStatesDialog"}]}
RESULT: undefined
RESULT: {}
RESULT: undefined
RESULT: undefined
COMMAND: POST /session/a230b9fa5e58e47def27534e3d005bf9/actions - {"actions":[{"id":"action96","type":"key","parameters":{},"actions":[{"type":"keyDown","value":"î€‡"},{"type":"pause","duration":10},{"type":"keyUp","value":"î€‡"}]}]}
RESULT: {"actions":[{"id":"action96","type":"key","parameters":{},"actions":[{"type":"keyDown","value":"î€‡"},{"type":"pause","duration":10},{"type":"keyUp","value":"î€‡"}]}]}
COMMAND: POST /session/a230b9fa5e58e47def27534e3d005bf9/execute/async - {"script":"<script> [1562 bytes]","args":[{"selector":{"controlType":"sap.m.Text","viewName":"etm.portal.ui.managehandovers.view.DetailExecuteHO","bindingPath":{"propertyPath":"NO","modelName":"catalogModel"}},"wdio_ui5_key":"etmportal.ui.managehandovers.view.DetailExecuteHOsap.m.Text{\"propertyPath\":\"NO\",\"modelName\":\"catalogModel\"}"}]}
COMMAND: GET /session/a230b9fa5e58e47def27534e3d005bf9/screenshot - {}
RESULT: {"script":"<script> [1562 bytes]","args":[{"selector":{"controlType":"sap.m.Text","viewName":"etm.portal.ui.managehandovers.view.DetailExecuteHO","bindingPath":{"propertyPath":"NO","modelName":"catalogModel"}},"wdio_ui5_key":"etmportal.ui.managehandovers.view.DetailExecuteHOsap.m.Text{\"propertyPath\":\"NO\",\"modelName\":\"catalogModel\"}"}]}
RESULT: undefined
COMMAND: POST /session/a230b9fa5e58e47def27534e3d005bf9/execute/async - {"script":"<script> [6424 bytes]","args":[{"element-6066-11e4-a52e-4f735466cecf":"f.5A792F38359A1C743AD3061B3E5B94B4.d.0D78E41D12AB1DE6C437F6E42579B1F0.e.23149"},"getText",[]]}
RESULT: {}
RESULT: {"script":"<script> [6424 bytes]","args":[{"element-6066-11e4-a52e-4f735466cecf":"f.5A792F38359A1C743AD3061B3E5B94B4.d.0D78E41D12AB1DE6C437F6E42579B1F0.e.23149"},"getText",[]]}
COMMAND: POST /session/a230b9fa5e58e47def27534e3d005bf9/actions - {"actions":[{"id":"action97","type":"key","parameters":{},"actions":[{"type":"keyDown","value":"î€‡"},{"type":"pause","duration":10},{"type":"keyUp","value":"î€‡"}]}]}
RESULT: {"actions":[{"id":"action97","type":"key","parameters":{},"actions":[{"type":"keyDown","value":"î€‡"},{"type":"pause","duration":10},{"type":"keyUp","value":"î€‡"}]}]}
COMMAND: GET /session/a230b9fa5e58e47def27534e3d005bf9/screenshot - {}
RESULT: {}
COMMAND: POST /session/a230b9fa5e58e47def27534e3d005bf9/element - {"using":"xpath","value":"//bdi[text()='OK']"}
RESULT: {"using":"xpath","value":"//bdi[text()='OK']"}
COMMAND: POST /session/a230b9fa5e58e47def27534e3d005bf9/element - {"using":"xpath","value":"//bdi[text()='OK']"}
RESULT: {"using":"xpath","value":"//bdi[text()='OK']"}
COMMAND: POST /session/a230b9fa5e58e47def27534e3d005bf9/actions - {"actions":[{"id":"action98","type":"key","parameters":{},"actions":[{"type":"keyDown","value":"î€‡"},{"type":"pause","duration":10},{"type":"keyUp","value":"î€‡"}]}]}
RESULT: {"actions":[{"id":"action98","type":"key","parameters":{},"actions":[{"type":"keyDown","value":"î€‡"},{"type":"pause","duration":10},{"type":"keyUp","value":"î€‡"}]}]}
COMMAND: POST /session/a230b9fa5e58e47def27534e3d005bf9/element - {"using":"xpath","value":"//bdi[(text() = 'Confirm' or . = 'Confirm')]"}
COMMAND: GET /session/a230b9fa5e58e47def27534e3d005bf9/screenshot - {}
RESULT: {"using":"xpath","value":"//bdi[(text() = 'Confirm' or . = 'Confirm')]"}
COMMAND: POST /session/a230b9fa5e58e47def27534e3d005bf9/execute/sync - {"script":"<script> [8489 bytes]","args":[{"element-6066-11e4-a52e-4f735466cecf":"f.5A792F38359A1C743AD3061B3E5B94B4.d.0D78E41D12AB1DE6C437F6E42579B1F0.e.23153","ELEMENT":"f.5A792F38359A1C743AD3061B3E5B94B4.d.0D78E41D12AB1DE6C437F6E42579B1F0.e.23153"}]}
RESULT: {}
RESULT: {"script":"<script> [8489 bytes]","args":[{"element-6066-11e4-a52e-4f735466cecf":"f.5A792F38359A1C743AD3061B3E5B94B4.d.0D78E41D12AB1DE6C437F6E42579B1F0.e.23153","ELEMENT":"f.5A792F38359A1C743AD3061B3E5B94B4.d.0D78E41D12AB1DE6C437F6E42579B1F0.e.23153"}]}
COMMAND: POST /session/a230b9fa5e58e47def27534e3d005bf9/execute/sync - {"script":"<script> [8489 bytes]","args":[{"element-6066-11e4-a52e-4f735466cecf":"f.5A792F38359A1C743AD3061B3E5B94B4.d.0D78E41D12AB1DE6C437F6E42579B1F0.e.23153","ELEMENT":"f.5A792F38359A1C743AD3061B3E5B94B4.d.0D78E41D12AB1DE6C437F6E42579B1F0.e.23153"}]}
COMMAND: GET /session/a230b9fa5e58e47def27534e3d005bf9/screenshot - {}
RESULT: {"script":"<script> [8489 bytes]","args":[{"element-6066-11e4-a52e-4f735466cecf":"f.5A792F38359A1C743AD3061B3E5B94B4.d.0D78E41D12AB1DE6C437F6E42579B1F0.e.23153","ELEMENT":"f.5A792F38359A1C743AD3061B3E5B94B4.d.0D78E41D12AB1DE6C437F6E42579B1F0.e.23153"}]}
COMMAND: POST /session/a230b9fa5e58e47def27534e3d005bf9/execute/sync - {"script":"<script> [5351 bytes]","args":[{"element-6066-11e4-a52e-4f735466cecf":"f.5A792F38359A1C743AD3061B3E5B94B4.d.0D78E41D12AB1DE6C437F6E42579B1F0.e.23153","ELEMENT":"f.5A792F38359A1C743AD3061B3E5B94B4.d.0D78E41D12AB1DE6C437F6E42579B1F0.e.23153"}]}
COMMAND: GET /session/a230b9fa5e58e47def27534e3d005bf9/screenshot - {}
RESULT: {}
RESULT: {"script":"<script> [5351 bytes]","args":[{"element-6066-11e4-a52e-4f735466cecf":"f.5A792F38359A1C743AD3061B3E5B94B4.d.0D78E41D12AB1DE6C437F6E42579B1F0.e.23153","ELEMENT":"f.5A792F38359A1C743AD3061B3E5B94B4.d.0D78E41D12AB1DE6C437F6E42579B1F0.e.23153"}]}
COMMAND: POST /session/a230b9fa5e58e47def27534e3d005bf9/actions - {"actions":[{"id":"action99","type":"key","parameters":{},"actions":[{"type":"keyDown","value":"î€‡"},{"type":"pause","duration":10},{"type":"keyUp","value":"î€‡"}]}]}
COMMAND: GET /session/a230b9fa5e58e47def27534e3d005bf9/screenshot - {}
RESULT: {}
RESULT: {"actions":[{"id":"action99","type":"key","parameters":{},"actions":[{"type":"keyDown","value":"î€‡"},{"type":"pause","duration":10},{"type":"keyUp","value":"î€‡"}]}]}
COMMAND: POST /session/a230b9fa5e58e47def27534e3d005bf9/element - {"using":"xpath","value":"(//bdi[text()='Pick'])[1]"}
COMMAND: GET /session/a230b9fa5e58e47def27534e3d005bf9/screenshot - {}
RESULT: {}
RESULT: {"using":"xpath","value":"(//bdi[text()='Pick'])[1]"}
COMMAND: GET /session/a230b9fa5e58e47def27534e3d005bf9/element/f.5A792F38359A1C743AD3061B3E5B94B4.d.0D78E41D12AB1DE6C437F6E42579B1F0.e.23154/enabled - {}
RESULT: {}
RESULT: {}
COMMAND: POST /session/a230b9fa5e58e47def27534e3d005bf9/execute/sync - {"script":"<script> [8489 bytes]","args":[{"element-6066-11e4-a52e-4f735466cecf":"f.5A792F38359A1C743AD3061B3E5B94B4.d.0D78E41D12AB1DE6C437F6E42579B1F0.e.23154","ELEMENT":"f.5A792F38359A1C743AD3061B3E5B94B4.d.0D78E41D12AB1DE6C437F6E42579B1F0.e.23154"}]}
COMMAND: GET /session/a230b9fa5e58e47def27534e3d005bf9/screenshot - {}
RESULT: {"script":"<script> [8489 bytes]","args":[{"element-6066-11e4-a52e-4f735466cecf":"f.5A792F38359A1C743AD3061B3E5B94B4.d.0D78E41D12AB1DE6C437F6E42579B1F0.e.23154","ELEMENT":"f.5A792F38359A1C743AD3061B3E5B94B4.d.0D78E41D12AB1DE6C437F6E42579B1F0.e.23154"}]}
COMMAND: POST /session/a230b9fa5e58e47def27534e3d005bf9/execute/sync - {"script":"<script> [5351 bytes]","args":[{"element-6066-11e4-a52e-4f735466cecf":"f.5A792F38359A1C743AD3061B3E5B94B4.d.0D78E41D12AB1DE6C437F6E42579B1F0.e.23154","ELEMENT":"f.5A792F38359A1C743AD3061B3E5B94B4.d.0D78E41D12AB1DE6C437F6E42579B1F0.e.23154"}]}
COMMAND: GET /session/a230b9fa5e58e47def27534e3d005bf9/screenshot - {}
RESULT: {}
RESULT: {"script":"<script> [5351 bytes]","args":[{"element-6066-11e4-a52e-4f735466cecf":"f.5A792F38359A1C743AD3061B3E5B94B4.d.0D78E41D12AB1DE6C437F6E42579B1F0.e.23154","ELEMENT":"f.5A792F38359A1C743AD3061B3E5B94B4.d.0D78E41D12AB1DE6C437F6E42579B1F0.e.23154"}]}
COMMAND: POST /session/a230b9fa5e58e47def27534e3d005bf9/element/f.5A792F38359A1C743AD3061B3E5B94B4.d.0D78E41D12AB1DE6C437F6E42579B1F0.e.23154/click - {}
COMMAND: GET /session/a230b9fa5e58e47def27534e3d005bf9/screenshot - {}
RESULT: {}
RESULT: {}
COMMAND: POST /session/a230b9fa5e58e47def27534e3d005bf9/actions - {"actions":[{"id":"action100","type":"key","parameters":{},"actions":[{"type":"keyDown","value":"î€‡"},{"type":"pause","duration":10},{"type":"keyUp","value":"î€‡"}]}]}
COMMAND: GET /session/a230b9fa5e58e47def27534e3d005bf9/screenshot - {}
RESULT: {}
RESULT: {"actions":[{"id":"action100","type":"key","parameters":{},"actions":[{"type":"keyDown","value":"î€‡"},{"type":"pause","duration":10},{"type":"keyUp","value":"î€‡"}]}]}
COMMAND: GET /session/a230b9fa5e58e47def27534e3d005bf9/screenshot - {}
RESULT: {}
RESULT: {}
COMMAND: POST /session/a230b9fa5e58e47def27534e3d005bf9/execute/async - {"script":"<script> [1562 bytes]","args":[{"selector":{"controlType":"sap.m.SearchField","viewName":"etm.portal.ui.managehandovers.view.MasterHO","bindingPath":{"path":"","propertyPath":"/_BASIC_SEARCH_FIELD","modelName":"fi1t3rM0d31"},"interaction":{"idSuffix":"I"}},"wdio_ui5_key":"etmportal.ui.managehandovers.view.MasterHOsap.m.SearchField{\"path\":\"\",\"propertyPath\":\"/_BASIC_SEARCH_FIELD\",\"modelName\":\"fi1t3rM0d31\"}"}]}
RESULT: {"script":"<script> [1562 bytes]","args":[{"selector":{"controlType":"sap.m.SearchField","viewName":"etm.portal.ui.managehandovers.view.MasterHO","bindingPath":{"path":"","propertyPath":"/_BASIC_SEARCH_FIELD","modelName":"fi1t3rM0d31"},"interaction":{"idSuffix":"I"}},"wdio_ui5_key":"etmportal.ui.managehandovers.view.MasterHOsap.m.SearchField{\"path\":\"\",\"propertyPath\":\"/_BASIC_SEARCH_FIELD\",\"modelName\":\"fi1t3rM0d31\"}"}]}
RESULT: undefined
COMMAND: POST /session/a230b9fa5e58e47def27534e3d005bf9/execute/async - {"script":"<script> [776 bytes]","args":[{"enterText":"30399","selector":{"controlType":"sap.m.SearchField","viewName":"etm.portal.ui.managehandovers.view.MasterHO","bindingPath":{"path":"","propertyPath":"/_BASIC_SEARCH_FIELD","modelName":"fi1t3rM0d31"},"interaction":{"idSuffix":"I"}},"clearTextFirst":true,"interactionType":"ENTER_TEXT"}]}
RESULT: {"script":"<script> [776 bytes]","args":[{"enterText":"30399","selector":{"controlType":"sap.m.SearchField","viewName":"etm.portal.ui.managehandovers.view.MasterHO","bindingPath":{"path":"","propertyPath":"/_BASIC_SEARCH_FIELD","modelName":"fi1t3rM0d31"},"interaction":{"idSuffix":"I"}},"clearTextFirst":true,"interactionType":"ENTER_TEXT"}]}
COMMAND: POST /session/a230b9fa5e58e47def27534e3d005bf9/actions - {"actions":[{"id":"action101","type":"key","parameters":{},"actions":[{"type":"keyDown","value":"î€‡"},{"type":"pause","duration":10},{"type":"keyUp","value":"î€‡"}]}]}
RESULT: {"actions":[{"id":"action101","type":"key","parameters":{},"actions":[{"type":"keyDown","value":"î€‡"},{"type":"pause","duration":10},{"type":"keyUp","value":"î€‡"}]}]}
COMMAND: GET /session/a230b9fa5e58e47def27534e3d005bf9/screenshot - {}
RESULT: {}
COMMAND: POST /session/a230b9fa5e58e47def27534e3d005bf9/execute/async - {"script":"<script> [1562 bytes]","args":[{"selector":{"controlType":"sap.ui.core.Icon","viewName":"etm.portal.ui.managehandovers.view.MasterHO","properties":{"src":{"regex":{"source":"slim\\-arrow\\-right"}}}},"wdio_ui5_key":"etmportal.ui.managehandovers.view.MasterHOsap.ui.core.Icon{\"src\":{\"regex\":{\"source\":\"slim\\\\-arrow\\\\-right\"}}}"}]}
RESULT: {"script":"<script> [1562 bytes]","args":[{"selector":{"controlType":"sap.ui.core.Icon","viewName":"etm.portal.ui.managehandovers.view.MasterHO","properties":{"src":{"regex":{"source":"slim\\-arrow\\-right"}}}},"wdio_ui5_key":"etmportal.ui.managehandovers.view.MasterHOsap.ui.core.Icon{\"src\":{\"regex\":{\"source\":\"slim\\\\-arrow\\\\-right\"}}}"}]}
RESULT: undefined
COMMAND: POST /session/a230b9fa5e58e47def27534e3d005bf9/element - {"using":"xpath","value":"//*[@id=\"__item2731-__clone7840-imgNav\"]"}
RESULT: {"using":"xpath","value":"//*[@id=\"__item2731-__clone7840-imgNav\"]"}
COMMAND: POST /session/a230b9fa5e58e47def27534e3d005bf9/element/f.5A792F38359A1C743AD3061B3E5B94B4.d.0D78E41D12AB1DE6C437F6E42579B1F0.e.23355/click - {}
RESULT: {}
COMMAND: POST /session/a230b9fa5e58e47def27534e3d005bf9/element - {"using":"xpath","value":"(//span[text()='Instructions'])[2]"}
COMMAND: GET /session/a230b9fa5e58e47def27534e3d005bf9/screenshot - {}
RESULT: {"using":"xpath","value":"(//span[text()='Instructions'])[2]"}
COMMAND: GET /session/a230b9fa5e58e47def27534e3d005bf9/element/f.5A792F38359A1C743AD3061B3E5B94B4.d.0D78E41D12AB1DE6C437F6E42579B1F0.e.23133/enabled - {}
RESULT: {}
RESULT: {}
COMMAND: POST /session/a230b9fa5e58e47def27534e3d005bf9/execute/sync - {"script":"<script> [8489 bytes]","args":[{"element-6066-11e4-a52e-4f735466cecf":"f.5A792F38359A1C743AD3061B3E5B94B4.d.0D78E41D12AB1DE6C437F6E42579B1F0.e.23133","ELEMENT":"f.5A792F38359A1C743AD3061B3E5B94B4.d.0D78E41D12AB1DE6C437F6E42579B1F0.e.23133"}]}
COMMAND: GET /session/a230b9fa5e58e47def27534e3d005bf9/screenshot - {}
RESULT: {"script":"<script> [8489 bytes]","args":[{"element-6066-11e4-a52e-4f735466cecf":"f.5A792F38359A1C743AD3061B3E5B94B4.d.0D78E41D12AB1DE6C437F6E42579B1F0.e.23133","ELEMENT":"f.5A792F38359A1C743AD3061B3E5B94B4.d.0D78E41D12AB1DE6C437F6E42579B1F0.e.23133"}]}
COMMAND: POST /session/a230b9fa5e58e47def27534e3d005bf9/execute/sync - {"script":"<script> [5351 bytes]","args":[{"element-6066-11e4-a52e-4f735466cecf":"f.5A792F38359A1C743AD3061B3E5B94B4.d.0D78E41D12AB1DE6C437F6E42579B1F0.e.23133","ELEMENT":"f.5A792F38359A1C743AD3061B3E5B94B4.d.0D78E41D12AB1DE6C437F6E42579B1F0.e.23133"}]}
COMMAND: GET /session/a230b9fa5e58e47def27534e3d005bf9/screenshot - {}
RESULT: {}
RESULT: {"script":"<script> [5351 bytes]","args":[{"element-6066-11e4-a52e-4f735466cecf":"f.5A792F38359A1C743AD3061B3E5B94B4.d.0D78E41D12AB1DE6C437F6E42579B1F0.e.23133","ELEMENT":"f.5A792F38359A1C743AD3061B3E5B94B4.d.0D78E41D12AB1DE6C437F6E42579B1F0.e.23133"}]}
COMMAND: POST /session/a230b9fa5e58e47def27534e3d005bf9/element/f.5A792F38359A1C743AD3061B3E5B94B4.d.0D78E41D12AB1DE6C437F6E42579B1F0.e.23133/click - {}
COMMAND: GET /session/a230b9fa5e58e47def27534e3d005bf9/screenshot - {}
RESULT: {}
RESULT: {}
COMMAND: POST /session/a230b9fa5e58e47def27534e3d005bf9/element - {"using":"xpath","value":"//bdi[text()='Confirm']"}
COMMAND: GET /session/a230b9fa5e58e47def27534e3d005bf9/screenshot - {}
RESULT: {}
RESULT: {"using":"xpath","value":"//bdi[text()='Confirm']"}
COMMAND: GET /session/a230b9fa5e58e47def27534e3d005bf9/element/f.5A792F38359A1C743AD3061B3E5B94B4.d.0D78E41D12AB1DE6C437F6E42579B1F0.e.23405/enabled - {}
RESULT: {}
RESULT: {}
COMMAND: POST /session/a230b9fa5e58e47def27534e3d005bf9/execute/sync - {"script":"<script> [8489 bytes]","args":[{"element-6066-11e4-a52e-4f735466cecf":"f.5A792F38359A1C743AD3061B3E5B94B4.d.0D78E41D12AB1DE6C437F6E42579B1F0.e.23405","ELEMENT":"f.5A792F38359A1C743AD3061B3E5B94B4.d.0D78E41D12AB1DE6C437F6E42579B1F0.e.23405"}]}
COMMAND: GET /session/a230b9fa5e58e47def27534e3d005bf9/screenshot - {}
RESULT: {"script":"<script> [8489 bytes]","args":[{"element-6066-11e4-a52e-4f735466cecf":"f.5A792F38359A1C743AD3061B3E5B94B4.d.0D78E41D12AB1DE6C437F6E42579B1F0.e.23405","ELEMENT":"f.5A792F38359A1C743AD3061B3E5B94B4.d.0D78E41D12AB1DE6C437F6E42579B1F0.e.23405"}]}
COMMAND: POST /session/a230b9fa5e58e47def27534e3d005bf9/execute/sync - {"script":"<script> [5351 bytes]","args":[{"element-6066-11e4-a52e-4f735466cecf":"f.5A792F38359A1C743AD3061B3E5B94B4.d.0D78E41D12AB1DE6C437F6E42579B1F0.e.23405","ELEMENT":"f.5A792F38359A1C743AD3061B3E5B94B4.d.0D78E41D12AB1DE6C437F6E42579B1F0.e.23405"}]}
COMMAND: GET /session/a230b9fa5e58e47def27534e3d005bf9/screenshot - {}
RESULT: {}
RESULT: {"script":"<script> [5351 bytes]","args":[{"element-6066-11e4-a52e-4f735466cecf":"f.5A792F38359A1C743AD3061B3E5B94B4.d.0D78E41D12AB1DE6C437F6E42579B1F0.e.23405","ELEMENT":"f.5A792F38359A1C743AD3061B3E5B94B4.d.0D78E41D12AB1DE6C437F6E42579B1F0.e.23405"}]}
COMMAND: POST /session/a230b9fa5e58e47def27534e3d005bf9/element/f.5A792F38359A1C743AD3061B3E5B94B4.d.0D78E41D12AB1DE6C437F6E42579B1F0.e.23405/click - {}
COMMAND: GET /session/a230b9fa5e58e47def27534e3d005bf9/screenshot - {}
RESULT: {}
RESULT: {}
COMMAND: POST /session/a230b9fa5e58e47def27534e3d005bf9/actions - {"actions":[{"id":"action102","type":"key","parameters":{},"actions":[{"type":"keyDown","value":"î€‡"},{"type":"pause","duration":10},{"type":"keyUp","value":"î€‡"}]}]}
COMMAND: GET /session/a230b9fa5e58e47def27534e3d005bf9/screenshot - {}
RESULT: {}
RESULT: {"actions":[{"id":"action102","type":"key","parameters":{},"actions":[{"type":"keyDown","value":"î€‡"},{"type":"pause","duration":10},{"type":"keyUp","value":"î€‡"}]}]}
COMMAND: POST /session/a230b9fa5e58e47def27534e3d005bf9/element - {"using":"xpath","value":"//bdi[text()='Issue']"}
COMMAND: GET /session/a230b9fa5e58e47def27534e3d005bf9/screenshot - {}
RESULT: {}
RESULT: {"using":"xpath","value":"//bdi[text()='Issue']"}
COMMAND: GET /session/a230b9fa5e58e47def27534e3d005bf9/element/f.5A792F38359A1C743AD3061B3E5B94B4.d.0D78E41D12AB1DE6C437F6E42579B1F0.e.23408/enabled - {}
RESULT: {}
RESULT: {}
COMMAND: POST /session/a230b9fa5e58e47def27534e3d005bf9/execute/sync - {"script":"<script> [8489 bytes]","args":[{"element-6066-11e4-a52e-4f735466cecf":"f.5A792F38359A1C743AD3061B3E5B94B4.d.0D78E41D12AB1DE6C437F6E42579B1F0.e.23408","ELEMENT":"f.5A792F38359A1C743AD3061B3E5B94B4.d.0D78E41D12AB1DE6C437F6E42579B1F0.e.23408"}]}
COMMAND: GET /session/a230b9fa5e58e47def27534e3d005bf9/screenshot - {}
RESULT: {"script":"<script> [8489 bytes]","args":[{"element-6066-11e4-a52e-4f735466cecf":"f.5A792F38359A1C743AD3061B3E5B94B4.d.0D78E41D12AB1DE6C437F6E42579B1F0.e.23408","ELEMENT":"f.5A792F38359A1C743AD3061B3E5B94B4.d.0D78E41D12AB1DE6C437F6E42579B1F0.e.23408"}]}
COMMAND: POST /session/a230b9fa5e58e47def27534e3d005bf9/execute/sync - {"script":"<script> [5351 bytes]","args":[{"element-6066-11e4-a52e-4f735466cecf":"f.5A792F38359A1C743AD3061B3E5B94B4.d.0D78E41D12AB1DE6C437F6E42579B1F0.e.23408","ELEMENT":"f.5A792F38359A1C743AD3061B3E5B94B4.d.0D78E41D12AB1DE6C437F6E42579B1F0.e.23408"}]}
COMMAND: GET /session/a230b9fa5e58e47def27534e3d005bf9/screenshot - {}
RESULT: {}
RESULT: {"script":"<script> [5351 bytes]","args":[{"element-6066-11e4-a52e-4f735466cecf":"f.5A792F38359A1C743AD3061B3E5B94B4.d.0D78E41D12AB1DE6C437F6E42579B1F0.e.23408","ELEMENT":"f.5A792F38359A1C743AD3061B3E5B94B4.d.0D78E41D12AB1DE6C437F6E42579B1F0.e.23408"}]}
COMMAND: POST /session/a230b9fa5e58e47def27534e3d005bf9/element/f.5A792F38359A1C743AD3061B3E5B94B4.d.0D78E41D12AB1DE6C437F6E42579B1F0.e.23408/click - {}
COMMAND: GET /session/a230b9fa5e58e47def27534e3d005bf9/screenshot - {}
RESULT: {}
RESULT: {}
COMMAND: POST /session/a230b9fa5e58e47def27534e3d005bf9/element - {"using":"xpath","value":"//*[text()='Provide to site']"}
COMMAND: GET /session/a230b9fa5e58e47def27534e3d005bf9/screenshot - {}
RESULT: {}
RESULT: {"using":"xpath","value":"//*[text()='Provide to site']"}
COMMAND: POST /session/a230b9fa5e58e47def27534e3d005bf9/elements - {"using":"xpath","value":"//*[text()='Provide to site']"}
RESULT: {}
RESULT: {"using":"xpath","value":"//*[text()='Provide to site']"}
COMMAND: POST /session/a230b9fa5e58e47def27534e3d005bf9/elements - {"using":"xpath","value":"//*[text()='Provide to site']"}
RESULT: {"using":"xpath","value":"//*[text()='Provide to site']"}
COMMAND: POST /session/a230b9fa5e58e47def27534e3d005bf9/elements - {"using":"xpath","value":"//*[text()='Provide to site']"}
RESULT: {"using":"xpath","value":"//*[text()='Provide to site']"}
COMMAND: POST /session/a230b9fa5e58e47def27534e3d005bf9/elements - {"using":"xpath","value":"//*[text()='Provide to site']"}
RESULT: {"using":"xpath","value":"//*[text()='Provide to site']"}
COMMAND: POST /session/a230b9fa5e58e47def27534e3d005bf9/elements - {"using":"xpath","value":"//*[text()='Provide to site']"}
RESULT: {"using":"xpath","value":"//*[text()='Provide to site']"}
COMMAND: POST /session/a230b9fa5e58e47def27534e3d005bf9/elements - {"using":"xpath","value":"//*[text()='Provide to site']"}
RESULT: {"using":"xpath","value":"//*[text()='Provide to site']"}
COMMAND: POST /session/a230b9fa5e58e47def27534e3d005bf9/elements - {"using":"xpath","value":"//*[text()='Provide to site']"}
RESULT: {"using":"xpath","value":"//*[text()='Provide to site']"}
COMMAND: POST /session/a230b9fa5e58e47def27534e3d005bf9/elements - {"using":"xpath","value":"//*[text()='Provide to site']"}
RESULT: {"using":"xpath","value":"//*[text()='Provide to site']"}
COMMAND: POST /session/a230b9fa5e58e47def27534e3d005bf9/elements - {"using":"xpath","value":"//*[text()='Provide to site']"}
RESULT: {"using":"xpath","value":"//*[text()='Provide to site']"}
COMMAND: POST /session/a230b9fa5e58e47def27534e3d005bf9/elements - {"using":"xpath","value":"//*[text()='Provide to site']"}
RESULT: {"using":"xpath","value":"//*[text()='Provide to site']"}
COMMAND: POST /session/a230b9fa5e58e47def27534e3d005bf9/elements - {"using":"xpath","value":"//*[text()='Provide to site']"}
RESULT: {"using":"xpath","value":"//*[text()='Provide to site']"}
COMMAND: POST /session/a230b9fa5e58e47def27534e3d005bf9/elements - {"using":"xpath","value":"//*[text()='Provide to site']"}
RESULT: {"using":"xpath","value":"//*[text()='Provide to site']"}
COMMAND: POST /session/a230b9fa5e58e47def27534e3d005bf9/elements - {"using":"xpath","value":"//*[text()='Provide to site']"}
RESULT: {"using":"xpath","value":"//*[text()='Provide to site']"}
COMMAND: POST /session/a230b9fa5e58e47def27534e3d005bf9/elements - {"using":"xpath","value":"//*[text()='Provide to site']"}
RESULT: {"using":"xpath","value":"//*[text()='Provide to site']"}
COMMAND: POST /session/a230b9fa5e58e47def27534e3d005bf9/elements - {"using":"xpath","value":"//*[text()='Provide to site']"}
RESULT: {"using":"xpath","value":"//*[text()='Provide to site']"}
COMMAND: POST /session/a230b9fa5e58e47def27534e3d005bf9/elements - {"using":"xpath","value":"//*[text()='Provide to site']"}
RESULT: {"using":"xpath","value":"//*[text()='Provide to site']"}
COMMAND: POST /session/a230b9fa5e58e47def27534e3d005bf9/elements - {"using":"xpath","value":"//*[text()='Provide to site']"}
RESULT: {"using":"xpath","value":"//*[text()='Provide to site']"}
COMMAND: POST /session/a230b9fa5e58e47def27534e3d005bf9/elements - {"using":"xpath","value":"//*[text()='Provide to site']"}
RESULT: {"using":"xpath","value":"//*[text()='Provide to site']"}
COMMAND: POST /session/a230b9fa5e58e47def27534e3d005bf9/elements - {"using":"xpath","value":"//*[text()='Provide to site']"}
RESULT: {"using":"xpath","value":"//*[text()='Provide to site']"}
COMMAND: POST /session/a230b9fa5e58e47def27534e3d005bf9/elements - {"using":"xpath","value":"//*[text()='Provide to site']"}
RESULT: {"using":"xpath","value":"//*[text()='Provide to site']"}
COMMAND: POST /session/a230b9fa5e58e47def27534e3d005bf9/elements - {"using":"xpath","value":"//*[text()='Provide to site']"}
RESULT: {"using":"xpath","value":"//*[text()='Provide to site']"}
COMMAND: POST /session/a230b9fa5e58e47def27534e3d005bf9/elements - {"using":"xpath","value":"//*[text()='Provide to site']"}
RESULT: {"using":"xpath","value":"//*[text()='Provide to site']"}
COMMAND: POST /session/a230b9fa5e58e47def27534e3d005bf9/elements - {"using":"xpath","value":"//*[text()='Provide to site']"}
RESULT: {"using":"xpath","value":"//*[text()='Provide to site']"}
COMMAND: POST /session/a230b9fa5e58e47def27534e3d005bf9/elements - {"using":"xpath","value":"//*[text()='Provide to site']"}
RESULT: {"using":"xpath","value":"//*[text()='Provide to site']"}
COMMAND: POST /session/a230b9fa5e58e47def27534e3d005bf9/elements - {"using":"xpath","value":"//*[text()='Provide to site']"}
RESULT: {"using":"xpath","value":"//*[text()='Provide to site']"}
COMMAND: POST /session/a230b9fa5e58e47def27534e3d005bf9/elements - {"using":"xpath","value":"//*[text()='Provide to site']"}
RESULT: {"using":"xpath","value":"//*[text()='Provide to site']"}
COMMAND: POST /session/a230b9fa5e58e47def27534e3d005bf9/elements - {"using":"xpath","value":"//*[text()='Provide to site']"}
RESULT: {"using":"xpath","value":"//*[text()='Provide to site']"}
COMMAND: POST /session/a230b9fa5e58e47def27534e3d005bf9/elements - {"using":"xpath","value":"//*[text()='Provide to site']"}
RESULT: {"using":"xpath","value":"//*[text()='Provide to site']"}
COMMAND: POST /session/a230b9fa5e58e47def27534e3d005bf9/elements - {"using":"xpath","value":"//*[text()='Provide to site']"}
RESULT: {"using":"xpath","value":"//*[text()='Provide to site']"}
COMMAND: POST /session/a230b9fa5e58e47def27534e3d005bf9/elements - {"using":"xpath","value":"//*[text()='Provide to site']"}
RESULT: {"using":"xpath","value":"//*[text()='Provide to site']"}
COMMAND: POST /session/a230b9fa5e58e47def27534e3d005bf9/elements - {"using":"xpath","value":"//*[text()='Provide to site']"}
RESULT: {"using":"xpath","value":"//*[text()='Provide to site']"}
COMMAND: POST /session/a230b9fa5e58e47def27534e3d005bf9/elements - {"using":"xpath","value":"//*[text()='Provide to site']"}
RESULT: {"using":"xpath","value":"//*[text()='Provide to site']"}
COMMAND: POST /session/a230b9fa5e58e47def27534e3d005bf9/elements - {"using":"xpath","value":"//*[text()='Provide to site']"}
RESULT: {"using":"xpath","value":"//*[text()='Provide to site']"}
COMMAND: POST /session/a230b9fa5e58e47def27534e3d005bf9/elements - {"using":"xpath","value":"//*[text()='Provide to site']"}
RESULT: {"using":"xpath","value":"//*[text()='Provide to site']"}
COMMAND: POST /session/a230b9fa5e58e47def27534e3d005bf9/elements - {"using":"xpath","value":"//*[text()='Provide to site']"}
RESULT: {"using":"xpath","value":"//*[text()='Provide to site']"}
COMMAND: POST /session/a230b9fa5e58e47def27534e3d005bf9/elements - {"using":"xpath","value":"//*[text()='Provide to site']"}
RESULT: {"using":"xpath","value":"//*[text()='Provide to site']"}
COMMAND: POST /session/a230b9fa5e58e47def27534e3d005bf9/elements - {"using":"xpath","value":"//*[text()='Provide to site']"}
RESULT: {"using":"xpath","value":"//*[text()='Provide to site']"}
COMMAND: POST /session/a230b9fa5e58e47def27534e3d005bf9/elements - {"using":"xpath","value":"//*[text()='Provide to site']"}
RESULT: {"using":"xpath","value":"//*[text()='Provide to site']"}
COMMAND: POST /session/a230b9fa5e58e47def27534e3d005bf9/elements - {"using":"xpath","value":"//*[text()='Provide to site']"}
RESULT: {"using":"xpath","value":"//*[text()='Provide to site']"}
COMMAND: POST /session/a230b9fa5e58e47def27534e3d005bf9/elements - {"using":"xpath","value":"//*[text()='Provide to site']"}
RESULT: {"using":"xpath","value":"//*[text()='Provide to site']"}
COMMAND: POST /session/a230b9fa5e58e47def27534e3d005bf9/elements - {"using":"xpath","value":"//*[text()='Provide to site']"}
RESULT: {"using":"xpath","value":"//*[text()='Provide to site']"}
COMMAND: POST /session/a230b9fa5e58e47def27534e3d005bf9/elements - {"using":"xpath","value":"//*[text()='Provide to site']"}
RESULT: {"using":"xpath","value":"//*[text()='Provide to site']"}
COMMAND: POST /session/a230b9fa5e58e47def27534e3d005bf9/elements - {"using":"xpath","value":"//*[text()='Provide to site']"}
RESULT: {"using":"xpath","value":"//*[text()='Provide to site']"}
COMMAND: POST /session/a230b9fa5e58e47def27534e3d005bf9/elements - {"using":"xpath","value":"//*[text()='Provide to site']"}
RESULT: {"using":"xpath","value":"//*[text()='Provide to site']"}
COMMAND: POST /session/a230b9fa5e58e47def27534e3d005bf9/elements - {"using":"xpath","value":"//*[text()='Provide to site']"}
RESULT: {"using":"xpath","value":"//*[text()='Provide to site']"}
COMMAND: POST /session/a230b9fa5e58e47def27534e3d005bf9/elements - {"using":"xpath","value":"//*[text()='Provide to site']"}
RESULT: {"using":"xpath","value":"//*[text()='Provide to site']"}
COMMAND: POST /session/a230b9fa5e58e47def27534e3d005bf9/elements - {"using":"xpath","value":"//*[text()='Provide to site']"}
RESULT: {"using":"xpath","value":"//*[text()='Provide to site']"}
COMMAND: POST /session/a230b9fa5e58e47def27534e3d005bf9/elements - {"using":"xpath","value":"//*[text()='Provide to site']"}
RESULT: {"using":"xpath","value":"//*[text()='Provide to site']"}
COMMAND: POST /session/a230b9fa5e58e47def27534e3d005bf9/elements - {"using":"xpath","value":"//*[text()='Provide to site']"}
RESULT: {"using":"xpath","value":"//*[text()='Provide to site']"}
COMMAND: POST /session/a230b9fa5e58e47def27534e3d005bf9/elements - {"using":"xpath","value":"//*[text()='Provide to site']"}
RESULT: {"using":"xpath","value":"//*[text()='Provide to site']"}
COMMAND: POST /session/a230b9fa5e58e47def27534e3d005bf9/elements - {"using":"xpath","value":"//*[text()='Provide to site']"}
RESULT: {"using":"xpath","value":"//*[text()='Provide to site']"}
COMMAND: POST /session/a230b9fa5e58e47def27534e3d005bf9/elements - {"using":"xpath","value":"//*[text()='Provide to site']"}
RESULT: {"using":"xpath","value":"//*[text()='Provide to site']"}
COMMAND: POST /session/a230b9fa5e58e47def27534e3d005bf9/elements - {"using":"xpath","value":"//*[text()='Provide to site']"}
RESULT: {"using":"xpath","value":"//*[text()='Provide to site']"}
COMMAND: POST /session/a230b9fa5e58e47def27534e3d005bf9/elements - {"using":"xpath","value":"//*[text()='Provide to site']"}
RESULT: {"using":"xpath","value":"//*[text()='Provide to site']"}
COMMAND: POST /session/a230b9fa5e58e47def27534e3d005bf9/elements - {"using":"xpath","value":"//*[text()='Provide to site']"}
RESULT: {"using":"xpath","value":"//*[text()='Provide to site']"}
COMMAND: POST /session/a230b9fa5e58e47def27534e3d005bf9/elements - {"using":"xpath","value":"//*[text()='Provide to site']"}
RESULT: {"using":"xpath","value":"//*[text()='Provide to site']"}
COMMAND: POST /session/a230b9fa5e58e47def27534e3d005bf9/elements - {"using":"xpath","value":"//*[text()='Provide to site']"}
RESULT: {"using":"xpath","value":"//*[text()='Provide to site']"}
COMMAND: POST /session/a230b9fa5e58e47def27534e3d005bf9/elements - {"using":"xpath","value":"//*[text()='Provide to site']"}
RESULT: {"using":"xpath","value":"//*[text()='Provide to site']"}
COMMAND: POST /session/a230b9fa5e58e47def27534e3d005bf9/elements - {"using":"xpath","value":"//*[text()='Provide to site']"}
RESULT: {"using":"xpath","value":"//*[text()='Provide to site']"}
COMMAND: POST /session/a230b9fa5e58e47def27534e3d005bf9/elements - {"using":"xpath","value":"//*[text()='Provide to site']"}
RESULT: {"using":"xpath","value":"//*[text()='Provide to site']"}
COMMAND: POST /session/a230b9fa5e58e47def27534e3d005bf9/elements - {"using":"xpath","value":"//*[text()='Provide to site']"}
RESULT: {"using":"xpath","value":"//*[text()='Provide to site']"}
COMMAND: POST /session/a230b9fa5e58e47def27534e3d005bf9/elements - {"using":"xpath","value":"//*[text()='Provide to site']"}
RESULT: {"using":"xpath","value":"//*[text()='Provide to site']"}
COMMAND: POST /session/a230b9fa5e58e47def27534e3d005bf9/elements - {"using":"xpath","value":"//*[text()='Provide to site']"}
RESULT: {"using":"xpath","value":"//*[text()='Provide to site']"}
COMMAND: POST /session/a230b9fa5e58e47def27534e3d005bf9/elements - {"using":"xpath","value":"//*[text()='Provide to site']"}
RESULT: {"using":"xpath","value":"//*[text()='Provide to site']"}
COMMAND: POST /session/a230b9fa5e58e47def27534e3d005bf9/elements - {"using":"xpath","value":"//*[text()='Provide to site']"}
RESULT: {"using":"xpath","value":"//*[text()='Provide to site']"}
COMMAND: POST /session/a230b9fa5e58e47def27534e3d005bf9/elements - {"using":"xpath","value":"//*[text()='Provide to site']"}
RESULT: {"using":"xpath","value":"//*[text()='Provide to site']"}
COMMAND: POST /session/a230b9fa5e58e47def27534e3d005bf9/elements - {"using":"xpath","value":"//*[text()='Provide to site']"}
RESULT: {"using":"xpath","value":"//*[text()='Provide to site']"}
COMMAND: POST /session/a230b9fa5e58e47def27534e3d005bf9/elements - {"using":"xpath","value":"//*[text()='Provide to site']"}
RESULT: {"using":"xpath","value":"//*[text()='Provide to site']"}
COMMAND: POST /session/a230b9fa5e58e47def27534e3d005bf9/elements - {"using":"xpath","value":"//*[text()='Provide to site']"}
RESULT: {"using":"xpath","value":"//*[text()='Provide to site']"}
COMMAND: POST /session/a230b9fa5e58e47def27534e3d005bf9/elements - {"using":"xpath","value":"//*[text()='Provide to site']"}
RESULT: {"using":"xpath","value":"//*[text()='Provide to site']"}
COMMAND: POST /session/a230b9fa5e58e47def27534e3d005bf9/elements - {"using":"xpath","value":"//*[text()='Provide to site']"}
RESULT: {"using":"xpath","value":"//*[text()='Provide to site']"}
COMMAND: POST /session/a230b9fa5e58e47def27534e3d005bf9/elements - {"using":"xpath","value":"//*[text()='Provide to site']"}
RESULT: {"using":"xpath","value":"//*[text()='Provide to site']"}
COMMAND: POST /session/a230b9fa5e58e47def27534e3d005bf9/elements - {"using":"xpath","value":"//*[text()='Provide to site']"}
RESULT: {"using":"xpath","value":"//*[text()='Provide to site']"}
COMMAND: POST /session/a230b9fa5e58e47def27534e3d005bf9/elements - {"using":"xpath","value":"//*[text()='Provide to site']"}
RESULT: {"using":"xpath","value":"//*[text()='Provide to site']"}
COMMAND: POST /session/a230b9fa5e58e47def27534e3d005bf9/elements - {"using":"xpath","value":"//*[text()='Provide to site']"}
RESULT: {"using":"xpath","value":"//*[text()='Provide to site']"}
COMMAND: POST /session/a230b9fa5e58e47def27534e3d005bf9/elements - {"using":"xpath","value":"//*[text()='Provide to site']"}
RESULT: {"using":"xpath","value":"//*[text()='Provide to site']"}
COMMAND: POST /session/a230b9fa5e58e47def27534e3d005bf9/elements - {"using":"xpath","value":"//*[text()='Provide to site']"}
RESULT: {"using":"xpath","value":"//*[text()='Provide to site']"}
COMMAND: POST /session/a230b9fa5e58e47def27534e3d005bf9/elements - {"using":"xpath","value":"//*[text()='Provide to site']"}
RESULT: {"using":"xpath","value":"//*[text()='Provide to site']"}
COMMAND: POST /session/a230b9fa5e58e47def27534e3d005bf9/elements - {"using":"xpath","value":"//*[text()='Provide to site']"}
RESULT: {"using":"xpath","value":"//*[text()='Provide to site']"}
COMMAND: POST /session/a230b9fa5e58e47def27534e3d005bf9/elements - {"using":"xpath","value":"//*[text()='Provide to site']"}
RESULT: {"using":"xpath","value":"//*[text()='Provide to site']"}
COMMAND: POST /session/a230b9fa5e58e47def27534e3d005bf9/elements - {"using":"xpath","value":"//*[text()='Provide to site']"}
RESULT: {"using":"xpath","value":"//*[text()='Provide to site']"}
COMMAND: POST /session/a230b9fa5e58e47def27534e3d005bf9/elements - {"using":"xpath","value":"//*[text()='Provide to site']"}
RESULT: {"using":"xpath","value":"//*[text()='Provide to site']"}
COMMAND: POST /session/a230b9fa5e58e47def27534e3d005bf9/elements - {"using":"xpath","value":"//*[text()='Provide to site']"}
RESULT: {"using":"xpath","value":"//*[text()='Provide to site']"}
COMMAND: POST /session/a230b9fa5e58e47def27534e3d005bf9/elements - {"using":"xpath","value":"//*[text()='Provide to site']"}
RESULT: {"using":"xpath","value":"//*[text()='Provide to site']"}
COMMAND: POST /session/a230b9fa5e58e47def27534e3d005bf9/elements - {"using":"xpath","value":"//*[text()='Provide to site']"}
RESULT: {"using":"xpath","value":"//*[text()='Provide to site']"}
COMMAND: POST /session/a230b9fa5e58e47def27534e3d005bf9/elements - {"using":"xpath","value":"//*[text()='Provide to site']"}
RESULT: {"using":"xpath","value":"//*[text()='Provide to site']"}
COMMAND: POST /session/a230b9fa5e58e47def27534e3d005bf9/elements - {"using":"xpath","value":"//*[text()='Provide to site']"}
RESULT: {"using":"xpath","value":"//*[text()='Provide to site']"}
COMMAND: POST /session/a230b9fa5e58e47def27534e3d005bf9/elements - {"using":"xpath","value":"//*[text()='Provide to site']"}
RESULT: {"using":"xpath","value":"//*[text()='Provide to site']"}
COMMAND: POST /session/a230b9fa5e58e47def27534e3d005bf9/elements - {"using":"xpath","value":"//*[text()='Provide to site']"}
RESULT: {"using":"xpath","value":"//*[text()='Provide to site']"}
COMMAND: POST /session/a230b9fa5e58e47def27534e3d005bf9/elements - {"using":"xpath","value":"//*[text()='Provide to site']"}
RESULT: {"using":"xpath","value":"//*[text()='Provide to site']"}
COMMAND: POST /session/a230b9fa5e58e47def27534e3d005bf9/elements - {"using":"xpath","value":"//*[text()='Provide to site']"}
COMMAND: POST /session/a230b9fa5e58e47def27534e3d005bf9/elements - {"using":"xpath","value":"//*[text()='provide (received)']"}
RESULT: {"using":"xpath","value":"//*[text()='Provide to site']"}
RESULT: {"using":"xpath","value":"//*[text()='provide (received)']"}
]]></system-out>
    </testcase>
    <testcase classname="chrome.135_0_7049_96.windows.Provide_to_Site_w/o_warehouse_management_wo_clarification" name="Should Test for Handover Execution" time="252.473">
      <system-out><![CDATA[
COMMAND: POST /session/a230b9fa5e58e47def27534e3d005bf9/element - {"using":"xpath","value":"//*[text()='false']"}
RESULT: {"using":"xpath","value":"//*[text()='false']"}
COMMAND: GET /session/a230b9fa5e58e47def27534e3d005bf9/element/f.5A792F38359A1C743AD3061B3E5B94B4.d.0D78E41D12AB1DE6C437F6E42579B1F0.e.23442/enabled - {}
RESULT: {}
COMMAND: POST /session/a230b9fa5e58e47def27534e3d005bf9/execute/sync - {"script":"<script> [8489 bytes]","args":[{"element-6066-11e4-a52e-4f735466cecf":"f.5A792F38359A1C743AD3061B3E5B94B4.d.0D78E41D12AB1DE6C437F6E42579B1F0.e.23442","ELEMENT":"f.5A792F38359A1C743AD3061B3E5B94B4.d.0D78E41D12AB1DE6C437F6E42579B1F0.e.23442"}]}
COMMAND: GET /session/a230b9fa5e58e47def27534e3d005bf9/screenshot - {}
RESULT: {"script":"<script> [8489 bytes]","args":[{"element-6066-11e4-a52e-4f735466cecf":"f.5A792F38359A1C743AD3061B3E5B94B4.d.0D78E41D12AB1DE6C437F6E42579B1F0.e.23442","ELEMENT":"f.5A792F38359A1C743AD3061B3E5B94B4.d.0D78E41D12AB1DE6C437F6E42579B1F0.e.23442"}]}
COMMAND: POST /session/a230b9fa5e58e47def27534e3d005bf9/execute/sync - {"script":"<script> [5351 bytes]","args":[{"element-6066-11e4-a52e-4f735466cecf":"f.5A792F38359A1C743AD3061B3E5B94B4.d.0D78E41D12AB1DE6C437F6E42579B1F0.e.23442","ELEMENT":"f.5A792F38359A1C743AD3061B3E5B94B4.d.0D78E41D12AB1DE6C437F6E42579B1F0.e.23442"}]}
COMMAND: GET /session/a230b9fa5e58e47def27534e3d005bf9/screenshot - {}
RESULT: {}
RESULT: {"script":"<script> [5351 bytes]","args":[{"element-6066-11e4-a52e-4f735466cecf":"f.5A792F38359A1C743AD3061B3E5B94B4.d.0D78E41D12AB1DE6C437F6E42579B1F0.e.23442","ELEMENT":"f.5A792F38359A1C743AD3061B3E5B94B4.d.0D78E41D12AB1DE6C437F6E42579B1F0.e.23442"}]}
COMMAND: POST /session/a230b9fa5e58e47def27534e3d005bf9/element/f.5A792F38359A1C743AD3061B3E5B94B4.d.0D78E41D12AB1DE6C437F6E42579B1F0.e.23442/click - {}
COMMAND: GET /session/a230b9fa5e58e47def27534e3d005bf9/screenshot - {}
RESULT: {}
RESULT: {}
COMMAND: POST /session/a230b9fa5e58e47def27534e3d005bf9/element - {"using":"xpath","value":"//span[text()='Provide to site - Completed']"}
COMMAND: GET /session/a230b9fa5e58e47def27534e3d005bf9/screenshot - {}
RESULT: {}
RESULT: {"using":"xpath","value":"//span[text()='Provide to site - Completed']"}
COMMAND: POST /session/a230b9fa5e58e47def27534e3d005bf9/elements - {"using":"xpath","value":"//span[text()='Provide to site - Completed']"}
RESULT: {}
RESULT: {"using":"xpath","value":"//span[text()='Provide to site - Completed']"}
COMMAND: POST /session/a230b9fa5e58e47def27534e3d005bf9/elements - {"using":"xpath","value":"//span[text()='Provide to site - Completed']"}
RESULT: {"using":"xpath","value":"//span[text()='Provide to site - Completed']"}
COMMAND: POST /session/a230b9fa5e58e47def27534e3d005bf9/elements - {"using":"xpath","value":"//span[text()='Provide to site - Completed']"}
RESULT: {"using":"xpath","value":"//span[text()='Provide to site - Completed']"}
COMMAND: POST /session/a230b9fa5e58e47def27534e3d005bf9/elements - {"using":"xpath","value":"//span[text()='Provide to site - Completed']"}
RESULT: {"using":"xpath","value":"//span[text()='Provide to site - Completed']"}
COMMAND: POST /session/a230b9fa5e58e47def27534e3d005bf9/elements - {"using":"xpath","value":"//span[text()='Provide to site - Completed']"}
RESULT: {"using":"xpath","value":"//span[text()='Provide to site - Completed']"}
COMMAND: POST /session/a230b9fa5e58e47def27534e3d005bf9/elements - {"using":"xpath","value":"//span[text()='Provide to site - Completed']"}
RESULT: {"using":"xpath","value":"//span[text()='Provide to site - Completed']"}
COMMAND: POST /session/a230b9fa5e58e47def27534e3d005bf9/elements - {"using":"xpath","value":"//span[text()='Provide to site - Completed']"}
RESULT: {"using":"xpath","value":"//span[text()='Provide to site - Completed']"}
COMMAND: POST /session/a230b9fa5e58e47def27534e3d005bf9/element - {"using":"xpath","value":"//span[text()='Provide to site - Completed']"}
RESULT: {"using":"xpath","value":"//span[text()='Provide to site - Completed']"}
COMMAND: GET /session/a230b9fa5e58e47def27534e3d005bf9/element/f.5A792F38359A1C743AD3061B3E5B94B4.d.0D78E41D12AB1DE6C437F6E42579B1F0.e.23482/enabled - {}
RESULT: {}
COMMAND: POST /session/a230b9fa5e58e47def27534e3d005bf9/execute/sync - {"script":"<script> [8489 bytes]","args":[{"element-6066-11e4-a52e-4f735466cecf":"f.5A792F38359A1C743AD3061B3E5B94B4.d.0D78E41D12AB1DE6C437F6E42579B1F0.e.23482","ELEMENT":"f.5A792F38359A1C743AD3061B3E5B94B4.d.0D78E41D12AB1DE6C437F6E42579B1F0.e.23482"}]}
COMMAND: GET /session/a230b9fa5e58e47def27534e3d005bf9/screenshot - {}
RESULT: {"script":"<script> [8489 bytes]","args":[{"element-6066-11e4-a52e-4f735466cecf":"f.5A792F38359A1C743AD3061B3E5B94B4.d.0D78E41D12AB1DE6C437F6E42579B1F0.e.23482","ELEMENT":"f.5A792F38359A1C743AD3061B3E5B94B4.d.0D78E41D12AB1DE6C437F6E42579B1F0.e.23482"}]}
COMMAND: GET /session/a230b9fa5e58e47def27534e3d005bf9/screenshot - {}
RESULT: {}
COMMAND: POST /session/a230b9fa5e58e47def27534e3d005bf9/execute/sync - {"script":"<script> [8489 bytes]","args":[{"element-6066-11e4-a52e-4f735466cecf":"f.5A792F38359A1C743AD3061B3E5B94B4.d.0D78E41D12AB1DE6C437F6E42579B1F0.e.23482","ELEMENT":"f.5A792F38359A1C743AD3061B3E5B94B4.d.0D78E41D12AB1DE6C437F6E42579B1F0.e.23482"}]}
RESULT: {}
RESULT: {"script":"<script> [8489 bytes]","args":[{"element-6066-11e4-a52e-4f735466cecf":"f.5A792F38359A1C743AD3061B3E5B94B4.d.0D78E41D12AB1DE6C437F6E42579B1F0.e.23482","ELEMENT":"f.5A792F38359A1C743AD3061B3E5B94B4.d.0D78E41D12AB1DE6C437F6E42579B1F0.e.23482"}]}
COMMAND: GET /session/a230b9fa5e58e47def27534e3d005bf9/screenshot - {}
RESULT: {}
COMMAND: POST /session/a230b9fa5e58e47def27534e3d005bf9/execute/sync - {"script":"<script> [8489 bytes]","args":[{"element-6066-11e4-a52e-4f735466cecf":"f.5A792F38359A1C743AD3061B3E5B94B4.d.0D78E41D12AB1DE6C437F6E42579B1F0.e.23482","ELEMENT":"f.5A792F38359A1C743AD3061B3E5B94B4.d.0D78E41D12AB1DE6C437F6E42579B1F0.e.23482"}]}
RESULT: {"script":"<script> [8489 bytes]","args":[{"element-6066-11e4-a52e-4f735466cecf":"f.5A792F38359A1C743AD3061B3E5B94B4.d.0D78E41D12AB1DE6C437F6E42579B1F0.e.23482","ELEMENT":"f.5A792F38359A1C743AD3061B3E5B94B4.d.0D78E41D12AB1DE6C437F6E42579B1F0.e.23482"}]}
COMMAND: GET /session/a230b9fa5e58e47def27534e3d005bf9/screenshot - {}
RESULT: {}
COMMAND: POST /session/a230b9fa5e58e47def27534e3d005bf9/execute/sync - {"script":"<script> [8489 bytes]","args":[{"element-6066-11e4-a52e-4f735466cecf":"f.5A792F38359A1C743AD3061B3E5B94B4.d.0D78E41D12AB1DE6C437F6E42579B1F0.e.23482","ELEMENT":"f.5A792F38359A1C743AD3061B3E5B94B4.d.0D78E41D12AB1DE6C437F6E42579B1F0.e.23482"}]}
RESULT: {"script":"<script> [8489 bytes]","args":[{"element-6066-11e4-a52e-4f735466cecf":"f.5A792F38359A1C743AD3061B3E5B94B4.d.0D78E41D12AB1DE6C437F6E42579B1F0.e.23482","ELEMENT":"f.5A792F38359A1C743AD3061B3E5B94B4.d.0D78E41D12AB1DE6C437F6E42579B1F0.e.23482"}]}
COMMAND: GET /session/a230b9fa5e58e47def27534e3d005bf9/screenshot - {}
RESULT: {}
COMMAND: POST /session/a230b9fa5e58e47def27534e3d005bf9/execute/sync - {"script":"<script> [8489 bytes]","args":[{"element-6066-11e4-a52e-4f735466cecf":"f.5A792F38359A1C743AD3061B3E5B94B4.d.0D78E41D12AB1DE6C437F6E42579B1F0.e.23482","ELEMENT":"f.5A792F38359A1C743AD3061B3E5B94B4.d.0D78E41D12AB1DE6C437F6E42579B1F0.e.23482"}]}
RESULT: {"script":"<script> [8489 bytes]","args":[{"element-6066-11e4-a52e-4f735466cecf":"f.5A792F38359A1C743AD3061B3E5B94B4.d.0D78E41D12AB1DE6C437F6E42579B1F0.e.23482","ELEMENT":"f.5A792F38359A1C743AD3061B3E5B94B4.d.0D78E41D12AB1DE6C437F6E42579B1F0.e.23482"}]}
COMMAND: GET /session/a230b9fa5e58e47def27534e3d005bf9/screenshot - {}
RESULT: {}
COMMAND: POST /session/a230b9fa5e58e47def27534e3d005bf9/execute/sync - {"script":"<script> [8489 bytes]","args":[{"element-6066-11e4-a52e-4f735466cecf":"f.5A792F38359A1C743AD3061B3E5B94B4.d.0D78E41D12AB1DE6C437F6E42579B1F0.e.23482","ELEMENT":"f.5A792F38359A1C743AD3061B3E5B94B4.d.0D78E41D12AB1DE6C437F6E42579B1F0.e.23482"}]}
RESULT: {"script":"<script> [8489 bytes]","args":[{"element-6066-11e4-a52e-4f735466cecf":"f.5A792F38359A1C743AD3061B3E5B94B4.d.0D78E41D12AB1DE6C437F6E42579B1F0.e.23482","ELEMENT":"f.5A792F38359A1C743AD3061B3E5B94B4.d.0D78E41D12AB1DE6C437F6E42579B1F0.e.23482"}]}
COMMAND: GET /session/a230b9fa5e58e47def27534e3d005bf9/screenshot - {}
RESULT: {}
COMMAND: POST /session/a230b9fa5e58e47def27534e3d005bf9/execute/sync - {"script":"<script> [8489 bytes]","args":[{"element-6066-11e4-a52e-4f735466cecf":"f.5A792F38359A1C743AD3061B3E5B94B4.d.0D78E41D12AB1DE6C437F6E42579B1F0.e.23482","ELEMENT":"f.5A792F38359A1C743AD3061B3E5B94B4.d.0D78E41D12AB1DE6C437F6E42579B1F0.e.23482"}]}
RESULT: {"script":"<script> [8489 bytes]","args":[{"element-6066-11e4-a52e-4f735466cecf":"f.5A792F38359A1C743AD3061B3E5B94B4.d.0D78E41D12AB1DE6C437F6E42579B1F0.e.23482","ELEMENT":"f.5A792F38359A1C743AD3061B3E5B94B4.d.0D78E41D12AB1DE6C437F6E42579B1F0.e.23482"}]}
COMMAND: GET /session/a230b9fa5e58e47def27534e3d005bf9/screenshot - {}
RESULT: {}
COMMAND: POST /session/a230b9fa5e58e47def27534e3d005bf9/execute/sync - {"script":"<script> [8489 bytes]","args":[{"element-6066-11e4-a52e-4f735466cecf":"f.5A792F38359A1C743AD3061B3E5B94B4.d.0D78E41D12AB1DE6C437F6E42579B1F0.e.23482","ELEMENT":"f.5A792F38359A1C743AD3061B3E5B94B4.d.0D78E41D12AB1DE6C437F6E42579B1F0.e.23482"}]}
RESULT: {"script":"<script> [8489 bytes]","args":[{"element-6066-11e4-a52e-4f735466cecf":"f.5A792F38359A1C743AD3061B3E5B94B4.d.0D78E41D12AB1DE6C437F6E42579B1F0.e.23482","ELEMENT":"f.5A792F38359A1C743AD3061B3E5B94B4.d.0D78E41D12AB1DE6C437F6E42579B1F0.e.23482"}]}
COMMAND: GET /session/a230b9fa5e58e47def27534e3d005bf9/screenshot - {}
RESULT: {}
COMMAND: POST /session/a230b9fa5e58e47def27534e3d005bf9/execute/sync - {"script":"<script> [8489 bytes]","args":[{"element-6066-11e4-a52e-4f735466cecf":"f.5A792F38359A1C743AD3061B3E5B94B4.d.0D78E41D12AB1DE6C437F6E42579B1F0.e.23482","ELEMENT":"f.5A792F38359A1C743AD3061B3E5B94B4.d.0D78E41D12AB1DE6C437F6E42579B1F0.e.23482"}]}
RESULT: {"script":"<script> [8489 bytes]","args":[{"element-6066-11e4-a52e-4f735466cecf":"f.5A792F38359A1C743AD3061B3E5B94B4.d.0D78E41D12AB1DE6C437F6E42579B1F0.e.23482","ELEMENT":"f.5A792F38359A1C743AD3061B3E5B94B4.d.0D78E41D12AB1DE6C437F6E42579B1F0.e.23482"}]}
COMMAND: GET /session/a230b9fa5e58e47def27534e3d005bf9/screenshot - {}
RESULT: {}
COMMAND: POST /session/a230b9fa5e58e47def27534e3d005bf9/execute/sync - {"script":"<script> [8489 bytes]","args":[{"element-6066-11e4-a52e-4f735466cecf":"f.5A792F38359A1C743AD3061B3E5B94B4.d.0D78E41D12AB1DE6C437F6E42579B1F0.e.23482","ELEMENT":"f.5A792F38359A1C743AD3061B3E5B94B4.d.0D78E41D12AB1DE6C437F6E42579B1F0.e.23482"}]}
RESULT: {"script":"<script> [8489 bytes]","args":[{"element-6066-11e4-a52e-4f735466cecf":"f.5A792F38359A1C743AD3061B3E5B94B4.d.0D78E41D12AB1DE6C437F6E42579B1F0.e.23482","ELEMENT":"f.5A792F38359A1C743AD3061B3E5B94B4.d.0D78E41D12AB1DE6C437F6E42579B1F0.e.23482"}]}
COMMAND: GET /session/a230b9fa5e58e47def27534e3d005bf9/screenshot - {}
RESULT: {}
COMMAND: POST /session/a230b9fa5e58e47def27534e3d005bf9/execute/sync - {"script":"<script> [8489 bytes]","args":[{"element-6066-11e4-a52e-4f735466cecf":"f.5A792F38359A1C743AD3061B3E5B94B4.d.0D78E41D12AB1DE6C437F6E42579B1F0.e.23482","ELEMENT":"f.5A792F38359A1C743AD3061B3E5B94B4.d.0D78E41D12AB1DE6C437F6E42579B1F0.e.23482"}]}
RESULT: {"script":"<script> [8489 bytes]","args":[{"element-6066-11e4-a52e-4f735466cecf":"f.5A792F38359A1C743AD3061B3E5B94B4.d.0D78E41D12AB1DE6C437F6E42579B1F0.e.23482","ELEMENT":"f.5A792F38359A1C743AD3061B3E5B94B4.d.0D78E41D12AB1DE6C437F6E42579B1F0.e.23482"}]}
COMMAND: GET /session/a230b9fa5e58e47def27534e3d005bf9/screenshot - {}
RESULT: {}
COMMAND: POST /session/a230b9fa5e58e47def27534e3d005bf9/execute/sync - {"script":"<script> [8489 bytes]","args":[{"element-6066-11e4-a52e-4f735466cecf":"f.5A792F38359A1C743AD3061B3E5B94B4.d.0D78E41D12AB1DE6C437F6E42579B1F0.e.23482","ELEMENT":"f.5A792F38359A1C743AD3061B3E5B94B4.d.0D78E41D12AB1DE6C437F6E42579B1F0.e.23482"}]}
RESULT: {"script":"<script> [8489 bytes]","args":[{"element-6066-11e4-a52e-4f735466cecf":"f.5A792F38359A1C743AD3061B3E5B94B4.d.0D78E41D12AB1DE6C437F6E42579B1F0.e.23482","ELEMENT":"f.5A792F38359A1C743AD3061B3E5B94B4.d.0D78E41D12AB1DE6C437F6E42579B1F0.e.23482"}]}
COMMAND: GET /session/a230b9fa5e58e47def27534e3d005bf9/screenshot - {}
RESULT: {}
COMMAND: POST /session/a230b9fa5e58e47def27534e3d005bf9/execute/sync - {"script":"<script> [8489 bytes]","args":[{"element-6066-11e4-a52e-4f735466cecf":"f.5A792F38359A1C743AD3061B3E5B94B4.d.0D78E41D12AB1DE6C437F6E42579B1F0.e.23482","ELEMENT":"f.5A792F38359A1C743AD3061B3E5B94B4.d.0D78E41D12AB1DE6C437F6E42579B1F0.e.23482"}]}
RESULT: {"script":"<script> [8489 bytes]","args":[{"element-6066-11e4-a52e-4f735466cecf":"f.5A792F38359A1C743AD3061B3E5B94B4.d.0D78E41D12AB1DE6C437F6E42579B1F0.e.23482","ELEMENT":"f.5A792F38359A1C743AD3061B3E5B94B4.d.0D78E41D12AB1DE6C437F6E42579B1F0.e.23482"}]}
COMMAND: GET /session/a230b9fa5e58e47def27534e3d005bf9/screenshot - {}
RESULT: {}
COMMAND: POST /session/a230b9fa5e58e47def27534e3d005bf9/execute/sync - {"script":"<script> [8489 bytes]","args":[{"element-6066-11e4-a52e-4f735466cecf":"f.5A792F38359A1C743AD3061B3E5B94B4.d.0D78E41D12AB1DE6C437F6E42579B1F0.e.23482","ELEMENT":"f.5A792F38359A1C743AD3061B3E5B94B4.d.0D78E41D12AB1DE6C437F6E42579B1F0.e.23482"}]}
RESULT: {"script":"<script> [8489 bytes]","args":[{"element-6066-11e4-a52e-4f735466cecf":"f.5A792F38359A1C743AD3061B3E5B94B4.d.0D78E41D12AB1DE6C437F6E42579B1F0.e.23482","ELEMENT":"f.5A792F38359A1C743AD3061B3E5B94B4.d.0D78E41D12AB1DE6C437F6E42579B1F0.e.23482"}]}
COMMAND: GET /session/a230b9fa5e58e47def27534e3d005bf9/screenshot - {}
RESULT: {}
COMMAND: POST /session/a230b9fa5e58e47def27534e3d005bf9/execute/sync - {"script":"<script> [8489 bytes]","args":[{"element-6066-11e4-a52e-4f735466cecf":"f.5A792F38359A1C743AD3061B3E5B94B4.d.0D78E41D12AB1DE6C437F6E42579B1F0.e.23482","ELEMENT":"f.5A792F38359A1C743AD3061B3E5B94B4.d.0D78E41D12AB1DE6C437F6E42579B1F0.e.23482"}]}
RESULT: {"script":"<script> [8489 bytes]","args":[{"element-6066-11e4-a52e-4f735466cecf":"f.5A792F38359A1C743AD3061B3E5B94B4.d.0D78E41D12AB1DE6C437F6E42579B1F0.e.23482","ELEMENT":"f.5A792F38359A1C743AD3061B3E5B94B4.d.0D78E41D12AB1DE6C437F6E42579B1F0.e.23482"}]}
COMMAND: GET /session/a230b9fa5e58e47def27534e3d005bf9/screenshot - {}
RESULT: {}
COMMAND: POST /session/a230b9fa5e58e47def27534e3d005bf9/execute/sync - {"script":"<script> [8489 bytes]","args":[{"element-6066-11e4-a52e-4f735466cecf":"f.5A792F38359A1C743AD3061B3E5B94B4.d.0D78E41D12AB1DE6C437F6E42579B1F0.e.23482","ELEMENT":"f.5A792F38359A1C743AD3061B3E5B94B4.d.0D78E41D12AB1DE6C437F6E42579B1F0.e.23482"}]}
RESULT: {"script":"<script> [8489 bytes]","args":[{"element-6066-11e4-a52e-4f735466cecf":"f.5A792F38359A1C743AD3061B3E5B94B4.d.0D78E41D12AB1DE6C437F6E42579B1F0.e.23482","ELEMENT":"f.5A792F38359A1C743AD3061B3E5B94B4.d.0D78E41D12AB1DE6C437F6E42579B1F0.e.23482"}]}
COMMAND: GET /session/a230b9fa5e58e47def27534e3d005bf9/screenshot - {}
RESULT: {}
COMMAND: POST /session/a230b9fa5e58e47def27534e3d005bf9/execute/sync - {"script":"<script> [8489 bytes]","args":[{"element-6066-11e4-a52e-4f735466cecf":"f.5A792F38359A1C743AD3061B3E5B94B4.d.0D78E41D12AB1DE6C437F6E42579B1F0.e.23482","ELEMENT":"f.5A792F38359A1C743AD3061B3E5B94B4.d.0D78E41D12AB1DE6C437F6E42579B1F0.e.23482"}]}
RESULT: {"script":"<script> [8489 bytes]","args":[{"element-6066-11e4-a52e-4f735466cecf":"f.5A792F38359A1C743AD3061B3E5B94B4.d.0D78E41D12AB1DE6C437F6E42579B1F0.e.23482","ELEMENT":"f.5A792F38359A1C743AD3061B3E5B94B4.d.0D78E41D12AB1DE6C437F6E42579B1F0.e.23482"}]}
COMMAND: GET /session/a230b9fa5e58e47def27534e3d005bf9/screenshot - {}
RESULT: {}
COMMAND: POST /session/a230b9fa5e58e47def27534e3d005bf9/execute/sync - {"script":"<script> [8489 bytes]","args":[{"element-6066-11e4-a52e-4f735466cecf":"f.5A792F38359A1C743AD3061B3E5B94B4.d.0D78E41D12AB1DE6C437F6E42579B1F0.e.23482","ELEMENT":"f.5A792F38359A1C743AD3061B3E5B94B4.d.0D78E41D12AB1DE6C437F6E42579B1F0.e.23482"}]}
RESULT: {"script":"<script> [8489 bytes]","args":[{"element-6066-11e4-a52e-4f735466cecf":"f.5A792F38359A1C743AD3061B3E5B94B4.d.0D78E41D12AB1DE6C437F6E42579B1F0.e.23482","ELEMENT":"f.5A792F38359A1C743AD3061B3E5B94B4.d.0D78E41D12AB1DE6C437F6E42579B1F0.e.23482"}]}
COMMAND: GET /session/a230b9fa5e58e47def27534e3d005bf9/screenshot - {}
RESULT: {}
COMMAND: POST /session/a230b9fa5e58e47def27534e3d005bf9/execute/sync - {"script":"<script> [8489 bytes]","args":[{"element-6066-11e4-a52e-4f735466cecf":"f.5A792F38359A1C743AD3061B3E5B94B4.d.0D78E41D12AB1DE6C437F6E42579B1F0.e.23482","ELEMENT":"f.5A792F38359A1C743AD3061B3E5B94B4.d.0D78E41D12AB1DE6C437F6E42579B1F0.e.23482"}]}
RESULT: {"script":"<script> [8489 bytes]","args":[{"element-6066-11e4-a52e-4f735466cecf":"f.5A792F38359A1C743AD3061B3E5B94B4.d.0D78E41D12AB1DE6C437F6E42579B1F0.e.23482","ELEMENT":"f.5A792F38359A1C743AD3061B3E5B94B4.d.0D78E41D12AB1DE6C437F6E42579B1F0.e.23482"}]}
COMMAND: GET /session/a230b9fa5e58e47def27534e3d005bf9/screenshot - {}
RESULT: {}
COMMAND: POST /session/a230b9fa5e58e47def27534e3d005bf9/execute/sync - {"script":"<script> [8489 bytes]","args":[{"element-6066-11e4-a52e-4f735466cecf":"f.5A792F38359A1C743AD3061B3E5B94B4.d.0D78E41D12AB1DE6C437F6E42579B1F0.e.23482","ELEMENT":"f.5A792F38359A1C743AD3061B3E5B94B4.d.0D78E41D12AB1DE6C437F6E42579B1F0.e.23482"}]}
RESULT: {"script":"<script> [8489 bytes]","args":[{"element-6066-11e4-a52e-4f735466cecf":"f.5A792F38359A1C743AD3061B3E5B94B4.d.0D78E41D12AB1DE6C437F6E42579B1F0.e.23482","ELEMENT":"f.5A792F38359A1C743AD3061B3E5B94B4.d.0D78E41D12AB1DE6C437F6E42579B1F0.e.23482"}]}
COMMAND: GET /session/a230b9fa5e58e47def27534e3d005bf9/screenshot - {}
RESULT: {}
COMMAND: POST /session/a230b9fa5e58e47def27534e3d005bf9/execute/sync - {"script":"<script> [8489 bytes]","args":[{"element-6066-11e4-a52e-4f735466cecf":"f.5A792F38359A1C743AD3061B3E5B94B4.d.0D78E41D12AB1DE6C437F6E42579B1F0.e.23482","ELEMENT":"f.5A792F38359A1C743AD3061B3E5B94B4.d.0D78E41D12AB1DE6C437F6E42579B1F0.e.23482"}]}
RESULT: {"script":"<script> [8489 bytes]","args":[{"element-6066-11e4-a52e-4f735466cecf":"f.5A792F38359A1C743AD3061B3E5B94B4.d.0D78E41D12AB1DE6C437F6E42579B1F0.e.23482","ELEMENT":"f.5A792F38359A1C743AD3061B3E5B94B4.d.0D78E41D12AB1DE6C437F6E42579B1F0.e.23482"}]}
COMMAND: GET /session/a230b9fa5e58e47def27534e3d005bf9/screenshot - {}
RESULT: {}
COMMAND: POST /session/a230b9fa5e58e47def27534e3d005bf9/execute/sync - {"script":"<script> [8489 bytes]","args":[{"element-6066-11e4-a52e-4f735466cecf":"f.5A792F38359A1C743AD3061B3E5B94B4.d.0D78E41D12AB1DE6C437F6E42579B1F0.e.23482","ELEMENT":"f.5A792F38359A1C743AD3061B3E5B94B4.d.0D78E41D12AB1DE6C437F6E42579B1F0.e.23482"}]}
RESULT: {"script":"<script> [8489 bytes]","args":[{"element-6066-11e4-a52e-4f735466cecf":"f.5A792F38359A1C743AD3061B3E5B94B4.d.0D78E41D12AB1DE6C437F6E42579B1F0.e.23482","ELEMENT":"f.5A792F38359A1C743AD3061B3E5B94B4.d.0D78E41D12AB1DE6C437F6E42579B1F0.e.23482"}]}
COMMAND: GET /session/a230b9fa5e58e47def27534e3d005bf9/screenshot - {}
RESULT: {}
COMMAND: POST /session/a230b9fa5e58e47def27534e3d005bf9/execute/sync - {"script":"<script> [8489 bytes]","args":[{"element-6066-11e4-a52e-4f735466cecf":"f.5A792F38359A1C743AD3061B3E5B94B4.d.0D78E41D12AB1DE6C437F6E42579B1F0.e.23482","ELEMENT":"f.5A792F38359A1C743AD3061B3E5B94B4.d.0D78E41D12AB1DE6C437F6E42579B1F0.e.23482"}]}
RESULT: {"script":"<script> [8489 bytes]","args":[{"element-6066-11e4-a52e-4f735466cecf":"f.5A792F38359A1C743AD3061B3E5B94B4.d.0D78E41D12AB1DE6C437F6E42579B1F0.e.23482","ELEMENT":"f.5A792F38359A1C743AD3061B3E5B94B4.d.0D78E41D12AB1DE6C437F6E42579B1F0.e.23482"}]}
COMMAND: GET /session/a230b9fa5e58e47def27534e3d005bf9/screenshot - {}
RESULT: {}
COMMAND: POST /session/a230b9fa5e58e47def27534e3d005bf9/execute/sync - {"script":"<script> [8489 bytes]","args":[{"element-6066-11e4-a52e-4f735466cecf":"f.5A792F38359A1C743AD3061B3E5B94B4.d.0D78E41D12AB1DE6C437F6E42579B1F0.e.23482","ELEMENT":"f.5A792F38359A1C743AD3061B3E5B94B4.d.0D78E41D12AB1DE6C437F6E42579B1F0.e.23482"}]}
RESULT: {"script":"<script> [8489 bytes]","args":[{"element-6066-11e4-a52e-4f735466cecf":"f.5A792F38359A1C743AD3061B3E5B94B4.d.0D78E41D12AB1DE6C437F6E42579B1F0.e.23482","ELEMENT":"f.5A792F38359A1C743AD3061B3E5B94B4.d.0D78E41D12AB1DE6C437F6E42579B1F0.e.23482"}]}
COMMAND: GET /session/a230b9fa5e58e47def27534e3d005bf9/screenshot - {}
RESULT: {}
COMMAND: POST /session/a230b9fa5e58e47def27534e3d005bf9/execute/sync - {"script":"<script> [8489 bytes]","args":[{"element-6066-11e4-a52e-4f735466cecf":"f.5A792F38359A1C743AD3061B3E5B94B4.d.0D78E41D12AB1DE6C437F6E42579B1F0.e.23482","ELEMENT":"f.5A792F38359A1C743AD3061B3E5B94B4.d.0D78E41D12AB1DE6C437F6E42579B1F0.e.23482"}]}
RESULT: {"script":"<script> [8489 bytes]","args":[{"element-6066-11e4-a52e-4f735466cecf":"f.5A792F38359A1C743AD3061B3E5B94B4.d.0D78E41D12AB1DE6C437F6E42579B1F0.e.23482","ELEMENT":"f.5A792F38359A1C743AD3061B3E5B94B4.d.0D78E41D12AB1DE6C437F6E42579B1F0.e.23482"}]}
COMMAND: GET /session/a230b9fa5e58e47def27534e3d005bf9/screenshot - {}
RESULT: {}
COMMAND: POST /session/a230b9fa5e58e47def27534e3d005bf9/execute/sync - {"script":"<script> [8489 bytes]","args":[{"element-6066-11e4-a52e-4f735466cecf":"f.5A792F38359A1C743AD3061B3E5B94B4.d.0D78E41D12AB1DE6C437F6E42579B1F0.e.23482","ELEMENT":"f.5A792F38359A1C743AD3061B3E5B94B4.d.0D78E41D12AB1DE6C437F6E42579B1F0.e.23482"}]}
RESULT: {"script":"<script> [8489 bytes]","args":[{"element-6066-11e4-a52e-4f735466cecf":"f.5A792F38359A1C743AD3061B3E5B94B4.d.0D78E41D12AB1DE6C437F6E42579B1F0.e.23482","ELEMENT":"f.5A792F38359A1C743AD3061B3E5B94B4.d.0D78E41D12AB1DE6C437F6E42579B1F0.e.23482"}]}
COMMAND: GET /session/a230b9fa5e58e47def27534e3d005bf9/screenshot - {}
RESULT: {}
COMMAND: POST /session/a230b9fa5e58e47def27534e3d005bf9/execute/sync - {"script":"<script> [8489 bytes]","args":[{"element-6066-11e4-a52e-4f735466cecf":"f.5A792F38359A1C743AD3061B3E5B94B4.d.0D78E41D12AB1DE6C437F6E42579B1F0.e.23482","ELEMENT":"f.5A792F38359A1C743AD3061B3E5B94B4.d.0D78E41D12AB1DE6C437F6E42579B1F0.e.23482"}]}
RESULT: {"script":"<script> [8489 bytes]","args":[{"element-6066-11e4-a52e-4f735466cecf":"f.5A792F38359A1C743AD3061B3E5B94B4.d.0D78E41D12AB1DE6C437F6E42579B1F0.e.23482","ELEMENT":"f.5A792F38359A1C743AD3061B3E5B94B4.d.0D78E41D12AB1DE6C437F6E42579B1F0.e.23482"}]}
COMMAND: GET /session/a230b9fa5e58e47def27534e3d005bf9/screenshot - {}
RESULT: {}
COMMAND: POST /session/a230b9fa5e58e47def27534e3d005bf9/execute/sync - {"script":"<script> [8489 bytes]","args":[{"element-6066-11e4-a52e-4f735466cecf":"f.5A792F38359A1C743AD3061B3E5B94B4.d.0D78E41D12AB1DE6C437F6E42579B1F0.e.23482","ELEMENT":"f.5A792F38359A1C743AD3061B3E5B94B4.d.0D78E41D12AB1DE6C437F6E42579B1F0.e.23482"}]}
RESULT: {"script":"<script> [8489 bytes]","args":[{"element-6066-11e4-a52e-4f735466cecf":"f.5A792F38359A1C743AD3061B3E5B94B4.d.0D78E41D12AB1DE6C437F6E42579B1F0.e.23482","ELEMENT":"f.5A792F38359A1C743AD3061B3E5B94B4.d.0D78E41D12AB1DE6C437F6E42579B1F0.e.23482"}]}
COMMAND: GET /session/a230b9fa5e58e47def27534e3d005bf9/screenshot - {}
RESULT: {}
COMMAND: POST /session/a230b9fa5e58e47def27534e3d005bf9/execute/sync - {"script":"<script> [8489 bytes]","args":[{"element-6066-11e4-a52e-4f735466cecf":"f.5A792F38359A1C743AD3061B3E5B94B4.d.0D78E41D12AB1DE6C437F6E42579B1F0.e.23482","ELEMENT":"f.5A792F38359A1C743AD3061B3E5B94B4.d.0D78E41D12AB1DE6C437F6E42579B1F0.e.23482"}]}
RESULT: {"script":"<script> [8489 bytes]","args":[{"element-6066-11e4-a52e-4f735466cecf":"f.5A792F38359A1C743AD3061B3E5B94B4.d.0D78E41D12AB1DE6C437F6E42579B1F0.e.23482","ELEMENT":"f.5A792F38359A1C743AD3061B3E5B94B4.d.0D78E41D12AB1DE6C437F6E42579B1F0.e.23482"}]}
COMMAND: GET /session/a230b9fa5e58e47def27534e3d005bf9/screenshot - {}
RESULT: {}
COMMAND: POST /session/a230b9fa5e58e47def27534e3d005bf9/execute/sync - {"script":"<script> [8489 bytes]","args":[{"element-6066-11e4-a52e-4f735466cecf":"f.5A792F38359A1C743AD3061B3E5B94B4.d.0D78E41D12AB1DE6C437F6E42579B1F0.e.23482","ELEMENT":"f.5A792F38359A1C743AD3061B3E5B94B4.d.0D78E41D12AB1DE6C437F6E42579B1F0.e.23482"}]}
RESULT: {"script":"<script> [8489 bytes]","args":[{"element-6066-11e4-a52e-4f735466cecf":"f.5A792F38359A1C743AD3061B3E5B94B4.d.0D78E41D12AB1DE6C437F6E42579B1F0.e.23482","ELEMENT":"f.5A792F38359A1C743AD3061B3E5B94B4.d.0D78E41D12AB1DE6C437F6E42579B1F0.e.23482"}]}
COMMAND: GET /session/a230b9fa5e58e47def27534e3d005bf9/screenshot - {}
RESULT: {}
COMMAND: POST /session/a230b9fa5e58e47def27534e3d005bf9/execute/sync - {"script":"<script> [8489 bytes]","args":[{"element-6066-11e4-a52e-4f735466cecf":"f.5A792F38359A1C743AD3061B3E5B94B4.d.0D78E41D12AB1DE6C437F6E42579B1F0.e.23482","ELEMENT":"f.5A792F38359A1C743AD3061B3E5B94B4.d.0D78E41D12AB1DE6C437F6E42579B1F0.e.23482"}]}
RESULT: {"script":"<script> [8489 bytes]","args":[{"element-6066-11e4-a52e-4f735466cecf":"f.5A792F38359A1C743AD3061B3E5B94B4.d.0D78E41D12AB1DE6C437F6E42579B1F0.e.23482","ELEMENT":"f.5A792F38359A1C743AD3061B3E5B94B4.d.0D78E41D12AB1DE6C437F6E42579B1F0.e.23482"}]}
COMMAND: GET /session/a230b9fa5e58e47def27534e3d005bf9/screenshot - {}
RESULT: {}
COMMAND: POST /session/a230b9fa5e58e47def27534e3d005bf9/execute/sync - {"script":"<script> [8489 bytes]","args":[{"element-6066-11e4-a52e-4f735466cecf":"f.5A792F38359A1C743AD3061B3E5B94B4.d.0D78E41D12AB1DE6C437F6E42579B1F0.e.23482","ELEMENT":"f.5A792F38359A1C743AD3061B3E5B94B4.d.0D78E41D12AB1DE6C437F6E42579B1F0.e.23482"}]}
RESULT: {"script":"<script> [8489 bytes]","args":[{"element-6066-11e4-a52e-4f735466cecf":"f.5A792F38359A1C743AD3061B3E5B94B4.d.0D78E41D12AB1DE6C437F6E42579B1F0.e.23482","ELEMENT":"f.5A792F38359A1C743AD3061B3E5B94B4.d.0D78E41D12AB1DE6C437F6E42579B1F0.e.23482"}]}
COMMAND: GET /session/a230b9fa5e58e47def27534e3d005bf9/screenshot - {}
RESULT: {}
COMMAND: POST /session/a230b9fa5e58e47def27534e3d005bf9/execute/sync - {"script":"<script> [8489 bytes]","args":[{"element-6066-11e4-a52e-4f735466cecf":"f.5A792F38359A1C743AD3061B3E5B94B4.d.0D78E41D12AB1DE6C437F6E42579B1F0.e.23482","ELEMENT":"f.5A792F38359A1C743AD3061B3E5B94B4.d.0D78E41D12AB1DE6C437F6E42579B1F0.e.23482"}]}
RESULT: {"script":"<script> [8489 bytes]","args":[{"element-6066-11e4-a52e-4f735466cecf":"f.5A792F38359A1C743AD3061B3E5B94B4.d.0D78E41D12AB1DE6C437F6E42579B1F0.e.23482","ELEMENT":"f.5A792F38359A1C743AD3061B3E5B94B4.d.0D78E41D12AB1DE6C437F6E42579B1F0.e.23482"}]}
COMMAND: GET /session/a230b9fa5e58e47def27534e3d005bf9/screenshot - {}
RESULT: {}
COMMAND: POST /session/a230b9fa5e58e47def27534e3d005bf9/execute/sync - {"script":"<script> [8489 bytes]","args":[{"element-6066-11e4-a52e-4f735466cecf":"f.5A792F38359A1C743AD3061B3E5B94B4.d.0D78E41D12AB1DE6C437F6E42579B1F0.e.23482","ELEMENT":"f.5A792F38359A1C743AD3061B3E5B94B4.d.0D78E41D12AB1DE6C437F6E42579B1F0.e.23482"}]}
RESULT: {"script":"<script> [8489 bytes]","args":[{"element-6066-11e4-a52e-4f735466cecf":"f.5A792F38359A1C743AD3061B3E5B94B4.d.0D78E41D12AB1DE6C437F6E42579B1F0.e.23482","ELEMENT":"f.5A792F38359A1C743AD3061B3E5B94B4.d.0D78E41D12AB1DE6C437F6E42579B1F0.e.23482"}]}
COMMAND: GET /session/a230b9fa5e58e47def27534e3d005bf9/screenshot - {}
RESULT: {}
COMMAND: POST /session/a230b9fa5e58e47def27534e3d005bf9/execute/sync - {"script":"<script> [8489 bytes]","args":[{"element-6066-11e4-a52e-4f735466cecf":"f.5A792F38359A1C743AD3061B3E5B94B4.d.0D78E41D12AB1DE6C437F6E42579B1F0.e.23482","ELEMENT":"f.5A792F38359A1C743AD3061B3E5B94B4.d.0D78E41D12AB1DE6C437F6E42579B1F0.e.23482"}]}
RESULT: {"script":"<script> [8489 bytes]","args":[{"element-6066-11e4-a52e-4f735466cecf":"f.5A792F38359A1C743AD3061B3E5B94B4.d.0D78E41D12AB1DE6C437F6E42579B1F0.e.23482","ELEMENT":"f.5A792F38359A1C743AD3061B3E5B94B4.d.0D78E41D12AB1DE6C437F6E42579B1F0.e.23482"}]}
COMMAND: GET /session/a230b9fa5e58e47def27534e3d005bf9/screenshot - {}
RESULT: {}
COMMAND: POST /session/a230b9fa5e58e47def27534e3d005bf9/execute/sync - {"script":"<script> [8489 bytes]","args":[{"element-6066-11e4-a52e-4f735466cecf":"f.5A792F38359A1C743AD3061B3E5B94B4.d.0D78E41D12AB1DE6C437F6E42579B1F0.e.23482","ELEMENT":"f.5A792F38359A1C743AD3061B3E5B94B4.d.0D78E41D12AB1DE6C437F6E42579B1F0.e.23482"}]}
RESULT: {"script":"<script> [8489 bytes]","args":[{"element-6066-11e4-a52e-4f735466cecf":"f.5A792F38359A1C743AD3061B3E5B94B4.d.0D78E41D12AB1DE6C437F6E42579B1F0.e.23482","ELEMENT":"f.5A792F38359A1C743AD3061B3E5B94B4.d.0D78E41D12AB1DE6C437F6E42579B1F0.e.23482"}]}
COMMAND: GET /session/a230b9fa5e58e47def27534e3d005bf9/screenshot - {}
RESULT: {}
COMMAND: POST /session/a230b9fa5e58e47def27534e3d005bf9/execute/sync - {"script":"<script> [8489 bytes]","args":[{"element-6066-11e4-a52e-4f735466cecf":"f.5A792F38359A1C743AD3061B3E5B94B4.d.0D78E41D12AB1DE6C437F6E42579B1F0.e.23482","ELEMENT":"f.5A792F38359A1C743AD3061B3E5B94B4.d.0D78E41D12AB1DE6C437F6E42579B1F0.e.23482"}]}
RESULT: {"script":"<script> [8489 bytes]","args":[{"element-6066-11e4-a52e-4f735466cecf":"f.5A792F38359A1C743AD3061B3E5B94B4.d.0D78E41D12AB1DE6C437F6E42579B1F0.e.23482","ELEMENT":"f.5A792F38359A1C743AD3061B3E5B94B4.d.0D78E41D12AB1DE6C437F6E42579B1F0.e.23482"}]}
COMMAND: GET /session/a230b9fa5e58e47def27534e3d005bf9/screenshot - {}
RESULT: {}
COMMAND: POST /session/a230b9fa5e58e47def27534e3d005bf9/execute/sync - {"script":"<script> [8489 bytes]","args":[{"element-6066-11e4-a52e-4f735466cecf":"f.5A792F38359A1C743AD3061B3E5B94B4.d.0D78E41D12AB1DE6C437F6E42579B1F0.e.23482","ELEMENT":"f.5A792F38359A1C743AD3061B3E5B94B4.d.0D78E41D12AB1DE6C437F6E42579B1F0.e.23482"}]}
RESULT: {"script":"<script> [8489 bytes]","args":[{"element-6066-11e4-a52e-4f735466cecf":"f.5A792F38359A1C743AD3061B3E5B94B4.d.0D78E41D12AB1DE6C437F6E42579B1F0.e.23482","ELEMENT":"f.5A792F38359A1C743AD3061B3E5B94B4.d.0D78E41D12AB1DE6C437F6E42579B1F0.e.23482"}]}
COMMAND: GET /session/a230b9fa5e58e47def27534e3d005bf9/screenshot - {}
RESULT: {}
COMMAND: POST /session/a230b9fa5e58e47def27534e3d005bf9/execute/sync - {"script":"<script> [8489 bytes]","args":[{"element-6066-11e4-a52e-4f735466cecf":"f.5A792F38359A1C743AD3061B3E5B94B4.d.0D78E41D12AB1DE6C437F6E42579B1F0.e.23482","ELEMENT":"f.5A792F38359A1C743AD3061B3E5B94B4.d.0D78E41D12AB1DE6C437F6E42579B1F0.e.23482"}]}
RESULT: {"script":"<script> [8489 bytes]","args":[{"element-6066-11e4-a52e-4f735466cecf":"f.5A792F38359A1C743AD3061B3E5B94B4.d.0D78E41D12AB1DE6C437F6E42579B1F0.e.23482","ELEMENT":"f.5A792F38359A1C743AD3061B3E5B94B4.d.0D78E41D12AB1DE6C437F6E42579B1F0.e.23482"}]}
COMMAND: GET /session/a230b9fa5e58e47def27534e3d005bf9/screenshot - {}
RESULT: {}
COMMAND: POST /session/a230b9fa5e58e47def27534e3d005bf9/execute/sync - {"script":"<script> [8489 bytes]","args":[{"element-6066-11e4-a52e-4f735466cecf":"f.5A792F38359A1C743AD3061B3E5B94B4.d.0D78E41D12AB1DE6C437F6E42579B1F0.e.23482","ELEMENT":"f.5A792F38359A1C743AD3061B3E5B94B4.d.0D78E41D12AB1DE6C437F6E42579B1F0.e.23482"}]}
RESULT: {"script":"<script> [8489 bytes]","args":[{"element-6066-11e4-a52e-4f735466cecf":"f.5A792F38359A1C743AD3061B3E5B94B4.d.0D78E41D12AB1DE6C437F6E42579B1F0.e.23482","ELEMENT":"f.5A792F38359A1C743AD3061B3E5B94B4.d.0D78E41D12AB1DE6C437F6E42579B1F0.e.23482"}]}
COMMAND: GET /session/a230b9fa5e58e47def27534e3d005bf9/screenshot - {}
RESULT: {}
COMMAND: POST /session/a230b9fa5e58e47def27534e3d005bf9/execute/sync - {"script":"<script> [8489 bytes]","args":[{"element-6066-11e4-a52e-4f735466cecf":"f.5A792F38359A1C743AD3061B3E5B94B4.d.0D78E41D12AB1DE6C437F6E42579B1F0.e.23482","ELEMENT":"f.5A792F38359A1C743AD3061B3E5B94B4.d.0D78E41D12AB1DE6C437F6E42579B1F0.e.23482"}]}
RESULT: {"script":"<script> [8489 bytes]","args":[{"element-6066-11e4-a52e-4f735466cecf":"f.5A792F38359A1C743AD3061B3E5B94B4.d.0D78E41D12AB1DE6C437F6E42579B1F0.e.23482","ELEMENT":"f.5A792F38359A1C743AD3061B3E5B94B4.d.0D78E41D12AB1DE6C437F6E42579B1F0.e.23482"}]}
COMMAND: GET /session/a230b9fa5e58e47def27534e3d005bf9/screenshot - {}
RESULT: {}
COMMAND: POST /session/a230b9fa5e58e47def27534e3d005bf9/execute/sync - {"script":"<script> [8489 bytes]","args":[{"element-6066-11e4-a52e-4f735466cecf":"f.5A792F38359A1C743AD3061B3E5B94B4.d.0D78E41D12AB1DE6C437F6E42579B1F0.e.23482","ELEMENT":"f.5A792F38359A1C743AD3061B3E5B94B4.d.0D78E41D12AB1DE6C437F6E42579B1F0.e.23482"}]}
RESULT: {"script":"<script> [8489 bytes]","args":[{"element-6066-11e4-a52e-4f735466cecf":"f.5A792F38359A1C743AD3061B3E5B94B4.d.0D78E41D12AB1DE6C437F6E42579B1F0.e.23482","ELEMENT":"f.5A792F38359A1C743AD3061B3E5B94B4.d.0D78E41D12AB1DE6C437F6E42579B1F0.e.23482"}]}
COMMAND: GET /session/a230b9fa5e58e47def27534e3d005bf9/screenshot - {}
RESULT: {}
COMMAND: POST /session/a230b9fa5e58e47def27534e3d005bf9/execute/sync - {"script":"<script> [8489 bytes]","args":[{"element-6066-11e4-a52e-4f735466cecf":"f.5A792F38359A1C743AD3061B3E5B94B4.d.0D78E41D12AB1DE6C437F6E42579B1F0.e.23482","ELEMENT":"f.5A792F38359A1C743AD3061B3E5B94B4.d.0D78E41D12AB1DE6C437F6E42579B1F0.e.23482"}]}
RESULT: {"script":"<script> [8489 bytes]","args":[{"element-6066-11e4-a52e-4f735466cecf":"f.5A792F38359A1C743AD3061B3E5B94B4.d.0D78E41D12AB1DE6C437F6E42579B1F0.e.23482","ELEMENT":"f.5A792F38359A1C743AD3061B3E5B94B4.d.0D78E41D12AB1DE6C437F6E42579B1F0.e.23482"}]}
COMMAND: GET /session/a230b9fa5e58e47def27534e3d005bf9/screenshot - {}
RESULT: {}
COMMAND: POST /session/a230b9fa5e58e47def27534e3d005bf9/execute/sync - {"script":"<script> [8489 bytes]","args":[{"element-6066-11e4-a52e-4f735466cecf":"f.5A792F38359A1C743AD3061B3E5B94B4.d.0D78E41D12AB1DE6C437F6E42579B1F0.e.23482","ELEMENT":"f.5A792F38359A1C743AD3061B3E5B94B4.d.0D78E41D12AB1DE6C437F6E42579B1F0.e.23482"}]}
RESULT: {"script":"<script> [8489 bytes]","args":[{"element-6066-11e4-a52e-4f735466cecf":"f.5A792F38359A1C743AD3061B3E5B94B4.d.0D78E41D12AB1DE6C437F6E42579B1F0.e.23482","ELEMENT":"f.5A792F38359A1C743AD3061B3E5B94B4.d.0D78E41D12AB1DE6C437F6E42579B1F0.e.23482"}]}
COMMAND: GET /session/a230b9fa5e58e47def27534e3d005bf9/screenshot - {}
RESULT: {}
COMMAND: POST /session/a230b9fa5e58e47def27534e3d005bf9/execute/sync - {"script":"<script> [8489 bytes]","args":[{"element-6066-11e4-a52e-4f735466cecf":"f.5A792F38359A1C743AD3061B3E5B94B4.d.0D78E41D12AB1DE6C437F6E42579B1F0.e.23482","ELEMENT":"f.5A792F38359A1C743AD3061B3E5B94B4.d.0D78E41D12AB1DE6C437F6E42579B1F0.e.23482"}]}
RESULT: {"script":"<script> [8489 bytes]","args":[{"element-6066-11e4-a52e-4f735466cecf":"f.5A792F38359A1C743AD3061B3E5B94B4.d.0D78E41D12AB1DE6C437F6E42579B1F0.e.23482","ELEMENT":"f.5A792F38359A1C743AD3061B3E5B94B4.d.0D78E41D12AB1DE6C437F6E42579B1F0.e.23482"}]}
COMMAND: GET /session/a230b9fa5e58e47def27534e3d005bf9/screenshot - {}
RESULT: {}
COMMAND: POST /session/a230b9fa5e58e47def27534e3d005bf9/execute/sync - {"script":"<script> [8489 bytes]","args":[{"element-6066-11e4-a52e-4f735466cecf":"f.5A792F38359A1C743AD3061B3E5B94B4.d.0D78E41D12AB1DE6C437F6E42579B1F0.e.23482","ELEMENT":"f.5A792F38359A1C743AD3061B3E5B94B4.d.0D78E41D12AB1DE6C437F6E42579B1F0.e.23482"}]}
RESULT: {"script":"<script> [8489 bytes]","args":[{"element-6066-11e4-a52e-4f735466cecf":"f.5A792F38359A1C743AD3061B3E5B94B4.d.0D78E41D12AB1DE6C437F6E42579B1F0.e.23482","ELEMENT":"f.5A792F38359A1C743AD3061B3E5B94B4.d.0D78E41D12AB1DE6C437F6E42579B1F0.e.23482"}]}
COMMAND: GET /session/a230b9fa5e58e47def27534e3d005bf9/screenshot - {}
COMMAND: POST /session/a230b9fa5e58e47def27534e3d005bf9/execute/sync - {"script":"<script> [8489 bytes]","args":[{"element-6066-11e4-a52e-4f735466cecf":"f.5A792F38359A1C743AD3061B3E5B94B4.d.0D78E41D12AB1DE6C437F6E42579B1F0.e.23482","ELEMENT":"f.5A792F38359A1C743AD3061B3E5B94B4.d.0D78E41D12AB1DE6C437F6E42579B1F0.e.23482"}]}
RESULT: {}
RESULT: {"script":"<script> [8489 bytes]","args":[{"element-6066-11e4-a52e-4f735466cecf":"f.5A792F38359A1C743AD3061B3E5B94B4.d.0D78E41D12AB1DE6C437F6E42579B1F0.e.23482","ELEMENT":"f.5A792F38359A1C743AD3061B3E5B94B4.d.0D78E41D12AB1DE6C437F6E42579B1F0.e.23482"}]}
COMMAND: GET /session/a230b9fa5e58e47def27534e3d005bf9/screenshot - {}
RESULT: {}
COMMAND: POST /session/a230b9fa5e58e47def27534e3d005bf9/execute/sync - {"script":"<script> [8489 bytes]","args":[{"element-6066-11e4-a52e-4f735466cecf":"f.5A792F38359A1C743AD3061B3E5B94B4.d.0D78E41D12AB1DE6C437F6E42579B1F0.e.23482","ELEMENT":"f.5A792F38359A1C743AD3061B3E5B94B4.d.0D78E41D12AB1DE6C437F6E42579B1F0.e.23482"}]}
RESULT: {"script":"<script> [8489 bytes]","args":[{"element-6066-11e4-a52e-4f735466cecf":"f.5A792F38359A1C743AD3061B3E5B94B4.d.0D78E41D12AB1DE6C437F6E42579B1F0.e.23482","ELEMENT":"f.5A792F38359A1C743AD3061B3E5B94B4.d.0D78E41D12AB1DE6C437F6E42579B1F0.e.23482"}]}
COMMAND: GET /session/a230b9fa5e58e47def27534e3d005bf9/screenshot - {}
RESULT: {}
COMMAND: POST /session/a230b9fa5e58e47def27534e3d005bf9/execute/sync - {"script":"<script> [8489 bytes]","args":[{"element-6066-11e4-a52e-4f735466cecf":"f.5A792F38359A1C743AD3061B3E5B94B4.d.0D78E41D12AB1DE6C437F6E42579B1F0.e.23482","ELEMENT":"f.5A792F38359A1C743AD3061B3E5B94B4.d.0D78E41D12AB1DE6C437F6E42579B1F0.e.23482"}]}
RESULT: {"script":"<script> [8489 bytes]","args":[{"element-6066-11e4-a52e-4f735466cecf":"f.5A792F38359A1C743AD3061B3E5B94B4.d.0D78E41D12AB1DE6C437F6E42579B1F0.e.23482","ELEMENT":"f.5A792F38359A1C743AD3061B3E5B94B4.d.0D78E41D12AB1DE6C437F6E42579B1F0.e.23482"}]}
COMMAND: GET /session/a230b9fa5e58e47def27534e3d005bf9/screenshot - {}
RESULT: {}
COMMAND: POST /session/a230b9fa5e58e47def27534e3d005bf9/execute/sync - {"script":"<script> [8489 bytes]","args":[{"element-6066-11e4-a52e-4f735466cecf":"f.5A792F38359A1C743AD3061B3E5B94B4.d.0D78E41D12AB1DE6C437F6E42579B1F0.e.23482","ELEMENT":"f.5A792F38359A1C743AD3061B3E5B94B4.d.0D78E41D12AB1DE6C437F6E42579B1F0.e.23482"}]}
RESULT: {"script":"<script> [8489 bytes]","args":[{"element-6066-11e4-a52e-4f735466cecf":"f.5A792F38359A1C743AD3061B3E5B94B4.d.0D78E41D12AB1DE6C437F6E42579B1F0.e.23482","ELEMENT":"f.5A792F38359A1C743AD3061B3E5B94B4.d.0D78E41D12AB1DE6C437F6E42579B1F0.e.23482"}]}
COMMAND: GET /session/a230b9fa5e58e47def27534e3d005bf9/screenshot - {}
RESULT: {}
COMMAND: POST /session/a230b9fa5e58e47def27534e3d005bf9/execute/sync - {"script":"<script> [8489 bytes]","args":[{"element-6066-11e4-a52e-4f735466cecf":"f.5A792F38359A1C743AD3061B3E5B94B4.d.0D78E41D12AB1DE6C437F6E42579B1F0.e.23482","ELEMENT":"f.5A792F38359A1C743AD3061B3E5B94B4.d.0D78E41D12AB1DE6C437F6E42579B1F0.e.23482"}]}
RESULT: {"script":"<script> [8489 bytes]","args":[{"element-6066-11e4-a52e-4f735466cecf":"f.5A792F38359A1C743AD3061B3E5B94B4.d.0D78E41D12AB1DE6C437F6E42579B1F0.e.23482","ELEMENT":"f.5A792F38359A1C743AD3061B3E5B94B4.d.0D78E41D12AB1DE6C437F6E42579B1F0.e.23482"}]}
COMMAND: GET /session/a230b9fa5e58e47def27534e3d005bf9/screenshot - {}
RESULT: {}
COMMAND: POST /session/a230b9fa5e58e47def27534e3d005bf9/execute/sync - {"script":"<script> [8489 bytes]","args":[{"element-6066-11e4-a52e-4f735466cecf":"f.5A792F38359A1C743AD3061B3E5B94B4.d.0D78E41D12AB1DE6C437F6E42579B1F0.e.23482","ELEMENT":"f.5A792F38359A1C743AD3061B3E5B94B4.d.0D78E41D12AB1DE6C437F6E42579B1F0.e.23482"}]}
RESULT: {"script":"<script> [8489 bytes]","args":[{"element-6066-11e4-a52e-4f735466cecf":"f.5A792F38359A1C743AD3061B3E5B94B4.d.0D78E41D12AB1DE6C437F6E42579B1F0.e.23482","ELEMENT":"f.5A792F38359A1C743AD3061B3E5B94B4.d.0D78E41D12AB1DE6C437F6E42579B1F0.e.23482"}]}
COMMAND: GET /session/a230b9fa5e58e47def27534e3d005bf9/screenshot - {}
RESULT: {}
COMMAND: POST /session/a230b9fa5e58e47def27534e3d005bf9/execute/sync - {"script":"<script> [8489 bytes]","args":[{"element-6066-11e4-a52e-4f735466cecf":"f.5A792F38359A1C743AD3061B3E5B94B4.d.0D78E41D12AB1DE6C437F6E42579B1F0.e.23482","ELEMENT":"f.5A792F38359A1C743AD3061B3E5B94B4.d.0D78E41D12AB1DE6C437F6E42579B1F0.e.23482"}]}
RESULT: {"script":"<script> [8489 bytes]","args":[{"element-6066-11e4-a52e-4f735466cecf":"f.5A792F38359A1C743AD3061B3E5B94B4.d.0D78E41D12AB1DE6C437F6E42579B1F0.e.23482","ELEMENT":"f.5A792F38359A1C743AD3061B3E5B94B4.d.0D78E41D12AB1DE6C437F6E42579B1F0.e.23482"}]}
COMMAND: GET /session/a230b9fa5e58e47def27534e3d005bf9/screenshot - {}
RESULT: {}
COMMAND: POST /session/a230b9fa5e58e47def27534e3d005bf9/execute/sync - {"script":"<script> [8489 bytes]","args":[{"element-6066-11e4-a52e-4f735466cecf":"f.5A792F38359A1C743AD3061B3E5B94B4.d.0D78E41D12AB1DE6C437F6E42579B1F0.e.23482","ELEMENT":"f.5A792F38359A1C743AD3061B3E5B94B4.d.0D78E41D12AB1DE6C437F6E42579B1F0.e.23482"}]}
RESULT: {"script":"<script> [8489 bytes]","args":[{"element-6066-11e4-a52e-4f735466cecf":"f.5A792F38359A1C743AD3061B3E5B94B4.d.0D78E41D12AB1DE6C437F6E42579B1F0.e.23482","ELEMENT":"f.5A792F38359A1C743AD3061B3E5B94B4.d.0D78E41D12AB1DE6C437F6E42579B1F0.e.23482"}]}
COMMAND: GET /session/a230b9fa5e58e47def27534e3d005bf9/screenshot - {}
RESULT: {}
COMMAND: POST /session/a230b9fa5e58e47def27534e3d005bf9/execute/sync - {"script":"<script> [8489 bytes]","args":[{"element-6066-11e4-a52e-4f735466cecf":"f.5A792F38359A1C743AD3061B3E5B94B4.d.0D78E41D12AB1DE6C437F6E42579B1F0.e.23482","ELEMENT":"f.5A792F38359A1C743AD3061B3E5B94B4.d.0D78E41D12AB1DE6C437F6E42579B1F0.e.23482"}]}
RESULT: {"script":"<script> [8489 bytes]","args":[{"element-6066-11e4-a52e-4f735466cecf":"f.5A792F38359A1C743AD3061B3E5B94B4.d.0D78E41D12AB1DE6C437F6E42579B1F0.e.23482","ELEMENT":"f.5A792F38359A1C743AD3061B3E5B94B4.d.0D78E41D12AB1DE6C437F6E42579B1F0.e.23482"}]}
COMMAND: GET /session/a230b9fa5e58e47def27534e3d005bf9/screenshot - {}
RESULT: {}
COMMAND: POST /session/a230b9fa5e58e47def27534e3d005bf9/execute/sync - {"script":"<script> [8489 bytes]","args":[{"element-6066-11e4-a52e-4f735466cecf":"f.5A792F38359A1C743AD3061B3E5B94B4.d.0D78E41D12AB1DE6C437F6E42579B1F0.e.23482","ELEMENT":"f.5A792F38359A1C743AD3061B3E5B94B4.d.0D78E41D12AB1DE6C437F6E42579B1F0.e.23482"}]}
RESULT: {"script":"<script> [8489 bytes]","args":[{"element-6066-11e4-a52e-4f735466cecf":"f.5A792F38359A1C743AD3061B3E5B94B4.d.0D78E41D12AB1DE6C437F6E42579B1F0.e.23482","ELEMENT":"f.5A792F38359A1C743AD3061B3E5B94B4.d.0D78E41D12AB1DE6C437F6E42579B1F0.e.23482"}]}
COMMAND: GET /session/a230b9fa5e58e47def27534e3d005bf9/screenshot - {}
RESULT: {}
COMMAND: POST /session/a230b9fa5e58e47def27534e3d005bf9/execute/sync - {"script":"<script> [8489 bytes]","args":[{"element-6066-11e4-a52e-4f735466cecf":"f.5A792F38359A1C743AD3061B3E5B94B4.d.0D78E41D12AB1DE6C437F6E42579B1F0.e.23482","ELEMENT":"f.5A792F38359A1C743AD3061B3E5B94B4.d.0D78E41D12AB1DE6C437F6E42579B1F0.e.23482"}]}
RESULT: {"script":"<script> [8489 bytes]","args":[{"element-6066-11e4-a52e-4f735466cecf":"f.5A792F38359A1C743AD3061B3E5B94B4.d.0D78E41D12AB1DE6C437F6E42579B1F0.e.23482","ELEMENT":"f.5A792F38359A1C743AD3061B3E5B94B4.d.0D78E41D12AB1DE6C437F6E42579B1F0.e.23482"}]}
COMMAND: GET /session/a230b9fa5e58e47def27534e3d005bf9/screenshot - {}
RESULT: {}
COMMAND: POST /session/a230b9fa5e58e47def27534e3d005bf9/execute/sync - {"script":"<script> [8489 bytes]","args":[{"element-6066-11e4-a52e-4f735466cecf":"f.5A792F38359A1C743AD3061B3E5B94B4.d.0D78E41D12AB1DE6C437F6E42579B1F0.e.23482","ELEMENT":"f.5A792F38359A1C743AD3061B3E5B94B4.d.0D78E41D12AB1DE6C437F6E42579B1F0.e.23482"}]}
RESULT: {"script":"<script> [8489 bytes]","args":[{"element-6066-11e4-a52e-4f735466cecf":"f.5A792F38359A1C743AD3061B3E5B94B4.d.0D78E41D12AB1DE6C437F6E42579B1F0.e.23482","ELEMENT":"f.5A792F38359A1C743AD3061B3E5B94B4.d.0D78E41D12AB1DE6C437F6E42579B1F0.e.23482"}]}
COMMAND: GET /session/a230b9fa5e58e47def27534e3d005bf9/screenshot - {}
RESULT: {}
COMMAND: POST /session/a230b9fa5e58e47def27534e3d005bf9/execute/sync - {"script":"<script> [8489 bytes]","args":[{"element-6066-11e4-a52e-4f735466cecf":"f.5A792F38359A1C743AD3061B3E5B94B4.d.0D78E41D12AB1DE6C437F6E42579B1F0.e.23482","ELEMENT":"f.5A792F38359A1C743AD3061B3E5B94B4.d.0D78E41D12AB1DE6C437F6E42579B1F0.e.23482"}]}
RESULT: {"script":"<script> [8489 bytes]","args":[{"element-6066-11e4-a52e-4f735466cecf":"f.5A792F38359A1C743AD3061B3E5B94B4.d.0D78E41D12AB1DE6C437F6E42579B1F0.e.23482","ELEMENT":"f.5A792F38359A1C743AD3061B3E5B94B4.d.0D78E41D12AB1DE6C437F6E42579B1F0.e.23482"}]}
COMMAND: GET /session/a230b9fa5e58e47def27534e3d005bf9/screenshot - {}
RESULT: {}
COMMAND: POST /session/a230b9fa5e58e47def27534e3d005bf9/execute/sync - {"script":"<script> [8489 bytes]","args":[{"element-6066-11e4-a52e-4f735466cecf":"f.5A792F38359A1C743AD3061B3E5B94B4.d.0D78E41D12AB1DE6C437F6E42579B1F0.e.23482","ELEMENT":"f.5A792F38359A1C743AD3061B3E5B94B4.d.0D78E41D12AB1DE6C437F6E42579B1F0.e.23482"}]}
RESULT: {"script":"<script> [8489 bytes]","args":[{"element-6066-11e4-a52e-4f735466cecf":"f.5A792F38359A1C743AD3061B3E5B94B4.d.0D78E41D12AB1DE6C437F6E42579B1F0.e.23482","ELEMENT":"f.5A792F38359A1C743AD3061B3E5B94B4.d.0D78E41D12AB1DE6C437F6E42579B1F0.e.23482"}]}
COMMAND: GET /session/a230b9fa5e58e47def27534e3d005bf9/screenshot - {}
RESULT: {}
COMMAND: POST /session/a230b9fa5e58e47def27534e3d005bf9/execute/sync - {"script":"<script> [8489 bytes]","args":[{"element-6066-11e4-a52e-4f735466cecf":"f.5A792F38359A1C743AD3061B3E5B94B4.d.0D78E41D12AB1DE6C437F6E42579B1F0.e.23482","ELEMENT":"f.5A792F38359A1C743AD3061B3E5B94B4.d.0D78E41D12AB1DE6C437F6E42579B1F0.e.23482"}]}
RESULT: {"script":"<script> [8489 bytes]","args":[{"element-6066-11e4-a52e-4f735466cecf":"f.5A792F38359A1C743AD3061B3E5B94B4.d.0D78E41D12AB1DE6C437F6E42579B1F0.e.23482","ELEMENT":"f.5A792F38359A1C743AD3061B3E5B94B4.d.0D78E41D12AB1DE6C437F6E42579B1F0.e.23482"}]}
COMMAND: GET /session/a230b9fa5e58e47def27534e3d005bf9/screenshot - {}
RESULT: {}
COMMAND: POST /session/a230b9fa5e58e47def27534e3d005bf9/execute/sync - {"script":"<script> [8489 bytes]","args":[{"element-6066-11e4-a52e-4f735466cecf":"f.5A792F38359A1C743AD3061B3E5B94B4.d.0D78E41D12AB1DE6C437F6E42579B1F0.e.23482","ELEMENT":"f.5A792F38359A1C743AD3061B3E5B94B4.d.0D78E41D12AB1DE6C437F6E42579B1F0.e.23482"}]}
RESULT: {"script":"<script> [8489 bytes]","args":[{"element-6066-11e4-a52e-4f735466cecf":"f.5A792F38359A1C743AD3061B3E5B94B4.d.0D78E41D12AB1DE6C437F6E42579B1F0.e.23482","ELEMENT":"f.5A792F38359A1C743AD3061B3E5B94B4.d.0D78E41D12AB1DE6C437F6E42579B1F0.e.23482"}]}
COMMAND: GET /session/a230b9fa5e58e47def27534e3d005bf9/screenshot - {}
RESULT: {}
COMMAND: POST /session/a230b9fa5e58e47def27534e3d005bf9/execute/sync - {"script":"<script> [8489 bytes]","args":[{"element-6066-11e4-a52e-4f735466cecf":"f.5A792F38359A1C743AD3061B3E5B94B4.d.0D78E41D12AB1DE6C437F6E42579B1F0.e.23482","ELEMENT":"f.5A792F38359A1C743AD3061B3E5B94B4.d.0D78E41D12AB1DE6C437F6E42579B1F0.e.23482"}]}
RESULT: {"script":"<script> [8489 bytes]","args":[{"element-6066-11e4-a52e-4f735466cecf":"f.5A792F38359A1C743AD3061B3E5B94B4.d.0D78E41D12AB1DE6C437F6E42579B1F0.e.23482","ELEMENT":"f.5A792F38359A1C743AD3061B3E5B94B4.d.0D78E41D12AB1DE6C437F6E42579B1F0.e.23482"}]}
COMMAND: GET /session/a230b9fa5e58e47def27534e3d005bf9/screenshot - {}
COMMAND: POST /session/a230b9fa5e58e47def27534e3d005bf9/execute/sync - {"script":"<script> [8489 bytes]","args":[{"element-6066-11e4-a52e-4f735466cecf":"f.5A792F38359A1C743AD3061B3E5B94B4.d.0D78E41D12AB1DE6C437F6E42579B1F0.e.23482","ELEMENT":"f.5A792F38359A1C743AD3061B3E5B94B4.d.0D78E41D12AB1DE6C437F6E42579B1F0.e.23482"}]}
RESULT: {}
RESULT: {"script":"<script> [8489 bytes]","args":[{"element-6066-11e4-a52e-4f735466cecf":"f.5A792F38359A1C743AD3061B3E5B94B4.d.0D78E41D12AB1DE6C437F6E42579B1F0.e.23482","ELEMENT":"f.5A792F38359A1C743AD3061B3E5B94B4.d.0D78E41D12AB1DE6C437F6E42579B1F0.e.23482"}]}
COMMAND: GET /session/a230b9fa5e58e47def27534e3d005bf9/screenshot - {}
COMMAND: POST /session/a230b9fa5e58e47def27534e3d005bf9/execute/sync - {"script":"<script> [8489 bytes]","args":[{"element-6066-11e4-a52e-4f735466cecf":"f.5A792F38359A1C743AD3061B3E5B94B4.d.0D78E41D12AB1DE6C437F6E42579B1F0.e.23482","ELEMENT":"f.5A792F38359A1C743AD3061B3E5B94B4.d.0D78E41D12AB1DE6C437F6E42579B1F0.e.23482"}]}
RESULT: {}
RESULT: {"script":"<script> [8489 bytes]","args":[{"element-6066-11e4-a52e-4f735466cecf":"f.5A792F38359A1C743AD3061B3E5B94B4.d.0D78E41D12AB1DE6C437F6E42579B1F0.e.23482","ELEMENT":"f.5A792F38359A1C743AD3061B3E5B94B4.d.0D78E41D12AB1DE6C437F6E42579B1F0.e.23482"}]}
COMMAND: POST /session/a230b9fa5e58e47def27534e3d005bf9/execute/sync - {"script":"<script> [8489 bytes]","args":[{"element-6066-11e4-a52e-4f735466cecf":"f.5A792F38359A1C743AD3061B3E5B94B4.d.0D78E41D12AB1DE6C437F6E42579B1F0.e.23482","ELEMENT":"f.5A792F38359A1C743AD3061B3E5B94B4.d.0D78E41D12AB1DE6C437F6E42579B1F0.e.23482"}]}
COMMAND: GET /session/a230b9fa5e58e47def27534e3d005bf9/screenshot - {}
RESULT: {"script":"<script> [8489 bytes]","args":[{"element-6066-11e4-a52e-4f735466cecf":"f.5A792F38359A1C743AD3061B3E5B94B4.d.0D78E41D12AB1DE6C437F6E42579B1F0.e.23482","ELEMENT":"f.5A792F38359A1C743AD3061B3E5B94B4.d.0D78E41D12AB1DE6C437F6E42579B1F0.e.23482"}]}
COMMAND: GET /session/a230b9fa5e58e47def27534e3d005bf9/screenshot - {}
RESULT: {}
COMMAND: POST /session/a230b9fa5e58e47def27534e3d005bf9/execute/sync - {"script":"<script> [8489 bytes]","args":[{"element-6066-11e4-a52e-4f735466cecf":"f.5A792F38359A1C743AD3061B3E5B94B4.d.0D78E41D12AB1DE6C437F6E42579B1F0.e.23482","ELEMENT":"f.5A792F38359A1C743AD3061B3E5B94B4.d.0D78E41D12AB1DE6C437F6E42579B1F0.e.23482"}]}
RESULT: {}
RESULT: {"script":"<script> [8489 bytes]","args":[{"element-6066-11e4-a52e-4f735466cecf":"f.5A792F38359A1C743AD3061B3E5B94B4.d.0D78E41D12AB1DE6C437F6E42579B1F0.e.23482","ELEMENT":"f.5A792F38359A1C743AD3061B3E5B94B4.d.0D78E41D12AB1DE6C437F6E42579B1F0.e.23482"}]}
COMMAND: GET /session/a230b9fa5e58e47def27534e3d005bf9/screenshot - {}
RESULT: {}
COMMAND: POST /session/a230b9fa5e58e47def27534e3d005bf9/execute/sync - {"script":"<script> [8489 bytes]","args":[{"element-6066-11e4-a52e-4f735466cecf":"f.5A792F38359A1C743AD3061B3E5B94B4.d.0D78E41D12AB1DE6C437F6E42579B1F0.e.23482","ELEMENT":"f.5A792F38359A1C743AD3061B3E5B94B4.d.0D78E41D12AB1DE6C437F6E42579B1F0.e.23482"}]}
RESULT: {"script":"<script> [8489 bytes]","args":[{"element-6066-11e4-a52e-4f735466cecf":"f.5A792F38359A1C743AD3061B3E5B94B4.d.0D78E41D12AB1DE6C437F6E42579B1F0.e.23482","ELEMENT":"f.5A792F38359A1C743AD3061B3E5B94B4.d.0D78E41D12AB1DE6C437F6E42579B1F0.e.23482"}]}
COMMAND: GET /session/a230b9fa5e58e47def27534e3d005bf9/screenshot - {}
RESULT: {}
COMMAND: POST /session/a230b9fa5e58e47def27534e3d005bf9/execute/sync - {"script":"<script> [8489 bytes]","args":[{"element-6066-11e4-a52e-4f735466cecf":"f.5A792F38359A1C743AD3061B3E5B94B4.d.0D78E41D12AB1DE6C437F6E42579B1F0.e.23482","ELEMENT":"f.5A792F38359A1C743AD3061B3E5B94B4.d.0D78E41D12AB1DE6C437F6E42579B1F0.e.23482"}]}
RESULT: {"script":"<script> [8489 bytes]","args":[{"element-6066-11e4-a52e-4f735466cecf":"f.5A792F38359A1C743AD3061B3E5B94B4.d.0D78E41D12AB1DE6C437F6E42579B1F0.e.23482","ELEMENT":"f.5A792F38359A1C743AD3061B3E5B94B4.d.0D78E41D12AB1DE6C437F6E42579B1F0.e.23482"}]}
COMMAND: GET /session/a230b9fa5e58e47def27534e3d005bf9/screenshot - {}
RESULT: {}
COMMAND: POST /session/a230b9fa5e58e47def27534e3d005bf9/execute/sync - {"script":"<script> [8489 bytes]","args":[{"element-6066-11e4-a52e-4f735466cecf":"f.5A792F38359A1C743AD3061B3E5B94B4.d.0D78E41D12AB1DE6C437F6E42579B1F0.e.23482","ELEMENT":"f.5A792F38359A1C743AD3061B3E5B94B4.d.0D78E41D12AB1DE6C437F6E42579B1F0.e.23482"}]}
RESULT: {"script":"<script> [8489 bytes]","args":[{"element-6066-11e4-a52e-4f735466cecf":"f.5A792F38359A1C743AD3061B3E5B94B4.d.0D78E41D12AB1DE6C437F6E42579B1F0.e.23482","ELEMENT":"f.5A792F38359A1C743AD3061B3E5B94B4.d.0D78E41D12AB1DE6C437F6E42579B1F0.e.23482"}]}
COMMAND: GET /session/a230b9fa5e58e47def27534e3d005bf9/screenshot - {}
RESULT: {}
COMMAND: POST /session/a230b9fa5e58e47def27534e3d005bf9/execute/sync - {"script":"<script> [8489 bytes]","args":[{"element-6066-11e4-a52e-4f735466cecf":"f.5A792F38359A1C743AD3061B3E5B94B4.d.0D78E41D12AB1DE6C437F6E42579B1F0.e.23482","ELEMENT":"f.5A792F38359A1C743AD3061B3E5B94B4.d.0D78E41D12AB1DE6C437F6E42579B1F0.e.23482"}]}
RESULT: {"script":"<script> [8489 bytes]","args":[{"element-6066-11e4-a52e-4f735466cecf":"f.5A792F38359A1C743AD3061B3E5B94B4.d.0D78E41D12AB1DE6C437F6E42579B1F0.e.23482","ELEMENT":"f.5A792F38359A1C743AD3061B3E5B94B4.d.0D78E41D12AB1DE6C437F6E42579B1F0.e.23482"}]}
COMMAND: GET /session/a230b9fa5e58e47def27534e3d005bf9/screenshot - {}
RESULT: {}
COMMAND: POST /session/a230b9fa5e58e47def27534e3d005bf9/execute/sync - {"script":"<script> [8489 bytes]","args":[{"element-6066-11e4-a52e-4f735466cecf":"f.5A792F38359A1C743AD3061B3E5B94B4.d.0D78E41D12AB1DE6C437F6E42579B1F0.e.23482","ELEMENT":"f.5A792F38359A1C743AD3061B3E5B94B4.d.0D78E41D12AB1DE6C437F6E42579B1F0.e.23482"}]}
RESULT: {"script":"<script> [8489 bytes]","args":[{"element-6066-11e4-a52e-4f735466cecf":"f.5A792F38359A1C743AD3061B3E5B94B4.d.0D78E41D12AB1DE6C437F6E42579B1F0.e.23482","ELEMENT":"f.5A792F38359A1C743AD3061B3E5B94B4.d.0D78E41D12AB1DE6C437F6E42579B1F0.e.23482"}]}
COMMAND: GET /session/a230b9fa5e58e47def27534e3d005bf9/screenshot - {}
RESULT: {}
COMMAND: POST /session/a230b9fa5e58e47def27534e3d005bf9/execute/sync - {"script":"<script> [8489 bytes]","args":[{"element-6066-11e4-a52e-4f735466cecf":"f.5A792F38359A1C743AD3061B3E5B94B4.d.0D78E41D12AB1DE6C437F6E42579B1F0.e.23482","ELEMENT":"f.5A792F38359A1C743AD3061B3E5B94B4.d.0D78E41D12AB1DE6C437F6E42579B1F0.e.23482"}]}
RESULT: {"script":"<script> [8489 bytes]","args":[{"element-6066-11e4-a52e-4f735466cecf":"f.5A792F38359A1C743AD3061B3E5B94B4.d.0D78E41D12AB1DE6C437F6E42579B1F0.e.23482","ELEMENT":"f.5A792F38359A1C743AD3061B3E5B94B4.d.0D78E41D12AB1DE6C437F6E42579B1F0.e.23482"}]}
COMMAND: GET /session/a230b9fa5e58e47def27534e3d005bf9/screenshot - {}
RESULT: {}
COMMAND: POST /session/a230b9fa5e58e47def27534e3d005bf9/execute/sync - {"script":"<script> [8489 bytes]","args":[{"element-6066-11e4-a52e-4f735466cecf":"f.5A792F38359A1C743AD3061B3E5B94B4.d.0D78E41D12AB1DE6C437F6E42579B1F0.e.23482","ELEMENT":"f.5A792F38359A1C743AD3061B3E5B94B4.d.0D78E41D12AB1DE6C437F6E42579B1F0.e.23482"}]}
RESULT: {"script":"<script> [8489 bytes]","args":[{"element-6066-11e4-a52e-4f735466cecf":"f.5A792F38359A1C743AD3061B3E5B94B4.d.0D78E41D12AB1DE6C437F6E42579B1F0.e.23482","ELEMENT":"f.5A792F38359A1C743AD3061B3E5B94B4.d.0D78E41D12AB1DE6C437F6E42579B1F0.e.23482"}]}
COMMAND: GET /session/a230b9fa5e58e47def27534e3d005bf9/screenshot - {}
RESULT: {}
COMMAND: POST /session/a230b9fa5e58e47def27534e3d005bf9/execute/sync - {"script":"<script> [8489 bytes]","args":[{"element-6066-11e4-a52e-4f735466cecf":"f.5A792F38359A1C743AD3061B3E5B94B4.d.0D78E41D12AB1DE6C437F6E42579B1F0.e.23482","ELEMENT":"f.5A792F38359A1C743AD3061B3E5B94B4.d.0D78E41D12AB1DE6C437F6E42579B1F0.e.23482"}]}
RESULT: {"script":"<script> [8489 bytes]","args":[{"element-6066-11e4-a52e-4f735466cecf":"f.5A792F38359A1C743AD3061B3E5B94B4.d.0D78E41D12AB1DE6C437F6E42579B1F0.e.23482","ELEMENT":"f.5A792F38359A1C743AD3061B3E5B94B4.d.0D78E41D12AB1DE6C437F6E42579B1F0.e.23482"}]}
COMMAND: GET /session/a230b9fa5e58e47def27534e3d005bf9/screenshot - {}
RESULT: {}
COMMAND: POST /session/a230b9fa5e58e47def27534e3d005bf9/execute/sync - {"script":"<script> [8489 bytes]","args":[{"element-6066-11e4-a52e-4f735466cecf":"f.5A792F38359A1C743AD3061B3E5B94B4.d.0D78E41D12AB1DE6C437F6E42579B1F0.e.23482","ELEMENT":"f.5A792F38359A1C743AD3061B3E5B94B4.d.0D78E41D12AB1DE6C437F6E42579B1F0.e.23482"}]}
RESULT: {"script":"<script> [8489 bytes]","args":[{"element-6066-11e4-a52e-4f735466cecf":"f.5A792F38359A1C743AD3061B3E5B94B4.d.0D78E41D12AB1DE6C437F6E42579B1F0.e.23482","ELEMENT":"f.5A792F38359A1C743AD3061B3E5B94B4.d.0D78E41D12AB1DE6C437F6E42579B1F0.e.23482"}]}
COMMAND: GET /session/a230b9fa5e58e47def27534e3d005bf9/screenshot - {}
RESULT: {}
COMMAND: POST /session/a230b9fa5e58e47def27534e3d005bf9/execute/sync - {"script":"<script> [8489 bytes]","args":[{"element-6066-11e4-a52e-4f735466cecf":"f.5A792F38359A1C743AD3061B3E5B94B4.d.0D78E41D12AB1DE6C437F6E42579B1F0.e.23482","ELEMENT":"f.5A792F38359A1C743AD3061B3E5B94B4.d.0D78E41D12AB1DE6C437F6E42579B1F0.e.23482"}]}
RESULT: {"script":"<script> [8489 bytes]","args":[{"element-6066-11e4-a52e-4f735466cecf":"f.5A792F38359A1C743AD3061B3E5B94B4.d.0D78E41D12AB1DE6C437F6E42579B1F0.e.23482","ELEMENT":"f.5A792F38359A1C743AD3061B3E5B94B4.d.0D78E41D12AB1DE6C437F6E42579B1F0.e.23482"}]}
COMMAND: GET /session/a230b9fa5e58e47def27534e3d005bf9/screenshot - {}
RESULT: {}
COMMAND: POST /session/a230b9fa5e58e47def27534e3d005bf9/execute/sync - {"script":"<script> [8489 bytes]","args":[{"element-6066-11e4-a52e-4f735466cecf":"f.5A792F38359A1C743AD3061B3E5B94B4.d.0D78E41D12AB1DE6C437F6E42579B1F0.e.23482","ELEMENT":"f.5A792F38359A1C743AD3061B3E5B94B4.d.0D78E41D12AB1DE6C437F6E42579B1F0.e.23482"}]}
RESULT: {"script":"<script> [8489 bytes]","args":[{"element-6066-11e4-a52e-4f735466cecf":"f.5A792F38359A1C743AD3061B3E5B94B4.d.0D78E41D12AB1DE6C437F6E42579B1F0.e.23482","ELEMENT":"f.5A792F38359A1C743AD3061B3E5B94B4.d.0D78E41D12AB1DE6C437F6E42579B1F0.e.23482"}]}
COMMAND: GET /session/a230b9fa5e58e47def27534e3d005bf9/screenshot - {}
RESULT: {}
COMMAND: POST /session/a230b9fa5e58e47def27534e3d005bf9/execute/sync - {"script":"<script> [8489 bytes]","args":[{"element-6066-11e4-a52e-4f735466cecf":"f.5A792F38359A1C743AD3061B3E5B94B4.d.0D78E41D12AB1DE6C437F6E42579B1F0.e.23482","ELEMENT":"f.5A792F38359A1C743AD3061B3E5B94B4.d.0D78E41D12AB1DE6C437F6E42579B1F0.e.23482"}]}
RESULT: {"script":"<script> [8489 bytes]","args":[{"element-6066-11e4-a52e-4f735466cecf":"f.5A792F38359A1C743AD3061B3E5B94B4.d.0D78E41D12AB1DE6C437F6E42579B1F0.e.23482","ELEMENT":"f.5A792F38359A1C743AD3061B3E5B94B4.d.0D78E41D12AB1DE6C437F6E42579B1F0.e.23482"}]}
COMMAND: GET /session/a230b9fa5e58e47def27534e3d005bf9/screenshot - {}
RESULT: {}
COMMAND: POST /session/a230b9fa5e58e47def27534e3d005bf9/execute/sync - {"script":"<script> [8489 bytes]","args":[{"element-6066-11e4-a52e-4f735466cecf":"f.5A792F38359A1C743AD3061B3E5B94B4.d.0D78E41D12AB1DE6C437F6E42579B1F0.e.23482","ELEMENT":"f.5A792F38359A1C743AD3061B3E5B94B4.d.0D78E41D12AB1DE6C437F6E42579B1F0.e.23482"}]}
RESULT: {"script":"<script> [8489 bytes]","args":[{"element-6066-11e4-a52e-4f735466cecf":"f.5A792F38359A1C743AD3061B3E5B94B4.d.0D78E41D12AB1DE6C437F6E42579B1F0.e.23482","ELEMENT":"f.5A792F38359A1C743AD3061B3E5B94B4.d.0D78E41D12AB1DE6C437F6E42579B1F0.e.23482"}]}
COMMAND: GET /session/a230b9fa5e58e47def27534e3d005bf9/screenshot - {}
RESULT: {}
COMMAND: POST /session/a230b9fa5e58e47def27534e3d005bf9/execute/sync - {"script":"<script> [8489 bytes]","args":[{"element-6066-11e4-a52e-4f735466cecf":"f.5A792F38359A1C743AD3061B3E5B94B4.d.0D78E41D12AB1DE6C437F6E42579B1F0.e.23482","ELEMENT":"f.5A792F38359A1C743AD3061B3E5B94B4.d.0D78E41D12AB1DE6C437F6E42579B1F0.e.23482"}]}
RESULT: {"script":"<script> [8489 bytes]","args":[{"element-6066-11e4-a52e-4f735466cecf":"f.5A792F38359A1C743AD3061B3E5B94B4.d.0D78E41D12AB1DE6C437F6E42579B1F0.e.23482","ELEMENT":"f.5A792F38359A1C743AD3061B3E5B94B4.d.0D78E41D12AB1DE6C437F6E42579B1F0.e.23482"}]}
COMMAND: GET /session/a230b9fa5e58e47def27534e3d005bf9/screenshot - {}
RESULT: {}
COMMAND: POST /session/a230b9fa5e58e47def27534e3d005bf9/execute/sync - {"script":"<script> [8489 bytes]","args":[{"element-6066-11e4-a52e-4f735466cecf":"f.5A792F38359A1C743AD3061B3E5B94B4.d.0D78E41D12AB1DE6C437F6E42579B1F0.e.23482","ELEMENT":"f.5A792F38359A1C743AD3061B3E5B94B4.d.0D78E41D12AB1DE6C437F6E42579B1F0.e.23482"}]}
RESULT: {"script":"<script> [8489 bytes]","args":[{"element-6066-11e4-a52e-4f735466cecf":"f.5A792F38359A1C743AD3061B3E5B94B4.d.0D78E41D12AB1DE6C437F6E42579B1F0.e.23482","ELEMENT":"f.5A792F38359A1C743AD3061B3E5B94B4.d.0D78E41D12AB1DE6C437F6E42579B1F0.e.23482"}]}
COMMAND: GET /session/a230b9fa5e58e47def27534e3d005bf9/screenshot - {}
RESULT: {}
COMMAND: POST /session/a230b9fa5e58e47def27534e3d005bf9/execute/sync - {"script":"<script> [8489 bytes]","args":[{"element-6066-11e4-a52e-4f735466cecf":"f.5A792F38359A1C743AD3061B3E5B94B4.d.0D78E41D12AB1DE6C437F6E42579B1F0.e.23482","ELEMENT":"f.5A792F38359A1C743AD3061B3E5B94B4.d.0D78E41D12AB1DE6C437F6E42579B1F0.e.23482"}]}
RESULT: {"script":"<script> [8489 bytes]","args":[{"element-6066-11e4-a52e-4f735466cecf":"f.5A792F38359A1C743AD3061B3E5B94B4.d.0D78E41D12AB1DE6C437F6E42579B1F0.e.23482","ELEMENT":"f.5A792F38359A1C743AD3061B3E5B94B4.d.0D78E41D12AB1DE6C437F6E42579B1F0.e.23482"}]}
COMMAND: GET /session/a230b9fa5e58e47def27534e3d005bf9/screenshot - {}
RESULT: {}
COMMAND: POST /session/a230b9fa5e58e47def27534e3d005bf9/execute/sync - {"script":"<script> [8489 bytes]","args":[{"element-6066-11e4-a52e-4f735466cecf":"f.5A792F38359A1C743AD3061B3E5B94B4.d.0D78E41D12AB1DE6C437F6E42579B1F0.e.23482","ELEMENT":"f.5A792F38359A1C743AD3061B3E5B94B4.d.0D78E41D12AB1DE6C437F6E42579B1F0.e.23482"}]}
RESULT: {"script":"<script> [8489 bytes]","args":[{"element-6066-11e4-a52e-4f735466cecf":"f.5A792F38359A1C743AD3061B3E5B94B4.d.0D78E41D12AB1DE6C437F6E42579B1F0.e.23482","ELEMENT":"f.5A792F38359A1C743AD3061B3E5B94B4.d.0D78E41D12AB1DE6C437F6E42579B1F0.e.23482"}]}
COMMAND: GET /session/a230b9fa5e58e47def27534e3d005bf9/screenshot - {}
RESULT: {}
COMMAND: POST /session/a230b9fa5e58e47def27534e3d005bf9/execute/sync - {"script":"<script> [8489 bytes]","args":[{"element-6066-11e4-a52e-4f735466cecf":"f.5A792F38359A1C743AD3061B3E5B94B4.d.0D78E41D12AB1DE6C437F6E42579B1F0.e.23482","ELEMENT":"f.5A792F38359A1C743AD3061B3E5B94B4.d.0D78E41D12AB1DE6C437F6E42579B1F0.e.23482"}]}
RESULT: {"script":"<script> [8489 bytes]","args":[{"element-6066-11e4-a52e-4f735466cecf":"f.5A792F38359A1C743AD3061B3E5B94B4.d.0D78E41D12AB1DE6C437F6E42579B1F0.e.23482","ELEMENT":"f.5A792F38359A1C743AD3061B3E5B94B4.d.0D78E41D12AB1DE6C437F6E42579B1F0.e.23482"}]}
COMMAND: GET /session/a230b9fa5e58e47def27534e3d005bf9/screenshot - {}
RESULT: {}
COMMAND: POST /session/a230b9fa5e58e47def27534e3d005bf9/execute/sync - {"script":"<script> [8489 bytes]","args":[{"element-6066-11e4-a52e-4f735466cecf":"f.5A792F38359A1C743AD3061B3E5B94B4.d.0D78E41D12AB1DE6C437F6E42579B1F0.e.23482","ELEMENT":"f.5A792F38359A1C743AD3061B3E5B94B4.d.0D78E41D12AB1DE6C437F6E42579B1F0.e.23482"}]}
RESULT: {"script":"<script> [8489 bytes]","args":[{"element-6066-11e4-a52e-4f735466cecf":"f.5A792F38359A1C743AD3061B3E5B94B4.d.0D78E41D12AB1DE6C437F6E42579B1F0.e.23482","ELEMENT":"f.5A792F38359A1C743AD3061B3E5B94B4.d.0D78E41D12AB1DE6C437F6E42579B1F0.e.23482"}]}
COMMAND: GET /session/a230b9fa5e58e47def27534e3d005bf9/screenshot - {}
RESULT: {}
COMMAND: POST /session/a230b9fa5e58e47def27534e3d005bf9/execute/sync - {"script":"<script> [8489 bytes]","args":[{"element-6066-11e4-a52e-4f735466cecf":"f.5A792F38359A1C743AD3061B3E5B94B4.d.0D78E41D12AB1DE6C437F6E42579B1F0.e.23482","ELEMENT":"f.5A792F38359A1C743AD3061B3E5B94B4.d.0D78E41D12AB1DE6C437F6E42579B1F0.e.23482"}]}
RESULT: {"script":"<script> [8489 bytes]","args":[{"element-6066-11e4-a52e-4f735466cecf":"f.5A792F38359A1C743AD3061B3E5B94B4.d.0D78E41D12AB1DE6C437F6E42579B1F0.e.23482","ELEMENT":"f.5A792F38359A1C743AD3061B3E5B94B4.d.0D78E41D12AB1DE6C437F6E42579B1F0.e.23482"}]}
COMMAND: GET /session/a230b9fa5e58e47def27534e3d005bf9/screenshot - {}
RESULT: {}
COMMAND: POST /session/a230b9fa5e58e47def27534e3d005bf9/execute/sync - {"script":"<script> [8489 bytes]","args":[{"element-6066-11e4-a52e-4f735466cecf":"f.5A792F38359A1C743AD3061B3E5B94B4.d.0D78E41D12AB1DE6C437F6E42579B1F0.e.23482","ELEMENT":"f.5A792F38359A1C743AD3061B3E5B94B4.d.0D78E41D12AB1DE6C437F6E42579B1F0.e.23482"}]}
RESULT: {"script":"<script> [8489 bytes]","args":[{"element-6066-11e4-a52e-4f735466cecf":"f.5A792F38359A1C743AD3061B3E5B94B4.d.0D78E41D12AB1DE6C437F6E42579B1F0.e.23482","ELEMENT":"f.5A792F38359A1C743AD3061B3E5B94B4.d.0D78E41D12AB1DE6C437F6E42579B1F0.e.23482"}]}
COMMAND: GET /session/a230b9fa5e58e47def27534e3d005bf9/screenshot - {}
RESULT: {}
COMMAND: POST /session/a230b9fa5e58e47def27534e3d005bf9/execute/sync - {"script":"<script> [8489 bytes]","args":[{"element-6066-11e4-a52e-4f735466cecf":"f.5A792F38359A1C743AD3061B3E5B94B4.d.0D78E41D12AB1DE6C437F6E42579B1F0.e.23482","ELEMENT":"f.5A792F38359A1C743AD3061B3E5B94B4.d.0D78E41D12AB1DE6C437F6E42579B1F0.e.23482"}]}
RESULT: {"script":"<script> [8489 bytes]","args":[{"element-6066-11e4-a52e-4f735466cecf":"f.5A792F38359A1C743AD3061B3E5B94B4.d.0D78E41D12AB1DE6C437F6E42579B1F0.e.23482","ELEMENT":"f.5A792F38359A1C743AD3061B3E5B94B4.d.0D78E41D12AB1DE6C437F6E42579B1F0.e.23482"}]}
COMMAND: GET /session/a230b9fa5e58e47def27534e3d005bf9/screenshot - {}
RESULT: {}
COMMAND: POST /session/a230b9fa5e58e47def27534e3d005bf9/execute/sync - {"script":"<script> [8489 bytes]","args":[{"element-6066-11e4-a52e-4f735466cecf":"f.5A792F38359A1C743AD3061B3E5B94B4.d.0D78E41D12AB1DE6C437F6E42579B1F0.e.23482","ELEMENT":"f.5A792F38359A1C743AD3061B3E5B94B4.d.0D78E41D12AB1DE6C437F6E42579B1F0.e.23482"}]}
RESULT: {"script":"<script> [8489 bytes]","args":[{"element-6066-11e4-a52e-4f735466cecf":"f.5A792F38359A1C743AD3061B3E5B94B4.d.0D78E41D12AB1DE6C437F6E42579B1F0.e.23482","ELEMENT":"f.5A792F38359A1C743AD3061B3E5B94B4.d.0D78E41D12AB1DE6C437F6E42579B1F0.e.23482"}]}
COMMAND: GET /session/a230b9fa5e58e47def27534e3d005bf9/screenshot - {}
RESULT: {}
COMMAND: POST /session/a230b9fa5e58e47def27534e3d005bf9/execute/sync - {"script":"<script> [8489 bytes]","args":[{"element-6066-11e4-a52e-4f735466cecf":"f.5A792F38359A1C743AD3061B3E5B94B4.d.0D78E41D12AB1DE6C437F6E42579B1F0.e.23482","ELEMENT":"f.5A792F38359A1C743AD3061B3E5B94B4.d.0D78E41D12AB1DE6C437F6E42579B1F0.e.23482"}]}
COMMAND: POST /session/a230b9fa5e58e47def27534e3d005bf9/execute/async - {"script":"<script> [1562 bytes]","args":[{"selector":{"controlType":"sap.m.Button","viewName":"etm.portal.ui.managehandovers.view.DetailExecuteHO","i18NText":{"propertyName":"text","key":"pickQty"},"interaction":{"idSuffix":"BDI-content"}},"wdio_ui5_key":"etmportal.ui.managehandovers.view.DetailExecuteHOsap.m.Button{\"propertyName\":\"text\",\"key\":\"pickQty\"}"}]}
RESULT: {"script":"<script> [8489 bytes]","args":[{"element-6066-11e4-a52e-4f735466cecf":"f.5A792F38359A1C743AD3061B3E5B94B4.d.0D78E41D12AB1DE6C437F6E42579B1F0.e.23482","ELEMENT":"f.5A792F38359A1C743AD3061B3E5B94B4.d.0D78E41D12AB1DE6C437F6E42579B1F0.e.23482"}]}
COMMAND: GET /session/a230b9fa5e58e47def27534e3d005bf9/screenshot - {}
RESULT: {"script":"<script> [1562 bytes]","args":[{"selector":{"controlType":"sap.m.Button","viewName":"etm.portal.ui.managehandovers.view.DetailExecuteHO","i18NText":{"propertyName":"text","key":"pickQty"},"interaction":{"idSuffix":"BDI-content"}},"wdio_ui5_key":"etmportal.ui.managehandovers.view.DetailExecuteHOsap.m.Button{\"propertyName\":\"text\",\"key\":\"pickQty\"}"}]}
RESULT: undefined
RESULT: {}
COMMAND: POST /session/a230b9fa5e58e47def27534e3d005bf9/execute/async - {"script":"<script> [1562 bytes]","args":[{"selector":{"controlType":"sap.m.Link","viewName":"etm.portal.ui.managehandovers.view.DetailExecuteHO","bindingPath":{"path":"","propertyPath":"/wmDoc","modelName":"warehouseMovModel"}},"wdio_ui5_key":"etmportal.ui.managehandovers.view.DetailExecuteHOsap.m.Link{\"path\":\"\",\"propertyPath\":\"/wmDoc\",\"modelName\":\"warehouseMovModel\"}"}]}
RESULT: {"script":"<script> [1562 bytes]","args":[{"selector":{"controlType":"sap.m.Link","viewName":"etm.portal.ui.managehandovers.view.DetailExecuteHO","bindingPath":{"path":"","propertyPath":"/wmDoc","modelName":"warehouseMovModel"}},"wdio_ui5_key":"etmportal.ui.managehandovers.view.DetailExecuteHOsap.m.Link{\"path\":\"\",\"propertyPath\":\"/wmDoc\",\"modelName\":\"warehouseMovModel\"}"}]}
RESULT: undefined
COMMAND: POST /session/a230b9fa5e58e47def27534e3d005bf9/execute/async - {"script":"<script> [1562 bytes]","args":[{"selector":{"controlType":"sap.m.Link","viewName":"etm.portal.ui.managehandovers.view.DetailExecuteHO","properties":{"text":"Warehouse Overview"},"searchOpenDialogs":true},"wdio_ui5_key":"etmportal.ui.managehandovers.view.DetailExecuteHOsap.m.Link{\"text\":\"Warehouse Overview\"}"}]}
RESULT: {"script":"<script> [1562 bytes]","args":[{"selector":{"controlType":"sap.m.Link","viewName":"etm.portal.ui.managehandovers.view.DetailExecuteHO","properties":{"text":"Warehouse Overview"},"searchOpenDialogs":true},"wdio_ui5_key":"etmportal.ui.managehandovers.view.DetailExecuteHOsap.m.Link{\"text\":\"Warehouse Overview\"}"}]}
RESULT: undefined
COMMAND: POST /session/a230b9fa5e58e47def27534e3d005bf9/execute/async - {"script":"<script> [1562 bytes]","args":[{"selector":{"controlType":"sap.m.Button","viewName":"etm.portal.ui.warehousemovements.view.DisplayMovement","viewId":"application-warehousemovements-display-component---displayMovement","i18NText":{"propertyName":"text","key":"execution"},"interaction":{"idSuffix":"BDI-content"}},"wdio_ui5_key":"etmportal.ui.warehousemovements.view.DisplayMovementsap.m.Button{\"propertyName\":\"text\",\"key\":\"execution\"}"}]}
RESULT: {"script":"<script> [1562 bytes]","args":[{"selector":{"controlType":"sap.m.Button","viewName":"etm.portal.ui.warehousemovements.view.DisplayMovement","viewId":"application-warehousemovements-display-component---displayMovement","i18NText":{"propertyName":"text","key":"execution"},"interaction":{"idSuffix":"BDI-content"}},"wdio_ui5_key":"etmportal.ui.warehousemovements.view.DisplayMovementsap.m.Button{\"propertyName\":\"text\",\"key\":\"execution\"}"}]}
RESULT: undefined
COMMAND: POST /session/a230b9fa5e58e47def27534e3d005bf9/execute/async - {"script":"<script> [1562 bytes]","args":[{"selector":{"controlType":"sap.m.Button","viewName":"etm.portal.ui.warehousemovements.view.ExecuteMovement","viewId":"application-warehousemovements-display-component---executeMovement","properties":{"text":"Items"},"interaction":{"idSuffix":"BDI-content"}},"wdio_ui5_key":"etmportal.ui.warehousemovements.view.ExecuteMovementsap.m.Button{\"text\":\"Items\"}"}]}
RESULT: {"script":"<script> [1562 bytes]","args":[{"selector":{"controlType":"sap.m.Button","viewName":"etm.portal.ui.warehousemovements.view.ExecuteMovement","viewId":"application-warehousemovements-display-component---executeMovement","properties":{"text":"Items"},"interaction":{"idSuffix":"BDI-content"}},"wdio_ui5_key":"etmportal.ui.warehousemovements.view.ExecuteMovementsap.m.Button{\"text\":\"Items\"}"}]}
RESULT: undefined
COMMAND: POST /session/a230b9fa5e58e47def27534e3d005bf9/execute/async - {"script":"<script> [1562 bytes]","args":[{"selector":{"controlType":"sap.m.ToggleButton","viewName":"etm.portal.ui.warehousemovements.view.ExecuteMovement","viewId":"application-warehousemovements-display-component---executeMovement","bindingPath":{"propertyPath":"STATUS","modelName":"catalogModel"},"interaction":{"idSuffix":"BDI-content"}},"wdio_ui5_key":"etmportal.ui.warehousemovements.view.ExecuteMovementsap.m.ToggleButton{\"propertyPath\":\"STATUS\",\"modelName\":\"catalogModel\"}"}]}
RESULT: {"script":"<script> [1562 bytes]","args":[{"selector":{"controlType":"sap.m.ToggleButton","viewName":"etm.portal.ui.warehousemovements.view.ExecuteMovement","viewId":"application-warehousemovements-display-component---executeMovement","bindingPath":{"propertyPath":"STATUS","modelName":"catalogModel"},"interaction":{"idSuffix":"BDI-content"}},"wdio_ui5_key":"etmportal.ui.warehousemovements.view.ExecuteMovementsap.m.ToggleButton{\"propertyPath\":\"STATUS\",\"modelName\":\"catalogModel\"}"}]}
RESULT: undefined
RESULT: undefined
RESULT: undefined
COMMAND: POST /session/a230b9fa5e58e47def27534e3d005bf9/execute/async - {"script":"<script> [1562 bytes]","args":[{"selector":{"id":"application-warehousemovements-display-component---executeMovement--executeId","interaction":{"idSuffix":"BDI-content"}},"wdio_ui5_key":"applicationwarehousemovements-display-component---executeMovement--executeId"}]}
RESULT: {"script":"<script> [1562 bytes]","args":[{"selector":{"id":"application-warehousemovements-display-component---executeMovement--executeId","interaction":{"idSuffix":"BDI-content"}},"wdio_ui5_key":"applicationwarehousemovements-display-component---executeMovement--executeId"}]}
RESULT: undefined
COMMAND: POST /session/a230b9fa5e58e47def27534e3d005bf9/element - {"using":"css selector","value":"#shell-header-logo"}
RESULT: {"using":"css selector","value":"#shell-header-logo"}
COMMAND: POST /session/a230b9fa5e58e47def27534e3d005bf9/element/f.5A792F38359A1C743AD3061B3E5B94B4.d.0D78E41D12AB1DE6C437F6E42579B1F0.e.22372/click - {}
RESULT: {}
COMMAND: GET /session/a230b9fa5e58e47def27534e3d005bf9/screenshot - {}
RESULT: {}
RESULT: undefined
COMMAND: POST /session/a230b9fa5e58e47def27534e3d005bf9/element - {"using":"xpath","value":"//*[@id=\"__tile133\"]"}
RESULT: {"using":"xpath","value":"//*[@id=\"__tile133\"]"}
COMMAND: POST /session/a230b9fa5e58e47def27534e3d005bf9/element/f.5A792F38359A1C743AD3061B3E5B94B4.d.0D78E41D12AB1DE6C437F6E42579B1F0.e.21548/click - {}
RESULT: {}
COMMAND: GET /session/a230b9fa5e58e47def27534e3d005bf9/screenshot - {}
RESULT: {}
COMMAND: POST /session/a230b9fa5e58e47def27534e3d005bf9/execute/async - {"script":"<script> [1562 bytes]","args":[{"selector":{"controlType":"sap.m.SearchField","viewName":"etm.portal.ui.managehandovers.view.MasterHO","bindingPath":{"propertyPath":"/_BASIC_SEARCH_FIELD","modelName":"fi1t3rM0d31"},"interaction":{"idSuffix":"I"}},"wdio_ui5_key":"etmportal.ui.managehandovers.view.MasterHOsap.m.SearchField{\"propertyPath\":\"/_BASIC_SEARCH_FIELD\",\"modelName\":\"fi1t3rM0d31\"}"}]}
RESULT: {"script":"<script> [1562 bytes]","args":[{"selector":{"controlType":"sap.m.SearchField","viewName":"etm.portal.ui.managehandovers.view.MasterHO","bindingPath":{"propertyPath":"/_BASIC_SEARCH_FIELD","modelName":"fi1t3rM0d31"},"interaction":{"idSuffix":"I"}},"wdio_ui5_key":"etmportal.ui.managehandovers.view.MasterHOsap.m.SearchField{\"propertyPath\":\"/_BASIC_SEARCH_FIELD\",\"modelName\":\"fi1t3rM0d31\"}"}]}
RESULT: undefined
COMMAND: POST /session/a230b9fa5e58e47def27534e3d005bf9/execute/async - {"script":"<script> [776 bytes]","args":[{"enterText":"30399","selector":{"controlType":"sap.m.SearchField","viewName":"etm.portal.ui.managehandovers.view.MasterHO","bindingPath":{"propertyPath":"/_BASIC_SEARCH_FIELD","modelName":"fi1t3rM0d31"},"interaction":{"idSuffix":"I"}},"clearTextFirst":true,"interactionType":"ENTER_TEXT"}]}
RESULT: {"script":"<script> [776 bytes]","args":[{"enterText":"30399","selector":{"controlType":"sap.m.SearchField","viewName":"etm.portal.ui.managehandovers.view.MasterHO","bindingPath":{"propertyPath":"/_BASIC_SEARCH_FIELD","modelName":"fi1t3rM0d31"},"interaction":{"idSuffix":"I"}},"clearTextFirst":true,"interactionType":"ENTER_TEXT"}]}
COMMAND: POST /session/a230b9fa5e58e47def27534e3d005bf9/actions - {"actions":[{"id":"action103","type":"key","parameters":{},"actions":[{"type":"keyDown","value":"î€‡"},{"type":"pause","duration":10},{"type":"keyUp","value":"î€‡"}]}]}
RESULT: {"actions":[{"id":"action103","type":"key","parameters":{},"actions":[{"type":"keyDown","value":"î€‡"},{"type":"pause","duration":10},{"type":"keyUp","value":"î€‡"}]}]}
COMMAND: GET /session/a230b9fa5e58e47def27534e3d005bf9/screenshot - {}
RESULT: {}
RESULT: undefined
COMMAND: POST /session/a230b9fa5e58e47def27534e3d005bf9/element - {"using":"xpath","value":"//*[@id=\"__item2731-__clone7840-imgNav\"]"}
RESULT: {"using":"xpath","value":"//*[@id=\"__item2731-__clone7840-imgNav\"]"}
COMMAND: POST /session/a230b9fa5e58e47def27534e3d005bf9/elements - {"using":"xpath","value":"//*[@id=\"__item2731-__clone7840-imgNav\"]"}
RESULT: {"using":"xpath","value":"//*[@id=\"__item2731-__clone7840-imgNav\"]"}
COMMAND: POST /session/a230b9fa5e58e47def27534e3d005bf9/elements - {"using":"xpath","value":"//*[@id=\"__item2731-__clone7840-imgNav\"]"}
RESULT: {"using":"xpath","value":"//*[@id=\"__item2731-__clone7840-imgNav\"]"}
COMMAND: POST /session/a230b9fa5e58e47def27534e3d005bf9/elements - {"using":"xpath","value":"//*[@id=\"__item2731-__clone7840-imgNav\"]"}
RESULT: {"using":"xpath","value":"//*[@id=\"__item2731-__clone7840-imgNav\"]"}
COMMAND: POST /session/a230b9fa5e58e47def27534e3d005bf9/elements - {"using":"xpath","value":"//*[@id=\"__item2731-__clone7840-imgNav\"]"}
RESULT: {"using":"xpath","value":"//*[@id=\"__item2731-__clone7840-imgNav\"]"}
COMMAND: POST /session/a230b9fa5e58e47def27534e3d005bf9/elements - {"using":"xpath","value":"//*[@id=\"__item2731-__clone7840-imgNav\"]"}
RESULT: {"using":"xpath","value":"//*[@id=\"__item2731-__clone7840-imgNav\"]"}
COMMAND: POST /session/a230b9fa5e58e47def27534e3d005bf9/elements - {"using":"xpath","value":"//*[@id=\"__item2731-__clone7840-imgNav\"]"}
RESULT: {"using":"xpath","value":"//*[@id=\"__item2731-__clone7840-imgNav\"]"}
COMMAND: POST /session/a230b9fa5e58e47def27534e3d005bf9/elements - {"using":"xpath","value":"//*[@id=\"__item2731-__clone7840-imgNav\"]"}
RESULT: {"using":"xpath","value":"//*[@id=\"__item2731-__clone7840-imgNav\"]"}
COMMAND: POST /session/a230b9fa5e58e47def27534e3d005bf9/elements - {"using":"xpath","value":"//*[@id=\"__item2731-__clone7840-imgNav\"]"}
RESULT: {"using":"xpath","value":"//*[@id=\"__item2731-__clone7840-imgNav\"]"}
COMMAND: POST /session/a230b9fa5e58e47def27534e3d005bf9/elements - {"using":"xpath","value":"//*[@id=\"__item2731-__clone7840-imgNav\"]"}
RESULT: {"using":"xpath","value":"//*[@id=\"__item2731-__clone7840-imgNav\"]"}
COMMAND: POST /session/a230b9fa5e58e47def27534e3d005bf9/elements - {"using":"xpath","value":"//*[@id=\"__item2731-__clone7840-imgNav\"]"}
RESULT: {"using":"xpath","value":"//*[@id=\"__item2731-__clone7840-imgNav\"]"}
COMMAND: POST /session/a230b9fa5e58e47def27534e3d005bf9/elements - {"using":"xpath","value":"//*[@id=\"__item2731-__clone7840-imgNav\"]"}
RESULT: {"using":"xpath","value":"//*[@id=\"__item2731-__clone7840-imgNav\"]"}
COMMAND: POST /session/a230b9fa5e58e47def27534e3d005bf9/elements - {"using":"xpath","value":"//*[@id=\"__item2731-__clone7840-imgNav\"]"}
RESULT: {"using":"xpath","value":"//*[@id=\"__item2731-__clone7840-imgNav\"]"}
COMMAND: POST /session/a230b9fa5e58e47def27534e3d005bf9/elements - {"using":"xpath","value":"//*[@id=\"__item2731-__clone7840-imgNav\"]"}
RESULT: {"using":"xpath","value":"//*[@id=\"__item2731-__clone7840-imgNav\"]"}
COMMAND: POST /session/a230b9fa5e58e47def27534e3d005bf9/elements - {"using":"xpath","value":"//*[@id=\"__item2731-__clone7840-imgNav\"]"}
RESULT: {"using":"xpath","value":"//*[@id=\"__item2731-__clone7840-imgNav\"]"}
COMMAND: POST /session/a230b9fa5e58e47def27534e3d005bf9/elements - {"using":"xpath","value":"//*[@id=\"__item2731-__clone7840-imgNav\"]"}
RESULT: {"using":"xpath","value":"//*[@id=\"__item2731-__clone7840-imgNav\"]"}
COMMAND: POST /session/a230b9fa5e58e47def27534e3d005bf9/elements - {"using":"xpath","value":"//*[@id=\"__item2731-__clone7840-imgNav\"]"}
RESULT: {"using":"xpath","value":"//*[@id=\"__item2731-__clone7840-imgNav\"]"}
COMMAND: POST /session/a230b9fa5e58e47def27534e3d005bf9/elements - {"using":"xpath","value":"//*[@id=\"__item2731-__clone7840-imgNav\"]"}
RESULT: {"using":"xpath","value":"//*[@id=\"__item2731-__clone7840-imgNav\"]"}
COMMAND: POST /session/a230b9fa5e58e47def27534e3d005bf9/elements - {"using":"xpath","value":"//*[@id=\"__item2731-__clone7840-imgNav\"]"}
RESULT: {"using":"xpath","value":"//*[@id=\"__item2731-__clone7840-imgNav\"]"}
COMMAND: POST /session/a230b9fa5e58e47def27534e3d005bf9/elements - {"using":"xpath","value":"//*[@id=\"__item2731-__clone7840-imgNav\"]"}
RESULT: {"using":"xpath","value":"//*[@id=\"__item2731-__clone7840-imgNav\"]"}
COMMAND: POST /session/a230b9fa5e58e47def27534e3d005bf9/elements - {"using":"xpath","value":"//*[@id=\"__item2731-__clone7840-imgNav\"]"}
RESULT: {"using":"xpath","value":"//*[@id=\"__item2731-__clone7840-imgNav\"]"}
COMMAND: POST /session/a230b9fa5e58e47def27534e3d005bf9/elements - {"using":"xpath","value":"//*[@id=\"__item2731-__clone7840-imgNav\"]"}
RESULT: {"using":"xpath","value":"//*[@id=\"__item2731-__clone7840-imgNav\"]"}
COMMAND: POST /session/a230b9fa5e58e47def27534e3d005bf9/elements - {"using":"xpath","value":"//*[@id=\"__item2731-__clone7840-imgNav\"]"}
RESULT: {"using":"xpath","value":"//*[@id=\"__item2731-__clone7840-imgNav\"]"}
COMMAND: POST /session/a230b9fa5e58e47def27534e3d005bf9/elements - {"using":"xpath","value":"//*[@id=\"__item2731-__clone7840-imgNav\"]"}
RESULT: {"using":"xpath","value":"//*[@id=\"__item2731-__clone7840-imgNav\"]"}
COMMAND: POST /session/a230b9fa5e58e47def27534e3d005bf9/elements - {"using":"xpath","value":"//*[@id=\"__item2731-__clone7840-imgNav\"]"}
RESULT: {"using":"xpath","value":"//*[@id=\"__item2731-__clone7840-imgNav\"]"}
COMMAND: POST /session/a230b9fa5e58e47def27534e3d005bf9/elements - {"using":"xpath","value":"//*[@id=\"__item2731-__clone7840-imgNav\"]"}
RESULT: {"using":"xpath","value":"//*[@id=\"__item2731-__clone7840-imgNav\"]"}
COMMAND: POST /session/a230b9fa5e58e47def27534e3d005bf9/elements - {"using":"xpath","value":"//*[@id=\"__item2731-__clone7840-imgNav\"]"}
RESULT: {"using":"xpath","value":"//*[@id=\"__item2731-__clone7840-imgNav\"]"}
COMMAND: POST /session/a230b9fa5e58e47def27534e3d005bf9/elements - {"using":"xpath","value":"//*[@id=\"__item2731-__clone7840-imgNav\"]"}
RESULT: {"using":"xpath","value":"//*[@id=\"__item2731-__clone7840-imgNav\"]"}
COMMAND: POST /session/a230b9fa5e58e47def27534e3d005bf9/elements - {"using":"xpath","value":"//*[@id=\"__item2731-__clone7840-imgNav\"]"}
RESULT: {"using":"xpath","value":"//*[@id=\"__item2731-__clone7840-imgNav\"]"}
COMMAND: POST /session/a230b9fa5e58e47def27534e3d005bf9/elements - {"using":"xpath","value":"//*[@id=\"__item2731-__clone7840-imgNav\"]"}
RESULT: {"using":"xpath","value":"//*[@id=\"__item2731-__clone7840-imgNav\"]"}
COMMAND: POST /session/a230b9fa5e58e47def27534e3d005bf9/elements - {"using":"xpath","value":"//*[@id=\"__item2731-__clone7840-imgNav\"]"}
RESULT: {"using":"xpath","value":"//*[@id=\"__item2731-__clone7840-imgNav\"]"}
COMMAND: POST /session/a230b9fa5e58e47def27534e3d005bf9/elements - {"using":"xpath","value":"//*[@id=\"__item2731-__clone7840-imgNav\"]"}
RESULT: {"using":"xpath","value":"//*[@id=\"__item2731-__clone7840-imgNav\"]"}
COMMAND: POST /session/a230b9fa5e58e47def27534e3d005bf9/elements - {"using":"xpath","value":"//*[@id=\"__item2731-__clone7840-imgNav\"]"}
RESULT: {"using":"xpath","value":"//*[@id=\"__item2731-__clone7840-imgNav\"]"}
COMMAND: POST /session/a230b9fa5e58e47def27534e3d005bf9/elements - {"using":"xpath","value":"//*[@id=\"__item2731-__clone7840-imgNav\"]"}
RESULT: {"using":"xpath","value":"//*[@id=\"__item2731-__clone7840-imgNav\"]"}
COMMAND: POST /session/a230b9fa5e58e47def27534e3d005bf9/elements - {"using":"xpath","value":"//*[@id=\"__item2731-__clone7840-imgNav\"]"}
RESULT: {"using":"xpath","value":"//*[@id=\"__item2731-__clone7840-imgNav\"]"}
COMMAND: POST /session/a230b9fa5e58e47def27534e3d005bf9/elements - {"using":"xpath","value":"//*[@id=\"__item2731-__clone7840-imgNav\"]"}
RESULT: {"using":"xpath","value":"//*[@id=\"__item2731-__clone7840-imgNav\"]"}
COMMAND: POST /session/a230b9fa5e58e47def27534e3d005bf9/elements - {"using":"xpath","value":"//*[@id=\"__item2731-__clone7840-imgNav\"]"}
RESULT: {"using":"xpath","value":"//*[@id=\"__item2731-__clone7840-imgNav\"]"}
COMMAND: POST /session/a230b9fa5e58e47def27534e3d005bf9/elements - {"using":"xpath","value":"//*[@id=\"__item2731-__clone7840-imgNav\"]"}
RESULT: {"using":"xpath","value":"//*[@id=\"__item2731-__clone7840-imgNav\"]"}
COMMAND: POST /session/a230b9fa5e58e47def27534e3d005bf9/elements - {"using":"xpath","value":"//*[@id=\"__item2731-__clone7840-imgNav\"]"}
RESULT: {"using":"xpath","value":"//*[@id=\"__item2731-__clone7840-imgNav\"]"}
COMMAND: POST /session/a230b9fa5e58e47def27534e3d005bf9/elements - {"using":"xpath","value":"//*[@id=\"__item2731-__clone7840-imgNav\"]"}
RESULT: {"using":"xpath","value":"//*[@id=\"__item2731-__clone7840-imgNav\"]"}
COMMAND: POST /session/a230b9fa5e58e47def27534e3d005bf9/elements - {"using":"xpath","value":"//*[@id=\"__item2731-__clone7840-imgNav\"]"}
RESULT: {"using":"xpath","value":"//*[@id=\"__item2731-__clone7840-imgNav\"]"}
COMMAND: POST /session/a230b9fa5e58e47def27534e3d005bf9/elements - {"using":"xpath","value":"//*[@id=\"__item2731-__clone7840-imgNav\"]"}
RESULT: {"using":"xpath","value":"//*[@id=\"__item2731-__clone7840-imgNav\"]"}
COMMAND: POST /session/a230b9fa5e58e47def27534e3d005bf9/elements - {"using":"xpath","value":"//*[@id=\"__item2731-__clone7840-imgNav\"]"}
RESULT: {"using":"xpath","value":"//*[@id=\"__item2731-__clone7840-imgNav\"]"}
COMMAND: POST /session/a230b9fa5e58e47def27534e3d005bf9/elements - {"using":"xpath","value":"//*[@id=\"__item2731-__clone7840-imgNav\"]"}
RESULT: {"using":"xpath","value":"//*[@id=\"__item2731-__clone7840-imgNav\"]"}
COMMAND: POST /session/a230b9fa5e58e47def27534e3d005bf9/elements - {"using":"xpath","value":"//*[@id=\"__item2731-__clone7840-imgNav\"]"}
RESULT: {"using":"xpath","value":"//*[@id=\"__item2731-__clone7840-imgNav\"]"}
COMMAND: POST /session/a230b9fa5e58e47def27534e3d005bf9/elements - {"using":"xpath","value":"//*[@id=\"__item2731-__clone7840-imgNav\"]"}
RESULT: {"using":"xpath","value":"//*[@id=\"__item2731-__clone7840-imgNav\"]"}
COMMAND: POST /session/a230b9fa5e58e47def27534e3d005bf9/elements - {"using":"xpath","value":"//*[@id=\"__item2731-__clone7840-imgNav\"]"}
RESULT: {"using":"xpath","value":"//*[@id=\"__item2731-__clone7840-imgNav\"]"}
COMMAND: POST /session/a230b9fa5e58e47def27534e3d005bf9/elements - {"using":"xpath","value":"//*[@id=\"__item2731-__clone7840-imgNav\"]"}
RESULT: {"using":"xpath","value":"//*[@id=\"__item2731-__clone7840-imgNav\"]"}
COMMAND: POST /session/a230b9fa5e58e47def27534e3d005bf9/elements - {"using":"xpath","value":"//*[@id=\"__item2731-__clone7840-imgNav\"]"}
RESULT: {"using":"xpath","value":"//*[@id=\"__item2731-__clone7840-imgNav\"]"}
COMMAND: POST /session/a230b9fa5e58e47def27534e3d005bf9/elements - {"using":"xpath","value":"//*[@id=\"__item2731-__clone7840-imgNav\"]"}
RESULT: {"using":"xpath","value":"//*[@id=\"__item2731-__clone7840-imgNav\"]"}
COMMAND: POST /session/a230b9fa5e58e47def27534e3d005bf9/elements - {"using":"xpath","value":"//*[@id=\"__item2731-__clone7840-imgNav\"]"}
RESULT: {"using":"xpath","value":"//*[@id=\"__item2731-__clone7840-imgNav\"]"}
COMMAND: POST /session/a230b9fa5e58e47def27534e3d005bf9/elements - {"using":"xpath","value":"//*[@id=\"__item2731-__clone7840-imgNav\"]"}
RESULT: {"using":"xpath","value":"//*[@id=\"__item2731-__clone7840-imgNav\"]"}
COMMAND: POST /session/a230b9fa5e58e47def27534e3d005bf9/elements - {"using":"xpath","value":"//*[@id=\"__item2731-__clone7840-imgNav\"]"}
RESULT: {"using":"xpath","value":"//*[@id=\"__item2731-__clone7840-imgNav\"]"}
COMMAND: POST /session/a230b9fa5e58e47def27534e3d005bf9/elements - {"using":"xpath","value":"//*[@id=\"__item2731-__clone7840-imgNav\"]"}
RESULT: {"using":"xpath","value":"//*[@id=\"__item2731-__clone7840-imgNav\"]"}
COMMAND: POST /session/a230b9fa5e58e47def27534e3d005bf9/elements - {"using":"xpath","value":"//*[@id=\"__item2731-__clone7840-imgNav\"]"}
RESULT: {"using":"xpath","value":"//*[@id=\"__item2731-__clone7840-imgNav\"]"}
COMMAND: POST /session/a230b9fa5e58e47def27534e3d005bf9/elements - {"using":"xpath","value":"//*[@id=\"__item2731-__clone7840-imgNav\"]"}
RESULT: {"using":"xpath","value":"//*[@id=\"__item2731-__clone7840-imgNav\"]"}
COMMAND: POST /session/a230b9fa5e58e47def27534e3d005bf9/elements - {"using":"xpath","value":"//*[@id=\"__item2731-__clone7840-imgNav\"]"}
RESULT: {"using":"xpath","value":"//*[@id=\"__item2731-__clone7840-imgNav\"]"}
COMMAND: POST /session/a230b9fa5e58e47def27534e3d005bf9/elements - {"using":"xpath","value":"//*[@id=\"__item2731-__clone7840-imgNav\"]"}
RESULT: {"using":"xpath","value":"//*[@id=\"__item2731-__clone7840-imgNav\"]"}
COMMAND: POST /session/a230b9fa5e58e47def27534e3d005bf9/elements - {"using":"xpath","value":"//*[@id=\"__item2731-__clone7840-imgNav\"]"}
RESULT: {"using":"xpath","value":"//*[@id=\"__item2731-__clone7840-imgNav\"]"}
COMMAND: POST /session/a230b9fa5e58e47def27534e3d005bf9/elements - {"using":"xpath","value":"//*[@id=\"__item2731-__clone7840-imgNav\"]"}
RESULT: {"using":"xpath","value":"//*[@id=\"__item2731-__clone7840-imgNav\"]"}
COMMAND: POST /session/a230b9fa5e58e47def27534e3d005bf9/elements - {"using":"xpath","value":"//*[@id=\"__item2731-__clone7840-imgNav\"]"}
RESULT: {"using":"xpath","value":"//*[@id=\"__item2731-__clone7840-imgNav\"]"}
COMMAND: POST /session/a230b9fa5e58e47def27534e3d005bf9/elements - {"using":"xpath","value":"//*[@id=\"__item2731-__clone7840-imgNav\"]"}
RESULT: {"using":"xpath","value":"//*[@id=\"__item2731-__clone7840-imgNav\"]"}
COMMAND: POST /session/a230b9fa5e58e47def27534e3d005bf9/elements - {"using":"xpath","value":"//*[@id=\"__item2731-__clone7840-imgNav\"]"}
RESULT: {"using":"xpath","value":"//*[@id=\"__item2731-__clone7840-imgNav\"]"}
COMMAND: POST /session/a230b9fa5e58e47def27534e3d005bf9/elements - {"using":"xpath","value":"//*[@id=\"__item2731-__clone7840-imgNav\"]"}
RESULT: {"using":"xpath","value":"//*[@id=\"__item2731-__clone7840-imgNav\"]"}
COMMAND: POST /session/a230b9fa5e58e47def27534e3d005bf9/elements - {"using":"xpath","value":"//*[@id=\"__item2731-__clone7840-imgNav\"]"}
RESULT: {"using":"xpath","value":"//*[@id=\"__item2731-__clone7840-imgNav\"]"}
COMMAND: POST /session/a230b9fa5e58e47def27534e3d005bf9/elements - {"using":"xpath","value":"//*[@id=\"__item2731-__clone7840-imgNav\"]"}
RESULT: {"using":"xpath","value":"//*[@id=\"__item2731-__clone7840-imgNav\"]"}
COMMAND: POST /session/a230b9fa5e58e47def27534e3d005bf9/elements - {"using":"xpath","value":"//*[@id=\"__item2731-__clone7840-imgNav\"]"}
RESULT: {"using":"xpath","value":"//*[@id=\"__item2731-__clone7840-imgNav\"]"}
COMMAND: POST /session/a230b9fa5e58e47def27534e3d005bf9/elements - {"using":"xpath","value":"//*[@id=\"__item2731-__clone7840-imgNav\"]"}
RESULT: {"using":"xpath","value":"//*[@id=\"__item2731-__clone7840-imgNav\"]"}
COMMAND: POST /session/a230b9fa5e58e47def27534e3d005bf9/elements - {"using":"xpath","value":"//*[@id=\"__item2731-__clone7840-imgNav\"]"}
RESULT: {"using":"xpath","value":"//*[@id=\"__item2731-__clone7840-imgNav\"]"}
COMMAND: POST /session/a230b9fa5e58e47def27534e3d005bf9/elements - {"using":"xpath","value":"//*[@id=\"__item2731-__clone7840-imgNav\"]"}
RESULT: {"using":"xpath","value":"//*[@id=\"__item2731-__clone7840-imgNav\"]"}
COMMAND: POST /session/a230b9fa5e58e47def27534e3d005bf9/elements - {"using":"xpath","value":"//*[@id=\"__item2731-__clone7840-imgNav\"]"}
RESULT: {"using":"xpath","value":"//*[@id=\"__item2731-__clone7840-imgNav\"]"}
COMMAND: POST /session/a230b9fa5e58e47def27534e3d005bf9/elements - {"using":"xpath","value":"//*[@id=\"__item2731-__clone7840-imgNav\"]"}
RESULT: {"using":"xpath","value":"//*[@id=\"__item2731-__clone7840-imgNav\"]"}
COMMAND: POST /session/a230b9fa5e58e47def27534e3d005bf9/elements - {"using":"xpath","value":"//*[@id=\"__item2731-__clone7840-imgNav\"]"}
RESULT: {"using":"xpath","value":"//*[@id=\"__item2731-__clone7840-imgNav\"]"}
COMMAND: POST /session/a230b9fa5e58e47def27534e3d005bf9/elements - {"using":"xpath","value":"//*[@id=\"__item2731-__clone7840-imgNav\"]"}
RESULT: {"using":"xpath","value":"//*[@id=\"__item2731-__clone7840-imgNav\"]"}
COMMAND: POST /session/a230b9fa5e58e47def27534e3d005bf9/elements - {"using":"xpath","value":"//*[@id=\"__item2731-__clone7840-imgNav\"]"}
RESULT: {"using":"xpath","value":"//*[@id=\"__item2731-__clone7840-imgNav\"]"}
COMMAND: POST /session/a230b9fa5e58e47def27534e3d005bf9/elements - {"using":"xpath","value":"//*[@id=\"__item2731-__clone7840-imgNav\"]"}
RESULT: {"using":"xpath","value":"//*[@id=\"__item2731-__clone7840-imgNav\"]"}
COMMAND: POST /session/a230b9fa5e58e47def27534e3d005bf9/elements - {"using":"xpath","value":"//*[@id=\"__item2731-__clone7840-imgNav\"]"}
RESULT: {"using":"xpath","value":"//*[@id=\"__item2731-__clone7840-imgNav\"]"}
COMMAND: POST /session/a230b9fa5e58e47def27534e3d005bf9/elements - {"using":"xpath","value":"//*[@id=\"__item2731-__clone7840-imgNav\"]"}
RESULT: {"using":"xpath","value":"//*[@id=\"__item2731-__clone7840-imgNav\"]"}
COMMAND: POST /session/a230b9fa5e58e47def27534e3d005bf9/elements - {"using":"xpath","value":"//*[@id=\"__item2731-__clone7840-imgNav\"]"}
RESULT: {"using":"xpath","value":"//*[@id=\"__item2731-__clone7840-imgNav\"]"}
COMMAND: POST /session/a230b9fa5e58e47def27534e3d005bf9/elements - {"using":"xpath","value":"//*[@id=\"__item2731-__clone7840-imgNav\"]"}
RESULT: {"using":"xpath","value":"//*[@id=\"__item2731-__clone7840-imgNav\"]"}
COMMAND: POST /session/a230b9fa5e58e47def27534e3d005bf9/elements - {"using":"xpath","value":"//*[@id=\"__item2731-__clone7840-imgNav\"]"}
RESULT: {"using":"xpath","value":"//*[@id=\"__item2731-__clone7840-imgNav\"]"}
COMMAND: POST /session/a230b9fa5e58e47def27534e3d005bf9/elements - {"using":"xpath","value":"//*[@id=\"__item2731-__clone7840-imgNav\"]"}
RESULT: {"using":"xpath","value":"//*[@id=\"__item2731-__clone7840-imgNav\"]"}
COMMAND: POST /session/a230b9fa5e58e47def27534e3d005bf9/elements - {"using":"xpath","value":"//*[@id=\"__item2731-__clone7840-imgNav\"]"}
RESULT: {"using":"xpath","value":"//*[@id=\"__item2731-__clone7840-imgNav\"]"}
COMMAND: POST /session/a230b9fa5e58e47def27534e3d005bf9/elements - {"using":"xpath","value":"//*[@id=\"__item2731-__clone7840-imgNav\"]"}
RESULT: {"using":"xpath","value":"//*[@id=\"__item2731-__clone7840-imgNav\"]"}
COMMAND: POST /session/a230b9fa5e58e47def27534e3d005bf9/elements - {"using":"xpath","value":"//*[@id=\"__item2731-__clone7840-imgNav\"]"}
RESULT: {"using":"xpath","value":"//*[@id=\"__item2731-__clone7840-imgNav\"]"}
COMMAND: POST /session/a230b9fa5e58e47def27534e3d005bf9/elements - {"using":"xpath","value":"//*[@id=\"__item2731-__clone7840-imgNav\"]"}
RESULT: {"using":"xpath","value":"//*[@id=\"__item2731-__clone7840-imgNav\"]"}
COMMAND: POST /session/a230b9fa5e58e47def27534e3d005bf9/elements - {"using":"xpath","value":"//*[@id=\"__item2731-__clone7840-imgNav\"]"}
RESULT: {"using":"xpath","value":"//*[@id=\"__item2731-__clone7840-imgNav\"]"}
COMMAND: POST /session/a230b9fa5e58e47def27534e3d005bf9/elements - {"using":"xpath","value":"//*[@id=\"__item2731-__clone7840-imgNav\"]"}
RESULT: {"using":"xpath","value":"//*[@id=\"__item2731-__clone7840-imgNav\"]"}
COMMAND: POST /session/a230b9fa5e58e47def27534e3d005bf9/elements - {"using":"xpath","value":"//*[@id=\"__item2731-__clone7840-imgNav\"]"}
RESULT: {"using":"xpath","value":"//*[@id=\"__item2731-__clone7840-imgNav\"]"}
COMMAND: POST /session/a230b9fa5e58e47def27534e3d005bf9/elements - {"using":"xpath","value":"//*[@id=\"__item2731-__clone7840-imgNav\"]"}
RESULT: {"using":"xpath","value":"//*[@id=\"__item2731-__clone7840-imgNav\"]"}
COMMAND: POST /session/a230b9fa5e58e47def27534e3d005bf9/elements - {"using":"xpath","value":"//*[@id=\"__item2731-__clone7840-imgNav\"]"}
RESULT: {"using":"xpath","value":"//*[@id=\"__item2731-__clone7840-imgNav\"]"}
COMMAND: POST /session/a230b9fa5e58e47def27534e3d005bf9/elements - {"using":"xpath","value":"//*[@id=\"__item2731-__clone7840-imgNav\"]"}
RESULT: {"using":"xpath","value":"//*[@id=\"__item2731-__clone7840-imgNav\"]"}
COMMAND: POST /session/a230b9fa5e58e47def27534e3d005bf9/elements - {"using":"xpath","value":"//*[@id=\"__item2731-__clone7840-imgNav\"]"}
RESULT: {"using":"xpath","value":"//*[@id=\"__item2731-__clone7840-imgNav\"]"}
COMMAND: POST /session/a230b9fa5e58e47def27534e3d005bf9/elements - {"using":"xpath","value":"//*[@id=\"__item2731-__clone7840-imgNav\"]"}
RESULT: {"using":"xpath","value":"//*[@id=\"__item2731-__clone7840-imgNav\"]"}
COMMAND: POST /session/a230b9fa5e58e47def27534e3d005bf9/elements - {"using":"xpath","value":"//*[@id=\"__item2731-__clone7840-imgNav\"]"}
RESULT: {"using":"xpath","value":"//*[@id=\"__item2731-__clone7840-imgNav\"]"}
COMMAND: POST /session/a230b9fa5e58e47def27534e3d005bf9/elements - {"using":"xpath","value":"//*[@id=\"__item2731-__clone7840-imgNav\"]"}
RESULT: {"using":"xpath","value":"//*[@id=\"__item2731-__clone7840-imgNav\"]"}
COMMAND: POST /session/a230b9fa5e58e47def27534e3d005bf9/elements - {"using":"xpath","value":"//*[@id=\"__item2731-__clone7840-imgNav\"]"}
RESULT: {"using":"xpath","value":"//*[@id=\"__item2731-__clone7840-imgNav\"]"}
COMMAND: POST /session/a230b9fa5e58e47def27534e3d005bf9/elements - {"using":"xpath","value":"//*[@id=\"__item2731-__clone7840-imgNav\"]"}
RESULT: {"using":"xpath","value":"//*[@id=\"__item2731-__clone7840-imgNav\"]"}
COMMAND: POST /session/a230b9fa5e58e47def27534e3d005bf9/elements - {"using":"xpath","value":"//*[@id=\"__item2731-__clone7840-imgNav\"]"}
RESULT: {"using":"xpath","value":"//*[@id=\"__item2731-__clone7840-imgNav\"]"}
COMMAND: POST /session/a230b9fa5e58e47def27534e3d005bf9/elements - {"using":"xpath","value":"//*[@id=\"__item2731-__clone7840-imgNav\"]"}
RESULT: {"using":"xpath","value":"//*[@id=\"__item2731-__clone7840-imgNav\"]"}
COMMAND: POST /session/a230b9fa5e58e47def27534e3d005bf9/elements - {"using":"xpath","value":"//*[@id=\"__item2731-__clone7840-imgNav\"]"}
RESULT: {"using":"xpath","value":"//*[@id=\"__item2731-__clone7840-imgNav\"]"}
COMMAND: POST /session/a230b9fa5e58e47def27534e3d005bf9/elements - {"using":"xpath","value":"//*[@id=\"__item2731-__clone7840-imgNav\"]"}
RESULT: {"using":"xpath","value":"//*[@id=\"__item2731-__clone7840-imgNav\"]"}
COMMAND: POST /session/a230b9fa5e58e47def27534e3d005bf9/elements - {"using":"xpath","value":"//*[@id=\"__item2731-__clone7840-imgNav\"]"}
RESULT: {"using":"xpath","value":"//*[@id=\"__item2731-__clone7840-imgNav\"]"}
COMMAND: POST /session/a230b9fa5e58e47def27534e3d005bf9/elements - {"using":"xpath","value":"//*[@id=\"__item2731-__clone7840-imgNav\"]"}
RESULT: {"using":"xpath","value":"//*[@id=\"__item2731-__clone7840-imgNav\"]"}
COMMAND: POST /session/a230b9fa5e58e47def27534e3d005bf9/elements - {"using":"xpath","value":"//*[@id=\"__item2731-__clone7840-imgNav\"]"}
RESULT: {"using":"xpath","value":"//*[@id=\"__item2731-__clone7840-imgNav\"]"}
COMMAND: POST /session/a230b9fa5e58e47def27534e3d005bf9/elements - {"using":"xpath","value":"//*[@id=\"__item2731-__clone7840-imgNav\"]"}
RESULT: {"using":"xpath","value":"//*[@id=\"__item2731-__clone7840-imgNav\"]"}
COMMAND: POST /session/a230b9fa5e58e47def27534e3d005bf9/elements - {"using":"xpath","value":"//*[@id=\"__item2731-__clone7840-imgNav\"]"}
RESULT: {"using":"xpath","value":"//*[@id=\"__item2731-__clone7840-imgNav\"]"}
COMMAND: POST /session/a230b9fa5e58e47def27534e3d005bf9/elements - {"using":"xpath","value":"//*[@id=\"__item2731-__clone7840-imgNav\"]"}
RESULT: {"using":"xpath","value":"//*[@id=\"__item2731-__clone7840-imgNav\"]"}
COMMAND: POST /session/a230b9fa5e58e47def27534e3d005bf9/elements - {"using":"xpath","value":"//*[@id=\"__item2731-__clone7840-imgNav\"]"}
RESULT: {"using":"xpath","value":"//*[@id=\"__item2731-__clone7840-imgNav\"]"}
COMMAND: POST /session/a230b9fa5e58e47def27534e3d005bf9/elements - {"using":"xpath","value":"//*[@id=\"__item2731-__clone7840-imgNav\"]"}
RESULT: {"using":"xpath","value":"//*[@id=\"__item2731-__clone7840-imgNav\"]"}
COMMAND: POST /session/a230b9fa5e58e47def27534e3d005bf9/elements - {"using":"xpath","value":"//*[@id=\"__item2731-__clone7840-imgNav\"]"}
RESULT: {"using":"xpath","value":"//*[@id=\"__item2731-__clone7840-imgNav\"]"}
COMMAND: POST /session/a230b9fa5e58e47def27534e3d005bf9/elements - {"using":"xpath","value":"//*[@id=\"__item2731-__clone7840-imgNav\"]"}
RESULT: {"using":"xpath","value":"//*[@id=\"__item2731-__clone7840-imgNav\"]"}
COMMAND: POST /session/a230b9fa5e58e47def27534e3d005bf9/elements - {"using":"xpath","value":"//*[@id=\"__item2731-__clone7840-imgNav\"]"}
RESULT: {"using":"xpath","value":"//*[@id=\"__item2731-__clone7840-imgNav\"]"}
COMMAND: POST /session/a230b9fa5e58e47def27534e3d005bf9/elements - {"using":"xpath","value":"//*[@id=\"__item2731-__clone7840-imgNav\"]"}
RESULT: {"using":"xpath","value":"//*[@id=\"__item2731-__clone7840-imgNav\"]"}
COMMAND: POST /session/a230b9fa5e58e47def27534e3d005bf9/elements - {"using":"xpath","value":"//*[@id=\"__item2731-__clone7840-imgNav\"]"}
RESULT: {"using":"xpath","value":"//*[@id=\"__item2731-__clone7840-imgNav\"]"}
COMMAND: POST /session/a230b9fa5e58e47def27534e3d005bf9/elements - {"using":"xpath","value":"//*[@id=\"__item2731-__clone7840-imgNav\"]"}
RESULT: {"using":"xpath","value":"//*[@id=\"__item2731-__clone7840-imgNav\"]"}
COMMAND: POST /session/a230b9fa5e58e47def27534e3d005bf9/elements - {"using":"xpath","value":"//*[@id=\"__item2731-__clone7840-imgNav\"]"}
RESULT: {"using":"xpath","value":"//*[@id=\"__item2731-__clone7840-imgNav\"]"}
COMMAND: POST /session/a230b9fa5e58e47def27534e3d005bf9/elements - {"using":"xpath","value":"//*[@id=\"__item2731-__clone7840-imgNav\"]"}
RESULT: {"using":"xpath","value":"//*[@id=\"__item2731-__clone7840-imgNav\"]"}
COMMAND: POST /session/a230b9fa5e58e47def27534e3d005bf9/elements - {"using":"xpath","value":"//*[@id=\"__item2731-__clone7840-imgNav\"]"}
RESULT: {"using":"xpath","value":"//*[@id=\"__item2731-__clone7840-imgNav\"]"}
COMMAND: POST /session/a230b9fa5e58e47def27534e3d005bf9/elements - {"using":"xpath","value":"//*[@id=\"__item2731-__clone7840-imgNav\"]"}
RESULT: {"using":"xpath","value":"//*[@id=\"__item2731-__clone7840-imgNav\"]"}
COMMAND: POST /session/a230b9fa5e58e47def27534e3d005bf9/elements - {"using":"xpath","value":"//*[@id=\"__item2731-__clone7840-imgNav\"]"}
RESULT: {"using":"xpath","value":"//*[@id=\"__item2731-__clone7840-imgNav\"]"}
COMMAND: POST /session/a230b9fa5e58e47def27534e3d005bf9/execute/async - {"script":"<script> [1562 bytes]","args":[{"selector":{"controlType":"sap.m.Button","viewName":"etm.portal.ui.managehandovers.view.DetailExecuteHO","i18NText":{"propertyName":"text","key":"confirmAll"},"interaction":{"idSuffix":"BDI-content"}},"wdio_ui5_key":"etmportal.ui.managehandovers.view.DetailExecuteHOsap.m.Button{\"propertyName\":\"text\",\"key\":\"confirmAll\"}"}]}
RESULT: {"script":"<script> [1562 bytes]","args":[{"selector":{"controlType":"sap.m.Button","viewName":"etm.portal.ui.managehandovers.view.DetailExecuteHO","i18NText":{"propertyName":"text","key":"confirmAll"},"interaction":{"idSuffix":"BDI-content"}},"wdio_ui5_key":"etmportal.ui.managehandovers.view.DetailExecuteHOsap.m.Button{\"propertyName\":\"text\",\"key\":\"confirmAll\"}"}]}
RESULT: undefined
COMMAND: POST /session/a230b9fa5e58e47def27534e3d005bf9/actions - {"actions":[{"id":"action104","type":"key","parameters":{},"actions":[{"type":"keyDown","value":"î€‡"},{"type":"pause","duration":10},{"type":"keyUp","value":"î€‡"}]}]}
RESULT: {"actions":[{"id":"action104","type":"key","parameters":{},"actions":[{"type":"keyDown","value":"î€‡"},{"type":"pause","duration":10},{"type":"keyUp","value":"î€‡"}]}]}
COMMAND: GET /session/a230b9fa5e58e47def27534e3d005bf9/screenshot - {}
RESULT: {}
COMMAND: POST /session/a230b9fa5e58e47def27534e3d005bf9/execute/async - {"script":"<script> [1562 bytes]","args":[{"selector":{"id":"confirmationButton","viewName":"etm.portal.ui.managehandovers.view.DetailExecuteHO","properties":{"text":"Issue"},"interaction":{"idSuffix":"BDI-content"}},"wdio_ui5_key":"confirmationButtonetmportal.ui.managehandovers.view.DetailExecuteHO{\"text\":\"Issue\"}"}]}
RESULT: {"script":"<script> [1562 bytes]","args":[{"selector":{"id":"confirmationButton","viewName":"etm.portal.ui.managehandovers.view.DetailExecuteHO","properties":{"text":"Issue"},"interaction":{"idSuffix":"BDI-content"}},"wdio_ui5_key":"confirmationButtonetmportal.ui.managehandovers.view.DetailExecuteHO{\"text\":\"Issue\"}"}]}
RESULT: undefined
RESULT: undefined
COMMAND: POST /session/a230b9fa5e58e47def27534e3d005bf9/execute/async - {"script":"<script> [776 bytes]","args":[{"enterText":"30399","selector":{"controlType":"sap.m.SearchField","viewName":"etm.portal.ui.managehandovers.view.MasterHO","bindingPath":{"propertyPath":"/_BASIC_SEARCH_FIELD","modelName":"fi1t3rM0d31"},"interaction":{"idSuffix":"I"}},"clearTextFirst":true,"interactionType":"ENTER_TEXT"}]}
RESULT: {"script":"<script> [776 bytes]","args":[{"enterText":"30399","selector":{"controlType":"sap.m.SearchField","viewName":"etm.portal.ui.managehandovers.view.MasterHO","bindingPath":{"propertyPath":"/_BASIC_SEARCH_FIELD","modelName":"fi1t3rM0d31"},"interaction":{"idSuffix":"I"}},"clearTextFirst":true,"interactionType":"ENTER_TEXT"}]}
COMMAND: POST /session/a230b9fa5e58e47def27534e3d005bf9/actions - {"actions":[{"id":"action105","type":"key","parameters":{},"actions":[{"type":"keyDown","value":"î€‡"},{"type":"pause","duration":10},{"type":"keyUp","value":"î€‡"}]}]}
RESULT: {"actions":[{"id":"action105","type":"key","parameters":{},"actions":[{"type":"keyDown","value":"î€‡"},{"type":"pause","duration":10},{"type":"keyUp","value":"î€‡"}]}]}
COMMAND: GET /session/a230b9fa5e58e47def27534e3d005bf9/screenshot - {}
RESULT: {}
RESULT: undefined
COMMAND: POST /session/a230b9fa5e58e47def27534e3d005bf9/element - {"using":"xpath","value":"//*[@id=\"__item2731-__clone7840-imgNav\"]"}
RESULT: {"using":"xpath","value":"//*[@id=\"__item2731-__clone7840-imgNav\"]"}
COMMAND: POST /session/a230b9fa5e58e47def27534e3d005bf9/elements - {"using":"xpath","value":"//*[@id=\"__item2731-__clone7840-imgNav\"]"}
RESULT: {"using":"xpath","value":"//*[@id=\"__item2731-__clone7840-imgNav\"]"}
COMMAND: POST /session/a230b9fa5e58e47def27534e3d005bf9/elements - {"using":"xpath","value":"//*[@id=\"__item2731-__clone7840-imgNav\"]"}
RESULT: {"using":"xpath","value":"//*[@id=\"__item2731-__clone7840-imgNav\"]"}
COMMAND: POST /session/a230b9fa5e58e47def27534e3d005bf9/elements - {"using":"xpath","value":"//*[@id=\"__item2731-__clone7840-imgNav\"]"}
RESULT: {"using":"xpath","value":"//*[@id=\"__item2731-__clone7840-imgNav\"]"}
COMMAND: POST /session/a230b9fa5e58e47def27534e3d005bf9/elements - {"using":"xpath","value":"//*[@id=\"__item2731-__clone7840-imgNav\"]"}
RESULT: {"using":"xpath","value":"//*[@id=\"__item2731-__clone7840-imgNav\"]"}
COMMAND: POST /session/a230b9fa5e58e47def27534e3d005bf9/elements - {"using":"xpath","value":"//*[@id=\"__item2731-__clone7840-imgNav\"]"}
RESULT: {"using":"xpath","value":"//*[@id=\"__item2731-__clone7840-imgNav\"]"}
COMMAND: POST /session/a230b9fa5e58e47def27534e3d005bf9/elements - {"using":"xpath","value":"//*[@id=\"__item2731-__clone7840-imgNav\"]"}
RESULT: {"using":"xpath","value":"//*[@id=\"__item2731-__clone7840-imgNav\"]"}
COMMAND: POST /session/a230b9fa5e58e47def27534e3d005bf9/elements - {"using":"xpath","value":"//*[@id=\"__item2731-__clone7840-imgNav\"]"}
RESULT: {"using":"xpath","value":"//*[@id=\"__item2731-__clone7840-imgNav\"]"}
COMMAND: POST /session/a230b9fa5e58e47def27534e3d005bf9/elements - {"using":"xpath","value":"//*[@id=\"__item2731-__clone7840-imgNav\"]"}
RESULT: {"using":"xpath","value":"//*[@id=\"__item2731-__clone7840-imgNav\"]"}
COMMAND: POST /session/a230b9fa5e58e47def27534e3d005bf9/elements - {"using":"xpath","value":"//*[@id=\"__item2731-__clone7840-imgNav\"]"}
RESULT: {"using":"xpath","value":"//*[@id=\"__item2731-__clone7840-imgNav\"]"}
COMMAND: POST /session/a230b9fa5e58e47def27534e3d005bf9/elements - {"using":"xpath","value":"//*[@id=\"__item2731-__clone7840-imgNav\"]"}
RESULT: {"using":"xpath","value":"//*[@id=\"__item2731-__clone7840-imgNav\"]"}
COMMAND: POST /session/a230b9fa5e58e47def27534e3d005bf9/elements - {"using":"xpath","value":"//*[@id=\"__item2731-__clone7840-imgNav\"]"}
RESULT: {"using":"xpath","value":"//*[@id=\"__item2731-__clone7840-imgNav\"]"}
COMMAND: POST /session/a230b9fa5e58e47def27534e3d005bf9/elements - {"using":"xpath","value":"//*[@id=\"__item2731-__clone7840-imgNav\"]"}
RESULT: {"using":"xpath","value":"//*[@id=\"__item2731-__clone7840-imgNav\"]"}
COMMAND: POST /session/a230b9fa5e58e47def27534e3d005bf9/elements - {"using":"xpath","value":"//*[@id=\"__item2731-__clone7840-imgNav\"]"}
RESULT: {"using":"xpath","value":"//*[@id=\"__item2731-__clone7840-imgNav\"]"}
COMMAND: POST /session/a230b9fa5e58e47def27534e3d005bf9/elements - {"using":"xpath","value":"//*[@id=\"__item2731-__clone7840-imgNav\"]"}
RESULT: {"using":"xpath","value":"//*[@id=\"__item2731-__clone7840-imgNav\"]"}
COMMAND: POST /session/a230b9fa5e58e47def27534e3d005bf9/elements - {"using":"xpath","value":"//*[@id=\"__item2731-__clone7840-imgNav\"]"}
RESULT: {"using":"xpath","value":"//*[@id=\"__item2731-__clone7840-imgNav\"]"}
COMMAND: POST /session/a230b9fa5e58e47def27534e3d005bf9/elements - {"using":"xpath","value":"//*[@id=\"__item2731-__clone7840-imgNav\"]"}
RESULT: {"using":"xpath","value":"//*[@id=\"__item2731-__clone7840-imgNav\"]"}
COMMAND: POST /session/a230b9fa5e58e47def27534e3d005bf9/elements - {"using":"xpath","value":"//*[@id=\"__item2731-__clone7840-imgNav\"]"}
RESULT: {"using":"xpath","value":"//*[@id=\"__item2731-__clone7840-imgNav\"]"}
COMMAND: POST /session/a230b9fa5e58e47def27534e3d005bf9/elements - {"using":"xpath","value":"//*[@id=\"__item2731-__clone7840-imgNav\"]"}
RESULT: {"using":"xpath","value":"//*[@id=\"__item2731-__clone7840-imgNav\"]"}
COMMAND: POST /session/a230b9fa5e58e47def27534e3d005bf9/elements - {"using":"xpath","value":"//*[@id=\"__item2731-__clone7840-imgNav\"]"}
RESULT: {"using":"xpath","value":"//*[@id=\"__item2731-__clone7840-imgNav\"]"}
COMMAND: POST /session/a230b9fa5e58e47def27534e3d005bf9/elements - {"using":"xpath","value":"//*[@id=\"__item2731-__clone7840-imgNav\"]"}
RESULT: {"using":"xpath","value":"//*[@id=\"__item2731-__clone7840-imgNav\"]"}
COMMAND: POST /session/a230b9fa5e58e47def27534e3d005bf9/elements - {"using":"xpath","value":"//*[@id=\"__item2731-__clone7840-imgNav\"]"}
RESULT: {"using":"xpath","value":"//*[@id=\"__item2731-__clone7840-imgNav\"]"}
COMMAND: POST /session/a230b9fa5e58e47def27534e3d005bf9/elements - {"using":"xpath","value":"//*[@id=\"__item2731-__clone7840-imgNav\"]"}
RESULT: {"using":"xpath","value":"//*[@id=\"__item2731-__clone7840-imgNav\"]"}
COMMAND: POST /session/a230b9fa5e58e47def27534e3d005bf9/elements - {"using":"xpath","value":"//*[@id=\"__item2731-__clone7840-imgNav\"]"}
RESULT: {"using":"xpath","value":"//*[@id=\"__item2731-__clone7840-imgNav\"]"}
COMMAND: POST /session/a230b9fa5e58e47def27534e3d005bf9/elements - {"using":"xpath","value":"//*[@id=\"__item2731-__clone7840-imgNav\"]"}
RESULT: {"using":"xpath","value":"//*[@id=\"__item2731-__clone7840-imgNav\"]"}
COMMAND: POST /session/a230b9fa5e58e47def27534e3d005bf9/elements - {"using":"xpath","value":"//*[@id=\"__item2731-__clone7840-imgNav\"]"}
RESULT: {"using":"xpath","value":"//*[@id=\"__item2731-__clone7840-imgNav\"]"}
COMMAND: POST /session/a230b9fa5e58e47def27534e3d005bf9/elements - {"using":"xpath","value":"//*[@id=\"__item2731-__clone7840-imgNav\"]"}
RESULT: {"using":"xpath","value":"//*[@id=\"__item2731-__clone7840-imgNav\"]"}
COMMAND: POST /session/a230b9fa5e58e47def27534e3d005bf9/elements - {"using":"xpath","value":"//*[@id=\"__item2731-__clone7840-imgNav\"]"}
RESULT: {"using":"xpath","value":"//*[@id=\"__item2731-__clone7840-imgNav\"]"}
COMMAND: POST /session/a230b9fa5e58e47def27534e3d005bf9/elements - {"using":"xpath","value":"//*[@id=\"__item2731-__clone7840-imgNav\"]"}
RESULT: {"using":"xpath","value":"//*[@id=\"__item2731-__clone7840-imgNav\"]"}
COMMAND: POST /session/a230b9fa5e58e47def27534e3d005bf9/elements - {"using":"xpath","value":"//*[@id=\"__item2731-__clone7840-imgNav\"]"}
RESULT: {"using":"xpath","value":"//*[@id=\"__item2731-__clone7840-imgNav\"]"}
COMMAND: POST /session/a230b9fa5e58e47def27534e3d005bf9/elements - {"using":"xpath","value":"//*[@id=\"__item2731-__clone7840-imgNav\"]"}
RESULT: {"using":"xpath","value":"//*[@id=\"__item2731-__clone7840-imgNav\"]"}
COMMAND: POST /session/a230b9fa5e58e47def27534e3d005bf9/elements - {"using":"xpath","value":"//*[@id=\"__item2731-__clone7840-imgNav\"]"}
RESULT: {"using":"xpath","value":"//*[@id=\"__item2731-__clone7840-imgNav\"]"}
COMMAND: POST /session/a230b9fa5e58e47def27534e3d005bf9/elements - {"using":"xpath","value":"//*[@id=\"__item2731-__clone7840-imgNav\"]"}
RESULT: {"using":"xpath","value":"//*[@id=\"__item2731-__clone7840-imgNav\"]"}
COMMAND: POST /session/a230b9fa5e58e47def27534e3d005bf9/elements - {"using":"xpath","value":"//*[@id=\"__item2731-__clone7840-imgNav\"]"}
RESULT: {"using":"xpath","value":"//*[@id=\"__item2731-__clone7840-imgNav\"]"}
COMMAND: POST /session/a230b9fa5e58e47def27534e3d005bf9/elements - {"using":"xpath","value":"//*[@id=\"__item2731-__clone7840-imgNav\"]"}
RESULT: {"using":"xpath","value":"//*[@id=\"__item2731-__clone7840-imgNav\"]"}
COMMAND: POST /session/a230b9fa5e58e47def27534e3d005bf9/elements - {"using":"xpath","value":"//*[@id=\"__item2731-__clone7840-imgNav\"]"}
RESULT: {"using":"xpath","value":"//*[@id=\"__item2731-__clone7840-imgNav\"]"}
COMMAND: POST /session/a230b9fa5e58e47def27534e3d005bf9/elements - {"using":"xpath","value":"//*[@id=\"__item2731-__clone7840-imgNav\"]"}
RESULT: {"using":"xpath","value":"//*[@id=\"__item2731-__clone7840-imgNav\"]"}
COMMAND: POST /session/a230b9fa5e58e47def27534e3d005bf9/elements - {"using":"xpath","value":"//*[@id=\"__item2731-__clone7840-imgNav\"]"}
RESULT: {"using":"xpath","value":"//*[@id=\"__item2731-__clone7840-imgNav\"]"}
COMMAND: POST /session/a230b9fa5e58e47def27534e3d005bf9/elements - {"using":"xpath","value":"//*[@id=\"__item2731-__clone7840-imgNav\"]"}
RESULT: {"using":"xpath","value":"//*[@id=\"__item2731-__clone7840-imgNav\"]"}
COMMAND: POST /session/a230b9fa5e58e47def27534e3d005bf9/elements - {"using":"xpath","value":"//*[@id=\"__item2731-__clone7840-imgNav\"]"}
RESULT: {"using":"xpath","value":"//*[@id=\"__item2731-__clone7840-imgNav\"]"}
COMMAND: POST /session/a230b9fa5e58e47def27534e3d005bf9/elements - {"using":"xpath","value":"//*[@id=\"__item2731-__clone7840-imgNav\"]"}
RESULT: {"using":"xpath","value":"//*[@id=\"__item2731-__clone7840-imgNav\"]"}
COMMAND: POST /session/a230b9fa5e58e47def27534e3d005bf9/elements - {"using":"xpath","value":"//*[@id=\"__item2731-__clone7840-imgNav\"]"}
RESULT: {"using":"xpath","value":"//*[@id=\"__item2731-__clone7840-imgNav\"]"}
COMMAND: POST /session/a230b9fa5e58e47def27534e3d005bf9/elements - {"using":"xpath","value":"//*[@id=\"__item2731-__clone7840-imgNav\"]"}
RESULT: {"using":"xpath","value":"//*[@id=\"__item2731-__clone7840-imgNav\"]"}
COMMAND: POST /session/a230b9fa5e58e47def27534e3d005bf9/elements - {"using":"xpath","value":"//*[@id=\"__item2731-__clone7840-imgNav\"]"}
RESULT: {"using":"xpath","value":"//*[@id=\"__item2731-__clone7840-imgNav\"]"}
COMMAND: POST /session/a230b9fa5e58e47def27534e3d005bf9/elements - {"using":"xpath","value":"//*[@id=\"__item2731-__clone7840-imgNav\"]"}
RESULT: {"using":"xpath","value":"//*[@id=\"__item2731-__clone7840-imgNav\"]"}
COMMAND: POST /session/a230b9fa5e58e47def27534e3d005bf9/elements - {"using":"xpath","value":"//*[@id=\"__item2731-__clone7840-imgNav\"]"}
RESULT: {"using":"xpath","value":"//*[@id=\"__item2731-__clone7840-imgNav\"]"}
COMMAND: POST /session/a230b9fa5e58e47def27534e3d005bf9/elements - {"using":"xpath","value":"//*[@id=\"__item2731-__clone7840-imgNav\"]"}
RESULT: {"using":"xpath","value":"//*[@id=\"__item2731-__clone7840-imgNav\"]"}
COMMAND: POST /session/a230b9fa5e58e47def27534e3d005bf9/elements - {"using":"xpath","value":"//*[@id=\"__item2731-__clone7840-imgNav\"]"}
RESULT: {"using":"xpath","value":"//*[@id=\"__item2731-__clone7840-imgNav\"]"}
COMMAND: POST /session/a230b9fa5e58e47def27534e3d005bf9/elements - {"using":"xpath","value":"//*[@id=\"__item2731-__clone7840-imgNav\"]"}
RESULT: {"using":"xpath","value":"//*[@id=\"__item2731-__clone7840-imgNav\"]"}
COMMAND: POST /session/a230b9fa5e58e47def27534e3d005bf9/elements - {"using":"xpath","value":"//*[@id=\"__item2731-__clone7840-imgNav\"]"}
RESULT: {"using":"xpath","value":"//*[@id=\"__item2731-__clone7840-imgNav\"]"}
COMMAND: POST /session/a230b9fa5e58e47def27534e3d005bf9/elements - {"using":"xpath","value":"//*[@id=\"__item2731-__clone7840-imgNav\"]"}
RESULT: {"using":"xpath","value":"//*[@id=\"__item2731-__clone7840-imgNav\"]"}
COMMAND: POST /session/a230b9fa5e58e47def27534e3d005bf9/elements - {"using":"xpath","value":"//*[@id=\"__item2731-__clone7840-imgNav\"]"}
RESULT: {"using":"xpath","value":"//*[@id=\"__item2731-__clone7840-imgNav\"]"}
COMMAND: POST /session/a230b9fa5e58e47def27534e3d005bf9/elements - {"using":"xpath","value":"//*[@id=\"__item2731-__clone7840-imgNav\"]"}
RESULT: {"using":"xpath","value":"//*[@id=\"__item2731-__clone7840-imgNav\"]"}
COMMAND: POST /session/a230b9fa5e58e47def27534e3d005bf9/elements - {"using":"xpath","value":"//*[@id=\"__item2731-__clone7840-imgNav\"]"}
RESULT: {"using":"xpath","value":"//*[@id=\"__item2731-__clone7840-imgNav\"]"}
COMMAND: POST /session/a230b9fa5e58e47def27534e3d005bf9/elements - {"using":"xpath","value":"//*[@id=\"__item2731-__clone7840-imgNav\"]"}
RESULT: {"using":"xpath","value":"//*[@id=\"__item2731-__clone7840-imgNav\"]"}
COMMAND: POST /session/a230b9fa5e58e47def27534e3d005bf9/elements - {"using":"xpath","value":"//*[@id=\"__item2731-__clone7840-imgNav\"]"}
RESULT: {"using":"xpath","value":"//*[@id=\"__item2731-__clone7840-imgNav\"]"}
COMMAND: POST /session/a230b9fa5e58e47def27534e3d005bf9/elements - {"using":"xpath","value":"//*[@id=\"__item2731-__clone7840-imgNav\"]"}
RESULT: {"using":"xpath","value":"//*[@id=\"__item2731-__clone7840-imgNav\"]"}
COMMAND: POST /session/a230b9fa5e58e47def27534e3d005bf9/elements - {"using":"xpath","value":"//*[@id=\"__item2731-__clone7840-imgNav\"]"}
RESULT: {"using":"xpath","value":"//*[@id=\"__item2731-__clone7840-imgNav\"]"}
COMMAND: POST /session/a230b9fa5e58e47def27534e3d005bf9/elements - {"using":"xpath","value":"//*[@id=\"__item2731-__clone7840-imgNav\"]"}
RESULT: {"using":"xpath","value":"//*[@id=\"__item2731-__clone7840-imgNav\"]"}
COMMAND: POST /session/a230b9fa5e58e47def27534e3d005bf9/elements - {"using":"xpath","value":"//*[@id=\"__item2731-__clone7840-imgNav\"]"}
RESULT: {"using":"xpath","value":"//*[@id=\"__item2731-__clone7840-imgNav\"]"}
COMMAND: POST /session/a230b9fa5e58e47def27534e3d005bf9/elements - {"using":"xpath","value":"//*[@id=\"__item2731-__clone7840-imgNav\"]"}
RESULT: {"using":"xpath","value":"//*[@id=\"__item2731-__clone7840-imgNav\"]"}
COMMAND: POST /session/a230b9fa5e58e47def27534e3d005bf9/elements - {"using":"xpath","value":"//*[@id=\"__item2731-__clone7840-imgNav\"]"}
RESULT: {"using":"xpath","value":"//*[@id=\"__item2731-__clone7840-imgNav\"]"}
COMMAND: POST /session/a230b9fa5e58e47def27534e3d005bf9/elements - {"using":"xpath","value":"//*[@id=\"__item2731-__clone7840-imgNav\"]"}
RESULT: {"using":"xpath","value":"//*[@id=\"__item2731-__clone7840-imgNav\"]"}
COMMAND: POST /session/a230b9fa5e58e47def27534e3d005bf9/elements - {"using":"xpath","value":"//*[@id=\"__item2731-__clone7840-imgNav\"]"}
RESULT: {"using":"xpath","value":"//*[@id=\"__item2731-__clone7840-imgNav\"]"}
COMMAND: POST /session/a230b9fa5e58e47def27534e3d005bf9/elements - {"using":"xpath","value":"//*[@id=\"__item2731-__clone7840-imgNav\"]"}
RESULT: {"using":"xpath","value":"//*[@id=\"__item2731-__clone7840-imgNav\"]"}
COMMAND: POST /session/a230b9fa5e58e47def27534e3d005bf9/elements - {"using":"xpath","value":"//*[@id=\"__item2731-__clone7840-imgNav\"]"}
RESULT: {"using":"xpath","value":"//*[@id=\"__item2731-__clone7840-imgNav\"]"}
COMMAND: POST /session/a230b9fa5e58e47def27534e3d005bf9/elements - {"using":"xpath","value":"//*[@id=\"__item2731-__clone7840-imgNav\"]"}
RESULT: {"using":"xpath","value":"//*[@id=\"__item2731-__clone7840-imgNav\"]"}
COMMAND: POST /session/a230b9fa5e58e47def27534e3d005bf9/elements - {"using":"xpath","value":"//*[@id=\"__item2731-__clone7840-imgNav\"]"}
RESULT: {"using":"xpath","value":"//*[@id=\"__item2731-__clone7840-imgNav\"]"}
COMMAND: POST /session/a230b9fa5e58e47def27534e3d005bf9/elements - {"using":"xpath","value":"//*[@id=\"__item2731-__clone7840-imgNav\"]"}
RESULT: {"using":"xpath","value":"//*[@id=\"__item2731-__clone7840-imgNav\"]"}
COMMAND: POST /session/a230b9fa5e58e47def27534e3d005bf9/elements - {"using":"xpath","value":"//*[@id=\"__item2731-__clone7840-imgNav\"]"}
RESULT: {"using":"xpath","value":"//*[@id=\"__item2731-__clone7840-imgNav\"]"}
COMMAND: POST /session/a230b9fa5e58e47def27534e3d005bf9/elements - {"using":"xpath","value":"//*[@id=\"__item2731-__clone7840-imgNav\"]"}
RESULT: {"using":"xpath","value":"//*[@id=\"__item2731-__clone7840-imgNav\"]"}
COMMAND: POST /session/a230b9fa5e58e47def27534e3d005bf9/elements - {"using":"xpath","value":"//*[@id=\"__item2731-__clone7840-imgNav\"]"}
RESULT: {"using":"xpath","value":"//*[@id=\"__item2731-__clone7840-imgNav\"]"}
COMMAND: POST /session/a230b9fa5e58e47def27534e3d005bf9/elements - {"using":"xpath","value":"//*[@id=\"__item2731-__clone7840-imgNav\"]"}
RESULT: {"using":"xpath","value":"//*[@id=\"__item2731-__clone7840-imgNav\"]"}
COMMAND: POST /session/a230b9fa5e58e47def27534e3d005bf9/elements - {"using":"xpath","value":"//*[@id=\"__item2731-__clone7840-imgNav\"]"}
RESULT: {"using":"xpath","value":"//*[@id=\"__item2731-__clone7840-imgNav\"]"}
COMMAND: POST /session/a230b9fa5e58e47def27534e3d005bf9/elements - {"using":"xpath","value":"//*[@id=\"__item2731-__clone7840-imgNav\"]"}
RESULT: {"using":"xpath","value":"//*[@id=\"__item2731-__clone7840-imgNav\"]"}
COMMAND: POST /session/a230b9fa5e58e47def27534e3d005bf9/elements - {"using":"xpath","value":"//*[@id=\"__item2731-__clone7840-imgNav\"]"}
RESULT: {"using":"xpath","value":"//*[@id=\"__item2731-__clone7840-imgNav\"]"}
COMMAND: POST /session/a230b9fa5e58e47def27534e3d005bf9/elements - {"using":"xpath","value":"//*[@id=\"__item2731-__clone7840-imgNav\"]"}
RESULT: {"using":"xpath","value":"//*[@id=\"__item2731-__clone7840-imgNav\"]"}
COMMAND: POST /session/a230b9fa5e58e47def27534e3d005bf9/elements - {"using":"xpath","value":"//*[@id=\"__item2731-__clone7840-imgNav\"]"}
RESULT: {"using":"xpath","value":"//*[@id=\"__item2731-__clone7840-imgNav\"]"}
COMMAND: POST /session/a230b9fa5e58e47def27534e3d005bf9/elements - {"using":"xpath","value":"//*[@id=\"__item2731-__clone7840-imgNav\"]"}
RESULT: {"using":"xpath","value":"//*[@id=\"__item2731-__clone7840-imgNav\"]"}
COMMAND: POST /session/a230b9fa5e58e47def27534e3d005bf9/elements - {"using":"xpath","value":"//*[@id=\"__item2731-__clone7840-imgNav\"]"}
RESULT: {"using":"xpath","value":"//*[@id=\"__item2731-__clone7840-imgNav\"]"}
COMMAND: POST /session/a230b9fa5e58e47def27534e3d005bf9/elements - {"using":"xpath","value":"//*[@id=\"__item2731-__clone7840-imgNav\"]"}
RESULT: {"using":"xpath","value":"//*[@id=\"__item2731-__clone7840-imgNav\"]"}
COMMAND: POST /session/a230b9fa5e58e47def27534e3d005bf9/elements - {"using":"xpath","value":"//*[@id=\"__item2731-__clone7840-imgNav\"]"}
RESULT: {"using":"xpath","value":"//*[@id=\"__item2731-__clone7840-imgNav\"]"}
COMMAND: POST /session/a230b9fa5e58e47def27534e3d005bf9/elements - {"using":"xpath","value":"//*[@id=\"__item2731-__clone7840-imgNav\"]"}
RESULT: {"using":"xpath","value":"//*[@id=\"__item2731-__clone7840-imgNav\"]"}
COMMAND: POST /session/a230b9fa5e58e47def27534e3d005bf9/elements - {"using":"xpath","value":"//*[@id=\"__item2731-__clone7840-imgNav\"]"}
RESULT: {"using":"xpath","value":"//*[@id=\"__item2731-__clone7840-imgNav\"]"}
COMMAND: POST /session/a230b9fa5e58e47def27534e3d005bf9/elements - {"using":"xpath","value":"//*[@id=\"__item2731-__clone7840-imgNav\"]"}
RESULT: {"using":"xpath","value":"//*[@id=\"__item2731-__clone7840-imgNav\"]"}
COMMAND: POST /session/a230b9fa5e58e47def27534e3d005bf9/elements - {"using":"xpath","value":"//*[@id=\"__item2731-__clone7840-imgNav\"]"}
RESULT: {"using":"xpath","value":"//*[@id=\"__item2731-__clone7840-imgNav\"]"}
COMMAND: POST /session/a230b9fa5e58e47def27534e3d005bf9/elements - {"using":"xpath","value":"//*[@id=\"__item2731-__clone7840-imgNav\"]"}
RESULT: {"using":"xpath","value":"//*[@id=\"__item2731-__clone7840-imgNav\"]"}
COMMAND: POST /session/a230b9fa5e58e47def27534e3d005bf9/elements - {"using":"xpath","value":"//*[@id=\"__item2731-__clone7840-imgNav\"]"}
RESULT: {"using":"xpath","value":"//*[@id=\"__item2731-__clone7840-imgNav\"]"}
COMMAND: POST /session/a230b9fa5e58e47def27534e3d005bf9/elements - {"using":"xpath","value":"//*[@id=\"__item2731-__clone7840-imgNav\"]"}
RESULT: {"using":"xpath","value":"//*[@id=\"__item2731-__clone7840-imgNav\"]"}
COMMAND: POST /session/a230b9fa5e58e47def27534e3d005bf9/elements - {"using":"xpath","value":"//*[@id=\"__item2731-__clone7840-imgNav\"]"}
RESULT: {"using":"xpath","value":"//*[@id=\"__item2731-__clone7840-imgNav\"]"}
COMMAND: POST /session/a230b9fa5e58e47def27534e3d005bf9/elements - {"using":"xpath","value":"//*[@id=\"__item2731-__clone7840-imgNav\"]"}
RESULT: {"using":"xpath","value":"//*[@id=\"__item2731-__clone7840-imgNav\"]"}
COMMAND: POST /session/a230b9fa5e58e47def27534e3d005bf9/elements - {"using":"xpath","value":"//*[@id=\"__item2731-__clone7840-imgNav\"]"}
RESULT: {"using":"xpath","value":"//*[@id=\"__item2731-__clone7840-imgNav\"]"}
COMMAND: POST /session/a230b9fa5e58e47def27534e3d005bf9/elements - {"using":"xpath","value":"//*[@id=\"__item2731-__clone7840-imgNav\"]"}
RESULT: {"using":"xpath","value":"//*[@id=\"__item2731-__clone7840-imgNav\"]"}
COMMAND: POST /session/a230b9fa5e58e47def27534e3d005bf9/elements - {"using":"xpath","value":"//*[@id=\"__item2731-__clone7840-imgNav\"]"}
RESULT: {"using":"xpath","value":"//*[@id=\"__item2731-__clone7840-imgNav\"]"}
COMMAND: POST /session/a230b9fa5e58e47def27534e3d005bf9/elements - {"using":"xpath","value":"//*[@id=\"__item2731-__clone7840-imgNav\"]"}
RESULT: {"using":"xpath","value":"//*[@id=\"__item2731-__clone7840-imgNav\"]"}
COMMAND: POST /session/a230b9fa5e58e47def27534e3d005bf9/elements - {"using":"xpath","value":"//*[@id=\"__item2731-__clone7840-imgNav\"]"}
RESULT: {"using":"xpath","value":"//*[@id=\"__item2731-__clone7840-imgNav\"]"}
COMMAND: POST /session/a230b9fa5e58e47def27534e3d005bf9/elements - {"using":"xpath","value":"//*[@id=\"__item2731-__clone7840-imgNav\"]"}
RESULT: {"using":"xpath","value":"//*[@id=\"__item2731-__clone7840-imgNav\"]"}
COMMAND: POST /session/a230b9fa5e58e47def27534e3d005bf9/elements - {"using":"xpath","value":"//*[@id=\"__item2731-__clone7840-imgNav\"]"}
RESULT: {"using":"xpath","value":"//*[@id=\"__item2731-__clone7840-imgNav\"]"}
COMMAND: POST /session/a230b9fa5e58e47def27534e3d005bf9/elements - {"using":"xpath","value":"//*[@id=\"__item2731-__clone7840-imgNav\"]"}
RESULT: {"using":"xpath","value":"//*[@id=\"__item2731-__clone7840-imgNav\"]"}
COMMAND: POST /session/a230b9fa5e58e47def27534e3d005bf9/elements - {"using":"xpath","value":"//*[@id=\"__item2731-__clone7840-imgNav\"]"}
RESULT: {"using":"xpath","value":"//*[@id=\"__item2731-__clone7840-imgNav\"]"}
COMMAND: POST /session/a230b9fa5e58e47def27534e3d005bf9/elements - {"using":"xpath","value":"//*[@id=\"__item2731-__clone7840-imgNav\"]"}
RESULT: {"using":"xpath","value":"//*[@id=\"__item2731-__clone7840-imgNav\"]"}
COMMAND: POST /session/a230b9fa5e58e47def27534e3d005bf9/elements - {"using":"xpath","value":"//*[@id=\"__item2731-__clone7840-imgNav\"]"}
RESULT: {"using":"xpath","value":"//*[@id=\"__item2731-__clone7840-imgNav\"]"}
COMMAND: POST /session/a230b9fa5e58e47def27534e3d005bf9/elements - {"using":"xpath","value":"//*[@id=\"__item2731-__clone7840-imgNav\"]"}
RESULT: {"using":"xpath","value":"//*[@id=\"__item2731-__clone7840-imgNav\"]"}
COMMAND: POST /session/a230b9fa5e58e47def27534e3d005bf9/elements - {"using":"xpath","value":"//*[@id=\"__item2731-__clone7840-imgNav\"]"}
RESULT: {"using":"xpath","value":"//*[@id=\"__item2731-__clone7840-imgNav\"]"}
COMMAND: POST /session/a230b9fa5e58e47def27534e3d005bf9/elements - {"using":"xpath","value":"//*[@id=\"__item2731-__clone7840-imgNav\"]"}
RESULT: {"using":"xpath","value":"//*[@id=\"__item2731-__clone7840-imgNav\"]"}
COMMAND: POST /session/a230b9fa5e58e47def27534e3d005bf9/elements - {"using":"xpath","value":"//*[@id=\"__item2731-__clone7840-imgNav\"]"}
RESULT: {"using":"xpath","value":"//*[@id=\"__item2731-__clone7840-imgNav\"]"}
COMMAND: POST /session/a230b9fa5e58e47def27534e3d005bf9/elements - {"using":"xpath","value":"//*[@id=\"__item2731-__clone7840-imgNav\"]"}
RESULT: {"using":"xpath","value":"//*[@id=\"__item2731-__clone7840-imgNav\"]"}
COMMAND: POST /session/a230b9fa5e58e47def27534e3d005bf9/elements - {"using":"xpath","value":"//*[@id=\"__item2731-__clone7840-imgNav\"]"}
RESULT: {"using":"xpath","value":"//*[@id=\"__item2731-__clone7840-imgNav\"]"}
COMMAND: POST /session/a230b9fa5e58e47def27534e3d005bf9/elements - {"using":"xpath","value":"//*[@id=\"__item2731-__clone7840-imgNav\"]"}
RESULT: {"using":"xpath","value":"//*[@id=\"__item2731-__clone7840-imgNav\"]"}
COMMAND: POST /session/a230b9fa5e58e47def27534e3d005bf9/elements - {"using":"xpath","value":"//*[@id=\"__item2731-__clone7840-imgNav\"]"}
RESULT: {"using":"xpath","value":"//*[@id=\"__item2731-__clone7840-imgNav\"]"}
COMMAND: POST /session/a230b9fa5e58e47def27534e3d005bf9/elements - {"using":"xpath","value":"//*[@id=\"__item2731-__clone7840-imgNav\"]"}
RESULT: {"using":"xpath","value":"//*[@id=\"__item2731-__clone7840-imgNav\"]"}
COMMAND: POST /session/a230b9fa5e58e47def27534e3d005bf9/elements - {"using":"xpath","value":"//*[@id=\"__item2731-__clone7840-imgNav\"]"}
RESULT: {"using":"xpath","value":"//*[@id=\"__item2731-__clone7840-imgNav\"]"}
COMMAND: POST /session/a230b9fa5e58e47def27534e3d005bf9/elements - {"using":"xpath","value":"//*[@id=\"__item2731-__clone7840-imgNav\"]"}
RESULT: {"using":"xpath","value":"//*[@id=\"__item2731-__clone7840-imgNav\"]"}
COMMAND: POST /session/a230b9fa5e58e47def27534e3d005bf9/elements - {"using":"xpath","value":"//*[@id=\"__item2731-__clone7840-imgNav\"]"}
RESULT: {"using":"xpath","value":"//*[@id=\"__item2731-__clone7840-imgNav\"]"}
COMMAND: POST /session/a230b9fa5e58e47def27534e3d005bf9/elements - {"using":"xpath","value":"//*[@id=\"__item2731-__clone7840-imgNav\"]"}
RESULT: {"using":"xpath","value":"//*[@id=\"__item2731-__clone7840-imgNav\"]"}
COMMAND: POST /session/a230b9fa5e58e47def27534e3d005bf9/elements - {"using":"xpath","value":"//*[@id=\"__item2731-__clone7840-imgNav\"]"}
RESULT: {"using":"xpath","value":"//*[@id=\"__item2731-__clone7840-imgNav\"]"}
COMMAND: POST /session/a230b9fa5e58e47def27534e3d005bf9/elements - {"using":"xpath","value":"//*[@id=\"__item2731-__clone7840-imgNav\"]"}
RESULT: {"using":"xpath","value":"//*[@id=\"__item2731-__clone7840-imgNav\"]"}
COMMAND: POST /session/a230b9fa5e58e47def27534e3d005bf9/elements - {"using":"xpath","value":"//*[@id=\"__item2731-__clone7840-imgNav\"]"}
RESULT: {"using":"xpath","value":"//*[@id=\"__item2731-__clone7840-imgNav\"]"}
COMMAND: POST /session/a230b9fa5e58e47def27534e3d005bf9/elements - {"using":"xpath","value":"//*[@id=\"__item2731-__clone7840-imgNav\"]"}
RESULT: {"using":"xpath","value":"//*[@id=\"__item2731-__clone7840-imgNav\"]"}
COMMAND: POST /session/a230b9fa5e58e47def27534e3d005bf9/elements - {"using":"xpath","value":"//*[@id=\"__item2731-__clone7840-imgNav\"]"}
RESULT: {"using":"xpath","value":"//*[@id=\"__item2731-__clone7840-imgNav\"]"}
COMMAND: POST /session/a230b9fa5e58e47def27534e3d005bf9/elements - {"using":"xpath","value":"//*[@id=\"__item2731-__clone7840-imgNav\"]"}
RESULT: {"using":"xpath","value":"//*[@id=\"__item2731-__clone7840-imgNav\"]"}
COMMAND: POST /session/a230b9fa5e58e47def27534e3d005bf9/elements - {"using":"xpath","value":"//*[@id=\"__item2731-__clone7840-imgNav\"]"}
RESULT: {"using":"xpath","value":"//*[@id=\"__item2731-__clone7840-imgNav\"]"}
COMMAND: POST /session/a230b9fa5e58e47def27534e3d005bf9/execute/async - {"script":"<script> [1562 bytes]","args":[{"selector":{"id":"instructionsTabFilter","viewName":"etm.portal.ui.managehandovers.view.DetailExecuteHO","interaction":{"idSuffix":"text"}},"wdio_ui5_key":"instructionsTabFilteretmportal.ui.managehandovers.view.DetailExecuteHO"}]}
RESULT: {"script":"<script> [1562 bytes]","args":[{"selector":{"id":"instructionsTabFilter","viewName":"etm.portal.ui.managehandovers.view.DetailExecuteHO","interaction":{"idSuffix":"text"}},"wdio_ui5_key":"instructionsTabFilteretmportal.ui.managehandovers.view.DetailExecuteHO"}]}
RESULT: undefined
RESULT: undefined
COMMAND: POST /session/a230b9fa5e58e47def27534e3d005bf9/execute/async - {"script":"<script> [1562 bytes]","args":[{"selector":{"controlType":"sap.m.ComboBox","viewName":"etm.portal.ui.managehandovers.view.DetailExecuteHO","bindingPath":{"propertyPath":"RECEIVING_SECTION","modelName":"catalogModel"},"interaction":{"idSuffix":"inner"}},"wdio_ui5_key":"etmportal.ui.managehandovers.view.DetailExecuteHOsap.m.ComboBox{\"propertyPath\":\"RECEIVING_SECTION\",\"modelName\":\"catalogModel\"}"}]}
RESULT: {"script":"<script> [1562 bytes]","args":[{"selector":{"controlType":"sap.m.ComboBox","viewName":"etm.portal.ui.managehandovers.view.DetailExecuteHO","bindingPath":{"propertyPath":"RECEIVING_SECTION","modelName":"catalogModel"},"interaction":{"idSuffix":"inner"}},"wdio_ui5_key":"etmportal.ui.managehandovers.view.DetailExecuteHOsap.m.ComboBox{\"propertyPath\":\"RECEIVING_SECTION\",\"modelName\":\"catalogModel\"}"}]}
RESULT: undefined
COMMAND: POST /session/a230b9fa5e58e47def27534e3d005bf9/actions - {"actions":[{"id":"action106","type":"key","parameters":{},"actions":[{"type":"keyDown","value":"î€‡"},{"type":"pause","duration":10},{"type":"keyUp","value":"î€‡"}]}]}
RESULT: {"actions":[{"id":"action106","type":"key","parameters":{},"actions":[{"type":"keyDown","value":"î€‡"},{"type":"pause","duration":10},{"type":"keyUp","value":"î€‡"}]}]}
COMMAND: GET /session/a230b9fa5e58e47def27534e3d005bf9/screenshot - {}
RESULT: {}
COMMAND: POST /session/a230b9fa5e58e47def27534e3d005bf9/execute/async - {"script":"<script> [1562 bytes]","args":[{"selector":{"id":"confirmationButton","viewName":"etm.portal.ui.managehandovers.view.DetailExecuteHO","properties":{"text":"Receive"},"interaction":{"idSuffix":"BDI-content"}},"wdio_ui5_key":"confirmationButtonetmportal.ui.managehandovers.view.DetailExecuteHO{\"text\":\"Receive\"}"}]}
RESULT: {"script":"<script> [1562 bytes]","args":[{"selector":{"id":"confirmationButton","viewName":"etm.portal.ui.managehandovers.view.DetailExecuteHO","properties":{"text":"Receive"},"interaction":{"idSuffix":"BDI-content"}},"wdio_ui5_key":"confirmationButtonetmportal.ui.managehandovers.view.DetailExecuteHO{\"text\":\"Receive\"}"}]}
RESULT: undefined
COMMAND: POST /session/a230b9fa5e58e47def27534e3d005bf9/execute/async - {"script":"<script> [1562 bytes]","args":[{"selector":{"controlType":"sap.m.Button","properties":{"text":"Continue"},"searchOpenDialogs":true,"interaction":{"idSuffix":"content"}},"wdio_ui5_key":"sapm.Button{\"text\":\"Continue\"}"}]}
RESULT: {"script":"<script> [1562 bytes]","args":[{"selector":{"controlType":"sap.m.Button","properties":{"text":"Continue"},"searchOpenDialogs":true,"interaction":{"idSuffix":"content"}},"wdio_ui5_key":"sapm.Button{\"text\":\"Continue\"}"}]}
RESULT: undefined
COMMAND: POST /session/a230b9fa5e58e47def27534e3d005bf9/element - {"using":"css selector","value":"#j_username"}
COMMAND: POST /session/a230b9fa5e58e47def27534e3d005bf9/url - {"url":"https://qa-testing-00-live-etm-ui.cfapps.eu10-004.hana.ondemand.com/"}
RESULT: {"using":"css selector","value":"#j_username"}
COMMAND: POST /session/a230b9fa5e58e47def27534e3d005bf9/element - {"using":"css selector","value":"#j_username"}
RESULT: {"url":"https://qa-testing-00-live-etm-ui.cfapps.eu10-004.hana.ondemand.com/"}
RESULT: undefined
COMMAND: GET /session/a230b9fa5e58e47def27534e3d005bf9/screenshot - {}
RESULT: {"using":"css selector","value":"#j_username"}
COMMAND: POST /session/a230b9fa5e58e47def27534e3d005bf9/element - {"using":"css selector","value":"#shell-header-logo"}
RESULT: {}
RESULT: {"using":"css selector","value":"#shell-header-logo"}
COMMAND: POST /session/a230b9fa5e58e47def27534e3d005bf9/execute/sync - {"script":"<script> [8489 bytes]","args":[{"element-6066-11e4-a52e-4f735466cecf":"f.5A792F38359A1C743AD3061B3E5B94B4.d.801598FC5ADCE5EA3D2529C0087C3D6A.e.23624","ELEMENT":"f.5A792F38359A1C743AD3061B3E5B94B4.d.801598FC5ADCE5EA3D2529C0087C3D6A.e.23624"}]}
RESULT: {"script":"<script> [8489 bytes]","args":[{"element-6066-11e4-a52e-4f735466cecf":"f.5A792F38359A1C743AD3061B3E5B94B4.d.801598FC5ADCE5EA3D2529C0087C3D6A.e.23624","ELEMENT":"f.5A792F38359A1C743AD3061B3E5B94B4.d.801598FC5ADCE5EA3D2529C0087C3D6A.e.23624"}]}
COMMAND: POST /session/a230b9fa5e58e47def27534e3d005bf9/element - {"using":"css selector","value":"#shell-header-logo"}
COMMAND: GET /session/a230b9fa5e58e47def27534e3d005bf9/screenshot - {}
RESULT: {"using":"css selector","value":"#shell-header-logo"}
COMMAND: POST /session/a230b9fa5e58e47def27534e3d005bf9/execute/sync - {"script":"<script> [8489 bytes]","args":[{"element-6066-11e4-a52e-4f735466cecf":"f.5A792F38359A1C743AD3061B3E5B94B4.d.801598FC5ADCE5EA3D2529C0087C3D6A.e.23624","ELEMENT":"f.5A792F38359A1C743AD3061B3E5B94B4.d.801598FC5ADCE5EA3D2529C0087C3D6A.e.23624"}]}
RESULT: {}
RESULT: {"script":"<script> [8489 bytes]","args":[{"element-6066-11e4-a52e-4f735466cecf":"f.5A792F38359A1C743AD3061B3E5B94B4.d.801598FC5ADCE5EA3D2529C0087C3D6A.e.23624","ELEMENT":"f.5A792F38359A1C743AD3061B3E5B94B4.d.801598FC5ADCE5EA3D2529C0087C3D6A.e.23624"}]}
COMMAND: POST /session/a230b9fa5e58e47def27534e3d005bf9/execute/sync - {"script":"<script> [5351 bytes]","args":[{"element-6066-11e4-a52e-4f735466cecf":"f.5A792F38359A1C743AD3061B3E5B94B4.d.801598FC5ADCE5EA3D2529C0087C3D6A.e.23624","ELEMENT":"f.5A792F38359A1C743AD3061B3E5B94B4.d.801598FC5ADCE5EA3D2529C0087C3D6A.e.23624"}]}
COMMAND: GET /session/a230b9fa5e58e47def27534e3d005bf9/screenshot - {}
RESULT: {"script":"<script> [5351 bytes]","args":[{"element-6066-11e4-a52e-4f735466cecf":"f.5A792F38359A1C743AD3061B3E5B94B4.d.801598FC5ADCE5EA3D2529C0087C3D6A.e.23624","ELEMENT":"f.5A792F38359A1C743AD3061B3E5B94B4.d.801598FC5ADCE5EA3D2529C0087C3D6A.e.23624"}]}
COMMAND: POST /session/a230b9fa5e58e47def27534e3d005bf9/element - {"using":"css selector","value":"#shell-header-logo"}
COMMAND: GET /session/a230b9fa5e58e47def27534e3d005bf9/screenshot - {}
RESULT: {}
RESULT: {"using":"css selector","value":"#shell-header-logo"}
COMMAND: POST /session/a230b9fa5e58e47def27534e3d005bf9/element/f.5A792F38359A1C743AD3061B3E5B94B4.d.801598FC5ADCE5EA3D2529C0087C3D6A.e.23624/click - {}
RESULT: {}
RESULT: {}
COMMAND: GET /session/a230b9fa5e58e47def27534e3d005bf9/screenshot - {}
RESULT: {}
COMMAND: POST /session/a230b9fa5e58e47def27534e3d005bf9/execute/async - {"script":"<script> [189 bytes]","args":[]}
RESULT: {"script":"<script> [189 bytes]","args":[]}
COMMAND: POST /session/a230b9fa5e58e47def27534e3d005bf9/execute/async - {"script":"<script> [123 bytes]","args":[]}
RESULT: {"script":"<script> [123 bytes]","args":[]}
COMMAND: POST /session/a230b9fa5e58e47def27534e3d005bf9/timeouts - {"script":"<number>"}
RESULT: {"script":"<number>"}
COMMAND: GET /session/a230b9fa5e58e47def27534e3d005bf9/timeouts - {}
RESULT: {}
RESULT: undefined
COMMAND: POST /session/a230b9fa5e58e47def27534e3d005bf9/execute/async - {"script":"<script> [2676 bytes]","args":[]}
RESULT: {"script":"<script> [2676 bytes]","args":[]}
COMMAND: POST /session/a230b9fa5e58e47def27534e3d005bf9/execute/async - {"script":"<script> [2342 bytes]","args":[{"protocol":"http","hostname":"0.0.0.0","path":"/","capabilities":{"browserName":"chrome","goog:chromeOptions":{"binary":"C:\\Program Files\\Google\\Chrome\\Application\\chrome.exe","args":["--start-maximized"]}},"logLevel":"warn","connectionRetryTimeout":120000,"connectionRetryCount":3,"logLevels":{},"enableDirectConnect":true,"strictSSL":true,"_":"65 more keys: [\"cacheDir\",\"port\",\"requestedCapabilities\",\"automationProtocol\",\"baseUrl\",\"waitforInterval\",\"waitforTimeout\",\"onReload\",\"beforeCommand\",\"afterCommand\",\"rootDir\",\"specs\",\"suites\",\"exclude\",\"groupLogsByTestSpec\",\"excludeDriverLogs\",\"bail\",\"framework\",\"reporters\",\"services\",\"maxInstances\",\"maxInstancesPerCapability\",\"injectGlobals\",\"filesToWatch\",\"execArgv\",\"runnerEnv\",\"runner\",\"shard\",\"specFileRetries\",\"specFileRetriesDelay\",\"specFileRetriesDeferred\",\"reporterSyncInterval\",\"reporterSyncTimeout\",\"cucumberFeaturesWithLineNumbers\",\"autoCompileOpts\",\"mochaOpts\",\"jasmineOpts\",\"cucumberOpts\",\"onPrepare\",\"onWorkerStart\",\"onWorkerEnd\",\"before\",\"beforeSession\",\"beforeSuite\",\"beforeHook\",\"beforeTest\",\"afterTest\",\"afterHook\",\"afterSuite\",\"afterSession\",\"after\",\"onComplete\",\"beforeAssertion\",\"afterAssertion\",\"beforeFeature\",\"beforeScenario\",\"beforeStep\",\"afterStep\",\"afterScenario\",\"afterFeature\",\"_\",\"suite\",\"$0\",\"ignoredWorkerServices\",\"wdi5\"]"}]}
RESULT: {"script":"<script> [2342 bytes]","args":[{"protocol":"http","hostname":"0.0.0.0","path":"/","capabilities":{"browserName":"chrome","goog:chromeOptions":{"binary":"C:\\Program Files\\Google\\Chrome\\Application\\chrome.exe","args":["--start-maximized"]}},"logLevel":"warn","connectionRetryTimeout":120000,"connectionRetryCount":3,"logLevels":{},"enableDirectConnect":true,"strictSSL":true,"_":"65 more keys: [\"cacheDir\",\"port\",\"requestedCapabilities\",\"automationProtocol\",\"baseUrl\",\"waitforInterval\",\"waitforTimeout\",\"onReload\",\"beforeCommand\",\"afterCommand\",\"rootDir\",\"specs\",\"suites\",\"exclude\",\"groupLogsByTestSpec\",\"excludeDriverLogs\",\"bail\",\"framework\",\"reporters\",\"services\",\"maxInstances\",\"maxInstancesPerCapability\",\"injectGlobals\",\"filesToWatch\",\"execArgv\",\"runnerEnv\",\"runner\",\"shard\",\"specFileRetries\",\"specFileRetriesDelay\",\"specFileRetriesDeferred\",\"reporterSyncInterval\",\"reporterSyncTimeout\",\"cucumberFeaturesWithLineNumbers\",\"autoCompileOpts\",\"mochaOpts\",\"jasmineOpts\",\"cucumberOpts\",\"onPrepare\",\"onWorkerStart\",\"onWorkerEnd\",\"before\",\"beforeSession\",\"beforeSuite\",\"beforeHook\",\"beforeTest\",\"afterTest\",\"afterHook\",\"afterSuite\",\"afterSession\",\"after\",\"onComplete\",\"beforeAssertion\",\"afterAssertion\",\"beforeFeature\",\"beforeScenario\",\"beforeStep\",\"afterStep\",\"afterScenario\",\"afterFeature\",\"_\",\"suite\",\"$0\",\"ignoredWorkerServices\",\"wdi5\"]"}]}
COMMAND: POST /session/a230b9fa5e58e47def27534e3d005bf9/execute/async - {"script":"<script> [21126 bytes]","args":[35000]}
RESULT: {"script":"<script> [21126 bytes]","args":[35000]}
COMMAND: POST /session/a230b9fa5e58e47def27534e3d005bf9/window/maximize - {}
RESULT: {}
COMMAND: POST /session/a230b9fa5e58e47def27534e3d005bf9/execute/async - {"script":"<script> [1562 bytes]","args":[{"selector":{"id":"shell-header","interaction":{"idSuffix":"icon"}},"wdio_ui5_key":"shellheader"}]}
COMMAND: GET /session/a230b9fa5e58e47def27534e3d005bf9/screenshot - {}
RESULT: {"script":"<script> [1562 bytes]","args":[{"selector":{"id":"shell-header","interaction":{"idSuffix":"icon"}},"wdio_ui5_key":"shellheader"}]}
RESULT: undefined
]]></system-out>
    </testcase>
  </testsuite>
  <testsuite timestamp="2025-04-28T17:36:39" time="434.851" tests="6" failures="6" errors="6" skipped="0">
    <properties>
      <property name="specId" value="0" />
      <property name="suiteName" value="Return from Site w/ warehouse management w/ clarification US125588" />
      <property name="capabilities" value="chrome.135_0_7049_96.windows" />
      <property name="file" value="file:///D:/a/1/s/test/specs/HTR/return-from-site-w-warehouse-management-w-clarification.spec.js" />
    </properties>
  </testsuite>
  <testsuite timestamp="2025-04-28T17:43:54" time="407.803" tests="7" failures="7" errors="7" skipped="0">
    <properties>
      <property name="specId" value="0" />
      <property name="suiteName" value="Provide to Site w/ warehouse management w clarification" />
      <property name="capabilities" value="chrome.135_0_7049_96.windows" />
      <property name="file" value="file:///D:/a/1/s/test/specs/HTR/return-from-site-w-warehouse-management-w-clarification.spec.js" />
    </properties>
  </testsuite>
  <testsuite timestamp="2025-04-28T17:50:42" time="476.615" tests="9" failures="7" errors="7" skipped="0">
    <properties>
      <property name="specId" value="0" />
      <property name="suiteName" value="Create masterdata for Yard Overview - trigger provide US130988" />
      <property name="capabilities" value="chrome.135_0_7049_96.windows" />
      <property name="file" value="file:///D:/a/1/s/test/specs/HTR/stock-decrease.spec.js" />
    </properties>
    <testcase classname="chrome.135_0_7049_96.windows.Create_masterdata_for_Yard_Overview_-_trigger_provide_US130988" name="create a whm for yard" time="46.363">
      <system-out><![CDATA[
COMMAND: POST /session/a230b9fa5e58e47def27534e3d005bf9/element - {"using":"css selector","value":"#shell-header-icon"}
COMMAND: GET /session/a230b9fa5e58e47def27534e3d005bf9/screenshot - {}
RESULT: {"using":"css selector","value":"#shell-header-icon"}
COMMAND: POST /session/a230b9fa5e58e47def27534e3d005bf9/execute/sync - {"script":"<script> [8489 bytes]","args":[{"element-6066-11e4-a52e-4f735466cecf":"f.5A792F38359A1C743AD3061B3E5B94B4.d.CBE6AD416A7A2BC4A1EB1393E7B87A08.e.24452","ELEMENT":"f.5A792F38359A1C743AD3061B3E5B94B4.d.CBE6AD416A7A2BC4A1EB1393E7B87A08.e.24452"}]}
RESULT: {}
RESULT: {"script":"<script> [8489 bytes]","args":[{"element-6066-11e4-a52e-4f735466cecf":"f.5A792F38359A1C743AD3061B3E5B94B4.d.CBE6AD416A7A2BC4A1EB1393E7B87A08.e.24452","ELEMENT":"f.5A792F38359A1C743AD3061B3E5B94B4.d.CBE6AD416A7A2BC4A1EB1393E7B87A08.e.24452"}]}
COMMAND: GET /session/a230b9fa5e58e47def27534e3d005bf9/element/f.5A792F38359A1C743AD3061B3E5B94B4.d.CBE6AD416A7A2BC4A1EB1393E7B87A08.e.24452/enabled - {}
COMMAND: GET /session/a230b9fa5e58e47def27534e3d005bf9/screenshot - {}
RESULT: {}
COMMAND: POST /session/a230b9fa5e58e47def27534e3d005bf9/element/f.5A792F38359A1C743AD3061B3E5B94B4.d.CBE6AD416A7A2BC4A1EB1393E7B87A08.e.24452/click - {}
COMMAND: GET /session/a230b9fa5e58e47def27534e3d005bf9/screenshot - {}
RESULT: {}
RESULT: {}
COMMAND: GET /session/a230b9fa5e58e47def27534e3d005bf9/screenshot - {}
RESULT: {}
RESULT: {}
COMMAND: POST /session/a230b9fa5e58e47def27534e3d005bf9/element - {"using":"xpath","value":"//div[text()='Warehouse']"}
RESULT: {"using":"xpath","value":"//div[text()='Warehouse']"}
COMMAND: POST /session/a230b9fa5e58e47def27534e3d005bf9/elements - {"using":"xpath","value":"//div[text()='Warehouse']"}
RESULT: {"using":"xpath","value":"//div[text()='Warehouse']"}
COMMAND: POST /session/a230b9fa5e58e47def27534e3d005bf9/element/f.5A792F38359A1C743AD3061B3E5B94B4.d.CBE6AD416A7A2BC4A1EB1393E7B87A08.e.24952/click - {}
RESULT: {}
COMMAND: POST /session/a230b9fa5e58e47def27534e3d005bf9/element - {"using":"xpath","value":"//span[text()='Manage Warehouse Movements']"}
COMMAND: GET /session/a230b9fa5e58e47def27534e3d005bf9/screenshot - {}
RESULT: {"using":"xpath","value":"//span[text()='Manage Warehouse Movements']"}
COMMAND: POST /session/a230b9fa5e58e47def27534e3d005bf9/elements - {"using":"xpath","value":"//span[text()='Manage Warehouse Movements']"}
RESULT: {}
RESULT: {"using":"xpath","value":"//span[text()='Manage Warehouse Movements']"}
COMMAND: POST /session/a230b9fa5e58e47def27534e3d005bf9/element - {"using":"xpath","value":"//input[@id='application-warehousemovements-display-component---warehouseMovements--smartFilterBar-filterItemControl_BASIC-YARD-inner']"}
RESULT: {"using":"xpath","value":"//input[@id='application-warehousemovements-display-component---warehouseMovements--smartFilterBar-filterItemControl_BASIC-YARD-inner']"}
COMMAND: POST /session/a230b9fa5e58e47def27534e3d005bf9/element - {"using":"xpath","value":"//input[@id='application-warehousemovements-display-component---warehouseMovements--smartFilterBar-filterItemControl_BASIC-YARD-inner']"}
RESULT: {"using":"xpath","value":"//input[@id='application-warehousemovements-display-component---warehouseMovements--smartFilterBar-filterItemControl_BASIC-YARD-inner']"}
COMMAND: POST /session/a230b9fa5e58e47def27534e3d005bf9/actions - {"actions":[{"id":"action109","type":"key","parameters":{},"actions":[{"type":"keyDown","value":"î€‡"},{"type":"pause","duration":10},{"type":"keyUp","value":"î€‡"}]}]}
RESULT: {"actions":[{"id":"action109","type":"key","parameters":{},"actions":[{"type":"keyDown","value":"î€‡"},{"type":"pause","duration":10},{"type":"keyUp","value":"î€‡"}]}]}
COMMAND: POST /session/a230b9fa5e58e47def27534e3d005bf9/element - {"using":"xpath","value":"(//*[@title=\"Add New Movement\"])[1]"}
COMMAND: GET /session/a230b9fa5e58e47def27534e3d005bf9/screenshot - {}
RESULT: {"using":"xpath","value":"(//*[@title=\"Add New Movement\"])[1]"}
COMMAND: POST /session/a230b9fa5e58e47def27534e3d005bf9/element - {"using":"xpath","value":"(//*[@title=\"Add New Movement\"])[1]"}
RESULT: {}
RESULT: {"using":"xpath","value":"(//*[@title=\"Add New Movement\"])[1]"}
COMMAND: POST /session/a230b9fa5e58e47def27534e3d005bf9/element - {"using":"xpath","value":"//*[@id=\"application-warehousemovements-display-component---addMovement--sectionsList-arrow\"]"}
RESULT: {"using":"xpath","value":"//*[@id=\"application-warehousemovements-display-component---addMovement--sectionsList-arrow\"]"}
COMMAND: POST /session/a230b9fa5e58e47def27534e3d005bf9/element - {"using":"xpath","value":"//*[@id=\"application-warehousemovements-display-component---addMovement--sectionsList-arrow\"]"}
RESULT: {"using":"xpath","value":"//*[@id=\"application-warehousemovements-display-component---addMovement--sectionsList-arrow\"]"}
COMMAND: POST /session/a230b9fa5e58e47def27534e3d005bf9/element - {"using":"xpath","value":"//*[@id=\"application-warehousemovements-display-component---addMovement--saveMovementBtn-BDI-content\" and text()=\"Save\"]"}
RESULT: {"using":"xpath","value":"//*[@id=\"application-warehousemovements-display-component---addMovement--saveMovementBtn-BDI-content\" and text()=\"Save\"]"}
COMMAND: POST /session/a230b9fa5e58e47def27534e3d005bf9/element - {"using":"xpath","value":"//*[@id=\"application-warehousemovements-display-component---addMovement--saveMovementBtn-BDI-content\" and text()=\"Save\"]"}
RESULT: {"using":"xpath","value":"//*[@id=\"application-warehousemovements-display-component---addMovement--saveMovementBtn-BDI-content\" and text()=\"Save\"]"}
COMMAND: POST /session/a230b9fa5e58e47def27534e3d005bf9/execute/sync - {"script":"<script> [8489 bytes]","args":[{"element-6066-11e4-a52e-4f735466cecf":"f.5A792F38359A1C743AD3061B3E5B94B4.d.CBE6AD416A7A2BC4A1EB1393E7B87A08.e.24452","ELEMENT":"f.5A792F38359A1C743AD3061B3E5B94B4.d.CBE6AD416A7A2BC4A1EB1393E7B87A08.e.24452"}]}
COMMAND: POST /session/a230b9fa5e58e47def27534e3d005bf9/element - {"using":"css selector","value":"#shell-header-icon"}
RESULT: {"using":"css selector","value":"#shell-header-icon"}
COMMAND: POST /session/a230b9fa5e58e47def27534e3d005bf9/execute/sync - {"script":"<script> [8489 bytes]","args":[{"element-6066-11e4-a52e-4f735466cecf":"f.5A792F38359A1C743AD3061B3E5B94B4.d.CBE6AD416A7A2BC4A1EB1393E7B87A08.e.24953","ELEMENT":"f.5A792F38359A1C743AD3061B3E5B94B4.d.CBE6AD416A7A2BC4A1EB1393E7B87A08.e.24953"}]}
RESULT: {"script":"<script> [8489 bytes]","args":[{"element-6066-11e4-a52e-4f735466cecf":"f.5A792F38359A1C743AD3061B3E5B94B4.d.CBE6AD416A7A2BC4A1EB1393E7B87A08.e.24953","ELEMENT":"f.5A792F38359A1C743AD3061B3E5B94B4.d.CBE6AD416A7A2BC4A1EB1393E7B87A08.e.24953"}]}
COMMAND: GET /session/a230b9fa5e58e47def27534e3d005bf9/element/f.5A792F38359A1C743AD3061B3E5B94B4.d.CBE6AD416A7A2BC4A1EB1393E7B87A08.e.24953/enabled - {}
COMMAND: GET /session/a230b9fa5e58e47def27534e3d005bf9/screenshot - {}
RESULT: {}
COMMAND: POST /session/a230b9fa5e58e47def27534e3d005bf9/element/f.5A792F38359A1C743AD3061B3E5B94B4.d.CBE6AD416A7A2BC4A1EB1393E7B87A08.e.24953/click - {}
COMMAND: GET /session/a230b9fa5e58e47def27534e3d005bf9/screenshot - {}
RESULT: {}
RESULT: {}
COMMAND: GET /session/a230b9fa5e58e47def27534e3d005bf9/screenshot - {}
RESULT: {}
RESULT: {}
]]></system-out>
    </testcase>
    <testcase classname="chrome.135_0_7049_96.windows.Create_masterdata_for_Yard_Overview_-_trigger_provide_US130988" name="Set status to defect" time="24.425">
      <system-out><![CDATA[
COMMAND: POST /session/a230b9fa5e58e47def27534e3d005bf9/execute/async - {"script":"<script> [1562 bytes]","args":[{"selector":{"controlType":"sap.ushell.ui.launchpad.AnchorItem","bindingPath":{"path":"/groups/3","propertyPath":"index"},"interaction":{"idSuffix":"inner"}},"wdio_ui5_key":"sapushell.ui.launchpad.AnchorItem{\"path\":\"/groups/3\",\"propertyPath\":\"index\"}"}]}
COMMAND: GET /session/a230b9fa5e58e47def27534e3d005bf9/screenshot - {}
RESULT: {"script":"<script> [1562 bytes]","args":[{"selector":{"controlType":"sap.ushell.ui.launchpad.AnchorItem","bindingPath":{"path":"/groups/3","propertyPath":"index"},"interaction":{"idSuffix":"inner"}},"wdio_ui5_key":"sapushell.ui.launchpad.AnchorItem{\"path\":\"/groups/3\",\"propertyPath\":\"index\"}"}]}
RESULT: undefined
RESULT: {}
COMMAND: POST /session/a230b9fa5e58e47def27534e3d005bf9/execute/async - {"script":"<script> [1562 bytes]","args":[{"selector":{"controlType":"sap.m.GenericTile","properties":{"header":"Manage States & Performance"}},"wdio_ui5_key":"sapm.GenericTile{\"header\":\"Manage States & Performance\"}"}]}
RESULT: {"script":"<script> [1562 bytes]","args":[{"selector":{"controlType":"sap.m.GenericTile","properties":{"header":"Manage States & Performance"}},"wdio_ui5_key":"sapm.GenericTile{\"header\":\"Manage States & Performance\"}"}]}
RESULT: undefined
COMMAND: POST /session/a230b9fa5e58e47def27534e3d005bf9/execute/async - {"script":"<script> [1562 bytes]","args":[{"selector":{"controlType":"sap.ui.core.Icon","viewName":"etm.portal.ui.managestatesandperformance.view.Master","viewId":"application-managestatesandperformance-display-component---stateAndPerform","properties":{"src":{"regex":{"source":"inventory"}}}},"wdio_ui5_key":"etmportal.ui.managestatesandperformance.view.Mastersap.ui.core.Icon{\"src\":{\"regex\":{\"source\":\"inventory\"}}}"}]}
RESULT: {"script":"<script> [1562 bytes]","args":[{"selector":{"controlType":"sap.ui.core.Icon","viewName":"etm.portal.ui.managestatesandperformance.view.Master","viewId":"application-managestatesandperformance-display-component---stateAndPerform","properties":{"src":{"regex":{"source":"inventory"}}}},"wdio_ui5_key":"etmportal.ui.managestatesandperformance.view.Mastersap.ui.core.Icon{\"src\":{\"regex\":{\"source\":\"inventory\"}}}"}]}
RESULT: undefined
COMMAND: POST /session/a230b9fa5e58e47def27534e3d005bf9/execute/async - {"script":"<script> [1562 bytes]","args":[{"selector":{"id":"application-managestatesandperformance-display-component---stateAndPerform--smartFilterBarYard-btnBasicSearch","interaction":{"idSuffix":"I"}},"wdio_ui5_key":"applicationmanagestatesandperformance-display-component---stateAndPerform--smartFilterBarYard-btnBasicSearch"}]}
RESULT: {"script":"<script> [1562 bytes]","args":[{"selector":{"id":"application-managestatesandperformance-display-component---stateAndPerform--smartFilterBarYard-btnBasicSearch","interaction":{"idSuffix":"I"}},"wdio_ui5_key":"applicationmanagestatesandperformance-display-component---stateAndPerform--smartFilterBarYard-btnBasicSearch"}]}
RESULT: undefined
COMMAND: POST /session/a230b9fa5e58e47def27534e3d005bf9/execute/async - {"script":"<script> [1562 bytes]","args":[{"selector":{"controlType":"sap.m.ColumnListItem","viewName":"etm.portal.ui.managestatesandperformance.view.Master","viewId":"application-managestatesandperformance-display-component---stateAndPerform","properties":{"type":"Navigation"},"interaction":{"idSuffix":"cell0"}},"wdio_ui5_key":"etmportal.ui.managestatesandperformance.view.Mastersap.m.ColumnListItem{\"type\":\"Navigation\"}"}]}
RESULT: {"script":"<script> [1562 bytes]","args":[{"selector":{"controlType":"sap.m.ColumnListItem","viewName":"etm.portal.ui.managestatesandperformance.view.Master","viewId":"application-managestatesandperformance-display-component---stateAndPerform","properties":{"type":"Navigation"},"interaction":{"idSuffix":"cell0"}},"wdio_ui5_key":"etmportal.ui.managestatesandperformance.view.Mastersap.m.ColumnListItem{\"type\":\"Navigation\"}"}]}
RESULT: undefined
COMMAND: POST /session/a230b9fa5e58e47def27534e3d005bf9/execute/async - {"script":"<script> [1562 bytes]","args":[{"selector":{"controlType":"sap.m.Button","viewName":"etm.portal.ui.managestatesandperformance.view.Detail","viewId":"application-managestatesandperformance-display-component---detailStateAndPerform","i18NText":{"propertyName":"text","key":"createStateChange"},"interaction":{"idSuffix":"content"}},"wdio_ui5_key":"etmportal.ui.managestatesandperformance.view.Detailsap.m.Button{\"propertyName\":\"text\",\"key\":\"createStateChange\"}"}]}
RESULT: {"script":"<script> [1562 bytes]","args":[{"selector":{"controlType":"sap.m.Button","viewName":"etm.portal.ui.managestatesandperformance.view.Detail","viewId":"application-managestatesandperformance-display-component---detailStateAndPerform","i18NText":{"propertyName":"text","key":"createStateChange"},"interaction":{"idSuffix":"content"}},"wdio_ui5_key":"etmportal.ui.managestatesandperformance.view.Detailsap.m.Button{\"propertyName\":\"text\",\"key\":\"createStateChange\"}"}]}
RESULT: undefined
COMMAND: POST /session/a230b9fa5e58e47def27534e3d005bf9/execute/async - {"script":"<script> [1562 bytes]","args":[{"selector":{"id":"addStateDialog--stateSelect","searchOpenDialogs":true,"interaction":{"idSuffix":"arrow"}},"wdio_ui5_key":"addStateDialogstateSelect"}]}
RESULT: {"script":"<script> [1562 bytes]","args":[{"selector":{"id":"addStateDialog--stateSelect","searchOpenDialogs":true,"interaction":{"idSuffix":"arrow"}},"wdio_ui5_key":"addStateDialogstateSelect"}]}
RESULT: undefined
COMMAND: POST /session/a230b9fa5e58e47def27534e3d005bf9/execute/async - {"script":"<script> [1562 bytes]","args":[{"selector":{"controlType":"sap.ui.core.Item","viewName":"etm.portal.ui.managestatesandperformance.view.Detail","viewId":"application-managestatesandperformance-display-component---detailStateAndPerform","bindingPath":{"path":"/StateTypes(70)","propertyPath":"STATE","modelName":"catalogModel"},"searchOpenDialogs":true},"wdio_ui5_key":"etmportal.ui.managestatesandperformance.view.Detailsap.ui.core.Item{\"path\":\"/StateTypes(70)\",\"propertyPath\":\"STATE\",\"modelName\":\"catalogModel\"}"}]}
RESULT: {"script":"<script> [1562 bytes]","args":[{"selector":{"controlType":"sap.ui.core.Item","viewName":"etm.portal.ui.managestatesandperformance.view.Detail","viewId":"application-managestatesandperformance-display-component---detailStateAndPerform","bindingPath":{"path":"/StateTypes(70)","propertyPath":"STATE","modelName":"catalogModel"},"searchOpenDialogs":true},"wdio_ui5_key":"etmportal.ui.managestatesandperformance.view.Detailsap.ui.core.Item{\"path\":\"/StateTypes(70)\",\"propertyPath\":\"STATE\",\"modelName\":\"catalogModel\"}"}]}
RESULT: undefined
COMMAND: POST /session/a230b9fa5e58e47def27534e3d005bf9/execute/async - {"script":"<script> [1562 bytes]","args":[{"selector":{"controlType":"sap.m.NumericInput","viewName":"etm.portal.ui.managestatesandperformance.view.Detail","viewId":"application-managestatesandperformance-display-component---detailStateAndPerform","properties":{"value":"0"},"searchOpenDialogs":true,"interaction":{"idSuffix":"inner"}},"wdio_ui5_key":"etmportal.ui.managestatesandperformance.view.Detailsap.m.NumericInput{\"value\":\"0\"}"}]}
RESULT: {"script":"<script> [1562 bytes]","args":[{"selector":{"controlType":"sap.m.NumericInput","viewName":"etm.portal.ui.managestatesandperformance.view.Detail","viewId":"application-managestatesandperformance-display-component---detailStateAndPerform","properties":{"value":"0"},"searchOpenDialogs":true,"interaction":{"idSuffix":"inner"}},"wdio_ui5_key":"etmportal.ui.managestatesandperformance.view.Detailsap.m.NumericInput{\"value\":\"0\"}"}]}
RESULT: undefined
COMMAND: POST /session/a230b9fa5e58e47def27534e3d005bf9/execute/async - {"script":"<script> [1562 bytes]","args":[{"selector":{"controlType":"sap.m.Button","viewName":"etm.portal.ui.managestatesandperformance.view.Detail","viewId":"application-managestatesandperformance-display-component---detailStateAndPerform","i18NText":{"propertyName":"text","key":"save"},"searchOpenDialogs":true,"interaction":{"idSuffix":"BDI-content"}},"wdio_ui5_key":"etmportal.ui.managestatesandperformance.view.Detailsap.m.Button{\"propertyName\":\"text\",\"key\":\"save\"}"}]}
RESULT: {"script":"<script> [1562 bytes]","args":[{"selector":{"controlType":"sap.m.Button","viewName":"etm.portal.ui.managestatesandperformance.view.Detail","viewId":"application-managestatesandperformance-display-component---detailStateAndPerform","i18NText":{"propertyName":"text","key":"save"},"searchOpenDialogs":true,"interaction":{"idSuffix":"BDI-content"}},"wdio_ui5_key":"etmportal.ui.managestatesandperformance.view.Detailsap.m.Button{\"propertyName\":\"text\",\"key\":\"save\"}"}]}
RESULT: undefined
COMMAND: POST /session/a230b9fa5e58e47def27534e3d005bf9/element - {"using":"css selector","value":"#shell-header-logo"}
RESULT: {"using":"css selector","value":"#shell-header-logo"}
COMMAND: POST /session/a230b9fa5e58e47def27534e3d005bf9/element/f.5A792F38359A1C743AD3061B3E5B94B4.d.CBE6AD416A7A2BC4A1EB1393E7B87A08.e.24959/click - {}
RESULT: {}
COMMAND: GET /session/a230b9fa5e58e47def27534e3d005bf9/screenshot - {}
RESULT: {}
]]></system-out>
    </testcase>
  </testsuite>
  <testsuite timestamp="2025-04-28T17:58:38" time="175.569" tests="3" failures="3" errors="3" skipped="0">
    <properties>
      <property name="specId" value="0" />
      <property name="suiteName" value="Transfer Yard to Yard US131076" />
      <property name="capabilities" value="chrome.135_0_7049_96.windows" />
      <property name="file" value="file:///D:/a/1/s/test/specs/HTR/transfer-yard-to-yard.spec.js" />
    </properties>
  </testsuite>
</testsuites>