<?xml version="1.0" encoding="UTF-8"?>
<testsuites tests="7" failures="0" errors="0" skipped="0">
  <testsuite timestamp="2025-05-29T15:23:11" time="832.818" tests="7" failures="0" errors="0" skipped="0">
    <properties>
      <property name="specId" value="0"/>
      <property name="suiteName" value="Related resources for groups US139107"/>
      <property name="capabilities" value="chrome.136_0_7103_93.windows"/>
      <property name="file" value="file:///D:/a/1/s/test/specs/R2C/related-resources-area-rpg.spec.js"/>
    </properties>
    <testcase classname="chrome.136_0_7103_93.windows.Related_resources_for_groups_US139107" name="Should create a new yard" time="126.594">
      <system-out><![CDATA[
COMMAND: POST /session/50742fcb74db713b844d2305025c75d6/execute/async - {"script":"<script> [1562 bytes]","args":[{"selector":{"controlType":"sap.m.GenericTile","properties":{"header":"Manage Yards"}},"wdio_ui5_key":"sapm.GenericTile{\"header\":\"Manage Yards\"}"}]}
RESULT: {"script":"<script> [1562 bytes]","args":[{"selector":{"controlType":"sap.m.GenericTile","properties":{"header":"Manage Yards"}},"wdio_ui5_key":"sapm.GenericTile{\"header\":\"Manage Yards\"}"}]}
RESULT: undefined
COMMAND: POST /session/50742fcb74db713b844d2305025c75d6/element - {"using":"xpath","value":"//*[@id=\"__tile41\"]"}
RESULT: {"using":"xpath","value":"//*[@id=\"__tile41\"]"}
COMMAND: POST /session/50742fcb74db713b844d2305025c75d6/element/f.0249E4A44EBABCBAAE68CC26A2CCEA1F.d.774732D88757038CFD5426F14F28B692.e.118/click - {}
RESULT: {}
COMMAND: GET /session/50742fcb74db713b844d2305025c75d6/screenshot - {}
RESULT: {}
COMMAND: POST /session/50742fcb74db713b844d2305025c75d6/elements - {"using":"xpath","value":"//span[text()='Error']"}
RESULT: {"using":"xpath","value":"//span[text()='Error']"}
COMMAND: POST /session/50742fcb74db713b844d2305025c75d6/execute/async - {"script":"<script> [1562 bytes]","args":[{"selector":{"controlType":"sap.ui.core.Icon","viewName":"etm.portal.ui.manageyards.view.Master","viewId":"application-manageyards-display-component---masterYard","properties":{"src":{"regex":{"source":"add"}}}},"wdio_ui5_key":"etmportal.ui.manageyards.view.Mastersap.ui.core.Icon{\"src\":{\"regex\":{\"source\":\"add\"}}}"}]}
RESULT: {"script":"<script> [1562 bytes]","args":[{"selector":{"controlType":"sap.ui.core.Icon","viewName":"etm.portal.ui.manageyards.view.Master","viewId":"application-manageyards-display-component---masterYard","properties":{"src":{"regex":{"source":"add"}}}},"wdio_ui5_key":"etmportal.ui.manageyards.view.Mastersap.ui.core.Icon{\"src\":{\"regex\":{\"source\":\"add\"}}}"}]}
RESULT: undefined
COMMAND: POST /session/50742fcb74db713b844d2305025c75d6/element - {"using":"xpath","value":"//*[@id=\"__button4-img\"]"}
RESULT: {"using":"xpath","value":"//*[@id=\"__button4-img\"]"}
COMMAND: POST /session/50742fcb74db713b844d2305025c75d6/element/f.0249E4A44EBABCBAAE68CC26A2CCEA1F.d.774732D88757038CFD5426F14F28B692.e.164/click - {}
RESULT: {}
COMMAND: GET /session/50742fcb74db713b844d2305025c75d6/screenshot - {}
RESULT: {}
COMMAND: POST /session/50742fcb74db713b844d2305025c75d6/execute/async - {"script":"<script> [1562 bytes]","args":[{"selector":{"id":"application-manageyards-display-component---NewYard--yardId","interaction":{"idSuffix":"inner"}},"wdio_ui5_key":"applicationmanageyards-display-component---NewYard--yardId"}]}
RESULT: {"script":"<script> [1562 bytes]","args":[{"selector":{"id":"application-manageyards-display-component---NewYard--yardId","interaction":{"idSuffix":"inner"}},"wdio_ui5_key":"applicationmanageyards-display-component---NewYard--yardId"}]}
RESULT: undefined
COMMAND: POST /session/50742fcb74db713b844d2305025c75d6/element - {"using":"xpath","value":"//*[@id=\"application-manageyards-display-component---NewYard--addressDetailDetailsName1-inner\"]"}
RESULT: {"using":"xpath","value":"//*[@id=\"application-manageyards-display-component---NewYard--addressDetailDetailsName1-inner\"]"}
COMMAND: POST /session/50742fcb74db713b844d2305025c75d6/element/f.0249E4A44EBABCBAAE68CC26A2CCEA1F.d.774732D88757038CFD5426F14F28B692.e.382/clear - {}
RESULT: {}
COMMAND: POST /session/50742fcb74db713b844d2305025c75d6/element/f.0249E4A44EBABCBAAE68CC26A2CCEA1F.d.774732D88757038CFD5426F14F28B692.e.382/value - {"text":"WebdriverYardq775w"}
COMMAND: GET /session/50742fcb74db713b844d2305025c75d6/screenshot - {}
RESULT: {"text":"WebdriverYardq775w"}
COMMAND: POST /session/50742fcb74db713b844d2305025c75d6/element - {"using":"xpath","value":"//*[@id=\"application-manageyards-display-component---NewYard--addressDetailDetailsLanguage-inner\"]"}
COMMAND: GET /session/50742fcb74db713b844d2305025c75d6/screenshot - {}
RESULT: {}
RESULT: {"using":"xpath","value":"//*[@id=\"application-manageyards-display-component---NewYard--addressDetailDetailsLanguage-inner\"]"}
COMMAND: POST /session/50742fcb74db713b844d2305025c75d6/element/f.0249E4A44EBABCBAAE68CC26A2CCEA1F.d.774732D88757038CFD5426F14F28B692.e.383/clear - {}
RESULT: {}
RESULT: {}
COMMAND: POST /session/50742fcb74db713b844d2305025c75d6/element/f.0249E4A44EBABCBAAE68CC26A2CCEA1F.d.774732D88757038CFD5426F14F28B692.e.383/value - {"text":"Romanian"}
COMMAND: GET /session/50742fcb74db713b844d2305025c75d6/screenshot - {}
RESULT: {"text":"Romanian"}
COMMAND: POST /session/50742fcb74db713b844d2305025c75d6/element - {"using":"xpath","value":"//input[contains(@id ,\"application-manageyards-display-component---NewYard--addressDetailDetailsName1-inner\")]"}
COMMAND: GET /session/50742fcb74db713b844d2305025c75d6/screenshot - {}
RESULT: {}
RESULT: {"using":"xpath","value":"//input[contains(@id ,\"application-manageyards-display-component---NewYard--addressDetailDetailsName1-inner\")]"}
COMMAND: GET /session/50742fcb74db713b844d2305025c75d6/element/f.0249E4A44EBABCBAAE68CC26A2CCEA1F.d.774732D88757038CFD5426F14F28B692.e.382/property/value - {}
RESULT: {}
RESULT: {}
COMMAND: GET /session/50742fcb74db713b844d2305025c75d6/screenshot - {}
RESULT: {}
COMMAND: POST /session/50742fcb74db713b844d2305025c75d6/element - {"using":"xpath","value":"//*[@id=\"application-manageyards-display-component---NewYard--addressDetailDetailsCity1-inner\"]"}
RESULT: {"using":"xpath","value":"//*[@id=\"application-manageyards-display-component---NewYard--addressDetailDetailsCity1-inner\"]"}
COMMAND: POST /session/50742fcb74db713b844d2305025c75d6/element/f.0249E4A44EBABCBAAE68CC26A2CCEA1F.d.774732D88757038CFD5426F14F28B692.e.385/clear - {}
RESULT: {}
COMMAND: POST /session/50742fcb74db713b844d2305025c75d6/element/f.0249E4A44EBABCBAAE68CC26A2CCEA1F.d.774732D88757038CFD5426F14F28B692.e.385/value - {"text":"Bucuresti"}
COMMAND: GET /session/50742fcb74db713b844d2305025c75d6/screenshot - {}
RESULT: {"text":"Bucuresti"}
COMMAND: GET /session/50742fcb74db713b844d2305025c75d6/screenshot - {}
RESULT: {}
RESULT: {}
COMMAND: POST /session/50742fcb74db713b844d2305025c75d6/element - {"using":"xpath","value":"//*[@id=\"application-manageyards-display-component---NewYard--addressDetailDetailsCountry-inner\"]"}
RESULT: {"using":"xpath","value":"//*[@id=\"application-manageyards-display-component---NewYard--addressDetailDetailsCountry-inner\"]"}
COMMAND: POST /session/50742fcb74db713b844d2305025c75d6/element/f.0249E4A44EBABCBAAE68CC26A2CCEA1F.d.774732D88757038CFD5426F14F28B692.e.389/clear - {}
RESULT: {}
COMMAND: POST /session/50742fcb74db713b844d2305025c75d6/element/f.0249E4A44EBABCBAAE68CC26A2CCEA1F.d.774732D88757038CFD5426F14F28B692.e.389/value - {"text":"Romania"}
COMMAND: GET /session/50742fcb74db713b844d2305025c75d6/screenshot - {}
RESULT: {"text":"Romania"}
COMMAND: GET /session/50742fcb74db713b844d2305025c75d6/screenshot - {}
RESULT: {}
RESULT: {}
COMMAND: POST /session/50742fcb74db713b844d2305025c75d6/element - {"using":"xpath","value":"//div[contains(text(), \"Commercial\")]"}
RESULT: {"using":"xpath","value":"//div[contains(text(), \"Commercial\")]"}
COMMAND: GET /session/50742fcb74db713b844d2305025c75d6/element/f.0249E4A44EBABCBAAE68CC26A2CCEA1F.d.774732D88757038CFD5426F14F28B692.e.575/rect - {}
RESULT: {}
COMMAND: GET /session/50742fcb74db713b844d2305025c75d6/window/rect - {}
RESULT: {}
COMMAND: POST /session/50742fcb74db713b844d2305025c75d6/execute/sync - {"script":"<script> [92 bytes]","args":[]}
RESULT: {"script":"<script> [92 bytes]","args":[]}
COMMAND: POST /session/50742fcb74db713b844d2305025c75d6/actions - {"actions":[{"id":"action1","type":"wheel","parameters":{},"actions":[{"type":"scroll","x":-1841,"y":-44,"deltaX":0,"deltaY":0,"duration":0,"origin":{"element-6066-11e4-a52e-4f735466cecf":"f.0249E4A44EBABCBAAE68CC26A2CCEA1F.d.774732D88757038CFD5426F14F28B692.e.575"}}]}]}
COMMAND: GET /session/50742fcb74db713b844d2305025c75d6/screenshot - {}
RESULT: {}
COMMAND: POST /session/50742fcb74db713b844d2305025c75d6/execute/sync - {"script":"<script> [79 bytes]","args":[{"element-6066-11e4-a52e-4f735466cecf":"f.0249E4A44EBABCBAAE68CC26A2CCEA1F.d.774732D88757038CFD5426F14F28B692.e.575","ELEMENT":"f.0249E4A44EBABCBAAE68CC26A2CCEA1F.d.774732D88757038CFD5426F14F28B692.e.575"},{"block":"start","inline":"nearest"}]}
RESULT: {"script":"<script> [79 bytes]","args":[{"element-6066-11e4-a52e-4f735466cecf":"f.0249E4A44EBABCBAAE68CC26A2CCEA1F.d.774732D88757038CFD5426F14F28B692.e.575","ELEMENT":"f.0249E4A44EBABCBAAE68CC26A2CCEA1F.d.774732D88757038CFD5426F14F28B692.e.575"},{"block":"start","inline":"nearest"}]}
COMMAND: GET /session/50742fcb74db713b844d2305025c75d6/screenshot - {}
RESULT: {}
COMMAND: POST /session/50742fcb74db713b844d2305025c75d6/execute/async - {"script":"<script> [1562 bytes]","args":[{"selector":{"id":"application-manageyards-display-component---NewYard--addressEditDetailsCostObjectCstType-arrow"},"wdio_ui5_key":"applicationmanageyards-display-component---NewYard--addressEditDetailsCostObjectCstType-arrow"}]}
RESULT: {"script":"<script> [1562 bytes]","args":[{"selector":{"id":"application-manageyards-display-component---NewYard--addressEditDetailsCostObjectCstType-arrow"},"wdio_ui5_key":"applicationmanageyards-display-component---NewYard--addressEditDetailsCostObjectCstType-arrow"}]}
RESULT: undefined
COMMAND: POST /session/50742fcb74db713b844d2305025c75d6/element - {"using":"xpath","value":"//*[@id=\"application-manageyards-display-component---NewYard--addressEditDetailsCostObjectCstType-arrow\"]"}
RESULT: {"using":"xpath","value":"//*[@id=\"application-manageyards-display-component---NewYard--addressEditDetailsCostObjectCstType-arrow\"]"}
COMMAND: POST /session/50742fcb74db713b844d2305025c75d6/element/f.0249E4A44EBABCBAAE68CC26A2CCEA1F.d.774732D88757038CFD5426F14F28B692.e.583/click - {}
RESULT: {}
COMMAND: POST /session/50742fcb74db713b844d2305025c75d6/element - {"using":"xpath","value":"//span[contains(text(), \"Cost Center\")]"}
COMMAND: GET /session/50742fcb74db713b844d2305025c75d6/screenshot - {}
RESULT: {"using":"xpath","value":"//span[contains(text(), \"Cost Center\")]"}
COMMAND: POST /session/50742fcb74db713b844d2305025c75d6/element/f.0249E4A44EBABCBAAE68CC26A2CCEA1F.d.774732D88757038CFD5426F14F28B692.e.595/click - {}
RESULT: {}
RESULT: {}
COMMAND: GET /session/50742fcb74db713b844d2305025c75d6/screenshot - {}
RESULT: {}
COMMAND: POST /session/50742fcb74db713b844d2305025c75d6/execute/async - {"script":"<script> [1562 bytes]","args":[{"selector":{"id":"application-manageyards-display-component---NewYard--addressNewCostObjectCstID-vhi"},"wdio_ui5_key":"applicationmanageyards-display-component---NewYard--addressNewCostObjectCstID-vhi"}]}
RESULT: {"script":"<script> [1562 bytes]","args":[{"selector":{"id":"application-manageyards-display-component---NewYard--addressNewCostObjectCstID-vhi"},"wdio_ui5_key":"applicationmanageyards-display-component---NewYard--addressNewCostObjectCstID-vhi"}]}
RESULT: undefined
COMMAND: POST /session/50742fcb74db713b844d2305025c75d6/element - {"using":"xpath","value":"//*[@id=\"application-manageyards-display-component---NewYard--addressNewCostObjectCstID-vhi\"]"}
RESULT: {"using":"xpath","value":"//*[@id=\"application-manageyards-display-component---NewYard--addressNewCostObjectCstID-vhi\"]"}
COMMAND: POST /session/50742fcb74db713b844d2305025c75d6/element/f.0249E4A44EBABCBAAE68CC26A2CCEA1F.d.774732D88757038CFD5426F14F28B692.e.599/click - {}
RESULT: {}
COMMAND: GET /session/50742fcb74db713b844d2305025c75d6/screenshot - {}
RESULT: {}
COMMAND: POST /session/50742fcb74db713b844d2305025c75d6/execute/async - {"script":"<script> [1562 bytes]","args":[{"selector":{"controlType":"sap.m.SearchField","properties":{"placeholder":"Search"},"searchOpenDialogs":true,"interaction":{"idSuffix":"I"}},"wdio_ui5_key":"sapm.SearchField{\"placeholder\":\"Search\"}"}]}
RESULT: {"script":"<script> [1562 bytes]","args":[{"selector":{"controlType":"sap.m.SearchField","properties":{"placeholder":"Search"},"searchOpenDialogs":true,"interaction":{"idSuffix":"I"}},"wdio_ui5_key":"sapm.SearchField{\"placeholder\":\"Search\"}"}]}
RESULT: undefined
COMMAND: POST /session/50742fcb74db713b844d2305025c75d6/execute/async - {"script":"<script> [776 bytes]","args":[{"enterText":"10001013","selector":{"controlType":"sap.m.SearchField","properties":{"placeholder":"Search"},"searchOpenDialogs":true,"interaction":{"idSuffix":"I"}},"clearTextFirst":true,"interactionType":"ENTER_TEXT"}]}
RESULT: {"script":"<script> [776 bytes]","args":[{"enterText":"10001013","selector":{"controlType":"sap.m.SearchField","properties":{"placeholder":"Search"},"searchOpenDialogs":true,"interaction":{"idSuffix":"I"}},"clearTextFirst":true,"interactionType":"ENTER_TEXT"}]}
COMMAND: POST /session/50742fcb74db713b844d2305025c75d6/actions - {"actions":[{"id":"action2","type":"key","parameters":{},"actions":[{"type":"keyDown","value":""},{"type":"pause","duration":10},{"type":"keyUp","value":""}]}]}
RESULT: {"actions":[{"id":"action2","type":"key","parameters":{},"actions":[{"type":"keyDown","value":""},{"type":"pause","duration":10},{"type":"keyUp","value":""}]}]}
COMMAND: GET /session/50742fcb74db713b844d2305025c75d6/screenshot - {}
RESULT: {}
COMMAND: POST /session/50742fcb74db713b844d2305025c75d6/element - {"using":"xpath","value":"//span[contains(text(), \"General Management\")]"}
RESULT: {"using":"xpath","value":"//span[contains(text(), \"General Management\")]"}
COMMAND: POST /session/50742fcb74db713b844d2305025c75d6/element/f.0249E4A44EBABCBAAE68CC26A2CCEA1F.d.774732D88757038CFD5426F14F28B692.e.640/click - {}
RESULT: {}
COMMAND: GET /session/50742fcb74db713b844d2305025c75d6/screenshot - {}
RESULT: {}
COMMAND: POST /session/50742fcb74db713b844d2305025c75d6/element - {"using":"xpath","value":"//bdi[contains(text(), \"OK\")]"}
RESULT: {"using":"xpath","value":"//bdi[contains(text(), \"OK\")]"}
COMMAND: POST /session/50742fcb74db713b844d2305025c75d6/element/f.0249E4A44EBABCBAAE68CC26A2CCEA1F.d.774732D88757038CFD5426F14F28B692.e.641/click - {}
RESULT: {}
COMMAND: GET /session/50742fcb74db713b844d2305025c75d6/screenshot - {}
RESULT: {}
COMMAND: POST /session/50742fcb74db713b844d2305025c75d6/execute/async - {"script":"<script> [1562 bytes]","args":[{"selector":{"controlType":"sap.m.Button","viewName":"etm.portal.ui.manageyards.view.New","viewId":"application-manageyards-display-component---NewYard","i18NText":{"propertyName":"text","key":"save"},"interaction":{"idSuffix":"inner"}},"wdio_ui5_key":"etmportal.ui.manageyards.view.Newsap.m.Button{\"propertyName\":\"text\",\"key\":\"save\"}"}]}
RESULT: {"script":"<script> [1562 bytes]","args":[{"selector":{"controlType":"sap.m.Button","viewName":"etm.portal.ui.manageyards.view.New","viewId":"application-manageyards-display-component---NewYard","i18NText":{"propertyName":"text","key":"save"},"interaction":{"idSuffix":"inner"}},"wdio_ui5_key":"etmportal.ui.manageyards.view.Newsap.m.Button{\"propertyName\":\"text\",\"key\":\"save\"}"}]}
RESULT: undefined
COMMAND: POST /session/50742fcb74db713b844d2305025c75d6/element - {"using":"xpath","value":"//*[@id=\"__button18\"]"}
RESULT: {"using":"xpath","value":"//*[@id=\"__button18\"]"}
COMMAND: POST /session/50742fcb74db713b844d2305025c75d6/element/f.0249E4A44EBABCBAAE68CC26A2CCEA1F.d.774732D88757038CFD5426F14F28B692.e.553/click - {}
RESULT: {}
COMMAND: GET /session/50742fcb74db713b844d2305025c75d6/screenshot - {}
RESULT: {}
COMMAND: POST /session/50742fcb74db713b844d2305025c75d6/element - {"using":"xpath","value":"//header/div/div[2]/div[2]/span"}
RESULT: {"using":"xpath","value":"//header/div/div[2]/div[2]/span"}
COMMAND: GET /session/50742fcb74db713b844d2305025c75d6/element/f.0249E4A44EBABCBAAE68CC26A2CCEA1F.d.774732D88757038CFD5426F14F28B692.e.838/text - {}
RESULT: {}
COMMAND: POST /session/50742fcb74db713b844d2305025c75d6/execute/async - {"script":"<script> [1562 bytes]","args":[{"selector":{"controlType":"sap.m.OverflowToolbarButton","viewName":"etm.portal.ui.manageyards.view.Detail","viewId":"application-manageyards-display-component---detailYard","i18NText":{"propertyName":"tooltip","key":"closeColumn"},"interaction":{"idSuffix":"inner"}},"wdio_ui5_key":"etmportal.ui.manageyards.view.Detailsap.m.OverflowToolbarButton{\"propertyName\":\"tooltip\",\"key\":\"closeColumn\"}"}]}
RESULT: {"script":"<script> [1562 bytes]","args":[{"selector":{"controlType":"sap.m.OverflowToolbarButton","viewName":"etm.portal.ui.manageyards.view.Detail","viewId":"application-manageyards-display-component---detailYard","i18NText":{"propertyName":"tooltip","key":"closeColumn"},"interaction":{"idSuffix":"inner"}},"wdio_ui5_key":"etmportal.ui.manageyards.view.Detailsap.m.OverflowToolbarButton{\"propertyName\":\"tooltip\",\"key\":\"closeColumn\"}"}]}
RESULT: undefined
COMMAND: POST /session/50742fcb74db713b844d2305025c75d6/element - {"using":"xpath","value":"//*[@id=\"__button42\"]"}
RESULT: {"using":"xpath","value":"//*[@id=\"__button42\"]"}
COMMAND: POST /session/50742fcb74db713b844d2305025c75d6/element/f.0249E4A44EBABCBAAE68CC26A2CCEA1F.d.774732D88757038CFD5426F14F28B692.e.840/click - {}
RESULT: {}
COMMAND: GET /session/50742fcb74db713b844d2305025c75d6/screenshot - {}
RESULT: {}
COMMAND: POST /session/50742fcb74db713b844d2305025c75d6/element - {"using":"css selector","value":"#shell-header-logo"}
RESULT: {"using":"css selector","value":"#shell-header-logo"}
COMMAND: POST /session/50742fcb74db713b844d2305025c75d6/element/f.0249E4A44EBABCBAAE68CC26A2CCEA1F.d.774732D88757038CFD5426F14F28B692.e.120/click - {}
RESULT: {}
COMMAND: GET /session/50742fcb74db713b844d2305025c75d6/screenshot - {}
RESULT: {}
COMMAND: POST /session/50742fcb74db713b844d2305025c75d6/refresh - {}
RESULT: {}
COMMAND: GET /session/50742fcb74db713b844d2305025c75d6/screenshot - {}
RESULT: {}
COMMAND: POST /session/50742fcb74db713b844d2305025c75d6/execute/async - {"script":"<script> [189 bytes]","args":[]}
RESULT: {"script":"<script> [189 bytes]","args":[]}
COMMAND: POST /session/50742fcb74db713b844d2305025c75d6/execute/async - {"script":"<script> [123 bytes]","args":[]}
RESULT: {"script":"<script> [123 bytes]","args":[]}
COMMAND: POST /session/50742fcb74db713b844d2305025c75d6/timeouts - {"script":"<number>"}
RESULT: {"script":"<number>"}
COMMAND: GET /session/50742fcb74db713b844d2305025c75d6/timeouts - {}
RESULT: {}
RESULT: undefined
COMMAND: POST /session/50742fcb74db713b844d2305025c75d6/execute/async - {"script":"<script> [2676 bytes]","args":[]}
RESULT: {"script":"<script> [2676 bytes]","args":[]}
COMMAND: POST /session/50742fcb74db713b844d2305025c75d6/execute/async - {"script":"<script> [2342 bytes]","args":[{"protocol":"http","hostname":"0.0.0.0","path":"/","capabilities":{"browserName":"chrome","goog:chromeOptions":{"binary":"C:\\Program Files\\Google\\Chrome\\Application\\chrome.exe","args":["--start-maximized"]}},"logLevel":"warn","connectionRetryTimeout":120000,"connectionRetryCount":3,"logLevels":{},"enableDirectConnect":true,"strictSSL":true,"_":"65 more keys: [\"cacheDir\",\"port\",\"requestedCapabilities\",\"automationProtocol\",\"baseUrl\",\"waitforInterval\",\"waitforTimeout\",\"onReload\",\"beforeCommand\",\"afterCommand\",\"rootDir\",\"specs\",\"suites\",\"exclude\",\"groupLogsByTestSpec\",\"excludeDriverLogs\",\"bail\",\"framework\",\"reporters\",\"services\",\"maxInstances\",\"maxInstancesPerCapability\",\"injectGlobals\",\"filesToWatch\",\"execArgv\",\"runnerEnv\",\"runner\",\"shard\",\"specFileRetries\",\"specFileRetriesDelay\",\"specFileRetriesDeferred\",\"reporterSyncInterval\",\"reporterSyncTimeout\",\"cucumberFeaturesWithLineNumbers\",\"autoCompileOpts\",\"mochaOpts\",\"jasmineOpts\",\"cucumberOpts\",\"onPrepare\",\"onWorkerStart\",\"onWorkerEnd\",\"before\",\"beforeSession\",\"beforeSuite\",\"beforeHook\",\"beforeTest\",\"afterTest\",\"afterHook\",\"afterSuite\",\"afterSession\",\"after\",\"onComplete\",\"beforeAssertion\",\"afterAssertion\",\"beforeFeature\",\"beforeScenario\",\"beforeStep\",\"afterStep\",\"afterScenario\",\"afterFeature\",\"_\",\"suite\",\"$0\",\"ignoredWorkerServices\",\"wdi5\"]"}]}
RESULT: {"script":"<script> [2342 bytes]","args":[{"protocol":"http","hostname":"0.0.0.0","path":"/","capabilities":{"browserName":"chrome","goog:chromeOptions":{"binary":"C:\\Program Files\\Google\\Chrome\\Application\\chrome.exe","args":["--start-maximized"]}},"logLevel":"warn","connectionRetryTimeout":120000,"connectionRetryCount":3,"logLevels":{},"enableDirectConnect":true,"strictSSL":true,"_":"65 more keys: [\"cacheDir\",\"port\",\"requestedCapabilities\",\"automationProtocol\",\"baseUrl\",\"waitforInterval\",\"waitforTimeout\",\"onReload\",\"beforeCommand\",\"afterCommand\",\"rootDir\",\"specs\",\"suites\",\"exclude\",\"groupLogsByTestSpec\",\"excludeDriverLogs\",\"bail\",\"framework\",\"reporters\",\"services\",\"maxInstances\",\"maxInstancesPerCapability\",\"injectGlobals\",\"filesToWatch\",\"execArgv\",\"runnerEnv\",\"runner\",\"shard\",\"specFileRetries\",\"specFileRetriesDelay\",\"specFileRetriesDeferred\",\"reporterSyncInterval\",\"reporterSyncTimeout\",\"cucumberFeaturesWithLineNumbers\",\"autoCompileOpts\",\"mochaOpts\",\"jasmineOpts\",\"cucumberOpts\",\"onPrepare\",\"onWorkerStart\",\"onWorkerEnd\",\"before\",\"beforeSession\",\"beforeSuite\",\"beforeHook\",\"beforeTest\",\"afterTest\",\"afterHook\",\"afterSuite\",\"afterSession\",\"after\",\"onComplete\",\"beforeAssertion\",\"afterAssertion\",\"beforeFeature\",\"beforeScenario\",\"beforeStep\",\"afterStep\",\"afterScenario\",\"afterFeature\",\"_\",\"suite\",\"$0\",\"ignoredWorkerServices\",\"wdi5\"]"}]}
COMMAND: POST /session/50742fcb74db713b844d2305025c75d6/execute/async - {"script":"<script> [21126 bytes]","args":[35000]}
RESULT: {"script":"<script> [21126 bytes]","args":[35000]}
]]></system-out>
    </testcase>
    <testcase classname="chrome.136_0_7103_93.windows.Related_resources_for_groups_US139107" name="Should create a resource of type group" time="99.719">
      <system-out><![CDATA[
COMMAND: POST /session/50742fcb74db713b844d2305025c75d6/execute/async - {"script":"<script> [1562 bytes]","args":[{"selector":{"controlType":"sap.m.GenericTile","properties":{"header":"Manage Resources"}},"wdio_ui5_key":"sapm.GenericTile{\"header\":\"Manage Resources\"}"}]}
RESULT: {"script":"<script> [1562 bytes]","args":[{"selector":{"controlType":"sap.m.GenericTile","properties":{"header":"Manage Resources"}},"wdio_ui5_key":"sapm.GenericTile{\"header\":\"Manage Resources\"}"}]}
RESULT: undefined
COMMAND: POST /session/50742fcb74db713b844d2305025c75d6/element - {"using":"xpath","value":"//*[@id=\"__tile39\"]"}
RESULT: {"using":"xpath","value":"//*[@id=\"__tile39\"]"}
COMMAND: POST /session/50742fcb74db713b844d2305025c75d6/element/f.0249E4A44EBABCBAAE68CC26A2CCEA1F.d.1C2D280CAFA20DF2A684CF845B1276C0.e.1200/click - {}
RESULT: {}
COMMAND: GET /session/50742fcb74db713b844d2305025c75d6/screenshot - {}
RESULT: {}
COMMAND: POST /session/50742fcb74db713b844d2305025c75d6/elements - {"using":"xpath","value":"//span[text()='Error']"}
RESULT: {"using":"xpath","value":"//span[text()='Error']"}
COMMAND: POST /session/50742fcb74db713b844d2305025c75d6/element - {"using":"xpath","value":"//button[@data-kt=\"addNewRUOverflowToolbarButton\"]"}
RESULT: {"using":"xpath","value":"//button[@data-kt=\"addNewRUOverflowToolbarButton\"]"}
COMMAND: POST /session/50742fcb74db713b844d2305025c75d6/execute/sync - {"script":"<script> [8489 bytes]","args":[{"element-6066-11e4-a52e-4f735466cecf":"f.0249E4A44EBABCBAAE68CC26A2CCEA1F.d.1C2D280CAFA20DF2A684CF845B1276C0.e.1245","ELEMENT":"f.0249E4A44EBABCBAAE68CC26A2CCEA1F.d.1C2D280CAFA20DF2A684CF845B1276C0.e.1245"}]}
RESULT: {"script":"<script> [8489 bytes]","args":[{"element-6066-11e4-a52e-4f735466cecf":"f.0249E4A44EBABCBAAE68CC26A2CCEA1F.d.1C2D280CAFA20DF2A684CF845B1276C0.e.1245","ELEMENT":"f.0249E4A44EBABCBAAE68CC26A2CCEA1F.d.1C2D280CAFA20DF2A684CF845B1276C0.e.1245"}]}
COMMAND: POST /session/50742fcb74db713b844d2305025c75d6/element/f.0249E4A44EBABCBAAE68CC26A2CCEA1F.d.1C2D280CAFA20DF2A684CF845B1276C0.e.1245/click - {}
COMMAND: GET /session/50742fcb74db713b844d2305025c75d6/screenshot - {}
RESULT: {}
COMMAND: GET /session/50742fcb74db713b844d2305025c75d6/screenshot - {}
RESULT: {}
COMMAND: POST /session/50742fcb74db713b844d2305025c75d6/execute/async - {"script":"<script> [1562 bytes]","args":[{"selector":{"id":"application-manageresources-display-component---newResourceUnit--TYPE-arrow"},"wdio_ui5_key":"applicationmanageresources-display-component---newResourceUnit--TYPE-arrow"}]}
RESULT: {}
RESULT: {"script":"<script> [1562 bytes]","args":[{"selector":{"id":"application-manageresources-display-component---newResourceUnit--TYPE-arrow"},"wdio_ui5_key":"applicationmanageresources-display-component---newResourceUnit--TYPE-arrow"}]}
RESULT: undefined
COMMAND: POST /session/50742fcb74db713b844d2305025c75d6/element - {"using":"xpath","value":"//*[@id=\"application-manageresources-display-component---newResourceUnit--TYPE-arrow\"]"}
RESULT: {"using":"xpath","value":"//*[@id=\"application-manageresources-display-component---newResourceUnit--TYPE-arrow\"]"}
COMMAND: POST /session/50742fcb74db713b844d2305025c75d6/element/f.0249E4A44EBABCBAAE68CC26A2CCEA1F.d.1C2D280CAFA20DF2A684CF845B1276C0.e.1571/click - {}
RESULT: {}
COMMAND: POST /session/50742fcb74db713b844d2305025c75d6/execute/async - {"script":"<script> [1562 bytes]","args":[{"selector":{"controlType":"sap.m.StandardListItem","viewName":"reusables.view.manageresources.NewResourceUnit","viewId":"application-manageresources-display-component---newResourceUnit","properties":{"title":"Group"},"searchOpenDialogs":true,"interaction":{"idSuffix":"content"}},"wdio_ui5_key":"reusablesview.manageresources.NewResourceUnitsap.m.StandardListItem{\"title\":\"Group\"}"}]}
COMMAND: GET /session/50742fcb74db713b844d2305025c75d6/screenshot - {}
RESULT: {"script":"<script> [1562 bytes]","args":[{"selector":{"controlType":"sap.m.StandardListItem","viewName":"reusables.view.manageresources.NewResourceUnit","viewId":"application-manageresources-display-component---newResourceUnit","properties":{"title":"Group"},"searchOpenDialogs":true,"interaction":{"idSuffix":"content"}},"wdio_ui5_key":"reusablesview.manageresources.NewResourceUnitsap.m.StandardListItem{\"title\":\"Group\"}"}]}
RESULT: undefined
COMMAND: POST /session/50742fcb74db713b844d2305025c75d6/element - {"using":"xpath","value":"//*[@id=\"__item154\"]"}
RESULT: {}
RESULT: {"using":"xpath","value":"//*[@id=\"__item154\"]"}
COMMAND: POST /session/50742fcb74db713b844d2305025c75d6/element/f.0249E4A44EBABCBAAE68CC26A2CCEA1F.d.1C2D280CAFA20DF2A684CF845B1276C0.e.1574/click - {}
RESULT: {}
COMMAND: GET /session/50742fcb74db713b844d2305025c75d6/screenshot - {}
RESULT: {}
COMMAND: POST /session/50742fcb74db713b844d2305025c75d6/execute/async - {"script":"<script> [1562 bytes]","args":[{"selector":{"id":"application-manageresources-display-component---newResourceUnit--SHORT_TEXT","interaction":{"idSuffix":"inner"}},"wdio_ui5_key":"applicationmanageresources-display-component---newResourceUnit--SHORT_TEXT"}]}
RESULT: {"script":"<script> [1562 bytes]","args":[{"selector":{"id":"application-manageresources-display-component---newResourceUnit--SHORT_TEXT","interaction":{"idSuffix":"inner"}},"wdio_ui5_key":"applicationmanageresources-display-component---newResourceUnit--SHORT_TEXT"}]}
RESULT: undefined
COMMAND: POST /session/50742fcb74db713b844d2305025c75d6/execute/async - {"script":"<script> [776 bytes]","args":[{"enterText":"WdIORUGroupq4i0j","selector":{"id":"application-manageresources-display-component---newResourceUnit--SHORT_TEXT","interaction":{"idSuffix":"inner"}},"clearTextFirst":true,"interactionType":"ENTER_TEXT"}]}
RESULT: {"script":"<script> [776 bytes]","args":[{"enterText":"WdIORUGroupq4i0j","selector":{"id":"application-manageresources-display-component---newResourceUnit--SHORT_TEXT","interaction":{"idSuffix":"inner"}},"clearTextFirst":true,"interactionType":"ENTER_TEXT"}]}
COMMAND: POST /session/50742fcb74db713b844d2305025c75d6/execute/async - {"script":"<script> [1562 bytes]","args":[{"selector":{"id":"application-manageresources-display-component---newResourceUnit--BASE_UNIT_OF_MEASURE","interaction":{"idSuffix":"inner"}},"wdio_ui5_key":"applicationmanageresources-display-component---newResourceUnit--BASE_UNIT_OF_MEASURE"}]}
RESULT: {"script":"<script> [1562 bytes]","args":[{"selector":{"id":"application-manageresources-display-component---newResourceUnit--BASE_UNIT_OF_MEASURE","interaction":{"idSuffix":"inner"}},"wdio_ui5_key":"applicationmanageresources-display-component---newResourceUnit--BASE_UNIT_OF_MEASURE"}]}
RESULT: undefined
COMMAND: POST /session/50742fcb74db713b844d2305025c75d6/execute/async - {"script":"<script> [776 bytes]","args":[{"enterText":"Piece","selector":{"id":"application-manageresources-display-component---newResourceUnit--BASE_UNIT_OF_MEASURE","interaction":{"idSuffix":"inner"}},"clearTextFirst":true,"interactionType":"ENTER_TEXT"}]}
RESULT: {"script":"<script> [776 bytes]","args":[{"enterText":"Piece","selector":{"id":"application-manageresources-display-component---newResourceUnit--BASE_UNIT_OF_MEASURE","interaction":{"idSuffix":"inner"}},"clearTextFirst":true,"interactionType":"ENTER_TEXT"}]}
COMMAND: POST /session/50742fcb74db713b844d2305025c75d6/execute/async - {"script":"<script> [1562 bytes]","args":[{"selector":{"id":"application-manageresources-display-component---newResourceUnit--newRRUPage-OPHeaderContent-collapseBtn-img"},"wdio_ui5_key":"applicationmanageresources-display-component---newResourceUnit--newRRUPage-OPHeaderContent-collapseBtn-img"}]}
RESULT: {"script":"<script> [1562 bytes]","args":[{"selector":{"id":"application-manageresources-display-component---newResourceUnit--newRRUPage-OPHeaderContent-collapseBtn-img"},"wdio_ui5_key":"applicationmanageresources-display-component---newResourceUnit--newRRUPage-OPHeaderContent-collapseBtn-img"}]}
RESULT: undefined
COMMAND: POST /session/50742fcb74db713b844d2305025c75d6/element - {"using":"xpath","value":"//*[@id=\"application-manageresources-display-component---newResourceUnit--newRRUPage-OPHeaderContent-collapseBtn-img\"]"}
RESULT: {"using":"xpath","value":"//*[@id=\"application-manageresources-display-component---newResourceUnit--newRRUPage-OPHeaderContent-collapseBtn-img\"]"}
COMMAND: POST /session/50742fcb74db713b844d2305025c75d6/element/f.0249E4A44EBABCBAAE68CC26A2CCEA1F.d.1C2D280CAFA20DF2A684CF845B1276C0.e.1582/click - {}
RESULT: {}
COMMAND: GET /session/50742fcb74db713b844d2305025c75d6/screenshot - {}
RESULT: {}
COMMAND: POST /session/50742fcb74db713b844d2305025c75d6/execute/async - {"script":"<script> [1562 bytes]","args":[{"selector":{"id":"application-manageresources-display-component---newResourceUnit--newRRUPage-anchBar-application-manageresources-display-component---newResourceUnit--control-anchor","interaction":{"idSuffix":"BDI-content"}},"wdio_ui5_key":"applicationmanageresources-display-component---newResourceUnit--newRRUPage-anchBar-application-manageresources-display-component---newResourceUnit--control-anchor"}]}
RESULT: {"script":"<script> [1562 bytes]","args":[{"selector":{"id":"application-manageresources-display-component---newResourceUnit--newRRUPage-anchBar-application-manageresources-display-component---newResourceUnit--control-anchor","interaction":{"idSuffix":"BDI-content"}},"wdio_ui5_key":"applicationmanageresources-display-component---newResourceUnit--newRRUPage-anchBar-application-manageresources-display-component---newResourceUnit--control-anchor"}]}
RESULT: undefined
COMMAND: POST /session/50742fcb74db713b844d2305025c75d6/element - {"using":"xpath","value":"//*[@id=\"application-manageresources-display-component---newResourceUnit--newRRUPage-anchBar-application-manageresources-display-component---newResourceUnit--control-anchor\"]"}
RESULT: {"using":"xpath","value":"//*[@id=\"application-manageresources-display-component---newResourceUnit--newRRUPage-anchBar-application-manageresources-display-component---newResourceUnit--control-anchor\"]"}
COMMAND: POST /session/50742fcb74db713b844d2305025c75d6/element/f.0249E4A44EBABCBAAE68CC26A2CCEA1F.d.1C2D280CAFA20DF2A684CF845B1276C0.e.1693/click - {}
RESULT: {}
COMMAND: POST /session/50742fcb74db713b844d2305025c75d6/execute/async - {"script":"<script> [1562 bytes]","args":[{"selector":{"id":"application-manageresources-display-component---newResourceUnit--PLANNING_GROUP","interaction":{"idSuffix":"inner"}},"wdio_ui5_key":"applicationmanageresources-display-component---newResourceUnit--PLANNING_GROUP"}]}
COMMAND: GET /session/50742fcb74db713b844d2305025c75d6/screenshot - {}
RESULT: {"script":"<script> [1562 bytes]","args":[{"selector":{"id":"application-manageresources-display-component---newResourceUnit--PLANNING_GROUP","interaction":{"idSuffix":"inner"}},"wdio_ui5_key":"applicationmanageresources-display-component---newResourceUnit--PLANNING_GROUP"}]}
RESULT: undefined
COMMAND: POST /session/50742fcb74db713b844d2305025c75d6/execute/async - {"script":"<script> [776 bytes]","args":[{"enterText":"Heavy Equi","selector":{"id":"application-manageresources-display-component---newResourceUnit--PLANNING_GROUP","interaction":{"idSuffix":"inner"}},"clearTextFirst":true,"interactionType":"ENTER_TEXT"}]}
RESULT: {}
RESULT: {"script":"<script> [776 bytes]","args":[{"enterText":"Heavy Equi","selector":{"id":"application-manageresources-display-component---newResourceUnit--PLANNING_GROUP","interaction":{"idSuffix":"inner"}},"clearTextFirst":true,"interactionType":"ENTER_TEXT"}]}
COMMAND: POST /session/50742fcb74db713b844d2305025c75d6/element - {"using":"xpath","value":"//bdi[contains(text(), \"Time Segment\")]"}
RESULT: {"using":"xpath","value":"//bdi[contains(text(), \"Time Segment\")]"}
COMMAND: GET /session/50742fcb74db713b844d2305025c75d6/element/f.0249E4A44EBABCBAAE68CC26A2CCEA1F.d.1C2D280CAFA20DF2A684CF845B1276C0.e.1700/rect - {}
RESULT: {}
COMMAND: GET /session/50742fcb74db713b844d2305025c75d6/window/rect - {}
RESULT: {}
COMMAND: POST /session/50742fcb74db713b844d2305025c75d6/execute/sync - {"script":"<script> [92 bytes]","args":[]}
RESULT: {"script":"<script> [92 bytes]","args":[]}
COMMAND: POST /session/50742fcb74db713b844d2305025c75d6/actions - {"actions":[{"id":"action3","type":"wheel","parameters":{},"actions":[{"type":"scroll","x":-1820,"y":-21,"deltaX":0,"deltaY":0,"duration":0,"origin":{"element-6066-11e4-a52e-4f735466cecf":"f.0249E4A44EBABCBAAE68CC26A2CCEA1F.d.1C2D280CAFA20DF2A684CF845B1276C0.e.1700"}}]}]}
COMMAND: GET /session/50742fcb74db713b844d2305025c75d6/screenshot - {}
RESULT: {}
COMMAND: POST /session/50742fcb74db713b844d2305025c75d6/execute/sync - {"script":"<script> [79 bytes]","args":[{"element-6066-11e4-a52e-4f735466cecf":"f.0249E4A44EBABCBAAE68CC26A2CCEA1F.d.1C2D280CAFA20DF2A684CF845B1276C0.e.1700","ELEMENT":"f.0249E4A44EBABCBAAE68CC26A2CCEA1F.d.1C2D280CAFA20DF2A684CF845B1276C0.e.1700"},{"block":"start","inline":"nearest"}]}
RESULT: {"script":"<script> [79 bytes]","args":[{"element-6066-11e4-a52e-4f735466cecf":"f.0249E4A44EBABCBAAE68CC26A2CCEA1F.d.1C2D280CAFA20DF2A684CF845B1276C0.e.1700","ELEMENT":"f.0249E4A44EBABCBAAE68CC26A2CCEA1F.d.1C2D280CAFA20DF2A684CF845B1276C0.e.1700"},{"block":"start","inline":"nearest"}]}
COMMAND: GET /session/50742fcb74db713b844d2305025c75d6/screenshot - {}
RESULT: {}
COMMAND: POST /session/50742fcb74db713b844d2305025c75d6/execute/async - {"script":"<script> [1562 bytes]","args":[{"selector":{"id":"application-manageresources-display-component---newResourceUnit--btnAddTimeSegment-img"},"wdio_ui5_key":"applicationmanageresources-display-component---newResourceUnit--btnAddTimeSegment-img"}]}
RESULT: {"script":"<script> [1562 bytes]","args":[{"selector":{"id":"application-manageresources-display-component---newResourceUnit--btnAddTimeSegment-img"},"wdio_ui5_key":"applicationmanageresources-display-component---newResourceUnit--btnAddTimeSegment-img"}]}
RESULT: undefined
COMMAND: POST /session/50742fcb74db713b844d2305025c75d6/element - {"using":"xpath","value":"//*[@id=\"application-manageresources-display-component---newResourceUnit--btnAddTimeSegment-img\"]"}
RESULT: {"using":"xpath","value":"//*[@id=\"application-manageresources-display-component---newResourceUnit--btnAddTimeSegment-img\"]"}
COMMAND: POST /session/50742fcb74db713b844d2305025c75d6/element/f.0249E4A44EBABCBAAE68CC26A2CCEA1F.d.1C2D280CAFA20DF2A684CF845B1276C0.e.1703/click - {}
RESULT: {}
COMMAND: GET /session/50742fcb74db713b844d2305025c75d6/screenshot - {}
RESULT: {}
COMMAND: POST /session/50742fcb74db713b844d2305025c75d6/element - {"using":"xpath","value":"//input[@id=\"application-manageresources-display-component---newResourceUnit--idRuTSAdmin-application-manageresources-display-component---newResourceUnit--RUTimeSegment-0-inner\"]"}
RESULT: {"using":"xpath","value":"//input[@id=\"application-manageresources-display-component---newResourceUnit--idRuTSAdmin-application-manageresources-display-component---newResourceUnit--RUTimeSegment-0-inner\"]"}
COMMAND: POST /session/50742fcb74db713b844d2305025c75d6/element/f.0249E4A44EBABCBAAE68CC26A2CCEA1F.d.1C2D280CAFA20DF2A684CF845B1276C0.e.1706/clear - {}
RESULT: {}
COMMAND: POST /session/50742fcb74db713b844d2305025c75d6/element/f.0249E4A44EBABCBAAE68CC26A2CCEA1F.d.1C2D280CAFA20DF2A684CF845B1276C0.e.1706/value - {"text":"WebdriverYardq775w"}
COMMAND: GET /session/50742fcb74db713b844d2305025c75d6/screenshot - {}
RESULT: {"text":"WebdriverYardq775w"}
COMMAND: GET /session/50742fcb74db713b844d2305025c75d6/screenshot - {}
RESULT: {}
RESULT: {}
COMMAND: POST /session/50742fcb74db713b844d2305025c75d6/actions - {"actions":[{"id":"action4","type":"key","parameters":{},"actions":[{"type":"keyDown","value":""},{"type":"pause","duration":10},{"type":"keyUp","value":""}]}]}
RESULT: {"actions":[{"id":"action4","type":"key","parameters":{},"actions":[{"type":"keyDown","value":""},{"type":"pause","duration":10},{"type":"keyUp","value":""}]}]}
COMMAND: GET /session/50742fcb74db713b844d2305025c75d6/screenshot - {}
RESULT: {}
COMMAND: POST /session/50742fcb74db713b844d2305025c75d6/execute/async - {"script":"<script> [1562 bytes]","args":[{"selector":{"controlType":"sap.m.Button","viewName":"reusables.view.manageresources.NewResourceUnit","viewId":"application-manageresources-display-component---newResourceUnit","i18NText":{"propertyName":"tooltip","key":"save"},"interaction":{"idSuffix":"BDI-content"}},"wdio_ui5_key":"reusablesview.manageresources.NewResourceUnitsap.m.Button{\"propertyName\":\"tooltip\",\"key\":\"save\"}"}]}
RESULT: {"script":"<script> [1562 bytes]","args":[{"selector":{"controlType":"sap.m.Button","viewName":"reusables.view.manageresources.NewResourceUnit","viewId":"application-manageresources-display-component---newResourceUnit","i18NText":{"propertyName":"tooltip","key":"save"},"interaction":{"idSuffix":"BDI-content"}},"wdio_ui5_key":"reusablesview.manageresources.NewResourceUnitsap.m.Button{\"propertyName\":\"tooltip\",\"key\":\"save\"}"}]}
RESULT: undefined
COMMAND: POST /session/50742fcb74db713b844d2305025c75d6/element - {"using":"xpath","value":"//*[@id=\"application-manageresources-display-component---newResourceUnit--createRuButton\"]"}
RESULT: {"using":"xpath","value":"//*[@id=\"application-manageresources-display-component---newResourceUnit--createRuButton\"]"}
COMMAND: POST /session/50742fcb74db713b844d2305025c75d6/element/f.0249E4A44EBABCBAAE68CC26A2CCEA1F.d.1C2D280CAFA20DF2A684CF845B1276C0.e.1588/click - {}
RESULT: {}
COMMAND: GET /session/50742fcb74db713b844d2305025c75d6/screenshot - {}
RESULT: {}
COMMAND: POST /session/50742fcb74db713b844d2305025c75d6/execute/async - {"script":"<script> [1562 bytes]","args":[{"selector":{"controlType":"sap.m.Button","properties":{"text":"Close"},"searchOpenDialogs":true,"interaction":{"idSuffix":"inner"}},"wdio_ui5_key":"sapm.Button{\"text\":\"Close\"}"}]}
RESULT: {"script":"<script> [1562 bytes]","args":[{"selector":{"controlType":"sap.m.Button","properties":{"text":"Close"},"searchOpenDialogs":true,"interaction":{"idSuffix":"inner"}},"wdio_ui5_key":"sapm.Button{\"text\":\"Close\"}"}]}
RESULT: undefined
COMMAND: POST /session/50742fcb74db713b844d2305025c75d6/element - {"using":"xpath","value":"//*[@id=\"__mbox-btn-0\"]"}
RESULT: {"using":"xpath","value":"//*[@id=\"__mbox-btn-0\"]"}
COMMAND: POST /session/50742fcb74db713b844d2305025c75d6/element/f.0249E4A44EBABCBAAE68CC26A2CCEA1F.d.1C2D280CAFA20DF2A684CF845B1276C0.e.1713/click - {}
RESULT: {}
COMMAND: GET /session/50742fcb74db713b844d2305025c75d6/screenshot - {}
RESULT: {}
COMMAND: POST /session/50742fcb74db713b844d2305025c75d6/element - {"using":"css selector","value":"#shell-header-logo"}
RESULT: {"using":"css selector","value":"#shell-header-logo"}
COMMAND: POST /session/50742fcb74db713b844d2305025c75d6/element/f.0249E4A44EBABCBAAE68CC26A2CCEA1F.d.1C2D280CAFA20DF2A684CF845B1276C0.e.1203/click - {}
RESULT: {}
COMMAND: GET /session/50742fcb74db713b844d2305025c75d6/screenshot - {}
RESULT: {}
]]></system-out>
    </testcase>
    <testcase classname="chrome.136_0_7103_93.windows.Related_resources_for_groups_US139107" name="Should create first equipment and add it to the group" time="121.824">
      <system-out><![CDATA[
RESULT: undefined
COMMAND: POST /session/50742fcb74db713b844d2305025c75d6/element - {"using":"xpath","value":"//*[@id=\"__tile39\"]"}
RESULT: {"using":"xpath","value":"//*[@id=\"__tile39\"]"}
COMMAND: POST /session/50742fcb74db713b844d2305025c75d6/element/f.0249E4A44EBABCBAAE68CC26A2CCEA1F.d.1C2D280CAFA20DF2A684CF845B1276C0.e.1200/click - {}
RESULT: {}
COMMAND: GET /session/50742fcb74db713b844d2305025c75d6/screenshot - {}
RESULT: {}
COMMAND: POST /session/50742fcb74db713b844d2305025c75d6/elements - {"using":"xpath","value":"//span[text()='Error']"}
RESULT: {"using":"xpath","value":"//span[text()='Error']"}
COMMAND: POST /session/50742fcb74db713b844d2305025c75d6/element - {"using":"xpath","value":"//button[@data-kt=\"addNewRUOverflowToolbarButton\"]"}
RESULT: {"using":"xpath","value":"//button[@data-kt=\"addNewRUOverflowToolbarButton\"]"}
COMMAND: POST /session/50742fcb74db713b844d2305025c75d6/execute/sync - {"script":"<script> [8489 bytes]","args":[{"element-6066-11e4-a52e-4f735466cecf":"f.0249E4A44EBABCBAAE68CC26A2CCEA1F.d.1C2D280CAFA20DF2A684CF845B1276C0.e.1790","ELEMENT":"f.0249E4A44EBABCBAAE68CC26A2CCEA1F.d.1C2D280CAFA20DF2A684CF845B1276C0.e.1790"}]}
RESULT: {"script":"<script> [8489 bytes]","args":[{"element-6066-11e4-a52e-4f735466cecf":"f.0249E4A44EBABCBAAE68CC26A2CCEA1F.d.1C2D280CAFA20DF2A684CF845B1276C0.e.1790","ELEMENT":"f.0249E4A44EBABCBAAE68CC26A2CCEA1F.d.1C2D280CAFA20DF2A684CF845B1276C0.e.1790"}]}
COMMAND: POST /session/50742fcb74db713b844d2305025c75d6/element/f.0249E4A44EBABCBAAE68CC26A2CCEA1F.d.1C2D280CAFA20DF2A684CF845B1276C0.e.1790/click - {}
COMMAND: GET /session/50742fcb74db713b844d2305025c75d6/screenshot - {}
RESULT: {}
COMMAND: GET /session/50742fcb74db713b844d2305025c75d6/screenshot - {}
RESULT: {}
RESULT: undefined
COMMAND: POST /session/50742fcb74db713b844d2305025c75d6/element - {"using":"xpath","value":"//*[@id=\"application-manageresources-display-component---newResourceUnit--TYPE-arrow\"]"}
RESULT: {}
RESULT: {"using":"xpath","value":"//*[@id=\"application-manageresources-display-component---newResourceUnit--TYPE-arrow\"]"}
COMMAND: POST /session/50742fcb74db713b844d2305025c75d6/element/f.0249E4A44EBABCBAAE68CC26A2CCEA1F.d.1C2D280CAFA20DF2A684CF845B1276C0.e.2115/click - {}
RESULT: {}
COMMAND: POST /session/50742fcb74db713b844d2305025c75d6/execute/async - {"script":"<script> [1562 bytes]","args":[{"selector":{"controlType":"sap.m.StandardListItem","viewName":"reusables.view.manageresources.NewResourceUnit","viewId":"application-manageresources-display-component---newResourceUnit","properties":{"title":"Equipment"},"searchOpenDialogs":true,"interaction":{"idSuffix":"content"}},"wdio_ui5_key":"reusablesview.manageresources.NewResourceUnitsap.m.StandardListItem{\"title\":\"Equipment\"}"}]}
COMMAND: GET /session/50742fcb74db713b844d2305025c75d6/screenshot - {}
RESULT: {"script":"<script> [1562 bytes]","args":[{"selector":{"controlType":"sap.m.StandardListItem","viewName":"reusables.view.manageresources.NewResourceUnit","viewId":"application-manageresources-display-component---newResourceUnit","properties":{"title":"Equipment"},"searchOpenDialogs":true,"interaction":{"idSuffix":"content"}},"wdio_ui5_key":"reusablesview.manageresources.NewResourceUnitsap.m.StandardListItem{\"title\":\"Equipment\"}"}]}
RESULT: undefined
COMMAND: POST /session/50742fcb74db713b844d2305025c75d6/element - {"using":"xpath","value":"//*[@id=\"__item734\"]"}
RESULT: {}
RESULT: {"using":"xpath","value":"//*[@id=\"__item734\"]"}
COMMAND: POST /session/50742fcb74db713b844d2305025c75d6/element/f.0249E4A44EBABCBAAE68CC26A2CCEA1F.d.1C2D280CAFA20DF2A684CF845B1276C0.e.2118/click - {}
RESULT: {}
COMMAND: GET /session/50742fcb74db713b844d2305025c75d6/screenshot - {}
RESULT: {}
COMMAND: POST /session/50742fcb74db713b844d2305025c75d6/execute/async - {"script":"<script> [1562 bytes]","args":[{"selector":{"id":"application-manageresources-display-component---newResourceUnit--resourceId","interaction":{"idSuffix":"inner"}},"wdio_ui5_key":"applicationmanageresources-display-component---newResourceUnit--resourceId"}]}
RESULT: {"script":"<script> [1562 bytes]","args":[{"selector":{"id":"application-manageresources-display-component---newResourceUnit--resourceId","interaction":{"idSuffix":"inner"}},"wdio_ui5_key":"applicationmanageresources-display-component---newResourceUnit--resourceId"}]}
RESULT: undefined
COMMAND: POST /session/50742fcb74db713b844d2305025c75d6/execute/async - {"script":"<script> [776 bytes]","args":[{"enterText":"WdIORUEquip1bxgmm","selector":{"id":"application-manageresources-display-component---newResourceUnit--resourceId","interaction":{"idSuffix":"inner"}},"clearTextFirst":true,"interactionType":"ENTER_TEXT"}]}
RESULT: {"script":"<script> [776 bytes]","args":[{"enterText":"WdIORUEquip1bxgmm","selector":{"id":"application-manageresources-display-component---newResourceUnit--resourceId","interaction":{"idSuffix":"inner"}},"clearTextFirst":true,"interactionType":"ENTER_TEXT"}]}
RESULT: undefined
COMMAND: POST /session/50742fcb74db713b844d2305025c75d6/execute/async - {"script":"<script> [776 bytes]","args":[{"enterText":"WdIORUEquip1bxgmm","selector":{"id":"application-manageresources-display-component---newResourceUnit--SHORT_TEXT","interaction":{"idSuffix":"inner"}},"clearTextFirst":true,"interactionType":"ENTER_TEXT"}]}
RESULT: {"script":"<script> [776 bytes]","args":[{"enterText":"WdIORUEquip1bxgmm","selector":{"id":"application-manageresources-display-component---newResourceUnit--SHORT_TEXT","interaction":{"idSuffix":"inner"}},"clearTextFirst":true,"interactionType":"ENTER_TEXT"}]}
RESULT: undefined
COMMAND: POST /session/50742fcb74db713b844d2305025c75d6/execute/async - {"script":"<script> [776 bytes]","args":[{"enterText":"Piece","selector":{"id":"application-manageresources-display-component---newResourceUnit--BASE_UNIT_OF_MEASURE","interaction":{"idSuffix":"inner"}},"clearTextFirst":true,"interactionType":"ENTER_TEXT"}]}
RESULT: {"script":"<script> [776 bytes]","args":[{"enterText":"Piece","selector":{"id":"application-manageresources-display-component---newResourceUnit--BASE_UNIT_OF_MEASURE","interaction":{"idSuffix":"inner"}},"clearTextFirst":true,"interactionType":"ENTER_TEXT"}]}
COMMAND: POST /session/50742fcb74db713b844d2305025c75d6/element - {"using":"xpath","value":"//input[contains(@id ,\"application-manageresources-display-component---newResourceUnit--HIGHER_LEVEL_RESOURCE-inner\")]"}
RESULT: {"using":"xpath","value":"//input[contains(@id ,\"application-manageresources-display-component---newResourceUnit--HIGHER_LEVEL_RESOURCE-inner\")]"}
COMMAND: POST /session/50742fcb74db713b844d2305025c75d6/element/f.0249E4A44EBABCBAAE68CC26A2CCEA1F.d.1C2D280CAFA20DF2A684CF845B1276C0.e.2140/value - {"text":"WdIORUGroupq4i0j"}
RESULT: {"text":"WdIORUGroupq4i0j"}
COMMAND: GET /session/50742fcb74db713b844d2305025c75d6/screenshot - {}
RESULT: {}
COMMAND: POST /session/50742fcb74db713b844d2305025c75d6/actions - {"actions":[{"id":"action5","type":"key","parameters":{},"actions":[{"type":"keyDown","value":""},{"type":"pause","duration":10},{"type":"keyUp","value":""}]}]}
RESULT: {"actions":[{"id":"action5","type":"key","parameters":{},"actions":[{"type":"keyDown","value":""},{"type":"pause","duration":10},{"type":"keyUp","value":""}]}]}
COMMAND: POST /session/50742fcb74db713b844d2305025c75d6/execute/async - {"script":"<script> [1562 bytes]","args":[{"selector":{"id":"application-manageresources-display-component---newResourceUnit--WEIGHT_UNIT","interaction":{"idSuffix":"inner"}},"wdio_ui5_key":"applicationmanageresources-display-component---newResourceUnit--WEIGHT_UNIT"}]}
COMMAND: GET /session/50742fcb74db713b844d2305025c75d6/screenshot - {}
RESULT: {"script":"<script> [1562 bytes]","args":[{"selector":{"id":"application-manageresources-display-component---newResourceUnit--WEIGHT_UNIT","interaction":{"idSuffix":"inner"}},"wdio_ui5_key":"applicationmanageresources-display-component---newResourceUnit--WEIGHT_UNIT"}]}
RESULT: undefined
COMMAND: POST /session/50742fcb74db713b844d2305025c75d6/execute/async - {"script":"<script> [776 bytes]","args":[{"enterText":"Gram","selector":{"id":"application-manageresources-display-component---newResourceUnit--WEIGHT_UNIT","interaction":{"idSuffix":"inner"}},"clearTextFirst":true,"interactionType":"ENTER_TEXT"}]}
RESULT: {}
RESULT: {"script":"<script> [776 bytes]","args":[{"enterText":"Gram","selector":{"id":"application-manageresources-display-component---newResourceUnit--WEIGHT_UNIT","interaction":{"idSuffix":"inner"}},"clearTextFirst":true,"interactionType":"ENTER_TEXT"}]}
RESULT: undefined
COMMAND: POST /session/50742fcb74db713b844d2305025c75d6/element - {"using":"xpath","value":"//*[@id=\"application-manageresources-display-component---newResourceUnit--newRRUPage-OPHeaderContent-collapseBtn-img\"]"}
RESULT: {"using":"xpath","value":"//*[@id=\"application-manageresources-display-component---newResourceUnit--newRRUPage-OPHeaderContent-collapseBtn-img\"]"}
COMMAND: POST /session/50742fcb74db713b844d2305025c75d6/element/f.0249E4A44EBABCBAAE68CC26A2CCEA1F.d.1C2D280CAFA20DF2A684CF845B1276C0.e.2125/click - {}
RESULT: {}
COMMAND: GET /session/50742fcb74db713b844d2305025c75d6/screenshot - {}
RESULT: {}
COMMAND: POST /session/50742fcb74db713b844d2305025c75d6/element - {"using":"xpath","value":"(//span[contains(@id ,\"application-manageresources-display-component---newResourceUnit--DIMENSION_UNIT-arrow\")])[1]"}
RESULT: {"using":"xpath","value":"(//span[contains(@id ,\"application-manageresources-display-component---newResourceUnit--DIMENSION_UNIT-arrow\")])[1]"}
COMMAND: POST /session/50742fcb74db713b844d2305025c75d6/element/f.0249E4A44EBABCBAAE68CC26A2CCEA1F.d.1C2D280CAFA20DF2A684CF845B1276C0.e.2275/click - {}
RESULT: {}
COMMAND: GET /session/50742fcb74db713b844d2305025c75d6/screenshot - {}
RESULT: {}
COMMAND: POST /session/50742fcb74db713b844d2305025c75d6/execute/async - {"script":"<script> [1562 bytes]","args":[{"selector":{"controlType":"sap.m.StandardListItem","viewName":"reusables.view.manageresources.NewResourceUnit","viewId":"application-manageresources-display-component---newResourceUnit","properties":{"title":"Centimeter"},"searchOpenDialogs":true,"interaction":{"idSuffix":"titleText"}},"wdio_ui5_key":"reusablesview.manageresources.NewResourceUnitsap.m.StandardListItem{\"title\":\"Centimeter\"}"}]}
RESULT: {"script":"<script> [1562 bytes]","args":[{"selector":{"controlType":"sap.m.StandardListItem","viewName":"reusables.view.manageresources.NewResourceUnit","viewId":"application-manageresources-display-component---newResourceUnit","properties":{"title":"Centimeter"},"searchOpenDialogs":true,"interaction":{"idSuffix":"titleText"}},"wdio_ui5_key":"reusablesview.manageresources.NewResourceUnitsap.m.StandardListItem{\"title\":\"Centimeter\"}"}]}
RESULT: undefined
COMMAND: POST /session/50742fcb74db713b844d2305025c75d6/element - {"using":"xpath","value":"//*[@id=\"__item822\"]"}
RESULT: {"using":"xpath","value":"//*[@id=\"__item822\"]"}
COMMAND: POST /session/50742fcb74db713b844d2305025c75d6/element/f.0249E4A44EBABCBAAE68CC26A2CCEA1F.d.1C2D280CAFA20DF2A684CF845B1276C0.e.2277/click - {}
RESULT: {}
COMMAND: GET /session/50742fcb74db713b844d2305025c75d6/screenshot - {}
RESULT: {}
RESULT: undefined
COMMAND: POST /session/50742fcb74db713b844d2305025c75d6/element - {"using":"xpath","value":"//*[@id=\"application-manageresources-display-component---newResourceUnit--newRRUPage-anchBar-application-manageresources-display-component---newResourceUnit--control-anchor\"]"}
RESULT: {"using":"xpath","value":"//*[@id=\"application-manageresources-display-component---newResourceUnit--newRRUPage-anchBar-application-manageresources-display-component---newResourceUnit--control-anchor\"]"}
COMMAND: POST /session/50742fcb74db713b844d2305025c75d6/element/f.0249E4A44EBABCBAAE68CC26A2CCEA1F.d.1C2D280CAFA20DF2A684CF845B1276C0.e.2278/click - {}
RESULT: {}
RESULT: undefined
COMMAND: POST /session/50742fcb74db713b844d2305025c75d6/execute/async - {"script":"<script> [776 bytes]","args":[{"enterText":"Heavy Equi","selector":{"id":"application-manageresources-display-component---newResourceUnit--PLANNING_GROUP","interaction":{"idSuffix":"inner"}},"clearTextFirst":true,"interactionType":"ENTER_TEXT"}]}
COMMAND: GET /session/50742fcb74db713b844d2305025c75d6/screenshot - {}
RESULT: {"script":"<script> [776 bytes]","args":[{"enterText":"Heavy Equi","selector":{"id":"application-manageresources-display-component---newResourceUnit--PLANNING_GROUP","interaction":{"idSuffix":"inner"}},"clearTextFirst":true,"interactionType":"ENTER_TEXT"}]}
RESULT: {}
COMMAND: POST /session/50742fcb74db713b844d2305025c75d6/execute/async - {"script":"<script> [1562 bytes]","args":[{"selector":{"id":"application-manageresources-display-component---newResourceUnit--ITEM_TYPE-arrow"},"wdio_ui5_key":"applicationmanageresources-display-component---newResourceUnit--ITEM_TYPE-arrow"}]}
RESULT: {"script":"<script> [1562 bytes]","args":[{"selector":{"id":"application-manageresources-display-component---newResourceUnit--ITEM_TYPE-arrow"},"wdio_ui5_key":"applicationmanageresources-display-component---newResourceUnit--ITEM_TYPE-arrow"}]}
RESULT: undefined
COMMAND: POST /session/50742fcb74db713b844d2305025c75d6/element - {"using":"xpath","value":"//*[@id=\"application-manageresources-display-component---newResourceUnit--ITEM_TYPE-arrow\"]"}
RESULT: {"using":"xpath","value":"//*[@id=\"application-manageresources-display-component---newResourceUnit--ITEM_TYPE-arrow\"]"}
COMMAND: POST /session/50742fcb74db713b844d2305025c75d6/element/f.0249E4A44EBABCBAAE68CC26A2CCEA1F.d.1C2D280CAFA20DF2A684CF845B1276C0.e.2284/click - {}
RESULT: {}
COMMAND: POST /session/50742fcb74db713b844d2305025c75d6/execute/async - {"script":"<script> [1562 bytes]","args":[{"selector":{"controlType":"sap.m.StandardListItem","viewName":"reusables.view.manageresources.NewResourceUnit","viewId":"application-manageresources-display-component---newResourceUnit","properties":{"title":"Resource Unit"},"searchOpenDialogs":true,"interaction":{"idSuffix":"titleText"}},"wdio_ui5_key":"reusablesview.manageresources.NewResourceUnitsap.m.StandardListItem{\"title\":\"Resource Unit\"}"}]}
COMMAND: GET /session/50742fcb74db713b844d2305025c75d6/screenshot - {}
RESULT: {"script":"<script> [1562 bytes]","args":[{"selector":{"controlType":"sap.m.StandardListItem","viewName":"reusables.view.manageresources.NewResourceUnit","viewId":"application-manageresources-display-component---newResourceUnit","properties":{"title":"Resource Unit"},"searchOpenDialogs":true,"interaction":{"idSuffix":"titleText"}},"wdio_ui5_key":"reusablesview.manageresources.NewResourceUnitsap.m.StandardListItem{\"title\":\"Resource Unit\"}"}]}
RESULT: undefined
COMMAND: POST /session/50742fcb74db713b844d2305025c75d6/element - {"using":"xpath","value":"//*[@id=\"__item844\"]"}
RESULT: {}
RESULT: {"using":"xpath","value":"//*[@id=\"__item844\"]"}
COMMAND: POST /session/50742fcb74db713b844d2305025c75d6/element/f.0249E4A44EBABCBAAE68CC26A2CCEA1F.d.1C2D280CAFA20DF2A684CF845B1276C0.e.2286/click - {}
RESULT: {}
COMMAND: POST /session/50742fcb74db713b844d2305025c75d6/element - {"using":"xpath","value":"//bdi[contains(text(), \"Time Segment\")]"}
COMMAND: GET /session/50742fcb74db713b844d2305025c75d6/screenshot - {}
RESULT: {"using":"xpath","value":"//bdi[contains(text(), \"Time Segment\")]"}
COMMAND: GET /session/50742fcb74db713b844d2305025c75d6/element/f.0249E4A44EBABCBAAE68CC26A2CCEA1F.d.1C2D280CAFA20DF2A684CF845B1276C0.e.2293/rect - {}
RESULT: {}
RESULT: {}
COMMAND: GET /session/50742fcb74db713b844d2305025c75d6/window/rect - {}
RESULT: {}
COMMAND: POST /session/50742fcb74db713b844d2305025c75d6/execute/sync - {"script":"<script> [92 bytes]","args":[]}
RESULT: {"script":"<script> [92 bytes]","args":[]}
COMMAND: POST /session/50742fcb74db713b844d2305025c75d6/actions - {"actions":[{"id":"action6","type":"wheel","parameters":{},"actions":[{"type":"scroll","x":-1820,"y":-21,"deltaX":0,"deltaY":0,"duration":0,"origin":{"element-6066-11e4-a52e-4f735466cecf":"f.0249E4A44EBABCBAAE68CC26A2CCEA1F.d.1C2D280CAFA20DF2A684CF845B1276C0.e.2293"}}]}]}
COMMAND: GET /session/50742fcb74db713b844d2305025c75d6/screenshot - {}
RESULT: {}
COMMAND: POST /session/50742fcb74db713b844d2305025c75d6/execute/sync - {"script":"<script> [79 bytes]","args":[{"element-6066-11e4-a52e-4f735466cecf":"f.0249E4A44EBABCBAAE68CC26A2CCEA1F.d.1C2D280CAFA20DF2A684CF845B1276C0.e.2293","ELEMENT":"f.0249E4A44EBABCBAAE68CC26A2CCEA1F.d.1C2D280CAFA20DF2A684CF845B1276C0.e.2293"},{"block":"start","inline":"nearest"}]}
RESULT: {"script":"<script> [79 bytes]","args":[{"element-6066-11e4-a52e-4f735466cecf":"f.0249E4A44EBABCBAAE68CC26A2CCEA1F.d.1C2D280CAFA20DF2A684CF845B1276C0.e.2293","ELEMENT":"f.0249E4A44EBABCBAAE68CC26A2CCEA1F.d.1C2D280CAFA20DF2A684CF845B1276C0.e.2293"},{"block":"start","inline":"nearest"}]}
RESULT: undefined
COMMAND: POST /session/50742fcb74db713b844d2305025c75d6/element - {"using":"xpath","value":"//*[@id=\"application-manageresources-display-component---newResourceUnit--btnAddTimeSegment-img\"]"}
COMMAND: GET /session/50742fcb74db713b844d2305025c75d6/screenshot - {}
RESULT: {"using":"xpath","value":"//*[@id=\"application-manageresources-display-component---newResourceUnit--btnAddTimeSegment-img\"]"}
COMMAND: POST /session/50742fcb74db713b844d2305025c75d6/element/f.0249E4A44EBABCBAAE68CC26A2CCEA1F.d.1C2D280CAFA20DF2A684CF845B1276C0.e.2294/click - {}
RESULT: {}
RESULT: {}
COMMAND: GET /session/50742fcb74db713b844d2305025c75d6/screenshot - {}
RESULT: {}
COMMAND: POST /session/50742fcb74db713b844d2305025c75d6/element - {"using":"xpath","value":"//input[@id=\"application-manageresources-display-component---newResourceUnit--idRuTSAdmin-application-manageresources-display-component---newResourceUnit--RUTimeSegment-0-inner\"]"}
RESULT: {"using":"xpath","value":"//input[@id=\"application-manageresources-display-component---newResourceUnit--idRuTSAdmin-application-manageresources-display-component---newResourceUnit--RUTimeSegment-0-inner\"]"}
COMMAND: POST /session/50742fcb74db713b844d2305025c75d6/element/f.0249E4A44EBABCBAAE68CC26A2CCEA1F.d.1C2D280CAFA20DF2A684CF845B1276C0.e.2300/clear - {}
RESULT: {}
COMMAND: POST /session/50742fcb74db713b844d2305025c75d6/element/f.0249E4A44EBABCBAAE68CC26A2CCEA1F.d.1C2D280CAFA20DF2A684CF845B1276C0.e.2300/value - {"text":"WebdriverYardq775w"}
COMMAND: GET /session/50742fcb74db713b844d2305025c75d6/screenshot - {}
RESULT: {"text":"WebdriverYardq775w"}
COMMAND: GET /session/50742fcb74db713b844d2305025c75d6/screenshot - {}
RESULT: {}
RESULT: {}
COMMAND: POST /session/50742fcb74db713b844d2305025c75d6/actions - {"actions":[{"id":"action7","type":"key","parameters":{},"actions":[{"type":"keyDown","value":""},{"type":"pause","duration":10},{"type":"keyUp","value":""}]}]}
RESULT: {"actions":[{"id":"action7","type":"key","parameters":{},"actions":[{"type":"keyDown","value":""},{"type":"pause","duration":10},{"type":"keyUp","value":""}]}]}
COMMAND: POST /session/50742fcb74db713b844d2305025c75d6/execute/async - {"script":"<script> [1562 bytes]","args":[{"selector":{"controlType":"sap.ui.core.Icon","viewName":"reusables.view.manageresources.NewResourceUnit","viewId":"application-manageresources-display-component---newResourceUnit","properties":{"src":{"regex":{"source":"slim\\-arrow\\-down"}}},"ancestor":{"controlType":"sap.m.ComboBox","viewName":"reusables.view.manageresources.NewResourceUnit","viewId":"application-manageresources-display-component---newResourceUnit","bindingPath":{"path":"/RESOURCE_UNIT_TIME_SEQUENCES/0","propertyPath":"COST_OBJECT_ADMIN_CST_TYPE","modelName":"oNewRruModel"}}},"wdio_ui5_key":"reusablesview.manageresources.NewResourceUnitsap.ui.core.Icon{\"src\":{\"regex\":{\"source\":\"slim\\\\-arrow\\\\-down\"}}}{\"controlType\":\"sap.m.ComboBox\",\"viewName\":\"reusables.view.manageresources.NewResourceUnit\",\"viewId\":\"application-manageresources-display-component---newResourceUnit\",\"bindingPath\":{\"path\":\"/RESOURCE_UNIT_TIME_SEQUENCES/0\",\"propertyPath\":\"COST_OBJECT_ADMIN_CST_TYPE\",\"modelName\":\"oNewRruModel\"}}"}]}
COMMAND: GET /session/50742fcb74db713b844d2305025c75d6/screenshot - {}
RESULT: {"script":"<script> [1562 bytes]","args":[{"selector":{"controlType":"sap.ui.core.Icon","viewName":"reusables.view.manageresources.NewResourceUnit","viewId":"application-manageresources-display-component---newResourceUnit","properties":{"src":{"regex":{"source":"slim\\-arrow\\-down"}}},"ancestor":{"controlType":"sap.m.ComboBox","viewName":"reusables.view.manageresources.NewResourceUnit","viewId":"application-manageresources-display-component---newResourceUnit","bindingPath":{"path":"/RESOURCE_UNIT_TIME_SEQUENCES/0","propertyPath":"COST_OBJECT_ADMIN_CST_TYPE","modelName":"oNewRruModel"}}},"wdio_ui5_key":"reusablesview.manageresources.NewResourceUnitsap.ui.core.Icon{\"src\":{\"regex\":{\"source\":\"slim\\\\-arrow\\\\-down\"}}}{\"controlType\":\"sap.m.ComboBox\",\"viewName\":\"reusables.view.manageresources.NewResourceUnit\",\"viewId\":\"application-manageresources-display-component---newResourceUnit\",\"bindingPath\":{\"path\":\"/RESOURCE_UNIT_TIME_SEQUENCES/0\",\"propertyPath\":\"COST_OBJECT_ADMIN_CST_TYPE\",\"modelName\":\"oNewRruModel\"}}"}]}
RESULT: undefined
COMMAND: POST /session/50742fcb74db713b844d2305025c75d6/element - {"using":"xpath","value":"//*[@id=\"__box10-application-manageresources-display-component---newResourceUnit--RUTimeSegment-0-arrow\"]"}
RESULT: {}
RESULT: {"using":"xpath","value":"//*[@id=\"__box10-application-manageresources-display-component---newResourceUnit--RUTimeSegment-0-arrow\"]"}
COMMAND: POST /session/50742fcb74db713b844d2305025c75d6/element/f.0249E4A44EBABCBAAE68CC26A2CCEA1F.d.1C2D280CAFA20DF2A684CF845B1276C0.e.2312/click - {}
RESULT: {}
COMMAND: POST /session/50742fcb74db713b844d2305025c75d6/execute/async - {"script":"<script> [1562 bytes]","args":[{"selector":{"controlType":"sap.m.StandardListItem","viewName":"reusables.view.manageresources.NewResourceUnit","viewId":"application-manageresources-display-component---newResourceUnit","properties":{"title":"PM Order"},"searchOpenDialogs":true,"interaction":{"idSuffix":"titleText"}},"wdio_ui5_key":"reusablesview.manageresources.NewResourceUnitsap.m.StandardListItem{\"title\":\"PM Order\"}"}]}
COMMAND: GET /session/50742fcb74db713b844d2305025c75d6/screenshot - {}
RESULT: {"script":"<script> [1562 bytes]","args":[{"selector":{"controlType":"sap.m.StandardListItem","viewName":"reusables.view.manageresources.NewResourceUnit","viewId":"application-manageresources-display-component---newResourceUnit","properties":{"title":"PM Order"},"searchOpenDialogs":true,"interaction":{"idSuffix":"titleText"}},"wdio_ui5_key":"reusablesview.manageresources.NewResourceUnitsap.m.StandardListItem{\"title\":\"PM Order\"}"}]}
RESULT: undefined
COMMAND: POST /session/50742fcb74db713b844d2305025c75d6/element - {"using":"xpath","value":"//*[@id=\"__item1215\"]"}
RESULT: {}
RESULT: {"using":"xpath","value":"//*[@id=\"__item1215\"]"}
COMMAND: POST /session/50742fcb74db713b844d2305025c75d6/element/f.0249E4A44EBABCBAAE68CC26A2CCEA1F.d.1C2D280CAFA20DF2A684CF845B1276C0.e.2316/click - {}
RESULT: {}
COMMAND: GET /session/50742fcb74db713b844d2305025c75d6/screenshot - {}
RESULT: {}
COMMAND: POST /session/50742fcb74db713b844d2305025c75d6/element - {"using":"xpath","value":"(//input[contains(@id ,\"-application-manageresources-display-component---newResourceUnit--RUTimeSegment-0-inner\")])[8]"}
RESULT: {"using":"xpath","value":"(//input[contains(@id ,\"-application-manageresources-display-component---newResourceUnit--RUTimeSegment-0-inner\")])[8]"}
COMMAND: POST /session/50742fcb74db713b844d2305025c75d6/element/f.0249E4A44EBABCBAAE68CC26A2CCEA1F.d.1C2D280CAFA20DF2A684CF845B1276C0.e.2319/clear - {}
RESULT: {}
COMMAND: POST /session/50742fcb74db713b844d2305025c75d6/element/f.0249E4A44EBABCBAAE68CC26A2CCEA1F.d.1C2D280CAFA20DF2A684CF845B1276C0.e.2319/value - {"text":"4000360"}
COMMAND: GET /session/50742fcb74db713b844d2305025c75d6/screenshot - {}
RESULT: {"text":"4000360"}
COMMAND: GET /session/50742fcb74db713b844d2305025c75d6/screenshot - {}
RESULT: {}
RESULT: {}
COMMAND: POST /session/50742fcb74db713b844d2305025c75d6/actions - {"actions":[{"id":"action8","type":"key","parameters":{},"actions":[{"type":"keyDown","value":""},{"type":"pause","duration":10},{"type":"keyUp","value":""}]}]}
RESULT: {"actions":[{"id":"action8","type":"key","parameters":{},"actions":[{"type":"keyDown","value":""},{"type":"pause","duration":10},{"type":"keyUp","value":""}]}]}
COMMAND: GET /session/50742fcb74db713b844d2305025c75d6/screenshot - {}
RESULT: {}
COMMAND: POST /session/50742fcb74db713b844d2305025c75d6/element - {"using":"xpath","value":"//input[contains(@id ,\"application-manageresources-display-component---newResourceUnit--newTimeSegmentFromDatePicker-application-manageresources-display-component---newResourceUnit--RUTimeSegment-0-inner\")]"}
RESULT: {"using":"xpath","value":"//input[contains(@id ,\"application-manageresources-display-component---newResourceUnit--newTimeSegmentFromDatePicker-application-manageresources-display-component---newResourceUnit--RUTimeSegment-0-inner\")]"}
COMMAND: POST /session/50742fcb74db713b844d2305025c75d6/element/f.0249E4A44EBABCBAAE68CC26A2CCEA1F.d.1C2D280CAFA20DF2A684CF845B1276C0.e.2307/clear - {}
RESULT: {}
COMMAND: POST /session/50742fcb74db713b844d2305025c75d6/element/f.0249E4A44EBABCBAAE68CC26A2CCEA1F.d.1C2D280CAFA20DF2A684CF845B1276C0.e.2307/clear - {}
COMMAND: GET /session/50742fcb74db713b844d2305025c75d6/screenshot - {}
RESULT: {}
COMMAND: POST /session/50742fcb74db713b844d2305025c75d6/element/f.0249E4A44EBABCBAAE68CC26A2CCEA1F.d.1C2D280CAFA20DF2A684CF845B1276C0.e.2307/value - {"text":"06/29/24"}
COMMAND: GET /session/50742fcb74db713b844d2305025c75d6/screenshot - {}
RESULT: {}
RESULT: {"text":"06/29/24"}
COMMAND: POST /session/50742fcb74db713b844d2305025c75d6/execute/async - {"script":"<script> [1562 bytes]","args":[{"selector":{"id":"application-manageresources-display-component---newResourceUnit--newRRUPage-anchBar-application-manageresources-display-component---newResourceUnit--resource-anchor","interaction":{"idSuffix":"BDI-content"}},"wdio_ui5_key":"applicationmanageresources-display-component---newResourceUnit--newRRUPage-anchBar-application-manageresources-display-component---newResourceUnit--resource-anchor"}]}
COMMAND: GET /session/50742fcb74db713b844d2305025c75d6/screenshot - {}
RESULT: {}
RESULT: {"script":"<script> [1562 bytes]","args":[{"selector":{"id":"application-manageresources-display-component---newResourceUnit--newRRUPage-anchBar-application-manageresources-display-component---newResourceUnit--resource-anchor","interaction":{"idSuffix":"BDI-content"}},"wdio_ui5_key":"applicationmanageresources-display-component---newResourceUnit--newRRUPage-anchBar-application-manageresources-display-component---newResourceUnit--resource-anchor"}]}
RESULT: undefined
COMMAND: POST /session/50742fcb74db713b844d2305025c75d6/element - {"using":"xpath","value":"//*[@id=\"application-manageresources-display-component---newResourceUnit--newRRUPage-anchBar-application-manageresources-display-component---newResourceUnit--resource-anchor\"]"}
RESULT: {}
RESULT: {"using":"xpath","value":"//*[@id=\"application-manageresources-display-component---newResourceUnit--newRRUPage-anchBar-application-manageresources-display-component---newResourceUnit--resource-anchor\"]"}
COMMAND: POST /session/50742fcb74db713b844d2305025c75d6/element/f.0249E4A44EBABCBAAE68CC26A2CCEA1F.d.1C2D280CAFA20DF2A684CF845B1276C0.e.2340/click - {}
RESULT: {}
COMMAND: POST /session/50742fcb74db713b844d2305025c75d6/execute/async - {"script":"<script> [1562 bytes]","args":[{"selector":{"id":"application-manageresources-display-component---newResourceUnit--PLANNED_DELIVERY_DATE","interaction":{"idSuffix":"inner"}},"wdio_ui5_key":"applicationmanageresources-display-component---newResourceUnit--PLANNED_DELIVERY_DATE"}]}
COMMAND: GET /session/50742fcb74db713b844d2305025c75d6/screenshot - {}
RESULT: {"script":"<script> [1562 bytes]","args":[{"selector":{"id":"application-manageresources-display-component---newResourceUnit--PLANNED_DELIVERY_DATE","interaction":{"idSuffix":"inner"}},"wdio_ui5_key":"applicationmanageresources-display-component---newResourceUnit--PLANNED_DELIVERY_DATE"}]}
RESULT: undefined
COMMAND: POST /session/50742fcb74db713b844d2305025c75d6/execute/async - {"script":"<script> [6424 bytes]","args":[{"element-6066-11e4-a52e-4f735466cecf":"f.0249E4A44EBABCBAAE68CC26A2CCEA1F.d.1C2D280CAFA20DF2A684CF845B1276C0.e.2171"},"setValue",["06/29/24"]]}
RESULT: {}
RESULT: {"script":"<script> [6424 bytes]","args":[{"element-6066-11e4-a52e-4f735466cecf":"f.0249E4A44EBABCBAAE68CC26A2CCEA1F.d.1C2D280CAFA20DF2A684CF845B1276C0.e.2171"},"setValue",["06/29/24"]]}
COMMAND: POST /session/50742fcb74db713b844d2305025c75d6/execute/async - {"script":"<script> [1562 bytes]","args":[{"selector":{"id":"application-manageresources-display-component---newResourceUnit--RETIRE_PLANNED_DATE","interaction":{"idSuffix":"inner"}},"wdio_ui5_key":"applicationmanageresources-display-component---newResourceUnit--RETIRE_PLANNED_DATE"}]}
RESULT: {"script":"<script> [1562 bytes]","args":[{"selector":{"id":"application-manageresources-display-component---newResourceUnit--RETIRE_PLANNED_DATE","interaction":{"idSuffix":"inner"}},"wdio_ui5_key":"applicationmanageresources-display-component---newResourceUnit--RETIRE_PLANNED_DATE"}]}
RESULT: undefined
COMMAND: POST /session/50742fcb74db713b844d2305025c75d6/execute/async - {"script":"<script> [776 bytes]","args":[{"enterText":"3/14/29","selector":{"id":"application-manageresources-display-component---newResourceUnit--RETIRE_PLANNED_DATE","interaction":{"idSuffix":"inner"}},"clearTextFirst":true,"interactionType":"ENTER_TEXT"}]}
RESULT: {"script":"<script> [776 bytes]","args":[{"enterText":"3/14/29","selector":{"id":"application-manageresources-display-component---newResourceUnit--RETIRE_PLANNED_DATE","interaction":{"idSuffix":"inner"}},"clearTextFirst":true,"interactionType":"ENTER_TEXT"}]}
RESULT: undefined
COMMAND: POST /session/50742fcb74db713b844d2305025c75d6/element - {"using":"xpath","value":"//*[@id=\"application-manageresources-display-component---newResourceUnit--createRuButton\"]"}
RESULT: {"using":"xpath","value":"//*[@id=\"application-manageresources-display-component---newResourceUnit--createRuButton\"]"}
COMMAND: POST /session/50742fcb74db713b844d2305025c75d6/element/f.0249E4A44EBABCBAAE68CC26A2CCEA1F.d.1C2D280CAFA20DF2A684CF845B1276C0.e.2131/click - {}
RESULT: {}
COMMAND: GET /session/50742fcb74db713b844d2305025c75d6/screenshot - {}
RESULT: {}
COMMAND: POST /session/50742fcb74db713b844d2305025c75d6/element - {"using":"xpath","value":"(//bdi[contains(text(), \"Close\")])[1]"}
RESULT: {"using":"xpath","value":"(//bdi[contains(text(), \"Close\")])[1]"}
COMMAND: POST /session/50742fcb74db713b844d2305025c75d6/element/f.0249E4A44EBABCBAAE68CC26A2CCEA1F.d.1C2D280CAFA20DF2A684CF845B1276C0.e.2351/click - {}
RESULT: {}
COMMAND: GET /session/50742fcb74db713b844d2305025c75d6/screenshot - {}
]]></system-out>
    </testcase>
    <testcase classname="chrome.136_0_7103_93.windows.Related_resources_for_groups_US139107" name="Should create one more equipment using copy function and add it to the group" time="73.352">
      <system-out><![CDATA[
COMMAND: POST /session/50742fcb74db713b844d2305025c75d6/element - {"using":"xpath","value":"//span[contains(@id ,\"actionsToolbar-overflowButton-img\")]"}
RESULT: {}
RESULT: {"using":"xpath","value":"//span[contains(@id ,\"actionsToolbar-overflowButton-img\")]"}
COMMAND: POST /session/50742fcb74db713b844d2305025c75d6/execute/sync - {"script":"<script> [8489 bytes]","args":[{"element-6066-11e4-a52e-4f735466cecf":"f.0249E4A44EBABCBAAE68CC26A2CCEA1F.d.1C2D280CAFA20DF2A684CF845B1276C0.e.2381","ELEMENT":"f.0249E4A44EBABCBAAE68CC26A2CCEA1F.d.1C2D280CAFA20DF2A684CF845B1276C0.e.2381"}]}
RESULT: {"script":"<script> [8489 bytes]","args":[{"element-6066-11e4-a52e-4f735466cecf":"f.0249E4A44EBABCBAAE68CC26A2CCEA1F.d.1C2D280CAFA20DF2A684CF845B1276C0.e.2381","ELEMENT":"f.0249E4A44EBABCBAAE68CC26A2CCEA1F.d.1C2D280CAFA20DF2A684CF845B1276C0.e.2381"}]}
COMMAND: POST /session/50742fcb74db713b844d2305025c75d6/execute/sync - {"script":"<script> [5351 bytes]","args":[{"element-6066-11e4-a52e-4f735466cecf":"f.0249E4A44EBABCBAAE68CC26A2CCEA1F.d.1C2D280CAFA20DF2A684CF845B1276C0.e.2381","ELEMENT":"f.0249E4A44EBABCBAAE68CC26A2CCEA1F.d.1C2D280CAFA20DF2A684CF845B1276C0.e.2381"}]}
COMMAND: GET /session/50742fcb74db713b844d2305025c75d6/screenshot - {}
RESULT: {"script":"<script> [5351 bytes]","args":[{"element-6066-11e4-a52e-4f735466cecf":"f.0249E4A44EBABCBAAE68CC26A2CCEA1F.d.1C2D280CAFA20DF2A684CF845B1276C0.e.2381","ELEMENT":"f.0249E4A44EBABCBAAE68CC26A2CCEA1F.d.1C2D280CAFA20DF2A684CF845B1276C0.e.2381"}]}
COMMAND: GET /session/50742fcb74db713b844d2305025c75d6/screenshot - {}
COMMAND: POST /session/50742fcb74db713b844d2305025c75d6/execute/sync - {"script":"<script> [8489 bytes]","args":[{"element-6066-11e4-a52e-4f735466cecf":"f.0249E4A44EBABCBAAE68CC26A2CCEA1F.d.1C2D280CAFA20DF2A684CF845B1276C0.e.2381","ELEMENT":"f.0249E4A44EBABCBAAE68CC26A2CCEA1F.d.1C2D280CAFA20DF2A684CF845B1276C0.e.2381"}]}
RESULT: {}
RESULT: {}
RESULT: {"script":"<script> [8489 bytes]","args":[{"element-6066-11e4-a52e-4f735466cecf":"f.0249E4A44EBABCBAAE68CC26A2CCEA1F.d.1C2D280CAFA20DF2A684CF845B1276C0.e.2381","ELEMENT":"f.0249E4A44EBABCBAAE68CC26A2CCEA1F.d.1C2D280CAFA20DF2A684CF845B1276C0.e.2381"}]}
COMMAND: POST /session/50742fcb74db713b844d2305025c75d6/execute/sync - {"script":"<script> [5351 bytes]","args":[{"element-6066-11e4-a52e-4f735466cecf":"f.0249E4A44EBABCBAAE68CC26A2CCEA1F.d.1C2D280CAFA20DF2A684CF845B1276C0.e.2381","ELEMENT":"f.0249E4A44EBABCBAAE68CC26A2CCEA1F.d.1C2D280CAFA20DF2A684CF845B1276C0.e.2381"}]}
COMMAND: GET /session/50742fcb74db713b844d2305025c75d6/screenshot - {}
RESULT: {"script":"<script> [5351 bytes]","args":[{"element-6066-11e4-a52e-4f735466cecf":"f.0249E4A44EBABCBAAE68CC26A2CCEA1F.d.1C2D280CAFA20DF2A684CF845B1276C0.e.2381","ELEMENT":"f.0249E4A44EBABCBAAE68CC26A2CCEA1F.d.1C2D280CAFA20DF2A684CF845B1276C0.e.2381"}]}
COMMAND: POST /session/50742fcb74db713b844d2305025c75d6/element/f.0249E4A44EBABCBAAE68CC26A2CCEA1F.d.1C2D280CAFA20DF2A684CF845B1276C0.e.2381/click - {}
COMMAND: GET /session/50742fcb74db713b844d2305025c75d6/screenshot - {}
RESULT: {}
RESULT: {}
COMMAND: GET /session/50742fcb74db713b844d2305025c75d6/screenshot - {}
RESULT: {}
RESULT: {}
COMMAND: POST /session/50742fcb74db713b844d2305025c75d6/execute/async - {"script":"<script> [1562 bytes]","args":[{"selector":{"controlType":"sap.m.Button","viewName":"etm.portal.ui.manageresources.view.Detail","viewId":"application-manageresources-display-component---detailRU","i18NText":{"propertyName":"text","key":"copy"},"interaction":{"idSuffix":"BDI-content"}},"wdio_ui5_key":"etmportal.ui.manageresources.view.Detailsap.m.Button{\"propertyName\":\"text\",\"key\":\"copy\"}"}]}
RESULT: {"script":"<script> [1562 bytes]","args":[{"selector":{"controlType":"sap.m.Button","viewName":"etm.portal.ui.manageresources.view.Detail","viewId":"application-manageresources-display-component---detailRU","i18NText":{"propertyName":"text","key":"copy"},"interaction":{"idSuffix":"BDI-content"}},"wdio_ui5_key":"etmportal.ui.manageresources.view.Detailsap.m.Button{\"propertyName\":\"text\",\"key\":\"copy\"}"}]}
RESULT: undefined
COMMAND: POST /session/50742fcb74db713b844d2305025c75d6/element - {"using":"xpath","value":"//*[@id=\"__button117\"]"}
RESULT: {"using":"xpath","value":"//*[@id=\"__button117\"]"}
COMMAND: POST /session/50742fcb74db713b844d2305025c75d6/element/f.0249E4A44EBABCBAAE68CC26A2CCEA1F.d.1C2D280CAFA20DF2A684CF845B1276C0.e.2387/click - {}
RESULT: {}
COMMAND: GET /session/50742fcb74db713b844d2305025c75d6/screenshot - {}
RESULT: {}
COMMAND: POST /session/50742fcb74db713b844d2305025c75d6/execute/async - {"script":"<script> [1562 bytes]","args":[{"selector":{"controlType":"sap.m.Button","viewName":"etm.portal.ui.manageresources.view.Detail","viewId":"application-manageresources-display-component---detailRU","i18NText":{"propertyName":"text","key":"selectAll"},"searchOpenDialogs":true,"interaction":{"idSuffix":"BDI-content"}},"wdio_ui5_key":"etmportal.ui.manageresources.view.Detailsap.m.Button{\"propertyName\":\"text\",\"key\":\"selectAll\"}"}]}
RESULT: {"script":"<script> [1562 bytes]","args":[{"selector":{"controlType":"sap.m.Button","viewName":"etm.portal.ui.manageresources.view.Detail","viewId":"application-manageresources-display-component---detailRU","i18NText":{"propertyName":"text","key":"selectAll"},"searchOpenDialogs":true,"interaction":{"idSuffix":"BDI-content"}},"wdio_ui5_key":"etmportal.ui.manageresources.view.Detailsap.m.Button{\"propertyName\":\"text\",\"key\":\"selectAll\"}"}]}
RESULT: undefined
COMMAND: POST /session/50742fcb74db713b844d2305025c75d6/element - {"using":"xpath","value":"//*[@id=\"__button168\"]"}
RESULT: {"using":"xpath","value":"//*[@id=\"__button168\"]"}
COMMAND: POST /session/50742fcb74db713b844d2305025c75d6/element/f.0249E4A44EBABCBAAE68CC26A2CCEA1F.d.1C2D280CAFA20DF2A684CF845B1276C0.e.2388/click - {}
RESULT: {}
COMMAND: GET /session/50742fcb74db713b844d2305025c75d6/screenshot - {}
RESULT: {}
COMMAND: POST /session/50742fcb74db713b844d2305025c75d6/execute/async - {"script":"<script> [1562 bytes]","args":[{"selector":{"controlType":"sap.m.Button","viewName":"etm.portal.ui.manageresources.view.Detail","viewId":"application-manageresources-display-component---detailRU","i18NText":{"propertyName":"text","key":"confirm"},"searchOpenDialogs":true,"interaction":{"idSuffix":"content"}},"wdio_ui5_key":"etmportal.ui.manageresources.view.Detailsap.m.Button{\"propertyName\":\"text\",\"key\":\"confirm\"}"}]}
RESULT: {"script":"<script> [1562 bytes]","args":[{"selector":{"controlType":"sap.m.Button","viewName":"etm.portal.ui.manageresources.view.Detail","viewId":"application-manageresources-display-component---detailRU","i18NText":{"propertyName":"text","key":"confirm"},"searchOpenDialogs":true,"interaction":{"idSuffix":"content"}},"wdio_ui5_key":"etmportal.ui.manageresources.view.Detailsap.m.Button{\"propertyName\":\"text\",\"key\":\"confirm\"}"}]}
RESULT: undefined
COMMAND: POST /session/50742fcb74db713b844d2305025c75d6/element - {"using":"xpath","value":"//*[@id=\"__button169\"]"}
RESULT: {"using":"xpath","value":"//*[@id=\"__button169\"]"}
COMMAND: POST /session/50742fcb74db713b844d2305025c75d6/element/f.0249E4A44EBABCBAAE68CC26A2CCEA1F.d.1C2D280CAFA20DF2A684CF845B1276C0.e.2412/click - {}
RESULT: {}
COMMAND: GET /session/50742fcb74db713b844d2305025c75d6/screenshot - {}
RESULT: {}
COMMAND: POST /session/50742fcb74db713b844d2305025c75d6/element - {"using":"xpath","value":"(//span[contains(@id ,\"expandBtn-inner\")])[2]"}
RESULT: {"using":"xpath","value":"(//span[contains(@id ,\"expandBtn-inner\")])[2]"}
COMMAND: POST /session/50742fcb74db713b844d2305025c75d6/element/f.0249E4A44EBABCBAAE68CC26A2CCEA1F.d.1C2D280CAFA20DF2A684CF845B1276C0.e.2426/click - {}
RESULT: {}
COMMAND: GET /session/50742fcb74db713b844d2305025c75d6/screenshot - {}
RESULT: {}
COMMAND: POST /session/50742fcb74db713b844d2305025c75d6/element - {"using":"xpath","value":"//input[contains(@id ,\"application-manageresources-display-component---newResourceUnit--resourceId-inner\")]"}
RESULT: {"using":"xpath","value":"//input[contains(@id ,\"application-manageresources-display-component---newResourceUnit--resourceId-inner\")]"}
COMMAND: POST /session/50742fcb74db713b844d2305025c75d6/element/f.0249E4A44EBABCBAAE68CC26A2CCEA1F.d.1C2D280CAFA20DF2A684CF845B1276C0.e.2135/clear - {}
RESULT: {}
COMMAND: POST /session/50742fcb74db713b844d2305025c75d6/element/f.0249E4A44EBABCBAAE68CC26A2CCEA1F.d.1C2D280CAFA20DF2A684CF845B1276C0.e.2135/value - {"text":"WdIORUEquip24fjjs"}
COMMAND: GET /session/50742fcb74db713b844d2305025c75d6/screenshot - {}
RESULT: {"text":"WdIORUEquip24fjjs"}
COMMAND: POST /session/50742fcb74db713b844d2305025c75d6/element - {"using":"xpath","value":"//input[contains(@id ,\"application-manageresources-display-component---newResourceUnit--SHORT_TEXT-inner\")]"}
COMMAND: GET /session/50742fcb74db713b844d2305025c75d6/screenshot - {}
RESULT: {}
RESULT: {"using":"xpath","value":"//input[contains(@id ,\"application-manageresources-display-component---newResourceUnit--SHORT_TEXT-inner\")]"}
COMMAND: POST /session/50742fcb74db713b844d2305025c75d6/element/f.0249E4A44EBABCBAAE68CC26A2CCEA1F.d.1C2D280CAFA20DF2A684CF845B1276C0.e.2136/clear - {}
RESULT: {}
RESULT: {}
COMMAND: POST /session/50742fcb74db713b844d2305025c75d6/element/f.0249E4A44EBABCBAAE68CC26A2CCEA1F.d.1C2D280CAFA20DF2A684CF845B1276C0.e.2136/clear - {}
COMMAND: GET /session/50742fcb74db713b844d2305025c75d6/screenshot - {}
RESULT: {}
COMMAND: POST /session/50742fcb74db713b844d2305025c75d6/element/f.0249E4A44EBABCBAAE68CC26A2CCEA1F.d.1C2D280CAFA20DF2A684CF845B1276C0.e.2136/value - {"text":"WdIORUEquip24fjjs"}
COMMAND: GET /session/50742fcb74db713b844d2305025c75d6/screenshot - {}
RESULT: {}
RESULT: {"text":"WdIORUEquip24fjjs"}
COMMAND: POST /session/50742fcb74db713b844d2305025c75d6/element - {"using":"xpath","value":"//bdi[contains(text(), \"Time Segment\")]"}
COMMAND: GET /session/50742fcb74db713b844d2305025c75d6/screenshot - {}
RESULT: {}
RESULT: {"using":"xpath","value":"//bdi[contains(text(), \"Time Segment\")]"}
COMMAND: GET /session/50742fcb74db713b844d2305025c75d6/element/f.0249E4A44EBABCBAAE68CC26A2CCEA1F.d.1C2D280CAFA20DF2A684CF845B1276C0.e.2293/rect - {}
RESULT: {}
RESULT: {}
COMMAND: GET /session/50742fcb74db713b844d2305025c75d6/window/rect - {}
RESULT: {}
COMMAND: POST /session/50742fcb74db713b844d2305025c75d6/execute/sync - {"script":"<script> [92 bytes]","args":[]}
RESULT: {"script":"<script> [92 bytes]","args":[]}
COMMAND: POST /session/50742fcb74db713b844d2305025c75d6/actions - {"actions":[{"id":"action9","type":"wheel","parameters":{},"actions":[{"type":"scroll","x":-1820,"y":1110,"deltaX":0,"deltaY":0,"duration":0,"origin":{"element-6066-11e4-a52e-4f735466cecf":"f.0249E4A44EBABCBAAE68CC26A2CCEA1F.d.1C2D280CAFA20DF2A684CF845B1276C0.e.2293"}}]}]}
COMMAND: GET /session/50742fcb74db713b844d2305025c75d6/screenshot - {}
RESULT: {}
COMMAND: POST /session/50742fcb74db713b844d2305025c75d6/execute/sync - {"script":"<script> [79 bytes]","args":[{"element-6066-11e4-a52e-4f735466cecf":"f.0249E4A44EBABCBAAE68CC26A2CCEA1F.d.1C2D280CAFA20DF2A684CF845B1276C0.e.2293","ELEMENT":"f.0249E4A44EBABCBAAE68CC26A2CCEA1F.d.1C2D280CAFA20DF2A684CF845B1276C0.e.2293"},{"block":"start","inline":"nearest"}]}
RESULT: {"script":"<script> [79 bytes]","args":[{"element-6066-11e4-a52e-4f735466cecf":"f.0249E4A44EBABCBAAE68CC26A2CCEA1F.d.1C2D280CAFA20DF2A684CF845B1276C0.e.2293","ELEMENT":"f.0249E4A44EBABCBAAE68CC26A2CCEA1F.d.1C2D280CAFA20DF2A684CF845B1276C0.e.2293"},{"block":"start","inline":"nearest"}]}
COMMAND: GET /session/50742fcb74db713b844d2305025c75d6/screenshot - {}
RESULT: {}
COMMAND: POST /session/50742fcb74db713b844d2305025c75d6/element - {"using":"xpath","value":"//input[@id=\"application-manageresources-display-component---newResourceUnit--idRuTSAdmin-application-manageresources-display-component---newResourceUnit--RUTimeSegment-0-inner\"]"}
RESULT: {"using":"xpath","value":"//input[@id=\"application-manageresources-display-component---newResourceUnit--idRuTSAdmin-application-manageresources-display-component---newResourceUnit--RUTimeSegment-0-inner\"]"}
COMMAND: POST /session/50742fcb74db713b844d2305025c75d6/element/f.0249E4A44EBABCBAAE68CC26A2CCEA1F.d.1C2D280CAFA20DF2A684CF845B1276C0.e.2300/clear - {}
RESULT: {}
COMMAND: POST /session/50742fcb74db713b844d2305025c75d6/element/f.0249E4A44EBABCBAAE68CC26A2CCEA1F.d.1C2D280CAFA20DF2A684CF845B1276C0.e.2300/value - {"text":"WebdriverYardq775w"}
COMMAND: GET /session/50742fcb74db713b844d2305025c75d6/screenshot - {}
RESULT: {"text":"WebdriverYardq775w"}
COMMAND: GET /session/50742fcb74db713b844d2305025c75d6/screenshot - {}
RESULT: {}
RESULT: {}
COMMAND: POST /session/50742fcb74db713b844d2305025c75d6/actions - {"actions":[{"id":"action10","type":"key","parameters":{},"actions":[{"type":"keyDown","value":""},{"type":"pause","duration":10},{"type":"keyUp","value":""}]}]}
RESULT: {"actions":[{"id":"action10","type":"key","parameters":{},"actions":[{"type":"keyDown","value":""},{"type":"pause","duration":10},{"type":"keyUp","value":""}]}]}
COMMAND: GET /session/50742fcb74db713b844d2305025c75d6/screenshot - {}
RESULT: {}
RESULT: undefined
COMMAND: POST /session/50742fcb74db713b844d2305025c75d6/element - {"using":"xpath","value":"//*[@id=\"__box10-application-manageresources-display-component---newResourceUnit--RUTimeSegment-0-arrow\"]"}
RESULT: {"using":"xpath","value":"//*[@id=\"__box10-application-manageresources-display-component---newResourceUnit--RUTimeSegment-0-arrow\"]"}
COMMAND: POST /session/50742fcb74db713b844d2305025c75d6/element/f.0249E4A44EBABCBAAE68CC26A2CCEA1F.d.1C2D280CAFA20DF2A684CF845B1276C0.e.2312/click - {}
RESULT: {}
COMMAND: GET /session/50742fcb74db713b844d2305025c75d6/screenshot - {}
RESULT: {}
COMMAND: POST /session/50742fcb74db713b844d2305025c75d6/element - {"using":"xpath","value":"//span[contains(@id ,\"titleText\")][contains(text(), \"PM Order\")]"}
RESULT: {"using":"xpath","value":"//span[contains(@id ,\"titleText\")][contains(text(), \"PM Order\")]"}
COMMAND: POST /session/50742fcb74db713b844d2305025c75d6/element/f.0249E4A44EBABCBAAE68CC26A2CCEA1F.d.1C2D280CAFA20DF2A684CF845B1276C0.e.2503/click - {}
RESULT: {}
COMMAND: GET /session/50742fcb74db713b844d2305025c75d6/screenshot - {}
RESULT: {}
COMMAND: POST /session/50742fcb74db713b844d2305025c75d6/element - {"using":"xpath","value":"(//input[contains(@id ,\"-application-manageresources-display-component---newResourceUnit--RUTimeSegment-0-inner\")])[8]"}
RESULT: {"using":"xpath","value":"(//input[contains(@id ,\"-application-manageresources-display-component---newResourceUnit--RUTimeSegment-0-inner\")])[8]"}
COMMAND: POST /session/50742fcb74db713b844d2305025c75d6/element/f.0249E4A44EBABCBAAE68CC26A2CCEA1F.d.1C2D280CAFA20DF2A684CF845B1276C0.e.2506/clear - {}
RESULT: {}
COMMAND: POST /session/50742fcb74db713b844d2305025c75d6/element/f.0249E4A44EBABCBAAE68CC26A2CCEA1F.d.1C2D280CAFA20DF2A684CF845B1276C0.e.2506/value - {"text":"4000360"}
COMMAND: GET /session/50742fcb74db713b844d2305025c75d6/screenshot - {}
RESULT: {"text":"4000360"}
COMMAND: GET /session/50742fcb74db713b844d2305025c75d6/screenshot - {}
RESULT: {}
RESULT: {}
COMMAND: POST /session/50742fcb74db713b844d2305025c75d6/actions - {"actions":[{"id":"action11","type":"key","parameters":{},"actions":[{"type":"keyDown","value":""},{"type":"pause","duration":10},{"type":"keyUp","value":""}]}]}
RESULT: {"actions":[{"id":"action11","type":"key","parameters":{},"actions":[{"type":"keyDown","value":""},{"type":"pause","duration":10},{"type":"keyUp","value":""}]}]}
COMMAND: GET /session/50742fcb74db713b844d2305025c75d6/screenshot - {}
RESULT: {}
RESULT: undefined
COMMAND: POST /session/50742fcb74db713b844d2305025c75d6/element - {"using":"xpath","value":"//*[@id=\"application-manageresources-display-component---newResourceUnit--createRuButton\"]"}
RESULT: {"using":"xpath","value":"//*[@id=\"application-manageresources-display-component---newResourceUnit--createRuButton\"]"}
COMMAND: POST /session/50742fcb74db713b844d2305025c75d6/element/f.0249E4A44EBABCBAAE68CC26A2CCEA1F.d.1C2D280CAFA20DF2A684CF845B1276C0.e.2131/click - {}
RESULT: {}
COMMAND: GET /session/50742fcb74db713b844d2305025c75d6/screenshot - {}
RESULT: {}
COMMAND: POST /session/50742fcb74db713b844d2305025c75d6/element - {"using":"xpath","value":"(//bdi[contains(text(), \"Close\")])[1]"}
RESULT: {"using":"xpath","value":"(//bdi[contains(text(), \"Close\")])[1]"}
COMMAND: POST /session/50742fcb74db713b844d2305025c75d6/element/f.0249E4A44EBABCBAAE68CC26A2CCEA1F.d.1C2D280CAFA20DF2A684CF845B1276C0.e.2526/click - {}
RESULT: {}
COMMAND: GET /session/50742fcb74db713b844d2305025c75d6/screenshot - {}
RESULT: {}
]]></system-out>
    </testcase>
    <testcase classname="chrome.136_0_7103_93.windows.Related_resources_for_groups_US139107" name="Should verify the Yard Overview hyperlinks in related resource" time="123.049">
      <system-out><![CDATA[
COMMAND: POST /session/50742fcb74db713b844d2305025c75d6/execute/async - {"script":"<script> [1562 bytes]","args":[{"selector":{"controlType":"sap.ui.core.Icon","viewName":"etm.portal.ui.manageresources.view.Detail","viewId":"application-manageresources-display-component---detailRU","properties":{"src":{"regex":{"source":"decline"}}}},"wdio_ui5_key":"etmportal.ui.manageresources.view.Detailsap.ui.core.Icon{\"src\":{\"regex\":{\"source\":\"decline\"}}}"}]}
RESULT: {"script":"<script> [1562 bytes]","args":[{"selector":{"controlType":"sap.ui.core.Icon","viewName":"etm.portal.ui.manageresources.view.Detail","viewId":"application-manageresources-display-component---detailRU","properties":{"src":{"regex":{"source":"decline"}}}},"wdio_ui5_key":"etmportal.ui.manageresources.view.Detailsap.ui.core.Icon{\"src\":{\"regex\":{\"source\":\"decline\"}}}"}]}
RESULT: undefined
COMMAND: POST /session/50742fcb74db713b844d2305025c75d6/element - {"using":"xpath","value":"//input[contains(@id ,\"application-manageresources-display-component---masterRU--smartFilterBar-btnBasicSearch-I\")]"}
RESULT: {"using":"xpath","value":"//input[contains(@id ,\"application-manageresources-display-component---masterRU--smartFilterBar-btnBasicSearch-I\")]"}
COMMAND: POST /session/50742fcb74db713b844d2305025c75d6/element/f.0249E4A44EBABCBAAE68CC26A2CCEA1F.d.1C2D280CAFA20DF2A684CF845B1276C0.e.1765/value - {"text":"WdIORUGroupq4i0j"}
RESULT: {"text":"WdIORUGroupq4i0j"}
COMMAND: GET /session/50742fcb74db713b844d2305025c75d6/screenshot - {}
RESULT: {}
COMMAND: POST /session/50742fcb74db713b844d2305025c75d6/actions - {"actions":[{"id":"action12","type":"key","parameters":{},"actions":[{"type":"keyDown","value":""},{"type":"pause","duration":10},{"type":"keyUp","value":""}]}]}
RESULT: {"actions":[{"id":"action12","type":"key","parameters":{},"actions":[{"type":"keyDown","value":""},{"type":"pause","duration":10},{"type":"keyUp","value":""}]}]}
COMMAND: GET /session/50742fcb74db713b844d2305025c75d6/screenshot - {}
RESULT: {}
COMMAND: POST /session/50742fcb74db713b844d2305025c75d6/execute/async - {"script":"<script> [1562 bytes]","args":[{"selector":{"controlType":"sap.ui.core.Icon","viewName":"etm.portal.ui.manageresources.view.Master","viewId":"application-manageresources-display-component---masterRU","properties":{"src":{"regex":{"source":"slim\\-arrow\\-right"}}}},"wdio_ui5_key":"etmportal.ui.manageresources.view.Mastersap.ui.core.Icon{\"src\":{\"regex\":{\"source\":\"slim\\\\-arrow\\\\-right\"}}}"}]}
RESULT: {"script":"<script> [1562 bytes]","args":[{"selector":{"controlType":"sap.ui.core.Icon","viewName":"etm.portal.ui.manageresources.view.Master","viewId":"application-manageresources-display-component---masterRU","properties":{"src":{"regex":{"source":"slim\\-arrow\\-right"}}}},"wdio_ui5_key":"etmportal.ui.manageresources.view.Mastersap.ui.core.Icon{\"src\":{\"regex\":{\"source\":\"slim\\\\-arrow\\\\-right\"}}}"}]}
RESULT: undefined
COMMAND: POST /session/50742fcb74db713b844d2305025c75d6/element - {"using":"xpath","value":"//*[@id=\"__item624-__clone1605-imgNav\"]"}
RESULT: {"using":"xpath","value":"//*[@id=\"__item624-__clone1605-imgNav\"]"}
COMMAND: POST /session/50742fcb74db713b844d2305025c75d6/element/f.0249E4A44EBABCBAAE68CC26A2CCEA1F.d.1C2D280CAFA20DF2A684CF845B1276C0.e.1936/click - {}
RESULT: {}
COMMAND: GET /session/50742fcb74db713b844d2305025c75d6/screenshot - {}
RESULT: {}
COMMAND: POST /session/50742fcb74db713b844d2305025c75d6/element - {"using":"xpath","value":"//bdi[contains(@id ,\"application-manageresources-display-component---detailRU--openRelatedRus-BDI-content\")]"}
RESULT: {"using":"xpath","value":"//bdi[contains(@id ,\"application-manageresources-display-component---detailRU--openRelatedRus-BDI-content\")]"}
COMMAND: POST /session/50742fcb74db713b844d2305025c75d6/execute/sync - {"script":"<script> [8489 bytes]","args":[{"element-6066-11e4-a52e-4f735466cecf":"f.0249E4A44EBABCBAAE68CC26A2CCEA1F.d.1C2D280CAFA20DF2A684CF845B1276C0.e.2765","ELEMENT":"f.0249E4A44EBABCBAAE68CC26A2CCEA1F.d.1C2D280CAFA20DF2A684CF845B1276C0.e.2765"}]}
RESULT: {"script":"<script> [8489 bytes]","args":[{"element-6066-11e4-a52e-4f735466cecf":"f.0249E4A44EBABCBAAE68CC26A2CCEA1F.d.1C2D280CAFA20DF2A684CF845B1276C0.e.2765","ELEMENT":"f.0249E4A44EBABCBAAE68CC26A2CCEA1F.d.1C2D280CAFA20DF2A684CF845B1276C0.e.2765"}]}
COMMAND: POST /session/50742fcb74db713b844d2305025c75d6/execute/sync - {"script":"<script> [5351 bytes]","args":[{"element-6066-11e4-a52e-4f735466cecf":"f.0249E4A44EBABCBAAE68CC26A2CCEA1F.d.1C2D280CAFA20DF2A684CF845B1276C0.e.2765","ELEMENT":"f.0249E4A44EBABCBAAE68CC26A2CCEA1F.d.1C2D280CAFA20DF2A684CF845B1276C0.e.2765"}]}
COMMAND: GET /session/50742fcb74db713b844d2305025c75d6/screenshot - {}
RESULT: {"script":"<script> [5351 bytes]","args":[{"element-6066-11e4-a52e-4f735466cecf":"f.0249E4A44EBABCBAAE68CC26A2CCEA1F.d.1C2D280CAFA20DF2A684CF845B1276C0.e.2765","ELEMENT":"f.0249E4A44EBABCBAAE68CC26A2CCEA1F.d.1C2D280CAFA20DF2A684CF845B1276C0.e.2765"}]}
COMMAND: POST /session/50742fcb74db713b844d2305025c75d6/element/f.0249E4A44EBABCBAAE68CC26A2CCEA1F.d.1C2D280CAFA20DF2A684CF845B1276C0.e.2765/click - {}
COMMAND: GET /session/50742fcb74db713b844d2305025c75d6/screenshot - {}
RESULT: {}
RESULT: {}
COMMAND: GET /session/50742fcb74db713b844d2305025c75d6/screenshot - {}
RESULT: {}
RESULT: {}
COMMAND: POST /session/50742fcb74db713b844d2305025c75d6/element - {"using":"xpath","value":"//*[contains(@data-kt ,\"openRUIdMenuLink\")]"}
RESULT: {"using":"xpath","value":"//*[contains(@data-kt ,\"openRUIdMenuLink\")]"}
COMMAND: POST /session/50742fcb74db713b844d2305025c75d6/execute/sync - {"script":"<script> [8489 bytes]","args":[{"element-6066-11e4-a52e-4f735466cecf":"f.0249E4A44EBABCBAAE68CC26A2CCEA1F.d.1C2D280CAFA20DF2A684CF845B1276C0.e.2771","ELEMENT":"f.0249E4A44EBABCBAAE68CC26A2CCEA1F.d.1C2D280CAFA20DF2A684CF845B1276C0.e.2771"}]}
RESULT: {"script":"<script> [8489 bytes]","args":[{"element-6066-11e4-a52e-4f735466cecf":"f.0249E4A44EBABCBAAE68CC26A2CCEA1F.d.1C2D280CAFA20DF2A684CF845B1276C0.e.2771","ELEMENT":"f.0249E4A44EBABCBAAE68CC26A2CCEA1F.d.1C2D280CAFA20DF2A684CF845B1276C0.e.2771"}]}
COMMAND: POST /session/50742fcb74db713b844d2305025c75d6/execute/sync - {"script":"<script> [5351 bytes]","args":[{"element-6066-11e4-a52e-4f735466cecf":"f.0249E4A44EBABCBAAE68CC26A2CCEA1F.d.1C2D280CAFA20DF2A684CF845B1276C0.e.2771","ELEMENT":"f.0249E4A44EBABCBAAE68CC26A2CCEA1F.d.1C2D280CAFA20DF2A684CF845B1276C0.e.2771"}]}
COMMAND: GET /session/50742fcb74db713b844d2305025c75d6/screenshot - {}
RESULT: {"script":"<script> [5351 bytes]","args":[{"element-6066-11e4-a52e-4f735466cecf":"f.0249E4A44EBABCBAAE68CC26A2CCEA1F.d.1C2D280CAFA20DF2A684CF845B1276C0.e.2771","ELEMENT":"f.0249E4A44EBABCBAAE68CC26A2CCEA1F.d.1C2D280CAFA20DF2A684CF845B1276C0.e.2771"}]}
COMMAND: POST /session/50742fcb74db713b844d2305025c75d6/execute/async - {"script":"<script> [1562 bytes]","args":[{"selector":{"id":"RelatedRUsFragmentID--smartTableRUs-header","searchOpenDialogs":true},"wdio_ui5_key":"RelatedRUsFragmentIDsmartTableRUs-header"}]}
COMMAND: GET /session/50742fcb74db713b844d2305025c75d6/screenshot - {}
RESULT: {}
RESULT: {"script":"<script> [1562 bytes]","args":[{"selector":{"id":"RelatedRUsFragmentID--smartTableRUs-header","searchOpenDialogs":true},"wdio_ui5_key":"RelatedRUsFragmentIDsmartTableRUs-header"}]}
RESULT: undefined
COMMAND: POST /session/50742fcb74db713b844d2305025c75d6/execute/async - {"script":"<script> [6424 bytes]","args":[{"element-6066-11e4-a52e-4f735466cecf":"f.0249E4A44EBABCBAAE68CC26A2CCEA1F.d.1C2D280CAFA20DF2A684CF845B1276C0.e.2772"},"getText",[]]}
RESULT: {}
RESULT: {"script":"<script> [6424 bytes]","args":[{"element-6066-11e4-a52e-4f735466cecf":"f.0249E4A44EBABCBAAE68CC26A2CCEA1F.d.1C2D280CAFA20DF2A684CF845B1276C0.e.2772"},"getText",[]]}
COMMAND: POST /session/50742fcb74db713b844d2305025c75d6/element/f.0249E4A44EBABCBAAE68CC26A2CCEA1F.d.1C2D280CAFA20DF2A684CF845B1276C0.e.2771/click - {}
RESULT: {}
COMMAND: GET /session/50742fcb74db713b844d2305025c75d6/screenshot - {}
RESULT: {}
COMMAND: POST /session/50742fcb74db713b844d2305025c75d6/element - {"using":"xpath","value":"//*[contains(@data-kt ,\"ContextMenuId2Link\")][contains(text(), \"RU Overview\")]"}
RESULT: {"using":"xpath","value":"//*[contains(@data-kt ,\"ContextMenuId2Link\")][contains(text(), \"RU Overview\")]"}
COMMAND: POST /session/50742fcb74db713b844d2305025c75d6/execute/sync - {"script":"<script> [8489 bytes]","args":[{"element-6066-11e4-a52e-4f735466cecf":"f.0249E4A44EBABCBAAE68CC26A2CCEA1F.d.1C2D280CAFA20DF2A684CF845B1276C0.e.2774","ELEMENT":"f.0249E4A44EBABCBAAE68CC26A2CCEA1F.d.1C2D280CAFA20DF2A684CF845B1276C0.e.2774"}]}
COMMAND: POST /session/50742fcb74db713b844d2305025c75d6/element/f.0249E4A44EBABCBAAE68CC26A2CCEA1F.d.1C2D280CAFA20DF2A684CF845B1276C0.e.2774/click - {}
RESULT: {"script":"<script> [8489 bytes]","args":[{"element-6066-11e4-a52e-4f735466cecf":"f.0249E4A44EBABCBAAE68CC26A2CCEA1F.d.1C2D280CAFA20DF2A684CF845B1276C0.e.2774","ELEMENT":"f.0249E4A44EBABCBAAE68CC26A2CCEA1F.d.1C2D280CAFA20DF2A684CF845B1276C0.e.2774"}]}
COMMAND: GET /session/50742fcb74db713b844d2305025c75d6/screenshot - {}
RESULT: {}
COMMAND: GET /session/50742fcb74db713b844d2305025c75d6/screenshot - {}
RESULT: {}
RESULT: {}
COMMAND: POST /session/50742fcb74db713b844d2305025c75d6/execute/async - {"script":"<script> [1562 bytes]","args":[{"selector":{"id":"shellAppTitle"},"wdio_ui5_key":"shellAppTitle"}]}
RESULT: {"script":"<script> [1562 bytes]","args":[{"selector":{"id":"shellAppTitle"},"wdio_ui5_key":"shellAppTitle"}]}
RESULT: undefined
COMMAND: POST /session/50742fcb74db713b844d2305025c75d6/execute/async - {"script":"<script> [6424 bytes]","args":[{"element-6066-11e4-a52e-4f735466cecf":"f.0249E4A44EBABCBAAE68CC26A2CCEA1F.d.1C2D280CAFA20DF2A684CF845B1276C0.e.3091"},"getTitle",[]]}
RESULT: {"script":"<script> [6424 bytes]","args":[{"element-6066-11e4-a52e-4f735466cecf":"f.0249E4A44EBABCBAAE68CC26A2CCEA1F.d.1C2D280CAFA20DF2A684CF845B1276C0.e.3091"},"getTitle",[]]}
COMMAND: POST /session/50742fcb74db713b844d2305025c75d6/element - {"using":"xpath","value":"//span[contains(@id ,\"application-manageresources-display-component---detailRU--snappedTitle-inner\")][contains(text(), \"WdIORUEquip1bxgmm\")]"}
RESULT: {"using":"xpath","value":"//span[contains(@id ,\"application-manageresources-display-component---detailRU--snappedTitle-inner\")][contains(text(), \"WdIORUEquip1bxgmm\")]"}
COMMAND: POST /session/50742fcb74db713b844d2305025c75d6/execute/sync - {"script":"<script> [8489 bytes]","args":[{"element-6066-11e4-a52e-4f735466cecf":"f.0249E4A44EBABCBAAE68CC26A2CCEA1F.d.1C2D280CAFA20DF2A684CF845B1276C0.e.3092","ELEMENT":"f.0249E4A44EBABCBAAE68CC26A2CCEA1F.d.1C2D280CAFA20DF2A684CF845B1276C0.e.3092"}]}
COMMAND: POST /session/50742fcb74db713b844d2305025c75d6/execute/async - {"script":"<script> [1562 bytes]","args":[{"selector":{"id":"backBtn"},"wdio_ui5_key":"backBtn"}]}
RESULT: {"script":"<script> [1562 bytes]","args":[{"selector":{"id":"backBtn"},"wdio_ui5_key":"backBtn"}]}
RESULT: undefined
COMMAND: POST /session/50742fcb74db713b844d2305025c75d6/element - {"using":"xpath","value":"//*[@id=\"backBtn\"]"}
RESULT: {"script":"<script> [8489 bytes]","args":[{"element-6066-11e4-a52e-4f735466cecf":"f.0249E4A44EBABCBAAE68CC26A2CCEA1F.d.1C2D280CAFA20DF2A684CF845B1276C0.e.3092","ELEMENT":"f.0249E4A44EBABCBAAE68CC26A2CCEA1F.d.1C2D280CAFA20DF2A684CF845B1276C0.e.3092"}]}
COMMAND: GET /session/50742fcb74db713b844d2305025c75d6/screenshot - {}
RESULT: {"using":"xpath","value":"//*[@id=\"backBtn\"]"}
COMMAND: POST /session/50742fcb74db713b844d2305025c75d6/element/f.0249E4A44EBABCBAAE68CC26A2CCEA1F.d.1C2D280CAFA20DF2A684CF845B1276C0.e.3093/click - {}
RESULT: {}
RESULT: {}
COMMAND: GET /session/50742fcb74db713b844d2305025c75d6/screenshot - {}
RESULT: {}
COMMAND: POST /session/50742fcb74db713b844d2305025c75d6/execute/sync - {"script":"<script> [8489 bytes]","args":[{"element-6066-11e4-a52e-4f735466cecf":"f.0249E4A44EBABCBAAE68CC26A2CCEA1F.d.1C2D280CAFA20DF2A684CF845B1276C0.e.2765","ELEMENT":"f.0249E4A44EBABCBAAE68CC26A2CCEA1F.d.1C2D280CAFA20DF2A684CF845B1276C0.e.2765"}]}
COMMAND: POST /session/50742fcb74db713b844d2305025c75d6/element - {"using":"xpath","value":"//bdi[contains(@id ,\"application-manageresources-display-component---detailRU--openRelatedRus-BDI-content\")]"}
RESULT: {"using":"xpath","value":"//bdi[contains(@id ,\"application-manageresources-display-component---detailRU--openRelatedRus-BDI-content\")]"}
COMMAND: POST /session/50742fcb74db713b844d2305025c75d6/execute/sync - {"script":"<script> [8489 bytes]","args":[{"element-6066-11e4-a52e-4f735466cecf":"f.0249E4A44EBABCBAAE68CC26A2CCEA1F.d.1C2D280CAFA20DF2A684CF845B1276C0.e.3386","ELEMENT":"f.0249E4A44EBABCBAAE68CC26A2CCEA1F.d.1C2D280CAFA20DF2A684CF845B1276C0.e.3386"}]}
RESULT: {"script":"<script> [8489 bytes]","args":[{"element-6066-11e4-a52e-4f735466cecf":"f.0249E4A44EBABCBAAE68CC26A2CCEA1F.d.1C2D280CAFA20DF2A684CF845B1276C0.e.3386","ELEMENT":"f.0249E4A44EBABCBAAE68CC26A2CCEA1F.d.1C2D280CAFA20DF2A684CF845B1276C0.e.3386"}]}
COMMAND: POST /session/50742fcb74db713b844d2305025c75d6/execute/sync - {"script":"<script> [5351 bytes]","args":[{"element-6066-11e4-a52e-4f735466cecf":"f.0249E4A44EBABCBAAE68CC26A2CCEA1F.d.1C2D280CAFA20DF2A684CF845B1276C0.e.3386","ELEMENT":"f.0249E4A44EBABCBAAE68CC26A2CCEA1F.d.1C2D280CAFA20DF2A684CF845B1276C0.e.3386"}]}
COMMAND: GET /session/50742fcb74db713b844d2305025c75d6/screenshot - {}
RESULT: {"script":"<script> [5351 bytes]","args":[{"element-6066-11e4-a52e-4f735466cecf":"f.0249E4A44EBABCBAAE68CC26A2CCEA1F.d.1C2D280CAFA20DF2A684CF845B1276C0.e.3386","ELEMENT":"f.0249E4A44EBABCBAAE68CC26A2CCEA1F.d.1C2D280CAFA20DF2A684CF845B1276C0.e.3386"}]}
COMMAND: POST /session/50742fcb74db713b844d2305025c75d6/element/f.0249E4A44EBABCBAAE68CC26A2CCEA1F.d.1C2D280CAFA20DF2A684CF845B1276C0.e.3386/click - {}
COMMAND: GET /session/50742fcb74db713b844d2305025c75d6/screenshot - {}
RESULT: {}
RESULT: {}
COMMAND: GET /session/50742fcb74db713b844d2305025c75d6/screenshot - {}
RESULT: {}
RESULT: {}
COMMAND: POST /session/50742fcb74db713b844d2305025c75d6/execute/sync - {"script":"<script> [8489 bytes]","args":[{"element-6066-11e4-a52e-4f735466cecf":"f.0249E4A44EBABCBAAE68CC26A2CCEA1F.d.1C2D280CAFA20DF2A684CF845B1276C0.e.2771","ELEMENT":"f.0249E4A44EBABCBAAE68CC26A2CCEA1F.d.1C2D280CAFA20DF2A684CF845B1276C0.e.2771"}]}
COMMAND: POST /session/50742fcb74db713b844d2305025c75d6/element - {"using":"xpath","value":"//*[contains(@data-kt ,\"openRUIdMenuLink\")]"}
RESULT: {"using":"xpath","value":"//*[contains(@data-kt ,\"openRUIdMenuLink\")]"}
COMMAND: POST /session/50742fcb74db713b844d2305025c75d6/execute/sync - {"script":"<script> [8489 bytes]","args":[{"element-6066-11e4-a52e-4f735466cecf":"f.0249E4A44EBABCBAAE68CC26A2CCEA1F.d.1C2D280CAFA20DF2A684CF845B1276C0.e.3391","ELEMENT":"f.0249E4A44EBABCBAAE68CC26A2CCEA1F.d.1C2D280CAFA20DF2A684CF845B1276C0.e.3391"}]}
RESULT: {"script":"<script> [8489 bytes]","args":[{"element-6066-11e4-a52e-4f735466cecf":"f.0249E4A44EBABCBAAE68CC26A2CCEA1F.d.1C2D280CAFA20DF2A684CF845B1276C0.e.3391","ELEMENT":"f.0249E4A44EBABCBAAE68CC26A2CCEA1F.d.1C2D280CAFA20DF2A684CF845B1276C0.e.3391"}]}
COMMAND: POST /session/50742fcb74db713b844d2305025c75d6/execute/sync - {"script":"<script> [5351 bytes]","args":[{"element-6066-11e4-a52e-4f735466cecf":"f.0249E4A44EBABCBAAE68CC26A2CCEA1F.d.1C2D280CAFA20DF2A684CF845B1276C0.e.3391","ELEMENT":"f.0249E4A44EBABCBAAE68CC26A2CCEA1F.d.1C2D280CAFA20DF2A684CF845B1276C0.e.3391"}]}
COMMAND: GET /session/50742fcb74db713b844d2305025c75d6/screenshot - {}
RESULT: {"script":"<script> [5351 bytes]","args":[{"element-6066-11e4-a52e-4f735466cecf":"f.0249E4A44EBABCBAAE68CC26A2CCEA1F.d.1C2D280CAFA20DF2A684CF845B1276C0.e.3391","ELEMENT":"f.0249E4A44EBABCBAAE68CC26A2CCEA1F.d.1C2D280CAFA20DF2A684CF845B1276C0.e.3391"}]}
COMMAND: POST /session/50742fcb74db713b844d2305025c75d6/element/f.0249E4A44EBABCBAAE68CC26A2CCEA1F.d.1C2D280CAFA20DF2A684CF845B1276C0.e.3391/click - {}
COMMAND: GET /session/50742fcb74db713b844d2305025c75d6/screenshot - {}
RESULT: {}
RESULT: {}
COMMAND: GET /session/50742fcb74db713b844d2305025c75d6/screenshot - {}
RESULT: {}
RESULT: {}
COMMAND: POST /session/50742fcb74db713b844d2305025c75d6/element - {"using":"xpath","value":"//button[contains(@data-kt ,\"ContextMenuExternalId2Link\")]"}
RESULT: {"using":"xpath","value":"//button[contains(@data-kt ,\"ContextMenuExternalId2Link\")]"}
COMMAND: POST /session/50742fcb74db713b844d2305025c75d6/element/f.0249E4A44EBABCBAAE68CC26A2CCEA1F.d.1C2D280CAFA20DF2A684CF845B1276C0.e.3392/click - {}
RESULT: {}
COMMAND: GET /session/50742fcb74db713b844d2305025c75d6/screenshot - {}
RESULT: {}
COMMAND: GET /session/50742fcb74db713b844d2305025c75d6/window/handles - {}
RESULT: {}
COMMAND: POST /session/50742fcb74db713b844d2305025c75d6/window - {"handle":"0ADFE804C434836B98757330DBCAB041"}
RESULT: {"handle":"0ADFE804C434836B98757330DBCAB041"}
COMMAND: GET /session/50742fcb74db713b844d2305025c75d6/url - {}
RESULT: {}
COMMAND: GET /session/50742fcb74db713b844d2305025c75d6/screenshot - {}
RESULT: {}
COMMAND: POST /session/50742fcb74db713b844d2305025c75d6/execute/sync - {"script":"<script> [8489 bytes]","args":[{"element-6066-11e4-a52e-4f735466cecf":"f.0249E4A44EBABCBAAE68CC26A2CCEA1F.d.1C2D280CAFA20DF2A684CF845B1276C0.e.3092","ELEMENT":"f.0249E4A44EBABCBAAE68CC26A2CCEA1F.d.1C2D280CAFA20DF2A684CF845B1276C0.e.3092"}]}
COMMAND: DELETE /session/50742fcb74db713b844d2305025c75d6/window - {}
RESULT: {}
COMMAND: POST /session/50742fcb74db713b844d2305025c75d6/window - {"handle":"0249E4A44EBABCBAAE68CC26A2CCEA1F"}
RESULT: {"handle":"0249E4A44EBABCBAAE68CC26A2CCEA1F"}
COMMAND: GET /session/50742fcb74db713b844d2305025c75d6/url - {}
COMMAND: POST /session/50742fcb74db713b844d2305025c75d6/element - {"using":"xpath","value":"//span[contains(@id ,\"application-manageresources-display-component---detailRU--snappedTitle-inner\")][contains(text(), \"WdIORUEquip1bxgmm\")]"}
RESULT: {}
COMMAND: GET /session/50742fcb74db713b844d2305025c75d6/screenshot - {}
RESULT: {"using":"xpath","value":"//span[contains(@id ,\"application-manageresources-display-component---detailRU--snappedTitle-inner\")][contains(text(), \"WdIORUEquip1bxgmm\")]"}
COMMAND: POST /session/50742fcb74db713b844d2305025c75d6/element - {"using":"xpath","value":"//span[contains(@id ,\"application-manageresources-display-component---detailRU--snappedTitle-inner\")][contains(text(), \"WdIORUEquip1bxgmm\")]"}
RESULT: {}
RESULT: {"using":"xpath","value":"//span[contains(@id ,\"application-manageresources-display-component---detailRU--snappedTitle-inner\")][contains(text(), \"WdIORUEquip1bxgmm\")]"}
COMMAND: POST /session/50742fcb74db713b844d2305025c75d6/element - {"using":"xpath","value":"//span[contains(@id ,\"application-manageresources-display-component---detailRU--snappedTitle-inner\")][contains(text(), \"WdIORUEquip1bxgmm\")]"}
RESULT: {"using":"xpath","value":"//span[contains(@id ,\"application-manageresources-display-component---detailRU--snappedTitle-inner\")][contains(text(), \"WdIORUEquip1bxgmm\")]"}
COMMAND: POST /session/50742fcb74db713b844d2305025c75d6/element - {"using":"xpath","value":"//span[contains(@id ,\"application-manageresources-display-component---detailRU--snappedTitle-inner\")][contains(text(), \"WdIORUEquip1bxgmm\")]"}
RESULT: {"using":"xpath","value":"//span[contains(@id ,\"application-manageresources-display-component---detailRU--snappedTitle-inner\")][contains(text(), \"WdIORUEquip1bxgmm\")]"}
COMMAND: POST /session/50742fcb74db713b844d2305025c75d6/element - {"using":"xpath","value":"//span[contains(@id ,\"application-manageresources-display-component---detailRU--snappedTitle-inner\")][contains(text(), \"WdIORUEquip1bxgmm\")]"}
RESULT: {"using":"xpath","value":"//span[contains(@id ,\"application-manageresources-display-component---detailRU--snappedTitle-inner\")][contains(text(), \"WdIORUEquip1bxgmm\")]"}
COMMAND: POST /session/50742fcb74db713b844d2305025c75d6/element - {"using":"xpath","value":"//span[contains(@id ,\"application-manageresources-display-component---detailRU--snappedTitle-inner\")][contains(text(), \"WdIORUEquip1bxgmm\")]"}
RESULT: {"using":"xpath","value":"//span[contains(@id ,\"application-manageresources-display-component---detailRU--snappedTitle-inner\")][contains(text(), \"WdIORUEquip1bxgmm\")]"}
COMMAND: POST /session/50742fcb74db713b844d2305025c75d6/element - {"using":"xpath","value":"//span[contains(@id ,\"application-manageresources-display-component---detailRU--snappedTitle-inner\")][contains(text(), \"WdIORUEquip1bxgmm\")]"}
RESULT: {"using":"xpath","value":"//span[contains(@id ,\"application-manageresources-display-component---detailRU--snappedTitle-inner\")][contains(text(), \"WdIORUEquip1bxgmm\")]"}
COMMAND: POST /session/50742fcb74db713b844d2305025c75d6/element - {"using":"xpath","value":"//span[contains(@id ,\"application-manageresources-display-component---detailRU--snappedTitle-inner\")][contains(text(), \"WdIORUEquip1bxgmm\")]"}
RESULT: {"using":"xpath","value":"//span[contains(@id ,\"application-manageresources-display-component---detailRU--snappedTitle-inner\")][contains(text(), \"WdIORUEquip1bxgmm\")]"}
COMMAND: POST /session/50742fcb74db713b844d2305025c75d6/element - {"using":"xpath","value":"//span[contains(@id ,\"application-manageresources-display-component---detailRU--snappedTitle-inner\")][contains(text(), \"WdIORUEquip1bxgmm\")]"}
RESULT: {"using":"xpath","value":"//span[contains(@id ,\"application-manageresources-display-component---detailRU--snappedTitle-inner\")][contains(text(), \"WdIORUEquip1bxgmm\")]"}
COMMAND: POST /session/50742fcb74db713b844d2305025c75d6/element - {"using":"xpath","value":"//span[contains(@id ,\"application-manageresources-display-component---detailRU--snappedTitle-inner\")][contains(text(), \"WdIORUEquip1bxgmm\")]"}
RESULT: {"using":"xpath","value":"//span[contains(@id ,\"application-manageresources-display-component---detailRU--snappedTitle-inner\")][contains(text(), \"WdIORUEquip1bxgmm\")]"}
]]></system-out>
    </testcase>
    <testcase classname="chrome.136_0_7103_93.windows.Related_resources_for_groups_US139107" name="Should verify the current location hyperlinks in related resources" time="176.626">
      <system-out><![CDATA[
COMMAND: POST /session/50742fcb74db713b844d2305025c75d6/element - {"using":"xpath","value":"//*[contains(@data-kt ,\"openLocationActionMenuLink\")]"}
RESULT: {"using":"xpath","value":"//*[contains(@data-kt ,\"openLocationActionMenuLink\")]"}
COMMAND: POST /session/50742fcb74db713b844d2305025c75d6/execute/sync - {"script":"<script> [8489 bytes]","args":[{"element-6066-11e4-a52e-4f735466cecf":"f.0249E4A44EBABCBAAE68CC26A2CCEA1F.d.1C2D280CAFA20DF2A684CF845B1276C0.e.3683","ELEMENT":"f.0249E4A44EBABCBAAE68CC26A2CCEA1F.d.1C2D280CAFA20DF2A684CF845B1276C0.e.3683"}]}
RESULT: {"script":"<script> [8489 bytes]","args":[{"element-6066-11e4-a52e-4f735466cecf":"f.0249E4A44EBABCBAAE68CC26A2CCEA1F.d.1C2D280CAFA20DF2A684CF845B1276C0.e.3683","ELEMENT":"f.0249E4A44EBABCBAAE68CC26A2CCEA1F.d.1C2D280CAFA20DF2A684CF845B1276C0.e.3683"}]}
COMMAND: POST /session/50742fcb74db713b844d2305025c75d6/execute/sync - {"script":"<script> [5351 bytes]","args":[{"element-6066-11e4-a52e-4f735466cecf":"f.0249E4A44EBABCBAAE68CC26A2CCEA1F.d.1C2D280CAFA20DF2A684CF845B1276C0.e.3683","ELEMENT":"f.0249E4A44EBABCBAAE68CC26A2CCEA1F.d.1C2D280CAFA20DF2A684CF845B1276C0.e.3683"}]}
RESULT: {"script":"<script> [5351 bytes]","args":[{"element-6066-11e4-a52e-4f735466cecf":"f.0249E4A44EBABCBAAE68CC26A2CCEA1F.d.1C2D280CAFA20DF2A684CF845B1276C0.e.3683","ELEMENT":"f.0249E4A44EBABCBAAE68CC26A2CCEA1F.d.1C2D280CAFA20DF2A684CF845B1276C0.e.3683"}]}
COMMAND: POST /session/50742fcb74db713b844d2305025c75d6/element/f.0249E4A44EBABCBAAE68CC26A2CCEA1F.d.1C2D280CAFA20DF2A684CF845B1276C0.e.3683/click - {}
RESULT: {}
COMMAND: POST /session/50742fcb74db713b844d2305025c75d6/element - {"using":"xpath","value":"//span[contains(@id ,\"application-manageresources-display-component---detailRU--snappedTitle-inner\")][contains(text(), \"WdIORUEquip1bxgmm\")]"}
COMMAND: GET /session/50742fcb74db713b844d2305025c75d6/screenshot - {}
COMMAND: GET /session/50742fcb74db713b844d2305025c75d6/screenshot - {}
COMMAND: GET /session/50742fcb74db713b844d2305025c75d6/screenshot - {}
RESULT: {"using":"xpath","value":"//span[contains(@id ,\"application-manageresources-display-component---detailRU--snappedTitle-inner\")][contains(text(), \"WdIORUEquip1bxgmm\")]"}
RESULT: {}
RESULT: {}
RESULT: {}
COMMAND: POST /session/50742fcb74db713b844d2305025c75d6/element - {"using":"xpath","value":"//span[contains(@id ,\"application-manageresources-display-component---detailRU--snappedTitle-inner\")][contains(text(), \"WdIORUEquip1bxgmm\")]"}
RESULT: {"using":"xpath","value":"//span[contains(@id ,\"application-manageresources-display-component---detailRU--snappedTitle-inner\")][contains(text(), \"WdIORUEquip1bxgmm\")]"}
COMMAND: POST /session/50742fcb74db713b844d2305025c75d6/element - {"using":"xpath","value":"//span[contains(@id ,\"application-manageresources-display-component---detailRU--snappedTitle-inner\")][contains(text(), \"WdIORUEquip1bxgmm\")]"}
RESULT: {"using":"xpath","value":"//span[contains(@id ,\"application-manageresources-display-component---detailRU--snappedTitle-inner\")][contains(text(), \"WdIORUEquip1bxgmm\")]"}
COMMAND: POST /session/50742fcb74db713b844d2305025c75d6/element - {"using":"xpath","value":"//a[contains(@class ,\"sapMLnk sapMLnkMaxWidth sapUiTinyMarginTop\")][contains(text(), \"Yard Overview\")]"}
RESULT: {"using":"xpath","value":"//a[contains(@class ,\"sapMLnk sapMLnkMaxWidth sapUiTinyMarginTop\")][contains(text(), \"Yard Overview\")]"}
COMMAND: POST /session/50742fcb74db713b844d2305025c75d6/execute/sync - {"script":"<script> [8489 bytes]","args":[{"element-6066-11e4-a52e-4f735466cecf":"f.0249E4A44EBABCBAAE68CC26A2CCEA1F.d.1C2D280CAFA20DF2A684CF845B1276C0.e.3685","ELEMENT":"f.0249E4A44EBABCBAAE68CC26A2CCEA1F.d.1C2D280CAFA20DF2A684CF845B1276C0.e.3685"}]}
COMMAND: POST /session/50742fcb74db713b844d2305025c75d6/element - {"using":"xpath","value":"//a[contains(@class ,\"sapMLnk sapMLnkMaxWidth sapUiTinyMarginTop\")][contains(text(), \"Yard Address\")]"}
RESULT: {"script":"<script> [8489 bytes]","args":[{"element-6066-11e4-a52e-4f735466cecf":"f.0249E4A44EBABCBAAE68CC26A2CCEA1F.d.1C2D280CAFA20DF2A684CF845B1276C0.e.3685","ELEMENT":"f.0249E4A44EBABCBAAE68CC26A2CCEA1F.d.1C2D280CAFA20DF2A684CF845B1276C0.e.3685"}]}
RESULT: {"using":"xpath","value":"//a[contains(@class ,\"sapMLnk sapMLnkMaxWidth sapUiTinyMarginTop\")][contains(text(), \"Yard Address\")]"}
COMMAND: POST /session/50742fcb74db713b844d2305025c75d6/execute/sync - {"script":"<script> [8489 bytes]","args":[{"element-6066-11e4-a52e-4f735466cecf":"f.0249E4A44EBABCBAAE68CC26A2CCEA1F.d.1C2D280CAFA20DF2A684CF845B1276C0.e.3686","ELEMENT":"f.0249E4A44EBABCBAAE68CC26A2CCEA1F.d.1C2D280CAFA20DF2A684CF845B1276C0.e.3686"}]}
COMMAND: POST /session/50742fcb74db713b844d2305025c75d6/element/f.0249E4A44EBABCBAAE68CC26A2CCEA1F.d.1C2D280CAFA20DF2A684CF845B1276C0.e.3685/click - {}
COMMAND: GET /session/50742fcb74db713b844d2305025c75d6/screenshot - {}
RESULT: {"script":"<script> [8489 bytes]","args":[{"element-6066-11e4-a52e-4f735466cecf":"f.0249E4A44EBABCBAAE68CC26A2CCEA1F.d.1C2D280CAFA20DF2A684CF845B1276C0.e.3686","ELEMENT":"f.0249E4A44EBABCBAAE68CC26A2CCEA1F.d.1C2D280CAFA20DF2A684CF845B1276C0.e.3686"}]}
COMMAND: POST /session/50742fcb74db713b844d2305025c75d6/element - {"using":"xpath","value":"//span[contains(@id ,\"application-manageresources-display-component---detailRU--snappedTitle-inner\")][contains(text(), \"WdIORUEquip1bxgmm\")]"}
RESULT: {}
RESULT: {}
COMMAND: GET /session/50742fcb74db713b844d2305025c75d6/screenshot - {}
COMMAND: GET /session/50742fcb74db713b844d2305025c75d6/screenshot - {}
RESULT: {"using":"xpath","value":"//span[contains(@id ,\"application-manageresources-display-component---detailRU--snappedTitle-inner\")][contains(text(), \"WdIORUEquip1bxgmm\")]"}
RESULT: {}
RESULT: {}
COMMAND: POST /session/50742fcb74db713b844d2305025c75d6/element - {"using":"xpath","value":"//span[contains(@id ,\"application-manageresources-display-component---detailRU--snappedTitle-inner\")][contains(text(), \"WdIORUEquip1bxgmm\")]"}
RESULT: {"using":"xpath","value":"//span[contains(@id ,\"application-manageresources-display-component---detailRU--snappedTitle-inner\")][contains(text(), \"WdIORUEquip1bxgmm\")]"}
COMMAND: POST /session/50742fcb74db713b844d2305025c75d6/element - {"using":"xpath","value":"//span[contains(@id ,\"application-manageresources-display-component---detailRU--snappedTitle-inner\")][contains(text(), \"WdIORUEquip1bxgmm\")]"}
RESULT: {"using":"xpath","value":"//span[contains(@id ,\"application-manageresources-display-component---detailRU--snappedTitle-inner\")][contains(text(), \"WdIORUEquip1bxgmm\")]"}
COMMAND: POST /session/50742fcb74db713b844d2305025c75d6/element - {"using":"xpath","value":"//span[contains(@id ,\"application-manageresources-display-component---detailRU--snappedTitle-inner\")][contains(text(), \"WdIORUEquip1bxgmm\")]"}
RESULT: {"using":"xpath","value":"//span[contains(@id ,\"application-manageresources-display-component---detailRU--snappedTitle-inner\")][contains(text(), \"WdIORUEquip1bxgmm\")]"}
COMMAND: POST /session/50742fcb74db713b844d2305025c75d6/element - {"using":"xpath","value":"//span[contains(@id ,\"application-manageresources-display-component---detailRU--snappedTitle-inner\")][contains(text(), \"WdIORUEquip1bxgmm\")]"}
RESULT: {"using":"xpath","value":"//span[contains(@id ,\"application-manageresources-display-component---detailRU--snappedTitle-inner\")][contains(text(), \"WdIORUEquip1bxgmm\")]"}
COMMAND: POST /session/50742fcb74db713b844d2305025c75d6/element - {"using":"xpath","value":"//span[contains(@id ,\"application-manageresources-display-component---detailRU--snappedTitle-inner\")][contains(text(), \"WdIORUEquip1bxgmm\")]"}
RESULT: {"using":"xpath","value":"//span[contains(@id ,\"application-manageresources-display-component---detailRU--snappedTitle-inner\")][contains(text(), \"WdIORUEquip1bxgmm\")]"}
COMMAND: POST /session/50742fcb74db713b844d2305025c75d6/element - {"using":"xpath","value":"//span[contains(@id ,\"application-manageresources-display-component---detailRU--snappedTitle-inner\")][contains(text(), \"WdIORUEquip1bxgmm\")]"}
RESULT: {"using":"xpath","value":"//span[contains(@id ,\"application-manageresources-display-component---detailRU--snappedTitle-inner\")][contains(text(), \"WdIORUEquip1bxgmm\")]"}
COMMAND: POST /session/50742fcb74db713b844d2305025c75d6/element - {"using":"xpath","value":"//span[contains(@id ,\"application-manageresources-display-component---detailRU--snappedTitle-inner\")][contains(text(), \"WdIORUEquip1bxgmm\")]"}
RESULT: {"using":"xpath","value":"//span[contains(@id ,\"application-manageresources-display-component---detailRU--snappedTitle-inner\")][contains(text(), \"WdIORUEquip1bxgmm\")]"}
COMMAND: POST /session/50742fcb74db713b844d2305025c75d6/element - {"using":"xpath","value":"//span[contains(@id ,\"application-manageresources-display-component---detailRU--snappedTitle-inner\")][contains(text(), \"WdIORUEquip1bxgmm\")]"}
RESULT: {"using":"xpath","value":"//span[contains(@id ,\"application-manageresources-display-component---detailRU--snappedTitle-inner\")][contains(text(), \"WdIORUEquip1bxgmm\")]"}
COMMAND: POST /session/50742fcb74db713b844d2305025c75d6/element - {"using":"xpath","value":"//span[contains(@id ,\"application-manageresources-display-component---detailRU--snappedTitle-inner\")][contains(text(), \"WdIORUEquip1bxgmm\")]"}
RESULT: {"using":"xpath","value":"//span[contains(@id ,\"application-manageresources-display-component---detailRU--snappedTitle-inner\")][contains(text(), \"WdIORUEquip1bxgmm\")]"}
COMMAND: POST /session/50742fcb74db713b844d2305025c75d6/element - {"using":"xpath","value":"//span[contains(@id ,\"application-manageresources-display-component---detailRU--snappedTitle-inner\")][contains(text(), \"WdIORUEquip1bxgmm\")]"}
RESULT: {"using":"xpath","value":"//span[contains(@id ,\"application-manageresources-display-component---detailRU--snappedTitle-inner\")][contains(text(), \"WdIORUEquip1bxgmm\")]"}
COMMAND: POST /session/50742fcb74db713b844d2305025c75d6/element - {"using":"xpath","value":"//span[contains(@id ,\"application-manageresources-display-component---detailRU--snappedTitle-inner\")][contains(text(), \"WdIORUEquip1bxgmm\")]"}
RESULT: {"using":"xpath","value":"//span[contains(@id ,\"application-manageresources-display-component---detailRU--snappedTitle-inner\")][contains(text(), \"WdIORUEquip1bxgmm\")]"}
COMMAND: POST /session/50742fcb74db713b844d2305025c75d6/element - {"using":"xpath","value":"//span[contains(@id ,\"application-manageresources-display-component---detailRU--snappedTitle-inner\")][contains(text(), \"WdIORUEquip1bxgmm\")]"}
RESULT: {"using":"xpath","value":"//span[contains(@id ,\"application-manageresources-display-component---detailRU--snappedTitle-inner\")][contains(text(), \"WdIORUEquip1bxgmm\")]"}
COMMAND: POST /session/50742fcb74db713b844d2305025c75d6/element - {"using":"xpath","value":"//span[contains(@id ,\"application-manageresources-display-component---detailRU--snappedTitle-inner\")][contains(text(), \"WdIORUEquip1bxgmm\")]"}
RESULT: {"using":"xpath","value":"//span[contains(@id ,\"application-manageresources-display-component---detailRU--snappedTitle-inner\")][contains(text(), \"WdIORUEquip1bxgmm\")]"}
COMMAND: POST /session/50742fcb74db713b844d2305025c75d6/element - {"using":"xpath","value":"//span[contains(@id ,\"application-manageresources-display-component---detailRU--snappedTitle-inner\")][contains(text(), \"WdIORUEquip1bxgmm\")]"}
RESULT: {"using":"xpath","value":"//span[contains(@id ,\"application-manageresources-display-component---detailRU--snappedTitle-inner\")][contains(text(), \"WdIORUEquip1bxgmm\")]"}
COMMAND: POST /session/50742fcb74db713b844d2305025c75d6/element - {"using":"xpath","value":"//span[contains(@id ,\"application-manageresources-display-component---detailRU--snappedTitle-inner\")][contains(text(), \"WdIORUEquip1bxgmm\")]"}
RESULT: {"using":"xpath","value":"//span[contains(@id ,\"application-manageresources-display-component---detailRU--snappedTitle-inner\")][contains(text(), \"WdIORUEquip1bxgmm\")]"}
COMMAND: POST /session/50742fcb74db713b844d2305025c75d6/element - {"using":"xpath","value":"//span[contains(@id ,\"application-manageresources-display-component---detailRU--snappedTitle-inner\")][contains(text(), \"WdIORUEquip1bxgmm\")]"}
RESULT: {"using":"xpath","value":"//span[contains(@id ,\"application-manageresources-display-component---detailRU--snappedTitle-inner\")][contains(text(), \"WdIORUEquip1bxgmm\")]"}
COMMAND: POST /session/50742fcb74db713b844d2305025c75d6/element - {"using":"xpath","value":"//span[contains(@id ,\"application-manageresources-display-component---detailRU--snappedTitle-inner\")][contains(text(), \"WdIORUEquip1bxgmm\")]"}
RESULT: {"using":"xpath","value":"//span[contains(@id ,\"application-manageresources-display-component---detailRU--snappedTitle-inner\")][contains(text(), \"WdIORUEquip1bxgmm\")]"}
RESULT: undefined
COMMAND: POST /session/50742fcb74db713b844d2305025c75d6/execute/async - {"script":"<script> [6424 bytes]","args":[{"element-6066-11e4-a52e-4f735466cecf":"f.0249E4A44EBABCBAAE68CC26A2CCEA1F.d.1C2D280CAFA20DF2A684CF845B1276C0.e.3091"},"getTitle",[]]}
COMMAND: POST /session/50742fcb74db713b844d2305025c75d6/execute/async - {"script":"<script> [1562 bytes]","args":[{"selector":{"id":"shellAppTitle"},"wdio_ui5_key":"shellAppTitle"}]}
COMMAND: POST /session/50742fcb74db713b844d2305025c75d6/element - {"using":"xpath","value":"//span[contains(@id ,\"application-manageresources-display-component---detailRU--snappedTitle-inner\")][contains(text(), \"WdIORUEquip1bxgmm\")]"}
RESULT: {"script":"<script> [1562 bytes]","args":[{"selector":{"id":"shellAppTitle"},"wdio_ui5_key":"shellAppTitle"}]}
COMMAND: POST /session/50742fcb74db713b844d2305025c75d6/execute/async - {"script":"<script> [6424 bytes]","args":[{"element-6066-11e4-a52e-4f735466cecf":"f.0249E4A44EBABCBAAE68CC26A2CCEA1F.d.1C2D280CAFA20DF2A684CF845B1276C0.e.3819"},"getTitle",[]]}
RESULT: {"using":"xpath","value":"//span[contains(@id ,\"application-manageresources-display-component---detailRU--snappedTitle-inner\")][contains(text(), \"WdIORUEquip1bxgmm\")]"}
RESULT: {"script":"<script> [6424 bytes]","args":[{"element-6066-11e4-a52e-4f735466cecf":"f.0249E4A44EBABCBAAE68CC26A2CCEA1F.d.1C2D280CAFA20DF2A684CF845B1276C0.e.3819"},"getTitle",[]]}
COMMAND: POST /session/50742fcb74db713b844d2305025c75d6/element - {"using":"xpath","value":"(//span[contains(text(), \"WebdriverYardq775w\")])[2]"}
RESULT: {"using":"xpath","value":"(//span[contains(text(), \"WebdriverYardq775w\")])[2]"}
COMMAND: POST /session/50742fcb74db713b844d2305025c75d6/execute/sync - {"script":"<script> [8489 bytes]","args":[{"element-6066-11e4-a52e-4f735466cecf":"f.0249E4A44EBABCBAAE68CC26A2CCEA1F.d.1C2D280CAFA20DF2A684CF845B1276C0.e.3820","ELEMENT":"f.0249E4A44EBABCBAAE68CC26A2CCEA1F.d.1C2D280CAFA20DF2A684CF845B1276C0.e.3820"}]}
RESULT: undefined
COMMAND: POST /session/50742fcb74db713b844d2305025c75d6/element - {"using":"xpath","value":"//*[@id=\"backBtn\"]"}
RESULT: {"using":"xpath","value":"//*[@id=\"backBtn\"]"}
COMMAND: POST /session/50742fcb74db713b844d2305025c75d6/element/f.0249E4A44EBABCBAAE68CC26A2CCEA1F.d.1C2D280CAFA20DF2A684CF845B1276C0.e.3093/click - {}
COMMAND: POST /session/50742fcb74db713b844d2305025c75d6/element - {"using":"xpath","value":"//span[contains(@id ,\"application-manageresources-display-component---detailRU--snappedTitle-inner\")][contains(text(), \"WdIORUEquip1bxgmm\")]"}
RESULT: {"script":"<script> [8489 bytes]","args":[{"element-6066-11e4-a52e-4f735466cecf":"f.0249E4A44EBABCBAAE68CC26A2CCEA1F.d.1C2D280CAFA20DF2A684CF845B1276C0.e.3820","ELEMENT":"f.0249E4A44EBABCBAAE68CC26A2CCEA1F.d.1C2D280CAFA20DF2A684CF845B1276C0.e.3820"}]}
COMMAND: GET /session/50742fcb74db713b844d2305025c75d6/screenshot - {}
COMMAND: POST /session/50742fcb74db713b844d2305025c75d6/execute/sync - {"script":"<script> [8489 bytes]","args":[{"element-6066-11e4-a52e-4f735466cecf":"f.0249E4A44EBABCBAAE68CC26A2CCEA1F.d.1C2D280CAFA20DF2A684CF845B1276C0.e.3820","ELEMENT":"f.0249E4A44EBABCBAAE68CC26A2CCEA1F.d.1C2D280CAFA20DF2A684CF845B1276C0.e.3820"}]}
RESULT: {}
COMMAND: GET /session/50742fcb74db713b844d2305025c75d6/screenshot - {}
RESULT: {"using":"xpath","value":"//span[contains(@id ,\"application-manageresources-display-component---detailRU--snappedTitle-inner\")][contains(text(), \"WdIORUEquip1bxgmm\")]"}
RESULT: {}
COMMAND: POST /session/50742fcb74db713b844d2305025c75d6/element - {"using":"xpath","value":"(//span[contains(text(), \"WebdriverYardq775w\")])[2]"}
COMMAND: POST /session/50742fcb74db713b844d2305025c75d6/element - {"using":"xpath","value":"//span[contains(@id ,\"application-manageresources-display-component---detailRU--snappedTitle-inner\")][contains(text(), \"WdIORUEquip1bxgmm\")]"}
RESULT: {}
RESULT: {"using":"xpath","value":"(//span[contains(text(), \"WebdriverYardq775w\")])[2]"}
COMMAND: POST /session/50742fcb74db713b844d2305025c75d6/element - {"using":"xpath","value":"(//span[contains(text(), \"WebdriverYardq775w\")])[2]"}
RESULT: {"using":"xpath","value":"//span[contains(@id ,\"application-manageresources-display-component---detailRU--snappedTitle-inner\")][contains(text(), \"WdIORUEquip1bxgmm\")]"}
RESULT: {"using":"xpath","value":"(//span[contains(text(), \"WebdriverYardq775w\")])[2]"}
COMMAND: POST /session/50742fcb74db713b844d2305025c75d6/element - {"using":"xpath","value":"//span[contains(@id ,\"application-manageresources-display-component---detailRU--snappedTitle-inner\")][contains(text(), \"WdIORUEquip1bxgmm\")]"}
COMMAND: POST /session/50742fcb74db713b844d2305025c75d6/element - {"using":"xpath","value":"(//span[contains(text(), \"WebdriverYardq775w\")])[2]"}
RESULT: {"using":"xpath","value":"//span[contains(@id ,\"application-manageresources-display-component---detailRU--snappedTitle-inner\")][contains(text(), \"WdIORUEquip1bxgmm\")]"}
RESULT: {"using":"xpath","value":"(//span[contains(text(), \"WebdriverYardq775w\")])[2]"}
COMMAND: POST /session/50742fcb74db713b844d2305025c75d6/element - {"using":"xpath","value":"//span[contains(@id ,\"application-manageresources-display-component---detailRU--snappedTitle-inner\")][contains(text(), \"WdIORUEquip1bxgmm\")]"}
COMMAND: POST /session/50742fcb74db713b844d2305025c75d6/element - {"using":"xpath","value":"(//span[contains(text(), \"WebdriverYardq775w\")])[2]"}
RESULT: {"using":"xpath","value":"//span[contains(@id ,\"application-manageresources-display-component---detailRU--snappedTitle-inner\")][contains(text(), \"WdIORUEquip1bxgmm\")]"}
COMMAND: POST /session/50742fcb74db713b844d2305025c75d6/element - {"using":"xpath","value":"//span[contains(@id ,\"application-manageresources-display-component---detailRU--snappedTitle-inner\")][contains(text(), \"WdIORUEquip1bxgmm\")]"}
RESULT: {"using":"xpath","value":"(//span[contains(text(), \"WebdriverYardq775w\")])[2]"}
COMMAND: POST /session/50742fcb74db713b844d2305025c75d6/execute/sync - {"script":"<script> [8489 bytes]","args":[{"element-6066-11e4-a52e-4f735466cecf":"f.0249E4A44EBABCBAAE68CC26A2CCEA1F.d.1C2D280CAFA20DF2A684CF845B1276C0.e.4141","ELEMENT":"f.0249E4A44EBABCBAAE68CC26A2CCEA1F.d.1C2D280CAFA20DF2A684CF845B1276C0.e.4141"}]}
RESULT: {"using":"xpath","value":"//span[contains(@id ,\"application-manageresources-display-component---detailRU--snappedTitle-inner\")][contains(text(), \"WdIORUEquip1bxgmm\")]"}
RESULT: {"script":"<script> [8489 bytes]","args":[{"element-6066-11e4-a52e-4f735466cecf":"f.0249E4A44EBABCBAAE68CC26A2CCEA1F.d.1C2D280CAFA20DF2A684CF845B1276C0.e.4141","ELEMENT":"f.0249E4A44EBABCBAAE68CC26A2CCEA1F.d.1C2D280CAFA20DF2A684CF845B1276C0.e.4141"}]}
COMMAND: GET /session/50742fcb74db713b844d2305025c75d6/screenshot - {}
COMMAND: POST /session/50742fcb74db713b844d2305025c75d6/element - {"using":"xpath","value":"//span[contains(@id ,\"application-manageresources-display-component---detailRU--snappedTitle-inner\")][contains(text(), \"WdIORUEquip1bxgmm\")]"}
RESULT: {}
RESULT: {"using":"xpath","value":"//span[contains(@id ,\"application-manageresources-display-component---detailRU--snappedTitle-inner\")][contains(text(), \"WdIORUEquip1bxgmm\")]"}
COMMAND: POST /session/50742fcb74db713b844d2305025c75d6/element - {"using":"xpath","value":"//span[contains(@id ,\"application-manageresources-display-component---detailRU--snappedTitle-inner\")][contains(text(), \"WdIORUEquip1bxgmm\")]"}
RESULT: {"using":"xpath","value":"//span[contains(@id ,\"application-manageresources-display-component---detailRU--snappedTitle-inner\")][contains(text(), \"WdIORUEquip1bxgmm\")]"}
COMMAND: POST /session/50742fcb74db713b844d2305025c75d6/element - {"using":"xpath","value":"//span[contains(@id ,\"application-manageresources-display-component---detailRU--snappedTitle-inner\")][contains(text(), \"WdIORUEquip1bxgmm\")]"}
RESULT: {"using":"xpath","value":"//span[contains(@id ,\"application-manageresources-display-component---detailRU--snappedTitle-inner\")][contains(text(), \"WdIORUEquip1bxgmm\")]"}
COMMAND: POST /session/50742fcb74db713b844d2305025c75d6/element - {"using":"xpath","value":"//span[contains(@id ,\"application-manageresources-display-component---detailRU--snappedTitle-inner\")][contains(text(), \"WdIORUEquip1bxgmm\")]"}
RESULT: {"using":"xpath","value":"//span[contains(@id ,\"application-manageresources-display-component---detailRU--snappedTitle-inner\")][contains(text(), \"WdIORUEquip1bxgmm\")]"}
COMMAND: POST /session/50742fcb74db713b844d2305025c75d6/element - {"using":"xpath","value":"//span[contains(@id ,\"application-manageresources-display-component---detailRU--snappedTitle-inner\")][contains(text(), \"WdIORUEquip1bxgmm\")]"}
RESULT: {"using":"xpath","value":"//span[contains(@id ,\"application-manageresources-display-component---detailRU--snappedTitle-inner\")][contains(text(), \"WdIORUEquip1bxgmm\")]"}
COMMAND: POST /session/50742fcb74db713b844d2305025c75d6/element - {"using":"xpath","value":"//span[contains(@id ,\"application-manageresources-display-component---detailRU--snappedTitle-inner\")][contains(text(), \"WdIORUEquip1bxgmm\")]"}
RESULT: {"using":"xpath","value":"//span[contains(@id ,\"application-manageresources-display-component---detailRU--snappedTitle-inner\")][contains(text(), \"WdIORUEquip1bxgmm\")]"}
COMMAND: POST /session/50742fcb74db713b844d2305025c75d6/element - {"using":"xpath","value":"//span[contains(@id ,\"application-manageresources-display-component---detailRU--snappedTitle-inner\")][contains(text(), \"WdIORUEquip1bxgmm\")]"}
RESULT: {"using":"xpath","value":"//span[contains(@id ,\"application-manageresources-display-component---detailRU--snappedTitle-inner\")][contains(text(), \"WdIORUEquip1bxgmm\")]"}
COMMAND: POST /session/50742fcb74db713b844d2305025c75d6/element - {"using":"xpath","value":"//span[contains(@id ,\"application-manageresources-display-component---detailRU--snappedTitle-inner\")][contains(text(), \"WdIORUEquip1bxgmm\")]"}
RESULT: {"using":"xpath","value":"//span[contains(@id ,\"application-manageresources-display-component---detailRU--snappedTitle-inner\")][contains(text(), \"WdIORUEquip1bxgmm\")]"}
COMMAND: POST /session/50742fcb74db713b844d2305025c75d6/element - {"using":"xpath","value":"//span[contains(@id ,\"application-manageresources-display-component---detailRU--snappedTitle-inner\")][contains(text(), \"WdIORUEquip1bxgmm\")]"}
RESULT: {"using":"xpath","value":"//span[contains(@id ,\"application-manageresources-display-component---detailRU--snappedTitle-inner\")][contains(text(), \"WdIORUEquip1bxgmm\")]"}
COMMAND: POST /session/50742fcb74db713b844d2305025c75d6/element - {"using":"xpath","value":"//bdi[contains(@id ,\"application-manageresources-display-component---detailRU--openRelatedRus-BDI-content\")]"}
RESULT: {"using":"xpath","value":"//bdi[contains(@id ,\"application-manageresources-display-component---detailRU--openRelatedRus-BDI-content\")]"}
COMMAND: POST /session/50742fcb74db713b844d2305025c75d6/execute/sync - {"script":"<script> [8489 bytes]","args":[{"element-6066-11e4-a52e-4f735466cecf":"f.0249E4A44EBABCBAAE68CC26A2CCEA1F.d.1C2D280CAFA20DF2A684CF845B1276C0.e.4203","ELEMENT":"f.0249E4A44EBABCBAAE68CC26A2CCEA1F.d.1C2D280CAFA20DF2A684CF845B1276C0.e.4203"}]}
RESULT: {"script":"<script> [8489 bytes]","args":[{"element-6066-11e4-a52e-4f735466cecf":"f.0249E4A44EBABCBAAE68CC26A2CCEA1F.d.1C2D280CAFA20DF2A684CF845B1276C0.e.4203","ELEMENT":"f.0249E4A44EBABCBAAE68CC26A2CCEA1F.d.1C2D280CAFA20DF2A684CF845B1276C0.e.4203"}]}
COMMAND: POST /session/50742fcb74db713b844d2305025c75d6/execute/sync - {"script":"<script> [5351 bytes]","args":[{"element-6066-11e4-a52e-4f735466cecf":"f.0249E4A44EBABCBAAE68CC26A2CCEA1F.d.1C2D280CAFA20DF2A684CF845B1276C0.e.4203","ELEMENT":"f.0249E4A44EBABCBAAE68CC26A2CCEA1F.d.1C2D280CAFA20DF2A684CF845B1276C0.e.4203"}]}
COMMAND: GET /session/50742fcb74db713b844d2305025c75d6/screenshot - {}
RESULT: {"script":"<script> [5351 bytes]","args":[{"element-6066-11e4-a52e-4f735466cecf":"f.0249E4A44EBABCBAAE68CC26A2CCEA1F.d.1C2D280CAFA20DF2A684CF845B1276C0.e.4203","ELEMENT":"f.0249E4A44EBABCBAAE68CC26A2CCEA1F.d.1C2D280CAFA20DF2A684CF845B1276C0.e.4203"}]}
COMMAND: POST /session/50742fcb74db713b844d2305025c75d6/element/f.0249E4A44EBABCBAAE68CC26A2CCEA1F.d.1C2D280CAFA20DF2A684CF845B1276C0.e.4203/click - {}
COMMAND: GET /session/50742fcb74db713b844d2305025c75d6/screenshot - {}
RESULT: {}
COMMAND: POST /session/50742fcb74db713b844d2305025c75d6/element - {"using":"xpath","value":"//span[contains(@id ,\"application-manageresources-display-component---detailRU--snappedTitle-inner\")][contains(text(), \"WdIORUEquip1bxgmm\")]"}
RESULT: {}
COMMAND: GET /session/50742fcb74db713b844d2305025c75d6/screenshot - {}
RESULT: {}
RESULT: {"using":"xpath","value":"//span[contains(@id ,\"application-manageresources-display-component---detailRU--snappedTitle-inner\")][contains(text(), \"WdIORUEquip1bxgmm\")]"}
RESULT: {}
COMMAND: POST /session/50742fcb74db713b844d2305025c75d6/element - {"using":"xpath","value":"//span[contains(@id ,\"application-manageresources-display-component---detailRU--snappedTitle-inner\")][contains(text(), \"WdIORUEquip1bxgmm\")]"}
RESULT: {"using":"xpath","value":"//span[contains(@id ,\"application-manageresources-display-component---detailRU--snappedTitle-inner\")][contains(text(), \"WdIORUEquip1bxgmm\")]"}
COMMAND: POST /session/50742fcb74db713b844d2305025c75d6/element - {"using":"xpath","value":"//span[contains(@id ,\"application-manageresources-display-component---detailRU--snappedTitle-inner\")][contains(text(), \"WdIORUEquip1bxgmm\")]"}
RESULT: {"using":"xpath","value":"//span[contains(@id ,\"application-manageresources-display-component---detailRU--snappedTitle-inner\")][contains(text(), \"WdIORUEquip1bxgmm\")]"}
COMMAND: POST /session/50742fcb74db713b844d2305025c75d6/element - {"using":"xpath","value":"//span[contains(@id ,\"application-manageresources-display-component---detailRU--snappedTitle-inner\")][contains(text(), \"WdIORUEquip1bxgmm\")]"}
RESULT: {"using":"xpath","value":"//span[contains(@id ,\"application-manageresources-display-component---detailRU--snappedTitle-inner\")][contains(text(), \"WdIORUEquip1bxgmm\")]"}
COMMAND: POST /session/50742fcb74db713b844d2305025c75d6/element/f.0249E4A44EBABCBAAE68CC26A2CCEA1F.d.1C2D280CAFA20DF2A684CF845B1276C0.e.3683/click - {}
COMMAND: POST /session/50742fcb74db713b844d2305025c75d6/element - {"using":"xpath","value":"//*[contains(@data-kt ,\"openLocationActionMenuLink\")]"}
RESULT: {"using":"xpath","value":"//*[contains(@data-kt ,\"openLocationActionMenuLink\")]"}
COMMAND: POST /session/50742fcb74db713b844d2305025c75d6/element/f.0249E4A44EBABCBAAE68CC26A2CCEA1F.d.1C2D280CAFA20DF2A684CF845B1276C0.e.3683/click - {}
COMMAND: POST /session/50742fcb74db713b844d2305025c75d6/element - {"using":"xpath","value":"//*[contains(@data-kt ,\"openLocationActionMenuLink\")]"}
RESULT: {"using":"xpath","value":"//*[contains(@data-kt ,\"openLocationActionMenuLink\")]"}
COMMAND: POST /session/50742fcb74db713b844d2305025c75d6/element/f.0249E4A44EBABCBAAE68CC26A2CCEA1F.d.1C2D280CAFA20DF2A684CF845B1276C0.e.4208/click - {}
RESULT: {}
COMMAND: GET /session/50742fcb74db713b844d2305025c75d6/screenshot - {}
RESULT: {}
COMMAND: POST /session/50742fcb74db713b844d2305025c75d6/element/f.0249E4A44EBABCBAAE68CC26A2CCEA1F.d.1C2D280CAFA20DF2A684CF845B1276C0.e.3686/click - {}
COMMAND: POST /session/50742fcb74db713b844d2305025c75d6/element - {"using":"xpath","value":"//a[contains(@class ,\"sapMLnk sapMLnkMaxWidth sapUiTinyMarginTop\")][contains(text(), \"Yard Address\")]"}
RESULT: {"using":"xpath","value":"//a[contains(@class ,\"sapMLnk sapMLnkMaxWidth sapUiTinyMarginTop\")][contains(text(), \"Yard Address\")]"}
COMMAND: POST /session/50742fcb74db713b844d2305025c75d6/element/f.0249E4A44EBABCBAAE68CC26A2CCEA1F.d.1C2D280CAFA20DF2A684CF845B1276C0.e.3686/click - {}
COMMAND: POST /session/50742fcb74db713b844d2305025c75d6/element - {"using":"xpath","value":"//a[contains(@class ,\"sapMLnk sapMLnkMaxWidth sapUiTinyMarginTop\")][contains(text(), \"Yard Address\")]"}
RESULT: {"using":"xpath","value":"//a[contains(@class ,\"sapMLnk sapMLnkMaxWidth sapUiTinyMarginTop\")][contains(text(), \"Yard Address\")]"}
COMMAND: POST /session/50742fcb74db713b844d2305025c75d6/element/f.0249E4A44EBABCBAAE68CC26A2CCEA1F.d.1C2D280CAFA20DF2A684CF845B1276C0.e.4210/click - {}
RESULT: {}
COMMAND: GET /session/50742fcb74db713b844d2305025c75d6/screenshot - {}
RESULT: {}
RESULT: undefined
COMMAND: POST /session/50742fcb74db713b844d2305025c75d6/execute/async - {"script":"<script> [6424 bytes]","args":[{"element-6066-11e4-a52e-4f735466cecf":"f.0249E4A44EBABCBAAE68CC26A2CCEA1F.d.1C2D280CAFA20DF2A684CF845B1276C0.e.3091"},"getTitle",[]]}
COMMAND: POST /session/50742fcb74db713b844d2305025c75d6/execute/async - {"script":"<script> [1562 bytes]","args":[{"selector":{"id":"shellAppTitle"},"wdio_ui5_key":"shellAppTitle"}]}
RESULT: {"script":"<script> [1562 bytes]","args":[{"selector":{"id":"shellAppTitle"},"wdio_ui5_key":"shellAppTitle"}]}
COMMAND: POST /session/50742fcb74db713b844d2305025c75d6/execute/async - {"script":"<script> [6424 bytes]","args":[{"element-6066-11e4-a52e-4f735466cecf":"f.0249E4A44EBABCBAAE68CC26A2CCEA1F.d.1C2D280CAFA20DF2A684CF845B1276C0.e.4412"},"getTitle",[]]}
RESULT: {"script":"<script> [6424 bytes]","args":[{"element-6066-11e4-a52e-4f735466cecf":"f.0249E4A44EBABCBAAE68CC26A2CCEA1F.d.1C2D280CAFA20DF2A684CF845B1276C0.e.4412"},"getTitle",[]]}
COMMAND: POST /session/50742fcb74db713b844d2305025c75d6/element - {"using":"xpath","value":"//span[contains(@id ,\"application-addressmanagement-display-component---detailAdm--addressDetailDetailsName1\")][contains(text(), \"WebdriverYardq775w\")]"}
RESULT: {"using":"xpath","value":"//span[contains(@id ,\"application-addressmanagement-display-component---detailAdm--addressDetailDetailsName1\")][contains(text(), \"WebdriverYardq775w\")]"}
COMMAND: POST /session/50742fcb74db713b844d2305025c75d6/execute/sync - {"script":"<script> [8489 bytes]","args":[{"element-6066-11e4-a52e-4f735466cecf":"f.0249E4A44EBABCBAAE68CC26A2CCEA1F.d.1C2D280CAFA20DF2A684CF845B1276C0.e.4413","ELEMENT":"f.0249E4A44EBABCBAAE68CC26A2CCEA1F.d.1C2D280CAFA20DF2A684CF845B1276C0.e.4413"}]}
RESULT: undefined
COMMAND: POST /session/50742fcb74db713b844d2305025c75d6/element - {"using":"xpath","value":"//*[@id=\"backBtn\"]"}
RESULT: {"script":"<script> [8489 bytes]","args":[{"element-6066-11e4-a52e-4f735466cecf":"f.0249E4A44EBABCBAAE68CC26A2CCEA1F.d.1C2D280CAFA20DF2A684CF845B1276C0.e.4413","ELEMENT":"f.0249E4A44EBABCBAAE68CC26A2CCEA1F.d.1C2D280CAFA20DF2A684CF845B1276C0.e.4413"}]}
COMMAND: GET /session/50742fcb74db713b844d2305025c75d6/screenshot - {}
RESULT: {"using":"xpath","value":"//*[@id=\"backBtn\"]"}
COMMAND: POST /session/50742fcb74db713b844d2305025c75d6/element/f.0249E4A44EBABCBAAE68CC26A2CCEA1F.d.1C2D280CAFA20DF2A684CF845B1276C0.e.3093/click - {}
RESULT: {}
RESULT: {}
COMMAND: GET /session/50742fcb74db713b844d2305025c75d6/screenshot - {}
RESULT: {}
COMMAND: POST /session/50742fcb74db713b844d2305025c75d6/execute/sync - {"script":"<script> [8489 bytes]","args":[{"element-6066-11e4-a52e-4f735466cecf":"f.0249E4A44EBABCBAAE68CC26A2CCEA1F.d.1C2D280CAFA20DF2A684CF845B1276C0.e.4203","ELEMENT":"f.0249E4A44EBABCBAAE68CC26A2CCEA1F.d.1C2D280CAFA20DF2A684CF845B1276C0.e.4203"}]}
COMMAND: POST /session/50742fcb74db713b844d2305025c75d6/element - {"using":"xpath","value":"//bdi[contains(@id ,\"application-manageresources-display-component---detailRU--openRelatedRus-BDI-content\")]"}
RESULT: {"using":"xpath","value":"//bdi[contains(@id ,\"application-manageresources-display-component---detailRU--openRelatedRus-BDI-content\")]"}
COMMAND: POST /session/50742fcb74db713b844d2305025c75d6/execute/sync - {"script":"<script> [8489 bytes]","args":[{"element-6066-11e4-a52e-4f735466cecf":"f.0249E4A44EBABCBAAE68CC26A2CCEA1F.d.1C2D280CAFA20DF2A684CF845B1276C0.e.4709","ELEMENT":"f.0249E4A44EBABCBAAE68CC26A2CCEA1F.d.1C2D280CAFA20DF2A684CF845B1276C0.e.4709"}]}
RESULT: {"script":"<script> [8489 bytes]","args":[{"element-6066-11e4-a52e-4f735466cecf":"f.0249E4A44EBABCBAAE68CC26A2CCEA1F.d.1C2D280CAFA20DF2A684CF845B1276C0.e.4709","ELEMENT":"f.0249E4A44EBABCBAAE68CC26A2CCEA1F.d.1C2D280CAFA20DF2A684CF845B1276C0.e.4709"}]}
COMMAND: POST /session/50742fcb74db713b844d2305025c75d6/execute/sync - {"script":"<script> [5351 bytes]","args":[{"element-6066-11e4-a52e-4f735466cecf":"f.0249E4A44EBABCBAAE68CC26A2CCEA1F.d.1C2D280CAFA20DF2A684CF845B1276C0.e.4709","ELEMENT":"f.0249E4A44EBABCBAAE68CC26A2CCEA1F.d.1C2D280CAFA20DF2A684CF845B1276C0.e.4709"}]}
COMMAND: GET /session/50742fcb74db713b844d2305025c75d6/screenshot - {}
RESULT: {"script":"<script> [5351 bytes]","args":[{"element-6066-11e4-a52e-4f735466cecf":"f.0249E4A44EBABCBAAE68CC26A2CCEA1F.d.1C2D280CAFA20DF2A684CF845B1276C0.e.4709","ELEMENT":"f.0249E4A44EBABCBAAE68CC26A2CCEA1F.d.1C2D280CAFA20DF2A684CF845B1276C0.e.4709"}]}
COMMAND: POST /session/50742fcb74db713b844d2305025c75d6/element/f.0249E4A44EBABCBAAE68CC26A2CCEA1F.d.1C2D280CAFA20DF2A684CF845B1276C0.e.4709/click - {}
COMMAND: GET /session/50742fcb74db713b844d2305025c75d6/screenshot - {}
RESULT: {}
RESULT: {}
COMMAND: GET /session/50742fcb74db713b844d2305025c75d6/screenshot - {}
RESULT: {}
RESULT: {}
COMMAND: POST /session/50742fcb74db713b844d2305025c75d6/element/f.0249E4A44EBABCBAAE68CC26A2CCEA1F.d.1C2D280CAFA20DF2A684CF845B1276C0.e.4208/click - {}
COMMAND: POST /session/50742fcb74db713b844d2305025c75d6/element - {"using":"xpath","value":"//*[contains(@data-kt ,\"openLocationActionMenuLink\")]"}
RESULT: {"using":"xpath","value":"//*[contains(@data-kt ,\"openLocationActionMenuLink\")]"}
COMMAND: POST /session/50742fcb74db713b844d2305025c75d6/element/f.0249E4A44EBABCBAAE68CC26A2CCEA1F.d.1C2D280CAFA20DF2A684CF845B1276C0.e.4208/click - {}
COMMAND: POST /session/50742fcb74db713b844d2305025c75d6/element - {"using":"xpath","value":"//*[contains(@data-kt ,\"openLocationActionMenuLink\")]"}
RESULT: {"using":"xpath","value":"//*[contains(@data-kt ,\"openLocationActionMenuLink\")]"}
COMMAND: POST /session/50742fcb74db713b844d2305025c75d6/element/f.0249E4A44EBABCBAAE68CC26A2CCEA1F.d.1C2D280CAFA20DF2A684CF845B1276C0.e.4713/click - {}
RESULT: {}
COMMAND: GET /session/50742fcb74db713b844d2305025c75d6/screenshot - {}
RESULT: {}
COMMAND: POST /session/50742fcb74db713b844d2305025c75d6/element - {"using":"xpath","value":"(//button[contains(@title ,\"Open in new tab\")])[1]"}
RESULT: {"using":"xpath","value":"(//button[contains(@title ,\"Open in new tab\")])[1]"}
COMMAND: POST /session/50742fcb74db713b844d2305025c75d6/element/f.0249E4A44EBABCBAAE68CC26A2CCEA1F.d.1C2D280CAFA20DF2A684CF845B1276C0.e.4714/click - {}
RESULT: {}
COMMAND: GET /session/50742fcb74db713b844d2305025c75d6/screenshot - {}
RESULT: {}
COMMAND: GET /session/50742fcb74db713b844d2305025c75d6/window/handles - {}
RESULT: {}
COMMAND: POST /session/50742fcb74db713b844d2305025c75d6/window - {"handle":"8A9BBCCDC549E8A449147673E72DE6C3"}
RESULT: {"handle":"8A9BBCCDC549E8A449147673E72DE6C3"}
COMMAND: GET /session/50742fcb74db713b844d2305025c75d6/url - {}
RESULT: {}
COMMAND: GET /session/50742fcb74db713b844d2305025c75d6/screenshot - {}
RESULT: {}
COMMAND: POST /session/50742fcb74db713b844d2305025c75d6/execute/sync - {"script":"<script> [8489 bytes]","args":[{"element-6066-11e4-a52e-4f735466cecf":"f.0249E4A44EBABCBAAE68CC26A2CCEA1F.d.1C2D280CAFA20DF2A684CF845B1276C0.e.4141","ELEMENT":"f.0249E4A44EBABCBAAE68CC26A2CCEA1F.d.1C2D280CAFA20DF2A684CF845B1276C0.e.4141"}]}
COMMAND: DELETE /session/50742fcb74db713b844d2305025c75d6/window - {}
RESULT: {"script":"<script> [8489 bytes]","args":[{"element-6066-11e4-a52e-4f735466cecf":"f.0249E4A44EBABCBAAE68CC26A2CCEA1F.d.1C2D280CAFA20DF2A684CF845B1276C0.e.4141","ELEMENT":"f.0249E4A44EBABCBAAE68CC26A2CCEA1F.d.1C2D280CAFA20DF2A684CF845B1276C0.e.4141"}]}
COMMAND: GET /session/50742fcb74db713b844d2305025c75d6/screenshot - {}
COMMAND: POST /session/50742fcb74db713b844d2305025c75d6/execute/sync - {"script":"<script> [8489 bytes]","args":[{"element-6066-11e4-a52e-4f735466cecf":"f.0249E4A44EBABCBAAE68CC26A2CCEA1F.d.1C2D280CAFA20DF2A684CF845B1276C0.e.4141","ELEMENT":"f.0249E4A44EBABCBAAE68CC26A2CCEA1F.d.1C2D280CAFA20DF2A684CF845B1276C0.e.4141"}]}
RESULT: {}
COMMAND: POST /session/50742fcb74db713b844d2305025c75d6/window - {"handle":"0249E4A44EBABCBAAE68CC26A2CCEA1F"}
RESULT: {"handle":"0249E4A44EBABCBAAE68CC26A2CCEA1F"}
COMMAND: GET /session/50742fcb74db713b844d2305025c75d6/url - {}
RESULT: {}
COMMAND: POST /session/50742fcb74db713b844d2305025c75d6/element - {"using":"xpath","value":"(//span[contains(text(), \"WebdriverYardq775w\")])[2]"}
RESULT: {}
COMMAND: GET /session/50742fcb74db713b844d2305025c75d6/screenshot - {}
RESULT: {"using":"xpath","value":"(//span[contains(text(), \"WebdriverYardq775w\")])[2]"}
COMMAND: POST /session/50742fcb74db713b844d2305025c75d6/execute/sync - {"script":"<script> [8489 bytes]","args":[{"element-6066-11e4-a52e-4f735466cecf":"f.0249E4A44EBABCBAAE68CC26A2CCEA1F.d.1C2D280CAFA20DF2A684CF845B1276C0.e.4826","ELEMENT":"f.0249E4A44EBABCBAAE68CC26A2CCEA1F.d.1C2D280CAFA20DF2A684CF845B1276C0.e.4826"}]}
RESULT: {}
RESULT: {"script":"<script> [8489 bytes]","args":[{"element-6066-11e4-a52e-4f735466cecf":"f.0249E4A44EBABCBAAE68CC26A2CCEA1F.d.1C2D280CAFA20DF2A684CF845B1276C0.e.4826","ELEMENT":"f.0249E4A44EBABCBAAE68CC26A2CCEA1F.d.1C2D280CAFA20DF2A684CF845B1276C0.e.4826"}]}
COMMAND: GET /session/50742fcb74db713b844d2305025c75d6/screenshot - {}
RESULT: {}
COMMAND: POST /session/50742fcb74db713b844d2305025c75d6/element - {"using":"xpath","value":"(//button[contains(@title ,\"Open in new tab\")])[2]"}
RESULT: {"using":"xpath","value":"(//button[contains(@title ,\"Open in new tab\")])[2]"}
COMMAND: POST /session/50742fcb74db713b844d2305025c75d6/element/f.0249E4A44EBABCBAAE68CC26A2CCEA1F.d.1C2D280CAFA20DF2A684CF845B1276C0.e.4827/click - {}
RESULT: {}
COMMAND: GET /session/50742fcb74db713b844d2305025c75d6/screenshot - {}
RESULT: {}
COMMAND: GET /session/50742fcb74db713b844d2305025c75d6/window/handles - {}
RESULT: {}
COMMAND: POST /session/50742fcb74db713b844d2305025c75d6/window - {"handle":"B8D779FA89132F3AB4D2C148FD3F8F24"}
RESULT: {"handle":"B8D779FA89132F3AB4D2C148FD3F8F24"}
COMMAND: GET /session/50742fcb74db713b844d2305025c75d6/url - {}
RESULT: {}
COMMAND: GET /session/50742fcb74db713b844d2305025c75d6/screenshot - {}
RESULT: {}
COMMAND: POST /session/50742fcb74db713b844d2305025c75d6/execute/sync - {"script":"<script> [8489 bytes]","args":[{"element-6066-11e4-a52e-4f735466cecf":"f.0249E4A44EBABCBAAE68CC26A2CCEA1F.d.1C2D280CAFA20DF2A684CF845B1276C0.e.4413","ELEMENT":"f.0249E4A44EBABCBAAE68CC26A2CCEA1F.d.1C2D280CAFA20DF2A684CF845B1276C0.e.4413"}]}
COMMAND: DELETE /session/50742fcb74db713b844d2305025c75d6/window - {}
RESULT: {}
COMMAND: POST /session/50742fcb74db713b844d2305025c75d6/window - {"handle":"0249E4A44EBABCBAAE68CC26A2CCEA1F"}
RESULT: {"handle":"0249E4A44EBABCBAAE68CC26A2CCEA1F"}
COMMAND: GET /session/50742fcb74db713b844d2305025c75d6/url - {}
COMMAND: POST /session/50742fcb74db713b844d2305025c75d6/element - {"using":"xpath","value":"//span[contains(@id ,\"application-addressmanagement-display-component---detailAdm--addressDetailDetailsName1\")][contains(text(), \"WebdriverYardq775w\")]"}
RESULT: {}
COMMAND: GET /session/50742fcb74db713b844d2305025c75d6/screenshot - {}
RESULT: {"using":"xpath","value":"//span[contains(@id ,\"application-addressmanagement-display-component---detailAdm--addressDetailDetailsName1\")][contains(text(), \"WebdriverYardq775w\")]"}
COMMAND: POST /session/50742fcb74db713b844d2305025c75d6/element - {"using":"xpath","value":"//span[contains(@id ,\"application-addressmanagement-display-component---detailAdm--addressDetailDetailsName1\")][contains(text(), \"WebdriverYardq775w\")]"}
RESULT: {}
RESULT: {"using":"xpath","value":"//span[contains(@id ,\"application-addressmanagement-display-component---detailAdm--addressDetailDetailsName1\")][contains(text(), \"WebdriverYardq775w\")]"}
COMMAND: POST /session/50742fcb74db713b844d2305025c75d6/element - {"using":"xpath","value":"//span[contains(@id ,\"application-addressmanagement-display-component---detailAdm--addressDetailDetailsName1\")][contains(text(), \"WebdriverYardq775w\")]"}
RESULT: {"using":"xpath","value":"//span[contains(@id ,\"application-addressmanagement-display-component---detailAdm--addressDetailDetailsName1\")][contains(text(), \"WebdriverYardq775w\")]"}
COMMAND: POST /session/50742fcb74db713b844d2305025c75d6/element - {"using":"xpath","value":"//span[contains(@id ,\"application-addressmanagement-display-component---detailAdm--addressDetailDetailsName1\")][contains(text(), \"WebdriverYardq775w\")]"}
RESULT: {"using":"xpath","value":"//span[contains(@id ,\"application-addressmanagement-display-component---detailAdm--addressDetailDetailsName1\")][contains(text(), \"WebdriverYardq775w\")]"}
COMMAND: POST /session/50742fcb74db713b844d2305025c75d6/element - {"using":"xpath","value":"//span[contains(@id ,\"application-addressmanagement-display-component---detailAdm--addressDetailDetailsName1\")][contains(text(), \"WebdriverYardq775w\")]"}
RESULT: {"using":"xpath","value":"//span[contains(@id ,\"application-addressmanagement-display-component---detailAdm--addressDetailDetailsName1\")][contains(text(), \"WebdriverYardq775w\")]"}
COMMAND: POST /session/50742fcb74db713b844d2305025c75d6/element - {"using":"xpath","value":"//span[contains(@id ,\"application-addressmanagement-display-component---detailAdm--addressDetailDetailsName1\")][contains(text(), \"WebdriverYardq775w\")]"}
RESULT: {"using":"xpath","value":"//span[contains(@id ,\"application-addressmanagement-display-component---detailAdm--addressDetailDetailsName1\")][contains(text(), \"WebdriverYardq775w\")]"}
COMMAND: POST /session/50742fcb74db713b844d2305025c75d6/element - {"using":"xpath","value":"//span[contains(@id ,\"application-addressmanagement-display-component---detailAdm--addressDetailDetailsName1\")][contains(text(), \"WebdriverYardq775w\")]"}
RESULT: {"using":"xpath","value":"//span[contains(@id ,\"application-addressmanagement-display-component---detailAdm--addressDetailDetailsName1\")][contains(text(), \"WebdriverYardq775w\")]"}
COMMAND: POST /session/50742fcb74db713b844d2305025c75d6/element - {"using":"xpath","value":"//span[contains(@id ,\"application-addressmanagement-display-component---detailAdm--addressDetailDetailsName1\")][contains(text(), \"WebdriverYardq775w\")]"}
RESULT: {"using":"xpath","value":"//span[contains(@id ,\"application-addressmanagement-display-component---detailAdm--addressDetailDetailsName1\")][contains(text(), \"WebdriverYardq775w\")]"}
COMMAND: POST /session/50742fcb74db713b844d2305025c75d6/element - {"using":"xpath","value":"//span[contains(@id ,\"application-addressmanagement-display-component---detailAdm--addressDetailDetailsName1\")][contains(text(), \"WebdriverYardq775w\")]"}
RESULT: {"using":"xpath","value":"//span[contains(@id ,\"application-addressmanagement-display-component---detailAdm--addressDetailDetailsName1\")][contains(text(), \"WebdriverYardq775w\")]"}
COMMAND: POST /session/50742fcb74db713b844d2305025c75d6/element - {"using":"xpath","value":"//span[contains(@id ,\"application-addressmanagement-display-component---detailAdm--addressDetailDetailsName1\")][contains(text(), \"WebdriverYardq775w\")]"}
RESULT: {"using":"xpath","value":"//span[contains(@id ,\"application-addressmanagement-display-component---detailAdm--addressDetailDetailsName1\")][contains(text(), \"WebdriverYardq775w\")]"}
]]></system-out>
    </testcase>
    <testcase classname="chrome.136_0_7103_93.windows.Related_resources_for_groups_US139107" name="Should set one equipment to inactive and verify that it does not show in the releated resources" time="65.142">
      <system-out><![CDATA[
COMMAND: POST /session/50742fcb74db713b844d2305025c75d6/element - {"using":"xpath","value":"//*[contains(@data-kt ,\"openRUIdMenuLink\")]"}
RESULT: {"using":"xpath","value":"//*[contains(@data-kt ,\"openRUIdMenuLink\")]"}
COMMAND: POST /session/50742fcb74db713b844d2305025c75d6/execute/sync - {"script":"<script> [8489 bytes]","args":[{"element-6066-11e4-a52e-4f735466cecf":"f.0249E4A44EBABCBAAE68CC26A2CCEA1F.d.1C2D280CAFA20DF2A684CF845B1276C0.e.4949","ELEMENT":"f.0249E4A44EBABCBAAE68CC26A2CCEA1F.d.1C2D280CAFA20DF2A684CF845B1276C0.e.4949"}]}
RESULT: {"script":"<script> [8489 bytes]","args":[{"element-6066-11e4-a52e-4f735466cecf":"f.0249E4A44EBABCBAAE68CC26A2CCEA1F.d.1C2D280CAFA20DF2A684CF845B1276C0.e.4949","ELEMENT":"f.0249E4A44EBABCBAAE68CC26A2CCEA1F.d.1C2D280CAFA20DF2A684CF845B1276C0.e.4949"}]}
COMMAND: POST /session/50742fcb74db713b844d2305025c75d6/execute/sync - {"script":"<script> [5351 bytes]","args":[{"element-6066-11e4-a52e-4f735466cecf":"f.0249E4A44EBABCBAAE68CC26A2CCEA1F.d.1C2D280CAFA20DF2A684CF845B1276C0.e.4949","ELEMENT":"f.0249E4A44EBABCBAAE68CC26A2CCEA1F.d.1C2D280CAFA20DF2A684CF845B1276C0.e.4949"}]}
COMMAND: GET /session/50742fcb74db713b844d2305025c75d6/screenshot - {}
RESULT: {"script":"<script> [5351 bytes]","args":[{"element-6066-11e4-a52e-4f735466cecf":"f.0249E4A44EBABCBAAE68CC26A2CCEA1F.d.1C2D280CAFA20DF2A684CF845B1276C0.e.4949","ELEMENT":"f.0249E4A44EBABCBAAE68CC26A2CCEA1F.d.1C2D280CAFA20DF2A684CF845B1276C0.e.4949"}]}
COMMAND: POST /session/50742fcb74db713b844d2305025c75d6/element/f.0249E4A44EBABCBAAE68CC26A2CCEA1F.d.1C2D280CAFA20DF2A684CF845B1276C0.e.4949/click - {}
COMMAND: GET /session/50742fcb74db713b844d2305025c75d6/screenshot - {}
COMMAND: POST /session/50742fcb74db713b844d2305025c75d6/element - {"using":"xpath","value":"//span[contains(@id ,\"application-addressmanagement-display-component---detailAdm--addressDetailDetailsName1\")][contains(text(), \"WebdriverYardq775w\")]"}
RESULT: {}
RESULT: {}
COMMAND: GET /session/50742fcb74db713b844d2305025c75d6/screenshot - {}
RESULT: {}
RESULT: {"using":"xpath","value":"//span[contains(@id ,\"application-addressmanagement-display-component---detailAdm--addressDetailDetailsName1\")][contains(text(), \"WebdriverYardq775w\")]"}
RESULT: {}
COMMAND: POST /session/50742fcb74db713b844d2305025c75d6/element - {"using":"xpath","value":"//span[contains(@id ,\"application-addressmanagement-display-component---detailAdm--addressDetailDetailsName1\")][contains(text(), \"WebdriverYardq775w\")]"}
RESULT: {"using":"xpath","value":"//span[contains(@id ,\"application-addressmanagement-display-component---detailAdm--addressDetailDetailsName1\")][contains(text(), \"WebdriverYardq775w\")]"}
COMMAND: POST /session/50742fcb74db713b844d2305025c75d6/element - {"using":"xpath","value":"//span[contains(@id ,\"application-addressmanagement-display-component---detailAdm--addressDetailDetailsName1\")][contains(text(), \"WebdriverYardq775w\")]"}
RESULT: {"using":"xpath","value":"//span[contains(@id ,\"application-addressmanagement-display-component---detailAdm--addressDetailDetailsName1\")][contains(text(), \"WebdriverYardq775w\")]"}
COMMAND: POST /session/50742fcb74db713b844d2305025c75d6/element - {"using":"xpath","value":"//span[contains(@id ,\"application-addressmanagement-display-component---detailAdm--addressDetailDetailsName1\")][contains(text(), \"WebdriverYardq775w\")]"}
COMMAND: POST /session/50742fcb74db713b844d2305025c75d6/element - {"using":"xpath","value":"//*[contains(@data-kt ,\"ContextMenuId2Link\")][contains(text(), \"RU Overview\")]"}
RESULT: {"using":"xpath","value":"//span[contains(@id ,\"application-addressmanagement-display-component---detailAdm--addressDetailDetailsName1\")][contains(text(), \"WebdriverYardq775w\")]"}
RESULT: {"using":"xpath","value":"//*[contains(@data-kt ,\"ContextMenuId2Link\")][contains(text(), \"RU Overview\")]"}
COMMAND: POST /session/50742fcb74db713b844d2305025c75d6/execute/sync - {"script":"<script> [8489 bytes]","args":[{"element-6066-11e4-a52e-4f735466cecf":"f.0249E4A44EBABCBAAE68CC26A2CCEA1F.d.1C2D280CAFA20DF2A684CF845B1276C0.e.4951","ELEMENT":"f.0249E4A44EBABCBAAE68CC26A2CCEA1F.d.1C2D280CAFA20DF2A684CF845B1276C0.e.4951"}]}
COMMAND: POST /session/50742fcb74db713b844d2305025c75d6/element/f.0249E4A44EBABCBAAE68CC26A2CCEA1F.d.1C2D280CAFA20DF2A684CF845B1276C0.e.4951/click - {}
RESULT: {"script":"<script> [8489 bytes]","args":[{"element-6066-11e4-a52e-4f735466cecf":"f.0249E4A44EBABCBAAE68CC26A2CCEA1F.d.1C2D280CAFA20DF2A684CF845B1276C0.e.4951","ELEMENT":"f.0249E4A44EBABCBAAE68CC26A2CCEA1F.d.1C2D280CAFA20DF2A684CF845B1276C0.e.4951"}]}
COMMAND: GET /session/50742fcb74db713b844d2305025c75d6/screenshot - {}
RESULT: {}
COMMAND: GET /session/50742fcb74db713b844d2305025c75d6/screenshot - {}
COMMAND: POST /session/50742fcb74db713b844d2305025c75d6/element - {"using":"xpath","value":"//span[contains(@id ,\"application-addressmanagement-display-component---detailAdm--addressDetailDetailsName1\")][contains(text(), \"WebdriverYardq775w\")]"}
RESULT: {}
RESULT: {}
RESULT: {"using":"xpath","value":"//span[contains(@id ,\"application-addressmanagement-display-component---detailAdm--addressDetailDetailsName1\")][contains(text(), \"WebdriverYardq775w\")]"}
COMMAND: POST /session/50742fcb74db713b844d2305025c75d6/element - {"using":"xpath","value":"//span[contains(@id ,\"application-addressmanagement-display-component---detailAdm--addressDetailDetailsName1\")][contains(text(), \"WebdriverYardq775w\")]"}
RESULT: {"using":"xpath","value":"//span[contains(@id ,\"application-addressmanagement-display-component---detailAdm--addressDetailDetailsName1\")][contains(text(), \"WebdriverYardq775w\")]"}
COMMAND: POST /session/50742fcb74db713b844d2305025c75d6/element - {"using":"xpath","value":"//span[contains(@id ,\"application-addressmanagement-display-component---detailAdm--addressDetailDetailsName1\")][contains(text(), \"WebdriverYardq775w\")]"}
RESULT: {"using":"xpath","value":"//span[contains(@id ,\"application-addressmanagement-display-component---detailAdm--addressDetailDetailsName1\")][contains(text(), \"WebdriverYardq775w\")]"}
COMMAND: POST /session/50742fcb74db713b844d2305025c75d6/element - {"using":"xpath","value":"//span[contains(@id ,\"application-addressmanagement-display-component---detailAdm--addressDetailDetailsName1\")][contains(text(), \"WebdriverYardq775w\")]"}
RESULT: {"using":"xpath","value":"//span[contains(@id ,\"application-addressmanagement-display-component---detailAdm--addressDetailDetailsName1\")][contains(text(), \"WebdriverYardq775w\")]"}
COMMAND: POST /session/50742fcb74db713b844d2305025c75d6/element - {"using":"xpath","value":"//span[contains(@id ,\"application-addressmanagement-display-component---detailAdm--addressDetailDetailsName1\")][contains(text(), \"WebdriverYardq775w\")]"}
RESULT: {"using":"xpath","value":"//span[contains(@id ,\"application-addressmanagement-display-component---detailAdm--addressDetailDetailsName1\")][contains(text(), \"WebdriverYardq775w\")]"}
COMMAND: POST /session/50742fcb74db713b844d2305025c75d6/element - {"using":"xpath","value":"//span[contains(@id ,\"application-addressmanagement-display-component---detailAdm--addressDetailDetailsName1\")][contains(text(), \"WebdriverYardq775w\")]"}
RESULT: {"using":"xpath","value":"//span[contains(@id ,\"application-addressmanagement-display-component---detailAdm--addressDetailDetailsName1\")][contains(text(), \"WebdriverYardq775w\")]"}
COMMAND: POST /session/50742fcb74db713b844d2305025c75d6/element - {"using":"xpath","value":"//span[contains(@id ,\"application-addressmanagement-display-component---detailAdm--addressDetailDetailsName1\")][contains(text(), \"WebdriverYardq775w\")]"}
RESULT: {"using":"xpath","value":"//span[contains(@id ,\"application-addressmanagement-display-component---detailAdm--addressDetailDetailsName1\")][contains(text(), \"WebdriverYardq775w\")]"}
COMMAND: POST /session/50742fcb74db713b844d2305025c75d6/element - {"using":"xpath","value":"//span[contains(@id ,\"application-addressmanagement-display-component---detailAdm--addressDetailDetailsName1\")][contains(text(), \"WebdriverYardq775w\")]"}
RESULT: {"using":"xpath","value":"//span[contains(@id ,\"application-addressmanagement-display-component---detailAdm--addressDetailDetailsName1\")][contains(text(), \"WebdriverYardq775w\")]"}
COMMAND: POST /session/50742fcb74db713b844d2305025c75d6/element - {"using":"xpath","value":"//span[contains(@id ,\"application-addressmanagement-display-component---detailAdm--addressDetailDetailsName1\")][contains(text(), \"WebdriverYardq775w\")]"}
RESULT: {"using":"xpath","value":"//span[contains(@id ,\"application-addressmanagement-display-component---detailAdm--addressDetailDetailsName1\")][contains(text(), \"WebdriverYardq775w\")]"}
COMMAND: POST /session/50742fcb74db713b844d2305025c75d6/element - {"using":"xpath","value":"//span[contains(@id ,\"application-addressmanagement-display-component---detailAdm--addressDetailDetailsName1\")][contains(text(), \"WebdriverYardq775w\")]"}
RESULT: {"using":"xpath","value":"//span[contains(@id ,\"application-addressmanagement-display-component---detailAdm--addressDetailDetailsName1\")][contains(text(), \"WebdriverYardq775w\")]"}
COMMAND: POST /session/50742fcb74db713b844d2305025c75d6/element - {"using":"xpath","value":"//span[contains(@id ,\"application-addressmanagement-display-component---detailAdm--addressDetailDetailsName1\")][contains(text(), \"WebdriverYardq775w\")]"}
RESULT: {"using":"xpath","value":"//span[contains(@id ,\"application-addressmanagement-display-component---detailAdm--addressDetailDetailsName1\")][contains(text(), \"WebdriverYardq775w\")]"}
COMMAND: POST /session/50742fcb74db713b844d2305025c75d6/element - {"using":"xpath","value":"//span[contains(@id ,\"application-addressmanagement-display-component---detailAdm--addressDetailDetailsName1\")][contains(text(), \"WebdriverYardq775w\")]"}
RESULT: {"using":"xpath","value":"//span[contains(@id ,\"application-addressmanagement-display-component---detailAdm--addressDetailDetailsName1\")][contains(text(), \"WebdriverYardq775w\")]"}
COMMAND: POST /session/50742fcb74db713b844d2305025c75d6/element - {"using":"xpath","value":"//span[contains(@id ,\"actionsToolbar-overflowButton-img\")]"}
RESULT: {"using":"xpath","value":"//span[contains(@id ,\"actionsToolbar-overflowButton-img\")]"}
COMMAND: POST /session/50742fcb74db713b844d2305025c75d6/execute/sync - {"script":"<script> [8489 bytes]","args":[{"element-6066-11e4-a52e-4f735466cecf":"f.0249E4A44EBABCBAAE68CC26A2CCEA1F.d.1C2D280CAFA20DF2A684CF845B1276C0.e.5396","ELEMENT":"f.0249E4A44EBABCBAAE68CC26A2CCEA1F.d.1C2D280CAFA20DF2A684CF845B1276C0.e.5396"}]}
RESULT: {"script":"<script> [8489 bytes]","args":[{"element-6066-11e4-a52e-4f735466cecf":"f.0249E4A44EBABCBAAE68CC26A2CCEA1F.d.1C2D280CAFA20DF2A684CF845B1276C0.e.5396","ELEMENT":"f.0249E4A44EBABCBAAE68CC26A2CCEA1F.d.1C2D280CAFA20DF2A684CF845B1276C0.e.5396"}]}
COMMAND: POST /session/50742fcb74db713b844d2305025c75d6/execute/sync - {"script":"<script> [5351 bytes]","args":[{"element-6066-11e4-a52e-4f735466cecf":"f.0249E4A44EBABCBAAE68CC26A2CCEA1F.d.1C2D280CAFA20DF2A684CF845B1276C0.e.5396","ELEMENT":"f.0249E4A44EBABCBAAE68CC26A2CCEA1F.d.1C2D280CAFA20DF2A684CF845B1276C0.e.5396"}]}
COMMAND: GET /session/50742fcb74db713b844d2305025c75d6/screenshot - {}
RESULT: {"script":"<script> [5351 bytes]","args":[{"element-6066-11e4-a52e-4f735466cecf":"f.0249E4A44EBABCBAAE68CC26A2CCEA1F.d.1C2D280CAFA20DF2A684CF845B1276C0.e.5396","ELEMENT":"f.0249E4A44EBABCBAAE68CC26A2CCEA1F.d.1C2D280CAFA20DF2A684CF845B1276C0.e.5396"}]}
COMMAND: POST /session/50742fcb74db713b844d2305025c75d6/element/f.0249E4A44EBABCBAAE68CC26A2CCEA1F.d.1C2D280CAFA20DF2A684CF845B1276C0.e.5396/click - {}
COMMAND: GET /session/50742fcb74db713b844d2305025c75d6/screenshot - {}
COMMAND: POST /session/50742fcb74db713b844d2305025c75d6/element - {"using":"xpath","value":"//span[contains(@id ,\"application-addressmanagement-display-component---detailAdm--addressDetailDetailsName1\")][contains(text(), \"WebdriverYardq775w\")]"}
RESULT: {}
RESULT: {}
COMMAND: GET /session/50742fcb74db713b844d2305025c75d6/screenshot - {}
RESULT: {}
RESULT: {"using":"xpath","value":"//span[contains(@id ,\"application-addressmanagement-display-component---detailAdm--addressDetailDetailsName1\")][contains(text(), \"WebdriverYardq775w\")]"}
RESULT: {}
COMMAND: POST /session/50742fcb74db713b844d2305025c75d6/element - {"using":"xpath","value":"//span[contains(@id ,\"application-addressmanagement-display-component---detailAdm--addressDetailDetailsName1\")][contains(text(), \"WebdriverYardq775w\")]"}
RESULT: {"using":"xpath","value":"//span[contains(@id ,\"application-addressmanagement-display-component---detailAdm--addressDetailDetailsName1\")][contains(text(), \"WebdriverYardq775w\")]"}
COMMAND: POST /session/50742fcb74db713b844d2305025c75d6/element - {"using":"xpath","value":"//span[contains(@id ,\"application-addressmanagement-display-component---detailAdm--addressDetailDetailsName1\")][contains(text(), \"WebdriverYardq775w\")]"}
RESULT: {"using":"xpath","value":"//span[contains(@id ,\"application-addressmanagement-display-component---detailAdm--addressDetailDetailsName1\")][contains(text(), \"WebdriverYardq775w\")]"}
COMMAND: POST /session/50742fcb74db713b844d2305025c75d6/element - {"using":"xpath","value":"//span[contains(@id ,\"application-addressmanagement-display-component---detailAdm--addressDetailDetailsName1\")][contains(text(), \"WebdriverYardq775w\")]"}
RESULT: {"using":"xpath","value":"//span[contains(@id ,\"application-addressmanagement-display-component---detailAdm--addressDetailDetailsName1\")][contains(text(), \"WebdriverYardq775w\")]"}
COMMAND: POST /session/50742fcb74db713b844d2305025c75d6/element - {"using":"xpath","value":"(//bdi[contains(text(), \"Deactivate\")])[1]"}
RESULT: {"using":"xpath","value":"(//bdi[contains(text(), \"Deactivate\")])[1]"}
COMMAND: POST /session/50742fcb74db713b844d2305025c75d6/element/f.0249E4A44EBABCBAAE68CC26A2CCEA1F.d.1C2D280CAFA20DF2A684CF845B1276C0.e.5399/click - {}
RESULT: {}
COMMAND: GET /session/50742fcb74db713b844d2305025c75d6/screenshot - {}
COMMAND: POST /session/50742fcb74db713b844d2305025c75d6/element - {"using":"xpath","value":"//span[contains(@id ,\"application-addressmanagement-display-component---detailAdm--addressDetailDetailsName1\")][contains(text(), \"WebdriverYardq775w\")]"}
RESULT: {}
RESULT: {"using":"xpath","value":"//span[contains(@id ,\"application-addressmanagement-display-component---detailAdm--addressDetailDetailsName1\")][contains(text(), \"WebdriverYardq775w\")]"}
COMMAND: POST /session/50742fcb74db713b844d2305025c75d6/element - {"using":"xpath","value":"//span[contains(@id ,\"application-addressmanagement-display-component---detailAdm--addressDetailDetailsName1\")][contains(text(), \"WebdriverYardq775w\")]"}
RESULT: {"using":"xpath","value":"//span[contains(@id ,\"application-addressmanagement-display-component---detailAdm--addressDetailDetailsName1\")][contains(text(), \"WebdriverYardq775w\")]"}
COMMAND: POST /session/50742fcb74db713b844d2305025c75d6/element - {"using":"xpath","value":"//span[contains(@id ,\"application-addressmanagement-display-component---detailAdm--addressDetailDetailsName1\")][contains(text(), \"WebdriverYardq775w\")]"}
RESULT: {"using":"xpath","value":"//span[contains(@id ,\"application-addressmanagement-display-component---detailAdm--addressDetailDetailsName1\")][contains(text(), \"WebdriverYardq775w\")]"}
COMMAND: POST /session/50742fcb74db713b844d2305025c75d6/element - {"using":"xpath","value":"//span[contains(@id ,\"application-addressmanagement-display-component---detailAdm--addressDetailDetailsName1\")][contains(text(), \"WebdriverYardq775w\")]"}
COMMAND: POST /session/50742fcb74db713b844d2305025c75d6/element - {"using":"xpath","value":"(//bdi[contains(text(), \"OK\")])[1]"}
RESULT: {"using":"xpath","value":"//span[contains(@id ,\"application-addressmanagement-display-component---detailAdm--addressDetailDetailsName1\")][contains(text(), \"WebdriverYardq775w\")]"}
RESULT: {"using":"xpath","value":"(//bdi[contains(text(), \"OK\")])[1]"}
COMMAND: POST /session/50742fcb74db713b844d2305025c75d6/element/f.0249E4A44EBABCBAAE68CC26A2CCEA1F.d.1C2D280CAFA20DF2A684CF845B1276C0.e.5402/click - {}
RESULT: {}
COMMAND: GET /session/50742fcb74db713b844d2305025c75d6/screenshot - {}
COMMAND: POST /session/50742fcb74db713b844d2305025c75d6/element - {"using":"xpath","value":"//span[contains(@id ,\"application-addressmanagement-display-component---detailAdm--addressDetailDetailsName1\")][contains(text(), \"WebdriverYardq775w\")]"}
RESULT: {}
RESULT: {"using":"xpath","value":"//span[contains(@id ,\"application-addressmanagement-display-component---detailAdm--addressDetailDetailsName1\")][contains(text(), \"WebdriverYardq775w\")]"}
COMMAND: POST /session/50742fcb74db713b844d2305025c75d6/element - {"using":"xpath","value":"//span[contains(@id ,\"application-addressmanagement-display-component---detailAdm--addressDetailDetailsName1\")][contains(text(), \"WebdriverYardq775w\")]"}
RESULT: {"using":"xpath","value":"//span[contains(@id ,\"application-addressmanagement-display-component---detailAdm--addressDetailDetailsName1\")][contains(text(), \"WebdriverYardq775w\")]"}
COMMAND: POST /session/50742fcb74db713b844d2305025c75d6/element - {"using":"xpath","value":"//span[contains(@id ,\"application-addressmanagement-display-component---detailAdm--addressDetailDetailsName1\")][contains(text(), \"WebdriverYardq775w\")]"}
RESULT: {"using":"xpath","value":"//span[contains(@id ,\"application-addressmanagement-display-component---detailAdm--addressDetailDetailsName1\")][contains(text(), \"WebdriverYardq775w\")]"}
COMMAND: POST /session/50742fcb74db713b844d2305025c75d6/element - {"using":"xpath","value":"//span[contains(@id ,\"application-addressmanagement-display-component---detailAdm--addressDetailDetailsName1\")][contains(text(), \"WebdriverYardq775w\")]"}
COMMAND: POST /session/50742fcb74db713b844d2305025c75d6/element - {"using":"xpath","value":"//input[contains(@id ,\"application-manageresources-display-component---masterRU--smartFilterBar-btnBasicSearch-I\")]"}
RESULT: {"using":"xpath","value":"//span[contains(@id ,\"application-addressmanagement-display-component---detailAdm--addressDetailDetailsName1\")][contains(text(), \"WebdriverYardq775w\")]"}
RESULT: {"using":"xpath","value":"//input[contains(@id ,\"application-manageresources-display-component---masterRU--smartFilterBar-btnBasicSearch-I\")]"}
COMMAND: POST /session/50742fcb74db713b844d2305025c75d6/element/f.0249E4A44EBABCBAAE68CC26A2CCEA1F.d.1C2D280CAFA20DF2A684CF845B1276C0.e.4962/value - {"text":"WdIORUGroupq4i0j"}
RESULT: {"text":"WdIORUGroupq4i0j"}
COMMAND: GET /session/50742fcb74db713b844d2305025c75d6/screenshot - {}
COMMAND: POST /session/50742fcb74db713b844d2305025c75d6/element - {"using":"xpath","value":"//span[contains(@id ,\"application-addressmanagement-display-component---detailAdm--addressDetailDetailsName1\")][contains(text(), \"WebdriverYardq775w\")]"}
RESULT: {}
RESULT: {"using":"xpath","value":"//span[contains(@id ,\"application-addressmanagement-display-component---detailAdm--addressDetailDetailsName1\")][contains(text(), \"WebdriverYardq775w\")]"}
COMMAND: POST /session/50742fcb74db713b844d2305025c75d6/element - {"using":"xpath","value":"//span[contains(@id ,\"application-addressmanagement-display-component---detailAdm--addressDetailDetailsName1\")][contains(text(), \"WebdriverYardq775w\")]"}
RESULT: {"using":"xpath","value":"//span[contains(@id ,\"application-addressmanagement-display-component---detailAdm--addressDetailDetailsName1\")][contains(text(), \"WebdriverYardq775w\")]"}
COMMAND: POST /session/50742fcb74db713b844d2305025c75d6/element - {"using":"xpath","value":"//span[contains(@id ,\"application-addressmanagement-display-component---detailAdm--addressDetailDetailsName1\")][contains(text(), \"WebdriverYardq775w\")]"}
RESULT: {"using":"xpath","value":"//span[contains(@id ,\"application-addressmanagement-display-component---detailAdm--addressDetailDetailsName1\")][contains(text(), \"WebdriverYardq775w\")]"}
COMMAND: POST /session/50742fcb74db713b844d2305025c75d6/element - {"using":"xpath","value":"//span[contains(@id ,\"application-addressmanagement-display-component---detailAdm--addressDetailDetailsName1\")][contains(text(), \"WebdriverYardq775w\")]"}
COMMAND: POST /session/50742fcb74db713b844d2305025c75d6/actions - {"actions":[{"id":"action13","type":"key","parameters":{},"actions":[{"type":"keyDown","value":""},{"type":"pause","duration":10},{"type":"keyUp","value":""}]}]}
RESULT: {"using":"xpath","value":"//span[contains(@id ,\"application-addressmanagement-display-component---detailAdm--addressDetailDetailsName1\")][contains(text(), \"WebdriverYardq775w\")]"}
RESULT: {"actions":[{"id":"action13","type":"key","parameters":{},"actions":[{"type":"keyDown","value":""},{"type":"pause","duration":10},{"type":"keyUp","value":""}]}]}
COMMAND: GET /session/50742fcb74db713b844d2305025c75d6/screenshot - {}
RESULT: {}
COMMAND: POST /session/50742fcb74db713b844d2305025c75d6/element - {"using":"xpath","value":"//span[contains(@id ,\"application-addressmanagement-display-component---detailAdm--addressDetailDetailsName1\")][contains(text(), \"WebdriverYardq775w\")]"}
RESULT: {"using":"xpath","value":"//span[contains(@id ,\"application-addressmanagement-display-component---detailAdm--addressDetailDetailsName1\")][contains(text(), \"WebdriverYardq775w\")]"}
COMMAND: POST /session/50742fcb74db713b844d2305025c75d6/element - {"using":"xpath","value":"//span[contains(@id ,\"application-addressmanagement-display-component---detailAdm--addressDetailDetailsName1\")][contains(text(), \"WebdriverYardq775w\")]"}
RESULT: {"using":"xpath","value":"//span[contains(@id ,\"application-addressmanagement-display-component---detailAdm--addressDetailDetailsName1\")][contains(text(), \"WebdriverYardq775w\")]"}
COMMAND: POST /session/50742fcb74db713b844d2305025c75d6/element - {"using":"xpath","value":"//span[contains(@id ,\"application-addressmanagement-display-component---detailAdm--addressDetailDetailsName1\")][contains(text(), \"WebdriverYardq775w\")]"}
RESULT: {"using":"xpath","value":"//span[contains(@id ,\"application-addressmanagement-display-component---detailAdm--addressDetailDetailsName1\")][contains(text(), \"WebdriverYardq775w\")]"}
COMMAND: POST /session/50742fcb74db713b844d2305025c75d6/element - {"using":"xpath","value":"//span[contains(@id ,\"application-addressmanagement-display-component---detailAdm--addressDetailDetailsName1\")][contains(text(), \"WebdriverYardq775w\")]"}
RESULT: {"using":"xpath","value":"//span[contains(@id ,\"application-addressmanagement-display-component---detailAdm--addressDetailDetailsName1\")][contains(text(), \"WebdriverYardq775w\")]"}
COMMAND: POST /session/50742fcb74db713b844d2305025c75d6/element - {"using":"xpath","value":"//span[contains(@id ,\"application-addressmanagement-display-component---detailAdm--addressDetailDetailsName1\")][contains(text(), \"WebdriverYardq775w\")]"}
RESULT: {"using":"xpath","value":"//span[contains(@id ,\"application-addressmanagement-display-component---detailAdm--addressDetailDetailsName1\")][contains(text(), \"WebdriverYardq775w\")]"}
COMMAND: POST /session/50742fcb74db713b844d2305025c75d6/element - {"using":"xpath","value":"//span[contains(@id ,\"application-addressmanagement-display-component---detailAdm--addressDetailDetailsName1\")][contains(text(), \"WebdriverYardq775w\")]"}
RESULT: {"using":"xpath","value":"//span[contains(@id ,\"application-addressmanagement-display-component---detailAdm--addressDetailDetailsName1\")][contains(text(), \"WebdriverYardq775w\")]"}
COMMAND: POST /session/50742fcb74db713b844d2305025c75d6/element - {"using":"xpath","value":"//span[contains(text(), \"WdIORUGroupq4i0j\")][contains(@class ,\"sapMText sapUiSelectable sapMTextBreakWord sapMTextMaxWidth\")]"}
RESULT: {"using":"xpath","value":"//span[contains(text(), \"WdIORUGroupq4i0j\")][contains(@class ,\"sapMText sapUiSelectable sapMTextBreakWord sapMTextMaxWidth\")]"}
COMMAND: POST /session/50742fcb74db713b844d2305025c75d6/element/f.0249E4A44EBABCBAAE68CC26A2CCEA1F.d.1C2D280CAFA20DF2A684CF845B1276C0.e.5520/click - {}
RESULT: {}
COMMAND: GET /session/50742fcb74db713b844d2305025c75d6/screenshot - {}
RESULT: {}
COMMAND: POST /session/50742fcb74db713b844d2305025c75d6/element - {"using":"xpath","value":"//bdi[contains(@id ,\"application-manageresources-display-component---detailRU--openRelatedRus-BDI-content\")]"}
RESULT: {"using":"xpath","value":"//bdi[contains(@id ,\"application-manageresources-display-component---detailRU--openRelatedRus-BDI-content\")]"}
COMMAND: POST /session/50742fcb74db713b844d2305025c75d6/execute/sync - {"script":"<script> [8489 bytes]","args":[{"element-6066-11e4-a52e-4f735466cecf":"f.0249E4A44EBABCBAAE68CC26A2CCEA1F.d.1C2D280CAFA20DF2A684CF845B1276C0.e.5639","ELEMENT":"f.0249E4A44EBABCBAAE68CC26A2CCEA1F.d.1C2D280CAFA20DF2A684CF845B1276C0.e.5639"}]}
RESULT: {"script":"<script> [8489 bytes]","args":[{"element-6066-11e4-a52e-4f735466cecf":"f.0249E4A44EBABCBAAE68CC26A2CCEA1F.d.1C2D280CAFA20DF2A684CF845B1276C0.e.5639","ELEMENT":"f.0249E4A44EBABCBAAE68CC26A2CCEA1F.d.1C2D280CAFA20DF2A684CF845B1276C0.e.5639"}]}
COMMAND: POST /session/50742fcb74db713b844d2305025c75d6/execute/sync - {"script":"<script> [5351 bytes]","args":[{"element-6066-11e4-a52e-4f735466cecf":"f.0249E4A44EBABCBAAE68CC26A2CCEA1F.d.1C2D280CAFA20DF2A684CF845B1276C0.e.5639","ELEMENT":"f.0249E4A44EBABCBAAE68CC26A2CCEA1F.d.1C2D280CAFA20DF2A684CF845B1276C0.e.5639"}]}
COMMAND: GET /session/50742fcb74db713b844d2305025c75d6/screenshot - {}
RESULT: {"script":"<script> [5351 bytes]","args":[{"element-6066-11e4-a52e-4f735466cecf":"f.0249E4A44EBABCBAAE68CC26A2CCEA1F.d.1C2D280CAFA20DF2A684CF845B1276C0.e.5639","ELEMENT":"f.0249E4A44EBABCBAAE68CC26A2CCEA1F.d.1C2D280CAFA20DF2A684CF845B1276C0.e.5639"}]}
COMMAND: POST /session/50742fcb74db713b844d2305025c75d6/element/f.0249E4A44EBABCBAAE68CC26A2CCEA1F.d.1C2D280CAFA20DF2A684CF845B1276C0.e.5639/click - {}
COMMAND: GET /session/50742fcb74db713b844d2305025c75d6/screenshot - {}
RESULT: {}
RESULT: {}
COMMAND: GET /session/50742fcb74db713b844d2305025c75d6/screenshot - {}
RESULT: {}
RESULT: {}
RESULT: undefined
COMMAND: POST /session/50742fcb74db713b844d2305025c75d6/execute/async - {"script":"<script> [6424 bytes]","args":[{"element-6066-11e4-a52e-4f735466cecf":"f.0249E4A44EBABCBAAE68CC26A2CCEA1F.d.1C2D280CAFA20DF2A684CF845B1276C0.e.2772"},"getText",[]]}
COMMAND: POST /session/50742fcb74db713b844d2305025c75d6/execute/async - {"script":"<script> [1562 bytes]","args":[{"selector":{"id":"RelatedRUsFragmentID--smartTableRUs-header","searchOpenDialogs":true},"wdio_ui5_key":"RelatedRUsFragmentIDsmartTableRUs-header"}]}
RESULT: {"script":"<script> [1562 bytes]","args":[{"selector":{"id":"RelatedRUsFragmentID--smartTableRUs-header","searchOpenDialogs":true},"wdio_ui5_key":"RelatedRUsFragmentIDsmartTableRUs-header"}]}
COMMAND: POST /session/50742fcb74db713b844d2305025c75d6/execute/async - {"script":"<script> [6424 bytes]","args":[{"element-6066-11e4-a52e-4f735466cecf":"f.0249E4A44EBABCBAAE68CC26A2CCEA1F.d.1C2D280CAFA20DF2A684CF845B1276C0.e.5645"},"getText",[]]}
RESULT: {"script":"<script> [6424 bytes]","args":[{"element-6066-11e4-a52e-4f735466cecf":"f.0249E4A44EBABCBAAE68CC26A2CCEA1F.d.1C2D280CAFA20DF2A684CF845B1276C0.e.5645"},"getText",[]]}
COMMAND: POST /session/50742fcb74db713b844d2305025c75d6/element - {"using":"xpath","value":"//span[contains(text(), \"WdIORUEquip1bxgmm\")]"}
RESULT: {"using":"xpath","value":"//span[contains(text(), \"WdIORUEquip1bxgmm\")]"}
COMMAND: POST /session/50742fcb74db713b844d2305025c75d6/element - {"using":"xpath","value":"//span[contains(text(), \"WdIORUEquip1bxgmm\")]"}
RESULT: {"using":"xpath","value":"//span[contains(text(), \"WdIORUEquip1bxgmm\")]"}
COMMAND: DELETE /session/50742fcb74db713b844d2305025c75d6 - {}
RESULT: {}
]]></system-out>
    </testcase>
  </testsuite>
</testsuites>