<?xml version="1.0" encoding="UTF-8"?>
<testsuites tests="9" failures="0" errors="0" skipped="0">
  <testsuite timestamp="2025-05-21T15:49:35" time="119.749" tests="1" failures="0" errors="0" skipped="0">
    <properties>
      <property name="specId" value="0"/>
      <property name="suiteName" value="Create a new catalogs section"/>
      <property name="capabilities" value="chrome.136_0_7103_93.windows"/>
      <property name="file" value="file:///D:/a/1/s/test/specs/R2C/create-new-webshop-catalog-section.spec.js"/>
    </properties>
    <testcase classname="chrome.136_0_7103_93.windows.Create_a_new_catalogs_section" name="Should navigate to manage catalogs and add a new section on webshop catalog" time="91.721">
      <system-out><![CDATA[
COMMAND: POST /session/45c59d76302b4601ce326d500c91de8f/execute/async - {"script":"<script> [1562 bytes]","args":[{"selector":{"controlType":"sap.m.GenericTile","properties":{"header":"Manage Catalogs"}},"wdio_ui5_key":"sapm.GenericTile{\"header\":\"Manage Catalogs\"}"}]}
RESULT: {"script":"<script> [1562 bytes]","args":[{"selector":{"controlType":"sap.m.GenericTile","properties":{"header":"Manage Catalogs"}},"wdio_ui5_key":"sapm.GenericTile{\"header\":\"Manage Catalogs\"}"}]}
RESULT: undefined
COMMAND: POST /session/45c59d76302b4601ce326d500c91de8f/element - {"using":"xpath","value":"//*[@id=\"__tile37\"]"}
RESULT: {"using":"xpath","value":"//*[@id=\"__tile37\"]"}
COMMAND: POST /session/45c59d76302b4601ce326d500c91de8f/element/f.A88CFED3FC703E186E048BAD8979E17B.d.8EC74D987BE5500A8D0F0DE2D76746DD.e.119/click - {}
RESULT: {}
COMMAND: GET /session/45c59d76302b4601ce326d500c91de8f/screenshot - {}
RESULT: {}
COMMAND: POST /session/45c59d76302b4601ce326d500c91de8f/elements - {"using":"xpath","value":"//span[text()='Error']"}
RESULT: {"using":"xpath","value":"//span[text()='Error']"}
COMMAND: POST /session/45c59d76302b4601ce326d500c91de8f/execute/async - {"script":"<script> [1562 bytes]","args":[{"selector":{"controlType":"sap.m.Text","viewName":"etm.portal.ui.managecatalogs.view.MasterCatalogs","viewId":"application-managecatalogs-display-component---masterCatalogs","bindingPath":{"path":"/Catalogs('0D7502D073D53A0F1700BE067B89AFF9')","propertyPath":"DESCRIPTION","modelName":"catalogModel"}},"wdio_ui5_key":"etmportal.ui.managecatalogs.view.MasterCatalogssap.m.Text{\"path\":\"/Catalogs('0D7502D073D53A0F1700BE067B89AFF9')\",\"propertyPath\":\"DESCRIPTION\",\"modelName\":\"catalogModel\"}"}]}
RESULT: {"script":"<script> [1562 bytes]","args":[{"selector":{"controlType":"sap.m.Text","viewName":"etm.portal.ui.managecatalogs.view.MasterCatalogs","viewId":"application-managecatalogs-display-component---masterCatalogs","bindingPath":{"path":"/Catalogs('0D7502D073D53A0F1700BE067B89AFF9')","propertyPath":"DESCRIPTION","modelName":"catalogModel"}},"wdio_ui5_key":"etmportal.ui.managecatalogs.view.MasterCatalogssap.m.Text{\"path\":\"/Catalogs('0D7502D073D53A0F1700BE067B89AFF9')\",\"propertyPath\":\"DESCRIPTION\",\"modelName\":\"catalogModel\"}"}]}
RESULT: undefined
COMMAND: POST /session/45c59d76302b4601ce326d500c91de8f/element - {"using":"xpath","value":"//*[@id=\"__text39-application-managecatalogs-display-component---masterCatalogs--CatalogsTable-11\"]"}
RESULT: {"using":"xpath","value":"//*[@id=\"__text39-application-managecatalogs-display-component---masterCatalogs--CatalogsTable-11\"]"}
COMMAND: POST /session/45c59d76302b4601ce326d500c91de8f/element/f.A88CFED3FC703E186E048BAD8979E17B.d.8EC74D987BE5500A8D0F0DE2D76746DD.e.148/click - {}
RESULT: {}
COMMAND: POST /session/45c59d76302b4601ce326d500c91de8f/execute/async - {"script":"<script> [1562 bytes]","args":[{"selector":{"controlType":"sap.ui.layout.HorizontalLayout","viewName":"etm.portal.ui.managecatalogs.view.MasterItems","viewId":"application-managecatalogs-display-component---masterCatalogItems","ancestor":{"id":"application-managecatalogs-display-component---masterCatalogItems--idCatalogItemsTree-rows-row0"}},"wdio_ui5_key":"etmportal.ui.managecatalogs.view.MasterItemssap.ui.layout.HorizontalLayout{\"id\":\"application-managecatalogs-display-component---masterCatalogItems--idCatalogItemsTree-rows-row0\"}"}]}
COMMAND: GET /session/45c59d76302b4601ce326d500c91de8f/screenshot - {}
RESULT: {"script":"<script> [1562 bytes]","args":[{"selector":{"controlType":"sap.ui.layout.HorizontalLayout","viewName":"etm.portal.ui.managecatalogs.view.MasterItems","viewId":"application-managecatalogs-display-component---masterCatalogItems","ancestor":{"id":"application-managecatalogs-display-component---masterCatalogItems--idCatalogItemsTree-rows-row0"}},"wdio_ui5_key":"etmportal.ui.managecatalogs.view.MasterItemssap.ui.layout.HorizontalLayout{\"id\":\"application-managecatalogs-display-component---masterCatalogItems--idCatalogItemsTree-rows-row0\"}"}]}
RESULT: undefined
COMMAND: POST /session/45c59d76302b4601ce326d500c91de8f/element - {"using":"xpath","value":"//*[@id=\"__layout3-__clone11\"]"}
RESULT: {}
RESULT: {"using":"xpath","value":"//*[@id=\"__layout3-__clone11\"]"}
COMMAND: POST /session/45c59d76302b4601ce326d500c91de8f/element/f.A88CFED3FC703E186E048BAD8979E17B.d.8EC74D987BE5500A8D0F0DE2D76746DD.e.183/click - {}
RESULT: {}
COMMAND: GET /session/45c59d76302b4601ce326d500c91de8f/screenshot - {}
RESULT: {}
COMMAND: POST /session/45c59d76302b4601ce326d500c91de8f/execute/async - {"script":"<script> [1562 bytes]","args":[{"selector":{"controlType":"sap.m.Button","viewName":"etm.portal.ui.managecatalogs.view.Detail","viewId":"application-managecatalogs-display-component---detailCatalog","i18NText":{"propertyName":"text","key":"edit"},"interaction":{"idSuffix":"BDI-content"}},"wdio_ui5_key":"etmportal.ui.managecatalogs.view.Detailsap.m.Button{\"propertyName\":\"text\",\"key\":\"edit\"}"}]}
RESULT: {"script":"<script> [1562 bytes]","args":[{"selector":{"controlType":"sap.m.Button","viewName":"etm.portal.ui.managecatalogs.view.Detail","viewId":"application-managecatalogs-display-component---detailCatalog","i18NText":{"propertyName":"text","key":"edit"},"interaction":{"idSuffix":"BDI-content"}},"wdio_ui5_key":"etmportal.ui.managecatalogs.view.Detailsap.m.Button{\"propertyName\":\"text\",\"key\":\"edit\"}"}]}
RESULT: undefined
COMMAND: POST /session/45c59d76302b4601ce326d500c91de8f/element - {"using":"xpath","value":"//*[@id=\"__button35\"]"}
RESULT: {"using":"xpath","value":"//*[@id=\"__button35\"]"}
COMMAND: POST /session/45c59d76302b4601ce326d500c91de8f/element/f.A88CFED3FC703E186E048BAD8979E17B.d.8EC74D987BE5500A8D0F0DE2D76746DD.e.295/click - {}
RESULT: {}
COMMAND: GET /session/45c59d76302b4601ce326d500c91de8f/screenshot - {}
RESULT: {}
COMMAND: POST /session/45c59d76302b4601ce326d500c91de8f/element - {"using":"xpath","value":"//bdi[contains(text(), \"Unlock\")]"}
RESULT: {"using":"xpath","value":"//bdi[contains(text(), \"Unlock\")]"}
COMMAND: POST /session/45c59d76302b4601ce326d500c91de8f/elements - {"using":"xpath","value":"//bdi[contains(text(), \"Unlock\")]"}
RESULT: {"using":"xpath","value":"//bdi[contains(text(), \"Unlock\")]"}
COMMAND: POST /session/45c59d76302b4601ce326d500c91de8f/execute/async - {"script":"<script> [1562 bytes]","args":[{"selector":{"controlType":"sap.ui.core.Icon","viewName":"etm.portal.ui.managecatalogs.view.Detail","viewId":"application-managecatalogs-display-component---detailCatalog","properties":{"src":{"regex":{"source":"add\\-folder"}}}},"wdio_ui5_key":"etmportal.ui.managecatalogs.view.Detailsap.ui.core.Icon{\"src\":{\"regex\":{\"source\":\"add\\\\-folder\"}}}"}]}
RESULT: {"script":"<script> [1562 bytes]","args":[{"selector":{"controlType":"sap.ui.core.Icon","viewName":"etm.portal.ui.managecatalogs.view.Detail","viewId":"application-managecatalogs-display-component---detailCatalog","properties":{"src":{"regex":{"source":"add\\-folder"}}}},"wdio_ui5_key":"etmportal.ui.managecatalogs.view.Detailsap.ui.core.Icon{\"src\":{\"regex\":{\"source\":\"add\\\\-folder\"}}}"}]}
RESULT: undefined
COMMAND: POST /session/45c59d76302b4601ce326d500c91de8f/element - {"using":"xpath","value":"//*[@id=\"__button43-img\"]"}
RESULT: {"using":"xpath","value":"//*[@id=\"__button43-img\"]"}
COMMAND: POST /session/45c59d76302b4601ce326d500c91de8f/element/f.A88CFED3FC703E186E048BAD8979E17B.d.8EC74D987BE5500A8D0F0DE2D76746DD.e.301/click - {}
RESULT: {}
COMMAND: GET /session/45c59d76302b4601ce326d500c91de8f/screenshot - {}
RESULT: {}
COMMAND: POST /session/45c59d76302b4601ce326d500c91de8f/execute/async - {"script":"<script> [1562 bytes]","args":[{"selector":{"id":"application-managecatalogs-display-component---detailCatalog--numberInput","searchOpenDialogs":true,"interaction":{"idSuffix":"inner"}},"wdio_ui5_key":"applicationmanagecatalogs-display-component---detailCatalog--numberInput"}]}
RESULT: {"script":"<script> [1562 bytes]","args":[{"selector":{"id":"application-managecatalogs-display-component---detailCatalog--numberInput","searchOpenDialogs":true,"interaction":{"idSuffix":"inner"}},"wdio_ui5_key":"applicationmanagecatalogs-display-component---detailCatalog--numberInput"}]}
RESULT: undefined
COMMAND: POST /session/45c59d76302b4601ce326d500c91de8f/execute/async - {"script":"<script> [776 bytes]","args":[{"enterText":"Sectiondh28w","selector":{"id":"application-managecatalogs-display-component---detailCatalog--numberInput","searchOpenDialogs":true,"interaction":{"idSuffix":"inner"}},"clearTextFirst":true,"interactionType":"ENTER_TEXT"}]}
RESULT: {"script":"<script> [776 bytes]","args":[{"enterText":"Sectiondh28w","selector":{"id":"application-managecatalogs-display-component---detailCatalog--numberInput","searchOpenDialogs":true,"interaction":{"idSuffix":"inner"}},"clearTextFirst":true,"interactionType":"ENTER_TEXT"}]}
COMMAND: POST /session/45c59d76302b4601ce326d500c91de8f/element - {"using":"css selector","value":"#application-managecatalogs-display-component---detailCatalog--nameInput-inner"}
RESULT: {"using":"css selector","value":"#application-managecatalogs-display-component---detailCatalog--nameInput-inner"}
COMMAND: POST /session/45c59d76302b4601ce326d500c91de8f/elements - {"using":"css selector","value":"#application-managecatalogs-display-component---detailCatalog--nameInput-inner"}
RESULT: {"using":"css selector","value":"#application-managecatalogs-display-component---detailCatalog--nameInput-inner"}
COMMAND: POST /session/45c59d76302b4601ce326d500c91de8f/element/f.A88CFED3FC703E186E048BAD8979E17B.d.8EC74D987BE5500A8D0F0DE2D76746DD.e.305/clear - {}
RESULT: {}
COMMAND: POST /session/45c59d76302b4601ce326d500c91de8f/element/f.A88CFED3FC703E186E048BAD8979E17B.d.8EC74D987BE5500A8D0F0DE2D76746DD.e.305/value - {"text":"Webdriverqye08"}
COMMAND: GET /session/45c59d76302b4601ce326d500c91de8f/screenshot - {}
RESULT: {"text":"Webdriverqye08"}
COMMAND: POST /session/45c59d76302b4601ce326d500c91de8f/execute/async - {"script":"<script> [1562 bytes]","args":[{"selector":{"controlType":"sap.m.Button","viewName":"etm.portal.ui.managecatalogs.view.Detail","viewId":"application-managecatalogs-display-component---detailCatalog","i18NText":{"propertyName":"text","key":"create"},"searchOpenDialogs":true,"interaction":{"idSuffix":"BDI-content"}},"wdio_ui5_key":"etmportal.ui.managecatalogs.view.Detailsap.m.Button{\"propertyName\":\"text\",\"key\":\"create\"}"}]}
COMMAND: GET /session/45c59d76302b4601ce326d500c91de8f/screenshot - {}
RESULT: {}
RESULT: {"script":"<script> [1562 bytes]","args":[{"selector":{"controlType":"sap.m.Button","viewName":"etm.portal.ui.managecatalogs.view.Detail","viewId":"application-managecatalogs-display-component---detailCatalog","i18NText":{"propertyName":"text","key":"create"},"searchOpenDialogs":true,"interaction":{"idSuffix":"BDI-content"}},"wdio_ui5_key":"etmportal.ui.managecatalogs.view.Detailsap.m.Button{\"propertyName\":\"text\",\"key\":\"create\"}"}]}
RESULT: undefined
COMMAND: POST /session/45c59d76302b4601ce326d500c91de8f/element - {"using":"xpath","value":"//*[@id=\"__button13\"]"}
RESULT: {}
RESULT: {"using":"xpath","value":"//*[@id=\"__button13\"]"}
COMMAND: POST /session/45c59d76302b4601ce326d500c91de8f/element/f.A88CFED3FC703E186E048BAD8979E17B.d.8EC74D987BE5500A8D0F0DE2D76746DD.e.311/click - {}
RESULT: {}
COMMAND: GET /session/45c59d76302b4601ce326d500c91de8f/screenshot - {}
RESULT: {}
COMMAND: POST /session/45c59d76302b4601ce326d500c91de8f/element - {"using":"xpath","value":"//button[@title=\"Save\"]"}
RESULT: {"using":"xpath","value":"//button[@title=\"Save\"]"}
COMMAND: POST /session/45c59d76302b4601ce326d500c91de8f/element/f.A88CFED3FC703E186E048BAD8979E17B.d.8EC74D987BE5500A8D0F0DE2D76746DD.e.312/click - {}
RESULT: {}
COMMAND: POST /session/45c59d76302b4601ce326d500c91de8f/execute/async - {"script":"<script> [1562 bytes]","args":[{"selector":{"controlType":"sap.ui.core.Icon","viewName":"etm.portal.ui.managecatalogs.view.Detail","viewId":"application-managecatalogs-display-component---detailCatalog","properties":{"src":{"regex":{"source":"decline"}}}},"wdio_ui5_key":"etmportal.ui.managecatalogs.view.Detailsap.ui.core.Icon{\"src\":{\"regex\":{\"source\":\"decline\"}}}"}]}
COMMAND: GET /session/45c59d76302b4601ce326d500c91de8f/screenshot - {}
RESULT: {"script":"<script> [1562 bytes]","args":[{"selector":{"controlType":"sap.ui.core.Icon","viewName":"etm.portal.ui.managecatalogs.view.Detail","viewId":"application-managecatalogs-display-component---detailCatalog","properties":{"src":{"regex":{"source":"decline"}}}},"wdio_ui5_key":"etmportal.ui.managecatalogs.view.Detailsap.ui.core.Icon{\"src\":{\"regex\":{\"source\":\"decline\"}}}"}]}
RESULT: undefined
COMMAND: POST /session/45c59d76302b4601ce326d500c91de8f/element - {"using":"xpath","value":"//*[@id=\"__button38-img\"]"}
RESULT: {}
RESULT: {"using":"xpath","value":"//*[@id=\"__button38-img\"]"}
COMMAND: POST /session/45c59d76302b4601ce326d500c91de8f/element/f.A88CFED3FC703E186E048BAD8979E17B.d.8EC74D987BE5500A8D0F0DE2D76746DD.e.318/click - {}
RESULT: {}
COMMAND: GET /session/45c59d76302b4601ce326d500c91de8f/screenshot - {}
RESULT: {}
COMMAND: POST /session/45c59d76302b4601ce326d500c91de8f/execute/async - {"script":"<script> [1562 bytes]","args":[{"selector":{"controlType":"sap.ui.core.Icon","viewName":"etm.portal.ui.managecatalogs.view.MasterItems","viewId":"application-managecatalogs-display-component---masterCatalogItems","properties":{"src":{"regex":{"source":"refresh"}}}},"wdio_ui5_key":"etmportal.ui.managecatalogs.view.MasterItemssap.ui.core.Icon{\"src\":{\"regex\":{\"source\":\"refresh\"}}}"}]}
RESULT: {"script":"<script> [1562 bytes]","args":[{"selector":{"controlType":"sap.ui.core.Icon","viewName":"etm.portal.ui.managecatalogs.view.MasterItems","viewId":"application-managecatalogs-display-component---masterCatalogItems","properties":{"src":{"regex":{"source":"refresh"}}}},"wdio_ui5_key":"etmportal.ui.managecatalogs.view.MasterItemssap.ui.core.Icon{\"src\":{\"regex\":{\"source\":\"refresh\"}}}"}]}
RESULT: undefined
COMMAND: POST /session/45c59d76302b4601ce326d500c91de8f/element - {"using":"xpath","value":"//*[@id=\"__button11-img\"]"}
RESULT: {"using":"xpath","value":"//*[@id=\"__button11-img\"]"}
COMMAND: POST /session/45c59d76302b4601ce326d500c91de8f/element/f.A88CFED3FC703E186E048BAD8979E17B.d.8EC74D987BE5500A8D0F0DE2D76746DD.e.351/click - {}
RESULT: {}
COMMAND: POST /session/45c59d76302b4601ce326d500c91de8f/execute/async - {"script":"<script> [1562 bytes]","args":[{"selector":{"id":"application-managecatalogs-display-component---masterCatalogItems--searchItemsField","interaction":{"idSuffix":"I"}},"wdio_ui5_key":"applicationmanagecatalogs-display-component---masterCatalogItems--searchItemsField"}]}
COMMAND: GET /session/45c59d76302b4601ce326d500c91de8f/screenshot - {}
RESULT: {"script":"<script> [1562 bytes]","args":[{"selector":{"id":"application-managecatalogs-display-component---masterCatalogItems--searchItemsField","interaction":{"idSuffix":"I"}},"wdio_ui5_key":"applicationmanagecatalogs-display-component---masterCatalogItems--searchItemsField"}]}
RESULT: undefined
COMMAND: POST /session/45c59d76302b4601ce326d500c91de8f/execute/async - {"script":"<script> [776 bytes]","args":[{"enterText":"Webdriverqye08","selector":{"id":"application-managecatalogs-display-component---masterCatalogItems--searchItemsField","interaction":{"idSuffix":"I"}},"clearTextFirst":true,"interactionType":"ENTER_TEXT"}]}
RESULT: {}
RESULT: {"script":"<script> [776 bytes]","args":[{"enterText":"Webdriverqye08","selector":{"id":"application-managecatalogs-display-component---masterCatalogItems--searchItemsField","interaction":{"idSuffix":"I"}},"clearTextFirst":true,"interactionType":"ENTER_TEXT"}]}
COMMAND: POST /session/45c59d76302b4601ce326d500c91de8f/actions - {"actions":[{"id":"action1","type":"key","parameters":{},"actions":[{"type":"keyDown","value":""},{"type":"pause","duration":10},{"type":"keyUp","value":""}]}]}
RESULT: {"actions":[{"id":"action1","type":"key","parameters":{},"actions":[{"type":"keyDown","value":""},{"type":"pause","duration":10},{"type":"keyUp","value":""}]}]}
COMMAND: POST /session/45c59d76302b4601ce326d500c91de8f/element - {"using":"xpath","value":"(//span[contains(text(), \"Webdriverqye08\")])[1]"}
COMMAND: GET /session/45c59d76302b4601ce326d500c91de8f/screenshot - {}
RESULT: {"using":"xpath","value":"(//span[contains(text(), \"Webdriverqye08\")])[1]"}
COMMAND: POST /session/45c59d76302b4601ce326d500c91de8f/element/f.A88CFED3FC703E186E048BAD8979E17B.d.8EC74D987BE5500A8D0F0DE2D76746DD.e.354/click - {}
RESULT: {}
RESULT: {}
COMMAND: GET /session/45c59d76302b4601ce326d500c91de8f/screenshot - {}
RESULT: {}
RESULT: undefined
COMMAND: POST /session/45c59d76302b4601ce326d500c91de8f/element - {"using":"xpath","value":"//*[@id=\"__button35\"]"}
RESULT: {"using":"xpath","value":"//*[@id=\"__button35\"]"}
COMMAND: POST /session/45c59d76302b4601ce326d500c91de8f/element/f.A88CFED3FC703E186E048BAD8979E17B.d.8EC74D987BE5500A8D0F0DE2D76746DD.e.424/click - {}
RESULT: {}
COMMAND: GET /session/45c59d76302b4601ce326d500c91de8f/screenshot - {}
RESULT: {}
RESULT: undefined
COMMAND: POST /session/45c59d76302b4601ce326d500c91de8f/element - {"using":"xpath","value":"//*[@id=\"__button43-img\"]"}
RESULT: {"using":"xpath","value":"//*[@id=\"__button43-img\"]"}
COMMAND: POST /session/45c59d76302b4601ce326d500c91de8f/element/f.A88CFED3FC703E186E048BAD8979E17B.d.8EC74D987BE5500A8D0F0DE2D76746DD.e.441/click - {}
RESULT: {}
COMMAND: GET /session/45c59d76302b4601ce326d500c91de8f/screenshot - {}
RESULT: {}
RESULT: undefined
COMMAND: POST /session/45c59d76302b4601ce326d500c91de8f/execute/async - {"script":"<script> [776 bytes]","args":[{"enterText":"SecondSection2lfl7","selector":{"id":"application-managecatalogs-display-component---detailCatalog--numberInput","searchOpenDialogs":true,"interaction":{"idSuffix":"inner"}},"clearTextFirst":true,"interactionType":"ENTER_TEXT"}]}
RESULT: {"script":"<script> [776 bytes]","args":[{"enterText":"SecondSection2lfl7","selector":{"id":"application-managecatalogs-display-component---detailCatalog--numberInput","searchOpenDialogs":true,"interaction":{"idSuffix":"inner"}},"clearTextFirst":true,"interactionType":"ENTER_TEXT"}]}
COMMAND: POST /session/45c59d76302b4601ce326d500c91de8f/element - {"using":"xpath","value":"//input[contains(@id ,\"application-managecatalogs-display-component---detailCatalog--nameInput-inner\")]"}
RESULT: {"using":"xpath","value":"//input[contains(@id ,\"application-managecatalogs-display-component---detailCatalog--nameInput-inner\")]"}
COMMAND: POST /session/45c59d76302b4601ce326d500c91de8f/elements - {"using":"xpath","value":"//input[contains(@id ,\"application-managecatalogs-display-component---detailCatalog--nameInput-inner\")]"}
RESULT: {"using":"xpath","value":"//input[contains(@id ,\"application-managecatalogs-display-component---detailCatalog--nameInput-inner\")]"}
COMMAND: POST /session/45c59d76302b4601ce326d500c91de8f/element/f.A88CFED3FC703E186E048BAD8979E17B.d.8EC74D987BE5500A8D0F0DE2D76746DD.e.445/clear - {}
RESULT: {}
COMMAND: POST /session/45c59d76302b4601ce326d500c91de8f/element/f.A88CFED3FC703E186E048BAD8979E17B.d.8EC74D987BE5500A8D0F0DE2D76746DD.e.445/value - {"text":"webdriversecondcad2l"}
COMMAND: GET /session/45c59d76302b4601ce326d500c91de8f/screenshot - {}
RESULT: {"text":"webdriversecondcad2l"}
COMMAND: POST /session/45c59d76302b4601ce326d500c91de8f/execute/async - {"script":"<script> [1562 bytes]","args":[{"selector":{"id":"application-managecatalogs-display-component---detailCatalog--nameInput","searchOpenDialogs":true,"interaction":{"idSuffix":"inner"}},"wdio_ui5_key":"applicationmanagecatalogs-display-component---detailCatalog--nameInput"}]}
COMMAND: GET /session/45c59d76302b4601ce326d500c91de8f/screenshot - {}
RESULT: {}
RESULT: {"script":"<script> [1562 bytes]","args":[{"selector":{"id":"application-managecatalogs-display-component---detailCatalog--nameInput","searchOpenDialogs":true,"interaction":{"idSuffix":"inner"}},"wdio_ui5_key":"applicationmanagecatalogs-display-component---detailCatalog--nameInput"}]}
RESULT: undefined
COMMAND: POST /session/45c59d76302b4601ce326d500c91de8f/execute/async - {"script":"<script> [776 bytes]","args":[{"enterText":"webdriversecondcad2l","selector":{"id":"application-managecatalogs-display-component---detailCatalog--nameInput","searchOpenDialogs":true,"interaction":{"idSuffix":"inner"}},"clearTextFirst":true,"interactionType":"ENTER_TEXT"}]}
RESULT: {}
RESULT: {"script":"<script> [776 bytes]","args":[{"enterText":"webdriversecondcad2l","selector":{"id":"application-managecatalogs-display-component---detailCatalog--nameInput","searchOpenDialogs":true,"interaction":{"idSuffix":"inner"}},"clearTextFirst":true,"interactionType":"ENTER_TEXT"}]}
RESULT: undefined
COMMAND: POST /session/45c59d76302b4601ce326d500c91de8f/element - {"using":"xpath","value":"//*[@id=\"__button13\"]"}
RESULT: {"using":"xpath","value":"//*[@id=\"__button13\"]"}
COMMAND: POST /session/45c59d76302b4601ce326d500c91de8f/element/f.A88CFED3FC703E186E048BAD8979E17B.d.8EC74D987BE5500A8D0F0DE2D76746DD.e.448/click - {}
RESULT: {}
COMMAND: GET /session/45c59d76302b4601ce326d500c91de8f/screenshot - {}
RESULT: {}
COMMAND: POST /session/45c59d76302b4601ce326d500c91de8f/element - {"using":"xpath","value":"//button[@title=\"Save\"]"}
RESULT: {"using":"xpath","value":"//button[@title=\"Save\"]"}
COMMAND: POST /session/45c59d76302b4601ce326d500c91de8f/element/f.A88CFED3FC703E186E048BAD8979E17B.d.8EC74D987BE5500A8D0F0DE2D76746DD.e.428/click - {}
RESULT: {}
COMMAND: GET /session/45c59d76302b4601ce326d500c91de8f/screenshot - {}
RESULT: {}
RESULT: undefined
COMMAND: POST /session/45c59d76302b4601ce326d500c91de8f/element - {"using":"xpath","value":"//*[@id=\"__button38-img\"]"}
RESULT: {"using":"xpath","value":"//*[@id=\"__button38-img\"]"}
COMMAND: POST /session/45c59d76302b4601ce326d500c91de8f/element/f.A88CFED3FC703E186E048BAD8979E17B.d.8EC74D987BE5500A8D0F0DE2D76746DD.e.453/click - {}
RESULT: {}
COMMAND: GET /session/45c59d76302b4601ce326d500c91de8f/screenshot - {}
RESULT: {}
RESULT: undefined
COMMAND: POST /session/45c59d76302b4601ce326d500c91de8f/element - {"using":"xpath","value":"//*[@id=\"__button11-img\"]"}
RESULT: {"using":"xpath","value":"//*[@id=\"__button11-img\"]"}
COMMAND: POST /session/45c59d76302b4601ce326d500c91de8f/element/f.A88CFED3FC703E186E048BAD8979E17B.d.8EC74D987BE5500A8D0F0DE2D76746DD.e.487/click - {}
RESULT: {}
COMMAND: GET /session/45c59d76302b4601ce326d500c91de8f/screenshot - {}
RESULT: {}
RESULT: undefined
COMMAND: POST /session/45c59d76302b4601ce326d500c91de8f/execute/async - {"script":"<script> [776 bytes]","args":[{"enterText":"SecondSection2lfl7","selector":{"id":"application-managecatalogs-display-component---masterCatalogItems--searchItemsField","interaction":{"idSuffix":"I"}},"clearTextFirst":true,"interactionType":"ENTER_TEXT"}]}
RESULT: {"script":"<script> [776 bytes]","args":[{"enterText":"SecondSection2lfl7","selector":{"id":"application-managecatalogs-display-component---masterCatalogItems--searchItemsField","interaction":{"idSuffix":"I"}},"clearTextFirst":true,"interactionType":"ENTER_TEXT"}]}
COMMAND: POST /session/45c59d76302b4601ce326d500c91de8f/actions - {"actions":[{"id":"action2","type":"key","parameters":{},"actions":[{"type":"keyDown","value":""},{"type":"pause","duration":10},{"type":"keyUp","value":""}]}]}
RESULT: {"actions":[{"id":"action2","type":"key","parameters":{},"actions":[{"type":"keyDown","value":""},{"type":"pause","duration":10},{"type":"keyUp","value":""}]}]}
COMMAND: POST /session/45c59d76302b4601ce326d500c91de8f/element - {"using":"xpath","value":"(//span[contains(text(), \"SecondSection2lfl7\")])[1]"}
COMMAND: GET /session/45c59d76302b4601ce326d500c91de8f/screenshot - {}
RESULT: {"using":"xpath","value":"(//span[contains(text(), \"SecondSection2lfl7\")])[1]"}
COMMAND: POST /session/45c59d76302b4601ce326d500c91de8f/element/f.A88CFED3FC703E186E048BAD8979E17B.d.8EC74D987BE5500A8D0F0DE2D76746DD.e.490/click - {}
RESULT: {}
RESULT: {}
COMMAND: POST /session/45c59d76302b4601ce326d500c91de8f/element - {"using":"xpath","value":"(//span[contains(text(), \"SecondSection2lfl7\")])[1]"}
COMMAND: GET /session/45c59d76302b4601ce326d500c91de8f/screenshot - {}
RESULT: {"using":"xpath","value":"(//span[contains(text(), \"SecondSection2lfl7\")])[1]"}
COMMAND: GET /session/45c59d76302b4601ce326d500c91de8f/element/f.A88CFED3FC703E186E048BAD8979E17B.d.8EC74D987BE5500A8D0F0DE2D76746DD.e.490/text - {}
RESULT: {}
COMMAND: POST /session/45c59d76302b4601ce326d500c91de8f/element - {"using":"xpath","value":"(//span[contains(text(), \"SecondSection2lfl7\")])[1]"}
RESULT: {"using":"xpath","value":"(//span[contains(text(), \"SecondSection2lfl7\")])[1]"}
COMMAND: GET /session/45c59d76302b4601ce326d500c91de8f/element/f.A88CFED3FC703E186E048BAD8979E17B.d.8EC74D987BE5500A8D0F0DE2D76746DD.e.490/text - {}
COMMAND: POST /session/45c59d76302b4601ce326d500c91de8f/element - {"using":"xpath","value":"(//span[contains(text(), \"SecondSection2lfl7\")])[1]"}
RESULT: {"using":"xpath","value":"(//span[contains(text(), \"SecondSection2lfl7\")])[1]"}
COMMAND: GET /session/45c59d76302b4601ce326d500c91de8f/element/f.A88CFED3FC703E186E048BAD8979E17B.d.8EC74D987BE5500A8D0F0DE2D76746DD.e.542/text - {}
RESULT: {}
COMMAND: POST /session/45c59d76302b4601ce326d500c91de8f/element - {"using":"css selector","value":"#shell-header-logo"}
RESULT: {"using":"css selector","value":"#shell-header-logo"}
COMMAND: POST /session/45c59d76302b4601ce326d500c91de8f/element/f.A88CFED3FC703E186E048BAD8979E17B.d.8EC74D987BE5500A8D0F0DE2D76746DD.e.122/click - {}
RESULT: {}
COMMAND: GET /session/45c59d76302b4601ce326d500c91de8f/screenshot - {}
RESULT: {}
COMMAND: POST /session/45c59d76302b4601ce326d500c91de8f/execute/async - {"script":"<script> [1562 bytes]","args":[{"selector":{"controlType":"sap.m.GenericTile","properties":{"header":"Manage Classifications"}},"wdio_ui5_key":"sapm.GenericTile{\"header\":\"Manage Classifications\"}"}]}
RESULT: {"script":"<script> [1562 bytes]","args":[{"selector":{"controlType":"sap.m.GenericTile","properties":{"header":"Manage Classifications"}},"wdio_ui5_key":"sapm.GenericTile{\"header\":\"Manage Classifications\"}"}]}
RESULT: undefined
COMMAND: POST /session/45c59d76302b4601ce326d500c91de8f/element - {"using":"xpath","value":"//*[@id=\"__tile115\"]"}
RESULT: {"using":"xpath","value":"//*[@id=\"__tile115\"]"}
COMMAND: POST /session/45c59d76302b4601ce326d500c91de8f/element/f.A88CFED3FC703E186E048BAD8979E17B.d.8EC74D987BE5500A8D0F0DE2D76746DD.e.549/click - {}
RESULT: {}
COMMAND: GET /session/45c59d76302b4601ce326d500c91de8f/screenshot - {}
RESULT: {}
COMMAND: POST /session/45c59d76302b4601ce326d500c91de8f/elements - {"using":"xpath","value":"//span[text()='Error']"}
RESULT: {"using":"xpath","value":"//span[text()='Error']"}
]]></system-out>
    </testcase>
  </testsuite>
  <testsuite timestamp="2025-05-21T15:51:35" time="302.888" tests="3" failures="0" errors="0" skipped="0">
    <properties>
      <property name="specId" value="0"/>
      <property name="suiteName" value="Manage catalogs - yard assignment classification US138930"/>
      <property name="capabilities" value="chrome.136_0_7103_93.windows"/>
      <property name="file" value="file:///D:/a/1/s/test/specs/R2C/manage-catalogs-yard-assignment-classification.spec.js"/>
    </properties>
    <testcase classname="chrome.136_0_7103_93.windows.Manage_catalogs_-_yard_assignment_classification_US138930" name="Should create a new classification of type yard assignment" time="37.498">
      <system-out><![CDATA[
COMMAND: POST /session/45c59d76302b4601ce326d500c91de8f/execute/async - {"script":"<script> [1562 bytes]","args":[{"selector":{"controlType":"sap.ui.core.Icon","viewName":"etm.portal.ui.manageclassifications.view.Master","viewId":"application-manageclassifications-display-component---classificationMaster","properties":{"src":{"regex":{"source":"add"}}}},"wdio_ui5_key":"etmportal.ui.manageclassifications.view.Mastersap.ui.core.Icon{\"src\":{\"regex\":{\"source\":\"add\"}}}"}]}
RESULT: {"script":"<script> [1562 bytes]","args":[{"selector":{"controlType":"sap.ui.core.Icon","viewName":"etm.portal.ui.manageclassifications.view.Master","viewId":"application-manageclassifications-display-component---classificationMaster","properties":{"src":{"regex":{"source":"add"}}}},"wdio_ui5_key":"etmportal.ui.manageclassifications.view.Mastersap.ui.core.Icon{\"src\":{\"regex\":{\"source\":\"add\"}}}"}]}
RESULT: undefined
COMMAND: POST /session/45c59d76302b4601ce326d500c91de8f/element - {"using":"xpath","value":"//*[@id=\"__button75-img\"]"}
RESULT: {"using":"xpath","value":"//*[@id=\"__button75-img\"]"}
COMMAND: POST /session/45c59d76302b4601ce326d500c91de8f/element/f.A88CFED3FC703E186E048BAD8979E17B.d.8EC74D987BE5500A8D0F0DE2D76746DD.e.589/click - {}
RESULT: {}
COMMAND: POST /session/45c59d76302b4601ce326d500c91de8f/execute/async - {"script":"<script> [1562 bytes]","args":[{"selector":{"id":"application-manageclassifications-display-component---classificationCreate--classHeaderName","interaction":{"idSuffix":"inner"}},"wdio_ui5_key":"applicationmanageclassifications-display-component---classificationCreate--classHeaderName"}]}
COMMAND: GET /session/45c59d76302b4601ce326d500c91de8f/screenshot - {}
RESULT: {"script":"<script> [1562 bytes]","args":[{"selector":{"id":"application-manageclassifications-display-component---classificationCreate--classHeaderName","interaction":{"idSuffix":"inner"}},"wdio_ui5_key":"applicationmanageclassifications-display-component---classificationCreate--classHeaderName"}]}
RESULT: undefined
COMMAND: POST /session/45c59d76302b4601ce326d500c91de8f/execute/async - {"script":"<script> [776 bytes]","args":[{"enterText":"WebdriverYardClassvy0ap","selector":{"id":"application-manageclassifications-display-component---classificationCreate--classHeaderName","interaction":{"idSuffix":"inner"}},"clearTextFirst":true,"interactionType":"ENTER_TEXT"}]}
RESULT: {}
RESULT: {"script":"<script> [776 bytes]","args":[{"enterText":"WebdriverYardClassvy0ap","selector":{"id":"application-manageclassifications-display-component---classificationCreate--classHeaderName","interaction":{"idSuffix":"inner"}},"clearTextFirst":true,"interactionType":"ENTER_TEXT"}]}
COMMAND: POST /session/45c59d76302b4601ce326d500c91de8f/execute/async - {"script":"<script> [1562 bytes]","args":[{"selector":{"controlType":"sap.ui.core.Icon","viewName":"etm.portal.ui.manageclassifications.view.Create","viewId":"application-manageclassifications-display-component---classificationCreate","properties":{"src":{"regex":{"source":"slim\\-arrow\\-down"}}}},"wdio_ui5_key":"etmportal.ui.manageclassifications.view.Createsap.ui.core.Icon{\"src\":{\"regex\":{\"source\":\"slim\\\\-arrow\\\\-down\"}}}"}]}
RESULT: {"script":"<script> [1562 bytes]","args":[{"selector":{"controlType":"sap.ui.core.Icon","viewName":"etm.portal.ui.manageclassifications.view.Create","viewId":"application-manageclassifications-display-component---classificationCreate","properties":{"src":{"regex":{"source":"slim\\-arrow\\-down"}}}},"wdio_ui5_key":"etmportal.ui.manageclassifications.view.Createsap.ui.core.Icon{\"src\":{\"regex\":{\"source\":\"slim\\\\-arrow\\\\-down\"}}}"}]}
RESULT: undefined
COMMAND: POST /session/45c59d76302b4601ce326d500c91de8f/element - {"using":"xpath","value":"//*[@id=\"__box48-arrow\"]"}
RESULT: {"using":"xpath","value":"//*[@id=\"__box48-arrow\"]"}
COMMAND: POST /session/45c59d76302b4601ce326d500c91de8f/element/f.A88CFED3FC703E186E048BAD8979E17B.d.8EC74D987BE5500A8D0F0DE2D76746DD.e.930/click - {}
RESULT: {}
COMMAND: POST /session/45c59d76302b4601ce326d500c91de8f/execute/async - {"script":"<script> [1562 bytes]","args":[{"selector":{"controlType":"sap.m.StandardListItem","viewName":"etm.portal.ui.manageclassifications.view.Create","viewId":"application-manageclassifications-display-component---classificationCreate","properties":{"title":"Yard assignment"},"searchOpenDialogs":true,"interaction":{"idSuffix":"titleText"}},"wdio_ui5_key":"etmportal.ui.manageclassifications.view.Createsap.m.StandardListItem{\"title\":\"Yard assignment\"}"}]}
COMMAND: GET /session/45c59d76302b4601ce326d500c91de8f/screenshot - {}
RESULT: {"script":"<script> [1562 bytes]","args":[{"selector":{"controlType":"sap.m.StandardListItem","viewName":"etm.portal.ui.manageclassifications.view.Create","viewId":"application-manageclassifications-display-component---classificationCreate","properties":{"title":"Yard assignment"},"searchOpenDialogs":true,"interaction":{"idSuffix":"titleText"}},"wdio_ui5_key":"etmportal.ui.manageclassifications.view.Createsap.m.StandardListItem{\"title\":\"Yard assignment\"}"}]}
RESULT: undefined
COMMAND: POST /session/45c59d76302b4601ce326d500c91de8f/element - {"using":"xpath","value":"//*[@id=\"__item310\"]"}
RESULT: {}
RESULT: {"using":"xpath","value":"//*[@id=\"__item310\"]"}
COMMAND: POST /session/45c59d76302b4601ce326d500c91de8f/element/f.A88CFED3FC703E186E048BAD8979E17B.d.8EC74D987BE5500A8D0F0DE2D76746DD.e.972/click - {}
RESULT: {}
COMMAND: POST /session/45c59d76302b4601ce326d500c91de8f/execute/async - {"script":"<script> [1562 bytes]","args":[{"selector":{"controlType":"sap.ui.core.Icon","viewName":"etm.portal.ui.manageclassifications.view.Create","viewId":"application-manageclassifications-display-component---classificationCreate","properties":{"src":{"regex":{"source":"add"}}}},"wdio_ui5_key":"etmportal.ui.manageclassifications.view.Createsap.ui.core.Icon{\"src\":{\"regex\":{\"source\":\"add\"}}}"}]}
COMMAND: GET /session/45c59d76302b4601ce326d500c91de8f/screenshot - {}
RESULT: {"script":"<script> [1562 bytes]","args":[{"selector":{"controlType":"sap.ui.core.Icon","viewName":"etm.portal.ui.manageclassifications.view.Create","viewId":"application-manageclassifications-display-component---classificationCreate","properties":{"src":{"regex":{"source":"add"}}}},"wdio_ui5_key":"etmportal.ui.manageclassifications.view.Createsap.ui.core.Icon{\"src\":{\"regex\":{\"source\":\"add\"}}}"}]}
RESULT: undefined
COMMAND: POST /session/45c59d76302b4601ce326d500c91de8f/element - {"using":"xpath","value":"//*[@id=\"__button80-img\"]"}
RESULT: {}
RESULT: {"using":"xpath","value":"//*[@id=\"__button80-img\"]"}
COMMAND: POST /session/45c59d76302b4601ce326d500c91de8f/element/f.A88CFED3FC703E186E048BAD8979E17B.d.8EC74D987BE5500A8D0F0DE2D76746DD.e.933/click - {}
RESULT: {}
COMMAND: POST /session/45c59d76302b4601ce326d500c91de8f/execute/async - {"script":"<script> [1562 bytes]","args":[{"selector":{"controlType":"sap.m.Input","viewName":"etm.portal.ui.manageclassifications.view.Create","viewId":"application-manageclassifications-display-component---classificationCreate","bindingPath":{"path":"/0","propertyPath":"PROPERTY","modelName":"newConfigModel"},"interaction":{"idSuffix":"inner"}},"wdio_ui5_key":"etmportal.ui.manageclassifications.view.Createsap.m.Input{\"path\":\"/0\",\"propertyPath\":\"PROPERTY\",\"modelName\":\"newConfigModel\"}"}]}
COMMAND: GET /session/45c59d76302b4601ce326d500c91de8f/screenshot - {}
RESULT: {"script":"<script> [1562 bytes]","args":[{"selector":{"controlType":"sap.m.Input","viewName":"etm.portal.ui.manageclassifications.view.Create","viewId":"application-manageclassifications-display-component---classificationCreate","bindingPath":{"path":"/0","propertyPath":"PROPERTY","modelName":"newConfigModel"},"interaction":{"idSuffix":"inner"}},"wdio_ui5_key":"etmportal.ui.manageclassifications.view.Createsap.m.Input{\"path\":\"/0\",\"propertyPath\":\"PROPERTY\",\"modelName\":\"newConfigModel\"}"}]}
RESULT: undefined
COMMAND: POST /session/45c59d76302b4601ce326d500c91de8f/execute/async - {"script":"<script> [776 bytes]","args":[{"enterText":"101","selector":{"controlType":"sap.m.Input","viewName":"etm.portal.ui.manageclassifications.view.Create","viewId":"application-manageclassifications-display-component---classificationCreate","bindingPath":{"path":"/0","propertyPath":"PROPERTY","modelName":"newConfigModel"},"interaction":{"idSuffix":"inner"}},"clearTextFirst":true,"interactionType":"ENTER_TEXT"}]}
RESULT: {}
RESULT: {"script":"<script> [776 bytes]","args":[{"enterText":"101","selector":{"controlType":"sap.m.Input","viewName":"etm.portal.ui.manageclassifications.view.Create","viewId":"application-manageclassifications-display-component---classificationCreate","bindingPath":{"path":"/0","propertyPath":"PROPERTY","modelName":"newConfigModel"},"interaction":{"idSuffix":"inner"}},"clearTextFirst":true,"interactionType":"ENTER_TEXT"}]}
COMMAND: POST /session/45c59d76302b4601ce326d500c91de8f/execute/async - {"script":"<script> [1562 bytes]","args":[{"selector":{"controlType":"sap.m.Input","viewName":"etm.portal.ui.manageclassifications.view.Create","viewId":"application-manageclassifications-display-component---classificationCreate","bindingPath":{"path":"/0","propertyPath":"DESCRIPTION","modelName":"newConfigModel"},"interaction":{"idSuffix":"inner"}},"wdio_ui5_key":"etmportal.ui.manageclassifications.view.Createsap.m.Input{\"path\":\"/0\",\"propertyPath\":\"DESCRIPTION\",\"modelName\":\"newConfigModel\"}"}]}
RESULT: {"script":"<script> [1562 bytes]","args":[{"selector":{"controlType":"sap.m.Input","viewName":"etm.portal.ui.manageclassifications.view.Create","viewId":"application-manageclassifications-display-component---classificationCreate","bindingPath":{"path":"/0","propertyPath":"DESCRIPTION","modelName":"newConfigModel"},"interaction":{"idSuffix":"inner"}},"wdio_ui5_key":"etmportal.ui.manageclassifications.view.Createsap.m.Input{\"path\":\"/0\",\"propertyPath\":\"DESCRIPTION\",\"modelName\":\"newConfigModel\"}"}]}
RESULT: undefined
COMMAND: POST /session/45c59d76302b4601ce326d500c91de8f/execute/async - {"script":"<script> [776 bytes]","args":[{"enterText":"yard1","selector":{"controlType":"sap.m.Input","viewName":"etm.portal.ui.manageclassifications.view.Create","viewId":"application-manageclassifications-display-component---classificationCreate","bindingPath":{"path":"/0","propertyPath":"DESCRIPTION","modelName":"newConfigModel"},"interaction":{"idSuffix":"inner"}},"clearTextFirst":true,"interactionType":"ENTER_TEXT"}]}
RESULT: {"script":"<script> [776 bytes]","args":[{"enterText":"yard1","selector":{"controlType":"sap.m.Input","viewName":"etm.portal.ui.manageclassifications.view.Create","viewId":"application-manageclassifications-display-component---classificationCreate","bindingPath":{"path":"/0","propertyPath":"DESCRIPTION","modelName":"newConfigModel"},"interaction":{"idSuffix":"inner"}},"clearTextFirst":true,"interactionType":"ENTER_TEXT"}]}
COMMAND: POST /session/45c59d76302b4601ce326d500c91de8f/execute/async - {"script":"<script> [1562 bytes]","args":[{"selector":{"controlType":"sap.ui.core.Icon","viewName":"etm.portal.ui.manageclassifications.view.Create","viewId":"application-manageclassifications-display-component---classificationCreate","properties":{"src":{"regex":{"source":"slim\\-arrow\\-down"}}},"ancestor":{"controlType":"sap.m.ComboBox","viewName":"etm.portal.ui.manageclassifications.view.Create","viewId":"application-manageclassifications-display-component---classificationCreate","bindingPath":{"path":"/0","propertyPath":"VALUE_TYPE","modelName":"newConfigModel"}}},"wdio_ui5_key":"etmportal.ui.manageclassifications.view.Createsap.ui.core.Icon{\"src\":{\"regex\":{\"source\":\"slim\\\\-arrow\\\\-down\"}}}{\"controlType\":\"sap.m.ComboBox\",\"viewName\":\"etm.portal.ui.manageclassifications.view.Create\",\"viewId\":\"application-manageclassifications-display-component---classificationCreate\",\"bindingPath\":{\"path\":\"/0\",\"propertyPath\":\"VALUE_TYPE\",\"modelName\":\"newConfigModel\"}}"}]}
RESULT: {"script":"<script> [1562 bytes]","args":[{"selector":{"controlType":"sap.ui.core.Icon","viewName":"etm.portal.ui.manageclassifications.view.Create","viewId":"application-manageclassifications-display-component---classificationCreate","properties":{"src":{"regex":{"source":"slim\\-arrow\\-down"}}},"ancestor":{"controlType":"sap.m.ComboBox","viewName":"etm.portal.ui.manageclassifications.view.Create","viewId":"application-manageclassifications-display-component---classificationCreate","bindingPath":{"path":"/0","propertyPath":"VALUE_TYPE","modelName":"newConfigModel"}}},"wdio_ui5_key":"etmportal.ui.manageclassifications.view.Createsap.ui.core.Icon{\"src\":{\"regex\":{\"source\":\"slim\\\\-arrow\\\\-down\"}}}{\"controlType\":\"sap.m.ComboBox\",\"viewName\":\"etm.portal.ui.manageclassifications.view.Create\",\"viewId\":\"application-manageclassifications-display-component---classificationCreate\",\"bindingPath\":{\"path\":\"/0\",\"propertyPath\":\"VALUE_TYPE\",\"modelName\":\"newConfigModel\"}}"}]}
RESULT: undefined
COMMAND: POST /session/45c59d76302b4601ce326d500c91de8f/element - {"using":"xpath","value":"//*[@id=\"__box49-application-manageclassifications-display-component---classificationCreate--configurationList-0-arrow\"]"}
RESULT: {"using":"xpath","value":"//*[@id=\"__box49-application-manageclassifications-display-component---classificationCreate--configurationList-0-arrow\"]"}
COMMAND: POST /session/45c59d76302b4601ce326d500c91de8f/element/f.A88CFED3FC703E186E048BAD8979E17B.d.8EC74D987BE5500A8D0F0DE2D76746DD.e.981/click - {}
RESULT: {}
COMMAND: POST /session/45c59d76302b4601ce326d500c91de8f/execute/async - {"script":"<script> [1562 bytes]","args":[{"selector":{"controlType":"sap.m.StandardListItem","viewName":"etm.portal.ui.manageclassifications.view.Create","viewId":"application-manageclassifications-display-component---classificationCreate","properties":{"title":"Boolean"},"searchOpenDialogs":true,"interaction":{"idSuffix":"content"}},"wdio_ui5_key":"etmportal.ui.manageclassifications.view.Createsap.m.StandardListItem{\"title\":\"Boolean\"}"}]}
COMMAND: GET /session/45c59d76302b4601ce326d500c91de8f/screenshot - {}
RESULT: {"script":"<script> [1562 bytes]","args":[{"selector":{"controlType":"sap.m.StandardListItem","viewName":"etm.portal.ui.manageclassifications.view.Create","viewId":"application-manageclassifications-display-component---classificationCreate","properties":{"title":"Boolean"},"searchOpenDialogs":true,"interaction":{"idSuffix":"content"}},"wdio_ui5_key":"etmportal.ui.manageclassifications.view.Createsap.m.StandardListItem{\"title\":\"Boolean\"}"}]}
RESULT: undefined
COMMAND: POST /session/45c59d76302b4601ce326d500c91de8f/element - {"using":"xpath","value":"//*[@id=\"__item313\"]"}
RESULT: {}
RESULT: {"using":"xpath","value":"//*[@id=\"__item313\"]"}
COMMAND: POST /session/45c59d76302b4601ce326d500c91de8f/element/f.A88CFED3FC703E186E048BAD8979E17B.d.8EC74D987BE5500A8D0F0DE2D76746DD.e.983/click - {}
RESULT: {}
COMMAND: POST /session/45c59d76302b4601ce326d500c91de8f/element - {"using":"xpath","value":"//input[contains(@id ,\"application-manageclassifications-display-component---classificationCreate--classHeaderName-inner\")]"}
COMMAND: GET /session/45c59d76302b4601ce326d500c91de8f/screenshot - {}
RESULT: {"using":"xpath","value":"//input[contains(@id ,\"application-manageclassifications-display-component---classificationCreate--classHeaderName-inner\")]"}
COMMAND: GET /session/45c59d76302b4601ce326d500c91de8f/element/f.A88CFED3FC703E186E048BAD8979E17B.d.8EC74D987BE5500A8D0F0DE2D76746DD.e.880/property/value - {}
RESULT: {}
RESULT: {}
COMMAND: GET /session/45c59d76302b4601ce326d500c91de8f/screenshot - {}
RESULT: {}
COMMAND: POST /session/45c59d76302b4601ce326d500c91de8f/element - {"using":"xpath","value":"//button[@title=\"Save\"]"}
RESULT: {"using":"xpath","value":"//button[@title=\"Save\"]"}
COMMAND: POST /session/45c59d76302b4601ce326d500c91de8f/element/f.A88CFED3FC703E186E048BAD8979E17B.d.8EC74D987BE5500A8D0F0DE2D76746DD.e.940/click - {}
RESULT: {}
COMMAND: GET /session/45c59d76302b4601ce326d500c91de8f/screenshot - {}
RESULT: {}
COMMAND: POST /session/45c59d76302b4601ce326d500c91de8f/execute/async - {"script":"<script> [1562 bytes]","args":[{"selector":{"id":"application-manageclassifications-display-component---classificationMaster--smartFilterBar-btnBasicSearch","interaction":{"idSuffix":"I"}},"wdio_ui5_key":"applicationmanageclassifications-display-component---classificationMaster--smartFilterBar-btnBasicSearch"}]}
RESULT: {"script":"<script> [1562 bytes]","args":[{"selector":{"id":"application-manageclassifications-display-component---classificationMaster--smartFilterBar-btnBasicSearch","interaction":{"idSuffix":"I"}},"wdio_ui5_key":"applicationmanageclassifications-display-component---classificationMaster--smartFilterBar-btnBasicSearch"}]}
RESULT: undefined
COMMAND: POST /session/45c59d76302b4601ce326d500c91de8f/execute/async - {"script":"<script> [776 bytes]","args":[{"enterText":"WebdriverYardClassvy0ap","selector":{"id":"application-manageclassifications-display-component---classificationMaster--smartFilterBar-btnBasicSearch","interaction":{"idSuffix":"I"}},"clearTextFirst":true,"interactionType":"ENTER_TEXT"}]}
RESULT: {"script":"<script> [776 bytes]","args":[{"enterText":"WebdriverYardClassvy0ap","selector":{"id":"application-manageclassifications-display-component---classificationMaster--smartFilterBar-btnBasicSearch","interaction":{"idSuffix":"I"}},"clearTextFirst":true,"interactionType":"ENTER_TEXT"}]}
COMMAND: POST /session/45c59d76302b4601ce326d500c91de8f/actions - {"actions":[{"id":"action3","type":"key","parameters":{},"actions":[{"type":"keyDown","value":""},{"type":"pause","duration":10},{"type":"keyUp","value":""}]}]}
RESULT: {"actions":[{"id":"action3","type":"key","parameters":{},"actions":[{"type":"keyDown","value":""},{"type":"pause","duration":10},{"type":"keyUp","value":""}]}]}
COMMAND: POST /session/45c59d76302b4601ce326d500c91de8f/execute/async - {"script":"<script> [1562 bytes]","args":[{"selector":{"id":"application-manageclassifications-display-component---classificationMaster--smartTable-header"},"wdio_ui5_key":"applicationmanageclassifications-display-component---classificationMaster--smartTable-header"}]}
COMMAND: GET /session/45c59d76302b4601ce326d500c91de8f/screenshot - {}
RESULT: {"script":"<script> [1562 bytes]","args":[{"selector":{"id":"application-manageclassifications-display-component---classificationMaster--smartTable-header"},"wdio_ui5_key":"applicationmanageclassifications-display-component---classificationMaster--smartTable-header"}]}
RESULT: undefined
COMMAND: POST /session/45c59d76302b4601ce326d500c91de8f/execute/async - {"script":"<script> [6424 bytes]","args":[{"element-6066-11e4-a52e-4f735466cecf":"f.A88CFED3FC703E186E048BAD8979E17B.d.8EC74D987BE5500A8D0F0DE2D76746DD.e.1181"},"getText",[]]}
RESULT: {}
RESULT: {"script":"<script> [6424 bytes]","args":[{"element-6066-11e4-a52e-4f735466cecf":"f.A88CFED3FC703E186E048BAD8979E17B.d.8EC74D987BE5500A8D0F0DE2D76746DD.e.1181"},"getText",[]]}
COMMAND: POST /session/45c59d76302b4601ce326d500c91de8f/element - {"using":"css selector","value":"#shell-header-logo"}
RESULT: {"using":"css selector","value":"#shell-header-logo"}
COMMAND: POST /session/45c59d76302b4601ce326d500c91de8f/element/f.A88CFED3FC703E186E048BAD8979E17B.d.8EC74D987BE5500A8D0F0DE2D76746DD.e.555/click - {}
RESULT: {}
COMMAND: GET /session/45c59d76302b4601ce326d500c91de8f/screenshot - {}
RESULT: {}
]]></system-out>
    </testcase>
    <testcase classname="chrome.136_0_7103_93.windows.Manage_catalogs_-_yard_assignment_classification_US138930" name="Should add the yard classification to a catalog item" time="145.588">
      <system-out><![CDATA[
RESULT: undefined
COMMAND: POST /session/45c59d76302b4601ce326d500c91de8f/element - {"using":"xpath","value":"//*[@id=\"__tile37\"]"}
RESULT: {"using":"xpath","value":"//*[@id=\"__tile37\"]"}
COMMAND: POST /session/45c59d76302b4601ce326d500c91de8f/element/f.A88CFED3FC703E186E048BAD8979E17B.d.8EC74D987BE5500A8D0F0DE2D76746DD.e.119/click - {}
RESULT: {}
COMMAND: GET /session/45c59d76302b4601ce326d500c91de8f/screenshot - {}
RESULT: {}
COMMAND: POST /session/45c59d76302b4601ce326d500c91de8f/elements - {"using":"xpath","value":"//span[text()='Error']"}
RESULT: {"using":"xpath","value":"//span[text()='Error']"}
COMMAND: POST /session/45c59d76302b4601ce326d500c91de8f/refresh - {}
RESULT: {}
COMMAND: GET /session/45c59d76302b4601ce326d500c91de8f/screenshot - {}
RESULT: {}
COMMAND: POST /session/45c59d76302b4601ce326d500c91de8f/execute/async - {"script":"<script> [189 bytes]","args":[]}
RESULT: {"script":"<script> [189 bytes]","args":[]}
COMMAND: POST /session/45c59d76302b4601ce326d500c91de8f/execute/async - {"script":"<script> [123 bytes]","args":[]}
RESULT: {"script":"<script> [123 bytes]","args":[]}
COMMAND: POST /session/45c59d76302b4601ce326d500c91de8f/timeouts - {"script":"<number>"}
RESULT: {"script":"<number>"}
COMMAND: GET /session/45c59d76302b4601ce326d500c91de8f/timeouts - {}
RESULT: {}
RESULT: undefined
COMMAND: POST /session/45c59d76302b4601ce326d500c91de8f/execute/async - {"script":"<script> [2676 bytes]","args":[]}
RESULT: {"script":"<script> [2676 bytes]","args":[]}
COMMAND: POST /session/45c59d76302b4601ce326d500c91de8f/execute/async - {"script":"<script> [2342 bytes]","args":[{"protocol":"http","hostname":"0.0.0.0","path":"/","capabilities":{"browserName":"chrome","goog:chromeOptions":{"binary":"C:\\Program Files\\Google\\Chrome\\Application\\chrome.exe","args":["--start-maximized"]}},"logLevel":"warn","connectionRetryTimeout":120000,"connectionRetryCount":3,"logLevels":{},"enableDirectConnect":true,"strictSSL":true,"_":"65 more keys: [\"cacheDir\",\"port\",\"requestedCapabilities\",\"automationProtocol\",\"baseUrl\",\"waitforInterval\",\"waitforTimeout\",\"onReload\",\"beforeCommand\",\"afterCommand\",\"rootDir\",\"specs\",\"suites\",\"exclude\",\"groupLogsByTestSpec\",\"excludeDriverLogs\",\"bail\",\"framework\",\"reporters\",\"services\",\"maxInstances\",\"maxInstancesPerCapability\",\"injectGlobals\",\"filesToWatch\",\"execArgv\",\"runnerEnv\",\"runner\",\"shard\",\"specFileRetries\",\"specFileRetriesDelay\",\"specFileRetriesDeferred\",\"reporterSyncInterval\",\"reporterSyncTimeout\",\"cucumberFeaturesWithLineNumbers\",\"autoCompileOpts\",\"mochaOpts\",\"jasmineOpts\",\"cucumberOpts\",\"onPrepare\",\"onWorkerStart\",\"onWorkerEnd\",\"before\",\"beforeSession\",\"beforeSuite\",\"beforeHook\",\"beforeTest\",\"afterTest\",\"afterHook\",\"afterSuite\",\"afterSession\",\"after\",\"onComplete\",\"beforeAssertion\",\"afterAssertion\",\"beforeFeature\",\"beforeScenario\",\"beforeStep\",\"afterStep\",\"afterScenario\",\"afterFeature\",\"_\",\"suite\",\"$0\",\"ignoredWorkerServices\",\"wdi5\"]"}]}
RESULT: {"script":"<script> [2342 bytes]","args":[{"protocol":"http","hostname":"0.0.0.0","path":"/","capabilities":{"browserName":"chrome","goog:chromeOptions":{"binary":"C:\\Program Files\\Google\\Chrome\\Application\\chrome.exe","args":["--start-maximized"]}},"logLevel":"warn","connectionRetryTimeout":120000,"connectionRetryCount":3,"logLevels":{},"enableDirectConnect":true,"strictSSL":true,"_":"65 more keys: [\"cacheDir\",\"port\",\"requestedCapabilities\",\"automationProtocol\",\"baseUrl\",\"waitforInterval\",\"waitforTimeout\",\"onReload\",\"beforeCommand\",\"afterCommand\",\"rootDir\",\"specs\",\"suites\",\"exclude\",\"groupLogsByTestSpec\",\"excludeDriverLogs\",\"bail\",\"framework\",\"reporters\",\"services\",\"maxInstances\",\"maxInstancesPerCapability\",\"injectGlobals\",\"filesToWatch\",\"execArgv\",\"runnerEnv\",\"runner\",\"shard\",\"specFileRetries\",\"specFileRetriesDelay\",\"specFileRetriesDeferred\",\"reporterSyncInterval\",\"reporterSyncTimeout\",\"cucumberFeaturesWithLineNumbers\",\"autoCompileOpts\",\"mochaOpts\",\"jasmineOpts\",\"cucumberOpts\",\"onPrepare\",\"onWorkerStart\",\"onWorkerEnd\",\"before\",\"beforeSession\",\"beforeSuite\",\"beforeHook\",\"beforeTest\",\"afterTest\",\"afterHook\",\"afterSuite\",\"afterSession\",\"after\",\"onComplete\",\"beforeAssertion\",\"afterAssertion\",\"beforeFeature\",\"beforeScenario\",\"beforeStep\",\"afterStep\",\"afterScenario\",\"afterFeature\",\"_\",\"suite\",\"$0\",\"ignoredWorkerServices\",\"wdi5\"]"}]}
COMMAND: POST /session/45c59d76302b4601ce326d500c91de8f/execute/async - {"script":"<script> [21126 bytes]","args":[35000]}
RESULT: {"script":"<script> [21126 bytes]","args":[35000]}
COMMAND: POST /session/45c59d76302b4601ce326d500c91de8f/element - {"using":"xpath","value":"//span[contains(text(), \"Webshop Catalog\")][contains(@id ,\"masterCatalogs\")]"}
RESULT: {"using":"xpath","value":"//span[contains(text(), \"Webshop Catalog\")][contains(@id ,\"masterCatalogs\")]"}
COMMAND: POST /session/45c59d76302b4601ce326d500c91de8f/element/f.A88CFED3FC703E186E048BAD8979E17B.d.4FEECCC64B2D3DEAC319D8F057936916.e.1284/click - {}
RESULT: {}
COMMAND: GET /session/45c59d76302b4601ce326d500c91de8f/screenshot - {}
RESULT: {}
COMMAND: POST /session/45c59d76302b4601ce326d500c91de8f/element - {"using":"xpath","value":"//input[contains(@id ,\"application-managecatalogs-display-component---masterCatalogItems--searchItemsField-I\")]"}
RESULT: {"using":"xpath","value":"//input[contains(@id ,\"application-managecatalogs-display-component---masterCatalogItems--searchItemsField-I\")]"}
COMMAND: POST /session/45c59d76302b4601ce326d500c91de8f/element/f.A88CFED3FC703E186E048BAD8979E17B.d.4FEECCC64B2D3DEAC319D8F057936916.e.1293/value - {"text":"SecondSection2lfl7"}
RESULT: {"text":"SecondSection2lfl7"}
COMMAND: POST /session/45c59d76302b4601ce326d500c91de8f/actions - {"actions":[{"id":"action4","type":"key","parameters":{},"actions":[{"type":"keyDown","value":""},{"type":"pause","duration":10},{"type":"keyUp","value":""}]}]}
COMMAND: GET /session/45c59d76302b4601ce326d500c91de8f/screenshot - {}
RESULT: {"actions":[{"id":"action4","type":"key","parameters":{},"actions":[{"type":"keyDown","value":""},{"type":"pause","duration":10},{"type":"keyUp","value":""}]}]}
COMMAND: GET /session/45c59d76302b4601ce326d500c91de8f/screenshot - {}
RESULT: {}
RESULT: {}
COMMAND: POST /session/45c59d76302b4601ce326d500c91de8f/element - {"using":"xpath","value":"(//span[contains(text(), \"SecondSection2lfl7\")])[1]"}
RESULT: {"using":"xpath","value":"(//span[contains(text(), \"SecondSection2lfl7\")])[1]"}
COMMAND: POST /session/45c59d76302b4601ce326d500c91de8f/element/f.A88CFED3FC703E186E048BAD8979E17B.d.4FEECCC64B2D3DEAC319D8F057936916.e.1321/click - {}
RESULT: {}
COMMAND: POST /session/45c59d76302b4601ce326d500c91de8f/execute/async - {"script":"<script> [1562 bytes]","args":[{"selector":{"controlType":"sap.m.Button","viewName":"etm.portal.ui.managecatalogs.view.Detail","viewId":"application-managecatalogs-display-component---detailCatalog","i18NText":{"propertyName":"text","key":"edit"},"interaction":{"idSuffix":"BDI-content"}},"wdio_ui5_key":"etmportal.ui.managecatalogs.view.Detailsap.m.Button{\"propertyName\":\"text\",\"key\":\"edit\"}"}]}
COMMAND: GET /session/45c59d76302b4601ce326d500c91de8f/screenshot - {}
RESULT: {"script":"<script> [1562 bytes]","args":[{"selector":{"controlType":"sap.m.Button","viewName":"etm.portal.ui.managecatalogs.view.Detail","viewId":"application-managecatalogs-display-component---detailCatalog","i18NText":{"propertyName":"text","key":"edit"},"interaction":{"idSuffix":"BDI-content"}},"wdio_ui5_key":"etmportal.ui.managecatalogs.view.Detailsap.m.Button{\"propertyName\":\"text\",\"key\":\"edit\"}"}]}
RESULT: undefined
COMMAND: POST /session/45c59d76302b4601ce326d500c91de8f/element - {"using":"xpath","value":"//*[@id=\"__button33\"]"}
RESULT: {}
RESULT: {"using":"xpath","value":"//*[@id=\"__button33\"]"}
COMMAND: POST /session/45c59d76302b4601ce326d500c91de8f/element/f.A88CFED3FC703E186E048BAD8979E17B.d.4FEECCC64B2D3DEAC319D8F057936916.e.1390/click - {}
RESULT: {}
COMMAND: POST /session/45c59d76302b4601ce326d500c91de8f/execute/async - {"script":"<script> [1562 bytes]","args":[{"selector":{"controlType":"sap.ui.core.Icon","viewName":"etm.portal.ui.managecatalogs.view.Detail","viewId":"application-managecatalogs-display-component---detailCatalog","properties":{"src":{"regex":{"source":"add\\-document"}}}},"wdio_ui5_key":"etmportal.ui.managecatalogs.view.Detailsap.ui.core.Icon{\"src\":{\"regex\":{\"source\":\"add\\\\-document\"}}}"}]}
COMMAND: GET /session/45c59d76302b4601ce326d500c91de8f/screenshot - {}
RESULT: {"script":"<script> [1562 bytes]","args":[{"selector":{"controlType":"sap.ui.core.Icon","viewName":"etm.portal.ui.managecatalogs.view.Detail","viewId":"application-managecatalogs-display-component---detailCatalog","properties":{"src":{"regex":{"source":"add\\-document"}}}},"wdio_ui5_key":"etmportal.ui.managecatalogs.view.Detailsap.ui.core.Icon{\"src\":{\"regex\":{\"source\":\"add\\\\-document\"}}}"}]}
RESULT: undefined
COMMAND: POST /session/45c59d76302b4601ce326d500c91de8f/element - {"using":"xpath","value":"//*[@id=\"__button42-img\"]"}
RESULT: {}
RESULT: {"using":"xpath","value":"//*[@id=\"__button42-img\"]"}
COMMAND: POST /session/45c59d76302b4601ce326d500c91de8f/element/f.A88CFED3FC703E186E048BAD8979E17B.d.4FEECCC64B2D3DEAC319D8F057936916.e.1395/click - {}
RESULT: {}
COMMAND: POST /session/45c59d76302b4601ce326d500c91de8f/execute/async - {"script":"<script> [1562 bytes]","args":[{"selector":{"id":"application-managecatalogs-display-component---detailCatalog--newItemNumberInput","searchOpenDialogs":true,"interaction":{"idSuffix":"inner"}},"wdio_ui5_key":"applicationmanagecatalogs-display-component---detailCatalog--newItemNumberInput"}]}
COMMAND: GET /session/45c59d76302b4601ce326d500c91de8f/screenshot - {}
RESULT: {"script":"<script> [1562 bytes]","args":[{"selector":{"id":"application-managecatalogs-display-component---detailCatalog--newItemNumberInput","searchOpenDialogs":true,"interaction":{"idSuffix":"inner"}},"wdio_ui5_key":"applicationmanagecatalogs-display-component---detailCatalog--newItemNumberInput"}]}
RESULT: undefined
COMMAND: POST /session/45c59d76302b4601ce326d500c91de8f/execute/async - {"script":"<script> [776 bytes]","args":[{"enterText":"catalogItem9hi4u","selector":{"id":"application-managecatalogs-display-component---detailCatalog--newItemNumberInput","searchOpenDialogs":true,"interaction":{"idSuffix":"inner"}},"clearTextFirst":true,"interactionType":"ENTER_TEXT"}]}
RESULT: {}
RESULT: {"script":"<script> [776 bytes]","args":[{"enterText":"catalogItem9hi4u","selector":{"id":"application-managecatalogs-display-component---detailCatalog--newItemNumberInput","searchOpenDialogs":true,"interaction":{"idSuffix":"inner"}},"clearTextFirst":true,"interactionType":"ENTER_TEXT"}]}
COMMAND: POST /session/45c59d76302b4601ce326d500c91de8f/execute/async - {"script":"<script> [1562 bytes]","args":[{"selector":{"controlType":"sap.m.Input","viewName":"etm.portal.ui.managecatalogs.view.Detail","viewId":"application-managecatalogs-display-component---detailCatalog","bindingPath":{"path":"","propertyPath":"/DESCRIPTION"},"searchOpenDialogs":true,"interaction":{"idSuffix":"inner"}},"wdio_ui5_key":"etmportal.ui.managecatalogs.view.Detailsap.m.Input{\"path\":\"\",\"propertyPath\":\"/DESCRIPTION\"}"}]}
RESULT: {"script":"<script> [1562 bytes]","args":[{"selector":{"controlType":"sap.m.Input","viewName":"etm.portal.ui.managecatalogs.view.Detail","viewId":"application-managecatalogs-display-component---detailCatalog","bindingPath":{"path":"","propertyPath":"/DESCRIPTION"},"searchOpenDialogs":true,"interaction":{"idSuffix":"inner"}},"wdio_ui5_key":"etmportal.ui.managecatalogs.view.Detailsap.m.Input{\"path\":\"\",\"propertyPath\":\"/DESCRIPTION\"}"}]}
RESULT: undefined
COMMAND: POST /session/45c59d76302b4601ce326d500c91de8f/execute/async - {"script":"<script> [776 bytes]","args":[{"enterText":"catalogItemNamek1htwl","selector":{"controlType":"sap.m.Input","viewName":"etm.portal.ui.managecatalogs.view.Detail","viewId":"application-managecatalogs-display-component---detailCatalog","bindingPath":{"path":"","propertyPath":"/DESCRIPTION"},"searchOpenDialogs":true,"interaction":{"idSuffix":"inner"}},"clearTextFirst":true,"interactionType":"ENTER_TEXT"}]}
RESULT: {"script":"<script> [776 bytes]","args":[{"enterText":"catalogItemNamek1htwl","selector":{"controlType":"sap.m.Input","viewName":"etm.portal.ui.managecatalogs.view.Detail","viewId":"application-managecatalogs-display-component---detailCatalog","bindingPath":{"path":"","propertyPath":"/DESCRIPTION"},"searchOpenDialogs":true,"interaction":{"idSuffix":"inner"}},"clearTextFirst":true,"interactionType":"ENTER_TEXT"}]}
COMMAND: POST /session/45c59d76302b4601ce326d500c91de8f/execute/async - {"script":"<script> [1562 bytes]","args":[{"selector":{"controlType":"sap.m.Button","viewName":"etm.portal.ui.managecatalogs.view.Detail","viewId":"application-managecatalogs-display-component---detailCatalog","i18NText":{"propertyName":"text","key":"create"},"searchOpenDialogs":true,"interaction":{"idSuffix":"BDI-content"}},"wdio_ui5_key":"etmportal.ui.managecatalogs.view.Detailsap.m.Button{\"propertyName\":\"text\",\"key\":\"create\"}"}]}
RESULT: {"script":"<script> [1562 bytes]","args":[{"selector":{"controlType":"sap.m.Button","viewName":"etm.portal.ui.managecatalogs.view.Detail","viewId":"application-managecatalogs-display-component---detailCatalog","i18NText":{"propertyName":"text","key":"create"},"searchOpenDialogs":true,"interaction":{"idSuffix":"BDI-content"}},"wdio_ui5_key":"etmportal.ui.managecatalogs.view.Detailsap.m.Button{\"propertyName\":\"text\",\"key\":\"create\"}"}]}
RESULT: undefined
COMMAND: POST /session/45c59d76302b4601ce326d500c91de8f/element - {"using":"xpath","value":"//*[@id=\"__button17\"]"}
RESULT: {"using":"xpath","value":"//*[@id=\"__button17\"]"}
COMMAND: POST /session/45c59d76302b4601ce326d500c91de8f/element/f.A88CFED3FC703E186E048BAD8979E17B.d.4FEECCC64B2D3DEAC319D8F057936916.e.1405/click - {}
RESULT: {}
COMMAND: GET /session/45c59d76302b4601ce326d500c91de8f/screenshot - {}
RESULT: {}
COMMAND: POST /session/45c59d76302b4601ce326d500c91de8f/element - {"using":"xpath","value":"//button[@title=\"Save\"]"}
RESULT: {"using":"xpath","value":"//button[@title=\"Save\"]"}
COMMAND: POST /session/45c59d76302b4601ce326d500c91de8f/element/f.A88CFED3FC703E186E048BAD8979E17B.d.4FEECCC64B2D3DEAC319D8F057936916.e.1406/click - {}
RESULT: {}
COMMAND: GET /session/45c59d76302b4601ce326d500c91de8f/screenshot - {}
RESULT: {}
COMMAND: POST /session/45c59d76302b4601ce326d500c91de8f/execute/async - {"script":"<script> [1562 bytes]","args":[{"selector":{"controlType":"sap.ui.core.Icon","viewName":"etm.portal.ui.managecatalogs.view.Detail","viewId":"application-managecatalogs-display-component---detailCatalog","properties":{"src":{"regex":{"source":"decline"}}}},"wdio_ui5_key":"etmportal.ui.managecatalogs.view.Detailsap.ui.core.Icon{\"src\":{\"regex\":{\"source\":\"decline\"}}}"}]}
RESULT: {"script":"<script> [1562 bytes]","args":[{"selector":{"controlType":"sap.ui.core.Icon","viewName":"etm.portal.ui.managecatalogs.view.Detail","viewId":"application-managecatalogs-display-component---detailCatalog","properties":{"src":{"regex":{"source":"decline"}}}},"wdio_ui5_key":"etmportal.ui.managecatalogs.view.Detailsap.ui.core.Icon{\"src\":{\"regex\":{\"source\":\"decline\"}}}"}]}
RESULT: undefined
COMMAND: POST /session/45c59d76302b4601ce326d500c91de8f/element - {"using":"xpath","value":"//*[@id=\"__button36-img\"]"}
RESULT: {"using":"xpath","value":"//*[@id=\"__button36-img\"]"}
COMMAND: POST /session/45c59d76302b4601ce326d500c91de8f/element/f.A88CFED3FC703E186E048BAD8979E17B.d.4FEECCC64B2D3DEAC319D8F057936916.e.1410/click - {}
RESULT: {}
COMMAND: GET /session/45c59d76302b4601ce326d500c91de8f/screenshot - {}
RESULT: {}
COMMAND: POST /session/45c59d76302b4601ce326d500c91de8f/execute/async - {"script":"<script> [1562 bytes]","args":[{"selector":{"controlType":"sap.ui.core.Icon","viewName":"etm.portal.ui.managecatalogs.view.MasterItems","viewId":"application-managecatalogs-display-component---masterCatalogItems","properties":{"src":{"regex":{"source":"refresh"}}}},"wdio_ui5_key":"etmportal.ui.managecatalogs.view.MasterItemssap.ui.core.Icon{\"src\":{\"regex\":{\"source\":\"refresh\"}}}"}]}
RESULT: {"script":"<script> [1562 bytes]","args":[{"selector":{"controlType":"sap.ui.core.Icon","viewName":"etm.portal.ui.managecatalogs.view.MasterItems","viewId":"application-managecatalogs-display-component---masterCatalogItems","properties":{"src":{"regex":{"source":"refresh"}}}},"wdio_ui5_key":"etmportal.ui.managecatalogs.view.MasterItemssap.ui.core.Icon{\"src\":{\"regex\":{\"source\":\"refresh\"}}}"}]}
RESULT: undefined
COMMAND: POST /session/45c59d76302b4601ce326d500c91de8f/element - {"using":"xpath","value":"//*[@id=\"__button9-img\"]"}
RESULT: {"using":"xpath","value":"//*[@id=\"__button9-img\"]"}
COMMAND: POST /session/45c59d76302b4601ce326d500c91de8f/element/f.A88CFED3FC703E186E048BAD8979E17B.d.4FEECCC64B2D3DEAC319D8F057936916.e.1448/click - {}
RESULT: {}
COMMAND: GET /session/45c59d76302b4601ce326d500c91de8f/screenshot - {}
RESULT: {}
COMMAND: POST /session/45c59d76302b4601ce326d500c91de8f/execute/async - {"script":"<script> [1562 bytes]","args":[{"selector":{"id":"application-managecatalogs-display-component---masterCatalogItems--searchItemsField","interaction":{"idSuffix":"I"}},"wdio_ui5_key":"applicationmanagecatalogs-display-component---masterCatalogItems--searchItemsField"}]}
RESULT: {"script":"<script> [1562 bytes]","args":[{"selector":{"id":"application-managecatalogs-display-component---masterCatalogItems--searchItemsField","interaction":{"idSuffix":"I"}},"wdio_ui5_key":"applicationmanagecatalogs-display-component---masterCatalogItems--searchItemsField"}]}
RESULT: undefined
COMMAND: POST /session/45c59d76302b4601ce326d500c91de8f/execute/async - {"script":"<script> [776 bytes]","args":[{"enterText":"catalogItemNamek1htwl","selector":{"id":"application-managecatalogs-display-component---masterCatalogItems--searchItemsField","interaction":{"idSuffix":"I"}},"clearTextFirst":true,"interactionType":"ENTER_TEXT"}]}
RESULT: {"script":"<script> [776 bytes]","args":[{"enterText":"catalogItemNamek1htwl","selector":{"id":"application-managecatalogs-display-component---masterCatalogItems--searchItemsField","interaction":{"idSuffix":"I"}},"clearTextFirst":true,"interactionType":"ENTER_TEXT"}]}
COMMAND: POST /session/45c59d76302b4601ce326d500c91de8f/actions - {"actions":[{"id":"action5","type":"key","parameters":{},"actions":[{"type":"keyDown","value":""},{"type":"pause","duration":10},{"type":"keyUp","value":""}]}]}
RESULT: {"actions":[{"id":"action5","type":"key","parameters":{},"actions":[{"type":"keyDown","value":""},{"type":"pause","duration":10},{"type":"keyUp","value":""}]}]}
COMMAND: POST /session/45c59d76302b4601ce326d500c91de8f/element - {"using":"xpath","value":"(//span[contains(text(), \"catalogItemNamek1htwl\")])[1]"}
COMMAND: GET /session/45c59d76302b4601ce326d500c91de8f/screenshot - {}
RESULT: {"using":"xpath","value":"(//span[contains(text(), \"catalogItemNamek1htwl\")])[1]"}
COMMAND: POST /session/45c59d76302b4601ce326d500c91de8f/element/f.A88CFED3FC703E186E048BAD8979E17B.d.4FEECCC64B2D3DEAC319D8F057936916.e.1455/click - {}
RESULT: {}
RESULT: {}
COMMAND: GET /session/45c59d76302b4601ce326d500c91de8f/screenshot - {}
COMMAND: POST /session/45c59d76302b4601ce326d500c91de8f/element - {"using":"xpath","value":"//span[contains(text(), \"catalogItem9hi4u\")]"}
RESULT: {}
RESULT: {"using":"xpath","value":"//span[contains(text(), \"catalogItem9hi4u\")]"}
COMMAND: GET /session/45c59d76302b4601ce326d500c91de8f/element/f.A88CFED3FC703E186E048BAD8979E17B.d.4FEECCC64B2D3DEAC319D8F057936916.e.1510/text - {}
RESULT: {}
RESULT: undefined
COMMAND: POST /session/45c59d76302b4601ce326d500c91de8f/element - {"using":"xpath","value":"//*[@id=\"__button33\"]"}
RESULT: {"using":"xpath","value":"//*[@id=\"__button33\"]"}
COMMAND: POST /session/45c59d76302b4601ce326d500c91de8f/element/f.A88CFED3FC703E186E048BAD8979E17B.d.4FEECCC64B2D3DEAC319D8F057936916.e.1511/click - {}
COMMAND: POST /session/45c59d76302b4601ce326d500c91de8f/element - {"using":"xpath","value":"//*[@id=\"__button33\"]"}
RESULT: {"using":"xpath","value":"//*[@id=\"__button33\"]"}
COMMAND: POST /session/45c59d76302b4601ce326d500c91de8f/element/f.A88CFED3FC703E186E048BAD8979E17B.d.4FEECCC64B2D3DEAC319D8F057936916.e.1511/click - {}
COMMAND: POST /session/45c59d76302b4601ce326d500c91de8f/element - {"using":"xpath","value":"//*[@id=\"__button33\"]"}
RESULT: {"using":"xpath","value":"//*[@id=\"__button33\"]"}
COMMAND: POST /session/45c59d76302b4601ce326d500c91de8f/element/f.A88CFED3FC703E186E048BAD8979E17B.d.4FEECCC64B2D3DEAC319D8F057936916.e.1521/click - {}
RESULT: {}
COMMAND: GET /session/45c59d76302b4601ce326d500c91de8f/screenshot - {}
RESULT: {}
COMMAND: POST /session/45c59d76302b4601ce326d500c91de8f/execute/async - {"script":"<script> [1562 bytes]","args":[{"selector":{"id":"application-managecatalogs-display-component---detailCatalog--BASE_UNIT_OF_MEASURE-arrow"},"wdio_ui5_key":"applicationmanagecatalogs-display-component---detailCatalog--BASE_UNIT_OF_MEASURE-arrow"}]}
RESULT: {"script":"<script> [1562 bytes]","args":[{"selector":{"id":"application-managecatalogs-display-component---detailCatalog--BASE_UNIT_OF_MEASURE-arrow"},"wdio_ui5_key":"applicationmanagecatalogs-display-component---detailCatalog--BASE_UNIT_OF_MEASURE-arrow"}]}
RESULT: undefined
COMMAND: POST /session/45c59d76302b4601ce326d500c91de8f/element - {"using":"xpath","value":"//*[@id=\"application-managecatalogs-display-component---detailCatalog--BASE_UNIT_OF_MEASURE-arrow\"]"}
RESULT: {"using":"xpath","value":"//*[@id=\"application-managecatalogs-display-component---detailCatalog--BASE_UNIT_OF_MEASURE-arrow\"]"}
COMMAND: POST /session/45c59d76302b4601ce326d500c91de8f/element/f.A88CFED3FC703E186E048BAD8979E17B.d.4FEECCC64B2D3DEAC319D8F057936916.e.1549/click - {}
RESULT: {}
COMMAND: GET /session/45c59d76302b4601ce326d500c91de8f/screenshot - {}
RESULT: {}
COMMAND: POST /session/45c59d76302b4601ce326d500c91de8f/execute/async - {"script":"<script> [1562 bytes]","args":[{"selector":{"controlType":"sap.m.StandardListItem","viewName":"etm.portal.ui.managecatalogs.view.Detail","viewId":"application-managecatalogs-display-component---detailCatalog","properties":{"title":"Piece"},"searchOpenDialogs":true,"interaction":{"idSuffix":"titleText"}},"wdio_ui5_key":"etmportal.ui.managecatalogs.view.Detailsap.m.StandardListItem{\"title\":\"Piece\"}"}]}
RESULT: {"script":"<script> [1562 bytes]","args":[{"selector":{"controlType":"sap.m.StandardListItem","viewName":"etm.portal.ui.managecatalogs.view.Detail","viewId":"application-managecatalogs-display-component---detailCatalog","properties":{"title":"Piece"},"searchOpenDialogs":true,"interaction":{"idSuffix":"titleText"}},"wdio_ui5_key":"etmportal.ui.managecatalogs.view.Detailsap.m.StandardListItem{\"title\":\"Piece\"}"}]}
RESULT: undefined
COMMAND: POST /session/45c59d76302b4601ce326d500c91de8f/element - {"using":"xpath","value":"//*[@id=\"__item237\"]"}
RESULT: {"using":"xpath","value":"//*[@id=\"__item237\"]"}
COMMAND: POST /session/45c59d76302b4601ce326d500c91de8f/element/f.A88CFED3FC703E186E048BAD8979E17B.d.4FEECCC64B2D3DEAC319D8F057936916.e.1551/click - {}
RESULT: {}
COMMAND: POST /session/45c59d76302b4601ce326d500c91de8f/execute/async - {"script":"<script> [1562 bytes]","args":[{"selector":{"controlType":"sap.ui.core.Icon","viewName":"etm.portal.ui.managecatalogs.view.Detail","viewId":"application-managecatalogs-display-component---detailCatalog","properties":{"src":{"regex":{"source":"add"}}},"ancestor":{"controlType":"sap.m.Button","viewName":"etm.portal.ui.managecatalogs.view.Detail","viewId":"application-managecatalogs-display-component---detailCatalog","i18NText":{"propertyName":"tooltip","key":"addClass"}}},"wdio_ui5_key":"etmportal.ui.managecatalogs.view.Detailsap.ui.core.Icon{\"src\":{\"regex\":{\"source\":\"add\"}}}{\"controlType\":\"sap.m.Button\",\"viewName\":\"etm.portal.ui.managecatalogs.view.Detail\",\"viewId\":\"application-managecatalogs-display-component---detailCatalog\",\"i18NText\":{\"propertyName\":\"tooltip\",\"key\":\"addClass\"}}"}]}
COMMAND: GET /session/45c59d76302b4601ce326d500c91de8f/screenshot - {}
RESULT: {"script":"<script> [1562 bytes]","args":[{"selector":{"controlType":"sap.ui.core.Icon","viewName":"etm.portal.ui.managecatalogs.view.Detail","viewId":"application-managecatalogs-display-component---detailCatalog","properties":{"src":{"regex":{"source":"add"}}},"ancestor":{"controlType":"sap.m.Button","viewName":"etm.portal.ui.managecatalogs.view.Detail","viewId":"application-managecatalogs-display-component---detailCatalog","i18NText":{"propertyName":"tooltip","key":"addClass"}}},"wdio_ui5_key":"etmportal.ui.managecatalogs.view.Detailsap.ui.core.Icon{\"src\":{\"regex\":{\"source\":\"add\"}}}{\"controlType\":\"sap.m.Button\",\"viewName\":\"etm.portal.ui.managecatalogs.view.Detail\",\"viewId\":\"application-managecatalogs-display-component---detailCatalog\",\"i18NText\":{\"propertyName\":\"tooltip\",\"key\":\"addClass\"}}"}]}
RESULT: undefined
COMMAND: POST /session/45c59d76302b4601ce326d500c91de8f/element - {"using":"xpath","value":"//*[@id=\"__button39-img\"]"}
RESULT: {}
RESULT: {"using":"xpath","value":"//*[@id=\"__button39-img\"]"}
COMMAND: POST /session/45c59d76302b4601ce326d500c91de8f/element/f.A88CFED3FC703E186E048BAD8979E17B.d.4FEECCC64B2D3DEAC319D8F057936916.e.1552/click - {}
RESULT: {}
COMMAND: GET /session/45c59d76302b4601ce326d500c91de8f/screenshot - {}
RESULT: {}
COMMAND: POST /session/45c59d76302b4601ce326d500c91de8f/element - {"using":"xpath","value":"//input[contains(@id ,\"searchField-I\")]"}
RESULT: {"using":"xpath","value":"//input[contains(@id ,\"searchField-I\")]"}
COMMAND: POST /session/45c59d76302b4601ce326d500c91de8f/element/f.A88CFED3FC703E186E048BAD8979E17B.d.4FEECCC64B2D3DEAC319D8F057936916.e.1556/value - {"text":"WebdriverYardClassvy0ap"}
RESULT: {"text":"WebdriverYardClassvy0ap"}
COMMAND: POST /session/45c59d76302b4601ce326d500c91de8f/actions - {"actions":[{"id":"action6","type":"key","parameters":{},"actions":[{"type":"keyDown","value":""},{"type":"pause","duration":10},{"type":"keyUp","value":""}]}]}
COMMAND: GET /session/45c59d76302b4601ce326d500c91de8f/screenshot - {}
RESULT: {"actions":[{"id":"action6","type":"key","parameters":{},"actions":[{"type":"keyDown","value":""},{"type":"pause","duration":10},{"type":"keyUp","value":""}]}]}
COMMAND: GET /session/45c59d76302b4601ce326d500c91de8f/screenshot - {}
RESULT: {}
RESULT: {}
COMMAND: POST /session/45c59d76302b4601ce326d500c91de8f/element - {"using":"xpath","value":"//span[contains(text(), \"WebdriverYardClassvy0ap\")]"}
RESULT: {"using":"xpath","value":"//span[contains(text(), \"WebdriverYardClassvy0ap\")]"}
COMMAND: POST /session/45c59d76302b4601ce326d500c91de8f/element/f.A88CFED3FC703E186E048BAD8979E17B.d.4FEECCC64B2D3DEAC319D8F057936916.e.1590/click - {}
RESULT: {}
COMMAND: GET /session/45c59d76302b4601ce326d500c91de8f/screenshot - {}
RESULT: {}
COMMAND: POST /session/45c59d76302b4601ce326d500c91de8f/execute/async - {"script":"<script> [1562 bytes]","args":[{"selector":{"controlType":"sap.m.Button","viewName":"etm.portal.ui.managecatalogs.view.Detail","viewId":"application-managecatalogs-display-component---detailCatalog","properties":{"text":"Classification"},"interaction":{"idSuffix":"BDI-content"}},"wdio_ui5_key":"etmportal.ui.managecatalogs.view.Detailsap.m.Button{\"text\":\"Classification\"}"}]}
RESULT: {"script":"<script> [1562 bytes]","args":[{"selector":{"controlType":"sap.m.Button","viewName":"etm.portal.ui.managecatalogs.view.Detail","viewId":"application-managecatalogs-display-component---detailCatalog","properties":{"text":"Classification"},"interaction":{"idSuffix":"BDI-content"}},"wdio_ui5_key":"etmportal.ui.managecatalogs.view.Detailsap.m.Button{\"text\":\"Classification\"}"}]}
RESULT: undefined
COMMAND: POST /session/45c59d76302b4601ce326d500c91de8f/element - {"using":"xpath","value":"//*[@id=\"application-managecatalogs-display-component---detailCatalog--ObjectPageLayout-anchBar-__section3-anchor\"]"}
RESULT: {"using":"xpath","value":"//*[@id=\"application-managecatalogs-display-component---detailCatalog--ObjectPageLayout-anchBar-__section3-anchor\"]"}
COMMAND: POST /session/45c59d76302b4601ce326d500c91de8f/element/f.A88CFED3FC703E186E048BAD8979E17B.d.4FEECCC64B2D3DEAC319D8F057936916.e.1596/click - {}
RESULT: {}
COMMAND: GET /session/45c59d76302b4601ce326d500c91de8f/screenshot - {}
RESULT: {}
COMMAND: POST /session/45c59d76302b4601ce326d500c91de8f/element - {"using":"xpath","value":"//span[contains(@id ,\"expandButton-img\")]"}
RESULT: {"using":"xpath","value":"//span[contains(@id ,\"expandButton-img\")]"}
COMMAND: POST /session/45c59d76302b4601ce326d500c91de8f/element/f.A88CFED3FC703E186E048BAD8979E17B.d.4FEECCC64B2D3DEAC319D8F057936916.e.1601/click - {}
RESULT: {}
COMMAND: POST /session/45c59d76302b4601ce326d500c91de8f/execute/async - {"script":"<script> [1562 bytes]","args":[{"selector":{"controlType":"sap.m.CheckBox","viewName":"etm.portal.ui.managecatalogs.view.Detail","viewId":"application-managecatalogs-display-component---detailCatalog","bindingPath":{"path":"/data/0/PROPERTIES/0","propertyPath":"SELECTED","modelName":"classModel"},"interaction":{"idSuffix":"CbBg"}},"wdio_ui5_key":"etmportal.ui.managecatalogs.view.Detailsap.m.CheckBox{\"path\":\"/data/0/PROPERTIES/0\",\"propertyPath\":\"SELECTED\",\"modelName\":\"classModel\"}"}]}
COMMAND: GET /session/45c59d76302b4601ce326d500c91de8f/screenshot - {}
RESULT: {"script":"<script> [1562 bytes]","args":[{"selector":{"controlType":"sap.m.CheckBox","viewName":"etm.portal.ui.managecatalogs.view.Detail","viewId":"application-managecatalogs-display-component---detailCatalog","bindingPath":{"path":"/data/0/PROPERTIES/0","propertyPath":"SELECTED","modelName":"classModel"},"interaction":{"idSuffix":"CbBg"}},"wdio_ui5_key":"etmportal.ui.managecatalogs.view.Detailsap.m.CheckBox{\"path\":\"/data/0/PROPERTIES/0\",\"propertyPath\":\"SELECTED\",\"modelName\":\"classModel\"}"}]}
RESULT: undefined
COMMAND: POST /session/45c59d76302b4601ce326d500c91de8f/element - {"using":"xpath","value":"//*[@id=\"__box32\"]"}
RESULT: {}
RESULT: {"using":"xpath","value":"//*[@id=\"__box32\"]"}
COMMAND: POST /session/45c59d76302b4601ce326d500c91de8f/element/f.A88CFED3FC703E186E048BAD8979E17B.d.4FEECCC64B2D3DEAC319D8F057936916.e.1616/click - {}
RESULT: {}
RESULT: undefined
COMMAND: POST /session/45c59d76302b4601ce326d500c91de8f/execute/async - {"script":"<script> [6424 bytes]","args":[{"element-6066-11e4-a52e-4f735466cecf":"f.A88CFED3FC703E186E048BAD8979E17B.d.4FEECCC64B2D3DEAC319D8F057936916.e.1614"},"getSelected",[]]}
COMMAND: GET /session/45c59d76302b4601ce326d500c91de8f/screenshot - {}
RESULT: {"script":"<script> [6424 bytes]","args":[{"element-6066-11e4-a52e-4f735466cecf":"f.A88CFED3FC703E186E048BAD8979E17B.d.4FEECCC64B2D3DEAC319D8F057936916.e.1614"},"getSelected",[]]}
COMMAND: POST /session/45c59d76302b4601ce326d500c91de8f/execute/async - {"script":"<script> [1562 bytes]","args":[{"selector":{"controlType":"sap.m.Button","viewName":"etm.portal.ui.managecatalogs.view.Detail","viewId":"application-managecatalogs-display-component---detailCatalog","i18NText":{"propertyName":"text","key":"save"},"interaction":{"idSuffix":"BDI-content"}},"wdio_ui5_key":"etmportal.ui.managecatalogs.view.Detailsap.m.Button{\"propertyName\":\"text\",\"key\":\"save\"}"}]}
RESULT: {}
RESULT: {"script":"<script> [1562 bytes]","args":[{"selector":{"controlType":"sap.m.Button","viewName":"etm.portal.ui.managecatalogs.view.Detail","viewId":"application-managecatalogs-display-component---detailCatalog","i18NText":{"propertyName":"text","key":"save"},"interaction":{"idSuffix":"BDI-content"}},"wdio_ui5_key":"etmportal.ui.managecatalogs.view.Detailsap.m.Button{\"propertyName\":\"text\",\"key\":\"save\"}"}]}
RESULT: undefined
COMMAND: POST /session/45c59d76302b4601ce326d500c91de8f/element - {"using":"xpath","value":"//*[@id=\"__button51\"]"}
RESULT: {"using":"xpath","value":"//*[@id=\"__button51\"]"}
COMMAND: POST /session/45c59d76302b4601ce326d500c91de8f/element/f.A88CFED3FC703E186E048BAD8979E17B.d.4FEECCC64B2D3DEAC319D8F057936916.e.1524/click - {}
RESULT: {}
COMMAND: GET /session/45c59d76302b4601ce326d500c91de8f/screenshot - {}
RESULT: {}
COMMAND: POST /session/45c59d76302b4601ce326d500c91de8f/element - {"using":"css selector","value":"#shell-header-logo"}
RESULT: {"using":"css selector","value":"#shell-header-logo"}
COMMAND: POST /session/45c59d76302b4601ce326d500c91de8f/element/f.A88CFED3FC703E186E048BAD8979E17B.d.4FEECCC64B2D3DEAC319D8F057936916.e.1260/click - {}
RESULT: {}
COMMAND: GET /session/45c59d76302b4601ce326d500c91de8f/screenshot - {}
RESULT: {}
]]></system-out>
    </testcase>
    <testcase classname="chrome.136_0_7103_93.windows.Manage_catalogs_-_yard_assignment_classification_US138930" name="Should verify if the catalog item is visible after selecting the yard" time="88.711">
      <system-out><![CDATA[
COMMAND: POST /session/45c59d76302b4601ce326d500c91de8f/execute/async - {"script":"<script> [1562 bytes]","args":[{"selector":{"controlType":"sap.m.Text","properties":{"text":"Webshop"},"interaction":{"idSuffix":"inner"}},"wdio_ui5_key":"sapm.Text{\"text\":\"Webshop\"}"}]}
RESULT: {"script":"<script> [1562 bytes]","args":[{"selector":{"controlType":"sap.m.Text","properties":{"text":"Webshop"},"interaction":{"idSuffix":"inner"}},"wdio_ui5_key":"sapm.Text{\"text\":\"Webshop\"}"}]}
RESULT: undefined
COMMAND: POST /session/45c59d76302b4601ce326d500c91de8f/element - {"using":"xpath","value":"//*[@id=\"__tile49-title\"]"}
RESULT: {"using":"xpath","value":"//*[@id=\"__tile49-title\"]"}
COMMAND: POST /session/45c59d76302b4601ce326d500c91de8f/element/f.A88CFED3FC703E186E048BAD8979E17B.d.4FEECCC64B2D3DEAC319D8F057936916.e.1646/click - {}
RESULT: {}
COMMAND: GET /session/45c59d76302b4601ce326d500c91de8f/screenshot - {}
RESULT: {}
COMMAND: POST /session/45c59d76302b4601ce326d500c91de8f/element - {"using":"css selector","value":"#requestCreationDialog--createRequestPopUp-title-inner"}
RESULT: {"using":"css selector","value":"#requestCreationDialog--createRequestPopUp-title-inner"}
COMMAND: POST /session/45c59d76302b4601ce326d500c91de8f/execute/sync - {"script":"<script> [8489 bytes]","args":[{"element-6066-11e4-a52e-4f735466cecf":"f.A88CFED3FC703E186E048BAD8979E17B.d.4FEECCC64B2D3DEAC319D8F057936916.e.1675","ELEMENT":"f.A88CFED3FC703E186E048BAD8979E17B.d.4FEECCC64B2D3DEAC319D8F057936916.e.1675"}]}
RESULT: {"script":"<script> [8489 bytes]","args":[{"element-6066-11e4-a52e-4f735466cecf":"f.A88CFED3FC703E186E048BAD8979E17B.d.4FEECCC64B2D3DEAC319D8F057936916.e.1675","ELEMENT":"f.A88CFED3FC703E186E048BAD8979E17B.d.4FEECCC64B2D3DEAC319D8F057936916.e.1675"}]}
COMMAND: GET /session/45c59d76302b4601ce326d500c91de8f/element/f.A88CFED3FC703E186E048BAD8979E17B.d.4FEECCC64B2D3DEAC319D8F057936916.e.1675/enabled - {}
COMMAND: GET /session/45c59d76302b4601ce326d500c91de8f/screenshot - {}
RESULT: {}
COMMAND: POST /session/45c59d76302b4601ce326d500c91de8f/elements - {"using":"css selector","value":"#requestCreationDialog--createRequestPopUp-title-inner"}
COMMAND: GET /session/45c59d76302b4601ce326d500c91de8f/screenshot - {}
RESULT: {}
RESULT: {"using":"css selector","value":"#requestCreationDialog--createRequestPopUp-title-inner"}
COMMAND: POST /session/45c59d76302b4601ce326d500c91de8f/execute/async - {"script":"<script> [1562 bytes]","args":[{"selector":{"id":"requestCreationDialog--requestName","searchOpenDialogs":true,"interaction":{"idSuffix":"inner"}},"wdio_ui5_key":"requestCreationDialogrequestName"}]}
RESULT: {}
RESULT: {"script":"<script> [1562 bytes]","args":[{"selector":{"id":"requestCreationDialog--requestName","searchOpenDialogs":true,"interaction":{"idSuffix":"inner"}},"wdio_ui5_key":"requestCreationDialogrequestName"}]}
RESULT: undefined
COMMAND: POST /session/45c59d76302b4601ce326d500c91de8f/execute/async - {"script":"<script> [776 bytes]","args":[{"enterText":"WebdriverTest","selector":{"id":"requestCreationDialog--requestName","searchOpenDialogs":true,"interaction":{"idSuffix":"inner"}},"clearTextFirst":true,"interactionType":"ENTER_TEXT"}]}
RESULT: {"script":"<script> [776 bytes]","args":[{"enterText":"WebdriverTest","selector":{"id":"requestCreationDialog--requestName","searchOpenDialogs":true,"interaction":{"idSuffix":"inner"}},"clearTextFirst":true,"interactionType":"ENTER_TEXT"}]}
COMMAND: POST /session/45c59d76302b4601ce326d500c91de8f/element - {"using":"xpath","value":"//input[contains(@id ,\"requestCreationDialog--yardId-inner\")]"}
RESULT: {"using":"xpath","value":"//input[contains(@id ,\"requestCreationDialog--yardId-inner\")]"}
COMMAND: POST /session/45c59d76302b4601ce326d500c91de8f/element/f.A88CFED3FC703E186E048BAD8979E17B.d.4FEECCC64B2D3DEAC319D8F057936916.e.1664/clear - {}
RESULT: {}
COMMAND: POST /session/45c59d76302b4601ce326d500c91de8f/element/f.A88CFED3FC703E186E048BAD8979E17B.d.4FEECCC64B2D3DEAC319D8F057936916.e.1664/value - {"text":"101"}
COMMAND: GET /session/45c59d76302b4601ce326d500c91de8f/screenshot - {}
RESULT: {"text":"101"}
COMMAND: GET /session/45c59d76302b4601ce326d500c91de8f/screenshot - {}
RESULT: {}
RESULT: {}
COMMAND: POST /session/45c59d76302b4601ce326d500c91de8f/execute/async - {"script":"<script> [1562 bytes]","args":[{"selector":{"id":"requestCreationDialog--okButton","searchOpenDialogs":true,"interaction":{"idSuffix":"BDI-content"}},"wdio_ui5_key":"requestCreationDialogokButton"}]}
RESULT: {"script":"<script> [1562 bytes]","args":[{"selector":{"id":"requestCreationDialog--okButton","searchOpenDialogs":true,"interaction":{"idSuffix":"BDI-content"}},"wdio_ui5_key":"requestCreationDialogokButton"}]}
RESULT: undefined
COMMAND: POST /session/45c59d76302b4601ce326d500c91de8f/element - {"using":"xpath","value":"//*[@id=\"requestCreationDialog--okButton\"]"}
RESULT: {"using":"xpath","value":"//*[@id=\"requestCreationDialog--okButton\"]"}
COMMAND: POST /session/45c59d76302b4601ce326d500c91de8f/element/f.A88CFED3FC703E186E048BAD8979E17B.d.4FEECCC64B2D3DEAC319D8F057936916.e.1682/click - {}
RESULT: {}
COMMAND: GET /session/45c59d76302b4601ce326d500c91de8f/screenshot - {}
COMMAND: POST /session/45c59d76302b4601ce326d500c91de8f/element - {"using":"xpath","value":"//input[contains(@id ,\"searchFiledId-I\")]"}
RESULT: {}
RESULT: {"using":"xpath","value":"//input[contains(@id ,\"searchFiledId-I\")]"}
COMMAND: POST /session/45c59d76302b4601ce326d500c91de8f/element/f.A88CFED3FC703E186E048BAD8979E17B.d.4FEECCC64B2D3DEAC319D8F057936916.e.1651/value - {"text":"catalogItem9hi4u"}
RESULT: {"text":"catalogItem9hi4u"}
COMMAND: POST /session/45c59d76302b4601ce326d500c91de8f/actions - {"actions":[{"id":"action7","type":"key","parameters":{},"actions":[{"type":"keyDown","value":""},{"type":"pause","duration":10},{"type":"keyUp","value":""}]}]}
COMMAND: GET /session/45c59d76302b4601ce326d500c91de8f/screenshot - {}
RESULT: {"actions":[{"id":"action7","type":"key","parameters":{},"actions":[{"type":"keyDown","value":""},{"type":"pause","duration":10},{"type":"keyUp","value":""}]}]}
COMMAND: GET /session/45c59d76302b4601ce326d500c91de8f/screenshot - {}
RESULT: {}
RESULT: {}
COMMAND: POST /session/45c59d76302b4601ce326d500c91de8f/element - {"using":"xpath","value":"//span[contains(@id ,\"subTitle\")][contains(text(), \"catalogItem9hi4u\")]"}
RESULT: {"using":"xpath","value":"//span[contains(@id ,\"subTitle\")][contains(text(), \"catalogItem9hi4u\")]"}
COMMAND: POST /session/45c59d76302b4601ce326d500c91de8f/element - {"using":"xpath","value":"//span[contains(@id ,\"subTitle\")][contains(text(), \"catalogItem9hi4u\")]"}
RESULT: {"using":"xpath","value":"//span[contains(@id ,\"subTitle\")][contains(text(), \"catalogItem9hi4u\")]"}
COMMAND: POST /session/45c59d76302b4601ce326d500c91de8f/execute/async - {"script":"<script> [1562 bytes]","args":[{"selector":{"controlType":"sap.tnt.NavigationListItem","viewName":"etm.portal.ui.webshop.view.Homepage","i18NText":{"propertyName":"text","key":"exit"},"interaction":{"idSuffix":"a"}},"wdio_ui5_key":"etmportal.ui.webshop.view.Homepagesap.tnt.NavigationListItem{\"propertyName\":\"text\",\"key\":\"exit\"}"}]}
RESULT: {"script":"<script> [1562 bytes]","args":[{"selector":{"controlType":"sap.tnt.NavigationListItem","viewName":"etm.portal.ui.webshop.view.Homepage","i18NText":{"propertyName":"text","key":"exit"},"interaction":{"idSuffix":"a"}},"wdio_ui5_key":"etmportal.ui.webshop.view.Homepagesap.tnt.NavigationListItem{\"propertyName\":\"text\",\"key\":\"exit\"}"}]}
RESULT: undefined
COMMAND: POST /session/45c59d76302b4601ce326d500c91de8f/element - {"using":"xpath","value":"//*[@id=\"__item295\"]"}
RESULT: {"using":"xpath","value":"//*[@id=\"__item295\"]"}
COMMAND: POST /session/45c59d76302b4601ce326d500c91de8f/element/f.A88CFED3FC703E186E048BAD8979E17B.d.4FEECCC64B2D3DEAC319D8F057936916.e.1690/click - {}
RESULT: {}
]]></system-out>
    </testcase>
  </testsuite>
  <testsuite timestamp="2025-05-21T15:56:38" time="286.094" tests="1" failures="0" errors="0" skipped="0">
    <properties>
      <property name="specId" value="0"/>
      <property name="suiteName" value="Catalogs section"/>
      <property name="capabilities" value="chrome.136_0_7103_93.windows"/>
      <property name="file" value="file:///D:/a/1/s/test/specs/R2C/manage-catalogs-values-section.spec.js"/>
    </properties>
    <testcase classname="chrome.136_0_7103_93.windows.Catalogs_section" name="Should add values to a catalog item" time="286.088">
      <system-out><![CDATA[
COMMAND: POST /session/45c59d76302b4601ce326d500c91de8f/element - {"using":"xpath","value":"//span[contains(@id ,\"requestCreationDialog--createRequestPopUp-title-inner\")]"}
COMMAND: GET /session/45c59d76302b4601ce326d500c91de8f/screenshot - {}
RESULT: {"using":"xpath","value":"//span[contains(@id ,\"requestCreationDialog--createRequestPopUp-title-inner\")]"}
COMMAND: POST /session/45c59d76302b4601ce326d500c91de8f/elements - {"using":"xpath","value":"//span[contains(@id ,\"requestCreationDialog--createRequestPopUp-title-inner\")]"}
RESULT: {}
RESULT: {"using":"xpath","value":"//span[contains(@id ,\"requestCreationDialog--createRequestPopUp-title-inner\")]"}
COMMAND: POST /session/45c59d76302b4601ce326d500c91de8f/execute/async - {"script":"<script> [1562 bytes]","args":[{"selector":{"controlType":"sap.m.GenericTile","properties":{"header":"Manage Catalogs"}},"wdio_ui5_key":"sapm.GenericTile{\"header\":\"Manage Catalogs\"}"}]}
RESULT: {"script":"<script> [1562 bytes]","args":[{"selector":{"controlType":"sap.m.GenericTile","properties":{"header":"Manage Catalogs"}},"wdio_ui5_key":"sapm.GenericTile{\"header\":\"Manage Catalogs\"}"}]}
RESULT: undefined
COMMAND: POST /session/45c59d76302b4601ce326d500c91de8f/element - {"using":"xpath","value":"//*[@id=\"__tile37\"]"}
RESULT: {"using":"xpath","value":"//*[@id=\"__tile37\"]"}
COMMAND: POST /session/45c59d76302b4601ce326d500c91de8f/element/f.A88CFED3FC703E186E048BAD8979E17B.d.4FEECCC64B2D3DEAC319D8F057936916.e.1701/click - {}
RESULT: {}
COMMAND: GET /session/45c59d76302b4601ce326d500c91de8f/screenshot - {}
RESULT: {}
COMMAND: POST /session/45c59d76302b4601ce326d500c91de8f/elements - {"using":"xpath","value":"//span[text()='Error']"}
RESULT: {"using":"xpath","value":"//span[text()='Error']"}
COMMAND: POST /session/45c59d76302b4601ce326d500c91de8f/refresh - {}
RESULT: {}
COMMAND: GET /session/45c59d76302b4601ce326d500c91de8f/screenshot - {}
RESULT: {}
COMMAND: POST /session/45c59d76302b4601ce326d500c91de8f/execute/async - {"script":"<script> [189 bytes]","args":[]}
RESULT: {"script":"<script> [189 bytes]","args":[]}
COMMAND: POST /session/45c59d76302b4601ce326d500c91de8f/execute/async - {"script":"<script> [123 bytes]","args":[]}
RESULT: {"script":"<script> [123 bytes]","args":[]}
COMMAND: POST /session/45c59d76302b4601ce326d500c91de8f/timeouts - {"script":"<number>"}
RESULT: {"script":"<number>"}
COMMAND: GET /session/45c59d76302b4601ce326d500c91de8f/timeouts - {}
RESULT: {}
RESULT: undefined
COMMAND: POST /session/45c59d76302b4601ce326d500c91de8f/execute/async - {"script":"<script> [2676 bytes]","args":[]}
RESULT: {"script":"<script> [2676 bytes]","args":[]}
COMMAND: POST /session/45c59d76302b4601ce326d500c91de8f/execute/async - {"script":"<script> [2342 bytes]","args":[{"protocol":"http","hostname":"0.0.0.0","path":"/","capabilities":{"browserName":"chrome","goog:chromeOptions":{"binary":"C:\\Program Files\\Google\\Chrome\\Application\\chrome.exe","args":["--start-maximized"]}},"logLevel":"warn","connectionRetryTimeout":120000,"connectionRetryCount":3,"logLevels":{},"enableDirectConnect":true,"strictSSL":true,"_":"65 more keys: [\"cacheDir\",\"port\",\"requestedCapabilities\",\"automationProtocol\",\"baseUrl\",\"waitforInterval\",\"waitforTimeout\",\"onReload\",\"beforeCommand\",\"afterCommand\",\"rootDir\",\"specs\",\"suites\",\"exclude\",\"groupLogsByTestSpec\",\"excludeDriverLogs\",\"bail\",\"framework\",\"reporters\",\"services\",\"maxInstances\",\"maxInstancesPerCapability\",\"injectGlobals\",\"filesToWatch\",\"execArgv\",\"runnerEnv\",\"runner\",\"shard\",\"specFileRetries\",\"specFileRetriesDelay\",\"specFileRetriesDeferred\",\"reporterSyncInterval\",\"reporterSyncTimeout\",\"cucumberFeaturesWithLineNumbers\",\"autoCompileOpts\",\"mochaOpts\",\"jasmineOpts\",\"cucumberOpts\",\"onPrepare\",\"onWorkerStart\",\"onWorkerEnd\",\"before\",\"beforeSession\",\"beforeSuite\",\"beforeHook\",\"beforeTest\",\"afterTest\",\"afterHook\",\"afterSuite\",\"afterSession\",\"after\",\"onComplete\",\"beforeAssertion\",\"afterAssertion\",\"beforeFeature\",\"beforeScenario\",\"beforeStep\",\"afterStep\",\"afterScenario\",\"afterFeature\",\"_\",\"suite\",\"$0\",\"ignoredWorkerServices\",\"wdi5\"]"}]}
RESULT: {"script":"<script> [2342 bytes]","args":[{"protocol":"http","hostname":"0.0.0.0","path":"/","capabilities":{"browserName":"chrome","goog:chromeOptions":{"binary":"C:\\Program Files\\Google\\Chrome\\Application\\chrome.exe","args":["--start-maximized"]}},"logLevel":"warn","connectionRetryTimeout":120000,"connectionRetryCount":3,"logLevels":{},"enableDirectConnect":true,"strictSSL":true,"_":"65 more keys: [\"cacheDir\",\"port\",\"requestedCapabilities\",\"automationProtocol\",\"baseUrl\",\"waitforInterval\",\"waitforTimeout\",\"onReload\",\"beforeCommand\",\"afterCommand\",\"rootDir\",\"specs\",\"suites\",\"exclude\",\"groupLogsByTestSpec\",\"excludeDriverLogs\",\"bail\",\"framework\",\"reporters\",\"services\",\"maxInstances\",\"maxInstancesPerCapability\",\"injectGlobals\",\"filesToWatch\",\"execArgv\",\"runnerEnv\",\"runner\",\"shard\",\"specFileRetries\",\"specFileRetriesDelay\",\"specFileRetriesDeferred\",\"reporterSyncInterval\",\"reporterSyncTimeout\",\"cucumberFeaturesWithLineNumbers\",\"autoCompileOpts\",\"mochaOpts\",\"jasmineOpts\",\"cucumberOpts\",\"onPrepare\",\"onWorkerStart\",\"onWorkerEnd\",\"before\",\"beforeSession\",\"beforeSuite\",\"beforeHook\",\"beforeTest\",\"afterTest\",\"afterHook\",\"afterSuite\",\"afterSession\",\"after\",\"onComplete\",\"beforeAssertion\",\"afterAssertion\",\"beforeFeature\",\"beforeScenario\",\"beforeStep\",\"afterStep\",\"afterScenario\",\"afterFeature\",\"_\",\"suite\",\"$0\",\"ignoredWorkerServices\",\"wdi5\"]"}]}
COMMAND: POST /session/45c59d76302b4601ce326d500c91de8f/execute/async - {"script":"<script> [21126 bytes]","args":[35000]}
RESULT: {"script":"<script> [21126 bytes]","args":[35000]}
COMMAND: POST /session/45c59d76302b4601ce326d500c91de8f/element - {"using":"xpath","value":"//span[contains(text(), \"Webshop Catalog\")][contains(@id ,\"masterCatalogs\")]"}
RESULT: {"using":"xpath","value":"//span[contains(text(), \"Webshop Catalog\")][contains(@id ,\"masterCatalogs\")]"}
COMMAND: POST /session/45c59d76302b4601ce326d500c91de8f/element/f.A88CFED3FC703E186E048BAD8979E17B.d.556DFFD6EB45ED1BC36F79FE2A8B37BC.e.1800/click - {}
RESULT: {}
COMMAND: GET /session/45c59d76302b4601ce326d500c91de8f/screenshot - {}
RESULT: {}
COMMAND: POST /session/45c59d76302b4601ce326d500c91de8f/element - {"using":"xpath","value":"//input[contains(@id ,\"application-managecatalogs-display-component---masterCatalogItems--searchItemsField-I\")]"}
RESULT: {"using":"xpath","value":"//input[contains(@id ,\"application-managecatalogs-display-component---masterCatalogItems--searchItemsField-I\")]"}
COMMAND: POST /session/45c59d76302b4601ce326d500c91de8f/element/f.A88CFED3FC703E186E048BAD8979E17B.d.556DFFD6EB45ED1BC36F79FE2A8B37BC.e.1803/value - {"text":"SecondSection2lfl7"}
RESULT: {"text":"SecondSection2lfl7"}
COMMAND: POST /session/45c59d76302b4601ce326d500c91de8f/actions - {"actions":[{"id":"action8","type":"key","parameters":{},"actions":[{"type":"keyDown","value":""},{"type":"pause","duration":10},{"type":"keyUp","value":""}]}]}
COMMAND: GET /session/45c59d76302b4601ce326d500c91de8f/screenshot - {}
RESULT: {"actions":[{"id":"action8","type":"key","parameters":{},"actions":[{"type":"keyDown","value":""},{"type":"pause","duration":10},{"type":"keyUp","value":""}]}]}
COMMAND: GET /session/45c59d76302b4601ce326d500c91de8f/screenshot - {}
RESULT: {}
RESULT: {}
COMMAND: POST /session/45c59d76302b4601ce326d500c91de8f/element - {"using":"xpath","value":"(//span[contains(text(), \"SecondSection2lfl7\")])[1]"}
RESULT: {"using":"xpath","value":"(//span[contains(text(), \"SecondSection2lfl7\")])[1]"}
COMMAND: POST /session/45c59d76302b4601ce326d500c91de8f/element/f.A88CFED3FC703E186E048BAD8979E17B.d.556DFFD6EB45ED1BC36F79FE2A8B37BC.e.1837/click - {}
RESULT: {}
COMMAND: POST /session/45c59d76302b4601ce326d500c91de8f/execute/async - {"script":"<script> [1562 bytes]","args":[{"selector":{"controlType":"sap.m.Button","viewName":"etm.portal.ui.managecatalogs.view.Detail","viewId":"application-managecatalogs-display-component---detailCatalog","i18NText":{"propertyName":"text","key":"edit"},"interaction":{"idSuffix":"BDI-content"}},"wdio_ui5_key":"etmportal.ui.managecatalogs.view.Detailsap.m.Button{\"propertyName\":\"text\",\"key\":\"edit\"}"}]}
COMMAND: GET /session/45c59d76302b4601ce326d500c91de8f/screenshot - {}
RESULT: {"script":"<script> [1562 bytes]","args":[{"selector":{"controlType":"sap.m.Button","viewName":"etm.portal.ui.managecatalogs.view.Detail","viewId":"application-managecatalogs-display-component---detailCatalog","i18NText":{"propertyName":"text","key":"edit"},"interaction":{"idSuffix":"BDI-content"}},"wdio_ui5_key":"etmportal.ui.managecatalogs.view.Detailsap.m.Button{\"propertyName\":\"text\",\"key\":\"edit\"}"}]}
RESULT: undefined
COMMAND: POST /session/45c59d76302b4601ce326d500c91de8f/element - {"using":"xpath","value":"//*[@id=\"__button33\"]"}
RESULT: {}
RESULT: {"using":"xpath","value":"//*[@id=\"__button33\"]"}
COMMAND: POST /session/45c59d76302b4601ce326d500c91de8f/element/f.A88CFED3FC703E186E048BAD8979E17B.d.556DFFD6EB45ED1BC36F79FE2A8B37BC.e.1905/click - {}
RESULT: {}
COMMAND: POST /session/45c59d76302b4601ce326d500c91de8f/execute/async - {"script":"<script> [1562 bytes]","args":[{"selector":{"controlType":"sap.ui.core.Icon","viewName":"etm.portal.ui.managecatalogs.view.Detail","viewId":"application-managecatalogs-display-component---detailCatalog","properties":{"src":{"regex":{"source":"add\\-document"}}}},"wdio_ui5_key":"etmportal.ui.managecatalogs.view.Detailsap.ui.core.Icon{\"src\":{\"regex\":{\"source\":\"add\\\\-document\"}}}"}]}
COMMAND: GET /session/45c59d76302b4601ce326d500c91de8f/screenshot - {}
RESULT: {"script":"<script> [1562 bytes]","args":[{"selector":{"controlType":"sap.ui.core.Icon","viewName":"etm.portal.ui.managecatalogs.view.Detail","viewId":"application-managecatalogs-display-component---detailCatalog","properties":{"src":{"regex":{"source":"add\\-document"}}}},"wdio_ui5_key":"etmportal.ui.managecatalogs.view.Detailsap.ui.core.Icon{\"src\":{\"regex\":{\"source\":\"add\\\\-document\"}}}"}]}
RESULT: undefined
COMMAND: POST /session/45c59d76302b4601ce326d500c91de8f/element - {"using":"xpath","value":"//*[@id=\"__button42-img\"]"}
RESULT: {}
RESULT: {"using":"xpath","value":"//*[@id=\"__button42-img\"]"}
COMMAND: POST /session/45c59d76302b4601ce326d500c91de8f/element/f.A88CFED3FC703E186E048BAD8979E17B.d.556DFFD6EB45ED1BC36F79FE2A8B37BC.e.1910/click - {}
RESULT: {}
COMMAND: POST /session/45c59d76302b4601ce326d500c91de8f/execute/async - {"script":"<script> [1562 bytes]","args":[{"selector":{"id":"application-managecatalogs-display-component---detailCatalog--newItemNumberInput","searchOpenDialogs":true,"interaction":{"idSuffix":"inner"}},"wdio_ui5_key":"applicationmanagecatalogs-display-component---detailCatalog--newItemNumberInput"}]}
COMMAND: GET /session/45c59d76302b4601ce326d500c91de8f/screenshot - {}
RESULT: {"script":"<script> [1562 bytes]","args":[{"selector":{"id":"application-managecatalogs-display-component---detailCatalog--newItemNumberInput","searchOpenDialogs":true,"interaction":{"idSuffix":"inner"}},"wdio_ui5_key":"applicationmanagecatalogs-display-component---detailCatalog--newItemNumberInput"}]}
RESULT: undefined
COMMAND: POST /session/45c59d76302b4601ce326d500c91de8f/execute/async - {"script":"<script> [776 bytes]","args":[{"enterText":"catalogItemuu04pg","selector":{"id":"application-managecatalogs-display-component---detailCatalog--newItemNumberInput","searchOpenDialogs":true,"interaction":{"idSuffix":"inner"}},"clearTextFirst":true,"interactionType":"ENTER_TEXT"}]}
RESULT: {}
RESULT: {"script":"<script> [776 bytes]","args":[{"enterText":"catalogItemuu04pg","selector":{"id":"application-managecatalogs-display-component---detailCatalog--newItemNumberInput","searchOpenDialogs":true,"interaction":{"idSuffix":"inner"}},"clearTextFirst":true,"interactionType":"ENTER_TEXT"}]}
COMMAND: POST /session/45c59d76302b4601ce326d500c91de8f/execute/async - {"script":"<script> [1562 bytes]","args":[{"selector":{"controlType":"sap.m.Input","viewName":"etm.portal.ui.managecatalogs.view.Detail","viewId":"application-managecatalogs-display-component---detailCatalog","bindingPath":{"path":"","propertyPath":"/DESCRIPTION"},"searchOpenDialogs":true,"interaction":{"idSuffix":"inner"}},"wdio_ui5_key":"etmportal.ui.managecatalogs.view.Detailsap.m.Input{\"path\":\"\",\"propertyPath\":\"/DESCRIPTION\"}"}]}
RESULT: {"script":"<script> [1562 bytes]","args":[{"selector":{"controlType":"sap.m.Input","viewName":"etm.portal.ui.managecatalogs.view.Detail","viewId":"application-managecatalogs-display-component---detailCatalog","bindingPath":{"path":"","propertyPath":"/DESCRIPTION"},"searchOpenDialogs":true,"interaction":{"idSuffix":"inner"}},"wdio_ui5_key":"etmportal.ui.managecatalogs.view.Detailsap.m.Input{\"path\":\"\",\"propertyPath\":\"/DESCRIPTION\"}"}]}
RESULT: undefined
COMMAND: POST /session/45c59d76302b4601ce326d500c91de8f/execute/async - {"script":"<script> [776 bytes]","args":[{"enterText":"catalogItemNamekxhmf","selector":{"controlType":"sap.m.Input","viewName":"etm.portal.ui.managecatalogs.view.Detail","viewId":"application-managecatalogs-display-component---detailCatalog","bindingPath":{"path":"","propertyPath":"/DESCRIPTION"},"searchOpenDialogs":true,"interaction":{"idSuffix":"inner"}},"clearTextFirst":true,"interactionType":"ENTER_TEXT"}]}
RESULT: {"script":"<script> [776 bytes]","args":[{"enterText":"catalogItemNamekxhmf","selector":{"controlType":"sap.m.Input","viewName":"etm.portal.ui.managecatalogs.view.Detail","viewId":"application-managecatalogs-display-component---detailCatalog","bindingPath":{"path":"","propertyPath":"/DESCRIPTION"},"searchOpenDialogs":true,"interaction":{"idSuffix":"inner"}},"clearTextFirst":true,"interactionType":"ENTER_TEXT"}]}
COMMAND: POST /session/45c59d76302b4601ce326d500c91de8f/execute/async - {"script":"<script> [1562 bytes]","args":[{"selector":{"controlType":"sap.m.Button","viewName":"etm.portal.ui.managecatalogs.view.Detail","viewId":"application-managecatalogs-display-component---detailCatalog","i18NText":{"propertyName":"text","key":"create"},"searchOpenDialogs":true,"interaction":{"idSuffix":"BDI-content"}},"wdio_ui5_key":"etmportal.ui.managecatalogs.view.Detailsap.m.Button{\"propertyName\":\"text\",\"key\":\"create\"}"}]}
RESULT: {"script":"<script> [1562 bytes]","args":[{"selector":{"controlType":"sap.m.Button","viewName":"etm.portal.ui.managecatalogs.view.Detail","viewId":"application-managecatalogs-display-component---detailCatalog","i18NText":{"propertyName":"text","key":"create"},"searchOpenDialogs":true,"interaction":{"idSuffix":"BDI-content"}},"wdio_ui5_key":"etmportal.ui.managecatalogs.view.Detailsap.m.Button{\"propertyName\":\"text\",\"key\":\"create\"}"}]}
RESULT: undefined
COMMAND: POST /session/45c59d76302b4601ce326d500c91de8f/element - {"using":"xpath","value":"//*[@id=\"__button17\"]"}
RESULT: {"using":"xpath","value":"//*[@id=\"__button17\"]"}
COMMAND: POST /session/45c59d76302b4601ce326d500c91de8f/element/f.A88CFED3FC703E186E048BAD8979E17B.d.556DFFD6EB45ED1BC36F79FE2A8B37BC.e.1921/click - {}
RESULT: {}
COMMAND: GET /session/45c59d76302b4601ce326d500c91de8f/screenshot - {}
RESULT: {}
COMMAND: POST /session/45c59d76302b4601ce326d500c91de8f/element - {"using":"xpath","value":"//button[@title=\"Save\"]"}
RESULT: {"using":"xpath","value":"//button[@title=\"Save\"]"}
COMMAND: POST /session/45c59d76302b4601ce326d500c91de8f/element/f.A88CFED3FC703E186E048BAD8979E17B.d.556DFFD6EB45ED1BC36F79FE2A8B37BC.e.1922/click - {}
RESULT: {}
COMMAND: GET /session/45c59d76302b4601ce326d500c91de8f/screenshot - {}
RESULT: {}
COMMAND: POST /session/45c59d76302b4601ce326d500c91de8f/execute/async - {"script":"<script> [1562 bytes]","args":[{"selector":{"controlType":"sap.ui.core.Icon","viewName":"etm.portal.ui.managecatalogs.view.Detail","viewId":"application-managecatalogs-display-component---detailCatalog","properties":{"src":{"regex":{"source":"decline"}}}},"wdio_ui5_key":"etmportal.ui.managecatalogs.view.Detailsap.ui.core.Icon{\"src\":{\"regex\":{\"source\":\"decline\"}}}"}]}
RESULT: {"script":"<script> [1562 bytes]","args":[{"selector":{"controlType":"sap.ui.core.Icon","viewName":"etm.portal.ui.managecatalogs.view.Detail","viewId":"application-managecatalogs-display-component---detailCatalog","properties":{"src":{"regex":{"source":"decline"}}}},"wdio_ui5_key":"etmportal.ui.managecatalogs.view.Detailsap.ui.core.Icon{\"src\":{\"regex\":{\"source\":\"decline\"}}}"}]}
RESULT: undefined
COMMAND: POST /session/45c59d76302b4601ce326d500c91de8f/element - {"using":"xpath","value":"//*[@id=\"__button36-img\"]"}
RESULT: {"using":"xpath","value":"//*[@id=\"__button36-img\"]"}
COMMAND: POST /session/45c59d76302b4601ce326d500c91de8f/element/f.A88CFED3FC703E186E048BAD8979E17B.d.556DFFD6EB45ED1BC36F79FE2A8B37BC.e.1927/click - {}
RESULT: {}
COMMAND: GET /session/45c59d76302b4601ce326d500c91de8f/screenshot - {}
RESULT: {}
COMMAND: POST /session/45c59d76302b4601ce326d500c91de8f/execute/async - {"script":"<script> [1562 bytes]","args":[{"selector":{"controlType":"sap.ui.core.Icon","viewName":"etm.portal.ui.managecatalogs.view.MasterItems","viewId":"application-managecatalogs-display-component---masterCatalogItems","properties":{"src":{"regex":{"source":"refresh"}}}},"wdio_ui5_key":"etmportal.ui.managecatalogs.view.MasterItemssap.ui.core.Icon{\"src\":{\"regex\":{\"source\":\"refresh\"}}}"}]}
RESULT: {"script":"<script> [1562 bytes]","args":[{"selector":{"controlType":"sap.ui.core.Icon","viewName":"etm.portal.ui.managecatalogs.view.MasterItems","viewId":"application-managecatalogs-display-component---masterCatalogItems","properties":{"src":{"regex":{"source":"refresh"}}}},"wdio_ui5_key":"etmportal.ui.managecatalogs.view.MasterItemssap.ui.core.Icon{\"src\":{\"regex\":{\"source\":\"refresh\"}}}"}]}
RESULT: undefined
COMMAND: POST /session/45c59d76302b4601ce326d500c91de8f/element - {"using":"xpath","value":"//*[@id=\"__button9-img\"]"}
RESULT: {"using":"xpath","value":"//*[@id=\"__button9-img\"]"}
COMMAND: POST /session/45c59d76302b4601ce326d500c91de8f/element/f.A88CFED3FC703E186E048BAD8979E17B.d.556DFFD6EB45ED1BC36F79FE2A8B37BC.e.1964/click - {}
RESULT: {}
COMMAND: GET /session/45c59d76302b4601ce326d500c91de8f/screenshot - {}
RESULT: {}
COMMAND: POST /session/45c59d76302b4601ce326d500c91de8f/execute/async - {"script":"<script> [1562 bytes]","args":[{"selector":{"id":"application-managecatalogs-display-component---masterCatalogItems--searchItemsField","interaction":{"idSuffix":"I"}},"wdio_ui5_key":"applicationmanagecatalogs-display-component---masterCatalogItems--searchItemsField"}]}
RESULT: {"script":"<script> [1562 bytes]","args":[{"selector":{"id":"application-managecatalogs-display-component---masterCatalogItems--searchItemsField","interaction":{"idSuffix":"I"}},"wdio_ui5_key":"applicationmanagecatalogs-display-component---masterCatalogItems--searchItemsField"}]}
RESULT: undefined
COMMAND: POST /session/45c59d76302b4601ce326d500c91de8f/execute/async - {"script":"<script> [776 bytes]","args":[{"enterText":"catalogItemNamekxhmf","selector":{"id":"application-managecatalogs-display-component---masterCatalogItems--searchItemsField","interaction":{"idSuffix":"I"}},"clearTextFirst":true,"interactionType":"ENTER_TEXT"}]}
RESULT: {"script":"<script> [776 bytes]","args":[{"enterText":"catalogItemNamekxhmf","selector":{"id":"application-managecatalogs-display-component---masterCatalogItems--searchItemsField","interaction":{"idSuffix":"I"}},"clearTextFirst":true,"interactionType":"ENTER_TEXT"}]}
COMMAND: POST /session/45c59d76302b4601ce326d500c91de8f/actions - {"actions":[{"id":"action9","type":"key","parameters":{},"actions":[{"type":"keyDown","value":""},{"type":"pause","duration":10},{"type":"keyUp","value":""}]}]}
RESULT: {"actions":[{"id":"action9","type":"key","parameters":{},"actions":[{"type":"keyDown","value":""},{"type":"pause","duration":10},{"type":"keyUp","value":""}]}]}
COMMAND: POST /session/45c59d76302b4601ce326d500c91de8f/element - {"using":"xpath","value":"(//span[contains(text(), \"catalogItemNamekxhmf\")])[1]"}
COMMAND: GET /session/45c59d76302b4601ce326d500c91de8f/screenshot - {}
RESULT: {"using":"xpath","value":"(//span[contains(text(), \"catalogItemNamekxhmf\")])[1]"}
COMMAND: POST /session/45c59d76302b4601ce326d500c91de8f/element/f.A88CFED3FC703E186E048BAD8979E17B.d.556DFFD6EB45ED1BC36F79FE2A8B37BC.e.1971/click - {}
RESULT: {}
RESULT: {}
COMMAND: GET /session/45c59d76302b4601ce326d500c91de8f/screenshot - {}
RESULT: {}
COMMAND: POST /session/45c59d76302b4601ce326d500c91de8f/element - {"using":"xpath","value":"//span[contains(text(), \"catalogItemuu04pg\")]"}
RESULT: {"using":"xpath","value":"//span[contains(text(), \"catalogItemuu04pg\")]"}
COMMAND: GET /session/45c59d76302b4601ce326d500c91de8f/element/f.A88CFED3FC703E186E048BAD8979E17B.d.556DFFD6EB45ED1BC36F79FE2A8B37BC.e.2026/text - {}
RESULT: {}
RESULT: undefined
COMMAND: POST /session/45c59d76302b4601ce326d500c91de8f/element - {"using":"xpath","value":"//*[@id=\"__button33\"]"}
RESULT: {"using":"xpath","value":"//*[@id=\"__button33\"]"}
COMMAND: POST /session/45c59d76302b4601ce326d500c91de8f/element/f.A88CFED3FC703E186E048BAD8979E17B.d.556DFFD6EB45ED1BC36F79FE2A8B37BC.e.2036/click - {}
RESULT: {}
COMMAND: GET /session/45c59d76302b4601ce326d500c91de8f/screenshot - {}
RESULT: {}
COMMAND: POST /session/45c59d76302b4601ce326d500c91de8f/execute/async - {"script":"<script> [1562 bytes]","args":[{"selector":{"id":"application-managecatalogs-display-component---detailCatalog--BASE_UNIT_OF_MEASURE-arrow"},"wdio_ui5_key":"applicationmanagecatalogs-display-component---detailCatalog--BASE_UNIT_OF_MEASURE-arrow"}]}
RESULT: {"script":"<script> [1562 bytes]","args":[{"selector":{"id":"application-managecatalogs-display-component---detailCatalog--BASE_UNIT_OF_MEASURE-arrow"},"wdio_ui5_key":"applicationmanagecatalogs-display-component---detailCatalog--BASE_UNIT_OF_MEASURE-arrow"}]}
RESULT: undefined
COMMAND: POST /session/45c59d76302b4601ce326d500c91de8f/element - {"using":"xpath","value":"//*[@id=\"application-managecatalogs-display-component---detailCatalog--BASE_UNIT_OF_MEASURE-arrow\"]"}
RESULT: {"using":"xpath","value":"//*[@id=\"application-managecatalogs-display-component---detailCatalog--BASE_UNIT_OF_MEASURE-arrow\"]"}
COMMAND: POST /session/45c59d76302b4601ce326d500c91de8f/element/f.A88CFED3FC703E186E048BAD8979E17B.d.556DFFD6EB45ED1BC36F79FE2A8B37BC.e.2064/click - {}
RESULT: {}
COMMAND: GET /session/45c59d76302b4601ce326d500c91de8f/screenshot - {}
RESULT: {}
COMMAND: POST /session/45c59d76302b4601ce326d500c91de8f/execute/async - {"script":"<script> [1562 bytes]","args":[{"selector":{"controlType":"sap.m.StandardListItem","viewName":"etm.portal.ui.managecatalogs.view.Detail","viewId":"application-managecatalogs-display-component---detailCatalog","properties":{"title":"Piece"},"searchOpenDialogs":true,"interaction":{"idSuffix":"titleText"}},"wdio_ui5_key":"etmportal.ui.managecatalogs.view.Detailsap.m.StandardListItem{\"title\":\"Piece\"}"}]}
RESULT: {"script":"<script> [1562 bytes]","args":[{"selector":{"controlType":"sap.m.StandardListItem","viewName":"etm.portal.ui.managecatalogs.view.Detail","viewId":"application-managecatalogs-display-component---detailCatalog","properties":{"title":"Piece"},"searchOpenDialogs":true,"interaction":{"idSuffix":"titleText"}},"wdio_ui5_key":"etmportal.ui.managecatalogs.view.Detailsap.m.StandardListItem{\"title\":\"Piece\"}"}]}
RESULT: undefined
COMMAND: POST /session/45c59d76302b4601ce326d500c91de8f/element - {"using":"xpath","value":"//*[@id=\"__item233\"]"}
RESULT: {"using":"xpath","value":"//*[@id=\"__item233\"]"}
COMMAND: POST /session/45c59d76302b4601ce326d500c91de8f/element/f.A88CFED3FC703E186E048BAD8979E17B.d.556DFFD6EB45ED1BC36F79FE2A8B37BC.e.2066/click - {}
RESULT: {}
COMMAND: POST /session/45c59d76302b4601ce326d500c91de8f/execute/async - {"script":"<script> [1562 bytes]","args":[{"selector":{"id":"application-managecatalogs-display-component---detailCatalog--ObjectPageLayout-anchBar-application-managecatalogs-display-component---detailCatalog--sectionValues-anchor","interaction":{"idSuffix":"BDI-content"}},"wdio_ui5_key":"applicationmanagecatalogs-display-component---detailCatalog--ObjectPageLayout-anchBar-application-managecatalogs-display-component---detailCatalog--sectionValues-anchor"}]}
COMMAND: GET /session/45c59d76302b4601ce326d500c91de8f/screenshot - {}
RESULT: {"script":"<script> [1562 bytes]","args":[{"selector":{"id":"application-managecatalogs-display-component---detailCatalog--ObjectPageLayout-anchBar-application-managecatalogs-display-component---detailCatalog--sectionValues-anchor","interaction":{"idSuffix":"BDI-content"}},"wdio_ui5_key":"applicationmanagecatalogs-display-component---detailCatalog--ObjectPageLayout-anchBar-application-managecatalogs-display-component---detailCatalog--sectionValues-anchor"}]}
RESULT: undefined
COMMAND: POST /session/45c59d76302b4601ce326d500c91de8f/element - {"using":"xpath","value":"//*[@id=\"application-managecatalogs-display-component---detailCatalog--ObjectPageLayout-anchBar-application-managecatalogs-display-component---detailCatalog--sectionValues-anchor\"]"}
RESULT: {}
RESULT: {"using":"xpath","value":"//*[@id=\"application-managecatalogs-display-component---detailCatalog--ObjectPageLayout-anchBar-application-managecatalogs-display-component---detailCatalog--sectionValues-anchor\"]"}
COMMAND: POST /session/45c59d76302b4601ce326d500c91de8f/element/f.A88CFED3FC703E186E048BAD8979E17B.d.556DFFD6EB45ED1BC36F79FE2A8B37BC.e.2068/click - {}
RESULT: {}
COMMAND: GET /session/45c59d76302b4601ce326d500c91de8f/screenshot - {}
RESULT: {}
COMMAND: POST /session/45c59d76302b4601ce326d500c91de8f/execute/async - {"script":"<script> [1562 bytes]","args":[{"selector":{"controlType":"sap.ui.core.Icon","viewName":"etm.portal.ui.managecatalogs.view.Detail","viewId":"application-managecatalogs-display-component---detailCatalog","properties":{"src":{"regex":{"source":"add"}}},"ancestor":{"id":"application-managecatalogs-display-component---detailCatalog--ValuesTable"}},"wdio_ui5_key":"etmportal.ui.managecatalogs.view.Detailsap.ui.core.Icon{\"src\":{\"regex\":{\"source\":\"add\"}}}{\"id\":\"application-managecatalogs-display-component---detailCatalog--ValuesTable\"}"}]}
RESULT: {"script":"<script> [1562 bytes]","args":[{"selector":{"controlType":"sap.ui.core.Icon","viewName":"etm.portal.ui.managecatalogs.view.Detail","viewId":"application-managecatalogs-display-component---detailCatalog","properties":{"src":{"regex":{"source":"add"}}},"ancestor":{"id":"application-managecatalogs-display-component---detailCatalog--ValuesTable"}},"wdio_ui5_key":"etmportal.ui.managecatalogs.view.Detailsap.ui.core.Icon{\"src\":{\"regex\":{\"source\":\"add\"}}}{\"id\":\"application-managecatalogs-display-component---detailCatalog--ValuesTable\"}"}]}
RESULT: undefined
COMMAND: POST /session/45c59d76302b4601ce326d500c91de8f/element - {"using":"xpath","value":"//*[@id=\"__button45-img\"]"}
RESULT: {"using":"xpath","value":"//*[@id=\"__button45-img\"]"}
COMMAND: POST /session/45c59d76302b4601ce326d500c91de8f/element/f.A88CFED3FC703E186E048BAD8979E17B.d.556DFFD6EB45ED1BC36F79FE2A8B37BC.e.2073/click - {}
RESULT: {}
RESULT: undefined
COMMAND: POST /session/45c59d76302b4601ce326d500c91de8f/element - {"using":"xpath","value":"//*[@id=\"__button45-img\"]"}
COMMAND: GET /session/45c59d76302b4601ce326d500c91de8f/screenshot - {}
RESULT: {"using":"xpath","value":"//*[@id=\"__button45-img\"]"}
COMMAND: POST /session/45c59d76302b4601ce326d500c91de8f/element/f.A88CFED3FC703E186E048BAD8979E17B.d.556DFFD6EB45ED1BC36F79FE2A8B37BC.e.2073/click - {}
RESULT: {}
RESULT: {}
COMMAND: POST /session/45c59d76302b4601ce326d500c91de8f/element - {"using":"xpath","value":"(//input[contains(@id ,\"application-managecatalogs-display-component---detailCatalog--ValuesTable-0-inner\")])[1]"}
COMMAND: GET /session/45c59d76302b4601ce326d500c91de8f/screenshot - {}
RESULT: {"using":"xpath","value":"(//input[contains(@id ,\"application-managecatalogs-display-component---detailCatalog--ValuesTable-0-inner\")])[1]"}
COMMAND: POST /session/45c59d76302b4601ce326d500c91de8f/element/f.A88CFED3FC703E186E048BAD8979E17B.d.556DFFD6EB45ED1BC36F79FE2A8B37BC.e.2076/clear - {}
RESULT: {}
RESULT: {}
COMMAND: POST /session/45c59d76302b4601ce326d500c91de8f/element/f.A88CFED3FC703E186E048BAD8979E17B.d.556DFFD6EB45ED1BC36F79FE2A8B37BC.e.2076/value - {"text":"D&I catalog price"}
COMMAND: GET /session/45c59d76302b4601ce326d500c91de8f/screenshot - {}
RESULT: {"text":"D&I catalog price"}
COMMAND: GET /session/45c59d76302b4601ce326d500c91de8f/screenshot - {}
RESULT: {}
RESULT: {}
COMMAND: POST /session/45c59d76302b4601ce326d500c91de8f/actions - {"actions":[{"id":"action10","type":"key","parameters":{},"actions":[{"type":"keyDown","value":""},{"type":"pause","duration":10},{"type":"keyUp","value":""}]}]}
RESULT: {"actions":[{"id":"action10","type":"key","parameters":{},"actions":[{"type":"keyDown","value":""},{"type":"pause","duration":10},{"type":"keyUp","value":""}]}]}
COMMAND: POST /session/45c59d76302b4601ce326d500c91de8f/element - {"using":"xpath","value":"(//input[contains(@id ,\"application-managecatalogs-display-component---detailCatalog--ValuesTable-1-inner\")])[1]"}
COMMAND: GET /session/45c59d76302b4601ce326d500c91de8f/screenshot - {}
RESULT: {"using":"xpath","value":"(//input[contains(@id ,\"application-managecatalogs-display-component---detailCatalog--ValuesTable-1-inner\")])[1]"}
COMMAND: POST /session/45c59d76302b4601ce326d500c91de8f/element/f.A88CFED3FC703E186E048BAD8979E17B.d.556DFFD6EB45ED1BC36F79FE2A8B37BC.e.2099/clear - {}
RESULT: {}
RESULT: {}
COMMAND: POST /session/45c59d76302b4601ce326d500c91de8f/element/f.A88CFED3FC703E186E048BAD8979E17B.d.556DFFD6EB45ED1BC36F79FE2A8B37BC.e.2099/value - {"text":"D&I catalog price"}
COMMAND: GET /session/45c59d76302b4601ce326d500c91de8f/screenshot - {}
RESULT: {"text":"D&I catalog price"}
COMMAND: GET /session/45c59d76302b4601ce326d500c91de8f/screenshot - {}
RESULT: {}
RESULT: {}
COMMAND: POST /session/45c59d76302b4601ce326d500c91de8f/actions - {"actions":[{"id":"action11","type":"key","parameters":{},"actions":[{"type":"keyDown","value":""},{"type":"pause","duration":10},{"type":"keyUp","value":""}]}]}
RESULT: {"actions":[{"id":"action11","type":"key","parameters":{},"actions":[{"type":"keyDown","value":""},{"type":"pause","duration":10},{"type":"keyUp","value":""}]}]}
COMMAND: POST /session/45c59d76302b4601ce326d500c91de8f/execute/async - {"script":"<script> [1562 bytes]","args":[{"selector":{"controlType":"sap.m.Button","viewName":"etm.portal.ui.managecatalogs.view.Detail","viewId":"application-managecatalogs-display-component---detailCatalog","i18NText":{"propertyName":"text","key":"save"},"interaction":{"idSuffix":"BDI-content"}},"wdio_ui5_key":"etmportal.ui.managecatalogs.view.Detailsap.m.Button{\"propertyName\":\"text\",\"key\":\"save\"}"}]}
COMMAND: GET /session/45c59d76302b4601ce326d500c91de8f/screenshot - {}
RESULT: {"script":"<script> [1562 bytes]","args":[{"selector":{"controlType":"sap.m.Button","viewName":"etm.portal.ui.managecatalogs.view.Detail","viewId":"application-managecatalogs-display-component---detailCatalog","i18NText":{"propertyName":"text","key":"save"},"interaction":{"idSuffix":"BDI-content"}},"wdio_ui5_key":"etmportal.ui.managecatalogs.view.Detailsap.m.Button{\"propertyName\":\"text\",\"key\":\"save\"}"}]}
RESULT: undefined
COMMAND: POST /session/45c59d76302b4601ce326d500c91de8f/element - {"using":"xpath","value":"//*[@id=\"__button51\"]"}
RESULT: {}
RESULT: {"using":"xpath","value":"//*[@id=\"__button51\"]"}
COMMAND: POST /session/45c59d76302b4601ce326d500c91de8f/element/f.A88CFED3FC703E186E048BAD8979E17B.d.556DFFD6EB45ED1BC36F79FE2A8B37BC.e.2039/click - {}
RESULT: {}
COMMAND: GET /session/45c59d76302b4601ce326d500c91de8f/screenshot - {}
RESULT: {}
COMMAND: POST /session/45c59d76302b4601ce326d500c91de8f/execute/async - {"script":"<script> [1562 bytes]","args":[{"selector":{"controlType":"sap.m.Text","properties":{"text":"Existing values with the same start date!"},"searchOpenDialogs":true},"wdio_ui5_key":"sapm.Text{\"text\":\"Existing values with the same start date!\"}"}]}
RESULT: {"script":"<script> [1562 bytes]","args":[{"selector":{"controlType":"sap.m.Text","properties":{"text":"Existing values with the same start date!"},"searchOpenDialogs":true},"wdio_ui5_key":"sapm.Text{\"text\":\"Existing values with the same start date!\"}"}]}
RESULT: undefined
COMMAND: POST /session/45c59d76302b4601ce326d500c91de8f/execute/async - {"script":"<script> [6424 bytes]","args":[{"element-6066-11e4-a52e-4f735466cecf":"f.A88CFED3FC703E186E048BAD8979E17B.d.556DFFD6EB45ED1BC36F79FE2A8B37BC.e.2116"},"getText",[]]}
RESULT: {"script":"<script> [6424 bytes]","args":[{"element-6066-11e4-a52e-4f735466cecf":"f.A88CFED3FC703E186E048BAD8979E17B.d.556DFFD6EB45ED1BC36F79FE2A8B37BC.e.2116"},"getText",[]]}
COMMAND: POST /session/45c59d76302b4601ce326d500c91de8f/execute/async - {"script":"<script> [1562 bytes]","args":[{"selector":{"controlType":"sap.m.Button","properties":{"text":"OK"},"searchOpenDialogs":true,"interaction":{"idSuffix":"BDI-content"}},"wdio_ui5_key":"sapm.Button{\"text\":\"OK\"}"}]}
RESULT: {"script":"<script> [1562 bytes]","args":[{"selector":{"controlType":"sap.m.Button","properties":{"text":"OK"},"searchOpenDialogs":true,"interaction":{"idSuffix":"BDI-content"}},"wdio_ui5_key":"sapm.Button{\"text\":\"OK\"}"}]}
RESULT: undefined
COMMAND: POST /session/45c59d76302b4601ce326d500c91de8f/element - {"using":"xpath","value":"//*[@id=\"__mbox-btn-0\"]"}
RESULT: {"using":"xpath","value":"//*[@id=\"__mbox-btn-0\"]"}
COMMAND: POST /session/45c59d76302b4601ce326d500c91de8f/element/f.A88CFED3FC703E186E048BAD8979E17B.d.556DFFD6EB45ED1BC36F79FE2A8B37BC.e.2112/click - {}
RESULT: {}
COMMAND: POST /session/45c59d76302b4601ce326d500c91de8f/execute/async - {"script":"<script> [1562 bytes]","args":[{"selector":{"controlType":"sap.m.DatePicker","viewName":"etm.portal.ui.managecatalogs.view.Detail","viewId":"application-managecatalogs-display-component---detailCatalog","bindingPath":{"propertyPath":"VALID_TO","modelName":"catalogModel"},"interaction":{"idSuffix":"inner"}},"wdio_ui5_key":"etmportal.ui.managecatalogs.view.Detailsap.m.DatePicker{\"propertyPath\":\"VALID_TO\",\"modelName\":\"catalogModel\"}"}]}
COMMAND: GET /session/45c59d76302b4601ce326d500c91de8f/screenshot - {}
RESULT: {"script":"<script> [1562 bytes]","args":[{"selector":{"controlType":"sap.m.DatePicker","viewName":"etm.portal.ui.managecatalogs.view.Detail","viewId":"application-managecatalogs-display-component---detailCatalog","bindingPath":{"propertyPath":"VALID_TO","modelName":"catalogModel"},"interaction":{"idSuffix":"inner"}},"wdio_ui5_key":"etmportal.ui.managecatalogs.view.Detailsap.m.DatePicker{\"propertyPath\":\"VALID_TO\",\"modelName\":\"catalogModel\"}"}]}
RESULT: undefined
COMMAND: POST /session/45c59d76302b4601ce326d500c91de8f/execute/async - {"script":"<script> [776 bytes]","args":[{"enterText":"05/22/25","selector":{"controlType":"sap.m.DatePicker","viewName":"etm.portal.ui.managecatalogs.view.Detail","viewId":"application-managecatalogs-display-component---detailCatalog","bindingPath":{"propertyPath":"VALID_TO","modelName":"catalogModel"},"interaction":{"idSuffix":"inner"}},"clearTextFirst":true,"interactionType":"ENTER_TEXT"}]}
RESULT: {}
RESULT: {"script":"<script> [776 bytes]","args":[{"enterText":"05/22/25","selector":{"controlType":"sap.m.DatePicker","viewName":"etm.portal.ui.managecatalogs.view.Detail","viewId":"application-managecatalogs-display-component---detailCatalog","bindingPath":{"propertyPath":"VALID_TO","modelName":"catalogModel"},"interaction":{"idSuffix":"inner"}},"clearTextFirst":true,"interactionType":"ENTER_TEXT"}]}
COMMAND: POST /session/45c59d76302b4601ce326d500c91de8f/element - {"using":"xpath","value":"(//input[contains(@id ,\"-application-managecatalogs-display-component---detailCatalog--ValuesTable-0-inner\")])[7]"}
RESULT: {"using":"xpath","value":"(//input[contains(@id ,\"-application-managecatalogs-display-component---detailCatalog--ValuesTable-0-inner\")])[7]"}
COMMAND: POST /session/45c59d76302b4601ce326d500c91de8f/element/f.A88CFED3FC703E186E048BAD8979E17B.d.556DFFD6EB45ED1BC36F79FE2A8B37BC.e.2082/clear - {}
RESULT: {}
COMMAND: POST /session/45c59d76302b4601ce326d500c91de8f/element/f.A88CFED3FC703E186E048BAD8979E17B.d.556DFFD6EB45ED1BC36F79FE2A8B37BC.e.2082/value - {"text":"05/22/25"}
COMMAND: GET /session/45c59d76302b4601ce326d500c91de8f/screenshot - {}
RESULT: {"text":"05/22/25"}
COMMAND: POST /session/45c59d76302b4601ce326d500c91de8f/element - {"using":"xpath","value":"(//input[contains(@id ,\"application-managecatalogs-display-component---detailCatalog--ValuesTable-1-inner\")])[6]"}
COMMAND: GET /session/45c59d76302b4601ce326d500c91de8f/screenshot - {}
RESULT: {}
RESULT: {"using":"xpath","value":"(//input[contains(@id ,\"application-managecatalogs-display-component---detailCatalog--ValuesTable-1-inner\")])[6]"}
COMMAND: POST /session/45c59d76302b4601ce326d500c91de8f/element/f.A88CFED3FC703E186E048BAD8979E17B.d.556DFFD6EB45ED1BC36F79FE2A8B37BC.e.2104/clear - {}
RESULT: {}
RESULT: {}
COMMAND: POST /session/45c59d76302b4601ce326d500c91de8f/element/f.A88CFED3FC703E186E048BAD8979E17B.d.556DFFD6EB45ED1BC36F79FE2A8B37BC.e.2104/value - {"text":"05/23/25"}
COMMAND: GET /session/45c59d76302b4601ce326d500c91de8f/screenshot - {}
RESULT: {"text":"05/23/25"}
COMMAND: POST /session/45c59d76302b4601ce326d500c91de8f/element - {"using":"xpath","value":"//bdi[contains(text(), \"Save\")]"}
COMMAND: GET /session/45c59d76302b4601ce326d500c91de8f/screenshot - {}
RESULT: {}
RESULT: {}
RESULT: {"using":"xpath","value":"//bdi[contains(text(), \"Save\")]"}
COMMAND: POST /session/45c59d76302b4601ce326d500c91de8f/element/f.A88CFED3FC703E186E048BAD8979E17B.d.556DFFD6EB45ED1BC36F79FE2A8B37BC.e.2111/click - {}
RESULT: {}
COMMAND: POST /session/45c59d76302b4601ce326d500c91de8f/execute/async - {"script":"<script> [1562 bytes]","args":[{"selector":{"controlType":"sap.m.Title","properties":{"text":"Warning"},"searchOpenDialogs":true},"wdio_ui5_key":"sapm.Title{\"text\":\"Warning\"}"}]}
COMMAND: GET /session/45c59d76302b4601ce326d500c91de8f/screenshot - {}
RESULT: {"script":"<script> [1562 bytes]","args":[{"selector":{"controlType":"sap.m.Title","properties":{"text":"Warning"},"searchOpenDialogs":true},"wdio_ui5_key":"sapm.Title{\"text\":\"Warning\"}"}]}
RESULT: undefined
COMMAND: POST /session/45c59d76302b4601ce326d500c91de8f/execute/async - {"script":"<script> [6424 bytes]","args":[{"element-6066-11e4-a52e-4f735466cecf":"f.A88CFED3FC703E186E048BAD8979E17B.d.556DFFD6EB45ED1BC36F79FE2A8B37BC.e.2123"},"getText",[]]}
RESULT: {}
RESULT: {"script":"<script> [6424 bytes]","args":[{"element-6066-11e4-a52e-4f735466cecf":"f.A88CFED3FC703E186E048BAD8979E17B.d.556DFFD6EB45ED1BC36F79FE2A8B37BC.e.2123"},"getText",[]]}
COMMAND: POST /session/45c59d76302b4601ce326d500c91de8f/execute/async - {"script":"<script> [1562 bytes]","args":[{"selector":{"controlType":"sap.m.Button","properties":{"text":"Yes"},"searchOpenDialogs":true,"interaction":{"idSuffix":"BDI-content"}},"wdio_ui5_key":"sapm.Button{\"text\":\"Yes\"}"}]}
RESULT: {"script":"<script> [1562 bytes]","args":[{"selector":{"controlType":"sap.m.Button","properties":{"text":"Yes"},"searchOpenDialogs":true,"interaction":{"idSuffix":"BDI-content"}},"wdio_ui5_key":"sapm.Button{\"text\":\"Yes\"}"}]}
RESULT: undefined
COMMAND: POST /session/45c59d76302b4601ce326d500c91de8f/element - {"using":"xpath","value":"//*[@id=\"__mbox-btn-1\"]"}
RESULT: {"using":"xpath","value":"//*[@id=\"__mbox-btn-1\"]"}
COMMAND: POST /session/45c59d76302b4601ce326d500c91de8f/element/f.A88CFED3FC703E186E048BAD8979E17B.d.556DFFD6EB45ED1BC36F79FE2A8B37BC.e.2120/click - {}
RESULT: {}
COMMAND: GET /session/45c59d76302b4601ce326d500c91de8f/screenshot - {}
RESULT: {}
COMMAND: POST /session/45c59d76302b4601ce326d500c91de8f/refresh - {}
RESULT: {}
COMMAND: GET /session/45c59d76302b4601ce326d500c91de8f/screenshot - {}
RESULT: {}
COMMAND: POST /session/45c59d76302b4601ce326d500c91de8f/execute/async - {"script":"<script> [189 bytes]","args":[]}
RESULT: {"script":"<script> [189 bytes]","args":[]}
COMMAND: POST /session/45c59d76302b4601ce326d500c91de8f/execute/async - {"script":"<script> [123 bytes]","args":[]}
RESULT: {"script":"<script> [123 bytes]","args":[]}
COMMAND: POST /session/45c59d76302b4601ce326d500c91de8f/timeouts - {"script":"<number>"}
RESULT: {"script":"<number>"}
COMMAND: GET /session/45c59d76302b4601ce326d500c91de8f/timeouts - {}
RESULT: {}
RESULT: undefined
COMMAND: POST /session/45c59d76302b4601ce326d500c91de8f/execute/async - {"script":"<script> [2676 bytes]","args":[]}
RESULT: {"script":"<script> [2676 bytes]","args":[]}
COMMAND: POST /session/45c59d76302b4601ce326d500c91de8f/execute/async - {"script":"<script> [2342 bytes]","args":[{"protocol":"http","hostname":"0.0.0.0","path":"/","capabilities":{"browserName":"chrome","goog:chromeOptions":{"binary":"C:\\Program Files\\Google\\Chrome\\Application\\chrome.exe","args":["--start-maximized"]}},"logLevel":"warn","connectionRetryTimeout":120000,"connectionRetryCount":3,"logLevels":{},"enableDirectConnect":true,"strictSSL":true,"_":"65 more keys: [\"cacheDir\",\"port\",\"requestedCapabilities\",\"automationProtocol\",\"baseUrl\",\"waitforInterval\",\"waitforTimeout\",\"onReload\",\"beforeCommand\",\"afterCommand\",\"rootDir\",\"specs\",\"suites\",\"exclude\",\"groupLogsByTestSpec\",\"excludeDriverLogs\",\"bail\",\"framework\",\"reporters\",\"services\",\"maxInstances\",\"maxInstancesPerCapability\",\"injectGlobals\",\"filesToWatch\",\"execArgv\",\"runnerEnv\",\"runner\",\"shard\",\"specFileRetries\",\"specFileRetriesDelay\",\"specFileRetriesDeferred\",\"reporterSyncInterval\",\"reporterSyncTimeout\",\"cucumberFeaturesWithLineNumbers\",\"autoCompileOpts\",\"mochaOpts\",\"jasmineOpts\",\"cucumberOpts\",\"onPrepare\",\"onWorkerStart\",\"onWorkerEnd\",\"before\",\"beforeSession\",\"beforeSuite\",\"beforeHook\",\"beforeTest\",\"afterTest\",\"afterHook\",\"afterSuite\",\"afterSession\",\"after\",\"onComplete\",\"beforeAssertion\",\"afterAssertion\",\"beforeFeature\",\"beforeScenario\",\"beforeStep\",\"afterStep\",\"afterScenario\",\"afterFeature\",\"_\",\"suite\",\"$0\",\"ignoredWorkerServices\",\"wdi5\"]"}]}
RESULT: {"script":"<script> [2342 bytes]","args":[{"protocol":"http","hostname":"0.0.0.0","path":"/","capabilities":{"browserName":"chrome","goog:chromeOptions":{"binary":"C:\\Program Files\\Google\\Chrome\\Application\\chrome.exe","args":["--start-maximized"]}},"logLevel":"warn","connectionRetryTimeout":120000,"connectionRetryCount":3,"logLevels":{},"enableDirectConnect":true,"strictSSL":true,"_":"65 more keys: [\"cacheDir\",\"port\",\"requestedCapabilities\",\"automationProtocol\",\"baseUrl\",\"waitforInterval\",\"waitforTimeout\",\"onReload\",\"beforeCommand\",\"afterCommand\",\"rootDir\",\"specs\",\"suites\",\"exclude\",\"groupLogsByTestSpec\",\"excludeDriverLogs\",\"bail\",\"framework\",\"reporters\",\"services\",\"maxInstances\",\"maxInstancesPerCapability\",\"injectGlobals\",\"filesToWatch\",\"execArgv\",\"runnerEnv\",\"runner\",\"shard\",\"specFileRetries\",\"specFileRetriesDelay\",\"specFileRetriesDeferred\",\"reporterSyncInterval\",\"reporterSyncTimeout\",\"cucumberFeaturesWithLineNumbers\",\"autoCompileOpts\",\"mochaOpts\",\"jasmineOpts\",\"cucumberOpts\",\"onPrepare\",\"onWorkerStart\",\"onWorkerEnd\",\"before\",\"beforeSession\",\"beforeSuite\",\"beforeHook\",\"beforeTest\",\"afterTest\",\"afterHook\",\"afterSuite\",\"afterSession\",\"after\",\"onComplete\",\"beforeAssertion\",\"afterAssertion\",\"beforeFeature\",\"beforeScenario\",\"beforeStep\",\"afterStep\",\"afterScenario\",\"afterFeature\",\"_\",\"suite\",\"$0\",\"ignoredWorkerServices\",\"wdi5\"]"}]}
COMMAND: POST /session/45c59d76302b4601ce326d500c91de8f/execute/async - {"script":"<script> [21126 bytes]","args":[35000]}
RESULT: {"script":"<script> [21126 bytes]","args":[35000]}
COMMAND: POST /session/45c59d76302b4601ce326d500c91de8f/execute/async - {"script":"<script> [1562 bytes]","args":[{"selector":{"id":"application-managecatalogs-display-component---detailCatalog--ValuesSmartTable-header"},"wdio_ui5_key":"applicationmanagecatalogs-display-component---detailCatalog--ValuesSmartTable-header"}]}
RESULT: {"script":"<script> [1562 bytes]","args":[{"selector":{"id":"application-managecatalogs-display-component---detailCatalog--ValuesSmartTable-header"},"wdio_ui5_key":"applicationmanagecatalogs-display-component---detailCatalog--ValuesSmartTable-header"}]}
RESULT: undefined
COMMAND: POST /session/45c59d76302b4601ce326d500c91de8f/execute/async - {"script":"<script> [6424 bytes]","args":[{"element-6066-11e4-a52e-4f735466cecf":"f.A88CFED3FC703E186E048BAD8979E17B.d.B1A6ECD4A453E7635CE1A863E6B96DFB.e.2206"},"getText",[]]}
RESULT: {"script":"<script> [6424 bytes]","args":[{"element-6066-11e4-a52e-4f735466cecf":"f.A88CFED3FC703E186E048BAD8979E17B.d.B1A6ECD4A453E7635CE1A863E6B96DFB.e.2206"},"getText",[]]}
COMMAND: POST /session/45c59d76302b4601ce326d500c91de8f/execute/async - {"script":"<script> [1562 bytes]","args":[{"selector":{"controlType":"sap.m.Button","viewName":"etm.portal.ui.managecatalogs.view.Detail","viewId":"application-managecatalogs-display-component---detailCatalog","i18NText":{"propertyName":"text","key":"edit"},"interaction":{"idSuffix":"BDI-content"}},"wdio_ui5_key":"etmportal.ui.managecatalogs.view.Detailsap.m.Button{\"propertyName\":\"text\",\"key\":\"edit\"}"}]}
RESULT: {"script":"<script> [1562 bytes]","args":[{"selector":{"controlType":"sap.m.Button","viewName":"etm.portal.ui.managecatalogs.view.Detail","viewId":"application-managecatalogs-display-component---detailCatalog","i18NText":{"propertyName":"text","key":"edit"},"interaction":{"idSuffix":"BDI-content"}},"wdio_ui5_key":"etmportal.ui.managecatalogs.view.Detailsap.m.Button{\"propertyName\":\"text\",\"key\":\"edit\"}"}]}
RESULT: undefined
COMMAND: POST /session/45c59d76302b4601ce326d500c91de8f/element - {"using":"xpath","value":"//*[@id=\"__button25\"]"}
RESULT: {"using":"xpath","value":"//*[@id=\"__button25\"]"}
COMMAND: POST /session/45c59d76302b4601ce326d500c91de8f/element/f.A88CFED3FC703E186E048BAD8979E17B.d.B1A6ECD4A453E7635CE1A863E6B96DFB.e.2208/click - {}
RESULT: {}
COMMAND: POST /session/45c59d76302b4601ce326d500c91de8f/execute/async - {"script":"<script> [1562 bytes]","args":[{"selector":{"id":"application-managecatalogs-display-component---detailCatalog--ObjectPageLayout-anchBar-application-managecatalogs-display-component---detailCatalog--sectionValues-anchor","interaction":{"idSuffix":"BDI-content"}},"wdio_ui5_key":"applicationmanagecatalogs-display-component---detailCatalog--ObjectPageLayout-anchBar-application-managecatalogs-display-component---detailCatalog--sectionValues-anchor"}]}
COMMAND: GET /session/45c59d76302b4601ce326d500c91de8f/screenshot - {}
RESULT: {"script":"<script> [1562 bytes]","args":[{"selector":{"id":"application-managecatalogs-display-component---detailCatalog--ObjectPageLayout-anchBar-application-managecatalogs-display-component---detailCatalog--sectionValues-anchor","interaction":{"idSuffix":"BDI-content"}},"wdio_ui5_key":"applicationmanagecatalogs-display-component---detailCatalog--ObjectPageLayout-anchBar-application-managecatalogs-display-component---detailCatalog--sectionValues-anchor"}]}
RESULT: undefined
COMMAND: POST /session/45c59d76302b4601ce326d500c91de8f/element - {"using":"xpath","value":"//*[@id=\"application-managecatalogs-display-component---detailCatalog--ObjectPageLayout-anchBar-application-managecatalogs-display-component---detailCatalog--sectionValues-anchor\"]"}
RESULT: {}
RESULT: {"using":"xpath","value":"//*[@id=\"application-managecatalogs-display-component---detailCatalog--ObjectPageLayout-anchBar-application-managecatalogs-display-component---detailCatalog--sectionValues-anchor\"]"}
COMMAND: POST /session/45c59d76302b4601ce326d500c91de8f/element/f.A88CFED3FC703E186E048BAD8979E17B.d.B1A6ECD4A453E7635CE1A863E6B96DFB.e.2248/click - {}
RESULT: {}
COMMAND: GET /session/45c59d76302b4601ce326d500c91de8f/screenshot - {}
RESULT: {}
COMMAND: POST /session/45c59d76302b4601ce326d500c91de8f/execute/async - {"script":"<script> [1562 bytes]","args":[{"selector":{"id":"application-managecatalogs-display-component---detailCatalog--ValuesTable-sa","interaction":{"idSuffix":"CbBg"}},"wdio_ui5_key":"applicationmanagecatalogs-display-component---detailCatalog--ValuesTable-sa"}]}
RESULT: {"script":"<script> [1562 bytes]","args":[{"selector":{"id":"application-managecatalogs-display-component---detailCatalog--ValuesTable-sa","interaction":{"idSuffix":"CbBg"}},"wdio_ui5_key":"applicationmanagecatalogs-display-component---detailCatalog--ValuesTable-sa"}]}
RESULT: undefined
COMMAND: POST /session/45c59d76302b4601ce326d500c91de8f/element - {"using":"xpath","value":"//*[@id=\"application-managecatalogs-display-component---detailCatalog--ValuesTable-sa\"]"}
RESULT: {"using":"xpath","value":"//*[@id=\"application-managecatalogs-display-component---detailCatalog--ValuesTable-sa\"]"}
COMMAND: POST /session/45c59d76302b4601ce326d500c91de8f/element/f.A88CFED3FC703E186E048BAD8979E17B.d.B1A6ECD4A453E7635CE1A863E6B96DFB.e.2254/click - {}
RESULT: {}
COMMAND: POST /session/45c59d76302b4601ce326d500c91de8f/execute/async - {"script":"<script> [1562 bytes]","args":[{"selector":{"controlType":"sap.ui.core.Icon","viewName":"etm.portal.ui.managecatalogs.view.Detail","viewId":"application-managecatalogs-display-component---detailCatalog","properties":{"src":{"regex":{"source":"delete"}}},"ancestor":{"id":"application-managecatalogs-display-component---detailCatalog--ValuesTable"}},"wdio_ui5_key":"etmportal.ui.managecatalogs.view.Detailsap.ui.core.Icon{\"src\":{\"regex\":{\"source\":\"delete\"}}}{\"id\":\"application-managecatalogs-display-component---detailCatalog--ValuesTable\"}"}]}
COMMAND: GET /session/45c59d76302b4601ce326d500c91de8f/screenshot - {}
RESULT: {"script":"<script> [1562 bytes]","args":[{"selector":{"controlType":"sap.ui.core.Icon","viewName":"etm.portal.ui.managecatalogs.view.Detail","viewId":"application-managecatalogs-display-component---detailCatalog","properties":{"src":{"regex":{"source":"delete"}}},"ancestor":{"id":"application-managecatalogs-display-component---detailCatalog--ValuesTable"}},"wdio_ui5_key":"etmportal.ui.managecatalogs.view.Detailsap.ui.core.Icon{\"src\":{\"regex\":{\"source\":\"delete\"}}}{\"id\":\"application-managecatalogs-display-component---detailCatalog--ValuesTable\"}"}]}
RESULT: undefined
COMMAND: POST /session/45c59d76302b4601ce326d500c91de8f/element - {"using":"xpath","value":"//*[@id=\"__button36-img\"]"}
RESULT: {}
RESULT: {"using":"xpath","value":"//*[@id=\"__button36-img\"]"}
COMMAND: POST /session/45c59d76302b4601ce326d500c91de8f/element/f.A88CFED3FC703E186E048BAD8979E17B.d.B1A6ECD4A453E7635CE1A863E6B96DFB.e.2257/click - {}
RESULT: {}
COMMAND: POST /session/45c59d76302b4601ce326d500c91de8f/execute/async - {"script":"<script> [1562 bytes]","args":[{"selector":{"controlType":"sap.m.Button","properties":{"text":"Yes"},"searchOpenDialogs":true,"interaction":{"idSuffix":"BDI-content"}},"wdio_ui5_key":"sapm.Button{\"text\":\"Yes\"}"}]}
COMMAND: GET /session/45c59d76302b4601ce326d500c91de8f/screenshot - {}
RESULT: {"script":"<script> [1562 bytes]","args":[{"selector":{"controlType":"sap.m.Button","properties":{"text":"Yes"},"searchOpenDialogs":true,"interaction":{"idSuffix":"BDI-content"}},"wdio_ui5_key":"sapm.Button{\"text\":\"Yes\"}"}]}
RESULT: undefined
COMMAND: POST /session/45c59d76302b4601ce326d500c91de8f/element - {"using":"xpath","value":"//*[@id=\"__mbox-btn-0\"]"}
RESULT: {}
RESULT: {"using":"xpath","value":"//*[@id=\"__mbox-btn-0\"]"}
COMMAND: POST /session/45c59d76302b4601ce326d500c91de8f/element/f.A88CFED3FC703E186E048BAD8979E17B.d.B1A6ECD4A453E7635CE1A863E6B96DFB.e.2259/click - {}
RESULT: {}
COMMAND: GET /session/45c59d76302b4601ce326d500c91de8f/screenshot - {}
RESULT: {}
COMMAND: POST /session/45c59d76302b4601ce326d500c91de8f/execute/async - {"script":"<script> [1562 bytes]","args":[{"selector":{"controlType":"sap.m.Button","viewName":"etm.portal.ui.managecatalogs.view.Detail","viewId":"application-managecatalogs-display-component---detailCatalog","i18NText":{"propertyName":"text","key":"save"},"interaction":{"idSuffix":"BDI-content"}},"wdio_ui5_key":"etmportal.ui.managecatalogs.view.Detailsap.m.Button{\"propertyName\":\"text\",\"key\":\"save\"}"}]}
RESULT: {"script":"<script> [1562 bytes]","args":[{"selector":{"controlType":"sap.m.Button","viewName":"etm.portal.ui.managecatalogs.view.Detail","viewId":"application-managecatalogs-display-component---detailCatalog","i18NText":{"propertyName":"text","key":"save"},"interaction":{"idSuffix":"BDI-content"}},"wdio_ui5_key":"etmportal.ui.managecatalogs.view.Detailsap.m.Button{\"propertyName\":\"text\",\"key\":\"save\"}"}]}
RESULT: undefined
COMMAND: POST /session/45c59d76302b4601ce326d500c91de8f/element - {"using":"xpath","value":"//*[@id=\"__button43\"]"}
RESULT: {"using":"xpath","value":"//*[@id=\"__button43\"]"}
COMMAND: POST /session/45c59d76302b4601ce326d500c91de8f/element/f.A88CFED3FC703E186E048BAD8979E17B.d.B1A6ECD4A453E7635CE1A863E6B96DFB.e.2264/click - {}
RESULT: {}
COMMAND: GET /session/45c59d76302b4601ce326d500c91de8f/screenshot - {}
RESULT: {}
RESULT: undefined
COMMAND: POST /session/45c59d76302b4601ce326d500c91de8f/element - {"using":"xpath","value":"//*[@id=\"__button25\"]"}
RESULT: {"using":"xpath","value":"//*[@id=\"__button25\"]"}
COMMAND: POST /session/45c59d76302b4601ce326d500c91de8f/element/f.A88CFED3FC703E186E048BAD8979E17B.d.B1A6ECD4A453E7635CE1A863E6B96DFB.e.2291/click - {}
RESULT: {}
COMMAND: GET /session/45c59d76302b4601ce326d500c91de8f/screenshot - {}
RESULT: {}
RESULT: undefined
COMMAND: POST /session/45c59d76302b4601ce326d500c91de8f/element - {"using":"xpath","value":"//*[@id=\"application-managecatalogs-display-component---detailCatalog--ObjectPageLayout-anchBar-application-managecatalogs-display-component---detailCatalog--sectionValues-anchor\"]"}
RESULT: {"using":"xpath","value":"//*[@id=\"application-managecatalogs-display-component---detailCatalog--ObjectPageLayout-anchBar-application-managecatalogs-display-component---detailCatalog--sectionValues-anchor\"]"}
COMMAND: POST /session/45c59d76302b4601ce326d500c91de8f/element/f.A88CFED3FC703E186E048BAD8979E17B.d.B1A6ECD4A453E7635CE1A863E6B96DFB.e.2301/click - {}
RESULT: {}
COMMAND: GET /session/45c59d76302b4601ce326d500c91de8f/screenshot - {}
RESULT: {}
COMMAND: POST /session/45c59d76302b4601ce326d500c91de8f/execute/async - {"script":"<script> [1562 bytes]","args":[{"selector":{"controlType":"sap.ui.core.Icon","viewName":"etm.portal.ui.managecatalogs.view.Detail","viewId":"application-managecatalogs-display-component---detailCatalog","properties":{"src":{"regex":{"source":"add"}}},"ancestor":{"id":"application-managecatalogs-display-component---detailCatalog--ValuesTable"}},"wdio_ui5_key":"etmportal.ui.managecatalogs.view.Detailsap.ui.core.Icon{\"src\":{\"regex\":{\"source\":\"add\"}}}{\"id\":\"application-managecatalogs-display-component---detailCatalog--ValuesTable\"}"}]}
RESULT: {"script":"<script> [1562 bytes]","args":[{"selector":{"controlType":"sap.ui.core.Icon","viewName":"etm.portal.ui.managecatalogs.view.Detail","viewId":"application-managecatalogs-display-component---detailCatalog","properties":{"src":{"regex":{"source":"add"}}},"ancestor":{"id":"application-managecatalogs-display-component---detailCatalog--ValuesTable"}},"wdio_ui5_key":"etmportal.ui.managecatalogs.view.Detailsap.ui.core.Icon{\"src\":{\"regex\":{\"source\":\"add\"}}}{\"id\":\"application-managecatalogs-display-component---detailCatalog--ValuesTable\"}"}]}
RESULT: undefined
COMMAND: POST /session/45c59d76302b4601ce326d500c91de8f/element - {"using":"xpath","value":"//*[@id=\"__button37-img\"]"}
RESULT: {"using":"xpath","value":"//*[@id=\"__button37-img\"]"}
COMMAND: POST /session/45c59d76302b4601ce326d500c91de8f/element/f.A88CFED3FC703E186E048BAD8979E17B.d.B1A6ECD4A453E7635CE1A863E6B96DFB.e.2302/click - {}
RESULT: {}
RESULT: undefined
COMMAND: POST /session/45c59d76302b4601ce326d500c91de8f/element - {"using":"xpath","value":"//*[@id=\"__button37-img\"]"}
COMMAND: GET /session/45c59d76302b4601ce326d500c91de8f/screenshot - {}
RESULT: {"using":"xpath","value":"//*[@id=\"__button37-img\"]"}
COMMAND: POST /session/45c59d76302b4601ce326d500c91de8f/element/f.A88CFED3FC703E186E048BAD8979E17B.d.B1A6ECD4A453E7635CE1A863E6B96DFB.e.2302/click - {}
RESULT: {}
RESULT: {}
COMMAND: POST /session/45c59d76302b4601ce326d500c91de8f/element - {"using":"xpath","value":"(//input[contains(@id ,\"application-managecatalogs-display-component---detailCatalog--ValuesTable-0-inner\")])[1]"}
COMMAND: GET /session/45c59d76302b4601ce326d500c91de8f/screenshot - {}
RESULT: {"using":"xpath","value":"(//input[contains(@id ,\"application-managecatalogs-display-component---detailCatalog--ValuesTable-0-inner\")])[1]"}
COMMAND: POST /session/45c59d76302b4601ce326d500c91de8f/element/f.A88CFED3FC703E186E048BAD8979E17B.d.B1A6ECD4A453E7635CE1A863E6B96DFB.e.2305/clear - {}
RESULT: {}
RESULT: {}
COMMAND: POST /session/45c59d76302b4601ce326d500c91de8f/element/f.A88CFED3FC703E186E048BAD8979E17B.d.B1A6ECD4A453E7635CE1A863E6B96DFB.e.2305/value - {"text":"D&I catalog price"}
COMMAND: GET /session/45c59d76302b4601ce326d500c91de8f/screenshot - {}
RESULT: {"text":"D&I catalog price"}
COMMAND: GET /session/45c59d76302b4601ce326d500c91de8f/screenshot - {}
RESULT: {}
RESULT: {}
COMMAND: POST /session/45c59d76302b4601ce326d500c91de8f/actions - {"actions":[{"id":"action12","type":"key","parameters":{},"actions":[{"type":"keyDown","value":""},{"type":"pause","duration":10},{"type":"keyUp","value":""}]}]}
RESULT: {"actions":[{"id":"action12","type":"key","parameters":{},"actions":[{"type":"keyDown","value":""},{"type":"pause","duration":10},{"type":"keyUp","value":""}]}]}
COMMAND: POST /session/45c59d76302b4601ce326d500c91de8f/element - {"using":"xpath","value":"(//input[contains(@id ,\"application-managecatalogs-display-component---detailCatalog--ValuesTable-1-inner\")])[1]"}
COMMAND: GET /session/45c59d76302b4601ce326d500c91de8f/screenshot - {}
RESULT: {"using":"xpath","value":"(//input[contains(@id ,\"application-managecatalogs-display-component---detailCatalog--ValuesTable-1-inner\")])[1]"}
COMMAND: POST /session/45c59d76302b4601ce326d500c91de8f/element/f.A88CFED3FC703E186E048BAD8979E17B.d.B1A6ECD4A453E7635CE1A863E6B96DFB.e.2318/clear - {}
RESULT: {}
RESULT: {}
COMMAND: POST /session/45c59d76302b4601ce326d500c91de8f/element/f.A88CFED3FC703E186E048BAD8979E17B.d.B1A6ECD4A453E7635CE1A863E6B96DFB.e.2318/value - {"text":"D&I catalog price"}
COMMAND: GET /session/45c59d76302b4601ce326d500c91de8f/screenshot - {}
RESULT: {"text":"D&I catalog price"}
COMMAND: GET /session/45c59d76302b4601ce326d500c91de8f/screenshot - {}
RESULT: {}
RESULT: {}
COMMAND: POST /session/45c59d76302b4601ce326d500c91de8f/actions - {"actions":[{"id":"action13","type":"key","parameters":{},"actions":[{"type":"keyDown","value":""},{"type":"pause","duration":10},{"type":"keyUp","value":""}]}]}
RESULT: {"actions":[{"id":"action13","type":"key","parameters":{},"actions":[{"type":"keyDown","value":""},{"type":"pause","duration":10},{"type":"keyUp","value":""}]}]}
COMMAND: POST /session/45c59d76302b4601ce326d500c91de8f/element - {"using":"xpath","value":"(//input[contains(@id ,\"application-managecatalogs-display-component---detailCatalog--ValuesTable-0-inner\")])[8]"}
COMMAND: GET /session/45c59d76302b4601ce326d500c91de8f/screenshot - {}
RESULT: {"using":"xpath","value":"(//input[contains(@id ,\"application-managecatalogs-display-component---detailCatalog--ValuesTable-0-inner\")])[8]"}
COMMAND: POST /session/45c59d76302b4601ce326d500c91de8f/element/f.A88CFED3FC703E186E048BAD8979E17B.d.B1A6ECD4A453E7635CE1A863E6B96DFB.e.2312/clear - {}
RESULT: {}
RESULT: {}
COMMAND: POST /session/45c59d76302b4601ce326d500c91de8f/element/f.A88CFED3FC703E186E048BAD8979E17B.d.B1A6ECD4A453E7635CE1A863E6B96DFB.e.2312/value - {"text":"101"}
COMMAND: GET /session/45c59d76302b4601ce326d500c91de8f/screenshot - {}
RESULT: {"text":"101"}
COMMAND: GET /session/45c59d76302b4601ce326d500c91de8f/screenshot - {}
RESULT: {}
RESULT: {}
COMMAND: POST /session/45c59d76302b4601ce326d500c91de8f/actions - {"actions":[{"id":"action14","type":"key","parameters":{},"actions":[{"type":"keyDown","value":""},{"type":"pause","duration":10},{"type":"keyUp","value":""}]}]}
RESULT: {"actions":[{"id":"action14","type":"key","parameters":{},"actions":[{"type":"keyDown","value":""},{"type":"pause","duration":10},{"type":"keyUp","value":""}]}]}
COMMAND: POST /session/45c59d76302b4601ce326d500c91de8f/element - {"using":"xpath","value":"(//input[contains(@id ,\"application-managecatalogs-display-component---detailCatalog--ValuesTable-1-inner\")])[8]"}
COMMAND: GET /session/45c59d76302b4601ce326d500c91de8f/screenshot - {}
RESULT: {"using":"xpath","value":"(//input[contains(@id ,\"application-managecatalogs-display-component---detailCatalog--ValuesTable-1-inner\")])[8]"}
COMMAND: POST /session/45c59d76302b4601ce326d500c91de8f/element/f.A88CFED3FC703E186E048BAD8979E17B.d.B1A6ECD4A453E7635CE1A863E6B96DFB.e.2325/clear - {}
RESULT: {}
RESULT: {}
COMMAND: POST /session/45c59d76302b4601ce326d500c91de8f/element/f.A88CFED3FC703E186E048BAD8979E17B.d.B1A6ECD4A453E7635CE1A863E6B96DFB.e.2325/value - {"text":"101"}
COMMAND: GET /session/45c59d76302b4601ce326d500c91de8f/screenshot - {}
RESULT: {"text":"101"}
COMMAND: GET /session/45c59d76302b4601ce326d500c91de8f/screenshot - {}
RESULT: {}
RESULT: {}
COMMAND: POST /session/45c59d76302b4601ce326d500c91de8f/actions - {"actions":[{"id":"action15","type":"key","parameters":{},"actions":[{"type":"keyDown","value":""},{"type":"pause","duration":10},{"type":"keyUp","value":""}]}]}
RESULT: {"actions":[{"id":"action15","type":"key","parameters":{},"actions":[{"type":"keyDown","value":""},{"type":"pause","duration":10},{"type":"keyUp","value":""}]}]}
RESULT: undefined
COMMAND: POST /session/45c59d76302b4601ce326d500c91de8f/element - {"using":"xpath","value":"//*[@id=\"__button43\"]"}
COMMAND: GET /session/45c59d76302b4601ce326d500c91de8f/screenshot - {}
RESULT: {"using":"xpath","value":"//*[@id=\"__button43\"]"}
COMMAND: POST /session/45c59d76302b4601ce326d500c91de8f/element/f.A88CFED3FC703E186E048BAD8979E17B.d.B1A6ECD4A453E7635CE1A863E6B96DFB.e.2294/click - {}
RESULT: {}
RESULT: {}
COMMAND: GET /session/45c59d76302b4601ce326d500c91de8f/screenshot - {}
RESULT: {}
COMMAND: POST /session/45c59d76302b4601ce326d500c91de8f/execute/async - {"script":"<script> [1562 bytes]","args":[{"selector":{"controlType":"sap.m.Text","properties":{"text":"Existing values with the same start date!"},"searchOpenDialogs":true},"wdio_ui5_key":"sapm.Text{\"text\":\"Existing values with the same start date!\"}"}]}
RESULT: {"script":"<script> [1562 bytes]","args":[{"selector":{"controlType":"sap.m.Text","properties":{"text":"Existing values with the same start date!"},"searchOpenDialogs":true},"wdio_ui5_key":"sapm.Text{\"text\":\"Existing values with the same start date!\"}"}]}
RESULT: undefined
COMMAND: POST /session/45c59d76302b4601ce326d500c91de8f/execute/async - {"script":"<script> [6424 bytes]","args":[{"element-6066-11e4-a52e-4f735466cecf":"f.A88CFED3FC703E186E048BAD8979E17B.d.B1A6ECD4A453E7635CE1A863E6B96DFB.e.2376"},"getText",[]]}
RESULT: {"script":"<script> [6424 bytes]","args":[{"element-6066-11e4-a52e-4f735466cecf":"f.A88CFED3FC703E186E048BAD8979E17B.d.B1A6ECD4A453E7635CE1A863E6B96DFB.e.2376"},"getText",[]]}
COMMAND: POST /session/45c59d76302b4601ce326d500c91de8f/execute/async - {"script":"<script> [1562 bytes]","args":[{"selector":{"controlType":"sap.m.Button","properties":{"text":"OK"},"searchOpenDialogs":true,"interaction":{"idSuffix":"BDI-content"}},"wdio_ui5_key":"sapm.Button{\"text\":\"OK\"}"}]}
RESULT: {"script":"<script> [1562 bytes]","args":[{"selector":{"controlType":"sap.m.Button","properties":{"text":"OK"},"searchOpenDialogs":true,"interaction":{"idSuffix":"BDI-content"}},"wdio_ui5_key":"sapm.Button{\"text\":\"OK\"}"}]}
RESULT: undefined
COMMAND: POST /session/45c59d76302b4601ce326d500c91de8f/element - {"using":"xpath","value":"//*[@id=\"__mbox-btn-2\"]"}
RESULT: {"using":"xpath","value":"//*[@id=\"__mbox-btn-2\"]"}
COMMAND: POST /session/45c59d76302b4601ce326d500c91de8f/element/f.A88CFED3FC703E186E048BAD8979E17B.d.B1A6ECD4A453E7635CE1A863E6B96DFB.e.2372/click - {}
RESULT: {}
COMMAND: POST /session/45c59d76302b4601ce326d500c91de8f/element - {"using":"xpath","value":"(//input[contains(@id ,\"application-managecatalogs-display-component---detailCatalog--ValuesTable-0-inner\")])[8]"}
COMMAND: GET /session/45c59d76302b4601ce326d500c91de8f/screenshot - {}
RESULT: {"using":"xpath","value":"(//input[contains(@id ,\"application-managecatalogs-display-component---detailCatalog--ValuesTable-0-inner\")])[8]"}
COMMAND: POST /session/45c59d76302b4601ce326d500c91de8f/element/f.A88CFED3FC703E186E048BAD8979E17B.d.B1A6ECD4A453E7635CE1A863E6B96DFB.e.2312/clear - {}
RESULT: {}
RESULT: {}
COMMAND: POST /session/45c59d76302b4601ce326d500c91de8f/element/f.A88CFED3FC703E186E048BAD8979E17B.d.B1A6ECD4A453E7635CE1A863E6B96DFB.e.2312/value - {"text":"102"}
COMMAND: GET /session/45c59d76302b4601ce326d500c91de8f/screenshot - {}
RESULT: {"text":"102"}
COMMAND: GET /session/45c59d76302b4601ce326d500c91de8f/screenshot - {}
RESULT: {}
RESULT: {}
COMMAND: POST /session/45c59d76302b4601ce326d500c91de8f/actions - {"actions":[{"id":"action16","type":"key","parameters":{},"actions":[{"type":"keyDown","value":""},{"type":"pause","duration":10},{"type":"keyUp","value":""}]}]}
RESULT: {"actions":[{"id":"action16","type":"key","parameters":{},"actions":[{"type":"keyDown","value":""},{"type":"pause","duration":10},{"type":"keyUp","value":""}]}]}
COMMAND: GET /session/45c59d76302b4601ce326d500c91de8f/screenshot - {}
RESULT: {}
RESULT: undefined
COMMAND: POST /session/45c59d76302b4601ce326d500c91de8f/element - {"using":"xpath","value":"//*[@id=\"__button43\"]"}
RESULT: {"using":"xpath","value":"//*[@id=\"__button43\"]"}
COMMAND: POST /session/45c59d76302b4601ce326d500c91de8f/element/f.A88CFED3FC703E186E048BAD8979E17B.d.B1A6ECD4A453E7635CE1A863E6B96DFB.e.2294/click - {}
RESULT: {}
COMMAND: GET /session/45c59d76302b4601ce326d500c91de8f/screenshot - {}
RESULT: {}
COMMAND: POST /session/45c59d76302b4601ce326d500c91de8f/refresh - {}
RESULT: {}
COMMAND: GET /session/45c59d76302b4601ce326d500c91de8f/screenshot - {}
RESULT: {}
COMMAND: POST /session/45c59d76302b4601ce326d500c91de8f/execute/async - {"script":"<script> [189 bytes]","args":[]}
RESULT: {"script":"<script> [189 bytes]","args":[]}
COMMAND: POST /session/45c59d76302b4601ce326d500c91de8f/execute/async - {"script":"<script> [123 bytes]","args":[]}
RESULT: {"script":"<script> [123 bytes]","args":[]}
COMMAND: POST /session/45c59d76302b4601ce326d500c91de8f/timeouts - {"script":"<number>"}
RESULT: {"script":"<number>"}
COMMAND: GET /session/45c59d76302b4601ce326d500c91de8f/timeouts - {}
RESULT: {}
RESULT: undefined
COMMAND: POST /session/45c59d76302b4601ce326d500c91de8f/execute/async - {"script":"<script> [2676 bytes]","args":[]}
RESULT: {"script":"<script> [2676 bytes]","args":[]}
COMMAND: POST /session/45c59d76302b4601ce326d500c91de8f/execute/async - {"script":"<script> [2342 bytes]","args":[{"protocol":"http","hostname":"0.0.0.0","path":"/","capabilities":{"browserName":"chrome","goog:chromeOptions":{"binary":"C:\\Program Files\\Google\\Chrome\\Application\\chrome.exe","args":["--start-maximized"]}},"logLevel":"warn","connectionRetryTimeout":120000,"connectionRetryCount":3,"logLevels":{},"enableDirectConnect":true,"strictSSL":true,"_":"65 more keys: [\"cacheDir\",\"port\",\"requestedCapabilities\",\"automationProtocol\",\"baseUrl\",\"waitforInterval\",\"waitforTimeout\",\"onReload\",\"beforeCommand\",\"afterCommand\",\"rootDir\",\"specs\",\"suites\",\"exclude\",\"groupLogsByTestSpec\",\"excludeDriverLogs\",\"bail\",\"framework\",\"reporters\",\"services\",\"maxInstances\",\"maxInstancesPerCapability\",\"injectGlobals\",\"filesToWatch\",\"execArgv\",\"runnerEnv\",\"runner\",\"shard\",\"specFileRetries\",\"specFileRetriesDelay\",\"specFileRetriesDeferred\",\"reporterSyncInterval\",\"reporterSyncTimeout\",\"cucumberFeaturesWithLineNumbers\",\"autoCompileOpts\",\"mochaOpts\",\"jasmineOpts\",\"cucumberOpts\",\"onPrepare\",\"onWorkerStart\",\"onWorkerEnd\",\"before\",\"beforeSession\",\"beforeSuite\",\"beforeHook\",\"beforeTest\",\"afterTest\",\"afterHook\",\"afterSuite\",\"afterSession\",\"after\",\"onComplete\",\"beforeAssertion\",\"afterAssertion\",\"beforeFeature\",\"beforeScenario\",\"beforeStep\",\"afterStep\",\"afterScenario\",\"afterFeature\",\"_\",\"suite\",\"$0\",\"ignoredWorkerServices\",\"wdi5\"]"}]}
RESULT: {"script":"<script> [2342 bytes]","args":[{"protocol":"http","hostname":"0.0.0.0","path":"/","capabilities":{"browserName":"chrome","goog:chromeOptions":{"binary":"C:\\Program Files\\Google\\Chrome\\Application\\chrome.exe","args":["--start-maximized"]}},"logLevel":"warn","connectionRetryTimeout":120000,"connectionRetryCount":3,"logLevels":{},"enableDirectConnect":true,"strictSSL":true,"_":"65 more keys: [\"cacheDir\",\"port\",\"requestedCapabilities\",\"automationProtocol\",\"baseUrl\",\"waitforInterval\",\"waitforTimeout\",\"onReload\",\"beforeCommand\",\"afterCommand\",\"rootDir\",\"specs\",\"suites\",\"exclude\",\"groupLogsByTestSpec\",\"excludeDriverLogs\",\"bail\",\"framework\",\"reporters\",\"services\",\"maxInstances\",\"maxInstancesPerCapability\",\"injectGlobals\",\"filesToWatch\",\"execArgv\",\"runnerEnv\",\"runner\",\"shard\",\"specFileRetries\",\"specFileRetriesDelay\",\"specFileRetriesDeferred\",\"reporterSyncInterval\",\"reporterSyncTimeout\",\"cucumberFeaturesWithLineNumbers\",\"autoCompileOpts\",\"mochaOpts\",\"jasmineOpts\",\"cucumberOpts\",\"onPrepare\",\"onWorkerStart\",\"onWorkerEnd\",\"before\",\"beforeSession\",\"beforeSuite\",\"beforeHook\",\"beforeTest\",\"afterTest\",\"afterHook\",\"afterSuite\",\"afterSession\",\"after\",\"onComplete\",\"beforeAssertion\",\"afterAssertion\",\"beforeFeature\",\"beforeScenario\",\"beforeStep\",\"afterStep\",\"afterScenario\",\"afterFeature\",\"_\",\"suite\",\"$0\",\"ignoredWorkerServices\",\"wdi5\"]"}]}
COMMAND: POST /session/45c59d76302b4601ce326d500c91de8f/execute/async - {"script":"<script> [21126 bytes]","args":[35000]}
RESULT: {"script":"<script> [21126 bytes]","args":[35000]}
COMMAND: POST /session/45c59d76302b4601ce326d500c91de8f/execute/async - {"script":"<script> [1562 bytes]","args":[{"selector":{"id":"application-managecatalogs-display-component---detailCatalog--ValuesSmartTable-header"},"wdio_ui5_key":"applicationmanagecatalogs-display-component---detailCatalog--ValuesSmartTable-header"}]}
RESULT: {"script":"<script> [1562 bytes]","args":[{"selector":{"id":"application-managecatalogs-display-component---detailCatalog--ValuesSmartTable-header"},"wdio_ui5_key":"applicationmanagecatalogs-display-component---detailCatalog--ValuesSmartTable-header"}]}
RESULT: undefined
COMMAND: POST /session/45c59d76302b4601ce326d500c91de8f/execute/async - {"script":"<script> [6424 bytes]","args":[{"element-6066-11e4-a52e-4f735466cecf":"f.A88CFED3FC703E186E048BAD8979E17B.d.1A47BFF3894A52CEA6FB4764D0F1EB63.e.2452"},"getText",[]]}
RESULT: {"script":"<script> [6424 bytes]","args":[{"element-6066-11e4-a52e-4f735466cecf":"f.A88CFED3FC703E186E048BAD8979E17B.d.1A47BFF3894A52CEA6FB4764D0F1EB63.e.2452"},"getText",[]]}
COMMAND: POST /session/45c59d76302b4601ce326d500c91de8f/element - {"using":"css selector","value":"#shell-header-logo"}
RESULT: {"using":"css selector","value":"#shell-header-logo"}
COMMAND: POST /session/45c59d76302b4601ce326d500c91de8f/element/f.A88CFED3FC703E186E048BAD8979E17B.d.1A47BFF3894A52CEA6FB4764D0F1EB63.e.2407/click - {}
RESULT: {}
COMMAND: GET /session/45c59d76302b4601ce326d500c91de8f/screenshot - {}
RESULT: {}
]]></system-out>
    </testcase>
  </testsuite>
  <testsuite timestamp="2025-05-21T16:01:24" time="445.762" tests="4" failures="0" errors="0" skipped="0">
    <properties>
      <property name="specId" value="0"/>
      <property name="suiteName" value="Verify RU inventory split cost information US139363"/>
      <property name="capabilities" value="chrome.136_0_7103_93.windows"/>
      <property name="file" value="file:///D:/a/1/s/test/specs/R2C/verify-ru-inventory-split-cost-information.spec.js"/>
    </properties>
    <testcase classname="chrome.136_0_7103_93.windows.Verify_RU_inventory_split_cost_information_US139363" name="Should create a new contract" time="109.45">
      <system-out><![CDATA[
COMMAND: POST /session/45c59d76302b4601ce326d500c91de8f/execute/async - {"script":"<script> [1562 bytes]","args":[{"selector":{"controlType":"sap.m.GenericTile","properties":{"header":"Manage Contracts"}},"wdio_ui5_key":"sapm.GenericTile{\"header\":\"Manage Contracts\"}"}]}
RESULT: {"script":"<script> [1562 bytes]","args":[{"selector":{"controlType":"sap.m.GenericTile","properties":{"header":"Manage Contracts"}},"wdio_ui5_key":"sapm.GenericTile{\"header\":\"Manage Contracts\"}"}]}
RESULT: undefined
COMMAND: POST /session/45c59d76302b4601ce326d500c91de8f/element - {"using":"xpath","value":"//*[@id=\"__tile130\"]"}
RESULT: {"using":"xpath","value":"//*[@id=\"__tile130\"]"}
COMMAND: POST /session/45c59d76302b4601ce326d500c91de8f/element/f.A88CFED3FC703E186E048BAD8979E17B.d.1A47BFF3894A52CEA6FB4764D0F1EB63.e.2473/click - {}
RESULT: {}
COMMAND: GET /session/45c59d76302b4601ce326d500c91de8f/screenshot - {}
RESULT: {}
COMMAND: POST /session/45c59d76302b4601ce326d500c91de8f/elements - {"using":"xpath","value":"//span[text()='Error']"}
RESULT: {"using":"xpath","value":"//span[text()='Error']"}
COMMAND: POST /session/45c59d76302b4601ce326d500c91de8f/element - {"using":"xpath","value":"//button[@data-kt=\"addButton\"]"}
RESULT: {"using":"xpath","value":"//button[@data-kt=\"addButton\"]"}
COMMAND: POST /session/45c59d76302b4601ce326d500c91de8f/element/f.A88CFED3FC703E186E048BAD8979E17B.d.1A47BFF3894A52CEA6FB4764D0F1EB63.e.2526/click - {}
RESULT: {}
COMMAND: GET /session/45c59d76302b4601ce326d500c91de8f/screenshot - {}
RESULT: {}
COMMAND: POST /session/45c59d76302b4601ce326d500c91de8f/execute/async - {"script":"<script> [1562 bytes]","args":[{"selector":{"id":"application-managecontracts-display-component---AddNewContract--projectDescription","interaction":{"idSuffix":"inner"}},"wdio_ui5_key":"applicationmanagecontracts-display-component---AddNewContract--projectDescription"}]}
RESULT: {"script":"<script> [1562 bytes]","args":[{"selector":{"id":"application-managecontracts-display-component---AddNewContract--projectDescription","interaction":{"idSuffix":"inner"}},"wdio_ui5_key":"applicationmanagecontracts-display-component---AddNewContract--projectDescription"}]}
RESULT: undefined
COMMAND: POST /session/45c59d76302b4601ce326d500c91de8f/execute/async - {"script":"<script> [776 bytes]","args":[{"enterText":"WdIOR2c3x32n","selector":{"id":"application-managecontracts-display-component---AddNewContract--projectDescription","interaction":{"idSuffix":"inner"}},"clearTextFirst":true,"interactionType":"ENTER_TEXT"}]}
RESULT: {"script":"<script> [776 bytes]","args":[{"enterText":"WdIOR2c3x32n","selector":{"id":"application-managecontracts-display-component---AddNewContract--projectDescription","interaction":{"idSuffix":"inner"}},"clearTextFirst":true,"interactionType":"ENTER_TEXT"}]}
COMMAND: POST /session/45c59d76302b4601ce326d500c91de8f/element - {"using":"xpath","value":"//input[@id=\"application-managecontracts-display-component---AddNewContract--yardId-inner\"]"}
RESULT: {"using":"xpath","value":"//input[@id=\"application-managecontracts-display-component---AddNewContract--yardId-inner\"]"}
COMMAND: POST /session/45c59d76302b4601ce326d500c91de8f/element/f.A88CFED3FC703E186E048BAD8979E17B.d.1A47BFF3894A52CEA6FB4764D0F1EB63.e.2825/clear - {}
RESULT: {}
COMMAND: POST /session/45c59d76302b4601ce326d500c91de8f/element/f.A88CFED3FC703E186E048BAD8979E17B.d.1A47BFF3894A52CEA6FB4764D0F1EB63.e.2825/value - {"text":"webdriveryard"}
COMMAND: GET /session/45c59d76302b4601ce326d500c91de8f/screenshot - {}
RESULT: {"text":"webdriveryard"}
COMMAND: GET /session/45c59d76302b4601ce326d500c91de8f/screenshot - {}
RESULT: {}
RESULT: {}
COMMAND: POST /session/45c59d76302b4601ce326d500c91de8f/actions - {"actions":[{"id":"action17","type":"key","parameters":{},"actions":[{"type":"keyDown","value":""},{"type":"pause","duration":10},{"type":"keyUp","value":""}]}]}
RESULT: {"actions":[{"id":"action17","type":"key","parameters":{},"actions":[{"type":"keyDown","value":""},{"type":"pause","duration":10},{"type":"keyUp","value":""}]}]}
COMMAND: GET /session/45c59d76302b4601ce326d500c91de8f/screenshot - {}
RESULT: {}
COMMAND: POST /session/45c59d76302b4601ce326d500c91de8f/element - {"using":"xpath","value":"//input[@id=\"application-managecontracts-display-component---AddNewContract--customerSelect-inner\"]"}
RESULT: {"using":"xpath","value":"//input[@id=\"application-managecontracts-display-component---AddNewContract--customerSelect-inner\"]"}
COMMAND: POST /session/45c59d76302b4601ce326d500c91de8f/element/f.A88CFED3FC703E186E048BAD8979E17B.d.1A47BFF3894A52CEA6FB4764D0F1EB63.e.2823/clear - {}
RESULT: {}
COMMAND: POST /session/45c59d76302b4601ce326d500c91de8f/element/f.A88CFED3FC703E186E048BAD8979E17B.d.1A47BFF3894A52CEA6FB4764D0F1EB63.e.2823/value - {"text":"webdriverpartner"}
COMMAND: GET /session/45c59d76302b4601ce326d500c91de8f/screenshot - {}
RESULT: {"text":"webdriverpartner"}
COMMAND: GET /session/45c59d76302b4601ce326d500c91de8f/screenshot - {}
RESULT: {}
RESULT: {}
COMMAND: POST /session/45c59d76302b4601ce326d500c91de8f/actions - {"actions":[{"id":"action18","type":"key","parameters":{},"actions":[{"type":"keyDown","value":""},{"type":"pause","duration":10},{"type":"keyUp","value":""}]}]}
RESULT: {"actions":[{"id":"action18","type":"key","parameters":{},"actions":[{"type":"keyDown","value":""},{"type":"pause","duration":10},{"type":"keyUp","value":""}]}]}
COMMAND: GET /session/45c59d76302b4601ce326d500c91de8f/screenshot - {}
RESULT: {}
COMMAND: POST /session/45c59d76302b4601ce326d500c91de8f/element - {"using":"xpath","value":"//input[@id=\"application-managecontracts-display-component---AddNewContract--site-inner\"]"}
RESULT: {"using":"xpath","value":"//input[@id=\"application-managecontracts-display-component---AddNewContract--site-inner\"]"}
COMMAND: POST /session/45c59d76302b4601ce326d500c91de8f/element/f.A88CFED3FC703E186E048BAD8979E17B.d.1A47BFF3894A52CEA6FB4764D0F1EB63.e.2824/clear - {}
RESULT: {}
COMMAND: POST /session/45c59d76302b4601ce326d500c91de8f/element/f.A88CFED3FC703E186E048BAD8979E17B.d.1A47BFF3894A52CEA6FB4764D0F1EB63.e.2824/value - {"text":"Webdriversite"}
COMMAND: GET /session/45c59d76302b4601ce326d500c91de8f/screenshot - {}
RESULT: {"text":"Webdriversite"}
COMMAND: GET /session/45c59d76302b4601ce326d500c91de8f/screenshot - {}
RESULT: {}
RESULT: {}
COMMAND: POST /session/45c59d76302b4601ce326d500c91de8f/actions - {"actions":[{"id":"action19","type":"key","parameters":{},"actions":[{"type":"keyDown","value":""},{"type":"pause","duration":10},{"type":"keyUp","value":""}]}]}
RESULT: {"actions":[{"id":"action19","type":"key","parameters":{},"actions":[{"type":"keyDown","value":""},{"type":"pause","duration":10},{"type":"keyUp","value":""}]}]}
COMMAND: GET /session/45c59d76302b4601ce326d500c91de8f/screenshot - {}
RESULT: {}
COMMAND: POST /session/45c59d76302b4601ce326d500c91de8f/element - {"using":"xpath","value":"//button[@data-kt=\"saveButton\"]"}
RESULT: {"using":"xpath","value":"//button[@data-kt=\"saveButton\"]"}
COMMAND: POST /session/45c59d76302b4601ce326d500c91de8f/element/f.A88CFED3FC703E186E048BAD8979E17B.d.1A47BFF3894A52CEA6FB4764D0F1EB63.e.2862/click - {}
RESULT: {}
COMMAND: GET /session/45c59d76302b4601ce326d500c91de8f/screenshot - {}
RESULT: {}
COMMAND: POST /session/45c59d76302b4601ce326d500c91de8f/execute/async - {"script":"<script> [1562 bytes]","args":[{"selector":{"id":"contractDetailTitleNoExpanded","viewName":"etm.portal.ui.managecontracts.view.Detail"},"wdio_ui5_key":"contractDetailTitleNoExpandedetmportal.ui.managecontracts.view.Detail"}]}
RESULT: {"script":"<script> [1562 bytes]","args":[{"selector":{"id":"contractDetailTitleNoExpanded","viewName":"etm.portal.ui.managecontracts.view.Detail"},"wdio_ui5_key":"contractDetailTitleNoExpandedetmportal.ui.managecontracts.view.Detail"}]}
RESULT: undefined
COMMAND: POST /session/45c59d76302b4601ce326d500c91de8f/execute/async - {"script":"<script> [6424 bytes]","args":[{"element-6066-11e4-a52e-4f735466cecf":"f.A88CFED3FC703E186E048BAD8979E17B.d.1A47BFF3894A52CEA6FB4764D0F1EB63.e.2937"},"getText",[]]}
RESULT: {"script":"<script> [6424 bytes]","args":[{"element-6066-11e4-a52e-4f735466cecf":"f.A88CFED3FC703E186E048BAD8979E17B.d.1A47BFF3894A52CEA6FB4764D0F1EB63.e.2937"},"getText",[]]}
COMMAND: POST /session/45c59d76302b4601ce326d500c91de8f/element - {"using":"css selector","value":"#shell-header-logo"}
RESULT: {"using":"css selector","value":"#shell-header-logo"}
COMMAND: POST /session/45c59d76302b4601ce326d500c91de8f/element/f.A88CFED3FC703E186E048BAD8979E17B.d.1A47BFF3894A52CEA6FB4764D0F1EB63.e.2476/click - {}
RESULT: {}
COMMAND: GET /session/45c59d76302b4601ce326d500c91de8f/screenshot - {}
RESULT: {}
]]></system-out>
    </testcase>
    <testcase classname="chrome.136_0_7103_93.windows.Verify_RU_inventory_split_cost_information_US139363" name="Should create a new equipment" time="130.068">
      <system-out><![CDATA[
COMMAND: POST /session/45c59d76302b4601ce326d500c91de8f/execute/async - {"script":"<script> [1562 bytes]","args":[{"selector":{"controlType":"sap.m.GenericTile","properties":{"header":"Manage Resources"}},"wdio_ui5_key":"sapm.GenericTile{\"header\":\"Manage Resources\"}"}]}
RESULT: {"script":"<script> [1562 bytes]","args":[{"selector":{"controlType":"sap.m.GenericTile","properties":{"header":"Manage Resources"}},"wdio_ui5_key":"sapm.GenericTile{\"header\":\"Manage Resources\"}"}]}
RESULT: undefined
COMMAND: POST /session/45c59d76302b4601ce326d500c91de8f/element - {"using":"xpath","value":"//*[@id=\"__tile39\"]"}
RESULT: {"using":"xpath","value":"//*[@id=\"__tile39\"]"}
COMMAND: POST /session/45c59d76302b4601ce326d500c91de8f/element/f.A88CFED3FC703E186E048BAD8979E17B.d.1A47BFF3894A52CEA6FB4764D0F1EB63.e.2940/click - {}
RESULT: {}
COMMAND: GET /session/45c59d76302b4601ce326d500c91de8f/screenshot - {}
RESULT: {}
COMMAND: POST /session/45c59d76302b4601ce326d500c91de8f/elements - {"using":"xpath","value":"//span[text()='Error']"}
RESULT: {"using":"xpath","value":"//span[text()='Error']"}
COMMAND: POST /session/45c59d76302b4601ce326d500c91de8f/element - {"using":"xpath","value":"//button[@data-kt=\"addNewRUOverflowToolbarButton\"]"}
RESULT: {"using":"xpath","value":"//button[@data-kt=\"addNewRUOverflowToolbarButton\"]"}
COMMAND: POST /session/45c59d76302b4601ce326d500c91de8f/execute/sync - {"script":"<script> [8489 bytes]","args":[{"element-6066-11e4-a52e-4f735466cecf":"f.A88CFED3FC703E186E048BAD8979E17B.d.1A47BFF3894A52CEA6FB4764D0F1EB63.e.2982","ELEMENT":"f.A88CFED3FC703E186E048BAD8979E17B.d.1A47BFF3894A52CEA6FB4764D0F1EB63.e.2982"}]}
RESULT: {"script":"<script> [8489 bytes]","args":[{"element-6066-11e4-a52e-4f735466cecf":"f.A88CFED3FC703E186E048BAD8979E17B.d.1A47BFF3894A52CEA6FB4764D0F1EB63.e.2982","ELEMENT":"f.A88CFED3FC703E186E048BAD8979E17B.d.1A47BFF3894A52CEA6FB4764D0F1EB63.e.2982"}]}
COMMAND: POST /session/45c59d76302b4601ce326d500c91de8f/element/f.A88CFED3FC703E186E048BAD8979E17B.d.1A47BFF3894A52CEA6FB4764D0F1EB63.e.2982/click - {}
COMMAND: GET /session/45c59d76302b4601ce326d500c91de8f/screenshot - {}
RESULT: {}
COMMAND: GET /session/45c59d76302b4601ce326d500c91de8f/screenshot - {}
COMMAND: POST /session/45c59d76302b4601ce326d500c91de8f/execute/async - {"script":"<script> [1562 bytes]","args":[{"selector":{"id":"application-manageresources-display-component---newResourceUnit--TYPE-arrow"},"wdio_ui5_key":"applicationmanageresources-display-component---newResourceUnit--TYPE-arrow"}]}
RESULT: {}
RESULT: {}
RESULT: {"script":"<script> [1562 bytes]","args":[{"selector":{"id":"application-manageresources-display-component---newResourceUnit--TYPE-arrow"},"wdio_ui5_key":"applicationmanageresources-display-component---newResourceUnit--TYPE-arrow"}]}
RESULT: undefined
COMMAND: POST /session/45c59d76302b4601ce326d500c91de8f/element - {"using":"xpath","value":"//*[@id=\"application-manageresources-display-component---newResourceUnit--TYPE-arrow\"]"}
RESULT: {"using":"xpath","value":"//*[@id=\"application-manageresources-display-component---newResourceUnit--TYPE-arrow\"]"}
COMMAND: POST /session/45c59d76302b4601ce326d500c91de8f/element/f.A88CFED3FC703E186E048BAD8979E17B.d.1A47BFF3894A52CEA6FB4764D0F1EB63.e.3301/click - {}
RESULT: {}
COMMAND: POST /session/45c59d76302b4601ce326d500c91de8f/execute/async - {"script":"<script> [1562 bytes]","args":[{"selector":{"controlType":"sap.m.StandardListItem","viewName":"reusables.view.manageresources.NewResourceUnit","viewId":"application-manageresources-display-component---newResourceUnit","properties":{"title":"Equipment"},"searchOpenDialogs":true,"interaction":{"idSuffix":"content"}},"wdio_ui5_key":"reusablesview.manageresources.NewResourceUnitsap.m.StandardListItem{\"title\":\"Equipment\"}"}]}
COMMAND: GET /session/45c59d76302b4601ce326d500c91de8f/screenshot - {}
RESULT: {"script":"<script> [1562 bytes]","args":[{"selector":{"controlType":"sap.m.StandardListItem","viewName":"reusables.view.manageresources.NewResourceUnit","viewId":"application-manageresources-display-component---newResourceUnit","properties":{"title":"Equipment"},"searchOpenDialogs":true,"interaction":{"idSuffix":"content"}},"wdio_ui5_key":"reusablesview.manageresources.NewResourceUnitsap.m.StandardListItem{\"title\":\"Equipment\"}"}]}
RESULT: undefined
COMMAND: POST /session/45c59d76302b4601ce326d500c91de8f/element - {"using":"xpath","value":"//*[@id=\"__item2295\"]"}
RESULT: {}
RESULT: {"using":"xpath","value":"//*[@id=\"__item2295\"]"}
COMMAND: POST /session/45c59d76302b4601ce326d500c91de8f/element/f.A88CFED3FC703E186E048BAD8979E17B.d.1A47BFF3894A52CEA6FB4764D0F1EB63.e.3304/click - {}
RESULT: {}
COMMAND: POST /session/45c59d76302b4601ce326d500c91de8f/execute/async - {"script":"<script> [1562 bytes]","args":[{"selector":{"id":"application-manageresources-display-component---newResourceUnit--resourceId","interaction":{"idSuffix":"inner"}},"wdio_ui5_key":"applicationmanageresources-display-component---newResourceUnit--resourceId"}]}
COMMAND: GET /session/45c59d76302b4601ce326d500c91de8f/screenshot - {}
RESULT: {"script":"<script> [1562 bytes]","args":[{"selector":{"id":"application-manageresources-display-component---newResourceUnit--resourceId","interaction":{"idSuffix":"inner"}},"wdio_ui5_key":"applicationmanageresources-display-component---newResourceUnit--resourceId"}]}
RESULT: undefined
COMMAND: POST /session/45c59d76302b4601ce326d500c91de8f/execute/async - {"script":"<script> [776 bytes]","args":[{"enterText":"WdIOR2cEquiphw8fnj","selector":{"id":"application-manageresources-display-component---newResourceUnit--resourceId","interaction":{"idSuffix":"inner"}},"clearTextFirst":true,"interactionType":"ENTER_TEXT"}]}
RESULT: {}
RESULT: {"script":"<script> [776 bytes]","args":[{"enterText":"WdIOR2cEquiphw8fnj","selector":{"id":"application-manageresources-display-component---newResourceUnit--resourceId","interaction":{"idSuffix":"inner"}},"clearTextFirst":true,"interactionType":"ENTER_TEXT"}]}
COMMAND: POST /session/45c59d76302b4601ce326d500c91de8f/execute/async - {"script":"<script> [1562 bytes]","args":[{"selector":{"id":"application-manageresources-display-component---newResourceUnit--SHORT_TEXT","interaction":{"idSuffix":"inner"}},"wdio_ui5_key":"applicationmanageresources-display-component---newResourceUnit--SHORT_TEXT"}]}
RESULT: {"script":"<script> [1562 bytes]","args":[{"selector":{"id":"application-manageresources-display-component---newResourceUnit--SHORT_TEXT","interaction":{"idSuffix":"inner"}},"wdio_ui5_key":"applicationmanageresources-display-component---newResourceUnit--SHORT_TEXT"}]}
RESULT: undefined
COMMAND: POST /session/45c59d76302b4601ce326d500c91de8f/execute/async - {"script":"<script> [776 bytes]","args":[{"enterText":"WdIOR2cEquiphw8fnj","selector":{"id":"application-manageresources-display-component---newResourceUnit--SHORT_TEXT","interaction":{"idSuffix":"inner"}},"clearTextFirst":true,"interactionType":"ENTER_TEXT"}]}
RESULT: {"script":"<script> [776 bytes]","args":[{"enterText":"WdIOR2cEquiphw8fnj","selector":{"id":"application-manageresources-display-component---newResourceUnit--SHORT_TEXT","interaction":{"idSuffix":"inner"}},"clearTextFirst":true,"interactionType":"ENTER_TEXT"}]}
COMMAND: POST /session/45c59d76302b4601ce326d500c91de8f/execute/async - {"script":"<script> [1562 bytes]","args":[{"selector":{"id":"application-manageresources-display-component---newResourceUnit--BASE_UNIT_OF_MEASURE","interaction":{"idSuffix":"inner"}},"wdio_ui5_key":"applicationmanageresources-display-component---newResourceUnit--BASE_UNIT_OF_MEASURE"}]}
RESULT: {"script":"<script> [1562 bytes]","args":[{"selector":{"id":"application-manageresources-display-component---newResourceUnit--BASE_UNIT_OF_MEASURE","interaction":{"idSuffix":"inner"}},"wdio_ui5_key":"applicationmanageresources-display-component---newResourceUnit--BASE_UNIT_OF_MEASURE"}]}
RESULT: undefined
COMMAND: POST /session/45c59d76302b4601ce326d500c91de8f/execute/async - {"script":"<script> [776 bytes]","args":[{"enterText":"Piece","selector":{"id":"application-manageresources-display-component---newResourceUnit--BASE_UNIT_OF_MEASURE","interaction":{"idSuffix":"inner"}},"clearTextFirst":true,"interactionType":"ENTER_TEXT"}]}
RESULT: {"script":"<script> [776 bytes]","args":[{"enterText":"Piece","selector":{"id":"application-manageresources-display-component---newResourceUnit--BASE_UNIT_OF_MEASURE","interaction":{"idSuffix":"inner"}},"clearTextFirst":true,"interactionType":"ENTER_TEXT"}]}
COMMAND: POST /session/45c59d76302b4601ce326d500c91de8f/execute/async - {"script":"<script> [1562 bytes]","args":[{"selector":{"id":"application-manageresources-display-component---newResourceUnit--WEIGHT_UNIT","interaction":{"idSuffix":"inner"}},"wdio_ui5_key":"applicationmanageresources-display-component---newResourceUnit--WEIGHT_UNIT"}]}
RESULT: {"script":"<script> [1562 bytes]","args":[{"selector":{"id":"application-manageresources-display-component---newResourceUnit--WEIGHT_UNIT","interaction":{"idSuffix":"inner"}},"wdio_ui5_key":"applicationmanageresources-display-component---newResourceUnit--WEIGHT_UNIT"}]}
RESULT: undefined
COMMAND: POST /session/45c59d76302b4601ce326d500c91de8f/execute/async - {"script":"<script> [776 bytes]","args":[{"enterText":"Gram","selector":{"id":"application-manageresources-display-component---newResourceUnit--WEIGHT_UNIT","interaction":{"idSuffix":"inner"}},"clearTextFirst":true,"interactionType":"ENTER_TEXT"}]}
RESULT: {"script":"<script> [776 bytes]","args":[{"enterText":"Gram","selector":{"id":"application-manageresources-display-component---newResourceUnit--WEIGHT_UNIT","interaction":{"idSuffix":"inner"}},"clearTextFirst":true,"interactionType":"ENTER_TEXT"}]}
COMMAND: POST /session/45c59d76302b4601ce326d500c91de8f/execute/async - {"script":"<script> [1562 bytes]","args":[{"selector":{"id":"application-manageresources-display-component---newResourceUnit--newRRUPage-OPHeaderContent-collapseBtn-img"},"wdio_ui5_key":"applicationmanageresources-display-component---newResourceUnit--newRRUPage-OPHeaderContent-collapseBtn-img"}]}
RESULT: {"script":"<script> [1562 bytes]","args":[{"selector":{"id":"application-manageresources-display-component---newResourceUnit--newRRUPage-OPHeaderContent-collapseBtn-img"},"wdio_ui5_key":"applicationmanageresources-display-component---newResourceUnit--newRRUPage-OPHeaderContent-collapseBtn-img"}]}
RESULT: undefined
COMMAND: POST /session/45c59d76302b4601ce326d500c91de8f/element - {"using":"xpath","value":"//*[@id=\"application-manageresources-display-component---newResourceUnit--newRRUPage-OPHeaderContent-collapseBtn-img\"]"}
RESULT: {"using":"xpath","value":"//*[@id=\"application-manageresources-display-component---newResourceUnit--newRRUPage-OPHeaderContent-collapseBtn-img\"]"}
COMMAND: POST /session/45c59d76302b4601ce326d500c91de8f/element/f.A88CFED3FC703E186E048BAD8979E17B.d.1A47BFF3894A52CEA6FB4764D0F1EB63.e.3312/click - {}
RESULT: {}
COMMAND: GET /session/45c59d76302b4601ce326d500c91de8f/screenshot - {}
RESULT: {}
COMMAND: POST /session/45c59d76302b4601ce326d500c91de8f/element - {"using":"xpath","value":"(//span[contains(@id ,\"application-manageresources-display-component---newResourceUnit--DIMENSION_UNIT-arrow\")])[1]"}
RESULT: {"using":"xpath","value":"(//span[contains(@id ,\"application-manageresources-display-component---newResourceUnit--DIMENSION_UNIT-arrow\")])[1]"}
COMMAND: POST /session/45c59d76302b4601ce326d500c91de8f/element/f.A88CFED3FC703E186E048BAD8979E17B.d.1A47BFF3894A52CEA6FB4764D0F1EB63.e.3436/click - {}
RESULT: {}
COMMAND: GET /session/45c59d76302b4601ce326d500c91de8f/screenshot - {}
RESULT: {}
COMMAND: POST /session/45c59d76302b4601ce326d500c91de8f/execute/async - {"script":"<script> [1562 bytes]","args":[{"selector":{"controlType":"sap.m.StandardListItem","viewName":"reusables.view.manageresources.NewResourceUnit","viewId":"application-manageresources-display-component---newResourceUnit","properties":{"title":"Centimeter"},"searchOpenDialogs":true,"interaction":{"idSuffix":"titleText"}},"wdio_ui5_key":"reusablesview.manageresources.NewResourceUnitsap.m.StandardListItem{\"title\":\"Centimeter\"}"}]}
RESULT: {"script":"<script> [1562 bytes]","args":[{"selector":{"controlType":"sap.m.StandardListItem","viewName":"reusables.view.manageresources.NewResourceUnit","viewId":"application-manageresources-display-component---newResourceUnit","properties":{"title":"Centimeter"},"searchOpenDialogs":true,"interaction":{"idSuffix":"titleText"}},"wdio_ui5_key":"reusablesview.manageresources.NewResourceUnitsap.m.StandardListItem{\"title\":\"Centimeter\"}"}]}
RESULT: undefined
COMMAND: POST /session/45c59d76302b4601ce326d500c91de8f/element - {"using":"xpath","value":"//*[@id=\"__item2336\"]"}
RESULT: {"using":"xpath","value":"//*[@id=\"__item2336\"]"}
COMMAND: POST /session/45c59d76302b4601ce326d500c91de8f/element/f.A88CFED3FC703E186E048BAD8979E17B.d.1A47BFF3894A52CEA6FB4764D0F1EB63.e.3438/click - {}
RESULT: {}
COMMAND: GET /session/45c59d76302b4601ce326d500c91de8f/screenshot - {}
RESULT: {}
COMMAND: POST /session/45c59d76302b4601ce326d500c91de8f/execute/async - {"script":"<script> [1562 bytes]","args":[{"selector":{"id":"application-manageresources-display-component---newResourceUnit--newRRUPage-anchBar-application-manageresources-display-component---newResourceUnit--control-anchor","interaction":{"idSuffix":"BDI-content"}},"wdio_ui5_key":"applicationmanageresources-display-component---newResourceUnit--newRRUPage-anchBar-application-manageresources-display-component---newResourceUnit--control-anchor"}]}
RESULT: {"script":"<script> [1562 bytes]","args":[{"selector":{"id":"application-manageresources-display-component---newResourceUnit--newRRUPage-anchBar-application-manageresources-display-component---newResourceUnit--control-anchor","interaction":{"idSuffix":"BDI-content"}},"wdio_ui5_key":"applicationmanageresources-display-component---newResourceUnit--newRRUPage-anchBar-application-manageresources-display-component---newResourceUnit--control-anchor"}]}
RESULT: undefined
COMMAND: POST /session/45c59d76302b4601ce326d500c91de8f/element - {"using":"xpath","value":"//*[@id=\"application-manageresources-display-component---newResourceUnit--newRRUPage-anchBar-application-manageresources-display-component---newResourceUnit--control-anchor\"]"}
RESULT: {"using":"xpath","value":"//*[@id=\"application-manageresources-display-component---newResourceUnit--newRRUPage-anchBar-application-manageresources-display-component---newResourceUnit--control-anchor\"]"}
COMMAND: POST /session/45c59d76302b4601ce326d500c91de8f/element/f.A88CFED3FC703E186E048BAD8979E17B.d.1A47BFF3894A52CEA6FB4764D0F1EB63.e.3440/click - {}
RESULT: {}
COMMAND: POST /session/45c59d76302b4601ce326d500c91de8f/execute/async - {"script":"<script> [1562 bytes]","args":[{"selector":{"id":"application-manageresources-display-component---newResourceUnit--PLANNING_GROUP","interaction":{"idSuffix":"inner"}},"wdio_ui5_key":"applicationmanageresources-display-component---newResourceUnit--PLANNING_GROUP"}]}
COMMAND: GET /session/45c59d76302b4601ce326d500c91de8f/screenshot - {}
RESULT: {"script":"<script> [1562 bytes]","args":[{"selector":{"id":"application-manageresources-display-component---newResourceUnit--PLANNING_GROUP","interaction":{"idSuffix":"inner"}},"wdio_ui5_key":"applicationmanageresources-display-component---newResourceUnit--PLANNING_GROUP"}]}
RESULT: undefined
COMMAND: POST /session/45c59d76302b4601ce326d500c91de8f/execute/async - {"script":"<script> [776 bytes]","args":[{"enterText":"Heavy Equi","selector":{"id":"application-manageresources-display-component---newResourceUnit--PLANNING_GROUP","interaction":{"idSuffix":"inner"}},"clearTextFirst":true,"interactionType":"ENTER_TEXT"}]}
RESULT: {}
RESULT: {"script":"<script> [776 bytes]","args":[{"enterText":"Heavy Equi","selector":{"id":"application-manageresources-display-component---newResourceUnit--PLANNING_GROUP","interaction":{"idSuffix":"inner"}},"clearTextFirst":true,"interactionType":"ENTER_TEXT"}]}
COMMAND: POST /session/45c59d76302b4601ce326d500c91de8f/execute/async - {"script":"<script> [1562 bytes]","args":[{"selector":{"id":"application-manageresources-display-component---newResourceUnit--ITEM_TYPE-arrow"},"wdio_ui5_key":"applicationmanageresources-display-component---newResourceUnit--ITEM_TYPE-arrow"}]}
RESULT: {"script":"<script> [1562 bytes]","args":[{"selector":{"id":"application-manageresources-display-component---newResourceUnit--ITEM_TYPE-arrow"},"wdio_ui5_key":"applicationmanageresources-display-component---newResourceUnit--ITEM_TYPE-arrow"}]}
RESULT: undefined
COMMAND: POST /session/45c59d76302b4601ce326d500c91de8f/element - {"using":"xpath","value":"//*[@id=\"application-manageresources-display-component---newResourceUnit--ITEM_TYPE-arrow\"]"}
RESULT: {"using":"xpath","value":"//*[@id=\"application-manageresources-display-component---newResourceUnit--ITEM_TYPE-arrow\"]"}
COMMAND: POST /session/45c59d76302b4601ce326d500c91de8f/element/f.A88CFED3FC703E186E048BAD8979E17B.d.1A47BFF3894A52CEA6FB4764D0F1EB63.e.3447/click - {}
RESULT: {}
COMMAND: POST /session/45c59d76302b4601ce326d500c91de8f/execute/async - {"script":"<script> [1562 bytes]","args":[{"selector":{"controlType":"sap.m.StandardListItem","viewName":"reusables.view.manageresources.NewResourceUnit","viewId":"application-manageresources-display-component---newResourceUnit","properties":{"title":"Resource Unit"},"searchOpenDialogs":true,"interaction":{"idSuffix":"titleText"}},"wdio_ui5_key":"reusablesview.manageresources.NewResourceUnitsap.m.StandardListItem{\"title\":\"Resource Unit\"}"}]}
COMMAND: GET /session/45c59d76302b4601ce326d500c91de8f/screenshot - {}
RESULT: {"script":"<script> [1562 bytes]","args":[{"selector":{"controlType":"sap.m.StandardListItem","viewName":"reusables.view.manageresources.NewResourceUnit","viewId":"application-manageresources-display-component---newResourceUnit","properties":{"title":"Resource Unit"},"searchOpenDialogs":true,"interaction":{"idSuffix":"titleText"}},"wdio_ui5_key":"reusablesview.manageresources.NewResourceUnitsap.m.StandardListItem{\"title\":\"Resource Unit\"}"}]}
RESULT: undefined
COMMAND: POST /session/45c59d76302b4601ce326d500c91de8f/element - {"using":"xpath","value":"//*[@id=\"__item2358\"]"}
RESULT: {}
RESULT: {"using":"xpath","value":"//*[@id=\"__item2358\"]"}
COMMAND: POST /session/45c59d76302b4601ce326d500c91de8f/element/f.A88CFED3FC703E186E048BAD8979E17B.d.1A47BFF3894A52CEA6FB4764D0F1EB63.e.3449/click - {}
RESULT: {}
COMMAND: POST /session/45c59d76302b4601ce326d500c91de8f/element - {"using":"xpath","value":"//bdi[contains(text(), \"Time Segment\")]"}
COMMAND: GET /session/45c59d76302b4601ce326d500c91de8f/screenshot - {}
RESULT: {"using":"xpath","value":"//bdi[contains(text(), \"Time Segment\")]"}
COMMAND: GET /session/45c59d76302b4601ce326d500c91de8f/element/f.A88CFED3FC703E186E048BAD8979E17B.d.1A47BFF3894A52CEA6FB4764D0F1EB63.e.3450/rect - {}
RESULT: {}
RESULT: {}
COMMAND: GET /session/45c59d76302b4601ce326d500c91de8f/window/rect - {}
RESULT: {}
COMMAND: POST /session/45c59d76302b4601ce326d500c91de8f/execute/sync - {"script":"<script> [92 bytes]","args":[]}
RESULT: {"script":"<script> [92 bytes]","args":[]}
COMMAND: POST /session/45c59d76302b4601ce326d500c91de8f/actions - {"actions":[{"id":"action20","type":"wheel","parameters":{},"actions":[{"type":"scroll","x":-1820,"y":-21,"deltaX":0,"deltaY":0,"duration":0,"origin":{"element-6066-11e4-a52e-4f735466cecf":"f.A88CFED3FC703E186E048BAD8979E17B.d.1A47BFF3894A52CEA6FB4764D0F1EB63.e.3450"}}]}]}
COMMAND: GET /session/45c59d76302b4601ce326d500c91de8f/screenshot - {}
RESULT: {}
COMMAND: POST /session/45c59d76302b4601ce326d500c91de8f/execute/sync - {"script":"<script> [79 bytes]","args":[{"element-6066-11e4-a52e-4f735466cecf":"f.A88CFED3FC703E186E048BAD8979E17B.d.1A47BFF3894A52CEA6FB4764D0F1EB63.e.3450","ELEMENT":"f.A88CFED3FC703E186E048BAD8979E17B.d.1A47BFF3894A52CEA6FB4764D0F1EB63.e.3450"},{"block":"start","inline":"nearest"}]}
RESULT: {"script":"<script> [79 bytes]","args":[{"element-6066-11e4-a52e-4f735466cecf":"f.A88CFED3FC703E186E048BAD8979E17B.d.1A47BFF3894A52CEA6FB4764D0F1EB63.e.3450","ELEMENT":"f.A88CFED3FC703E186E048BAD8979E17B.d.1A47BFF3894A52CEA6FB4764D0F1EB63.e.3450"},{"block":"start","inline":"nearest"}]}
COMMAND: POST /session/45c59d76302b4601ce326d500c91de8f/execute/async - {"script":"<script> [1562 bytes]","args":[{"selector":{"id":"application-manageresources-display-component---newResourceUnit--btnAddTimeSegment-img"},"wdio_ui5_key":"applicationmanageresources-display-component---newResourceUnit--btnAddTimeSegment-img"}]}
COMMAND: GET /session/45c59d76302b4601ce326d500c91de8f/screenshot - {}
RESULT: {"script":"<script> [1562 bytes]","args":[{"selector":{"id":"application-manageresources-display-component---newResourceUnit--btnAddTimeSegment-img"},"wdio_ui5_key":"applicationmanageresources-display-component---newResourceUnit--btnAddTimeSegment-img"}]}
RESULT: undefined
COMMAND: POST /session/45c59d76302b4601ce326d500c91de8f/element - {"using":"xpath","value":"//*[@id=\"application-manageresources-display-component---newResourceUnit--btnAddTimeSegment-img\"]"}
RESULT: {}
RESULT: {"using":"xpath","value":"//*[@id=\"application-manageresources-display-component---newResourceUnit--btnAddTimeSegment-img\"]"}
COMMAND: POST /session/45c59d76302b4601ce326d500c91de8f/element/f.A88CFED3FC703E186E048BAD8979E17B.d.1A47BFF3894A52CEA6FB4764D0F1EB63.e.3453/click - {}
RESULT: {}
COMMAND: GET /session/45c59d76302b4601ce326d500c91de8f/screenshot - {}
COMMAND: POST /session/45c59d76302b4601ce326d500c91de8f/element - {"using":"xpath","value":"//input[@id=\"application-manageresources-display-component---newResourceUnit--idRuTSAdmin-application-manageresources-display-component---newResourceUnit--RUTimeSegment-0-inner\"]"}
RESULT: {}
RESULT: {"using":"xpath","value":"//input[@id=\"application-manageresources-display-component---newResourceUnit--idRuTSAdmin-application-manageresources-display-component---newResourceUnit--RUTimeSegment-0-inner\"]"}
COMMAND: POST /session/45c59d76302b4601ce326d500c91de8f/element/f.A88CFED3FC703E186E048BAD8979E17B.d.1A47BFF3894A52CEA6FB4764D0F1EB63.e.3457/clear - {}
RESULT: {}
COMMAND: POST /session/45c59d76302b4601ce326d500c91de8f/element/f.A88CFED3FC703E186E048BAD8979E17B.d.1A47BFF3894A52CEA6FB4764D0F1EB63.e.3457/value - {"text":"webdriveryard"}
COMMAND: GET /session/45c59d76302b4601ce326d500c91de8f/screenshot - {}
RESULT: {"text":"webdriveryard"}
COMMAND: GET /session/45c59d76302b4601ce326d500c91de8f/screenshot - {}
RESULT: {}
RESULT: {}
COMMAND: POST /session/45c59d76302b4601ce326d500c91de8f/actions - {"actions":[{"id":"action21","type":"key","parameters":{},"actions":[{"type":"keyDown","value":""},{"type":"pause","duration":10},{"type":"keyUp","value":""}]}]}
RESULT: {"actions":[{"id":"action21","type":"key","parameters":{},"actions":[{"type":"keyDown","value":""},{"type":"pause","duration":10},{"type":"keyUp","value":""}]}]}
COMMAND: POST /session/45c59d76302b4601ce326d500c91de8f/execute/async - {"script":"<script> [1562 bytes]","args":[{"selector":{"controlType":"sap.ui.core.Icon","viewName":"reusables.view.manageresources.NewResourceUnit","viewId":"application-manageresources-display-component---newResourceUnit","properties":{"src":{"regex":{"source":"slim\\-arrow\\-down"}}},"ancestor":{"controlType":"sap.m.ComboBox","viewName":"reusables.view.manageresources.NewResourceUnit","viewId":"application-manageresources-display-component---newResourceUnit","bindingPath":{"path":"/RESOURCE_UNIT_TIME_SEQUENCES/0","propertyPath":"COST_OBJECT_ADMIN_CST_TYPE","modelName":"oNewRruModel"}}},"wdio_ui5_key":"reusablesview.manageresources.NewResourceUnitsap.ui.core.Icon{\"src\":{\"regex\":{\"source\":\"slim\\\\-arrow\\\\-down\"}}}{\"controlType\":\"sap.m.ComboBox\",\"viewName\":\"reusables.view.manageresources.NewResourceUnit\",\"viewId\":\"application-manageresources-display-component---newResourceUnit\",\"bindingPath\":{\"path\":\"/RESOURCE_UNIT_TIME_SEQUENCES/0\",\"propertyPath\":\"COST_OBJECT_ADMIN_CST_TYPE\",\"modelName\":\"oNewRruModel\"}}"}]}
COMMAND: GET /session/45c59d76302b4601ce326d500c91de8f/screenshot - {}
RESULT: {"script":"<script> [1562 bytes]","args":[{"selector":{"controlType":"sap.ui.core.Icon","viewName":"reusables.view.manageresources.NewResourceUnit","viewId":"application-manageresources-display-component---newResourceUnit","properties":{"src":{"regex":{"source":"slim\\-arrow\\-down"}}},"ancestor":{"controlType":"sap.m.ComboBox","viewName":"reusables.view.manageresources.NewResourceUnit","viewId":"application-manageresources-display-component---newResourceUnit","bindingPath":{"path":"/RESOURCE_UNIT_TIME_SEQUENCES/0","propertyPath":"COST_OBJECT_ADMIN_CST_TYPE","modelName":"oNewRruModel"}}},"wdio_ui5_key":"reusablesview.manageresources.NewResourceUnitsap.ui.core.Icon{\"src\":{\"regex\":{\"source\":\"slim\\\\-arrow\\\\-down\"}}}{\"controlType\":\"sap.m.ComboBox\",\"viewName\":\"reusables.view.manageresources.NewResourceUnit\",\"viewId\":\"application-manageresources-display-component---newResourceUnit\",\"bindingPath\":{\"path\":\"/RESOURCE_UNIT_TIME_SEQUENCES/0\",\"propertyPath\":\"COST_OBJECT_ADMIN_CST_TYPE\",\"modelName\":\"oNewRruModel\"}}"}]}
RESULT: undefined
COMMAND: POST /session/45c59d76302b4601ce326d500c91de8f/element - {"using":"xpath","value":"//*[@id=\"__box16-application-manageresources-display-component---newResourceUnit--RUTimeSegment-0-arrow\"]"}
RESULT: {}
RESULT: {"using":"xpath","value":"//*[@id=\"__box16-application-manageresources-display-component---newResourceUnit--RUTimeSegment-0-arrow\"]"}
COMMAND: POST /session/45c59d76302b4601ce326d500c91de8f/element/f.A88CFED3FC703E186E048BAD8979E17B.d.1A47BFF3894A52CEA6FB4764D0F1EB63.e.3473/click - {}
RESULT: {}
COMMAND: POST /session/45c59d76302b4601ce326d500c91de8f/execute/async - {"script":"<script> [1562 bytes]","args":[{"selector":{"controlType":"sap.m.StandardListItem","viewName":"reusables.view.manageresources.NewResourceUnit","viewId":"application-manageresources-display-component---newResourceUnit","properties":{"title":"PM Order"},"searchOpenDialogs":true,"interaction":{"idSuffix":"titleText"}},"wdio_ui5_key":"reusablesview.manageresources.NewResourceUnitsap.m.StandardListItem{\"title\":\"PM Order\"}"}]}
COMMAND: GET /session/45c59d76302b4601ce326d500c91de8f/screenshot - {}
RESULT: {"script":"<script> [1562 bytes]","args":[{"selector":{"controlType":"sap.m.StandardListItem","viewName":"reusables.view.manageresources.NewResourceUnit","viewId":"application-manageresources-display-component---newResourceUnit","properties":{"title":"PM Order"},"searchOpenDialogs":true,"interaction":{"idSuffix":"titleText"}},"wdio_ui5_key":"reusablesview.manageresources.NewResourceUnitsap.m.StandardListItem{\"title\":\"PM Order\"}"}]}
RESULT: undefined
COMMAND: POST /session/45c59d76302b4601ce326d500c91de8f/element - {"using":"xpath","value":"//*[@id=\"__item3464\"]"}
RESULT: {}
RESULT: {"using":"xpath","value":"//*[@id=\"__item3464\"]"}
COMMAND: POST /session/45c59d76302b4601ce326d500c91de8f/element/f.A88CFED3FC703E186E048BAD8979E17B.d.1A47BFF3894A52CEA6FB4764D0F1EB63.e.3477/click - {}
RESULT: {}
COMMAND: GET /session/45c59d76302b4601ce326d500c91de8f/screenshot - {}
RESULT: {}
COMMAND: POST /session/45c59d76302b4601ce326d500c91de8f/element - {"using":"xpath","value":"(//input[contains(@id ,\"-application-manageresources-display-component---newResourceUnit--RUTimeSegment-0-inner\")])[8]"}
RESULT: {"using":"xpath","value":"(//input[contains(@id ,\"-application-manageresources-display-component---newResourceUnit--RUTimeSegment-0-inner\")])[8]"}
COMMAND: POST /session/45c59d76302b4601ce326d500c91de8f/element/f.A88CFED3FC703E186E048BAD8979E17B.d.1A47BFF3894A52CEA6FB4764D0F1EB63.e.3480/clear - {}
RESULT: {}
COMMAND: POST /session/45c59d76302b4601ce326d500c91de8f/element/f.A88CFED3FC703E186E048BAD8979E17B.d.1A47BFF3894A52CEA6FB4764D0F1EB63.e.3480/value - {"text":"4000360"}
COMMAND: GET /session/45c59d76302b4601ce326d500c91de8f/screenshot - {}
RESULT: {"text":"4000360"}
COMMAND: GET /session/45c59d76302b4601ce326d500c91de8f/screenshot - {}
RESULT: {}
RESULT: {}
COMMAND: POST /session/45c59d76302b4601ce326d500c91de8f/actions - {"actions":[{"id":"action22","type":"key","parameters":{},"actions":[{"type":"keyDown","value":""},{"type":"pause","duration":10},{"type":"keyUp","value":""}]}]}
RESULT: {"actions":[{"id":"action22","type":"key","parameters":{},"actions":[{"type":"keyDown","value":""},{"type":"pause","duration":10},{"type":"keyUp","value":""}]}]}
COMMAND: GET /session/45c59d76302b4601ce326d500c91de8f/screenshot - {}
RESULT: {}
COMMAND: POST /session/45c59d76302b4601ce326d500c91de8f/element - {"using":"xpath","value":"//input[contains(@id ,\"application-manageresources-display-component---newResourceUnit--newTimeSegmentFromDatePicker-application-manageresources-display-component---newResourceUnit--RUTimeSegment-0-inner\")]"}
RESULT: {"using":"xpath","value":"//input[contains(@id ,\"application-manageresources-display-component---newResourceUnit--newTimeSegmentFromDatePicker-application-manageresources-display-component---newResourceUnit--RUTimeSegment-0-inner\")]"}
COMMAND: POST /session/45c59d76302b4601ce326d500c91de8f/element/f.A88CFED3FC703E186E048BAD8979E17B.d.1A47BFF3894A52CEA6FB4764D0F1EB63.e.3464/clear - {}
RESULT: {}
COMMAND: POST /session/45c59d76302b4601ce326d500c91de8f/element/f.A88CFED3FC703E186E048BAD8979E17B.d.1A47BFF3894A52CEA6FB4764D0F1EB63.e.3464/clear - {}
COMMAND: GET /session/45c59d76302b4601ce326d500c91de8f/screenshot - {}
RESULT: {}
COMMAND: POST /session/45c59d76302b4601ce326d500c91de8f/element/f.A88CFED3FC703E186E048BAD8979E17B.d.1A47BFF3894A52CEA6FB4764D0F1EB63.e.3464/value - {"text":"06/21/24"}
COMMAND: GET /session/45c59d76302b4601ce326d500c91de8f/screenshot - {}
RESULT: {}
RESULT: {"text":"06/21/24"}
COMMAND: POST /session/45c59d76302b4601ce326d500c91de8f/execute/async - {"script":"<script> [1562 bytes]","args":[{"selector":{"id":"application-manageresources-display-component---newResourceUnit--newRRUPage-anchBar-application-manageresources-display-component---newResourceUnit--resource-anchor","interaction":{"idSuffix":"BDI-content"}},"wdio_ui5_key":"applicationmanageresources-display-component---newResourceUnit--newRRUPage-anchBar-application-manageresources-display-component---newResourceUnit--resource-anchor"}]}
COMMAND: GET /session/45c59d76302b4601ce326d500c91de8f/screenshot - {}
RESULT: {}
RESULT: {}
RESULT: {"script":"<script> [1562 bytes]","args":[{"selector":{"id":"application-manageresources-display-component---newResourceUnit--newRRUPage-anchBar-application-manageresources-display-component---newResourceUnit--resource-anchor","interaction":{"idSuffix":"BDI-content"}},"wdio_ui5_key":"applicationmanageresources-display-component---newResourceUnit--newRRUPage-anchBar-application-manageresources-display-component---newResourceUnit--resource-anchor"}]}
RESULT: undefined
COMMAND: POST /session/45c59d76302b4601ce326d500c91de8f/element - {"using":"xpath","value":"//*[@id=\"application-manageresources-display-component---newResourceUnit--newRRUPage-anchBar-application-manageresources-display-component---newResourceUnit--resource-anchor\"]"}
RESULT: {"using":"xpath","value":"//*[@id=\"application-manageresources-display-component---newResourceUnit--newRRUPage-anchBar-application-manageresources-display-component---newResourceUnit--resource-anchor\"]"}
COMMAND: POST /session/45c59d76302b4601ce326d500c91de8f/element/f.A88CFED3FC703E186E048BAD8979E17B.d.1A47BFF3894A52CEA6FB4764D0F1EB63.e.3501/click - {}
RESULT: {}
COMMAND: POST /session/45c59d76302b4601ce326d500c91de8f/execute/async - {"script":"<script> [1562 bytes]","args":[{"selector":{"id":"application-manageresources-display-component---newResourceUnit--PLANNED_DELIVERY_DATE","interaction":{"idSuffix":"inner"}},"wdio_ui5_key":"applicationmanageresources-display-component---newResourceUnit--PLANNED_DELIVERY_DATE"}]}
COMMAND: GET /session/45c59d76302b4601ce326d500c91de8f/screenshot - {}
RESULT: {"script":"<script> [1562 bytes]","args":[{"selector":{"id":"application-manageresources-display-component---newResourceUnit--PLANNED_DELIVERY_DATE","interaction":{"idSuffix":"inner"}},"wdio_ui5_key":"applicationmanageresources-display-component---newResourceUnit--PLANNED_DELIVERY_DATE"}]}
RESULT: undefined
COMMAND: POST /session/45c59d76302b4601ce326d500c91de8f/execute/async - {"script":"<script> [6424 bytes]","args":[{"element-6066-11e4-a52e-4f735466cecf":"f.A88CFED3FC703E186E048BAD8979E17B.d.1A47BFF3894A52CEA6FB4764D0F1EB63.e.3358"},"setValue",["06/21/24"]]}
RESULT: {}
RESULT: {"script":"<script> [6424 bytes]","args":[{"element-6066-11e4-a52e-4f735466cecf":"f.A88CFED3FC703E186E048BAD8979E17B.d.1A47BFF3894A52CEA6FB4764D0F1EB63.e.3358"},"setValue",["06/21/24"]]}
COMMAND: POST /session/45c59d76302b4601ce326d500c91de8f/execute/async - {"script":"<script> [1562 bytes]","args":[{"selector":{"id":"application-manageresources-display-component---newResourceUnit--RETIRE_PLANNED_DATE","interaction":{"idSuffix":"inner"}},"wdio_ui5_key":"applicationmanageresources-display-component---newResourceUnit--RETIRE_PLANNED_DATE"}]}
RESULT: {"script":"<script> [1562 bytes]","args":[{"selector":{"id":"application-manageresources-display-component---newResourceUnit--RETIRE_PLANNED_DATE","interaction":{"idSuffix":"inner"}},"wdio_ui5_key":"applicationmanageresources-display-component---newResourceUnit--RETIRE_PLANNED_DATE"}]}
RESULT: undefined
COMMAND: POST /session/45c59d76302b4601ce326d500c91de8f/execute/async - {"script":"<script> [776 bytes]","args":[{"enterText":"3/14/29","selector":{"id":"application-manageresources-display-component---newResourceUnit--RETIRE_PLANNED_DATE","interaction":{"idSuffix":"inner"}},"clearTextFirst":true,"interactionType":"ENTER_TEXT"}]}
RESULT: {"script":"<script> [776 bytes]","args":[{"enterText":"3/14/29","selector":{"id":"application-manageresources-display-component---newResourceUnit--RETIRE_PLANNED_DATE","interaction":{"idSuffix":"inner"}},"clearTextFirst":true,"interactionType":"ENTER_TEXT"}]}
COMMAND: POST /session/45c59d76302b4601ce326d500c91de8f/execute/async - {"script":"<script> [1562 bytes]","args":[{"selector":{"controlType":"sap.m.Button","viewName":"reusables.view.manageresources.NewResourceUnit","viewId":"application-manageresources-display-component---newResourceUnit","i18NText":{"propertyName":"tooltip","key":"save"},"interaction":{"idSuffix":"BDI-content"}},"wdio_ui5_key":"reusablesview.manageresources.NewResourceUnitsap.m.Button{\"propertyName\":\"tooltip\",\"key\":\"save\"}"}]}
RESULT: {"script":"<script> [1562 bytes]","args":[{"selector":{"controlType":"sap.m.Button","viewName":"reusables.view.manageresources.NewResourceUnit","viewId":"application-manageresources-display-component---newResourceUnit","i18NText":{"propertyName":"tooltip","key":"save"},"interaction":{"idSuffix":"BDI-content"}},"wdio_ui5_key":"reusablesview.manageresources.NewResourceUnitsap.m.Button{\"propertyName\":\"tooltip\",\"key\":\"save\"}"}]}
RESULT: undefined
COMMAND: POST /session/45c59d76302b4601ce326d500c91de8f/element - {"using":"xpath","value":"//*[@id=\"application-manageresources-display-component---newResourceUnit--createRuButton\"]"}
RESULT: {"using":"xpath","value":"//*[@id=\"application-manageresources-display-component---newResourceUnit--createRuButton\"]"}
COMMAND: POST /session/45c59d76302b4601ce326d500c91de8f/element/f.A88CFED3FC703E186E048BAD8979E17B.d.1A47BFF3894A52CEA6FB4764D0F1EB63.e.3318/click - {}
RESULT: {}
COMMAND: GET /session/45c59d76302b4601ce326d500c91de8f/screenshot - {}
RESULT: {}
COMMAND: POST /session/45c59d76302b4601ce326d500c91de8f/execute/async - {"script":"<script> [1562 bytes]","args":[{"selector":{"controlType":"sap.m.Button","properties":{"text":"Close"},"searchOpenDialogs":true,"interaction":{"idSuffix":"inner"}},"wdio_ui5_key":"sapm.Button{\"text\":\"Close\"}"}]}
RESULT: {"script":"<script> [1562 bytes]","args":[{"selector":{"controlType":"sap.m.Button","properties":{"text":"Close"},"searchOpenDialogs":true,"interaction":{"idSuffix":"inner"}},"wdio_ui5_key":"sapm.Button{\"text\":\"Close\"}"}]}
RESULT: undefined
COMMAND: POST /session/45c59d76302b4601ce326d500c91de8f/element - {"using":"xpath","value":"//*[@id=\"__mbox-btn-0\"]"}
RESULT: {"using":"xpath","value":"//*[@id=\"__mbox-btn-0\"]"}
COMMAND: POST /session/45c59d76302b4601ce326d500c91de8f/element/f.A88CFED3FC703E186E048BAD8979E17B.d.1A47BFF3894A52CEA6FB4764D0F1EB63.e.3509/click - {}
RESULT: {}
COMMAND: GET /session/45c59d76302b4601ce326d500c91de8f/screenshot - {}
COMMAND: POST /session/45c59d76302b4601ce326d500c91de8f/execute/async - {"script":"<script> [1562 bytes]","args":[{"selector":{"controlType":"sap.m.Text","viewName":"etm.portal.ui.manageresources.view.Detail","viewId":"application-manageresources-display-component---detailRU","bindingPath":{"propertyPath":"ID","modelName":"catalogModel"}},"wdio_ui5_key":"etmportal.ui.manageresources.view.Detailsap.m.Text{\"propertyPath\":\"ID\",\"modelName\":\"catalogModel\"}"}]}
RESULT: {}
RESULT: {"script":"<script> [1562 bytes]","args":[{"selector":{"controlType":"sap.m.Text","viewName":"etm.portal.ui.manageresources.view.Detail","viewId":"application-manageresources-display-component---detailRU","bindingPath":{"propertyPath":"ID","modelName":"catalogModel"}},"wdio_ui5_key":"etmportal.ui.manageresources.view.Detailsap.m.Text{\"propertyPath\":\"ID\",\"modelName\":\"catalogModel\"}"}]}
RESULT: undefined
COMMAND: POST /session/45c59d76302b4601ce326d500c91de8f/execute/async - {"script":"<script> [6424 bytes]","args":[{"element-6066-11e4-a52e-4f735466cecf":"f.A88CFED3FC703E186E048BAD8979E17B.d.1A47BFF3894A52CEA6FB4764D0F1EB63.e.3544"},"getText",[]]}
RESULT: {"script":"<script> [6424 bytes]","args":[{"element-6066-11e4-a52e-4f735466cecf":"f.A88CFED3FC703E186E048BAD8979E17B.d.1A47BFF3894A52CEA6FB4764D0F1EB63.e.3544"},"getText",[]]}
COMMAND: POST /session/45c59d76302b4601ce326d500c91de8f/element - {"using":"css selector","value":"#shell-header-logo"}
RESULT: {"using":"css selector","value":"#shell-header-logo"}
COMMAND: POST /session/45c59d76302b4601ce326d500c91de8f/element/f.A88CFED3FC703E186E048BAD8979E17B.d.1A47BFF3894A52CEA6FB4764D0F1EB63.e.2942/click - {}
RESULT: {}
COMMAND: GET /session/45c59d76302b4601ce326d500c91de8f/screenshot - {}
RESULT: {}
]]></system-out>
    </testcase>
    <testcase classname="chrome.136_0_7103_93.windows.Verify_RU_inventory_split_cost_information_US139363" name="Should do a stock increase for the equipment" time="85.772">
      <system-out><![CDATA[
COMMAND: POST /session/45c59d76302b4601ce326d500c91de8f/execute/async - {"script":"<script> [1562 bytes]","args":[{"selector":{"controlType":"sap.m.GenericTile","properties":{"header":"Manage Handovers"}},"wdio_ui5_key":"sapm.GenericTile{\"header\":\"Manage Handovers\"}"}]}
RESULT: {"script":"<script> [1562 bytes]","args":[{"selector":{"controlType":"sap.m.GenericTile","properties":{"header":"Manage Handovers"}},"wdio_ui5_key":"sapm.GenericTile{\"header\":\"Manage Handovers\"}"}]}
RESULT: undefined
COMMAND: POST /session/45c59d76302b4601ce326d500c91de8f/element - {"using":"xpath","value":"//*[@id=\"__tile132\"]"}
RESULT: {"using":"xpath","value":"//*[@id=\"__tile132\"]"}
COMMAND: POST /session/45c59d76302b4601ce326d500c91de8f/element/f.A88CFED3FC703E186E048BAD8979E17B.d.1A47BFF3894A52CEA6FB4764D0F1EB63.e.3546/click - {}
RESULT: {}
COMMAND: GET /session/45c59d76302b4601ce326d500c91de8f/screenshot - {}
RESULT: {}
COMMAND: POST /session/45c59d76302b4601ce326d500c91de8f/elements - {"using":"xpath","value":"//span[text()='Error']"}
RESULT: {"using":"xpath","value":"//span[text()='Error']"}
COMMAND: POST /session/45c59d76302b4601ce326d500c91de8f/element - {"using":"xpath","value":"//button[@data-kt=\"masterHOAddButton\"]"}
RESULT: {"using":"xpath","value":"//button[@data-kt=\"masterHOAddButton\"]"}
COMMAND: POST /session/45c59d76302b4601ce326d500c91de8f/execute/sync - {"script":"<script> [8489 bytes]","args":[{"element-6066-11e4-a52e-4f735466cecf":"f.A88CFED3FC703E186E048BAD8979E17B.d.1A47BFF3894A52CEA6FB4764D0F1EB63.e.3598","ELEMENT":"f.A88CFED3FC703E186E048BAD8979E17B.d.1A47BFF3894A52CEA6FB4764D0F1EB63.e.3598"}]}
RESULT: {"script":"<script> [8489 bytes]","args":[{"element-6066-11e4-a52e-4f735466cecf":"f.A88CFED3FC703E186E048BAD8979E17B.d.1A47BFF3894A52CEA6FB4764D0F1EB63.e.3598","ELEMENT":"f.A88CFED3FC703E186E048BAD8979E17B.d.1A47BFF3894A52CEA6FB4764D0F1EB63.e.3598"}]}
COMMAND: POST /session/45c59d76302b4601ce326d500c91de8f/element/f.A88CFED3FC703E186E048BAD8979E17B.d.1A47BFF3894A52CEA6FB4764D0F1EB63.e.3598/click - {}
COMMAND: GET /session/45c59d76302b4601ce326d500c91de8f/screenshot - {}
RESULT: {}
COMMAND: GET /session/45c59d76302b4601ce326d500c91de8f/screenshot - {}
RESULT: {}
COMMAND: POST /session/45c59d76302b4601ce326d500c91de8f/element - {"using":"xpath","value":"//span[contains(@id ,\"AddNewHO--typeSelect-arrow\")]"}
RESULT: {}
RESULT: {"using":"xpath","value":"//span[contains(@id ,\"AddNewHO--typeSelect-arrow\")]"}
COMMAND: POST /session/45c59d76302b4601ce326d500c91de8f/element/f.A88CFED3FC703E186E048BAD8979E17B.d.1A47BFF3894A52CEA6FB4764D0F1EB63.e.3943/click - {}
RESULT: {}
COMMAND: GET /session/45c59d76302b4601ce326d500c91de8f/screenshot - {}
RESULT: {}
COMMAND: POST /session/45c59d76302b4601ce326d500c91de8f/element - {"using":"xpath","value":"(//li[contains(text(), \"stock increase yard\")])[1]"}
RESULT: {"using":"xpath","value":"(//li[contains(text(), \"stock increase yard\")])[1]"}
COMMAND: POST /session/45c59d76302b4601ce326d500c91de8f/element/f.A88CFED3FC703E186E048BAD8979E17B.d.1A47BFF3894A52CEA6FB4764D0F1EB63.e.3944/click - {}
RESULT: {}
COMMAND: GET /session/45c59d76302b4601ce326d500c91de8f/screenshot - {}
RESULT: {}
COMMAND: POST /session/45c59d76302b4601ce326d500c91de8f/execute/async - {"script":"<script> [1562 bytes]","args":[{"selector":{"id":"application-managehandovers-display-component---AddNewHO--dueDate","interaction":{"idSuffix":"inner"}},"wdio_ui5_key":"applicationmanagehandovers-display-component---AddNewHO--dueDate"}]}
RESULT: {"script":"<script> [1562 bytes]","args":[{"selector":{"id":"application-managehandovers-display-component---AddNewHO--dueDate","interaction":{"idSuffix":"inner"}},"wdio_ui5_key":"applicationmanagehandovers-display-component---AddNewHO--dueDate"}]}
RESULT: undefined
COMMAND: POST /session/45c59d76302b4601ce326d500c91de8f/execute/async - {"script":"<script> [6424 bytes]","args":[{"element-6066-11e4-a52e-4f735466cecf":"f.A88CFED3FC703E186E048BAD8979E17B.d.1A47BFF3894A52CEA6FB4764D0F1EB63.e.3948"},"setValue",["5/21/25"]]}
RESULT: {"script":"<script> [6424 bytes]","args":[{"element-6066-11e4-a52e-4f735466cecf":"f.A88CFED3FC703E186E048BAD8979E17B.d.1A47BFF3894A52CEA6FB4764D0F1EB63.e.3948"},"setValue",["5/21/25"]]}
COMMAND: POST /session/45c59d76302b4601ce326d500c91de8f/element - {"using":"xpath","value":"//input[@id=\"generalSectionFrg--receiveYard-inner\"]"}
RESULT: {"using":"xpath","value":"//input[@id=\"generalSectionFrg--receiveYard-inner\"]"}
COMMAND: POST /session/45c59d76302b4601ce326d500c91de8f/element/f.A88CFED3FC703E186E048BAD8979E17B.d.1A47BFF3894A52CEA6FB4764D0F1EB63.e.3952/clear - {}
RESULT: {}
COMMAND: POST /session/45c59d76302b4601ce326d500c91de8f/element/f.A88CFED3FC703E186E048BAD8979E17B.d.1A47BFF3894A52CEA6FB4764D0F1EB63.e.3952/value - {"text":"webdriveryard"}
COMMAND: GET /session/45c59d76302b4601ce326d500c91de8f/screenshot - {}
RESULT: {"text":"webdriveryard"}
COMMAND: GET /session/45c59d76302b4601ce326d500c91de8f/screenshot - {}
RESULT: {}
RESULT: {}
COMMAND: POST /session/45c59d76302b4601ce326d500c91de8f/execute/async - {"script":"<script> [1562 bytes]","args":[{"selector":{"id":"application-managehandovers-display-component---AddNewHO--ObjectPageLayout-anchBar-application-managehandovers-display-component---AddNewHO--section4-anchor","interaction":{"idSuffix":"BDI-content"}},"wdio_ui5_key":"applicationmanagehandovers-display-component---AddNewHO--ObjectPageLayout-anchBar-application-managehandovers-display-component---AddNewHO--section4-anchor"}]}
RESULT: {"script":"<script> [1562 bytes]","args":[{"selector":{"id":"application-managehandovers-display-component---AddNewHO--ObjectPageLayout-anchBar-application-managehandovers-display-component---AddNewHO--section4-anchor","interaction":{"idSuffix":"BDI-content"}},"wdio_ui5_key":"applicationmanagehandovers-display-component---AddNewHO--ObjectPageLayout-anchBar-application-managehandovers-display-component---AddNewHO--section4-anchor"}]}
RESULT: undefined
COMMAND: POST /session/45c59d76302b4601ce326d500c91de8f/element - {"using":"xpath","value":"//*[@id=\"application-managehandovers-display-component---AddNewHO--ObjectPageLayout-anchBar-application-managehandovers-display-component---AddNewHO--section4-anchor\"]"}
RESULT: {"using":"xpath","value":"//*[@id=\"application-managehandovers-display-component---AddNewHO--ObjectPageLayout-anchBar-application-managehandovers-display-component---AddNewHO--section4-anchor\"]"}
COMMAND: POST /session/45c59d76302b4601ce326d500c91de8f/element/f.A88CFED3FC703E186E048BAD8979E17B.d.1A47BFF3894A52CEA6FB4764D0F1EB63.e.3969/click - {}
RESULT: {}
COMMAND: GET /session/45c59d76302b4601ce326d500c91de8f/screenshot - {}
RESULT: {}
COMMAND: POST /session/45c59d76302b4601ce326d500c91de8f/element - {"using":"xpath","value":"//button[@aria-label=\"Add\"]"}
RESULT: {"using":"xpath","value":"//button[@aria-label=\"Add\"]"}
COMMAND: POST /session/45c59d76302b4601ce326d500c91de8f/element/f.A88CFED3FC703E186E048BAD8979E17B.d.1A47BFF3894A52CEA6FB4764D0F1EB63.e.3973/click - {}
RESULT: {}
COMMAND: GET /session/45c59d76302b4601ce326d500c91de8f/screenshot - {}
RESULT: {}
COMMAND: POST /session/45c59d76302b4601ce326d500c91de8f/execute/async - {"script":"<script> [1562 bytes]","args":[{"selector":{"id":"application-managehandovers-display-component---AddNewHO--smartFilterBar-btnBasicSearch","searchOpenDialogs":true,"interaction":{"idSuffix":"I"}},"wdio_ui5_key":"applicationmanagehandovers-display-component---AddNewHO--smartFilterBar-btnBasicSearch"}]}
RESULT: {"script":"<script> [1562 bytes]","args":[{"selector":{"id":"application-managehandovers-display-component---AddNewHO--smartFilterBar-btnBasicSearch","searchOpenDialogs":true,"interaction":{"idSuffix":"I"}},"wdio_ui5_key":"applicationmanagehandovers-display-component---AddNewHO--smartFilterBar-btnBasicSearch"}]}
RESULT: undefined
COMMAND: POST /session/45c59d76302b4601ce326d500c91de8f/execute/async - {"script":"<script> [776 bytes]","args":[{"enterText":"WdIOR2cEquiphw8fnj","selector":{"id":"application-managehandovers-display-component---AddNewHO--smartFilterBar-btnBasicSearch","searchOpenDialogs":true,"interaction":{"idSuffix":"I"}},"clearTextFirst":true,"interactionType":"ENTER_TEXT"}]}
RESULT: {"script":"<script> [776 bytes]","args":[{"enterText":"WdIOR2cEquiphw8fnj","selector":{"id":"application-managehandovers-display-component---AddNewHO--smartFilterBar-btnBasicSearch","searchOpenDialogs":true,"interaction":{"idSuffix":"I"}},"clearTextFirst":true,"interactionType":"ENTER_TEXT"}]}
COMMAND: POST /session/45c59d76302b4601ce326d500c91de8f/actions - {"actions":[{"id":"action23","type":"key","parameters":{},"actions":[{"type":"keyDown","value":""},{"type":"pause","duration":10},{"type":"keyUp","value":""}]}]}
RESULT: {"actions":[{"id":"action23","type":"key","parameters":{},"actions":[{"type":"keyDown","value":""},{"type":"pause","duration":10},{"type":"keyUp","value":""}]}]}
COMMAND: POST /session/45c59d76302b4601ce326d500c91de8f/execute/async - {"script":"<script> [1562 bytes]","args":[{"selector":{"id":"application-managehandovers-display-component---AddNewHO--popup-sa","searchOpenDialogs":true,"interaction":{"idSuffix":"CbBg"}},"wdio_ui5_key":"applicationmanagehandovers-display-component---AddNewHO--popup-sa"}]}
COMMAND: GET /session/45c59d76302b4601ce326d500c91de8f/screenshot - {}
RESULT: {"script":"<script> [1562 bytes]","args":[{"selector":{"id":"application-managehandovers-display-component---AddNewHO--popup-sa","searchOpenDialogs":true,"interaction":{"idSuffix":"CbBg"}},"wdio_ui5_key":"applicationmanagehandovers-display-component---AddNewHO--popup-sa"}]}
RESULT: undefined
COMMAND: POST /session/45c59d76302b4601ce326d500c91de8f/element - {"using":"xpath","value":"//*[@id=\"application-managehandovers-display-component---AddNewHO--popup-sa\"]"}
RESULT: {}
RESULT: {"using":"xpath","value":"//*[@id=\"application-managehandovers-display-component---AddNewHO--popup-sa\"]"}
COMMAND: POST /session/45c59d76302b4601ce326d500c91de8f/element/f.A88CFED3FC703E186E048BAD8979E17B.d.1A47BFF3894A52CEA6FB4764D0F1EB63.e.4116/click - {}
RESULT: {}
COMMAND: GET /session/45c59d76302b4601ce326d500c91de8f/screenshot - {}
RESULT: {}
COMMAND: POST /session/45c59d76302b4601ce326d500c91de8f/element - {"using":"xpath","value":"//bdi[contains(text(), \"Select\")]"}
RESULT: {"using":"xpath","value":"//bdi[contains(text(), \"Select\")]"}
COMMAND: POST /session/45c59d76302b4601ce326d500c91de8f/element/f.A88CFED3FC703E186E048BAD8979E17B.d.1A47BFF3894A52CEA6FB4764D0F1EB63.e.4117/click - {}
RESULT: {}
COMMAND: GET /session/45c59d76302b4601ce326d500c91de8f/screenshot - {}
RESULT: {}
COMMAND: POST /session/45c59d76302b4601ce326d500c91de8f/element - {"using":"xpath","value":"//button[@data-kt=\"AddNewHOSaveButton\"]"}
RESULT: {"using":"xpath","value":"//button[@data-kt=\"AddNewHOSaveButton\"]"}
COMMAND: POST /session/45c59d76302b4601ce326d500c91de8f/element/f.A88CFED3FC703E186E048BAD8979E17B.d.1A47BFF3894A52CEA6FB4764D0F1EB63.e.4121/click - {}
RESULT: {}
COMMAND: GET /session/45c59d76302b4601ce326d500c91de8f/screenshot - {}
COMMAND: POST /session/45c59d76302b4601ce326d500c91de8f/execute/async - {"script":"<script> [1562 bytes]","args":[{"selector":{"id":"receiptDatePicker","viewName":"etm.portal.ui.managehandovers.view.DetailExecuteHO","interaction":{"idSuffix":"inner"}},"wdio_ui5_key":"receiptDatePickeretmportal.ui.managehandovers.view.DetailExecuteHO"}]}
RESULT: {}
RESULT: {"script":"<script> [1562 bytes]","args":[{"selector":{"id":"receiptDatePicker","viewName":"etm.portal.ui.managehandovers.view.DetailExecuteHO","interaction":{"idSuffix":"inner"}},"wdio_ui5_key":"receiptDatePickeretmportal.ui.managehandovers.view.DetailExecuteHO"}]}
RESULT: undefined
COMMAND: POST /session/45c59d76302b4601ce326d500c91de8f/execute/async - {"script":"<script> [6424 bytes]","args":[{"element-6066-11e4-a52e-4f735466cecf":"f.A88CFED3FC703E186E048BAD8979E17B.d.1A47BFF3894A52CEA6FB4764D0F1EB63.e.4136"},"setValue",["5/21/25"]]}
RESULT: {"script":"<script> [6424 bytes]","args":[{"element-6066-11e4-a52e-4f735466cecf":"f.A88CFED3FC703E186E048BAD8979E17B.d.1A47BFF3894A52CEA6FB4764D0F1EB63.e.4136"},"setValue",["5/21/25"]]}
COMMAND: POST /session/45c59d76302b4601ce326d500c91de8f/element - {"using":"xpath","value":"//button[@data-kt=\"PickingTableConfirmAllButton\"]"}
RESULT: {"using":"xpath","value":"//button[@data-kt=\"PickingTableConfirmAllButton\"]"}
COMMAND: POST /session/45c59d76302b4601ce326d500c91de8f/element/f.A88CFED3FC703E186E048BAD8979E17B.d.1A47BFF3894A52CEA6FB4764D0F1EB63.e.4153/click - {}
RESULT: {}
COMMAND: GET /session/45c59d76302b4601ce326d500c91de8f/screenshot - {}
RESULT: {}
COMMAND: POST /session/45c59d76302b4601ce326d500c91de8f/element - {"using":"xpath","value":"//bdi[contains(text(), \"OK\")]"}
RESULT: {"using":"xpath","value":"//bdi[contains(text(), \"OK\")]"}
COMMAND: POST /session/45c59d76302b4601ce326d500c91de8f/element/f.A88CFED3FC703E186E048BAD8979E17B.d.1A47BFF3894A52CEA6FB4764D0F1EB63.e.4155/click - {}
RESULT: {}
COMMAND: GET /session/45c59d76302b4601ce326d500c91de8f/screenshot - {}
RESULT: {}
COMMAND: POST /session/45c59d76302b4601ce326d500c91de8f/element - {"using":"xpath","value":"(//bdi[contains(text(), \"Receive\")])[2]"}
RESULT: {"using":"xpath","value":"(//bdi[contains(text(), \"Receive\")])[2]"}
COMMAND: POST /session/45c59d76302b4601ce326d500c91de8f/element/f.A88CFED3FC703E186E048BAD8979E17B.d.1A47BFF3894A52CEA6FB4764D0F1EB63.e.4157/click - {}
RESULT: {}
COMMAND: GET /session/45c59d76302b4601ce326d500c91de8f/screenshot - {}
RESULT: {}
COMMAND: POST /session/45c59d76302b4601ce326d500c91de8f/element - {"using":"css selector","value":"#shell-header-logo"}
RESULT: {"using":"css selector","value":"#shell-header-logo"}
COMMAND: POST /session/45c59d76302b4601ce326d500c91de8f/element/f.A88CFED3FC703E186E048BAD8979E17B.d.1A47BFF3894A52CEA6FB4764D0F1EB63.e.3565/click - {}
RESULT: {}
]]></system-out>
    </testcase>
    <testcase classname="chrome.136_0_7103_93.windows.Verify_RU_inventory_split_cost_information_US139363" name="Should navigate to RU inventory and add the resource to the contract" time="115.169">
      <system-out><![CDATA[
COMMAND: POST /session/45c59d76302b4601ce326d500c91de8f/execute/async - {"script":"<script> [1562 bytes]","args":[{"selector":{"controlType":"sap.m.GenericTile","properties":{"header":"RU Inventory List"}},"wdio_ui5_key":"sapm.GenericTile{\"header\":\"RU Inventory List\"}"}]}
COMMAND: GET /session/45c59d76302b4601ce326d500c91de8f/screenshot - {}
RESULT: {"script":"<script> [1562 bytes]","args":[{"selector":{"controlType":"sap.m.GenericTile","properties":{"header":"RU Inventory List"}},"wdio_ui5_key":"sapm.GenericTile{\"header\":\"RU Inventory List\"}"}]}
RESULT: undefined
COMMAND: POST /session/45c59d76302b4601ce326d500c91de8f/element - {"using":"xpath","value":"//*[@id=\"__tile99\"]"}
RESULT: {}
RESULT: {"using":"xpath","value":"//*[@id=\"__tile99\"]"}
COMMAND: POST /session/45c59d76302b4601ce326d500c91de8f/element/f.A88CFED3FC703E186E048BAD8979E17B.d.1A47BFF3894A52CEA6FB4764D0F1EB63.e.4376/click - {}
RESULT: {}
COMMAND: GET /session/45c59d76302b4601ce326d500c91de8f/screenshot - {}
RESULT: {}
COMMAND: POST /session/45c59d76302b4601ce326d500c91de8f/elements - {"using":"xpath","value":"//span[text()='Error']"}
RESULT: {"using":"xpath","value":"//span[text()='Error']"}
COMMAND: POST /session/45c59d76302b4601ce326d500c91de8f/execute/async - {"script":"<script> [1562 bytes]","args":[{"selector":{"id":"application-ruinventorylist-display-component---Master--smartFilterBar-btnBasicSearch","interaction":{"idSuffix":"I"}},"wdio_ui5_key":"applicationruinventorylist-display-component---Master--smartFilterBar-btnBasicSearch"}]}
RESULT: {"script":"<script> [1562 bytes]","args":[{"selector":{"id":"application-ruinventorylist-display-component---Master--smartFilterBar-btnBasicSearch","interaction":{"idSuffix":"I"}},"wdio_ui5_key":"applicationruinventorylist-display-component---Master--smartFilterBar-btnBasicSearch"}]}
RESULT: undefined
COMMAND: POST /session/45c59d76302b4601ce326d500c91de8f/execute/async - {"script":"<script> [776 bytes]","args":[{"enterText":"WdIOR2cEquiphw8fnj","selector":{"id":"application-ruinventorylist-display-component---Master--smartFilterBar-btnBasicSearch","interaction":{"idSuffix":"I"}},"clearTextFirst":true,"interactionType":"ENTER_TEXT"}]}
RESULT: {"script":"<script> [776 bytes]","args":[{"enterText":"WdIOR2cEquiphw8fnj","selector":{"id":"application-ruinventorylist-display-component---Master--smartFilterBar-btnBasicSearch","interaction":{"idSuffix":"I"}},"clearTextFirst":true,"interactionType":"ENTER_TEXT"}]}
COMMAND: POST /session/45c59d76302b4601ce326d500c91de8f/actions - {"actions":[{"id":"action24","type":"key","parameters":{},"actions":[{"type":"keyDown","value":""},{"type":"pause","duration":10},{"type":"keyUp","value":""}]}]}
RESULT: {"actions":[{"id":"action24","type":"key","parameters":{},"actions":[{"type":"keyDown","value":""},{"type":"pause","duration":10},{"type":"keyUp","value":""}]}]}
COMMAND: GET /session/45c59d76302b4601ce326d500c91de8f/screenshot - {}
RESULT: {}
COMMAND: POST /session/45c59d76302b4601ce326d500c91de8f/execute/async - {"script":"<script> [1562 bytes]","args":[{"selector":{"id":"application-ruinventorylist-display-component---Master--smartTableRuInventoryList-header"},"wdio_ui5_key":"applicationruinventorylist-display-component---Master--smartTableRuInventoryList-header"}]}
RESULT: {"script":"<script> [1562 bytes]","args":[{"selector":{"id":"application-ruinventorylist-display-component---Master--smartTableRuInventoryList-header"},"wdio_ui5_key":"applicationruinventorylist-display-component---Master--smartTableRuInventoryList-header"}]}
RESULT: undefined
COMMAND: POST /session/45c59d76302b4601ce326d500c91de8f/execute/async - {"script":"<script> [6424 bytes]","args":[{"element-6066-11e4-a52e-4f735466cecf":"f.A88CFED3FC703E186E048BAD8979E17B.d.1A47BFF3894A52CEA6FB4764D0F1EB63.e.4575"},"getText",[]]}
RESULT: {"script":"<script> [6424 bytes]","args":[{"element-6066-11e4-a52e-4f735466cecf":"f.A88CFED3FC703E186E048BAD8979E17B.d.1A47BFF3894A52CEA6FB4764D0F1EB63.e.4575"},"getText",[]]}
COMMAND: POST /session/45c59d76302b4601ce326d500c91de8f/execute/async - {"script":"<script> [1562 bytes]","args":[{"selector":{"id":"application-ruinventorylist-display-component---Master--createContractItemsBtn-img"},"wdio_ui5_key":"applicationruinventorylist-display-component---Master--createContractItemsBtn-img"}]}
RESULT: {"script":"<script> [1562 bytes]","args":[{"selector":{"id":"application-ruinventorylist-display-component---Master--createContractItemsBtn-img"},"wdio_ui5_key":"applicationruinventorylist-display-component---Master--createContractItemsBtn-img"}]}
RESULT: undefined
COMMAND: POST /session/45c59d76302b4601ce326d500c91de8f/element - {"using":"xpath","value":"//*[@id=\"application-ruinventorylist-display-component---Master--createContractItemsBtn-img\"]"}
RESULT: {"using":"xpath","value":"//*[@id=\"application-ruinventorylist-display-component---Master--createContractItemsBtn-img\"]"}
COMMAND: POST /session/45c59d76302b4601ce326d500c91de8f/element/f.A88CFED3FC703E186E048BAD8979E17B.d.1A47BFF3894A52CEA6FB4764D0F1EB63.e.4430/click - {}
RESULT: {}
COMMAND: GET /session/45c59d76302b4601ce326d500c91de8f/screenshot - {}
RESULT: {}
COMMAND: POST /session/45c59d76302b4601ce326d500c91de8f/element - {"using":"xpath","value":"//div[contains(@id ,\"application-ruinventorylist-display-component---Master--tableRuInventoryList-sa-CbBg\")]"}
RESULT: {"using":"xpath","value":"//div[contains(@id ,\"application-ruinventorylist-display-component---Master--tableRuInventoryList-sa-CbBg\")]"}
COMMAND: POST /session/45c59d76302b4601ce326d500c91de8f/element/f.A88CFED3FC703E186E048BAD8979E17B.d.1A47BFF3894A52CEA6FB4764D0F1EB63.e.4584/click - {}
RESULT: {}
RESULT: undefined
COMMAND: POST /session/45c59d76302b4601ce326d500c91de8f/element - {"using":"xpath","value":"//*[@id=\"application-ruinventorylist-display-component---Master--createContractItemsBtn-img\"]"}
COMMAND: GET /session/45c59d76302b4601ce326d500c91de8f/screenshot - {}
RESULT: {"using":"xpath","value":"//*[@id=\"application-ruinventorylist-display-component---Master--createContractItemsBtn-img\"]"}
COMMAND: POST /session/45c59d76302b4601ce326d500c91de8f/element/f.A88CFED3FC703E186E048BAD8979E17B.d.1A47BFF3894A52CEA6FB4764D0F1EB63.e.4430/click - {}
RESULT: {}
RESULT: {}
COMMAND: GET /session/45c59d76302b4601ce326d500c91de8f/screenshot - {}
COMMAND: POST /session/45c59d76302b4601ce326d500c91de8f/element - {"using":"xpath","value":"//div[contains(@class ,\"sapMObjStatus sapMObjStatusError sapMObjStatusActive\")]"}
RESULT: {}
RESULT: {"using":"xpath","value":"//div[contains(@class ,\"sapMObjStatus sapMObjStatusError sapMObjStatusActive\")]"}
COMMAND: POST /session/45c59d76302b4601ce326d500c91de8f/elements - {"using":"xpath","value":"//div[contains(@class ,\"sapMObjStatus sapMObjStatusError sapMObjStatusActive\")]"}
RESULT: {"using":"xpath","value":"//div[contains(@class ,\"sapMObjStatus sapMObjStatusError sapMObjStatusActive\")]"}
COMMAND: POST /session/45c59d76302b4601ce326d500c91de8f/element - {"using":"xpath","value":"//input[contains(@id, \"application-ruinventorylist-display-component---Master--contractCb-inner\")]"}
RESULT: {"using":"xpath","value":"//input[contains(@id, \"application-ruinventorylist-display-component---Master--contractCb-inner\")]"}
COMMAND: POST /session/45c59d76302b4601ce326d500c91de8f/element/f.A88CFED3FC703E186E048BAD8979E17B.d.1A47BFF3894A52CEA6FB4764D0F1EB63.e.4587/clear - {}
RESULT: {}
COMMAND: POST /session/45c59d76302b4601ce326d500c91de8f/element/f.A88CFED3FC703E186E048BAD8979E17B.d.1A47BFF3894A52CEA6FB4764D0F1EB63.e.4587/value - {"text":"10473"}
COMMAND: GET /session/45c59d76302b4601ce326d500c91de8f/screenshot - {}
RESULT: {"text":"10473"}
COMMAND: GET /session/45c59d76302b4601ce326d500c91de8f/screenshot - {}
RESULT: {}
RESULT: {}
COMMAND: POST /session/45c59d76302b4601ce326d500c91de8f/actions - {"actions":[{"id":"action25","type":"key","parameters":{},"actions":[{"type":"keyDown","value":""},{"type":"pause","duration":10},{"type":"keyUp","value":""}]}]}
RESULT: {"actions":[{"id":"action25","type":"key","parameters":{},"actions":[{"type":"keyDown","value":""},{"type":"pause","duration":10},{"type":"keyUp","value":""}]}]}
COMMAND: GET /session/45c59d76302b4601ce326d500c91de8f/screenshot - {}
RESULT: {}
COMMAND: POST /session/45c59d76302b4601ce326d500c91de8f/actions - {"actions":[{"id":"action26","type":"key","parameters":{},"actions":[{"type":"keyDown","value":""},{"type":"pause","duration":10},{"type":"keyUp","value":""}]}]}
RESULT: {"actions":[{"id":"action26","type":"key","parameters":{},"actions":[{"type":"keyDown","value":""},{"type":"pause","duration":10},{"type":"keyUp","value":""}]}]}
COMMAND: GET /session/45c59d76302b4601ce326d500c91de8f/screenshot - {}
RESULT: {}
COMMAND: POST /session/45c59d76302b4601ce326d500c91de8f/element - {"using":"xpath","value":"//input[contains(@id, \"application-ruinventorylist-display-component---Master--endDate-inner\")]"}
RESULT: {"using":"xpath","value":"//input[contains(@id, \"application-ruinventorylist-display-component---Master--endDate-inner\")]"}
COMMAND: POST /session/45c59d76302b4601ce326d500c91de8f/element/f.A88CFED3FC703E186E048BAD8979E17B.d.1A47BFF3894A52CEA6FB4764D0F1EB63.e.4590/clear - {}
RESULT: {}
COMMAND: POST /session/45c59d76302b4601ce326d500c91de8f/element/f.A88CFED3FC703E186E048BAD8979E17B.d.1A47BFF3894A52CEA6FB4764D0F1EB63.e.4590/value - {"text":"05/22/25"}
COMMAND: GET /session/45c59d76302b4601ce326d500c91de8f/screenshot - {}
RESULT: {"text":"05/22/25"}
COMMAND: POST /session/45c59d76302b4601ce326d500c91de8f/element - {"using":"xpath","value":"(//div[contains(@data-kt ,\"characteristicsObjectStatus\")])[2]"}
COMMAND: GET /session/45c59d76302b4601ce326d500c91de8f/screenshot - {}
RESULT: {}
RESULT: {"using":"xpath","value":"(//div[contains(@data-kt ,\"characteristicsObjectStatus\")])[2]"}
COMMAND: POST /session/45c59d76302b4601ce326d500c91de8f/element/f.A88CFED3FC703E186E048BAD8979E17B.d.1A47BFF3894A52CEA6FB4764D0F1EB63.e.4604/click - {}
RESULT: {}
RESULT: {}
COMMAND: GET /session/45c59d76302b4601ce326d500c91de8f/screenshot - {}
RESULT: {}
COMMAND: POST /session/45c59d76302b4601ce326d500c91de8f/element - {"using":"xpath","value":"//span[contains(@id ,\"application-ruinventorylist-display-component---Master--addSplitCharacteristicsRowButton-img\")]"}
RESULT: {"using":"xpath","value":"//span[contains(@id ,\"application-ruinventorylist-display-component---Master--addSplitCharacteristicsRowButton-img\")]"}
COMMAND: POST /session/45c59d76302b4601ce326d500c91de8f/element/f.A88CFED3FC703E186E048BAD8979E17B.d.1A47BFF3894A52CEA6FB4764D0F1EB63.e.4608/click - {}
RESULT: {}
COMMAND: POST /session/45c59d76302b4601ce326d500c91de8f/element - {"using":"xpath","value":"(//input[contains(@id ,\"application-ruinventorylist-display-component---Master--splitCharacteristicsTable-0-inner\")])[1]"}
COMMAND: GET /session/45c59d76302b4601ce326d500c91de8f/screenshot - {}
RESULT: {"using":"xpath","value":"(//input[contains(@id ,\"application-ruinventorylist-display-component---Master--splitCharacteristicsTable-0-inner\")])[1]"}
COMMAND: POST /session/45c59d76302b4601ce326d500c91de8f/element/f.A88CFED3FC703E186E048BAD8979E17B.d.1A47BFF3894A52CEA6FB4764D0F1EB63.e.4610/clear - {}
RESULT: {}
RESULT: {}
COMMAND: POST /session/45c59d76302b4601ce326d500c91de8f/element/f.A88CFED3FC703E186E048BAD8979E17B.d.1A47BFF3894A52CEA6FB4764D0F1EB63.e.4610/value - {"text":"Cost Center"}
COMMAND: GET /session/45c59d76302b4601ce326d500c91de8f/screenshot - {}
RESULT: {"text":"Cost Center"}
COMMAND: GET /session/45c59d76302b4601ce326d500c91de8f/screenshot - {}
RESULT: {}
COMMAND: POST /session/45c59d76302b4601ce326d500c91de8f/actions - {"actions":[{"id":"action27","type":"key","parameters":{},"actions":[{"type":"keyDown","value":""},{"type":"pause","duration":10},{"type":"keyUp","value":""}]}]}
RESULT: {}
RESULT: {"actions":[{"id":"action27","type":"key","parameters":{},"actions":[{"type":"keyDown","value":""},{"type":"pause","duration":10},{"type":"keyUp","value":""}]}]}
COMMAND: POST /session/45c59d76302b4601ce326d500c91de8f/execute/async - {"script":"<script> [1562 bytes]","args":[{"selector":{"controlType":"sap.ui.core.Icon","viewName":"etm.portal.ui.ruinventorylist.view.Master","viewId":"application-ruinventorylist-display-component---Master","properties":{"src":{"regex":{"source":"value\\-help"}}},"searchOpenDialogs":true,"ancestor":{"controlType":"sap.m.ColumnListItem","viewName":"etm.portal.ui.ruinventorylist.view.Master","viewId":"application-ruinventorylist-display-component---Master","bindingPath":{"modelName":"additionalRequiredFields","path":"/currentCharacteristics/0"},"ancestor":{"id":"application-ruinventorylist-display-component---Master--splitCharacteristicsTable","searchOpenDialogs":true}}},"wdio_ui5_key":"etmportal.ui.ruinventorylist.view.Mastersap.ui.core.Icon{\"src\":{\"regex\":{\"source\":\"value\\\\-help\"}}}{\"controlType\":\"sap.m.ColumnListItem\",\"viewName\":\"etm.portal.ui.ruinventorylist.view.Master\",\"viewId\":\"application-ruinventorylist-display-component---Master\",\"bindingPath\":{\"modelName\":\"additionalRequiredFields\",\"path\":\"/currentCharacteristics/0\"},\"ancestor\":{\"id\":\"application-ruinventorylist-display-component---Master--splitCharacteristicsTable\",\"searchOpenDialogs\":true}}"}]}
COMMAND: GET /session/45c59d76302b4601ce326d500c91de8f/screenshot - {}
RESULT: {"script":"<script> [1562 bytes]","args":[{"selector":{"controlType":"sap.ui.core.Icon","viewName":"etm.portal.ui.ruinventorylist.view.Master","viewId":"application-ruinventorylist-display-component---Master","properties":{"src":{"regex":{"source":"value\\-help"}}},"searchOpenDialogs":true,"ancestor":{"controlType":"sap.m.ColumnListItem","viewName":"etm.portal.ui.ruinventorylist.view.Master","viewId":"application-ruinventorylist-display-component---Master","bindingPath":{"modelName":"additionalRequiredFields","path":"/currentCharacteristics/0"},"ancestor":{"id":"application-ruinventorylist-display-component---Master--splitCharacteristicsTable","searchOpenDialogs":true}}},"wdio_ui5_key":"etmportal.ui.ruinventorylist.view.Mastersap.ui.core.Icon{\"src\":{\"regex\":{\"source\":\"value\\\\-help\"}}}{\"controlType\":\"sap.m.ColumnListItem\",\"viewName\":\"etm.portal.ui.ruinventorylist.view.Master\",\"viewId\":\"application-ruinventorylist-display-component---Master\",\"bindingPath\":{\"modelName\":\"additionalRequiredFields\",\"path\":\"/currentCharacteristics/0\"},\"ancestor\":{\"id\":\"application-ruinventorylist-display-component---Master--splitCharacteristicsTable\",\"searchOpenDialogs\":true}}"}]}
RESULT: undefined
COMMAND: POST /session/45c59d76302b4601ce326d500c91de8f/element - {"using":"xpath","value":"//*[@id=\"__help4-application-ruinventorylist-display-component---Master--splitCharacteristicsTable-0-vhi\"]"}
RESULT: {}
RESULT: {"using":"xpath","value":"//*[@id=\"__help4-application-ruinventorylist-display-component---Master--splitCharacteristicsTable-0-vhi\"]"}
COMMAND: POST /session/45c59d76302b4601ce326d500c91de8f/element/f.A88CFED3FC703E186E048BAD8979E17B.d.1A47BFF3894A52CEA6FB4764D0F1EB63.e.4618/click - {}
RESULT: {}
COMMAND: POST /session/45c59d76302b4601ce326d500c91de8f/element - {"using":"xpath","value":"(//input[contains(@aria-label ,\"Search\")])[1]"}
COMMAND: GET /session/45c59d76302b4601ce326d500c91de8f/screenshot - {}
RESULT: {"using":"xpath","value":"(//input[contains(@aria-label ,\"Search\")])[1]"}
COMMAND: POST /session/45c59d76302b4601ce326d500c91de8f/element/f.A88CFED3FC703E186E048BAD8979E17B.d.1A47BFF3894A52CEA6FB4764D0F1EB63.e.4620/clear - {}
RESULT: {}
RESULT: {}
COMMAND: POST /session/45c59d76302b4601ce326d500c91de8f/element/f.A88CFED3FC703E186E048BAD8979E17B.d.1A47BFF3894A52CEA6FB4764D0F1EB63.e.4620/value - {"text":"10001010"}
COMMAND: GET /session/45c59d76302b4601ce326d500c91de8f/screenshot - {}
RESULT: {"text":"10001010"}
COMMAND: POST /session/45c59d76302b4601ce326d500c91de8f/actions - {"actions":[{"id":"action28","type":"key","parameters":{},"actions":[{"type":"keyDown","value":""},{"type":"pause","duration":10},{"type":"keyUp","value":""}]}]}
COMMAND: GET /session/45c59d76302b4601ce326d500c91de8f/screenshot - {}
RESULT: {}
RESULT: {"actions":[{"id":"action28","type":"key","parameters":{},"actions":[{"type":"keyDown","value":""},{"type":"pause","duration":10},{"type":"keyUp","value":""}]}]}
COMMAND: GET /session/45c59d76302b4601ce326d500c91de8f/screenshot - {}
RESULT: {}
RESULT: {}
COMMAND: POST /session/45c59d76302b4601ce326d500c91de8f/element - {"using":"xpath","value":"(//span[contains(text(), \"Purchasing\")])[1]"}
RESULT: {"using":"xpath","value":"(//span[contains(text(), \"Purchasing\")])[1]"}
COMMAND: POST /session/45c59d76302b4601ce326d500c91de8f/element/f.A88CFED3FC703E186E048BAD8979E17B.d.1A47BFF3894A52CEA6FB4764D0F1EB63.e.4657/click - {}
RESULT: {}
COMMAND: GET /session/45c59d76302b4601ce326d500c91de8f/screenshot - {}
RESULT: {}
COMMAND: POST /session/45c59d76302b4601ce326d500c91de8f/element - {"using":"xpath","value":"//span[contains(@id ,\"ok-content\")]"}
RESULT: {"using":"xpath","value":"//span[contains(@id ,\"ok-content\")]"}
COMMAND: POST /session/45c59d76302b4601ce326d500c91de8f/element/f.A88CFED3FC703E186E048BAD8979E17B.d.1A47BFF3894A52CEA6FB4764D0F1EB63.e.4658/click - {}
RESULT: {}
COMMAND: GET /session/45c59d76302b4601ce326d500c91de8f/screenshot - {}
RESULT: {}
COMMAND: POST /session/45c59d76302b4601ce326d500c91de8f/element - {"using":"xpath","value":"//bdi[contains(text(), \"Save\")]"}
RESULT: {"using":"xpath","value":"//bdi[contains(text(), \"Save\")]"}
COMMAND: POST /session/45c59d76302b4601ce326d500c91de8f/element/f.A88CFED3FC703E186E048BAD8979E17B.d.1A47BFF3894A52CEA6FB4764D0F1EB63.e.4661/click - {}
RESULT: {}
COMMAND: GET /session/45c59d76302b4601ce326d500c91de8f/screenshot - {}
RESULT: {}
COMMAND: POST /session/45c59d76302b4601ce326d500c91de8f/element - {"using":"xpath","value":"//bdi[contains(text(), \"OK\")]"}
RESULT: {"using":"xpath","value":"//bdi[contains(text(), \"OK\")]"}
COMMAND: POST /session/45c59d76302b4601ce326d500c91de8f/element/f.A88CFED3FC703E186E048BAD8979E17B.d.1A47BFF3894A52CEA6FB4764D0F1EB63.e.4663/click - {}
RESULT: {}
COMMAND: GET /session/45c59d76302b4601ce326d500c91de8f/screenshot - {}
RESULT: {}
COMMAND: POST /session/45c59d76302b4601ce326d500c91de8f/actions - {"actions":[{"id":"action29","type":"key","parameters":{},"actions":[{"type":"keyDown","value":""},{"type":"pause","duration":10},{"type":"keyUp","value":""}]}]}
RESULT: {"actions":[{"id":"action29","type":"key","parameters":{},"actions":[{"type":"keyDown","value":""},{"type":"pause","duration":10},{"type":"keyUp","value":""}]}]}
COMMAND: GET /session/45c59d76302b4601ce326d500c91de8f/screenshot - {}
RESULT: {}
COMMAND: POST /session/45c59d76302b4601ce326d500c91de8f/execute/async - {"script":"<script> [1562 bytes]","args":[{"selector":{"controlType":"sap.m.Title","viewName":"etm.portal.ui.managecontracts.view.Detail","properties":{"text":"Contract Items (1)"}},"wdio_ui5_key":"etmportal.ui.managecontracts.view.Detailsap.m.Title{\"text\":\"Contract Items (1)\"}"}]}
RESULT: {"script":"<script> [1562 bytes]","args":[{"selector":{"controlType":"sap.m.Title","viewName":"etm.portal.ui.managecontracts.view.Detail","properties":{"text":"Contract Items (1)"}},"wdio_ui5_key":"etmportal.ui.managecontracts.view.Detailsap.m.Title{\"text\":\"Contract Items (1)\"}"}]}
RESULT: undefined
COMMAND: POST /session/45c59d76302b4601ce326d500c91de8f/execute/async - {"script":"<script> [6424 bytes]","args":[{"element-6066-11e4-a52e-4f735466cecf":"f.A88CFED3FC703E186E048BAD8979E17B.d.1A47BFF3894A52CEA6FB4764D0F1EB63.e.4911"},"getText",[]]}
RESULT: {"script":"<script> [6424 bytes]","args":[{"element-6066-11e4-a52e-4f735466cecf":"f.A88CFED3FC703E186E048BAD8979E17B.d.1A47BFF3894A52CEA6FB4764D0F1EB63.e.4911"},"getText",[]]}
COMMAND: POST /session/45c59d76302b4601ce326d500c91de8f/element - {"using":"xpath","value":"//div[contains(@data-kt ,\"characteristicsObjectStatus\")]"}
RESULT: {"using":"xpath","value":"//div[contains(@data-kt ,\"characteristicsObjectStatus\")]"}
COMMAND: POST /session/45c59d76302b4601ce326d500c91de8f/element/f.A88CFED3FC703E186E048BAD8979E17B.d.1A47BFF3894A52CEA6FB4764D0F1EB63.e.4912/click - {}
RESULT: {}
COMMAND: GET /session/45c59d76302b4601ce326d500c91de8f/screenshot - {}
RESULT: {}
COMMAND: POST /session/45c59d76302b4601ce326d500c91de8f/element - {"using":"xpath","value":"(//input[contains(@class ,\"sapMInputBaseInner sapMComboBoxInner\")])[2]"}
RESULT: {"using":"xpath","value":"(//input[contains(@class ,\"sapMInputBaseInner sapMComboBoxInner\")])[2]"}
COMMAND: GET /session/45c59d76302b4601ce326d500c91de8f/element/f.A88CFED3FC703E186E048BAD8979E17B.d.1A47BFF3894A52CEA6FB4764D0F1EB63.e.4918/property/value - {}
RESULT: {}
COMMAND: POST /session/45c59d76302b4601ce326d500c91de8f/element - {"using":"xpath","value":"//span[contains(text(), \"Input (10001010) 10001010 - Purchasing\")]"}
COMMAND: GET /session/45c59d76302b4601ce326d500c91de8f/screenshot - {}
RESULT: {"using":"xpath","value":"//span[contains(text(), \"Input (10001010) 10001010 - Purchasing\")]"}
COMMAND: POST /session/45c59d76302b4601ce326d500c91de8f/elements - {"using":"xpath","value":"//span[contains(text(), \"Input (10001010) 10001010 - Purchasing\")]"}
RESULT: {}
RESULT: {"using":"xpath","value":"//span[contains(text(), \"Input (10001010) 10001010 - Purchasing\")]"}
COMMAND: POST /session/45c59d76302b4601ce326d500c91de8f/elements - {"using":"xpath","value":"//span[contains(text(), \"Input (10001010) 10001010 - Purchasing\")]"}
RESULT: {"using":"xpath","value":"//span[contains(text(), \"Input (10001010) 10001010 - Purchasing\")]"}
COMMAND: POST /session/45c59d76302b4601ce326d500c91de8f/elements - {"using":"xpath","value":"//span[contains(text(), \"Input (10001010) 10001010 - Purchasing\")]"}
RESULT: {"using":"xpath","value":"//span[contains(text(), \"Input (10001010) 10001010 - Purchasing\")]"}
COMMAND: POST /session/45c59d76302b4601ce326d500c91de8f/elements - {"using":"xpath","value":"//span[contains(text(), \"Input (10001010) 10001010 - Purchasing\")]"}
RESULT: {"using":"xpath","value":"//span[contains(text(), \"Input (10001010) 10001010 - Purchasing\")]"}
COMMAND: POST /session/45c59d76302b4601ce326d500c91de8f/elements - {"using":"xpath","value":"//span[contains(text(), \"Input (10001010) 10001010 - Purchasing\")]"}
RESULT: {"using":"xpath","value":"//span[contains(text(), \"Input (10001010) 10001010 - Purchasing\")]"}
COMMAND: POST /session/45c59d76302b4601ce326d500c91de8f/elements - {"using":"xpath","value":"//span[contains(text(), \"Input (10001010) 10001010 - Purchasing\")]"}
RESULT: {"using":"xpath","value":"//span[contains(text(), \"Input (10001010) 10001010 - Purchasing\")]"}
COMMAND: POST /session/45c59d76302b4601ce326d500c91de8f/elements - {"using":"xpath","value":"//span[contains(text(), \"Input (10001010) 10001010 - Purchasing\")]"}
RESULT: {"using":"xpath","value":"//span[contains(text(), \"Input (10001010) 10001010 - Purchasing\")]"}
COMMAND: POST /session/45c59d76302b4601ce326d500c91de8f/elements - {"using":"xpath","value":"//span[contains(text(), \"Input (10001010) 10001010 - Purchasing\")]"}
RESULT: {"using":"xpath","value":"//span[contains(text(), \"Input (10001010) 10001010 - Purchasing\")]"}
COMMAND: POST /session/45c59d76302b4601ce326d500c91de8f/elements - {"using":"xpath","value":"//span[contains(text(), \"Input (10001010) 10001010 - Purchasing\")]"}
RESULT: {"using":"xpath","value":"//span[contains(text(), \"Input (10001010) 10001010 - Purchasing\")]"}
COMMAND: POST /session/45c59d76302b4601ce326d500c91de8f/elements - {"using":"xpath","value":"//span[contains(text(), \"Input (10001010) 10001010 - Purchasing\")]"}
RESULT: {"using":"xpath","value":"//span[contains(text(), \"Input (10001010) 10001010 - Purchasing\")]"}
COMMAND: POST /session/45c59d76302b4601ce326d500c91de8f/elements - {"using":"xpath","value":"//span[contains(text(), \"Input (10001010) 10001010 - Purchasing\")]"}
RESULT: {"using":"xpath","value":"//span[contains(text(), \"Input (10001010) 10001010 - Purchasing\")]"}
COMMAND: POST /session/45c59d76302b4601ce326d500c91de8f/elements - {"using":"xpath","value":"//span[contains(text(), \"Input (10001010) 10001010 - Purchasing\")]"}
RESULT: {"using":"xpath","value":"//span[contains(text(), \"Input (10001010) 10001010 - Purchasing\")]"}
COMMAND: POST /session/45c59d76302b4601ce326d500c91de8f/elements - {"using":"xpath","value":"//span[contains(text(), \"Input (10001010) 10001010 - Purchasing\")]"}
RESULT: {"using":"xpath","value":"//span[contains(text(), \"Input (10001010) 10001010 - Purchasing\")]"}
COMMAND: POST /session/45c59d76302b4601ce326d500c91de8f/elements - {"using":"xpath","value":"//span[contains(text(), \"Input (10001010) 10001010 - Purchasing\")]"}
RESULT: {"using":"xpath","value":"//span[contains(text(), \"Input (10001010) 10001010 - Purchasing\")]"}
COMMAND: POST /session/45c59d76302b4601ce326d500c91de8f/elements - {"using":"xpath","value":"//span[contains(text(), \"Input (10001010) 10001010 - Purchasing\")]"}
RESULT: {"using":"xpath","value":"//span[contains(text(), \"Input (10001010) 10001010 - Purchasing\")]"}
COMMAND: POST /session/45c59d76302b4601ce326d500c91de8f/elements - {"using":"xpath","value":"//span[contains(text(), \"Input (10001010) 10001010 - Purchasing\")]"}
RESULT: {"using":"xpath","value":"//span[contains(text(), \"Input (10001010) 10001010 - Purchasing\")]"}
COMMAND: POST /session/45c59d76302b4601ce326d500c91de8f/elements - {"using":"xpath","value":"//span[contains(text(), \"Input (10001010) 10001010 - Purchasing\")]"}
RESULT: {"using":"xpath","value":"//span[contains(text(), \"Input (10001010) 10001010 - Purchasing\")]"}
COMMAND: POST /session/45c59d76302b4601ce326d500c91de8f/elements - {"using":"xpath","value":"//span[contains(text(), \"Input (10001010) 10001010 - Purchasing\")]"}
RESULT: {"using":"xpath","value":"//span[contains(text(), \"Input (10001010) 10001010 - Purchasing\")]"}
COMMAND: DELETE /session/45c59d76302b4601ce326d500c91de8f - {}
COMMAND: POST /session/45c59d76302b4601ce326d500c91de8f/elements - {"using":"xpath","value":"//span[contains(text(), \"Input (10001010) 10001010 - Purchasing\")]"}
RESULT: {}
]]></system-out>
    </testcase>
  </testsuite>
</testsuites>