<?xml version="1.0" encoding="UTF-8"?>
<testsuites tests="7" failures="0" errors="0" skipped="0">
  <testsuite timestamp="2025-05-15T05:42:39" time="836.693" tests="7" failures="0" errors="0" skipped="0">
    <properties>
      <property name="specId" value="0" />
      <property name="suiteName" value="Create masterdata for Yard Overview - trigger provide US130988" />
      <property name="capabilities" value="chrome.136_0_7103_49.windows" />
      <property name="file" value="file:///D:/a/1/s/test/specs/HTR/yard-movement-putaways.spec.js" />
    </properties>
    <testcase classname="chrome.136_0_7103_49.windows.Create_masterdata_for_Yard_Overview_-_trigger_provide_US130988" name="Should create a new WHM yard" time="136.662">
      <system-out><![CDATA[
COMMAND: POST /session/0f9fc47df39b2636afa0727ce1e2e785/window/fullscreen - {}
RESULT: {}
COMMAND: POST /session/0f9fc47df39b2636afa0727ce1e2e785/execute/async - {"script":"<script> [1562 bytes]","args":[{"selector":{"controlType":"sap.m.GenericTile","properties":{"header":"Manage Yards"}},"wdio_ui5_key":"sapm.GenericTile{\"header\":\"Manage Yards\"}"}]}
RESULT: {"script":"<script> [1562 bytes]","args":[{"selector":{"controlType":"sap.m.GenericTile","properties":{"header":"Manage Yards"}},"wdio_ui5_key":"sapm.GenericTile{\"header\":\"Manage Yards\"}"}]}
RESULT: undefined
COMMAND: POST /session/0f9fc47df39b2636afa0727ce1e2e785/element - {"using":"xpath","value":"//*[@id=\"__tile41\"]"}
RESULT: {"using":"xpath","value":"//*[@id=\"__tile41\"]"}
COMMAND: POST /session/0f9fc47df39b2636afa0727ce1e2e785/element/f.88D07AF495C6772688D01791A41D8CAC.d.BC1F3DFEE25516EB417C4A2C9EE0A4C0.e.177/click - {}
RESULT: {}
COMMAND: GET /session/0f9fc47df39b2636afa0727ce1e2e785/screenshot - {}
RESULT: {}
COMMAND: POST /session/0f9fc47df39b2636afa0727ce1e2e785/elements - {"using":"xpath","value":"//span[text()='Error']"}
RESULT: {"using":"xpath","value":"//span[text()='Error']"}
COMMAND: POST /session/0f9fc47df39b2636afa0727ce1e2e785/element - {"using":"xpath","value":"//button[@data-kt=\"addNewYardOverflowToolbarButton\"]"}
RESULT: {"using":"xpath","value":"//button[@data-kt=\"addNewYardOverflowToolbarButton\"]"}
COMMAND: POST /session/0f9fc47df39b2636afa0727ce1e2e785/elements - {"using":"xpath","value":"//button[@data-kt=\"addNewYardOverflowToolbarButton\"]"}
RESULT: {"using":"xpath","value":"//button[@data-kt=\"addNewYardOverflowToolbarButton\"]"}
COMMAND: POST /session/0f9fc47df39b2636afa0727ce1e2e785/elements - {"using":"xpath","value":"//button[@data-kt=\"addNewYardOverflowToolbarButton\"]"}
RESULT: {"using":"xpath","value":"//button[@data-kt=\"addNewYardOverflowToolbarButton\"]"}
COMMAND: POST /session/0f9fc47df39b2636afa0727ce1e2e785/elements - {"using":"xpath","value":"//button[@data-kt=\"addNewYardOverflowToolbarButton\"]"}
RESULT: {"using":"xpath","value":"//button[@data-kt=\"addNewYardOverflowToolbarButton\"]"}
COMMAND: POST /session/0f9fc47df39b2636afa0727ce1e2e785/elements - {"using":"xpath","value":"//button[@data-kt=\"addNewYardOverflowToolbarButton\"]"}
RESULT: {"using":"xpath","value":"//button[@data-kt=\"addNewYardOverflowToolbarButton\"]"}
COMMAND: POST /session/0f9fc47df39b2636afa0727ce1e2e785/elements - {"using":"xpath","value":"//button[@data-kt=\"addNewYardOverflowToolbarButton\"]"}
RESULT: {"using":"xpath","value":"//button[@data-kt=\"addNewYardOverflowToolbarButton\"]"}
COMMAND: POST /session/0f9fc47df39b2636afa0727ce1e2e785/elements - {"using":"xpath","value":"//button[@data-kt=\"addNewYardOverflowToolbarButton\"]"}
RESULT: {"using":"xpath","value":"//button[@data-kt=\"addNewYardOverflowToolbarButton\"]"}
COMMAND: POST /session/0f9fc47df39b2636afa0727ce1e2e785/elements - {"using":"xpath","value":"//button[@data-kt=\"addNewYardOverflowToolbarButton\"]"}
RESULT: {"using":"xpath","value":"//button[@data-kt=\"addNewYardOverflowToolbarButton\"]"}
COMMAND: POST /session/0f9fc47df39b2636afa0727ce1e2e785/elements - {"using":"xpath","value":"//button[@data-kt=\"addNewYardOverflowToolbarButton\"]"}
RESULT: {"using":"xpath","value":"//button[@data-kt=\"addNewYardOverflowToolbarButton\"]"}
COMMAND: POST /session/0f9fc47df39b2636afa0727ce1e2e785/elements - {"using":"xpath","value":"//button[@data-kt=\"addNewYardOverflowToolbarButton\"]"}
RESULT: {"using":"xpath","value":"//button[@data-kt=\"addNewYardOverflowToolbarButton\"]"}
COMMAND: POST /session/0f9fc47df39b2636afa0727ce1e2e785/elements - {"using":"xpath","value":"//button[@data-kt=\"addNewYardOverflowToolbarButton\"]"}
RESULT: {"using":"xpath","value":"//button[@data-kt=\"addNewYardOverflowToolbarButton\"]"}
COMMAND: POST /session/0f9fc47df39b2636afa0727ce1e2e785/elements - {"using":"xpath","value":"//button[@data-kt=\"addNewYardOverflowToolbarButton\"]"}
RESULT: {"using":"xpath","value":"//button[@data-kt=\"addNewYardOverflowToolbarButton\"]"}
COMMAND: POST /session/0f9fc47df39b2636afa0727ce1e2e785/elements - {"using":"xpath","value":"//button[@data-kt=\"addNewYardOverflowToolbarButton\"]"}
RESULT: {"using":"xpath","value":"//button[@data-kt=\"addNewYardOverflowToolbarButton\"]"}
COMMAND: POST /session/0f9fc47df39b2636afa0727ce1e2e785/elements - {"using":"xpath","value":"//button[@data-kt=\"addNewYardOverflowToolbarButton\"]"}
RESULT: {"using":"xpath","value":"//button[@data-kt=\"addNewYardOverflowToolbarButton\"]"}
COMMAND: POST /session/0f9fc47df39b2636afa0727ce1e2e785/elements - {"using":"xpath","value":"//button[@data-kt=\"addNewYardOverflowToolbarButton\"]"}
RESULT: {"using":"xpath","value":"//button[@data-kt=\"addNewYardOverflowToolbarButton\"]"}
COMMAND: POST /session/0f9fc47df39b2636afa0727ce1e2e785/elements - {"using":"xpath","value":"//button[@data-kt=\"addNewYardOverflowToolbarButton\"]"}
RESULT: {"using":"xpath","value":"//button[@data-kt=\"addNewYardOverflowToolbarButton\"]"}
COMMAND: POST /session/0f9fc47df39b2636afa0727ce1e2e785/elements - {"using":"xpath","value":"//button[@data-kt=\"addNewYardOverflowToolbarButton\"]"}
RESULT: {"using":"xpath","value":"//button[@data-kt=\"addNewYardOverflowToolbarButton\"]"}
COMMAND: POST /session/0f9fc47df39b2636afa0727ce1e2e785/elements - {"using":"xpath","value":"//button[@data-kt=\"addNewYardOverflowToolbarButton\"]"}
RESULT: {"using":"xpath","value":"//button[@data-kt=\"addNewYardOverflowToolbarButton\"]"}
COMMAND: POST /session/0f9fc47df39b2636afa0727ce1e2e785/elements - {"using":"xpath","value":"//button[@data-kt=\"addNewYardOverflowToolbarButton\"]"}
RESULT: {"using":"xpath","value":"//button[@data-kt=\"addNewYardOverflowToolbarButton\"]"}
COMMAND: POST /session/0f9fc47df39b2636afa0727ce1e2e785/element - {"using":"xpath","value":"//button[@data-kt=\"addNewYardOverflowToolbarButton\"]"}
RESULT: {"using":"xpath","value":"//button[@data-kt=\"addNewYardOverflowToolbarButton\"]"}
COMMAND: POST /session/0f9fc47df39b2636afa0727ce1e2e785/execute/sync - {"script":"<script> [8489 bytes]","args":[{"element-6066-11e4-a52e-4f735466cecf":"f.88D07AF495C6772688D01791A41D8CAC.d.BC1F3DFEE25516EB417C4A2C9EE0A4C0.e.314","ELEMENT":"f.88D07AF495C6772688D01791A41D8CAC.d.BC1F3DFEE25516EB417C4A2C9EE0A4C0.e.314"}]}
RESULT: {"script":"<script> [8489 bytes]","args":[{"element-6066-11e4-a52e-4f735466cecf":"f.88D07AF495C6772688D01791A41D8CAC.d.BC1F3DFEE25516EB417C4A2C9EE0A4C0.e.314","ELEMENT":"f.88D07AF495C6772688D01791A41D8CAC.d.BC1F3DFEE25516EB417C4A2C9EE0A4C0.e.314"}]}
COMMAND: GET /session/0f9fc47df39b2636afa0727ce1e2e785/element/f.88D07AF495C6772688D01791A41D8CAC.d.BC1F3DFEE25516EB417C4A2C9EE0A4C0.e.314/enabled - {}
COMMAND: GET /session/0f9fc47df39b2636afa0727ce1e2e785/screenshot - {}
RESULT: {}
COMMAND: POST /session/0f9fc47df39b2636afa0727ce1e2e785/execute/sync - {"script":"<script> [8489 bytes]","args":[{"element-6066-11e4-a52e-4f735466cecf":"f.88D07AF495C6772688D01791A41D8CAC.d.BC1F3DFEE25516EB417C4A2C9EE0A4C0.e.314","ELEMENT":"f.88D07AF495C6772688D01791A41D8CAC.d.BC1F3DFEE25516EB417C4A2C9EE0A4C0.e.314"}]}
COMMAND: GET /session/0f9fc47df39b2636afa0727ce1e2e785/screenshot - {}
RESULT: {}
RESULT: {"script":"<script> [8489 bytes]","args":[{"element-6066-11e4-a52e-4f735466cecf":"f.88D07AF495C6772688D01791A41D8CAC.d.BC1F3DFEE25516EB417C4A2C9EE0A4C0.e.314","ELEMENT":"f.88D07AF495C6772688D01791A41D8CAC.d.BC1F3DFEE25516EB417C4A2C9EE0A4C0.e.314"}]}
COMMAND: POST /session/0f9fc47df39b2636afa0727ce1e2e785/execute/sync - {"script":"<script> [5351 bytes]","args":[{"element-6066-11e4-a52e-4f735466cecf":"f.88D07AF495C6772688D01791A41D8CAC.d.BC1F3DFEE25516EB417C4A2C9EE0A4C0.e.314","ELEMENT":"f.88D07AF495C6772688D01791A41D8CAC.d.BC1F3DFEE25516EB417C4A2C9EE0A4C0.e.314"}]}
COMMAND: GET /session/0f9fc47df39b2636afa0727ce1e2e785/screenshot - {}
RESULT: {}
RESULT: {"script":"<script> [5351 bytes]","args":[{"element-6066-11e4-a52e-4f735466cecf":"f.88D07AF495C6772688D01791A41D8CAC.d.BC1F3DFEE25516EB417C4A2C9EE0A4C0.e.314","ELEMENT":"f.88D07AF495C6772688D01791A41D8CAC.d.BC1F3DFEE25516EB417C4A2C9EE0A4C0.e.314"}]}
COMMAND: POST /session/0f9fc47df39b2636afa0727ce1e2e785/element/f.88D07AF495C6772688D01791A41D8CAC.d.BC1F3DFEE25516EB417C4A2C9EE0A4C0.e.314/click - {}
COMMAND: GET /session/0f9fc47df39b2636afa0727ce1e2e785/screenshot - {}
RESULT: {}
RESULT: {}
COMMAND: GET /session/0f9fc47df39b2636afa0727ce1e2e785/screenshot - {}
COMMAND: POST /session/0f9fc47df39b2636afa0727ce1e2e785/element - {"using":"xpath","value":"//input[@id=\"application-manageyards-display-component---NewYard--yardId-inner\"]"}
RESULT: {}
RESULT: {}
RESULT: {"using":"xpath","value":"//input[@id=\"application-manageyards-display-component---NewYard--yardId-inner\"]"}
COMMAND: POST /session/0f9fc47df39b2636afa0727ce1e2e785/element - {"using":"xpath","value":"//input[@id=\"application-manageyards-display-component---NewYard--yardId-inner\"]"}
RESULT: {"using":"xpath","value":"//input[@id=\"application-manageyards-display-component---NewYard--yardId-inner\"]"}
COMMAND: POST /session/0f9fc47df39b2636afa0727ce1e2e785/execute/async - {"script":"<script> [1562 bytes]","args":[{"selector":{"id":"application-manageyards-display-component---NewYard--addressDetailDetailsName1","interaction":{"idSuffix":"inner"}},"wdio_ui5_key":"applicationmanageyards-display-component---NewYard--addressDetailDetailsName1"}]}
RESULT: {"script":"<script> [1562 bytes]","args":[{"selector":{"id":"application-manageyards-display-component---NewYard--addressDetailDetailsName1","interaction":{"idSuffix":"inner"}},"wdio_ui5_key":"applicationmanageyards-display-component---NewYard--addressDetailDetailsName1"}]}
RESULT: undefined
COMMAND: POST /session/0f9fc47df39b2636afa0727ce1e2e785/execute/async - {"script":"<script> [776 bytes]","args":[{"enterText":"Warehouse Managed WDIO","selector":{"id":"application-manageyards-display-component---NewYard--addressDetailDetailsName1","interaction":{"idSuffix":"inner"}},"clearTextFirst":true,"interactionType":"ENTER_TEXT"}]}
RESULT: {"script":"<script> [776 bytes]","args":[{"enterText":"Warehouse Managed WDIO","selector":{"id":"application-manageyards-display-component---NewYard--addressDetailDetailsName1","interaction":{"idSuffix":"inner"}},"clearTextFirst":true,"interactionType":"ENTER_TEXT"}]}
COMMAND: POST /session/0f9fc47df39b2636afa0727ce1e2e785/execute/async - {"script":"<script> [1562 bytes]","args":[{"selector":{"id":"application-manageyards-display-component---NewYard--addressDetailDetailsLanguage-arrow"},"wdio_ui5_key":"applicationmanageyards-display-component---NewYard--addressDetailDetailsLanguage-arrow"}]}
RESULT: {"script":"<script> [1562 bytes]","args":[{"selector":{"id":"application-manageyards-display-component---NewYard--addressDetailDetailsLanguage-arrow"},"wdio_ui5_key":"applicationmanageyards-display-component---NewYard--addressDetailDetailsLanguage-arrow"}]}
RESULT: undefined
COMMAND: POST /session/0f9fc47df39b2636afa0727ce1e2e785/element - {"using":"xpath","value":"//*[@id=\"application-manageyards-display-component---NewYard--addressDetailDetailsLanguage-arrow\"]"}
RESULT: {"using":"xpath","value":"//*[@id=\"application-manageyards-display-component---NewYard--addressDetailDetailsLanguage-arrow\"]"}
COMMAND: POST /session/0f9fc47df39b2636afa0727ce1e2e785/element/f.88D07AF495C6772688D01791A41D8CAC.d.BC1F3DFEE25516EB417C4A2C9EE0A4C0.e.749/click - {}
RESULT: {}
COMMAND: POST /session/0f9fc47df39b2636afa0727ce1e2e785/element - {"using":"xpath","value":"//span[contains(text(), \"English\")]"}
COMMAND: GET /session/0f9fc47df39b2636afa0727ce1e2e785/screenshot - {}
RESULT: {"using":"xpath","value":"//span[contains(text(), \"English\")]"}
COMMAND: POST /session/0f9fc47df39b2636afa0727ce1e2e785/element/f.88D07AF495C6772688D01791A41D8CAC.d.BC1F3DFEE25516EB417C4A2C9EE0A4C0.e.750/click - {}
RESULT: {}
RESULT: {}
COMMAND: POST /session/0f9fc47df39b2636afa0727ce1e2e785/execute/async - {"script":"<script> [1562 bytes]","args":[{"selector":{"id":"application-manageyards-display-component---NewYard--addressDetailDetailsCity1","interaction":{"idSuffix":"inner"}},"wdio_ui5_key":"applicationmanageyards-display-component---NewYard--addressDetailDetailsCity1"}]}
COMMAND: GET /session/0f9fc47df39b2636afa0727ce1e2e785/screenshot - {}
RESULT: {"script":"<script> [1562 bytes]","args":[{"selector":{"id":"application-manageyards-display-component---NewYard--addressDetailDetailsCity1","interaction":{"idSuffix":"inner"}},"wdio_ui5_key":"applicationmanageyards-display-component---NewYard--addressDetailDetailsCity1"}]}
RESULT: undefined
COMMAND: POST /session/0f9fc47df39b2636afa0727ce1e2e785/execute/async - {"script":"<script> [776 bytes]","args":[{"enterText":"Rosario","selector":{"id":"application-manageyards-display-component---NewYard--addressDetailDetailsCity1","interaction":{"idSuffix":"inner"}},"clearTextFirst":true,"interactionType":"ENTER_TEXT"}]}
RESULT: {}
RESULT: {"script":"<script> [776 bytes]","args":[{"enterText":"Rosario","selector":{"id":"application-manageyards-display-component---NewYard--addressDetailDetailsCity1","interaction":{"idSuffix":"inner"}},"clearTextFirst":true,"interactionType":"ENTER_TEXT"}]}
COMMAND: POST /session/0f9fc47df39b2636afa0727ce1e2e785/execute/async - {"script":"<script> [1562 bytes]","args":[{"selector":{"id":"application-manageyards-display-component---NewYard--addressDetailDetailsCountry-arrow"},"wdio_ui5_key":"applicationmanageyards-display-component---NewYard--addressDetailDetailsCountry-arrow"}]}
RESULT: {"script":"<script> [1562 bytes]","args":[{"selector":{"id":"application-manageyards-display-component---NewYard--addressDetailDetailsCountry-arrow"},"wdio_ui5_key":"applicationmanageyards-display-component---NewYard--addressDetailDetailsCountry-arrow"}]}
RESULT: undefined
COMMAND: POST /session/0f9fc47df39b2636afa0727ce1e2e785/element - {"using":"xpath","value":"//*[@id=\"application-manageyards-display-component---NewYard--addressDetailDetailsCountry-arrow\"]"}
RESULT: {"using":"xpath","value":"//*[@id=\"application-manageyards-display-component---NewYard--addressDetailDetailsCountry-arrow\"]"}
COMMAND: POST /session/0f9fc47df39b2636afa0727ce1e2e785/element/f.88D07AF495C6772688D01791A41D8CAC.d.BC1F3DFEE25516EB417C4A2C9EE0A4C0.e.752/click - {}
RESULT: {}
COMMAND: POST /session/0f9fc47df39b2636afa0727ce1e2e785/element - {"using":"xpath","value":"//span[contains(text(), \"Argentina\")]"}
COMMAND: GET /session/0f9fc47df39b2636afa0727ce1e2e785/screenshot - {}
RESULT: {"using":"xpath","value":"//span[contains(text(), \"Argentina\")]"}
COMMAND: POST /session/0f9fc47df39b2636afa0727ce1e2e785/element/f.88D07AF495C6772688D01791A41D8CAC.d.BC1F3DFEE25516EB417C4A2C9EE0A4C0.e.753/click - {}
RESULT: {}
RESULT: {}
COMMAND: POST /session/0f9fc47df39b2636afa0727ce1e2e785/execute/async - {"script":"<script> [1562 bytes]","args":[{"selector":{"id":"application-manageyards-display-component---NewYard--addressEditDetailsCostObjectCstType-arrow"},"wdio_ui5_key":"applicationmanageyards-display-component---NewYard--addressEditDetailsCostObjectCstType-arrow"}]}
COMMAND: GET /session/0f9fc47df39b2636afa0727ce1e2e785/screenshot - {}
RESULT: {"script":"<script> [1562 bytes]","args":[{"selector":{"id":"application-manageyards-display-component---NewYard--addressEditDetailsCostObjectCstType-arrow"},"wdio_ui5_key":"applicationmanageyards-display-component---NewYard--addressEditDetailsCostObjectCstType-arrow"}]}
RESULT: undefined
COMMAND: POST /session/0f9fc47df39b2636afa0727ce1e2e785/element - {"using":"xpath","value":"//*[@id=\"application-manageyards-display-component---NewYard--addressEditDetailsCostObjectCstType-arrow\"]"}
RESULT: {}
RESULT: {"using":"xpath","value":"//*[@id=\"application-manageyards-display-component---NewYard--addressEditDetailsCostObjectCstType-arrow\"]"}
COMMAND: POST /session/0f9fc47df39b2636afa0727ce1e2e785/element/f.88D07AF495C6772688D01791A41D8CAC.d.BC1F3DFEE25516EB417C4A2C9EE0A4C0.e.755/click - {}
RESULT: {}
COMMAND: POST /session/0f9fc47df39b2636afa0727ce1e2e785/element - {"using":"xpath","value":"//span[contains(text(), \"Cost Center\")]"}
COMMAND: GET /session/0f9fc47df39b2636afa0727ce1e2e785/screenshot - {}
RESULT: {"using":"xpath","value":"//span[contains(text(), \"Cost Center\")]"}
COMMAND: POST /session/0f9fc47df39b2636afa0727ce1e2e785/element/f.88D07AF495C6772688D01791A41D8CAC.d.BC1F3DFEE25516EB417C4A2C9EE0A4C0.e.756/click - {}
RESULT: {}
RESULT: {}
COMMAND: GET /session/0f9fc47df39b2636afa0727ce1e2e785/screenshot - {}
RESULT: {}
COMMAND: POST /session/0f9fc47df39b2636afa0727ce1e2e785/element - {"using":"xpath","value":"//span[@id=\"application-manageyards-display-component---NewYard--addressNewCostObjectCstID-vhi\"]"}
RESULT: {"using":"xpath","value":"//span[@id=\"application-manageyards-display-component---NewYard--addressNewCostObjectCstID-vhi\"]"}
COMMAND: POST /session/0f9fc47df39b2636afa0727ce1e2e785/execute/sync - {"script":"<script> [8489 bytes]","args":[{"element-6066-11e4-a52e-4f735466cecf":"f.88D07AF495C6772688D01791A41D8CAC.d.BC1F3DFEE25516EB417C4A2C9EE0A4C0.e.760","ELEMENT":"f.88D07AF495C6772688D01791A41D8CAC.d.BC1F3DFEE25516EB417C4A2C9EE0A4C0.e.760"}]}
RESULT: {"script":"<script> [8489 bytes]","args":[{"element-6066-11e4-a52e-4f735466cecf":"f.88D07AF495C6772688D01791A41D8CAC.d.BC1F3DFEE25516EB417C4A2C9EE0A4C0.e.760","ELEMENT":"f.88D07AF495C6772688D01791A41D8CAC.d.BC1F3DFEE25516EB417C4A2C9EE0A4C0.e.760"}]}
COMMAND: POST /session/0f9fc47df39b2636afa0727ce1e2e785/execute/async - {"script":"<script> [1562 bytes]","args":[{"selector":{"id":"application-manageyards-display-component---NewYard--addressNewCostObjectCstID-vhi"},"wdio_ui5_key":"applicationmanageyards-display-component---NewYard--addressNewCostObjectCstID-vhi"}]}
COMMAND: GET /session/0f9fc47df39b2636afa0727ce1e2e785/screenshot - {}
RESULT: {"script":"<script> [1562 bytes]","args":[{"selector":{"id":"application-manageyards-display-component---NewYard--addressNewCostObjectCstID-vhi"},"wdio_ui5_key":"applicationmanageyards-display-component---NewYard--addressNewCostObjectCstID-vhi"}]}
RESULT: undefined
COMMAND: POST /session/0f9fc47df39b2636afa0727ce1e2e785/element - {"using":"xpath","value":"//*[@id=\"application-manageyards-display-component---NewYard--addressNewCostObjectCstID-vhi\"]"}
RESULT: {}
RESULT: {"using":"xpath","value":"//*[@id=\"application-manageyards-display-component---NewYard--addressNewCostObjectCstID-vhi\"]"}
COMMAND: POST /session/0f9fc47df39b2636afa0727ce1e2e785/element/f.88D07AF495C6772688D01791A41D8CAC.d.BC1F3DFEE25516EB417C4A2C9EE0A4C0.e.760/click - {}
RESULT: {}
COMMAND: GET /session/0f9fc47df39b2636afa0727ce1e2e785/screenshot - {}
RESULT: {}
COMMAND: POST /session/0f9fc47df39b2636afa0727ce1e2e785/execute/async - {"script":"<script> [1562 bytes]","args":[{"selector":{"controlType":"sap.m.SearchField","properties":{"placeholder":"Search"},"searchOpenDialogs":true,"interaction":{"idSuffix":"I"}},"wdio_ui5_key":"sapm.SearchField{\"placeholder\":\"Search\"}"}]}
RESULT: {"script":"<script> [1562 bytes]","args":[{"selector":{"controlType":"sap.m.SearchField","properties":{"placeholder":"Search"},"searchOpenDialogs":true,"interaction":{"idSuffix":"I"}},"wdio_ui5_key":"sapm.SearchField{\"placeholder\":\"Search\"}"}]}
RESULT: undefined
COMMAND: POST /session/0f9fc47df39b2636afa0727ce1e2e785/execute/async - {"script":"<script> [776 bytes]","args":[{"enterText":"bauh_b","selector":{"controlType":"sap.m.SearchField","properties":{"placeholder":"Search"},"searchOpenDialogs":true,"interaction":{"idSuffix":"I"}},"clearTextFirst":true,"interactionType":"ENTER_TEXT"}]}
RESULT: {"script":"<script> [776 bytes]","args":[{"enterText":"bauh_b","selector":{"controlType":"sap.m.SearchField","properties":{"placeholder":"Search"},"searchOpenDialogs":true,"interaction":{"idSuffix":"I"}},"clearTextFirst":true,"interactionType":"ENTER_TEXT"}]}
COMMAND: POST /session/0f9fc47df39b2636afa0727ce1e2e785/actions - {"actions":[{"id":"action1","type":"key","parameters":{},"actions":[{"type":"keyDown","value":"î€‡"},{"type":"pause","duration":10},{"type":"keyUp","value":"î€‡"}]}]}
RESULT: {"actions":[{"id":"action1","type":"key","parameters":{},"actions":[{"type":"keyDown","value":"î€‡"},{"type":"pause","duration":10},{"type":"keyUp","value":"î€‡"}]}]}
COMMAND: GET /session/0f9fc47df39b2636afa0727ce1e2e785/screenshot - {}
RESULT: {}
COMMAND: POST /session/0f9fc47df39b2636afa0727ce1e2e785/element - {"using":"xpath","value":"//span[contains(text(), \"Demo Yard\")]"}
RESULT: {"using":"xpath","value":"//span[contains(text(), \"Demo Yard\")]"}
COMMAND: POST /session/0f9fc47df39b2636afa0727ce1e2e785/element/f.88D07AF495C6772688D01791A41D8CAC.d.BC1F3DFEE25516EB417C4A2C9EE0A4C0.e.801/click - {}
RESULT: {}
COMMAND: GET /session/0f9fc47df39b2636afa0727ce1e2e785/screenshot - {}
RESULT: {}
COMMAND: POST /session/0f9fc47df39b2636afa0727ce1e2e785/element - {"using":"xpath","value":"//bdi[contains(text(), \"OK\")]"}
RESULT: {"using":"xpath","value":"//bdi[contains(text(), \"OK\")]"}
COMMAND: POST /session/0f9fc47df39b2636afa0727ce1e2e785/element/f.88D07AF495C6772688D01791A41D8CAC.d.BC1F3DFEE25516EB417C4A2C9EE0A4C0.e.802/click - {}
RESULT: {}
COMMAND: GET /session/0f9fc47df39b2636afa0727ce1e2e785/screenshot - {}
RESULT: {}
COMMAND: POST /session/0f9fc47df39b2636afa0727ce1e2e785/execute/async - {"script":"<script> [1562 bytes]","args":[{"selector":{"id":"application-manageyards-display-component---NewYard--addressEditDetailsCurrency-arrow"},"wdio_ui5_key":"applicationmanageyards-display-component---NewYard--addressEditDetailsCurrency-arrow"}]}
RESULT: {"script":"<script> [1562 bytes]","args":[{"selector":{"id":"application-manageyards-display-component---NewYard--addressEditDetailsCurrency-arrow"},"wdio_ui5_key":"applicationmanageyards-display-component---NewYard--addressEditDetailsCurrency-arrow"}]}
RESULT: undefined
COMMAND: POST /session/0f9fc47df39b2636afa0727ce1e2e785/element - {"using":"xpath","value":"//*[@id=\"application-manageyards-display-component---NewYard--addressEditDetailsCurrency-arrow\"]"}
RESULT: {"using":"xpath","value":"//*[@id=\"application-manageyards-display-component---NewYard--addressEditDetailsCurrency-arrow\"]"}
COMMAND: POST /session/0f9fc47df39b2636afa0727ce1e2e785/element/f.88D07AF495C6772688D01791A41D8CAC.d.BC1F3DFEE25516EB417C4A2C9EE0A4C0.e.805/click - {}
RESULT: {}
COMMAND: POST /session/0f9fc47df39b2636afa0727ce1e2e785/element - {"using":"xpath","value":"//span[contains(text(), \"Euro\")]"}
COMMAND: GET /session/0f9fc47df39b2636afa0727ce1e2e785/screenshot - {}
RESULT: {"using":"xpath","value":"//span[contains(text(), \"Euro\")]"}
COMMAND: POST /session/0f9fc47df39b2636afa0727ce1e2e785/element/f.88D07AF495C6772688D01791A41D8CAC.d.BC1F3DFEE25516EB417C4A2C9EE0A4C0.e.806/click - {}
RESULT: {}
RESULT: {}
COMMAND: POST /session/0f9fc47df39b2636afa0727ce1e2e785/execute/async - {"script":"<script> [1562 bytes]","args":[{"selector":{"controlType":"sap.m.Input","viewName":"etm.portal.ui.manageyards.view.New","viewId":"application-manageyards-display-component---NewYard","bindingPath":{"path":"","propertyPath":"/CONTROLLING_AREA","modelName":"NewYardModel"},"interaction":{"idSuffix":"inner"}},"wdio_ui5_key":"etmportal.ui.manageyards.view.Newsap.m.Input{\"path\":\"\",\"propertyPath\":\"/CONTROLLING_AREA\",\"modelName\":\"NewYardModel\"}"}]}
COMMAND: GET /session/0f9fc47df39b2636afa0727ce1e2e785/screenshot - {}
RESULT: {"script":"<script> [1562 bytes]","args":[{"selector":{"controlType":"sap.m.Input","viewName":"etm.portal.ui.manageyards.view.New","viewId":"application-manageyards-display-component---NewYard","bindingPath":{"path":"","propertyPath":"/CONTROLLING_AREA","modelName":"NewYardModel"},"interaction":{"idSuffix":"inner"}},"wdio_ui5_key":"etmportal.ui.manageyards.view.Newsap.m.Input{\"path\":\"\",\"propertyPath\":\"/CONTROLLING_AREA\",\"modelName\":\"NewYardModel\"}"}]}
RESULT: undefined
COMMAND: POST /session/0f9fc47df39b2636afa0727ce1e2e785/execute/async - {"script":"<script> [776 bytes]","args":[{"enterText":"Z001","selector":{"controlType":"sap.m.Input","viewName":"etm.portal.ui.manageyards.view.New","viewId":"application-manageyards-display-component---NewYard","bindingPath":{"path":"","propertyPath":"/CONTROLLING_AREA","modelName":"NewYardModel"},"interaction":{"idSuffix":"inner"}},"clearTextFirst":true,"interactionType":"ENTER_TEXT"}]}
RESULT: {}
RESULT: {"script":"<script> [776 bytes]","args":[{"enterText":"Z001","selector":{"controlType":"sap.m.Input","viewName":"etm.portal.ui.manageyards.view.New","viewId":"application-manageyards-display-component---NewYard","bindingPath":{"path":"","propertyPath":"/CONTROLLING_AREA","modelName":"NewYardModel"},"interaction":{"idSuffix":"inner"}},"clearTextFirst":true,"interactionType":"ENTER_TEXT"}]}
COMMAND: POST /session/0f9fc47df39b2636afa0727ce1e2e785/execute/async - {"script":"<script> [1562 bytes]","args":[{"selector":{"id":"application-manageyards-display-component---NewYard--companyCodeComboBox","interaction":{"idSuffix":"inner"}},"wdio_ui5_key":"applicationmanageyards-display-component---NewYard--companyCodeComboBox"}]}
RESULT: {"script":"<script> [1562 bytes]","args":[{"selector":{"id":"application-manageyards-display-component---NewYard--companyCodeComboBox","interaction":{"idSuffix":"inner"}},"wdio_ui5_key":"applicationmanageyards-display-component---NewYard--companyCodeComboBox"}]}
RESULT: undefined
COMMAND: POST /session/0f9fc47df39b2636afa0727ce1e2e785/execute/async - {"script":"<script> [776 bytes]","args":[{"enterText":"1000","selector":{"id":"application-manageyards-display-component---NewYard--companyCodeComboBox","interaction":{"idSuffix":"inner"}},"clearTextFirst":true,"interactionType":"ENTER_TEXT"}]}
RESULT: {"script":"<script> [776 bytes]","args":[{"enterText":"1000","selector":{"id":"application-manageyards-display-component---NewYard--companyCodeComboBox","interaction":{"idSuffix":"inner"}},"clearTextFirst":true,"interactionType":"ENTER_TEXT"}]}
COMMAND: POST /session/0f9fc47df39b2636afa0727ce1e2e785/execute/async - {"script":"<script> [1562 bytes]","args":[{"selector":{"controlType":"sap.m.Input","viewName":"etm.portal.ui.manageyards.view.New","viewId":"application-manageyards-display-component---NewYard","bindingPath":{"path":"","propertyPath":"/PLANT","modelName":"NewYardModel"},"interaction":{"idSuffix":"inner"}},"wdio_ui5_key":"etmportal.ui.manageyards.view.Newsap.m.Input{\"path\":\"\",\"propertyPath\":\"/PLANT\",\"modelName\":\"NewYardModel\"}"}]}
RESULT: {"script":"<script> [1562 bytes]","args":[{"selector":{"controlType":"sap.m.Input","viewName":"etm.portal.ui.manageyards.view.New","viewId":"application-manageyards-display-component---NewYard","bindingPath":{"path":"","propertyPath":"/PLANT","modelName":"NewYardModel"},"interaction":{"idSuffix":"inner"}},"wdio_ui5_key":"etmportal.ui.manageyards.view.Newsap.m.Input{\"path\":\"\",\"propertyPath\":\"/PLANT\",\"modelName\":\"NewYardModel\"}"}]}
RESULT: undefined
COMMAND: POST /session/0f9fc47df39b2636afa0727ce1e2e785/execute/async - {"script":"<script> [776 bytes]","args":[{"enterText":"1001","selector":{"controlType":"sap.m.Input","viewName":"etm.portal.ui.manageyards.view.New","viewId":"application-manageyards-display-component---NewYard","bindingPath":{"path":"","propertyPath":"/PLANT","modelName":"NewYardModel"},"interaction":{"idSuffix":"inner"}},"clearTextFirst":true,"interactionType":"ENTER_TEXT"}]}
RESULT: {"script":"<script> [776 bytes]","args":[{"enterText":"1001","selector":{"controlType":"sap.m.Input","viewName":"etm.portal.ui.manageyards.view.New","viewId":"application-manageyards-display-component---NewYard","bindingPath":{"path":"","propertyPath":"/PLANT","modelName":"NewYardModel"},"interaction":{"idSuffix":"inner"}},"clearTextFirst":true,"interactionType":"ENTER_TEXT"}]}
COMMAND: POST /session/0f9fc47df39b2636afa0727ce1e2e785/execute/async - {"script":"<script> [1562 bytes]","args":[{"selector":{"controlType":"sap.m.Input","viewName":"etm.portal.ui.manageyards.view.New","viewId":"application-manageyards-display-component---NewYard","bindingPath":{"path":"","propertyPath":"/SALES_AREA_VKORG","modelName":"NewYardModel"},"interaction":{"idSuffix":"inner"}},"wdio_ui5_key":"etmportal.ui.manageyards.view.Newsap.m.Input{\"path\":\"\",\"propertyPath\":\"/SALES_AREA_VKORG\",\"modelName\":\"NewYardModel\"}"}]}
RESULT: {"script":"<script> [1562 bytes]","args":[{"selector":{"controlType":"sap.m.Input","viewName":"etm.portal.ui.manageyards.view.New","viewId":"application-manageyards-display-component---NewYard","bindingPath":{"path":"","propertyPath":"/SALES_AREA_VKORG","modelName":"NewYardModel"},"interaction":{"idSuffix":"inner"}},"wdio_ui5_key":"etmportal.ui.manageyards.view.Newsap.m.Input{\"path\":\"\",\"propertyPath\":\"/SALES_AREA_VKORG\",\"modelName\":\"NewYardModel\"}"}]}
RESULT: undefined
COMMAND: POST /session/0f9fc47df39b2636afa0727ce1e2e785/execute/async - {"script":"<script> [776 bytes]","args":[{"enterText":"C002","selector":{"controlType":"sap.m.Input","viewName":"etm.portal.ui.manageyards.view.New","viewId":"application-manageyards-display-component---NewYard","bindingPath":{"path":"","propertyPath":"/SALES_AREA_VKORG","modelName":"NewYardModel"},"interaction":{"idSuffix":"inner"}},"clearTextFirst":true,"interactionType":"ENTER_TEXT"}]}
RESULT: {"script":"<script> [776 bytes]","args":[{"enterText":"C002","selector":{"controlType":"sap.m.Input","viewName":"etm.portal.ui.manageyards.view.New","viewId":"application-manageyards-display-component---NewYard","bindingPath":{"path":"","propertyPath":"/SALES_AREA_VKORG","modelName":"NewYardModel"},"interaction":{"idSuffix":"inner"}},"clearTextFirst":true,"interactionType":"ENTER_TEXT"}]}
COMMAND: POST /session/0f9fc47df39b2636afa0727ce1e2e785/execute/async - {"script":"<script> [1562 bytes]","args":[{"selector":{"controlType":"sap.m.Input","viewName":"etm.portal.ui.manageyards.view.New","viewId":"application-manageyards-display-component---NewYard","bindingPath":{"path":"","propertyPath":"/SALES_AREA_VTWEG","modelName":"NewYardModel"},"interaction":{"idSuffix":"inner"}},"wdio_ui5_key":"etmportal.ui.manageyards.view.Newsap.m.Input{\"path\":\"\",\"propertyPath\":\"/SALES_AREA_VTWEG\",\"modelName\":\"NewYardModel\"}"}]}
RESULT: {"script":"<script> [1562 bytes]","args":[{"selector":{"controlType":"sap.m.Input","viewName":"etm.portal.ui.manageyards.view.New","viewId":"application-manageyards-display-component---NewYard","bindingPath":{"path":"","propertyPath":"/SALES_AREA_VTWEG","modelName":"NewYardModel"},"interaction":{"idSuffix":"inner"}},"wdio_ui5_key":"etmportal.ui.manageyards.view.Newsap.m.Input{\"path\":\"\",\"propertyPath\":\"/SALES_AREA_VTWEG\",\"modelName\":\"NewYardModel\"}"}]}
RESULT: undefined
COMMAND: POST /session/0f9fc47df39b2636afa0727ce1e2e785/execute/async - {"script":"<script> [776 bytes]","args":[{"enterText":"C2","selector":{"controlType":"sap.m.Input","viewName":"etm.portal.ui.manageyards.view.New","viewId":"application-manageyards-display-component---NewYard","bindingPath":{"path":"","propertyPath":"/SALES_AREA_VTWEG","modelName":"NewYardModel"},"interaction":{"idSuffix":"inner"}},"clearTextFirst":true,"interactionType":"ENTER_TEXT"}]}
RESULT: {"script":"<script> [776 bytes]","args":[{"enterText":"C2","selector":{"controlType":"sap.m.Input","viewName":"etm.portal.ui.manageyards.view.New","viewId":"application-manageyards-display-component---NewYard","bindingPath":{"path":"","propertyPath":"/SALES_AREA_VTWEG","modelName":"NewYardModel"},"interaction":{"idSuffix":"inner"}},"clearTextFirst":true,"interactionType":"ENTER_TEXT"}]}
COMMAND: POST /session/0f9fc47df39b2636afa0727ce1e2e785/execute/async - {"script":"<script> [1562 bytes]","args":[{"selector":{"controlType":"sap.m.Input","viewName":"etm.portal.ui.manageyards.view.New","viewId":"application-manageyards-display-component---NewYard","bindingPath":{"path":"","propertyPath":"/SALES_AREA_SPART","modelName":"NewYardModel"},"interaction":{"idSuffix":"inner"}},"wdio_ui5_key":"etmportal.ui.manageyards.view.Newsap.m.Input{\"path\":\"\",\"propertyPath\":\"/SALES_AREA_SPART\",\"modelName\":\"NewYardModel\"}"}]}
RESULT: {"script":"<script> [1562 bytes]","args":[{"selector":{"controlType":"sap.m.Input","viewName":"etm.portal.ui.manageyards.view.New","viewId":"application-manageyards-display-component---NewYard","bindingPath":{"path":"","propertyPath":"/SALES_AREA_SPART","modelName":"NewYardModel"},"interaction":{"idSuffix":"inner"}},"wdio_ui5_key":"etmportal.ui.manageyards.view.Newsap.m.Input{\"path\":\"\",\"propertyPath\":\"/SALES_AREA_SPART\",\"modelName\":\"NewYardModel\"}"}]}
RESULT: undefined
COMMAND: POST /session/0f9fc47df39b2636afa0727ce1e2e785/execute/async - {"script":"<script> [776 bytes]","args":[{"enterText":"C2","selector":{"controlType":"sap.m.Input","viewName":"etm.portal.ui.manageyards.view.New","viewId":"application-manageyards-display-component---NewYard","bindingPath":{"path":"","propertyPath":"/SALES_AREA_SPART","modelName":"NewYardModel"},"interaction":{"idSuffix":"inner"}},"clearTextFirst":true,"interactionType":"ENTER_TEXT"}]}
RESULT: {"script":"<script> [776 bytes]","args":[{"enterText":"C2","selector":{"controlType":"sap.m.Input","viewName":"etm.portal.ui.manageyards.view.New","viewId":"application-manageyards-display-component---NewYard","bindingPath":{"path":"","propertyPath":"/SALES_AREA_SPART","modelName":"NewYardModel"},"interaction":{"idSuffix":"inner"}},"clearTextFirst":true,"interactionType":"ENTER_TEXT"}]}
COMMAND: POST /session/0f9fc47df39b2636afa0727ce1e2e785/execute/async - {"script":"<script> [1562 bytes]","args":[{"selector":{"controlType":"sap.m.Input","viewName":"etm.portal.ui.manageyards.view.New","viewId":"application-manageyards-display-component---NewYard","bindingPath":{"path":"","propertyPath":"/SHIP_POINT","modelName":"NewYardModel"},"interaction":{"idSuffix":"inner"}},"wdio_ui5_key":"etmportal.ui.manageyards.view.Newsap.m.Input{\"path\":\"\",\"propertyPath\":\"/SHIP_POINT\",\"modelName\":\"NewYardModel\"}"}]}
RESULT: {"script":"<script> [1562 bytes]","args":[{"selector":{"controlType":"sap.m.Input","viewName":"etm.portal.ui.manageyards.view.New","viewId":"application-manageyards-display-component---NewYard","bindingPath":{"path":"","propertyPath":"/SHIP_POINT","modelName":"NewYardModel"},"interaction":{"idSuffix":"inner"}},"wdio_ui5_key":"etmportal.ui.manageyards.view.Newsap.m.Input{\"path\":\"\",\"propertyPath\":\"/SHIP_POINT\",\"modelName\":\"NewYardModel\"}"}]}
RESULT: undefined
COMMAND: POST /session/0f9fc47df39b2636afa0727ce1e2e785/execute/async - {"script":"<script> [776 bytes]","args":[{"enterText":"1710","selector":{"controlType":"sap.m.Input","viewName":"etm.portal.ui.manageyards.view.New","viewId":"application-manageyards-display-component---NewYard","bindingPath":{"path":"","propertyPath":"/SHIP_POINT","modelName":"NewYardModel"},"interaction":{"idSuffix":"inner"}},"clearTextFirst":true,"interactionType":"ENTER_TEXT"}]}
RESULT: {"script":"<script> [776 bytes]","args":[{"enterText":"1710","selector":{"controlType":"sap.m.Input","viewName":"etm.portal.ui.manageyards.view.New","viewId":"application-manageyards-display-component---NewYard","bindingPath":{"path":"","propertyPath":"/SHIP_POINT","modelName":"NewYardModel"},"interaction":{"idSuffix":"inner"}},"clearTextFirst":true,"interactionType":"ENTER_TEXT"}]}
COMMAND: POST /session/0f9fc47df39b2636afa0727ce1e2e785/execute/async - {"script":"<script> [1562 bytes]","args":[{"selector":{"controlType":"sap.m.Input","viewName":"etm.portal.ui.manageyards.view.New","viewId":"application-manageyards-display-component---NewYard","bindingPath":{"path":"","propertyPath":"/DELIVERY_TYPE","modelName":"NewYardModel"},"interaction":{"idSuffix":"inner"}},"wdio_ui5_key":"etmportal.ui.manageyards.view.Newsap.m.Input{\"path\":\"\",\"propertyPath\":\"/DELIVERY_TYPE\",\"modelName\":\"NewYardModel\"}"}]}
RESULT: {"script":"<script> [1562 bytes]","args":[{"selector":{"controlType":"sap.m.Input","viewName":"etm.portal.ui.manageyards.view.New","viewId":"application-manageyards-display-component---NewYard","bindingPath":{"path":"","propertyPath":"/DELIVERY_TYPE","modelName":"NewYardModel"},"interaction":{"idSuffix":"inner"}},"wdio_ui5_key":"etmportal.ui.manageyards.view.Newsap.m.Input{\"path\":\"\",\"propertyPath\":\"/DELIVERY_TYPE\",\"modelName\":\"NewYardModel\"}"}]}
RESULT: undefined
COMMAND: POST /session/0f9fc47df39b2636afa0727ce1e2e785/execute/async - {"script":"<script> [776 bytes]","args":[{"enterText":"ZL01","selector":{"controlType":"sap.m.Input","viewName":"etm.portal.ui.manageyards.view.New","viewId":"application-manageyards-display-component---NewYard","bindingPath":{"path":"","propertyPath":"/DELIVERY_TYPE","modelName":"NewYardModel"},"interaction":{"idSuffix":"inner"}},"clearTextFirst":true,"interactionType":"ENTER_TEXT"}]}
RESULT: {"script":"<script> [776 bytes]","args":[{"enterText":"ZL01","selector":{"controlType":"sap.m.Input","viewName":"etm.portal.ui.manageyards.view.New","viewId":"application-manageyards-display-component---NewYard","bindingPath":{"path":"","propertyPath":"/DELIVERY_TYPE","modelName":"NewYardModel"},"interaction":{"idSuffix":"inner"}},"clearTextFirst":true,"interactionType":"ENTER_TEXT"}]}
COMMAND: POST /session/0f9fc47df39b2636afa0727ce1e2e785/execute/async - {"script":"<script> [1562 bytes]","args":[{"selector":{"controlType":"sap.m.Input","viewName":"etm.portal.ui.manageyards.view.New","viewId":"application-manageyards-display-component---NewYard","bindingPath":{"path":"","propertyPath":"/AUART","modelName":"NewYardModel"},"interaction":{"idSuffix":"inner"}},"wdio_ui5_key":"etmportal.ui.manageyards.view.Newsap.m.Input{\"path\":\"\",\"propertyPath\":\"/AUART\",\"modelName\":\"NewYardModel\"}"}]}
RESULT: {"script":"<script> [1562 bytes]","args":[{"selector":{"controlType":"sap.m.Input","viewName":"etm.portal.ui.manageyards.view.New","viewId":"application-manageyards-display-component---NewYard","bindingPath":{"path":"","propertyPath":"/AUART","modelName":"NewYardModel"},"interaction":{"idSuffix":"inner"}},"wdio_ui5_key":"etmportal.ui.manageyards.view.Newsap.m.Input{\"path\":\"\",\"propertyPath\":\"/AUART\",\"modelName\":\"NewYardModel\"}"}]}
RESULT: undefined
COMMAND: POST /session/0f9fc47df39b2636afa0727ce1e2e785/execute/async - {"script":"<script> [776 bytes]","args":[{"enterText":"TA","selector":{"controlType":"sap.m.Input","viewName":"etm.portal.ui.manageyards.view.New","viewId":"application-manageyards-display-component---NewYard","bindingPath":{"path":"","propertyPath":"/AUART","modelName":"NewYardModel"},"interaction":{"idSuffix":"inner"}},"clearTextFirst":true,"interactionType":"ENTER_TEXT"}]}
RESULT: {"script":"<script> [776 bytes]","args":[{"enterText":"TA","selector":{"controlType":"sap.m.Input","viewName":"etm.portal.ui.manageyards.view.New","viewId":"application-manageyards-display-component---NewYard","bindingPath":{"path":"","propertyPath":"/AUART","modelName":"NewYardModel"},"interaction":{"idSuffix":"inner"}},"clearTextFirst":true,"interactionType":"ENTER_TEXT"}]}
COMMAND: POST /session/0f9fc47df39b2636afa0727ce1e2e785/execute/async - {"script":"<script> [1562 bytes]","args":[{"selector":{"id":"application-manageyards-display-component---NewYard--whmCheckBox","interaction":{"idSuffix":"CbBg"}},"wdio_ui5_key":"applicationmanageyards-display-component---NewYard--whmCheckBox"}]}
RESULT: {"script":"<script> [1562 bytes]","args":[{"selector":{"id":"application-manageyards-display-component---NewYard--whmCheckBox","interaction":{"idSuffix":"CbBg"}},"wdio_ui5_key":"applicationmanageyards-display-component---NewYard--whmCheckBox"}]}
RESULT: undefined
COMMAND: POST /session/0f9fc47df39b2636afa0727ce1e2e785/element - {"using":"xpath","value":"//*[@id=\"application-manageyards-display-component---NewYard--whmCheckBox\"]"}
RESULT: {"using":"xpath","value":"//*[@id=\"application-manageyards-display-component---NewYard--whmCheckBox\"]"}
COMMAND: POST /session/0f9fc47df39b2636afa0727ce1e2e785/element/f.88D07AF495C6772688D01791A41D8CAC.d.BC1F3DFEE25516EB417C4A2C9EE0A4C0.e.832/click - {}
RESULT: {}
COMMAND: GET /session/0f9fc47df39b2636afa0727ce1e2e785/screenshot - {}
RESULT: {}
COMMAND: POST /session/0f9fc47df39b2636afa0727ce1e2e785/element - {"using":"xpath","value":"//button[@data-kt=\"newYardSaveButton\"]"}
RESULT: {"using":"xpath","value":"//button[@data-kt=\"newYardSaveButton\"]"}
COMMAND: POST /session/0f9fc47df39b2636afa0727ce1e2e785/element/f.88D07AF495C6772688D01791A41D8CAC.d.BC1F3DFEE25516EB417C4A2C9EE0A4C0.e.713/click - {}
RESULT: {}
COMMAND: GET /session/0f9fc47df39b2636afa0727ce1e2e785/screenshot - {}
RESULT: {}
COMMAND: POST /session/0f9fc47df39b2636afa0727ce1e2e785/element - {"using":"xpath","value":"//header[contains(@id, 'ObjectPageLayout-headerTitle')]/div[1]/div[2]/div[1]/span[1]"}
RESULT: {"using":"xpath","value":"//header[contains(@id, 'ObjectPageLayout-headerTitle')]/div[1]/div[2]/div[1]/span[1]"}
COMMAND: POST /session/0f9fc47df39b2636afa0727ce1e2e785/elements - {"using":"xpath","value":"//header[contains(@id, 'ObjectPageLayout-headerTitle')]/div[1]/div[2]/div[1]/span[1]"}
RESULT: {"using":"xpath","value":"//header[contains(@id, 'ObjectPageLayout-headerTitle')]/div[1]/div[2]/div[1]/span[1]"}
COMMAND: POST /session/0f9fc47df39b2636afa0727ce1e2e785/execute/sync - {"script":"<script> [56 bytes]","args":[{"element-6066-11e4-a52e-4f735466cecf":"f.88D07AF495C6772688D01791A41D8CAC.d.BC1F3DFEE25516EB417C4A2C9EE0A4C0.e.1040","ELEMENT":"f.88D07AF495C6772688D01791A41D8CAC.d.BC1F3DFEE25516EB417C4A2C9EE0A4C0.e.1040"}]}
RESULT: {"script":"<script> [56 bytes]","args":[{"element-6066-11e4-a52e-4f735466cecf":"f.88D07AF495C6772688D01791A41D8CAC.d.BC1F3DFEE25516EB417C4A2C9EE0A4C0.e.1040","ELEMENT":"f.88D07AF495C6772688D01791A41D8CAC.d.BC1F3DFEE25516EB417C4A2C9EE0A4C0.e.1040"}]}
COMMAND: GET /session/0f9fc47df39b2636afa0727ce1e2e785/screenshot - {}
RESULT: {}
COMMAND: POST /session/0f9fc47df39b2636afa0727ce1e2e785/element - {"using":"css selector","value":"#shell-header-logo"}
RESULT: {"using":"css selector","value":"#shell-header-logo"}
COMMAND: POST /session/0f9fc47df39b2636afa0727ce1e2e785/element/f.88D07AF495C6772688D01791A41D8CAC.d.BC1F3DFEE25516EB417C4A2C9EE0A4C0.e.282/click - {}
RESULT: {}
COMMAND: GET /session/0f9fc47df39b2636afa0727ce1e2e785/screenshot - {}
RESULT: {}
COMMAND: POST /session/0f9fc47df39b2636afa0727ce1e2e785/execute/sync - {"script":"<script> [299 bytes]","args":[["getModel","getResource"]]}
RESULT: {"script":"<script> [299 bytes]","args":[["getModel","getResource"]]}
COMMAND: GET /session/0f9fc47df39b2636afa0727ce1e2e785/screenshot - {}
]]></system-out>
    </testcase>
    <testcase classname="chrome.136_0_7103_49.windows.Create_masterdata_for_Yard_Overview_-_trigger_provide_US130988" name="Should create a new external partner" time="97.843">
      <system-out><![CDATA[
COMMAND: POST /session/0f9fc47df39b2636afa0727ce1e2e785/window/fullscreen - {}
RESULT: {}
RESULT: {}
COMMAND: POST /session/0f9fc47df39b2636afa0727ce1e2e785/execute/async - {"script":"<script> [1562 bytes]","args":[{"selector":{"controlType":"sap.m.GenericTile","properties":{"header":"Manage Partners"}},"wdio_ui5_key":"sapm.GenericTile{\"header\":\"Manage Partners\"}"}]}
RESULT: {"script":"<script> [1562 bytes]","args":[{"selector":{"controlType":"sap.m.GenericTile","properties":{"header":"Manage Partners"}},"wdio_ui5_key":"sapm.GenericTile{\"header\":\"Manage Partners\"}"}]}
RESULT: undefined
COMMAND: POST /session/0f9fc47df39b2636afa0727ce1e2e785/element - {"using":"xpath","value":"//*[@id=\"__tile38\"]"}
RESULT: {"using":"xpath","value":"//*[@id=\"__tile38\"]"}
COMMAND: POST /session/0f9fc47df39b2636afa0727ce1e2e785/element/f.88D07AF495C6772688D01791A41D8CAC.d.BC1F3DFEE25516EB417C4A2C9EE0A4C0.e.168/click - {}
RESULT: {}
COMMAND: GET /session/0f9fc47df39b2636afa0727ce1e2e785/screenshot - {}
RESULT: {}
COMMAND: POST /session/0f9fc47df39b2636afa0727ce1e2e785/elements - {"using":"xpath","value":"//span[text()='Error']"}
RESULT: {"using":"xpath","value":"//span[text()='Error']"}
COMMAND: POST /session/0f9fc47df39b2636afa0727ce1e2e785/element - {"using":"xpath","value":"//button[@data-kt=\"addButton\"]"}
RESULT: {"using":"xpath","value":"//button[@data-kt=\"addButton\"]"}
COMMAND: POST /session/0f9fc47df39b2636afa0727ce1e2e785/elements - {"using":"xpath","value":"//button[@data-kt=\"addButton\"]"}
RESULT: {"using":"xpath","value":"//button[@data-kt=\"addButton\"]"}
COMMAND: POST /session/0f9fc47df39b2636afa0727ce1e2e785/elements - {"using":"xpath","value":"//button[@data-kt=\"addButton\"]"}
RESULT: {"using":"xpath","value":"//button[@data-kt=\"addButton\"]"}
COMMAND: POST /session/0f9fc47df39b2636afa0727ce1e2e785/element - {"using":"xpath","value":"//button[@data-kt=\"addButton\"]"}
RESULT: {"using":"xpath","value":"//button[@data-kt=\"addButton\"]"}
COMMAND: POST /session/0f9fc47df39b2636afa0727ce1e2e785/execute/sync - {"script":"<script> [8489 bytes]","args":[{"element-6066-11e4-a52e-4f735466cecf":"f.88D07AF495C6772688D01791A41D8CAC.d.BC1F3DFEE25516EB417C4A2C9EE0A4C0.e.1080","ELEMENT":"f.88D07AF495C6772688D01791A41D8CAC.d.BC1F3DFEE25516EB417C4A2C9EE0A4C0.e.1080"}]}
RESULT: {"script":"<script> [8489 bytes]","args":[{"element-6066-11e4-a52e-4f735466cecf":"f.88D07AF495C6772688D01791A41D8CAC.d.BC1F3DFEE25516EB417C4A2C9EE0A4C0.e.1080","ELEMENT":"f.88D07AF495C6772688D01791A41D8CAC.d.BC1F3DFEE25516EB417C4A2C9EE0A4C0.e.1080"}]}
COMMAND: GET /session/0f9fc47df39b2636afa0727ce1e2e785/element/f.88D07AF495C6772688D01791A41D8CAC.d.BC1F3DFEE25516EB417C4A2C9EE0A4C0.e.1080/enabled - {}
COMMAND: GET /session/0f9fc47df39b2636afa0727ce1e2e785/screenshot - {}
RESULT: {}
COMMAND: POST /session/0f9fc47df39b2636afa0727ce1e2e785/execute/sync - {"script":"<script> [8489 bytes]","args":[{"element-6066-11e4-a52e-4f735466cecf":"f.88D07AF495C6772688D01791A41D8CAC.d.BC1F3DFEE25516EB417C4A2C9EE0A4C0.e.1080","ELEMENT":"f.88D07AF495C6772688D01791A41D8CAC.d.BC1F3DFEE25516EB417C4A2C9EE0A4C0.e.1080"}]}
COMMAND: GET /session/0f9fc47df39b2636afa0727ce1e2e785/screenshot - {}
RESULT: {}
RESULT: {"script":"<script> [8489 bytes]","args":[{"element-6066-11e4-a52e-4f735466cecf":"f.88D07AF495C6772688D01791A41D8CAC.d.BC1F3DFEE25516EB417C4A2C9EE0A4C0.e.1080","ELEMENT":"f.88D07AF495C6772688D01791A41D8CAC.d.BC1F3DFEE25516EB417C4A2C9EE0A4C0.e.1080"}]}
COMMAND: POST /session/0f9fc47df39b2636afa0727ce1e2e785/execute/sync - {"script":"<script> [5351 bytes]","args":[{"element-6066-11e4-a52e-4f735466cecf":"f.88D07AF495C6772688D01791A41D8CAC.d.BC1F3DFEE25516EB417C4A2C9EE0A4C0.e.1080","ELEMENT":"f.88D07AF495C6772688D01791A41D8CAC.d.BC1F3DFEE25516EB417C4A2C9EE0A4C0.e.1080"}]}
COMMAND: GET /session/0f9fc47df39b2636afa0727ce1e2e785/screenshot - {}
RESULT: {}
RESULT: {"script":"<script> [5351 bytes]","args":[{"element-6066-11e4-a52e-4f735466cecf":"f.88D07AF495C6772688D01791A41D8CAC.d.BC1F3DFEE25516EB417C4A2C9EE0A4C0.e.1080","ELEMENT":"f.88D07AF495C6772688D01791A41D8CAC.d.BC1F3DFEE25516EB417C4A2C9EE0A4C0.e.1080"}]}
COMMAND: POST /session/0f9fc47df39b2636afa0727ce1e2e785/element/f.88D07AF495C6772688D01791A41D8CAC.d.BC1F3DFEE25516EB417C4A2C9EE0A4C0.e.1080/click - {}
COMMAND: GET /session/0f9fc47df39b2636afa0727ce1e2e785/screenshot - {}
RESULT: {}
RESULT: {}
COMMAND: GET /session/0f9fc47df39b2636afa0727ce1e2e785/screenshot - {}
COMMAND: POST /session/0f9fc47df39b2636afa0727ce1e2e785/execute/async - {"script":"<script> [1562 bytes]","args":[{"selector":{"id":"application-managepartners-display-component---NewPartner--addressDetailDetailsName1","interaction":{"idSuffix":"inner"}},"wdio_ui5_key":"applicationmanagepartners-display-component---NewPartner--addressDetailDetailsName1"}]}
RESULT: {}
RESULT: {}
RESULT: {"script":"<script> [1562 bytes]","args":[{"selector":{"id":"application-managepartners-display-component---NewPartner--addressDetailDetailsName1","interaction":{"idSuffix":"inner"}},"wdio_ui5_key":"applicationmanagepartners-display-component---NewPartner--addressDetailDetailsName1"}]}
RESULT: undefined
COMMAND: POST /session/0f9fc47df39b2636afa0727ce1e2e785/execute/async - {"script":"<script> [776 bytes]","args":[{"enterText":"External Partner WDIO","selector":{"id":"application-managepartners-display-component---NewPartner--addressDetailDetailsName1","interaction":{"idSuffix":"inner"}},"clearTextFirst":true,"interactionType":"ENTER_TEXT"}]}
RESULT: {"script":"<script> [776 bytes]","args":[{"enterText":"External Partner WDIO","selector":{"id":"application-managepartners-display-component---NewPartner--addressDetailDetailsName1","interaction":{"idSuffix":"inner"}},"clearTextFirst":true,"interactionType":"ENTER_TEXT"}]}
COMMAND: POST /session/0f9fc47df39b2636afa0727ce1e2e785/execute/async - {"script":"<script> [1562 bytes]","args":[{"selector":{"id":"application-managepartners-display-component---NewPartner--addressDetailDetailsLanguage-arrow"},"wdio_ui5_key":"applicationmanagepartners-display-component---NewPartner--addressDetailDetailsLanguage-arrow"}]}
RESULT: {"script":"<script> [1562 bytes]","args":[{"selector":{"id":"application-managepartners-display-component---NewPartner--addressDetailDetailsLanguage-arrow"},"wdio_ui5_key":"applicationmanagepartners-display-component---NewPartner--addressDetailDetailsLanguage-arrow"}]}
RESULT: undefined
COMMAND: POST /session/0f9fc47df39b2636afa0727ce1e2e785/element - {"using":"xpath","value":"//*[@id=\"application-managepartners-display-component---NewPartner--addressDetailDetailsLanguage-arrow\"]"}
RESULT: {"using":"xpath","value":"//*[@id=\"application-managepartners-display-component---NewPartner--addressDetailDetailsLanguage-arrow\"]"}
COMMAND: POST /session/0f9fc47df39b2636afa0727ce1e2e785/element/f.88D07AF495C6772688D01791A41D8CAC.d.BC1F3DFEE25516EB417C4A2C9EE0A4C0.e.1536/click - {}
RESULT: {}
COMMAND: POST /session/0f9fc47df39b2636afa0727ce1e2e785/element - {"using":"xpath","value":"//span[contains(text(), \"English\")]"}
COMMAND: GET /session/0f9fc47df39b2636afa0727ce1e2e785/screenshot - {}
RESULT: {"using":"xpath","value":"//span[contains(text(), \"English\")]"}
COMMAND: POST /session/0f9fc47df39b2636afa0727ce1e2e785/element/f.88D07AF495C6772688D01791A41D8CAC.d.BC1F3DFEE25516EB417C4A2C9EE0A4C0.e.1537/click - {}
RESULT: {}
RESULT: {}
COMMAND: GET /session/0f9fc47df39b2636afa0727ce1e2e785/screenshot - {}
RESULT: {}
COMMAND: POST /session/0f9fc47df39b2636afa0727ce1e2e785/execute/async - {"script":"<script> [1562 bytes]","args":[{"selector":{"id":"application-managepartners-display-component---NewPartner--addressDetailDetailsCity1","interaction":{"idSuffix":"inner"}},"wdio_ui5_key":"applicationmanagepartners-display-component---NewPartner--addressDetailDetailsCity1"}]}
RESULT: {"script":"<script> [1562 bytes]","args":[{"selector":{"id":"application-managepartners-display-component---NewPartner--addressDetailDetailsCity1","interaction":{"idSuffix":"inner"}},"wdio_ui5_key":"applicationmanagepartners-display-component---NewPartner--addressDetailDetailsCity1"}]}
RESULT: undefined
COMMAND: POST /session/0f9fc47df39b2636afa0727ce1e2e785/execute/async - {"script":"<script> [776 bytes]","args":[{"enterText":"Rosario","selector":{"id":"application-managepartners-display-component---NewPartner--addressDetailDetailsCity1","interaction":{"idSuffix":"inner"}},"clearTextFirst":true,"interactionType":"ENTER_TEXT"}]}
RESULT: {"script":"<script> [776 bytes]","args":[{"enterText":"Rosario","selector":{"id":"application-managepartners-display-component---NewPartner--addressDetailDetailsCity1","interaction":{"idSuffix":"inner"}},"clearTextFirst":true,"interactionType":"ENTER_TEXT"}]}
COMMAND: POST /session/0f9fc47df39b2636afa0727ce1e2e785/execute/async - {"script":"<script> [1562 bytes]","args":[{"selector":{"id":"application-managepartners-display-component---NewPartner--addressDetailDetailsCountry-arrow"},"wdio_ui5_key":"applicationmanagepartners-display-component---NewPartner--addressDetailDetailsCountry-arrow"}]}
RESULT: {"script":"<script> [1562 bytes]","args":[{"selector":{"id":"application-managepartners-display-component---NewPartner--addressDetailDetailsCountry-arrow"},"wdio_ui5_key":"applicationmanagepartners-display-component---NewPartner--addressDetailDetailsCountry-arrow"}]}
RESULT: undefined
COMMAND: POST /session/0f9fc47df39b2636afa0727ce1e2e785/element - {"using":"xpath","value":"//*[@id=\"application-managepartners-display-component---NewPartner--addressDetailDetailsCountry-arrow\"]"}
RESULT: {"using":"xpath","value":"//*[@id=\"application-managepartners-display-component---NewPartner--addressDetailDetailsCountry-arrow\"]"}
COMMAND: POST /session/0f9fc47df39b2636afa0727ce1e2e785/element/f.88D07AF495C6772688D01791A41D8CAC.d.BC1F3DFEE25516EB417C4A2C9EE0A4C0.e.1523/click - {}
RESULT: {}
COMMAND: POST /session/0f9fc47df39b2636afa0727ce1e2e785/element - {"using":"xpath","value":"//span[contains(text(), \"Argentina\")]"}
COMMAND: GET /session/0f9fc47df39b2636afa0727ce1e2e785/screenshot - {}
RESULT: {"using":"xpath","value":"//span[contains(text(), \"Argentina\")]"}
COMMAND: POST /session/0f9fc47df39b2636afa0727ce1e2e785/element/f.88D07AF495C6772688D01791A41D8CAC.d.BC1F3DFEE25516EB417C4A2C9EE0A4C0.e.1539/click - {}
RESULT: {}
RESULT: {}
COMMAND: GET /session/0f9fc47df39b2636afa0727ce1e2e785/screenshot - {}
RESULT: {}
COMMAND: POST /session/0f9fc47df39b2636afa0727ce1e2e785/element - {"using":"xpath","value":"//bdi[contains(text(), \"Commercial\")]"}
RESULT: {"using":"xpath","value":"//bdi[contains(text(), \"Commercial\")]"}
COMMAND: POST /session/0f9fc47df39b2636afa0727ce1e2e785/element/f.88D07AF495C6772688D01791A41D8CAC.d.BC1F3DFEE25516EB417C4A2C9EE0A4C0.e.1540/click - {}
RESULT: {}
COMMAND: GET /session/0f9fc47df39b2636afa0727ce1e2e785/screenshot - {}
RESULT: {}
COMMAND: POST /session/0f9fc47df39b2636afa0727ce1e2e785/execute/async - {"script":"<script> [1562 bytes]","args":[{"selector":{"id":"application-managepartners-display-component---NewPartner--partnerDetailInternal-arrow"},"wdio_ui5_key":"applicationmanagepartners-display-component---NewPartner--partnerDetailInternal-arrow"}]}
RESULT: {"script":"<script> [1562 bytes]","args":[{"selector":{"id":"application-managepartners-display-component---NewPartner--partnerDetailInternal-arrow"},"wdio_ui5_key":"applicationmanagepartners-display-component---NewPartner--partnerDetailInternal-arrow"}]}
RESULT: undefined
COMMAND: POST /session/0f9fc47df39b2636afa0727ce1e2e785/element - {"using":"xpath","value":"//*[@id=\"application-managepartners-display-component---NewPartner--partnerDetailInternal-arrow\"]"}
RESULT: {"using":"xpath","value":"//*[@id=\"application-managepartners-display-component---NewPartner--partnerDetailInternal-arrow\"]"}
COMMAND: POST /session/0f9fc47df39b2636afa0727ce1e2e785/element/f.88D07AF495C6772688D01791A41D8CAC.d.BC1F3DFEE25516EB417C4A2C9EE0A4C0.e.1546/click - {}
RESULT: {}
COMMAND: POST /session/0f9fc47df39b2636afa0727ce1e2e785/element - {"using":"xpath","value":"//span[contains(text(), \"External partner\")]"}
COMMAND: GET /session/0f9fc47df39b2636afa0727ce1e2e785/screenshot - {}
RESULT: {"using":"xpath","value":"//span[contains(text(), \"External partner\")]"}
COMMAND: POST /session/0f9fc47df39b2636afa0727ce1e2e785/element/f.88D07AF495C6772688D01791A41D8CAC.d.BC1F3DFEE25516EB417C4A2C9EE0A4C0.e.1547/click - {}
RESULT: {}
RESULT: {}
COMMAND: POST /session/0f9fc47df39b2636afa0727ce1e2e785/execute/async - {"script":"<script> [1562 bytes]","args":[{"selector":{"id":"application-managepartners-display-component---NewPartner--partnerDetailsCurrency-arrow"},"wdio_ui5_key":"applicationmanagepartners-display-component---NewPartner--partnerDetailsCurrency-arrow"}]}
COMMAND: GET /session/0f9fc47df39b2636afa0727ce1e2e785/screenshot - {}
RESULT: {"script":"<script> [1562 bytes]","args":[{"selector":{"id":"application-managepartners-display-component---NewPartner--partnerDetailsCurrency-arrow"},"wdio_ui5_key":"applicationmanagepartners-display-component---NewPartner--partnerDetailsCurrency-arrow"}]}
RESULT: undefined
COMMAND: POST /session/0f9fc47df39b2636afa0727ce1e2e785/element - {"using":"xpath","value":"//*[@id=\"application-managepartners-display-component---NewPartner--partnerDetailsCurrency-arrow\"]"}
RESULT: {}
RESULT: {"using":"xpath","value":"//*[@id=\"application-managepartners-display-component---NewPartner--partnerDetailsCurrency-arrow\"]"}
COMMAND: POST /session/0f9fc47df39b2636afa0727ce1e2e785/element/f.88D07AF495C6772688D01791A41D8CAC.d.BC1F3DFEE25516EB417C4A2C9EE0A4C0.e.1552/click - {}
RESULT: {}
COMMAND: POST /session/0f9fc47df39b2636afa0727ce1e2e785/element - {"using":"xpath","value":"//span[contains(text(), \"US Dollar\")]"}
COMMAND: GET /session/0f9fc47df39b2636afa0727ce1e2e785/screenshot - {}
RESULT: {"using":"xpath","value":"//span[contains(text(), \"US Dollar\")]"}
COMMAND: POST /session/0f9fc47df39b2636afa0727ce1e2e785/element/f.88D07AF495C6772688D01791A41D8CAC.d.BC1F3DFEE25516EB417C4A2C9EE0A4C0.e.1553/click - {}
RESULT: {}
RESULT: {}
COMMAND: GET /session/0f9fc47df39b2636afa0727ce1e2e785/screenshot - {}
RESULT: {}
COMMAND: POST /session/0f9fc47df39b2636afa0727ce1e2e785/element - {"using":"xpath","value":"//input[@id=\"application-managepartners-display-component---NewPartner--companyCodeComboBox-inner\"]"}
RESULT: {"using":"xpath","value":"//input[@id=\"application-managepartners-display-component---NewPartner--companyCodeComboBox-inner\"]"}
COMMAND: POST /session/0f9fc47df39b2636afa0727ce1e2e785/element/f.88D07AF495C6772688D01791A41D8CAC.d.BC1F3DFEE25516EB417C4A2C9EE0A4C0.e.1403/clear - {}
RESULT: {}
COMMAND: POST /session/0f9fc47df39b2636afa0727ce1e2e785/element/f.88D07AF495C6772688D01791A41D8CAC.d.BC1F3DFEE25516EB417C4A2C9EE0A4C0.e.1403/value - {"text":"C002"}
COMMAND: GET /session/0f9fc47df39b2636afa0727ce1e2e785/screenshot - {}
RESULT: {"text":"C002"}
COMMAND: GET /session/0f9fc47df39b2636afa0727ce1e2e785/screenshot - {}
RESULT: {}
RESULT: {}
COMMAND: POST /session/0f9fc47df39b2636afa0727ce1e2e785/element - {"using":"xpath","value":"//li[.//span[text()= \"C002\"]]"}
RESULT: {"using":"xpath","value":"//li[.//span[text()= \"C002\"]]"}
COMMAND: POST /session/0f9fc47df39b2636afa0727ce1e2e785/element/f.88D07AF495C6772688D01791A41D8CAC.d.BC1F3DFEE25516EB417C4A2C9EE0A4C0.e.1557/click - {}
RESULT: {}
COMMAND: GET /session/0f9fc47df39b2636afa0727ce1e2e785/screenshot - {}
RESULT: {}
COMMAND: POST /session/0f9fc47df39b2636afa0727ce1e2e785/execute/async - {"script":"<script> [1562 bytes]","args":[{"selector":{"id":"application-managepartners-display-component---NewPartner--btnAddTableRow-img"},"wdio_ui5_key":"applicationmanagepartners-display-component---NewPartner--btnAddTableRow-img"}]}
RESULT: {"script":"<script> [1562 bytes]","args":[{"selector":{"id":"application-managepartners-display-component---NewPartner--btnAddTableRow-img"},"wdio_ui5_key":"applicationmanagepartners-display-component---NewPartner--btnAddTableRow-img"}]}
RESULT: undefined
COMMAND: POST /session/0f9fc47df39b2636afa0727ce1e2e785/element - {"using":"xpath","value":"//*[@id=\"application-managepartners-display-component---NewPartner--btnAddTableRow-img\"]"}
RESULT: {"using":"xpath","value":"//*[@id=\"application-managepartners-display-component---NewPartner--btnAddTableRow-img\"]"}
COMMAND: POST /session/0f9fc47df39b2636afa0727ce1e2e785/element/f.88D07AF495C6772688D01791A41D8CAC.d.BC1F3DFEE25516EB417C4A2C9EE0A4C0.e.1558/click - {}
RESULT: {}
COMMAND: GET /session/0f9fc47df39b2636afa0727ce1e2e785/screenshot - {}
RESULT: {}
COMMAND: POST /session/0f9fc47df39b2636afa0727ce1e2e785/element - {"using":"xpath","value":"//input[@id=\"application-managepartners-display-component---NewPartner--assignmentYard-application-managepartners-display-component---NewPartner--assignmentsTable-0-inner\"]"}
RESULT: {"using":"xpath","value":"//input[@id=\"application-managepartners-display-component---NewPartner--assignmentYard-application-managepartners-display-component---NewPartner--assignmentsTable-0-inner\"]"}
COMMAND: POST /session/0f9fc47df39b2636afa0727ce1e2e785/element/f.88D07AF495C6772688D01791A41D8CAC.d.BC1F3DFEE25516EB417C4A2C9EE0A4C0.e.1561/clear - {}
RESULT: {}
COMMAND: POST /session/0f9fc47df39b2636afa0727ce1e2e785/element/f.88D07AF495C6772688D01791A41D8CAC.d.BC1F3DFEE25516EB417C4A2C9EE0A4C0.e.1561/value - {"text":"379"}
COMMAND: GET /session/0f9fc47df39b2636afa0727ce1e2e785/screenshot - {}
RESULT: {"text":"379"}
COMMAND: GET /session/0f9fc47df39b2636afa0727ce1e2e785/screenshot - {}
RESULT: {}
RESULT: {}
COMMAND: POST /session/0f9fc47df39b2636afa0727ce1e2e785/element - {"using":"xpath","value":"//li[.//span[text()='379']]"}
RESULT: {"using":"xpath","value":"//li[.//span[text()='379']]"}
COMMAND: POST /session/0f9fc47df39b2636afa0727ce1e2e785/element/f.88D07AF495C6772688D01791A41D8CAC.d.BC1F3DFEE25516EB417C4A2C9EE0A4C0.e.1569/click - {}
RESULT: {}
COMMAND: GET /session/0f9fc47df39b2636afa0727ce1e2e785/screenshot - {}
RESULT: {}
COMMAND: POST /session/0f9fc47df39b2636afa0727ce1e2e785/actions - {"actions":[{"id":"action2","type":"key","parameters":{},"actions":[{"type":"keyDown","value":"î€‡"},{"type":"pause","duration":10},{"type":"keyUp","value":"î€‡"}]}]}
RESULT: {"actions":[{"id":"action2","type":"key","parameters":{},"actions":[{"type":"keyDown","value":"î€‡"},{"type":"pause","duration":10},{"type":"keyUp","value":"î€‡"}]}]}
COMMAND: POST /session/0f9fc47df39b2636afa0727ce1e2e785/element - {"using":"xpath","value":"//td[contains(@id, \"assignmentsTable-0-cell2\")]/div/div"}
COMMAND: GET /session/0f9fc47df39b2636afa0727ce1e2e785/screenshot - {}
RESULT: {"using":"xpath","value":"//td[contains(@id, \"assignmentsTable-0-cell2\")]/div/div"}
COMMAND: POST /session/0f9fc47df39b2636afa0727ce1e2e785/element/f.88D07AF495C6772688D01791A41D8CAC.d.BC1F3DFEE25516EB417C4A2C9EE0A4C0.e.1572/click - {}
RESULT: {}
RESULT: {}
COMMAND: GET /session/0f9fc47df39b2636afa0727ce1e2e785/screenshot - {}
RESULT: {}
COMMAND: POST /session/0f9fc47df39b2636afa0727ce1e2e785/element - {"using":"xpath","value":"//button[@data-kt=\"saveButton\"]"}
RESULT: {"using":"xpath","value":"//button[@data-kt=\"saveButton\"]"}
COMMAND: POST /session/0f9fc47df39b2636afa0727ce1e2e785/element/f.88D07AF495C6772688D01791A41D8CAC.d.BC1F3DFEE25516EB417C4A2C9EE0A4C0.e.1412/click - {}
RESULT: {}
COMMAND: GET /session/0f9fc47df39b2636afa0727ce1e2e785/screenshot - {}
RESULT: {}
COMMAND: POST /session/0f9fc47df39b2636afa0727ce1e2e785/element - {"using":"xpath","value":"//header[contains(@id, 'ObjectPageLayout-headerTitle')]/div[1]/div[2]/div[2]/span[1]"}
RESULT: {"using":"xpath","value":"//header[contains(@id, 'ObjectPageLayout-headerTitle')]/div[1]/div[2]/div[2]/span[1]"}
COMMAND: POST /session/0f9fc47df39b2636afa0727ce1e2e785/elements - {"using":"xpath","value":"//header[contains(@id, 'ObjectPageLayout-headerTitle')]/div[1]/div[2]/div[2]/span[1]"}
RESULT: {"using":"xpath","value":"//header[contains(@id, 'ObjectPageLayout-headerTitle')]/div[1]/div[2]/div[2]/span[1]"}
COMMAND: POST /session/0f9fc47df39b2636afa0727ce1e2e785/execute/sync - {"script":"<script> [56 bytes]","args":[{"element-6066-11e4-a52e-4f735466cecf":"f.88D07AF495C6772688D01791A41D8CAC.d.BC1F3DFEE25516EB417C4A2C9EE0A4C0.e.1735","ELEMENT":"f.88D07AF495C6772688D01791A41D8CAC.d.BC1F3DFEE25516EB417C4A2C9EE0A4C0.e.1735"}]}
RESULT: {"script":"<script> [56 bytes]","args":[{"element-6066-11e4-a52e-4f735466cecf":"f.88D07AF495C6772688D01791A41D8CAC.d.BC1F3DFEE25516EB417C4A2C9EE0A4C0.e.1735","ELEMENT":"f.88D07AF495C6772688D01791A41D8CAC.d.BC1F3DFEE25516EB417C4A2C9EE0A4C0.e.1735"}]}
COMMAND: POST /session/0f9fc47df39b2636afa0727ce1e2e785/element - {"using":"css selector","value":"#shell-header-logo"}
COMMAND: GET /session/0f9fc47df39b2636afa0727ce1e2e785/screenshot - {}
RESULT: {"using":"css selector","value":"#shell-header-logo"}
COMMAND: POST /session/0f9fc47df39b2636afa0727ce1e2e785/element/f.88D07AF495C6772688D01791A41D8CAC.d.BC1F3DFEE25516EB417C4A2C9EE0A4C0.e.1046/click - {}
RESULT: {}
RESULT: {}
COMMAND: GET /session/0f9fc47df39b2636afa0727ce1e2e785/screenshot - {}
RESULT: {}
COMMAND: POST /session/0f9fc47df39b2636afa0727ce1e2e785/execute/sync - {"script":"<script> [299 bytes]","args":[["getModel","getResource"]]}
RESULT: {"script":"<script> [299 bytes]","args":[["getModel","getResource"]]}
]]></system-out>
    </testcase>
    <testcase classname="chrome.136_0_7103_49.windows.Create_masterdata_for_Yard_Overview_-_trigger_provide_US130988" name="Should create a new WHM site" time="107.806">
      <system-out><![CDATA[
COMMAND: GET /session/0f9fc47df39b2636afa0727ce1e2e785/screenshot - {}
COMMAND: POST /session/0f9fc47df39b2636afa0727ce1e2e785/execute/async - {"script":"<script> [1562 bytes]","args":[{"selector":{"controlType":"sap.m.GenericTile","properties":{"header":"Manage Sites"}},"wdio_ui5_key":"sapm.GenericTile{\"header\":\"Manage Sites\"}"}]}
RESULT: {"script":"<script> [1562 bytes]","args":[{"selector":{"controlType":"sap.m.GenericTile","properties":{"header":"Manage Sites"}},"wdio_ui5_key":"sapm.GenericTile{\"header\":\"Manage Sites\"}"}]}
RESULT: undefined
COMMAND: POST /session/0f9fc47df39b2636afa0727ce1e2e785/element - {"using":"xpath","value":"//*[@id=\"__tile40\"]"}
RESULT: {}
RESULT: {"using":"xpath","value":"//*[@id=\"__tile40\"]"}
COMMAND: POST /session/0f9fc47df39b2636afa0727ce1e2e785/element/f.88D07AF495C6772688D01791A41D8CAC.d.BC1F3DFEE25516EB417C4A2C9EE0A4C0.e.174/click - {}
RESULT: {}
COMMAND: GET /session/0f9fc47df39b2636afa0727ce1e2e785/screenshot - {}
RESULT: {}
COMMAND: POST /session/0f9fc47df39b2636afa0727ce1e2e785/elements - {"using":"xpath","value":"//span[text()='Error']"}
RESULT: {"using":"xpath","value":"//span[text()='Error']"}
COMMAND: POST /session/0f9fc47df39b2636afa0727ce1e2e785/element - {"using":"xpath","value":"//button[@data-kt=\"addOverflowToolbarButton\"]"}
RESULT: {"using":"xpath","value":"//button[@data-kt=\"addOverflowToolbarButton\"]"}
COMMAND: POST /session/0f9fc47df39b2636afa0727ce1e2e785/elements - {"using":"xpath","value":"//button[@data-kt=\"addOverflowToolbarButton\"]"}
RESULT: {"using":"xpath","value":"//button[@data-kt=\"addOverflowToolbarButton\"]"}
COMMAND: POST /session/0f9fc47df39b2636afa0727ce1e2e785/execute/sync - {"script":"<script> [8489 bytes]","args":[{"element-6066-11e4-a52e-4f735466cecf":"f.88D07AF495C6772688D01791A41D8CAC.d.BC1F3DFEE25516EB417C4A2C9EE0A4C0.e.1783","ELEMENT":"f.88D07AF495C6772688D01791A41D8CAC.d.BC1F3DFEE25516EB417C4A2C9EE0A4C0.e.1783"}]}
RESULT: {"script":"<script> [8489 bytes]","args":[{"element-6066-11e4-a52e-4f735466cecf":"f.88D07AF495C6772688D01791A41D8CAC.d.BC1F3DFEE25516EB417C4A2C9EE0A4C0.e.1783","ELEMENT":"f.88D07AF495C6772688D01791A41D8CAC.d.BC1F3DFEE25516EB417C4A2C9EE0A4C0.e.1783"}]}
COMMAND: GET /session/0f9fc47df39b2636afa0727ce1e2e785/element/f.88D07AF495C6772688D01791A41D8CAC.d.BC1F3DFEE25516EB417C4A2C9EE0A4C0.e.1783/enabled - {}
COMMAND: GET /session/0f9fc47df39b2636afa0727ce1e2e785/screenshot - {}
RESULT: {}
COMMAND: POST /session/0f9fc47df39b2636afa0727ce1e2e785/execute/sync - {"script":"<script> [8489 bytes]","args":[{"element-6066-11e4-a52e-4f735466cecf":"f.88D07AF495C6772688D01791A41D8CAC.d.BC1F3DFEE25516EB417C4A2C9EE0A4C0.e.1783","ELEMENT":"f.88D07AF495C6772688D01791A41D8CAC.d.BC1F3DFEE25516EB417C4A2C9EE0A4C0.e.1783"}]}
COMMAND: GET /session/0f9fc47df39b2636afa0727ce1e2e785/screenshot - {}
RESULT: {}
RESULT: {"script":"<script> [8489 bytes]","args":[{"element-6066-11e4-a52e-4f735466cecf":"f.88D07AF495C6772688D01791A41D8CAC.d.BC1F3DFEE25516EB417C4A2C9EE0A4C0.e.1783","ELEMENT":"f.88D07AF495C6772688D01791A41D8CAC.d.BC1F3DFEE25516EB417C4A2C9EE0A4C0.e.1783"}]}
COMMAND: POST /session/0f9fc47df39b2636afa0727ce1e2e785/execute/sync - {"script":"<script> [5351 bytes]","args":[{"element-6066-11e4-a52e-4f735466cecf":"f.88D07AF495C6772688D01791A41D8CAC.d.BC1F3DFEE25516EB417C4A2C9EE0A4C0.e.1783","ELEMENT":"f.88D07AF495C6772688D01791A41D8CAC.d.BC1F3DFEE25516EB417C4A2C9EE0A4C0.e.1783"}]}
COMMAND: GET /session/0f9fc47df39b2636afa0727ce1e2e785/screenshot - {}
RESULT: {}
RESULT: {"script":"<script> [5351 bytes]","args":[{"element-6066-11e4-a52e-4f735466cecf":"f.88D07AF495C6772688D01791A41D8CAC.d.BC1F3DFEE25516EB417C4A2C9EE0A4C0.e.1783","ELEMENT":"f.88D07AF495C6772688D01791A41D8CAC.d.BC1F3DFEE25516EB417C4A2C9EE0A4C0.e.1783"}]}
COMMAND: POST /session/0f9fc47df39b2636afa0727ce1e2e785/element/f.88D07AF495C6772688D01791A41D8CAC.d.BC1F3DFEE25516EB417C4A2C9EE0A4C0.e.1783/click - {}
COMMAND: GET /session/0f9fc47df39b2636afa0727ce1e2e785/screenshot - {}
RESULT: {}
RESULT: {}
COMMAND: GET /session/0f9fc47df39b2636afa0727ce1e2e785/screenshot - {}
COMMAND: POST /session/0f9fc47df39b2636afa0727ce1e2e785/element - {"using":"xpath","value":"//input[@id=\"application-managesites-display-component---NewSite--siteId-inner\"]"}
RESULT: {}
RESULT: {}
RESULT: {"using":"xpath","value":"//input[@id=\"application-managesites-display-component---NewSite--siteId-inner\"]"}
COMMAND: POST /session/0f9fc47df39b2636afa0727ce1e2e785/element - {"using":"xpath","value":"//input[@id=\"application-managesites-display-component---NewSite--siteId-inner\"]"}
RESULT: {"using":"xpath","value":"//input[@id=\"application-managesites-display-component---NewSite--siteId-inner\"]"}
COMMAND: POST /session/0f9fc47df39b2636afa0727ce1e2e785/execute/async - {"script":"<script> [1562 bytes]","args":[{"selector":{"id":"application-managesites-display-component---NewSite--addressDetailDetailsName1","interaction":{"idSuffix":"inner"}},"wdio_ui5_key":"applicationmanagesites-display-component---NewSite--addressDetailDetailsName1"}]}
RESULT: {"script":"<script> [1562 bytes]","args":[{"selector":{"id":"application-managesites-display-component---NewSite--addressDetailDetailsName1","interaction":{"idSuffix":"inner"}},"wdio_ui5_key":"applicationmanagesites-display-component---NewSite--addressDetailDetailsName1"}]}
RESULT: undefined
COMMAND: POST /session/0f9fc47df39b2636afa0727ce1e2e785/execute/async - {"script":"<script> [776 bytes]","args":[{"enterText":"Other Type Site WDIO","selector":{"id":"application-managesites-display-component---NewSite--addressDetailDetailsName1","interaction":{"idSuffix":"inner"}},"clearTextFirst":true,"interactionType":"ENTER_TEXT"}]}
RESULT: {"script":"<script> [776 bytes]","args":[{"enterText":"Other Type Site WDIO","selector":{"id":"application-managesites-display-component---NewSite--addressDetailDetailsName1","interaction":{"idSuffix":"inner"}},"clearTextFirst":true,"interactionType":"ENTER_TEXT"}]}
COMMAND: POST /session/0f9fc47df39b2636afa0727ce1e2e785/execute/async - {"script":"<script> [1562 bytes]","args":[{"selector":{"id":"application-managesites-display-component---NewSite--addressDetailDetailsLanguage-arrow"},"wdio_ui5_key":"applicationmanagesites-display-component---NewSite--addressDetailDetailsLanguage-arrow"}]}
RESULT: {"script":"<script> [1562 bytes]","args":[{"selector":{"id":"application-managesites-display-component---NewSite--addressDetailDetailsLanguage-arrow"},"wdio_ui5_key":"applicationmanagesites-display-component---NewSite--addressDetailDetailsLanguage-arrow"}]}
RESULT: undefined
COMMAND: POST /session/0f9fc47df39b2636afa0727ce1e2e785/element - {"using":"xpath","value":"//*[@id=\"application-managesites-display-component---NewSite--addressDetailDetailsLanguage-arrow\"]"}
RESULT: {"using":"xpath","value":"//*[@id=\"application-managesites-display-component---NewSite--addressDetailDetailsLanguage-arrow\"]"}
COMMAND: POST /session/0f9fc47df39b2636afa0727ce1e2e785/element/f.88D07AF495C6772688D01791A41D8CAC.d.BC1F3DFEE25516EB417C4A2C9EE0A4C0.e.2165/click - {}
RESULT: {}
COMMAND: POST /session/0f9fc47df39b2636afa0727ce1e2e785/element - {"using":"xpath","value":"//span[contains(text(), \"English\")]"}
COMMAND: GET /session/0f9fc47df39b2636afa0727ce1e2e785/screenshot - {}
RESULT: {"using":"xpath","value":"//span[contains(text(), \"English\")]"}
COMMAND: POST /session/0f9fc47df39b2636afa0727ce1e2e785/element/f.88D07AF495C6772688D01791A41D8CAC.d.BC1F3DFEE25516EB417C4A2C9EE0A4C0.e.2166/click - {}
RESULT: {}
RESULT: {}
COMMAND: POST /session/0f9fc47df39b2636afa0727ce1e2e785/execute/async - {"script":"<script> [1562 bytes]","args":[{"selector":{"id":"application-managesites-display-component---NewSite--addressDetailDetailsCity1","interaction":{"idSuffix":"inner"}},"wdio_ui5_key":"applicationmanagesites-display-component---NewSite--addressDetailDetailsCity1"}]}
COMMAND: GET /session/0f9fc47df39b2636afa0727ce1e2e785/screenshot - {}
RESULT: {"script":"<script> [1562 bytes]","args":[{"selector":{"id":"application-managesites-display-component---NewSite--addressDetailDetailsCity1","interaction":{"idSuffix":"inner"}},"wdio_ui5_key":"applicationmanagesites-display-component---NewSite--addressDetailDetailsCity1"}]}
RESULT: undefined
COMMAND: POST /session/0f9fc47df39b2636afa0727ce1e2e785/execute/async - {"script":"<script> [776 bytes]","args":[{"enterText":"Rosario","selector":{"id":"application-managesites-display-component---NewSite--addressDetailDetailsCity1","interaction":{"idSuffix":"inner"}},"clearTextFirst":true,"interactionType":"ENTER_TEXT"}]}
RESULT: {}
RESULT: {"script":"<script> [776 bytes]","args":[{"enterText":"Rosario","selector":{"id":"application-managesites-display-component---NewSite--addressDetailDetailsCity1","interaction":{"idSuffix":"inner"}},"clearTextFirst":true,"interactionType":"ENTER_TEXT"}]}
COMMAND: POST /session/0f9fc47df39b2636afa0727ce1e2e785/execute/async - {"script":"<script> [1562 bytes]","args":[{"selector":{"id":"application-managesites-display-component---NewSite--addressDetailDetailsCountry-arrow"},"wdio_ui5_key":"applicationmanagesites-display-component---NewSite--addressDetailDetailsCountry-arrow"}]}
RESULT: {"script":"<script> [1562 bytes]","args":[{"selector":{"id":"application-managesites-display-component---NewSite--addressDetailDetailsCountry-arrow"},"wdio_ui5_key":"applicationmanagesites-display-component---NewSite--addressDetailDetailsCountry-arrow"}]}
RESULT: undefined
COMMAND: POST /session/0f9fc47df39b2636afa0727ce1e2e785/element - {"using":"xpath","value":"//*[@id=\"application-managesites-display-component---NewSite--addressDetailDetailsCountry-arrow\"]"}
RESULT: {"using":"xpath","value":"//*[@id=\"application-managesites-display-component---NewSite--addressDetailDetailsCountry-arrow\"]"}
COMMAND: POST /session/0f9fc47df39b2636afa0727ce1e2e785/element/f.88D07AF495C6772688D01791A41D8CAC.d.BC1F3DFEE25516EB417C4A2C9EE0A4C0.e.2168/click - {}
RESULT: {}
COMMAND: POST /session/0f9fc47df39b2636afa0727ce1e2e785/element - {"using":"xpath","value":"//span[contains(text(), \"Argentina\")]"}
COMMAND: GET /session/0f9fc47df39b2636afa0727ce1e2e785/screenshot - {}
RESULT: {"using":"xpath","value":"//span[contains(text(), \"Argentina\")]"}
COMMAND: POST /session/0f9fc47df39b2636afa0727ce1e2e785/element/f.88D07AF495C6772688D01791A41D8CAC.d.BC1F3DFEE25516EB417C4A2C9EE0A4C0.e.2169/click - {}
RESULT: {}
RESULT: {}
COMMAND: GET /session/0f9fc47df39b2636afa0727ce1e2e785/screenshot - {}
RESULT: {}
COMMAND: POST /session/0f9fc47df39b2636afa0727ce1e2e785/execute/async - {"script":"<script> [1562 bytes]","args":[{"selector":{"id":"application-managesites-display-component---NewSite--addressEditDetailsCostObjectCstType-arrow"},"wdio_ui5_key":"applicationmanagesites-display-component---NewSite--addressEditDetailsCostObjectCstType-arrow"}]}
RESULT: {"script":"<script> [1562 bytes]","args":[{"selector":{"id":"application-managesites-display-component---NewSite--addressEditDetailsCostObjectCstType-arrow"},"wdio_ui5_key":"applicationmanagesites-display-component---NewSite--addressEditDetailsCostObjectCstType-arrow"}]}
RESULT: undefined
COMMAND: POST /session/0f9fc47df39b2636afa0727ce1e2e785/element - {"using":"xpath","value":"//*[@id=\"application-managesites-display-component---NewSite--addressEditDetailsCostObjectCstType-arrow\"]"}
RESULT: {"using":"xpath","value":"//*[@id=\"application-managesites-display-component---NewSite--addressEditDetailsCostObjectCstType-arrow\"]"}
COMMAND: POST /session/0f9fc47df39b2636afa0727ce1e2e785/element/f.88D07AF495C6772688D01791A41D8CAC.d.BC1F3DFEE25516EB417C4A2C9EE0A4C0.e.2171/click - {}
RESULT: {}
COMMAND: POST /session/0f9fc47df39b2636afa0727ce1e2e785/element - {"using":"xpath","value":"//span[contains(text(), \"Cost Center\")]"}
COMMAND: GET /session/0f9fc47df39b2636afa0727ce1e2e785/screenshot - {}
RESULT: {"using":"xpath","value":"//span[contains(text(), \"Cost Center\")]"}
COMMAND: POST /session/0f9fc47df39b2636afa0727ce1e2e785/element/f.88D07AF495C6772688D01791A41D8CAC.d.BC1F3DFEE25516EB417C4A2C9EE0A4C0.e.2173/click - {}
RESULT: {}
RESULT: {}
COMMAND: GET /session/0f9fc47df39b2636afa0727ce1e2e785/screenshot - {}
RESULT: {}
COMMAND: POST /session/0f9fc47df39b2636afa0727ce1e2e785/element - {"using":"xpath","value":"//span[@id=\"application-managesites-display-component---NewSite--addressNewCostObjectCstID-vhi\"]"}
RESULT: {"using":"xpath","value":"//span[@id=\"application-managesites-display-component---NewSite--addressNewCostObjectCstID-vhi\"]"}
COMMAND: POST /session/0f9fc47df39b2636afa0727ce1e2e785/execute/sync - {"script":"<script> [8489 bytes]","args":[{"element-6066-11e4-a52e-4f735466cecf":"f.88D07AF495C6772688D01791A41D8CAC.d.BC1F3DFEE25516EB417C4A2C9EE0A4C0.e.2177","ELEMENT":"f.88D07AF495C6772688D01791A41D8CAC.d.BC1F3DFEE25516EB417C4A2C9EE0A4C0.e.2177"}]}
RESULT: {"script":"<script> [8489 bytes]","args":[{"element-6066-11e4-a52e-4f735466cecf":"f.88D07AF495C6772688D01791A41D8CAC.d.BC1F3DFEE25516EB417C4A2C9EE0A4C0.e.2177","ELEMENT":"f.88D07AF495C6772688D01791A41D8CAC.d.BC1F3DFEE25516EB417C4A2C9EE0A4C0.e.2177"}]}
COMMAND: POST /session/0f9fc47df39b2636afa0727ce1e2e785/execute/async - {"script":"<script> [1562 bytes]","args":[{"selector":{"id":"application-managesites-display-component---NewSite--addressNewCostObjectCstID-vhi"},"wdio_ui5_key":"applicationmanagesites-display-component---NewSite--addressNewCostObjectCstID-vhi"}]}
COMMAND: GET /session/0f9fc47df39b2636afa0727ce1e2e785/screenshot - {}
RESULT: {"script":"<script> [1562 bytes]","args":[{"selector":{"id":"application-managesites-display-component---NewSite--addressNewCostObjectCstID-vhi"},"wdio_ui5_key":"applicationmanagesites-display-component---NewSite--addressNewCostObjectCstID-vhi"}]}
RESULT: undefined
COMMAND: POST /session/0f9fc47df39b2636afa0727ce1e2e785/element - {"using":"xpath","value":"//*[@id=\"application-managesites-display-component---NewSite--addressNewCostObjectCstID-vhi\"]"}
RESULT: {}
RESULT: {"using":"xpath","value":"//*[@id=\"application-managesites-display-component---NewSite--addressNewCostObjectCstID-vhi\"]"}
COMMAND: POST /session/0f9fc47df39b2636afa0727ce1e2e785/element/f.88D07AF495C6772688D01791A41D8CAC.d.BC1F3DFEE25516EB417C4A2C9EE0A4C0.e.2177/click - {}
RESULT: {}
COMMAND: GET /session/0f9fc47df39b2636afa0727ce1e2e785/screenshot - {}
RESULT: {}
RESULT: undefined
COMMAND: POST /session/0f9fc47df39b2636afa0727ce1e2e785/execute/async - {"script":"<script> [776 bytes]","args":[{"enterText":"10001013","selector":{"controlType":"sap.m.SearchField","properties":{"placeholder":"Search"},"searchOpenDialogs":true,"interaction":{"idSuffix":"I"}},"clearTextFirst":true,"interactionType":"ENTER_TEXT"}]}
RESULT: {"script":"<script> [776 bytes]","args":[{"enterText":"10001013","selector":{"controlType":"sap.m.SearchField","properties":{"placeholder":"Search"},"searchOpenDialogs":true,"interaction":{"idSuffix":"I"}},"clearTextFirst":true,"interactionType":"ENTER_TEXT"}]}
COMMAND: POST /session/0f9fc47df39b2636afa0727ce1e2e785/actions - {"actions":[{"id":"action3","type":"key","parameters":{},"actions":[{"type":"keyDown","value":"î€‡"},{"type":"pause","duration":10},{"type":"keyUp","value":"î€‡"}]}]}
RESULT: {"actions":[{"id":"action3","type":"key","parameters":{},"actions":[{"type":"keyDown","value":"î€‡"},{"type":"pause","duration":10},{"type":"keyUp","value":"î€‡"}]}]}
COMMAND: GET /session/0f9fc47df39b2636afa0727ce1e2e785/screenshot - {}
RESULT: {}
COMMAND: POST /session/0f9fc47df39b2636afa0727ce1e2e785/element - {"using":"xpath","value":"//span[contains(text(), \"General Management\")]"}
RESULT: {"using":"xpath","value":"//span[contains(text(), \"General Management\")]"}
COMMAND: POST /session/0f9fc47df39b2636afa0727ce1e2e785/element/f.88D07AF495C6772688D01791A41D8CAC.d.BC1F3DFEE25516EB417C4A2C9EE0A4C0.e.2217/click - {}
RESULT: {}
COMMAND: GET /session/0f9fc47df39b2636afa0727ce1e2e785/screenshot - {}
RESULT: {}
COMMAND: POST /session/0f9fc47df39b2636afa0727ce1e2e785/element - {"using":"xpath","value":"//bdi[contains(text(), \"OK\")]"}
RESULT: {"using":"xpath","value":"//bdi[contains(text(), \"OK\")]"}
COMMAND: POST /session/0f9fc47df39b2636afa0727ce1e2e785/element/f.88D07AF495C6772688D01791A41D8CAC.d.BC1F3DFEE25516EB417C4A2C9EE0A4C0.e.2218/click - {}
RESULT: {}
COMMAND: GET /session/0f9fc47df39b2636afa0727ce1e2e785/screenshot - {}
RESULT: {}
COMMAND: POST /session/0f9fc47df39b2636afa0727ce1e2e785/element - {"using":"xpath","value":"//input[@id=\"application-managesites-display-component---NewSite--addressDetailDetailsCalendar-inner\"]"}
RESULT: {"using":"xpath","value":"//input[@id=\"application-managesites-display-component---NewSite--addressDetailDetailsCalendar-inner\"]"}
COMMAND: POST /session/0f9fc47df39b2636afa0727ce1e2e785/element/f.88D07AF495C6772688D01791A41D8CAC.d.BC1F3DFEE25516EB417C4A2C9EE0A4C0.e.1976/clear - {}
RESULT: {}
COMMAND: POST /session/0f9fc47df39b2636afa0727ce1e2e785/element/f.88D07AF495C6772688D01791A41D8CAC.d.BC1F3DFEE25516EB417C4A2C9EE0A4C0.e.1976/value - {"text":"Unit"}
COMMAND: GET /session/0f9fc47df39b2636afa0727ce1e2e785/screenshot - {}
RESULT: {}
RESULT: {"text":"Unit"}
COMMAND: GET /session/0f9fc47df39b2636afa0727ce1e2e785/screenshot - {}
RESULT: {}
COMMAND: POST /session/0f9fc47df39b2636afa0727ce1e2e785/actions - {"actions":[{"id":"action4","type":"key","parameters":{},"actions":[{"type":"keyDown","value":"î€‡"},{"type":"pause","duration":10},{"type":"keyUp","value":"î€‡"}]}]}
RESULT: {"actions":[{"id":"action4","type":"key","parameters":{},"actions":[{"type":"keyDown","value":"î€‡"},{"type":"pause","duration":10},{"type":"keyUp","value":"î€‡"}]}]}
COMMAND: POST /session/0f9fc47df39b2636afa0727ce1e2e785/element - {"using":"xpath","value":"//input[@id=\"application-managesites-display-component---NewSite--addressDetailDetailsYard-inner\"]"}
COMMAND: GET /session/0f9fc47df39b2636afa0727ce1e2e785/screenshot - {}
RESULT: {"using":"xpath","value":"//input[@id=\"application-managesites-display-component---NewSite--addressDetailDetailsYard-inner\"]"}
COMMAND: POST /session/0f9fc47df39b2636afa0727ce1e2e785/element/f.88D07AF495C6772688D01791A41D8CAC.d.BC1F3DFEE25516EB417C4A2C9EE0A4C0.e.1977/clear - {}
RESULT: {}
RESULT: {}
COMMAND: POST /session/0f9fc47df39b2636afa0727ce1e2e785/element/f.88D07AF495C6772688D01791A41D8CAC.d.BC1F3DFEE25516EB417C4A2C9EE0A4C0.e.1977/value - {"text":"379"}
COMMAND: GET /session/0f9fc47df39b2636afa0727ce1e2e785/screenshot - {}
RESULT: {"text":"379"}
COMMAND: GET /session/0f9fc47df39b2636afa0727ce1e2e785/screenshot - {}
RESULT: {}
RESULT: {}
COMMAND: POST /session/0f9fc47df39b2636afa0727ce1e2e785/element - {"using":"xpath","value":"//li[.//span[text()='379']]"}
RESULT: {"using":"xpath","value":"//li[.//span[text()='379']]"}
COMMAND: POST /session/0f9fc47df39b2636afa0727ce1e2e785/element/f.88D07AF495C6772688D01791A41D8CAC.d.BC1F3DFEE25516EB417C4A2C9EE0A4C0.e.2226/click - {}
RESULT: {}
COMMAND: GET /session/0f9fc47df39b2636afa0727ce1e2e785/screenshot - {}
RESULT: {}
COMMAND: POST /session/0f9fc47df39b2636afa0727ce1e2e785/element - {"using":"xpath","value":"//input[@id=\"application-managesites-display-component---NewSite--addressDetailDetailsPartner-inner\"]"}
RESULT: {"using":"xpath","value":"//input[@id=\"application-managesites-display-component---NewSite--addressDetailDetailsPartner-inner\"]"}
COMMAND: POST /session/0f9fc47df39b2636afa0727ce1e2e785/element - {"using":"xpath","value":"//input[@id=\"application-managesites-display-component---NewSite--addressDetailDetailsPartner-inner\"]"}
RESULT: {"using":"xpath","value":"//input[@id=\"application-managesites-display-component---NewSite--addressDetailDetailsPartner-inner\"]"}
COMMAND: POST /session/0f9fc47df39b2636afa0727ce1e2e785/element - {"using":"xpath","value":"//button[@data-kt=\"saveButton\"]"}
RESULT: {"using":"xpath","value":"//button[@data-kt=\"saveButton\"]"}
COMMAND: POST /session/0f9fc47df39b2636afa0727ce1e2e785/element/f.88D07AF495C6772688D01791A41D8CAC.d.BC1F3DFEE25516EB417C4A2C9EE0A4C0.e.2098/click - {}
RESULT: {}
COMMAND: GET /session/0f9fc47df39b2636afa0727ce1e2e785/screenshot - {}
RESULT: {}
COMMAND: POST /session/0f9fc47df39b2636afa0727ce1e2e785/element - {"using":"xpath","value":"//header[contains(@id, 'ObjectPageLayout-headerTitle')]/div[1]/div[2]/div[2]/span[1]"}
RESULT: {"using":"xpath","value":"//header[contains(@id, 'ObjectPageLayout-headerTitle')]/div[1]/div[2]/div[2]/span[1]"}
COMMAND: POST /session/0f9fc47df39b2636afa0727ce1e2e785/elements - {"using":"xpath","value":"//header[contains(@id, 'ObjectPageLayout-headerTitle')]/div[1]/div[2]/div[2]/span[1]"}
RESULT: {"using":"xpath","value":"//header[contains(@id, 'ObjectPageLayout-headerTitle')]/div[1]/div[2]/div[2]/span[1]"}
COMMAND: POST /session/0f9fc47df39b2636afa0727ce1e2e785/execute/sync - {"script":"<script> [56 bytes]","args":[{"element-6066-11e4-a52e-4f735466cecf":"f.88D07AF495C6772688D01791A41D8CAC.d.BC1F3DFEE25516EB417C4A2C9EE0A4C0.e.2429","ELEMENT":"f.88D07AF495C6772688D01791A41D8CAC.d.BC1F3DFEE25516EB417C4A2C9EE0A4C0.e.2429"}]}
RESULT: {"script":"<script> [56 bytes]","args":[{"element-6066-11e4-a52e-4f735466cecf":"f.88D07AF495C6772688D01791A41D8CAC.d.BC1F3DFEE25516EB417C4A2C9EE0A4C0.e.2429","ELEMENT":"f.88D07AF495C6772688D01791A41D8CAC.d.BC1F3DFEE25516EB417C4A2C9EE0A4C0.e.2429"}]}
COMMAND: POST /session/0f9fc47df39b2636afa0727ce1e2e785/element - {"using":"css selector","value":"#shell-header-logo"}
COMMAND: GET /session/0f9fc47df39b2636afa0727ce1e2e785/screenshot - {}
RESULT: {"using":"css selector","value":"#shell-header-logo"}
COMMAND: POST /session/0f9fc47df39b2636afa0727ce1e2e785/element/f.88D07AF495C6772688D01791A41D8CAC.d.BC1F3DFEE25516EB417C4A2C9EE0A4C0.e.1740/click - {}
RESULT: {}
RESULT: {}
COMMAND: GET /session/0f9fc47df39b2636afa0727ce1e2e785/screenshot - {}
RESULT: {}
COMMAND: POST /session/0f9fc47df39b2636afa0727ce1e2e785/execute/sync - {"script":"<script> [299 bytes]","args":[["getModel","getResource"]]}
RESULT: {"script":"<script> [299 bytes]","args":[["getModel","getResource"]]}
]]></system-out>
    </testcase>
    <testcase classname="chrome.136_0_7103_49.windows.Create_masterdata_for_Yard_Overview_-_trigger_provide_US130988" name="Should create a new material" time="124.862">
      <system-out><![CDATA[
COMMAND: GET /session/0f9fc47df39b2636afa0727ce1e2e785/screenshot - {}
COMMAND: POST /session/0f9fc47df39b2636afa0727ce1e2e785/execute/async - {"script":"<script> [1562 bytes]","args":[{"selector":{"controlType":"sap.m.GenericTile","properties":{"header":"Manage Resources"}},"wdio_ui5_key":"sapm.GenericTile{\"header\":\"Manage Resources\"}"}]}
RESULT: {}
RESULT: {"script":"<script> [1562 bytes]","args":[{"selector":{"controlType":"sap.m.GenericTile","properties":{"header":"Manage Resources"}},"wdio_ui5_key":"sapm.GenericTile{\"header\":\"Manage Resources\"}"}]}
RESULT: undefined
COMMAND: POST /session/0f9fc47df39b2636afa0727ce1e2e785/element - {"using":"xpath","value":"//*[@id=\"__tile39\"]"}
RESULT: {"using":"xpath","value":"//*[@id=\"__tile39\"]"}
COMMAND: POST /session/0f9fc47df39b2636afa0727ce1e2e785/element/f.88D07AF495C6772688D01791A41D8CAC.d.BC1F3DFEE25516EB417C4A2C9EE0A4C0.e.171/click - {}
RESULT: {}
COMMAND: GET /session/0f9fc47df39b2636afa0727ce1e2e785/screenshot - {}
RESULT: {}
COMMAND: POST /session/0f9fc47df39b2636afa0727ce1e2e785/elements - {"using":"xpath","value":"//span[text()='Error']"}
RESULT: {"using":"xpath","value":"//span[text()='Error']"}
COMMAND: POST /session/0f9fc47df39b2636afa0727ce1e2e785/element - {"using":"xpath","value":"//button[@data-kt=\"addNewRUOverflowToolbarButton\"]"}
RESULT: {"using":"xpath","value":"//button[@data-kt=\"addNewRUOverflowToolbarButton\"]"}
COMMAND: POST /session/0f9fc47df39b2636afa0727ce1e2e785/elements - {"using":"xpath","value":"//button[@data-kt=\"addNewRUOverflowToolbarButton\"]"}
RESULT: {"using":"xpath","value":"//button[@data-kt=\"addNewRUOverflowToolbarButton\"]"}
COMMAND: POST /session/0f9fc47df39b2636afa0727ce1e2e785/elements - {"using":"xpath","value":"//button[@data-kt=\"addNewRUOverflowToolbarButton\"]"}
RESULT: {"using":"xpath","value":"//button[@data-kt=\"addNewRUOverflowToolbarButton\"]"}
COMMAND: POST /session/0f9fc47df39b2636afa0727ce1e2e785/element - {"using":"xpath","value":"//button[@data-kt=\"addNewRUOverflowToolbarButton\"]"}
RESULT: {"using":"xpath","value":"//button[@data-kt=\"addNewRUOverflowToolbarButton\"]"}
COMMAND: POST /session/0f9fc47df39b2636afa0727ce1e2e785/execute/sync - {"script":"<script> [8489 bytes]","args":[{"element-6066-11e4-a52e-4f735466cecf":"f.88D07AF495C6772688D01791A41D8CAC.d.BC1F3DFEE25516EB417C4A2C9EE0A4C0.e.2472","ELEMENT":"f.88D07AF495C6772688D01791A41D8CAC.d.BC1F3DFEE25516EB417C4A2C9EE0A4C0.e.2472"}]}
RESULT: {"script":"<script> [8489 bytes]","args":[{"element-6066-11e4-a52e-4f735466cecf":"f.88D07AF495C6772688D01791A41D8CAC.d.BC1F3DFEE25516EB417C4A2C9EE0A4C0.e.2472","ELEMENT":"f.88D07AF495C6772688D01791A41D8CAC.d.BC1F3DFEE25516EB417C4A2C9EE0A4C0.e.2472"}]}
COMMAND: GET /session/0f9fc47df39b2636afa0727ce1e2e785/element/f.88D07AF495C6772688D01791A41D8CAC.d.BC1F3DFEE25516EB417C4A2C9EE0A4C0.e.2472/enabled - {}
COMMAND: GET /session/0f9fc47df39b2636afa0727ce1e2e785/screenshot - {}
RESULT: {}
COMMAND: POST /session/0f9fc47df39b2636afa0727ce1e2e785/execute/sync - {"script":"<script> [8489 bytes]","args":[{"element-6066-11e4-a52e-4f735466cecf":"f.88D07AF495C6772688D01791A41D8CAC.d.BC1F3DFEE25516EB417C4A2C9EE0A4C0.e.2472","ELEMENT":"f.88D07AF495C6772688D01791A41D8CAC.d.BC1F3DFEE25516EB417C4A2C9EE0A4C0.e.2472"}]}
COMMAND: GET /session/0f9fc47df39b2636afa0727ce1e2e785/screenshot - {}
RESULT: {}
RESULT: {"script":"<script> [8489 bytes]","args":[{"element-6066-11e4-a52e-4f735466cecf":"f.88D07AF495C6772688D01791A41D8CAC.d.BC1F3DFEE25516EB417C4A2C9EE0A4C0.e.2472","ELEMENT":"f.88D07AF495C6772688D01791A41D8CAC.d.BC1F3DFEE25516EB417C4A2C9EE0A4C0.e.2472"}]}
COMMAND: POST /session/0f9fc47df39b2636afa0727ce1e2e785/execute/sync - {"script":"<script> [5351 bytes]","args":[{"element-6066-11e4-a52e-4f735466cecf":"f.88D07AF495C6772688D01791A41D8CAC.d.BC1F3DFEE25516EB417C4A2C9EE0A4C0.e.2472","ELEMENT":"f.88D07AF495C6772688D01791A41D8CAC.d.BC1F3DFEE25516EB417C4A2C9EE0A4C0.e.2472"}]}
COMMAND: GET /session/0f9fc47df39b2636afa0727ce1e2e785/screenshot - {}
RESULT: {}
RESULT: {}
RESULT: {"script":"<script> [5351 bytes]","args":[{"element-6066-11e4-a52e-4f735466cecf":"f.88D07AF495C6772688D01791A41D8CAC.d.BC1F3DFEE25516EB417C4A2C9EE0A4C0.e.2472","ELEMENT":"f.88D07AF495C6772688D01791A41D8CAC.d.BC1F3DFEE25516EB417C4A2C9EE0A4C0.e.2472"}]}
COMMAND: POST /session/0f9fc47df39b2636afa0727ce1e2e785/element/f.88D07AF495C6772688D01791A41D8CAC.d.BC1F3DFEE25516EB417C4A2C9EE0A4C0.e.2472/click - {}
COMMAND: GET /session/0f9fc47df39b2636afa0727ce1e2e785/screenshot - {}
RESULT: {}
COMMAND: GET /session/0f9fc47df39b2636afa0727ce1e2e785/screenshot - {}
RESULT: {}
COMMAND: POST /session/0f9fc47df39b2636afa0727ce1e2e785/execute/async - {"script":"<script> [1562 bytes]","args":[{"selector":{"id":"application-manageresources-display-component---newResourceUnit--TYPE-arrow"},"wdio_ui5_key":"applicationmanageresources-display-component---newResourceUnit--TYPE-arrow"}]}
RESULT: {}
RESULT: {"script":"<script> [1562 bytes]","args":[{"selector":{"id":"application-manageresources-display-component---newResourceUnit--TYPE-arrow"},"wdio_ui5_key":"applicationmanageresources-display-component---newResourceUnit--TYPE-arrow"}]}
RESULT: undefined
COMMAND: POST /session/0f9fc47df39b2636afa0727ce1e2e785/element - {"using":"xpath","value":"//*[@id=\"application-manageresources-display-component---newResourceUnit--TYPE-arrow\"]"}
RESULT: {"using":"xpath","value":"//*[@id=\"application-manageresources-display-component---newResourceUnit--TYPE-arrow\"]"}
COMMAND: POST /session/0f9fc47df39b2636afa0727ce1e2e785/element/f.88D07AF495C6772688D01791A41D8CAC.d.BC1F3DFEE25516EB417C4A2C9EE0A4C0.e.2816/click - {}
RESULT: {}
COMMAND: POST /session/0f9fc47df39b2636afa0727ce1e2e785/element - {"using":"xpath","value":"//input[@id=\"application-manageresources-display-component---newResourceUnit--TYPE-inner\"]"}
COMMAND: GET /session/0f9fc47df39b2636afa0727ce1e2e785/screenshot - {}
RESULT: {"using":"xpath","value":"//input[@id=\"application-manageresources-display-component---newResourceUnit--TYPE-inner\"]"}
COMMAND: POST /session/0f9fc47df39b2636afa0727ce1e2e785/element/f.88D07AF495C6772688D01791A41D8CAC.d.BC1F3DFEE25516EB417C4A2C9EE0A4C0.e.2812/clear - {}
RESULT: {}
RESULT: {}
COMMAND: POST /session/0f9fc47df39b2636afa0727ce1e2e785/element/f.88D07AF495C6772688D01791A41D8CAC.d.BC1F3DFEE25516EB417C4A2C9EE0A4C0.e.2812/value - {"text":"Material"}
COMMAND: GET /session/0f9fc47df39b2636afa0727ce1e2e785/screenshot - {}
RESULT: {"text":"Material"}
COMMAND: GET /session/0f9fc47df39b2636afa0727ce1e2e785/screenshot - {}
RESULT: {}
RESULT: {}
COMMAND: POST /session/0f9fc47df39b2636afa0727ce1e2e785/actions - {"actions":[{"id":"action5","type":"key","parameters":{},"actions":[{"type":"keyDown","value":"î€‡"},{"type":"pause","duration":10},{"type":"keyUp","value":"î€‡"}]}]}
RESULT: {"actions":[{"id":"action5","type":"key","parameters":{},"actions":[{"type":"keyDown","value":"î€‡"},{"type":"pause","duration":10},{"type":"keyUp","value":"î€‡"}]}]}
COMMAND: POST /session/0f9fc47df39b2636afa0727ce1e2e785/execute/async - {"script":"<script> [1562 bytes]","args":[{"selector":{"id":"application-manageresources-display-component---newResourceUnit--SHORT_TEXT","interaction":{"idSuffix":"inner"}},"wdio_ui5_key":"applicationmanageresources-display-component---newResourceUnit--SHORT_TEXT"}]}
COMMAND: GET /session/0f9fc47df39b2636afa0727ce1e2e785/screenshot - {}
RESULT: {"script":"<script> [1562 bytes]","args":[{"selector":{"id":"application-manageresources-display-component---newResourceUnit--SHORT_TEXT","interaction":{"idSuffix":"inner"}},"wdio_ui5_key":"applicationmanageresources-display-component---newResourceUnit--SHORT_TEXT"}]}
RESULT: undefined
COMMAND: POST /session/0f9fc47df39b2636afa0727ce1e2e785/execute/async - {"script":"<script> [776 bytes]","args":[{"enterText":"Cement WDIO","selector":{"id":"application-manageresources-display-component---newResourceUnit--SHORT_TEXT","interaction":{"idSuffix":"inner"}},"clearTextFirst":true,"interactionType":"ENTER_TEXT"}]}
RESULT: {}
RESULT: {"script":"<script> [776 bytes]","args":[{"enterText":"Cement WDIO","selector":{"id":"application-manageresources-display-component---newResourceUnit--SHORT_TEXT","interaction":{"idSuffix":"inner"}},"clearTextFirst":true,"interactionType":"ENTER_TEXT"}]}
COMMAND: POST /session/0f9fc47df39b2636afa0727ce1e2e785/execute/async - {"script":"<script> [1562 bytes]","args":[{"selector":{"id":"application-manageresources-display-component---newResourceUnit--BASE_UNIT_OF_MEASURE","interaction":{"idSuffix":"inner"}},"wdio_ui5_key":"applicationmanageresources-display-component---newResourceUnit--BASE_UNIT_OF_MEASURE"}]}
RESULT: {"script":"<script> [1562 bytes]","args":[{"selector":{"id":"application-manageresources-display-component---newResourceUnit--BASE_UNIT_OF_MEASURE","interaction":{"idSuffix":"inner"}},"wdio_ui5_key":"applicationmanageresources-display-component---newResourceUnit--BASE_UNIT_OF_MEASURE"}]}
RESULT: undefined
COMMAND: POST /session/0f9fc47df39b2636afa0727ce1e2e785/execute/async - {"script":"<script> [776 bytes]","args":[{"enterText":"Piece","selector":{"id":"application-manageresources-display-component---newResourceUnit--BASE_UNIT_OF_MEASURE","interaction":{"idSuffix":"inner"}},"clearTextFirst":true,"interactionType":"ENTER_TEXT"}]}
RESULT: {"script":"<script> [776 bytes]","args":[{"enterText":"Piece","selector":{"id":"application-manageresources-display-component---newResourceUnit--BASE_UNIT_OF_MEASURE","interaction":{"idSuffix":"inner"}},"clearTextFirst":true,"interactionType":"ENTER_TEXT"}]}
COMMAND: POST /session/0f9fc47df39b2636afa0727ce1e2e785/execute/async - {"script":"<script> [1562 bytes]","args":[{"selector":{"id":"application-manageresources-display-component---newResourceUnit--WEIGHT_UNIT","interaction":{"idSuffix":"inner"}},"wdio_ui5_key":"applicationmanageresources-display-component---newResourceUnit--WEIGHT_UNIT"}]}
RESULT: {"script":"<script> [1562 bytes]","args":[{"selector":{"id":"application-manageresources-display-component---newResourceUnit--WEIGHT_UNIT","interaction":{"idSuffix":"inner"}},"wdio_ui5_key":"applicationmanageresources-display-component---newResourceUnit--WEIGHT_UNIT"}]}
RESULT: undefined
COMMAND: POST /session/0f9fc47df39b2636afa0727ce1e2e785/execute/async - {"script":"<script> [776 bytes]","args":[{"enterText":"Gram","selector":{"id":"application-manageresources-display-component---newResourceUnit--WEIGHT_UNIT","interaction":{"idSuffix":"inner"}},"clearTextFirst":true,"interactionType":"ENTER_TEXT"}]}
RESULT: {"script":"<script> [776 bytes]","args":[{"enterText":"Gram","selector":{"id":"application-manageresources-display-component---newResourceUnit--WEIGHT_UNIT","interaction":{"idSuffix":"inner"}},"clearTextFirst":true,"interactionType":"ENTER_TEXT"}]}
COMMAND: POST /session/0f9fc47df39b2636afa0727ce1e2e785/execute/async - {"script":"<script> [1562 bytes]","args":[{"selector":{"id":"application-manageresources-display-component---newResourceUnit--DIMENSION_UNIT","interaction":{"idSuffix":"inner"}},"wdio_ui5_key":"applicationmanageresources-display-component---newResourceUnit--DIMENSION_UNIT"}]}
RESULT: {"script":"<script> [1562 bytes]","args":[{"selector":{"id":"application-manageresources-display-component---newResourceUnit--DIMENSION_UNIT","interaction":{"idSuffix":"inner"}},"wdio_ui5_key":"applicationmanageresources-display-component---newResourceUnit--DIMENSION_UNIT"}]}
RESULT: undefined
COMMAND: POST /session/0f9fc47df39b2636afa0727ce1e2e785/execute/async - {"script":"<script> [776 bytes]","args":[{"enterText":"Meter","selector":{"id":"application-manageresources-display-component---newResourceUnit--DIMENSION_UNIT","interaction":{"idSuffix":"inner"}},"clearTextFirst":true,"interactionType":"ENTER_TEXT"}]}
RESULT: {"script":"<script> [776 bytes]","args":[{"enterText":"Meter","selector":{"id":"application-manageresources-display-component---newResourceUnit--DIMENSION_UNIT","interaction":{"idSuffix":"inner"}},"clearTextFirst":true,"interactionType":"ENTER_TEXT"}]}
COMMAND: POST /session/0f9fc47df39b2636afa0727ce1e2e785/execute/async - {"script":"<script> [1562 bytes]","args":[{"selector":{"id":"application-manageresources-display-component---newResourceUnit--newRRUPage-anchBar-application-manageresources-display-component---newResourceUnit--control-anchor","interaction":{"idSuffix":"BDI-content"}},"wdio_ui5_key":"applicationmanageresources-display-component---newResourceUnit--newRRUPage-anchBar-application-manageresources-display-component---newResourceUnit--control-anchor"}]}
RESULT: {"script":"<script> [1562 bytes]","args":[{"selector":{"id":"application-manageresources-display-component---newResourceUnit--newRRUPage-anchBar-application-manageresources-display-component---newResourceUnit--control-anchor","interaction":{"idSuffix":"BDI-content"}},"wdio_ui5_key":"applicationmanageresources-display-component---newResourceUnit--newRRUPage-anchBar-application-manageresources-display-component---newResourceUnit--control-anchor"}]}
RESULT: undefined
COMMAND: POST /session/0f9fc47df39b2636afa0727ce1e2e785/element - {"using":"xpath","value":"//*[@id=\"application-manageresources-display-component---newResourceUnit--newRRUPage-anchBar-application-manageresources-display-component---newResourceUnit--control-anchor\"]"}
RESULT: {"using":"xpath","value":"//*[@id=\"application-manageresources-display-component---newResourceUnit--newRRUPage-anchBar-application-manageresources-display-component---newResourceUnit--control-anchor\"]"}
COMMAND: POST /session/0f9fc47df39b2636afa0727ce1e2e785/element/f.88D07AF495C6772688D01791A41D8CAC.d.BC1F3DFEE25516EB417C4A2C9EE0A4C0.e.2881/click - {}
RESULT: {}
COMMAND: POST /session/0f9fc47df39b2636afa0727ce1e2e785/execute/async - {"script":"<script> [1562 bytes]","args":[{"selector":{"id":"application-manageresources-display-component---newResourceUnit--PLANNING_GROUP","interaction":{"idSuffix":"inner"}},"wdio_ui5_key":"applicationmanageresources-display-component---newResourceUnit--PLANNING_GROUP"}]}
COMMAND: GET /session/0f9fc47df39b2636afa0727ce1e2e785/screenshot - {}
RESULT: {"script":"<script> [1562 bytes]","args":[{"selector":{"id":"application-manageresources-display-component---newResourceUnit--PLANNING_GROUP","interaction":{"idSuffix":"inner"}},"wdio_ui5_key":"applicationmanageresources-display-component---newResourceUnit--PLANNING_GROUP"}]}
RESULT: undefined
COMMAND: POST /session/0f9fc47df39b2636afa0727ce1e2e785/execute/async - {"script":"<script> [776 bytes]","args":[{"enterText":"Material","selector":{"id":"application-manageresources-display-component---newResourceUnit--PLANNING_GROUP","interaction":{"idSuffix":"inner"}},"clearTextFirst":true,"interactionType":"ENTER_TEXT"}]}
RESULT: {}
RESULT: {"script":"<script> [776 bytes]","args":[{"enterText":"Material","selector":{"id":"application-manageresources-display-component---newResourceUnit--PLANNING_GROUP","interaction":{"idSuffix":"inner"}},"clearTextFirst":true,"interactionType":"ENTER_TEXT"}]}
COMMAND: POST /session/0f9fc47df39b2636afa0727ce1e2e785/execute/async - {"script":"<script> [1562 bytes]","args":[{"selector":{"id":"application-manageresources-display-component---newResourceUnit--PLANNING_INDICATOR","interaction":{"idSuffix":"inner"}},"wdio_ui5_key":"applicationmanageresources-display-component---newResourceUnit--PLANNING_INDICATOR"}]}
RESULT: {"script":"<script> [1562 bytes]","args":[{"selector":{"id":"application-manageresources-display-component---newResourceUnit--PLANNING_INDICATOR","interaction":{"idSuffix":"inner"}},"wdio_ui5_key":"applicationmanageresources-display-component---newResourceUnit--PLANNING_INDICATOR"}]}
RESULT: undefined
COMMAND: POST /session/0f9fc47df39b2636afa0727ce1e2e785/execute/async - {"script":"<script> [776 bytes]","args":[{"enterText":"10 - infinite","selector":{"id":"application-manageresources-display-component---newResourceUnit--PLANNING_INDICATOR","interaction":{"idSuffix":"inner"}},"clearTextFirst":true,"interactionType":"ENTER_TEXT"}]}
RESULT: {"script":"<script> [776 bytes]","args":[{"enterText":"10 - infinite","selector":{"id":"application-manageresources-display-component---newResourceUnit--PLANNING_INDICATOR","interaction":{"idSuffix":"inner"}},"clearTextFirst":true,"interactionType":"ENTER_TEXT"}]}
COMMAND: POST /session/0f9fc47df39b2636afa0727ce1e2e785/element - {"using":"css selector","value":"#application-manageresources-display-component---newResourceUnit--btnAddTimeSegment"}
RESULT: {"using":"css selector","value":"#application-manageresources-display-component---newResourceUnit--btnAddTimeSegment"}
COMMAND: GET /session/0f9fc47df39b2636afa0727ce1e2e785/element/f.88D07AF495C6772688D01791A41D8CAC.d.BC1F3DFEE25516EB417C4A2C9EE0A4C0.e.2889/rect - {}
RESULT: {}
COMMAND: GET /session/0f9fc47df39b2636afa0727ce1e2e785/window/rect - {}
RESULT: {}
COMMAND: POST /session/0f9fc47df39b2636afa0727ce1e2e785/execute/sync - {"script":"<script> [92 bytes]","args":[]}
RESULT: {"script":"<script> [92 bytes]","args":[]}
COMMAND: POST /session/0f9fc47df39b2636afa0727ce1e2e785/actions - {"actions":[{"id":"action6","type":"wheel","parameters":{},"actions":[{"type":"scroll","x":-1888,"y":-32,"deltaX":0,"deltaY":0,"duration":0,"origin":{"element-6066-11e4-a52e-4f735466cecf":"f.88D07AF495C6772688D01791A41D8CAC.d.BC1F3DFEE25516EB417C4A2C9EE0A4C0.e.2889"}}]}]}
COMMAND: GET /session/0f9fc47df39b2636afa0727ce1e2e785/screenshot - {}
RESULT: {}
COMMAND: POST /session/0f9fc47df39b2636afa0727ce1e2e785/execute/sync - {"script":"<script> [79 bytes]","args":[{"element-6066-11e4-a52e-4f735466cecf":"f.88D07AF495C6772688D01791A41D8CAC.d.BC1F3DFEE25516EB417C4A2C9EE0A4C0.e.2889","ELEMENT":"f.88D07AF495C6772688D01791A41D8CAC.d.BC1F3DFEE25516EB417C4A2C9EE0A4C0.e.2889"},{"block":"start","inline":"nearest"}]}
RESULT: {"script":"<script> [79 bytes]","args":[{"element-6066-11e4-a52e-4f735466cecf":"f.88D07AF495C6772688D01791A41D8CAC.d.BC1F3DFEE25516EB417C4A2C9EE0A4C0.e.2889","ELEMENT":"f.88D07AF495C6772688D01791A41D8CAC.d.BC1F3DFEE25516EB417C4A2C9EE0A4C0.e.2889"},{"block":"start","inline":"nearest"}]}
COMMAND: POST /session/0f9fc47df39b2636afa0727ce1e2e785/execute/async - {"script":"<script> [1562 bytes]","args":[{"selector":{"id":"application-manageresources-display-component---newResourceUnit--btnAddTimeSegment","interaction":{"idSuffix":"inner"}},"wdio_ui5_key":"applicationmanageresources-display-component---newResourceUnit--btnAddTimeSegment"}]}
COMMAND: GET /session/0f9fc47df39b2636afa0727ce1e2e785/screenshot - {}
RESULT: {"script":"<script> [1562 bytes]","args":[{"selector":{"id":"application-manageresources-display-component---newResourceUnit--btnAddTimeSegment","interaction":{"idSuffix":"inner"}},"wdio_ui5_key":"applicationmanageresources-display-component---newResourceUnit--btnAddTimeSegment"}]}
RESULT: undefined
COMMAND: POST /session/0f9fc47df39b2636afa0727ce1e2e785/element - {"using":"xpath","value":"//*[@id=\"application-manageresources-display-component---newResourceUnit--btnAddTimeSegment\"]"}
RESULT: {}
RESULT: {"using":"xpath","value":"//*[@id=\"application-manageresources-display-component---newResourceUnit--btnAddTimeSegment\"]"}
COMMAND: POST /session/0f9fc47df39b2636afa0727ce1e2e785/element/f.88D07AF495C6772688D01791A41D8CAC.d.BC1F3DFEE25516EB417C4A2C9EE0A4C0.e.2889/click - {}
RESULT: {}
COMMAND: GET /session/0f9fc47df39b2636afa0727ce1e2e785/screenshot - {}
RESULT: {}
COMMAND: POST /session/0f9fc47df39b2636afa0727ce1e2e785/element - {"using":"xpath","value":"//input[@id=\"application-manageresources-display-component---newResourceUnit--idRuTSAdmin-application-manageresources-display-component---newResourceUnit--RUTimeSegment-0-inner\"]"}
RESULT: {"using":"xpath","value":"//input[@id=\"application-manageresources-display-component---newResourceUnit--idRuTSAdmin-application-manageresources-display-component---newResourceUnit--RUTimeSegment-0-inner\"]"}
COMMAND: POST /session/0f9fc47df39b2636afa0727ce1e2e785/element/f.88D07AF495C6772688D01791A41D8CAC.d.BC1F3DFEE25516EB417C4A2C9EE0A4C0.e.2894/clear - {}
RESULT: {}
COMMAND: POST /session/0f9fc47df39b2636afa0727ce1e2e785/element/f.88D07AF495C6772688D01791A41D8CAC.d.BC1F3DFEE25516EB417C4A2C9EE0A4C0.e.2894/value - {"text":"379"}
COMMAND: GET /session/0f9fc47df39b2636afa0727ce1e2e785/screenshot - {}
RESULT: {"text":"379"}
COMMAND: GET /session/0f9fc47df39b2636afa0727ce1e2e785/screenshot - {}
RESULT: {}
RESULT: {}
COMMAND: POST /session/0f9fc47df39b2636afa0727ce1e2e785/element - {"using":"xpath","value":"//li[.//span[text()='379']]"}
RESULT: {"using":"xpath","value":"//li[.//span[text()='379']]"}
COMMAND: POST /session/0f9fc47df39b2636afa0727ce1e2e785/element/f.88D07AF495C6772688D01791A41D8CAC.d.BC1F3DFEE25516EB417C4A2C9EE0A4C0.e.2903/click - {}
RESULT: {}
COMMAND: GET /session/0f9fc47df39b2636afa0727ce1e2e785/screenshot - {}
RESULT: {}
COMMAND: POST /session/0f9fc47df39b2636afa0727ce1e2e785/element - {"using":"xpath","value":"(//span[contains(@id, \"-application-manageresources-display-component---newResourceUnit--RUTimeSegment-0-arrow\")])[2]"}
RESULT: {"using":"xpath","value":"(//span[contains(@id, \"-application-manageresources-display-component---newResourceUnit--RUTimeSegment-0-arrow\")])[2]"}
COMMAND: POST /session/0f9fc47df39b2636afa0727ce1e2e785/element/f.88D07AF495C6772688D01791A41D8CAC.d.BC1F3DFEE25516EB417C4A2C9EE0A4C0.e.2904/click - {}
RESULT: {}
COMMAND: POST /session/0f9fc47df39b2636afa0727ce1e2e785/element - {"using":"xpath","value":"//span[contains(text(), \"PM Order\")]"}
COMMAND: GET /session/0f9fc47df39b2636afa0727ce1e2e785/screenshot - {}
RESULT: {"using":"xpath","value":"//span[contains(text(), \"PM Order\")]"}
COMMAND: POST /session/0f9fc47df39b2636afa0727ce1e2e785/element/f.88D07AF495C6772688D01791A41D8CAC.d.BC1F3DFEE25516EB417C4A2C9EE0A4C0.e.2905/click - {}
RESULT: {}
RESULT: {}
COMMAND: GET /session/0f9fc47df39b2636afa0727ce1e2e785/screenshot - {}
RESULT: {}
COMMAND: POST /session/0f9fc47df39b2636afa0727ce1e2e785/element - {"using":"xpath","value":"//td/div/div/div/span[contains(@id, \"newResourceUnit--RUTimeSegment-0-vhi\")][1]"}
RESULT: {"using":"xpath","value":"//td/div/div/div/span[contains(@id, \"newResourceUnit--RUTimeSegment-0-vhi\")][1]"}
COMMAND: GET /session/0f9fc47df39b2636afa0727ce1e2e785/element/f.88D07AF495C6772688D01791A41D8CAC.d.BC1F3DFEE25516EB417C4A2C9EE0A4C0.e.2909/rect - {}
RESULT: {}
COMMAND: GET /session/0f9fc47df39b2636afa0727ce1e2e785/window/rect - {}
RESULT: {}
COMMAND: POST /session/0f9fc47df39b2636afa0727ce1e2e785/execute/sync - {"script":"<script> [92 bytes]","args":[]}
RESULT: {"script":"<script> [92 bytes]","args":[]}
COMMAND: POST /session/0f9fc47df39b2636afa0727ce1e2e785/actions - {"actions":[{"id":"action7","type":"wheel","parameters":{},"actions":[{"type":"scroll","x":-1888,"y":-24,"deltaX":0,"deltaY":0,"duration":0,"origin":{"element-6066-11e4-a52e-4f735466cecf":"f.88D07AF495C6772688D01791A41D8CAC.d.BC1F3DFEE25516EB417C4A2C9EE0A4C0.e.2909"}}]}]}
COMMAND: GET /session/0f9fc47df39b2636afa0727ce1e2e785/screenshot - {}
RESULT: {}
COMMAND: POST /session/0f9fc47df39b2636afa0727ce1e2e785/execute/sync - {"script":"<script> [79 bytes]","args":[{"element-6066-11e4-a52e-4f735466cecf":"f.88D07AF495C6772688D01791A41D8CAC.d.BC1F3DFEE25516EB417C4A2C9EE0A4C0.e.2909","ELEMENT":"f.88D07AF495C6772688D01791A41D8CAC.d.BC1F3DFEE25516EB417C4A2C9EE0A4C0.e.2909"},{"block":"start","inline":"nearest"}]}
RESULT: {"script":"<script> [79 bytes]","args":[{"element-6066-11e4-a52e-4f735466cecf":"f.88D07AF495C6772688D01791A41D8CAC.d.BC1F3DFEE25516EB417C4A2C9EE0A4C0.e.2909","ELEMENT":"f.88D07AF495C6772688D01791A41D8CAC.d.BC1F3DFEE25516EB417C4A2C9EE0A4C0.e.2909"},{"block":"start","inline":"nearest"}]}
COMMAND: GET /session/0f9fc47df39b2636afa0727ce1e2e785/screenshot - {}
RESULT: {}
COMMAND: POST /session/0f9fc47df39b2636afa0727ce1e2e785/element/f.88D07AF495C6772688D01791A41D8CAC.d.BC1F3DFEE25516EB417C4A2C9EE0A4C0.e.2909/click - {}
RESULT: {}
COMMAND: GET /session/0f9fc47df39b2636afa0727ce1e2e785/screenshot - {}
RESULT: {}
RESULT: undefined
COMMAND: POST /session/0f9fc47df39b2636afa0727ce1e2e785/execute/async - {"script":"<script> [776 bytes]","args":[{"enterText":"4000360","selector":{"controlType":"sap.m.SearchField","properties":{"placeholder":"Search"},"searchOpenDialogs":true,"interaction":{"idSuffix":"I"}},"clearTextFirst":true,"interactionType":"ENTER_TEXT"}]}
RESULT: {"script":"<script> [776 bytes]","args":[{"enterText":"4000360","selector":{"controlType":"sap.m.SearchField","properties":{"placeholder":"Search"},"searchOpenDialogs":true,"interaction":{"idSuffix":"I"}},"clearTextFirst":true,"interactionType":"ENTER_TEXT"}]}
COMMAND: POST /session/0f9fc47df39b2636afa0727ce1e2e785/actions - {"actions":[{"id":"action8","type":"key","parameters":{},"actions":[{"type":"keyDown","value":"î€‡"},{"type":"pause","duration":10},{"type":"keyUp","value":"î€‡"}]}]}
RESULT: {"actions":[{"id":"action8","type":"key","parameters":{},"actions":[{"type":"keyDown","value":"î€‡"},{"type":"pause","duration":10},{"type":"keyUp","value":"î€‡"}]}]}
COMMAND: GET /session/0f9fc47df39b2636afa0727ce1e2e785/screenshot - {}
RESULT: {}
COMMAND: POST /session/0f9fc47df39b2636afa0727ce1e2e785/element - {"using":"xpath","value":"//td/div/span[contains(text(), \"BGL Vehicles\")]"}
RESULT: {"using":"xpath","value":"//td/div/span[contains(text(), \"BGL Vehicles\")]"}
COMMAND: POST /session/0f9fc47df39b2636afa0727ce1e2e785/element/f.88D07AF495C6772688D01791A41D8CAC.d.BC1F3DFEE25516EB417C4A2C9EE0A4C0.e.2929/click - {}
RESULT: {}
COMMAND: GET /session/0f9fc47df39b2636afa0727ce1e2e785/screenshot - {}
RESULT: {}
COMMAND: POST /session/0f9fc47df39b2636afa0727ce1e2e785/element - {"using":"xpath","value":"//bdi[contains(text(), \"OK\")]"}
RESULT: {"using":"xpath","value":"//bdi[contains(text(), \"OK\")]"}
COMMAND: POST /session/0f9fc47df39b2636afa0727ce1e2e785/element/f.88D07AF495C6772688D01791A41D8CAC.d.BC1F3DFEE25516EB417C4A2C9EE0A4C0.e.2930/click - {}
RESULT: {}
COMMAND: GET /session/0f9fc47df39b2636afa0727ce1e2e785/screenshot - {}
RESULT: {}
COMMAND: POST /session/0f9fc47df39b2636afa0727ce1e2e785/element - {"using":"xpath","value":"//label[contains(@class, 'sapMLabelRequired') and .//bdi[contains(text(), 'Planned Retirement')]]"}
RESULT: {"using":"xpath","value":"//label[contains(@class, 'sapMLabelRequired') and .//bdi[contains(text(), 'Planned Retirement')]]"}
COMMAND: POST /session/0f9fc47df39b2636afa0727ce1e2e785/elements - {"using":"xpath","value":"//label[contains(@class, 'sapMLabelRequired') and .//bdi[contains(text(), 'Planned Retirement')]]"}
RESULT: {"using":"xpath","value":"//label[contains(@class, 'sapMLabelRequired') and .//bdi[contains(text(), 'Planned Retirement')]]"}
COMMAND: POST /session/0f9fc47df39b2636afa0727ce1e2e785/element - {"using":"xpath","value":"//button[@data-kt=\"resourceUnitSaveButton\"]"}
RESULT: {"using":"xpath","value":"//button[@data-kt=\"resourceUnitSaveButton\"]"}
COMMAND: POST /session/0f9fc47df39b2636afa0727ce1e2e785/element/f.88D07AF495C6772688D01791A41D8CAC.d.BC1F3DFEE25516EB417C4A2C9EE0A4C0.e.2834/click - {}
RESULT: {}
COMMAND: GET /session/0f9fc47df39b2636afa0727ce1e2e785/screenshot - {}
RESULT: {}
COMMAND: POST /session/0f9fc47df39b2636afa0727ce1e2e785/element - {"using":"xpath","value":"//bdi[contains(text(), \"Close\")]"}
RESULT: {"using":"xpath","value":"//bdi[contains(text(), \"Close\")]"}
COMMAND: POST /session/0f9fc47df39b2636afa0727ce1e2e785/element/f.88D07AF495C6772688D01791A41D8CAC.d.BC1F3DFEE25516EB417C4A2C9EE0A4C0.e.2936/click - {}
RESULT: {}
COMMAND: GET /session/0f9fc47df39b2636afa0727ce1e2e785/screenshot - {}
RESULT: {}
COMMAND: POST /session/0f9fc47df39b2636afa0727ce1e2e785/element - {"using":"xpath","value":"//header[contains(@id, 'detailRruPage-headerTitle')]/div[1]/div[2]/div[2]/span[1]"}
RESULT: {"using":"xpath","value":"//header[contains(@id, 'detailRruPage-headerTitle')]/div[1]/div[2]/div[2]/span[1]"}
COMMAND: POST /session/0f9fc47df39b2636afa0727ce1e2e785/elements - {"using":"xpath","value":"//header[contains(@id, 'detailRruPage-headerTitle')]/div[1]/div[2]/div[2]/span[1]"}
RESULT: {"using":"xpath","value":"//header[contains(@id, 'detailRruPage-headerTitle')]/div[1]/div[2]/div[2]/span[1]"}
COMMAND: POST /session/0f9fc47df39b2636afa0727ce1e2e785/execute/sync - {"script":"<script> [56 bytes]","args":[{"element-6066-11e4-a52e-4f735466cecf":"f.88D07AF495C6772688D01791A41D8CAC.d.BC1F3DFEE25516EB417C4A2C9EE0A4C0.e.2970","ELEMENT":"f.88D07AF495C6772688D01791A41D8CAC.d.BC1F3DFEE25516EB417C4A2C9EE0A4C0.e.2970"}]}
RESULT: {"script":"<script> [56 bytes]","args":[{"element-6066-11e4-a52e-4f735466cecf":"f.88D07AF495C6772688D01791A41D8CAC.d.BC1F3DFEE25516EB417C4A2C9EE0A4C0.e.2970","ELEMENT":"f.88D07AF495C6772688D01791A41D8CAC.d.BC1F3DFEE25516EB417C4A2C9EE0A4C0.e.2970"}]}
COMMAND: POST /session/0f9fc47df39b2636afa0727ce1e2e785/element - {"using":"css selector","value":"#shell-header-logo"}
COMMAND: GET /session/0f9fc47df39b2636afa0727ce1e2e785/screenshot - {}
RESULT: {"using":"css selector","value":"#shell-header-logo"}
COMMAND: POST /session/0f9fc47df39b2636afa0727ce1e2e785/element/f.88D07AF495C6772688D01791A41D8CAC.d.BC1F3DFEE25516EB417C4A2C9EE0A4C0.e.2433/click - {}
RESULT: {}
RESULT: {}
COMMAND: GET /session/0f9fc47df39b2636afa0727ce1e2e785/screenshot - {}
RESULT: {}
]]></system-out>
    </testcase>
    <testcase classname="chrome.136_0_7103_49.windows.Create_masterdata_for_Yard_Overview_-_trigger_provide_US130988" name="Bin Status Report Should Create New Organization yard" time="87.607">
      <system-out><![CDATA[
COMMAND: POST /session/0f9fc47df39b2636afa0727ce1e2e785/execute/async - {"script":"<script> [1562 bytes]","args":[{"selector":{"controlType":"sap.m.GenericTile","properties":{"header":"Bin Status Report"}},"wdio_ui5_key":"sapm.GenericTile{\"header\":\"Bin Status Report\"}"}]}
RESULT: {"script":"<script> [1562 bytes]","args":[{"selector":{"controlType":"sap.m.GenericTile","properties":{"header":"Bin Status Report"}},"wdio_ui5_key":"sapm.GenericTile{\"header\":\"Bin Status Report\"}"}]}
RESULT: undefined
COMMAND: POST /session/0f9fc47df39b2636afa0727ce1e2e785/element - {"using":"xpath","value":"//*[@id=\"__tile104\"]"}
RESULT: {"using":"xpath","value":"//*[@id=\"__tile104\"]"}
COMMAND: POST /session/0f9fc47df39b2636afa0727ce1e2e785/element/f.88D07AF495C6772688D01791A41D8CAC.d.BC1F3DFEE25516EB417C4A2C9EE0A4C0.e.149/click - {}
RESULT: {}
COMMAND: GET /session/0f9fc47df39b2636afa0727ce1e2e785/screenshot - {}
RESULT: {}
COMMAND: POST /session/0f9fc47df39b2636afa0727ce1e2e785/elements - {"using":"xpath","value":"//span[text()='Error']"}
RESULT: {"using":"xpath","value":"//span[text()='Error']"}
COMMAND: POST /session/0f9fc47df39b2636afa0727ce1e2e785/element - {"using":"xpath","value":"//button[@id=\"application-binstatusreport-display-component---warehousing--createOrgBtn\"]"}
RESULT: {"using":"xpath","value":"//button[@id=\"application-binstatusreport-display-component---warehousing--createOrgBtn\"]"}
COMMAND: POST /session/0f9fc47df39b2636afa0727ce1e2e785/elements - {"using":"xpath","value":"//button[@id=\"application-binstatusreport-display-component---warehousing--createOrgBtn\"]"}
RESULT: {"using":"xpath","value":"//button[@id=\"application-binstatusreport-display-component---warehousing--createOrgBtn\"]"}
COMMAND: POST /session/0f9fc47df39b2636afa0727ce1e2e785/execute/sync - {"script":"<script> [8489 bytes]","args":[{"element-6066-11e4-a52e-4f735466cecf":"f.88D07AF495C6772688D01791A41D8CAC.d.BC1F3DFEE25516EB417C4A2C9EE0A4C0.e.3030","ELEMENT":"f.88D07AF495C6772688D01791A41D8CAC.d.BC1F3DFEE25516EB417C4A2C9EE0A4C0.e.3030"}]}
RESULT: {"script":"<script> [8489 bytes]","args":[{"element-6066-11e4-a52e-4f735466cecf":"f.88D07AF495C6772688D01791A41D8CAC.d.BC1F3DFEE25516EB417C4A2C9EE0A4C0.e.3030","ELEMENT":"f.88D07AF495C6772688D01791A41D8CAC.d.BC1F3DFEE25516EB417C4A2C9EE0A4C0.e.3030"}]}
COMMAND: GET /session/0f9fc47df39b2636afa0727ce1e2e785/element/f.88D07AF495C6772688D01791A41D8CAC.d.BC1F3DFEE25516EB417C4A2C9EE0A4C0.e.3030/enabled - {}
COMMAND: GET /session/0f9fc47df39b2636afa0727ce1e2e785/screenshot - {}
RESULT: {}
COMMAND: POST /session/0f9fc47df39b2636afa0727ce1e2e785/execute/sync - {"script":"<script> [8489 bytes]","args":[{"element-6066-11e4-a52e-4f735466cecf":"f.88D07AF495C6772688D01791A41D8CAC.d.BC1F3DFEE25516EB417C4A2C9EE0A4C0.e.3030","ELEMENT":"f.88D07AF495C6772688D01791A41D8CAC.d.BC1F3DFEE25516EB417C4A2C9EE0A4C0.e.3030"}]}
COMMAND: GET /session/0f9fc47df39b2636afa0727ce1e2e785/screenshot - {}
RESULT: {}
RESULT: {"script":"<script> [8489 bytes]","args":[{"element-6066-11e4-a52e-4f735466cecf":"f.88D07AF495C6772688D01791A41D8CAC.d.BC1F3DFEE25516EB417C4A2C9EE0A4C0.e.3030","ELEMENT":"f.88D07AF495C6772688D01791A41D8CAC.d.BC1F3DFEE25516EB417C4A2C9EE0A4C0.e.3030"}]}
COMMAND: POST /session/0f9fc47df39b2636afa0727ce1e2e785/execute/sync - {"script":"<script> [5351 bytes]","args":[{"element-6066-11e4-a52e-4f735466cecf":"f.88D07AF495C6772688D01791A41D8CAC.d.BC1F3DFEE25516EB417C4A2C9EE0A4C0.e.3030","ELEMENT":"f.88D07AF495C6772688D01791A41D8CAC.d.BC1F3DFEE25516EB417C4A2C9EE0A4C0.e.3030"}]}
COMMAND: GET /session/0f9fc47df39b2636afa0727ce1e2e785/screenshot - {}
RESULT: {}
RESULT: {"script":"<script> [5351 bytes]","args":[{"element-6066-11e4-a52e-4f735466cecf":"f.88D07AF495C6772688D01791A41D8CAC.d.BC1F3DFEE25516EB417C4A2C9EE0A4C0.e.3030","ELEMENT":"f.88D07AF495C6772688D01791A41D8CAC.d.BC1F3DFEE25516EB417C4A2C9EE0A4C0.e.3030"}]}
COMMAND: GET /session/0f9fc47df39b2636afa0727ce1e2e785/screenshot - {}
RESULT: {}
RESULT: {}
COMMAND: POST /session/0f9fc47df39b2636afa0727ce1e2e785/element/f.88D07AF495C6772688D01791A41D8CAC.d.BC1F3DFEE25516EB417C4A2C9EE0A4C0.e.3030/click - {}
RESULT: {}
COMMAND: GET /session/0f9fc47df39b2636afa0727ce1e2e785/screenshot - {}
RESULT: {}
COMMAND: POST /session/0f9fc47df39b2636afa0727ce1e2e785/execute/async - {"script":"<script> [1562 bytes]","args":[{"selector":{"id":"createOrganizationPop--sectionInput","searchOpenDialogs":true,"interaction":{"idSuffix":"inner"}},"wdio_ui5_key":"createOrganizationPopsectionInput"}]}
RESULT: {"script":"<script> [1562 bytes]","args":[{"selector":{"id":"createOrganizationPop--sectionInput","searchOpenDialogs":true,"interaction":{"idSuffix":"inner"}},"wdio_ui5_key":"createOrganizationPopsectionInput"}]}
RESULT: undefined
COMMAND: POST /session/0f9fc47df39b2636afa0727ce1e2e785/execute/async - {"script":"<script> [776 bytes]","args":[{"enterText":"WDIO-379","selector":{"id":"createOrganizationPop--sectionInput","searchOpenDialogs":true,"interaction":{"idSuffix":"inner"}},"clearTextFirst":true,"interactionType":"ENTER_TEXT"}]}
RESULT: {"script":"<script> [776 bytes]","args":[{"enterText":"WDIO-379","selector":{"id":"createOrganizationPop--sectionInput","searchOpenDialogs":true,"interaction":{"idSuffix":"inner"}},"clearTextFirst":true,"interactionType":"ENTER_TEXT"}]}
COMMAND: POST /session/0f9fc47df39b2636afa0727ce1e2e785/execute/async - {"script":"<script> [1562 bytes]","args":[{"selector":{"id":"createOrganizationPop--descriptionInput","searchOpenDialogs":true,"interaction":{"idSuffix":"inner"}},"wdio_ui5_key":"createOrganizationPopdescriptionInput"}]}
RESULT: {"script":"<script> [1562 bytes]","args":[{"selector":{"id":"createOrganizationPop--descriptionInput","searchOpenDialogs":true,"interaction":{"idSuffix":"inner"}},"wdio_ui5_key":"createOrganizationPopdescriptionInput"}]}
RESULT: undefined
COMMAND: POST /session/0f9fc47df39b2636afa0727ce1e2e785/execute/async - {"script":"<script> [776 bytes]","args":[{"enterText":"Shipping-379","selector":{"id":"createOrganizationPop--descriptionInput","searchOpenDialogs":true,"interaction":{"idSuffix":"inner"}},"clearTextFirst":true,"interactionType":"ENTER_TEXT"}]}
RESULT: {"script":"<script> [776 bytes]","args":[{"enterText":"Shipping-379","selector":{"id":"createOrganizationPop--descriptionInput","searchOpenDialogs":true,"interaction":{"idSuffix":"inner"}},"clearTextFirst":true,"interactionType":"ENTER_TEXT"}]}
COMMAND: POST /session/0f9fc47df39b2636afa0727ce1e2e785/element - {"using":"css selector","value":"#createOrganizationPop--yardOrg-inner"}
RESULT: {"using":"css selector","value":"#createOrganizationPop--yardOrg-inner"}
COMMAND: POST /session/0f9fc47df39b2636afa0727ce1e2e785/element/f.88D07AF495C6772688D01791A41D8CAC.d.BC1F3DFEE25516EB417C4A2C9EE0A4C0.e.3075/clear - {}
RESULT: {}
COMMAND: POST /session/0f9fc47df39b2636afa0727ce1e2e785/element/f.88D07AF495C6772688D01791A41D8CAC.d.BC1F3DFEE25516EB417C4A2C9EE0A4C0.e.3075/value - {"text":"379"}
COMMAND: GET /session/0f9fc47df39b2636afa0727ce1e2e785/screenshot - {}
RESULT: {"text":"379"}
COMMAND: GET /session/0f9fc47df39b2636afa0727ce1e2e785/screenshot - {}
RESULT: {}
RESULT: {}
COMMAND: POST /session/0f9fc47df39b2636afa0727ce1e2e785/actions - {"actions":[{"id":"action9","type":"key","parameters":{},"actions":[{"type":"keyDown","value":"î€‡"},{"type":"pause","duration":10},{"type":"keyUp","value":"î€‡"}]}]}
RESULT: {"actions":[{"id":"action9","type":"key","parameters":{},"actions":[{"type":"keyDown","value":"î€‡"},{"type":"pause","duration":10},{"type":"keyUp","value":"î€‡"}]}]}
COMMAND: POST /session/0f9fc47df39b2636afa0727ce1e2e785/execute/async - {"script":"<script> [1562 bytes]","args":[{"selector":{"id":"createOrganizationPop--grZone","searchOpenDialogs":true,"interaction":{"idSuffix":"CbBg"}},"wdio_ui5_key":"createOrganizationPopgrZone"}]}
COMMAND: GET /session/0f9fc47df39b2636afa0727ce1e2e785/screenshot - {}
RESULT: {"script":"<script> [1562 bytes]","args":[{"selector":{"id":"createOrganizationPop--grZone","searchOpenDialogs":true,"interaction":{"idSuffix":"CbBg"}},"wdio_ui5_key":"createOrganizationPopgrZone"}]}
RESULT: undefined
COMMAND: POST /session/0f9fc47df39b2636afa0727ce1e2e785/element - {"using":"xpath","value":"//*[@id=\"createOrganizationPop--grZone\"]"}
RESULT: {}
RESULT: {"using":"xpath","value":"//*[@id=\"createOrganizationPop--grZone\"]"}
COMMAND: POST /session/0f9fc47df39b2636afa0727ce1e2e785/element/f.88D07AF495C6772688D01791A41D8CAC.d.BC1F3DFEE25516EB417C4A2C9EE0A4C0.e.3096/click - {}
RESULT: {}
COMMAND: GET /session/0f9fc47df39b2636afa0727ce1e2e785/screenshot - {}
RESULT: {}
COMMAND: POST /session/0f9fc47df39b2636afa0727ce1e2e785/execute/async - {"script":"<script> [1562 bytes]","args":[{"selector":{"id":"createOrganizationPop--giZone","searchOpenDialogs":true,"interaction":{"idSuffix":"CbBg"}},"wdio_ui5_key":"createOrganizationPopgiZone"}]}
RESULT: {"script":"<script> [1562 bytes]","args":[{"selector":{"id":"createOrganizationPop--giZone","searchOpenDialogs":true,"interaction":{"idSuffix":"CbBg"}},"wdio_ui5_key":"createOrganizationPopgiZone"}]}
RESULT: undefined
COMMAND: POST /session/0f9fc47df39b2636afa0727ce1e2e785/element - {"using":"xpath","value":"//*[@id=\"createOrganizationPop--giZone\"]"}
RESULT: {"using":"xpath","value":"//*[@id=\"createOrganizationPop--giZone\"]"}
COMMAND: POST /session/0f9fc47df39b2636afa0727ce1e2e785/element/f.88D07AF495C6772688D01791A41D8CAC.d.BC1F3DFEE25516EB417C4A2C9EE0A4C0.e.3098/click - {}
RESULT: {}
COMMAND: GET /session/0f9fc47df39b2636afa0727ce1e2e785/screenshot - {}
RESULT: {}
COMMAND: POST /session/0f9fc47df39b2636afa0727ce1e2e785/execute/async - {"script":"<script> [1562 bytes]","args":[{"selector":{"id":"createOrganizationPop--binNoInput","searchOpenDialogs":true,"interaction":{"idSuffix":"inner"}},"wdio_ui5_key":"createOrganizationPopbinNoInput"}]}
RESULT: {"script":"<script> [1562 bytes]","args":[{"selector":{"id":"createOrganizationPop--binNoInput","searchOpenDialogs":true,"interaction":{"idSuffix":"inner"}},"wdio_ui5_key":"createOrganizationPopbinNoInput"}]}
RESULT: undefined
COMMAND: POST /session/0f9fc47df39b2636afa0727ce1e2e785/execute/async - {"script":"<script> [776 bytes]","args":[{"enterText":"Bin-Wd","selector":{"id":"createOrganizationPop--binNoInput","searchOpenDialogs":true,"interaction":{"idSuffix":"inner"}},"clearTextFirst":true,"interactionType":"ENTER_TEXT"}]}
RESULT: {"script":"<script> [776 bytes]","args":[{"enterText":"Bin-Wd","selector":{"id":"createOrganizationPop--binNoInput","searchOpenDialogs":true,"interaction":{"idSuffix":"inner"}},"clearTextFirst":true,"interactionType":"ENTER_TEXT"}]}
COMMAND: POST /session/0f9fc47df39b2636afa0727ce1e2e785/execute/async - {"script":"<script> [1562 bytes]","args":[{"selector":{"id":"createOrganizationPop--descriptionId","searchOpenDialogs":true,"interaction":{"idSuffix":"inner"}},"wdio_ui5_key":"createOrganizationPopdescriptionId"}]}
RESULT: {"script":"<script> [1562 bytes]","args":[{"selector":{"id":"createOrganizationPop--descriptionId","searchOpenDialogs":true,"interaction":{"idSuffix":"inner"}},"wdio_ui5_key":"createOrganizationPopdescriptionId"}]}
RESULT: undefined
COMMAND: POST /session/0f9fc47df39b2636afa0727ce1e2e785/execute/async - {"script":"<script> [776 bytes]","args":[{"enterText":"Shipping-Wd","selector":{"id":"createOrganizationPop--descriptionId","searchOpenDialogs":true,"interaction":{"idSuffix":"inner"}},"clearTextFirst":true,"interactionType":"ENTER_TEXT"}]}
RESULT: {"script":"<script> [776 bytes]","args":[{"enterText":"Shipping-Wd","selector":{"id":"createOrganizationPop--descriptionId","searchOpenDialogs":true,"interaction":{"idSuffix":"inner"}},"clearTextFirst":true,"interactionType":"ENTER_TEXT"}]}
COMMAND: POST /session/0f9fc47df39b2636afa0727ce1e2e785/execute/async - {"script":"<script> [1562 bytes]","args":[{"selector":{"controlType":"sap.m.CheckBox","viewName":"etm.portal.ui.binstatusreport.view.MasterWareBins","viewId":"application-binstatusreport-display-component---warehousing","bindingPath":{"path":"","propertyPath":"/ZONE","modelName":"newBin"},"searchOpenDialogs":true,"interaction":{"idSuffix":"CbBg"}},"wdio_ui5_key":"etmportal.ui.binstatusreport.view.MasterWareBinssap.m.CheckBox{\"path\":\"\",\"propertyPath\":\"/ZONE\",\"modelName\":\"newBin\"}"}]}
RESULT: {"script":"<script> [1562 bytes]","args":[{"selector":{"controlType":"sap.m.CheckBox","viewName":"etm.portal.ui.binstatusreport.view.MasterWareBins","viewId":"application-binstatusreport-display-component---warehousing","bindingPath":{"path":"","propertyPath":"/ZONE","modelName":"newBin"},"searchOpenDialogs":true,"interaction":{"idSuffix":"CbBg"}},"wdio_ui5_key":"etmportal.ui.binstatusreport.view.MasterWareBinssap.m.CheckBox{\"path\":\"\",\"propertyPath\":\"/ZONE\",\"modelName\":\"newBin\"}"}]}
RESULT: undefined
COMMAND: POST /session/0f9fc47df39b2636afa0727ce1e2e785/element - {"using":"xpath","value":"//*[@id=\"__box56\"]"}
RESULT: {"using":"xpath","value":"//*[@id=\"__box56\"]"}
COMMAND: POST /session/0f9fc47df39b2636afa0727ce1e2e785/element/f.88D07AF495C6772688D01791A41D8CAC.d.BC1F3DFEE25516EB417C4A2C9EE0A4C0.e.3102/click - {}
RESULT: {}
COMMAND: GET /session/0f9fc47df39b2636afa0727ce1e2e785/screenshot - {}
RESULT: {}
COMMAND: POST /session/0f9fc47df39b2636afa0727ce1e2e785/execute/async - {"script":"<script> [1562 bytes]","args":[{"selector":{"id":"createOrganizationPop--binTypesCB","searchOpenDialogs":true,"interaction":{"idSuffix":"inner"}},"wdio_ui5_key":"createOrganizationPopbinTypesCB"}]}
RESULT: {"script":"<script> [1562 bytes]","args":[{"selector":{"id":"createOrganizationPop--binTypesCB","searchOpenDialogs":true,"interaction":{"idSuffix":"inner"}},"wdio_ui5_key":"createOrganizationPopbinTypesCB"}]}
RESULT: undefined
COMMAND: POST /session/0f9fc47df39b2636afa0727ce1e2e785/execute/async - {"script":"<script> [776 bytes]","args":[{"enterText":"1 - General / No capacity check","selector":{"id":"createOrganizationPop--binTypesCB","searchOpenDialogs":true,"interaction":{"idSuffix":"inner"}},"clearTextFirst":true,"interactionType":"ENTER_TEXT"}]}
RESULT: {"script":"<script> [776 bytes]","args":[{"enterText":"1 - General / No capacity check","selector":{"id":"createOrganizationPop--binTypesCB","searchOpenDialogs":true,"interaction":{"idSuffix":"inner"}},"clearTextFirst":true,"interactionType":"ENTER_TEXT"}]}
COMMAND: POST /session/0f9fc47df39b2636afa0727ce1e2e785/actions - {"actions":[{"id":"action10","type":"key","parameters":{},"actions":[{"type":"keyDown","value":"î€‡"},{"type":"pause","duration":10},{"type":"keyUp","value":"î€‡"}]}]}
RESULT: {"actions":[{"id":"action10","type":"key","parameters":{},"actions":[{"type":"keyDown","value":"î€‡"},{"type":"pause","duration":10},{"type":"keyUp","value":"î€‡"}]}]}
COMMAND: GET /session/0f9fc47df39b2636afa0727ce1e2e785/screenshot - {}
RESULT: {}
COMMAND: POST /session/0f9fc47df39b2636afa0727ce1e2e785/execute/async - {"script":"<script> [1562 bytes]","args":[{"selector":{"id":"createOrganizationPop--finishBtn","searchOpenDialogs":true,"interaction":{"idSuffix":"BDI-content"}},"wdio_ui5_key":"createOrganizationPopfinishBtn"}]}
RESULT: {"script":"<script> [1562 bytes]","args":[{"selector":{"id":"createOrganizationPop--finishBtn","searchOpenDialogs":true,"interaction":{"idSuffix":"BDI-content"}},"wdio_ui5_key":"createOrganizationPopfinishBtn"}]}
RESULT: undefined
COMMAND: POST /session/0f9fc47df39b2636afa0727ce1e2e785/element - {"using":"xpath","value":"//*[@id=\"createOrganizationPop--finishBtn\"]"}
RESULT: {"using":"xpath","value":"//*[@id=\"createOrganizationPop--finishBtn\"]"}
COMMAND: POST /session/0f9fc47df39b2636afa0727ce1e2e785/element/f.88D07AF495C6772688D01791A41D8CAC.d.BC1F3DFEE25516EB417C4A2C9EE0A4C0.e.3105/click - {}
RESULT: {}
COMMAND: GET /session/0f9fc47df39b2636afa0727ce1e2e785/screenshot - {}
RESULT: {}
COMMAND: POST /session/0f9fc47df39b2636afa0727ce1e2e785/element - {"using":"css selector","value":"#shell-header-logo"}
RESULT: {"using":"css selector","value":"#shell-header-logo"}
COMMAND: POST /session/0f9fc47df39b2636afa0727ce1e2e785/element/f.88D07AF495C6772688D01791A41D8CAC.d.BC1F3DFEE25516EB417C4A2C9EE0A4C0.e.2978/click - {}
RESULT: {}
COMMAND: GET /session/0f9fc47df39b2636afa0727ce1e2e785/screenshot - {}
RESULT: {}
]]></system-out>
    </testcase>
    <testcase classname="chrome.136_0_7103_49.windows.Create_masterdata_for_Yard_Overview_-_trigger_provide_US130988" name="Should do a stock increase handover" time="104.363">
      <system-out><![CDATA[
COMMAND: POST /session/0f9fc47df39b2636afa0727ce1e2e785/execute/async - {"script":"<script> [1562 bytes]","args":[{"selector":{"controlType":"sap.m.GenericTile","properties":{"header":"Manage Handovers"}},"wdio_ui5_key":"sapm.GenericTile{\"header\":\"Manage Handovers\"}"}]}
RESULT: {"script":"<script> [1562 bytes]","args":[{"selector":{"controlType":"sap.m.GenericTile","properties":{"header":"Manage Handovers"}},"wdio_ui5_key":"sapm.GenericTile{\"header\":\"Manage Handovers\"}"}]}
RESULT: undefined
COMMAND: POST /session/0f9fc47df39b2636afa0727ce1e2e785/element - {"using":"xpath","value":"//*[@id=\"__tile131\"]"}
RESULT: {"using":"xpath","value":"//*[@id=\"__tile131\"]"}
COMMAND: POST /session/0f9fc47df39b2636afa0727ce1e2e785/element/f.88D07AF495C6772688D01791A41D8CAC.d.BC1F3DFEE25516EB417C4A2C9EE0A4C0.e.256/click - {}
RESULT: {}
COMMAND: GET /session/0f9fc47df39b2636afa0727ce1e2e785/screenshot - {}
RESULT: {}
COMMAND: POST /session/0f9fc47df39b2636afa0727ce1e2e785/elements - {"using":"xpath","value":"//span[text()='Error']"}
RESULT: {"using":"xpath","value":"//span[text()='Error']"}
COMMAND: POST /session/0f9fc47df39b2636afa0727ce1e2e785/element - {"using":"xpath","value":"//button[@data-kt=\"masterHOAddButton\"]"}
RESULT: {"using":"xpath","value":"//button[@data-kt=\"masterHOAddButton\"]"}
COMMAND: POST /session/0f9fc47df39b2636afa0727ce1e2e785/elements - {"using":"xpath","value":"//button[@data-kt=\"masterHOAddButton\"]"}
RESULT: {"using":"xpath","value":"//button[@data-kt=\"masterHOAddButton\"]"}
COMMAND: POST /session/0f9fc47df39b2636afa0727ce1e2e785/elements - {"using":"xpath","value":"//button[@data-kt=\"masterHOAddButton\"]"}
RESULT: {"using":"xpath","value":"//button[@data-kt=\"masterHOAddButton\"]"}
COMMAND: POST /session/0f9fc47df39b2636afa0727ce1e2e785/element - {"using":"xpath","value":"//button[@data-kt=\"masterHOAddButton\"]"}
RESULT: {"using":"xpath","value":"//button[@data-kt=\"masterHOAddButton\"]"}
COMMAND: POST /session/0f9fc47df39b2636afa0727ce1e2e785/execute/sync - {"script":"<script> [8489 bytes]","args":[{"element-6066-11e4-a52e-4f735466cecf":"f.88D07AF495C6772688D01791A41D8CAC.d.BC1F3DFEE25516EB417C4A2C9EE0A4C0.e.3142","ELEMENT":"f.88D07AF495C6772688D01791A41D8CAC.d.BC1F3DFEE25516EB417C4A2C9EE0A4C0.e.3142"}]}
RESULT: {"script":"<script> [8489 bytes]","args":[{"element-6066-11e4-a52e-4f735466cecf":"f.88D07AF495C6772688D01791A41D8CAC.d.BC1F3DFEE25516EB417C4A2C9EE0A4C0.e.3142","ELEMENT":"f.88D07AF495C6772688D01791A41D8CAC.d.BC1F3DFEE25516EB417C4A2C9EE0A4C0.e.3142"}]}
COMMAND: GET /session/0f9fc47df39b2636afa0727ce1e2e785/element/f.88D07AF495C6772688D01791A41D8CAC.d.BC1F3DFEE25516EB417C4A2C9EE0A4C0.e.3142/enabled - {}
COMMAND: GET /session/0f9fc47df39b2636afa0727ce1e2e785/screenshot - {}
RESULT: {}
COMMAND: POST /session/0f9fc47df39b2636afa0727ce1e2e785/execute/sync - {"script":"<script> [8489 bytes]","args":[{"element-6066-11e4-a52e-4f735466cecf":"f.88D07AF495C6772688D01791A41D8CAC.d.BC1F3DFEE25516EB417C4A2C9EE0A4C0.e.3142","ELEMENT":"f.88D07AF495C6772688D01791A41D8CAC.d.BC1F3DFEE25516EB417C4A2C9EE0A4C0.e.3142"}]}
COMMAND: GET /session/0f9fc47df39b2636afa0727ce1e2e785/screenshot - {}
RESULT: {}
RESULT: {"script":"<script> [8489 bytes]","args":[{"element-6066-11e4-a52e-4f735466cecf":"f.88D07AF495C6772688D01791A41D8CAC.d.BC1F3DFEE25516EB417C4A2C9EE0A4C0.e.3142","ELEMENT":"f.88D07AF495C6772688D01791A41D8CAC.d.BC1F3DFEE25516EB417C4A2C9EE0A4C0.e.3142"}]}
COMMAND: POST /session/0f9fc47df39b2636afa0727ce1e2e785/execute/sync - {"script":"<script> [5351 bytes]","args":[{"element-6066-11e4-a52e-4f735466cecf":"f.88D07AF495C6772688D01791A41D8CAC.d.BC1F3DFEE25516EB417C4A2C9EE0A4C0.e.3142","ELEMENT":"f.88D07AF495C6772688D01791A41D8CAC.d.BC1F3DFEE25516EB417C4A2C9EE0A4C0.e.3142"}]}
COMMAND: GET /session/0f9fc47df39b2636afa0727ce1e2e785/screenshot - {}
RESULT: {}
RESULT: {"script":"<script> [5351 bytes]","args":[{"element-6066-11e4-a52e-4f735466cecf":"f.88D07AF495C6772688D01791A41D8CAC.d.BC1F3DFEE25516EB417C4A2C9EE0A4C0.e.3142","ELEMENT":"f.88D07AF495C6772688D01791A41D8CAC.d.BC1F3DFEE25516EB417C4A2C9EE0A4C0.e.3142"}]}
COMMAND: POST /session/0f9fc47df39b2636afa0727ce1e2e785/element/f.88D07AF495C6772688D01791A41D8CAC.d.BC1F3DFEE25516EB417C4A2C9EE0A4C0.e.3142/click - {}
COMMAND: GET /session/0f9fc47df39b2636afa0727ce1e2e785/screenshot - {}
RESULT: {}
RESULT: {}
COMMAND: GET /session/0f9fc47df39b2636afa0727ce1e2e785/screenshot - {}
COMMAND: POST /session/0f9fc47df39b2636afa0727ce1e2e785/element - {"using":"xpath","value":"//span[contains(@id ,\"AddNewHO--typeSelect-arrow\")]"}
RESULT: {}
RESULT: {}
RESULT: {"using":"xpath","value":"//span[contains(@id ,\"AddNewHO--typeSelect-arrow\")]"}
COMMAND: POST /session/0f9fc47df39b2636afa0727ce1e2e785/element/f.88D07AF495C6772688D01791A41D8CAC.d.BC1F3DFEE25516EB417C4A2C9EE0A4C0.e.3503/click - {}
RESULT: {}
COMMAND: GET /session/0f9fc47df39b2636afa0727ce1e2e785/screenshot - {}
RESULT: {}
COMMAND: POST /session/0f9fc47df39b2636afa0727ce1e2e785/element - {"using":"xpath","value":"(//li[contains(text(), \"stock increase yard\")])[1]"}
RESULT: {"using":"xpath","value":"(//li[contains(text(), \"stock increase yard\")])[1]"}
COMMAND: POST /session/0f9fc47df39b2636afa0727ce1e2e785/element/f.88D07AF495C6772688D01791A41D8CAC.d.BC1F3DFEE25516EB417C4A2C9EE0A4C0.e.3504/click - {}
RESULT: {}
COMMAND: GET /session/0f9fc47df39b2636afa0727ce1e2e785/screenshot - {}
RESULT: {}
COMMAND: POST /session/0f9fc47df39b2636afa0727ce1e2e785/execute/async - {"script":"<script> [1562 bytes]","args":[{"selector":{"id":"application-managehandovers-display-component---AddNewHO--dueDate","interaction":{"idSuffix":"inner"}},"wdio_ui5_key":"applicationmanagehandovers-display-component---AddNewHO--dueDate"}]}
RESULT: {"script":"<script> [1562 bytes]","args":[{"selector":{"id":"application-managehandovers-display-component---AddNewHO--dueDate","interaction":{"idSuffix":"inner"}},"wdio_ui5_key":"applicationmanagehandovers-display-component---AddNewHO--dueDate"}]}
RESULT: undefined
COMMAND: POST /session/0f9fc47df39b2636afa0727ce1e2e785/execute/async - {"script":"<script> [6424 bytes]","args":[{"element-6066-11e4-a52e-4f735466cecf":"f.88D07AF495C6772688D01791A41D8CAC.d.BC1F3DFEE25516EB417C4A2C9EE0A4C0.e.3506"},"setValue",["5/15/25"]]}
RESULT: {"script":"<script> [6424 bytes]","args":[{"element-6066-11e4-a52e-4f735466cecf":"f.88D07AF495C6772688D01791A41D8CAC.d.BC1F3DFEE25516EB417C4A2C9EE0A4C0.e.3506"},"setValue",["5/15/25"]]}
COMMAND: POST /session/0f9fc47df39b2636afa0727ce1e2e785/element - {"using":"xpath","value":"//input[@id=\"generalSectionFrg--receiveYard-inner\"]"}
RESULT: {"using":"xpath","value":"//input[@id=\"generalSectionFrg--receiveYard-inner\"]"}
COMMAND: POST /session/0f9fc47df39b2636afa0727ce1e2e785/element/f.88D07AF495C6772688D01791A41D8CAC.d.BC1F3DFEE25516EB417C4A2C9EE0A4C0.e.3510/clear - {}
RESULT: {}
COMMAND: POST /session/0f9fc47df39b2636afa0727ce1e2e785/element/f.88D07AF495C6772688D01791A41D8CAC.d.BC1F3DFEE25516EB417C4A2C9EE0A4C0.e.3510/value - {"text":"379"}
COMMAND: GET /session/0f9fc47df39b2636afa0727ce1e2e785/screenshot - {}
RESULT: {"text":"379"}
COMMAND: GET /session/0f9fc47df39b2636afa0727ce1e2e785/screenshot - {}
RESULT: {}
RESULT: {}
COMMAND: POST /session/0f9fc47df39b2636afa0727ce1e2e785/element - {"using":"xpath","value":"//li[.//span[text()='379']]"}
RESULT: {"using":"xpath","value":"//li[.//span[text()='379']]"}
COMMAND: POST /session/0f9fc47df39b2636afa0727ce1e2e785/element/f.88D07AF495C6772688D01791A41D8CAC.d.BC1F3DFEE25516EB417C4A2C9EE0A4C0.e.3528/click - {}
RESULT: {}
COMMAND: GET /session/0f9fc47df39b2636afa0727ce1e2e785/screenshot - {}
RESULT: {}
COMMAND: POST /session/0f9fc47df39b2636afa0727ce1e2e785/execute/async - {"script":"<script> [1562 bytes]","args":[{"selector":{"id":"application-managehandovers-display-component---AddNewHO--ObjectPageLayout-anchBar-application-managehandovers-display-component---AddNewHO--section4-anchor","interaction":{"idSuffix":"BDI-content"}},"wdio_ui5_key":"applicationmanagehandovers-display-component---AddNewHO--ObjectPageLayout-anchBar-application-managehandovers-display-component---AddNewHO--section4-anchor"}]}
RESULT: {"script":"<script> [1562 bytes]","args":[{"selector":{"id":"application-managehandovers-display-component---AddNewHO--ObjectPageLayout-anchBar-application-managehandovers-display-component---AddNewHO--section4-anchor","interaction":{"idSuffix":"BDI-content"}},"wdio_ui5_key":"applicationmanagehandovers-display-component---AddNewHO--ObjectPageLayout-anchBar-application-managehandovers-display-component---AddNewHO--section4-anchor"}]}
RESULT: undefined
COMMAND: POST /session/0f9fc47df39b2636afa0727ce1e2e785/element - {"using":"xpath","value":"//*[@id=\"application-managehandovers-display-component---AddNewHO--ObjectPageLayout-anchBar-application-managehandovers-display-component---AddNewHO--section4-anchor\"]"}
RESULT: {"using":"xpath","value":"//*[@id=\"application-managehandovers-display-component---AddNewHO--ObjectPageLayout-anchBar-application-managehandovers-display-component---AddNewHO--section4-anchor\"]"}
COMMAND: POST /session/0f9fc47df39b2636afa0727ce1e2e785/element/f.88D07AF495C6772688D01791A41D8CAC.d.BC1F3DFEE25516EB417C4A2C9EE0A4C0.e.3530/click - {}
RESULT: {}
COMMAND: POST /session/0f9fc47df39b2636afa0727ce1e2e785/element - {"using":"xpath","value":"//button[@aria-label=\"Add\"]"}
COMMAND: GET /session/0f9fc47df39b2636afa0727ce1e2e785/screenshot - {}
RESULT: {"using":"xpath","value":"//button[@aria-label=\"Add\"]"}
COMMAND: POST /session/0f9fc47df39b2636afa0727ce1e2e785/element/f.88D07AF495C6772688D01791A41D8CAC.d.BC1F3DFEE25516EB417C4A2C9EE0A4C0.e.3532/click - {}
RESULT: {}
RESULT: {}
COMMAND: GET /session/0f9fc47df39b2636afa0727ce1e2e785/screenshot - {}
RESULT: {}
COMMAND: POST /session/0f9fc47df39b2636afa0727ce1e2e785/execute/async - {"script":"<script> [1562 bytes]","args":[{"selector":{"id":"application-managehandovers-display-component---AddNewHO--smartFilterBar-btnBasicSearch","searchOpenDialogs":true,"interaction":{"idSuffix":"I"}},"wdio_ui5_key":"applicationmanagehandovers-display-component---AddNewHO--smartFilterBar-btnBasicSearch"}]}
RESULT: {"script":"<script> [1562 bytes]","args":[{"selector":{"id":"application-managehandovers-display-component---AddNewHO--smartFilterBar-btnBasicSearch","searchOpenDialogs":true,"interaction":{"idSuffix":"I"}},"wdio_ui5_key":"applicationmanagehandovers-display-component---AddNewHO--smartFilterBar-btnBasicSearch"}]}
RESULT: undefined
COMMAND: POST /session/0f9fc47df39b2636afa0727ce1e2e785/execute/async - {"script":"<script> [776 bytes]","args":[{"enterText":"200161","selector":{"id":"application-managehandovers-display-component---AddNewHO--smartFilterBar-btnBasicSearch","searchOpenDialogs":true,"interaction":{"idSuffix":"I"}},"clearTextFirst":true,"interactionType":"ENTER_TEXT"}]}
RESULT: {"script":"<script> [776 bytes]","args":[{"enterText":"200161","selector":{"id":"application-managehandovers-display-component---AddNewHO--smartFilterBar-btnBasicSearch","searchOpenDialogs":true,"interaction":{"idSuffix":"I"}},"clearTextFirst":true,"interactionType":"ENTER_TEXT"}]}
COMMAND: POST /session/0f9fc47df39b2636afa0727ce1e2e785/actions - {"actions":[{"id":"action11","type":"key","parameters":{},"actions":[{"type":"keyDown","value":"î€‡"},{"type":"pause","duration":10},{"type":"keyUp","value":"î€‡"}]}]}
RESULT: {"actions":[{"id":"action11","type":"key","parameters":{},"actions":[{"type":"keyDown","value":"î€‡"},{"type":"pause","duration":10},{"type":"keyUp","value":"î€‡"}]}]}
COMMAND: GET /session/0f9fc47df39b2636afa0727ce1e2e785/screenshot - {}
RESULT: {}
COMMAND: POST /session/0f9fc47df39b2636afa0727ce1e2e785/execute/async - {"script":"<script> [1562 bytes]","args":[{"selector":{"id":"application-managehandovers-display-component---AddNewHO--popup-sa","searchOpenDialogs":true,"interaction":{"idSuffix":"CbBg"}},"wdio_ui5_key":"applicationmanagehandovers-display-component---AddNewHO--popup-sa"}]}
RESULT: {"script":"<script> [1562 bytes]","args":[{"selector":{"id":"application-managehandovers-display-component---AddNewHO--popup-sa","searchOpenDialogs":true,"interaction":{"idSuffix":"CbBg"}},"wdio_ui5_key":"applicationmanagehandovers-display-component---AddNewHO--popup-sa"}]}
RESULT: undefined
COMMAND: POST /session/0f9fc47df39b2636afa0727ce1e2e785/element - {"using":"xpath","value":"//*[@id=\"application-managehandovers-display-component---AddNewHO--popup-sa\"]"}
RESULT: {"using":"xpath","value":"//*[@id=\"application-managehandovers-display-component---AddNewHO--popup-sa\"]"}
COMMAND: POST /session/0f9fc47df39b2636afa0727ce1e2e785/element/f.88D07AF495C6772688D01791A41D8CAC.d.BC1F3DFEE25516EB417C4A2C9EE0A4C0.e.3686/click - {}
RESULT: {}
COMMAND: GET /session/0f9fc47df39b2636afa0727ce1e2e785/screenshot - {}
RESULT: {}
COMMAND: POST /session/0f9fc47df39b2636afa0727ce1e2e785/element - {"using":"xpath","value":"//bdi[contains(text(), \"Select\")]"}
RESULT: {"using":"xpath","value":"//bdi[contains(text(), \"Select\")]"}
COMMAND: POST /session/0f9fc47df39b2636afa0727ce1e2e785/element/f.88D07AF495C6772688D01791A41D8CAC.d.BC1F3DFEE25516EB417C4A2C9EE0A4C0.e.3687/click - {}
RESULT: {}
COMMAND: GET /session/0f9fc47df39b2636afa0727ce1e2e785/screenshot - {}
RESULT: {}
COMMAND: POST /session/0f9fc47df39b2636afa0727ce1e2e785/element - {"using":"xpath","value":"//button[@data-kt=\"AddNewHOSaveButton\"]"}
RESULT: {"using":"xpath","value":"//button[@data-kt=\"AddNewHOSaveButton\"]"}
COMMAND: POST /session/0f9fc47df39b2636afa0727ce1e2e785/element/f.88D07AF495C6772688D01791A41D8CAC.d.BC1F3DFEE25516EB417C4A2C9EE0A4C0.e.3691/click - {}
RESULT: {}
COMMAND: GET /session/0f9fc47df39b2636afa0727ce1e2e785/screenshot - {}
RESULT: {}
COMMAND: POST /session/0f9fc47df39b2636afa0727ce1e2e785/execute/async - {"script":"<script> [1562 bytes]","args":[{"selector":{"id":"receiptDatePicker","viewName":"etm.portal.ui.managehandovers.view.DetailExecuteHO","interaction":{"idSuffix":"inner"}},"wdio_ui5_key":"receiptDatePickeretmportal.ui.managehandovers.view.DetailExecuteHO"}]}
RESULT: {"script":"<script> [1562 bytes]","args":[{"selector":{"id":"receiptDatePicker","viewName":"etm.portal.ui.managehandovers.view.DetailExecuteHO","interaction":{"idSuffix":"inner"}},"wdio_ui5_key":"receiptDatePickeretmportal.ui.managehandovers.view.DetailExecuteHO"}]}
RESULT: undefined
COMMAND: POST /session/0f9fc47df39b2636afa0727ce1e2e785/execute/async - {"script":"<script> [6424 bytes]","args":[{"element-6066-11e4-a52e-4f735466cecf":"f.88D07AF495C6772688D01791A41D8CAC.d.BC1F3DFEE25516EB417C4A2C9EE0A4C0.e.3712"},"setValue",["5/15/25"]]}
RESULT: {"script":"<script> [6424 bytes]","args":[{"element-6066-11e4-a52e-4f735466cecf":"f.88D07AF495C6772688D01791A41D8CAC.d.BC1F3DFEE25516EB417C4A2C9EE0A4C0.e.3712"},"setValue",["5/15/25"]]}
COMMAND: POST /session/0f9fc47df39b2636afa0727ce1e2e785/element - {"using":"xpath","value":"//button[@data-kt=\"PickingTableConfirmAllButton\"]"}
RESULT: {"using":"xpath","value":"//button[@data-kt=\"PickingTableConfirmAllButton\"]"}
COMMAND: POST /session/0f9fc47df39b2636afa0727ce1e2e785/element/f.88D07AF495C6772688D01791A41D8CAC.d.BC1F3DFEE25516EB417C4A2C9EE0A4C0.e.3728/click - {}
RESULT: {}
COMMAND: GET /session/0f9fc47df39b2636afa0727ce1e2e785/screenshot - {}
RESULT: {}
COMMAND: POST /session/0f9fc47df39b2636afa0727ce1e2e785/element - {"using":"xpath","value":"//bdi[contains(text(), \"OK\")]"}
RESULT: {"using":"xpath","value":"//bdi[contains(text(), \"OK\")]"}
COMMAND: POST /session/0f9fc47df39b2636afa0727ce1e2e785/element/f.88D07AF495C6772688D01791A41D8CAC.d.BC1F3DFEE25516EB417C4A2C9EE0A4C0.e.3730/click - {}
RESULT: {}
COMMAND: GET /session/0f9fc47df39b2636afa0727ce1e2e785/screenshot - {}
RESULT: {}
COMMAND: POST /session/0f9fc47df39b2636afa0727ce1e2e785/element - {"using":"xpath","value":"(//bdi[contains(text(), \"Receive\")])[2]"}
RESULT: {"using":"xpath","value":"(//bdi[contains(text(), \"Receive\")])[2]"}
COMMAND: POST /session/0f9fc47df39b2636afa0727ce1e2e785/element/f.88D07AF495C6772688D01791A41D8CAC.d.BC1F3DFEE25516EB417C4A2C9EE0A4C0.e.3732/click - {}
RESULT: {}
COMMAND: GET /session/0f9fc47df39b2636afa0727ce1e2e785/screenshot - {}
RESULT: {}
COMMAND: POST /session/0f9fc47df39b2636afa0727ce1e2e785/element - {"using":"css selector","value":"#shell-header-logo"}
RESULT: {"using":"css selector","value":"#shell-header-logo"}
COMMAND: POST /session/0f9fc47df39b2636afa0727ce1e2e785/element/f.88D07AF495C6772688D01791A41D8CAC.d.BC1F3DFEE25516EB417C4A2C9EE0A4C0.e.3113/click - {}
RESULT: {}
COMMAND: GET /session/0f9fc47df39b2636afa0727ce1e2e785/screenshot - {}
RESULT: {}
]]></system-out>
    </testcase>
    <testcase classname="chrome.136_0_7103_49.windows.Create_masterdata_for_Yard_Overview_-_trigger_provide_US130988" name="Should Putaway WHM" time="109.643">
      <system-out><![CDATA[
COMMAND: POST /session/0f9fc47df39b2636afa0727ce1e2e785/execute/async - {"script":"<script> [1562 bytes]","args":[{"selector":{"controlType":"sap.m.GenericTile","properties":{"header":"Manage Warehouse Movements"}},"wdio_ui5_key":"sapm.GenericTile{\"header\":\"Manage Warehouse Movements\"}"}]}
RESULT: {"script":"<script> [1562 bytes]","args":[{"selector":{"controlType":"sap.m.GenericTile","properties":{"header":"Manage Warehouse Movements"}},"wdio_ui5_key":"sapm.GenericTile{\"header\":\"Manage Warehouse Movements\"}"}]}
RESULT: undefined
COMMAND: POST /session/0f9fc47df39b2636afa0727ce1e2e785/element - {"using":"xpath","value":"//*[@id=\"__tile105\"]"}
RESULT: {"using":"xpath","value":"//*[@id=\"__tile105\"]"}
COMMAND: POST /session/0f9fc47df39b2636afa0727ce1e2e785/element/f.88D07AF495C6772688D01791A41D8CAC.d.BC1F3DFEE25516EB417C4A2C9EE0A4C0.e.3902/click - {}
RESULT: {}
COMMAND: GET /session/0f9fc47df39b2636afa0727ce1e2e785/screenshot - {}
RESULT: {}
COMMAND: POST /session/0f9fc47df39b2636afa0727ce1e2e785/elements - {"using":"xpath","value":"//span[text()='Error']"}
RESULT: {"using":"xpath","value":"//span[text()='Error']"}
COMMAND: POST /session/0f9fc47df39b2636afa0727ce1e2e785/element - {"using":"xpath","value":"//button[@data-kt=\"MasterMovementAddOverflowToolbarButton\"]"}
RESULT: {"using":"xpath","value":"//button[@data-kt=\"MasterMovementAddOverflowToolbarButton\"]"}
COMMAND: POST /session/0f9fc47df39b2636afa0727ce1e2e785/elements - {"using":"xpath","value":"//button[@data-kt=\"MasterMovementAddOverflowToolbarButton\"]"}
RESULT: {"using":"xpath","value":"//button[@data-kt=\"MasterMovementAddOverflowToolbarButton\"]"}
COMMAND: POST /session/0f9fc47df39b2636afa0727ce1e2e785/execute/sync - {"script":"<script> [8489 bytes]","args":[{"element-6066-11e4-a52e-4f735466cecf":"f.88D07AF495C6772688D01791A41D8CAC.d.BC1F3DFEE25516EB417C4A2C9EE0A4C0.e.3937","ELEMENT":"f.88D07AF495C6772688D01791A41D8CAC.d.BC1F3DFEE25516EB417C4A2C9EE0A4C0.e.3937"}]}
RESULT: {"script":"<script> [8489 bytes]","args":[{"element-6066-11e4-a52e-4f735466cecf":"f.88D07AF495C6772688D01791A41D8CAC.d.BC1F3DFEE25516EB417C4A2C9EE0A4C0.e.3937","ELEMENT":"f.88D07AF495C6772688D01791A41D8CAC.d.BC1F3DFEE25516EB417C4A2C9EE0A4C0.e.3937"}]}
COMMAND: GET /session/0f9fc47df39b2636afa0727ce1e2e785/element/f.88D07AF495C6772688D01791A41D8CAC.d.BC1F3DFEE25516EB417C4A2C9EE0A4C0.e.3937/enabled - {}
COMMAND: GET /session/0f9fc47df39b2636afa0727ce1e2e785/screenshot - {}
RESULT: {}
COMMAND: POST /session/0f9fc47df39b2636afa0727ce1e2e785/execute/sync - {"script":"<script> [8489 bytes]","args":[{"element-6066-11e4-a52e-4f735466cecf":"f.88D07AF495C6772688D01791A41D8CAC.d.BC1F3DFEE25516EB417C4A2C9EE0A4C0.e.3937","ELEMENT":"f.88D07AF495C6772688D01791A41D8CAC.d.BC1F3DFEE25516EB417C4A2C9EE0A4C0.e.3937"}]}
COMMAND: GET /session/0f9fc47df39b2636afa0727ce1e2e785/screenshot - {}
RESULT: {}
RESULT: {"script":"<script> [8489 bytes]","args":[{"element-6066-11e4-a52e-4f735466cecf":"f.88D07AF495C6772688D01791A41D8CAC.d.BC1F3DFEE25516EB417C4A2C9EE0A4C0.e.3937","ELEMENT":"f.88D07AF495C6772688D01791A41D8CAC.d.BC1F3DFEE25516EB417C4A2C9EE0A4C0.e.3937"}]}
COMMAND: POST /session/0f9fc47df39b2636afa0727ce1e2e785/execute/sync - {"script":"<script> [5351 bytes]","args":[{"element-6066-11e4-a52e-4f735466cecf":"f.88D07AF495C6772688D01791A41D8CAC.d.BC1F3DFEE25516EB417C4A2C9EE0A4C0.e.3937","ELEMENT":"f.88D07AF495C6772688D01791A41D8CAC.d.BC1F3DFEE25516EB417C4A2C9EE0A4C0.e.3937"}]}
COMMAND: GET /session/0f9fc47df39b2636afa0727ce1e2e785/screenshot - {}
RESULT: {}
RESULT: {"script":"<script> [5351 bytes]","args":[{"element-6066-11e4-a52e-4f735466cecf":"f.88D07AF495C6772688D01791A41D8CAC.d.BC1F3DFEE25516EB417C4A2C9EE0A4C0.e.3937","ELEMENT":"f.88D07AF495C6772688D01791A41D8CAC.d.BC1F3DFEE25516EB417C4A2C9EE0A4C0.e.3937"}]}
COMMAND: GET /session/0f9fc47df39b2636afa0727ce1e2e785/screenshot - {}
RESULT: {}
RESULT: {}
COMMAND: POST /session/0f9fc47df39b2636afa0727ce1e2e785/execute/async - {"script":"<script> [1562 bytes]","args":[{"selector":{"controlType":"sap.ui.core.Icon","viewName":"etm.portal.ui.warehousemovements.view.MasterMovement","viewId":"application-warehousemovements-display-component---warehouseMovements","properties":{"src":{"regex":{"source":"inbox"}}},"ancestor":{"id":"application-warehousemovements-display-component---warehouseMovements--idIconTabBar"}},"wdio_ui5_key":"etmportal.ui.warehousemovements.view.MasterMovementsap.ui.core.Icon{\"src\":{\"regex\":{\"source\":\"inbox\"}}}{\"id\":\"application-warehousemovements-display-component---warehouseMovements--idIconTabBar\"}"}]}
RESULT: {"script":"<script> [1562 bytes]","args":[{"selector":{"controlType":"sap.ui.core.Icon","viewName":"etm.portal.ui.warehousemovements.view.MasterMovement","viewId":"application-warehousemovements-display-component---warehouseMovements","properties":{"src":{"regex":{"source":"inbox"}}},"ancestor":{"id":"application-warehousemovements-display-component---warehouseMovements--idIconTabBar"}},"wdio_ui5_key":"etmportal.ui.warehousemovements.view.MasterMovementsap.ui.core.Icon{\"src\":{\"regex\":{\"source\":\"inbox\"}}}{\"id\":\"application-warehousemovements-display-component---warehouseMovements--idIconTabBar\"}"}]}
RESULT: undefined
COMMAND: POST /session/0f9fc47df39b2636afa0727ce1e2e785/element - {"using":"xpath","value":"//*[@id=\"__filter29-icon\"]"}
RESULT: {"using":"xpath","value":"//*[@id=\"__filter29-icon\"]"}
COMMAND: POST /session/0f9fc47df39b2636afa0727ce1e2e785/element/f.88D07AF495C6772688D01791A41D8CAC.d.BC1F3DFEE25516EB417C4A2C9EE0A4C0.e.4001/click - {}
RESULT: {}
COMMAND: POST /session/0f9fc47df39b2636afa0727ce1e2e785/execute/async - {"script":"<script> [1562 bytes]","args":[{"selector":{"id":"application-warehousemovements-display-component---warehouseMovements--smartFilterBar-filterItemControl_BASIC-YARD-vhi"},"wdio_ui5_key":"applicationwarehousemovements-display-component---warehouseMovements--smartFilterBar-filterItemControl_BASIC-YARD-vhi"}]}
COMMAND: GET /session/0f9fc47df39b2636afa0727ce1e2e785/screenshot - {}
RESULT: {"script":"<script> [1562 bytes]","args":[{"selector":{"id":"application-warehousemovements-display-component---warehouseMovements--smartFilterBar-filterItemControl_BASIC-YARD-vhi"},"wdio_ui5_key":"applicationwarehousemovements-display-component---warehouseMovements--smartFilterBar-filterItemControl_BASIC-YARD-vhi"}]}
RESULT: undefined
COMMAND: POST /session/0f9fc47df39b2636afa0727ce1e2e785/element - {"using":"xpath","value":"//*[@id=\"application-warehousemovements-display-component---warehouseMovements--smartFilterBar-filterItemControl_BASIC-YARD-vhi\"]"}
RESULT: {}
RESULT: {"using":"xpath","value":"//*[@id=\"application-warehousemovements-display-component---warehouseMovements--smartFilterBar-filterItemControl_BASIC-YARD-vhi\"]"}
COMMAND: POST /session/0f9fc47df39b2636afa0727ce1e2e785/element/f.88D07AF495C6772688D01791A41D8CAC.d.BC1F3DFEE25516EB417C4A2C9EE0A4C0.e.4007/click - {}
RESULT: {}
COMMAND: GET /session/0f9fc47df39b2636afa0727ce1e2e785/screenshot - {}
RESULT: {}
COMMAND: POST /session/0f9fc47df39b2636afa0727ce1e2e785/execute/async - {"script":"<script> [1562 bytes]","args":[{"selector":{"id":"application-warehousemovements-display-component---warehouseMovements--smartFilterBar-filterItemControl_BASIC-YARD-valueHelpDialog-smartFilterBar-btnBasicSearch","searchOpenDialogs":true,"interaction":{"idSuffix":"I"}},"wdio_ui5_key":"applicationwarehousemovements-display-component---warehouseMovements--smartFilterBar-filterItemControl_BASIC-YARD-valueHelpDialog-smartFilterBar-btnBasicSearch"}]}
RESULT: {"script":"<script> [1562 bytes]","args":[{"selector":{"id":"application-warehousemovements-display-component---warehouseMovements--smartFilterBar-filterItemControl_BASIC-YARD-valueHelpDialog-smartFilterBar-btnBasicSearch","searchOpenDialogs":true,"interaction":{"idSuffix":"I"}},"wdio_ui5_key":"applicationwarehousemovements-display-component---warehouseMovements--smartFilterBar-filterItemControl_BASIC-YARD-valueHelpDialog-smartFilterBar-btnBasicSearch"}]}
RESULT: undefined
COMMAND: POST /session/0f9fc47df39b2636afa0727ce1e2e785/execute/async - {"script":"<script> [776 bytes]","args":[{"enterText":"379","selector":{"id":"application-warehousemovements-display-component---warehouseMovements--smartFilterBar-filterItemControl_BASIC-YARD-valueHelpDialog-smartFilterBar-btnBasicSearch","searchOpenDialogs":true,"interaction":{"idSuffix":"I"}},"clearTextFirst":true,"interactionType":"ENTER_TEXT"}]}
RESULT: {"script":"<script> [776 bytes]","args":[{"enterText":"379","selector":{"id":"application-warehousemovements-display-component---warehouseMovements--smartFilterBar-filterItemControl_BASIC-YARD-valueHelpDialog-smartFilterBar-btnBasicSearch","searchOpenDialogs":true,"interaction":{"idSuffix":"I"}},"clearTextFirst":true,"interactionType":"ENTER_TEXT"}]}
COMMAND: POST /session/0f9fc47df39b2636afa0727ce1e2e785/actions - {"actions":[{"id":"action12","type":"key","parameters":{},"actions":[{"type":"keyDown","value":"î€‡"},{"type":"pause","duration":10},{"type":"keyUp","value":"î€‡"}]}]}
RESULT: {"actions":[{"id":"action12","type":"key","parameters":{},"actions":[{"type":"keyDown","value":"î€‡"},{"type":"pause","duration":10},{"type":"keyUp","value":"î€‡"}]}]}
COMMAND: GET /session/0f9fc47df39b2636afa0727ce1e2e785/screenshot - {}
RESULT: {}
COMMAND: POST /session/0f9fc47df39b2636afa0727ce1e2e785/elements - {"using":"xpath","value":"//table[contains(@id, \"smartFilterBar-filterItemControl_BASIC-YARD-valueHelpDialog-table-table\")]/tbody/tr"}
RESULT: {"using":"xpath","value":"//table[contains(@id, \"smartFilterBar-filterItemControl_BASIC-YARD-valueHelpDialog-table-table\")]/tbody/tr"}
COMMAND: POST /session/0f9fc47df39b2636afa0727ce1e2e785/element - {"using":"xpath","value":"//table[contains(@id, \"smartFilterBar-filterItemControl_BASIC-YARD-valueHelpDialog-table-table\")]/tbody/tr[1]/td[1]/div/span"}
RESULT: {"using":"xpath","value":"//table[contains(@id, \"smartFilterBar-filterItemControl_BASIC-YARD-valueHelpDialog-table-table\")]/tbody/tr[1]/td[1]/div/span"}
COMMAND: POST /session/0f9fc47df39b2636afa0727ce1e2e785/elements - {"using":"xpath","value":"//table[contains(@id, \"smartFilterBar-filterItemControl_BASIC-YARD-valueHelpDialog-table-table\")]/tbody/tr[1]/td[1]/div/span"}
RESULT: {"using":"xpath","value":"//table[contains(@id, \"smartFilterBar-filterItemControl_BASIC-YARD-valueHelpDialog-table-table\")]/tbody/tr[1]/td[1]/div/span"}
COMMAND: POST /session/0f9fc47df39b2636afa0727ce1e2e785/execute/sync - {"script":"<script> [56 bytes]","args":[{"element-6066-11e4-a52e-4f735466cecf":"f.88D07AF495C6772688D01791A41D8CAC.d.BC1F3DFEE25516EB417C4A2C9EE0A4C0.e.4028","ELEMENT":"f.88D07AF495C6772688D01791A41D8CAC.d.BC1F3DFEE25516EB417C4A2C9EE0A4C0.e.4028"}]}
RESULT: {"script":"<script> [56 bytes]","args":[{"element-6066-11e4-a52e-4f735466cecf":"f.88D07AF495C6772688D01791A41D8CAC.d.BC1F3DFEE25516EB417C4A2C9EE0A4C0.e.4028","ELEMENT":"f.88D07AF495C6772688D01791A41D8CAC.d.BC1F3DFEE25516EB417C4A2C9EE0A4C0.e.4028"}]}
COMMAND: POST /session/0f9fc47df39b2636afa0727ce1e2e785/element - {"using":"xpath","value":"//div[@id=\"application-warehousemovements-display-component---warehouseMovements--smartFilterBar-filterItemControl_BASIC-YARD-valueHelpDialog-table-rowsel0\"]"}
COMMAND: GET /session/0f9fc47df39b2636afa0727ce1e2e785/screenshot - {}
RESULT: {"using":"xpath","value":"//div[@id=\"application-warehousemovements-display-component---warehouseMovements--smartFilterBar-filterItemControl_BASIC-YARD-valueHelpDialog-table-rowsel0\"]"}
COMMAND: POST /session/0f9fc47df39b2636afa0727ce1e2e785/element/f.88D07AF495C6772688D01791A41D8CAC.d.BC1F3DFEE25516EB417C4A2C9EE0A4C0.e.4029/click - {}
RESULT: {}
RESULT: {}
COMMAND: GET /session/0f9fc47df39b2636afa0727ce1e2e785/screenshot - {}
RESULT: {}
COMMAND: POST /session/0f9fc47df39b2636afa0727ce1e2e785/execute/async - {"script":"<script> [1562 bytes]","args":[{"selector":{"id":"application-warehousemovements-display-component---warehouseMovements--smartFilterBar-filterItemControl_BASIC-YARD-valueHelpDialog-ok","searchOpenDialogs":true,"interaction":{"idSuffix":"inner"}},"wdio_ui5_key":"applicationwarehousemovements-display-component---warehouseMovements--smartFilterBar-filterItemControl_BASIC-YARD-valueHelpDialog-ok"}]}
RESULT: {"script":"<script> [1562 bytes]","args":[{"selector":{"id":"application-warehousemovements-display-component---warehouseMovements--smartFilterBar-filterItemControl_BASIC-YARD-valueHelpDialog-ok","searchOpenDialogs":true,"interaction":{"idSuffix":"inner"}},"wdio_ui5_key":"applicationwarehousemovements-display-component---warehouseMovements--smartFilterBar-filterItemControl_BASIC-YARD-valueHelpDialog-ok"}]}
RESULT: undefined
COMMAND: POST /session/0f9fc47df39b2636afa0727ce1e2e785/element - {"using":"xpath","value":"//*[@id=\"application-warehousemovements-display-component---warehouseMovements--smartFilterBar-filterItemControl_BASIC-YARD-valueHelpDialog-ok\"]"}
RESULT: {"using":"xpath","value":"//*[@id=\"application-warehousemovements-display-component---warehouseMovements--smartFilterBar-filterItemControl_BASIC-YARD-valueHelpDialog-ok\"]"}
COMMAND: POST /session/0f9fc47df39b2636afa0727ce1e2e785/element/f.88D07AF495C6772688D01791A41D8CAC.d.BC1F3DFEE25516EB417C4A2C9EE0A4C0.e.4032/click - {}
RESULT: {}
COMMAND: GET /session/0f9fc47df39b2636afa0727ce1e2e785/screenshot - {}
RESULT: {}
COMMAND: POST /session/0f9fc47df39b2636afa0727ce1e2e785/execute/async - {"script":"<script> [1562 bytes]","args":[{"selector":{"controlType":"sap.ui.core.Icon","viewName":"etm.portal.ui.warehousemovements.view.MasterMovement","viewId":"application-warehousemovements-display-component---warehouseMovements","properties":{"src":{"regex":{"source":"add"}}}},"wdio_ui5_key":"etmportal.ui.warehousemovements.view.MasterMovementsap.ui.core.Icon{\"src\":{\"regex\":{\"source\":\"add\"}}}"}]}
RESULT: {"script":"<script> [1562 bytes]","args":[{"selector":{"controlType":"sap.ui.core.Icon","viewName":"etm.portal.ui.warehousemovements.view.MasterMovement","viewId":"application-warehousemovements-display-component---warehouseMovements","properties":{"src":{"regex":{"source":"add"}}}},"wdio_ui5_key":"etmportal.ui.warehousemovements.view.MasterMovementsap.ui.core.Icon{\"src\":{\"regex\":{\"source\":\"add\"}}}"}]}
RESULT: undefined
COMMAND: POST /session/0f9fc47df39b2636afa0727ce1e2e785/element - {"using":"xpath","value":"//*[@id=\"__button285-img\"]"}
RESULT: {"using":"xpath","value":"//*[@id=\"__button285-img\"]"}
COMMAND: POST /session/0f9fc47df39b2636afa0727ce1e2e785/element/f.88D07AF495C6772688D01791A41D8CAC.d.BC1F3DFEE25516EB417C4A2C9EE0A4C0.e.3939/click - {}
RESULT: {}
COMMAND: GET /session/0f9fc47df39b2636afa0727ce1e2e785/screenshot - {}
RESULT: {}
COMMAND: POST /session/0f9fc47df39b2636afa0727ce1e2e785/execute/async - {"script":"<script> [1562 bytes]","args":[{"selector":{"id":"application-warehousemovements-display-component---addMovement--sectionsList-arrow"},"wdio_ui5_key":"applicationwarehousemovements-display-component---addMovement--sectionsList-arrow"}]}
RESULT: {"script":"<script> [1562 bytes]","args":[{"selector":{"id":"application-warehousemovements-display-component---addMovement--sectionsList-arrow"},"wdio_ui5_key":"applicationwarehousemovements-display-component---addMovement--sectionsList-arrow"}]}
RESULT: undefined
COMMAND: POST /session/0f9fc47df39b2636afa0727ce1e2e785/element - {"using":"xpath","value":"//*[@id=\"application-warehousemovements-display-component---addMovement--sectionsList-arrow\"]"}
RESULT: {"using":"xpath","value":"//*[@id=\"application-warehousemovements-display-component---addMovement--sectionsList-arrow\"]"}
COMMAND: POST /session/0f9fc47df39b2636afa0727ce1e2e785/element/f.88D07AF495C6772688D01791A41D8CAC.d.BC1F3DFEE25516EB417C4A2C9EE0A4C0.e.4155/click - {}
RESULT: {}
COMMAND: GET /session/0f9fc47df39b2636afa0727ce1e2e785/screenshot - {}
RESULT: {}
COMMAND: POST /session/0f9fc47df39b2636afa0727ce1e2e785/execute/async - {"script":"<script> [1562 bytes]","args":[{"selector":{"controlType":"sap.m.StandardListItem","viewName":"etm.portal.ui.warehousemovements.view.AddMovement","viewId":"application-warehousemovements-display-component---addMovement","properties":{"type":"Active"},"searchOpenDialogs":true,"interaction":{"idSuffix":"titleText"}},"wdio_ui5_key":"etmportal.ui.warehousemovements.view.AddMovementsap.m.StandardListItem{\"type\":\"Active\"}"}]}
RESULT: {"script":"<script> [1562 bytes]","args":[{"selector":{"controlType":"sap.m.StandardListItem","viewName":"etm.portal.ui.warehousemovements.view.AddMovement","viewId":"application-warehousemovements-display-component---addMovement","properties":{"type":"Active"},"searchOpenDialogs":true,"interaction":{"idSuffix":"titleText"}},"wdio_ui5_key":"etmportal.ui.warehousemovements.view.AddMovementsap.m.StandardListItem{\"type\":\"Active\"}"}]}
RESULT: undefined
COMMAND: POST /session/0f9fc47df39b2636afa0727ce1e2e785/element - {"using":"xpath","value":"//*[@id=\"__item2223\"]"}
RESULT: {"using":"xpath","value":"//*[@id=\"__item2223\"]"}
COMMAND: POST /session/0f9fc47df39b2636afa0727ce1e2e785/element/f.88D07AF495C6772688D01791A41D8CAC.d.BC1F3DFEE25516EB417C4A2C9EE0A4C0.e.4157/click - {}
RESULT: {}
COMMAND: GET /session/0f9fc47df39b2636afa0727ce1e2e785/screenshot - {}
RESULT: {}
COMMAND: POST /session/0f9fc47df39b2636afa0727ce1e2e785/execute/async - {"script":"<script> [1562 bytes]","args":[{"selector":{"controlType":"sap.m.Button","viewName":"etm.portal.ui.warehousemovements.view.AddMovement","viewId":"application-warehousemovements-display-component---addMovement","properties":{"text":"Items"},"interaction":{"idSuffix":"BDI-content"}},"wdio_ui5_key":"etmportal.ui.warehousemovements.view.AddMovementsap.m.Button{\"text\":\"Items\"}"}]}
RESULT: {"script":"<script> [1562 bytes]","args":[{"selector":{"controlType":"sap.m.Button","viewName":"etm.portal.ui.warehousemovements.view.AddMovement","viewId":"application-warehousemovements-display-component---addMovement","properties":{"text":"Items"},"interaction":{"idSuffix":"BDI-content"}},"wdio_ui5_key":"etmportal.ui.warehousemovements.view.AddMovementsap.m.Button{\"text\":\"Items\"}"}]}
RESULT: undefined
COMMAND: POST /session/0f9fc47df39b2636afa0727ce1e2e785/element - {"using":"xpath","value":"//*[@id=\"__layout375-anchBar-application-warehousemovements-display-component---addMovement--itemsSection-anchor\"]"}
RESULT: {"using":"xpath","value":"//*[@id=\"__layout375-anchBar-application-warehousemovements-display-component---addMovement--itemsSection-anchor\"]"}
COMMAND: POST /session/0f9fc47df39b2636afa0727ce1e2e785/element/f.88D07AF495C6772688D01791A41D8CAC.d.BC1F3DFEE25516EB417C4A2C9EE0A4C0.e.4159/click - {}
RESULT: {}
COMMAND: GET /session/0f9fc47df39b2636afa0727ce1e2e785/screenshot - {}
RESULT: {}
COMMAND: POST /session/0f9fc47df39b2636afa0727ce1e2e785/execute/async - {"script":"<script> [1562 bytes]","args":[{"selector":{"id":"application-warehousemovements-display-component---addMovement--addItem","interaction":{"idSuffix":"inner"}},"wdio_ui5_key":"applicationwarehousemovements-display-component---addMovement--addItem"}]}
RESULT: {"script":"<script> [1562 bytes]","args":[{"selector":{"id":"application-warehousemovements-display-component---addMovement--addItem","interaction":{"idSuffix":"inner"}},"wdio_ui5_key":"applicationwarehousemovements-display-component---addMovement--addItem"}]}
RESULT: undefined
COMMAND: POST /session/0f9fc47df39b2636afa0727ce1e2e785/element - {"using":"xpath","value":"//*[@id=\"application-warehousemovements-display-component---addMovement--addItem\"]"}
RESULT: {"using":"xpath","value":"//*[@id=\"application-warehousemovements-display-component---addMovement--addItem\"]"}
COMMAND: POST /session/0f9fc47df39b2636afa0727ce1e2e785/element/f.88D07AF495C6772688D01791A41D8CAC.d.BC1F3DFEE25516EB417C4A2C9EE0A4C0.e.4127/click - {}
RESULT: {}
COMMAND: GET /session/0f9fc47df39b2636afa0727ce1e2e785/screenshot - {}
RESULT: {}
COMMAND: POST /session/0f9fc47df39b2636afa0727ce1e2e785/execute/async - {"script":"<script> [1562 bytes]","args":[{"selector":{"id":"movementItemsPopUp--movementItemsTable-sa","searchOpenDialogs":true},"wdio_ui5_key":"movementItemsPopUpmovementItemsTable-sa"}]}
RESULT: {"script":"<script> [1562 bytes]","args":[{"selector":{"id":"movementItemsPopUp--movementItemsTable-sa","searchOpenDialogs":true},"wdio_ui5_key":"movementItemsPopUpmovementItemsTable-sa"}]}
RESULT: undefined
COMMAND: POST /session/0f9fc47df39b2636afa0727ce1e2e785/element - {"using":"xpath","value":"//*[@id=\"movementItemsPopUp--movementItemsTable-sa\"]"}
RESULT: {"using":"xpath","value":"//*[@id=\"movementItemsPopUp--movementItemsTable-sa\"]"}
COMMAND: POST /session/0f9fc47df39b2636afa0727ce1e2e785/element/f.88D07AF495C6772688D01791A41D8CAC.d.BC1F3DFEE25516EB417C4A2C9EE0A4C0.e.4182/click - {}
RESULT: {}
COMMAND: GET /session/0f9fc47df39b2636afa0727ce1e2e785/screenshot - {}
RESULT: {}
COMMAND: POST /session/0f9fc47df39b2636afa0727ce1e2e785/execute/async - {"script":"<script> [1562 bytes]","args":[{"selector":{"id":"movementItemsPopUp--createBtn","searchOpenDialogs":true,"interaction":{"idSuffix":"BDI-content"}},"wdio_ui5_key":"movementItemsPopUpcreateBtn"}]}
RESULT: {"script":"<script> [1562 bytes]","args":[{"selector":{"id":"movementItemsPopUp--createBtn","searchOpenDialogs":true,"interaction":{"idSuffix":"BDI-content"}},"wdio_ui5_key":"movementItemsPopUpcreateBtn"}]}
RESULT: undefined
COMMAND: POST /session/0f9fc47df39b2636afa0727ce1e2e785/element - {"using":"xpath","value":"//*[@id=\"movementItemsPopUp--createBtn\"]"}
RESULT: {"using":"xpath","value":"//*[@id=\"movementItemsPopUp--createBtn\"]"}
COMMAND: POST /session/0f9fc47df39b2636afa0727ce1e2e785/element/f.88D07AF495C6772688D01791A41D8CAC.d.BC1F3DFEE25516EB417C4A2C9EE0A4C0.e.4185/click - {}
RESULT: {}
COMMAND: GET /session/0f9fc47df39b2636afa0727ce1e2e785/screenshot - {}
RESULT: {}
COMMAND: POST /session/0f9fc47df39b2636afa0727ce1e2e785/execute/async - {"script":"<script> [1562 bytes]","args":[{"selector":{"controlType":"etm.portal.ui.reusables.customControls.LiveSearchComboBox","viewName":"etm.portal.ui.warehousemovements.view.AddMovement","viewId":"application-warehousemovements-display-component---addMovement","bindingPath":{"path":"/items/0","propertyPath":"DESTINATION_SECTION","modelName":"newMovement"},"interaction":{"idSuffix":"inner"}},"wdio_ui5_key":"etmportal.ui.warehousemovements.view.AddMovementetm.portal.ui.reusables.customControls.LiveSearchComboBox{\"path\":\"/items/0\",\"propertyPath\":\"DESTINATION_SECTION\",\"modelName\":\"newMovement\"}"}]}
RESULT: {"script":"<script> [1562 bytes]","args":[{"selector":{"controlType":"etm.portal.ui.reusables.customControls.LiveSearchComboBox","viewName":"etm.portal.ui.warehousemovements.view.AddMovement","viewId":"application-warehousemovements-display-component---addMovement","bindingPath":{"path":"/items/0","propertyPath":"DESTINATION_SECTION","modelName":"newMovement"},"interaction":{"idSuffix":"inner"}},"wdio_ui5_key":"etmportal.ui.warehousemovements.view.AddMovementetm.portal.ui.reusables.customControls.LiveSearchComboBox{\"path\":\"/items/0\",\"propertyPath\":\"DESTINATION_SECTION\",\"modelName\":\"newMovement\"}"}]}
RESULT: undefined
COMMAND: POST /session/0f9fc47df39b2636afa0727ce1e2e785/execute/async - {"script":"<script> [776 bytes]","args":[{"enterText":"111 - PUTAWAY_WEBDRIVER_DESC","selector":{"controlType":"etm.portal.ui.reusables.customControls.LiveSearchComboBox","viewName":"etm.portal.ui.warehousemovements.view.AddMovement","viewId":"application-warehousemovements-display-component---addMovement","bindingPath":{"path":"/items/0","propertyPath":"DESTINATION_SECTION","modelName":"newMovement"},"interaction":{"idSuffix":"inner"}},"clearTextFirst":true,"interactionType":"ENTER_TEXT"}]}
RESULT: {"script":"<script> [776 bytes]","args":[{"enterText":"111 - PUTAWAY_WEBDRIVER_DESC","selector":{"controlType":"etm.portal.ui.reusables.customControls.LiveSearchComboBox","viewName":"etm.portal.ui.warehousemovements.view.AddMovement","viewId":"application-warehousemovements-display-component---addMovement","bindingPath":{"path":"/items/0","propertyPath":"DESTINATION_SECTION","modelName":"newMovement"},"interaction":{"idSuffix":"inner"}},"clearTextFirst":true,"interactionType":"ENTER_TEXT"}]}
COMMAND: POST /session/0f9fc47df39b2636afa0727ce1e2e785/execute/async - {"script":"<script> [1562 bytes]","args":[{"selector":{"controlType":"etm.portal.ui.reusables.customControls.LiveSearchComboBox","viewName":"etm.portal.ui.warehousemovements.view.AddMovement","viewId":"application-warehousemovements-display-component---addMovement","bindingPath":{"path":"/items/0","propertyPath":"DESTINATION_BIN","modelName":"newMovement"},"interaction":{"idSuffix":"inner"}},"wdio_ui5_key":"etmportal.ui.warehousemovements.view.AddMovementetm.portal.ui.reusables.customControls.LiveSearchComboBox{\"path\":\"/items/0\",\"propertyPath\":\"DESTINATION_BIN\",\"modelName\":\"newMovement\"}"}]}
RESULT: {"script":"<script> [1562 bytes]","args":[{"selector":{"controlType":"etm.portal.ui.reusables.customControls.LiveSearchComboBox","viewName":"etm.portal.ui.warehousemovements.view.AddMovement","viewId":"application-warehousemovements-display-component---addMovement","bindingPath":{"path":"/items/0","propertyPath":"DESTINATION_BIN","modelName":"newMovement"},"interaction":{"idSuffix":"inner"}},"wdio_ui5_key":"etmportal.ui.warehousemovements.view.AddMovementetm.portal.ui.reusables.customControls.LiveSearchComboBox{\"path\":\"/items/0\",\"propertyPath\":\"DESTINATION_BIN\",\"modelName\":\"newMovement\"}"}]}
RESULT: undefined
COMMAND: POST /session/0f9fc47df39b2636afa0727ce1e2e785/execute/async - {"script":"<script> [776 bytes]","args":[{"enterText":"TP001 - PUTAWAY","selector":{"controlType":"etm.portal.ui.reusables.customControls.LiveSearchComboBox","viewName":"etm.portal.ui.warehousemovements.view.AddMovement","viewId":"application-warehousemovements-display-component---addMovement","bindingPath":{"path":"/items/0","propertyPath":"DESTINATION_BIN","modelName":"newMovement"},"interaction":{"idSuffix":"inner"}},"clearTextFirst":true,"interactionType":"ENTER_TEXT"}]}
RESULT: {"script":"<script> [776 bytes]","args":[{"enterText":"TP001 - PUTAWAY","selector":{"controlType":"etm.portal.ui.reusables.customControls.LiveSearchComboBox","viewName":"etm.portal.ui.warehousemovements.view.AddMovement","viewId":"application-warehousemovements-display-component---addMovement","bindingPath":{"path":"/items/0","propertyPath":"DESTINATION_BIN","modelName":"newMovement"},"interaction":{"idSuffix":"inner"}},"clearTextFirst":true,"interactionType":"ENTER_TEXT"}]}
COMMAND: POST /session/0f9fc47df39b2636afa0727ce1e2e785/execute/async - {"script":"<script> [1562 bytes]","args":[{"selector":{"id":"application-warehousemovements-display-component---addMovement--saveMovementBtn","interaction":{"idSuffix":"BDI-content"}},"wdio_ui5_key":"applicationwarehousemovements-display-component---addMovement--saveMovementBtn"}]}
RESULT: {"script":"<script> [1562 bytes]","args":[{"selector":{"id":"application-warehousemovements-display-component---addMovement--saveMovementBtn","interaction":{"idSuffix":"BDI-content"}},"wdio_ui5_key":"applicationwarehousemovements-display-component---addMovement--saveMovementBtn"}]}
RESULT: undefined
COMMAND: POST /session/0f9fc47df39b2636afa0727ce1e2e785/element - {"using":"xpath","value":"//*[@id=\"application-warehousemovements-display-component---addMovement--saveMovementBtn\"]"}
RESULT: {"using":"xpath","value":"//*[@id=\"application-warehousemovements-display-component---addMovement--saveMovementBtn\"]"}
COMMAND: POST /session/0f9fc47df39b2636afa0727ce1e2e785/element/f.88D07AF495C6772688D01791A41D8CAC.d.BC1F3DFEE25516EB417C4A2C9EE0A4C0.e.4133/click - {}
RESULT: {}
COMMAND: GET /session/0f9fc47df39b2636afa0727ce1e2e785/screenshot - {}
RESULT: {}
COMMAND: POST /session/0f9fc47df39b2636afa0727ce1e2e785/execute/async - {"script":"<script> [1562 bytes]","args":[{"selector":{"controlType":"sap.m.Button","viewName":"etm.portal.ui.warehousemovements.view.DisplayMovement","viewId":"application-warehousemovements-display-component---displayMovement","i18NText":{"propertyName":"text","key":"execution"},"interaction":{"idSuffix":"BDI-content"}},"wdio_ui5_key":"etmportal.ui.warehousemovements.view.DisplayMovementsap.m.Button{\"propertyName\":\"text\",\"key\":\"execution\"}"}]}
RESULT: {"script":"<script> [1562 bytes]","args":[{"selector":{"controlType":"sap.m.Button","viewName":"etm.portal.ui.warehousemovements.view.DisplayMovement","viewId":"application-warehousemovements-display-component---displayMovement","i18NText":{"propertyName":"text","key":"execution"},"interaction":{"idSuffix":"BDI-content"}},"wdio_ui5_key":"etmportal.ui.warehousemovements.view.DisplayMovementsap.m.Button{\"propertyName\":\"text\",\"key\":\"execution\"}"}]}
RESULT: undefined
COMMAND: POST /session/0f9fc47df39b2636afa0727ce1e2e785/element - {"using":"xpath","value":"//*[@id=\"__button298\"]"}
RESULT: {"using":"xpath","value":"//*[@id=\"__button298\"]"}
COMMAND: POST /session/0f9fc47df39b2636afa0727ce1e2e785/element/f.88D07AF495C6772688D01791A41D8CAC.d.BC1F3DFEE25516EB417C4A2C9EE0A4C0.e.4263/click - {}
RESULT: {}
COMMAND: GET /session/0f9fc47df39b2636afa0727ce1e2e785/screenshot - {}
RESULT: {}
COMMAND: POST /session/0f9fc47df39b2636afa0727ce1e2e785/execute/async - {"script":"<script> [1562 bytes]","args":[{"selector":{"controlType":"sap.m.ToggleButton","viewName":"etm.portal.ui.warehousemovements.view.ExecuteMovement","viewId":"application-warehousemovements-display-component---executeMovement","bindingPath":{"path":"","propertyPath":"STATUS","modelName":"catalogModel"}},"wdio_ui5_key":"etmportal.ui.warehousemovements.view.ExecuteMovementsap.m.ToggleButton{\"path\":\"\",\"propertyPath\":\"STATUS\",\"modelName\":\"catalogModel\"}"}]}
RESULT: {"script":"<script> [1562 bytes]","args":[{"selector":{"controlType":"sap.m.ToggleButton","viewName":"etm.portal.ui.warehousemovements.view.ExecuteMovement","viewId":"application-warehousemovements-display-component---executeMovement","bindingPath":{"path":"","propertyPath":"STATUS","modelName":"catalogModel"}},"wdio_ui5_key":"etmportal.ui.warehousemovements.view.ExecuteMovementsap.m.ToggleButton{\"path\":\"\",\"propertyPath\":\"STATUS\",\"modelName\":\"catalogModel\"}"}]}
RESULT: undefined
COMMAND: POST /session/0f9fc47df39b2636afa0727ce1e2e785/element - {"using":"xpath","value":"//*[@id=\"__button319-__clone7379\"]"}
RESULT: {"using":"xpath","value":"//*[@id=\"__button319-__clone7379\"]"}
COMMAND: POST /session/0f9fc47df39b2636afa0727ce1e2e785/element/f.88D07AF495C6772688D01791A41D8CAC.d.BC1F3DFEE25516EB417C4A2C9EE0A4C0.e.4323/click - {}
RESULT: {}
COMMAND: GET /session/0f9fc47df39b2636afa0727ce1e2e785/screenshot - {}
RESULT: {}
RESULT: undefined
COMMAND: POST /session/0f9fc47df39b2636afa0727ce1e2e785/element - {"using":"xpath","value":"//*[@id=\"__button319-__clone7379\"]"}
RESULT: {"using":"xpath","value":"//*[@id=\"__button319-__clone7379\"]"}
COMMAND: POST /session/0f9fc47df39b2636afa0727ce1e2e785/element/f.88D07AF495C6772688D01791A41D8CAC.d.BC1F3DFEE25516EB417C4A2C9EE0A4C0.e.4323/click - {}
RESULT: {}
COMMAND: GET /session/0f9fc47df39b2636afa0727ce1e2e785/screenshot - {}
RESULT: {}
COMMAND: POST /session/0f9fc47df39b2636afa0727ce1e2e785/execute/async - {"script":"<script> [1562 bytes]","args":[{"selector":{"id":"application-warehousemovements-display-component---executeMovement--executeId","interaction":{"idSuffix":"BDI-content"}},"wdio_ui5_key":"applicationwarehousemovements-display-component---executeMovement--executeId"}]}
RESULT: {"script":"<script> [1562 bytes]","args":[{"selector":{"id":"application-warehousemovements-display-component---executeMovement--executeId","interaction":{"idSuffix":"BDI-content"}},"wdio_ui5_key":"applicationwarehousemovements-display-component---executeMovement--executeId"}]}
RESULT: undefined
COMMAND: POST /session/0f9fc47df39b2636afa0727ce1e2e785/element - {"using":"xpath","value":"//*[@id=\"application-warehousemovements-display-component---executeMovement--executeId\"]"}
RESULT: {"using":"xpath","value":"//*[@id=\"application-warehousemovements-display-component---executeMovement--executeId\"]"}
COMMAND: POST /session/0f9fc47df39b2636afa0727ce1e2e785/element/f.88D07AF495C6772688D01791A41D8CAC.d.BC1F3DFEE25516EB417C4A2C9EE0A4C0.e.4315/click - {}
RESULT: {}
COMMAND: GET /session/0f9fc47df39b2636afa0727ce1e2e785/screenshot - {}
RESULT: {}
COMMAND: POST /session/0f9fc47df39b2636afa0727ce1e2e785/element - {"using":"css selector","value":"#shell-header-logo"}
RESULT: {"using":"css selector","value":"#shell-header-logo"}
COMMAND: POST /session/0f9fc47df39b2636afa0727ce1e2e785/element/f.88D07AF495C6772688D01791A41D8CAC.d.BC1F3DFEE25516EB417C4A2C9EE0A4C0.e.3906/click - {}
RESULT: {}
COMMAND: GET /session/0f9fc47df39b2636afa0727ce1e2e785/screenshot - {}
RESULT: {}
COMMAND: DELETE /session/0f9fc47df39b2636afa0727ce1e2e785 - {}
RESULT: {}
]]></system-out>
    </testcase>
  </testsuite>
</testsuites>