<?xml version="1.0" encoding="UTF-8"?>
<testsuites tests="58" failures="14" errors="14" skipped="0">
  <testsuite timestamp="2025-05-15T17:13:07" time="967.052" tests="11" failures="0" errors="0" skipped="0">
    <properties>
      <property name="specId" value="0" />
      <property name="suiteName" value="Billing confirm US117289" />
      <property name="capabilities" value="chrome.136_0_7103_93.windows" />
      <property name="file" value="file:///D:/a/1/s/test/specs/BTS/billing-confirm.spec.js" />
    </properties>
    <testcase classname="chrome.136_0_7103_93.windows.Billing_confirm_US117289" name="Should create a new yard" time="117.784">
      <system-out><![CDATA[
COMMAND: POST /session/ff0536b58743eaf2c437238d004892b9/window/fullscreen - {}
RESULT: {}
COMMAND: POST /session/ff0536b58743eaf2c437238d004892b9/execute/async - {"script":"<script> [1562 bytes]","args":[{"selector":{"controlType":"sap.m.GenericTile","properties":{"header":"Manage Yards"}},"wdio_ui5_key":"sapm.GenericTile{\"header\":\"Manage Yards\"}"}]}
RESULT: {"script":"<script> [1562 bytes]","args":[{"selector":{"controlType":"sap.m.GenericTile","properties":{"header":"Manage Yards"}},"wdio_ui5_key":"sapm.GenericTile{\"header\":\"Manage Yards\"}"}]}
RESULT: undefined
COMMAND: POST /session/ff0536b58743eaf2c437238d004892b9/element - {"using":"xpath","value":"//*[@id=\"__tile41\"]"}
RESULT: {"using":"xpath","value":"//*[@id=\"__tile41\"]"}
COMMAND: POST /session/ff0536b58743eaf2c437238d004892b9/element/f.BB3617BF1549F1B1531810C266B34E3A.d.48BED7A6A50DF2C906235586E860262C.e.163/click - {}
RESULT: {}
COMMAND: GET /session/ff0536b58743eaf2c437238d004892b9/screenshot - {}
RESULT: {}
COMMAND: POST /session/ff0536b58743eaf2c437238d004892b9/elements - {"using":"xpath","value":"//span[text()='Error']"}
RESULT: {"using":"xpath","value":"//span[text()='Error']"}
COMMAND: POST /session/ff0536b58743eaf2c437238d004892b9/element - {"using":"xpath","value":"//button[@data-kt=\"addNewYardOverflowToolbarButton\"]"}
RESULT: {"using":"xpath","value":"//button[@data-kt=\"addNewYardOverflowToolbarButton\"]"}
COMMAND: POST /session/ff0536b58743eaf2c437238d004892b9/elements - {"using":"xpath","value":"//button[@data-kt=\"addNewYardOverflowToolbarButton\"]"}
RESULT: {"using":"xpath","value":"//button[@data-kt=\"addNewYardOverflowToolbarButton\"]"}
COMMAND: POST /session/ff0536b58743eaf2c437238d004892b9/elements - {"using":"xpath","value":"//button[@data-kt=\"addNewYardOverflowToolbarButton\"]"}
RESULT: {"using":"xpath","value":"//button[@data-kt=\"addNewYardOverflowToolbarButton\"]"}
COMMAND: POST /session/ff0536b58743eaf2c437238d004892b9/elements - {"using":"xpath","value":"//button[@data-kt=\"addNewYardOverflowToolbarButton\"]"}
RESULT: {"using":"xpath","value":"//button[@data-kt=\"addNewYardOverflowToolbarButton\"]"}
COMMAND: POST /session/ff0536b58743eaf2c437238d004892b9/elements - {"using":"xpath","value":"//button[@data-kt=\"addNewYardOverflowToolbarButton\"]"}
RESULT: {"using":"xpath","value":"//button[@data-kt=\"addNewYardOverflowToolbarButton\"]"}
COMMAND: POST /session/ff0536b58743eaf2c437238d004892b9/elements - {"using":"xpath","value":"//button[@data-kt=\"addNewYardOverflowToolbarButton\"]"}
RESULT: {"using":"xpath","value":"//button[@data-kt=\"addNewYardOverflowToolbarButton\"]"}
COMMAND: POST /session/ff0536b58743eaf2c437238d004892b9/elements - {"using":"xpath","value":"//button[@data-kt=\"addNewYardOverflowToolbarButton\"]"}
RESULT: {"using":"xpath","value":"//button[@data-kt=\"addNewYardOverflowToolbarButton\"]"}
COMMAND: POST /session/ff0536b58743eaf2c437238d004892b9/elements - {"using":"xpath","value":"//button[@data-kt=\"addNewYardOverflowToolbarButton\"]"}
RESULT: {"using":"xpath","value":"//button[@data-kt=\"addNewYardOverflowToolbarButton\"]"}
COMMAND: POST /session/ff0536b58743eaf2c437238d004892b9/elements - {"using":"xpath","value":"//button[@data-kt=\"addNewYardOverflowToolbarButton\"]"}
RESULT: {"using":"xpath","value":"//button[@data-kt=\"addNewYardOverflowToolbarButton\"]"}
COMMAND: POST /session/ff0536b58743eaf2c437238d004892b9/elements - {"using":"xpath","value":"//button[@data-kt=\"addNewYardOverflowToolbarButton\"]"}
RESULT: {"using":"xpath","value":"//button[@data-kt=\"addNewYardOverflowToolbarButton\"]"}
COMMAND: POST /session/ff0536b58743eaf2c437238d004892b9/element - {"using":"xpath","value":"//button[@data-kt=\"addNewYardOverflowToolbarButton\"]"}
RESULT: {"using":"xpath","value":"//button[@data-kt=\"addNewYardOverflowToolbarButton\"]"}
COMMAND: POST /session/ff0536b58743eaf2c437238d004892b9/execute/sync - {"script":"<script> [8489 bytes]","args":[{"element-6066-11e4-a52e-4f735466cecf":"f.BB3617BF1549F1B1531810C266B34E3A.d.48BED7A6A50DF2C906235586E860262C.e.303","ELEMENT":"f.BB3617BF1549F1B1531810C266B34E3A.d.48BED7A6A50DF2C906235586E860262C.e.303"}]}
RESULT: {"script":"<script> [8489 bytes]","args":[{"element-6066-11e4-a52e-4f735466cecf":"f.BB3617BF1549F1B1531810C266B34E3A.d.48BED7A6A50DF2C906235586E860262C.e.303","ELEMENT":"f.BB3617BF1549F1B1531810C266B34E3A.d.48BED7A6A50DF2C906235586E860262C.e.303"}]}
COMMAND: GET /session/ff0536b58743eaf2c437238d004892b9/element/f.BB3617BF1549F1B1531810C266B34E3A.d.48BED7A6A50DF2C906235586E860262C.e.303/enabled - {}
COMMAND: GET /session/ff0536b58743eaf2c437238d004892b9/screenshot - {}
RESULT: {}
COMMAND: POST /session/ff0536b58743eaf2c437238d004892b9/execute/sync - {"script":"<script> [8489 bytes]","args":[{"element-6066-11e4-a52e-4f735466cecf":"f.BB3617BF1549F1B1531810C266B34E3A.d.48BED7A6A50DF2C906235586E860262C.e.303","ELEMENT":"f.BB3617BF1549F1B1531810C266B34E3A.d.48BED7A6A50DF2C906235586E860262C.e.303"}]}
COMMAND: GET /session/ff0536b58743eaf2c437238d004892b9/screenshot - {}
RESULT: {}
RESULT: {"script":"<script> [8489 bytes]","args":[{"element-6066-11e4-a52e-4f735466cecf":"f.BB3617BF1549F1B1531810C266B34E3A.d.48BED7A6A50DF2C906235586E860262C.e.303","ELEMENT":"f.BB3617BF1549F1B1531810C266B34E3A.d.48BED7A6A50DF2C906235586E860262C.e.303"}]}
COMMAND: POST /session/ff0536b58743eaf2c437238d004892b9/execute/sync - {"script":"<script> [5351 bytes]","args":[{"element-6066-11e4-a52e-4f735466cecf":"f.BB3617BF1549F1B1531810C266B34E3A.d.48BED7A6A50DF2C906235586E860262C.e.303","ELEMENT":"f.BB3617BF1549F1B1531810C266B34E3A.d.48BED7A6A50DF2C906235586E860262C.e.303"}]}
COMMAND: GET /session/ff0536b58743eaf2c437238d004892b9/screenshot - {}
RESULT: {}
RESULT: {"script":"<script> [5351 bytes]","args":[{"element-6066-11e4-a52e-4f735466cecf":"f.BB3617BF1549F1B1531810C266B34E3A.d.48BED7A6A50DF2C906235586E860262C.e.303","ELEMENT":"f.BB3617BF1549F1B1531810C266B34E3A.d.48BED7A6A50DF2C906235586E860262C.e.303"}]}
COMMAND: POST /session/ff0536b58743eaf2c437238d004892b9/element/f.BB3617BF1549F1B1531810C266B34E3A.d.48BED7A6A50DF2C906235586E860262C.e.303/click - {}
COMMAND: GET /session/ff0536b58743eaf2c437238d004892b9/screenshot - {}
RESULT: {}
RESULT: {}
COMMAND: GET /session/ff0536b58743eaf2c437238d004892b9/screenshot - {}
RESULT: {}
RESULT: {}
COMMAND: POST /session/ff0536b58743eaf2c437238d004892b9/element - {"using":"xpath","value":"//input[@id=\"application-manageyards-display-component---NewYard--yardId-inner\"]"}
RESULT: {"using":"xpath","value":"//input[@id=\"application-manageyards-display-component---NewYard--yardId-inner\"]"}
COMMAND: POST /session/ff0536b58743eaf2c437238d004892b9/element - {"using":"xpath","value":"//input[@id=\"application-manageyards-display-component---NewYard--yardId-inner\"]"}
RESULT: {"using":"xpath","value":"//input[@id=\"application-manageyards-display-component---NewYard--yardId-inner\"]"}
COMMAND: POST /session/ff0536b58743eaf2c437238d004892b9/execute/async - {"script":"<script> [1562 bytes]","args":[{"selector":{"id":"application-manageyards-display-component---NewYard--addressDetailDetailsName1","interaction":{"idSuffix":"inner"}},"wdio_ui5_key":"applicationmanageyards-display-component---NewYard--addressDetailDetailsName1"}]}
RESULT: {"script":"<script> [1562 bytes]","args":[{"selector":{"id":"application-manageyards-display-component---NewYard--addressDetailDetailsName1","interaction":{"idSuffix":"inner"}},"wdio_ui5_key":"applicationmanageyards-display-component---NewYard--addressDetailDetailsName1"}]}
RESULT: undefined
COMMAND: POST /session/ff0536b58743eaf2c437238d004892b9/execute/async - {"script":"<script> [776 bytes]","args":[{"enterText":"Intracompany Yard wdIO","selector":{"id":"application-manageyards-display-component---NewYard--addressDetailDetailsName1","interaction":{"idSuffix":"inner"}},"clearTextFirst":true,"interactionType":"ENTER_TEXT"}]}
RESULT: {"script":"<script> [776 bytes]","args":[{"enterText":"Intracompany Yard wdIO","selector":{"id":"application-manageyards-display-component---NewYard--addressDetailDetailsName1","interaction":{"idSuffix":"inner"}},"clearTextFirst":true,"interactionType":"ENTER_TEXT"}]}
COMMAND: POST /session/ff0536b58743eaf2c437238d004892b9/execute/async - {"script":"<script> [1562 bytes]","args":[{"selector":{"id":"application-manageyards-display-component---NewYard--addressDetailDetailsLanguage-arrow"},"wdio_ui5_key":"applicationmanageyards-display-component---NewYard--addressDetailDetailsLanguage-arrow"}]}
RESULT: {"script":"<script> [1562 bytes]","args":[{"selector":{"id":"application-manageyards-display-component---NewYard--addressDetailDetailsLanguage-arrow"},"wdio_ui5_key":"applicationmanageyards-display-component---NewYard--addressDetailDetailsLanguage-arrow"}]}
RESULT: undefined
COMMAND: POST /session/ff0536b58743eaf2c437238d004892b9/element - {"using":"xpath","value":"//*[@id=\"application-manageyards-display-component---NewYard--addressDetailDetailsLanguage-arrow\"]"}
RESULT: {"using":"xpath","value":"//*[@id=\"application-manageyards-display-component---NewYard--addressDetailDetailsLanguage-arrow\"]"}
COMMAND: POST /session/ff0536b58743eaf2c437238d004892b9/element/f.BB3617BF1549F1B1531810C266B34E3A.d.48BED7A6A50DF2C906235586E860262C.e.735/click - {}
RESULT: {}
COMMAND: POST /session/ff0536b58743eaf2c437238d004892b9/element - {"using":"xpath","value":"//span[contains(text(), \"English\")]"}
COMMAND: GET /session/ff0536b58743eaf2c437238d004892b9/screenshot - {}
RESULT: {"using":"xpath","value":"//span[contains(text(), \"English\")]"}
COMMAND: POST /session/ff0536b58743eaf2c437238d004892b9/element/f.BB3617BF1549F1B1531810C266B34E3A.d.48BED7A6A50DF2C906235586E860262C.e.736/click - {}
RESULT: {}
RESULT: {}
COMMAND: POST /session/ff0536b58743eaf2c437238d004892b9/execute/async - {"script":"<script> [1562 bytes]","args":[{"selector":{"id":"application-manageyards-display-component---NewYard--addressDetailDetailsCity1","interaction":{"idSuffix":"inner"}},"wdio_ui5_key":"applicationmanageyards-display-component---NewYard--addressDetailDetailsCity1"}]}
COMMAND: GET /session/ff0536b58743eaf2c437238d004892b9/screenshot - {}
RESULT: {"script":"<script> [1562 bytes]","args":[{"selector":{"id":"application-manageyards-display-component---NewYard--addressDetailDetailsCity1","interaction":{"idSuffix":"inner"}},"wdio_ui5_key":"applicationmanageyards-display-component---NewYard--addressDetailDetailsCity1"}]}
RESULT: undefined
COMMAND: POST /session/ff0536b58743eaf2c437238d004892b9/execute/async - {"script":"<script> [776 bytes]","args":[{"enterText":"Rosario","selector":{"id":"application-manageyards-display-component---NewYard--addressDetailDetailsCity1","interaction":{"idSuffix":"inner"}},"clearTextFirst":true,"interactionType":"ENTER_TEXT"}]}
RESULT: {}
RESULT: {"script":"<script> [776 bytes]","args":[{"enterText":"Rosario","selector":{"id":"application-manageyards-display-component---NewYard--addressDetailDetailsCity1","interaction":{"idSuffix":"inner"}},"clearTextFirst":true,"interactionType":"ENTER_TEXT"}]}
COMMAND: POST /session/ff0536b58743eaf2c437238d004892b9/execute/async - {"script":"<script> [1562 bytes]","args":[{"selector":{"id":"application-manageyards-display-component---NewYard--addressDetailDetailsCountry-arrow"},"wdio_ui5_key":"applicationmanageyards-display-component---NewYard--addressDetailDetailsCountry-arrow"}]}
RESULT: {"script":"<script> [1562 bytes]","args":[{"selector":{"id":"application-manageyards-display-component---NewYard--addressDetailDetailsCountry-arrow"},"wdio_ui5_key":"applicationmanageyards-display-component---NewYard--addressDetailDetailsCountry-arrow"}]}
RESULT: undefined
COMMAND: POST /session/ff0536b58743eaf2c437238d004892b9/element - {"using":"xpath","value":"//*[@id=\"application-manageyards-display-component---NewYard--addressDetailDetailsCountry-arrow\"]"}
RESULT: {"using":"xpath","value":"//*[@id=\"application-manageyards-display-component---NewYard--addressDetailDetailsCountry-arrow\"]"}
COMMAND: POST /session/ff0536b58743eaf2c437238d004892b9/element/f.BB3617BF1549F1B1531810C266B34E3A.d.48BED7A6A50DF2C906235586E860262C.e.738/click - {}
RESULT: {}
COMMAND: POST /session/ff0536b58743eaf2c437238d004892b9/element - {"using":"xpath","value":"//span[contains(text(), \"Argentina\")]"}
COMMAND: GET /session/ff0536b58743eaf2c437238d004892b9/screenshot - {}
RESULT: {"using":"xpath","value":"//span[contains(text(), \"Argentina\")]"}
COMMAND: POST /session/ff0536b58743eaf2c437238d004892b9/element/f.BB3617BF1549F1B1531810C266B34E3A.d.48BED7A6A50DF2C906235586E860262C.e.740/click - {}
RESULT: {}
RESULT: {}
COMMAND: POST /session/ff0536b58743eaf2c437238d004892b9/execute/async - {"script":"<script> [1562 bytes]","args":[{"selector":{"id":"application-manageyards-display-component---NewYard--addressEditDetailsCostObjectCstType-arrow"},"wdio_ui5_key":"applicationmanageyards-display-component---NewYard--addressEditDetailsCostObjectCstType-arrow"}]}
COMMAND: GET /session/ff0536b58743eaf2c437238d004892b9/screenshot - {}
RESULT: {"script":"<script> [1562 bytes]","args":[{"selector":{"id":"application-manageyards-display-component---NewYard--addressEditDetailsCostObjectCstType-arrow"},"wdio_ui5_key":"applicationmanageyards-display-component---NewYard--addressEditDetailsCostObjectCstType-arrow"}]}
RESULT: undefined
COMMAND: POST /session/ff0536b58743eaf2c437238d004892b9/element - {"using":"xpath","value":"//*[@id=\"application-manageyards-display-component---NewYard--addressEditDetailsCostObjectCstType-arrow\"]"}
RESULT: {}
RESULT: {"using":"xpath","value":"//*[@id=\"application-manageyards-display-component---NewYard--addressEditDetailsCostObjectCstType-arrow\"]"}
COMMAND: POST /session/ff0536b58743eaf2c437238d004892b9/element/f.BB3617BF1549F1B1531810C266B34E3A.d.48BED7A6A50DF2C906235586E860262C.e.741/click - {}
RESULT: {}
COMMAND: POST /session/ff0536b58743eaf2c437238d004892b9/element - {"using":"xpath","value":"//span[contains(text(), \"Cost Center\")]"}
COMMAND: GET /session/ff0536b58743eaf2c437238d004892b9/screenshot - {}
RESULT: {"using":"xpath","value":"//span[contains(text(), \"Cost Center\")]"}
COMMAND: POST /session/ff0536b58743eaf2c437238d004892b9/element/f.BB3617BF1549F1B1531810C266B34E3A.d.48BED7A6A50DF2C906235586E860262C.e.742/click - {}
RESULT: {}
RESULT: {}
COMMAND: GET /session/ff0536b58743eaf2c437238d004892b9/screenshot - {}
RESULT: {}
COMMAND: POST /session/ff0536b58743eaf2c437238d004892b9/element - {"using":"xpath","value":"//span[@id=\"application-manageyards-display-component---NewYard--addressNewCostObjectCstID-vhi\"]"}
RESULT: {"using":"xpath","value":"//span[@id=\"application-manageyards-display-component---NewYard--addressNewCostObjectCstID-vhi\"]"}
COMMAND: POST /session/ff0536b58743eaf2c437238d004892b9/execute/sync - {"script":"<script> [8489 bytes]","args":[{"element-6066-11e4-a52e-4f735466cecf":"f.BB3617BF1549F1B1531810C266B34E3A.d.48BED7A6A50DF2C906235586E860262C.e.746","ELEMENT":"f.BB3617BF1549F1B1531810C266B34E3A.d.48BED7A6A50DF2C906235586E860262C.e.746"}]}
RESULT: {"script":"<script> [8489 bytes]","args":[{"element-6066-11e4-a52e-4f735466cecf":"f.BB3617BF1549F1B1531810C266B34E3A.d.48BED7A6A50DF2C906235586E860262C.e.746","ELEMENT":"f.BB3617BF1549F1B1531810C266B34E3A.d.48BED7A6A50DF2C906235586E860262C.e.746"}]}
COMMAND: POST /session/ff0536b58743eaf2c437238d004892b9/execute/async - {"script":"<script> [1562 bytes]","args":[{"selector":{"id":"application-manageyards-display-component---NewYard--addressNewCostObjectCstID-vhi"},"wdio_ui5_key":"applicationmanageyards-display-component---NewYard--addressNewCostObjectCstID-vhi"}]}
COMMAND: GET /session/ff0536b58743eaf2c437238d004892b9/screenshot - {}
RESULT: {"script":"<script> [1562 bytes]","args":[{"selector":{"id":"application-manageyards-display-component---NewYard--addressNewCostObjectCstID-vhi"},"wdio_ui5_key":"applicationmanageyards-display-component---NewYard--addressNewCostObjectCstID-vhi"}]}
RESULT: undefined
COMMAND: POST /session/ff0536b58743eaf2c437238d004892b9/element - {"using":"xpath","value":"//*[@id=\"application-manageyards-display-component---NewYard--addressNewCostObjectCstID-vhi\"]"}
RESULT: {}
RESULT: {"using":"xpath","value":"//*[@id=\"application-manageyards-display-component---NewYard--addressNewCostObjectCstID-vhi\"]"}
COMMAND: POST /session/ff0536b58743eaf2c437238d004892b9/element/f.BB3617BF1549F1B1531810C266B34E3A.d.48BED7A6A50DF2C906235586E860262C.e.746/click - {}
RESULT: {}
COMMAND: GET /session/ff0536b58743eaf2c437238d004892b9/screenshot - {}
RESULT: {}
COMMAND: POST /session/ff0536b58743eaf2c437238d004892b9/execute/async - {"script":"<script> [1562 bytes]","args":[{"selector":{"controlType":"sap.m.SearchField","properties":{"placeholder":"Search"},"searchOpenDialogs":true,"interaction":{"idSuffix":"I"}},"wdio_ui5_key":"sapm.SearchField{\"placeholder\":\"Search\"}"}]}
RESULT: {"script":"<script> [1562 bytes]","args":[{"selector":{"controlType":"sap.m.SearchField","properties":{"placeholder":"Search"},"searchOpenDialogs":true,"interaction":{"idSuffix":"I"}},"wdio_ui5_key":"sapm.SearchField{\"placeholder\":\"Search\"}"}]}
RESULT: undefined
COMMAND: POST /session/ff0536b58743eaf2c437238d004892b9/execute/async - {"script":"<script> [776 bytes]","args":[{"enterText":"bauh_b","selector":{"controlType":"sap.m.SearchField","properties":{"placeholder":"Search"},"searchOpenDialogs":true,"interaction":{"idSuffix":"I"}},"clearTextFirst":true,"interactionType":"ENTER_TEXT"}]}
RESULT: {"script":"<script> [776 bytes]","args":[{"enterText":"bauh_b","selector":{"controlType":"sap.m.SearchField","properties":{"placeholder":"Search"},"searchOpenDialogs":true,"interaction":{"idSuffix":"I"}},"clearTextFirst":true,"interactionType":"ENTER_TEXT"}]}
COMMAND: POST /session/ff0536b58743eaf2c437238d004892b9/actions - {"actions":[{"id":"action1","type":"key","parameters":{},"actions":[{"type":"keyDown","value":"î€‡"},{"type":"pause","duration":10},{"type":"keyUp","value":"î€‡"}]}]}
RESULT: {"actions":[{"id":"action1","type":"key","parameters":{},"actions":[{"type":"keyDown","value":"î€‡"},{"type":"pause","duration":10},{"type":"keyUp","value":"î€‡"}]}]}
COMMAND: GET /session/ff0536b58743eaf2c437238d004892b9/screenshot - {}
RESULT: {}
COMMAND: POST /session/ff0536b58743eaf2c437238d004892b9/element - {"using":"xpath","value":"//span[contains(text(), \"Demo Yard\")]"}
RESULT: {"using":"xpath","value":"//span[contains(text(), \"Demo Yard\")]"}
COMMAND: POST /session/ff0536b58743eaf2c437238d004892b9/element/f.BB3617BF1549F1B1531810C266B34E3A.d.48BED7A6A50DF2C906235586E860262C.e.786/click - {}
RESULT: {}
COMMAND: GET /session/ff0536b58743eaf2c437238d004892b9/screenshot - {}
RESULT: {}
COMMAND: POST /session/ff0536b58743eaf2c437238d004892b9/element - {"using":"xpath","value":"//bdi[contains(text(), \"OK\")]"}
RESULT: {"using":"xpath","value":"//bdi[contains(text(), \"OK\")]"}
COMMAND: POST /session/ff0536b58743eaf2c437238d004892b9/element/f.BB3617BF1549F1B1531810C266B34E3A.d.48BED7A6A50DF2C906235586E860262C.e.787/click - {}
RESULT: {}
COMMAND: GET /session/ff0536b58743eaf2c437238d004892b9/screenshot - {}
RESULT: {}
COMMAND: POST /session/ff0536b58743eaf2c437238d004892b9/execute/async - {"script":"<script> [1562 bytes]","args":[{"selector":{"id":"application-manageyards-display-component---NewYard--addressEditDetailsCurrency-arrow"},"wdio_ui5_key":"applicationmanageyards-display-component---NewYard--addressEditDetailsCurrency-arrow"}]}
RESULT: {"script":"<script> [1562 bytes]","args":[{"selector":{"id":"application-manageyards-display-component---NewYard--addressEditDetailsCurrency-arrow"},"wdio_ui5_key":"applicationmanageyards-display-component---NewYard--addressEditDetailsCurrency-arrow"}]}
RESULT: undefined
COMMAND: POST /session/ff0536b58743eaf2c437238d004892b9/element - {"using":"xpath","value":"//*[@id=\"application-manageyards-display-component---NewYard--addressEditDetailsCurrency-arrow\"]"}
RESULT: {"using":"xpath","value":"//*[@id=\"application-manageyards-display-component---NewYard--addressEditDetailsCurrency-arrow\"]"}
COMMAND: POST /session/ff0536b58743eaf2c437238d004892b9/element/f.BB3617BF1549F1B1531810C266B34E3A.d.48BED7A6A50DF2C906235586E860262C.e.790/click - {}
RESULT: {}
COMMAND: POST /session/ff0536b58743eaf2c437238d004892b9/element - {"using":"xpath","value":"//span[contains(text(), \"Euro\")]"}
COMMAND: GET /session/ff0536b58743eaf2c437238d004892b9/screenshot - {}
RESULT: {"using":"xpath","value":"//span[contains(text(), \"Euro\")]"}
COMMAND: POST /session/ff0536b58743eaf2c437238d004892b9/element/f.BB3617BF1549F1B1531810C266B34E3A.d.48BED7A6A50DF2C906235586E860262C.e.791/click - {}
RESULT: {}
RESULT: {}
COMMAND: POST /session/ff0536b58743eaf2c437238d004892b9/execute/async - {"script":"<script> [1562 bytes]","args":[{"selector":{"controlType":"sap.m.Input","viewName":"etm.portal.ui.manageyards.view.New","viewId":"application-manageyards-display-component---NewYard","bindingPath":{"path":"","propertyPath":"/CONTROLLING_AREA","modelName":"NewYardModel"},"interaction":{"idSuffix":"inner"}},"wdio_ui5_key":"etmportal.ui.manageyards.view.Newsap.m.Input{\"path\":\"\",\"propertyPath\":\"/CONTROLLING_AREA\",\"modelName\":\"NewYardModel\"}"}]}
COMMAND: GET /session/ff0536b58743eaf2c437238d004892b9/screenshot - {}
RESULT: {"script":"<script> [1562 bytes]","args":[{"selector":{"controlType":"sap.m.Input","viewName":"etm.portal.ui.manageyards.view.New","viewId":"application-manageyards-display-component---NewYard","bindingPath":{"path":"","propertyPath":"/CONTROLLING_AREA","modelName":"NewYardModel"},"interaction":{"idSuffix":"inner"}},"wdio_ui5_key":"etmportal.ui.manageyards.view.Newsap.m.Input{\"path\":\"\",\"propertyPath\":\"/CONTROLLING_AREA\",\"modelName\":\"NewYardModel\"}"}]}
RESULT: undefined
COMMAND: POST /session/ff0536b58743eaf2c437238d004892b9/execute/async - {"script":"<script> [776 bytes]","args":[{"enterText":"Z001","selector":{"controlType":"sap.m.Input","viewName":"etm.portal.ui.manageyards.view.New","viewId":"application-manageyards-display-component---NewYard","bindingPath":{"path":"","propertyPath":"/CONTROLLING_AREA","modelName":"NewYardModel"},"interaction":{"idSuffix":"inner"}},"clearTextFirst":true,"interactionType":"ENTER_TEXT"}]}
RESULT: {}
RESULT: {"script":"<script> [776 bytes]","args":[{"enterText":"Z001","selector":{"controlType":"sap.m.Input","viewName":"etm.portal.ui.manageyards.view.New","viewId":"application-manageyards-display-component---NewYard","bindingPath":{"path":"","propertyPath":"/CONTROLLING_AREA","modelName":"NewYardModel"},"interaction":{"idSuffix":"inner"}},"clearTextFirst":true,"interactionType":"ENTER_TEXT"}]}
COMMAND: POST /session/ff0536b58743eaf2c437238d004892b9/execute/async - {"script":"<script> [1562 bytes]","args":[{"selector":{"id":"application-manageyards-display-component---NewYard--companyCodeComboBox","interaction":{"idSuffix":"inner"}},"wdio_ui5_key":"applicationmanageyards-display-component---NewYard--companyCodeComboBox"}]}
RESULT: {"script":"<script> [1562 bytes]","args":[{"selector":{"id":"application-manageyards-display-component---NewYard--companyCodeComboBox","interaction":{"idSuffix":"inner"}},"wdio_ui5_key":"applicationmanageyards-display-component---NewYard--companyCodeComboBox"}]}
RESULT: undefined
COMMAND: POST /session/ff0536b58743eaf2c437238d004892b9/execute/async - {"script":"<script> [776 bytes]","args":[{"enterText":"1000","selector":{"id":"application-manageyards-display-component---NewYard--companyCodeComboBox","interaction":{"idSuffix":"inner"}},"clearTextFirst":true,"interactionType":"ENTER_TEXT"}]}
RESULT: {"script":"<script> [776 bytes]","args":[{"enterText":"1000","selector":{"id":"application-manageyards-display-component---NewYard--companyCodeComboBox","interaction":{"idSuffix":"inner"}},"clearTextFirst":true,"interactionType":"ENTER_TEXT"}]}
COMMAND: POST /session/ff0536b58743eaf2c437238d004892b9/execute/async - {"script":"<script> [1562 bytes]","args":[{"selector":{"controlType":"sap.m.Input","viewName":"etm.portal.ui.manageyards.view.New","viewId":"application-manageyards-display-component---NewYard","bindingPath":{"path":"","propertyPath":"/PLANT","modelName":"NewYardModel"},"interaction":{"idSuffix":"inner"}},"wdio_ui5_key":"etmportal.ui.manageyards.view.Newsap.m.Input{\"path\":\"\",\"propertyPath\":\"/PLANT\",\"modelName\":\"NewYardModel\"}"}]}
RESULT: {"script":"<script> [1562 bytes]","args":[{"selector":{"controlType":"sap.m.Input","viewName":"etm.portal.ui.manageyards.view.New","viewId":"application-manageyards-display-component---NewYard","bindingPath":{"path":"","propertyPath":"/PLANT","modelName":"NewYardModel"},"interaction":{"idSuffix":"inner"}},"wdio_ui5_key":"etmportal.ui.manageyards.view.Newsap.m.Input{\"path\":\"\",\"propertyPath\":\"/PLANT\",\"modelName\":\"NewYardModel\"}"}]}
RESULT: undefined
COMMAND: POST /session/ff0536b58743eaf2c437238d004892b9/execute/async - {"script":"<script> [776 bytes]","args":[{"enterText":"1001","selector":{"controlType":"sap.m.Input","viewName":"etm.portal.ui.manageyards.view.New","viewId":"application-manageyards-display-component---NewYard","bindingPath":{"path":"","propertyPath":"/PLANT","modelName":"NewYardModel"},"interaction":{"idSuffix":"inner"}},"clearTextFirst":true,"interactionType":"ENTER_TEXT"}]}
RESULT: {"script":"<script> [776 bytes]","args":[{"enterText":"1001","selector":{"controlType":"sap.m.Input","viewName":"etm.portal.ui.manageyards.view.New","viewId":"application-manageyards-display-component---NewYard","bindingPath":{"path":"","propertyPath":"/PLANT","modelName":"NewYardModel"},"interaction":{"idSuffix":"inner"}},"clearTextFirst":true,"interactionType":"ENTER_TEXT"}]}
COMMAND: POST /session/ff0536b58743eaf2c437238d004892b9/execute/async - {"script":"<script> [1562 bytes]","args":[{"selector":{"controlType":"sap.m.Input","viewName":"etm.portal.ui.manageyards.view.New","viewId":"application-manageyards-display-component---NewYard","bindingPath":{"path":"","propertyPath":"/SALES_AREA_VKORG","modelName":"NewYardModel"},"interaction":{"idSuffix":"inner"}},"wdio_ui5_key":"etmportal.ui.manageyards.view.Newsap.m.Input{\"path\":\"\",\"propertyPath\":\"/SALES_AREA_VKORG\",\"modelName\":\"NewYardModel\"}"}]}
RESULT: {"script":"<script> [1562 bytes]","args":[{"selector":{"controlType":"sap.m.Input","viewName":"etm.portal.ui.manageyards.view.New","viewId":"application-manageyards-display-component---NewYard","bindingPath":{"path":"","propertyPath":"/SALES_AREA_VKORG","modelName":"NewYardModel"},"interaction":{"idSuffix":"inner"}},"wdio_ui5_key":"etmportal.ui.manageyards.view.Newsap.m.Input{\"path\":\"\",\"propertyPath\":\"/SALES_AREA_VKORG\",\"modelName\":\"NewYardModel\"}"}]}
RESULT: undefined
COMMAND: POST /session/ff0536b58743eaf2c437238d004892b9/execute/async - {"script":"<script> [776 bytes]","args":[{"enterText":"C002","selector":{"controlType":"sap.m.Input","viewName":"etm.portal.ui.manageyards.view.New","viewId":"application-manageyards-display-component---NewYard","bindingPath":{"path":"","propertyPath":"/SALES_AREA_VKORG","modelName":"NewYardModel"},"interaction":{"idSuffix":"inner"}},"clearTextFirst":true,"interactionType":"ENTER_TEXT"}]}
RESULT: {"script":"<script> [776 bytes]","args":[{"enterText":"C002","selector":{"controlType":"sap.m.Input","viewName":"etm.portal.ui.manageyards.view.New","viewId":"application-manageyards-display-component---NewYard","bindingPath":{"path":"","propertyPath":"/SALES_AREA_VKORG","modelName":"NewYardModel"},"interaction":{"idSuffix":"inner"}},"clearTextFirst":true,"interactionType":"ENTER_TEXT"}]}
COMMAND: POST /session/ff0536b58743eaf2c437238d004892b9/execute/async - {"script":"<script> [1562 bytes]","args":[{"selector":{"controlType":"sap.m.Input","viewName":"etm.portal.ui.manageyards.view.New","viewId":"application-manageyards-display-component---NewYard","bindingPath":{"path":"","propertyPath":"/SALES_AREA_VTWEG","modelName":"NewYardModel"},"interaction":{"idSuffix":"inner"}},"wdio_ui5_key":"etmportal.ui.manageyards.view.Newsap.m.Input{\"path\":\"\",\"propertyPath\":\"/SALES_AREA_VTWEG\",\"modelName\":\"NewYardModel\"}"}]}
RESULT: {"script":"<script> [1562 bytes]","args":[{"selector":{"controlType":"sap.m.Input","viewName":"etm.portal.ui.manageyards.view.New","viewId":"application-manageyards-display-component---NewYard","bindingPath":{"path":"","propertyPath":"/SALES_AREA_VTWEG","modelName":"NewYardModel"},"interaction":{"idSuffix":"inner"}},"wdio_ui5_key":"etmportal.ui.manageyards.view.Newsap.m.Input{\"path\":\"\",\"propertyPath\":\"/SALES_AREA_VTWEG\",\"modelName\":\"NewYardModel\"}"}]}
RESULT: undefined
COMMAND: POST /session/ff0536b58743eaf2c437238d004892b9/execute/async - {"script":"<script> [776 bytes]","args":[{"enterText":"C2","selector":{"controlType":"sap.m.Input","viewName":"etm.portal.ui.manageyards.view.New","viewId":"application-manageyards-display-component---NewYard","bindingPath":{"path":"","propertyPath":"/SALES_AREA_VTWEG","modelName":"NewYardModel"},"interaction":{"idSuffix":"inner"}},"clearTextFirst":true,"interactionType":"ENTER_TEXT"}]}
RESULT: {"script":"<script> [776 bytes]","args":[{"enterText":"C2","selector":{"controlType":"sap.m.Input","viewName":"etm.portal.ui.manageyards.view.New","viewId":"application-manageyards-display-component---NewYard","bindingPath":{"path":"","propertyPath":"/SALES_AREA_VTWEG","modelName":"NewYardModel"},"interaction":{"idSuffix":"inner"}},"clearTextFirst":true,"interactionType":"ENTER_TEXT"}]}
COMMAND: POST /session/ff0536b58743eaf2c437238d004892b9/execute/async - {"script":"<script> [1562 bytes]","args":[{"selector":{"controlType":"sap.m.Input","viewName":"etm.portal.ui.manageyards.view.New","viewId":"application-manageyards-display-component---NewYard","bindingPath":{"path":"","propertyPath":"/SALES_AREA_SPART","modelName":"NewYardModel"},"interaction":{"idSuffix":"inner"}},"wdio_ui5_key":"etmportal.ui.manageyards.view.Newsap.m.Input{\"path\":\"\",\"propertyPath\":\"/SALES_AREA_SPART\",\"modelName\":\"NewYardModel\"}"}]}
RESULT: {"script":"<script> [1562 bytes]","args":[{"selector":{"controlType":"sap.m.Input","viewName":"etm.portal.ui.manageyards.view.New","viewId":"application-manageyards-display-component---NewYard","bindingPath":{"path":"","propertyPath":"/SALES_AREA_SPART","modelName":"NewYardModel"},"interaction":{"idSuffix":"inner"}},"wdio_ui5_key":"etmportal.ui.manageyards.view.Newsap.m.Input{\"path\":\"\",\"propertyPath\":\"/SALES_AREA_SPART\",\"modelName\":\"NewYardModel\"}"}]}
RESULT: undefined
COMMAND: POST /session/ff0536b58743eaf2c437238d004892b9/execute/async - {"script":"<script> [776 bytes]","args":[{"enterText":"C2","selector":{"controlType":"sap.m.Input","viewName":"etm.portal.ui.manageyards.view.New","viewId":"application-manageyards-display-component---NewYard","bindingPath":{"path":"","propertyPath":"/SALES_AREA_SPART","modelName":"NewYardModel"},"interaction":{"idSuffix":"inner"}},"clearTextFirst":true,"interactionType":"ENTER_TEXT"}]}
RESULT: {"script":"<script> [776 bytes]","args":[{"enterText":"C2","selector":{"controlType":"sap.m.Input","viewName":"etm.portal.ui.manageyards.view.New","viewId":"application-manageyards-display-component---NewYard","bindingPath":{"path":"","propertyPath":"/SALES_AREA_SPART","modelName":"NewYardModel"},"interaction":{"idSuffix":"inner"}},"clearTextFirst":true,"interactionType":"ENTER_TEXT"}]}
COMMAND: POST /session/ff0536b58743eaf2c437238d004892b9/execute/async - {"script":"<script> [1562 bytes]","args":[{"selector":{"controlType":"sap.m.Input","viewName":"etm.portal.ui.manageyards.view.New","viewId":"application-manageyards-display-component---NewYard","bindingPath":{"path":"","propertyPath":"/SHIP_POINT","modelName":"NewYardModel"},"interaction":{"idSuffix":"inner"}},"wdio_ui5_key":"etmportal.ui.manageyards.view.Newsap.m.Input{\"path\":\"\",\"propertyPath\":\"/SHIP_POINT\",\"modelName\":\"NewYardModel\"}"}]}
RESULT: {"script":"<script> [1562 bytes]","args":[{"selector":{"controlType":"sap.m.Input","viewName":"etm.portal.ui.manageyards.view.New","viewId":"application-manageyards-display-component---NewYard","bindingPath":{"path":"","propertyPath":"/SHIP_POINT","modelName":"NewYardModel"},"interaction":{"idSuffix":"inner"}},"wdio_ui5_key":"etmportal.ui.manageyards.view.Newsap.m.Input{\"path\":\"\",\"propertyPath\":\"/SHIP_POINT\",\"modelName\":\"NewYardModel\"}"}]}
RESULT: undefined
COMMAND: POST /session/ff0536b58743eaf2c437238d004892b9/execute/async - {"script":"<script> [776 bytes]","args":[{"enterText":"1710","selector":{"controlType":"sap.m.Input","viewName":"etm.portal.ui.manageyards.view.New","viewId":"application-manageyards-display-component---NewYard","bindingPath":{"path":"","propertyPath":"/SHIP_POINT","modelName":"NewYardModel"},"interaction":{"idSuffix":"inner"}},"clearTextFirst":true,"interactionType":"ENTER_TEXT"}]}
RESULT: {"script":"<script> [776 bytes]","args":[{"enterText":"1710","selector":{"controlType":"sap.m.Input","viewName":"etm.portal.ui.manageyards.view.New","viewId":"application-manageyards-display-component---NewYard","bindingPath":{"path":"","propertyPath":"/SHIP_POINT","modelName":"NewYardModel"},"interaction":{"idSuffix":"inner"}},"clearTextFirst":true,"interactionType":"ENTER_TEXT"}]}
COMMAND: POST /session/ff0536b58743eaf2c437238d004892b9/execute/async - {"script":"<script> [1562 bytes]","args":[{"selector":{"controlType":"sap.m.Input","viewName":"etm.portal.ui.manageyards.view.New","viewId":"application-manageyards-display-component---NewYard","bindingPath":{"path":"","propertyPath":"/DELIVERY_TYPE","modelName":"NewYardModel"},"interaction":{"idSuffix":"inner"}},"wdio_ui5_key":"etmportal.ui.manageyards.view.Newsap.m.Input{\"path\":\"\",\"propertyPath\":\"/DELIVERY_TYPE\",\"modelName\":\"NewYardModel\"}"}]}
RESULT: {"script":"<script> [1562 bytes]","args":[{"selector":{"controlType":"sap.m.Input","viewName":"etm.portal.ui.manageyards.view.New","viewId":"application-manageyards-display-component---NewYard","bindingPath":{"path":"","propertyPath":"/DELIVERY_TYPE","modelName":"NewYardModel"},"interaction":{"idSuffix":"inner"}},"wdio_ui5_key":"etmportal.ui.manageyards.view.Newsap.m.Input{\"path\":\"\",\"propertyPath\":\"/DELIVERY_TYPE\",\"modelName\":\"NewYardModel\"}"}]}
RESULT: undefined
COMMAND: POST /session/ff0536b58743eaf2c437238d004892b9/execute/async - {"script":"<script> [776 bytes]","args":[{"enterText":"ZL01","selector":{"controlType":"sap.m.Input","viewName":"etm.portal.ui.manageyards.view.New","viewId":"application-manageyards-display-component---NewYard","bindingPath":{"path":"","propertyPath":"/DELIVERY_TYPE","modelName":"NewYardModel"},"interaction":{"idSuffix":"inner"}},"clearTextFirst":true,"interactionType":"ENTER_TEXT"}]}
RESULT: {"script":"<script> [776 bytes]","args":[{"enterText":"ZL01","selector":{"controlType":"sap.m.Input","viewName":"etm.portal.ui.manageyards.view.New","viewId":"application-manageyards-display-component---NewYard","bindingPath":{"path":"","propertyPath":"/DELIVERY_TYPE","modelName":"NewYardModel"},"interaction":{"idSuffix":"inner"}},"clearTextFirst":true,"interactionType":"ENTER_TEXT"}]}
COMMAND: POST /session/ff0536b58743eaf2c437238d004892b9/execute/async - {"script":"<script> [1562 bytes]","args":[{"selector":{"controlType":"sap.m.Input","viewName":"etm.portal.ui.manageyards.view.New","viewId":"application-manageyards-display-component---NewYard","bindingPath":{"path":"","propertyPath":"/AUART","modelName":"NewYardModel"},"interaction":{"idSuffix":"inner"}},"wdio_ui5_key":"etmportal.ui.manageyards.view.Newsap.m.Input{\"path\":\"\",\"propertyPath\":\"/AUART\",\"modelName\":\"NewYardModel\"}"}]}
RESULT: {"script":"<script> [1562 bytes]","args":[{"selector":{"controlType":"sap.m.Input","viewName":"etm.portal.ui.manageyards.view.New","viewId":"application-manageyards-display-component---NewYard","bindingPath":{"path":"","propertyPath":"/AUART","modelName":"NewYardModel"},"interaction":{"idSuffix":"inner"}},"wdio_ui5_key":"etmportal.ui.manageyards.view.Newsap.m.Input{\"path\":\"\",\"propertyPath\":\"/AUART\",\"modelName\":\"NewYardModel\"}"}]}
RESULT: undefined
COMMAND: POST /session/ff0536b58743eaf2c437238d004892b9/execute/async - {"script":"<script> [776 bytes]","args":[{"enterText":"TA","selector":{"controlType":"sap.m.Input","viewName":"etm.portal.ui.manageyards.view.New","viewId":"application-manageyards-display-component---NewYard","bindingPath":{"path":"","propertyPath":"/AUART","modelName":"NewYardModel"},"interaction":{"idSuffix":"inner"}},"clearTextFirst":true,"interactionType":"ENTER_TEXT"}]}
RESULT: {"script":"<script> [776 bytes]","args":[{"enterText":"TA","selector":{"controlType":"sap.m.Input","viewName":"etm.portal.ui.manageyards.view.New","viewId":"application-manageyards-display-component---NewYard","bindingPath":{"path":"","propertyPath":"/AUART","modelName":"NewYardModel"},"interaction":{"idSuffix":"inner"}},"clearTextFirst":true,"interactionType":"ENTER_TEXT"}]}
COMMAND: POST /session/ff0536b58743eaf2c437238d004892b9/element - {"using":"xpath","value":"//button[@data-kt=\"newYardSaveButton\"]"}
RESULT: {"using":"xpath","value":"//button[@data-kt=\"newYardSaveButton\"]"}
COMMAND: POST /session/ff0536b58743eaf2c437238d004892b9/element/f.BB3617BF1549F1B1531810C266B34E3A.d.48BED7A6A50DF2C906235586E860262C.e.669/click - {}
RESULT: {}
COMMAND: GET /session/ff0536b58743eaf2c437238d004892b9/screenshot - {}
RESULT: {}
COMMAND: POST /session/ff0536b58743eaf2c437238d004892b9/element - {"using":"xpath","value":"//header[contains(@id, 'ObjectPageLayout-headerTitle')]/div[1]/div[2]/div[1]/span[1]"}
RESULT: {"using":"xpath","value":"//header[contains(@id, 'ObjectPageLayout-headerTitle')]/div[1]/div[2]/div[1]/span[1]"}
COMMAND: POST /session/ff0536b58743eaf2c437238d004892b9/elements - {"using":"xpath","value":"//header[contains(@id, 'ObjectPageLayout-headerTitle')]/div[1]/div[2]/div[1]/span[1]"}
RESULT: {"using":"xpath","value":"//header[contains(@id, 'ObjectPageLayout-headerTitle')]/div[1]/div[2]/div[1]/span[1]"}
COMMAND: POST /session/ff0536b58743eaf2c437238d004892b9/execute/sync - {"script":"<script> [56 bytes]","args":[{"element-6066-11e4-a52e-4f735466cecf":"f.BB3617BF1549F1B1531810C266B34E3A.d.48BED7A6A50DF2C906235586E860262C.e.1022","ELEMENT":"f.BB3617BF1549F1B1531810C266B34E3A.d.48BED7A6A50DF2C906235586E860262C.e.1022"}]}
RESULT: {"script":"<script> [56 bytes]","args":[{"element-6066-11e4-a52e-4f735466cecf":"f.BB3617BF1549F1B1531810C266B34E3A.d.48BED7A6A50DF2C906235586E860262C.e.1022","ELEMENT":"f.BB3617BF1549F1B1531810C266B34E3A.d.48BED7A6A50DF2C906235586E860262C.e.1022"}]}
COMMAND: GET /session/ff0536b58743eaf2c437238d004892b9/screenshot - {}
RESULT: {}
COMMAND: POST /session/ff0536b58743eaf2c437238d004892b9/element - {"using":"css selector","value":"#shell-header-logo"}
RESULT: {"using":"css selector","value":"#shell-header-logo"}
COMMAND: POST /session/ff0536b58743eaf2c437238d004892b9/element/f.BB3617BF1549F1B1531810C266B34E3A.d.48BED7A6A50DF2C906235586E860262C.e.259/click - {}
RESULT: {}
COMMAND: GET /session/ff0536b58743eaf2c437238d004892b9/screenshot - {}
RESULT: {}
COMMAND: POST /session/ff0536b58743eaf2c437238d004892b9/execute/sync - {"script":"<script> [299 bytes]","args":[["getModel","getResource"]]}
RESULT: {"script":"<script> [299 bytes]","args":[["getModel","getResource"]]}
COMMAND: GET /session/ff0536b58743eaf2c437238d004892b9/screenshot - {}
]]></system-out>
    </testcase>
    <testcase classname="chrome.136_0_7103_93.windows.Billing_confirm_US117289" name="Should create a new partner" time="130.78">
      <system-out><![CDATA[
COMMAND: POST /session/ff0536b58743eaf2c437238d004892b9/window/fullscreen - {}
RESULT: {}
RESULT: {}
COMMAND: POST /session/ff0536b58743eaf2c437238d004892b9/execute/async - {"script":"<script> [1562 bytes]","args":[{"selector":{"controlType":"sap.m.GenericTile","properties":{"header":"Manage Partners"}},"wdio_ui5_key":"sapm.GenericTile{\"header\":\"Manage Partners\"}"}]}
RESULT: {"script":"<script> [1562 bytes]","args":[{"selector":{"controlType":"sap.m.GenericTile","properties":{"header":"Manage Partners"}},"wdio_ui5_key":"sapm.GenericTile{\"header\":\"Manage Partners\"}"}]}
RESULT: undefined
COMMAND: POST /session/ff0536b58743eaf2c437238d004892b9/element - {"using":"xpath","value":"//*[@id=\"__tile38\"]"}
RESULT: {"using":"xpath","value":"//*[@id=\"__tile38\"]"}
COMMAND: POST /session/ff0536b58743eaf2c437238d004892b9/element/f.BB3617BF1549F1B1531810C266B34E3A.d.48BED7A6A50DF2C906235586E860262C.e.154/click - {}
RESULT: {}
COMMAND: GET /session/ff0536b58743eaf2c437238d004892b9/screenshot - {}
RESULT: {}
COMMAND: POST /session/ff0536b58743eaf2c437238d004892b9/elements - {"using":"xpath","value":"//span[text()='Error']"}
RESULT: {"using":"xpath","value":"//span[text()='Error']"}
COMMAND: POST /session/ff0536b58743eaf2c437238d004892b9/element - {"using":"xpath","value":"//button[@data-kt=\"addButton\"]"}
RESULT: {"using":"xpath","value":"//button[@data-kt=\"addButton\"]"}
COMMAND: POST /session/ff0536b58743eaf2c437238d004892b9/elements - {"using":"xpath","value":"//button[@data-kt=\"addButton\"]"}
RESULT: {"using":"xpath","value":"//button[@data-kt=\"addButton\"]"}
COMMAND: POST /session/ff0536b58743eaf2c437238d004892b9/execute/sync - {"script":"<script> [8489 bytes]","args":[{"element-6066-11e4-a52e-4f735466cecf":"f.BB3617BF1549F1B1531810C266B34E3A.d.48BED7A6A50DF2C906235586E860262C.e.1070","ELEMENT":"f.BB3617BF1549F1B1531810C266B34E3A.d.48BED7A6A50DF2C906235586E860262C.e.1070"}]}
RESULT: {"script":"<script> [8489 bytes]","args":[{"element-6066-11e4-a52e-4f735466cecf":"f.BB3617BF1549F1B1531810C266B34E3A.d.48BED7A6A50DF2C906235586E860262C.e.1070","ELEMENT":"f.BB3617BF1549F1B1531810C266B34E3A.d.48BED7A6A50DF2C906235586E860262C.e.1070"}]}
COMMAND: GET /session/ff0536b58743eaf2c437238d004892b9/element/f.BB3617BF1549F1B1531810C266B34E3A.d.48BED7A6A50DF2C906235586E860262C.e.1070/enabled - {}
COMMAND: GET /session/ff0536b58743eaf2c437238d004892b9/screenshot - {}
RESULT: {}
COMMAND: POST /session/ff0536b58743eaf2c437238d004892b9/execute/sync - {"script":"<script> [8489 bytes]","args":[{"element-6066-11e4-a52e-4f735466cecf":"f.BB3617BF1549F1B1531810C266B34E3A.d.48BED7A6A50DF2C906235586E860262C.e.1070","ELEMENT":"f.BB3617BF1549F1B1531810C266B34E3A.d.48BED7A6A50DF2C906235586E860262C.e.1070"}]}
COMMAND: GET /session/ff0536b58743eaf2c437238d004892b9/screenshot - {}
RESULT: {}
RESULT: {"script":"<script> [8489 bytes]","args":[{"element-6066-11e4-a52e-4f735466cecf":"f.BB3617BF1549F1B1531810C266B34E3A.d.48BED7A6A50DF2C906235586E860262C.e.1070","ELEMENT":"f.BB3617BF1549F1B1531810C266B34E3A.d.48BED7A6A50DF2C906235586E860262C.e.1070"}]}
COMMAND: POST /session/ff0536b58743eaf2c437238d004892b9/execute/sync - {"script":"<script> [5351 bytes]","args":[{"element-6066-11e4-a52e-4f735466cecf":"f.BB3617BF1549F1B1531810C266B34E3A.d.48BED7A6A50DF2C906235586E860262C.e.1070","ELEMENT":"f.BB3617BF1549F1B1531810C266B34E3A.d.48BED7A6A50DF2C906235586E860262C.e.1070"}]}
COMMAND: GET /session/ff0536b58743eaf2c437238d004892b9/screenshot - {}
RESULT: {}
RESULT: {"script":"<script> [5351 bytes]","args":[{"element-6066-11e4-a52e-4f735466cecf":"f.BB3617BF1549F1B1531810C266B34E3A.d.48BED7A6A50DF2C906235586E860262C.e.1070","ELEMENT":"f.BB3617BF1549F1B1531810C266B34E3A.d.48BED7A6A50DF2C906235586E860262C.e.1070"}]}
COMMAND: POST /session/ff0536b58743eaf2c437238d004892b9/element/f.BB3617BF1549F1B1531810C266B34E3A.d.48BED7A6A50DF2C906235586E860262C.e.1070/click - {}
COMMAND: GET /session/ff0536b58743eaf2c437238d004892b9/screenshot - {}
RESULT: {}
RESULT: {}
COMMAND: GET /session/ff0536b58743eaf2c437238d004892b9/screenshot - {}
COMMAND: POST /session/ff0536b58743eaf2c437238d004892b9/execute/async - {"script":"<script> [1562 bytes]","args":[{"selector":{"id":"application-managepartners-display-component---NewPartner--addressDetailDetailsName1","interaction":{"idSuffix":"inner"}},"wdio_ui5_key":"applicationmanagepartners-display-component---NewPartner--addressDetailDetailsName1"}]}
RESULT: {}
RESULT: {}
RESULT: {"script":"<script> [1562 bytes]","args":[{"selector":{"id":"application-managepartners-display-component---NewPartner--addressDetailDetailsName1","interaction":{"idSuffix":"inner"}},"wdio_ui5_key":"applicationmanagepartners-display-component---NewPartner--addressDetailDetailsName1"}]}
RESULT: undefined
COMMAND: POST /session/ff0536b58743eaf2c437238d004892b9/execute/async - {"script":"<script> [776 bytes]","args":[{"enterText":"Intracompany Partner WDIO","selector":{"id":"application-managepartners-display-component---NewPartner--addressDetailDetailsName1","interaction":{"idSuffix":"inner"}},"clearTextFirst":true,"interactionType":"ENTER_TEXT"}]}
RESULT: {"script":"<script> [776 bytes]","args":[{"enterText":"Intracompany Partner WDIO","selector":{"id":"application-managepartners-display-component---NewPartner--addressDetailDetailsName1","interaction":{"idSuffix":"inner"}},"clearTextFirst":true,"interactionType":"ENTER_TEXT"}]}
COMMAND: POST /session/ff0536b58743eaf2c437238d004892b9/execute/async - {"script":"<script> [1562 bytes]","args":[{"selector":{"id":"application-managepartners-display-component---NewPartner--addressDetailDetailsLanguage-arrow"},"wdio_ui5_key":"applicationmanagepartners-display-component---NewPartner--addressDetailDetailsLanguage-arrow"}]}
RESULT: {"script":"<script> [1562 bytes]","args":[{"selector":{"id":"application-managepartners-display-component---NewPartner--addressDetailDetailsLanguage-arrow"},"wdio_ui5_key":"applicationmanagepartners-display-component---NewPartner--addressDetailDetailsLanguage-arrow"}]}
RESULT: undefined
COMMAND: POST /session/ff0536b58743eaf2c437238d004892b9/element - {"using":"xpath","value":"//*[@id=\"application-managepartners-display-component---NewPartner--addressDetailDetailsLanguage-arrow\"]"}
RESULT: {"using":"xpath","value":"//*[@id=\"application-managepartners-display-component---NewPartner--addressDetailDetailsLanguage-arrow\"]"}
COMMAND: POST /session/ff0536b58743eaf2c437238d004892b9/element/f.BB3617BF1549F1B1531810C266B34E3A.d.48BED7A6A50DF2C906235586E860262C.e.1513/click - {}
RESULT: {}
COMMAND: POST /session/ff0536b58743eaf2c437238d004892b9/element - {"using":"xpath","value":"//span[contains(text(), \"English\")]"}
COMMAND: GET /session/ff0536b58743eaf2c437238d004892b9/screenshot - {}
RESULT: {"using":"xpath","value":"//span[contains(text(), \"English\")]"}
COMMAND: POST /session/ff0536b58743eaf2c437238d004892b9/element/f.BB3617BF1549F1B1531810C266B34E3A.d.48BED7A6A50DF2C906235586E860262C.e.1514/click - {}
RESULT: {}
RESULT: {}
COMMAND: GET /session/ff0536b58743eaf2c437238d004892b9/screenshot - {}
RESULT: {}
COMMAND: POST /session/ff0536b58743eaf2c437238d004892b9/execute/async - {"script":"<script> [1562 bytes]","args":[{"selector":{"id":"application-managepartners-display-component---NewPartner--addressDetailDetailsCity1","interaction":{"idSuffix":"inner"}},"wdio_ui5_key":"applicationmanagepartners-display-component---NewPartner--addressDetailDetailsCity1"}]}
RESULT: {"script":"<script> [1562 bytes]","args":[{"selector":{"id":"application-managepartners-display-component---NewPartner--addressDetailDetailsCity1","interaction":{"idSuffix":"inner"}},"wdio_ui5_key":"applicationmanagepartners-display-component---NewPartner--addressDetailDetailsCity1"}]}
RESULT: undefined
COMMAND: POST /session/ff0536b58743eaf2c437238d004892b9/execute/async - {"script":"<script> [776 bytes]","args":[{"enterText":"Rosario","selector":{"id":"application-managepartners-display-component---NewPartner--addressDetailDetailsCity1","interaction":{"idSuffix":"inner"}},"clearTextFirst":true,"interactionType":"ENTER_TEXT"}]}
RESULT: {"script":"<script> [776 bytes]","args":[{"enterText":"Rosario","selector":{"id":"application-managepartners-display-component---NewPartner--addressDetailDetailsCity1","interaction":{"idSuffix":"inner"}},"clearTextFirst":true,"interactionType":"ENTER_TEXT"}]}
COMMAND: POST /session/ff0536b58743eaf2c437238d004892b9/execute/async - {"script":"<script> [1562 bytes]","args":[{"selector":{"id":"application-managepartners-display-component---NewPartner--addressDetailDetailsCountry-arrow"},"wdio_ui5_key":"applicationmanagepartners-display-component---NewPartner--addressDetailDetailsCountry-arrow"}]}
RESULT: {"script":"<script> [1562 bytes]","args":[{"selector":{"id":"application-managepartners-display-component---NewPartner--addressDetailDetailsCountry-arrow"},"wdio_ui5_key":"applicationmanagepartners-display-component---NewPartner--addressDetailDetailsCountry-arrow"}]}
RESULT: undefined
COMMAND: POST /session/ff0536b58743eaf2c437238d004892b9/element - {"using":"xpath","value":"//*[@id=\"application-managepartners-display-component---NewPartner--addressDetailDetailsCountry-arrow\"]"}
RESULT: {"using":"xpath","value":"//*[@id=\"application-managepartners-display-component---NewPartner--addressDetailDetailsCountry-arrow\"]"}
COMMAND: POST /session/ff0536b58743eaf2c437238d004892b9/element/f.BB3617BF1549F1B1531810C266B34E3A.d.48BED7A6A50DF2C906235586E860262C.e.1481/click - {}
RESULT: {}
COMMAND: POST /session/ff0536b58743eaf2c437238d004892b9/element - {"using":"xpath","value":"//span[contains(text(), \"Argentina\")]"}
COMMAND: GET /session/ff0536b58743eaf2c437238d004892b9/screenshot - {}
RESULT: {"using":"xpath","value":"//span[contains(text(), \"Argentina\")]"}
COMMAND: POST /session/ff0536b58743eaf2c437238d004892b9/element/f.BB3617BF1549F1B1531810C266B34E3A.d.48BED7A6A50DF2C906235586E860262C.e.1516/click - {}
RESULT: {}
RESULT: {}
COMMAND: GET /session/ff0536b58743eaf2c437238d004892b9/screenshot - {}
RESULT: {}
COMMAND: POST /session/ff0536b58743eaf2c437238d004892b9/element - {"using":"xpath","value":"//bdi[contains(text(), \"Commercial\")]"}
RESULT: {"using":"xpath","value":"//bdi[contains(text(), \"Commercial\")]"}
COMMAND: POST /session/ff0536b58743eaf2c437238d004892b9/element/f.BB3617BF1549F1B1531810C266B34E3A.d.48BED7A6A50DF2C906235586E860262C.e.1517/click - {}
RESULT: {}
COMMAND: GET /session/ff0536b58743eaf2c437238d004892b9/screenshot - {}
RESULT: {}
COMMAND: POST /session/ff0536b58743eaf2c437238d004892b9/execute/async - {"script":"<script> [1562 bytes]","args":[{"selector":{"id":"application-managepartners-display-component---NewPartner--partnerDetailInternal-arrow"},"wdio_ui5_key":"applicationmanagepartners-display-component---NewPartner--partnerDetailInternal-arrow"}]}
RESULT: {"script":"<script> [1562 bytes]","args":[{"selector":{"id":"application-managepartners-display-component---NewPartner--partnerDetailInternal-arrow"},"wdio_ui5_key":"applicationmanagepartners-display-component---NewPartner--partnerDetailInternal-arrow"}]}
RESULT: undefined
COMMAND: POST /session/ff0536b58743eaf2c437238d004892b9/element - {"using":"xpath","value":"//*[@id=\"application-managepartners-display-component---NewPartner--partnerDetailInternal-arrow\"]"}
RESULT: {"using":"xpath","value":"//*[@id=\"application-managepartners-display-component---NewPartner--partnerDetailInternal-arrow\"]"}
COMMAND: POST /session/ff0536b58743eaf2c437238d004892b9/element/f.BB3617BF1549F1B1531810C266B34E3A.d.48BED7A6A50DF2C906235586E860262C.e.1523/click - {}
RESULT: {}
COMMAND: POST /session/ff0536b58743eaf2c437238d004892b9/element - {"using":"xpath","value":"//span[contains(text(), \"Affiliated company\")]"}
COMMAND: GET /session/ff0536b58743eaf2c437238d004892b9/screenshot - {}
RESULT: {"using":"xpath","value":"//span[contains(text(), \"Affiliated company\")]"}
COMMAND: POST /session/ff0536b58743eaf2c437238d004892b9/element/f.BB3617BF1549F1B1531810C266B34E3A.d.48BED7A6A50DF2C906235586E860262C.e.1524/click - {}
RESULT: {}
RESULT: {}
COMMAND: POST /session/ff0536b58743eaf2c437238d004892b9/execute/async - {"script":"<script> [1562 bytes]","args":[{"selector":{"id":"application-managepartners-display-component---NewPartner--partnerDetailsCurrency-arrow"},"wdio_ui5_key":"applicationmanagepartners-display-component---NewPartner--partnerDetailsCurrency-arrow"}]}
COMMAND: GET /session/ff0536b58743eaf2c437238d004892b9/screenshot - {}
RESULT: {"script":"<script> [1562 bytes]","args":[{"selector":{"id":"application-managepartners-display-component---NewPartner--partnerDetailsCurrency-arrow"},"wdio_ui5_key":"applicationmanagepartners-display-component---NewPartner--partnerDetailsCurrency-arrow"}]}
RESULT: undefined
COMMAND: POST /session/ff0536b58743eaf2c437238d004892b9/element - {"using":"xpath","value":"//*[@id=\"application-managepartners-display-component---NewPartner--partnerDetailsCurrency-arrow\"]"}
RESULT: {}
RESULT: {"using":"xpath","value":"//*[@id=\"application-managepartners-display-component---NewPartner--partnerDetailsCurrency-arrow\"]"}
COMMAND: POST /session/ff0536b58743eaf2c437238d004892b9/element/f.BB3617BF1549F1B1531810C266B34E3A.d.48BED7A6A50DF2C906235586E860262C.e.1531/click - {}
RESULT: {}
COMMAND: POST /session/ff0536b58743eaf2c437238d004892b9/element - {"using":"xpath","value":"//span[contains(text(), \"Euro\")]"}
COMMAND: GET /session/ff0536b58743eaf2c437238d004892b9/screenshot - {}
RESULT: {"using":"xpath","value":"//span[contains(text(), \"Euro\")]"}
COMMAND: POST /session/ff0536b58743eaf2c437238d004892b9/element/f.BB3617BF1549F1B1531810C266B34E3A.d.48BED7A6A50DF2C906235586E860262C.e.1532/click - {}
RESULT: {}
RESULT: {}
COMMAND: POST /session/ff0536b58743eaf2c437238d004892b9/execute/async - {"script":"<script> [1562 bytes]","args":[{"selector":{"id":"application-managepartners-display-component---NewPartner--addressEditDetailsCostObjectCstType-arrow"},"wdio_ui5_key":"applicationmanagepartners-display-component---NewPartner--addressEditDetailsCostObjectCstType-arrow"}]}
COMMAND: GET /session/ff0536b58743eaf2c437238d004892b9/screenshot - {}
RESULT: {"script":"<script> [1562 bytes]","args":[{"selector":{"id":"application-managepartners-display-component---NewPartner--addressEditDetailsCostObjectCstType-arrow"},"wdio_ui5_key":"applicationmanagepartners-display-component---NewPartner--addressEditDetailsCostObjectCstType-arrow"}]}
RESULT: undefined
COMMAND: POST /session/ff0536b58743eaf2c437238d004892b9/element - {"using":"xpath","value":"//*[@id=\"application-managepartners-display-component---NewPartner--addressEditDetailsCostObjectCstType-arrow\"]"}
RESULT: {}
RESULT: {"using":"xpath","value":"//*[@id=\"application-managepartners-display-component---NewPartner--addressEditDetailsCostObjectCstType-arrow\"]"}
COMMAND: POST /session/ff0536b58743eaf2c437238d004892b9/element/f.BB3617BF1549F1B1531810C266B34E3A.d.48BED7A6A50DF2C906235586E860262C.e.1533/click - {}
RESULT: {}
COMMAND: POST /session/ff0536b58743eaf2c437238d004892b9/element - {"using":"xpath","value":"//span[contains(text(), \"Cost Center\")]"}
COMMAND: GET /session/ff0536b58743eaf2c437238d004892b9/screenshot - {}
RESULT: {"using":"xpath","value":"//span[contains(text(), \"Cost Center\")]"}
COMMAND: POST /session/ff0536b58743eaf2c437238d004892b9/element/f.BB3617BF1549F1B1531810C266B34E3A.d.48BED7A6A50DF2C906235586E860262C.e.1534/click - {}
RESULT: {}
RESULT: {}
COMMAND: GET /session/ff0536b58743eaf2c437238d004892b9/screenshot - {}
RESULT: {}
COMMAND: POST /session/ff0536b58743eaf2c437238d004892b9/element - {"using":"xpath","value":"//span[@id=\"application-managepartners-display-component---NewPartner--addressNewCostObjectCstID-vhi\"]"}
RESULT: {"using":"xpath","value":"//span[@id=\"application-managepartners-display-component---NewPartner--addressNewCostObjectCstID-vhi\"]"}
COMMAND: POST /session/ff0536b58743eaf2c437238d004892b9/execute/sync - {"script":"<script> [8489 bytes]","args":[{"element-6066-11e4-a52e-4f735466cecf":"f.BB3617BF1549F1B1531810C266B34E3A.d.48BED7A6A50DF2C906235586E860262C.e.1538","ELEMENT":"f.BB3617BF1549F1B1531810C266B34E3A.d.48BED7A6A50DF2C906235586E860262C.e.1538"}]}
RESULT: {"script":"<script> [8489 bytes]","args":[{"element-6066-11e4-a52e-4f735466cecf":"f.BB3617BF1549F1B1531810C266B34E3A.d.48BED7A6A50DF2C906235586E860262C.e.1538","ELEMENT":"f.BB3617BF1549F1B1531810C266B34E3A.d.48BED7A6A50DF2C906235586E860262C.e.1538"}]}
COMMAND: POST /session/ff0536b58743eaf2c437238d004892b9/execute/async - {"script":"<script> [1562 bytes]","args":[{"selector":{"id":"application-managepartners-display-component---NewPartner--addressNewCostObjectCstID-vhi"},"wdio_ui5_key":"applicationmanagepartners-display-component---NewPartner--addressNewCostObjectCstID-vhi"}]}
COMMAND: GET /session/ff0536b58743eaf2c437238d004892b9/screenshot - {}
RESULT: {"script":"<script> [1562 bytes]","args":[{"selector":{"id":"application-managepartners-display-component---NewPartner--addressNewCostObjectCstID-vhi"},"wdio_ui5_key":"applicationmanagepartners-display-component---NewPartner--addressNewCostObjectCstID-vhi"}]}
RESULT: undefined
COMMAND: POST /session/ff0536b58743eaf2c437238d004892b9/element - {"using":"xpath","value":"//*[@id=\"application-managepartners-display-component---NewPartner--addressNewCostObjectCstID-vhi\"]"}
RESULT: {}
RESULT: {"using":"xpath","value":"//*[@id=\"application-managepartners-display-component---NewPartner--addressNewCostObjectCstID-vhi\"]"}
COMMAND: POST /session/ff0536b58743eaf2c437238d004892b9/element/f.BB3617BF1549F1B1531810C266B34E3A.d.48BED7A6A50DF2C906235586E860262C.e.1538/click - {}
RESULT: {}
COMMAND: GET /session/ff0536b58743eaf2c437238d004892b9/screenshot - {}
RESULT: {}
RESULT: undefined
COMMAND: POST /session/ff0536b58743eaf2c437238d004892b9/execute/async - {"script":"<script> [776 bytes]","args":[{"enterText":"10001013","selector":{"controlType":"sap.m.SearchField","properties":{"placeholder":"Search"},"searchOpenDialogs":true,"interaction":{"idSuffix":"I"}},"clearTextFirst":true,"interactionType":"ENTER_TEXT"}]}
RESULT: {"script":"<script> [776 bytes]","args":[{"enterText":"10001013","selector":{"controlType":"sap.m.SearchField","properties":{"placeholder":"Search"},"searchOpenDialogs":true,"interaction":{"idSuffix":"I"}},"clearTextFirst":true,"interactionType":"ENTER_TEXT"}]}
COMMAND: POST /session/ff0536b58743eaf2c437238d004892b9/actions - {"actions":[{"id":"action2","type":"key","parameters":{},"actions":[{"type":"keyDown","value":"î€‡"},{"type":"pause","duration":10},{"type":"keyUp","value":"î€‡"}]}]}
RESULT: {"actions":[{"id":"action2","type":"key","parameters":{},"actions":[{"type":"keyDown","value":"î€‡"},{"type":"pause","duration":10},{"type":"keyUp","value":"î€‡"}]}]}
COMMAND: GET /session/ff0536b58743eaf2c437238d004892b9/screenshot - {}
RESULT: {}
COMMAND: POST /session/ff0536b58743eaf2c437238d004892b9/element - {"using":"xpath","value":"//span[contains(text(), \"General Management\")]"}
RESULT: {"using":"xpath","value":"//span[contains(text(), \"General Management\")]"}
COMMAND: POST /session/ff0536b58743eaf2c437238d004892b9/element/f.BB3617BF1549F1B1531810C266B34E3A.d.48BED7A6A50DF2C906235586E860262C.e.1577/click - {}
RESULT: {}
COMMAND: GET /session/ff0536b58743eaf2c437238d004892b9/screenshot - {}
RESULT: {}
COMMAND: POST /session/ff0536b58743eaf2c437238d004892b9/element - {"using":"xpath","value":"//bdi[contains(text(), \"OK\")]"}
RESULT: {"using":"xpath","value":"//bdi[contains(text(), \"OK\")]"}
COMMAND: POST /session/ff0536b58743eaf2c437238d004892b9/element/f.BB3617BF1549F1B1531810C266B34E3A.d.48BED7A6A50DF2C906235586E860262C.e.1578/click - {}
RESULT: {}
COMMAND: GET /session/ff0536b58743eaf2c437238d004892b9/screenshot - {}
RESULT: {}
COMMAND: POST /session/ff0536b58743eaf2c437238d004892b9/element - {"using":"xpath","value":"//input[@id=\"application-managepartners-display-component---NewPartner--companyCodeComboBox-inner\"]"}
RESULT: {"using":"xpath","value":"//input[@id=\"application-managepartners-display-component---NewPartner--companyCodeComboBox-inner\"]"}
COMMAND: POST /session/ff0536b58743eaf2c437238d004892b9/element/f.BB3617BF1549F1B1531810C266B34E3A.d.48BED7A6A50DF2C906235586E860262C.e.1331/clear - {}
RESULT: {}
COMMAND: POST /session/ff0536b58743eaf2c437238d004892b9/element/f.BB3617BF1549F1B1531810C266B34E3A.d.48BED7A6A50DF2C906235586E860262C.e.1331/value - {"text":"1000"}
COMMAND: GET /session/ff0536b58743eaf2c437238d004892b9/screenshot - {}
RESULT: {"text":"1000"}
COMMAND: GET /session/ff0536b58743eaf2c437238d004892b9/screenshot - {}
RESULT: {}
RESULT: {}
COMMAND: POST /session/ff0536b58743eaf2c437238d004892b9/element - {"using":"xpath","value":"//li[.//span[text()= \"1000\"]]"}
RESULT: {"using":"xpath","value":"//li[.//span[text()= \"1000\"]]"}
COMMAND: POST /session/ff0536b58743eaf2c437238d004892b9/element/f.BB3617BF1549F1B1531810C266B34E3A.d.48BED7A6A50DF2C906235586E860262C.e.1584/click - {}
RESULT: {}
COMMAND: GET /session/ff0536b58743eaf2c437238d004892b9/screenshot - {}
RESULT: {}
COMMAND: POST /session/ff0536b58743eaf2c437238d004892b9/execute/async - {"script":"<script> [1562 bytes]","args":[{"selector":{"id":"application-managepartners-display-component---NewPartner--btnAddTableRow-img"},"wdio_ui5_key":"applicationmanagepartners-display-component---NewPartner--btnAddTableRow-img"}]}
RESULT: {"script":"<script> [1562 bytes]","args":[{"selector":{"id":"application-managepartners-display-component---NewPartner--btnAddTableRow-img"},"wdio_ui5_key":"applicationmanagepartners-display-component---NewPartner--btnAddTableRow-img"}]}
RESULT: undefined
COMMAND: POST /session/ff0536b58743eaf2c437238d004892b9/element - {"using":"xpath","value":"//*[@id=\"application-managepartners-display-component---NewPartner--btnAddTableRow-img\"]"}
RESULT: {"using":"xpath","value":"//*[@id=\"application-managepartners-display-component---NewPartner--btnAddTableRow-img\"]"}
COMMAND: POST /session/ff0536b58743eaf2c437238d004892b9/element/f.BB3617BF1549F1B1531810C266B34E3A.d.48BED7A6A50DF2C906235586E860262C.e.1585/click - {}
RESULT: {}
COMMAND: GET /session/ff0536b58743eaf2c437238d004892b9/screenshot - {}
RESULT: {}
COMMAND: POST /session/ff0536b58743eaf2c437238d004892b9/element - {"using":"xpath","value":"//input[@id=\"application-managepartners-display-component---NewPartner--assignmentYard-application-managepartners-display-component---NewPartner--assignmentsTable-0-inner\"]"}
RESULT: {"using":"xpath","value":"//input[@id=\"application-managepartners-display-component---NewPartner--assignmentYard-application-managepartners-display-component---NewPartner--assignmentsTable-0-inner\"]"}
COMMAND: POST /session/ff0536b58743eaf2c437238d004892b9/element/f.BB3617BF1549F1B1531810C266B34E3A.d.48BED7A6A50DF2C906235586E860262C.e.1588/clear - {}
RESULT: {}
COMMAND: POST /session/ff0536b58743eaf2c437238d004892b9/element/f.BB3617BF1549F1B1531810C266B34E3A.d.48BED7A6A50DF2C906235586E860262C.e.1588/value - {"text":"409"}
COMMAND: GET /session/ff0536b58743eaf2c437238d004892b9/screenshot - {}
RESULT: {"text":"409"}
COMMAND: GET /session/ff0536b58743eaf2c437238d004892b9/screenshot - {}
RESULT: {}
RESULT: {}
COMMAND: POST /session/ff0536b58743eaf2c437238d004892b9/element - {"using":"xpath","value":"//li[.//span[text()='409']]"}
RESULT: {"using":"xpath","value":"//li[.//span[text()='409']]"}
COMMAND: POST /session/ff0536b58743eaf2c437238d004892b9/element/f.BB3617BF1549F1B1531810C266B34E3A.d.48BED7A6A50DF2C906235586E860262C.e.1597/click - {}
RESULT: {}
COMMAND: GET /session/ff0536b58743eaf2c437238d004892b9/screenshot - {}
RESULT: {}
COMMAND: POST /session/ff0536b58743eaf2c437238d004892b9/actions - {"actions":[{"id":"action3","type":"key","parameters":{},"actions":[{"type":"keyDown","value":"î€‡"},{"type":"pause","duration":10},{"type":"keyUp","value":"î€‡"}]}]}
RESULT: {"actions":[{"id":"action3","type":"key","parameters":{},"actions":[{"type":"keyDown","value":"î€‡"},{"type":"pause","duration":10},{"type":"keyUp","value":"î€‡"}]}]}
COMMAND: POST /session/ff0536b58743eaf2c437238d004892b9/execute/async - {"script":"<script> [1562 bytes]","args":[{"selector":{"id":"application-managepartners-display-component---NewPartner--externalCustomerComboBox-application-managepartners-display-component---NewPartner--assignmentsTable-0-vhi"},"wdio_ui5_key":"applicationmanagepartners-display-component---NewPartner--externalCustomerComboBox-application-managepartners-display-component---NewPartner--assignmentsTable-0-vhi"}]}
COMMAND: GET /session/ff0536b58743eaf2c437238d004892b9/screenshot - {}
RESULT: {"script":"<script> [1562 bytes]","args":[{"selector":{"id":"application-managepartners-display-component---NewPartner--externalCustomerComboBox-application-managepartners-display-component---NewPartner--assignmentsTable-0-vhi"},"wdio_ui5_key":"applicationmanagepartners-display-component---NewPartner--externalCustomerComboBox-application-managepartners-display-component---NewPartner--assignmentsTable-0-vhi"}]}
RESULT: undefined
COMMAND: POST /session/ff0536b58743eaf2c437238d004892b9/element - {"using":"xpath","value":"//*[@id=\"application-managepartners-display-component---NewPartner--externalCustomerComboBox-application-managepartners-display-component---NewPartner--assignmentsTable-0-vhi\"]"}
RESULT: {}
RESULT: {"using":"xpath","value":"//*[@id=\"application-managepartners-display-component---NewPartner--externalCustomerComboBox-application-managepartners-display-component---NewPartner--assignmentsTable-0-vhi\"]"}
COMMAND: POST /session/ff0536b58743eaf2c437238d004892b9/element/f.BB3617BF1549F1B1531810C266B34E3A.d.48BED7A6A50DF2C906235586E860262C.e.1601/click - {}
RESULT: {}
RESULT: undefined
COMMAND: POST /session/ff0536b58743eaf2c437238d004892b9/execute/async - {"script":"<script> [776 bytes]","args":[{"enterText":"300003","selector":{"controlType":"sap.m.SearchField","properties":{"placeholder":"Search"},"searchOpenDialogs":true,"interaction":{"idSuffix":"I"}},"clearTextFirst":true,"interactionType":"ENTER_TEXT"}]}
COMMAND: GET /session/ff0536b58743eaf2c437238d004892b9/screenshot - {}
RESULT: {"script":"<script> [776 bytes]","args":[{"enterText":"300003","selector":{"controlType":"sap.m.SearchField","properties":{"placeholder":"Search"},"searchOpenDialogs":true,"interaction":{"idSuffix":"I"}},"clearTextFirst":true,"interactionType":"ENTER_TEXT"}]}
COMMAND: POST /session/ff0536b58743eaf2c437238d004892b9/actions - {"actions":[{"id":"action4","type":"key","parameters":{},"actions":[{"type":"keyDown","value":"î€‡"},{"type":"pause","duration":10},{"type":"keyUp","value":"î€‡"}]}]}
RESULT: {}
RESULT: {"actions":[{"id":"action4","type":"key","parameters":{},"actions":[{"type":"keyDown","value":"î€‡"},{"type":"pause","duration":10},{"type":"keyUp","value":"î€‡"}]}]}
COMMAND: GET /session/ff0536b58743eaf2c437238d004892b9/screenshot - {}
RESULT: {}
COMMAND: POST /session/ff0536b58743eaf2c437238d004892b9/element - {"using":"xpath","value":"//span[contains(text(), \"300003\")]"}
RESULT: {"using":"xpath","value":"//span[contains(text(), \"300003\")]"}
COMMAND: POST /session/ff0536b58743eaf2c437238d004892b9/element/f.BB3617BF1549F1B1531810C266B34E3A.d.48BED7A6A50DF2C906235586E860262C.e.1618/click - {}
RESULT: {}
COMMAND: GET /session/ff0536b58743eaf2c437238d004892b9/screenshot - {}
RESULT: {}
COMMAND: POST /session/ff0536b58743eaf2c437238d004892b9/element - {"using":"xpath","value":"//bdi[contains(text(), \"OK\")]"}
RESULT: {"using":"xpath","value":"//bdi[contains(text(), \"OK\")]"}
COMMAND: POST /session/ff0536b58743eaf2c437238d004892b9/element/f.BB3617BF1549F1B1531810C266B34E3A.d.48BED7A6A50DF2C906235586E860262C.e.1620/click - {}
RESULT: {}
COMMAND: GET /session/ff0536b58743eaf2c437238d004892b9/screenshot - {}
RESULT: {}
COMMAND: POST /session/ff0536b58743eaf2c437238d004892b9/execute/async - {"script":"<script> [1562 bytes]","args":[{"selector":{"id":"application-managepartners-display-component---NewPartner--intercompVendorComboBox-application-managepartners-display-component---NewPartner--assignmentsTable-0-vhi"},"wdio_ui5_key":"applicationmanagepartners-display-component---NewPartner--intercompVendorComboBox-application-managepartners-display-component---NewPartner--assignmentsTable-0-vhi"}]}
RESULT: {"script":"<script> [1562 bytes]","args":[{"selector":{"id":"application-managepartners-display-component---NewPartner--intercompVendorComboBox-application-managepartners-display-component---NewPartner--assignmentsTable-0-vhi"},"wdio_ui5_key":"applicationmanagepartners-display-component---NewPartner--intercompVendorComboBox-application-managepartners-display-component---NewPartner--assignmentsTable-0-vhi"}]}
RESULT: undefined
COMMAND: POST /session/ff0536b58743eaf2c437238d004892b9/element - {"using":"xpath","value":"//*[@id=\"application-managepartners-display-component---NewPartner--intercompVendorComboBox-application-managepartners-display-component---NewPartner--assignmentsTable-0-vhi\"]"}
RESULT: {"using":"xpath","value":"//*[@id=\"application-managepartners-display-component---NewPartner--intercompVendorComboBox-application-managepartners-display-component---NewPartner--assignmentsTable-0-vhi\"]"}
COMMAND: POST /session/ff0536b58743eaf2c437238d004892b9/element/f.BB3617BF1549F1B1531810C266B34E3A.d.48BED7A6A50DF2C906235586E860262C.e.1623/click - {}
RESULT: {}
RESULT: undefined
COMMAND: POST /session/ff0536b58743eaf2c437238d004892b9/execute/async - {"script":"<script> [776 bytes]","args":[{"enterText":"100005","selector":{"controlType":"sap.m.SearchField","properties":{"placeholder":"Search"},"searchOpenDialogs":true,"interaction":{"idSuffix":"I"}},"clearTextFirst":true,"interactionType":"ENTER_TEXT"}]}
COMMAND: GET /session/ff0536b58743eaf2c437238d004892b9/screenshot - {}
RESULT: {"script":"<script> [776 bytes]","args":[{"enterText":"100005","selector":{"controlType":"sap.m.SearchField","properties":{"placeholder":"Search"},"searchOpenDialogs":true,"interaction":{"idSuffix":"I"}},"clearTextFirst":true,"interactionType":"ENTER_TEXT"}]}
COMMAND: POST /session/ff0536b58743eaf2c437238d004892b9/actions - {"actions":[{"id":"action5","type":"key","parameters":{},"actions":[{"type":"keyDown","value":"î€‡"},{"type":"pause","duration":10},{"type":"keyUp","value":"î€‡"}]}]}
RESULT: {}
RESULT: {"actions":[{"id":"action5","type":"key","parameters":{},"actions":[{"type":"keyDown","value":"î€‡"},{"type":"pause","duration":10},{"type":"keyUp","value":"î€‡"}]}]}
COMMAND: GET /session/ff0536b58743eaf2c437238d004892b9/screenshot - {}
RESULT: {}
COMMAND: POST /session/ff0536b58743eaf2c437238d004892b9/element - {"using":"xpath","value":"//span[contains(text(), \"Penguins - Field/12345 Berlin\")]"}
RESULT: {"using":"xpath","value":"//span[contains(text(), \"Penguins - Field/12345 Berlin\")]"}
COMMAND: POST /session/ff0536b58743eaf2c437238d004892b9/element/f.BB3617BF1549F1B1531810C266B34E3A.d.48BED7A6A50DF2C906235586E860262C.e.1641/click - {}
RESULT: {}
COMMAND: GET /session/ff0536b58743eaf2c437238d004892b9/screenshot - {}
RESULT: {}
COMMAND: POST /session/ff0536b58743eaf2c437238d004892b9/element - {"using":"xpath","value":"//bdi[contains(text(), \"OK\")]"}
RESULT: {"using":"xpath","value":"//bdi[contains(text(), \"OK\")]"}
COMMAND: POST /session/ff0536b58743eaf2c437238d004892b9/element/f.BB3617BF1549F1B1531810C266B34E3A.d.48BED7A6A50DF2C906235586E860262C.e.1642/click - {}
RESULT: {}
COMMAND: GET /session/ff0536b58743eaf2c437238d004892b9/screenshot - {}
RESULT: {}
COMMAND: POST /session/ff0536b58743eaf2c437238d004892b9/element - {"using":"xpath","value":"//button[@data-kt=\"saveButton\"]"}
RESULT: {"using":"xpath","value":"//button[@data-kt=\"saveButton\"]"}
COMMAND: POST /session/ff0536b58743eaf2c437238d004892b9/element/f.BB3617BF1549F1B1531810C266B34E3A.d.48BED7A6A50DF2C906235586E860262C.e.1413/click - {}
RESULT: {}
COMMAND: GET /session/ff0536b58743eaf2c437238d004892b9/screenshot - {}
RESULT: {}
COMMAND: POST /session/ff0536b58743eaf2c437238d004892b9/element - {"using":"xpath","value":"//header[contains(@id, 'ObjectPageLayout-headerTitle')]/div[1]/div[2]/div[2]/span[1]"}
RESULT: {"using":"xpath","value":"//header[contains(@id, 'ObjectPageLayout-headerTitle')]/div[1]/div[2]/div[2]/span[1]"}
COMMAND: POST /session/ff0536b58743eaf2c437238d004892b9/elements - {"using":"xpath","value":"//header[contains(@id, 'ObjectPageLayout-headerTitle')]/div[1]/div[2]/div[2]/span[1]"}
RESULT: {"using":"xpath","value":"//header[contains(@id, 'ObjectPageLayout-headerTitle')]/div[1]/div[2]/div[2]/span[1]"}
COMMAND: POST /session/ff0536b58743eaf2c437238d004892b9/execute/sync - {"script":"<script> [56 bytes]","args":[{"element-6066-11e4-a52e-4f735466cecf":"f.BB3617BF1549F1B1531810C266B34E3A.d.48BED7A6A50DF2C906235586E860262C.e.1807","ELEMENT":"f.BB3617BF1549F1B1531810C266B34E3A.d.48BED7A6A50DF2C906235586E860262C.e.1807"}]}
RESULT: {"script":"<script> [56 bytes]","args":[{"element-6066-11e4-a52e-4f735466cecf":"f.BB3617BF1549F1B1531810C266B34E3A.d.48BED7A6A50DF2C906235586E860262C.e.1807","ELEMENT":"f.BB3617BF1549F1B1531810C266B34E3A.d.48BED7A6A50DF2C906235586E860262C.e.1807"}]}
COMMAND: POST /session/ff0536b58743eaf2c437238d004892b9/element - {"using":"css selector","value":"#shell-header-logo"}
COMMAND: GET /session/ff0536b58743eaf2c437238d004892b9/screenshot - {}
RESULT: {"using":"css selector","value":"#shell-header-logo"}
COMMAND: POST /session/ff0536b58743eaf2c437238d004892b9/element/f.BB3617BF1549F1B1531810C266B34E3A.d.48BED7A6A50DF2C906235586E860262C.e.1025/click - {}
RESULT: {}
RESULT: {}
COMMAND: GET /session/ff0536b58743eaf2c437238d004892b9/screenshot - {}
RESULT: {}
COMMAND: POST /session/ff0536b58743eaf2c437238d004892b9/execute/sync - {"script":"<script> [299 bytes]","args":[["getModel","getResource"]]}
RESULT: {"script":"<script> [299 bytes]","args":[["getModel","getResource"]]}
]]></system-out>
    </testcase>
    <testcase classname="chrome.136_0_7103_93.windows.Billing_confirm_US117289" name="Should create a new site" time="89.607">
      <system-out><![CDATA[
COMMAND: GET /session/ff0536b58743eaf2c437238d004892b9/screenshot - {}
COMMAND: POST /session/ff0536b58743eaf2c437238d004892b9/execute/async - {"script":"<script> [1562 bytes]","args":[{"selector":{"controlType":"sap.m.GenericTile","properties":{"header":"Manage Sites"}},"wdio_ui5_key":"sapm.GenericTile{\"header\":\"Manage Sites\"}"}]}
RESULT: {}
RESULT: {"script":"<script> [1562 bytes]","args":[{"selector":{"controlType":"sap.m.GenericTile","properties":{"header":"Manage Sites"}},"wdio_ui5_key":"sapm.GenericTile{\"header\":\"Manage Sites\"}"}]}
RESULT: undefined
COMMAND: POST /session/ff0536b58743eaf2c437238d004892b9/element - {"using":"xpath","value":"//*[@id=\"__tile40\"]"}
RESULT: {"using":"xpath","value":"//*[@id=\"__tile40\"]"}
COMMAND: POST /session/ff0536b58743eaf2c437238d004892b9/element/f.BB3617BF1549F1B1531810C266B34E3A.d.48BED7A6A50DF2C906235586E860262C.e.160/click - {}
RESULT: {}
COMMAND: GET /session/ff0536b58743eaf2c437238d004892b9/screenshot - {}
RESULT: {}
COMMAND: POST /session/ff0536b58743eaf2c437238d004892b9/elements - {"using":"xpath","value":"//span[text()='Error']"}
RESULT: {"using":"xpath","value":"//span[text()='Error']"}
COMMAND: POST /session/ff0536b58743eaf2c437238d004892b9/element - {"using":"xpath","value":"//button[@data-kt=\"addOverflowToolbarButton\"]"}
RESULT: {"using":"xpath","value":"//button[@data-kt=\"addOverflowToolbarButton\"]"}
COMMAND: POST /session/ff0536b58743eaf2c437238d004892b9/elements - {"using":"xpath","value":"//button[@data-kt=\"addOverflowToolbarButton\"]"}
RESULT: {"using":"xpath","value":"//button[@data-kt=\"addOverflowToolbarButton\"]"}
COMMAND: POST /session/ff0536b58743eaf2c437238d004892b9/execute/sync - {"script":"<script> [8489 bytes]","args":[{"element-6066-11e4-a52e-4f735466cecf":"f.BB3617BF1549F1B1531810C266B34E3A.d.48BED7A6A50DF2C906235586E860262C.e.1854","ELEMENT":"f.BB3617BF1549F1B1531810C266B34E3A.d.48BED7A6A50DF2C906235586E860262C.e.1854"}]}
RESULT: {"script":"<script> [8489 bytes]","args":[{"element-6066-11e4-a52e-4f735466cecf":"f.BB3617BF1549F1B1531810C266B34E3A.d.48BED7A6A50DF2C906235586E860262C.e.1854","ELEMENT":"f.BB3617BF1549F1B1531810C266B34E3A.d.48BED7A6A50DF2C906235586E860262C.e.1854"}]}
COMMAND: GET /session/ff0536b58743eaf2c437238d004892b9/element/f.BB3617BF1549F1B1531810C266B34E3A.d.48BED7A6A50DF2C906235586E860262C.e.1854/enabled - {}
COMMAND: GET /session/ff0536b58743eaf2c437238d004892b9/screenshot - {}
RESULT: {}
COMMAND: POST /session/ff0536b58743eaf2c437238d004892b9/execute/sync - {"script":"<script> [8489 bytes]","args":[{"element-6066-11e4-a52e-4f735466cecf":"f.BB3617BF1549F1B1531810C266B34E3A.d.48BED7A6A50DF2C906235586E860262C.e.1854","ELEMENT":"f.BB3617BF1549F1B1531810C266B34E3A.d.48BED7A6A50DF2C906235586E860262C.e.1854"}]}
COMMAND: GET /session/ff0536b58743eaf2c437238d004892b9/screenshot - {}
RESULT: {}
RESULT: {"script":"<script> [8489 bytes]","args":[{"element-6066-11e4-a52e-4f735466cecf":"f.BB3617BF1549F1B1531810C266B34E3A.d.48BED7A6A50DF2C906235586E860262C.e.1854","ELEMENT":"f.BB3617BF1549F1B1531810C266B34E3A.d.48BED7A6A50DF2C906235586E860262C.e.1854"}]}
COMMAND: POST /session/ff0536b58743eaf2c437238d004892b9/execute/sync - {"script":"<script> [5351 bytes]","args":[{"element-6066-11e4-a52e-4f735466cecf":"f.BB3617BF1549F1B1531810C266B34E3A.d.48BED7A6A50DF2C906235586E860262C.e.1854","ELEMENT":"f.BB3617BF1549F1B1531810C266B34E3A.d.48BED7A6A50DF2C906235586E860262C.e.1854"}]}
COMMAND: GET /session/ff0536b58743eaf2c437238d004892b9/screenshot - {}
RESULT: {}
RESULT: {"script":"<script> [5351 bytes]","args":[{"element-6066-11e4-a52e-4f735466cecf":"f.BB3617BF1549F1B1531810C266B34E3A.d.48BED7A6A50DF2C906235586E860262C.e.1854","ELEMENT":"f.BB3617BF1549F1B1531810C266B34E3A.d.48BED7A6A50DF2C906235586E860262C.e.1854"}]}
COMMAND: POST /session/ff0536b58743eaf2c437238d004892b9/element/f.BB3617BF1549F1B1531810C266B34E3A.d.48BED7A6A50DF2C906235586E860262C.e.1854/click - {}
COMMAND: GET /session/ff0536b58743eaf2c437238d004892b9/screenshot - {}
RESULT: {}
RESULT: {}
COMMAND: GET /session/ff0536b58743eaf2c437238d004892b9/screenshot - {}
RESULT: {}
RESULT: {}
COMMAND: POST /session/ff0536b58743eaf2c437238d004892b9/element - {"using":"xpath","value":"//input[@id=\"application-managesites-display-component---NewSite--siteId-inner\"]"}
RESULT: {"using":"xpath","value":"//input[@id=\"application-managesites-display-component---NewSite--siteId-inner\"]"}
COMMAND: POST /session/ff0536b58743eaf2c437238d004892b9/element - {"using":"xpath","value":"//input[@id=\"application-managesites-display-component---NewSite--siteId-inner\"]"}
RESULT: {"using":"xpath","value":"//input[@id=\"application-managesites-display-component---NewSite--siteId-inner\"]"}
COMMAND: POST /session/ff0536b58743eaf2c437238d004892b9/execute/async - {"script":"<script> [1562 bytes]","args":[{"selector":{"id":"application-managesites-display-component---NewSite--addressDetailDetailsName1","interaction":{"idSuffix":"inner"}},"wdio_ui5_key":"applicationmanagesites-display-component---NewSite--addressDetailDetailsName1"}]}
RESULT: {"script":"<script> [1562 bytes]","args":[{"selector":{"id":"application-managesites-display-component---NewSite--addressDetailDetailsName1","interaction":{"idSuffix":"inner"}},"wdio_ui5_key":"applicationmanagesites-display-component---NewSite--addressDetailDetailsName1"}]}
RESULT: undefined
COMMAND: POST /session/ff0536b58743eaf2c437238d004892b9/execute/async - {"script":"<script> [776 bytes]","args":[{"enterText":"Intracompany Site wdIO","selector":{"id":"application-managesites-display-component---NewSite--addressDetailDetailsName1","interaction":{"idSuffix":"inner"}},"clearTextFirst":true,"interactionType":"ENTER_TEXT"}]}
RESULT: {"script":"<script> [776 bytes]","args":[{"enterText":"Intracompany Site wdIO","selector":{"id":"application-managesites-display-component---NewSite--addressDetailDetailsName1","interaction":{"idSuffix":"inner"}},"clearTextFirst":true,"interactionType":"ENTER_TEXT"}]}
COMMAND: POST /session/ff0536b58743eaf2c437238d004892b9/execute/async - {"script":"<script> [1562 bytes]","args":[{"selector":{"id":"application-managesites-display-component---NewSite--addressDetailDetailsLanguage-arrow"},"wdio_ui5_key":"applicationmanagesites-display-component---NewSite--addressDetailDetailsLanguage-arrow"}]}
RESULT: {"script":"<script> [1562 bytes]","args":[{"selector":{"id":"application-managesites-display-component---NewSite--addressDetailDetailsLanguage-arrow"},"wdio_ui5_key":"applicationmanagesites-display-component---NewSite--addressDetailDetailsLanguage-arrow"}]}
RESULT: undefined
COMMAND: POST /session/ff0536b58743eaf2c437238d004892b9/element - {"using":"xpath","value":"//*[@id=\"application-managesites-display-component---NewSite--addressDetailDetailsLanguage-arrow\"]"}
RESULT: {"using":"xpath","value":"//*[@id=\"application-managesites-display-component---NewSite--addressDetailDetailsLanguage-arrow\"]"}
COMMAND: POST /session/ff0536b58743eaf2c437238d004892b9/element/f.BB3617BF1549F1B1531810C266B34E3A.d.48BED7A6A50DF2C906235586E860262C.e.2489/click - {}
RESULT: {}
COMMAND: POST /session/ff0536b58743eaf2c437238d004892b9/element - {"using":"xpath","value":"//span[contains(text(), \"English\")]"}
COMMAND: GET /session/ff0536b58743eaf2c437238d004892b9/screenshot - {}
RESULT: {"using":"xpath","value":"//span[contains(text(), \"English\")]"}
COMMAND: POST /session/ff0536b58743eaf2c437238d004892b9/element/f.BB3617BF1549F1B1531810C266B34E3A.d.48BED7A6A50DF2C906235586E860262C.e.2490/click - {}
RESULT: {}
RESULT: {}
COMMAND: POST /session/ff0536b58743eaf2c437238d004892b9/execute/async - {"script":"<script> [1562 bytes]","args":[{"selector":{"id":"application-managesites-display-component---NewSite--addressDetailDetailsCity1","interaction":{"idSuffix":"inner"}},"wdio_ui5_key":"applicationmanagesites-display-component---NewSite--addressDetailDetailsCity1"}]}
COMMAND: GET /session/ff0536b58743eaf2c437238d004892b9/screenshot - {}
RESULT: {"script":"<script> [1562 bytes]","args":[{"selector":{"id":"application-managesites-display-component---NewSite--addressDetailDetailsCity1","interaction":{"idSuffix":"inner"}},"wdio_ui5_key":"applicationmanagesites-display-component---NewSite--addressDetailDetailsCity1"}]}
RESULT: undefined
COMMAND: POST /session/ff0536b58743eaf2c437238d004892b9/execute/async - {"script":"<script> [776 bytes]","args":[{"enterText":"Rosario","selector":{"id":"application-managesites-display-component---NewSite--addressDetailDetailsCity1","interaction":{"idSuffix":"inner"}},"clearTextFirst":true,"interactionType":"ENTER_TEXT"}]}
RESULT: {}
RESULT: {"script":"<script> [776 bytes]","args":[{"enterText":"Rosario","selector":{"id":"application-managesites-display-component---NewSite--addressDetailDetailsCity1","interaction":{"idSuffix":"inner"}},"clearTextFirst":true,"interactionType":"ENTER_TEXT"}]}
COMMAND: POST /session/ff0536b58743eaf2c437238d004892b9/execute/async - {"script":"<script> [1562 bytes]","args":[{"selector":{"id":"application-managesites-display-component---NewSite--addressDetailDetailsCountry-arrow"},"wdio_ui5_key":"applicationmanagesites-display-component---NewSite--addressDetailDetailsCountry-arrow"}]}
RESULT: {"script":"<script> [1562 bytes]","args":[{"selector":{"id":"application-managesites-display-component---NewSite--addressDetailDetailsCountry-arrow"},"wdio_ui5_key":"applicationmanagesites-display-component---NewSite--addressDetailDetailsCountry-arrow"}]}
RESULT: undefined
COMMAND: POST /session/ff0536b58743eaf2c437238d004892b9/element - {"using":"xpath","value":"//*[@id=\"application-managesites-display-component---NewSite--addressDetailDetailsCountry-arrow\"]"}
RESULT: {"using":"xpath","value":"//*[@id=\"application-managesites-display-component---NewSite--addressDetailDetailsCountry-arrow\"]"}
COMMAND: POST /session/ff0536b58743eaf2c437238d004892b9/element/f.BB3617BF1549F1B1531810C266B34E3A.d.48BED7A6A50DF2C906235586E860262C.e.2492/click - {}
RESULT: {}
COMMAND: POST /session/ff0536b58743eaf2c437238d004892b9/element - {"using":"xpath","value":"//span[contains(text(), \"Argentina\")]"}
COMMAND: GET /session/ff0536b58743eaf2c437238d004892b9/screenshot - {}
RESULT: {"using":"xpath","value":"//span[contains(text(), \"Argentina\")]"}
COMMAND: POST /session/ff0536b58743eaf2c437238d004892b9/element/f.BB3617BF1549F1B1531810C266B34E3A.d.48BED7A6A50DF2C906235586E860262C.e.2493/click - {}
RESULT: {}
RESULT: {}
COMMAND: GET /session/ff0536b58743eaf2c437238d004892b9/screenshot - {}
RESULT: {}
COMMAND: POST /session/ff0536b58743eaf2c437238d004892b9/execute/async - {"script":"<script> [1562 bytes]","args":[{"selector":{"id":"application-managesites-display-component---NewSite--addressEditDetailsCostObjectCstType-arrow"},"wdio_ui5_key":"applicationmanagesites-display-component---NewSite--addressEditDetailsCostObjectCstType-arrow"}]}
RESULT: {"script":"<script> [1562 bytes]","args":[{"selector":{"id":"application-managesites-display-component---NewSite--addressEditDetailsCostObjectCstType-arrow"},"wdio_ui5_key":"applicationmanagesites-display-component---NewSite--addressEditDetailsCostObjectCstType-arrow"}]}
RESULT: undefined
COMMAND: POST /session/ff0536b58743eaf2c437238d004892b9/element - {"using":"xpath","value":"//*[@id=\"application-managesites-display-component---NewSite--addressEditDetailsCostObjectCstType-arrow\"]"}
RESULT: {"using":"xpath","value":"//*[@id=\"application-managesites-display-component---NewSite--addressEditDetailsCostObjectCstType-arrow\"]"}
COMMAND: POST /session/ff0536b58743eaf2c437238d004892b9/element/f.BB3617BF1549F1B1531810C266B34E3A.d.48BED7A6A50DF2C906235586E860262C.e.2496/click - {}
RESULT: {}
COMMAND: POST /session/ff0536b58743eaf2c437238d004892b9/element - {"using":"xpath","value":"//span[contains(text(), \"Cost Center\")]"}
COMMAND: GET /session/ff0536b58743eaf2c437238d004892b9/screenshot - {}
RESULT: {"using":"xpath","value":"//span[contains(text(), \"Cost Center\")]"}
COMMAND: POST /session/ff0536b58743eaf2c437238d004892b9/element/f.BB3617BF1549F1B1531810C266B34E3A.d.48BED7A6A50DF2C906235586E860262C.e.2497/click - {}
RESULT: {}
RESULT: {}
COMMAND: GET /session/ff0536b58743eaf2c437238d004892b9/screenshot - {}
RESULT: {}
COMMAND: POST /session/ff0536b58743eaf2c437238d004892b9/element - {"using":"xpath","value":"//span[@id=\"application-managesites-display-component---NewSite--addressNewCostObjectCstID-vhi\"]"}
RESULT: {"using":"xpath","value":"//span[@id=\"application-managesites-display-component---NewSite--addressNewCostObjectCstID-vhi\"]"}
COMMAND: POST /session/ff0536b58743eaf2c437238d004892b9/execute/sync - {"script":"<script> [8489 bytes]","args":[{"element-6066-11e4-a52e-4f735466cecf":"f.BB3617BF1549F1B1531810C266B34E3A.d.48BED7A6A50DF2C906235586E860262C.e.2502","ELEMENT":"f.BB3617BF1549F1B1531810C266B34E3A.d.48BED7A6A50DF2C906235586E860262C.e.2502"}]}
RESULT: {"script":"<script> [8489 bytes]","args":[{"element-6066-11e4-a52e-4f735466cecf":"f.BB3617BF1549F1B1531810C266B34E3A.d.48BED7A6A50DF2C906235586E860262C.e.2502","ELEMENT":"f.BB3617BF1549F1B1531810C266B34E3A.d.48BED7A6A50DF2C906235586E860262C.e.2502"}]}
COMMAND: POST /session/ff0536b58743eaf2c437238d004892b9/execute/async - {"script":"<script> [1562 bytes]","args":[{"selector":{"id":"application-managesites-display-component---NewSite--addressNewCostObjectCstID-vhi"},"wdio_ui5_key":"applicationmanagesites-display-component---NewSite--addressNewCostObjectCstID-vhi"}]}
COMMAND: GET /session/ff0536b58743eaf2c437238d004892b9/screenshot - {}
RESULT: {"script":"<script> [1562 bytes]","args":[{"selector":{"id":"application-managesites-display-component---NewSite--addressNewCostObjectCstID-vhi"},"wdio_ui5_key":"applicationmanagesites-display-component---NewSite--addressNewCostObjectCstID-vhi"}]}
RESULT: undefined
COMMAND: POST /session/ff0536b58743eaf2c437238d004892b9/element - {"using":"xpath","value":"//*[@id=\"application-managesites-display-component---NewSite--addressNewCostObjectCstID-vhi\"]"}
RESULT: {}
RESULT: {"using":"xpath","value":"//*[@id=\"application-managesites-display-component---NewSite--addressNewCostObjectCstID-vhi\"]"}
COMMAND: POST /session/ff0536b58743eaf2c437238d004892b9/element/f.BB3617BF1549F1B1531810C266B34E3A.d.48BED7A6A50DF2C906235586E860262C.e.2502/click - {}
RESULT: {}
COMMAND: GET /session/ff0536b58743eaf2c437238d004892b9/screenshot - {}
RESULT: {}
RESULT: undefined
COMMAND: POST /session/ff0536b58743eaf2c437238d004892b9/execute/async - {"script":"<script> [776 bytes]","args":[{"enterText":"10001013","selector":{"controlType":"sap.m.SearchField","properties":{"placeholder":"Search"},"searchOpenDialogs":true,"interaction":{"idSuffix":"I"}},"clearTextFirst":true,"interactionType":"ENTER_TEXT"}]}
RESULT: {"script":"<script> [776 bytes]","args":[{"enterText":"10001013","selector":{"controlType":"sap.m.SearchField","properties":{"placeholder":"Search"},"searchOpenDialogs":true,"interaction":{"idSuffix":"I"}},"clearTextFirst":true,"interactionType":"ENTER_TEXT"}]}
COMMAND: POST /session/ff0536b58743eaf2c437238d004892b9/actions - {"actions":[{"id":"action6","type":"key","parameters":{},"actions":[{"type":"keyDown","value":"î€‡"},{"type":"pause","duration":10},{"type":"keyUp","value":"î€‡"}]}]}
RESULT: {"actions":[{"id":"action6","type":"key","parameters":{},"actions":[{"type":"keyDown","value":"î€‡"},{"type":"pause","duration":10},{"type":"keyUp","value":"î€‡"}]}]}
COMMAND: GET /session/ff0536b58743eaf2c437238d004892b9/screenshot - {}
RESULT: {}
COMMAND: POST /session/ff0536b58743eaf2c437238d004892b9/element - {"using":"xpath","value":"//span[contains(text(), \"General Management\")]"}
RESULT: {"using":"xpath","value":"//span[contains(text(), \"General Management\")]"}
COMMAND: POST /session/ff0536b58743eaf2c437238d004892b9/element/f.BB3617BF1549F1B1531810C266B34E3A.d.48BED7A6A50DF2C906235586E860262C.e.2541/click - {}
RESULT: {}
COMMAND: GET /session/ff0536b58743eaf2c437238d004892b9/screenshot - {}
RESULT: {}
COMMAND: POST /session/ff0536b58743eaf2c437238d004892b9/element - {"using":"xpath","value":"//bdi[contains(text(), \"OK\")]"}
RESULT: {"using":"xpath","value":"//bdi[contains(text(), \"OK\")]"}
COMMAND: POST /session/ff0536b58743eaf2c437238d004892b9/element/f.BB3617BF1549F1B1531810C266B34E3A.d.48BED7A6A50DF2C906235586E860262C.e.2542/click - {}
RESULT: {}
COMMAND: GET /session/ff0536b58743eaf2c437238d004892b9/screenshot - {}
RESULT: {}
COMMAND: POST /session/ff0536b58743eaf2c437238d004892b9/element - {"using":"xpath","value":"//input[@id=\"application-managesites-display-component---NewSite--addressDetailDetailsCalendar-inner\"]"}
RESULT: {"using":"xpath","value":"//input[@id=\"application-managesites-display-component---NewSite--addressDetailDetailsCalendar-inner\"]"}
COMMAND: POST /session/ff0536b58743eaf2c437238d004892b9/element/f.BB3617BF1549F1B1531810C266B34E3A.d.48BED7A6A50DF2C906235586E860262C.e.2290/clear - {}
RESULT: {}
COMMAND: POST /session/ff0536b58743eaf2c437238d004892b9/element/f.BB3617BF1549F1B1531810C266B34E3A.d.48BED7A6A50DF2C906235586E860262C.e.2290/value - {"text":"Unit"}
COMMAND: GET /session/ff0536b58743eaf2c437238d004892b9/screenshot - {}
RESULT: {"text":"Unit"}
COMMAND: GET /session/ff0536b58743eaf2c437238d004892b9/screenshot - {}
RESULT: {}
RESULT: {}
COMMAND: POST /session/ff0536b58743eaf2c437238d004892b9/actions - {"actions":[{"id":"action7","type":"key","parameters":{},"actions":[{"type":"keyDown","value":"î€‡"},{"type":"pause","duration":10},{"type":"keyUp","value":"î€‡"}]}]}
RESULT: {"actions":[{"id":"action7","type":"key","parameters":{},"actions":[{"type":"keyDown","value":"î€‡"},{"type":"pause","duration":10},{"type":"keyUp","value":"î€‡"}]}]}
COMMAND: POST /session/ff0536b58743eaf2c437238d004892b9/element - {"using":"xpath","value":"//input[@id=\"application-managesites-display-component---NewSite--addressDetailDetailsYard-inner\"]"}
COMMAND: GET /session/ff0536b58743eaf2c437238d004892b9/screenshot - {}
RESULT: {"using":"xpath","value":"//input[@id=\"application-managesites-display-component---NewSite--addressDetailDetailsYard-inner\"]"}
COMMAND: POST /session/ff0536b58743eaf2c437238d004892b9/element/f.BB3617BF1549F1B1531810C266B34E3A.d.48BED7A6A50DF2C906235586E860262C.e.2291/clear - {}
RESULT: {}
RESULT: {}
COMMAND: POST /session/ff0536b58743eaf2c437238d004892b9/element/f.BB3617BF1549F1B1531810C266B34E3A.d.48BED7A6A50DF2C906235586E860262C.e.2291/value - {"text":"409"}
COMMAND: GET /session/ff0536b58743eaf2c437238d004892b9/screenshot - {}
RESULT: {}
RESULT: {"text":"409"}
COMMAND: GET /session/ff0536b58743eaf2c437238d004892b9/screenshot - {}
RESULT: {}
COMMAND: POST /session/ff0536b58743eaf2c437238d004892b9/element - {"using":"xpath","value":"//li[.//span[text()='409']]"}
RESULT: {"using":"xpath","value":"//li[.//span[text()='409']]"}
COMMAND: POST /session/ff0536b58743eaf2c437238d004892b9/element/f.BB3617BF1549F1B1531810C266B34E3A.d.48BED7A6A50DF2C906235586E860262C.e.2550/click - {}
RESULT: {}
COMMAND: GET /session/ff0536b58743eaf2c437238d004892b9/screenshot - {}
RESULT: {}
COMMAND: POST /session/ff0536b58743eaf2c437238d004892b9/element - {"using":"xpath","value":"//input[@id=\"application-managesites-display-component---NewSite--addressDetailDetailsPartner-inner\"]"}
RESULT: {"using":"xpath","value":"//input[@id=\"application-managesites-display-component---NewSite--addressDetailDetailsPartner-inner\"]"}
COMMAND: POST /session/ff0536b58743eaf2c437238d004892b9/element - {"using":"xpath","value":"//input[@id=\"application-managesites-display-component---NewSite--addressDetailDetailsPartner-inner\"]"}
RESULT: {"using":"xpath","value":"//input[@id=\"application-managesites-display-component---NewSite--addressDetailDetailsPartner-inner\"]"}
COMMAND: POST /session/ff0536b58743eaf2c437238d004892b9/element - {"using":"xpath","value":"//button[@data-kt=\"saveButton\"]"}
RESULT: {"using":"xpath","value":"//button[@data-kt=\"saveButton\"]"}
COMMAND: POST /session/ff0536b58743eaf2c437238d004892b9/element/f.BB3617BF1549F1B1531810C266B34E3A.d.48BED7A6A50DF2C906235586E860262C.e.2426/click - {}
RESULT: {}
COMMAND: GET /session/ff0536b58743eaf2c437238d004892b9/screenshot - {}
RESULT: {}
COMMAND: POST /session/ff0536b58743eaf2c437238d004892b9/element - {"using":"xpath","value":"//header[contains(@id, 'ObjectPageLayout-headerTitle')]/div[1]/div[2]/div[2]/span[1]"}
RESULT: {"using":"xpath","value":"//header[contains(@id, 'ObjectPageLayout-headerTitle')]/div[1]/div[2]/div[2]/span[1]"}
COMMAND: POST /session/ff0536b58743eaf2c437238d004892b9/elements - {"using":"xpath","value":"//header[contains(@id, 'ObjectPageLayout-headerTitle')]/div[1]/div[2]/div[2]/span[1]"}
RESULT: {"using":"xpath","value":"//header[contains(@id, 'ObjectPageLayout-headerTitle')]/div[1]/div[2]/div[2]/span[1]"}
COMMAND: POST /session/ff0536b58743eaf2c437238d004892b9/execute/sync - {"script":"<script> [56 bytes]","args":[{"element-6066-11e4-a52e-4f735466cecf":"f.BB3617BF1549F1B1531810C266B34E3A.d.48BED7A6A50DF2C906235586E860262C.e.2751","ELEMENT":"f.BB3617BF1549F1B1531810C266B34E3A.d.48BED7A6A50DF2C906235586E860262C.e.2751"}]}
RESULT: {"script":"<script> [56 bytes]","args":[{"element-6066-11e4-a52e-4f735466cecf":"f.BB3617BF1549F1B1531810C266B34E3A.d.48BED7A6A50DF2C906235586E860262C.e.2751","ELEMENT":"f.BB3617BF1549F1B1531810C266B34E3A.d.48BED7A6A50DF2C906235586E860262C.e.2751"}]}
COMMAND: POST /session/ff0536b58743eaf2c437238d004892b9/element - {"using":"css selector","value":"#shell-header-logo"}
COMMAND: GET /session/ff0536b58743eaf2c437238d004892b9/screenshot - {}
RESULT: {"using":"css selector","value":"#shell-header-logo"}
COMMAND: POST /session/ff0536b58743eaf2c437238d004892b9/element/f.BB3617BF1549F1B1531810C266B34E3A.d.48BED7A6A50DF2C906235586E860262C.e.1811/click - {}
RESULT: {}
RESULT: {}
COMMAND: GET /session/ff0536b58743eaf2c437238d004892b9/screenshot - {}
RESULT: {}
COMMAND: POST /session/ff0536b58743eaf2c437238d004892b9/execute/sync - {"script":"<script> [299 bytes]","args":[["getModel","getResource"]]}
RESULT: {"script":"<script> [299 bytes]","args":[["getModel","getResource"]]}
COMMAND: GET /session/ff0536b58743eaf2c437238d004892b9/screenshot - {}
]]></system-out>
    </testcase>
    <testcase classname="chrome.136_0_7103_93.windows.Billing_confirm_US117289" name="Should create a new equipment" time="131.926">
      <system-out><![CDATA[
COMMAND: POST /session/ff0536b58743eaf2c437238d004892b9/execute/async - {"script":"<script> [1562 bytes]","args":[{"selector":{"controlType":"sap.m.GenericTile","properties":{"header":"Manage Resources"}},"wdio_ui5_key":"sapm.GenericTile{\"header\":\"Manage Resources\"}"}]}
RESULT: {}
RESULT: {"script":"<script> [1562 bytes]","args":[{"selector":{"controlType":"sap.m.GenericTile","properties":{"header":"Manage Resources"}},"wdio_ui5_key":"sapm.GenericTile{\"header\":\"Manage Resources\"}"}]}
RESULT: undefined
COMMAND: POST /session/ff0536b58743eaf2c437238d004892b9/element - {"using":"xpath","value":"//*[@id=\"__tile39\"]"}
RESULT: {"using":"xpath","value":"//*[@id=\"__tile39\"]"}
COMMAND: POST /session/ff0536b58743eaf2c437238d004892b9/element/f.BB3617BF1549F1B1531810C266B34E3A.d.48BED7A6A50DF2C906235586E860262C.e.157/click - {}
RESULT: {}
COMMAND: GET /session/ff0536b58743eaf2c437238d004892b9/screenshot - {}
RESULT: {}
COMMAND: POST /session/ff0536b58743eaf2c437238d004892b9/elements - {"using":"xpath","value":"//span[text()='Error']"}
RESULT: {"using":"xpath","value":"//span[text()='Error']"}
COMMAND: POST /session/ff0536b58743eaf2c437238d004892b9/element - {"using":"xpath","value":"//button[@data-kt=\"addNewRUOverflowToolbarButton\"]"}
RESULT: {"using":"xpath","value":"//button[@data-kt=\"addNewRUOverflowToolbarButton\"]"}
COMMAND: POST /session/ff0536b58743eaf2c437238d004892b9/elements - {"using":"xpath","value":"//button[@data-kt=\"addNewRUOverflowToolbarButton\"]"}
RESULT: {"using":"xpath","value":"//button[@data-kt=\"addNewRUOverflowToolbarButton\"]"}
COMMAND: POST /session/ff0536b58743eaf2c437238d004892b9/execute/sync - {"script":"<script> [8489 bytes]","args":[{"element-6066-11e4-a52e-4f735466cecf":"f.BB3617BF1549F1B1531810C266B34E3A.d.48BED7A6A50DF2C906235586E860262C.e.2784","ELEMENT":"f.BB3617BF1549F1B1531810C266B34E3A.d.48BED7A6A50DF2C906235586E860262C.e.2784"}]}
RESULT: {"script":"<script> [8489 bytes]","args":[{"element-6066-11e4-a52e-4f735466cecf":"f.BB3617BF1549F1B1531810C266B34E3A.d.48BED7A6A50DF2C906235586E860262C.e.2784","ELEMENT":"f.BB3617BF1549F1B1531810C266B34E3A.d.48BED7A6A50DF2C906235586E860262C.e.2784"}]}
COMMAND: GET /session/ff0536b58743eaf2c437238d004892b9/element/f.BB3617BF1549F1B1531810C266B34E3A.d.48BED7A6A50DF2C906235586E860262C.e.2784/enabled - {}
COMMAND: GET /session/ff0536b58743eaf2c437238d004892b9/screenshot - {}
RESULT: {}
COMMAND: POST /session/ff0536b58743eaf2c437238d004892b9/execute/sync - {"script":"<script> [8489 bytes]","args":[{"element-6066-11e4-a52e-4f735466cecf":"f.BB3617BF1549F1B1531810C266B34E3A.d.48BED7A6A50DF2C906235586E860262C.e.2784","ELEMENT":"f.BB3617BF1549F1B1531810C266B34E3A.d.48BED7A6A50DF2C906235586E860262C.e.2784"}]}
COMMAND: GET /session/ff0536b58743eaf2c437238d004892b9/screenshot - {}
RESULT: {}
RESULT: {"script":"<script> [8489 bytes]","args":[{"element-6066-11e4-a52e-4f735466cecf":"f.BB3617BF1549F1B1531810C266B34E3A.d.48BED7A6A50DF2C906235586E860262C.e.2784","ELEMENT":"f.BB3617BF1549F1B1531810C266B34E3A.d.48BED7A6A50DF2C906235586E860262C.e.2784"}]}
COMMAND: POST /session/ff0536b58743eaf2c437238d004892b9/execute/sync - {"script":"<script> [5351 bytes]","args":[{"element-6066-11e4-a52e-4f735466cecf":"f.BB3617BF1549F1B1531810C266B34E3A.d.48BED7A6A50DF2C906235586E860262C.e.2784","ELEMENT":"f.BB3617BF1549F1B1531810C266B34E3A.d.48BED7A6A50DF2C906235586E860262C.e.2784"}]}
COMMAND: GET /session/ff0536b58743eaf2c437238d004892b9/screenshot - {}
RESULT: {}
RESULT: {"script":"<script> [5351 bytes]","args":[{"element-6066-11e4-a52e-4f735466cecf":"f.BB3617BF1549F1B1531810C266B34E3A.d.48BED7A6A50DF2C906235586E860262C.e.2784","ELEMENT":"f.BB3617BF1549F1B1531810C266B34E3A.d.48BED7A6A50DF2C906235586E860262C.e.2784"}]}
COMMAND: POST /session/ff0536b58743eaf2c437238d004892b9/element/f.BB3617BF1549F1B1531810C266B34E3A.d.48BED7A6A50DF2C906235586E860262C.e.2784/click - {}
COMMAND: GET /session/ff0536b58743eaf2c437238d004892b9/screenshot - {}
RESULT: {}
RESULT: {}
COMMAND: GET /session/ff0536b58743eaf2c437238d004892b9/screenshot - {}
RESULT: {}
RESULT: {}
COMMAND: POST /session/ff0536b58743eaf2c437238d004892b9/execute/async - {"script":"<script> [1562 bytes]","args":[{"selector":{"id":"application-manageresources-display-component---newResourceUnit--TYPE-arrow"},"wdio_ui5_key":"applicationmanageresources-display-component---newResourceUnit--TYPE-arrow"}]}
RESULT: {"script":"<script> [1562 bytes]","args":[{"selector":{"id":"application-manageresources-display-component---newResourceUnit--TYPE-arrow"},"wdio_ui5_key":"applicationmanageresources-display-component---newResourceUnit--TYPE-arrow"}]}
RESULT: undefined
COMMAND: POST /session/ff0536b58743eaf2c437238d004892b9/element - {"using":"xpath","value":"//*[@id=\"application-manageresources-display-component---newResourceUnit--TYPE-arrow\"]"}
RESULT: {"using":"xpath","value":"//*[@id=\"application-manageresources-display-component---newResourceUnit--TYPE-arrow\"]"}
COMMAND: POST /session/ff0536b58743eaf2c437238d004892b9/element/f.BB3617BF1549F1B1531810C266B34E3A.d.48BED7A6A50DF2C906235586E860262C.e.3150/click - {}
RESULT: {}
COMMAND: POST /session/ff0536b58743eaf2c437238d004892b9/element - {"using":"xpath","value":"//input[@id=\"application-manageresources-display-component---newResourceUnit--TYPE-inner\"]"}
COMMAND: GET /session/ff0536b58743eaf2c437238d004892b9/screenshot - {}
RESULT: {"using":"xpath","value":"//input[@id=\"application-manageresources-display-component---newResourceUnit--TYPE-inner\"]"}
COMMAND: POST /session/ff0536b58743eaf2c437238d004892b9/element/f.BB3617BF1549F1B1531810C266B34E3A.d.48BED7A6A50DF2C906235586E860262C.e.3134/clear - {}
RESULT: {}
RESULT: {}
COMMAND: POST /session/ff0536b58743eaf2c437238d004892b9/element/f.BB3617BF1549F1B1531810C266B34E3A.d.48BED7A6A50DF2C906235586E860262C.e.3134/value - {"text":"Equipment"}
COMMAND: GET /session/ff0536b58743eaf2c437238d004892b9/screenshot - {}
RESULT: {"text":"Equipment"}
COMMAND: GET /session/ff0536b58743eaf2c437238d004892b9/screenshot - {}
RESULT: {}
RESULT: {}
COMMAND: POST /session/ff0536b58743eaf2c437238d004892b9/actions - {"actions":[{"id":"action8","type":"key","parameters":{},"actions":[{"type":"keyDown","value":"î€‡"},{"type":"pause","duration":10},{"type":"keyUp","value":"î€‡"}]}]}
RESULT: {"actions":[{"id":"action8","type":"key","parameters":{},"actions":[{"type":"keyDown","value":"î€‡"},{"type":"pause","duration":10},{"type":"keyUp","value":"î€‡"}]}]}
COMMAND: POST /session/ff0536b58743eaf2c437238d004892b9/execute/async - {"script":"<script> [1562 bytes]","args":[{"selector":{"id":"application-manageresources-display-component---newResourceUnit--resourceId","interaction":{"idSuffix":"inner"}},"wdio_ui5_key":"applicationmanageresources-display-component---newResourceUnit--resourceId"}]}
COMMAND: GET /session/ff0536b58743eaf2c437238d004892b9/screenshot - {}
RESULT: {"script":"<script> [1562 bytes]","args":[{"selector":{"id":"application-manageresources-display-component---newResourceUnit--resourceId","interaction":{"idSuffix":"inner"}},"wdio_ui5_key":"applicationmanageresources-display-component---newResourceUnit--resourceId"}]}
RESULT: undefined
COMMAND: POST /session/ff0536b58743eaf2c437238d004892b9/execute/async - {"script":"<script> [776 bytes]","args":[{"enterText":"HU0KPTY8fk","selector":{"id":"application-manageresources-display-component---newResourceUnit--resourceId","interaction":{"idSuffix":"inner"}},"clearTextFirst":true,"interactionType":"ENTER_TEXT"}]}
RESULT: {}
RESULT: {"script":"<script> [776 bytes]","args":[{"enterText":"HU0KPTY8fk","selector":{"id":"application-manageresources-display-component---newResourceUnit--resourceId","interaction":{"idSuffix":"inner"}},"clearTextFirst":true,"interactionType":"ENTER_TEXT"}]}
COMMAND: POST /session/ff0536b58743eaf2c437238d004892b9/execute/async - {"script":"<script> [1562 bytes]","args":[{"selector":{"id":"application-manageresources-display-component---newResourceUnit--SHORT_TEXT","interaction":{"idSuffix":"inner"}},"wdio_ui5_key":"applicationmanageresources-display-component---newResourceUnit--SHORT_TEXT"}]}
RESULT: {"script":"<script> [1562 bytes]","args":[{"selector":{"id":"application-manageresources-display-component---newResourceUnit--SHORT_TEXT","interaction":{"idSuffix":"inner"}},"wdio_ui5_key":"applicationmanageresources-display-component---newResourceUnit--SHORT_TEXT"}]}
RESULT: undefined
COMMAND: POST /session/ff0536b58743eaf2c437238d004892b9/execute/async - {"script":"<script> [776 bytes]","args":[{"enterText":"Intercompany Equipment WDIO","selector":{"id":"application-manageresources-display-component---newResourceUnit--SHORT_TEXT","interaction":{"idSuffix":"inner"}},"clearTextFirst":true,"interactionType":"ENTER_TEXT"}]}
RESULT: {"script":"<script> [776 bytes]","args":[{"enterText":"Intercompany Equipment WDIO","selector":{"id":"application-manageresources-display-component---newResourceUnit--SHORT_TEXT","interaction":{"idSuffix":"inner"}},"clearTextFirst":true,"interactionType":"ENTER_TEXT"}]}
COMMAND: POST /session/ff0536b58743eaf2c437238d004892b9/execute/async - {"script":"<script> [1562 bytes]","args":[{"selector":{"id":"application-manageresources-display-component---newResourceUnit--BASE_UNIT_OF_MEASURE","interaction":{"idSuffix":"inner"}},"wdio_ui5_key":"applicationmanageresources-display-component---newResourceUnit--BASE_UNIT_OF_MEASURE"}]}
RESULT: {"script":"<script> [1562 bytes]","args":[{"selector":{"id":"application-manageresources-display-component---newResourceUnit--BASE_UNIT_OF_MEASURE","interaction":{"idSuffix":"inner"}},"wdio_ui5_key":"applicationmanageresources-display-component---newResourceUnit--BASE_UNIT_OF_MEASURE"}]}
RESULT: undefined
COMMAND: POST /session/ff0536b58743eaf2c437238d004892b9/execute/async - {"script":"<script> [776 bytes]","args":[{"enterText":"Piece","selector":{"id":"application-manageresources-display-component---newResourceUnit--BASE_UNIT_OF_MEASURE","interaction":{"idSuffix":"inner"}},"clearTextFirst":true,"interactionType":"ENTER_TEXT"}]}
RESULT: {"script":"<script> [776 bytes]","args":[{"enterText":"Piece","selector":{"id":"application-manageresources-display-component---newResourceUnit--BASE_UNIT_OF_MEASURE","interaction":{"idSuffix":"inner"}},"clearTextFirst":true,"interactionType":"ENTER_TEXT"}]}
COMMAND: POST /session/ff0536b58743eaf2c437238d004892b9/execute/async - {"script":"<script> [1562 bytes]","args":[{"selector":{"id":"application-manageresources-display-component---newResourceUnit--WEIGHT_UNIT","interaction":{"idSuffix":"inner"}},"wdio_ui5_key":"applicationmanageresources-display-component---newResourceUnit--WEIGHT_UNIT"}]}
RESULT: {"script":"<script> [1562 bytes]","args":[{"selector":{"id":"application-manageresources-display-component---newResourceUnit--WEIGHT_UNIT","interaction":{"idSuffix":"inner"}},"wdio_ui5_key":"applicationmanageresources-display-component---newResourceUnit--WEIGHT_UNIT"}]}
RESULT: undefined
COMMAND: POST /session/ff0536b58743eaf2c437238d004892b9/execute/async - {"script":"<script> [776 bytes]","args":[{"enterText":"Gram","selector":{"id":"application-manageresources-display-component---newResourceUnit--WEIGHT_UNIT","interaction":{"idSuffix":"inner"}},"clearTextFirst":true,"interactionType":"ENTER_TEXT"}]}
RESULT: {"script":"<script> [776 bytes]","args":[{"enterText":"Gram","selector":{"id":"application-manageresources-display-component---newResourceUnit--WEIGHT_UNIT","interaction":{"idSuffix":"inner"}},"clearTextFirst":true,"interactionType":"ENTER_TEXT"}]}
COMMAND: POST /session/ff0536b58743eaf2c437238d004892b9/execute/async - {"script":"<script> [1562 bytes]","args":[{"selector":{"id":"application-manageresources-display-component---newResourceUnit--DIMENSION_UNIT","interaction":{"idSuffix":"inner"}},"wdio_ui5_key":"applicationmanageresources-display-component---newResourceUnit--DIMENSION_UNIT"}]}
RESULT: {"script":"<script> [1562 bytes]","args":[{"selector":{"id":"application-manageresources-display-component---newResourceUnit--DIMENSION_UNIT","interaction":{"idSuffix":"inner"}},"wdio_ui5_key":"applicationmanageresources-display-component---newResourceUnit--DIMENSION_UNIT"}]}
RESULT: undefined
COMMAND: POST /session/ff0536b58743eaf2c437238d004892b9/execute/async - {"script":"<script> [776 bytes]","args":[{"enterText":"Meter","selector":{"id":"application-manageresources-display-component---newResourceUnit--DIMENSION_UNIT","interaction":{"idSuffix":"inner"}},"clearTextFirst":true,"interactionType":"ENTER_TEXT"}]}
RESULT: {"script":"<script> [776 bytes]","args":[{"enterText":"Meter","selector":{"id":"application-manageresources-display-component---newResourceUnit--DIMENSION_UNIT","interaction":{"idSuffix":"inner"}},"clearTextFirst":true,"interactionType":"ENTER_TEXT"}]}
COMMAND: POST /session/ff0536b58743eaf2c437238d004892b9/execute/async - {"script":"<script> [1562 bytes]","args":[{"selector":{"id":"application-manageresources-display-component---newResourceUnit--newRRUPage-anchBar-application-manageresources-display-component---newResourceUnit--control-anchor","interaction":{"idSuffix":"BDI-content"}},"wdio_ui5_key":"applicationmanageresources-display-component---newResourceUnit--newRRUPage-anchBar-application-manageresources-display-component---newResourceUnit--control-anchor"}]}
RESULT: {"script":"<script> [1562 bytes]","args":[{"selector":{"id":"application-manageresources-display-component---newResourceUnit--newRRUPage-anchBar-application-manageresources-display-component---newResourceUnit--control-anchor","interaction":{"idSuffix":"BDI-content"}},"wdio_ui5_key":"applicationmanageresources-display-component---newResourceUnit--newRRUPage-anchBar-application-manageresources-display-component---newResourceUnit--control-anchor"}]}
RESULT: undefined
COMMAND: POST /session/ff0536b58743eaf2c437238d004892b9/element - {"using":"xpath","value":"//*[@id=\"application-manageresources-display-component---newResourceUnit--newRRUPage-anchBar-application-manageresources-display-component---newResourceUnit--control-anchor\"]"}
RESULT: {"using":"xpath","value":"//*[@id=\"application-manageresources-display-component---newResourceUnit--newRRUPage-anchBar-application-manageresources-display-component---newResourceUnit--control-anchor\"]"}
COMMAND: POST /session/ff0536b58743eaf2c437238d004892b9/element/f.BB3617BF1549F1B1531810C266B34E3A.d.48BED7A6A50DF2C906235586E860262C.e.3281/click - {}
RESULT: {}
COMMAND: POST /session/ff0536b58743eaf2c437238d004892b9/execute/async - {"script":"<script> [1562 bytes]","args":[{"selector":{"id":"application-manageresources-display-component---newResourceUnit--PLANNING_GROUP","interaction":{"idSuffix":"inner"}},"wdio_ui5_key":"applicationmanageresources-display-component---newResourceUnit--PLANNING_GROUP"}]}
COMMAND: GET /session/ff0536b58743eaf2c437238d004892b9/screenshot - {}
RESULT: {"script":"<script> [1562 bytes]","args":[{"selector":{"id":"application-manageresources-display-component---newResourceUnit--PLANNING_GROUP","interaction":{"idSuffix":"inner"}},"wdio_ui5_key":"applicationmanageresources-display-component---newResourceUnit--PLANNING_GROUP"}]}
RESULT: undefined
COMMAND: POST /session/ff0536b58743eaf2c437238d004892b9/execute/async - {"script":"<script> [776 bytes]","args":[{"enterText":"Heavy Equi","selector":{"id":"application-manageresources-display-component---newResourceUnit--PLANNING_GROUP","interaction":{"idSuffix":"inner"}},"clearTextFirst":true,"interactionType":"ENTER_TEXT"}]}
RESULT: {}
RESULT: {"script":"<script> [776 bytes]","args":[{"enterText":"Heavy Equi","selector":{"id":"application-manageresources-display-component---newResourceUnit--PLANNING_GROUP","interaction":{"idSuffix":"inner"}},"clearTextFirst":true,"interactionType":"ENTER_TEXT"}]}
COMMAND: POST /session/ff0536b58743eaf2c437238d004892b9/execute/async - {"script":"<script> [1562 bytes]","args":[{"selector":{"id":"application-manageresources-display-component---newResourceUnit--ITEM_TYPE-arrow"},"wdio_ui5_key":"applicationmanageresources-display-component---newResourceUnit--ITEM_TYPE-arrow"}]}
RESULT: {"script":"<script> [1562 bytes]","args":[{"selector":{"id":"application-manageresources-display-component---newResourceUnit--ITEM_TYPE-arrow"},"wdio_ui5_key":"applicationmanageresources-display-component---newResourceUnit--ITEM_TYPE-arrow"}]}
RESULT: undefined
COMMAND: POST /session/ff0536b58743eaf2c437238d004892b9/element - {"using":"xpath","value":"//*[@id=\"application-manageresources-display-component---newResourceUnit--ITEM_TYPE-arrow\"]"}
RESULT: {"using":"xpath","value":"//*[@id=\"application-manageresources-display-component---newResourceUnit--ITEM_TYPE-arrow\"]"}
COMMAND: POST /session/ff0536b58743eaf2c437238d004892b9/element/f.BB3617BF1549F1B1531810C266B34E3A.d.48BED7A6A50DF2C906235586E860262C.e.3288/click - {}
RESULT: {}
COMMAND: POST /session/ff0536b58743eaf2c437238d004892b9/element - {"using":"xpath","value":"(//span[contains(text(), \"Resource Unit\")])[2]"}
COMMAND: GET /session/ff0536b58743eaf2c437238d004892b9/screenshot - {}
RESULT: {"using":"xpath","value":"(//span[contains(text(), \"Resource Unit\")])[2]"}
COMMAND: POST /session/ff0536b58743eaf2c437238d004892b9/element/f.BB3617BF1549F1B1531810C266B34E3A.d.48BED7A6A50DF2C906235586E860262C.e.3289/click - {}
RESULT: {}
RESULT: {}
COMMAND: GET /session/ff0536b58743eaf2c437238d004892b9/screenshot - {}
RESULT: {}
COMMAND: POST /session/ff0536b58743eaf2c437238d004892b9/element - {"using":"css selector","value":"#application-manageresources-display-component---newResourceUnit--btnAddTimeSegment"}
RESULT: {"using":"css selector","value":"#application-manageresources-display-component---newResourceUnit--btnAddTimeSegment"}
COMMAND: GET /session/ff0536b58743eaf2c437238d004892b9/element/f.BB3617BF1549F1B1531810C266B34E3A.d.48BED7A6A50DF2C906235586E860262C.e.3290/rect - {}
RESULT: {}
COMMAND: GET /session/ff0536b58743eaf2c437238d004892b9/window/rect - {}
RESULT: {}
COMMAND: POST /session/ff0536b58743eaf2c437238d004892b9/execute/sync - {"script":"<script> [92 bytes]","args":[]}
RESULT: {"script":"<script> [92 bytes]","args":[]}
COMMAND: POST /session/ff0536b58743eaf2c437238d004892b9/actions - {"actions":[{"id":"action9","type":"wheel","parameters":{},"actions":[{"type":"scroll","x":-1888,"y":-32,"deltaX":0,"deltaY":0,"duration":0,"origin":{"element-6066-11e4-a52e-4f735466cecf":"f.BB3617BF1549F1B1531810C266B34E3A.d.48BED7A6A50DF2C906235586E860262C.e.3290"}}]}]}
COMMAND: GET /session/ff0536b58743eaf2c437238d004892b9/screenshot - {}
RESULT: {}
COMMAND: POST /session/ff0536b58743eaf2c437238d004892b9/execute/sync - {"script":"<script> [79 bytes]","args":[{"element-6066-11e4-a52e-4f735466cecf":"f.BB3617BF1549F1B1531810C266B34E3A.d.48BED7A6A50DF2C906235586E860262C.e.3290","ELEMENT":"f.BB3617BF1549F1B1531810C266B34E3A.d.48BED7A6A50DF2C906235586E860262C.e.3290"},{"block":"start","inline":"nearest"}]}
RESULT: {"script":"<script> [79 bytes]","args":[{"element-6066-11e4-a52e-4f735466cecf":"f.BB3617BF1549F1B1531810C266B34E3A.d.48BED7A6A50DF2C906235586E860262C.e.3290","ELEMENT":"f.BB3617BF1549F1B1531810C266B34E3A.d.48BED7A6A50DF2C906235586E860262C.e.3290"},{"block":"start","inline":"nearest"}]}
COMMAND: POST /session/ff0536b58743eaf2c437238d004892b9/execute/async - {"script":"<script> [1562 bytes]","args":[{"selector":{"id":"application-manageresources-display-component---newResourceUnit--btnAddTimeSegment","interaction":{"idSuffix":"inner"}},"wdio_ui5_key":"applicationmanageresources-display-component---newResourceUnit--btnAddTimeSegment"}]}
COMMAND: GET /session/ff0536b58743eaf2c437238d004892b9/screenshot - {}
RESULT: {"script":"<script> [1562 bytes]","args":[{"selector":{"id":"application-manageresources-display-component---newResourceUnit--btnAddTimeSegment","interaction":{"idSuffix":"inner"}},"wdio_ui5_key":"applicationmanageresources-display-component---newResourceUnit--btnAddTimeSegment"}]}
RESULT: undefined
COMMAND: POST /session/ff0536b58743eaf2c437238d004892b9/element - {"using":"xpath","value":"//*[@id=\"application-manageresources-display-component---newResourceUnit--btnAddTimeSegment\"]"}
RESULT: {}
RESULT: {"using":"xpath","value":"//*[@id=\"application-manageresources-display-component---newResourceUnit--btnAddTimeSegment\"]"}
COMMAND: POST /session/ff0536b58743eaf2c437238d004892b9/element/f.BB3617BF1549F1B1531810C266B34E3A.d.48BED7A6A50DF2C906235586E860262C.e.3290/click - {}
RESULT: {}
COMMAND: GET /session/ff0536b58743eaf2c437238d004892b9/screenshot - {}
RESULT: {}
COMMAND: POST /session/ff0536b58743eaf2c437238d004892b9/element - {"using":"xpath","value":"//input[@id=\"application-manageresources-display-component---newResourceUnit--idRuTSAdmin-application-manageresources-display-component---newResourceUnit--RUTimeSegment-0-inner\"]"}
RESULT: {"using":"xpath","value":"//input[@id=\"application-manageresources-display-component---newResourceUnit--idRuTSAdmin-application-manageresources-display-component---newResourceUnit--RUTimeSegment-0-inner\"]"}
COMMAND: POST /session/ff0536b58743eaf2c437238d004892b9/element/f.BB3617BF1549F1B1531810C266B34E3A.d.48BED7A6A50DF2C906235586E860262C.e.3296/clear - {}
RESULT: {}
COMMAND: POST /session/ff0536b58743eaf2c437238d004892b9/element/f.BB3617BF1549F1B1531810C266B34E3A.d.48BED7A6A50DF2C906235586E860262C.e.3296/value - {"text":"409"}
COMMAND: GET /session/ff0536b58743eaf2c437238d004892b9/screenshot - {}
RESULT: {"text":"409"}
COMMAND: GET /session/ff0536b58743eaf2c437238d004892b9/screenshot - {}
RESULT: {}
RESULT: {}
COMMAND: POST /session/ff0536b58743eaf2c437238d004892b9/element - {"using":"xpath","value":"//li[.//span[text()='409']]"}
RESULT: {"using":"xpath","value":"//li[.//span[text()='409']]"}
COMMAND: POST /session/ff0536b58743eaf2c437238d004892b9/element/f.BB3617BF1549F1B1531810C266B34E3A.d.48BED7A6A50DF2C906235586E860262C.e.3307/click - {}
RESULT: {}
COMMAND: GET /session/ff0536b58743eaf2c437238d004892b9/screenshot - {}
RESULT: {}
COMMAND: POST /session/ff0536b58743eaf2c437238d004892b9/element - {"using":"xpath","value":"(//span[contains(@id, \"-application-manageresources-display-component---newResourceUnit--RUTimeSegment-0-arrow\")])[6]"}
RESULT: {"using":"xpath","value":"(//span[contains(@id, \"-application-manageresources-display-component---newResourceUnit--RUTimeSegment-0-arrow\")])[6]"}
COMMAND: POST /session/ff0536b58743eaf2c437238d004892b9/element/f.BB3617BF1549F1B1531810C266B34E3A.d.48BED7A6A50DF2C906235586E860262C.e.3308/click - {}
RESULT: {}
COMMAND: GET /session/ff0536b58743eaf2c437238d004892b9/screenshot - {}
RESULT: {}
COMMAND: POST /session/ff0536b58743eaf2c437238d004892b9/element - {"using":"xpath","value":"//span[contains(text(), \"PM Order\")]"}
RESULT: {"using":"xpath","value":"//span[contains(text(), \"PM Order\")]"}
COMMAND: POST /session/ff0536b58743eaf2c437238d004892b9/element/f.BB3617BF1549F1B1531810C266B34E3A.d.48BED7A6A50DF2C906235586E860262C.e.3311/click - {}
RESULT: {}
COMMAND: GET /session/ff0536b58743eaf2c437238d004892b9/screenshot - {}
RESULT: {}
COMMAND: POST /session/ff0536b58743eaf2c437238d004892b9/element - {"using":"xpath","value":"(//span[contains(@id ,\"manageresources-display-component---newResourceUnit--RUTimeSegment-0-vhi\")])[1]"}
RESULT: {"using":"xpath","value":"(//span[contains(@id ,\"manageresources-display-component---newResourceUnit--RUTimeSegment-0-vhi\")])[1]"}
COMMAND: GET /session/ff0536b58743eaf2c437238d004892b9/element/f.BB3617BF1549F1B1531810C266B34E3A.d.48BED7A6A50DF2C906235586E860262C.e.3315/rect - {}
RESULT: {}
COMMAND: GET /session/ff0536b58743eaf2c437238d004892b9/window/rect - {}
RESULT: {}
COMMAND: POST /session/ff0536b58743eaf2c437238d004892b9/execute/sync - {"script":"<script> [92 bytes]","args":[]}
RESULT: {"script":"<script> [92 bytes]","args":[]}
COMMAND: POST /session/ff0536b58743eaf2c437238d004892b9/actions - {"actions":[{"id":"action10","type":"wheel","parameters":{},"actions":[{"type":"scroll","x":-869,"y":-24,"deltaX":0,"deltaY":0,"duration":0,"origin":{"element-6066-11e4-a52e-4f735466cecf":"f.BB3617BF1549F1B1531810C266B34E3A.d.48BED7A6A50DF2C906235586E860262C.e.3315"}}]}]}
COMMAND: GET /session/ff0536b58743eaf2c437238d004892b9/screenshot - {}
RESULT: {"actions":[{"id":"action10","type":"wheel","parameters":{},"actions":[{"type":"scroll","x":-869,"y":-24,"deltaX":0,"deltaY":0,"duration":0,"origin":{"element-6066-11e4-a52e-4f735466cecf":"f.BB3617BF1549F1B1531810C266B34E3A.d.48BED7A6A50DF2C906235586E860262C.e.3315"}}]}]}
COMMAND: DELETE /session/ff0536b58743eaf2c437238d004892b9/actions - {}
COMMAND: GET /session/ff0536b58743eaf2c437238d004892b9/screenshot - {}
RESULT: {}
RESULT: {}
COMMAND: GET /session/ff0536b58743eaf2c437238d004892b9/screenshot - {}
RESULT: {}
RESULT: {}
COMMAND: POST /session/ff0536b58743eaf2c437238d004892b9/element/f.BB3617BF1549F1B1531810C266B34E3A.d.48BED7A6A50DF2C906235586E860262C.e.3315/click - {}
RESULT: {}
COMMAND: GET /session/ff0536b58743eaf2c437238d004892b9/screenshot - {}
RESULT: {}
RESULT: undefined
COMMAND: POST /session/ff0536b58743eaf2c437238d004892b9/execute/async - {"script":"<script> [776 bytes]","args":[{"enterText":"4000360","selector":{"controlType":"sap.m.SearchField","properties":{"placeholder":"Search"},"searchOpenDialogs":true,"interaction":{"idSuffix":"I"}},"clearTextFirst":true,"interactionType":"ENTER_TEXT"}]}
RESULT: {"script":"<script> [776 bytes]","args":[{"enterText":"4000360","selector":{"controlType":"sap.m.SearchField","properties":{"placeholder":"Search"},"searchOpenDialogs":true,"interaction":{"idSuffix":"I"}},"clearTextFirst":true,"interactionType":"ENTER_TEXT"}]}
COMMAND: POST /session/ff0536b58743eaf2c437238d004892b9/actions - {"actions":[{"id":"action11","type":"key","parameters":{},"actions":[{"type":"keyDown","value":"î€‡"},{"type":"pause","duration":10},{"type":"keyUp","value":"î€‡"}]}]}
RESULT: {"actions":[{"id":"action11","type":"key","parameters":{},"actions":[{"type":"keyDown","value":"î€‡"},{"type":"pause","duration":10},{"type":"keyUp","value":"î€‡"}]}]}
COMMAND: GET /session/ff0536b58743eaf2c437238d004892b9/screenshot - {}
RESULT: {}
COMMAND: POST /session/ff0536b58743eaf2c437238d004892b9/element - {"using":"xpath","value":"//td/div/span[contains(text(), \"BGL Vehicles\")]"}
RESULT: {"using":"xpath","value":"//td/div/span[contains(text(), \"BGL Vehicles\")]"}
COMMAND: POST /session/ff0536b58743eaf2c437238d004892b9/element/f.BB3617BF1549F1B1531810C266B34E3A.d.48BED7A6A50DF2C906235586E860262C.e.3335/click - {}
RESULT: {}
COMMAND: GET /session/ff0536b58743eaf2c437238d004892b9/screenshot - {}
RESULT: {}
COMMAND: POST /session/ff0536b58743eaf2c437238d004892b9/element - {"using":"xpath","value":"//bdi[contains(text(), \"OK\")]"}
RESULT: {"using":"xpath","value":"//bdi[contains(text(), \"OK\")]"}
COMMAND: POST /session/ff0536b58743eaf2c437238d004892b9/element/f.BB3617BF1549F1B1531810C266B34E3A.d.48BED7A6A50DF2C906235586E860262C.e.3336/click - {}
RESULT: {}
COMMAND: GET /session/ff0536b58743eaf2c437238d004892b9/screenshot - {}
RESULT: {}
COMMAND: POST /session/ff0536b58743eaf2c437238d004892b9/execute/async - {"script":"<script> [1562 bytes]","args":[{"selector":{"id":"application-manageresources-display-component---newResourceUnit--newRRUPage-anchBar-application-manageresources-display-component---newResourceUnit--resource-anchor","interaction":{"idSuffix":"BDI-content"}},"wdio_ui5_key":"applicationmanageresources-display-component---newResourceUnit--newRRUPage-anchBar-application-manageresources-display-component---newResourceUnit--resource-anchor"}]}
RESULT: {"script":"<script> [1562 bytes]","args":[{"selector":{"id":"application-manageresources-display-component---newResourceUnit--newRRUPage-anchBar-application-manageresources-display-component---newResourceUnit--resource-anchor","interaction":{"idSuffix":"BDI-content"}},"wdio_ui5_key":"applicationmanageresources-display-component---newResourceUnit--newRRUPage-anchBar-application-manageresources-display-component---newResourceUnit--resource-anchor"}]}
RESULT: undefined
COMMAND: POST /session/ff0536b58743eaf2c437238d004892b9/element - {"using":"xpath","value":"//*[@id=\"application-manageresources-display-component---newResourceUnit--newRRUPage-anchBar-application-manageresources-display-component---newResourceUnit--resource-anchor\"]"}
RESULT: {"using":"xpath","value":"//*[@id=\"application-manageresources-display-component---newResourceUnit--newRRUPage-anchBar-application-manageresources-display-component---newResourceUnit--resource-anchor\"]"}
COMMAND: POST /session/ff0536b58743eaf2c437238d004892b9/element/f.BB3617BF1549F1B1531810C266B34E3A.d.48BED7A6A50DF2C906235586E860262C.e.3340/click - {}
RESULT: {}
COMMAND: POST /session/ff0536b58743eaf2c437238d004892b9/execute/async - {"script":"<script> [1562 bytes]","args":[{"selector":{"id":"application-manageresources-display-component---newResourceUnit--PLANNED_DELIVERY_DATE","interaction":{"idSuffix":"inner"}},"wdio_ui5_key":"applicationmanageresources-display-component---newResourceUnit--PLANNED_DELIVERY_DATE"}]}
COMMAND: GET /session/ff0536b58743eaf2c437238d004892b9/screenshot - {}
RESULT: {"script":"<script> [1562 bytes]","args":[{"selector":{"id":"application-manageresources-display-component---newResourceUnit--PLANNED_DELIVERY_DATE","interaction":{"idSuffix":"inner"}},"wdio_ui5_key":"applicationmanageresources-display-component---newResourceUnit--PLANNED_DELIVERY_DATE"}]}
RESULT: undefined
COMMAND: POST /session/ff0536b58743eaf2c437238d004892b9/execute/async - {"script":"<script> [6424 bytes]","args":[{"element-6066-11e4-a52e-4f735466cecf":"f.BB3617BF1549F1B1531810C266B34E3A.d.48BED7A6A50DF2C906235586E860262C.e.3205"},"setValue",["5/15/25"]]}
RESULT: {}
RESULT: {"script":"<script> [6424 bytes]","args":[{"element-6066-11e4-a52e-4f735466cecf":"f.BB3617BF1549F1B1531810C266B34E3A.d.48BED7A6A50DF2C906235586E860262C.e.3205"},"setValue",["5/15/25"]]}
COMMAND: POST /session/ff0536b58743eaf2c437238d004892b9/element - {"using":"xpath","value":"//label[contains(@class, 'sapMLabelRequired') and .//bdi[contains(text(), 'Planned Retirement')]]"}
RESULT: {"using":"xpath","value":"//label[contains(@class, 'sapMLabelRequired') and .//bdi[contains(text(), 'Planned Retirement')]]"}
COMMAND: POST /session/ff0536b58743eaf2c437238d004892b9/elements - {"using":"xpath","value":"//label[contains(@class, 'sapMLabelRequired') and .//bdi[contains(text(), 'Planned Retirement')]]"}
RESULT: {"using":"xpath","value":"//label[contains(@class, 'sapMLabelRequired') and .//bdi[contains(text(), 'Planned Retirement')]]"}
COMMAND: POST /session/ff0536b58743eaf2c437238d004892b9/element - {"using":"xpath","value":"//button[@data-kt=\"resourceUnitSaveButton\"]"}
RESULT: {"using":"xpath","value":"//button[@data-kt=\"resourceUnitSaveButton\"]"}
COMMAND: POST /session/ff0536b58743eaf2c437238d004892b9/element/f.BB3617BF1549F1B1531810C266B34E3A.d.48BED7A6A50DF2C906235586E860262C.e.3166/click - {}
RESULT: {}
COMMAND: GET /session/ff0536b58743eaf2c437238d004892b9/screenshot - {}
RESULT: {}
COMMAND: POST /session/ff0536b58743eaf2c437238d004892b9/element - {"using":"xpath","value":"//bdi[contains(text(), \"Close\")]"}
RESULT: {"using":"xpath","value":"//bdi[contains(text(), \"Close\")]"}
COMMAND: POST /session/ff0536b58743eaf2c437238d004892b9/element/f.BB3617BF1549F1B1531810C266B34E3A.d.48BED7A6A50DF2C906235586E860262C.e.3350/click - {}
RESULT: {}
COMMAND: GET /session/ff0536b58743eaf2c437238d004892b9/screenshot - {}
RESULT: {}
COMMAND: POST /session/ff0536b58743eaf2c437238d004892b9/element - {"using":"xpath","value":"(//button[contains(@id ,\"actionsToolbar-overflowButton\")])[1]"}
RESULT: {"using":"xpath","value":"(//button[contains(@id ,\"actionsToolbar-overflowButton\")])[1]"}
COMMAND: POST /session/ff0536b58743eaf2c437238d004892b9/element/f.BB3617BF1549F1B1531810C266B34E3A.d.48BED7A6A50DF2C906235586E860262C.e.3381/click - {}
RESULT: {}
COMMAND: GET /session/ff0536b58743eaf2c437238d004892b9/screenshot - {}
RESULT: {}
COMMAND: POST /session/ff0536b58743eaf2c437238d004892b9/element - {"using":"xpath","value":"//button[@data-kt=\"priceInfoButton\"]"}
RESULT: {"using":"xpath","value":"//button[@data-kt=\"priceInfoButton\"]"}
COMMAND: POST /session/ff0536b58743eaf2c437238d004892b9/element/f.BB3617BF1549F1B1531810C266B34E3A.d.48BED7A6A50DF2C906235586E860262C.e.3383/click - {}
RESULT: {}
COMMAND: GET /session/ff0536b58743eaf2c437238d004892b9/screenshot - {}
RESULT: {}
]]></system-out>
    </testcase>
    <testcase classname="chrome.136_0_7103_93.windows.Billing_confirm_US117289" name="Should create new pricing rule" time="50.322">
      <system-out><![CDATA[
COMMAND: POST /session/ff0536b58743eaf2c437238d004892b9/element - {"using":"xpath","value":"//button[@data-kt=\"addButton\"]"}
RESULT: {"using":"xpath","value":"//button[@data-kt=\"addButton\"]"}
COMMAND: POST /session/ff0536b58743eaf2c437238d004892b9/elements - {"using":"xpath","value":"//button[@data-kt=\"addButton\"]"}
RESULT: {"using":"xpath","value":"//button[@data-kt=\"addButton\"]"}
COMMAND: POST /session/ff0536b58743eaf2c437238d004892b9/execute/sync - {"script":"<script> [8489 bytes]","args":[{"element-6066-11e4-a52e-4f735466cecf":"f.BB3617BF1549F1B1531810C266B34E3A.d.48BED7A6A50DF2C906235586E860262C.e.3419","ELEMENT":"f.BB3617BF1549F1B1531810C266B34E3A.d.48BED7A6A50DF2C906235586E860262C.e.3419"}]}
RESULT: {"script":"<script> [8489 bytes]","args":[{"element-6066-11e4-a52e-4f735466cecf":"f.BB3617BF1549F1B1531810C266B34E3A.d.48BED7A6A50DF2C906235586E860262C.e.3419","ELEMENT":"f.BB3617BF1549F1B1531810C266B34E3A.d.48BED7A6A50DF2C906235586E860262C.e.3419"}]}
COMMAND: GET /session/ff0536b58743eaf2c437238d004892b9/element/f.BB3617BF1549F1B1531810C266B34E3A.d.48BED7A6A50DF2C906235586E860262C.e.3419/enabled - {}
COMMAND: GET /session/ff0536b58743eaf2c437238d004892b9/screenshot - {}
RESULT: {}
COMMAND: POST /session/ff0536b58743eaf2c437238d004892b9/execute/sync - {"script":"<script> [8489 bytes]","args":[{"element-6066-11e4-a52e-4f735466cecf":"f.BB3617BF1549F1B1531810C266B34E3A.d.48BED7A6A50DF2C906235586E860262C.e.3419","ELEMENT":"f.BB3617BF1549F1B1531810C266B34E3A.d.48BED7A6A50DF2C906235586E860262C.e.3419"}]}
COMMAND: GET /session/ff0536b58743eaf2c437238d004892b9/screenshot - {}
RESULT: {}
RESULT: {"script":"<script> [8489 bytes]","args":[{"element-6066-11e4-a52e-4f735466cecf":"f.BB3617BF1549F1B1531810C266B34E3A.d.48BED7A6A50DF2C906235586E860262C.e.3419","ELEMENT":"f.BB3617BF1549F1B1531810C266B34E3A.d.48BED7A6A50DF2C906235586E860262C.e.3419"}]}
COMMAND: POST /session/ff0536b58743eaf2c437238d004892b9/execute/sync - {"script":"<script> [5351 bytes]","args":[{"element-6066-11e4-a52e-4f735466cecf":"f.BB3617BF1549F1B1531810C266B34E3A.d.48BED7A6A50DF2C906235586E860262C.e.3419","ELEMENT":"f.BB3617BF1549F1B1531810C266B34E3A.d.48BED7A6A50DF2C906235586E860262C.e.3419"}]}
COMMAND: GET /session/ff0536b58743eaf2c437238d004892b9/screenshot - {}
RESULT: {}
RESULT: {"script":"<script> [5351 bytes]","args":[{"element-6066-11e4-a52e-4f735466cecf":"f.BB3617BF1549F1B1531810C266B34E3A.d.48BED7A6A50DF2C906235586E860262C.e.3419","ELEMENT":"f.BB3617BF1549F1B1531810C266B34E3A.d.48BED7A6A50DF2C906235586E860262C.e.3419"}]}
COMMAND: POST /session/ff0536b58743eaf2c437238d004892b9/element/f.BB3617BF1549F1B1531810C266B34E3A.d.48BED7A6A50DF2C906235586E860262C.e.3419/click - {}
COMMAND: GET /session/ff0536b58743eaf2c437238d004892b9/screenshot - {}
RESULT: {}
RESULT: {}
COMMAND: GET /session/ff0536b58743eaf2c437238d004892b9/screenshot - {}
RESULT: {}
RESULT: {}
COMMAND: POST /session/ff0536b58743eaf2c437238d004892b9/execute/async - {"script":"<script> [1562 bytes]","args":[{"selector":{"controlType":"sap.m.Title","viewName":"etm.portal.ui.managepricingrules.view.NewItem","viewId":"application-managepricingrules-display-component---newInfoPriceItem","properties":{"text":"New Pricing Rules - Item Level"}},"wdio_ui5_key":"etmportal.ui.managepricingrules.view.NewItemsap.m.Title{\"text\":\"New Pricing Rules - Item Level\"}"}]}
RESULT: {"script":"<script> [1562 bytes]","args":[{"selector":{"controlType":"sap.m.Title","viewName":"etm.portal.ui.managepricingrules.view.NewItem","viewId":"application-managepricingrules-display-component---newInfoPriceItem","properties":{"text":"New Pricing Rules - Item Level"}},"wdio_ui5_key":"etmportal.ui.managepricingrules.view.NewItemsap.m.Title{\"text\":\"New Pricing Rules - Item Level\"}"}]}
RESULT: undefined
COMMAND: POST /session/ff0536b58743eaf2c437238d004892b9/execute/async - {"script":"<script> [6424 bytes]","args":[{"element-6066-11e4-a52e-4f735466cecf":"f.BB3617BF1549F1B1531810C266B34E3A.d.48BED7A6A50DF2C906235586E860262C.e.3579"},"getText",[]]}
RESULT: {"script":"<script> [6424 bytes]","args":[{"element-6066-11e4-a52e-4f735466cecf":"f.BB3617BF1549F1B1531810C266B34E3A.d.48BED7A6A50DF2C906235586E860262C.e.3579"},"getText",[]]}
COMMAND: POST /session/ff0536b58743eaf2c437238d004892b9/execute/async - {"script":"<script> [1562 bytes]","args":[{"selector":{"id":"application-managepricingrules-display-component---newInfoPriceItem--condValidTo","interaction":{"idSuffix":"inner"}},"wdio_ui5_key":"applicationmanagepricingrules-display-component---newInfoPriceItem--condValidTo"}]}
RESULT: {"script":"<script> [1562 bytes]","args":[{"selector":{"id":"application-managepricingrules-display-component---newInfoPriceItem--condValidTo","interaction":{"idSuffix":"inner"}},"wdio_ui5_key":"applicationmanagepricingrules-display-component---newInfoPriceItem--condValidTo"}]}
RESULT: undefined
COMMAND: POST /session/ff0536b58743eaf2c437238d004892b9/execute/async - {"script":"<script> [776 bytes]","args":[{"enterText":"1/15/26","selector":{"id":"application-managepricingrules-display-component---newInfoPriceItem--condValidTo","interaction":{"idSuffix":"inner"}},"clearTextFirst":true,"interactionType":"ENTER_TEXT"}]}
RESULT: {"script":"<script> [776 bytes]","args":[{"enterText":"1/15/26","selector":{"id":"application-managepricingrules-display-component---newInfoPriceItem--condValidTo","interaction":{"idSuffix":"inner"}},"clearTextFirst":true,"interactionType":"ENTER_TEXT"}]}
COMMAND: POST /session/ff0536b58743eaf2c437238d004892b9/execute/async - {"script":"<script> [1562 bytes]","args":[{"selector":{"id":"application-managepricingrules-display-component---newInfoPriceItem--billType-arrow"},"wdio_ui5_key":"applicationmanagepricingrules-display-component---newInfoPriceItem--billType-arrow"}]}
RESULT: {"script":"<script> [1562 bytes]","args":[{"selector":{"id":"application-managepricingrules-display-component---newInfoPriceItem--billType-arrow"},"wdio_ui5_key":"applicationmanagepricingrules-display-component---newInfoPriceItem--billType-arrow"}]}
RESULT: undefined
COMMAND: POST /session/ff0536b58743eaf2c437238d004892b9/element - {"using":"xpath","value":"//*[@id=\"application-managepricingrules-display-component---newInfoPriceItem--billType-arrow\"]"}
RESULT: {"using":"xpath","value":"//*[@id=\"application-managepricingrules-display-component---newInfoPriceItem--billType-arrow\"]"}
COMMAND: POST /session/ff0536b58743eaf2c437238d004892b9/element/f.BB3617BF1549F1B1531810C266B34E3A.d.48BED7A6A50DF2C906235586E860262C.e.3581/click - {}
RESULT: {}
COMMAND: POST /session/ff0536b58743eaf2c437238d004892b9/element - {"using":"xpath","value":"//span[contains(text(), \"TB - Time based\")]"}
COMMAND: GET /session/ff0536b58743eaf2c437238d004892b9/screenshot - {}
RESULT: {"using":"xpath","value":"//span[contains(text(), \"TB - Time based\")]"}
COMMAND: POST /session/ff0536b58743eaf2c437238d004892b9/element/f.BB3617BF1549F1B1531810C266B34E3A.d.48BED7A6A50DF2C906235586E860262C.e.3582/click - {}
RESULT: {}
RESULT: {}
COMMAND: POST /session/ff0536b58743eaf2c437238d004892b9/execute/async - {"script":"<script> [1562 bytes]","args":[{"selector":{"id":"application-managepricingrules-display-component---newInfoPriceItem--priceProc-arrow"},"wdio_ui5_key":"applicationmanagepricingrules-display-component---newInfoPriceItem--priceProc-arrow"}]}
COMMAND: GET /session/ff0536b58743eaf2c437238d004892b9/screenshot - {}
RESULT: {"script":"<script> [1562 bytes]","args":[{"selector":{"id":"application-managepricingrules-display-component---newInfoPriceItem--priceProc-arrow"},"wdio_ui5_key":"applicationmanagepricingrules-display-component---newInfoPriceItem--priceProc-arrow"}]}
RESULT: undefined
COMMAND: POST /session/ff0536b58743eaf2c437238d004892b9/element - {"using":"xpath","value":"//*[@id=\"application-managepricingrules-display-component---newInfoPriceItem--priceProc-arrow\"]"}
RESULT: {}
RESULT: {"using":"xpath","value":"//*[@id=\"application-managepricingrules-display-component---newInfoPriceItem--priceProc-arrow\"]"}
COMMAND: POST /session/ff0536b58743eaf2c437238d004892b9/element/f.BB3617BF1549F1B1531810C266B34E3A.d.48BED7A6A50DF2C906235586E860262C.e.3545/click - {}
RESULT: {}
COMMAND: POST /session/ff0536b58743eaf2c437238d004892b9/element - {"using":"xpath","value":"//span[contains(text(), \"TBS - Time based standard\")]"}
COMMAND: GET /session/ff0536b58743eaf2c437238d004892b9/screenshot - {}
RESULT: {"using":"xpath","value":"//span[contains(text(), \"TBS - Time based standard\")]"}
COMMAND: POST /session/ff0536b58743eaf2c437238d004892b9/element/f.BB3617BF1549F1B1531810C266B34E3A.d.48BED7A6A50DF2C906235586E860262C.e.3583/click - {}
RESULT: {}
RESULT: {}
COMMAND: POST /session/ff0536b58743eaf2c437238d004892b9/execute/async - {"script":"<script> [1562 bytes]","args":[{"selector":{"id":"application-managepricingrules-display-component---newInfoPriceItem--calcBase-arrow"},"wdio_ui5_key":"applicationmanagepricingrules-display-component---newInfoPriceItem--calcBase-arrow"}]}
COMMAND: GET /session/ff0536b58743eaf2c437238d004892b9/screenshot - {}
RESULT: {"script":"<script> [1562 bytes]","args":[{"selector":{"id":"application-managepricingrules-display-component---newInfoPriceItem--calcBase-arrow"},"wdio_ui5_key":"applicationmanagepricingrules-display-component---newInfoPriceItem--calcBase-arrow"}]}
RESULT: undefined
COMMAND: POST /session/ff0536b58743eaf2c437238d004892b9/element - {"using":"xpath","value":"//*[@id=\"application-managepricingrules-display-component---newInfoPriceItem--calcBase-arrow\"]"}
RESULT: {}
RESULT: {"using":"xpath","value":"//*[@id=\"application-managepricingrules-display-component---newInfoPriceItem--calcBase-arrow\"]"}
COMMAND: POST /session/ff0536b58743eaf2c437238d004892b9/element/f.BB3617BF1549F1B1531810C266B34E3A.d.48BED7A6A50DF2C906235586E860262C.e.3552/click - {}
RESULT: {}
COMMAND: GET /session/ff0536b58743eaf2c437238d004892b9/screenshot - {}
RESULT: {}
COMMAND: POST /session/ff0536b58743eaf2c437238d004892b9/element - {"using":"xpath","value":"//span[contains(text(), \"0006 - TB(calendar days)\")]"}
RESULT: {"using":"xpath","value":"//span[contains(text(), \"0006 - TB(calendar days)\")]"}
COMMAND: POST /session/ff0536b58743eaf2c437238d004892b9/element/f.BB3617BF1549F1B1531810C266B34E3A.d.48BED7A6A50DF2C906235586E860262C.e.3584/click - {}
RESULT: {}
COMMAND: GET /session/ff0536b58743eaf2c437238d004892b9/screenshot - {}
RESULT: {}
COMMAND: POST /session/ff0536b58743eaf2c437238d004892b9/execute/async - {"script":"<script> [1562 bytes]","args":[{"selector":{"id":"application-managepricingrules-display-component---newInfoPriceItem--daysMonth","interaction":{"idSuffix":"inner"}},"wdio_ui5_key":"applicationmanagepricingrules-display-component---newInfoPriceItem--daysMonth"}]}
RESULT: {"script":"<script> [1562 bytes]","args":[{"selector":{"id":"application-managepricingrules-display-component---newInfoPriceItem--daysMonth","interaction":{"idSuffix":"inner"}},"wdio_ui5_key":"applicationmanagepricingrules-display-component---newInfoPriceItem--daysMonth"}]}
RESULT: undefined
COMMAND: POST /session/ff0536b58743eaf2c437238d004892b9/execute/async - {"script":"<script> [776 bytes]","args":[{"enterText":"30","selector":{"id":"application-managepricingrules-display-component---newInfoPriceItem--daysMonth","interaction":{"idSuffix":"inner"}},"clearTextFirst":true,"interactionType":"ENTER_TEXT"}]}
RESULT: {"script":"<script> [776 bytes]","args":[{"enterText":"30","selector":{"id":"application-managepricingrules-display-component---newInfoPriceItem--daysMonth","interaction":{"idSuffix":"inner"}},"clearTextFirst":true,"interactionType":"ENTER_TEXT"}]}
COMMAND: POST /session/ff0536b58743eaf2c437238d004892b9/element - {"using":"xpath","value":"//button[@data-kt=\"saveNewRuleButton\"]"}
RESULT: {"using":"xpath","value":"//button[@data-kt=\"saveNewRuleButton\"]"}
COMMAND: POST /session/ff0536b58743eaf2c437238d004892b9/element/f.BB3617BF1549F1B1531810C266B34E3A.d.48BED7A6A50DF2C906235586E860262C.e.3569/click - {}
RESULT: {}
COMMAND: GET /session/ff0536b58743eaf2c437238d004892b9/screenshot - {}
RESULT: {}
COMMAND: POST /session/ff0536b58743eaf2c437238d004892b9/execute/async - {"script":"<script> [1562 bytes]","args":[{"selector":{"id":"application-managepricingrules-display-component---priceInfoItem--smartFilterBar-btnBasicSearch","interaction":{"idSuffix":"I"}},"wdio_ui5_key":"applicationmanagepricingrules-display-component---priceInfoItem--smartFilterBar-btnBasicSearch"}]}
RESULT: {"script":"<script> [1562 bytes]","args":[{"selector":{"id":"application-managepricingrules-display-component---priceInfoItem--smartFilterBar-btnBasicSearch","interaction":{"idSuffix":"I"}},"wdio_ui5_key":"applicationmanagepricingrules-display-component---priceInfoItem--smartFilterBar-btnBasicSearch"}]}
RESULT: undefined
COMMAND: POST /session/ff0536b58743eaf2c437238d004892b9/execute/async - {"script":"<script> [776 bytes]","args":[{"enterText":"HU0KPTY8fk","selector":{"id":"application-managepricingrules-display-component---priceInfoItem--smartFilterBar-btnBasicSearch","interaction":{"idSuffix":"I"}},"clearTextFirst":true,"interactionType":"ENTER_TEXT"}]}
RESULT: {"script":"<script> [776 bytes]","args":[{"enterText":"HU0KPTY8fk","selector":{"id":"application-managepricingrules-display-component---priceInfoItem--smartFilterBar-btnBasicSearch","interaction":{"idSuffix":"I"}},"clearTextFirst":true,"interactionType":"ENTER_TEXT"}]}
COMMAND: POST /session/ff0536b58743eaf2c437238d004892b9/actions - {"actions":[{"id":"action12","type":"key","parameters":{},"actions":[{"type":"keyDown","value":"î€‡"},{"type":"pause","duration":10},{"type":"keyUp","value":"î€‡"}]}]}
RESULT: {"actions":[{"id":"action12","type":"key","parameters":{},"actions":[{"type":"keyDown","value":"î€‡"},{"type":"pause","duration":10},{"type":"keyUp","value":"î€‡"}]}]}
COMMAND: GET /session/ff0536b58743eaf2c437238d004892b9/screenshot - {}
RESULT: {}
COMMAND: POST /session/ff0536b58743eaf2c437238d004892b9/element - {"using":"xpath","value":"//span[@id=\"application-managepricingrules-display-component---priceInfoItem--smartTable-header-inner\"]"}
RESULT: {"using":"xpath","value":"//span[@id=\"application-managepricingrules-display-component---priceInfoItem--smartTable-header-inner\"]"}
COMMAND: POST /session/ff0536b58743eaf2c437238d004892b9/elements - {"using":"xpath","value":"//span[@id=\"application-managepricingrules-display-component---priceInfoItem--smartTable-header-inner\"]"}
RESULT: {"using":"xpath","value":"//span[@id=\"application-managepricingrules-display-component---priceInfoItem--smartTable-header-inner\"]"}
COMMAND: POST /session/ff0536b58743eaf2c437238d004892b9/execute/sync - {"script":"<script> [56 bytes]","args":[{"element-6066-11e4-a52e-4f735466cecf":"f.BB3617BF1549F1B1531810C266B34E3A.d.48BED7A6A50DF2C906235586E860262C.e.3598","ELEMENT":"f.BB3617BF1549F1B1531810C266B34E3A.d.48BED7A6A50DF2C906235586E860262C.e.3598"}]}
RESULT: {"script":"<script> [56 bytes]","args":[{"element-6066-11e4-a52e-4f735466cecf":"f.BB3617BF1549F1B1531810C266B34E3A.d.48BED7A6A50DF2C906235586E860262C.e.3598","ELEMENT":"f.BB3617BF1549F1B1531810C266B34E3A.d.48BED7A6A50DF2C906235586E860262C.e.3598"}]}
COMMAND: POST /session/ff0536b58743eaf2c437238d004892b9/element - {"using":"css selector","value":"#shell-header-logo"}
COMMAND: GET /session/ff0536b58743eaf2c437238d004892b9/screenshot - {}
RESULT: {"using":"css selector","value":"#shell-header-logo"}
COMMAND: POST /session/ff0536b58743eaf2c437238d004892b9/element/f.BB3617BF1549F1B1531810C266B34E3A.d.48BED7A6A50DF2C906235586E860262C.e.2755/click - {}
RESULT: {}
RESULT: {}
COMMAND: GET /session/ff0536b58743eaf2c437238d004892b9/screenshot - {}
RESULT: {}
]]></system-out>
    </testcase>
    <testcase classname="chrome.136_0_7103_93.windows.Billing_confirm_US117289" name="Should create new condition for equipment" time="64.612">
      <system-out><![CDATA[
COMMAND: POST /session/ff0536b58743eaf2c437238d004892b9/execute/async - {"script":"<script> [1562 bytes]","args":[{"selector":{"controlType":"sap.m.GenericTile","properties":{"header":"Manage Conditions & Prices"}},"wdio_ui5_key":"sapm.GenericTile{\"header\":\"Manage Conditions & Prices\"}"}]}
RESULT: {"script":"<script> [1562 bytes]","args":[{"selector":{"controlType":"sap.m.GenericTile","properties":{"header":"Manage Conditions & Prices"}},"wdio_ui5_key":"sapm.GenericTile{\"header\":\"Manage Conditions & Prices\"}"}]}
RESULT: undefined
COMMAND: POST /session/ff0536b58743eaf2c437238d004892b9/element - {"using":"xpath","value":"//*[@id=\"__tile53\"]"}
RESULT: {"using":"xpath","value":"//*[@id=\"__tile53\"]"}
COMMAND: POST /session/ff0536b58743eaf2c437238d004892b9/element/f.BB3617BF1549F1B1531810C266B34E3A.d.48BED7A6A50DF2C906235586E860262C.e.204/click - {}
RESULT: {}
COMMAND: GET /session/ff0536b58743eaf2c437238d004892b9/screenshot - {}
RESULT: {}
COMMAND: POST /session/ff0536b58743eaf2c437238d004892b9/elements - {"using":"xpath","value":"//span[text()='Error']"}
RESULT: {"using":"xpath","value":"//span[text()='Error']"}
COMMAND: POST /session/ff0536b58743eaf2c437238d004892b9/element - {"using":"xpath","value":"//button[@aria-label=\"Create\"]"}
RESULT: {"using":"xpath","value":"//button[@aria-label=\"Create\"]"}
COMMAND: POST /session/ff0536b58743eaf2c437238d004892b9/elements - {"using":"xpath","value":"//button[@aria-label=\"Create\"]"}
RESULT: {"using":"xpath","value":"//button[@aria-label=\"Create\"]"}
COMMAND: POST /session/ff0536b58743eaf2c437238d004892b9/execute/sync - {"script":"<script> [8489 bytes]","args":[{"element-6066-11e4-a52e-4f735466cecf":"f.BB3617BF1549F1B1531810C266B34E3A.d.48BED7A6A50DF2C906235586E860262C.e.3633","ELEMENT":"f.BB3617BF1549F1B1531810C266B34E3A.d.48BED7A6A50DF2C906235586E860262C.e.3633"}]}
RESULT: {"script":"<script> [8489 bytes]","args":[{"element-6066-11e4-a52e-4f735466cecf":"f.BB3617BF1549F1B1531810C266B34E3A.d.48BED7A6A50DF2C906235586E860262C.e.3633","ELEMENT":"f.BB3617BF1549F1B1531810C266B34E3A.d.48BED7A6A50DF2C906235586E860262C.e.3633"}]}
COMMAND: GET /session/ff0536b58743eaf2c437238d004892b9/element/f.BB3617BF1549F1B1531810C266B34E3A.d.48BED7A6A50DF2C906235586E860262C.e.3633/enabled - {}
COMMAND: GET /session/ff0536b58743eaf2c437238d004892b9/screenshot - {}
RESULT: {}
COMMAND: POST /session/ff0536b58743eaf2c437238d004892b9/execute/sync - {"script":"<script> [8489 bytes]","args":[{"element-6066-11e4-a52e-4f735466cecf":"f.BB3617BF1549F1B1531810C266B34E3A.d.48BED7A6A50DF2C906235586E860262C.e.3633","ELEMENT":"f.BB3617BF1549F1B1531810C266B34E3A.d.48BED7A6A50DF2C906235586E860262C.e.3633"}]}
COMMAND: GET /session/ff0536b58743eaf2c437238d004892b9/screenshot - {}
RESULT: {}
RESULT: {"script":"<script> [8489 bytes]","args":[{"element-6066-11e4-a52e-4f735466cecf":"f.BB3617BF1549F1B1531810C266B34E3A.d.48BED7A6A50DF2C906235586E860262C.e.3633","ELEMENT":"f.BB3617BF1549F1B1531810C266B34E3A.d.48BED7A6A50DF2C906235586E860262C.e.3633"}]}
COMMAND: POST /session/ff0536b58743eaf2c437238d004892b9/execute/sync - {"script":"<script> [5351 bytes]","args":[{"element-6066-11e4-a52e-4f735466cecf":"f.BB3617BF1549F1B1531810C266B34E3A.d.48BED7A6A50DF2C906235586E860262C.e.3633","ELEMENT":"f.BB3617BF1549F1B1531810C266B34E3A.d.48BED7A6A50DF2C906235586E860262C.e.3633"}]}
COMMAND: GET /session/ff0536b58743eaf2c437238d004892b9/screenshot - {}
RESULT: {}
RESULT: {"script":"<script> [5351 bytes]","args":[{"element-6066-11e4-a52e-4f735466cecf":"f.BB3617BF1549F1B1531810C266B34E3A.d.48BED7A6A50DF2C906235586E860262C.e.3633","ELEMENT":"f.BB3617BF1549F1B1531810C266B34E3A.d.48BED7A6A50DF2C906235586E860262C.e.3633"}]}
COMMAND: POST /session/ff0536b58743eaf2c437238d004892b9/element/f.BB3617BF1549F1B1531810C266B34E3A.d.48BED7A6A50DF2C906235586E860262C.e.3633/click - {}
COMMAND: GET /session/ff0536b58743eaf2c437238d004892b9/screenshot - {}
RESULT: {}
RESULT: {}
COMMAND: GET /session/ff0536b58743eaf2c437238d004892b9/screenshot - {}
RESULT: {}
RESULT: {}
COMMAND: POST /session/ff0536b58743eaf2c437238d004892b9/actions - {"actions":[{"id":"action13","type":"key","parameters":{},"actions":[{"type":"keyDown","value":"î€‡"},{"type":"pause","duration":10},{"type":"keyUp","value":"î€‡"}]}]}
RESULT: {"actions":[{"id":"action13","type":"key","parameters":{},"actions":[{"type":"keyDown","value":"î€‡"},{"type":"pause","duration":10},{"type":"keyUp","value":"î€‡"}]}]}
COMMAND: GET /session/ff0536b58743eaf2c437238d004892b9/screenshot - {}
RESULT: {}
COMMAND: POST /session/ff0536b58743eaf2c437238d004892b9/execute/async - {"script":"<script> [1562 bytes]","args":[{"selector":{"id":"application-manageconditionprice-display-component---newCondition--condBillCond-arrow"},"wdio_ui5_key":"applicationmanageconditionprice-display-component---newCondition--condBillCond-arrow"}]}
RESULT: {"script":"<script> [1562 bytes]","args":[{"selector":{"id":"application-manageconditionprice-display-component---newCondition--condBillCond-arrow"},"wdio_ui5_key":"applicationmanageconditionprice-display-component---newCondition--condBillCond-arrow"}]}
RESULT: undefined
COMMAND: POST /session/ff0536b58743eaf2c437238d004892b9/element - {"using":"xpath","value":"//*[@id=\"application-manageconditionprice-display-component---newCondition--condBillCond-arrow\"]"}
RESULT: {"using":"xpath","value":"//*[@id=\"application-manageconditionprice-display-component---newCondition--condBillCond-arrow\"]"}
COMMAND: POST /session/ff0536b58743eaf2c437238d004892b9/element/f.BB3617BF1549F1B1531810C266B34E3A.d.48BED7A6A50DF2C906235586E860262C.e.3818/click - {}
RESULT: {}
COMMAND: GET /session/ff0536b58743eaf2c437238d004892b9/screenshot - {}
RESULT: {}
COMMAND: POST /session/ff0536b58743eaf2c437238d004892b9/element - {"using":"xpath","value":"//li[.//span[contains(text(), \"DISP - D&I special price\")]]"}
RESULT: {"using":"xpath","value":"//li[.//span[contains(text(), \"DISP - D&I special price\")]]"}
COMMAND: POST /session/ff0536b58743eaf2c437238d004892b9/element/f.BB3617BF1549F1B1531810C266B34E3A.d.48BED7A6A50DF2C906235586E860262C.e.3821/click - {}
RESULT: {}
COMMAND: GET /session/ff0536b58743eaf2c437238d004892b9/screenshot - {}
RESULT: {}
COMMAND: POST /session/ff0536b58743eaf2c437238d004892b9/execute/async - {"script":"<script> [1562 bytes]","args":[{"selector":{"id":"application-manageconditionprice-display-component---newCondition--condValidTo","interaction":{"idSuffix":"inner"}},"wdio_ui5_key":"applicationmanageconditionprice-display-component---newCondition--condValidTo"}]}
RESULT: {"script":"<script> [1562 bytes]","args":[{"selector":{"id":"application-manageconditionprice-display-component---newCondition--condValidTo","interaction":{"idSuffix":"inner"}},"wdio_ui5_key":"applicationmanageconditionprice-display-component---newCondition--condValidTo"}]}
RESULT: undefined
COMMAND: POST /session/ff0536b58743eaf2c437238d004892b9/execute/async - {"script":"<script> [776 bytes]","args":[{"enterText":"1/15/26","selector":{"id":"application-manageconditionprice-display-component---newCondition--condValidTo","interaction":{"idSuffix":"inner"}},"clearTextFirst":true,"interactionType":"ENTER_TEXT"}]}
RESULT: {"script":"<script> [776 bytes]","args":[{"enterText":"1/15/26","selector":{"id":"application-manageconditionprice-display-component---newCondition--condValidTo","interaction":{"idSuffix":"inner"}},"clearTextFirst":true,"interactionType":"ENTER_TEXT"}]}
COMMAND: POST /session/ff0536b58743eaf2c437238d004892b9/element - {"using":"xpath","value":"//input[@id=\"application-manageconditionprice-display-component---newCondition--condRU-inner\"]"}
RESULT: {"using":"xpath","value":"//input[@id=\"application-manageconditionprice-display-component---newCondition--condRU-inner\"]"}
COMMAND: POST /session/ff0536b58743eaf2c437238d004892b9/element/f.BB3617BF1549F1B1531810C266B34E3A.d.48BED7A6A50DF2C906235586E860262C.e.3649/clear - {}
RESULT: {}
COMMAND: POST /session/ff0536b58743eaf2c437238d004892b9/element/f.BB3617BF1549F1B1531810C266B34E3A.d.48BED7A6A50DF2C906235586E860262C.e.3649/value - {"text":"HU0KPTY8fk"}
COMMAND: GET /session/ff0536b58743eaf2c437238d004892b9/screenshot - {}
RESULT: {"text":"HU0KPTY8fk"}
COMMAND: GET /session/ff0536b58743eaf2c437238d004892b9/screenshot - {}
RESULT: {}
RESULT: {}
COMMAND: POST /session/ff0536b58743eaf2c437238d004892b9/actions - {"actions":[{"id":"action14","type":"key","parameters":{},"actions":[{"type":"keyDown","value":"î€‡"},{"type":"pause","duration":10},{"type":"keyUp","value":"î€‡"}]}]}
RESULT: {"actions":[{"id":"action14","type":"key","parameters":{},"actions":[{"type":"keyDown","value":"î€‡"},{"type":"pause","duration":10},{"type":"keyUp","value":"î€‡"}]}]}
COMMAND: POST /session/ff0536b58743eaf2c437238d004892b9/execute/async - {"script":"<script> [1562 bytes]","args":[{"selector":{"id":"application-manageconditionprice-display-component---newCondition--condBaseQty","interaction":{"idSuffix":"inner"}},"wdio_ui5_key":"applicationmanageconditionprice-display-component---newCondition--condBaseQty"}]}
COMMAND: GET /session/ff0536b58743eaf2c437238d004892b9/screenshot - {}
RESULT: {"script":"<script> [1562 bytes]","args":[{"selector":{"id":"application-manageconditionprice-display-component---newCondition--condBaseQty","interaction":{"idSuffix":"inner"}},"wdio_ui5_key":"applicationmanageconditionprice-display-component---newCondition--condBaseQty"}]}
RESULT: undefined
COMMAND: POST /session/ff0536b58743eaf2c437238d004892b9/execute/async - {"script":"<script> [776 bytes]","args":[{"enterText":"1","selector":{"id":"application-manageconditionprice-display-component---newCondition--condBaseQty","interaction":{"idSuffix":"inner"}},"clearTextFirst":true,"interactionType":"ENTER_TEXT"}]}
RESULT: {}
RESULT: {"script":"<script> [776 bytes]","args":[{"enterText":"1","selector":{"id":"application-manageconditionprice-display-component---newCondition--condBaseQty","interaction":{"idSuffix":"inner"}},"clearTextFirst":true,"interactionType":"ENTER_TEXT"}]}
COMMAND: POST /session/ff0536b58743eaf2c437238d004892b9/execute/async - {"script":"<script> [1562 bytes]","args":[{"selector":{"id":"application-manageconditionprice-display-component---newCondition--condValue","interaction":{"idSuffix":"inner"}},"wdio_ui5_key":"applicationmanageconditionprice-display-component---newCondition--condValue"}]}
RESULT: {"script":"<script> [1562 bytes]","args":[{"selector":{"id":"application-manageconditionprice-display-component---newCondition--condValue","interaction":{"idSuffix":"inner"}},"wdio_ui5_key":"applicationmanageconditionprice-display-component---newCondition--condValue"}]}
RESULT: undefined
COMMAND: POST /session/ff0536b58743eaf2c437238d004892b9/execute/async - {"script":"<script> [776 bytes]","args":[{"enterText":"100","selector":{"id":"application-manageconditionprice-display-component---newCondition--condValue","interaction":{"idSuffix":"inner"}},"clearTextFirst":true,"interactionType":"ENTER_TEXT"}]}
RESULT: {"script":"<script> [776 bytes]","args":[{"enterText":"100","selector":{"id":"application-manageconditionprice-display-component---newCondition--condValue","interaction":{"idSuffix":"inner"}},"clearTextFirst":true,"interactionType":"ENTER_TEXT"}]}
COMMAND: POST /session/ff0536b58743eaf2c437238d004892b9/execute/async - {"script":"<script> [1562 bytes]","args":[{"selector":{"id":"application-manageconditionprice-display-component---newCondition--condCurr-arrow"},"wdio_ui5_key":"applicationmanageconditionprice-display-component---newCondition--condCurr-arrow"}]}
RESULT: {"script":"<script> [1562 bytes]","args":[{"selector":{"id":"application-manageconditionprice-display-component---newCondition--condCurr-arrow"},"wdio_ui5_key":"applicationmanageconditionprice-display-component---newCondition--condCurr-arrow"}]}
RESULT: undefined
COMMAND: POST /session/ff0536b58743eaf2c437238d004892b9/element - {"using":"xpath","value":"//*[@id=\"application-manageconditionprice-display-component---newCondition--condCurr-arrow\"]"}
RESULT: {"using":"xpath","value":"//*[@id=\"application-manageconditionprice-display-component---newCondition--condCurr-arrow\"]"}
COMMAND: POST /session/ff0536b58743eaf2c437238d004892b9/element/f.BB3617BF1549F1B1531810C266B34E3A.d.48BED7A6A50DF2C906235586E860262C.e.3797/click - {}
RESULT: {}
COMMAND: POST /session/ff0536b58743eaf2c437238d004892b9/element - {"using":"xpath","value":"//span[contains(text(), \"Euro\")]"}
COMMAND: GET /session/ff0536b58743eaf2c437238d004892b9/screenshot - {}
RESULT: {"using":"xpath","value":"//span[contains(text(), \"Euro\")]"}
COMMAND: POST /session/ff0536b58743eaf2c437238d004892b9/element/f.BB3617BF1549F1B1531810C266B34E3A.d.48BED7A6A50DF2C906235586E860262C.e.3854/click - {}
RESULT: {}
RESULT: {}
COMMAND: POST /session/ff0536b58743eaf2c437238d004892b9/element - {"using":"xpath","value":"//button[@data-kt=\"saveButton\"]"}
COMMAND: GET /session/ff0536b58743eaf2c437238d004892b9/screenshot - {}
RESULT: {"using":"xpath","value":"//button[@data-kt=\"saveButton\"]"}
COMMAND: POST /session/ff0536b58743eaf2c437238d004892b9/element/f.BB3617BF1549F1B1531810C266B34E3A.d.48BED7A6A50DF2C906235586E860262C.e.3798/click - {}
RESULT: {}
RESULT: {}
COMMAND: GET /session/ff0536b58743eaf2c437238d004892b9/screenshot - {}
RESULT: {}
COMMAND: POST /session/ff0536b58743eaf2c437238d004892b9/execute/async - {"script":"<script> [1562 bytes]","args":[{"selector":{"id":"application-manageconditionprice-display-component---conditions--smartFilterBar-btnBasicSearch","interaction":{"idSuffix":"I"}},"wdio_ui5_key":"applicationmanageconditionprice-display-component---conditions--smartFilterBar-btnBasicSearch"}]}
RESULT: {"script":"<script> [1562 bytes]","args":[{"selector":{"id":"application-manageconditionprice-display-component---conditions--smartFilterBar-btnBasicSearch","interaction":{"idSuffix":"I"}},"wdio_ui5_key":"applicationmanageconditionprice-display-component---conditions--smartFilterBar-btnBasicSearch"}]}
RESULT: undefined
COMMAND: POST /session/ff0536b58743eaf2c437238d004892b9/execute/async - {"script":"<script> [776 bytes]","args":[{"enterText":"HU0KPTY8fk","selector":{"id":"application-manageconditionprice-display-component---conditions--smartFilterBar-btnBasicSearch","interaction":{"idSuffix":"I"}},"clearTextFirst":true,"interactionType":"ENTER_TEXT"}]}
RESULT: {"script":"<script> [776 bytes]","args":[{"enterText":"HU0KPTY8fk","selector":{"id":"application-manageconditionprice-display-component---conditions--smartFilterBar-btnBasicSearch","interaction":{"idSuffix":"I"}},"clearTextFirst":true,"interactionType":"ENTER_TEXT"}]}
COMMAND: POST /session/ff0536b58743eaf2c437238d004892b9/actions - {"actions":[{"id":"action15","type":"key","parameters":{},"actions":[{"type":"keyDown","value":"î€‡"},{"type":"pause","duration":10},{"type":"keyUp","value":"î€‡"}]}]}
RESULT: {"actions":[{"id":"action15","type":"key","parameters":{},"actions":[{"type":"keyDown","value":"î€‡"},{"type":"pause","duration":10},{"type":"keyUp","value":"î€‡"}]}]}
COMMAND: GET /session/ff0536b58743eaf2c437238d004892b9/screenshot - {}
RESULT: {}
COMMAND: POST /session/ff0536b58743eaf2c437238d004892b9/execute/async - {"script":"<script> [1562 bytes]","args":[{"selector":{"id":"application-manageconditionprice-display-component---conditions--smartFilterBar-filterItemControl_BASIC-BILL_TYPES-vhi"},"wdio_ui5_key":"applicationmanageconditionprice-display-component---conditions--smartFilterBar-filterItemControl_BASIC-BILL_TYPES-vhi"}]}
RESULT: {"script":"<script> [1562 bytes]","args":[{"selector":{"id":"application-manageconditionprice-display-component---conditions--smartFilterBar-filterItemControl_BASIC-BILL_TYPES-vhi"},"wdio_ui5_key":"applicationmanageconditionprice-display-component---conditions--smartFilterBar-filterItemControl_BASIC-BILL_TYPES-vhi"}]}
RESULT: undefined
COMMAND: POST /session/ff0536b58743eaf2c437238d004892b9/element - {"using":"xpath","value":"//*[@id=\"application-manageconditionprice-display-component---conditions--smartFilterBar-filterItemControl_BASIC-BILL_TYPES-vhi\"]"}
RESULT: {"using":"xpath","value":"//*[@id=\"application-manageconditionprice-display-component---conditions--smartFilterBar-filterItemControl_BASIC-BILL_TYPES-vhi\"]"}
COMMAND: POST /session/ff0536b58743eaf2c437238d004892b9/element/f.BB3617BF1549F1B1531810C266B34E3A.d.48BED7A6A50DF2C906235586E860262C.e.3870/click - {}
RESULT: {}
COMMAND: POST /session/ff0536b58743eaf2c437238d004892b9/execute/async - {"script":"<script> [1562 bytes]","args":[{"selector":{"id":"application-manageconditionprice-display-component---conditions--smartFilterBar-filterItemControl_BASIC-BILL_TYPES-valueHelpDialog-smartFilterBar-btnBasicSearch","searchOpenDialogs":true,"interaction":{"idSuffix":"I"}},"wdio_ui5_key":"applicationmanageconditionprice-display-component---conditions--smartFilterBar-filterItemControl_BASIC-BILL_TYPES-valueHelpDialog-smartFilterBar-btnBasicSearch"}]}
COMMAND: GET /session/ff0536b58743eaf2c437238d004892b9/screenshot - {}
RESULT: {"script":"<script> [1562 bytes]","args":[{"selector":{"id":"application-manageconditionprice-display-component---conditions--smartFilterBar-filterItemControl_BASIC-BILL_TYPES-valueHelpDialog-smartFilterBar-btnBasicSearch","searchOpenDialogs":true,"interaction":{"idSuffix":"I"}},"wdio_ui5_key":"applicationmanageconditionprice-display-component---conditions--smartFilterBar-filterItemControl_BASIC-BILL_TYPES-valueHelpDialog-smartFilterBar-btnBasicSearch"}]}
RESULT: undefined
COMMAND: POST /session/ff0536b58743eaf2c437238d004892b9/execute/async - {"script":"<script> [776 bytes]","args":[{"enterText":"TB","selector":{"id":"application-manageconditionprice-display-component---conditions--smartFilterBar-filterItemControl_BASIC-BILL_TYPES-valueHelpDialog-smartFilterBar-btnBasicSearch","searchOpenDialogs":true,"interaction":{"idSuffix":"I"}},"clearTextFirst":true,"interactionType":"ENTER_TEXT"}]}
RESULT: {}
RESULT: {"script":"<script> [776 bytes]","args":[{"enterText":"TB","selector":{"id":"application-manageconditionprice-display-component---conditions--smartFilterBar-filterItemControl_BASIC-BILL_TYPES-valueHelpDialog-smartFilterBar-btnBasicSearch","searchOpenDialogs":true,"interaction":{"idSuffix":"I"}},"clearTextFirst":true,"interactionType":"ENTER_TEXT"}]}
COMMAND: POST /session/ff0536b58743eaf2c437238d004892b9/actions - {"actions":[{"id":"action16","type":"key","parameters":{},"actions":[{"type":"keyDown","value":"î€‡"},{"type":"pause","duration":10},{"type":"keyUp","value":"î€‡"}]}]}
RESULT: {"actions":[{"id":"action16","type":"key","parameters":{},"actions":[{"type":"keyDown","value":"î€‡"},{"type":"pause","duration":10},{"type":"keyUp","value":"î€‡"}]}]}
COMMAND: GET /session/ff0536b58743eaf2c437238d004892b9/screenshot - {}
RESULT: {}
COMMAND: POST /session/ff0536b58743eaf2c437238d004892b9/element - {"using":"xpath","value":"//div[contains(@id, 'application-manageconditionprice-display-component---conditions--smartFilterBar-filterItemControl_BASIC-BILL_TYPES-valueHelpDialog-table-rowsel0')]"}
RESULT: {"using":"xpath","value":"//div[contains(@id, 'application-manageconditionprice-display-component---conditions--smartFilterBar-filterItemControl_BASIC-BILL_TYPES-valueHelpDialog-table-rowsel0')]"}
COMMAND: POST /session/ff0536b58743eaf2c437238d004892b9/element/f.BB3617BF1549F1B1531810C266B34E3A.d.48BED7A6A50DF2C906235586E860262C.e.3879/click - {}
RESULT: {}
COMMAND: GET /session/ff0536b58743eaf2c437238d004892b9/screenshot - {}
RESULT: {}
COMMAND: POST /session/ff0536b58743eaf2c437238d004892b9/element - {"using":"xpath","value":"//bdi[contains(text(), \"OK\")]"}
RESULT: {"using":"xpath","value":"//bdi[contains(text(), \"OK\")]"}
COMMAND: POST /session/ff0536b58743eaf2c437238d004892b9/element/f.BB3617BF1549F1B1531810C266B34E3A.d.48BED7A6A50DF2C906235586E860262C.e.3881/click - {}
RESULT: {}
COMMAND: GET /session/ff0536b58743eaf2c437238d004892b9/screenshot - {}
RESULT: {}
COMMAND: POST /session/ff0536b58743eaf2c437238d004892b9/element - {"using":"xpath","value":"//span[@id=\"application-manageconditionprice-display-component---conditions--smartTable-header-inner\"]"}
RESULT: {"using":"xpath","value":"//span[@id=\"application-manageconditionprice-display-component---conditions--smartTable-header-inner\"]"}
COMMAND: POST /session/ff0536b58743eaf2c437238d004892b9/elements - {"using":"xpath","value":"//span[@id=\"application-manageconditionprice-display-component---conditions--smartTable-header-inner\"]"}
RESULT: {"using":"xpath","value":"//span[@id=\"application-manageconditionprice-display-component---conditions--smartTable-header-inner\"]"}
COMMAND: POST /session/ff0536b58743eaf2c437238d004892b9/execute/sync - {"script":"<script> [56 bytes]","args":[{"element-6066-11e4-a52e-4f735466cecf":"f.BB3617BF1549F1B1531810C266B34E3A.d.48BED7A6A50DF2C906235586E860262C.e.3884","ELEMENT":"f.BB3617BF1549F1B1531810C266B34E3A.d.48BED7A6A50DF2C906235586E860262C.e.3884"}]}
RESULT: {"script":"<script> [56 bytes]","args":[{"element-6066-11e4-a52e-4f735466cecf":"f.BB3617BF1549F1B1531810C266B34E3A.d.48BED7A6A50DF2C906235586E860262C.e.3884","ELEMENT":"f.BB3617BF1549F1B1531810C266B34E3A.d.48BED7A6A50DF2C906235586E860262C.e.3884"}]}
COMMAND: POST /session/ff0536b58743eaf2c437238d004892b9/element - {"using":"css selector","value":"#shell-header-logo"}
COMMAND: GET /session/ff0536b58743eaf2c437238d004892b9/screenshot - {}
RESULT: {"using":"css selector","value":"#shell-header-logo"}
COMMAND: POST /session/ff0536b58743eaf2c437238d004892b9/element/f.BB3617BF1549F1B1531810C266B34E3A.d.48BED7A6A50DF2C906235586E860262C.e.3601/click - {}
RESULT: {}
RESULT: {}
COMMAND: GET /session/ff0536b58743eaf2c437238d004892b9/screenshot - {}
RESULT: {}
]]></system-out>
    </testcase>
    <testcase classname="chrome.136_0_7103_93.windows.Billing_confirm_US117289" name="Should do a stock increase" time="84.689">
      <system-out><![CDATA[
COMMAND: POST /session/ff0536b58743eaf2c437238d004892b9/execute/async - {"script":"<script> [1562 bytes]","args":[{"selector":{"controlType":"sap.m.GenericTile","properties":{"header":"Manage Handovers"}},"wdio_ui5_key":"sapm.GenericTile{\"header\":\"Manage Handovers\"}"}]}
RESULT: {"script":"<script> [1562 bytes]","args":[{"selector":{"controlType":"sap.m.GenericTile","properties":{"header":"Manage Handovers"}},"wdio_ui5_key":"sapm.GenericTile{\"header\":\"Manage Handovers\"}"}]}
RESULT: undefined
COMMAND: POST /session/ff0536b58743eaf2c437238d004892b9/element - {"using":"xpath","value":"//*[@id=\"__tile131\"]"}
RESULT: {"using":"xpath","value":"//*[@id=\"__tile131\"]"}
COMMAND: POST /session/ff0536b58743eaf2c437238d004892b9/element/f.BB3617BF1549F1B1531810C266B34E3A.d.48BED7A6A50DF2C906235586E860262C.e.233/click - {}
RESULT: {}
COMMAND: GET /session/ff0536b58743eaf2c437238d004892b9/screenshot - {}
RESULT: {}
COMMAND: POST /session/ff0536b58743eaf2c437238d004892b9/elements - {"using":"xpath","value":"//span[text()='Error']"}
RESULT: {"using":"xpath","value":"//span[text()='Error']"}
COMMAND: POST /session/ff0536b58743eaf2c437238d004892b9/element - {"using":"xpath","value":"//button[@data-kt=\"masterHOAddButton\"]"}
RESULT: {"using":"xpath","value":"//button[@data-kt=\"masterHOAddButton\"]"}
COMMAND: POST /session/ff0536b58743eaf2c437238d004892b9/elements - {"using":"xpath","value":"//button[@data-kt=\"masterHOAddButton\"]"}
RESULT: {"using":"xpath","value":"//button[@data-kt=\"masterHOAddButton\"]"}
COMMAND: POST /session/ff0536b58743eaf2c437238d004892b9/execute/sync - {"script":"<script> [8489 bytes]","args":[{"element-6066-11e4-a52e-4f735466cecf":"f.BB3617BF1549F1B1531810C266B34E3A.d.48BED7A6A50DF2C906235586E860262C.e.3922","ELEMENT":"f.BB3617BF1549F1B1531810C266B34E3A.d.48BED7A6A50DF2C906235586E860262C.e.3922"}]}
RESULT: {"script":"<script> [8489 bytes]","args":[{"element-6066-11e4-a52e-4f735466cecf":"f.BB3617BF1549F1B1531810C266B34E3A.d.48BED7A6A50DF2C906235586E860262C.e.3922","ELEMENT":"f.BB3617BF1549F1B1531810C266B34E3A.d.48BED7A6A50DF2C906235586E860262C.e.3922"}]}
COMMAND: GET /session/ff0536b58743eaf2c437238d004892b9/element/f.BB3617BF1549F1B1531810C266B34E3A.d.48BED7A6A50DF2C906235586E860262C.e.3922/enabled - {}
COMMAND: GET /session/ff0536b58743eaf2c437238d004892b9/screenshot - {}
RESULT: {}
COMMAND: POST /session/ff0536b58743eaf2c437238d004892b9/execute/sync - {"script":"<script> [8489 bytes]","args":[{"element-6066-11e4-a52e-4f735466cecf":"f.BB3617BF1549F1B1531810C266B34E3A.d.48BED7A6A50DF2C906235586E860262C.e.3922","ELEMENT":"f.BB3617BF1549F1B1531810C266B34E3A.d.48BED7A6A50DF2C906235586E860262C.e.3922"}]}
COMMAND: GET /session/ff0536b58743eaf2c437238d004892b9/screenshot - {}
RESULT: {}
RESULT: {"script":"<script> [8489 bytes]","args":[{"element-6066-11e4-a52e-4f735466cecf":"f.BB3617BF1549F1B1531810C266B34E3A.d.48BED7A6A50DF2C906235586E860262C.e.3922","ELEMENT":"f.BB3617BF1549F1B1531810C266B34E3A.d.48BED7A6A50DF2C906235586E860262C.e.3922"}]}
COMMAND: POST /session/ff0536b58743eaf2c437238d004892b9/execute/sync - {"script":"<script> [5351 bytes]","args":[{"element-6066-11e4-a52e-4f735466cecf":"f.BB3617BF1549F1B1531810C266B34E3A.d.48BED7A6A50DF2C906235586E860262C.e.3922","ELEMENT":"f.BB3617BF1549F1B1531810C266B34E3A.d.48BED7A6A50DF2C906235586E860262C.e.3922"}]}
COMMAND: GET /session/ff0536b58743eaf2c437238d004892b9/screenshot - {}
RESULT: {}
RESULT: {"script":"<script> [5351 bytes]","args":[{"element-6066-11e4-a52e-4f735466cecf":"f.BB3617BF1549F1B1531810C266B34E3A.d.48BED7A6A50DF2C906235586E860262C.e.3922","ELEMENT":"f.BB3617BF1549F1B1531810C266B34E3A.d.48BED7A6A50DF2C906235586E860262C.e.3922"}]}
COMMAND: POST /session/ff0536b58743eaf2c437238d004892b9/element/f.BB3617BF1549F1B1531810C266B34E3A.d.48BED7A6A50DF2C906235586E860262C.e.3922/click - {}
COMMAND: GET /session/ff0536b58743eaf2c437238d004892b9/screenshot - {}
RESULT: {}
RESULT: {}
COMMAND: GET /session/ff0536b58743eaf2c437238d004892b9/screenshot - {}
RESULT: {}
RESULT: {}
COMMAND: POST /session/ff0536b58743eaf2c437238d004892b9/element - {"using":"xpath","value":"//span[contains(@id ,\"AddNewHO--typeSelect-arrow\")]"}
RESULT: {"using":"xpath","value":"//span[contains(@id ,\"AddNewHO--typeSelect-arrow\")]"}
COMMAND: POST /session/ff0536b58743eaf2c437238d004892b9/element/f.BB3617BF1549F1B1531810C266B34E3A.d.48BED7A6A50DF2C906235586E860262C.e.4288/click - {}
RESULT: {}
COMMAND: GET /session/ff0536b58743eaf2c437238d004892b9/screenshot - {}
RESULT: {}
COMMAND: POST /session/ff0536b58743eaf2c437238d004892b9/element - {"using":"xpath","value":"(//li[contains(text(), \"stock increase yard\")])[1]"}
RESULT: {"using":"xpath","value":"(//li[contains(text(), \"stock increase yard\")])[1]"}
COMMAND: POST /session/ff0536b58743eaf2c437238d004892b9/element/f.BB3617BF1549F1B1531810C266B34E3A.d.48BED7A6A50DF2C906235586E860262C.e.4289/click - {}
RESULT: {}
COMMAND: GET /session/ff0536b58743eaf2c437238d004892b9/screenshot - {}
RESULT: {}
COMMAND: POST /session/ff0536b58743eaf2c437238d004892b9/execute/async - {"script":"<script> [1562 bytes]","args":[{"selector":{"id":"application-managehandovers-display-component---AddNewHO--dueDate","interaction":{"idSuffix":"inner"}},"wdio_ui5_key":"applicationmanagehandovers-display-component---AddNewHO--dueDate"}]}
RESULT: {"script":"<script> [1562 bytes]","args":[{"selector":{"id":"application-managehandovers-display-component---AddNewHO--dueDate","interaction":{"idSuffix":"inner"}},"wdio_ui5_key":"applicationmanagehandovers-display-component---AddNewHO--dueDate"}]}
RESULT: undefined
COMMAND: POST /session/ff0536b58743eaf2c437238d004892b9/execute/async - {"script":"<script> [6424 bytes]","args":[{"element-6066-11e4-a52e-4f735466cecf":"f.BB3617BF1549F1B1531810C266B34E3A.d.48BED7A6A50DF2C906235586E860262C.e.4291"},"setValue",["5/15/25"]]}
RESULT: {"script":"<script> [6424 bytes]","args":[{"element-6066-11e4-a52e-4f735466cecf":"f.BB3617BF1549F1B1531810C266B34E3A.d.48BED7A6A50DF2C906235586E860262C.e.4291"},"setValue",["5/15/25"]]}
COMMAND: POST /session/ff0536b58743eaf2c437238d004892b9/element - {"using":"xpath","value":"//input[@id=\"generalSectionFrg--receiveYard-inner\"]"}
RESULT: {"using":"xpath","value":"//input[@id=\"generalSectionFrg--receiveYard-inner\"]"}
COMMAND: POST /session/ff0536b58743eaf2c437238d004892b9/element/f.BB3617BF1549F1B1531810C266B34E3A.d.48BED7A6A50DF2C906235586E860262C.e.4295/clear - {}
RESULT: {}
COMMAND: POST /session/ff0536b58743eaf2c437238d004892b9/element/f.BB3617BF1549F1B1531810C266B34E3A.d.48BED7A6A50DF2C906235586E860262C.e.4295/value - {"text":"409"}
COMMAND: GET /session/ff0536b58743eaf2c437238d004892b9/screenshot - {}
RESULT: {"text":"409"}
COMMAND: GET /session/ff0536b58743eaf2c437238d004892b9/screenshot - {}
RESULT: {}
RESULT: {}
COMMAND: POST /session/ff0536b58743eaf2c437238d004892b9/element - {"using":"xpath","value":"//li[.//span[text()='409']]"}
RESULT: {"using":"xpath","value":"//li[.//span[text()='409']]"}
COMMAND: POST /session/ff0536b58743eaf2c437238d004892b9/element/f.BB3617BF1549F1B1531810C266B34E3A.d.48BED7A6A50DF2C906235586E860262C.e.4314/click - {}
RESULT: {}
COMMAND: GET /session/ff0536b58743eaf2c437238d004892b9/screenshot - {}
RESULT: {}
COMMAND: POST /session/ff0536b58743eaf2c437238d004892b9/execute/async - {"script":"<script> [1562 bytes]","args":[{"selector":{"id":"application-managehandovers-display-component---AddNewHO--ObjectPageLayout-anchBar-application-managehandovers-display-component---AddNewHO--section4-anchor","interaction":{"idSuffix":"BDI-content"}},"wdio_ui5_key":"applicationmanagehandovers-display-component---AddNewHO--ObjectPageLayout-anchBar-application-managehandovers-display-component---AddNewHO--section4-anchor"}]}
RESULT: {"script":"<script> [1562 bytes]","args":[{"selector":{"id":"application-managehandovers-display-component---AddNewHO--ObjectPageLayout-anchBar-application-managehandovers-display-component---AddNewHO--section4-anchor","interaction":{"idSuffix":"BDI-content"}},"wdio_ui5_key":"applicationmanagehandovers-display-component---AddNewHO--ObjectPageLayout-anchBar-application-managehandovers-display-component---AddNewHO--section4-anchor"}]}
RESULT: undefined
COMMAND: POST /session/ff0536b58743eaf2c437238d004892b9/element - {"using":"xpath","value":"//*[@id=\"application-managehandovers-display-component---AddNewHO--ObjectPageLayout-anchBar-application-managehandovers-display-component---AddNewHO--section4-anchor\"]"}
RESULT: {"using":"xpath","value":"//*[@id=\"application-managehandovers-display-component---AddNewHO--ObjectPageLayout-anchBar-application-managehandovers-display-component---AddNewHO--section4-anchor\"]"}
COMMAND: POST /session/ff0536b58743eaf2c437238d004892b9/element/f.BB3617BF1549F1B1531810C266B34E3A.d.48BED7A6A50DF2C906235586E860262C.e.4316/click - {}
RESULT: {}
COMMAND: POST /session/ff0536b58743eaf2c437238d004892b9/element - {"using":"xpath","value":"//button[@aria-label=\"Add\"]"}
COMMAND: GET /session/ff0536b58743eaf2c437238d004892b9/screenshot - {}
RESULT: {"using":"xpath","value":"//button[@aria-label=\"Add\"]"}
COMMAND: POST /session/ff0536b58743eaf2c437238d004892b9/element/f.BB3617BF1549F1B1531810C266B34E3A.d.48BED7A6A50DF2C906235586E860262C.e.4318/click - {}
RESULT: {}
RESULT: {}
COMMAND: GET /session/ff0536b58743eaf2c437238d004892b9/screenshot - {}
RESULT: {}
COMMAND: POST /session/ff0536b58743eaf2c437238d004892b9/execute/async - {"script":"<script> [1562 bytes]","args":[{"selector":{"id":"application-managehandovers-display-component---AddNewHO--smartFilterBar-btnBasicSearch","searchOpenDialogs":true,"interaction":{"idSuffix":"I"}},"wdio_ui5_key":"applicationmanagehandovers-display-component---AddNewHO--smartFilterBar-btnBasicSearch"}]}
RESULT: {"script":"<script> [1562 bytes]","args":[{"selector":{"id":"application-managehandovers-display-component---AddNewHO--smartFilterBar-btnBasicSearch","searchOpenDialogs":true,"interaction":{"idSuffix":"I"}},"wdio_ui5_key":"applicationmanagehandovers-display-component---AddNewHO--smartFilterBar-btnBasicSearch"}]}
RESULT: undefined
COMMAND: POST /session/ff0536b58743eaf2c437238d004892b9/execute/async - {"script":"<script> [776 bytes]","args":[{"enterText":"HU0KPTY8fk","selector":{"id":"application-managehandovers-display-component---AddNewHO--smartFilterBar-btnBasicSearch","searchOpenDialogs":true,"interaction":{"idSuffix":"I"}},"clearTextFirst":true,"interactionType":"ENTER_TEXT"}]}
RESULT: {"script":"<script> [776 bytes]","args":[{"enterText":"HU0KPTY8fk","selector":{"id":"application-managehandovers-display-component---AddNewHO--smartFilterBar-btnBasicSearch","searchOpenDialogs":true,"interaction":{"idSuffix":"I"}},"clearTextFirst":true,"interactionType":"ENTER_TEXT"}]}
COMMAND: POST /session/ff0536b58743eaf2c437238d004892b9/actions - {"actions":[{"id":"action17","type":"key","parameters":{},"actions":[{"type":"keyDown","value":"î€‡"},{"type":"pause","duration":10},{"type":"keyUp","value":"î€‡"}]}]}
RESULT: {"actions":[{"id":"action17","type":"key","parameters":{},"actions":[{"type":"keyDown","value":"î€‡"},{"type":"pause","duration":10},{"type":"keyUp","value":"î€‡"}]}]}
COMMAND: GET /session/ff0536b58743eaf2c437238d004892b9/screenshot - {}
RESULT: {}
COMMAND: POST /session/ff0536b58743eaf2c437238d004892b9/execute/async - {"script":"<script> [1562 bytes]","args":[{"selector":{"id":"application-managehandovers-display-component---AddNewHO--popup-sa","searchOpenDialogs":true,"interaction":{"idSuffix":"CbBg"}},"wdio_ui5_key":"applicationmanagehandovers-display-component---AddNewHO--popup-sa"}]}
RESULT: {"script":"<script> [1562 bytes]","args":[{"selector":{"id":"application-managehandovers-display-component---AddNewHO--popup-sa","searchOpenDialogs":true,"interaction":{"idSuffix":"CbBg"}},"wdio_ui5_key":"applicationmanagehandovers-display-component---AddNewHO--popup-sa"}]}
RESULT: undefined
COMMAND: POST /session/ff0536b58743eaf2c437238d004892b9/element - {"using":"xpath","value":"//*[@id=\"application-managehandovers-display-component---AddNewHO--popup-sa\"]"}
RESULT: {"using":"xpath","value":"//*[@id=\"application-managehandovers-display-component---AddNewHO--popup-sa\"]"}
COMMAND: POST /session/ff0536b58743eaf2c437238d004892b9/element/f.BB3617BF1549F1B1531810C266B34E3A.d.48BED7A6A50DF2C906235586E860262C.e.4471/click - {}
RESULT: {}
COMMAND: GET /session/ff0536b58743eaf2c437238d004892b9/screenshot - {}
RESULT: {}
COMMAND: POST /session/ff0536b58743eaf2c437238d004892b9/element - {"using":"xpath","value":"//bdi[contains(text(), \"Select\")]"}
RESULT: {"using":"xpath","value":"//bdi[contains(text(), \"Select\")]"}
COMMAND: POST /session/ff0536b58743eaf2c437238d004892b9/element/f.BB3617BF1549F1B1531810C266B34E3A.d.48BED7A6A50DF2C906235586E860262C.e.4472/click - {}
RESULT: {}
COMMAND: GET /session/ff0536b58743eaf2c437238d004892b9/screenshot - {}
RESULT: {}
COMMAND: POST /session/ff0536b58743eaf2c437238d004892b9/element - {"using":"xpath","value":"//button[@data-kt=\"AddNewHOSaveButton\"]"}
RESULT: {"using":"xpath","value":"//button[@data-kt=\"AddNewHOSaveButton\"]"}
COMMAND: POST /session/ff0536b58743eaf2c437238d004892b9/element/f.BB3617BF1549F1B1531810C266B34E3A.d.48BED7A6A50DF2C906235586E860262C.e.4476/click - {}
RESULT: {}
COMMAND: GET /session/ff0536b58743eaf2c437238d004892b9/screenshot - {}
RESULT: {}
COMMAND: POST /session/ff0536b58743eaf2c437238d004892b9/execute/async - {"script":"<script> [1562 bytes]","args":[{"selector":{"id":"receiptDatePicker","viewName":"etm.portal.ui.managehandovers.view.DetailExecuteHO","interaction":{"idSuffix":"inner"}},"wdio_ui5_key":"receiptDatePickeretmportal.ui.managehandovers.view.DetailExecuteHO"}]}
RESULT: {"script":"<script> [1562 bytes]","args":[{"selector":{"id":"receiptDatePicker","viewName":"etm.portal.ui.managehandovers.view.DetailExecuteHO","interaction":{"idSuffix":"inner"}},"wdio_ui5_key":"receiptDatePickeretmportal.ui.managehandovers.view.DetailExecuteHO"}]}
RESULT: undefined
COMMAND: POST /session/ff0536b58743eaf2c437238d004892b9/execute/async - {"script":"<script> [6424 bytes]","args":[{"element-6066-11e4-a52e-4f735466cecf":"f.BB3617BF1549F1B1531810C266B34E3A.d.48BED7A6A50DF2C906235586E860262C.e.4510"},"setValue",["5/15/25"]]}
RESULT: {"script":"<script> [6424 bytes]","args":[{"element-6066-11e4-a52e-4f735466cecf":"f.BB3617BF1549F1B1531810C266B34E3A.d.48BED7A6A50DF2C906235586E860262C.e.4510"},"setValue",["5/15/25"]]}
COMMAND: POST /session/ff0536b58743eaf2c437238d004892b9/element - {"using":"xpath","value":"//button[@data-kt=\"PickingTableConfirmAllButton\"]"}
RESULT: {"using":"xpath","value":"//button[@data-kt=\"PickingTableConfirmAllButton\"]"}
COMMAND: POST /session/ff0536b58743eaf2c437238d004892b9/element/f.BB3617BF1549F1B1531810C266B34E3A.d.48BED7A6A50DF2C906235586E860262C.e.4524/click - {}
RESULT: {}
COMMAND: GET /session/ff0536b58743eaf2c437238d004892b9/screenshot - {}
RESULT: {}
COMMAND: POST /session/ff0536b58743eaf2c437238d004892b9/element - {"using":"xpath","value":"//bdi[contains(text(), \"OK\")]"}
RESULT: {"using":"xpath","value":"//bdi[contains(text(), \"OK\")]"}
COMMAND: POST /session/ff0536b58743eaf2c437238d004892b9/element/f.BB3617BF1549F1B1531810C266B34E3A.d.48BED7A6A50DF2C906235586E860262C.e.4526/click - {}
RESULT: {}
COMMAND: GET /session/ff0536b58743eaf2c437238d004892b9/screenshot - {}
RESULT: {}
COMMAND: POST /session/ff0536b58743eaf2c437238d004892b9/element - {"using":"xpath","value":"(//bdi[contains(text(), \"Receive\")])[2]"}
RESULT: {"using":"xpath","value":"(//bdi[contains(text(), \"Receive\")])[2]"}
COMMAND: POST /session/ff0536b58743eaf2c437238d004892b9/element/f.BB3617BF1549F1B1531810C266B34E3A.d.48BED7A6A50DF2C906235586E860262C.e.4528/click - {}
RESULT: {}
COMMAND: GET /session/ff0536b58743eaf2c437238d004892b9/screenshot - {}
RESULT: {}
COMMAND: POST /session/ff0536b58743eaf2c437238d004892b9/element - {"using":"css selector","value":"#shell-header-logo"}
RESULT: {"using":"css selector","value":"#shell-header-logo"}
COMMAND: POST /session/ff0536b58743eaf2c437238d004892b9/element/f.BB3617BF1549F1B1531810C266B34E3A.d.48BED7A6A50DF2C906235586E860262C.e.3891/click - {}
RESULT: {}
COMMAND: GET /session/ff0536b58743eaf2c437238d004892b9/screenshot - {}
RESULT: {}
]]></system-out>
    </testcase>
    <testcase classname="chrome.136_0_7103_93.windows.Billing_confirm_US117289" name="Should create a new contract" time="61.424">
      <system-out><![CDATA[
COMMAND: POST /session/ff0536b58743eaf2c437238d004892b9/execute/async - {"script":"<script> [1562 bytes]","args":[{"selector":{"controlType":"sap.m.GenericTile","properties":{"header":"Manage Contracts"}},"wdio_ui5_key":"sapm.GenericTile{\"header\":\"Manage Contracts\"}"}]}
RESULT: {"script":"<script> [1562 bytes]","args":[{"selector":{"controlType":"sap.m.GenericTile","properties":{"header":"Manage Contracts"}},"wdio_ui5_key":"sapm.GenericTile{\"header\":\"Manage Contracts\"}"}]}
RESULT: undefined
COMMAND: POST /session/ff0536b58743eaf2c437238d004892b9/element - {"using":"xpath","value":"//*[@id=\"__tile130\"]"}
RESULT: {"using":"xpath","value":"//*[@id=\"__tile130\"]"}
COMMAND: POST /session/ff0536b58743eaf2c437238d004892b9/element/f.BB3617BF1549F1B1531810C266B34E3A.d.48BED7A6A50DF2C906235586E860262C.e.173/click - {}
RESULT: {}
COMMAND: GET /session/ff0536b58743eaf2c437238d004892b9/screenshot - {}
RESULT: {}
COMMAND: POST /session/ff0536b58743eaf2c437238d004892b9/elements - {"using":"xpath","value":"//span[text()='Error']"}
RESULT: {"using":"xpath","value":"//span[text()='Error']"}
COMMAND: POST /session/ff0536b58743eaf2c437238d004892b9/element - {"using":"xpath","value":"//button[@data-kt=\"addButton\"]"}
RESULT: {"using":"xpath","value":"//button[@data-kt=\"addButton\"]"}
COMMAND: POST /session/ff0536b58743eaf2c437238d004892b9/elements - {"using":"xpath","value":"//button[@data-kt=\"addButton\"]"}
RESULT: {"using":"xpath","value":"//button[@data-kt=\"addButton\"]"}
COMMAND: POST /session/ff0536b58743eaf2c437238d004892b9/execute/sync - {"script":"<script> [8489 bytes]","args":[{"element-6066-11e4-a52e-4f735466cecf":"f.BB3617BF1549F1B1531810C266B34E3A.d.48BED7A6A50DF2C906235586E860262C.e.4750","ELEMENT":"f.BB3617BF1549F1B1531810C266B34E3A.d.48BED7A6A50DF2C906235586E860262C.e.4750"}]}
RESULT: {"script":"<script> [8489 bytes]","args":[{"element-6066-11e4-a52e-4f735466cecf":"f.BB3617BF1549F1B1531810C266B34E3A.d.48BED7A6A50DF2C906235586E860262C.e.4750","ELEMENT":"f.BB3617BF1549F1B1531810C266B34E3A.d.48BED7A6A50DF2C906235586E860262C.e.4750"}]}
COMMAND: GET /session/ff0536b58743eaf2c437238d004892b9/element/f.BB3617BF1549F1B1531810C266B34E3A.d.48BED7A6A50DF2C906235586E860262C.e.4750/enabled - {}
COMMAND: GET /session/ff0536b58743eaf2c437238d004892b9/screenshot - {}
RESULT: {}
COMMAND: POST /session/ff0536b58743eaf2c437238d004892b9/execute/sync - {"script":"<script> [8489 bytes]","args":[{"element-6066-11e4-a52e-4f735466cecf":"f.BB3617BF1549F1B1531810C266B34E3A.d.48BED7A6A50DF2C906235586E860262C.e.4750","ELEMENT":"f.BB3617BF1549F1B1531810C266B34E3A.d.48BED7A6A50DF2C906235586E860262C.e.4750"}]}
COMMAND: GET /session/ff0536b58743eaf2c437238d004892b9/screenshot - {}
RESULT: {}
RESULT: {"script":"<script> [8489 bytes]","args":[{"element-6066-11e4-a52e-4f735466cecf":"f.BB3617BF1549F1B1531810C266B34E3A.d.48BED7A6A50DF2C906235586E860262C.e.4750","ELEMENT":"f.BB3617BF1549F1B1531810C266B34E3A.d.48BED7A6A50DF2C906235586E860262C.e.4750"}]}
COMMAND: POST /session/ff0536b58743eaf2c437238d004892b9/execute/sync - {"script":"<script> [5351 bytes]","args":[{"element-6066-11e4-a52e-4f735466cecf":"f.BB3617BF1549F1B1531810C266B34E3A.d.48BED7A6A50DF2C906235586E860262C.e.4750","ELEMENT":"f.BB3617BF1549F1B1531810C266B34E3A.d.48BED7A6A50DF2C906235586E860262C.e.4750"}]}
COMMAND: GET /session/ff0536b58743eaf2c437238d004892b9/screenshot - {}
RESULT: {}
RESULT: {"script":"<script> [5351 bytes]","args":[{"element-6066-11e4-a52e-4f735466cecf":"f.BB3617BF1549F1B1531810C266B34E3A.d.48BED7A6A50DF2C906235586E860262C.e.4750","ELEMENT":"f.BB3617BF1549F1B1531810C266B34E3A.d.48BED7A6A50DF2C906235586E860262C.e.4750"}]}
COMMAND: GET /session/ff0536b58743eaf2c437238d004892b9/screenshot - {}
RESULT: {}
RESULT: {}
COMMAND: POST /session/ff0536b58743eaf2c437238d004892b9/element/f.BB3617BF1549F1B1531810C266B34E3A.d.48BED7A6A50DF2C906235586E860262C.e.4750/click - {}
RESULT: {}
COMMAND: GET /session/ff0536b58743eaf2c437238d004892b9/screenshot - {}
RESULT: {}
COMMAND: POST /session/ff0536b58743eaf2c437238d004892b9/execute/async - {"script":"<script> [1562 bytes]","args":[{"selector":{"id":"application-managecontracts-display-component---AddNewContract--projectDescription","interaction":{"idSuffix":"inner"}},"wdio_ui5_key":"applicationmanagecontracts-display-component---AddNewContract--projectDescription"}]}
RESULT: {"script":"<script> [1562 bytes]","args":[{"selector":{"id":"application-managecontracts-display-component---AddNewContract--projectDescription","interaction":{"idSuffix":"inner"}},"wdio_ui5_key":"applicationmanagecontracts-display-component---AddNewContract--projectDescription"}]}
RESULT: undefined
COMMAND: POST /session/ff0536b58743eaf2c437238d004892b9/execute/async - {"script":"<script> [776 bytes]","args":[{"enterText":"Contract WDIO","selector":{"id":"application-managecontracts-display-component---AddNewContract--projectDescription","interaction":{"idSuffix":"inner"}},"clearTextFirst":true,"interactionType":"ENTER_TEXT"}]}
RESULT: {"script":"<script> [776 bytes]","args":[{"enterText":"Contract WDIO","selector":{"id":"application-managecontracts-display-component---AddNewContract--projectDescription","interaction":{"idSuffix":"inner"}},"clearTextFirst":true,"interactionType":"ENTER_TEXT"}]}
COMMAND: POST /session/ff0536b58743eaf2c437238d004892b9/element - {"using":"xpath","value":"//input[@id=\"application-managecontracts-display-component---AddNewContract--site-inner\"]"}
RESULT: {"using":"xpath","value":"//input[@id=\"application-managecontracts-display-component---AddNewContract--site-inner\"]"}
COMMAND: POST /session/ff0536b58743eaf2c437238d004892b9/element/f.BB3617BF1549F1B1531810C266B34E3A.d.48BED7A6A50DF2C906235586E860262C.e.5107/clear - {}
RESULT: {}
COMMAND: POST /session/ff0536b58743eaf2c437238d004892b9/element/f.BB3617BF1549F1B1531810C266B34E3A.d.48BED7A6A50DF2C906235586E860262C.e.5107/value - {"text":"2183"}
COMMAND: GET /session/ff0536b58743eaf2c437238d004892b9/screenshot - {}
RESULT: {"text":"2183"}
COMMAND: GET /session/ff0536b58743eaf2c437238d004892b9/screenshot - {}
RESULT: {}
RESULT: {}
COMMAND: POST /session/ff0536b58743eaf2c437238d004892b9/element - {"using":"xpath","value":"//li[.//span[text()='2183']]"}
RESULT: {"using":"xpath","value":"//li[.//span[text()='2183']]"}
COMMAND: POST /session/ff0536b58743eaf2c437238d004892b9/element/f.BB3617BF1549F1B1531810C266B34E3A.d.48BED7A6A50DF2C906235586E860262C.e.5140/click - {}
RESULT: {}
COMMAND: GET /session/ff0536b58743eaf2c437238d004892b9/screenshot - {}
RESULT: {}
COMMAND: POST /session/ff0536b58743eaf2c437238d004892b9/element - {"using":"xpath","value":"//input[@id=\"application-managecontracts-display-component---AddNewContract--yardId-inner\"]"}
RESULT: {"using":"xpath","value":"//input[@id=\"application-managecontracts-display-component---AddNewContract--yardId-inner\"]"}
COMMAND: GET /session/ff0536b58743eaf2c437238d004892b9/element/f.BB3617BF1549F1B1531810C266B34E3A.d.48BED7A6A50DF2C906235586E860262C.e.5108/property/value - {}
RESULT: {}
COMMAND: POST /session/ff0536b58743eaf2c437238d004892b9/element - {"using":"xpath","value":"//input[@id=\"application-managecontracts-display-component---AddNewContract--customerSelect-inner\"]"}
COMMAND: GET /session/ff0536b58743eaf2c437238d004892b9/screenshot - {}
RESULT: {"using":"xpath","value":"//input[@id=\"application-managecontracts-display-component---AddNewContract--customerSelect-inner\"]"}
COMMAND: POST /session/ff0536b58743eaf2c437238d004892b9/element/f.BB3617BF1549F1B1531810C266B34E3A.d.48BED7A6A50DF2C906235586E860262C.e.5106/clear - {}
RESULT: {}
RESULT: {}
COMMAND: POST /session/ff0536b58743eaf2c437238d004892b9/element/f.BB3617BF1549F1B1531810C266B34E3A.d.48BED7A6A50DF2C906235586E860262C.e.5106/value - {"text":"1221"}
COMMAND: GET /session/ff0536b58743eaf2c437238d004892b9/screenshot - {}
RESULT: {"text":"1221"}
COMMAND: GET /session/ff0536b58743eaf2c437238d004892b9/screenshot - {}
RESULT: {}
RESULT: {}
COMMAND: POST /session/ff0536b58743eaf2c437238d004892b9/element - {"using":"xpath","value":"//li[.//span[text()='1221']]"}
RESULT: {"using":"xpath","value":"//li[.//span[text()='1221']]"}
COMMAND: POST /session/ff0536b58743eaf2c437238d004892b9/element/f.BB3617BF1549F1B1531810C266B34E3A.d.48BED7A6A50DF2C906235586E860262C.e.5143/click - {}
RESULT: {}
COMMAND: GET /session/ff0536b58743eaf2c437238d004892b9/screenshot - {}
RESULT: {}
COMMAND: POST /session/ff0536b58743eaf2c437238d004892b9/element - {"using":"xpath","value":"//button[@data-kt=\"saveButton\"]"}
RESULT: {"using":"xpath","value":"//button[@data-kt=\"saveButton\"]"}
COMMAND: POST /session/ff0536b58743eaf2c437238d004892b9/element/f.BB3617BF1549F1B1531810C266B34E3A.d.48BED7A6A50DF2C906235586E860262C.e.5144/click - {}
RESULT: {}
COMMAND: GET /session/ff0536b58743eaf2c437238d004892b9/screenshot - {}
RESULT: {}
COMMAND: POST /session/ff0536b58743eaf2c437238d004892b9/element - {"using":"xpath","value":"//span[contains(@id ,\"contractDetailTitleNoExpanded\")]"}
RESULT: {"using":"xpath","value":"//span[contains(@id ,\"contractDetailTitleNoExpanded\")]"}
COMMAND: POST /session/ff0536b58743eaf2c437238d004892b9/elements - {"using":"xpath","value":"//span[contains(@id ,\"contractDetailTitleNoExpanded\")]"}
RESULT: {"using":"xpath","value":"//span[contains(@id ,\"contractDetailTitleNoExpanded\")]"}
COMMAND: POST /session/ff0536b58743eaf2c437238d004892b9/execute/sync - {"script":"<script> [56 bytes]","args":[{"element-6066-11e4-a52e-4f735466cecf":"f.BB3617BF1549F1B1531810C266B34E3A.d.48BED7A6A50DF2C906235586E860262C.e.5216","ELEMENT":"f.BB3617BF1549F1B1531810C266B34E3A.d.48BED7A6A50DF2C906235586E860262C.e.5216"}]}
RESULT: {"script":"<script> [56 bytes]","args":[{"element-6066-11e4-a52e-4f735466cecf":"f.BB3617BF1549F1B1531810C266B34E3A.d.48BED7A6A50DF2C906235586E860262C.e.5216","ELEMENT":"f.BB3617BF1549F1B1531810C266B34E3A.d.48BED7A6A50DF2C906235586E860262C.e.5216"}]}
COMMAND: GET /session/ff0536b58743eaf2c437238d004892b9/screenshot - {}
RESULT: {}
]]></system-out>
    </testcase>
    <testcase classname="chrome.136_0_7103_93.windows.Billing_confirm_US117289" name="Should add created equipment to contract" time="47.128">
      <system-out><![CDATA[
COMMAND: POST /session/ff0536b58743eaf2c437238d004892b9/element - {"using":"xpath","value":"//button[@data-kt=\"contractDetailEditBtnButton\"]"}
RESULT: {"using":"xpath","value":"//button[@data-kt=\"contractDetailEditBtnButton\"]"}
COMMAND: POST /session/ff0536b58743eaf2c437238d004892b9/element/f.BB3617BF1549F1B1531810C266B34E3A.d.48BED7A6A50DF2C906235586E860262C.e.5217/click - {}
RESULT: {}
COMMAND: GET /session/ff0536b58743eaf2c437238d004892b9/screenshot - {}
RESULT: {}
COMMAND: POST /session/ff0536b58743eaf2c437238d004892b9/element - {"using":"xpath","value":"(//span[contains(text(), \"Additional Addresses\")])[2]"}
RESULT: {"using":"xpath","value":"(//span[contains(text(), \"Additional Addresses\")])[2]"}
COMMAND: POST /session/ff0536b58743eaf2c437238d004892b9/element/f.BB3617BF1549F1B1531810C266B34E3A.d.48BED7A6A50DF2C906235586E860262C.e.5271/click - {}
RESULT: {}
COMMAND: GET /session/ff0536b58743eaf2c437238d004892b9/screenshot - {}
RESULT: {}
COMMAND: POST /session/ff0536b58743eaf2c437238d004892b9/element - {"using":"xpath","value":"//button[@data-kt=\"btnAddTableRowOverflowToolbarButton\"]"}
RESULT: {"using":"xpath","value":"//button[@data-kt=\"btnAddTableRowOverflowToolbarButton\"]"}
COMMAND: POST /session/ff0536b58743eaf2c437238d004892b9/element/f.BB3617BF1549F1B1531810C266B34E3A.d.48BED7A6A50DF2C906235586E860262C.e.5275/click - {}
RESULT: {}
COMMAND: GET /session/ff0536b58743eaf2c437238d004892b9/screenshot - {}
RESULT: {}
COMMAND: POST /session/ff0536b58743eaf2c437238d004892b9/element - {"using":"xpath","value":"//div[(text() = 'Standard Entry' or . = 'Standard Entry')]"}
RESULT: {"using":"xpath","value":"//div[(text() = 'Standard Entry' or . = 'Standard Entry')]"}
COMMAND: POST /session/ff0536b58743eaf2c437238d004892b9/element/f.BB3617BF1549F1B1531810C266B34E3A.d.48BED7A6A50DF2C906235586E860262C.e.5277/click - {}
RESULT: {}
COMMAND: GET /session/ff0536b58743eaf2c437238d004892b9/screenshot - {}
RESULT: {}
COMMAND: POST /session/ff0536b58743eaf2c437238d004892b9/element - {"using":"xpath","value":"//td[7]/div/div/input"}
RESULT: {"using":"xpath","value":"//td[7]/div/div/input"}
COMMAND: POST /session/ff0536b58743eaf2c437238d004892b9/element/f.BB3617BF1549F1B1531810C266B34E3A.d.48BED7A6A50DF2C906235586E860262C.e.5286/clear - {}
RESULT: {}
COMMAND: POST /session/ff0536b58743eaf2c437238d004892b9/element/f.BB3617BF1549F1B1531810C266B34E3A.d.48BED7A6A50DF2C906235586E860262C.e.5286/value - {"text":"HU0KPTY8fk"}
COMMAND: GET /session/ff0536b58743eaf2c437238d004892b9/screenshot - {}
RESULT: {"text":"HU0KPTY8fk"}
COMMAND: GET /session/ff0536b58743eaf2c437238d004892b9/screenshot - {}
RESULT: {}
RESULT: {}
COMMAND: POST /session/ff0536b58743eaf2c437238d004892b9/actions - {"actions":[{"id":"action18","type":"key","parameters":{},"actions":[{"type":"keyDown","value":"î€‡"},{"type":"pause","duration":10},{"type":"keyUp","value":"î€‡"}]}]}
RESULT: {"actions":[{"id":"action18","type":"key","parameters":{},"actions":[{"type":"keyDown","value":"î€‡"},{"type":"pause","duration":10},{"type":"keyUp","value":"î€‡"}]}]}
COMMAND: GET /session/ff0536b58743eaf2c437238d004892b9/screenshot - {}
RESULT: {}
COMMAND: POST /session/ff0536b58743eaf2c437238d004892b9/execute/sync - {"script":"<script> [276 bytes]","args":["No pricing information was found"]}
RESULT: {"script":"<script> [276 bytes]","args":["No pricing information was found"]}
COMMAND: POST /session/ff0536b58743eaf2c437238d004892b9/element - {"using":"xpath","value":"(//button[@data-kt=\"saveButton\"])[2]"}
COMMAND: GET /session/ff0536b58743eaf2c437238d004892b9/screenshot - {}
RESULT: {"using":"xpath","value":"(//button[@data-kt=\"saveButton\"])[2]"}
COMMAND: POST /session/ff0536b58743eaf2c437238d004892b9/element/f.BB3617BF1549F1B1531810C266B34E3A.d.48BED7A6A50DF2C906235586E860262C.e.5301/click - {}
RESULT: {}
RESULT: {}
COMMAND: GET /session/ff0536b58743eaf2c437238d004892b9/screenshot - {}
RESULT: {}
COMMAND: POST /session/ff0536b58743eaf2c437238d004892b9/execute/sync - {"script":"<script> [276 bytes]","args":["Some contract items are having rental validity exceeding header rental validity"]}
RESULT: {"script":"<script> [276 bytes]","args":["Some contract items are having rental validity exceeding header rental validity"]}
COMMAND: GET /session/ff0536b58743eaf2c437238d004892b9/screenshot - {}
RESULT: {}
COMMAND: POST /session/ff0536b58743eaf2c437238d004892b9/element - {"using":"xpath","value":"//span[contains(@id ,\"contractItemsSmartTable-header-inner\")]"}
RESULT: {"using":"xpath","value":"//span[contains(@id ,\"contractItemsSmartTable-header-inner\")]"}
COMMAND: POST /session/ff0536b58743eaf2c437238d004892b9/elements - {"using":"xpath","value":"//span[contains(@id ,\"contractItemsSmartTable-header-inner\")]"}
RESULT: {"using":"xpath","value":"//span[contains(@id ,\"contractItemsSmartTable-header-inner\")]"}
COMMAND: POST /session/ff0536b58743eaf2c437238d004892b9/execute/sync - {"script":"<script> [56 bytes]","args":[{"element-6066-11e4-a52e-4f735466cecf":"f.BB3617BF1549F1B1531810C266B34E3A.d.48BED7A6A50DF2C906235586E860262C.e.5307","ELEMENT":"f.BB3617BF1549F1B1531810C266B34E3A.d.48BED7A6A50DF2C906235586E860262C.e.5307"}]}
RESULT: {"script":"<script> [56 bytes]","args":[{"element-6066-11e4-a52e-4f735466cecf":"f.BB3617BF1549F1B1531810C266B34E3A.d.48BED7A6A50DF2C906235586E860262C.e.5307","ELEMENT":"f.BB3617BF1549F1B1531810C266B34E3A.d.48BED7A6A50DF2C906235586E860262C.e.5307"}]}
]]></system-out>
    </testcase>
    <testcase classname="chrome.136_0_7103_93.windows.Billing_confirm_US117289" name="Should do a provide to site handover" time="64.563">
      <system-out><![CDATA[
COMMAND: POST /session/ff0536b58743eaf2c437238d004892b9/element - {"using":"xpath","value":"//button[@data-kt=\"provideButton\"]"}
COMMAND: GET /session/ff0536b58743eaf2c437238d004892b9/screenshot - {}
RESULT: {"using":"xpath","value":"//button[@data-kt=\"provideButton\"]"}
COMMAND: POST /session/ff0536b58743eaf2c437238d004892b9/element/f.BB3617BF1549F1B1531810C266B34E3A.d.48BED7A6A50DF2C906235586E860262C.e.5308/click - {}
RESULT: {}
RESULT: {}
COMMAND: GET /session/ff0536b58743eaf2c437238d004892b9/screenshot - {}
RESULT: undefined
COMMAND: POST /session/ff0536b58743eaf2c437238d004892b9/execute/async - {"script":"<script> [6424 bytes]","args":[{"element-6066-11e4-a52e-4f735466cecf":"f.BB3617BF1549F1B1531810C266B34E3A.d.48BED7A6A50DF2C906235586E860262C.e.4291"},"setValue",["5/15/25"]]}
RESULT: {}
COMMAND: POST /session/ff0536b58743eaf2c437238d004892b9/execute/async - {"script":"<script> [1562 bytes]","args":[{"selector":{"id":"application-managehandovers-display-component---AddNewHO--dueDate","interaction":{"idSuffix":"inner"}},"wdio_ui5_key":"applicationmanagehandovers-display-component---AddNewHO--dueDate"}]}
RESULT: {"script":"<script> [1562 bytes]","args":[{"selector":{"id":"application-managehandovers-display-component---AddNewHO--dueDate","interaction":{"idSuffix":"inner"}},"wdio_ui5_key":"applicationmanagehandovers-display-component---AddNewHO--dueDate"}]}
COMMAND: POST /session/ff0536b58743eaf2c437238d004892b9/execute/async - {"script":"<script> [6424 bytes]","args":[{"element-6066-11e4-a52e-4f735466cecf":"f.BB3617BF1549F1B1531810C266B34E3A.d.48BED7A6A50DF2C906235586E860262C.e.5365"},"setValue",["5/15/25"]]}
RESULT: {"script":"<script> [6424 bytes]","args":[{"element-6066-11e4-a52e-4f735466cecf":"f.BB3617BF1549F1B1531810C266B34E3A.d.48BED7A6A50DF2C906235586E860262C.e.5365"},"setValue",["5/15/25"]]}
COMMAND: POST /session/ff0536b58743eaf2c437238d004892b9/element - {"using":"xpath","value":"//bdi[contains(text(), \"Instructions\")]"}
RESULT: {"using":"xpath","value":"//bdi[contains(text(), \"Instructions\")]"}
COMMAND: POST /session/ff0536b58743eaf2c437238d004892b9/element/f.BB3617BF1549F1B1531810C266B34E3A.d.48BED7A6A50DF2C906235586E860262C.e.5613/click - {}
RESULT: {}
COMMAND: GET /session/ff0536b58743eaf2c437238d004892b9/screenshot - {}
RESULT: {}
COMMAND: POST /session/ff0536b58743eaf2c437238d004892b9/element - {"using":"xpath","value":"//button[@data-kt=\"AddNewHOProvideAddItemsButton\"]"}
RESULT: {"using":"xpath","value":"//button[@data-kt=\"AddNewHOProvideAddItemsButton\"]"}
COMMAND: POST /session/ff0536b58743eaf2c437238d004892b9/element/f.BB3617BF1549F1B1531810C266B34E3A.d.48BED7A6A50DF2C906235586E860262C.e.5617/click - {}
RESULT: {}
COMMAND: GET /session/ff0536b58743eaf2c437238d004892b9/screenshot - {}
RESULT: {}
RESULT: undefined
COMMAND: POST /session/ff0536b58743eaf2c437238d004892b9/element - {"using":"xpath","value":"//*[@id=\"application-managehandovers-display-component---AddNewHO--popup-sa\"]"}
RESULT: {"using":"xpath","value":"//*[@id=\"application-managehandovers-display-component---AddNewHO--popup-sa\"]"}
COMMAND: POST /session/ff0536b58743eaf2c437238d004892b9/element/f.BB3617BF1549F1B1531810C266B34E3A.d.48BED7A6A50DF2C906235586E860262C.e.5627/click - {}
RESULT: {}
COMMAND: GET /session/ff0536b58743eaf2c437238d004892b9/screenshot - {}
RESULT: {}
COMMAND: POST /session/ff0536b58743eaf2c437238d004892b9/element - {"using":"xpath","value":"//*[contains(@id ,\"BDI-content\")][contains(text(), \"Select\")]"}
RESULT: {"using":"xpath","value":"//*[contains(@id ,\"BDI-content\")][contains(text(), \"Select\")]"}
COMMAND: POST /session/ff0536b58743eaf2c437238d004892b9/element/f.BB3617BF1549F1B1531810C266B34E3A.d.48BED7A6A50DF2C906235586E860262C.e.5628/click - {}
RESULT: {}
COMMAND: GET /session/ff0536b58743eaf2c437238d004892b9/screenshot - {}
RESULT: {}
COMMAND: POST /session/ff0536b58743eaf2c437238d004892b9/execute/async - {"script":"<script> [1562 bytes]","args":[{"selector":{"id":"application-managehandovers-display-component---AddNewHO--confirmCreationButton","interaction":{"idSuffix":"BDI-content"}},"wdio_ui5_key":"applicationmanagehandovers-display-component---AddNewHO--confirmCreationButton"}]}
RESULT: {"script":"<script> [1562 bytes]","args":[{"selector":{"id":"application-managehandovers-display-component---AddNewHO--confirmCreationButton","interaction":{"idSuffix":"BDI-content"}},"wdio_ui5_key":"applicationmanagehandovers-display-component---AddNewHO--confirmCreationButton"}]}
RESULT: undefined
COMMAND: POST /session/ff0536b58743eaf2c437238d004892b9/element - {"using":"xpath","value":"//*[@id=\"application-managehandovers-display-component---AddNewHO--confirmCreationButton\"]"}
RESULT: {"using":"xpath","value":"//*[@id=\"application-managehandovers-display-component---AddNewHO--confirmCreationButton\"]"}
COMMAND: POST /session/ff0536b58743eaf2c437238d004892b9/element/f.BB3617BF1549F1B1531810C266B34E3A.d.48BED7A6A50DF2C906235586E860262C.e.5442/click - {}
RESULT: {}
COMMAND: GET /session/ff0536b58743eaf2c437238d004892b9/screenshot - {}
RESULT: {}
COMMAND: POST /session/ff0536b58743eaf2c437238d004892b9/execute/async - {"script":"<script> [1562 bytes]","args":[{"selector":{"id":"issueDatePicker","viewName":"etm.portal.ui.managehandovers.view.DetailExecuteHO","interaction":{"idSuffix":"inner"}},"wdio_ui5_key":"issueDatePickeretmportal.ui.managehandovers.view.DetailExecuteHO"}]}
RESULT: {"script":"<script> [1562 bytes]","args":[{"selector":{"id":"issueDatePicker","viewName":"etm.portal.ui.managehandovers.view.DetailExecuteHO","interaction":{"idSuffix":"inner"}},"wdio_ui5_key":"issueDatePickeretmportal.ui.managehandovers.view.DetailExecuteHO"}]}
RESULT: undefined
COMMAND: POST /session/ff0536b58743eaf2c437238d004892b9/execute/async - {"script":"<script> [776 bytes]","args":[{"enterText":"5/15/25","selector":{"id":"issueDatePicker","viewName":"etm.portal.ui.managehandovers.view.DetailExecuteHO","interaction":{"idSuffix":"inner"}},"clearTextFirst":true,"interactionType":"ENTER_TEXT"}]}
RESULT: {"script":"<script> [776 bytes]","args":[{"enterText":"5/15/25","selector":{"id":"issueDatePicker","viewName":"etm.portal.ui.managehandovers.view.DetailExecuteHO","interaction":{"idSuffix":"inner"}},"clearTextFirst":true,"interactionType":"ENTER_TEXT"}]}
COMMAND: POST /session/ff0536b58743eaf2c437238d004892b9/element - {"using":"xpath","value":"//bdi[contains(text(), \"OK\")]"}
RESULT: {"using":"xpath","value":"//bdi[contains(text(), \"OK\")]"}
COMMAND: POST /session/ff0536b58743eaf2c437238d004892b9/element/f.BB3617BF1549F1B1531810C266B34E3A.d.48BED7A6A50DF2C906235586E860262C.e.5674/click - {}
RESULT: {}
COMMAND: GET /session/ff0536b58743eaf2c437238d004892b9/screenshot - {}
RESULT: {}
COMMAND: POST /session/ff0536b58743eaf2c437238d004892b9/element - {"using":"xpath","value":"//button[@data-kt=\"PickingTableConfirmAllButton\"]"}
RESULT: {"using":"xpath","value":"//button[@data-kt=\"PickingTableConfirmAllButton\"]"}
COMMAND: POST /session/ff0536b58743eaf2c437238d004892b9/element/f.BB3617BF1549F1B1531810C266B34E3A.d.48BED7A6A50DF2C906235586E860262C.e.5680/click - {}
RESULT: {}
COMMAND: GET /session/ff0536b58743eaf2c437238d004892b9/screenshot - {}
RESULT: {}
COMMAND: POST /session/ff0536b58743eaf2c437238d004892b9/element - {"using":"xpath","value":"//bdi[contains(text(), \"OK\")]"}
RESULT: {"using":"xpath","value":"//bdi[contains(text(), \"OK\")]"}
COMMAND: POST /session/ff0536b58743eaf2c437238d004892b9/element/f.BB3617BF1549F1B1531810C266B34E3A.d.48BED7A6A50DF2C906235586E860262C.e.5684/click - {}
RESULT: {}
COMMAND: GET /session/ff0536b58743eaf2c437238d004892b9/screenshot - {}
RESULT: {}
COMMAND: POST /session/ff0536b58743eaf2c437238d004892b9/element - {"using":"xpath","value":"//bdi[contains(text(), \"Issue\")]"}
RESULT: {"using":"xpath","value":"//bdi[contains(text(), \"Issue\")]"}
COMMAND: POST /session/ff0536b58743eaf2c437238d004892b9/element/f.BB3617BF1549F1B1531810C266B34E3A.d.48BED7A6A50DF2C906235586E860262C.e.5685/click - {}
RESULT: {}
COMMAND: GET /session/ff0536b58743eaf2c437238d004892b9/screenshot - {}
RESULT: {}
COMMAND: POST /session/ff0536b58743eaf2c437238d004892b9/element - {"using":"css selector","value":"#shell-header-logo"}
RESULT: {"using":"css selector","value":"#shell-header-logo"}
COMMAND: POST /session/ff0536b58743eaf2c437238d004892b9/element/f.BB3617BF1549F1B1531810C266B34E3A.d.48BED7A6A50DF2C906235586E860262C.e.4700/click - {}
RESULT: {}
COMMAND: GET /session/ff0536b58743eaf2c437238d004892b9/screenshot - {}
RESULT: {}
]]></system-out>
    </testcase>
    <testcase classname="chrome.136_0_7103_93.windows.Billing_confirm_US117289" name="Should trigger calculation" time="73.665">
      <system-out><![CDATA[
COMMAND: POST /session/ff0536b58743eaf2c437238d004892b9/execute/async - {"script":"<script> [1562 bytes]","args":[{"selector":{"controlType":"sap.m.GenericTile","properties":{"header":"Manage Billings"}},"wdio_ui5_key":"sapm.GenericTile{\"header\":\"Manage Billings\"}"}]}
RESULT: {"script":"<script> [1562 bytes]","args":[{"selector":{"controlType":"sap.m.GenericTile","properties":{"header":"Manage Billings"}},"wdio_ui5_key":"sapm.GenericTile{\"header\":\"Manage Billings\"}"}]}
RESULT: undefined
COMMAND: POST /session/ff0536b58743eaf2c437238d004892b9/element - {"using":"xpath","value":"//*[@id=\"__tile51\"]"}
RESULT: {"using":"xpath","value":"//*[@id=\"__tile51\"]"}
COMMAND: POST /session/ff0536b58743eaf2c437238d004892b9/element/f.BB3617BF1549F1B1531810C266B34E3A.d.48BED7A6A50DF2C906235586E860262C.e.200/click - {}
RESULT: {}
COMMAND: GET /session/ff0536b58743eaf2c437238d004892b9/screenshot - {}
RESULT: {}
COMMAND: POST /session/ff0536b58743eaf2c437238d004892b9/elements - {"using":"xpath","value":"//span[text()='Error']"}
RESULT: {"using":"xpath","value":"//span[text()='Error']"}
COMMAND: POST /session/ff0536b58743eaf2c437238d004892b9/execute/async - {"script":"<script> [1562 bytes]","args":[{"selector":{"id":"application-managebillings-display-component---billRunCalcResult--smartFilterBar-btnBasicSearch","interaction":{"idSuffix":"I"}},"wdio_ui5_key":"applicationmanagebillings-display-component---billRunCalcResult--smartFilterBar-btnBasicSearch"}]}
RESULT: {"script":"<script> [1562 bytes]","args":[{"selector":{"id":"application-managebillings-display-component---billRunCalcResult--smartFilterBar-btnBasicSearch","interaction":{"idSuffix":"I"}},"wdio_ui5_key":"applicationmanagebillings-display-component---billRunCalcResult--smartFilterBar-btnBasicSearch"}]}
RESULT: undefined
COMMAND: POST /session/ff0536b58743eaf2c437238d004892b9/execute/async - {"script":"<script> [776 bytes]","args":[{"enterText":"10267","selector":{"id":"application-managebillings-display-component---billRunCalcResult--smartFilterBar-btnBasicSearch","interaction":{"idSuffix":"I"}},"clearTextFirst":true,"interactionType":"ENTER_TEXT"}]}
RESULT: {"script":"<script> [776 bytes]","args":[{"enterText":"10267","selector":{"id":"application-managebillings-display-component---billRunCalcResult--smartFilterBar-btnBasicSearch","interaction":{"idSuffix":"I"}},"clearTextFirst":true,"interactionType":"ENTER_TEXT"}]}
COMMAND: POST /session/ff0536b58743eaf2c437238d004892b9/actions - {"actions":[{"id":"action19","type":"key","parameters":{},"actions":[{"type":"keyDown","value":"î€‡"},{"type":"pause","duration":10},{"type":"keyUp","value":"î€‡"}]}]}
RESULT: {"actions":[{"id":"action19","type":"key","parameters":{},"actions":[{"type":"keyDown","value":"î€‡"},{"type":"pause","duration":10},{"type":"keyUp","value":"î€‡"}]}]}
COMMAND: GET /session/ff0536b58743eaf2c437238d004892b9/screenshot - {}
RESULT: {}
COMMAND: POST /session/ff0536b58743eaf2c437238d004892b9/element - {"using":"xpath","value":"//td[@aria-colindex=\"1\"]/div/div[contains(@class, \"sapMCbBg\")]"}
RESULT: {"using":"xpath","value":"//td[@aria-colindex=\"1\"]/div/div[contains(@class, \"sapMCbBg\")]"}
COMMAND: POST /session/ff0536b58743eaf2c437238d004892b9/element/f.BB3617BF1549F1B1531810C266B34E3A.d.48BED7A6A50DF2C906235586E860262C.e.6200/click - {}
RESULT: {}
COMMAND: GET /session/ff0536b58743eaf2c437238d004892b9/screenshot - {}
RESULT: {}
COMMAND: POST /session/ff0536b58743eaf2c437238d004892b9/execute/async - {"script":"<script> [1562 bytes]","args":[{"selector":{"id":"application-managebillings-display-component---billRunCalcResult--contractBillRunDate","interaction":{"idSuffix":"inner"}},"wdio_ui5_key":"applicationmanagebillings-display-component---billRunCalcResult--contractBillRunDate"}]}
RESULT: {"script":"<script> [1562 bytes]","args":[{"selector":{"id":"application-managebillings-display-component---billRunCalcResult--contractBillRunDate","interaction":{"idSuffix":"inner"}},"wdio_ui5_key":"applicationmanagebillings-display-component---billRunCalcResult--contractBillRunDate"}]}
RESULT: undefined
COMMAND: POST /session/ff0536b58743eaf2c437238d004892b9/execute/async - {"script":"<script> [776 bytes]","args":[{"enterText":"6/15/25","selector":{"id":"application-managebillings-display-component---billRunCalcResult--contractBillRunDate","interaction":{"idSuffix":"inner"}},"clearTextFirst":true,"interactionType":"ENTER_TEXT"}]}
RESULT: {"script":"<script> [776 bytes]","args":[{"enterText":"6/15/25","selector":{"id":"application-managebillings-display-component---billRunCalcResult--contractBillRunDate","interaction":{"idSuffix":"inner"}},"clearTextFirst":true,"interactionType":"ENTER_TEXT"}]}
COMMAND: POST /session/ff0536b58743eaf2c437238d004892b9/element - {"using":"xpath","value":"//bdi[contains(text(), \"Trigger Calculation\")]"}
RESULT: {"using":"xpath","value":"//bdi[contains(text(), \"Trigger Calculation\")]"}
COMMAND: POST /session/ff0536b58743eaf2c437238d004892b9/element/f.BB3617BF1549F1B1531810C266B34E3A.d.48BED7A6A50DF2C906235586E860262C.e.6220/click - {}
RESULT: {}
COMMAND: GET /session/ff0536b58743eaf2c437238d004892b9/screenshot - {}
RESULT: {}
COMMAND: POST /session/ff0536b58743eaf2c437238d004892b9/element - {"using":"xpath","value":"(//span[contains(@id, \"imgNav\")])[1]"}
RESULT: {"using":"xpath","value":"(//span[contains(@id, \"imgNav\")])[1]"}
COMMAND: POST /session/ff0536b58743eaf2c437238d004892b9/element/f.BB3617BF1549F1B1531810C266B34E3A.d.48BED7A6A50DF2C906235586E860262C.e.6214/click - {}
RESULT: {}
COMMAND: GET /session/ff0536b58743eaf2c437238d004892b9/screenshot - {}
RESULT: {}
COMMAND: POST /session/ff0536b58743eaf2c437238d004892b9/element - {"using":"xpath","value":"//tr/td[6]/div[1]/span[1]/span[1]"}
RESULT: {"using":"xpath","value":"//tr/td[6]/div[1]/span[1]/span[1]"}
COMMAND: GET /session/ff0536b58743eaf2c437238d004892b9/element/f.BB3617BF1549F1B1531810C266B34E3A.d.48BED7A6A50DF2C906235586E860262C.e.6224/text - {}
RESULT: {}
COMMAND: POST /session/ff0536b58743eaf2c437238d004892b9/element - {"using":"xpath","value":"(//span[contains(@id, \"imgNav\")])[2]"}
RESULT: {"using":"xpath","value":"(//span[contains(@id, \"imgNav\")])[2]"}
COMMAND: POST /session/ff0536b58743eaf2c437238d004892b9/element/f.BB3617BF1549F1B1531810C266B34E3A.d.48BED7A6A50DF2C906235586E860262C.e.6225/click - {}
RESULT: {}
COMMAND: GET /session/ff0536b58743eaf2c437238d004892b9/screenshot - {}
RESULT: {}
COMMAND: POST /session/ff0536b58743eaf2c437238d004892b9/element - {"using":"xpath","value":"//bdi[contains(text(), \"Business Confirm\")]"}
RESULT: {"using":"xpath","value":"//bdi[contains(text(), \"Business Confirm\")]"}
COMMAND: POST /session/ff0536b58743eaf2c437238d004892b9/element/f.BB3617BF1549F1B1531810C266B34E3A.d.48BED7A6A50DF2C906235586E860262C.e.6298/click - {}
RESULT: {}
COMMAND: GET /session/ff0536b58743eaf2c437238d004892b9/screenshot - {}
RESULT: {}
COMMAND: POST /session/ff0536b58743eaf2c437238d004892b9/element - {"using":"xpath","value":"//bdi[contains(text(), \"Business Confirmed\")]"}
RESULT: {"using":"xpath","value":"//bdi[contains(text(), \"Business Confirmed\")]"}
COMMAND: POST /session/ff0536b58743eaf2c437238d004892b9/execute/sync - {"script":"<script> [56 bytes]","args":[{"element-6066-11e4-a52e-4f735466cecf":"f.BB3617BF1549F1B1531810C266B34E3A.d.48BED7A6A50DF2C906235586E860262C.e.6298","ELEMENT":"f.BB3617BF1549F1B1531810C266B34E3A.d.48BED7A6A50DF2C906235586E860262C.e.6298"}]}
RESULT: {"script":"<script> [56 bytes]","args":[{"element-6066-11e4-a52e-4f735466cecf":"f.BB3617BF1549F1B1531810C266B34E3A.d.48BED7A6A50DF2C906235586E860262C.e.6298","ELEMENT":"f.BB3617BF1549F1B1531810C266B34E3A.d.48BED7A6A50DF2C906235586E860262C.e.6298"}]}
COMMAND: POST /session/ff0536b58743eaf2c437238d004892b9/element - {"using":"css selector","value":"#shell-header-logo"}
COMMAND: GET /session/ff0536b58743eaf2c437238d004892b9/screenshot - {}
RESULT: {"using":"css selector","value":"#shell-header-logo"}
COMMAND: POST /session/ff0536b58743eaf2c437238d004892b9/element/f.BB3617BF1549F1B1531810C266B34E3A.d.48BED7A6A50DF2C906235586E860262C.e.5865/click - {}
RESULT: {}
RESULT: {}
COMMAND: GET /session/ff0536b58743eaf2c437238d004892b9/screenshot - {}
RESULT: {}
COMMAND: POST /session/ff0536b58743eaf2c437238d004892b9/element - {"using":"css selector","value":"#j_username"}
COMMAND: POST /session/ff0536b58743eaf2c437238d004892b9/url - {"url":"https://qa-testing-00-live-etm-ui.cfapps.eu10-004.hana.ondemand.com/"}
RESULT: {"using":"css selector","value":"#j_username"}
COMMAND: POST /session/ff0536b58743eaf2c437238d004892b9/element - {"using":"css selector","value":"#j_username"}
RESULT: {"url":"https://qa-testing-00-live-etm-ui.cfapps.eu10-004.hana.ondemand.com/"}
RESULT: undefined
COMMAND: GET /session/ff0536b58743eaf2c437238d004892b9/screenshot - {}
RESULT: {"using":"css selector","value":"#j_username"}
COMMAND: POST /session/ff0536b58743eaf2c437238d004892b9/element - {"using":"css selector","value":"#shell-header-logo"}
RESULT: {}
RESULT: {"using":"css selector","value":"#shell-header-logo"}
COMMAND: POST /session/ff0536b58743eaf2c437238d004892b9/execute/sync - {"script":"<script> [8489 bytes]","args":[{"element-6066-11e4-a52e-4f735466cecf":"f.BB3617BF1549F1B1531810C266B34E3A.d.4A5D28F597D92DD3BCAC0AA7980F5193.e.6310","ELEMENT":"f.BB3617BF1549F1B1531810C266B34E3A.d.4A5D28F597D92DD3BCAC0AA7980F5193.e.6310"}]}
RESULT: {"script":"<script> [8489 bytes]","args":[{"element-6066-11e4-a52e-4f735466cecf":"f.BB3617BF1549F1B1531810C266B34E3A.d.4A5D28F597D92DD3BCAC0AA7980F5193.e.6310","ELEMENT":"f.BB3617BF1549F1B1531810C266B34E3A.d.4A5D28F597D92DD3BCAC0AA7980F5193.e.6310"}]}
COMMAND: POST /session/ff0536b58743eaf2c437238d004892b9/element - {"using":"css selector","value":"#shell-header-logo"}
COMMAND: GET /session/ff0536b58743eaf2c437238d004892b9/screenshot - {}
RESULT: {"using":"css selector","value":"#shell-header-logo"}
COMMAND: POST /session/ff0536b58743eaf2c437238d004892b9/execute/sync - {"script":"<script> [8489 bytes]","args":[{"element-6066-11e4-a52e-4f735466cecf":"f.BB3617BF1549F1B1531810C266B34E3A.d.4A5D28F597D92DD3BCAC0AA7980F5193.e.6310","ELEMENT":"f.BB3617BF1549F1B1531810C266B34E3A.d.4A5D28F597D92DD3BCAC0AA7980F5193.e.6310"}]}
RESULT: {}
RESULT: {"script":"<script> [8489 bytes]","args":[{"element-6066-11e4-a52e-4f735466cecf":"f.BB3617BF1549F1B1531810C266B34E3A.d.4A5D28F597D92DD3BCAC0AA7980F5193.e.6310","ELEMENT":"f.BB3617BF1549F1B1531810C266B34E3A.d.4A5D28F597D92DD3BCAC0AA7980F5193.e.6310"}]}
COMMAND: POST /session/ff0536b58743eaf2c437238d004892b9/execute/sync - {"script":"<script> [5351 bytes]","args":[{"element-6066-11e4-a52e-4f735466cecf":"f.BB3617BF1549F1B1531810C266B34E3A.d.4A5D28F597D92DD3BCAC0AA7980F5193.e.6310","ELEMENT":"f.BB3617BF1549F1B1531810C266B34E3A.d.4A5D28F597D92DD3BCAC0AA7980F5193.e.6310"}]}
COMMAND: GET /session/ff0536b58743eaf2c437238d004892b9/screenshot - {}
RESULT: {"script":"<script> [5351 bytes]","args":[{"element-6066-11e4-a52e-4f735466cecf":"f.BB3617BF1549F1B1531810C266B34E3A.d.4A5D28F597D92DD3BCAC0AA7980F5193.e.6310","ELEMENT":"f.BB3617BF1549F1B1531810C266B34E3A.d.4A5D28F597D92DD3BCAC0AA7980F5193.e.6310"}]}
COMMAND: POST /session/ff0536b58743eaf2c437238d004892b9/element - {"using":"css selector","value":"#shell-header-logo"}
COMMAND: GET /session/ff0536b58743eaf2c437238d004892b9/screenshot - {}
RESULT: {}
RESULT: {"using":"css selector","value":"#shell-header-logo"}
COMMAND: POST /session/ff0536b58743eaf2c437238d004892b9/element/f.BB3617BF1549F1B1531810C266B34E3A.d.4A5D28F597D92DD3BCAC0AA7980F5193.e.6310/click - {}
RESULT: {}
RESULT: {}
COMMAND: GET /session/ff0536b58743eaf2c437238d004892b9/screenshot - {}
RESULT: {}
COMMAND: POST /session/ff0536b58743eaf2c437238d004892b9/execute/async - {"script":"<script> [189 bytes]","args":[]}
RESULT: {"script":"<script> [189 bytes]","args":[]}
COMMAND: POST /session/ff0536b58743eaf2c437238d004892b9/execute/async - {"script":"<script> [123 bytes]","args":[]}
RESULT: {"script":"<script> [123 bytes]","args":[]}
COMMAND: POST /session/ff0536b58743eaf2c437238d004892b9/timeouts - {"script":"<number>"}
RESULT: {"script":"<number>"}
COMMAND: GET /session/ff0536b58743eaf2c437238d004892b9/timeouts - {}
RESULT: {}
RESULT: undefined
COMMAND: POST /session/ff0536b58743eaf2c437238d004892b9/execute/async - {"script":"<script> [2676 bytes]","args":[]}
RESULT: {"script":"<script> [2676 bytes]","args":[]}
COMMAND: POST /session/ff0536b58743eaf2c437238d004892b9/execute/async - {"script":"<script> [2342 bytes]","args":[{"protocol":"http","hostname":"0.0.0.0","path":"/","capabilities":{"browserName":"chrome","goog:chromeOptions":{"binary":"C:\\Program Files\\Google\\Chrome\\Application\\chrome.exe","args":["--start-maximized"]}},"logLevel":"warn","connectionRetryTimeout":120000,"connectionRetryCount":3,"logLevels":{},"enableDirectConnect":true,"strictSSL":true,"_":"65 more keys: [\"cacheDir\",\"port\",\"requestedCapabilities\",\"automationProtocol\",\"baseUrl\",\"waitforInterval\",\"waitforTimeout\",\"onReload\",\"beforeCommand\",\"afterCommand\",\"rootDir\",\"specs\",\"suites\",\"exclude\",\"groupLogsByTestSpec\",\"excludeDriverLogs\",\"bail\",\"framework\",\"reporters\",\"services\",\"maxInstances\",\"maxInstancesPerCapability\",\"injectGlobals\",\"filesToWatch\",\"execArgv\",\"runnerEnv\",\"runner\",\"shard\",\"specFileRetries\",\"specFileRetriesDelay\",\"specFileRetriesDeferred\",\"reporterSyncInterval\",\"reporterSyncTimeout\",\"cucumberFeaturesWithLineNumbers\",\"autoCompileOpts\",\"mochaOpts\",\"jasmineOpts\",\"cucumberOpts\",\"onPrepare\",\"onWorkerStart\",\"onWorkerEnd\",\"before\",\"beforeSession\",\"beforeSuite\",\"beforeHook\",\"beforeTest\",\"afterTest\",\"afterHook\",\"afterSuite\",\"afterSession\",\"after\",\"onComplete\",\"beforeAssertion\",\"afterAssertion\",\"beforeFeature\",\"beforeScenario\",\"beforeStep\",\"afterStep\",\"afterScenario\",\"afterFeature\",\"_\",\"suite\",\"$0\",\"ignoredWorkerServices\",\"wdi5\"]"}]}
RESULT: {"script":"<script> [2342 bytes]","args":[{"protocol":"http","hostname":"0.0.0.0","path":"/","capabilities":{"browserName":"chrome","goog:chromeOptions":{"binary":"C:\\Program Files\\Google\\Chrome\\Application\\chrome.exe","args":["--start-maximized"]}},"logLevel":"warn","connectionRetryTimeout":120000,"connectionRetryCount":3,"logLevels":{},"enableDirectConnect":true,"strictSSL":true,"_":"65 more keys: [\"cacheDir\",\"port\",\"requestedCapabilities\",\"automationProtocol\",\"baseUrl\",\"waitforInterval\",\"waitforTimeout\",\"onReload\",\"beforeCommand\",\"afterCommand\",\"rootDir\",\"specs\",\"suites\",\"exclude\",\"groupLogsByTestSpec\",\"excludeDriverLogs\",\"bail\",\"framework\",\"reporters\",\"services\",\"maxInstances\",\"maxInstancesPerCapability\",\"injectGlobals\",\"filesToWatch\",\"execArgv\",\"runnerEnv\",\"runner\",\"shard\",\"specFileRetries\",\"specFileRetriesDelay\",\"specFileRetriesDeferred\",\"reporterSyncInterval\",\"reporterSyncTimeout\",\"cucumberFeaturesWithLineNumbers\",\"autoCompileOpts\",\"mochaOpts\",\"jasmineOpts\",\"cucumberOpts\",\"onPrepare\",\"onWorkerStart\",\"onWorkerEnd\",\"before\",\"beforeSession\",\"beforeSuite\",\"beforeHook\",\"beforeTest\",\"afterTest\",\"afterHook\",\"afterSuite\",\"afterSession\",\"after\",\"onComplete\",\"beforeAssertion\",\"afterAssertion\",\"beforeFeature\",\"beforeScenario\",\"beforeStep\",\"afterStep\",\"afterScenario\",\"afterFeature\",\"_\",\"suite\",\"$0\",\"ignoredWorkerServices\",\"wdi5\"]"}]}
COMMAND: POST /session/ff0536b58743eaf2c437238d004892b9/execute/async - {"script":"<script> [21126 bytes]","args":[35000]}
RESULT: {"script":"<script> [21126 bytes]","args":[35000]}
COMMAND: POST /session/ff0536b58743eaf2c437238d004892b9/window/maximize - {}
RESULT: {}
COMMAND: POST /session/ff0536b58743eaf2c437238d004892b9/execute/async - {"script":"<script> [1562 bytes]","args":[{"selector":{"id":"shell-header","interaction":{"idSuffix":"icon"}},"wdio_ui5_key":"shellheader"}]}
COMMAND: GET /session/ff0536b58743eaf2c437238d004892b9/screenshot - {}
RESULT: {"script":"<script> [1562 bytes]","args":[{"selector":{"id":"shell-header","interaction":{"idSuffix":"icon"}},"wdio_ui5_key":"shellheader"}]}
RESULT: undefined
COMMAND: POST /session/ff0536b58743eaf2c437238d004892b9/refresh - {}
RESULT: {}
RESULT: {}
COMMAND: GET /session/ff0536b58743eaf2c437238d004892b9/screenshot - {}
RESULT: {}
COMMAND: POST /session/ff0536b58743eaf2c437238d004892b9/refresh - {}
RESULT: {}
COMMAND: GET /session/ff0536b58743eaf2c437238d004892b9/screenshot - {}
RESULT: {}
COMMAND: POST /session/ff0536b58743eaf2c437238d004892b9/window/fullscreen - {}
RESULT: {}
COMMAND: POST /session/ff0536b58743eaf2c437238d004892b9/execute/async - {"script":"<script> [189 bytes]","args":[]}
RESULT: {"script":"<script> [189 bytes]","args":[]}
COMMAND: POST /session/ff0536b58743eaf2c437238d004892b9/execute/async - {"script":"<script> [123 bytes]","args":[]}
RESULT: {"script":"<script> [123 bytes]","args":[]}
COMMAND: POST /session/ff0536b58743eaf2c437238d004892b9/timeouts - {"script":"<number>"}
RESULT: {"script":"<number>"}
COMMAND: GET /session/ff0536b58743eaf2c437238d004892b9/timeouts - {}
RESULT: {}
RESULT: undefined
COMMAND: POST /session/ff0536b58743eaf2c437238d004892b9/execute/async - {"script":"<script> [2676 bytes]","args":[]}
RESULT: {"script":"<script> [2676 bytes]","args":[]}
COMMAND: POST /session/ff0536b58743eaf2c437238d004892b9/execute/async - {"script":"<script> [2342 bytes]","args":[{"protocol":"http","hostname":"0.0.0.0","path":"/","capabilities":{"browserName":"chrome","goog:chromeOptions":{"binary":"C:\\Program Files\\Google\\Chrome\\Application\\chrome.exe","args":["--start-maximized"]}},"logLevel":"warn","connectionRetryTimeout":120000,"connectionRetryCount":3,"logLevels":{},"enableDirectConnect":true,"strictSSL":true,"_":"65 more keys: [\"cacheDir\",\"port\",\"requestedCapabilities\",\"automationProtocol\",\"baseUrl\",\"waitforInterval\",\"waitforTimeout\",\"onReload\",\"beforeCommand\",\"afterCommand\",\"rootDir\",\"specs\",\"suites\",\"exclude\",\"groupLogsByTestSpec\",\"excludeDriverLogs\",\"bail\",\"framework\",\"reporters\",\"services\",\"maxInstances\",\"maxInstancesPerCapability\",\"injectGlobals\",\"filesToWatch\",\"execArgv\",\"runnerEnv\",\"runner\",\"shard\",\"specFileRetries\",\"specFileRetriesDelay\",\"specFileRetriesDeferred\",\"reporterSyncInterval\",\"reporterSyncTimeout\",\"cucumberFeaturesWithLineNumbers\",\"autoCompileOpts\",\"mochaOpts\",\"jasmineOpts\",\"cucumberOpts\",\"onPrepare\",\"onWorkerStart\",\"onWorkerEnd\",\"before\",\"beforeSession\",\"beforeSuite\",\"beforeHook\",\"beforeTest\",\"afterTest\",\"afterHook\",\"afterSuite\",\"afterSession\",\"after\",\"onComplete\",\"beforeAssertion\",\"afterAssertion\",\"beforeFeature\",\"beforeScenario\",\"beforeStep\",\"afterStep\",\"afterScenario\",\"afterFeature\",\"_\",\"suite\",\"$0\",\"ignoredWorkerServices\",\"wdi5\"]"}]}
RESULT: {"script":"<script> [2342 bytes]","args":[{"protocol":"http","hostname":"0.0.0.0","path":"/","capabilities":{"browserName":"chrome","goog:chromeOptions":{"binary":"C:\\Program Files\\Google\\Chrome\\Application\\chrome.exe","args":["--start-maximized"]}},"logLevel":"warn","connectionRetryTimeout":120000,"connectionRetryCount":3,"logLevels":{},"enableDirectConnect":true,"strictSSL":true,"_":"65 more keys: [\"cacheDir\",\"port\",\"requestedCapabilities\",\"automationProtocol\",\"baseUrl\",\"waitforInterval\",\"waitforTimeout\",\"onReload\",\"beforeCommand\",\"afterCommand\",\"rootDir\",\"specs\",\"suites\",\"exclude\",\"groupLogsByTestSpec\",\"excludeDriverLogs\",\"bail\",\"framework\",\"reporters\",\"services\",\"maxInstances\",\"maxInstancesPerCapability\",\"injectGlobals\",\"filesToWatch\",\"execArgv\",\"runnerEnv\",\"runner\",\"shard\",\"specFileRetries\",\"specFileRetriesDelay\",\"specFileRetriesDeferred\",\"reporterSyncInterval\",\"reporterSyncTimeout\",\"cucumberFeaturesWithLineNumbers\",\"autoCompileOpts\",\"mochaOpts\",\"jasmineOpts\",\"cucumberOpts\",\"onPrepare\",\"onWorkerStart\",\"onWorkerEnd\",\"before\",\"beforeSession\",\"beforeSuite\",\"beforeHook\",\"beforeTest\",\"afterTest\",\"afterHook\",\"afterSuite\",\"afterSession\",\"after\",\"onComplete\",\"beforeAssertion\",\"afterAssertion\",\"beforeFeature\",\"beforeScenario\",\"beforeStep\",\"afterStep\",\"afterScenario\",\"afterFeature\",\"_\",\"suite\",\"$0\",\"ignoredWorkerServices\",\"wdi5\"]"}]}
COMMAND: POST /session/ff0536b58743eaf2c437238d004892b9/execute/async - {"script":"<script> [21126 bytes]","args":[35000]}
RESULT: {"script":"<script> [21126 bytes]","args":[35000]}
]]></system-out>
    </testcase>
  </testsuite>
  <testsuite timestamp="2025-05-15T17:29:14" time="1251.905" tests="14" failures="0" errors="0" skipped="0">
    <properties>
      <property name="specId" value="0" />
      <property name="suiteName" value="Create master data for mixed billing &amp; do billing calculation US151661" />
      <property name="capabilities" value="chrome.136_0_7103_93.windows" />
      <property name="file" value="file:///D:/a/1/s/test/specs/BTS/billing-calculation-mixed.spec.js" />
    </properties>
    <testcase classname="chrome.136_0_7103_93.windows.Create_master_data_for_mixed_billing_&amp;_do_billing_calculation_US151661" name="Should create a new yard" time="119.287">
      <system-out><![CDATA[
COMMAND: POST /session/ff0536b58743eaf2c437238d004892b9/window/fullscreen - {}
RESULT: {}
COMMAND: POST /session/ff0536b58743eaf2c437238d004892b9/execute/async - {"script":"<script> [1562 bytes]","args":[{"selector":{"controlType":"sap.m.GenericTile","properties":{"header":"Manage Yards"}},"wdio_ui5_key":"sapm.GenericTile{\"header\":\"Manage Yards\"}"}]}
RESULT: {"script":"<script> [1562 bytes]","args":[{"selector":{"controlType":"sap.m.GenericTile","properties":{"header":"Manage Yards"}},"wdio_ui5_key":"sapm.GenericTile{\"header\":\"Manage Yards\"}"}]}
RESULT: undefined
COMMAND: POST /session/ff0536b58743eaf2c437238d004892b9/element - {"using":"xpath","value":"//*[@id=\"__tile41\"]"}
RESULT: {"using":"xpath","value":"//*[@id=\"__tile41\"]"}
COMMAND: POST /session/ff0536b58743eaf2c437238d004892b9/element/f.BB3617BF1549F1B1531810C266B34E3A.d.6DD3A750EF12F8AFE83C709535CA1848.e.6481/click - {}
RESULT: {}
COMMAND: GET /session/ff0536b58743eaf2c437238d004892b9/screenshot - {}
RESULT: {}
COMMAND: POST /session/ff0536b58743eaf2c437238d004892b9/elements - {"using":"xpath","value":"//span[text()='Error']"}
RESULT: {"using":"xpath","value":"//span[text()='Error']"}
COMMAND: POST /session/ff0536b58743eaf2c437238d004892b9/element - {"using":"xpath","value":"//button[@data-kt=\"addNewYardOverflowToolbarButton\"]"}
RESULT: {"using":"xpath","value":"//button[@data-kt=\"addNewYardOverflowToolbarButton\"]"}
COMMAND: POST /session/ff0536b58743eaf2c437238d004892b9/elements - {"using":"xpath","value":"//button[@data-kt=\"addNewYardOverflowToolbarButton\"]"}
RESULT: {"using":"xpath","value":"//button[@data-kt=\"addNewYardOverflowToolbarButton\"]"}
COMMAND: POST /session/ff0536b58743eaf2c437238d004892b9/elements - {"using":"xpath","value":"//button[@data-kt=\"addNewYardOverflowToolbarButton\"]"}
RESULT: {"using":"xpath","value":"//button[@data-kt=\"addNewYardOverflowToolbarButton\"]"}
COMMAND: POST /session/ff0536b58743eaf2c437238d004892b9/elements - {"using":"xpath","value":"//button[@data-kt=\"addNewYardOverflowToolbarButton\"]"}
RESULT: {"using":"xpath","value":"//button[@data-kt=\"addNewYardOverflowToolbarButton\"]"}
COMMAND: POST /session/ff0536b58743eaf2c437238d004892b9/elements - {"using":"xpath","value":"//button[@data-kt=\"addNewYardOverflowToolbarButton\"]"}
RESULT: {"using":"xpath","value":"//button[@data-kt=\"addNewYardOverflowToolbarButton\"]"}
COMMAND: POST /session/ff0536b58743eaf2c437238d004892b9/elements - {"using":"xpath","value":"//button[@data-kt=\"addNewYardOverflowToolbarButton\"]"}
RESULT: {"using":"xpath","value":"//button[@data-kt=\"addNewYardOverflowToolbarButton\"]"}
COMMAND: POST /session/ff0536b58743eaf2c437238d004892b9/elements - {"using":"xpath","value":"//button[@data-kt=\"addNewYardOverflowToolbarButton\"]"}
RESULT: {"using":"xpath","value":"//button[@data-kt=\"addNewYardOverflowToolbarButton\"]"}
COMMAND: POST /session/ff0536b58743eaf2c437238d004892b9/elements - {"using":"xpath","value":"//button[@data-kt=\"addNewYardOverflowToolbarButton\"]"}
RESULT: {"using":"xpath","value":"//button[@data-kt=\"addNewYardOverflowToolbarButton\"]"}
COMMAND: POST /session/ff0536b58743eaf2c437238d004892b9/elements - {"using":"xpath","value":"//button[@data-kt=\"addNewYardOverflowToolbarButton\"]"}
RESULT: {"using":"xpath","value":"//button[@data-kt=\"addNewYardOverflowToolbarButton\"]"}
COMMAND: POST /session/ff0536b58743eaf2c437238d004892b9/elements - {"using":"xpath","value":"//button[@data-kt=\"addNewYardOverflowToolbarButton\"]"}
RESULT: {"using":"xpath","value":"//button[@data-kt=\"addNewYardOverflowToolbarButton\"]"}
COMMAND: POST /session/ff0536b58743eaf2c437238d004892b9/elements - {"using":"xpath","value":"//button[@data-kt=\"addNewYardOverflowToolbarButton\"]"}
RESULT: {"using":"xpath","value":"//button[@data-kt=\"addNewYardOverflowToolbarButton\"]"}
COMMAND: POST /session/ff0536b58743eaf2c437238d004892b9/elements - {"using":"xpath","value":"//button[@data-kt=\"addNewYardOverflowToolbarButton\"]"}
RESULT: {"using":"xpath","value":"//button[@data-kt=\"addNewYardOverflowToolbarButton\"]"}
COMMAND: POST /session/ff0536b58743eaf2c437238d004892b9/elements - {"using":"xpath","value":"//button[@data-kt=\"addNewYardOverflowToolbarButton\"]"}
RESULT: {"using":"xpath","value":"//button[@data-kt=\"addNewYardOverflowToolbarButton\"]"}
COMMAND: POST /session/ff0536b58743eaf2c437238d004892b9/elements - {"using":"xpath","value":"//button[@data-kt=\"addNewYardOverflowToolbarButton\"]"}
RESULT: {"using":"xpath","value":"//button[@data-kt=\"addNewYardOverflowToolbarButton\"]"}
COMMAND: POST /session/ff0536b58743eaf2c437238d004892b9/elements - {"using":"xpath","value":"//button[@data-kt=\"addNewYardOverflowToolbarButton\"]"}
RESULT: {"using":"xpath","value":"//button[@data-kt=\"addNewYardOverflowToolbarButton\"]"}
COMMAND: POST /session/ff0536b58743eaf2c437238d004892b9/element - {"using":"xpath","value":"//button[@data-kt=\"addNewYardOverflowToolbarButton\"]"}
RESULT: {"using":"xpath","value":"//button[@data-kt=\"addNewYardOverflowToolbarButton\"]"}
COMMAND: POST /session/ff0536b58743eaf2c437238d004892b9/execute/sync - {"script":"<script> [8489 bytes]","args":[{"element-6066-11e4-a52e-4f735466cecf":"f.BB3617BF1549F1B1531810C266B34E3A.d.6DD3A750EF12F8AFE83C709535CA1848.e.6611","ELEMENT":"f.BB3617BF1549F1B1531810C266B34E3A.d.6DD3A750EF12F8AFE83C709535CA1848.e.6611"}]}
RESULT: {"script":"<script> [8489 bytes]","args":[{"element-6066-11e4-a52e-4f735466cecf":"f.BB3617BF1549F1B1531810C266B34E3A.d.6DD3A750EF12F8AFE83C709535CA1848.e.6611","ELEMENT":"f.BB3617BF1549F1B1531810C266B34E3A.d.6DD3A750EF12F8AFE83C709535CA1848.e.6611"}]}
COMMAND: GET /session/ff0536b58743eaf2c437238d004892b9/element/f.BB3617BF1549F1B1531810C266B34E3A.d.6DD3A750EF12F8AFE83C709535CA1848.e.6611/enabled - {}
COMMAND: GET /session/ff0536b58743eaf2c437238d004892b9/screenshot - {}
RESULT: {}
COMMAND: POST /session/ff0536b58743eaf2c437238d004892b9/execute/sync - {"script":"<script> [8489 bytes]","args":[{"element-6066-11e4-a52e-4f735466cecf":"f.BB3617BF1549F1B1531810C266B34E3A.d.6DD3A750EF12F8AFE83C709535CA1848.e.6611","ELEMENT":"f.BB3617BF1549F1B1531810C266B34E3A.d.6DD3A750EF12F8AFE83C709535CA1848.e.6611"}]}
COMMAND: GET /session/ff0536b58743eaf2c437238d004892b9/screenshot - {}
RESULT: {}
RESULT: {"script":"<script> [8489 bytes]","args":[{"element-6066-11e4-a52e-4f735466cecf":"f.BB3617BF1549F1B1531810C266B34E3A.d.6DD3A750EF12F8AFE83C709535CA1848.e.6611","ELEMENT":"f.BB3617BF1549F1B1531810C266B34E3A.d.6DD3A750EF12F8AFE83C709535CA1848.e.6611"}]}
COMMAND: POST /session/ff0536b58743eaf2c437238d004892b9/execute/sync - {"script":"<script> [5351 bytes]","args":[{"element-6066-11e4-a52e-4f735466cecf":"f.BB3617BF1549F1B1531810C266B34E3A.d.6DD3A750EF12F8AFE83C709535CA1848.e.6611","ELEMENT":"f.BB3617BF1549F1B1531810C266B34E3A.d.6DD3A750EF12F8AFE83C709535CA1848.e.6611"}]}
COMMAND: GET /session/ff0536b58743eaf2c437238d004892b9/screenshot - {}
RESULT: {}
RESULT: {"script":"<script> [5351 bytes]","args":[{"element-6066-11e4-a52e-4f735466cecf":"f.BB3617BF1549F1B1531810C266B34E3A.d.6DD3A750EF12F8AFE83C709535CA1848.e.6611","ELEMENT":"f.BB3617BF1549F1B1531810C266B34E3A.d.6DD3A750EF12F8AFE83C709535CA1848.e.6611"}]}
COMMAND: POST /session/ff0536b58743eaf2c437238d004892b9/element/f.BB3617BF1549F1B1531810C266B34E3A.d.6DD3A750EF12F8AFE83C709535CA1848.e.6611/click - {}
COMMAND: GET /session/ff0536b58743eaf2c437238d004892b9/screenshot - {}
RESULT: {}
RESULT: {}
COMMAND: GET /session/ff0536b58743eaf2c437238d004892b9/screenshot - {}
RESULT: {}
RESULT: {}
COMMAND: POST /session/ff0536b58743eaf2c437238d004892b9/element - {"using":"xpath","value":"//input[@id=\"application-manageyards-display-component---NewYard--yardId-inner\"]"}
RESULT: {"using":"xpath","value":"//input[@id=\"application-manageyards-display-component---NewYard--yardId-inner\"]"}
COMMAND: POST /session/ff0536b58743eaf2c437238d004892b9/element - {"using":"xpath","value":"//input[@id=\"application-manageyards-display-component---NewYard--yardId-inner\"]"}
RESULT: {"using":"xpath","value":"//input[@id=\"application-manageyards-display-component---NewYard--yardId-inner\"]"}
COMMAND: POST /session/ff0536b58743eaf2c437238d004892b9/execute/async - {"script":"<script> [1562 bytes]","args":[{"selector":{"id":"application-manageyards-display-component---NewYard--addressDetailDetailsName1","interaction":{"idSuffix":"inner"}},"wdio_ui5_key":"applicationmanageyards-display-component---NewYard--addressDetailDetailsName1"}]}
RESULT: {"script":"<script> [1562 bytes]","args":[{"selector":{"id":"application-manageyards-display-component---NewYard--addressDetailDetailsName1","interaction":{"idSuffix":"inner"}},"wdio_ui5_key":"applicationmanageyards-display-component---NewYard--addressDetailDetailsName1"}]}
RESULT: undefined
COMMAND: POST /session/ff0536b58743eaf2c437238d004892b9/execute/async - {"script":"<script> [776 bytes]","args":[{"enterText":"Intercompany Yard wdIO","selector":{"id":"application-manageyards-display-component---NewYard--addressDetailDetailsName1","interaction":{"idSuffix":"inner"}},"clearTextFirst":true,"interactionType":"ENTER_TEXT"}]}
RESULT: {"script":"<script> [776 bytes]","args":[{"enterText":"Intercompany Yard wdIO","selector":{"id":"application-manageyards-display-component---NewYard--addressDetailDetailsName1","interaction":{"idSuffix":"inner"}},"clearTextFirst":true,"interactionType":"ENTER_TEXT"}]}
COMMAND: POST /session/ff0536b58743eaf2c437238d004892b9/execute/async - {"script":"<script> [1562 bytes]","args":[{"selector":{"id":"application-manageyards-display-component---NewYard--addressDetailDetailsLanguage-arrow"},"wdio_ui5_key":"applicationmanageyards-display-component---NewYard--addressDetailDetailsLanguage-arrow"}]}
RESULT: {"script":"<script> [1562 bytes]","args":[{"selector":{"id":"application-manageyards-display-component---NewYard--addressDetailDetailsLanguage-arrow"},"wdio_ui5_key":"applicationmanageyards-display-component---NewYard--addressDetailDetailsLanguage-arrow"}]}
RESULT: undefined
COMMAND: POST /session/ff0536b58743eaf2c437238d004892b9/element - {"using":"xpath","value":"//*[@id=\"application-manageyards-display-component---NewYard--addressDetailDetailsLanguage-arrow\"]"}
RESULT: {"using":"xpath","value":"//*[@id=\"application-manageyards-display-component---NewYard--addressDetailDetailsLanguage-arrow\"]"}
COMMAND: POST /session/ff0536b58743eaf2c437238d004892b9/element/f.BB3617BF1549F1B1531810C266B34E3A.d.6DD3A750EF12F8AFE83C709535CA1848.e.7050/click - {}
RESULT: {}
COMMAND: POST /session/ff0536b58743eaf2c437238d004892b9/element - {"using":"xpath","value":"//span[contains(text(), \"English\")]"}
COMMAND: GET /session/ff0536b58743eaf2c437238d004892b9/screenshot - {}
RESULT: {"using":"xpath","value":"//span[contains(text(), \"English\")]"}
COMMAND: POST /session/ff0536b58743eaf2c437238d004892b9/element/f.BB3617BF1549F1B1531810C266B34E3A.d.6DD3A750EF12F8AFE83C709535CA1848.e.7051/click - {}
RESULT: {}
RESULT: {}
COMMAND: POST /session/ff0536b58743eaf2c437238d004892b9/execute/async - {"script":"<script> [1562 bytes]","args":[{"selector":{"id":"application-manageyards-display-component---NewYard--addressDetailDetailsCity1","interaction":{"idSuffix":"inner"}},"wdio_ui5_key":"applicationmanageyards-display-component---NewYard--addressDetailDetailsCity1"}]}
COMMAND: GET /session/ff0536b58743eaf2c437238d004892b9/screenshot - {}
RESULT: {"script":"<script> [1562 bytes]","args":[{"selector":{"id":"application-manageyards-display-component---NewYard--addressDetailDetailsCity1","interaction":{"idSuffix":"inner"}},"wdio_ui5_key":"applicationmanageyards-display-component---NewYard--addressDetailDetailsCity1"}]}
RESULT: undefined
COMMAND: POST /session/ff0536b58743eaf2c437238d004892b9/execute/async - {"script":"<script> [776 bytes]","args":[{"enterText":"Rosario","selector":{"id":"application-manageyards-display-component---NewYard--addressDetailDetailsCity1","interaction":{"idSuffix":"inner"}},"clearTextFirst":true,"interactionType":"ENTER_TEXT"}]}
RESULT: {}
RESULT: {"script":"<script> [776 bytes]","args":[{"enterText":"Rosario","selector":{"id":"application-manageyards-display-component---NewYard--addressDetailDetailsCity1","interaction":{"idSuffix":"inner"}},"clearTextFirst":true,"interactionType":"ENTER_TEXT"}]}
COMMAND: POST /session/ff0536b58743eaf2c437238d004892b9/execute/async - {"script":"<script> [1562 bytes]","args":[{"selector":{"id":"application-manageyards-display-component---NewYard--addressDetailDetailsCountry-arrow"},"wdio_ui5_key":"applicationmanageyards-display-component---NewYard--addressDetailDetailsCountry-arrow"}]}
RESULT: {"script":"<script> [1562 bytes]","args":[{"selector":{"id":"application-manageyards-display-component---NewYard--addressDetailDetailsCountry-arrow"},"wdio_ui5_key":"applicationmanageyards-display-component---NewYard--addressDetailDetailsCountry-arrow"}]}
RESULT: undefined
COMMAND: POST /session/ff0536b58743eaf2c437238d004892b9/element - {"using":"xpath","value":"//*[@id=\"application-manageyards-display-component---NewYard--addressDetailDetailsCountry-arrow\"]"}
RESULT: {"using":"xpath","value":"//*[@id=\"application-manageyards-display-component---NewYard--addressDetailDetailsCountry-arrow\"]"}
COMMAND: POST /session/ff0536b58743eaf2c437238d004892b9/element/f.BB3617BF1549F1B1531810C266B34E3A.d.6DD3A750EF12F8AFE83C709535CA1848.e.7053/click - {}
RESULT: {}
COMMAND: POST /session/ff0536b58743eaf2c437238d004892b9/element - {"using":"xpath","value":"//span[contains(text(), \"Argentina\")]"}
COMMAND: GET /session/ff0536b58743eaf2c437238d004892b9/screenshot - {}
RESULT: {"using":"xpath","value":"//span[contains(text(), \"Argentina\")]"}
COMMAND: POST /session/ff0536b58743eaf2c437238d004892b9/element/f.BB3617BF1549F1B1531810C266B34E3A.d.6DD3A750EF12F8AFE83C709535CA1848.e.7054/click - {}
RESULT: {}
RESULT: {}
COMMAND: POST /session/ff0536b58743eaf2c437238d004892b9/execute/async - {"script":"<script> [1562 bytes]","args":[{"selector":{"id":"application-manageyards-display-component---NewYard--addressEditDetailsCostObjectCstType-arrow"},"wdio_ui5_key":"applicationmanageyards-display-component---NewYard--addressEditDetailsCostObjectCstType-arrow"}]}
COMMAND: GET /session/ff0536b58743eaf2c437238d004892b9/screenshot - {}
RESULT: {"script":"<script> [1562 bytes]","args":[{"selector":{"id":"application-manageyards-display-component---NewYard--addressEditDetailsCostObjectCstType-arrow"},"wdio_ui5_key":"applicationmanageyards-display-component---NewYard--addressEditDetailsCostObjectCstType-arrow"}]}
RESULT: undefined
COMMAND: POST /session/ff0536b58743eaf2c437238d004892b9/element - {"using":"xpath","value":"//*[@id=\"application-manageyards-display-component---NewYard--addressEditDetailsCostObjectCstType-arrow\"]"}
RESULT: {}
RESULT: {"using":"xpath","value":"//*[@id=\"application-manageyards-display-component---NewYard--addressEditDetailsCostObjectCstType-arrow\"]"}
COMMAND: POST /session/ff0536b58743eaf2c437238d004892b9/element/f.BB3617BF1549F1B1531810C266B34E3A.d.6DD3A750EF12F8AFE83C709535CA1848.e.7056/click - {}
RESULT: {}
COMMAND: POST /session/ff0536b58743eaf2c437238d004892b9/element - {"using":"xpath","value":"//span[contains(text(), \"Cost Center\")]"}
COMMAND: GET /session/ff0536b58743eaf2c437238d004892b9/screenshot - {}
RESULT: {"using":"xpath","value":"//span[contains(text(), \"Cost Center\")]"}
COMMAND: POST /session/ff0536b58743eaf2c437238d004892b9/element/f.BB3617BF1549F1B1531810C266B34E3A.d.6DD3A750EF12F8AFE83C709535CA1848.e.7057/click - {}
RESULT: {}
RESULT: {}
COMMAND: GET /session/ff0536b58743eaf2c437238d004892b9/screenshot - {}
RESULT: {}
COMMAND: POST /session/ff0536b58743eaf2c437238d004892b9/element - {"using":"xpath","value":"//span[@id=\"application-manageyards-display-component---NewYard--addressNewCostObjectCstID-vhi\"]"}
RESULT: {"using":"xpath","value":"//span[@id=\"application-manageyards-display-component---NewYard--addressNewCostObjectCstID-vhi\"]"}
COMMAND: POST /session/ff0536b58743eaf2c437238d004892b9/execute/sync - {"script":"<script> [8489 bytes]","args":[{"element-6066-11e4-a52e-4f735466cecf":"f.BB3617BF1549F1B1531810C266B34E3A.d.6DD3A750EF12F8AFE83C709535CA1848.e.7061","ELEMENT":"f.BB3617BF1549F1B1531810C266B34E3A.d.6DD3A750EF12F8AFE83C709535CA1848.e.7061"}]}
RESULT: {"script":"<script> [8489 bytes]","args":[{"element-6066-11e4-a52e-4f735466cecf":"f.BB3617BF1549F1B1531810C266B34E3A.d.6DD3A750EF12F8AFE83C709535CA1848.e.7061","ELEMENT":"f.BB3617BF1549F1B1531810C266B34E3A.d.6DD3A750EF12F8AFE83C709535CA1848.e.7061"}]}
COMMAND: POST /session/ff0536b58743eaf2c437238d004892b9/execute/async - {"script":"<script> [1562 bytes]","args":[{"selector":{"id":"application-manageyards-display-component---NewYard--addressNewCostObjectCstID-vhi"},"wdio_ui5_key":"applicationmanageyards-display-component---NewYard--addressNewCostObjectCstID-vhi"}]}
COMMAND: GET /session/ff0536b58743eaf2c437238d004892b9/screenshot - {}
RESULT: {"script":"<script> [1562 bytes]","args":[{"selector":{"id":"application-manageyards-display-component---NewYard--addressNewCostObjectCstID-vhi"},"wdio_ui5_key":"applicationmanageyards-display-component---NewYard--addressNewCostObjectCstID-vhi"}]}
RESULT: undefined
COMMAND: POST /session/ff0536b58743eaf2c437238d004892b9/element - {"using":"xpath","value":"//*[@id=\"application-manageyards-display-component---NewYard--addressNewCostObjectCstID-vhi\"]"}
RESULT: {}
RESULT: {"using":"xpath","value":"//*[@id=\"application-manageyards-display-component---NewYard--addressNewCostObjectCstID-vhi\"]"}
COMMAND: POST /session/ff0536b58743eaf2c437238d004892b9/element/f.BB3617BF1549F1B1531810C266B34E3A.d.6DD3A750EF12F8AFE83C709535CA1848.e.7061/click - {}
RESULT: {}
COMMAND: GET /session/ff0536b58743eaf2c437238d004892b9/screenshot - {}
RESULT: {}
COMMAND: POST /session/ff0536b58743eaf2c437238d004892b9/execute/async - {"script":"<script> [1562 bytes]","args":[{"selector":{"controlType":"sap.m.SearchField","properties":{"placeholder":"Search"},"searchOpenDialogs":true,"interaction":{"idSuffix":"I"}},"wdio_ui5_key":"sapm.SearchField{\"placeholder\":\"Search\"}"}]}
RESULT: {"script":"<script> [1562 bytes]","args":[{"selector":{"controlType":"sap.m.SearchField","properties":{"placeholder":"Search"},"searchOpenDialogs":true,"interaction":{"idSuffix":"I"}},"wdio_ui5_key":"sapm.SearchField{\"placeholder\":\"Search\"}"}]}
RESULT: undefined
COMMAND: POST /session/ff0536b58743eaf2c437238d004892b9/execute/async - {"script":"<script> [776 bytes]","args":[{"enterText":"bauh_b","selector":{"controlType":"sap.m.SearchField","properties":{"placeholder":"Search"},"searchOpenDialogs":true,"interaction":{"idSuffix":"I"}},"clearTextFirst":true,"interactionType":"ENTER_TEXT"}]}
RESULT: {"script":"<script> [776 bytes]","args":[{"enterText":"bauh_b","selector":{"controlType":"sap.m.SearchField","properties":{"placeholder":"Search"},"searchOpenDialogs":true,"interaction":{"idSuffix":"I"}},"clearTextFirst":true,"interactionType":"ENTER_TEXT"}]}
COMMAND: POST /session/ff0536b58743eaf2c437238d004892b9/actions - {"actions":[{"id":"action20","type":"key","parameters":{},"actions":[{"type":"keyDown","value":"î€‡"},{"type":"pause","duration":10},{"type":"keyUp","value":"î€‡"}]}]}
RESULT: {"actions":[{"id":"action20","type":"key","parameters":{},"actions":[{"type":"keyDown","value":"î€‡"},{"type":"pause","duration":10},{"type":"keyUp","value":"î€‡"}]}]}
COMMAND: GET /session/ff0536b58743eaf2c437238d004892b9/screenshot - {}
RESULT: {}
COMMAND: POST /session/ff0536b58743eaf2c437238d004892b9/element - {"using":"xpath","value":"//span[contains(text(), \"Demo Yard\")]"}
RESULT: {"using":"xpath","value":"//span[contains(text(), \"Demo Yard\")]"}
COMMAND: POST /session/ff0536b58743eaf2c437238d004892b9/element/f.BB3617BF1549F1B1531810C266B34E3A.d.6DD3A750EF12F8AFE83C709535CA1848.e.7102/click - {}
RESULT: {}
COMMAND: GET /session/ff0536b58743eaf2c437238d004892b9/screenshot - {}
RESULT: {}
COMMAND: POST /session/ff0536b58743eaf2c437238d004892b9/element - {"using":"xpath","value":"//bdi[contains(text(), \"OK\")]"}
RESULT: {"using":"xpath","value":"//bdi[contains(text(), \"OK\")]"}
COMMAND: POST /session/ff0536b58743eaf2c437238d004892b9/element/f.BB3617BF1549F1B1531810C266B34E3A.d.6DD3A750EF12F8AFE83C709535CA1848.e.7103/click - {}
RESULT: {}
COMMAND: GET /session/ff0536b58743eaf2c437238d004892b9/screenshot - {}
RESULT: {}
COMMAND: POST /session/ff0536b58743eaf2c437238d004892b9/execute/async - {"script":"<script> [1562 bytes]","args":[{"selector":{"id":"application-manageyards-display-component---NewYard--addressEditDetailsCurrency-arrow"},"wdio_ui5_key":"applicationmanageyards-display-component---NewYard--addressEditDetailsCurrency-arrow"}]}
RESULT: {"script":"<script> [1562 bytes]","args":[{"selector":{"id":"application-manageyards-display-component---NewYard--addressEditDetailsCurrency-arrow"},"wdio_ui5_key":"applicationmanageyards-display-component---NewYard--addressEditDetailsCurrency-arrow"}]}
RESULT: undefined
COMMAND: POST /session/ff0536b58743eaf2c437238d004892b9/element - {"using":"xpath","value":"//*[@id=\"application-manageyards-display-component---NewYard--addressEditDetailsCurrency-arrow\"]"}
RESULT: {"using":"xpath","value":"//*[@id=\"application-manageyards-display-component---NewYard--addressEditDetailsCurrency-arrow\"]"}
COMMAND: POST /session/ff0536b58743eaf2c437238d004892b9/element/f.BB3617BF1549F1B1531810C266B34E3A.d.6DD3A750EF12F8AFE83C709535CA1848.e.7106/click - {}
RESULT: {}
COMMAND: POST /session/ff0536b58743eaf2c437238d004892b9/element - {"using":"xpath","value":"//span[contains(text(), \"Euro\")]"}
COMMAND: GET /session/ff0536b58743eaf2c437238d004892b9/screenshot - {}
RESULT: {"using":"xpath","value":"//span[contains(text(), \"Euro\")]"}
COMMAND: POST /session/ff0536b58743eaf2c437238d004892b9/element/f.BB3617BF1549F1B1531810C266B34E3A.d.6DD3A750EF12F8AFE83C709535CA1848.e.7107/click - {}
RESULT: {}
RESULT: {}
COMMAND: POST /session/ff0536b58743eaf2c437238d004892b9/execute/async - {"script":"<script> [1562 bytes]","args":[{"selector":{"controlType":"sap.m.Input","viewName":"etm.portal.ui.manageyards.view.New","viewId":"application-manageyards-display-component---NewYard","bindingPath":{"path":"","propertyPath":"/CONTROLLING_AREA","modelName":"NewYardModel"},"interaction":{"idSuffix":"inner"}},"wdio_ui5_key":"etmportal.ui.manageyards.view.Newsap.m.Input{\"path\":\"\",\"propertyPath\":\"/CONTROLLING_AREA\",\"modelName\":\"NewYardModel\"}"}]}
COMMAND: GET /session/ff0536b58743eaf2c437238d004892b9/screenshot - {}
RESULT: {"script":"<script> [1562 bytes]","args":[{"selector":{"controlType":"sap.m.Input","viewName":"etm.portal.ui.manageyards.view.New","viewId":"application-manageyards-display-component---NewYard","bindingPath":{"path":"","propertyPath":"/CONTROLLING_AREA","modelName":"NewYardModel"},"interaction":{"idSuffix":"inner"}},"wdio_ui5_key":"etmportal.ui.manageyards.view.Newsap.m.Input{\"path\":\"\",\"propertyPath\":\"/CONTROLLING_AREA\",\"modelName\":\"NewYardModel\"}"}]}
RESULT: undefined
COMMAND: POST /session/ff0536b58743eaf2c437238d004892b9/execute/async - {"script":"<script> [776 bytes]","args":[{"enterText":"Z001","selector":{"controlType":"sap.m.Input","viewName":"etm.portal.ui.manageyards.view.New","viewId":"application-manageyards-display-component---NewYard","bindingPath":{"path":"","propertyPath":"/CONTROLLING_AREA","modelName":"NewYardModel"},"interaction":{"idSuffix":"inner"}},"clearTextFirst":true,"interactionType":"ENTER_TEXT"}]}
RESULT: {}
RESULT: {"script":"<script> [776 bytes]","args":[{"enterText":"Z001","selector":{"controlType":"sap.m.Input","viewName":"etm.portal.ui.manageyards.view.New","viewId":"application-manageyards-display-component---NewYard","bindingPath":{"path":"","propertyPath":"/CONTROLLING_AREA","modelName":"NewYardModel"},"interaction":{"idSuffix":"inner"}},"clearTextFirst":true,"interactionType":"ENTER_TEXT"}]}
COMMAND: POST /session/ff0536b58743eaf2c437238d004892b9/execute/async - {"script":"<script> [1562 bytes]","args":[{"selector":{"id":"application-manageyards-display-component---NewYard--companyCodeComboBox","interaction":{"idSuffix":"inner"}},"wdio_ui5_key":"applicationmanageyards-display-component---NewYard--companyCodeComboBox"}]}
RESULT: {"script":"<script> [1562 bytes]","args":[{"selector":{"id":"application-manageyards-display-component---NewYard--companyCodeComboBox","interaction":{"idSuffix":"inner"}},"wdio_ui5_key":"applicationmanageyards-display-component---NewYard--companyCodeComboBox"}]}
RESULT: undefined
COMMAND: POST /session/ff0536b58743eaf2c437238d004892b9/execute/async - {"script":"<script> [776 bytes]","args":[{"enterText":"1000","selector":{"id":"application-manageyards-display-component---NewYard--companyCodeComboBox","interaction":{"idSuffix":"inner"}},"clearTextFirst":true,"interactionType":"ENTER_TEXT"}]}
RESULT: {"script":"<script> [776 bytes]","args":[{"enterText":"1000","selector":{"id":"application-manageyards-display-component---NewYard--companyCodeComboBox","interaction":{"idSuffix":"inner"}},"clearTextFirst":true,"interactionType":"ENTER_TEXT"}]}
COMMAND: POST /session/ff0536b58743eaf2c437238d004892b9/execute/async - {"script":"<script> [1562 bytes]","args":[{"selector":{"controlType":"sap.m.Input","viewName":"etm.portal.ui.manageyards.view.New","viewId":"application-manageyards-display-component---NewYard","bindingPath":{"path":"","propertyPath":"/PLANT","modelName":"NewYardModel"},"interaction":{"idSuffix":"inner"}},"wdio_ui5_key":"etmportal.ui.manageyards.view.Newsap.m.Input{\"path\":\"\",\"propertyPath\":\"/PLANT\",\"modelName\":\"NewYardModel\"}"}]}
RESULT: {"script":"<script> [1562 bytes]","args":[{"selector":{"controlType":"sap.m.Input","viewName":"etm.portal.ui.manageyards.view.New","viewId":"application-manageyards-display-component---NewYard","bindingPath":{"path":"","propertyPath":"/PLANT","modelName":"NewYardModel"},"interaction":{"idSuffix":"inner"}},"wdio_ui5_key":"etmportal.ui.manageyards.view.Newsap.m.Input{\"path\":\"\",\"propertyPath\":\"/PLANT\",\"modelName\":\"NewYardModel\"}"}]}
RESULT: undefined
COMMAND: POST /session/ff0536b58743eaf2c437238d004892b9/execute/async - {"script":"<script> [776 bytes]","args":[{"enterText":"1001","selector":{"controlType":"sap.m.Input","viewName":"etm.portal.ui.manageyards.view.New","viewId":"application-manageyards-display-component---NewYard","bindingPath":{"path":"","propertyPath":"/PLANT","modelName":"NewYardModel"},"interaction":{"idSuffix":"inner"}},"clearTextFirst":true,"interactionType":"ENTER_TEXT"}]}
RESULT: {"script":"<script> [776 bytes]","args":[{"enterText":"1001","selector":{"controlType":"sap.m.Input","viewName":"etm.portal.ui.manageyards.view.New","viewId":"application-manageyards-display-component---NewYard","bindingPath":{"path":"","propertyPath":"/PLANT","modelName":"NewYardModel"},"interaction":{"idSuffix":"inner"}},"clearTextFirst":true,"interactionType":"ENTER_TEXT"}]}
COMMAND: POST /session/ff0536b58743eaf2c437238d004892b9/execute/async - {"script":"<script> [1562 bytes]","args":[{"selector":{"controlType":"sap.m.Input","viewName":"etm.portal.ui.manageyards.view.New","viewId":"application-manageyards-display-component---NewYard","bindingPath":{"path":"","propertyPath":"/SALES_AREA_VKORG","modelName":"NewYardModel"},"interaction":{"idSuffix":"inner"}},"wdio_ui5_key":"etmportal.ui.manageyards.view.Newsap.m.Input{\"path\":\"\",\"propertyPath\":\"/SALES_AREA_VKORG\",\"modelName\":\"NewYardModel\"}"}]}
RESULT: {"script":"<script> [1562 bytes]","args":[{"selector":{"controlType":"sap.m.Input","viewName":"etm.portal.ui.manageyards.view.New","viewId":"application-manageyards-display-component---NewYard","bindingPath":{"path":"","propertyPath":"/SALES_AREA_VKORG","modelName":"NewYardModel"},"interaction":{"idSuffix":"inner"}},"wdio_ui5_key":"etmportal.ui.manageyards.view.Newsap.m.Input{\"path\":\"\",\"propertyPath\":\"/SALES_AREA_VKORG\",\"modelName\":\"NewYardModel\"}"}]}
RESULT: undefined
COMMAND: POST /session/ff0536b58743eaf2c437238d004892b9/execute/async - {"script":"<script> [776 bytes]","args":[{"enterText":"C002","selector":{"controlType":"sap.m.Input","viewName":"etm.portal.ui.manageyards.view.New","viewId":"application-manageyards-display-component---NewYard","bindingPath":{"path":"","propertyPath":"/SALES_AREA_VKORG","modelName":"NewYardModel"},"interaction":{"idSuffix":"inner"}},"clearTextFirst":true,"interactionType":"ENTER_TEXT"}]}
RESULT: {"script":"<script> [776 bytes]","args":[{"enterText":"C002","selector":{"controlType":"sap.m.Input","viewName":"etm.portal.ui.manageyards.view.New","viewId":"application-manageyards-display-component---NewYard","bindingPath":{"path":"","propertyPath":"/SALES_AREA_VKORG","modelName":"NewYardModel"},"interaction":{"idSuffix":"inner"}},"clearTextFirst":true,"interactionType":"ENTER_TEXT"}]}
COMMAND: POST /session/ff0536b58743eaf2c437238d004892b9/execute/async - {"script":"<script> [1562 bytes]","args":[{"selector":{"controlType":"sap.m.Input","viewName":"etm.portal.ui.manageyards.view.New","viewId":"application-manageyards-display-component---NewYard","bindingPath":{"path":"","propertyPath":"/SALES_AREA_VTWEG","modelName":"NewYardModel"},"interaction":{"idSuffix":"inner"}},"wdio_ui5_key":"etmportal.ui.manageyards.view.Newsap.m.Input{\"path\":\"\",\"propertyPath\":\"/SALES_AREA_VTWEG\",\"modelName\":\"NewYardModel\"}"}]}
RESULT: {"script":"<script> [1562 bytes]","args":[{"selector":{"controlType":"sap.m.Input","viewName":"etm.portal.ui.manageyards.view.New","viewId":"application-manageyards-display-component---NewYard","bindingPath":{"path":"","propertyPath":"/SALES_AREA_VTWEG","modelName":"NewYardModel"},"interaction":{"idSuffix":"inner"}},"wdio_ui5_key":"etmportal.ui.manageyards.view.Newsap.m.Input{\"path\":\"\",\"propertyPath\":\"/SALES_AREA_VTWEG\",\"modelName\":\"NewYardModel\"}"}]}
RESULT: undefined
COMMAND: POST /session/ff0536b58743eaf2c437238d004892b9/execute/async - {"script":"<script> [776 bytes]","args":[{"enterText":"C2","selector":{"controlType":"sap.m.Input","viewName":"etm.portal.ui.manageyards.view.New","viewId":"application-manageyards-display-component---NewYard","bindingPath":{"path":"","propertyPath":"/SALES_AREA_VTWEG","modelName":"NewYardModel"},"interaction":{"idSuffix":"inner"}},"clearTextFirst":true,"interactionType":"ENTER_TEXT"}]}
RESULT: {"script":"<script> [776 bytes]","args":[{"enterText":"C2","selector":{"controlType":"sap.m.Input","viewName":"etm.portal.ui.manageyards.view.New","viewId":"application-manageyards-display-component---NewYard","bindingPath":{"path":"","propertyPath":"/SALES_AREA_VTWEG","modelName":"NewYardModel"},"interaction":{"idSuffix":"inner"}},"clearTextFirst":true,"interactionType":"ENTER_TEXT"}]}
COMMAND: POST /session/ff0536b58743eaf2c437238d004892b9/execute/async - {"script":"<script> [1562 bytes]","args":[{"selector":{"controlType":"sap.m.Input","viewName":"etm.portal.ui.manageyards.view.New","viewId":"application-manageyards-display-component---NewYard","bindingPath":{"path":"","propertyPath":"/SALES_AREA_SPART","modelName":"NewYardModel"},"interaction":{"idSuffix":"inner"}},"wdio_ui5_key":"etmportal.ui.manageyards.view.Newsap.m.Input{\"path\":\"\",\"propertyPath\":\"/SALES_AREA_SPART\",\"modelName\":\"NewYardModel\"}"}]}
RESULT: {"script":"<script> [1562 bytes]","args":[{"selector":{"controlType":"sap.m.Input","viewName":"etm.portal.ui.manageyards.view.New","viewId":"application-manageyards-display-component---NewYard","bindingPath":{"path":"","propertyPath":"/SALES_AREA_SPART","modelName":"NewYardModel"},"interaction":{"idSuffix":"inner"}},"wdio_ui5_key":"etmportal.ui.manageyards.view.Newsap.m.Input{\"path\":\"\",\"propertyPath\":\"/SALES_AREA_SPART\",\"modelName\":\"NewYardModel\"}"}]}
RESULT: undefined
COMMAND: POST /session/ff0536b58743eaf2c437238d004892b9/execute/async - {"script":"<script> [776 bytes]","args":[{"enterText":"C2","selector":{"controlType":"sap.m.Input","viewName":"etm.portal.ui.manageyards.view.New","viewId":"application-manageyards-display-component---NewYard","bindingPath":{"path":"","propertyPath":"/SALES_AREA_SPART","modelName":"NewYardModel"},"interaction":{"idSuffix":"inner"}},"clearTextFirst":true,"interactionType":"ENTER_TEXT"}]}
RESULT: {"script":"<script> [776 bytes]","args":[{"enterText":"C2","selector":{"controlType":"sap.m.Input","viewName":"etm.portal.ui.manageyards.view.New","viewId":"application-manageyards-display-component---NewYard","bindingPath":{"path":"","propertyPath":"/SALES_AREA_SPART","modelName":"NewYardModel"},"interaction":{"idSuffix":"inner"}},"clearTextFirst":true,"interactionType":"ENTER_TEXT"}]}
COMMAND: POST /session/ff0536b58743eaf2c437238d004892b9/execute/async - {"script":"<script> [1562 bytes]","args":[{"selector":{"controlType":"sap.m.Input","viewName":"etm.portal.ui.manageyards.view.New","viewId":"application-manageyards-display-component---NewYard","bindingPath":{"path":"","propertyPath":"/SHIP_POINT","modelName":"NewYardModel"},"interaction":{"idSuffix":"inner"}},"wdio_ui5_key":"etmportal.ui.manageyards.view.Newsap.m.Input{\"path\":\"\",\"propertyPath\":\"/SHIP_POINT\",\"modelName\":\"NewYardModel\"}"}]}
RESULT: {"script":"<script> [1562 bytes]","args":[{"selector":{"controlType":"sap.m.Input","viewName":"etm.portal.ui.manageyards.view.New","viewId":"application-manageyards-display-component---NewYard","bindingPath":{"path":"","propertyPath":"/SHIP_POINT","modelName":"NewYardModel"},"interaction":{"idSuffix":"inner"}},"wdio_ui5_key":"etmportal.ui.manageyards.view.Newsap.m.Input{\"path\":\"\",\"propertyPath\":\"/SHIP_POINT\",\"modelName\":\"NewYardModel\"}"}]}
RESULT: undefined
COMMAND: POST /session/ff0536b58743eaf2c437238d004892b9/execute/async - {"script":"<script> [776 bytes]","args":[{"enterText":"1710","selector":{"controlType":"sap.m.Input","viewName":"etm.portal.ui.manageyards.view.New","viewId":"application-manageyards-display-component---NewYard","bindingPath":{"path":"","propertyPath":"/SHIP_POINT","modelName":"NewYardModel"},"interaction":{"idSuffix":"inner"}},"clearTextFirst":true,"interactionType":"ENTER_TEXT"}]}
RESULT: {"script":"<script> [776 bytes]","args":[{"enterText":"1710","selector":{"controlType":"sap.m.Input","viewName":"etm.portal.ui.manageyards.view.New","viewId":"application-manageyards-display-component---NewYard","bindingPath":{"path":"","propertyPath":"/SHIP_POINT","modelName":"NewYardModel"},"interaction":{"idSuffix":"inner"}},"clearTextFirst":true,"interactionType":"ENTER_TEXT"}]}
COMMAND: POST /session/ff0536b58743eaf2c437238d004892b9/execute/async - {"script":"<script> [1562 bytes]","args":[{"selector":{"controlType":"sap.m.Input","viewName":"etm.portal.ui.manageyards.view.New","viewId":"application-manageyards-display-component---NewYard","bindingPath":{"path":"","propertyPath":"/DELIVERY_TYPE","modelName":"NewYardModel"},"interaction":{"idSuffix":"inner"}},"wdio_ui5_key":"etmportal.ui.manageyards.view.Newsap.m.Input{\"path\":\"\",\"propertyPath\":\"/DELIVERY_TYPE\",\"modelName\":\"NewYardModel\"}"}]}
RESULT: {"script":"<script> [1562 bytes]","args":[{"selector":{"controlType":"sap.m.Input","viewName":"etm.portal.ui.manageyards.view.New","viewId":"application-manageyards-display-component---NewYard","bindingPath":{"path":"","propertyPath":"/DELIVERY_TYPE","modelName":"NewYardModel"},"interaction":{"idSuffix":"inner"}},"wdio_ui5_key":"etmportal.ui.manageyards.view.Newsap.m.Input{\"path\":\"\",\"propertyPath\":\"/DELIVERY_TYPE\",\"modelName\":\"NewYardModel\"}"}]}
RESULT: undefined
COMMAND: POST /session/ff0536b58743eaf2c437238d004892b9/execute/async - {"script":"<script> [776 bytes]","args":[{"enterText":"ZL01","selector":{"controlType":"sap.m.Input","viewName":"etm.portal.ui.manageyards.view.New","viewId":"application-manageyards-display-component---NewYard","bindingPath":{"path":"","propertyPath":"/DELIVERY_TYPE","modelName":"NewYardModel"},"interaction":{"idSuffix":"inner"}},"clearTextFirst":true,"interactionType":"ENTER_TEXT"}]}
RESULT: {"script":"<script> [776 bytes]","args":[{"enterText":"ZL01","selector":{"controlType":"sap.m.Input","viewName":"etm.portal.ui.manageyards.view.New","viewId":"application-manageyards-display-component---NewYard","bindingPath":{"path":"","propertyPath":"/DELIVERY_TYPE","modelName":"NewYardModel"},"interaction":{"idSuffix":"inner"}},"clearTextFirst":true,"interactionType":"ENTER_TEXT"}]}
COMMAND: POST /session/ff0536b58743eaf2c437238d004892b9/execute/async - {"script":"<script> [1562 bytes]","args":[{"selector":{"controlType":"sap.m.Input","viewName":"etm.portal.ui.manageyards.view.New","viewId":"application-manageyards-display-component---NewYard","bindingPath":{"path":"","propertyPath":"/AUART","modelName":"NewYardModel"},"interaction":{"idSuffix":"inner"}},"wdio_ui5_key":"etmportal.ui.manageyards.view.Newsap.m.Input{\"path\":\"\",\"propertyPath\":\"/AUART\",\"modelName\":\"NewYardModel\"}"}]}
RESULT: {"script":"<script> [1562 bytes]","args":[{"selector":{"controlType":"sap.m.Input","viewName":"etm.portal.ui.manageyards.view.New","viewId":"application-manageyards-display-component---NewYard","bindingPath":{"path":"","propertyPath":"/AUART","modelName":"NewYardModel"},"interaction":{"idSuffix":"inner"}},"wdio_ui5_key":"etmportal.ui.manageyards.view.Newsap.m.Input{\"path\":\"\",\"propertyPath\":\"/AUART\",\"modelName\":\"NewYardModel\"}"}]}
RESULT: undefined
COMMAND: POST /session/ff0536b58743eaf2c437238d004892b9/execute/async - {"script":"<script> [776 bytes]","args":[{"enterText":"TA","selector":{"controlType":"sap.m.Input","viewName":"etm.portal.ui.manageyards.view.New","viewId":"application-manageyards-display-component---NewYard","bindingPath":{"path":"","propertyPath":"/AUART","modelName":"NewYardModel"},"interaction":{"idSuffix":"inner"}},"clearTextFirst":true,"interactionType":"ENTER_TEXT"}]}
RESULT: {"script":"<script> [776 bytes]","args":[{"enterText":"TA","selector":{"controlType":"sap.m.Input","viewName":"etm.portal.ui.manageyards.view.New","viewId":"application-manageyards-display-component---NewYard","bindingPath":{"path":"","propertyPath":"/AUART","modelName":"NewYardModel"},"interaction":{"idSuffix":"inner"}},"clearTextFirst":true,"interactionType":"ENTER_TEXT"}]}
COMMAND: POST /session/ff0536b58743eaf2c437238d004892b9/element - {"using":"xpath","value":"//button[@data-kt=\"newYardSaveButton\"]"}
RESULT: {"using":"xpath","value":"//button[@data-kt=\"newYardSaveButton\"]"}
COMMAND: POST /session/ff0536b58743eaf2c437238d004892b9/element/f.BB3617BF1549F1B1531810C266B34E3A.d.6DD3A750EF12F8AFE83C709535CA1848.e.7005/click - {}
RESULT: {}
COMMAND: GET /session/ff0536b58743eaf2c437238d004892b9/screenshot - {}
RESULT: {}
COMMAND: POST /session/ff0536b58743eaf2c437238d004892b9/element - {"using":"xpath","value":"//header[contains(@id, 'ObjectPageLayout-headerTitle')]/div[1]/div[2]/div[1]/span[1]"}
RESULT: {"using":"xpath","value":"//header[contains(@id, 'ObjectPageLayout-headerTitle')]/div[1]/div[2]/div[1]/span[1]"}
COMMAND: POST /session/ff0536b58743eaf2c437238d004892b9/elements - {"using":"xpath","value":"//header[contains(@id, 'ObjectPageLayout-headerTitle')]/div[1]/div[2]/div[1]/span[1]"}
RESULT: {"using":"xpath","value":"//header[contains(@id, 'ObjectPageLayout-headerTitle')]/div[1]/div[2]/div[1]/span[1]"}
COMMAND: POST /session/ff0536b58743eaf2c437238d004892b9/execute/sync - {"script":"<script> [56 bytes]","args":[{"element-6066-11e4-a52e-4f735466cecf":"f.BB3617BF1549F1B1531810C266B34E3A.d.6DD3A750EF12F8AFE83C709535CA1848.e.7334","ELEMENT":"f.BB3617BF1549F1B1531810C266B34E3A.d.6DD3A750EF12F8AFE83C709535CA1848.e.7334"}]}
RESULT: {"script":"<script> [56 bytes]","args":[{"element-6066-11e4-a52e-4f735466cecf":"f.BB3617BF1549F1B1531810C266B34E3A.d.6DD3A750EF12F8AFE83C709535CA1848.e.7334","ELEMENT":"f.BB3617BF1549F1B1531810C266B34E3A.d.6DD3A750EF12F8AFE83C709535CA1848.e.7334"}]}
COMMAND: GET /session/ff0536b58743eaf2c437238d004892b9/screenshot - {}
RESULT: {}
COMMAND: POST /session/ff0536b58743eaf2c437238d004892b9/element - {"using":"css selector","value":"#shell-header-logo"}
RESULT: {"using":"css selector","value":"#shell-header-logo"}
COMMAND: POST /session/ff0536b58743eaf2c437238d004892b9/element/f.BB3617BF1549F1B1531810C266B34E3A.d.6DD3A750EF12F8AFE83C709535CA1848.e.6580/click - {}
RESULT: {}
COMMAND: GET /session/ff0536b58743eaf2c437238d004892b9/screenshot - {}
RESULT: {}
COMMAND: POST /session/ff0536b58743eaf2c437238d004892b9/execute/sync - {"script":"<script> [299 bytes]","args":[["getModel","getResource"]]}
RESULT: {"script":"<script> [299 bytes]","args":[["getModel","getResource"]]}
COMMAND: GET /session/ff0536b58743eaf2c437238d004892b9/screenshot - {}
]]></system-out>
    </testcase>
    <testcase classname="chrome.136_0_7103_93.windows.Create_master_data_for_mixed_billing_&amp;_do_billing_calculation_US151661" name="Should create a new partner" time="130.43">
      <system-out><![CDATA[
COMMAND: POST /session/ff0536b58743eaf2c437238d004892b9/window/fullscreen - {}
RESULT: {}
RESULT: {}
COMMAND: POST /session/ff0536b58743eaf2c437238d004892b9/execute/async - {"script":"<script> [1562 bytes]","args":[{"selector":{"controlType":"sap.m.GenericTile","properties":{"header":"Manage Partners"}},"wdio_ui5_key":"sapm.GenericTile{\"header\":\"Manage Partners\"}"}]}
RESULT: {"script":"<script> [1562 bytes]","args":[{"selector":{"controlType":"sap.m.GenericTile","properties":{"header":"Manage Partners"}},"wdio_ui5_key":"sapm.GenericTile{\"header\":\"Manage Partners\"}"}]}
RESULT: undefined
COMMAND: POST /session/ff0536b58743eaf2c437238d004892b9/element - {"using":"xpath","value":"//*[@id=\"__tile38\"]"}
RESULT: {"using":"xpath","value":"//*[@id=\"__tile38\"]"}
COMMAND: POST /session/ff0536b58743eaf2c437238d004892b9/element/f.BB3617BF1549F1B1531810C266B34E3A.d.6DD3A750EF12F8AFE83C709535CA1848.e.6472/click - {}
RESULT: {}
COMMAND: GET /session/ff0536b58743eaf2c437238d004892b9/screenshot - {}
RESULT: {}
COMMAND: POST /session/ff0536b58743eaf2c437238d004892b9/elements - {"using":"xpath","value":"//span[text()='Error']"}
RESULT: {"using":"xpath","value":"//span[text()='Error']"}
COMMAND: POST /session/ff0536b58743eaf2c437238d004892b9/element - {"using":"xpath","value":"//button[@data-kt=\"addButton\"]"}
RESULT: {"using":"xpath","value":"//button[@data-kt=\"addButton\"]"}
COMMAND: POST /session/ff0536b58743eaf2c437238d004892b9/elements - {"using":"xpath","value":"//button[@data-kt=\"addButton\"]"}
RESULT: {"using":"xpath","value":"//button[@data-kt=\"addButton\"]"}
COMMAND: POST /session/ff0536b58743eaf2c437238d004892b9/execute/sync - {"script":"<script> [8489 bytes]","args":[{"element-6066-11e4-a52e-4f735466cecf":"f.BB3617BF1549F1B1531810C266B34E3A.d.6DD3A750EF12F8AFE83C709535CA1848.e.7382","ELEMENT":"f.BB3617BF1549F1B1531810C266B34E3A.d.6DD3A750EF12F8AFE83C709535CA1848.e.7382"}]}
RESULT: {"script":"<script> [8489 bytes]","args":[{"element-6066-11e4-a52e-4f735466cecf":"f.BB3617BF1549F1B1531810C266B34E3A.d.6DD3A750EF12F8AFE83C709535CA1848.e.7382","ELEMENT":"f.BB3617BF1549F1B1531810C266B34E3A.d.6DD3A750EF12F8AFE83C709535CA1848.e.7382"}]}
COMMAND: GET /session/ff0536b58743eaf2c437238d004892b9/element/f.BB3617BF1549F1B1531810C266B34E3A.d.6DD3A750EF12F8AFE83C709535CA1848.e.7382/enabled - {}
COMMAND: GET /session/ff0536b58743eaf2c437238d004892b9/screenshot - {}
RESULT: {}
COMMAND: POST /session/ff0536b58743eaf2c437238d004892b9/execute/sync - {"script":"<script> [8489 bytes]","args":[{"element-6066-11e4-a52e-4f735466cecf":"f.BB3617BF1549F1B1531810C266B34E3A.d.6DD3A750EF12F8AFE83C709535CA1848.e.7382","ELEMENT":"f.BB3617BF1549F1B1531810C266B34E3A.d.6DD3A750EF12F8AFE83C709535CA1848.e.7382"}]}
COMMAND: GET /session/ff0536b58743eaf2c437238d004892b9/screenshot - {}
RESULT: {}
RESULT: {"script":"<script> [8489 bytes]","args":[{"element-6066-11e4-a52e-4f735466cecf":"f.BB3617BF1549F1B1531810C266B34E3A.d.6DD3A750EF12F8AFE83C709535CA1848.e.7382","ELEMENT":"f.BB3617BF1549F1B1531810C266B34E3A.d.6DD3A750EF12F8AFE83C709535CA1848.e.7382"}]}
COMMAND: POST /session/ff0536b58743eaf2c437238d004892b9/execute/sync - {"script":"<script> [5351 bytes]","args":[{"element-6066-11e4-a52e-4f735466cecf":"f.BB3617BF1549F1B1531810C266B34E3A.d.6DD3A750EF12F8AFE83C709535CA1848.e.7382","ELEMENT":"f.BB3617BF1549F1B1531810C266B34E3A.d.6DD3A750EF12F8AFE83C709535CA1848.e.7382"}]}
COMMAND: GET /session/ff0536b58743eaf2c437238d004892b9/screenshot - {}
RESULT: {}
RESULT: {"script":"<script> [5351 bytes]","args":[{"element-6066-11e4-a52e-4f735466cecf":"f.BB3617BF1549F1B1531810C266B34E3A.d.6DD3A750EF12F8AFE83C709535CA1848.e.7382","ELEMENT":"f.BB3617BF1549F1B1531810C266B34E3A.d.6DD3A750EF12F8AFE83C709535CA1848.e.7382"}]}
COMMAND: POST /session/ff0536b58743eaf2c437238d004892b9/element/f.BB3617BF1549F1B1531810C266B34E3A.d.6DD3A750EF12F8AFE83C709535CA1848.e.7382/click - {}
COMMAND: GET /session/ff0536b58743eaf2c437238d004892b9/screenshot - {}
RESULT: {}
RESULT: {}
COMMAND: GET /session/ff0536b58743eaf2c437238d004892b9/screenshot - {}
COMMAND: POST /session/ff0536b58743eaf2c437238d004892b9/execute/async - {"script":"<script> [1562 bytes]","args":[{"selector":{"id":"application-managepartners-display-component---NewPartner--addressDetailDetailsName1","interaction":{"idSuffix":"inner"}},"wdio_ui5_key":"applicationmanagepartners-display-component---NewPartner--addressDetailDetailsName1"}]}
RESULT: {}
RESULT: {}
RESULT: {"script":"<script> [1562 bytes]","args":[{"selector":{"id":"application-managepartners-display-component---NewPartner--addressDetailDetailsName1","interaction":{"idSuffix":"inner"}},"wdio_ui5_key":"applicationmanagepartners-display-component---NewPartner--addressDetailDetailsName1"}]}
RESULT: undefined
COMMAND: POST /session/ff0536b58743eaf2c437238d004892b9/execute/async - {"script":"<script> [776 bytes]","args":[{"enterText":"Intercompany Partner WDIO","selector":{"id":"application-managepartners-display-component---NewPartner--addressDetailDetailsName1","interaction":{"idSuffix":"inner"}},"clearTextFirst":true,"interactionType":"ENTER_TEXT"}]}
RESULT: {"script":"<script> [776 bytes]","args":[{"enterText":"Intercompany Partner WDIO","selector":{"id":"application-managepartners-display-component---NewPartner--addressDetailDetailsName1","interaction":{"idSuffix":"inner"}},"clearTextFirst":true,"interactionType":"ENTER_TEXT"}]}
COMMAND: POST /session/ff0536b58743eaf2c437238d004892b9/execute/async - {"script":"<script> [1562 bytes]","args":[{"selector":{"id":"application-managepartners-display-component---NewPartner--addressDetailDetailsLanguage-arrow"},"wdio_ui5_key":"applicationmanagepartners-display-component---NewPartner--addressDetailDetailsLanguage-arrow"}]}
RESULT: {"script":"<script> [1562 bytes]","args":[{"selector":{"id":"application-managepartners-display-component---NewPartner--addressDetailDetailsLanguage-arrow"},"wdio_ui5_key":"applicationmanagepartners-display-component---NewPartner--addressDetailDetailsLanguage-arrow"}]}
RESULT: undefined
COMMAND: POST /session/ff0536b58743eaf2c437238d004892b9/element - {"using":"xpath","value":"//*[@id=\"application-managepartners-display-component---NewPartner--addressDetailDetailsLanguage-arrow\"]"}
RESULT: {"using":"xpath","value":"//*[@id=\"application-managepartners-display-component---NewPartner--addressDetailDetailsLanguage-arrow\"]"}
COMMAND: POST /session/ff0536b58743eaf2c437238d004892b9/element/f.BB3617BF1549F1B1531810C266B34E3A.d.6DD3A750EF12F8AFE83C709535CA1848.e.7823/click - {}
RESULT: {}
COMMAND: POST /session/ff0536b58743eaf2c437238d004892b9/element - {"using":"xpath","value":"//span[contains(text(), \"English\")]"}
COMMAND: GET /session/ff0536b58743eaf2c437238d004892b9/screenshot - {}
RESULT: {"using":"xpath","value":"//span[contains(text(), \"English\")]"}
COMMAND: POST /session/ff0536b58743eaf2c437238d004892b9/element/f.BB3617BF1549F1B1531810C266B34E3A.d.6DD3A750EF12F8AFE83C709535CA1848.e.7824/click - {}
RESULT: {}
RESULT: {}
COMMAND: GET /session/ff0536b58743eaf2c437238d004892b9/screenshot - {}
RESULT: {}
COMMAND: POST /session/ff0536b58743eaf2c437238d004892b9/execute/async - {"script":"<script> [1562 bytes]","args":[{"selector":{"id":"application-managepartners-display-component---NewPartner--addressDetailDetailsCity1","interaction":{"idSuffix":"inner"}},"wdio_ui5_key":"applicationmanagepartners-display-component---NewPartner--addressDetailDetailsCity1"}]}
RESULT: {"script":"<script> [1562 bytes]","args":[{"selector":{"id":"application-managepartners-display-component---NewPartner--addressDetailDetailsCity1","interaction":{"idSuffix":"inner"}},"wdio_ui5_key":"applicationmanagepartners-display-component---NewPartner--addressDetailDetailsCity1"}]}
RESULT: undefined
COMMAND: POST /session/ff0536b58743eaf2c437238d004892b9/execute/async - {"script":"<script> [776 bytes]","args":[{"enterText":"Rosario","selector":{"id":"application-managepartners-display-component---NewPartner--addressDetailDetailsCity1","interaction":{"idSuffix":"inner"}},"clearTextFirst":true,"interactionType":"ENTER_TEXT"}]}
RESULT: {"script":"<script> [776 bytes]","args":[{"enterText":"Rosario","selector":{"id":"application-managepartners-display-component---NewPartner--addressDetailDetailsCity1","interaction":{"idSuffix":"inner"}},"clearTextFirst":true,"interactionType":"ENTER_TEXT"}]}
COMMAND: POST /session/ff0536b58743eaf2c437238d004892b9/execute/async - {"script":"<script> [1562 bytes]","args":[{"selector":{"id":"application-managepartners-display-component---NewPartner--addressDetailDetailsCountry-arrow"},"wdio_ui5_key":"applicationmanagepartners-display-component---NewPartner--addressDetailDetailsCountry-arrow"}]}
RESULT: {"script":"<script> [1562 bytes]","args":[{"selector":{"id":"application-managepartners-display-component---NewPartner--addressDetailDetailsCountry-arrow"},"wdio_ui5_key":"applicationmanagepartners-display-component---NewPartner--addressDetailDetailsCountry-arrow"}]}
RESULT: undefined
COMMAND: POST /session/ff0536b58743eaf2c437238d004892b9/element - {"using":"xpath","value":"//*[@id=\"application-managepartners-display-component---NewPartner--addressDetailDetailsCountry-arrow\"]"}
RESULT: {"using":"xpath","value":"//*[@id=\"application-managepartners-display-component---NewPartner--addressDetailDetailsCountry-arrow\"]"}
COMMAND: POST /session/ff0536b58743eaf2c437238d004892b9/element/f.BB3617BF1549F1B1531810C266B34E3A.d.6DD3A750EF12F8AFE83C709535CA1848.e.7810/click - {}
RESULT: {}
COMMAND: POST /session/ff0536b58743eaf2c437238d004892b9/element - {"using":"xpath","value":"//span[contains(text(), \"Argentina\")]"}
COMMAND: GET /session/ff0536b58743eaf2c437238d004892b9/screenshot - {}
RESULT: {"using":"xpath","value":"//span[contains(text(), \"Argentina\")]"}
COMMAND: POST /session/ff0536b58743eaf2c437238d004892b9/element/f.BB3617BF1549F1B1531810C266B34E3A.d.6DD3A750EF12F8AFE83C709535CA1848.e.7826/click - {}
RESULT: {}
RESULT: {}
COMMAND: GET /session/ff0536b58743eaf2c437238d004892b9/screenshot - {}
RESULT: {}
COMMAND: POST /session/ff0536b58743eaf2c437238d004892b9/element - {"using":"xpath","value":"//bdi[contains(text(), \"Commercial\")]"}
RESULT: {"using":"xpath","value":"//bdi[contains(text(), \"Commercial\")]"}
COMMAND: POST /session/ff0536b58743eaf2c437238d004892b9/element/f.BB3617BF1549F1B1531810C266B34E3A.d.6DD3A750EF12F8AFE83C709535CA1848.e.7827/click - {}
RESULT: {}
COMMAND: GET /session/ff0536b58743eaf2c437238d004892b9/screenshot - {}
RESULT: {}
COMMAND: POST /session/ff0536b58743eaf2c437238d004892b9/execute/async - {"script":"<script> [1562 bytes]","args":[{"selector":{"id":"application-managepartners-display-component---NewPartner--partnerDetailInternal-arrow"},"wdio_ui5_key":"applicationmanagepartners-display-component---NewPartner--partnerDetailInternal-arrow"}]}
RESULT: {"script":"<script> [1562 bytes]","args":[{"selector":{"id":"application-managepartners-display-component---NewPartner--partnerDetailInternal-arrow"},"wdio_ui5_key":"applicationmanagepartners-display-component---NewPartner--partnerDetailInternal-arrow"}]}
RESULT: undefined
COMMAND: POST /session/ff0536b58743eaf2c437238d004892b9/element - {"using":"xpath","value":"//*[@id=\"application-managepartners-display-component---NewPartner--partnerDetailInternal-arrow\"]"}
RESULT: {"using":"xpath","value":"//*[@id=\"application-managepartners-display-component---NewPartner--partnerDetailInternal-arrow\"]"}
COMMAND: POST /session/ff0536b58743eaf2c437238d004892b9/element/f.BB3617BF1549F1B1531810C266B34E3A.d.6DD3A750EF12F8AFE83C709535CA1848.e.7833/click - {}
RESULT: {}
COMMAND: POST /session/ff0536b58743eaf2c437238d004892b9/element - {"using":"xpath","value":"//span[contains(text(), \"Affiliated company\")]"}
COMMAND: GET /session/ff0536b58743eaf2c437238d004892b9/screenshot - {}
RESULT: {"using":"xpath","value":"//span[contains(text(), \"Affiliated company\")]"}
COMMAND: POST /session/ff0536b58743eaf2c437238d004892b9/element/f.BB3617BF1549F1B1531810C266B34E3A.d.6DD3A750EF12F8AFE83C709535CA1848.e.7834/click - {}
RESULT: {}
RESULT: {}
COMMAND: POST /session/ff0536b58743eaf2c437238d004892b9/execute/async - {"script":"<script> [1562 bytes]","args":[{"selector":{"id":"application-managepartners-display-component---NewPartner--partnerDetailsCurrency-arrow"},"wdio_ui5_key":"applicationmanagepartners-display-component---NewPartner--partnerDetailsCurrency-arrow"}]}
COMMAND: GET /session/ff0536b58743eaf2c437238d004892b9/screenshot - {}
RESULT: {"script":"<script> [1562 bytes]","args":[{"selector":{"id":"application-managepartners-display-component---NewPartner--partnerDetailsCurrency-arrow"},"wdio_ui5_key":"applicationmanagepartners-display-component---NewPartner--partnerDetailsCurrency-arrow"}]}
RESULT: undefined
COMMAND: POST /session/ff0536b58743eaf2c437238d004892b9/element - {"using":"xpath","value":"//*[@id=\"application-managepartners-display-component---NewPartner--partnerDetailsCurrency-arrow\"]"}
RESULT: {}
RESULT: {"using":"xpath","value":"//*[@id=\"application-managepartners-display-component---NewPartner--partnerDetailsCurrency-arrow\"]"}
COMMAND: POST /session/ff0536b58743eaf2c437238d004892b9/element/f.BB3617BF1549F1B1531810C266B34E3A.d.6DD3A750EF12F8AFE83C709535CA1848.e.7841/click - {}
RESULT: {}
COMMAND: POST /session/ff0536b58743eaf2c437238d004892b9/element - {"using":"xpath","value":"//span[contains(text(), \"Euro\")]"}
COMMAND: GET /session/ff0536b58743eaf2c437238d004892b9/screenshot - {}
RESULT: {"using":"xpath","value":"//span[contains(text(), \"Euro\")]"}
COMMAND: POST /session/ff0536b58743eaf2c437238d004892b9/element/f.BB3617BF1549F1B1531810C266B34E3A.d.6DD3A750EF12F8AFE83C709535CA1848.e.7842/click - {}
RESULT: {}
RESULT: {}
COMMAND: POST /session/ff0536b58743eaf2c437238d004892b9/execute/async - {"script":"<script> [1562 bytes]","args":[{"selector":{"id":"application-managepartners-display-component---NewPartner--addressEditDetailsCostObjectCstType-arrow"},"wdio_ui5_key":"applicationmanagepartners-display-component---NewPartner--addressEditDetailsCostObjectCstType-arrow"}]}
COMMAND: GET /session/ff0536b58743eaf2c437238d004892b9/screenshot - {}
RESULT: {"script":"<script> [1562 bytes]","args":[{"selector":{"id":"application-managepartners-display-component---NewPartner--addressEditDetailsCostObjectCstType-arrow"},"wdio_ui5_key":"applicationmanagepartners-display-component---NewPartner--addressEditDetailsCostObjectCstType-arrow"}]}
RESULT: undefined
COMMAND: POST /session/ff0536b58743eaf2c437238d004892b9/element - {"using":"xpath","value":"//*[@id=\"application-managepartners-display-component---NewPartner--addressEditDetailsCostObjectCstType-arrow\"]"}
RESULT: {}
RESULT: {"using":"xpath","value":"//*[@id=\"application-managepartners-display-component---NewPartner--addressEditDetailsCostObjectCstType-arrow\"]"}
COMMAND: POST /session/ff0536b58743eaf2c437238d004892b9/element/f.BB3617BF1549F1B1531810C266B34E3A.d.6DD3A750EF12F8AFE83C709535CA1848.e.7843/click - {}
RESULT: {}
COMMAND: POST /session/ff0536b58743eaf2c437238d004892b9/element - {"using":"xpath","value":"//span[contains(text(), \"Cost Center\")]"}
COMMAND: GET /session/ff0536b58743eaf2c437238d004892b9/screenshot - {}
RESULT: {"using":"xpath","value":"//span[contains(text(), \"Cost Center\")]"}
COMMAND: POST /session/ff0536b58743eaf2c437238d004892b9/element/f.BB3617BF1549F1B1531810C266B34E3A.d.6DD3A750EF12F8AFE83C709535CA1848.e.7844/click - {}
RESULT: {}
RESULT: {}
COMMAND: GET /session/ff0536b58743eaf2c437238d004892b9/screenshot - {}
RESULT: {}
COMMAND: POST /session/ff0536b58743eaf2c437238d004892b9/element - {"using":"xpath","value":"//span[@id=\"application-managepartners-display-component---NewPartner--addressNewCostObjectCstID-vhi\"]"}
RESULT: {"using":"xpath","value":"//span[@id=\"application-managepartners-display-component---NewPartner--addressNewCostObjectCstID-vhi\"]"}
COMMAND: POST /session/ff0536b58743eaf2c437238d004892b9/execute/sync - {"script":"<script> [8489 bytes]","args":[{"element-6066-11e4-a52e-4f735466cecf":"f.BB3617BF1549F1B1531810C266B34E3A.d.6DD3A750EF12F8AFE83C709535CA1848.e.7848","ELEMENT":"f.BB3617BF1549F1B1531810C266B34E3A.d.6DD3A750EF12F8AFE83C709535CA1848.e.7848"}]}
RESULT: {"script":"<script> [8489 bytes]","args":[{"element-6066-11e4-a52e-4f735466cecf":"f.BB3617BF1549F1B1531810C266B34E3A.d.6DD3A750EF12F8AFE83C709535CA1848.e.7848","ELEMENT":"f.BB3617BF1549F1B1531810C266B34E3A.d.6DD3A750EF12F8AFE83C709535CA1848.e.7848"}]}
COMMAND: POST /session/ff0536b58743eaf2c437238d004892b9/execute/async - {"script":"<script> [1562 bytes]","args":[{"selector":{"id":"application-managepartners-display-component---NewPartner--addressNewCostObjectCstID-vhi"},"wdio_ui5_key":"applicationmanagepartners-display-component---NewPartner--addressNewCostObjectCstID-vhi"}]}
COMMAND: GET /session/ff0536b58743eaf2c437238d004892b9/screenshot - {}
RESULT: {"script":"<script> [1562 bytes]","args":[{"selector":{"id":"application-managepartners-display-component---NewPartner--addressNewCostObjectCstID-vhi"},"wdio_ui5_key":"applicationmanagepartners-display-component---NewPartner--addressNewCostObjectCstID-vhi"}]}
RESULT: undefined
COMMAND: POST /session/ff0536b58743eaf2c437238d004892b9/element - {"using":"xpath","value":"//*[@id=\"application-managepartners-display-component---NewPartner--addressNewCostObjectCstID-vhi\"]"}
RESULT: {}
RESULT: {"using":"xpath","value":"//*[@id=\"application-managepartners-display-component---NewPartner--addressNewCostObjectCstID-vhi\"]"}
COMMAND: POST /session/ff0536b58743eaf2c437238d004892b9/element/f.BB3617BF1549F1B1531810C266B34E3A.d.6DD3A750EF12F8AFE83C709535CA1848.e.7848/click - {}
RESULT: {}
COMMAND: GET /session/ff0536b58743eaf2c437238d004892b9/screenshot - {}
RESULT: {}
RESULT: undefined
COMMAND: POST /session/ff0536b58743eaf2c437238d004892b9/execute/async - {"script":"<script> [776 bytes]","args":[{"enterText":"10001013","selector":{"controlType":"sap.m.SearchField","properties":{"placeholder":"Search"},"searchOpenDialogs":true,"interaction":{"idSuffix":"I"}},"clearTextFirst":true,"interactionType":"ENTER_TEXT"}]}
RESULT: {"script":"<script> [776 bytes]","args":[{"enterText":"10001013","selector":{"controlType":"sap.m.SearchField","properties":{"placeholder":"Search"},"searchOpenDialogs":true,"interaction":{"idSuffix":"I"}},"clearTextFirst":true,"interactionType":"ENTER_TEXT"}]}
COMMAND: POST /session/ff0536b58743eaf2c437238d004892b9/actions - {"actions":[{"id":"action21","type":"key","parameters":{},"actions":[{"type":"keyDown","value":"î€‡"},{"type":"pause","duration":10},{"type":"keyUp","value":"î€‡"}]}]}
RESULT: {"actions":[{"id":"action21","type":"key","parameters":{},"actions":[{"type":"keyDown","value":"î€‡"},{"type":"pause","duration":10},{"type":"keyUp","value":"î€‡"}]}]}
COMMAND: GET /session/ff0536b58743eaf2c437238d004892b9/screenshot - {}
RESULT: {}
COMMAND: POST /session/ff0536b58743eaf2c437238d004892b9/element - {"using":"xpath","value":"//span[contains(text(), \"General Management\")]"}
RESULT: {"using":"xpath","value":"//span[contains(text(), \"General Management\")]"}
COMMAND: POST /session/ff0536b58743eaf2c437238d004892b9/element/f.BB3617BF1549F1B1531810C266B34E3A.d.6DD3A750EF12F8AFE83C709535CA1848.e.7888/click - {}
RESULT: {}
COMMAND: GET /session/ff0536b58743eaf2c437238d004892b9/screenshot - {}
RESULT: {}
COMMAND: POST /session/ff0536b58743eaf2c437238d004892b9/element - {"using":"xpath","value":"//bdi[contains(text(), \"OK\")]"}
RESULT: {"using":"xpath","value":"//bdi[contains(text(), \"OK\")]"}
COMMAND: POST /session/ff0536b58743eaf2c437238d004892b9/element/f.BB3617BF1549F1B1531810C266B34E3A.d.6DD3A750EF12F8AFE83C709535CA1848.e.7889/click - {}
RESULT: {}
COMMAND: GET /session/ff0536b58743eaf2c437238d004892b9/screenshot - {}
RESULT: {}
COMMAND: POST /session/ff0536b58743eaf2c437238d004892b9/element - {"using":"xpath","value":"//input[@id=\"application-managepartners-display-component---NewPartner--companyCodeComboBox-inner\"]"}
RESULT: {"using":"xpath","value":"//input[@id=\"application-managepartners-display-component---NewPartner--companyCodeComboBox-inner\"]"}
COMMAND: POST /session/ff0536b58743eaf2c437238d004892b9/element/f.BB3617BF1549F1B1531810C266B34E3A.d.6DD3A750EF12F8AFE83C709535CA1848.e.7692/clear - {}
RESULT: {}
COMMAND: POST /session/ff0536b58743eaf2c437238d004892b9/element/f.BB3617BF1549F1B1531810C266B34E3A.d.6DD3A750EF12F8AFE83C709535CA1848.e.7692/value - {"text":"C002"}
COMMAND: GET /session/ff0536b58743eaf2c437238d004892b9/screenshot - {}
RESULT: {"text":"C002"}
COMMAND: GET /session/ff0536b58743eaf2c437238d004892b9/screenshot - {}
RESULT: {}
RESULT: {}
COMMAND: POST /session/ff0536b58743eaf2c437238d004892b9/element - {"using":"xpath","value":"//li[.//span[text()= \"C002\"]]"}
RESULT: {"using":"xpath","value":"//li[.//span[text()= \"C002\"]]"}
COMMAND: POST /session/ff0536b58743eaf2c437238d004892b9/element/f.BB3617BF1549F1B1531810C266B34E3A.d.6DD3A750EF12F8AFE83C709535CA1848.e.7895/click - {}
RESULT: {}
COMMAND: GET /session/ff0536b58743eaf2c437238d004892b9/screenshot - {}
RESULT: {}
COMMAND: POST /session/ff0536b58743eaf2c437238d004892b9/execute/async - {"script":"<script> [1562 bytes]","args":[{"selector":{"id":"application-managepartners-display-component---NewPartner--btnAddTableRow-img"},"wdio_ui5_key":"applicationmanagepartners-display-component---NewPartner--btnAddTableRow-img"}]}
RESULT: {"script":"<script> [1562 bytes]","args":[{"selector":{"id":"application-managepartners-display-component---NewPartner--btnAddTableRow-img"},"wdio_ui5_key":"applicationmanagepartners-display-component---NewPartner--btnAddTableRow-img"}]}
RESULT: undefined
COMMAND: POST /session/ff0536b58743eaf2c437238d004892b9/element - {"using":"xpath","value":"//*[@id=\"application-managepartners-display-component---NewPartner--btnAddTableRow-img\"]"}
RESULT: {"using":"xpath","value":"//*[@id=\"application-managepartners-display-component---NewPartner--btnAddTableRow-img\"]"}
COMMAND: POST /session/ff0536b58743eaf2c437238d004892b9/element/f.BB3617BF1549F1B1531810C266B34E3A.d.6DD3A750EF12F8AFE83C709535CA1848.e.7896/click - {}
RESULT: {}
COMMAND: GET /session/ff0536b58743eaf2c437238d004892b9/screenshot - {}
RESULT: {}
COMMAND: POST /session/ff0536b58743eaf2c437238d004892b9/element - {"using":"xpath","value":"//input[@id=\"application-managepartners-display-component---NewPartner--assignmentYard-application-managepartners-display-component---NewPartner--assignmentsTable-0-inner\"]"}
RESULT: {"using":"xpath","value":"//input[@id=\"application-managepartners-display-component---NewPartner--assignmentYard-application-managepartners-display-component---NewPartner--assignmentsTable-0-inner\"]"}
COMMAND: POST /session/ff0536b58743eaf2c437238d004892b9/element/f.BB3617BF1549F1B1531810C266B34E3A.d.6DD3A750EF12F8AFE83C709535CA1848.e.7899/clear - {}
RESULT: {}
COMMAND: POST /session/ff0536b58743eaf2c437238d004892b9/element/f.BB3617BF1549F1B1531810C266B34E3A.d.6DD3A750EF12F8AFE83C709535CA1848.e.7899/value - {"text":"411"}
COMMAND: GET /session/ff0536b58743eaf2c437238d004892b9/screenshot - {}
RESULT: {"text":"411"}
COMMAND: GET /session/ff0536b58743eaf2c437238d004892b9/screenshot - {}
RESULT: {}
RESULT: {}
COMMAND: POST /session/ff0536b58743eaf2c437238d004892b9/element - {"using":"xpath","value":"//li[.//span[text()='411']]"}
RESULT: {"using":"xpath","value":"//li[.//span[text()='411']]"}
COMMAND: POST /session/ff0536b58743eaf2c437238d004892b9/element/f.BB3617BF1549F1B1531810C266B34E3A.d.6DD3A750EF12F8AFE83C709535CA1848.e.7908/click - {}
RESULT: {}
COMMAND: GET /session/ff0536b58743eaf2c437238d004892b9/screenshot - {}
RESULT: {}
COMMAND: POST /session/ff0536b58743eaf2c437238d004892b9/actions - {"actions":[{"id":"action22","type":"key","parameters":{},"actions":[{"type":"keyDown","value":"î€‡"},{"type":"pause","duration":10},{"type":"keyUp","value":"î€‡"}]}]}
RESULT: {"actions":[{"id":"action22","type":"key","parameters":{},"actions":[{"type":"keyDown","value":"î€‡"},{"type":"pause","duration":10},{"type":"keyUp","value":"î€‡"}]}]}
COMMAND: POST /session/ff0536b58743eaf2c437238d004892b9/execute/async - {"script":"<script> [1562 bytes]","args":[{"selector":{"id":"application-managepartners-display-component---NewPartner--externalCustomerComboBox-application-managepartners-display-component---NewPartner--assignmentsTable-0-vhi"},"wdio_ui5_key":"applicationmanagepartners-display-component---NewPartner--externalCustomerComboBox-application-managepartners-display-component---NewPartner--assignmentsTable-0-vhi"}]}
COMMAND: GET /session/ff0536b58743eaf2c437238d004892b9/screenshot - {}
RESULT: {"script":"<script> [1562 bytes]","args":[{"selector":{"id":"application-managepartners-display-component---NewPartner--externalCustomerComboBox-application-managepartners-display-component---NewPartner--assignmentsTable-0-vhi"},"wdio_ui5_key":"applicationmanagepartners-display-component---NewPartner--externalCustomerComboBox-application-managepartners-display-component---NewPartner--assignmentsTable-0-vhi"}]}
RESULT: undefined
COMMAND: POST /session/ff0536b58743eaf2c437238d004892b9/element - {"using":"xpath","value":"//*[@id=\"application-managepartners-display-component---NewPartner--externalCustomerComboBox-application-managepartners-display-component---NewPartner--assignmentsTable-0-vhi\"]"}
RESULT: {}
RESULT: {"using":"xpath","value":"//*[@id=\"application-managepartners-display-component---NewPartner--externalCustomerComboBox-application-managepartners-display-component---NewPartner--assignmentsTable-0-vhi\"]"}
COMMAND: POST /session/ff0536b58743eaf2c437238d004892b9/element/f.BB3617BF1549F1B1531810C266B34E3A.d.6DD3A750EF12F8AFE83C709535CA1848.e.7912/click - {}
RESULT: {}
RESULT: undefined
COMMAND: POST /session/ff0536b58743eaf2c437238d004892b9/execute/async - {"script":"<script> [776 bytes]","args":[{"enterText":"300003","selector":{"controlType":"sap.m.SearchField","properties":{"placeholder":"Search"},"searchOpenDialogs":true,"interaction":{"idSuffix":"I"}},"clearTextFirst":true,"interactionType":"ENTER_TEXT"}]}
COMMAND: GET /session/ff0536b58743eaf2c437238d004892b9/screenshot - {}
RESULT: {"script":"<script> [776 bytes]","args":[{"enterText":"300003","selector":{"controlType":"sap.m.SearchField","properties":{"placeholder":"Search"},"searchOpenDialogs":true,"interaction":{"idSuffix":"I"}},"clearTextFirst":true,"interactionType":"ENTER_TEXT"}]}
COMMAND: POST /session/ff0536b58743eaf2c437238d004892b9/actions - {"actions":[{"id":"action23","type":"key","parameters":{},"actions":[{"type":"keyDown","value":"î€‡"},{"type":"pause","duration":10},{"type":"keyUp","value":"î€‡"}]}]}
RESULT: {}
RESULT: {"actions":[{"id":"action23","type":"key","parameters":{},"actions":[{"type":"keyDown","value":"î€‡"},{"type":"pause","duration":10},{"type":"keyUp","value":"î€‡"}]}]}
COMMAND: GET /session/ff0536b58743eaf2c437238d004892b9/screenshot - {}
RESULT: {}
COMMAND: POST /session/ff0536b58743eaf2c437238d004892b9/element - {"using":"xpath","value":"//span[contains(text(), \"300003\")]"}
RESULT: {"using":"xpath","value":"//span[contains(text(), \"300003\")]"}
COMMAND: POST /session/ff0536b58743eaf2c437238d004892b9/element/f.BB3617BF1549F1B1531810C266B34E3A.d.6DD3A750EF12F8AFE83C709535CA1848.e.7930/click - {}
RESULT: {}
COMMAND: GET /session/ff0536b58743eaf2c437238d004892b9/screenshot - {}
RESULT: {}
COMMAND: POST /session/ff0536b58743eaf2c437238d004892b9/element - {"using":"xpath","value":"//bdi[contains(text(), \"OK\")]"}
RESULT: {"using":"xpath","value":"//bdi[contains(text(), \"OK\")]"}
COMMAND: POST /session/ff0536b58743eaf2c437238d004892b9/element/f.BB3617BF1549F1B1531810C266B34E3A.d.6DD3A750EF12F8AFE83C709535CA1848.e.7932/click - {}
RESULT: {}
COMMAND: GET /session/ff0536b58743eaf2c437238d004892b9/screenshot - {}
RESULT: {}
COMMAND: POST /session/ff0536b58743eaf2c437238d004892b9/execute/async - {"script":"<script> [1562 bytes]","args":[{"selector":{"id":"application-managepartners-display-component---NewPartner--intercompVendorComboBox-application-managepartners-display-component---NewPartner--assignmentsTable-0-vhi"},"wdio_ui5_key":"applicationmanagepartners-display-component---NewPartner--intercompVendorComboBox-application-managepartners-display-component---NewPartner--assignmentsTable-0-vhi"}]}
RESULT: {"script":"<script> [1562 bytes]","args":[{"selector":{"id":"application-managepartners-display-component---NewPartner--intercompVendorComboBox-application-managepartners-display-component---NewPartner--assignmentsTable-0-vhi"},"wdio_ui5_key":"applicationmanagepartners-display-component---NewPartner--intercompVendorComboBox-application-managepartners-display-component---NewPartner--assignmentsTable-0-vhi"}]}
RESULT: undefined
COMMAND: POST /session/ff0536b58743eaf2c437238d004892b9/element - {"using":"xpath","value":"//*[@id=\"application-managepartners-display-component---NewPartner--intercompVendorComboBox-application-managepartners-display-component---NewPartner--assignmentsTable-0-vhi\"]"}
RESULT: {"using":"xpath","value":"//*[@id=\"application-managepartners-display-component---NewPartner--intercompVendorComboBox-application-managepartners-display-component---NewPartner--assignmentsTable-0-vhi\"]"}
COMMAND: POST /session/ff0536b58743eaf2c437238d004892b9/element/f.BB3617BF1549F1B1531810C266B34E3A.d.6DD3A750EF12F8AFE83C709535CA1848.e.7935/click - {}
RESULT: {}
RESULT: undefined
COMMAND: POST /session/ff0536b58743eaf2c437238d004892b9/execute/async - {"script":"<script> [776 bytes]","args":[{"enterText":"100005","selector":{"controlType":"sap.m.SearchField","properties":{"placeholder":"Search"},"searchOpenDialogs":true,"interaction":{"idSuffix":"I"}},"clearTextFirst":true,"interactionType":"ENTER_TEXT"}]}
COMMAND: GET /session/ff0536b58743eaf2c437238d004892b9/screenshot - {}
RESULT: {"script":"<script> [776 bytes]","args":[{"enterText":"100005","selector":{"controlType":"sap.m.SearchField","properties":{"placeholder":"Search"},"searchOpenDialogs":true,"interaction":{"idSuffix":"I"}},"clearTextFirst":true,"interactionType":"ENTER_TEXT"}]}
COMMAND: POST /session/ff0536b58743eaf2c437238d004892b9/actions - {"actions":[{"id":"action24","type":"key","parameters":{},"actions":[{"type":"keyDown","value":"î€‡"},{"type":"pause","duration":10},{"type":"keyUp","value":"î€‡"}]}]}
RESULT: {}
RESULT: {"actions":[{"id":"action24","type":"key","parameters":{},"actions":[{"type":"keyDown","value":"î€‡"},{"type":"pause","duration":10},{"type":"keyUp","value":"î€‡"}]}]}
COMMAND: GET /session/ff0536b58743eaf2c437238d004892b9/screenshot - {}
RESULT: {}
COMMAND: POST /session/ff0536b58743eaf2c437238d004892b9/element - {"using":"xpath","value":"//span[contains(text(), \"Penguins - Field/12345 Berlin\")]"}
RESULT: {"using":"xpath","value":"//span[contains(text(), \"Penguins - Field/12345 Berlin\")]"}
COMMAND: POST /session/ff0536b58743eaf2c437238d004892b9/element/f.BB3617BF1549F1B1531810C266B34E3A.d.6DD3A750EF12F8AFE83C709535CA1848.e.7952/click - {}
RESULT: {}
COMMAND: GET /session/ff0536b58743eaf2c437238d004892b9/screenshot - {}
RESULT: {}
COMMAND: POST /session/ff0536b58743eaf2c437238d004892b9/element - {"using":"xpath","value":"//bdi[contains(text(), \"OK\")]"}
RESULT: {"using":"xpath","value":"//bdi[contains(text(), \"OK\")]"}
COMMAND: POST /session/ff0536b58743eaf2c437238d004892b9/element/f.BB3617BF1549F1B1531810C266B34E3A.d.6DD3A750EF12F8AFE83C709535CA1848.e.7953/click - {}
RESULT: {}
COMMAND: GET /session/ff0536b58743eaf2c437238d004892b9/screenshot - {}
RESULT: {}
COMMAND: POST /session/ff0536b58743eaf2c437238d004892b9/element - {"using":"xpath","value":"//button[@data-kt=\"saveButton\"]"}
RESULT: {"using":"xpath","value":"//button[@data-kt=\"saveButton\"]"}
COMMAND: POST /session/ff0536b58743eaf2c437238d004892b9/element/f.BB3617BF1549F1B1531810C266B34E3A.d.6DD3A750EF12F8AFE83C709535CA1848.e.7722/click - {}
RESULT: {}
COMMAND: GET /session/ff0536b58743eaf2c437238d004892b9/screenshot - {}
RESULT: {}
COMMAND: POST /session/ff0536b58743eaf2c437238d004892b9/element - {"using":"xpath","value":"//header[contains(@id, 'ObjectPageLayout-headerTitle')]/div[1]/div[2]/div[2]/span[1]"}
RESULT: {"using":"xpath","value":"//header[contains(@id, 'ObjectPageLayout-headerTitle')]/div[1]/div[2]/div[2]/span[1]"}
COMMAND: POST /session/ff0536b58743eaf2c437238d004892b9/elements - {"using":"xpath","value":"//header[contains(@id, 'ObjectPageLayout-headerTitle')]/div[1]/div[2]/div[2]/span[1]"}
RESULT: {"using":"xpath","value":"//header[contains(@id, 'ObjectPageLayout-headerTitle')]/div[1]/div[2]/div[2]/span[1]"}
COMMAND: POST /session/ff0536b58743eaf2c437238d004892b9/execute/sync - {"script":"<script> [56 bytes]","args":[{"element-6066-11e4-a52e-4f735466cecf":"f.BB3617BF1549F1B1531810C266B34E3A.d.6DD3A750EF12F8AFE83C709535CA1848.e.8119","ELEMENT":"f.BB3617BF1549F1B1531810C266B34E3A.d.6DD3A750EF12F8AFE83C709535CA1848.e.8119"}]}
RESULT: {"script":"<script> [56 bytes]","args":[{"element-6066-11e4-a52e-4f735466cecf":"f.BB3617BF1549F1B1531810C266B34E3A.d.6DD3A750EF12F8AFE83C709535CA1848.e.8119","ELEMENT":"f.BB3617BF1549F1B1531810C266B34E3A.d.6DD3A750EF12F8AFE83C709535CA1848.e.8119"}]}
COMMAND: POST /session/ff0536b58743eaf2c437238d004892b9/element - {"using":"css selector","value":"#shell-header-logo"}
COMMAND: GET /session/ff0536b58743eaf2c437238d004892b9/screenshot - {}
RESULT: {"using":"css selector","value":"#shell-header-logo"}
COMMAND: POST /session/ff0536b58743eaf2c437238d004892b9/element/f.BB3617BF1549F1B1531810C266B34E3A.d.6DD3A750EF12F8AFE83C709535CA1848.e.7337/click - {}
RESULT: {}
RESULT: {}
COMMAND: GET /session/ff0536b58743eaf2c437238d004892b9/screenshot - {}
RESULT: {}
COMMAND: POST /session/ff0536b58743eaf2c437238d004892b9/execute/sync - {"script":"<script> [299 bytes]","args":[["getModel","getResource"]]}
RESULT: {"script":"<script> [299 bytes]","args":[["getModel","getResource"]]}
]]></system-out>
    </testcase>
    <testcase classname="chrome.136_0_7103_93.windows.Create_master_data_for_mixed_billing_&amp;_do_billing_calculation_US151661" name="Should create a new site" time="141.416">
      <system-out><![CDATA[
COMMAND: POST /session/ff0536b58743eaf2c437238d004892b9/execute/async - {"script":"<script> [1562 bytes]","args":[{"selector":{"controlType":"sap.m.GenericTile","properties":{"header":"Manage Sites"}},"wdio_ui5_key":"sapm.GenericTile{\"header\":\"Manage Sites\"}"}]}
COMMAND: GET /session/ff0536b58743eaf2c437238d004892b9/screenshot - {}
RESULT: {"script":"<script> [1562 bytes]","args":[{"selector":{"controlType":"sap.m.GenericTile","properties":{"header":"Manage Sites"}},"wdio_ui5_key":"sapm.GenericTile{\"header\":\"Manage Sites\"}"}]}
RESULT: undefined
COMMAND: POST /session/ff0536b58743eaf2c437238d004892b9/element - {"using":"xpath","value":"//*[@id=\"__tile40\"]"}
RESULT: {}
RESULT: {"using":"xpath","value":"//*[@id=\"__tile40\"]"}
COMMAND: POST /session/ff0536b58743eaf2c437238d004892b9/element/f.BB3617BF1549F1B1531810C266B34E3A.d.6DD3A750EF12F8AFE83C709535CA1848.e.6478/click - {}
RESULT: {}
COMMAND: GET /session/ff0536b58743eaf2c437238d004892b9/screenshot - {}
RESULT: {}
COMMAND: POST /session/ff0536b58743eaf2c437238d004892b9/elements - {"using":"xpath","value":"//span[text()='Error']"}
RESULT: {"using":"xpath","value":"//span[text()='Error']"}
COMMAND: POST /session/ff0536b58743eaf2c437238d004892b9/element - {"using":"xpath","value":"//button[@data-kt=\"addOverflowToolbarButton\"]"}
RESULT: {"using":"xpath","value":"//button[@data-kt=\"addOverflowToolbarButton\"]"}
COMMAND: POST /session/ff0536b58743eaf2c437238d004892b9/elements - {"using":"xpath","value":"//button[@data-kt=\"addOverflowToolbarButton\"]"}
RESULT: {"using":"xpath","value":"//button[@data-kt=\"addOverflowToolbarButton\"]"}
COMMAND: POST /session/ff0536b58743eaf2c437238d004892b9/execute/sync - {"script":"<script> [8489 bytes]","args":[{"element-6066-11e4-a52e-4f735466cecf":"f.BB3617BF1549F1B1531810C266B34E3A.d.6DD3A750EF12F8AFE83C709535CA1848.e.8166","ELEMENT":"f.BB3617BF1549F1B1531810C266B34E3A.d.6DD3A750EF12F8AFE83C709535CA1848.e.8166"}]}
RESULT: {"script":"<script> [8489 bytes]","args":[{"element-6066-11e4-a52e-4f735466cecf":"f.BB3617BF1549F1B1531810C266B34E3A.d.6DD3A750EF12F8AFE83C709535CA1848.e.8166","ELEMENT":"f.BB3617BF1549F1B1531810C266B34E3A.d.6DD3A750EF12F8AFE83C709535CA1848.e.8166"}]}
COMMAND: GET /session/ff0536b58743eaf2c437238d004892b9/element/f.BB3617BF1549F1B1531810C266B34E3A.d.6DD3A750EF12F8AFE83C709535CA1848.e.8166/enabled - {}
COMMAND: GET /session/ff0536b58743eaf2c437238d004892b9/screenshot - {}
RESULT: {}
COMMAND: POST /session/ff0536b58743eaf2c437238d004892b9/execute/sync - {"script":"<script> [8489 bytes]","args":[{"element-6066-11e4-a52e-4f735466cecf":"f.BB3617BF1549F1B1531810C266B34E3A.d.6DD3A750EF12F8AFE83C709535CA1848.e.8166","ELEMENT":"f.BB3617BF1549F1B1531810C266B34E3A.d.6DD3A750EF12F8AFE83C709535CA1848.e.8166"}]}
COMMAND: GET /session/ff0536b58743eaf2c437238d004892b9/screenshot - {}
RESULT: {}
RESULT: {"script":"<script> [8489 bytes]","args":[{"element-6066-11e4-a52e-4f735466cecf":"f.BB3617BF1549F1B1531810C266B34E3A.d.6DD3A750EF12F8AFE83C709535CA1848.e.8166","ELEMENT":"f.BB3617BF1549F1B1531810C266B34E3A.d.6DD3A750EF12F8AFE83C709535CA1848.e.8166"}]}
COMMAND: POST /session/ff0536b58743eaf2c437238d004892b9/execute/sync - {"script":"<script> [5351 bytes]","args":[{"element-6066-11e4-a52e-4f735466cecf":"f.BB3617BF1549F1B1531810C266B34E3A.d.6DD3A750EF12F8AFE83C709535CA1848.e.8166","ELEMENT":"f.BB3617BF1549F1B1531810C266B34E3A.d.6DD3A750EF12F8AFE83C709535CA1848.e.8166"}]}
COMMAND: GET /session/ff0536b58743eaf2c437238d004892b9/screenshot - {}
RESULT: {}
RESULT: {"script":"<script> [5351 bytes]","args":[{"element-6066-11e4-a52e-4f735466cecf":"f.BB3617BF1549F1B1531810C266B34E3A.d.6DD3A750EF12F8AFE83C709535CA1848.e.8166","ELEMENT":"f.BB3617BF1549F1B1531810C266B34E3A.d.6DD3A750EF12F8AFE83C709535CA1848.e.8166"}]}
COMMAND: POST /session/ff0536b58743eaf2c437238d004892b9/element/f.BB3617BF1549F1B1531810C266B34E3A.d.6DD3A750EF12F8AFE83C709535CA1848.e.8166/click - {}
COMMAND: GET /session/ff0536b58743eaf2c437238d004892b9/screenshot - {}
RESULT: {}
RESULT: {}
COMMAND: GET /session/ff0536b58743eaf2c437238d004892b9/screenshot - {}
RESULT: {}
RESULT: {}
COMMAND: POST /session/ff0536b58743eaf2c437238d004892b9/element - {"using":"xpath","value":"//input[@id=\"application-managesites-display-component---NewSite--siteId-inner\"]"}
RESULT: {"using":"xpath","value":"//input[@id=\"application-managesites-display-component---NewSite--siteId-inner\"]"}
COMMAND: POST /session/ff0536b58743eaf2c437238d004892b9/element - {"using":"xpath","value":"//input[@id=\"application-managesites-display-component---NewSite--siteId-inner\"]"}
RESULT: {"using":"xpath","value":"//input[@id=\"application-managesites-display-component---NewSite--siteId-inner\"]"}
COMMAND: POST /session/ff0536b58743eaf2c437238d004892b9/execute/async - {"script":"<script> [1562 bytes]","args":[{"selector":{"id":"application-managesites-display-component---NewSite--addressDetailDetailsName1","interaction":{"idSuffix":"inner"}},"wdio_ui5_key":"applicationmanagesites-display-component---NewSite--addressDetailDetailsName1"}]}
RESULT: {"script":"<script> [1562 bytes]","args":[{"selector":{"id":"application-managesites-display-component---NewSite--addressDetailDetailsName1","interaction":{"idSuffix":"inner"}},"wdio_ui5_key":"applicationmanagesites-display-component---NewSite--addressDetailDetailsName1"}]}
RESULT: undefined
COMMAND: POST /session/ff0536b58743eaf2c437238d004892b9/execute/async - {"script":"<script> [776 bytes]","args":[{"enterText":"Intercompany Site wdIO","selector":{"id":"application-managesites-display-component---NewSite--addressDetailDetailsName1","interaction":{"idSuffix":"inner"}},"clearTextFirst":true,"interactionType":"ENTER_TEXT"}]}
RESULT: {"script":"<script> [776 bytes]","args":[{"enterText":"Intercompany Site wdIO","selector":{"id":"application-managesites-display-component---NewSite--addressDetailDetailsName1","interaction":{"idSuffix":"inner"}},"clearTextFirst":true,"interactionType":"ENTER_TEXT"}]}
COMMAND: POST /session/ff0536b58743eaf2c437238d004892b9/execute/async - {"script":"<script> [1562 bytes]","args":[{"selector":{"id":"application-managesites-display-component---NewSite--addressDetailDetailsLanguage-arrow"},"wdio_ui5_key":"applicationmanagesites-display-component---NewSite--addressDetailDetailsLanguage-arrow"}]}
RESULT: {"script":"<script> [1562 bytes]","args":[{"selector":{"id":"application-managesites-display-component---NewSite--addressDetailDetailsLanguage-arrow"},"wdio_ui5_key":"applicationmanagesites-display-component---NewSite--addressDetailDetailsLanguage-arrow"}]}
RESULT: undefined
COMMAND: POST /session/ff0536b58743eaf2c437238d004892b9/element - {"using":"xpath","value":"//*[@id=\"application-managesites-display-component---NewSite--addressDetailDetailsLanguage-arrow\"]"}
RESULT: {"using":"xpath","value":"//*[@id=\"application-managesites-display-component---NewSite--addressDetailDetailsLanguage-arrow\"]"}
COMMAND: POST /session/ff0536b58743eaf2c437238d004892b9/element/f.BB3617BF1549F1B1531810C266B34E3A.d.6DD3A750EF12F8AFE83C709535CA1848.e.8580/click - {}
RESULT: {}
COMMAND: POST /session/ff0536b58743eaf2c437238d004892b9/element - {"using":"xpath","value":"//span[contains(text(), \"English\")]"}
COMMAND: GET /session/ff0536b58743eaf2c437238d004892b9/screenshot - {}
RESULT: {"using":"xpath","value":"//span[contains(text(), \"English\")]"}
COMMAND: POST /session/ff0536b58743eaf2c437238d004892b9/element/f.BB3617BF1549F1B1531810C266B34E3A.d.6DD3A750EF12F8AFE83C709535CA1848.e.8581/click - {}
RESULT: {}
RESULT: {}
COMMAND: POST /session/ff0536b58743eaf2c437238d004892b9/execute/async - {"script":"<script> [1562 bytes]","args":[{"selector":{"id":"application-managesites-display-component---NewSite--addressDetailDetailsCity1","interaction":{"idSuffix":"inner"}},"wdio_ui5_key":"applicationmanagesites-display-component---NewSite--addressDetailDetailsCity1"}]}
COMMAND: GET /session/ff0536b58743eaf2c437238d004892b9/screenshot - {}
RESULT: {"script":"<script> [1562 bytes]","args":[{"selector":{"id":"application-managesites-display-component---NewSite--addressDetailDetailsCity1","interaction":{"idSuffix":"inner"}},"wdio_ui5_key":"applicationmanagesites-display-component---NewSite--addressDetailDetailsCity1"}]}
RESULT: undefined
COMMAND: POST /session/ff0536b58743eaf2c437238d004892b9/execute/async - {"script":"<script> [776 bytes]","args":[{"enterText":"Rosario","selector":{"id":"application-managesites-display-component---NewSite--addressDetailDetailsCity1","interaction":{"idSuffix":"inner"}},"clearTextFirst":true,"interactionType":"ENTER_TEXT"}]}
RESULT: {}
RESULT: {"script":"<script> [776 bytes]","args":[{"enterText":"Rosario","selector":{"id":"application-managesites-display-component---NewSite--addressDetailDetailsCity1","interaction":{"idSuffix":"inner"}},"clearTextFirst":true,"interactionType":"ENTER_TEXT"}]}
COMMAND: POST /session/ff0536b58743eaf2c437238d004892b9/execute/async - {"script":"<script> [1562 bytes]","args":[{"selector":{"id":"application-managesites-display-component---NewSite--addressDetailDetailsCountry-arrow"},"wdio_ui5_key":"applicationmanagesites-display-component---NewSite--addressDetailDetailsCountry-arrow"}]}
RESULT: {"script":"<script> [1562 bytes]","args":[{"selector":{"id":"application-managesites-display-component---NewSite--addressDetailDetailsCountry-arrow"},"wdio_ui5_key":"applicationmanagesites-display-component---NewSite--addressDetailDetailsCountry-arrow"}]}
RESULT: undefined
COMMAND: POST /session/ff0536b58743eaf2c437238d004892b9/element - {"using":"xpath","value":"//*[@id=\"application-managesites-display-component---NewSite--addressDetailDetailsCountry-arrow\"]"}
RESULT: {"using":"xpath","value":"//*[@id=\"application-managesites-display-component---NewSite--addressDetailDetailsCountry-arrow\"]"}
COMMAND: POST /session/ff0536b58743eaf2c437238d004892b9/element/f.BB3617BF1549F1B1531810C266B34E3A.d.6DD3A750EF12F8AFE83C709535CA1848.e.8583/click - {}
RESULT: {}
COMMAND: POST /session/ff0536b58743eaf2c437238d004892b9/element - {"using":"xpath","value":"//span[contains(text(), \"Argentina\")]"}
COMMAND: GET /session/ff0536b58743eaf2c437238d004892b9/screenshot - {}
RESULT: {"using":"xpath","value":"//span[contains(text(), \"Argentina\")]"}
COMMAND: POST /session/ff0536b58743eaf2c437238d004892b9/element/f.BB3617BF1549F1B1531810C266B34E3A.d.6DD3A750EF12F8AFE83C709535CA1848.e.8584/click - {}
RESULT: {}
RESULT: {}
COMMAND: GET /session/ff0536b58743eaf2c437238d004892b9/screenshot - {}
RESULT: {}
COMMAND: POST /session/ff0536b58743eaf2c437238d004892b9/execute/async - {"script":"<script> [1562 bytes]","args":[{"selector":{"id":"application-managesites-display-component---NewSite--addressEditDetailsCostObjectCstType-arrow"},"wdio_ui5_key":"applicationmanagesites-display-component---NewSite--addressEditDetailsCostObjectCstType-arrow"}]}
RESULT: {"script":"<script> [1562 bytes]","args":[{"selector":{"id":"application-managesites-display-component---NewSite--addressEditDetailsCostObjectCstType-arrow"},"wdio_ui5_key":"applicationmanagesites-display-component---NewSite--addressEditDetailsCostObjectCstType-arrow"}]}
RESULT: undefined
COMMAND: POST /session/ff0536b58743eaf2c437238d004892b9/element - {"using":"xpath","value":"//*[@id=\"application-managesites-display-component---NewSite--addressEditDetailsCostObjectCstType-arrow\"]"}
RESULT: {"using":"xpath","value":"//*[@id=\"application-managesites-display-component---NewSite--addressEditDetailsCostObjectCstType-arrow\"]"}
COMMAND: POST /session/ff0536b58743eaf2c437238d004892b9/element/f.BB3617BF1549F1B1531810C266B34E3A.d.6DD3A750EF12F8AFE83C709535CA1848.e.8586/click - {}
RESULT: {}
COMMAND: POST /session/ff0536b58743eaf2c437238d004892b9/element - {"using":"xpath","value":"//span[contains(text(), \"Cost Center\")]"}
COMMAND: GET /session/ff0536b58743eaf2c437238d004892b9/screenshot - {}
RESULT: {"using":"xpath","value":"//span[contains(text(), \"Cost Center\")]"}
COMMAND: POST /session/ff0536b58743eaf2c437238d004892b9/element/f.BB3617BF1549F1B1531810C266B34E3A.d.6DD3A750EF12F8AFE83C709535CA1848.e.8587/click - {}
RESULT: {}
RESULT: {}
COMMAND: GET /session/ff0536b58743eaf2c437238d004892b9/screenshot - {}
RESULT: {}
COMMAND: POST /session/ff0536b58743eaf2c437238d004892b9/element - {"using":"xpath","value":"//span[@id=\"application-managesites-display-component---NewSite--addressNewCostObjectCstID-vhi\"]"}
RESULT: {"using":"xpath","value":"//span[@id=\"application-managesites-display-component---NewSite--addressNewCostObjectCstID-vhi\"]"}
COMMAND: POST /session/ff0536b58743eaf2c437238d004892b9/execute/sync - {"script":"<script> [8489 bytes]","args":[{"element-6066-11e4-a52e-4f735466cecf":"f.BB3617BF1549F1B1531810C266B34E3A.d.6DD3A750EF12F8AFE83C709535CA1848.e.8592","ELEMENT":"f.BB3617BF1549F1B1531810C266B34E3A.d.6DD3A750EF12F8AFE83C709535CA1848.e.8592"}]}
RESULT: {"script":"<script> [8489 bytes]","args":[{"element-6066-11e4-a52e-4f735466cecf":"f.BB3617BF1549F1B1531810C266B34E3A.d.6DD3A750EF12F8AFE83C709535CA1848.e.8592","ELEMENT":"f.BB3617BF1549F1B1531810C266B34E3A.d.6DD3A750EF12F8AFE83C709535CA1848.e.8592"}]}
COMMAND: POST /session/ff0536b58743eaf2c437238d004892b9/execute/async - {"script":"<script> [1562 bytes]","args":[{"selector":{"id":"application-managesites-display-component---NewSite--addressNewCostObjectCstID-vhi"},"wdio_ui5_key":"applicationmanagesites-display-component---NewSite--addressNewCostObjectCstID-vhi"}]}
COMMAND: GET /session/ff0536b58743eaf2c437238d004892b9/screenshot - {}
RESULT: {"script":"<script> [1562 bytes]","args":[{"selector":{"id":"application-managesites-display-component---NewSite--addressNewCostObjectCstID-vhi"},"wdio_ui5_key":"applicationmanagesites-display-component---NewSite--addressNewCostObjectCstID-vhi"}]}
RESULT: undefined
COMMAND: POST /session/ff0536b58743eaf2c437238d004892b9/element - {"using":"xpath","value":"//*[@id=\"application-managesites-display-component---NewSite--addressNewCostObjectCstID-vhi\"]"}
RESULT: {}
RESULT: {"using":"xpath","value":"//*[@id=\"application-managesites-display-component---NewSite--addressNewCostObjectCstID-vhi\"]"}
COMMAND: POST /session/ff0536b58743eaf2c437238d004892b9/element/f.BB3617BF1549F1B1531810C266B34E3A.d.6DD3A750EF12F8AFE83C709535CA1848.e.8592/click - {}
RESULT: {}
COMMAND: GET /session/ff0536b58743eaf2c437238d004892b9/screenshot - {}
RESULT: {}
RESULT: undefined
COMMAND: POST /session/ff0536b58743eaf2c437238d004892b9/execute/async - {"script":"<script> [776 bytes]","args":[{"enterText":"10001013","selector":{"controlType":"sap.m.SearchField","properties":{"placeholder":"Search"},"searchOpenDialogs":true,"interaction":{"idSuffix":"I"}},"clearTextFirst":true,"interactionType":"ENTER_TEXT"}]}
RESULT: {"script":"<script> [776 bytes]","args":[{"enterText":"10001013","selector":{"controlType":"sap.m.SearchField","properties":{"placeholder":"Search"},"searchOpenDialogs":true,"interaction":{"idSuffix":"I"}},"clearTextFirst":true,"interactionType":"ENTER_TEXT"}]}
COMMAND: POST /session/ff0536b58743eaf2c437238d004892b9/actions - {"actions":[{"id":"action25","type":"key","parameters":{},"actions":[{"type":"keyDown","value":"î€‡"},{"type":"pause","duration":10},{"type":"keyUp","value":"î€‡"}]}]}
RESULT: {"actions":[{"id":"action25","type":"key","parameters":{},"actions":[{"type":"keyDown","value":"î€‡"},{"type":"pause","duration":10},{"type":"keyUp","value":"î€‡"}]}]}
COMMAND: GET /session/ff0536b58743eaf2c437238d004892b9/screenshot - {}
RESULT: {}
COMMAND: POST /session/ff0536b58743eaf2c437238d004892b9/element - {"using":"xpath","value":"//span[contains(text(), \"General Management\")]"}
RESULT: {"using":"xpath","value":"//span[contains(text(), \"General Management\")]"}
COMMAND: POST /session/ff0536b58743eaf2c437238d004892b9/element/f.BB3617BF1549F1B1531810C266B34E3A.d.6DD3A750EF12F8AFE83C709535CA1848.e.8632/click - {}
RESULT: {}
COMMAND: GET /session/ff0536b58743eaf2c437238d004892b9/screenshot - {}
RESULT: {}
COMMAND: POST /session/ff0536b58743eaf2c437238d004892b9/element - {"using":"xpath","value":"//bdi[contains(text(), \"OK\")]"}
RESULT: {"using":"xpath","value":"//bdi[contains(text(), \"OK\")]"}
COMMAND: POST /session/ff0536b58743eaf2c437238d004892b9/element/f.BB3617BF1549F1B1531810C266B34E3A.d.6DD3A750EF12F8AFE83C709535CA1848.e.8633/click - {}
RESULT: {}
COMMAND: GET /session/ff0536b58743eaf2c437238d004892b9/screenshot - {}
RESULT: {}
COMMAND: POST /session/ff0536b58743eaf2c437238d004892b9/element - {"using":"xpath","value":"//input[@id=\"application-managesites-display-component---NewSite--addressDetailDetailsCalendar-inner\"]"}
RESULT: {"using":"xpath","value":"//input[@id=\"application-managesites-display-component---NewSite--addressDetailDetailsCalendar-inner\"]"}
COMMAND: POST /session/ff0536b58743eaf2c437238d004892b9/element/f.BB3617BF1549F1B1531810C266B34E3A.d.6DD3A750EF12F8AFE83C709535CA1848.e.8337/clear - {}
RESULT: {}
COMMAND: POST /session/ff0536b58743eaf2c437238d004892b9/element/f.BB3617BF1549F1B1531810C266B34E3A.d.6DD3A750EF12F8AFE83C709535CA1848.e.8337/value - {"text":"Unit"}
COMMAND: GET /session/ff0536b58743eaf2c437238d004892b9/screenshot - {}
RESULT: {"text":"Unit"}
COMMAND: GET /session/ff0536b58743eaf2c437238d004892b9/screenshot - {}
RESULT: {}
RESULT: {}
COMMAND: POST /session/ff0536b58743eaf2c437238d004892b9/actions - {"actions":[{"id":"action26","type":"key","parameters":{},"actions":[{"type":"keyDown","value":"î€‡"},{"type":"pause","duration":10},{"type":"keyUp","value":"î€‡"}]}]}
RESULT: {"actions":[{"id":"action26","type":"key","parameters":{},"actions":[{"type":"keyDown","value":"î€‡"},{"type":"pause","duration":10},{"type":"keyUp","value":"î€‡"}]}]}
COMMAND: POST /session/ff0536b58743eaf2c437238d004892b9/element - {"using":"xpath","value":"//input[@id=\"application-managesites-display-component---NewSite--addressDetailDetailsYard-inner\"]"}
COMMAND: GET /session/ff0536b58743eaf2c437238d004892b9/screenshot - {}
RESULT: {"using":"xpath","value":"//input[@id=\"application-managesites-display-component---NewSite--addressDetailDetailsYard-inner\"]"}
COMMAND: POST /session/ff0536b58743eaf2c437238d004892b9/element/f.BB3617BF1549F1B1531810C266B34E3A.d.6DD3A750EF12F8AFE83C709535CA1848.e.8338/clear - {}
RESULT: {}
RESULT: {}
COMMAND: POST /session/ff0536b58743eaf2c437238d004892b9/element/f.BB3617BF1549F1B1531810C266B34E3A.d.6DD3A750EF12F8AFE83C709535CA1848.e.8338/value - {"text":"411"}
COMMAND: GET /session/ff0536b58743eaf2c437238d004892b9/screenshot - {}
RESULT: {"text":"411"}
COMMAND: GET /session/ff0536b58743eaf2c437238d004892b9/screenshot - {}
RESULT: {}
RESULT: {}
COMMAND: POST /session/ff0536b58743eaf2c437238d004892b9/element - {"using":"xpath","value":"//li[.//span[text()='411']]"}
RESULT: {"using":"xpath","value":"//li[.//span[text()='411']]"}
COMMAND: POST /session/ff0536b58743eaf2c437238d004892b9/element/f.BB3617BF1549F1B1531810C266B34E3A.d.6DD3A750EF12F8AFE83C709535CA1848.e.8641/click - {}
RESULT: {}
COMMAND: GET /session/ff0536b58743eaf2c437238d004892b9/screenshot - {}
RESULT: {}
COMMAND: POST /session/ff0536b58743eaf2c437238d004892b9/element - {"using":"xpath","value":"//input[@id=\"application-managesites-display-component---NewSite--addressDetailDetailsPartner-inner\"]"}
RESULT: {"using":"xpath","value":"//input[@id=\"application-managesites-display-component---NewSite--addressDetailDetailsPartner-inner\"]"}
COMMAND: POST /session/ff0536b58743eaf2c437238d004892b9/element - {"using":"xpath","value":"//input[@id=\"application-managesites-display-component---NewSite--addressDetailDetailsPartner-inner\"]"}
RESULT: {"using":"xpath","value":"//input[@id=\"application-managesites-display-component---NewSite--addressDetailDetailsPartner-inner\"]"}
COMMAND: POST /session/ff0536b58743eaf2c437238d004892b9/element - {"using":"xpath","value":"//button[@data-kt=\"saveButton\"]"}
RESULT: {"using":"xpath","value":"//button[@data-kt=\"saveButton\"]"}
COMMAND: POST /session/ff0536b58743eaf2c437238d004892b9/element/f.BB3617BF1549F1B1531810C266B34E3A.d.6DD3A750EF12F8AFE83C709535CA1848.e.8534/click - {}
RESULT: {}
COMMAND: GET /session/ff0536b58743eaf2c437238d004892b9/screenshot - {}
RESULT: {}
COMMAND: POST /session/ff0536b58743eaf2c437238d004892b9/element - {"using":"xpath","value":"//header[contains(@id, 'ObjectPageLayout-headerTitle')]/div[1]/div[2]/div[2]/span[1]"}
RESULT: {"using":"xpath","value":"//header[contains(@id, 'ObjectPageLayout-headerTitle')]/div[1]/div[2]/div[2]/span[1]"}
COMMAND: POST /session/ff0536b58743eaf2c437238d004892b9/elements - {"using":"xpath","value":"//header[contains(@id, 'ObjectPageLayout-headerTitle')]/div[1]/div[2]/div[2]/span[1]"}
RESULT: {"using":"xpath","value":"//header[contains(@id, 'ObjectPageLayout-headerTitle')]/div[1]/div[2]/div[2]/span[1]"}
COMMAND: POST /session/ff0536b58743eaf2c437238d004892b9/execute/sync - {"script":"<script> [56 bytes]","args":[{"element-6066-11e4-a52e-4f735466cecf":"f.BB3617BF1549F1B1531810C266B34E3A.d.6DD3A750EF12F8AFE83C709535CA1848.e.8844","ELEMENT":"f.BB3617BF1549F1B1531810C266B34E3A.d.6DD3A750EF12F8AFE83C709535CA1848.e.8844"}]}
RESULT: {"script":"<script> [56 bytes]","args":[{"element-6066-11e4-a52e-4f735466cecf":"f.BB3617BF1549F1B1531810C266B34E3A.d.6DD3A750EF12F8AFE83C709535CA1848.e.8844","ELEMENT":"f.BB3617BF1549F1B1531810C266B34E3A.d.6DD3A750EF12F8AFE83C709535CA1848.e.8844"}]}
COMMAND: POST /session/ff0536b58743eaf2c437238d004892b9/element - {"using":"css selector","value":"#shell-header-logo"}
COMMAND: GET /session/ff0536b58743eaf2c437238d004892b9/screenshot - {}
RESULT: {}
RESULT: {"using":"css selector","value":"#shell-header-logo"}
COMMAND: POST /session/ff0536b58743eaf2c437238d004892b9/element/f.BB3617BF1549F1B1531810C266B34E3A.d.6DD3A750EF12F8AFE83C709535CA1848.e.8123/click - {}
RESULT: {}
COMMAND: GET /session/ff0536b58743eaf2c437238d004892b9/screenshot - {}
RESULT: {}
COMMAND: POST /session/ff0536b58743eaf2c437238d004892b9/execute/sync - {"script":"<script> [299 bytes]","args":[["getModel","getResource"]]}
RESULT: {"script":"<script> [299 bytes]","args":[["getModel","getResource"]]}
COMMAND: POST /session/ff0536b58743eaf2c437238d004892b9/actions - {"actions":[{"id":"action27","type":"key","parameters":{},"actions":[{"type":"keyDown","value":"î€‡"},{"type":"pause","duration":10},{"type":"keyUp","value":"î€‡"}]}]}
COMMAND: GET /session/ff0536b58743eaf2c437238d004892b9/screenshot - {}
RESULT: {"actions":[{"id":"action27","type":"key","parameters":{},"actions":[{"type":"keyDown","value":"î€‡"},{"type":"pause","duration":10},{"type":"keyUp","value":"î€‡"}]}]}
COMMAND: GET /session/ff0536b58743eaf2c437238d004892b9/screenshot - {}
RESULT: {}
RESULT: {}
COMMAND: POST /session/ff0536b58743eaf2c437238d004892b9/refresh - {}
RESULT: {}
COMMAND: GET /session/ff0536b58743eaf2c437238d004892b9/screenshot - {}
RESULT: {}
COMMAND: POST /session/ff0536b58743eaf2c437238d004892b9/refresh - {}
RESULT: {}
COMMAND: GET /session/ff0536b58743eaf2c437238d004892b9/screenshot - {}
RESULT: {}
COMMAND: POST /session/ff0536b58743eaf2c437238d004892b9/window/fullscreen - {}
RESULT: {}
COMMAND: POST /session/ff0536b58743eaf2c437238d004892b9/execute/async - {"script":"<script> [189 bytes]","args":[]}
RESULT: {"script":"<script> [189 bytes]","args":[]}
COMMAND: POST /session/ff0536b58743eaf2c437238d004892b9/execute/async - {"script":"<script> [123 bytes]","args":[]}
RESULT: {"script":"<script> [123 bytes]","args":[]}
COMMAND: POST /session/ff0536b58743eaf2c437238d004892b9/timeouts - {"script":"<number>"}
RESULT: {"script":"<number>"}
COMMAND: GET /session/ff0536b58743eaf2c437238d004892b9/timeouts - {}
RESULT: {}
RESULT: undefined
COMMAND: POST /session/ff0536b58743eaf2c437238d004892b9/execute/async - {"script":"<script> [2676 bytes]","args":[]}
RESULT: {"script":"<script> [2676 bytes]","args":[]}
COMMAND: POST /session/ff0536b58743eaf2c437238d004892b9/execute/async - {"script":"<script> [2342 bytes]","args":[{"protocol":"http","hostname":"0.0.0.0","path":"/","capabilities":{"browserName":"chrome","goog:chromeOptions":{"binary":"C:\\Program Files\\Google\\Chrome\\Application\\chrome.exe","args":["--start-maximized"]}},"logLevel":"warn","connectionRetryTimeout":120000,"connectionRetryCount":3,"logLevels":{},"enableDirectConnect":true,"strictSSL":true,"_":"65 more keys: [\"cacheDir\",\"port\",\"requestedCapabilities\",\"automationProtocol\",\"baseUrl\",\"waitforInterval\",\"waitforTimeout\",\"onReload\",\"beforeCommand\",\"afterCommand\",\"rootDir\",\"specs\",\"suites\",\"exclude\",\"groupLogsByTestSpec\",\"excludeDriverLogs\",\"bail\",\"framework\",\"reporters\",\"services\",\"maxInstances\",\"maxInstancesPerCapability\",\"injectGlobals\",\"filesToWatch\",\"execArgv\",\"runnerEnv\",\"runner\",\"shard\",\"specFileRetries\",\"specFileRetriesDelay\",\"specFileRetriesDeferred\",\"reporterSyncInterval\",\"reporterSyncTimeout\",\"cucumberFeaturesWithLineNumbers\",\"autoCompileOpts\",\"mochaOpts\",\"jasmineOpts\",\"cucumberOpts\",\"onPrepare\",\"onWorkerStart\",\"onWorkerEnd\",\"before\",\"beforeSession\",\"beforeSuite\",\"beforeHook\",\"beforeTest\",\"afterTest\",\"afterHook\",\"afterSuite\",\"afterSession\",\"after\",\"onComplete\",\"beforeAssertion\",\"afterAssertion\",\"beforeFeature\",\"beforeScenario\",\"beforeStep\",\"afterStep\",\"afterScenario\",\"afterFeature\",\"_\",\"suite\",\"$0\",\"ignoredWorkerServices\",\"wdi5\"]"}]}
RESULT: {"script":"<script> [2342 bytes]","args":[{"protocol":"http","hostname":"0.0.0.0","path":"/","capabilities":{"browserName":"chrome","goog:chromeOptions":{"binary":"C:\\Program Files\\Google\\Chrome\\Application\\chrome.exe","args":["--start-maximized"]}},"logLevel":"warn","connectionRetryTimeout":120000,"connectionRetryCount":3,"logLevels":{},"enableDirectConnect":true,"strictSSL":true,"_":"65 more keys: [\"cacheDir\",\"port\",\"requestedCapabilities\",\"automationProtocol\",\"baseUrl\",\"waitforInterval\",\"waitforTimeout\",\"onReload\",\"beforeCommand\",\"afterCommand\",\"rootDir\",\"specs\",\"suites\",\"exclude\",\"groupLogsByTestSpec\",\"excludeDriverLogs\",\"bail\",\"framework\",\"reporters\",\"services\",\"maxInstances\",\"maxInstancesPerCapability\",\"injectGlobals\",\"filesToWatch\",\"execArgv\",\"runnerEnv\",\"runner\",\"shard\",\"specFileRetries\",\"specFileRetriesDelay\",\"specFileRetriesDeferred\",\"reporterSyncInterval\",\"reporterSyncTimeout\",\"cucumberFeaturesWithLineNumbers\",\"autoCompileOpts\",\"mochaOpts\",\"jasmineOpts\",\"cucumberOpts\",\"onPrepare\",\"onWorkerStart\",\"onWorkerEnd\",\"before\",\"beforeSession\",\"beforeSuite\",\"beforeHook\",\"beforeTest\",\"afterTest\",\"afterHook\",\"afterSuite\",\"afterSession\",\"after\",\"onComplete\",\"beforeAssertion\",\"afterAssertion\",\"beforeFeature\",\"beforeScenario\",\"beforeStep\",\"afterStep\",\"afterScenario\",\"afterFeature\",\"_\",\"suite\",\"$0\",\"ignoredWorkerServices\",\"wdi5\"]"}]}
COMMAND: POST /session/ff0536b58743eaf2c437238d004892b9/execute/async - {"script":"<script> [21126 bytes]","args":[35000]}
RESULT: {"script":"<script> [21126 bytes]","args":[35000]}
COMMAND: POST /session/ff0536b58743eaf2c437238d004892b9/window/fullscreen - {}
RESULT: {}
]]></system-out>
    </testcase>
    <testcase classname="chrome.136_0_7103_93.windows.Create_master_data_for_mixed_billing_&amp;_do_billing_calculation_US151661" name="Should create a new equipment and add a counter to it" time="157.728">
      <system-out><![CDATA[
COMMAND: POST /session/ff0536b58743eaf2c437238d004892b9/execute/async - {"script":"<script> [1562 bytes]","args":[{"selector":{"controlType":"sap.m.GenericTile","properties":{"header":"Manage Resources"}},"wdio_ui5_key":"sapm.GenericTile{\"header\":\"Manage Resources\"}"}]}
RESULT: {"script":"<script> [1562 bytes]","args":[{"selector":{"controlType":"sap.m.GenericTile","properties":{"header":"Manage Resources"}},"wdio_ui5_key":"sapm.GenericTile{\"header\":\"Manage Resources\"}"}]}
RESULT: undefined
COMMAND: POST /session/ff0536b58743eaf2c437238d004892b9/element - {"using":"xpath","value":"//*[@id=\"__tile31\"]"}
RESULT: {"using":"xpath","value":"//*[@id=\"__tile31\"]"}
COMMAND: POST /session/ff0536b58743eaf2c437238d004892b9/element/f.BB3617BF1549F1B1531810C266B34E3A.d.30B386FC0300EE36C624E614848C7E15.e.8918/click - {}
RESULT: {}
COMMAND: GET /session/ff0536b58743eaf2c437238d004892b9/screenshot - {}
RESULT: {}
COMMAND: POST /session/ff0536b58743eaf2c437238d004892b9/elements - {"using":"xpath","value":"//span[text()='Error']"}
RESULT: {"using":"xpath","value":"//span[text()='Error']"}
COMMAND: POST /session/ff0536b58743eaf2c437238d004892b9/element - {"using":"xpath","value":"//button[@data-kt=\"addNewRUOverflowToolbarButton\"]"}
RESULT: {"using":"xpath","value":"//button[@data-kt=\"addNewRUOverflowToolbarButton\"]"}
COMMAND: POST /session/ff0536b58743eaf2c437238d004892b9/elements - {"using":"xpath","value":"//button[@data-kt=\"addNewRUOverflowToolbarButton\"]"}
RESULT: {"using":"xpath","value":"//button[@data-kt=\"addNewRUOverflowToolbarButton\"]"}
COMMAND: POST /session/ff0536b58743eaf2c437238d004892b9/element - {"using":"xpath","value":"//button[@data-kt=\"addNewRUOverflowToolbarButton\"]"}
RESULT: {"using":"xpath","value":"//button[@data-kt=\"addNewRUOverflowToolbarButton\"]"}
COMMAND: POST /session/ff0536b58743eaf2c437238d004892b9/execute/sync - {"script":"<script> [8489 bytes]","args":[{"element-6066-11e4-a52e-4f735466cecf":"f.BB3617BF1549F1B1531810C266B34E3A.d.30B386FC0300EE36C624E614848C7E15.e.9025","ELEMENT":"f.BB3617BF1549F1B1531810C266B34E3A.d.30B386FC0300EE36C624E614848C7E15.e.9025"}]}
RESULT: {"script":"<script> [8489 bytes]","args":[{"element-6066-11e4-a52e-4f735466cecf":"f.BB3617BF1549F1B1531810C266B34E3A.d.30B386FC0300EE36C624E614848C7E15.e.9025","ELEMENT":"f.BB3617BF1549F1B1531810C266B34E3A.d.30B386FC0300EE36C624E614848C7E15.e.9025"}]}
COMMAND: GET /session/ff0536b58743eaf2c437238d004892b9/element/f.BB3617BF1549F1B1531810C266B34E3A.d.30B386FC0300EE36C624E614848C7E15.e.9025/enabled - {}
COMMAND: GET /session/ff0536b58743eaf2c437238d004892b9/screenshot - {}
RESULT: {}
COMMAND: POST /session/ff0536b58743eaf2c437238d004892b9/execute/sync - {"script":"<script> [8489 bytes]","args":[{"element-6066-11e4-a52e-4f735466cecf":"f.BB3617BF1549F1B1531810C266B34E3A.d.30B386FC0300EE36C624E614848C7E15.e.9025","ELEMENT":"f.BB3617BF1549F1B1531810C266B34E3A.d.30B386FC0300EE36C624E614848C7E15.e.9025"}]}
COMMAND: GET /session/ff0536b58743eaf2c437238d004892b9/screenshot - {}
RESULT: {}
RESULT: {"script":"<script> [8489 bytes]","args":[{"element-6066-11e4-a52e-4f735466cecf":"f.BB3617BF1549F1B1531810C266B34E3A.d.30B386FC0300EE36C624E614848C7E15.e.9025","ELEMENT":"f.BB3617BF1549F1B1531810C266B34E3A.d.30B386FC0300EE36C624E614848C7E15.e.9025"}]}
COMMAND: POST /session/ff0536b58743eaf2c437238d004892b9/execute/sync - {"script":"<script> [5351 bytes]","args":[{"element-6066-11e4-a52e-4f735466cecf":"f.BB3617BF1549F1B1531810C266B34E3A.d.30B386FC0300EE36C624E614848C7E15.e.9025","ELEMENT":"f.BB3617BF1549F1B1531810C266B34E3A.d.30B386FC0300EE36C624E614848C7E15.e.9025"}]}
COMMAND: GET /session/ff0536b58743eaf2c437238d004892b9/screenshot - {}
RESULT: {}
RESULT: {"script":"<script> [5351 bytes]","args":[{"element-6066-11e4-a52e-4f735466cecf":"f.BB3617BF1549F1B1531810C266B34E3A.d.30B386FC0300EE36C624E614848C7E15.e.9025","ELEMENT":"f.BB3617BF1549F1B1531810C266B34E3A.d.30B386FC0300EE36C624E614848C7E15.e.9025"}]}
COMMAND: POST /session/ff0536b58743eaf2c437238d004892b9/element/f.BB3617BF1549F1B1531810C266B34E3A.d.30B386FC0300EE36C624E614848C7E15.e.9025/click - {}
COMMAND: GET /session/ff0536b58743eaf2c437238d004892b9/screenshot - {}
RESULT: {}
RESULT: {}
COMMAND: GET /session/ff0536b58743eaf2c437238d004892b9/screenshot - {}
RESULT: {}
RESULT: {}
COMMAND: POST /session/ff0536b58743eaf2c437238d004892b9/execute/async - {"script":"<script> [1562 bytes]","args":[{"selector":{"id":"application-manageresources-display-component---newResourceUnit--TYPE-arrow"},"wdio_ui5_key":"applicationmanageresources-display-component---newResourceUnit--TYPE-arrow"}]}
RESULT: {"script":"<script> [1562 bytes]","args":[{"selector":{"id":"application-manageresources-display-component---newResourceUnit--TYPE-arrow"},"wdio_ui5_key":"applicationmanageresources-display-component---newResourceUnit--TYPE-arrow"}]}
RESULT: undefined
COMMAND: POST /session/ff0536b58743eaf2c437238d004892b9/element - {"using":"xpath","value":"//*[@id=\"application-manageresources-display-component---newResourceUnit--TYPE-arrow\"]"}
RESULT: {"using":"xpath","value":"//*[@id=\"application-manageresources-display-component---newResourceUnit--TYPE-arrow\"]"}
COMMAND: POST /session/ff0536b58743eaf2c437238d004892b9/element/f.BB3617BF1549F1B1531810C266B34E3A.d.30B386FC0300EE36C624E614848C7E15.e.9391/click - {}
RESULT: {}
COMMAND: POST /session/ff0536b58743eaf2c437238d004892b9/element - {"using":"xpath","value":"//input[@id=\"application-manageresources-display-component---newResourceUnit--TYPE-inner\"]"}
COMMAND: GET /session/ff0536b58743eaf2c437238d004892b9/screenshot - {}
RESULT: {"using":"xpath","value":"//input[@id=\"application-manageresources-display-component---newResourceUnit--TYPE-inner\"]"}
COMMAND: POST /session/ff0536b58743eaf2c437238d004892b9/element/f.BB3617BF1549F1B1531810C266B34E3A.d.30B386FC0300EE36C624E614848C7E15.e.9375/clear - {}
RESULT: {}
RESULT: {}
COMMAND: POST /session/ff0536b58743eaf2c437238d004892b9/element/f.BB3617BF1549F1B1531810C266B34E3A.d.30B386FC0300EE36C624E614848C7E15.e.9375/value - {"text":"Equipment"}
COMMAND: GET /session/ff0536b58743eaf2c437238d004892b9/screenshot - {}
RESULT: {"text":"Equipment"}
COMMAND: GET /session/ff0536b58743eaf2c437238d004892b9/screenshot - {}
RESULT: {}
RESULT: {}
COMMAND: POST /session/ff0536b58743eaf2c437238d004892b9/actions - {"actions":[{"id":"action28","type":"key","parameters":{},"actions":[{"type":"keyDown","value":"î€‡"},{"type":"pause","duration":10},{"type":"keyUp","value":"î€‡"}]}]}
RESULT: {"actions":[{"id":"action28","type":"key","parameters":{},"actions":[{"type":"keyDown","value":"î€‡"},{"type":"pause","duration":10},{"type":"keyUp","value":"î€‡"}]}]}
COMMAND: POST /session/ff0536b58743eaf2c437238d004892b9/execute/async - {"script":"<script> [1562 bytes]","args":[{"selector":{"id":"application-manageresources-display-component---newResourceUnit--resourceId","interaction":{"idSuffix":"inner"}},"wdio_ui5_key":"applicationmanageresources-display-component---newResourceUnit--resourceId"}]}
COMMAND: GET /session/ff0536b58743eaf2c437238d004892b9/screenshot - {}
RESULT: {"script":"<script> [1562 bytes]","args":[{"selector":{"id":"application-manageresources-display-component---newResourceUnit--resourceId","interaction":{"idSuffix":"inner"}},"wdio_ui5_key":"applicationmanageresources-display-component---newResourceUnit--resourceId"}]}
RESULT: undefined
COMMAND: POST /session/ff0536b58743eaf2c437238d004892b9/execute/async - {"script":"<script> [776 bytes]","args":[{"enterText":"ny32YaClra","selector":{"id":"application-manageresources-display-component---newResourceUnit--resourceId","interaction":{"idSuffix":"inner"}},"clearTextFirst":true,"interactionType":"ENTER_TEXT"}]}
RESULT: {}
RESULT: {"script":"<script> [776 bytes]","args":[{"enterText":"ny32YaClra","selector":{"id":"application-manageresources-display-component---newResourceUnit--resourceId","interaction":{"idSuffix":"inner"}},"clearTextFirst":true,"interactionType":"ENTER_TEXT"}]}
COMMAND: POST /session/ff0536b58743eaf2c437238d004892b9/execute/async - {"script":"<script> [1562 bytes]","args":[{"selector":{"id":"application-manageresources-display-component---newResourceUnit--SHORT_TEXT","interaction":{"idSuffix":"inner"}},"wdio_ui5_key":"applicationmanageresources-display-component---newResourceUnit--SHORT_TEXT"}]}
RESULT: {"script":"<script> [1562 bytes]","args":[{"selector":{"id":"application-manageresources-display-component---newResourceUnit--SHORT_TEXT","interaction":{"idSuffix":"inner"}},"wdio_ui5_key":"applicationmanageresources-display-component---newResourceUnit--SHORT_TEXT"}]}
RESULT: undefined
COMMAND: POST /session/ff0536b58743eaf2c437238d004892b9/execute/async - {"script":"<script> [776 bytes]","args":[{"enterText":"Intercompany Equipment WDIO","selector":{"id":"application-manageresources-display-component---newResourceUnit--SHORT_TEXT","interaction":{"idSuffix":"inner"}},"clearTextFirst":true,"interactionType":"ENTER_TEXT"}]}
RESULT: {"script":"<script> [776 bytes]","args":[{"enterText":"Intercompany Equipment WDIO","selector":{"id":"application-manageresources-display-component---newResourceUnit--SHORT_TEXT","interaction":{"idSuffix":"inner"}},"clearTextFirst":true,"interactionType":"ENTER_TEXT"}]}
COMMAND: POST /session/ff0536b58743eaf2c437238d004892b9/execute/async - {"script":"<script> [1562 bytes]","args":[{"selector":{"id":"application-manageresources-display-component---newResourceUnit--BASE_UNIT_OF_MEASURE","interaction":{"idSuffix":"inner"}},"wdio_ui5_key":"applicationmanageresources-display-component---newResourceUnit--BASE_UNIT_OF_MEASURE"}]}
RESULT: {"script":"<script> [1562 bytes]","args":[{"selector":{"id":"application-manageresources-display-component---newResourceUnit--BASE_UNIT_OF_MEASURE","interaction":{"idSuffix":"inner"}},"wdio_ui5_key":"applicationmanageresources-display-component---newResourceUnit--BASE_UNIT_OF_MEASURE"}]}
RESULT: undefined
COMMAND: POST /session/ff0536b58743eaf2c437238d004892b9/execute/async - {"script":"<script> [776 bytes]","args":[{"enterText":"Piece","selector":{"id":"application-manageresources-display-component---newResourceUnit--BASE_UNIT_OF_MEASURE","interaction":{"idSuffix":"inner"}},"clearTextFirst":true,"interactionType":"ENTER_TEXT"}]}
RESULT: {"script":"<script> [776 bytes]","args":[{"enterText":"Piece","selector":{"id":"application-manageresources-display-component---newResourceUnit--BASE_UNIT_OF_MEASURE","interaction":{"idSuffix":"inner"}},"clearTextFirst":true,"interactionType":"ENTER_TEXT"}]}
COMMAND: POST /session/ff0536b58743eaf2c437238d004892b9/execute/async - {"script":"<script> [1562 bytes]","args":[{"selector":{"id":"application-manageresources-display-component---newResourceUnit--WEIGHT_UNIT","interaction":{"idSuffix":"inner"}},"wdio_ui5_key":"applicationmanageresources-display-component---newResourceUnit--WEIGHT_UNIT"}]}
RESULT: {"script":"<script> [1562 bytes]","args":[{"selector":{"id":"application-manageresources-display-component---newResourceUnit--WEIGHT_UNIT","interaction":{"idSuffix":"inner"}},"wdio_ui5_key":"applicationmanageresources-display-component---newResourceUnit--WEIGHT_UNIT"}]}
RESULT: undefined
COMMAND: POST /session/ff0536b58743eaf2c437238d004892b9/execute/async - {"script":"<script> [776 bytes]","args":[{"enterText":"Gram","selector":{"id":"application-manageresources-display-component---newResourceUnit--WEIGHT_UNIT","interaction":{"idSuffix":"inner"}},"clearTextFirst":true,"interactionType":"ENTER_TEXT"}]}
RESULT: {"script":"<script> [776 bytes]","args":[{"enterText":"Gram","selector":{"id":"application-manageresources-display-component---newResourceUnit--WEIGHT_UNIT","interaction":{"idSuffix":"inner"}},"clearTextFirst":true,"interactionType":"ENTER_TEXT"}]}
COMMAND: POST /session/ff0536b58743eaf2c437238d004892b9/execute/async - {"script":"<script> [1562 bytes]","args":[{"selector":{"id":"application-manageresources-display-component---newResourceUnit--DIMENSION_UNIT","interaction":{"idSuffix":"inner"}},"wdio_ui5_key":"applicationmanageresources-display-component---newResourceUnit--DIMENSION_UNIT"}]}
RESULT: {"script":"<script> [1562 bytes]","args":[{"selector":{"id":"application-manageresources-display-component---newResourceUnit--DIMENSION_UNIT","interaction":{"idSuffix":"inner"}},"wdio_ui5_key":"applicationmanageresources-display-component---newResourceUnit--DIMENSION_UNIT"}]}
RESULT: undefined
COMMAND: POST /session/ff0536b58743eaf2c437238d004892b9/execute/async - {"script":"<script> [776 bytes]","args":[{"enterText":"Meter","selector":{"id":"application-manageresources-display-component---newResourceUnit--DIMENSION_UNIT","interaction":{"idSuffix":"inner"}},"clearTextFirst":true,"interactionType":"ENTER_TEXT"}]}
RESULT: {"script":"<script> [776 bytes]","args":[{"enterText":"Meter","selector":{"id":"application-manageresources-display-component---newResourceUnit--DIMENSION_UNIT","interaction":{"idSuffix":"inner"}},"clearTextFirst":true,"interactionType":"ENTER_TEXT"}]}
COMMAND: POST /session/ff0536b58743eaf2c437238d004892b9/execute/async - {"script":"<script> [1562 bytes]","args":[{"selector":{"id":"application-manageresources-display-component---newResourceUnit--newRRUPage-anchBar-application-manageresources-display-component---newResourceUnit--control-anchor","interaction":{"idSuffix":"BDI-content"}},"wdio_ui5_key":"applicationmanageresources-display-component---newResourceUnit--newRRUPage-anchBar-application-manageresources-display-component---newResourceUnit--control-anchor"}]}
RESULT: {"script":"<script> [1562 bytes]","args":[{"selector":{"id":"application-manageresources-display-component---newResourceUnit--newRRUPage-anchBar-application-manageresources-display-component---newResourceUnit--control-anchor","interaction":{"idSuffix":"BDI-content"}},"wdio_ui5_key":"applicationmanageresources-display-component---newResourceUnit--newRRUPage-anchBar-application-manageresources-display-component---newResourceUnit--control-anchor"}]}
RESULT: undefined
COMMAND: POST /session/ff0536b58743eaf2c437238d004892b9/element - {"using":"xpath","value":"//*[@id=\"application-manageresources-display-component---newResourceUnit--newRRUPage-anchBar-application-manageresources-display-component---newResourceUnit--control-anchor\"]"}
RESULT: {"using":"xpath","value":"//*[@id=\"application-manageresources-display-component---newResourceUnit--newRRUPage-anchBar-application-manageresources-display-component---newResourceUnit--control-anchor\"]"}
COMMAND: POST /session/ff0536b58743eaf2c437238d004892b9/element/f.BB3617BF1549F1B1531810C266B34E3A.d.30B386FC0300EE36C624E614848C7E15.e.9524/click - {}
RESULT: {}
COMMAND: POST /session/ff0536b58743eaf2c437238d004892b9/execute/async - {"script":"<script> [1562 bytes]","args":[{"selector":{"id":"application-manageresources-display-component---newResourceUnit--PLANNING_GROUP","interaction":{"idSuffix":"inner"}},"wdio_ui5_key":"applicationmanageresources-display-component---newResourceUnit--PLANNING_GROUP"}]}
COMMAND: GET /session/ff0536b58743eaf2c437238d004892b9/screenshot - {}
RESULT: {"script":"<script> [1562 bytes]","args":[{"selector":{"id":"application-manageresources-display-component---newResourceUnit--PLANNING_GROUP","interaction":{"idSuffix":"inner"}},"wdio_ui5_key":"applicationmanageresources-display-component---newResourceUnit--PLANNING_GROUP"}]}
RESULT: undefined
COMMAND: POST /session/ff0536b58743eaf2c437238d004892b9/execute/async - {"script":"<script> [776 bytes]","args":[{"enterText":"Heavy Equi","selector":{"id":"application-manageresources-display-component---newResourceUnit--PLANNING_GROUP","interaction":{"idSuffix":"inner"}},"clearTextFirst":true,"interactionType":"ENTER_TEXT"}]}
RESULT: {}
RESULT: {"script":"<script> [776 bytes]","args":[{"enterText":"Heavy Equi","selector":{"id":"application-manageresources-display-component---newResourceUnit--PLANNING_GROUP","interaction":{"idSuffix":"inner"}},"clearTextFirst":true,"interactionType":"ENTER_TEXT"}]}
COMMAND: POST /session/ff0536b58743eaf2c437238d004892b9/execute/async - {"script":"<script> [1562 bytes]","args":[{"selector":{"id":"application-manageresources-display-component---newResourceUnit--ITEM_TYPE-arrow"},"wdio_ui5_key":"applicationmanageresources-display-component---newResourceUnit--ITEM_TYPE-arrow"}]}
RESULT: {"script":"<script> [1562 bytes]","args":[{"selector":{"id":"application-manageresources-display-component---newResourceUnit--ITEM_TYPE-arrow"},"wdio_ui5_key":"applicationmanageresources-display-component---newResourceUnit--ITEM_TYPE-arrow"}]}
RESULT: undefined
COMMAND: POST /session/ff0536b58743eaf2c437238d004892b9/element - {"using":"xpath","value":"//*[@id=\"application-manageresources-display-component---newResourceUnit--ITEM_TYPE-arrow\"]"}
RESULT: {"using":"xpath","value":"//*[@id=\"application-manageresources-display-component---newResourceUnit--ITEM_TYPE-arrow\"]"}
COMMAND: POST /session/ff0536b58743eaf2c437238d004892b9/element/f.BB3617BF1549F1B1531810C266B34E3A.d.30B386FC0300EE36C624E614848C7E15.e.9533/click - {}
RESULT: {}
COMMAND: POST /session/ff0536b58743eaf2c437238d004892b9/element - {"using":"xpath","value":"(//span[contains(text(), \"Resource Unit\")])[2]"}
COMMAND: GET /session/ff0536b58743eaf2c437238d004892b9/screenshot - {}
RESULT: {"using":"xpath","value":"(//span[contains(text(), \"Resource Unit\")])[2]"}
COMMAND: POST /session/ff0536b58743eaf2c437238d004892b9/element/f.BB3617BF1549F1B1531810C266B34E3A.d.30B386FC0300EE36C624E614848C7E15.e.9534/click - {}
RESULT: {}
RESULT: {}
COMMAND: GET /session/ff0536b58743eaf2c437238d004892b9/screenshot - {}
RESULT: {}
COMMAND: POST /session/ff0536b58743eaf2c437238d004892b9/element - {"using":"css selector","value":"#application-manageresources-display-component---newResourceUnit--btnAddTimeSegment"}
RESULT: {"using":"css selector","value":"#application-manageresources-display-component---newResourceUnit--btnAddTimeSegment"}
COMMAND: GET /session/ff0536b58743eaf2c437238d004892b9/element/f.BB3617BF1549F1B1531810C266B34E3A.d.30B386FC0300EE36C624E614848C7E15.e.9535/rect - {}
RESULT: {}
COMMAND: GET /session/ff0536b58743eaf2c437238d004892b9/window/rect - {}
RESULT: {}
COMMAND: POST /session/ff0536b58743eaf2c437238d004892b9/execute/sync - {"script":"<script> [92 bytes]","args":[]}
RESULT: {"script":"<script> [92 bytes]","args":[]}
COMMAND: POST /session/ff0536b58743eaf2c437238d004892b9/actions - {"actions":[{"id":"action29","type":"wheel","parameters":{},"actions":[{"type":"scroll","x":-1888,"y":-32,"deltaX":0,"deltaY":0,"duration":0,"origin":{"element-6066-11e4-a52e-4f735466cecf":"f.BB3617BF1549F1B1531810C266B34E3A.d.30B386FC0300EE36C624E614848C7E15.e.9535"}}]}]}
COMMAND: GET /session/ff0536b58743eaf2c437238d004892b9/screenshot - {}
RESULT: {}
COMMAND: POST /session/ff0536b58743eaf2c437238d004892b9/execute/sync - {"script":"<script> [79 bytes]","args":[{"element-6066-11e4-a52e-4f735466cecf":"f.BB3617BF1549F1B1531810C266B34E3A.d.30B386FC0300EE36C624E614848C7E15.e.9535","ELEMENT":"f.BB3617BF1549F1B1531810C266B34E3A.d.30B386FC0300EE36C624E614848C7E15.e.9535"},{"block":"start","inline":"nearest"}]}
RESULT: {"script":"<script> [79 bytes]","args":[{"element-6066-11e4-a52e-4f735466cecf":"f.BB3617BF1549F1B1531810C266B34E3A.d.30B386FC0300EE36C624E614848C7E15.e.9535","ELEMENT":"f.BB3617BF1549F1B1531810C266B34E3A.d.30B386FC0300EE36C624E614848C7E15.e.9535"},{"block":"start","inline":"nearest"}]}
COMMAND: POST /session/ff0536b58743eaf2c437238d004892b9/execute/async - {"script":"<script> [1562 bytes]","args":[{"selector":{"id":"application-manageresources-display-component---newResourceUnit--btnAddTimeSegment","interaction":{"idSuffix":"inner"}},"wdio_ui5_key":"applicationmanageresources-display-component---newResourceUnit--btnAddTimeSegment"}]}
COMMAND: GET /session/ff0536b58743eaf2c437238d004892b9/screenshot - {}
RESULT: {"script":"<script> [1562 bytes]","args":[{"selector":{"id":"application-manageresources-display-component---newResourceUnit--btnAddTimeSegment","interaction":{"idSuffix":"inner"}},"wdio_ui5_key":"applicationmanageresources-display-component---newResourceUnit--btnAddTimeSegment"}]}
RESULT: undefined
COMMAND: POST /session/ff0536b58743eaf2c437238d004892b9/element - {"using":"xpath","value":"//*[@id=\"application-manageresources-display-component---newResourceUnit--btnAddTimeSegment\"]"}
RESULT: {}
RESULT: {"using":"xpath","value":"//*[@id=\"application-manageresources-display-component---newResourceUnit--btnAddTimeSegment\"]"}
COMMAND: POST /session/ff0536b58743eaf2c437238d004892b9/element/f.BB3617BF1549F1B1531810C266B34E3A.d.30B386FC0300EE36C624E614848C7E15.e.9535/click - {}
RESULT: {}
COMMAND: GET /session/ff0536b58743eaf2c437238d004892b9/screenshot - {}
RESULT: {}
COMMAND: POST /session/ff0536b58743eaf2c437238d004892b9/element - {"using":"xpath","value":"//input[@id=\"application-manageresources-display-component---newResourceUnit--idRuTSAdmin-application-manageresources-display-component---newResourceUnit--RUTimeSegment-0-inner\"]"}
RESULT: {"using":"xpath","value":"//input[@id=\"application-manageresources-display-component---newResourceUnit--idRuTSAdmin-application-manageresources-display-component---newResourceUnit--RUTimeSegment-0-inner\"]"}
COMMAND: POST /session/ff0536b58743eaf2c437238d004892b9/element/f.BB3617BF1549F1B1531810C266B34E3A.d.30B386FC0300EE36C624E614848C7E15.e.9541/clear - {}
RESULT: {}
COMMAND: POST /session/ff0536b58743eaf2c437238d004892b9/element/f.BB3617BF1549F1B1531810C266B34E3A.d.30B386FC0300EE36C624E614848C7E15.e.9541/value - {"text":"411"}
COMMAND: GET /session/ff0536b58743eaf2c437238d004892b9/screenshot - {}
RESULT: {"text":"411"}
COMMAND: GET /session/ff0536b58743eaf2c437238d004892b9/screenshot - {}
RESULT: {}
RESULT: {}
COMMAND: POST /session/ff0536b58743eaf2c437238d004892b9/element - {"using":"xpath","value":"//li[.//span[text()='411']]"}
RESULT: {"using":"xpath","value":"//li[.//span[text()='411']]"}
COMMAND: POST /session/ff0536b58743eaf2c437238d004892b9/element/f.BB3617BF1549F1B1531810C266B34E3A.d.30B386FC0300EE36C624E614848C7E15.e.9553/click - {}
RESULT: {}
COMMAND: GET /session/ff0536b58743eaf2c437238d004892b9/screenshot - {}
RESULT: {}
COMMAND: POST /session/ff0536b58743eaf2c437238d004892b9/element - {"using":"xpath","value":"(//span[contains(@id, \"-application-manageresources-display-component---newResourceUnit--RUTimeSegment-0-arrow\")])[6]"}
RESULT: {"using":"xpath","value":"(//span[contains(@id, \"-application-manageresources-display-component---newResourceUnit--RUTimeSegment-0-arrow\")])[6]"}
COMMAND: POST /session/ff0536b58743eaf2c437238d004892b9/element/f.BB3617BF1549F1B1531810C266B34E3A.d.30B386FC0300EE36C624E614848C7E15.e.9554/click - {}
RESULT: {}
COMMAND: GET /session/ff0536b58743eaf2c437238d004892b9/screenshot - {}
RESULT: {}
COMMAND: POST /session/ff0536b58743eaf2c437238d004892b9/element - {"using":"xpath","value":"//span[contains(text(), \"PM Order\")]"}
RESULT: {"using":"xpath","value":"//span[contains(text(), \"PM Order\")]"}
COMMAND: POST /session/ff0536b58743eaf2c437238d004892b9/element/f.BB3617BF1549F1B1531810C266B34E3A.d.30B386FC0300EE36C624E614848C7E15.e.9557/click - {}
RESULT: {}
COMMAND: GET /session/ff0536b58743eaf2c437238d004892b9/screenshot - {}
RESULT: {}
COMMAND: POST /session/ff0536b58743eaf2c437238d004892b9/element - {"using":"xpath","value":"(//span[contains(@id ,\"manageresources-display-component---newResourceUnit--RUTimeSegment-0-vhi\")])[1]"}
RESULT: {"using":"xpath","value":"(//span[contains(@id ,\"manageresources-display-component---newResourceUnit--RUTimeSegment-0-vhi\")])[1]"}
COMMAND: GET /session/ff0536b58743eaf2c437238d004892b9/element/f.BB3617BF1549F1B1531810C266B34E3A.d.30B386FC0300EE36C624E614848C7E15.e.9561/rect - {}
RESULT: {}
COMMAND: GET /session/ff0536b58743eaf2c437238d004892b9/window/rect - {}
RESULT: {}
COMMAND: POST /session/ff0536b58743eaf2c437238d004892b9/execute/sync - {"script":"<script> [92 bytes]","args":[]}
RESULT: {"script":"<script> [92 bytes]","args":[]}
COMMAND: POST /session/ff0536b58743eaf2c437238d004892b9/actions - {"actions":[{"id":"action30","type":"wheel","parameters":{},"actions":[{"type":"scroll","x":-869,"y":-24,"deltaX":0,"deltaY":0,"duration":0,"origin":{"element-6066-11e4-a52e-4f735466cecf":"f.BB3617BF1549F1B1531810C266B34E3A.d.30B386FC0300EE36C624E614848C7E15.e.9561"}}]}]}
COMMAND: GET /session/ff0536b58743eaf2c437238d004892b9/screenshot - {}
RESULT: {"actions":[{"id":"action30","type":"wheel","parameters":{},"actions":[{"type":"scroll","x":-869,"y":-24,"deltaX":0,"deltaY":0,"duration":0,"origin":{"element-6066-11e4-a52e-4f735466cecf":"f.BB3617BF1549F1B1531810C266B34E3A.d.30B386FC0300EE36C624E614848C7E15.e.9561"}}]}]}
COMMAND: DELETE /session/ff0536b58743eaf2c437238d004892b9/actions - {}
COMMAND: GET /session/ff0536b58743eaf2c437238d004892b9/screenshot - {}
RESULT: {}
RESULT: {}
COMMAND: GET /session/ff0536b58743eaf2c437238d004892b9/screenshot - {}
RESULT: {}
RESULT: {}
COMMAND: POST /session/ff0536b58743eaf2c437238d004892b9/element/f.BB3617BF1549F1B1531810C266B34E3A.d.30B386FC0300EE36C624E614848C7E15.e.9561/click - {}
RESULT: {}
COMMAND: GET /session/ff0536b58743eaf2c437238d004892b9/screenshot - {}
RESULT: {}
COMMAND: POST /session/ff0536b58743eaf2c437238d004892b9/execute/async - {"script":"<script> [1562 bytes]","args":[{"selector":{"controlType":"sap.m.SearchField","properties":{"placeholder":"Search"},"searchOpenDialogs":true,"interaction":{"idSuffix":"I"}},"wdio_ui5_key":"sapm.SearchField{\"placeholder\":\"Search\"}"}]}
RESULT: {"script":"<script> [1562 bytes]","args":[{"selector":{"controlType":"sap.m.SearchField","properties":{"placeholder":"Search"},"searchOpenDialogs":true,"interaction":{"idSuffix":"I"}},"wdio_ui5_key":"sapm.SearchField{\"placeholder\":\"Search\"}"}]}
RESULT: undefined
COMMAND: POST /session/ff0536b58743eaf2c437238d004892b9/execute/async - {"script":"<script> [776 bytes]","args":[{"enterText":"4000360","selector":{"controlType":"sap.m.SearchField","properties":{"placeholder":"Search"},"searchOpenDialogs":true,"interaction":{"idSuffix":"I"}},"clearTextFirst":true,"interactionType":"ENTER_TEXT"}]}
RESULT: {"script":"<script> [776 bytes]","args":[{"enterText":"4000360","selector":{"controlType":"sap.m.SearchField","properties":{"placeholder":"Search"},"searchOpenDialogs":true,"interaction":{"idSuffix":"I"}},"clearTextFirst":true,"interactionType":"ENTER_TEXT"}]}
COMMAND: POST /session/ff0536b58743eaf2c437238d004892b9/actions - {"actions":[{"id":"action31","type":"key","parameters":{},"actions":[{"type":"keyDown","value":"î€‡"},{"type":"pause","duration":10},{"type":"keyUp","value":"î€‡"}]}]}
RESULT: {"actions":[{"id":"action31","type":"key","parameters":{},"actions":[{"type":"keyDown","value":"î€‡"},{"type":"pause","duration":10},{"type":"keyUp","value":"î€‡"}]}]}
COMMAND: GET /session/ff0536b58743eaf2c437238d004892b9/screenshot - {}
RESULT: {}
COMMAND: POST /session/ff0536b58743eaf2c437238d004892b9/element - {"using":"xpath","value":"//td/div/span[contains(text(), \"BGL Vehicles\")]"}
RESULT: {"using":"xpath","value":"//td/div/span[contains(text(), \"BGL Vehicles\")]"}
COMMAND: POST /session/ff0536b58743eaf2c437238d004892b9/element/f.BB3617BF1549F1B1531810C266B34E3A.d.30B386FC0300EE36C624E614848C7E15.e.9582/click - {}
RESULT: {}
COMMAND: GET /session/ff0536b58743eaf2c437238d004892b9/screenshot - {}
RESULT: {}
COMMAND: POST /session/ff0536b58743eaf2c437238d004892b9/element - {"using":"xpath","value":"//bdi[contains(text(), \"OK\")]"}
RESULT: {"using":"xpath","value":"//bdi[contains(text(), \"OK\")]"}
COMMAND: POST /session/ff0536b58743eaf2c437238d004892b9/element/f.BB3617BF1549F1B1531810C266B34E3A.d.30B386FC0300EE36C624E614848C7E15.e.9583/click - {}
RESULT: {}
COMMAND: GET /session/ff0536b58743eaf2c437238d004892b9/screenshot - {}
RESULT: {}
COMMAND: POST /session/ff0536b58743eaf2c437238d004892b9/execute/async - {"script":"<script> [1562 bytes]","args":[{"selector":{"id":"application-manageresources-display-component---newResourceUnit--newRRUPage-anchBar-application-manageresources-display-component---newResourceUnit--resource-anchor","interaction":{"idSuffix":"BDI-content"}},"wdio_ui5_key":"applicationmanageresources-display-component---newResourceUnit--newRRUPage-anchBar-application-manageresources-display-component---newResourceUnit--resource-anchor"}]}
RESULT: {"script":"<script> [1562 bytes]","args":[{"selector":{"id":"application-manageresources-display-component---newResourceUnit--newRRUPage-anchBar-application-manageresources-display-component---newResourceUnit--resource-anchor","interaction":{"idSuffix":"BDI-content"}},"wdio_ui5_key":"applicationmanageresources-display-component---newResourceUnit--newRRUPage-anchBar-application-manageresources-display-component---newResourceUnit--resource-anchor"}]}
RESULT: undefined
COMMAND: POST /session/ff0536b58743eaf2c437238d004892b9/element - {"using":"xpath","value":"//*[@id=\"application-manageresources-display-component---newResourceUnit--newRRUPage-anchBar-application-manageresources-display-component---newResourceUnit--resource-anchor\"]"}
RESULT: {"using":"xpath","value":"//*[@id=\"application-manageresources-display-component---newResourceUnit--newRRUPage-anchBar-application-manageresources-display-component---newResourceUnit--resource-anchor\"]"}
COMMAND: POST /session/ff0536b58743eaf2c437238d004892b9/element/f.BB3617BF1549F1B1531810C266B34E3A.d.30B386FC0300EE36C624E614848C7E15.e.9587/click - {}
RESULT: {}
COMMAND: POST /session/ff0536b58743eaf2c437238d004892b9/execute/async - {"script":"<script> [1562 bytes]","args":[{"selector":{"id":"application-manageresources-display-component---newResourceUnit--PLANNED_DELIVERY_DATE","interaction":{"idSuffix":"inner"}},"wdio_ui5_key":"applicationmanageresources-display-component---newResourceUnit--PLANNED_DELIVERY_DATE"}]}
COMMAND: GET /session/ff0536b58743eaf2c437238d004892b9/screenshot - {}
RESULT: {"script":"<script> [1562 bytes]","args":[{"selector":{"id":"application-manageresources-display-component---newResourceUnit--PLANNED_DELIVERY_DATE","interaction":{"idSuffix":"inner"}},"wdio_ui5_key":"applicationmanageresources-display-component---newResourceUnit--PLANNED_DELIVERY_DATE"}]}
RESULT: undefined
COMMAND: POST /session/ff0536b58743eaf2c437238d004892b9/execute/async - {"script":"<script> [6424 bytes]","args":[{"element-6066-11e4-a52e-4f735466cecf":"f.BB3617BF1549F1B1531810C266B34E3A.d.30B386FC0300EE36C624E614848C7E15.e.9448"},"setValue",["5/15/25"]]}
RESULT: {}
RESULT: {"script":"<script> [6424 bytes]","args":[{"element-6066-11e4-a52e-4f735466cecf":"f.BB3617BF1549F1B1531810C266B34E3A.d.30B386FC0300EE36C624E614848C7E15.e.9448"},"setValue",["5/15/25"]]}
COMMAND: POST /session/ff0536b58743eaf2c437238d004892b9/element - {"using":"xpath","value":"//label[contains(@class, 'sapMLabelRequired') and .//bdi[contains(text(), 'Planned Retirement')]]"}
RESULT: {"using":"xpath","value":"//label[contains(@class, 'sapMLabelRequired') and .//bdi[contains(text(), 'Planned Retirement')]]"}
COMMAND: POST /session/ff0536b58743eaf2c437238d004892b9/elements - {"using":"xpath","value":"//label[contains(@class, 'sapMLabelRequired') and .//bdi[contains(text(), 'Planned Retirement')]]"}
RESULT: {"using":"xpath","value":"//label[contains(@class, 'sapMLabelRequired') and .//bdi[contains(text(), 'Planned Retirement')]]"}
COMMAND: POST /session/ff0536b58743eaf2c437238d004892b9/element - {"using":"xpath","value":"//button[@data-kt=\"resourceUnitSaveButton\"]"}
RESULT: {"using":"xpath","value":"//button[@data-kt=\"resourceUnitSaveButton\"]"}
COMMAND: POST /session/ff0536b58743eaf2c437238d004892b9/element/f.BB3617BF1549F1B1531810C266B34E3A.d.30B386FC0300EE36C624E614848C7E15.e.9409/click - {}
RESULT: {}
COMMAND: GET /session/ff0536b58743eaf2c437238d004892b9/screenshot - {}
RESULT: {}
COMMAND: POST /session/ff0536b58743eaf2c437238d004892b9/element - {"using":"xpath","value":"//bdi[contains(text(), \"Close\")]"}
RESULT: {"using":"xpath","value":"//bdi[contains(text(), \"Close\")]"}
COMMAND: POST /session/ff0536b58743eaf2c437238d004892b9/element/f.BB3617BF1549F1B1531810C266B34E3A.d.30B386FC0300EE36C624E614848C7E15.e.9598/click - {}
RESULT: {}
COMMAND: GET /session/ff0536b58743eaf2c437238d004892b9/screenshot - {}
RESULT: {}
COMMAND: POST /session/ff0536b58743eaf2c437238d004892b9/element - {"using":"xpath","value":"//bdi[contains(text(), \"Edit\")]"}
RESULT: {"using":"xpath","value":"//bdi[contains(text(), \"Edit\")]"}
COMMAND: POST /session/ff0536b58743eaf2c437238d004892b9/execute/sync - {"script":"<script> [8489 bytes]","args":[{"element-6066-11e4-a52e-4f735466cecf":"f.BB3617BF1549F1B1531810C266B34E3A.d.30B386FC0300EE36C624E614848C7E15.e.9632","ELEMENT":"f.BB3617BF1549F1B1531810C266B34E3A.d.30B386FC0300EE36C624E614848C7E15.e.9632"}]}
RESULT: {"script":"<script> [8489 bytes]","args":[{"element-6066-11e4-a52e-4f735466cecf":"f.BB3617BF1549F1B1531810C266B34E3A.d.30B386FC0300EE36C624E614848C7E15.e.9632","ELEMENT":"f.BB3617BF1549F1B1531810C266B34E3A.d.30B386FC0300EE36C624E614848C7E15.e.9632"}]}
COMMAND: POST /session/ff0536b58743eaf2c437238d004892b9/element/f.BB3617BF1549F1B1531810C266B34E3A.d.30B386FC0300EE36C624E614848C7E15.e.9632/click - {}
COMMAND: GET /session/ff0536b58743eaf2c437238d004892b9/screenshot - {}
RESULT: {}
COMMAND: GET /session/ff0536b58743eaf2c437238d004892b9/screenshot - {}
COMMAND: POST /session/ff0536b58743eaf2c437238d004892b9/execute/async - {"script":"<script> [1562 bytes]","args":[{"selector":{"id":"application-manageresources-display-component---editResource--editRruPage-anchBar-application-manageresources-display-component---editResource--counters-anchor","interaction":{"idSuffix":"BDI-content"}},"wdio_ui5_key":"applicationmanageresources-display-component---editResource--editRruPage-anchBar-application-manageresources-display-component---editResource--counters-anchor"}]}
RESULT: {}
RESULT: {}
RESULT: {"script":"<script> [1562 bytes]","args":[{"selector":{"id":"application-manageresources-display-component---editResource--editRruPage-anchBar-application-manageresources-display-component---editResource--counters-anchor","interaction":{"idSuffix":"BDI-content"}},"wdio_ui5_key":"applicationmanageresources-display-component---editResource--editRruPage-anchBar-application-manageresources-display-component---editResource--counters-anchor"}]}
RESULT: undefined
COMMAND: POST /session/ff0536b58743eaf2c437238d004892b9/element - {"using":"xpath","value":"//*[@id=\"application-manageresources-display-component---editResource--editRruPage-anchBar-application-manageresources-display-component---editResource--counters-anchor\"]"}
RESULT: {"using":"xpath","value":"//*[@id=\"application-manageresources-display-component---editResource--editRruPage-anchBar-application-manageresources-display-component---editResource--counters-anchor\"]"}
COMMAND: POST /session/ff0536b58743eaf2c437238d004892b9/element/f.BB3617BF1549F1B1531810C266B34E3A.d.30B386FC0300EE36C624E614848C7E15.e.9739/click - {}
RESULT: {}
COMMAND: GET /session/ff0536b58743eaf2c437238d004892b9/screenshot - {}
RESULT: {}
COMMAND: POST /session/ff0536b58743eaf2c437238d004892b9/execute/async - {"script":"<script> [1562 bytes]","args":[{"selector":{"id":"application-manageresources-display-component---editResource--btnAddCounter-img"},"wdio_ui5_key":"applicationmanageresources-display-component---editResource--btnAddCounter-img"}]}
RESULT: {"script":"<script> [1562 bytes]","args":[{"selector":{"id":"application-manageresources-display-component---editResource--btnAddCounter-img"},"wdio_ui5_key":"applicationmanageresources-display-component---editResource--btnAddCounter-img"}]}
RESULT: undefined
COMMAND: POST /session/ff0536b58743eaf2c437238d004892b9/element - {"using":"xpath","value":"//*[@id=\"application-manageresources-display-component---editResource--btnAddCounter-img\"]"}
RESULT: {"using":"xpath","value":"//*[@id=\"application-manageresources-display-component---editResource--btnAddCounter-img\"]"}
COMMAND: POST /session/ff0536b58743eaf2c437238d004892b9/element/f.BB3617BF1549F1B1531810C266B34E3A.d.30B386FC0300EE36C624E614848C7E15.e.9773/click - {}
RESULT: {}
COMMAND: POST /session/ff0536b58743eaf2c437238d004892b9/execute/async - {"script":"<script> [1562 bytes]","args":[{"selector":{"id":"application-manageresources-display-component---editResource--COUNTER_ID-application-manageresources-display-component---editResource--RUCounters-0-arrow"},"wdio_ui5_key":"applicationmanageresources-display-component---editResource--COUNTER_ID-application-manageresources-display-component---editResource--RUCounters-0-arrow"}]}
COMMAND: GET /session/ff0536b58743eaf2c437238d004892b9/screenshot - {}
RESULT: {"script":"<script> [1562 bytes]","args":[{"selector":{"id":"application-manageresources-display-component---editResource--COUNTER_ID-application-manageresources-display-component---editResource--RUCounters-0-arrow"},"wdio_ui5_key":"applicationmanageresources-display-component---editResource--COUNTER_ID-application-manageresources-display-component---editResource--RUCounters-0-arrow"}]}
RESULT: undefined
COMMAND: POST /session/ff0536b58743eaf2c437238d004892b9/element - {"using":"xpath","value":"//*[@id=\"application-manageresources-display-component---editResource--COUNTER_ID-application-manageresources-display-component---editResource--RUCounters-0-arrow\"]"}
RESULT: {}
RESULT: {"using":"xpath","value":"//*[@id=\"application-manageresources-display-component---editResource--COUNTER_ID-application-manageresources-display-component---editResource--RUCounters-0-arrow\"]"}
COMMAND: POST /session/ff0536b58743eaf2c437238d004892b9/element/f.BB3617BF1549F1B1531810C266B34E3A.d.30B386FC0300EE36C624E614848C7E15.e.9778/click - {}
RESULT: {}
COMMAND: POST /session/ff0536b58743eaf2c437238d004892b9/execute/async - {"script":"<script> [1562 bytes]","args":[{"selector":{"controlType":"sap.m.StandardListItem","viewName":"etm.portal.ui.manageresources.view.EditResource","viewId":"application-manageresources-display-component---editResource","properties":{"title":"fuel"},"searchOpenDialogs":true,"interaction":{"idSuffix":"content"}},"wdio_ui5_key":"etmportal.ui.manageresources.view.EditResourcesap.m.StandardListItem{\"title\":\"fuel\"}"}]}
COMMAND: GET /session/ff0536b58743eaf2c437238d004892b9/screenshot - {}
RESULT: {"script":"<script> [1562 bytes]","args":[{"selector":{"controlType":"sap.m.StandardListItem","viewName":"etm.portal.ui.manageresources.view.EditResource","viewId":"application-manageresources-display-component---editResource","properties":{"title":"fuel"},"searchOpenDialogs":true,"interaction":{"idSuffix":"content"}},"wdio_ui5_key":"etmportal.ui.manageresources.view.EditResourcesap.m.StandardListItem{\"title\":\"fuel\"}"}]}
RESULT: undefined
COMMAND: POST /session/ff0536b58743eaf2c437238d004892b9/element - {"using":"xpath","value":"//*[@id=\"__item849\"]"}
RESULT: {}
RESULT: {"using":"xpath","value":"//*[@id=\"__item849\"]"}
COMMAND: POST /session/ff0536b58743eaf2c437238d004892b9/element/f.BB3617BF1549F1B1531810C266B34E3A.d.30B386FC0300EE36C624E614848C7E15.e.9780/click - {}
RESULT: {}
COMMAND: GET /session/ff0536b58743eaf2c437238d004892b9/screenshot - {}
RESULT: {}
COMMAND: POST /session/ff0536b58743eaf2c437238d004892b9/element - {"using":"xpath","value":"//button[@data-kt=\"saveButton\"]"}
RESULT: {"using":"xpath","value":"//button[@data-kt=\"saveButton\"]"}
COMMAND: POST /session/ff0536b58743eaf2c437238d004892b9/element/f.BB3617BF1549F1B1531810C266B34E3A.d.30B386FC0300EE36C624E614848C7E15.e.9781/click - {}
RESULT: {}
COMMAND: GET /session/ff0536b58743eaf2c437238d004892b9/screenshot - {}
RESULT: {}
COMMAND: POST /session/ff0536b58743eaf2c437238d004892b9/element - {"using":"xpath","value":"(//button[contains(@id ,\"actionsToolbar-overflowButton\")])[1]"}
RESULT: {"using":"xpath","value":"(//button[contains(@id ,\"actionsToolbar-overflowButton\")])[1]"}
COMMAND: POST /session/ff0536b58743eaf2c437238d004892b9/element/f.BB3617BF1549F1B1531810C266B34E3A.d.30B386FC0300EE36C624E614848C7E15.e.9791/click - {}
RESULT: {}
COMMAND: GET /session/ff0536b58743eaf2c437238d004892b9/screenshot - {}
RESULT: {}
COMMAND: POST /session/ff0536b58743eaf2c437238d004892b9/element - {"using":"xpath","value":"//button[@data-kt=\"priceInfoButton\"]"}
RESULT: {"using":"xpath","value":"//button[@data-kt=\"priceInfoButton\"]"}
COMMAND: POST /session/ff0536b58743eaf2c437238d004892b9/element/f.BB3617BF1549F1B1531810C266B34E3A.d.30B386FC0300EE36C624E614848C7E15.e.9793/click - {}
RESULT: {}
COMMAND: GET /session/ff0536b58743eaf2c437238d004892b9/screenshot - {}
]]></system-out>
    </testcase>
    <testcase classname="chrome.136_0_7103_93.windows.Create_master_data_for_mixed_billing_&amp;_do_billing_calculation_US151661" name="Should create a TB pricing procedure" time="52.34">
      <system-out><![CDATA[
COMMAND: POST /session/ff0536b58743eaf2c437238d004892b9/element - {"using":"xpath","value":"//button[@data-kt=\"addButton\"]"}
RESULT: {}
RESULT: {"using":"xpath","value":"//button[@data-kt=\"addButton\"]"}
COMMAND: POST /session/ff0536b58743eaf2c437238d004892b9/elements - {"using":"xpath","value":"//button[@data-kt=\"addButton\"]"}
RESULT: {"using":"xpath","value":"//button[@data-kt=\"addButton\"]"}
COMMAND: POST /session/ff0536b58743eaf2c437238d004892b9/execute/sync - {"script":"<script> [8489 bytes]","args":[{"element-6066-11e4-a52e-4f735466cecf":"f.BB3617BF1549F1B1531810C266B34E3A.d.30B386FC0300EE36C624E614848C7E15.e.9829","ELEMENT":"f.BB3617BF1549F1B1531810C266B34E3A.d.30B386FC0300EE36C624E614848C7E15.e.9829"}]}
RESULT: {"script":"<script> [8489 bytes]","args":[{"element-6066-11e4-a52e-4f735466cecf":"f.BB3617BF1549F1B1531810C266B34E3A.d.30B386FC0300EE36C624E614848C7E15.e.9829","ELEMENT":"f.BB3617BF1549F1B1531810C266B34E3A.d.30B386FC0300EE36C624E614848C7E15.e.9829"}]}
COMMAND: GET /session/ff0536b58743eaf2c437238d004892b9/element/f.BB3617BF1549F1B1531810C266B34E3A.d.30B386FC0300EE36C624E614848C7E15.e.9829/enabled - {}
COMMAND: GET /session/ff0536b58743eaf2c437238d004892b9/screenshot - {}
RESULT: {}
COMMAND: POST /session/ff0536b58743eaf2c437238d004892b9/execute/sync - {"script":"<script> [8489 bytes]","args":[{"element-6066-11e4-a52e-4f735466cecf":"f.BB3617BF1549F1B1531810C266B34E3A.d.30B386FC0300EE36C624E614848C7E15.e.9829","ELEMENT":"f.BB3617BF1549F1B1531810C266B34E3A.d.30B386FC0300EE36C624E614848C7E15.e.9829"}]}
COMMAND: GET /session/ff0536b58743eaf2c437238d004892b9/screenshot - {}
RESULT: {}
RESULT: {"script":"<script> [8489 bytes]","args":[{"element-6066-11e4-a52e-4f735466cecf":"f.BB3617BF1549F1B1531810C266B34E3A.d.30B386FC0300EE36C624E614848C7E15.e.9829","ELEMENT":"f.BB3617BF1549F1B1531810C266B34E3A.d.30B386FC0300EE36C624E614848C7E15.e.9829"}]}
COMMAND: POST /session/ff0536b58743eaf2c437238d004892b9/execute/sync - {"script":"<script> [5351 bytes]","args":[{"element-6066-11e4-a52e-4f735466cecf":"f.BB3617BF1549F1B1531810C266B34E3A.d.30B386FC0300EE36C624E614848C7E15.e.9829","ELEMENT":"f.BB3617BF1549F1B1531810C266B34E3A.d.30B386FC0300EE36C624E614848C7E15.e.9829"}]}
COMMAND: GET /session/ff0536b58743eaf2c437238d004892b9/screenshot - {}
RESULT: {}
RESULT: {"script":"<script> [5351 bytes]","args":[{"element-6066-11e4-a52e-4f735466cecf":"f.BB3617BF1549F1B1531810C266B34E3A.d.30B386FC0300EE36C624E614848C7E15.e.9829","ELEMENT":"f.BB3617BF1549F1B1531810C266B34E3A.d.30B386FC0300EE36C624E614848C7E15.e.9829"}]}
COMMAND: POST /session/ff0536b58743eaf2c437238d004892b9/element/f.BB3617BF1549F1B1531810C266B34E3A.d.30B386FC0300EE36C624E614848C7E15.e.9829/click - {}
COMMAND: GET /session/ff0536b58743eaf2c437238d004892b9/screenshot - {}
RESULT: {}
RESULT: {}
COMMAND: GET /session/ff0536b58743eaf2c437238d004892b9/screenshot - {}
RESULT: {}
RESULT: {}
COMMAND: POST /session/ff0536b58743eaf2c437238d004892b9/execute/async - {"script":"<script> [1562 bytes]","args":[{"selector":{"controlType":"sap.m.Title","viewName":"etm.portal.ui.managepricingrules.view.NewItem","viewId":"application-managepricingrules-display-component---newInfoPriceItem","properties":{"text":"New Pricing Rules - Item Level"}},"wdio_ui5_key":"etmportal.ui.managepricingrules.view.NewItemsap.m.Title{\"text\":\"New Pricing Rules - Item Level\"}"}]}
RESULT: {"script":"<script> [1562 bytes]","args":[{"selector":{"controlType":"sap.m.Title","viewName":"etm.portal.ui.managepricingrules.view.NewItem","viewId":"application-managepricingrules-display-component---newInfoPriceItem","properties":{"text":"New Pricing Rules - Item Level"}},"wdio_ui5_key":"etmportal.ui.managepricingrules.view.NewItemsap.m.Title{\"text\":\"New Pricing Rules - Item Level\"}"}]}
RESULT: undefined
COMMAND: POST /session/ff0536b58743eaf2c437238d004892b9/execute/async - {"script":"<script> [6424 bytes]","args":[{"element-6066-11e4-a52e-4f735466cecf":"f.BB3617BF1549F1B1531810C266B34E3A.d.30B386FC0300EE36C624E614848C7E15.e.9999"},"getText",[]]}
RESULT: {"script":"<script> [6424 bytes]","args":[{"element-6066-11e4-a52e-4f735466cecf":"f.BB3617BF1549F1B1531810C266B34E3A.d.30B386FC0300EE36C624E614848C7E15.e.9999"},"getText",[]]}
COMMAND: POST /session/ff0536b58743eaf2c437238d004892b9/execute/async - {"script":"<script> [1562 bytes]","args":[{"selector":{"id":"application-managepricingrules-display-component---newInfoPriceItem--condValidTo","interaction":{"idSuffix":"inner"}},"wdio_ui5_key":"applicationmanagepricingrules-display-component---newInfoPriceItem--condValidTo"}]}
RESULT: {"script":"<script> [1562 bytes]","args":[{"selector":{"id":"application-managepricingrules-display-component---newInfoPriceItem--condValidTo","interaction":{"idSuffix":"inner"}},"wdio_ui5_key":"applicationmanagepricingrules-display-component---newInfoPriceItem--condValidTo"}]}
RESULT: undefined
COMMAND: POST /session/ff0536b58743eaf2c437238d004892b9/execute/async - {"script":"<script> [776 bytes]","args":[{"enterText":"1/15/26","selector":{"id":"application-managepricingrules-display-component---newInfoPriceItem--condValidTo","interaction":{"idSuffix":"inner"}},"clearTextFirst":true,"interactionType":"ENTER_TEXT"}]}
RESULT: {"script":"<script> [776 bytes]","args":[{"enterText":"1/15/26","selector":{"id":"application-managepricingrules-display-component---newInfoPriceItem--condValidTo","interaction":{"idSuffix":"inner"}},"clearTextFirst":true,"interactionType":"ENTER_TEXT"}]}
COMMAND: POST /session/ff0536b58743eaf2c437238d004892b9/execute/async - {"script":"<script> [1562 bytes]","args":[{"selector":{"id":"application-managepricingrules-display-component---newInfoPriceItem--billType-arrow"},"wdio_ui5_key":"applicationmanagepricingrules-display-component---newInfoPriceItem--billType-arrow"}]}
RESULT: {"script":"<script> [1562 bytes]","args":[{"selector":{"id":"application-managepricingrules-display-component---newInfoPriceItem--billType-arrow"},"wdio_ui5_key":"applicationmanagepricingrules-display-component---newInfoPriceItem--billType-arrow"}]}
RESULT: undefined
COMMAND: POST /session/ff0536b58743eaf2c437238d004892b9/element - {"using":"xpath","value":"//*[@id=\"application-managepricingrules-display-component---newInfoPriceItem--billType-arrow\"]"}
RESULT: {"using":"xpath","value":"//*[@id=\"application-managepricingrules-display-component---newInfoPriceItem--billType-arrow\"]"}
COMMAND: POST /session/ff0536b58743eaf2c437238d004892b9/element/f.BB3617BF1549F1B1531810C266B34E3A.d.30B386FC0300EE36C624E614848C7E15.e.9959/click - {}
RESULT: {}
COMMAND: POST /session/ff0536b58743eaf2c437238d004892b9/element - {"using":"xpath","value":"//span[contains(text(), \"TB - Time based\")]"}
COMMAND: GET /session/ff0536b58743eaf2c437238d004892b9/screenshot - {}
RESULT: {"using":"xpath","value":"//span[contains(text(), \"TB - Time based\")]"}
COMMAND: POST /session/ff0536b58743eaf2c437238d004892b9/element/f.BB3617BF1549F1B1531810C266B34E3A.d.30B386FC0300EE36C624E614848C7E15.e.10001/click - {}
RESULT: {}
RESULT: {}
COMMAND: POST /session/ff0536b58743eaf2c437238d004892b9/execute/async - {"script":"<script> [1562 bytes]","args":[{"selector":{"id":"application-managepricingrules-display-component---newInfoPriceItem--priceProc-arrow"},"wdio_ui5_key":"applicationmanagepricingrules-display-component---newInfoPriceItem--priceProc-arrow"}]}
COMMAND: GET /session/ff0536b58743eaf2c437238d004892b9/screenshot - {}
RESULT: {"script":"<script> [1562 bytes]","args":[{"selector":{"id":"application-managepricingrules-display-component---newInfoPriceItem--priceProc-arrow"},"wdio_ui5_key":"applicationmanagepricingrules-display-component---newInfoPriceItem--priceProc-arrow"}]}
RESULT: undefined
COMMAND: POST /session/ff0536b58743eaf2c437238d004892b9/element - {"using":"xpath","value":"//*[@id=\"application-managepricingrules-display-component---newInfoPriceItem--priceProc-arrow\"]"}
RESULT: {}
RESULT: {"using":"xpath","value":"//*[@id=\"application-managepricingrules-display-component---newInfoPriceItem--priceProc-arrow\"]"}
COMMAND: POST /session/ff0536b58743eaf2c437238d004892b9/element/f.BB3617BF1549F1B1531810C266B34E3A.d.30B386FC0300EE36C624E614848C7E15.e.9966/click - {}
RESULT: {}
COMMAND: POST /session/ff0536b58743eaf2c437238d004892b9/element - {"using":"xpath","value":"//span[contains(text(), \"TB - Time based BGL\")]"}
COMMAND: GET /session/ff0536b58743eaf2c437238d004892b9/screenshot - {}
RESULT: {"using":"xpath","value":"//span[contains(text(), \"TB - Time based BGL\")]"}
COMMAND: POST /session/ff0536b58743eaf2c437238d004892b9/element/f.BB3617BF1549F1B1531810C266B34E3A.d.30B386FC0300EE36C624E614848C7E15.e.10002/click - {}
RESULT: {}
RESULT: {}
COMMAND: POST /session/ff0536b58743eaf2c437238d004892b9/execute/async - {"script":"<script> [1562 bytes]","args":[{"selector":{"id":"application-managepricingrules-display-component---newInfoPriceItem--calcBase-arrow"},"wdio_ui5_key":"applicationmanagepricingrules-display-component---newInfoPriceItem--calcBase-arrow"}]}
COMMAND: GET /session/ff0536b58743eaf2c437238d004892b9/screenshot - {}
RESULT: {"script":"<script> [1562 bytes]","args":[{"selector":{"id":"application-managepricingrules-display-component---newInfoPriceItem--calcBase-arrow"},"wdio_ui5_key":"applicationmanagepricingrules-display-component---newInfoPriceItem--calcBase-arrow"}]}
RESULT: undefined
COMMAND: POST /session/ff0536b58743eaf2c437238d004892b9/element - {"using":"xpath","value":"//*[@id=\"application-managepricingrules-display-component---newInfoPriceItem--calcBase-arrow\"]"}
RESULT: {}
RESULT: {"using":"xpath","value":"//*[@id=\"application-managepricingrules-display-component---newInfoPriceItem--calcBase-arrow\"]"}
COMMAND: POST /session/ff0536b58743eaf2c437238d004892b9/element/f.BB3617BF1549F1B1531810C266B34E3A.d.30B386FC0300EE36C624E614848C7E15.e.9973/click - {}
RESULT: {}
COMMAND: GET /session/ff0536b58743eaf2c437238d004892b9/screenshot - {}
RESULT: {}
COMMAND: POST /session/ff0536b58743eaf2c437238d004892b9/element - {"using":"xpath","value":"//span[contains(text(), \"0006 - TB(calendar days)\")]"}
RESULT: {"using":"xpath","value":"//span[contains(text(), \"0006 - TB(calendar days)\")]"}
COMMAND: POST /session/ff0536b58743eaf2c437238d004892b9/element/f.BB3617BF1549F1B1531810C266B34E3A.d.30B386FC0300EE36C624E614848C7E15.e.10003/click - {}
RESULT: {}
COMMAND: GET /session/ff0536b58743eaf2c437238d004892b9/screenshot - {}
RESULT: {}
COMMAND: POST /session/ff0536b58743eaf2c437238d004892b9/execute/async - {"script":"<script> [1562 bytes]","args":[{"selector":{"id":"application-managepricingrules-display-component---newInfoPriceItem--hoursMonth","interaction":{"idSuffix":"inner"}},"wdio_ui5_key":"applicationmanagepricingrules-display-component---newInfoPriceItem--hoursMonth"}]}
RESULT: {"script":"<script> [1562 bytes]","args":[{"selector":{"id":"application-managepricingrules-display-component---newInfoPriceItem--hoursMonth","interaction":{"idSuffix":"inner"}},"wdio_ui5_key":"applicationmanagepricingrules-display-component---newInfoPriceItem--hoursMonth"}]}
RESULT: undefined
COMMAND: POST /session/ff0536b58743eaf2c437238d004892b9/execute/async - {"script":"<script> [776 bytes]","args":[{"enterText":"160","selector":{"id":"application-managepricingrules-display-component---newInfoPriceItem--hoursMonth","interaction":{"idSuffix":"inner"}},"clearTextFirst":true,"interactionType":"ENTER_TEXT"}]}
RESULT: {"script":"<script> [776 bytes]","args":[{"enterText":"160","selector":{"id":"application-managepricingrules-display-component---newInfoPriceItem--hoursMonth","interaction":{"idSuffix":"inner"}},"clearTextFirst":true,"interactionType":"ENTER_TEXT"}]}
COMMAND: POST /session/ff0536b58743eaf2c437238d004892b9/execute/async - {"script":"<script> [1562 bytes]","args":[{"selector":{"id":"application-managepricingrules-display-component---newInfoPriceItem--daysMonth","interaction":{"idSuffix":"inner"}},"wdio_ui5_key":"applicationmanagepricingrules-display-component---newInfoPriceItem--daysMonth"}]}
RESULT: {"script":"<script> [1562 bytes]","args":[{"selector":{"id":"application-managepricingrules-display-component---newInfoPriceItem--daysMonth","interaction":{"idSuffix":"inner"}},"wdio_ui5_key":"applicationmanagepricingrules-display-component---newInfoPriceItem--daysMonth"}]}
RESULT: undefined
COMMAND: POST /session/ff0536b58743eaf2c437238d004892b9/execute/async - {"script":"<script> [776 bytes]","args":[{"enterText":"30","selector":{"id":"application-managepricingrules-display-component---newInfoPriceItem--daysMonth","interaction":{"idSuffix":"inner"}},"clearTextFirst":true,"interactionType":"ENTER_TEXT"}]}
RESULT: {"script":"<script> [776 bytes]","args":[{"enterText":"30","selector":{"id":"application-managepricingrules-display-component---newInfoPriceItem--daysMonth","interaction":{"idSuffix":"inner"}},"clearTextFirst":true,"interactionType":"ENTER_TEXT"}]}
COMMAND: POST /session/ff0536b58743eaf2c437238d004892b9/element - {"using":"xpath","value":"//button[@data-kt=\"saveNewRuleButton\"]"}
RESULT: {"using":"xpath","value":"//button[@data-kt=\"saveNewRuleButton\"]"}
COMMAND: POST /session/ff0536b58743eaf2c437238d004892b9/element/f.BB3617BF1549F1B1531810C266B34E3A.d.30B386FC0300EE36C624E614848C7E15.e.9993/click - {}
RESULT: {}
COMMAND: GET /session/ff0536b58743eaf2c437238d004892b9/screenshot - {}
RESULT: {}
COMMAND: POST /session/ff0536b58743eaf2c437238d004892b9/execute/async - {"script":"<script> [1562 bytes]","args":[{"selector":{"id":"application-managepricingrules-display-component---priceInfoItem--smartFilterBar-btnBasicSearch","interaction":{"idSuffix":"I"}},"wdio_ui5_key":"applicationmanagepricingrules-display-component---priceInfoItem--smartFilterBar-btnBasicSearch"}]}
RESULT: {"script":"<script> [1562 bytes]","args":[{"selector":{"id":"application-managepricingrules-display-component---priceInfoItem--smartFilterBar-btnBasicSearch","interaction":{"idSuffix":"I"}},"wdio_ui5_key":"applicationmanagepricingrules-display-component---priceInfoItem--smartFilterBar-btnBasicSearch"}]}
RESULT: undefined
COMMAND: POST /session/ff0536b58743eaf2c437238d004892b9/execute/async - {"script":"<script> [776 bytes]","args":[{"enterText":"ny32YaClra","selector":{"id":"application-managepricingrules-display-component---priceInfoItem--smartFilterBar-btnBasicSearch","interaction":{"idSuffix":"I"}},"clearTextFirst":true,"interactionType":"ENTER_TEXT"}]}
RESULT: {"script":"<script> [776 bytes]","args":[{"enterText":"ny32YaClra","selector":{"id":"application-managepricingrules-display-component---priceInfoItem--smartFilterBar-btnBasicSearch","interaction":{"idSuffix":"I"}},"clearTextFirst":true,"interactionType":"ENTER_TEXT"}]}
COMMAND: POST /session/ff0536b58743eaf2c437238d004892b9/actions - {"actions":[{"id":"action32","type":"key","parameters":{},"actions":[{"type":"keyDown","value":"î€‡"},{"type":"pause","duration":10},{"type":"keyUp","value":"î€‡"}]}]}
RESULT: {"actions":[{"id":"action32","type":"key","parameters":{},"actions":[{"type":"keyDown","value":"î€‡"},{"type":"pause","duration":10},{"type":"keyUp","value":"î€‡"}]}]}
COMMAND: GET /session/ff0536b58743eaf2c437238d004892b9/screenshot - {}
RESULT: {}
COMMAND: POST /session/ff0536b58743eaf2c437238d004892b9/element - {"using":"xpath","value":"//span[@id=\"application-managepricingrules-display-component---priceInfoItem--smartTable-header-inner\"]"}
RESULT: {"using":"xpath","value":"//span[@id=\"application-managepricingrules-display-component---priceInfoItem--smartTable-header-inner\"]"}
COMMAND: POST /session/ff0536b58743eaf2c437238d004892b9/elements - {"using":"xpath","value":"//span[@id=\"application-managepricingrules-display-component---priceInfoItem--smartTable-header-inner\"]"}
RESULT: {"using":"xpath","value":"//span[@id=\"application-managepricingrules-display-component---priceInfoItem--smartTable-header-inner\"]"}
COMMAND: POST /session/ff0536b58743eaf2c437238d004892b9/execute/sync - {"script":"<script> [56 bytes]","args":[{"element-6066-11e4-a52e-4f735466cecf":"f.BB3617BF1549F1B1531810C266B34E3A.d.30B386FC0300EE36C624E614848C7E15.e.10029","ELEMENT":"f.BB3617BF1549F1B1531810C266B34E3A.d.30B386FC0300EE36C624E614848C7E15.e.10029"}]}
RESULT: {"script":"<script> [56 bytes]","args":[{"element-6066-11e4-a52e-4f735466cecf":"f.BB3617BF1549F1B1531810C266B34E3A.d.30B386FC0300EE36C624E614848C7E15.e.10029","ELEMENT":"f.BB3617BF1549F1B1531810C266B34E3A.d.30B386FC0300EE36C624E614848C7E15.e.10029"}]}
COMMAND: POST /session/ff0536b58743eaf2c437238d004892b9/element - {"using":"css selector","value":"#shell-header-logo"}
COMMAND: GET /session/ff0536b58743eaf2c437238d004892b9/screenshot - {}
RESULT: {"using":"css selector","value":"#shell-header-logo"}
COMMAND: POST /session/ff0536b58743eaf2c437238d004892b9/element/f.BB3617BF1549F1B1531810C266B34E3A.d.30B386FC0300EE36C624E614848C7E15.e.8995/click - {}
RESULT: {}
RESULT: {}
COMMAND: GET /session/ff0536b58743eaf2c437238d004892b9/screenshot - {}
RESULT: {}
]]></system-out>
    </testcase>
    <testcase classname="chrome.136_0_7103_93.windows.Create_master_data_for_mixed_billing_&amp;_do_billing_calculation_US151661" name="Should add one time condition" time="65.781">
      <system-out><![CDATA[
COMMAND: POST /session/ff0536b58743eaf2c437238d004892b9/execute/async - {"script":"<script> [1562 bytes]","args":[{"selector":{"controlType":"sap.m.GenericTile","properties":{"header":"Manage Conditions & Prices"}},"wdio_ui5_key":"sapm.GenericTile{\"header\":\"Manage Conditions & Prices\"}"}]}
RESULT: {"script":"<script> [1562 bytes]","args":[{"selector":{"controlType":"sap.m.GenericTile","properties":{"header":"Manage Conditions & Prices"}},"wdio_ui5_key":"sapm.GenericTile{\"header\":\"Manage Conditions & Prices\"}"}]}
RESULT: undefined
COMMAND: POST /session/ff0536b58743eaf2c437238d004892b9/element - {"using":"xpath","value":"//*[@id=\"__tile93\"]"}
RESULT: {"using":"xpath","value":"//*[@id=\"__tile93\"]"}
COMMAND: POST /session/ff0536b58743eaf2c437238d004892b9/element/f.BB3617BF1549F1B1531810C266B34E3A.d.30B386FC0300EE36C624E614848C7E15.e.8981/click - {}
RESULT: {}
COMMAND: GET /session/ff0536b58743eaf2c437238d004892b9/screenshot - {}
RESULT: {}
COMMAND: POST /session/ff0536b58743eaf2c437238d004892b9/elements - {"using":"xpath","value":"//span[text()='Error']"}
RESULT: {"using":"xpath","value":"//span[text()='Error']"}
COMMAND: POST /session/ff0536b58743eaf2c437238d004892b9/element - {"using":"xpath","value":"//button[@aria-label=\"Create\"]"}
RESULT: {"using":"xpath","value":"//button[@aria-label=\"Create\"]"}
COMMAND: POST /session/ff0536b58743eaf2c437238d004892b9/elements - {"using":"xpath","value":"//button[@aria-label=\"Create\"]"}
RESULT: {"using":"xpath","value":"//button[@aria-label=\"Create\"]"}
COMMAND: POST /session/ff0536b58743eaf2c437238d004892b9/execute/sync - {"script":"<script> [8489 bytes]","args":[{"element-6066-11e4-a52e-4f735466cecf":"f.BB3617BF1549F1B1531810C266B34E3A.d.30B386FC0300EE36C624E614848C7E15.e.10064","ELEMENT":"f.BB3617BF1549F1B1531810C266B34E3A.d.30B386FC0300EE36C624E614848C7E15.e.10064"}]}
RESULT: {"script":"<script> [8489 bytes]","args":[{"element-6066-11e4-a52e-4f735466cecf":"f.BB3617BF1549F1B1531810C266B34E3A.d.30B386FC0300EE36C624E614848C7E15.e.10064","ELEMENT":"f.BB3617BF1549F1B1531810C266B34E3A.d.30B386FC0300EE36C624E614848C7E15.e.10064"}]}
COMMAND: GET /session/ff0536b58743eaf2c437238d004892b9/element/f.BB3617BF1549F1B1531810C266B34E3A.d.30B386FC0300EE36C624E614848C7E15.e.10064/enabled - {}
COMMAND: GET /session/ff0536b58743eaf2c437238d004892b9/screenshot - {}
RESULT: {}
COMMAND: POST /session/ff0536b58743eaf2c437238d004892b9/execute/sync - {"script":"<script> [8489 bytes]","args":[{"element-6066-11e4-a52e-4f735466cecf":"f.BB3617BF1549F1B1531810C266B34E3A.d.30B386FC0300EE36C624E614848C7E15.e.10064","ELEMENT":"f.BB3617BF1549F1B1531810C266B34E3A.d.30B386FC0300EE36C624E614848C7E15.e.10064"}]}
COMMAND: GET /session/ff0536b58743eaf2c437238d004892b9/screenshot - {}
RESULT: {}
RESULT: {"script":"<script> [8489 bytes]","args":[{"element-6066-11e4-a52e-4f735466cecf":"f.BB3617BF1549F1B1531810C266B34E3A.d.30B386FC0300EE36C624E614848C7E15.e.10064","ELEMENT":"f.BB3617BF1549F1B1531810C266B34E3A.d.30B386FC0300EE36C624E614848C7E15.e.10064"}]}
COMMAND: POST /session/ff0536b58743eaf2c437238d004892b9/execute/sync - {"script":"<script> [5351 bytes]","args":[{"element-6066-11e4-a52e-4f735466cecf":"f.BB3617BF1549F1B1531810C266B34E3A.d.30B386FC0300EE36C624E614848C7E15.e.10064","ELEMENT":"f.BB3617BF1549F1B1531810C266B34E3A.d.30B386FC0300EE36C624E614848C7E15.e.10064"}]}
COMMAND: GET /session/ff0536b58743eaf2c437238d004892b9/screenshot - {}
RESULT: {}
RESULT: {"script":"<script> [5351 bytes]","args":[{"element-6066-11e4-a52e-4f735466cecf":"f.BB3617BF1549F1B1531810C266B34E3A.d.30B386FC0300EE36C624E614848C7E15.e.10064","ELEMENT":"f.BB3617BF1549F1B1531810C266B34E3A.d.30B386FC0300EE36C624E614848C7E15.e.10064"}]}
COMMAND: POST /session/ff0536b58743eaf2c437238d004892b9/element/f.BB3617BF1549F1B1531810C266B34E3A.d.30B386FC0300EE36C624E614848C7E15.e.10064/click - {}
COMMAND: GET /session/ff0536b58743eaf2c437238d004892b9/screenshot - {}
RESULT: {}
RESULT: {}
COMMAND: GET /session/ff0536b58743eaf2c437238d004892b9/screenshot - {}
RESULT: {}
RESULT: {}
COMMAND: POST /session/ff0536b58743eaf2c437238d004892b9/actions - {"actions":[{"id":"action33","type":"key","parameters":{},"actions":[{"type":"keyDown","value":"î€‡"},{"type":"pause","duration":10},{"type":"keyUp","value":"î€‡"}]}]}
RESULT: {"actions":[{"id":"action33","type":"key","parameters":{},"actions":[{"type":"keyDown","value":"î€‡"},{"type":"pause","duration":10},{"type":"keyUp","value":"î€‡"}]}]}
COMMAND: GET /session/ff0536b58743eaf2c437238d004892b9/screenshot - {}
RESULT: {}
COMMAND: POST /session/ff0536b58743eaf2c437238d004892b9/execute/async - {"script":"<script> [1562 bytes]","args":[{"selector":{"id":"application-manageconditionprice-display-component---newCondition--condBillCond-arrow"},"wdio_ui5_key":"applicationmanageconditionprice-display-component---newCondition--condBillCond-arrow"}]}
RESULT: {"script":"<script> [1562 bytes]","args":[{"selector":{"id":"application-manageconditionprice-display-component---newCondition--condBillCond-arrow"},"wdio_ui5_key":"applicationmanageconditionprice-display-component---newCondition--condBillCond-arrow"}]}
RESULT: undefined
COMMAND: POST /session/ff0536b58743eaf2c437238d004892b9/element - {"using":"xpath","value":"//*[@id=\"application-manageconditionprice-display-component---newCondition--condBillCond-arrow\"]"}
RESULT: {"using":"xpath","value":"//*[@id=\"application-manageconditionprice-display-component---newCondition--condBillCond-arrow\"]"}
COMMAND: POST /session/ff0536b58743eaf2c437238d004892b9/element/f.BB3617BF1549F1B1531810C266B34E3A.d.30B386FC0300EE36C624E614848C7E15.e.10240/click - {}
RESULT: {}
COMMAND: GET /session/ff0536b58743eaf2c437238d004892b9/screenshot - {}
RESULT: {}
COMMAND: POST /session/ff0536b58743eaf2c437238d004892b9/element - {"using":"xpath","value":"//li[.//span[contains(text(), \"SAPR - Sales price\")]]"}
RESULT: {"using":"xpath","value":"//li[.//span[contains(text(), \"SAPR - Sales price\")]]"}
COMMAND: POST /session/ff0536b58743eaf2c437238d004892b9/element/f.BB3617BF1549F1B1531810C266B34E3A.d.30B386FC0300EE36C624E614848C7E15.e.10243/click - {}
RESULT: {}
COMMAND: GET /session/ff0536b58743eaf2c437238d004892b9/screenshot - {}
RESULT: {}
COMMAND: POST /session/ff0536b58743eaf2c437238d004892b9/execute/async - {"script":"<script> [1562 bytes]","args":[{"selector":{"id":"application-manageconditionprice-display-component---newCondition--condValidTo","interaction":{"idSuffix":"inner"}},"wdio_ui5_key":"applicationmanageconditionprice-display-component---newCondition--condValidTo"}]}
RESULT: {"script":"<script> [1562 bytes]","args":[{"selector":{"id":"application-manageconditionprice-display-component---newCondition--condValidTo","interaction":{"idSuffix":"inner"}},"wdio_ui5_key":"applicationmanageconditionprice-display-component---newCondition--condValidTo"}]}
RESULT: undefined
COMMAND: POST /session/ff0536b58743eaf2c437238d004892b9/execute/async - {"script":"<script> [776 bytes]","args":[{"enterText":"1/15/26","selector":{"id":"application-manageconditionprice-display-component---newCondition--condValidTo","interaction":{"idSuffix":"inner"}},"clearTextFirst":true,"interactionType":"ENTER_TEXT"}]}
RESULT: {"script":"<script> [776 bytes]","args":[{"enterText":"1/15/26","selector":{"id":"application-manageconditionprice-display-component---newCondition--condValidTo","interaction":{"idSuffix":"inner"}},"clearTextFirst":true,"interactionType":"ENTER_TEXT"}]}
COMMAND: POST /session/ff0536b58743eaf2c437238d004892b9/element - {"using":"xpath","value":"//input[@id=\"application-manageconditionprice-display-component---newCondition--condRU-inner\"]"}
RESULT: {"using":"xpath","value":"//input[@id=\"application-manageconditionprice-display-component---newCondition--condRU-inner\"]"}
COMMAND: POST /session/ff0536b58743eaf2c437238d004892b9/element/f.BB3617BF1549F1B1531810C266B34E3A.d.30B386FC0300EE36C624E614848C7E15.e.10105/clear - {}
RESULT: {}
COMMAND: POST /session/ff0536b58743eaf2c437238d004892b9/element/f.BB3617BF1549F1B1531810C266B34E3A.d.30B386FC0300EE36C624E614848C7E15.e.10105/value - {"text":"ny32YaClra"}
COMMAND: GET /session/ff0536b58743eaf2c437238d004892b9/screenshot - {}
RESULT: {"text":"ny32YaClra"}
COMMAND: GET /session/ff0536b58743eaf2c437238d004892b9/screenshot - {}
RESULT: {}
RESULT: {}
COMMAND: POST /session/ff0536b58743eaf2c437238d004892b9/actions - {"actions":[{"id":"action34","type":"key","parameters":{},"actions":[{"type":"keyDown","value":"î€‡"},{"type":"pause","duration":10},{"type":"keyUp","value":"î€‡"}]}]}
RESULT: {"actions":[{"id":"action34","type":"key","parameters":{},"actions":[{"type":"keyDown","value":"î€‡"},{"type":"pause","duration":10},{"type":"keyUp","value":"î€‡"}]}]}
COMMAND: POST /session/ff0536b58743eaf2c437238d004892b9/execute/async - {"script":"<script> [1562 bytes]","args":[{"selector":{"id":"application-manageconditionprice-display-component---newCondition--condBaseQty","interaction":{"idSuffix":"inner"}},"wdio_ui5_key":"applicationmanageconditionprice-display-component---newCondition--condBaseQty"}]}
COMMAND: GET /session/ff0536b58743eaf2c437238d004892b9/screenshot - {}
RESULT: {"script":"<script> [1562 bytes]","args":[{"selector":{"id":"application-manageconditionprice-display-component---newCondition--condBaseQty","interaction":{"idSuffix":"inner"}},"wdio_ui5_key":"applicationmanageconditionprice-display-component---newCondition--condBaseQty"}]}
RESULT: undefined
COMMAND: POST /session/ff0536b58743eaf2c437238d004892b9/execute/async - {"script":"<script> [776 bytes]","args":[{"enterText":"1","selector":{"id":"application-manageconditionprice-display-component---newCondition--condBaseQty","interaction":{"idSuffix":"inner"}},"clearTextFirst":true,"interactionType":"ENTER_TEXT"}]}
RESULT: {}
RESULT: {"script":"<script> [776 bytes]","args":[{"enterText":"1","selector":{"id":"application-manageconditionprice-display-component---newCondition--condBaseQty","interaction":{"idSuffix":"inner"}},"clearTextFirst":true,"interactionType":"ENTER_TEXT"}]}
COMMAND: POST /session/ff0536b58743eaf2c437238d004892b9/execute/async - {"script":"<script> [1562 bytes]","args":[{"selector":{"id":"application-manageconditionprice-display-component---newCondition--condValue","interaction":{"idSuffix":"inner"}},"wdio_ui5_key":"applicationmanageconditionprice-display-component---newCondition--condValue"}]}
RESULT: {"script":"<script> [1562 bytes]","args":[{"selector":{"id":"application-manageconditionprice-display-component---newCondition--condValue","interaction":{"idSuffix":"inner"}},"wdio_ui5_key":"applicationmanageconditionprice-display-component---newCondition--condValue"}]}
RESULT: undefined
COMMAND: POST /session/ff0536b58743eaf2c437238d004892b9/execute/async - {"script":"<script> [776 bytes]","args":[{"enterText":"200","selector":{"id":"application-manageconditionprice-display-component---newCondition--condValue","interaction":{"idSuffix":"inner"}},"clearTextFirst":true,"interactionType":"ENTER_TEXT"}]}
RESULT: {"script":"<script> [776 bytes]","args":[{"enterText":"200","selector":{"id":"application-manageconditionprice-display-component---newCondition--condValue","interaction":{"idSuffix":"inner"}},"clearTextFirst":true,"interactionType":"ENTER_TEXT"}]}
COMMAND: POST /session/ff0536b58743eaf2c437238d004892b9/execute/async - {"script":"<script> [1562 bytes]","args":[{"selector":{"id":"application-manageconditionprice-display-component---newCondition--condCurr-arrow"},"wdio_ui5_key":"applicationmanageconditionprice-display-component---newCondition--condCurr-arrow"}]}
RESULT: {"script":"<script> [1562 bytes]","args":[{"selector":{"id":"application-manageconditionprice-display-component---newCondition--condCurr-arrow"},"wdio_ui5_key":"applicationmanageconditionprice-display-component---newCondition--condCurr-arrow"}]}
RESULT: undefined
COMMAND: POST /session/ff0536b58743eaf2c437238d004892b9/element - {"using":"xpath","value":"//*[@id=\"application-manageconditionprice-display-component---newCondition--condCurr-arrow\"]"}
RESULT: {"using":"xpath","value":"//*[@id=\"application-manageconditionprice-display-component---newCondition--condCurr-arrow\"]"}
COMMAND: POST /session/ff0536b58743eaf2c437238d004892b9/element/f.BB3617BF1549F1B1531810C266B34E3A.d.30B386FC0300EE36C624E614848C7E15.e.10222/click - {}
RESULT: {}
COMMAND: POST /session/ff0536b58743eaf2c437238d004892b9/element - {"using":"xpath","value":"//span[contains(text(), \"Euro\")]"}
COMMAND: GET /session/ff0536b58743eaf2c437238d004892b9/screenshot - {}
RESULT: {"using":"xpath","value":"//span[contains(text(), \"Euro\")]"}
COMMAND: POST /session/ff0536b58743eaf2c437238d004892b9/element/f.BB3617BF1549F1B1531810C266B34E3A.d.30B386FC0300EE36C624E614848C7E15.e.10281/click - {}
RESULT: {}
RESULT: {}
COMMAND: POST /session/ff0536b58743eaf2c437238d004892b9/element - {"using":"xpath","value":"//button[@data-kt=\"saveButton\"]"}
COMMAND: GET /session/ff0536b58743eaf2c437238d004892b9/screenshot - {}
RESULT: {"using":"xpath","value":"//button[@data-kt=\"saveButton\"]"}
COMMAND: POST /session/ff0536b58743eaf2c437238d004892b9/element/f.BB3617BF1549F1B1531810C266B34E3A.d.30B386FC0300EE36C624E614848C7E15.e.10223/click - {}
RESULT: {}
RESULT: {}
COMMAND: GET /session/ff0536b58743eaf2c437238d004892b9/screenshot - {}
RESULT: {}
COMMAND: POST /session/ff0536b58743eaf2c437238d004892b9/execute/async - {"script":"<script> [1562 bytes]","args":[{"selector":{"id":"application-manageconditionprice-display-component---conditions--smartFilterBar-btnBasicSearch","interaction":{"idSuffix":"I"}},"wdio_ui5_key":"applicationmanageconditionprice-display-component---conditions--smartFilterBar-btnBasicSearch"}]}
RESULT: {"script":"<script> [1562 bytes]","args":[{"selector":{"id":"application-manageconditionprice-display-component---conditions--smartFilterBar-btnBasicSearch","interaction":{"idSuffix":"I"}},"wdio_ui5_key":"applicationmanageconditionprice-display-component---conditions--smartFilterBar-btnBasicSearch"}]}
RESULT: undefined
COMMAND: POST /session/ff0536b58743eaf2c437238d004892b9/execute/async - {"script":"<script> [776 bytes]","args":[{"enterText":"ny32YaClra","selector":{"id":"application-manageconditionprice-display-component---conditions--smartFilterBar-btnBasicSearch","interaction":{"idSuffix":"I"}},"clearTextFirst":true,"interactionType":"ENTER_TEXT"}]}
RESULT: {"script":"<script> [776 bytes]","args":[{"enterText":"ny32YaClra","selector":{"id":"application-manageconditionprice-display-component---conditions--smartFilterBar-btnBasicSearch","interaction":{"idSuffix":"I"}},"clearTextFirst":true,"interactionType":"ENTER_TEXT"}]}
COMMAND: POST /session/ff0536b58743eaf2c437238d004892b9/actions - {"actions":[{"id":"action35","type":"key","parameters":{},"actions":[{"type":"keyDown","value":"î€‡"},{"type":"pause","duration":10},{"type":"keyUp","value":"î€‡"}]}]}
RESULT: {"actions":[{"id":"action35","type":"key","parameters":{},"actions":[{"type":"keyDown","value":"î€‡"},{"type":"pause","duration":10},{"type":"keyUp","value":"î€‡"}]}]}
COMMAND: GET /session/ff0536b58743eaf2c437238d004892b9/screenshot - {}
RESULT: {}
COMMAND: POST /session/ff0536b58743eaf2c437238d004892b9/execute/async - {"script":"<script> [1562 bytes]","args":[{"selector":{"id":"application-manageconditionprice-display-component---conditions--smartFilterBar-filterItemControl_BASIC-BILL_TYPES-vhi"},"wdio_ui5_key":"applicationmanageconditionprice-display-component---conditions--smartFilterBar-filterItemControl_BASIC-BILL_TYPES-vhi"}]}
RESULT: {"script":"<script> [1562 bytes]","args":[{"selector":{"id":"application-manageconditionprice-display-component---conditions--smartFilterBar-filterItemControl_BASIC-BILL_TYPES-vhi"},"wdio_ui5_key":"applicationmanageconditionprice-display-component---conditions--smartFilterBar-filterItemControl_BASIC-BILL_TYPES-vhi"}]}
RESULT: undefined
COMMAND: POST /session/ff0536b58743eaf2c437238d004892b9/element - {"using":"xpath","value":"//*[@id=\"application-manageconditionprice-display-component---conditions--smartFilterBar-filterItemControl_BASIC-BILL_TYPES-vhi\"]"}
RESULT: {"using":"xpath","value":"//*[@id=\"application-manageconditionprice-display-component---conditions--smartFilterBar-filterItemControl_BASIC-BILL_TYPES-vhi\"]"}
COMMAND: POST /session/ff0536b58743eaf2c437238d004892b9/element/f.BB3617BF1549F1B1531810C266B34E3A.d.30B386FC0300EE36C624E614848C7E15.e.10387/click - {}
RESULT: {}
COMMAND: POST /session/ff0536b58743eaf2c437238d004892b9/execute/async - {"script":"<script> [1562 bytes]","args":[{"selector":{"id":"application-manageconditionprice-display-component---conditions--smartFilterBar-filterItemControl_BASIC-BILL_TYPES-valueHelpDialog-smartFilterBar-btnBasicSearch","searchOpenDialogs":true,"interaction":{"idSuffix":"I"}},"wdio_ui5_key":"applicationmanageconditionprice-display-component---conditions--smartFilterBar-filterItemControl_BASIC-BILL_TYPES-valueHelpDialog-smartFilterBar-btnBasicSearch"}]}
COMMAND: GET /session/ff0536b58743eaf2c437238d004892b9/screenshot - {}
RESULT: {"script":"<script> [1562 bytes]","args":[{"selector":{"id":"application-manageconditionprice-display-component---conditions--smartFilterBar-filterItemControl_BASIC-BILL_TYPES-valueHelpDialog-smartFilterBar-btnBasicSearch","searchOpenDialogs":true,"interaction":{"idSuffix":"I"}},"wdio_ui5_key":"applicationmanageconditionprice-display-component---conditions--smartFilterBar-filterItemControl_BASIC-BILL_TYPES-valueHelpDialog-smartFilterBar-btnBasicSearch"}]}
RESULT: undefined
COMMAND: POST /session/ff0536b58743eaf2c437238d004892b9/execute/async - {"script":"<script> [776 bytes]","args":[{"enterText":"one","selector":{"id":"application-manageconditionprice-display-component---conditions--smartFilterBar-filterItemControl_BASIC-BILL_TYPES-valueHelpDialog-smartFilterBar-btnBasicSearch","searchOpenDialogs":true,"interaction":{"idSuffix":"I"}},"clearTextFirst":true,"interactionType":"ENTER_TEXT"}]}
RESULT: {}
RESULT: {"script":"<script> [776 bytes]","args":[{"enterText":"one","selector":{"id":"application-manageconditionprice-display-component---conditions--smartFilterBar-filterItemControl_BASIC-BILL_TYPES-valueHelpDialog-smartFilterBar-btnBasicSearch","searchOpenDialogs":true,"interaction":{"idSuffix":"I"}},"clearTextFirst":true,"interactionType":"ENTER_TEXT"}]}
COMMAND: POST /session/ff0536b58743eaf2c437238d004892b9/actions - {"actions":[{"id":"action36","type":"key","parameters":{},"actions":[{"type":"keyDown","value":"î€‡"},{"type":"pause","duration":10},{"type":"keyUp","value":"î€‡"}]}]}
RESULT: {"actions":[{"id":"action36","type":"key","parameters":{},"actions":[{"type":"keyDown","value":"î€‡"},{"type":"pause","duration":10},{"type":"keyUp","value":"î€‡"}]}]}
COMMAND: GET /session/ff0536b58743eaf2c437238d004892b9/screenshot - {}
RESULT: {}
COMMAND: POST /session/ff0536b58743eaf2c437238d004892b9/element - {"using":"xpath","value":"//div[contains(@id, 'application-manageconditionprice-display-component---conditions--smartFilterBar-filterItemControl_BASIC-BILL_TYPES-valueHelpDialog-table-rowsel0')]"}
RESULT: {"using":"xpath","value":"//div[contains(@id, 'application-manageconditionprice-display-component---conditions--smartFilterBar-filterItemControl_BASIC-BILL_TYPES-valueHelpDialog-table-rowsel0')]"}
COMMAND: POST /session/ff0536b58743eaf2c437238d004892b9/element/f.BB3617BF1549F1B1531810C266B34E3A.d.30B386FC0300EE36C624E614848C7E15.e.10396/click - {}
RESULT: {}
COMMAND: GET /session/ff0536b58743eaf2c437238d004892b9/screenshot - {}
RESULT: {}
COMMAND: POST /session/ff0536b58743eaf2c437238d004892b9/element - {"using":"xpath","value":"//bdi[contains(text(), \"OK\")]"}
RESULT: {"using":"xpath","value":"//bdi[contains(text(), \"OK\")]"}
COMMAND: POST /session/ff0536b58743eaf2c437238d004892b9/element/f.BB3617BF1549F1B1531810C266B34E3A.d.30B386FC0300EE36C624E614848C7E15.e.10398/click - {}
RESULT: {}
COMMAND: GET /session/ff0536b58743eaf2c437238d004892b9/screenshot - {}
RESULT: {}
COMMAND: POST /session/ff0536b58743eaf2c437238d004892b9/element - {"using":"xpath","value":"//span[@id=\"application-manageconditionprice-display-component---conditions--smartTable-header-inner\"]"}
RESULT: {"using":"xpath","value":"//span[@id=\"application-manageconditionprice-display-component---conditions--smartTable-header-inner\"]"}
COMMAND: POST /session/ff0536b58743eaf2c437238d004892b9/elements - {"using":"xpath","value":"//span[@id=\"application-manageconditionprice-display-component---conditions--smartTable-header-inner\"]"}
RESULT: {"using":"xpath","value":"//span[@id=\"application-manageconditionprice-display-component---conditions--smartTable-header-inner\"]"}
COMMAND: POST /session/ff0536b58743eaf2c437238d004892b9/execute/sync - {"script":"<script> [56 bytes]","args":[{"element-6066-11e4-a52e-4f735466cecf":"f.BB3617BF1549F1B1531810C266B34E3A.d.30B386FC0300EE36C624E614848C7E15.e.10401","ELEMENT":"f.BB3617BF1549F1B1531810C266B34E3A.d.30B386FC0300EE36C624E614848C7E15.e.10401"}]}
RESULT: {"script":"<script> [56 bytes]","args":[{"element-6066-11e4-a52e-4f735466cecf":"f.BB3617BF1549F1B1531810C266B34E3A.d.30B386FC0300EE36C624E614848C7E15.e.10401","ELEMENT":"f.BB3617BF1549F1B1531810C266B34E3A.d.30B386FC0300EE36C624E614848C7E15.e.10401"}]}
COMMAND: POST /session/ff0536b58743eaf2c437238d004892b9/element - {"using":"css selector","value":"#shell-header-logo"}
COMMAND: GET /session/ff0536b58743eaf2c437238d004892b9/screenshot - {}
RESULT: {"using":"css selector","value":"#shell-header-logo"}
COMMAND: POST /session/ff0536b58743eaf2c437238d004892b9/element/f.BB3617BF1549F1B1531810C266B34E3A.d.30B386FC0300EE36C624E614848C7E15.e.10032/click - {}
RESULT: {}
RESULT: {}
COMMAND: GET /session/ff0536b58743eaf2c437238d004892b9/screenshot - {}
RESULT: {}
]]></system-out>
    </testcase>
    <testcase classname="chrome.136_0_7103_93.windows.Create_master_data_for_mixed_billing_&amp;_do_billing_calculation_US151661" name="Should add performance based condition" time="67.651">
      <system-out><![CDATA[
RESULT: undefined
COMMAND: POST /session/ff0536b58743eaf2c437238d004892b9/element - {"using":"xpath","value":"//*[@id=\"__tile93\"]"}
RESULT: {"using":"xpath","value":"//*[@id=\"__tile93\"]"}
COMMAND: POST /session/ff0536b58743eaf2c437238d004892b9/element/f.BB3617BF1549F1B1531810C266B34E3A.d.30B386FC0300EE36C624E614848C7E15.e.8981/click - {}
RESULT: {}
COMMAND: GET /session/ff0536b58743eaf2c437238d004892b9/screenshot - {}
RESULT: {}
COMMAND: POST /session/ff0536b58743eaf2c437238d004892b9/elements - {"using":"xpath","value":"//span[text()='Error']"}
RESULT: {"using":"xpath","value":"//span[text()='Error']"}
COMMAND: POST /session/ff0536b58743eaf2c437238d004892b9/element - {"using":"xpath","value":"//button[@aria-label=\"Create\"]"}
RESULT: {"using":"xpath","value":"//button[@aria-label=\"Create\"]"}
COMMAND: POST /session/ff0536b58743eaf2c437238d004892b9/elements - {"using":"xpath","value":"//button[@aria-label=\"Create\"]"}
RESULT: {"using":"xpath","value":"//button[@aria-label=\"Create\"]"}
COMMAND: POST /session/ff0536b58743eaf2c437238d004892b9/execute/sync - {"script":"<script> [8489 bytes]","args":[{"element-6066-11e4-a52e-4f735466cecf":"f.BB3617BF1549F1B1531810C266B34E3A.d.30B386FC0300EE36C624E614848C7E15.e.10443","ELEMENT":"f.BB3617BF1549F1B1531810C266B34E3A.d.30B386FC0300EE36C624E614848C7E15.e.10443"}]}
RESULT: {"script":"<script> [8489 bytes]","args":[{"element-6066-11e4-a52e-4f735466cecf":"f.BB3617BF1549F1B1531810C266B34E3A.d.30B386FC0300EE36C624E614848C7E15.e.10443","ELEMENT":"f.BB3617BF1549F1B1531810C266B34E3A.d.30B386FC0300EE36C624E614848C7E15.e.10443"}]}
COMMAND: GET /session/ff0536b58743eaf2c437238d004892b9/element/f.BB3617BF1549F1B1531810C266B34E3A.d.30B386FC0300EE36C624E614848C7E15.e.10443/enabled - {}
COMMAND: GET /session/ff0536b58743eaf2c437238d004892b9/screenshot - {}
RESULT: {}
COMMAND: POST /session/ff0536b58743eaf2c437238d004892b9/execute/sync - {"script":"<script> [8489 bytes]","args":[{"element-6066-11e4-a52e-4f735466cecf":"f.BB3617BF1549F1B1531810C266B34E3A.d.30B386FC0300EE36C624E614848C7E15.e.10443","ELEMENT":"f.BB3617BF1549F1B1531810C266B34E3A.d.30B386FC0300EE36C624E614848C7E15.e.10443"}]}
COMMAND: GET /session/ff0536b58743eaf2c437238d004892b9/screenshot - {}
RESULT: {}
RESULT: {"script":"<script> [8489 bytes]","args":[{"element-6066-11e4-a52e-4f735466cecf":"f.BB3617BF1549F1B1531810C266B34E3A.d.30B386FC0300EE36C624E614848C7E15.e.10443","ELEMENT":"f.BB3617BF1549F1B1531810C266B34E3A.d.30B386FC0300EE36C624E614848C7E15.e.10443"}]}
COMMAND: POST /session/ff0536b58743eaf2c437238d004892b9/execute/sync - {"script":"<script> [5351 bytes]","args":[{"element-6066-11e4-a52e-4f735466cecf":"f.BB3617BF1549F1B1531810C266B34E3A.d.30B386FC0300EE36C624E614848C7E15.e.10443","ELEMENT":"f.BB3617BF1549F1B1531810C266B34E3A.d.30B386FC0300EE36C624E614848C7E15.e.10443"}]}
COMMAND: GET /session/ff0536b58743eaf2c437238d004892b9/screenshot - {}
RESULT: {}
RESULT: {"script":"<script> [5351 bytes]","args":[{"element-6066-11e4-a52e-4f735466cecf":"f.BB3617BF1549F1B1531810C266B34E3A.d.30B386FC0300EE36C624E614848C7E15.e.10443","ELEMENT":"f.BB3617BF1549F1B1531810C266B34E3A.d.30B386FC0300EE36C624E614848C7E15.e.10443"}]}
COMMAND: POST /session/ff0536b58743eaf2c437238d004892b9/element/f.BB3617BF1549F1B1531810C266B34E3A.d.30B386FC0300EE36C624E614848C7E15.e.10443/click - {}
COMMAND: GET /session/ff0536b58743eaf2c437238d004892b9/screenshot - {}
RESULT: {}
RESULT: {}
COMMAND: GET /session/ff0536b58743eaf2c437238d004892b9/screenshot - {}
RESULT: {}
RESULT: {}
COMMAND: POST /session/ff0536b58743eaf2c437238d004892b9/actions - {"actions":[{"id":"action37","type":"key","parameters":{},"actions":[{"type":"keyDown","value":"î€‡"},{"type":"pause","duration":10},{"type":"keyUp","value":"î€‡"}]}]}
RESULT: {"actions":[{"id":"action37","type":"key","parameters":{},"actions":[{"type":"keyDown","value":"î€‡"},{"type":"pause","duration":10},{"type":"keyUp","value":"î€‡"}]}]}
COMMAND: GET /session/ff0536b58743eaf2c437238d004892b9/screenshot - {}
RESULT: undefined
COMMAND: POST /session/ff0536b58743eaf2c437238d004892b9/element - {"using":"xpath","value":"//*[@id=\"application-manageconditionprice-display-component---newCondition--condBillCond-arrow\"]"}
RESULT: {}
RESULT: {"using":"xpath","value":"//*[@id=\"application-manageconditionprice-display-component---newCondition--condBillCond-arrow\"]"}
COMMAND: POST /session/ff0536b58743eaf2c437238d004892b9/element/f.BB3617BF1549F1B1531810C266B34E3A.d.30B386FC0300EE36C624E614848C7E15.e.10927/click - {}
RESULT: {}
COMMAND: GET /session/ff0536b58743eaf2c437238d004892b9/screenshot - {}
RESULT: {}
COMMAND: POST /session/ff0536b58743eaf2c437238d004892b9/element - {"using":"xpath","value":"//li[.//span[contains(text(), \"PC06 - Performance Price - fuel\")]]"}
RESULT: {"using":"xpath","value":"//li[.//span[contains(text(), \"PC06 - Performance Price - fuel\")]]"}
COMMAND: POST /session/ff0536b58743eaf2c437238d004892b9/element/f.BB3617BF1549F1B1531810C266B34E3A.d.30B386FC0300EE36C624E614848C7E15.e.10930/click - {}
RESULT: {}
COMMAND: GET /session/ff0536b58743eaf2c437238d004892b9/screenshot - {}
RESULT: {}
RESULT: undefined
COMMAND: POST /session/ff0536b58743eaf2c437238d004892b9/execute/async - {"script":"<script> [776 bytes]","args":[{"enterText":"1/15/26","selector":{"id":"application-manageconditionprice-display-component---newCondition--condValidTo","interaction":{"idSuffix":"inner"}},"clearTextFirst":true,"interactionType":"ENTER_TEXT"}]}
RESULT: {"script":"<script> [776 bytes]","args":[{"enterText":"1/15/26","selector":{"id":"application-manageconditionprice-display-component---newCondition--condValidTo","interaction":{"idSuffix":"inner"}},"clearTextFirst":true,"interactionType":"ENTER_TEXT"}]}
COMMAND: POST /session/ff0536b58743eaf2c437238d004892b9/element - {"using":"xpath","value":"//input[@id=\"application-manageconditionprice-display-component---newCondition--condRU-inner\"]"}
RESULT: {"using":"xpath","value":"//input[@id=\"application-manageconditionprice-display-component---newCondition--condRU-inner\"]"}
COMMAND: POST /session/ff0536b58743eaf2c437238d004892b9/element/f.BB3617BF1549F1B1531810C266B34E3A.d.30B386FC0300EE36C624E614848C7E15.e.10611/clear - {}
RESULT: {}
COMMAND: POST /session/ff0536b58743eaf2c437238d004892b9/element/f.BB3617BF1549F1B1531810C266B34E3A.d.30B386FC0300EE36C624E614848C7E15.e.10611/value - {"text":"ny32YaClra"}
COMMAND: GET /session/ff0536b58743eaf2c437238d004892b9/screenshot - {}
RESULT: {"text":"ny32YaClra"}
COMMAND: GET /session/ff0536b58743eaf2c437238d004892b9/screenshot - {}
RESULT: {}
RESULT: {}
COMMAND: POST /session/ff0536b58743eaf2c437238d004892b9/actions - {"actions":[{"id":"action38","type":"key","parameters":{},"actions":[{"type":"keyDown","value":"î€‡"},{"type":"pause","duration":10},{"type":"keyUp","value":"î€‡"}]}]}
RESULT: {"actions":[{"id":"action38","type":"key","parameters":{},"actions":[{"type":"keyDown","value":"î€‡"},{"type":"pause","duration":10},{"type":"keyUp","value":"î€‡"}]}]}
RESULT: undefined
COMMAND: POST /session/ff0536b58743eaf2c437238d004892b9/execute/async - {"script":"<script> [776 bytes]","args":[{"enterText":"1","selector":{"id":"application-manageconditionprice-display-component---newCondition--condBaseQty","interaction":{"idSuffix":"inner"}},"clearTextFirst":true,"interactionType":"ENTER_TEXT"}]}
COMMAND: GET /session/ff0536b58743eaf2c437238d004892b9/screenshot - {}
RESULT: {"script":"<script> [776 bytes]","args":[{"enterText":"1","selector":{"id":"application-manageconditionprice-display-component---newCondition--condBaseQty","interaction":{"idSuffix":"inner"}},"clearTextFirst":true,"interactionType":"ENTER_TEXT"}]}
RESULT: undefined
COMMAND: POST /session/ff0536b58743eaf2c437238d004892b9/execute/async - {"script":"<script> [776 bytes]","args":[{"enterText":"10","selector":{"id":"application-manageconditionprice-display-component---newCondition--condValue","interaction":{"idSuffix":"inner"}},"clearTextFirst":true,"interactionType":"ENTER_TEXT"}]}
RESULT: {}
RESULT: {"script":"<script> [776 bytes]","args":[{"enterText":"10","selector":{"id":"application-manageconditionprice-display-component---newCondition--condValue","interaction":{"idSuffix":"inner"}},"clearTextFirst":true,"interactionType":"ENTER_TEXT"}]}
RESULT: undefined
COMMAND: POST /session/ff0536b58743eaf2c437238d004892b9/element - {"using":"xpath","value":"//*[@id=\"application-manageconditionprice-display-component---newCondition--condCurr-arrow\"]"}
RESULT: {"using":"xpath","value":"//*[@id=\"application-manageconditionprice-display-component---newCondition--condCurr-arrow\"]"}
COMMAND: POST /session/ff0536b58743eaf2c437238d004892b9/element/f.BB3617BF1549F1B1531810C266B34E3A.d.30B386FC0300EE36C624E614848C7E15.e.10873/click - {}
RESULT: {}
COMMAND: POST /session/ff0536b58743eaf2c437238d004892b9/element - {"using":"xpath","value":"//span[contains(text(), \"Euro\")]"}
COMMAND: GET /session/ff0536b58743eaf2c437238d004892b9/screenshot - {}
RESULT: {"using":"xpath","value":"//span[contains(text(), \"Euro\")]"}
COMMAND: POST /session/ff0536b58743eaf2c437238d004892b9/element/f.BB3617BF1549F1B1531810C266B34E3A.d.30B386FC0300EE36C624E614848C7E15.e.10965/click - {}
RESULT: {}
RESULT: {}
COMMAND: POST /session/ff0536b58743eaf2c437238d004892b9/element - {"using":"xpath","value":"//button[@data-kt=\"saveButton\"]"}
COMMAND: GET /session/ff0536b58743eaf2c437238d004892b9/screenshot - {}
RESULT: {"using":"xpath","value":"//button[@data-kt=\"saveButton\"]"}
COMMAND: POST /session/ff0536b58743eaf2c437238d004892b9/element/f.BB3617BF1549F1B1531810C266B34E3A.d.30B386FC0300EE36C624E614848C7E15.e.10874/click - {}
RESULT: {}
RESULT: {}
COMMAND: GET /session/ff0536b58743eaf2c437238d004892b9/screenshot - {}
RESULT: {}
RESULT: undefined
COMMAND: POST /session/ff0536b58743eaf2c437238d004892b9/execute/async - {"script":"<script> [776 bytes]","args":[{"enterText":"ny32YaClra","selector":{"id":"application-manageconditionprice-display-component---conditions--smartFilterBar-btnBasicSearch","interaction":{"idSuffix":"I"}},"clearTextFirst":true,"interactionType":"ENTER_TEXT"}]}
RESULT: {"script":"<script> [776 bytes]","args":[{"enterText":"ny32YaClra","selector":{"id":"application-manageconditionprice-display-component---conditions--smartFilterBar-btnBasicSearch","interaction":{"idSuffix":"I"}},"clearTextFirst":true,"interactionType":"ENTER_TEXT"}]}
COMMAND: POST /session/ff0536b58743eaf2c437238d004892b9/actions - {"actions":[{"id":"action39","type":"key","parameters":{},"actions":[{"type":"keyDown","value":"î€‡"},{"type":"pause","duration":10},{"type":"keyUp","value":"î€‡"}]}]}
RESULT: {"actions":[{"id":"action39","type":"key","parameters":{},"actions":[{"type":"keyDown","value":"î€‡"},{"type":"pause","duration":10},{"type":"keyUp","value":"î€‡"}]}]}
COMMAND: GET /session/ff0536b58743eaf2c437238d004892b9/screenshot - {}
RESULT: {}
RESULT: undefined
COMMAND: POST /session/ff0536b58743eaf2c437238d004892b9/element - {"using":"xpath","value":"//*[@id=\"application-manageconditionprice-display-component---conditions--smartFilterBar-filterItemControl_BASIC-BILL_TYPES-vhi\"]"}
RESULT: {"using":"xpath","value":"//*[@id=\"application-manageconditionprice-display-component---conditions--smartFilterBar-filterItemControl_BASIC-BILL_TYPES-vhi\"]"}
COMMAND: POST /session/ff0536b58743eaf2c437238d004892b9/element/f.BB3617BF1549F1B1531810C266B34E3A.d.30B386FC0300EE36C624E614848C7E15.e.11002/click - {}
RESULT: {}
RESULT: undefined
COMMAND: POST /session/ff0536b58743eaf2c437238d004892b9/execute/async - {"script":"<script> [776 bytes]","args":[{"enterText":"PB","selector":{"id":"application-manageconditionprice-display-component---conditions--smartFilterBar-filterItemControl_BASIC-BILL_TYPES-valueHelpDialog-smartFilterBar-btnBasicSearch","searchOpenDialogs":true,"interaction":{"idSuffix":"I"}},"clearTextFirst":true,"interactionType":"ENTER_TEXT"}]}
COMMAND: GET /session/ff0536b58743eaf2c437238d004892b9/screenshot - {}
RESULT: {"script":"<script> [776 bytes]","args":[{"enterText":"PB","selector":{"id":"application-manageconditionprice-display-component---conditions--smartFilterBar-filterItemControl_BASIC-BILL_TYPES-valueHelpDialog-smartFilterBar-btnBasicSearch","searchOpenDialogs":true,"interaction":{"idSuffix":"I"}},"clearTextFirst":true,"interactionType":"ENTER_TEXT"}]}
COMMAND: POST /session/ff0536b58743eaf2c437238d004892b9/actions - {"actions":[{"id":"action40","type":"key","parameters":{},"actions":[{"type":"keyDown","value":"î€‡"},{"type":"pause","duration":10},{"type":"keyUp","value":"î€‡"}]}]}
RESULT: {}
RESULT: {"actions":[{"id":"action40","type":"key","parameters":{},"actions":[{"type":"keyDown","value":"î€‡"},{"type":"pause","duration":10},{"type":"keyUp","value":"î€‡"}]}]}
COMMAND: GET /session/ff0536b58743eaf2c437238d004892b9/screenshot - {}
RESULT: {}
COMMAND: POST /session/ff0536b58743eaf2c437238d004892b9/element - {"using":"xpath","value":"//div[contains(@id, 'application-manageconditionprice-display-component---conditions--smartFilterBar-filterItemControl_BASIC-BILL_TYPES-valueHelpDialog-table-rowsel0')]"}
RESULT: {"using":"xpath","value":"//div[contains(@id, 'application-manageconditionprice-display-component---conditions--smartFilterBar-filterItemControl_BASIC-BILL_TYPES-valueHelpDialog-table-rowsel0')]"}
COMMAND: POST /session/ff0536b58743eaf2c437238d004892b9/element/f.BB3617BF1549F1B1531810C266B34E3A.d.30B386FC0300EE36C624E614848C7E15.e.11009/click - {}
RESULT: {}
COMMAND: GET /session/ff0536b58743eaf2c437238d004892b9/screenshot - {}
RESULT: {}
COMMAND: POST /session/ff0536b58743eaf2c437238d004892b9/element - {"using":"xpath","value":"//bdi[contains(text(), \"OK\")]"}
RESULT: {"using":"xpath","value":"//bdi[contains(text(), \"OK\")]"}
COMMAND: POST /session/ff0536b58743eaf2c437238d004892b9/element/f.BB3617BF1549F1B1531810C266B34E3A.d.30B386FC0300EE36C624E614848C7E15.e.11011/click - {}
RESULT: {}
COMMAND: GET /session/ff0536b58743eaf2c437238d004892b9/screenshot - {}
RESULT: {}
COMMAND: POST /session/ff0536b58743eaf2c437238d004892b9/element - {"using":"xpath","value":"//span[@id=\"application-manageconditionprice-display-component---conditions--smartTable-header-inner\"]"}
RESULT: {"using":"xpath","value":"//span[@id=\"application-manageconditionprice-display-component---conditions--smartTable-header-inner\"]"}
COMMAND: POST /session/ff0536b58743eaf2c437238d004892b9/elements - {"using":"xpath","value":"//span[@id=\"application-manageconditionprice-display-component---conditions--smartTable-header-inner\"]"}
RESULT: {"using":"xpath","value":"//span[@id=\"application-manageconditionprice-display-component---conditions--smartTable-header-inner\"]"}
COMMAND: POST /session/ff0536b58743eaf2c437238d004892b9/execute/sync - {"script":"<script> [56 bytes]","args":[{"element-6066-11e4-a52e-4f735466cecf":"f.BB3617BF1549F1B1531810C266B34E3A.d.30B386FC0300EE36C624E614848C7E15.e.11015","ELEMENT":"f.BB3617BF1549F1B1531810C266B34E3A.d.30B386FC0300EE36C624E614848C7E15.e.11015"}]}
RESULT: {"script":"<script> [56 bytes]","args":[{"element-6066-11e4-a52e-4f735466cecf":"f.BB3617BF1549F1B1531810C266B34E3A.d.30B386FC0300EE36C624E614848C7E15.e.11015","ELEMENT":"f.BB3617BF1549F1B1531810C266B34E3A.d.30B386FC0300EE36C624E614848C7E15.e.11015"}]}
COMMAND: POST /session/ff0536b58743eaf2c437238d004892b9/element - {"using":"css selector","value":"#shell-header-logo"}
COMMAND: GET /session/ff0536b58743eaf2c437238d004892b9/screenshot - {}
RESULT: {"using":"css selector","value":"#shell-header-logo"}
COMMAND: POST /session/ff0536b58743eaf2c437238d004892b9/element/f.BB3617BF1549F1B1531810C266B34E3A.d.30B386FC0300EE36C624E614848C7E15.e.10408/click - {}
RESULT: {}
RESULT: {}
COMMAND: GET /session/ff0536b58743eaf2c437238d004892b9/screenshot - {}
RESULT: {}
]]></system-out>
    </testcase>
    <testcase classname="chrome.136_0_7103_93.windows.Create_master_data_for_mixed_billing_&amp;_do_billing_calculation_US151661" name="Should add time based condition" time="63.376">
      <system-out><![CDATA[
RESULT: undefined
COMMAND: POST /session/ff0536b58743eaf2c437238d004892b9/element - {"using":"xpath","value":"//*[@id=\"__tile93\"]"}
RESULT: {"using":"xpath","value":"//*[@id=\"__tile93\"]"}
COMMAND: POST /session/ff0536b58743eaf2c437238d004892b9/element/f.BB3617BF1549F1B1531810C266B34E3A.d.30B386FC0300EE36C624E614848C7E15.e.8981/click - {}
RESULT: {}
COMMAND: GET /session/ff0536b58743eaf2c437238d004892b9/screenshot - {}
RESULT: {}
COMMAND: POST /session/ff0536b58743eaf2c437238d004892b9/elements - {"using":"xpath","value":"//span[text()='Error']"}
RESULT: {"using":"xpath","value":"//span[text()='Error']"}
COMMAND: POST /session/ff0536b58743eaf2c437238d004892b9/element - {"using":"xpath","value":"//button[@aria-label=\"Create\"]"}
RESULT: {"using":"xpath","value":"//button[@aria-label=\"Create\"]"}
COMMAND: POST /session/ff0536b58743eaf2c437238d004892b9/elements - {"using":"xpath","value":"//button[@aria-label=\"Create\"]"}
RESULT: {"using":"xpath","value":"//button[@aria-label=\"Create\"]"}
COMMAND: POST /session/ff0536b58743eaf2c437238d004892b9/execute/sync - {"script":"<script> [8489 bytes]","args":[{"element-6066-11e4-a52e-4f735466cecf":"f.BB3617BF1549F1B1531810C266B34E3A.d.30B386FC0300EE36C624E614848C7E15.e.11062","ELEMENT":"f.BB3617BF1549F1B1531810C266B34E3A.d.30B386FC0300EE36C624E614848C7E15.e.11062"}]}
RESULT: {"script":"<script> [8489 bytes]","args":[{"element-6066-11e4-a52e-4f735466cecf":"f.BB3617BF1549F1B1531810C266B34E3A.d.30B386FC0300EE36C624E614848C7E15.e.11062","ELEMENT":"f.BB3617BF1549F1B1531810C266B34E3A.d.30B386FC0300EE36C624E614848C7E15.e.11062"}]}
COMMAND: GET /session/ff0536b58743eaf2c437238d004892b9/element/f.BB3617BF1549F1B1531810C266B34E3A.d.30B386FC0300EE36C624E614848C7E15.e.11062/enabled - {}
COMMAND: GET /session/ff0536b58743eaf2c437238d004892b9/screenshot - {}
RESULT: {}
COMMAND: POST /session/ff0536b58743eaf2c437238d004892b9/execute/sync - {"script":"<script> [8489 bytes]","args":[{"element-6066-11e4-a52e-4f735466cecf":"f.BB3617BF1549F1B1531810C266B34E3A.d.30B386FC0300EE36C624E614848C7E15.e.11062","ELEMENT":"f.BB3617BF1549F1B1531810C266B34E3A.d.30B386FC0300EE36C624E614848C7E15.e.11062"}]}
COMMAND: GET /session/ff0536b58743eaf2c437238d004892b9/screenshot - {}
RESULT: {}
RESULT: {"script":"<script> [8489 bytes]","args":[{"element-6066-11e4-a52e-4f735466cecf":"f.BB3617BF1549F1B1531810C266B34E3A.d.30B386FC0300EE36C624E614848C7E15.e.11062","ELEMENT":"f.BB3617BF1549F1B1531810C266B34E3A.d.30B386FC0300EE36C624E614848C7E15.e.11062"}]}
COMMAND: POST /session/ff0536b58743eaf2c437238d004892b9/execute/sync - {"script":"<script> [5351 bytes]","args":[{"element-6066-11e4-a52e-4f735466cecf":"f.BB3617BF1549F1B1531810C266B34E3A.d.30B386FC0300EE36C624E614848C7E15.e.11062","ELEMENT":"f.BB3617BF1549F1B1531810C266B34E3A.d.30B386FC0300EE36C624E614848C7E15.e.11062"}]}
COMMAND: GET /session/ff0536b58743eaf2c437238d004892b9/screenshot - {}
RESULT: {}
RESULT: {"script":"<script> [5351 bytes]","args":[{"element-6066-11e4-a52e-4f735466cecf":"f.BB3617BF1549F1B1531810C266B34E3A.d.30B386FC0300EE36C624E614848C7E15.e.11062","ELEMENT":"f.BB3617BF1549F1B1531810C266B34E3A.d.30B386FC0300EE36C624E614848C7E15.e.11062"}]}
COMMAND: POST /session/ff0536b58743eaf2c437238d004892b9/element/f.BB3617BF1549F1B1531810C266B34E3A.d.30B386FC0300EE36C624E614848C7E15.e.11062/click - {}
COMMAND: GET /session/ff0536b58743eaf2c437238d004892b9/screenshot - {}
RESULT: {}
RESULT: {}
COMMAND: GET /session/ff0536b58743eaf2c437238d004892b9/screenshot - {}
RESULT: {}
RESULT: {}
COMMAND: POST /session/ff0536b58743eaf2c437238d004892b9/actions - {"actions":[{"id":"action41","type":"key","parameters":{},"actions":[{"type":"keyDown","value":"î€‡"},{"type":"pause","duration":10},{"type":"keyUp","value":"î€‡"}]}]}
RESULT: {"actions":[{"id":"action41","type":"key","parameters":{},"actions":[{"type":"keyDown","value":"î€‡"},{"type":"pause","duration":10},{"type":"keyUp","value":"î€‡"}]}]}
COMMAND: GET /session/ff0536b58743eaf2c437238d004892b9/screenshot - {}
RESULT: undefined
COMMAND: POST /session/ff0536b58743eaf2c437238d004892b9/element - {"using":"xpath","value":"//*[@id=\"application-manageconditionprice-display-component---newCondition--condBillCond-arrow\"]"}
RESULT: {}
RESULT: {"using":"xpath","value":"//*[@id=\"application-manageconditionprice-display-component---newCondition--condBillCond-arrow\"]"}
COMMAND: POST /session/ff0536b58743eaf2c437238d004892b9/element/f.BB3617BF1549F1B1531810C266B34E3A.d.30B386FC0300EE36C624E614848C7E15.e.11881/click - {}
RESULT: {}
COMMAND: GET /session/ff0536b58743eaf2c437238d004892b9/screenshot - {}
RESULT: {}
COMMAND: POST /session/ff0536b58743eaf2c437238d004892b9/element - {"using":"xpath","value":"//li[.//span[contains(text(), \"DISP - D&I special price\")]]"}
RESULT: {"using":"xpath","value":"//li[.//span[contains(text(), \"DISP - D&I special price\")]]"}
COMMAND: POST /session/ff0536b58743eaf2c437238d004892b9/element/f.BB3617BF1549F1B1531810C266B34E3A.d.30B386FC0300EE36C624E614848C7E15.e.11884/click - {}
RESULT: {}
COMMAND: GET /session/ff0536b58743eaf2c437238d004892b9/screenshot - {}
RESULT: {}
RESULT: undefined
COMMAND: POST /session/ff0536b58743eaf2c437238d004892b9/execute/async - {"script":"<script> [776 bytes]","args":[{"enterText":"1/15/26","selector":{"id":"application-manageconditionprice-display-component---newCondition--condValidTo","interaction":{"idSuffix":"inner"}},"clearTextFirst":true,"interactionType":"ENTER_TEXT"}]}
RESULT: {"script":"<script> [776 bytes]","args":[{"enterText":"1/15/26","selector":{"id":"application-manageconditionprice-display-component---newCondition--condValidTo","interaction":{"idSuffix":"inner"}},"clearTextFirst":true,"interactionType":"ENTER_TEXT"}]}
COMMAND: POST /session/ff0536b58743eaf2c437238d004892b9/element - {"using":"xpath","value":"//input[@id=\"application-manageconditionprice-display-component---newCondition--condRU-inner\"]"}
RESULT: {"using":"xpath","value":"//input[@id=\"application-manageconditionprice-display-component---newCondition--condRU-inner\"]"}
COMMAND: POST /session/ff0536b58743eaf2c437238d004892b9/element/f.BB3617BF1549F1B1531810C266B34E3A.d.30B386FC0300EE36C624E614848C7E15.e.11604/clear - {}
RESULT: {}
COMMAND: POST /session/ff0536b58743eaf2c437238d004892b9/element/f.BB3617BF1549F1B1531810C266B34E3A.d.30B386FC0300EE36C624E614848C7E15.e.11604/value - {"text":"ny32YaClra"}
COMMAND: GET /session/ff0536b58743eaf2c437238d004892b9/screenshot - {}
RESULT: {"text":"ny32YaClra"}
COMMAND: GET /session/ff0536b58743eaf2c437238d004892b9/screenshot - {}
RESULT: {}
RESULT: {}
COMMAND: POST /session/ff0536b58743eaf2c437238d004892b9/actions - {"actions":[{"id":"action42","type":"key","parameters":{},"actions":[{"type":"keyDown","value":"î€‡"},{"type":"pause","duration":10},{"type":"keyUp","value":"î€‡"}]}]}
RESULT: {"actions":[{"id":"action42","type":"key","parameters":{},"actions":[{"type":"keyDown","value":"î€‡"},{"type":"pause","duration":10},{"type":"keyUp","value":"î€‡"}]}]}
RESULT: undefined
COMMAND: POST /session/ff0536b58743eaf2c437238d004892b9/execute/async - {"script":"<script> [776 bytes]","args":[{"enterText":"1","selector":{"id":"application-manageconditionprice-display-component---newCondition--condBaseQty","interaction":{"idSuffix":"inner"}},"clearTextFirst":true,"interactionType":"ENTER_TEXT"}]}
COMMAND: GET /session/ff0536b58743eaf2c437238d004892b9/screenshot - {}
RESULT: {"script":"<script> [776 bytes]","args":[{"enterText":"1","selector":{"id":"application-manageconditionprice-display-component---newCondition--condBaseQty","interaction":{"idSuffix":"inner"}},"clearTextFirst":true,"interactionType":"ENTER_TEXT"}]}
RESULT: undefined
COMMAND: POST /session/ff0536b58743eaf2c437238d004892b9/execute/async - {"script":"<script> [776 bytes]","args":[{"enterText":"100","selector":{"id":"application-manageconditionprice-display-component---newCondition--condValue","interaction":{"idSuffix":"inner"}},"clearTextFirst":true,"interactionType":"ENTER_TEXT"}]}
RESULT: {}
RESULT: {"script":"<script> [776 bytes]","args":[{"enterText":"100","selector":{"id":"application-manageconditionprice-display-component---newCondition--condValue","interaction":{"idSuffix":"inner"}},"clearTextFirst":true,"interactionType":"ENTER_TEXT"}]}
RESULT: undefined
COMMAND: POST /session/ff0536b58743eaf2c437238d004892b9/element - {"using":"xpath","value":"//*[@id=\"application-manageconditionprice-display-component---newCondition--condCurr-arrow\"]"}
RESULT: {"using":"xpath","value":"//*[@id=\"application-manageconditionprice-display-component---newCondition--condCurr-arrow\"]"}
COMMAND: POST /session/ff0536b58743eaf2c437238d004892b9/element/f.BB3617BF1549F1B1531810C266B34E3A.d.30B386FC0300EE36C624E614848C7E15.e.11835/click - {}
RESULT: {}
COMMAND: POST /session/ff0536b58743eaf2c437238d004892b9/element - {"using":"xpath","value":"//span[contains(text(), \"Euro\")]"}
COMMAND: GET /session/ff0536b58743eaf2c437238d004892b9/screenshot - {}
RESULT: {"using":"xpath","value":"//span[contains(text(), \"Euro\")]"}
COMMAND: POST /session/ff0536b58743eaf2c437238d004892b9/element/f.BB3617BF1549F1B1531810C266B34E3A.d.30B386FC0300EE36C624E614848C7E15.e.11917/click - {}
RESULT: {}
RESULT: {}
COMMAND: POST /session/ff0536b58743eaf2c437238d004892b9/element - {"using":"xpath","value":"//button[@data-kt=\"saveButton\"]"}
COMMAND: GET /session/ff0536b58743eaf2c437238d004892b9/screenshot - {}
RESULT: {"using":"xpath","value":"//button[@data-kt=\"saveButton\"]"}
COMMAND: POST /session/ff0536b58743eaf2c437238d004892b9/element/f.BB3617BF1549F1B1531810C266B34E3A.d.30B386FC0300EE36C624E614848C7E15.e.11836/click - {}
RESULT: {}
RESULT: {}
COMMAND: GET /session/ff0536b58743eaf2c437238d004892b9/screenshot - {}
RESULT: {}
RESULT: undefined
COMMAND: POST /session/ff0536b58743eaf2c437238d004892b9/execute/async - {"script":"<script> [776 bytes]","args":[{"enterText":"ny32YaClra","selector":{"id":"application-manageconditionprice-display-component---conditions--smartFilterBar-btnBasicSearch","interaction":{"idSuffix":"I"}},"clearTextFirst":true,"interactionType":"ENTER_TEXT"}]}
RESULT: {"script":"<script> [776 bytes]","args":[{"enterText":"ny32YaClra","selector":{"id":"application-manageconditionprice-display-component---conditions--smartFilterBar-btnBasicSearch","interaction":{"idSuffix":"I"}},"clearTextFirst":true,"interactionType":"ENTER_TEXT"}]}
COMMAND: POST /session/ff0536b58743eaf2c437238d004892b9/actions - {"actions":[{"id":"action43","type":"key","parameters":{},"actions":[{"type":"keyDown","value":"î€‡"},{"type":"pause","duration":10},{"type":"keyUp","value":"î€‡"}]}]}
RESULT: {"actions":[{"id":"action43","type":"key","parameters":{},"actions":[{"type":"keyDown","value":"î€‡"},{"type":"pause","duration":10},{"type":"keyUp","value":"î€‡"}]}]}
COMMAND: GET /session/ff0536b58743eaf2c437238d004892b9/screenshot - {}
RESULT: {}
RESULT: undefined
COMMAND: POST /session/ff0536b58743eaf2c437238d004892b9/element - {"using":"xpath","value":"//*[@id=\"application-manageconditionprice-display-component---conditions--smartFilterBar-filterItemControl_BASIC-BILL_TYPES-vhi\"]"}
RESULT: {"using":"xpath","value":"//*[@id=\"application-manageconditionprice-display-component---conditions--smartFilterBar-filterItemControl_BASIC-BILL_TYPES-vhi\"]"}
COMMAND: POST /session/ff0536b58743eaf2c437238d004892b9/element/f.BB3617BF1549F1B1531810C266B34E3A.d.30B386FC0300EE36C624E614848C7E15.e.11951/click - {}
RESULT: {}
RESULT: undefined
COMMAND: POST /session/ff0536b58743eaf2c437238d004892b9/execute/async - {"script":"<script> [776 bytes]","args":[{"enterText":"TB","selector":{"id":"application-manageconditionprice-display-component---conditions--smartFilterBar-filterItemControl_BASIC-BILL_TYPES-valueHelpDialog-smartFilterBar-btnBasicSearch","searchOpenDialogs":true,"interaction":{"idSuffix":"I"}},"clearTextFirst":true,"interactionType":"ENTER_TEXT"}]}
COMMAND: GET /session/ff0536b58743eaf2c437238d004892b9/screenshot - {}
RESULT: {"script":"<script> [776 bytes]","args":[{"enterText":"TB","selector":{"id":"application-manageconditionprice-display-component---conditions--smartFilterBar-filterItemControl_BASIC-BILL_TYPES-valueHelpDialog-smartFilterBar-btnBasicSearch","searchOpenDialogs":true,"interaction":{"idSuffix":"I"}},"clearTextFirst":true,"interactionType":"ENTER_TEXT"}]}
COMMAND: POST /session/ff0536b58743eaf2c437238d004892b9/actions - {"actions":[{"id":"action44","type":"key","parameters":{},"actions":[{"type":"keyDown","value":"î€‡"},{"type":"pause","duration":10},{"type":"keyUp","value":"î€‡"}]}]}
RESULT: {}
RESULT: {"actions":[{"id":"action44","type":"key","parameters":{},"actions":[{"type":"keyDown","value":"î€‡"},{"type":"pause","duration":10},{"type":"keyUp","value":"î€‡"}]}]}
COMMAND: GET /session/ff0536b58743eaf2c437238d004892b9/screenshot - {}
RESULT: {}
COMMAND: POST /session/ff0536b58743eaf2c437238d004892b9/element - {"using":"xpath","value":"//div[contains(@id, 'application-manageconditionprice-display-component---conditions--smartFilterBar-filterItemControl_BASIC-BILL_TYPES-valueHelpDialog-table-rowsel0')]"}
RESULT: {"using":"xpath","value":"//div[contains(@id, 'application-manageconditionprice-display-component---conditions--smartFilterBar-filterItemControl_BASIC-BILL_TYPES-valueHelpDialog-table-rowsel0')]"}
COMMAND: POST /session/ff0536b58743eaf2c437238d004892b9/element/f.BB3617BF1549F1B1531810C266B34E3A.d.30B386FC0300EE36C624E614848C7E15.e.11958/click - {}
RESULT: {}
COMMAND: GET /session/ff0536b58743eaf2c437238d004892b9/screenshot - {}
RESULT: {}
COMMAND: POST /session/ff0536b58743eaf2c437238d004892b9/element - {"using":"xpath","value":"//bdi[contains(text(), \"OK\")]"}
RESULT: {"using":"xpath","value":"//bdi[contains(text(), \"OK\")]"}
COMMAND: POST /session/ff0536b58743eaf2c437238d004892b9/element/f.BB3617BF1549F1B1531810C266B34E3A.d.30B386FC0300EE36C624E614848C7E15.e.11960/click - {}
RESULT: {}
COMMAND: GET /session/ff0536b58743eaf2c437238d004892b9/screenshot - {}
RESULT: {}
COMMAND: POST /session/ff0536b58743eaf2c437238d004892b9/element - {"using":"xpath","value":"//span[@id=\"application-manageconditionprice-display-component---conditions--smartTable-header-inner\"]"}
RESULT: {"using":"xpath","value":"//span[@id=\"application-manageconditionprice-display-component---conditions--smartTable-header-inner\"]"}
COMMAND: POST /session/ff0536b58743eaf2c437238d004892b9/elements - {"using":"xpath","value":"//span[@id=\"application-manageconditionprice-display-component---conditions--smartTable-header-inner\"]"}
RESULT: {"using":"xpath","value":"//span[@id=\"application-manageconditionprice-display-component---conditions--smartTable-header-inner\"]"}
COMMAND: POST /session/ff0536b58743eaf2c437238d004892b9/execute/sync - {"script":"<script> [56 bytes]","args":[{"element-6066-11e4-a52e-4f735466cecf":"f.BB3617BF1549F1B1531810C266B34E3A.d.30B386FC0300EE36C624E614848C7E15.e.11969","ELEMENT":"f.BB3617BF1549F1B1531810C266B34E3A.d.30B386FC0300EE36C624E614848C7E15.e.11969"}]}
RESULT: {"script":"<script> [56 bytes]","args":[{"element-6066-11e4-a52e-4f735466cecf":"f.BB3617BF1549F1B1531810C266B34E3A.d.30B386FC0300EE36C624E614848C7E15.e.11969","ELEMENT":"f.BB3617BF1549F1B1531810C266B34E3A.d.30B386FC0300EE36C624E614848C7E15.e.11969"}]}
COMMAND: POST /session/ff0536b58743eaf2c437238d004892b9/element - {"using":"css selector","value":"#shell-header-logo"}
COMMAND: GET /session/ff0536b58743eaf2c437238d004892b9/screenshot - {}
RESULT: {"using":"css selector","value":"#shell-header-logo"}
COMMAND: POST /session/ff0536b58743eaf2c437238d004892b9/element/f.BB3617BF1549F1B1531810C266B34E3A.d.30B386FC0300EE36C624E614848C7E15.e.11020/click - {}
RESULT: {}
RESULT: {}
COMMAND: GET /session/ff0536b58743eaf2c437238d004892b9/screenshot - {}
RESULT: {}
]]></system-out>
    </testcase>
    <testcase classname="chrome.136_0_7103_93.windows.Create_master_data_for_mixed_billing_&amp;_do_billing_calculation_US151661" name="Should do a stock increase handover" time="85.862">
      <system-out><![CDATA[
COMMAND: POST /session/ff0536b58743eaf2c437238d004892b9/execute/async - {"script":"<script> [1562 bytes]","args":[{"selector":{"controlType":"sap.m.GenericTile","properties":{"header":"Manage Handovers"}},"wdio_ui5_key":"sapm.GenericTile{\"header\":\"Manage Handovers\"}"}]}
RESULT: {"script":"<script> [1562 bytes]","args":[{"selector":{"controlType":"sap.m.GenericTile","properties":{"header":"Manage Handovers"}},"wdio_ui5_key":"sapm.GenericTile{\"header\":\"Manage Handovers\"}"}]}
RESULT: undefined
COMMAND: POST /session/ff0536b58743eaf2c437238d004892b9/element - {"using":"xpath","value":"//*[@id=\"__tile133\"]"}
RESULT: {"using":"xpath","value":"//*[@id=\"__tile133\"]"}
COMMAND: POST /session/ff0536b58743eaf2c437238d004892b9/element/f.BB3617BF1549F1B1531810C266B34E3A.d.30B386FC0300EE36C624E614848C7E15.e.8945/click - {}
RESULT: {}
COMMAND: GET /session/ff0536b58743eaf2c437238d004892b9/screenshot - {}
RESULT: {}
COMMAND: POST /session/ff0536b58743eaf2c437238d004892b9/elements - {"using":"xpath","value":"//span[text()='Error']"}
RESULT: {"using":"xpath","value":"//span[text()='Error']"}
COMMAND: POST /session/ff0536b58743eaf2c437238d004892b9/element - {"using":"xpath","value":"//button[@data-kt=\"masterHOAddButton\"]"}
RESULT: {"using":"xpath","value":"//button[@data-kt=\"masterHOAddButton\"]"}
COMMAND: POST /session/ff0536b58743eaf2c437238d004892b9/elements - {"using":"xpath","value":"//button[@data-kt=\"masterHOAddButton\"]"}
RESULT: {"using":"xpath","value":"//button[@data-kt=\"masterHOAddButton\"]"}
COMMAND: POST /session/ff0536b58743eaf2c437238d004892b9/execute/sync - {"script":"<script> [8489 bytes]","args":[{"element-6066-11e4-a52e-4f735466cecf":"f.BB3617BF1549F1B1531810C266B34E3A.d.30B386FC0300EE36C624E614848C7E15.e.12013","ELEMENT":"f.BB3617BF1549F1B1531810C266B34E3A.d.30B386FC0300EE36C624E614848C7E15.e.12013"}]}
RESULT: {"script":"<script> [8489 bytes]","args":[{"element-6066-11e4-a52e-4f735466cecf":"f.BB3617BF1549F1B1531810C266B34E3A.d.30B386FC0300EE36C624E614848C7E15.e.12013","ELEMENT":"f.BB3617BF1549F1B1531810C266B34E3A.d.30B386FC0300EE36C624E614848C7E15.e.12013"}]}
COMMAND: GET /session/ff0536b58743eaf2c437238d004892b9/element/f.BB3617BF1549F1B1531810C266B34E3A.d.30B386FC0300EE36C624E614848C7E15.e.12013/enabled - {}
COMMAND: GET /session/ff0536b58743eaf2c437238d004892b9/screenshot - {}
RESULT: {}
COMMAND: POST /session/ff0536b58743eaf2c437238d004892b9/execute/sync - {"script":"<script> [8489 bytes]","args":[{"element-6066-11e4-a52e-4f735466cecf":"f.BB3617BF1549F1B1531810C266B34E3A.d.30B386FC0300EE36C624E614848C7E15.e.12013","ELEMENT":"f.BB3617BF1549F1B1531810C266B34E3A.d.30B386FC0300EE36C624E614848C7E15.e.12013"}]}
COMMAND: GET /session/ff0536b58743eaf2c437238d004892b9/screenshot - {}
RESULT: {}
RESULT: {"script":"<script> [8489 bytes]","args":[{"element-6066-11e4-a52e-4f735466cecf":"f.BB3617BF1549F1B1531810C266B34E3A.d.30B386FC0300EE36C624E614848C7E15.e.12013","ELEMENT":"f.BB3617BF1549F1B1531810C266B34E3A.d.30B386FC0300EE36C624E614848C7E15.e.12013"}]}
COMMAND: POST /session/ff0536b58743eaf2c437238d004892b9/execute/sync - {"script":"<script> [5351 bytes]","args":[{"element-6066-11e4-a52e-4f735466cecf":"f.BB3617BF1549F1B1531810C266B34E3A.d.30B386FC0300EE36C624E614848C7E15.e.12013","ELEMENT":"f.BB3617BF1549F1B1531810C266B34E3A.d.30B386FC0300EE36C624E614848C7E15.e.12013"}]}
COMMAND: GET /session/ff0536b58743eaf2c437238d004892b9/screenshot - {}
RESULT: {}
RESULT: {"script":"<script> [5351 bytes]","args":[{"element-6066-11e4-a52e-4f735466cecf":"f.BB3617BF1549F1B1531810C266B34E3A.d.30B386FC0300EE36C624E614848C7E15.e.12013","ELEMENT":"f.BB3617BF1549F1B1531810C266B34E3A.d.30B386FC0300EE36C624E614848C7E15.e.12013"}]}
COMMAND: POST /session/ff0536b58743eaf2c437238d004892b9/element/f.BB3617BF1549F1B1531810C266B34E3A.d.30B386FC0300EE36C624E614848C7E15.e.12013/click - {}
COMMAND: GET /session/ff0536b58743eaf2c437238d004892b9/screenshot - {}
RESULT: {}
RESULT: {}
COMMAND: GET /session/ff0536b58743eaf2c437238d004892b9/screenshot - {}
RESULT: {}
RESULT: {}
COMMAND: POST /session/ff0536b58743eaf2c437238d004892b9/element - {"using":"xpath","value":"//span[contains(@id ,\"AddNewHO--typeSelect-arrow\")]"}
RESULT: {"using":"xpath","value":"//span[contains(@id ,\"AddNewHO--typeSelect-arrow\")]"}
COMMAND: POST /session/ff0536b58743eaf2c437238d004892b9/element/f.BB3617BF1549F1B1531810C266B34E3A.d.30B386FC0300EE36C624E614848C7E15.e.12347/click - {}
RESULT: {}
COMMAND: GET /session/ff0536b58743eaf2c437238d004892b9/screenshot - {}
RESULT: {}
COMMAND: POST /session/ff0536b58743eaf2c437238d004892b9/element - {"using":"xpath","value":"(//li[contains(text(), \"stock increase yard\")])[1]"}
RESULT: {"using":"xpath","value":"(//li[contains(text(), \"stock increase yard\")])[1]"}
COMMAND: POST /session/ff0536b58743eaf2c437238d004892b9/element/f.BB3617BF1549F1B1531810C266B34E3A.d.30B386FC0300EE36C624E614848C7E15.e.12348/click - {}
RESULT: {}
COMMAND: GET /session/ff0536b58743eaf2c437238d004892b9/screenshot - {}
RESULT: {}
COMMAND: POST /session/ff0536b58743eaf2c437238d004892b9/execute/async - {"script":"<script> [1562 bytes]","args":[{"selector":{"id":"application-managehandovers-display-component---AddNewHO--dueDate","interaction":{"idSuffix":"inner"}},"wdio_ui5_key":"applicationmanagehandovers-display-component---AddNewHO--dueDate"}]}
RESULT: {"script":"<script> [1562 bytes]","args":[{"selector":{"id":"application-managehandovers-display-component---AddNewHO--dueDate","interaction":{"idSuffix":"inner"}},"wdio_ui5_key":"applicationmanagehandovers-display-component---AddNewHO--dueDate"}]}
RESULT: undefined
COMMAND: POST /session/ff0536b58743eaf2c437238d004892b9/execute/async - {"script":"<script> [6424 bytes]","args":[{"element-6066-11e4-a52e-4f735466cecf":"f.BB3617BF1549F1B1531810C266B34E3A.d.30B386FC0300EE36C624E614848C7E15.e.12350"},"setValue",["5/15/25"]]}
RESULT: {"script":"<script> [6424 bytes]","args":[{"element-6066-11e4-a52e-4f735466cecf":"f.BB3617BF1549F1B1531810C266B34E3A.d.30B386FC0300EE36C624E614848C7E15.e.12350"},"setValue",["5/15/25"]]}
COMMAND: POST /session/ff0536b58743eaf2c437238d004892b9/element - {"using":"xpath","value":"//input[@id=\"generalSectionFrg--receiveYard-inner\"]"}
RESULT: {"using":"xpath","value":"//input[@id=\"generalSectionFrg--receiveYard-inner\"]"}
COMMAND: POST /session/ff0536b58743eaf2c437238d004892b9/element/f.BB3617BF1549F1B1531810C266B34E3A.d.30B386FC0300EE36C624E614848C7E15.e.12354/clear - {}
RESULT: {}
COMMAND: POST /session/ff0536b58743eaf2c437238d004892b9/element/f.BB3617BF1549F1B1531810C266B34E3A.d.30B386FC0300EE36C624E614848C7E15.e.12354/value - {"text":"411"}
COMMAND: GET /session/ff0536b58743eaf2c437238d004892b9/screenshot - {}
RESULT: {"text":"411"}
COMMAND: GET /session/ff0536b58743eaf2c437238d004892b9/screenshot - {}
RESULT: {}
RESULT: {}
COMMAND: POST /session/ff0536b58743eaf2c437238d004892b9/element - {"using":"xpath","value":"//li[.//span[text()='411']]"}
RESULT: {"using":"xpath","value":"//li[.//span[text()='411']]"}
COMMAND: POST /session/ff0536b58743eaf2c437238d004892b9/element/f.BB3617BF1549F1B1531810C266B34E3A.d.30B386FC0300EE36C624E614848C7E15.e.12372/click - {}
RESULT: {}
COMMAND: GET /session/ff0536b58743eaf2c437238d004892b9/screenshot - {}
RESULT: {}
COMMAND: POST /session/ff0536b58743eaf2c437238d004892b9/execute/async - {"script":"<script> [1562 bytes]","args":[{"selector":{"id":"application-managehandovers-display-component---AddNewHO--ObjectPageLayout-anchBar-application-managehandovers-display-component---AddNewHO--section4-anchor","interaction":{"idSuffix":"BDI-content"}},"wdio_ui5_key":"applicationmanagehandovers-display-component---AddNewHO--ObjectPageLayout-anchBar-application-managehandovers-display-component---AddNewHO--section4-anchor"}]}
RESULT: {"script":"<script> [1562 bytes]","args":[{"selector":{"id":"application-managehandovers-display-component---AddNewHO--ObjectPageLayout-anchBar-application-managehandovers-display-component---AddNewHO--section4-anchor","interaction":{"idSuffix":"BDI-content"}},"wdio_ui5_key":"applicationmanagehandovers-display-component---AddNewHO--ObjectPageLayout-anchBar-application-managehandovers-display-component---AddNewHO--section4-anchor"}]}
RESULT: undefined
COMMAND: POST /session/ff0536b58743eaf2c437238d004892b9/element - {"using":"xpath","value":"//*[@id=\"application-managehandovers-display-component---AddNewHO--ObjectPageLayout-anchBar-application-managehandovers-display-component---AddNewHO--section4-anchor\"]"}
RESULT: {"using":"xpath","value":"//*[@id=\"application-managehandovers-display-component---AddNewHO--ObjectPageLayout-anchBar-application-managehandovers-display-component---AddNewHO--section4-anchor\"]"}
COMMAND: POST /session/ff0536b58743eaf2c437238d004892b9/element/f.BB3617BF1549F1B1531810C266B34E3A.d.30B386FC0300EE36C624E614848C7E15.e.12374/click - {}
RESULT: {}
COMMAND: POST /session/ff0536b58743eaf2c437238d004892b9/element - {"using":"xpath","value":"//button[@aria-label=\"Add\"]"}
COMMAND: GET /session/ff0536b58743eaf2c437238d004892b9/screenshot - {}
RESULT: {"using":"xpath","value":"//button[@aria-label=\"Add\"]"}
COMMAND: POST /session/ff0536b58743eaf2c437238d004892b9/element/f.BB3617BF1549F1B1531810C266B34E3A.d.30B386FC0300EE36C624E614848C7E15.e.12376/click - {}
RESULT: {}
RESULT: {}
COMMAND: GET /session/ff0536b58743eaf2c437238d004892b9/screenshot - {}
RESULT: {}
COMMAND: POST /session/ff0536b58743eaf2c437238d004892b9/execute/async - {"script":"<script> [1562 bytes]","args":[{"selector":{"id":"application-managehandovers-display-component---AddNewHO--smartFilterBar-btnBasicSearch","searchOpenDialogs":true,"interaction":{"idSuffix":"I"}},"wdio_ui5_key":"applicationmanagehandovers-display-component---AddNewHO--smartFilterBar-btnBasicSearch"}]}
RESULT: {"script":"<script> [1562 bytes]","args":[{"selector":{"id":"application-managehandovers-display-component---AddNewHO--smartFilterBar-btnBasicSearch","searchOpenDialogs":true,"interaction":{"idSuffix":"I"}},"wdio_ui5_key":"applicationmanagehandovers-display-component---AddNewHO--smartFilterBar-btnBasicSearch"}]}
RESULT: undefined
COMMAND: POST /session/ff0536b58743eaf2c437238d004892b9/execute/async - {"script":"<script> [776 bytes]","args":[{"enterText":"ny32YaClra","selector":{"id":"application-managehandovers-display-component---AddNewHO--smartFilterBar-btnBasicSearch","searchOpenDialogs":true,"interaction":{"idSuffix":"I"}},"clearTextFirst":true,"interactionType":"ENTER_TEXT"}]}
RESULT: {"script":"<script> [776 bytes]","args":[{"enterText":"ny32YaClra","selector":{"id":"application-managehandovers-display-component---AddNewHO--smartFilterBar-btnBasicSearch","searchOpenDialogs":true,"interaction":{"idSuffix":"I"}},"clearTextFirst":true,"interactionType":"ENTER_TEXT"}]}
COMMAND: POST /session/ff0536b58743eaf2c437238d004892b9/actions - {"actions":[{"id":"action45","type":"key","parameters":{},"actions":[{"type":"keyDown","value":"î€‡"},{"type":"pause","duration":10},{"type":"keyUp","value":"î€‡"}]}]}
RESULT: {"actions":[{"id":"action45","type":"key","parameters":{},"actions":[{"type":"keyDown","value":"î€‡"},{"type":"pause","duration":10},{"type":"keyUp","value":"î€‡"}]}]}
COMMAND: GET /session/ff0536b58743eaf2c437238d004892b9/screenshot - {}
RESULT: {}
COMMAND: POST /session/ff0536b58743eaf2c437238d004892b9/execute/async - {"script":"<script> [1562 bytes]","args":[{"selector":{"id":"application-managehandovers-display-component---AddNewHO--popup-sa","searchOpenDialogs":true,"interaction":{"idSuffix":"CbBg"}},"wdio_ui5_key":"applicationmanagehandovers-display-component---AddNewHO--popup-sa"}]}
RESULT: {"script":"<script> [1562 bytes]","args":[{"selector":{"id":"application-managehandovers-display-component---AddNewHO--popup-sa","searchOpenDialogs":true,"interaction":{"idSuffix":"CbBg"}},"wdio_ui5_key":"applicationmanagehandovers-display-component---AddNewHO--popup-sa"}]}
RESULT: undefined
COMMAND: POST /session/ff0536b58743eaf2c437238d004892b9/element - {"using":"xpath","value":"//*[@id=\"application-managehandovers-display-component---AddNewHO--popup-sa\"]"}
RESULT: {"using":"xpath","value":"//*[@id=\"application-managehandovers-display-component---AddNewHO--popup-sa\"]"}
COMMAND: POST /session/ff0536b58743eaf2c437238d004892b9/element/f.BB3617BF1549F1B1531810C266B34E3A.d.30B386FC0300EE36C624E614848C7E15.e.12529/click - {}
RESULT: {}
COMMAND: GET /session/ff0536b58743eaf2c437238d004892b9/screenshot - {}
RESULT: {}
COMMAND: POST /session/ff0536b58743eaf2c437238d004892b9/element - {"using":"xpath","value":"//bdi[contains(text(), \"Select\")]"}
RESULT: {"using":"xpath","value":"//bdi[contains(text(), \"Select\")]"}
COMMAND: POST /session/ff0536b58743eaf2c437238d004892b9/element/f.BB3617BF1549F1B1531810C266B34E3A.d.30B386FC0300EE36C624E614848C7E15.e.12530/click - {}
RESULT: {}
COMMAND: GET /session/ff0536b58743eaf2c437238d004892b9/screenshot - {}
RESULT: {}
COMMAND: POST /session/ff0536b58743eaf2c437238d004892b9/element - {"using":"xpath","value":"//button[@data-kt=\"AddNewHOSaveButton\"]"}
RESULT: {"using":"xpath","value":"//button[@data-kt=\"AddNewHOSaveButton\"]"}
COMMAND: POST /session/ff0536b58743eaf2c437238d004892b9/element/f.BB3617BF1549F1B1531810C266B34E3A.d.30B386FC0300EE36C624E614848C7E15.e.12535/click - {}
RESULT: {}
COMMAND: GET /session/ff0536b58743eaf2c437238d004892b9/screenshot - {}
RESULT: {}
COMMAND: POST /session/ff0536b58743eaf2c437238d004892b9/execute/async - {"script":"<script> [1562 bytes]","args":[{"selector":{"id":"receiptDatePicker","viewName":"etm.portal.ui.managehandovers.view.DetailExecuteHO","interaction":{"idSuffix":"inner"}},"wdio_ui5_key":"receiptDatePickeretmportal.ui.managehandovers.view.DetailExecuteHO"}]}
RESULT: {"script":"<script> [1562 bytes]","args":[{"selector":{"id":"receiptDatePicker","viewName":"etm.portal.ui.managehandovers.view.DetailExecuteHO","interaction":{"idSuffix":"inner"}},"wdio_ui5_key":"receiptDatePickeretmportal.ui.managehandovers.view.DetailExecuteHO"}]}
RESULT: undefined
COMMAND: POST /session/ff0536b58743eaf2c437238d004892b9/execute/async - {"script":"<script> [6424 bytes]","args":[{"element-6066-11e4-a52e-4f735466cecf":"f.BB3617BF1549F1B1531810C266B34E3A.d.30B386FC0300EE36C624E614848C7E15.e.12555"},"setValue",["5/15/25"]]}
RESULT: {"script":"<script> [6424 bytes]","args":[{"element-6066-11e4-a52e-4f735466cecf":"f.BB3617BF1549F1B1531810C266B34E3A.d.30B386FC0300EE36C624E614848C7E15.e.12555"},"setValue",["5/15/25"]]}
COMMAND: POST /session/ff0536b58743eaf2c437238d004892b9/element - {"using":"xpath","value":"//button[@data-kt=\"PickingTableConfirmAllButton\"]"}
RESULT: {"using":"xpath","value":"//button[@data-kt=\"PickingTableConfirmAllButton\"]"}
COMMAND: POST /session/ff0536b58743eaf2c437238d004892b9/element/f.BB3617BF1549F1B1531810C266B34E3A.d.30B386FC0300EE36C624E614848C7E15.e.12569/click - {}
RESULT: {}
COMMAND: GET /session/ff0536b58743eaf2c437238d004892b9/screenshot - {}
RESULT: {}
COMMAND: POST /session/ff0536b58743eaf2c437238d004892b9/element - {"using":"xpath","value":"//bdi[contains(text(), \"OK\")]"}
RESULT: {"using":"xpath","value":"//bdi[contains(text(), \"OK\")]"}
COMMAND: POST /session/ff0536b58743eaf2c437238d004892b9/element/f.BB3617BF1549F1B1531810C266B34E3A.d.30B386FC0300EE36C624E614848C7E15.e.12571/click - {}
RESULT: {}
COMMAND: GET /session/ff0536b58743eaf2c437238d004892b9/screenshot - {}
RESULT: {}
COMMAND: POST /session/ff0536b58743eaf2c437238d004892b9/element - {"using":"xpath","value":"(//bdi[contains(text(), \"Receive\")])[2]"}
RESULT: {"using":"xpath","value":"(//bdi[contains(text(), \"Receive\")])[2]"}
COMMAND: POST /session/ff0536b58743eaf2c437238d004892b9/element/f.BB3617BF1549F1B1531810C266B34E3A.d.30B386FC0300EE36C624E614848C7E15.e.12573/click - {}
RESULT: {}
COMMAND: GET /session/ff0536b58743eaf2c437238d004892b9/screenshot - {}
RESULT: {}
COMMAND: POST /session/ff0536b58743eaf2c437238d004892b9/element - {"using":"css selector","value":"#shell-header-logo"}
RESULT: {"using":"css selector","value":"#shell-header-logo"}
COMMAND: POST /session/ff0536b58743eaf2c437238d004892b9/element/f.BB3617BF1549F1B1531810C266B34E3A.d.30B386FC0300EE36C624E614848C7E15.e.11973/click - {}
RESULT: {}
COMMAND: GET /session/ff0536b58743eaf2c437238d004892b9/screenshot - {}
RESULT: {}
]]></system-out>
    </testcase>
    <testcase classname="chrome.136_0_7103_93.windows.Create_master_data_for_mixed_billing_&amp;_do_billing_calculation_US151661" name="Should create a new contract" time="57.797">
      <system-out><![CDATA[
COMMAND: POST /session/ff0536b58743eaf2c437238d004892b9/execute/async - {"script":"<script> [1562 bytes]","args":[{"selector":{"controlType":"sap.m.GenericTile","properties":{"header":"Manage Contracts"}},"wdio_ui5_key":"sapm.GenericTile{\"header\":\"Manage Contracts\"}"}]}
RESULT: {"script":"<script> [1562 bytes]","args":[{"selector":{"controlType":"sap.m.GenericTile","properties":{"header":"Manage Contracts"}},"wdio_ui5_key":"sapm.GenericTile{\"header\":\"Manage Contracts\"}"}]}
RESULT: undefined
COMMAND: POST /session/ff0536b58743eaf2c437238d004892b9/element - {"using":"xpath","value":"//*[@id=\"__tile130\"]"}
RESULT: {"using":"xpath","value":"//*[@id=\"__tile130\"]"}
COMMAND: POST /session/ff0536b58743eaf2c437238d004892b9/element/f.BB3617BF1549F1B1531810C266B34E3A.d.30B386FC0300EE36C624E614848C7E15.e.8934/click - {}
RESULT: {}
COMMAND: GET /session/ff0536b58743eaf2c437238d004892b9/screenshot - {}
RESULT: {}
COMMAND: POST /session/ff0536b58743eaf2c437238d004892b9/elements - {"using":"xpath","value":"//span[text()='Error']"}
RESULT: {"using":"xpath","value":"//span[text()='Error']"}
COMMAND: POST /session/ff0536b58743eaf2c437238d004892b9/element - {"using":"xpath","value":"//button[@data-kt=\"addButton\"]"}
RESULT: {"using":"xpath","value":"//button[@data-kt=\"addButton\"]"}
COMMAND: POST /session/ff0536b58743eaf2c437238d004892b9/elements - {"using":"xpath","value":"//button[@data-kt=\"addButton\"]"}
RESULT: {"using":"xpath","value":"//button[@data-kt=\"addButton\"]"}
COMMAND: POST /session/ff0536b58743eaf2c437238d004892b9/execute/sync - {"script":"<script> [8489 bytes]","args":[{"element-6066-11e4-a52e-4f735466cecf":"f.BB3617BF1549F1B1531810C266B34E3A.d.30B386FC0300EE36C624E614848C7E15.e.12796","ELEMENT":"f.BB3617BF1549F1B1531810C266B34E3A.d.30B386FC0300EE36C624E614848C7E15.e.12796"}]}
RESULT: {"script":"<script> [8489 bytes]","args":[{"element-6066-11e4-a52e-4f735466cecf":"f.BB3617BF1549F1B1531810C266B34E3A.d.30B386FC0300EE36C624E614848C7E15.e.12796","ELEMENT":"f.BB3617BF1549F1B1531810C266B34E3A.d.30B386FC0300EE36C624E614848C7E15.e.12796"}]}
COMMAND: GET /session/ff0536b58743eaf2c437238d004892b9/element/f.BB3617BF1549F1B1531810C266B34E3A.d.30B386FC0300EE36C624E614848C7E15.e.12796/enabled - {}
COMMAND: GET /session/ff0536b58743eaf2c437238d004892b9/screenshot - {}
RESULT: {}
COMMAND: POST /session/ff0536b58743eaf2c437238d004892b9/execute/sync - {"script":"<script> [8489 bytes]","args":[{"element-6066-11e4-a52e-4f735466cecf":"f.BB3617BF1549F1B1531810C266B34E3A.d.30B386FC0300EE36C624E614848C7E15.e.12796","ELEMENT":"f.BB3617BF1549F1B1531810C266B34E3A.d.30B386FC0300EE36C624E614848C7E15.e.12796"}]}
COMMAND: GET /session/ff0536b58743eaf2c437238d004892b9/screenshot - {}
RESULT: {}
RESULT: {"script":"<script> [8489 bytes]","args":[{"element-6066-11e4-a52e-4f735466cecf":"f.BB3617BF1549F1B1531810C266B34E3A.d.30B386FC0300EE36C624E614848C7E15.e.12796","ELEMENT":"f.BB3617BF1549F1B1531810C266B34E3A.d.30B386FC0300EE36C624E614848C7E15.e.12796"}]}
COMMAND: POST /session/ff0536b58743eaf2c437238d004892b9/execute/sync - {"script":"<script> [5351 bytes]","args":[{"element-6066-11e4-a52e-4f735466cecf":"f.BB3617BF1549F1B1531810C266B34E3A.d.30B386FC0300EE36C624E614848C7E15.e.12796","ELEMENT":"f.BB3617BF1549F1B1531810C266B34E3A.d.30B386FC0300EE36C624E614848C7E15.e.12796"}]}
COMMAND: GET /session/ff0536b58743eaf2c437238d004892b9/screenshot - {}
RESULT: {}
RESULT: {"script":"<script> [5351 bytes]","args":[{"element-6066-11e4-a52e-4f735466cecf":"f.BB3617BF1549F1B1531810C266B34E3A.d.30B386FC0300EE36C624E614848C7E15.e.12796","ELEMENT":"f.BB3617BF1549F1B1531810C266B34E3A.d.30B386FC0300EE36C624E614848C7E15.e.12796"}]}
COMMAND: GET /session/ff0536b58743eaf2c437238d004892b9/screenshot - {}
RESULT: {}
RESULT: {}
COMMAND: POST /session/ff0536b58743eaf2c437238d004892b9/element/f.BB3617BF1549F1B1531810C266B34E3A.d.30B386FC0300EE36C624E614848C7E15.e.12796/click - {}
RESULT: {}
COMMAND: GET /session/ff0536b58743eaf2c437238d004892b9/screenshot - {}
COMMAND: POST /session/ff0536b58743eaf2c437238d004892b9/execute/async - {"script":"<script> [1562 bytes]","args":[{"selector":{"id":"application-managecontracts-display-component---AddNewContract--projectDescription","interaction":{"idSuffix":"inner"}},"wdio_ui5_key":"applicationmanagecontracts-display-component---AddNewContract--projectDescription"}]}
RESULT: {}
RESULT: {"script":"<script> [1562 bytes]","args":[{"selector":{"id":"application-managecontracts-display-component---AddNewContract--projectDescription","interaction":{"idSuffix":"inner"}},"wdio_ui5_key":"applicationmanagecontracts-display-component---AddNewContract--projectDescription"}]}
RESULT: undefined
COMMAND: POST /session/ff0536b58743eaf2c437238d004892b9/execute/async - {"script":"<script> [776 bytes]","args":[{"enterText":"Mixed Contract WDIO","selector":{"id":"application-managecontracts-display-component---AddNewContract--projectDescription","interaction":{"idSuffix":"inner"}},"clearTextFirst":true,"interactionType":"ENTER_TEXT"}]}
RESULT: {"script":"<script> [776 bytes]","args":[{"enterText":"Mixed Contract WDIO","selector":{"id":"application-managecontracts-display-component---AddNewContract--projectDescription","interaction":{"idSuffix":"inner"}},"clearTextFirst":true,"interactionType":"ENTER_TEXT"}]}
COMMAND: POST /session/ff0536b58743eaf2c437238d004892b9/element - {"using":"xpath","value":"//input[@id=\"application-managecontracts-display-component---AddNewContract--site-inner\"]"}
RESULT: {"using":"xpath","value":"//input[@id=\"application-managecontracts-display-component---AddNewContract--site-inner\"]"}
COMMAND: POST /session/ff0536b58743eaf2c437238d004892b9/element/f.BB3617BF1549F1B1531810C266B34E3A.d.30B386FC0300EE36C624E614848C7E15.e.13149/clear - {}
RESULT: {}
COMMAND: POST /session/ff0536b58743eaf2c437238d004892b9/element/f.BB3617BF1549F1B1531810C266B34E3A.d.30B386FC0300EE36C624E614848C7E15.e.13149/value - {"text":"2186"}
COMMAND: GET /session/ff0536b58743eaf2c437238d004892b9/screenshot - {}
RESULT: {"text":"2186"}
COMMAND: GET /session/ff0536b58743eaf2c437238d004892b9/screenshot - {}
RESULT: {}
RESULT: {}
COMMAND: POST /session/ff0536b58743eaf2c437238d004892b9/element - {"using":"xpath","value":"//li[.//span[text()='2186']]"}
RESULT: {"using":"xpath","value":"//li[.//span[text()='2186']]"}
COMMAND: POST /session/ff0536b58743eaf2c437238d004892b9/element/f.BB3617BF1549F1B1531810C266B34E3A.d.30B386FC0300EE36C624E614848C7E15.e.13180/click - {}
RESULT: {}
COMMAND: GET /session/ff0536b58743eaf2c437238d004892b9/screenshot - {}
RESULT: {}
COMMAND: POST /session/ff0536b58743eaf2c437238d004892b9/element - {"using":"xpath","value":"//input[@id=\"application-managecontracts-display-component---AddNewContract--yardId-inner\"]"}
RESULT: {"using":"xpath","value":"//input[@id=\"application-managecontracts-display-component---AddNewContract--yardId-inner\"]"}
COMMAND: GET /session/ff0536b58743eaf2c437238d004892b9/element/f.BB3617BF1549F1B1531810C266B34E3A.d.30B386FC0300EE36C624E614848C7E15.e.13150/property/value - {}
RESULT: {}
COMMAND: POST /session/ff0536b58743eaf2c437238d004892b9/element - {"using":"xpath","value":"//input[@id=\"application-managecontracts-display-component---AddNewContract--customerSelect-inner\"]"}
COMMAND: GET /session/ff0536b58743eaf2c437238d004892b9/screenshot - {}
RESULT: {"using":"xpath","value":"//input[@id=\"application-managecontracts-display-component---AddNewContract--customerSelect-inner\"]"}
COMMAND: POST /session/ff0536b58743eaf2c437238d004892b9/element/f.BB3617BF1549F1B1531810C266B34E3A.d.30B386FC0300EE36C624E614848C7E15.e.13148/clear - {}
RESULT: {}
RESULT: {}
COMMAND: POST /session/ff0536b58743eaf2c437238d004892b9/element/f.BB3617BF1549F1B1531810C266B34E3A.d.30B386FC0300EE36C624E614848C7E15.e.13148/value - {"text":"1223"}
COMMAND: GET /session/ff0536b58743eaf2c437238d004892b9/screenshot - {}
RESULT: {"text":"1223"}
COMMAND: GET /session/ff0536b58743eaf2c437238d004892b9/screenshot - {}
RESULT: {}
RESULT: {}
COMMAND: POST /session/ff0536b58743eaf2c437238d004892b9/element - {"using":"xpath","value":"//li[.//span[text()='1223']]"}
RESULT: {"using":"xpath","value":"//li[.//span[text()='1223']]"}
COMMAND: POST /session/ff0536b58743eaf2c437238d004892b9/element/f.BB3617BF1549F1B1531810C266B34E3A.d.30B386FC0300EE36C624E614848C7E15.e.13183/click - {}
RESULT: {}
COMMAND: GET /session/ff0536b58743eaf2c437238d004892b9/screenshot - {}
RESULT: {}
COMMAND: POST /session/ff0536b58743eaf2c437238d004892b9/element - {"using":"xpath","value":"//button[@data-kt=\"saveButton\"]"}
RESULT: {"using":"xpath","value":"//button[@data-kt=\"saveButton\"]"}
COMMAND: POST /session/ff0536b58743eaf2c437238d004892b9/element/f.BB3617BF1549F1B1531810C266B34E3A.d.30B386FC0300EE36C624E614848C7E15.e.13184/click - {}
RESULT: {}
COMMAND: GET /session/ff0536b58743eaf2c437238d004892b9/screenshot - {}
RESULT: {}
COMMAND: POST /session/ff0536b58743eaf2c437238d004892b9/element - {"using":"xpath","value":"//span[contains(@id ,\"contractDetailTitleNoExpanded\")]"}
RESULT: {"using":"xpath","value":"//span[contains(@id ,\"contractDetailTitleNoExpanded\")]"}
COMMAND: POST /session/ff0536b58743eaf2c437238d004892b9/elements - {"using":"xpath","value":"//span[contains(@id ,\"contractDetailTitleNoExpanded\")]"}
RESULT: {"using":"xpath","value":"//span[contains(@id ,\"contractDetailTitleNoExpanded\")]"}
COMMAND: POST /session/ff0536b58743eaf2c437238d004892b9/execute/sync - {"script":"<script> [56 bytes]","args":[{"element-6066-11e4-a52e-4f735466cecf":"f.BB3617BF1549F1B1531810C266B34E3A.d.30B386FC0300EE36C624E614848C7E15.e.13254","ELEMENT":"f.BB3617BF1549F1B1531810C266B34E3A.d.30B386FC0300EE36C624E614848C7E15.e.13254"}]}
RESULT: {"script":"<script> [56 bytes]","args":[{"element-6066-11e4-a52e-4f735466cecf":"f.BB3617BF1549F1B1531810C266B34E3A.d.30B386FC0300EE36C624E614848C7E15.e.13254","ELEMENT":"f.BB3617BF1549F1B1531810C266B34E3A.d.30B386FC0300EE36C624E614848C7E15.e.13254"}]}
COMMAND: GET /session/ff0536b58743eaf2c437238d004892b9/screenshot - {}
RESULT: {}
]]></system-out>
    </testcase>
    <testcase classname="chrome.136_0_7103_93.windows.Create_master_data_for_mixed_billing_&amp;_do_billing_calculation_US151661" name="Should add equipment to the contract" time="46.212">
      <system-out><![CDATA[
COMMAND: POST /session/ff0536b58743eaf2c437238d004892b9/element - {"using":"xpath","value":"//button[@data-kt=\"contractDetailEditBtnButton\"]"}
RESULT: {"using":"xpath","value":"//button[@data-kt=\"contractDetailEditBtnButton\"]"}
COMMAND: POST /session/ff0536b58743eaf2c437238d004892b9/element/f.BB3617BF1549F1B1531810C266B34E3A.d.30B386FC0300EE36C624E614848C7E15.e.13257/click - {}
RESULT: {}
COMMAND: GET /session/ff0536b58743eaf2c437238d004892b9/screenshot - {}
RESULT: {}
COMMAND: POST /session/ff0536b58743eaf2c437238d004892b9/element - {"using":"xpath","value":"(//span[contains(text(), \"Additional Addresses\")])[2]"}
RESULT: {"using":"xpath","value":"(//span[contains(text(), \"Additional Addresses\")])[2]"}
COMMAND: POST /session/ff0536b58743eaf2c437238d004892b9/element/f.BB3617BF1549F1B1531810C266B34E3A.d.30B386FC0300EE36C624E614848C7E15.e.13313/click - {}
RESULT: {}
COMMAND: GET /session/ff0536b58743eaf2c437238d004892b9/screenshot - {}
RESULT: {}
COMMAND: POST /session/ff0536b58743eaf2c437238d004892b9/element - {"using":"xpath","value":"//button[@data-kt=\"btnAddTableRowOverflowToolbarButton\"]"}
RESULT: {"using":"xpath","value":"//button[@data-kt=\"btnAddTableRowOverflowToolbarButton\"]"}
COMMAND: POST /session/ff0536b58743eaf2c437238d004892b9/element/f.BB3617BF1549F1B1531810C266B34E3A.d.30B386FC0300EE36C624E614848C7E15.e.13315/click - {}
RESULT: {}
COMMAND: GET /session/ff0536b58743eaf2c437238d004892b9/screenshot - {}
RESULT: {}
COMMAND: POST /session/ff0536b58743eaf2c437238d004892b9/element - {"using":"xpath","value":"//div[(text() = 'Standard Entry' or . = 'Standard Entry')]"}
RESULT: {"using":"xpath","value":"//div[(text() = 'Standard Entry' or . = 'Standard Entry')]"}
COMMAND: POST /session/ff0536b58743eaf2c437238d004892b9/element/f.BB3617BF1549F1B1531810C266B34E3A.d.30B386FC0300EE36C624E614848C7E15.e.13317/click - {}
RESULT: {}
COMMAND: GET /session/ff0536b58743eaf2c437238d004892b9/screenshot - {}
RESULT: {}
COMMAND: POST /session/ff0536b58743eaf2c437238d004892b9/element - {"using":"xpath","value":"//td[7]/div/div/input"}
RESULT: {"using":"xpath","value":"//td[7]/div/div/input"}
COMMAND: POST /session/ff0536b58743eaf2c437238d004892b9/element/f.BB3617BF1549F1B1531810C266B34E3A.d.30B386FC0300EE36C624E614848C7E15.e.13326/clear - {}
RESULT: {}
COMMAND: POST /session/ff0536b58743eaf2c437238d004892b9/element/f.BB3617BF1549F1B1531810C266B34E3A.d.30B386FC0300EE36C624E614848C7E15.e.13326/value - {"text":"ny32YaClra"}
COMMAND: GET /session/ff0536b58743eaf2c437238d004892b9/screenshot - {}
RESULT: {"text":"ny32YaClra"}
COMMAND: GET /session/ff0536b58743eaf2c437238d004892b9/screenshot - {}
RESULT: {}
RESULT: {}
COMMAND: POST /session/ff0536b58743eaf2c437238d004892b9/actions - {"actions":[{"id":"action46","type":"key","parameters":{},"actions":[{"type":"keyDown","value":"î€‡"},{"type":"pause","duration":10},{"type":"keyUp","value":"î€‡"}]}]}
RESULT: {"actions":[{"id":"action46","type":"key","parameters":{},"actions":[{"type":"keyDown","value":"î€‡"},{"type":"pause","duration":10},{"type":"keyUp","value":"î€‡"}]}]}
COMMAND: GET /session/ff0536b58743eaf2c437238d004892b9/screenshot - {}
RESULT: {}
COMMAND: POST /session/ff0536b58743eaf2c437238d004892b9/execute/sync - {"script":"<script> [276 bytes]","args":["No pricing information was found"]}
RESULT: {"script":"<script> [276 bytes]","args":["No pricing information was found"]}
COMMAND: POST /session/ff0536b58743eaf2c437238d004892b9/element - {"using":"xpath","value":"(//button[@data-kt=\"saveButton\"])[2]"}
COMMAND: GET /session/ff0536b58743eaf2c437238d004892b9/screenshot - {}
RESULT: {"using":"xpath","value":"(//button[@data-kt=\"saveButton\"])[2]"}
COMMAND: POST /session/ff0536b58743eaf2c437238d004892b9/element/f.BB3617BF1549F1B1531810C266B34E3A.d.30B386FC0300EE36C624E614848C7E15.e.13341/click - {}
RESULT: {}
RESULT: {}
COMMAND: GET /session/ff0536b58743eaf2c437238d004892b9/screenshot - {}
RESULT: {}
COMMAND: POST /session/ff0536b58743eaf2c437238d004892b9/execute/sync - {"script":"<script> [276 bytes]","args":["Some contract items are having rental validity exceeding header rental validity"]}
RESULT: {"script":"<script> [276 bytes]","args":["Some contract items are having rental validity exceeding header rental validity"]}
COMMAND: GET /session/ff0536b58743eaf2c437238d004892b9/screenshot - {}
RESULT: {}
COMMAND: POST /session/ff0536b58743eaf2c437238d004892b9/element - {"using":"xpath","value":"//span[contains(@id ,\"contractItemsSmartTable-header-inner\")]"}
RESULT: {"using":"xpath","value":"//span[contains(@id ,\"contractItemsSmartTable-header-inner\")]"}
COMMAND: POST /session/ff0536b58743eaf2c437238d004892b9/elements - {"using":"xpath","value":"//span[contains(@id ,\"contractItemsSmartTable-header-inner\")]"}
RESULT: {"using":"xpath","value":"//span[contains(@id ,\"contractItemsSmartTable-header-inner\")]"}
COMMAND: POST /session/ff0536b58743eaf2c437238d004892b9/execute/sync - {"script":"<script> [56 bytes]","args":[{"element-6066-11e4-a52e-4f735466cecf":"f.BB3617BF1549F1B1531810C266B34E3A.d.30B386FC0300EE36C624E614848C7E15.e.13347","ELEMENT":"f.BB3617BF1549F1B1531810C266B34E3A.d.30B386FC0300EE36C624E614848C7E15.e.13347"}]}
RESULT: {"script":"<script> [56 bytes]","args":[{"element-6066-11e4-a52e-4f735466cecf":"f.BB3617BF1549F1B1531810C266B34E3A.d.30B386FC0300EE36C624E614848C7E15.e.13347","ELEMENT":"f.BB3617BF1549F1B1531810C266B34E3A.d.30B386FC0300EE36C624E614848C7E15.e.13347"}]}
]]></system-out>
    </testcase>
    <testcase classname="chrome.136_0_7103_93.windows.Create_master_data_for_mixed_billing_&amp;_do_billing_calculation_US151661" name="Should do a provide to site handover" time="58.519">
      <system-out><![CDATA[
COMMAND: POST /session/ff0536b58743eaf2c437238d004892b9/element - {"using":"xpath","value":"//button[@data-kt=\"provideButton\"]"}
COMMAND: GET /session/ff0536b58743eaf2c437238d004892b9/screenshot - {}
RESULT: {"using":"xpath","value":"//button[@data-kt=\"provideButton\"]"}
COMMAND: POST /session/ff0536b58743eaf2c437238d004892b9/element/f.BB3617BF1549F1B1531810C266B34E3A.d.30B386FC0300EE36C624E614848C7E15.e.13348/click - {}
RESULT: {}
RESULT: {}
COMMAND: GET /session/ff0536b58743eaf2c437238d004892b9/screenshot - {}
RESULT: undefined
COMMAND: POST /session/ff0536b58743eaf2c437238d004892b9/execute/async - {"script":"<script> [6424 bytes]","args":[{"element-6066-11e4-a52e-4f735466cecf":"f.BB3617BF1549F1B1531810C266B34E3A.d.30B386FC0300EE36C624E614848C7E15.e.12350"},"setValue",["5/15/25"]]}
RESULT: {}
COMMAND: POST /session/ff0536b58743eaf2c437238d004892b9/execute/async - {"script":"<script> [1562 bytes]","args":[{"selector":{"id":"application-managehandovers-display-component---AddNewHO--dueDate","interaction":{"idSuffix":"inner"}},"wdio_ui5_key":"applicationmanagehandovers-display-component---AddNewHO--dueDate"}]}
RESULT: {"script":"<script> [1562 bytes]","args":[{"selector":{"id":"application-managehandovers-display-component---AddNewHO--dueDate","interaction":{"idSuffix":"inner"}},"wdio_ui5_key":"applicationmanagehandovers-display-component---AddNewHO--dueDate"}]}
COMMAND: POST /session/ff0536b58743eaf2c437238d004892b9/execute/async - {"script":"<script> [6424 bytes]","args":[{"element-6066-11e4-a52e-4f735466cecf":"f.BB3617BF1549F1B1531810C266B34E3A.d.30B386FC0300EE36C624E614848C7E15.e.13439"},"setValue",["5/15/25"]]}
RESULT: {"script":"<script> [6424 bytes]","args":[{"element-6066-11e4-a52e-4f735466cecf":"f.BB3617BF1549F1B1531810C266B34E3A.d.30B386FC0300EE36C624E614848C7E15.e.13439"},"setValue",["5/15/25"]]}
COMMAND: POST /session/ff0536b58743eaf2c437238d004892b9/element - {"using":"xpath","value":"//bdi[contains(text(), \"Instructions\")]"}
RESULT: {"using":"xpath","value":"//bdi[contains(text(), \"Instructions\")]"}
COMMAND: POST /session/ff0536b58743eaf2c437238d004892b9/element/f.BB3617BF1549F1B1531810C266B34E3A.d.30B386FC0300EE36C624E614848C7E15.e.13654/click - {}
RESULT: {}
COMMAND: GET /session/ff0536b58743eaf2c437238d004892b9/screenshot - {}
RESULT: {}
COMMAND: POST /session/ff0536b58743eaf2c437238d004892b9/element - {"using":"xpath","value":"//button[@data-kt=\"AddNewHOProvideAddItemsButton\"]"}
RESULT: {"using":"xpath","value":"//button[@data-kt=\"AddNewHOProvideAddItemsButton\"]"}
COMMAND: POST /session/ff0536b58743eaf2c437238d004892b9/element/f.BB3617BF1549F1B1531810C266B34E3A.d.30B386FC0300EE36C624E614848C7E15.e.13658/click - {}
RESULT: {}
COMMAND: GET /session/ff0536b58743eaf2c437238d004892b9/screenshot - {}
RESULT: {}
RESULT: undefined
COMMAND: POST /session/ff0536b58743eaf2c437238d004892b9/element - {"using":"xpath","value":"//*[@id=\"application-managehandovers-display-component---AddNewHO--popup-sa\"]"}
RESULT: {"using":"xpath","value":"//*[@id=\"application-managehandovers-display-component---AddNewHO--popup-sa\"]"}
COMMAND: POST /session/ff0536b58743eaf2c437238d004892b9/element/f.BB3617BF1549F1B1531810C266B34E3A.d.30B386FC0300EE36C624E614848C7E15.e.13667/click - {}
RESULT: {}
COMMAND: GET /session/ff0536b58743eaf2c437238d004892b9/screenshot - {}
RESULT: {}
COMMAND: POST /session/ff0536b58743eaf2c437238d004892b9/element - {"using":"xpath","value":"//*[contains(@id ,\"BDI-content\")][contains(text(), \"Select\")]"}
RESULT: {"using":"xpath","value":"//*[contains(@id ,\"BDI-content\")][contains(text(), \"Select\")]"}
COMMAND: POST /session/ff0536b58743eaf2c437238d004892b9/element/f.BB3617BF1549F1B1531810C266B34E3A.d.30B386FC0300EE36C624E614848C7E15.e.13669/click - {}
RESULT: {}
COMMAND: GET /session/ff0536b58743eaf2c437238d004892b9/screenshot - {}
RESULT: {}
COMMAND: POST /session/ff0536b58743eaf2c437238d004892b9/execute/async - {"script":"<script> [1562 bytes]","args":[{"selector":{"id":"application-managehandovers-display-component---AddNewHO--confirmCreationButton","interaction":{"idSuffix":"BDI-content"}},"wdio_ui5_key":"applicationmanagehandovers-display-component---AddNewHO--confirmCreationButton"}]}
RESULT: {"script":"<script> [1562 bytes]","args":[{"selector":{"id":"application-managehandovers-display-component---AddNewHO--confirmCreationButton","interaction":{"idSuffix":"BDI-content"}},"wdio_ui5_key":"applicationmanagehandovers-display-component---AddNewHO--confirmCreationButton"}]}
RESULT: undefined
COMMAND: POST /session/ff0536b58743eaf2c437238d004892b9/element - {"using":"xpath","value":"//*[@id=\"application-managehandovers-display-component---AddNewHO--confirmCreationButton\"]"}
RESULT: {"using":"xpath","value":"//*[@id=\"application-managehandovers-display-component---AddNewHO--confirmCreationButton\"]"}
COMMAND: POST /session/ff0536b58743eaf2c437238d004892b9/element/f.BB3617BF1549F1B1531810C266B34E3A.d.30B386FC0300EE36C624E614848C7E15.e.13483/click - {}
RESULT: {}
COMMAND: GET /session/ff0536b58743eaf2c437238d004892b9/screenshot - {}
RESULT: {}
COMMAND: POST /session/ff0536b58743eaf2c437238d004892b9/execute/async - {"script":"<script> [1562 bytes]","args":[{"selector":{"id":"issueDatePicker","viewName":"etm.portal.ui.managehandovers.view.DetailExecuteHO","interaction":{"idSuffix":"inner"}},"wdio_ui5_key":"issueDatePickeretmportal.ui.managehandovers.view.DetailExecuteHO"}]}
RESULT: {"script":"<script> [1562 bytes]","args":[{"selector":{"id":"issueDatePicker","viewName":"etm.portal.ui.managehandovers.view.DetailExecuteHO","interaction":{"idSuffix":"inner"}},"wdio_ui5_key":"issueDatePickeretmportal.ui.managehandovers.view.DetailExecuteHO"}]}
RESULT: undefined
COMMAND: POST /session/ff0536b58743eaf2c437238d004892b9/execute/async - {"script":"<script> [776 bytes]","args":[{"enterText":"5/15/25","selector":{"id":"issueDatePicker","viewName":"etm.portal.ui.managehandovers.view.DetailExecuteHO","interaction":{"idSuffix":"inner"}},"clearTextFirst":true,"interactionType":"ENTER_TEXT"}]}
RESULT: {"script":"<script> [776 bytes]","args":[{"enterText":"5/15/25","selector":{"id":"issueDatePicker","viewName":"etm.portal.ui.managehandovers.view.DetailExecuteHO","interaction":{"idSuffix":"inner"}},"clearTextFirst":true,"interactionType":"ENTER_TEXT"}]}
COMMAND: POST /session/ff0536b58743eaf2c437238d004892b9/element - {"using":"xpath","value":"//bdi[contains(text(), \"OK\")]"}
RESULT: {"using":"xpath","value":"//bdi[contains(text(), \"OK\")]"}
COMMAND: POST /session/ff0536b58743eaf2c437238d004892b9/element/f.BB3617BF1549F1B1531810C266B34E3A.d.30B386FC0300EE36C624E614848C7E15.e.13713/click - {}
RESULT: {}
COMMAND: GET /session/ff0536b58743eaf2c437238d004892b9/screenshot - {}
RESULT: {}
COMMAND: POST /session/ff0536b58743eaf2c437238d004892b9/element - {"using":"xpath","value":"//button[@data-kt=\"PickingTableConfirmAllButton\"]"}
RESULT: {"using":"xpath","value":"//button[@data-kt=\"PickingTableConfirmAllButton\"]"}
COMMAND: POST /session/ff0536b58743eaf2c437238d004892b9/element/f.BB3617BF1549F1B1531810C266B34E3A.d.30B386FC0300EE36C624E614848C7E15.e.13719/click - {}
RESULT: {}
COMMAND: GET /session/ff0536b58743eaf2c437238d004892b9/screenshot - {}
RESULT: {}
COMMAND: POST /session/ff0536b58743eaf2c437238d004892b9/element - {"using":"xpath","value":"//bdi[contains(text(), \"OK\")]"}
RESULT: {"using":"xpath","value":"//bdi[contains(text(), \"OK\")]"}
COMMAND: POST /session/ff0536b58743eaf2c437238d004892b9/element/f.BB3617BF1549F1B1531810C266B34E3A.d.30B386FC0300EE36C624E614848C7E15.e.13723/click - {}
RESULT: {}
COMMAND: GET /session/ff0536b58743eaf2c437238d004892b9/screenshot - {}
RESULT: {}
COMMAND: POST /session/ff0536b58743eaf2c437238d004892b9/element - {"using":"xpath","value":"//bdi[contains(text(), \"Issue\")]"}
RESULT: {"using":"xpath","value":"//bdi[contains(text(), \"Issue\")]"}
COMMAND: POST /session/ff0536b58743eaf2c437238d004892b9/element/f.BB3617BF1549F1B1531810C266B34E3A.d.30B386FC0300EE36C624E614848C7E15.e.13724/click - {}
RESULT: {}
COMMAND: GET /session/ff0536b58743eaf2c437238d004892b9/screenshot - {}
RESULT: {}
COMMAND: POST /session/ff0536b58743eaf2c437238d004892b9/element - {"using":"css selector","value":"#shell-header-logo"}
RESULT: {"using":"css selector","value":"#shell-header-logo"}
COMMAND: POST /session/ff0536b58743eaf2c437238d004892b9/element/f.BB3617BF1549F1B1531810C266B34E3A.d.30B386FC0300EE36C624E614848C7E15.e.12747/click - {}
RESULT: {}
COMMAND: GET /session/ff0536b58743eaf2c437238d004892b9/screenshot - {}
RESULT: {}
]]></system-out>
    </testcase>
    <testcase classname="chrome.136_0_7103_93.windows.Create_master_data_for_mixed_billing_&amp;_do_billing_calculation_US151661" name="Should create a few performance documents" time="100.812">
      <system-out><![CDATA[
COMMAND: POST /session/ff0536b58743eaf2c437238d004892b9/execute/async - {"script":"<script> [1562 bytes]","args":[{"selector":{"controlType":"sap.m.GenericTile","properties":{"header":"Manage States & Performance"}},"wdio_ui5_key":"sapm.GenericTile{\"header\":\"Manage States & Performance\"}"}]}
RESULT: {"script":"<script> [1562 bytes]","args":[{"selector":{"controlType":"sap.m.GenericTile","properties":{"header":"Manage States & Performance"}},"wdio_ui5_key":"sapm.GenericTile{\"header\":\"Manage States & Performance\"}"}]}
RESULT: undefined
COMMAND: POST /session/ff0536b58743eaf2c437238d004892b9/element - {"using":"xpath","value":"//*[@id=\"__tile96\"]"}
RESULT: {"using":"xpath","value":"//*[@id=\"__tile96\"]"}
COMMAND: POST /session/ff0536b58743eaf2c437238d004892b9/element/f.BB3617BF1549F1B1531810C266B34E3A.d.30B386FC0300EE36C624E614848C7E15.e.8990/click - {}
RESULT: {}
COMMAND: GET /session/ff0536b58743eaf2c437238d004892b9/screenshot - {}
RESULT: {}
COMMAND: POST /session/ff0536b58743eaf2c437238d004892b9/elements - {"using":"xpath","value":"//span[text()='Error']"}
RESULT: {"using":"xpath","value":"//span[text()='Error']"}
COMMAND: POST /session/ff0536b58743eaf2c437238d004892b9/execute/async - {"script":"<script> [1562 bytes]","args":[{"selector":{"id":"application-managestatesandperformance-display-component---stateAndPerform--smartFilterBarResources-btnBasicSearch","interaction":{"idSuffix":"I"}},"wdio_ui5_key":"applicationmanagestatesandperformance-display-component---stateAndPerform--smartFilterBarResources-btnBasicSearch"}]}
RESULT: {"script":"<script> [1562 bytes]","args":[{"selector":{"id":"application-managestatesandperformance-display-component---stateAndPerform--smartFilterBarResources-btnBasicSearch","interaction":{"idSuffix":"I"}},"wdio_ui5_key":"applicationmanagestatesandperformance-display-component---stateAndPerform--smartFilterBarResources-btnBasicSearch"}]}
RESULT: undefined
COMMAND: POST /session/ff0536b58743eaf2c437238d004892b9/execute/async - {"script":"<script> [776 bytes]","args":[{"enterText":"ny32YaClra","selector":{"id":"application-managestatesandperformance-display-component---stateAndPerform--smartFilterBarResources-btnBasicSearch","interaction":{"idSuffix":"I"}},"clearTextFirst":true,"interactionType":"ENTER_TEXT"}]}
RESULT: {"script":"<script> [776 bytes]","args":[{"enterText":"ny32YaClra","selector":{"id":"application-managestatesandperformance-display-component---stateAndPerform--smartFilterBarResources-btnBasicSearch","interaction":{"idSuffix":"I"}},"clearTextFirst":true,"interactionType":"ENTER_TEXT"}]}
COMMAND: POST /session/ff0536b58743eaf2c437238d004892b9/actions - {"actions":[{"id":"action47","type":"key","parameters":{},"actions":[{"type":"keyDown","value":"î€‡"},{"type":"pause","duration":10},{"type":"keyUp","value":"î€‡"}]}]}
RESULT: {"actions":[{"id":"action47","type":"key","parameters":{},"actions":[{"type":"keyDown","value":"î€‡"},{"type":"pause","duration":10},{"type":"keyUp","value":"î€‡"}]}]}
COMMAND: GET /session/ff0536b58743eaf2c437238d004892b9/screenshot - {}
RESULT: {}
COMMAND: POST /session/ff0536b58743eaf2c437238d004892b9/execute/async - {"script":"<script> [1562 bytes]","args":[{"selector":{"id":"application-managestatesandperformance-display-component---stateAndPerform--stateAndPerformResourcesSmartTable-header"},"wdio_ui5_key":"applicationmanagestatesandperformance-display-component---stateAndPerform--stateAndPerformResourcesSmartTable-header"}]}
RESULT: {"script":"<script> [1562 bytes]","args":[{"selector":{"id":"application-managestatesandperformance-display-component---stateAndPerform--stateAndPerformResourcesSmartTable-header"},"wdio_ui5_key":"applicationmanagestatesandperformance-display-component---stateAndPerform--stateAndPerformResourcesSmartTable-header"}]}
RESULT: undefined
COMMAND: POST /session/ff0536b58743eaf2c437238d004892b9/execute/async - {"script":"<script> [6424 bytes]","args":[{"element-6066-11e4-a52e-4f735466cecf":"f.BB3617BF1549F1B1531810C266B34E3A.d.30B386FC0300EE36C624E614848C7E15.e.14112"},"getText",[]]}
RESULT: {"script":"<script> [6424 bytes]","args":[{"element-6066-11e4-a52e-4f735466cecf":"f.BB3617BF1549F1B1531810C266B34E3A.d.30B386FC0300EE36C624E614848C7E15.e.14112"},"getText",[]]}
COMMAND: POST /session/ff0536b58743eaf2c437238d004892b9/execute/async - {"script":"<script> [1562 bytes]","args":[{"selector":{"controlType":"sap.ui.core.Icon","viewName":"etm.portal.ui.managestatesandperformance.view.Master","viewId":"application-managestatesandperformance-display-component---stateAndPerform","properties":{"src":{"regex":{"source":"slim\\-arrow\\-right"}}}},"wdio_ui5_key":"etmportal.ui.managestatesandperformance.view.Mastersap.ui.core.Icon{\"src\":{\"regex\":{\"source\":\"slim\\\\-arrow\\\\-right\"}}}"}]}
RESULT: {"script":"<script> [1562 bytes]","args":[{"selector":{"controlType":"sap.ui.core.Icon","viewName":"etm.portal.ui.managestatesandperformance.view.Master","viewId":"application-managestatesandperformance-display-component---stateAndPerform","properties":{"src":{"regex":{"source":"slim\\-arrow\\-right"}}}},"wdio_ui5_key":"etmportal.ui.managestatesandperformance.view.Mastersap.ui.core.Icon{\"src\":{\"regex\":{\"source\":\"slim\\\\-arrow\\\\-right\"}}}"}]}
RESULT: undefined
COMMAND: POST /session/ff0536b58743eaf2c437238d004892b9/element - {"using":"xpath","value":"//*[@id=\"__item2359-__clone9417-imgNav\"]"}
RESULT: {"using":"xpath","value":"//*[@id=\"__item2359-__clone9417-imgNav\"]"}
COMMAND: POST /session/ff0536b58743eaf2c437238d004892b9/element/f.BB3617BF1549F1B1531810C266B34E3A.d.30B386FC0300EE36C624E614848C7E15.e.14111/click - {}
RESULT: {}
COMMAND: GET /session/ff0536b58743eaf2c437238d004892b9/screenshot - {}
RESULT: {}
COMMAND: POST /session/ff0536b58743eaf2c437238d004892b9/execute/async - {"script":"<script> [1562 bytes]","args":[{"selector":{"controlType":"sap.m.Button","viewName":"etm.portal.ui.managestatesandperformance.view.Detail","viewId":"application-managestatesandperformance-display-component---detailStateAndPerform","properties":{"text":"Performance Documents"}},"wdio_ui5_key":"etmportal.ui.managestatesandperformance.view.Detailsap.m.Button{\"text\":\"Performance Documents\"}"}]}
RESULT: {"script":"<script> [1562 bytes]","args":[{"selector":{"controlType":"sap.m.Button","viewName":"etm.portal.ui.managestatesandperformance.view.Detail","viewId":"application-managestatesandperformance-display-component---detailStateAndPerform","properties":{"text":"Performance Documents"}},"wdio_ui5_key":"etmportal.ui.managestatesandperformance.view.Detailsap.m.Button{\"text\":\"Performance Documents\"}"}]}
RESULT: undefined
COMMAND: POST /session/ff0536b58743eaf2c437238d004892b9/element - {"using":"xpath","value":"//*[@id=\"__item2382-button\"]"}
RESULT: {"using":"xpath","value":"//*[@id=\"__item2382-button\"]"}
COMMAND: POST /session/ff0536b58743eaf2c437238d004892b9/element/f.BB3617BF1549F1B1531810C266B34E3A.d.30B386FC0300EE36C624E614848C7E15.e.14159/click - {}
RESULT: {}
COMMAND: POST /session/ff0536b58743eaf2c437238d004892b9/execute/async - {"script":"<script> [1562 bytes]","args":[{"selector":{"controlType":"sap.m.Button","viewName":"etm.portal.ui.managestatesandperformance.view.Detail","viewId":"application-managestatesandperformance-display-component---detailStateAndPerform","i18NText":{"propertyName":"text","key":"createPerformanceDoc"},"interaction":{"idSuffix":"BDI-content"}},"wdio_ui5_key":"etmportal.ui.managestatesandperformance.view.Detailsap.m.Button{\"propertyName\":\"text\",\"key\":\"createPerformanceDoc\"}"}]}
COMMAND: GET /session/ff0536b58743eaf2c437238d004892b9/screenshot - {}
RESULT: {}
RESULT: {"script":"<script> [1562 bytes]","args":[{"selector":{"controlType":"sap.m.Button","viewName":"etm.portal.ui.managestatesandperformance.view.Detail","viewId":"application-managestatesandperformance-display-component---detailStateAndPerform","i18NText":{"propertyName":"text","key":"createPerformanceDoc"},"interaction":{"idSuffix":"BDI-content"}},"wdio_ui5_key":"etmportal.ui.managestatesandperformance.view.Detailsap.m.Button{\"propertyName\":\"text\",\"key\":\"createPerformanceDoc\"}"}]}
RESULT: undefined
COMMAND: POST /session/ff0536b58743eaf2c437238d004892b9/element - {"using":"xpath","value":"//*[@id=\"__button349\"]"}
RESULT: {"using":"xpath","value":"//*[@id=\"__button349\"]"}
COMMAND: POST /session/ff0536b58743eaf2c437238d004892b9/element/f.BB3617BF1549F1B1531810C266B34E3A.d.30B386FC0300EE36C624E614848C7E15.e.14162/click - {}
RESULT: {}
COMMAND: POST /session/ff0536b58743eaf2c437238d004892b9/execute/async - {"script":"<script> [1562 bytes]","args":[{"selector":{"id":"application-managestatesandperformance-display-component---detailStateAndPerform--perfDocDatePicker","searchOpenDialogs":true,"interaction":{"idSuffix":"inner"}},"wdio_ui5_key":"applicationmanagestatesandperformance-display-component---detailStateAndPerform--perfDocDatePicker"}]}
COMMAND: GET /session/ff0536b58743eaf2c437238d004892b9/screenshot - {}
RESULT: {"script":"<script> [1562 bytes]","args":[{"selector":{"id":"application-managestatesandperformance-display-component---detailStateAndPerform--perfDocDatePicker","searchOpenDialogs":true,"interaction":{"idSuffix":"inner"}},"wdio_ui5_key":"applicationmanagestatesandperformance-display-component---detailStateAndPerform--perfDocDatePicker"}]}
RESULT: undefined
COMMAND: POST /session/ff0536b58743eaf2c437238d004892b9/execute/async - {"script":"<script> [776 bytes]","args":[{"enterText":"5/17/25","selector":{"id":"application-managestatesandperformance-display-component---detailStateAndPerform--perfDocDatePicker","searchOpenDialogs":true,"interaction":{"idSuffix":"inner"}},"clearTextFirst":true,"interactionType":"ENTER_TEXT"}]}
RESULT: {}
RESULT: {"script":"<script> [776 bytes]","args":[{"enterText":"5/17/25","selector":{"id":"application-managestatesandperformance-display-component---detailStateAndPerform--perfDocDatePicker","searchOpenDialogs":true,"interaction":{"idSuffix":"inner"}},"clearTextFirst":true,"interactionType":"ENTER_TEXT"}]}
COMMAND: POST /session/ff0536b58743eaf2c437238d004892b9/execute/async - {"script":"<script> [1562 bytes]","args":[{"selector":{"id":"application-managestatesandperformance-display-component---detailStateAndPerform--counterValue-input","searchOpenDialogs":true,"interaction":{"idSuffix":"inner"}},"wdio_ui5_key":"applicationmanagestatesandperformance-display-component---detailStateAndPerform--counterValue-input"}]}
RESULT: {"script":"<script> [1562 bytes]","args":[{"selector":{"id":"application-managestatesandperformance-display-component---detailStateAndPerform--counterValue-input","searchOpenDialogs":true,"interaction":{"idSuffix":"inner"}},"wdio_ui5_key":"applicationmanagestatesandperformance-display-component---detailStateAndPerform--counterValue-input"}]}
RESULT: undefined
COMMAND: POST /session/ff0536b58743eaf2c437238d004892b9/execute/async - {"script":"<script> [776 bytes]","args":[{"enterText":"15.00","selector":{"id":"application-managestatesandperformance-display-component---detailStateAndPerform--counterValue-input","searchOpenDialogs":true,"interaction":{"idSuffix":"inner"}},"clearTextFirst":true,"interactionType":"ENTER_TEXT"}]}
RESULT: {"script":"<script> [776 bytes]","args":[{"enterText":"15.00","selector":{"id":"application-managestatesandperformance-display-component---detailStateAndPerform--counterValue-input","searchOpenDialogs":true,"interaction":{"idSuffix":"inner"}},"clearTextFirst":true,"interactionType":"ENTER_TEXT"}]}
COMMAND: POST /session/ff0536b58743eaf2c437238d004892b9/execute/async - {"script":"<script> [1562 bytes]","args":[{"selector":{"controlType":"sap.m.Button","viewName":"etm.portal.ui.managestatesandperformance.view.Detail","viewId":"application-managestatesandperformance-display-component---detailStateAndPerform","bindingPath":{"path":"","propertyPath":"/allowAddEdit","modelName":"oScreenModel"},"searchOpenDialogs":true,"interaction":{"idSuffix":"BDI-content"}},"wdio_ui5_key":"etmportal.ui.managestatesandperformance.view.Detailsap.m.Button{\"path\":\"\",\"propertyPath\":\"/allowAddEdit\",\"modelName\":\"oScreenModel\"}"}]}
RESULT: {"script":"<script> [1562 bytes]","args":[{"selector":{"controlType":"sap.m.Button","viewName":"etm.portal.ui.managestatesandperformance.view.Detail","viewId":"application-managestatesandperformance-display-component---detailStateAndPerform","bindingPath":{"path":"","propertyPath":"/allowAddEdit","modelName":"oScreenModel"},"searchOpenDialogs":true,"interaction":{"idSuffix":"BDI-content"}},"wdio_ui5_key":"etmportal.ui.managestatesandperformance.view.Detailsap.m.Button{\"path\":\"\",\"propertyPath\":\"/allowAddEdit\",\"modelName\":\"oScreenModel\"}"}]}
RESULT: undefined
COMMAND: POST /session/ff0536b58743eaf2c437238d004892b9/element - {"using":"xpath","value":"//*[@id=\"__button356\"]"}
RESULT: {"using":"xpath","value":"//*[@id=\"__button356\"]"}
COMMAND: POST /session/ff0536b58743eaf2c437238d004892b9/element/f.BB3617BF1549F1B1531810C266B34E3A.d.30B386FC0300EE36C624E614848C7E15.e.14182/click - {}
RESULT: {}
RESULT: undefined
COMMAND: POST /session/ff0536b58743eaf2c437238d004892b9/element - {"using":"xpath","value":"//*[@id=\"__button349\"]"}
COMMAND: GET /session/ff0536b58743eaf2c437238d004892b9/screenshot - {}
RESULT: {"using":"xpath","value":"//*[@id=\"__button349\"]"}
COMMAND: POST /session/ff0536b58743eaf2c437238d004892b9/element/f.BB3617BF1549F1B1531810C266B34E3A.d.30B386FC0300EE36C624E614848C7E15.e.14162/click - {}
RESULT: {}
RESULT: {}
RESULT: undefined
COMMAND: POST /session/ff0536b58743eaf2c437238d004892b9/execute/async - {"script":"<script> [776 bytes]","args":[{"enterText":"5/21/25","selector":{"id":"application-managestatesandperformance-display-component---detailStateAndPerform--perfDocDatePicker","searchOpenDialogs":true,"interaction":{"idSuffix":"inner"}},"clearTextFirst":true,"interactionType":"ENTER_TEXT"}]}
COMMAND: GET /session/ff0536b58743eaf2c437238d004892b9/screenshot - {}
RESULT: {"script":"<script> [776 bytes]","args":[{"enterText":"5/21/25","selector":{"id":"application-managestatesandperformance-display-component---detailStateAndPerform--perfDocDatePicker","searchOpenDialogs":true,"interaction":{"idSuffix":"inner"}},"clearTextFirst":true,"interactionType":"ENTER_TEXT"}]}
RESULT: undefined
COMMAND: POST /session/ff0536b58743eaf2c437238d004892b9/execute/async - {"script":"<script> [776 bytes]","args":[{"enterText":"20.00","selector":{"id":"application-managestatesandperformance-display-component---detailStateAndPerform--counterValue-input","searchOpenDialogs":true,"interaction":{"idSuffix":"inner"}},"clearTextFirst":true,"interactionType":"ENTER_TEXT"}]}
RESULT: {}
RESULT: {"script":"<script> [776 bytes]","args":[{"enterText":"20.00","selector":{"id":"application-managestatesandperformance-display-component---detailStateAndPerform--counterValue-input","searchOpenDialogs":true,"interaction":{"idSuffix":"inner"}},"clearTextFirst":true,"interactionType":"ENTER_TEXT"}]}
COMMAND: POST /session/ff0536b58743eaf2c437238d004892b9/actions - {"actions":[{"id":"action48","type":"key","parameters":{},"actions":[{"type":"keyDown","value":"î€„"},{"type":"keyDown","value":"î€„"},{"type":"pause","duration":10},{"type":"keyUp","value":"î€„"},{"type":"keyUp","value":"î€„"}]}]}
RESULT: {"actions":[{"id":"action48","type":"key","parameters":{},"actions":[{"type":"keyDown","value":"î€„"},{"type":"keyDown","value":"î€„"},{"type":"pause","duration":10},{"type":"keyUp","value":"î€„"},{"type":"keyUp","value":"î€„"}]}]}
COMMAND: POST /session/ff0536b58743eaf2c437238d004892b9/actions - {"actions":[{"id":"action49","type":"key","parameters":{},"actions":[{"type":"keyDown","value":"î€‡"},{"type":"pause","duration":10},{"type":"keyUp","value":"î€‡"}]}]}
COMMAND: GET /session/ff0536b58743eaf2c437238d004892b9/screenshot - {}
RESULT: {"actions":[{"id":"action49","type":"key","parameters":{},"actions":[{"type":"keyDown","value":"î€‡"},{"type":"pause","duration":10},{"type":"keyUp","value":"î€‡"}]}]}
RESULT: undefined
COMMAND: POST /session/ff0536b58743eaf2c437238d004892b9/element - {"using":"xpath","value":"//*[@id=\"__button356\"]"}
COMMAND: GET /session/ff0536b58743eaf2c437238d004892b9/screenshot - {}
RESULT: {}
RESULT: {"using":"xpath","value":"//*[@id=\"__button356\"]"}
COMMAND: POST /session/ff0536b58743eaf2c437238d004892b9/elements - {"using":"xpath","value":"//*[@id=\"__button356\"]"}
RESULT: {}
RESULT: {"using":"xpath","value":"//*[@id=\"__button356\"]"}
COMMAND: POST /session/ff0536b58743eaf2c437238d004892b9/elements - {"using":"xpath","value":"//*[@id=\"__button356\"]"}
RESULT: {"using":"xpath","value":"//*[@id=\"__button356\"]"}
COMMAND: POST /session/ff0536b58743eaf2c437238d004892b9/elements - {"using":"xpath","value":"//*[@id=\"__button356\"]"}
RESULT: {"using":"xpath","value":"//*[@id=\"__button356\"]"}
COMMAND: POST /session/ff0536b58743eaf2c437238d004892b9/elements - {"using":"xpath","value":"//*[@id=\"__button356\"]"}
RESULT: {"using":"xpath","value":"//*[@id=\"__button356\"]"}
COMMAND: POST /session/ff0536b58743eaf2c437238d004892b9/elements - {"using":"xpath","value":"//*[@id=\"__button356\"]"}
RESULT: {"using":"xpath","value":"//*[@id=\"__button356\"]"}
COMMAND: POST /session/ff0536b58743eaf2c437238d004892b9/elements - {"using":"xpath","value":"//*[@id=\"__button356\"]"}
RESULT: {"using":"xpath","value":"//*[@id=\"__button356\"]"}
COMMAND: POST /session/ff0536b58743eaf2c437238d004892b9/elements - {"using":"xpath","value":"//*[@id=\"__button356\"]"}
RESULT: {"using":"xpath","value":"//*[@id=\"__button356\"]"}
COMMAND: POST /session/ff0536b58743eaf2c437238d004892b9/elements - {"using":"xpath","value":"//*[@id=\"__button356\"]"}
RESULT: {"using":"xpath","value":"//*[@id=\"__button356\"]"}
COMMAND: POST /session/ff0536b58743eaf2c437238d004892b9/elements - {"using":"xpath","value":"//*[@id=\"__button356\"]"}
RESULT: {"using":"xpath","value":"//*[@id=\"__button356\"]"}
COMMAND: POST /session/ff0536b58743eaf2c437238d004892b9/elements - {"using":"xpath","value":"//*[@id=\"__button356\"]"}
RESULT: {"using":"xpath","value":"//*[@id=\"__button356\"]"}
COMMAND: POST /session/ff0536b58743eaf2c437238d004892b9/elements - {"using":"xpath","value":"//*[@id=\"__button356\"]"}
RESULT: {"using":"xpath","value":"//*[@id=\"__button356\"]"}
COMMAND: POST /session/ff0536b58743eaf2c437238d004892b9/elements - {"using":"xpath","value":"//*[@id=\"__button356\"]"}
RESULT: {"using":"xpath","value":"//*[@id=\"__button356\"]"}
COMMAND: POST /session/ff0536b58743eaf2c437238d004892b9/elements - {"using":"xpath","value":"//*[@id=\"__button356\"]"}
RESULT: {"using":"xpath","value":"//*[@id=\"__button356\"]"}
COMMAND: POST /session/ff0536b58743eaf2c437238d004892b9/elements - {"using":"xpath","value":"//*[@id=\"__button356\"]"}
RESULT: {"using":"xpath","value":"//*[@id=\"__button356\"]"}
COMMAND: POST /session/ff0536b58743eaf2c437238d004892b9/elements - {"using":"xpath","value":"//*[@id=\"__button356\"]"}
RESULT: {"using":"xpath","value":"//*[@id=\"__button356\"]"}
COMMAND: POST /session/ff0536b58743eaf2c437238d004892b9/elements - {"using":"xpath","value":"//*[@id=\"__button356\"]"}
RESULT: {"using":"xpath","value":"//*[@id=\"__button356\"]"}
COMMAND: POST /session/ff0536b58743eaf2c437238d004892b9/elements - {"using":"xpath","value":"//*[@id=\"__button356\"]"}
RESULT: {"using":"xpath","value":"//*[@id=\"__button356\"]"}
COMMAND: POST /session/ff0536b58743eaf2c437238d004892b9/elements - {"using":"xpath","value":"//*[@id=\"__button356\"]"}
RESULT: {"using":"xpath","value":"//*[@id=\"__button356\"]"}
COMMAND: POST /session/ff0536b58743eaf2c437238d004892b9/elements - {"using":"xpath","value":"//*[@id=\"__button356\"]"}
RESULT: {"using":"xpath","value":"//*[@id=\"__button356\"]"}
COMMAND: POST /session/ff0536b58743eaf2c437238d004892b9/elements - {"using":"xpath","value":"//*[@id=\"__button356\"]"}
RESULT: {"using":"xpath","value":"//*[@id=\"__button356\"]"}
COMMAND: POST /session/ff0536b58743eaf2c437238d004892b9/elements - {"using":"xpath","value":"//*[@id=\"__button356\"]"}
RESULT: {"using":"xpath","value":"//*[@id=\"__button356\"]"}
COMMAND: POST /session/ff0536b58743eaf2c437238d004892b9/elements - {"using":"xpath","value":"//*[@id=\"__button356\"]"}
RESULT: {"using":"xpath","value":"//*[@id=\"__button356\"]"}
COMMAND: POST /session/ff0536b58743eaf2c437238d004892b9/elements - {"using":"xpath","value":"//*[@id=\"__button356\"]"}
RESULT: {"using":"xpath","value":"//*[@id=\"__button356\"]"}
COMMAND: POST /session/ff0536b58743eaf2c437238d004892b9/elements - {"using":"xpath","value":"//*[@id=\"__button356\"]"}
RESULT: {"using":"xpath","value":"//*[@id=\"__button356\"]"}
COMMAND: POST /session/ff0536b58743eaf2c437238d004892b9/elements - {"using":"xpath","value":"//*[@id=\"__button356\"]"}
RESULT: {"using":"xpath","value":"//*[@id=\"__button356\"]"}
COMMAND: POST /session/ff0536b58743eaf2c437238d004892b9/elements - {"using":"xpath","value":"//*[@id=\"__button356\"]"}
RESULT: {"using":"xpath","value":"//*[@id=\"__button356\"]"}
COMMAND: POST /session/ff0536b58743eaf2c437238d004892b9/elements - {"using":"xpath","value":"//*[@id=\"__button356\"]"}
RESULT: {"using":"xpath","value":"//*[@id=\"__button356\"]"}
COMMAND: POST /session/ff0536b58743eaf2c437238d004892b9/elements - {"using":"xpath","value":"//*[@id=\"__button356\"]"}
RESULT: {"using":"xpath","value":"//*[@id=\"__button356\"]"}
COMMAND: POST /session/ff0536b58743eaf2c437238d004892b9/elements - {"using":"xpath","value":"//*[@id=\"__button356\"]"}
RESULT: {"using":"xpath","value":"//*[@id=\"__button356\"]"}
COMMAND: POST /session/ff0536b58743eaf2c437238d004892b9/elements - {"using":"xpath","value":"//*[@id=\"__button356\"]"}
RESULT: {"using":"xpath","value":"//*[@id=\"__button356\"]"}
COMMAND: POST /session/ff0536b58743eaf2c437238d004892b9/elements - {"using":"xpath","value":"//*[@id=\"__button356\"]"}
RESULT: {"using":"xpath","value":"//*[@id=\"__button356\"]"}
COMMAND: POST /session/ff0536b58743eaf2c437238d004892b9/elements - {"using":"xpath","value":"//*[@id=\"__button356\"]"}
RESULT: {"using":"xpath","value":"//*[@id=\"__button356\"]"}
COMMAND: POST /session/ff0536b58743eaf2c437238d004892b9/elements - {"using":"xpath","value":"//*[@id=\"__button356\"]"}
RESULT: {"using":"xpath","value":"//*[@id=\"__button356\"]"}
COMMAND: POST /session/ff0536b58743eaf2c437238d004892b9/elements - {"using":"xpath","value":"//*[@id=\"__button356\"]"}
RESULT: {"using":"xpath","value":"//*[@id=\"__button356\"]"}
COMMAND: POST /session/ff0536b58743eaf2c437238d004892b9/elements - {"using":"xpath","value":"//*[@id=\"__button356\"]"}
RESULT: {"using":"xpath","value":"//*[@id=\"__button356\"]"}
COMMAND: POST /session/ff0536b58743eaf2c437238d004892b9/elements - {"using":"xpath","value":"//*[@id=\"__button356\"]"}
RESULT: {"using":"xpath","value":"//*[@id=\"__button356\"]"}
COMMAND: POST /session/ff0536b58743eaf2c437238d004892b9/elements - {"using":"xpath","value":"//*[@id=\"__button356\"]"}
RESULT: {"using":"xpath","value":"//*[@id=\"__button356\"]"}
COMMAND: POST /session/ff0536b58743eaf2c437238d004892b9/elements - {"using":"xpath","value":"//*[@id=\"__button356\"]"}
RESULT: {"using":"xpath","value":"//*[@id=\"__button356\"]"}
COMMAND: POST /session/ff0536b58743eaf2c437238d004892b9/elements - {"using":"xpath","value":"//*[@id=\"__button356\"]"}
RESULT: {"using":"xpath","value":"//*[@id=\"__button356\"]"}
COMMAND: POST /session/ff0536b58743eaf2c437238d004892b9/elements - {"using":"xpath","value":"//*[@id=\"__button356\"]"}
RESULT: {"using":"xpath","value":"//*[@id=\"__button356\"]"}
COMMAND: POST /session/ff0536b58743eaf2c437238d004892b9/elements - {"using":"xpath","value":"//*[@id=\"__button356\"]"}
RESULT: {"using":"xpath","value":"//*[@id=\"__button356\"]"}
COMMAND: POST /session/ff0536b58743eaf2c437238d004892b9/elements - {"using":"xpath","value":"//*[@id=\"__button356\"]"}
RESULT: {"using":"xpath","value":"//*[@id=\"__button356\"]"}
COMMAND: POST /session/ff0536b58743eaf2c437238d004892b9/elements - {"using":"xpath","value":"//*[@id=\"__button356\"]"}
RESULT: {"using":"xpath","value":"//*[@id=\"__button356\"]"}
COMMAND: POST /session/ff0536b58743eaf2c437238d004892b9/elements - {"using":"xpath","value":"//*[@id=\"__button356\"]"}
RESULT: {"using":"xpath","value":"//*[@id=\"__button356\"]"}
COMMAND: POST /session/ff0536b58743eaf2c437238d004892b9/elements - {"using":"xpath","value":"//*[@id=\"__button356\"]"}
RESULT: {"using":"xpath","value":"//*[@id=\"__button356\"]"}
COMMAND: POST /session/ff0536b58743eaf2c437238d004892b9/elements - {"using":"xpath","value":"//*[@id=\"__button356\"]"}
RESULT: {"using":"xpath","value":"//*[@id=\"__button356\"]"}
COMMAND: POST /session/ff0536b58743eaf2c437238d004892b9/elements - {"using":"xpath","value":"//*[@id=\"__button356\"]"}
RESULT: {"using":"xpath","value":"//*[@id=\"__button356\"]"}
COMMAND: POST /session/ff0536b58743eaf2c437238d004892b9/elements - {"using":"xpath","value":"//*[@id=\"__button356\"]"}
RESULT: {"using":"xpath","value":"//*[@id=\"__button356\"]"}
COMMAND: POST /session/ff0536b58743eaf2c437238d004892b9/elements - {"using":"xpath","value":"//*[@id=\"__button356\"]"}
RESULT: {"using":"xpath","value":"//*[@id=\"__button356\"]"}
COMMAND: POST /session/ff0536b58743eaf2c437238d004892b9/elements - {"using":"xpath","value":"//*[@id=\"__button356\"]"}
RESULT: {"using":"xpath","value":"//*[@id=\"__button356\"]"}
COMMAND: POST /session/ff0536b58743eaf2c437238d004892b9/elements - {"using":"xpath","value":"//*[@id=\"__button356\"]"}
RESULT: {"using":"xpath","value":"//*[@id=\"__button356\"]"}
COMMAND: POST /session/ff0536b58743eaf2c437238d004892b9/elements - {"using":"xpath","value":"//*[@id=\"__button356\"]"}
RESULT: {"using":"xpath","value":"//*[@id=\"__button356\"]"}
COMMAND: POST /session/ff0536b58743eaf2c437238d004892b9/elements - {"using":"xpath","value":"//*[@id=\"__button356\"]"}
RESULT: {"using":"xpath","value":"//*[@id=\"__button356\"]"}
COMMAND: POST /session/ff0536b58743eaf2c437238d004892b9/elements - {"using":"xpath","value":"//*[@id=\"__button356\"]"}
RESULT: {"using":"xpath","value":"//*[@id=\"__button356\"]"}
COMMAND: POST /session/ff0536b58743eaf2c437238d004892b9/elements - {"using":"xpath","value":"//*[@id=\"__button356\"]"}
RESULT: {"using":"xpath","value":"//*[@id=\"__button356\"]"}
COMMAND: POST /session/ff0536b58743eaf2c437238d004892b9/elements - {"using":"xpath","value":"//*[@id=\"__button356\"]"}
RESULT: {"using":"xpath","value":"//*[@id=\"__button356\"]"}
COMMAND: POST /session/ff0536b58743eaf2c437238d004892b9/elements - {"using":"xpath","value":"//*[@id=\"__button356\"]"}
RESULT: {"using":"xpath","value":"//*[@id=\"__button356\"]"}
COMMAND: POST /session/ff0536b58743eaf2c437238d004892b9/elements - {"using":"xpath","value":"//*[@id=\"__button356\"]"}
RESULT: {"using":"xpath","value":"//*[@id=\"__button356\"]"}
COMMAND: POST /session/ff0536b58743eaf2c437238d004892b9/elements - {"using":"xpath","value":"//*[@id=\"__button356\"]"}
RESULT: {"using":"xpath","value":"//*[@id=\"__button356\"]"}
COMMAND: POST /session/ff0536b58743eaf2c437238d004892b9/elements - {"using":"xpath","value":"//*[@id=\"__button356\"]"}
RESULT: {"using":"xpath","value":"//*[@id=\"__button356\"]"}
COMMAND: POST /session/ff0536b58743eaf2c437238d004892b9/elements - {"using":"xpath","value":"//*[@id=\"__button356\"]"}
RESULT: {"using":"xpath","value":"//*[@id=\"__button356\"]"}
COMMAND: POST /session/ff0536b58743eaf2c437238d004892b9/elements - {"using":"xpath","value":"//*[@id=\"__button356\"]"}
RESULT: {"using":"xpath","value":"//*[@id=\"__button356\"]"}
COMMAND: POST /session/ff0536b58743eaf2c437238d004892b9/elements - {"using":"xpath","value":"//*[@id=\"__button356\"]"}
RESULT: {"using":"xpath","value":"//*[@id=\"__button356\"]"}
COMMAND: POST /session/ff0536b58743eaf2c437238d004892b9/elements - {"using":"xpath","value":"//*[@id=\"__button356\"]"}
RESULT: {"using":"xpath","value":"//*[@id=\"__button356\"]"}
COMMAND: POST /session/ff0536b58743eaf2c437238d004892b9/elements - {"using":"xpath","value":"//*[@id=\"__button356\"]"}
RESULT: {"using":"xpath","value":"//*[@id=\"__button356\"]"}
COMMAND: POST /session/ff0536b58743eaf2c437238d004892b9/elements - {"using":"xpath","value":"//*[@id=\"__button356\"]"}
RESULT: {"using":"xpath","value":"//*[@id=\"__button356\"]"}
COMMAND: POST /session/ff0536b58743eaf2c437238d004892b9/elements - {"using":"xpath","value":"//*[@id=\"__button356\"]"}
RESULT: {"using":"xpath","value":"//*[@id=\"__button356\"]"}
COMMAND: POST /session/ff0536b58743eaf2c437238d004892b9/elements - {"using":"xpath","value":"//*[@id=\"__button356\"]"}
RESULT: {"using":"xpath","value":"//*[@id=\"__button356\"]"}
COMMAND: POST /session/ff0536b58743eaf2c437238d004892b9/elements - {"using":"xpath","value":"//*[@id=\"__button356\"]"}
RESULT: {"using":"xpath","value":"//*[@id=\"__button356\"]"}
COMMAND: POST /session/ff0536b58743eaf2c437238d004892b9/elements - {"using":"xpath","value":"//*[@id=\"__button356\"]"}
RESULT: {"using":"xpath","value":"//*[@id=\"__button356\"]"}
COMMAND: POST /session/ff0536b58743eaf2c437238d004892b9/elements - {"using":"xpath","value":"//*[@id=\"__button356\"]"}
RESULT: {"using":"xpath","value":"//*[@id=\"__button356\"]"}
COMMAND: POST /session/ff0536b58743eaf2c437238d004892b9/elements - {"using":"xpath","value":"//*[@id=\"__button356\"]"}
RESULT: {"using":"xpath","value":"//*[@id=\"__button356\"]"}
COMMAND: POST /session/ff0536b58743eaf2c437238d004892b9/elements - {"using":"xpath","value":"//*[@id=\"__button356\"]"}
RESULT: {"using":"xpath","value":"//*[@id=\"__button356\"]"}
COMMAND: POST /session/ff0536b58743eaf2c437238d004892b9/elements - {"using":"xpath","value":"//*[@id=\"__button356\"]"}
RESULT: {"using":"xpath","value":"//*[@id=\"__button356\"]"}
COMMAND: POST /session/ff0536b58743eaf2c437238d004892b9/elements - {"using":"xpath","value":"//*[@id=\"__button356\"]"}
RESULT: {"using":"xpath","value":"//*[@id=\"__button356\"]"}
COMMAND: POST /session/ff0536b58743eaf2c437238d004892b9/elements - {"using":"xpath","value":"//*[@id=\"__button356\"]"}
RESULT: {"using":"xpath","value":"//*[@id=\"__button356\"]"}
COMMAND: POST /session/ff0536b58743eaf2c437238d004892b9/elements - {"using":"xpath","value":"//*[@id=\"__button356\"]"}
RESULT: {"using":"xpath","value":"//*[@id=\"__button356\"]"}
COMMAND: POST /session/ff0536b58743eaf2c437238d004892b9/elements - {"using":"xpath","value":"//*[@id=\"__button356\"]"}
RESULT: {"using":"xpath","value":"//*[@id=\"__button356\"]"}
COMMAND: POST /session/ff0536b58743eaf2c437238d004892b9/elements - {"using":"xpath","value":"//*[@id=\"__button356\"]"}
RESULT: {"using":"xpath","value":"//*[@id=\"__button356\"]"}
COMMAND: POST /session/ff0536b58743eaf2c437238d004892b9/elements - {"using":"xpath","value":"//*[@id=\"__button356\"]"}
RESULT: {"using":"xpath","value":"//*[@id=\"__button356\"]"}
COMMAND: POST /session/ff0536b58743eaf2c437238d004892b9/elements - {"using":"xpath","value":"//*[@id=\"__button356\"]"}
RESULT: {"using":"xpath","value":"//*[@id=\"__button356\"]"}
COMMAND: POST /session/ff0536b58743eaf2c437238d004892b9/elements - {"using":"xpath","value":"//*[@id=\"__button356\"]"}
RESULT: {"using":"xpath","value":"//*[@id=\"__button356\"]"}
COMMAND: POST /session/ff0536b58743eaf2c437238d004892b9/elements - {"using":"xpath","value":"//*[@id=\"__button356\"]"}
RESULT: {"using":"xpath","value":"//*[@id=\"__button356\"]"}
COMMAND: POST /session/ff0536b58743eaf2c437238d004892b9/elements - {"using":"xpath","value":"//*[@id=\"__button356\"]"}
RESULT: {"using":"xpath","value":"//*[@id=\"__button356\"]"}
COMMAND: POST /session/ff0536b58743eaf2c437238d004892b9/elements - {"using":"xpath","value":"//*[@id=\"__button356\"]"}
RESULT: {"using":"xpath","value":"//*[@id=\"__button356\"]"}
COMMAND: POST /session/ff0536b58743eaf2c437238d004892b9/elements - {"using":"xpath","value":"//*[@id=\"__button356\"]"}
RESULT: {"using":"xpath","value":"//*[@id=\"__button356\"]"}
COMMAND: POST /session/ff0536b58743eaf2c437238d004892b9/elements - {"using":"xpath","value":"//*[@id=\"__button356\"]"}
RESULT: {"using":"xpath","value":"//*[@id=\"__button356\"]"}
COMMAND: POST /session/ff0536b58743eaf2c437238d004892b9/elements - {"using":"xpath","value":"//*[@id=\"__button356\"]"}
RESULT: {"using":"xpath","value":"//*[@id=\"__button356\"]"}
COMMAND: POST /session/ff0536b58743eaf2c437238d004892b9/elements - {"using":"xpath","value":"//*[@id=\"__button356\"]"}
RESULT: {"using":"xpath","value":"//*[@id=\"__button356\"]"}
COMMAND: POST /session/ff0536b58743eaf2c437238d004892b9/elements - {"using":"xpath","value":"//*[@id=\"__button356\"]"}
RESULT: {"using":"xpath","value":"//*[@id=\"__button356\"]"}
COMMAND: POST /session/ff0536b58743eaf2c437238d004892b9/elements - {"using":"xpath","value":"//*[@id=\"__button356\"]"}
RESULT: {"using":"xpath","value":"//*[@id=\"__button356\"]"}
COMMAND: POST /session/ff0536b58743eaf2c437238d004892b9/elements - {"using":"xpath","value":"//*[@id=\"__button356\"]"}
RESULT: {"using":"xpath","value":"//*[@id=\"__button356\"]"}
COMMAND: POST /session/ff0536b58743eaf2c437238d004892b9/elements - {"using":"xpath","value":"//*[@id=\"__button356\"]"}
RESULT: {"using":"xpath","value":"//*[@id=\"__button356\"]"}
COMMAND: POST /session/ff0536b58743eaf2c437238d004892b9/elements - {"using":"xpath","value":"//*[@id=\"__button356\"]"}
RESULT: {"using":"xpath","value":"//*[@id=\"__button356\"]"}
COMMAND: POST /session/ff0536b58743eaf2c437238d004892b9/elements - {"using":"xpath","value":"//*[@id=\"__button356\"]"}
RESULT: {"using":"xpath","value":"//*[@id=\"__button356\"]"}
COMMAND: POST /session/ff0536b58743eaf2c437238d004892b9/elements - {"using":"xpath","value":"//*[@id=\"__button356\"]"}
RESULT: {"using":"xpath","value":"//*[@id=\"__button356\"]"}
COMMAND: POST /session/ff0536b58743eaf2c437238d004892b9/elements - {"using":"xpath","value":"//*[@id=\"__button356\"]"}
RESULT: {"using":"xpath","value":"//*[@id=\"__button356\"]"}
COMMAND: POST /session/ff0536b58743eaf2c437238d004892b9/elements - {"using":"xpath","value":"//*[@id=\"__button356\"]"}
RESULT: {"using":"xpath","value":"//*[@id=\"__button356\"]"}
COMMAND: POST /session/ff0536b58743eaf2c437238d004892b9/elements - {"using":"xpath","value":"//*[@id=\"__button356\"]"}
RESULT: {"using":"xpath","value":"//*[@id=\"__button356\"]"}
COMMAND: POST /session/ff0536b58743eaf2c437238d004892b9/elements - {"using":"xpath","value":"//*[@id=\"__button356\"]"}
RESULT: {"using":"xpath","value":"//*[@id=\"__button356\"]"}
COMMAND: POST /session/ff0536b58743eaf2c437238d004892b9/elements - {"using":"xpath","value":"//*[@id=\"__button356\"]"}
RESULT: {"using":"xpath","value":"//*[@id=\"__button356\"]"}
COMMAND: POST /session/ff0536b58743eaf2c437238d004892b9/elements - {"using":"xpath","value":"//*[@id=\"__button356\"]"}
RESULT: {"using":"xpath","value":"//*[@id=\"__button356\"]"}
COMMAND: POST /session/ff0536b58743eaf2c437238d004892b9/elements - {"using":"xpath","value":"//*[@id=\"__button356\"]"}
RESULT: {"using":"xpath","value":"//*[@id=\"__button356\"]"}
COMMAND: POST /session/ff0536b58743eaf2c437238d004892b9/elements - {"using":"xpath","value":"//*[@id=\"__button356\"]"}
RESULT: {"using":"xpath","value":"//*[@id=\"__button356\"]"}
COMMAND: POST /session/ff0536b58743eaf2c437238d004892b9/elements - {"using":"xpath","value":"//*[@id=\"__button356\"]"}
RESULT: {"using":"xpath","value":"//*[@id=\"__button356\"]"}
COMMAND: POST /session/ff0536b58743eaf2c437238d004892b9/elements - {"using":"xpath","value":"//*[@id=\"__button356\"]"}
RESULT: {"using":"xpath","value":"//*[@id=\"__button356\"]"}
COMMAND: POST /session/ff0536b58743eaf2c437238d004892b9/elements - {"using":"xpath","value":"//*[@id=\"__button356\"]"}
RESULT: {"using":"xpath","value":"//*[@id=\"__button356\"]"}
COMMAND: POST /session/ff0536b58743eaf2c437238d004892b9/elements - {"using":"xpath","value":"//*[@id=\"__button356\"]"}
RESULT: {"using":"xpath","value":"//*[@id=\"__button356\"]"}
COMMAND: POST /session/ff0536b58743eaf2c437238d004892b9/elements - {"using":"xpath","value":"//*[@id=\"__button356\"]"}
RESULT: {"using":"xpath","value":"//*[@id=\"__button356\"]"}
COMMAND: POST /session/ff0536b58743eaf2c437238d004892b9/elements - {"using":"xpath","value":"//*[@id=\"__button356\"]"}
RESULT: {"using":"xpath","value":"//*[@id=\"__button356\"]"}
COMMAND: POST /session/ff0536b58743eaf2c437238d004892b9/elements - {"using":"xpath","value":"//*[@id=\"__button356\"]"}
RESULT: {"using":"xpath","value":"//*[@id=\"__button356\"]"}
COMMAND: POST /session/ff0536b58743eaf2c437238d004892b9/elements - {"using":"xpath","value":"//*[@id=\"__button356\"]"}
RESULT: {"using":"xpath","value":"//*[@id=\"__button356\"]"}
COMMAND: POST /session/ff0536b58743eaf2c437238d004892b9/elements - {"using":"xpath","value":"//*[@id=\"__button356\"]"}
RESULT: {"using":"xpath","value":"//*[@id=\"__button356\"]"}
COMMAND: POST /session/ff0536b58743eaf2c437238d004892b9/elements - {"using":"xpath","value":"//*[@id=\"__button356\"]"}
RESULT: {"using":"xpath","value":"//*[@id=\"__button356\"]"}
COMMAND: POST /session/ff0536b58743eaf2c437238d004892b9/elements - {"using":"xpath","value":"//*[@id=\"__button356\"]"}
RESULT: {"using":"xpath","value":"//*[@id=\"__button356\"]"}
COMMAND: POST /session/ff0536b58743eaf2c437238d004892b9/elements - {"using":"xpath","value":"//*[@id=\"__button356\"]"}
RESULT: {"using":"xpath","value":"//*[@id=\"__button356\"]"}
COMMAND: POST /session/ff0536b58743eaf2c437238d004892b9/elements - {"using":"xpath","value":"//*[@id=\"__button356\"]"}
RESULT: {"using":"xpath","value":"//*[@id=\"__button356\"]"}
COMMAND: POST /session/ff0536b58743eaf2c437238d004892b9/elements - {"using":"xpath","value":"//*[@id=\"__button356\"]"}
RESULT: {"using":"xpath","value":"//*[@id=\"__button356\"]"}
COMMAND: POST /session/ff0536b58743eaf2c437238d004892b9/elements - {"using":"xpath","value":"//*[@id=\"__button356\"]"}
RESULT: {"using":"xpath","value":"//*[@id=\"__button356\"]"}
COMMAND: POST /session/ff0536b58743eaf2c437238d004892b9/elements - {"using":"xpath","value":"//*[@id=\"__button356\"]"}
RESULT: {"using":"xpath","value":"//*[@id=\"__button356\"]"}
COMMAND: POST /session/ff0536b58743eaf2c437238d004892b9/elements - {"using":"xpath","value":"//*[@id=\"__button356\"]"}
COMMAND: POST /session/ff0536b58743eaf2c437238d004892b9/element - {"using":"css selector","value":"#shell-header-logo"}
RESULT: {"using":"xpath","value":"//*[@id=\"__button356\"]"}
RESULT: {"using":"css selector","value":"#shell-header-logo"}
COMMAND: POST /session/ff0536b58743eaf2c437238d004892b9/execute/sync - {"script":"<script> [8489 bytes]","args":[{"element-6066-11e4-a52e-4f735466cecf":"f.BB3617BF1549F1B1531810C266B34E3A.d.30B386FC0300EE36C624E614848C7E15.e.14009","ELEMENT":"f.BB3617BF1549F1B1531810C266B34E3A.d.30B386FC0300EE36C624E614848C7E15.e.14009"}]}
RESULT: {"script":"<script> [8489 bytes]","args":[{"element-6066-11e4-a52e-4f735466cecf":"f.BB3617BF1549F1B1531810C266B34E3A.d.30B386FC0300EE36C624E614848C7E15.e.14009","ELEMENT":"f.BB3617BF1549F1B1531810C266B34E3A.d.30B386FC0300EE36C624E614848C7E15.e.14009"}]}
COMMAND: POST /session/ff0536b58743eaf2c437238d004892b9/execute/sync - {"script":"<script> [5351 bytes]","args":[{"element-6066-11e4-a52e-4f735466cecf":"f.BB3617BF1549F1B1531810C266B34E3A.d.30B386FC0300EE36C624E614848C7E15.e.14009","ELEMENT":"f.BB3617BF1549F1B1531810C266B34E3A.d.30B386FC0300EE36C624E614848C7E15.e.14009"}]}
COMMAND: GET /session/ff0536b58743eaf2c437238d004892b9/screenshot - {}
RESULT: {"script":"<script> [5351 bytes]","args":[{"element-6066-11e4-a52e-4f735466cecf":"f.BB3617BF1549F1B1531810C266B34E3A.d.30B386FC0300EE36C624E614848C7E15.e.14009","ELEMENT":"f.BB3617BF1549F1B1531810C266B34E3A.d.30B386FC0300EE36C624E614848C7E15.e.14009"}]}
COMMAND: POST /session/ff0536b58743eaf2c437238d004892b9/element/f.BB3617BF1549F1B1531810C266B34E3A.d.30B386FC0300EE36C624E614848C7E15.e.14009/click - {}
COMMAND: GET /session/ff0536b58743eaf2c437238d004892b9/screenshot - {}
RESULT: {}
RESULT: {}
]]></system-out>
    </testcase>
    <testcase classname="chrome.136_0_7103_93.windows.Create_master_data_for_mixed_billing_&amp;_do_billing_calculation_US151661" name="Should go to Manage Billings and trigger calculation check the conditions applied" time="60.251">
      <system-out><![CDATA[
COMMAND: GET /session/ff0536b58743eaf2c437238d004892b9/screenshot - {}
COMMAND: POST /session/ff0536b58743eaf2c437238d004892b9/execute/async - {"script":"<script> [1562 bytes]","args":[{"selector":{"controlType":"sap.m.GenericTile","properties":{"header":"Manage Billings"}},"wdio_ui5_key":"sapm.GenericTile{\"header\":\"Manage Billings\"}"}]}
RESULT: {}
RESULT: {}
RESULT: {"script":"<script> [1562 bytes]","args":[{"selector":{"controlType":"sap.m.GenericTile","properties":{"header":"Manage Billings"}},"wdio_ui5_key":"sapm.GenericTile{\"header\":\"Manage Billings\"}"}]}
RESULT: undefined
COMMAND: POST /session/ff0536b58743eaf2c437238d004892b9/element - {"using":"xpath","value":"//*[@id=\"__tile91\"]"}
RESULT: {"using":"xpath","value":"//*[@id=\"__tile91\"]"}
COMMAND: POST /session/ff0536b58743eaf2c437238d004892b9/element/f.BB3617BF1549F1B1531810C266B34E3A.d.30B386FC0300EE36C624E614848C7E15.e.8975/click - {}
RESULT: {}
COMMAND: GET /session/ff0536b58743eaf2c437238d004892b9/screenshot - {}
RESULT: {}
COMMAND: POST /session/ff0536b58743eaf2c437238d004892b9/elements - {"using":"xpath","value":"//span[text()='Error']"}
RESULT: {"using":"xpath","value":"//span[text()='Error']"}
COMMAND: POST /session/ff0536b58743eaf2c437238d004892b9/execute/async - {"script":"<script> [1562 bytes]","args":[{"selector":{"id":"application-managebillings-display-component---billRunCalcResult--smartFilterBar-btnBasicSearch","interaction":{"idSuffix":"I"}},"wdio_ui5_key":"applicationmanagebillings-display-component---billRunCalcResult--smartFilterBar-btnBasicSearch"}]}
RESULT: {"script":"<script> [1562 bytes]","args":[{"selector":{"id":"application-managebillings-display-component---billRunCalcResult--smartFilterBar-btnBasicSearch","interaction":{"idSuffix":"I"}},"wdio_ui5_key":"applicationmanagebillings-display-component---billRunCalcResult--smartFilterBar-btnBasicSearch"}]}
RESULT: undefined
COMMAND: POST /session/ff0536b58743eaf2c437238d004892b9/execute/async - {"script":"<script> [776 bytes]","args":[{"enterText":"10269","selector":{"id":"application-managebillings-display-component---billRunCalcResult--smartFilterBar-btnBasicSearch","interaction":{"idSuffix":"I"}},"clearTextFirst":true,"interactionType":"ENTER_TEXT"}]}
RESULT: {"script":"<script> [776 bytes]","args":[{"enterText":"10269","selector":{"id":"application-managebillings-display-component---billRunCalcResult--smartFilterBar-btnBasicSearch","interaction":{"idSuffix":"I"}},"clearTextFirst":true,"interactionType":"ENTER_TEXT"}]}
COMMAND: POST /session/ff0536b58743eaf2c437238d004892b9/actions - {"actions":[{"id":"action50","type":"key","parameters":{},"actions":[{"type":"keyDown","value":"î€‡"},{"type":"pause","duration":10},{"type":"keyUp","value":"î€‡"}]}]}
RESULT: {"actions":[{"id":"action50","type":"key","parameters":{},"actions":[{"type":"keyDown","value":"î€‡"},{"type":"pause","duration":10},{"type":"keyUp","value":"î€‡"}]}]}
COMMAND: GET /session/ff0536b58743eaf2c437238d004892b9/screenshot - {}
RESULT: {}
COMMAND: POST /session/ff0536b58743eaf2c437238d004892b9/element - {"using":"xpath","value":"//td[@aria-colindex=\"1\"]/div/div[contains(@class, \"sapMCbBg\")]"}
RESULT: {"using":"xpath","value":"//td[@aria-colindex=\"1\"]/div/div[contains(@class, \"sapMCbBg\")]"}
COMMAND: POST /session/ff0536b58743eaf2c437238d004892b9/element/f.BB3617BF1549F1B1531810C266B34E3A.d.30B386FC0300EE36C624E614848C7E15.e.14439/click - {}
RESULT: {}
COMMAND: GET /session/ff0536b58743eaf2c437238d004892b9/screenshot - {}
RESULT: {}
COMMAND: POST /session/ff0536b58743eaf2c437238d004892b9/execute/async - {"script":"<script> [1562 bytes]","args":[{"selector":{"id":"application-managebillings-display-component---billRunCalcResult--contractBillRunDate","interaction":{"idSuffix":"inner"}},"wdio_ui5_key":"applicationmanagebillings-display-component---billRunCalcResult--contractBillRunDate"}]}
RESULT: {"script":"<script> [1562 bytes]","args":[{"selector":{"id":"application-managebillings-display-component---billRunCalcResult--contractBillRunDate","interaction":{"idSuffix":"inner"}},"wdio_ui5_key":"applicationmanagebillings-display-component---billRunCalcResult--contractBillRunDate"}]}
RESULT: undefined
COMMAND: POST /session/ff0536b58743eaf2c437238d004892b9/execute/async - {"script":"<script> [776 bytes]","args":[{"enterText":"6/15/25","selector":{"id":"application-managebillings-display-component---billRunCalcResult--contractBillRunDate","interaction":{"idSuffix":"inner"}},"clearTextFirst":true,"interactionType":"ENTER_TEXT"}]}
RESULT: {"script":"<script> [776 bytes]","args":[{"enterText":"6/15/25","selector":{"id":"application-managebillings-display-component---billRunCalcResult--contractBillRunDate","interaction":{"idSuffix":"inner"}},"clearTextFirst":true,"interactionType":"ENTER_TEXT"}]}
COMMAND: POST /session/ff0536b58743eaf2c437238d004892b9/element - {"using":"xpath","value":"//bdi[contains(text(), \"Trigger Calculation\")]"}
RESULT: {"using":"xpath","value":"//bdi[contains(text(), \"Trigger Calculation\")]"}
COMMAND: POST /session/ff0536b58743eaf2c437238d004892b9/element/f.BB3617BF1549F1B1531810C266B34E3A.d.30B386FC0300EE36C624E614848C7E15.e.14461/click - {}
RESULT: {}
COMMAND: GET /session/ff0536b58743eaf2c437238d004892b9/screenshot - {}
RESULT: {}
COMMAND: POST /session/ff0536b58743eaf2c437238d004892b9/element - {"using":"xpath","value":"(//span[contains(@id, \"imgNav\")])[1]"}
RESULT: {"using":"xpath","value":"(//span[contains(@id, \"imgNav\")])[1]"}
COMMAND: POST /session/ff0536b58743eaf2c437238d004892b9/element/f.BB3617BF1549F1B1531810C266B34E3A.d.30B386FC0300EE36C624E614848C7E15.e.14453/click - {}
RESULT: {}
COMMAND: GET /session/ff0536b58743eaf2c437238d004892b9/screenshot - {}
RESULT: {}
COMMAND: POST /session/ff0536b58743eaf2c437238d004892b9/element - {"using":"xpath","value":"//tr/td[6]/div[1]/span[1]/span[1]"}
RESULT: {"using":"xpath","value":"//tr/td[6]/div[1]/span[1]/span[1]"}
COMMAND: GET /session/ff0536b58743eaf2c437238d004892b9/element/f.BB3617BF1549F1B1531810C266B34E3A.d.30B386FC0300EE36C624E614848C7E15.e.14466/text - {}
RESULT: {}
COMMAND: POST /session/ff0536b58743eaf2c437238d004892b9/element - {"using":"xpath","value":"(//span[contains(@id, \"imgNav\")])[2]"}
RESULT: {"using":"xpath","value":"(//span[contains(@id, \"imgNav\")])[2]"}
COMMAND: POST /session/ff0536b58743eaf2c437238d004892b9/element/f.BB3617BF1549F1B1531810C266B34E3A.d.30B386FC0300EE36C624E614848C7E15.e.14467/click - {}
RESULT: {}
COMMAND: POST /session/ff0536b58743eaf2c437238d004892b9/element - {"using":"xpath","value":"//bdi[contains(text(), \"Business Confirm\")]"}
COMMAND: GET /session/ff0536b58743eaf2c437238d004892b9/screenshot - {}
RESULT: {"using":"xpath","value":"//bdi[contains(text(), \"Business Confirm\")]"}
COMMAND: POST /session/ff0536b58743eaf2c437238d004892b9/elements - {"using":"xpath","value":"//bdi[contains(text(), \"Business Confirm\")]"}
RESULT: {}
RESULT: {"using":"xpath","value":"//bdi[contains(text(), \"Business Confirm\")]"}
COMMAND: POST /session/ff0536b58743eaf2c437238d004892b9/element - {"using":"xpath","value":"//bdi[contains(text(), \"Business Confirm\")]"}
RESULT: {"using":"xpath","value":"//bdi[contains(text(), \"Business Confirm\")]"}
COMMAND: POST /session/ff0536b58743eaf2c437238d004892b9/element/f.BB3617BF1549F1B1531810C266B34E3A.d.30B386FC0300EE36C624E614848C7E15.e.14517/click - {}
RESULT: {}
COMMAND: POST /session/ff0536b58743eaf2c437238d004892b9/element - {"using":"css selector","value":"#shell-header-logo"}
COMMAND: GET /session/ff0536b58743eaf2c437238d004892b9/screenshot - {}
RESULT: {"using":"css selector","value":"#shell-header-logo"}
COMMAND: POST /session/ff0536b58743eaf2c437238d004892b9/element/f.BB3617BF1549F1B1531810C266B34E3A.d.30B386FC0300EE36C624E614848C7E15.e.14203/click - {}
RESULT: {}
RESULT: {}
COMMAND: GET /session/ff0536b58743eaf2c437238d004892b9/screenshot - {}
RESULT: {}
COMMAND: POST /session/ff0536b58743eaf2c437238d004892b9/element - {"using":"css selector","value":"#j_username"}
COMMAND: POST /session/ff0536b58743eaf2c437238d004892b9/url - {"url":"https://qa-testing-00-live-etm-ui.cfapps.eu10-004.hana.ondemand.com/"}
RESULT: {"using":"css selector","value":"#j_username"}
COMMAND: POST /session/ff0536b58743eaf2c437238d004892b9/element - {"using":"css selector","value":"#j_username"}
RESULT: {"url":"https://qa-testing-00-live-etm-ui.cfapps.eu10-004.hana.ondemand.com/"}
RESULT: undefined
COMMAND: GET /session/ff0536b58743eaf2c437238d004892b9/screenshot - {}
RESULT: {"using":"css selector","value":"#j_username"}
COMMAND: POST /session/ff0536b58743eaf2c437238d004892b9/element - {"using":"css selector","value":"#shell-header-logo"}
RESULT: {}
RESULT: {"using":"css selector","value":"#shell-header-logo"}
COMMAND: POST /session/ff0536b58743eaf2c437238d004892b9/execute/sync - {"script":"<script> [8489 bytes]","args":[{"element-6066-11e4-a52e-4f735466cecf":"f.BB3617BF1549F1B1531810C266B34E3A.d.F8566723A4FFF3744348A510C79A551E.e.14536","ELEMENT":"f.BB3617BF1549F1B1531810C266B34E3A.d.F8566723A4FFF3744348A510C79A551E.e.14536"}]}
RESULT: {"script":"<script> [8489 bytes]","args":[{"element-6066-11e4-a52e-4f735466cecf":"f.BB3617BF1549F1B1531810C266B34E3A.d.F8566723A4FFF3744348A510C79A551E.e.14536","ELEMENT":"f.BB3617BF1549F1B1531810C266B34E3A.d.F8566723A4FFF3744348A510C79A551E.e.14536"}]}
COMMAND: POST /session/ff0536b58743eaf2c437238d004892b9/element - {"using":"css selector","value":"#shell-header-logo"}
COMMAND: GET /session/ff0536b58743eaf2c437238d004892b9/screenshot - {}
RESULT: {"using":"css selector","value":"#shell-header-logo"}
COMMAND: POST /session/ff0536b58743eaf2c437238d004892b9/execute/sync - {"script":"<script> [8489 bytes]","args":[{"element-6066-11e4-a52e-4f735466cecf":"f.BB3617BF1549F1B1531810C266B34E3A.d.F8566723A4FFF3744348A510C79A551E.e.14536","ELEMENT":"f.BB3617BF1549F1B1531810C266B34E3A.d.F8566723A4FFF3744348A510C79A551E.e.14536"}]}
RESULT: {}
RESULT: {"script":"<script> [8489 bytes]","args":[{"element-6066-11e4-a52e-4f735466cecf":"f.BB3617BF1549F1B1531810C266B34E3A.d.F8566723A4FFF3744348A510C79A551E.e.14536","ELEMENT":"f.BB3617BF1549F1B1531810C266B34E3A.d.F8566723A4FFF3744348A510C79A551E.e.14536"}]}
COMMAND: POST /session/ff0536b58743eaf2c437238d004892b9/execute/sync - {"script":"<script> [5351 bytes]","args":[{"element-6066-11e4-a52e-4f735466cecf":"f.BB3617BF1549F1B1531810C266B34E3A.d.F8566723A4FFF3744348A510C79A551E.e.14536","ELEMENT":"f.BB3617BF1549F1B1531810C266B34E3A.d.F8566723A4FFF3744348A510C79A551E.e.14536"}]}
COMMAND: GET /session/ff0536b58743eaf2c437238d004892b9/screenshot - {}
RESULT: {"script":"<script> [5351 bytes]","args":[{"element-6066-11e4-a52e-4f735466cecf":"f.BB3617BF1549F1B1531810C266B34E3A.d.F8566723A4FFF3744348A510C79A551E.e.14536","ELEMENT":"f.BB3617BF1549F1B1531810C266B34E3A.d.F8566723A4FFF3744348A510C79A551E.e.14536"}]}
COMMAND: POST /session/ff0536b58743eaf2c437238d004892b9/element - {"using":"css selector","value":"#shell-header-logo"}
COMMAND: GET /session/ff0536b58743eaf2c437238d004892b9/screenshot - {}
RESULT: {}
RESULT: {"using":"css selector","value":"#shell-header-logo"}
COMMAND: POST /session/ff0536b58743eaf2c437238d004892b9/element/f.BB3617BF1549F1B1531810C266B34E3A.d.F8566723A4FFF3744348A510C79A551E.e.14536/click - {}
RESULT: {}
RESULT: {}
COMMAND: GET /session/ff0536b58743eaf2c437238d004892b9/screenshot - {}
RESULT: {}
COMMAND: POST /session/ff0536b58743eaf2c437238d004892b9/execute/async - {"script":"<script> [189 bytes]","args":[]}
RESULT: {"script":"<script> [189 bytes]","args":[]}
COMMAND: POST /session/ff0536b58743eaf2c437238d004892b9/execute/async - {"script":"<script> [123 bytes]","args":[]}
RESULT: {"script":"<script> [123 bytes]","args":[]}
COMMAND: POST /session/ff0536b58743eaf2c437238d004892b9/timeouts - {"script":"<number>"}
RESULT: {"script":"<number>"}
COMMAND: GET /session/ff0536b58743eaf2c437238d004892b9/timeouts - {}
RESULT: {}
RESULT: undefined
COMMAND: POST /session/ff0536b58743eaf2c437238d004892b9/execute/async - {"script":"<script> [2676 bytes]","args":[]}
RESULT: {"script":"<script> [2676 bytes]","args":[]}
COMMAND: POST /session/ff0536b58743eaf2c437238d004892b9/execute/async - {"script":"<script> [2342 bytes]","args":[{"protocol":"http","hostname":"0.0.0.0","path":"/","capabilities":{"browserName":"chrome","goog:chromeOptions":{"binary":"C:\\Program Files\\Google\\Chrome\\Application\\chrome.exe","args":["--start-maximized"]}},"logLevel":"warn","connectionRetryTimeout":120000,"connectionRetryCount":3,"logLevels":{},"enableDirectConnect":true,"strictSSL":true,"_":"65 more keys: [\"cacheDir\",\"port\",\"requestedCapabilities\",\"automationProtocol\",\"baseUrl\",\"waitforInterval\",\"waitforTimeout\",\"onReload\",\"beforeCommand\",\"afterCommand\",\"rootDir\",\"specs\",\"suites\",\"exclude\",\"groupLogsByTestSpec\",\"excludeDriverLogs\",\"bail\",\"framework\",\"reporters\",\"services\",\"maxInstances\",\"maxInstancesPerCapability\",\"injectGlobals\",\"filesToWatch\",\"execArgv\",\"runnerEnv\",\"runner\",\"shard\",\"specFileRetries\",\"specFileRetriesDelay\",\"specFileRetriesDeferred\",\"reporterSyncInterval\",\"reporterSyncTimeout\",\"cucumberFeaturesWithLineNumbers\",\"autoCompileOpts\",\"mochaOpts\",\"jasmineOpts\",\"cucumberOpts\",\"onPrepare\",\"onWorkerStart\",\"onWorkerEnd\",\"before\",\"beforeSession\",\"beforeSuite\",\"beforeHook\",\"beforeTest\",\"afterTest\",\"afterHook\",\"afterSuite\",\"afterSession\",\"after\",\"onComplete\",\"beforeAssertion\",\"afterAssertion\",\"beforeFeature\",\"beforeScenario\",\"beforeStep\",\"afterStep\",\"afterScenario\",\"afterFeature\",\"_\",\"suite\",\"$0\",\"ignoredWorkerServices\",\"wdi5\"]"}]}
RESULT: {"script":"<script> [2342 bytes]","args":[{"protocol":"http","hostname":"0.0.0.0","path":"/","capabilities":{"browserName":"chrome","goog:chromeOptions":{"binary":"C:\\Program Files\\Google\\Chrome\\Application\\chrome.exe","args":["--start-maximized"]}},"logLevel":"warn","connectionRetryTimeout":120000,"connectionRetryCount":3,"logLevels":{},"enableDirectConnect":true,"strictSSL":true,"_":"65 more keys: [\"cacheDir\",\"port\",\"requestedCapabilities\",\"automationProtocol\",\"baseUrl\",\"waitforInterval\",\"waitforTimeout\",\"onReload\",\"beforeCommand\",\"afterCommand\",\"rootDir\",\"specs\",\"suites\",\"exclude\",\"groupLogsByTestSpec\",\"excludeDriverLogs\",\"bail\",\"framework\",\"reporters\",\"services\",\"maxInstances\",\"maxInstancesPerCapability\",\"injectGlobals\",\"filesToWatch\",\"execArgv\",\"runnerEnv\",\"runner\",\"shard\",\"specFileRetries\",\"specFileRetriesDelay\",\"specFileRetriesDeferred\",\"reporterSyncInterval\",\"reporterSyncTimeout\",\"cucumberFeaturesWithLineNumbers\",\"autoCompileOpts\",\"mochaOpts\",\"jasmineOpts\",\"cucumberOpts\",\"onPrepare\",\"onWorkerStart\",\"onWorkerEnd\",\"before\",\"beforeSession\",\"beforeSuite\",\"beforeHook\",\"beforeTest\",\"afterTest\",\"afterHook\",\"afterSuite\",\"afterSession\",\"after\",\"onComplete\",\"beforeAssertion\",\"afterAssertion\",\"beforeFeature\",\"beforeScenario\",\"beforeStep\",\"afterStep\",\"afterScenario\",\"afterFeature\",\"_\",\"suite\",\"$0\",\"ignoredWorkerServices\",\"wdi5\"]"}]}
COMMAND: POST /session/ff0536b58743eaf2c437238d004892b9/execute/async - {"script":"<script> [21126 bytes]","args":[35000]}
RESULT: {"script":"<script> [21126 bytes]","args":[35000]}
COMMAND: POST /session/ff0536b58743eaf2c437238d004892b9/window/maximize - {}
RESULT: {}
COMMAND: POST /session/ff0536b58743eaf2c437238d004892b9/execute/async - {"script":"<script> [1562 bytes]","args":[{"selector":{"id":"shell-header","interaction":{"idSuffix":"icon"}},"wdio_ui5_key":"shellheader"}]}
COMMAND: GET /session/ff0536b58743eaf2c437238d004892b9/screenshot - {}
RESULT: {"script":"<script> [1562 bytes]","args":[{"selector":{"id":"shell-header","interaction":{"idSuffix":"icon"}},"wdio_ui5_key":"shellheader"}]}
RESULT: undefined
COMMAND: POST /session/ff0536b58743eaf2c437238d004892b9/refresh - {}
RESULT: {}
RESULT: {}
COMMAND: GET /session/ff0536b58743eaf2c437238d004892b9/screenshot - {}
RESULT: {}
COMMAND: POST /session/ff0536b58743eaf2c437238d004892b9/refresh - {}
RESULT: {}
COMMAND: GET /session/ff0536b58743eaf2c437238d004892b9/screenshot - {}
RESULT: {}
COMMAND: POST /session/ff0536b58743eaf2c437238d004892b9/window/fullscreen - {}
RESULT: {}
COMMAND: POST /session/ff0536b58743eaf2c437238d004892b9/execute/async - {"script":"<script> [189 bytes]","args":[]}
RESULT: {"script":"<script> [189 bytes]","args":[]}
COMMAND: POST /session/ff0536b58743eaf2c437238d004892b9/execute/async - {"script":"<script> [123 bytes]","args":[]}
RESULT: {"script":"<script> [123 bytes]","args":[]}
COMMAND: POST /session/ff0536b58743eaf2c437238d004892b9/timeouts - {"script":"<number>"}
RESULT: {"script":"<number>"}
COMMAND: GET /session/ff0536b58743eaf2c437238d004892b9/timeouts - {}
RESULT: {}
RESULT: undefined
COMMAND: POST /session/ff0536b58743eaf2c437238d004892b9/execute/async - {"script":"<script> [2676 bytes]","args":[]}
RESULT: {"script":"<script> [2676 bytes]","args":[]}
COMMAND: POST /session/ff0536b58743eaf2c437238d004892b9/execute/async - {"script":"<script> [2342 bytes]","args":[{"protocol":"http","hostname":"0.0.0.0","path":"/","capabilities":{"browserName":"chrome","goog:chromeOptions":{"binary":"C:\\Program Files\\Google\\Chrome\\Application\\chrome.exe","args":["--start-maximized"]}},"logLevel":"warn","connectionRetryTimeout":120000,"connectionRetryCount":3,"logLevels":{},"enableDirectConnect":true,"strictSSL":true,"_":"65 more keys: [\"cacheDir\",\"port\",\"requestedCapabilities\",\"automationProtocol\",\"baseUrl\",\"waitforInterval\",\"waitforTimeout\",\"onReload\",\"beforeCommand\",\"afterCommand\",\"rootDir\",\"specs\",\"suites\",\"exclude\",\"groupLogsByTestSpec\",\"excludeDriverLogs\",\"bail\",\"framework\",\"reporters\",\"services\",\"maxInstances\",\"maxInstancesPerCapability\",\"injectGlobals\",\"filesToWatch\",\"execArgv\",\"runnerEnv\",\"runner\",\"shard\",\"specFileRetries\",\"specFileRetriesDelay\",\"specFileRetriesDeferred\",\"reporterSyncInterval\",\"reporterSyncTimeout\",\"cucumberFeaturesWithLineNumbers\",\"autoCompileOpts\",\"mochaOpts\",\"jasmineOpts\",\"cucumberOpts\",\"onPrepare\",\"onWorkerStart\",\"onWorkerEnd\",\"before\",\"beforeSession\",\"beforeSuite\",\"beforeHook\",\"beforeTest\",\"afterTest\",\"afterHook\",\"afterSuite\",\"afterSession\",\"after\",\"onComplete\",\"beforeAssertion\",\"afterAssertion\",\"beforeFeature\",\"beforeScenario\",\"beforeStep\",\"afterStep\",\"afterScenario\",\"afterFeature\",\"_\",\"suite\",\"$0\",\"ignoredWorkerServices\",\"wdi5\"]"}]}
RESULT: {"script":"<script> [2342 bytes]","args":[{"protocol":"http","hostname":"0.0.0.0","path":"/","capabilities":{"browserName":"chrome","goog:chromeOptions":{"binary":"C:\\Program Files\\Google\\Chrome\\Application\\chrome.exe","args":["--start-maximized"]}},"logLevel":"warn","connectionRetryTimeout":120000,"connectionRetryCount":3,"logLevels":{},"enableDirectConnect":true,"strictSSL":true,"_":"65 more keys: [\"cacheDir\",\"port\",\"requestedCapabilities\",\"automationProtocol\",\"baseUrl\",\"waitforInterval\",\"waitforTimeout\",\"onReload\",\"beforeCommand\",\"afterCommand\",\"rootDir\",\"specs\",\"suites\",\"exclude\",\"groupLogsByTestSpec\",\"excludeDriverLogs\",\"bail\",\"framework\",\"reporters\",\"services\",\"maxInstances\",\"maxInstancesPerCapability\",\"injectGlobals\",\"filesToWatch\",\"execArgv\",\"runnerEnv\",\"runner\",\"shard\",\"specFileRetries\",\"specFileRetriesDelay\",\"specFileRetriesDeferred\",\"reporterSyncInterval\",\"reporterSyncTimeout\",\"cucumberFeaturesWithLineNumbers\",\"autoCompileOpts\",\"mochaOpts\",\"jasmineOpts\",\"cucumberOpts\",\"onPrepare\",\"onWorkerStart\",\"onWorkerEnd\",\"before\",\"beforeSession\",\"beforeSuite\",\"beforeHook\",\"beforeTest\",\"afterTest\",\"afterHook\",\"afterSuite\",\"afterSession\",\"after\",\"onComplete\",\"beforeAssertion\",\"afterAssertion\",\"beforeFeature\",\"beforeScenario\",\"beforeStep\",\"afterStep\",\"afterScenario\",\"afterFeature\",\"_\",\"suite\",\"$0\",\"ignoredWorkerServices\",\"wdi5\"]"}]}
COMMAND: POST /session/ff0536b58743eaf2c437238d004892b9/execute/async - {"script":"<script> [21126 bytes]","args":[35000]}
RESULT: {"script":"<script> [21126 bytes]","args":[35000]}
]]></system-out>
    </testcase>
  </testsuite>
  <testsuite timestamp="2025-05-15T17:50:06" time="766.753" tests="13" failures="0" errors="0" skipped="0">
    <properties>
      <property name="specId" value="0" />
      <property name="suiteName" value="Performance based billing (work days) US139742" />
      <property name="capabilities" value="chrome.136_0_7103_93.windows" />
      <property name="file" value="file:///D:/a/1/s/test/specs/BTS/billing-performance-workdays.spec.js" />
    </properties>
    <testcase classname="chrome.136_0_7103_93.windows.Performance_based_billing_(work_days)_US139742" name="Should create a new yard" time="0.634">
      <system-out><![CDATA[
COMMAND: POST /session/ff0536b58743eaf2c437238d004892b9/window/fullscreen - {}
RESULT: {}
]]></system-out>
    </testcase>
    <testcase classname="chrome.136_0_7103_93.windows.Performance_based_billing_(work_days)_US139742" name="Should create a new partner" time="0.004" />
    <testcase classname="chrome.136_0_7103_93.windows.Performance_based_billing_(work_days)_US139742" name="Should create a new site" time="0.003" />
    <testcase classname="chrome.136_0_7103_93.windows.Performance_based_billing_(work_days)_US139742" name="Should do prerequisite steps add equipment" time="130.73">
      <system-out><![CDATA[
COMMAND: POST /session/ff0536b58743eaf2c437238d004892b9/execute/async - {"script":"<script> [1562 bytes]","args":[{"selector":{"controlType":"sap.m.GenericTile","properties":{"header":"Manage Resources"}},"wdio_ui5_key":"sapm.GenericTile{\"header\":\"Manage Resources\"}"}]}
RESULT: {"script":"<script> [1562 bytes]","args":[{"selector":{"controlType":"sap.m.GenericTile","properties":{"header":"Manage Resources"}},"wdio_ui5_key":"sapm.GenericTile{\"header\":\"Manage Resources\"}"}]}
RESULT: undefined
COMMAND: POST /session/ff0536b58743eaf2c437238d004892b9/element - {"using":"xpath","value":"//*[@id=\"__tile39\"]"}
RESULT: {"using":"xpath","value":"//*[@id=\"__tile39\"]"}
COMMAND: POST /session/ff0536b58743eaf2c437238d004892b9/element/f.BB3617BF1549F1B1531810C266B34E3A.d.333FE6F35E7C738C56228E5CFAA86EB8.e.14693/click - {}
RESULT: {}
COMMAND: GET /session/ff0536b58743eaf2c437238d004892b9/screenshot - {}
RESULT: {}
COMMAND: POST /session/ff0536b58743eaf2c437238d004892b9/elements - {"using":"xpath","value":"//span[text()='Error']"}
RESULT: {"using":"xpath","value":"//span[text()='Error']"}
COMMAND: POST /session/ff0536b58743eaf2c437238d004892b9/element - {"using":"xpath","value":"//button[@data-kt=\"addNewRUOverflowToolbarButton\"]"}
RESULT: {"using":"xpath","value":"//button[@data-kt=\"addNewRUOverflowToolbarButton\"]"}
COMMAND: POST /session/ff0536b58743eaf2c437238d004892b9/elements - {"using":"xpath","value":"//button[@data-kt=\"addNewRUOverflowToolbarButton\"]"}
RESULT: {"using":"xpath","value":"//button[@data-kt=\"addNewRUOverflowToolbarButton\"]"}
COMMAND: POST /session/ff0536b58743eaf2c437238d004892b9/elements - {"using":"xpath","value":"//button[@data-kt=\"addNewRUOverflowToolbarButton\"]"}
RESULT: {"using":"xpath","value":"//button[@data-kt=\"addNewRUOverflowToolbarButton\"]"}
COMMAND: POST /session/ff0536b58743eaf2c437238d004892b9/elements - {"using":"xpath","value":"//button[@data-kt=\"addNewRUOverflowToolbarButton\"]"}
RESULT: {"using":"xpath","value":"//button[@data-kt=\"addNewRUOverflowToolbarButton\"]"}
COMMAND: POST /session/ff0536b58743eaf2c437238d004892b9/elements - {"using":"xpath","value":"//button[@data-kt=\"addNewRUOverflowToolbarButton\"]"}
RESULT: {"using":"xpath","value":"//button[@data-kt=\"addNewRUOverflowToolbarButton\"]"}
COMMAND: POST /session/ff0536b58743eaf2c437238d004892b9/elements - {"using":"xpath","value":"//button[@data-kt=\"addNewRUOverflowToolbarButton\"]"}
RESULT: {"using":"xpath","value":"//button[@data-kt=\"addNewRUOverflowToolbarButton\"]"}
COMMAND: POST /session/ff0536b58743eaf2c437238d004892b9/elements - {"using":"xpath","value":"//button[@data-kt=\"addNewRUOverflowToolbarButton\"]"}
RESULT: {"using":"xpath","value":"//button[@data-kt=\"addNewRUOverflowToolbarButton\"]"}
COMMAND: POST /session/ff0536b58743eaf2c437238d004892b9/element - {"using":"xpath","value":"//button[@data-kt=\"addNewRUOverflowToolbarButton\"]"}
RESULT: {"using":"xpath","value":"//button[@data-kt=\"addNewRUOverflowToolbarButton\"]"}
COMMAND: POST /session/ff0536b58743eaf2c437238d004892b9/execute/sync - {"script":"<script> [8489 bytes]","args":[{"element-6066-11e4-a52e-4f735466cecf":"f.BB3617BF1549F1B1531810C266B34E3A.d.333FE6F35E7C738C56228E5CFAA86EB8.e.14824","ELEMENT":"f.BB3617BF1549F1B1531810C266B34E3A.d.333FE6F35E7C738C56228E5CFAA86EB8.e.14824"}]}
RESULT: {"script":"<script> [8489 bytes]","args":[{"element-6066-11e4-a52e-4f735466cecf":"f.BB3617BF1549F1B1531810C266B34E3A.d.333FE6F35E7C738C56228E5CFAA86EB8.e.14824","ELEMENT":"f.BB3617BF1549F1B1531810C266B34E3A.d.333FE6F35E7C738C56228E5CFAA86EB8.e.14824"}]}
COMMAND: GET /session/ff0536b58743eaf2c437238d004892b9/element/f.BB3617BF1549F1B1531810C266B34E3A.d.333FE6F35E7C738C56228E5CFAA86EB8.e.14824/enabled - {}
COMMAND: GET /session/ff0536b58743eaf2c437238d004892b9/screenshot - {}
RESULT: {}
COMMAND: POST /session/ff0536b58743eaf2c437238d004892b9/execute/sync - {"script":"<script> [8489 bytes]","args":[{"element-6066-11e4-a52e-4f735466cecf":"f.BB3617BF1549F1B1531810C266B34E3A.d.333FE6F35E7C738C56228E5CFAA86EB8.e.14824","ELEMENT":"f.BB3617BF1549F1B1531810C266B34E3A.d.333FE6F35E7C738C56228E5CFAA86EB8.e.14824"}]}
COMMAND: GET /session/ff0536b58743eaf2c437238d004892b9/screenshot - {}
RESULT: {}
RESULT: {"script":"<script> [8489 bytes]","args":[{"element-6066-11e4-a52e-4f735466cecf":"f.BB3617BF1549F1B1531810C266B34E3A.d.333FE6F35E7C738C56228E5CFAA86EB8.e.14824","ELEMENT":"f.BB3617BF1549F1B1531810C266B34E3A.d.333FE6F35E7C738C56228E5CFAA86EB8.e.14824"}]}
COMMAND: POST /session/ff0536b58743eaf2c437238d004892b9/execute/sync - {"script":"<script> [5351 bytes]","args":[{"element-6066-11e4-a52e-4f735466cecf":"f.BB3617BF1549F1B1531810C266B34E3A.d.333FE6F35E7C738C56228E5CFAA86EB8.e.14824","ELEMENT":"f.BB3617BF1549F1B1531810C266B34E3A.d.333FE6F35E7C738C56228E5CFAA86EB8.e.14824"}]}
COMMAND: GET /session/ff0536b58743eaf2c437238d004892b9/screenshot - {}
RESULT: {}
RESULT: {"script":"<script> [5351 bytes]","args":[{"element-6066-11e4-a52e-4f735466cecf":"f.BB3617BF1549F1B1531810C266B34E3A.d.333FE6F35E7C738C56228E5CFAA86EB8.e.14824","ELEMENT":"f.BB3617BF1549F1B1531810C266B34E3A.d.333FE6F35E7C738C56228E5CFAA86EB8.e.14824"}]}
COMMAND: POST /session/ff0536b58743eaf2c437238d004892b9/element/f.BB3617BF1549F1B1531810C266B34E3A.d.333FE6F35E7C738C56228E5CFAA86EB8.e.14824/click - {}
COMMAND: GET /session/ff0536b58743eaf2c437238d004892b9/screenshot - {}
RESULT: {}
RESULT: {}
COMMAND: GET /session/ff0536b58743eaf2c437238d004892b9/screenshot - {}
RESULT: {}
COMMAND: POST /session/ff0536b58743eaf2c437238d004892b9/execute/async - {"script":"<script> [1562 bytes]","args":[{"selector":{"id":"application-manageresources-display-component---newResourceUnit--TYPE-arrow"},"wdio_ui5_key":"applicationmanageresources-display-component---newResourceUnit--TYPE-arrow"}]}
RESULT: {}
RESULT: {"script":"<script> [1562 bytes]","args":[{"selector":{"id":"application-manageresources-display-component---newResourceUnit--TYPE-arrow"},"wdio_ui5_key":"applicationmanageresources-display-component---newResourceUnit--TYPE-arrow"}]}
RESULT: undefined
COMMAND: POST /session/ff0536b58743eaf2c437238d004892b9/element - {"using":"xpath","value":"//*[@id=\"application-manageresources-display-component---newResourceUnit--TYPE-arrow\"]"}
RESULT: {"using":"xpath","value":"//*[@id=\"application-manageresources-display-component---newResourceUnit--TYPE-arrow\"]"}
COMMAND: POST /session/ff0536b58743eaf2c437238d004892b9/element/f.BB3617BF1549F1B1531810C266B34E3A.d.333FE6F35E7C738C56228E5CFAA86EB8.e.15184/click - {}
RESULT: {}
COMMAND: POST /session/ff0536b58743eaf2c437238d004892b9/element - {"using":"xpath","value":"//input[@id=\"application-manageresources-display-component---newResourceUnit--TYPE-inner\"]"}
COMMAND: GET /session/ff0536b58743eaf2c437238d004892b9/screenshot - {}
RESULT: {"using":"xpath","value":"//input[@id=\"application-manageresources-display-component---newResourceUnit--TYPE-inner\"]"}
COMMAND: POST /session/ff0536b58743eaf2c437238d004892b9/element/f.BB3617BF1549F1B1531810C266B34E3A.d.333FE6F35E7C738C56228E5CFAA86EB8.e.15176/clear - {}
RESULT: {}
RESULT: {}
COMMAND: POST /session/ff0536b58743eaf2c437238d004892b9/element/f.BB3617BF1549F1B1531810C266B34E3A.d.333FE6F35E7C738C56228E5CFAA86EB8.e.15176/value - {"text":"Equipment"}
COMMAND: GET /session/ff0536b58743eaf2c437238d004892b9/screenshot - {}
RESULT: {"text":"Equipment"}
COMMAND: GET /session/ff0536b58743eaf2c437238d004892b9/screenshot - {}
RESULT: {}
RESULT: {}
COMMAND: POST /session/ff0536b58743eaf2c437238d004892b9/actions - {"actions":[{"id":"action51","type":"key","parameters":{},"actions":[{"type":"keyDown","value":"î€‡"},{"type":"pause","duration":10},{"type":"keyUp","value":"î€‡"}]}]}
RESULT: {"actions":[{"id":"action51","type":"key","parameters":{},"actions":[{"type":"keyDown","value":"î€‡"},{"type":"pause","duration":10},{"type":"keyUp","value":"î€‡"}]}]}
COMMAND: POST /session/ff0536b58743eaf2c437238d004892b9/execute/async - {"script":"<script> [1562 bytes]","args":[{"selector":{"id":"application-manageresources-display-component---newResourceUnit--resourceId","interaction":{"idSuffix":"inner"}},"wdio_ui5_key":"applicationmanageresources-display-component---newResourceUnit--resourceId"}]}
COMMAND: GET /session/ff0536b58743eaf2c437238d004892b9/screenshot - {}
RESULT: {"script":"<script> [1562 bytes]","args":[{"selector":{"id":"application-manageresources-display-component---newResourceUnit--resourceId","interaction":{"idSuffix":"inner"}},"wdio_ui5_key":"applicationmanageresources-display-component---newResourceUnit--resourceId"}]}
RESULT: undefined
COMMAND: POST /session/ff0536b58743eaf2c437238d004892b9/execute/async - {"script":"<script> [776 bytes]","args":[{"enterText":"r6keXJCoaV","selector":{"id":"application-manageresources-display-component---newResourceUnit--resourceId","interaction":{"idSuffix":"inner"}},"clearTextFirst":true,"interactionType":"ENTER_TEXT"}]}
RESULT: {}
RESULT: {"script":"<script> [776 bytes]","args":[{"enterText":"r6keXJCoaV","selector":{"id":"application-manageresources-display-component---newResourceUnit--resourceId","interaction":{"idSuffix":"inner"}},"clearTextFirst":true,"interactionType":"ENTER_TEXT"}]}
COMMAND: POST /session/ff0536b58743eaf2c437238d004892b9/execute/async - {"script":"<script> [1562 bytes]","args":[{"selector":{"id":"application-manageresources-display-component---newResourceUnit--SHORT_TEXT","interaction":{"idSuffix":"inner"}},"wdio_ui5_key":"applicationmanageresources-display-component---newResourceUnit--SHORT_TEXT"}]}
RESULT: {"script":"<script> [1562 bytes]","args":[{"selector":{"id":"application-manageresources-display-component---newResourceUnit--SHORT_TEXT","interaction":{"idSuffix":"inner"}},"wdio_ui5_key":"applicationmanageresources-display-component---newResourceUnit--SHORT_TEXT"}]}
RESULT: undefined
COMMAND: POST /session/ff0536b58743eaf2c437238d004892b9/execute/async - {"script":"<script> [776 bytes]","args":[{"enterText":"Intercompany Equipment WDIO","selector":{"id":"application-manageresources-display-component---newResourceUnit--SHORT_TEXT","interaction":{"idSuffix":"inner"}},"clearTextFirst":true,"interactionType":"ENTER_TEXT"}]}
RESULT: {"script":"<script> [776 bytes]","args":[{"enterText":"Intercompany Equipment WDIO","selector":{"id":"application-manageresources-display-component---newResourceUnit--SHORT_TEXT","interaction":{"idSuffix":"inner"}},"clearTextFirst":true,"interactionType":"ENTER_TEXT"}]}
COMMAND: POST /session/ff0536b58743eaf2c437238d004892b9/execute/async - {"script":"<script> [1562 bytes]","args":[{"selector":{"id":"application-manageresources-display-component---newResourceUnit--BASE_UNIT_OF_MEASURE","interaction":{"idSuffix":"inner"}},"wdio_ui5_key":"applicationmanageresources-display-component---newResourceUnit--BASE_UNIT_OF_MEASURE"}]}
RESULT: {"script":"<script> [1562 bytes]","args":[{"selector":{"id":"application-manageresources-display-component---newResourceUnit--BASE_UNIT_OF_MEASURE","interaction":{"idSuffix":"inner"}},"wdio_ui5_key":"applicationmanageresources-display-component---newResourceUnit--BASE_UNIT_OF_MEASURE"}]}
RESULT: undefined
COMMAND: POST /session/ff0536b58743eaf2c437238d004892b9/execute/async - {"script":"<script> [776 bytes]","args":[{"enterText":"Piece","selector":{"id":"application-manageresources-display-component---newResourceUnit--BASE_UNIT_OF_MEASURE","interaction":{"idSuffix":"inner"}},"clearTextFirst":true,"interactionType":"ENTER_TEXT"}]}
RESULT: {"script":"<script> [776 bytes]","args":[{"enterText":"Piece","selector":{"id":"application-manageresources-display-component---newResourceUnit--BASE_UNIT_OF_MEASURE","interaction":{"idSuffix":"inner"}},"clearTextFirst":true,"interactionType":"ENTER_TEXT"}]}
COMMAND: POST /session/ff0536b58743eaf2c437238d004892b9/execute/async - {"script":"<script> [1562 bytes]","args":[{"selector":{"id":"application-manageresources-display-component---newResourceUnit--WEIGHT_UNIT","interaction":{"idSuffix":"inner"}},"wdio_ui5_key":"applicationmanageresources-display-component---newResourceUnit--WEIGHT_UNIT"}]}
RESULT: {"script":"<script> [1562 bytes]","args":[{"selector":{"id":"application-manageresources-display-component---newResourceUnit--WEIGHT_UNIT","interaction":{"idSuffix":"inner"}},"wdio_ui5_key":"applicationmanageresources-display-component---newResourceUnit--WEIGHT_UNIT"}]}
RESULT: undefined
COMMAND: POST /session/ff0536b58743eaf2c437238d004892b9/execute/async - {"script":"<script> [776 bytes]","args":[{"enterText":"Gram","selector":{"id":"application-manageresources-display-component---newResourceUnit--WEIGHT_UNIT","interaction":{"idSuffix":"inner"}},"clearTextFirst":true,"interactionType":"ENTER_TEXT"}]}
RESULT: {"script":"<script> [776 bytes]","args":[{"enterText":"Gram","selector":{"id":"application-manageresources-display-component---newResourceUnit--WEIGHT_UNIT","interaction":{"idSuffix":"inner"}},"clearTextFirst":true,"interactionType":"ENTER_TEXT"}]}
COMMAND: POST /session/ff0536b58743eaf2c437238d004892b9/execute/async - {"script":"<script> [1562 bytes]","args":[{"selector":{"id":"application-manageresources-display-component---newResourceUnit--DIMENSION_UNIT","interaction":{"idSuffix":"inner"}},"wdio_ui5_key":"applicationmanageresources-display-component---newResourceUnit--DIMENSION_UNIT"}]}
RESULT: {"script":"<script> [1562 bytes]","args":[{"selector":{"id":"application-manageresources-display-component---newResourceUnit--DIMENSION_UNIT","interaction":{"idSuffix":"inner"}},"wdio_ui5_key":"applicationmanageresources-display-component---newResourceUnit--DIMENSION_UNIT"}]}
RESULT: undefined
COMMAND: POST /session/ff0536b58743eaf2c437238d004892b9/execute/async - {"script":"<script> [776 bytes]","args":[{"enterText":"Meter","selector":{"id":"application-manageresources-display-component---newResourceUnit--DIMENSION_UNIT","interaction":{"idSuffix":"inner"}},"clearTextFirst":true,"interactionType":"ENTER_TEXT"}]}
RESULT: {"script":"<script> [776 bytes]","args":[{"enterText":"Meter","selector":{"id":"application-manageresources-display-component---newResourceUnit--DIMENSION_UNIT","interaction":{"idSuffix":"inner"}},"clearTextFirst":true,"interactionType":"ENTER_TEXT"}]}
COMMAND: POST /session/ff0536b58743eaf2c437238d004892b9/execute/async - {"script":"<script> [1562 bytes]","args":[{"selector":{"id":"application-manageresources-display-component---newResourceUnit--newRRUPage-anchBar-application-manageresources-display-component---newResourceUnit--control-anchor","interaction":{"idSuffix":"BDI-content"}},"wdio_ui5_key":"applicationmanageresources-display-component---newResourceUnit--newRRUPage-anchBar-application-manageresources-display-component---newResourceUnit--control-anchor"}]}
RESULT: {"script":"<script> [1562 bytes]","args":[{"selector":{"id":"application-manageresources-display-component---newResourceUnit--newRRUPage-anchBar-application-manageresources-display-component---newResourceUnit--control-anchor","interaction":{"idSuffix":"BDI-content"}},"wdio_ui5_key":"applicationmanageresources-display-component---newResourceUnit--newRRUPage-anchBar-application-manageresources-display-component---newResourceUnit--control-anchor"}]}
RESULT: undefined
COMMAND: POST /session/ff0536b58743eaf2c437238d004892b9/element - {"using":"xpath","value":"//*[@id=\"application-manageresources-display-component---newResourceUnit--newRRUPage-anchBar-application-manageresources-display-component---newResourceUnit--control-anchor\"]"}
RESULT: {"using":"xpath","value":"//*[@id=\"application-manageresources-display-component---newResourceUnit--newRRUPage-anchBar-application-manageresources-display-component---newResourceUnit--control-anchor\"]"}
COMMAND: POST /session/ff0536b58743eaf2c437238d004892b9/element/f.BB3617BF1549F1B1531810C266B34E3A.d.333FE6F35E7C738C56228E5CFAA86EB8.e.15316/click - {}
RESULT: {}
COMMAND: POST /session/ff0536b58743eaf2c437238d004892b9/execute/async - {"script":"<script> [1562 bytes]","args":[{"selector":{"id":"application-manageresources-display-component---newResourceUnit--PLANNING_GROUP","interaction":{"idSuffix":"inner"}},"wdio_ui5_key":"applicationmanageresources-display-component---newResourceUnit--PLANNING_GROUP"}]}
COMMAND: GET /session/ff0536b58743eaf2c437238d004892b9/screenshot - {}
RESULT: {"script":"<script> [1562 bytes]","args":[{"selector":{"id":"application-manageresources-display-component---newResourceUnit--PLANNING_GROUP","interaction":{"idSuffix":"inner"}},"wdio_ui5_key":"applicationmanageresources-display-component---newResourceUnit--PLANNING_GROUP"}]}
RESULT: undefined
COMMAND: POST /session/ff0536b58743eaf2c437238d004892b9/execute/async - {"script":"<script> [776 bytes]","args":[{"enterText":"Heavy Equi","selector":{"id":"application-manageresources-display-component---newResourceUnit--PLANNING_GROUP","interaction":{"idSuffix":"inner"}},"clearTextFirst":true,"interactionType":"ENTER_TEXT"}]}
RESULT: {}
RESULT: {"script":"<script> [776 bytes]","args":[{"enterText":"Heavy Equi","selector":{"id":"application-manageresources-display-component---newResourceUnit--PLANNING_GROUP","interaction":{"idSuffix":"inner"}},"clearTextFirst":true,"interactionType":"ENTER_TEXT"}]}
COMMAND: POST /session/ff0536b58743eaf2c437238d004892b9/execute/async - {"script":"<script> [1562 bytes]","args":[{"selector":{"id":"application-manageresources-display-component---newResourceUnit--ITEM_TYPE-arrow"},"wdio_ui5_key":"applicationmanageresources-display-component---newResourceUnit--ITEM_TYPE-arrow"}]}
RESULT: {"script":"<script> [1562 bytes]","args":[{"selector":{"id":"application-manageresources-display-component---newResourceUnit--ITEM_TYPE-arrow"},"wdio_ui5_key":"applicationmanageresources-display-component---newResourceUnit--ITEM_TYPE-arrow"}]}
RESULT: undefined
COMMAND: POST /session/ff0536b58743eaf2c437238d004892b9/element - {"using":"xpath","value":"//*[@id=\"application-manageresources-display-component---newResourceUnit--ITEM_TYPE-arrow\"]"}
RESULT: {"using":"xpath","value":"//*[@id=\"application-manageresources-display-component---newResourceUnit--ITEM_TYPE-arrow\"]"}
COMMAND: POST /session/ff0536b58743eaf2c437238d004892b9/element/f.BB3617BF1549F1B1531810C266B34E3A.d.333FE6F35E7C738C56228E5CFAA86EB8.e.15325/click - {}
RESULT: {}
COMMAND: POST /session/ff0536b58743eaf2c437238d004892b9/element - {"using":"xpath","value":"(//span[contains(text(), \"Resource Unit\")])[2]"}
COMMAND: GET /session/ff0536b58743eaf2c437238d004892b9/screenshot - {}
RESULT: {"using":"xpath","value":"(//span[contains(text(), \"Resource Unit\")])[2]"}
COMMAND: POST /session/ff0536b58743eaf2c437238d004892b9/element/f.BB3617BF1549F1B1531810C266B34E3A.d.333FE6F35E7C738C56228E5CFAA86EB8.e.15326/click - {}
RESULT: {}
RESULT: {}
COMMAND: GET /session/ff0536b58743eaf2c437238d004892b9/screenshot - {}
RESULT: {}
COMMAND: POST /session/ff0536b58743eaf2c437238d004892b9/element - {"using":"css selector","value":"#application-manageresources-display-component---newResourceUnit--btnAddTimeSegment"}
RESULT: {"using":"css selector","value":"#application-manageresources-display-component---newResourceUnit--btnAddTimeSegment"}
COMMAND: GET /session/ff0536b58743eaf2c437238d004892b9/element/f.BB3617BF1549F1B1531810C266B34E3A.d.333FE6F35E7C738C56228E5CFAA86EB8.e.15327/rect - {}
RESULT: {}
COMMAND: GET /session/ff0536b58743eaf2c437238d004892b9/window/rect - {}
RESULT: {}
COMMAND: POST /session/ff0536b58743eaf2c437238d004892b9/execute/sync - {"script":"<script> [92 bytes]","args":[]}
RESULT: {"script":"<script> [92 bytes]","args":[]}
COMMAND: POST /session/ff0536b58743eaf2c437238d004892b9/actions - {"actions":[{"id":"action52","type":"wheel","parameters":{},"actions":[{"type":"scroll","x":-1888,"y":-32,"deltaX":0,"deltaY":0,"duration":0,"origin":{"element-6066-11e4-a52e-4f735466cecf":"f.BB3617BF1549F1B1531810C266B34E3A.d.333FE6F35E7C738C56228E5CFAA86EB8.e.15327"}}]}]}
COMMAND: GET /session/ff0536b58743eaf2c437238d004892b9/screenshot - {}
RESULT: {}
COMMAND: POST /session/ff0536b58743eaf2c437238d004892b9/execute/sync - {"script":"<script> [79 bytes]","args":[{"element-6066-11e4-a52e-4f735466cecf":"f.BB3617BF1549F1B1531810C266B34E3A.d.333FE6F35E7C738C56228E5CFAA86EB8.e.15327","ELEMENT":"f.BB3617BF1549F1B1531810C266B34E3A.d.333FE6F35E7C738C56228E5CFAA86EB8.e.15327"},{"block":"start","inline":"nearest"}]}
RESULT: {"script":"<script> [79 bytes]","args":[{"element-6066-11e4-a52e-4f735466cecf":"f.BB3617BF1549F1B1531810C266B34E3A.d.333FE6F35E7C738C56228E5CFAA86EB8.e.15327","ELEMENT":"f.BB3617BF1549F1B1531810C266B34E3A.d.333FE6F35E7C738C56228E5CFAA86EB8.e.15327"},{"block":"start","inline":"nearest"}]}
COMMAND: POST /session/ff0536b58743eaf2c437238d004892b9/execute/async - {"script":"<script> [1562 bytes]","args":[{"selector":{"id":"application-manageresources-display-component---newResourceUnit--btnAddTimeSegment","interaction":{"idSuffix":"inner"}},"wdio_ui5_key":"applicationmanageresources-display-component---newResourceUnit--btnAddTimeSegment"}]}
COMMAND: GET /session/ff0536b58743eaf2c437238d004892b9/screenshot - {}
RESULT: {"script":"<script> [1562 bytes]","args":[{"selector":{"id":"application-manageresources-display-component---newResourceUnit--btnAddTimeSegment","interaction":{"idSuffix":"inner"}},"wdio_ui5_key":"applicationmanageresources-display-component---newResourceUnit--btnAddTimeSegment"}]}
RESULT: undefined
COMMAND: POST /session/ff0536b58743eaf2c437238d004892b9/element - {"using":"xpath","value":"//*[@id=\"application-manageresources-display-component---newResourceUnit--btnAddTimeSegment\"]"}
RESULT: {}
RESULT: {"using":"xpath","value":"//*[@id=\"application-manageresources-display-component---newResourceUnit--btnAddTimeSegment\"]"}
COMMAND: POST /session/ff0536b58743eaf2c437238d004892b9/element/f.BB3617BF1549F1B1531810C266B34E3A.d.333FE6F35E7C738C56228E5CFAA86EB8.e.15327/click - {}
RESULT: {}
COMMAND: GET /session/ff0536b58743eaf2c437238d004892b9/screenshot - {}
RESULT: {}
COMMAND: POST /session/ff0536b58743eaf2c437238d004892b9/element - {"using":"xpath","value":"//input[@id=\"application-manageresources-display-component---newResourceUnit--idRuTSAdmin-application-manageresources-display-component---newResourceUnit--RUTimeSegment-0-inner\"]"}
RESULT: {"using":"xpath","value":"//input[@id=\"application-manageresources-display-component---newResourceUnit--idRuTSAdmin-application-manageresources-display-component---newResourceUnit--RUTimeSegment-0-inner\"]"}
COMMAND: POST /session/ff0536b58743eaf2c437238d004892b9/element/f.BB3617BF1549F1B1531810C266B34E3A.d.333FE6F35E7C738C56228E5CFAA86EB8.e.15333/clear - {}
RESULT: {}
COMMAND: POST /session/ff0536b58743eaf2c437238d004892b9/element/f.BB3617BF1549F1B1531810C266B34E3A.d.333FE6F35E7C738C56228E5CFAA86EB8.e.15333/value - {"text":"411"}
COMMAND: GET /session/ff0536b58743eaf2c437238d004892b9/screenshot - {}
RESULT: {"text":"411"}
COMMAND: GET /session/ff0536b58743eaf2c437238d004892b9/screenshot - {}
RESULT: {}
RESULT: {}
COMMAND: POST /session/ff0536b58743eaf2c437238d004892b9/element - {"using":"xpath","value":"//li[.//span[text()='411']]"}
RESULT: {"using":"xpath","value":"//li[.//span[text()='411']]"}
COMMAND: POST /session/ff0536b58743eaf2c437238d004892b9/element/f.BB3617BF1549F1B1531810C266B34E3A.d.333FE6F35E7C738C56228E5CFAA86EB8.e.15344/click - {}
RESULT: {}
COMMAND: GET /session/ff0536b58743eaf2c437238d004892b9/screenshot - {}
RESULT: {}
COMMAND: POST /session/ff0536b58743eaf2c437238d004892b9/element - {"using":"xpath","value":"(//span[contains(@id, \"-application-manageresources-display-component---newResourceUnit--RUTimeSegment-0-arrow\")])[6]"}
RESULT: {"using":"xpath","value":"(//span[contains(@id, \"-application-manageresources-display-component---newResourceUnit--RUTimeSegment-0-arrow\")])[6]"}
COMMAND: POST /session/ff0536b58743eaf2c437238d004892b9/element/f.BB3617BF1549F1B1531810C266B34E3A.d.333FE6F35E7C738C56228E5CFAA86EB8.e.15345/click - {}
RESULT: {}
COMMAND: GET /session/ff0536b58743eaf2c437238d004892b9/screenshot - {}
RESULT: {}
COMMAND: POST /session/ff0536b58743eaf2c437238d004892b9/element - {"using":"xpath","value":"//span[contains(text(), \"PM Order\")]"}
RESULT: {"using":"xpath","value":"//span[contains(text(), \"PM Order\")]"}
COMMAND: POST /session/ff0536b58743eaf2c437238d004892b9/element/f.BB3617BF1549F1B1531810C266B34E3A.d.333FE6F35E7C738C56228E5CFAA86EB8.e.15348/click - {}
RESULT: {}
COMMAND: GET /session/ff0536b58743eaf2c437238d004892b9/screenshot - {}
RESULT: {}
COMMAND: POST /session/ff0536b58743eaf2c437238d004892b9/element - {"using":"xpath","value":"(//span[contains(@id ,\"manageresources-display-component---newResourceUnit--RUTimeSegment-0-vhi\")])[1]"}
RESULT: {"using":"xpath","value":"(//span[contains(@id ,\"manageresources-display-component---newResourceUnit--RUTimeSegment-0-vhi\")])[1]"}
COMMAND: GET /session/ff0536b58743eaf2c437238d004892b9/element/f.BB3617BF1549F1B1531810C266B34E3A.d.333FE6F35E7C738C56228E5CFAA86EB8.e.15352/rect - {}
RESULT: {}
COMMAND: GET /session/ff0536b58743eaf2c437238d004892b9/window/rect - {}
RESULT: {}
COMMAND: POST /session/ff0536b58743eaf2c437238d004892b9/execute/sync - {"script":"<script> [92 bytes]","args":[]}
RESULT: {"script":"<script> [92 bytes]","args":[]}
COMMAND: POST /session/ff0536b58743eaf2c437238d004892b9/actions - {"actions":[{"id":"action53","type":"wheel","parameters":{},"actions":[{"type":"scroll","x":-869,"y":-24,"deltaX":0,"deltaY":0,"duration":0,"origin":{"element-6066-11e4-a52e-4f735466cecf":"f.BB3617BF1549F1B1531810C266B34E3A.d.333FE6F35E7C738C56228E5CFAA86EB8.e.15352"}}]}]}
COMMAND: GET /session/ff0536b58743eaf2c437238d004892b9/screenshot - {}
RESULT: {"actions":[{"id":"action53","type":"wheel","parameters":{},"actions":[{"type":"scroll","x":-869,"y":-24,"deltaX":0,"deltaY":0,"duration":0,"origin":{"element-6066-11e4-a52e-4f735466cecf":"f.BB3617BF1549F1B1531810C266B34E3A.d.333FE6F35E7C738C56228E5CFAA86EB8.e.15352"}}]}]}
COMMAND: DELETE /session/ff0536b58743eaf2c437238d004892b9/actions - {}
COMMAND: GET /session/ff0536b58743eaf2c437238d004892b9/screenshot - {}
RESULT: {}
RESULT: {}
COMMAND: GET /session/ff0536b58743eaf2c437238d004892b9/screenshot - {}
RESULT: {}
RESULT: {}
COMMAND: POST /session/ff0536b58743eaf2c437238d004892b9/element/f.BB3617BF1549F1B1531810C266B34E3A.d.333FE6F35E7C738C56228E5CFAA86EB8.e.15352/click - {}
RESULT: {}
COMMAND: GET /session/ff0536b58743eaf2c437238d004892b9/screenshot - {}
RESULT: {}
COMMAND: POST /session/ff0536b58743eaf2c437238d004892b9/execute/async - {"script":"<script> [1562 bytes]","args":[{"selector":{"controlType":"sap.m.SearchField","properties":{"placeholder":"Search"},"searchOpenDialogs":true,"interaction":{"idSuffix":"I"}},"wdio_ui5_key":"sapm.SearchField{\"placeholder\":\"Search\"}"}]}
RESULT: {"script":"<script> [1562 bytes]","args":[{"selector":{"controlType":"sap.m.SearchField","properties":{"placeholder":"Search"},"searchOpenDialogs":true,"interaction":{"idSuffix":"I"}},"wdio_ui5_key":"sapm.SearchField{\"placeholder\":\"Search\"}"}]}
RESULT: undefined
COMMAND: POST /session/ff0536b58743eaf2c437238d004892b9/execute/async - {"script":"<script> [776 bytes]","args":[{"enterText":"4000360","selector":{"controlType":"sap.m.SearchField","properties":{"placeholder":"Search"},"searchOpenDialogs":true,"interaction":{"idSuffix":"I"}},"clearTextFirst":true,"interactionType":"ENTER_TEXT"}]}
RESULT: {"script":"<script> [776 bytes]","args":[{"enterText":"4000360","selector":{"controlType":"sap.m.SearchField","properties":{"placeholder":"Search"},"searchOpenDialogs":true,"interaction":{"idSuffix":"I"}},"clearTextFirst":true,"interactionType":"ENTER_TEXT"}]}
COMMAND: POST /session/ff0536b58743eaf2c437238d004892b9/actions - {"actions":[{"id":"action54","type":"key","parameters":{},"actions":[{"type":"keyDown","value":"î€‡"},{"type":"pause","duration":10},{"type":"keyUp","value":"î€‡"}]}]}
RESULT: {"actions":[{"id":"action54","type":"key","parameters":{},"actions":[{"type":"keyDown","value":"î€‡"},{"type":"pause","duration":10},{"type":"keyUp","value":"î€‡"}]}]}
COMMAND: GET /session/ff0536b58743eaf2c437238d004892b9/screenshot - {}
RESULT: {}
COMMAND: POST /session/ff0536b58743eaf2c437238d004892b9/element - {"using":"xpath","value":"//td/div/span[contains(text(), \"BGL Vehicles\")]"}
RESULT: {"using":"xpath","value":"//td/div/span[contains(text(), \"BGL Vehicles\")]"}
COMMAND: POST /session/ff0536b58743eaf2c437238d004892b9/element/f.BB3617BF1549F1B1531810C266B34E3A.d.333FE6F35E7C738C56228E5CFAA86EB8.e.15375/click - {}
RESULT: {}
COMMAND: GET /session/ff0536b58743eaf2c437238d004892b9/screenshot - {}
RESULT: {}
COMMAND: POST /session/ff0536b58743eaf2c437238d004892b9/element - {"using":"xpath","value":"//bdi[contains(text(), \"OK\")]"}
RESULT: {"using":"xpath","value":"//bdi[contains(text(), \"OK\")]"}
COMMAND: POST /session/ff0536b58743eaf2c437238d004892b9/element/f.BB3617BF1549F1B1531810C266B34E3A.d.333FE6F35E7C738C56228E5CFAA86EB8.e.15376/click - {}
RESULT: {}
COMMAND: GET /session/ff0536b58743eaf2c437238d004892b9/screenshot - {}
RESULT: {}
COMMAND: POST /session/ff0536b58743eaf2c437238d004892b9/execute/async - {"script":"<script> [1562 bytes]","args":[{"selector":{"id":"application-manageresources-display-component---newResourceUnit--newRRUPage-anchBar-application-manageresources-display-component---newResourceUnit--resource-anchor","interaction":{"idSuffix":"BDI-content"}},"wdio_ui5_key":"applicationmanageresources-display-component---newResourceUnit--newRRUPage-anchBar-application-manageresources-display-component---newResourceUnit--resource-anchor"}]}
RESULT: {"script":"<script> [1562 bytes]","args":[{"selector":{"id":"application-manageresources-display-component---newResourceUnit--newRRUPage-anchBar-application-manageresources-display-component---newResourceUnit--resource-anchor","interaction":{"idSuffix":"BDI-content"}},"wdio_ui5_key":"applicationmanageresources-display-component---newResourceUnit--newRRUPage-anchBar-application-manageresources-display-component---newResourceUnit--resource-anchor"}]}
RESULT: undefined
COMMAND: POST /session/ff0536b58743eaf2c437238d004892b9/element - {"using":"xpath","value":"//*[@id=\"application-manageresources-display-component---newResourceUnit--newRRUPage-anchBar-application-manageresources-display-component---newResourceUnit--resource-anchor\"]"}
RESULT: {"using":"xpath","value":"//*[@id=\"application-manageresources-display-component---newResourceUnit--newRRUPage-anchBar-application-manageresources-display-component---newResourceUnit--resource-anchor\"]"}
COMMAND: POST /session/ff0536b58743eaf2c437238d004892b9/element/f.BB3617BF1549F1B1531810C266B34E3A.d.333FE6F35E7C738C56228E5CFAA86EB8.e.15380/click - {}
RESULT: {}
COMMAND: POST /session/ff0536b58743eaf2c437238d004892b9/execute/async - {"script":"<script> [1562 bytes]","args":[{"selector":{"id":"application-manageresources-display-component---newResourceUnit--PLANNED_DELIVERY_DATE","interaction":{"idSuffix":"inner"}},"wdio_ui5_key":"applicationmanageresources-display-component---newResourceUnit--PLANNED_DELIVERY_DATE"}]}
COMMAND: GET /session/ff0536b58743eaf2c437238d004892b9/screenshot - {}
RESULT: {"script":"<script> [1562 bytes]","args":[{"selector":{"id":"application-manageresources-display-component---newResourceUnit--PLANNED_DELIVERY_DATE","interaction":{"idSuffix":"inner"}},"wdio_ui5_key":"applicationmanageresources-display-component---newResourceUnit--PLANNED_DELIVERY_DATE"}]}
RESULT: undefined
COMMAND: POST /session/ff0536b58743eaf2c437238d004892b9/execute/async - {"script":"<script> [6424 bytes]","args":[{"element-6066-11e4-a52e-4f735466cecf":"f.BB3617BF1549F1B1531810C266B34E3A.d.333FE6F35E7C738C56228E5CFAA86EB8.e.15241"},"setValue",["5/15/25"]]}
RESULT: {}
RESULT: {"script":"<script> [6424 bytes]","args":[{"element-6066-11e4-a52e-4f735466cecf":"f.BB3617BF1549F1B1531810C266B34E3A.d.333FE6F35E7C738C56228E5CFAA86EB8.e.15241"},"setValue",["5/15/25"]]}
COMMAND: POST /session/ff0536b58743eaf2c437238d004892b9/element - {"using":"xpath","value":"//label[contains(@class, 'sapMLabelRequired') and .//bdi[contains(text(), 'Planned Retirement')]]"}
RESULT: {"using":"xpath","value":"//label[contains(@class, 'sapMLabelRequired') and .//bdi[contains(text(), 'Planned Retirement')]]"}
COMMAND: POST /session/ff0536b58743eaf2c437238d004892b9/elements - {"using":"xpath","value":"//label[contains(@class, 'sapMLabelRequired') and .//bdi[contains(text(), 'Planned Retirement')]]"}
RESULT: {"using":"xpath","value":"//label[contains(@class, 'sapMLabelRequired') and .//bdi[contains(text(), 'Planned Retirement')]]"}
COMMAND: POST /session/ff0536b58743eaf2c437238d004892b9/element - {"using":"xpath","value":"//button[@data-kt=\"resourceUnitSaveButton\"]"}
RESULT: {"using":"xpath","value":"//button[@data-kt=\"resourceUnitSaveButton\"]"}
COMMAND: POST /session/ff0536b58743eaf2c437238d004892b9/element/f.BB3617BF1549F1B1531810C266B34E3A.d.333FE6F35E7C738C56228E5CFAA86EB8.e.15202/click - {}
RESULT: {}
COMMAND: GET /session/ff0536b58743eaf2c437238d004892b9/screenshot - {}
RESULT: {}
COMMAND: POST /session/ff0536b58743eaf2c437238d004892b9/element - {"using":"xpath","value":"//bdi[contains(text(), \"Close\")]"}
RESULT: {"using":"xpath","value":"//bdi[contains(text(), \"Close\")]"}
COMMAND: POST /session/ff0536b58743eaf2c437238d004892b9/element/f.BB3617BF1549F1B1531810C266B34E3A.d.333FE6F35E7C738C56228E5CFAA86EB8.e.15388/click - {}
RESULT: {}
COMMAND: GET /session/ff0536b58743eaf2c437238d004892b9/screenshot - {}
RESULT: {}
COMMAND: POST /session/ff0536b58743eaf2c437238d004892b9/element - {"using":"xpath","value":"(//button[contains(@id ,\"actionsToolbar-overflowButton\")])[1]"}
RESULT: {"using":"xpath","value":"(//button[contains(@id ,\"actionsToolbar-overflowButton\")])[1]"}
COMMAND: POST /session/ff0536b58743eaf2c437238d004892b9/element/f.BB3617BF1549F1B1531810C266B34E3A.d.333FE6F35E7C738C56228E5CFAA86EB8.e.15419/click - {}
RESULT: {}
COMMAND: GET /session/ff0536b58743eaf2c437238d004892b9/screenshot - {}
RESULT: {}
COMMAND: POST /session/ff0536b58743eaf2c437238d004892b9/element - {"using":"xpath","value":"//button[@data-kt=\"priceInfoButton\"]"}
RESULT: {"using":"xpath","value":"//button[@data-kt=\"priceInfoButton\"]"}
COMMAND: POST /session/ff0536b58743eaf2c437238d004892b9/element/f.BB3617BF1549F1B1531810C266B34E3A.d.333FE6F35E7C738C56228E5CFAA86EB8.e.15421/click - {}
RESULT: {}
COMMAND: GET /session/ff0536b58743eaf2c437238d004892b9/screenshot - {}
]]></system-out>
    </testcase>
    <testcase classname="chrome.136_0_7103_93.windows.Performance_based_billing_(work_days)_US139742" name="Should create a pricing rule perf based on the equipment" time="49.221">
      <system-out><![CDATA[
COMMAND: POST /session/ff0536b58743eaf2c437238d004892b9/element - {"using":"xpath","value":"//button[@data-kt=\"addButton\"]"}
RESULT: {}
RESULT: {"using":"xpath","value":"//button[@data-kt=\"addButton\"]"}
COMMAND: POST /session/ff0536b58743eaf2c437238d004892b9/elements - {"using":"xpath","value":"//button[@data-kt=\"addButton\"]"}
RESULT: {"using":"xpath","value":"//button[@data-kt=\"addButton\"]"}
COMMAND: POST /session/ff0536b58743eaf2c437238d004892b9/execute/sync - {"script":"<script> [8489 bytes]","args":[{"element-6066-11e4-a52e-4f735466cecf":"f.BB3617BF1549F1B1531810C266B34E3A.d.333FE6F35E7C738C56228E5CFAA86EB8.e.15467","ELEMENT":"f.BB3617BF1549F1B1531810C266B34E3A.d.333FE6F35E7C738C56228E5CFAA86EB8.e.15467"}]}
RESULT: {"script":"<script> [8489 bytes]","args":[{"element-6066-11e4-a52e-4f735466cecf":"f.BB3617BF1549F1B1531810C266B34E3A.d.333FE6F35E7C738C56228E5CFAA86EB8.e.15467","ELEMENT":"f.BB3617BF1549F1B1531810C266B34E3A.d.333FE6F35E7C738C56228E5CFAA86EB8.e.15467"}]}
COMMAND: GET /session/ff0536b58743eaf2c437238d004892b9/element/f.BB3617BF1549F1B1531810C266B34E3A.d.333FE6F35E7C738C56228E5CFAA86EB8.e.15467/enabled - {}
COMMAND: GET /session/ff0536b58743eaf2c437238d004892b9/screenshot - {}
RESULT: {}
COMMAND: POST /session/ff0536b58743eaf2c437238d004892b9/execute/sync - {"script":"<script> [8489 bytes]","args":[{"element-6066-11e4-a52e-4f735466cecf":"f.BB3617BF1549F1B1531810C266B34E3A.d.333FE6F35E7C738C56228E5CFAA86EB8.e.15467","ELEMENT":"f.BB3617BF1549F1B1531810C266B34E3A.d.333FE6F35E7C738C56228E5CFAA86EB8.e.15467"}]}
COMMAND: GET /session/ff0536b58743eaf2c437238d004892b9/screenshot - {}
RESULT: {}
RESULT: {"script":"<script> [8489 bytes]","args":[{"element-6066-11e4-a52e-4f735466cecf":"f.BB3617BF1549F1B1531810C266B34E3A.d.333FE6F35E7C738C56228E5CFAA86EB8.e.15467","ELEMENT":"f.BB3617BF1549F1B1531810C266B34E3A.d.333FE6F35E7C738C56228E5CFAA86EB8.e.15467"}]}
COMMAND: POST /session/ff0536b58743eaf2c437238d004892b9/execute/sync - {"script":"<script> [5351 bytes]","args":[{"element-6066-11e4-a52e-4f735466cecf":"f.BB3617BF1549F1B1531810C266B34E3A.d.333FE6F35E7C738C56228E5CFAA86EB8.e.15467","ELEMENT":"f.BB3617BF1549F1B1531810C266B34E3A.d.333FE6F35E7C738C56228E5CFAA86EB8.e.15467"}]}
COMMAND: GET /session/ff0536b58743eaf2c437238d004892b9/screenshot - {}
RESULT: {}
RESULT: {"script":"<script> [5351 bytes]","args":[{"element-6066-11e4-a52e-4f735466cecf":"f.BB3617BF1549F1B1531810C266B34E3A.d.333FE6F35E7C738C56228E5CFAA86EB8.e.15467","ELEMENT":"f.BB3617BF1549F1B1531810C266B34E3A.d.333FE6F35E7C738C56228E5CFAA86EB8.e.15467"}]}
COMMAND: POST /session/ff0536b58743eaf2c437238d004892b9/element/f.BB3617BF1549F1B1531810C266B34E3A.d.333FE6F35E7C738C56228E5CFAA86EB8.e.15467/click - {}
COMMAND: GET /session/ff0536b58743eaf2c437238d004892b9/screenshot - {}
RESULT: {}
RESULT: {}
COMMAND: GET /session/ff0536b58743eaf2c437238d004892b9/screenshot - {}
RESULT: {}
RESULT: {}
COMMAND: POST /session/ff0536b58743eaf2c437238d004892b9/execute/async - {"script":"<script> [1562 bytes]","args":[{"selector":{"controlType":"sap.m.Title","viewName":"etm.portal.ui.managepricingrules.view.NewItem","viewId":"application-managepricingrules-display-component---newInfoPriceItem","properties":{"text":"New Pricing Rules - Item Level"}},"wdio_ui5_key":"etmportal.ui.managepricingrules.view.NewItemsap.m.Title{\"text\":\"New Pricing Rules - Item Level\"}"}]}
RESULT: {"script":"<script> [1562 bytes]","args":[{"selector":{"controlType":"sap.m.Title","viewName":"etm.portal.ui.managepricingrules.view.NewItem","viewId":"application-managepricingrules-display-component---newInfoPriceItem","properties":{"text":"New Pricing Rules - Item Level"}},"wdio_ui5_key":"etmportal.ui.managepricingrules.view.NewItemsap.m.Title{\"text\":\"New Pricing Rules - Item Level\"}"}]}
RESULT: undefined
COMMAND: POST /session/ff0536b58743eaf2c437238d004892b9/execute/async - {"script":"<script> [6424 bytes]","args":[{"element-6066-11e4-a52e-4f735466cecf":"f.BB3617BF1549F1B1531810C266B34E3A.d.333FE6F35E7C738C56228E5CFAA86EB8.e.15624"},"getText",[]]}
RESULT: {"script":"<script> [6424 bytes]","args":[{"element-6066-11e4-a52e-4f735466cecf":"f.BB3617BF1549F1B1531810C266B34E3A.d.333FE6F35E7C738C56228E5CFAA86EB8.e.15624"},"getText",[]]}
COMMAND: POST /session/ff0536b58743eaf2c437238d004892b9/execute/async - {"script":"<script> [1562 bytes]","args":[{"selector":{"id":"application-managepricingrules-display-component---newInfoPriceItem--condValidTo","interaction":{"idSuffix":"inner"}},"wdio_ui5_key":"applicationmanagepricingrules-display-component---newInfoPriceItem--condValidTo"}]}
RESULT: {"script":"<script> [1562 bytes]","args":[{"selector":{"id":"application-managepricingrules-display-component---newInfoPriceItem--condValidTo","interaction":{"idSuffix":"inner"}},"wdio_ui5_key":"applicationmanagepricingrules-display-component---newInfoPriceItem--condValidTo"}]}
RESULT: undefined
COMMAND: POST /session/ff0536b58743eaf2c437238d004892b9/execute/async - {"script":"<script> [776 bytes]","args":[{"enterText":"1/15/26","selector":{"id":"application-managepricingrules-display-component---newInfoPriceItem--condValidTo","interaction":{"idSuffix":"inner"}},"clearTextFirst":true,"interactionType":"ENTER_TEXT"}]}
RESULT: {"script":"<script> [776 bytes]","args":[{"enterText":"1/15/26","selector":{"id":"application-managepricingrules-display-component---newInfoPriceItem--condValidTo","interaction":{"idSuffix":"inner"}},"clearTextFirst":true,"interactionType":"ENTER_TEXT"}]}
COMMAND: POST /session/ff0536b58743eaf2c437238d004892b9/execute/async - {"script":"<script> [1562 bytes]","args":[{"selector":{"id":"application-managepricingrules-display-component---newInfoPriceItem--billType-arrow"},"wdio_ui5_key":"applicationmanagepricingrules-display-component---newInfoPriceItem--billType-arrow"}]}
RESULT: {"script":"<script> [1562 bytes]","args":[{"selector":{"id":"application-managepricingrules-display-component---newInfoPriceItem--billType-arrow"},"wdio_ui5_key":"applicationmanagepricingrules-display-component---newInfoPriceItem--billType-arrow"}]}
RESULT: undefined
COMMAND: POST /session/ff0536b58743eaf2c437238d004892b9/element - {"using":"xpath","value":"//*[@id=\"application-managepricingrules-display-component---newInfoPriceItem--billType-arrow\"]"}
RESULT: {"using":"xpath","value":"//*[@id=\"application-managepricingrules-display-component---newInfoPriceItem--billType-arrow\"]"}
COMMAND: POST /session/ff0536b58743eaf2c437238d004892b9/element/f.BB3617BF1549F1B1531810C266B34E3A.d.333FE6F35E7C738C56228E5CFAA86EB8.e.15626/click - {}
RESULT: {}
COMMAND: POST /session/ff0536b58743eaf2c437238d004892b9/element - {"using":"xpath","value":"//span[contains(text(), \"PB - Performance based\")]"}
COMMAND: GET /session/ff0536b58743eaf2c437238d004892b9/screenshot - {}
RESULT: {"using":"xpath","value":"//span[contains(text(), \"PB - Performance based\")]"}
COMMAND: POST /session/ff0536b58743eaf2c437238d004892b9/element/f.BB3617BF1549F1B1531810C266B34E3A.d.333FE6F35E7C738C56228E5CFAA86EB8.e.15627/click - {}
RESULT: {}
RESULT: {}
COMMAND: POST /session/ff0536b58743eaf2c437238d004892b9/execute/async - {"script":"<script> [1562 bytes]","args":[{"selector":{"id":"application-managepricingrules-display-component---newInfoPriceItem--priceProc-arrow"},"wdio_ui5_key":"applicationmanagepricingrules-display-component---newInfoPriceItem--priceProc-arrow"}]}
COMMAND: GET /session/ff0536b58743eaf2c437238d004892b9/screenshot - {}
RESULT: {"script":"<script> [1562 bytes]","args":[{"selector":{"id":"application-managepricingrules-display-component---newInfoPriceItem--priceProc-arrow"},"wdio_ui5_key":"applicationmanagepricingrules-display-component---newInfoPriceItem--priceProc-arrow"}]}
RESULT: undefined
COMMAND: POST /session/ff0536b58743eaf2c437238d004892b9/element - {"using":"xpath","value":"//*[@id=\"application-managepricingrules-display-component---newInfoPriceItem--priceProc-arrow\"]"}
RESULT: {}
RESULT: {"using":"xpath","value":"//*[@id=\"application-managepricingrules-display-component---newInfoPriceItem--priceProc-arrow\"]"}
COMMAND: POST /session/ff0536b58743eaf2c437238d004892b9/element/f.BB3617BF1549F1B1531810C266B34E3A.d.333FE6F35E7C738C56228E5CFAA86EB8.e.15592/click - {}
RESULT: {}
COMMAND: POST /session/ff0536b58743eaf2c437238d004892b9/element - {"using":"xpath","value":"//span[contains(text(), \"PRF - Performance based\")]"}
COMMAND: GET /session/ff0536b58743eaf2c437238d004892b9/screenshot - {}
RESULT: {"using":"xpath","value":"//span[contains(text(), \"PRF - Performance based\")]"}
COMMAND: POST /session/ff0536b58743eaf2c437238d004892b9/element/f.BB3617BF1549F1B1531810C266B34E3A.d.333FE6F35E7C738C56228E5CFAA86EB8.e.15628/click - {}
RESULT: {}
RESULT: {}
COMMAND: POST /session/ff0536b58743eaf2c437238d004892b9/execute/async - {"script":"<script> [1562 bytes]","args":[{"selector":{"id":"application-managepricingrules-display-component---newInfoPriceItem--calcBase-arrow"},"wdio_ui5_key":"applicationmanagepricingrules-display-component---newInfoPriceItem--calcBase-arrow"}]}
COMMAND: GET /session/ff0536b58743eaf2c437238d004892b9/screenshot - {}
RESULT: {"script":"<script> [1562 bytes]","args":[{"selector":{"id":"application-managepricingrules-display-component---newInfoPriceItem--calcBase-arrow"},"wdio_ui5_key":"applicationmanagepricingrules-display-component---newInfoPriceItem--calcBase-arrow"}]}
RESULT: undefined
COMMAND: POST /session/ff0536b58743eaf2c437238d004892b9/element - {"using":"xpath","value":"//*[@id=\"application-managepricingrules-display-component---newInfoPriceItem--calcBase-arrow\"]"}
RESULT: {}
RESULT: {"using":"xpath","value":"//*[@id=\"application-managepricingrules-display-component---newInfoPriceItem--calcBase-arrow\"]"}
COMMAND: POST /session/ff0536b58743eaf2c437238d004892b9/element/f.BB3617BF1549F1B1531810C266B34E3A.d.333FE6F35E7C738C56228E5CFAA86EB8.e.15599/click - {}
RESULT: {}
COMMAND: GET /session/ff0536b58743eaf2c437238d004892b9/screenshot - {}
RESULT: {}
COMMAND: POST /session/ff0536b58743eaf2c437238d004892b9/element - {"using":"xpath","value":"//span[contains(text(), \"0007 - PB(work days)\")]"}
RESULT: {"using":"xpath","value":"//span[contains(text(), \"0007 - PB(work days)\")]"}
COMMAND: POST /session/ff0536b58743eaf2c437238d004892b9/element/f.BB3617BF1549F1B1531810C266B34E3A.d.333FE6F35E7C738C56228E5CFAA86EB8.e.15629/click - {}
RESULT: {}
COMMAND: GET /session/ff0536b58743eaf2c437238d004892b9/screenshot - {}
RESULT: {}
COMMAND: POST /session/ff0536b58743eaf2c437238d004892b9/execute/async - {"script":"<script> [1562 bytes]","args":[{"selector":{"id":"application-managepricingrules-display-component---newInfoPriceItem--hoursMonth","interaction":{"idSuffix":"inner"}},"wdio_ui5_key":"applicationmanagepricingrules-display-component---newInfoPriceItem--hoursMonth"}]}
RESULT: {"script":"<script> [1562 bytes]","args":[{"selector":{"id":"application-managepricingrules-display-component---newInfoPriceItem--hoursMonth","interaction":{"idSuffix":"inner"}},"wdio_ui5_key":"applicationmanagepricingrules-display-component---newInfoPriceItem--hoursMonth"}]}
RESULT: undefined
COMMAND: POST /session/ff0536b58743eaf2c437238d004892b9/execute/async - {"script":"<script> [776 bytes]","args":[{"enterText":"160","selector":{"id":"application-managepricingrules-display-component---newInfoPriceItem--hoursMonth","interaction":{"idSuffix":"inner"}},"clearTextFirst":true,"interactionType":"ENTER_TEXT"}]}
RESULT: {"script":"<script> [776 bytes]","args":[{"enterText":"160","selector":{"id":"application-managepricingrules-display-component---newInfoPriceItem--hoursMonth","interaction":{"idSuffix":"inner"}},"clearTextFirst":true,"interactionType":"ENTER_TEXT"}]}
COMMAND: POST /session/ff0536b58743eaf2c437238d004892b9/element - {"using":"xpath","value":"//button[@data-kt=\"saveNewRuleButton\"]"}
RESULT: {"using":"xpath","value":"//button[@data-kt=\"saveNewRuleButton\"]"}
COMMAND: POST /session/ff0536b58743eaf2c437238d004892b9/element/f.BB3617BF1549F1B1531810C266B34E3A.d.333FE6F35E7C738C56228E5CFAA86EB8.e.15615/click - {}
RESULT: {}
COMMAND: GET /session/ff0536b58743eaf2c437238d004892b9/screenshot - {}
RESULT: {}
COMMAND: POST /session/ff0536b58743eaf2c437238d004892b9/execute/async - {"script":"<script> [1562 bytes]","args":[{"selector":{"id":"application-managepricingrules-display-component---priceInfoItem--smartFilterBar-btnBasicSearch","interaction":{"idSuffix":"I"}},"wdio_ui5_key":"applicationmanagepricingrules-display-component---priceInfoItem--smartFilterBar-btnBasicSearch"}]}
RESULT: {"script":"<script> [1562 bytes]","args":[{"selector":{"id":"application-managepricingrules-display-component---priceInfoItem--smartFilterBar-btnBasicSearch","interaction":{"idSuffix":"I"}},"wdio_ui5_key":"applicationmanagepricingrules-display-component---priceInfoItem--smartFilterBar-btnBasicSearch"}]}
RESULT: undefined
COMMAND: POST /session/ff0536b58743eaf2c437238d004892b9/execute/async - {"script":"<script> [776 bytes]","args":[{"enterText":"r6keXJCoaV","selector":{"id":"application-managepricingrules-display-component---priceInfoItem--smartFilterBar-btnBasicSearch","interaction":{"idSuffix":"I"}},"clearTextFirst":true,"interactionType":"ENTER_TEXT"}]}
RESULT: {"script":"<script> [776 bytes]","args":[{"enterText":"r6keXJCoaV","selector":{"id":"application-managepricingrules-display-component---priceInfoItem--smartFilterBar-btnBasicSearch","interaction":{"idSuffix":"I"}},"clearTextFirst":true,"interactionType":"ENTER_TEXT"}]}
COMMAND: POST /session/ff0536b58743eaf2c437238d004892b9/actions - {"actions":[{"id":"action55","type":"key","parameters":{},"actions":[{"type":"keyDown","value":"î€‡"},{"type":"pause","duration":10},{"type":"keyUp","value":"î€‡"}]}]}
RESULT: {"actions":[{"id":"action55","type":"key","parameters":{},"actions":[{"type":"keyDown","value":"î€‡"},{"type":"pause","duration":10},{"type":"keyUp","value":"î€‡"}]}]}
COMMAND: GET /session/ff0536b58743eaf2c437238d004892b9/screenshot - {}
RESULT: {}
COMMAND: POST /session/ff0536b58743eaf2c437238d004892b9/element - {"using":"xpath","value":"//span[@id=\"application-managepricingrules-display-component---priceInfoItem--smartTable-header-inner\"]"}
RESULT: {"using":"xpath","value":"//span[@id=\"application-managepricingrules-display-component---priceInfoItem--smartTable-header-inner\"]"}
COMMAND: POST /session/ff0536b58743eaf2c437238d004892b9/elements - {"using":"xpath","value":"//span[@id=\"application-managepricingrules-display-component---priceInfoItem--smartTable-header-inner\"]"}
RESULT: {"using":"xpath","value":"//span[@id=\"application-managepricingrules-display-component---priceInfoItem--smartTable-header-inner\"]"}
COMMAND: POST /session/ff0536b58743eaf2c437238d004892b9/execute/sync - {"script":"<script> [56 bytes]","args":[{"element-6066-11e4-a52e-4f735466cecf":"f.BB3617BF1549F1B1531810C266B34E3A.d.333FE6F35E7C738C56228E5CFAA86EB8.e.15653","ELEMENT":"f.BB3617BF1549F1B1531810C266B34E3A.d.333FE6F35E7C738C56228E5CFAA86EB8.e.15653"}]}
RESULT: {"script":"<script> [56 bytes]","args":[{"element-6066-11e4-a52e-4f735466cecf":"f.BB3617BF1549F1B1531810C266B34E3A.d.333FE6F35E7C738C56228E5CFAA86EB8.e.15653","ELEMENT":"f.BB3617BF1549F1B1531810C266B34E3A.d.333FE6F35E7C738C56228E5CFAA86EB8.e.15653"}]}
COMMAND: POST /session/ff0536b58743eaf2c437238d004892b9/element - {"using":"css selector","value":"#shell-header-logo"}
COMMAND: GET /session/ff0536b58743eaf2c437238d004892b9/screenshot - {}
RESULT: {"using":"css selector","value":"#shell-header-logo"}
COMMAND: POST /session/ff0536b58743eaf2c437238d004892b9/element/f.BB3617BF1549F1B1531810C266B34E3A.d.333FE6F35E7C738C56228E5CFAA86EB8.e.14794/click - {}
RESULT: {}
RESULT: {}
COMMAND: GET /session/ff0536b58743eaf2c437238d004892b9/screenshot - {}
RESULT: {}
]]></system-out>
    </testcase>
    <testcase classname="chrome.136_0_7103_93.windows.Performance_based_billing_(work_days)_US139742" name="Should create a performance based billing condition on the equipment" time="65.38">
      <system-out><![CDATA[
COMMAND: POST /session/ff0536b58743eaf2c437238d004892b9/execute/async - {"script":"<script> [1562 bytes]","args":[{"selector":{"controlType":"sap.m.GenericTile","properties":{"header":"Manage Conditions & Prices"}},"wdio_ui5_key":"sapm.GenericTile{\"header\":\"Manage Conditions & Prices\"}"}]}
RESULT: {"script":"<script> [1562 bytes]","args":[{"selector":{"controlType":"sap.m.GenericTile","properties":{"header":"Manage Conditions & Prices"}},"wdio_ui5_key":"sapm.GenericTile{\"header\":\"Manage Conditions & Prices\"}"}]}
RESULT: undefined
COMMAND: POST /session/ff0536b58743eaf2c437238d004892b9/element - {"using":"xpath","value":"//*[@id=\"__tile53\"]"}
RESULT: {"using":"xpath","value":"//*[@id=\"__tile53\"]"}
COMMAND: POST /session/ff0536b58743eaf2c437238d004892b9/element/f.BB3617BF1549F1B1531810C266B34E3A.d.333FE6F35E7C738C56228E5CFAA86EB8.e.14740/click - {}
RESULT: {}
COMMAND: GET /session/ff0536b58743eaf2c437238d004892b9/screenshot - {}
RESULT: {}
COMMAND: POST /session/ff0536b58743eaf2c437238d004892b9/elements - {"using":"xpath","value":"//span[text()='Error']"}
RESULT: {"using":"xpath","value":"//span[text()='Error']"}
COMMAND: POST /session/ff0536b58743eaf2c437238d004892b9/element - {"using":"xpath","value":"//button[@aria-label=\"Create\"]"}
RESULT: {"using":"xpath","value":"//button[@aria-label=\"Create\"]"}
COMMAND: POST /session/ff0536b58743eaf2c437238d004892b9/elements - {"using":"xpath","value":"//button[@aria-label=\"Create\"]"}
RESULT: {"using":"xpath","value":"//button[@aria-label=\"Create\"]"}
COMMAND: POST /session/ff0536b58743eaf2c437238d004892b9/execute/sync - {"script":"<script> [8489 bytes]","args":[{"element-6066-11e4-a52e-4f735466cecf":"f.BB3617BF1549F1B1531810C266B34E3A.d.333FE6F35E7C738C56228E5CFAA86EB8.e.15688","ELEMENT":"f.BB3617BF1549F1B1531810C266B34E3A.d.333FE6F35E7C738C56228E5CFAA86EB8.e.15688"}]}
RESULT: {"script":"<script> [8489 bytes]","args":[{"element-6066-11e4-a52e-4f735466cecf":"f.BB3617BF1549F1B1531810C266B34E3A.d.333FE6F35E7C738C56228E5CFAA86EB8.e.15688","ELEMENT":"f.BB3617BF1549F1B1531810C266B34E3A.d.333FE6F35E7C738C56228E5CFAA86EB8.e.15688"}]}
COMMAND: GET /session/ff0536b58743eaf2c437238d004892b9/element/f.BB3617BF1549F1B1531810C266B34E3A.d.333FE6F35E7C738C56228E5CFAA86EB8.e.15688/enabled - {}
COMMAND: GET /session/ff0536b58743eaf2c437238d004892b9/screenshot - {}
RESULT: {}
COMMAND: POST /session/ff0536b58743eaf2c437238d004892b9/execute/sync - {"script":"<script> [8489 bytes]","args":[{"element-6066-11e4-a52e-4f735466cecf":"f.BB3617BF1549F1B1531810C266B34E3A.d.333FE6F35E7C738C56228E5CFAA86EB8.e.15688","ELEMENT":"f.BB3617BF1549F1B1531810C266B34E3A.d.333FE6F35E7C738C56228E5CFAA86EB8.e.15688"}]}
COMMAND: GET /session/ff0536b58743eaf2c437238d004892b9/screenshot - {}
RESULT: {}
RESULT: {"script":"<script> [8489 bytes]","args":[{"element-6066-11e4-a52e-4f735466cecf":"f.BB3617BF1549F1B1531810C266B34E3A.d.333FE6F35E7C738C56228E5CFAA86EB8.e.15688","ELEMENT":"f.BB3617BF1549F1B1531810C266B34E3A.d.333FE6F35E7C738C56228E5CFAA86EB8.e.15688"}]}
COMMAND: POST /session/ff0536b58743eaf2c437238d004892b9/execute/sync - {"script":"<script> [5351 bytes]","args":[{"element-6066-11e4-a52e-4f735466cecf":"f.BB3617BF1549F1B1531810C266B34E3A.d.333FE6F35E7C738C56228E5CFAA86EB8.e.15688","ELEMENT":"f.BB3617BF1549F1B1531810C266B34E3A.d.333FE6F35E7C738C56228E5CFAA86EB8.e.15688"}]}
COMMAND: GET /session/ff0536b58743eaf2c437238d004892b9/screenshot - {}
RESULT: {}
RESULT: {"script":"<script> [5351 bytes]","args":[{"element-6066-11e4-a52e-4f735466cecf":"f.BB3617BF1549F1B1531810C266B34E3A.d.333FE6F35E7C738C56228E5CFAA86EB8.e.15688","ELEMENT":"f.BB3617BF1549F1B1531810C266B34E3A.d.333FE6F35E7C738C56228E5CFAA86EB8.e.15688"}]}
COMMAND: POST /session/ff0536b58743eaf2c437238d004892b9/element/f.BB3617BF1549F1B1531810C266B34E3A.d.333FE6F35E7C738C56228E5CFAA86EB8.e.15688/click - {}
COMMAND: GET /session/ff0536b58743eaf2c437238d004892b9/screenshot - {}
RESULT: {}
RESULT: {}
COMMAND: GET /session/ff0536b58743eaf2c437238d004892b9/screenshot - {}
RESULT: {}
RESULT: {}
COMMAND: POST /session/ff0536b58743eaf2c437238d004892b9/actions - {"actions":[{"id":"action56","type":"key","parameters":{},"actions":[{"type":"keyDown","value":"î€‡"},{"type":"pause","duration":10},{"type":"keyUp","value":"î€‡"}]}]}
RESULT: {"actions":[{"id":"action56","type":"key","parameters":{},"actions":[{"type":"keyDown","value":"î€‡"},{"type":"pause","duration":10},{"type":"keyUp","value":"î€‡"}]}]}
COMMAND: GET /session/ff0536b58743eaf2c437238d004892b9/screenshot - {}
RESULT: {}
COMMAND: POST /session/ff0536b58743eaf2c437238d004892b9/execute/async - {"script":"<script> [1562 bytes]","args":[{"selector":{"id":"application-manageconditionprice-display-component---newCondition--condBillCond-arrow"},"wdio_ui5_key":"applicationmanageconditionprice-display-component---newCondition--condBillCond-arrow"}]}
RESULT: {"script":"<script> [1562 bytes]","args":[{"selector":{"id":"application-manageconditionprice-display-component---newCondition--condBillCond-arrow"},"wdio_ui5_key":"applicationmanageconditionprice-display-component---newCondition--condBillCond-arrow"}]}
RESULT: undefined
COMMAND: POST /session/ff0536b58743eaf2c437238d004892b9/element - {"using":"xpath","value":"//*[@id=\"application-manageconditionprice-display-component---newCondition--condBillCond-arrow\"]"}
RESULT: {"using":"xpath","value":"//*[@id=\"application-manageconditionprice-display-component---newCondition--condBillCond-arrow\"]"}
COMMAND: POST /session/ff0536b58743eaf2c437238d004892b9/element/f.BB3617BF1549F1B1531810C266B34E3A.d.333FE6F35E7C738C56228E5CFAA86EB8.e.15868/click - {}
RESULT: {}
COMMAND: GET /session/ff0536b58743eaf2c437238d004892b9/screenshot - {}
RESULT: {}
COMMAND: POST /session/ff0536b58743eaf2c437238d004892b9/element - {"using":"xpath","value":"//li[.//span[contains(text(), \"PC06 - Performance Price - fuel\")]]"}
RESULT: {"using":"xpath","value":"//li[.//span[contains(text(), \"PC06 - Performance Price - fuel\")]]"}
COMMAND: POST /session/ff0536b58743eaf2c437238d004892b9/element/f.BB3617BF1549F1B1531810C266B34E3A.d.333FE6F35E7C738C56228E5CFAA86EB8.e.15871/click - {}
RESULT: {}
COMMAND: GET /session/ff0536b58743eaf2c437238d004892b9/screenshot - {}
RESULT: {}
COMMAND: POST /session/ff0536b58743eaf2c437238d004892b9/execute/async - {"script":"<script> [1562 bytes]","args":[{"selector":{"id":"application-manageconditionprice-display-component---newCondition--condValidTo","interaction":{"idSuffix":"inner"}},"wdio_ui5_key":"applicationmanageconditionprice-display-component---newCondition--condValidTo"}]}
RESULT: {"script":"<script> [1562 bytes]","args":[{"selector":{"id":"application-manageconditionprice-display-component---newCondition--condValidTo","interaction":{"idSuffix":"inner"}},"wdio_ui5_key":"applicationmanageconditionprice-display-component---newCondition--condValidTo"}]}
RESULT: undefined
COMMAND: POST /session/ff0536b58743eaf2c437238d004892b9/execute/async - {"script":"<script> [776 bytes]","args":[{"enterText":"1/15/26","selector":{"id":"application-manageconditionprice-display-component---newCondition--condValidTo","interaction":{"idSuffix":"inner"}},"clearTextFirst":true,"interactionType":"ENTER_TEXT"}]}
RESULT: {"script":"<script> [776 bytes]","args":[{"enterText":"1/15/26","selector":{"id":"application-manageconditionprice-display-component---newCondition--condValidTo","interaction":{"idSuffix":"inner"}},"clearTextFirst":true,"interactionType":"ENTER_TEXT"}]}
COMMAND: POST /session/ff0536b58743eaf2c437238d004892b9/element - {"using":"xpath","value":"//input[@id=\"application-manageconditionprice-display-component---newCondition--condRU-inner\"]"}
RESULT: {"using":"xpath","value":"//input[@id=\"application-manageconditionprice-display-component---newCondition--condRU-inner\"]"}
COMMAND: POST /session/ff0536b58743eaf2c437238d004892b9/element/f.BB3617BF1549F1B1531810C266B34E3A.d.333FE6F35E7C738C56228E5CFAA86EB8.e.15704/clear - {}
RESULT: {}
COMMAND: POST /session/ff0536b58743eaf2c437238d004892b9/element/f.BB3617BF1549F1B1531810C266B34E3A.d.333FE6F35E7C738C56228E5CFAA86EB8.e.15704/value - {"text":"r6keXJCoaV"}
COMMAND: GET /session/ff0536b58743eaf2c437238d004892b9/screenshot - {}
RESULT: {"text":"r6keXJCoaV"}
COMMAND: GET /session/ff0536b58743eaf2c437238d004892b9/screenshot - {}
RESULT: {}
RESULT: {}
COMMAND: POST /session/ff0536b58743eaf2c437238d004892b9/actions - {"actions":[{"id":"action57","type":"key","parameters":{},"actions":[{"type":"keyDown","value":"î€‡"},{"type":"pause","duration":10},{"type":"keyUp","value":"î€‡"}]}]}
RESULT: {"actions":[{"id":"action57","type":"key","parameters":{},"actions":[{"type":"keyDown","value":"î€‡"},{"type":"pause","duration":10},{"type":"keyUp","value":"î€‡"}]}]}
COMMAND: POST /session/ff0536b58743eaf2c437238d004892b9/execute/async - {"script":"<script> [1562 bytes]","args":[{"selector":{"id":"application-manageconditionprice-display-component---newCondition--condBaseQty","interaction":{"idSuffix":"inner"}},"wdio_ui5_key":"applicationmanageconditionprice-display-component---newCondition--condBaseQty"}]}
COMMAND: GET /session/ff0536b58743eaf2c437238d004892b9/screenshot - {}
RESULT: {"script":"<script> [1562 bytes]","args":[{"selector":{"id":"application-manageconditionprice-display-component---newCondition--condBaseQty","interaction":{"idSuffix":"inner"}},"wdio_ui5_key":"applicationmanageconditionprice-display-component---newCondition--condBaseQty"}]}
RESULT: undefined
COMMAND: POST /session/ff0536b58743eaf2c437238d004892b9/execute/async - {"script":"<script> [776 bytes]","args":[{"enterText":"1","selector":{"id":"application-manageconditionprice-display-component---newCondition--condBaseQty","interaction":{"idSuffix":"inner"}},"clearTextFirst":true,"interactionType":"ENTER_TEXT"}]}
RESULT: {}
RESULT: {"script":"<script> [776 bytes]","args":[{"enterText":"1","selector":{"id":"application-manageconditionprice-display-component---newCondition--condBaseQty","interaction":{"idSuffix":"inner"}},"clearTextFirst":true,"interactionType":"ENTER_TEXT"}]}
COMMAND: POST /session/ff0536b58743eaf2c437238d004892b9/execute/async - {"script":"<script> [1562 bytes]","args":[{"selector":{"id":"application-manageconditionprice-display-component---newCondition--condValue","interaction":{"idSuffix":"inner"}},"wdio_ui5_key":"applicationmanageconditionprice-display-component---newCondition--condValue"}]}
RESULT: {"script":"<script> [1562 bytes]","args":[{"selector":{"id":"application-manageconditionprice-display-component---newCondition--condValue","interaction":{"idSuffix":"inner"}},"wdio_ui5_key":"applicationmanageconditionprice-display-component---newCondition--condValue"}]}
RESULT: undefined
COMMAND: POST /session/ff0536b58743eaf2c437238d004892b9/execute/async - {"script":"<script> [776 bytes]","args":[{"enterText":"10","selector":{"id":"application-manageconditionprice-display-component---newCondition--condValue","interaction":{"idSuffix":"inner"}},"clearTextFirst":true,"interactionType":"ENTER_TEXT"}]}
RESULT: {"script":"<script> [776 bytes]","args":[{"enterText":"10","selector":{"id":"application-manageconditionprice-display-component---newCondition--condValue","interaction":{"idSuffix":"inner"}},"clearTextFirst":true,"interactionType":"ENTER_TEXT"}]}
COMMAND: POST /session/ff0536b58743eaf2c437238d004892b9/execute/async - {"script":"<script> [1562 bytes]","args":[{"selector":{"id":"application-manageconditionprice-display-component---newCondition--condCurr-arrow"},"wdio_ui5_key":"applicationmanageconditionprice-display-component---newCondition--condCurr-arrow"}]}
RESULT: {"script":"<script> [1562 bytes]","args":[{"selector":{"id":"application-manageconditionprice-display-component---newCondition--condCurr-arrow"},"wdio_ui5_key":"applicationmanageconditionprice-display-component---newCondition--condCurr-arrow"}]}
RESULT: undefined
COMMAND: POST /session/ff0536b58743eaf2c437238d004892b9/element - {"using":"xpath","value":"//*[@id=\"application-manageconditionprice-display-component---newCondition--condCurr-arrow\"]"}
RESULT: {"using":"xpath","value":"//*[@id=\"application-manageconditionprice-display-component---newCondition--condCurr-arrow\"]"}
COMMAND: POST /session/ff0536b58743eaf2c437238d004892b9/element/f.BB3617BF1549F1B1531810C266B34E3A.d.333FE6F35E7C738C56228E5CFAA86EB8.e.15846/click - {}
RESULT: {}
COMMAND: POST /session/ff0536b58743eaf2c437238d004892b9/element - {"using":"xpath","value":"//span[contains(text(), \"Euro\")]"}
COMMAND: GET /session/ff0536b58743eaf2c437238d004892b9/screenshot - {}
RESULT: {"using":"xpath","value":"//span[contains(text(), \"Euro\")]"}
COMMAND: POST /session/ff0536b58743eaf2c437238d004892b9/element/f.BB3617BF1549F1B1531810C266B34E3A.d.333FE6F35E7C738C56228E5CFAA86EB8.e.15907/click - {}
RESULT: {}
RESULT: {}
COMMAND: POST /session/ff0536b58743eaf2c437238d004892b9/element - {"using":"xpath","value":"//button[@data-kt=\"saveButton\"]"}
COMMAND: GET /session/ff0536b58743eaf2c437238d004892b9/screenshot - {}
RESULT: {"using":"xpath","value":"//button[@data-kt=\"saveButton\"]"}
COMMAND: POST /session/ff0536b58743eaf2c437238d004892b9/element/f.BB3617BF1549F1B1531810C266B34E3A.d.333FE6F35E7C738C56228E5CFAA86EB8.e.15847/click - {}
RESULT: {}
RESULT: {}
COMMAND: GET /session/ff0536b58743eaf2c437238d004892b9/screenshot - {}
RESULT: {}
COMMAND: POST /session/ff0536b58743eaf2c437238d004892b9/execute/async - {"script":"<script> [1562 bytes]","args":[{"selector":{"id":"application-manageconditionprice-display-component---conditions--smartFilterBar-btnBasicSearch","interaction":{"idSuffix":"I"}},"wdio_ui5_key":"applicationmanageconditionprice-display-component---conditions--smartFilterBar-btnBasicSearch"}]}
RESULT: {"script":"<script> [1562 bytes]","args":[{"selector":{"id":"application-manageconditionprice-display-component---conditions--smartFilterBar-btnBasicSearch","interaction":{"idSuffix":"I"}},"wdio_ui5_key":"applicationmanageconditionprice-display-component---conditions--smartFilterBar-btnBasicSearch"}]}
RESULT: undefined
COMMAND: POST /session/ff0536b58743eaf2c437238d004892b9/execute/async - {"script":"<script> [776 bytes]","args":[{"enterText":"r6keXJCoaV","selector":{"id":"application-manageconditionprice-display-component---conditions--smartFilterBar-btnBasicSearch","interaction":{"idSuffix":"I"}},"clearTextFirst":true,"interactionType":"ENTER_TEXT"}]}
RESULT: {"script":"<script> [776 bytes]","args":[{"enterText":"r6keXJCoaV","selector":{"id":"application-manageconditionprice-display-component---conditions--smartFilterBar-btnBasicSearch","interaction":{"idSuffix":"I"}},"clearTextFirst":true,"interactionType":"ENTER_TEXT"}]}
COMMAND: POST /session/ff0536b58743eaf2c437238d004892b9/actions - {"actions":[{"id":"action58","type":"key","parameters":{},"actions":[{"type":"keyDown","value":"î€‡"},{"type":"pause","duration":10},{"type":"keyUp","value":"î€‡"}]}]}
RESULT: {"actions":[{"id":"action58","type":"key","parameters":{},"actions":[{"type":"keyDown","value":"î€‡"},{"type":"pause","duration":10},{"type":"keyUp","value":"î€‡"}]}]}
COMMAND: GET /session/ff0536b58743eaf2c437238d004892b9/screenshot - {}
RESULT: {}
COMMAND: POST /session/ff0536b58743eaf2c437238d004892b9/execute/async - {"script":"<script> [1562 bytes]","args":[{"selector":{"id":"application-manageconditionprice-display-component---conditions--smartFilterBar-filterItemControl_BASIC-BILL_TYPES-vhi"},"wdio_ui5_key":"applicationmanageconditionprice-display-component---conditions--smartFilterBar-filterItemControl_BASIC-BILL_TYPES-vhi"}]}
RESULT: {"script":"<script> [1562 bytes]","args":[{"selector":{"id":"application-manageconditionprice-display-component---conditions--smartFilterBar-filterItemControl_BASIC-BILL_TYPES-vhi"},"wdio_ui5_key":"applicationmanageconditionprice-display-component---conditions--smartFilterBar-filterItemControl_BASIC-BILL_TYPES-vhi"}]}
RESULT: undefined
COMMAND: POST /session/ff0536b58743eaf2c437238d004892b9/element - {"using":"xpath","value":"//*[@id=\"application-manageconditionprice-display-component---conditions--smartFilterBar-filterItemControl_BASIC-BILL_TYPES-vhi\"]"}
RESULT: {"using":"xpath","value":"//*[@id=\"application-manageconditionprice-display-component---conditions--smartFilterBar-filterItemControl_BASIC-BILL_TYPES-vhi\"]"}
COMMAND: POST /session/ff0536b58743eaf2c437238d004892b9/element/f.BB3617BF1549F1B1531810C266B34E3A.d.333FE6F35E7C738C56228E5CFAA86EB8.e.16002/click - {}
RESULT: {}
COMMAND: POST /session/ff0536b58743eaf2c437238d004892b9/execute/async - {"script":"<script> [1562 bytes]","args":[{"selector":{"id":"application-manageconditionprice-display-component---conditions--smartFilterBar-filterItemControl_BASIC-BILL_TYPES-valueHelpDialog-smartFilterBar-btnBasicSearch","searchOpenDialogs":true,"interaction":{"idSuffix":"I"}},"wdio_ui5_key":"applicationmanageconditionprice-display-component---conditions--smartFilterBar-filterItemControl_BASIC-BILL_TYPES-valueHelpDialog-smartFilterBar-btnBasicSearch"}]}
COMMAND: GET /session/ff0536b58743eaf2c437238d004892b9/screenshot - {}
RESULT: {"script":"<script> [1562 bytes]","args":[{"selector":{"id":"application-manageconditionprice-display-component---conditions--smartFilterBar-filterItemControl_BASIC-BILL_TYPES-valueHelpDialog-smartFilterBar-btnBasicSearch","searchOpenDialogs":true,"interaction":{"idSuffix":"I"}},"wdio_ui5_key":"applicationmanageconditionprice-display-component---conditions--smartFilterBar-filterItemControl_BASIC-BILL_TYPES-valueHelpDialog-smartFilterBar-btnBasicSearch"}]}
RESULT: undefined
COMMAND: POST /session/ff0536b58743eaf2c437238d004892b9/execute/async - {"script":"<script> [776 bytes]","args":[{"enterText":"PB","selector":{"id":"application-manageconditionprice-display-component---conditions--smartFilterBar-filterItemControl_BASIC-BILL_TYPES-valueHelpDialog-smartFilterBar-btnBasicSearch","searchOpenDialogs":true,"interaction":{"idSuffix":"I"}},"clearTextFirst":true,"interactionType":"ENTER_TEXT"}]}
RESULT: {}
RESULT: {"script":"<script> [776 bytes]","args":[{"enterText":"PB","selector":{"id":"application-manageconditionprice-display-component---conditions--smartFilterBar-filterItemControl_BASIC-BILL_TYPES-valueHelpDialog-smartFilterBar-btnBasicSearch","searchOpenDialogs":true,"interaction":{"idSuffix":"I"}},"clearTextFirst":true,"interactionType":"ENTER_TEXT"}]}
COMMAND: POST /session/ff0536b58743eaf2c437238d004892b9/actions - {"actions":[{"id":"action59","type":"key","parameters":{},"actions":[{"type":"keyDown","value":"î€‡"},{"type":"pause","duration":10},{"type":"keyUp","value":"î€‡"}]}]}
RESULT: {"actions":[{"id":"action59","type":"key","parameters":{},"actions":[{"type":"keyDown","value":"î€‡"},{"type":"pause","duration":10},{"type":"keyUp","value":"î€‡"}]}]}
COMMAND: GET /session/ff0536b58743eaf2c437238d004892b9/screenshot - {}
RESULT: {}
COMMAND: POST /session/ff0536b58743eaf2c437238d004892b9/element - {"using":"xpath","value":"//div[contains(@id, 'application-manageconditionprice-display-component---conditions--smartFilterBar-filterItemControl_BASIC-BILL_TYPES-valueHelpDialog-table-rowsel0')]"}
RESULT: {"using":"xpath","value":"//div[contains(@id, 'application-manageconditionprice-display-component---conditions--smartFilterBar-filterItemControl_BASIC-BILL_TYPES-valueHelpDialog-table-rowsel0')]"}
COMMAND: POST /session/ff0536b58743eaf2c437238d004892b9/element/f.BB3617BF1549F1B1531810C266B34E3A.d.333FE6F35E7C738C56228E5CFAA86EB8.e.16012/click - {}
RESULT: {}
COMMAND: GET /session/ff0536b58743eaf2c437238d004892b9/screenshot - {}
RESULT: {}
COMMAND: POST /session/ff0536b58743eaf2c437238d004892b9/element - {"using":"xpath","value":"//bdi[contains(text(), \"OK\")]"}
RESULT: {"using":"xpath","value":"//bdi[contains(text(), \"OK\")]"}
COMMAND: POST /session/ff0536b58743eaf2c437238d004892b9/element/f.BB3617BF1549F1B1531810C266B34E3A.d.333FE6F35E7C738C56228E5CFAA86EB8.e.16014/click - {}
RESULT: {}
COMMAND: GET /session/ff0536b58743eaf2c437238d004892b9/screenshot - {}
RESULT: {}
COMMAND: POST /session/ff0536b58743eaf2c437238d004892b9/element - {"using":"xpath","value":"//span[@id=\"application-manageconditionprice-display-component---conditions--smartTable-header-inner\"]"}
RESULT: {"using":"xpath","value":"//span[@id=\"application-manageconditionprice-display-component---conditions--smartTable-header-inner\"]"}
COMMAND: POST /session/ff0536b58743eaf2c437238d004892b9/elements - {"using":"xpath","value":"//span[@id=\"application-manageconditionprice-display-component---conditions--smartTable-header-inner\"]"}
RESULT: {"using":"xpath","value":"//span[@id=\"application-manageconditionprice-display-component---conditions--smartTable-header-inner\"]"}
COMMAND: POST /session/ff0536b58743eaf2c437238d004892b9/execute/sync - {"script":"<script> [56 bytes]","args":[{"element-6066-11e4-a52e-4f735466cecf":"f.BB3617BF1549F1B1531810C266B34E3A.d.333FE6F35E7C738C56228E5CFAA86EB8.e.16017","ELEMENT":"f.BB3617BF1549F1B1531810C266B34E3A.d.333FE6F35E7C738C56228E5CFAA86EB8.e.16017"}]}
RESULT: {"script":"<script> [56 bytes]","args":[{"element-6066-11e4-a52e-4f735466cecf":"f.BB3617BF1549F1B1531810C266B34E3A.d.333FE6F35E7C738C56228E5CFAA86EB8.e.16017","ELEMENT":"f.BB3617BF1549F1B1531810C266B34E3A.d.333FE6F35E7C738C56228E5CFAA86EB8.e.16017"}]}
COMMAND: POST /session/ff0536b58743eaf2c437238d004892b9/element - {"using":"css selector","value":"#shell-header-logo"}
COMMAND: GET /session/ff0536b58743eaf2c437238d004892b9/screenshot - {}
RESULT: {"using":"css selector","value":"#shell-header-logo"}
COMMAND: POST /session/ff0536b58743eaf2c437238d004892b9/element/f.BB3617BF1549F1B1531810C266B34E3A.d.333FE6F35E7C738C56228E5CFAA86EB8.e.15656/click - {}
RESULT: {}
RESULT: {}
COMMAND: GET /session/ff0536b58743eaf2c437238d004892b9/screenshot - {}
RESULT: {}
]]></system-out>
    </testcase>
    <testcase classname="chrome.136_0_7103_93.windows.Performance_based_billing_(work_days)_US139742" name="Should add a counter to the equipment" time="53.513">
      <system-out><![CDATA[
RESULT: undefined
COMMAND: POST /session/ff0536b58743eaf2c437238d004892b9/element - {"using":"xpath","value":"//*[@id=\"__tile39\"]"}
RESULT: {"using":"xpath","value":"//*[@id=\"__tile39\"]"}
COMMAND: POST /session/ff0536b58743eaf2c437238d004892b9/element/f.BB3617BF1549F1B1531810C266B34E3A.d.333FE6F35E7C738C56228E5CFAA86EB8.e.14693/click - {}
RESULT: {}
COMMAND: GET /session/ff0536b58743eaf2c437238d004892b9/screenshot - {}
RESULT: {}
COMMAND: POST /session/ff0536b58743eaf2c437238d004892b9/elements - {"using":"xpath","value":"//span[text()='Error']"}
RESULT: {"using":"xpath","value":"//span[text()='Error']"}
COMMAND: POST /session/ff0536b58743eaf2c437238d004892b9/execute/async - {"script":"<script> [1562 bytes]","args":[{"selector":{"id":"application-manageresources-display-component---masterRU--smartFilterBar-btnBasicSearch","interaction":{"idSuffix":"I"}},"wdio_ui5_key":"applicationmanageresources-display-component---masterRU--smartFilterBar-btnBasicSearch"}]}
RESULT: {"script":"<script> [1562 bytes]","args":[{"selector":{"id":"application-manageresources-display-component---masterRU--smartFilterBar-btnBasicSearch","interaction":{"idSuffix":"I"}},"wdio_ui5_key":"applicationmanageresources-display-component---masterRU--smartFilterBar-btnBasicSearch"}]}
RESULT: undefined
COMMAND: POST /session/ff0536b58743eaf2c437238d004892b9/execute/async - {"script":"<script> [776 bytes]","args":[{"enterText":"r6keXJCoaV","selector":{"id":"application-manageresources-display-component---masterRU--smartFilterBar-btnBasicSearch","interaction":{"idSuffix":"I"}},"clearTextFirst":true,"interactionType":"ENTER_TEXT"}]}
RESULT: {"script":"<script> [776 bytes]","args":[{"enterText":"r6keXJCoaV","selector":{"id":"application-manageresources-display-component---masterRU--smartFilterBar-btnBasicSearch","interaction":{"idSuffix":"I"}},"clearTextFirst":true,"interactionType":"ENTER_TEXT"}]}
COMMAND: POST /session/ff0536b58743eaf2c437238d004892b9/actions - {"actions":[{"id":"action60","type":"key","parameters":{},"actions":[{"type":"keyDown","value":"î€‡"},{"type":"pause","duration":10},{"type":"keyUp","value":"î€‡"}]}]}
RESULT: {"actions":[{"id":"action60","type":"key","parameters":{},"actions":[{"type":"keyDown","value":"î€‡"},{"type":"pause","duration":10},{"type":"keyUp","value":"î€‡"}]}]}
COMMAND: GET /session/ff0536b58743eaf2c437238d004892b9/screenshot - {}
RESULT: {}
COMMAND: POST /session/ff0536b58743eaf2c437238d004892b9/execute/async - {"script":"<script> [1562 bytes]","args":[{"selector":{"id":"application-manageresources-display-component---masterRU--smartTable-header"},"wdio_ui5_key":"applicationmanageresources-display-component---masterRU--smartTable-header"}]}
RESULT: {"script":"<script> [1562 bytes]","args":[{"selector":{"id":"application-manageresources-display-component---masterRU--smartTable-header"},"wdio_ui5_key":"applicationmanageresources-display-component---masterRU--smartTable-header"}]}
RESULT: undefined
COMMAND: POST /session/ff0536b58743eaf2c437238d004892b9/execute/async - {"script":"<script> [6424 bytes]","args":[{"element-6066-11e4-a52e-4f735466cecf":"f.BB3617BF1549F1B1531810C266B34E3A.d.333FE6F35E7C738C56228E5CFAA86EB8.e.16203"},"getText",[]]}
RESULT: {"script":"<script> [6424 bytes]","args":[{"element-6066-11e4-a52e-4f735466cecf":"f.BB3617BF1549F1B1531810C266B34E3A.d.333FE6F35E7C738C56228E5CFAA86EB8.e.16203"},"getText",[]]}
COMMAND: POST /session/ff0536b58743eaf2c437238d004892b9/execute/async - {"script":"<script> [1562 bytes]","args":[{"selector":{"controlType":"sap.ui.core.Icon","viewName":"etm.portal.ui.manageresources.view.Master","viewId":"application-manageresources-display-component---masterRU","properties":{"src":{"regex":{"source":"slim\\-arrow\\-right"}}}},"wdio_ui5_key":"etmportal.ui.manageresources.view.Mastersap.ui.core.Icon{\"src\":{\"regex\":{\"source\":\"slim\\\\-arrow\\\\-right\"}}}"}]}
RESULT: {"script":"<script> [1562 bytes]","args":[{"selector":{"controlType":"sap.ui.core.Icon","viewName":"etm.portal.ui.manageresources.view.Master","viewId":"application-manageresources-display-component---masterRU","properties":{"src":{"regex":{"source":"slim\\-arrow\\-right"}}}},"wdio_ui5_key":"etmportal.ui.manageresources.view.Mastersap.ui.core.Icon{\"src\":{\"regex\":{\"source\":\"slim\\\\-arrow\\\\-right\"}}}"}]}
RESULT: undefined
COMMAND: POST /session/ff0536b58743eaf2c437238d004892b9/element - {"using":"xpath","value":"//*[@id=\"__item907-__clone2249-imgNav\"]"}
RESULT: {"using":"xpath","value":"//*[@id=\"__item907-__clone2249-imgNav\"]"}
COMMAND: POST /session/ff0536b58743eaf2c437238d004892b9/element/f.BB3617BF1549F1B1531810C266B34E3A.d.333FE6F35E7C738C56228E5CFAA86EB8.e.16202/click - {}
RESULT: {}
COMMAND: GET /session/ff0536b58743eaf2c437238d004892b9/screenshot - {}
COMMAND: POST /session/ff0536b58743eaf2c437238d004892b9/element - {"using":"xpath","value":"//bdi[contains(text(), \"Edit\")]"}
RESULT: {}
RESULT: {"using":"xpath","value":"//bdi[contains(text(), \"Edit\")]"}
COMMAND: POST /session/ff0536b58743eaf2c437238d004892b9/execute/sync - {"script":"<script> [8489 bytes]","args":[{"element-6066-11e4-a52e-4f735466cecf":"f.BB3617BF1549F1B1531810C266B34E3A.d.333FE6F35E7C738C56228E5CFAA86EB8.e.16299","ELEMENT":"f.BB3617BF1549F1B1531810C266B34E3A.d.333FE6F35E7C738C56228E5CFAA86EB8.e.16299"}]}
RESULT: {"script":"<script> [8489 bytes]","args":[{"element-6066-11e4-a52e-4f735466cecf":"f.BB3617BF1549F1B1531810C266B34E3A.d.333FE6F35E7C738C56228E5CFAA86EB8.e.16299","ELEMENT":"f.BB3617BF1549F1B1531810C266B34E3A.d.333FE6F35E7C738C56228E5CFAA86EB8.e.16299"}]}
COMMAND: POST /session/ff0536b58743eaf2c437238d004892b9/element/f.BB3617BF1549F1B1531810C266B34E3A.d.333FE6F35E7C738C56228E5CFAA86EB8.e.16299/click - {}
COMMAND: GET /session/ff0536b58743eaf2c437238d004892b9/screenshot - {}
RESULT: {}
COMMAND: GET /session/ff0536b58743eaf2c437238d004892b9/screenshot - {}
RESULT: {}
RESULT: {}
COMMAND: POST /session/ff0536b58743eaf2c437238d004892b9/execute/async - {"script":"<script> [1562 bytes]","args":[{"selector":{"id":"application-manageresources-display-component---editResource--editRruPage-anchBar-application-manageresources-display-component---editResource--counters-anchor","interaction":{"idSuffix":"BDI-content"}},"wdio_ui5_key":"applicationmanageresources-display-component---editResource--editRruPage-anchBar-application-manageresources-display-component---editResource--counters-anchor"}]}
RESULT: {"script":"<script> [1562 bytes]","args":[{"selector":{"id":"application-manageresources-display-component---editResource--editRruPage-anchBar-application-manageresources-display-component---editResource--counters-anchor","interaction":{"idSuffix":"BDI-content"}},"wdio_ui5_key":"applicationmanageresources-display-component---editResource--editRruPage-anchBar-application-manageresources-display-component---editResource--counters-anchor"}]}
RESULT: undefined
COMMAND: POST /session/ff0536b58743eaf2c437238d004892b9/element - {"using":"xpath","value":"//*[@id=\"application-manageresources-display-component---editResource--editRruPage-anchBar-application-manageresources-display-component---editResource--counters-anchor\"]"}
RESULT: {"using":"xpath","value":"//*[@id=\"application-manageresources-display-component---editResource--editRruPage-anchBar-application-manageresources-display-component---editResource--counters-anchor\"]"}
COMMAND: POST /session/ff0536b58743eaf2c437238d004892b9/element/f.BB3617BF1549F1B1531810C266B34E3A.d.333FE6F35E7C738C56228E5CFAA86EB8.e.16455/click - {}
RESULT: {}
COMMAND: GET /session/ff0536b58743eaf2c437238d004892b9/screenshot - {}
RESULT: {}
COMMAND: POST /session/ff0536b58743eaf2c437238d004892b9/execute/async - {"script":"<script> [1562 bytes]","args":[{"selector":{"id":"application-manageresources-display-component---editResource--btnAddCounter-img"},"wdio_ui5_key":"applicationmanageresources-display-component---editResource--btnAddCounter-img"}]}
RESULT: {"script":"<script> [1562 bytes]","args":[{"selector":{"id":"application-manageresources-display-component---editResource--btnAddCounter-img"},"wdio_ui5_key":"applicationmanageresources-display-component---editResource--btnAddCounter-img"}]}
RESULT: undefined
COMMAND: POST /session/ff0536b58743eaf2c437238d004892b9/element - {"using":"xpath","value":"//*[@id=\"application-manageresources-display-component---editResource--btnAddCounter-img\"]"}
RESULT: {"using":"xpath","value":"//*[@id=\"application-manageresources-display-component---editResource--btnAddCounter-img\"]"}
COMMAND: POST /session/ff0536b58743eaf2c437238d004892b9/element/f.BB3617BF1549F1B1531810C266B34E3A.d.333FE6F35E7C738C56228E5CFAA86EB8.e.16460/click - {}
RESULT: {}
COMMAND: POST /session/ff0536b58743eaf2c437238d004892b9/execute/async - {"script":"<script> [1562 bytes]","args":[{"selector":{"id":"application-manageresources-display-component---editResource--COUNTER_ID-application-manageresources-display-component---editResource--RUCounters-0-arrow"},"wdio_ui5_key":"applicationmanageresources-display-component---editResource--COUNTER_ID-application-manageresources-display-component---editResource--RUCounters-0-arrow"}]}
COMMAND: GET /session/ff0536b58743eaf2c437238d004892b9/screenshot - {}
RESULT: {"script":"<script> [1562 bytes]","args":[{"selector":{"id":"application-manageresources-display-component---editResource--COUNTER_ID-application-manageresources-display-component---editResource--RUCounters-0-arrow"},"wdio_ui5_key":"applicationmanageresources-display-component---editResource--COUNTER_ID-application-manageresources-display-component---editResource--RUCounters-0-arrow"}]}
RESULT: undefined
COMMAND: POST /session/ff0536b58743eaf2c437238d004892b9/element - {"using":"xpath","value":"//*[@id=\"application-manageresources-display-component---editResource--COUNTER_ID-application-manageresources-display-component---editResource--RUCounters-0-arrow\"]"}
RESULT: {}
RESULT: {"using":"xpath","value":"//*[@id=\"application-manageresources-display-component---editResource--COUNTER_ID-application-manageresources-display-component---editResource--RUCounters-0-arrow\"]"}
COMMAND: POST /session/ff0536b58743eaf2c437238d004892b9/element/f.BB3617BF1549F1B1531810C266B34E3A.d.333FE6F35E7C738C56228E5CFAA86EB8.e.16474/click - {}
RESULT: {}
COMMAND: POST /session/ff0536b58743eaf2c437238d004892b9/execute/async - {"script":"<script> [1562 bytes]","args":[{"selector":{"controlType":"sap.m.StandardListItem","viewName":"etm.portal.ui.manageresources.view.EditResource","viewId":"application-manageresources-display-component---editResource","properties":{"title":"fuel"},"searchOpenDialogs":true,"interaction":{"idSuffix":"content"}},"wdio_ui5_key":"etmportal.ui.manageresources.view.EditResourcesap.m.StandardListItem{\"title\":\"fuel\"}"}]}
COMMAND: GET /session/ff0536b58743eaf2c437238d004892b9/screenshot - {}
RESULT: {"script":"<script> [1562 bytes]","args":[{"selector":{"controlType":"sap.m.StandardListItem","viewName":"etm.portal.ui.manageresources.view.EditResource","viewId":"application-manageresources-display-component---editResource","properties":{"title":"fuel"},"searchOpenDialogs":true,"interaction":{"idSuffix":"content"}},"wdio_ui5_key":"etmportal.ui.manageresources.view.EditResourcesap.m.StandardListItem{\"title\":\"fuel\"}"}]}
RESULT: undefined
COMMAND: POST /session/ff0536b58743eaf2c437238d004892b9/element - {"using":"xpath","value":"//*[@id=\"__item1187\"]"}
RESULT: {}
RESULT: {"using":"xpath","value":"//*[@id=\"__item1187\"]"}
COMMAND: POST /session/ff0536b58743eaf2c437238d004892b9/element/f.BB3617BF1549F1B1531810C266B34E3A.d.333FE6F35E7C738C56228E5CFAA86EB8.e.16476/click - {}
RESULT: {}
COMMAND: POST /session/ff0536b58743eaf2c437238d004892b9/execute/async - {"script":"<script> [1562 bytes]","args":[{"selector":{"controlType":"sap.m.Button","viewName":"etm.portal.ui.manageresources.view.EditResource","viewId":"application-manageresources-display-component---editResource","i18NText":{"propertyName":"text","key":"save"},"interaction":{"idSuffix":"BDI-content"}},"wdio_ui5_key":"etmportal.ui.manageresources.view.EditResourcesap.m.Button{\"propertyName\":\"text\",\"key\":\"save\"}"}]}
COMMAND: GET /session/ff0536b58743eaf2c437238d004892b9/screenshot - {}
RESULT: {"script":"<script> [1562 bytes]","args":[{"selector":{"controlType":"sap.m.Button","viewName":"etm.portal.ui.manageresources.view.EditResource","viewId":"application-manageresources-display-component---editResource","i18NText":{"propertyName":"text","key":"save"},"interaction":{"idSuffix":"BDI-content"}},"wdio_ui5_key":"etmportal.ui.manageresources.view.EditResourcesap.m.Button{\"propertyName\":\"text\",\"key\":\"save\"}"}]}
RESULT: undefined
COMMAND: POST /session/ff0536b58743eaf2c437238d004892b9/element - {"using":"xpath","value":"//*[@id=\"__button186\"]"}
RESULT: {}
RESULT: {"using":"xpath","value":"//*[@id=\"__button186\"]"}
COMMAND: POST /session/ff0536b58743eaf2c437238d004892b9/element/f.BB3617BF1549F1B1531810C266B34E3A.d.333FE6F35E7C738C56228E5CFAA86EB8.e.16478/click - {}
RESULT: {}
COMMAND: GET /session/ff0536b58743eaf2c437238d004892b9/screenshot - {}
RESULT: {}
COMMAND: POST /session/ff0536b58743eaf2c437238d004892b9/element - {"using":"css selector","value":"#shell-header-logo"}
RESULT: {"using":"css selector","value":"#shell-header-logo"}
COMMAND: POST /session/ff0536b58743eaf2c437238d004892b9/element/f.BB3617BF1549F1B1531810C266B34E3A.d.333FE6F35E7C738C56228E5CFAA86EB8.e.16022/click - {}
RESULT: {}
COMMAND: GET /session/ff0536b58743eaf2c437238d004892b9/screenshot - {}
RESULT: {}
]]></system-out>
    </testcase>
    <testcase classname="chrome.136_0_7103_93.windows.Performance_based_billing_(work_days)_US139742" name="Should do a stock increase on the yard for the equipment" time="88.506">
      <system-out><![CDATA[
COMMAND: POST /session/ff0536b58743eaf2c437238d004892b9/execute/async - {"script":"<script> [1562 bytes]","args":[{"selector":{"controlType":"sap.m.GenericTile","properties":{"header":"Manage Handovers"}},"wdio_ui5_key":"sapm.GenericTile{\"header\":\"Manage Handovers\"}"}]}
RESULT: {"script":"<script> [1562 bytes]","args":[{"selector":{"controlType":"sap.m.GenericTile","properties":{"header":"Manage Handovers"}},"wdio_ui5_key":"sapm.GenericTile{\"header\":\"Manage Handovers\"}"}]}
RESULT: undefined
COMMAND: POST /session/ff0536b58743eaf2c437238d004892b9/element - {"using":"xpath","value":"//*[@id=\"__tile130\"]"}
RESULT: {"using":"xpath","value":"//*[@id=\"__tile130\"]"}
COMMAND: POST /session/ff0536b58743eaf2c437238d004892b9/element/f.BB3617BF1549F1B1531810C266B34E3A.d.333FE6F35E7C738C56228E5CFAA86EB8.e.14770/click - {}
RESULT: {}
COMMAND: GET /session/ff0536b58743eaf2c437238d004892b9/screenshot - {}
RESULT: {}
COMMAND: POST /session/ff0536b58743eaf2c437238d004892b9/elements - {"using":"xpath","value":"//span[text()='Error']"}
RESULT: {"using":"xpath","value":"//span[text()='Error']"}
COMMAND: POST /session/ff0536b58743eaf2c437238d004892b9/element - {"using":"xpath","value":"//button[@data-kt=\"masterHOAddButton\"]"}
RESULT: {"using":"xpath","value":"//button[@data-kt=\"masterHOAddButton\"]"}
COMMAND: POST /session/ff0536b58743eaf2c437238d004892b9/elements - {"using":"xpath","value":"//button[@data-kt=\"masterHOAddButton\"]"}
RESULT: {"using":"xpath","value":"//button[@data-kt=\"masterHOAddButton\"]"}
COMMAND: POST /session/ff0536b58743eaf2c437238d004892b9/execute/sync - {"script":"<script> [8489 bytes]","args":[{"element-6066-11e4-a52e-4f735466cecf":"f.BB3617BF1549F1B1531810C266B34E3A.d.333FE6F35E7C738C56228E5CFAA86EB8.e.16524","ELEMENT":"f.BB3617BF1549F1B1531810C266B34E3A.d.333FE6F35E7C738C56228E5CFAA86EB8.e.16524"}]}
RESULT: {"script":"<script> [8489 bytes]","args":[{"element-6066-11e4-a52e-4f735466cecf":"f.BB3617BF1549F1B1531810C266B34E3A.d.333FE6F35E7C738C56228E5CFAA86EB8.e.16524","ELEMENT":"f.BB3617BF1549F1B1531810C266B34E3A.d.333FE6F35E7C738C56228E5CFAA86EB8.e.16524"}]}
COMMAND: GET /session/ff0536b58743eaf2c437238d004892b9/element/f.BB3617BF1549F1B1531810C266B34E3A.d.333FE6F35E7C738C56228E5CFAA86EB8.e.16524/enabled - {}
COMMAND: GET /session/ff0536b58743eaf2c437238d004892b9/screenshot - {}
RESULT: {}
COMMAND: POST /session/ff0536b58743eaf2c437238d004892b9/execute/sync - {"script":"<script> [8489 bytes]","args":[{"element-6066-11e4-a52e-4f735466cecf":"f.BB3617BF1549F1B1531810C266B34E3A.d.333FE6F35E7C738C56228E5CFAA86EB8.e.16524","ELEMENT":"f.BB3617BF1549F1B1531810C266B34E3A.d.333FE6F35E7C738C56228E5CFAA86EB8.e.16524"}]}
COMMAND: GET /session/ff0536b58743eaf2c437238d004892b9/screenshot - {}
RESULT: {}
RESULT: {"script":"<script> [8489 bytes]","args":[{"element-6066-11e4-a52e-4f735466cecf":"f.BB3617BF1549F1B1531810C266B34E3A.d.333FE6F35E7C738C56228E5CFAA86EB8.e.16524","ELEMENT":"f.BB3617BF1549F1B1531810C266B34E3A.d.333FE6F35E7C738C56228E5CFAA86EB8.e.16524"}]}
COMMAND: POST /session/ff0536b58743eaf2c437238d004892b9/execute/sync - {"script":"<script> [5351 bytes]","args":[{"element-6066-11e4-a52e-4f735466cecf":"f.BB3617BF1549F1B1531810C266B34E3A.d.333FE6F35E7C738C56228E5CFAA86EB8.e.16524","ELEMENT":"f.BB3617BF1549F1B1531810C266B34E3A.d.333FE6F35E7C738C56228E5CFAA86EB8.e.16524"}]}
COMMAND: GET /session/ff0536b58743eaf2c437238d004892b9/screenshot - {}
RESULT: {}
RESULT: {"script":"<script> [5351 bytes]","args":[{"element-6066-11e4-a52e-4f735466cecf":"f.BB3617BF1549F1B1531810C266B34E3A.d.333FE6F35E7C738C56228E5CFAA86EB8.e.16524","ELEMENT":"f.BB3617BF1549F1B1531810C266B34E3A.d.333FE6F35E7C738C56228E5CFAA86EB8.e.16524"}]}
COMMAND: POST /session/ff0536b58743eaf2c437238d004892b9/element/f.BB3617BF1549F1B1531810C266B34E3A.d.333FE6F35E7C738C56228E5CFAA86EB8.e.16524/click - {}
COMMAND: GET /session/ff0536b58743eaf2c437238d004892b9/screenshot - {}
RESULT: {}
RESULT: {}
COMMAND: GET /session/ff0536b58743eaf2c437238d004892b9/screenshot - {}
RESULT: {}
COMMAND: POST /session/ff0536b58743eaf2c437238d004892b9/element - {"using":"xpath","value":"//span[contains(@id ,\"AddNewHO--typeSelect-arrow\")]"}
RESULT: {}
RESULT: {"using":"xpath","value":"//span[contains(@id ,\"AddNewHO--typeSelect-arrow\")]"}
COMMAND: POST /session/ff0536b58743eaf2c437238d004892b9/element/f.BB3617BF1549F1B1531810C266B34E3A.d.333FE6F35E7C738C56228E5CFAA86EB8.e.16879/click - {}
RESULT: {}
COMMAND: GET /session/ff0536b58743eaf2c437238d004892b9/screenshot - {}
RESULT: {}
COMMAND: POST /session/ff0536b58743eaf2c437238d004892b9/element - {"using":"xpath","value":"(//li[contains(text(), \"stock increase yard\")])[1]"}
RESULT: {"using":"xpath","value":"(//li[contains(text(), \"stock increase yard\")])[1]"}
COMMAND: POST /session/ff0536b58743eaf2c437238d004892b9/element/f.BB3617BF1549F1B1531810C266B34E3A.d.333FE6F35E7C738C56228E5CFAA86EB8.e.16880/click - {}
RESULT: {}
COMMAND: GET /session/ff0536b58743eaf2c437238d004892b9/screenshot - {}
RESULT: {}
COMMAND: POST /session/ff0536b58743eaf2c437238d004892b9/execute/async - {"script":"<script> [1562 bytes]","args":[{"selector":{"id":"application-managehandovers-display-component---AddNewHO--dueDate","interaction":{"idSuffix":"inner"}},"wdio_ui5_key":"applicationmanagehandovers-display-component---AddNewHO--dueDate"}]}
RESULT: {"script":"<script> [1562 bytes]","args":[{"selector":{"id":"application-managehandovers-display-component---AddNewHO--dueDate","interaction":{"idSuffix":"inner"}},"wdio_ui5_key":"applicationmanagehandovers-display-component---AddNewHO--dueDate"}]}
RESULT: undefined
COMMAND: POST /session/ff0536b58743eaf2c437238d004892b9/execute/async - {"script":"<script> [6424 bytes]","args":[{"element-6066-11e4-a52e-4f735466cecf":"f.BB3617BF1549F1B1531810C266B34E3A.d.333FE6F35E7C738C56228E5CFAA86EB8.e.16882"},"setValue",["5/15/25"]]}
RESULT: {"script":"<script> [6424 bytes]","args":[{"element-6066-11e4-a52e-4f735466cecf":"f.BB3617BF1549F1B1531810C266B34E3A.d.333FE6F35E7C738C56228E5CFAA86EB8.e.16882"},"setValue",["5/15/25"]]}
COMMAND: POST /session/ff0536b58743eaf2c437238d004892b9/element - {"using":"xpath","value":"//input[@id=\"generalSectionFrg--receiveYard-inner\"]"}
RESULT: {"using":"xpath","value":"//input[@id=\"generalSectionFrg--receiveYard-inner\"]"}
COMMAND: POST /session/ff0536b58743eaf2c437238d004892b9/element/f.BB3617BF1549F1B1531810C266B34E3A.d.333FE6F35E7C738C56228E5CFAA86EB8.e.16886/clear - {}
RESULT: {}
COMMAND: POST /session/ff0536b58743eaf2c437238d004892b9/element/f.BB3617BF1549F1B1531810C266B34E3A.d.333FE6F35E7C738C56228E5CFAA86EB8.e.16886/value - {"text":"411"}
COMMAND: GET /session/ff0536b58743eaf2c437238d004892b9/screenshot - {}
RESULT: {"text":"411"}
COMMAND: GET /session/ff0536b58743eaf2c437238d004892b9/screenshot - {}
RESULT: {}
RESULT: {}
COMMAND: POST /session/ff0536b58743eaf2c437238d004892b9/element - {"using":"xpath","value":"//li[.//span[text()='411']]"}
RESULT: {"using":"xpath","value":"//li[.//span[text()='411']]"}
COMMAND: POST /session/ff0536b58743eaf2c437238d004892b9/element/f.BB3617BF1549F1B1531810C266B34E3A.d.333FE6F35E7C738C56228E5CFAA86EB8.e.16902/click - {}
RESULT: {}
COMMAND: GET /session/ff0536b58743eaf2c437238d004892b9/screenshot - {}
RESULT: {}
COMMAND: POST /session/ff0536b58743eaf2c437238d004892b9/execute/async - {"script":"<script> [1562 bytes]","args":[{"selector":{"id":"application-managehandovers-display-component---AddNewHO--ObjectPageLayout-anchBar-application-managehandovers-display-component---AddNewHO--section4-anchor","interaction":{"idSuffix":"BDI-content"}},"wdio_ui5_key":"applicationmanagehandovers-display-component---AddNewHO--ObjectPageLayout-anchBar-application-managehandovers-display-component---AddNewHO--section4-anchor"}]}
RESULT: {"script":"<script> [1562 bytes]","args":[{"selector":{"id":"application-managehandovers-display-component---AddNewHO--ObjectPageLayout-anchBar-application-managehandovers-display-component---AddNewHO--section4-anchor","interaction":{"idSuffix":"BDI-content"}},"wdio_ui5_key":"applicationmanagehandovers-display-component---AddNewHO--ObjectPageLayout-anchBar-application-managehandovers-display-component---AddNewHO--section4-anchor"}]}
RESULT: undefined
COMMAND: POST /session/ff0536b58743eaf2c437238d004892b9/element - {"using":"xpath","value":"//*[@id=\"application-managehandovers-display-component---AddNewHO--ObjectPageLayout-anchBar-application-managehandovers-display-component---AddNewHO--section4-anchor\"]"}
RESULT: {"using":"xpath","value":"//*[@id=\"application-managehandovers-display-component---AddNewHO--ObjectPageLayout-anchBar-application-managehandovers-display-component---AddNewHO--section4-anchor\"]"}
COMMAND: POST /session/ff0536b58743eaf2c437238d004892b9/element/f.BB3617BF1549F1B1531810C266B34E3A.d.333FE6F35E7C738C56228E5CFAA86EB8.e.16904/click - {}
RESULT: {}
COMMAND: POST /session/ff0536b58743eaf2c437238d004892b9/element - {"using":"xpath","value":"//button[@aria-label=\"Add\"]"}
COMMAND: GET /session/ff0536b58743eaf2c437238d004892b9/screenshot - {}
RESULT: {"using":"xpath","value":"//button[@aria-label=\"Add\"]"}
COMMAND: POST /session/ff0536b58743eaf2c437238d004892b9/element/f.BB3617BF1549F1B1531810C266B34E3A.d.333FE6F35E7C738C56228E5CFAA86EB8.e.16906/click - {}
RESULT: {}
RESULT: {}
COMMAND: GET /session/ff0536b58743eaf2c437238d004892b9/screenshot - {}
RESULT: {}
COMMAND: POST /session/ff0536b58743eaf2c437238d004892b9/execute/async - {"script":"<script> [1562 bytes]","args":[{"selector":{"id":"application-managehandovers-display-component---AddNewHO--smartFilterBar-btnBasicSearch","searchOpenDialogs":true,"interaction":{"idSuffix":"I"}},"wdio_ui5_key":"applicationmanagehandovers-display-component---AddNewHO--smartFilterBar-btnBasicSearch"}]}
RESULT: {"script":"<script> [1562 bytes]","args":[{"selector":{"id":"application-managehandovers-display-component---AddNewHO--smartFilterBar-btnBasicSearch","searchOpenDialogs":true,"interaction":{"idSuffix":"I"}},"wdio_ui5_key":"applicationmanagehandovers-display-component---AddNewHO--smartFilterBar-btnBasicSearch"}]}
RESULT: undefined
COMMAND: POST /session/ff0536b58743eaf2c437238d004892b9/execute/async - {"script":"<script> [776 bytes]","args":[{"enterText":"r6keXJCoaV","selector":{"id":"application-managehandovers-display-component---AddNewHO--smartFilterBar-btnBasicSearch","searchOpenDialogs":true,"interaction":{"idSuffix":"I"}},"clearTextFirst":true,"interactionType":"ENTER_TEXT"}]}
RESULT: {"script":"<script> [776 bytes]","args":[{"enterText":"r6keXJCoaV","selector":{"id":"application-managehandovers-display-component---AddNewHO--smartFilterBar-btnBasicSearch","searchOpenDialogs":true,"interaction":{"idSuffix":"I"}},"clearTextFirst":true,"interactionType":"ENTER_TEXT"}]}
COMMAND: POST /session/ff0536b58743eaf2c437238d004892b9/actions - {"actions":[{"id":"action61","type":"key","parameters":{},"actions":[{"type":"keyDown","value":"î€‡"},{"type":"pause","duration":10},{"type":"keyUp","value":"î€‡"}]}]}
RESULT: {"actions":[{"id":"action61","type":"key","parameters":{},"actions":[{"type":"keyDown","value":"î€‡"},{"type":"pause","duration":10},{"type":"keyUp","value":"î€‡"}]}]}
COMMAND: GET /session/ff0536b58743eaf2c437238d004892b9/screenshot - {}
RESULT: {}
COMMAND: POST /session/ff0536b58743eaf2c437238d004892b9/execute/async - {"script":"<script> [1562 bytes]","args":[{"selector":{"id":"application-managehandovers-display-component---AddNewHO--popup-sa","searchOpenDialogs":true,"interaction":{"idSuffix":"CbBg"}},"wdio_ui5_key":"applicationmanagehandovers-display-component---AddNewHO--popup-sa"}]}
RESULT: {"script":"<script> [1562 bytes]","args":[{"selector":{"id":"application-managehandovers-display-component---AddNewHO--popup-sa","searchOpenDialogs":true,"interaction":{"idSuffix":"CbBg"}},"wdio_ui5_key":"applicationmanagehandovers-display-component---AddNewHO--popup-sa"}]}
RESULT: undefined
COMMAND: POST /session/ff0536b58743eaf2c437238d004892b9/element - {"using":"xpath","value":"//*[@id=\"application-managehandovers-display-component---AddNewHO--popup-sa\"]"}
RESULT: {"using":"xpath","value":"//*[@id=\"application-managehandovers-display-component---AddNewHO--popup-sa\"]"}
COMMAND: POST /session/ff0536b58743eaf2c437238d004892b9/element/f.BB3617BF1549F1B1531810C266B34E3A.d.333FE6F35E7C738C56228E5CFAA86EB8.e.17059/click - {}
RESULT: {}
COMMAND: GET /session/ff0536b58743eaf2c437238d004892b9/screenshot - {}
RESULT: {}
COMMAND: POST /session/ff0536b58743eaf2c437238d004892b9/element - {"using":"xpath","value":"//bdi[contains(text(), \"Select\")]"}
RESULT: {"using":"xpath","value":"//bdi[contains(text(), \"Select\")]"}
COMMAND: POST /session/ff0536b58743eaf2c437238d004892b9/element/f.BB3617BF1549F1B1531810C266B34E3A.d.333FE6F35E7C738C56228E5CFAA86EB8.e.17060/click - {}
RESULT: {}
COMMAND: GET /session/ff0536b58743eaf2c437238d004892b9/screenshot - {}
RESULT: {}
COMMAND: POST /session/ff0536b58743eaf2c437238d004892b9/element - {"using":"xpath","value":"//button[@data-kt=\"AddNewHOSaveButton\"]"}
RESULT: {"using":"xpath","value":"//button[@data-kt=\"AddNewHOSaveButton\"]"}
COMMAND: POST /session/ff0536b58743eaf2c437238d004892b9/element/f.BB3617BF1549F1B1531810C266B34E3A.d.333FE6F35E7C738C56228E5CFAA86EB8.e.17064/click - {}
RESULT: {}
COMMAND: GET /session/ff0536b58743eaf2c437238d004892b9/screenshot - {}
RESULT: {}
COMMAND: POST /session/ff0536b58743eaf2c437238d004892b9/execute/async - {"script":"<script> [1562 bytes]","args":[{"selector":{"id":"receiptDatePicker","viewName":"etm.portal.ui.managehandovers.view.DetailExecuteHO","interaction":{"idSuffix":"inner"}},"wdio_ui5_key":"receiptDatePickeretmportal.ui.managehandovers.view.DetailExecuteHO"}]}
RESULT: {"script":"<script> [1562 bytes]","args":[{"selector":{"id":"receiptDatePicker","viewName":"etm.portal.ui.managehandovers.view.DetailExecuteHO","interaction":{"idSuffix":"inner"}},"wdio_ui5_key":"receiptDatePickeretmportal.ui.managehandovers.view.DetailExecuteHO"}]}
RESULT: undefined
COMMAND: POST /session/ff0536b58743eaf2c437238d004892b9/execute/async - {"script":"<script> [6424 bytes]","args":[{"element-6066-11e4-a52e-4f735466cecf":"f.BB3617BF1549F1B1531810C266B34E3A.d.333FE6F35E7C738C56228E5CFAA86EB8.e.17083"},"setValue",["5/15/25"]]}
RESULT: {"script":"<script> [6424 bytes]","args":[{"element-6066-11e4-a52e-4f735466cecf":"f.BB3617BF1549F1B1531810C266B34E3A.d.333FE6F35E7C738C56228E5CFAA86EB8.e.17083"},"setValue",["5/15/25"]]}
COMMAND: POST /session/ff0536b58743eaf2c437238d004892b9/element - {"using":"xpath","value":"//button[@data-kt=\"PickingTableConfirmAllButton\"]"}
RESULT: {"using":"xpath","value":"//button[@data-kt=\"PickingTableConfirmAllButton\"]"}
COMMAND: POST /session/ff0536b58743eaf2c437238d004892b9/element/f.BB3617BF1549F1B1531810C266B34E3A.d.333FE6F35E7C738C56228E5CFAA86EB8.e.17097/click - {}
RESULT: {}
COMMAND: GET /session/ff0536b58743eaf2c437238d004892b9/screenshot - {}
RESULT: {}
COMMAND: POST /session/ff0536b58743eaf2c437238d004892b9/element - {"using":"xpath","value":"//bdi[contains(text(), \"OK\")]"}
RESULT: {"using":"xpath","value":"//bdi[contains(text(), \"OK\")]"}
COMMAND: POST /session/ff0536b58743eaf2c437238d004892b9/element/f.BB3617BF1549F1B1531810C266B34E3A.d.333FE6F35E7C738C56228E5CFAA86EB8.e.17099/click - {}
RESULT: {}
COMMAND: GET /session/ff0536b58743eaf2c437238d004892b9/screenshot - {}
RESULT: {}
COMMAND: POST /session/ff0536b58743eaf2c437238d004892b9/element - {"using":"xpath","value":"(//bdi[contains(text(), \"Receive\")])[2]"}
RESULT: {"using":"xpath","value":"(//bdi[contains(text(), \"Receive\")])[2]"}
COMMAND: POST /session/ff0536b58743eaf2c437238d004892b9/element/f.BB3617BF1549F1B1531810C266B34E3A.d.333FE6F35E7C738C56228E5CFAA86EB8.e.17101/click - {}
RESULT: {}
COMMAND: GET /session/ff0536b58743eaf2c437238d004892b9/screenshot - {}
RESULT: {}
COMMAND: POST /session/ff0536b58743eaf2c437238d004892b9/element - {"using":"css selector","value":"#shell-header-logo"}
RESULT: {"using":"css selector","value":"#shell-header-logo"}
COMMAND: POST /session/ff0536b58743eaf2c437238d004892b9/element/f.BB3617BF1549F1B1531810C266B34E3A.d.333FE6F35E7C738C56228E5CFAA86EB8.e.16487/click - {}
RESULT: {}
COMMAND: GET /session/ff0536b58743eaf2c437238d004892b9/screenshot - {}
RESULT: {}
]]></system-out>
    </testcase>
    <testcase classname="chrome.136_0_7103_93.windows.Performance_based_billing_(work_days)_US139742" name="Should create a new contract" time="59.054">
      <system-out><![CDATA[
COMMAND: POST /session/ff0536b58743eaf2c437238d004892b9/execute/async - {"script":"<script> [1562 bytes]","args":[{"selector":{"controlType":"sap.m.GenericTile","properties":{"header":"Manage Contracts"}},"wdio_ui5_key":"sapm.GenericTile{\"header\":\"Manage Contracts\"}"}]}
RESULT: {"script":"<script> [1562 bytes]","args":[{"selector":{"controlType":"sap.m.GenericTile","properties":{"header":"Manage Contracts"}},"wdio_ui5_key":"sapm.GenericTile{\"header\":\"Manage Contracts\"}"}]}
RESULT: undefined
COMMAND: POST /session/ff0536b58743eaf2c437238d004892b9/element - {"using":"xpath","value":"//*[@id=\"__tile131\"]"}
RESULT: {"using":"xpath","value":"//*[@id=\"__tile131\"]"}
COMMAND: POST /session/ff0536b58743eaf2c437238d004892b9/element/f.BB3617BF1549F1B1531810C266B34E3A.d.333FE6F35E7C738C56228E5CFAA86EB8.e.14709/click - {}
RESULT: {}
COMMAND: GET /session/ff0536b58743eaf2c437238d004892b9/screenshot - {}
RESULT: {}
COMMAND: POST /session/ff0536b58743eaf2c437238d004892b9/elements - {"using":"xpath","value":"//span[text()='Error']"}
RESULT: {"using":"xpath","value":"//span[text()='Error']"}
COMMAND: POST /session/ff0536b58743eaf2c437238d004892b9/element - {"using":"xpath","value":"//button[@data-kt=\"addButton\"]"}
RESULT: {"using":"xpath","value":"//button[@data-kt=\"addButton\"]"}
COMMAND: POST /session/ff0536b58743eaf2c437238d004892b9/elements - {"using":"xpath","value":"//button[@data-kt=\"addButton\"]"}
RESULT: {"using":"xpath","value":"//button[@data-kt=\"addButton\"]"}
COMMAND: POST /session/ff0536b58743eaf2c437238d004892b9/execute/sync - {"script":"<script> [8489 bytes]","args":[{"element-6066-11e4-a52e-4f735466cecf":"f.BB3617BF1549F1B1531810C266B34E3A.d.333FE6F35E7C738C56228E5CFAA86EB8.e.17412","ELEMENT":"f.BB3617BF1549F1B1531810C266B34E3A.d.333FE6F35E7C738C56228E5CFAA86EB8.e.17412"}]}
RESULT: {"script":"<script> [8489 bytes]","args":[{"element-6066-11e4-a52e-4f735466cecf":"f.BB3617BF1549F1B1531810C266B34E3A.d.333FE6F35E7C738C56228E5CFAA86EB8.e.17412","ELEMENT":"f.BB3617BF1549F1B1531810C266B34E3A.d.333FE6F35E7C738C56228E5CFAA86EB8.e.17412"}]}
COMMAND: GET /session/ff0536b58743eaf2c437238d004892b9/element/f.BB3617BF1549F1B1531810C266B34E3A.d.333FE6F35E7C738C56228E5CFAA86EB8.e.17412/enabled - {}
COMMAND: GET /session/ff0536b58743eaf2c437238d004892b9/screenshot - {}
RESULT: {}
COMMAND: POST /session/ff0536b58743eaf2c437238d004892b9/execute/sync - {"script":"<script> [8489 bytes]","args":[{"element-6066-11e4-a52e-4f735466cecf":"f.BB3617BF1549F1B1531810C266B34E3A.d.333FE6F35E7C738C56228E5CFAA86EB8.e.17412","ELEMENT":"f.BB3617BF1549F1B1531810C266B34E3A.d.333FE6F35E7C738C56228E5CFAA86EB8.e.17412"}]}
COMMAND: GET /session/ff0536b58743eaf2c437238d004892b9/screenshot - {}
RESULT: {}
RESULT: {"script":"<script> [8489 bytes]","args":[{"element-6066-11e4-a52e-4f735466cecf":"f.BB3617BF1549F1B1531810C266B34E3A.d.333FE6F35E7C738C56228E5CFAA86EB8.e.17412","ELEMENT":"f.BB3617BF1549F1B1531810C266B34E3A.d.333FE6F35E7C738C56228E5CFAA86EB8.e.17412"}]}
COMMAND: POST /session/ff0536b58743eaf2c437238d004892b9/execute/sync - {"script":"<script> [5351 bytes]","args":[{"element-6066-11e4-a52e-4f735466cecf":"f.BB3617BF1549F1B1531810C266B34E3A.d.333FE6F35E7C738C56228E5CFAA86EB8.e.17412","ELEMENT":"f.BB3617BF1549F1B1531810C266B34E3A.d.333FE6F35E7C738C56228E5CFAA86EB8.e.17412"}]}
COMMAND: GET /session/ff0536b58743eaf2c437238d004892b9/screenshot - {}
RESULT: {}
RESULT: {"script":"<script> [5351 bytes]","args":[{"element-6066-11e4-a52e-4f735466cecf":"f.BB3617BF1549F1B1531810C266B34E3A.d.333FE6F35E7C738C56228E5CFAA86EB8.e.17412","ELEMENT":"f.BB3617BF1549F1B1531810C266B34E3A.d.333FE6F35E7C738C56228E5CFAA86EB8.e.17412"}]}
COMMAND: GET /session/ff0536b58743eaf2c437238d004892b9/screenshot - {}
RESULT: {}
RESULT: {}
COMMAND: POST /session/ff0536b58743eaf2c437238d004892b9/element/f.BB3617BF1549F1B1531810C266B34E3A.d.333FE6F35E7C738C56228E5CFAA86EB8.e.17412/click - {}
RESULT: {}
COMMAND: GET /session/ff0536b58743eaf2c437238d004892b9/screenshot - {}
RESULT: {}
COMMAND: POST /session/ff0536b58743eaf2c437238d004892b9/execute/async - {"script":"<script> [1562 bytes]","args":[{"selector":{"id":"application-managecontracts-display-component---AddNewContract--projectDescription","interaction":{"idSuffix":"inner"}},"wdio_ui5_key":"applicationmanagecontracts-display-component---AddNewContract--projectDescription"}]}
RESULT: {"script":"<script> [1562 bytes]","args":[{"selector":{"id":"application-managecontracts-display-component---AddNewContract--projectDescription","interaction":{"idSuffix":"inner"}},"wdio_ui5_key":"applicationmanagecontracts-display-component---AddNewContract--projectDescription"}]}
RESULT: undefined
COMMAND: POST /session/ff0536b58743eaf2c437238d004892b9/execute/async - {"script":"<script> [776 bytes]","args":[{"enterText":"Performance Contract WDIO","selector":{"id":"application-managecontracts-display-component---AddNewContract--projectDescription","interaction":{"idSuffix":"inner"}},"clearTextFirst":true,"interactionType":"ENTER_TEXT"}]}
RESULT: {"script":"<script> [776 bytes]","args":[{"enterText":"Performance Contract WDIO","selector":{"id":"application-managecontracts-display-component---AddNewContract--projectDescription","interaction":{"idSuffix":"inner"}},"clearTextFirst":true,"interactionType":"ENTER_TEXT"}]}
COMMAND: POST /session/ff0536b58743eaf2c437238d004892b9/element - {"using":"xpath","value":"//input[@id=\"application-managecontracts-display-component---AddNewContract--site-inner\"]"}
RESULT: {"using":"xpath","value":"//input[@id=\"application-managecontracts-display-component---AddNewContract--site-inner\"]"}
COMMAND: POST /session/ff0536b58743eaf2c437238d004892b9/element/f.BB3617BF1549F1B1531810C266B34E3A.d.333FE6F35E7C738C56228E5CFAA86EB8.e.17775/clear - {}
RESULT: {}
COMMAND: POST /session/ff0536b58743eaf2c437238d004892b9/element/f.BB3617BF1549F1B1531810C266B34E3A.d.333FE6F35E7C738C56228E5CFAA86EB8.e.17775/value - {"text":"2186"}
COMMAND: GET /session/ff0536b58743eaf2c437238d004892b9/screenshot - {}
RESULT: {"text":"2186"}
COMMAND: GET /session/ff0536b58743eaf2c437238d004892b9/screenshot - {}
RESULT: {}
RESULT: {}
COMMAND: POST /session/ff0536b58743eaf2c437238d004892b9/element - {"using":"xpath","value":"//li[.//span[text()='2186']]"}
RESULT: {"using":"xpath","value":"//li[.//span[text()='2186']]"}
COMMAND: POST /session/ff0536b58743eaf2c437238d004892b9/element/f.BB3617BF1549F1B1531810C266B34E3A.d.333FE6F35E7C738C56228E5CFAA86EB8.e.17813/click - {}
RESULT: {}
COMMAND: GET /session/ff0536b58743eaf2c437238d004892b9/screenshot - {}
RESULT: {}
COMMAND: POST /session/ff0536b58743eaf2c437238d004892b9/element - {"using":"xpath","value":"//input[@id=\"application-managecontracts-display-component---AddNewContract--yardId-inner\"]"}
RESULT: {"using":"xpath","value":"//input[@id=\"application-managecontracts-display-component---AddNewContract--yardId-inner\"]"}
COMMAND: GET /session/ff0536b58743eaf2c437238d004892b9/element/f.BB3617BF1549F1B1531810C266B34E3A.d.333FE6F35E7C738C56228E5CFAA86EB8.e.17776/property/value - {}
RESULT: {}
COMMAND: POST /session/ff0536b58743eaf2c437238d004892b9/element - {"using":"xpath","value":"//input[@id=\"application-managecontracts-display-component---AddNewContract--customerSelect-inner\"]"}
COMMAND: GET /session/ff0536b58743eaf2c437238d004892b9/screenshot - {}
RESULT: {"using":"xpath","value":"//input[@id=\"application-managecontracts-display-component---AddNewContract--customerSelect-inner\"]"}
COMMAND: POST /session/ff0536b58743eaf2c437238d004892b9/element/f.BB3617BF1549F1B1531810C266B34E3A.d.333FE6F35E7C738C56228E5CFAA86EB8.e.17774/clear - {}
RESULT: {}
RESULT: {}
COMMAND: POST /session/ff0536b58743eaf2c437238d004892b9/element/f.BB3617BF1549F1B1531810C266B34E3A.d.333FE6F35E7C738C56228E5CFAA86EB8.e.17774/value - {"text":"1223"}
COMMAND: GET /session/ff0536b58743eaf2c437238d004892b9/screenshot - {}
RESULT: {"text":"1223"}
COMMAND: GET /session/ff0536b58743eaf2c437238d004892b9/screenshot - {}
RESULT: {}
RESULT: {}
COMMAND: POST /session/ff0536b58743eaf2c437238d004892b9/element - {"using":"xpath","value":"//li[.//span[text()='1223']]"}
RESULT: {"using":"xpath","value":"//li[.//span[text()='1223']]"}
COMMAND: POST /session/ff0536b58743eaf2c437238d004892b9/element/f.BB3617BF1549F1B1531810C266B34E3A.d.333FE6F35E7C738C56228E5CFAA86EB8.e.17816/click - {}
RESULT: {}
COMMAND: GET /session/ff0536b58743eaf2c437238d004892b9/screenshot - {}
RESULT: {}
COMMAND: POST /session/ff0536b58743eaf2c437238d004892b9/element - {"using":"xpath","value":"//button[@data-kt=\"saveButton\"]"}
RESULT: {"using":"xpath","value":"//button[@data-kt=\"saveButton\"]"}
COMMAND: POST /session/ff0536b58743eaf2c437238d004892b9/element/f.BB3617BF1549F1B1531810C266B34E3A.d.333FE6F35E7C738C56228E5CFAA86EB8.e.17817/click - {}
RESULT: {}
COMMAND: GET /session/ff0536b58743eaf2c437238d004892b9/screenshot - {}
RESULT: {}
COMMAND: POST /session/ff0536b58743eaf2c437238d004892b9/element - {"using":"xpath","value":"//span[contains(@id ,\"contractDetailTitleNoExpanded\")]"}
RESULT: {"using":"xpath","value":"//span[contains(@id ,\"contractDetailTitleNoExpanded\")]"}
COMMAND: POST /session/ff0536b58743eaf2c437238d004892b9/elements - {"using":"xpath","value":"//span[contains(@id ,\"contractDetailTitleNoExpanded\")]"}
RESULT: {"using":"xpath","value":"//span[contains(@id ,\"contractDetailTitleNoExpanded\")]"}
COMMAND: POST /session/ff0536b58743eaf2c437238d004892b9/execute/sync - {"script":"<script> [56 bytes]","args":[{"element-6066-11e4-a52e-4f735466cecf":"f.BB3617BF1549F1B1531810C266B34E3A.d.333FE6F35E7C738C56228E5CFAA86EB8.e.17825","ELEMENT":"f.BB3617BF1549F1B1531810C266B34E3A.d.333FE6F35E7C738C56228E5CFAA86EB8.e.17825"}]}
RESULT: {"script":"<script> [56 bytes]","args":[{"element-6066-11e4-a52e-4f735466cecf":"f.BB3617BF1549F1B1531810C266B34E3A.d.333FE6F35E7C738C56228E5CFAA86EB8.e.17825","ELEMENT":"f.BB3617BF1549F1B1531810C266B34E3A.d.333FE6F35E7C738C56228E5CFAA86EB8.e.17825"}]}
COMMAND: GET /session/ff0536b58743eaf2c437238d004892b9/screenshot - {}
RESULT: {}
]]></system-out>
    </testcase>
    <testcase classname="chrome.136_0_7103_93.windows.Performance_based_billing_(work_days)_US139742" name="Should add equipment to the contract" time="47.29">
      <system-out><![CDATA[
COMMAND: POST /session/ff0536b58743eaf2c437238d004892b9/element - {"using":"xpath","value":"//button[@data-kt=\"contractDetailEditBtnButton\"]"}
RESULT: {"using":"xpath","value":"//button[@data-kt=\"contractDetailEditBtnButton\"]"}
COMMAND: POST /session/ff0536b58743eaf2c437238d004892b9/element/f.BB3617BF1549F1B1531810C266B34E3A.d.333FE6F35E7C738C56228E5CFAA86EB8.e.17828/click - {}
RESULT: {}
COMMAND: GET /session/ff0536b58743eaf2c437238d004892b9/screenshot - {}
RESULT: {}
COMMAND: POST /session/ff0536b58743eaf2c437238d004892b9/element - {"using":"xpath","value":"(//span[contains(text(), \"Additional Addresses\")])[2]"}
RESULT: {"using":"xpath","value":"(//span[contains(text(), \"Additional Addresses\")])[2]"}
COMMAND: POST /session/ff0536b58743eaf2c437238d004892b9/element/f.BB3617BF1549F1B1531810C266B34E3A.d.333FE6F35E7C738C56228E5CFAA86EB8.e.17883/click - {}
RESULT: {}
COMMAND: GET /session/ff0536b58743eaf2c437238d004892b9/screenshot - {}
RESULT: {}
COMMAND: POST /session/ff0536b58743eaf2c437238d004892b9/element - {"using":"xpath","value":"//button[@data-kt=\"btnAddTableRowOverflowToolbarButton\"]"}
RESULT: {"using":"xpath","value":"//button[@data-kt=\"btnAddTableRowOverflowToolbarButton\"]"}
COMMAND: POST /session/ff0536b58743eaf2c437238d004892b9/element/f.BB3617BF1549F1B1531810C266B34E3A.d.333FE6F35E7C738C56228E5CFAA86EB8.e.17886/click - {}
RESULT: {}
COMMAND: GET /session/ff0536b58743eaf2c437238d004892b9/screenshot - {}
RESULT: {}
COMMAND: POST /session/ff0536b58743eaf2c437238d004892b9/element - {"using":"xpath","value":"//div[(text() = 'Standard Entry' or . = 'Standard Entry')]"}
RESULT: {"using":"xpath","value":"//div[(text() = 'Standard Entry' or . = 'Standard Entry')]"}
COMMAND: POST /session/ff0536b58743eaf2c437238d004892b9/element/f.BB3617BF1549F1B1531810C266B34E3A.d.333FE6F35E7C738C56228E5CFAA86EB8.e.17888/click - {}
RESULT: {}
COMMAND: GET /session/ff0536b58743eaf2c437238d004892b9/screenshot - {}
RESULT: {}
COMMAND: POST /session/ff0536b58743eaf2c437238d004892b9/element - {"using":"xpath","value":"//td[7]/div/div/input"}
RESULT: {"using":"xpath","value":"//td[7]/div/div/input"}
COMMAND: POST /session/ff0536b58743eaf2c437238d004892b9/element/f.BB3617BF1549F1B1531810C266B34E3A.d.333FE6F35E7C738C56228E5CFAA86EB8.e.17897/clear - {}
RESULT: {}
COMMAND: POST /session/ff0536b58743eaf2c437238d004892b9/element/f.BB3617BF1549F1B1531810C266B34E3A.d.333FE6F35E7C738C56228E5CFAA86EB8.e.17897/value - {"text":"r6keXJCoaV"}
COMMAND: GET /session/ff0536b58743eaf2c437238d004892b9/screenshot - {}
RESULT: {"text":"r6keXJCoaV"}
COMMAND: GET /session/ff0536b58743eaf2c437238d004892b9/screenshot - {}
RESULT: {}
RESULT: {}
COMMAND: POST /session/ff0536b58743eaf2c437238d004892b9/actions - {"actions":[{"id":"action62","type":"key","parameters":{},"actions":[{"type":"keyDown","value":"î€‡"},{"type":"pause","duration":10},{"type":"keyUp","value":"î€‡"}]}]}
RESULT: {"actions":[{"id":"action62","type":"key","parameters":{},"actions":[{"type":"keyDown","value":"î€‡"},{"type":"pause","duration":10},{"type":"keyUp","value":"î€‡"}]}]}
COMMAND: GET /session/ff0536b58743eaf2c437238d004892b9/screenshot - {}
RESULT: {}
COMMAND: POST /session/ff0536b58743eaf2c437238d004892b9/execute/sync - {"script":"<script> [276 bytes]","args":["No pricing information was found"]}
RESULT: {"script":"<script> [276 bytes]","args":["No pricing information was found"]}
COMMAND: POST /session/ff0536b58743eaf2c437238d004892b9/element - {"using":"xpath","value":"(//button[@data-kt=\"saveButton\"])[2]"}
COMMAND: GET /session/ff0536b58743eaf2c437238d004892b9/screenshot - {}
RESULT: {"using":"xpath","value":"(//button[@data-kt=\"saveButton\"])[2]"}
COMMAND: POST /session/ff0536b58743eaf2c437238d004892b9/element/f.BB3617BF1549F1B1531810C266B34E3A.d.333FE6F35E7C738C56228E5CFAA86EB8.e.17912/click - {}
RESULT: {}
RESULT: {}
COMMAND: GET /session/ff0536b58743eaf2c437238d004892b9/screenshot - {}
RESULT: {}
COMMAND: POST /session/ff0536b58743eaf2c437238d004892b9/execute/sync - {"script":"<script> [276 bytes]","args":["Some contract items are having rental validity exceeding header rental validity"]}
RESULT: {"script":"<script> [276 bytes]","args":["Some contract items are having rental validity exceeding header rental validity"]}
COMMAND: GET /session/ff0536b58743eaf2c437238d004892b9/screenshot - {}
RESULT: {}
COMMAND: POST /session/ff0536b58743eaf2c437238d004892b9/element - {"using":"xpath","value":"//span[contains(@id ,\"contractItemsSmartTable-header-inner\")]"}
RESULT: {"using":"xpath","value":"//span[contains(@id ,\"contractItemsSmartTable-header-inner\")]"}
COMMAND: POST /session/ff0536b58743eaf2c437238d004892b9/elements - {"using":"xpath","value":"//span[contains(@id ,\"contractItemsSmartTable-header-inner\")]"}
RESULT: {"using":"xpath","value":"//span[contains(@id ,\"contractItemsSmartTable-header-inner\")]"}
COMMAND: POST /session/ff0536b58743eaf2c437238d004892b9/execute/sync - {"script":"<script> [56 bytes]","args":[{"element-6066-11e4-a52e-4f735466cecf":"f.BB3617BF1549F1B1531810C266B34E3A.d.333FE6F35E7C738C56228E5CFAA86EB8.e.17922","ELEMENT":"f.BB3617BF1549F1B1531810C266B34E3A.d.333FE6F35E7C738C56228E5CFAA86EB8.e.17922"}]}
RESULT: {"script":"<script> [56 bytes]","args":[{"element-6066-11e4-a52e-4f735466cecf":"f.BB3617BF1549F1B1531810C266B34E3A.d.333FE6F35E7C738C56228E5CFAA86EB8.e.17922","ELEMENT":"f.BB3617BF1549F1B1531810C266B34E3A.d.333FE6F35E7C738C56228E5CFAA86EB8.e.17922"}]}
COMMAND: GET /session/ff0536b58743eaf2c437238d004892b9/screenshot - {}
]]></system-out>
    </testcase>
    <testcase classname="chrome.136_0_7103_93.windows.Performance_based_billing_(work_days)_US139742" name="Should do a provide to site handover" time="61.845">
      <system-out><![CDATA[
COMMAND: POST /session/ff0536b58743eaf2c437238d004892b9/element - {"using":"xpath","value":"//button[@data-kt=\"provideButton\"]"}
RESULT: {}
RESULT: {"using":"xpath","value":"//button[@data-kt=\"provideButton\"]"}
COMMAND: POST /session/ff0536b58743eaf2c437238d004892b9/element/f.BB3617BF1549F1B1531810C266B34E3A.d.333FE6F35E7C738C56228E5CFAA86EB8.e.17923/click - {}
RESULT: {}
COMMAND: GET /session/ff0536b58743eaf2c437238d004892b9/screenshot - {}
RESULT: {}
RESULT: undefined
COMMAND: POST /session/ff0536b58743eaf2c437238d004892b9/execute/async - {"script":"<script> [6424 bytes]","args":[{"element-6066-11e4-a52e-4f735466cecf":"f.BB3617BF1549F1B1531810C266B34E3A.d.333FE6F35E7C738C56228E5CFAA86EB8.e.16882"},"setValue",["5/15/25"]]}
COMMAND: POST /session/ff0536b58743eaf2c437238d004892b9/execute/async - {"script":"<script> [1562 bytes]","args":[{"selector":{"id":"application-managehandovers-display-component---AddNewHO--dueDate","interaction":{"idSuffix":"inner"}},"wdio_ui5_key":"applicationmanagehandovers-display-component---AddNewHO--dueDate"}]}
RESULT: {"script":"<script> [1562 bytes]","args":[{"selector":{"id":"application-managehandovers-display-component---AddNewHO--dueDate","interaction":{"idSuffix":"inner"}},"wdio_ui5_key":"applicationmanagehandovers-display-component---AddNewHO--dueDate"}]}
COMMAND: POST /session/ff0536b58743eaf2c437238d004892b9/execute/async - {"script":"<script> [6424 bytes]","args":[{"element-6066-11e4-a52e-4f735466cecf":"f.BB3617BF1549F1B1531810C266B34E3A.d.333FE6F35E7C738C56228E5CFAA86EB8.e.17980"},"setValue",["5/15/25"]]}
RESULT: {"script":"<script> [6424 bytes]","args":[{"element-6066-11e4-a52e-4f735466cecf":"f.BB3617BF1549F1B1531810C266B34E3A.d.333FE6F35E7C738C56228E5CFAA86EB8.e.17980"},"setValue",["5/15/25"]]}
COMMAND: POST /session/ff0536b58743eaf2c437238d004892b9/element - {"using":"xpath","value":"//bdi[contains(text(), \"Instructions\")]"}
RESULT: {"using":"xpath","value":"//bdi[contains(text(), \"Instructions\")]"}
COMMAND: POST /session/ff0536b58743eaf2c437238d004892b9/element/f.BB3617BF1549F1B1531810C266B34E3A.d.333FE6F35E7C738C56228E5CFAA86EB8.e.18240/click - {}
RESULT: {}
COMMAND: GET /session/ff0536b58743eaf2c437238d004892b9/screenshot - {}
RESULT: {}
COMMAND: POST /session/ff0536b58743eaf2c437238d004892b9/element - {"using":"xpath","value":"//button[@data-kt=\"AddNewHOProvideAddItemsButton\"]"}
RESULT: {"using":"xpath","value":"//button[@data-kt=\"AddNewHOProvideAddItemsButton\"]"}
COMMAND: POST /session/ff0536b58743eaf2c437238d004892b9/element/f.BB3617BF1549F1B1531810C266B34E3A.d.333FE6F35E7C738C56228E5CFAA86EB8.e.18244/click - {}
RESULT: {}
COMMAND: GET /session/ff0536b58743eaf2c437238d004892b9/screenshot - {}
RESULT: {}
RESULT: undefined
COMMAND: POST /session/ff0536b58743eaf2c437238d004892b9/element - {"using":"xpath","value":"//*[@id=\"application-managehandovers-display-component---AddNewHO--popup-sa\"]"}
RESULT: {"using":"xpath","value":"//*[@id=\"application-managehandovers-display-component---AddNewHO--popup-sa\"]"}
COMMAND: POST /session/ff0536b58743eaf2c437238d004892b9/element/f.BB3617BF1549F1B1531810C266B34E3A.d.333FE6F35E7C738C56228E5CFAA86EB8.e.18253/click - {}
RESULT: {}
COMMAND: GET /session/ff0536b58743eaf2c437238d004892b9/screenshot - {}
RESULT: {}
COMMAND: POST /session/ff0536b58743eaf2c437238d004892b9/element - {"using":"xpath","value":"//*[contains(@id ,\"BDI-content\")][contains(text(), \"Select\")]"}
RESULT: {"using":"xpath","value":"//*[contains(@id ,\"BDI-content\")][contains(text(), \"Select\")]"}
COMMAND: POST /session/ff0536b58743eaf2c437238d004892b9/element/f.BB3617BF1549F1B1531810C266B34E3A.d.333FE6F35E7C738C56228E5CFAA86EB8.e.18255/click - {}
RESULT: {}
COMMAND: GET /session/ff0536b58743eaf2c437238d004892b9/screenshot - {}
RESULT: {}
COMMAND: POST /session/ff0536b58743eaf2c437238d004892b9/execute/async - {"script":"<script> [1562 bytes]","args":[{"selector":{"id":"application-managehandovers-display-component---AddNewHO--confirmCreationButton","interaction":{"idSuffix":"BDI-content"}},"wdio_ui5_key":"applicationmanagehandovers-display-component---AddNewHO--confirmCreationButton"}]}
RESULT: {"script":"<script> [1562 bytes]","args":[{"selector":{"id":"application-managehandovers-display-component---AddNewHO--confirmCreationButton","interaction":{"idSuffix":"BDI-content"}},"wdio_ui5_key":"applicationmanagehandovers-display-component---AddNewHO--confirmCreationButton"}]}
RESULT: undefined
COMMAND: POST /session/ff0536b58743eaf2c437238d004892b9/element - {"using":"xpath","value":"//*[@id=\"application-managehandovers-display-component---AddNewHO--confirmCreationButton\"]"}
RESULT: {"using":"xpath","value":"//*[@id=\"application-managehandovers-display-component---AddNewHO--confirmCreationButton\"]"}
COMMAND: POST /session/ff0536b58743eaf2c437238d004892b9/element/f.BB3617BF1549F1B1531810C266B34E3A.d.333FE6F35E7C738C56228E5CFAA86EB8.e.18045/click - {}
RESULT: {}
COMMAND: GET /session/ff0536b58743eaf2c437238d004892b9/screenshot - {}
RESULT: {}
COMMAND: POST /session/ff0536b58743eaf2c437238d004892b9/execute/async - {"script":"<script> [1562 bytes]","args":[{"selector":{"id":"issueDatePicker","viewName":"etm.portal.ui.managehandovers.view.DetailExecuteHO","interaction":{"idSuffix":"inner"}},"wdio_ui5_key":"issueDatePickeretmportal.ui.managehandovers.view.DetailExecuteHO"}]}
RESULT: {"script":"<script> [1562 bytes]","args":[{"selector":{"id":"issueDatePicker","viewName":"etm.portal.ui.managehandovers.view.DetailExecuteHO","interaction":{"idSuffix":"inner"}},"wdio_ui5_key":"issueDatePickeretmportal.ui.managehandovers.view.DetailExecuteHO"}]}
RESULT: undefined
COMMAND: POST /session/ff0536b58743eaf2c437238d004892b9/execute/async - {"script":"<script> [776 bytes]","args":[{"enterText":"5/15/25","selector":{"id":"issueDatePicker","viewName":"etm.portal.ui.managehandovers.view.DetailExecuteHO","interaction":{"idSuffix":"inner"}},"clearTextFirst":true,"interactionType":"ENTER_TEXT"}]}
RESULT: {"script":"<script> [776 bytes]","args":[{"enterText":"5/15/25","selector":{"id":"issueDatePicker","viewName":"etm.portal.ui.managehandovers.view.DetailExecuteHO","interaction":{"idSuffix":"inner"}},"clearTextFirst":true,"interactionType":"ENTER_TEXT"}]}
COMMAND: POST /session/ff0536b58743eaf2c437238d004892b9/element - {"using":"xpath","value":"//bdi[contains(text(), \"OK\")]"}
RESULT: {"using":"xpath","value":"//bdi[contains(text(), \"OK\")]"}
COMMAND: POST /session/ff0536b58743eaf2c437238d004892b9/element/f.BB3617BF1549F1B1531810C266B34E3A.d.333FE6F35E7C738C56228E5CFAA86EB8.e.18298/click - {}
RESULT: {}
COMMAND: GET /session/ff0536b58743eaf2c437238d004892b9/screenshot - {}
RESULT: {}
COMMAND: POST /session/ff0536b58743eaf2c437238d004892b9/element - {"using":"xpath","value":"//button[@data-kt=\"PickingTableConfirmAllButton\"]"}
RESULT: {"using":"xpath","value":"//button[@data-kt=\"PickingTableConfirmAllButton\"]"}
COMMAND: POST /session/ff0536b58743eaf2c437238d004892b9/element/f.BB3617BF1549F1B1531810C266B34E3A.d.333FE6F35E7C738C56228E5CFAA86EB8.e.18304/click - {}
RESULT: {}
COMMAND: GET /session/ff0536b58743eaf2c437238d004892b9/screenshot - {}
RESULT: {}
COMMAND: POST /session/ff0536b58743eaf2c437238d004892b9/element - {"using":"xpath","value":"//bdi[contains(text(), \"OK\")]"}
RESULT: {"using":"xpath","value":"//bdi[contains(text(), \"OK\")]"}
COMMAND: POST /session/ff0536b58743eaf2c437238d004892b9/element/f.BB3617BF1549F1B1531810C266B34E3A.d.333FE6F35E7C738C56228E5CFAA86EB8.e.18308/click - {}
RESULT: {}
COMMAND: GET /session/ff0536b58743eaf2c437238d004892b9/screenshot - {}
RESULT: {}
COMMAND: POST /session/ff0536b58743eaf2c437238d004892b9/element - {"using":"xpath","value":"//bdi[contains(text(), \"Issue\")]"}
RESULT: {"using":"xpath","value":"//bdi[contains(text(), \"Issue\")]"}
COMMAND: POST /session/ff0536b58743eaf2c437238d004892b9/element/f.BB3617BF1549F1B1531810C266B34E3A.d.333FE6F35E7C738C56228E5CFAA86EB8.e.18309/click - {}
RESULT: {}
COMMAND: GET /session/ff0536b58743eaf2c437238d004892b9/screenshot - {}
RESULT: {}
COMMAND: POST /session/ff0536b58743eaf2c437238d004892b9/element - {"using":"css selector","value":"#shell-header-logo"}
RESULT: {"using":"css selector","value":"#shell-header-logo"}
COMMAND: POST /session/ff0536b58743eaf2c437238d004892b9/element/f.BB3617BF1549F1B1531810C266B34E3A.d.333FE6F35E7C738C56228E5CFAA86EB8.e.17386/click - {}
RESULT: {}
COMMAND: GET /session/ff0536b58743eaf2c437238d004892b9/screenshot - {}
RESULT: {}
]]></system-out>
    </testcase>
    <testcase classname="chrome.136_0_7103_93.windows.Performance_based_billing_(work_days)_US139742" name="Should create a few performance documents" time="103.285">
      <system-out><![CDATA[
COMMAND: POST /session/ff0536b58743eaf2c437238d004892b9/execute/async - {"script":"<script> [1562 bytes]","args":[{"selector":{"controlType":"sap.m.GenericTile","properties":{"header":"Manage States & Performance"}},"wdio_ui5_key":"sapm.GenericTile{\"header\":\"Manage States & Performance\"}"}]}
RESULT: {"script":"<script> [1562 bytes]","args":[{"selector":{"controlType":"sap.m.GenericTile","properties":{"header":"Manage States & Performance"}},"wdio_ui5_key":"sapm.GenericTile{\"header\":\"Manage States & Performance\"}"}]}
RESULT: undefined
COMMAND: POST /session/ff0536b58743eaf2c437238d004892b9/element - {"using":"xpath","value":"//*[@id=\"__tile56\"]"}
RESULT: {"using":"xpath","value":"//*[@id=\"__tile56\"]"}
COMMAND: POST /session/ff0536b58743eaf2c437238d004892b9/element/f.BB3617BF1549F1B1531810C266B34E3A.d.333FE6F35E7C738C56228E5CFAA86EB8.e.14791/click - {}
RESULT: {}
COMMAND: GET /session/ff0536b58743eaf2c437238d004892b9/screenshot - {}
RESULT: {}
COMMAND: POST /session/ff0536b58743eaf2c437238d004892b9/elements - {"using":"xpath","value":"//span[text()='Error']"}
RESULT: {"using":"xpath","value":"//span[text()='Error']"}
COMMAND: POST /session/ff0536b58743eaf2c437238d004892b9/element - {"using":"xpath","value":"//div[@id=\"application-managestatesandperformance-display-component---stateAndPerform--smartFilterBarResources-btnBasicSearch\"]"}
RESULT: {"using":"xpath","value":"//div[@id=\"application-managestatesandperformance-display-component---stateAndPerform--smartFilterBarResources-btnBasicSearch\"]"}
COMMAND: POST /session/ff0536b58743eaf2c437238d004892b9/elements - {"using":"xpath","value":"//div[@id=\"application-managestatesandperformance-display-component---stateAndPerform--smartFilterBarResources-btnBasicSearch\"]"}
RESULT: {"using":"xpath","value":"//div[@id=\"application-managestatesandperformance-display-component---stateAndPerform--smartFilterBarResources-btnBasicSearch\"]"}
COMMAND: POST /session/ff0536b58743eaf2c437238d004892b9/execute/sync - {"script":"<script> [8489 bytes]","args":[{"element-6066-11e4-a52e-4f735466cecf":"f.BB3617BF1549F1B1531810C266B34E3A.d.333FE6F35E7C738C56228E5CFAA86EB8.e.18576","ELEMENT":"f.BB3617BF1549F1B1531810C266B34E3A.d.333FE6F35E7C738C56228E5CFAA86EB8.e.18576"}]}
RESULT: {"script":"<script> [8489 bytes]","args":[{"element-6066-11e4-a52e-4f735466cecf":"f.BB3617BF1549F1B1531810C266B34E3A.d.333FE6F35E7C738C56228E5CFAA86EB8.e.18576","ELEMENT":"f.BB3617BF1549F1B1531810C266B34E3A.d.333FE6F35E7C738C56228E5CFAA86EB8.e.18576"}]}
COMMAND: GET /session/ff0536b58743eaf2c437238d004892b9/element/f.BB3617BF1549F1B1531810C266B34E3A.d.333FE6F35E7C738C56228E5CFAA86EB8.e.18576/enabled - {}
COMMAND: GET /session/ff0536b58743eaf2c437238d004892b9/screenshot - {}
RESULT: {}
COMMAND: POST /session/ff0536b58743eaf2c437238d004892b9/execute/sync - {"script":"<script> [8489 bytes]","args":[{"element-6066-11e4-a52e-4f735466cecf":"f.BB3617BF1549F1B1531810C266B34E3A.d.333FE6F35E7C738C56228E5CFAA86EB8.e.18576","ELEMENT":"f.BB3617BF1549F1B1531810C266B34E3A.d.333FE6F35E7C738C56228E5CFAA86EB8.e.18576"}]}
COMMAND: GET /session/ff0536b58743eaf2c437238d004892b9/screenshot - {}
RESULT: {}
RESULT: {"script":"<script> [8489 bytes]","args":[{"element-6066-11e4-a52e-4f735466cecf":"f.BB3617BF1549F1B1531810C266B34E3A.d.333FE6F35E7C738C56228E5CFAA86EB8.e.18576","ELEMENT":"f.BB3617BF1549F1B1531810C266B34E3A.d.333FE6F35E7C738C56228E5CFAA86EB8.e.18576"}]}
COMMAND: POST /session/ff0536b58743eaf2c437238d004892b9/execute/sync - {"script":"<script> [5351 bytes]","args":[{"element-6066-11e4-a52e-4f735466cecf":"f.BB3617BF1549F1B1531810C266B34E3A.d.333FE6F35E7C738C56228E5CFAA86EB8.e.18576","ELEMENT":"f.BB3617BF1549F1B1531810C266B34E3A.d.333FE6F35E7C738C56228E5CFAA86EB8.e.18576"}]}
COMMAND: GET /session/ff0536b58743eaf2c437238d004892b9/screenshot - {}
RESULT: {}
RESULT: {"script":"<script> [5351 bytes]","args":[{"element-6066-11e4-a52e-4f735466cecf":"f.BB3617BF1549F1B1531810C266B34E3A.d.333FE6F35E7C738C56228E5CFAA86EB8.e.18576","ELEMENT":"f.BB3617BF1549F1B1531810C266B34E3A.d.333FE6F35E7C738C56228E5CFAA86EB8.e.18576"}]}
COMMAND: POST /session/ff0536b58743eaf2c437238d004892b9/execute/async - {"script":"<script> [1562 bytes]","args":[{"selector":{"id":"application-managestatesandperformance-display-component---stateAndPerform--smartFilterBarResources-btnBasicSearch","interaction":{"idSuffix":"I"}},"wdio_ui5_key":"applicationmanagestatesandperformance-display-component---stateAndPerform--smartFilterBarResources-btnBasicSearch"}]}
COMMAND: GET /session/ff0536b58743eaf2c437238d004892b9/screenshot - {}
RESULT: {}
RESULT: {"script":"<script> [1562 bytes]","args":[{"selector":{"id":"application-managestatesandperformance-display-component---stateAndPerform--smartFilterBarResources-btnBasicSearch","interaction":{"idSuffix":"I"}},"wdio_ui5_key":"applicationmanagestatesandperformance-display-component---stateAndPerform--smartFilterBarResources-btnBasicSearch"}]}
RESULT: undefined
COMMAND: POST /session/ff0536b58743eaf2c437238d004892b9/execute/async - {"script":"<script> [776 bytes]","args":[{"enterText":"r6keXJCoaV","selector":{"id":"application-managestatesandperformance-display-component---stateAndPerform--smartFilterBarResources-btnBasicSearch","interaction":{"idSuffix":"I"}},"clearTextFirst":true,"interactionType":"ENTER_TEXT"}]}
RESULT: {}
RESULT: {"script":"<script> [776 bytes]","args":[{"enterText":"r6keXJCoaV","selector":{"id":"application-managestatesandperformance-display-component---stateAndPerform--smartFilterBarResources-btnBasicSearch","interaction":{"idSuffix":"I"}},"clearTextFirst":true,"interactionType":"ENTER_TEXT"}]}
COMMAND: POST /session/ff0536b58743eaf2c437238d004892b9/actions - {"actions":[{"id":"action63","type":"key","parameters":{},"actions":[{"type":"keyDown","value":"î€‡"},{"type":"pause","duration":10},{"type":"keyUp","value":"î€‡"}]}]}
RESULT: {"actions":[{"id":"action63","type":"key","parameters":{},"actions":[{"type":"keyDown","value":"î€‡"},{"type":"pause","duration":10},{"type":"keyUp","value":"î€‡"}]}]}
COMMAND: GET /session/ff0536b58743eaf2c437238d004892b9/screenshot - {}
RESULT: {}
COMMAND: POST /session/ff0536b58743eaf2c437238d004892b9/execute/async - {"script":"<script> [1562 bytes]","args":[{"selector":{"id":"application-managestatesandperformance-display-component---stateAndPerform--stateAndPerformResourcesSmartTable-header"},"wdio_ui5_key":"applicationmanagestatesandperformance-display-component---stateAndPerform--stateAndPerformResourcesSmartTable-header"}]}
RESULT: {"script":"<script> [1562 bytes]","args":[{"selector":{"id":"application-managestatesandperformance-display-component---stateAndPerform--stateAndPerformResourcesSmartTable-header"},"wdio_ui5_key":"applicationmanagestatesandperformance-display-component---stateAndPerform--stateAndPerformResourcesSmartTable-header"}]}
RESULT: undefined
COMMAND: POST /session/ff0536b58743eaf2c437238d004892b9/execute/async - {"script":"<script> [6424 bytes]","args":[{"element-6066-11e4-a52e-4f735466cecf":"f.BB3617BF1549F1B1531810C266B34E3A.d.333FE6F35E7C738C56228E5CFAA86EB8.e.18591"},"getText",[]]}
RESULT: {"script":"<script> [6424 bytes]","args":[{"element-6066-11e4-a52e-4f735466cecf":"f.BB3617BF1549F1B1531810C266B34E3A.d.333FE6F35E7C738C56228E5CFAA86EB8.e.18591"},"getText",[]]}
COMMAND: POST /session/ff0536b58743eaf2c437238d004892b9/execute/async - {"script":"<script> [1562 bytes]","args":[{"selector":{"controlType":"sap.ui.core.Icon","viewName":"etm.portal.ui.managestatesandperformance.view.Master","viewId":"application-managestatesandperformance-display-component---stateAndPerform","properties":{"src":{"regex":{"source":"slim\\-arrow\\-right"}}}},"wdio_ui5_key":"etmportal.ui.managestatesandperformance.view.Mastersap.ui.core.Icon{\"src\":{\"regex\":{\"source\":\"slim\\\\-arrow\\\\-right\"}}}"}]}
RESULT: {"script":"<script> [1562 bytes]","args":[{"selector":{"controlType":"sap.ui.core.Icon","viewName":"etm.portal.ui.managestatesandperformance.view.Master","viewId":"application-managestatesandperformance-display-component---stateAndPerform","properties":{"src":{"regex":{"source":"slim\\-arrow\\-right"}}}},"wdio_ui5_key":"etmportal.ui.managestatesandperformance.view.Mastersap.ui.core.Icon{\"src\":{\"regex\":{\"source\":\"slim\\\\-arrow\\\\-right\"}}}"}]}
RESULT: undefined
COMMAND: POST /session/ff0536b58743eaf2c437238d004892b9/element - {"using":"xpath","value":"//*[@id=\"__item1974-__clone3642-imgNav\"]"}
RESULT: {"using":"xpath","value":"//*[@id=\"__item1974-__clone3642-imgNav\"]"}
COMMAND: POST /session/ff0536b58743eaf2c437238d004892b9/element/f.BB3617BF1549F1B1531810C266B34E3A.d.333FE6F35E7C738C56228E5CFAA86EB8.e.18590/click - {}
RESULT: {}
COMMAND: GET /session/ff0536b58743eaf2c437238d004892b9/screenshot - {}
RESULT: {}
COMMAND: POST /session/ff0536b58743eaf2c437238d004892b9/execute/async - {"script":"<script> [1562 bytes]","args":[{"selector":{"controlType":"sap.m.Button","viewName":"etm.portal.ui.managestatesandperformance.view.Detail","viewId":"application-managestatesandperformance-display-component---detailStateAndPerform","properties":{"text":"Performance Documents"}},"wdio_ui5_key":"etmportal.ui.managestatesandperformance.view.Detailsap.m.Button{\"text\":\"Performance Documents\"}"}]}
RESULT: {"script":"<script> [1562 bytes]","args":[{"selector":{"controlType":"sap.m.Button","viewName":"etm.portal.ui.managestatesandperformance.view.Detail","viewId":"application-managestatesandperformance-display-component---detailStateAndPerform","properties":{"text":"Performance Documents"}},"wdio_ui5_key":"etmportal.ui.managestatesandperformance.view.Detailsap.m.Button{\"text\":\"Performance Documents\"}"}]}
RESULT: undefined
COMMAND: POST /session/ff0536b58743eaf2c437238d004892b9/element - {"using":"xpath","value":"//*[@id=\"__item1997-button\"]"}
RESULT: {"using":"xpath","value":"//*[@id=\"__item1997-button\"]"}
COMMAND: POST /session/ff0536b58743eaf2c437238d004892b9/element/f.BB3617BF1549F1B1531810C266B34E3A.d.333FE6F35E7C738C56228E5CFAA86EB8.e.18636/click - {}
RESULT: {}
COMMAND: POST /session/ff0536b58743eaf2c437238d004892b9/execute/async - {"script":"<script> [1562 bytes]","args":[{"selector":{"controlType":"sap.m.Button","viewName":"etm.portal.ui.managestatesandperformance.view.Detail","viewId":"application-managestatesandperformance-display-component---detailStateAndPerform","i18NText":{"propertyName":"text","key":"createPerformanceDoc"},"interaction":{"idSuffix":"BDI-content"}},"wdio_ui5_key":"etmportal.ui.managestatesandperformance.view.Detailsap.m.Button{\"propertyName\":\"text\",\"key\":\"createPerformanceDoc\"}"}]}
COMMAND: GET /session/ff0536b58743eaf2c437238d004892b9/screenshot - {}
RESULT: {"script":"<script> [1562 bytes]","args":[{"selector":{"controlType":"sap.m.Button","viewName":"etm.portal.ui.managestatesandperformance.view.Detail","viewId":"application-managestatesandperformance-display-component---detailStateAndPerform","i18NText":{"propertyName":"text","key":"createPerformanceDoc"},"interaction":{"idSuffix":"BDI-content"}},"wdio_ui5_key":"etmportal.ui.managestatesandperformance.view.Detailsap.m.Button{\"propertyName\":\"text\",\"key\":\"createPerformanceDoc\"}"}]}
RESULT: undefined
COMMAND: POST /session/ff0536b58743eaf2c437238d004892b9/element - {"using":"xpath","value":"//*[@id=\"__button369\"]"}
RESULT: {}
RESULT: {"using":"xpath","value":"//*[@id=\"__button369\"]"}
COMMAND: POST /session/ff0536b58743eaf2c437238d004892b9/element/f.BB3617BF1549F1B1531810C266B34E3A.d.333FE6F35E7C738C56228E5CFAA86EB8.e.18639/click - {}
RESULT: {}
COMMAND: POST /session/ff0536b58743eaf2c437238d004892b9/execute/async - {"script":"<script> [1562 bytes]","args":[{"selector":{"id":"application-managestatesandperformance-display-component---detailStateAndPerform--perfDocDatePicker","searchOpenDialogs":true,"interaction":{"idSuffix":"inner"}},"wdio_ui5_key":"applicationmanagestatesandperformance-display-component---detailStateAndPerform--perfDocDatePicker"}]}
COMMAND: GET /session/ff0536b58743eaf2c437238d004892b9/screenshot - {}
RESULT: {"script":"<script> [1562 bytes]","args":[{"selector":{"id":"application-managestatesandperformance-display-component---detailStateAndPerform--perfDocDatePicker","searchOpenDialogs":true,"interaction":{"idSuffix":"inner"}},"wdio_ui5_key":"applicationmanagestatesandperformance-display-component---detailStateAndPerform--perfDocDatePicker"}]}
RESULT: undefined
COMMAND: POST /session/ff0536b58743eaf2c437238d004892b9/execute/async - {"script":"<script> [776 bytes]","args":[{"enterText":"5/17/25","selector":{"id":"application-managestatesandperformance-display-component---detailStateAndPerform--perfDocDatePicker","searchOpenDialogs":true,"interaction":{"idSuffix":"inner"}},"clearTextFirst":true,"interactionType":"ENTER_TEXT"}]}
RESULT: {}
RESULT: {"script":"<script> [776 bytes]","args":[{"enterText":"5/17/25","selector":{"id":"application-managestatesandperformance-display-component---detailStateAndPerform--perfDocDatePicker","searchOpenDialogs":true,"interaction":{"idSuffix":"inner"}},"clearTextFirst":true,"interactionType":"ENTER_TEXT"}]}
COMMAND: POST /session/ff0536b58743eaf2c437238d004892b9/execute/async - {"script":"<script> [1562 bytes]","args":[{"selector":{"id":"application-managestatesandperformance-display-component---detailStateAndPerform--counterValue-input","searchOpenDialogs":true,"interaction":{"idSuffix":"inner"}},"wdio_ui5_key":"applicationmanagestatesandperformance-display-component---detailStateAndPerform--counterValue-input"}]}
RESULT: {"script":"<script> [1562 bytes]","args":[{"selector":{"id":"application-managestatesandperformance-display-component---detailStateAndPerform--counterValue-input","searchOpenDialogs":true,"interaction":{"idSuffix":"inner"}},"wdio_ui5_key":"applicationmanagestatesandperformance-display-component---detailStateAndPerform--counterValue-input"}]}
RESULT: undefined
COMMAND: POST /session/ff0536b58743eaf2c437238d004892b9/execute/async - {"script":"<script> [776 bytes]","args":[{"enterText":"15.00","selector":{"id":"application-managestatesandperformance-display-component---detailStateAndPerform--counterValue-input","searchOpenDialogs":true,"interaction":{"idSuffix":"inner"}},"clearTextFirst":true,"interactionType":"ENTER_TEXT"}]}
RESULT: {"script":"<script> [776 bytes]","args":[{"enterText":"15.00","selector":{"id":"application-managestatesandperformance-display-component---detailStateAndPerform--counterValue-input","searchOpenDialogs":true,"interaction":{"idSuffix":"inner"}},"clearTextFirst":true,"interactionType":"ENTER_TEXT"}]}
COMMAND: POST /session/ff0536b58743eaf2c437238d004892b9/execute/async - {"script":"<script> [1562 bytes]","args":[{"selector":{"controlType":"sap.m.Button","viewName":"etm.portal.ui.managestatesandperformance.view.Detail","viewId":"application-managestatesandperformance-display-component---detailStateAndPerform","bindingPath":{"path":"","propertyPath":"/allowAddEdit","modelName":"oScreenModel"},"searchOpenDialogs":true,"interaction":{"idSuffix":"BDI-content"}},"wdio_ui5_key":"etmportal.ui.managestatesandperformance.view.Detailsap.m.Button{\"path\":\"\",\"propertyPath\":\"/allowAddEdit\",\"modelName\":\"oScreenModel\"}"}]}
RESULT: {"script":"<script> [1562 bytes]","args":[{"selector":{"controlType":"sap.m.Button","viewName":"etm.portal.ui.managestatesandperformance.view.Detail","viewId":"application-managestatesandperformance-display-component---detailStateAndPerform","bindingPath":{"path":"","propertyPath":"/allowAddEdit","modelName":"oScreenModel"},"searchOpenDialogs":true,"interaction":{"idSuffix":"BDI-content"}},"wdio_ui5_key":"etmportal.ui.managestatesandperformance.view.Detailsap.m.Button{\"path\":\"\",\"propertyPath\":\"/allowAddEdit\",\"modelName\":\"oScreenModel\"}"}]}
RESULT: undefined
COMMAND: POST /session/ff0536b58743eaf2c437238d004892b9/element - {"using":"xpath","value":"//*[@id=\"__button376\"]"}
RESULT: {"using":"xpath","value":"//*[@id=\"__button376\"]"}
COMMAND: POST /session/ff0536b58743eaf2c437238d004892b9/element/f.BB3617BF1549F1B1531810C266B34E3A.d.333FE6F35E7C738C56228E5CFAA86EB8.e.18659/click - {}
RESULT: {}
RESULT: undefined
COMMAND: POST /session/ff0536b58743eaf2c437238d004892b9/element - {"using":"xpath","value":"//*[@id=\"__button369\"]"}
COMMAND: GET /session/ff0536b58743eaf2c437238d004892b9/screenshot - {}
RESULT: {"using":"xpath","value":"//*[@id=\"__button369\"]"}
COMMAND: POST /session/ff0536b58743eaf2c437238d004892b9/element/f.BB3617BF1549F1B1531810C266B34E3A.d.333FE6F35E7C738C56228E5CFAA86EB8.e.18639/click - {}
RESULT: {}
RESULT: {}
RESULT: undefined
COMMAND: POST /session/ff0536b58743eaf2c437238d004892b9/execute/async - {"script":"<script> [776 bytes]","args":[{"enterText":"5/21/25","selector":{"id":"application-managestatesandperformance-display-component---detailStateAndPerform--perfDocDatePicker","searchOpenDialogs":true,"interaction":{"idSuffix":"inner"}},"clearTextFirst":true,"interactionType":"ENTER_TEXT"}]}
COMMAND: GET /session/ff0536b58743eaf2c437238d004892b9/screenshot - {}
RESULT: {"script":"<script> [776 bytes]","args":[{"enterText":"5/21/25","selector":{"id":"application-managestatesandperformance-display-component---detailStateAndPerform--perfDocDatePicker","searchOpenDialogs":true,"interaction":{"idSuffix":"inner"}},"clearTextFirst":true,"interactionType":"ENTER_TEXT"}]}
RESULT: undefined
COMMAND: POST /session/ff0536b58743eaf2c437238d004892b9/execute/async - {"script":"<script> [776 bytes]","args":[{"enterText":"20.00","selector":{"id":"application-managestatesandperformance-display-component---detailStateAndPerform--counterValue-input","searchOpenDialogs":true,"interaction":{"idSuffix":"inner"}},"clearTextFirst":true,"interactionType":"ENTER_TEXT"}]}
RESULT: {}
RESULT: {"script":"<script> [776 bytes]","args":[{"enterText":"20.00","selector":{"id":"application-managestatesandperformance-display-component---detailStateAndPerform--counterValue-input","searchOpenDialogs":true,"interaction":{"idSuffix":"inner"}},"clearTextFirst":true,"interactionType":"ENTER_TEXT"}]}
COMMAND: POST /session/ff0536b58743eaf2c437238d004892b9/actions - {"actions":[{"id":"action64","type":"key","parameters":{},"actions":[{"type":"keyDown","value":"î€„"},{"type":"keyDown","value":"î€„"},{"type":"pause","duration":10},{"type":"keyUp","value":"î€„"},{"type":"keyUp","value":"î€„"}]}]}
RESULT: {"actions":[{"id":"action64","type":"key","parameters":{},"actions":[{"type":"keyDown","value":"î€„"},{"type":"keyDown","value":"î€„"},{"type":"pause","duration":10},{"type":"keyUp","value":"î€„"},{"type":"keyUp","value":"î€„"}]}]}
COMMAND: POST /session/ff0536b58743eaf2c437238d004892b9/actions - {"actions":[{"id":"action65","type":"key","parameters":{},"actions":[{"type":"keyDown","value":"î€‡"},{"type":"pause","duration":10},{"type":"keyUp","value":"î€‡"}]}]}
COMMAND: GET /session/ff0536b58743eaf2c437238d004892b9/screenshot - {}
RESULT: {"actions":[{"id":"action65","type":"key","parameters":{},"actions":[{"type":"keyDown","value":"î€‡"},{"type":"pause","duration":10},{"type":"keyUp","value":"î€‡"}]}]}
RESULT: undefined
COMMAND: POST /session/ff0536b58743eaf2c437238d004892b9/element - {"using":"xpath","value":"//*[@id=\"__button376\"]"}
COMMAND: GET /session/ff0536b58743eaf2c437238d004892b9/screenshot - {}
RESULT: {}
RESULT: {"using":"xpath","value":"//*[@id=\"__button376\"]"}
COMMAND: POST /session/ff0536b58743eaf2c437238d004892b9/elements - {"using":"xpath","value":"//*[@id=\"__button376\"]"}
RESULT: {}
RESULT: {"using":"xpath","value":"//*[@id=\"__button376\"]"}
COMMAND: POST /session/ff0536b58743eaf2c437238d004892b9/elements - {"using":"xpath","value":"//*[@id=\"__button376\"]"}
RESULT: {"using":"xpath","value":"//*[@id=\"__button376\"]"}
COMMAND: POST /session/ff0536b58743eaf2c437238d004892b9/elements - {"using":"xpath","value":"//*[@id=\"__button376\"]"}
RESULT: {"using":"xpath","value":"//*[@id=\"__button376\"]"}
COMMAND: POST /session/ff0536b58743eaf2c437238d004892b9/elements - {"using":"xpath","value":"//*[@id=\"__button376\"]"}
RESULT: {"using":"xpath","value":"//*[@id=\"__button376\"]"}
COMMAND: POST /session/ff0536b58743eaf2c437238d004892b9/elements - {"using":"xpath","value":"//*[@id=\"__button376\"]"}
RESULT: {"using":"xpath","value":"//*[@id=\"__button376\"]"}
COMMAND: POST /session/ff0536b58743eaf2c437238d004892b9/elements - {"using":"xpath","value":"//*[@id=\"__button376\"]"}
RESULT: {"using":"xpath","value":"//*[@id=\"__button376\"]"}
COMMAND: POST /session/ff0536b58743eaf2c437238d004892b9/elements - {"using":"xpath","value":"//*[@id=\"__button376\"]"}
RESULT: {"using":"xpath","value":"//*[@id=\"__button376\"]"}
COMMAND: POST /session/ff0536b58743eaf2c437238d004892b9/elements - {"using":"xpath","value":"//*[@id=\"__button376\"]"}
RESULT: {"using":"xpath","value":"//*[@id=\"__button376\"]"}
COMMAND: POST /session/ff0536b58743eaf2c437238d004892b9/elements - {"using":"xpath","value":"//*[@id=\"__button376\"]"}
RESULT: {"using":"xpath","value":"//*[@id=\"__button376\"]"}
COMMAND: POST /session/ff0536b58743eaf2c437238d004892b9/elements - {"using":"xpath","value":"//*[@id=\"__button376\"]"}
RESULT: {"using":"xpath","value":"//*[@id=\"__button376\"]"}
COMMAND: POST /session/ff0536b58743eaf2c437238d004892b9/elements - {"using":"xpath","value":"//*[@id=\"__button376\"]"}
RESULT: {"using":"xpath","value":"//*[@id=\"__button376\"]"}
COMMAND: POST /session/ff0536b58743eaf2c437238d004892b9/elements - {"using":"xpath","value":"//*[@id=\"__button376\"]"}
RESULT: {"using":"xpath","value":"//*[@id=\"__button376\"]"}
COMMAND: POST /session/ff0536b58743eaf2c437238d004892b9/elements - {"using":"xpath","value":"//*[@id=\"__button376\"]"}
RESULT: {"using":"xpath","value":"//*[@id=\"__button376\"]"}
COMMAND: POST /session/ff0536b58743eaf2c437238d004892b9/elements - {"using":"xpath","value":"//*[@id=\"__button376\"]"}
RESULT: {"using":"xpath","value":"//*[@id=\"__button376\"]"}
COMMAND: POST /session/ff0536b58743eaf2c437238d004892b9/elements - {"using":"xpath","value":"//*[@id=\"__button376\"]"}
RESULT: {"using":"xpath","value":"//*[@id=\"__button376\"]"}
COMMAND: POST /session/ff0536b58743eaf2c437238d004892b9/elements - {"using":"xpath","value":"//*[@id=\"__button376\"]"}
RESULT: {"using":"xpath","value":"//*[@id=\"__button376\"]"}
COMMAND: POST /session/ff0536b58743eaf2c437238d004892b9/elements - {"using":"xpath","value":"//*[@id=\"__button376\"]"}
RESULT: {"using":"xpath","value":"//*[@id=\"__button376\"]"}
COMMAND: POST /session/ff0536b58743eaf2c437238d004892b9/elements - {"using":"xpath","value":"//*[@id=\"__button376\"]"}
RESULT: {"using":"xpath","value":"//*[@id=\"__button376\"]"}
COMMAND: POST /session/ff0536b58743eaf2c437238d004892b9/elements - {"using":"xpath","value":"//*[@id=\"__button376\"]"}
RESULT: {"using":"xpath","value":"//*[@id=\"__button376\"]"}
COMMAND: POST /session/ff0536b58743eaf2c437238d004892b9/elements - {"using":"xpath","value":"//*[@id=\"__button376\"]"}
RESULT: {"using":"xpath","value":"//*[@id=\"__button376\"]"}
COMMAND: POST /session/ff0536b58743eaf2c437238d004892b9/elements - {"using":"xpath","value":"//*[@id=\"__button376\"]"}
RESULT: {"using":"xpath","value":"//*[@id=\"__button376\"]"}
COMMAND: POST /session/ff0536b58743eaf2c437238d004892b9/elements - {"using":"xpath","value":"//*[@id=\"__button376\"]"}
RESULT: {"using":"xpath","value":"//*[@id=\"__button376\"]"}
COMMAND: POST /session/ff0536b58743eaf2c437238d004892b9/elements - {"using":"xpath","value":"//*[@id=\"__button376\"]"}
RESULT: {"using":"xpath","value":"//*[@id=\"__button376\"]"}
COMMAND: POST /session/ff0536b58743eaf2c437238d004892b9/elements - {"using":"xpath","value":"//*[@id=\"__button376\"]"}
RESULT: {"using":"xpath","value":"//*[@id=\"__button376\"]"}
COMMAND: POST /session/ff0536b58743eaf2c437238d004892b9/elements - {"using":"xpath","value":"//*[@id=\"__button376\"]"}
RESULT: {"using":"xpath","value":"//*[@id=\"__button376\"]"}
COMMAND: POST /session/ff0536b58743eaf2c437238d004892b9/elements - {"using":"xpath","value":"//*[@id=\"__button376\"]"}
RESULT: {"using":"xpath","value":"//*[@id=\"__button376\"]"}
COMMAND: POST /session/ff0536b58743eaf2c437238d004892b9/elements - {"using":"xpath","value":"//*[@id=\"__button376\"]"}
RESULT: {"using":"xpath","value":"//*[@id=\"__button376\"]"}
COMMAND: POST /session/ff0536b58743eaf2c437238d004892b9/elements - {"using":"xpath","value":"//*[@id=\"__button376\"]"}
RESULT: {"using":"xpath","value":"//*[@id=\"__button376\"]"}
COMMAND: POST /session/ff0536b58743eaf2c437238d004892b9/elements - {"using":"xpath","value":"//*[@id=\"__button376\"]"}
RESULT: {"using":"xpath","value":"//*[@id=\"__button376\"]"}
COMMAND: POST /session/ff0536b58743eaf2c437238d004892b9/elements - {"using":"xpath","value":"//*[@id=\"__button376\"]"}
RESULT: {"using":"xpath","value":"//*[@id=\"__button376\"]"}
COMMAND: POST /session/ff0536b58743eaf2c437238d004892b9/elements - {"using":"xpath","value":"//*[@id=\"__button376\"]"}
RESULT: {"using":"xpath","value":"//*[@id=\"__button376\"]"}
COMMAND: POST /session/ff0536b58743eaf2c437238d004892b9/elements - {"using":"xpath","value":"//*[@id=\"__button376\"]"}
RESULT: {"using":"xpath","value":"//*[@id=\"__button376\"]"}
COMMAND: POST /session/ff0536b58743eaf2c437238d004892b9/elements - {"using":"xpath","value":"//*[@id=\"__button376\"]"}
RESULT: {"using":"xpath","value":"//*[@id=\"__button376\"]"}
COMMAND: POST /session/ff0536b58743eaf2c437238d004892b9/elements - {"using":"xpath","value":"//*[@id=\"__button376\"]"}
RESULT: {"using":"xpath","value":"//*[@id=\"__button376\"]"}
COMMAND: POST /session/ff0536b58743eaf2c437238d004892b9/elements - {"using":"xpath","value":"//*[@id=\"__button376\"]"}
RESULT: {"using":"xpath","value":"//*[@id=\"__button376\"]"}
COMMAND: POST /session/ff0536b58743eaf2c437238d004892b9/elements - {"using":"xpath","value":"//*[@id=\"__button376\"]"}
RESULT: {"using":"xpath","value":"//*[@id=\"__button376\"]"}
COMMAND: POST /session/ff0536b58743eaf2c437238d004892b9/elements - {"using":"xpath","value":"//*[@id=\"__button376\"]"}
RESULT: {"using":"xpath","value":"//*[@id=\"__button376\"]"}
COMMAND: POST /session/ff0536b58743eaf2c437238d004892b9/elements - {"using":"xpath","value":"//*[@id=\"__button376\"]"}
RESULT: {"using":"xpath","value":"//*[@id=\"__button376\"]"}
COMMAND: POST /session/ff0536b58743eaf2c437238d004892b9/elements - {"using":"xpath","value":"//*[@id=\"__button376\"]"}
RESULT: {"using":"xpath","value":"//*[@id=\"__button376\"]"}
COMMAND: POST /session/ff0536b58743eaf2c437238d004892b9/elements - {"using":"xpath","value":"//*[@id=\"__button376\"]"}
RESULT: {"using":"xpath","value":"//*[@id=\"__button376\"]"}
COMMAND: POST /session/ff0536b58743eaf2c437238d004892b9/elements - {"using":"xpath","value":"//*[@id=\"__button376\"]"}
RESULT: {"using":"xpath","value":"//*[@id=\"__button376\"]"}
COMMAND: POST /session/ff0536b58743eaf2c437238d004892b9/elements - {"using":"xpath","value":"//*[@id=\"__button376\"]"}
RESULT: {"using":"xpath","value":"//*[@id=\"__button376\"]"}
COMMAND: POST /session/ff0536b58743eaf2c437238d004892b9/elements - {"using":"xpath","value":"//*[@id=\"__button376\"]"}
RESULT: {"using":"xpath","value":"//*[@id=\"__button376\"]"}
COMMAND: POST /session/ff0536b58743eaf2c437238d004892b9/elements - {"using":"xpath","value":"//*[@id=\"__button376\"]"}
RESULT: {"using":"xpath","value":"//*[@id=\"__button376\"]"}
COMMAND: POST /session/ff0536b58743eaf2c437238d004892b9/elements - {"using":"xpath","value":"//*[@id=\"__button376\"]"}
RESULT: {"using":"xpath","value":"//*[@id=\"__button376\"]"}
COMMAND: POST /session/ff0536b58743eaf2c437238d004892b9/elements - {"using":"xpath","value":"//*[@id=\"__button376\"]"}
RESULT: {"using":"xpath","value":"//*[@id=\"__button376\"]"}
COMMAND: POST /session/ff0536b58743eaf2c437238d004892b9/elements - {"using":"xpath","value":"//*[@id=\"__button376\"]"}
RESULT: {"using":"xpath","value":"//*[@id=\"__button376\"]"}
COMMAND: POST /session/ff0536b58743eaf2c437238d004892b9/elements - {"using":"xpath","value":"//*[@id=\"__button376\"]"}
RESULT: {"using":"xpath","value":"//*[@id=\"__button376\"]"}
COMMAND: POST /session/ff0536b58743eaf2c437238d004892b9/elements - {"using":"xpath","value":"//*[@id=\"__button376\"]"}
RESULT: {"using":"xpath","value":"//*[@id=\"__button376\"]"}
COMMAND: POST /session/ff0536b58743eaf2c437238d004892b9/elements - {"using":"xpath","value":"//*[@id=\"__button376\"]"}
RESULT: {"using":"xpath","value":"//*[@id=\"__button376\"]"}
COMMAND: POST /session/ff0536b58743eaf2c437238d004892b9/elements - {"using":"xpath","value":"//*[@id=\"__button376\"]"}
RESULT: {"using":"xpath","value":"//*[@id=\"__button376\"]"}
COMMAND: POST /session/ff0536b58743eaf2c437238d004892b9/elements - {"using":"xpath","value":"//*[@id=\"__button376\"]"}
RESULT: {"using":"xpath","value":"//*[@id=\"__button376\"]"}
COMMAND: POST /session/ff0536b58743eaf2c437238d004892b9/elements - {"using":"xpath","value":"//*[@id=\"__button376\"]"}
RESULT: {"using":"xpath","value":"//*[@id=\"__button376\"]"}
COMMAND: POST /session/ff0536b58743eaf2c437238d004892b9/elements - {"using":"xpath","value":"//*[@id=\"__button376\"]"}
RESULT: {"using":"xpath","value":"//*[@id=\"__button376\"]"}
COMMAND: POST /session/ff0536b58743eaf2c437238d004892b9/elements - {"using":"xpath","value":"//*[@id=\"__button376\"]"}
RESULT: {"using":"xpath","value":"//*[@id=\"__button376\"]"}
COMMAND: POST /session/ff0536b58743eaf2c437238d004892b9/elements - {"using":"xpath","value":"//*[@id=\"__button376\"]"}
RESULT: {"using":"xpath","value":"//*[@id=\"__button376\"]"}
COMMAND: POST /session/ff0536b58743eaf2c437238d004892b9/elements - {"using":"xpath","value":"//*[@id=\"__button376\"]"}
RESULT: {"using":"xpath","value":"//*[@id=\"__button376\"]"}
COMMAND: POST /session/ff0536b58743eaf2c437238d004892b9/elements - {"using":"xpath","value":"//*[@id=\"__button376\"]"}
RESULT: {"using":"xpath","value":"//*[@id=\"__button376\"]"}
COMMAND: POST /session/ff0536b58743eaf2c437238d004892b9/elements - {"using":"xpath","value":"//*[@id=\"__button376\"]"}
RESULT: {"using":"xpath","value":"//*[@id=\"__button376\"]"}
COMMAND: POST /session/ff0536b58743eaf2c437238d004892b9/elements - {"using":"xpath","value":"//*[@id=\"__button376\"]"}
RESULT: {"using":"xpath","value":"//*[@id=\"__button376\"]"}
COMMAND: POST /session/ff0536b58743eaf2c437238d004892b9/elements - {"using":"xpath","value":"//*[@id=\"__button376\"]"}
RESULT: {"using":"xpath","value":"//*[@id=\"__button376\"]"}
COMMAND: POST /session/ff0536b58743eaf2c437238d004892b9/elements - {"using":"xpath","value":"//*[@id=\"__button376\"]"}
RESULT: {"using":"xpath","value":"//*[@id=\"__button376\"]"}
COMMAND: POST /session/ff0536b58743eaf2c437238d004892b9/elements - {"using":"xpath","value":"//*[@id=\"__button376\"]"}
RESULT: {"using":"xpath","value":"//*[@id=\"__button376\"]"}
COMMAND: POST /session/ff0536b58743eaf2c437238d004892b9/elements - {"using":"xpath","value":"//*[@id=\"__button376\"]"}
RESULT: {"using":"xpath","value":"//*[@id=\"__button376\"]"}
COMMAND: POST /session/ff0536b58743eaf2c437238d004892b9/elements - {"using":"xpath","value":"//*[@id=\"__button376\"]"}
RESULT: {"using":"xpath","value":"//*[@id=\"__button376\"]"}
COMMAND: POST /session/ff0536b58743eaf2c437238d004892b9/elements - {"using":"xpath","value":"//*[@id=\"__button376\"]"}
RESULT: {"using":"xpath","value":"//*[@id=\"__button376\"]"}
COMMAND: POST /session/ff0536b58743eaf2c437238d004892b9/elements - {"using":"xpath","value":"//*[@id=\"__button376\"]"}
RESULT: {"using":"xpath","value":"//*[@id=\"__button376\"]"}
COMMAND: POST /session/ff0536b58743eaf2c437238d004892b9/elements - {"using":"xpath","value":"//*[@id=\"__button376\"]"}
RESULT: {"using":"xpath","value":"//*[@id=\"__button376\"]"}
COMMAND: POST /session/ff0536b58743eaf2c437238d004892b9/elements - {"using":"xpath","value":"//*[@id=\"__button376\"]"}
RESULT: {"using":"xpath","value":"//*[@id=\"__button376\"]"}
COMMAND: POST /session/ff0536b58743eaf2c437238d004892b9/elements - {"using":"xpath","value":"//*[@id=\"__button376\"]"}
RESULT: {"using":"xpath","value":"//*[@id=\"__button376\"]"}
COMMAND: POST /session/ff0536b58743eaf2c437238d004892b9/elements - {"using":"xpath","value":"//*[@id=\"__button376\"]"}
RESULT: {"using":"xpath","value":"//*[@id=\"__button376\"]"}
COMMAND: POST /session/ff0536b58743eaf2c437238d004892b9/elements - {"using":"xpath","value":"//*[@id=\"__button376\"]"}
RESULT: {"using":"xpath","value":"//*[@id=\"__button376\"]"}
COMMAND: POST /session/ff0536b58743eaf2c437238d004892b9/elements - {"using":"xpath","value":"//*[@id=\"__button376\"]"}
RESULT: {"using":"xpath","value":"//*[@id=\"__button376\"]"}
COMMAND: POST /session/ff0536b58743eaf2c437238d004892b9/elements - {"using":"xpath","value":"//*[@id=\"__button376\"]"}
RESULT: {"using":"xpath","value":"//*[@id=\"__button376\"]"}
COMMAND: POST /session/ff0536b58743eaf2c437238d004892b9/elements - {"using":"xpath","value":"//*[@id=\"__button376\"]"}
RESULT: {"using":"xpath","value":"//*[@id=\"__button376\"]"}
COMMAND: POST /session/ff0536b58743eaf2c437238d004892b9/elements - {"using":"xpath","value":"//*[@id=\"__button376\"]"}
RESULT: {"using":"xpath","value":"//*[@id=\"__button376\"]"}
COMMAND: POST /session/ff0536b58743eaf2c437238d004892b9/elements - {"using":"xpath","value":"//*[@id=\"__button376\"]"}
RESULT: {"using":"xpath","value":"//*[@id=\"__button376\"]"}
COMMAND: POST /session/ff0536b58743eaf2c437238d004892b9/elements - {"using":"xpath","value":"//*[@id=\"__button376\"]"}
RESULT: {"using":"xpath","value":"//*[@id=\"__button376\"]"}
COMMAND: POST /session/ff0536b58743eaf2c437238d004892b9/elements - {"using":"xpath","value":"//*[@id=\"__button376\"]"}
RESULT: {"using":"xpath","value":"//*[@id=\"__button376\"]"}
COMMAND: POST /session/ff0536b58743eaf2c437238d004892b9/elements - {"using":"xpath","value":"//*[@id=\"__button376\"]"}
RESULT: {"using":"xpath","value":"//*[@id=\"__button376\"]"}
COMMAND: POST /session/ff0536b58743eaf2c437238d004892b9/elements - {"using":"xpath","value":"//*[@id=\"__button376\"]"}
RESULT: {"using":"xpath","value":"//*[@id=\"__button376\"]"}
COMMAND: POST /session/ff0536b58743eaf2c437238d004892b9/elements - {"using":"xpath","value":"//*[@id=\"__button376\"]"}
RESULT: {"using":"xpath","value":"//*[@id=\"__button376\"]"}
COMMAND: POST /session/ff0536b58743eaf2c437238d004892b9/elements - {"using":"xpath","value":"//*[@id=\"__button376\"]"}
RESULT: {"using":"xpath","value":"//*[@id=\"__button376\"]"}
COMMAND: POST /session/ff0536b58743eaf2c437238d004892b9/elements - {"using":"xpath","value":"//*[@id=\"__button376\"]"}
RESULT: {"using":"xpath","value":"//*[@id=\"__button376\"]"}
COMMAND: POST /session/ff0536b58743eaf2c437238d004892b9/elements - {"using":"xpath","value":"//*[@id=\"__button376\"]"}
RESULT: {"using":"xpath","value":"//*[@id=\"__button376\"]"}
COMMAND: POST /session/ff0536b58743eaf2c437238d004892b9/elements - {"using":"xpath","value":"//*[@id=\"__button376\"]"}
RESULT: {"using":"xpath","value":"//*[@id=\"__button376\"]"}
COMMAND: POST /session/ff0536b58743eaf2c437238d004892b9/elements - {"using":"xpath","value":"//*[@id=\"__button376\"]"}
RESULT: {"using":"xpath","value":"//*[@id=\"__button376\"]"}
COMMAND: POST /session/ff0536b58743eaf2c437238d004892b9/elements - {"using":"xpath","value":"//*[@id=\"__button376\"]"}
RESULT: {"using":"xpath","value":"//*[@id=\"__button376\"]"}
COMMAND: POST /session/ff0536b58743eaf2c437238d004892b9/elements - {"using":"xpath","value":"//*[@id=\"__button376\"]"}
RESULT: {"using":"xpath","value":"//*[@id=\"__button376\"]"}
COMMAND: POST /session/ff0536b58743eaf2c437238d004892b9/elements - {"using":"xpath","value":"//*[@id=\"__button376\"]"}
RESULT: {"using":"xpath","value":"//*[@id=\"__button376\"]"}
COMMAND: POST /session/ff0536b58743eaf2c437238d004892b9/elements - {"using":"xpath","value":"//*[@id=\"__button376\"]"}
RESULT: {"using":"xpath","value":"//*[@id=\"__button376\"]"}
COMMAND: POST /session/ff0536b58743eaf2c437238d004892b9/elements - {"using":"xpath","value":"//*[@id=\"__button376\"]"}
RESULT: {"using":"xpath","value":"//*[@id=\"__button376\"]"}
COMMAND: POST /session/ff0536b58743eaf2c437238d004892b9/elements - {"using":"xpath","value":"//*[@id=\"__button376\"]"}
RESULT: {"using":"xpath","value":"//*[@id=\"__button376\"]"}
COMMAND: POST /session/ff0536b58743eaf2c437238d004892b9/elements - {"using":"xpath","value":"//*[@id=\"__button376\"]"}
RESULT: {"using":"xpath","value":"//*[@id=\"__button376\"]"}
COMMAND: POST /session/ff0536b58743eaf2c437238d004892b9/elements - {"using":"xpath","value":"//*[@id=\"__button376\"]"}
RESULT: {"using":"xpath","value":"//*[@id=\"__button376\"]"}
COMMAND: POST /session/ff0536b58743eaf2c437238d004892b9/elements - {"using":"xpath","value":"//*[@id=\"__button376\"]"}
RESULT: {"using":"xpath","value":"//*[@id=\"__button376\"]"}
COMMAND: POST /session/ff0536b58743eaf2c437238d004892b9/elements - {"using":"xpath","value":"//*[@id=\"__button376\"]"}
RESULT: {"using":"xpath","value":"//*[@id=\"__button376\"]"}
COMMAND: POST /session/ff0536b58743eaf2c437238d004892b9/elements - {"using":"xpath","value":"//*[@id=\"__button376\"]"}
RESULT: {"using":"xpath","value":"//*[@id=\"__button376\"]"}
COMMAND: POST /session/ff0536b58743eaf2c437238d004892b9/elements - {"using":"xpath","value":"//*[@id=\"__button376\"]"}
RESULT: {"using":"xpath","value":"//*[@id=\"__button376\"]"}
COMMAND: POST /session/ff0536b58743eaf2c437238d004892b9/elements - {"using":"xpath","value":"//*[@id=\"__button376\"]"}
RESULT: {"using":"xpath","value":"//*[@id=\"__button376\"]"}
COMMAND: POST /session/ff0536b58743eaf2c437238d004892b9/elements - {"using":"xpath","value":"//*[@id=\"__button376\"]"}
RESULT: {"using":"xpath","value":"//*[@id=\"__button376\"]"}
COMMAND: POST /session/ff0536b58743eaf2c437238d004892b9/elements - {"using":"xpath","value":"//*[@id=\"__button376\"]"}
RESULT: {"using":"xpath","value":"//*[@id=\"__button376\"]"}
COMMAND: POST /session/ff0536b58743eaf2c437238d004892b9/elements - {"using":"xpath","value":"//*[@id=\"__button376\"]"}
RESULT: {"using":"xpath","value":"//*[@id=\"__button376\"]"}
COMMAND: POST /session/ff0536b58743eaf2c437238d004892b9/elements - {"using":"xpath","value":"//*[@id=\"__button376\"]"}
RESULT: {"using":"xpath","value":"//*[@id=\"__button376\"]"}
COMMAND: POST /session/ff0536b58743eaf2c437238d004892b9/elements - {"using":"xpath","value":"//*[@id=\"__button376\"]"}
RESULT: {"using":"xpath","value":"//*[@id=\"__button376\"]"}
COMMAND: POST /session/ff0536b58743eaf2c437238d004892b9/elements - {"using":"xpath","value":"//*[@id=\"__button376\"]"}
RESULT: {"using":"xpath","value":"//*[@id=\"__button376\"]"}
COMMAND: POST /session/ff0536b58743eaf2c437238d004892b9/elements - {"using":"xpath","value":"//*[@id=\"__button376\"]"}
RESULT: {"using":"xpath","value":"//*[@id=\"__button376\"]"}
COMMAND: POST /session/ff0536b58743eaf2c437238d004892b9/elements - {"using":"xpath","value":"//*[@id=\"__button376\"]"}
RESULT: {"using":"xpath","value":"//*[@id=\"__button376\"]"}
COMMAND: POST /session/ff0536b58743eaf2c437238d004892b9/elements - {"using":"xpath","value":"//*[@id=\"__button376\"]"}
RESULT: {"using":"xpath","value":"//*[@id=\"__button376\"]"}
COMMAND: POST /session/ff0536b58743eaf2c437238d004892b9/elements - {"using":"xpath","value":"//*[@id=\"__button376\"]"}
RESULT: {"using":"xpath","value":"//*[@id=\"__button376\"]"}
COMMAND: POST /session/ff0536b58743eaf2c437238d004892b9/elements - {"using":"xpath","value":"//*[@id=\"__button376\"]"}
RESULT: {"using":"xpath","value":"//*[@id=\"__button376\"]"}
COMMAND: POST /session/ff0536b58743eaf2c437238d004892b9/elements - {"using":"xpath","value":"//*[@id=\"__button376\"]"}
RESULT: {"using":"xpath","value":"//*[@id=\"__button376\"]"}
COMMAND: POST /session/ff0536b58743eaf2c437238d004892b9/elements - {"using":"xpath","value":"//*[@id=\"__button376\"]"}
RESULT: {"using":"xpath","value":"//*[@id=\"__button376\"]"}
COMMAND: POST /session/ff0536b58743eaf2c437238d004892b9/elements - {"using":"xpath","value":"//*[@id=\"__button376\"]"}
RESULT: {"using":"xpath","value":"//*[@id=\"__button376\"]"}
COMMAND: POST /session/ff0536b58743eaf2c437238d004892b9/elements - {"using":"xpath","value":"//*[@id=\"__button376\"]"}
RESULT: {"using":"xpath","value":"//*[@id=\"__button376\"]"}
COMMAND: POST /session/ff0536b58743eaf2c437238d004892b9/elements - {"using":"xpath","value":"//*[@id=\"__button376\"]"}
RESULT: {"using":"xpath","value":"//*[@id=\"__button376\"]"}
COMMAND: POST /session/ff0536b58743eaf2c437238d004892b9/elements - {"using":"xpath","value":"//*[@id=\"__button376\"]"}
RESULT: {"using":"xpath","value":"//*[@id=\"__button376\"]"}
COMMAND: POST /session/ff0536b58743eaf2c437238d004892b9/elements - {"using":"xpath","value":"//*[@id=\"__button376\"]"}
RESULT: {"using":"xpath","value":"//*[@id=\"__button376\"]"}
COMMAND: POST /session/ff0536b58743eaf2c437238d004892b9/elements - {"using":"xpath","value":"//*[@id=\"__button376\"]"}
RESULT: {"using":"xpath","value":"//*[@id=\"__button376\"]"}
COMMAND: POST /session/ff0536b58743eaf2c437238d004892b9/elements - {"using":"xpath","value":"//*[@id=\"__button376\"]"}
RESULT: {"using":"xpath","value":"//*[@id=\"__button376\"]"}
COMMAND: POST /session/ff0536b58743eaf2c437238d004892b9/elements - {"using":"xpath","value":"//*[@id=\"__button376\"]"}
COMMAND: POST /session/ff0536b58743eaf2c437238d004892b9/element - {"using":"css selector","value":"#shell-header-logo"}
RESULT: {"using":"xpath","value":"//*[@id=\"__button376\"]"}
RESULT: {"using":"css selector","value":"#shell-header-logo"}
COMMAND: POST /session/ff0536b58743eaf2c437238d004892b9/execute/sync - {"script":"<script> [8489 bytes]","args":[{"element-6066-11e4-a52e-4f735466cecf":"f.BB3617BF1549F1B1531810C266B34E3A.d.333FE6F35E7C738C56228E5CFAA86EB8.e.18489","ELEMENT":"f.BB3617BF1549F1B1531810C266B34E3A.d.333FE6F35E7C738C56228E5CFAA86EB8.e.18489"}]}
RESULT: {"script":"<script> [8489 bytes]","args":[{"element-6066-11e4-a52e-4f735466cecf":"f.BB3617BF1549F1B1531810C266B34E3A.d.333FE6F35E7C738C56228E5CFAA86EB8.e.18489","ELEMENT":"f.BB3617BF1549F1B1531810C266B34E3A.d.333FE6F35E7C738C56228E5CFAA86EB8.e.18489"}]}
COMMAND: POST /session/ff0536b58743eaf2c437238d004892b9/execute/sync - {"script":"<script> [5351 bytes]","args":[{"element-6066-11e4-a52e-4f735466cecf":"f.BB3617BF1549F1B1531810C266B34E3A.d.333FE6F35E7C738C56228E5CFAA86EB8.e.18489","ELEMENT":"f.BB3617BF1549F1B1531810C266B34E3A.d.333FE6F35E7C738C56228E5CFAA86EB8.e.18489"}]}
COMMAND: GET /session/ff0536b58743eaf2c437238d004892b9/screenshot - {}
RESULT: {"script":"<script> [5351 bytes]","args":[{"element-6066-11e4-a52e-4f735466cecf":"f.BB3617BF1549F1B1531810C266B34E3A.d.333FE6F35E7C738C56228E5CFAA86EB8.e.18489","ELEMENT":"f.BB3617BF1549F1B1531810C266B34E3A.d.333FE6F35E7C738C56228E5CFAA86EB8.e.18489"}]}
COMMAND: POST /session/ff0536b58743eaf2c437238d004892b9/element/f.BB3617BF1549F1B1531810C266B34E3A.d.333FE6F35E7C738C56228E5CFAA86EB8.e.18489/click - {}
COMMAND: GET /session/ff0536b58743eaf2c437238d004892b9/screenshot - {}
RESULT: {}
RESULT: {}
]]></system-out>
    </testcase>
    <testcase classname="chrome.136_0_7103_93.windows.Performance_based_billing_(work_days)_US139742" name="Should go to Manage Billings and trigger calculation check the conditions applied" time="60.19">
      <system-out><![CDATA[
COMMAND: POST /session/ff0536b58743eaf2c437238d004892b9/execute/async - {"script":"<script> [1562 bytes]","args":[{"selector":{"controlType":"sap.m.GenericTile","properties":{"header":"Manage Billings"}},"wdio_ui5_key":"sapm.GenericTile{\"header\":\"Manage Billings\"}"}]}
COMMAND: GET /session/ff0536b58743eaf2c437238d004892b9/screenshot - {}
RESULT: {}
RESULT: {"script":"<script> [1562 bytes]","args":[{"selector":{"controlType":"sap.m.GenericTile","properties":{"header":"Manage Billings"}},"wdio_ui5_key":"sapm.GenericTile{\"header\":\"Manage Billings\"}"}]}
RESULT: undefined
COMMAND: POST /session/ff0536b58743eaf2c437238d004892b9/element - {"using":"xpath","value":"//*[@id=\"__tile51\"]"}
RESULT: {}
RESULT: {"using":"xpath","value":"//*[@id=\"__tile51\"]"}
COMMAND: POST /session/ff0536b58743eaf2c437238d004892b9/element/f.BB3617BF1549F1B1531810C266B34E3A.d.333FE6F35E7C738C56228E5CFAA86EB8.e.14736/click - {}
RESULT: {}
COMMAND: GET /session/ff0536b58743eaf2c437238d004892b9/screenshot - {}
RESULT: {}
COMMAND: POST /session/ff0536b58743eaf2c437238d004892b9/elements - {"using":"xpath","value":"//span[text()='Error']"}
RESULT: {"using":"xpath","value":"//span[text()='Error']"}
COMMAND: POST /session/ff0536b58743eaf2c437238d004892b9/execute/async - {"script":"<script> [1562 bytes]","args":[{"selector":{"id":"application-managebillings-display-component---billRunCalcResult--smartFilterBar-btnBasicSearch","interaction":{"idSuffix":"I"}},"wdio_ui5_key":"applicationmanagebillings-display-component---billRunCalcResult--smartFilterBar-btnBasicSearch"}]}
RESULT: {"script":"<script> [1562 bytes]","args":[{"selector":{"id":"application-managebillings-display-component---billRunCalcResult--smartFilterBar-btnBasicSearch","interaction":{"idSuffix":"I"}},"wdio_ui5_key":"applicationmanagebillings-display-component---billRunCalcResult--smartFilterBar-btnBasicSearch"}]}
RESULT: undefined
COMMAND: POST /session/ff0536b58743eaf2c437238d004892b9/execute/async - {"script":"<script> [776 bytes]","args":[{"enterText":"10271","selector":{"id":"application-managebillings-display-component---billRunCalcResult--smartFilterBar-btnBasicSearch","interaction":{"idSuffix":"I"}},"clearTextFirst":true,"interactionType":"ENTER_TEXT"}]}
RESULT: {"script":"<script> [776 bytes]","args":[{"enterText":"10271","selector":{"id":"application-managebillings-display-component---billRunCalcResult--smartFilterBar-btnBasicSearch","interaction":{"idSuffix":"I"}},"clearTextFirst":true,"interactionType":"ENTER_TEXT"}]}
COMMAND: POST /session/ff0536b58743eaf2c437238d004892b9/actions - {"actions":[{"id":"action66","type":"key","parameters":{},"actions":[{"type":"keyDown","value":"î€‡"},{"type":"pause","duration":10},{"type":"keyUp","value":"î€‡"}]}]}
RESULT: {"actions":[{"id":"action66","type":"key","parameters":{},"actions":[{"type":"keyDown","value":"î€‡"},{"type":"pause","duration":10},{"type":"keyUp","value":"î€‡"}]}]}
COMMAND: GET /session/ff0536b58743eaf2c437238d004892b9/screenshot - {}
RESULT: {}
COMMAND: POST /session/ff0536b58743eaf2c437238d004892b9/element - {"using":"xpath","value":"//td[@aria-colindex=\"1\"]/div/div[contains(@class, \"sapMCbBg\")]"}
RESULT: {"using":"xpath","value":"//td[@aria-colindex=\"1\"]/div/div[contains(@class, \"sapMCbBg\")]"}
COMMAND: POST /session/ff0536b58743eaf2c437238d004892b9/element/f.BB3617BF1549F1B1531810C266B34E3A.d.333FE6F35E7C738C56228E5CFAA86EB8.e.18916/click - {}
RESULT: {}
COMMAND: GET /session/ff0536b58743eaf2c437238d004892b9/screenshot - {}
RESULT: {}
COMMAND: POST /session/ff0536b58743eaf2c437238d004892b9/execute/async - {"script":"<script> [1562 bytes]","args":[{"selector":{"id":"application-managebillings-display-component---billRunCalcResult--contractBillRunDate","interaction":{"idSuffix":"inner"}},"wdio_ui5_key":"applicationmanagebillings-display-component---billRunCalcResult--contractBillRunDate"}]}
RESULT: {"script":"<script> [1562 bytes]","args":[{"selector":{"id":"application-managebillings-display-component---billRunCalcResult--contractBillRunDate","interaction":{"idSuffix":"inner"}},"wdio_ui5_key":"applicationmanagebillings-display-component---billRunCalcResult--contractBillRunDate"}]}
RESULT: undefined
COMMAND: POST /session/ff0536b58743eaf2c437238d004892b9/execute/async - {"script":"<script> [776 bytes]","args":[{"enterText":"6/15/25","selector":{"id":"application-managebillings-display-component---billRunCalcResult--contractBillRunDate","interaction":{"idSuffix":"inner"}},"clearTextFirst":true,"interactionType":"ENTER_TEXT"}]}
RESULT: {"script":"<script> [776 bytes]","args":[{"enterText":"6/15/25","selector":{"id":"application-managebillings-display-component---billRunCalcResult--contractBillRunDate","interaction":{"idSuffix":"inner"}},"clearTextFirst":true,"interactionType":"ENTER_TEXT"}]}
COMMAND: POST /session/ff0536b58743eaf2c437238d004892b9/element - {"using":"xpath","value":"//bdi[contains(text(), \"Trigger Calculation\")]"}
RESULT: {"using":"xpath","value":"//bdi[contains(text(), \"Trigger Calculation\")]"}
COMMAND: POST /session/ff0536b58743eaf2c437238d004892b9/element/f.BB3617BF1549F1B1531810C266B34E3A.d.333FE6F35E7C738C56228E5CFAA86EB8.e.18938/click - {}
RESULT: {}
COMMAND: GET /session/ff0536b58743eaf2c437238d004892b9/screenshot - {}
RESULT: {}
COMMAND: POST /session/ff0536b58743eaf2c437238d004892b9/element - {"using":"xpath","value":"(//span[contains(@id, \"imgNav\")])[1]"}
RESULT: {"using":"xpath","value":"(//span[contains(@id, \"imgNav\")])[1]"}
COMMAND: POST /session/ff0536b58743eaf2c437238d004892b9/element/f.BB3617BF1549F1B1531810C266B34E3A.d.333FE6F35E7C738C56228E5CFAA86EB8.e.18930/click - {}
RESULT: {}
COMMAND: GET /session/ff0536b58743eaf2c437238d004892b9/screenshot - {}
RESULT: {}
COMMAND: POST /session/ff0536b58743eaf2c437238d004892b9/element - {"using":"xpath","value":"//tr/td[6]/div[1]/span[1]/span[1]"}
RESULT: {"using":"xpath","value":"//tr/td[6]/div[1]/span[1]/span[1]"}
COMMAND: GET /session/ff0536b58743eaf2c437238d004892b9/element/f.BB3617BF1549F1B1531810C266B34E3A.d.333FE6F35E7C738C56228E5CFAA86EB8.e.18942/text - {}
RESULT: {}
COMMAND: POST /session/ff0536b58743eaf2c437238d004892b9/element - {"using":"xpath","value":"(//span[contains(@id, \"imgNav\")])[2]"}
RESULT: {"using":"xpath","value":"(//span[contains(@id, \"imgNav\")])[2]"}
COMMAND: POST /session/ff0536b58743eaf2c437238d004892b9/element/f.BB3617BF1549F1B1531810C266B34E3A.d.333FE6F35E7C738C56228E5CFAA86EB8.e.18943/click - {}
RESULT: {}
COMMAND: POST /session/ff0536b58743eaf2c437238d004892b9/element - {"using":"xpath","value":"//bdi[contains(text(), \"Business Confirm\")]"}
COMMAND: GET /session/ff0536b58743eaf2c437238d004892b9/screenshot - {}
RESULT: {"using":"xpath","value":"//bdi[contains(text(), \"Business Confirm\")]"}
COMMAND: POST /session/ff0536b58743eaf2c437238d004892b9/elements - {"using":"xpath","value":"//bdi[contains(text(), \"Business Confirm\")]"}
RESULT: {}
RESULT: {"using":"xpath","value":"//bdi[contains(text(), \"Business Confirm\")]"}
COMMAND: POST /session/ff0536b58743eaf2c437238d004892b9/element - {"using":"xpath","value":"//bdi[contains(text(), \"Business Confirm\")]"}
RESULT: {"using":"xpath","value":"//bdi[contains(text(), \"Business Confirm\")]"}
COMMAND: POST /session/ff0536b58743eaf2c437238d004892b9/element/f.BB3617BF1549F1B1531810C266B34E3A.d.333FE6F35E7C738C56228E5CFAA86EB8.e.18976/click - {}
RESULT: {}
COMMAND: POST /session/ff0536b58743eaf2c437238d004892b9/element - {"using":"css selector","value":"#shell-header-logo"}
COMMAND: GET /session/ff0536b58743eaf2c437238d004892b9/screenshot - {}
RESULT: {"using":"css selector","value":"#shell-header-logo"}
COMMAND: POST /session/ff0536b58743eaf2c437238d004892b9/element/f.BB3617BF1549F1B1531810C266B34E3A.d.333FE6F35E7C738C56228E5CFAA86EB8.e.18680/click - {}
RESULT: {}
RESULT: {}
COMMAND: GET /session/ff0536b58743eaf2c437238d004892b9/screenshot - {}
RESULT: {}
COMMAND: POST /session/ff0536b58743eaf2c437238d004892b9/element - {"using":"css selector","value":"#j_username"}
COMMAND: POST /session/ff0536b58743eaf2c437238d004892b9/url - {"url":"https://qa-testing-00-live-etm-ui.cfapps.eu10-004.hana.ondemand.com/"}
RESULT: {"using":"css selector","value":"#j_username"}
COMMAND: POST /session/ff0536b58743eaf2c437238d004892b9/element - {"using":"css selector","value":"#j_username"}
RESULT: {"url":"https://qa-testing-00-live-etm-ui.cfapps.eu10-004.hana.ondemand.com/"}
RESULT: undefined
COMMAND: GET /session/ff0536b58743eaf2c437238d004892b9/screenshot - {}
RESULT: {"using":"css selector","value":"#j_username"}
COMMAND: POST /session/ff0536b58743eaf2c437238d004892b9/element - {"using":"css selector","value":"#shell-header-logo"}
RESULT: {}
RESULT: {"using":"css selector","value":"#shell-header-logo"}
COMMAND: POST /session/ff0536b58743eaf2c437238d004892b9/execute/sync - {"script":"<script> [8489 bytes]","args":[{"element-6066-11e4-a52e-4f735466cecf":"f.BB3617BF1549F1B1531810C266B34E3A.d.C114823240B862D458C82F333E5AD79E.e.19012","ELEMENT":"f.BB3617BF1549F1B1531810C266B34E3A.d.C114823240B862D458C82F333E5AD79E.e.19012"}]}
RESULT: {"script":"<script> [8489 bytes]","args":[{"element-6066-11e4-a52e-4f735466cecf":"f.BB3617BF1549F1B1531810C266B34E3A.d.C114823240B862D458C82F333E5AD79E.e.19012","ELEMENT":"f.BB3617BF1549F1B1531810C266B34E3A.d.C114823240B862D458C82F333E5AD79E.e.19012"}]}
COMMAND: POST /session/ff0536b58743eaf2c437238d004892b9/element - {"using":"css selector","value":"#shell-header-logo"}
COMMAND: GET /session/ff0536b58743eaf2c437238d004892b9/screenshot - {}
RESULT: {"using":"css selector","value":"#shell-header-logo"}
COMMAND: POST /session/ff0536b58743eaf2c437238d004892b9/execute/sync - {"script":"<script> [8489 bytes]","args":[{"element-6066-11e4-a52e-4f735466cecf":"f.BB3617BF1549F1B1531810C266B34E3A.d.C114823240B862D458C82F333E5AD79E.e.19012","ELEMENT":"f.BB3617BF1549F1B1531810C266B34E3A.d.C114823240B862D458C82F333E5AD79E.e.19012"}]}
RESULT: {}
RESULT: {"script":"<script> [8489 bytes]","args":[{"element-6066-11e4-a52e-4f735466cecf":"f.BB3617BF1549F1B1531810C266B34E3A.d.C114823240B862D458C82F333E5AD79E.e.19012","ELEMENT":"f.BB3617BF1549F1B1531810C266B34E3A.d.C114823240B862D458C82F333E5AD79E.e.19012"}]}
COMMAND: POST /session/ff0536b58743eaf2c437238d004892b9/execute/sync - {"script":"<script> [5351 bytes]","args":[{"element-6066-11e4-a52e-4f735466cecf":"f.BB3617BF1549F1B1531810C266B34E3A.d.C114823240B862D458C82F333E5AD79E.e.19012","ELEMENT":"f.BB3617BF1549F1B1531810C266B34E3A.d.C114823240B862D458C82F333E5AD79E.e.19012"}]}
COMMAND: GET /session/ff0536b58743eaf2c437238d004892b9/screenshot - {}
RESULT: {"script":"<script> [5351 bytes]","args":[{"element-6066-11e4-a52e-4f735466cecf":"f.BB3617BF1549F1B1531810C266B34E3A.d.C114823240B862D458C82F333E5AD79E.e.19012","ELEMENT":"f.BB3617BF1549F1B1531810C266B34E3A.d.C114823240B862D458C82F333E5AD79E.e.19012"}]}
COMMAND: POST /session/ff0536b58743eaf2c437238d004892b9/element - {"using":"css selector","value":"#shell-header-logo"}
COMMAND: GET /session/ff0536b58743eaf2c437238d004892b9/screenshot - {}
RESULT: {}
RESULT: {"using":"css selector","value":"#shell-header-logo"}
COMMAND: POST /session/ff0536b58743eaf2c437238d004892b9/element/f.BB3617BF1549F1B1531810C266B34E3A.d.C114823240B862D458C82F333E5AD79E.e.19012/click - {}
RESULT: {}
RESULT: {}
COMMAND: GET /session/ff0536b58743eaf2c437238d004892b9/screenshot - {}
RESULT: {}
COMMAND: POST /session/ff0536b58743eaf2c437238d004892b9/execute/async - {"script":"<script> [189 bytes]","args":[]}
RESULT: {"script":"<script> [189 bytes]","args":[]}
COMMAND: POST /session/ff0536b58743eaf2c437238d004892b9/execute/async - {"script":"<script> [123 bytes]","args":[]}
RESULT: {"script":"<script> [123 bytes]","args":[]}
COMMAND: POST /session/ff0536b58743eaf2c437238d004892b9/timeouts - {"script":"<number>"}
RESULT: {"script":"<number>"}
COMMAND: GET /session/ff0536b58743eaf2c437238d004892b9/timeouts - {}
RESULT: {}
RESULT: undefined
COMMAND: POST /session/ff0536b58743eaf2c437238d004892b9/execute/async - {"script":"<script> [2676 bytes]","args":[]}
RESULT: {"script":"<script> [2676 bytes]","args":[]}
COMMAND: POST /session/ff0536b58743eaf2c437238d004892b9/execute/async - {"script":"<script> [2342 bytes]","args":[{"protocol":"http","hostname":"0.0.0.0","path":"/","capabilities":{"browserName":"chrome","goog:chromeOptions":{"binary":"C:\\Program Files\\Google\\Chrome\\Application\\chrome.exe","args":["--start-maximized"]}},"logLevel":"warn","connectionRetryTimeout":120000,"connectionRetryCount":3,"logLevels":{},"enableDirectConnect":true,"strictSSL":true,"_":"65 more keys: [\"cacheDir\",\"port\",\"requestedCapabilities\",\"automationProtocol\",\"baseUrl\",\"waitforInterval\",\"waitforTimeout\",\"onReload\",\"beforeCommand\",\"afterCommand\",\"rootDir\",\"specs\",\"suites\",\"exclude\",\"groupLogsByTestSpec\",\"excludeDriverLogs\",\"bail\",\"framework\",\"reporters\",\"services\",\"maxInstances\",\"maxInstancesPerCapability\",\"injectGlobals\",\"filesToWatch\",\"execArgv\",\"runnerEnv\",\"runner\",\"shard\",\"specFileRetries\",\"specFileRetriesDelay\",\"specFileRetriesDeferred\",\"reporterSyncInterval\",\"reporterSyncTimeout\",\"cucumberFeaturesWithLineNumbers\",\"autoCompileOpts\",\"mochaOpts\",\"jasmineOpts\",\"cucumberOpts\",\"onPrepare\",\"onWorkerStart\",\"onWorkerEnd\",\"before\",\"beforeSession\",\"beforeSuite\",\"beforeHook\",\"beforeTest\",\"afterTest\",\"afterHook\",\"afterSuite\",\"afterSession\",\"after\",\"onComplete\",\"beforeAssertion\",\"afterAssertion\",\"beforeFeature\",\"beforeScenario\",\"beforeStep\",\"afterStep\",\"afterScenario\",\"afterFeature\",\"_\",\"suite\",\"$0\",\"ignoredWorkerServices\",\"wdi5\"]"}]}
RESULT: {"script":"<script> [2342 bytes]","args":[{"protocol":"http","hostname":"0.0.0.0","path":"/","capabilities":{"browserName":"chrome","goog:chromeOptions":{"binary":"C:\\Program Files\\Google\\Chrome\\Application\\chrome.exe","args":["--start-maximized"]}},"logLevel":"warn","connectionRetryTimeout":120000,"connectionRetryCount":3,"logLevels":{},"enableDirectConnect":true,"strictSSL":true,"_":"65 more keys: [\"cacheDir\",\"port\",\"requestedCapabilities\",\"automationProtocol\",\"baseUrl\",\"waitforInterval\",\"waitforTimeout\",\"onReload\",\"beforeCommand\",\"afterCommand\",\"rootDir\",\"specs\",\"suites\",\"exclude\",\"groupLogsByTestSpec\",\"excludeDriverLogs\",\"bail\",\"framework\",\"reporters\",\"services\",\"maxInstances\",\"maxInstancesPerCapability\",\"injectGlobals\",\"filesToWatch\",\"execArgv\",\"runnerEnv\",\"runner\",\"shard\",\"specFileRetries\",\"specFileRetriesDelay\",\"specFileRetriesDeferred\",\"reporterSyncInterval\",\"reporterSyncTimeout\",\"cucumberFeaturesWithLineNumbers\",\"autoCompileOpts\",\"mochaOpts\",\"jasmineOpts\",\"cucumberOpts\",\"onPrepare\",\"onWorkerStart\",\"onWorkerEnd\",\"before\",\"beforeSession\",\"beforeSuite\",\"beforeHook\",\"beforeTest\",\"afterTest\",\"afterHook\",\"afterSuite\",\"afterSession\",\"after\",\"onComplete\",\"beforeAssertion\",\"afterAssertion\",\"beforeFeature\",\"beforeScenario\",\"beforeStep\",\"afterStep\",\"afterScenario\",\"afterFeature\",\"_\",\"suite\",\"$0\",\"ignoredWorkerServices\",\"wdi5\"]"}]}
COMMAND: POST /session/ff0536b58743eaf2c437238d004892b9/execute/async - {"script":"<script> [21126 bytes]","args":[35000]}
RESULT: {"script":"<script> [21126 bytes]","args":[35000]}
COMMAND: POST /session/ff0536b58743eaf2c437238d004892b9/window/maximize - {}
RESULT: {}
COMMAND: POST /session/ff0536b58743eaf2c437238d004892b9/execute/async - {"script":"<script> [1562 bytes]","args":[{"selector":{"id":"shell-header","interaction":{"idSuffix":"icon"}},"wdio_ui5_key":"shellheader"}]}
COMMAND: GET /session/ff0536b58743eaf2c437238d004892b9/screenshot - {}
RESULT: {"script":"<script> [1562 bytes]","args":[{"selector":{"id":"shell-header","interaction":{"idSuffix":"icon"}},"wdio_ui5_key":"shellheader"}]}
RESULT: undefined
COMMAND: POST /session/ff0536b58743eaf2c437238d004892b9/refresh - {}
RESULT: {}
RESULT: {}
COMMAND: GET /session/ff0536b58743eaf2c437238d004892b9/screenshot - {}
RESULT: {}
COMMAND: POST /session/ff0536b58743eaf2c437238d004892b9/refresh - {}
RESULT: {}
COMMAND: GET /session/ff0536b58743eaf2c437238d004892b9/screenshot - {}
RESULT: {}
COMMAND: POST /session/ff0536b58743eaf2c437238d004892b9/window/fullscreen - {}
RESULT: {}
COMMAND: POST /session/ff0536b58743eaf2c437238d004892b9/execute/async - {"script":"<script> [189 bytes]","args":[]}
RESULT: {"script":"<script> [189 bytes]","args":[]}
COMMAND: POST /session/ff0536b58743eaf2c437238d004892b9/execute/async - {"script":"<script> [123 bytes]","args":[]}
RESULT: {"script":"<script> [123 bytes]","args":[]}
COMMAND: POST /session/ff0536b58743eaf2c437238d004892b9/timeouts - {"script":"<number>"}
RESULT: {"script":"<number>"}
COMMAND: GET /session/ff0536b58743eaf2c437238d004892b9/timeouts - {}
RESULT: {}
RESULT: undefined
COMMAND: POST /session/ff0536b58743eaf2c437238d004892b9/execute/async - {"script":"<script> [2676 bytes]","args":[]}
RESULT: {"script":"<script> [2676 bytes]","args":[]}
COMMAND: POST /session/ff0536b58743eaf2c437238d004892b9/execute/async - {"script":"<script> [2342 bytes]","args":[{"protocol":"http","hostname":"0.0.0.0","path":"/","capabilities":{"browserName":"chrome","goog:chromeOptions":{"binary":"C:\\Program Files\\Google\\Chrome\\Application\\chrome.exe","args":["--start-maximized"]}},"logLevel":"warn","connectionRetryTimeout":120000,"connectionRetryCount":3,"logLevels":{},"enableDirectConnect":true,"strictSSL":true,"_":"65 more keys: [\"cacheDir\",\"port\",\"requestedCapabilities\",\"automationProtocol\",\"baseUrl\",\"waitforInterval\",\"waitforTimeout\",\"onReload\",\"beforeCommand\",\"afterCommand\",\"rootDir\",\"specs\",\"suites\",\"exclude\",\"groupLogsByTestSpec\",\"excludeDriverLogs\",\"bail\",\"framework\",\"reporters\",\"services\",\"maxInstances\",\"maxInstancesPerCapability\",\"injectGlobals\",\"filesToWatch\",\"execArgv\",\"runnerEnv\",\"runner\",\"shard\",\"specFileRetries\",\"specFileRetriesDelay\",\"specFileRetriesDeferred\",\"reporterSyncInterval\",\"reporterSyncTimeout\",\"cucumberFeaturesWithLineNumbers\",\"autoCompileOpts\",\"mochaOpts\",\"jasmineOpts\",\"cucumberOpts\",\"onPrepare\",\"onWorkerStart\",\"onWorkerEnd\",\"before\",\"beforeSession\",\"beforeSuite\",\"beforeHook\",\"beforeTest\",\"afterTest\",\"afterHook\",\"afterSuite\",\"afterSession\",\"after\",\"onComplete\",\"beforeAssertion\",\"afterAssertion\",\"beforeFeature\",\"beforeScenario\",\"beforeStep\",\"afterStep\",\"afterScenario\",\"afterFeature\",\"_\",\"suite\",\"$0\",\"ignoredWorkerServices\",\"wdi5\"]"}]}
RESULT: {"script":"<script> [2342 bytes]","args":[{"protocol":"http","hostname":"0.0.0.0","path":"/","capabilities":{"browserName":"chrome","goog:chromeOptions":{"binary":"C:\\Program Files\\Google\\Chrome\\Application\\chrome.exe","args":["--start-maximized"]}},"logLevel":"warn","connectionRetryTimeout":120000,"connectionRetryCount":3,"logLevels":{},"enableDirectConnect":true,"strictSSL":true,"_":"65 more keys: [\"cacheDir\",\"port\",\"requestedCapabilities\",\"automationProtocol\",\"baseUrl\",\"waitforInterval\",\"waitforTimeout\",\"onReload\",\"beforeCommand\",\"afterCommand\",\"rootDir\",\"specs\",\"suites\",\"exclude\",\"groupLogsByTestSpec\",\"excludeDriverLogs\",\"bail\",\"framework\",\"reporters\",\"services\",\"maxInstances\",\"maxInstancesPerCapability\",\"injectGlobals\",\"filesToWatch\",\"execArgv\",\"runnerEnv\",\"runner\",\"shard\",\"specFileRetries\",\"specFileRetriesDelay\",\"specFileRetriesDeferred\",\"reporterSyncInterval\",\"reporterSyncTimeout\",\"cucumberFeaturesWithLineNumbers\",\"autoCompileOpts\",\"mochaOpts\",\"jasmineOpts\",\"cucumberOpts\",\"onPrepare\",\"onWorkerStart\",\"onWorkerEnd\",\"before\",\"beforeSession\",\"beforeSuite\",\"beforeHook\",\"beforeTest\",\"afterTest\",\"afterHook\",\"afterSuite\",\"afterSession\",\"after\",\"onComplete\",\"beforeAssertion\",\"afterAssertion\",\"beforeFeature\",\"beforeScenario\",\"beforeStep\",\"afterStep\",\"afterScenario\",\"afterFeature\",\"_\",\"suite\",\"$0\",\"ignoredWorkerServices\",\"wdi5\"]"}]}
COMMAND: POST /session/ff0536b58743eaf2c437238d004892b9/execute/async - {"script":"<script> [21126 bytes]","args":[35000]}
RESULT: {"script":"<script> [21126 bytes]","args":[35000]}
]]></system-out>
    </testcase>
  </testsuite>
  <testsuite timestamp="2025-05-15T18:02:52" time="1223.527" tests="20" failures="14" errors="14" skipped="0">
    <properties>
      <property name="specId" value="0" />
      <property name="suiteName" value="Billing Calculation - Time based (considering transport times) US139738" />
      <property name="capabilities" value="chrome.136_0_7103_93.windows" />
      <property name="file" value="file:///D:/a/1/s/test/specs/BTS/billing-calculation-transp-times.spec.js" />
    </properties>
    <testcase classname="chrome.136_0_7103_93.windows.Billing_Calculation_-_Time_based_(considering_transport_times)_US139738" name="Should create a new yard" time="0.019">
      <system-out><![CDATA[
COMMAND: POST /session/ff0536b58743eaf2c437238d004892b9/window/fullscreen - {}
RESULT: {}
]]></system-out>
    </testcase>
    <testcase classname="chrome.136_0_7103_93.windows.Billing_Calculation_-_Time_based_(considering_transport_times)_US139738" name="Should create a new partner" time="0.004" />
    <testcase classname="chrome.136_0_7103_93.windows.Billing_Calculation_-_Time_based_(considering_transport_times)_US139738" name="Should create a new site" time="0.003" />
    <testcase classname="chrome.136_0_7103_93.windows.Billing_Calculation_-_Time_based_(considering_transport_times)_US139738" name="Should create the equipment" time="126.484">
      <system-out><![CDATA[
COMMAND: POST /session/ff0536b58743eaf2c437238d004892b9/execute/async - {"script":"<script> [1562 bytes]","args":[{"selector":{"controlType":"sap.m.GenericTile","properties":{"header":"Manage Resources"}},"wdio_ui5_key":"sapm.GenericTile{\"header\":\"Manage Resources\"}"}]}
RESULT: {"script":"<script> [1562 bytes]","args":[{"selector":{"controlType":"sap.m.GenericTile","properties":{"header":"Manage Resources"}},"wdio_ui5_key":"sapm.GenericTile{\"header\":\"Manage Resources\"}"}]}
RESULT: undefined
COMMAND: POST /session/ff0536b58743eaf2c437238d004892b9/element - {"using":"xpath","value":"//*[@id=\"__tile39\"]"}
RESULT: {"using":"xpath","value":"//*[@id=\"__tile39\"]"}
COMMAND: POST /session/ff0536b58743eaf2c437238d004892b9/element/f.BB3617BF1549F1B1531810C266B34E3A.d.C807BEB3C1555D0CD61CD04099373F6C.e.19174/click - {}
RESULT: {}
COMMAND: GET /session/ff0536b58743eaf2c437238d004892b9/screenshot - {}
RESULT: {}
COMMAND: POST /session/ff0536b58743eaf2c437238d004892b9/elements - {"using":"xpath","value":"//span[text()='Error']"}
RESULT: {"using":"xpath","value":"//span[text()='Error']"}
COMMAND: POST /session/ff0536b58743eaf2c437238d004892b9/element - {"using":"xpath","value":"//button[@data-kt=\"addNewRUOverflowToolbarButton\"]"}
RESULT: {"using":"xpath","value":"//button[@data-kt=\"addNewRUOverflowToolbarButton\"]"}
COMMAND: POST /session/ff0536b58743eaf2c437238d004892b9/elements - {"using":"xpath","value":"//button[@data-kt=\"addNewRUOverflowToolbarButton\"]"}
RESULT: {"using":"xpath","value":"//button[@data-kt=\"addNewRUOverflowToolbarButton\"]"}
COMMAND: POST /session/ff0536b58743eaf2c437238d004892b9/execute/sync - {"script":"<script> [8489 bytes]","args":[{"element-6066-11e4-a52e-4f735466cecf":"f.BB3617BF1549F1B1531810C266B34E3A.d.C807BEB3C1555D0CD61CD04099373F6C.e.19308","ELEMENT":"f.BB3617BF1549F1B1531810C266B34E3A.d.C807BEB3C1555D0CD61CD04099373F6C.e.19308"}]}
RESULT: {"script":"<script> [8489 bytes]","args":[{"element-6066-11e4-a52e-4f735466cecf":"f.BB3617BF1549F1B1531810C266B34E3A.d.C807BEB3C1555D0CD61CD04099373F6C.e.19308","ELEMENT":"f.BB3617BF1549F1B1531810C266B34E3A.d.C807BEB3C1555D0CD61CD04099373F6C.e.19308"}]}
COMMAND: GET /session/ff0536b58743eaf2c437238d004892b9/element/f.BB3617BF1549F1B1531810C266B34E3A.d.C807BEB3C1555D0CD61CD04099373F6C.e.19308/enabled - {}
COMMAND: GET /session/ff0536b58743eaf2c437238d004892b9/screenshot - {}
RESULT: {}
COMMAND: POST /session/ff0536b58743eaf2c437238d004892b9/execute/sync - {"script":"<script> [8489 bytes]","args":[{"element-6066-11e4-a52e-4f735466cecf":"f.BB3617BF1549F1B1531810C266B34E3A.d.C807BEB3C1555D0CD61CD04099373F6C.e.19308","ELEMENT":"f.BB3617BF1549F1B1531810C266B34E3A.d.C807BEB3C1555D0CD61CD04099373F6C.e.19308"}]}
COMMAND: GET /session/ff0536b58743eaf2c437238d004892b9/screenshot - {}
RESULT: {}
RESULT: {"script":"<script> [8489 bytes]","args":[{"element-6066-11e4-a52e-4f735466cecf":"f.BB3617BF1549F1B1531810C266B34E3A.d.C807BEB3C1555D0CD61CD04099373F6C.e.19308","ELEMENT":"f.BB3617BF1549F1B1531810C266B34E3A.d.C807BEB3C1555D0CD61CD04099373F6C.e.19308"}]}
COMMAND: POST /session/ff0536b58743eaf2c437238d004892b9/execute/sync - {"script":"<script> [5351 bytes]","args":[{"element-6066-11e4-a52e-4f735466cecf":"f.BB3617BF1549F1B1531810C266B34E3A.d.C807BEB3C1555D0CD61CD04099373F6C.e.19308","ELEMENT":"f.BB3617BF1549F1B1531810C266B34E3A.d.C807BEB3C1555D0CD61CD04099373F6C.e.19308"}]}
COMMAND: GET /session/ff0536b58743eaf2c437238d004892b9/screenshot - {}
RESULT: {}
RESULT: {"script":"<script> [5351 bytes]","args":[{"element-6066-11e4-a52e-4f735466cecf":"f.BB3617BF1549F1B1531810C266B34E3A.d.C807BEB3C1555D0CD61CD04099373F6C.e.19308","ELEMENT":"f.BB3617BF1549F1B1531810C266B34E3A.d.C807BEB3C1555D0CD61CD04099373F6C.e.19308"}]}
COMMAND: POST /session/ff0536b58743eaf2c437238d004892b9/element/f.BB3617BF1549F1B1531810C266B34E3A.d.C807BEB3C1555D0CD61CD04099373F6C.e.19308/click - {}
COMMAND: GET /session/ff0536b58743eaf2c437238d004892b9/screenshot - {}
RESULT: {}
RESULT: {}
COMMAND: GET /session/ff0536b58743eaf2c437238d004892b9/screenshot - {}
RESULT: {}
RESULT: {}
COMMAND: POST /session/ff0536b58743eaf2c437238d004892b9/execute/async - {"script":"<script> [1562 bytes]","args":[{"selector":{"id":"application-manageresources-display-component---newResourceUnit--TYPE-arrow"},"wdio_ui5_key":"applicationmanageresources-display-component---newResourceUnit--TYPE-arrow"}]}
RESULT: {"script":"<script> [1562 bytes]","args":[{"selector":{"id":"application-manageresources-display-component---newResourceUnit--TYPE-arrow"},"wdio_ui5_key":"applicationmanageresources-display-component---newResourceUnit--TYPE-arrow"}]}
RESULT: undefined
COMMAND: POST /session/ff0536b58743eaf2c437238d004892b9/element - {"using":"xpath","value":"//*[@id=\"application-manageresources-display-component---newResourceUnit--TYPE-arrow\"]"}
RESULT: {"using":"xpath","value":"//*[@id=\"application-manageresources-display-component---newResourceUnit--TYPE-arrow\"]"}
COMMAND: POST /session/ff0536b58743eaf2c437238d004892b9/element/f.BB3617BF1549F1B1531810C266B34E3A.d.C807BEB3C1555D0CD61CD04099373F6C.e.19669/click - {}
RESULT: {}
COMMAND: POST /session/ff0536b58743eaf2c437238d004892b9/element - {"using":"xpath","value":"//input[@id=\"application-manageresources-display-component---newResourceUnit--TYPE-inner\"]"}
COMMAND: GET /session/ff0536b58743eaf2c437238d004892b9/screenshot - {}
RESULT: {"using":"xpath","value":"//input[@id=\"application-manageresources-display-component---newResourceUnit--TYPE-inner\"]"}
COMMAND: POST /session/ff0536b58743eaf2c437238d004892b9/element/f.BB3617BF1549F1B1531810C266B34E3A.d.C807BEB3C1555D0CD61CD04099373F6C.e.19660/clear - {}
RESULT: {}
RESULT: {}
COMMAND: POST /session/ff0536b58743eaf2c437238d004892b9/element/f.BB3617BF1549F1B1531810C266B34E3A.d.C807BEB3C1555D0CD61CD04099373F6C.e.19660/value - {"text":"Equipment"}
COMMAND: GET /session/ff0536b58743eaf2c437238d004892b9/screenshot - {}
RESULT: {"text":"Equipment"}
COMMAND: GET /session/ff0536b58743eaf2c437238d004892b9/screenshot - {}
RESULT: {}
RESULT: {}
COMMAND: POST /session/ff0536b58743eaf2c437238d004892b9/actions - {"actions":[{"id":"action67","type":"key","parameters":{},"actions":[{"type":"keyDown","value":"î€‡"},{"type":"pause","duration":10},{"type":"keyUp","value":"î€‡"}]}]}
RESULT: {"actions":[{"id":"action67","type":"key","parameters":{},"actions":[{"type":"keyDown","value":"î€‡"},{"type":"pause","duration":10},{"type":"keyUp","value":"î€‡"}]}]}
COMMAND: POST /session/ff0536b58743eaf2c437238d004892b9/execute/async - {"script":"<script> [1562 bytes]","args":[{"selector":{"id":"application-manageresources-display-component---newResourceUnit--resourceId","interaction":{"idSuffix":"inner"}},"wdio_ui5_key":"applicationmanageresources-display-component---newResourceUnit--resourceId"}]}
COMMAND: GET /session/ff0536b58743eaf2c437238d004892b9/screenshot - {}
RESULT: {"script":"<script> [1562 bytes]","args":[{"selector":{"id":"application-manageresources-display-component---newResourceUnit--resourceId","interaction":{"idSuffix":"inner"}},"wdio_ui5_key":"applicationmanageresources-display-component---newResourceUnit--resourceId"}]}
RESULT: undefined
COMMAND: POST /session/ff0536b58743eaf2c437238d004892b9/execute/async - {"script":"<script> [776 bytes]","args":[{"enterText":"BidSPJMUmZ","selector":{"id":"application-manageresources-display-component---newResourceUnit--resourceId","interaction":{"idSuffix":"inner"}},"clearTextFirst":true,"interactionType":"ENTER_TEXT"}]}
RESULT: {}
RESULT: {"script":"<script> [776 bytes]","args":[{"enterText":"BidSPJMUmZ","selector":{"id":"application-manageresources-display-component---newResourceUnit--resourceId","interaction":{"idSuffix":"inner"}},"clearTextFirst":true,"interactionType":"ENTER_TEXT"}]}
COMMAND: POST /session/ff0536b58743eaf2c437238d004892b9/execute/async - {"script":"<script> [1562 bytes]","args":[{"selector":{"id":"application-manageresources-display-component---newResourceUnit--SHORT_TEXT","interaction":{"idSuffix":"inner"}},"wdio_ui5_key":"applicationmanageresources-display-component---newResourceUnit--SHORT_TEXT"}]}
RESULT: {"script":"<script> [1562 bytes]","args":[{"selector":{"id":"application-manageresources-display-component---newResourceUnit--SHORT_TEXT","interaction":{"idSuffix":"inner"}},"wdio_ui5_key":"applicationmanageresources-display-component---newResourceUnit--SHORT_TEXT"}]}
RESULT: undefined
COMMAND: POST /session/ff0536b58743eaf2c437238d004892b9/execute/async - {"script":"<script> [776 bytes]","args":[{"enterText":"Intercompany Equipment WDIO","selector":{"id":"application-manageresources-display-component---newResourceUnit--SHORT_TEXT","interaction":{"idSuffix":"inner"}},"clearTextFirst":true,"interactionType":"ENTER_TEXT"}]}
RESULT: {"script":"<script> [776 bytes]","args":[{"enterText":"Intercompany Equipment WDIO","selector":{"id":"application-manageresources-display-component---newResourceUnit--SHORT_TEXT","interaction":{"idSuffix":"inner"}},"clearTextFirst":true,"interactionType":"ENTER_TEXT"}]}
COMMAND: POST /session/ff0536b58743eaf2c437238d004892b9/execute/async - {"script":"<script> [1562 bytes]","args":[{"selector":{"id":"application-manageresources-display-component---newResourceUnit--BASE_UNIT_OF_MEASURE","interaction":{"idSuffix":"inner"}},"wdio_ui5_key":"applicationmanageresources-display-component---newResourceUnit--BASE_UNIT_OF_MEASURE"}]}
RESULT: {"script":"<script> [1562 bytes]","args":[{"selector":{"id":"application-manageresources-display-component---newResourceUnit--BASE_UNIT_OF_MEASURE","interaction":{"idSuffix":"inner"}},"wdio_ui5_key":"applicationmanageresources-display-component---newResourceUnit--BASE_UNIT_OF_MEASURE"}]}
RESULT: undefined
COMMAND: POST /session/ff0536b58743eaf2c437238d004892b9/execute/async - {"script":"<script> [776 bytes]","args":[{"enterText":"Piece","selector":{"id":"application-manageresources-display-component---newResourceUnit--BASE_UNIT_OF_MEASURE","interaction":{"idSuffix":"inner"}},"clearTextFirst":true,"interactionType":"ENTER_TEXT"}]}
RESULT: {"script":"<script> [776 bytes]","args":[{"enterText":"Piece","selector":{"id":"application-manageresources-display-component---newResourceUnit--BASE_UNIT_OF_MEASURE","interaction":{"idSuffix":"inner"}},"clearTextFirst":true,"interactionType":"ENTER_TEXT"}]}
COMMAND: POST /session/ff0536b58743eaf2c437238d004892b9/execute/async - {"script":"<script> [1562 bytes]","args":[{"selector":{"id":"application-manageresources-display-component---newResourceUnit--WEIGHT_UNIT","interaction":{"idSuffix":"inner"}},"wdio_ui5_key":"applicationmanageresources-display-component---newResourceUnit--WEIGHT_UNIT"}]}
RESULT: {"script":"<script> [1562 bytes]","args":[{"selector":{"id":"application-manageresources-display-component---newResourceUnit--WEIGHT_UNIT","interaction":{"idSuffix":"inner"}},"wdio_ui5_key":"applicationmanageresources-display-component---newResourceUnit--WEIGHT_UNIT"}]}
RESULT: undefined
COMMAND: POST /session/ff0536b58743eaf2c437238d004892b9/execute/async - {"script":"<script> [776 bytes]","args":[{"enterText":"Gram","selector":{"id":"application-manageresources-display-component---newResourceUnit--WEIGHT_UNIT","interaction":{"idSuffix":"inner"}},"clearTextFirst":true,"interactionType":"ENTER_TEXT"}]}
RESULT: {"script":"<script> [776 bytes]","args":[{"enterText":"Gram","selector":{"id":"application-manageresources-display-component---newResourceUnit--WEIGHT_UNIT","interaction":{"idSuffix":"inner"}},"clearTextFirst":true,"interactionType":"ENTER_TEXT"}]}
COMMAND: POST /session/ff0536b58743eaf2c437238d004892b9/execute/async - {"script":"<script> [1562 bytes]","args":[{"selector":{"id":"application-manageresources-display-component---newResourceUnit--DIMENSION_UNIT","interaction":{"idSuffix":"inner"}},"wdio_ui5_key":"applicationmanageresources-display-component---newResourceUnit--DIMENSION_UNIT"}]}
RESULT: {"script":"<script> [1562 bytes]","args":[{"selector":{"id":"application-manageresources-display-component---newResourceUnit--DIMENSION_UNIT","interaction":{"idSuffix":"inner"}},"wdio_ui5_key":"applicationmanageresources-display-component---newResourceUnit--DIMENSION_UNIT"}]}
RESULT: undefined
COMMAND: POST /session/ff0536b58743eaf2c437238d004892b9/execute/async - {"script":"<script> [776 bytes]","args":[{"enterText":"Meter","selector":{"id":"application-manageresources-display-component---newResourceUnit--DIMENSION_UNIT","interaction":{"idSuffix":"inner"}},"clearTextFirst":true,"interactionType":"ENTER_TEXT"}]}
RESULT: {"script":"<script> [776 bytes]","args":[{"enterText":"Meter","selector":{"id":"application-manageresources-display-component---newResourceUnit--DIMENSION_UNIT","interaction":{"idSuffix":"inner"}},"clearTextFirst":true,"interactionType":"ENTER_TEXT"}]}
COMMAND: POST /session/ff0536b58743eaf2c437238d004892b9/execute/async - {"script":"<script> [1562 bytes]","args":[{"selector":{"id":"application-manageresources-display-component---newResourceUnit--newRRUPage-anchBar-application-manageresources-display-component---newResourceUnit--control-anchor","interaction":{"idSuffix":"BDI-content"}},"wdio_ui5_key":"applicationmanageresources-display-component---newResourceUnit--newRRUPage-anchBar-application-manageresources-display-component---newResourceUnit--control-anchor"}]}
RESULT: {"script":"<script> [1562 bytes]","args":[{"selector":{"id":"application-manageresources-display-component---newResourceUnit--newRRUPage-anchBar-application-manageresources-display-component---newResourceUnit--control-anchor","interaction":{"idSuffix":"BDI-content"}},"wdio_ui5_key":"applicationmanageresources-display-component---newResourceUnit--newRRUPage-anchBar-application-manageresources-display-component---newResourceUnit--control-anchor"}]}
RESULT: undefined
COMMAND: POST /session/ff0536b58743eaf2c437238d004892b9/element - {"using":"xpath","value":"//*[@id=\"application-manageresources-display-component---newResourceUnit--newRRUPage-anchBar-application-manageresources-display-component---newResourceUnit--control-anchor\"]"}
RESULT: {"using":"xpath","value":"//*[@id=\"application-manageresources-display-component---newResourceUnit--newRRUPage-anchBar-application-manageresources-display-component---newResourceUnit--control-anchor\"]"}
COMMAND: POST /session/ff0536b58743eaf2c437238d004892b9/element/f.BB3617BF1549F1B1531810C266B34E3A.d.C807BEB3C1555D0CD61CD04099373F6C.e.19802/click - {}
RESULT: {}
COMMAND: POST /session/ff0536b58743eaf2c437238d004892b9/execute/async - {"script":"<script> [1562 bytes]","args":[{"selector":{"id":"application-manageresources-display-component---newResourceUnit--PLANNING_GROUP","interaction":{"idSuffix":"inner"}},"wdio_ui5_key":"applicationmanageresources-display-component---newResourceUnit--PLANNING_GROUP"}]}
COMMAND: GET /session/ff0536b58743eaf2c437238d004892b9/screenshot - {}
RESULT: {"script":"<script> [1562 bytes]","args":[{"selector":{"id":"application-manageresources-display-component---newResourceUnit--PLANNING_GROUP","interaction":{"idSuffix":"inner"}},"wdio_ui5_key":"applicationmanageresources-display-component---newResourceUnit--PLANNING_GROUP"}]}
RESULT: undefined
COMMAND: POST /session/ff0536b58743eaf2c437238d004892b9/execute/async - {"script":"<script> [776 bytes]","args":[{"enterText":"Heavy Equi","selector":{"id":"application-manageresources-display-component---newResourceUnit--PLANNING_GROUP","interaction":{"idSuffix":"inner"}},"clearTextFirst":true,"interactionType":"ENTER_TEXT"}]}
RESULT: {}
RESULT: {"script":"<script> [776 bytes]","args":[{"enterText":"Heavy Equi","selector":{"id":"application-manageresources-display-component---newResourceUnit--PLANNING_GROUP","interaction":{"idSuffix":"inner"}},"clearTextFirst":true,"interactionType":"ENTER_TEXT"}]}
COMMAND: POST /session/ff0536b58743eaf2c437238d004892b9/execute/async - {"script":"<script> [1562 bytes]","args":[{"selector":{"id":"application-manageresources-display-component---newResourceUnit--ITEM_TYPE-arrow"},"wdio_ui5_key":"applicationmanageresources-display-component---newResourceUnit--ITEM_TYPE-arrow"}]}
RESULT: {"script":"<script> [1562 bytes]","args":[{"selector":{"id":"application-manageresources-display-component---newResourceUnit--ITEM_TYPE-arrow"},"wdio_ui5_key":"applicationmanageresources-display-component---newResourceUnit--ITEM_TYPE-arrow"}]}
RESULT: undefined
COMMAND: POST /session/ff0536b58743eaf2c437238d004892b9/element - {"using":"xpath","value":"//*[@id=\"application-manageresources-display-component---newResourceUnit--ITEM_TYPE-arrow\"]"}
RESULT: {"using":"xpath","value":"//*[@id=\"application-manageresources-display-component---newResourceUnit--ITEM_TYPE-arrow\"]"}
COMMAND: POST /session/ff0536b58743eaf2c437238d004892b9/element/f.BB3617BF1549F1B1531810C266B34E3A.d.C807BEB3C1555D0CD61CD04099373F6C.e.19811/click - {}
RESULT: {}
COMMAND: POST /session/ff0536b58743eaf2c437238d004892b9/element - {"using":"xpath","value":"(//span[contains(text(), \"Resource Unit\")])[2]"}
COMMAND: GET /session/ff0536b58743eaf2c437238d004892b9/screenshot - {}
RESULT: {"using":"xpath","value":"(//span[contains(text(), \"Resource Unit\")])[2]"}
COMMAND: POST /session/ff0536b58743eaf2c437238d004892b9/element/f.BB3617BF1549F1B1531810C266B34E3A.d.C807BEB3C1555D0CD61CD04099373F6C.e.19812/click - {}
RESULT: {}
RESULT: {}
COMMAND: GET /session/ff0536b58743eaf2c437238d004892b9/screenshot - {}
RESULT: {}
COMMAND: POST /session/ff0536b58743eaf2c437238d004892b9/element - {"using":"css selector","value":"#application-manageresources-display-component---newResourceUnit--btnAddTimeSegment"}
RESULT: {"using":"css selector","value":"#application-manageresources-display-component---newResourceUnit--btnAddTimeSegment"}
COMMAND: GET /session/ff0536b58743eaf2c437238d004892b9/element/f.BB3617BF1549F1B1531810C266B34E3A.d.C807BEB3C1555D0CD61CD04099373F6C.e.19813/rect - {}
RESULT: {}
COMMAND: GET /session/ff0536b58743eaf2c437238d004892b9/window/rect - {}
RESULT: {}
COMMAND: POST /session/ff0536b58743eaf2c437238d004892b9/execute/sync - {"script":"<script> [92 bytes]","args":[]}
RESULT: {"script":"<script> [92 bytes]","args":[]}
COMMAND: POST /session/ff0536b58743eaf2c437238d004892b9/actions - {"actions":[{"id":"action68","type":"wheel","parameters":{},"actions":[{"type":"scroll","x":-1888,"y":-32,"deltaX":0,"deltaY":0,"duration":0,"origin":{"element-6066-11e4-a52e-4f735466cecf":"f.BB3617BF1549F1B1531810C266B34E3A.d.C807BEB3C1555D0CD61CD04099373F6C.e.19813"}}]}]}
COMMAND: GET /session/ff0536b58743eaf2c437238d004892b9/screenshot - {}
RESULT: {}
COMMAND: POST /session/ff0536b58743eaf2c437238d004892b9/execute/sync - {"script":"<script> [79 bytes]","args":[{"element-6066-11e4-a52e-4f735466cecf":"f.BB3617BF1549F1B1531810C266B34E3A.d.C807BEB3C1555D0CD61CD04099373F6C.e.19813","ELEMENT":"f.BB3617BF1549F1B1531810C266B34E3A.d.C807BEB3C1555D0CD61CD04099373F6C.e.19813"},{"block":"start","inline":"nearest"}]}
RESULT: {"script":"<script> [79 bytes]","args":[{"element-6066-11e4-a52e-4f735466cecf":"f.BB3617BF1549F1B1531810C266B34E3A.d.C807BEB3C1555D0CD61CD04099373F6C.e.19813","ELEMENT":"f.BB3617BF1549F1B1531810C266B34E3A.d.C807BEB3C1555D0CD61CD04099373F6C.e.19813"},{"block":"start","inline":"nearest"}]}
COMMAND: POST /session/ff0536b58743eaf2c437238d004892b9/execute/async - {"script":"<script> [1562 bytes]","args":[{"selector":{"id":"application-manageresources-display-component---newResourceUnit--btnAddTimeSegment","interaction":{"idSuffix":"inner"}},"wdio_ui5_key":"applicationmanageresources-display-component---newResourceUnit--btnAddTimeSegment"}]}
COMMAND: GET /session/ff0536b58743eaf2c437238d004892b9/screenshot - {}
RESULT: {"script":"<script> [1562 bytes]","args":[{"selector":{"id":"application-manageresources-display-component---newResourceUnit--btnAddTimeSegment","interaction":{"idSuffix":"inner"}},"wdio_ui5_key":"applicationmanageresources-display-component---newResourceUnit--btnAddTimeSegment"}]}
RESULT: undefined
COMMAND: POST /session/ff0536b58743eaf2c437238d004892b9/element - {"using":"xpath","value":"//*[@id=\"application-manageresources-display-component---newResourceUnit--btnAddTimeSegment\"]"}
RESULT: {}
RESULT: {"using":"xpath","value":"//*[@id=\"application-manageresources-display-component---newResourceUnit--btnAddTimeSegment\"]"}
COMMAND: POST /session/ff0536b58743eaf2c437238d004892b9/element/f.BB3617BF1549F1B1531810C266B34E3A.d.C807BEB3C1555D0CD61CD04099373F6C.e.19813/click - {}
RESULT: {}
COMMAND: GET /session/ff0536b58743eaf2c437238d004892b9/screenshot - {}
RESULT: {}
COMMAND: POST /session/ff0536b58743eaf2c437238d004892b9/element - {"using":"xpath","value":"//input[@id=\"application-manageresources-display-component---newResourceUnit--idRuTSAdmin-application-manageresources-display-component---newResourceUnit--RUTimeSegment-0-inner\"]"}
RESULT: {"using":"xpath","value":"//input[@id=\"application-manageresources-display-component---newResourceUnit--idRuTSAdmin-application-manageresources-display-component---newResourceUnit--RUTimeSegment-0-inner\"]"}
COMMAND: POST /session/ff0536b58743eaf2c437238d004892b9/element/f.BB3617BF1549F1B1531810C266B34E3A.d.C807BEB3C1555D0CD61CD04099373F6C.e.19819/clear - {}
RESULT: {}
COMMAND: POST /session/ff0536b58743eaf2c437238d004892b9/element/f.BB3617BF1549F1B1531810C266B34E3A.d.C807BEB3C1555D0CD61CD04099373F6C.e.19819/value - {"text":"409"}
COMMAND: GET /session/ff0536b58743eaf2c437238d004892b9/screenshot - {}
RESULT: {"text":"409"}
COMMAND: GET /session/ff0536b58743eaf2c437238d004892b9/screenshot - {}
RESULT: {}
RESULT: {}
COMMAND: POST /session/ff0536b58743eaf2c437238d004892b9/element - {"using":"xpath","value":"//li[.//span[text()='409']]"}
RESULT: {"using":"xpath","value":"//li[.//span[text()='409']]"}
COMMAND: POST /session/ff0536b58743eaf2c437238d004892b9/element/f.BB3617BF1549F1B1531810C266B34E3A.d.C807BEB3C1555D0CD61CD04099373F6C.e.19831/click - {}
RESULT: {}
COMMAND: GET /session/ff0536b58743eaf2c437238d004892b9/screenshot - {}
RESULT: {}
COMMAND: POST /session/ff0536b58743eaf2c437238d004892b9/element - {"using":"xpath","value":"(//span[contains(@id, \"-application-manageresources-display-component---newResourceUnit--RUTimeSegment-0-arrow\")])[6]"}
RESULT: {"using":"xpath","value":"(//span[contains(@id, \"-application-manageresources-display-component---newResourceUnit--RUTimeSegment-0-arrow\")])[6]"}
COMMAND: POST /session/ff0536b58743eaf2c437238d004892b9/element/f.BB3617BF1549F1B1531810C266B34E3A.d.C807BEB3C1555D0CD61CD04099373F6C.e.19832/click - {}
RESULT: {}
COMMAND: GET /session/ff0536b58743eaf2c437238d004892b9/screenshot - {}
RESULT: {}
COMMAND: POST /session/ff0536b58743eaf2c437238d004892b9/element - {"using":"xpath","value":"//span[contains(text(), \"PM Order\")]"}
RESULT: {"using":"xpath","value":"//span[contains(text(), \"PM Order\")]"}
COMMAND: POST /session/ff0536b58743eaf2c437238d004892b9/element/f.BB3617BF1549F1B1531810C266B34E3A.d.C807BEB3C1555D0CD61CD04099373F6C.e.19835/click - {}
RESULT: {}
COMMAND: GET /session/ff0536b58743eaf2c437238d004892b9/screenshot - {}
RESULT: {}
COMMAND: POST /session/ff0536b58743eaf2c437238d004892b9/element - {"using":"xpath","value":"(//span[contains(@id ,\"manageresources-display-component---newResourceUnit--RUTimeSegment-0-vhi\")])[1]"}
RESULT: {"using":"xpath","value":"(//span[contains(@id ,\"manageresources-display-component---newResourceUnit--RUTimeSegment-0-vhi\")])[1]"}
COMMAND: GET /session/ff0536b58743eaf2c437238d004892b9/element/f.BB3617BF1549F1B1531810C266B34E3A.d.C807BEB3C1555D0CD61CD04099373F6C.e.19839/rect - {}
RESULT: {}
COMMAND: GET /session/ff0536b58743eaf2c437238d004892b9/window/rect - {}
RESULT: {}
COMMAND: POST /session/ff0536b58743eaf2c437238d004892b9/execute/sync - {"script":"<script> [92 bytes]","args":[]}
RESULT: {"script":"<script> [92 bytes]","args":[]}
COMMAND: POST /session/ff0536b58743eaf2c437238d004892b9/actions - {"actions":[{"id":"action69","type":"wheel","parameters":{},"actions":[{"type":"scroll","x":-869,"y":-24,"deltaX":0,"deltaY":0,"duration":0,"origin":{"element-6066-11e4-a52e-4f735466cecf":"f.BB3617BF1549F1B1531810C266B34E3A.d.C807BEB3C1555D0CD61CD04099373F6C.e.19839"}}]}]}
COMMAND: GET /session/ff0536b58743eaf2c437238d004892b9/screenshot - {}
RESULT: {"actions":[{"id":"action69","type":"wheel","parameters":{},"actions":[{"type":"scroll","x":-869,"y":-24,"deltaX":0,"deltaY":0,"duration":0,"origin":{"element-6066-11e4-a52e-4f735466cecf":"f.BB3617BF1549F1B1531810C266B34E3A.d.C807BEB3C1555D0CD61CD04099373F6C.e.19839"}}]}]}
COMMAND: DELETE /session/ff0536b58743eaf2c437238d004892b9/actions - {}
COMMAND: GET /session/ff0536b58743eaf2c437238d004892b9/screenshot - {}
RESULT: {}
RESULT: {}
COMMAND: GET /session/ff0536b58743eaf2c437238d004892b9/screenshot - {}
RESULT: {}
RESULT: {}
COMMAND: POST /session/ff0536b58743eaf2c437238d004892b9/element/f.BB3617BF1549F1B1531810C266B34E3A.d.C807BEB3C1555D0CD61CD04099373F6C.e.19839/click - {}
RESULT: {}
COMMAND: GET /session/ff0536b58743eaf2c437238d004892b9/screenshot - {}
RESULT: {}
COMMAND: POST /session/ff0536b58743eaf2c437238d004892b9/execute/async - {"script":"<script> [1562 bytes]","args":[{"selector":{"controlType":"sap.m.SearchField","properties":{"placeholder":"Search"},"searchOpenDialogs":true,"interaction":{"idSuffix":"I"}},"wdio_ui5_key":"sapm.SearchField{\"placeholder\":\"Search\"}"}]}
RESULT: {"script":"<script> [1562 bytes]","args":[{"selector":{"controlType":"sap.m.SearchField","properties":{"placeholder":"Search"},"searchOpenDialogs":true,"interaction":{"idSuffix":"I"}},"wdio_ui5_key":"sapm.SearchField{\"placeholder\":\"Search\"}"}]}
RESULT: undefined
COMMAND: POST /session/ff0536b58743eaf2c437238d004892b9/execute/async - {"script":"<script> [776 bytes]","args":[{"enterText":"4000360","selector":{"controlType":"sap.m.SearchField","properties":{"placeholder":"Search"},"searchOpenDialogs":true,"interaction":{"idSuffix":"I"}},"clearTextFirst":true,"interactionType":"ENTER_TEXT"}]}
RESULT: {"script":"<script> [776 bytes]","args":[{"enterText":"4000360","selector":{"controlType":"sap.m.SearchField","properties":{"placeholder":"Search"},"searchOpenDialogs":true,"interaction":{"idSuffix":"I"}},"clearTextFirst":true,"interactionType":"ENTER_TEXT"}]}
COMMAND: POST /session/ff0536b58743eaf2c437238d004892b9/actions - {"actions":[{"id":"action70","type":"key","parameters":{},"actions":[{"type":"keyDown","value":"î€‡"},{"type":"pause","duration":10},{"type":"keyUp","value":"î€‡"}]}]}
RESULT: {"actions":[{"id":"action70","type":"key","parameters":{},"actions":[{"type":"keyDown","value":"î€‡"},{"type":"pause","duration":10},{"type":"keyUp","value":"î€‡"}]}]}
COMMAND: GET /session/ff0536b58743eaf2c437238d004892b9/screenshot - {}
RESULT: {}
COMMAND: POST /session/ff0536b58743eaf2c437238d004892b9/element - {"using":"xpath","value":"//td/div/span[contains(text(), \"BGL Vehicles\")]"}
RESULT: {"using":"xpath","value":"//td/div/span[contains(text(), \"BGL Vehicles\")]"}
COMMAND: POST /session/ff0536b58743eaf2c437238d004892b9/element/f.BB3617BF1549F1B1531810C266B34E3A.d.C807BEB3C1555D0CD61CD04099373F6C.e.19861/click - {}
RESULT: {}
COMMAND: GET /session/ff0536b58743eaf2c437238d004892b9/screenshot - {}
RESULT: {}
COMMAND: POST /session/ff0536b58743eaf2c437238d004892b9/element - {"using":"xpath","value":"//bdi[contains(text(), \"OK\")]"}
RESULT: {"using":"xpath","value":"//bdi[contains(text(), \"OK\")]"}
COMMAND: POST /session/ff0536b58743eaf2c437238d004892b9/element/f.BB3617BF1549F1B1531810C266B34E3A.d.C807BEB3C1555D0CD61CD04099373F6C.e.19862/click - {}
RESULT: {}
COMMAND: GET /session/ff0536b58743eaf2c437238d004892b9/screenshot - {}
RESULT: {}
COMMAND: POST /session/ff0536b58743eaf2c437238d004892b9/execute/async - {"script":"<script> [1562 bytes]","args":[{"selector":{"id":"application-manageresources-display-component---newResourceUnit--newRRUPage-anchBar-application-manageresources-display-component---newResourceUnit--resource-anchor","interaction":{"idSuffix":"BDI-content"}},"wdio_ui5_key":"applicationmanageresources-display-component---newResourceUnit--newRRUPage-anchBar-application-manageresources-display-component---newResourceUnit--resource-anchor"}]}
RESULT: {"script":"<script> [1562 bytes]","args":[{"selector":{"id":"application-manageresources-display-component---newResourceUnit--newRRUPage-anchBar-application-manageresources-display-component---newResourceUnit--resource-anchor","interaction":{"idSuffix":"BDI-content"}},"wdio_ui5_key":"applicationmanageresources-display-component---newResourceUnit--newRRUPage-anchBar-application-manageresources-display-component---newResourceUnit--resource-anchor"}]}
RESULT: undefined
COMMAND: POST /session/ff0536b58743eaf2c437238d004892b9/element - {"using":"xpath","value":"//*[@id=\"application-manageresources-display-component---newResourceUnit--newRRUPage-anchBar-application-manageresources-display-component---newResourceUnit--resource-anchor\"]"}
RESULT: {"using":"xpath","value":"//*[@id=\"application-manageresources-display-component---newResourceUnit--newRRUPage-anchBar-application-manageresources-display-component---newResourceUnit--resource-anchor\"]"}
COMMAND: POST /session/ff0536b58743eaf2c437238d004892b9/element/f.BB3617BF1549F1B1531810C266B34E3A.d.C807BEB3C1555D0CD61CD04099373F6C.e.19866/click - {}
RESULT: {}
COMMAND: POST /session/ff0536b58743eaf2c437238d004892b9/execute/async - {"script":"<script> [1562 bytes]","args":[{"selector":{"id":"application-manageresources-display-component---newResourceUnit--PLANNED_DELIVERY_DATE","interaction":{"idSuffix":"inner"}},"wdio_ui5_key":"applicationmanageresources-display-component---newResourceUnit--PLANNED_DELIVERY_DATE"}]}
COMMAND: GET /session/ff0536b58743eaf2c437238d004892b9/screenshot - {}
RESULT: {"script":"<script> [1562 bytes]","args":[{"selector":{"id":"application-manageresources-display-component---newResourceUnit--PLANNED_DELIVERY_DATE","interaction":{"idSuffix":"inner"}},"wdio_ui5_key":"applicationmanageresources-display-component---newResourceUnit--PLANNED_DELIVERY_DATE"}]}
RESULT: undefined
COMMAND: POST /session/ff0536b58743eaf2c437238d004892b9/execute/async - {"script":"<script> [6424 bytes]","args":[{"element-6066-11e4-a52e-4f735466cecf":"f.BB3617BF1549F1B1531810C266B34E3A.d.C807BEB3C1555D0CD61CD04099373F6C.e.19727"},"setValue",["5/15/25"]]}
RESULT: {}
RESULT: {"script":"<script> [6424 bytes]","args":[{"element-6066-11e4-a52e-4f735466cecf":"f.BB3617BF1549F1B1531810C266B34E3A.d.C807BEB3C1555D0CD61CD04099373F6C.e.19727"},"setValue",["5/15/25"]]}
COMMAND: POST /session/ff0536b58743eaf2c437238d004892b9/element - {"using":"xpath","value":"//label[contains(@class, 'sapMLabelRequired') and .//bdi[contains(text(), 'Planned Retirement')]]"}
RESULT: {"using":"xpath","value":"//label[contains(@class, 'sapMLabelRequired') and .//bdi[contains(text(), 'Planned Retirement')]]"}
COMMAND: POST /session/ff0536b58743eaf2c437238d004892b9/elements - {"using":"xpath","value":"//label[contains(@class, 'sapMLabelRequired') and .//bdi[contains(text(), 'Planned Retirement')]]"}
RESULT: {"using":"xpath","value":"//label[contains(@class, 'sapMLabelRequired') and .//bdi[contains(text(), 'Planned Retirement')]]"}
COMMAND: POST /session/ff0536b58743eaf2c437238d004892b9/element - {"using":"xpath","value":"//button[@data-kt=\"resourceUnitSaveButton\"]"}
RESULT: {"using":"xpath","value":"//button[@data-kt=\"resourceUnitSaveButton\"]"}
COMMAND: POST /session/ff0536b58743eaf2c437238d004892b9/element/f.BB3617BF1549F1B1531810C266B34E3A.d.C807BEB3C1555D0CD61CD04099373F6C.e.19687/click - {}
RESULT: {}
COMMAND: GET /session/ff0536b58743eaf2c437238d004892b9/screenshot - {}
RESULT: {}
COMMAND: POST /session/ff0536b58743eaf2c437238d004892b9/element - {"using":"xpath","value":"//bdi[contains(text(), \"Close\")]"}
RESULT: {"using":"xpath","value":"//bdi[contains(text(), \"Close\")]"}
COMMAND: POST /session/ff0536b58743eaf2c437238d004892b9/element/f.BB3617BF1549F1B1531810C266B34E3A.d.C807BEB3C1555D0CD61CD04099373F6C.e.19874/click - {}
RESULT: {}
COMMAND: GET /session/ff0536b58743eaf2c437238d004892b9/screenshot - {}
RESULT: {}
COMMAND: POST /session/ff0536b58743eaf2c437238d004892b9/element - {"using":"xpath","value":"(//button[contains(@id ,\"actionsToolbar-overflowButton\")])[1]"}
RESULT: {"using":"xpath","value":"(//button[contains(@id ,\"actionsToolbar-overflowButton\")])[1]"}
COMMAND: POST /session/ff0536b58743eaf2c437238d004892b9/element/f.BB3617BF1549F1B1531810C266B34E3A.d.C807BEB3C1555D0CD61CD04099373F6C.e.19940/click - {}
RESULT: {}
COMMAND: GET /session/ff0536b58743eaf2c437238d004892b9/screenshot - {}
RESULT: {}
COMMAND: POST /session/ff0536b58743eaf2c437238d004892b9/element - {"using":"xpath","value":"//button[@data-kt=\"priceInfoButton\"]"}
RESULT: {"using":"xpath","value":"//button[@data-kt=\"priceInfoButton\"]"}
COMMAND: POST /session/ff0536b58743eaf2c437238d004892b9/element/f.BB3617BF1549F1B1531810C266B34E3A.d.C807BEB3C1555D0CD61CD04099373F6C.e.19942/click - {}
RESULT: {}
COMMAND: GET /session/ff0536b58743eaf2c437238d004892b9/screenshot - {}
RESULT: {}
]]></system-out>
    </testcase>
    <testcase classname="chrome.136_0_7103_93.windows.Billing_Calculation_-_Time_based_(considering_transport_times)_US139738" name="Should create new pricing rule for the equipment" time="49.16">
      <system-out><![CDATA[
COMMAND: POST /session/ff0536b58743eaf2c437238d004892b9/element - {"using":"xpath","value":"//button[@data-kt=\"addButton\"]"}
RESULT: {"using":"xpath","value":"//button[@data-kt=\"addButton\"]"}
COMMAND: POST /session/ff0536b58743eaf2c437238d004892b9/elements - {"using":"xpath","value":"//button[@data-kt=\"addButton\"]"}
RESULT: {"using":"xpath","value":"//button[@data-kt=\"addButton\"]"}
COMMAND: POST /session/ff0536b58743eaf2c437238d004892b9/elements - {"using":"xpath","value":"//button[@data-kt=\"addButton\"]"}
RESULT: {"using":"xpath","value":"//button[@data-kt=\"addButton\"]"}
COMMAND: POST /session/ff0536b58743eaf2c437238d004892b9/element - {"using":"xpath","value":"//button[@data-kt=\"addButton\"]"}
RESULT: {"using":"xpath","value":"//button[@data-kt=\"addButton\"]"}
COMMAND: POST /session/ff0536b58743eaf2c437238d004892b9/execute/sync - {"script":"<script> [8489 bytes]","args":[{"element-6066-11e4-a52e-4f735466cecf":"f.BB3617BF1549F1B1531810C266B34E3A.d.C807BEB3C1555D0CD61CD04099373F6C.e.19978","ELEMENT":"f.BB3617BF1549F1B1531810C266B34E3A.d.C807BEB3C1555D0CD61CD04099373F6C.e.19978"}]}
RESULT: {"script":"<script> [8489 bytes]","args":[{"element-6066-11e4-a52e-4f735466cecf":"f.BB3617BF1549F1B1531810C266B34E3A.d.C807BEB3C1555D0CD61CD04099373F6C.e.19978","ELEMENT":"f.BB3617BF1549F1B1531810C266B34E3A.d.C807BEB3C1555D0CD61CD04099373F6C.e.19978"}]}
COMMAND: GET /session/ff0536b58743eaf2c437238d004892b9/element/f.BB3617BF1549F1B1531810C266B34E3A.d.C807BEB3C1555D0CD61CD04099373F6C.e.19978/enabled - {}
COMMAND: GET /session/ff0536b58743eaf2c437238d004892b9/screenshot - {}
RESULT: {}
COMMAND: POST /session/ff0536b58743eaf2c437238d004892b9/execute/sync - {"script":"<script> [8489 bytes]","args":[{"element-6066-11e4-a52e-4f735466cecf":"f.BB3617BF1549F1B1531810C266B34E3A.d.C807BEB3C1555D0CD61CD04099373F6C.e.19978","ELEMENT":"f.BB3617BF1549F1B1531810C266B34E3A.d.C807BEB3C1555D0CD61CD04099373F6C.e.19978"}]}
COMMAND: GET /session/ff0536b58743eaf2c437238d004892b9/screenshot - {}
RESULT: {}
RESULT: {"script":"<script> [8489 bytes]","args":[{"element-6066-11e4-a52e-4f735466cecf":"f.BB3617BF1549F1B1531810C266B34E3A.d.C807BEB3C1555D0CD61CD04099373F6C.e.19978","ELEMENT":"f.BB3617BF1549F1B1531810C266B34E3A.d.C807BEB3C1555D0CD61CD04099373F6C.e.19978"}]}
COMMAND: POST /session/ff0536b58743eaf2c437238d004892b9/execute/sync - {"script":"<script> [5351 bytes]","args":[{"element-6066-11e4-a52e-4f735466cecf":"f.BB3617BF1549F1B1531810C266B34E3A.d.C807BEB3C1555D0CD61CD04099373F6C.e.19978","ELEMENT":"f.BB3617BF1549F1B1531810C266B34E3A.d.C807BEB3C1555D0CD61CD04099373F6C.e.19978"}]}
COMMAND: GET /session/ff0536b58743eaf2c437238d004892b9/screenshot - {}
RESULT: {}
RESULT: {"script":"<script> [5351 bytes]","args":[{"element-6066-11e4-a52e-4f735466cecf":"f.BB3617BF1549F1B1531810C266B34E3A.d.C807BEB3C1555D0CD61CD04099373F6C.e.19978","ELEMENT":"f.BB3617BF1549F1B1531810C266B34E3A.d.C807BEB3C1555D0CD61CD04099373F6C.e.19978"}]}
COMMAND: POST /session/ff0536b58743eaf2c437238d004892b9/element/f.BB3617BF1549F1B1531810C266B34E3A.d.C807BEB3C1555D0CD61CD04099373F6C.e.19978/click - {}
COMMAND: GET /session/ff0536b58743eaf2c437238d004892b9/screenshot - {}
RESULT: {}
RESULT: {}
COMMAND: GET /session/ff0536b58743eaf2c437238d004892b9/screenshot - {}
RESULT: {}
RESULT: {}
COMMAND: POST /session/ff0536b58743eaf2c437238d004892b9/execute/async - {"script":"<script> [1562 bytes]","args":[{"selector":{"controlType":"sap.m.Title","viewName":"etm.portal.ui.managepricingrules.view.NewItem","viewId":"application-managepricingrules-display-component---newInfoPriceItem","properties":{"text":"New Pricing Rules - Item Level"}},"wdio_ui5_key":"etmportal.ui.managepricingrules.view.NewItemsap.m.Title{\"text\":\"New Pricing Rules - Item Level\"}"}]}
RESULT: {"script":"<script> [1562 bytes]","args":[{"selector":{"controlType":"sap.m.Title","viewName":"etm.portal.ui.managepricingrules.view.NewItem","viewId":"application-managepricingrules-display-component---newInfoPriceItem","properties":{"text":"New Pricing Rules - Item Level"}},"wdio_ui5_key":"etmportal.ui.managepricingrules.view.NewItemsap.m.Title{\"text\":\"New Pricing Rules - Item Level\"}"}]}
RESULT: undefined
COMMAND: POST /session/ff0536b58743eaf2c437238d004892b9/execute/async - {"script":"<script> [6424 bytes]","args":[{"element-6066-11e4-a52e-4f735466cecf":"f.BB3617BF1549F1B1531810C266B34E3A.d.C807BEB3C1555D0CD61CD04099373F6C.e.20136"},"getText",[]]}
RESULT: {"script":"<script> [6424 bytes]","args":[{"element-6066-11e4-a52e-4f735466cecf":"f.BB3617BF1549F1B1531810C266B34E3A.d.C807BEB3C1555D0CD61CD04099373F6C.e.20136"},"getText",[]]}
COMMAND: POST /session/ff0536b58743eaf2c437238d004892b9/execute/async - {"script":"<script> [1562 bytes]","args":[{"selector":{"id":"application-managepricingrules-display-component---newInfoPriceItem--condValidTo","interaction":{"idSuffix":"inner"}},"wdio_ui5_key":"applicationmanagepricingrules-display-component---newInfoPriceItem--condValidTo"}]}
RESULT: {"script":"<script> [1562 bytes]","args":[{"selector":{"id":"application-managepricingrules-display-component---newInfoPriceItem--condValidTo","interaction":{"idSuffix":"inner"}},"wdio_ui5_key":"applicationmanagepricingrules-display-component---newInfoPriceItem--condValidTo"}]}
RESULT: undefined
COMMAND: POST /session/ff0536b58743eaf2c437238d004892b9/execute/async - {"script":"<script> [776 bytes]","args":[{"enterText":"1/15/26","selector":{"id":"application-managepricingrules-display-component---newInfoPriceItem--condValidTo","interaction":{"idSuffix":"inner"}},"clearTextFirst":true,"interactionType":"ENTER_TEXT"}]}
RESULT: {"script":"<script> [776 bytes]","args":[{"enterText":"1/15/26","selector":{"id":"application-managepricingrules-display-component---newInfoPriceItem--condValidTo","interaction":{"idSuffix":"inner"}},"clearTextFirst":true,"interactionType":"ENTER_TEXT"}]}
COMMAND: POST /session/ff0536b58743eaf2c437238d004892b9/execute/async - {"script":"<script> [1562 bytes]","args":[{"selector":{"id":"application-managepricingrules-display-component---newInfoPriceItem--billType-arrow"},"wdio_ui5_key":"applicationmanagepricingrules-display-component---newInfoPriceItem--billType-arrow"}]}
RESULT: {"script":"<script> [1562 bytes]","args":[{"selector":{"id":"application-managepricingrules-display-component---newInfoPriceItem--billType-arrow"},"wdio_ui5_key":"applicationmanagepricingrules-display-component---newInfoPriceItem--billType-arrow"}]}
RESULT: undefined
COMMAND: POST /session/ff0536b58743eaf2c437238d004892b9/element - {"using":"xpath","value":"//*[@id=\"application-managepricingrules-display-component---newInfoPriceItem--billType-arrow\"]"}
RESULT: {"using":"xpath","value":"//*[@id=\"application-managepricingrules-display-component---newInfoPriceItem--billType-arrow\"]"}
COMMAND: POST /session/ff0536b58743eaf2c437238d004892b9/element/f.BB3617BF1549F1B1531810C266B34E3A.d.C807BEB3C1555D0CD61CD04099373F6C.e.20140/click - {}
RESULT: {}
COMMAND: POST /session/ff0536b58743eaf2c437238d004892b9/element - {"using":"xpath","value":"//span[contains(text(), \"TB - Time based\")]"}
COMMAND: GET /session/ff0536b58743eaf2c437238d004892b9/screenshot - {}
RESULT: {"using":"xpath","value":"//span[contains(text(), \"TB - Time based\")]"}
COMMAND: POST /session/ff0536b58743eaf2c437238d004892b9/element/f.BB3617BF1549F1B1531810C266B34E3A.d.C807BEB3C1555D0CD61CD04099373F6C.e.20141/click - {}
RESULT: {}
RESULT: {}
COMMAND: POST /session/ff0536b58743eaf2c437238d004892b9/execute/async - {"script":"<script> [1562 bytes]","args":[{"selector":{"id":"application-managepricingrules-display-component---newInfoPriceItem--priceProc-arrow"},"wdio_ui5_key":"applicationmanagepricingrules-display-component---newInfoPriceItem--priceProc-arrow"}]}
COMMAND: GET /session/ff0536b58743eaf2c437238d004892b9/screenshot - {}
RESULT: {"script":"<script> [1562 bytes]","args":[{"selector":{"id":"application-managepricingrules-display-component---newInfoPriceItem--priceProc-arrow"},"wdio_ui5_key":"applicationmanagepricingrules-display-component---newInfoPriceItem--priceProc-arrow"}]}
RESULT: undefined
COMMAND: POST /session/ff0536b58743eaf2c437238d004892b9/element - {"using":"xpath","value":"//*[@id=\"application-managepricingrules-display-component---newInfoPriceItem--priceProc-arrow\"]"}
RESULT: {}
RESULT: {"using":"xpath","value":"//*[@id=\"application-managepricingrules-display-component---newInfoPriceItem--priceProc-arrow\"]"}
COMMAND: POST /session/ff0536b58743eaf2c437238d004892b9/element/f.BB3617BF1549F1B1531810C266B34E3A.d.C807BEB3C1555D0CD61CD04099373F6C.e.20106/click - {}
RESULT: {}
COMMAND: POST /session/ff0536b58743eaf2c437238d004892b9/element - {"using":"xpath","value":"//span[contains(text(), \"TBS - Time based standard\")]"}
COMMAND: GET /session/ff0536b58743eaf2c437238d004892b9/screenshot - {}
RESULT: {"using":"xpath","value":"//span[contains(text(), \"TBS - Time based standard\")]"}
COMMAND: POST /session/ff0536b58743eaf2c437238d004892b9/element/f.BB3617BF1549F1B1531810C266B34E3A.d.C807BEB3C1555D0CD61CD04099373F6C.e.20142/click - {}
RESULT: {}
RESULT: {}
COMMAND: POST /session/ff0536b58743eaf2c437238d004892b9/execute/async - {"script":"<script> [1562 bytes]","args":[{"selector":{"id":"application-managepricingrules-display-component---newInfoPriceItem--calcBase-arrow"},"wdio_ui5_key":"applicationmanagepricingrules-display-component---newInfoPriceItem--calcBase-arrow"}]}
COMMAND: GET /session/ff0536b58743eaf2c437238d004892b9/screenshot - {}
RESULT: {"script":"<script> [1562 bytes]","args":[{"selector":{"id":"application-managepricingrules-display-component---newInfoPriceItem--calcBase-arrow"},"wdio_ui5_key":"applicationmanagepricingrules-display-component---newInfoPriceItem--calcBase-arrow"}]}
RESULT: undefined
COMMAND: POST /session/ff0536b58743eaf2c437238d004892b9/element - {"using":"xpath","value":"//*[@id=\"application-managepricingrules-display-component---newInfoPriceItem--calcBase-arrow\"]"}
RESULT: {}
RESULT: {"using":"xpath","value":"//*[@id=\"application-managepricingrules-display-component---newInfoPriceItem--calcBase-arrow\"]"}
COMMAND: POST /session/ff0536b58743eaf2c437238d004892b9/element/f.BB3617BF1549F1B1531810C266B34E3A.d.C807BEB3C1555D0CD61CD04099373F6C.e.20113/click - {}
RESULT: {}
COMMAND: GET /session/ff0536b58743eaf2c437238d004892b9/screenshot - {}
RESULT: {}
COMMAND: POST /session/ff0536b58743eaf2c437238d004892b9/element - {"using":"xpath","value":"//span[contains(text(), \"0006 - TB(calendar days)\")]"}
RESULT: {"using":"xpath","value":"//span[contains(text(), \"0006 - TB(calendar days)\")]"}
COMMAND: POST /session/ff0536b58743eaf2c437238d004892b9/element/f.BB3617BF1549F1B1531810C266B34E3A.d.C807BEB3C1555D0CD61CD04099373F6C.e.20143/click - {}
RESULT: {}
COMMAND: GET /session/ff0536b58743eaf2c437238d004892b9/screenshot - {}
RESULT: {}
COMMAND: POST /session/ff0536b58743eaf2c437238d004892b9/execute/async - {"script":"<script> [1562 bytes]","args":[{"selector":{"id":"application-managepricingrules-display-component---newInfoPriceItem--daysMonth","interaction":{"idSuffix":"inner"}},"wdio_ui5_key":"applicationmanagepricingrules-display-component---newInfoPriceItem--daysMonth"}]}
RESULT: {"script":"<script> [1562 bytes]","args":[{"selector":{"id":"application-managepricingrules-display-component---newInfoPriceItem--daysMonth","interaction":{"idSuffix":"inner"}},"wdio_ui5_key":"applicationmanagepricingrules-display-component---newInfoPriceItem--daysMonth"}]}
RESULT: undefined
COMMAND: POST /session/ff0536b58743eaf2c437238d004892b9/execute/async - {"script":"<script> [776 bytes]","args":[{"enterText":"30","selector":{"id":"application-managepricingrules-display-component---newInfoPriceItem--daysMonth","interaction":{"idSuffix":"inner"}},"clearTextFirst":true,"interactionType":"ENTER_TEXT"}]}
RESULT: {"script":"<script> [776 bytes]","args":[{"enterText":"30","selector":{"id":"application-managepricingrules-display-component---newInfoPriceItem--daysMonth","interaction":{"idSuffix":"inner"}},"clearTextFirst":true,"interactionType":"ENTER_TEXT"}]}
COMMAND: POST /session/ff0536b58743eaf2c437238d004892b9/element - {"using":"xpath","value":"//button[@data-kt=\"saveNewRuleButton\"]"}
RESULT: {"using":"xpath","value":"//button[@data-kt=\"saveNewRuleButton\"]"}
COMMAND: POST /session/ff0536b58743eaf2c437238d004892b9/element/f.BB3617BF1549F1B1531810C266B34E3A.d.C807BEB3C1555D0CD61CD04099373F6C.e.20129/click - {}
RESULT: {}
COMMAND: GET /session/ff0536b58743eaf2c437238d004892b9/screenshot - {}
RESULT: {}
COMMAND: POST /session/ff0536b58743eaf2c437238d004892b9/execute/async - {"script":"<script> [1562 bytes]","args":[{"selector":{"id":"application-managepricingrules-display-component---priceInfoItem--smartFilterBar-btnBasicSearch","interaction":{"idSuffix":"I"}},"wdio_ui5_key":"applicationmanagepricingrules-display-component---priceInfoItem--smartFilterBar-btnBasicSearch"}]}
RESULT: {"script":"<script> [1562 bytes]","args":[{"selector":{"id":"application-managepricingrules-display-component---priceInfoItem--smartFilterBar-btnBasicSearch","interaction":{"idSuffix":"I"}},"wdio_ui5_key":"applicationmanagepricingrules-display-component---priceInfoItem--smartFilterBar-btnBasicSearch"}]}
RESULT: undefined
COMMAND: POST /session/ff0536b58743eaf2c437238d004892b9/execute/async - {"script":"<script> [776 bytes]","args":[{"enterText":"BidSPJMUmZ","selector":{"id":"application-managepricingrules-display-component---priceInfoItem--smartFilterBar-btnBasicSearch","interaction":{"idSuffix":"I"}},"clearTextFirst":true,"interactionType":"ENTER_TEXT"}]}
RESULT: {"script":"<script> [776 bytes]","args":[{"enterText":"BidSPJMUmZ","selector":{"id":"application-managepricingrules-display-component---priceInfoItem--smartFilterBar-btnBasicSearch","interaction":{"idSuffix":"I"}},"clearTextFirst":true,"interactionType":"ENTER_TEXT"}]}
COMMAND: POST /session/ff0536b58743eaf2c437238d004892b9/actions - {"actions":[{"id":"action71","type":"key","parameters":{},"actions":[{"type":"keyDown","value":"î€‡"},{"type":"pause","duration":10},{"type":"keyUp","value":"î€‡"}]}]}
RESULT: {"actions":[{"id":"action71","type":"key","parameters":{},"actions":[{"type":"keyDown","value":"î€‡"},{"type":"pause","duration":10},{"type":"keyUp","value":"î€‡"}]}]}
COMMAND: GET /session/ff0536b58743eaf2c437238d004892b9/screenshot - {}
RESULT: {}
COMMAND: POST /session/ff0536b58743eaf2c437238d004892b9/element - {"using":"xpath","value":"//span[@id=\"application-managepricingrules-display-component---priceInfoItem--smartTable-header-inner\"]"}
RESULT: {"using":"xpath","value":"//span[@id=\"application-managepricingrules-display-component---priceInfoItem--smartTable-header-inner\"]"}
COMMAND: POST /session/ff0536b58743eaf2c437238d004892b9/elements - {"using":"xpath","value":"//span[@id=\"application-managepricingrules-display-component---priceInfoItem--smartTable-header-inner\"]"}
RESULT: {"using":"xpath","value":"//span[@id=\"application-managepricingrules-display-component---priceInfoItem--smartTable-header-inner\"]"}
COMMAND: POST /session/ff0536b58743eaf2c437238d004892b9/execute/sync - {"script":"<script> [56 bytes]","args":[{"element-6066-11e4-a52e-4f735466cecf":"f.BB3617BF1549F1B1531810C266B34E3A.d.C807BEB3C1555D0CD61CD04099373F6C.e.20156","ELEMENT":"f.BB3617BF1549F1B1531810C266B34E3A.d.C807BEB3C1555D0CD61CD04099373F6C.e.20156"}]}
RESULT: {"script":"<script> [56 bytes]","args":[{"element-6066-11e4-a52e-4f735466cecf":"f.BB3617BF1549F1B1531810C266B34E3A.d.C807BEB3C1555D0CD61CD04099373F6C.e.20156","ELEMENT":"f.BB3617BF1549F1B1531810C266B34E3A.d.C807BEB3C1555D0CD61CD04099373F6C.e.20156"}]}
COMMAND: POST /session/ff0536b58743eaf2c437238d004892b9/element - {"using":"css selector","value":"#shell-header-logo"}
COMMAND: GET /session/ff0536b58743eaf2c437238d004892b9/screenshot - {}
RESULT: {"using":"css selector","value":"#shell-header-logo"}
COMMAND: POST /session/ff0536b58743eaf2c437238d004892b9/element/f.BB3617BF1549F1B1531810C266B34E3A.d.C807BEB3C1555D0CD61CD04099373F6C.e.19278/click - {}
RESULT: {}
RESULT: {}
COMMAND: GET /session/ff0536b58743eaf2c437238d004892b9/screenshot - {}
RESULT: {}
]]></system-out>
    </testcase>
    <testcase classname="chrome.136_0_7103_93.windows.Billing_Calculation_-_Time_based_(considering_transport_times)_US139738" name="Should create new pricing condition for the equipment" time="63.453">
      <system-out><![CDATA[
COMMAND: POST /session/ff0536b58743eaf2c437238d004892b9/execute/async - {"script":"<script> [1562 bytes]","args":[{"selector":{"controlType":"sap.m.GenericTile","properties":{"header":"Manage Conditions & Prices"}},"wdio_ui5_key":"sapm.GenericTile{\"header\":\"Manage Conditions & Prices\"}"}]}
RESULT: {"script":"<script> [1562 bytes]","args":[{"selector":{"controlType":"sap.m.GenericTile","properties":{"header":"Manage Conditions & Prices"}},"wdio_ui5_key":"sapm.GenericTile{\"header\":\"Manage Conditions & Prices\"}"}]}
RESULT: undefined
COMMAND: POST /session/ff0536b58743eaf2c437238d004892b9/element - {"using":"xpath","value":"//*[@id=\"__tile53\"]"}
RESULT: {"using":"xpath","value":"//*[@id=\"__tile53\"]"}
COMMAND: POST /session/ff0536b58743eaf2c437238d004892b9/element/f.BB3617BF1549F1B1531810C266B34E3A.d.C807BEB3C1555D0CD61CD04099373F6C.e.19221/click - {}
RESULT: {}
COMMAND: GET /session/ff0536b58743eaf2c437238d004892b9/screenshot - {}
RESULT: {}
COMMAND: POST /session/ff0536b58743eaf2c437238d004892b9/elements - {"using":"xpath","value":"//span[text()='Error']"}
RESULT: {"using":"xpath","value":"//span[text()='Error']"}
COMMAND: POST /session/ff0536b58743eaf2c437238d004892b9/element - {"using":"xpath","value":"//button[@aria-label=\"Create\"]"}
RESULT: {"using":"xpath","value":"//button[@aria-label=\"Create\"]"}
COMMAND: POST /session/ff0536b58743eaf2c437238d004892b9/elements - {"using":"xpath","value":"//button[@aria-label=\"Create\"]"}
RESULT: {"using":"xpath","value":"//button[@aria-label=\"Create\"]"}
COMMAND: POST /session/ff0536b58743eaf2c437238d004892b9/execute/sync - {"script":"<script> [8489 bytes]","args":[{"element-6066-11e4-a52e-4f735466cecf":"f.BB3617BF1549F1B1531810C266B34E3A.d.C807BEB3C1555D0CD61CD04099373F6C.e.20191","ELEMENT":"f.BB3617BF1549F1B1531810C266B34E3A.d.C807BEB3C1555D0CD61CD04099373F6C.e.20191"}]}
RESULT: {"script":"<script> [8489 bytes]","args":[{"element-6066-11e4-a52e-4f735466cecf":"f.BB3617BF1549F1B1531810C266B34E3A.d.C807BEB3C1555D0CD61CD04099373F6C.e.20191","ELEMENT":"f.BB3617BF1549F1B1531810C266B34E3A.d.C807BEB3C1555D0CD61CD04099373F6C.e.20191"}]}
COMMAND: GET /session/ff0536b58743eaf2c437238d004892b9/element/f.BB3617BF1549F1B1531810C266B34E3A.d.C807BEB3C1555D0CD61CD04099373F6C.e.20191/enabled - {}
COMMAND: GET /session/ff0536b58743eaf2c437238d004892b9/screenshot - {}
RESULT: {}
COMMAND: POST /session/ff0536b58743eaf2c437238d004892b9/execute/sync - {"script":"<script> [8489 bytes]","args":[{"element-6066-11e4-a52e-4f735466cecf":"f.BB3617BF1549F1B1531810C266B34E3A.d.C807BEB3C1555D0CD61CD04099373F6C.e.20191","ELEMENT":"f.BB3617BF1549F1B1531810C266B34E3A.d.C807BEB3C1555D0CD61CD04099373F6C.e.20191"}]}
COMMAND: GET /session/ff0536b58743eaf2c437238d004892b9/screenshot - {}
RESULT: {}
RESULT: {"script":"<script> [8489 bytes]","args":[{"element-6066-11e4-a52e-4f735466cecf":"f.BB3617BF1549F1B1531810C266B34E3A.d.C807BEB3C1555D0CD61CD04099373F6C.e.20191","ELEMENT":"f.BB3617BF1549F1B1531810C266B34E3A.d.C807BEB3C1555D0CD61CD04099373F6C.e.20191"}]}
COMMAND: POST /session/ff0536b58743eaf2c437238d004892b9/execute/sync - {"script":"<script> [5351 bytes]","args":[{"element-6066-11e4-a52e-4f735466cecf":"f.BB3617BF1549F1B1531810C266B34E3A.d.C807BEB3C1555D0CD61CD04099373F6C.e.20191","ELEMENT":"f.BB3617BF1549F1B1531810C266B34E3A.d.C807BEB3C1555D0CD61CD04099373F6C.e.20191"}]}
COMMAND: GET /session/ff0536b58743eaf2c437238d004892b9/screenshot - {}
RESULT: {}
RESULT: {"script":"<script> [5351 bytes]","args":[{"element-6066-11e4-a52e-4f735466cecf":"f.BB3617BF1549F1B1531810C266B34E3A.d.C807BEB3C1555D0CD61CD04099373F6C.e.20191","ELEMENT":"f.BB3617BF1549F1B1531810C266B34E3A.d.C807BEB3C1555D0CD61CD04099373F6C.e.20191"}]}
COMMAND: POST /session/ff0536b58743eaf2c437238d004892b9/element/f.BB3617BF1549F1B1531810C266B34E3A.d.C807BEB3C1555D0CD61CD04099373F6C.e.20191/click - {}
COMMAND: GET /session/ff0536b58743eaf2c437238d004892b9/screenshot - {}
RESULT: {}
RESULT: {}
COMMAND: GET /session/ff0536b58743eaf2c437238d004892b9/screenshot - {}
RESULT: {}
RESULT: {}
COMMAND: POST /session/ff0536b58743eaf2c437238d004892b9/actions - {"actions":[{"id":"action72","type":"key","parameters":{},"actions":[{"type":"keyDown","value":"î€‡"},{"type":"pause","duration":10},{"type":"keyUp","value":"î€‡"}]}]}
RESULT: {"actions":[{"id":"action72","type":"key","parameters":{},"actions":[{"type":"keyDown","value":"î€‡"},{"type":"pause","duration":10},{"type":"keyUp","value":"î€‡"}]}]}
COMMAND: GET /session/ff0536b58743eaf2c437238d004892b9/screenshot - {}
RESULT: {}
COMMAND: POST /session/ff0536b58743eaf2c437238d004892b9/execute/async - {"script":"<script> [1562 bytes]","args":[{"selector":{"id":"application-manageconditionprice-display-component---newCondition--condBillCond-arrow"},"wdio_ui5_key":"applicationmanageconditionprice-display-component---newCondition--condBillCond-arrow"}]}
RESULT: {"script":"<script> [1562 bytes]","args":[{"selector":{"id":"application-manageconditionprice-display-component---newCondition--condBillCond-arrow"},"wdio_ui5_key":"applicationmanageconditionprice-display-component---newCondition--condBillCond-arrow"}]}
RESULT: undefined
COMMAND: POST /session/ff0536b58743eaf2c437238d004892b9/element - {"using":"xpath","value":"//*[@id=\"application-manageconditionprice-display-component---newCondition--condBillCond-arrow\"]"}
RESULT: {"using":"xpath","value":"//*[@id=\"application-manageconditionprice-display-component---newCondition--condBillCond-arrow\"]"}
COMMAND: POST /session/ff0536b58743eaf2c437238d004892b9/element/f.BB3617BF1549F1B1531810C266B34E3A.d.C807BEB3C1555D0CD61CD04099373F6C.e.20367/click - {}
RESULT: {}
COMMAND: GET /session/ff0536b58743eaf2c437238d004892b9/screenshot - {}
RESULT: {}
COMMAND: POST /session/ff0536b58743eaf2c437238d004892b9/element - {"using":"xpath","value":"//li[.//span[contains(text(), \"DISP - D&I special price\")]]"}
RESULT: {"using":"xpath","value":"//li[.//span[contains(text(), \"DISP - D&I special price\")]]"}
COMMAND: POST /session/ff0536b58743eaf2c437238d004892b9/element/f.BB3617BF1549F1B1531810C266B34E3A.d.C807BEB3C1555D0CD61CD04099373F6C.e.20370/click - {}
RESULT: {}
COMMAND: GET /session/ff0536b58743eaf2c437238d004892b9/screenshot - {}
RESULT: {}
COMMAND: POST /session/ff0536b58743eaf2c437238d004892b9/execute/async - {"script":"<script> [1562 bytes]","args":[{"selector":{"id":"application-manageconditionprice-display-component---newCondition--condValidTo","interaction":{"idSuffix":"inner"}},"wdio_ui5_key":"applicationmanageconditionprice-display-component---newCondition--condValidTo"}]}
RESULT: {"script":"<script> [1562 bytes]","args":[{"selector":{"id":"application-manageconditionprice-display-component---newCondition--condValidTo","interaction":{"idSuffix":"inner"}},"wdio_ui5_key":"applicationmanageconditionprice-display-component---newCondition--condValidTo"}]}
RESULT: undefined
COMMAND: POST /session/ff0536b58743eaf2c437238d004892b9/execute/async - {"script":"<script> [776 bytes]","args":[{"enterText":"1/15/26","selector":{"id":"application-manageconditionprice-display-component---newCondition--condValidTo","interaction":{"idSuffix":"inner"}},"clearTextFirst":true,"interactionType":"ENTER_TEXT"}]}
RESULT: {"script":"<script> [776 bytes]","args":[{"enterText":"1/15/26","selector":{"id":"application-manageconditionprice-display-component---newCondition--condValidTo","interaction":{"idSuffix":"inner"}},"clearTextFirst":true,"interactionType":"ENTER_TEXT"}]}
COMMAND: POST /session/ff0536b58743eaf2c437238d004892b9/element - {"using":"xpath","value":"//input[@id=\"application-manageconditionprice-display-component---newCondition--condRU-inner\"]"}
RESULT: {"using":"xpath","value":"//input[@id=\"application-manageconditionprice-display-component---newCondition--condRU-inner\"]"}
COMMAND: POST /session/ff0536b58743eaf2c437238d004892b9/element/f.BB3617BF1549F1B1531810C266B34E3A.d.C807BEB3C1555D0CD61CD04099373F6C.e.20233/clear - {}
RESULT: {}
COMMAND: POST /session/ff0536b58743eaf2c437238d004892b9/element/f.BB3617BF1549F1B1531810C266B34E3A.d.C807BEB3C1555D0CD61CD04099373F6C.e.20233/value - {"text":"BidSPJMUmZ"}
COMMAND: GET /session/ff0536b58743eaf2c437238d004892b9/screenshot - {}
RESULT: {"text":"BidSPJMUmZ"}
COMMAND: GET /session/ff0536b58743eaf2c437238d004892b9/screenshot - {}
RESULT: {}
RESULT: {}
COMMAND: POST /session/ff0536b58743eaf2c437238d004892b9/actions - {"actions":[{"id":"action73","type":"key","parameters":{},"actions":[{"type":"keyDown","value":"î€‡"},{"type":"pause","duration":10},{"type":"keyUp","value":"î€‡"}]}]}
RESULT: {"actions":[{"id":"action73","type":"key","parameters":{},"actions":[{"type":"keyDown","value":"î€‡"},{"type":"pause","duration":10},{"type":"keyUp","value":"î€‡"}]}]}
COMMAND: POST /session/ff0536b58743eaf2c437238d004892b9/execute/async - {"script":"<script> [1562 bytes]","args":[{"selector":{"id":"application-manageconditionprice-display-component---newCondition--condBaseQty","interaction":{"idSuffix":"inner"}},"wdio_ui5_key":"applicationmanageconditionprice-display-component---newCondition--condBaseQty"}]}
COMMAND: GET /session/ff0536b58743eaf2c437238d004892b9/screenshot - {}
RESULT: {"script":"<script> [1562 bytes]","args":[{"selector":{"id":"application-manageconditionprice-display-component---newCondition--condBaseQty","interaction":{"idSuffix":"inner"}},"wdio_ui5_key":"applicationmanageconditionprice-display-component---newCondition--condBaseQty"}]}
RESULT: undefined
COMMAND: POST /session/ff0536b58743eaf2c437238d004892b9/execute/async - {"script":"<script> [776 bytes]","args":[{"enterText":"1","selector":{"id":"application-manageconditionprice-display-component---newCondition--condBaseQty","interaction":{"idSuffix":"inner"}},"clearTextFirst":true,"interactionType":"ENTER_TEXT"}]}
RESULT: {}
RESULT: {"script":"<script> [776 bytes]","args":[{"enterText":"1","selector":{"id":"application-manageconditionprice-display-component---newCondition--condBaseQty","interaction":{"idSuffix":"inner"}},"clearTextFirst":true,"interactionType":"ENTER_TEXT"}]}
COMMAND: POST /session/ff0536b58743eaf2c437238d004892b9/execute/async - {"script":"<script> [1562 bytes]","args":[{"selector":{"id":"application-manageconditionprice-display-component---newCondition--condValue","interaction":{"idSuffix":"inner"}},"wdio_ui5_key":"applicationmanageconditionprice-display-component---newCondition--condValue"}]}
RESULT: {"script":"<script> [1562 bytes]","args":[{"selector":{"id":"application-manageconditionprice-display-component---newCondition--condValue","interaction":{"idSuffix":"inner"}},"wdio_ui5_key":"applicationmanageconditionprice-display-component---newCondition--condValue"}]}
RESULT: undefined
COMMAND: POST /session/ff0536b58743eaf2c437238d004892b9/execute/async - {"script":"<script> [776 bytes]","args":[{"enterText":"100","selector":{"id":"application-manageconditionprice-display-component---newCondition--condValue","interaction":{"idSuffix":"inner"}},"clearTextFirst":true,"interactionType":"ENTER_TEXT"}]}
RESULT: {"script":"<script> [776 bytes]","args":[{"enterText":"100","selector":{"id":"application-manageconditionprice-display-component---newCondition--condValue","interaction":{"idSuffix":"inner"}},"clearTextFirst":true,"interactionType":"ENTER_TEXT"}]}
COMMAND: POST /session/ff0536b58743eaf2c437238d004892b9/execute/async - {"script":"<script> [1562 bytes]","args":[{"selector":{"id":"application-manageconditionprice-display-component---newCondition--condCurr-arrow"},"wdio_ui5_key":"applicationmanageconditionprice-display-component---newCondition--condCurr-arrow"}]}
RESULT: {"script":"<script> [1562 bytes]","args":[{"selector":{"id":"application-manageconditionprice-display-component---newCondition--condCurr-arrow"},"wdio_ui5_key":"applicationmanageconditionprice-display-component---newCondition--condCurr-arrow"}]}
RESULT: undefined
COMMAND: POST /session/ff0536b58743eaf2c437238d004892b9/element - {"using":"xpath","value":"//*[@id=\"application-manageconditionprice-display-component---newCondition--condCurr-arrow\"]"}
RESULT: {"using":"xpath","value":"//*[@id=\"application-manageconditionprice-display-component---newCondition--condCurr-arrow\"]"}
COMMAND: POST /session/ff0536b58743eaf2c437238d004892b9/element/f.BB3617BF1549F1B1531810C266B34E3A.d.C807BEB3C1555D0CD61CD04099373F6C.e.20340/click - {}
RESULT: {}
COMMAND: POST /session/ff0536b58743eaf2c437238d004892b9/element - {"using":"xpath","value":"//span[contains(text(), \"Euro\")]"}
COMMAND: GET /session/ff0536b58743eaf2c437238d004892b9/screenshot - {}
RESULT: {"using":"xpath","value":"//span[contains(text(), \"Euro\")]"}
COMMAND: POST /session/ff0536b58743eaf2c437238d004892b9/element/f.BB3617BF1549F1B1531810C266B34E3A.d.C807BEB3C1555D0CD61CD04099373F6C.e.20407/click - {}
RESULT: {}
RESULT: {}
COMMAND: POST /session/ff0536b58743eaf2c437238d004892b9/element - {"using":"xpath","value":"//button[@data-kt=\"saveButton\"]"}
COMMAND: GET /session/ff0536b58743eaf2c437238d004892b9/screenshot - {}
RESULT: {"using":"xpath","value":"//button[@data-kt=\"saveButton\"]"}
COMMAND: POST /session/ff0536b58743eaf2c437238d004892b9/element/f.BB3617BF1549F1B1531810C266B34E3A.d.C807BEB3C1555D0CD61CD04099373F6C.e.20341/click - {}
RESULT: {}
RESULT: {}
COMMAND: GET /session/ff0536b58743eaf2c437238d004892b9/screenshot - {}
RESULT: {}
COMMAND: POST /session/ff0536b58743eaf2c437238d004892b9/execute/async - {"script":"<script> [1562 bytes]","args":[{"selector":{"id":"application-manageconditionprice-display-component---conditions--smartFilterBar-btnBasicSearch","interaction":{"idSuffix":"I"}},"wdio_ui5_key":"applicationmanageconditionprice-display-component---conditions--smartFilterBar-btnBasicSearch"}]}
RESULT: {"script":"<script> [1562 bytes]","args":[{"selector":{"id":"application-manageconditionprice-display-component---conditions--smartFilterBar-btnBasicSearch","interaction":{"idSuffix":"I"}},"wdio_ui5_key":"applicationmanageconditionprice-display-component---conditions--smartFilterBar-btnBasicSearch"}]}
RESULT: undefined
COMMAND: POST /session/ff0536b58743eaf2c437238d004892b9/execute/async - {"script":"<script> [776 bytes]","args":[{"enterText":"BidSPJMUmZ","selector":{"id":"application-manageconditionprice-display-component---conditions--smartFilterBar-btnBasicSearch","interaction":{"idSuffix":"I"}},"clearTextFirst":true,"interactionType":"ENTER_TEXT"}]}
RESULT: {"script":"<script> [776 bytes]","args":[{"enterText":"BidSPJMUmZ","selector":{"id":"application-manageconditionprice-display-component---conditions--smartFilterBar-btnBasicSearch","interaction":{"idSuffix":"I"}},"clearTextFirst":true,"interactionType":"ENTER_TEXT"}]}
COMMAND: POST /session/ff0536b58743eaf2c437238d004892b9/actions - {"actions":[{"id":"action74","type":"key","parameters":{},"actions":[{"type":"keyDown","value":"î€‡"},{"type":"pause","duration":10},{"type":"keyUp","value":"î€‡"}]}]}
RESULT: {"actions":[{"id":"action74","type":"key","parameters":{},"actions":[{"type":"keyDown","value":"î€‡"},{"type":"pause","duration":10},{"type":"keyUp","value":"î€‡"}]}]}
COMMAND: GET /session/ff0536b58743eaf2c437238d004892b9/screenshot - {}
RESULT: {}
COMMAND: POST /session/ff0536b58743eaf2c437238d004892b9/execute/async - {"script":"<script> [1562 bytes]","args":[{"selector":{"id":"application-manageconditionprice-display-component---conditions--smartFilterBar-filterItemControl_BASIC-BILL_TYPES-vhi"},"wdio_ui5_key":"applicationmanageconditionprice-display-component---conditions--smartFilterBar-filterItemControl_BASIC-BILL_TYPES-vhi"}]}
RESULT: {"script":"<script> [1562 bytes]","args":[{"selector":{"id":"application-manageconditionprice-display-component---conditions--smartFilterBar-filterItemControl_BASIC-BILL_TYPES-vhi"},"wdio_ui5_key":"applicationmanageconditionprice-display-component---conditions--smartFilterBar-filterItemControl_BASIC-BILL_TYPES-vhi"}]}
RESULT: undefined
COMMAND: POST /session/ff0536b58743eaf2c437238d004892b9/element - {"using":"xpath","value":"//*[@id=\"application-manageconditionprice-display-component---conditions--smartFilterBar-filterItemControl_BASIC-BILL_TYPES-vhi\"]"}
RESULT: {"using":"xpath","value":"//*[@id=\"application-manageconditionprice-display-component---conditions--smartFilterBar-filterItemControl_BASIC-BILL_TYPES-vhi\"]"}
COMMAND: POST /session/ff0536b58743eaf2c437238d004892b9/element/f.BB3617BF1549F1B1531810C266B34E3A.d.C807BEB3C1555D0CD61CD04099373F6C.e.20514/click - {}
RESULT: {}
COMMAND: POST /session/ff0536b58743eaf2c437238d004892b9/execute/async - {"script":"<script> [1562 bytes]","args":[{"selector":{"id":"application-manageconditionprice-display-component---conditions--smartFilterBar-filterItemControl_BASIC-BILL_TYPES-valueHelpDialog-smartFilterBar-btnBasicSearch","searchOpenDialogs":true,"interaction":{"idSuffix":"I"}},"wdio_ui5_key":"applicationmanageconditionprice-display-component---conditions--smartFilterBar-filterItemControl_BASIC-BILL_TYPES-valueHelpDialog-smartFilterBar-btnBasicSearch"}]}
COMMAND: GET /session/ff0536b58743eaf2c437238d004892b9/screenshot - {}
RESULT: {"script":"<script> [1562 bytes]","args":[{"selector":{"id":"application-manageconditionprice-display-component---conditions--smartFilterBar-filterItemControl_BASIC-BILL_TYPES-valueHelpDialog-smartFilterBar-btnBasicSearch","searchOpenDialogs":true,"interaction":{"idSuffix":"I"}},"wdio_ui5_key":"applicationmanageconditionprice-display-component---conditions--smartFilterBar-filterItemControl_BASIC-BILL_TYPES-valueHelpDialog-smartFilterBar-btnBasicSearch"}]}
RESULT: undefined
COMMAND: POST /session/ff0536b58743eaf2c437238d004892b9/execute/async - {"script":"<script> [776 bytes]","args":[{"enterText":"TB","selector":{"id":"application-manageconditionprice-display-component---conditions--smartFilterBar-filterItemControl_BASIC-BILL_TYPES-valueHelpDialog-smartFilterBar-btnBasicSearch","searchOpenDialogs":true,"interaction":{"idSuffix":"I"}},"clearTextFirst":true,"interactionType":"ENTER_TEXT"}]}
RESULT: {}
RESULT: {"script":"<script> [776 bytes]","args":[{"enterText":"TB","selector":{"id":"application-manageconditionprice-display-component---conditions--smartFilterBar-filterItemControl_BASIC-BILL_TYPES-valueHelpDialog-smartFilterBar-btnBasicSearch","searchOpenDialogs":true,"interaction":{"idSuffix":"I"}},"clearTextFirst":true,"interactionType":"ENTER_TEXT"}]}
COMMAND: POST /session/ff0536b58743eaf2c437238d004892b9/actions - {"actions":[{"id":"action75","type":"key","parameters":{},"actions":[{"type":"keyDown","value":"î€‡"},{"type":"pause","duration":10},{"type":"keyUp","value":"î€‡"}]}]}
RESULT: {"actions":[{"id":"action75","type":"key","parameters":{},"actions":[{"type":"keyDown","value":"î€‡"},{"type":"pause","duration":10},{"type":"keyUp","value":"î€‡"}]}]}
COMMAND: GET /session/ff0536b58743eaf2c437238d004892b9/screenshot - {}
RESULT: {}
COMMAND: POST /session/ff0536b58743eaf2c437238d004892b9/element - {"using":"xpath","value":"//div[contains(@id, 'application-manageconditionprice-display-component---conditions--smartFilterBar-filterItemControl_BASIC-BILL_TYPES-valueHelpDialog-table-rowsel0')]"}
RESULT: {"using":"xpath","value":"//div[contains(@id, 'application-manageconditionprice-display-component---conditions--smartFilterBar-filterItemControl_BASIC-BILL_TYPES-valueHelpDialog-table-rowsel0')]"}
COMMAND: POST /session/ff0536b58743eaf2c437238d004892b9/element/f.BB3617BF1549F1B1531810C266B34E3A.d.C807BEB3C1555D0CD61CD04099373F6C.e.20523/click - {}
RESULT: {}
COMMAND: GET /session/ff0536b58743eaf2c437238d004892b9/screenshot - {}
RESULT: {}
COMMAND: POST /session/ff0536b58743eaf2c437238d004892b9/element - {"using":"xpath","value":"//bdi[contains(text(), \"OK\")]"}
RESULT: {"using":"xpath","value":"//bdi[contains(text(), \"OK\")]"}
COMMAND: POST /session/ff0536b58743eaf2c437238d004892b9/element/f.BB3617BF1549F1B1531810C266B34E3A.d.C807BEB3C1555D0CD61CD04099373F6C.e.20525/click - {}
RESULT: {}
COMMAND: GET /session/ff0536b58743eaf2c437238d004892b9/screenshot - {}
RESULT: {}
COMMAND: POST /session/ff0536b58743eaf2c437238d004892b9/element - {"using":"xpath","value":"//span[@id=\"application-manageconditionprice-display-component---conditions--smartTable-header-inner\"]"}
RESULT: {"using":"xpath","value":"//span[@id=\"application-manageconditionprice-display-component---conditions--smartTable-header-inner\"]"}
COMMAND: POST /session/ff0536b58743eaf2c437238d004892b9/elements - {"using":"xpath","value":"//span[@id=\"application-manageconditionprice-display-component---conditions--smartTable-header-inner\"]"}
RESULT: {"using":"xpath","value":"//span[@id=\"application-manageconditionprice-display-component---conditions--smartTable-header-inner\"]"}
COMMAND: POST /session/ff0536b58743eaf2c437238d004892b9/execute/sync - {"script":"<script> [56 bytes]","args":[{"element-6066-11e4-a52e-4f735466cecf":"f.BB3617BF1549F1B1531810C266B34E3A.d.C807BEB3C1555D0CD61CD04099373F6C.e.20528","ELEMENT":"f.BB3617BF1549F1B1531810C266B34E3A.d.C807BEB3C1555D0CD61CD04099373F6C.e.20528"}]}
RESULT: {"script":"<script> [56 bytes]","args":[{"element-6066-11e4-a52e-4f735466cecf":"f.BB3617BF1549F1B1531810C266B34E3A.d.C807BEB3C1555D0CD61CD04099373F6C.e.20528","ELEMENT":"f.BB3617BF1549F1B1531810C266B34E3A.d.C807BEB3C1555D0CD61CD04099373F6C.e.20528"}]}
COMMAND: POST /session/ff0536b58743eaf2c437238d004892b9/element - {"using":"css selector","value":"#shell-header-logo"}
COMMAND: GET /session/ff0536b58743eaf2c437238d004892b9/screenshot - {}
RESULT: {"using":"css selector","value":"#shell-header-logo"}
COMMAND: POST /session/ff0536b58743eaf2c437238d004892b9/element/f.BB3617BF1549F1B1531810C266B34E3A.d.C807BEB3C1555D0CD61CD04099373F6C.e.20159/click - {}
RESULT: {}
RESULT: {}
COMMAND: GET /session/ff0536b58743eaf2c437238d004892b9/screenshot - {}
RESULT: {}
]]></system-out>
    </testcase>
  </testsuite>
</testsuites>