<?xml version="1.0" encoding="UTF-8"?>
<testsuites tests="6" failures="2" errors="2" skipped="0">
  <testsuite timestamp="2025-04-30T15:38:36" time="757.299" tests="5" failures="1" errors="1" skipped="0">
    <properties>
      <property name="specId" value="0" />
      <property name="suiteName" value="Create masterdata for Yard Overview - trigger provide US130988" />
      <property name="capabilities" value="chrome.135_0_7049_96.windows" />
      <property name="file" value="file:///D:/a/1/s/test/specs/R2C/yard-overview-trigger.spec.js" />
    </properties>
    <testcase classname="chrome.135_0_7049_96.windows.Create_masterdata_for_Yard_Overview_-_trigger_provide_US130988" name="Should create prerequisites yard partner site material" time="394.233">
      <system-out><![CDATA[
COMMAND: POST /session/ff79729d60fa91ba10494f01ecf0f173/execute/async - {"script":"<script> [1562 bytes]","args":[{"selector":{"controlType":"sap.m.GenericTile","properties":{"header":"Manage Yards"}},"wdio_ui5_key":"sapm.GenericTile{\"header\":\"Manage Yards\"}"}]}
RESULT: {"script":"<script> [1562 bytes]","args":[{"selector":{"controlType":"sap.m.GenericTile","properties":{"header":"Manage Yards"}},"wdio_ui5_key":"sapm.GenericTile{\"header\":\"Manage Yards\"}"}]}
RESULT: undefined
COMMAND: POST /session/ff79729d60fa91ba10494f01ecf0f173/element - {"using":"xpath","value":"//*[@id=\"__tile41\"]"}
RESULT: {"using":"xpath","value":"//*[@id=\"__tile41\"]"}
COMMAND: POST /session/ff79729d60fa91ba10494f01ecf0f173/element/f.3F2E73C7F7D99E5CA8A322D6E93FAB42.d.DA7E01AED8DA2ED784DBF0B162DDF4A8.e.113/click - {}
RESULT: {}
COMMAND: GET /session/ff79729d60fa91ba10494f01ecf0f173/screenshot - {}
RESULT: {}
COMMAND: POST /session/ff79729d60fa91ba10494f01ecf0f173/execute/async - {"script":"<script> [1562 bytes]","args":[{"selector":{"controlType":"sap.ui.core.Icon","viewName":"etm.portal.ui.manageyards.view.Master","viewId":"application-manageyards-display-component---masterYard","properties":{"src":{"regex":{"source":"add"}}}},"wdio_ui5_key":"etmportal.ui.manageyards.view.Mastersap.ui.core.Icon{\"src\":{\"regex\":{\"source\":\"add\"}}}"}]}
RESULT: {"script":"<script> [1562 bytes]","args":[{"selector":{"controlType":"sap.ui.core.Icon","viewName":"etm.portal.ui.manageyards.view.Master","viewId":"application-manageyards-display-component---masterYard","properties":{"src":{"regex":{"source":"add"}}}},"wdio_ui5_key":"etmportal.ui.manageyards.view.Mastersap.ui.core.Icon{\"src\":{\"regex\":{\"source\":\"add\"}}}"}]}
RESULT: undefined
COMMAND: POST /session/ff79729d60fa91ba10494f01ecf0f173/element - {"using":"xpath","value":"//*[@id=\"__button4-img\"]"}
RESULT: {"using":"xpath","value":"//*[@id=\"__button4-img\"]"}
COMMAND: POST /session/ff79729d60fa91ba10494f01ecf0f173/element/f.3F2E73C7F7D99E5CA8A322D6E93FAB42.d.DA7E01AED8DA2ED784DBF0B162DDF4A8.e.160/click - {}
RESULT: {}
COMMAND: GET /session/ff79729d60fa91ba10494f01ecf0f173/screenshot - {}
RESULT: {}
COMMAND: POST /session/ff79729d60fa91ba10494f01ecf0f173/execute/async - {"script":"<script> [1562 bytes]","args":[{"selector":{"id":"application-manageyards-display-component---NewYard--yardId","interaction":{"idSuffix":"inner"}},"wdio_ui5_key":"applicationmanageyards-display-component---NewYard--yardId"}]}
RESULT: {"script":"<script> [1562 bytes]","args":[{"selector":{"id":"application-manageyards-display-component---NewYard--yardId","interaction":{"idSuffix":"inner"}},"wdio_ui5_key":"applicationmanageyards-display-component---NewYard--yardId"}]}
RESULT: undefined
COMMAND: POST /session/ff79729d60fa91ba10494f01ecf0f173/element - {"using":"xpath","value":"//*[@id=\"application-manageyards-display-component---NewYard--addressDetailDetailsName1-inner\"]"}
RESULT: {"using":"xpath","value":"//*[@id=\"application-manageyards-display-component---NewYard--addressDetailDetailsName1-inner\"]"}
COMMAND: POST /session/ff79729d60fa91ba10494f01ecf0f173/element/f.3F2E73C7F7D99E5CA8A322D6E93FAB42.d.DA7E01AED8DA2ED784DBF0B162DDF4A8.e.373/clear - {}
RESULT: {}
COMMAND: POST /session/ff79729d60fa91ba10494f01ecf0f173/element/f.3F2E73C7F7D99E5CA8A322D6E93FAB42.d.DA7E01AED8DA2ED784DBF0B162DDF4A8.e.373/value - {"text":"WebdriverYardoppvc"}
COMMAND: GET /session/ff79729d60fa91ba10494f01ecf0f173/screenshot - {}
RESULT: {"text":"WebdriverYardoppvc"}
COMMAND: POST /session/ff79729d60fa91ba10494f01ecf0f173/element - {"using":"xpath","value":"//*[@id=\"application-manageyards-display-component---NewYard--addressDetailDetailsLanguage-inner\"]"}
COMMAND: GET /session/ff79729d60fa91ba10494f01ecf0f173/screenshot - {}
RESULT: {}
RESULT: {"using":"xpath","value":"//*[@id=\"application-manageyards-display-component---NewYard--addressDetailDetailsLanguage-inner\"]"}
COMMAND: POST /session/ff79729d60fa91ba10494f01ecf0f173/element/f.3F2E73C7F7D99E5CA8A322D6E93FAB42.d.DA7E01AED8DA2ED784DBF0B162DDF4A8.e.374/clear - {}
RESULT: {}
RESULT: {}
COMMAND: POST /session/ff79729d60fa91ba10494f01ecf0f173/element/f.3F2E73C7F7D99E5CA8A322D6E93FAB42.d.DA7E01AED8DA2ED784DBF0B162DDF4A8.e.374/value - {"text":"Romanian"}
COMMAND: GET /session/ff79729d60fa91ba10494f01ecf0f173/screenshot - {}
RESULT: {"text":"Romanian"}
COMMAND: POST /session/ff79729d60fa91ba10494f01ecf0f173/element - {"using":"xpath","value":"//input[contains(@id ,\"application-manageyards-display-component---NewYard--addressDetailDetailsName1-inner\")]"}
COMMAND: GET /session/ff79729d60fa91ba10494f01ecf0f173/screenshot - {}
RESULT: {}
RESULT: {"using":"xpath","value":"//input[contains(@id ,\"application-manageyards-display-component---NewYard--addressDetailDetailsName1-inner\")]"}
COMMAND: GET /session/ff79729d60fa91ba10494f01ecf0f173/element/f.3F2E73C7F7D99E5CA8A322D6E93FAB42.d.DA7E01AED8DA2ED784DBF0B162DDF4A8.e.373/property/value - {}
RESULT: {}
RESULT: {}
COMMAND: GET /session/ff79729d60fa91ba10494f01ecf0f173/screenshot - {}
RESULT: {}
COMMAND: POST /session/ff79729d60fa91ba10494f01ecf0f173/element - {"using":"xpath","value":"//*[@id=\"application-manageyards-display-component---NewYard--addressDetailDetailsCity1-inner\"]"}
RESULT: {"using":"xpath","value":"//*[@id=\"application-manageyards-display-component---NewYard--addressDetailDetailsCity1-inner\"]"}
COMMAND: POST /session/ff79729d60fa91ba10494f01ecf0f173/element/f.3F2E73C7F7D99E5CA8A322D6E93FAB42.d.DA7E01AED8DA2ED784DBF0B162DDF4A8.e.376/clear - {}
RESULT: {}
COMMAND: POST /session/ff79729d60fa91ba10494f01ecf0f173/element/f.3F2E73C7F7D99E5CA8A322D6E93FAB42.d.DA7E01AED8DA2ED784DBF0B162DDF4A8.e.376/value - {"text":"Bucuresti"}
COMMAND: GET /session/ff79729d60fa91ba10494f01ecf0f173/screenshot - {}
RESULT: {"text":"Bucuresti"}
COMMAND: GET /session/ff79729d60fa91ba10494f01ecf0f173/screenshot - {}
RESULT: {}
RESULT: {}
COMMAND: POST /session/ff79729d60fa91ba10494f01ecf0f173/element - {"using":"xpath","value":"//*[@id=\"application-manageyards-display-component---NewYard--addressDetailDetailsCountry-inner\"]"}
RESULT: {"using":"xpath","value":"//*[@id=\"application-manageyards-display-component---NewYard--addressDetailDetailsCountry-inner\"]"}
COMMAND: POST /session/ff79729d60fa91ba10494f01ecf0f173/element/f.3F2E73C7F7D99E5CA8A322D6E93FAB42.d.DA7E01AED8DA2ED784DBF0B162DDF4A8.e.380/clear - {}
RESULT: {}
COMMAND: POST /session/ff79729d60fa91ba10494f01ecf0f173/element/f.3F2E73C7F7D99E5CA8A322D6E93FAB42.d.DA7E01AED8DA2ED784DBF0B162DDF4A8.e.380/value - {"text":"Romania"}
COMMAND: GET /session/ff79729d60fa91ba10494f01ecf0f173/screenshot - {}
RESULT: {"text":"Romania"}
COMMAND: GET /session/ff79729d60fa91ba10494f01ecf0f173/screenshot - {}
RESULT: {}
RESULT: {}
COMMAND: POST /session/ff79729d60fa91ba10494f01ecf0f173/element - {"using":"xpath","value":"//div[contains(text(), \"Commercial\")]"}
RESULT: {"using":"xpath","value":"//div[contains(text(), \"Commercial\")]"}
COMMAND: GET /session/ff79729d60fa91ba10494f01ecf0f173/element/f.3F2E73C7F7D99E5CA8A322D6E93FAB42.d.DA7E01AED8DA2ED784DBF0B162DDF4A8.e.576/rect - {}
RESULT: {}
COMMAND: GET /session/ff79729d60fa91ba10494f01ecf0f173/window/rect - {}
RESULT: {}
COMMAND: POST /session/ff79729d60fa91ba10494f01ecf0f173/execute/sync - {"script":"<script> [92 bytes]","args":[]}
RESULT: {"script":"<script> [92 bytes]","args":[]}
COMMAND: POST /session/ff79729d60fa91ba10494f01ecf0f173/actions - {"actions":[{"id":"action1","type":"wheel","parameters":{},"actions":[{"type":"scroll","x":-1841,"y":-44,"deltaX":0,"deltaY":0,"duration":0,"origin":{"element-6066-11e4-a52e-4f735466cecf":"f.3F2E73C7F7D99E5CA8A322D6E93FAB42.d.DA7E01AED8DA2ED784DBF0B162DDF4A8.e.576"}}]}]}
COMMAND: GET /session/ff79729d60fa91ba10494f01ecf0f173/screenshot - {}
RESULT: {}
COMMAND: POST /session/ff79729d60fa91ba10494f01ecf0f173/execute/sync - {"script":"<script> [79 bytes]","args":[{"element-6066-11e4-a52e-4f735466cecf":"f.3F2E73C7F7D99E5CA8A322D6E93FAB42.d.DA7E01AED8DA2ED784DBF0B162DDF4A8.e.576","ELEMENT":"f.3F2E73C7F7D99E5CA8A322D6E93FAB42.d.DA7E01AED8DA2ED784DBF0B162DDF4A8.e.576"},{"block":"start","inline":"nearest"}]}
RESULT: {"script":"<script> [79 bytes]","args":[{"element-6066-11e4-a52e-4f735466cecf":"f.3F2E73C7F7D99E5CA8A322D6E93FAB42.d.DA7E01AED8DA2ED784DBF0B162DDF4A8.e.576","ELEMENT":"f.3F2E73C7F7D99E5CA8A322D6E93FAB42.d.DA7E01AED8DA2ED784DBF0B162DDF4A8.e.576"},{"block":"start","inline":"nearest"}]}
COMMAND: GET /session/ff79729d60fa91ba10494f01ecf0f173/screenshot - {}
RESULT: {}
COMMAND: POST /session/ff79729d60fa91ba10494f01ecf0f173/execute/async - {"script":"<script> [1562 bytes]","args":[{"selector":{"id":"application-manageyards-display-component---NewYard--addressEditDetailsCostObjectCstType-arrow"},"wdio_ui5_key":"applicationmanageyards-display-component---NewYard--addressEditDetailsCostObjectCstType-arrow"}]}
RESULT: {"script":"<script> [1562 bytes]","args":[{"selector":{"id":"application-manageyards-display-component---NewYard--addressEditDetailsCostObjectCstType-arrow"},"wdio_ui5_key":"applicationmanageyards-display-component---NewYard--addressEditDetailsCostObjectCstType-arrow"}]}
RESULT: undefined
COMMAND: POST /session/ff79729d60fa91ba10494f01ecf0f173/element - {"using":"xpath","value":"//*[@id=\"application-manageyards-display-component---NewYard--addressEditDetailsCostObjectCstType-arrow\"]"}
RESULT: {"using":"xpath","value":"//*[@id=\"application-manageyards-display-component---NewYard--addressEditDetailsCostObjectCstType-arrow\"]"}
COMMAND: POST /session/ff79729d60fa91ba10494f01ecf0f173/element/f.3F2E73C7F7D99E5CA8A322D6E93FAB42.d.DA7E01AED8DA2ED784DBF0B162DDF4A8.e.584/click - {}
RESULT: {}
COMMAND: POST /session/ff79729d60fa91ba10494f01ecf0f173/element - {"using":"xpath","value":"//span[contains(text(), \"Cost Center\")]"}
COMMAND: GET /session/ff79729d60fa91ba10494f01ecf0f173/screenshot - {}
RESULT: {"using":"xpath","value":"//span[contains(text(), \"Cost Center\")]"}
COMMAND: POST /session/ff79729d60fa91ba10494f01ecf0f173/element/f.3F2E73C7F7D99E5CA8A322D6E93FAB42.d.DA7E01AED8DA2ED784DBF0B162DDF4A8.e.585/click - {}
RESULT: {}
RESULT: {}
COMMAND: GET /session/ff79729d60fa91ba10494f01ecf0f173/screenshot - {}
RESULT: {}
COMMAND: POST /session/ff79729d60fa91ba10494f01ecf0f173/execute/async - {"script":"<script> [1562 bytes]","args":[{"selector":{"id":"application-manageyards-display-component---NewYard--addressNewCostObjectCstID-vhi"},"wdio_ui5_key":"applicationmanageyards-display-component---NewYard--addressNewCostObjectCstID-vhi"}]}
RESULT: {"script":"<script> [1562 bytes]","args":[{"selector":{"id":"application-manageyards-display-component---NewYard--addressNewCostObjectCstID-vhi"},"wdio_ui5_key":"applicationmanageyards-display-component---NewYard--addressNewCostObjectCstID-vhi"}]}
RESULT: undefined
COMMAND: POST /session/ff79729d60fa91ba10494f01ecf0f173/element - {"using":"xpath","value":"//*[@id=\"application-manageyards-display-component---NewYard--addressNewCostObjectCstID-vhi\"]"}
RESULT: {"using":"xpath","value":"//*[@id=\"application-manageyards-display-component---NewYard--addressNewCostObjectCstID-vhi\"]"}
COMMAND: POST /session/ff79729d60fa91ba10494f01ecf0f173/element/f.3F2E73C7F7D99E5CA8A322D6E93FAB42.d.DA7E01AED8DA2ED784DBF0B162DDF4A8.e.589/click - {}
RESULT: {}
COMMAND: GET /session/ff79729d60fa91ba10494f01ecf0f173/screenshot - {}
RESULT: {}
COMMAND: POST /session/ff79729d60fa91ba10494f01ecf0f173/execute/async - {"script":"<script> [1562 bytes]","args":[{"selector":{"controlType":"sap.m.SearchField","properties":{"placeholder":"Search"},"searchOpenDialogs":true,"interaction":{"idSuffix":"I"}},"wdio_ui5_key":"sapm.SearchField{\"placeholder\":\"Search\"}"}]}
RESULT: {"script":"<script> [1562 bytes]","args":[{"selector":{"controlType":"sap.m.SearchField","properties":{"placeholder":"Search"},"searchOpenDialogs":true,"interaction":{"idSuffix":"I"}},"wdio_ui5_key":"sapm.SearchField{\"placeholder\":\"Search\"}"}]}
RESULT: undefined
COMMAND: POST /session/ff79729d60fa91ba10494f01ecf0f173/execute/async - {"script":"<script> [776 bytes]","args":[{"enterText":"10001013","selector":{"controlType":"sap.m.SearchField","properties":{"placeholder":"Search"},"searchOpenDialogs":true,"interaction":{"idSuffix":"I"}},"clearTextFirst":true,"interactionType":"ENTER_TEXT"}]}
RESULT: {"script":"<script> [776 bytes]","args":[{"enterText":"10001013","selector":{"controlType":"sap.m.SearchField","properties":{"placeholder":"Search"},"searchOpenDialogs":true,"interaction":{"idSuffix":"I"}},"clearTextFirst":true,"interactionType":"ENTER_TEXT"}]}
COMMAND: POST /session/ff79729d60fa91ba10494f01ecf0f173/actions - {"actions":[{"id":"action2","type":"key","parameters":{},"actions":[{"type":"keyDown","value":"î€‡"},{"type":"pause","duration":10},{"type":"keyUp","value":"î€‡"}]}]}
RESULT: {"actions":[{"id":"action2","type":"key","parameters":{},"actions":[{"type":"keyDown","value":"î€‡"},{"type":"pause","duration":10},{"type":"keyUp","value":"î€‡"}]}]}
COMMAND: GET /session/ff79729d60fa91ba10494f01ecf0f173/screenshot - {}
RESULT: {}
COMMAND: POST /session/ff79729d60fa91ba10494f01ecf0f173/element - {"using":"xpath","value":"//span[contains(text(), \"General Management\")]"}
RESULT: {"using":"xpath","value":"//span[contains(text(), \"General Management\")]"}
COMMAND: POST /session/ff79729d60fa91ba10494f01ecf0f173/element/f.3F2E73C7F7D99E5CA8A322D6E93FAB42.d.DA7E01AED8DA2ED784DBF0B162DDF4A8.e.629/click - {}
RESULT: {}
COMMAND: GET /session/ff79729d60fa91ba10494f01ecf0f173/screenshot - {}
RESULT: {}
COMMAND: POST /session/ff79729d60fa91ba10494f01ecf0f173/element - {"using":"xpath","value":"//bdi[contains(text(), \"OK\")]"}
RESULT: {"using":"xpath","value":"//bdi[contains(text(), \"OK\")]"}
COMMAND: POST /session/ff79729d60fa91ba10494f01ecf0f173/element/f.3F2E73C7F7D99E5CA8A322D6E93FAB42.d.DA7E01AED8DA2ED784DBF0B162DDF4A8.e.630/click - {}
RESULT: {}
COMMAND: GET /session/ff79729d60fa91ba10494f01ecf0f173/screenshot - {}
RESULT: {}
COMMAND: POST /session/ff79729d60fa91ba10494f01ecf0f173/execute/async - {"script":"<script> [1562 bytes]","args":[{"selector":{"controlType":"sap.m.Button","viewName":"etm.portal.ui.manageyards.view.New","viewId":"application-manageyards-display-component---NewYard","i18NText":{"propertyName":"text","key":"save"},"interaction":{"idSuffix":"inner"}},"wdio_ui5_key":"etmportal.ui.manageyards.view.Newsap.m.Button{\"propertyName\":\"text\",\"key\":\"save\"}"}]}
RESULT: {"script":"<script> [1562 bytes]","args":[{"selector":{"controlType":"sap.m.Button","viewName":"etm.portal.ui.manageyards.view.New","viewId":"application-manageyards-display-component---NewYard","i18NText":{"propertyName":"text","key":"save"},"interaction":{"idSuffix":"inner"}},"wdio_ui5_key":"etmportal.ui.manageyards.view.Newsap.m.Button{\"propertyName\":\"text\",\"key\":\"save\"}"}]}
RESULT: undefined
COMMAND: POST /session/ff79729d60fa91ba10494f01ecf0f173/element - {"using":"xpath","value":"//*[@id=\"__button18\"]"}
RESULT: {"using":"xpath","value":"//*[@id=\"__button18\"]"}
COMMAND: POST /session/ff79729d60fa91ba10494f01ecf0f173/element/f.3F2E73C7F7D99E5CA8A322D6E93FAB42.d.DA7E01AED8DA2ED784DBF0B162DDF4A8.e.539/click - {}
RESULT: {}
COMMAND: GET /session/ff79729d60fa91ba10494f01ecf0f173/screenshot - {}
RESULT: {}
COMMAND: POST /session/ff79729d60fa91ba10494f01ecf0f173/element - {"using":"xpath","value":"//header/div/div[2]/div[2]/span"}
RESULT: {"using":"xpath","value":"//header/div/div[2]/div[2]/span"}
COMMAND: GET /session/ff79729d60fa91ba10494f01ecf0f173/element/f.3F2E73C7F7D99E5CA8A322D6E93FAB42.d.DA7E01AED8DA2ED784DBF0B162DDF4A8.e.828/text - {}
RESULT: {}
COMMAND: POST /session/ff79729d60fa91ba10494f01ecf0f173/execute/async - {"script":"<script> [1562 bytes]","args":[{"selector":{"controlType":"sap.m.OverflowToolbarButton","viewName":"etm.portal.ui.manageyards.view.Detail","viewId":"application-manageyards-display-component---detailYard","i18NText":{"propertyName":"tooltip","key":"closeColumn"},"interaction":{"idSuffix":"inner"}},"wdio_ui5_key":"etmportal.ui.manageyards.view.Detailsap.m.OverflowToolbarButton{\"propertyName\":\"tooltip\",\"key\":\"closeColumn\"}"}]}
RESULT: {"script":"<script> [1562 bytes]","args":[{"selector":{"controlType":"sap.m.OverflowToolbarButton","viewName":"etm.portal.ui.manageyards.view.Detail","viewId":"application-manageyards-display-component---detailYard","i18NText":{"propertyName":"tooltip","key":"closeColumn"},"interaction":{"idSuffix":"inner"}},"wdio_ui5_key":"etmportal.ui.manageyards.view.Detailsap.m.OverflowToolbarButton{\"propertyName\":\"tooltip\",\"key\":\"closeColumn\"}"}]}
RESULT: undefined
COMMAND: POST /session/ff79729d60fa91ba10494f01ecf0f173/element - {"using":"xpath","value":"//*[@id=\"__button42\"]"}
RESULT: {"using":"xpath","value":"//*[@id=\"__button42\"]"}
COMMAND: POST /session/ff79729d60fa91ba10494f01ecf0f173/element/f.3F2E73C7F7D99E5CA8A322D6E93FAB42.d.DA7E01AED8DA2ED784DBF0B162DDF4A8.e.830/click - {}
RESULT: {}
COMMAND: GET /session/ff79729d60fa91ba10494f01ecf0f173/screenshot - {}
RESULT: {}
COMMAND: POST /session/ff79729d60fa91ba10494f01ecf0f173/element - {"using":"css selector","value":"#shell-header-logo"}
RESULT: {"using":"css selector","value":"#shell-header-logo"}
COMMAND: POST /session/ff79729d60fa91ba10494f01ecf0f173/element/f.3F2E73C7F7D99E5CA8A322D6E93FAB42.d.DA7E01AED8DA2ED784DBF0B162DDF4A8.e.116/click - {}
RESULT: {}
COMMAND: GET /session/ff79729d60fa91ba10494f01ecf0f173/screenshot - {}
RESULT: {}
COMMAND: POST /session/ff79729d60fa91ba10494f01ecf0f173/refresh - {}
RESULT: {}
COMMAND: GET /session/ff79729d60fa91ba10494f01ecf0f173/screenshot - {}
RESULT: {}
COMMAND: POST /session/ff79729d60fa91ba10494f01ecf0f173/execute/async - {"script":"<script> [189 bytes]","args":[]}
RESULT: {"script":"<script> [189 bytes]","args":[]}
COMMAND: POST /session/ff79729d60fa91ba10494f01ecf0f173/execute/async - {"script":"<script> [123 bytes]","args":[]}
RESULT: {"script":"<script> [123 bytes]","args":[]}
COMMAND: POST /session/ff79729d60fa91ba10494f01ecf0f173/timeouts - {"script":"<number>"}
RESULT: {"script":"<number>"}
COMMAND: GET /session/ff79729d60fa91ba10494f01ecf0f173/timeouts - {}
RESULT: {}
RESULT: undefined
COMMAND: POST /session/ff79729d60fa91ba10494f01ecf0f173/execute/async - {"script":"<script> [2676 bytes]","args":[]}
RESULT: {"script":"<script> [2676 bytes]","args":[]}
COMMAND: POST /session/ff79729d60fa91ba10494f01ecf0f173/execute/async - {"script":"<script> [2342 bytes]","args":[{"protocol":"http","hostname":"0.0.0.0","path":"/","capabilities":{"browserName":"chrome","goog:chromeOptions":{"binary":"C:\\Program Files\\Google\\Chrome\\Application\\chrome.exe","args":["--start-maximized"]}},"logLevel":"warn","connectionRetryTimeout":120000,"connectionRetryCount":3,"logLevels":{},"enableDirectConnect":true,"strictSSL":true,"_":"65 more keys: [\"cacheDir\",\"port\",\"requestedCapabilities\",\"automationProtocol\",\"baseUrl\",\"waitforInterval\",\"waitforTimeout\",\"onReload\",\"beforeCommand\",\"afterCommand\",\"rootDir\",\"specs\",\"suites\",\"exclude\",\"groupLogsByTestSpec\",\"excludeDriverLogs\",\"bail\",\"framework\",\"reporters\",\"services\",\"maxInstances\",\"maxInstancesPerCapability\",\"injectGlobals\",\"filesToWatch\",\"execArgv\",\"runnerEnv\",\"runner\",\"shard\",\"specFileRetries\",\"specFileRetriesDelay\",\"specFileRetriesDeferred\",\"reporterSyncInterval\",\"reporterSyncTimeout\",\"cucumberFeaturesWithLineNumbers\",\"autoCompileOpts\",\"mochaOpts\",\"jasmineOpts\",\"cucumberOpts\",\"onPrepare\",\"onWorkerStart\",\"onWorkerEnd\",\"before\",\"beforeSession\",\"beforeSuite\",\"beforeHook\",\"beforeTest\",\"afterTest\",\"afterHook\",\"afterSuite\",\"afterSession\",\"after\",\"onComplete\",\"beforeAssertion\",\"afterAssertion\",\"beforeFeature\",\"beforeScenario\",\"beforeStep\",\"afterStep\",\"afterScenario\",\"afterFeature\",\"_\",\"suite\",\"$0\",\"ignoredWorkerServices\",\"wdi5\"]"}]}
RESULT: {"script":"<script> [2342 bytes]","args":[{"protocol":"http","hostname":"0.0.0.0","path":"/","capabilities":{"browserName":"chrome","goog:chromeOptions":{"binary":"C:\\Program Files\\Google\\Chrome\\Application\\chrome.exe","args":["--start-maximized"]}},"logLevel":"warn","connectionRetryTimeout":120000,"connectionRetryCount":3,"logLevels":{},"enableDirectConnect":true,"strictSSL":true,"_":"65 more keys: [\"cacheDir\",\"port\",\"requestedCapabilities\",\"automationProtocol\",\"baseUrl\",\"waitforInterval\",\"waitforTimeout\",\"onReload\",\"beforeCommand\",\"afterCommand\",\"rootDir\",\"specs\",\"suites\",\"exclude\",\"groupLogsByTestSpec\",\"excludeDriverLogs\",\"bail\",\"framework\",\"reporters\",\"services\",\"maxInstances\",\"maxInstancesPerCapability\",\"injectGlobals\",\"filesToWatch\",\"execArgv\",\"runnerEnv\",\"runner\",\"shard\",\"specFileRetries\",\"specFileRetriesDelay\",\"specFileRetriesDeferred\",\"reporterSyncInterval\",\"reporterSyncTimeout\",\"cucumberFeaturesWithLineNumbers\",\"autoCompileOpts\",\"mochaOpts\",\"jasmineOpts\",\"cucumberOpts\",\"onPrepare\",\"onWorkerStart\",\"onWorkerEnd\",\"before\",\"beforeSession\",\"beforeSuite\",\"beforeHook\",\"beforeTest\",\"afterTest\",\"afterHook\",\"afterSuite\",\"afterSession\",\"after\",\"onComplete\",\"beforeAssertion\",\"afterAssertion\",\"beforeFeature\",\"beforeScenario\",\"beforeStep\",\"afterStep\",\"afterScenario\",\"afterFeature\",\"_\",\"suite\",\"$0\",\"ignoredWorkerServices\",\"wdi5\"]"}]}
COMMAND: POST /session/ff79729d60fa91ba10494f01ecf0f173/execute/async - {"script":"<script> [21126 bytes]","args":[35000]}
RESULT: {"script":"<script> [21126 bytes]","args":[35000]}
COMMAND: POST /session/ff79729d60fa91ba10494f01ecf0f173/execute/async - {"script":"<script> [1562 bytes]","args":[{"selector":{"controlType":"sap.m.GenericTile","properties":{"header":"Manage Partners"}},"wdio_ui5_key":"sapm.GenericTile{\"header\":\"Manage Partners\"}"}]}
RESULT: {"script":"<script> [1562 bytes]","args":[{"selector":{"controlType":"sap.m.GenericTile","properties":{"header":"Manage Partners"}},"wdio_ui5_key":"sapm.GenericTile{\"header\":\"Manage Partners\"}"}]}
RESULT: undefined
COMMAND: POST /session/ff79729d60fa91ba10494f01ecf0f173/element - {"using":"xpath","value":"//*[@id=\"__tile38\"]"}
RESULT: {"using":"xpath","value":"//*[@id=\"__tile38\"]"}
COMMAND: POST /session/ff79729d60fa91ba10494f01ecf0f173/element/f.3F2E73C7F7D99E5CA8A322D6E93FAB42.d.B144B29B669F42482E1FC9E3200BF261.e.1184/click - {}
RESULT: {}
COMMAND: GET /session/ff79729d60fa91ba10494f01ecf0f173/screenshot - {}
RESULT: {}
COMMAND: POST /session/ff79729d60fa91ba10494f01ecf0f173/execute/async - {"script":"<script> [1562 bytes]","args":[{"selector":{"controlType":"sap.ui.core.Icon","viewName":"etm.portal.ui.managepartners.view.Master","viewId":"application-managepartners-display-component---masterPtm","properties":{"src":{"regex":{"source":"add"}}}},"wdio_ui5_key":"etmportal.ui.managepartners.view.Mastersap.ui.core.Icon{\"src\":{\"regex\":{\"source\":\"add\"}}}"}]}
RESULT: {"script":"<script> [1562 bytes]","args":[{"selector":{"controlType":"sap.ui.core.Icon","viewName":"etm.portal.ui.managepartners.view.Master","viewId":"application-managepartners-display-component---masterPtm","properties":{"src":{"regex":{"source":"add"}}}},"wdio_ui5_key":"etmportal.ui.managepartners.view.Mastersap.ui.core.Icon{\"src\":{\"regex\":{\"source\":\"add\"}}}"}]}
RESULT: undefined
COMMAND: POST /session/ff79729d60fa91ba10494f01ecf0f173/element - {"using":"xpath","value":"//*[@id=\"__button4-img\"]"}
RESULT: {"using":"xpath","value":"//*[@id=\"__button4-img\"]"}
COMMAND: POST /session/ff79729d60fa91ba10494f01ecf0f173/element/f.3F2E73C7F7D99E5CA8A322D6E93FAB42.d.B144B29B669F42482E1FC9E3200BF261.e.1237/click - {}
RESULT: {}
COMMAND: GET /session/ff79729d60fa91ba10494f01ecf0f173/screenshot - {}
RESULT: {}
COMMAND: POST /session/ff79729d60fa91ba10494f01ecf0f173/execute/async - {"script":"<script> [1562 bytes]","args":[{"selector":{"id":"application-managepartners-display-component---NewPartner--partnerId","interaction":{"idSuffix":"inner"}},"wdio_ui5_key":"applicationmanagepartners-display-component---NewPartner--partnerId"}]}
RESULT: {"script":"<script> [1562 bytes]","args":[{"selector":{"id":"application-managepartners-display-component---NewPartner--partnerId","interaction":{"idSuffix":"inner"}},"wdio_ui5_key":"applicationmanagepartners-display-component---NewPartner--partnerId"}]}
RESULT: undefined
COMMAND: POST /session/ff79729d60fa91ba10494f01ecf0f173/execute/async - {"script":"<script> [1562 bytes]","args":[{"selector":{"id":"application-managepartners-display-component---NewPartner--addressDetailDetailsName1","interaction":{"idSuffix":"inner"}},"wdio_ui5_key":"applicationmanagepartners-display-component---NewPartner--addressDetailDetailsName1"}]}
RESULT: {"script":"<script> [1562 bytes]","args":[{"selector":{"id":"application-managepartners-display-component---NewPartner--addressDetailDetailsName1","interaction":{"idSuffix":"inner"}},"wdio_ui5_key":"applicationmanagepartners-display-component---NewPartner--addressDetailDetailsName1"}]}
RESULT: undefined
COMMAND: POST /session/ff79729d60fa91ba10494f01ecf0f173/execute/async - {"script":"<script> [776 bytes]","args":[{"enterText":"WebdriverPartnerflf0p","selector":{"id":"application-managepartners-display-component---NewPartner--addressDetailDetailsName1","interaction":{"idSuffix":"inner"}},"clearTextFirst":true,"interactionType":"ENTER_TEXT"}]}
RESULT: {"script":"<script> [776 bytes]","args":[{"enterText":"WebdriverPartnerflf0p","selector":{"id":"application-managepartners-display-component---NewPartner--addressDetailDetailsName1","interaction":{"idSuffix":"inner"}},"clearTextFirst":true,"interactionType":"ENTER_TEXT"}]}
COMMAND: POST /session/ff79729d60fa91ba10494f01ecf0f173/execute/async - {"script":"<script> [1562 bytes]","args":[{"selector":{"id":"application-managepartners-display-component---NewPartner--addressDetailDetailsLanguage","interaction":{"idSuffix":"inner"}},"wdio_ui5_key":"applicationmanagepartners-display-component---NewPartner--addressDetailDetailsLanguage"}]}
RESULT: {"script":"<script> [1562 bytes]","args":[{"selector":{"id":"application-managepartners-display-component---NewPartner--addressDetailDetailsLanguage","interaction":{"idSuffix":"inner"}},"wdio_ui5_key":"applicationmanagepartners-display-component---NewPartner--addressDetailDetailsLanguage"}]}
RESULT: undefined
COMMAND: POST /session/ff79729d60fa91ba10494f01ecf0f173/execute/async - {"script":"<script> [776 bytes]","args":[{"enterText":"Romanian","selector":{"id":"application-managepartners-display-component---NewPartner--addressDetailDetailsLanguage","interaction":{"idSuffix":"inner"}},"clearTextFirst":true,"interactionType":"ENTER_TEXT"}]}
RESULT: {"script":"<script> [776 bytes]","args":[{"enterText":"Romanian","selector":{"id":"application-managepartners-display-component---NewPartner--addressDetailDetailsLanguage","interaction":{"idSuffix":"inner"}},"clearTextFirst":true,"interactionType":"ENTER_TEXT"}]}
COMMAND: POST /session/ff79729d60fa91ba10494f01ecf0f173/element - {"using":"xpath","value":"//input[contains(@id ,\"application-managepartners-display-component---NewPartner--addressDetailDetailsName1-inner\")]"}
RESULT: {"using":"xpath","value":"//input[contains(@id ,\"application-managepartners-display-component---NewPartner--addressDetailDetailsName1-inner\")]"}
COMMAND: GET /session/ff79729d60fa91ba10494f01ecf0f173/element/f.3F2E73C7F7D99E5CA8A322D6E93FAB42.d.B144B29B669F42482E1FC9E3200BF261.e.1410/property/value - {}
RESULT: {}
COMMAND: POST /session/ff79729d60fa91ba10494f01ecf0f173/execute/async - {"script":"<script> [1562 bytes]","args":[{"selector":{"id":"application-managepartners-display-component---NewPartner--addressDetailDetailsCity1","interaction":{"idSuffix":"inner"}},"wdio_ui5_key":"applicationmanagepartners-display-component---NewPartner--addressDetailDetailsCity1"}]}
COMMAND: GET /session/ff79729d60fa91ba10494f01ecf0f173/screenshot - {}
RESULT: {"script":"<script> [1562 bytes]","args":[{"selector":{"id":"application-managepartners-display-component---NewPartner--addressDetailDetailsCity1","interaction":{"idSuffix":"inner"}},"wdio_ui5_key":"applicationmanagepartners-display-component---NewPartner--addressDetailDetailsCity1"}]}
RESULT: undefined
COMMAND: POST /session/ff79729d60fa91ba10494f01ecf0f173/execute/async - {"script":"<script> [776 bytes]","args":[{"enterText":"Bucharest","selector":{"id":"application-managepartners-display-component---NewPartner--addressDetailDetailsCity1","interaction":{"idSuffix":"inner"}},"clearTextFirst":true,"interactionType":"ENTER_TEXT"}]}
RESULT: {}
RESULT: {"script":"<script> [776 bytes]","args":[{"enterText":"Bucharest","selector":{"id":"application-managepartners-display-component---NewPartner--addressDetailDetailsCity1","interaction":{"idSuffix":"inner"}},"clearTextFirst":true,"interactionType":"ENTER_TEXT"}]}
COMMAND: POST /session/ff79729d60fa91ba10494f01ecf0f173/execute/async - {"script":"<script> [1562 bytes]","args":[{"selector":{"id":"application-managepartners-display-component---NewPartner--addressDetailDetailsCountry","interaction":{"idSuffix":"inner"}},"wdio_ui5_key":"applicationmanagepartners-display-component---NewPartner--addressDetailDetailsCountry"}]}
RESULT: {"script":"<script> [1562 bytes]","args":[{"selector":{"id":"application-managepartners-display-component---NewPartner--addressDetailDetailsCountry","interaction":{"idSuffix":"inner"}},"wdio_ui5_key":"applicationmanagepartners-display-component---NewPartner--addressDetailDetailsCountry"}]}
RESULT: undefined
COMMAND: POST /session/ff79729d60fa91ba10494f01ecf0f173/execute/async - {"script":"<script> [6424 bytes]","args":[{"element-6066-11e4-a52e-4f735466cecf":"f.3F2E73C7F7D99E5CA8A322D6E93FAB42.d.B144B29B669F42482E1FC9E3200BF261.e.1417"},"setValue",["Romania"]]}
RESULT: {"script":"<script> [6424 bytes]","args":[{"element-6066-11e4-a52e-4f735466cecf":"f.3F2E73C7F7D99E5CA8A322D6E93FAB42.d.B144B29B669F42482E1FC9E3200BF261.e.1417"},"setValue",["Romania"]]}
COMMAND: POST /session/ff79729d60fa91ba10494f01ecf0f173/execute/async - {"script":"<script> [1562 bytes]","args":[{"selector":{"id":"application-managepartners-display-component---NewPartner--partnerDetailInternal","interaction":{"idSuffix":"inner"}},"wdio_ui5_key":"applicationmanagepartners-display-component---NewPartner--partnerDetailInternal"}]}
RESULT: {"script":"<script> [1562 bytes]","args":[{"selector":{"id":"application-managepartners-display-component---NewPartner--partnerDetailInternal","interaction":{"idSuffix":"inner"}},"wdio_ui5_key":"applicationmanagepartners-display-component---NewPartner--partnerDetailInternal"}]}
RESULT: undefined
COMMAND: POST /session/ff79729d60fa91ba10494f01ecf0f173/execute/async - {"script":"<script> [776 bytes]","args":[{"enterText":"External partner","selector":{"id":"application-managepartners-display-component---NewPartner--partnerDetailInternal","interaction":{"idSuffix":"inner"}},"clearTextFirst":true,"interactionType":"ENTER_TEXT"}]}
RESULT: {"script":"<script> [776 bytes]","args":[{"enterText":"External partner","selector":{"id":"application-managepartners-display-component---NewPartner--partnerDetailInternal","interaction":{"idSuffix":"inner"}},"clearTextFirst":true,"interactionType":"ENTER_TEXT"}]}
COMMAND: POST /session/ff79729d60fa91ba10494f01ecf0f173/execute/async - {"script":"<script> [1562 bytes]","args":[{"selector":{"id":"application-managepartners-display-component---NewPartner--partnerDetailsCurrency","interaction":{"idSuffix":"inner"}},"wdio_ui5_key":"applicationmanagepartners-display-component---NewPartner--partnerDetailsCurrency"}]}
RESULT: {"script":"<script> [1562 bytes]","args":[{"selector":{"id":"application-managepartners-display-component---NewPartner--partnerDetailsCurrency","interaction":{"idSuffix":"inner"}},"wdio_ui5_key":"applicationmanagepartners-display-component---NewPartner--partnerDetailsCurrency"}]}
RESULT: undefined
COMMAND: POST /session/ff79729d60fa91ba10494f01ecf0f173/execute/async - {"script":"<script> [776 bytes]","args":[{"enterText":"Euro","selector":{"id":"application-managepartners-display-component---NewPartner--partnerDetailsCurrency","interaction":{"idSuffix":"inner"}},"clearTextFirst":true,"interactionType":"ENTER_TEXT"}]}
RESULT: {"script":"<script> [776 bytes]","args":[{"enterText":"Euro","selector":{"id":"application-managepartners-display-component---NewPartner--partnerDetailsCurrency","interaction":{"idSuffix":"inner"}},"clearTextFirst":true,"interactionType":"ENTER_TEXT"}]}
COMMAND: POST /session/ff79729d60fa91ba10494f01ecf0f173/execute/async - {"script":"<script> [1562 bytes]","args":[{"selector":{"controlType":"sap.m.Button","viewName":"etm.portal.ui.managepartners.view.NewPartner","viewId":"application-managepartners-display-component---NewPartner","properties":{"text":"Commercial"},"interaction":{"idSuffix":"BDI-content"}},"wdio_ui5_key":"etmportal.ui.managepartners.view.NewPartnersap.m.Button{\"text\":\"Commercial\"}"}]}
RESULT: {"script":"<script> [1562 bytes]","args":[{"selector":{"controlType":"sap.m.Button","viewName":"etm.portal.ui.managepartners.view.NewPartner","viewId":"application-managepartners-display-component---NewPartner","properties":{"text":"Commercial"},"interaction":{"idSuffix":"BDI-content"}},"wdio_ui5_key":"etmportal.ui.managepartners.view.NewPartnersap.m.Button{\"text\":\"Commercial\"}"}]}
RESULT: undefined
COMMAND: POST /session/ff79729d60fa91ba10494f01ecf0f173/element - {"using":"xpath","value":"//*[@id=\"application-managepartners-display-component---NewPartner--ObjectPageLayout-anchBar-__section5-anchor\"]"}
RESULT: {"using":"xpath","value":"//*[@id=\"application-managepartners-display-component---NewPartner--ObjectPageLayout-anchBar-__section5-anchor\"]"}
COMMAND: POST /session/ff79729d60fa91ba10494f01ecf0f173/element/f.3F2E73C7F7D99E5CA8A322D6E93FAB42.d.B144B29B669F42482E1FC9E3200BF261.e.1657/click - {}
RESULT: {}
COMMAND: GET /session/ff79729d60fa91ba10494f01ecf0f173/screenshot - {}
RESULT: {}
COMMAND: POST /session/ff79729d60fa91ba10494f01ecf0f173/execute/async - {"script":"<script> [1562 bytes]","args":[{"selector":{"id":"application-managepartners-display-component---NewPartner--btnAddTableRow-img"},"wdio_ui5_key":"applicationmanagepartners-display-component---NewPartner--btnAddTableRow-img"}]}
RESULT: {"script":"<script> [1562 bytes]","args":[{"selector":{"id":"application-managepartners-display-component---NewPartner--btnAddTableRow-img"},"wdio_ui5_key":"applicationmanagepartners-display-component---NewPartner--btnAddTableRow-img"}]}
RESULT: undefined
COMMAND: POST /session/ff79729d60fa91ba10494f01ecf0f173/element - {"using":"xpath","value":"//*[@id=\"application-managepartners-display-component---NewPartner--btnAddTableRow-img\"]"}
RESULT: {"using":"xpath","value":"//*[@id=\"application-managepartners-display-component---NewPartner--btnAddTableRow-img\"]"}
COMMAND: POST /session/ff79729d60fa91ba10494f01ecf0f173/element/f.3F2E73C7F7D99E5CA8A322D6E93FAB42.d.B144B29B669F42482E1FC9E3200BF261.e.1662/click - {}
RESULT: {}
COMMAND: POST /session/ff79729d60fa91ba10494f01ecf0f173/element - {"using":"xpath","value":"//input[contains(@id ,\"application-managepartners-display-component---NewPartner--assignmentYard-application-managepartners-display-component---NewPartner\")]"}
COMMAND: GET /session/ff79729d60fa91ba10494f01ecf0f173/screenshot - {}
RESULT: {"using":"xpath","value":"//input[contains(@id ,\"application-managepartners-display-component---NewPartner--assignmentYard-application-managepartners-display-component---NewPartner\")]"}
COMMAND: POST /session/ff79729d60fa91ba10494f01ecf0f173/element/f.3F2E73C7F7D99E5CA8A322D6E93FAB42.d.B144B29B669F42482E1FC9E3200BF261.e.1667/clear - {}
RESULT: {}
RESULT: {}
COMMAND: POST /session/ff79729d60fa91ba10494f01ecf0f173/element/f.3F2E73C7F7D99E5CA8A322D6E93FAB42.d.B144B29B669F42482E1FC9E3200BF261.e.1667/value - {"text":"458"}
COMMAND: GET /session/ff79729d60fa91ba10494f01ecf0f173/screenshot - {}
RESULT: {"text":"458"}
COMMAND: GET /session/ff79729d60fa91ba10494f01ecf0f173/screenshot - {}
RESULT: {}
RESULT: {}
COMMAND: POST /session/ff79729d60fa91ba10494f01ecf0f173/execute/async - {"script":"<script> [1562 bytes]","args":[{"selector":{"controlType":"sap.m.Button","viewName":"etm.portal.ui.managepartners.view.NewPartner","viewId":"application-managepartners-display-component---NewPartner","i18NText":{"propertyName":"text","key":"save"},"interaction":{"idSuffix":"BDI-content"}},"wdio_ui5_key":"etmportal.ui.managepartners.view.NewPartnersap.m.Button{\"propertyName\":\"text\",\"key\":\"save\"}"}]}
RESULT: {"script":"<script> [1562 bytes]","args":[{"selector":{"controlType":"sap.m.Button","viewName":"etm.portal.ui.managepartners.view.NewPartner","viewId":"application-managepartners-display-component---NewPartner","i18NText":{"propertyName":"text","key":"save"},"interaction":{"idSuffix":"BDI-content"}},"wdio_ui5_key":"etmportal.ui.managepartners.view.NewPartnersap.m.Button{\"propertyName\":\"text\",\"key\":\"save\"}"}]}
RESULT: undefined
COMMAND: POST /session/ff79729d60fa91ba10494f01ecf0f173/element - {"using":"xpath","value":"//*[@id=\"__button12\"]"}
RESULT: {"using":"xpath","value":"//*[@id=\"__button12\"]"}
COMMAND: POST /session/ff79729d60fa91ba10494f01ecf0f173/element/f.3F2E73C7F7D99E5CA8A322D6E93FAB42.d.B144B29B669F42482E1FC9E3200BF261.e.1557/click - {}
RESULT: {}
COMMAND: GET /session/ff79729d60fa91ba10494f01ecf0f173/screenshot - {}
RESULT: {}
COMMAND: POST /session/ff79729d60fa91ba10494f01ecf0f173/element - {"using":"xpath","value":"//header/div/div[2]/div[2]/span"}
RESULT: {"using":"xpath","value":"//header/div/div[2]/div[2]/span"}
COMMAND: GET /session/ff79729d60fa91ba10494f01ecf0f173/element/f.3F2E73C7F7D99E5CA8A322D6E93FAB42.d.B144B29B669F42482E1FC9E3200BF261.e.1840/text - {}
RESULT: {}
COMMAND: POST /session/ff79729d60fa91ba10494f01ecf0f173/element - {"using":"xpath","value":"//header/div/div/div/div/div/div[2]/div/span"}
RESULT: {"using":"xpath","value":"//header/div/div/div/div/div/div[2]/div/span"}
COMMAND: GET /session/ff79729d60fa91ba10494f01ecf0f173/element/f.3F2E73C7F7D99E5CA8A322D6E93FAB42.d.B144B29B669F42482E1FC9E3200BF261.e.1841/text - {}
RESULT: {}
COMMAND: POST /session/ff79729d60fa91ba10494f01ecf0f173/execute/async - {"script":"<script> [1562 bytes]","args":[{"selector":{"id":"application-managepartners-display-component---detailPtm--partnerType"},"wdio_ui5_key":"applicationmanagepartners-display-component---detailPtm--partnerType"}]}
RESULT: {"script":"<script> [1562 bytes]","args":[{"selector":{"id":"application-managepartners-display-component---detailPtm--partnerType"},"wdio_ui5_key":"applicationmanagepartners-display-component---detailPtm--partnerType"}]}
RESULT: undefined
COMMAND: POST /session/ff79729d60fa91ba10494f01ecf0f173/execute/async - {"script":"<script> [6424 bytes]","args":[{"element-6066-11e4-a52e-4f735466cecf":"f.3F2E73C7F7D99E5CA8A322D6E93FAB42.d.B144B29B669F42482E1FC9E3200BF261.e.1842"},"getText",[]]}
RESULT: {"script":"<script> [6424 bytes]","args":[{"element-6066-11e4-a52e-4f735466cecf":"f.3F2E73C7F7D99E5CA8A322D6E93FAB42.d.B144B29B669F42482E1FC9E3200BF261.e.1842"},"getText",[]]}
COMMAND: POST /session/ff79729d60fa91ba10494f01ecf0f173/element - {"using":"css selector","value":"#shell-header-logo"}
RESULT: {"using":"css selector","value":"#shell-header-logo"}
COMMAND: POST /session/ff79729d60fa91ba10494f01ecf0f173/element/f.3F2E73C7F7D99E5CA8A322D6E93FAB42.d.B144B29B669F42482E1FC9E3200BF261.e.1188/click - {}
RESULT: {}
COMMAND: GET /session/ff79729d60fa91ba10494f01ecf0f173/screenshot - {}
RESULT: {}
COMMAND: POST /session/ff79729d60fa91ba10494f01ecf0f173/execute/async - {"script":"<script> [1562 bytes]","args":[{"selector":{"controlType":"sap.m.GenericTile","properties":{"header":"Manage Sites"}},"wdio_ui5_key":"sapm.GenericTile{\"header\":\"Manage Sites\"}"}]}
RESULT: {"script":"<script> [1562 bytes]","args":[{"selector":{"controlType":"sap.m.GenericTile","properties":{"header":"Manage Sites"}},"wdio_ui5_key":"sapm.GenericTile{\"header\":\"Manage Sites\"}"}]}
RESULT: undefined
COMMAND: POST /session/ff79729d60fa91ba10494f01ecf0f173/element - {"using":"xpath","value":"//*[@id=\"__tile40\"]"}
RESULT: {"using":"xpath","value":"//*[@id=\"__tile40\"]"}
COMMAND: POST /session/ff79729d60fa91ba10494f01ecf0f173/element/f.3F2E73C7F7D99E5CA8A322D6E93FAB42.d.B144B29B669F42482E1FC9E3200BF261.e.1844/click - {}
RESULT: {}
COMMAND: GET /session/ff79729d60fa91ba10494f01ecf0f173/screenshot - {}
RESULT: {}
COMMAND: POST /session/ff79729d60fa91ba10494f01ecf0f173/execute/async - {"script":"<script> [1562 bytes]","args":[{"selector":{"controlType":"sap.ui.core.Icon","viewName":"etm.portal.ui.managesites.view.Master","viewId":"application-managesites-display-component---masterSite","properties":{"src":{"regex":{"source":"add"}}}},"wdio_ui5_key":"etmportal.ui.managesites.view.Mastersap.ui.core.Icon{\"src\":{\"regex\":{\"source\":\"add\"}}}"}]}
RESULT: {"script":"<script> [1562 bytes]","args":[{"selector":{"controlType":"sap.ui.core.Icon","viewName":"etm.portal.ui.managesites.view.Master","viewId":"application-managesites-display-component---masterSite","properties":{"src":{"regex":{"source":"add"}}}},"wdio_ui5_key":"etmportal.ui.managesites.view.Mastersap.ui.core.Icon{\"src\":{\"regex\":{\"source\":\"add\"}}}"}]}
RESULT: undefined
COMMAND: POST /session/ff79729d60fa91ba10494f01ecf0f173/element - {"using":"xpath","value":"//*[@id=\"__button52-img\"]"}
RESULT: {"using":"xpath","value":"//*[@id=\"__button52-img\"]"}
COMMAND: POST /session/ff79729d60fa91ba10494f01ecf0f173/element/f.3F2E73C7F7D99E5CA8A322D6E93FAB42.d.B144B29B669F42482E1FC9E3200BF261.e.1891/click - {}
RESULT: {}
COMMAND: POST /session/ff79729d60fa91ba10494f01ecf0f173/execute/async - {"script":"<script> [1562 bytes]","args":[{"selector":{"id":"application-managesites-display-component---NewSite--siteId","interaction":{"idSuffix":"inner"}},"wdio_ui5_key":"applicationmanagesites-display-component---NewSite--siteId"}]}
COMMAND: GET /session/ff79729d60fa91ba10494f01ecf0f173/screenshot - {}
RESULT: {"script":"<script> [1562 bytes]","args":[{"selector":{"id":"application-managesites-display-component---NewSite--siteId","interaction":{"idSuffix":"inner"}},"wdio_ui5_key":"applicationmanagesites-display-component---NewSite--siteId"}]}
RESULT: undefined
COMMAND: POST /session/ff79729d60fa91ba10494f01ecf0f173/execute/async - {"script":"<script> [1562 bytes]","args":[{"selector":{"id":"application-managesites-display-component---NewSite--addressDetailDetailsName1","interaction":{"idSuffix":"inner"}},"wdio_ui5_key":"applicationmanagesites-display-component---NewSite--addressDetailDetailsName1"}]}
RESULT: {}
RESULT: {"script":"<script> [1562 bytes]","args":[{"selector":{"id":"application-managesites-display-component---NewSite--addressDetailDetailsName1","interaction":{"idSuffix":"inner"}},"wdio_ui5_key":"applicationmanagesites-display-component---NewSite--addressDetailDetailsName1"}]}
RESULT: undefined
COMMAND: POST /session/ff79729d60fa91ba10494f01ecf0f173/execute/async - {"script":"<script> [776 bytes]","args":[{"enterText":"WebdriverSiteazfap","selector":{"id":"application-managesites-display-component---NewSite--addressDetailDetailsName1","interaction":{"idSuffix":"inner"}},"clearTextFirst":true,"interactionType":"ENTER_TEXT"}]}
RESULT: {"script":"<script> [776 bytes]","args":[{"enterText":"WebdriverSiteazfap","selector":{"id":"application-managesites-display-component---NewSite--addressDetailDetailsName1","interaction":{"idSuffix":"inner"}},"clearTextFirst":true,"interactionType":"ENTER_TEXT"}]}
COMMAND: POST /session/ff79729d60fa91ba10494f01ecf0f173/execute/async - {"script":"<script> [1562 bytes]","args":[{"selector":{"id":"application-managesites-display-component---NewSite--addressDetailDetailsLanguage","interaction":{"idSuffix":"inner"}},"wdio_ui5_key":"applicationmanagesites-display-component---NewSite--addressDetailDetailsLanguage"}]}
RESULT: {"script":"<script> [1562 bytes]","args":[{"selector":{"id":"application-managesites-display-component---NewSite--addressDetailDetailsLanguage","interaction":{"idSuffix":"inner"}},"wdio_ui5_key":"applicationmanagesites-display-component---NewSite--addressDetailDetailsLanguage"}]}
RESULT: undefined
COMMAND: POST /session/ff79729d60fa91ba10494f01ecf0f173/execute/async - {"script":"<script> [776 bytes]","args":[{"enterText":"Romanian","selector":{"id":"application-managesites-display-component---NewSite--addressDetailDetailsLanguage","interaction":{"idSuffix":"inner"}},"clearTextFirst":true,"interactionType":"ENTER_TEXT"}]}
RESULT: {"script":"<script> [776 bytes]","args":[{"enterText":"Romanian","selector":{"id":"application-managesites-display-component---NewSite--addressDetailDetailsLanguage","interaction":{"idSuffix":"inner"}},"clearTextFirst":true,"interactionType":"ENTER_TEXT"}]}
COMMAND: POST /session/ff79729d60fa91ba10494f01ecf0f173/execute/async - {"script":"<script> [1562 bytes]","args":[{"selector":{"id":"application-managesites-display-component---NewSite--addressDetailDetailsCity1","interaction":{"idSuffix":"inner"}},"wdio_ui5_key":"applicationmanagesites-display-component---NewSite--addressDetailDetailsCity1"}]}
RESULT: {"script":"<script> [1562 bytes]","args":[{"selector":{"id":"application-managesites-display-component---NewSite--addressDetailDetailsCity1","interaction":{"idSuffix":"inner"}},"wdio_ui5_key":"applicationmanagesites-display-component---NewSite--addressDetailDetailsCity1"}]}
RESULT: undefined
COMMAND: POST /session/ff79729d60fa91ba10494f01ecf0f173/execute/async - {"script":"<script> [776 bytes]","args":[{"enterText":"Bucharest","selector":{"id":"application-managesites-display-component---NewSite--addressDetailDetailsCity1","interaction":{"idSuffix":"inner"}},"clearTextFirst":true,"interactionType":"ENTER_TEXT"}]}
RESULT: {"script":"<script> [776 bytes]","args":[{"enterText":"Bucharest","selector":{"id":"application-managesites-display-component---NewSite--addressDetailDetailsCity1","interaction":{"idSuffix":"inner"}},"clearTextFirst":true,"interactionType":"ENTER_TEXT"}]}
COMMAND: POST /session/ff79729d60fa91ba10494f01ecf0f173/execute/async - {"script":"<script> [1562 bytes]","args":[{"selector":{"id":"application-managesites-display-component---NewSite--addressDetailDetailsCountry","interaction":{"idSuffix":"inner"}},"wdio_ui5_key":"applicationmanagesites-display-component---NewSite--addressDetailDetailsCountry"}]}
RESULT: {"script":"<script> [1562 bytes]","args":[{"selector":{"id":"application-managesites-display-component---NewSite--addressDetailDetailsCountry","interaction":{"idSuffix":"inner"}},"wdio_ui5_key":"applicationmanagesites-display-component---NewSite--addressDetailDetailsCountry"}]}
RESULT: undefined
COMMAND: POST /session/ff79729d60fa91ba10494f01ecf0f173/execute/async - {"script":"<script> [776 bytes]","args":[{"enterText":"Romania","selector":{"id":"application-managesites-display-component---NewSite--addressDetailDetailsCountry","interaction":{"idSuffix":"inner"}},"clearTextFirst":true,"interactionType":"ENTER_TEXT"}]}
RESULT: {"script":"<script> [776 bytes]","args":[{"enterText":"Romania","selector":{"id":"application-managesites-display-component---NewSite--addressDetailDetailsCountry","interaction":{"idSuffix":"inner"}},"clearTextFirst":true,"interactionType":"ENTER_TEXT"}]}
COMMAND: POST /session/ff79729d60fa91ba10494f01ecf0f173/element - {"using":"css selector","value":"#application-managesites-display-component---NewSite--addressDetailDetailsCalendar-inner"}
RESULT: {"using":"css selector","value":"#application-managesites-display-component---NewSite--addressDetailDetailsCalendar-inner"}
COMMAND: POST /session/ff79729d60fa91ba10494f01ecf0f173/element/f.3F2E73C7F7D99E5CA8A322D6E93FAB42.d.B144B29B669F42482E1FC9E3200BF261.e.2272/clear - {}
RESULT: {}
COMMAND: POST /session/ff79729d60fa91ba10494f01ecf0f173/element/f.3F2E73C7F7D99E5CA8A322D6E93FAB42.d.B144B29B669F42482E1FC9E3200BF261.e.2272/value - {"text":"Germany"}
COMMAND: GET /session/ff79729d60fa91ba10494f01ecf0f173/screenshot - {}
RESULT: {"text":"Germany"}
COMMAND: POST /session/ff79729d60fa91ba10494f01ecf0f173/execute/async - {"script":"<script> [1562 bytes]","args":[{"selector":{"id":"application-managesites-display-component---NewSite--addressEditDetailsCostObjectCstType-arrow"},"wdio_ui5_key":"applicationmanagesites-display-component---NewSite--addressEditDetailsCostObjectCstType-arrow"}]}
COMMAND: GET /session/ff79729d60fa91ba10494f01ecf0f173/screenshot - {}
RESULT: {}
RESULT: {"script":"<script> [1562 bytes]","args":[{"selector":{"id":"application-managesites-display-component---NewSite--addressEditDetailsCostObjectCstType-arrow"},"wdio_ui5_key":"applicationmanagesites-display-component---NewSite--addressEditDetailsCostObjectCstType-arrow"}]}
RESULT: undefined
COMMAND: POST /session/ff79729d60fa91ba10494f01ecf0f173/element - {"using":"xpath","value":"//*[@id=\"application-managesites-display-component---NewSite--addressEditDetailsCostObjectCstType-arrow\"]"}
RESULT: {}
RESULT: {"using":"xpath","value":"//*[@id=\"application-managesites-display-component---NewSite--addressEditDetailsCostObjectCstType-arrow\"]"}
COMMAND: POST /session/ff79729d60fa91ba10494f01ecf0f173/element/f.3F2E73C7F7D99E5CA8A322D6E93FAB42.d.B144B29B669F42482E1FC9E3200BF261.e.2469/click - {}
RESULT: {}
COMMAND: POST /session/ff79729d60fa91ba10494f01ecf0f173/element - {"using":"xpath","value":"//span[contains(text(), \"Work Breakdown Structure\")]"}
COMMAND: GET /session/ff79729d60fa91ba10494f01ecf0f173/screenshot - {}
RESULT: {"using":"xpath","value":"//span[contains(text(), \"Work Breakdown Structure\")]"}
COMMAND: POST /session/ff79729d60fa91ba10494f01ecf0f173/element/f.3F2E73C7F7D99E5CA8A322D6E93FAB42.d.B144B29B669F42482E1FC9E3200BF261.e.2470/click - {}
RESULT: {}
RESULT: {}
COMMAND: GET /session/ff79729d60fa91ba10494f01ecf0f173/screenshot - {}
RESULT: {}
COMMAND: POST /session/ff79729d60fa91ba10494f01ecf0f173/execute/async - {"script":"<script> [1562 bytes]","args":[{"selector":{"id":"application-managesites-display-component---NewSite--addressNewCostObjectCstID-vhi"},"wdio_ui5_key":"applicationmanagesites-display-component---NewSite--addressNewCostObjectCstID-vhi"}]}
RESULT: {"script":"<script> [1562 bytes]","args":[{"selector":{"id":"application-managesites-display-component---NewSite--addressNewCostObjectCstID-vhi"},"wdio_ui5_key":"applicationmanagesites-display-component---NewSite--addressNewCostObjectCstID-vhi"}]}
RESULT: undefined
COMMAND: POST /session/ff79729d60fa91ba10494f01ecf0f173/element - {"using":"xpath","value":"//*[@id=\"application-managesites-display-component---NewSite--addressNewCostObjectCstID-vhi\"]"}
RESULT: {"using":"xpath","value":"//*[@id=\"application-managesites-display-component---NewSite--addressNewCostObjectCstID-vhi\"]"}
COMMAND: POST /session/ff79729d60fa91ba10494f01ecf0f173/element/f.3F2E73C7F7D99E5CA8A322D6E93FAB42.d.B144B29B669F42482E1FC9E3200BF261.e.2475/click - {}
RESULT: {}
COMMAND: GET /session/ff79729d60fa91ba10494f01ecf0f173/screenshot - {}
RESULT: {}
COMMAND: POST /session/ff79729d60fa91ba10494f01ecf0f173/execute/async - {"script":"<script> [1562 bytes]","args":[{"selector":{"controlType":"sap.m.SearchField","properties":{"placeholder":"Search"},"searchOpenDialogs":true,"interaction":{"idSuffix":"I"}},"wdio_ui5_key":"sapm.SearchField{\"placeholder\":\"Search\"}"}]}
RESULT: {"script":"<script> [1562 bytes]","args":[{"selector":{"controlType":"sap.m.SearchField","properties":{"placeholder":"Search"},"searchOpenDialogs":true,"interaction":{"idSuffix":"I"}},"wdio_ui5_key":"sapm.SearchField{\"placeholder\":\"Search\"}"}]}
RESULT: undefined
COMMAND: POST /session/ff79729d60fa91ba10494f01ecf0f173/execute/async - {"script":"<script> [776 bytes]","args":[{"enterText":"A1-000100-01","selector":{"controlType":"sap.m.SearchField","properties":{"placeholder":"Search"},"searchOpenDialogs":true,"interaction":{"idSuffix":"I"}},"clearTextFirst":true,"interactionType":"ENTER_TEXT"}]}
RESULT: {"script":"<script> [776 bytes]","args":[{"enterText":"A1-000100-01","selector":{"controlType":"sap.m.SearchField","properties":{"placeholder":"Search"},"searchOpenDialogs":true,"interaction":{"idSuffix":"I"}},"clearTextFirst":true,"interactionType":"ENTER_TEXT"}]}
COMMAND: POST /session/ff79729d60fa91ba10494f01ecf0f173/actions - {"actions":[{"id":"action3","type":"key","parameters":{},"actions":[{"type":"keyDown","value":"î€‡"},{"type":"pause","duration":10},{"type":"keyUp","value":"î€‡"}]}]}
RESULT: {"actions":[{"id":"action3","type":"key","parameters":{},"actions":[{"type":"keyDown","value":"î€‡"},{"type":"pause","duration":10},{"type":"keyUp","value":"î€‡"}]}]}
COMMAND: GET /session/ff79729d60fa91ba10494f01ecf0f173/screenshot - {}
RESULT: {}
COMMAND: POST /session/ff79729d60fa91ba10494f01ecf0f173/element - {"using":"xpath","value":"//span[contains(text(), \"Template for ETO-Process\")]"}
RESULT: {"using":"xpath","value":"//span[contains(text(), \"Template for ETO-Process\")]"}
COMMAND: POST /session/ff79729d60fa91ba10494f01ecf0f173/element/f.3F2E73C7F7D99E5CA8A322D6E93FAB42.d.B144B29B669F42482E1FC9E3200BF261.e.2495/click - {}
RESULT: {}
COMMAND: GET /session/ff79729d60fa91ba10494f01ecf0f173/screenshot - {}
RESULT: {}
COMMAND: POST /session/ff79729d60fa91ba10494f01ecf0f173/element - {"using":"xpath","value":"//bdi[contains(text(), \"OK\")]"}
RESULT: {"using":"xpath","value":"//bdi[contains(text(), \"OK\")]"}
COMMAND: POST /session/ff79729d60fa91ba10494f01ecf0f173/element/f.3F2E73C7F7D99E5CA8A322D6E93FAB42.d.B144B29B669F42482E1FC9E3200BF261.e.2496/click - {}
RESULT: {}
COMMAND: GET /session/ff79729d60fa91ba10494f01ecf0f173/screenshot - {}
RESULT: {}
COMMAND: POST /session/ff79729d60fa91ba10494f01ecf0f173/element - {"using":"xpath","value":"//input[@id=\"application-managesites-display-component---NewSite--addressDetailDetailsYard-inner\"]"}
RESULT: {"using":"xpath","value":"//input[@id=\"application-managesites-display-component---NewSite--addressDetailDetailsYard-inner\"]"}
COMMAND: POST /session/ff79729d60fa91ba10494f01ecf0f173/element/f.3F2E73C7F7D99E5CA8A322D6E93FAB42.d.B144B29B669F42482E1FC9E3200BF261.e.2273/value - {"text":"458"}
RESULT: {"text":"458"}
COMMAND: GET /session/ff79729d60fa91ba10494f01ecf0f173/screenshot - {}
RESULT: {}
COMMAND: POST /session/ff79729d60fa91ba10494f01ecf0f173/actions - {"actions":[{"id":"action4","type":"key","parameters":{},"actions":[{"type":"keyDown","value":"î€‡"},{"type":"pause","duration":10},{"type":"keyUp","value":"î€‡"}]}]}
RESULT: {"actions":[{"id":"action4","type":"key","parameters":{},"actions":[{"type":"keyDown","value":"î€‡"},{"type":"pause","duration":10},{"type":"keyUp","value":"î€‡"}]}]}
COMMAND: GET /session/ff79729d60fa91ba10494f01ecf0f173/screenshot - {}
RESULT: {}
COMMAND: POST /session/ff79729d60fa91ba10494f01ecf0f173/element - {"using":"xpath","value":"//input[@id=\"application-managesites-display-component---NewSite--addressDetailDetailsPartner-inner\"]"}
RESULT: {"using":"xpath","value":"//input[@id=\"application-managesites-display-component---NewSite--addressDetailDetailsPartner-inner\"]"}
COMMAND: POST /session/ff79729d60fa91ba10494f01ecf0f173/elements - {"using":"xpath","value":"//input[@id=\"application-managesites-display-component---NewSite--addressDetailDetailsPartner-inner\"]"}
RESULT: {"using":"xpath","value":"//input[@id=\"application-managesites-display-component---NewSite--addressDetailDetailsPartner-inner\"]"}
COMMAND: POST /session/ff79729d60fa91ba10494f01ecf0f173/execute/async - {"script":"<script> [1562 bytes]","args":[{"selector":{"controlType":"sap.m.Button","viewName":"etm.portal.ui.managesites.view.NewSmartSite","viewId":"application-managesites-display-component---NewSite","properties":{"text":"Commercial"},"interaction":{"idSuffix":"BDI-content"}},"wdio_ui5_key":"etmportal.ui.managesites.view.NewSmartSitesap.m.Button{\"text\":\"Commercial\"}"}]}
RESULT: {"script":"<script> [1562 bytes]","args":[{"selector":{"controlType":"sap.m.Button","viewName":"etm.portal.ui.managesites.view.NewSmartSite","viewId":"application-managesites-display-component---NewSite","properties":{"text":"Commercial"},"interaction":{"idSuffix":"BDI-content"}},"wdio_ui5_key":"etmportal.ui.managesites.view.NewSmartSitesap.m.Button{\"text\":\"Commercial\"}"}]}
RESULT: undefined
COMMAND: POST /session/ff79729d60fa91ba10494f01ecf0f173/element - {"using":"xpath","value":"//*[@id=\"application-managesites-display-component---NewSite--ObjectPageLayout-anchBar-__section31-anchor\"]"}
RESULT: {"using":"xpath","value":"//*[@id=\"application-managesites-display-component---NewSite--ObjectPageLayout-anchBar-__section31-anchor\"]"}
COMMAND: POST /session/ff79729d60fa91ba10494f01ecf0f173/element/f.3F2E73C7F7D99E5CA8A322D6E93FAB42.d.B144B29B669F42482E1FC9E3200BF261.e.2503/click - {}
RESULT: {}
COMMAND: POST /session/ff79729d60fa91ba10494f01ecf0f173/execute/async - {"script":"<script> [1562 bytes]","args":[{"selector":{"controlType":"sap.m.Button","viewName":"etm.portal.ui.managesites.view.NewSmartSite","viewId":"application-managesites-display-component---NewSite","i18NText":{"propertyName":"text","key":"save"},"interaction":{"idSuffix":"BDI-content"}},"wdio_ui5_key":"etmportal.ui.managesites.view.NewSmartSitesap.m.Button{\"propertyName\":\"text\",\"key\":\"save\"}"}]}
COMMAND: GET /session/ff79729d60fa91ba10494f01ecf0f173/screenshot - {}
RESULT: {"script":"<script> [1562 bytes]","args":[{"selector":{"controlType":"sap.m.Button","viewName":"etm.portal.ui.managesites.view.NewSmartSite","viewId":"application-managesites-display-component---NewSite","i18NText":{"propertyName":"text","key":"save"},"interaction":{"idSuffix":"BDI-content"}},"wdio_ui5_key":"etmportal.ui.managesites.view.NewSmartSitesap.m.Button{\"propertyName\":\"text\",\"key\":\"save\"}"}]}
RESULT: undefined
COMMAND: POST /session/ff79729d60fa91ba10494f01ecf0f173/element - {"using":"xpath","value":"//*[@id=\"__button64\"]"}
RESULT: {}
RESULT: {"using":"xpath","value":"//*[@id=\"__button64\"]"}
COMMAND: POST /session/ff79729d60fa91ba10494f01ecf0f173/element/f.3F2E73C7F7D99E5CA8A322D6E93FAB42.d.B144B29B669F42482E1FC9E3200BF261.e.2448/click - {}
RESULT: {}
COMMAND: GET /session/ff79729d60fa91ba10494f01ecf0f173/screenshot - {}
RESULT: {}
COMMAND: POST /session/ff79729d60fa91ba10494f01ecf0f173/execute/async - {"script":"<script> [1562 bytes]","args":[{"selector":{"id":"application-managesites-display-component---detailSite--addressDetailDetailsYardText"},"wdio_ui5_key":"applicationmanagesites-display-component---detailSite--addressDetailDetailsYardText"}]}
RESULT: {"script":"<script> [1562 bytes]","args":[{"selector":{"id":"application-managesites-display-component---detailSite--addressDetailDetailsYardText"},"wdio_ui5_key":"applicationmanagesites-display-component---detailSite--addressDetailDetailsYardText"}]}
RESULT: undefined
COMMAND: POST /session/ff79729d60fa91ba10494f01ecf0f173/element - {"using":"xpath","value":"//header/div/div[2]/div[2]/span"}
RESULT: {"using":"xpath","value":"//header/div/div[2]/div[2]/span"}
COMMAND: GET /session/ff79729d60fa91ba10494f01ecf0f173/element/f.3F2E73C7F7D99E5CA8A322D6E93FAB42.d.B144B29B669F42482E1FC9E3200BF261.e.2706/text - {}
RESULT: {}
COMMAND: POST /session/ff79729d60fa91ba10494f01ecf0f173/element - {"using":"xpath","value":"//header/div/div/div/div/div/div[2]/div/span"}
RESULT: {"using":"xpath","value":"//header/div/div/div/div/div/div[2]/div/span"}
COMMAND: GET /session/ff79729d60fa91ba10494f01ecf0f173/element/f.3F2E73C7F7D99E5CA8A322D6E93FAB42.d.B144B29B669F42482E1FC9E3200BF261.e.2707/text - {}
RESULT: {}
COMMAND: POST /session/ff79729d60fa91ba10494f01ecf0f173/element - {"using":"css selector","value":"#shell-header-logo"}
RESULT: {"using":"css selector","value":"#shell-header-logo"}
COMMAND: POST /session/ff79729d60fa91ba10494f01ecf0f173/element/f.3F2E73C7F7D99E5CA8A322D6E93FAB42.d.B144B29B669F42482E1FC9E3200BF261.e.1847/click - {}
RESULT: {}
COMMAND: GET /session/ff79729d60fa91ba10494f01ecf0f173/screenshot - {}
RESULT: {}
COMMAND: POST /session/ff79729d60fa91ba10494f01ecf0f173/execute/async - {"script":"<script> [1562 bytes]","args":[{"selector":{"controlType":"sap.m.GenericTile","properties":{"header":"Manage Resources"}},"wdio_ui5_key":"sapm.GenericTile{\"header\":\"Manage Resources\"}"}]}
RESULT: {"script":"<script> [1562 bytes]","args":[{"selector":{"controlType":"sap.m.GenericTile","properties":{"header":"Manage Resources"}},"wdio_ui5_key":"sapm.GenericTile{\"header\":\"Manage Resources\"}"}]}
RESULT: undefined
COMMAND: POST /session/ff79729d60fa91ba10494f01ecf0f173/element - {"using":"xpath","value":"//*[@id=\"__tile39\"]"}
RESULT: {"using":"xpath","value":"//*[@id=\"__tile39\"]"}
COMMAND: POST /session/ff79729d60fa91ba10494f01ecf0f173/element/f.3F2E73C7F7D99E5CA8A322D6E93FAB42.d.B144B29B669F42482E1FC9E3200BF261.e.2709/click - {}
RESULT: {}
COMMAND: GET /session/ff79729d60fa91ba10494f01ecf0f173/screenshot - {}
RESULT: {}
COMMAND: POST /session/ff79729d60fa91ba10494f01ecf0f173/element - {"using":"xpath","value":"//button[@data-kt=\"addNewRUOverflowToolbarButton\"]"}
RESULT: {"using":"xpath","value":"//button[@data-kt=\"addNewRUOverflowToolbarButton\"]"}
COMMAND: POST /session/ff79729d60fa91ba10494f01ecf0f173/element - {"using":"xpath","value":"//button[@data-kt=\"addNewRUOverflowToolbarButton\"]"}
RESULT: {"using":"xpath","value":"//button[@data-kt=\"addNewRUOverflowToolbarButton\"]"}
COMMAND: POST /session/ff79729d60fa91ba10494f01ecf0f173/element - {"using":"xpath","value":"//button[@data-kt=\"addNewRUOverflowToolbarButton\"]"}
RESULT: {"using":"xpath","value":"//button[@data-kt=\"addNewRUOverflowToolbarButton\"]"}
COMMAND: POST /session/ff79729d60fa91ba10494f01ecf0f173/element - {"using":"xpath","value":"//button[@data-kt=\"addNewRUOverflowToolbarButton\"]"}
RESULT: {"using":"xpath","value":"//button[@data-kt=\"addNewRUOverflowToolbarButton\"]"}
COMMAND: POST /session/ff79729d60fa91ba10494f01ecf0f173/element - {"using":"xpath","value":"//button[@data-kt=\"addNewRUOverflowToolbarButton\"]"}
RESULT: {"using":"xpath","value":"//button[@data-kt=\"addNewRUOverflowToolbarButton\"]"}
COMMAND: POST /session/ff79729d60fa91ba10494f01ecf0f173/element - {"using":"xpath","value":"//button[@data-kt=\"addNewRUOverflowToolbarButton\"]"}
RESULT: {"using":"xpath","value":"//button[@data-kt=\"addNewRUOverflowToolbarButton\"]"}
COMMAND: POST /session/ff79729d60fa91ba10494f01ecf0f173/element - {"using":"xpath","value":"//button[@data-kt=\"addNewRUOverflowToolbarButton\"]"}
RESULT: {"using":"xpath","value":"//button[@data-kt=\"addNewRUOverflowToolbarButton\"]"}
COMMAND: POST /session/ff79729d60fa91ba10494f01ecf0f173/element - {"using":"xpath","value":"//button[@data-kt=\"addNewRUOverflowToolbarButton\"]"}
RESULT: {"using":"xpath","value":"//button[@data-kt=\"addNewRUOverflowToolbarButton\"]"}
COMMAND: POST /session/ff79729d60fa91ba10494f01ecf0f173/element - {"using":"xpath","value":"//button[@data-kt=\"addNewRUOverflowToolbarButton\"]"}
RESULT: {"using":"xpath","value":"//button[@data-kt=\"addNewRUOverflowToolbarButton\"]"}
COMMAND: POST /session/ff79729d60fa91ba10494f01ecf0f173/element - {"using":"xpath","value":"//button[@data-kt=\"addNewRUOverflowToolbarButton\"]"}
RESULT: {"using":"xpath","value":"//button[@data-kt=\"addNewRUOverflowToolbarButton\"]"}
COMMAND: POST /session/ff79729d60fa91ba10494f01ecf0f173/element - {"using":"xpath","value":"//button[@data-kt=\"addNewRUOverflowToolbarButton\"]"}
RESULT: {"using":"xpath","value":"//button[@data-kt=\"addNewRUOverflowToolbarButton\"]"}
COMMAND: POST /session/ff79729d60fa91ba10494f01ecf0f173/element - {"using":"xpath","value":"//button[@data-kt=\"addNewRUOverflowToolbarButton\"]"}
RESULT: {"using":"xpath","value":"//button[@data-kt=\"addNewRUOverflowToolbarButton\"]"}
COMMAND: POST /session/ff79729d60fa91ba10494f01ecf0f173/element - {"using":"xpath","value":"//button[@data-kt=\"addNewRUOverflowToolbarButton\"]"}
RESULT: {"using":"xpath","value":"//button[@data-kt=\"addNewRUOverflowToolbarButton\"]"}
COMMAND: POST /session/ff79729d60fa91ba10494f01ecf0f173/execute/sync - {"script":"<script> [8489 bytes]","args":[{"element-6066-11e4-a52e-4f735466cecf":"f.3F2E73C7F7D99E5CA8A322D6E93FAB42.d.B144B29B669F42482E1FC9E3200BF261.e.2753","ELEMENT":"f.3F2E73C7F7D99E5CA8A322D6E93FAB42.d.B144B29B669F42482E1FC9E3200BF261.e.2753"}]}
RESULT: {"script":"<script> [8489 bytes]","args":[{"element-6066-11e4-a52e-4f735466cecf":"f.3F2E73C7F7D99E5CA8A322D6E93FAB42.d.B144B29B669F42482E1FC9E3200BF261.e.2753","ELEMENT":"f.3F2E73C7F7D99E5CA8A322D6E93FAB42.d.B144B29B669F42482E1FC9E3200BF261.e.2753"}]}
COMMAND: POST /session/ff79729d60fa91ba10494f01ecf0f173/element/f.3F2E73C7F7D99E5CA8A322D6E93FAB42.d.B144B29B669F42482E1FC9E3200BF261.e.2753/click - {}
COMMAND: GET /session/ff79729d60fa91ba10494f01ecf0f173/screenshot - {}
RESULT: {}
COMMAND: POST /session/ff79729d60fa91ba10494f01ecf0f173/execute/async - {"script":"<script> [1562 bytes]","args":[{"selector":{"id":"application-manageresources-display-component---newResourceUnit--TYPE-arrow"},"wdio_ui5_key":"applicationmanageresources-display-component---newResourceUnit--TYPE-arrow"}]}
COMMAND: GET /session/ff79729d60fa91ba10494f01ecf0f173/screenshot - {}
RESULT: {}
RESULT: {"script":"<script> [1562 bytes]","args":[{"selector":{"id":"application-manageresources-display-component---newResourceUnit--TYPE-arrow"},"wdio_ui5_key":"applicationmanageresources-display-component---newResourceUnit--TYPE-arrow"}]}
RESULT: undefined
COMMAND: POST /session/ff79729d60fa91ba10494f01ecf0f173/element - {"using":"xpath","value":"//*[@id=\"application-manageresources-display-component---newResourceUnit--TYPE-arrow\"]"}
RESULT: {}
RESULT: {"using":"xpath","value":"//*[@id=\"application-manageresources-display-component---newResourceUnit--TYPE-arrow\"]"}
COMMAND: POST /session/ff79729d60fa91ba10494f01ecf0f173/element/f.3F2E73C7F7D99E5CA8A322D6E93FAB42.d.B144B29B669F42482E1FC9E3200BF261.e.3148/click - {}
RESULT: {}
COMMAND: POST /session/ff79729d60fa91ba10494f01ecf0f173/execute/async - {"script":"<script> [1562 bytes]","args":[{"selector":{"controlType":"sap.m.StandardListItem","viewName":"reusables.view.manageresources.NewResourceUnit","viewId":"application-manageresources-display-component---newResourceUnit","properties":{"title":"Material"},"searchOpenDialogs":true,"interaction":{"idSuffix":"titleText"}},"wdio_ui5_key":"reusablesview.manageresources.NewResourceUnitsap.m.StandardListItem{\"title\":\"Material\"}"}]}
COMMAND: GET /session/ff79729d60fa91ba10494f01ecf0f173/screenshot - {}
RESULT: {"script":"<script> [1562 bytes]","args":[{"selector":{"controlType":"sap.m.StandardListItem","viewName":"reusables.view.manageresources.NewResourceUnit","viewId":"application-manageresources-display-component---newResourceUnit","properties":{"title":"Material"},"searchOpenDialogs":true,"interaction":{"idSuffix":"titleText"}},"wdio_ui5_key":"reusablesview.manageresources.NewResourceUnitsap.m.StandardListItem{\"title\":\"Material\"}"}]}
RESULT: undefined
COMMAND: POST /session/ff79729d60fa91ba10494f01ecf0f173/element - {"using":"xpath","value":"//*[@id=\"__item1051\"]"}
RESULT: {}
RESULT: {"using":"xpath","value":"//*[@id=\"__item1051\"]"}
COMMAND: POST /session/ff79729d60fa91ba10494f01ecf0f173/element/f.3F2E73C7F7D99E5CA8A322D6E93FAB42.d.B144B29B669F42482E1FC9E3200BF261.e.3151/click - {}
RESULT: {}
COMMAND: POST /session/ff79729d60fa91ba10494f01ecf0f173/execute/async - {"script":"<script> [1562 bytes]","args":[{"selector":{"id":"application-manageresources-display-component---newResourceUnit--SHORT_TEXT","interaction":{"idSuffix":"inner"}},"wdio_ui5_key":"applicationmanageresources-display-component---newResourceUnit--SHORT_TEXT"}]}
COMMAND: GET /session/ff79729d60fa91ba10494f01ecf0f173/screenshot - {}
RESULT: {"script":"<script> [1562 bytes]","args":[{"selector":{"id":"application-manageresources-display-component---newResourceUnit--SHORT_TEXT","interaction":{"idSuffix":"inner"}},"wdio_ui5_key":"applicationmanageresources-display-component---newResourceUnit--SHORT_TEXT"}]}
RESULT: undefined
COMMAND: POST /session/ff79729d60fa91ba10494f01ecf0f173/execute/async - {"script":"<script> [776 bytes]","args":[{"enterText":"WebdriverRUR2Csrai1","selector":{"id":"application-manageresources-display-component---newResourceUnit--SHORT_TEXT","interaction":{"idSuffix":"inner"}},"clearTextFirst":true,"interactionType":"ENTER_TEXT"}]}
RESULT: {}
RESULT: {"script":"<script> [776 bytes]","args":[{"enterText":"WebdriverRUR2Csrai1","selector":{"id":"application-manageresources-display-component---newResourceUnit--SHORT_TEXT","interaction":{"idSuffix":"inner"}},"clearTextFirst":true,"interactionType":"ENTER_TEXT"}]}
COMMAND: POST /session/ff79729d60fa91ba10494f01ecf0f173/execute/async - {"script":"<script> [1562 bytes]","args":[{"selector":{"id":"application-manageresources-display-component---newResourceUnit--BASE_UNIT_OF_MEASURE-arrow"},"wdio_ui5_key":"applicationmanageresources-display-component---newResourceUnit--BASE_UNIT_OF_MEASURE-arrow"}]}
RESULT: {"script":"<script> [1562 bytes]","args":[{"selector":{"id":"application-manageresources-display-component---newResourceUnit--BASE_UNIT_OF_MEASURE-arrow"},"wdio_ui5_key":"applicationmanageresources-display-component---newResourceUnit--BASE_UNIT_OF_MEASURE-arrow"}]}
RESULT: undefined
COMMAND: POST /session/ff79729d60fa91ba10494f01ecf0f173/element - {"using":"xpath","value":"//*[@id=\"application-manageresources-display-component---newResourceUnit--BASE_UNIT_OF_MEASURE-arrow\"]"}
RESULT: {"using":"xpath","value":"//*[@id=\"application-manageresources-display-component---newResourceUnit--BASE_UNIT_OF_MEASURE-arrow\"]"}
COMMAND: POST /session/ff79729d60fa91ba10494f01ecf0f173/element/f.3F2E73C7F7D99E5CA8A322D6E93FAB42.d.B144B29B669F42482E1FC9E3200BF261.e.3198/click - {}
RESULT: {}
COMMAND: POST /session/ff79729d60fa91ba10494f01ecf0f173/execute/async - {"script":"<script> [1562 bytes]","args":[{"selector":{"controlType":"sap.m.StandardListItem","viewName":"reusables.view.manageresources.NewResourceUnit","viewId":"application-manageresources-display-component---newResourceUnit","properties":{"title":"Piece"},"searchOpenDialogs":true,"interaction":{"idSuffix":"titleText"}},"wdio_ui5_key":"reusablesview.manageresources.NewResourceUnitsap.m.StandardListItem{\"title\":\"Piece\"}"}]}
COMMAND: GET /session/ff79729d60fa91ba10494f01ecf0f173/screenshot - {}
RESULT: {"script":"<script> [1562 bytes]","args":[{"selector":{"controlType":"sap.m.StandardListItem","viewName":"reusables.view.manageresources.NewResourceUnit","viewId":"application-manageresources-display-component---newResourceUnit","properties":{"title":"Piece"},"searchOpenDialogs":true,"interaction":{"idSuffix":"titleText"}},"wdio_ui5_key":"reusablesview.manageresources.NewResourceUnitsap.m.StandardListItem{\"title\":\"Piece\"}"}]}
RESULT: undefined
COMMAND: POST /session/ff79729d60fa91ba10494f01ecf0f173/element - {"using":"xpath","value":"//*[@id=\"__item1095\"]"}
RESULT: {}
RESULT: {"using":"xpath","value":"//*[@id=\"__item1095\"]"}
COMMAND: POST /session/ff79729d60fa91ba10494f01ecf0f173/element/f.3F2E73C7F7D99E5CA8A322D6E93FAB42.d.B144B29B669F42482E1FC9E3200BF261.e.3200/click - {}
RESULT: {}
COMMAND: POST /session/ff79729d60fa91ba10494f01ecf0f173/element - {"using":"xpath","value":"//input[contains(@id ,\"application-manageresources-display-component---newResourceUnit--SHORT_TEXT-inner\")]"}
COMMAND: GET /session/ff79729d60fa91ba10494f01ecf0f173/screenshot - {}
RESULT: {"using":"xpath","value":"//input[contains(@id ,\"application-manageresources-display-component---newResourceUnit--SHORT_TEXT-inner\")]"}
COMMAND: GET /session/ff79729d60fa91ba10494f01ecf0f173/element/f.3F2E73C7F7D99E5CA8A322D6E93FAB42.d.B144B29B669F42482E1FC9E3200BF261.e.3159/property/value - {}
RESULT: {}
RESULT: {}
COMMAND: POST /session/ff79729d60fa91ba10494f01ecf0f173/execute/async - {"script":"<script> [1562 bytes]","args":[{"selector":{"id":"application-manageresources-display-component---newResourceUnit--WEIGHT_UNIT-arrow"},"wdio_ui5_key":"applicationmanageresources-display-component---newResourceUnit--WEIGHT_UNIT-arrow"}]}
COMMAND: GET /session/ff79729d60fa91ba10494f01ecf0f173/screenshot - {}
RESULT: {"script":"<script> [1562 bytes]","args":[{"selector":{"id":"application-manageresources-display-component---newResourceUnit--WEIGHT_UNIT-arrow"},"wdio_ui5_key":"applicationmanageresources-display-component---newResourceUnit--WEIGHT_UNIT-arrow"}]}
RESULT: undefined
COMMAND: POST /session/ff79729d60fa91ba10494f01ecf0f173/element - {"using":"xpath","value":"//*[@id=\"application-manageresources-display-component---newResourceUnit--WEIGHT_UNIT-arrow\"]"}
RESULT: {}
RESULT: {"using":"xpath","value":"//*[@id=\"application-manageresources-display-component---newResourceUnit--WEIGHT_UNIT-arrow\"]"}
COMMAND: POST /session/ff79729d60fa91ba10494f01ecf0f173/element/f.3F2E73C7F7D99E5CA8A322D6E93FAB42.d.B144B29B669F42482E1FC9E3200BF261.e.3201/click - {}
RESULT: {}
COMMAND: POST /session/ff79729d60fa91ba10494f01ecf0f173/execute/async - {"script":"<script> [1562 bytes]","args":[{"selector":{"controlType":"sap.m.StandardListItem","viewName":"reusables.view.manageresources.NewResourceUnit","viewId":"application-manageresources-display-component---newResourceUnit","properties":{"title":"Gram"},"searchOpenDialogs":true,"interaction":{"idSuffix":"content"}},"wdio_ui5_key":"reusablesview.manageresources.NewResourceUnitsap.m.StandardListItem{\"title\":\"Gram\"}"}]}
COMMAND: GET /session/ff79729d60fa91ba10494f01ecf0f173/screenshot - {}
RESULT: {"script":"<script> [1562 bytes]","args":[{"selector":{"controlType":"sap.m.StandardListItem","viewName":"reusables.view.manageresources.NewResourceUnit","viewId":"application-manageresources-display-component---newResourceUnit","properties":{"title":"Gram"},"searchOpenDialogs":true,"interaction":{"idSuffix":"content"}},"wdio_ui5_key":"reusablesview.manageresources.NewResourceUnitsap.m.StandardListItem{\"title\":\"Gram\"}"}]}
RESULT: undefined
COMMAND: POST /session/ff79729d60fa91ba10494f01ecf0f173/element - {"using":"xpath","value":"//*[@id=\"__item1160\"]"}
RESULT: {}
RESULT: {"using":"xpath","value":"//*[@id=\"__item1160\"]"}
COMMAND: POST /session/ff79729d60fa91ba10494f01ecf0f173/element/f.3F2E73C7F7D99E5CA8A322D6E93FAB42.d.B144B29B669F42482E1FC9E3200BF261.e.3203/click - {}
RESULT: {}
COMMAND: POST /session/ff79729d60fa91ba10494f01ecf0f173/execute/async - {"script":"<script> [1562 bytes]","args":[{"selector":{"id":"application-manageresources-display-component---newResourceUnit--newRRUPage-OPHeaderContent-collapseBtn-img"},"wdio_ui5_key":"applicationmanageresources-display-component---newResourceUnit--newRRUPage-OPHeaderContent-collapseBtn-img"}]}
COMMAND: GET /session/ff79729d60fa91ba10494f01ecf0f173/screenshot - {}
RESULT: {"script":"<script> [1562 bytes]","args":[{"selector":{"id":"application-manageresources-display-component---newResourceUnit--newRRUPage-OPHeaderContent-collapseBtn-img"},"wdio_ui5_key":"applicationmanageresources-display-component---newResourceUnit--newRRUPage-OPHeaderContent-collapseBtn-img"}]}
RESULT: undefined
COMMAND: POST /session/ff79729d60fa91ba10494f01ecf0f173/element - {"using":"xpath","value":"//*[@id=\"application-manageresources-display-component---newResourceUnit--newRRUPage-OPHeaderContent-collapseBtn-img\"]"}
RESULT: {}
RESULT: {"using":"xpath","value":"//*[@id=\"application-manageresources-display-component---newResourceUnit--newRRUPage-OPHeaderContent-collapseBtn-img\"]"}
COMMAND: POST /session/ff79729d60fa91ba10494f01ecf0f173/element/f.3F2E73C7F7D99E5CA8A322D6E93FAB42.d.B144B29B669F42482E1FC9E3200BF261.e.3139/click - {}
RESULT: {}
COMMAND: GET /session/ff79729d60fa91ba10494f01ecf0f173/screenshot - {}
RESULT: {}
COMMAND: POST /session/ff79729d60fa91ba10494f01ecf0f173/element - {"using":"xpath","value":"(//span[contains(@id ,\"application-manageresources-display-component---newResourceUnit--DIMENSION_UNIT-arrow\")])[1]"}
RESULT: {"using":"xpath","value":"(//span[contains(@id ,\"application-manageresources-display-component---newResourceUnit--DIMENSION_UNIT-arrow\")])[1]"}
COMMAND: POST /session/ff79729d60fa91ba10494f01ecf0f173/element/f.3F2E73C7F7D99E5CA8A322D6E93FAB42.d.B144B29B669F42482E1FC9E3200BF261.e.3207/click - {}
RESULT: {}
COMMAND: GET /session/ff79729d60fa91ba10494f01ecf0f173/screenshot - {}
RESULT: {}
COMMAND: POST /session/ff79729d60fa91ba10494f01ecf0f173/execute/async - {"script":"<script> [1562 bytes]","args":[{"selector":{"controlType":"sap.m.StandardListItem","viewName":"reusables.view.manageresources.NewResourceUnit","viewId":"application-manageresources-display-component---newResourceUnit","properties":{"title":"Centimeter"},"searchOpenDialogs":true,"interaction":{"idSuffix":"titleText"}},"wdio_ui5_key":"reusablesview.manageresources.NewResourceUnitsap.m.StandardListItem{\"title\":\"Centimeter\"}"}]}
RESULT: {"script":"<script> [1562 bytes]","args":[{"selector":{"controlType":"sap.m.StandardListItem","viewName":"reusables.view.manageresources.NewResourceUnit","viewId":"application-manageresources-display-component---newResourceUnit","properties":{"title":"Centimeter"},"searchOpenDialogs":true,"interaction":{"idSuffix":"titleText"}},"wdio_ui5_key":"reusablesview.manageresources.NewResourceUnitsap.m.StandardListItem{\"title\":\"Centimeter\"}"}]}
RESULT: undefined
COMMAND: POST /session/ff79729d60fa91ba10494f01ecf0f173/element - {"using":"xpath","value":"//*[@id=\"__item1163\"]"}
RESULT: {"using":"xpath","value":"//*[@id=\"__item1163\"]"}
COMMAND: POST /session/ff79729d60fa91ba10494f01ecf0f173/element/f.3F2E73C7F7D99E5CA8A322D6E93FAB42.d.B144B29B669F42482E1FC9E3200BF261.e.3211/click - {}
RESULT: {}
COMMAND: POST /session/ff79729d60fa91ba10494f01ecf0f173/execute/async - {"script":"<script> [1562 bytes]","args":[{"selector":{"id":"application-manageresources-display-component---newResourceUnit--newRRUPage-anchBar-application-manageresources-display-component---newResourceUnit--reference-anchor","interaction":{"idSuffix":"BDI-content"}},"wdio_ui5_key":"applicationmanageresources-display-component---newResourceUnit--newRRUPage-anchBar-application-manageresources-display-component---newResourceUnit--reference-anchor"}]}
COMMAND: GET /session/ff79729d60fa91ba10494f01ecf0f173/screenshot - {}
RESULT: {"script":"<script> [1562 bytes]","args":[{"selector":{"id":"application-manageresources-display-component---newResourceUnit--newRRUPage-anchBar-application-manageresources-display-component---newResourceUnit--reference-anchor","interaction":{"idSuffix":"BDI-content"}},"wdio_ui5_key":"applicationmanageresources-display-component---newResourceUnit--newRRUPage-anchBar-application-manageresources-display-component---newResourceUnit--reference-anchor"}]}
RESULT: undefined
COMMAND: POST /session/ff79729d60fa91ba10494f01ecf0f173/element - {"using":"xpath","value":"//*[@id=\"application-manageresources-display-component---newResourceUnit--newRRUPage-anchBar-application-manageresources-display-component---newResourceUnit--reference-anchor\"]"}
RESULT: {}
RESULT: {"using":"xpath","value":"//*[@id=\"application-manageresources-display-component---newResourceUnit--newRRUPage-anchBar-application-manageresources-display-component---newResourceUnit--reference-anchor\"]"}
COMMAND: POST /session/ff79729d60fa91ba10494f01ecf0f173/element/f.3F2E73C7F7D99E5CA8A322D6E93FAB42.d.B144B29B669F42482E1FC9E3200BF261.e.3213/click - {}
RESULT: {}
COMMAND: POST /session/ff79729d60fa91ba10494f01ecf0f173/execute/async - {"script":"<script> [1562 bytes]","args":[{"selector":{"id":"application-manageresources-display-component---newResourceUnit--PLANNING_GROUP-arrow"},"wdio_ui5_key":"applicationmanageresources-display-component---newResourceUnit--PLANNING_GROUP-arrow"}]}
COMMAND: GET /session/ff79729d60fa91ba10494f01ecf0f173/screenshot - {}
RESULT: {"script":"<script> [1562 bytes]","args":[{"selector":{"id":"application-manageresources-display-component---newResourceUnit--PLANNING_GROUP-arrow"},"wdio_ui5_key":"applicationmanageresources-display-component---newResourceUnit--PLANNING_GROUP-arrow"}]}
RESULT: undefined
COMMAND: POST /session/ff79729d60fa91ba10494f01ecf0f173/element - {"using":"xpath","value":"//*[@id=\"application-manageresources-display-component---newResourceUnit--PLANNING_GROUP-arrow\"]"}
RESULT: {}
RESULT: {"using":"xpath","value":"//*[@id=\"application-manageresources-display-component---newResourceUnit--PLANNING_GROUP-arrow\"]"}
COMMAND: POST /session/ff79729d60fa91ba10494f01ecf0f173/element/f.3F2E73C7F7D99E5CA8A322D6E93FAB42.d.B144B29B669F42482E1FC9E3200BF261.e.3217/click - {}
RESULT: {}
COMMAND: POST /session/ff79729d60fa91ba10494f01ecf0f173/execute/async - {"script":"<script> [1562 bytes]","args":[{"selector":{"controlType":"sap.m.StandardListItem","viewName":"reusables.view.manageresources.NewResourceUnit","viewId":"application-manageresources-display-component---newResourceUnit","properties":{"title":"Heavy Equi"},"searchOpenDialogs":true,"interaction":{"idSuffix":"content"}},"wdio_ui5_key":"reusablesview.manageresources.NewResourceUnitsap.m.StandardListItem{\"title\":\"Heavy Equi\"}"}]}
COMMAND: GET /session/ff79729d60fa91ba10494f01ecf0f173/screenshot - {}
RESULT: {"script":"<script> [1562 bytes]","args":[{"selector":{"controlType":"sap.m.StandardListItem","viewName":"reusables.view.manageresources.NewResourceUnit","viewId":"application-manageresources-display-component---newResourceUnit","properties":{"title":"Heavy Equi"},"searchOpenDialogs":true,"interaction":{"idSuffix":"content"}},"wdio_ui5_key":"reusablesview.manageresources.NewResourceUnitsap.m.StandardListItem{\"title\":\"Heavy Equi\"}"}]}
RESULT: undefined
COMMAND: POST /session/ff79729d60fa91ba10494f01ecf0f173/element - {"using":"xpath","value":"//*[@id=\"__item1171\"]"}
RESULT: {}
RESULT: {"using":"xpath","value":"//*[@id=\"__item1171\"]"}
COMMAND: POST /session/ff79729d60fa91ba10494f01ecf0f173/element/f.3F2E73C7F7D99E5CA8A322D6E93FAB42.d.B144B29B669F42482E1FC9E3200BF261.e.3219/click - {}
RESULT: {}
COMMAND: GET /session/ff79729d60fa91ba10494f01ecf0f173/screenshot - {}
RESULT: {}
COMMAND: POST /session/ff79729d60fa91ba10494f01ecf0f173/execute/async - {"script":"<script> [1562 bytes]","args":[{"selector":{"id":"application-manageresources-display-component---newResourceUnit--PLANNING_INDICATOR-arrow"},"wdio_ui5_key":"applicationmanageresources-display-component---newResourceUnit--PLANNING_INDICATOR-arrow"}]}
RESULT: {"script":"<script> [1562 bytes]","args":[{"selector":{"id":"application-manageresources-display-component---newResourceUnit--PLANNING_INDICATOR-arrow"},"wdio_ui5_key":"applicationmanageresources-display-component---newResourceUnit--PLANNING_INDICATOR-arrow"}]}
RESULT: undefined
COMMAND: POST /session/ff79729d60fa91ba10494f01ecf0f173/element - {"using":"xpath","value":"//*[@id=\"application-manageresources-display-component---newResourceUnit--PLANNING_INDICATOR-arrow\"]"}
RESULT: {"using":"xpath","value":"//*[@id=\"application-manageresources-display-component---newResourceUnit--PLANNING_INDICATOR-arrow\"]"}
COMMAND: POST /session/ff79729d60fa91ba10494f01ecf0f173/element/f.3F2E73C7F7D99E5CA8A322D6E93FAB42.d.B144B29B669F42482E1FC9E3200BF261.e.3220/click - {}
RESULT: {}
COMMAND: POST /session/ff79729d60fa91ba10494f01ecf0f173/execute/async - {"script":"<script> [1562 bytes]","args":[{"selector":{"controlType":"sap.m.StandardListItem","viewName":"reusables.view.manageresources.NewResourceUnit","viewId":"application-manageresources-display-component---newResourceUnit","properties":{"title":"10 - infinite"},"searchOpenDialogs":true,"interaction":{"idSuffix":"content"}},"wdio_ui5_key":"reusablesview.manageresources.NewResourceUnitsap.m.StandardListItem{\"title\":\"10 - infinite\"}"}]}
COMMAND: GET /session/ff79729d60fa91ba10494f01ecf0f173/screenshot - {}
RESULT: {"script":"<script> [1562 bytes]","args":[{"selector":{"controlType":"sap.m.StandardListItem","viewName":"reusables.view.manageresources.NewResourceUnit","viewId":"application-manageresources-display-component---newResourceUnit","properties":{"title":"10 - infinite"},"searchOpenDialogs":true,"interaction":{"idSuffix":"content"}},"wdio_ui5_key":"reusablesview.manageresources.NewResourceUnitsap.m.StandardListItem{\"title\":\"10 - infinite\"}"}]}
RESULT: undefined
COMMAND: POST /session/ff79729d60fa91ba10494f01ecf0f173/element - {"using":"xpath","value":"//*[@id=\"__item1181\"]"}
RESULT: {}
RESULT: {"using":"xpath","value":"//*[@id=\"__item1181\"]"}
COMMAND: POST /session/ff79729d60fa91ba10494f01ecf0f173/element/f.3F2E73C7F7D99E5CA8A322D6E93FAB42.d.B144B29B669F42482E1FC9E3200BF261.e.3222/click - {}
RESULT: {}
COMMAND: GET /session/ff79729d60fa91ba10494f01ecf0f173/screenshot - {}
RESULT: {}
COMMAND: POST /session/ff79729d60fa91ba10494f01ecf0f173/element - {"using":"xpath","value":"//bdi[contains(text(), \"Time Segment\")]"}
RESULT: {"using":"xpath","value":"//bdi[contains(text(), \"Time Segment\")]"}
COMMAND: GET /session/ff79729d60fa91ba10494f01ecf0f173/element/f.3F2E73C7F7D99E5CA8A322D6E93FAB42.d.B144B29B669F42482E1FC9E3200BF261.e.3223/rect - {}
RESULT: {}
COMMAND: GET /session/ff79729d60fa91ba10494f01ecf0f173/window/rect - {}
RESULT: {}
COMMAND: POST /session/ff79729d60fa91ba10494f01ecf0f173/execute/sync - {"script":"<script> [92 bytes]","args":[]}
RESULT: {"script":"<script> [92 bytes]","args":[]}
COMMAND: POST /session/ff79729d60fa91ba10494f01ecf0f173/actions - {"actions":[{"id":"action5","type":"wheel","parameters":{},"actions":[{"type":"scroll","x":-1820,"y":-21,"deltaX":0,"deltaY":0,"duration":0,"origin":{"element-6066-11e4-a52e-4f735466cecf":"f.3F2E73C7F7D99E5CA8A322D6E93FAB42.d.B144B29B669F42482E1FC9E3200BF261.e.3223"}}]}]}
COMMAND: GET /session/ff79729d60fa91ba10494f01ecf0f173/screenshot - {}
RESULT: {}
COMMAND: POST /session/ff79729d60fa91ba10494f01ecf0f173/execute/sync - {"script":"<script> [79 bytes]","args":[{"element-6066-11e4-a52e-4f735466cecf":"f.3F2E73C7F7D99E5CA8A322D6E93FAB42.d.B144B29B669F42482E1FC9E3200BF261.e.3223","ELEMENT":"f.3F2E73C7F7D99E5CA8A322D6E93FAB42.d.B144B29B669F42482E1FC9E3200BF261.e.3223"},{"block":"start","inline":"nearest"}]}
RESULT: {"script":"<script> [79 bytes]","args":[{"element-6066-11e4-a52e-4f735466cecf":"f.3F2E73C7F7D99E5CA8A322D6E93FAB42.d.B144B29B669F42482E1FC9E3200BF261.e.3223","ELEMENT":"f.3F2E73C7F7D99E5CA8A322D6E93FAB42.d.B144B29B669F42482E1FC9E3200BF261.e.3223"},{"block":"start","inline":"nearest"}]}
COMMAND: GET /session/ff79729d60fa91ba10494f01ecf0f173/screenshot - {}
RESULT: {}
COMMAND: POST /session/ff79729d60fa91ba10494f01ecf0f173/element - {"using":"xpath","value":"//span[@id=\"application-manageresources-display-component---newResourceUnit--btnAddTimeSegment-img\"]"}
RESULT: {"using":"xpath","value":"//span[@id=\"application-manageresources-display-component---newResourceUnit--btnAddTimeSegment-img\"]"}
COMMAND: POST /session/ff79729d60fa91ba10494f01ecf0f173/execute/sync - {"script":"<script> [8489 bytes]","args":[{"element-6066-11e4-a52e-4f735466cecf":"f.3F2E73C7F7D99E5CA8A322D6E93FAB42.d.B144B29B669F42482E1FC9E3200BF261.e.3226","ELEMENT":"f.3F2E73C7F7D99E5CA8A322D6E93FAB42.d.B144B29B669F42482E1FC9E3200BF261.e.3226"}]}
RESULT: {"script":"<script> [8489 bytes]","args":[{"element-6066-11e4-a52e-4f735466cecf":"f.3F2E73C7F7D99E5CA8A322D6E93FAB42.d.B144B29B669F42482E1FC9E3200BF261.e.3226","ELEMENT":"f.3F2E73C7F7D99E5CA8A322D6E93FAB42.d.B144B29B669F42482E1FC9E3200BF261.e.3226"}]}
COMMAND: POST /session/ff79729d60fa91ba10494f01ecf0f173/element/f.3F2E73C7F7D99E5CA8A322D6E93FAB42.d.B144B29B669F42482E1FC9E3200BF261.e.3226/click - {}
COMMAND: GET /session/ff79729d60fa91ba10494f01ecf0f173/screenshot - {}
RESULT: {}
COMMAND: GET /session/ff79729d60fa91ba10494f01ecf0f173/screenshot - {}
COMMAND: POST /session/ff79729d60fa91ba10494f01ecf0f173/element - {"using":"xpath","value":"//input[@id=\"application-manageresources-display-component---newResourceUnit--idRuTSAdmin-application-manageresources-display-component---newResourceUnit--RUTimeSegment-0-inner\"]"}
RESULT: {}
RESULT: {}
RESULT: {"using":"xpath","value":"//input[@id=\"application-manageresources-display-component---newResourceUnit--idRuTSAdmin-application-manageresources-display-component---newResourceUnit--RUTimeSegment-0-inner\"]"}
COMMAND: POST /session/ff79729d60fa91ba10494f01ecf0f173/element/f.3F2E73C7F7D99E5CA8A322D6E93FAB42.d.B144B29B669F42482E1FC9E3200BF261.e.3229/clear - {}
RESULT: {}
COMMAND: POST /session/ff79729d60fa91ba10494f01ecf0f173/element/f.3F2E73C7F7D99E5CA8A322D6E93FAB42.d.B144B29B669F42482E1FC9E3200BF261.e.3229/value - {"text":"WebdriverYardoppvc"}
COMMAND: GET /session/ff79729d60fa91ba10494f01ecf0f173/screenshot - {}
RESULT: {"text":"WebdriverYardoppvc"}
COMMAND: GET /session/ff79729d60fa91ba10494f01ecf0f173/screenshot - {}
RESULT: {}
RESULT: {}
COMMAND: POST /session/ff79729d60fa91ba10494f01ecf0f173/actions - {"actions":[{"id":"action6","type":"key","parameters":{},"actions":[{"type":"keyDown","value":"î€‡"},{"type":"pause","duration":10},{"type":"keyUp","value":"î€‡"}]}]}
RESULT: {"actions":[{"id":"action6","type":"key","parameters":{},"actions":[{"type":"keyDown","value":"î€‡"},{"type":"pause","duration":10},{"type":"keyUp","value":"î€‡"}]}]}
COMMAND: GET /session/ff79729d60fa91ba10494f01ecf0f173/screenshot - {}
RESULT: {}
COMMAND: POST /session/ff79729d60fa91ba10494f01ecf0f173/execute/async - {"script":"<script> [1562 bytes]","args":[{"selector":{"controlType":"sap.m.Button","viewName":"reusables.view.manageresources.NewResourceUnit","viewId":"application-manageresources-display-component---newResourceUnit","i18NText":{"propertyName":"tooltip","key":"save"},"interaction":{"idSuffix":"BDI-content"}},"wdio_ui5_key":"reusablesview.manageresources.NewResourceUnitsap.m.Button{\"propertyName\":\"tooltip\",\"key\":\"save\"}"}]}
RESULT: {"script":"<script> [1562 bytes]","args":[{"selector":{"controlType":"sap.m.Button","viewName":"reusables.view.manageresources.NewResourceUnit","viewId":"application-manageresources-display-component---newResourceUnit","i18NText":{"propertyName":"tooltip","key":"save"},"interaction":{"idSuffix":"BDI-content"}},"wdio_ui5_key":"reusablesview.manageresources.NewResourceUnitsap.m.Button{\"propertyName\":\"tooltip\",\"key\":\"save\"}"}]}
RESULT: undefined
COMMAND: POST /session/ff79729d60fa91ba10494f01ecf0f173/element - {"using":"xpath","value":"//*[@id=\"application-manageresources-display-component---newResourceUnit--createRuButton\"]"}
RESULT: {"using":"xpath","value":"//*[@id=\"application-manageresources-display-component---newResourceUnit--createRuButton\"]"}
COMMAND: POST /session/ff79729d60fa91ba10494f01ecf0f173/element/f.3F2E73C7F7D99E5CA8A322D6E93FAB42.d.B144B29B669F42482E1FC9E3200BF261.e.3155/click - {}
RESULT: {}
COMMAND: GET /session/ff79729d60fa91ba10494f01ecf0f173/screenshot - {}
RESULT: {}
COMMAND: POST /session/ff79729d60fa91ba10494f01ecf0f173/execute/async - {"script":"<script> [1562 bytes]","args":[{"selector":{"controlType":"sap.m.Title","properties":{"text":"Success"},"searchOpenDialogs":true},"wdio_ui5_key":"sapm.Title{\"text\":\"Success\"}"}]}
RESULT: {"script":"<script> [1562 bytes]","args":[{"selector":{"controlType":"sap.m.Title","properties":{"text":"Success"},"searchOpenDialogs":true},"wdio_ui5_key":"sapm.Title{\"text\":\"Success\"}"}]}
RESULT: undefined
COMMAND: POST /session/ff79729d60fa91ba10494f01ecf0f173/execute/async - {"script":"<script> [6424 bytes]","args":[{"element-6066-11e4-a52e-4f735466cecf":"f.3F2E73C7F7D99E5CA8A322D6E93FAB42.d.B144B29B669F42482E1FC9E3200BF261.e.3243"},"getText",[]]}
RESULT: {"script":"<script> [6424 bytes]","args":[{"element-6066-11e4-a52e-4f735466cecf":"f.3F2E73C7F7D99E5CA8A322D6E93FAB42.d.B144B29B669F42482E1FC9E3200BF261.e.3243"},"getText",[]]}
COMMAND: POST /session/ff79729d60fa91ba10494f01ecf0f173/element - {"using":"xpath","value":"//*[contains(@id, '__text') and (contains(text(), 'successfully created') or contains(., 'successfully created'))]"}
RESULT: {"using":"xpath","value":"//*[contains(@id, '__text') and (contains(text(), 'successfully created') or contains(., 'successfully created'))]"}
COMMAND: GET /session/ff79729d60fa91ba10494f01ecf0f173/element/f.3F2E73C7F7D99E5CA8A322D6E93FAB42.d.B144B29B669F42482E1FC9E3200BF261.e.3242/text - {}
RESULT: {}
COMMAND: POST /session/ff79729d60fa91ba10494f01ecf0f173/execute/async - {"script":"<script> [1562 bytes]","args":[{"selector":{"controlType":"sap.m.Button","properties":{"text":"Close"},"searchOpenDialogs":true,"interaction":{"idSuffix":"BDI-content"}},"wdio_ui5_key":"sapm.Button{\"text\":\"Close\"}"}]}
RESULT: {"script":"<script> [1562 bytes]","args":[{"selector":{"controlType":"sap.m.Button","properties":{"text":"Close"},"searchOpenDialogs":true,"interaction":{"idSuffix":"BDI-content"}},"wdio_ui5_key":"sapm.Button{\"text\":\"Close\"}"}]}
RESULT: undefined
COMMAND: POST /session/ff79729d60fa91ba10494f01ecf0f173/element - {"using":"xpath","value":"//*[@id=\"__mbox-btn-0\"]"}
RESULT: {"using":"xpath","value":"//*[@id=\"__mbox-btn-0\"]"}
COMMAND: POST /session/ff79729d60fa91ba10494f01ecf0f173/element/f.3F2E73C7F7D99E5CA8A322D6E93FAB42.d.B144B29B669F42482E1FC9E3200BF261.e.3240/click - {}
RESULT: {}
COMMAND: GET /session/ff79729d60fa91ba10494f01ecf0f173/screenshot - {}
RESULT: {}
COMMAND: POST /session/ff79729d60fa91ba10494f01ecf0f173/execute/async - {"script":"<script> [1562 bytes]","args":[{"selector":{"controlType":"sap.ui.core.Icon","viewName":"etm.portal.ui.manageresources.view.Detail","viewId":"application-manageresources-display-component---detailRU","properties":{"src":{"regex":{"source":"overflow"}}}},"wdio_ui5_key":"etmportal.ui.manageresources.view.Detailsap.ui.core.Icon{\"src\":{\"regex\":{\"source\":\"overflow\"}}}"}]}
RESULT: {"script":"<script> [1562 bytes]","args":[{"selector":{"controlType":"sap.ui.core.Icon","viewName":"etm.portal.ui.manageresources.view.Detail","viewId":"application-manageresources-display-component---detailRU","properties":{"src":{"regex":{"source":"overflow"}}}},"wdio_ui5_key":"etmportal.ui.manageresources.view.Detailsap.ui.core.Icon{\"src\":{\"regex\":{\"source\":\"overflow\"}}}"}]}
RESULT: undefined
COMMAND: POST /session/ff79729d60fa91ba10494f01ecf0f173/element - {"using":"xpath","value":"//*[@id=\"__title36-_actionsToolbar-overflowButton-img\"]"}
RESULT: {"using":"xpath","value":"//*[@id=\"__title36-_actionsToolbar-overflowButton-img\"]"}
COMMAND: POST /session/ff79729d60fa91ba10494f01ecf0f173/element/f.3F2E73C7F7D99E5CA8A322D6E93FAB42.d.B144B29B669F42482E1FC9E3200BF261.e.3274/click - {}
RESULT: {}
COMMAND: POST /session/ff79729d60fa91ba10494f01ecf0f173/execute/async - {"script":"<script> [1562 bytes]","args":[{"selector":{"controlType":"sap.m.Button","viewName":"etm.portal.ui.manageresources.view.Detail","viewId":"application-manageresources-display-component---detailRU","i18NText":{"propertyName":"tooltip","key":"closeColumn"},"searchOpenDialogs":true,"interaction":{"idSuffix":"inner"}},"wdio_ui5_key":"etmportal.ui.manageresources.view.Detailsap.m.Button{\"propertyName\":\"tooltip\",\"key\":\"closeColumn\"}"}]}
COMMAND: GET /session/ff79729d60fa91ba10494f01ecf0f173/screenshot - {}
RESULT: {"script":"<script> [1562 bytes]","args":[{"selector":{"controlType":"sap.m.Button","viewName":"etm.portal.ui.manageresources.view.Detail","viewId":"application-manageresources-display-component---detailRU","i18NText":{"propertyName":"tooltip","key":"closeColumn"},"searchOpenDialogs":true,"interaction":{"idSuffix":"inner"}},"wdio_ui5_key":"etmportal.ui.manageresources.view.Detailsap.m.Button{\"propertyName\":\"tooltip\",\"key\":\"closeColumn\"}"}]}
RESULT: undefined
COMMAND: POST /session/ff79729d60fa91ba10494f01ecf0f173/element - {"using":"xpath","value":"//*[@id=\"__button147\"]"}
RESULT: {}
RESULT: {"using":"xpath","value":"//*[@id=\"__button147\"]"}
COMMAND: POST /session/ff79729d60fa91ba10494f01ecf0f173/element/f.3F2E73C7F7D99E5CA8A322D6E93FAB42.d.B144B29B669F42482E1FC9E3200BF261.e.3278/click - {}
RESULT: {}
COMMAND: GET /session/ff79729d60fa91ba10494f01ecf0f173/screenshot - {}
RESULT: {}
COMMAND: POST /session/ff79729d60fa91ba10494f01ecf0f173/refresh - {}
RESULT: {}
COMMAND: GET /session/ff79729d60fa91ba10494f01ecf0f173/screenshot - {}
RESULT: {}
COMMAND: POST /session/ff79729d60fa91ba10494f01ecf0f173/execute/async - {"script":"<script> [189 bytes]","args":[]}
RESULT: {"script":"<script> [189 bytes]","args":[]}
COMMAND: POST /session/ff79729d60fa91ba10494f01ecf0f173/execute/async - {"script":"<script> [123 bytes]","args":[]}
RESULT: {"script":"<script> [123 bytes]","args":[]}
COMMAND: POST /session/ff79729d60fa91ba10494f01ecf0f173/timeouts - {"script":"<number>"}
RESULT: {"script":"<number>"}
COMMAND: GET /session/ff79729d60fa91ba10494f01ecf0f173/timeouts - {}
RESULT: {}
RESULT: undefined
COMMAND: POST /session/ff79729d60fa91ba10494f01ecf0f173/execute/async - {"script":"<script> [2676 bytes]","args":[]}
RESULT: {"script":"<script> [2676 bytes]","args":[]}
COMMAND: POST /session/ff79729d60fa91ba10494f01ecf0f173/execute/async - {"script":"<script> [2342 bytes]","args":[{"protocol":"http","hostname":"0.0.0.0","path":"/","capabilities":{"browserName":"chrome","goog:chromeOptions":{"binary":"C:\\Program Files\\Google\\Chrome\\Application\\chrome.exe","args":["--start-maximized"]}},"logLevel":"warn","connectionRetryTimeout":120000,"connectionRetryCount":3,"logLevels":{},"enableDirectConnect":true,"strictSSL":true,"_":"65 more keys: [\"cacheDir\",\"port\",\"requestedCapabilities\",\"automationProtocol\",\"baseUrl\",\"waitforInterval\",\"waitforTimeout\",\"onReload\",\"beforeCommand\",\"afterCommand\",\"rootDir\",\"specs\",\"suites\",\"exclude\",\"groupLogsByTestSpec\",\"excludeDriverLogs\",\"bail\",\"framework\",\"reporters\",\"services\",\"maxInstances\",\"maxInstancesPerCapability\",\"injectGlobals\",\"filesToWatch\",\"execArgv\",\"runnerEnv\",\"runner\",\"shard\",\"specFileRetries\",\"specFileRetriesDelay\",\"specFileRetriesDeferred\",\"reporterSyncInterval\",\"reporterSyncTimeout\",\"cucumberFeaturesWithLineNumbers\",\"autoCompileOpts\",\"mochaOpts\",\"jasmineOpts\",\"cucumberOpts\",\"onPrepare\",\"onWorkerStart\",\"onWorkerEnd\",\"before\",\"beforeSession\",\"beforeSuite\",\"beforeHook\",\"beforeTest\",\"afterTest\",\"afterHook\",\"afterSuite\",\"afterSession\",\"after\",\"onComplete\",\"beforeAssertion\",\"afterAssertion\",\"beforeFeature\",\"beforeScenario\",\"beforeStep\",\"afterStep\",\"afterScenario\",\"afterFeature\",\"_\",\"suite\",\"$0\",\"ignoredWorkerServices\",\"wdi5\"]"}]}
RESULT: {"script":"<script> [2342 bytes]","args":[{"protocol":"http","hostname":"0.0.0.0","path":"/","capabilities":{"browserName":"chrome","goog:chromeOptions":{"binary":"C:\\Program Files\\Google\\Chrome\\Application\\chrome.exe","args":["--start-maximized"]}},"logLevel":"warn","connectionRetryTimeout":120000,"connectionRetryCount":3,"logLevels":{},"enableDirectConnect":true,"strictSSL":true,"_":"65 more keys: [\"cacheDir\",\"port\",\"requestedCapabilities\",\"automationProtocol\",\"baseUrl\",\"waitforInterval\",\"waitforTimeout\",\"onReload\",\"beforeCommand\",\"afterCommand\",\"rootDir\",\"specs\",\"suites\",\"exclude\",\"groupLogsByTestSpec\",\"excludeDriverLogs\",\"bail\",\"framework\",\"reporters\",\"services\",\"maxInstances\",\"maxInstancesPerCapability\",\"injectGlobals\",\"filesToWatch\",\"execArgv\",\"runnerEnv\",\"runner\",\"shard\",\"specFileRetries\",\"specFileRetriesDelay\",\"specFileRetriesDeferred\",\"reporterSyncInterval\",\"reporterSyncTimeout\",\"cucumberFeaturesWithLineNumbers\",\"autoCompileOpts\",\"mochaOpts\",\"jasmineOpts\",\"cucumberOpts\",\"onPrepare\",\"onWorkerStart\",\"onWorkerEnd\",\"before\",\"beforeSession\",\"beforeSuite\",\"beforeHook\",\"beforeTest\",\"afterTest\",\"afterHook\",\"afterSuite\",\"afterSession\",\"after\",\"onComplete\",\"beforeAssertion\",\"afterAssertion\",\"beforeFeature\",\"beforeScenario\",\"beforeStep\",\"afterStep\",\"afterScenario\",\"afterFeature\",\"_\",\"suite\",\"$0\",\"ignoredWorkerServices\",\"wdi5\"]"}]}
COMMAND: POST /session/ff79729d60fa91ba10494f01ecf0f173/execute/async - {"script":"<script> [21126 bytes]","args":[35000]}
RESULT: {"script":"<script> [21126 bytes]","args":[35000]}
COMMAND: POST /session/ff79729d60fa91ba10494f01ecf0f173/element - {"using":"css selector","value":"#shell-header-logo"}
RESULT: {"using":"css selector","value":"#shell-header-logo"}
COMMAND: POST /session/ff79729d60fa91ba10494f01ecf0f173/element/f.3F2E73C7F7D99E5CA8A322D6E93FAB42.d.283F3EDBCC151852D1090E643FD312B6.e.3419/click - {}
RESULT: {}
COMMAND: GET /session/ff79729d60fa91ba10494f01ecf0f173/screenshot - {}
RESULT: {}
]]></system-out>
    </testcase>
    <testcase classname="chrome.135_0_7049_96.windows.Create_masterdata_for_Yard_Overview_-_trigger_provide_US130988" name="It should stock increase the resource" time="69.508">
      <system-out><![CDATA[
COMMAND: POST /session/ff79729d60fa91ba10494f01ecf0f173/execute/async - {"script":"<script> [1562 bytes]","args":[{"selector":{"controlType":"sap.m.Text","viewName":"etm.portal.ui.managehandoverstile.view.Master","properties":{"text":"Manage Handovers"},"interaction":{"idSuffix":"inner"}},"wdio_ui5_key":"etmportal.ui.managehandoverstile.view.Mastersap.m.Text{\"text\":\"Manage Handovers\"}"}]}
RESULT: {"script":"<script> [1562 bytes]","args":[{"selector":{"controlType":"sap.m.Text","viewName":"etm.portal.ui.managehandoverstile.view.Master","properties":{"text":"Manage Handovers"},"interaction":{"idSuffix":"inner"}},"wdio_ui5_key":"etmportal.ui.managehandoverstile.view.Mastersap.m.Text{\"text\":\"Manage Handovers\"}"}]}
RESULT: undefined
COMMAND: POST /session/ff79729d60fa91ba10494f01ecf0f173/element - {"using":"xpath","value":"//*[@id=\"__tile131-title\"]"}
RESULT: {"using":"xpath","value":"//*[@id=\"__tile131-title\"]"}
COMMAND: POST /session/ff79729d60fa91ba10494f01ecf0f173/element/f.3F2E73C7F7D99E5CA8A322D6E93FAB42.d.283F3EDBCC151852D1090E643FD312B6.e.3608/click - {}
RESULT: {}
COMMAND: GET /session/ff79729d60fa91ba10494f01ecf0f173/screenshot - {}
RESULT: {}
COMMAND: POST /session/ff79729d60fa91ba10494f01ecf0f173/element - {"using":"xpath","value":"//button[@data-kt=\"masterHOAddButton\"]"}
RESULT: {"using":"xpath","value":"//button[@data-kt=\"masterHOAddButton\"]"}
COMMAND: POST /session/ff79729d60fa91ba10494f01ecf0f173/execute/sync - {"script":"<script> [8489 bytes]","args":[{"element-6066-11e4-a52e-4f735466cecf":"f.3F2E73C7F7D99E5CA8A322D6E93FAB42.d.283F3EDBCC151852D1090E643FD312B6.e.3650","ELEMENT":"f.3F2E73C7F7D99E5CA8A322D6E93FAB42.d.283F3EDBCC151852D1090E643FD312B6.e.3650"}]}
RESULT: {"script":"<script> [8489 bytes]","args":[{"element-6066-11e4-a52e-4f735466cecf":"f.3F2E73C7F7D99E5CA8A322D6E93FAB42.d.283F3EDBCC151852D1090E643FD312B6.e.3650","ELEMENT":"f.3F2E73C7F7D99E5CA8A322D6E93FAB42.d.283F3EDBCC151852D1090E643FD312B6.e.3650"}]}
COMMAND: POST /session/ff79729d60fa91ba10494f01ecf0f173/element/f.3F2E73C7F7D99E5CA8A322D6E93FAB42.d.283F3EDBCC151852D1090E643FD312B6.e.3650/click - {}
COMMAND: GET /session/ff79729d60fa91ba10494f01ecf0f173/screenshot - {}
RESULT: {}
COMMAND: GET /session/ff79729d60fa91ba10494f01ecf0f173/screenshot - {}
COMMAND: POST /session/ff79729d60fa91ba10494f01ecf0f173/element - {"using":"xpath","value":"//span[contains(@id ,\"AddNewHO--typeSelect-arrow\")]"}
RESULT: {}
RESULT: {}
RESULT: {"using":"xpath","value":"//span[contains(@id ,\"AddNewHO--typeSelect-arrow\")]"}
COMMAND: POST /session/ff79729d60fa91ba10494f01ecf0f173/element/f.3F2E73C7F7D99E5CA8A322D6E93FAB42.d.283F3EDBCC151852D1090E643FD312B6.e.3961/click - {}
RESULT: {}
COMMAND: GET /session/ff79729d60fa91ba10494f01ecf0f173/screenshot - {}
RESULT: {}
COMMAND: POST /session/ff79729d60fa91ba10494f01ecf0f173/element - {"using":"xpath","value":"(//li[contains(text(), \"stock increase yard\")])[1]"}
RESULT: {"using":"xpath","value":"(//li[contains(text(), \"stock increase yard\")])[1]"}
COMMAND: POST /session/ff79729d60fa91ba10494f01ecf0f173/element/f.3F2E73C7F7D99E5CA8A322D6E93FAB42.d.283F3EDBCC151852D1090E643FD312B6.e.3962/click - {}
RESULT: {}
COMMAND: GET /session/ff79729d60fa91ba10494f01ecf0f173/screenshot - {}
RESULT: {}
COMMAND: POST /session/ff79729d60fa91ba10494f01ecf0f173/execute/async - {"script":"<script> [1562 bytes]","args":[{"selector":{"id":"application-managehandovers-display-component---AddNewHO--dueDate","interaction":{"idSuffix":"inner"}},"wdio_ui5_key":"applicationmanagehandovers-display-component---AddNewHO--dueDate"}]}
RESULT: {"script":"<script> [1562 bytes]","args":[{"selector":{"id":"application-managehandovers-display-component---AddNewHO--dueDate","interaction":{"idSuffix":"inner"}},"wdio_ui5_key":"applicationmanagehandovers-display-component---AddNewHO--dueDate"}]}
RESULT: undefined
COMMAND: POST /session/ff79729d60fa91ba10494f01ecf0f173/execute/async - {"script":"<script> [6424 bytes]","args":[{"element-6066-11e4-a52e-4f735466cecf":"f.3F2E73C7F7D99E5CA8A322D6E93FAB42.d.283F3EDBCC151852D1090E643FD312B6.e.3964"},"setValue",["04/30/2025"]]}
RESULT: {"script":"<script> [6424 bytes]","args":[{"element-6066-11e4-a52e-4f735466cecf":"f.3F2E73C7F7D99E5CA8A322D6E93FAB42.d.283F3EDBCC151852D1090E643FD312B6.e.3964"},"setValue",["04/30/2025"]]}
COMMAND: POST /session/ff79729d60fa91ba10494f01ecf0f173/element - {"using":"xpath","value":"//input[@id=\"generalSectionFrg--receiveYard-inner\"]"}
RESULT: {"using":"xpath","value":"//input[@id=\"generalSectionFrg--receiveYard-inner\"]"}
COMMAND: POST /session/ff79729d60fa91ba10494f01ecf0f173/element/f.3F2E73C7F7D99E5CA8A322D6E93FAB42.d.283F3EDBCC151852D1090E643FD312B6.e.3970/clear - {}
RESULT: {}
COMMAND: POST /session/ff79729d60fa91ba10494f01ecf0f173/element/f.3F2E73C7F7D99E5CA8A322D6E93FAB42.d.283F3EDBCC151852D1090E643FD312B6.e.3970/value - {"text":"WebdriverYardoppvc"}
COMMAND: GET /session/ff79729d60fa91ba10494f01ecf0f173/screenshot - {}
RESULT: {"text":"WebdriverYardoppvc"}
COMMAND: GET /session/ff79729d60fa91ba10494f01ecf0f173/screenshot - {}
RESULT: {}
RESULT: {}
COMMAND: POST /session/ff79729d60fa91ba10494f01ecf0f173/execute/async - {"script":"<script> [1562 bytes]","args":[{"selector":{"id":"application-managehandovers-display-component---AddNewHO--ObjectPageLayout-anchBar-application-managehandovers-display-component---AddNewHO--section4-anchor","interaction":{"idSuffix":"BDI-content"}},"wdio_ui5_key":"applicationmanagehandovers-display-component---AddNewHO--ObjectPageLayout-anchBar-application-managehandovers-display-component---AddNewHO--section4-anchor"}]}
RESULT: {"script":"<script> [1562 bytes]","args":[{"selector":{"id":"application-managehandovers-display-component---AddNewHO--ObjectPageLayout-anchBar-application-managehandovers-display-component---AddNewHO--section4-anchor","interaction":{"idSuffix":"BDI-content"}},"wdio_ui5_key":"applicationmanagehandovers-display-component---AddNewHO--ObjectPageLayout-anchBar-application-managehandovers-display-component---AddNewHO--section4-anchor"}]}
RESULT: undefined
COMMAND: POST /session/ff79729d60fa91ba10494f01ecf0f173/element - {"using":"xpath","value":"//*[@id=\"application-managehandovers-display-component---AddNewHO--ObjectPageLayout-anchBar-application-managehandovers-display-component---AddNewHO--section4-anchor\"]"}
RESULT: {"using":"xpath","value":"//*[@id=\"application-managehandovers-display-component---AddNewHO--ObjectPageLayout-anchBar-application-managehandovers-display-component---AddNewHO--section4-anchor\"]"}
COMMAND: POST /session/ff79729d60fa91ba10494f01ecf0f173/element/f.3F2E73C7F7D99E5CA8A322D6E93FAB42.d.283F3EDBCC151852D1090E643FD312B6.e.3990/click - {}
RESULT: {}
COMMAND: GET /session/ff79729d60fa91ba10494f01ecf0f173/screenshot - {}
RESULT: {}
COMMAND: POST /session/ff79729d60fa91ba10494f01ecf0f173/element - {"using":"xpath","value":"//button[@aria-label=\"Add\"]"}
RESULT: {"using":"xpath","value":"//button[@aria-label=\"Add\"]"}
COMMAND: POST /session/ff79729d60fa91ba10494f01ecf0f173/element/f.3F2E73C7F7D99E5CA8A322D6E93FAB42.d.283F3EDBCC151852D1090E643FD312B6.e.3994/click - {}
RESULT: {}
COMMAND: GET /session/ff79729d60fa91ba10494f01ecf0f173/screenshot - {}
RESULT: {}
COMMAND: POST /session/ff79729d60fa91ba10494f01ecf0f173/execute/async - {"script":"<script> [1562 bytes]","args":[{"selector":{"id":"application-managehandovers-display-component---AddNewHO--smartFilterBar-btnBasicSearch","searchOpenDialogs":true,"interaction":{"idSuffix":"I"}},"wdio_ui5_key":"applicationmanagehandovers-display-component---AddNewHO--smartFilterBar-btnBasicSearch"}]}
RESULT: {"script":"<script> [1562 bytes]","args":[{"selector":{"id":"application-managehandovers-display-component---AddNewHO--smartFilterBar-btnBasicSearch","searchOpenDialogs":true,"interaction":{"idSuffix":"I"}},"wdio_ui5_key":"applicationmanagehandovers-display-component---AddNewHO--smartFilterBar-btnBasicSearch"}]}
RESULT: undefined
COMMAND: POST /session/ff79729d60fa91ba10494f01ecf0f173/execute/async - {"script":"<script> [776 bytes]","args":[{"enterText":"WebdriverRUR2Csrai1","selector":{"id":"application-managehandovers-display-component---AddNewHO--smartFilterBar-btnBasicSearch","searchOpenDialogs":true,"interaction":{"idSuffix":"I"}},"clearTextFirst":true,"interactionType":"ENTER_TEXT"}]}
RESULT: {"script":"<script> [776 bytes]","args":[{"enterText":"WebdriverRUR2Csrai1","selector":{"id":"application-managehandovers-display-component---AddNewHO--smartFilterBar-btnBasicSearch","searchOpenDialogs":true,"interaction":{"idSuffix":"I"}},"clearTextFirst":true,"interactionType":"ENTER_TEXT"}]}
COMMAND: POST /session/ff79729d60fa91ba10494f01ecf0f173/actions - {"actions":[{"id":"action7","type":"key","parameters":{},"actions":[{"type":"keyDown","value":"î€‡"},{"type":"pause","duration":10},{"type":"keyUp","value":"î€‡"}]}]}
RESULT: {"actions":[{"id":"action7","type":"key","parameters":{},"actions":[{"type":"keyDown","value":"î€‡"},{"type":"pause","duration":10},{"type":"keyUp","value":"î€‡"}]}]}
COMMAND: POST /session/ff79729d60fa91ba10494f01ecf0f173/execute/async - {"script":"<script> [1562 bytes]","args":[{"selector":{"id":"application-managehandovers-display-component---AddNewHO--popup-sa","searchOpenDialogs":true,"interaction":{"idSuffix":"CbBg"}},"wdio_ui5_key":"applicationmanagehandovers-display-component---AddNewHO--popup-sa"}]}
COMMAND: GET /session/ff79729d60fa91ba10494f01ecf0f173/screenshot - {}
RESULT: {"script":"<script> [1562 bytes]","args":[{"selector":{"id":"application-managehandovers-display-component---AddNewHO--popup-sa","searchOpenDialogs":true,"interaction":{"idSuffix":"CbBg"}},"wdio_ui5_key":"applicationmanagehandovers-display-component---AddNewHO--popup-sa"}]}
RESULT: undefined
COMMAND: POST /session/ff79729d60fa91ba10494f01ecf0f173/element - {"using":"xpath","value":"//*[@id=\"application-managehandovers-display-component---AddNewHO--popup-sa\"]"}
RESULT: {}
RESULT: {"using":"xpath","value":"//*[@id=\"application-managehandovers-display-component---AddNewHO--popup-sa\"]"}
COMMAND: POST /session/ff79729d60fa91ba10494f01ecf0f173/element/f.3F2E73C7F7D99E5CA8A322D6E93FAB42.d.283F3EDBCC151852D1090E643FD312B6.e.4149/click - {}
RESULT: {}
COMMAND: GET /session/ff79729d60fa91ba10494f01ecf0f173/screenshot - {}
RESULT: {}
COMMAND: POST /session/ff79729d60fa91ba10494f01ecf0f173/element - {"using":"xpath","value":"//bdi[contains(text(), \"Select\")]"}
RESULT: {"using":"xpath","value":"//bdi[contains(text(), \"Select\")]"}
COMMAND: POST /session/ff79729d60fa91ba10494f01ecf0f173/element/f.3F2E73C7F7D99E5CA8A322D6E93FAB42.d.283F3EDBCC151852D1090E643FD312B6.e.4150/click - {}
RESULT: {}
COMMAND: GET /session/ff79729d60fa91ba10494f01ecf0f173/screenshot - {}
RESULT: {}
COMMAND: POST /session/ff79729d60fa91ba10494f01ecf0f173/execute/async - {"script":"<script> [1562 bytes]","args":[{"selector":{"controlType":"sap.m.Input","viewName":"etm.portal.ui.managehandovers.view.AddNewHO","viewId":"application-managehandovers-display-component---AddNewHO","bindingPath":{"path":"/items/0","propertyPath":"TYPE","modelName":"hoItemsModel"},"interaction":{"idSuffix":"inner"}},"wdio_ui5_key":"etmportal.ui.managehandovers.view.AddNewHOsap.m.Input{\"path\":\"/items/0\",\"propertyPath\":\"TYPE\",\"modelName\":\"hoItemsModel\"}"}]}
RESULT: {"script":"<script> [1562 bytes]","args":[{"selector":{"controlType":"sap.m.Input","viewName":"etm.portal.ui.managehandovers.view.AddNewHO","viewId":"application-managehandovers-display-component---AddNewHO","bindingPath":{"path":"/items/0","propertyPath":"TYPE","modelName":"hoItemsModel"},"interaction":{"idSuffix":"inner"}},"wdio_ui5_key":"etmportal.ui.managehandovers.view.AddNewHOsap.m.Input{\"path\":\"/items/0\",\"propertyPath\":\"TYPE\",\"modelName\":\"hoItemsModel\"}"}]}
RESULT: undefined
COMMAND: POST /session/ff79729d60fa91ba10494f01ecf0f173/execute/async - {"script":"<script> [776 bytes]","args":[{"enterText":"100","selector":{"controlType":"sap.m.Input","viewName":"etm.portal.ui.managehandovers.view.AddNewHO","viewId":"application-managehandovers-display-component---AddNewHO","bindingPath":{"path":"/items/0","propertyPath":"TYPE","modelName":"hoItemsModel"},"interaction":{"idSuffix":"inner"}},"clearTextFirst":true,"interactionType":"ENTER_TEXT"}]}
RESULT: {"script":"<script> [776 bytes]","args":[{"enterText":"100","selector":{"controlType":"sap.m.Input","viewName":"etm.portal.ui.managehandovers.view.AddNewHO","viewId":"application-managehandovers-display-component---AddNewHO","bindingPath":{"path":"/items/0","propertyPath":"TYPE","modelName":"hoItemsModel"},"interaction":{"idSuffix":"inner"}},"clearTextFirst":true,"interactionType":"ENTER_TEXT"}]}
COMMAND: POST /session/ff79729d60fa91ba10494f01ecf0f173/element - {"using":"xpath","value":"//button[@data-kt=\"AddNewHOSaveButton\"]"}
RESULT: {"using":"xpath","value":"//button[@data-kt=\"AddNewHOSaveButton\"]"}
COMMAND: POST /session/ff79729d60fa91ba10494f01ecf0f173/element/f.3F2E73C7F7D99E5CA8A322D6E93FAB42.d.283F3EDBCC151852D1090E643FD312B6.e.4155/click - {}
RESULT: {}
COMMAND: GET /session/ff79729d60fa91ba10494f01ecf0f173/screenshot - {}
RESULT: {}
COMMAND: POST /session/ff79729d60fa91ba10494f01ecf0f173/execute/async - {"script":"<script> [1562 bytes]","args":[{"selector":{"id":"receiptDatePicker","viewName":"etm.portal.ui.managehandovers.view.DetailExecuteHO","interaction":{"idSuffix":"inner"}},"wdio_ui5_key":"receiptDatePickeretmportal.ui.managehandovers.view.DetailExecuteHO"}]}
RESULT: {"script":"<script> [1562 bytes]","args":[{"selector":{"id":"receiptDatePicker","viewName":"etm.portal.ui.managehandovers.view.DetailExecuteHO","interaction":{"idSuffix":"inner"}},"wdio_ui5_key":"receiptDatePickeretmportal.ui.managehandovers.view.DetailExecuteHO"}]}
RESULT: undefined
COMMAND: POST /session/ff79729d60fa91ba10494f01ecf0f173/execute/async - {"script":"<script> [6424 bytes]","args":[{"element-6066-11e4-a52e-4f735466cecf":"f.3F2E73C7F7D99E5CA8A322D6E93FAB42.d.283F3EDBCC151852D1090E643FD312B6.e.4185"},"setValue",["04/30/2025"]]}
RESULT: {"script":"<script> [6424 bytes]","args":[{"element-6066-11e4-a52e-4f735466cecf":"f.3F2E73C7F7D99E5CA8A322D6E93FAB42.d.283F3EDBCC151852D1090E643FD312B6.e.4185"},"setValue",["04/30/2025"]]}
COMMAND: POST /session/ff79729d60fa91ba10494f01ecf0f173/element - {"using":"xpath","value":"//button[@data-kt=\"PickingTableConfirmAllButton\"]"}
RESULT: {"using":"xpath","value":"//button[@data-kt=\"PickingTableConfirmAllButton\"]"}
COMMAND: POST /session/ff79729d60fa91ba10494f01ecf0f173/element/f.3F2E73C7F7D99E5CA8A322D6E93FAB42.d.283F3EDBCC151852D1090E643FD312B6.e.4201/click - {}
RESULT: {}
COMMAND: GET /session/ff79729d60fa91ba10494f01ecf0f173/screenshot - {}
RESULT: {}
COMMAND: POST /session/ff79729d60fa91ba10494f01ecf0f173/element - {"using":"xpath","value":"//bdi[contains(text(), \"OK\")]"}
RESULT: {"using":"xpath","value":"//bdi[contains(text(), \"OK\")]"}
COMMAND: POST /session/ff79729d60fa91ba10494f01ecf0f173/element/f.3F2E73C7F7D99E5CA8A322D6E93FAB42.d.283F3EDBCC151852D1090E643FD312B6.e.4203/click - {}
RESULT: {}
COMMAND: GET /session/ff79729d60fa91ba10494f01ecf0f173/screenshot - {}
RESULT: {}
COMMAND: POST /session/ff79729d60fa91ba10494f01ecf0f173/element - {"using":"xpath","value":"(//bdi[contains(text(), \"Receive\")])[2]"}
RESULT: {"using":"xpath","value":"(//bdi[contains(text(), \"Receive\")])[2]"}
COMMAND: POST /session/ff79729d60fa91ba10494f01ecf0f173/element/f.3F2E73C7F7D99E5CA8A322D6E93FAB42.d.283F3EDBCC151852D1090E643FD312B6.e.4205/click - {}
RESULT: {}
COMMAND: GET /session/ff79729d60fa91ba10494f01ecf0f173/screenshot - {}
RESULT: {}
COMMAND: POST /session/ff79729d60fa91ba10494f01ecf0f173/element - {"using":"css selector","value":"#shell-header-logo"}
RESULT: {"using":"css selector","value":"#shell-header-logo"}
COMMAND: POST /session/ff79729d60fa91ba10494f01ecf0f173/element/f.3F2E73C7F7D99E5CA8A322D6E93FAB42.d.283F3EDBCC151852D1090E643FD312B6.e.3611/click - {}
RESULT: {}
]]></system-out>
    </testcase>
    <testcase classname="chrome.135_0_7049_96.windows.Create_masterdata_for_Yard_Overview_-_trigger_provide_US130988" name="Should create a new contract" time="106.951">
      <system-out><![CDATA[
COMMAND: POST /session/ff79729d60fa91ba10494f01ecf0f173/execute/async - {"script":"<script> [1562 bytes]","args":[{"selector":{"controlType":"sap.m.GenericTile","viewName":"etm.portal.ui.managecontractstile.view.Master","i18NText":{"propertyName":"header","key":"manageContractsTileTitle"}},"wdio_ui5_key":"etmportal.ui.managecontractstile.view.Mastersap.m.GenericTile{\"propertyName\":\"header\",\"key\":\"manageContractsTileTitle\"}"}]}
COMMAND: GET /session/ff79729d60fa91ba10494f01ecf0f173/screenshot - {}
RESULT: {"script":"<script> [1562 bytes]","args":[{"selector":{"controlType":"sap.m.GenericTile","viewName":"etm.portal.ui.managecontractstile.view.Master","i18NText":{"propertyName":"header","key":"manageContractsTileTitle"}},"wdio_ui5_key":"etmportal.ui.managecontractstile.view.Mastersap.m.GenericTile{\"propertyName\":\"header\",\"key\":\"manageContractsTileTitle\"}"}]}
RESULT: undefined
COMMAND: POST /session/ff79729d60fa91ba10494f01ecf0f173/element - {"using":"xpath","value":"//*[@id=\"__tile133\"]"}
RESULT: {}
RESULT: {"using":"xpath","value":"//*[@id=\"__tile133\"]"}
COMMAND: POST /session/ff79729d60fa91ba10494f01ecf0f173/element/f.3F2E73C7F7D99E5CA8A322D6E93FAB42.d.283F3EDBCC151852D1090E643FD312B6.e.4443/click - {}
RESULT: {}
COMMAND: GET /session/ff79729d60fa91ba10494f01ecf0f173/screenshot - {}
RESULT: {}
COMMAND: POST /session/ff79729d60fa91ba10494f01ecf0f173/element - {"using":"xpath","value":"//button[@data-kt=\"addButton\"]"}
RESULT: {"using":"xpath","value":"//button[@data-kt=\"addButton\"]"}
COMMAND: POST /session/ff79729d60fa91ba10494f01ecf0f173/element/f.3F2E73C7F7D99E5CA8A322D6E93FAB42.d.283F3EDBCC151852D1090E643FD312B6.e.4520/click - {}
RESULT: {}
COMMAND: GET /session/ff79729d60fa91ba10494f01ecf0f173/screenshot - {}
RESULT: {}
COMMAND: POST /session/ff79729d60fa91ba10494f01ecf0f173/execute/async - {"script":"<script> [1562 bytes]","args":[{"selector":{"id":"application-managecontracts-display-component---AddNewContract--projectDescription","interaction":{"idSuffix":"inner"}},"wdio_ui5_key":"applicationmanagecontracts-display-component---AddNewContract--projectDescription"}]}
RESULT: {"script":"<script> [1562 bytes]","args":[{"selector":{"id":"application-managecontracts-display-component---AddNewContract--projectDescription","interaction":{"idSuffix":"inner"}},"wdio_ui5_key":"applicationmanagecontracts-display-component---AddNewContract--projectDescription"}]}
RESULT: undefined
COMMAND: POST /session/ff79729d60fa91ba10494f01ecf0f173/execute/async - {"script":"<script> [776 bytes]","args":[{"enterText":"WdIOOverview4xap5","selector":{"id":"application-managecontracts-display-component---AddNewContract--projectDescription","interaction":{"idSuffix":"inner"}},"clearTextFirst":true,"interactionType":"ENTER_TEXT"}]}
RESULT: {"script":"<script> [776 bytes]","args":[{"enterText":"WdIOOverview4xap5","selector":{"id":"application-managecontracts-display-component---AddNewContract--projectDescription","interaction":{"idSuffix":"inner"}},"clearTextFirst":true,"interactionType":"ENTER_TEXT"}]}
COMMAND: POST /session/ff79729d60fa91ba10494f01ecf0f173/element - {"using":"xpath","value":"//input[@id=\"application-managecontracts-display-component---AddNewContract--yardId-inner\"]"}
RESULT: {"using":"xpath","value":"//input[@id=\"application-managecontracts-display-component---AddNewContract--yardId-inner\"]"}
COMMAND: POST /session/ff79729d60fa91ba10494f01ecf0f173/element/f.3F2E73C7F7D99E5CA8A322D6E93FAB42.d.283F3EDBCC151852D1090E643FD312B6.e.4771/clear - {}
RESULT: {}
COMMAND: POST /session/ff79729d60fa91ba10494f01ecf0f173/element/f.3F2E73C7F7D99E5CA8A322D6E93FAB42.d.283F3EDBCC151852D1090E643FD312B6.e.4771/value - {"text":"WebdriverYardoppvc"}
COMMAND: GET /session/ff79729d60fa91ba10494f01ecf0f173/screenshot - {}
RESULT: {"text":"WebdriverYardoppvc"}
COMMAND: GET /session/ff79729d60fa91ba10494f01ecf0f173/screenshot - {}
RESULT: {}
RESULT: {}
COMMAND: POST /session/ff79729d60fa91ba10494f01ecf0f173/actions - {"actions":[{"id":"action8","type":"key","parameters":{},"actions":[{"type":"keyDown","value":"î€‡"},{"type":"pause","duration":10},{"type":"keyUp","value":"î€‡"}]}]}
RESULT: {"actions":[{"id":"action8","type":"key","parameters":{},"actions":[{"type":"keyDown","value":"î€‡"},{"type":"pause","duration":10},{"type":"keyUp","value":"î€‡"}]}]}
COMMAND: GET /session/ff79729d60fa91ba10494f01ecf0f173/screenshot - {}
RESULT: {}
COMMAND: POST /session/ff79729d60fa91ba10494f01ecf0f173/element - {"using":"xpath","value":"//input[@id=\"application-managecontracts-display-component---AddNewContract--customerSelect-inner\"]"}
RESULT: {"using":"xpath","value":"//input[@id=\"application-managecontracts-display-component---AddNewContract--customerSelect-inner\"]"}
COMMAND: POST /session/ff79729d60fa91ba10494f01ecf0f173/element/f.3F2E73C7F7D99E5CA8A322D6E93FAB42.d.283F3EDBCC151852D1090E643FD312B6.e.4769/clear - {}
RESULT: {}
COMMAND: POST /session/ff79729d60fa91ba10494f01ecf0f173/element/f.3F2E73C7F7D99E5CA8A322D6E93FAB42.d.283F3EDBCC151852D1090E643FD312B6.e.4769/value - {"text":"WebdriverPartnerflf0p"}
COMMAND: GET /session/ff79729d60fa91ba10494f01ecf0f173/screenshot - {}
RESULT: {"text":"WebdriverPartnerflf0p"}
COMMAND: GET /session/ff79729d60fa91ba10494f01ecf0f173/screenshot - {}
RESULT: {}
RESULT: {}
COMMAND: POST /session/ff79729d60fa91ba10494f01ecf0f173/actions - {"actions":[{"id":"action9","type":"key","parameters":{},"actions":[{"type":"keyDown","value":"î€‡"},{"type":"pause","duration":10},{"type":"keyUp","value":"î€‡"}]}]}
RESULT: {"actions":[{"id":"action9","type":"key","parameters":{},"actions":[{"type":"keyDown","value":"î€‡"},{"type":"pause","duration":10},{"type":"keyUp","value":"î€‡"}]}]}
COMMAND: GET /session/ff79729d60fa91ba10494f01ecf0f173/screenshot - {}
RESULT: {}
COMMAND: POST /session/ff79729d60fa91ba10494f01ecf0f173/element - {"using":"xpath","value":"//input[@id=\"application-managecontracts-display-component---AddNewContract--site-inner\"]"}
RESULT: {"using":"xpath","value":"//input[@id=\"application-managecontracts-display-component---AddNewContract--site-inner\"]"}
COMMAND: POST /session/ff79729d60fa91ba10494f01ecf0f173/element/f.3F2E73C7F7D99E5CA8A322D6E93FAB42.d.283F3EDBCC151852D1090E643FD312B6.e.4770/clear - {}
RESULT: {}
COMMAND: POST /session/ff79729d60fa91ba10494f01ecf0f173/element/f.3F2E73C7F7D99E5CA8A322D6E93FAB42.d.283F3EDBCC151852D1090E643FD312B6.e.4770/value - {"text":"WebdriverSiteazfap"}
COMMAND: GET /session/ff79729d60fa91ba10494f01ecf0f173/screenshot - {}
RESULT: {"text":"WebdriverSiteazfap"}
COMMAND: GET /session/ff79729d60fa91ba10494f01ecf0f173/screenshot - {}
RESULT: {}
RESULT: {}
COMMAND: POST /session/ff79729d60fa91ba10494f01ecf0f173/actions - {"actions":[{"id":"action10","type":"key","parameters":{},"actions":[{"type":"keyDown","value":"î€‡"},{"type":"pause","duration":10},{"type":"keyUp","value":"î€‡"}]}]}
RESULT: {"actions":[{"id":"action10","type":"key","parameters":{},"actions":[{"type":"keyDown","value":"î€‡"},{"type":"pause","duration":10},{"type":"keyUp","value":"î€‡"}]}]}
COMMAND: GET /session/ff79729d60fa91ba10494f01ecf0f173/screenshot - {}
RESULT: {}
COMMAND: POST /session/ff79729d60fa91ba10494f01ecf0f173/element - {"using":"xpath","value":"//button[@data-kt=\"saveButton\"]"}
RESULT: {"using":"xpath","value":"//button[@data-kt=\"saveButton\"]"}
COMMAND: POST /session/ff79729d60fa91ba10494f01ecf0f173/element/f.3F2E73C7F7D99E5CA8A322D6E93FAB42.d.283F3EDBCC151852D1090E643FD312B6.e.4786/click - {}
RESULT: {}
COMMAND: GET /session/ff79729d60fa91ba10494f01ecf0f173/screenshot - {}
RESULT: {}
COMMAND: POST /session/ff79729d60fa91ba10494f01ecf0f173/execute/async - {"script":"<script> [1562 bytes]","args":[{"selector":{"id":"contractDetailTitleNoExpanded","viewName":"etm.portal.ui.managecontracts.view.Detail"},"wdio_ui5_key":"contractDetailTitleNoExpandedetmportal.ui.managecontracts.view.Detail"}]}
RESULT: {"script":"<script> [1562 bytes]","args":[{"selector":{"id":"contractDetailTitleNoExpanded","viewName":"etm.portal.ui.managecontracts.view.Detail"},"wdio_ui5_key":"contractDetailTitleNoExpandedetmportal.ui.managecontracts.view.Detail"}]}
RESULT: undefined
]]></system-out>
    </testcase>
    <testcase classname="chrome.135_0_7049_96.windows.Create_masterdata_for_Yard_Overview_-_trigger_provide_US130988" name="Should add material to the contract" time="43.606">
      <system-out><![CDATA[
COMMAND: POST /session/ff79729d60fa91ba10494f01ecf0f173/element - {"using":"xpath","value":"//button[@data-kt=\"contractDetailEditBtnButton\"]"}
RESULT: {"using":"xpath","value":"//button[@data-kt=\"contractDetailEditBtnButton\"]"}
COMMAND: POST /session/ff79729d60fa91ba10494f01ecf0f173/element/f.3F2E73C7F7D99E5CA8A322D6E93FAB42.d.283F3EDBCC151852D1090E643FD312B6.e.4870/click - {}
RESULT: {}
COMMAND: GET /session/ff79729d60fa91ba10494f01ecf0f173/screenshot - {}
RESULT: {}
COMMAND: POST /session/ff79729d60fa91ba10494f01ecf0f173/element - {"using":"xpath","value":"(//span[contains(text(), \"Additional Addresses\")])[2]"}
RESULT: {"using":"xpath","value":"(//span[contains(text(), \"Additional Addresses\")])[2]"}
COMMAND: POST /session/ff79729d60fa91ba10494f01ecf0f173/element/f.3F2E73C7F7D99E5CA8A322D6E93FAB42.d.283F3EDBCC151852D1090E643FD312B6.e.4925/click - {}
RESULT: {}
COMMAND: GET /session/ff79729d60fa91ba10494f01ecf0f173/screenshot - {}
RESULT: {}
COMMAND: POST /session/ff79729d60fa91ba10494f01ecf0f173/element - {"using":"xpath","value":"//button[@data-kt=\"btnAddTableRowOverflowToolbarButton\"]"}
RESULT: {"using":"xpath","value":"//button[@data-kt=\"btnAddTableRowOverflowToolbarButton\"]"}
COMMAND: POST /session/ff79729d60fa91ba10494f01ecf0f173/element/f.3F2E73C7F7D99E5CA8A322D6E93FAB42.d.283F3EDBCC151852D1090E643FD312B6.e.4929/click - {}
RESULT: {}
COMMAND: GET /session/ff79729d60fa91ba10494f01ecf0f173/screenshot - {}
RESULT: {}
COMMAND: POST /session/ff79729d60fa91ba10494f01ecf0f173/element - {"using":"xpath","value":"//div[(text() = 'Standard Entry' or . = 'Standard Entry')]"}
RESULT: {"using":"xpath","value":"//div[(text() = 'Standard Entry' or . = 'Standard Entry')]"}
COMMAND: POST /session/ff79729d60fa91ba10494f01ecf0f173/element/f.3F2E73C7F7D99E5CA8A322D6E93FAB42.d.283F3EDBCC151852D1090E643FD312B6.e.4931/click - {}
RESULT: {}
COMMAND: POST /session/ff79729d60fa91ba10494f01ecf0f173/element - {"using":"xpath","value":"//td[6]/div/div/input[1]"}
COMMAND: GET /session/ff79729d60fa91ba10494f01ecf0f173/screenshot - {}
RESULT: {"using":"xpath","value":"//td[6]/div/div/input[1]"}
COMMAND: POST /session/ff79729d60fa91ba10494f01ecf0f173/element/f.3F2E73C7F7D99E5CA8A322D6E93FAB42.d.283F3EDBCC151852D1090E643FD312B6.e.4933/click - {}
RESULT: {}
RESULT: {}
COMMAND: POST /session/ff79729d60fa91ba10494f01ecf0f173/actions - {"actions":[{"id":"action11","type":"key","parameters":{},"actions":[{"type":"keyDown","value":"î€ƒ"},{"type":"pause","duration":10},{"type":"keyUp","value":"î€ƒ"}]}]}
COMMAND: GET /session/ff79729d60fa91ba10494f01ecf0f173/screenshot - {}
RESULT: {"actions":[{"id":"action11","type":"key","parameters":{},"actions":[{"type":"keyDown","value":"î€ƒ"},{"type":"pause","duration":10},{"type":"keyUp","value":"î€ƒ"}]}]}
COMMAND: POST /session/ff79729d60fa91ba10494f01ecf0f173/element - {"using":"xpath","value":"//td[6]/div/div/input[1]"}
COMMAND: GET /session/ff79729d60fa91ba10494f01ecf0f173/screenshot - {}
RESULT: {}
RESULT: {"using":"xpath","value":"//td[6]/div/div/input[1]"}
COMMAND: POST /session/ff79729d60fa91ba10494f01ecf0f173/element/f.3F2E73C7F7D99E5CA8A322D6E93FAB42.d.283F3EDBCC151852D1090E643FD312B6.e.4933/clear - {}
RESULT: {}
RESULT: {}
COMMAND: POST /session/ff79729d60fa91ba10494f01ecf0f173/element/f.3F2E73C7F7D99E5CA8A322D6E93FAB42.d.283F3EDBCC151852D1090E643FD312B6.e.4933/value - {"text":"Material"}
COMMAND: GET /session/ff79729d60fa91ba10494f01ecf0f173/screenshot - {}
RESULT: {"text":"Material"}
COMMAND: GET /session/ff79729d60fa91ba10494f01ecf0f173/screenshot - {}
RESULT: {}
RESULT: {}
COMMAND: POST /session/ff79729d60fa91ba10494f01ecf0f173/actions - {"actions":[{"id":"action12","type":"key","parameters":{},"actions":[{"type":"keyDown","value":"î€‡"},{"type":"pause","duration":10},{"type":"keyUp","value":"î€‡"}]}]}
RESULT: {"actions":[{"id":"action12","type":"key","parameters":{},"actions":[{"type":"keyDown","value":"î€‡"},{"type":"pause","duration":10},{"type":"keyUp","value":"î€‡"}]}]}
COMMAND: GET /session/ff79729d60fa91ba10494f01ecf0f173/screenshot - {}
RESULT: {}
COMMAND: POST /session/ff79729d60fa91ba10494f01ecf0f173/actions - {"actions":[{"id":"action13","type":"key","parameters":{},"actions":[{"type":"keyDown","value":"î€‡"},{"type":"pause","duration":10},{"type":"keyUp","value":"î€‡"}]}]}
RESULT: {"actions":[{"id":"action13","type":"key","parameters":{},"actions":[{"type":"keyDown","value":"î€‡"},{"type":"pause","duration":10},{"type":"keyUp","value":"î€‡"}]}]}
COMMAND: POST /session/ff79729d60fa91ba10494f01ecf0f173/element - {"using":"xpath","value":"//td[7]/div/div/input"}
COMMAND: GET /session/ff79729d60fa91ba10494f01ecf0f173/screenshot - {}
RESULT: {"using":"xpath","value":"//td[7]/div/div/input"}
COMMAND: POST /session/ff79729d60fa91ba10494f01ecf0f173/element/f.3F2E73C7F7D99E5CA8A322D6E93FAB42.d.283F3EDBCC151852D1090E643FD312B6.e.4946/clear - {}
RESULT: {}
RESULT: {}
COMMAND: POST /session/ff79729d60fa91ba10494f01ecf0f173/element/f.3F2E73C7F7D99E5CA8A322D6E93FAB42.d.283F3EDBCC151852D1090E643FD312B6.e.4946/value - {"text":"WebdriverRUR2Csrai1"}
COMMAND: GET /session/ff79729d60fa91ba10494f01ecf0f173/screenshot - {}
RESULT: {"text":"WebdriverRUR2Csrai1"}
COMMAND: GET /session/ff79729d60fa91ba10494f01ecf0f173/screenshot - {}
RESULT: {}
RESULT: {}
COMMAND: POST /session/ff79729d60fa91ba10494f01ecf0f173/actions - {"actions":[{"id":"action14","type":"key","parameters":{},"actions":[{"type":"keyDown","value":"î€‡"},{"type":"pause","duration":10},{"type":"keyUp","value":"î€‡"}]}]}
RESULT: {"actions":[{"id":"action14","type":"key","parameters":{},"actions":[{"type":"keyDown","value":"î€‡"},{"type":"pause","duration":10},{"type":"keyUp","value":"î€‡"}]}]}
COMMAND: GET /session/ff79729d60fa91ba10494f01ecf0f173/screenshot - {}
RESULT: {}
COMMAND: POST /session/ff79729d60fa91ba10494f01ecf0f173/actions - {"actions":[{"id":"action15","type":"key","parameters":{},"actions":[{"type":"keyDown","value":"î€‡"},{"type":"pause","duration":10},{"type":"keyUp","value":"î€‡"}]}]}
RESULT: {"actions":[{"id":"action15","type":"key","parameters":{},"actions":[{"type":"keyDown","value":"î€‡"},{"type":"pause","duration":10},{"type":"keyUp","value":"î€‡"}]}]}
COMMAND: GET /session/ff79729d60fa91ba10494f01ecf0f173/screenshot - {}
RESULT: {}
COMMAND: POST /session/ff79729d60fa91ba10494f01ecf0f173/element - {"using":"xpath","value":"(//button[@data-kt=\"saveButton\"])[2]"}
RESULT: {"using":"xpath","value":"(//button[@data-kt=\"saveButton\"])[2]"}
COMMAND: POST /session/ff79729d60fa91ba10494f01ecf0f173/element/f.3F2E73C7F7D99E5CA8A322D6E93FAB42.d.283F3EDBCC151852D1090E643FD312B6.e.4972/click - {}
RESULT: {}
COMMAND: GET /session/ff79729d60fa91ba10494f01ecf0f173/screenshot - {}
RESULT: {}
]]></system-out>
    </testcase>
  </testsuite>
  <testsuite timestamp="2025-04-30T15:51:13" time="152.479" tests="1" failures="1" errors="1" skipped="0">
    <properties>
      <property name="specId" value="0" />
      <property name="suiteName" value="Create masterdata for Yard Overview - trigger provide US130988" />
      <property name="capabilities" value="chrome.135_0_7049_96.windows" />
      <property name="file" value="file:///D:/a/1/s/test/specs/R2C/site-overview-return.spec.js" />
    </properties>
  </testsuite>
</testsuites>