<?xml version="1.0" encoding="UTF-8"?>
<testsuites tests="23" failures="0" errors="0" skipped="0">
  <testsuite timestamp="2025-05-04T17:47:37" time="1109.904" tests="6" failures="0" errors="0" skipped="0">
    <properties>
      <property name="specId" value="0" />
      <property name="suiteName" value="Standard contract - add contract items by Insert Request US118222" />
      <property name="capabilities" value="chrome.135_0_7049_96.windows" />
      <property name="file" value="file:///D:/a/1/s/test/specs/R2C/standard-contract-add-contract-items-by-insert-request.spec.js" />
    </properties>
    <testcase classname="chrome.135_0_7049_96.windows.Standard_contract_-_add_contract_items_by_Insert_Request_US118222" name="Should create prerequisites yard partner site material and equipment" time="313.675">
      <system-out><![CDATA[
COMMAND: POST /session/211805a0db2825488b2ffc481472c536/execute/async - {"script":"<script> [1562 bytes]","args":[{"selector":{"controlType":"sap.m.GenericTile","properties":{"header":"Manage Yards"}},"wdio_ui5_key":"sapm.GenericTile{\"header\":\"Manage Yards\"}"}]}
RESULT: {"script":"<script> [1562 bytes]","args":[{"selector":{"controlType":"sap.m.GenericTile","properties":{"header":"Manage Yards"}},"wdio_ui5_key":"sapm.GenericTile{\"header\":\"Manage Yards\"}"}]}
RESULT: undefined
COMMAND: POST /session/211805a0db2825488b2ffc481472c536/element - {"using":"xpath","value":"//*[@id=\"__tile41\"]"}
RESULT: {"using":"xpath","value":"//*[@id=\"__tile41\"]"}
COMMAND: POST /session/211805a0db2825488b2ffc481472c536/element/f.B77A22107D10E5486A044045F14EEE7A.d.84E1097D879BD019D811CE65F6C6D961.e.118/click - {}
RESULT: {}
COMMAND: GET /session/211805a0db2825488b2ffc481472c536/screenshot - {}
RESULT: {}
COMMAND: POST /session/211805a0db2825488b2ffc481472c536/execute/async - {"script":"<script> [1562 bytes]","args":[{"selector":{"controlType":"sap.ui.core.Icon","viewName":"etm.portal.ui.manageyards.view.Master","viewId":"application-manageyards-display-component---masterYard","properties":{"src":{"regex":{"source":"add"}}}},"wdio_ui5_key":"etmportal.ui.manageyards.view.Mastersap.ui.core.Icon{\"src\":{\"regex\":{\"source\":\"add\"}}}"}]}
RESULT: {"script":"<script> [1562 bytes]","args":[{"selector":{"controlType":"sap.ui.core.Icon","viewName":"etm.portal.ui.manageyards.view.Master","viewId":"application-manageyards-display-component---masterYard","properties":{"src":{"regex":{"source":"add"}}}},"wdio_ui5_key":"etmportal.ui.manageyards.view.Mastersap.ui.core.Icon{\"src\":{\"regex\":{\"source\":\"add\"}}}"}]}
RESULT: undefined
COMMAND: POST /session/211805a0db2825488b2ffc481472c536/element - {"using":"xpath","value":"//*[@id=\"__button4-img\"]"}
RESULT: {"using":"xpath","value":"//*[@id=\"__button4-img\"]"}
COMMAND: POST /session/211805a0db2825488b2ffc481472c536/element/f.B77A22107D10E5486A044045F14EEE7A.d.84E1097D879BD019D811CE65F6C6D961.e.164/click - {}
RESULT: {}
COMMAND: GET /session/211805a0db2825488b2ffc481472c536/screenshot - {}
RESULT: {}
COMMAND: POST /session/211805a0db2825488b2ffc481472c536/execute/async - {"script":"<script> [1562 bytes]","args":[{"selector":{"id":"application-manageyards-display-component---NewYard--yardId","interaction":{"idSuffix":"inner"}},"wdio_ui5_key":"applicationmanageyards-display-component---NewYard--yardId"}]}
RESULT: {"script":"<script> [1562 bytes]","args":[{"selector":{"id":"application-manageyards-display-component---NewYard--yardId","interaction":{"idSuffix":"inner"}},"wdio_ui5_key":"applicationmanageyards-display-component---NewYard--yardId"}]}
RESULT: undefined
COMMAND: POST /session/211805a0db2825488b2ffc481472c536/element - {"using":"xpath","value":"//*[@id=\"application-manageyards-display-component---NewYard--addressDetailDetailsName1-inner\"]"}
RESULT: {"using":"xpath","value":"//*[@id=\"application-manageyards-display-component---NewYard--addressDetailDetailsName1-inner\"]"}
COMMAND: POST /session/211805a0db2825488b2ffc481472c536/element/f.B77A22107D10E5486A044045F14EEE7A.d.84E1097D879BD019D811CE65F6C6D961.e.380/clear - {}
RESULT: {}
COMMAND: POST /session/211805a0db2825488b2ffc481472c536/element/f.B77A22107D10E5486A044045F14EEE7A.d.84E1097D879BD019D811CE65F6C6D961.e.380/value - {"text":"WebdriverYard16x1lg"}
COMMAND: GET /session/211805a0db2825488b2ffc481472c536/screenshot - {}
RESULT: {"text":"WebdriverYard16x1lg"}
COMMAND: POST /session/211805a0db2825488b2ffc481472c536/element - {"using":"xpath","value":"//*[@id=\"application-manageyards-display-component---NewYard--addressDetailDetailsLanguage-inner\"]"}
COMMAND: GET /session/211805a0db2825488b2ffc481472c536/screenshot - {}
RESULT: {}
RESULT: {}
RESULT: {"using":"xpath","value":"//*[@id=\"application-manageyards-display-component---NewYard--addressDetailDetailsLanguage-inner\"]"}
COMMAND: POST /session/211805a0db2825488b2ffc481472c536/element/f.B77A22107D10E5486A044045F14EEE7A.d.84E1097D879BD019D811CE65F6C6D961.e.381/clear - {}
RESULT: {}
COMMAND: POST /session/211805a0db2825488b2ffc481472c536/element/f.B77A22107D10E5486A044045F14EEE7A.d.84E1097D879BD019D811CE65F6C6D961.e.381/value - {"text":"Romanian"}
COMMAND: GET /session/211805a0db2825488b2ffc481472c536/screenshot - {}
RESULT: {"text":"Romanian"}
COMMAND: POST /session/211805a0db2825488b2ffc481472c536/element - {"using":"xpath","value":"//input[contains(@id ,\"application-manageyards-display-component---NewYard--addressDetailDetailsName1-inner\")]"}
COMMAND: GET /session/211805a0db2825488b2ffc481472c536/screenshot - {}
RESULT: {}
RESULT: {"using":"xpath","value":"//input[contains(@id ,\"application-manageyards-display-component---NewYard--addressDetailDetailsName1-inner\")]"}
COMMAND: GET /session/211805a0db2825488b2ffc481472c536/element/f.B77A22107D10E5486A044045F14EEE7A.d.84E1097D879BD019D811CE65F6C6D961.e.380/property/value - {}
RESULT: {}
RESULT: {}
COMMAND: GET /session/211805a0db2825488b2ffc481472c536/screenshot - {}
RESULT: {}
COMMAND: POST /session/211805a0db2825488b2ffc481472c536/element - {"using":"xpath","value":"//*[@id=\"application-manageyards-display-component---NewYard--addressDetailDetailsCity1-inner\"]"}
RESULT: {"using":"xpath","value":"//*[@id=\"application-manageyards-display-component---NewYard--addressDetailDetailsCity1-inner\"]"}
COMMAND: POST /session/211805a0db2825488b2ffc481472c536/element/f.B77A22107D10E5486A044045F14EEE7A.d.84E1097D879BD019D811CE65F6C6D961.e.383/clear - {}
RESULT: {}
COMMAND: POST /session/211805a0db2825488b2ffc481472c536/element/f.B77A22107D10E5486A044045F14EEE7A.d.84E1097D879BD019D811CE65F6C6D961.e.383/value - {"text":"Bucuresti"}
COMMAND: GET /session/211805a0db2825488b2ffc481472c536/screenshot - {}
RESULT: {"text":"Bucuresti"}
COMMAND: GET /session/211805a0db2825488b2ffc481472c536/screenshot - {}
RESULT: {}
RESULT: {}
COMMAND: POST /session/211805a0db2825488b2ffc481472c536/element - {"using":"xpath","value":"//*[@id=\"application-manageyards-display-component---NewYard--addressDetailDetailsCountry-inner\"]"}
RESULT: {"using":"xpath","value":"//*[@id=\"application-manageyards-display-component---NewYard--addressDetailDetailsCountry-inner\"]"}
COMMAND: POST /session/211805a0db2825488b2ffc481472c536/element/f.B77A22107D10E5486A044045F14EEE7A.d.84E1097D879BD019D811CE65F6C6D961.e.387/clear - {}
RESULT: {}
COMMAND: POST /session/211805a0db2825488b2ffc481472c536/element/f.B77A22107D10E5486A044045F14EEE7A.d.84E1097D879BD019D811CE65F6C6D961.e.387/value - {"text":"Romania"}
COMMAND: GET /session/211805a0db2825488b2ffc481472c536/screenshot - {}
RESULT: {"text":"Romania"}
COMMAND: GET /session/211805a0db2825488b2ffc481472c536/screenshot - {}
RESULT: {}
RESULT: {}
COMMAND: POST /session/211805a0db2825488b2ffc481472c536/element - {"using":"xpath","value":"//div[contains(text(), \"Commercial\")]"}
RESULT: {"using":"xpath","value":"//div[contains(text(), \"Commercial\")]"}
COMMAND: GET /session/211805a0db2825488b2ffc481472c536/element/f.B77A22107D10E5486A044045F14EEE7A.d.84E1097D879BD019D811CE65F6C6D961.e.576/rect - {}
RESULT: {}
COMMAND: GET /session/211805a0db2825488b2ffc481472c536/window/rect - {}
RESULT: {}
COMMAND: POST /session/211805a0db2825488b2ffc481472c536/execute/sync - {"script":"<script> [92 bytes]","args":[]}
RESULT: {"script":"<script> [92 bytes]","args":[]}
COMMAND: POST /session/211805a0db2825488b2ffc481472c536/actions - {"actions":[{"id":"action1","type":"wheel","parameters":{},"actions":[{"type":"scroll","x":-1841,"y":-44,"deltaX":0,"deltaY":0,"duration":0,"origin":{"element-6066-11e4-a52e-4f735466cecf":"f.B77A22107D10E5486A044045F14EEE7A.d.84E1097D879BD019D811CE65F6C6D961.e.576"}}]}]}
COMMAND: GET /session/211805a0db2825488b2ffc481472c536/screenshot - {}
RESULT: {}
COMMAND: POST /session/211805a0db2825488b2ffc481472c536/execute/sync - {"script":"<script> [79 bytes]","args":[{"element-6066-11e4-a52e-4f735466cecf":"f.B77A22107D10E5486A044045F14EEE7A.d.84E1097D879BD019D811CE65F6C6D961.e.576","ELEMENT":"f.B77A22107D10E5486A044045F14EEE7A.d.84E1097D879BD019D811CE65F6C6D961.e.576"},{"block":"start","inline":"nearest"}]}
RESULT: {"script":"<script> [79 bytes]","args":[{"element-6066-11e4-a52e-4f735466cecf":"f.B77A22107D10E5486A044045F14EEE7A.d.84E1097D879BD019D811CE65F6C6D961.e.576","ELEMENT":"f.B77A22107D10E5486A044045F14EEE7A.d.84E1097D879BD019D811CE65F6C6D961.e.576"},{"block":"start","inline":"nearest"}]}
COMMAND: GET /session/211805a0db2825488b2ffc481472c536/screenshot - {}
RESULT: {}
COMMAND: POST /session/211805a0db2825488b2ffc481472c536/execute/async - {"script":"<script> [1562 bytes]","args":[{"selector":{"id":"application-manageyards-display-component---NewYard--addressEditDetailsCostObjectCstType-arrow"},"wdio_ui5_key":"applicationmanageyards-display-component---NewYard--addressEditDetailsCostObjectCstType-arrow"}]}
RESULT: {"script":"<script> [1562 bytes]","args":[{"selector":{"id":"application-manageyards-display-component---NewYard--addressEditDetailsCostObjectCstType-arrow"},"wdio_ui5_key":"applicationmanageyards-display-component---NewYard--addressEditDetailsCostObjectCstType-arrow"}]}
RESULT: undefined
COMMAND: POST /session/211805a0db2825488b2ffc481472c536/element - {"using":"xpath","value":"//*[@id=\"application-manageyards-display-component---NewYard--addressEditDetailsCostObjectCstType-arrow\"]"}
RESULT: {"using":"xpath","value":"//*[@id=\"application-manageyards-display-component---NewYard--addressEditDetailsCostObjectCstType-arrow\"]"}
COMMAND: POST /session/211805a0db2825488b2ffc481472c536/element/f.B77A22107D10E5486A044045F14EEE7A.d.84E1097D879BD019D811CE65F6C6D961.e.584/click - {}
RESULT: {}
COMMAND: POST /session/211805a0db2825488b2ffc481472c536/element - {"using":"xpath","value":"//span[contains(text(), \"Cost Center\")]"}
COMMAND: GET /session/211805a0db2825488b2ffc481472c536/screenshot - {}
RESULT: {"using":"xpath","value":"//span[contains(text(), \"Cost Center\")]"}
COMMAND: POST /session/211805a0db2825488b2ffc481472c536/element/f.B77A22107D10E5486A044045F14EEE7A.d.84E1097D879BD019D811CE65F6C6D961.e.585/click - {}
RESULT: {}
RESULT: {}
COMMAND: GET /session/211805a0db2825488b2ffc481472c536/screenshot - {}
RESULT: {}
COMMAND: POST /session/211805a0db2825488b2ffc481472c536/execute/async - {"script":"<script> [1562 bytes]","args":[{"selector":{"id":"application-manageyards-display-component---NewYard--addressNewCostObjectCstID-vhi"},"wdio_ui5_key":"applicationmanageyards-display-component---NewYard--addressNewCostObjectCstID-vhi"}]}
RESULT: {"script":"<script> [1562 bytes]","args":[{"selector":{"id":"application-manageyards-display-component---NewYard--addressNewCostObjectCstID-vhi"},"wdio_ui5_key":"applicationmanageyards-display-component---NewYard--addressNewCostObjectCstID-vhi"}]}
RESULT: undefined
COMMAND: POST /session/211805a0db2825488b2ffc481472c536/element - {"using":"xpath","value":"//*[@id=\"application-manageyards-display-component---NewYard--addressNewCostObjectCstID-vhi\"]"}
RESULT: {"using":"xpath","value":"//*[@id=\"application-manageyards-display-component---NewYard--addressNewCostObjectCstID-vhi\"]"}
COMMAND: POST /session/211805a0db2825488b2ffc481472c536/element/f.B77A22107D10E5486A044045F14EEE7A.d.84E1097D879BD019D811CE65F6C6D961.e.589/click - {}
RESULT: {}
COMMAND: GET /session/211805a0db2825488b2ffc481472c536/screenshot - {}
RESULT: {}
COMMAND: POST /session/211805a0db2825488b2ffc481472c536/execute/async - {"script":"<script> [1562 bytes]","args":[{"selector":{"controlType":"sap.m.SearchField","properties":{"placeholder":"Search"},"searchOpenDialogs":true,"interaction":{"idSuffix":"I"}},"wdio_ui5_key":"sapm.SearchField{\"placeholder\":\"Search\"}"}]}
RESULT: {"script":"<script> [1562 bytes]","args":[{"selector":{"controlType":"sap.m.SearchField","properties":{"placeholder":"Search"},"searchOpenDialogs":true,"interaction":{"idSuffix":"I"}},"wdio_ui5_key":"sapm.SearchField{\"placeholder\":\"Search\"}"}]}
RESULT: undefined
COMMAND: POST /session/211805a0db2825488b2ffc481472c536/execute/async - {"script":"<script> [776 bytes]","args":[{"enterText":"10001013","selector":{"controlType":"sap.m.SearchField","properties":{"placeholder":"Search"},"searchOpenDialogs":true,"interaction":{"idSuffix":"I"}},"clearTextFirst":true,"interactionType":"ENTER_TEXT"}]}
RESULT: {"script":"<script> [776 bytes]","args":[{"enterText":"10001013","selector":{"controlType":"sap.m.SearchField","properties":{"placeholder":"Search"},"searchOpenDialogs":true,"interaction":{"idSuffix":"I"}},"clearTextFirst":true,"interactionType":"ENTER_TEXT"}]}
COMMAND: POST /session/211805a0db2825488b2ffc481472c536/actions - {"actions":[{"id":"action2","type":"key","parameters":{},"actions":[{"type":"keyDown","value":"î€‡"},{"type":"pause","duration":10},{"type":"keyUp","value":"î€‡"}]}]}
RESULT: {"actions":[{"id":"action2","type":"key","parameters":{},"actions":[{"type":"keyDown","value":"î€‡"},{"type":"pause","duration":10},{"type":"keyUp","value":"î€‡"}]}]}
COMMAND: GET /session/211805a0db2825488b2ffc481472c536/screenshot - {}
RESULT: {}
COMMAND: POST /session/211805a0db2825488b2ffc481472c536/element - {"using":"xpath","value":"//span[contains(text(), \"General Management\")]"}
RESULT: {"using":"xpath","value":"//span[contains(text(), \"General Management\")]"}
COMMAND: POST /session/211805a0db2825488b2ffc481472c536/element/f.B77A22107D10E5486A044045F14EEE7A.d.84E1097D879BD019D811CE65F6C6D961.e.631/click - {}
RESULT: {}
COMMAND: GET /session/211805a0db2825488b2ffc481472c536/screenshot - {}
RESULT: {}
COMMAND: POST /session/211805a0db2825488b2ffc481472c536/element - {"using":"xpath","value":"//bdi[contains(text(), \"OK\")]"}
RESULT: {"using":"xpath","value":"//bdi[contains(text(), \"OK\")]"}
COMMAND: POST /session/211805a0db2825488b2ffc481472c536/element/f.B77A22107D10E5486A044045F14EEE7A.d.84E1097D879BD019D811CE65F6C6D961.e.632/click - {}
RESULT: {}
COMMAND: GET /session/211805a0db2825488b2ffc481472c536/screenshot - {}
RESULT: {}
COMMAND: POST /session/211805a0db2825488b2ffc481472c536/execute/async - {"script":"<script> [1562 bytes]","args":[{"selector":{"controlType":"sap.m.Button","viewName":"etm.portal.ui.manageyards.view.New","viewId":"application-manageyards-display-component---NewYard","i18NText":{"propertyName":"text","key":"save"},"interaction":{"idSuffix":"inner"}},"wdio_ui5_key":"etmportal.ui.manageyards.view.Newsap.m.Button{\"propertyName\":\"text\",\"key\":\"save\"}"}]}
RESULT: {"script":"<script> [1562 bytes]","args":[{"selector":{"controlType":"sap.m.Button","viewName":"etm.portal.ui.manageyards.view.New","viewId":"application-manageyards-display-component---NewYard","i18NText":{"propertyName":"text","key":"save"},"interaction":{"idSuffix":"inner"}},"wdio_ui5_key":"etmportal.ui.manageyards.view.Newsap.m.Button{\"propertyName\":\"text\",\"key\":\"save\"}"}]}
RESULT: undefined
COMMAND: POST /session/211805a0db2825488b2ffc481472c536/element - {"using":"xpath","value":"//*[@id=\"__button18\"]"}
RESULT: {"using":"xpath","value":"//*[@id=\"__button18\"]"}
COMMAND: POST /session/211805a0db2825488b2ffc481472c536/element/f.B77A22107D10E5486A044045F14EEE7A.d.84E1097D879BD019D811CE65F6C6D961.e.556/click - {}
RESULT: {}
COMMAND: GET /session/211805a0db2825488b2ffc481472c536/screenshot - {}
RESULT: {}
COMMAND: POST /session/211805a0db2825488b2ffc481472c536/element - {"using":"xpath","value":"//header/div/div[2]/div[2]/span"}
RESULT: {"using":"xpath","value":"//header/div/div[2]/div[2]/span"}
COMMAND: GET /session/211805a0db2825488b2ffc481472c536/element/f.B77A22107D10E5486A044045F14EEE7A.d.84E1097D879BD019D811CE65F6C6D961.e.831/text - {}
RESULT: {}
COMMAND: POST /session/211805a0db2825488b2ffc481472c536/execute/async - {"script":"<script> [1562 bytes]","args":[{"selector":{"controlType":"sap.m.OverflowToolbarButton","viewName":"etm.portal.ui.manageyards.view.Detail","viewId":"application-manageyards-display-component---detailYard","i18NText":{"propertyName":"tooltip","key":"closeColumn"},"interaction":{"idSuffix":"inner"}},"wdio_ui5_key":"etmportal.ui.manageyards.view.Detailsap.m.OverflowToolbarButton{\"propertyName\":\"tooltip\",\"key\":\"closeColumn\"}"}]}
RESULT: {"script":"<script> [1562 bytes]","args":[{"selector":{"controlType":"sap.m.OverflowToolbarButton","viewName":"etm.portal.ui.manageyards.view.Detail","viewId":"application-manageyards-display-component---detailYard","i18NText":{"propertyName":"tooltip","key":"closeColumn"},"interaction":{"idSuffix":"inner"}},"wdio_ui5_key":"etmportal.ui.manageyards.view.Detailsap.m.OverflowToolbarButton{\"propertyName\":\"tooltip\",\"key\":\"closeColumn\"}"}]}
RESULT: undefined
COMMAND: POST /session/211805a0db2825488b2ffc481472c536/element - {"using":"xpath","value":"//*[@id=\"__button42\"]"}
RESULT: {"using":"xpath","value":"//*[@id=\"__button42\"]"}
COMMAND: POST /session/211805a0db2825488b2ffc481472c536/element/f.B77A22107D10E5486A044045F14EEE7A.d.84E1097D879BD019D811CE65F6C6D961.e.833/click - {}
RESULT: {}
COMMAND: GET /session/211805a0db2825488b2ffc481472c536/screenshot - {}
RESULT: {}
COMMAND: POST /session/211805a0db2825488b2ffc481472c536/element - {"using":"css selector","value":"#shell-header-logo"}
RESULT: {"using":"css selector","value":"#shell-header-logo"}
COMMAND: POST /session/211805a0db2825488b2ffc481472c536/element/f.B77A22107D10E5486A044045F14EEE7A.d.84E1097D879BD019D811CE65F6C6D961.e.120/click - {}
RESULT: {}
COMMAND: GET /session/211805a0db2825488b2ffc481472c536/screenshot - {}
RESULT: {}
COMMAND: POST /session/211805a0db2825488b2ffc481472c536/refresh - {}
RESULT: {}
COMMAND: GET /session/211805a0db2825488b2ffc481472c536/screenshot - {}
RESULT: {}
COMMAND: POST /session/211805a0db2825488b2ffc481472c536/execute/async - {"script":"<script> [189 bytes]","args":[]}
RESULT: {"script":"<script> [189 bytes]","args":[]}
COMMAND: POST /session/211805a0db2825488b2ffc481472c536/execute/async - {"script":"<script> [123 bytes]","args":[]}
RESULT: {"script":"<script> [123 bytes]","args":[]}
COMMAND: POST /session/211805a0db2825488b2ffc481472c536/timeouts - {"script":"<number>"}
RESULT: {"script":"<number>"}
COMMAND: GET /session/211805a0db2825488b2ffc481472c536/timeouts - {}
RESULT: {}
RESULT: undefined
COMMAND: POST /session/211805a0db2825488b2ffc481472c536/execute/async - {"script":"<script> [2676 bytes]","args":[]}
RESULT: {"script":"<script> [2676 bytes]","args":[]}
COMMAND: POST /session/211805a0db2825488b2ffc481472c536/execute/async - {"script":"<script> [2342 bytes]","args":[{"protocol":"http","hostname":"0.0.0.0","path":"/","capabilities":{"browserName":"chrome","goog:chromeOptions":{"binary":"C:\\Program Files\\Google\\Chrome\\Application\\chrome.exe","args":["--start-maximized"]}},"logLevel":"warn","connectionRetryTimeout":120000,"connectionRetryCount":3,"logLevels":{},"enableDirectConnect":true,"strictSSL":true,"_":"65 more keys: [\"cacheDir\",\"port\",\"requestedCapabilities\",\"automationProtocol\",\"baseUrl\",\"waitforInterval\",\"waitforTimeout\",\"onReload\",\"beforeCommand\",\"afterCommand\",\"rootDir\",\"specs\",\"suites\",\"exclude\",\"groupLogsByTestSpec\",\"excludeDriverLogs\",\"bail\",\"framework\",\"reporters\",\"services\",\"maxInstances\",\"maxInstancesPerCapability\",\"injectGlobals\",\"filesToWatch\",\"execArgv\",\"runnerEnv\",\"runner\",\"shard\",\"specFileRetries\",\"specFileRetriesDelay\",\"specFileRetriesDeferred\",\"reporterSyncInterval\",\"reporterSyncTimeout\",\"cucumberFeaturesWithLineNumbers\",\"autoCompileOpts\",\"mochaOpts\",\"jasmineOpts\",\"cucumberOpts\",\"onPrepare\",\"onWorkerStart\",\"onWorkerEnd\",\"before\",\"beforeSession\",\"beforeSuite\",\"beforeHook\",\"beforeTest\",\"afterTest\",\"afterHook\",\"afterSuite\",\"afterSession\",\"after\",\"onComplete\",\"beforeAssertion\",\"afterAssertion\",\"beforeFeature\",\"beforeScenario\",\"beforeStep\",\"afterStep\",\"afterScenario\",\"afterFeature\",\"_\",\"suite\",\"$0\",\"ignoredWorkerServices\",\"wdi5\"]"}]}
RESULT: {"script":"<script> [2342 bytes]","args":[{"protocol":"http","hostname":"0.0.0.0","path":"/","capabilities":{"browserName":"chrome","goog:chromeOptions":{"binary":"C:\\Program Files\\Google\\Chrome\\Application\\chrome.exe","args":["--start-maximized"]}},"logLevel":"warn","connectionRetryTimeout":120000,"connectionRetryCount":3,"logLevels":{},"enableDirectConnect":true,"strictSSL":true,"_":"65 more keys: [\"cacheDir\",\"port\",\"requestedCapabilities\",\"automationProtocol\",\"baseUrl\",\"waitforInterval\",\"waitforTimeout\",\"onReload\",\"beforeCommand\",\"afterCommand\",\"rootDir\",\"specs\",\"suites\",\"exclude\",\"groupLogsByTestSpec\",\"excludeDriverLogs\",\"bail\",\"framework\",\"reporters\",\"services\",\"maxInstances\",\"maxInstancesPerCapability\",\"injectGlobals\",\"filesToWatch\",\"execArgv\",\"runnerEnv\",\"runner\",\"shard\",\"specFileRetries\",\"specFileRetriesDelay\",\"specFileRetriesDeferred\",\"reporterSyncInterval\",\"reporterSyncTimeout\",\"cucumberFeaturesWithLineNumbers\",\"autoCompileOpts\",\"mochaOpts\",\"jasmineOpts\",\"cucumberOpts\",\"onPrepare\",\"onWorkerStart\",\"onWorkerEnd\",\"before\",\"beforeSession\",\"beforeSuite\",\"beforeHook\",\"beforeTest\",\"afterTest\",\"afterHook\",\"afterSuite\",\"afterSession\",\"after\",\"onComplete\",\"beforeAssertion\",\"afterAssertion\",\"beforeFeature\",\"beforeScenario\",\"beforeStep\",\"afterStep\",\"afterScenario\",\"afterFeature\",\"_\",\"suite\",\"$0\",\"ignoredWorkerServices\",\"wdi5\"]"}]}
COMMAND: POST /session/211805a0db2825488b2ffc481472c536/execute/async - {"script":"<script> [21126 bytes]","args":[35000]}
RESULT: {"script":"<script> [21126 bytes]","args":[35000]}
COMMAND: POST /session/211805a0db2825488b2ffc481472c536/execute/async - {"script":"<script> [1562 bytes]","args":[{"selector":{"controlType":"sap.m.GenericTile","properties":{"header":"Manage Partners"}},"wdio_ui5_key":"sapm.GenericTile{\"header\":\"Manage Partners\"}"}]}
RESULT: {"script":"<script> [1562 bytes]","args":[{"selector":{"controlType":"sap.m.GenericTile","properties":{"header":"Manage Partners"}},"wdio_ui5_key":"sapm.GenericTile{\"header\":\"Manage Partners\"}"}]}
RESULT: undefined
COMMAND: POST /session/211805a0db2825488b2ffc481472c536/element - {"using":"xpath","value":"//*[@id=\"__tile38\"]"}
RESULT: {"using":"xpath","value":"//*[@id=\"__tile38\"]"}
COMMAND: POST /session/211805a0db2825488b2ffc481472c536/element/f.B77A22107D10E5486A044045F14EEE7A.d.30BECF6E48FED3CCB287617270534755.e.1187/click - {}
RESULT: {}
COMMAND: GET /session/211805a0db2825488b2ffc481472c536/screenshot - {}
RESULT: {}
COMMAND: POST /session/211805a0db2825488b2ffc481472c536/execute/async - {"script":"<script> [1562 bytes]","args":[{"selector":{"controlType":"sap.ui.core.Icon","viewName":"etm.portal.ui.managepartners.view.Master","viewId":"application-managepartners-display-component---masterPtm","properties":{"src":{"regex":{"source":"add"}}}},"wdio_ui5_key":"etmportal.ui.managepartners.view.Mastersap.ui.core.Icon{\"src\":{\"regex\":{\"source\":\"add\"}}}"}]}
RESULT: {"script":"<script> [1562 bytes]","args":[{"selector":{"controlType":"sap.ui.core.Icon","viewName":"etm.portal.ui.managepartners.view.Master","viewId":"application-managepartners-display-component---masterPtm","properties":{"src":{"regex":{"source":"add"}}}},"wdio_ui5_key":"etmportal.ui.managepartners.view.Mastersap.ui.core.Icon{\"src\":{\"regex\":{\"source\":\"add\"}}}"}]}
RESULT: undefined
COMMAND: POST /session/211805a0db2825488b2ffc481472c536/element - {"using":"xpath","value":"//*[@id=\"__button4-img\"]"}
RESULT: {"using":"xpath","value":"//*[@id=\"__button4-img\"]"}
COMMAND: POST /session/211805a0db2825488b2ffc481472c536/element/f.B77A22107D10E5486A044045F14EEE7A.d.30BECF6E48FED3CCB287617270534755.e.1237/click - {}
RESULT: {}
COMMAND: GET /session/211805a0db2825488b2ffc481472c536/screenshot - {}
RESULT: {}
COMMAND: POST /session/211805a0db2825488b2ffc481472c536/execute/async - {"script":"<script> [1562 bytes]","args":[{"selector":{"id":"application-managepartners-display-component---NewPartner--partnerId","interaction":{"idSuffix":"inner"}},"wdio_ui5_key":"applicationmanagepartners-display-component---NewPartner--partnerId"}]}
RESULT: {"script":"<script> [1562 bytes]","args":[{"selector":{"id":"application-managepartners-display-component---NewPartner--partnerId","interaction":{"idSuffix":"inner"}},"wdio_ui5_key":"applicationmanagepartners-display-component---NewPartner--partnerId"}]}
RESULT: undefined
COMMAND: POST /session/211805a0db2825488b2ffc481472c536/execute/async - {"script":"<script> [1562 bytes]","args":[{"selector":{"id":"application-managepartners-display-component---NewPartner--addressDetailDetailsName1","interaction":{"idSuffix":"inner"}},"wdio_ui5_key":"applicationmanagepartners-display-component---NewPartner--addressDetailDetailsName1"}]}
RESULT: {"script":"<script> [1562 bytes]","args":[{"selector":{"id":"application-managepartners-display-component---NewPartner--addressDetailDetailsName1","interaction":{"idSuffix":"inner"}},"wdio_ui5_key":"applicationmanagepartners-display-component---NewPartner--addressDetailDetailsName1"}]}
RESULT: undefined
COMMAND: POST /session/211805a0db2825488b2ffc481472c536/execute/async - {"script":"<script> [776 bytes]","args":[{"enterText":"WebdriverPartnervz4mx","selector":{"id":"application-managepartners-display-component---NewPartner--addressDetailDetailsName1","interaction":{"idSuffix":"inner"}},"clearTextFirst":true,"interactionType":"ENTER_TEXT"}]}
RESULT: {"script":"<script> [776 bytes]","args":[{"enterText":"WebdriverPartnervz4mx","selector":{"id":"application-managepartners-display-component---NewPartner--addressDetailDetailsName1","interaction":{"idSuffix":"inner"}},"clearTextFirst":true,"interactionType":"ENTER_TEXT"}]}
COMMAND: POST /session/211805a0db2825488b2ffc481472c536/execute/async - {"script":"<script> [1562 bytes]","args":[{"selector":{"id":"application-managepartners-display-component---NewPartner--addressDetailDetailsLanguage","interaction":{"idSuffix":"inner"}},"wdio_ui5_key":"applicationmanagepartners-display-component---NewPartner--addressDetailDetailsLanguage"}]}
RESULT: {"script":"<script> [1562 bytes]","args":[{"selector":{"id":"application-managepartners-display-component---NewPartner--addressDetailDetailsLanguage","interaction":{"idSuffix":"inner"}},"wdio_ui5_key":"applicationmanagepartners-display-component---NewPartner--addressDetailDetailsLanguage"}]}
RESULT: undefined
COMMAND: POST /session/211805a0db2825488b2ffc481472c536/execute/async - {"script":"<script> [776 bytes]","args":[{"enterText":"Romanian","selector":{"id":"application-managepartners-display-component---NewPartner--addressDetailDetailsLanguage","interaction":{"idSuffix":"inner"}},"clearTextFirst":true,"interactionType":"ENTER_TEXT"}]}
RESULT: {"script":"<script> [776 bytes]","args":[{"enterText":"Romanian","selector":{"id":"application-managepartners-display-component---NewPartner--addressDetailDetailsLanguage","interaction":{"idSuffix":"inner"}},"clearTextFirst":true,"interactionType":"ENTER_TEXT"}]}
COMMAND: POST /session/211805a0db2825488b2ffc481472c536/element - {"using":"xpath","value":"//input[contains(@id ,\"application-managepartners-display-component---NewPartner--addressDetailDetailsName1-inner\")]"}
RESULT: {"using":"xpath","value":"//input[contains(@id ,\"application-managepartners-display-component---NewPartner--addressDetailDetailsName1-inner\")]"}
COMMAND: GET /session/211805a0db2825488b2ffc481472c536/element/f.B77A22107D10E5486A044045F14EEE7A.d.30BECF6E48FED3CCB287617270534755.e.1500/property/value - {}
RESULT: {}
COMMAND: POST /session/211805a0db2825488b2ffc481472c536/execute/async - {"script":"<script> [1562 bytes]","args":[{"selector":{"id":"application-managepartners-display-component---NewPartner--addressDetailDetailsCity1","interaction":{"idSuffix":"inner"}},"wdio_ui5_key":"applicationmanagepartners-display-component---NewPartner--addressDetailDetailsCity1"}]}
COMMAND: GET /session/211805a0db2825488b2ffc481472c536/screenshot - {}
RESULT: {"script":"<script> [1562 bytes]","args":[{"selector":{"id":"application-managepartners-display-component---NewPartner--addressDetailDetailsCity1","interaction":{"idSuffix":"inner"}},"wdio_ui5_key":"applicationmanagepartners-display-component---NewPartner--addressDetailDetailsCity1"}]}
RESULT: undefined
COMMAND: POST /session/211805a0db2825488b2ffc481472c536/execute/async - {"script":"<script> [776 bytes]","args":[{"enterText":"Bucharest","selector":{"id":"application-managepartners-display-component---NewPartner--addressDetailDetailsCity1","interaction":{"idSuffix":"inner"}},"clearTextFirst":true,"interactionType":"ENTER_TEXT"}]}
RESULT: {}
RESULT: {"script":"<script> [776 bytes]","args":[{"enterText":"Bucharest","selector":{"id":"application-managepartners-display-component---NewPartner--addressDetailDetailsCity1","interaction":{"idSuffix":"inner"}},"clearTextFirst":true,"interactionType":"ENTER_TEXT"}]}
COMMAND: POST /session/211805a0db2825488b2ffc481472c536/execute/async - {"script":"<script> [1562 bytes]","args":[{"selector":{"id":"application-managepartners-display-component---NewPartner--addressDetailDetailsCountry","interaction":{"idSuffix":"inner"}},"wdio_ui5_key":"applicationmanagepartners-display-component---NewPartner--addressDetailDetailsCountry"}]}
RESULT: {"script":"<script> [1562 bytes]","args":[{"selector":{"id":"application-managepartners-display-component---NewPartner--addressDetailDetailsCountry","interaction":{"idSuffix":"inner"}},"wdio_ui5_key":"applicationmanagepartners-display-component---NewPartner--addressDetailDetailsCountry"}]}
RESULT: undefined
COMMAND: POST /session/211805a0db2825488b2ffc481472c536/execute/async - {"script":"<script> [6424 bytes]","args":[{"element-6066-11e4-a52e-4f735466cecf":"f.B77A22107D10E5486A044045F14EEE7A.d.30BECF6E48FED3CCB287617270534755.e.1507"},"setValue",["Romania"]]}
RESULT: {"script":"<script> [6424 bytes]","args":[{"element-6066-11e4-a52e-4f735466cecf":"f.B77A22107D10E5486A044045F14EEE7A.d.30BECF6E48FED3CCB287617270534755.e.1507"},"setValue",["Romania"]]}
COMMAND: POST /session/211805a0db2825488b2ffc481472c536/execute/async - {"script":"<script> [1562 bytes]","args":[{"selector":{"id":"application-managepartners-display-component---NewPartner--partnerDetailInternal","interaction":{"idSuffix":"inner"}},"wdio_ui5_key":"applicationmanagepartners-display-component---NewPartner--partnerDetailInternal"}]}
RESULT: {"script":"<script> [1562 bytes]","args":[{"selector":{"id":"application-managepartners-display-component---NewPartner--partnerDetailInternal","interaction":{"idSuffix":"inner"}},"wdio_ui5_key":"applicationmanagepartners-display-component---NewPartner--partnerDetailInternal"}]}
RESULT: undefined
COMMAND: POST /session/211805a0db2825488b2ffc481472c536/execute/async - {"script":"<script> [776 bytes]","args":[{"enterText":"External partner","selector":{"id":"application-managepartners-display-component---NewPartner--partnerDetailInternal","interaction":{"idSuffix":"inner"}},"clearTextFirst":true,"interactionType":"ENTER_TEXT"}]}
RESULT: {"script":"<script> [776 bytes]","args":[{"enterText":"External partner","selector":{"id":"application-managepartners-display-component---NewPartner--partnerDetailInternal","interaction":{"idSuffix":"inner"}},"clearTextFirst":true,"interactionType":"ENTER_TEXT"}]}
COMMAND: POST /session/211805a0db2825488b2ffc481472c536/execute/async - {"script":"<script> [1562 bytes]","args":[{"selector":{"id":"application-managepartners-display-component---NewPartner--partnerDetailsCurrency","interaction":{"idSuffix":"inner"}},"wdio_ui5_key":"applicationmanagepartners-display-component---NewPartner--partnerDetailsCurrency"}]}
RESULT: {"script":"<script> [1562 bytes]","args":[{"selector":{"id":"application-managepartners-display-component---NewPartner--partnerDetailsCurrency","interaction":{"idSuffix":"inner"}},"wdio_ui5_key":"applicationmanagepartners-display-component---NewPartner--partnerDetailsCurrency"}]}
RESULT: undefined
COMMAND: POST /session/211805a0db2825488b2ffc481472c536/execute/async - {"script":"<script> [776 bytes]","args":[{"enterText":"Euro","selector":{"id":"application-managepartners-display-component---NewPartner--partnerDetailsCurrency","interaction":{"idSuffix":"inner"}},"clearTextFirst":true,"interactionType":"ENTER_TEXT"}]}
RESULT: {"script":"<script> [776 bytes]","args":[{"enterText":"Euro","selector":{"id":"application-managepartners-display-component---NewPartner--partnerDetailsCurrency","interaction":{"idSuffix":"inner"}},"clearTextFirst":true,"interactionType":"ENTER_TEXT"}]}
COMMAND: POST /session/211805a0db2825488b2ffc481472c536/execute/async - {"script":"<script> [1562 bytes]","args":[{"selector":{"controlType":"sap.m.Button","viewName":"etm.portal.ui.managepartners.view.NewPartner","viewId":"application-managepartners-display-component---NewPartner","properties":{"text":"Commercial"},"interaction":{"idSuffix":"BDI-content"}},"wdio_ui5_key":"etmportal.ui.managepartners.view.NewPartnersap.m.Button{\"text\":\"Commercial\"}"}]}
RESULT: {"script":"<script> [1562 bytes]","args":[{"selector":{"controlType":"sap.m.Button","viewName":"etm.portal.ui.managepartners.view.NewPartner","viewId":"application-managepartners-display-component---NewPartner","properties":{"text":"Commercial"},"interaction":{"idSuffix":"BDI-content"}},"wdio_ui5_key":"etmportal.ui.managepartners.view.NewPartnersap.m.Button{\"text\":\"Commercial\"}"}]}
RESULT: undefined
COMMAND: POST /session/211805a0db2825488b2ffc481472c536/element - {"using":"xpath","value":"//*[@id=\"application-managepartners-display-component---NewPartner--ObjectPageLayout-anchBar-__section5-anchor\"]"}
RESULT: {"using":"xpath","value":"//*[@id=\"application-managepartners-display-component---NewPartner--ObjectPageLayout-anchBar-__section5-anchor\"]"}
COMMAND: POST /session/211805a0db2825488b2ffc481472c536/element/f.B77A22107D10E5486A044045F14EEE7A.d.30BECF6E48FED3CCB287617270534755.e.1664/click - {}
RESULT: {}
COMMAND: GET /session/211805a0db2825488b2ffc481472c536/screenshot - {}
RESULT: {}
COMMAND: POST /session/211805a0db2825488b2ffc481472c536/execute/async - {"script":"<script> [1562 bytes]","args":[{"selector":{"id":"application-managepartners-display-component---NewPartner--btnAddTableRow-img"},"wdio_ui5_key":"applicationmanagepartners-display-component---NewPartner--btnAddTableRow-img"}]}
RESULT: {"script":"<script> [1562 bytes]","args":[{"selector":{"id":"application-managepartners-display-component---NewPartner--btnAddTableRow-img"},"wdio_ui5_key":"applicationmanagepartners-display-component---NewPartner--btnAddTableRow-img"}]}
RESULT: undefined
COMMAND: POST /session/211805a0db2825488b2ffc481472c536/element - {"using":"xpath","value":"//*[@id=\"application-managepartners-display-component---NewPartner--btnAddTableRow-img\"]"}
RESULT: {"using":"xpath","value":"//*[@id=\"application-managepartners-display-component---NewPartner--btnAddTableRow-img\"]"}
COMMAND: POST /session/211805a0db2825488b2ffc481472c536/element/f.B77A22107D10E5486A044045F14EEE7A.d.30BECF6E48FED3CCB287617270534755.e.1670/click - {}
RESULT: {}
COMMAND: POST /session/211805a0db2825488b2ffc481472c536/element - {"using":"xpath","value":"//input[contains(@id ,\"application-managepartners-display-component---NewPartner--assignmentYard-application-managepartners-display-component---NewPartner\")]"}
COMMAND: GET /session/211805a0db2825488b2ffc481472c536/screenshot - {}
RESULT: {"using":"xpath","value":"//input[contains(@id ,\"application-managepartners-display-component---NewPartner--assignmentYard-application-managepartners-display-component---NewPartner\")]"}
COMMAND: POST /session/211805a0db2825488b2ffc481472c536/element/f.B77A22107D10E5486A044045F14EEE7A.d.30BECF6E48FED3CCB287617270534755.e.1675/clear - {}
RESULT: {}
RESULT: {}
COMMAND: POST /session/211805a0db2825488b2ffc481472c536/element/f.B77A22107D10E5486A044045F14EEE7A.d.30BECF6E48FED3CCB287617270534755.e.1675/value - {"text":"551"}
COMMAND: GET /session/211805a0db2825488b2ffc481472c536/screenshot - {}
RESULT: {"text":"551"}
COMMAND: GET /session/211805a0db2825488b2ffc481472c536/screenshot - {}
RESULT: {}
RESULT: {}
COMMAND: POST /session/211805a0db2825488b2ffc481472c536/execute/async - {"script":"<script> [1562 bytes]","args":[{"selector":{"controlType":"sap.m.Button","viewName":"etm.portal.ui.managepartners.view.NewPartner","viewId":"application-managepartners-display-component---NewPartner","i18NText":{"propertyName":"text","key":"save"},"interaction":{"idSuffix":"BDI-content"}},"wdio_ui5_key":"etmportal.ui.managepartners.view.NewPartnersap.m.Button{\"propertyName\":\"text\",\"key\":\"save\"}"}]}
RESULT: {"script":"<script> [1562 bytes]","args":[{"selector":{"controlType":"sap.m.Button","viewName":"etm.portal.ui.managepartners.view.NewPartner","viewId":"application-managepartners-display-component---NewPartner","i18NText":{"propertyName":"text","key":"save"},"interaction":{"idSuffix":"BDI-content"}},"wdio_ui5_key":"etmportal.ui.managepartners.view.NewPartnersap.m.Button{\"propertyName\":\"text\",\"key\":\"save\"}"}]}
RESULT: undefined
COMMAND: POST /session/211805a0db2825488b2ffc481472c536/element - {"using":"xpath","value":"//*[@id=\"__button12\"]"}
RESULT: {"using":"xpath","value":"//*[@id=\"__button12\"]"}
COMMAND: POST /session/211805a0db2825488b2ffc481472c536/element/f.B77A22107D10E5486A044045F14EEE7A.d.30BECF6E48FED3CCB287617270534755.e.1645/click - {}
RESULT: {}
COMMAND: GET /session/211805a0db2825488b2ffc481472c536/screenshot - {}
RESULT: {}
COMMAND: POST /session/211805a0db2825488b2ffc481472c536/element - {"using":"xpath","value":"//header/div/div[2]/div[2]/span"}
RESULT: {"using":"xpath","value":"//header/div/div[2]/div[2]/span"}
COMMAND: GET /session/211805a0db2825488b2ffc481472c536/element/f.B77A22107D10E5486A044045F14EEE7A.d.30BECF6E48FED3CCB287617270534755.e.1845/text - {}
RESULT: {}
COMMAND: POST /session/211805a0db2825488b2ffc481472c536/element - {"using":"xpath","value":"//header/div/div/div/div/div/div[2]/div/span"}
RESULT: {"using":"xpath","value":"//header/div/div/div/div/div/div[2]/div/span"}
COMMAND: GET /session/211805a0db2825488b2ffc481472c536/element/f.B77A22107D10E5486A044045F14EEE7A.d.30BECF6E48FED3CCB287617270534755.e.1846/text - {}
RESULT: {}
COMMAND: POST /session/211805a0db2825488b2ffc481472c536/execute/async - {"script":"<script> [1562 bytes]","args":[{"selector":{"id":"application-managepartners-display-component---detailPtm--partnerType"},"wdio_ui5_key":"applicationmanagepartners-display-component---detailPtm--partnerType"}]}
RESULT: {"script":"<script> [1562 bytes]","args":[{"selector":{"id":"application-managepartners-display-component---detailPtm--partnerType"},"wdio_ui5_key":"applicationmanagepartners-display-component---detailPtm--partnerType"}]}
RESULT: undefined
COMMAND: POST /session/211805a0db2825488b2ffc481472c536/execute/async - {"script":"<script> [6424 bytes]","args":[{"element-6066-11e4-a52e-4f735466cecf":"f.B77A22107D10E5486A044045F14EEE7A.d.30BECF6E48FED3CCB287617270534755.e.1847"},"getText",[]]}
RESULT: {"script":"<script> [6424 bytes]","args":[{"element-6066-11e4-a52e-4f735466cecf":"f.B77A22107D10E5486A044045F14EEE7A.d.30BECF6E48FED3CCB287617270534755.e.1847"},"getText",[]]}
COMMAND: POST /session/211805a0db2825488b2ffc481472c536/element - {"using":"css selector","value":"#shell-header-logo"}
RESULT: {"using":"css selector","value":"#shell-header-logo"}
COMMAND: POST /session/211805a0db2825488b2ffc481472c536/element/f.B77A22107D10E5486A044045F14EEE7A.d.30BECF6E48FED3CCB287617270534755.e.1189/click - {}
RESULT: {}
COMMAND: GET /session/211805a0db2825488b2ffc481472c536/screenshot - {}
RESULT: {}
COMMAND: POST /session/211805a0db2825488b2ffc481472c536/execute/async - {"script":"<script> [1562 bytes]","args":[{"selector":{"controlType":"sap.m.GenericTile","properties":{"header":"Manage Sites"}},"wdio_ui5_key":"sapm.GenericTile{\"header\":\"Manage Sites\"}"}]}
RESULT: {"script":"<script> [1562 bytes]","args":[{"selector":{"controlType":"sap.m.GenericTile","properties":{"header":"Manage Sites"}},"wdio_ui5_key":"sapm.GenericTile{\"header\":\"Manage Sites\"}"}]}
RESULT: undefined
COMMAND: POST /session/211805a0db2825488b2ffc481472c536/element - {"using":"xpath","value":"//*[@id=\"__tile40\"]"}
RESULT: {"using":"xpath","value":"//*[@id=\"__tile40\"]"}
COMMAND: POST /session/211805a0db2825488b2ffc481472c536/element/f.B77A22107D10E5486A044045F14EEE7A.d.30BECF6E48FED3CCB287617270534755.e.1849/click - {}
RESULT: {}
COMMAND: GET /session/211805a0db2825488b2ffc481472c536/screenshot - {}
RESULT: {}
COMMAND: POST /session/211805a0db2825488b2ffc481472c536/execute/async - {"script":"<script> [1562 bytes]","args":[{"selector":{"controlType":"sap.ui.core.Icon","viewName":"etm.portal.ui.managesites.view.Master","viewId":"application-managesites-display-component---masterSite","properties":{"src":{"regex":{"source":"add"}}}},"wdio_ui5_key":"etmportal.ui.managesites.view.Mastersap.ui.core.Icon{\"src\":{\"regex\":{\"source\":\"add\"}}}"}]}
RESULT: {"script":"<script> [1562 bytes]","args":[{"selector":{"controlType":"sap.ui.core.Icon","viewName":"etm.portal.ui.managesites.view.Master","viewId":"application-managesites-display-component---masterSite","properties":{"src":{"regex":{"source":"add"}}}},"wdio_ui5_key":"etmportal.ui.managesites.view.Mastersap.ui.core.Icon{\"src\":{\"regex\":{\"source\":\"add\"}}}"}]}
RESULT: undefined
COMMAND: POST /session/211805a0db2825488b2ffc481472c536/element - {"using":"xpath","value":"//*[@id=\"__button52-img\"]"}
RESULT: {"using":"xpath","value":"//*[@id=\"__button52-img\"]"}
COMMAND: POST /session/211805a0db2825488b2ffc481472c536/element/f.B77A22107D10E5486A044045F14EEE7A.d.30BECF6E48FED3CCB287617270534755.e.1898/click - {}
RESULT: {}
COMMAND: POST /session/211805a0db2825488b2ffc481472c536/execute/async - {"script":"<script> [1562 bytes]","args":[{"selector":{"id":"application-managesites-display-component---NewSite--siteId","interaction":{"idSuffix":"inner"}},"wdio_ui5_key":"applicationmanagesites-display-component---NewSite--siteId"}]}
COMMAND: GET /session/211805a0db2825488b2ffc481472c536/screenshot - {}
RESULT: {"script":"<script> [1562 bytes]","args":[{"selector":{"id":"application-managesites-display-component---NewSite--siteId","interaction":{"idSuffix":"inner"}},"wdio_ui5_key":"applicationmanagesites-display-component---NewSite--siteId"}]}
RESULT: undefined
COMMAND: POST /session/211805a0db2825488b2ffc481472c536/execute/async - {"script":"<script> [1562 bytes]","args":[{"selector":{"id":"application-managesites-display-component---NewSite--addressDetailDetailsName1","interaction":{"idSuffix":"inner"}},"wdio_ui5_key":"applicationmanagesites-display-component---NewSite--addressDetailDetailsName1"}]}
RESULT: {}
RESULT: {"script":"<script> [1562 bytes]","args":[{"selector":{"id":"application-managesites-display-component---NewSite--addressDetailDetailsName1","interaction":{"idSuffix":"inner"}},"wdio_ui5_key":"applicationmanagesites-display-component---NewSite--addressDetailDetailsName1"}]}
RESULT: undefined
COMMAND: POST /session/211805a0db2825488b2ffc481472c536/execute/async - {"script":"<script> [776 bytes]","args":[{"enterText":"WebdriverSiteej9jg","selector":{"id":"application-managesites-display-component---NewSite--addressDetailDetailsName1","interaction":{"idSuffix":"inner"}},"clearTextFirst":true,"interactionType":"ENTER_TEXT"}]}
RESULT: {"script":"<script> [776 bytes]","args":[{"enterText":"WebdriverSiteej9jg","selector":{"id":"application-managesites-display-component---NewSite--addressDetailDetailsName1","interaction":{"idSuffix":"inner"}},"clearTextFirst":true,"interactionType":"ENTER_TEXT"}]}
COMMAND: POST /session/211805a0db2825488b2ffc481472c536/execute/async - {"script":"<script> [1562 bytes]","args":[{"selector":{"id":"application-managesites-display-component---NewSite--addressDetailDetailsLanguage","interaction":{"idSuffix":"inner"}},"wdio_ui5_key":"applicationmanagesites-display-component---NewSite--addressDetailDetailsLanguage"}]}
RESULT: {"script":"<script> [1562 bytes]","args":[{"selector":{"id":"application-managesites-display-component---NewSite--addressDetailDetailsLanguage","interaction":{"idSuffix":"inner"}},"wdio_ui5_key":"applicationmanagesites-display-component---NewSite--addressDetailDetailsLanguage"}]}
RESULT: undefined
COMMAND: POST /session/211805a0db2825488b2ffc481472c536/execute/async - {"script":"<script> [776 bytes]","args":[{"enterText":"Romanian","selector":{"id":"application-managesites-display-component---NewSite--addressDetailDetailsLanguage","interaction":{"idSuffix":"inner"}},"clearTextFirst":true,"interactionType":"ENTER_TEXT"}]}
RESULT: {"script":"<script> [776 bytes]","args":[{"enterText":"Romanian","selector":{"id":"application-managesites-display-component---NewSite--addressDetailDetailsLanguage","interaction":{"idSuffix":"inner"}},"clearTextFirst":true,"interactionType":"ENTER_TEXT"}]}
COMMAND: POST /session/211805a0db2825488b2ffc481472c536/execute/async - {"script":"<script> [1562 bytes]","args":[{"selector":{"id":"application-managesites-display-component---NewSite--addressDetailDetailsCity1","interaction":{"idSuffix":"inner"}},"wdio_ui5_key":"applicationmanagesites-display-component---NewSite--addressDetailDetailsCity1"}]}
RESULT: {"script":"<script> [1562 bytes]","args":[{"selector":{"id":"application-managesites-display-component---NewSite--addressDetailDetailsCity1","interaction":{"idSuffix":"inner"}},"wdio_ui5_key":"applicationmanagesites-display-component---NewSite--addressDetailDetailsCity1"}]}
RESULT: undefined
COMMAND: POST /session/211805a0db2825488b2ffc481472c536/execute/async - {"script":"<script> [776 bytes]","args":[{"enterText":"Bucharest","selector":{"id":"application-managesites-display-component---NewSite--addressDetailDetailsCity1","interaction":{"idSuffix":"inner"}},"clearTextFirst":true,"interactionType":"ENTER_TEXT"}]}
RESULT: {"script":"<script> [776 bytes]","args":[{"enterText":"Bucharest","selector":{"id":"application-managesites-display-component---NewSite--addressDetailDetailsCity1","interaction":{"idSuffix":"inner"}},"clearTextFirst":true,"interactionType":"ENTER_TEXT"}]}
COMMAND: POST /session/211805a0db2825488b2ffc481472c536/execute/async - {"script":"<script> [1562 bytes]","args":[{"selector":{"id":"application-managesites-display-component---NewSite--addressDetailDetailsCountry","interaction":{"idSuffix":"inner"}},"wdio_ui5_key":"applicationmanagesites-display-component---NewSite--addressDetailDetailsCountry"}]}
RESULT: {"script":"<script> [1562 bytes]","args":[{"selector":{"id":"application-managesites-display-component---NewSite--addressDetailDetailsCountry","interaction":{"idSuffix":"inner"}},"wdio_ui5_key":"applicationmanagesites-display-component---NewSite--addressDetailDetailsCountry"}]}
RESULT: undefined
COMMAND: POST /session/211805a0db2825488b2ffc481472c536/execute/async - {"script":"<script> [776 bytes]","args":[{"enterText":"Romania","selector":{"id":"application-managesites-display-component---NewSite--addressDetailDetailsCountry","interaction":{"idSuffix":"inner"}},"clearTextFirst":true,"interactionType":"ENTER_TEXT"}]}
RESULT: {"script":"<script> [776 bytes]","args":[{"enterText":"Romania","selector":{"id":"application-managesites-display-component---NewSite--addressDetailDetailsCountry","interaction":{"idSuffix":"inner"}},"clearTextFirst":true,"interactionType":"ENTER_TEXT"}]}
COMMAND: POST /session/211805a0db2825488b2ffc481472c536/element - {"using":"css selector","value":"#application-managesites-display-component---NewSite--addressDetailDetailsCalendar-inner"}
RESULT: {"using":"css selector","value":"#application-managesites-display-component---NewSite--addressDetailDetailsCalendar-inner"}
COMMAND: POST /session/211805a0db2825488b2ffc481472c536/element/f.B77A22107D10E5486A044045F14EEE7A.d.30BECF6E48FED3CCB287617270534755.e.2112/clear - {}
RESULT: {}
COMMAND: POST /session/211805a0db2825488b2ffc481472c536/element/f.B77A22107D10E5486A044045F14EEE7A.d.30BECF6E48FED3CCB287617270534755.e.2112/value - {"text":"Germany"}
COMMAND: GET /session/211805a0db2825488b2ffc481472c536/screenshot - {}
RESULT: {"text":"Germany"}
COMMAND: POST /session/211805a0db2825488b2ffc481472c536/execute/async - {"script":"<script> [1562 bytes]","args":[{"selector":{"id":"application-managesites-display-component---NewSite--addressEditDetailsCostObjectCstType-arrow"},"wdio_ui5_key":"applicationmanagesites-display-component---NewSite--addressEditDetailsCostObjectCstType-arrow"}]}
COMMAND: GET /session/211805a0db2825488b2ffc481472c536/screenshot - {}
RESULT: {}
RESULT: {"script":"<script> [1562 bytes]","args":[{"selector":{"id":"application-managesites-display-component---NewSite--addressEditDetailsCostObjectCstType-arrow"},"wdio_ui5_key":"applicationmanagesites-display-component---NewSite--addressEditDetailsCostObjectCstType-arrow"}]}
RESULT: undefined
COMMAND: POST /session/211805a0db2825488b2ffc481472c536/element - {"using":"xpath","value":"//*[@id=\"application-managesites-display-component---NewSite--addressEditDetailsCostObjectCstType-arrow\"]"}
RESULT: {}
RESULT: {"using":"xpath","value":"//*[@id=\"application-managesites-display-component---NewSite--addressEditDetailsCostObjectCstType-arrow\"]"}
COMMAND: POST /session/211805a0db2825488b2ffc481472c536/element/f.B77A22107D10E5486A044045F14EEE7A.d.30BECF6E48FED3CCB287617270534755.e.2273/click - {}
RESULT: {}
COMMAND: POST /session/211805a0db2825488b2ffc481472c536/element - {"using":"xpath","value":"//span[contains(text(), \"Work Breakdown Structure\")]"}
COMMAND: GET /session/211805a0db2825488b2ffc481472c536/screenshot - {}
RESULT: {"using":"xpath","value":"//span[contains(text(), \"Work Breakdown Structure\")]"}
COMMAND: POST /session/211805a0db2825488b2ffc481472c536/element/f.B77A22107D10E5486A044045F14EEE7A.d.30BECF6E48FED3CCB287617270534755.e.2274/click - {}
RESULT: {}
RESULT: {}
COMMAND: GET /session/211805a0db2825488b2ffc481472c536/screenshot - {}
RESULT: {}
COMMAND: POST /session/211805a0db2825488b2ffc481472c536/execute/async - {"script":"<script> [1562 bytes]","args":[{"selector":{"id":"application-managesites-display-component---NewSite--addressNewCostObjectCstID-vhi"},"wdio_ui5_key":"applicationmanagesites-display-component---NewSite--addressNewCostObjectCstID-vhi"}]}
RESULT: {"script":"<script> [1562 bytes]","args":[{"selector":{"id":"application-managesites-display-component---NewSite--addressNewCostObjectCstID-vhi"},"wdio_ui5_key":"applicationmanagesites-display-component---NewSite--addressNewCostObjectCstID-vhi"}]}
RESULT: undefined
COMMAND: POST /session/211805a0db2825488b2ffc481472c536/element - {"using":"xpath","value":"//*[@id=\"application-managesites-display-component---NewSite--addressNewCostObjectCstID-vhi\"]"}
RESULT: {"using":"xpath","value":"//*[@id=\"application-managesites-display-component---NewSite--addressNewCostObjectCstID-vhi\"]"}
COMMAND: POST /session/211805a0db2825488b2ffc481472c536/element/f.B77A22107D10E5486A044045F14EEE7A.d.30BECF6E48FED3CCB287617270534755.e.2279/click - {}
RESULT: {}
COMMAND: GET /session/211805a0db2825488b2ffc481472c536/screenshot - {}
RESULT: {}
COMMAND: POST /session/211805a0db2825488b2ffc481472c536/execute/async - {"script":"<script> [1562 bytes]","args":[{"selector":{"controlType":"sap.m.SearchField","properties":{"placeholder":"Search"},"searchOpenDialogs":true,"interaction":{"idSuffix":"I"}},"wdio_ui5_key":"sapm.SearchField{\"placeholder\":\"Search\"}"}]}
RESULT: {"script":"<script> [1562 bytes]","args":[{"selector":{"controlType":"sap.m.SearchField","properties":{"placeholder":"Search"},"searchOpenDialogs":true,"interaction":{"idSuffix":"I"}},"wdio_ui5_key":"sapm.SearchField{\"placeholder\":\"Search\"}"}]}
RESULT: undefined
COMMAND: POST /session/211805a0db2825488b2ffc481472c536/execute/async - {"script":"<script> [776 bytes]","args":[{"enterText":"A1-000100-01","selector":{"controlType":"sap.m.SearchField","properties":{"placeholder":"Search"},"searchOpenDialogs":true,"interaction":{"idSuffix":"I"}},"clearTextFirst":true,"interactionType":"ENTER_TEXT"}]}
RESULT: {"script":"<script> [776 bytes]","args":[{"enterText":"A1-000100-01","selector":{"controlType":"sap.m.SearchField","properties":{"placeholder":"Search"},"searchOpenDialogs":true,"interaction":{"idSuffix":"I"}},"clearTextFirst":true,"interactionType":"ENTER_TEXT"}]}
COMMAND: POST /session/211805a0db2825488b2ffc481472c536/actions - {"actions":[{"id":"action3","type":"key","parameters":{},"actions":[{"type":"keyDown","value":"î€‡"},{"type":"pause","duration":10},{"type":"keyUp","value":"î€‡"}]}]}
RESULT: {"actions":[{"id":"action3","type":"key","parameters":{},"actions":[{"type":"keyDown","value":"î€‡"},{"type":"pause","duration":10},{"type":"keyUp","value":"î€‡"}]}]}
COMMAND: GET /session/211805a0db2825488b2ffc481472c536/screenshot - {}
RESULT: {}
COMMAND: POST /session/211805a0db2825488b2ffc481472c536/element - {"using":"xpath","value":"//span[contains(text(), \"Template for ETO-Process\")]"}
RESULT: {"using":"xpath","value":"//span[contains(text(), \"Template for ETO-Process\")]"}
COMMAND: POST /session/211805a0db2825488b2ffc481472c536/element/f.B77A22107D10E5486A044045F14EEE7A.d.30BECF6E48FED3CCB287617270534755.e.2298/click - {}
RESULT: {}
COMMAND: GET /session/211805a0db2825488b2ffc481472c536/screenshot - {}
RESULT: {}
COMMAND: POST /session/211805a0db2825488b2ffc481472c536/element - {"using":"xpath","value":"//bdi[contains(text(), \"OK\")]"}
RESULT: {"using":"xpath","value":"//bdi[contains(text(), \"OK\")]"}
COMMAND: POST /session/211805a0db2825488b2ffc481472c536/element/f.B77A22107D10E5486A044045F14EEE7A.d.30BECF6E48FED3CCB287617270534755.e.2299/click - {}
RESULT: {}
COMMAND: GET /session/211805a0db2825488b2ffc481472c536/screenshot - {}
RESULT: {}
COMMAND: POST /session/211805a0db2825488b2ffc481472c536/element - {"using":"xpath","value":"//input[@id=\"application-managesites-display-component---NewSite--addressDetailDetailsYard-inner\"]"}
RESULT: {"using":"xpath","value":"//input[@id=\"application-managesites-display-component---NewSite--addressDetailDetailsYard-inner\"]"}
COMMAND: POST /session/211805a0db2825488b2ffc481472c536/element/f.B77A22107D10E5486A044045F14EEE7A.d.30BECF6E48FED3CCB287617270534755.e.2113/value - {"text":"551"}
RESULT: {"text":"551"}
COMMAND: GET /session/211805a0db2825488b2ffc481472c536/screenshot - {}
RESULT: {}
COMMAND: POST /session/211805a0db2825488b2ffc481472c536/actions - {"actions":[{"id":"action4","type":"key","parameters":{},"actions":[{"type":"keyDown","value":"î€‡"},{"type":"pause","duration":10},{"type":"keyUp","value":"î€‡"}]}]}
RESULT: {"actions":[{"id":"action4","type":"key","parameters":{},"actions":[{"type":"keyDown","value":"î€‡"},{"type":"pause","duration":10},{"type":"keyUp","value":"î€‡"}]}]}
COMMAND: GET /session/211805a0db2825488b2ffc481472c536/screenshot - {}
RESULT: {}
COMMAND: POST /session/211805a0db2825488b2ffc481472c536/element - {"using":"xpath","value":"//input[@id=\"application-managesites-display-component---NewSite--addressDetailDetailsPartner-inner\"]"}
RESULT: {"using":"xpath","value":"//input[@id=\"application-managesites-display-component---NewSite--addressDetailDetailsPartner-inner\"]"}
COMMAND: POST /session/211805a0db2825488b2ffc481472c536/elements - {"using":"xpath","value":"//input[@id=\"application-managesites-display-component---NewSite--addressDetailDetailsPartner-inner\"]"}
RESULT: {"using":"xpath","value":"//input[@id=\"application-managesites-display-component---NewSite--addressDetailDetailsPartner-inner\"]"}
COMMAND: POST /session/211805a0db2825488b2ffc481472c536/execute/async - {"script":"<script> [1562 bytes]","args":[{"selector":{"controlType":"sap.m.Button","viewName":"etm.portal.ui.managesites.view.NewSmartSite","viewId":"application-managesites-display-component---NewSite","properties":{"text":"Commercial"},"interaction":{"idSuffix":"BDI-content"}},"wdio_ui5_key":"etmportal.ui.managesites.view.NewSmartSitesap.m.Button{\"text\":\"Commercial\"}"}]}
RESULT: {"script":"<script> [1562 bytes]","args":[{"selector":{"controlType":"sap.m.Button","viewName":"etm.portal.ui.managesites.view.NewSmartSite","viewId":"application-managesites-display-component---NewSite","properties":{"text":"Commercial"},"interaction":{"idSuffix":"BDI-content"}},"wdio_ui5_key":"etmportal.ui.managesites.view.NewSmartSitesap.m.Button{\"text\":\"Commercial\"}"}]}
RESULT: undefined
COMMAND: POST /session/211805a0db2825488b2ffc481472c536/element - {"using":"xpath","value":"//*[@id=\"application-managesites-display-component---NewSite--ObjectPageLayout-anchBar-__section31-anchor\"]"}
RESULT: {"using":"xpath","value":"//*[@id=\"application-managesites-display-component---NewSite--ObjectPageLayout-anchBar-__section31-anchor\"]"}
COMMAND: POST /session/211805a0db2825488b2ffc481472c536/element/f.B77A22107D10E5486A044045F14EEE7A.d.30BECF6E48FED3CCB287617270534755.e.2306/click - {}
RESULT: {}
COMMAND: POST /session/211805a0db2825488b2ffc481472c536/execute/async - {"script":"<script> [1562 bytes]","args":[{"selector":{"controlType":"sap.m.Button","viewName":"etm.portal.ui.managesites.view.NewSmartSite","viewId":"application-managesites-display-component---NewSite","i18NText":{"propertyName":"text","key":"save"},"interaction":{"idSuffix":"BDI-content"}},"wdio_ui5_key":"etmportal.ui.managesites.view.NewSmartSitesap.m.Button{\"propertyName\":\"text\",\"key\":\"save\"}"}]}
COMMAND: GET /session/211805a0db2825488b2ffc481472c536/screenshot - {}
RESULT: {"script":"<script> [1562 bytes]","args":[{"selector":{"controlType":"sap.m.Button","viewName":"etm.portal.ui.managesites.view.NewSmartSite","viewId":"application-managesites-display-component---NewSite","i18NText":{"propertyName":"text","key":"save"},"interaction":{"idSuffix":"BDI-content"}},"wdio_ui5_key":"etmportal.ui.managesites.view.NewSmartSitesap.m.Button{\"propertyName\":\"text\",\"key\":\"save\"}"}]}
RESULT: undefined
COMMAND: POST /session/211805a0db2825488b2ffc481472c536/element - {"using":"xpath","value":"//*[@id=\"__button64\"]"}
RESULT: {}
RESULT: {"using":"xpath","value":"//*[@id=\"__button64\"]"}
COMMAND: POST /session/211805a0db2825488b2ffc481472c536/element/f.B77A22107D10E5486A044045F14EEE7A.d.30BECF6E48FED3CCB287617270534755.e.2249/click - {}
RESULT: {}
COMMAND: GET /session/211805a0db2825488b2ffc481472c536/screenshot - {}
RESULT: {}
COMMAND: POST /session/211805a0db2825488b2ffc481472c536/execute/async - {"script":"<script> [1562 bytes]","args":[{"selector":{"id":"application-managesites-display-component---detailSite--addressDetailDetailsYardText"},"wdio_ui5_key":"applicationmanagesites-display-component---detailSite--addressDetailDetailsYardText"}]}
RESULT: {"script":"<script> [1562 bytes]","args":[{"selector":{"id":"application-managesites-display-component---detailSite--addressDetailDetailsYardText"},"wdio_ui5_key":"applicationmanagesites-display-component---detailSite--addressDetailDetailsYardText"}]}
RESULT: undefined
COMMAND: POST /session/211805a0db2825488b2ffc481472c536/element - {"using":"xpath","value":"//header/div/div[2]/div[2]/span"}
RESULT: {"using":"xpath","value":"//header/div/div[2]/div[2]/span"}
COMMAND: GET /session/211805a0db2825488b2ffc481472c536/element/f.B77A22107D10E5486A044045F14EEE7A.d.30BECF6E48FED3CCB287617270534755.e.2515/text - {}
RESULT: {}
COMMAND: POST /session/211805a0db2825488b2ffc481472c536/element - {"using":"xpath","value":"//header/div/div/div/div/div/div[2]/div/span"}
RESULT: {"using":"xpath","value":"//header/div/div/div/div/div/div[2]/div/span"}
COMMAND: GET /session/211805a0db2825488b2ffc481472c536/element/f.B77A22107D10E5486A044045F14EEE7A.d.30BECF6E48FED3CCB287617270534755.e.2516/text - {}
RESULT: {}
COMMAND: POST /session/211805a0db2825488b2ffc481472c536/element - {"using":"css selector","value":"#shell-header-logo"}
RESULT: {"using":"css selector","value":"#shell-header-logo"}
COMMAND: POST /session/211805a0db2825488b2ffc481472c536/element/f.B77A22107D10E5486A044045F14EEE7A.d.30BECF6E48FED3CCB287617270534755.e.1854/click - {}
RESULT: {}
COMMAND: GET /session/211805a0db2825488b2ffc481472c536/screenshot - {}
RESULT: {}
]]></system-out>
    </testcase>
    <testcase classname="chrome.135_0_7049_96.windows.Standard_contract_-_add_contract_items_by_Insert_Request_US118222" name="Should create 2 new resources and a catalog item" time="384.136">
      <system-out><![CDATA[
COMMAND: POST /session/211805a0db2825488b2ffc481472c536/execute/async - {"script":"<script> [1562 bytes]","args":[{"selector":{"controlType":"sap.m.GenericTile","properties":{"header":"Manage Resources"}},"wdio_ui5_key":"sapm.GenericTile{\"header\":\"Manage Resources\"}"}]}
RESULT: {"script":"<script> [1562 bytes]","args":[{"selector":{"controlType":"sap.m.GenericTile","properties":{"header":"Manage Resources"}},"wdio_ui5_key":"sapm.GenericTile{\"header\":\"Manage Resources\"}"}]}
RESULT: undefined
COMMAND: POST /session/211805a0db2825488b2ffc481472c536/element - {"using":"xpath","value":"//*[@id=\"__tile39\"]"}
RESULT: {"using":"xpath","value":"//*[@id=\"__tile39\"]"}
COMMAND: POST /session/211805a0db2825488b2ffc481472c536/element/f.B77A22107D10E5486A044045F14EEE7A.d.30BECF6E48FED3CCB287617270534755.e.2518/click - {}
RESULT: {}
COMMAND: GET /session/211805a0db2825488b2ffc481472c536/screenshot - {}
RESULT: {}
COMMAND: POST /session/211805a0db2825488b2ffc481472c536/element - {"using":"xpath","value":"//button[@data-kt=\"addNewRUOverflowToolbarButton\"]"}
RESULT: {"using":"xpath","value":"//button[@data-kt=\"addNewRUOverflowToolbarButton\"]"}
COMMAND: POST /session/211805a0db2825488b2ffc481472c536/execute/sync - {"script":"<script> [8489 bytes]","args":[{"element-6066-11e4-a52e-4f735466cecf":"f.B77A22107D10E5486A044045F14EEE7A.d.30BECF6E48FED3CCB287617270534755.e.2560","ELEMENT":"f.B77A22107D10E5486A044045F14EEE7A.d.30BECF6E48FED3CCB287617270534755.e.2560"}]}
RESULT: {"script":"<script> [8489 bytes]","args":[{"element-6066-11e4-a52e-4f735466cecf":"f.B77A22107D10E5486A044045F14EEE7A.d.30BECF6E48FED3CCB287617270534755.e.2560","ELEMENT":"f.B77A22107D10E5486A044045F14EEE7A.d.30BECF6E48FED3CCB287617270534755.e.2560"}]}
COMMAND: POST /session/211805a0db2825488b2ffc481472c536/element/f.B77A22107D10E5486A044045F14EEE7A.d.30BECF6E48FED3CCB287617270534755.e.2560/click - {}
COMMAND: GET /session/211805a0db2825488b2ffc481472c536/screenshot - {}
RESULT: {}
COMMAND: POST /session/211805a0db2825488b2ffc481472c536/execute/async - {"script":"<script> [1562 bytes]","args":[{"selector":{"id":"application-manageresources-display-component---newResourceUnit--TYPE-arrow"},"wdio_ui5_key":"applicationmanageresources-display-component---newResourceUnit--TYPE-arrow"}]}
COMMAND: GET /session/211805a0db2825488b2ffc481472c536/screenshot - {}
RESULT: {}
RESULT: {"script":"<script> [1562 bytes]","args":[{"selector":{"id":"application-manageresources-display-component---newResourceUnit--TYPE-arrow"},"wdio_ui5_key":"applicationmanageresources-display-component---newResourceUnit--TYPE-arrow"}]}
RESULT: undefined
COMMAND: POST /session/211805a0db2825488b2ffc481472c536/element - {"using":"xpath","value":"//*[@id=\"application-manageresources-display-component---newResourceUnit--TYPE-arrow\"]"}
RESULT: {}
RESULT: {"using":"xpath","value":"//*[@id=\"application-manageresources-display-component---newResourceUnit--TYPE-arrow\"]"}
COMMAND: POST /session/211805a0db2825488b2ffc481472c536/element/f.B77A22107D10E5486A044045F14EEE7A.d.30BECF6E48FED3CCB287617270534755.e.2871/click - {}
RESULT: {}
COMMAND: POST /session/211805a0db2825488b2ffc481472c536/execute/async - {"script":"<script> [1562 bytes]","args":[{"selector":{"controlType":"sap.m.StandardListItem","viewName":"reusables.view.manageresources.NewResourceUnit","viewId":"application-manageresources-display-component---newResourceUnit","properties":{"title":"Material"},"searchOpenDialogs":true,"interaction":{"idSuffix":"titleText"}},"wdio_ui5_key":"reusablesview.manageresources.NewResourceUnitsap.m.StandardListItem{\"title\":\"Material\"}"}]}
COMMAND: GET /session/211805a0db2825488b2ffc481472c536/screenshot - {}
RESULT: {"script":"<script> [1562 bytes]","args":[{"selector":{"controlType":"sap.m.StandardListItem","viewName":"reusables.view.manageresources.NewResourceUnit","viewId":"application-manageresources-display-component---newResourceUnit","properties":{"title":"Material"},"searchOpenDialogs":true,"interaction":{"idSuffix":"titleText"}},"wdio_ui5_key":"reusablesview.manageresources.NewResourceUnitsap.m.StandardListItem{\"title\":\"Material\"}"}]}
RESULT: undefined
COMMAND: POST /session/211805a0db2825488b2ffc481472c536/element - {"using":"xpath","value":"//*[@id=\"__item1271\"]"}
RESULT: {}
RESULT: {"using":"xpath","value":"//*[@id=\"__item1271\"]"}
COMMAND: POST /session/211805a0db2825488b2ffc481472c536/element/f.B77A22107D10E5486A044045F14EEE7A.d.30BECF6E48FED3CCB287617270534755.e.2874/click - {}
RESULT: {}
COMMAND: POST /session/211805a0db2825488b2ffc481472c536/execute/async - {"script":"<script> [1562 bytes]","args":[{"selector":{"id":"application-manageresources-display-component---newResourceUnit--SHORT_TEXT","interaction":{"idSuffix":"inner"}},"wdio_ui5_key":"applicationmanageresources-display-component---newResourceUnit--SHORT_TEXT"}]}
COMMAND: GET /session/211805a0db2825488b2ffc481472c536/screenshot - {}
RESULT: {"script":"<script> [1562 bytes]","args":[{"selector":{"id":"application-manageresources-display-component---newResourceUnit--SHORT_TEXT","interaction":{"idSuffix":"inner"}},"wdio_ui5_key":"applicationmanageresources-display-component---newResourceUnit--SHORT_TEXT"}]}
RESULT: undefined
COMMAND: POST /session/211805a0db2825488b2ffc481472c536/execute/async - {"script":"<script> [776 bytes]","args":[{"enterText":"WebdriverRUR2Clgqlgf","selector":{"id":"application-manageresources-display-component---newResourceUnit--SHORT_TEXT","interaction":{"idSuffix":"inner"}},"clearTextFirst":true,"interactionType":"ENTER_TEXT"}]}
RESULT: {}
RESULT: {"script":"<script> [776 bytes]","args":[{"enterText":"WebdriverRUR2Clgqlgf","selector":{"id":"application-manageresources-display-component---newResourceUnit--SHORT_TEXT","interaction":{"idSuffix":"inner"}},"clearTextFirst":true,"interactionType":"ENTER_TEXT"}]}
COMMAND: POST /session/211805a0db2825488b2ffc481472c536/execute/async - {"script":"<script> [1562 bytes]","args":[{"selector":{"id":"application-manageresources-display-component---newResourceUnit--BASE_UNIT_OF_MEASURE-arrow"},"wdio_ui5_key":"applicationmanageresources-display-component---newResourceUnit--BASE_UNIT_OF_MEASURE-arrow"}]}
RESULT: {"script":"<script> [1562 bytes]","args":[{"selector":{"id":"application-manageresources-display-component---newResourceUnit--BASE_UNIT_OF_MEASURE-arrow"},"wdio_ui5_key":"applicationmanageresources-display-component---newResourceUnit--BASE_UNIT_OF_MEASURE-arrow"}]}
RESULT: undefined
COMMAND: POST /session/211805a0db2825488b2ffc481472c536/element - {"using":"xpath","value":"//*[@id=\"application-manageresources-display-component---newResourceUnit--BASE_UNIT_OF_MEASURE-arrow\"]"}
RESULT: {"using":"xpath","value":"//*[@id=\"application-manageresources-display-component---newResourceUnit--BASE_UNIT_OF_MEASURE-arrow\"]"}
COMMAND: POST /session/211805a0db2825488b2ffc481472c536/element/f.B77A22107D10E5486A044045F14EEE7A.d.30BECF6E48FED3CCB287617270534755.e.2930/click - {}
RESULT: {}
COMMAND: POST /session/211805a0db2825488b2ffc481472c536/execute/async - {"script":"<script> [1562 bytes]","args":[{"selector":{"controlType":"sap.m.StandardListItem","viewName":"reusables.view.manageresources.NewResourceUnit","viewId":"application-manageresources-display-component---newResourceUnit","properties":{"title":"Piece"},"searchOpenDialogs":true,"interaction":{"idSuffix":"titleText"}},"wdio_ui5_key":"reusablesview.manageresources.NewResourceUnitsap.m.StandardListItem{\"title\":\"Piece\"}"}]}
COMMAND: GET /session/211805a0db2825488b2ffc481472c536/screenshot - {}
RESULT: {"script":"<script> [1562 bytes]","args":[{"selector":{"controlType":"sap.m.StandardListItem","viewName":"reusables.view.manageresources.NewResourceUnit","viewId":"application-manageresources-display-component---newResourceUnit","properties":{"title":"Piece"},"searchOpenDialogs":true,"interaction":{"idSuffix":"titleText"}},"wdio_ui5_key":"reusablesview.manageresources.NewResourceUnitsap.m.StandardListItem{\"title\":\"Piece\"}"}]}
RESULT: undefined
COMMAND: POST /session/211805a0db2825488b2ffc481472c536/element - {"using":"xpath","value":"//*[@id=\"__item1315\"]"}
RESULT: {}
RESULT: {"using":"xpath","value":"//*[@id=\"__item1315\"]"}
COMMAND: POST /session/211805a0db2825488b2ffc481472c536/element/f.B77A22107D10E5486A044045F14EEE7A.d.30BECF6E48FED3CCB287617270534755.e.2932/click - {}
RESULT: {}
COMMAND: POST /session/211805a0db2825488b2ffc481472c536/element - {"using":"xpath","value":"//input[contains(@id ,\"application-manageresources-display-component---newResourceUnit--SHORT_TEXT-inner\")]"}
COMMAND: GET /session/211805a0db2825488b2ffc481472c536/screenshot - {}
RESULT: {"using":"xpath","value":"//input[contains(@id ,\"application-manageresources-display-component---newResourceUnit--SHORT_TEXT-inner\")]"}
COMMAND: GET /session/211805a0db2825488b2ffc481472c536/element/f.B77A22107D10E5486A044045F14EEE7A.d.30BECF6E48FED3CCB287617270534755.e.2891/property/value - {}
RESULT: {}
RESULT: {}
COMMAND: POST /session/211805a0db2825488b2ffc481472c536/execute/async - {"script":"<script> [1562 bytes]","args":[{"selector":{"id":"application-manageresources-display-component---newResourceUnit--WEIGHT_UNIT-arrow"},"wdio_ui5_key":"applicationmanageresources-display-component---newResourceUnit--WEIGHT_UNIT-arrow"}]}
COMMAND: GET /session/211805a0db2825488b2ffc481472c536/screenshot - {}
RESULT: {"script":"<script> [1562 bytes]","args":[{"selector":{"id":"application-manageresources-display-component---newResourceUnit--WEIGHT_UNIT-arrow"},"wdio_ui5_key":"applicationmanageresources-display-component---newResourceUnit--WEIGHT_UNIT-arrow"}]}
RESULT: undefined
COMMAND: POST /session/211805a0db2825488b2ffc481472c536/element - {"using":"xpath","value":"//*[@id=\"application-manageresources-display-component---newResourceUnit--WEIGHT_UNIT-arrow\"]"}
RESULT: {}
RESULT: {"using":"xpath","value":"//*[@id=\"application-manageresources-display-component---newResourceUnit--WEIGHT_UNIT-arrow\"]"}
COMMAND: POST /session/211805a0db2825488b2ffc481472c536/element/f.B77A22107D10E5486A044045F14EEE7A.d.30BECF6E48FED3CCB287617270534755.e.2933/click - {}
RESULT: {}
COMMAND: POST /session/211805a0db2825488b2ffc481472c536/execute/async - {"script":"<script> [1562 bytes]","args":[{"selector":{"controlType":"sap.m.StandardListItem","viewName":"reusables.view.manageresources.NewResourceUnit","viewId":"application-manageresources-display-component---newResourceUnit","properties":{"title":"Gram"},"searchOpenDialogs":true,"interaction":{"idSuffix":"content"}},"wdio_ui5_key":"reusablesview.manageresources.NewResourceUnitsap.m.StandardListItem{\"title\":\"Gram\"}"}]}
COMMAND: GET /session/211805a0db2825488b2ffc481472c536/screenshot - {}
RESULT: {"script":"<script> [1562 bytes]","args":[{"selector":{"controlType":"sap.m.StandardListItem","viewName":"reusables.view.manageresources.NewResourceUnit","viewId":"application-manageresources-display-component---newResourceUnit","properties":{"title":"Gram"},"searchOpenDialogs":true,"interaction":{"idSuffix":"content"}},"wdio_ui5_key":"reusablesview.manageresources.NewResourceUnitsap.m.StandardListItem{\"title\":\"Gram\"}"}]}
RESULT: undefined
COMMAND: POST /session/211805a0db2825488b2ffc481472c536/element - {"using":"xpath","value":"//*[@id=\"__item1380\"]"}
RESULT: {}
RESULT: {"using":"xpath","value":"//*[@id=\"__item1380\"]"}
COMMAND: POST /session/211805a0db2825488b2ffc481472c536/element/f.B77A22107D10E5486A044045F14EEE7A.d.30BECF6E48FED3CCB287617270534755.e.2935/click - {}
RESULT: {}
COMMAND: POST /session/211805a0db2825488b2ffc481472c536/execute/async - {"script":"<script> [1562 bytes]","args":[{"selector":{"id":"application-manageresources-display-component---newResourceUnit--newRRUPage-OPHeaderContent-collapseBtn-img"},"wdio_ui5_key":"applicationmanageresources-display-component---newResourceUnit--newRRUPage-OPHeaderContent-collapseBtn-img"}]}
COMMAND: GET /session/211805a0db2825488b2ffc481472c536/screenshot - {}
RESULT: {"script":"<script> [1562 bytes]","args":[{"selector":{"id":"application-manageresources-display-component---newResourceUnit--newRRUPage-OPHeaderContent-collapseBtn-img"},"wdio_ui5_key":"applicationmanageresources-display-component---newResourceUnit--newRRUPage-OPHeaderContent-collapseBtn-img"}]}
RESULT: undefined
COMMAND: POST /session/211805a0db2825488b2ffc481472c536/element - {"using":"xpath","value":"//*[@id=\"application-manageresources-display-component---newResourceUnit--newRRUPage-OPHeaderContent-collapseBtn-img\"]"}
RESULT: {}
RESULT: {"using":"xpath","value":"//*[@id=\"application-manageresources-display-component---newResourceUnit--newRRUPage-OPHeaderContent-collapseBtn-img\"]"}
COMMAND: POST /session/211805a0db2825488b2ffc481472c536/element/f.B77A22107D10E5486A044045F14EEE7A.d.30BECF6E48FED3CCB287617270534755.e.2881/click - {}
RESULT: {}
COMMAND: GET /session/211805a0db2825488b2ffc481472c536/screenshot - {}
RESULT: {}
COMMAND: POST /session/211805a0db2825488b2ffc481472c536/element - {"using":"xpath","value":"(//span[contains(@id ,\"application-manageresources-display-component---newResourceUnit--DIMENSION_UNIT-arrow\")])[1]"}
RESULT: {"using":"xpath","value":"(//span[contains(@id ,\"application-manageresources-display-component---newResourceUnit--DIMENSION_UNIT-arrow\")])[1]"}
COMMAND: POST /session/211805a0db2825488b2ffc481472c536/element/f.B77A22107D10E5486A044045F14EEE7A.d.30BECF6E48FED3CCB287617270534755.e.2941/click - {}
RESULT: {}
COMMAND: GET /session/211805a0db2825488b2ffc481472c536/screenshot - {}
RESULT: {}
COMMAND: POST /session/211805a0db2825488b2ffc481472c536/execute/async - {"script":"<script> [1562 bytes]","args":[{"selector":{"controlType":"sap.m.StandardListItem","viewName":"reusables.view.manageresources.NewResourceUnit","viewId":"application-manageresources-display-component---newResourceUnit","properties":{"title":"Centimeter"},"searchOpenDialogs":true,"interaction":{"idSuffix":"titleText"}},"wdio_ui5_key":"reusablesview.manageresources.NewResourceUnitsap.m.StandardListItem{\"title\":\"Centimeter\"}"}]}
RESULT: {"script":"<script> [1562 bytes]","args":[{"selector":{"controlType":"sap.m.StandardListItem","viewName":"reusables.view.manageresources.NewResourceUnit","viewId":"application-manageresources-display-component---newResourceUnit","properties":{"title":"Centimeter"},"searchOpenDialogs":true,"interaction":{"idSuffix":"titleText"}},"wdio_ui5_key":"reusablesview.manageresources.NewResourceUnitsap.m.StandardListItem{\"title\":\"Centimeter\"}"}]}
RESULT: undefined
COMMAND: POST /session/211805a0db2825488b2ffc481472c536/element - {"using":"xpath","value":"//*[@id=\"__item1383\"]"}
RESULT: {"using":"xpath","value":"//*[@id=\"__item1383\"]"}
COMMAND: POST /session/211805a0db2825488b2ffc481472c536/element/f.B77A22107D10E5486A044045F14EEE7A.d.30BECF6E48FED3CCB287617270534755.e.2943/click - {}
RESULT: {}
COMMAND: POST /session/211805a0db2825488b2ffc481472c536/execute/async - {"script":"<script> [1562 bytes]","args":[{"selector":{"id":"application-manageresources-display-component---newResourceUnit--newRRUPage-anchBar-application-manageresources-display-component---newResourceUnit--reference-anchor","interaction":{"idSuffix":"BDI-content"}},"wdio_ui5_key":"applicationmanageresources-display-component---newResourceUnit--newRRUPage-anchBar-application-manageresources-display-component---newResourceUnit--reference-anchor"}]}
COMMAND: GET /session/211805a0db2825488b2ffc481472c536/screenshot - {}
RESULT: {"script":"<script> [1562 bytes]","args":[{"selector":{"id":"application-manageresources-display-component---newResourceUnit--newRRUPage-anchBar-application-manageresources-display-component---newResourceUnit--reference-anchor","interaction":{"idSuffix":"BDI-content"}},"wdio_ui5_key":"applicationmanageresources-display-component---newResourceUnit--newRRUPage-anchBar-application-manageresources-display-component---newResourceUnit--reference-anchor"}]}
RESULT: undefined
COMMAND: POST /session/211805a0db2825488b2ffc481472c536/element - {"using":"xpath","value":"//*[@id=\"application-manageresources-display-component---newResourceUnit--newRRUPage-anchBar-application-manageresources-display-component---newResourceUnit--reference-anchor\"]"}
RESULT: {}
RESULT: {"using":"xpath","value":"//*[@id=\"application-manageresources-display-component---newResourceUnit--newRRUPage-anchBar-application-manageresources-display-component---newResourceUnit--reference-anchor\"]"}
COMMAND: POST /session/211805a0db2825488b2ffc481472c536/element/f.B77A22107D10E5486A044045F14EEE7A.d.30BECF6E48FED3CCB287617270534755.e.2945/click - {}
RESULT: {}
COMMAND: POST /session/211805a0db2825488b2ffc481472c536/execute/async - {"script":"<script> [1562 bytes]","args":[{"selector":{"id":"application-manageresources-display-component---newResourceUnit--PLANNING_GROUP-arrow"},"wdio_ui5_key":"applicationmanageresources-display-component---newResourceUnit--PLANNING_GROUP-arrow"}]}
COMMAND: GET /session/211805a0db2825488b2ffc481472c536/screenshot - {}
RESULT: {"script":"<script> [1562 bytes]","args":[{"selector":{"id":"application-manageresources-display-component---newResourceUnit--PLANNING_GROUP-arrow"},"wdio_ui5_key":"applicationmanageresources-display-component---newResourceUnit--PLANNING_GROUP-arrow"}]}
RESULT: undefined
COMMAND: POST /session/211805a0db2825488b2ffc481472c536/element - {"using":"xpath","value":"//*[@id=\"application-manageresources-display-component---newResourceUnit--PLANNING_GROUP-arrow\"]"}
RESULT: {}
RESULT: {"using":"xpath","value":"//*[@id=\"application-manageresources-display-component---newResourceUnit--PLANNING_GROUP-arrow\"]"}
COMMAND: POST /session/211805a0db2825488b2ffc481472c536/element/f.B77A22107D10E5486A044045F14EEE7A.d.30BECF6E48FED3CCB287617270534755.e.2949/click - {}
RESULT: {}
COMMAND: POST /session/211805a0db2825488b2ffc481472c536/execute/async - {"script":"<script> [1562 bytes]","args":[{"selector":{"controlType":"sap.m.StandardListItem","viewName":"reusables.view.manageresources.NewResourceUnit","viewId":"application-manageresources-display-component---newResourceUnit","properties":{"title":"Heavy Equi"},"searchOpenDialogs":true,"interaction":{"idSuffix":"content"}},"wdio_ui5_key":"reusablesview.manageresources.NewResourceUnitsap.m.StandardListItem{\"title\":\"Heavy Equi\"}"}]}
COMMAND: GET /session/211805a0db2825488b2ffc481472c536/screenshot - {}
RESULT: {"script":"<script> [1562 bytes]","args":[{"selector":{"controlType":"sap.m.StandardListItem","viewName":"reusables.view.manageresources.NewResourceUnit","viewId":"application-manageresources-display-component---newResourceUnit","properties":{"title":"Heavy Equi"},"searchOpenDialogs":true,"interaction":{"idSuffix":"content"}},"wdio_ui5_key":"reusablesview.manageresources.NewResourceUnitsap.m.StandardListItem{\"title\":\"Heavy Equi\"}"}]}
RESULT: undefined
COMMAND: POST /session/211805a0db2825488b2ffc481472c536/element - {"using":"xpath","value":"//*[@id=\"__item1391\"]"}
RESULT: {}
RESULT: {"using":"xpath","value":"//*[@id=\"__item1391\"]"}
COMMAND: POST /session/211805a0db2825488b2ffc481472c536/element/f.B77A22107D10E5486A044045F14EEE7A.d.30BECF6E48FED3CCB287617270534755.e.2953/click - {}
RESULT: {}
COMMAND: GET /session/211805a0db2825488b2ffc481472c536/screenshot - {}
RESULT: {}
COMMAND: POST /session/211805a0db2825488b2ffc481472c536/execute/async - {"script":"<script> [1562 bytes]","args":[{"selector":{"id":"application-manageresources-display-component---newResourceUnit--PLANNING_INDICATOR-arrow"},"wdio_ui5_key":"applicationmanageresources-display-component---newResourceUnit--PLANNING_INDICATOR-arrow"}]}
RESULT: {"script":"<script> [1562 bytes]","args":[{"selector":{"id":"application-manageresources-display-component---newResourceUnit--PLANNING_INDICATOR-arrow"},"wdio_ui5_key":"applicationmanageresources-display-component---newResourceUnit--PLANNING_INDICATOR-arrow"}]}
RESULT: undefined
COMMAND: POST /session/211805a0db2825488b2ffc481472c536/element - {"using":"xpath","value":"//*[@id=\"application-manageresources-display-component---newResourceUnit--PLANNING_INDICATOR-arrow\"]"}
RESULT: {"using":"xpath","value":"//*[@id=\"application-manageresources-display-component---newResourceUnit--PLANNING_INDICATOR-arrow\"]"}
COMMAND: POST /session/211805a0db2825488b2ffc481472c536/element/f.B77A22107D10E5486A044045F14EEE7A.d.30BECF6E48FED3CCB287617270534755.e.2954/click - {}
RESULT: {}
COMMAND: POST /session/211805a0db2825488b2ffc481472c536/execute/async - {"script":"<script> [1562 bytes]","args":[{"selector":{"controlType":"sap.m.StandardListItem","viewName":"reusables.view.manageresources.NewResourceUnit","viewId":"application-manageresources-display-component---newResourceUnit","properties":{"title":"10 - infinite"},"searchOpenDialogs":true,"interaction":{"idSuffix":"content"}},"wdio_ui5_key":"reusablesview.manageresources.NewResourceUnitsap.m.StandardListItem{\"title\":\"10 - infinite\"}"}]}
COMMAND: GET /session/211805a0db2825488b2ffc481472c536/screenshot - {}
RESULT: {"script":"<script> [1562 bytes]","args":[{"selector":{"controlType":"sap.m.StandardListItem","viewName":"reusables.view.manageresources.NewResourceUnit","viewId":"application-manageresources-display-component---newResourceUnit","properties":{"title":"10 - infinite"},"searchOpenDialogs":true,"interaction":{"idSuffix":"content"}},"wdio_ui5_key":"reusablesview.manageresources.NewResourceUnitsap.m.StandardListItem{\"title\":\"10 - infinite\"}"}]}
RESULT: undefined
COMMAND: POST /session/211805a0db2825488b2ffc481472c536/element - {"using":"xpath","value":"//*[@id=\"__item1401\"]"}
RESULT: {}
RESULT: {"using":"xpath","value":"//*[@id=\"__item1401\"]"}
COMMAND: POST /session/211805a0db2825488b2ffc481472c536/element/f.B77A22107D10E5486A044045F14EEE7A.d.30BECF6E48FED3CCB287617270534755.e.2956/click - {}
RESULT: {}
COMMAND: GET /session/211805a0db2825488b2ffc481472c536/screenshot - {}
RESULT: {}
COMMAND: POST /session/211805a0db2825488b2ffc481472c536/element - {"using":"xpath","value":"//bdi[contains(text(), \"Time Segment\")]"}
RESULT: {"using":"xpath","value":"//bdi[contains(text(), \"Time Segment\")]"}
COMMAND: GET /session/211805a0db2825488b2ffc481472c536/element/f.B77A22107D10E5486A044045F14EEE7A.d.30BECF6E48FED3CCB287617270534755.e.2957/rect - {}
RESULT: {}
COMMAND: GET /session/211805a0db2825488b2ffc481472c536/window/rect - {}
RESULT: {}
COMMAND: POST /session/211805a0db2825488b2ffc481472c536/execute/sync - {"script":"<script> [92 bytes]","args":[]}
RESULT: {"script":"<script> [92 bytes]","args":[]}
COMMAND: POST /session/211805a0db2825488b2ffc481472c536/actions - {"actions":[{"id":"action5","type":"wheel","parameters":{},"actions":[{"type":"scroll","x":-1820,"y":-21,"deltaX":0,"deltaY":0,"duration":0,"origin":{"element-6066-11e4-a52e-4f735466cecf":"f.B77A22107D10E5486A044045F14EEE7A.d.30BECF6E48FED3CCB287617270534755.e.2957"}}]}]}
COMMAND: GET /session/211805a0db2825488b2ffc481472c536/screenshot - {}
RESULT: {}
COMMAND: POST /session/211805a0db2825488b2ffc481472c536/execute/sync - {"script":"<script> [79 bytes]","args":[{"element-6066-11e4-a52e-4f735466cecf":"f.B77A22107D10E5486A044045F14EEE7A.d.30BECF6E48FED3CCB287617270534755.e.2957","ELEMENT":"f.B77A22107D10E5486A044045F14EEE7A.d.30BECF6E48FED3CCB287617270534755.e.2957"},{"block":"start","inline":"nearest"}]}
RESULT: {"script":"<script> [79 bytes]","args":[{"element-6066-11e4-a52e-4f735466cecf":"f.B77A22107D10E5486A044045F14EEE7A.d.30BECF6E48FED3CCB287617270534755.e.2957","ELEMENT":"f.B77A22107D10E5486A044045F14EEE7A.d.30BECF6E48FED3CCB287617270534755.e.2957"},{"block":"start","inline":"nearest"}]}
COMMAND: GET /session/211805a0db2825488b2ffc481472c536/screenshot - {}
RESULT: {}
COMMAND: POST /session/211805a0db2825488b2ffc481472c536/element - {"using":"xpath","value":"//span[@id=\"application-manageresources-display-component---newResourceUnit--btnAddTimeSegment-img\"]"}
RESULT: {"using":"xpath","value":"//span[@id=\"application-manageresources-display-component---newResourceUnit--btnAddTimeSegment-img\"]"}
COMMAND: POST /session/211805a0db2825488b2ffc481472c536/execute/sync - {"script":"<script> [8489 bytes]","args":[{"element-6066-11e4-a52e-4f735466cecf":"f.B77A22107D10E5486A044045F14EEE7A.d.30BECF6E48FED3CCB287617270534755.e.2960","ELEMENT":"f.B77A22107D10E5486A044045F14EEE7A.d.30BECF6E48FED3CCB287617270534755.e.2960"}]}
RESULT: {"script":"<script> [8489 bytes]","args":[{"element-6066-11e4-a52e-4f735466cecf":"f.B77A22107D10E5486A044045F14EEE7A.d.30BECF6E48FED3CCB287617270534755.e.2960","ELEMENT":"f.B77A22107D10E5486A044045F14EEE7A.d.30BECF6E48FED3CCB287617270534755.e.2960"}]}
COMMAND: POST /session/211805a0db2825488b2ffc481472c536/element/f.B77A22107D10E5486A044045F14EEE7A.d.30BECF6E48FED3CCB287617270534755.e.2960/click - {}
COMMAND: GET /session/211805a0db2825488b2ffc481472c536/screenshot - {}
RESULT: {}
COMMAND: GET /session/211805a0db2825488b2ffc481472c536/screenshot - {}
COMMAND: POST /session/211805a0db2825488b2ffc481472c536/element - {"using":"xpath","value":"//input[@id=\"application-manageresources-display-component---newResourceUnit--idRuTSAdmin-application-manageresources-display-component---newResourceUnit--RUTimeSegment-0-inner\"]"}
RESULT: {}
RESULT: {}
RESULT: {"using":"xpath","value":"//input[@id=\"application-manageresources-display-component---newResourceUnit--idRuTSAdmin-application-manageresources-display-component---newResourceUnit--RUTimeSegment-0-inner\"]"}
COMMAND: POST /session/211805a0db2825488b2ffc481472c536/element/f.B77A22107D10E5486A044045F14EEE7A.d.30BECF6E48FED3CCB287617270534755.e.2963/clear - {}
RESULT: {}
COMMAND: POST /session/211805a0db2825488b2ffc481472c536/element/f.B77A22107D10E5486A044045F14EEE7A.d.30BECF6E48FED3CCB287617270534755.e.2963/value - {"text":"WebdriverYard16x1lg"}
COMMAND: GET /session/211805a0db2825488b2ffc481472c536/screenshot - {}
RESULT: {"text":"WebdriverYard16x1lg"}
COMMAND: GET /session/211805a0db2825488b2ffc481472c536/screenshot - {}
RESULT: {}
RESULT: {}
COMMAND: POST /session/211805a0db2825488b2ffc481472c536/actions - {"actions":[{"id":"action6","type":"key","parameters":{},"actions":[{"type":"keyDown","value":"î€‡"},{"type":"pause","duration":10},{"type":"keyUp","value":"î€‡"}]}]}
RESULT: {"actions":[{"id":"action6","type":"key","parameters":{},"actions":[{"type":"keyDown","value":"î€‡"},{"type":"pause","duration":10},{"type":"keyUp","value":"î€‡"}]}]}
COMMAND: GET /session/211805a0db2825488b2ffc481472c536/screenshot - {}
RESULT: {}
COMMAND: POST /session/211805a0db2825488b2ffc481472c536/execute/async - {"script":"<script> [1562 bytes]","args":[{"selector":{"controlType":"sap.m.Button","viewName":"reusables.view.manageresources.NewResourceUnit","viewId":"application-manageresources-display-component---newResourceUnit","i18NText":{"propertyName":"tooltip","key":"save"},"interaction":{"idSuffix":"BDI-content"}},"wdio_ui5_key":"reusablesview.manageresources.NewResourceUnitsap.m.Button{\"propertyName\":\"tooltip\",\"key\":\"save\"}"}]}
RESULT: {"script":"<script> [1562 bytes]","args":[{"selector":{"controlType":"sap.m.Button","viewName":"reusables.view.manageresources.NewResourceUnit","viewId":"application-manageresources-display-component---newResourceUnit","i18NText":{"propertyName":"tooltip","key":"save"},"interaction":{"idSuffix":"BDI-content"}},"wdio_ui5_key":"reusablesview.manageresources.NewResourceUnitsap.m.Button{\"propertyName\":\"tooltip\",\"key\":\"save\"}"}]}
RESULT: undefined
COMMAND: POST /session/211805a0db2825488b2ffc481472c536/element - {"using":"xpath","value":"//*[@id=\"application-manageresources-display-component---newResourceUnit--createRuButton\"]"}
RESULT: {"using":"xpath","value":"//*[@id=\"application-manageresources-display-component---newResourceUnit--createRuButton\"]"}
COMMAND: POST /session/211805a0db2825488b2ffc481472c536/element/f.B77A22107D10E5486A044045F14EEE7A.d.30BECF6E48FED3CCB287617270534755.e.2887/click - {}
RESULT: {}
COMMAND: GET /session/211805a0db2825488b2ffc481472c536/screenshot - {}
RESULT: {}
COMMAND: POST /session/211805a0db2825488b2ffc481472c536/execute/async - {"script":"<script> [1562 bytes]","args":[{"selector":{"controlType":"sap.m.Title","properties":{"text":"Success"},"searchOpenDialogs":true},"wdio_ui5_key":"sapm.Title{\"text\":\"Success\"}"}]}
RESULT: {"script":"<script> [1562 bytes]","args":[{"selector":{"controlType":"sap.m.Title","properties":{"text":"Success"},"searchOpenDialogs":true},"wdio_ui5_key":"sapm.Title{\"text\":\"Success\"}"}]}
RESULT: undefined
COMMAND: POST /session/211805a0db2825488b2ffc481472c536/execute/async - {"script":"<script> [6424 bytes]","args":[{"element-6066-11e4-a52e-4f735466cecf":"f.B77A22107D10E5486A044045F14EEE7A.d.30BECF6E48FED3CCB287617270534755.e.2980"},"getText",[]]}
RESULT: {"script":"<script> [6424 bytes]","args":[{"element-6066-11e4-a52e-4f735466cecf":"f.B77A22107D10E5486A044045F14EEE7A.d.30BECF6E48FED3CCB287617270534755.e.2980"},"getText",[]]}
COMMAND: POST /session/211805a0db2825488b2ffc481472c536/element - {"using":"xpath","value":"//*[contains(@id, '__text') and (contains(text(), 'successfully created') or contains(., 'successfully created'))]"}
RESULT: {"using":"xpath","value":"//*[contains(@id, '__text') and (contains(text(), 'successfully created') or contains(., 'successfully created'))]"}
COMMAND: GET /session/211805a0db2825488b2ffc481472c536/element/f.B77A22107D10E5486A044045F14EEE7A.d.30BECF6E48FED3CCB287617270534755.e.2979/text - {}
RESULT: {}
COMMAND: POST /session/211805a0db2825488b2ffc481472c536/execute/async - {"script":"<script> [1562 bytes]","args":[{"selector":{"controlType":"sap.m.Button","properties":{"text":"Close"},"searchOpenDialogs":true,"interaction":{"idSuffix":"BDI-content"}},"wdio_ui5_key":"sapm.Button{\"text\":\"Close\"}"}]}
RESULT: {"script":"<script> [1562 bytes]","args":[{"selector":{"controlType":"sap.m.Button","properties":{"text":"Close"},"searchOpenDialogs":true,"interaction":{"idSuffix":"BDI-content"}},"wdio_ui5_key":"sapm.Button{\"text\":\"Close\"}"}]}
RESULT: undefined
COMMAND: POST /session/211805a0db2825488b2ffc481472c536/element - {"using":"xpath","value":"//*[@id=\"__mbox-btn-0\"]"}
RESULT: {"using":"xpath","value":"//*[@id=\"__mbox-btn-0\"]"}
COMMAND: POST /session/211805a0db2825488b2ffc481472c536/element/f.B77A22107D10E5486A044045F14EEE7A.d.30BECF6E48FED3CCB287617270534755.e.2977/click - {}
RESULT: {}
COMMAND: GET /session/211805a0db2825488b2ffc481472c536/screenshot - {}
RESULT: {}
COMMAND: POST /session/211805a0db2825488b2ffc481472c536/execute/async - {"script":"<script> [1562 bytes]","args":[{"selector":{"controlType":"sap.ui.core.Icon","viewName":"etm.portal.ui.manageresources.view.Detail","viewId":"application-manageresources-display-component---detailRU","properties":{"src":{"regex":{"source":"overflow"}}}},"wdio_ui5_key":"etmportal.ui.manageresources.view.Detailsap.ui.core.Icon{\"src\":{\"regex\":{\"source\":\"overflow\"}}}"}]}
RESULT: {"script":"<script> [1562 bytes]","args":[{"selector":{"controlType":"sap.ui.core.Icon","viewName":"etm.portal.ui.manageresources.view.Detail","viewId":"application-manageresources-display-component---detailRU","properties":{"src":{"regex":{"source":"overflow"}}}},"wdio_ui5_key":"etmportal.ui.manageresources.view.Detailsap.ui.core.Icon{\"src\":{\"regex\":{\"source\":\"overflow\"}}}"}]}
RESULT: undefined
COMMAND: POST /session/211805a0db2825488b2ffc481472c536/element - {"using":"xpath","value":"//*[@id=\"__title36-_actionsToolbar-overflowButton-img\"]"}
RESULT: {"using":"xpath","value":"//*[@id=\"__title36-_actionsToolbar-overflowButton-img\"]"}
COMMAND: POST /session/211805a0db2825488b2ffc481472c536/element/f.B77A22107D10E5486A044045F14EEE7A.d.30BECF6E48FED3CCB287617270534755.e.3013/click - {}
RESULT: {}
COMMAND: POST /session/211805a0db2825488b2ffc481472c536/execute/async - {"script":"<script> [1562 bytes]","args":[{"selector":{"controlType":"sap.m.Button","viewName":"etm.portal.ui.manageresources.view.Detail","viewId":"application-manageresources-display-component---detailRU","i18NText":{"propertyName":"tooltip","key":"closeColumn"},"searchOpenDialogs":true,"interaction":{"idSuffix":"inner"}},"wdio_ui5_key":"etmportal.ui.manageresources.view.Detailsap.m.Button{\"propertyName\":\"tooltip\",\"key\":\"closeColumn\"}"}]}
COMMAND: GET /session/211805a0db2825488b2ffc481472c536/screenshot - {}
RESULT: {}
RESULT: {"script":"<script> [1562 bytes]","args":[{"selector":{"controlType":"sap.m.Button","viewName":"etm.portal.ui.manageresources.view.Detail","viewId":"application-manageresources-display-component---detailRU","i18NText":{"propertyName":"tooltip","key":"closeColumn"},"searchOpenDialogs":true,"interaction":{"idSuffix":"inner"}},"wdio_ui5_key":"etmportal.ui.manageresources.view.Detailsap.m.Button{\"propertyName\":\"tooltip\",\"key\":\"closeColumn\"}"}]}
RESULT: undefined
COMMAND: POST /session/211805a0db2825488b2ffc481472c536/element - {"using":"xpath","value":"//*[@id=\"__button147\"]"}
RESULT: {"using":"xpath","value":"//*[@id=\"__button147\"]"}
COMMAND: POST /session/211805a0db2825488b2ffc481472c536/element/f.B77A22107D10E5486A044045F14EEE7A.d.30BECF6E48FED3CCB287617270534755.e.3017/click - {}
RESULT: {}
COMMAND: GET /session/211805a0db2825488b2ffc481472c536/screenshot - {}
RESULT: {}
COMMAND: POST /session/211805a0db2825488b2ffc481472c536/refresh - {}
RESULT: {}
COMMAND: GET /session/211805a0db2825488b2ffc481472c536/screenshot - {}
RESULT: {}
COMMAND: POST /session/211805a0db2825488b2ffc481472c536/execute/async - {"script":"<script> [189 bytes]","args":[]}
RESULT: {"script":"<script> [189 bytes]","args":[]}
COMMAND: POST /session/211805a0db2825488b2ffc481472c536/execute/async - {"script":"<script> [123 bytes]","args":[]}
RESULT: {"script":"<script> [123 bytes]","args":[]}
COMMAND: POST /session/211805a0db2825488b2ffc481472c536/timeouts - {"script":"<number>"}
RESULT: {"script":"<number>"}
COMMAND: GET /session/211805a0db2825488b2ffc481472c536/timeouts - {}
RESULT: {}
RESULT: undefined
COMMAND: POST /session/211805a0db2825488b2ffc481472c536/execute/async - {"script":"<script> [2676 bytes]","args":[]}
RESULT: {"script":"<script> [2676 bytes]","args":[]}
COMMAND: POST /session/211805a0db2825488b2ffc481472c536/execute/async - {"script":"<script> [2342 bytes]","args":[{"protocol":"http","hostname":"0.0.0.0","path":"/","capabilities":{"browserName":"chrome","goog:chromeOptions":{"binary":"C:\\Program Files\\Google\\Chrome\\Application\\chrome.exe","args":["--start-maximized"]}},"logLevel":"warn","connectionRetryTimeout":120000,"connectionRetryCount":3,"logLevels":{},"enableDirectConnect":true,"strictSSL":true,"_":"65 more keys: [\"cacheDir\",\"port\",\"requestedCapabilities\",\"automationProtocol\",\"baseUrl\",\"waitforInterval\",\"waitforTimeout\",\"onReload\",\"beforeCommand\",\"afterCommand\",\"rootDir\",\"specs\",\"suites\",\"exclude\",\"groupLogsByTestSpec\",\"excludeDriverLogs\",\"bail\",\"framework\",\"reporters\",\"services\",\"maxInstances\",\"maxInstancesPerCapability\",\"injectGlobals\",\"filesToWatch\",\"execArgv\",\"runnerEnv\",\"runner\",\"shard\",\"specFileRetries\",\"specFileRetriesDelay\",\"specFileRetriesDeferred\",\"reporterSyncInterval\",\"reporterSyncTimeout\",\"cucumberFeaturesWithLineNumbers\",\"autoCompileOpts\",\"mochaOpts\",\"jasmineOpts\",\"cucumberOpts\",\"onPrepare\",\"onWorkerStart\",\"onWorkerEnd\",\"before\",\"beforeSession\",\"beforeSuite\",\"beforeHook\",\"beforeTest\",\"afterTest\",\"afterHook\",\"afterSuite\",\"afterSession\",\"after\",\"onComplete\",\"beforeAssertion\",\"afterAssertion\",\"beforeFeature\",\"beforeScenario\",\"beforeStep\",\"afterStep\",\"afterScenario\",\"afterFeature\",\"_\",\"suite\",\"$0\",\"ignoredWorkerServices\",\"wdi5\"]"}]}
RESULT: {"script":"<script> [2342 bytes]","args":[{"protocol":"http","hostname":"0.0.0.0","path":"/","capabilities":{"browserName":"chrome","goog:chromeOptions":{"binary":"C:\\Program Files\\Google\\Chrome\\Application\\chrome.exe","args":["--start-maximized"]}},"logLevel":"warn","connectionRetryTimeout":120000,"connectionRetryCount":3,"logLevels":{},"enableDirectConnect":true,"strictSSL":true,"_":"65 more keys: [\"cacheDir\",\"port\",\"requestedCapabilities\",\"automationProtocol\",\"baseUrl\",\"waitforInterval\",\"waitforTimeout\",\"onReload\",\"beforeCommand\",\"afterCommand\",\"rootDir\",\"specs\",\"suites\",\"exclude\",\"groupLogsByTestSpec\",\"excludeDriverLogs\",\"bail\",\"framework\",\"reporters\",\"services\",\"maxInstances\",\"maxInstancesPerCapability\",\"injectGlobals\",\"filesToWatch\",\"execArgv\",\"runnerEnv\",\"runner\",\"shard\",\"specFileRetries\",\"specFileRetriesDelay\",\"specFileRetriesDeferred\",\"reporterSyncInterval\",\"reporterSyncTimeout\",\"cucumberFeaturesWithLineNumbers\",\"autoCompileOpts\",\"mochaOpts\",\"jasmineOpts\",\"cucumberOpts\",\"onPrepare\",\"onWorkerStart\",\"onWorkerEnd\",\"before\",\"beforeSession\",\"beforeSuite\",\"beforeHook\",\"beforeTest\",\"afterTest\",\"afterHook\",\"afterSuite\",\"afterSession\",\"after\",\"onComplete\",\"beforeAssertion\",\"afterAssertion\",\"beforeFeature\",\"beforeScenario\",\"beforeStep\",\"afterStep\",\"afterScenario\",\"afterFeature\",\"_\",\"suite\",\"$0\",\"ignoredWorkerServices\",\"wdi5\"]"}]}
COMMAND: POST /session/211805a0db2825488b2ffc481472c536/execute/async - {"script":"<script> [21126 bytes]","args":[35000]}
RESULT: {"script":"<script> [21126 bytes]","args":[35000]}
COMMAND: POST /session/211805a0db2825488b2ffc481472c536/element - {"using":"css selector","value":"#shell-header-logo"}
RESULT: {"using":"css selector","value":"#shell-header-logo"}
COMMAND: POST /session/211805a0db2825488b2ffc481472c536/element/f.B77A22107D10E5486A044045F14EEE7A.d.D31F4287E9D92E52DEF0670768FFB74F.e.3119/click - {}
RESULT: {}
COMMAND: GET /session/211805a0db2825488b2ffc481472c536/screenshot - {}
RESULT: {}
COMMAND: POST /session/211805a0db2825488b2ffc481472c536/execute/async - {"script":"<script> [1562 bytes]","args":[{"selector":{"controlType":"sap.m.GenericTile","properties":{"header":"Manage Resources"}},"wdio_ui5_key":"sapm.GenericTile{\"header\":\"Manage Resources\"}"}]}
RESULT: {"script":"<script> [1562 bytes]","args":[{"selector":{"controlType":"sap.m.GenericTile","properties":{"header":"Manage Resources"}},"wdio_ui5_key":"sapm.GenericTile{\"header\":\"Manage Resources\"}"}]}
RESULT: undefined
COMMAND: POST /session/211805a0db2825488b2ffc481472c536/element - {"using":"xpath","value":"//*[@id=\"__tile39\"]"}
RESULT: {"using":"xpath","value":"//*[@id=\"__tile39\"]"}
COMMAND: POST /session/211805a0db2825488b2ffc481472c536/element/f.B77A22107D10E5486A044045F14EEE7A.d.D31F4287E9D92E52DEF0670768FFB74F.e.3306/click - {}
RESULT: {}
COMMAND: GET /session/211805a0db2825488b2ffc481472c536/screenshot - {}
COMMAND: POST /session/211805a0db2825488b2ffc481472c536/element - {"using":"xpath","value":"//button[@data-kt=\"addNewRUOverflowToolbarButton\"]"}
RESULT: {}
RESULT: {"using":"xpath","value":"//button[@data-kt=\"addNewRUOverflowToolbarButton\"]"}
COMMAND: POST /session/211805a0db2825488b2ffc481472c536/execute/sync - {"script":"<script> [8489 bytes]","args":[{"element-6066-11e4-a52e-4f735466cecf":"f.B77A22107D10E5486A044045F14EEE7A.d.D31F4287E9D92E52DEF0670768FFB74F.e.3478","ELEMENT":"f.B77A22107D10E5486A044045F14EEE7A.d.D31F4287E9D92E52DEF0670768FFB74F.e.3478"}]}
RESULT: {"script":"<script> [8489 bytes]","args":[{"element-6066-11e4-a52e-4f735466cecf":"f.B77A22107D10E5486A044045F14EEE7A.d.D31F4287E9D92E52DEF0670768FFB74F.e.3478","ELEMENT":"f.B77A22107D10E5486A044045F14EEE7A.d.D31F4287E9D92E52DEF0670768FFB74F.e.3478"}]}
COMMAND: POST /session/211805a0db2825488b2ffc481472c536/element/f.B77A22107D10E5486A044045F14EEE7A.d.D31F4287E9D92E52DEF0670768FFB74F.e.3478/click - {}
COMMAND: GET /session/211805a0db2825488b2ffc481472c536/screenshot - {}
RESULT: {}
COMMAND: GET /session/211805a0db2825488b2ffc481472c536/screenshot - {}
RESULT: {}
RESULT: {}
COMMAND: POST /session/211805a0db2825488b2ffc481472c536/execute/async - {"script":"<script> [1562 bytes]","args":[{"selector":{"id":"application-manageresources-display-component---newResourceUnit--TYPE-arrow"},"wdio_ui5_key":"applicationmanageresources-display-component---newResourceUnit--TYPE-arrow"}]}
RESULT: {"script":"<script> [1562 bytes]","args":[{"selector":{"id":"application-manageresources-display-component---newResourceUnit--TYPE-arrow"},"wdio_ui5_key":"applicationmanageresources-display-component---newResourceUnit--TYPE-arrow"}]}
RESULT: undefined
COMMAND: POST /session/211805a0db2825488b2ffc481472c536/element - {"using":"xpath","value":"//*[@id=\"application-manageresources-display-component---newResourceUnit--TYPE-arrow\"]"}
RESULT: {"using":"xpath","value":"//*[@id=\"application-manageresources-display-component---newResourceUnit--TYPE-arrow\"]"}
COMMAND: POST /session/211805a0db2825488b2ffc481472c536/element/f.B77A22107D10E5486A044045F14EEE7A.d.D31F4287E9D92E52DEF0670768FFB74F.e.3712/click - {}
RESULT: {}
COMMAND: POST /session/211805a0db2825488b2ffc481472c536/execute/async - {"script":"<script> [1562 bytes]","args":[{"selector":{"controlType":"sap.m.StandardListItem","viewName":"reusables.view.manageresources.NewResourceUnit","viewId":"application-manageresources-display-component---newResourceUnit","properties":{"title":"Equipment"},"searchOpenDialogs":true,"interaction":{"idSuffix":"content"}},"wdio_ui5_key":"reusablesview.manageresources.NewResourceUnitsap.m.StandardListItem{\"title\":\"Equipment\"}"}]}
COMMAND: GET /session/211805a0db2825488b2ffc481472c536/screenshot - {}
RESULT: {"script":"<script> [1562 bytes]","args":[{"selector":{"controlType":"sap.m.StandardListItem","viewName":"reusables.view.manageresources.NewResourceUnit","viewId":"application-manageresources-display-component---newResourceUnit","properties":{"title":"Equipment"},"searchOpenDialogs":true,"interaction":{"idSuffix":"content"}},"wdio_ui5_key":"reusablesview.manageresources.NewResourceUnitsap.m.StandardListItem{\"title\":\"Equipment\"}"}]}
RESULT: undefined
COMMAND: POST /session/211805a0db2825488b2ffc481472c536/element - {"using":"xpath","value":"//*[@id=\"__item181\"]"}
RESULT: {}
RESULT: {"using":"xpath","value":"//*[@id=\"__item181\"]"}
COMMAND: POST /session/211805a0db2825488b2ffc481472c536/element/f.B77A22107D10E5486A044045F14EEE7A.d.D31F4287E9D92E52DEF0670768FFB74F.e.3715/click - {}
RESULT: {}
COMMAND: POST /session/211805a0db2825488b2ffc481472c536/execute/async - {"script":"<script> [1562 bytes]","args":[{"selector":{"id":"application-manageresources-display-component---newResourceUnit--resourceId","interaction":{"idSuffix":"inner"}},"wdio_ui5_key":"applicationmanageresources-display-component---newResourceUnit--resourceId"}]}
COMMAND: GET /session/211805a0db2825488b2ffc481472c536/screenshot - {}
RESULT: {"script":"<script> [1562 bytes]","args":[{"selector":{"id":"application-manageresources-display-component---newResourceUnit--resourceId","interaction":{"idSuffix":"inner"}},"wdio_ui5_key":"applicationmanageresources-display-component---newResourceUnit--resourceId"}]}
RESULT: undefined
COMMAND: POST /session/211805a0db2825488b2ffc481472c536/execute/async - {"script":"<script> [776 bytes]","args":[{"enterText":"WdIOR2cEquipefb6z","selector":{"id":"application-manageresources-display-component---newResourceUnit--resourceId","interaction":{"idSuffix":"inner"}},"clearTextFirst":true,"interactionType":"ENTER_TEXT"}]}
RESULT: {}
RESULT: {"script":"<script> [776 bytes]","args":[{"enterText":"WdIOR2cEquipefb6z","selector":{"id":"application-manageresources-display-component---newResourceUnit--resourceId","interaction":{"idSuffix":"inner"}},"clearTextFirst":true,"interactionType":"ENTER_TEXT"}]}
COMMAND: POST /session/211805a0db2825488b2ffc481472c536/execute/async - {"script":"<script> [1562 bytes]","args":[{"selector":{"id":"application-manageresources-display-component---newResourceUnit--SHORT_TEXT","interaction":{"idSuffix":"inner"}},"wdio_ui5_key":"applicationmanageresources-display-component---newResourceUnit--SHORT_TEXT"}]}
RESULT: {"script":"<script> [1562 bytes]","args":[{"selector":{"id":"application-manageresources-display-component---newResourceUnit--SHORT_TEXT","interaction":{"idSuffix":"inner"}},"wdio_ui5_key":"applicationmanageresources-display-component---newResourceUnit--SHORT_TEXT"}]}
RESULT: undefined
COMMAND: POST /session/211805a0db2825488b2ffc481472c536/execute/async - {"script":"<script> [776 bytes]","args":[{"enterText":"WdIOR2cEquipefb6z","selector":{"id":"application-manageresources-display-component---newResourceUnit--SHORT_TEXT","interaction":{"idSuffix":"inner"}},"clearTextFirst":true,"interactionType":"ENTER_TEXT"}]}
RESULT: {"script":"<script> [776 bytes]","args":[{"enterText":"WdIOR2cEquipefb6z","selector":{"id":"application-manageresources-display-component---newResourceUnit--SHORT_TEXT","interaction":{"idSuffix":"inner"}},"clearTextFirst":true,"interactionType":"ENTER_TEXT"}]}
COMMAND: POST /session/211805a0db2825488b2ffc481472c536/execute/async - {"script":"<script> [1562 bytes]","args":[{"selector":{"id":"application-manageresources-display-component---newResourceUnit--BASE_UNIT_OF_MEASURE","interaction":{"idSuffix":"inner"}},"wdio_ui5_key":"applicationmanageresources-display-component---newResourceUnit--BASE_UNIT_OF_MEASURE"}]}
RESULT: {"script":"<script> [1562 bytes]","args":[{"selector":{"id":"application-manageresources-display-component---newResourceUnit--BASE_UNIT_OF_MEASURE","interaction":{"idSuffix":"inner"}},"wdio_ui5_key":"applicationmanageresources-display-component---newResourceUnit--BASE_UNIT_OF_MEASURE"}]}
RESULT: undefined
COMMAND: POST /session/211805a0db2825488b2ffc481472c536/execute/async - {"script":"<script> [776 bytes]","args":[{"enterText":"Piece","selector":{"id":"application-manageresources-display-component---newResourceUnit--BASE_UNIT_OF_MEASURE","interaction":{"idSuffix":"inner"}},"clearTextFirst":true,"interactionType":"ENTER_TEXT"}]}
RESULT: {"script":"<script> [776 bytes]","args":[{"enterText":"Piece","selector":{"id":"application-manageresources-display-component---newResourceUnit--BASE_UNIT_OF_MEASURE","interaction":{"idSuffix":"inner"}},"clearTextFirst":true,"interactionType":"ENTER_TEXT"}]}
COMMAND: POST /session/211805a0db2825488b2ffc481472c536/execute/async - {"script":"<script> [1562 bytes]","args":[{"selector":{"id":"application-manageresources-display-component---newResourceUnit--WEIGHT_UNIT","interaction":{"idSuffix":"inner"}},"wdio_ui5_key":"applicationmanageresources-display-component---newResourceUnit--WEIGHT_UNIT"}]}
RESULT: {"script":"<script> [1562 bytes]","args":[{"selector":{"id":"application-manageresources-display-component---newResourceUnit--WEIGHT_UNIT","interaction":{"idSuffix":"inner"}},"wdio_ui5_key":"applicationmanageresources-display-component---newResourceUnit--WEIGHT_UNIT"}]}
RESULT: undefined
COMMAND: POST /session/211805a0db2825488b2ffc481472c536/execute/async - {"script":"<script> [776 bytes]","args":[{"enterText":"Gram","selector":{"id":"application-manageresources-display-component---newResourceUnit--WEIGHT_UNIT","interaction":{"idSuffix":"inner"}},"clearTextFirst":true,"interactionType":"ENTER_TEXT"}]}
RESULT: {"script":"<script> [776 bytes]","args":[{"enterText":"Gram","selector":{"id":"application-manageresources-display-component---newResourceUnit--WEIGHT_UNIT","interaction":{"idSuffix":"inner"}},"clearTextFirst":true,"interactionType":"ENTER_TEXT"}]}
COMMAND: POST /session/211805a0db2825488b2ffc481472c536/execute/async - {"script":"<script> [1562 bytes]","args":[{"selector":{"id":"application-manageresources-display-component---newResourceUnit--newRRUPage-OPHeaderContent-collapseBtn-img"},"wdio_ui5_key":"applicationmanageresources-display-component---newResourceUnit--newRRUPage-OPHeaderContent-collapseBtn-img"}]}
RESULT: {"script":"<script> [1562 bytes]","args":[{"selector":{"id":"application-manageresources-display-component---newResourceUnit--newRRUPage-OPHeaderContent-collapseBtn-img"},"wdio_ui5_key":"applicationmanageresources-display-component---newResourceUnit--newRRUPage-OPHeaderContent-collapseBtn-img"}]}
RESULT: undefined
COMMAND: POST /session/211805a0db2825488b2ffc481472c536/element - {"using":"xpath","value":"//*[@id=\"application-manageresources-display-component---newResourceUnit--newRRUPage-OPHeaderContent-collapseBtn-img\"]"}
RESULT: {"using":"xpath","value":"//*[@id=\"application-manageresources-display-component---newResourceUnit--newRRUPage-OPHeaderContent-collapseBtn-img\"]"}
COMMAND: POST /session/211805a0db2825488b2ffc481472c536/element/f.B77A22107D10E5486A044045F14EEE7A.d.D31F4287E9D92E52DEF0670768FFB74F.e.3724/click - {}
RESULT: {}
COMMAND: GET /session/211805a0db2825488b2ffc481472c536/screenshot - {}
RESULT: {}
COMMAND: POST /session/211805a0db2825488b2ffc481472c536/element - {"using":"xpath","value":"(//span[contains(@id ,\"application-manageresources-display-component---newResourceUnit--DIMENSION_UNIT-arrow\")])[1]"}
RESULT: {"using":"xpath","value":"(//span[contains(@id ,\"application-manageresources-display-component---newResourceUnit--DIMENSION_UNIT-arrow\")])[1]"}
COMMAND: POST /session/211805a0db2825488b2ffc481472c536/element/f.B77A22107D10E5486A044045F14EEE7A.d.D31F4287E9D92E52DEF0670768FFB74F.e.3846/click - {}
RESULT: {}
COMMAND: GET /session/211805a0db2825488b2ffc481472c536/screenshot - {}
RESULT: {}
COMMAND: POST /session/211805a0db2825488b2ffc481472c536/execute/async - {"script":"<script> [1562 bytes]","args":[{"selector":{"controlType":"sap.m.StandardListItem","viewName":"reusables.view.manageresources.NewResourceUnit","viewId":"application-manageresources-display-component---newResourceUnit","properties":{"title":"Centimeter"},"searchOpenDialogs":true,"interaction":{"idSuffix":"titleText"}},"wdio_ui5_key":"reusablesview.manageresources.NewResourceUnitsap.m.StandardListItem{\"title\":\"Centimeter\"}"}]}
RESULT: {"script":"<script> [1562 bytes]","args":[{"selector":{"controlType":"sap.m.StandardListItem","viewName":"reusables.view.manageresources.NewResourceUnit","viewId":"application-manageresources-display-component---newResourceUnit","properties":{"title":"Centimeter"},"searchOpenDialogs":true,"interaction":{"idSuffix":"titleText"}},"wdio_ui5_key":"reusablesview.manageresources.NewResourceUnitsap.m.StandardListItem{\"title\":\"Centimeter\"}"}]}
RESULT: undefined
COMMAND: POST /session/211805a0db2825488b2ffc481472c536/element - {"using":"xpath","value":"//*[@id=\"__item224\"]"}
RESULT: {"using":"xpath","value":"//*[@id=\"__item224\"]"}
COMMAND: POST /session/211805a0db2825488b2ffc481472c536/element/f.B77A22107D10E5486A044045F14EEE7A.d.D31F4287E9D92E52DEF0670768FFB74F.e.3850/click - {}
RESULT: {}
COMMAND: GET /session/211805a0db2825488b2ffc481472c536/screenshot - {}
RESULT: {}
COMMAND: POST /session/211805a0db2825488b2ffc481472c536/execute/async - {"script":"<script> [1562 bytes]","args":[{"selector":{"id":"application-manageresources-display-component---newResourceUnit--newRRUPage-anchBar-application-manageresources-display-component---newResourceUnit--control-anchor","interaction":{"idSuffix":"BDI-content"}},"wdio_ui5_key":"applicationmanageresources-display-component---newResourceUnit--newRRUPage-anchBar-application-manageresources-display-component---newResourceUnit--control-anchor"}]}
RESULT: {"script":"<script> [1562 bytes]","args":[{"selector":{"id":"application-manageresources-display-component---newResourceUnit--newRRUPage-anchBar-application-manageresources-display-component---newResourceUnit--control-anchor","interaction":{"idSuffix":"BDI-content"}},"wdio_ui5_key":"applicationmanageresources-display-component---newResourceUnit--newRRUPage-anchBar-application-manageresources-display-component---newResourceUnit--control-anchor"}]}
RESULT: undefined
COMMAND: POST /session/211805a0db2825488b2ffc481472c536/element - {"using":"xpath","value":"//*[@id=\"application-manageresources-display-component---newResourceUnit--newRRUPage-anchBar-application-manageresources-display-component---newResourceUnit--control-anchor\"]"}
RESULT: {"using":"xpath","value":"//*[@id=\"application-manageresources-display-component---newResourceUnit--newRRUPage-anchBar-application-manageresources-display-component---newResourceUnit--control-anchor\"]"}
COMMAND: POST /session/211805a0db2825488b2ffc481472c536/element/f.B77A22107D10E5486A044045F14EEE7A.d.D31F4287E9D92E52DEF0670768FFB74F.e.3852/click - {}
RESULT: {}
COMMAND: POST /session/211805a0db2825488b2ffc481472c536/execute/async - {"script":"<script> [1562 bytes]","args":[{"selector":{"id":"application-manageresources-display-component---newResourceUnit--PLANNING_GROUP","interaction":{"idSuffix":"inner"}},"wdio_ui5_key":"applicationmanageresources-display-component---newResourceUnit--PLANNING_GROUP"}]}
COMMAND: GET /session/211805a0db2825488b2ffc481472c536/screenshot - {}
RESULT: {"script":"<script> [1562 bytes]","args":[{"selector":{"id":"application-manageresources-display-component---newResourceUnit--PLANNING_GROUP","interaction":{"idSuffix":"inner"}},"wdio_ui5_key":"applicationmanageresources-display-component---newResourceUnit--PLANNING_GROUP"}]}
RESULT: undefined
COMMAND: POST /session/211805a0db2825488b2ffc481472c536/execute/async - {"script":"<script> [776 bytes]","args":[{"enterText":"Heavy Equi","selector":{"id":"application-manageresources-display-component---newResourceUnit--PLANNING_GROUP","interaction":{"idSuffix":"inner"}},"clearTextFirst":true,"interactionType":"ENTER_TEXT"}]}
RESULT: {}
RESULT: {"script":"<script> [776 bytes]","args":[{"enterText":"Heavy Equi","selector":{"id":"application-manageresources-display-component---newResourceUnit--PLANNING_GROUP","interaction":{"idSuffix":"inner"}},"clearTextFirst":true,"interactionType":"ENTER_TEXT"}]}
COMMAND: POST /session/211805a0db2825488b2ffc481472c536/execute/async - {"script":"<script> [1562 bytes]","args":[{"selector":{"id":"application-manageresources-display-component---newResourceUnit--ITEM_TYPE-arrow"},"wdio_ui5_key":"applicationmanageresources-display-component---newResourceUnit--ITEM_TYPE-arrow"}]}
RESULT: {"script":"<script> [1562 bytes]","args":[{"selector":{"id":"application-manageresources-display-component---newResourceUnit--ITEM_TYPE-arrow"},"wdio_ui5_key":"applicationmanageresources-display-component---newResourceUnit--ITEM_TYPE-arrow"}]}
RESULT: undefined
COMMAND: POST /session/211805a0db2825488b2ffc481472c536/element - {"using":"xpath","value":"//*[@id=\"application-manageresources-display-component---newResourceUnit--ITEM_TYPE-arrow\"]"}
RESULT: {"using":"xpath","value":"//*[@id=\"application-manageresources-display-component---newResourceUnit--ITEM_TYPE-arrow\"]"}
COMMAND: POST /session/211805a0db2825488b2ffc481472c536/element/f.B77A22107D10E5486A044045F14EEE7A.d.D31F4287E9D92E52DEF0670768FFB74F.e.3857/click - {}
RESULT: {}
COMMAND: POST /session/211805a0db2825488b2ffc481472c536/execute/async - {"script":"<script> [1562 bytes]","args":[{"selector":{"controlType":"sap.m.StandardListItem","viewName":"reusables.view.manageresources.NewResourceUnit","viewId":"application-manageresources-display-component---newResourceUnit","properties":{"title":"Resource Unit"},"searchOpenDialogs":true,"interaction":{"idSuffix":"titleText"}},"wdio_ui5_key":"reusablesview.manageresources.NewResourceUnitsap.m.StandardListItem{\"title\":\"Resource Unit\"}"}]}
COMMAND: GET /session/211805a0db2825488b2ffc481472c536/screenshot - {}
RESULT: {"script":"<script> [1562 bytes]","args":[{"selector":{"controlType":"sap.m.StandardListItem","viewName":"reusables.view.manageresources.NewResourceUnit","viewId":"application-manageresources-display-component---newResourceUnit","properties":{"title":"Resource Unit"},"searchOpenDialogs":true,"interaction":{"idSuffix":"titleText"}},"wdio_ui5_key":"reusablesview.manageresources.NewResourceUnitsap.m.StandardListItem{\"title\":\"Resource Unit\"}"}]}
RESULT: undefined
COMMAND: POST /session/211805a0db2825488b2ffc481472c536/element - {"using":"xpath","value":"//*[@id=\"__item246\"]"}
RESULT: {}
RESULT: {"using":"xpath","value":"//*[@id=\"__item246\"]"}
COMMAND: POST /session/211805a0db2825488b2ffc481472c536/element/f.B77A22107D10E5486A044045F14EEE7A.d.D31F4287E9D92E52DEF0670768FFB74F.e.3859/click - {}
RESULT: {}
COMMAND: POST /session/211805a0db2825488b2ffc481472c536/element - {"using":"xpath","value":"//bdi[contains(text(), \"Time Segment\")]"}
COMMAND: GET /session/211805a0db2825488b2ffc481472c536/screenshot - {}
RESULT: {"using":"xpath","value":"//bdi[contains(text(), \"Time Segment\")]"}
COMMAND: GET /session/211805a0db2825488b2ffc481472c536/element/f.B77A22107D10E5486A044045F14EEE7A.d.D31F4287E9D92E52DEF0670768FFB74F.e.3860/rect - {}
RESULT: {}
RESULT: {}
COMMAND: GET /session/211805a0db2825488b2ffc481472c536/window/rect - {}
RESULT: {}
COMMAND: POST /session/211805a0db2825488b2ffc481472c536/execute/sync - {"script":"<script> [92 bytes]","args":[]}
RESULT: {"script":"<script> [92 bytes]","args":[]}
COMMAND: POST /session/211805a0db2825488b2ffc481472c536/actions - {"actions":[{"id":"action7","type":"wheel","parameters":{},"actions":[{"type":"scroll","x":-1820,"y":-21,"deltaX":0,"deltaY":0,"duration":0,"origin":{"element-6066-11e4-a52e-4f735466cecf":"f.B77A22107D10E5486A044045F14EEE7A.d.D31F4287E9D92E52DEF0670768FFB74F.e.3860"}}]}]}
COMMAND: GET /session/211805a0db2825488b2ffc481472c536/screenshot - {}
RESULT: {}
COMMAND: POST /session/211805a0db2825488b2ffc481472c536/execute/sync - {"script":"<script> [79 bytes]","args":[{"element-6066-11e4-a52e-4f735466cecf":"f.B77A22107D10E5486A044045F14EEE7A.d.D31F4287E9D92E52DEF0670768FFB74F.e.3860","ELEMENT":"f.B77A22107D10E5486A044045F14EEE7A.d.D31F4287E9D92E52DEF0670768FFB74F.e.3860"},{"block":"start","inline":"nearest"}]}
RESULT: {"script":"<script> [79 bytes]","args":[{"element-6066-11e4-a52e-4f735466cecf":"f.B77A22107D10E5486A044045F14EEE7A.d.D31F4287E9D92E52DEF0670768FFB74F.e.3860","ELEMENT":"f.B77A22107D10E5486A044045F14EEE7A.d.D31F4287E9D92E52DEF0670768FFB74F.e.3860"},{"block":"start","inline":"nearest"}]}
COMMAND: POST /session/211805a0db2825488b2ffc481472c536/execute/async - {"script":"<script> [1562 bytes]","args":[{"selector":{"id":"application-manageresources-display-component---newResourceUnit--btnAddTimeSegment-img"},"wdio_ui5_key":"applicationmanageresources-display-component---newResourceUnit--btnAddTimeSegment-img"}]}
COMMAND: GET /session/211805a0db2825488b2ffc481472c536/screenshot - {}
RESULT: {"script":"<script> [1562 bytes]","args":[{"selector":{"id":"application-manageresources-display-component---newResourceUnit--btnAddTimeSegment-img"},"wdio_ui5_key":"applicationmanageresources-display-component---newResourceUnit--btnAddTimeSegment-img"}]}
RESULT: undefined
COMMAND: POST /session/211805a0db2825488b2ffc481472c536/element - {"using":"xpath","value":"//*[@id=\"application-manageresources-display-component---newResourceUnit--btnAddTimeSegment-img\"]"}
RESULT: {}
RESULT: {"using":"xpath","value":"//*[@id=\"application-manageresources-display-component---newResourceUnit--btnAddTimeSegment-img\"]"}
COMMAND: POST /session/211805a0db2825488b2ffc481472c536/element/f.B77A22107D10E5486A044045F14EEE7A.d.D31F4287E9D92E52DEF0670768FFB74F.e.3863/click - {}
RESULT: {}
COMMAND: GET /session/211805a0db2825488b2ffc481472c536/screenshot - {}
RESULT: {}
COMMAND: POST /session/211805a0db2825488b2ffc481472c536/element - {"using":"xpath","value":"//input[@id=\"application-manageresources-display-component---newResourceUnit--idRuTSAdmin-application-manageresources-display-component---newResourceUnit--RUTimeSegment-0-inner\"]"}
RESULT: {"using":"xpath","value":"//input[@id=\"application-manageresources-display-component---newResourceUnit--idRuTSAdmin-application-manageresources-display-component---newResourceUnit--RUTimeSegment-0-inner\"]"}
COMMAND: POST /session/211805a0db2825488b2ffc481472c536/element/f.B77A22107D10E5486A044045F14EEE7A.d.D31F4287E9D92E52DEF0670768FFB74F.e.3867/clear - {}
RESULT: {}
COMMAND: POST /session/211805a0db2825488b2ffc481472c536/element/f.B77A22107D10E5486A044045F14EEE7A.d.D31F4287E9D92E52DEF0670768FFB74F.e.3867/value - {"text":"WebdriverYard16x1lg"}
COMMAND: GET /session/211805a0db2825488b2ffc481472c536/screenshot - {}
RESULT: {"text":"WebdriverYard16x1lg"}
COMMAND: GET /session/211805a0db2825488b2ffc481472c536/screenshot - {}
RESULT: {}
RESULT: {}
COMMAND: POST /session/211805a0db2825488b2ffc481472c536/actions - {"actions":[{"id":"action8","type":"key","parameters":{},"actions":[{"type":"keyDown","value":"î€‡"},{"type":"pause","duration":10},{"type":"keyUp","value":"î€‡"}]}]}
RESULT: {"actions":[{"id":"action8","type":"key","parameters":{},"actions":[{"type":"keyDown","value":"î€‡"},{"type":"pause","duration":10},{"type":"keyUp","value":"î€‡"}]}]}
COMMAND: POST /session/211805a0db2825488b2ffc481472c536/execute/async - {"script":"<script> [1562 bytes]","args":[{"selector":{"controlType":"sap.ui.core.Icon","viewName":"reusables.view.manageresources.NewResourceUnit","viewId":"application-manageresources-display-component---newResourceUnit","properties":{"src":{"regex":{"source":"slim\\-arrow\\-down"}}},"ancestor":{"controlType":"sap.m.ComboBox","viewName":"reusables.view.manageresources.NewResourceUnit","viewId":"application-manageresources-display-component---newResourceUnit","bindingPath":{"path":"/RESOURCE_UNIT_TIME_SEQUENCES/0","propertyPath":"COST_OBJECT_ADMIN_CST_TYPE","modelName":"oNewRruModel"}}},"wdio_ui5_key":"reusablesview.manageresources.NewResourceUnitsap.ui.core.Icon{\"src\":{\"regex\":{\"source\":\"slim\\\\-arrow\\\\-down\"}}}{\"controlType\":\"sap.m.ComboBox\",\"viewName\":\"reusables.view.manageresources.NewResourceUnit\",\"viewId\":\"application-manageresources-display-component---newResourceUnit\",\"bindingPath\":{\"path\":\"/RESOURCE_UNIT_TIME_SEQUENCES/0\",\"propertyPath\":\"COST_OBJECT_ADMIN_CST_TYPE\",\"modelName\":\"oNewRruModel\"}}"}]}
COMMAND: GET /session/211805a0db2825488b2ffc481472c536/screenshot - {}
RESULT: {"script":"<script> [1562 bytes]","args":[{"selector":{"controlType":"sap.ui.core.Icon","viewName":"reusables.view.manageresources.NewResourceUnit","viewId":"application-manageresources-display-component---newResourceUnit","properties":{"src":{"regex":{"source":"slim\\-arrow\\-down"}}},"ancestor":{"controlType":"sap.m.ComboBox","viewName":"reusables.view.manageresources.NewResourceUnit","viewId":"application-manageresources-display-component---newResourceUnit","bindingPath":{"path":"/RESOURCE_UNIT_TIME_SEQUENCES/0","propertyPath":"COST_OBJECT_ADMIN_CST_TYPE","modelName":"oNewRruModel"}}},"wdio_ui5_key":"reusablesview.manageresources.NewResourceUnitsap.ui.core.Icon{\"src\":{\"regex\":{\"source\":\"slim\\\\-arrow\\\\-down\"}}}{\"controlType\":\"sap.m.ComboBox\",\"viewName\":\"reusables.view.manageresources.NewResourceUnit\",\"viewId\":\"application-manageresources-display-component---newResourceUnit\",\"bindingPath\":{\"path\":\"/RESOURCE_UNIT_TIME_SEQUENCES/0\",\"propertyPath\":\"COST_OBJECT_ADMIN_CST_TYPE\",\"modelName\":\"oNewRruModel\"}}"}]}
RESULT: undefined
COMMAND: POST /session/211805a0db2825488b2ffc481472c536/element - {"using":"xpath","value":"//*[@id=\"__box7-application-manageresources-display-component---newResourceUnit--RUTimeSegment-0-arrow\"]"}
RESULT: {}
RESULT: {"using":"xpath","value":"//*[@id=\"__box7-application-manageresources-display-component---newResourceUnit--RUTimeSegment-0-arrow\"]"}
COMMAND: POST /session/211805a0db2825488b2ffc481472c536/element/f.B77A22107D10E5486A044045F14EEE7A.d.D31F4287E9D92E52DEF0670768FFB74F.e.3881/click - {}
RESULT: {}
COMMAND: POST /session/211805a0db2825488b2ffc481472c536/execute/async - {"script":"<script> [1562 bytes]","args":[{"selector":{"controlType":"sap.m.StandardListItem","viewName":"reusables.view.manageresources.NewResourceUnit","viewId":"application-manageresources-display-component---newResourceUnit","properties":{"title":"PM Order"},"searchOpenDialogs":true,"interaction":{"idSuffix":"titleText"}},"wdio_ui5_key":"reusablesview.manageresources.NewResourceUnitsap.m.StandardListItem{\"title\":\"PM Order\"}"}]}
COMMAND: GET /session/211805a0db2825488b2ffc481472c536/screenshot - {}
RESULT: {"script":"<script> [1562 bytes]","args":[{"selector":{"controlType":"sap.m.StandardListItem","viewName":"reusables.view.manageresources.NewResourceUnit","viewId":"application-manageresources-display-component---newResourceUnit","properties":{"title":"PM Order"},"searchOpenDialogs":true,"interaction":{"idSuffix":"titleText"}},"wdio_ui5_key":"reusablesview.manageresources.NewResourceUnitsap.m.StandardListItem{\"title\":\"PM Order\"}"}]}
RESULT: undefined
COMMAND: POST /session/211805a0db2825488b2ffc481472c536/element - {"using":"xpath","value":"//*[@id=\"__item1261\"]"}
RESULT: {}
RESULT: {"using":"xpath","value":"//*[@id=\"__item1261\"]"}
COMMAND: POST /session/211805a0db2825488b2ffc481472c536/element/f.B77A22107D10E5486A044045F14EEE7A.d.D31F4287E9D92E52DEF0670768FFB74F.e.3885/click - {}
RESULT: {}
COMMAND: GET /session/211805a0db2825488b2ffc481472c536/screenshot - {}
RESULT: {}
COMMAND: POST /session/211805a0db2825488b2ffc481472c536/element - {"using":"xpath","value":"(//input[contains(@id ,\"-application-manageresources-display-component---newResourceUnit--RUTimeSegment-0-inner\")])[8]"}
RESULT: {"using":"xpath","value":"(//input[contains(@id ,\"-application-manageresources-display-component---newResourceUnit--RUTimeSegment-0-inner\")])[8]"}
COMMAND: POST /session/211805a0db2825488b2ffc481472c536/element/f.B77A22107D10E5486A044045F14EEE7A.d.D31F4287E9D92E52DEF0670768FFB74F.e.3888/clear - {}
RESULT: {}
COMMAND: POST /session/211805a0db2825488b2ffc481472c536/element/f.B77A22107D10E5486A044045F14EEE7A.d.D31F4287E9D92E52DEF0670768FFB74F.e.3888/value - {"text":"4000360"}
COMMAND: GET /session/211805a0db2825488b2ffc481472c536/screenshot - {}
RESULT: {"text":"4000360"}
COMMAND: GET /session/211805a0db2825488b2ffc481472c536/screenshot - {}
RESULT: {}
RESULT: {}
COMMAND: POST /session/211805a0db2825488b2ffc481472c536/actions - {"actions":[{"id":"action9","type":"key","parameters":{},"actions":[{"type":"keyDown","value":"î€‡"},{"type":"pause","duration":10},{"type":"keyUp","value":"î€‡"}]}]}
RESULT: {"actions":[{"id":"action9","type":"key","parameters":{},"actions":[{"type":"keyDown","value":"î€‡"},{"type":"pause","duration":10},{"type":"keyUp","value":"î€‡"}]}]}
COMMAND: GET /session/211805a0db2825488b2ffc481472c536/screenshot - {}
RESULT: {}
COMMAND: POST /session/211805a0db2825488b2ffc481472c536/element - {"using":"xpath","value":"//input[contains(@id ,\"application-manageresources-display-component---newResourceUnit--newTimeSegmentFromDatePicker-application-manageresources-display-component---newResourceUnit--RUTimeSegment-0-inner\")]"}
RESULT: {"using":"xpath","value":"//input[contains(@id ,\"application-manageresources-display-component---newResourceUnit--newTimeSegmentFromDatePicker-application-manageresources-display-component---newResourceUnit--RUTimeSegment-0-inner\")]"}
COMMAND: POST /session/211805a0db2825488b2ffc481472c536/element/f.B77A22107D10E5486A044045F14EEE7A.d.D31F4287E9D92E52DEF0670768FFB74F.e.3874/clear - {}
RESULT: {}
COMMAND: POST /session/211805a0db2825488b2ffc481472c536/element/f.B77A22107D10E5486A044045F14EEE7A.d.D31F4287E9D92E52DEF0670768FFB74F.e.3874/clear - {}
COMMAND: GET /session/211805a0db2825488b2ffc481472c536/screenshot - {}
RESULT: {}
COMMAND: POST /session/211805a0db2825488b2ffc481472c536/element/f.B77A22107D10E5486A044045F14EEE7A.d.D31F4287E9D92E52DEF0670768FFB74F.e.3874/value - {"text":"06/04/24"}
COMMAND: GET /session/211805a0db2825488b2ffc481472c536/screenshot - {}
RESULT: {}
RESULT: {"text":"06/04/24"}
COMMAND: POST /session/211805a0db2825488b2ffc481472c536/execute/async - {"script":"<script> [1562 bytes]","args":[{"selector":{"id":"application-manageresources-display-component---newResourceUnit--newRRUPage-anchBar-application-manageresources-display-component---newResourceUnit--resource-anchor","interaction":{"idSuffix":"BDI-content"}},"wdio_ui5_key":"applicationmanageresources-display-component---newResourceUnit--newRRUPage-anchBar-application-manageresources-display-component---newResourceUnit--resource-anchor"}]}
COMMAND: GET /session/211805a0db2825488b2ffc481472c536/screenshot - {}
RESULT: {}
RESULT: {"script":"<script> [1562 bytes]","args":[{"selector":{"id":"application-manageresources-display-component---newResourceUnit--newRRUPage-anchBar-application-manageresources-display-component---newResourceUnit--resource-anchor","interaction":{"idSuffix":"BDI-content"}},"wdio_ui5_key":"applicationmanageresources-display-component---newResourceUnit--newRRUPage-anchBar-application-manageresources-display-component---newResourceUnit--resource-anchor"}]}
RESULT: undefined
COMMAND: POST /session/211805a0db2825488b2ffc481472c536/element - {"using":"xpath","value":"//*[@id=\"application-manageresources-display-component---newResourceUnit--newRRUPage-anchBar-application-manageresources-display-component---newResourceUnit--resource-anchor\"]"}
RESULT: {}
RESULT: {"using":"xpath","value":"//*[@id=\"application-manageresources-display-component---newResourceUnit--newRRUPage-anchBar-application-manageresources-display-component---newResourceUnit--resource-anchor\"]"}
COMMAND: POST /session/211805a0db2825488b2ffc481472c536/element/f.B77A22107D10E5486A044045F14EEE7A.d.D31F4287E9D92E52DEF0670768FFB74F.e.3909/click - {}
RESULT: {}
COMMAND: POST /session/211805a0db2825488b2ffc481472c536/execute/async - {"script":"<script> [1562 bytes]","args":[{"selector":{"id":"application-manageresources-display-component---newResourceUnit--PLANNED_DELIVERY_DATE","interaction":{"idSuffix":"inner"}},"wdio_ui5_key":"applicationmanageresources-display-component---newResourceUnit--PLANNED_DELIVERY_DATE"}]}
COMMAND: GET /session/211805a0db2825488b2ffc481472c536/screenshot - {}
RESULT: {"script":"<script> [1562 bytes]","args":[{"selector":{"id":"application-manageresources-display-component---newResourceUnit--PLANNED_DELIVERY_DATE","interaction":{"idSuffix":"inner"}},"wdio_ui5_key":"applicationmanageresources-display-component---newResourceUnit--PLANNED_DELIVERY_DATE"}]}
RESULT: undefined
COMMAND: POST /session/211805a0db2825488b2ffc481472c536/execute/async - {"script":"<script> [6424 bytes]","args":[{"element-6066-11e4-a52e-4f735466cecf":"f.B77A22107D10E5486A044045F14EEE7A.d.D31F4287E9D92E52DEF0670768FFB74F.e.3769"},"setValue",["06/04/24"]]}
RESULT: {}
RESULT: {"script":"<script> [6424 bytes]","args":[{"element-6066-11e4-a52e-4f735466cecf":"f.B77A22107D10E5486A044045F14EEE7A.d.D31F4287E9D92E52DEF0670768FFB74F.e.3769"},"setValue",["06/04/24"]]}
COMMAND: POST /session/211805a0db2825488b2ffc481472c536/execute/async - {"script":"<script> [1562 bytes]","args":[{"selector":{"id":"application-manageresources-display-component---newResourceUnit--RETIRE_PLANNED_DATE","interaction":{"idSuffix":"inner"}},"wdio_ui5_key":"applicationmanageresources-display-component---newResourceUnit--RETIRE_PLANNED_DATE"}]}
RESULT: {"script":"<script> [1562 bytes]","args":[{"selector":{"id":"application-manageresources-display-component---newResourceUnit--RETIRE_PLANNED_DATE","interaction":{"idSuffix":"inner"}},"wdio_ui5_key":"applicationmanageresources-display-component---newResourceUnit--RETIRE_PLANNED_DATE"}]}
RESULT: undefined
COMMAND: POST /session/211805a0db2825488b2ffc481472c536/execute/async - {"script":"<script> [776 bytes]","args":[{"enterText":"3/14/29","selector":{"id":"application-manageresources-display-component---newResourceUnit--RETIRE_PLANNED_DATE","interaction":{"idSuffix":"inner"}},"clearTextFirst":true,"interactionType":"ENTER_TEXT"}]}
RESULT: {"script":"<script> [776 bytes]","args":[{"enterText":"3/14/29","selector":{"id":"application-manageresources-display-component---newResourceUnit--RETIRE_PLANNED_DATE","interaction":{"idSuffix":"inner"}},"clearTextFirst":true,"interactionType":"ENTER_TEXT"}]}
COMMAND: POST /session/211805a0db2825488b2ffc481472c536/execute/async - {"script":"<script> [1562 bytes]","args":[{"selector":{"controlType":"sap.m.Button","viewName":"reusables.view.manageresources.NewResourceUnit","viewId":"application-manageresources-display-component---newResourceUnit","i18NText":{"propertyName":"tooltip","key":"save"},"interaction":{"idSuffix":"BDI-content"}},"wdio_ui5_key":"reusablesview.manageresources.NewResourceUnitsap.m.Button{\"propertyName\":\"tooltip\",\"key\":\"save\"}"}]}
RESULT: {"script":"<script> [1562 bytes]","args":[{"selector":{"controlType":"sap.m.Button","viewName":"reusables.view.manageresources.NewResourceUnit","viewId":"application-manageresources-display-component---newResourceUnit","i18NText":{"propertyName":"tooltip","key":"save"},"interaction":{"idSuffix":"BDI-content"}},"wdio_ui5_key":"reusablesview.manageresources.NewResourceUnitsap.m.Button{\"propertyName\":\"tooltip\",\"key\":\"save\"}"}]}
RESULT: undefined
COMMAND: POST /session/211805a0db2825488b2ffc481472c536/element - {"using":"xpath","value":"//*[@id=\"application-manageresources-display-component---newResourceUnit--createRuButton\"]"}
RESULT: {"using":"xpath","value":"//*[@id=\"application-manageresources-display-component---newResourceUnit--createRuButton\"]"}
COMMAND: POST /session/211805a0db2825488b2ffc481472c536/element/f.B77A22107D10E5486A044045F14EEE7A.d.D31F4287E9D92E52DEF0670768FFB74F.e.3730/click - {}
RESULT: {}
COMMAND: GET /session/211805a0db2825488b2ffc481472c536/screenshot - {}
RESULT: {}
COMMAND: POST /session/211805a0db2825488b2ffc481472c536/execute/async - {"script":"<script> [1562 bytes]","args":[{"selector":{"controlType":"sap.m.Button","properties":{"text":"Close"},"searchOpenDialogs":true,"interaction":{"idSuffix":"inner"}},"wdio_ui5_key":"sapm.Button{\"text\":\"Close\"}"}]}
RESULT: {"script":"<script> [1562 bytes]","args":[{"selector":{"controlType":"sap.m.Button","properties":{"text":"Close"},"searchOpenDialogs":true,"interaction":{"idSuffix":"inner"}},"wdio_ui5_key":"sapm.Button{\"text\":\"Close\"}"}]}
RESULT: undefined
COMMAND: POST /session/211805a0db2825488b2ffc481472c536/element - {"using":"xpath","value":"//*[@id=\"__mbox-btn-0\"]"}
RESULT: {"using":"xpath","value":"//*[@id=\"__mbox-btn-0\"]"}
COMMAND: POST /session/211805a0db2825488b2ffc481472c536/element/f.B77A22107D10E5486A044045F14EEE7A.d.D31F4287E9D92E52DEF0670768FFB74F.e.3919/click - {}
RESULT: {}
COMMAND: GET /session/211805a0db2825488b2ffc481472c536/screenshot - {}
COMMAND: POST /session/211805a0db2825488b2ffc481472c536/execute/async - {"script":"<script> [1562 bytes]","args":[{"selector":{"controlType":"sap.m.Text","viewName":"etm.portal.ui.manageresources.view.Detail","viewId":"application-manageresources-display-component---detailRU","bindingPath":{"propertyPath":"ID","modelName":"catalogModel"}},"wdio_ui5_key":"etmportal.ui.manageresources.view.Detailsap.m.Text{\"propertyPath\":\"ID\",\"modelName\":\"catalogModel\"}"}]}
RESULT: {}
RESULT: {"script":"<script> [1562 bytes]","args":[{"selector":{"controlType":"sap.m.Text","viewName":"etm.portal.ui.manageresources.view.Detail","viewId":"application-manageresources-display-component---detailRU","bindingPath":{"propertyPath":"ID","modelName":"catalogModel"}},"wdio_ui5_key":"etmportal.ui.manageresources.view.Detailsap.m.Text{\"propertyPath\":\"ID\",\"modelName\":\"catalogModel\"}"}]}
RESULT: undefined
COMMAND: POST /session/211805a0db2825488b2ffc481472c536/execute/async - {"script":"<script> [6424 bytes]","args":[{"element-6066-11e4-a52e-4f735466cecf":"f.B77A22107D10E5486A044045F14EEE7A.d.D31F4287E9D92E52DEF0670768FFB74F.e.3953"},"getText",[]]}
RESULT: {"script":"<script> [6424 bytes]","args":[{"element-6066-11e4-a52e-4f735466cecf":"f.B77A22107D10E5486A044045F14EEE7A.d.D31F4287E9D92E52DEF0670768FFB74F.e.3953"},"getText",[]]}
COMMAND: POST /session/211805a0db2825488b2ffc481472c536/element - {"using":"css selector","value":"#shell-header-logo"}
RESULT: {"using":"css selector","value":"#shell-header-logo"}
COMMAND: POST /session/211805a0db2825488b2ffc481472c536/element/f.B77A22107D10E5486A044045F14EEE7A.d.D31F4287E9D92E52DEF0670768FFB74F.e.3310/click - {}
RESULT: {}
COMMAND: GET /session/211805a0db2825488b2ffc481472c536/screenshot - {}
RESULT: {}
COMMAND: POST /session/211805a0db2825488b2ffc481472c536/execute/async - {"script":"<script> [1562 bytes]","args":[{"selector":{"controlType":"sap.m.GenericTile","properties":{"header":"Manage Catalogs"}},"wdio_ui5_key":"sapm.GenericTile{\"header\":\"Manage Catalogs\"}"}]}
RESULT: {"script":"<script> [1562 bytes]","args":[{"selector":{"controlType":"sap.m.GenericTile","properties":{"header":"Manage Catalogs"}},"wdio_ui5_key":"sapm.GenericTile{\"header\":\"Manage Catalogs\"}"}]}
RESULT: undefined
COMMAND: POST /session/211805a0db2825488b2ffc481472c536/element - {"using":"xpath","value":"//*[@id=\"__tile37\"]"}
RESULT: {"using":"xpath","value":"//*[@id=\"__tile37\"]"}
COMMAND: POST /session/211805a0db2825488b2ffc481472c536/element/f.B77A22107D10E5486A044045F14EEE7A.d.D31F4287E9D92E52DEF0670768FFB74F.e.3295/click - {}
RESULT: {}
COMMAND: GET /session/211805a0db2825488b2ffc481472c536/screenshot - {}
RESULT: {}
COMMAND: POST /session/211805a0db2825488b2ffc481472c536/execute/async - {"script":"<script> [1562 bytes]","args":[{"selector":{"controlType":"sap.m.Text","viewName":"etm.portal.ui.managecatalogs.view.MasterCatalogs","viewId":"application-managecatalogs-display-component---masterCatalogs","bindingPath":{"path":"/Catalogs('0D7502D073D53A0F1700BE067B89AFF9')","propertyPath":"DESCRIPTION","modelName":"catalogModel"}},"wdio_ui5_key":"etmportal.ui.managecatalogs.view.MasterCatalogssap.m.Text{\"path\":\"/Catalogs('0D7502D073D53A0F1700BE067B89AFF9')\",\"propertyPath\":\"DESCRIPTION\",\"modelName\":\"catalogModel\"}"}]}
RESULT: {"script":"<script> [1562 bytes]","args":[{"selector":{"controlType":"sap.m.Text","viewName":"etm.portal.ui.managecatalogs.view.MasterCatalogs","viewId":"application-managecatalogs-display-component---masterCatalogs","bindingPath":{"path":"/Catalogs('0D7502D073D53A0F1700BE067B89AFF9')","propertyPath":"DESCRIPTION","modelName":"catalogModel"}},"wdio_ui5_key":"etmportal.ui.managecatalogs.view.MasterCatalogssap.m.Text{\"path\":\"/Catalogs('0D7502D073D53A0F1700BE067B89AFF9')\",\"propertyPath\":\"DESCRIPTION\",\"modelName\":\"catalogModel\"}"}]}
RESULT: undefined
COMMAND: POST /session/211805a0db2825488b2ffc481472c536/element - {"using":"xpath","value":"//*[@id=\"__text939-application-managecatalogs-display-component---masterCatalogs--CatalogsTable-11\"]"}
RESULT: {"using":"xpath","value":"//*[@id=\"__text939-application-managecatalogs-display-component---masterCatalogs--CatalogsTable-11\"]"}
COMMAND: POST /session/211805a0db2825488b2ffc481472c536/element/f.B77A22107D10E5486A044045F14EEE7A.d.D31F4287E9D92E52DEF0670768FFB74F.e.4024/click - {}
RESULT: {}
COMMAND: POST /session/211805a0db2825488b2ffc481472c536/execute/async - {"script":"<script> [1562 bytes]","args":[{"selector":{"controlType":"sap.ui.layout.HorizontalLayout","viewName":"etm.portal.ui.managecatalogs.view.MasterItems","viewId":"application-managecatalogs-display-component---masterCatalogItems","ancestor":{"id":"application-managecatalogs-display-component---masterCatalogItems--idCatalogItemsTree-rows-row0"}},"wdio_ui5_key":"etmportal.ui.managecatalogs.view.MasterItemssap.ui.layout.HorizontalLayout{\"id\":\"application-managecatalogs-display-component---masterCatalogItems--idCatalogItemsTree-rows-row0\"}"}]}
COMMAND: GET /session/211805a0db2825488b2ffc481472c536/screenshot - {}
RESULT: {"script":"<script> [1562 bytes]","args":[{"selector":{"controlType":"sap.ui.layout.HorizontalLayout","viewName":"etm.portal.ui.managecatalogs.view.MasterItems","viewId":"application-managecatalogs-display-component---masterCatalogItems","ancestor":{"id":"application-managecatalogs-display-component---masterCatalogItems--idCatalogItemsTree-rows-row0"}},"wdio_ui5_key":"etmportal.ui.managecatalogs.view.MasterItemssap.ui.layout.HorizontalLayout{\"id\":\"application-managecatalogs-display-component---masterCatalogItems--idCatalogItemsTree-rows-row0\"}"}]}
RESULT: undefined
COMMAND: POST /session/211805a0db2825488b2ffc481472c536/element - {"using":"xpath","value":"//*[@id=\"__layout280-__clone3685\"]"}
RESULT: {}
RESULT: {"using":"xpath","value":"//*[@id=\"__layout280-__clone3685\"]"}
COMMAND: POST /session/211805a0db2825488b2ffc481472c536/element/f.B77A22107D10E5486A044045F14EEE7A.d.D31F4287E9D92E52DEF0670768FFB74F.e.4058/click - {}
RESULT: {}
COMMAND: GET /session/211805a0db2825488b2ffc481472c536/screenshot - {}
COMMAND: POST /session/211805a0db2825488b2ffc481472c536/execute/async - {"script":"<script> [1562 bytes]","args":[{"selector":{"controlType":"sap.m.Button","viewName":"etm.portal.ui.managecatalogs.view.Detail","viewId":"application-managecatalogs-display-component---detailCatalog","i18NText":{"propertyName":"text","key":"edit"},"interaction":{"idSuffix":"BDI-content"}},"wdio_ui5_key":"etmportal.ui.managecatalogs.view.Detailsap.m.Button{\"propertyName\":\"text\",\"key\":\"edit\"}"}]}
RESULT: {}
RESULT: {"script":"<script> [1562 bytes]","args":[{"selector":{"controlType":"sap.m.Button","viewName":"etm.portal.ui.managecatalogs.view.Detail","viewId":"application-managecatalogs-display-component---detailCatalog","i18NText":{"propertyName":"text","key":"edit"},"interaction":{"idSuffix":"BDI-content"}},"wdio_ui5_key":"etmportal.ui.managecatalogs.view.Detailsap.m.Button{\"propertyName\":\"text\",\"key\":\"edit\"}"}]}
RESULT: undefined
COMMAND: POST /session/211805a0db2825488b2ffc481472c536/element - {"using":"xpath","value":"//*[@id=\"__button122\"]"}
RESULT: {"using":"xpath","value":"//*[@id=\"__button122\"]"}
COMMAND: POST /session/211805a0db2825488b2ffc481472c536/element/f.B77A22107D10E5486A044045F14EEE7A.d.D31F4287E9D92E52DEF0670768FFB74F.e.4172/click - {}
RESULT: {}
COMMAND: GET /session/211805a0db2825488b2ffc481472c536/screenshot - {}
RESULT: {}
COMMAND: POST /session/211805a0db2825488b2ffc481472c536/element - {"using":"xpath","value":"//bdi[contains(text(), \"Unlock\")]"}
RESULT: {"using":"xpath","value":"//bdi[contains(text(), \"Unlock\")]"}
COMMAND: POST /session/211805a0db2825488b2ffc481472c536/elements - {"using":"xpath","value":"//bdi[contains(text(), \"Unlock\")]"}
RESULT: {"using":"xpath","value":"//bdi[contains(text(), \"Unlock\")]"}
COMMAND: POST /session/211805a0db2825488b2ffc481472c536/execute/async - {"script":"<script> [1562 bytes]","args":[{"selector":{"controlType":"sap.ui.core.Icon","viewName":"etm.portal.ui.managecatalogs.view.Detail","viewId":"application-managecatalogs-display-component---detailCatalog","properties":{"src":{"regex":{"source":"add\\-folder"}}}},"wdio_ui5_key":"etmportal.ui.managecatalogs.view.Detailsap.ui.core.Icon{\"src\":{\"regex\":{\"source\":\"add\\\\-folder\"}}}"}]}
RESULT: {"script":"<script> [1562 bytes]","args":[{"selector":{"controlType":"sap.ui.core.Icon","viewName":"etm.portal.ui.managecatalogs.view.Detail","viewId":"application-managecatalogs-display-component---detailCatalog","properties":{"src":{"regex":{"source":"add\\-folder"}}}},"wdio_ui5_key":"etmportal.ui.managecatalogs.view.Detailsap.ui.core.Icon{\"src\":{\"regex\":{\"source\":\"add\\\\-folder\"}}}"}]}
RESULT: undefined
COMMAND: POST /session/211805a0db2825488b2ffc481472c536/element - {"using":"xpath","value":"//*[@id=\"__button130-img\"]"}
RESULT: {"using":"xpath","value":"//*[@id=\"__button130-img\"]"}
COMMAND: POST /session/211805a0db2825488b2ffc481472c536/element/f.B77A22107D10E5486A044045F14EEE7A.d.D31F4287E9D92E52DEF0670768FFB74F.e.4180/click - {}
RESULT: {}
COMMAND: GET /session/211805a0db2825488b2ffc481472c536/screenshot - {}
RESULT: {}
COMMAND: POST /session/211805a0db2825488b2ffc481472c536/execute/async - {"script":"<script> [1562 bytes]","args":[{"selector":{"id":"application-managecatalogs-display-component---detailCatalog--numberInput","searchOpenDialogs":true,"interaction":{"idSuffix":"inner"}},"wdio_ui5_key":"applicationmanagecatalogs-display-component---detailCatalog--numberInput"}]}
RESULT: {"script":"<script> [1562 bytes]","args":[{"selector":{"id":"application-managecatalogs-display-component---detailCatalog--numberInput","searchOpenDialogs":true,"interaction":{"idSuffix":"inner"}},"wdio_ui5_key":"applicationmanagecatalogs-display-component---detailCatalog--numberInput"}]}
RESULT: undefined
COMMAND: POST /session/211805a0db2825488b2ffc481472c536/execute/async - {"script":"<script> [776 bytes]","args":[{"enterText":"Sectionlubz6","selector":{"id":"application-managecatalogs-display-component---detailCatalog--numberInput","searchOpenDialogs":true,"interaction":{"idSuffix":"inner"}},"clearTextFirst":true,"interactionType":"ENTER_TEXT"}]}
RESULT: {"script":"<script> [776 bytes]","args":[{"enterText":"Sectionlubz6","selector":{"id":"application-managecatalogs-display-component---detailCatalog--numberInput","searchOpenDialogs":true,"interaction":{"idSuffix":"inner"}},"clearTextFirst":true,"interactionType":"ENTER_TEXT"}]}
COMMAND: POST /session/211805a0db2825488b2ffc481472c536/element - {"using":"css selector","value":"#application-managecatalogs-display-component---detailCatalog--nameInput-inner"}
RESULT: {"using":"css selector","value":"#application-managecatalogs-display-component---detailCatalog--nameInput-inner"}
COMMAND: POST /session/211805a0db2825488b2ffc481472c536/elements - {"using":"css selector","value":"#application-managecatalogs-display-component---detailCatalog--nameInput-inner"}
RESULT: {"using":"css selector","value":"#application-managecatalogs-display-component---detailCatalog--nameInput-inner"}
COMMAND: POST /session/211805a0db2825488b2ffc481472c536/element/f.B77A22107D10E5486A044045F14EEE7A.d.D31F4287E9D92E52DEF0670768FFB74F.e.4184/clear - {}
RESULT: {}
COMMAND: POST /session/211805a0db2825488b2ffc481472c536/element/f.B77A22107D10E5486A044045F14EEE7A.d.D31F4287E9D92E52DEF0670768FFB74F.e.4184/value - {"text":"Webdriverm3htp"}
COMMAND: GET /session/211805a0db2825488b2ffc481472c536/screenshot - {}
RESULT: {"text":"Webdriverm3htp"}
COMMAND: POST /session/211805a0db2825488b2ffc481472c536/execute/async - {"script":"<script> [1562 bytes]","args":[{"selector":{"controlType":"sap.m.Button","viewName":"etm.portal.ui.managecatalogs.view.Detail","viewId":"application-managecatalogs-display-component---detailCatalog","i18NText":{"propertyName":"text","key":"create"},"searchOpenDialogs":true,"interaction":{"idSuffix":"BDI-content"}},"wdio_ui5_key":"etmportal.ui.managecatalogs.view.Detailsap.m.Button{\"propertyName\":\"text\",\"key\":\"create\"}"}]}
COMMAND: GET /session/211805a0db2825488b2ffc481472c536/screenshot - {}
RESULT: {}
RESULT: {"script":"<script> [1562 bytes]","args":[{"selector":{"controlType":"sap.m.Button","viewName":"etm.portal.ui.managecatalogs.view.Detail","viewId":"application-managecatalogs-display-component---detailCatalog","i18NText":{"propertyName":"text","key":"create"},"searchOpenDialogs":true,"interaction":{"idSuffix":"BDI-content"}},"wdio_ui5_key":"etmportal.ui.managecatalogs.view.Detailsap.m.Button{\"propertyName\":\"text\",\"key\":\"create\"}"}]}
RESULT: undefined
COMMAND: POST /session/211805a0db2825488b2ffc481472c536/element - {"using":"xpath","value":"//*[@id=\"__button100\"]"}
RESULT: {}
RESULT: {"using":"xpath","value":"//*[@id=\"__button100\"]"}
COMMAND: POST /session/211805a0db2825488b2ffc481472c536/element/f.B77A22107D10E5486A044045F14EEE7A.d.D31F4287E9D92E52DEF0670768FFB74F.e.4188/click - {}
RESULT: {}
COMMAND: GET /session/211805a0db2825488b2ffc481472c536/screenshot - {}
RESULT: {}
COMMAND: POST /session/211805a0db2825488b2ffc481472c536/element - {"using":"xpath","value":"//button[@title=\"Save\"]"}
RESULT: {"using":"xpath","value":"//button[@title=\"Save\"]"}
COMMAND: POST /session/211805a0db2825488b2ffc481472c536/element/f.B77A22107D10E5486A044045F14EEE7A.d.D31F4287E9D92E52DEF0670768FFB74F.e.4189/click - {}
RESULT: {}
COMMAND: POST /session/211805a0db2825488b2ffc481472c536/execute/async - {"script":"<script> [1562 bytes]","args":[{"selector":{"controlType":"sap.ui.core.Icon","viewName":"etm.portal.ui.managecatalogs.view.Detail","viewId":"application-managecatalogs-display-component---detailCatalog","properties":{"src":{"regex":{"source":"decline"}}}},"wdio_ui5_key":"etmportal.ui.managecatalogs.view.Detailsap.ui.core.Icon{\"src\":{\"regex\":{\"source\":\"decline\"}}}"}]}
COMMAND: GET /session/211805a0db2825488b2ffc481472c536/screenshot - {}
RESULT: {"script":"<script> [1562 bytes]","args":[{"selector":{"controlType":"sap.ui.core.Icon","viewName":"etm.portal.ui.managecatalogs.view.Detail","viewId":"application-managecatalogs-display-component---detailCatalog","properties":{"src":{"regex":{"source":"decline"}}}},"wdio_ui5_key":"etmportal.ui.managecatalogs.view.Detailsap.ui.core.Icon{\"src\":{\"regex\":{\"source\":\"decline\"}}}"}]}
RESULT: undefined
COMMAND: POST /session/211805a0db2825488b2ffc481472c536/element - {"using":"xpath","value":"//*[@id=\"__button125-img\"]"}
RESULT: {}
RESULT: {"using":"xpath","value":"//*[@id=\"__button125-img\"]"}
COMMAND: POST /session/211805a0db2825488b2ffc481472c536/element/f.B77A22107D10E5486A044045F14EEE7A.d.D31F4287E9D92E52DEF0670768FFB74F.e.4196/click - {}
RESULT: {}
COMMAND: GET /session/211805a0db2825488b2ffc481472c536/screenshot - {}
RESULT: {}
COMMAND: POST /session/211805a0db2825488b2ffc481472c536/execute/async - {"script":"<script> [1562 bytes]","args":[{"selector":{"controlType":"sap.ui.core.Icon","viewName":"etm.portal.ui.managecatalogs.view.MasterItems","viewId":"application-managecatalogs-display-component---masterCatalogItems","properties":{"src":{"regex":{"source":"refresh"}}}},"wdio_ui5_key":"etmportal.ui.managecatalogs.view.MasterItemssap.ui.core.Icon{\"src\":{\"regex\":{\"source\":\"refresh\"}}}"}]}
RESULT: {"script":"<script> [1562 bytes]","args":[{"selector":{"controlType":"sap.ui.core.Icon","viewName":"etm.portal.ui.managecatalogs.view.MasterItems","viewId":"application-managecatalogs-display-component---masterCatalogItems","properties":{"src":{"regex":{"source":"refresh"}}}},"wdio_ui5_key":"etmportal.ui.managecatalogs.view.MasterItemssap.ui.core.Icon{\"src\":{\"regex\":{\"source\":\"refresh\"}}}"}]}
RESULT: undefined
COMMAND: POST /session/211805a0db2825488b2ffc481472c536/element - {"using":"xpath","value":"//*[@id=\"__button98-img\"]"}
RESULT: {"using":"xpath","value":"//*[@id=\"__button98-img\"]"}
COMMAND: POST /session/211805a0db2825488b2ffc481472c536/element/f.B77A22107D10E5486A044045F14EEE7A.d.D31F4287E9D92E52DEF0670768FFB74F.e.4232/click - {}
RESULT: {}
COMMAND: POST /session/211805a0db2825488b2ffc481472c536/execute/async - {"script":"<script> [1562 bytes]","args":[{"selector":{"id":"application-managecatalogs-display-component---masterCatalogItems--searchItemsField","interaction":{"idSuffix":"I"}},"wdio_ui5_key":"applicationmanagecatalogs-display-component---masterCatalogItems--searchItemsField"}]}
COMMAND: GET /session/211805a0db2825488b2ffc481472c536/screenshot - {}
RESULT: {"script":"<script> [1562 bytes]","args":[{"selector":{"id":"application-managecatalogs-display-component---masterCatalogItems--searchItemsField","interaction":{"idSuffix":"I"}},"wdio_ui5_key":"applicationmanagecatalogs-display-component---masterCatalogItems--searchItemsField"}]}
RESULT: undefined
COMMAND: POST /session/211805a0db2825488b2ffc481472c536/execute/async - {"script":"<script> [776 bytes]","args":[{"enterText":"Webdriverm3htp","selector":{"id":"application-managecatalogs-display-component---masterCatalogItems--searchItemsField","interaction":{"idSuffix":"I"}},"clearTextFirst":true,"interactionType":"ENTER_TEXT"}]}
RESULT: {}
RESULT: {"script":"<script> [776 bytes]","args":[{"enterText":"Webdriverm3htp","selector":{"id":"application-managecatalogs-display-component---masterCatalogItems--searchItemsField","interaction":{"idSuffix":"I"}},"clearTextFirst":true,"interactionType":"ENTER_TEXT"}]}
COMMAND: POST /session/211805a0db2825488b2ffc481472c536/actions - {"actions":[{"id":"action10","type":"key","parameters":{},"actions":[{"type":"keyDown","value":"î€‡"},{"type":"pause","duration":10},{"type":"keyUp","value":"î€‡"}]}]}
RESULT: {"actions":[{"id":"action10","type":"key","parameters":{},"actions":[{"type":"keyDown","value":"î€‡"},{"type":"pause","duration":10},{"type":"keyUp","value":"î€‡"}]}]}
COMMAND: POST /session/211805a0db2825488b2ffc481472c536/element - {"using":"xpath","value":"(//span[contains(text(), \"Webdriverm3htp\")])[1]"}
COMMAND: GET /session/211805a0db2825488b2ffc481472c536/screenshot - {}
RESULT: {"using":"xpath","value":"(//span[contains(text(), \"Webdriverm3htp\")])[1]"}
COMMAND: POST /session/211805a0db2825488b2ffc481472c536/element/f.B77A22107D10E5486A044045F14EEE7A.d.D31F4287E9D92E52DEF0670768FFB74F.e.4235/click - {}
RESULT: {}
RESULT: {}
COMMAND: GET /session/211805a0db2825488b2ffc481472c536/screenshot - {}
RESULT: {}
RESULT: undefined
COMMAND: POST /session/211805a0db2825488b2ffc481472c536/element - {"using":"xpath","value":"//*[@id=\"__button122\"]"}
RESULT: {"using":"xpath","value":"//*[@id=\"__button122\"]"}
COMMAND: POST /session/211805a0db2825488b2ffc481472c536/element/f.B77A22107D10E5486A044045F14EEE7A.d.D31F4287E9D92E52DEF0670768FFB74F.e.4272/click - {}
RESULT: {}
COMMAND: GET /session/211805a0db2825488b2ffc481472c536/screenshot - {}
RESULT: {}
RESULT: undefined
COMMAND: POST /session/211805a0db2825488b2ffc481472c536/element - {"using":"xpath","value":"//*[@id=\"__button130-img\"]"}
RESULT: {"using":"xpath","value":"//*[@id=\"__button130-img\"]"}
COMMAND: POST /session/211805a0db2825488b2ffc481472c536/element/f.B77A22107D10E5486A044045F14EEE7A.d.D31F4287E9D92E52DEF0670768FFB74F.e.4322/click - {}
RESULT: {}
COMMAND: GET /session/211805a0db2825488b2ffc481472c536/screenshot - {}
RESULT: {}
RESULT: undefined
COMMAND: POST /session/211805a0db2825488b2ffc481472c536/execute/async - {"script":"<script> [776 bytes]","args":[{"enterText":"SecondSectionrdvgd","selector":{"id":"application-managecatalogs-display-component---detailCatalog--numberInput","searchOpenDialogs":true,"interaction":{"idSuffix":"inner"}},"clearTextFirst":true,"interactionType":"ENTER_TEXT"}]}
RESULT: {"script":"<script> [776 bytes]","args":[{"enterText":"SecondSectionrdvgd","selector":{"id":"application-managecatalogs-display-component---detailCatalog--numberInput","searchOpenDialogs":true,"interaction":{"idSuffix":"inner"}},"clearTextFirst":true,"interactionType":"ENTER_TEXT"}]}
COMMAND: POST /session/211805a0db2825488b2ffc481472c536/element - {"using":"xpath","value":"//input[contains(@id ,\"application-managecatalogs-display-component---detailCatalog--nameInput-inner\")]"}
RESULT: {"using":"xpath","value":"//input[contains(@id ,\"application-managecatalogs-display-component---detailCatalog--nameInput-inner\")]"}
COMMAND: POST /session/211805a0db2825488b2ffc481472c536/elements - {"using":"xpath","value":"//input[contains(@id ,\"application-managecatalogs-display-component---detailCatalog--nameInput-inner\")]"}
RESULT: {"using":"xpath","value":"//input[contains(@id ,\"application-managecatalogs-display-component---detailCatalog--nameInput-inner\")]"}
COMMAND: POST /session/211805a0db2825488b2ffc481472c536/element/f.B77A22107D10E5486A044045F14EEE7A.d.D31F4287E9D92E52DEF0670768FFB74F.e.4325/clear - {}
RESULT: {}
COMMAND: POST /session/211805a0db2825488b2ffc481472c536/element/f.B77A22107D10E5486A044045F14EEE7A.d.D31F4287E9D92E52DEF0670768FFB74F.e.4325/value - {"text":"webdriversecondwj3oa"}
COMMAND: GET /session/211805a0db2825488b2ffc481472c536/screenshot - {}
RESULT: {"text":"webdriversecondwj3oa"}
RESULT: undefined
COMMAND: POST /session/211805a0db2825488b2ffc481472c536/element - {"using":"xpath","value":"//*[@id=\"__button100\"]"}
COMMAND: GET /session/211805a0db2825488b2ffc481472c536/screenshot - {}
RESULT: {}
RESULT: {"using":"xpath","value":"//*[@id=\"__button100\"]"}
COMMAND: POST /session/211805a0db2825488b2ffc481472c536/element/f.B77A22107D10E5486A044045F14EEE7A.d.D31F4287E9D92E52DEF0670768FFB74F.e.4329/click - {}
RESULT: {}
RESULT: {}
COMMAND: GET /session/211805a0db2825488b2ffc481472c536/screenshot - {}
RESULT: {}
COMMAND: POST /session/211805a0db2825488b2ffc481472c536/element - {"using":"xpath","value":"//button[@title=\"Save\"]"}
RESULT: {"using":"xpath","value":"//button[@title=\"Save\"]"}
COMMAND: POST /session/211805a0db2825488b2ffc481472c536/element/f.B77A22107D10E5486A044045F14EEE7A.d.D31F4287E9D92E52DEF0670768FFB74F.e.4307/click - {}
RESULT: {}
COMMAND: GET /session/211805a0db2825488b2ffc481472c536/screenshot - {}
RESULT: {}
RESULT: undefined
COMMAND: POST /session/211805a0db2825488b2ffc481472c536/element - {"using":"xpath","value":"//*[@id=\"__button125-img\"]"}
RESULT: {"using":"xpath","value":"//*[@id=\"__button125-img\"]"}
COMMAND: POST /session/211805a0db2825488b2ffc481472c536/element/f.B77A22107D10E5486A044045F14EEE7A.d.D31F4287E9D92E52DEF0670768FFB74F.e.4279/click - {}
RESULT: {}
COMMAND: GET /session/211805a0db2825488b2ffc481472c536/screenshot - {}
RESULT: {}
RESULT: undefined
COMMAND: POST /session/211805a0db2825488b2ffc481472c536/element - {"using":"xpath","value":"//*[@id=\"__button98-img\"]"}
RESULT: {"using":"xpath","value":"//*[@id=\"__button98-img\"]"}
COMMAND: POST /session/211805a0db2825488b2ffc481472c536/element/f.B77A22107D10E5486A044045F14EEE7A.d.D31F4287E9D92E52DEF0670768FFB74F.e.4369/click - {}
RESULT: {}
COMMAND: GET /session/211805a0db2825488b2ffc481472c536/screenshot - {}
RESULT: {}
RESULT: undefined
COMMAND: POST /session/211805a0db2825488b2ffc481472c536/execute/async - {"script":"<script> [776 bytes]","args":[{"enterText":"SecondSectionrdvgd","selector":{"id":"application-managecatalogs-display-component---masterCatalogItems--searchItemsField","interaction":{"idSuffix":"I"}},"clearTextFirst":true,"interactionType":"ENTER_TEXT"}]}
RESULT: {"script":"<script> [776 bytes]","args":[{"enterText":"SecondSectionrdvgd","selector":{"id":"application-managecatalogs-display-component---masterCatalogItems--searchItemsField","interaction":{"idSuffix":"I"}},"clearTextFirst":true,"interactionType":"ENTER_TEXT"}]}
COMMAND: POST /session/211805a0db2825488b2ffc481472c536/actions - {"actions":[{"id":"action11","type":"key","parameters":{},"actions":[{"type":"keyDown","value":"î€‡"},{"type":"pause","duration":10},{"type":"keyUp","value":"î€‡"}]}]}
RESULT: {"actions":[{"id":"action11","type":"key","parameters":{},"actions":[{"type":"keyDown","value":"î€‡"},{"type":"pause","duration":10},{"type":"keyUp","value":"î€‡"}]}]}
COMMAND: POST /session/211805a0db2825488b2ffc481472c536/element - {"using":"xpath","value":"(//span[contains(text(), \"SecondSectionrdvgd\")])[1]"}
COMMAND: GET /session/211805a0db2825488b2ffc481472c536/screenshot - {}
RESULT: {}
RESULT: {"using":"xpath","value":"(//span[contains(text(), \"SecondSectionrdvgd\")])[1]"}
COMMAND: POST /session/211805a0db2825488b2ffc481472c536/element/f.B77A22107D10E5486A044045F14EEE7A.d.D31F4287E9D92E52DEF0670768FFB74F.e.4372/click - {}
RESULT: {}
COMMAND: POST /session/211805a0db2825488b2ffc481472c536/element - {"using":"xpath","value":"(//span[contains(text(), \"SecondSectionrdvgd\")])[1]"}
COMMAND: GET /session/211805a0db2825488b2ffc481472c536/screenshot - {}
RESULT: {"using":"xpath","value":"(//span[contains(text(), \"SecondSectionrdvgd\")])[1]"}
COMMAND: GET /session/211805a0db2825488b2ffc481472c536/element/f.B77A22107D10E5486A044045F14EEE7A.d.D31F4287E9D92E52DEF0670768FFB74F.e.4372/text - {}
RESULT: {}
RESULT: {}
COMMAND: POST /session/211805a0db2825488b2ffc481472c536/refresh - {}
RESULT: {}
COMMAND: GET /session/211805a0db2825488b2ffc481472c536/screenshot - {}
RESULT: {}
COMMAND: POST /session/211805a0db2825488b2ffc481472c536/execute/async - {"script":"<script> [189 bytes]","args":[]}
RESULT: {"script":"<script> [189 bytes]","args":[]}
COMMAND: POST /session/211805a0db2825488b2ffc481472c536/execute/async - {"script":"<script> [123 bytes]","args":[]}
RESULT: {"script":"<script> [123 bytes]","args":[]}
COMMAND: POST /session/211805a0db2825488b2ffc481472c536/timeouts - {"script":"<number>"}
RESULT: {"script":"<number>"}
COMMAND: GET /session/211805a0db2825488b2ffc481472c536/timeouts - {}
RESULT: {}
RESULT: undefined
COMMAND: POST /session/211805a0db2825488b2ffc481472c536/execute/async - {"script":"<script> [2676 bytes]","args":[]}
RESULT: {"script":"<script> [2676 bytes]","args":[]}
COMMAND: POST /session/211805a0db2825488b2ffc481472c536/execute/async - {"script":"<script> [2342 bytes]","args":[{"protocol":"http","hostname":"0.0.0.0","path":"/","capabilities":{"browserName":"chrome","goog:chromeOptions":{"binary":"C:\\Program Files\\Google\\Chrome\\Application\\chrome.exe","args":["--start-maximized"]}},"logLevel":"warn","connectionRetryTimeout":120000,"connectionRetryCount":3,"logLevels":{},"enableDirectConnect":true,"strictSSL":true,"_":"65 more keys: [\"cacheDir\",\"port\",\"requestedCapabilities\",\"automationProtocol\",\"baseUrl\",\"waitforInterval\",\"waitforTimeout\",\"onReload\",\"beforeCommand\",\"afterCommand\",\"rootDir\",\"specs\",\"suites\",\"exclude\",\"groupLogsByTestSpec\",\"excludeDriverLogs\",\"bail\",\"framework\",\"reporters\",\"services\",\"maxInstances\",\"maxInstancesPerCapability\",\"injectGlobals\",\"filesToWatch\",\"execArgv\",\"runnerEnv\",\"runner\",\"shard\",\"specFileRetries\",\"specFileRetriesDelay\",\"specFileRetriesDeferred\",\"reporterSyncInterval\",\"reporterSyncTimeout\",\"cucumberFeaturesWithLineNumbers\",\"autoCompileOpts\",\"mochaOpts\",\"jasmineOpts\",\"cucumberOpts\",\"onPrepare\",\"onWorkerStart\",\"onWorkerEnd\",\"before\",\"beforeSession\",\"beforeSuite\",\"beforeHook\",\"beforeTest\",\"afterTest\",\"afterHook\",\"afterSuite\",\"afterSession\",\"after\",\"onComplete\",\"beforeAssertion\",\"afterAssertion\",\"beforeFeature\",\"beforeScenario\",\"beforeStep\",\"afterStep\",\"afterScenario\",\"afterFeature\",\"_\",\"suite\",\"$0\",\"ignoredWorkerServices\",\"wdi5\"]"}]}
RESULT: {"script":"<script> [2342 bytes]","args":[{"protocol":"http","hostname":"0.0.0.0","path":"/","capabilities":{"browserName":"chrome","goog:chromeOptions":{"binary":"C:\\Program Files\\Google\\Chrome\\Application\\chrome.exe","args":["--start-maximized"]}},"logLevel":"warn","connectionRetryTimeout":120000,"connectionRetryCount":3,"logLevels":{},"enableDirectConnect":true,"strictSSL":true,"_":"65 more keys: [\"cacheDir\",\"port\",\"requestedCapabilities\",\"automationProtocol\",\"baseUrl\",\"waitforInterval\",\"waitforTimeout\",\"onReload\",\"beforeCommand\",\"afterCommand\",\"rootDir\",\"specs\",\"suites\",\"exclude\",\"groupLogsByTestSpec\",\"excludeDriverLogs\",\"bail\",\"framework\",\"reporters\",\"services\",\"maxInstances\",\"maxInstancesPerCapability\",\"injectGlobals\",\"filesToWatch\",\"execArgv\",\"runnerEnv\",\"runner\",\"shard\",\"specFileRetries\",\"specFileRetriesDelay\",\"specFileRetriesDeferred\",\"reporterSyncInterval\",\"reporterSyncTimeout\",\"cucumberFeaturesWithLineNumbers\",\"autoCompileOpts\",\"mochaOpts\",\"jasmineOpts\",\"cucumberOpts\",\"onPrepare\",\"onWorkerStart\",\"onWorkerEnd\",\"before\",\"beforeSession\",\"beforeSuite\",\"beforeHook\",\"beforeTest\",\"afterTest\",\"afterHook\",\"afterSuite\",\"afterSession\",\"after\",\"onComplete\",\"beforeAssertion\",\"afterAssertion\",\"beforeFeature\",\"beforeScenario\",\"beforeStep\",\"afterStep\",\"afterScenario\",\"afterFeature\",\"_\",\"suite\",\"$0\",\"ignoredWorkerServices\",\"wdi5\"]"}]}
COMMAND: POST /session/211805a0db2825488b2ffc481472c536/execute/async - {"script":"<script> [21126 bytes]","args":[35000]}
RESULT: {"script":"<script> [21126 bytes]","args":[35000]}
COMMAND: POST /session/211805a0db2825488b2ffc481472c536/execute/async - {"script":"<script> [1562 bytes]","args":[{"selector":{"controlType":"sap.m.Button","viewName":"etm.portal.ui.managecatalogs.view.Detail","viewId":"application-managecatalogs-display-component---detailCatalog","i18NText":{"propertyName":"text","key":"edit"},"interaction":{"idSuffix":"BDI-content"}},"wdio_ui5_key":"etmportal.ui.managecatalogs.view.Detailsap.m.Button{\"propertyName\":\"text\",\"key\":\"edit\"}"}]}
RESULT: {"script":"<script> [1562 bytes]","args":[{"selector":{"controlType":"sap.m.Button","viewName":"etm.portal.ui.managecatalogs.view.Detail","viewId":"application-managecatalogs-display-component---detailCatalog","i18NText":{"propertyName":"text","key":"edit"},"interaction":{"idSuffix":"BDI-content"}},"wdio_ui5_key":"etmportal.ui.managecatalogs.view.Detailsap.m.Button{\"propertyName\":\"text\",\"key\":\"edit\"}"}]}
RESULT: undefined
COMMAND: POST /session/211805a0db2825488b2ffc481472c536/element - {"using":"xpath","value":"//*[@id=\"__button25\"]"}
RESULT: {"using":"xpath","value":"//*[@id=\"__button25\"]"}
COMMAND: POST /session/211805a0db2825488b2ffc481472c536/element/f.B77A22107D10E5486A044045F14EEE7A.d.C324C951F64B8A638BCB192B774E0C83.e.4483/click - {}
RESULT: {}
COMMAND: GET /session/211805a0db2825488b2ffc481472c536/screenshot - {}
RESULT: {}
COMMAND: POST /session/211805a0db2825488b2ffc481472c536/element - {"using":"xpath","value":"//button[contains(@title ,\"Create Catalog Item\")]"}
RESULT: {"using":"xpath","value":"//button[contains(@title ,\"Create Catalog Item\")]"}
COMMAND: POST /session/211805a0db2825488b2ffc481472c536/element/f.B77A22107D10E5486A044045F14EEE7A.d.C324C951F64B8A638BCB192B774E0C83.e.4490/click - {}
RESULT: {}
COMMAND: POST /session/211805a0db2825488b2ffc481472c536/execute/async - {"script":"<script> [1562 bytes]","args":[{"selector":{"id":"application-managecatalogs-display-component---detailCatalog--newItemNumberInput","searchOpenDialogs":true,"interaction":{"idSuffix":"inner"}},"wdio_ui5_key":"applicationmanagecatalogs-display-component---detailCatalog--newItemNumberInput"}]}
COMMAND: GET /session/211805a0db2825488b2ffc481472c536/screenshot - {}
RESULT: {"script":"<script> [1562 bytes]","args":[{"selector":{"id":"application-managecatalogs-display-component---detailCatalog--newItemNumberInput","searchOpenDialogs":true,"interaction":{"idSuffix":"inner"}},"wdio_ui5_key":"applicationmanagecatalogs-display-component---detailCatalog--newItemNumberInput"}]}
RESULT: undefined
COMMAND: POST /session/211805a0db2825488b2ffc481472c536/execute/async - {"script":"<script> [776 bytes]","args":[{"enterText":"catalogItemxzl0r","selector":{"id":"application-managecatalogs-display-component---detailCatalog--newItemNumberInput","searchOpenDialogs":true,"interaction":{"idSuffix":"inner"}},"clearTextFirst":true,"interactionType":"ENTER_TEXT"}]}
RESULT: {}
RESULT: {"script":"<script> [776 bytes]","args":[{"enterText":"catalogItemxzl0r","selector":{"id":"application-managecatalogs-display-component---detailCatalog--newItemNumberInput","searchOpenDialogs":true,"interaction":{"idSuffix":"inner"}},"clearTextFirst":true,"interactionType":"ENTER_TEXT"}]}
COMMAND: POST /session/211805a0db2825488b2ffc481472c536/execute/async - {"script":"<script> [1562 bytes]","args":[{"selector":{"controlType":"sap.m.Input","viewName":"etm.portal.ui.managecatalogs.view.Detail","viewId":"application-managecatalogs-display-component---detailCatalog","bindingPath":{"path":"","propertyPath":"/DESCRIPTION"},"searchOpenDialogs":true,"interaction":{"idSuffix":"inner"}},"wdio_ui5_key":"etmportal.ui.managecatalogs.view.Detailsap.m.Input{\"path\":\"\",\"propertyPath\":\"/DESCRIPTION\"}"}]}
RESULT: {"script":"<script> [1562 bytes]","args":[{"selector":{"controlType":"sap.m.Input","viewName":"etm.portal.ui.managecatalogs.view.Detail","viewId":"application-managecatalogs-display-component---detailCatalog","bindingPath":{"path":"","propertyPath":"/DESCRIPTION"},"searchOpenDialogs":true,"interaction":{"idSuffix":"inner"}},"wdio_ui5_key":"etmportal.ui.managecatalogs.view.Detailsap.m.Input{\"path\":\"\",\"propertyPath\":\"/DESCRIPTION\"}"}]}
RESULT: undefined
COMMAND: POST /session/211805a0db2825488b2ffc481472c536/execute/async - {"script":"<script> [776 bytes]","args":[{"enterText":"catalogItemNamebunfe","selector":{"controlType":"sap.m.Input","viewName":"etm.portal.ui.managecatalogs.view.Detail","viewId":"application-managecatalogs-display-component---detailCatalog","bindingPath":{"path":"","propertyPath":"/DESCRIPTION"},"searchOpenDialogs":true,"interaction":{"idSuffix":"inner"}},"clearTextFirst":true,"interactionType":"ENTER_TEXT"}]}
RESULT: {"script":"<script> [776 bytes]","args":[{"enterText":"catalogItemNamebunfe","selector":{"controlType":"sap.m.Input","viewName":"etm.portal.ui.managecatalogs.view.Detail","viewId":"application-managecatalogs-display-component---detailCatalog","bindingPath":{"path":"","propertyPath":"/DESCRIPTION"},"searchOpenDialogs":true,"interaction":{"idSuffix":"inner"}},"clearTextFirst":true,"interactionType":"ENTER_TEXT"}]}
COMMAND: POST /session/211805a0db2825488b2ffc481472c536/actions - {"actions":[{"id":"action12","type":"key","parameters":{},"actions":[{"type":"keyDown","value":"î€„"},{"type":"pause","duration":10},{"type":"keyUp","value":"î€„"}]}]}
RESULT: {"actions":[{"id":"action12","type":"key","parameters":{},"actions":[{"type":"keyDown","value":"î€„"},{"type":"pause","duration":10},{"type":"keyUp","value":"î€„"}]}]}
COMMAND: GET /session/211805a0db2825488b2ffc481472c536/screenshot - {}
RESULT: {}
COMMAND: POST /session/211805a0db2825488b2ffc481472c536/actions - {"actions":[{"id":"action13","type":"key","parameters":{},"actions":[{"type":"keyDown","value":"î€‡"},{"type":"pause","duration":10},{"type":"keyUp","value":"î€‡"}]}]}
RESULT: {"actions":[{"id":"action13","type":"key","parameters":{},"actions":[{"type":"keyDown","value":"î€‡"},{"type":"pause","duration":10},{"type":"keyUp","value":"î€‡"}]}]}
COMMAND: GET /session/211805a0db2825488b2ffc481472c536/screenshot - {}
RESULT: {}
COMMAND: POST /session/211805a0db2825488b2ffc481472c536/element - {"using":"xpath","value":"//button[@title=\"Save\"]"}
RESULT: {"using":"xpath","value":"//button[@title=\"Save\"]"}
COMMAND: POST /session/211805a0db2825488b2ffc481472c536/element/f.B77A22107D10E5486A044045F14EEE7A.d.C324C951F64B8A638BCB192B774E0C83.e.4499/click - {}
RESULT: {}
COMMAND: GET /session/211805a0db2825488b2ffc481472c536/screenshot - {}
RESULT: {}
COMMAND: POST /session/211805a0db2825488b2ffc481472c536/execute/async - {"script":"<script> [1562 bytes]","args":[{"selector":{"controlType":"sap.ui.core.Icon","viewName":"etm.portal.ui.managecatalogs.view.Detail","viewId":"application-managecatalogs-display-component---detailCatalog","properties":{"src":{"regex":{"source":"decline"}}}},"wdio_ui5_key":"etmportal.ui.managecatalogs.view.Detailsap.ui.core.Icon{\"src\":{\"regex\":{\"source\":\"decline\"}}}"}]}
RESULT: {"script":"<script> [1562 bytes]","args":[{"selector":{"controlType":"sap.ui.core.Icon","viewName":"etm.portal.ui.managecatalogs.view.Detail","viewId":"application-managecatalogs-display-component---detailCatalog","properties":{"src":{"regex":{"source":"decline"}}}},"wdio_ui5_key":"etmportal.ui.managecatalogs.view.Detailsap.ui.core.Icon{\"src\":{\"regex\":{\"source\":\"decline\"}}}"}]}
RESULT: undefined
COMMAND: POST /session/211805a0db2825488b2ffc481472c536/element - {"using":"xpath","value":"//*[@id=\"__button28-img\"]"}
RESULT: {"using":"xpath","value":"//*[@id=\"__button28-img\"]"}
COMMAND: POST /session/211805a0db2825488b2ffc481472c536/element/f.B77A22107D10E5486A044045F14EEE7A.d.C324C951F64B8A638BCB192B774E0C83.e.4506/click - {}
RESULT: {}
COMMAND: GET /session/211805a0db2825488b2ffc481472c536/screenshot - {}
RESULT: {}
COMMAND: POST /session/211805a0db2825488b2ffc481472c536/execute/async - {"script":"<script> [1562 bytes]","args":[{"selector":{"controlType":"sap.ui.core.Icon","viewName":"etm.portal.ui.managecatalogs.view.MasterItems","viewId":"application-managecatalogs-display-component---masterCatalogItems","properties":{"src":{"regex":{"source":"refresh"}}}},"wdio_ui5_key":"etmportal.ui.managecatalogs.view.MasterItemssap.ui.core.Icon{\"src\":{\"regex\":{\"source\":\"refresh\"}}}"}]}
RESULT: {"script":"<script> [1562 bytes]","args":[{"selector":{"controlType":"sap.ui.core.Icon","viewName":"etm.portal.ui.managecatalogs.view.MasterItems","viewId":"application-managecatalogs-display-component---masterCatalogItems","properties":{"src":{"regex":{"source":"refresh"}}}},"wdio_ui5_key":"etmportal.ui.managecatalogs.view.MasterItemssap.ui.core.Icon{\"src\":{\"regex\":{\"source\":\"refresh\"}}}"}]}
RESULT: undefined
COMMAND: POST /session/211805a0db2825488b2ffc481472c536/element - {"using":"xpath","value":"//*[@id=\"__button1-img\"]"}
RESULT: {"using":"xpath","value":"//*[@id=\"__button1-img\"]"}
COMMAND: POST /session/211805a0db2825488b2ffc481472c536/element/f.B77A22107D10E5486A044045F14EEE7A.d.C324C951F64B8A638BCB192B774E0C83.e.4514/click - {}
RESULT: {}
COMMAND: GET /session/211805a0db2825488b2ffc481472c536/screenshot - {}
RESULT: {}
COMMAND: POST /session/211805a0db2825488b2ffc481472c536/execute/async - {"script":"<script> [1562 bytes]","args":[{"selector":{"id":"application-managecatalogs-display-component---masterCatalogItems--searchItemsField","interaction":{"idSuffix":"I"}},"wdio_ui5_key":"applicationmanagecatalogs-display-component---masterCatalogItems--searchItemsField"}]}
RESULT: {"script":"<script> [1562 bytes]","args":[{"selector":{"id":"application-managecatalogs-display-component---masterCatalogItems--searchItemsField","interaction":{"idSuffix":"I"}},"wdio_ui5_key":"applicationmanagecatalogs-display-component---masterCatalogItems--searchItemsField"}]}
RESULT: undefined
COMMAND: POST /session/211805a0db2825488b2ffc481472c536/execute/async - {"script":"<script> [776 bytes]","args":[{"enterText":"catalogItemNamebunfe","selector":{"id":"application-managecatalogs-display-component---masterCatalogItems--searchItemsField","interaction":{"idSuffix":"I"}},"clearTextFirst":true,"interactionType":"ENTER_TEXT"}]}
RESULT: {"script":"<script> [776 bytes]","args":[{"enterText":"catalogItemNamebunfe","selector":{"id":"application-managecatalogs-display-component---masterCatalogItems--searchItemsField","interaction":{"idSuffix":"I"}},"clearTextFirst":true,"interactionType":"ENTER_TEXT"}]}
COMMAND: POST /session/211805a0db2825488b2ffc481472c536/actions - {"actions":[{"id":"action14","type":"key","parameters":{},"actions":[{"type":"keyDown","value":"î€‡"},{"type":"pause","duration":10},{"type":"keyUp","value":"î€‡"}]}]}
RESULT: {"actions":[{"id":"action14","type":"key","parameters":{},"actions":[{"type":"keyDown","value":"î€‡"},{"type":"pause","duration":10},{"type":"keyUp","value":"î€‡"}]}]}
COMMAND: POST /session/211805a0db2825488b2ffc481472c536/element - {"using":"xpath","value":"(//span[contains(text(), \"catalogItemNamebunfe\")])[1]"}
COMMAND: GET /session/211805a0db2825488b2ffc481472c536/screenshot - {}
RESULT: {"using":"xpath","value":"(//span[contains(text(), \"catalogItemNamebunfe\")])[1]"}
COMMAND: POST /session/211805a0db2825488b2ffc481472c536/element/f.B77A22107D10E5486A044045F14EEE7A.d.C324C951F64B8A638BCB192B774E0C83.e.4552/click - {}
RESULT: {}
RESULT: {}
COMMAND: GET /session/211805a0db2825488b2ffc481472c536/screenshot - {}
RESULT: {}
COMMAND: POST /session/211805a0db2825488b2ffc481472c536/element - {"using":"xpath","value":"//span[contains(text(), \"catalogItemxzl0r\")]"}
RESULT: {"using":"xpath","value":"//span[contains(text(), \"catalogItemxzl0r\")]"}
COMMAND: GET /session/211805a0db2825488b2ffc481472c536/element/f.B77A22107D10E5486A044045F14EEE7A.d.C324C951F64B8A638BCB192B774E0C83.e.4613/text - {}
RESULT: {}
]]></system-out>
    </testcase>
    <testcase classname="chrome.135_0_7049_96.windows.Standard_contract_-_add_contract_items_by_Insert_Request_US118222" name="Should assign resources to the catalog item" time="56.175">
      <system-out><![CDATA[
RESULT: undefined
COMMAND: POST /session/211805a0db2825488b2ffc481472c536/element - {"using":"xpath","value":"//*[@id=\"__button25\"]"}
RESULT: {"using":"xpath","value":"//*[@id=\"__button25\"]"}
COMMAND: POST /session/211805a0db2825488b2ffc481472c536/element/f.B77A22107D10E5486A044045F14EEE7A.d.C324C951F64B8A638BCB192B774E0C83.e.4614/click - {}
RESULT: {}
COMMAND: GET /session/211805a0db2825488b2ffc481472c536/screenshot - {}
RESULT: {}
COMMAND: POST /session/211805a0db2825488b2ffc481472c536/execute/async - {"script":"<script> [1562 bytes]","args":[{"selector":{"id":"application-managecatalogs-display-component---detailCatalog--BASE_UNIT_OF_MEASURE-arrow"},"wdio_ui5_key":"applicationmanagecatalogs-display-component---detailCatalog--BASE_UNIT_OF_MEASURE-arrow"}]}
RESULT: {"script":"<script> [1562 bytes]","args":[{"selector":{"id":"application-managecatalogs-display-component---detailCatalog--BASE_UNIT_OF_MEASURE-arrow"},"wdio_ui5_key":"applicationmanagecatalogs-display-component---detailCatalog--BASE_UNIT_OF_MEASURE-arrow"}]}
RESULT: undefined
COMMAND: POST /session/211805a0db2825488b2ffc481472c536/element - {"using":"xpath","value":"//*[@id=\"application-managecatalogs-display-component---detailCatalog--BASE_UNIT_OF_MEASURE-arrow\"]"}
RESULT: {"using":"xpath","value":"//*[@id=\"application-managecatalogs-display-component---detailCatalog--BASE_UNIT_OF_MEASURE-arrow\"]"}
COMMAND: POST /session/211805a0db2825488b2ffc481472c536/element/f.B77A22107D10E5486A044045F14EEE7A.d.C324C951F64B8A638BCB192B774E0C83.e.4644/click - {}
RESULT: {}
COMMAND: POST /session/211805a0db2825488b2ffc481472c536/execute/async - {"script":"<script> [1562 bytes]","args":[{"selector":{"controlType":"sap.m.StandardListItem","viewName":"etm.portal.ui.managecatalogs.view.Detail","viewId":"application-managecatalogs-display-component---detailCatalog","properties":{"title":"Piece"},"searchOpenDialogs":true,"interaction":{"idSuffix":"titleText"}},"wdio_ui5_key":"etmportal.ui.managecatalogs.view.Detailsap.m.StandardListItem{\"title\":\"Piece\"}"}]}
COMMAND: GET /session/211805a0db2825488b2ffc481472c536/screenshot - {}
RESULT: {"script":"<script> [1562 bytes]","args":[{"selector":{"controlType":"sap.m.StandardListItem","viewName":"etm.portal.ui.managecatalogs.view.Detail","viewId":"application-managecatalogs-display-component---detailCatalog","properties":{"title":"Piece"},"searchOpenDialogs":true,"interaction":{"idSuffix":"titleText"}},"wdio_ui5_key":"etmportal.ui.managecatalogs.view.Detailsap.m.StandardListItem{\"title\":\"Piece\"}"}]}
RESULT: undefined
COMMAND: POST /session/211805a0db2825488b2ffc481472c536/element - {"using":"xpath","value":"//*[@id=\"__item239\"]"}
RESULT: {}
RESULT: {"using":"xpath","value":"//*[@id=\"__item239\"]"}
COMMAND: POST /session/211805a0db2825488b2ffc481472c536/element/f.B77A22107D10E5486A044045F14EEE7A.d.C324C951F64B8A638BCB192B774E0C83.e.4648/click - {}
RESULT: {}
COMMAND: POST /session/211805a0db2825488b2ffc481472c536/execute/async - {"script":"<script> [1562 bytes]","args":[{"selector":{"id":"application-managecatalogs-display-component---detailCatalog--ObjectPageLayout-anchBar-application-managecatalogs-display-component---detailCatalog--sectionRUs-anchor","interaction":{"idSuffix":"BDI-content"}},"wdio_ui5_key":"applicationmanagecatalogs-display-component---detailCatalog--ObjectPageLayout-anchBar-application-managecatalogs-display-component---detailCatalog--sectionRUs-anchor"}]}
COMMAND: GET /session/211805a0db2825488b2ffc481472c536/screenshot - {}
RESULT: {"script":"<script> [1562 bytes]","args":[{"selector":{"id":"application-managecatalogs-display-component---detailCatalog--ObjectPageLayout-anchBar-application-managecatalogs-display-component---detailCatalog--sectionRUs-anchor","interaction":{"idSuffix":"BDI-content"}},"wdio_ui5_key":"applicationmanagecatalogs-display-component---detailCatalog--ObjectPageLayout-anchBar-application-managecatalogs-display-component---detailCatalog--sectionRUs-anchor"}]}
RESULT: undefined
COMMAND: POST /session/211805a0db2825488b2ffc481472c536/element - {"using":"xpath","value":"//*[@id=\"application-managecatalogs-display-component---detailCatalog--ObjectPageLayout-anchBar-application-managecatalogs-display-component---detailCatalog--sectionRUs-anchor\"]"}
RESULT: {}
RESULT: {"using":"xpath","value":"//*[@id=\"application-managecatalogs-display-component---detailCatalog--ObjectPageLayout-anchBar-application-managecatalogs-display-component---detailCatalog--sectionRUs-anchor\"]"}
COMMAND: POST /session/211805a0db2825488b2ffc481472c536/element/f.B77A22107D10E5486A044045F14EEE7A.d.C324C951F64B8A638BCB192B774E0C83.e.4650/click - {}
RESULT: {}
COMMAND: POST /session/211805a0db2825488b2ffc481472c536/element - {"using":"xpath","value":"//button[contains(@data-kt ,\"catalogItemAssignRuButton\")]"}
COMMAND: GET /session/211805a0db2825488b2ffc481472c536/screenshot - {}
RESULT: {"using":"xpath","value":"//button[contains(@data-kt ,\"catalogItemAssignRuButton\")]"}
COMMAND: POST /session/211805a0db2825488b2ffc481472c536/element/f.B77A22107D10E5486A044045F14EEE7A.d.C324C951F64B8A638BCB192B774E0C83.e.4656/click - {}
RESULT: {}
RESULT: {}
COMMAND: GET /session/211805a0db2825488b2ffc481472c536/screenshot - {}
RESULT: {}
COMMAND: POST /session/211805a0db2825488b2ffc481472c536/actions - {"actions":[{"id":"action15","type":"key","parameters":{},"actions":[{"type":"keyDown","value":"î€‡"},{"type":"pause","duration":10},{"type":"keyUp","value":"î€‡"}]}]}
RESULT: {"actions":[{"id":"action15","type":"key","parameters":{},"actions":[{"type":"keyDown","value":"î€‡"},{"type":"pause","duration":10},{"type":"keyUp","value":"î€‡"}]}]}
COMMAND: POST /session/211805a0db2825488b2ffc481472c536/execute/async - {"script":"<script> [1562 bytes]","args":[{"selector":{"id":"application-managecatalogs-display-component---detailCatalog--assignRUSearchField-vhi","searchOpenDialogs":true},"wdio_ui5_key":"applicationmanagecatalogs-display-component---detailCatalog--assignRUSearchField-vhi"}]}
COMMAND: GET /session/211805a0db2825488b2ffc481472c536/screenshot - {}
RESULT: {"script":"<script> [1562 bytes]","args":[{"selector":{"id":"application-managecatalogs-display-component---detailCatalog--assignRUSearchField-vhi","searchOpenDialogs":true},"wdio_ui5_key":"applicationmanagecatalogs-display-component---detailCatalog--assignRUSearchField-vhi"}]}
RESULT: undefined
COMMAND: POST /session/211805a0db2825488b2ffc481472c536/element - {"using":"xpath","value":"//*[@id=\"application-managecatalogs-display-component---detailCatalog--assignRUSearchField-vhi\"]"}
RESULT: {}
RESULT: {"using":"xpath","value":"//*[@id=\"application-managecatalogs-display-component---detailCatalog--assignRUSearchField-vhi\"]"}
COMMAND: POST /session/211805a0db2825488b2ffc481472c536/element/f.B77A22107D10E5486A044045F14EEE7A.d.C324C951F64B8A638BCB192B774E0C83.e.4677/click - {}
RESULT: {}
COMMAND: GET /session/211805a0db2825488b2ffc481472c536/screenshot - {}
RESULT: {}
COMMAND: POST /session/211805a0db2825488b2ffc481472c536/element - {"using":"xpath","value":"//input[contains(@id ,\"searchField-I\")]"}
RESULT: {"using":"xpath","value":"//input[contains(@id ,\"searchField-I\")]"}
COMMAND: POST /session/211805a0db2825488b2ffc481472c536/element/f.B77A22107D10E5486A044045F14EEE7A.d.C324C951F64B8A638BCB192B774E0C83.e.4679/clear - {}
RESULT: {}
COMMAND: POST /session/211805a0db2825488b2ffc481472c536/element/f.B77A22107D10E5486A044045F14EEE7A.d.C324C951F64B8A638BCB192B774E0C83.e.4679/value - {"text":"WdIOR2cEquipefb6z"}
COMMAND: GET /session/211805a0db2825488b2ffc481472c536/screenshot - {}
RESULT: {"text":"WdIOR2cEquipefb6z"}
COMMAND: GET /session/211805a0db2825488b2ffc481472c536/screenshot - {}
RESULT: {}
RESULT: {}
COMMAND: POST /session/211805a0db2825488b2ffc481472c536/actions - {"actions":[{"id":"action16","type":"key","parameters":{},"actions":[{"type":"keyDown","value":"î€‡"},{"type":"pause","duration":10},{"type":"keyUp","value":"î€‡"}]}]}
RESULT: {"actions":[{"id":"action16","type":"key","parameters":{},"actions":[{"type":"keyDown","value":"î€‡"},{"type":"pause","duration":10},{"type":"keyUp","value":"î€‡"}]}]}
COMMAND: GET /session/211805a0db2825488b2ffc481472c536/screenshot - {}
RESULT: {}
COMMAND: POST /session/211805a0db2825488b2ffc481472c536/actions - {"actions":[{"id":"action17","type":"key","parameters":{},"actions":[{"type":"keyDown","value":"î€„"},{"type":"pause","duration":10},{"type":"keyUp","value":"î€„"}]}]}
RESULT: {"actions":[{"id":"action17","type":"key","parameters":{},"actions":[{"type":"keyDown","value":"î€„"},{"type":"pause","duration":10},{"type":"keyUp","value":"î€„"}]}]}
COMMAND: GET /session/211805a0db2825488b2ffc481472c536/screenshot - {}
RESULT: {}
COMMAND: POST /session/211805a0db2825488b2ffc481472c536/actions - {"actions":[{"id":"action18","type":"key","parameters":{},"actions":[{"type":"keyDown","value":"î€‡"},{"type":"pause","duration":10},{"type":"keyUp","value":"î€‡"}]}]}
RESULT: {"actions":[{"id":"action18","type":"key","parameters":{},"actions":[{"type":"keyDown","value":"î€‡"},{"type":"pause","duration":10},{"type":"keyUp","value":"î€‡"}]}]}
COMMAND: GET /session/211805a0db2825488b2ffc481472c536/screenshot - {}
RESULT: {}
COMMAND: POST /session/211805a0db2825488b2ffc481472c536/element - {"using":"xpath","value":"//bdi[contains(@id ,\"application-managecatalogs-display-component---detailCatalog--RUAssignmentSaveButton-BDI-content\")]"}
RESULT: {"using":"xpath","value":"//bdi[contains(@id ,\"application-managecatalogs-display-component---detailCatalog--RUAssignmentSaveButton-BDI-content\")]"}
COMMAND: POST /session/211805a0db2825488b2ffc481472c536/element/f.B77A22107D10E5486A044045F14EEE7A.d.C324C951F64B8A638BCB192B774E0C83.e.4716/click - {}
RESULT: {}
COMMAND: GET /session/211805a0db2825488b2ffc481472c536/screenshot - {}
RESULT: {}
COMMAND: POST /session/211805a0db2825488b2ffc481472c536/element - {"using":"xpath","value":"//bdi[contains(@id ,\"application-managecatalogs-display-component---detailCatalog--ObjectPageLayout-anchBar-application-managecatalogs-display-component---detailCatalog--sectionRUs-anchor-BDI-content\")]"}
RESULT: {"using":"xpath","value":"//bdi[contains(@id ,\"application-managecatalogs-display-component---detailCatalog--ObjectPageLayout-anchBar-application-managecatalogs-display-component---detailCatalog--sectionRUs-anchor-BDI-content\")]"}
COMMAND: POST /session/211805a0db2825488b2ffc481472c536/element/f.B77A22107D10E5486A044045F14EEE7A.d.C324C951F64B8A638BCB192B774E0C83.e.4745/click - {}
RESULT: {}
COMMAND: GET /session/211805a0db2825488b2ffc481472c536/screenshot - {}
RESULT: {}
COMMAND: POST /session/211805a0db2825488b2ffc481472c536/element - {"using":"xpath","value":"//button[contains(@data-kt ,\"catalogItemAssignRuButton\")]"}
RESULT: {"using":"xpath","value":"//button[contains(@data-kt ,\"catalogItemAssignRuButton\")]"}
COMMAND: POST /session/211805a0db2825488b2ffc481472c536/element/f.B77A22107D10E5486A044045F14EEE7A.d.C324C951F64B8A638BCB192B774E0C83.e.4656/click - {}
RESULT: {}
COMMAND: GET /session/211805a0db2825488b2ffc481472c536/screenshot - {}
RESULT: {}
COMMAND: POST /session/211805a0db2825488b2ffc481472c536/actions - {"actions":[{"id":"action19","type":"key","parameters":{},"actions":[{"type":"keyDown","value":"î€‡"},{"type":"pause","duration":10},{"type":"keyUp","value":"î€‡"}]}]}
RESULT: {"actions":[{"id":"action19","type":"key","parameters":{},"actions":[{"type":"keyDown","value":"î€‡"},{"type":"pause","duration":10},{"type":"keyUp","value":"î€‡"}]}]}
RESULT: undefined
COMMAND: POST /session/211805a0db2825488b2ffc481472c536/element - {"using":"xpath","value":"//*[@id=\"application-managecatalogs-display-component---detailCatalog--assignRUSearchField-vhi\"]"}
COMMAND: GET /session/211805a0db2825488b2ffc481472c536/screenshot - {}
RESULT: {"using":"xpath","value":"//*[@id=\"application-managecatalogs-display-component---detailCatalog--assignRUSearchField-vhi\"]"}
COMMAND: POST /session/211805a0db2825488b2ffc481472c536/elements - {"using":"xpath","value":"//*[@id=\"application-managecatalogs-display-component---detailCatalog--assignRUSearchField-vhi\"]"}
RESULT: {}
RESULT: {"using":"xpath","value":"//*[@id=\"application-managecatalogs-display-component---detailCatalog--assignRUSearchField-vhi\"]"}
COMMAND: POST /session/211805a0db2825488b2ffc481472c536/element - {"using":"xpath","value":"//*[@id=\"application-managecatalogs-display-component---detailCatalog--assignRUSearchField-vhi\"]"}
RESULT: {"using":"xpath","value":"//*[@id=\"application-managecatalogs-display-component---detailCatalog--assignRUSearchField-vhi\"]"}
COMMAND: POST /session/211805a0db2825488b2ffc481472c536/element/f.B77A22107D10E5486A044045F14EEE7A.d.C324C951F64B8A638BCB192B774E0C83.e.4763/click - {}
RESULT: {}
COMMAND: POST /session/211805a0db2825488b2ffc481472c536/execute/async - {"script":"<script> [1562 bytes]","args":[{"selector":{"controlType":"sap.m.SearchField","viewName":"etm.portal.ui.managecatalogs.view.Detail","viewId":"application-managecatalogs-display-component---detailCatalog","searchOpenDialogs":true,"interaction":{"idSuffix":"I"}},"wdio_ui5_key":"etmportal.ui.managecatalogs.view.Detailsap.m.SearchField"}]}
COMMAND: GET /session/211805a0db2825488b2ffc481472c536/screenshot - {}
RESULT: {"script":"<script> [1562 bytes]","args":[{"selector":{"controlType":"sap.m.SearchField","viewName":"etm.portal.ui.managecatalogs.view.Detail","viewId":"application-managecatalogs-display-component---detailCatalog","searchOpenDialogs":true,"interaction":{"idSuffix":"I"}},"wdio_ui5_key":"etmportal.ui.managecatalogs.view.Detailsap.m.SearchField"}]}
RESULT: undefined
COMMAND: POST /session/211805a0db2825488b2ffc481472c536/execute/async - {"script":"<script> [776 bytes]","args":[{"enterText":"WebdriverRUR2Clgqlgf","selector":{"controlType":"sap.m.SearchField","viewName":"etm.portal.ui.managecatalogs.view.Detail","viewId":"application-managecatalogs-display-component---detailCatalog","searchOpenDialogs":true,"interaction":{"idSuffix":"I"}},"clearTextFirst":true,"interactionType":"ENTER_TEXT"}]}
RESULT: {}
RESULT: {"script":"<script> [776 bytes]","args":[{"enterText":"WebdriverRUR2Clgqlgf","selector":{"controlType":"sap.m.SearchField","viewName":"etm.portal.ui.managecatalogs.view.Detail","viewId":"application-managecatalogs-display-component---detailCatalog","searchOpenDialogs":true,"interaction":{"idSuffix":"I"}},"clearTextFirst":true,"interactionType":"ENTER_TEXT"}]}
COMMAND: POST /session/211805a0db2825488b2ffc481472c536/actions - {"actions":[{"id":"action20","type":"key","parameters":{},"actions":[{"type":"keyDown","value":"î€‡"},{"type":"pause","duration":10},{"type":"keyUp","value":"î€‡"}]}]}
RESULT: {"actions":[{"id":"action20","type":"key","parameters":{},"actions":[{"type":"keyDown","value":"î€‡"},{"type":"pause","duration":10},{"type":"keyUp","value":"î€‡"}]}]}
COMMAND: GET /session/211805a0db2825488b2ffc481472c536/screenshot - {}
RESULT: {}
COMMAND: POST /session/211805a0db2825488b2ffc481472c536/element - {"using":"xpath","value":"(//span[contains(text(), \"WebdriverRUR2Clgqlgf\")])[1]"}
RESULT: {"using":"xpath","value":"(//span[contains(text(), \"WebdriverRUR2Clgqlgf\")])[1]"}
COMMAND: POST /session/211805a0db2825488b2ffc481472c536/element/f.B77A22107D10E5486A044045F14EEE7A.d.C324C951F64B8A638BCB192B774E0C83.e.4781/click - {}
RESULT: {}
COMMAND: POST /session/211805a0db2825488b2ffc481472c536/execute/async - {"script":"<script> [1562 bytes]","args":[{"selector":{"id":"application-managecatalogs-display-component---detailCatalog--RUAssignmentSaveButton","searchOpenDialogs":true,"interaction":{"idSuffix":"BDI-content"}},"wdio_ui5_key":"applicationmanagecatalogs-display-component---detailCatalog--RUAssignmentSaveButton"}]}
COMMAND: GET /session/211805a0db2825488b2ffc481472c536/screenshot - {}
RESULT: {"script":"<script> [1562 bytes]","args":[{"selector":{"id":"application-managecatalogs-display-component---detailCatalog--RUAssignmentSaveButton","searchOpenDialogs":true,"interaction":{"idSuffix":"BDI-content"}},"wdio_ui5_key":"applicationmanagecatalogs-display-component---detailCatalog--RUAssignmentSaveButton"}]}
RESULT: undefined
COMMAND: POST /session/211805a0db2825488b2ffc481472c536/element - {"using":"xpath","value":"//*[@id=\"application-managecatalogs-display-component---detailCatalog--RUAssignmentSaveButton\"]"}
RESULT: {}
RESULT: {"using":"xpath","value":"//*[@id=\"application-managecatalogs-display-component---detailCatalog--RUAssignmentSaveButton\"]"}
COMMAND: POST /session/211805a0db2825488b2ffc481472c536/element/f.B77A22107D10E5486A044045F14EEE7A.d.C324C951F64B8A638BCB192B774E0C83.e.4784/click - {}
RESULT: {}
COMMAND: GET /session/211805a0db2825488b2ffc481472c536/screenshot - {}
RESULT: {}
COMMAND: POST /session/211805a0db2825488b2ffc481472c536/element - {"using":"xpath","value":"//bdi[contains(text(), \"Save\")]"}
RESULT: {"using":"xpath","value":"//bdi[contains(text(), \"Save\")]"}
COMMAND: POST /session/211805a0db2825488b2ffc481472c536/element/f.B77A22107D10E5486A044045F14EEE7A.d.C324C951F64B8A638BCB192B774E0C83.e.4794/click - {}
RESULT: {}
COMMAND: GET /session/211805a0db2825488b2ffc481472c536/screenshot - {}
RESULT: {}
COMMAND: POST /session/211805a0db2825488b2ffc481472c536/element - {"using":"css selector","value":"#shell-header-logo"}
RESULT: {"using":"css selector","value":"#shell-header-logo"}
COMMAND: POST /session/211805a0db2825488b2ffc481472c536/element/f.B77A22107D10E5486A044045F14EEE7A.d.C324C951F64B8A638BCB192B774E0C83.e.4447/click - {}
RESULT: {}
COMMAND: GET /session/211805a0db2825488b2ffc481472c536/screenshot - {}
RESULT: {}
]]></system-out>
    </testcase>
    <testcase classname="chrome.135_0_7049_96.windows.Standard_contract_-_add_contract_items_by_Insert_Request_US118222" name="Should create a new contract" time="93.542">
      <system-out><![CDATA[
COMMAND: POST /session/211805a0db2825488b2ffc481472c536/execute/async - {"script":"<script> [1562 bytes]","args":[{"selector":{"controlType":"sap.m.Text","viewName":"etm.portal.ui.managecontractstile.view.Master","properties":{"text":"Manage Contracts"},"interaction":{"idSuffix":"inner"}},"wdio_ui5_key":"etmportal.ui.managecontractstile.view.Mastersap.m.Text{\"text\":\"Manage Contracts\"}"}]}
RESULT: {"script":"<script> [1562 bytes]","args":[{"selector":{"controlType":"sap.m.Text","viewName":"etm.portal.ui.managecontractstile.view.Master","properties":{"text":"Manage Contracts"},"interaction":{"idSuffix":"inner"}},"wdio_ui5_key":"etmportal.ui.managecontractstile.view.Mastersap.m.Text{\"text\":\"Manage Contracts\"}"}]}
RESULT: undefined
COMMAND: POST /session/211805a0db2825488b2ffc481472c536/element - {"using":"xpath","value":"//*[@id=\"__tile130-title\"]"}
RESULT: {"using":"xpath","value":"//*[@id=\"__tile130-title\"]"}
COMMAND: POST /session/211805a0db2825488b2ffc481472c536/element/f.B77A22107D10E5486A044045F14EEE7A.d.C324C951F64B8A638BCB192B774E0C83.e.4831/click - {}
RESULT: {}
COMMAND: GET /session/211805a0db2825488b2ffc481472c536/screenshot - {}
RESULT: {}
COMMAND: POST /session/211805a0db2825488b2ffc481472c536/element - {"using":"xpath","value":"//button[@data-kt=\"addButton\"]"}
RESULT: {"using":"xpath","value":"//button[@data-kt=\"addButton\"]"}
COMMAND: POST /session/211805a0db2825488b2ffc481472c536/elements - {"using":"xpath","value":"//button[@data-kt=\"addButton\"]"}
RESULT: {"using":"xpath","value":"//button[@data-kt=\"addButton\"]"}
COMMAND: POST /session/211805a0db2825488b2ffc481472c536/elements - {"using":"xpath","value":"//button[@data-kt=\"addButton\"]"}
RESULT: {"using":"xpath","value":"//button[@data-kt=\"addButton\"]"}
COMMAND: POST /session/211805a0db2825488b2ffc481472c536/elements - {"using":"xpath","value":"//button[@data-kt=\"addButton\"]"}
RESULT: {"using":"xpath","value":"//button[@data-kt=\"addButton\"]"}
COMMAND: POST /session/211805a0db2825488b2ffc481472c536/elements - {"using":"xpath","value":"//button[@data-kt=\"addButton\"]"}
RESULT: {"using":"xpath","value":"//button[@data-kt=\"addButton\"]"}
COMMAND: POST /session/211805a0db2825488b2ffc481472c536/element - {"using":"xpath","value":"//button[@data-kt=\"addButton\"]"}
RESULT: {"using":"xpath","value":"//button[@data-kt=\"addButton\"]"}
COMMAND: POST /session/211805a0db2825488b2ffc481472c536/element/f.B77A22107D10E5486A044045F14EEE7A.d.C324C951F64B8A638BCB192B774E0C83.e.4883/click - {}
RESULT: {}
COMMAND: GET /session/211805a0db2825488b2ffc481472c536/screenshot - {}
RESULT: {}
COMMAND: POST /session/211805a0db2825488b2ffc481472c536/execute/async - {"script":"<script> [1562 bytes]","args":[{"selector":{"id":"application-managecontracts-display-component---AddNewContract--projectDescription","interaction":{"idSuffix":"inner"}},"wdio_ui5_key":"applicationmanagecontracts-display-component---AddNewContract--projectDescription"}]}
RESULT: {"script":"<script> [1562 bytes]","args":[{"selector":{"id":"application-managecontracts-display-component---AddNewContract--projectDescription","interaction":{"idSuffix":"inner"}},"wdio_ui5_key":"applicationmanagecontracts-display-component---AddNewContract--projectDescription"}]}
RESULT: undefined
COMMAND: POST /session/211805a0db2825488b2ffc481472c536/execute/async - {"script":"<script> [776 bytes]","args":[{"enterText":"WdIOR2cojayel","selector":{"id":"application-managecontracts-display-component---AddNewContract--projectDescription","interaction":{"idSuffix":"inner"}},"clearTextFirst":true,"interactionType":"ENTER_TEXT"}]}
RESULT: {"script":"<script> [776 bytes]","args":[{"enterText":"WdIOR2cojayel","selector":{"id":"application-managecontracts-display-component---AddNewContract--projectDescription","interaction":{"idSuffix":"inner"}},"clearTextFirst":true,"interactionType":"ENTER_TEXT"}]}
COMMAND: POST /session/211805a0db2825488b2ffc481472c536/element - {"using":"xpath","value":"//input[@id=\"application-managecontracts-display-component---AddNewContract--yardId-inner\"]"}
RESULT: {"using":"xpath","value":"//input[@id=\"application-managecontracts-display-component---AddNewContract--yardId-inner\"]"}
COMMAND: POST /session/211805a0db2825488b2ffc481472c536/element/f.B77A22107D10E5486A044045F14EEE7A.d.C324C951F64B8A638BCB192B774E0C83.e.5169/clear - {}
RESULT: {}
COMMAND: POST /session/211805a0db2825488b2ffc481472c536/element/f.B77A22107D10E5486A044045F14EEE7A.d.C324C951F64B8A638BCB192B774E0C83.e.5169/value - {"text":"WebdriverYard16x1lg"}
COMMAND: GET /session/211805a0db2825488b2ffc481472c536/screenshot - {}
RESULT: {"text":"WebdriverYard16x1lg"}
COMMAND: GET /session/211805a0db2825488b2ffc481472c536/screenshot - {}
RESULT: {}
RESULT: {}
COMMAND: POST /session/211805a0db2825488b2ffc481472c536/actions - {"actions":[{"id":"action21","type":"key","parameters":{},"actions":[{"type":"keyDown","value":"î€‡"},{"type":"pause","duration":10},{"type":"keyUp","value":"î€‡"}]}]}
RESULT: {"actions":[{"id":"action21","type":"key","parameters":{},"actions":[{"type":"keyDown","value":"î€‡"},{"type":"pause","duration":10},{"type":"keyUp","value":"î€‡"}]}]}
COMMAND: GET /session/211805a0db2825488b2ffc481472c536/screenshot - {}
RESULT: {}
COMMAND: POST /session/211805a0db2825488b2ffc481472c536/element - {"using":"xpath","value":"//input[@id=\"application-managecontracts-display-component---AddNewContract--customerSelect-inner\"]"}
RESULT: {"using":"xpath","value":"//input[@id=\"application-managecontracts-display-component---AddNewContract--customerSelect-inner\"]"}
COMMAND: POST /session/211805a0db2825488b2ffc481472c536/element/f.B77A22107D10E5486A044045F14EEE7A.d.C324C951F64B8A638BCB192B774E0C83.e.5167/clear - {}
RESULT: {}
COMMAND: POST /session/211805a0db2825488b2ffc481472c536/element/f.B77A22107D10E5486A044045F14EEE7A.d.C324C951F64B8A638BCB192B774E0C83.e.5167/value - {"text":"WebdriverPartnervz4mx"}
COMMAND: GET /session/211805a0db2825488b2ffc481472c536/screenshot - {}
RESULT: {"text":"WebdriverPartnervz4mx"}
COMMAND: GET /session/211805a0db2825488b2ffc481472c536/screenshot - {}
RESULT: {}
RESULT: {}
COMMAND: POST /session/211805a0db2825488b2ffc481472c536/actions - {"actions":[{"id":"action22","type":"key","parameters":{},"actions":[{"type":"keyDown","value":"î€‡"},{"type":"pause","duration":10},{"type":"keyUp","value":"î€‡"}]}]}
RESULT: {"actions":[{"id":"action22","type":"key","parameters":{},"actions":[{"type":"keyDown","value":"î€‡"},{"type":"pause","duration":10},{"type":"keyUp","value":"î€‡"}]}]}
COMMAND: GET /session/211805a0db2825488b2ffc481472c536/screenshot - {}
RESULT: {}
COMMAND: POST /session/211805a0db2825488b2ffc481472c536/element - {"using":"xpath","value":"//input[@id=\"application-managecontracts-display-component---AddNewContract--site-inner\"]"}
RESULT: {"using":"xpath","value":"//input[@id=\"application-managecontracts-display-component---AddNewContract--site-inner\"]"}
COMMAND: POST /session/211805a0db2825488b2ffc481472c536/element/f.B77A22107D10E5486A044045F14EEE7A.d.C324C951F64B8A638BCB192B774E0C83.e.5168/clear - {}
RESULT: {}
COMMAND: POST /session/211805a0db2825488b2ffc481472c536/element/f.B77A22107D10E5486A044045F14EEE7A.d.C324C951F64B8A638BCB192B774E0C83.e.5168/value - {"text":"WebdriverSiteej9jg"}
COMMAND: GET /session/211805a0db2825488b2ffc481472c536/screenshot - {}
RESULT: {"text":"WebdriverSiteej9jg"}
COMMAND: GET /session/211805a0db2825488b2ffc481472c536/screenshot - {}
RESULT: {}
RESULT: {}
COMMAND: POST /session/211805a0db2825488b2ffc481472c536/actions - {"actions":[{"id":"action23","type":"key","parameters":{},"actions":[{"type":"keyDown","value":"î€‡"},{"type":"pause","duration":10},{"type":"keyUp","value":"î€‡"}]}]}
RESULT: {"actions":[{"id":"action23","type":"key","parameters":{},"actions":[{"type":"keyDown","value":"î€‡"},{"type":"pause","duration":10},{"type":"keyUp","value":"î€‡"}]}]}
COMMAND: GET /session/211805a0db2825488b2ffc481472c536/screenshot - {}
COMMAND: POST /session/211805a0db2825488b2ffc481472c536/element - {"using":"xpath","value":"//button[@data-kt=\"saveButton\"]"}
RESULT: {}
RESULT: {"using":"xpath","value":"//button[@data-kt=\"saveButton\"]"}
COMMAND: POST /session/211805a0db2825488b2ffc481472c536/element/f.B77A22107D10E5486A044045F14EEE7A.d.C324C951F64B8A638BCB192B774E0C83.e.5182/click - {}
RESULT: {}
COMMAND: GET /session/211805a0db2825488b2ffc481472c536/screenshot - {}
RESULT: {}
COMMAND: POST /session/211805a0db2825488b2ffc481472c536/execute/async - {"script":"<script> [1562 bytes]","args":[{"selector":{"id":"contractDetailTitleNoExpanded","viewName":"etm.portal.ui.managecontracts.view.Detail"},"wdio_ui5_key":"contractDetailTitleNoExpandedetmportal.ui.managecontracts.view.Detail"}]}
RESULT: {"script":"<script> [1562 bytes]","args":[{"selector":{"id":"contractDetailTitleNoExpanded","viewName":"etm.portal.ui.managecontracts.view.Detail"},"wdio_ui5_key":"contractDetailTitleNoExpandedetmportal.ui.managecontracts.view.Detail"}]}
RESULT: undefined
COMMAND: POST /session/211805a0db2825488b2ffc481472c536/execute/async - {"script":"<script> [6424 bytes]","args":[{"element-6066-11e4-a52e-4f735466cecf":"f.B77A22107D10E5486A044045F14EEE7A.d.C324C951F64B8A638BCB192B774E0C83.e.5266"},"getText",[]]}
RESULT: {"script":"<script> [6424 bytes]","args":[{"element-6066-11e4-a52e-4f735466cecf":"f.B77A22107D10E5486A044045F14EEE7A.d.C324C951F64B8A638BCB192B774E0C83.e.5266"},"getText",[]]}
]]></system-out>
    </testcase>
    <testcase classname="chrome.135_0_7049_96.windows.Standard_contract_-_add_contract_items_by_Insert_Request_US118222" name="Should create a new request and plan it" time="175.513">
      <system-out><![CDATA[
COMMAND: POST /session/211805a0db2825488b2ffc481472c536/element - {"using":"css selector","value":"#shell-header-logo"}
RESULT: {"using":"css selector","value":"#shell-header-logo"}
COMMAND: POST /session/211805a0db2825488b2ffc481472c536/element/f.B77A22107D10E5486A044045F14EEE7A.d.C324C951F64B8A638BCB192B774E0C83.e.4833/click - {}
RESULT: {}
COMMAND: GET /session/211805a0db2825488b2ffc481472c536/screenshot - {}
RESULT: {}
COMMAND: POST /session/211805a0db2825488b2ffc481472c536/execute/async - {"script":"<script> [1562 bytes]","args":[{"selector":{"controlType":"sap.m.GenericTile","properties":{"header":"Manage Requests"}},"wdio_ui5_key":"sapm.GenericTile{\"header\":\"Manage Requests\"}"}]}
RESULT: {"script":"<script> [1562 bytes]","args":[{"selector":{"controlType":"sap.m.GenericTile","properties":{"header":"Manage Requests"}},"wdio_ui5_key":"sapm.GenericTile{\"header\":\"Manage Requests\"}"}]}
RESULT: undefined
COMMAND: POST /session/211805a0db2825488b2ffc481472c536/element - {"using":"xpath","value":"//*[@id=\"__tile47\"]"}
RESULT: {"using":"xpath","value":"//*[@id=\"__tile47\"]"}
COMMAND: POST /session/211805a0db2825488b2ffc481472c536/element/f.B77A22107D10E5486A044045F14EEE7A.d.C324C951F64B8A638BCB192B774E0C83.e.5269/click - {}
RESULT: {}
COMMAND: GET /session/211805a0db2825488b2ffc481472c536/screenshot - {}
RESULT: {}
COMMAND: POST /session/211805a0db2825488b2ffc481472c536/element - {"using":"xpath","value":"//button[contains(@data-kt ,\"btnCreateNewOverflowToolbarButton\")]"}
COMMAND: POST /session/211805a0db2825488b2ffc481472c536/element - {"using":"xpath","value":"(//span[contains(@class ,\"sapMObjStatusText\")])[1]"}
RESULT: {"using":"xpath","value":"//button[contains(@data-kt ,\"btnCreateNewOverflowToolbarButton\")]"}
COMMAND: POST /session/211805a0db2825488b2ffc481472c536/element/f.B77A22107D10E5486A044045F14EEE7A.d.C324C951F64B8A638BCB192B774E0C83.e.5326/click - {}
RESULT: {"using":"xpath","value":"(//span[contains(@class ,\"sapMObjStatusText\")])[1]"}
COMMAND: POST /session/211805a0db2825488b2ffc481472c536/execute/sync - {"script":"<script> [8489 bytes]","args":[{"element-6066-11e4-a52e-4f735466cecf":"f.B77A22107D10E5486A044045F14EEE7A.d.C324C951F64B8A638BCB192B774E0C83.e.5378","ELEMENT":"f.B77A22107D10E5486A044045F14EEE7A.d.C324C951F64B8A638BCB192B774E0C83.e.5378"}]}
RESULT: {}
COMMAND: GET /session/211805a0db2825488b2ffc481472c536/screenshot - {}
RESULT: {"script":"<script> [8489 bytes]","args":[{"element-6066-11e4-a52e-4f735466cecf":"f.B77A22107D10E5486A044045F14EEE7A.d.C324C951F64B8A638BCB192B774E0C83.e.5378","ELEMENT":"f.B77A22107D10E5486A044045F14EEE7A.d.C324C951F64B8A638BCB192B774E0C83.e.5378"}]}
COMMAND: GET /session/211805a0db2825488b2ffc481472c536/screenshot - {}
RESULT: {}
RESULT: {}
COMMAND: POST /session/211805a0db2825488b2ffc481472c536/element - {"using":"xpath","value":"//input[contains(@id ,\"yardId-inner\")]"}
RESULT: {"using":"xpath","value":"//input[contains(@id ,\"yardId-inner\")]"}
COMMAND: POST /session/211805a0db2825488b2ffc481472c536/execute/sync - {"script":"<script> [8489 bytes]","args":[{"element-6066-11e4-a52e-4f735466cecf":"f.B77A22107D10E5486A044045F14EEE7A.d.C324C951F64B8A638BCB192B774E0C83.e.5584","ELEMENT":"f.B77A22107D10E5486A044045F14EEE7A.d.C324C951F64B8A638BCB192B774E0C83.e.5584"}]}
RESULT: {"script":"<script> [8489 bytes]","args":[{"element-6066-11e4-a52e-4f735466cecf":"f.B77A22107D10E5486A044045F14EEE7A.d.C324C951F64B8A638BCB192B774E0C83.e.5584","ELEMENT":"f.B77A22107D10E5486A044045F14EEE7A.d.C324C951F64B8A638BCB192B774E0C83.e.5584"}]}
COMMAND: POST /session/211805a0db2825488b2ffc481472c536/element - {"using":"xpath","value":"//input[contains(@id ,\"requestContractNo-inner\")]"}
COMMAND: POST /session/211805a0db2825488b2ffc481472c536/element - {"using":"xpath","value":"//input[contains(@id ,\"requestContractNo-inner\")]"}
COMMAND: GET /session/211805a0db2825488b2ffc481472c536/screenshot - {}
RESULT: {"using":"xpath","value":"//input[contains(@id ,\"requestContractNo-inner\")]"}
COMMAND: POST /session/211805a0db2825488b2ffc481472c536/element/f.B77A22107D10E5486A044045F14EEE7A.d.C324C951F64B8A638BCB192B774E0C83.e.5579/value - {"text":"10508"}
RESULT: {"using":"xpath","value":"//input[contains(@id ,\"requestContractNo-inner\")]"}
COMMAND: GET /session/211805a0db2825488b2ffc481472c536/element/f.B77A22107D10E5486A044045F14EEE7A.d.C324C951F64B8A638BCB192B774E0C83.e.5579/enabled - {}
RESULT: {}
RESULT: {"text":"10508"}
COMMAND: GET /session/211805a0db2825488b2ffc481472c536/screenshot - {}
RESULT: {}
COMMAND: GET /session/211805a0db2825488b2ffc481472c536/screenshot - {}
RESULT: {}
RESULT: {}
COMMAND: POST /session/211805a0db2825488b2ffc481472c536/actions - {"actions":[{"id":"action24","type":"key","parameters":{},"actions":[{"type":"keyDown","value":"î€‡"},{"type":"pause","duration":10},{"type":"keyUp","value":"î€‡"}]}]}
RESULT: {"actions":[{"id":"action24","type":"key","parameters":{},"actions":[{"type":"keyDown","value":"î€‡"},{"type":"pause","duration":10},{"type":"keyUp","value":"î€‡"}]}]}
COMMAND: GET /session/211805a0db2825488b2ffc481472c536/screenshot - {}
RESULT: {}
COMMAND: POST /session/211805a0db2825488b2ffc481472c536/execute/async - {"script":"<script> [1562 bytes]","args":[{"selector":{"controlType":"sap.ui.core.Icon","viewName":"etm.portal.ui.managerequests.view.NewRequest","properties":{"src":{"regex":{"source":"add"}}}},"wdio_ui5_key":"etmportal.ui.managerequests.view.NewRequestsap.ui.core.Icon{\"src\":{\"regex\":{\"source\":\"add\"}}}"}]}
RESULT: {"script":"<script> [1562 bytes]","args":[{"selector":{"controlType":"sap.ui.core.Icon","viewName":"etm.portal.ui.managerequests.view.NewRequest","properties":{"src":{"regex":{"source":"add"}}}},"wdio_ui5_key":"etmportal.ui.managerequests.view.NewRequestsap.ui.core.Icon{\"src\":{\"regex\":{\"source\":\"add\"}}}"}]}
RESULT: undefined
COMMAND: POST /session/211805a0db2825488b2ffc481472c536/element - {"using":"xpath","value":"//*[@id=\"__xmlview61--btnAddTableRow-img\"]"}
RESULT: {"using":"xpath","value":"//*[@id=\"__xmlview61--btnAddTableRow-img\"]"}
COMMAND: POST /session/211805a0db2825488b2ffc481472c536/element/f.B77A22107D10E5486A044045F14EEE7A.d.C324C951F64B8A638BCB192B774E0C83.e.5558/click - {}
RESULT: {}
COMMAND: GET /session/211805a0db2825488b2ffc481472c536/screenshot - {}
RESULT: {}
COMMAND: POST /session/211805a0db2825488b2ffc481472c536/execute/async - {"script":"<script> [1562 bytes]","args":[{"selector":{"controlType":"sap.ui.unified.MenuItem","viewName":"etm.portal.ui.managerequests.view.NewRequest","i18NText":{"propertyName":"text","key":"standardEntry"},"searchOpenDialogs":true,"interaction":{"idSuffix":"txt"}},"wdio_ui5_key":"etmportal.ui.managerequests.view.NewRequestsap.ui.unified.MenuItem{\"propertyName\":\"text\",\"key\":\"standardEntry\"}"}]}
RESULT: {"script":"<script> [1562 bytes]","args":[{"selector":{"controlType":"sap.ui.unified.MenuItem","viewName":"etm.portal.ui.managerequests.view.NewRequest","i18NText":{"propertyName":"text","key":"standardEntry"},"searchOpenDialogs":true,"interaction":{"idSuffix":"txt"}},"wdio_ui5_key":"etmportal.ui.managerequests.view.NewRequestsap.ui.unified.MenuItem{\"propertyName\":\"text\",\"key\":\"standardEntry\"}"}]}
RESULT: undefined
COMMAND: POST /session/211805a0db2825488b2ffc481472c536/element - {"using":"xpath","value":"//*[@id=\"__item2249\"]"}
RESULT: {"using":"xpath","value":"//*[@id=\"__item2249\"]"}
COMMAND: POST /session/211805a0db2825488b2ffc481472c536/element/f.B77A22107D10E5486A044045F14EEE7A.d.C324C951F64B8A638BCB192B774E0C83.e.5731/click - {}
RESULT: {}
COMMAND: GET /session/211805a0db2825488b2ffc481472c536/screenshot - {}
RESULT: {}
RESULT: undefined
COMMAND: POST /session/211805a0db2825488b2ffc481472c536/element - {"using":"xpath","value":"//*[@id=\"__xmlview61--btnAddTableRow-img\"]"}
RESULT: {"using":"xpath","value":"//*[@id=\"__xmlview61--btnAddTableRow-img\"]"}
COMMAND: POST /session/211805a0db2825488b2ffc481472c536/element/f.B77A22107D10E5486A044045F14EEE7A.d.C324C951F64B8A638BCB192B774E0C83.e.5558/click - {}
RESULT: {}
COMMAND: GET /session/211805a0db2825488b2ffc481472c536/screenshot - {}
RESULT: {}
RESULT: undefined
COMMAND: POST /session/211805a0db2825488b2ffc481472c536/element - {"using":"xpath","value":"//*[@id=\"__item2249\"]"}
RESULT: {"using":"xpath","value":"//*[@id=\"__item2249\"]"}
COMMAND: POST /session/211805a0db2825488b2ffc481472c536/element/f.B77A22107D10E5486A044045F14EEE7A.d.C324C951F64B8A638BCB192B774E0C83.e.5743/click - {}
RESULT: {}
COMMAND: GET /session/211805a0db2825488b2ffc481472c536/screenshot - {}
RESULT: {}
COMMAND: POST /session/211805a0db2825488b2ffc481472c536/element - {"using":"xpath","value":"(//input[contains(@id ,\"requestItemsTable-0-inner\")])[1]"}
RESULT: {"using":"xpath","value":"(//input[contains(@id ,\"requestItemsTable-0-inner\")])[1]"}
COMMAND: POST /session/211805a0db2825488b2ffc481472c536/element/f.B77A22107D10E5486A044045F14EEE7A.d.C324C951F64B8A638BCB192B774E0C83.e.5733/clear - {}
RESULT: {}
COMMAND: POST /session/211805a0db2825488b2ffc481472c536/element/f.B77A22107D10E5486A044045F14EEE7A.d.C324C951F64B8A638BCB192B774E0C83.e.5733/value - {"text":"catalogItemxzl0r"}
COMMAND: GET /session/211805a0db2825488b2ffc481472c536/screenshot - {}
RESULT: {"text":"catalogItemxzl0r"}
COMMAND: GET /session/211805a0db2825488b2ffc481472c536/screenshot - {}
RESULT: {}
RESULT: {}
COMMAND: POST /session/211805a0db2825488b2ffc481472c536/actions - {"actions":[{"id":"action25","type":"key","parameters":{},"actions":[{"type":"keyDown","value":"î€‡"},{"type":"pause","duration":10},{"type":"keyUp","value":"î€‡"}]}]}
RESULT: {"actions":[{"id":"action25","type":"key","parameters":{},"actions":[{"type":"keyDown","value":"î€‡"},{"type":"pause","duration":10},{"type":"keyUp","value":"î€‡"}]}]}
COMMAND: POST /session/211805a0db2825488b2ffc481472c536/element - {"using":"xpath","value":"(//input[contains(@id ,\"requestItemsTable-1-inner\")])[1]"}
COMMAND: GET /session/211805a0db2825488b2ffc481472c536/screenshot - {}
RESULT: {"using":"xpath","value":"(//input[contains(@id ,\"requestItemsTable-1-inner\")])[1]"}
COMMAND: POST /session/211805a0db2825488b2ffc481472c536/element/f.B77A22107D10E5486A044045F14EEE7A.d.C324C951F64B8A638BCB192B774E0C83.e.5745/clear - {}
RESULT: {}
RESULT: {}
COMMAND: POST /session/211805a0db2825488b2ffc481472c536/element/f.B77A22107D10E5486A044045F14EEE7A.d.C324C951F64B8A638BCB192B774E0C83.e.5745/value - {"text":"catalogItemxzl0r"}
COMMAND: GET /session/211805a0db2825488b2ffc481472c536/screenshot - {}
RESULT: {"text":"catalogItemxzl0r"}
COMMAND: GET /session/211805a0db2825488b2ffc481472c536/screenshot - {}
RESULT: {}
RESULT: {}
COMMAND: POST /session/211805a0db2825488b2ffc481472c536/actions - {"actions":[{"id":"action26","type":"key","parameters":{},"actions":[{"type":"keyDown","value":"î€‡"},{"type":"pause","duration":10},{"type":"keyUp","value":"î€‡"}]}]}
RESULT: {"actions":[{"id":"action26","type":"key","parameters":{},"actions":[{"type":"keyDown","value":"î€‡"},{"type":"pause","duration":10},{"type":"keyUp","value":"î€‡"}]}]}
COMMAND: GET /session/211805a0db2825488b2ffc481472c536/screenshot - {}
RESULT: {}
COMMAND: POST /session/211805a0db2825488b2ffc481472c536/execute/async - {"script":"<script> [1562 bytes]","args":[{"selector":{"controlType":"sap.ui.core.Icon","viewName":"etm.portal.ui.managerequests.view.NewRequest","properties":{"src":{"regex":{"source":"slim\\-arrow\\-down"}}},"ancestor":{"controlType":"sap.m.Button","viewName":"etm.portal.ui.managerequests.view.NewRequest","properties":{"icon":"sap-icon://slim-arrow-down"}}},"wdio_ui5_key":"etmportal.ui.managerequests.view.NewRequestsap.ui.core.Icon{\"src\":{\"regex\":{\"source\":\"slim\\\\-arrow\\\\-down\"}}}{\"controlType\":\"sap.m.Button\",\"viewName\":\"etm.portal.ui.managerequests.view.NewRequest\",\"properties\":{\"icon\":\"sap-icon://slim-arrow-down\"}}"}]}
RESULT: {"script":"<script> [1562 bytes]","args":[{"selector":{"controlType":"sap.ui.core.Icon","viewName":"etm.portal.ui.managerequests.view.NewRequest","properties":{"src":{"regex":{"source":"slim\\-arrow\\-down"}}},"ancestor":{"controlType":"sap.m.Button","viewName":"etm.portal.ui.managerequests.view.NewRequest","properties":{"icon":"sap-icon://slim-arrow-down"}}},"wdio_ui5_key":"etmportal.ui.managerequests.view.NewRequestsap.ui.core.Icon{\"src\":{\"regex\":{\"source\":\"slim\\\\-arrow\\\\-down\"}}}{\"controlType\":\"sap.m.Button\",\"viewName\":\"etm.portal.ui.managerequests.view.NewRequest\",\"properties\":{\"icon\":\"sap-icon://slim-arrow-down\"}}"}]}
RESULT: undefined
COMMAND: POST /session/211805a0db2825488b2ffc481472c536/element - {"using":"xpath","value":"//*[@id=\"__title48-expandBtn-img\"]"}
RESULT: {"using":"xpath","value":"//*[@id=\"__title48-expandBtn-img\"]"}
COMMAND: POST /session/211805a0db2825488b2ffc481472c536/element/f.B77A22107D10E5486A044045F14EEE7A.d.C324C951F64B8A638BCB192B774E0C83.e.5765/click - {}
RESULT: {}
COMMAND: POST /session/211805a0db2825488b2ffc481472c536/element - {"using":"xpath","value":"//div[contains(@data-kt ,\"splitAllocationObjectStatus\")]"}
COMMAND: GET /session/211805a0db2825488b2ffc481472c536/screenshot - {}
RESULT: {"using":"xpath","value":"//div[contains(@data-kt ,\"splitAllocationObjectStatus\")]"}
COMMAND: POST /session/211805a0db2825488b2ffc481472c536/elements - {"using":"xpath","value":"//div[contains(@data-kt ,\"splitAllocationObjectStatus\")]"}
RESULT: {}
RESULT: {"using":"xpath","value":"//div[contains(@data-kt ,\"splitAllocationObjectStatus\")]"}
COMMAND: POST /session/211805a0db2825488b2ffc481472c536/execute/async - {"script":"<script> [1562 bytes]","args":[{"selector":{"controlType":"sap.ui.core.Icon","viewName":"etm.portal.ui.managerequests.view.NewRequest","properties":{"src":{"regex":{"source":"message\\-error"}}},"ancestor":{"controlType":"sap.m.ColumnListItem","viewName":"etm.portal.ui.managerequests.view.NewRequest","bindingPath":{"modelName":"newRequestItems","path":"/RequestItems/0"},"ancestor":{"id":"requestItemsTable","viewName":"etm.portal.ui.managerequests.view.NewRequest"}}},"wdio_ui5_key":"etmportal.ui.managerequests.view.NewRequestsap.ui.core.Icon{\"src\":{\"regex\":{\"source\":\"message\\\\-error\"}}}{\"controlType\":\"sap.m.ColumnListItem\",\"viewName\":\"etm.portal.ui.managerequests.view.NewRequest\",\"bindingPath\":{\"modelName\":\"newRequestItems\",\"path\":\"/RequestItems/0\"},\"ancestor\":{\"id\":\"requestItemsTable\",\"viewName\":\"etm.portal.ui.managerequests.view.NewRequest\"}}"}]}
RESULT: {"script":"<script> [1562 bytes]","args":[{"selector":{"controlType":"sap.ui.core.Icon","viewName":"etm.portal.ui.managerequests.view.NewRequest","properties":{"src":{"regex":{"source":"message\\-error"}}},"ancestor":{"controlType":"sap.m.ColumnListItem","viewName":"etm.portal.ui.managerequests.view.NewRequest","bindingPath":{"modelName":"newRequestItems","path":"/RequestItems/0"},"ancestor":{"id":"requestItemsTable","viewName":"etm.portal.ui.managerequests.view.NewRequest"}}},"wdio_ui5_key":"etmportal.ui.managerequests.view.NewRequestsap.ui.core.Icon{\"src\":{\"regex\":{\"source\":\"message\\\\-error\"}}}{\"controlType\":\"sap.m.ColumnListItem\",\"viewName\":\"etm.portal.ui.managerequests.view.NewRequest\",\"bindingPath\":{\"modelName\":\"newRequestItems\",\"path\":\"/RequestItems/0\"},\"ancestor\":{\"id\":\"requestItemsTable\",\"viewName\":\"etm.portal.ui.managerequests.view.NewRequest\"}}"}]}
RESULT: undefined
COMMAND: POST /session/211805a0db2825488b2ffc481472c536/element - {"using":"xpath","value":"//*[@id=\"__status15-__xmlview61--requestItemsTable-0-icon\"]"}
RESULT: {"using":"xpath","value":"//*[@id=\"__status15-__xmlview61--requestItemsTable-0-icon\"]"}
COMMAND: POST /session/211805a0db2825488b2ffc481472c536/element/f.B77A22107D10E5486A044045F14EEE7A.d.C324C951F64B8A638BCB192B774E0C83.e.5772/click - {}
RESULT: {}
COMMAND: GET /session/211805a0db2825488b2ffc481472c536/screenshot - {}
RESULT: {}
COMMAND: POST /session/211805a0db2825488b2ffc481472c536/execute/async - {"script":"<script> [1562 bytes]","args":[{"selector":{"id":"costObjectAdminTypeComboBox","viewName":"etm.portal.ui.managerequests.view.NewRequest","searchOpenDialogs":true,"interaction":{"idSuffix":"inner"}},"wdio_ui5_key":"costObjectAdminTypeComboBoxetmportal.ui.managerequests.view.NewRequest"}]}
RESULT: {"script":"<script> [1562 bytes]","args":[{"selector":{"id":"costObjectAdminTypeComboBox","viewName":"etm.portal.ui.managerequests.view.NewRequest","searchOpenDialogs":true,"interaction":{"idSuffix":"inner"}},"wdio_ui5_key":"costObjectAdminTypeComboBoxetmportal.ui.managerequests.view.NewRequest"}]}
RESULT: undefined
COMMAND: POST /session/211805a0db2825488b2ffc481472c536/execute/async - {"script":"<script> [776 bytes]","args":[{"enterText":"Cost Center","selector":{"id":"costObjectAdminTypeComboBox","viewName":"etm.portal.ui.managerequests.view.NewRequest","searchOpenDialogs":true,"interaction":{"idSuffix":"inner"}},"clearTextFirst":true,"interactionType":"ENTER_TEXT"}]}
RESULT: {"script":"<script> [776 bytes]","args":[{"enterText":"Cost Center","selector":{"id":"costObjectAdminTypeComboBox","viewName":"etm.portal.ui.managerequests.view.NewRequest","searchOpenDialogs":true,"interaction":{"idSuffix":"inner"}},"clearTextFirst":true,"interactionType":"ENTER_TEXT"}]}
COMMAND: POST /session/211805a0db2825488b2ffc481472c536/actions - {"actions":[{"id":"action27","type":"key","parameters":{},"actions":[{"type":"keyDown","value":"î€‡"},{"type":"pause","duration":10},{"type":"keyUp","value":"î€‡"}]}]}
RESULT: {"actions":[{"id":"action27","type":"key","parameters":{},"actions":[{"type":"keyDown","value":"î€‡"},{"type":"pause","duration":10},{"type":"keyUp","value":"î€‡"}]}]}
COMMAND: GET /session/211805a0db2825488b2ffc481472c536/screenshot - {}
RESULT: {}
COMMAND: POST /session/211805a0db2825488b2ffc481472c536/execute/async - {"script":"<script> [1562 bytes]","args":[{"selector":{"controlType":"sap.ui.core.Icon","viewName":"etm.portal.ui.managerequests.view.NewRequest","properties":{"src":{"regex":{"source":"value\\-help"}}},"searchOpenDialogs":true},"wdio_ui5_key":"etmportal.ui.managerequests.view.NewRequestsap.ui.core.Icon{\"src\":{\"regex\":{\"source\":\"value\\\\-help\"}}}"}]}
RESULT: {"script":"<script> [1562 bytes]","args":[{"selector":{"controlType":"sap.ui.core.Icon","viewName":"etm.portal.ui.managerequests.view.NewRequest","properties":{"src":{"regex":{"source":"value\\-help"}}},"searchOpenDialogs":true},"wdio_ui5_key":"etmportal.ui.managerequests.view.NewRequestsap.ui.core.Icon{\"src\":{\"regex\":{\"source\":\"value\\\\-help\"}}}"}]}
RESULT: undefined
COMMAND: POST /session/211805a0db2825488b2ffc481472c536/element - {"using":"xpath","value":"//*[@id=\"__xmlview61--costObjectIdComboBox-vhi\"]"}
RESULT: {"using":"xpath","value":"//*[@id=\"__xmlview61--costObjectIdComboBox-vhi\"]"}
COMMAND: POST /session/211805a0db2825488b2ffc481472c536/element/f.B77A22107D10E5486A044045F14EEE7A.d.C324C951F64B8A638BCB192B774E0C83.e.5784/click - {}
RESULT: {}
COMMAND: POST /session/211805a0db2825488b2ffc481472c536/execute/async - {"script":"<script> [1562 bytes]","args":[{"selector":{"controlType":"sap.m.SearchField","properties":{"placeholder":"Search"},"searchOpenDialogs":true,"interaction":{"idSuffix":"I"}},"wdio_ui5_key":"sapm.SearchField{\"placeholder\":\"Search\"}"}]}
COMMAND: GET /session/211805a0db2825488b2ffc481472c536/screenshot - {}
RESULT: {"script":"<script> [1562 bytes]","args":[{"selector":{"controlType":"sap.m.SearchField","properties":{"placeholder":"Search"},"searchOpenDialogs":true,"interaction":{"idSuffix":"I"}},"wdio_ui5_key":"sapm.SearchField{\"placeholder\":\"Search\"}"}]}
RESULT: undefined
COMMAND: POST /session/211805a0db2825488b2ffc481472c536/execute/async - {"script":"<script> [776 bytes]","args":[{"enterText":"10001013","selector":{"controlType":"sap.m.SearchField","properties":{"placeholder":"Search"},"searchOpenDialogs":true,"interaction":{"idSuffix":"I"}},"clearTextFirst":true,"interactionType":"ENTER_TEXT"}]}
RESULT: {}
RESULT: {"script":"<script> [776 bytes]","args":[{"enterText":"10001013","selector":{"controlType":"sap.m.SearchField","properties":{"placeholder":"Search"},"searchOpenDialogs":true,"interaction":{"idSuffix":"I"}},"clearTextFirst":true,"interactionType":"ENTER_TEXT"}]}
COMMAND: POST /session/211805a0db2825488b2ffc481472c536/actions - {"actions":[{"id":"action28","type":"key","parameters":{},"actions":[{"type":"keyDown","value":"î€‡"},{"type":"pause","duration":10},{"type":"keyUp","value":"î€‡"}]}]}
RESULT: {"actions":[{"id":"action28","type":"key","parameters":{},"actions":[{"type":"keyDown","value":"î€‡"},{"type":"pause","duration":10},{"type":"keyUp","value":"î€‡"}]}]}
COMMAND: GET /session/211805a0db2825488b2ffc481472c536/screenshot - {}
RESULT: {}
COMMAND: POST /session/211805a0db2825488b2ffc481472c536/element - {"using":"xpath","value":"//span[contains(text(), \"General Management\")]"}
RESULT: {"using":"xpath","value":"//span[contains(text(), \"General Management\")]"}
COMMAND: POST /session/211805a0db2825488b2ffc481472c536/element/f.B77A22107D10E5486A044045F14EEE7A.d.C324C951F64B8A638BCB192B774E0C83.e.5824/click - {}
RESULT: {}
COMMAND: GET /session/211805a0db2825488b2ffc481472c536/screenshot - {}
RESULT: {}
COMMAND: POST /session/211805a0db2825488b2ffc481472c536/element - {"using":"xpath","value":"//bdi[contains(text(), \"OK\")]"}
RESULT: {"using":"xpath","value":"//bdi[contains(text(), \"OK\")]"}
COMMAND: POST /session/211805a0db2825488b2ffc481472c536/element/f.B77A22107D10E5486A044045F14EEE7A.d.C324C951F64B8A638BCB192B774E0C83.e.5825/click - {}
RESULT: {}
COMMAND: GET /session/211805a0db2825488b2ffc481472c536/screenshot - {}
RESULT: {}
COMMAND: POST /session/211805a0db2825488b2ffc481472c536/element - {"using":"xpath","value":"(//bdi[contains(@id ,\"BDI-content\")][contains(text(), \"Save\")])[1]"}
RESULT: {"using":"xpath","value":"(//bdi[contains(@id ,\"BDI-content\")][contains(text(), \"Save\")])[1]"}
COMMAND: POST /session/211805a0db2825488b2ffc481472c536/element/f.B77A22107D10E5486A044045F14EEE7A.d.C324C951F64B8A638BCB192B774E0C83.e.5829/click - {}
RESULT: {}
COMMAND: GET /session/211805a0db2825488b2ffc481472c536/screenshot - {}
RESULT: {}
COMMAND: POST /session/211805a0db2825488b2ffc481472c536/execute/async - {"script":"<script> [1562 bytes]","args":[{"selector":{"controlType":"sap.ui.core.Icon","viewName":"etm.portal.ui.managerequests.view.NewRequest","properties":{"src":{"regex":{"source":"message\\-error"}}},"ancestor":{"controlType":"sap.m.ColumnListItem","viewName":"etm.portal.ui.managerequests.view.NewRequest","bindingPath":{"modelName":"newRequestItems","path":"/RequestItems/1"},"ancestor":{"id":"requestItemsTable","viewName":"etm.portal.ui.managerequests.view.NewRequest"}}},"wdio_ui5_key":"etmportal.ui.managerequests.view.NewRequestsap.ui.core.Icon{\"src\":{\"regex\":{\"source\":\"message\\\\-error\"}}}{\"controlType\":\"sap.m.ColumnListItem\",\"viewName\":\"etm.portal.ui.managerequests.view.NewRequest\",\"bindingPath\":{\"modelName\":\"newRequestItems\",\"path\":\"/RequestItems/1\"},\"ancestor\":{\"id\":\"requestItemsTable\",\"viewName\":\"etm.portal.ui.managerequests.view.NewRequest\"}}"}]}
RESULT: {"script":"<script> [1562 bytes]","args":[{"selector":{"controlType":"sap.ui.core.Icon","viewName":"etm.portal.ui.managerequests.view.NewRequest","properties":{"src":{"regex":{"source":"message\\-error"}}},"ancestor":{"controlType":"sap.m.ColumnListItem","viewName":"etm.portal.ui.managerequests.view.NewRequest","bindingPath":{"modelName":"newRequestItems","path":"/RequestItems/1"},"ancestor":{"id":"requestItemsTable","viewName":"etm.portal.ui.managerequests.view.NewRequest"}}},"wdio_ui5_key":"etmportal.ui.managerequests.view.NewRequestsap.ui.core.Icon{\"src\":{\"regex\":{\"source\":\"message\\\\-error\"}}}{\"controlType\":\"sap.m.ColumnListItem\",\"viewName\":\"etm.portal.ui.managerequests.view.NewRequest\",\"bindingPath\":{\"modelName\":\"newRequestItems\",\"path\":\"/RequestItems/1\"},\"ancestor\":{\"id\":\"requestItemsTable\",\"viewName\":\"etm.portal.ui.managerequests.view.NewRequest\"}}"}]}
RESULT: undefined
COMMAND: POST /session/211805a0db2825488b2ffc481472c536/element - {"using":"xpath","value":"//*[@id=\"__status15-__xmlview61--requestItemsTable-1-icon\"]"}
RESULT: {"using":"xpath","value":"//*[@id=\"__status15-__xmlview61--requestItemsTable-1-icon\"]"}
COMMAND: POST /session/211805a0db2825488b2ffc481472c536/element/f.B77A22107D10E5486A044045F14EEE7A.d.C324C951F64B8A638BCB192B774E0C83.e.5832/click - {}
RESULT: {}
COMMAND: GET /session/211805a0db2825488b2ffc481472c536/screenshot - {}
RESULT: {}
RESULT: undefined
COMMAND: POST /session/211805a0db2825488b2ffc481472c536/execute/async - {"script":"<script> [776 bytes]","args":[{"enterText":"Cost Center","selector":{"id":"costObjectAdminTypeComboBox","viewName":"etm.portal.ui.managerequests.view.NewRequest","searchOpenDialogs":true,"interaction":{"idSuffix":"inner"}},"clearTextFirst":true,"interactionType":"ENTER_TEXT"}]}
RESULT: {"script":"<script> [776 bytes]","args":[{"enterText":"Cost Center","selector":{"id":"costObjectAdminTypeComboBox","viewName":"etm.portal.ui.managerequests.view.NewRequest","searchOpenDialogs":true,"interaction":{"idSuffix":"inner"}},"clearTextFirst":true,"interactionType":"ENTER_TEXT"}]}
COMMAND: POST /session/211805a0db2825488b2ffc481472c536/actions - {"actions":[{"id":"action29","type":"key","parameters":{},"actions":[{"type":"keyDown","value":"î€‡"},{"type":"pause","duration":10},{"type":"keyUp","value":"î€‡"}]}]}
RESULT: {"actions":[{"id":"action29","type":"key","parameters":{},"actions":[{"type":"keyDown","value":"î€‡"},{"type":"pause","duration":10},{"type":"keyUp","value":"î€‡"}]}]}
COMMAND: GET /session/211805a0db2825488b2ffc481472c536/screenshot - {}
RESULT: {}
RESULT: undefined
COMMAND: POST /session/211805a0db2825488b2ffc481472c536/element - {"using":"xpath","value":"//*[@id=\"__xmlview61--costObjectIdComboBox-vhi\"]"}
RESULT: {"using":"xpath","value":"//*[@id=\"__xmlview61--costObjectIdComboBox-vhi\"]"}
COMMAND: POST /session/211805a0db2825488b2ffc481472c536/element/f.B77A22107D10E5486A044045F14EEE7A.d.C324C951F64B8A638BCB192B774E0C83.e.5842/click - {}
RESULT: {}
RESULT: undefined
COMMAND: POST /session/211805a0db2825488b2ffc481472c536/execute/async - {"script":"<script> [776 bytes]","args":[{"enterText":"10001013","selector":{"controlType":"sap.m.SearchField","properties":{"placeholder":"Search"},"searchOpenDialogs":true,"interaction":{"idSuffix":"I"}},"clearTextFirst":true,"interactionType":"ENTER_TEXT"}]}
COMMAND: GET /session/211805a0db2825488b2ffc481472c536/screenshot - {}
RESULT: {"script":"<script> [776 bytes]","args":[{"enterText":"10001013","selector":{"controlType":"sap.m.SearchField","properties":{"placeholder":"Search"},"searchOpenDialogs":true,"interaction":{"idSuffix":"I"}},"clearTextFirst":true,"interactionType":"ENTER_TEXT"}]}
COMMAND: POST /session/211805a0db2825488b2ffc481472c536/actions - {"actions":[{"id":"action30","type":"key","parameters":{},"actions":[{"type":"keyDown","value":"î€‡"},{"type":"pause","duration":10},{"type":"keyUp","value":"î€‡"}]}]}
RESULT: {}
RESULT: {"actions":[{"id":"action30","type":"key","parameters":{},"actions":[{"type":"keyDown","value":"î€‡"},{"type":"pause","duration":10},{"type":"keyUp","value":"î€‡"}]}]}
COMMAND: GET /session/211805a0db2825488b2ffc481472c536/screenshot - {}
RESULT: {}
COMMAND: POST /session/211805a0db2825488b2ffc481472c536/element - {"using":"xpath","value":"//span[contains(text(), \"General Management\")]"}
RESULT: {"using":"xpath","value":"//span[contains(text(), \"General Management\")]"}
COMMAND: POST /session/211805a0db2825488b2ffc481472c536/element/f.B77A22107D10E5486A044045F14EEE7A.d.C324C951F64B8A638BCB192B774E0C83.e.5880/click - {}
RESULT: {}
COMMAND: GET /session/211805a0db2825488b2ffc481472c536/screenshot - {}
RESULT: {}
COMMAND: POST /session/211805a0db2825488b2ffc481472c536/element - {"using":"xpath","value":"//bdi[contains(text(), \"OK\")]"}
RESULT: {"using":"xpath","value":"//bdi[contains(text(), \"OK\")]"}
COMMAND: POST /session/211805a0db2825488b2ffc481472c536/element/f.B77A22107D10E5486A044045F14EEE7A.d.C324C951F64B8A638BCB192B774E0C83.e.5881/click - {}
RESULT: {}
COMMAND: GET /session/211805a0db2825488b2ffc481472c536/screenshot - {}
RESULT: {}
COMMAND: POST /session/211805a0db2825488b2ffc481472c536/element - {"using":"xpath","value":"(//bdi[contains(@id ,\"BDI-content\")][contains(text(), \"Save\")])[1]"}
RESULT: {"using":"xpath","value":"(//bdi[contains(@id ,\"BDI-content\")][contains(text(), \"Save\")])[1]"}
COMMAND: POST /session/211805a0db2825488b2ffc481472c536/element/f.B77A22107D10E5486A044045F14EEE7A.d.C324C951F64B8A638BCB192B774E0C83.e.5885/click - {}
RESULT: {}
COMMAND: GET /session/211805a0db2825488b2ffc481472c536/screenshot - {}
RESULT: {}
COMMAND: POST /session/211805a0db2825488b2ffc481472c536/execute/async - {"script":"<script> [1562 bytes]","args":[{"selector":{"controlType":"sap.m.Button","viewName":"etm.portal.ui.managerequests.view.NewRequest","i18NText":{"propertyName":"tooltip","key":"save"},"interaction":{"idSuffix":"content"}},"wdio_ui5_key":"etmportal.ui.managerequests.view.NewRequestsap.m.Button{\"propertyName\":\"tooltip\",\"key\":\"save\"}"}]}
RESULT: {"script":"<script> [1562 bytes]","args":[{"selector":{"controlType":"sap.m.Button","viewName":"etm.portal.ui.managerequests.view.NewRequest","i18NText":{"propertyName":"tooltip","key":"save"},"interaction":{"idSuffix":"content"}},"wdio_ui5_key":"etmportal.ui.managerequests.view.NewRequestsap.m.Button{\"propertyName\":\"tooltip\",\"key\":\"save\"}"}]}
RESULT: undefined
COMMAND: POST /session/211805a0db2825488b2ffc481472c536/element - {"using":"xpath","value":"//*[@id=\"__button105\"]"}
RESULT: {"using":"xpath","value":"//*[@id=\"__button105\"]"}
COMMAND: POST /session/211805a0db2825488b2ffc481472c536/element/f.B77A22107D10E5486A044045F14EEE7A.d.C324C951F64B8A638BCB192B774E0C83.e.5713/click - {}
RESULT: {}
COMMAND: GET /session/211805a0db2825488b2ffc481472c536/screenshot - {}
RESULT: {}
COMMAND: POST /session/211805a0db2825488b2ffc481472c536/execute/async - {"script":"<script> [1562 bytes]","args":[{"selector":{"controlType":"sap.m.Title","properties":{"text":"Success"},"searchOpenDialogs":true},"wdio_ui5_key":"sapm.Title{\"text\":\"Success\"}"}]}
RESULT: {"script":"<script> [1562 bytes]","args":[{"selector":{"controlType":"sap.m.Title","properties":{"text":"Success"},"searchOpenDialogs":true},"wdio_ui5_key":"sapm.Title{\"text\":\"Success\"}"}]}
RESULT: undefined
COMMAND: POST /session/211805a0db2825488b2ffc481472c536/execute/async - {"script":"<script> [6424 bytes]","args":[{"element-6066-11e4-a52e-4f735466cecf":"f.B77A22107D10E5486A044045F14EEE7A.d.C324C951F64B8A638BCB192B774E0C83.e.5891"},"getText",[]]}
RESULT: {"script":"<script> [6424 bytes]","args":[{"element-6066-11e4-a52e-4f735466cecf":"f.B77A22107D10E5486A044045F14EEE7A.d.C324C951F64B8A638BCB192B774E0C83.e.5891"},"getText",[]]}
COMMAND: POST /session/211805a0db2825488b2ffc481472c536/execute/async - {"script":"<script> [1562 bytes]","args":[{"selector":{"controlType":"sap.m.Button","properties":{"text":"Close"},"searchOpenDialogs":true,"interaction":{"idSuffix":"BDI-content"}},"wdio_ui5_key":"sapm.Button{\"text\":\"Close\"}"}]}
RESULT: {"script":"<script> [1562 bytes]","args":[{"selector":{"controlType":"sap.m.Button","properties":{"text":"Close"},"searchOpenDialogs":true,"interaction":{"idSuffix":"BDI-content"}},"wdio_ui5_key":"sapm.Button{\"text\":\"Close\"}"}]}
RESULT: undefined
COMMAND: POST /session/211805a0db2825488b2ffc481472c536/element - {"using":"xpath","value":"//*[@id=\"__mbox-btn-4\"]"}
RESULT: {"using":"xpath","value":"//*[@id=\"__mbox-btn-4\"]"}
COMMAND: POST /session/211805a0db2825488b2ffc481472c536/element/f.B77A22107D10E5486A044045F14EEE7A.d.C324C951F64B8A638BCB192B774E0C83.e.5889/click - {}
RESULT: {}
COMMAND: GET /session/211805a0db2825488b2ffc481472c536/screenshot - {}
RESULT: {}
COMMAND: POST /session/211805a0db2825488b2ffc481472c536/execute/async - {"script":"<script> [1562 bytes]","args":[{"selector":{"controlType":"sap.m.Text","viewName":"etm.portal.ui.managerequests.view.Detail","bindingPath":{"propertyPath":"NO","modelName":"catalogModel"}},"wdio_ui5_key":"etmportal.ui.managerequests.view.Detailsap.m.Text{\"propertyPath\":\"NO\",\"modelName\":\"catalogModel\"}"}]}
RESULT: {"script":"<script> [1562 bytes]","args":[{"selector":{"controlType":"sap.m.Text","viewName":"etm.portal.ui.managerequests.view.Detail","bindingPath":{"propertyPath":"NO","modelName":"catalogModel"}},"wdio_ui5_key":"etmportal.ui.managerequests.view.Detailsap.m.Text{\"propertyPath\":\"NO\",\"modelName\":\"catalogModel\"}"}]}
RESULT: undefined
COMMAND: POST /session/211805a0db2825488b2ffc481472c536/execute/async - {"script":"<script> [6424 bytes]","args":[{"element-6066-11e4-a52e-4f735466cecf":"f.B77A22107D10E5486A044045F14EEE7A.d.C324C951F64B8A638BCB192B774E0C83.e.6020"},"getText",[]]}
RESULT: {"script":"<script> [6424 bytes]","args":[{"element-6066-11e4-a52e-4f735466cecf":"f.B77A22107D10E5486A044045F14EEE7A.d.C324C951F64B8A638BCB192B774E0C83.e.6020"},"getText",[]]}
COMMAND: POST /session/211805a0db2825488b2ffc481472c536/execute/async - {"script":"<script> [1562 bytes]","args":[{"selector":{"controlType":"sap.ui.core.Icon","viewName":"etm.portal.ui.managerequests.view.Detail","properties":{"src":{"regex":{"source":"date\\-time"}}},"ancestor":{"controlType":"sap.m.ColumnListItem","viewName":"etm.portal.ui.managerequests.view.Detail","bindingPath":{"path":"/SmartRequestItemsPlanningBoard(ITEM=10m,REQUEST='20343')"},"ancestor":{"id":"requestItemsTable","viewName":"etm.portal.ui.managerequests.view.Detail"}}},"wdio_ui5_key":"etmportal.ui.managerequests.view.Detailsap.ui.core.Icon{\"src\":{\"regex\":{\"source\":\"date\\\\-time\"}}}{\"controlType\":\"sap.m.ColumnListItem\",\"viewName\":\"etm.portal.ui.managerequests.view.Detail\",\"bindingPath\":{\"path\":\"/SmartRequestItemsPlanningBoard(ITEM=10m,REQUEST='20343')\"},\"ancestor\":{\"id\":\"requestItemsTable\",\"viewName\":\"etm.portal.ui.managerequests.view.Detail\"}}"}]}
RESULT: {"script":"<script> [1562 bytes]","args":[{"selector":{"controlType":"sap.ui.core.Icon","viewName":"etm.portal.ui.managerequests.view.Detail","properties":{"src":{"regex":{"source":"date\\-time"}}},"ancestor":{"controlType":"sap.m.ColumnListItem","viewName":"etm.portal.ui.managerequests.view.Detail","bindingPath":{"path":"/SmartRequestItemsPlanningBoard(ITEM=10m,REQUEST='20343')"},"ancestor":{"id":"requestItemsTable","viewName":"etm.portal.ui.managerequests.view.Detail"}}},"wdio_ui5_key":"etmportal.ui.managerequests.view.Detailsap.ui.core.Icon{\"src\":{\"regex\":{\"source\":\"date\\\\-time\"}}}{\"controlType\":\"sap.m.ColumnListItem\",\"viewName\":\"etm.portal.ui.managerequests.view.Detail\",\"bindingPath\":{\"path\":\"/SmartRequestItemsPlanningBoard(ITEM=10m,REQUEST='20343')\"},\"ancestor\":{\"id\":\"requestItemsTable\",\"viewName\":\"etm.portal.ui.managerequests.view.Detail\"}}"}]}
RESULT: undefined
COMMAND: POST /session/211805a0db2825488b2ffc481472c536/element - {"using":"xpath","value":"//*[@id=\"__button135-__clone7939-img\"]"}
RESULT: {"using":"xpath","value":"//*[@id=\"__button135-__clone7939-img\"]"}
COMMAND: POST /session/211805a0db2825488b2ffc481472c536/element/f.B77A22107D10E5486A044045F14EEE7A.d.C324C951F64B8A638BCB192B774E0C83.e.6021/click - {}
RESULT: {}
COMMAND: POST /session/211805a0db2825488b2ffc481472c536/execute/async - {"script":"<script> [1562 bytes]","args":[{"selector":{"controlType":"sap.m.Button","viewName":"etm.portal.ui.managerequests.view.Detail","properties":{"text":"Close"},"searchOpenDialogs":true,"interaction":{"idSuffix":"BDI-content"}},"wdio_ui5_key":"etmportal.ui.managerequests.view.Detailsap.m.Button{\"text\":\"Close\"}"}]}
COMMAND: GET /session/211805a0db2825488b2ffc481472c536/screenshot - {}
RESULT: {"script":"<script> [1562 bytes]","args":[{"selector":{"controlType":"sap.m.Button","viewName":"etm.portal.ui.managerequests.view.Detail","properties":{"text":"Close"},"searchOpenDialogs":true,"interaction":{"idSuffix":"BDI-content"}},"wdio_ui5_key":"etmportal.ui.managerequests.view.Detailsap.m.Button{\"text\":\"Close\"}"}]}
RESULT: undefined
COMMAND: POST /session/211805a0db2825488b2ffc481472c536/element - {"using":"xpath","value":"//*[@id=\"__button145\"]"}
RESULT: {}
RESULT: {"using":"xpath","value":"//*[@id=\"__button145\"]"}
COMMAND: POST /session/211805a0db2825488b2ffc481472c536/element/f.B77A22107D10E5486A044045F14EEE7A.d.C324C951F64B8A638BCB192B774E0C83.e.6024/click - {}
RESULT: {}
COMMAND: POST /session/211805a0db2825488b2ffc481472c536/execute/async - {"script":"<script> [1562 bytes]","args":[{"selector":{"controlType":"sap.ui.core.Icon","viewName":"etm.portal.ui.managerequests.view.Detail","properties":{"src":{"regex":{"source":"date\\-time"}}},"ancestor":{"controlType":"sap.m.ColumnListItem","viewName":"etm.portal.ui.managerequests.view.Detail","bindingPath":{"path":"/SmartRequestItemsPlanningBoard(ITEM=20m,REQUEST='20343')"},"ancestor":{"id":"requestItemsTable","viewName":"etm.portal.ui.managerequests.view.Detail"}}},"wdio_ui5_key":"etmportal.ui.managerequests.view.Detailsap.ui.core.Icon{\"src\":{\"regex\":{\"source\":\"date\\\\-time\"}}}{\"controlType\":\"sap.m.ColumnListItem\",\"viewName\":\"etm.portal.ui.managerequests.view.Detail\",\"bindingPath\":{\"path\":\"/SmartRequestItemsPlanningBoard(ITEM=20m,REQUEST='20343')\"},\"ancestor\":{\"id\":\"requestItemsTable\",\"viewName\":\"etm.portal.ui.managerequests.view.Detail\"}}"}]}
COMMAND: GET /session/211805a0db2825488b2ffc481472c536/screenshot - {}
RESULT: {"script":"<script> [1562 bytes]","args":[{"selector":{"controlType":"sap.ui.core.Icon","viewName":"etm.portal.ui.managerequests.view.Detail","properties":{"src":{"regex":{"source":"date\\-time"}}},"ancestor":{"controlType":"sap.m.ColumnListItem","viewName":"etm.portal.ui.managerequests.view.Detail","bindingPath":{"path":"/SmartRequestItemsPlanningBoard(ITEM=20m,REQUEST='20343')"},"ancestor":{"id":"requestItemsTable","viewName":"etm.portal.ui.managerequests.view.Detail"}}},"wdio_ui5_key":"etmportal.ui.managerequests.view.Detailsap.ui.core.Icon{\"src\":{\"regex\":{\"source\":\"date\\\\-time\"}}}{\"controlType\":\"sap.m.ColumnListItem\",\"viewName\":\"etm.portal.ui.managerequests.view.Detail\",\"bindingPath\":{\"path\":\"/SmartRequestItemsPlanningBoard(ITEM=20m,REQUEST='20343')\"},\"ancestor\":{\"id\":\"requestItemsTable\",\"viewName\":\"etm.portal.ui.managerequests.view.Detail\"}}"}]}
RESULT: undefined
COMMAND: POST /session/211805a0db2825488b2ffc481472c536/element - {"using":"xpath","value":"//*[@id=\"__button135-__clone7940-img\"]"}
RESULT: {}
RESULT: {"using":"xpath","value":"//*[@id=\"__button135-__clone7940-img\"]"}
COMMAND: POST /session/211805a0db2825488b2ffc481472c536/element/f.B77A22107D10E5486A044045F14EEE7A.d.C324C951F64B8A638BCB192B774E0C83.e.6031/click - {}
RESULT: {}
RESULT: undefined
COMMAND: POST /session/211805a0db2825488b2ffc481472c536/element - {"using":"xpath","value":"//*[@id=\"__button145\"]"}
COMMAND: GET /session/211805a0db2825488b2ffc481472c536/screenshot - {}
RESULT: {"using":"xpath","value":"//*[@id=\"__button145\"]"}
COMMAND: POST /session/211805a0db2825488b2ffc481472c536/elements - {"using":"xpath","value":"//*[@id=\"__button145\"]"}
RESULT: {}
RESULT: {"using":"xpath","value":"//*[@id=\"__button145\"]"}
COMMAND: POST /session/211805a0db2825488b2ffc481472c536/element - {"using":"xpath","value":"//*[@id=\"__button145\"]"}
RESULT: {"using":"xpath","value":"//*[@id=\"__button145\"]"}
COMMAND: POST /session/211805a0db2825488b2ffc481472c536/element/f.B77A22107D10E5486A044045F14EEE7A.d.C324C951F64B8A638BCB192B774E0C83.e.6037/click - {}
RESULT: {}
COMMAND: POST /session/211805a0db2825488b2ffc481472c536/element - {"using":"css selector","value":"#shell-header-logo"}
COMMAND: GET /session/211805a0db2825488b2ffc481472c536/screenshot - {}
RESULT: {"using":"css selector","value":"#shell-header-logo"}
COMMAND: POST /session/211805a0db2825488b2ffc481472c536/element/f.B77A22107D10E5486A044045F14EEE7A.d.C324C951F64B8A638BCB192B774E0C83.e.5274/click - {}
RESULT: {}
RESULT: {}
COMMAND: GET /session/211805a0db2825488b2ffc481472c536/screenshot - {}
RESULT: {}
]]></system-out>
    </testcase>
    <testcase classname="chrome.135_0_7049_96.windows.Standard_contract_-_add_contract_items_by_Insert_Request_US118222" name="Should insert the request into the contract" time="47.444">
      <system-out><![CDATA[
COMMAND: POST /session/211805a0db2825488b2ffc481472c536/execute/async - {"script":"<script> [1562 bytes]","args":[{"selector":{"controlType":"sap.m.GenericTile","properties":{"header":"Manage Contracts"}},"wdio_ui5_key":"sapm.GenericTile{\"header\":\"Manage Contracts\"}"}]}
RESULT: {"script":"<script> [1562 bytes]","args":[{"selector":{"controlType":"sap.m.GenericTile","properties":{"header":"Manage Contracts"}},"wdio_ui5_key":"sapm.GenericTile{\"header\":\"Manage Contracts\"}"}]}
RESULT: undefined
COMMAND: POST /session/211805a0db2825488b2ffc481472c536/element - {"using":"xpath","value":"//*[@id=\"__tile130\"]"}
RESULT: {"using":"xpath","value":"//*[@id=\"__tile130\"]"}
COMMAND: POST /session/211805a0db2825488b2ffc481472c536/element/f.B77A22107D10E5486A044045F14EEE7A.d.C324C951F64B8A638BCB192B774E0C83.e.6049/click - {}
RESULT: {}
COMMAND: GET /session/211805a0db2825488b2ffc481472c536/screenshot - {}
RESULT: {}
COMMAND: POST /session/211805a0db2825488b2ffc481472c536/execute/async - {"script":"<script> [1562 bytes]","args":[{"selector":{"controlType":"sap.m.SearchField","viewName":"etm.portal.ui.managecontracts.view.Master","bindingPath":{"path":"","propertyPath":"/_BASIC_SEARCH_FIELD","modelName":"fi1t3rM0d31"},"interaction":{"idSuffix":"I"}},"wdio_ui5_key":"etmportal.ui.managecontracts.view.Mastersap.m.SearchField{\"path\":\"\",\"propertyPath\":\"/_BASIC_SEARCH_FIELD\",\"modelName\":\"fi1t3rM0d31\"}"}]}
RESULT: {"script":"<script> [1562 bytes]","args":[{"selector":{"controlType":"sap.m.SearchField","viewName":"etm.portal.ui.managecontracts.view.Master","bindingPath":{"path":"","propertyPath":"/_BASIC_SEARCH_FIELD","modelName":"fi1t3rM0d31"},"interaction":{"idSuffix":"I"}},"wdio_ui5_key":"etmportal.ui.managecontracts.view.Mastersap.m.SearchField{\"path\":\"\",\"propertyPath\":\"/_BASIC_SEARCH_FIELD\",\"modelName\":\"fi1t3rM0d31\"}"}]}
RESULT: undefined
COMMAND: POST /session/211805a0db2825488b2ffc481472c536/execute/async - {"script":"<script> [776 bytes]","args":[{"enterText":"10508","selector":{"controlType":"sap.m.SearchField","viewName":"etm.portal.ui.managecontracts.view.Master","bindingPath":{"path":"","propertyPath":"/_BASIC_SEARCH_FIELD","modelName":"fi1t3rM0d31"},"interaction":{"idSuffix":"I"}},"clearTextFirst":true,"interactionType":"ENTER_TEXT"}]}
RESULT: {"script":"<script> [776 bytes]","args":[{"enterText":"10508","selector":{"controlType":"sap.m.SearchField","viewName":"etm.portal.ui.managecontracts.view.Master","bindingPath":{"path":"","propertyPath":"/_BASIC_SEARCH_FIELD","modelName":"fi1t3rM0d31"},"interaction":{"idSuffix":"I"}},"clearTextFirst":true,"interactionType":"ENTER_TEXT"}]}
COMMAND: POST /session/211805a0db2825488b2ffc481472c536/actions - {"actions":[{"id":"action31","type":"key","parameters":{},"actions":[{"type":"keyDown","value":"î€‡"},{"type":"pause","duration":10},{"type":"keyUp","value":"î€‡"}]}]}
RESULT: {"actions":[{"id":"action31","type":"key","parameters":{},"actions":[{"type":"keyDown","value":"î€‡"},{"type":"pause","duration":10},{"type":"keyUp","value":"î€‡"}]}]}
COMMAND: GET /session/211805a0db2825488b2ffc481472c536/screenshot - {}
RESULT: {}
COMMAND: POST /session/211805a0db2825488b2ffc481472c536/execute/async - {"script":"<script> [1562 bytes]","args":[{"selector":{"controlType":"sap.ui.core.Icon","viewName":"etm.portal.ui.managecontracts.view.Master","properties":{"src":{"regex":{"source":"slim\\-arrow\\-right"}}}},"wdio_ui5_key":"etmportal.ui.managecontracts.view.Mastersap.ui.core.Icon{\"src\":{\"regex\":{\"source\":\"slim\\\\-arrow\\\\-right\"}}}"}]}
RESULT: {"script":"<script> [1562 bytes]","args":[{"selector":{"controlType":"sap.ui.core.Icon","viewName":"etm.portal.ui.managecontracts.view.Master","properties":{"src":{"regex":{"source":"slim\\-arrow\\-right"}}}},"wdio_ui5_key":"etmportal.ui.managecontracts.view.Mastersap.ui.core.Icon{\"src\":{\"regex\":{\"source\":\"slim\\\\-arrow\\\\-right\"}}}"}]}
RESULT: undefined
COMMAND: POST /session/211805a0db2825488b2ffc481472c536/element - {"using":"xpath","value":"//*[@id=\"__item2536-__clone8048-imgNav\"]"}
RESULT: {"using":"xpath","value":"//*[@id=\"__item2536-__clone8048-imgNav\"]"}
COMMAND: POST /session/211805a0db2825488b2ffc481472c536/element/f.B77A22107D10E5486A044045F14EEE7A.d.C324C951F64B8A638BCB192B774E0C83.e.6174/click - {}
RESULT: {}
COMMAND: POST /session/211805a0db2825488b2ffc481472c536/execute/async - {"script":"<script> [1562 bytes]","args":[{"selector":{"id":"addRequestItemBtn","viewName":"etm.portal.ui.managecontracts.view.Detail","interaction":{"idSuffix":"BDI-content"}},"wdio_ui5_key":"addRequestItemBtnetmportal.ui.managecontracts.view.Detail"}]}
COMMAND: GET /session/211805a0db2825488b2ffc481472c536/screenshot - {}
RESULT: {"script":"<script> [1562 bytes]","args":[{"selector":{"id":"addRequestItemBtn","viewName":"etm.portal.ui.managecontracts.view.Detail","interaction":{"idSuffix":"BDI-content"}},"wdio_ui5_key":"addRequestItemBtnetmportal.ui.managecontracts.view.Detail"}]}
RESULT: undefined
COMMAND: POST /session/211805a0db2825488b2ffc481472c536/element - {"using":"xpath","value":"//*[@id=\"__xmlview64--addRequestItemBtn\"]"}
RESULT: {}
RESULT: {"using":"xpath","value":"//*[@id=\"__xmlview64--addRequestItemBtn\"]"}
COMMAND: POST /session/211805a0db2825488b2ffc481472c536/element/f.B77A22107D10E5486A044045F14EEE7A.d.C324C951F64B8A638BCB192B774E0C83.e.6239/click - {}
RESULT: {}
COMMAND: GET /session/211805a0db2825488b2ffc481472c536/screenshot - {}
RESULT: {}
COMMAND: POST /session/211805a0db2825488b2ffc481472c536/element - {"using":"xpath","value":"//div[contains(@id ,\"popupRequestTable-sa-CbBg\")]"}
RESULT: {"using":"xpath","value":"//div[contains(@id ,\"popupRequestTable-sa-CbBg\")]"}
COMMAND: POST /session/211805a0db2825488b2ffc481472c536/element/f.B77A22107D10E5486A044045F14EEE7A.d.C324C951F64B8A638BCB192B774E0C83.e.6354/click - {}
RESULT: {}
COMMAND: GET /session/211805a0db2825488b2ffc481472c536/screenshot - {}
RESULT: {}
COMMAND: POST /session/211805a0db2825488b2ffc481472c536/execute/async - {"script":"<script> [1562 bytes]","args":[{"selector":{"controlType":"sap.m.Button","viewName":"etm.portal.ui.managecontracts.view.Detail","i18NText":{"propertyName":"text","key":"selectionDone"},"searchOpenDialogs":true,"interaction":{"idSuffix":"BDI-content"}},"wdio_ui5_key":"etmportal.ui.managecontracts.view.Detailsap.m.Button{\"propertyName\":\"text\",\"key\":\"selectionDone\"}"}]}
RESULT: {"script":"<script> [1562 bytes]","args":[{"selector":{"controlType":"sap.m.Button","viewName":"etm.portal.ui.managecontracts.view.Detail","i18NText":{"propertyName":"text","key":"selectionDone"},"searchOpenDialogs":true,"interaction":{"idSuffix":"BDI-content"}},"wdio_ui5_key":"etmportal.ui.managecontracts.view.Detailsap.m.Button{\"propertyName\":\"text\",\"key\":\"selectionDone\"}"}]}
RESULT: undefined
COMMAND: POST /session/211805a0db2825488b2ffc481472c536/element - {"using":"xpath","value":"//*[@id=\"__button157\"]"}
RESULT: {"using":"xpath","value":"//*[@id=\"__button157\"]"}
COMMAND: POST /session/211805a0db2825488b2ffc481472c536/element/f.B77A22107D10E5486A044045F14EEE7A.d.C324C951F64B8A638BCB192B774E0C83.e.6357/click - {}
RESULT: {}
COMMAND: POST /session/211805a0db2825488b2ffc481472c536/execute/async - {"script":"<script> [1562 bytes]","args":[{"selector":{"controlType":"sap.m.Text","properties":{"text":"Started processing request items into the contract."},"searchOpenDialogs":true},"wdio_ui5_key":"sapm.Text{\"text\":\"Started processing request items into the contract.\"}"}]}
COMMAND: GET /session/211805a0db2825488b2ffc481472c536/screenshot - {}
RESULT: {"script":"<script> [1562 bytes]","args":[{"selector":{"controlType":"sap.m.Text","properties":{"text":"Started processing request items into the contract."},"searchOpenDialogs":true},"wdio_ui5_key":"sapm.Text{\"text\":\"Started processing request items into the contract.\"}"}]}
RESULT: undefined
COMMAND: POST /session/211805a0db2825488b2ffc481472c536/execute/async - {"script":"<script> [6424 bytes]","args":[{"element-6066-11e4-a52e-4f735466cecf":"f.B77A22107D10E5486A044045F14EEE7A.d.C324C951F64B8A638BCB192B774E0C83.e.6359"},"getText",[]]}
RESULT: {}
RESULT: {"script":"<script> [6424 bytes]","args":[{"element-6066-11e4-a52e-4f735466cecf":"f.B77A22107D10E5486A044045F14EEE7A.d.C324C951F64B8A638BCB192B774E0C83.e.6359"},"getText",[]]}
COMMAND: POST /session/211805a0db2825488b2ffc481472c536/execute/async - {"script":"<script> [1562 bytes]","args":[{"selector":{"controlType":"sap.m.Button","properties":{"text":"OK"},"searchOpenDialogs":true,"interaction":{"idSuffix":"inner"}},"wdio_ui5_key":"sapm.Button{\"text\":\"OK\"}"}]}
RESULT: {"script":"<script> [1562 bytes]","args":[{"selector":{"controlType":"sap.m.Button","properties":{"text":"OK"},"searchOpenDialogs":true,"interaction":{"idSuffix":"inner"}},"wdio_ui5_key":"sapm.Button{\"text\":\"OK\"}"}]}
RESULT: undefined
COMMAND: POST /session/211805a0db2825488b2ffc481472c536/element - {"using":"xpath","value":"//*[@id=\"__mbox-btn-5\"]"}
RESULT: {"using":"xpath","value":"//*[@id=\"__mbox-btn-5\"]"}
COMMAND: POST /session/211805a0db2825488b2ffc481472c536/element/f.B77A22107D10E5486A044045F14EEE7A.d.C324C951F64B8A638BCB192B774E0C83.e.6358/click - {}
RESULT: {}
COMMAND: POST /session/211805a0db2825488b2ffc481472c536/execute/async - {"script":"<script> [1562 bytes]","args":[{"selector":{"id":"headerBillingItemsTabFilter","viewName":"etm.portal.ui.managecontracts.view.Detail","interaction":{"idSuffix":"text"}},"wdio_ui5_key":"headerBillingItemsTabFilteretmportal.ui.managecontracts.view.Detail"}]}
COMMAND: GET /session/211805a0db2825488b2ffc481472c536/screenshot - {}
RESULT: {"script":"<script> [1562 bytes]","args":[{"selector":{"id":"headerBillingItemsTabFilter","viewName":"etm.portal.ui.managecontracts.view.Detail","interaction":{"idSuffix":"text"}},"wdio_ui5_key":"headerBillingItemsTabFilteretmportal.ui.managecontracts.view.Detail"}]}
RESULT: undefined
COMMAND: POST /session/211805a0db2825488b2ffc481472c536/element - {"using":"xpath","value":"//*[@id=\"__xmlview64--headerBillingItemsTabFilter\"]"}
RESULT: {}
RESULT: {"using":"xpath","value":"//*[@id=\"__xmlview64--headerBillingItemsTabFilter\"]"}
COMMAND: POST /session/211805a0db2825488b2ffc481472c536/element/f.B77A22107D10E5486A044045F14EEE7A.d.C324C951F64B8A638BCB192B774E0C83.e.6371/click - {}
RESULT: {}
COMMAND: GET /session/211805a0db2825488b2ffc481472c536/screenshot - {}
RESULT: {}
COMMAND: POST /session/211805a0db2825488b2ffc481472c536/execute/async - {"script":"<script> [1562 bytes]","args":[{"selector":{"controlType":"sap.ui.core.Icon","viewName":"etm.portal.ui.managecontracts.view.Detail","properties":{"src":{"regex":{"source":"synchronize"}}}},"wdio_ui5_key":"etmportal.ui.managecontracts.view.Detailsap.ui.core.Icon{\"src\":{\"regex\":{\"source\":\"synchronize\"}}}"}]}
RESULT: {"script":"<script> [1562 bytes]","args":[{"selector":{"controlType":"sap.ui.core.Icon","viewName":"etm.portal.ui.managecontracts.view.Detail","properties":{"src":{"regex":{"source":"synchronize"}}}},"wdio_ui5_key":"etmportal.ui.managecontracts.view.Detailsap.ui.core.Icon{\"src\":{\"regex\":{\"source\":\"synchronize\"}}}"}]}
RESULT: undefined
COMMAND: POST /session/211805a0db2825488b2ffc481472c536/element - {"using":"xpath","value":"//*[@id=\"__xmlview64--btnToggleUpdate-img\"]"}
RESULT: {"using":"xpath","value":"//*[@id=\"__xmlview64--btnToggleUpdate-img\"]"}
COMMAND: POST /session/211805a0db2825488b2ffc481472c536/element/f.B77A22107D10E5486A044045F14EEE7A.d.C324C951F64B8A638BCB192B774E0C83.e.6238/click - {}
RESULT: {}
COMMAND: GET /session/211805a0db2825488b2ffc481472c536/screenshot - {}
RESULT: {}
RESULT: undefined
COMMAND: POST /session/211805a0db2825488b2ffc481472c536/element - {"using":"xpath","value":"//*[@id=\"__xmlview64--headerBillingItemsTabFilter\"]"}
RESULT: {"using":"xpath","value":"//*[@id=\"__xmlview64--headerBillingItemsTabFilter\"]"}
COMMAND: POST /session/211805a0db2825488b2ffc481472c536/element/f.B77A22107D10E5486A044045F14EEE7A.d.C324C951F64B8A638BCB192B774E0C83.e.6371/click - {}
RESULT: {}
COMMAND: POST /session/211805a0db2825488b2ffc481472c536/execute/async - {"script":"<script> [1562 bytes]","args":[{"selector":{"controlType":"sap.m.Title","viewName":"etm.portal.ui.managecontracts.view.Detail","properties":{"text":"Contract Items (2)"}},"wdio_ui5_key":"etmportal.ui.managecontracts.view.Detailsap.m.Title{\"text\":\"Contract Items (2)\"}"}]}
COMMAND: GET /session/211805a0db2825488b2ffc481472c536/screenshot - {}
RESULT: {}
RESULT: {"script":"<script> [1562 bytes]","args":[{"selector":{"controlType":"sap.m.Title","viewName":"etm.portal.ui.managecontracts.view.Detail","properties":{"text":"Contract Items (2)"}},"wdio_ui5_key":"etmportal.ui.managecontracts.view.Detailsap.m.Title{\"text\":\"Contract Items (2)\"}"}]}
RESULT: undefined
COMMAND: POST /session/211805a0db2825488b2ffc481472c536/execute/async - {"script":"<script> [6424 bytes]","args":[{"element-6066-11e4-a52e-4f735466cecf":"f.B77A22107D10E5486A044045F14EEE7A.d.C324C951F64B8A638BCB192B774E0C83.e.6379"},"getText",[]]}
RESULT: {"script":"<script> [6424 bytes]","args":[{"element-6066-11e4-a52e-4f735466cecf":"f.B77A22107D10E5486A044045F14EEE7A.d.C324C951F64B8A638BCB192B774E0C83.e.6379"},"getText",[]]}
COMMAND: POST /session/211805a0db2825488b2ffc481472c536/execute/async - {"script":"<script> [1562 bytes]","args":[{"selector":{"controlType":"sap.m.ObjectStatus","viewName":"etm.portal.ui.managecontracts.view.Detail","bindingPath":{"path":"/SmartContractItems(CONTRACT='10508',ITEM=10m,SUB_ITEM=0m)","propertyPath":"STATUS"}},"wdio_ui5_key":"etmportal.ui.managecontracts.view.Detailsap.m.ObjectStatus{\"path\":\"/SmartContractItems(CONTRACT='10508',ITEM=10m,SUB_ITEM=0m)\",\"propertyPath\":\"STATUS\"}"}]}
RESULT: {"script":"<script> [1562 bytes]","args":[{"selector":{"controlType":"sap.m.ObjectStatus","viewName":"etm.portal.ui.managecontracts.view.Detail","bindingPath":{"path":"/SmartContractItems(CONTRACT='10508',ITEM=10m,SUB_ITEM=0m)","propertyPath":"STATUS"}},"wdio_ui5_key":"etmportal.ui.managecontracts.view.Detailsap.m.ObjectStatus{\"path\":\"/SmartContractItems(CONTRACT='10508',ITEM=10m,SUB_ITEM=0m)\",\"propertyPath\":\"STATUS\"}"}]}
RESULT: undefined
COMMAND: POST /session/211805a0db2825488b2ffc481472c536/execute/async - {"script":"<script> [6424 bytes]","args":[{"element-6066-11e4-a52e-4f735466cecf":"f.B77A22107D10E5486A044045F14EEE7A.d.C324C951F64B8A638BCB192B774E0C83.e.6380"},"getText",[]]}
RESULT: {"script":"<script> [6424 bytes]","args":[{"element-6066-11e4-a52e-4f735466cecf":"f.B77A22107D10E5486A044045F14EEE7A.d.C324C951F64B8A638BCB192B774E0C83.e.6380"},"getText",[]]}
COMMAND: POST /session/211805a0db2825488b2ffc481472c536/execute/async - {"script":"<script> [1562 bytes]","args":[{"selector":{"controlType":"sap.m.ObjectStatus","viewName":"etm.portal.ui.managecontracts.view.Detail","bindingPath":{"path":"/SmartContractItems(CONTRACT='10508',ITEM=20m,SUB_ITEM=0m)","propertyPath":"STATUS"}},"wdio_ui5_key":"etmportal.ui.managecontracts.view.Detailsap.m.ObjectStatus{\"path\":\"/SmartContractItems(CONTRACT='10508',ITEM=20m,SUB_ITEM=0m)\",\"propertyPath\":\"STATUS\"}"}]}
RESULT: {"script":"<script> [1562 bytes]","args":[{"selector":{"controlType":"sap.m.ObjectStatus","viewName":"etm.portal.ui.managecontracts.view.Detail","bindingPath":{"path":"/SmartContractItems(CONTRACT='10508',ITEM=20m,SUB_ITEM=0m)","propertyPath":"STATUS"}},"wdio_ui5_key":"etmportal.ui.managecontracts.view.Detailsap.m.ObjectStatus{\"path\":\"/SmartContractItems(CONTRACT='10508',ITEM=20m,SUB_ITEM=0m)\",\"propertyPath\":\"STATUS\"}"}]}
RESULT: undefined
COMMAND: POST /session/211805a0db2825488b2ffc481472c536/execute/async - {"script":"<script> [6424 bytes]","args":[{"element-6066-11e4-a52e-4f735466cecf":"f.B77A22107D10E5486A044045F14EEE7A.d.C324C951F64B8A638BCB192B774E0C83.e.6381"},"getText",[]]}
RESULT: {"script":"<script> [6424 bytes]","args":[{"element-6066-11e4-a52e-4f735466cecf":"f.B77A22107D10E5486A044045F14EEE7A.d.C324C951F64B8A638BCB192B774E0C83.e.6381"},"getText",[]]}
]]></system-out>
    </testcase>
  </testsuite>
  <testsuite timestamp="2025-05-04T18:06:07" time="94.593" tests="1" failures="0" errors="0" skipped="0">
    <properties>
      <property name="specId" value="0" />
      <property name="suiteName" value="Manage contracts - revert request US152962" />
      <property name="capabilities" value="chrome.135_0_7049_96.windows" />
      <property name="file" value="file:///D:/a/1/s/test/specs/R2C/manage-contracts-revert-request.spec.js" />
    </properties>
    <testcase classname="chrome.135_0_7049_96.windows.Manage_contracts_-_revert_request_US152962" name="Should revert the request" time="94.591">
      <system-out><![CDATA[
COMMAND: POST /session/211805a0db2825488b2ffc481472c536/execute/async - {"script":"<script> [1562 bytes]","args":[{"selector":{"id":"revertPlanningBtn","viewName":"etm.portal.ui.managecontracts.view.Detail","interaction":{"idSuffix":"BDI-content"}},"wdio_ui5_key":"revertPlanningBtnetmportal.ui.managecontracts.view.Detail"}]}
RESULT: {"script":"<script> [1562 bytes]","args":[{"selector":{"id":"revertPlanningBtn","viewName":"etm.portal.ui.managecontracts.view.Detail","interaction":{"idSuffix":"BDI-content"}},"wdio_ui5_key":"revertPlanningBtnetmportal.ui.managecontracts.view.Detail"}]}
RESULT: undefined
COMMAND: POST /session/211805a0db2825488b2ffc481472c536/element - {"using":"xpath","value":"//*[@id=\"__xmlview64--revertPlanningBtn\"]"}
RESULT: {"using":"xpath","value":"//*[@id=\"__xmlview64--revertPlanningBtn\"]"}
COMMAND: POST /session/211805a0db2825488b2ffc481472c536/element/f.B77A22107D10E5486A044045F14EEE7A.d.C324C951F64B8A638BCB192B774E0C83.e.6242/click - {}
RESULT: {}
COMMAND: POST /session/211805a0db2825488b2ffc481472c536/element - {"using":"xpath","value":"(//div[contains(@id ,\"selectMulti-CbBg\")])[2]"}
COMMAND: GET /session/211805a0db2825488b2ffc481472c536/screenshot - {}
RESULT: {"using":"xpath","value":"(//div[contains(@id ,\"selectMulti-CbBg\")])[2]"}
COMMAND: POST /session/211805a0db2825488b2ffc481472c536/element/f.B77A22107D10E5486A044045F14EEE7A.d.C324C951F64B8A638BCB192B774E0C83.e.6428/click - {}
RESULT: {}
RESULT: {}
COMMAND: GET /session/211805a0db2825488b2ffc481472c536/screenshot - {}
RESULT: {}
COMMAND: POST /session/211805a0db2825488b2ffc481472c536/element - {"using":"xpath","value":"//span[contains(@id ,\"executeRevertPlanningBtn-content\")]"}
RESULT: {"using":"xpath","value":"//span[contains(@id ,\"executeRevertPlanningBtn-content\")]"}
COMMAND: POST /session/211805a0db2825488b2ffc481472c536/element/f.B77A22107D10E5486A044045F14EEE7A.d.C324C951F64B8A638BCB192B774E0C83.e.6430/click - {}
RESULT: {}
COMMAND: GET /session/211805a0db2825488b2ffc481472c536/screenshot - {}
RESULT: {}
COMMAND: POST /session/211805a0db2825488b2ffc481472c536/actions - {"actions":[{"id":"action32","type":"key","parameters":{},"actions":[{"type":"keyDown","value":"î€‡"},{"type":"pause","duration":10},{"type":"keyUp","value":"î€‡"}]}]}
RESULT: {"actions":[{"id":"action32","type":"key","parameters":{},"actions":[{"type":"keyDown","value":"î€‡"},{"type":"pause","duration":10},{"type":"keyUp","value":"î€‡"}]}]}
COMMAND: GET /session/211805a0db2825488b2ffc481472c536/screenshot - {}
RESULT: {}
COMMAND: POST /session/211805a0db2825488b2ffc481472c536/refresh - {}
RESULT: {}
COMMAND: GET /session/211805a0db2825488b2ffc481472c536/screenshot - {}
RESULT: {}
COMMAND: POST /session/211805a0db2825488b2ffc481472c536/execute/async - {"script":"<script> [189 bytes]","args":[]}
RESULT: {"script":"<script> [189 bytes]","args":[]}
COMMAND: POST /session/211805a0db2825488b2ffc481472c536/execute/async - {"script":"<script> [123 bytes]","args":[]}
RESULT: {"script":"<script> [123 bytes]","args":[]}
COMMAND: POST /session/211805a0db2825488b2ffc481472c536/timeouts - {"script":"<number>"}
RESULT: {"script":"<number>"}
COMMAND: GET /session/211805a0db2825488b2ffc481472c536/timeouts - {}
RESULT: {}
RESULT: undefined
COMMAND: POST /session/211805a0db2825488b2ffc481472c536/execute/async - {"script":"<script> [2676 bytes]","args":[]}
RESULT: {"script":"<script> [2676 bytes]","args":[]}
COMMAND: POST /session/211805a0db2825488b2ffc481472c536/execute/async - {"script":"<script> [2342 bytes]","args":[{"protocol":"http","hostname":"0.0.0.0","path":"/","capabilities":{"browserName":"chrome","goog:chromeOptions":{"binary":"C:\\Program Files\\Google\\Chrome\\Application\\chrome.exe","args":["--start-maximized"]}},"logLevel":"warn","connectionRetryTimeout":120000,"connectionRetryCount":3,"logLevels":{},"enableDirectConnect":true,"strictSSL":true,"_":"65 more keys: [\"cacheDir\",\"port\",\"requestedCapabilities\",\"automationProtocol\",\"baseUrl\",\"waitforInterval\",\"waitforTimeout\",\"onReload\",\"beforeCommand\",\"afterCommand\",\"rootDir\",\"specs\",\"suites\",\"exclude\",\"groupLogsByTestSpec\",\"excludeDriverLogs\",\"bail\",\"framework\",\"reporters\",\"services\",\"maxInstances\",\"maxInstancesPerCapability\",\"injectGlobals\",\"filesToWatch\",\"execArgv\",\"runnerEnv\",\"runner\",\"shard\",\"specFileRetries\",\"specFileRetriesDelay\",\"specFileRetriesDeferred\",\"reporterSyncInterval\",\"reporterSyncTimeout\",\"cucumberFeaturesWithLineNumbers\",\"autoCompileOpts\",\"mochaOpts\",\"jasmineOpts\",\"cucumberOpts\",\"onPrepare\",\"onWorkerStart\",\"onWorkerEnd\",\"before\",\"beforeSession\",\"beforeSuite\",\"beforeHook\",\"beforeTest\",\"afterTest\",\"afterHook\",\"afterSuite\",\"afterSession\",\"after\",\"onComplete\",\"beforeAssertion\",\"afterAssertion\",\"beforeFeature\",\"beforeScenario\",\"beforeStep\",\"afterStep\",\"afterScenario\",\"afterFeature\",\"_\",\"suite\",\"$0\",\"ignoredWorkerServices\",\"wdi5\"]"}]}
RESULT: {"script":"<script> [2342 bytes]","args":[{"protocol":"http","hostname":"0.0.0.0","path":"/","capabilities":{"browserName":"chrome","goog:chromeOptions":{"binary":"C:\\Program Files\\Google\\Chrome\\Application\\chrome.exe","args":["--start-maximized"]}},"logLevel":"warn","connectionRetryTimeout":120000,"connectionRetryCount":3,"logLevels":{},"enableDirectConnect":true,"strictSSL":true,"_":"65 more keys: [\"cacheDir\",\"port\",\"requestedCapabilities\",\"automationProtocol\",\"baseUrl\",\"waitforInterval\",\"waitforTimeout\",\"onReload\",\"beforeCommand\",\"afterCommand\",\"rootDir\",\"specs\",\"suites\",\"exclude\",\"groupLogsByTestSpec\",\"excludeDriverLogs\",\"bail\",\"framework\",\"reporters\",\"services\",\"maxInstances\",\"maxInstancesPerCapability\",\"injectGlobals\",\"filesToWatch\",\"execArgv\",\"runnerEnv\",\"runner\",\"shard\",\"specFileRetries\",\"specFileRetriesDelay\",\"specFileRetriesDeferred\",\"reporterSyncInterval\",\"reporterSyncTimeout\",\"cucumberFeaturesWithLineNumbers\",\"autoCompileOpts\",\"mochaOpts\",\"jasmineOpts\",\"cucumberOpts\",\"onPrepare\",\"onWorkerStart\",\"onWorkerEnd\",\"before\",\"beforeSession\",\"beforeSuite\",\"beforeHook\",\"beforeTest\",\"afterTest\",\"afterHook\",\"afterSuite\",\"afterSession\",\"after\",\"onComplete\",\"beforeAssertion\",\"afterAssertion\",\"beforeFeature\",\"beforeScenario\",\"beforeStep\",\"afterStep\",\"afterScenario\",\"afterFeature\",\"_\",\"suite\",\"$0\",\"ignoredWorkerServices\",\"wdi5\"]"}]}
COMMAND: POST /session/211805a0db2825488b2ffc481472c536/execute/async - {"script":"<script> [21126 bytes]","args":[35000]}
RESULT: {"script":"<script> [21126 bytes]","args":[35000]}
COMMAND: POST /session/211805a0db2825488b2ffc481472c536/execute/async - {"script":"<script> [1562 bytes]","args":[{"selector":{"controlType":"sap.m.Title","viewName":"etm.portal.ui.managecontracts.view.Detail","properties":{"text":"Contract Items (1)"}},"wdio_ui5_key":"etmportal.ui.managecontracts.view.Detailsap.m.Title{\"text\":\"Contract Items (1)\"}"}]}
RESULT: {"script":"<script> [1562 bytes]","args":[{"selector":{"controlType":"sap.m.Title","viewName":"etm.portal.ui.managecontracts.view.Detail","properties":{"text":"Contract Items (1)"}},"wdio_ui5_key":"etmportal.ui.managecontracts.view.Detailsap.m.Title{\"text\":\"Contract Items (1)\"}"}]}
RESULT: undefined
COMMAND: POST /session/211805a0db2825488b2ffc481472c536/execute/async - {"script":"<script> [6424 bytes]","args":[{"element-6066-11e4-a52e-4f735466cecf":"f.B77A22107D10E5486A044045F14EEE7A.d.83CD31AFDD08A8FFC4FC74DFF6480366.e.6652"},"getText",[]]}
RESULT: {"script":"<script> [6424 bytes]","args":[{"element-6066-11e4-a52e-4f735466cecf":"f.B77A22107D10E5486A044045F14EEE7A.d.83CD31AFDD08A8FFC4FC74DFF6480366.e.6652"},"getText",[]]}
COMMAND: POST /session/211805a0db2825488b2ffc481472c536/execute/async - {"script":"<script> [1562 bytes]","args":[{"selector":{"id":"contractDetailEditBtn","viewName":"etm.portal.ui.managecontracts.view.Detail","interaction":{"idSuffix":"inner"}},"wdio_ui5_key":"contractDetailEditBtnetmportal.ui.managecontracts.view.Detail"}]}
RESULT: {"script":"<script> [1562 bytes]","args":[{"selector":{"id":"contractDetailEditBtn","viewName":"etm.portal.ui.managecontracts.view.Detail","interaction":{"idSuffix":"inner"}},"wdio_ui5_key":"contractDetailEditBtnetmportal.ui.managecontracts.view.Detail"}]}
RESULT: undefined
COMMAND: POST /session/211805a0db2825488b2ffc481472c536/element - {"using":"xpath","value":"//*[@id=\"__xmlview1--contractDetailEditBtn\"]"}
RESULT: {"using":"xpath","value":"//*[@id=\"__xmlview1--contractDetailEditBtn\"]"}
COMMAND: POST /session/211805a0db2825488b2ffc481472c536/element/f.B77A22107D10E5486A044045F14EEE7A.d.83CD31AFDD08A8FFC4FC74DFF6480366.e.6654/click - {}
RESULT: {}
COMMAND: GET /session/211805a0db2825488b2ffc481472c536/screenshot - {}
RESULT: {}
COMMAND: POST /session/211805a0db2825488b2ffc481472c536/element - {"using":"xpath","value":"(//span[contains(text(), \"Header Billing Items\")])[2]"}
RESULT: {"using":"xpath","value":"(//span[contains(text(), \"Header Billing Items\")])[2]"}
COMMAND: POST /session/211805a0db2825488b2ffc481472c536/element/f.B77A22107D10E5486A044045F14EEE7A.d.83CD31AFDD08A8FFC4FC74DFF6480366.e.6710/click - {}
RESULT: {}
COMMAND: GET /session/211805a0db2825488b2ffc481472c536/screenshot - {}
RESULT: {}
COMMAND: POST /session/211805a0db2825488b2ffc481472c536/element - {"using":"xpath","value":"//div[contains(@id ,\"ProductsTable-sa-CbBg\")]"}
RESULT: {"using":"xpath","value":"//div[contains(@id ,\"ProductsTable-sa-CbBg\")]"}
COMMAND: POST /session/211805a0db2825488b2ffc481472c536/element/f.B77A22107D10E5486A044045F14EEE7A.d.83CD31AFDD08A8FFC4FC74DFF6480366.e.6722/click - {}
RESULT: {}
COMMAND: GET /session/211805a0db2825488b2ffc481472c536/screenshot - {}
RESULT: {}
COMMAND: POST /session/211805a0db2825488b2ffc481472c536/execute/async - {"script":"<script> [1562 bytes]","args":[{"selector":{"id":"deleteBtn","viewName":"etm.portal.ui.managecontracts.view.EditContract","interaction":{"idSuffix":"BDI-content"}},"wdio_ui5_key":"deleteBtnetmportal.ui.managecontracts.view.EditContract"}]}
RESULT: {"script":"<script> [1562 bytes]","args":[{"selector":{"id":"deleteBtn","viewName":"etm.portal.ui.managecontracts.view.EditContract","interaction":{"idSuffix":"BDI-content"}},"wdio_ui5_key":"deleteBtnetmportal.ui.managecontracts.view.EditContract"}]}
RESULT: undefined
COMMAND: POST /session/211805a0db2825488b2ffc481472c536/element - {"using":"xpath","value":"//*[@id=\"__xmlview2--deleteBtn\"]"}
RESULT: {"using":"xpath","value":"//*[@id=\"__xmlview2--deleteBtn\"]"}
COMMAND: POST /session/211805a0db2825488b2ffc481472c536/element/f.B77A22107D10E5486A044045F14EEE7A.d.83CD31AFDD08A8FFC4FC74DFF6480366.e.6724/click - {}
RESULT: {}
COMMAND: POST /session/211805a0db2825488b2ffc481472c536/element - {"using":"xpath","value":"//bdi[contains(@id ,\"BDI-content\")][contains(text(), \"OK\")]"}
COMMAND: GET /session/211805a0db2825488b2ffc481472c536/screenshot - {}
RESULT: {"using":"xpath","value":"//bdi[contains(@id ,\"BDI-content\")][contains(text(), \"OK\")]"}
COMMAND: POST /session/211805a0db2825488b2ffc481472c536/element/f.B77A22107D10E5486A044045F14EEE7A.d.83CD31AFDD08A8FFC4FC74DFF6480366.e.6727/click - {}
RESULT: {}
RESULT: {}
COMMAND: GET /session/211805a0db2825488b2ffc481472c536/screenshot - {}
RESULT: {}
COMMAND: POST /session/211805a0db2825488b2ffc481472c536/element - {"using":"xpath","value":"//bdi[contains(@id ,\"BDI-content\")][contains(text(), \"Save\")]"}
RESULT: {"using":"xpath","value":"//bdi[contains(@id ,\"BDI-content\")][contains(text(), \"Save\")]"}
COMMAND: POST /session/211805a0db2825488b2ffc481472c536/element/f.B77A22107D10E5486A044045F14EEE7A.d.83CD31AFDD08A8FFC4FC74DFF6480366.e.6728/click - {}
RESULT: {}
COMMAND: GET /session/211805a0db2825488b2ffc481472c536/screenshot - {}
RESULT: {}
COMMAND: POST /session/211805a0db2825488b2ffc481472c536/element - {"using":"xpath","value":"(//span[contains(text(), \"Header Billing Items\")])[1]"}
RESULT: {"using":"xpath","value":"(//span[contains(text(), \"Header Billing Items\")])[1]"}
COMMAND: POST /session/211805a0db2825488b2ffc481472c536/element/f.B77A22107D10E5486A044045F14EEE7A.d.83CD31AFDD08A8FFC4FC74DFF6480366.e.6731/click - {}
RESULT: {}
COMMAND: GET /session/211805a0db2825488b2ffc481472c536/screenshot - {}
RESULT: {}
COMMAND: POST /session/211805a0db2825488b2ffc481472c536/execute/async - {"script":"<script> [1562 bytes]","args":[{"selector":{"controlType":"sap.m.ObjectStatus","viewName":"etm.portal.ui.managecontracts.view.Detail","bindingPath":{"path":"/SmartContractItems(CONTRACT='10508',ITEM=10m,SUB_ITEM=0m)","propertyPath":"STATUS"}},"wdio_ui5_key":"etmportal.ui.managecontracts.view.Detailsap.m.ObjectStatus{\"path\":\"/SmartContractItems(CONTRACT='10508',ITEM=10m,SUB_ITEM=0m)\",\"propertyPath\":\"STATUS\"}"}]}
RESULT: {"script":"<script> [1562 bytes]","args":[{"selector":{"controlType":"sap.m.ObjectStatus","viewName":"etm.portal.ui.managecontracts.view.Detail","bindingPath":{"path":"/SmartContractItems(CONTRACT='10508',ITEM=10m,SUB_ITEM=0m)","propertyPath":"STATUS"}},"wdio_ui5_key":"etmportal.ui.managecontracts.view.Detailsap.m.ObjectStatus{\"path\":\"/SmartContractItems(CONTRACT='10508',ITEM=10m,SUB_ITEM=0m)\",\"propertyPath\":\"STATUS\"}"}]}
RESULT: undefined
COMMAND: POST /session/211805a0db2825488b2ffc481472c536/execute/async - {"script":"<script> [6424 bytes]","args":[{"element-6066-11e4-a52e-4f735466cecf":"f.B77A22107D10E5486A044045F14EEE7A.d.83CD31AFDD08A8FFC4FC74DFF6480366.e.6737"},"getText",[]]}
RESULT: {"script":"<script> [6424 bytes]","args":[{"element-6066-11e4-a52e-4f735466cecf":"f.B77A22107D10E5486A044045F14EEE7A.d.83CD31AFDD08A8FFC4FC74DFF6480366.e.6737"},"getText",[]]}
COMMAND: POST /session/211805a0db2825488b2ffc481472c536/element - {"using":"css selector","value":"#shell-header-logo"}
RESULT: {"using":"css selector","value":"#shell-header-logo"}
COMMAND: POST /session/211805a0db2825488b2ffc481472c536/element/f.B77A22107D10E5486A044045F14EEE7A.d.83CD31AFDD08A8FFC4FC74DFF6480366.e.6445/click - {}
RESULT: {}
COMMAND: GET /session/211805a0db2825488b2ffc481472c536/screenshot - {}
RESULT: {}
COMMAND: POST /session/211805a0db2825488b2ffc481472c536/execute/async - {"script":"<script> [1562 bytes]","args":[{"selector":{"controlType":"sap.m.GenericTile","properties":{"header":"Manage Requests"}},"wdio_ui5_key":"sapm.GenericTile{\"header\":\"Manage Requests\"}"}]}
RESULT: {"script":"<script> [1562 bytes]","args":[{"selector":{"controlType":"sap.m.GenericTile","properties":{"header":"Manage Requests"}},"wdio_ui5_key":"sapm.GenericTile{\"header\":\"Manage Requests\"}"}]}
RESULT: undefined
COMMAND: POST /session/211805a0db2825488b2ffc481472c536/element - {"using":"xpath","value":"//*[@id=\"__tile47\"]"}
RESULT: {"using":"xpath","value":"//*[@id=\"__tile47\"]"}
COMMAND: POST /session/211805a0db2825488b2ffc481472c536/element/f.B77A22107D10E5486A044045F14EEE7A.d.83CD31AFDD08A8FFC4FC74DFF6480366.e.6752/click - {}
RESULT: {}
COMMAND: GET /session/211805a0db2825488b2ffc481472c536/screenshot - {}
RESULT: {}
COMMAND: POST /session/211805a0db2825488b2ffc481472c536/execute/async - {"script":"<script> [1562 bytes]","args":[{"selector":{"controlType":"sap.m.SearchField","viewName":"etm.portal.ui.managerequests.view.Master","bindingPath":{"path":"","propertyPath":"/_BASIC_SEARCH_FIELD","modelName":"fi1t3rM0d31"},"interaction":{"idSuffix":"I"}},"wdio_ui5_key":"etmportal.ui.managerequests.view.Mastersap.m.SearchField{\"path\":\"\",\"propertyPath\":\"/_BASIC_SEARCH_FIELD\",\"modelName\":\"fi1t3rM0d31\"}"}]}
RESULT: {"script":"<script> [1562 bytes]","args":[{"selector":{"controlType":"sap.m.SearchField","viewName":"etm.portal.ui.managerequests.view.Master","bindingPath":{"path":"","propertyPath":"/_BASIC_SEARCH_FIELD","modelName":"fi1t3rM0d31"},"interaction":{"idSuffix":"I"}},"wdio_ui5_key":"etmportal.ui.managerequests.view.Mastersap.m.SearchField{\"path\":\"\",\"propertyPath\":\"/_BASIC_SEARCH_FIELD\",\"modelName\":\"fi1t3rM0d31\"}"}]}
RESULT: undefined
COMMAND: POST /session/211805a0db2825488b2ffc481472c536/execute/async - {"script":"<script> [776 bytes]","args":[{"enterText":"20343","selector":{"controlType":"sap.m.SearchField","viewName":"etm.portal.ui.managerequests.view.Master","bindingPath":{"path":"","propertyPath":"/_BASIC_SEARCH_FIELD","modelName":"fi1t3rM0d31"},"interaction":{"idSuffix":"I"}},"clearTextFirst":true,"interactionType":"ENTER_TEXT"}]}
RESULT: {"script":"<script> [776 bytes]","args":[{"enterText":"20343","selector":{"controlType":"sap.m.SearchField","viewName":"etm.portal.ui.managerequests.view.Master","bindingPath":{"path":"","propertyPath":"/_BASIC_SEARCH_FIELD","modelName":"fi1t3rM0d31"},"interaction":{"idSuffix":"I"}},"clearTextFirst":true,"interactionType":"ENTER_TEXT"}]}
COMMAND: POST /session/211805a0db2825488b2ffc481472c536/actions - {"actions":[{"id":"action33","type":"key","parameters":{},"actions":[{"type":"keyDown","value":"î€‡"},{"type":"pause","duration":10},{"type":"keyUp","value":"î€‡"}]}]}
RESULT: {"actions":[{"id":"action33","type":"key","parameters":{},"actions":[{"type":"keyDown","value":"î€‡"},{"type":"pause","duration":10},{"type":"keyUp","value":"î€‡"}]}]}
COMMAND: GET /session/211805a0db2825488b2ffc481472c536/screenshot - {}
RESULT: {}
COMMAND: POST /session/211805a0db2825488b2ffc481472c536/execute/async - {"script":"<script> [1562 bytes]","args":[{"selector":{"controlType":"sap.m.Text","viewName":"etm.portal.ui.managerequests.view.Master","bindingPath":{"path":"/SmartManageRequests('20343')","propertyPath":"NO"}},"wdio_ui5_key":"etmportal.ui.managerequests.view.Mastersap.m.Text{\"path\":\"/SmartManageRequests('20343')\",\"propertyPath\":\"NO\"}"}]}
RESULT: {"script":"<script> [1562 bytes]","args":[{"selector":{"controlType":"sap.m.Text","viewName":"etm.portal.ui.managerequests.view.Master","bindingPath":{"path":"/SmartManageRequests('20343')","propertyPath":"NO"}},"wdio_ui5_key":"etmportal.ui.managerequests.view.Mastersap.m.Text{\"path\":\"/SmartManageRequests('20343')\",\"propertyPath\":\"NO\"}"}]}
RESULT: undefined
COMMAND: POST /session/211805a0db2825488b2ffc481472c536/element - {"using":"xpath","value":"//*[@id=\"__text463-__clone172\"]"}
RESULT: {"using":"xpath","value":"//*[@id=\"__text463-__clone172\"]"}
COMMAND: POST /session/211805a0db2825488b2ffc481472c536/element/f.B77A22107D10E5486A044045F14EEE7A.d.83CD31AFDD08A8FFC4FC74DFF6480366.e.6883/click - {}
RESULT: {}
COMMAND: GET /session/211805a0db2825488b2ffc481472c536/screenshot - {}
RESULT: {}
COMMAND: POST /session/211805a0db2825488b2ffc481472c536/execute/async - {"script":"<script> [1562 bytes]","args":[{"selector":{"controlType":"sap.ui.core.Icon","viewName":"etm.portal.ui.managerequests.view.Detail","properties":{"src":{"regex":{"source":"slim\\-arrow\\-up"}}}},"wdio_ui5_key":"etmportal.ui.managerequests.view.Detailsap.ui.core.Icon{\"src\":{\"regex\":{\"source\":\"slim\\\\-arrow\\\\-up\"}}}"}]}
RESULT: {"script":"<script> [1562 bytes]","args":[{"selector":{"controlType":"sap.ui.core.Icon","viewName":"etm.portal.ui.managerequests.view.Detail","properties":{"src":{"regex":{"source":"slim\\-arrow\\-up"}}}},"wdio_ui5_key":"etmportal.ui.managerequests.view.Detailsap.ui.core.Icon{\"src\":{\"regex\":{\"source\":\"slim\\\\-arrow\\\\-up\"}}}"}]}
RESULT: undefined
COMMAND: POST /session/211805a0db2825488b2ffc481472c536/element - {"using":"xpath","value":"//*[@id=\"__xmlview62--detailRequestPage-OPHeaderContent-collapseBtn-img\"]"}
RESULT: {"using":"xpath","value":"//*[@id=\"__xmlview62--detailRequestPage-OPHeaderContent-collapseBtn-img\"]"}
COMMAND: POST /session/211805a0db2825488b2ffc481472c536/element/f.B77A22107D10E5486A044045F14EEE7A.d.83CD31AFDD08A8FFC4FC74DFF6480366.e.7050/click - {}
RESULT: {}
COMMAND: GET /session/211805a0db2825488b2ffc481472c536/screenshot - {}
RESULT: {}
COMMAND: POST /session/211805a0db2825488b2ffc481472c536/execute/async - {"script":"<script> [1562 bytes]","args":[{"selector":{"controlType":"sap.m.Text","viewName":"etm.portal.ui.managerequests.view.Detail","bindingPath":{"path":"/SmartRequestItemsPlanningBoard(ITEM=20m,REQUEST='20343')","propertyPath":"STATUS_DESC"}},"wdio_ui5_key":"etmportal.ui.managerequests.view.Detailsap.m.Text{\"path\":\"/SmartRequestItemsPlanningBoard(ITEM=20m,REQUEST='20343')\",\"propertyPath\":\"STATUS_DESC\"}"}]}
RESULT: {"script":"<script> [1562 bytes]","args":[{"selector":{"controlType":"sap.m.Text","viewName":"etm.portal.ui.managerequests.view.Detail","bindingPath":{"path":"/SmartRequestItemsPlanningBoard(ITEM=20m,REQUEST='20343')","propertyPath":"STATUS_DESC"}},"wdio_ui5_key":"etmportal.ui.managerequests.view.Detailsap.m.Text{\"path\":\"/SmartRequestItemsPlanningBoard(ITEM=20m,REQUEST='20343')\",\"propertyPath\":\"STATUS_DESC\"}"}]}
RESULT: undefined
COMMAND: POST /session/211805a0db2825488b2ffc481472c536/execute/async - {"script":"<script> [6424 bytes]","args":[{"element-6066-11e4-a52e-4f735466cecf":"f.B77A22107D10E5486A044045F14EEE7A.d.83CD31AFDD08A8FFC4FC74DFF6480366.e.7091"},"getText",[]]}
RESULT: {"script":"<script> [6424 bytes]","args":[{"element-6066-11e4-a52e-4f735466cecf":"f.B77A22107D10E5486A044045F14EEE7A.d.83CD31AFDD08A8FFC4FC74DFF6480366.e.7091"},"getText",[]]}
COMMAND: POST /session/211805a0db2825488b2ffc481472c536/element - {"using":"css selector","value":"#shell-header-logo"}
RESULT: {"using":"css selector","value":"#shell-header-logo"}
COMMAND: POST /session/211805a0db2825488b2ffc481472c536/element/f.B77A22107D10E5486A044045F14EEE7A.d.83CD31AFDD08A8FFC4FC74DFF6480366.e.6757/click - {}
RESULT: {}
COMMAND: GET /session/211805a0db2825488b2ffc481472c536/screenshot - {}
RESULT: {}
]]></system-out>
    </testcase>
  </testsuite>
  <testsuite timestamp="2025-05-04T18:07:42" time="267.888" tests="4" failures="0" errors="0" skipped="0">
    <properties>
      <property name="specId" value="0" />
      <property name="suiteName" value="Standard contract close-reopen US111278" />
      <property name="capabilities" value="chrome.135_0_7049_96.windows" />
      <property name="file" value="file:///D:/a/1/s/test/specs/R2C/standard-contract-close-reopen.spec.js" />
    </properties>
    <testcase classname="chrome.135_0_7049_96.windows.Standard_contract_close-reopen_US111278" name="Should create a new contract and add an item" time="144.226">
      <system-out><![CDATA[
COMMAND: POST /session/211805a0db2825488b2ffc481472c536/execute/async - {"script":"<script> [1562 bytes]","args":[{"selector":{"controlType":"sap.m.Text","viewName":"etm.portal.ui.managecontractstile.view.Master","properties":{"text":"Manage Contracts"},"interaction":{"idSuffix":"inner"}},"wdio_ui5_key":"etmportal.ui.managecontractstile.view.Mastersap.m.Text{\"text\":\"Manage Contracts\"}"}]}
RESULT: {"script":"<script> [1562 bytes]","args":[{"selector":{"controlType":"sap.m.Text","viewName":"etm.portal.ui.managecontractstile.view.Master","properties":{"text":"Manage Contracts"},"interaction":{"idSuffix":"inner"}},"wdio_ui5_key":"etmportal.ui.managecontractstile.view.Mastersap.m.Text{\"text\":\"Manage Contracts\"}"}]}
RESULT: undefined
COMMAND: POST /session/211805a0db2825488b2ffc481472c536/element - {"using":"xpath","value":"//*[@id=\"__tile130-title\"]"}
RESULT: {"using":"xpath","value":"//*[@id=\"__tile130-title\"]"}
COMMAND: POST /session/211805a0db2825488b2ffc481472c536/element/f.B77A22107D10E5486A044045F14EEE7A.d.83CD31AFDD08A8FFC4FC74DFF6480366.e.7097/click - {}
RESULT: {}
COMMAND: GET /session/211805a0db2825488b2ffc481472c536/screenshot - {}
RESULT: {}
COMMAND: POST /session/211805a0db2825488b2ffc481472c536/element - {"using":"xpath","value":"//button[@data-kt=\"addButton\"]"}
RESULT: {"using":"xpath","value":"//button[@data-kt=\"addButton\"]"}
COMMAND: POST /session/211805a0db2825488b2ffc481472c536/element/f.B77A22107D10E5486A044045F14EEE7A.d.83CD31AFDD08A8FFC4FC74DFF6480366.e.7167/click - {}
RESULT: {}
COMMAND: GET /session/211805a0db2825488b2ffc481472c536/screenshot - {}
RESULT: {}
COMMAND: POST /session/211805a0db2825488b2ffc481472c536/execute/async - {"script":"<script> [1562 bytes]","args":[{"selector":{"id":"application-managecontracts-display-component---AddNewContract--projectDescription","interaction":{"idSuffix":"inner"}},"wdio_ui5_key":"applicationmanagecontracts-display-component---AddNewContract--projectDescription"}]}
RESULT: {"script":"<script> [1562 bytes]","args":[{"selector":{"id":"application-managecontracts-display-component---AddNewContract--projectDescription","interaction":{"idSuffix":"inner"}},"wdio_ui5_key":"applicationmanagecontracts-display-component---AddNewContract--projectDescription"}]}
RESULT: undefined
COMMAND: POST /session/211805a0db2825488b2ffc481472c536/execute/async - {"script":"<script> [776 bytes]","args":[{"enterText":"WdIOR2crjl2ci","selector":{"id":"application-managecontracts-display-component---AddNewContract--projectDescription","interaction":{"idSuffix":"inner"}},"clearTextFirst":true,"interactionType":"ENTER_TEXT"}]}
RESULT: {"script":"<script> [776 bytes]","args":[{"enterText":"WdIOR2crjl2ci","selector":{"id":"application-managecontracts-display-component---AddNewContract--projectDescription","interaction":{"idSuffix":"inner"}},"clearTextFirst":true,"interactionType":"ENTER_TEXT"}]}
COMMAND: POST /session/211805a0db2825488b2ffc481472c536/element - {"using":"xpath","value":"//input[@id=\"application-managecontracts-display-component---AddNewContract--yardId-inner\"]"}
RESULT: {"using":"xpath","value":"//input[@id=\"application-managecontracts-display-component---AddNewContract--yardId-inner\"]"}
COMMAND: POST /session/211805a0db2825488b2ffc481472c536/element/f.B77A22107D10E5486A044045F14EEE7A.d.83CD31AFDD08A8FFC4FC74DFF6480366.e.7549/clear - {}
RESULT: {}
COMMAND: POST /session/211805a0db2825488b2ffc481472c536/element/f.B77A22107D10E5486A044045F14EEE7A.d.83CD31AFDD08A8FFC4FC74DFF6480366.e.7549/value - {"text":"WebdriverYard16x1lg"}
COMMAND: GET /session/211805a0db2825488b2ffc481472c536/screenshot - {}
RESULT: {"text":"WebdriverYard16x1lg"}
COMMAND: GET /session/211805a0db2825488b2ffc481472c536/screenshot - {}
RESULT: {}
RESULT: {}
COMMAND: POST /session/211805a0db2825488b2ffc481472c536/actions - {"actions":[{"id":"action34","type":"key","parameters":{},"actions":[{"type":"keyDown","value":"î€‡"},{"type":"pause","duration":10},{"type":"keyUp","value":"î€‡"}]}]}
RESULT: {"actions":[{"id":"action34","type":"key","parameters":{},"actions":[{"type":"keyDown","value":"î€‡"},{"type":"pause","duration":10},{"type":"keyUp","value":"î€‡"}]}]}
COMMAND: GET /session/211805a0db2825488b2ffc481472c536/screenshot - {}
RESULT: {}
COMMAND: POST /session/211805a0db2825488b2ffc481472c536/element - {"using":"xpath","value":"//input[@id=\"application-managecontracts-display-component---AddNewContract--customerSelect-inner\"]"}
RESULT: {"using":"xpath","value":"//input[@id=\"application-managecontracts-display-component---AddNewContract--customerSelect-inner\"]"}
COMMAND: POST /session/211805a0db2825488b2ffc481472c536/element/f.B77A22107D10E5486A044045F14EEE7A.d.83CD31AFDD08A8FFC4FC74DFF6480366.e.7547/clear - {}
RESULT: {}
COMMAND: POST /session/211805a0db2825488b2ffc481472c536/element/f.B77A22107D10E5486A044045F14EEE7A.d.83CD31AFDD08A8FFC4FC74DFF6480366.e.7547/value - {"text":"WebdriverPartnervz4mx"}
COMMAND: GET /session/211805a0db2825488b2ffc481472c536/screenshot - {}
RESULT: {"text":"WebdriverPartnervz4mx"}
COMMAND: GET /session/211805a0db2825488b2ffc481472c536/screenshot - {}
RESULT: {}
RESULT: {}
COMMAND: POST /session/211805a0db2825488b2ffc481472c536/actions - {"actions":[{"id":"action35","type":"key","parameters":{},"actions":[{"type":"keyDown","value":"î€‡"},{"type":"pause","duration":10},{"type":"keyUp","value":"î€‡"}]}]}
RESULT: {"actions":[{"id":"action35","type":"key","parameters":{},"actions":[{"type":"keyDown","value":"î€‡"},{"type":"pause","duration":10},{"type":"keyUp","value":"î€‡"}]}]}
COMMAND: GET /session/211805a0db2825488b2ffc481472c536/screenshot - {}
RESULT: {}
COMMAND: POST /session/211805a0db2825488b2ffc481472c536/element - {"using":"xpath","value":"//input[@id=\"application-managecontracts-display-component---AddNewContract--site-inner\"]"}
RESULT: {"using":"xpath","value":"//input[@id=\"application-managecontracts-display-component---AddNewContract--site-inner\"]"}
COMMAND: POST /session/211805a0db2825488b2ffc481472c536/element/f.B77A22107D10E5486A044045F14EEE7A.d.83CD31AFDD08A8FFC4FC74DFF6480366.e.7548/clear - {}
RESULT: {}
COMMAND: POST /session/211805a0db2825488b2ffc481472c536/element/f.B77A22107D10E5486A044045F14EEE7A.d.83CD31AFDD08A8FFC4FC74DFF6480366.e.7548/value - {"text":"WebdriverSiteej9jg"}
COMMAND: GET /session/211805a0db2825488b2ffc481472c536/screenshot - {}
RESULT: {"text":"WebdriverSiteej9jg"}
COMMAND: GET /session/211805a0db2825488b2ffc481472c536/screenshot - {}
RESULT: {}
RESULT: {}
COMMAND: POST /session/211805a0db2825488b2ffc481472c536/actions - {"actions":[{"id":"action36","type":"key","parameters":{},"actions":[{"type":"keyDown","value":"î€‡"},{"type":"pause","duration":10},{"type":"keyUp","value":"î€‡"}]}]}
RESULT: {"actions":[{"id":"action36","type":"key","parameters":{},"actions":[{"type":"keyDown","value":"î€‡"},{"type":"pause","duration":10},{"type":"keyUp","value":"î€‡"}]}]}
COMMAND: GET /session/211805a0db2825488b2ffc481472c536/screenshot - {}
COMMAND: POST /session/211805a0db2825488b2ffc481472c536/element - {"using":"xpath","value":"//button[@data-kt=\"saveButton\"]"}
RESULT: {}
RESULT: {"using":"xpath","value":"//button[@data-kt=\"saveButton\"]"}
COMMAND: POST /session/211805a0db2825488b2ffc481472c536/element/f.B77A22107D10E5486A044045F14EEE7A.d.83CD31AFDD08A8FFC4FC74DFF6480366.e.7562/click - {}
RESULT: {}
COMMAND: GET /session/211805a0db2825488b2ffc481472c536/screenshot - {}
RESULT: {}
COMMAND: POST /session/211805a0db2825488b2ffc481472c536/execute/async - {"script":"<script> [1562 bytes]","args":[{"selector":{"id":"contractDetailTitleNoExpanded","viewName":"etm.portal.ui.managecontracts.view.Detail"},"wdio_ui5_key":"contractDetailTitleNoExpandedetmportal.ui.managecontracts.view.Detail"}]}
RESULT: {"script":"<script> [1562 bytes]","args":[{"selector":{"id":"contractDetailTitleNoExpanded","viewName":"etm.portal.ui.managecontracts.view.Detail"},"wdio_ui5_key":"contractDetailTitleNoExpandedetmportal.ui.managecontracts.view.Detail"}]}
RESULT: undefined
COMMAND: POST /session/211805a0db2825488b2ffc481472c536/execute/async - {"script":"<script> [6424 bytes]","args":[{"element-6066-11e4-a52e-4f735466cecf":"f.B77A22107D10E5486A044045F14EEE7A.d.83CD31AFDD08A8FFC4FC74DFF6480366.e.7584"},"getText",[]]}
RESULT: {"script":"<script> [6424 bytes]","args":[{"element-6066-11e4-a52e-4f735466cecf":"f.B77A22107D10E5486A044045F14EEE7A.d.83CD31AFDD08A8FFC4FC74DFF6480366.e.7584"},"getText",[]]}
COMMAND: POST /session/211805a0db2825488b2ffc481472c536/execute/async - {"script":"<script> [1562 bytes]","args":[{"selector":{"id":"closeContractBtn","viewName":"etm.portal.ui.managecontracts.view.Detail"},"wdio_ui5_key":"closeContractBtnetmportal.ui.managecontracts.view.Detail"}]}
RESULT: {"script":"<script> [1562 bytes]","args":[{"selector":{"id":"closeContractBtn","viewName":"etm.portal.ui.managecontracts.view.Detail"},"wdio_ui5_key":"closeContractBtnetmportal.ui.managecontracts.view.Detail"}]}
RESULT: undefined
COMMAND: POST /session/211805a0db2825488b2ffc481472c536/execute/async - {"script":"<script> [6424 bytes]","args":[{"element-6066-11e4-a52e-4f735466cecf":"f.B77A22107D10E5486A044045F14EEE7A.d.83CD31AFDD08A8FFC4FC74DFF6480366.e.7585"},"getEnabled",[]]}
RESULT: {"script":"<script> [6424 bytes]","args":[{"element-6066-11e4-a52e-4f735466cecf":"f.B77A22107D10E5486A044045F14EEE7A.d.83CD31AFDD08A8FFC4FC74DFF6480366.e.7585"},"getEnabled",[]]}
COMMAND: POST /session/211805a0db2825488b2ffc481472c536/element - {"using":"xpath","value":"//button[@data-kt=\"contractDetailEditBtnButton\"]"}
RESULT: {"using":"xpath","value":"//button[@data-kt=\"contractDetailEditBtnButton\"]"}
COMMAND: POST /session/211805a0db2825488b2ffc481472c536/element/f.B77A22107D10E5486A044045F14EEE7A.d.83CD31AFDD08A8FFC4FC74DFF6480366.e.7586/click - {}
RESULT: {}
COMMAND: GET /session/211805a0db2825488b2ffc481472c536/screenshot - {}
RESULT: {}
COMMAND: POST /session/211805a0db2825488b2ffc481472c536/element - {"using":"xpath","value":"(//span[contains(text(), \"Additional Addresses\")])[2]"}
RESULT: {"using":"xpath","value":"(//span[contains(text(), \"Additional Addresses\")])[2]"}
COMMAND: POST /session/211805a0db2825488b2ffc481472c536/element/f.B77A22107D10E5486A044045F14EEE7A.d.83CD31AFDD08A8FFC4FC74DFF6480366.e.7644/click - {}
RESULT: {}
COMMAND: GET /session/211805a0db2825488b2ffc481472c536/screenshot - {}
RESULT: {}
COMMAND: POST /session/211805a0db2825488b2ffc481472c536/element - {"using":"xpath","value":"//button[@data-kt=\"btnAddTableRowOverflowToolbarButton\"]"}
RESULT: {"using":"xpath","value":"//button[@data-kt=\"btnAddTableRowOverflowToolbarButton\"]"}
COMMAND: POST /session/211805a0db2825488b2ffc481472c536/element/f.B77A22107D10E5486A044045F14EEE7A.d.83CD31AFDD08A8FFC4FC74DFF6480366.e.7646/click - {}
RESULT: {}
COMMAND: GET /session/211805a0db2825488b2ffc481472c536/screenshot - {}
RESULT: {}
COMMAND: POST /session/211805a0db2825488b2ffc481472c536/element - {"using":"xpath","value":"//div[(text() = 'Standard Entry' or . = 'Standard Entry')]"}
RESULT: {"using":"xpath","value":"//div[(text() = 'Standard Entry' or . = 'Standard Entry')]"}
COMMAND: POST /session/211805a0db2825488b2ffc481472c536/element/f.B77A22107D10E5486A044045F14EEE7A.d.83CD31AFDD08A8FFC4FC74DFF6480366.e.7648/click - {}
RESULT: {}
COMMAND: POST /session/211805a0db2825488b2ffc481472c536/element - {"using":"xpath","value":"//td[6]/div/div/input[1]"}
COMMAND: GET /session/211805a0db2825488b2ffc481472c536/screenshot - {}
RESULT: {"using":"xpath","value":"//td[6]/div/div/input[1]"}
COMMAND: POST /session/211805a0db2825488b2ffc481472c536/element/f.B77A22107D10E5486A044045F14EEE7A.d.83CD31AFDD08A8FFC4FC74DFF6480366.e.7650/click - {}
RESULT: {}
RESULT: {}
COMMAND: POST /session/211805a0db2825488b2ffc481472c536/actions - {"actions":[{"id":"action37","type":"key","parameters":{},"actions":[{"type":"keyDown","value":"î€ƒ"},{"type":"pause","duration":10},{"type":"keyUp","value":"î€ƒ"}]}]}
COMMAND: GET /session/211805a0db2825488b2ffc481472c536/screenshot - {}
RESULT: {"actions":[{"id":"action37","type":"key","parameters":{},"actions":[{"type":"keyDown","value":"î€ƒ"},{"type":"pause","duration":10},{"type":"keyUp","value":"î€ƒ"}]}]}
COMMAND: POST /session/211805a0db2825488b2ffc481472c536/element - {"using":"xpath","value":"//td[6]/div/div/input[1]"}
COMMAND: GET /session/211805a0db2825488b2ffc481472c536/screenshot - {}
RESULT: {}
RESULT: {"using":"xpath","value":"//td[6]/div/div/input[1]"}
COMMAND: POST /session/211805a0db2825488b2ffc481472c536/element/f.B77A22107D10E5486A044045F14EEE7A.d.83CD31AFDD08A8FFC4FC74DFF6480366.e.7650/clear - {}
RESULT: {}
RESULT: {}
COMMAND: POST /session/211805a0db2825488b2ffc481472c536/element/f.B77A22107D10E5486A044045F14EEE7A.d.83CD31AFDD08A8FFC4FC74DFF6480366.e.7650/value - {"text":"Material"}
COMMAND: GET /session/211805a0db2825488b2ffc481472c536/screenshot - {}
RESULT: {"text":"Material"}
COMMAND: GET /session/211805a0db2825488b2ffc481472c536/screenshot - {}
RESULT: {}
RESULT: {}
COMMAND: POST /session/211805a0db2825488b2ffc481472c536/actions - {"actions":[{"id":"action38","type":"key","parameters":{},"actions":[{"type":"keyDown","value":"î€‡"},{"type":"pause","duration":10},{"type":"keyUp","value":"î€‡"}]}]}
RESULT: {"actions":[{"id":"action38","type":"key","parameters":{},"actions":[{"type":"keyDown","value":"î€‡"},{"type":"pause","duration":10},{"type":"keyUp","value":"î€‡"}]}]}
COMMAND: GET /session/211805a0db2825488b2ffc481472c536/screenshot - {}
RESULT: {}
COMMAND: POST /session/211805a0db2825488b2ffc481472c536/actions - {"actions":[{"id":"action39","type":"key","parameters":{},"actions":[{"type":"keyDown","value":"î€‡"},{"type":"pause","duration":10},{"type":"keyUp","value":"î€‡"}]}]}
RESULT: {"actions":[{"id":"action39","type":"key","parameters":{},"actions":[{"type":"keyDown","value":"î€‡"},{"type":"pause","duration":10},{"type":"keyUp","value":"î€‡"}]}]}
COMMAND: POST /session/211805a0db2825488b2ffc481472c536/element - {"using":"xpath","value":"//td[7]/div/div/input"}
COMMAND: GET /session/211805a0db2825488b2ffc481472c536/screenshot - {}
RESULT: {"using":"xpath","value":"//td[7]/div/div/input"}
COMMAND: POST /session/211805a0db2825488b2ffc481472c536/element/f.B77A22107D10E5486A044045F14EEE7A.d.83CD31AFDD08A8FFC4FC74DFF6480366.e.7663/clear - {}
RESULT: {}
RESULT: {}
COMMAND: POST /session/211805a0db2825488b2ffc481472c536/element/f.B77A22107D10E5486A044045F14EEE7A.d.83CD31AFDD08A8FFC4FC74DFF6480366.e.7663/value - {"text":"WebdriverRUR2Clgqlgf"}
COMMAND: GET /session/211805a0db2825488b2ffc481472c536/screenshot - {}
RESULT: {"text":"WebdriverRUR2Clgqlgf"}
COMMAND: GET /session/211805a0db2825488b2ffc481472c536/screenshot - {}
RESULT: {}
RESULT: {}
COMMAND: POST /session/211805a0db2825488b2ffc481472c536/actions - {"actions":[{"id":"action40","type":"key","parameters":{},"actions":[{"type":"keyDown","value":"î€‡"},{"type":"pause","duration":10},{"type":"keyUp","value":"î€‡"}]}]}
RESULT: {"actions":[{"id":"action40","type":"key","parameters":{},"actions":[{"type":"keyDown","value":"î€‡"},{"type":"pause","duration":10},{"type":"keyUp","value":"î€‡"}]}]}
COMMAND: GET /session/211805a0db2825488b2ffc481472c536/screenshot - {}
RESULT: {}
COMMAND: POST /session/211805a0db2825488b2ffc481472c536/actions - {"actions":[{"id":"action41","type":"key","parameters":{},"actions":[{"type":"keyDown","value":"î€‡"},{"type":"pause","duration":10},{"type":"keyUp","value":"î€‡"}]}]}
RESULT: {"actions":[{"id":"action41","type":"key","parameters":{},"actions":[{"type":"keyDown","value":"î€‡"},{"type":"pause","duration":10},{"type":"keyUp","value":"î€‡"}]}]}
COMMAND: GET /session/211805a0db2825488b2ffc481472c536/screenshot - {}
RESULT: {}
COMMAND: POST /session/211805a0db2825488b2ffc481472c536/element - {"using":"xpath","value":"(//button[@data-kt=\"saveButton\"])[2]"}
RESULT: {"using":"xpath","value":"(//button[@data-kt=\"saveButton\"])[2]"}
COMMAND: POST /session/211805a0db2825488b2ffc481472c536/element/f.B77A22107D10E5486A044045F14EEE7A.d.83CD31AFDD08A8FFC4FC74DFF6480366.e.7689/click - {}
RESULT: {}
COMMAND: GET /session/211805a0db2825488b2ffc481472c536/screenshot - {}
RESULT: {}
]]></system-out>
    </testcase>
    <testcase classname="chrome.135_0_7049_96.windows.Standard_contract_close-reopen_US111278" name="It should close the contract" time="24.355">
      <system-out><![CDATA[
RESULT: undefined
COMMAND: POST /session/211805a0db2825488b2ffc481472c536/element - {"using":"xpath","value":"//*[@id=\"__xmlview64--closeContractBtn\"]"}
RESULT: {"using":"xpath","value":"//*[@id=\"__xmlview64--closeContractBtn\"]"}
COMMAND: POST /session/211805a0db2825488b2ffc481472c536/element/f.B77A22107D10E5486A044045F14EEE7A.d.83CD31AFDD08A8FFC4FC74DFF6480366.e.7585/click - {}
RESULT: {}
COMMAND: GET /session/211805a0db2825488b2ffc481472c536/screenshot - {}
RESULT: {}
COMMAND: POST /session/211805a0db2825488b2ffc481472c536/element - {"using":"xpath","value":"//span[contains(text(), \"Do you want to close the whole contract?\")]"}
RESULT: {"using":"xpath","value":"//span[contains(text(), \"Do you want to close the whole contract?\")]"}
COMMAND: POST /session/211805a0db2825488b2ffc481472c536/execute/sync - {"script":"<script> [8489 bytes]","args":[{"element-6066-11e4-a52e-4f735466cecf":"f.B77A22107D10E5486A044045F14EEE7A.d.83CD31AFDD08A8FFC4FC74DFF6480366.e.7693","ELEMENT":"f.B77A22107D10E5486A044045F14EEE7A.d.83CD31AFDD08A8FFC4FC74DFF6480366.e.7693"}]}
RESULT: {"script":"<script> [8489 bytes]","args":[{"element-6066-11e4-a52e-4f735466cecf":"f.B77A22107D10E5486A044045F14EEE7A.d.83CD31AFDD08A8FFC4FC74DFF6480366.e.7693","ELEMENT":"f.B77A22107D10E5486A044045F14EEE7A.d.83CD31AFDD08A8FFC4FC74DFF6480366.e.7693"}]}
COMMAND: POST /session/211805a0db2825488b2ffc481472c536/element - {"using":"xpath","value":"//bdi[contains(text(), \"OK\")]"}
COMMAND: GET /session/211805a0db2825488b2ffc481472c536/screenshot - {}
RESULT: {"using":"xpath","value":"//bdi[contains(text(), \"OK\")]"}
COMMAND: POST /session/211805a0db2825488b2ffc481472c536/element/f.B77A22107D10E5486A044045F14EEE7A.d.83CD31AFDD08A8FFC4FC74DFF6480366.e.7694/click - {}
RESULT: {}
RESULT: {}
COMMAND: GET /session/211805a0db2825488b2ffc481472c536/screenshot - {}
RESULT: {}
COMMAND: POST /session/211805a0db2825488b2ffc481472c536/element - {"using":"xpath","value":"//input[contains(@id ,\"smartContractFilterBar-btnBasicSearch-I\")]"}
RESULT: {"using":"xpath","value":"//input[contains(@id ,\"smartContractFilterBar-btnBasicSearch-I\")]"}
COMMAND: POST /session/211805a0db2825488b2ffc481472c536/element/f.B77A22107D10E5486A044045F14EEE7A.d.83CD31AFDD08A8FFC4FC74DFF6480366.e.7103/clear - {}
RESULT: {}
COMMAND: POST /session/211805a0db2825488b2ffc481472c536/element/f.B77A22107D10E5486A044045F14EEE7A.d.83CD31AFDD08A8FFC4FC74DFF6480366.e.7103/value - {"text":"10510"}
COMMAND: GET /session/211805a0db2825488b2ffc481472c536/screenshot - {}
RESULT: {"text":"10510"}
COMMAND: POST /session/211805a0db2825488b2ffc481472c536/actions - {"actions":[{"id":"action42","type":"key","parameters":{},"actions":[{"type":"keyDown","value":"î€‡"},{"type":"pause","duration":10},{"type":"keyUp","value":"î€‡"}]}]}
COMMAND: GET /session/211805a0db2825488b2ffc481472c536/screenshot - {}
RESULT: {}
RESULT: {"actions":[{"id":"action42","type":"key","parameters":{},"actions":[{"type":"keyDown","value":"î€‡"},{"type":"pause","duration":10},{"type":"keyUp","value":"î€‡"}]}]}
COMMAND: GET /session/211805a0db2825488b2ffc481472c536/screenshot - {}
RESULT: {}
RESULT: {}
COMMAND: POST /session/211805a0db2825488b2ffc481472c536/execute/async - {"script":"<script> [1562 bytes]","args":[{"selector":{"controlType":"sap.ui.core.Icon","viewName":"etm.portal.ui.managecontracts.view.Master","properties":{"src":{"regex":{"source":"slim\\-arrow\\-right"}}}},"wdio_ui5_key":"etmportal.ui.managecontracts.view.Mastersap.ui.core.Icon{\"src\":{\"regex\":{\"source\":\"slim\\\\-arrow\\\\-right\"}}}"}]}
RESULT: {"script":"<script> [1562 bytes]","args":[{"selector":{"controlType":"sap.ui.core.Icon","viewName":"etm.portal.ui.managecontracts.view.Master","properties":{"src":{"regex":{"source":"slim\\-arrow\\-right"}}}},"wdio_ui5_key":"etmportal.ui.managecontracts.view.Mastersap.ui.core.Icon{\"src\":{\"regex\":{\"source\":\"slim\\\\-arrow\\\\-right\"}}}"}]}
RESULT: undefined
COMMAND: POST /session/211805a0db2825488b2ffc481472c536/element - {"using":"xpath","value":"//*[@id=\"__item132-__clone5640-imgNav\"]"}
RESULT: {"using":"xpath","value":"//*[@id=\"__item132-__clone5640-imgNav\"]"}
COMMAND: POST /session/211805a0db2825488b2ffc481472c536/element/f.B77A22107D10E5486A044045F14EEE7A.d.83CD31AFDD08A8FFC4FC74DFF6480366.e.7901/click - {}
RESULT: {}
COMMAND: POST /session/211805a0db2825488b2ffc481472c536/execute/async - {"script":"<script> [1562 bytes]","args":[{"selector":{"controlType":"sap.m.ObjectStatus","viewName":"etm.portal.ui.managecontracts.view.Detail","bindingPath":{"propertyPath":"LINK_TO_LOGISTICAL_STATUS/DESCRIPTION","modelName":"catalogModel"}},"wdio_ui5_key":"etmportal.ui.managecontracts.view.Detailsap.m.ObjectStatus{\"propertyPath\":\"LINK_TO_LOGISTICAL_STATUS/DESCRIPTION\",\"modelName\":\"catalogModel\"}"}]}
COMMAND: GET /session/211805a0db2825488b2ffc481472c536/screenshot - {}
RESULT: {"script":"<script> [1562 bytes]","args":[{"selector":{"controlType":"sap.m.ObjectStatus","viewName":"etm.portal.ui.managecontracts.view.Detail","bindingPath":{"propertyPath":"LINK_TO_LOGISTICAL_STATUS/DESCRIPTION","modelName":"catalogModel"}},"wdio_ui5_key":"etmportal.ui.managecontracts.view.Detailsap.m.ObjectStatus{\"propertyPath\":\"LINK_TO_LOGISTICAL_STATUS/DESCRIPTION\",\"modelName\":\"catalogModel\"}"}]}
RESULT: undefined
COMMAND: POST /session/211805a0db2825488b2ffc481472c536/execute/async - {"script":"<script> [6424 bytes]","args":[{"element-6066-11e4-a52e-4f735466cecf":"f.B77A22107D10E5486A044045F14EEE7A.d.83CD31AFDD08A8FFC4FC74DFF6480366.e.7944"},"getText",[]]}
RESULT: {}
RESULT: {"script":"<script> [6424 bytes]","args":[{"element-6066-11e4-a52e-4f735466cecf":"f.B77A22107D10E5486A044045F14EEE7A.d.83CD31AFDD08A8FFC4FC74DFF6480366.e.7944"},"getText",[]]}
]]></system-out>
    </testcase>
    <testcase classname="chrome.135_0_7049_96.windows.Standard_contract_close-reopen_US111278" name="Should reopen the contract" time="10.691">
      <system-out><![CDATA[
COMMAND: POST /session/211805a0db2825488b2ffc481472c536/execute/async - {"script":"<script> [1562 bytes]","args":[{"selector":{"id":"openContractBtn","viewName":"etm.portal.ui.managecontracts.view.Detail"},"wdio_ui5_key":"openContractBtnetmportal.ui.managecontracts.view.Detail"}]}
RESULT: {"script":"<script> [1562 bytes]","args":[{"selector":{"id":"openContractBtn","viewName":"etm.portal.ui.managecontracts.view.Detail"},"wdio_ui5_key":"openContractBtnetmportal.ui.managecontracts.view.Detail"}]}
RESULT: undefined
COMMAND: POST /session/211805a0db2825488b2ffc481472c536/execute/async - {"script":"<script> [6424 bytes]","args":[{"element-6066-11e4-a52e-4f735466cecf":"f.B77A22107D10E5486A044045F14EEE7A.d.83CD31AFDD08A8FFC4FC74DFF6480366.e.7923"},"getEnabled",[]]}
RESULT: {"script":"<script> [6424 bytes]","args":[{"element-6066-11e4-a52e-4f735466cecf":"f.B77A22107D10E5486A044045F14EEE7A.d.83CD31AFDD08A8FFC4FC74DFF6480366.e.7923"},"getEnabled",[]]}
COMMAND: POST /session/211805a0db2825488b2ffc481472c536/element - {"using":"xpath","value":"//bdi[contains(text(), \"Edit\")]"}
RESULT: {"using":"xpath","value":"//bdi[contains(text(), \"Edit\")]"}
COMMAND: POST /session/211805a0db2825488b2ffc481472c536/element - {"using":"xpath","value":"//bdi[contains(text(), \"Edit\")]"}
RESULT: undefined
COMMAND: POST /session/211805a0db2825488b2ffc481472c536/element - {"using":"xpath","value":"//*[@id=\"__xmlview64--openContractBtn\"]"}
RESULT: {"using":"xpath","value":"//bdi[contains(text(), \"Edit\")]"}
RESULT: {"using":"xpath","value":"//*[@id=\"__xmlview64--openContractBtn\"]"}
COMMAND: POST /session/211805a0db2825488b2ffc481472c536/element/f.B77A22107D10E5486A044045F14EEE7A.d.83CD31AFDD08A8FFC4FC74DFF6480366.e.7923/click - {}
RESULT: {}
COMMAND: POST /session/211805a0db2825488b2ffc481472c536/execute/async - {"script":"<script> [1562 bytes]","args":[{"selector":{"controlType":"sap.m.Text","properties":{"text":"Contract has been reopened successfully"},"searchOpenDialogs":true},"wdio_ui5_key":"sapm.Text{\"text\":\"Contract has been reopened successfully\"}"}]}
COMMAND: GET /session/211805a0db2825488b2ffc481472c536/screenshot - {}
RESULT: {"script":"<script> [1562 bytes]","args":[{"selector":{"controlType":"sap.m.Text","properties":{"text":"Contract has been reopened successfully"},"searchOpenDialogs":true},"wdio_ui5_key":"sapm.Text{\"text\":\"Contract has been reopened successfully\"}"}]}
RESULT: undefined
COMMAND: POST /session/211805a0db2825488b2ffc481472c536/execute/async - {"script":"<script> [6424 bytes]","args":[{"element-6066-11e4-a52e-4f735466cecf":"f.B77A22107D10E5486A044045F14EEE7A.d.83CD31AFDD08A8FFC4FC74DFF6480366.e.7946"},"getText",[]]}
RESULT: {}
RESULT: {"script":"<script> [6424 bytes]","args":[{"element-6066-11e4-a52e-4f735466cecf":"f.B77A22107D10E5486A044045F14EEE7A.d.83CD31AFDD08A8FFC4FC74DFF6480366.e.7946"},"getText",[]]}
COMMAND: POST /session/211805a0db2825488b2ffc481472c536/element - {"using":"xpath","value":"//bdi[contains(text(), \"OK\")]"}
RESULT: {"using":"xpath","value":"//bdi[contains(text(), \"OK\")]"}
COMMAND: POST /session/211805a0db2825488b2ffc481472c536/element/f.B77A22107D10E5486A044045F14EEE7A.d.83CD31AFDD08A8FFC4FC74DFF6480366.e.7948/click - {}
RESULT: {}
COMMAND: GET /session/211805a0db2825488b2ffc481472c536/screenshot - {}
RESULT: {}
COMMAND: POST /session/211805a0db2825488b2ffc481472c536/element - {"using":"xpath","value":"//bdi[contains(text(), \"Edit\")]"}
RESULT: undefined
COMMAND: POST /session/211805a0db2825488b2ffc481472c536/execute/async - {"script":"<script> [6424 bytes]","args":[{"element-6066-11e4-a52e-4f735466cecf":"f.B77A22107D10E5486A044045F14EEE7A.d.83CD31AFDD08A8FFC4FC74DFF6480366.e.7585"},"getEnabled",[]]}
RESULT: {"using":"xpath","value":"//bdi[contains(text(), \"Edit\")]"}
COMMAND: POST /session/211805a0db2825488b2ffc481472c536/execute/sync - {"script":"<script> [8489 bytes]","args":[{"element-6066-11e4-a52e-4f735466cecf":"f.B77A22107D10E5486A044045F14EEE7A.d.83CD31AFDD08A8FFC4FC74DFF6480366.e.7949","ELEMENT":"f.B77A22107D10E5486A044045F14EEE7A.d.83CD31AFDD08A8FFC4FC74DFF6480366.e.7949"}]}
COMMAND: POST /session/211805a0db2825488b2ffc481472c536/execute/async - {"script":"<script> [1562 bytes]","args":[{"selector":{"id":"closeContractBtn","viewName":"etm.portal.ui.managecontracts.view.Detail"},"wdio_ui5_key":"closeContractBtnetmportal.ui.managecontracts.view.Detail"}]}
RESULT: {"script":"<script> [8489 bytes]","args":[{"element-6066-11e4-a52e-4f735466cecf":"f.B77A22107D10E5486A044045F14EEE7A.d.83CD31AFDD08A8FFC4FC74DFF6480366.e.7949","ELEMENT":"f.B77A22107D10E5486A044045F14EEE7A.d.83CD31AFDD08A8FFC4FC74DFF6480366.e.7949"}]}
COMMAND: GET /session/211805a0db2825488b2ffc481472c536/screenshot - {}
RESULT: {"script":"<script> [1562 bytes]","args":[{"selector":{"id":"closeContractBtn","viewName":"etm.portal.ui.managecontracts.view.Detail"},"wdio_ui5_key":"closeContractBtnetmportal.ui.managecontracts.view.Detail"}]}
COMMAND: POST /session/211805a0db2825488b2ffc481472c536/execute/async - {"script":"<script> [6424 bytes]","args":[{"element-6066-11e4-a52e-4f735466cecf":"f.B77A22107D10E5486A044045F14EEE7A.d.83CD31AFDD08A8FFC4FC74DFF6480366.e.7950"},"getEnabled",[]]}
RESULT: {}
RESULT: {"script":"<script> [6424 bytes]","args":[{"element-6066-11e4-a52e-4f735466cecf":"f.B77A22107D10E5486A044045F14EEE7A.d.83CD31AFDD08A8FFC4FC74DFF6480366.e.7950"},"getEnabled",[]]}
]]></system-out>
    </testcase>
    <testcase classname="chrome.135_0_7049_96.windows.Standard_contract_close-reopen_US111278" name="Should verify for multiple statuses that open button is not visible" time="84.804">
      <system-out><![CDATA[
COMMAND: POST /session/211805a0db2825488b2ffc481472c536/execute/async - {"script":"<script> [1562 bytes]","args":[{"selector":{"controlType":"sap.ui.core.Icon","viewName":"etm.portal.ui.managecontracts.view.Detail","properties":{"src":{"regex":{"source":"decline"}}}},"wdio_ui5_key":"etmportal.ui.managecontracts.view.Detailsap.ui.core.Icon{\"src\":{\"regex\":{\"source\":\"decline\"}}}"}]}
RESULT: {"script":"<script> [1562 bytes]","args":[{"selector":{"controlType":"sap.ui.core.Icon","viewName":"etm.portal.ui.managecontracts.view.Detail","properties":{"src":{"regex":{"source":"decline"}}}},"wdio_ui5_key":"etmportal.ui.managecontracts.view.Detailsap.ui.core.Icon{\"src\":{\"regex\":{\"source\":\"decline\"}}}"}]}
RESULT: undefined
COMMAND: POST /session/211805a0db2825488b2ffc481472c536/element - {"using":"xpath","value":"//*[@id=\"__xmlview64--closeColumnBtn-img\"]"}
RESULT: {"using":"xpath","value":"//*[@id=\"__xmlview64--closeColumnBtn-img\"]"}
COMMAND: POST /session/211805a0db2825488b2ffc481472c536/element/f.B77A22107D10E5486A044045F14EEE7A.d.83CD31AFDD08A8FFC4FC74DFF6480366.e.7920/click - {}
RESULT: {}
COMMAND: GET /session/211805a0db2825488b2ffc481472c536/screenshot - {}
COMMAND: POST /session/211805a0db2825488b2ffc481472c536/element - {"using":"xpath","value":"//div[contains(@id ,\"smartContractFilterBar-btnBasicSearch-reset\")]"}
RESULT: {}
RESULT: {"using":"xpath","value":"//div[contains(@id ,\"smartContractFilterBar-btnBasicSearch-reset\")]"}
COMMAND: POST /session/211805a0db2825488b2ffc481472c536/element/f.B77A22107D10E5486A044045F14EEE7A.d.83CD31AFDD08A8FFC4FC74DFF6480366.e.7922/click - {}
RESULT: {}
COMMAND: GET /session/211805a0db2825488b2ffc481472c536/screenshot - {}
COMMAND: POST /session/211805a0db2825488b2ffc481472c536/execute/async - {"script":"<script> [1562 bytes]","args":[{"selector":{"controlType":"sap.ui.core.Icon","viewName":"etm.portal.ui.managecontracts.view.Master","properties":{"src":{"regex":{"source":"slim\\-arrow\\-down"}}},"ancestor":{"id":"smartContractStatusFilter","viewName":"etm.portal.ui.managecontracts.view.Master"}},"wdio_ui5_key":"etmportal.ui.managecontracts.view.Mastersap.ui.core.Icon{\"src\":{\"regex\":{\"source\":\"slim\\\\-arrow\\\\-down\"}}}{\"id\":\"smartContractStatusFilter\",\"viewName\":\"etm.portal.ui.managecontracts.view.Master\"}"}]}
RESULT: {}
RESULT: {"script":"<script> [1562 bytes]","args":[{"selector":{"controlType":"sap.ui.core.Icon","viewName":"etm.portal.ui.managecontracts.view.Master","properties":{"src":{"regex":{"source":"slim\\-arrow\\-down"}}},"ancestor":{"id":"smartContractStatusFilter","viewName":"etm.portal.ui.managecontracts.view.Master"}},"wdio_ui5_key":"etmportal.ui.managecontracts.view.Mastersap.ui.core.Icon{\"src\":{\"regex\":{\"source\":\"slim\\\\-arrow\\\\-down\"}}}{\"id\":\"smartContractStatusFilter\",\"viewName\":\"etm.portal.ui.managecontracts.view.Master\"}"}]}
RESULT: undefined
COMMAND: POST /session/211805a0db2825488b2ffc481472c536/element - {"using":"xpath","value":"//*[@id=\"__xmlview63--smartContractStatusFilter-arrow\"]"}
RESULT: {"using":"xpath","value":"//*[@id=\"__xmlview63--smartContractStatusFilter-arrow\"]"}
COMMAND: POST /session/211805a0db2825488b2ffc481472c536/element/f.B77A22107D10E5486A044045F14EEE7A.d.83CD31AFDD08A8FFC4FC74DFF6480366.e.7995/click - {}
RESULT: {}
COMMAND: POST /session/211805a0db2825488b2ffc481472c536/execute/async - {"script":"<script> [1562 bytes]","args":[{"selector":{"controlType":"sap.m.CheckBox","viewName":"etm.portal.ui.managecontracts.view.Master","properties":{"editable":true},"searchOpenDialogs":true,"ancestor":{"controlType":"sap.m.StandardListItem","viewName":"etm.portal.ui.managecontracts.view.Master","properties":{"title":"partial provided"},"searchOpenDialogs":true},"interaction":{"idSuffix":"CbBg"}},"wdio_ui5_key":"etmportal.ui.managecontracts.view.Mastersap.m.CheckBox{\"editable\":true}{\"controlType\":\"sap.m.StandardListItem\",\"viewName\":\"etm.portal.ui.managecontracts.view.Master\",\"properties\":{\"title\":\"partial provided\"},\"searchOpenDialogs\":true}"}]}
COMMAND: GET /session/211805a0db2825488b2ffc481472c536/screenshot - {}
RESULT: {"script":"<script> [1562 bytes]","args":[{"selector":{"controlType":"sap.m.CheckBox","viewName":"etm.portal.ui.managecontracts.view.Master","properties":{"editable":true},"searchOpenDialogs":true,"ancestor":{"controlType":"sap.m.StandardListItem","viewName":"etm.portal.ui.managecontracts.view.Master","properties":{"title":"partial provided"},"searchOpenDialogs":true},"interaction":{"idSuffix":"CbBg"}},"wdio_ui5_key":"etmportal.ui.managecontracts.view.Mastersap.m.CheckBox{\"editable\":true}{\"controlType\":\"sap.m.StandardListItem\",\"viewName\":\"etm.portal.ui.managecontracts.view.Master\",\"properties\":{\"title\":\"partial provided\"},\"searchOpenDialogs\":true}"}]}
RESULT: undefined
COMMAND: POST /session/211805a0db2825488b2ffc481472c536/element - {"using":"xpath","value":"//*[@id=\"__item1965-selectMulti\"]"}
RESULT: {}
RESULT: {"using":"xpath","value":"//*[@id=\"__item1965-selectMulti\"]"}
COMMAND: POST /session/211805a0db2825488b2ffc481472c536/element/f.B77A22107D10E5486A044045F14EEE7A.d.83CD31AFDD08A8FFC4FC74DFF6480366.e.8004/click - {}
RESULT: {}
COMMAND: GET /session/211805a0db2825488b2ffc481472c536/screenshot - {}
RESULT: {}
COMMAND: POST /session/211805a0db2825488b2ffc481472c536/element - {"using":"xpath","value":"(//span[contains(@title ,\"Navigation\")])[2]"}
RESULT: {"using":"xpath","value":"(//span[contains(@title ,\"Navigation\")])[2]"}
COMMAND: POST /session/211805a0db2825488b2ffc481472c536/element/f.B77A22107D10E5486A044045F14EEE7A.d.83CD31AFDD08A8FFC4FC74DFF6480366.e.8024/click - {}
RESULT: {}
COMMAND: GET /session/211805a0db2825488b2ffc481472c536/screenshot - {}
RESULT: {}
COMMAND: POST /session/211805a0db2825488b2ffc481472c536/element - {"using":"xpath","value":"//bdi[contains(@id ,\"closeContractBtn-BDI-content\")]"}
RESULT: {"using":"xpath","value":"//bdi[contains(@id ,\"closeContractBtn-BDI-content\")]"}
COMMAND: POST /session/211805a0db2825488b2ffc481472c536/element - {"using":"xpath","value":"//bdi[contains(@id ,\"closeContractBtn-BDI-content\")]"}
RESULT: undefined
COMMAND: POST /session/211805a0db2825488b2ffc481472c536/element - {"using":"xpath","value":"//*[@id=\"__xmlview64--closeColumnBtn-img\"]"}
RESULT: {"using":"xpath","value":"//*[@id=\"__xmlview64--closeColumnBtn-img\"]"}
COMMAND: POST /session/211805a0db2825488b2ffc481472c536/element/f.B77A22107D10E5486A044045F14EEE7A.d.83CD31AFDD08A8FFC4FC74DFF6480366.e.7920/click - {}
RESULT: {"using":"xpath","value":"//bdi[contains(@id ,\"closeContractBtn-BDI-content\")]"}
RESULT: {}
COMMAND: GET /session/211805a0db2825488b2ffc481472c536/screenshot - {}
COMMAND: POST /session/211805a0db2825488b2ffc481472c536/refresh - {}
RESULT: {}
RESULT: {}
COMMAND: GET /session/211805a0db2825488b2ffc481472c536/screenshot - {}
RESULT: {}
COMMAND: POST /session/211805a0db2825488b2ffc481472c536/execute/async - {"script":"<script> [189 bytes]","args":[]}
RESULT: {"script":"<script> [189 bytes]","args":[]}
COMMAND: POST /session/211805a0db2825488b2ffc481472c536/execute/async - {"script":"<script> [123 bytes]","args":[]}
RESULT: {"script":"<script> [123 bytes]","args":[]}
COMMAND: POST /session/211805a0db2825488b2ffc481472c536/timeouts - {"script":"<number>"}
RESULT: {"script":"<number>"}
COMMAND: GET /session/211805a0db2825488b2ffc481472c536/timeouts - {}
RESULT: {}
RESULT: undefined
COMMAND: POST /session/211805a0db2825488b2ffc481472c536/execute/async - {"script":"<script> [2676 bytes]","args":[]}
RESULT: {"script":"<script> [2676 bytes]","args":[]}
COMMAND: POST /session/211805a0db2825488b2ffc481472c536/execute/async - {"script":"<script> [2342 bytes]","args":[{"protocol":"http","hostname":"0.0.0.0","path":"/","capabilities":{"browserName":"chrome","goog:chromeOptions":{"binary":"C:\\Program Files\\Google\\Chrome\\Application\\chrome.exe","args":["--start-maximized"]}},"logLevel":"warn","connectionRetryTimeout":120000,"connectionRetryCount":3,"logLevels":{},"enableDirectConnect":true,"strictSSL":true,"_":"65 more keys: [\"cacheDir\",\"port\",\"requestedCapabilities\",\"automationProtocol\",\"baseUrl\",\"waitforInterval\",\"waitforTimeout\",\"onReload\",\"beforeCommand\",\"afterCommand\",\"rootDir\",\"specs\",\"suites\",\"exclude\",\"groupLogsByTestSpec\",\"excludeDriverLogs\",\"bail\",\"framework\",\"reporters\",\"services\",\"maxInstances\",\"maxInstancesPerCapability\",\"injectGlobals\",\"filesToWatch\",\"execArgv\",\"runnerEnv\",\"runner\",\"shard\",\"specFileRetries\",\"specFileRetriesDelay\",\"specFileRetriesDeferred\",\"reporterSyncInterval\",\"reporterSyncTimeout\",\"cucumberFeaturesWithLineNumbers\",\"autoCompileOpts\",\"mochaOpts\",\"jasmineOpts\",\"cucumberOpts\",\"onPrepare\",\"onWorkerStart\",\"onWorkerEnd\",\"before\",\"beforeSession\",\"beforeSuite\",\"beforeHook\",\"beforeTest\",\"afterTest\",\"afterHook\",\"afterSuite\",\"afterSession\",\"after\",\"onComplete\",\"beforeAssertion\",\"afterAssertion\",\"beforeFeature\",\"beforeScenario\",\"beforeStep\",\"afterStep\",\"afterScenario\",\"afterFeature\",\"_\",\"suite\",\"$0\",\"ignoredWorkerServices\",\"wdi5\"]"}]}
RESULT: {"script":"<script> [2342 bytes]","args":[{"protocol":"http","hostname":"0.0.0.0","path":"/","capabilities":{"browserName":"chrome","goog:chromeOptions":{"binary":"C:\\Program Files\\Google\\Chrome\\Application\\chrome.exe","args":["--start-maximized"]}},"logLevel":"warn","connectionRetryTimeout":120000,"connectionRetryCount":3,"logLevels":{},"enableDirectConnect":true,"strictSSL":true,"_":"65 more keys: [\"cacheDir\",\"port\",\"requestedCapabilities\",\"automationProtocol\",\"baseUrl\",\"waitforInterval\",\"waitforTimeout\",\"onReload\",\"beforeCommand\",\"afterCommand\",\"rootDir\",\"specs\",\"suites\",\"exclude\",\"groupLogsByTestSpec\",\"excludeDriverLogs\",\"bail\",\"framework\",\"reporters\",\"services\",\"maxInstances\",\"maxInstancesPerCapability\",\"injectGlobals\",\"filesToWatch\",\"execArgv\",\"runnerEnv\",\"runner\",\"shard\",\"specFileRetries\",\"specFileRetriesDelay\",\"specFileRetriesDeferred\",\"reporterSyncInterval\",\"reporterSyncTimeout\",\"cucumberFeaturesWithLineNumbers\",\"autoCompileOpts\",\"mochaOpts\",\"jasmineOpts\",\"cucumberOpts\",\"onPrepare\",\"onWorkerStart\",\"onWorkerEnd\",\"before\",\"beforeSession\",\"beforeSuite\",\"beforeHook\",\"beforeTest\",\"afterTest\",\"afterHook\",\"afterSuite\",\"afterSession\",\"after\",\"onComplete\",\"beforeAssertion\",\"afterAssertion\",\"beforeFeature\",\"beforeScenario\",\"beforeStep\",\"afterStep\",\"afterScenario\",\"afterFeature\",\"_\",\"suite\",\"$0\",\"ignoredWorkerServices\",\"wdi5\"]"}]}
COMMAND: POST /session/211805a0db2825488b2ffc481472c536/execute/async - {"script":"<script> [21126 bytes]","args":[35000]}
RESULT: {"script":"<script> [21126 bytes]","args":[35000]}
COMMAND: POST /session/211805a0db2825488b2ffc481472c536/execute/async - {"script":"<script> [1562 bytes]","args":[{"selector":{"controlType":"sap.ui.core.Icon","viewName":"etm.portal.ui.managecontracts.view.Master","properties":{"src":{"regex":{"source":"slim\\-arrow\\-down"}}},"ancestor":{"id":"smartContractStatusFilter","viewName":"etm.portal.ui.managecontracts.view.Master"}},"wdio_ui5_key":"etmportal.ui.managecontracts.view.Mastersap.ui.core.Icon{\"src\":{\"regex\":{\"source\":\"slim\\\\-arrow\\\\-down\"}}}{\"id\":\"smartContractStatusFilter\",\"viewName\":\"etm.portal.ui.managecontracts.view.Master\"}"}]}
RESULT: {"script":"<script> [1562 bytes]","args":[{"selector":{"controlType":"sap.ui.core.Icon","viewName":"etm.portal.ui.managecontracts.view.Master","properties":{"src":{"regex":{"source":"slim\\-arrow\\-down"}}},"ancestor":{"id":"smartContractStatusFilter","viewName":"etm.portal.ui.managecontracts.view.Master"}},"wdio_ui5_key":"etmportal.ui.managecontracts.view.Mastersap.ui.core.Icon{\"src\":{\"regex\":{\"source\":\"slim\\\\-arrow\\\\-down\"}}}{\"id\":\"smartContractStatusFilter\",\"viewName\":\"etm.portal.ui.managecontracts.view.Master\"}"}]}
RESULT: undefined
COMMAND: POST /session/211805a0db2825488b2ffc481472c536/element - {"using":"xpath","value":"//*[@id=\"__xmlview0--smartContractStatusFilter-arrow\"]"}
RESULT: {"using":"xpath","value":"//*[@id=\"__xmlview0--smartContractStatusFilter-arrow\"]"}
COMMAND: POST /session/211805a0db2825488b2ffc481472c536/element/f.B77A22107D10E5486A044045F14EEE7A.d.5D2F31840BFF183FE77EF65381D643BD.e.8420/click - {}
RESULT: {}
COMMAND: GET /session/211805a0db2825488b2ffc481472c536/screenshot - {}
RESULT: {}
COMMAND: POST /session/211805a0db2825488b2ffc481472c536/execute/async - {"script":"<script> [1562 bytes]","args":[{"selector":{"controlType":"sap.m.CheckBox","viewName":"etm.portal.ui.managecontracts.view.Master","properties":{"editable":true},"searchOpenDialogs":true,"ancestor":{"controlType":"sap.m.StandardListItem","viewName":"etm.portal.ui.managecontracts.view.Master","properties":{"title":"partial billed"},"searchOpenDialogs":true},"interaction":{"idSuffix":"CbBg"}},"wdio_ui5_key":"etmportal.ui.managecontracts.view.Mastersap.m.CheckBox{\"editable\":true}{\"controlType\":\"sap.m.StandardListItem\",\"viewName\":\"etm.portal.ui.managecontracts.view.Master\",\"properties\":{\"title\":\"partial billed\"},\"searchOpenDialogs\":true}"}]}
RESULT: {"script":"<script> [1562 bytes]","args":[{"selector":{"controlType":"sap.m.CheckBox","viewName":"etm.portal.ui.managecontracts.view.Master","properties":{"editable":true},"searchOpenDialogs":true,"ancestor":{"controlType":"sap.m.StandardListItem","viewName":"etm.portal.ui.managecontracts.view.Master","properties":{"title":"partial billed"},"searchOpenDialogs":true},"interaction":{"idSuffix":"CbBg"}},"wdio_ui5_key":"etmportal.ui.managecontracts.view.Mastersap.m.CheckBox{\"editable\":true}{\"controlType\":\"sap.m.StandardListItem\",\"viewName\":\"etm.portal.ui.managecontracts.view.Master\",\"properties\":{\"title\":\"partial billed\"},\"searchOpenDialogs\":true}"}]}
RESULT: undefined
COMMAND: POST /session/211805a0db2825488b2ffc481472c536/element - {"using":"xpath","value":"//*[@id=\"__item41-selectMulti\"]"}
RESULT: {"using":"xpath","value":"//*[@id=\"__item41-selectMulti\"]"}
COMMAND: POST /session/211805a0db2825488b2ffc481472c536/element/f.B77A22107D10E5486A044045F14EEE7A.d.5D2F31840BFF183FE77EF65381D643BD.e.8429/click - {}
RESULT: {}
COMMAND: GET /session/211805a0db2825488b2ffc481472c536/screenshot - {}
RESULT: {}
COMMAND: POST /session/211805a0db2825488b2ffc481472c536/element - {"using":"xpath","value":"(//span[contains(@title ,\"Navigation\")])[2]"}
RESULT: {"using":"xpath","value":"(//span[contains(@title ,\"Navigation\")])[2]"}
COMMAND: POST /session/211805a0db2825488b2ffc481472c536/element/f.B77A22107D10E5486A044045F14EEE7A.d.5D2F31840BFF183FE77EF65381D643BD.e.8464/click - {}
RESULT: {}
COMMAND: GET /session/211805a0db2825488b2ffc481472c536/screenshot - {}
RESULT: {}
COMMAND: POST /session/211805a0db2825488b2ffc481472c536/element - {"using":"xpath","value":"//bdi[contains(@id ,\"closeContractBtn-BDI-content\")]"}
COMMAND: POST /session/211805a0db2825488b2ffc481472c536/element - {"using":"css selector","value":"#shell-header-logo"}
RESULT: {"using":"xpath","value":"//bdi[contains(@id ,\"closeContractBtn-BDI-content\")]"}
RESULT: {"using":"css selector","value":"#shell-header-logo"}
COMMAND: POST /session/211805a0db2825488b2ffc481472c536/element/f.B77A22107D10E5486A044045F14EEE7A.d.5D2F31840BFF183FE77EF65381D643BD.e.8358/click - {}
RESULT: {}
COMMAND: GET /session/211805a0db2825488b2ffc481472c536/screenshot - {}
RESULT: {}
]]></system-out>
    </testcase>
  </testsuite>
  <testsuite timestamp="2025-05-04T18:12:10" time="54.246" tests="1" failures="0" errors="0" skipped="0">
    <properties>
      <property name="specId" value="0" />
      <property name="suiteName" value="Standard contract decline US151279" />
      <property name="capabilities" value="chrome.135_0_7049_96.windows" />
      <property name="file" value="file:///D:/a/1/s/test/specs/R2C/standard-contract-decline.spec.js" />
    </properties>
    <testcase classname="chrome.135_0_7049_96.windows.Standard_contract_decline_US151279" name="Should decline a contract" time="49.907">
      <system-out><![CDATA[
COMMAND: POST /session/211805a0db2825488b2ffc481472c536/execute/async - {"script":"<script> [1562 bytes]","args":[{"selector":{"controlType":"sap.m.GenericTile","properties":{"header":"Manage Contracts"}},"wdio_ui5_key":"sapm.GenericTile{\"header\":\"Manage Contracts\"}"}]}
RESULT: {"script":"<script> [1562 bytes]","args":[{"selector":{"controlType":"sap.m.GenericTile","properties":{"header":"Manage Contracts"}},"wdio_ui5_key":"sapm.GenericTile{\"header\":\"Manage Contracts\"}"}]}
RESULT: undefined
COMMAND: POST /session/211805a0db2825488b2ffc481472c536/element - {"using":"xpath","value":"//*[@id=\"__tile130\"]"}
RESULT: {"using":"xpath","value":"//*[@id=\"__tile130\"]"}
COMMAND: POST /session/211805a0db2825488b2ffc481472c536/element/f.B77A22107D10E5486A044045F14EEE7A.d.5D2F31840BFF183FE77EF65381D643BD.e.8769/click - {}
RESULT: {}
COMMAND: GET /session/211805a0db2825488b2ffc481472c536/screenshot - {}
COMMAND: POST /session/211805a0db2825488b2ffc481472c536/element - {"using":"xpath","value":"//input[contains(@id ,\"smartContractFilterBar-btnBasicSearch-I\")]"}
RESULT: {}
RESULT: {"using":"xpath","value":"//input[contains(@id ,\"smartContractFilterBar-btnBasicSearch-I\")]"}
COMMAND: POST /session/211805a0db2825488b2ffc481472c536/element/f.B77A22107D10E5486A044045F14EEE7A.d.5D2F31840BFF183FE77EF65381D643BD.e.8773/clear - {}
RESULT: {}
COMMAND: POST /session/211805a0db2825488b2ffc481472c536/element/f.B77A22107D10E5486A044045F14EEE7A.d.5D2F31840BFF183FE77EF65381D643BD.e.8773/value - {"text":"10510"}
RESULT: {"text":"10510"}
COMMAND: POST /session/211805a0db2825488b2ffc481472c536/actions - {"actions":[{"id":"action43","type":"key","parameters":{},"actions":[{"type":"keyDown","value":"î€‡"},{"type":"pause","duration":10},{"type":"keyUp","value":"î€‡"}]}]}
RESULT: {"actions":[{"id":"action43","type":"key","parameters":{},"actions":[{"type":"keyDown","value":"î€‡"},{"type":"pause","duration":10},{"type":"keyUp","value":"î€‡"}]}]}
COMMAND: GET /session/211805a0db2825488b2ffc481472c536/screenshot - {}
COMMAND: GET /session/211805a0db2825488b2ffc481472c536/screenshot - {}
COMMAND: GET /session/211805a0db2825488b2ffc481472c536/screenshot - {}
RESULT: {}
RESULT: {}
RESULT: {}
COMMAND: POST /session/211805a0db2825488b2ffc481472c536/execute/async - {"script":"<script> [1562 bytes]","args":[{"selector":{"controlType":"sap.ui.core.Icon","viewName":"etm.portal.ui.managecontracts.view.Master","properties":{"src":{"regex":{"source":"slim\\-arrow\\-right"}}}},"wdio_ui5_key":"etmportal.ui.managecontracts.view.Mastersap.ui.core.Icon{\"src\":{\"regex\":{\"source\":\"slim\\\\-arrow\\\\-right\"}}}"}]}
RESULT: {"script":"<script> [1562 bytes]","args":[{"selector":{"controlType":"sap.ui.core.Icon","viewName":"etm.portal.ui.managecontracts.view.Master","properties":{"src":{"regex":{"source":"slim\\-arrow\\-right"}}}},"wdio_ui5_key":"etmportal.ui.managecontracts.view.Mastersap.ui.core.Icon{\"src\":{\"regex\":{\"source\":\"slim\\\\-arrow\\\\-right\"}}}"}]}
RESULT: undefined
COMMAND: POST /session/211805a0db2825488b2ffc481472c536/element - {"using":"xpath","value":"//*[@id=\"__item77-__clone205-imgNav\"]"}
RESULT: {"using":"xpath","value":"//*[@id=\"__item77-__clone205-imgNav\"]"}
COMMAND: POST /session/211805a0db2825488b2ffc481472c536/element/f.B77A22107D10E5486A044045F14EEE7A.d.5D2F31840BFF183FE77EF65381D643BD.e.9140/click - {}
RESULT: {}
COMMAND: GET /session/211805a0db2825488b2ffc481472c536/screenshot - {}
RESULT: {}
COMMAND: POST /session/211805a0db2825488b2ffc481472c536/execute/async - {"script":"<script> [1562 bytes]","args":[{"selector":{"id":"cancelContractBtn","viewName":"etm.portal.ui.managecontracts.view.Detail","interaction":{"idSuffix":"BDI-content"}},"wdio_ui5_key":"cancelContractBtnetmportal.ui.managecontracts.view.Detail"}]}
RESULT: {"script":"<script> [1562 bytes]","args":[{"selector":{"id":"cancelContractBtn","viewName":"etm.portal.ui.managecontracts.view.Detail","interaction":{"idSuffix":"BDI-content"}},"wdio_ui5_key":"cancelContractBtnetmportal.ui.managecontracts.view.Detail"}]}
RESULT: undefined
COMMAND: POST /session/211805a0db2825488b2ffc481472c536/element - {"using":"xpath","value":"//*[@id=\"__xmlview61--cancelContractBtn\"]"}
RESULT: {"using":"xpath","value":"//*[@id=\"__xmlview61--cancelContractBtn\"]"}
COMMAND: POST /session/211805a0db2825488b2ffc481472c536/element/f.B77A22107D10E5486A044045F14EEE7A.d.5D2F31840BFF183FE77EF65381D643BD.e.9211/click - {}
RESULT: {}
COMMAND: GET /session/211805a0db2825488b2ffc481472c536/screenshot - {}
RESULT: {}
COMMAND: POST /session/211805a0db2825488b2ffc481472c536/execute/async - {"script":"<script> [1562 bytes]","args":[{"selector":{"controlType":"sap.m.Text","properties":{"text":"Do you want to cancel the whole contract?"},"searchOpenDialogs":true},"wdio_ui5_key":"sapm.Text{\"text\":\"Do you want to cancel the whole contract?\"}"}]}
RESULT: {"script":"<script> [1562 bytes]","args":[{"selector":{"controlType":"sap.m.Text","properties":{"text":"Do you want to cancel the whole contract?"},"searchOpenDialogs":true},"wdio_ui5_key":"sapm.Text{\"text\":\"Do you want to cancel the whole contract?\"}"}]}
RESULT: undefined
COMMAND: POST /session/211805a0db2825488b2ffc481472c536/execute/async - {"script":"<script> [6424 bytes]","args":[{"element-6066-11e4-a52e-4f735466cecf":"f.B77A22107D10E5486A044045F14EEE7A.d.5D2F31840BFF183FE77EF65381D643BD.e.9262"},"getText",[]]}
RESULT: {"script":"<script> [6424 bytes]","args":[{"element-6066-11e4-a52e-4f735466cecf":"f.B77A22107D10E5486A044045F14EEE7A.d.5D2F31840BFF183FE77EF65381D643BD.e.9262"},"getText",[]]}
COMMAND: POST /session/211805a0db2825488b2ffc481472c536/element - {"using":"xpath","value":"//bdi[contains(text(), \"OK\")]"}
RESULT: {"using":"xpath","value":"//bdi[contains(text(), \"OK\")]"}
COMMAND: POST /session/211805a0db2825488b2ffc481472c536/element/f.B77A22107D10E5486A044045F14EEE7A.d.5D2F31840BFF183FE77EF65381D643BD.e.9263/click - {}
RESULT: {}
COMMAND: GET /session/211805a0db2825488b2ffc481472c536/screenshot - {}
RESULT: {}
COMMAND: POST /session/211805a0db2825488b2ffc481472c536/element - {"using":"xpath","value":"//input[contains(@id ,\"smartContractFilterBar-btnBasicSearch-I\")]"}
RESULT: {"using":"xpath","value":"//input[contains(@id ,\"smartContractFilterBar-btnBasicSearch-I\")]"}
COMMAND: POST /session/211805a0db2825488b2ffc481472c536/element/f.B77A22107D10E5486A044045F14EEE7A.d.5D2F31840BFF183FE77EF65381D643BD.e.8773/clear - {}
RESULT: {}
COMMAND: POST /session/211805a0db2825488b2ffc481472c536/element/f.B77A22107D10E5486A044045F14EEE7A.d.5D2F31840BFF183FE77EF65381D643BD.e.8773/value - {"text":"10510"}
COMMAND: GET /session/211805a0db2825488b2ffc481472c536/screenshot - {}
RESULT: {"text":"10510"}
COMMAND: POST /session/211805a0db2825488b2ffc481472c536/actions - {"actions":[{"id":"action44","type":"key","parameters":{},"actions":[{"type":"keyDown","value":"î€‡"},{"type":"pause","duration":10},{"type":"keyUp","value":"î€‡"}]}]}
COMMAND: GET /session/211805a0db2825488b2ffc481472c536/screenshot - {}
RESULT: {}
RESULT: {"actions":[{"id":"action44","type":"key","parameters":{},"actions":[{"type":"keyDown","value":"î€‡"},{"type":"pause","duration":10},{"type":"keyUp","value":"î€‡"}]}]}
COMMAND: GET /session/211805a0db2825488b2ffc481472c536/screenshot - {}
RESULT: {}
RESULT: {}
COMMAND: POST /session/211805a0db2825488b2ffc481472c536/execute/async - {"script":"<script> [1562 bytes]","args":[{"selector":{"controlType":"sap.m.ObjectStatus","viewName":"etm.portal.ui.managecontracts.view.Master","bindingPath":{"path":"/SmartContractHeaders('10510')","propertyPath":"STATUS_DESCRIPTION"}},"wdio_ui5_key":"etmportal.ui.managecontracts.view.Mastersap.m.ObjectStatus{\"path\":\"/SmartContractHeaders('10510')\",\"propertyPath\":\"STATUS_DESCRIPTION\"}"}]}
RESULT: {"script":"<script> [1562 bytes]","args":[{"selector":{"controlType":"sap.m.ObjectStatus","viewName":"etm.portal.ui.managecontracts.view.Master","bindingPath":{"path":"/SmartContractHeaders('10510')","propertyPath":"STATUS_DESCRIPTION"}},"wdio_ui5_key":"etmportal.ui.managecontracts.view.Mastersap.m.ObjectStatus{\"path\":\"/SmartContractHeaders('10510')\",\"propertyPath\":\"STATUS_DESCRIPTION\"}"}]}
RESULT: undefined
COMMAND: POST /session/211805a0db2825488b2ffc481472c536/execute/async - {"script":"<script> [6424 bytes]","args":[{"element-6066-11e4-a52e-4f735466cecf":"f.B77A22107D10E5486A044045F14EEE7A.d.5D2F31840BFF183FE77EF65381D643BD.e.9316"},"getText",[]]}
RESULT: {"script":"<script> [6424 bytes]","args":[{"element-6066-11e4-a52e-4f735466cecf":"f.B77A22107D10E5486A044045F14EEE7A.d.5D2F31840BFF183FE77EF65381D643BD.e.9316"},"getText",[]]}
RESULT: undefined
COMMAND: POST /session/211805a0db2825488b2ffc481472c536/element - {"using":"xpath","value":"//*[@id=\"__item77-__clone205-imgNav\"]"}
RESULT: {"using":"xpath","value":"//*[@id=\"__item77-__clone205-imgNav\"]"}
COMMAND: POST /session/211805a0db2825488b2ffc481472c536/element/f.B77A22107D10E5486A044045F14EEE7A.d.5D2F31840BFF183FE77EF65381D643BD.e.9140/click - {}
RESULT: {}
COMMAND: GET /session/211805a0db2825488b2ffc481472c536/screenshot - {}
RESULT: {}
COMMAND: POST /session/211805a0db2825488b2ffc481472c536/execute/async - {"script":"<script> [1562 bytes]","args":[{"selector":{"controlType":"sap.m.ObjectStatus","viewName":"etm.portal.ui.managecontracts.view.Detail","bindingPath":{"path":"/SmartContractItems(CONTRACT='10510',ITEM=10m,SUB_ITEM=0m)","propertyPath":"STATUS"}},"wdio_ui5_key":"etmportal.ui.managecontracts.view.Detailsap.m.ObjectStatus{\"path\":\"/SmartContractItems(CONTRACT='10510',ITEM=10m,SUB_ITEM=0m)\",\"propertyPath\":\"STATUS\"}"}]}
RESULT: {"script":"<script> [1562 bytes]","args":[{"selector":{"controlType":"sap.m.ObjectStatus","viewName":"etm.portal.ui.managecontracts.view.Detail","bindingPath":{"path":"/SmartContractItems(CONTRACT='10510',ITEM=10m,SUB_ITEM=0m)","propertyPath":"STATUS"}},"wdio_ui5_key":"etmportal.ui.managecontracts.view.Detailsap.m.ObjectStatus{\"path\":\"/SmartContractItems(CONTRACT='10510',ITEM=10m,SUB_ITEM=0m)\",\"propertyPath\":\"STATUS\"}"}]}
RESULT: undefined
COMMAND: POST /session/211805a0db2825488b2ffc481472c536/execute/async - {"script":"<script> [6424 bytes]","args":[{"element-6066-11e4-a52e-4f735466cecf":"f.B77A22107D10E5486A044045F14EEE7A.d.5D2F31840BFF183FE77EF65381D643BD.e.9342"},"getText",[]]}
RESULT: {"script":"<script> [6424 bytes]","args":[{"element-6066-11e4-a52e-4f735466cecf":"f.B77A22107D10E5486A044045F14EEE7A.d.5D2F31840BFF183FE77EF65381D643BD.e.9342"},"getText",[]]}
COMMAND: POST /session/211805a0db2825488b2ffc481472c536/element - {"using":"css selector","value":"#shell-header-logo"}
RESULT: {"using":"css selector","value":"#shell-header-logo"}
COMMAND: POST /session/211805a0db2825488b2ffc481472c536/element/f.B77A22107D10E5486A044045F14EEE7A.d.5D2F31840BFF183FE77EF65381D643BD.e.8786/click - {}
RESULT: {}
COMMAND: GET /session/211805a0db2825488b2ffc481472c536/screenshot - {}
RESULT: {}
]]></system-out>
    </testcase>
  </testsuite>
  <testsuite timestamp="2025-05-04T18:13:04" time="181.222" tests="2" failures="0" errors="0" skipped="0">
    <properties>
      <property name="specId" value="0" />
      <property name="suiteName" value="Insert service into a contract US152956" />
      <property name="capabilities" value="chrome.135_0_7049_96.windows" />
      <property name="file" value="file:///D:/a/1/s/test/specs/R2C/insert-service-into-a-contract.spec.js" />
    </properties>
    <testcase classname="chrome.135_0_7049_96.windows.Insert_service_into_a_contract_US152956" name="Should create a new contract" time="90.516">
      <system-out><![CDATA[
COMMAND: POST /session/211805a0db2825488b2ffc481472c536/execute/async - {"script":"<script> [1562 bytes]","args":[{"selector":{"controlType":"sap.m.Text","viewName":"etm.portal.ui.managecontractstile.view.Master","properties":{"text":"Manage Contracts"},"interaction":{"idSuffix":"inner"}},"wdio_ui5_key":"etmportal.ui.managecontractstile.view.Mastersap.m.Text{\"text\":\"Manage Contracts\"}"}]}
RESULT: {"script":"<script> [1562 bytes]","args":[{"selector":{"controlType":"sap.m.Text","viewName":"etm.portal.ui.managecontractstile.view.Master","properties":{"text":"Manage Contracts"},"interaction":{"idSuffix":"inner"}},"wdio_ui5_key":"etmportal.ui.managecontractstile.view.Mastersap.m.Text{\"text\":\"Manage Contracts\"}"}]}
RESULT: undefined
COMMAND: POST /session/211805a0db2825488b2ffc481472c536/element - {"using":"xpath","value":"//*[@id=\"__tile130-title\"]"}
RESULT: {"using":"xpath","value":"//*[@id=\"__tile130-title\"]"}
COMMAND: POST /session/211805a0db2825488b2ffc481472c536/element/f.B77A22107D10E5486A044045F14EEE7A.d.5D2F31840BFF183FE77EF65381D643BD.e.9346/click - {}
RESULT: {}
COMMAND: GET /session/211805a0db2825488b2ffc481472c536/screenshot - {}
RESULT: {}
COMMAND: POST /session/211805a0db2825488b2ffc481472c536/element - {"using":"xpath","value":"//button[@data-kt=\"addButton\"]"}
RESULT: {"using":"xpath","value":"//button[@data-kt=\"addButton\"]"}
COMMAND: POST /session/211805a0db2825488b2ffc481472c536/element/f.B77A22107D10E5486A044045F14EEE7A.d.5D2F31840BFF183FE77EF65381D643BD.e.9420/click - {}
RESULT: {}
COMMAND: GET /session/211805a0db2825488b2ffc481472c536/screenshot - {}
RESULT: {}
COMMAND: POST /session/211805a0db2825488b2ffc481472c536/execute/async - {"script":"<script> [1562 bytes]","args":[{"selector":{"id":"application-managecontracts-display-component---AddNewContract--projectDescription","interaction":{"idSuffix":"inner"}},"wdio_ui5_key":"applicationmanagecontracts-display-component---AddNewContract--projectDescription"}]}
RESULT: {"script":"<script> [1562 bytes]","args":[{"selector":{"id":"application-managecontracts-display-component---AddNewContract--projectDescription","interaction":{"idSuffix":"inner"}},"wdio_ui5_key":"applicationmanagecontracts-display-component---AddNewContract--projectDescription"}]}
RESULT: undefined
COMMAND: POST /session/211805a0db2825488b2ffc481472c536/execute/async - {"script":"<script> [776 bytes]","args":[{"enterText":"WdIOR2ckbysdh","selector":{"id":"application-managecontracts-display-component---AddNewContract--projectDescription","interaction":{"idSuffix":"inner"}},"clearTextFirst":true,"interactionType":"ENTER_TEXT"}]}
RESULT: {"script":"<script> [776 bytes]","args":[{"enterText":"WdIOR2ckbysdh","selector":{"id":"application-managecontracts-display-component---AddNewContract--projectDescription","interaction":{"idSuffix":"inner"}},"clearTextFirst":true,"interactionType":"ENTER_TEXT"}]}
COMMAND: POST /session/211805a0db2825488b2ffc481472c536/element - {"using":"xpath","value":"//input[@id=\"application-managecontracts-display-component---AddNewContract--yardId-inner\"]"}
RESULT: {"using":"xpath","value":"//input[@id=\"application-managecontracts-display-component---AddNewContract--yardId-inner\"]"}
COMMAND: POST /session/211805a0db2825488b2ffc481472c536/element/f.B77A22107D10E5486A044045F14EEE7A.d.5D2F31840BFF183FE77EF65381D643BD.e.9673/clear - {}
RESULT: {}
COMMAND: POST /session/211805a0db2825488b2ffc481472c536/element/f.B77A22107D10E5486A044045F14EEE7A.d.5D2F31840BFF183FE77EF65381D643BD.e.9673/value - {"text":"WebdriverYard16x1lg"}
COMMAND: GET /session/211805a0db2825488b2ffc481472c536/screenshot - {}
RESULT: {"text":"WebdriverYard16x1lg"}
COMMAND: GET /session/211805a0db2825488b2ffc481472c536/screenshot - {}
RESULT: {}
RESULT: {}
COMMAND: POST /session/211805a0db2825488b2ffc481472c536/actions - {"actions":[{"id":"action45","type":"key","parameters":{},"actions":[{"type":"keyDown","value":"î€‡"},{"type":"pause","duration":10},{"type":"keyUp","value":"î€‡"}]}]}
RESULT: {"actions":[{"id":"action45","type":"key","parameters":{},"actions":[{"type":"keyDown","value":"î€‡"},{"type":"pause","duration":10},{"type":"keyUp","value":"î€‡"}]}]}
COMMAND: GET /session/211805a0db2825488b2ffc481472c536/screenshot - {}
RESULT: {}
COMMAND: POST /session/211805a0db2825488b2ffc481472c536/element - {"using":"xpath","value":"//input[@id=\"application-managecontracts-display-component---AddNewContract--customerSelect-inner\"]"}
RESULT: {"using":"xpath","value":"//input[@id=\"application-managecontracts-display-component---AddNewContract--customerSelect-inner\"]"}
COMMAND: POST /session/211805a0db2825488b2ffc481472c536/element/f.B77A22107D10E5486A044045F14EEE7A.d.5D2F31840BFF183FE77EF65381D643BD.e.9671/clear - {}
RESULT: {}
COMMAND: POST /session/211805a0db2825488b2ffc481472c536/element/f.B77A22107D10E5486A044045F14EEE7A.d.5D2F31840BFF183FE77EF65381D643BD.e.9671/value - {"text":"WebdriverPartnervz4mx"}
COMMAND: GET /session/211805a0db2825488b2ffc481472c536/screenshot - {}
RESULT: {}
RESULT: {"text":"WebdriverPartnervz4mx"}
COMMAND: GET /session/211805a0db2825488b2ffc481472c536/screenshot - {}
RESULT: {}
COMMAND: POST /session/211805a0db2825488b2ffc481472c536/actions - {"actions":[{"id":"action46","type":"key","parameters":{},"actions":[{"type":"keyDown","value":"î€‡"},{"type":"pause","duration":10},{"type":"keyUp","value":"î€‡"}]}]}
RESULT: {"actions":[{"id":"action46","type":"key","parameters":{},"actions":[{"type":"keyDown","value":"î€‡"},{"type":"pause","duration":10},{"type":"keyUp","value":"î€‡"}]}]}
COMMAND: GET /session/211805a0db2825488b2ffc481472c536/screenshot - {}
RESULT: {}
COMMAND: POST /session/211805a0db2825488b2ffc481472c536/element - {"using":"xpath","value":"//input[@id=\"application-managecontracts-display-component---AddNewContract--site-inner\"]"}
RESULT: {"using":"xpath","value":"//input[@id=\"application-managecontracts-display-component---AddNewContract--site-inner\"]"}
COMMAND: POST /session/211805a0db2825488b2ffc481472c536/element/f.B77A22107D10E5486A044045F14EEE7A.d.5D2F31840BFF183FE77EF65381D643BD.e.9672/clear - {}
RESULT: {}
COMMAND: POST /session/211805a0db2825488b2ffc481472c536/element/f.B77A22107D10E5486A044045F14EEE7A.d.5D2F31840BFF183FE77EF65381D643BD.e.9672/value - {"text":"WebdriverSiteej9jg"}
COMMAND: GET /session/211805a0db2825488b2ffc481472c536/screenshot - {}
RESULT: {"text":"WebdriverSiteej9jg"}
COMMAND: GET /session/211805a0db2825488b2ffc481472c536/screenshot - {}
RESULT: {}
RESULT: {}
COMMAND: POST /session/211805a0db2825488b2ffc481472c536/actions - {"actions":[{"id":"action47","type":"key","parameters":{},"actions":[{"type":"keyDown","value":"î€‡"},{"type":"pause","duration":10},{"type":"keyUp","value":"î€‡"}]}]}
RESULT: {"actions":[{"id":"action47","type":"key","parameters":{},"actions":[{"type":"keyDown","value":"î€‡"},{"type":"pause","duration":10},{"type":"keyUp","value":"î€‡"}]}]}
COMMAND: GET /session/211805a0db2825488b2ffc481472c536/screenshot - {}
RESULT: {}
COMMAND: POST /session/211805a0db2825488b2ffc481472c536/element - {"using":"xpath","value":"//button[@data-kt=\"saveButton\"]"}
RESULT: {"using":"xpath","value":"//button[@data-kt=\"saveButton\"]"}
COMMAND: POST /session/211805a0db2825488b2ffc481472c536/element/f.B77A22107D10E5486A044045F14EEE7A.d.5D2F31840BFF183FE77EF65381D643BD.e.9686/click - {}
RESULT: {}
COMMAND: GET /session/211805a0db2825488b2ffc481472c536/screenshot - {}
RESULT: {}
COMMAND: POST /session/211805a0db2825488b2ffc481472c536/execute/async - {"script":"<script> [1562 bytes]","args":[{"selector":{"id":"contractDetailTitleNoExpanded","viewName":"etm.portal.ui.managecontracts.view.Detail"},"wdio_ui5_key":"contractDetailTitleNoExpandedetmportal.ui.managecontracts.view.Detail"}]}
RESULT: {"script":"<script> [1562 bytes]","args":[{"selector":{"id":"contractDetailTitleNoExpanded","viewName":"etm.portal.ui.managecontracts.view.Detail"},"wdio_ui5_key":"contractDetailTitleNoExpandedetmportal.ui.managecontracts.view.Detail"}]}
RESULT: undefined
COMMAND: POST /session/211805a0db2825488b2ffc481472c536/execute/async - {"script":"<script> [6424 bytes]","args":[{"element-6066-11e4-a52e-4f735466cecf":"f.B77A22107D10E5486A044045F14EEE7A.d.5D2F31840BFF183FE77EF65381D643BD.e.9768"},"getText",[]]}
RESULT: {"script":"<script> [6424 bytes]","args":[{"element-6066-11e4-a52e-4f735466cecf":"f.B77A22107D10E5486A044045F14EEE7A.d.5D2F31840BFF183FE77EF65381D643BD.e.9768"},"getText",[]]}
]]></system-out>
    </testcase>
    <testcase classname="chrome.135_0_7049_96.windows.Insert_service_into_a_contract_US152956" name="Should add a service unit and a service group to the contract" time="86.297">
      <system-out><![CDATA[
COMMAND: POST /session/211805a0db2825488b2ffc481472c536/element - {"using":"xpath","value":"//button[@data-kt=\"contractDetailEditBtnButton\"]"}
RESULT: {"using":"xpath","value":"//button[@data-kt=\"contractDetailEditBtnButton\"]"}
COMMAND: POST /session/211805a0db2825488b2ffc481472c536/execute/sync - {"script":"<script> [8489 bytes]","args":[{"element-6066-11e4-a52e-4f735466cecf":"f.B77A22107D10E5486A044045F14EEE7A.d.5D2F31840BFF183FE77EF65381D643BD.e.9769","ELEMENT":"f.B77A22107D10E5486A044045F14EEE7A.d.5D2F31840BFF183FE77EF65381D643BD.e.9769"}]}
RESULT: {"script":"<script> [8489 bytes]","args":[{"element-6066-11e4-a52e-4f735466cecf":"f.B77A22107D10E5486A044045F14EEE7A.d.5D2F31840BFF183FE77EF65381D643BD.e.9769","ELEMENT":"f.B77A22107D10E5486A044045F14EEE7A.d.5D2F31840BFF183FE77EF65381D643BD.e.9769"}]}
COMMAND: POST /session/211805a0db2825488b2ffc481472c536/execute/sync - {"script":"<script> [8489 bytes]","args":[{"element-6066-11e4-a52e-4f735466cecf":"f.B77A22107D10E5486A044045F14EEE7A.d.5D2F31840BFF183FE77EF65381D643BD.e.9769","ELEMENT":"f.B77A22107D10E5486A044045F14EEE7A.d.5D2F31840BFF183FE77EF65381D643BD.e.9769"}]}
RESULT: {"script":"<script> [8489 bytes]","args":[{"element-6066-11e4-a52e-4f735466cecf":"f.B77A22107D10E5486A044045F14EEE7A.d.5D2F31840BFF183FE77EF65381D643BD.e.9769","ELEMENT":"f.B77A22107D10E5486A044045F14EEE7A.d.5D2F31840BFF183FE77EF65381D643BD.e.9769"}]}
COMMAND: POST /session/211805a0db2825488b2ffc481472c536/execute/sync - {"script":"<script> [5351 bytes]","args":[{"element-6066-11e4-a52e-4f735466cecf":"f.B77A22107D10E5486A044045F14EEE7A.d.5D2F31840BFF183FE77EF65381D643BD.e.9769","ELEMENT":"f.B77A22107D10E5486A044045F14EEE7A.d.5D2F31840BFF183FE77EF65381D643BD.e.9769"}]}
RESULT: {"script":"<script> [5351 bytes]","args":[{"element-6066-11e4-a52e-4f735466cecf":"f.B77A22107D10E5486A044045F14EEE7A.d.5D2F31840BFF183FE77EF65381D643BD.e.9769","ELEMENT":"f.B77A22107D10E5486A044045F14EEE7A.d.5D2F31840BFF183FE77EF65381D643BD.e.9769"}]}
COMMAND: POST /session/211805a0db2825488b2ffc481472c536/element/f.B77A22107D10E5486A044045F14EEE7A.d.5D2F31840BFF183FE77EF65381D643BD.e.9769/click - {}
COMMAND: GET /session/211805a0db2825488b2ffc481472c536/screenshot - {}
COMMAND: GET /session/211805a0db2825488b2ffc481472c536/screenshot - {}
COMMAND: GET /session/211805a0db2825488b2ffc481472c536/screenshot - {}
RESULT: {}
RESULT: {}
RESULT: {}
RESULT: {}
COMMAND: GET /session/211805a0db2825488b2ffc481472c536/screenshot - {}
RESULT: {}
COMMAND: POST /session/211805a0db2825488b2ffc481472c536/element - {"using":"xpath","value":"(//span[contains(text(), \"Additional Addresses\")])[2]"}
RESULT: {"using":"xpath","value":"(//span[contains(text(), \"Additional Addresses\")])[2]"}
COMMAND: POST /session/211805a0db2825488b2ffc481472c536/element/f.B77A22107D10E5486A044045F14EEE7A.d.5D2F31840BFF183FE77EF65381D643BD.e.9827/click - {}
RESULT: {}
COMMAND: GET /session/211805a0db2825488b2ffc481472c536/screenshot - {}
RESULT: {}
COMMAND: POST /session/211805a0db2825488b2ffc481472c536/element - {"using":"xpath","value":"//button[@data-kt=\"btnAddTableRowOverflowToolbarButton\"]"}
RESULT: {"using":"xpath","value":"//button[@data-kt=\"btnAddTableRowOverflowToolbarButton\"]"}
COMMAND: POST /session/211805a0db2825488b2ffc481472c536/element/f.B77A22107D10E5486A044045F14EEE7A.d.5D2F31840BFF183FE77EF65381D643BD.e.9829/click - {}
RESULT: {}
COMMAND: GET /session/211805a0db2825488b2ffc481472c536/screenshot - {}
RESULT: {}
COMMAND: POST /session/211805a0db2825488b2ffc481472c536/element - {"using":"xpath","value":"//div[(text() = 'Standard Entry' or . = 'Standard Entry')]"}
RESULT: {"using":"xpath","value":"//div[(text() = 'Standard Entry' or . = 'Standard Entry')]"}
COMMAND: POST /session/211805a0db2825488b2ffc481472c536/element/f.B77A22107D10E5486A044045F14EEE7A.d.5D2F31840BFF183FE77EF65381D643BD.e.9831/click - {}
RESULT: {}
COMMAND: POST /session/211805a0db2825488b2ffc481472c536/element - {"using":"xpath","value":"//button[@data-kt=\"btnAddTableRowOverflowToolbarButton\"]"}
COMMAND: GET /session/211805a0db2825488b2ffc481472c536/screenshot - {}
RESULT: {"using":"xpath","value":"//button[@data-kt=\"btnAddTableRowOverflowToolbarButton\"]"}
COMMAND: POST /session/211805a0db2825488b2ffc481472c536/element/f.B77A22107D10E5486A044045F14EEE7A.d.5D2F31840BFF183FE77EF65381D643BD.e.9829/click - {}
RESULT: {}
RESULT: {}
COMMAND: GET /session/211805a0db2825488b2ffc481472c536/screenshot - {}
RESULT: {}
COMMAND: POST /session/211805a0db2825488b2ffc481472c536/element - {"using":"xpath","value":"//div[(text() = 'Standard Entry' or . = 'Standard Entry')]"}
RESULT: {"using":"xpath","value":"//div[(text() = 'Standard Entry' or . = 'Standard Entry')]"}
COMMAND: POST /session/211805a0db2825488b2ffc481472c536/element/f.B77A22107D10E5486A044045F14EEE7A.d.5D2F31840BFF183FE77EF65381D643BD.e.9843/click - {}
RESULT: {}
COMMAND: POST /session/211805a0db2825488b2ffc481472c536/element - {"using":"xpath","value":"(//td[6]/div/div/input)[1]"}
COMMAND: GET /session/211805a0db2825488b2ffc481472c536/screenshot - {}
RESULT: {"using":"xpath","value":"(//td[6]/div/div/input)[1]"}
COMMAND: POST /session/211805a0db2825488b2ffc481472c536/element/f.B77A22107D10E5486A044045F14EEE7A.d.5D2F31840BFF183FE77EF65381D643BD.e.9845/click - {}
RESULT: {}
RESULT: {}
COMMAND: POST /session/211805a0db2825488b2ffc481472c536/actions - {"actions":[{"id":"action48","type":"key","parameters":{},"actions":[{"type":"keyDown","value":"î€ƒ"},{"type":"pause","duration":10},{"type":"keyUp","value":"î€ƒ"}]}]}
COMMAND: GET /session/211805a0db2825488b2ffc481472c536/screenshot - {}
RESULT: {"actions":[{"id":"action48","type":"key","parameters":{},"actions":[{"type":"keyDown","value":"î€ƒ"},{"type":"pause","duration":10},{"type":"keyUp","value":"î€ƒ"}]}]}
COMMAND: POST /session/211805a0db2825488b2ffc481472c536/element - {"using":"xpath","value":"(//td[6]/div/div/input)[1]"}
COMMAND: GET /session/211805a0db2825488b2ffc481472c536/screenshot - {}
RESULT: {}
RESULT: {"using":"xpath","value":"(//td[6]/div/div/input)[1]"}
COMMAND: POST /session/211805a0db2825488b2ffc481472c536/element/f.B77A22107D10E5486A044045F14EEE7A.d.5D2F31840BFF183FE77EF65381D643BD.e.9845/clear - {}
RESULT: {}
RESULT: {}
COMMAND: POST /session/211805a0db2825488b2ffc481472c536/element/f.B77A22107D10E5486A044045F14EEE7A.d.5D2F31840BFF183FE77EF65381D643BD.e.9845/value - {"text":"Service Unit"}
COMMAND: GET /session/211805a0db2825488b2ffc481472c536/screenshot - {}
RESULT: {"text":"Service Unit"}
COMMAND: GET /session/211805a0db2825488b2ffc481472c536/screenshot - {}
RESULT: {}
RESULT: {}
COMMAND: POST /session/211805a0db2825488b2ffc481472c536/actions - {"actions":[{"id":"action49","type":"key","parameters":{},"actions":[{"type":"keyDown","value":"î€‡"},{"type":"pause","duration":10},{"type":"keyUp","value":"î€‡"}]}]}
RESULT: {"actions":[{"id":"action49","type":"key","parameters":{},"actions":[{"type":"keyDown","value":"î€‡"},{"type":"pause","duration":10},{"type":"keyUp","value":"î€‡"}]}]}
COMMAND: GET /session/211805a0db2825488b2ffc481472c536/screenshot - {}
RESULT: {}
COMMAND: POST /session/211805a0db2825488b2ffc481472c536/actions - {"actions":[{"id":"action50","type":"key","parameters":{},"actions":[{"type":"keyDown","value":"î€‡"},{"type":"pause","duration":10},{"type":"keyUp","value":"î€‡"}]}]}
RESULT: {"actions":[{"id":"action50","type":"key","parameters":{},"actions":[{"type":"keyDown","value":"î€‡"},{"type":"pause","duration":10},{"type":"keyUp","value":"î€‡"}]}]}
COMMAND: POST /session/211805a0db2825488b2ffc481472c536/element - {"using":"xpath","value":"(//td[7]/div/div/input)[1]"}
COMMAND: GET /session/211805a0db2825488b2ffc481472c536/screenshot - {}
RESULT: {"using":"xpath","value":"(//td[7]/div/div/input)[1]"}
COMMAND: POST /session/211805a0db2825488b2ffc481472c536/element/f.B77A22107D10E5486A044045F14EEE7A.d.5D2F31840BFF183FE77EF65381D643BD.e.9861/clear - {}
RESULT: {}
RESULT: {}
COMMAND: POST /session/211805a0db2825488b2ffc481472c536/element/f.B77A22107D10E5486A044045F14EEE7A.d.5D2F31840BFF183FE77EF65381D643BD.e.9861/value - {"text":"1000001"}
COMMAND: GET /session/211805a0db2825488b2ffc481472c536/screenshot - {}
RESULT: {"text":"1000001"}
COMMAND: GET /session/211805a0db2825488b2ffc481472c536/screenshot - {}
RESULT: {}
RESULT: {}
COMMAND: POST /session/211805a0db2825488b2ffc481472c536/actions - {"actions":[{"id":"action51","type":"key","parameters":{},"actions":[{"type":"keyDown","value":"î€‡"},{"type":"pause","duration":10},{"type":"keyUp","value":"î€‡"}]}]}
RESULT: {"actions":[{"id":"action51","type":"key","parameters":{},"actions":[{"type":"keyDown","value":"î€‡"},{"type":"pause","duration":10},{"type":"keyUp","value":"î€‡"}]}]}
COMMAND: GET /session/211805a0db2825488b2ffc481472c536/screenshot - {}
RESULT: {}
COMMAND: POST /session/211805a0db2825488b2ffc481472c536/actions - {"actions":[{"id":"action52","type":"key","parameters":{},"actions":[{"type":"keyDown","value":"î€‡"},{"type":"pause","duration":10},{"type":"keyUp","value":"î€‡"}]}]}
RESULT: {"actions":[{"id":"action52","type":"key","parameters":{},"actions":[{"type":"keyDown","value":"î€‡"},{"type":"pause","duration":10},{"type":"keyUp","value":"î€‡"}]}]}
COMMAND: GET /session/211805a0db2825488b2ffc481472c536/screenshot - {}
RESULT: {}
COMMAND: POST /session/211805a0db2825488b2ffc481472c536/element - {"using":"xpath","value":"(//td[6]/div/div/input)[2]"}
RESULT: {"using":"xpath","value":"(//td[6]/div/div/input)[2]"}
COMMAND: POST /session/211805a0db2825488b2ffc481472c536/element/f.B77A22107D10E5486A044045F14EEE7A.d.5D2F31840BFF183FE77EF65381D643BD.e.9833/click - {}
RESULT: {}
COMMAND: POST /session/211805a0db2825488b2ffc481472c536/actions - {"actions":[{"id":"action53","type":"key","parameters":{},"actions":[{"type":"keyDown","value":"î€ƒ"},{"type":"pause","duration":10},{"type":"keyUp","value":"î€ƒ"}]}]}
COMMAND: GET /session/211805a0db2825488b2ffc481472c536/screenshot - {}
RESULT: {"actions":[{"id":"action53","type":"key","parameters":{},"actions":[{"type":"keyDown","value":"î€ƒ"},{"type":"pause","duration":10},{"type":"keyUp","value":"î€ƒ"}]}]}
COMMAND: POST /session/211805a0db2825488b2ffc481472c536/element - {"using":"xpath","value":"(//td[6]/div/div/input)[2]"}
COMMAND: GET /session/211805a0db2825488b2ffc481472c536/screenshot - {}
RESULT: {}
RESULT: {"using":"xpath","value":"(//td[6]/div/div/input)[2]"}
COMMAND: POST /session/211805a0db2825488b2ffc481472c536/element/f.B77A22107D10E5486A044045F14EEE7A.d.5D2F31840BFF183FE77EF65381D643BD.e.9833/clear - {}
RESULT: {}
RESULT: {}
COMMAND: POST /session/211805a0db2825488b2ffc481472c536/element/f.B77A22107D10E5486A044045F14EEE7A.d.5D2F31840BFF183FE77EF65381D643BD.e.9833/value - {"text":"Service Unit Group"}
COMMAND: GET /session/211805a0db2825488b2ffc481472c536/screenshot - {}
RESULT: {"text":"Service Unit Group"}
COMMAND: GET /session/211805a0db2825488b2ffc481472c536/screenshot - {}
RESULT: {}
RESULT: {}
COMMAND: POST /session/211805a0db2825488b2ffc481472c536/actions - {"actions":[{"id":"action54","type":"key","parameters":{},"actions":[{"type":"keyDown","value":"î€‡"},{"type":"pause","duration":10},{"type":"keyUp","value":"î€‡"}]}]}
RESULT: {"actions":[{"id":"action54","type":"key","parameters":{},"actions":[{"type":"keyDown","value":"î€‡"},{"type":"pause","duration":10},{"type":"keyUp","value":"î€‡"}]}]}
COMMAND: GET /session/211805a0db2825488b2ffc481472c536/screenshot - {}
RESULT: {}
COMMAND: POST /session/211805a0db2825488b2ffc481472c536/actions - {"actions":[{"id":"action55","type":"key","parameters":{},"actions":[{"type":"keyDown","value":"î€‡"},{"type":"pause","duration":10},{"type":"keyUp","value":"î€‡"}]}]}
RESULT: {"actions":[{"id":"action55","type":"key","parameters":{},"actions":[{"type":"keyDown","value":"î€‡"},{"type":"pause","duration":10},{"type":"keyUp","value":"î€‡"}]}]}
COMMAND: POST /session/211805a0db2825488b2ffc481472c536/element - {"using":"xpath","value":"(//td[7]/div/div/input)[2]"}
COMMAND: GET /session/211805a0db2825488b2ffc481472c536/screenshot - {}
RESULT: {"using":"xpath","value":"(//td[7]/div/div/input)[2]"}
COMMAND: POST /session/211805a0db2825488b2ffc481472c536/element/f.B77A22107D10E5486A044045F14EEE7A.d.5D2F31840BFF183FE77EF65381D643BD.e.9890/clear - {}
RESULT: {}
RESULT: {}
COMMAND: POST /session/211805a0db2825488b2ffc481472c536/element/f.B77A22107D10E5486A044045F14EEE7A.d.5D2F31840BFF183FE77EF65381D643BD.e.9890/value - {"text":"1100001"}
COMMAND: GET /session/211805a0db2825488b2ffc481472c536/screenshot - {}
RESULT: {"text":"1100001"}
COMMAND: GET /session/211805a0db2825488b2ffc481472c536/screenshot - {}
RESULT: {}
RESULT: {}
COMMAND: POST /session/211805a0db2825488b2ffc481472c536/actions - {"actions":[{"id":"action56","type":"key","parameters":{},"actions":[{"type":"keyDown","value":"î€‡"},{"type":"pause","duration":10},{"type":"keyUp","value":"î€‡"}]}]}
RESULT: {"actions":[{"id":"action56","type":"key","parameters":{},"actions":[{"type":"keyDown","value":"î€‡"},{"type":"pause","duration":10},{"type":"keyUp","value":"î€‡"}]}]}
COMMAND: GET /session/211805a0db2825488b2ffc481472c536/screenshot - {}
RESULT: {}
COMMAND: POST /session/211805a0db2825488b2ffc481472c536/actions - {"actions":[{"id":"action57","type":"key","parameters":{},"actions":[{"type":"keyDown","value":"î€‡"},{"type":"pause","duration":10},{"type":"keyUp","value":"î€‡"}]}]}
RESULT: {"actions":[{"id":"action57","type":"key","parameters":{},"actions":[{"type":"keyDown","value":"î€‡"},{"type":"pause","duration":10},{"type":"keyUp","value":"î€‡"}]}]}
COMMAND: GET /session/211805a0db2825488b2ffc481472c536/screenshot - {}
RESULT: {}
COMMAND: POST /session/211805a0db2825488b2ffc481472c536/element - {"using":"xpath","value":"(//button[@data-kt=\"saveButton\"])[2]"}
RESULT: {"using":"xpath","value":"(//button[@data-kt=\"saveButton\"])[2]"}
COMMAND: POST /session/211805a0db2825488b2ffc481472c536/element/f.B77A22107D10E5486A044045F14EEE7A.d.5D2F31840BFF183FE77EF65381D643BD.e.9914/click - {}
RESULT: {}
COMMAND: GET /session/211805a0db2825488b2ffc481472c536/screenshot - {}
RESULT: {}
COMMAND: POST /session/211805a0db2825488b2ffc481472c536/element - {"using":"xpath","value":"(//span[contains(text(), \"Additional Addresses\")])[1]"}
RESULT: {"using":"xpath","value":"(//span[contains(text(), \"Additional Addresses\")])[1]"}
COMMAND: POST /session/211805a0db2825488b2ffc481472c536/element/f.B77A22107D10E5486A044045F14EEE7A.d.5D2F31840BFF183FE77EF65381D643BD.e.9917/click - {}
RESULT: {}
COMMAND: GET /session/211805a0db2825488b2ffc481472c536/screenshot - {}
RESULT: {}
COMMAND: POST /session/211805a0db2825488b2ffc481472c536/execute/async - {"script":"<script> [1562 bytes]","args":[{"selector":{"controlType":"sap.m.Title","viewName":"etm.portal.ui.managecontracts.view.Detail","properties":{"text":"Contract Items (2)"}},"wdio_ui5_key":"etmportal.ui.managecontracts.view.Detailsap.m.Title{\"text\":\"Contract Items (2)\"}"}]}
RESULT: {"script":"<script> [1562 bytes]","args":[{"selector":{"controlType":"sap.m.Title","viewName":"etm.portal.ui.managecontracts.view.Detail","properties":{"text":"Contract Items (2)"}},"wdio_ui5_key":"etmportal.ui.managecontracts.view.Detailsap.m.Title{\"text\":\"Contract Items (2)\"}"}]}
RESULT: undefined
COMMAND: POST /session/211805a0db2825488b2ffc481472c536/execute/async - {"script":"<script> [6424 bytes]","args":[{"element-6066-11e4-a52e-4f735466cecf":"f.B77A22107D10E5486A044045F14EEE7A.d.5D2F31840BFF183FE77EF65381D643BD.e.9919"},"getText",[]]}
RESULT: {"script":"<script> [6424 bytes]","args":[{"element-6066-11e4-a52e-4f735466cecf":"f.B77A22107D10E5486A044045F14EEE7A.d.5D2F31840BFF183FE77EF65381D643BD.e.9919"},"getText",[]]}
COMMAND: POST /session/211805a0db2825488b2ffc481472c536/element - {"using":"xpath","value":"(//span[contains(@class ,\"sapMObjStatusText\")])[1]"}
RESULT: {"using":"xpath","value":"(//span[contains(@class ,\"sapMObjStatusText\")])[1]"}
COMMAND: GET /session/211805a0db2825488b2ffc481472c536/element/f.B77A22107D10E5486A044045F14EEE7A.d.5D2F31840BFF183FE77EF65381D643BD.e.9920/text - {}
RESULT: {}
COMMAND: POST /session/211805a0db2825488b2ffc481472c536/element - {"using":"xpath","value":"(//span[contains(@class ,\"sapMObjStatusText\")])[4]"}
RESULT: {"using":"xpath","value":"(//span[contains(@class ,\"sapMObjStatusText\")])[4]"}
COMMAND: GET /session/211805a0db2825488b2ffc481472c536/element/f.B77A22107D10E5486A044045F14EEE7A.d.5D2F31840BFF183FE77EF65381D643BD.e.9921/text - {}
RESULT: {}
COMMAND: POST /session/211805a0db2825488b2ffc481472c536/element - {"using":"css selector","value":"#shell-header-logo"}
RESULT: {"using":"css selector","value":"#shell-header-logo"}
COMMAND: POST /session/211805a0db2825488b2ffc481472c536/element/f.B77A22107D10E5486A044045F14EEE7A.d.5D2F31840BFF183FE77EF65381D643BD.e.9350/click - {}
RESULT: {}
COMMAND: GET /session/211805a0db2825488b2ffc481472c536/screenshot - {}
RESULT: {}
]]></system-out>
    </testcase>
  </testsuite>
  <testsuite timestamp="2025-05-04T18:16:05" time="196.918" tests="2" failures="0" errors="0" skipped="0">
    <properties>
      <property name="specId" value="0" />
      <property name="suiteName" value="Reduced contract US151275" />
      <property name="capabilities" value="chrome.135_0_7049_96.windows" />
      <property name="file" value="file:///D:/a/1/s/test/specs/R2C/reduced-contract-creation.spec.js" />
    </properties>
    <testcase classname="chrome.135_0_7049_96.windows.Reduced_contract_US151275" name="Should create a new reduced contract" time="138.662">
      <system-out><![CDATA[
RESULT: undefined
COMMAND: POST /session/211805a0db2825488b2ffc481472c536/element - {"using":"xpath","value":"//*[@id=\"__tile130\"]"}
RESULT: {"using":"xpath","value":"//*[@id=\"__tile130\"]"}
COMMAND: POST /session/211805a0db2825488b2ffc481472c536/element/f.B77A22107D10E5486A044045F14EEE7A.d.5D2F31840BFF183FE77EF65381D643BD.e.8769/click - {}
RESULT: {}
COMMAND: GET /session/211805a0db2825488b2ffc481472c536/screenshot - {}
RESULT: {}
COMMAND: POST /session/211805a0db2825488b2ffc481472c536/element - {"using":"xpath","value":"//button[@data-kt=\"addButton\"]"}
RESULT: {"using":"xpath","value":"//button[@data-kt=\"addButton\"]"}
COMMAND: POST /session/211805a0db2825488b2ffc481472c536/element/f.B77A22107D10E5486A044045F14EEE7A.d.5D2F31840BFF183FE77EF65381D643BD.e.9995/click - {}
RESULT: {}
COMMAND: GET /session/211805a0db2825488b2ffc481472c536/screenshot - {}
COMMAND: POST /session/211805a0db2825488b2ffc481472c536/refresh - {}
RESULT: {}
RESULT: {}
COMMAND: GET /session/211805a0db2825488b2ffc481472c536/screenshot - {}
RESULT: {}
COMMAND: POST /session/211805a0db2825488b2ffc481472c536/execute/async - {"script":"<script> [189 bytes]","args":[]}
RESULT: {"script":"<script> [189 bytes]","args":[]}
COMMAND: POST /session/211805a0db2825488b2ffc481472c536/execute/async - {"script":"<script> [123 bytes]","args":[]}
RESULT: {"script":"<script> [123 bytes]","args":[]}
COMMAND: POST /session/211805a0db2825488b2ffc481472c536/timeouts - {"script":"<number>"}
RESULT: {"script":"<number>"}
COMMAND: GET /session/211805a0db2825488b2ffc481472c536/timeouts - {}
RESULT: {}
RESULT: undefined
COMMAND: POST /session/211805a0db2825488b2ffc481472c536/execute/async - {"script":"<script> [2676 bytes]","args":[]}
RESULT: {"script":"<script> [2676 bytes]","args":[]}
COMMAND: POST /session/211805a0db2825488b2ffc481472c536/execute/async - {"script":"<script> [2342 bytes]","args":[{"protocol":"http","hostname":"0.0.0.0","path":"/","capabilities":{"browserName":"chrome","goog:chromeOptions":{"binary":"C:\\Program Files\\Google\\Chrome\\Application\\chrome.exe","args":["--start-maximized"]}},"logLevel":"warn","connectionRetryTimeout":120000,"connectionRetryCount":3,"logLevels":{},"enableDirectConnect":true,"strictSSL":true,"_":"65 more keys: [\"cacheDir\",\"port\",\"requestedCapabilities\",\"automationProtocol\",\"baseUrl\",\"waitforInterval\",\"waitforTimeout\",\"onReload\",\"beforeCommand\",\"afterCommand\",\"rootDir\",\"specs\",\"suites\",\"exclude\",\"groupLogsByTestSpec\",\"excludeDriverLogs\",\"bail\",\"framework\",\"reporters\",\"services\",\"maxInstances\",\"maxInstancesPerCapability\",\"injectGlobals\",\"filesToWatch\",\"execArgv\",\"runnerEnv\",\"runner\",\"shard\",\"specFileRetries\",\"specFileRetriesDelay\",\"specFileRetriesDeferred\",\"reporterSyncInterval\",\"reporterSyncTimeout\",\"cucumberFeaturesWithLineNumbers\",\"autoCompileOpts\",\"mochaOpts\",\"jasmineOpts\",\"cucumberOpts\",\"onPrepare\",\"onWorkerStart\",\"onWorkerEnd\",\"before\",\"beforeSession\",\"beforeSuite\",\"beforeHook\",\"beforeTest\",\"afterTest\",\"afterHook\",\"afterSuite\",\"afterSession\",\"after\",\"onComplete\",\"beforeAssertion\",\"afterAssertion\",\"beforeFeature\",\"beforeScenario\",\"beforeStep\",\"afterStep\",\"afterScenario\",\"afterFeature\",\"_\",\"suite\",\"$0\",\"ignoredWorkerServices\",\"wdi5\"]"}]}
RESULT: {"script":"<script> [2342 bytes]","args":[{"protocol":"http","hostname":"0.0.0.0","path":"/","capabilities":{"browserName":"chrome","goog:chromeOptions":{"binary":"C:\\Program Files\\Google\\Chrome\\Application\\chrome.exe","args":["--start-maximized"]}},"logLevel":"warn","connectionRetryTimeout":120000,"connectionRetryCount":3,"logLevels":{},"enableDirectConnect":true,"strictSSL":true,"_":"65 more keys: [\"cacheDir\",\"port\",\"requestedCapabilities\",\"automationProtocol\",\"baseUrl\",\"waitforInterval\",\"waitforTimeout\",\"onReload\",\"beforeCommand\",\"afterCommand\",\"rootDir\",\"specs\",\"suites\",\"exclude\",\"groupLogsByTestSpec\",\"excludeDriverLogs\",\"bail\",\"framework\",\"reporters\",\"services\",\"maxInstances\",\"maxInstancesPerCapability\",\"injectGlobals\",\"filesToWatch\",\"execArgv\",\"runnerEnv\",\"runner\",\"shard\",\"specFileRetries\",\"specFileRetriesDelay\",\"specFileRetriesDeferred\",\"reporterSyncInterval\",\"reporterSyncTimeout\",\"cucumberFeaturesWithLineNumbers\",\"autoCompileOpts\",\"mochaOpts\",\"jasmineOpts\",\"cucumberOpts\",\"onPrepare\",\"onWorkerStart\",\"onWorkerEnd\",\"before\",\"beforeSession\",\"beforeSuite\",\"beforeHook\",\"beforeTest\",\"afterTest\",\"afterHook\",\"afterSuite\",\"afterSession\",\"after\",\"onComplete\",\"beforeAssertion\",\"afterAssertion\",\"beforeFeature\",\"beforeScenario\",\"beforeStep\",\"afterStep\",\"afterScenario\",\"afterFeature\",\"_\",\"suite\",\"$0\",\"ignoredWorkerServices\",\"wdi5\"]"}]}
COMMAND: POST /session/211805a0db2825488b2ffc481472c536/execute/async - {"script":"<script> [21126 bytes]","args":[35000]}
RESULT: {"script":"<script> [21126 bytes]","args":[35000]}
COMMAND: POST /session/211805a0db2825488b2ffc481472c536/execute/async - {"script":"<script> [1562 bytes]","args":[{"selector":{"id":"application-managecontracts-display-component---AddNewContract--contractType","interaction":{"idSuffix":"arrow"}},"wdio_ui5_key":"applicationmanagecontracts-display-component---AddNewContract--contractType"}]}
RESULT: {"script":"<script> [1562 bytes]","args":[{"selector":{"id":"application-managecontracts-display-component---AddNewContract--contractType","interaction":{"idSuffix":"arrow"}},"wdio_ui5_key":"applicationmanagecontracts-display-component---AddNewContract--contractType"}]}
RESULT: undefined
COMMAND: POST /session/211805a0db2825488b2ffc481472c536/element - {"using":"xpath","value":"//*[@id=\"application-managecontracts-display-component---AddNewContract--contractType\"]"}
RESULT: {"using":"xpath","value":"//*[@id=\"application-managecontracts-display-component---AddNewContract--contractType\"]"}
COMMAND: POST /session/211805a0db2825488b2ffc481472c536/element/f.B77A22107D10E5486A044045F14EEE7A.d.52440277ECF579AB2C58865B83906E36.e.10433/click - {}
RESULT: {}
COMMAND: GET /session/211805a0db2825488b2ffc481472c536/screenshot - {}
RESULT: {}
COMMAND: POST /session/211805a0db2825488b2ffc481472c536/execute/async - {"script":"<script> [1562 bytes]","args":[{"selector":{"controlType":"sap.ui.core.Item","viewName":"etm.portal.ui.managecontracts.view.AddNewContract","viewId":"application-managecontracts-display-component---AddNewContract","bindingPath":{"path":"/ContractTypes('02')","propertyPath":"ID","modelName":"catalogModel"},"searchOpenDialogs":true},"wdio_ui5_key":"etmportal.ui.managecontracts.view.AddNewContractsap.ui.core.Item{\"path\":\"/ContractTypes('02')\",\"propertyPath\":\"ID\",\"modelName\":\"catalogModel\"}"}]}
RESULT: {"script":"<script> [1562 bytes]","args":[{"selector":{"controlType":"sap.ui.core.Item","viewName":"etm.portal.ui.managecontracts.view.AddNewContract","viewId":"application-managecontracts-display-component---AddNewContract","bindingPath":{"path":"/ContractTypes('02')","propertyPath":"ID","modelName":"catalogModel"},"searchOpenDialogs":true},"wdio_ui5_key":"etmportal.ui.managecontracts.view.AddNewContractsap.ui.core.Item{\"path\":\"/ContractTypes('02')\",\"propertyPath\":\"ID\",\"modelName\":\"catalogModel\"}"}]}
RESULT: undefined
COMMAND: POST /session/211805a0db2825488b2ffc481472c536/element - {"using":"xpath","value":"//*[@id=\"__item44-application-managecontracts-display-component---AddNewContract--contractType-1\"]"}
RESULT: {"using":"xpath","value":"//*[@id=\"__item44-application-managecontracts-display-component---AddNewContract--contractType-1\"]"}
COMMAND: POST /session/211805a0db2825488b2ffc481472c536/element/f.B77A22107D10E5486A044045F14EEE7A.d.52440277ECF579AB2C58865B83906E36.e.10434/click - {}
RESULT: {}
COMMAND: GET /session/211805a0db2825488b2ffc481472c536/screenshot - {}
RESULT: {}
COMMAND: POST /session/211805a0db2825488b2ffc481472c536/execute/async - {"script":"<script> [1562 bytes]","args":[{"selector":{"id":"application-managecontracts-display-component---AddNewContract--projectDescription","interaction":{"idSuffix":"inner"}},"wdio_ui5_key":"applicationmanagecontracts-display-component---AddNewContract--projectDescription"}]}
RESULT: {"script":"<script> [1562 bytes]","args":[{"selector":{"id":"application-managecontracts-display-component---AddNewContract--projectDescription","interaction":{"idSuffix":"inner"}},"wdio_ui5_key":"applicationmanagecontracts-display-component---AddNewContract--projectDescription"}]}
RESULT: undefined
COMMAND: POST /session/211805a0db2825488b2ffc481472c536/execute/async - {"script":"<script> [776 bytes]","args":[{"enterText":"WdIOReduced7hten","selector":{"id":"application-managecontracts-display-component---AddNewContract--projectDescription","interaction":{"idSuffix":"inner"}},"clearTextFirst":true,"interactionType":"ENTER_TEXT"}]}
RESULT: {"script":"<script> [776 bytes]","args":[{"enterText":"WdIOReduced7hten","selector":{"id":"application-managecontracts-display-component---AddNewContract--projectDescription","interaction":{"idSuffix":"inner"}},"clearTextFirst":true,"interactionType":"ENTER_TEXT"}]}
COMMAND: POST /session/211805a0db2825488b2ffc481472c536/element - {"using":"xpath","value":"//input[@id=\"application-managecontracts-display-component---AddNewContract--yardId-inner\"]"}
RESULT: {"using":"xpath","value":"//input[@id=\"application-managecontracts-display-component---AddNewContract--yardId-inner\"]"}
COMMAND: POST /session/211805a0db2825488b2ffc481472c536/element/f.B77A22107D10E5486A044045F14EEE7A.d.52440277ECF579AB2C58865B83906E36.e.10356/clear - {}
RESULT: {}
COMMAND: POST /session/211805a0db2825488b2ffc481472c536/element/f.B77A22107D10E5486A044045F14EEE7A.d.52440277ECF579AB2C58865B83906E36.e.10356/value - {"text":"WebdriverYard16x1lg"}
COMMAND: GET /session/211805a0db2825488b2ffc481472c536/screenshot - {}
RESULT: {"text":"WebdriverYard16x1lg"}
COMMAND: GET /session/211805a0db2825488b2ffc481472c536/screenshot - {}
RESULT: {}
RESULT: {}
COMMAND: POST /session/211805a0db2825488b2ffc481472c536/actions - {"actions":[{"id":"action58","type":"key","parameters":{},"actions":[{"type":"keyDown","value":"î€‡"},{"type":"pause","duration":10},{"type":"keyUp","value":"î€‡"}]}]}
RESULT: {"actions":[{"id":"action58","type":"key","parameters":{},"actions":[{"type":"keyDown","value":"î€‡"},{"type":"pause","duration":10},{"type":"keyUp","value":"î€‡"}]}]}
COMMAND: GET /session/211805a0db2825488b2ffc481472c536/screenshot - {}
RESULT: {}
COMMAND: POST /session/211805a0db2825488b2ffc481472c536/element - {"using":"xpath","value":"//input[@id=\"application-managecontracts-display-component---AddNewContract--customerSelect-inner\"]"}
RESULT: {"using":"xpath","value":"//input[@id=\"application-managecontracts-display-component---AddNewContract--customerSelect-inner\"]"}
COMMAND: POST /session/211805a0db2825488b2ffc481472c536/element/f.B77A22107D10E5486A044045F14EEE7A.d.52440277ECF579AB2C58865B83906E36.e.10354/clear - {}
RESULT: {}
COMMAND: POST /session/211805a0db2825488b2ffc481472c536/element/f.B77A22107D10E5486A044045F14EEE7A.d.52440277ECF579AB2C58865B83906E36.e.10354/value - {"text":"WebdriverPartnervz4mx"}
COMMAND: GET /session/211805a0db2825488b2ffc481472c536/screenshot - {}
RESULT: {"text":"WebdriverPartnervz4mx"}
COMMAND: GET /session/211805a0db2825488b2ffc481472c536/screenshot - {}
RESULT: {}
RESULT: {}
COMMAND: POST /session/211805a0db2825488b2ffc481472c536/actions - {"actions":[{"id":"action59","type":"key","parameters":{},"actions":[{"type":"keyDown","value":"î€‡"},{"type":"pause","duration":10},{"type":"keyUp","value":"î€‡"}]}]}
RESULT: {"actions":[{"id":"action59","type":"key","parameters":{},"actions":[{"type":"keyDown","value":"î€‡"},{"type":"pause","duration":10},{"type":"keyUp","value":"î€‡"}]}]}
COMMAND: GET /session/211805a0db2825488b2ffc481472c536/screenshot - {}
RESULT: {}
COMMAND: POST /session/211805a0db2825488b2ffc481472c536/execute/async - {"script":"<script> [1562 bytes]","args":[{"selector":{"id":"application-managecontracts-display-component---AddNewContract--calendarInput-arrow"},"wdio_ui5_key":"applicationmanagecontracts-display-component---AddNewContract--calendarInput-arrow"}]}
RESULT: {"script":"<script> [1562 bytes]","args":[{"selector":{"id":"application-managecontracts-display-component---AddNewContract--calendarInput-arrow"},"wdio_ui5_key":"applicationmanagecontracts-display-component---AddNewContract--calendarInput-arrow"}]}
RESULT: undefined
COMMAND: POST /session/211805a0db2825488b2ffc481472c536/element - {"using":"xpath","value":"//*[@id=\"application-managecontracts-display-component---AddNewContract--calendarInput-arrow\"]"}
RESULT: {"using":"xpath","value":"//*[@id=\"application-managecontracts-display-component---AddNewContract--calendarInput-arrow\"]"}
COMMAND: POST /session/211805a0db2825488b2ffc481472c536/element/f.B77A22107D10E5486A044045F14EEE7A.d.52440277ECF579AB2C58865B83906E36.e.10438/click - {}
RESULT: {}
COMMAND: GET /session/211805a0db2825488b2ffc481472c536/screenshot - {}
RESULT: {}
COMMAND: POST /session/211805a0db2825488b2ffc481472c536/execute/async - {"script":"<script> [1562 bytes]","args":[{"selector":{"controlType":"sap.m.StandardListItem","viewName":"etm.portal.ui.managecontracts.view.AddNewContract","viewId":"application-managecontracts-display-component---AddNewContract","properties":{"title":"1 - Calendar unit test patch"},"searchOpenDialogs":true,"interaction":{"idSuffix":"titleText"}},"wdio_ui5_key":"etmportal.ui.managecontracts.view.AddNewContractsap.m.StandardListItem{\"title\":\"1 - Calendar unit test patch\"}"}]}
RESULT: {"script":"<script> [1562 bytes]","args":[{"selector":{"controlType":"sap.m.StandardListItem","viewName":"etm.portal.ui.managecontracts.view.AddNewContract","viewId":"application-managecontracts-display-component---AddNewContract","properties":{"title":"1 - Calendar unit test patch"},"searchOpenDialogs":true,"interaction":{"idSuffix":"titleText"}},"wdio_ui5_key":"etmportal.ui.managecontracts.view.AddNewContractsap.m.StandardListItem{\"title\":\"1 - Calendar unit test patch\"}"}]}
RESULT: undefined
COMMAND: POST /session/211805a0db2825488b2ffc481472c536/element - {"using":"xpath","value":"//*[@id=\"__item931\"]"}
RESULT: {"using":"xpath","value":"//*[@id=\"__item931\"]"}
COMMAND: POST /session/211805a0db2825488b2ffc481472c536/element/f.B77A22107D10E5486A044045F14EEE7A.d.52440277ECF579AB2C58865B83906E36.e.10440/click - {}
RESULT: {}
COMMAND: GET /session/211805a0db2825488b2ffc481472c536/screenshot - {}
RESULT: {}
COMMAND: POST /session/211805a0db2825488b2ffc481472c536/execute/async - {"script":"<script> [1562 bytes]","args":[{"selector":{"id":"application-managecontracts-display-component---AddNewContract--streetInput","interaction":{"idSuffix":"inner"}},"wdio_ui5_key":"applicationmanagecontracts-display-component---AddNewContract--streetInput"}]}
RESULT: {"script":"<script> [1562 bytes]","args":[{"selector":{"id":"application-managecontracts-display-component---AddNewContract--streetInput","interaction":{"idSuffix":"inner"}},"wdio_ui5_key":"applicationmanagecontracts-display-component---AddNewContract--streetInput"}]}
RESULT: undefined
COMMAND: POST /session/211805a0db2825488b2ffc481472c536/execute/async - {"script":"<script> [776 bytes]","args":[{"enterText":"StreetWdIO","selector":{"id":"application-managecontracts-display-component---AddNewContract--streetInput","interaction":{"idSuffix":"inner"}},"clearTextFirst":true,"interactionType":"ENTER_TEXT"}]}
RESULT: {"script":"<script> [776 bytes]","args":[{"enterText":"StreetWdIO","selector":{"id":"application-managecontracts-display-component---AddNewContract--streetInput","interaction":{"idSuffix":"inner"}},"clearTextFirst":true,"interactionType":"ENTER_TEXT"}]}
COMMAND: POST /session/211805a0db2825488b2ffc481472c536/execute/async - {"script":"<script> [1562 bytes]","args":[{"selector":{"id":"application-managecontracts-display-component---AddNewContract--numberInput","interaction":{"idSuffix":"inner"}},"wdio_ui5_key":"applicationmanagecontracts-display-component---AddNewContract--numberInput"}]}
RESULT: {"script":"<script> [1562 bytes]","args":[{"selector":{"id":"application-managecontracts-display-component---AddNewContract--numberInput","interaction":{"idSuffix":"inner"}},"wdio_ui5_key":"applicationmanagecontracts-display-component---AddNewContract--numberInput"}]}
RESULT: undefined
COMMAND: POST /session/211805a0db2825488b2ffc481472c536/execute/async - {"script":"<script> [776 bytes]","args":[{"enterText":"3","selector":{"id":"application-managecontracts-display-component---AddNewContract--numberInput","interaction":{"idSuffix":"inner"}},"clearTextFirst":true,"interactionType":"ENTER_TEXT"}]}
RESULT: {"script":"<script> [776 bytes]","args":[{"enterText":"3","selector":{"id":"application-managecontracts-display-component---AddNewContract--numberInput","interaction":{"idSuffix":"inner"}},"clearTextFirst":true,"interactionType":"ENTER_TEXT"}]}
COMMAND: POST /session/211805a0db2825488b2ffc481472c536/execute/async - {"script":"<script> [1562 bytes]","args":[{"selector":{"id":"application-managecontracts-display-component---AddNewContract--cityInput","interaction":{"idSuffix":"inner"}},"wdio_ui5_key":"applicationmanagecontracts-display-component---AddNewContract--cityInput"}]}
RESULT: {"script":"<script> [1562 bytes]","args":[{"selector":{"id":"application-managecontracts-display-component---AddNewContract--cityInput","interaction":{"idSuffix":"inner"}},"wdio_ui5_key":"applicationmanagecontracts-display-component---AddNewContract--cityInput"}]}
RESULT: undefined
COMMAND: POST /session/211805a0db2825488b2ffc481472c536/execute/async - {"script":"<script> [776 bytes]","args":[{"enterText":"Bucharest","selector":{"id":"application-managecontracts-display-component---AddNewContract--cityInput","interaction":{"idSuffix":"inner"}},"clearTextFirst":true,"interactionType":"ENTER_TEXT"}]}
RESULT: {"script":"<script> [776 bytes]","args":[{"enterText":"Bucharest","selector":{"id":"application-managecontracts-display-component---AddNewContract--cityInput","interaction":{"idSuffix":"inner"}},"clearTextFirst":true,"interactionType":"ENTER_TEXT"}]}
COMMAND: POST /session/211805a0db2825488b2ffc481472c536/execute/async - {"script":"<script> [1562 bytes]","args":[{"selector":{"id":"application-managecontracts-display-component---AddNewContract--zipInput","interaction":{"idSuffix":"inner"}},"wdio_ui5_key":"applicationmanagecontracts-display-component---AddNewContract--zipInput"}]}
RESULT: {"script":"<script> [1562 bytes]","args":[{"selector":{"id":"application-managecontracts-display-component---AddNewContract--zipInput","interaction":{"idSuffix":"inner"}},"wdio_ui5_key":"applicationmanagecontracts-display-component---AddNewContract--zipInput"}]}
RESULT: undefined
COMMAND: POST /session/211805a0db2825488b2ffc481472c536/execute/async - {"script":"<script> [776 bytes]","args":[{"enterText":"021210","selector":{"id":"application-managecontracts-display-component---AddNewContract--zipInput","interaction":{"idSuffix":"inner"}},"clearTextFirst":true,"interactionType":"ENTER_TEXT"}]}
RESULT: {"script":"<script> [776 bytes]","args":[{"enterText":"021210","selector":{"id":"application-managecontracts-display-component---AddNewContract--zipInput","interaction":{"idSuffix":"inner"}},"clearTextFirst":true,"interactionType":"ENTER_TEXT"}]}
COMMAND: POST /session/211805a0db2825488b2ffc481472c536/element - {"using":"xpath","value":"//bdi[contains(@id ,\"application-managecontracts-display-component---AddNewContract--saveBtn-BDI-content\")]"}
RESULT: {"using":"xpath","value":"//bdi[contains(@id ,\"application-managecontracts-display-component---AddNewContract--saveBtn-BDI-content\")]"}
COMMAND: POST /session/211805a0db2825488b2ffc481472c536/element/f.B77A22107D10E5486A044045F14EEE7A.d.52440277ECF579AB2C58865B83906E36.e.10445/click - {}
RESULT: {}
COMMAND: GET /session/211805a0db2825488b2ffc481472c536/screenshot - {}
RESULT: {}
COMMAND: POST /session/211805a0db2825488b2ffc481472c536/element - {"using":"xpath","value":"//button[contains(@data-kt ,\"contractDetailEditBtnButton\")]"}
RESULT: {"using":"xpath","value":"//button[contains(@data-kt ,\"contractDetailEditBtnButton\")]"}
COMMAND: POST /session/211805a0db2825488b2ffc481472c536/execute/sync - {"script":"<script> [8489 bytes]","args":[{"element-6066-11e4-a52e-4f735466cecf":"f.B77A22107D10E5486A044045F14EEE7A.d.52440277ECF579AB2C58865B83906E36.e.10514","ELEMENT":"f.B77A22107D10E5486A044045F14EEE7A.d.52440277ECF579AB2C58865B83906E36.e.10514"}]}
RESULT: {"script":"<script> [8489 bytes]","args":[{"element-6066-11e4-a52e-4f735466cecf":"f.B77A22107D10E5486A044045F14EEE7A.d.52440277ECF579AB2C58865B83906E36.e.10514","ELEMENT":"f.B77A22107D10E5486A044045F14EEE7A.d.52440277ECF579AB2C58865B83906E36.e.10514"}]}
COMMAND: POST /session/211805a0db2825488b2ffc481472c536/execute/sync - {"script":"<script> [8489 bytes]","args":[{"element-6066-11e4-a52e-4f735466cecf":"f.B77A22107D10E5486A044045F14EEE7A.d.52440277ECF579AB2C58865B83906E36.e.10514","ELEMENT":"f.B77A22107D10E5486A044045F14EEE7A.d.52440277ECF579AB2C58865B83906E36.e.10514"}]}
COMMAND: GET /session/211805a0db2825488b2ffc481472c536/screenshot - {}
RESULT: {"script":"<script> [8489 bytes]","args":[{"element-6066-11e4-a52e-4f735466cecf":"f.B77A22107D10E5486A044045F14EEE7A.d.52440277ECF579AB2C58865B83906E36.e.10514","ELEMENT":"f.B77A22107D10E5486A044045F14EEE7A.d.52440277ECF579AB2C58865B83906E36.e.10514"}]}
COMMAND: POST /session/211805a0db2825488b2ffc481472c536/execute/sync - {"script":"<script> [5351 bytes]","args":[{"element-6066-11e4-a52e-4f735466cecf":"f.B77A22107D10E5486A044045F14EEE7A.d.52440277ECF579AB2C58865B83906E36.e.10514","ELEMENT":"f.B77A22107D10E5486A044045F14EEE7A.d.52440277ECF579AB2C58865B83906E36.e.10514"}]}
COMMAND: GET /session/211805a0db2825488b2ffc481472c536/screenshot - {}
RESULT: {}
RESULT: {"script":"<script> [5351 bytes]","args":[{"element-6066-11e4-a52e-4f735466cecf":"f.B77A22107D10E5486A044045F14EEE7A.d.52440277ECF579AB2C58865B83906E36.e.10514","ELEMENT":"f.B77A22107D10E5486A044045F14EEE7A.d.52440277ECF579AB2C58865B83906E36.e.10514"}]}
COMMAND: POST /session/211805a0db2825488b2ffc481472c536/execute/async - {"script":"<script> [1562 bytes]","args":[{"selector":{"controlType":"sap.m.Text","viewName":"etm.portal.ui.managecontracts.view.Detail","bindingPath":{"propertyPath":"LINK_TO_C_CONTRACT_TYPES/DESCRIPTION","modelName":"catalogModel"}},"wdio_ui5_key":"etmportal.ui.managecontracts.view.Detailsap.m.Text{\"propertyPath\":\"LINK_TO_C_CONTRACT_TYPES/DESCRIPTION\",\"modelName\":\"catalogModel\"}"}]}
COMMAND: GET /session/211805a0db2825488b2ffc481472c536/screenshot - {}
RESULT: {}
RESULT: {"script":"<script> [1562 bytes]","args":[{"selector":{"controlType":"sap.m.Text","viewName":"etm.portal.ui.managecontracts.view.Detail","bindingPath":{"propertyPath":"LINK_TO_C_CONTRACT_TYPES/DESCRIPTION","modelName":"catalogModel"}},"wdio_ui5_key":"etmportal.ui.managecontracts.view.Detailsap.m.Text{\"propertyPath\":\"LINK_TO_C_CONTRACT_TYPES/DESCRIPTION\",\"modelName\":\"catalogModel\"}"}]}
RESULT: undefined
COMMAND: POST /session/211805a0db2825488b2ffc481472c536/execute/async - {"script":"<script> [6424 bytes]","args":[{"element-6066-11e4-a52e-4f735466cecf":"f.B77A22107D10E5486A044045F14EEE7A.d.52440277ECF579AB2C58865B83906E36.e.10515"},"getText",[]]}
RESULT: {}
RESULT: {"script":"<script> [6424 bytes]","args":[{"element-6066-11e4-a52e-4f735466cecf":"f.B77A22107D10E5486A044045F14EEE7A.d.52440277ECF579AB2C58865B83906E36.e.10515"},"getText",[]]}
COMMAND: POST /session/211805a0db2825488b2ffc481472c536/element/f.B77A22107D10E5486A044045F14EEE7A.d.52440277ECF579AB2C58865B83906E36.e.10514/click - {}
RESULT: {}
COMMAND: GET /session/211805a0db2825488b2ffc481472c536/screenshot - {}
RESULT: {}
]]></system-out>
    </testcase>
    <testcase classname="chrome.135_0_7049_96.windows.Reduced_contract_US151275" name="Should add a RU to the contract" time="52.526">
      <system-out><![CDATA[
COMMAND: POST /session/211805a0db2825488b2ffc481472c536/element - {"using":"xpath","value":"(//span[contains(text(), \"Header Billing Items\")])[2]"}
RESULT: {"using":"xpath","value":"(//span[contains(text(), \"Header Billing Items\")])[2]"}
COMMAND: POST /session/211805a0db2825488b2ffc481472c536/element/f.B77A22107D10E5486A044045F14EEE7A.d.52440277ECF579AB2C58865B83906E36.e.10559/click - {}
RESULT: {}
COMMAND: GET /session/211805a0db2825488b2ffc481472c536/screenshot - {}
RESULT: {}
COMMAND: POST /session/211805a0db2825488b2ffc481472c536/element - {"using":"xpath","value":"//button[@data-kt=\"btnAddTableRowOverflowToolbarButton\"]"}
RESULT: {"using":"xpath","value":"//button[@data-kt=\"btnAddTableRowOverflowToolbarButton\"]"}
COMMAND: POST /session/211805a0db2825488b2ffc481472c536/element/f.B77A22107D10E5486A044045F14EEE7A.d.52440277ECF579AB2C58865B83906E36.e.10562/click - {}
RESULT: {}
COMMAND: GET /session/211805a0db2825488b2ffc481472c536/screenshot - {}
RESULT: {}
COMMAND: POST /session/211805a0db2825488b2ffc481472c536/element - {"using":"xpath","value":"//div[(text() = 'Standard Entry' or . = 'Standard Entry')]"}
RESULT: {"using":"xpath","value":"//div[(text() = 'Standard Entry' or . = 'Standard Entry')]"}
COMMAND: POST /session/211805a0db2825488b2ffc481472c536/element/f.B77A22107D10E5486A044045F14EEE7A.d.52440277ECF579AB2C58865B83906E36.e.10564/click - {}
RESULT: {}
COMMAND: POST /session/211805a0db2825488b2ffc481472c536/element - {"using":"xpath","value":"//td[6]/div/div/input[1]"}
COMMAND: GET /session/211805a0db2825488b2ffc481472c536/screenshot - {}
RESULT: {"using":"xpath","value":"//td[6]/div/div/input[1]"}
COMMAND: POST /session/211805a0db2825488b2ffc481472c536/element/f.B77A22107D10E5486A044045F14EEE7A.d.52440277ECF579AB2C58865B83906E36.e.10566/click - {}
RESULT: {}
RESULT: {}
COMMAND: POST /session/211805a0db2825488b2ffc481472c536/actions - {"actions":[{"id":"action60","type":"key","parameters":{},"actions":[{"type":"keyDown","value":"î€ƒ"},{"type":"pause","duration":10},{"type":"keyUp","value":"î€ƒ"}]}]}
COMMAND: GET /session/211805a0db2825488b2ffc481472c536/screenshot - {}
RESULT: {"actions":[{"id":"action60","type":"key","parameters":{},"actions":[{"type":"keyDown","value":"î€ƒ"},{"type":"pause","duration":10},{"type":"keyUp","value":"î€ƒ"}]}]}
COMMAND: POST /session/211805a0db2825488b2ffc481472c536/element - {"using":"xpath","value":"//td[6]/div/div/input[1]"}
COMMAND: GET /session/211805a0db2825488b2ffc481472c536/screenshot - {}
RESULT: {}
RESULT: {"using":"xpath","value":"//td[6]/div/div/input[1]"}
COMMAND: POST /session/211805a0db2825488b2ffc481472c536/element/f.B77A22107D10E5486A044045F14EEE7A.d.52440277ECF579AB2C58865B83906E36.e.10566/clear - {}
RESULT: {}
RESULT: {}
COMMAND: POST /session/211805a0db2825488b2ffc481472c536/element/f.B77A22107D10E5486A044045F14EEE7A.d.52440277ECF579AB2C58865B83906E36.e.10566/value - {"text":"Material"}
COMMAND: GET /session/211805a0db2825488b2ffc481472c536/screenshot - {}
RESULT: {"text":"Material"}
COMMAND: GET /session/211805a0db2825488b2ffc481472c536/screenshot - {}
RESULT: {}
RESULT: {}
COMMAND: POST /session/211805a0db2825488b2ffc481472c536/actions - {"actions":[{"id":"action61","type":"key","parameters":{},"actions":[{"type":"keyDown","value":"î€‡"},{"type":"pause","duration":10},{"type":"keyUp","value":"î€‡"}]}]}
RESULT: {"actions":[{"id":"action61","type":"key","parameters":{},"actions":[{"type":"keyDown","value":"î€‡"},{"type":"pause","duration":10},{"type":"keyUp","value":"î€‡"}]}]}
COMMAND: GET /session/211805a0db2825488b2ffc481472c536/screenshot - {}
RESULT: {}
COMMAND: POST /session/211805a0db2825488b2ffc481472c536/actions - {"actions":[{"id":"action62","type":"key","parameters":{},"actions":[{"type":"keyDown","value":"î€‡"},{"type":"pause","duration":10},{"type":"keyUp","value":"î€‡"}]}]}
RESULT: {"actions":[{"id":"action62","type":"key","parameters":{},"actions":[{"type":"keyDown","value":"î€‡"},{"type":"pause","duration":10},{"type":"keyUp","value":"î€‡"}]}]}
COMMAND: POST /session/211805a0db2825488b2ffc481472c536/element - {"using":"xpath","value":"//td[7]/div/div/input"}
COMMAND: GET /session/211805a0db2825488b2ffc481472c536/screenshot - {}
RESULT: {"using":"xpath","value":"//td[7]/div/div/input"}
COMMAND: POST /session/211805a0db2825488b2ffc481472c536/element/f.B77A22107D10E5486A044045F14EEE7A.d.52440277ECF579AB2C58865B83906E36.e.10579/clear - {}
RESULT: {}
RESULT: {}
COMMAND: POST /session/211805a0db2825488b2ffc481472c536/element/f.B77A22107D10E5486A044045F14EEE7A.d.52440277ECF579AB2C58865B83906E36.e.10579/value - {"text":"WebdriverRUR2C"}
COMMAND: GET /session/211805a0db2825488b2ffc481472c536/screenshot - {}
RESULT: {"text":"WebdriverRUR2C"}
COMMAND: GET /session/211805a0db2825488b2ffc481472c536/screenshot - {}
RESULT: {}
RESULT: {}
COMMAND: POST /session/211805a0db2825488b2ffc481472c536/actions - {"actions":[{"id":"action63","type":"key","parameters":{},"actions":[{"type":"keyDown","value":"î€‡"},{"type":"pause","duration":10},{"type":"keyUp","value":"î€‡"}]}]}
RESULT: {"actions":[{"id":"action63","type":"key","parameters":{},"actions":[{"type":"keyDown","value":"î€‡"},{"type":"pause","duration":10},{"type":"keyUp","value":"î€‡"}]}]}
COMMAND: GET /session/211805a0db2825488b2ffc481472c536/screenshot - {}
COMMAND: POST /session/211805a0db2825488b2ffc481472c536/actions - {"actions":[{"id":"action64","type":"key","parameters":{},"actions":[{"type":"keyDown","value":"î€‡"},{"type":"pause","duration":10},{"type":"keyUp","value":"î€‡"}]}]}
RESULT: {}
RESULT: {"actions":[{"id":"action64","type":"key","parameters":{},"actions":[{"type":"keyDown","value":"î€‡"},{"type":"pause","duration":10},{"type":"keyUp","value":"î€‡"}]}]}
COMMAND: GET /session/211805a0db2825488b2ffc481472c536/screenshot - {}
RESULT: {}
COMMAND: POST /session/211805a0db2825488b2ffc481472c536/element - {"using":"xpath","value":"(//button[@data-kt=\"saveButton\"])[2]"}
RESULT: {"using":"xpath","value":"(//button[@data-kt=\"saveButton\"])[2]"}
COMMAND: POST /session/211805a0db2825488b2ffc481472c536/element/f.B77A22107D10E5486A044045F14EEE7A.d.52440277ECF579AB2C58865B83906E36.e.10604/click - {}
RESULT: {}
COMMAND: GET /session/211805a0db2825488b2ffc481472c536/screenshot - {}
RESULT: {}
COMMAND: POST /session/211805a0db2825488b2ffc481472c536/element - {"using":"xpath","value":"//button[contains(@data-kt ,\"contractDetailEditBtnButton\")]"}
RESULT: {"using":"xpath","value":"//button[contains(@data-kt ,\"contractDetailEditBtnButton\")]"}
COMMAND: POST /session/211805a0db2825488b2ffc481472c536/execute/sync - {"script":"<script> [8489 bytes]","args":[{"element-6066-11e4-a52e-4f735466cecf":"f.B77A22107D10E5486A044045F14EEE7A.d.52440277ECF579AB2C58865B83906E36.e.10514","ELEMENT":"f.B77A22107D10E5486A044045F14EEE7A.d.52440277ECF579AB2C58865B83906E36.e.10514"}]}
RESULT: {"script":"<script> [8489 bytes]","args":[{"element-6066-11e4-a52e-4f735466cecf":"f.B77A22107D10E5486A044045F14EEE7A.d.52440277ECF579AB2C58865B83906E36.e.10514","ELEMENT":"f.B77A22107D10E5486A044045F14EEE7A.d.52440277ECF579AB2C58865B83906E36.e.10514"}]}
COMMAND: POST /session/211805a0db2825488b2ffc481472c536/execute/sync - {"script":"<script> [8489 bytes]","args":[{"element-6066-11e4-a52e-4f735466cecf":"f.B77A22107D10E5486A044045F14EEE7A.d.52440277ECF579AB2C58865B83906E36.e.10514","ELEMENT":"f.B77A22107D10E5486A044045F14EEE7A.d.52440277ECF579AB2C58865B83906E36.e.10514"}]}
COMMAND: GET /session/211805a0db2825488b2ffc481472c536/screenshot - {}
RESULT: {"script":"<script> [8489 bytes]","args":[{"element-6066-11e4-a52e-4f735466cecf":"f.B77A22107D10E5486A044045F14EEE7A.d.52440277ECF579AB2C58865B83906E36.e.10514","ELEMENT":"f.B77A22107D10E5486A044045F14EEE7A.d.52440277ECF579AB2C58865B83906E36.e.10514"}]}
COMMAND: POST /session/211805a0db2825488b2ffc481472c536/execute/sync - {"script":"<script> [5351 bytes]","args":[{"element-6066-11e4-a52e-4f735466cecf":"f.B77A22107D10E5486A044045F14EEE7A.d.52440277ECF579AB2C58865B83906E36.e.10514","ELEMENT":"f.B77A22107D10E5486A044045F14EEE7A.d.52440277ECF579AB2C58865B83906E36.e.10514"}]}
COMMAND: GET /session/211805a0db2825488b2ffc481472c536/screenshot - {}
RESULT: {}
RESULT: {"script":"<script> [5351 bytes]","args":[{"element-6066-11e4-a52e-4f735466cecf":"f.B77A22107D10E5486A044045F14EEE7A.d.52440277ECF579AB2C58865B83906E36.e.10514","ELEMENT":"f.B77A22107D10E5486A044045F14EEE7A.d.52440277ECF579AB2C58865B83906E36.e.10514"}]}
COMMAND: POST /session/211805a0db2825488b2ffc481472c536/element - {"using":"xpath","value":"(//span[contains(text(), \"Header Billing Items\")])[1]"}
COMMAND: GET /session/211805a0db2825488b2ffc481472c536/screenshot - {}
RESULT: {}
RESULT: {"using":"xpath","value":"(//span[contains(text(), \"Header Billing Items\")])[1]"}
COMMAND: POST /session/211805a0db2825488b2ffc481472c536/element/f.B77A22107D10E5486A044045F14EEE7A.d.52440277ECF579AB2C58865B83906E36.e.10607/click - {}
RESULT: {}
RESULT: {}
COMMAND: GET /session/211805a0db2825488b2ffc481472c536/screenshot - {}
RESULT: {}
COMMAND: POST /session/211805a0db2825488b2ffc481472c536/execute/async - {"script":"<script> [1562 bytes]","args":[{"selector":{"controlType":"sap.m.Title","viewName":"etm.portal.ui.managecontracts.view.Detail","properties":{"text":"Contract Items (1)"}},"wdio_ui5_key":"etmportal.ui.managecontracts.view.Detailsap.m.Title{\"text\":\"Contract Items (1)\"}"}]}
RESULT: {"script":"<script> [1562 bytes]","args":[{"selector":{"controlType":"sap.m.Title","viewName":"etm.portal.ui.managecontracts.view.Detail","properties":{"text":"Contract Items (1)"}},"wdio_ui5_key":"etmportal.ui.managecontracts.view.Detailsap.m.Title{\"text\":\"Contract Items (1)\"}"}]}
RESULT: undefined
COMMAND: POST /session/211805a0db2825488b2ffc481472c536/execute/async - {"script":"<script> [6424 bytes]","args":[{"element-6066-11e4-a52e-4f735466cecf":"f.B77A22107D10E5486A044045F14EEE7A.d.52440277ECF579AB2C58865B83906E36.e.10609"},"getText",[]]}
RESULT: {"script":"<script> [6424 bytes]","args":[{"element-6066-11e4-a52e-4f735466cecf":"f.B77A22107D10E5486A044045F14EEE7A.d.52440277ECF579AB2C58865B83906E36.e.10609"},"getText",[]]}
COMMAND: POST /session/211805a0db2825488b2ffc481472c536/element - {"using":"xpath","value":"(//span[contains(@class ,\"sapMObjStatusText\")])[1]"}
RESULT: {"using":"xpath","value":"(//span[contains(@class ,\"sapMObjStatusText\")])[1]"}
COMMAND: GET /session/211805a0db2825488b2ffc481472c536/element/f.B77A22107D10E5486A044045F14EEE7A.d.52440277ECF579AB2C58865B83906E36.e.10610/text - {}
RESULT: {}
COMMAND: POST /session/211805a0db2825488b2ffc481472c536/refresh - {}
RESULT: {}
COMMAND: GET /session/211805a0db2825488b2ffc481472c536/screenshot - {}
RESULT: {}
COMMAND: POST /session/211805a0db2825488b2ffc481472c536/execute/async - {"script":"<script> [189 bytes]","args":[]}
RESULT: {"script":"<script> [189 bytes]","args":[]}
COMMAND: POST /session/211805a0db2825488b2ffc481472c536/execute/async - {"script":"<script> [123 bytes]","args":[]}
RESULT: {"script":"<script> [123 bytes]","args":[]}
COMMAND: POST /session/211805a0db2825488b2ffc481472c536/timeouts - {"script":"<number>"}
RESULT: {"script":"<number>"}
COMMAND: GET /session/211805a0db2825488b2ffc481472c536/timeouts - {}
RESULT: {}
RESULT: undefined
COMMAND: POST /session/211805a0db2825488b2ffc481472c536/execute/async - {"script":"<script> [2676 bytes]","args":[]}
RESULT: {"script":"<script> [2676 bytes]","args":[]}
COMMAND: POST /session/211805a0db2825488b2ffc481472c536/execute/async - {"script":"<script> [2342 bytes]","args":[{"protocol":"http","hostname":"0.0.0.0","path":"/","capabilities":{"browserName":"chrome","goog:chromeOptions":{"binary":"C:\\Program Files\\Google\\Chrome\\Application\\chrome.exe","args":["--start-maximized"]}},"logLevel":"warn","connectionRetryTimeout":120000,"connectionRetryCount":3,"logLevels":{},"enableDirectConnect":true,"strictSSL":true,"_":"65 more keys: [\"cacheDir\",\"port\",\"requestedCapabilities\",\"automationProtocol\",\"baseUrl\",\"waitforInterval\",\"waitforTimeout\",\"onReload\",\"beforeCommand\",\"afterCommand\",\"rootDir\",\"specs\",\"suites\",\"exclude\",\"groupLogsByTestSpec\",\"excludeDriverLogs\",\"bail\",\"framework\",\"reporters\",\"services\",\"maxInstances\",\"maxInstancesPerCapability\",\"injectGlobals\",\"filesToWatch\",\"execArgv\",\"runnerEnv\",\"runner\",\"shard\",\"specFileRetries\",\"specFileRetriesDelay\",\"specFileRetriesDeferred\",\"reporterSyncInterval\",\"reporterSyncTimeout\",\"cucumberFeaturesWithLineNumbers\",\"autoCompileOpts\",\"mochaOpts\",\"jasmineOpts\",\"cucumberOpts\",\"onPrepare\",\"onWorkerStart\",\"onWorkerEnd\",\"before\",\"beforeSession\",\"beforeSuite\",\"beforeHook\",\"beforeTest\",\"afterTest\",\"afterHook\",\"afterSuite\",\"afterSession\",\"after\",\"onComplete\",\"beforeAssertion\",\"afterAssertion\",\"beforeFeature\",\"beforeScenario\",\"beforeStep\",\"afterStep\",\"afterScenario\",\"afterFeature\",\"_\",\"suite\",\"$0\",\"ignoredWorkerServices\",\"wdi5\"]"}]}
RESULT: {"script":"<script> [2342 bytes]","args":[{"protocol":"http","hostname":"0.0.0.0","path":"/","capabilities":{"browserName":"chrome","goog:chromeOptions":{"binary":"C:\\Program Files\\Google\\Chrome\\Application\\chrome.exe","args":["--start-maximized"]}},"logLevel":"warn","connectionRetryTimeout":120000,"connectionRetryCount":3,"logLevels":{},"enableDirectConnect":true,"strictSSL":true,"_":"65 more keys: [\"cacheDir\",\"port\",\"requestedCapabilities\",\"automationProtocol\",\"baseUrl\",\"waitforInterval\",\"waitforTimeout\",\"onReload\",\"beforeCommand\",\"afterCommand\",\"rootDir\",\"specs\",\"suites\",\"exclude\",\"groupLogsByTestSpec\",\"excludeDriverLogs\",\"bail\",\"framework\",\"reporters\",\"services\",\"maxInstances\",\"maxInstancesPerCapability\",\"injectGlobals\",\"filesToWatch\",\"execArgv\",\"runnerEnv\",\"runner\",\"shard\",\"specFileRetries\",\"specFileRetriesDelay\",\"specFileRetriesDeferred\",\"reporterSyncInterval\",\"reporterSyncTimeout\",\"cucumberFeaturesWithLineNumbers\",\"autoCompileOpts\",\"mochaOpts\",\"jasmineOpts\",\"cucumberOpts\",\"onPrepare\",\"onWorkerStart\",\"onWorkerEnd\",\"before\",\"beforeSession\",\"beforeSuite\",\"beforeHook\",\"beforeTest\",\"afterTest\",\"afterHook\",\"afterSuite\",\"afterSession\",\"after\",\"onComplete\",\"beforeAssertion\",\"afterAssertion\",\"beforeFeature\",\"beforeScenario\",\"beforeStep\",\"afterStep\",\"afterScenario\",\"afterFeature\",\"_\",\"suite\",\"$0\",\"ignoredWorkerServices\",\"wdi5\"]"}]}
COMMAND: POST /session/211805a0db2825488b2ffc481472c536/execute/async - {"script":"<script> [21126 bytes]","args":[35000]}
RESULT: {"script":"<script> [21126 bytes]","args":[35000]}
COMMAND: POST /session/211805a0db2825488b2ffc481472c536/element - {"using":"css selector","value":"#shell-header-logo"}
RESULT: {"using":"css selector","value":"#shell-header-logo"}
COMMAND: POST /session/211805a0db2825488b2ffc481472c536/element/f.B77A22107D10E5486A044045F14EEE7A.d.EADF30F0045CA235476C44400CECAA62.e.10784/click - {}
RESULT: {}
COMMAND: GET /session/211805a0db2825488b2ffc481472c536/screenshot - {}
RESULT: {}
]]></system-out>
    </testcase>
  </testsuite>
  <testsuite timestamp="2025-05-04T18:19:22" time="1455.383" tests="7" failures="0" errors="0" skipped="0">
    <properties>
      <property name="specId" value="0" />
      <property name="suiteName" value="E2E - Logistical and commercial statuses" />
      <property name="capabilities" value="chrome.135_0_7049_96.windows" />
      <property name="file" value="file:///D:/a/1/s/test/specs/R2C/E2E-Logistical-and-commercial-status.spec.js" />
    </properties>
    <testcase classname="chrome.135_0_7049_96.windows.E2E_-_Logistical_and_commercial_statuses" name="Should create prerequisites yard partner and site" time="308.45">
      <system-out><![CDATA[
COMMAND: POST /session/211805a0db2825488b2ffc481472c536/execute/async - {"script":"<script> [1562 bytes]","args":[{"selector":{"controlType":"sap.m.GenericTile","properties":{"header":"Manage Yards"}},"wdio_ui5_key":"sapm.GenericTile{\"header\":\"Manage Yards\"}"}]}
RESULT: {"script":"<script> [1562 bytes]","args":[{"selector":{"controlType":"sap.m.GenericTile","properties":{"header":"Manage Yards"}},"wdio_ui5_key":"sapm.GenericTile{\"header\":\"Manage Yards\"}"}]}
RESULT: undefined
COMMAND: POST /session/211805a0db2825488b2ffc481472c536/element - {"using":"xpath","value":"//*[@id=\"__tile41\"]"}
RESULT: {"using":"xpath","value":"//*[@id=\"__tile41\"]"}
COMMAND: POST /session/211805a0db2825488b2ffc481472c536/element/f.B77A22107D10E5486A044045F14EEE7A.d.EADF30F0045CA235476C44400CECAA62.e.10847/click - {}
RESULT: {}
COMMAND: GET /session/211805a0db2825488b2ffc481472c536/screenshot - {}
RESULT: {}
COMMAND: POST /session/211805a0db2825488b2ffc481472c536/execute/async - {"script":"<script> [1562 bytes]","args":[{"selector":{"controlType":"sap.ui.core.Icon","viewName":"etm.portal.ui.manageyards.view.Master","viewId":"application-manageyards-display-component---masterYard","properties":{"src":{"regex":{"source":"add"}}}},"wdio_ui5_key":"etmportal.ui.manageyards.view.Mastersap.ui.core.Icon{\"src\":{\"regex\":{\"source\":\"add\"}}}"}]}
RESULT: {"script":"<script> [1562 bytes]","args":[{"selector":{"controlType":"sap.ui.core.Icon","viewName":"etm.portal.ui.manageyards.view.Master","viewId":"application-manageyards-display-component---masterYard","properties":{"src":{"regex":{"source":"add"}}}},"wdio_ui5_key":"etmportal.ui.manageyards.view.Mastersap.ui.core.Icon{\"src\":{\"regex\":{\"source\":\"add\"}}}"}]}
RESULT: undefined
COMMAND: POST /session/211805a0db2825488b2ffc481472c536/element - {"using":"xpath","value":"//*[@id=\"__button15-img\"]"}
RESULT: {"using":"xpath","value":"//*[@id=\"__button15-img\"]"}
COMMAND: POST /session/211805a0db2825488b2ffc481472c536/element/f.B77A22107D10E5486A044045F14EEE7A.d.EADF30F0045CA235476C44400CECAA62.e.10886/click - {}
RESULT: {}
COMMAND: GET /session/211805a0db2825488b2ffc481472c536/screenshot - {}
RESULT: {}
COMMAND: POST /session/211805a0db2825488b2ffc481472c536/execute/async - {"script":"<script> [1562 bytes]","args":[{"selector":{"id":"application-manageyards-display-component---NewYard--yardId","interaction":{"idSuffix":"inner"}},"wdio_ui5_key":"applicationmanageyards-display-component---NewYard--yardId"}]}
RESULT: {"script":"<script> [1562 bytes]","args":[{"selector":{"id":"application-manageyards-display-component---NewYard--yardId","interaction":{"idSuffix":"inner"}},"wdio_ui5_key":"applicationmanageyards-display-component---NewYard--yardId"}]}
RESULT: undefined
COMMAND: POST /session/211805a0db2825488b2ffc481472c536/element - {"using":"xpath","value":"//*[@id=\"application-manageyards-display-component---NewYard--addressDetailDetailsName1-inner\"]"}
RESULT: {"using":"xpath","value":"//*[@id=\"application-manageyards-display-component---NewYard--addressDetailDetailsName1-inner\"]"}
COMMAND: POST /session/211805a0db2825488b2ffc481472c536/element/f.B77A22107D10E5486A044045F14EEE7A.d.EADF30F0045CA235476C44400CECAA62.e.11145/clear - {}
RESULT: {}
COMMAND: POST /session/211805a0db2825488b2ffc481472c536/element/f.B77A22107D10E5486A044045F14EEE7A.d.EADF30F0045CA235476C44400CECAA62.e.11145/value - {"text":"WebdriverYardu264w"}
COMMAND: GET /session/211805a0db2825488b2ffc481472c536/screenshot - {}
RESULT: {"text":"WebdriverYardu264w"}
COMMAND: POST /session/211805a0db2825488b2ffc481472c536/element - {"using":"xpath","value":"//*[@id=\"application-manageyards-display-component---NewYard--addressDetailDetailsLanguage-inner\"]"}
COMMAND: GET /session/211805a0db2825488b2ffc481472c536/screenshot - {}
RESULT: {}
RESULT: {"using":"xpath","value":"//*[@id=\"application-manageyards-display-component---NewYard--addressDetailDetailsLanguage-inner\"]"}
COMMAND: POST /session/211805a0db2825488b2ffc481472c536/element/f.B77A22107D10E5486A044045F14EEE7A.d.EADF30F0045CA235476C44400CECAA62.e.11146/clear - {}
RESULT: {}
RESULT: {}
COMMAND: POST /session/211805a0db2825488b2ffc481472c536/element/f.B77A22107D10E5486A044045F14EEE7A.d.EADF30F0045CA235476C44400CECAA62.e.11146/value - {"text":"Romanian"}
COMMAND: GET /session/211805a0db2825488b2ffc481472c536/screenshot - {}
RESULT: {"text":"Romanian"}
COMMAND: POST /session/211805a0db2825488b2ffc481472c536/element - {"using":"xpath","value":"//input[contains(@id ,\"application-manageyards-display-component---NewYard--addressDetailDetailsName1-inner\")]"}
COMMAND: GET /session/211805a0db2825488b2ffc481472c536/screenshot - {}
RESULT: {}
RESULT: {"using":"xpath","value":"//input[contains(@id ,\"application-manageyards-display-component---NewYard--addressDetailDetailsName1-inner\")]"}
COMMAND: GET /session/211805a0db2825488b2ffc481472c536/element/f.B77A22107D10E5486A044045F14EEE7A.d.EADF30F0045CA235476C44400CECAA62.e.11145/property/value - {}
RESULT: {}
RESULT: {}
COMMAND: GET /session/211805a0db2825488b2ffc481472c536/screenshot - {}
RESULT: {}
COMMAND: POST /session/211805a0db2825488b2ffc481472c536/element - {"using":"xpath","value":"//*[@id=\"application-manageyards-display-component---NewYard--addressDetailDetailsCity1-inner\"]"}
RESULT: {"using":"xpath","value":"//*[@id=\"application-manageyards-display-component---NewYard--addressDetailDetailsCity1-inner\"]"}
COMMAND: POST /session/211805a0db2825488b2ffc481472c536/element/f.B77A22107D10E5486A044045F14EEE7A.d.EADF30F0045CA235476C44400CECAA62.e.11148/clear - {}
RESULT: {}
COMMAND: POST /session/211805a0db2825488b2ffc481472c536/element/f.B77A22107D10E5486A044045F14EEE7A.d.EADF30F0045CA235476C44400CECAA62.e.11148/value - {"text":"Bucuresti"}
COMMAND: GET /session/211805a0db2825488b2ffc481472c536/screenshot - {}
RESULT: {"text":"Bucuresti"}
COMMAND: GET /session/211805a0db2825488b2ffc481472c536/screenshot - {}
RESULT: {}
RESULT: {}
COMMAND: POST /session/211805a0db2825488b2ffc481472c536/element - {"using":"xpath","value":"//*[@id=\"application-manageyards-display-component---NewYard--addressDetailDetailsCountry-inner\"]"}
RESULT: {"using":"xpath","value":"//*[@id=\"application-manageyards-display-component---NewYard--addressDetailDetailsCountry-inner\"]"}
COMMAND: POST /session/211805a0db2825488b2ffc481472c536/element/f.B77A22107D10E5486A044045F14EEE7A.d.EADF30F0045CA235476C44400CECAA62.e.11152/clear - {}
RESULT: {}
COMMAND: POST /session/211805a0db2825488b2ffc481472c536/element/f.B77A22107D10E5486A044045F14EEE7A.d.EADF30F0045CA235476C44400CECAA62.e.11152/value - {"text":"Romania"}
COMMAND: GET /session/211805a0db2825488b2ffc481472c536/screenshot - {}
RESULT: {"text":"Romania"}
COMMAND: GET /session/211805a0db2825488b2ffc481472c536/screenshot - {}
RESULT: {}
RESULT: {}
COMMAND: POST /session/211805a0db2825488b2ffc481472c536/element - {"using":"xpath","value":"//div[contains(text(), \"Commercial\")]"}
RESULT: {"using":"xpath","value":"//div[contains(text(), \"Commercial\")]"}
COMMAND: GET /session/211805a0db2825488b2ffc481472c536/element/f.B77A22107D10E5486A044045F14EEE7A.d.EADF30F0045CA235476C44400CECAA62.e.11318/rect - {}
RESULT: {}
COMMAND: GET /session/211805a0db2825488b2ffc481472c536/window/rect - {}
RESULT: {}
COMMAND: POST /session/211805a0db2825488b2ffc481472c536/execute/sync - {"script":"<script> [92 bytes]","args":[]}
RESULT: {"script":"<script> [92 bytes]","args":[]}
COMMAND: POST /session/211805a0db2825488b2ffc481472c536/actions - {"actions":[{"id":"action65","type":"wheel","parameters":{},"actions":[{"type":"scroll","x":-1841,"y":-44,"deltaX":0,"deltaY":0,"duration":0,"origin":{"element-6066-11e4-a52e-4f735466cecf":"f.B77A22107D10E5486A044045F14EEE7A.d.EADF30F0045CA235476C44400CECAA62.e.11318"}}]}]}
COMMAND: GET /session/211805a0db2825488b2ffc481472c536/screenshot - {}
RESULT: {}
COMMAND: POST /session/211805a0db2825488b2ffc481472c536/execute/sync - {"script":"<script> [79 bytes]","args":[{"element-6066-11e4-a52e-4f735466cecf":"f.B77A22107D10E5486A044045F14EEE7A.d.EADF30F0045CA235476C44400CECAA62.e.11318","ELEMENT":"f.B77A22107D10E5486A044045F14EEE7A.d.EADF30F0045CA235476C44400CECAA62.e.11318"},{"block":"start","inline":"nearest"}]}
RESULT: {"script":"<script> [79 bytes]","args":[{"element-6066-11e4-a52e-4f735466cecf":"f.B77A22107D10E5486A044045F14EEE7A.d.EADF30F0045CA235476C44400CECAA62.e.11318","ELEMENT":"f.B77A22107D10E5486A044045F14EEE7A.d.EADF30F0045CA235476C44400CECAA62.e.11318"},{"block":"start","inline":"nearest"}]}
COMMAND: GET /session/211805a0db2825488b2ffc481472c536/screenshot - {}
RESULT: {}
COMMAND: POST /session/211805a0db2825488b2ffc481472c536/execute/async - {"script":"<script> [1562 bytes]","args":[{"selector":{"id":"application-manageyards-display-component---NewYard--addressEditDetailsCostObjectCstType-arrow"},"wdio_ui5_key":"applicationmanageyards-display-component---NewYard--addressEditDetailsCostObjectCstType-arrow"}]}
RESULT: {"script":"<script> [1562 bytes]","args":[{"selector":{"id":"application-manageyards-display-component---NewYard--addressEditDetailsCostObjectCstType-arrow"},"wdio_ui5_key":"applicationmanageyards-display-component---NewYard--addressEditDetailsCostObjectCstType-arrow"}]}
RESULT: undefined
COMMAND: POST /session/211805a0db2825488b2ffc481472c536/element - {"using":"xpath","value":"//*[@id=\"application-manageyards-display-component---NewYard--addressEditDetailsCostObjectCstType-arrow\"]"}
RESULT: {"using":"xpath","value":"//*[@id=\"application-manageyards-display-component---NewYard--addressEditDetailsCostObjectCstType-arrow\"]"}
COMMAND: POST /session/211805a0db2825488b2ffc481472c536/element/f.B77A22107D10E5486A044045F14EEE7A.d.EADF30F0045CA235476C44400CECAA62.e.11326/click - {}
RESULT: {}
COMMAND: POST /session/211805a0db2825488b2ffc481472c536/element - {"using":"xpath","value":"//span[contains(text(), \"Cost Center\")]"}
COMMAND: GET /session/211805a0db2825488b2ffc481472c536/screenshot - {}
RESULT: {"using":"xpath","value":"//span[contains(text(), \"Cost Center\")]"}
COMMAND: POST /session/211805a0db2825488b2ffc481472c536/element/f.B77A22107D10E5486A044045F14EEE7A.d.EADF30F0045CA235476C44400CECAA62.e.11327/click - {}
RESULT: {}
RESULT: {}
COMMAND: GET /session/211805a0db2825488b2ffc481472c536/screenshot - {}
RESULT: {}
COMMAND: POST /session/211805a0db2825488b2ffc481472c536/execute/async - {"script":"<script> [1562 bytes]","args":[{"selector":{"id":"application-manageyards-display-component---NewYard--addressNewCostObjectCstID-vhi"},"wdio_ui5_key":"applicationmanageyards-display-component---NewYard--addressNewCostObjectCstID-vhi"}]}
RESULT: {"script":"<script> [1562 bytes]","args":[{"selector":{"id":"application-manageyards-display-component---NewYard--addressNewCostObjectCstID-vhi"},"wdio_ui5_key":"applicationmanageyards-display-component---NewYard--addressNewCostObjectCstID-vhi"}]}
RESULT: undefined
COMMAND: POST /session/211805a0db2825488b2ffc481472c536/element - {"using":"xpath","value":"//*[@id=\"application-manageyards-display-component---NewYard--addressNewCostObjectCstID-vhi\"]"}
RESULT: {"using":"xpath","value":"//*[@id=\"application-manageyards-display-component---NewYard--addressNewCostObjectCstID-vhi\"]"}
COMMAND: POST /session/211805a0db2825488b2ffc481472c536/element/f.B77A22107D10E5486A044045F14EEE7A.d.EADF30F0045CA235476C44400CECAA62.e.11331/click - {}
RESULT: {}
COMMAND: GET /session/211805a0db2825488b2ffc481472c536/screenshot - {}
RESULT: {}
COMMAND: POST /session/211805a0db2825488b2ffc481472c536/execute/async - {"script":"<script> [1562 bytes]","args":[{"selector":{"controlType":"sap.m.SearchField","properties":{"placeholder":"Search"},"searchOpenDialogs":true,"interaction":{"idSuffix":"I"}},"wdio_ui5_key":"sapm.SearchField{\"placeholder\":\"Search\"}"}]}
RESULT: {"script":"<script> [1562 bytes]","args":[{"selector":{"controlType":"sap.m.SearchField","properties":{"placeholder":"Search"},"searchOpenDialogs":true,"interaction":{"idSuffix":"I"}},"wdio_ui5_key":"sapm.SearchField{\"placeholder\":\"Search\"}"}]}
RESULT: undefined
COMMAND: POST /session/211805a0db2825488b2ffc481472c536/execute/async - {"script":"<script> [776 bytes]","args":[{"enterText":"10001013","selector":{"controlType":"sap.m.SearchField","properties":{"placeholder":"Search"},"searchOpenDialogs":true,"interaction":{"idSuffix":"I"}},"clearTextFirst":true,"interactionType":"ENTER_TEXT"}]}
RESULT: {"script":"<script> [776 bytes]","args":[{"enterText":"10001013","selector":{"controlType":"sap.m.SearchField","properties":{"placeholder":"Search"},"searchOpenDialogs":true,"interaction":{"idSuffix":"I"}},"clearTextFirst":true,"interactionType":"ENTER_TEXT"}]}
COMMAND: POST /session/211805a0db2825488b2ffc481472c536/actions - {"actions":[{"id":"action66","type":"key","parameters":{},"actions":[{"type":"keyDown","value":"î€‡"},{"type":"pause","duration":10},{"type":"keyUp","value":"î€‡"}]}]}
RESULT: {"actions":[{"id":"action66","type":"key","parameters":{},"actions":[{"type":"keyDown","value":"î€‡"},{"type":"pause","duration":10},{"type":"keyUp","value":"î€‡"}]}]}
COMMAND: GET /session/211805a0db2825488b2ffc481472c536/screenshot - {}
RESULT: {}
COMMAND: POST /session/211805a0db2825488b2ffc481472c536/element - {"using":"xpath","value":"//span[contains(text(), \"General Management\")]"}
RESULT: {"using":"xpath","value":"//span[contains(text(), \"General Management\")]"}
COMMAND: POST /session/211805a0db2825488b2ffc481472c536/element/f.B77A22107D10E5486A044045F14EEE7A.d.EADF30F0045CA235476C44400CECAA62.e.11372/click - {}
RESULT: {}
COMMAND: GET /session/211805a0db2825488b2ffc481472c536/screenshot - {}
RESULT: {}
COMMAND: POST /session/211805a0db2825488b2ffc481472c536/element - {"using":"xpath","value":"//bdi[contains(text(), \"OK\")]"}
RESULT: {"using":"xpath","value":"//bdi[contains(text(), \"OK\")]"}
COMMAND: POST /session/211805a0db2825488b2ffc481472c536/element/f.B77A22107D10E5486A044045F14EEE7A.d.EADF30F0045CA235476C44400CECAA62.e.11373/click - {}
RESULT: {}
COMMAND: GET /session/211805a0db2825488b2ffc481472c536/screenshot - {}
RESULT: {}
COMMAND: POST /session/211805a0db2825488b2ffc481472c536/execute/async - {"script":"<script> [1562 bytes]","args":[{"selector":{"controlType":"sap.m.Button","viewName":"etm.portal.ui.manageyards.view.New","viewId":"application-manageyards-display-component---NewYard","i18NText":{"propertyName":"text","key":"save"},"interaction":{"idSuffix":"inner"}},"wdio_ui5_key":"etmportal.ui.manageyards.view.Newsap.m.Button{\"propertyName\":\"text\",\"key\":\"save\"}"}]}
RESULT: {"script":"<script> [1562 bytes]","args":[{"selector":{"controlType":"sap.m.Button","viewName":"etm.portal.ui.manageyards.view.New","viewId":"application-manageyards-display-component---NewYard","i18NText":{"propertyName":"text","key":"save"},"interaction":{"idSuffix":"inner"}},"wdio_ui5_key":"etmportal.ui.manageyards.view.Newsap.m.Button{\"propertyName\":\"text\",\"key\":\"save\"}"}]}
RESULT: undefined
COMMAND: POST /session/211805a0db2825488b2ffc481472c536/element - {"using":"xpath","value":"//*[@id=\"__button29\"]"}
RESULT: {"using":"xpath","value":"//*[@id=\"__button29\"]"}
COMMAND: POST /session/211805a0db2825488b2ffc481472c536/element/f.B77A22107D10E5486A044045F14EEE7A.d.EADF30F0045CA235476C44400CECAA62.e.11307/click - {}
RESULT: {}
COMMAND: GET /session/211805a0db2825488b2ffc481472c536/screenshot - {}
RESULT: {}
COMMAND: POST /session/211805a0db2825488b2ffc481472c536/element - {"using":"xpath","value":"//header/div/div[2]/div[2]/span"}
RESULT: {"using":"xpath","value":"//header/div/div[2]/div[2]/span"}
COMMAND: GET /session/211805a0db2825488b2ffc481472c536/element/f.B77A22107D10E5486A044045F14EEE7A.d.EADF30F0045CA235476C44400CECAA62.e.11571/text - {}
RESULT: {}
COMMAND: POST /session/211805a0db2825488b2ffc481472c536/execute/async - {"script":"<script> [1562 bytes]","args":[{"selector":{"controlType":"sap.m.OverflowToolbarButton","viewName":"etm.portal.ui.manageyards.view.Detail","viewId":"application-manageyards-display-component---detailYard","i18NText":{"propertyName":"tooltip","key":"closeColumn"},"interaction":{"idSuffix":"inner"}},"wdio_ui5_key":"etmportal.ui.manageyards.view.Detailsap.m.OverflowToolbarButton{\"propertyName\":\"tooltip\",\"key\":\"closeColumn\"}"}]}
RESULT: {"script":"<script> [1562 bytes]","args":[{"selector":{"controlType":"sap.m.OverflowToolbarButton","viewName":"etm.portal.ui.manageyards.view.Detail","viewId":"application-manageyards-display-component---detailYard","i18NText":{"propertyName":"tooltip","key":"closeColumn"},"interaction":{"idSuffix":"inner"}},"wdio_ui5_key":"etmportal.ui.manageyards.view.Detailsap.m.OverflowToolbarButton{\"propertyName\":\"tooltip\",\"key\":\"closeColumn\"}"}]}
RESULT: undefined
COMMAND: POST /session/211805a0db2825488b2ffc481472c536/element - {"using":"xpath","value":"//*[@id=\"__button53\"]"}
RESULT: {"using":"xpath","value":"//*[@id=\"__button53\"]"}
COMMAND: POST /session/211805a0db2825488b2ffc481472c536/element/f.B77A22107D10E5486A044045F14EEE7A.d.EADF30F0045CA235476C44400CECAA62.e.11573/click - {}
RESULT: {}
COMMAND: GET /session/211805a0db2825488b2ffc481472c536/screenshot - {}
RESULT: {}
COMMAND: POST /session/211805a0db2825488b2ffc481472c536/element - {"using":"css selector","value":"#shell-header-logo"}
RESULT: {"using":"css selector","value":"#shell-header-logo"}
COMMAND: POST /session/211805a0db2825488b2ffc481472c536/element/f.B77A22107D10E5486A044045F14EEE7A.d.EADF30F0045CA235476C44400CECAA62.e.10850/click - {}
RESULT: {}
COMMAND: GET /session/211805a0db2825488b2ffc481472c536/screenshot - {}
RESULT: {}
COMMAND: POST /session/211805a0db2825488b2ffc481472c536/refresh - {}
RESULT: {}
COMMAND: GET /session/211805a0db2825488b2ffc481472c536/screenshot - {}
RESULT: {}
COMMAND: POST /session/211805a0db2825488b2ffc481472c536/execute/async - {"script":"<script> [189 bytes]","args":[]}
RESULT: {"script":"<script> [189 bytes]","args":[]}
COMMAND: POST /session/211805a0db2825488b2ffc481472c536/execute/async - {"script":"<script> [123 bytes]","args":[]}
RESULT: {"script":"<script> [123 bytes]","args":[]}
COMMAND: POST /session/211805a0db2825488b2ffc481472c536/timeouts - {"script":"<number>"}
RESULT: {"script":"<number>"}
COMMAND: GET /session/211805a0db2825488b2ffc481472c536/timeouts - {}
RESULT: {}
RESULT: undefined
COMMAND: POST /session/211805a0db2825488b2ffc481472c536/execute/async - {"script":"<script> [2676 bytes]","args":[]}
RESULT: {"script":"<script> [2676 bytes]","args":[]}
COMMAND: POST /session/211805a0db2825488b2ffc481472c536/execute/async - {"script":"<script> [2342 bytes]","args":[{"protocol":"http","hostname":"0.0.0.0","path":"/","capabilities":{"browserName":"chrome","goog:chromeOptions":{"binary":"C:\\Program Files\\Google\\Chrome\\Application\\chrome.exe","args":["--start-maximized"]}},"logLevel":"warn","connectionRetryTimeout":120000,"connectionRetryCount":3,"logLevels":{},"enableDirectConnect":true,"strictSSL":true,"_":"65 more keys: [\"cacheDir\",\"port\",\"requestedCapabilities\",\"automationProtocol\",\"baseUrl\",\"waitforInterval\",\"waitforTimeout\",\"onReload\",\"beforeCommand\",\"afterCommand\",\"rootDir\",\"specs\",\"suites\",\"exclude\",\"groupLogsByTestSpec\",\"excludeDriverLogs\",\"bail\",\"framework\",\"reporters\",\"services\",\"maxInstances\",\"maxInstancesPerCapability\",\"injectGlobals\",\"filesToWatch\",\"execArgv\",\"runnerEnv\",\"runner\",\"shard\",\"specFileRetries\",\"specFileRetriesDelay\",\"specFileRetriesDeferred\",\"reporterSyncInterval\",\"reporterSyncTimeout\",\"cucumberFeaturesWithLineNumbers\",\"autoCompileOpts\",\"mochaOpts\",\"jasmineOpts\",\"cucumberOpts\",\"onPrepare\",\"onWorkerStart\",\"onWorkerEnd\",\"before\",\"beforeSession\",\"beforeSuite\",\"beforeHook\",\"beforeTest\",\"afterTest\",\"afterHook\",\"afterSuite\",\"afterSession\",\"after\",\"onComplete\",\"beforeAssertion\",\"afterAssertion\",\"beforeFeature\",\"beforeScenario\",\"beforeStep\",\"afterStep\",\"afterScenario\",\"afterFeature\",\"_\",\"suite\",\"$0\",\"ignoredWorkerServices\",\"wdi5\"]"}]}
RESULT: {"script":"<script> [2342 bytes]","args":[{"protocol":"http","hostname":"0.0.0.0","path":"/","capabilities":{"browserName":"chrome","goog:chromeOptions":{"binary":"C:\\Program Files\\Google\\Chrome\\Application\\chrome.exe","args":["--start-maximized"]}},"logLevel":"warn","connectionRetryTimeout":120000,"connectionRetryCount":3,"logLevels":{},"enableDirectConnect":true,"strictSSL":true,"_":"65 more keys: [\"cacheDir\",\"port\",\"requestedCapabilities\",\"automationProtocol\",\"baseUrl\",\"waitforInterval\",\"waitforTimeout\",\"onReload\",\"beforeCommand\",\"afterCommand\",\"rootDir\",\"specs\",\"suites\",\"exclude\",\"groupLogsByTestSpec\",\"excludeDriverLogs\",\"bail\",\"framework\",\"reporters\",\"services\",\"maxInstances\",\"maxInstancesPerCapability\",\"injectGlobals\",\"filesToWatch\",\"execArgv\",\"runnerEnv\",\"runner\",\"shard\",\"specFileRetries\",\"specFileRetriesDelay\",\"specFileRetriesDeferred\",\"reporterSyncInterval\",\"reporterSyncTimeout\",\"cucumberFeaturesWithLineNumbers\",\"autoCompileOpts\",\"mochaOpts\",\"jasmineOpts\",\"cucumberOpts\",\"onPrepare\",\"onWorkerStart\",\"onWorkerEnd\",\"before\",\"beforeSession\",\"beforeSuite\",\"beforeHook\",\"beforeTest\",\"afterTest\",\"afterHook\",\"afterSuite\",\"afterSession\",\"after\",\"onComplete\",\"beforeAssertion\",\"afterAssertion\",\"beforeFeature\",\"beforeScenario\",\"beforeStep\",\"afterStep\",\"afterScenario\",\"afterFeature\",\"_\",\"suite\",\"$0\",\"ignoredWorkerServices\",\"wdi5\"]"}]}
COMMAND: POST /session/211805a0db2825488b2ffc481472c536/execute/async - {"script":"<script> [21126 bytes]","args":[35000]}
RESULT: {"script":"<script> [21126 bytes]","args":[35000]}
COMMAND: POST /session/211805a0db2825488b2ffc481472c536/execute/async - {"script":"<script> [1562 bytes]","args":[{"selector":{"controlType":"sap.m.GenericTile","properties":{"header":"Manage Partners"}},"wdio_ui5_key":"sapm.GenericTile{\"header\":\"Manage Partners\"}"}]}
RESULT: {"script":"<script> [1562 bytes]","args":[{"selector":{"controlType":"sap.m.GenericTile","properties":{"header":"Manage Partners"}},"wdio_ui5_key":"sapm.GenericTile{\"header\":\"Manage Partners\"}"}]}
RESULT: undefined
COMMAND: POST /session/211805a0db2825488b2ffc481472c536/element - {"using":"xpath","value":"//*[@id=\"__tile38\"]"}
RESULT: {"using":"xpath","value":"//*[@id=\"__tile38\"]"}
COMMAND: POST /session/211805a0db2825488b2ffc481472c536/element/f.B77A22107D10E5486A044045F14EEE7A.d.7B21E26B4BCBF45B628E3D7C5E79AAD1.e.11924/click - {}
RESULT: {}
COMMAND: GET /session/211805a0db2825488b2ffc481472c536/screenshot - {}
RESULT: {}
COMMAND: POST /session/211805a0db2825488b2ffc481472c536/execute/async - {"script":"<script> [1562 bytes]","args":[{"selector":{"controlType":"sap.ui.core.Icon","viewName":"etm.portal.ui.managepartners.view.Master","viewId":"application-managepartners-display-component---masterPtm","properties":{"src":{"regex":{"source":"add"}}}},"wdio_ui5_key":"etmportal.ui.managepartners.view.Mastersap.ui.core.Icon{\"src\":{\"regex\":{\"source\":\"add\"}}}"}]}
RESULT: {"script":"<script> [1562 bytes]","args":[{"selector":{"controlType":"sap.ui.core.Icon","viewName":"etm.portal.ui.managepartners.view.Master","viewId":"application-managepartners-display-component---masterPtm","properties":{"src":{"regex":{"source":"add"}}}},"wdio_ui5_key":"etmportal.ui.managepartners.view.Mastersap.ui.core.Icon{\"src\":{\"regex\":{\"source\":\"add\"}}}"}]}
RESULT: undefined
COMMAND: POST /session/211805a0db2825488b2ffc481472c536/element - {"using":"xpath","value":"//*[@id=\"__button4-img\"]"}
RESULT: {"using":"xpath","value":"//*[@id=\"__button4-img\"]"}
COMMAND: POST /session/211805a0db2825488b2ffc481472c536/element/f.B77A22107D10E5486A044045F14EEE7A.d.7B21E26B4BCBF45B628E3D7C5E79AAD1.e.11974/click - {}
RESULT: {}
COMMAND: GET /session/211805a0db2825488b2ffc481472c536/screenshot - {}
COMMAND: POST /session/211805a0db2825488b2ffc481472c536/execute/async - {"script":"<script> [1562 bytes]","args":[{"selector":{"id":"application-managepartners-display-component---NewPartner--partnerId","interaction":{"idSuffix":"inner"}},"wdio_ui5_key":"applicationmanagepartners-display-component---NewPartner--partnerId"}]}
RESULT: {}
RESULT: {"script":"<script> [1562 bytes]","args":[{"selector":{"id":"application-managepartners-display-component---NewPartner--partnerId","interaction":{"idSuffix":"inner"}},"wdio_ui5_key":"applicationmanagepartners-display-component---NewPartner--partnerId"}]}
RESULT: undefined
COMMAND: POST /session/211805a0db2825488b2ffc481472c536/execute/async - {"script":"<script> [1562 bytes]","args":[{"selector":{"id":"application-managepartners-display-component---NewPartner--addressDetailDetailsName1","interaction":{"idSuffix":"inner"}},"wdio_ui5_key":"applicationmanagepartners-display-component---NewPartner--addressDetailDetailsName1"}]}
RESULT: {"script":"<script> [1562 bytes]","args":[{"selector":{"id":"application-managepartners-display-component---NewPartner--addressDetailDetailsName1","interaction":{"idSuffix":"inner"}},"wdio_ui5_key":"applicationmanagepartners-display-component---NewPartner--addressDetailDetailsName1"}]}
RESULT: undefined
COMMAND: POST /session/211805a0db2825488b2ffc481472c536/execute/async - {"script":"<script> [776 bytes]","args":[{"enterText":"WebdriverPartneriieuw","selector":{"id":"application-managepartners-display-component---NewPartner--addressDetailDetailsName1","interaction":{"idSuffix":"inner"}},"clearTextFirst":true,"interactionType":"ENTER_TEXT"}]}
RESULT: {"script":"<script> [776 bytes]","args":[{"enterText":"WebdriverPartneriieuw","selector":{"id":"application-managepartners-display-component---NewPartner--addressDetailDetailsName1","interaction":{"idSuffix":"inner"}},"clearTextFirst":true,"interactionType":"ENTER_TEXT"}]}
COMMAND: POST /session/211805a0db2825488b2ffc481472c536/execute/async - {"script":"<script> [1562 bytes]","args":[{"selector":{"id":"application-managepartners-display-component---NewPartner--addressDetailDetailsLanguage","interaction":{"idSuffix":"inner"}},"wdio_ui5_key":"applicationmanagepartners-display-component---NewPartner--addressDetailDetailsLanguage"}]}
RESULT: {"script":"<script> [1562 bytes]","args":[{"selector":{"id":"application-managepartners-display-component---NewPartner--addressDetailDetailsLanguage","interaction":{"idSuffix":"inner"}},"wdio_ui5_key":"applicationmanagepartners-display-component---NewPartner--addressDetailDetailsLanguage"}]}
RESULT: undefined
COMMAND: POST /session/211805a0db2825488b2ffc481472c536/execute/async - {"script":"<script> [776 bytes]","args":[{"enterText":"Romanian","selector":{"id":"application-managepartners-display-component---NewPartner--addressDetailDetailsLanguage","interaction":{"idSuffix":"inner"}},"clearTextFirst":true,"interactionType":"ENTER_TEXT"}]}
RESULT: {"script":"<script> [776 bytes]","args":[{"enterText":"Romanian","selector":{"id":"application-managepartners-display-component---NewPartner--addressDetailDetailsLanguage","interaction":{"idSuffix":"inner"}},"clearTextFirst":true,"interactionType":"ENTER_TEXT"}]}
COMMAND: POST /session/211805a0db2825488b2ffc481472c536/element - {"using":"xpath","value":"//input[contains(@id ,\"application-managepartners-display-component---NewPartner--addressDetailDetailsName1-inner\")]"}
RESULT: {"using":"xpath","value":"//input[contains(@id ,\"application-managepartners-display-component---NewPartner--addressDetailDetailsName1-inner\")]"}
COMMAND: GET /session/211805a0db2825488b2ffc481472c536/element/f.B77A22107D10E5486A044045F14EEE7A.d.7B21E26B4BCBF45B628E3D7C5E79AAD1.e.12188/property/value - {}
RESULT: {}
COMMAND: POST /session/211805a0db2825488b2ffc481472c536/execute/async - {"script":"<script> [1562 bytes]","args":[{"selector":{"id":"application-managepartners-display-component---NewPartner--addressDetailDetailsCity1","interaction":{"idSuffix":"inner"}},"wdio_ui5_key":"applicationmanagepartners-display-component---NewPartner--addressDetailDetailsCity1"}]}
COMMAND: GET /session/211805a0db2825488b2ffc481472c536/screenshot - {}
RESULT: {"script":"<script> [1562 bytes]","args":[{"selector":{"id":"application-managepartners-display-component---NewPartner--addressDetailDetailsCity1","interaction":{"idSuffix":"inner"}},"wdio_ui5_key":"applicationmanagepartners-display-component---NewPartner--addressDetailDetailsCity1"}]}
RESULT: undefined
COMMAND: POST /session/211805a0db2825488b2ffc481472c536/execute/async - {"script":"<script> [776 bytes]","args":[{"enterText":"Bucharest","selector":{"id":"application-managepartners-display-component---NewPartner--addressDetailDetailsCity1","interaction":{"idSuffix":"inner"}},"clearTextFirst":true,"interactionType":"ENTER_TEXT"}]}
RESULT: {}
RESULT: {"script":"<script> [776 bytes]","args":[{"enterText":"Bucharest","selector":{"id":"application-managepartners-display-component---NewPartner--addressDetailDetailsCity1","interaction":{"idSuffix":"inner"}},"clearTextFirst":true,"interactionType":"ENTER_TEXT"}]}
COMMAND: POST /session/211805a0db2825488b2ffc481472c536/execute/async - {"script":"<script> [1562 bytes]","args":[{"selector":{"id":"application-managepartners-display-component---NewPartner--addressDetailDetailsCountry","interaction":{"idSuffix":"inner"}},"wdio_ui5_key":"applicationmanagepartners-display-component---NewPartner--addressDetailDetailsCountry"}]}
RESULT: {"script":"<script> [1562 bytes]","args":[{"selector":{"id":"application-managepartners-display-component---NewPartner--addressDetailDetailsCountry","interaction":{"idSuffix":"inner"}},"wdio_ui5_key":"applicationmanagepartners-display-component---NewPartner--addressDetailDetailsCountry"}]}
RESULT: undefined
COMMAND: POST /session/211805a0db2825488b2ffc481472c536/execute/async - {"script":"<script> [6424 bytes]","args":[{"element-6066-11e4-a52e-4f735466cecf":"f.B77A22107D10E5486A044045F14EEE7A.d.7B21E26B4BCBF45B628E3D7C5E79AAD1.e.12195"},"setValue",["Romania"]]}
RESULT: {"script":"<script> [6424 bytes]","args":[{"element-6066-11e4-a52e-4f735466cecf":"f.B77A22107D10E5486A044045F14EEE7A.d.7B21E26B4BCBF45B628E3D7C5E79AAD1.e.12195"},"setValue",["Romania"]]}
COMMAND: POST /session/211805a0db2825488b2ffc481472c536/execute/async - {"script":"<script> [1562 bytes]","args":[{"selector":{"id":"application-managepartners-display-component---NewPartner--partnerDetailInternal","interaction":{"idSuffix":"inner"}},"wdio_ui5_key":"applicationmanagepartners-display-component---NewPartner--partnerDetailInternal"}]}
RESULT: {"script":"<script> [1562 bytes]","args":[{"selector":{"id":"application-managepartners-display-component---NewPartner--partnerDetailInternal","interaction":{"idSuffix":"inner"}},"wdio_ui5_key":"applicationmanagepartners-display-component---NewPartner--partnerDetailInternal"}]}
RESULT: undefined
COMMAND: POST /session/211805a0db2825488b2ffc481472c536/execute/async - {"script":"<script> [776 bytes]","args":[{"enterText":"External partner","selector":{"id":"application-managepartners-display-component---NewPartner--partnerDetailInternal","interaction":{"idSuffix":"inner"}},"clearTextFirst":true,"interactionType":"ENTER_TEXT"}]}
RESULT: {"script":"<script> [776 bytes]","args":[{"enterText":"External partner","selector":{"id":"application-managepartners-display-component---NewPartner--partnerDetailInternal","interaction":{"idSuffix":"inner"}},"clearTextFirst":true,"interactionType":"ENTER_TEXT"}]}
COMMAND: POST /session/211805a0db2825488b2ffc481472c536/execute/async - {"script":"<script> [1562 bytes]","args":[{"selector":{"id":"application-managepartners-display-component---NewPartner--partnerDetailsCurrency","interaction":{"idSuffix":"inner"}},"wdio_ui5_key":"applicationmanagepartners-display-component---NewPartner--partnerDetailsCurrency"}]}
RESULT: {"script":"<script> [1562 bytes]","args":[{"selector":{"id":"application-managepartners-display-component---NewPartner--partnerDetailsCurrency","interaction":{"idSuffix":"inner"}},"wdio_ui5_key":"applicationmanagepartners-display-component---NewPartner--partnerDetailsCurrency"}]}
RESULT: undefined
COMMAND: POST /session/211805a0db2825488b2ffc481472c536/execute/async - {"script":"<script> [776 bytes]","args":[{"enterText":"Euro","selector":{"id":"application-managepartners-display-component---NewPartner--partnerDetailsCurrency","interaction":{"idSuffix":"inner"}},"clearTextFirst":true,"interactionType":"ENTER_TEXT"}]}
RESULT: {"script":"<script> [776 bytes]","args":[{"enterText":"Euro","selector":{"id":"application-managepartners-display-component---NewPartner--partnerDetailsCurrency","interaction":{"idSuffix":"inner"}},"clearTextFirst":true,"interactionType":"ENTER_TEXT"}]}
COMMAND: POST /session/211805a0db2825488b2ffc481472c536/execute/async - {"script":"<script> [1562 bytes]","args":[{"selector":{"controlType":"sap.m.Button","viewName":"etm.portal.ui.managepartners.view.NewPartner","viewId":"application-managepartners-display-component---NewPartner","properties":{"text":"Commercial"},"interaction":{"idSuffix":"BDI-content"}},"wdio_ui5_key":"etmportal.ui.managepartners.view.NewPartnersap.m.Button{\"text\":\"Commercial\"}"}]}
RESULT: {"script":"<script> [1562 bytes]","args":[{"selector":{"controlType":"sap.m.Button","viewName":"etm.portal.ui.managepartners.view.NewPartner","viewId":"application-managepartners-display-component---NewPartner","properties":{"text":"Commercial"},"interaction":{"idSuffix":"BDI-content"}},"wdio_ui5_key":"etmportal.ui.managepartners.view.NewPartnersap.m.Button{\"text\":\"Commercial\"}"}]}
RESULT: undefined
COMMAND: POST /session/211805a0db2825488b2ffc481472c536/element - {"using":"xpath","value":"//*[@id=\"application-managepartners-display-component---NewPartner--ObjectPageLayout-anchBar-__section5-anchor\"]"}
RESULT: {"using":"xpath","value":"//*[@id=\"application-managepartners-display-component---NewPartner--ObjectPageLayout-anchBar-__section5-anchor\"]"}
COMMAND: POST /session/211805a0db2825488b2ffc481472c536/element/f.B77A22107D10E5486A044045F14EEE7A.d.7B21E26B4BCBF45B628E3D7C5E79AAD1.e.12399/click - {}
RESULT: {}
COMMAND: GET /session/211805a0db2825488b2ffc481472c536/screenshot - {}
RESULT: {}
COMMAND: POST /session/211805a0db2825488b2ffc481472c536/execute/async - {"script":"<script> [1562 bytes]","args":[{"selector":{"id":"application-managepartners-display-component---NewPartner--btnAddTableRow-img"},"wdio_ui5_key":"applicationmanagepartners-display-component---NewPartner--btnAddTableRow-img"}]}
RESULT: {"script":"<script> [1562 bytes]","args":[{"selector":{"id":"application-managepartners-display-component---NewPartner--btnAddTableRow-img"},"wdio_ui5_key":"applicationmanagepartners-display-component---NewPartner--btnAddTableRow-img"}]}
RESULT: undefined
COMMAND: POST /session/211805a0db2825488b2ffc481472c536/element - {"using":"xpath","value":"//*[@id=\"application-managepartners-display-component---NewPartner--btnAddTableRow-img\"]"}
RESULT: {"using":"xpath","value":"//*[@id=\"application-managepartners-display-component---NewPartner--btnAddTableRow-img\"]"}
COMMAND: POST /session/211805a0db2825488b2ffc481472c536/element/f.B77A22107D10E5486A044045F14EEE7A.d.7B21E26B4BCBF45B628E3D7C5E79AAD1.e.12405/click - {}
RESULT: {}
COMMAND: POST /session/211805a0db2825488b2ffc481472c536/element - {"using":"xpath","value":"//input[contains(@id ,\"application-managepartners-display-component---NewPartner--assignmentYard-application-managepartners-display-component---NewPartner\")]"}
COMMAND: GET /session/211805a0db2825488b2ffc481472c536/screenshot - {}
RESULT: {"using":"xpath","value":"//input[contains(@id ,\"application-managepartners-display-component---NewPartner--assignmentYard-application-managepartners-display-component---NewPartner\")]"}
COMMAND: POST /session/211805a0db2825488b2ffc481472c536/element/f.B77A22107D10E5486A044045F14EEE7A.d.7B21E26B4BCBF45B628E3D7C5E79AAD1.e.12410/clear - {}
RESULT: {}
RESULT: {}
COMMAND: POST /session/211805a0db2825488b2ffc481472c536/element/f.B77A22107D10E5486A044045F14EEE7A.d.7B21E26B4BCBF45B628E3D7C5E79AAD1.e.12410/value - {"text":"553"}
COMMAND: GET /session/211805a0db2825488b2ffc481472c536/screenshot - {}
RESULT: {"text":"553"}
COMMAND: GET /session/211805a0db2825488b2ffc481472c536/screenshot - {}
RESULT: {}
RESULT: {}
COMMAND: POST /session/211805a0db2825488b2ffc481472c536/execute/async - {"script":"<script> [1562 bytes]","args":[{"selector":{"controlType":"sap.m.Button","viewName":"etm.portal.ui.managepartners.view.NewPartner","viewId":"application-managepartners-display-component---NewPartner","i18NText":{"propertyName":"text","key":"save"},"interaction":{"idSuffix":"BDI-content"}},"wdio_ui5_key":"etmportal.ui.managepartners.view.NewPartnersap.m.Button{\"propertyName\":\"text\",\"key\":\"save\"}"}]}
RESULT: {"script":"<script> [1562 bytes]","args":[{"selector":{"controlType":"sap.m.Button","viewName":"etm.portal.ui.managepartners.view.NewPartner","viewId":"application-managepartners-display-component---NewPartner","i18NText":{"propertyName":"text","key":"save"},"interaction":{"idSuffix":"BDI-content"}},"wdio_ui5_key":"etmportal.ui.managepartners.view.NewPartnersap.m.Button{\"propertyName\":\"text\",\"key\":\"save\"}"}]}
RESULT: undefined
COMMAND: POST /session/211805a0db2825488b2ffc481472c536/element - {"using":"xpath","value":"//*[@id=\"__button12\"]"}
RESULT: {"using":"xpath","value":"//*[@id=\"__button12\"]"}
COMMAND: POST /session/211805a0db2825488b2ffc481472c536/element/f.B77A22107D10E5486A044045F14EEE7A.d.7B21E26B4BCBF45B628E3D7C5E79AAD1.e.12378/click - {}
RESULT: {}
COMMAND: GET /session/211805a0db2825488b2ffc481472c536/screenshot - {}
RESULT: {}
COMMAND: POST /session/211805a0db2825488b2ffc481472c536/element - {"using":"xpath","value":"//header/div/div[2]/div[2]/span"}
RESULT: {"using":"xpath","value":"//header/div/div[2]/div[2]/span"}
COMMAND: GET /session/211805a0db2825488b2ffc481472c536/element/f.B77A22107D10E5486A044045F14EEE7A.d.7B21E26B4BCBF45B628E3D7C5E79AAD1.e.12580/text - {}
RESULT: {}
COMMAND: POST /session/211805a0db2825488b2ffc481472c536/element - {"using":"xpath","value":"//header/div/div/div/div/div/div[2]/div/span"}
RESULT: {"using":"xpath","value":"//header/div/div/div/div/div/div[2]/div/span"}
COMMAND: GET /session/211805a0db2825488b2ffc481472c536/element/f.B77A22107D10E5486A044045F14EEE7A.d.7B21E26B4BCBF45B628E3D7C5E79AAD1.e.12581/text - {}
RESULT: {}
COMMAND: POST /session/211805a0db2825488b2ffc481472c536/execute/async - {"script":"<script> [1562 bytes]","args":[{"selector":{"id":"application-managepartners-display-component---detailPtm--partnerType"},"wdio_ui5_key":"applicationmanagepartners-display-component---detailPtm--partnerType"}]}
RESULT: {"script":"<script> [1562 bytes]","args":[{"selector":{"id":"application-managepartners-display-component---detailPtm--partnerType"},"wdio_ui5_key":"applicationmanagepartners-display-component---detailPtm--partnerType"}]}
RESULT: undefined
COMMAND: POST /session/211805a0db2825488b2ffc481472c536/execute/async - {"script":"<script> [6424 bytes]","args":[{"element-6066-11e4-a52e-4f735466cecf":"f.B77A22107D10E5486A044045F14EEE7A.d.7B21E26B4BCBF45B628E3D7C5E79AAD1.e.12582"},"getText",[]]}
RESULT: {"script":"<script> [6424 bytes]","args":[{"element-6066-11e4-a52e-4f735466cecf":"f.B77A22107D10E5486A044045F14EEE7A.d.7B21E26B4BCBF45B628E3D7C5E79AAD1.e.12582"},"getText",[]]}
COMMAND: POST /session/211805a0db2825488b2ffc481472c536/element - {"using":"css selector","value":"#shell-header-logo"}
RESULT: {"using":"css selector","value":"#shell-header-logo"}
COMMAND: POST /session/211805a0db2825488b2ffc481472c536/element/f.B77A22107D10E5486A044045F14EEE7A.d.7B21E26B4BCBF45B628E3D7C5E79AAD1.e.11925/click - {}
RESULT: {}
COMMAND: GET /session/211805a0db2825488b2ffc481472c536/screenshot - {}
RESULT: {}
COMMAND: POST /session/211805a0db2825488b2ffc481472c536/execute/async - {"script":"<script> [1562 bytes]","args":[{"selector":{"controlType":"sap.m.GenericTile","properties":{"header":"Manage Sites"}},"wdio_ui5_key":"sapm.GenericTile{\"header\":\"Manage Sites\"}"}]}
RESULT: {"script":"<script> [1562 bytes]","args":[{"selector":{"controlType":"sap.m.GenericTile","properties":{"header":"Manage Sites"}},"wdio_ui5_key":"sapm.GenericTile{\"header\":\"Manage Sites\"}"}]}
RESULT: undefined
COMMAND: POST /session/211805a0db2825488b2ffc481472c536/element - {"using":"xpath","value":"//*[@id=\"__tile40\"]"}
RESULT: {"using":"xpath","value":"//*[@id=\"__tile40\"]"}
COMMAND: POST /session/211805a0db2825488b2ffc481472c536/element/f.B77A22107D10E5486A044045F14EEE7A.d.7B21E26B4BCBF45B628E3D7C5E79AAD1.e.12584/click - {}
RESULT: {}
COMMAND: GET /session/211805a0db2825488b2ffc481472c536/screenshot - {}
RESULT: {}
COMMAND: POST /session/211805a0db2825488b2ffc481472c536/execute/async - {"script":"<script> [1562 bytes]","args":[{"selector":{"controlType":"sap.ui.core.Icon","viewName":"etm.portal.ui.managesites.view.Master","viewId":"application-managesites-display-component---masterSite","properties":{"src":{"regex":{"source":"add"}}}},"wdio_ui5_key":"etmportal.ui.managesites.view.Mastersap.ui.core.Icon{\"src\":{\"regex\":{\"source\":\"add\"}}}"}]}
RESULT: {"script":"<script> [1562 bytes]","args":[{"selector":{"controlType":"sap.ui.core.Icon","viewName":"etm.portal.ui.managesites.view.Master","viewId":"application-managesites-display-component---masterSite","properties":{"src":{"regex":{"source":"add"}}}},"wdio_ui5_key":"etmportal.ui.managesites.view.Mastersap.ui.core.Icon{\"src\":{\"regex\":{\"source\":\"add\"}}}"}]}
RESULT: undefined
COMMAND: POST /session/211805a0db2825488b2ffc481472c536/element - {"using":"xpath","value":"//*[@id=\"__button52-img\"]"}
RESULT: {"using":"xpath","value":"//*[@id=\"__button52-img\"]"}
COMMAND: POST /session/211805a0db2825488b2ffc481472c536/element/f.B77A22107D10E5486A044045F14EEE7A.d.7B21E26B4BCBF45B628E3D7C5E79AAD1.e.12632/click - {}
RESULT: {}
COMMAND: POST /session/211805a0db2825488b2ffc481472c536/execute/async - {"script":"<script> [1562 bytes]","args":[{"selector":{"id":"application-managesites-display-component---NewSite--siteId","interaction":{"idSuffix":"inner"}},"wdio_ui5_key":"applicationmanagesites-display-component---NewSite--siteId"}]}
COMMAND: GET /session/211805a0db2825488b2ffc481472c536/screenshot - {}
RESULT: {"script":"<script> [1562 bytes]","args":[{"selector":{"id":"application-managesites-display-component---NewSite--siteId","interaction":{"idSuffix":"inner"}},"wdio_ui5_key":"applicationmanagesites-display-component---NewSite--siteId"}]}
RESULT: undefined
COMMAND: POST /session/211805a0db2825488b2ffc481472c536/execute/async - {"script":"<script> [1562 bytes]","args":[{"selector":{"id":"application-managesites-display-component---NewSite--addressDetailDetailsName1","interaction":{"idSuffix":"inner"}},"wdio_ui5_key":"applicationmanagesites-display-component---NewSite--addressDetailDetailsName1"}]}
RESULT: {}
RESULT: {"script":"<script> [1562 bytes]","args":[{"selector":{"id":"application-managesites-display-component---NewSite--addressDetailDetailsName1","interaction":{"idSuffix":"inner"}},"wdio_ui5_key":"applicationmanagesites-display-component---NewSite--addressDetailDetailsName1"}]}
RESULT: undefined
COMMAND: POST /session/211805a0db2825488b2ffc481472c536/execute/async - {"script":"<script> [776 bytes]","args":[{"enterText":"WebdriverSite73boe","selector":{"id":"application-managesites-display-component---NewSite--addressDetailDetailsName1","interaction":{"idSuffix":"inner"}},"clearTextFirst":true,"interactionType":"ENTER_TEXT"}]}
RESULT: {"script":"<script> [776 bytes]","args":[{"enterText":"WebdriverSite73boe","selector":{"id":"application-managesites-display-component---NewSite--addressDetailDetailsName1","interaction":{"idSuffix":"inner"}},"clearTextFirst":true,"interactionType":"ENTER_TEXT"}]}
COMMAND: POST /session/211805a0db2825488b2ffc481472c536/execute/async - {"script":"<script> [1562 bytes]","args":[{"selector":{"id":"application-managesites-display-component---NewSite--addressDetailDetailsLanguage","interaction":{"idSuffix":"inner"}},"wdio_ui5_key":"applicationmanagesites-display-component---NewSite--addressDetailDetailsLanguage"}]}
RESULT: {"script":"<script> [1562 bytes]","args":[{"selector":{"id":"application-managesites-display-component---NewSite--addressDetailDetailsLanguage","interaction":{"idSuffix":"inner"}},"wdio_ui5_key":"applicationmanagesites-display-component---NewSite--addressDetailDetailsLanguage"}]}
RESULT: undefined
COMMAND: POST /session/211805a0db2825488b2ffc481472c536/execute/async - {"script":"<script> [776 bytes]","args":[{"enterText":"Romanian","selector":{"id":"application-managesites-display-component---NewSite--addressDetailDetailsLanguage","interaction":{"idSuffix":"inner"}},"clearTextFirst":true,"interactionType":"ENTER_TEXT"}]}
RESULT: {"script":"<script> [776 bytes]","args":[{"enterText":"Romanian","selector":{"id":"application-managesites-display-component---NewSite--addressDetailDetailsLanguage","interaction":{"idSuffix":"inner"}},"clearTextFirst":true,"interactionType":"ENTER_TEXT"}]}
COMMAND: POST /session/211805a0db2825488b2ffc481472c536/execute/async - {"script":"<script> [1562 bytes]","args":[{"selector":{"id":"application-managesites-display-component---NewSite--addressDetailDetailsCity1","interaction":{"idSuffix":"inner"}},"wdio_ui5_key":"applicationmanagesites-display-component---NewSite--addressDetailDetailsCity1"}]}
RESULT: {"script":"<script> [1562 bytes]","args":[{"selector":{"id":"application-managesites-display-component---NewSite--addressDetailDetailsCity1","interaction":{"idSuffix":"inner"}},"wdio_ui5_key":"applicationmanagesites-display-component---NewSite--addressDetailDetailsCity1"}]}
RESULT: undefined
COMMAND: POST /session/211805a0db2825488b2ffc481472c536/execute/async - {"script":"<script> [776 bytes]","args":[{"enterText":"Bucharest","selector":{"id":"application-managesites-display-component---NewSite--addressDetailDetailsCity1","interaction":{"idSuffix":"inner"}},"clearTextFirst":true,"interactionType":"ENTER_TEXT"}]}
RESULT: {"script":"<script> [776 bytes]","args":[{"enterText":"Bucharest","selector":{"id":"application-managesites-display-component---NewSite--addressDetailDetailsCity1","interaction":{"idSuffix":"inner"}},"clearTextFirst":true,"interactionType":"ENTER_TEXT"}]}
COMMAND: POST /session/211805a0db2825488b2ffc481472c536/execute/async - {"script":"<script> [1562 bytes]","args":[{"selector":{"id":"application-managesites-display-component---NewSite--addressDetailDetailsCountry","interaction":{"idSuffix":"inner"}},"wdio_ui5_key":"applicationmanagesites-display-component---NewSite--addressDetailDetailsCountry"}]}
RESULT: {"script":"<script> [1562 bytes]","args":[{"selector":{"id":"application-managesites-display-component---NewSite--addressDetailDetailsCountry","interaction":{"idSuffix":"inner"}},"wdio_ui5_key":"applicationmanagesites-display-component---NewSite--addressDetailDetailsCountry"}]}
RESULT: undefined
COMMAND: POST /session/211805a0db2825488b2ffc481472c536/execute/async - {"script":"<script> [776 bytes]","args":[{"enterText":"Romania","selector":{"id":"application-managesites-display-component---NewSite--addressDetailDetailsCountry","interaction":{"idSuffix":"inner"}},"clearTextFirst":true,"interactionType":"ENTER_TEXT"}]}
RESULT: {"script":"<script> [776 bytes]","args":[{"enterText":"Romania","selector":{"id":"application-managesites-display-component---NewSite--addressDetailDetailsCountry","interaction":{"idSuffix":"inner"}},"clearTextFirst":true,"interactionType":"ENTER_TEXT"}]}
COMMAND: POST /session/211805a0db2825488b2ffc481472c536/element - {"using":"css selector","value":"#application-managesites-display-component---NewSite--addressDetailDetailsCalendar-inner"}
RESULT: {"using":"css selector","value":"#application-managesites-display-component---NewSite--addressDetailDetailsCalendar-inner"}
COMMAND: POST /session/211805a0db2825488b2ffc481472c536/element/f.B77A22107D10E5486A044045F14EEE7A.d.7B21E26B4BCBF45B628E3D7C5E79AAD1.e.12892/clear - {}
RESULT: {}
COMMAND: POST /session/211805a0db2825488b2ffc481472c536/element/f.B77A22107D10E5486A044045F14EEE7A.d.7B21E26B4BCBF45B628E3D7C5E79AAD1.e.12892/value - {"text":"Germany"}
COMMAND: GET /session/211805a0db2825488b2ffc481472c536/screenshot - {}
RESULT: {"text":"Germany"}
COMMAND: POST /session/211805a0db2825488b2ffc481472c536/execute/async - {"script":"<script> [1562 bytes]","args":[{"selector":{"id":"application-managesites-display-component---NewSite--addressEditDetailsCostObjectCstType-arrow"},"wdio_ui5_key":"applicationmanagesites-display-component---NewSite--addressEditDetailsCostObjectCstType-arrow"}]}
COMMAND: GET /session/211805a0db2825488b2ffc481472c536/screenshot - {}
RESULT: {}
RESULT: {"script":"<script> [1562 bytes]","args":[{"selector":{"id":"application-managesites-display-component---NewSite--addressEditDetailsCostObjectCstType-arrow"},"wdio_ui5_key":"applicationmanagesites-display-component---NewSite--addressEditDetailsCostObjectCstType-arrow"}]}
RESULT: undefined
COMMAND: POST /session/211805a0db2825488b2ffc481472c536/element - {"using":"xpath","value":"//*[@id=\"application-managesites-display-component---NewSite--addressEditDetailsCostObjectCstType-arrow\"]"}
RESULT: {}
RESULT: {"using":"xpath","value":"//*[@id=\"application-managesites-display-component---NewSite--addressEditDetailsCostObjectCstType-arrow\"]"}
COMMAND: POST /session/211805a0db2825488b2ffc481472c536/element/f.B77A22107D10E5486A044045F14EEE7A.d.7B21E26B4BCBF45B628E3D7C5E79AAD1.e.13032/click - {}
RESULT: {}
COMMAND: POST /session/211805a0db2825488b2ffc481472c536/element - {"using":"xpath","value":"//span[contains(text(), \"Work Breakdown Structure\")]"}
COMMAND: GET /session/211805a0db2825488b2ffc481472c536/screenshot - {}
RESULT: {"using":"xpath","value":"//span[contains(text(), \"Work Breakdown Structure\")]"}
COMMAND: POST /session/211805a0db2825488b2ffc481472c536/element/f.B77A22107D10E5486A044045F14EEE7A.d.7B21E26B4BCBF45B628E3D7C5E79AAD1.e.13034/click - {}
RESULT: {}
RESULT: {}
COMMAND: GET /session/211805a0db2825488b2ffc481472c536/screenshot - {}
RESULT: {}
COMMAND: POST /session/211805a0db2825488b2ffc481472c536/execute/async - {"script":"<script> [1562 bytes]","args":[{"selector":{"id":"application-managesites-display-component---NewSite--addressNewCostObjectCstID-vhi"},"wdio_ui5_key":"applicationmanagesites-display-component---NewSite--addressNewCostObjectCstID-vhi"}]}
RESULT: {"script":"<script> [1562 bytes]","args":[{"selector":{"id":"application-managesites-display-component---NewSite--addressNewCostObjectCstID-vhi"},"wdio_ui5_key":"applicationmanagesites-display-component---NewSite--addressNewCostObjectCstID-vhi"}]}
RESULT: undefined
COMMAND: POST /session/211805a0db2825488b2ffc481472c536/element - {"using":"xpath","value":"//*[@id=\"application-managesites-display-component---NewSite--addressNewCostObjectCstID-vhi\"]"}
RESULT: {"using":"xpath","value":"//*[@id=\"application-managesites-display-component---NewSite--addressNewCostObjectCstID-vhi\"]"}
COMMAND: POST /session/211805a0db2825488b2ffc481472c536/element/f.B77A22107D10E5486A044045F14EEE7A.d.7B21E26B4BCBF45B628E3D7C5E79AAD1.e.13038/click - {}
RESULT: {}
COMMAND: GET /session/211805a0db2825488b2ffc481472c536/screenshot - {}
RESULT: {}
COMMAND: POST /session/211805a0db2825488b2ffc481472c536/execute/async - {"script":"<script> [1562 bytes]","args":[{"selector":{"controlType":"sap.m.SearchField","properties":{"placeholder":"Search"},"searchOpenDialogs":true,"interaction":{"idSuffix":"I"}},"wdio_ui5_key":"sapm.SearchField{\"placeholder\":\"Search\"}"}]}
RESULT: {"script":"<script> [1562 bytes]","args":[{"selector":{"controlType":"sap.m.SearchField","properties":{"placeholder":"Search"},"searchOpenDialogs":true,"interaction":{"idSuffix":"I"}},"wdio_ui5_key":"sapm.SearchField{\"placeholder\":\"Search\"}"}]}
RESULT: undefined
COMMAND: POST /session/211805a0db2825488b2ffc481472c536/execute/async - {"script":"<script> [776 bytes]","args":[{"enterText":"A1-000100-01","selector":{"controlType":"sap.m.SearchField","properties":{"placeholder":"Search"},"searchOpenDialogs":true,"interaction":{"idSuffix":"I"}},"clearTextFirst":true,"interactionType":"ENTER_TEXT"}]}
RESULT: {"script":"<script> [776 bytes]","args":[{"enterText":"A1-000100-01","selector":{"controlType":"sap.m.SearchField","properties":{"placeholder":"Search"},"searchOpenDialogs":true,"interaction":{"idSuffix":"I"}},"clearTextFirst":true,"interactionType":"ENTER_TEXT"}]}
COMMAND: POST /session/211805a0db2825488b2ffc481472c536/actions - {"actions":[{"id":"action67","type":"key","parameters":{},"actions":[{"type":"keyDown","value":"î€‡"},{"type":"pause","duration":10},{"type":"keyUp","value":"î€‡"}]}]}
RESULT: {"actions":[{"id":"action67","type":"key","parameters":{},"actions":[{"type":"keyDown","value":"î€‡"},{"type":"pause","duration":10},{"type":"keyUp","value":"î€‡"}]}]}
COMMAND: GET /session/211805a0db2825488b2ffc481472c536/screenshot - {}
RESULT: {}
COMMAND: POST /session/211805a0db2825488b2ffc481472c536/element - {"using":"xpath","value":"//span[contains(text(), \"Template for ETO-Process\")]"}
RESULT: {"using":"xpath","value":"//span[contains(text(), \"Template for ETO-Process\")]"}
COMMAND: POST /session/211805a0db2825488b2ffc481472c536/element/f.B77A22107D10E5486A044045F14EEE7A.d.7B21E26B4BCBF45B628E3D7C5E79AAD1.e.13058/click - {}
RESULT: {}
COMMAND: GET /session/211805a0db2825488b2ffc481472c536/screenshot - {}
RESULT: {}
COMMAND: POST /session/211805a0db2825488b2ffc481472c536/element - {"using":"xpath","value":"//bdi[contains(text(), \"OK\")]"}
RESULT: {"using":"xpath","value":"//bdi[contains(text(), \"OK\")]"}
COMMAND: POST /session/211805a0db2825488b2ffc481472c536/element/f.B77A22107D10E5486A044045F14EEE7A.d.7B21E26B4BCBF45B628E3D7C5E79AAD1.e.13059/click - {}
RESULT: {}
COMMAND: GET /session/211805a0db2825488b2ffc481472c536/screenshot - {}
RESULT: {}
COMMAND: POST /session/211805a0db2825488b2ffc481472c536/element - {"using":"xpath","value":"//input[@id=\"application-managesites-display-component---NewSite--addressDetailDetailsYard-inner\"]"}
RESULT: {"using":"xpath","value":"//input[@id=\"application-managesites-display-component---NewSite--addressDetailDetailsYard-inner\"]"}
COMMAND: POST /session/211805a0db2825488b2ffc481472c536/element/f.B77A22107D10E5486A044045F14EEE7A.d.7B21E26B4BCBF45B628E3D7C5E79AAD1.e.12893/value - {"text":"553"}
RESULT: {"text":"553"}
COMMAND: GET /session/211805a0db2825488b2ffc481472c536/screenshot - {}
RESULT: {}
COMMAND: POST /session/211805a0db2825488b2ffc481472c536/actions - {"actions":[{"id":"action68","type":"key","parameters":{},"actions":[{"type":"keyDown","value":"î€‡"},{"type":"pause","duration":10},{"type":"keyUp","value":"î€‡"}]}]}
RESULT: {"actions":[{"id":"action68","type":"key","parameters":{},"actions":[{"type":"keyDown","value":"î€‡"},{"type":"pause","duration":10},{"type":"keyUp","value":"î€‡"}]}]}
COMMAND: GET /session/211805a0db2825488b2ffc481472c536/screenshot - {}
RESULT: {}
COMMAND: POST /session/211805a0db2825488b2ffc481472c536/element - {"using":"xpath","value":"//input[@id=\"application-managesites-display-component---NewSite--addressDetailDetailsPartner-inner\"]"}
RESULT: {"using":"xpath","value":"//input[@id=\"application-managesites-display-component---NewSite--addressDetailDetailsPartner-inner\"]"}
COMMAND: POST /session/211805a0db2825488b2ffc481472c536/elements - {"using":"xpath","value":"//input[@id=\"application-managesites-display-component---NewSite--addressDetailDetailsPartner-inner\"]"}
RESULT: {"using":"xpath","value":"//input[@id=\"application-managesites-display-component---NewSite--addressDetailDetailsPartner-inner\"]"}
COMMAND: POST /session/211805a0db2825488b2ffc481472c536/execute/async - {"script":"<script> [1562 bytes]","args":[{"selector":{"controlType":"sap.m.Button","viewName":"etm.portal.ui.managesites.view.NewSmartSite","viewId":"application-managesites-display-component---NewSite","properties":{"text":"Commercial"},"interaction":{"idSuffix":"BDI-content"}},"wdio_ui5_key":"etmportal.ui.managesites.view.NewSmartSitesap.m.Button{\"text\":\"Commercial\"}"}]}
RESULT: {"script":"<script> [1562 bytes]","args":[{"selector":{"controlType":"sap.m.Button","viewName":"etm.portal.ui.managesites.view.NewSmartSite","viewId":"application-managesites-display-component---NewSite","properties":{"text":"Commercial"},"interaction":{"idSuffix":"BDI-content"}},"wdio_ui5_key":"etmportal.ui.managesites.view.NewSmartSitesap.m.Button{\"text\":\"Commercial\"}"}]}
RESULT: undefined
COMMAND: POST /session/211805a0db2825488b2ffc481472c536/element - {"using":"xpath","value":"//*[@id=\"application-managesites-display-component---NewSite--ObjectPageLayout-anchBar-__section31-anchor\"]"}
RESULT: {"using":"xpath","value":"//*[@id=\"application-managesites-display-component---NewSite--ObjectPageLayout-anchBar-__section31-anchor\"]"}
COMMAND: POST /session/211805a0db2825488b2ffc481472c536/element/f.B77A22107D10E5486A044045F14EEE7A.d.7B21E26B4BCBF45B628E3D7C5E79AAD1.e.13066/click - {}
RESULT: {}
COMMAND: POST /session/211805a0db2825488b2ffc481472c536/execute/async - {"script":"<script> [1562 bytes]","args":[{"selector":{"controlType":"sap.m.Button","viewName":"etm.portal.ui.managesites.view.NewSmartSite","viewId":"application-managesites-display-component---NewSite","i18NText":{"propertyName":"text","key":"save"},"interaction":{"idSuffix":"BDI-content"}},"wdio_ui5_key":"etmportal.ui.managesites.view.NewSmartSitesap.m.Button{\"propertyName\":\"text\",\"key\":\"save\"}"}]}
COMMAND: GET /session/211805a0db2825488b2ffc481472c536/screenshot - {}
RESULT: {"script":"<script> [1562 bytes]","args":[{"selector":{"controlType":"sap.m.Button","viewName":"etm.portal.ui.managesites.view.NewSmartSite","viewId":"application-managesites-display-component---NewSite","i18NText":{"propertyName":"text","key":"save"},"interaction":{"idSuffix":"BDI-content"}},"wdio_ui5_key":"etmportal.ui.managesites.view.NewSmartSitesap.m.Button{\"propertyName\":\"text\",\"key\":\"save\"}"}]}
RESULT: undefined
COMMAND: POST /session/211805a0db2825488b2ffc481472c536/element - {"using":"xpath","value":"//*[@id=\"__button64\"]"}
RESULT: {}
RESULT: {"using":"xpath","value":"//*[@id=\"__button64\"]"}
COMMAND: POST /session/211805a0db2825488b2ffc481472c536/element/f.B77A22107D10E5486A044045F14EEE7A.d.7B21E26B4BCBF45B628E3D7C5E79AAD1.e.13012/click - {}
RESULT: {}
COMMAND: GET /session/211805a0db2825488b2ffc481472c536/screenshot - {}
RESULT: {}
COMMAND: POST /session/211805a0db2825488b2ffc481472c536/execute/async - {"script":"<script> [1562 bytes]","args":[{"selector":{"id":"application-managesites-display-component---detailSite--addressDetailDetailsYardText"},"wdio_ui5_key":"applicationmanagesites-display-component---detailSite--addressDetailDetailsYardText"}]}
RESULT: {"script":"<script> [1562 bytes]","args":[{"selector":{"id":"application-managesites-display-component---detailSite--addressDetailDetailsYardText"},"wdio_ui5_key":"applicationmanagesites-display-component---detailSite--addressDetailDetailsYardText"}]}
RESULT: undefined
COMMAND: POST /session/211805a0db2825488b2ffc481472c536/element - {"using":"xpath","value":"//header/div/div[2]/div[2]/span"}
RESULT: {"using":"xpath","value":"//header/div/div[2]/div[2]/span"}
COMMAND: GET /session/211805a0db2825488b2ffc481472c536/element/f.B77A22107D10E5486A044045F14EEE7A.d.7B21E26B4BCBF45B628E3D7C5E79AAD1.e.13276/text - {}
RESULT: {}
COMMAND: POST /session/211805a0db2825488b2ffc481472c536/element - {"using":"xpath","value":"//header/div/div/div/div/div/div[2]/div/span"}
RESULT: {"using":"xpath","value":"//header/div/div/div/div/div/div[2]/div/span"}
COMMAND: GET /session/211805a0db2825488b2ffc481472c536/element/f.B77A22107D10E5486A044045F14EEE7A.d.7B21E26B4BCBF45B628E3D7C5E79AAD1.e.13277/text - {}
RESULT: {}
COMMAND: POST /session/211805a0db2825488b2ffc481472c536/element - {"using":"css selector","value":"#shell-header-logo"}
RESULT: {"using":"css selector","value":"#shell-header-logo"}
COMMAND: POST /session/211805a0db2825488b2ffc481472c536/element/f.B77A22107D10E5486A044045F14EEE7A.d.7B21E26B4BCBF45B628E3D7C5E79AAD1.e.12589/click - {}
RESULT: {}
COMMAND: GET /session/211805a0db2825488b2ffc481472c536/screenshot - {}
RESULT: {}
]]></system-out>
    </testcase>
    <testcase classname="chrome.135_0_7049_96.windows.E2E_-_Logistical_and_commercial_statuses" name="It should stock increase the resource" time="221.848">
      <system-out><![CDATA[
COMMAND: POST /session/211805a0db2825488b2ffc481472c536/execute/async - {"script":"<script> [1562 bytes]","args":[{"selector":{"controlType":"sap.m.GenericTile","properties":{"header":"Manage Resources"}},"wdio_ui5_key":"sapm.GenericTile{\"header\":\"Manage Resources\"}"}]}
RESULT: {"script":"<script> [1562 bytes]","args":[{"selector":{"controlType":"sap.m.GenericTile","properties":{"header":"Manage Resources"}},"wdio_ui5_key":"sapm.GenericTile{\"header\":\"Manage Resources\"}"}]}
RESULT: undefined
COMMAND: POST /session/211805a0db2825488b2ffc481472c536/element - {"using":"xpath","value":"//*[@id=\"__tile39\"]"}
RESULT: {"using":"xpath","value":"//*[@id=\"__tile39\"]"}
COMMAND: POST /session/211805a0db2825488b2ffc481472c536/element/f.B77A22107D10E5486A044045F14EEE7A.d.7B21E26B4BCBF45B628E3D7C5E79AAD1.e.13279/click - {}
RESULT: {}
COMMAND: GET /session/211805a0db2825488b2ffc481472c536/screenshot - {}
RESULT: {}
COMMAND: POST /session/211805a0db2825488b2ffc481472c536/element - {"using":"xpath","value":"//button[@data-kt=\"addNewRUOverflowToolbarButton\"]"}
RESULT: {"using":"xpath","value":"//button[@data-kt=\"addNewRUOverflowToolbarButton\"]"}
COMMAND: POST /session/211805a0db2825488b2ffc481472c536/execute/sync - {"script":"<script> [8489 bytes]","args":[{"element-6066-11e4-a52e-4f735466cecf":"f.B77A22107D10E5486A044045F14EEE7A.d.7B21E26B4BCBF45B628E3D7C5E79AAD1.e.13320","ELEMENT":"f.B77A22107D10E5486A044045F14EEE7A.d.7B21E26B4BCBF45B628E3D7C5E79AAD1.e.13320"}]}
RESULT: {"script":"<script> [8489 bytes]","args":[{"element-6066-11e4-a52e-4f735466cecf":"f.B77A22107D10E5486A044045F14EEE7A.d.7B21E26B4BCBF45B628E3D7C5E79AAD1.e.13320","ELEMENT":"f.B77A22107D10E5486A044045F14EEE7A.d.7B21E26B4BCBF45B628E3D7C5E79AAD1.e.13320"}]}
COMMAND: POST /session/211805a0db2825488b2ffc481472c536/element/f.B77A22107D10E5486A044045F14EEE7A.d.7B21E26B4BCBF45B628E3D7C5E79AAD1.e.13320/click - {}
COMMAND: GET /session/211805a0db2825488b2ffc481472c536/screenshot - {}
RESULT: {}
COMMAND: POST /session/211805a0db2825488b2ffc481472c536/execute/async - {"script":"<script> [1562 bytes]","args":[{"selector":{"id":"application-manageresources-display-component---newResourceUnit--TYPE-arrow"},"wdio_ui5_key":"applicationmanageresources-display-component---newResourceUnit--TYPE-arrow"}]}
COMMAND: GET /session/211805a0db2825488b2ffc481472c536/screenshot - {}
RESULT: {}
RESULT: {"script":"<script> [1562 bytes]","args":[{"selector":{"id":"application-manageresources-display-component---newResourceUnit--TYPE-arrow"},"wdio_ui5_key":"applicationmanageresources-display-component---newResourceUnit--TYPE-arrow"}]}
RESULT: undefined
COMMAND: POST /session/211805a0db2825488b2ffc481472c536/element - {"using":"xpath","value":"//*[@id=\"application-manageresources-display-component---newResourceUnit--TYPE-arrow\"]"}
RESULT: {}
RESULT: {"using":"xpath","value":"//*[@id=\"application-manageresources-display-component---newResourceUnit--TYPE-arrow\"]"}
COMMAND: POST /session/211805a0db2825488b2ffc481472c536/element/f.B77A22107D10E5486A044045F14EEE7A.d.7B21E26B4BCBF45B628E3D7C5E79AAD1.e.13631/click - {}
RESULT: {}
COMMAND: POST /session/211805a0db2825488b2ffc481472c536/execute/async - {"script":"<script> [1562 bytes]","args":[{"selector":{"controlType":"sap.m.StandardListItem","viewName":"reusables.view.manageresources.NewResourceUnit","viewId":"application-manageresources-display-component---newResourceUnit","properties":{"title":"Material"},"searchOpenDialogs":true,"interaction":{"idSuffix":"titleText"}},"wdio_ui5_key":"reusablesview.manageresources.NewResourceUnitsap.m.StandardListItem{\"title\":\"Material\"}"}]}
COMMAND: GET /session/211805a0db2825488b2ffc481472c536/screenshot - {}
RESULT: {"script":"<script> [1562 bytes]","args":[{"selector":{"controlType":"sap.m.StandardListItem","viewName":"reusables.view.manageresources.NewResourceUnit","viewId":"application-manageresources-display-component---newResourceUnit","properties":{"title":"Material"},"searchOpenDialogs":true,"interaction":{"idSuffix":"titleText"}},"wdio_ui5_key":"reusablesview.manageresources.NewResourceUnitsap.m.StandardListItem{\"title\":\"Material\"}"}]}
RESULT: undefined
COMMAND: POST /session/211805a0db2825488b2ffc481472c536/element - {"using":"xpath","value":"//*[@id=\"__item1145\"]"}
RESULT: {}
RESULT: {"using":"xpath","value":"//*[@id=\"__item1145\"]"}
COMMAND: POST /session/211805a0db2825488b2ffc481472c536/element/f.B77A22107D10E5486A044045F14EEE7A.d.7B21E26B4BCBF45B628E3D7C5E79AAD1.e.13634/click - {}
RESULT: {}
COMMAND: POST /session/211805a0db2825488b2ffc481472c536/execute/async - {"script":"<script> [1562 bytes]","args":[{"selector":{"id":"application-manageresources-display-component---newResourceUnit--SHORT_TEXT","interaction":{"idSuffix":"inner"}},"wdio_ui5_key":"applicationmanageresources-display-component---newResourceUnit--SHORT_TEXT"}]}
COMMAND: GET /session/211805a0db2825488b2ffc481472c536/screenshot - {}
RESULT: {"script":"<script> [1562 bytes]","args":[{"selector":{"id":"application-manageresources-display-component---newResourceUnit--SHORT_TEXT","interaction":{"idSuffix":"inner"}},"wdio_ui5_key":"applicationmanageresources-display-component---newResourceUnit--SHORT_TEXT"}]}
RESULT: undefined
COMMAND: POST /session/211805a0db2825488b2ffc481472c536/execute/async - {"script":"<script> [776 bytes]","args":[{"enterText":"WebdriverRUR2Cab7cz","selector":{"id":"application-manageresources-display-component---newResourceUnit--SHORT_TEXT","interaction":{"idSuffix":"inner"}},"clearTextFirst":true,"interactionType":"ENTER_TEXT"}]}
RESULT: {}
RESULT: {"script":"<script> [776 bytes]","args":[{"enterText":"WebdriverRUR2Cab7cz","selector":{"id":"application-manageresources-display-component---newResourceUnit--SHORT_TEXT","interaction":{"idSuffix":"inner"}},"clearTextFirst":true,"interactionType":"ENTER_TEXT"}]}
COMMAND: POST /session/211805a0db2825488b2ffc481472c536/execute/async - {"script":"<script> [1562 bytes]","args":[{"selector":{"id":"application-manageresources-display-component---newResourceUnit--BASE_UNIT_OF_MEASURE-arrow"},"wdio_ui5_key":"applicationmanageresources-display-component---newResourceUnit--BASE_UNIT_OF_MEASURE-arrow"}]}
RESULT: {"script":"<script> [1562 bytes]","args":[{"selector":{"id":"application-manageresources-display-component---newResourceUnit--BASE_UNIT_OF_MEASURE-arrow"},"wdio_ui5_key":"applicationmanageresources-display-component---newResourceUnit--BASE_UNIT_OF_MEASURE-arrow"}]}
RESULT: undefined
COMMAND: POST /session/211805a0db2825488b2ffc481472c536/element - {"using":"xpath","value":"//*[@id=\"application-manageresources-display-component---newResourceUnit--BASE_UNIT_OF_MEASURE-arrow\"]"}
RESULT: {"using":"xpath","value":"//*[@id=\"application-manageresources-display-component---newResourceUnit--BASE_UNIT_OF_MEASURE-arrow\"]"}
COMMAND: POST /session/211805a0db2825488b2ffc481472c536/element/f.B77A22107D10E5486A044045F14EEE7A.d.7B21E26B4BCBF45B628E3D7C5E79AAD1.e.13690/click - {}
RESULT: {}
COMMAND: POST /session/211805a0db2825488b2ffc481472c536/execute/async - {"script":"<script> [1562 bytes]","args":[{"selector":{"controlType":"sap.m.StandardListItem","viewName":"reusables.view.manageresources.NewResourceUnit","viewId":"application-manageresources-display-component---newResourceUnit","properties":{"title":"Piece"},"searchOpenDialogs":true,"interaction":{"idSuffix":"titleText"}},"wdio_ui5_key":"reusablesview.manageresources.NewResourceUnitsap.m.StandardListItem{\"title\":\"Piece\"}"}]}
COMMAND: GET /session/211805a0db2825488b2ffc481472c536/screenshot - {}
RESULT: {"script":"<script> [1562 bytes]","args":[{"selector":{"controlType":"sap.m.StandardListItem","viewName":"reusables.view.manageresources.NewResourceUnit","viewId":"application-manageresources-display-component---newResourceUnit","properties":{"title":"Piece"},"searchOpenDialogs":true,"interaction":{"idSuffix":"titleText"}},"wdio_ui5_key":"reusablesview.manageresources.NewResourceUnitsap.m.StandardListItem{\"title\":\"Piece\"}"}]}
RESULT: undefined
COMMAND: POST /session/211805a0db2825488b2ffc481472c536/element - {"using":"xpath","value":"//*[@id=\"__item1189\"]"}
RESULT: {}
RESULT: {"using":"xpath","value":"//*[@id=\"__item1189\"]"}
COMMAND: POST /session/211805a0db2825488b2ffc481472c536/element/f.B77A22107D10E5486A044045F14EEE7A.d.7B21E26B4BCBF45B628E3D7C5E79AAD1.e.13692/click - {}
RESULT: {}
COMMAND: POST /session/211805a0db2825488b2ffc481472c536/element - {"using":"xpath","value":"//input[contains(@id ,\"application-manageresources-display-component---newResourceUnit--SHORT_TEXT-inner\")]"}
COMMAND: GET /session/211805a0db2825488b2ffc481472c536/screenshot - {}
RESULT: {"using":"xpath","value":"//input[contains(@id ,\"application-manageresources-display-component---newResourceUnit--SHORT_TEXT-inner\")]"}
COMMAND: GET /session/211805a0db2825488b2ffc481472c536/element/f.B77A22107D10E5486A044045F14EEE7A.d.7B21E26B4BCBF45B628E3D7C5E79AAD1.e.13651/property/value - {}
RESULT: {}
RESULT: {}
COMMAND: POST /session/211805a0db2825488b2ffc481472c536/execute/async - {"script":"<script> [1562 bytes]","args":[{"selector":{"id":"application-manageresources-display-component---newResourceUnit--WEIGHT_UNIT-arrow"},"wdio_ui5_key":"applicationmanageresources-display-component---newResourceUnit--WEIGHT_UNIT-arrow"}]}
COMMAND: GET /session/211805a0db2825488b2ffc481472c536/screenshot - {}
RESULT: {"script":"<script> [1562 bytes]","args":[{"selector":{"id":"application-manageresources-display-component---newResourceUnit--WEIGHT_UNIT-arrow"},"wdio_ui5_key":"applicationmanageresources-display-component---newResourceUnit--WEIGHT_UNIT-arrow"}]}
RESULT: undefined
COMMAND: POST /session/211805a0db2825488b2ffc481472c536/element - {"using":"xpath","value":"//*[@id=\"application-manageresources-display-component---newResourceUnit--WEIGHT_UNIT-arrow\"]"}
RESULT: {}
RESULT: {"using":"xpath","value":"//*[@id=\"application-manageresources-display-component---newResourceUnit--WEIGHT_UNIT-arrow\"]"}
COMMAND: POST /session/211805a0db2825488b2ffc481472c536/element/f.B77A22107D10E5486A044045F14EEE7A.d.7B21E26B4BCBF45B628E3D7C5E79AAD1.e.13693/click - {}
RESULT: {}
COMMAND: POST /session/211805a0db2825488b2ffc481472c536/execute/async - {"script":"<script> [1562 bytes]","args":[{"selector":{"controlType":"sap.m.StandardListItem","viewName":"reusables.view.manageresources.NewResourceUnit","viewId":"application-manageresources-display-component---newResourceUnit","properties":{"title":"Gram"},"searchOpenDialogs":true,"interaction":{"idSuffix":"content"}},"wdio_ui5_key":"reusablesview.manageresources.NewResourceUnitsap.m.StandardListItem{\"title\":\"Gram\"}"}]}
COMMAND: GET /session/211805a0db2825488b2ffc481472c536/screenshot - {}
RESULT: {"script":"<script> [1562 bytes]","args":[{"selector":{"controlType":"sap.m.StandardListItem","viewName":"reusables.view.manageresources.NewResourceUnit","viewId":"application-manageresources-display-component---newResourceUnit","properties":{"title":"Gram"},"searchOpenDialogs":true,"interaction":{"idSuffix":"content"}},"wdio_ui5_key":"reusablesview.manageresources.NewResourceUnitsap.m.StandardListItem{\"title\":\"Gram\"}"}]}
RESULT: undefined
COMMAND: POST /session/211805a0db2825488b2ffc481472c536/element - {"using":"xpath","value":"//*[@id=\"__item1254\"]"}
RESULT: {}
RESULT: {"using":"xpath","value":"//*[@id=\"__item1254\"]"}
COMMAND: POST /session/211805a0db2825488b2ffc481472c536/element/f.B77A22107D10E5486A044045F14EEE7A.d.7B21E26B4BCBF45B628E3D7C5E79AAD1.e.13695/click - {}
RESULT: {}
COMMAND: POST /session/211805a0db2825488b2ffc481472c536/execute/async - {"script":"<script> [1562 bytes]","args":[{"selector":{"id":"application-manageresources-display-component---newResourceUnit--newRRUPage-OPHeaderContent-collapseBtn-img"},"wdio_ui5_key":"applicationmanageresources-display-component---newResourceUnit--newRRUPage-OPHeaderContent-collapseBtn-img"}]}
COMMAND: GET /session/211805a0db2825488b2ffc481472c536/screenshot - {}
RESULT: {"script":"<script> [1562 bytes]","args":[{"selector":{"id":"application-manageresources-display-component---newResourceUnit--newRRUPage-OPHeaderContent-collapseBtn-img"},"wdio_ui5_key":"applicationmanageresources-display-component---newResourceUnit--newRRUPage-OPHeaderContent-collapseBtn-img"}]}
RESULT: undefined
COMMAND: POST /session/211805a0db2825488b2ffc481472c536/element - {"using":"xpath","value":"//*[@id=\"application-manageresources-display-component---newResourceUnit--newRRUPage-OPHeaderContent-collapseBtn-img\"]"}
RESULT: {}
RESULT: {"using":"xpath","value":"//*[@id=\"application-manageresources-display-component---newResourceUnit--newRRUPage-OPHeaderContent-collapseBtn-img\"]"}
COMMAND: POST /session/211805a0db2825488b2ffc481472c536/element/f.B77A22107D10E5486A044045F14EEE7A.d.7B21E26B4BCBF45B628E3D7C5E79AAD1.e.13641/click - {}
RESULT: {}
COMMAND: GET /session/211805a0db2825488b2ffc481472c536/screenshot - {}
RESULT: {}
COMMAND: POST /session/211805a0db2825488b2ffc481472c536/element - {"using":"xpath","value":"(//span[contains(@id ,\"application-manageresources-display-component---newResourceUnit--DIMENSION_UNIT-arrow\")])[1]"}
RESULT: {"using":"xpath","value":"(//span[contains(@id ,\"application-manageresources-display-component---newResourceUnit--DIMENSION_UNIT-arrow\")])[1]"}
COMMAND: POST /session/211805a0db2825488b2ffc481472c536/element/f.B77A22107D10E5486A044045F14EEE7A.d.7B21E26B4BCBF45B628E3D7C5E79AAD1.e.13701/click - {}
RESULT: {}
COMMAND: GET /session/211805a0db2825488b2ffc481472c536/screenshot - {}
RESULT: {}
COMMAND: POST /session/211805a0db2825488b2ffc481472c536/execute/async - {"script":"<script> [1562 bytes]","args":[{"selector":{"controlType":"sap.m.StandardListItem","viewName":"reusables.view.manageresources.NewResourceUnit","viewId":"application-manageresources-display-component---newResourceUnit","properties":{"title":"Centimeter"},"searchOpenDialogs":true,"interaction":{"idSuffix":"titleText"}},"wdio_ui5_key":"reusablesview.manageresources.NewResourceUnitsap.m.StandardListItem{\"title\":\"Centimeter\"}"}]}
RESULT: {"script":"<script> [1562 bytes]","args":[{"selector":{"controlType":"sap.m.StandardListItem","viewName":"reusables.view.manageresources.NewResourceUnit","viewId":"application-manageresources-display-component---newResourceUnit","properties":{"title":"Centimeter"},"searchOpenDialogs":true,"interaction":{"idSuffix":"titleText"}},"wdio_ui5_key":"reusablesview.manageresources.NewResourceUnitsap.m.StandardListItem{\"title\":\"Centimeter\"}"}]}
RESULT: undefined
COMMAND: POST /session/211805a0db2825488b2ffc481472c536/element - {"using":"xpath","value":"//*[@id=\"__item1257\"]"}
RESULT: {"using":"xpath","value":"//*[@id=\"__item1257\"]"}
COMMAND: POST /session/211805a0db2825488b2ffc481472c536/element/f.B77A22107D10E5486A044045F14EEE7A.d.7B21E26B4BCBF45B628E3D7C5E79AAD1.e.13703/click - {}
RESULT: {}
COMMAND: POST /session/211805a0db2825488b2ffc481472c536/execute/async - {"script":"<script> [1562 bytes]","args":[{"selector":{"id":"application-manageresources-display-component---newResourceUnit--newRRUPage-anchBar-application-manageresources-display-component---newResourceUnit--reference-anchor","interaction":{"idSuffix":"BDI-content"}},"wdio_ui5_key":"applicationmanageresources-display-component---newResourceUnit--newRRUPage-anchBar-application-manageresources-display-component---newResourceUnit--reference-anchor"}]}
COMMAND: GET /session/211805a0db2825488b2ffc481472c536/screenshot - {}
RESULT: {"script":"<script> [1562 bytes]","args":[{"selector":{"id":"application-manageresources-display-component---newResourceUnit--newRRUPage-anchBar-application-manageresources-display-component---newResourceUnit--reference-anchor","interaction":{"idSuffix":"BDI-content"}},"wdio_ui5_key":"applicationmanageresources-display-component---newResourceUnit--newRRUPage-anchBar-application-manageresources-display-component---newResourceUnit--reference-anchor"}]}
RESULT: undefined
COMMAND: POST /session/211805a0db2825488b2ffc481472c536/element - {"using":"xpath","value":"//*[@id=\"application-manageresources-display-component---newResourceUnit--newRRUPage-anchBar-application-manageresources-display-component---newResourceUnit--reference-anchor\"]"}
RESULT: {}
RESULT: {"using":"xpath","value":"//*[@id=\"application-manageresources-display-component---newResourceUnit--newRRUPage-anchBar-application-manageresources-display-component---newResourceUnit--reference-anchor\"]"}
COMMAND: POST /session/211805a0db2825488b2ffc481472c536/element/f.B77A22107D10E5486A044045F14EEE7A.d.7B21E26B4BCBF45B628E3D7C5E79AAD1.e.13705/click - {}
RESULT: {}
COMMAND: POST /session/211805a0db2825488b2ffc481472c536/execute/async - {"script":"<script> [1562 bytes]","args":[{"selector":{"id":"application-manageresources-display-component---newResourceUnit--PLANNING_GROUP-arrow"},"wdio_ui5_key":"applicationmanageresources-display-component---newResourceUnit--PLANNING_GROUP-arrow"}]}
COMMAND: GET /session/211805a0db2825488b2ffc481472c536/screenshot - {}
RESULT: {"script":"<script> [1562 bytes]","args":[{"selector":{"id":"application-manageresources-display-component---newResourceUnit--PLANNING_GROUP-arrow"},"wdio_ui5_key":"applicationmanageresources-display-component---newResourceUnit--PLANNING_GROUP-arrow"}]}
RESULT: undefined
COMMAND: POST /session/211805a0db2825488b2ffc481472c536/element - {"using":"xpath","value":"//*[@id=\"application-manageresources-display-component---newResourceUnit--PLANNING_GROUP-arrow\"]"}
RESULT: {}
RESULT: {"using":"xpath","value":"//*[@id=\"application-manageresources-display-component---newResourceUnit--PLANNING_GROUP-arrow\"]"}
COMMAND: POST /session/211805a0db2825488b2ffc481472c536/element/f.B77A22107D10E5486A044045F14EEE7A.d.7B21E26B4BCBF45B628E3D7C5E79AAD1.e.13709/click - {}
RESULT: {}
COMMAND: POST /session/211805a0db2825488b2ffc481472c536/execute/async - {"script":"<script> [1562 bytes]","args":[{"selector":{"controlType":"sap.m.StandardListItem","viewName":"reusables.view.manageresources.NewResourceUnit","viewId":"application-manageresources-display-component---newResourceUnit","properties":{"title":"Heavy Equi"},"searchOpenDialogs":true,"interaction":{"idSuffix":"content"}},"wdio_ui5_key":"reusablesview.manageresources.NewResourceUnitsap.m.StandardListItem{\"title\":\"Heavy Equi\"}"}]}
COMMAND: GET /session/211805a0db2825488b2ffc481472c536/screenshot - {}
RESULT: {"script":"<script> [1562 bytes]","args":[{"selector":{"controlType":"sap.m.StandardListItem","viewName":"reusables.view.manageresources.NewResourceUnit","viewId":"application-manageresources-display-component---newResourceUnit","properties":{"title":"Heavy Equi"},"searchOpenDialogs":true,"interaction":{"idSuffix":"content"}},"wdio_ui5_key":"reusablesview.manageresources.NewResourceUnitsap.m.StandardListItem{\"title\":\"Heavy Equi\"}"}]}
RESULT: undefined
COMMAND: POST /session/211805a0db2825488b2ffc481472c536/element - {"using":"xpath","value":"//*[@id=\"__item1265\"]"}
RESULT: {}
RESULT: {"using":"xpath","value":"//*[@id=\"__item1265\"]"}
COMMAND: POST /session/211805a0db2825488b2ffc481472c536/element/f.B77A22107D10E5486A044045F14EEE7A.d.7B21E26B4BCBF45B628E3D7C5E79AAD1.e.13713/click - {}
RESULT: {}
COMMAND: GET /session/211805a0db2825488b2ffc481472c536/screenshot - {}
RESULT: {}
COMMAND: POST /session/211805a0db2825488b2ffc481472c536/execute/async - {"script":"<script> [1562 bytes]","args":[{"selector":{"id":"application-manageresources-display-component---newResourceUnit--PLANNING_INDICATOR-arrow"},"wdio_ui5_key":"applicationmanageresources-display-component---newResourceUnit--PLANNING_INDICATOR-arrow"}]}
RESULT: {"script":"<script> [1562 bytes]","args":[{"selector":{"id":"application-manageresources-display-component---newResourceUnit--PLANNING_INDICATOR-arrow"},"wdio_ui5_key":"applicationmanageresources-display-component---newResourceUnit--PLANNING_INDICATOR-arrow"}]}
RESULT: undefined
COMMAND: POST /session/211805a0db2825488b2ffc481472c536/element - {"using":"xpath","value":"//*[@id=\"application-manageresources-display-component---newResourceUnit--PLANNING_INDICATOR-arrow\"]"}
RESULT: {"using":"xpath","value":"//*[@id=\"application-manageresources-display-component---newResourceUnit--PLANNING_INDICATOR-arrow\"]"}
COMMAND: POST /session/211805a0db2825488b2ffc481472c536/element/f.B77A22107D10E5486A044045F14EEE7A.d.7B21E26B4BCBF45B628E3D7C5E79AAD1.e.13714/click - {}
RESULT: {}
COMMAND: POST /session/211805a0db2825488b2ffc481472c536/execute/async - {"script":"<script> [1562 bytes]","args":[{"selector":{"controlType":"sap.m.StandardListItem","viewName":"reusables.view.manageresources.NewResourceUnit","viewId":"application-manageresources-display-component---newResourceUnit","properties":{"title":"10 - infinite"},"searchOpenDialogs":true,"interaction":{"idSuffix":"content"}},"wdio_ui5_key":"reusablesview.manageresources.NewResourceUnitsap.m.StandardListItem{\"title\":\"10 - infinite\"}"}]}
COMMAND: GET /session/211805a0db2825488b2ffc481472c536/screenshot - {}
RESULT: {"script":"<script> [1562 bytes]","args":[{"selector":{"controlType":"sap.m.StandardListItem","viewName":"reusables.view.manageresources.NewResourceUnit","viewId":"application-manageresources-display-component---newResourceUnit","properties":{"title":"10 - infinite"},"searchOpenDialogs":true,"interaction":{"idSuffix":"content"}},"wdio_ui5_key":"reusablesview.manageresources.NewResourceUnitsap.m.StandardListItem{\"title\":\"10 - infinite\"}"}]}
RESULT: undefined
COMMAND: POST /session/211805a0db2825488b2ffc481472c536/element - {"using":"xpath","value":"//*[@id=\"__item1275\"]"}
RESULT: {}
RESULT: {"using":"xpath","value":"//*[@id=\"__item1275\"]"}
COMMAND: POST /session/211805a0db2825488b2ffc481472c536/element/f.B77A22107D10E5486A044045F14EEE7A.d.7B21E26B4BCBF45B628E3D7C5E79AAD1.e.13716/click - {}
RESULT: {}
COMMAND: GET /session/211805a0db2825488b2ffc481472c536/screenshot - {}
RESULT: {}
COMMAND: POST /session/211805a0db2825488b2ffc481472c536/element - {"using":"xpath","value":"//bdi[contains(text(), \"Time Segment\")]"}
RESULT: {"using":"xpath","value":"//bdi[contains(text(), \"Time Segment\")]"}
COMMAND: GET /session/211805a0db2825488b2ffc481472c536/element/f.B77A22107D10E5486A044045F14EEE7A.d.7B21E26B4BCBF45B628E3D7C5E79AAD1.e.13717/rect - {}
RESULT: {}
COMMAND: GET /session/211805a0db2825488b2ffc481472c536/window/rect - {}
RESULT: {}
COMMAND: POST /session/211805a0db2825488b2ffc481472c536/execute/sync - {"script":"<script> [92 bytes]","args":[]}
RESULT: {"script":"<script> [92 bytes]","args":[]}
COMMAND: POST /session/211805a0db2825488b2ffc481472c536/actions - {"actions":[{"id":"action69","type":"wheel","parameters":{},"actions":[{"type":"scroll","x":-1820,"y":-21,"deltaX":0,"deltaY":0,"duration":0,"origin":{"element-6066-11e4-a52e-4f735466cecf":"f.B77A22107D10E5486A044045F14EEE7A.d.7B21E26B4BCBF45B628E3D7C5E79AAD1.e.13717"}}]}]}
COMMAND: GET /session/211805a0db2825488b2ffc481472c536/screenshot - {}
RESULT: {}
COMMAND: POST /session/211805a0db2825488b2ffc481472c536/execute/sync - {"script":"<script> [79 bytes]","args":[{"element-6066-11e4-a52e-4f735466cecf":"f.B77A22107D10E5486A044045F14EEE7A.d.7B21E26B4BCBF45B628E3D7C5E79AAD1.e.13717","ELEMENT":"f.B77A22107D10E5486A044045F14EEE7A.d.7B21E26B4BCBF45B628E3D7C5E79AAD1.e.13717"},{"block":"start","inline":"nearest"}]}
RESULT: {"script":"<script> [79 bytes]","args":[{"element-6066-11e4-a52e-4f735466cecf":"f.B77A22107D10E5486A044045F14EEE7A.d.7B21E26B4BCBF45B628E3D7C5E79AAD1.e.13717","ELEMENT":"f.B77A22107D10E5486A044045F14EEE7A.d.7B21E26B4BCBF45B628E3D7C5E79AAD1.e.13717"},{"block":"start","inline":"nearest"}]}
COMMAND: GET /session/211805a0db2825488b2ffc481472c536/screenshot - {}
RESULT: {}
COMMAND: POST /session/211805a0db2825488b2ffc481472c536/element - {"using":"xpath","value":"//span[@id=\"application-manageresources-display-component---newResourceUnit--btnAddTimeSegment-img\"]"}
RESULT: {"using":"xpath","value":"//span[@id=\"application-manageresources-display-component---newResourceUnit--btnAddTimeSegment-img\"]"}
COMMAND: POST /session/211805a0db2825488b2ffc481472c536/execute/sync - {"script":"<script> [8489 bytes]","args":[{"element-6066-11e4-a52e-4f735466cecf":"f.B77A22107D10E5486A044045F14EEE7A.d.7B21E26B4BCBF45B628E3D7C5E79AAD1.e.13720","ELEMENT":"f.B77A22107D10E5486A044045F14EEE7A.d.7B21E26B4BCBF45B628E3D7C5E79AAD1.e.13720"}]}
RESULT: {"script":"<script> [8489 bytes]","args":[{"element-6066-11e4-a52e-4f735466cecf":"f.B77A22107D10E5486A044045F14EEE7A.d.7B21E26B4BCBF45B628E3D7C5E79AAD1.e.13720","ELEMENT":"f.B77A22107D10E5486A044045F14EEE7A.d.7B21E26B4BCBF45B628E3D7C5E79AAD1.e.13720"}]}
COMMAND: POST /session/211805a0db2825488b2ffc481472c536/element/f.B77A22107D10E5486A044045F14EEE7A.d.7B21E26B4BCBF45B628E3D7C5E79AAD1.e.13720/click - {}
COMMAND: GET /session/211805a0db2825488b2ffc481472c536/screenshot - {}
RESULT: {}
RESULT: {}
COMMAND: GET /session/211805a0db2825488b2ffc481472c536/screenshot - {}
RESULT: {}
COMMAND: POST /session/211805a0db2825488b2ffc481472c536/element - {"using":"xpath","value":"//input[@id=\"application-manageresources-display-component---newResourceUnit--idRuTSAdmin-application-manageresources-display-component---newResourceUnit--RUTimeSegment-0-inner\"]"}
RESULT: {"using":"xpath","value":"//input[@id=\"application-manageresources-display-component---newResourceUnit--idRuTSAdmin-application-manageresources-display-component---newResourceUnit--RUTimeSegment-0-inner\"]"}
COMMAND: POST /session/211805a0db2825488b2ffc481472c536/element/f.B77A22107D10E5486A044045F14EEE7A.d.7B21E26B4BCBF45B628E3D7C5E79AAD1.e.13723/clear - {}
RESULT: {}
COMMAND: POST /session/211805a0db2825488b2ffc481472c536/element/f.B77A22107D10E5486A044045F14EEE7A.d.7B21E26B4BCBF45B628E3D7C5E79AAD1.e.13723/value - {"text":"WebdriverYardu264w"}
COMMAND: GET /session/211805a0db2825488b2ffc481472c536/screenshot - {}
RESULT: {"text":"WebdriverYardu264w"}
COMMAND: GET /session/211805a0db2825488b2ffc481472c536/screenshot - {}
RESULT: {}
RESULT: {}
COMMAND: POST /session/211805a0db2825488b2ffc481472c536/actions - {"actions":[{"id":"action70","type":"key","parameters":{},"actions":[{"type":"keyDown","value":"î€‡"},{"type":"pause","duration":10},{"type":"keyUp","value":"î€‡"}]}]}
RESULT: {"actions":[{"id":"action70","type":"key","parameters":{},"actions":[{"type":"keyDown","value":"î€‡"},{"type":"pause","duration":10},{"type":"keyUp","value":"î€‡"}]}]}
COMMAND: GET /session/211805a0db2825488b2ffc481472c536/screenshot - {}
RESULT: {}
COMMAND: POST /session/211805a0db2825488b2ffc481472c536/execute/async - {"script":"<script> [1562 bytes]","args":[{"selector":{"controlType":"sap.m.Button","viewName":"reusables.view.manageresources.NewResourceUnit","viewId":"application-manageresources-display-component---newResourceUnit","i18NText":{"propertyName":"tooltip","key":"save"},"interaction":{"idSuffix":"BDI-content"}},"wdio_ui5_key":"reusablesview.manageresources.NewResourceUnitsap.m.Button{\"propertyName\":\"tooltip\",\"key\":\"save\"}"}]}
RESULT: {"script":"<script> [1562 bytes]","args":[{"selector":{"controlType":"sap.m.Button","viewName":"reusables.view.manageresources.NewResourceUnit","viewId":"application-manageresources-display-component---newResourceUnit","i18NText":{"propertyName":"tooltip","key":"save"},"interaction":{"idSuffix":"BDI-content"}},"wdio_ui5_key":"reusablesview.manageresources.NewResourceUnitsap.m.Button{\"propertyName\":\"tooltip\",\"key\":\"save\"}"}]}
RESULT: undefined
COMMAND: POST /session/211805a0db2825488b2ffc481472c536/element - {"using":"xpath","value":"//*[@id=\"application-manageresources-display-component---newResourceUnit--createRuButton\"]"}
RESULT: {"using":"xpath","value":"//*[@id=\"application-manageresources-display-component---newResourceUnit--createRuButton\"]"}
COMMAND: POST /session/211805a0db2825488b2ffc481472c536/element/f.B77A22107D10E5486A044045F14EEE7A.d.7B21E26B4BCBF45B628E3D7C5E79AAD1.e.13647/click - {}
RESULT: {}
COMMAND: GET /session/211805a0db2825488b2ffc481472c536/screenshot - {}
RESULT: {}
COMMAND: POST /session/211805a0db2825488b2ffc481472c536/execute/async - {"script":"<script> [1562 bytes]","args":[{"selector":{"controlType":"sap.m.Title","properties":{"text":"Success"},"searchOpenDialogs":true},"wdio_ui5_key":"sapm.Title{\"text\":\"Success\"}"}]}
RESULT: {"script":"<script> [1562 bytes]","args":[{"selector":{"controlType":"sap.m.Title","properties":{"text":"Success"},"searchOpenDialogs":true},"wdio_ui5_key":"sapm.Title{\"text\":\"Success\"}"}]}
RESULT: undefined
COMMAND: POST /session/211805a0db2825488b2ffc481472c536/execute/async - {"script":"<script> [6424 bytes]","args":[{"element-6066-11e4-a52e-4f735466cecf":"f.B77A22107D10E5486A044045F14EEE7A.d.7B21E26B4BCBF45B628E3D7C5E79AAD1.e.13737"},"getText",[]]}
RESULT: {"script":"<script> [6424 bytes]","args":[{"element-6066-11e4-a52e-4f735466cecf":"f.B77A22107D10E5486A044045F14EEE7A.d.7B21E26B4BCBF45B628E3D7C5E79AAD1.e.13737"},"getText",[]]}
COMMAND: POST /session/211805a0db2825488b2ffc481472c536/element - {"using":"xpath","value":"//*[contains(@id, '__text') and (contains(text(), 'successfully created') or contains(., 'successfully created'))]"}
RESULT: {"using":"xpath","value":"//*[contains(@id, '__text') and (contains(text(), 'successfully created') or contains(., 'successfully created'))]"}
COMMAND: GET /session/211805a0db2825488b2ffc481472c536/element/f.B77A22107D10E5486A044045F14EEE7A.d.7B21E26B4BCBF45B628E3D7C5E79AAD1.e.13735/text - {}
RESULT: {}
COMMAND: POST /session/211805a0db2825488b2ffc481472c536/execute/async - {"script":"<script> [1562 bytes]","args":[{"selector":{"controlType":"sap.m.Button","properties":{"text":"Close"},"searchOpenDialogs":true,"interaction":{"idSuffix":"BDI-content"}},"wdio_ui5_key":"sapm.Button{\"text\":\"Close\"}"}]}
RESULT: {"script":"<script> [1562 bytes]","args":[{"selector":{"controlType":"sap.m.Button","properties":{"text":"Close"},"searchOpenDialogs":true,"interaction":{"idSuffix":"BDI-content"}},"wdio_ui5_key":"sapm.Button{\"text\":\"Close\"}"}]}
RESULT: undefined
COMMAND: POST /session/211805a0db2825488b2ffc481472c536/element - {"using":"xpath","value":"//*[@id=\"__mbox-btn-0\"]"}
RESULT: {"using":"xpath","value":"//*[@id=\"__mbox-btn-0\"]"}
COMMAND: POST /session/211805a0db2825488b2ffc481472c536/element/f.B77A22107D10E5486A044045F14EEE7A.d.7B21E26B4BCBF45B628E3D7C5E79AAD1.e.13734/click - {}
RESULT: {}
COMMAND: GET /session/211805a0db2825488b2ffc481472c536/screenshot - {}
RESULT: {}
COMMAND: POST /session/211805a0db2825488b2ffc481472c536/execute/async - {"script":"<script> [1562 bytes]","args":[{"selector":{"controlType":"sap.ui.core.Icon","viewName":"etm.portal.ui.manageresources.view.Detail","viewId":"application-manageresources-display-component---detailRU","properties":{"src":{"regex":{"source":"overflow"}}}},"wdio_ui5_key":"etmportal.ui.manageresources.view.Detailsap.ui.core.Icon{\"src\":{\"regex\":{\"source\":\"overflow\"}}}"}]}
RESULT: {"script":"<script> [1562 bytes]","args":[{"selector":{"controlType":"sap.ui.core.Icon","viewName":"etm.portal.ui.manageresources.view.Detail","viewId":"application-manageresources-display-component---detailRU","properties":{"src":{"regex":{"source":"overflow"}}}},"wdio_ui5_key":"etmportal.ui.manageresources.view.Detailsap.ui.core.Icon{\"src\":{\"regex\":{\"source\":\"overflow\"}}}"}]}
RESULT: undefined
COMMAND: POST /session/211805a0db2825488b2ffc481472c536/element - {"using":"xpath","value":"//*[@id=\"__title36-_actionsToolbar-overflowButton-img\"]"}
RESULT: {"using":"xpath","value":"//*[@id=\"__title36-_actionsToolbar-overflowButton-img\"]"}
COMMAND: POST /session/211805a0db2825488b2ffc481472c536/element/f.B77A22107D10E5486A044045F14EEE7A.d.7B21E26B4BCBF45B628E3D7C5E79AAD1.e.13772/click - {}
RESULT: {}
COMMAND: POST /session/211805a0db2825488b2ffc481472c536/execute/async - {"script":"<script> [1562 bytes]","args":[{"selector":{"controlType":"sap.m.Button","viewName":"etm.portal.ui.manageresources.view.Detail","viewId":"application-manageresources-display-component---detailRU","i18NText":{"propertyName":"tooltip","key":"closeColumn"},"searchOpenDialogs":true,"interaction":{"idSuffix":"inner"}},"wdio_ui5_key":"etmportal.ui.manageresources.view.Detailsap.m.Button{\"propertyName\":\"tooltip\",\"key\":\"closeColumn\"}"}]}
COMMAND: GET /session/211805a0db2825488b2ffc481472c536/screenshot - {}
RESULT: {"script":"<script> [1562 bytes]","args":[{"selector":{"controlType":"sap.m.Button","viewName":"etm.portal.ui.manageresources.view.Detail","viewId":"application-manageresources-display-component---detailRU","i18NText":{"propertyName":"tooltip","key":"closeColumn"},"searchOpenDialogs":true,"interaction":{"idSuffix":"inner"}},"wdio_ui5_key":"etmportal.ui.manageresources.view.Detailsap.m.Button{\"propertyName\":\"tooltip\",\"key\":\"closeColumn\"}"}]}
RESULT: undefined
COMMAND: POST /session/211805a0db2825488b2ffc481472c536/element - {"using":"xpath","value":"//*[@id=\"__button147\"]"}
RESULT: {}
RESULT: {"using":"xpath","value":"//*[@id=\"__button147\"]"}
COMMAND: POST /session/211805a0db2825488b2ffc481472c536/element/f.B77A22107D10E5486A044045F14EEE7A.d.7B21E26B4BCBF45B628E3D7C5E79AAD1.e.13774/click - {}
RESULT: {}
COMMAND: GET /session/211805a0db2825488b2ffc481472c536/screenshot - {}
RESULT: {}
COMMAND: POST /session/211805a0db2825488b2ffc481472c536/refresh - {}
RESULT: {}
COMMAND: GET /session/211805a0db2825488b2ffc481472c536/screenshot - {}
RESULT: {}
COMMAND: POST /session/211805a0db2825488b2ffc481472c536/execute/async - {"script":"<script> [189 bytes]","args":[]}
RESULT: {"script":"<script> [189 bytes]","args":[]}
COMMAND: POST /session/211805a0db2825488b2ffc481472c536/execute/async - {"script":"<script> [123 bytes]","args":[]}
RESULT: {"script":"<script> [123 bytes]","args":[]}
COMMAND: POST /session/211805a0db2825488b2ffc481472c536/timeouts - {"script":"<number>"}
RESULT: {"script":"<number>"}
COMMAND: GET /session/211805a0db2825488b2ffc481472c536/timeouts - {}
RESULT: {}
RESULT: undefined
COMMAND: POST /session/211805a0db2825488b2ffc481472c536/execute/async - {"script":"<script> [2676 bytes]","args":[]}
RESULT: {"script":"<script> [2676 bytes]","args":[]}
COMMAND: POST /session/211805a0db2825488b2ffc481472c536/execute/async - {"script":"<script> [2342 bytes]","args":[{"protocol":"http","hostname":"0.0.0.0","path":"/","capabilities":{"browserName":"chrome","goog:chromeOptions":{"binary":"C:\\Program Files\\Google\\Chrome\\Application\\chrome.exe","args":["--start-maximized"]}},"logLevel":"warn","connectionRetryTimeout":120000,"connectionRetryCount":3,"logLevels":{},"enableDirectConnect":true,"strictSSL":true,"_":"65 more keys: [\"cacheDir\",\"port\",\"requestedCapabilities\",\"automationProtocol\",\"baseUrl\",\"waitforInterval\",\"waitforTimeout\",\"onReload\",\"beforeCommand\",\"afterCommand\",\"rootDir\",\"specs\",\"suites\",\"exclude\",\"groupLogsByTestSpec\",\"excludeDriverLogs\",\"bail\",\"framework\",\"reporters\",\"services\",\"maxInstances\",\"maxInstancesPerCapability\",\"injectGlobals\",\"filesToWatch\",\"execArgv\",\"runnerEnv\",\"runner\",\"shard\",\"specFileRetries\",\"specFileRetriesDelay\",\"specFileRetriesDeferred\",\"reporterSyncInterval\",\"reporterSyncTimeout\",\"cucumberFeaturesWithLineNumbers\",\"autoCompileOpts\",\"mochaOpts\",\"jasmineOpts\",\"cucumberOpts\",\"onPrepare\",\"onWorkerStart\",\"onWorkerEnd\",\"before\",\"beforeSession\",\"beforeSuite\",\"beforeHook\",\"beforeTest\",\"afterTest\",\"afterHook\",\"afterSuite\",\"afterSession\",\"after\",\"onComplete\",\"beforeAssertion\",\"afterAssertion\",\"beforeFeature\",\"beforeScenario\",\"beforeStep\",\"afterStep\",\"afterScenario\",\"afterFeature\",\"_\",\"suite\",\"$0\",\"ignoredWorkerServices\",\"wdi5\"]"}]}
RESULT: {"script":"<script> [2342 bytes]","args":[{"protocol":"http","hostname":"0.0.0.0","path":"/","capabilities":{"browserName":"chrome","goog:chromeOptions":{"binary":"C:\\Program Files\\Google\\Chrome\\Application\\chrome.exe","args":["--start-maximized"]}},"logLevel":"warn","connectionRetryTimeout":120000,"connectionRetryCount":3,"logLevels":{},"enableDirectConnect":true,"strictSSL":true,"_":"65 more keys: [\"cacheDir\",\"port\",\"requestedCapabilities\",\"automationProtocol\",\"baseUrl\",\"waitforInterval\",\"waitforTimeout\",\"onReload\",\"beforeCommand\",\"afterCommand\",\"rootDir\",\"specs\",\"suites\",\"exclude\",\"groupLogsByTestSpec\",\"excludeDriverLogs\",\"bail\",\"framework\",\"reporters\",\"services\",\"maxInstances\",\"maxInstancesPerCapability\",\"injectGlobals\",\"filesToWatch\",\"execArgv\",\"runnerEnv\",\"runner\",\"shard\",\"specFileRetries\",\"specFileRetriesDelay\",\"specFileRetriesDeferred\",\"reporterSyncInterval\",\"reporterSyncTimeout\",\"cucumberFeaturesWithLineNumbers\",\"autoCompileOpts\",\"mochaOpts\",\"jasmineOpts\",\"cucumberOpts\",\"onPrepare\",\"onWorkerStart\",\"onWorkerEnd\",\"before\",\"beforeSession\",\"beforeSuite\",\"beforeHook\",\"beforeTest\",\"afterTest\",\"afterHook\",\"afterSuite\",\"afterSession\",\"after\",\"onComplete\",\"beforeAssertion\",\"afterAssertion\",\"beforeFeature\",\"beforeScenario\",\"beforeStep\",\"afterStep\",\"afterScenario\",\"afterFeature\",\"_\",\"suite\",\"$0\",\"ignoredWorkerServices\",\"wdi5\"]"}]}
COMMAND: POST /session/211805a0db2825488b2ffc481472c536/execute/async - {"script":"<script> [21126 bytes]","args":[35000]}
RESULT: {"script":"<script> [21126 bytes]","args":[35000]}
COMMAND: POST /session/211805a0db2825488b2ffc481472c536/element - {"using":"css selector","value":"#shell-header-logo"}
RESULT: {"using":"css selector","value":"#shell-header-logo"}
COMMAND: POST /session/211805a0db2825488b2ffc481472c536/element/f.B77A22107D10E5486A044045F14EEE7A.d.E59F302C218C708258B7B464BB7849B7.e.13876/click - {}
RESULT: {}
COMMAND: GET /session/211805a0db2825488b2ffc481472c536/screenshot - {}
RESULT: {}
COMMAND: POST /session/211805a0db2825488b2ffc481472c536/execute/async - {"script":"<script> [1562 bytes]","args":[{"selector":{"controlType":"sap.m.Text","viewName":"etm.portal.ui.managehandoverstile.view.Master","properties":{"text":"Manage Handovers"},"interaction":{"idSuffix":"inner"}},"wdio_ui5_key":"etmportal.ui.managehandoverstile.view.Mastersap.m.Text{\"text\":\"Manage Handovers\"}"}]}
RESULT: {"script":"<script> [1562 bytes]","args":[{"selector":{"controlType":"sap.m.Text","viewName":"etm.portal.ui.managehandoverstile.view.Master","properties":{"text":"Manage Handovers"},"interaction":{"idSuffix":"inner"}},"wdio_ui5_key":"etmportal.ui.managehandoverstile.view.Mastersap.m.Text{\"text\":\"Manage Handovers\"}"}]}
RESULT: undefined
COMMAND: POST /session/211805a0db2825488b2ffc481472c536/element - {"using":"xpath","value":"//*[@id=\"__tile133-title\"]"}
RESULT: {"using":"xpath","value":"//*[@id=\"__tile133-title\"]"}
COMMAND: POST /session/211805a0db2825488b2ffc481472c536/element/f.B77A22107D10E5486A044045F14EEE7A.d.E59F302C218C708258B7B464BB7849B7.e.14063/click - {}
RESULT: {}
COMMAND: GET /session/211805a0db2825488b2ffc481472c536/screenshot - {}
RESULT: {}
COMMAND: POST /session/211805a0db2825488b2ffc481472c536/element - {"using":"xpath","value":"//button[@data-kt=\"masterHOAddButton\"]"}
RESULT: {"using":"xpath","value":"//button[@data-kt=\"masterHOAddButton\"]"}
COMMAND: POST /session/211805a0db2825488b2ffc481472c536/execute/sync - {"script":"<script> [8489 bytes]","args":[{"element-6066-11e4-a52e-4f735466cecf":"f.B77A22107D10E5486A044045F14EEE7A.d.E59F302C218C708258B7B464BB7849B7.e.14105","ELEMENT":"f.B77A22107D10E5486A044045F14EEE7A.d.E59F302C218C708258B7B464BB7849B7.e.14105"}]}
RESULT: {"script":"<script> [8489 bytes]","args":[{"element-6066-11e4-a52e-4f735466cecf":"f.B77A22107D10E5486A044045F14EEE7A.d.E59F302C218C708258B7B464BB7849B7.e.14105","ELEMENT":"f.B77A22107D10E5486A044045F14EEE7A.d.E59F302C218C708258B7B464BB7849B7.e.14105"}]}
COMMAND: POST /session/211805a0db2825488b2ffc481472c536/element/f.B77A22107D10E5486A044045F14EEE7A.d.E59F302C218C708258B7B464BB7849B7.e.14105/click - {}
COMMAND: GET /session/211805a0db2825488b2ffc481472c536/screenshot - {}
RESULT: {}
COMMAND: GET /session/211805a0db2825488b2ffc481472c536/screenshot - {}
RESULT: {}
RESULT: {}
COMMAND: POST /session/211805a0db2825488b2ffc481472c536/element - {"using":"xpath","value":"//span[contains(@id ,\"AddNewHO--typeSelect-arrow\")]"}
RESULT: {"using":"xpath","value":"//span[contains(@id ,\"AddNewHO--typeSelect-arrow\")]"}
COMMAND: POST /session/211805a0db2825488b2ffc481472c536/element/f.B77A22107D10E5486A044045F14EEE7A.d.E59F302C218C708258B7B464BB7849B7.e.14399/click - {}
RESULT: {}
COMMAND: GET /session/211805a0db2825488b2ffc481472c536/screenshot - {}
RESULT: {}
COMMAND: POST /session/211805a0db2825488b2ffc481472c536/element - {"using":"xpath","value":"(//li[contains(text(), \"stock increase yard\")])[1]"}
RESULT: {"using":"xpath","value":"(//li[contains(text(), \"stock increase yard\")])[1]"}
COMMAND: POST /session/211805a0db2825488b2ffc481472c536/element/f.B77A22107D10E5486A044045F14EEE7A.d.E59F302C218C708258B7B464BB7849B7.e.14400/click - {}
RESULT: {}
COMMAND: GET /session/211805a0db2825488b2ffc481472c536/screenshot - {}
RESULT: {}
COMMAND: POST /session/211805a0db2825488b2ffc481472c536/execute/async - {"script":"<script> [1562 bytes]","args":[{"selector":{"id":"application-managehandovers-display-component---AddNewHO--dueDate","interaction":{"idSuffix":"inner"}},"wdio_ui5_key":"applicationmanagehandovers-display-component---AddNewHO--dueDate"}]}
RESULT: {"script":"<script> [1562 bytes]","args":[{"selector":{"id":"application-managehandovers-display-component---AddNewHO--dueDate","interaction":{"idSuffix":"inner"}},"wdio_ui5_key":"applicationmanagehandovers-display-component---AddNewHO--dueDate"}]}
RESULT: undefined
COMMAND: POST /session/211805a0db2825488b2ffc481472c536/execute/async - {"script":"<script> [6424 bytes]","args":[{"element-6066-11e4-a52e-4f735466cecf":"f.B77A22107D10E5486A044045F14EEE7A.d.E59F302C218C708258B7B464BB7849B7.e.14402"},"setValue",["05/04/2025"]]}
RESULT: {"script":"<script> [6424 bytes]","args":[{"element-6066-11e4-a52e-4f735466cecf":"f.B77A22107D10E5486A044045F14EEE7A.d.E59F302C218C708258B7B464BB7849B7.e.14402"},"setValue",["05/04/2025"]]}
COMMAND: POST /session/211805a0db2825488b2ffc481472c536/element - {"using":"xpath","value":"//input[@id=\"generalSectionFrg--receiveYard-inner\"]"}
RESULT: {"using":"xpath","value":"//input[@id=\"generalSectionFrg--receiveYard-inner\"]"}
COMMAND: POST /session/211805a0db2825488b2ffc481472c536/element/f.B77A22107D10E5486A044045F14EEE7A.d.E59F302C218C708258B7B464BB7849B7.e.14408/clear - {}
RESULT: {}
COMMAND: POST /session/211805a0db2825488b2ffc481472c536/element/f.B77A22107D10E5486A044045F14EEE7A.d.E59F302C218C708258B7B464BB7849B7.e.14408/value - {"text":"WebdriverYardu264w"}
COMMAND: GET /session/211805a0db2825488b2ffc481472c536/screenshot - {}
RESULT: {"text":"WebdriverYardu264w"}
COMMAND: GET /session/211805a0db2825488b2ffc481472c536/screenshot - {}
RESULT: {}
RESULT: {}
COMMAND: POST /session/211805a0db2825488b2ffc481472c536/execute/async - {"script":"<script> [1562 bytes]","args":[{"selector":{"id":"application-managehandovers-display-component---AddNewHO--ObjectPageLayout-anchBar-application-managehandovers-display-component---AddNewHO--section4-anchor","interaction":{"idSuffix":"BDI-content"}},"wdio_ui5_key":"applicationmanagehandovers-display-component---AddNewHO--ObjectPageLayout-anchBar-application-managehandovers-display-component---AddNewHO--section4-anchor"}]}
RESULT: {"script":"<script> [1562 bytes]","args":[{"selector":{"id":"application-managehandovers-display-component---AddNewHO--ObjectPageLayout-anchBar-application-managehandovers-display-component---AddNewHO--section4-anchor","interaction":{"idSuffix":"BDI-content"}},"wdio_ui5_key":"applicationmanagehandovers-display-component---AddNewHO--ObjectPageLayout-anchBar-application-managehandovers-display-component---AddNewHO--section4-anchor"}]}
RESULT: undefined
COMMAND: POST /session/211805a0db2825488b2ffc481472c536/element - {"using":"xpath","value":"//*[@id=\"application-managehandovers-display-component---AddNewHO--ObjectPageLayout-anchBar-application-managehandovers-display-component---AddNewHO--section4-anchor\"]"}
RESULT: {"using":"xpath","value":"//*[@id=\"application-managehandovers-display-component---AddNewHO--ObjectPageLayout-anchBar-application-managehandovers-display-component---AddNewHO--section4-anchor\"]"}
COMMAND: POST /session/211805a0db2825488b2ffc481472c536/element/f.B77A22107D10E5486A044045F14EEE7A.d.E59F302C218C708258B7B464BB7849B7.e.14428/click - {}
RESULT: {}
COMMAND: GET /session/211805a0db2825488b2ffc481472c536/screenshot - {}
RESULT: {}
COMMAND: POST /session/211805a0db2825488b2ffc481472c536/element - {"using":"xpath","value":"//button[@aria-label=\"Add\"]"}
RESULT: {"using":"xpath","value":"//button[@aria-label=\"Add\"]"}
COMMAND: POST /session/211805a0db2825488b2ffc481472c536/element/f.B77A22107D10E5486A044045F14EEE7A.d.E59F302C218C708258B7B464BB7849B7.e.14432/click - {}
RESULT: {}
COMMAND: GET /session/211805a0db2825488b2ffc481472c536/screenshot - {}
RESULT: {}
COMMAND: POST /session/211805a0db2825488b2ffc481472c536/execute/async - {"script":"<script> [1562 bytes]","args":[{"selector":{"id":"application-managehandovers-display-component---AddNewHO--smartFilterBar-btnBasicSearch","searchOpenDialogs":true,"interaction":{"idSuffix":"I"}},"wdio_ui5_key":"applicationmanagehandovers-display-component---AddNewHO--smartFilterBar-btnBasicSearch"}]}
RESULT: {"script":"<script> [1562 bytes]","args":[{"selector":{"id":"application-managehandovers-display-component---AddNewHO--smartFilterBar-btnBasicSearch","searchOpenDialogs":true,"interaction":{"idSuffix":"I"}},"wdio_ui5_key":"applicationmanagehandovers-display-component---AddNewHO--smartFilterBar-btnBasicSearch"}]}
RESULT: undefined
COMMAND: POST /session/211805a0db2825488b2ffc481472c536/execute/async - {"script":"<script> [776 bytes]","args":[{"enterText":"WebdriverRUR2Cab7cz","selector":{"id":"application-managehandovers-display-component---AddNewHO--smartFilterBar-btnBasicSearch","searchOpenDialogs":true,"interaction":{"idSuffix":"I"}},"clearTextFirst":true,"interactionType":"ENTER_TEXT"}]}
RESULT: {"script":"<script> [776 bytes]","args":[{"enterText":"WebdriverRUR2Cab7cz","selector":{"id":"application-managehandovers-display-component---AddNewHO--smartFilterBar-btnBasicSearch","searchOpenDialogs":true,"interaction":{"idSuffix":"I"}},"clearTextFirst":true,"interactionType":"ENTER_TEXT"}]}
COMMAND: POST /session/211805a0db2825488b2ffc481472c536/actions - {"actions":[{"id":"action71","type":"key","parameters":{},"actions":[{"type":"keyDown","value":"î€‡"},{"type":"pause","duration":10},{"type":"keyUp","value":"î€‡"}]}]}
RESULT: {"actions":[{"id":"action71","type":"key","parameters":{},"actions":[{"type":"keyDown","value":"î€‡"},{"type":"pause","duration":10},{"type":"keyUp","value":"î€‡"}]}]}
COMMAND: POST /session/211805a0db2825488b2ffc481472c536/execute/async - {"script":"<script> [1562 bytes]","args":[{"selector":{"id":"application-managehandovers-display-component---AddNewHO--popup-sa","searchOpenDialogs":true,"interaction":{"idSuffix":"CbBg"}},"wdio_ui5_key":"applicationmanagehandovers-display-component---AddNewHO--popup-sa"}]}
COMMAND: GET /session/211805a0db2825488b2ffc481472c536/screenshot - {}
RESULT: {"script":"<script> [1562 bytes]","args":[{"selector":{"id":"application-managehandovers-display-component---AddNewHO--popup-sa","searchOpenDialogs":true,"interaction":{"idSuffix":"CbBg"}},"wdio_ui5_key":"applicationmanagehandovers-display-component---AddNewHO--popup-sa"}]}
RESULT: undefined
COMMAND: POST /session/211805a0db2825488b2ffc481472c536/element - {"using":"xpath","value":"//*[@id=\"application-managehandovers-display-component---AddNewHO--popup-sa\"]"}
RESULT: {}
RESULT: {"using":"xpath","value":"//*[@id=\"application-managehandovers-display-component---AddNewHO--popup-sa\"]"}
COMMAND: POST /session/211805a0db2825488b2ffc481472c536/element/f.B77A22107D10E5486A044045F14EEE7A.d.E59F302C218C708258B7B464BB7849B7.e.14585/click - {}
RESULT: {}
COMMAND: GET /session/211805a0db2825488b2ffc481472c536/screenshot - {}
RESULT: {}
COMMAND: POST /session/211805a0db2825488b2ffc481472c536/element - {"using":"xpath","value":"//bdi[contains(text(), \"Select\")]"}
RESULT: {"using":"xpath","value":"//bdi[contains(text(), \"Select\")]"}
COMMAND: POST /session/211805a0db2825488b2ffc481472c536/element/f.B77A22107D10E5486A044045F14EEE7A.d.E59F302C218C708258B7B464BB7849B7.e.14586/click - {}
RESULT: {}
COMMAND: GET /session/211805a0db2825488b2ffc481472c536/screenshot - {}
RESULT: {}
COMMAND: POST /session/211805a0db2825488b2ffc481472c536/execute/async - {"script":"<script> [1562 bytes]","args":[{"selector":{"controlType":"sap.m.Input","viewName":"etm.portal.ui.managehandovers.view.AddNewHO","viewId":"application-managehandovers-display-component---AddNewHO","bindingPath":{"path":"/items/0","propertyPath":"TYPE","modelName":"hoItemsModel"},"interaction":{"idSuffix":"inner"}},"wdio_ui5_key":"etmportal.ui.managehandovers.view.AddNewHOsap.m.Input{\"path\":\"/items/0\",\"propertyPath\":\"TYPE\",\"modelName\":\"hoItemsModel\"}"}]}
RESULT: {"script":"<script> [1562 bytes]","args":[{"selector":{"controlType":"sap.m.Input","viewName":"etm.portal.ui.managehandovers.view.AddNewHO","viewId":"application-managehandovers-display-component---AddNewHO","bindingPath":{"path":"/items/0","propertyPath":"TYPE","modelName":"hoItemsModel"},"interaction":{"idSuffix":"inner"}},"wdio_ui5_key":"etmportal.ui.managehandovers.view.AddNewHOsap.m.Input{\"path\":\"/items/0\",\"propertyPath\":\"TYPE\",\"modelName\":\"hoItemsModel\"}"}]}
RESULT: undefined
COMMAND: POST /session/211805a0db2825488b2ffc481472c536/execute/async - {"script":"<script> [776 bytes]","args":[{"enterText":"100","selector":{"controlType":"sap.m.Input","viewName":"etm.portal.ui.managehandovers.view.AddNewHO","viewId":"application-managehandovers-display-component---AddNewHO","bindingPath":{"path":"/items/0","propertyPath":"TYPE","modelName":"hoItemsModel"},"interaction":{"idSuffix":"inner"}},"clearTextFirst":true,"interactionType":"ENTER_TEXT"}]}
RESULT: {"script":"<script> [776 bytes]","args":[{"enterText":"100","selector":{"controlType":"sap.m.Input","viewName":"etm.portal.ui.managehandovers.view.AddNewHO","viewId":"application-managehandovers-display-component---AddNewHO","bindingPath":{"path":"/items/0","propertyPath":"TYPE","modelName":"hoItemsModel"},"interaction":{"idSuffix":"inner"}},"clearTextFirst":true,"interactionType":"ENTER_TEXT"}]}
COMMAND: POST /session/211805a0db2825488b2ffc481472c536/element - {"using":"xpath","value":"//button[@data-kt=\"AddNewHOSaveButton\"]"}
RESULT: {"using":"xpath","value":"//button[@data-kt=\"AddNewHOSaveButton\"]"}
COMMAND: POST /session/211805a0db2825488b2ffc481472c536/element/f.B77A22107D10E5486A044045F14EEE7A.d.E59F302C218C708258B7B464BB7849B7.e.14591/click - {}
RESULT: {}
COMMAND: GET /session/211805a0db2825488b2ffc481472c536/screenshot - {}
RESULT: {}
COMMAND: POST /session/211805a0db2825488b2ffc481472c536/execute/async - {"script":"<script> [1562 bytes]","args":[{"selector":{"id":"receiptDatePicker","viewName":"etm.portal.ui.managehandovers.view.DetailExecuteHO","interaction":{"idSuffix":"inner"}},"wdio_ui5_key":"receiptDatePickeretmportal.ui.managehandovers.view.DetailExecuteHO"}]}
RESULT: {"script":"<script> [1562 bytes]","args":[{"selector":{"id":"receiptDatePicker","viewName":"etm.portal.ui.managehandovers.view.DetailExecuteHO","interaction":{"idSuffix":"inner"}},"wdio_ui5_key":"receiptDatePickeretmportal.ui.managehandovers.view.DetailExecuteHO"}]}
RESULT: undefined
COMMAND: POST /session/211805a0db2825488b2ffc481472c536/execute/async - {"script":"<script> [6424 bytes]","args":[{"element-6066-11e4-a52e-4f735466cecf":"f.B77A22107D10E5486A044045F14EEE7A.d.E59F302C218C708258B7B464BB7849B7.e.14622"},"setValue",["05/04/2025"]]}
RESULT: {"script":"<script> [6424 bytes]","args":[{"element-6066-11e4-a52e-4f735466cecf":"f.B77A22107D10E5486A044045F14EEE7A.d.E59F302C218C708258B7B464BB7849B7.e.14622"},"setValue",["05/04/2025"]]}
COMMAND: POST /session/211805a0db2825488b2ffc481472c536/element - {"using":"xpath","value":"//button[@data-kt=\"PickingTableConfirmAllButton\"]"}
RESULT: {"using":"xpath","value":"//button[@data-kt=\"PickingTableConfirmAllButton\"]"}
COMMAND: POST /session/211805a0db2825488b2ffc481472c536/element/f.B77A22107D10E5486A044045F14EEE7A.d.E59F302C218C708258B7B464BB7849B7.e.14638/click - {}
RESULT: {}
COMMAND: GET /session/211805a0db2825488b2ffc481472c536/screenshot - {}
RESULT: {}
COMMAND: POST /session/211805a0db2825488b2ffc481472c536/element - {"using":"xpath","value":"//bdi[contains(text(), \"OK\")]"}
RESULT: {"using":"xpath","value":"//bdi[contains(text(), \"OK\")]"}
COMMAND: POST /session/211805a0db2825488b2ffc481472c536/element/f.B77A22107D10E5486A044045F14EEE7A.d.E59F302C218C708258B7B464BB7849B7.e.14640/click - {}
RESULT: {}
COMMAND: GET /session/211805a0db2825488b2ffc481472c536/screenshot - {}
RESULT: {}
COMMAND: POST /session/211805a0db2825488b2ffc481472c536/element - {"using":"xpath","value":"(//bdi[contains(text(), \"Receive\")])[2]"}
RESULT: {"using":"xpath","value":"(//bdi[contains(text(), \"Receive\")])[2]"}
COMMAND: POST /session/211805a0db2825488b2ffc481472c536/element/f.B77A22107D10E5486A044045F14EEE7A.d.E59F302C218C708258B7B464BB7849B7.e.14642/click - {}
RESULT: {}
COMMAND: GET /session/211805a0db2825488b2ffc481472c536/screenshot - {}
RESULT: {}
COMMAND: POST /session/211805a0db2825488b2ffc481472c536/element - {"using":"css selector","value":"#shell-header-logo"}
RESULT: {"using":"css selector","value":"#shell-header-logo"}
COMMAND: POST /session/211805a0db2825488b2ffc481472c536/element/f.B77A22107D10E5486A044045F14EEE7A.d.E59F302C218C708258B7B464BB7849B7.e.14066/click - {}
RESULT: {}
COMMAND: GET /session/211805a0db2825488b2ffc481472c536/screenshot - {}
]]></system-out>
    </testcase>
    <testcase classname="chrome.135_0_7049_96.windows.E2E_-_Logistical_and_commercial_statuses" name="Should add a pricing rule and a condition to the RU" time="107.071">
      <system-out><![CDATA[
COMMAND: POST /session/211805a0db2825488b2ffc481472c536/execute/async - {"script":"<script> [1562 bytes]","args":[{"selector":{"controlType":"sap.m.GenericTile","properties":{"header":"Manage Pricing Rules"}},"wdio_ui5_key":"sapm.GenericTile{\"header\":\"Manage Pricing Rules\"}"}]}
RESULT: {}
RESULT: {"script":"<script> [1562 bytes]","args":[{"selector":{"controlType":"sap.m.GenericTile","properties":{"header":"Manage Pricing Rules"}},"wdio_ui5_key":"sapm.GenericTile{\"header\":\"Manage Pricing Rules\"}"}]}
RESULT: undefined
COMMAND: POST /session/211805a0db2825488b2ffc481472c536/element - {"using":"xpath","value":"//*[@id=\"__tile55\"]"}
RESULT: {"using":"xpath","value":"//*[@id=\"__tile55\"]"}
COMMAND: POST /session/211805a0db2825488b2ffc481472c536/element/f.B77A22107D10E5486A044045F14EEE7A.d.E59F302C218C708258B7B464BB7849B7.e.14795/click - {}
RESULT: {}
COMMAND: GET /session/211805a0db2825488b2ffc481472c536/screenshot - {}
RESULT: {}
COMMAND: POST /session/211805a0db2825488b2ffc481472c536/execute/async - {"script":"<script> [1562 bytes]","args":[{"selector":{"controlType":"sap.ui.core.Icon","viewName":"etm.portal.ui.managepricingrules.view.MasterHeader","viewId":"application-managepricingrules-display-component---priceInfoHeader","properties":{"src":{"regex":{"source":"activity\\-items"}}}},"wdio_ui5_key":"etmportal.ui.managepricingrules.view.MasterHeadersap.ui.core.Icon{\"src\":{\"regex\":{\"source\":\"activity\\\\-items\"}}}"}]}
RESULT: {"script":"<script> [1562 bytes]","args":[{"selector":{"controlType":"sap.ui.core.Icon","viewName":"etm.portal.ui.managepricingrules.view.MasterHeader","viewId":"application-managepricingrules-display-component---priceInfoHeader","properties":{"src":{"regex":{"source":"activity\\-items"}}}},"wdio_ui5_key":"etmportal.ui.managepricingrules.view.MasterHeadersap.ui.core.Icon{\"src\":{\"regex\":{\"source\":\"activity\\\\-items\"}}}"}]}
RESULT: undefined
COMMAND: POST /session/211805a0db2825488b2ffc481472c536/element - {"using":"xpath","value":"//*[@id=\"__filter22-icon\"]"}
RESULT: {"using":"xpath","value":"//*[@id=\"__filter22-icon\"]"}
COMMAND: POST /session/211805a0db2825488b2ffc481472c536/element/f.B77A22107D10E5486A044045F14EEE7A.d.E59F302C218C708258B7B464BB7849B7.e.14879/click - {}
RESULT: {}
COMMAND: GET /session/211805a0db2825488b2ffc481472c536/screenshot - {}
RESULT: {}
COMMAND: POST /session/211805a0db2825488b2ffc481472c536/execute/async - {"script":"<script> [1562 bytes]","args":[{"selector":{"controlType":"sap.ui.core.Icon","viewName":"etm.portal.ui.managepricingrules.view.MasterItem","viewId":"application-managepricingrules-display-component---priceInfoItem","properties":{"src":{"regex":{"source":"add"}}}},"wdio_ui5_key":"etmportal.ui.managepricingrules.view.MasterItemsap.ui.core.Icon{\"src\":{\"regex\":{\"source\":\"add\"}}}"}]}
RESULT: {"script":"<script> [1562 bytes]","args":[{"selector":{"controlType":"sap.ui.core.Icon","viewName":"etm.portal.ui.managepricingrules.view.MasterItem","viewId":"application-managepricingrules-display-component---priceInfoItem","properties":{"src":{"regex":{"source":"add"}}}},"wdio_ui5_key":"etmportal.ui.managepricingrules.view.MasterItemsap.ui.core.Icon{\"src\":{\"regex\":{\"source\":\"add\"}}}"}]}
RESULT: undefined
COMMAND: POST /session/211805a0db2825488b2ffc481472c536/element - {"using":"xpath","value":"//*[@id=\"__button76-img\"]"}
RESULT: {"using":"xpath","value":"//*[@id=\"__button76-img\"]"}
COMMAND: POST /session/211805a0db2825488b2ffc481472c536/element/f.B77A22107D10E5486A044045F14EEE7A.d.E59F302C218C708258B7B464BB7849B7.e.14927/click - {}
RESULT: {}
COMMAND: GET /session/211805a0db2825488b2ffc481472c536/screenshot - {}
RESULT: {}
COMMAND: POST /session/211805a0db2825488b2ffc481472c536/element - {"using":"xpath","value":"//input[@id=\"application-managepricingrules-display-component---newInfoPriceItem--condRU-inner\"]"}
RESULT: {"using":"xpath","value":"//input[@id=\"application-managepricingrules-display-component---newInfoPriceItem--condRU-inner\"]"}
COMMAND: POST /session/211805a0db2825488b2ffc481472c536/element/f.B77A22107D10E5486A044045F14EEE7A.d.E59F302C218C708258B7B464BB7849B7.e.15139/clear - {}
RESULT: {}
COMMAND: POST /session/211805a0db2825488b2ffc481472c536/element/f.B77A22107D10E5486A044045F14EEE7A.d.E59F302C218C708258B7B464BB7849B7.e.15139/value - {"text":"WebdriverRUR2Cab7cz"}
COMMAND: GET /session/211805a0db2825488b2ffc481472c536/screenshot - {}
RESULT: {"text":"WebdriverRUR2Cab7cz"}
COMMAND: POST /session/211805a0db2825488b2ffc481472c536/execute/async - {"script":"<script> [1562 bytes]","args":[{"selector":{"id":"application-managepricingrules-display-component---newInfoPriceItem--condValidTo","interaction":{"idSuffix":"inner"}},"wdio_ui5_key":"applicationmanagepricingrules-display-component---newInfoPriceItem--condValidTo"}]}
COMMAND: GET /session/211805a0db2825488b2ffc481472c536/screenshot - {}
RESULT: {}
RESULT: {"script":"<script> [1562 bytes]","args":[{"selector":{"id":"application-managepricingrules-display-component---newInfoPriceItem--condValidTo","interaction":{"idSuffix":"inner"}},"wdio_ui5_key":"applicationmanagepricingrules-display-component---newInfoPriceItem--condValidTo"}]}
RESULT: undefined
COMMAND: POST /session/211805a0db2825488b2ffc481472c536/execute/async - {"script":"<script> [776 bytes]","args":[{"enterText":"5/18/33","selector":{"id":"application-managepricingrules-display-component---newInfoPriceItem--condValidTo","interaction":{"idSuffix":"inner"}},"clearTextFirst":true,"interactionType":"ENTER_TEXT"}]}
RESULT: {}
RESULT: {"script":"<script> [776 bytes]","args":[{"enterText":"5/18/33","selector":{"id":"application-managepricingrules-display-component---newInfoPriceItem--condValidTo","interaction":{"idSuffix":"inner"}},"clearTextFirst":true,"interactionType":"ENTER_TEXT"}]}
COMMAND: POST /session/211805a0db2825488b2ffc481472c536/execute/async - {"script":"<script> [1562 bytes]","args":[{"selector":{"id":"application-managepricingrules-display-component---newInfoPriceItem--billType-arrow"},"wdio_ui5_key":"applicationmanagepricingrules-display-component---newInfoPriceItem--billType-arrow"}]}
RESULT: {"script":"<script> [1562 bytes]","args":[{"selector":{"id":"application-managepricingrules-display-component---newInfoPriceItem--billType-arrow"},"wdio_ui5_key":"applicationmanagepricingrules-display-component---newInfoPriceItem--billType-arrow"}]}
RESULT: undefined
COMMAND: POST /session/211805a0db2825488b2ffc481472c536/element - {"using":"xpath","value":"//*[@id=\"application-managepricingrules-display-component---newInfoPriceItem--billType-arrow\"]"}
RESULT: {"using":"xpath","value":"//*[@id=\"application-managepricingrules-display-component---newInfoPriceItem--billType-arrow\"]"}
COMMAND: POST /session/211805a0db2825488b2ffc481472c536/element/f.B77A22107D10E5486A044045F14EEE7A.d.E59F302C218C708258B7B464BB7849B7.e.15227/click - {}
RESULT: {}
COMMAND: POST /session/211805a0db2825488b2ffc481472c536/element - {"using":"xpath","value":"//span[contains(text(), \"TB - Time based\")]"}
COMMAND: GET /session/211805a0db2825488b2ffc481472c536/screenshot - {}
RESULT: {"using":"xpath","value":"//span[contains(text(), \"TB - Time based\")]"}
COMMAND: POST /session/211805a0db2825488b2ffc481472c536/element/f.B77A22107D10E5486A044045F14EEE7A.d.E59F302C218C708258B7B464BB7849B7.e.15276/click - {}
RESULT: {}
RESULT: {}
COMMAND: POST /session/211805a0db2825488b2ffc481472c536/execute/async - {"script":"<script> [1562 bytes]","args":[{"selector":{"id":"application-managepricingrules-display-component---newInfoPriceItem--priceProc-arrow"},"wdio_ui5_key":"applicationmanagepricingrules-display-component---newInfoPriceItem--priceProc-arrow"}]}
COMMAND: GET /session/211805a0db2825488b2ffc481472c536/screenshot - {}
RESULT: {"script":"<script> [1562 bytes]","args":[{"selector":{"id":"application-managepricingrules-display-component---newInfoPriceItem--priceProc-arrow"},"wdio_ui5_key":"applicationmanagepricingrules-display-component---newInfoPriceItem--priceProc-arrow"}]}
RESULT: undefined
COMMAND: POST /session/211805a0db2825488b2ffc481472c536/element - {"using":"xpath","value":"//*[@id=\"application-managepricingrules-display-component---newInfoPriceItem--priceProc-arrow\"]"}
RESULT: {}
RESULT: {"using":"xpath","value":"//*[@id=\"application-managepricingrules-display-component---newInfoPriceItem--priceProc-arrow\"]"}
COMMAND: POST /session/211805a0db2825488b2ffc481472c536/element/f.B77A22107D10E5486A044045F14EEE7A.d.E59F302C218C708258B7B464BB7849B7.e.15234/click - {}
RESULT: {}
COMMAND: POST /session/211805a0db2825488b2ffc481472c536/element - {"using":"xpath","value":"//span[contains(text(), \"TBS - Time based standard\")]"}
COMMAND: GET /session/211805a0db2825488b2ffc481472c536/screenshot - {}
RESULT: {"using":"xpath","value":"//span[contains(text(), \"TBS - Time based standard\")]"}
COMMAND: POST /session/211805a0db2825488b2ffc481472c536/element/f.B77A22107D10E5486A044045F14EEE7A.d.E59F302C218C708258B7B464BB7849B7.e.15277/click - {}
RESULT: {}
RESULT: {}
COMMAND: POST /session/211805a0db2825488b2ffc481472c536/execute/async - {"script":"<script> [1562 bytes]","args":[{"selector":{"id":"application-managepricingrules-display-component---newInfoPriceItem--calcBase-arrow"},"wdio_ui5_key":"applicationmanagepricingrules-display-component---newInfoPriceItem--calcBase-arrow"}]}
COMMAND: GET /session/211805a0db2825488b2ffc481472c536/screenshot - {}
RESULT: {"script":"<script> [1562 bytes]","args":[{"selector":{"id":"application-managepricingrules-display-component---newInfoPriceItem--calcBase-arrow"},"wdio_ui5_key":"applicationmanagepricingrules-display-component---newInfoPriceItem--calcBase-arrow"}]}
RESULT: undefined
COMMAND: POST /session/211805a0db2825488b2ffc481472c536/element - {"using":"xpath","value":"//*[@id=\"application-managepricingrules-display-component---newInfoPriceItem--calcBase-arrow\"]"}
RESULT: {}
RESULT: {"using":"xpath","value":"//*[@id=\"application-managepricingrules-display-component---newInfoPriceItem--calcBase-arrow\"]"}
COMMAND: POST /session/211805a0db2825488b2ffc481472c536/element/f.B77A22107D10E5486A044045F14EEE7A.d.E59F302C218C708258B7B464BB7849B7.e.15241/click - {}
RESULT: {}
COMMAND: GET /session/211805a0db2825488b2ffc481472c536/screenshot - {}
RESULT: {}
COMMAND: POST /session/211805a0db2825488b2ffc481472c536/element - {"using":"xpath","value":"//span[contains(text(), \"0006 - TB(calendar days)\")]"}
RESULT: {"using":"xpath","value":"//span[contains(text(), \"0006 - TB(calendar days)\")]"}
COMMAND: POST /session/211805a0db2825488b2ffc481472c536/element/f.B77A22107D10E5486A044045F14EEE7A.d.E59F302C218C708258B7B464BB7849B7.e.15278/click - {}
RESULT: {}
COMMAND: POST /session/211805a0db2825488b2ffc481472c536/execute/async - {"script":"<script> [1562 bytes]","args":[{"selector":{"id":"application-managepricingrules-display-component---newInfoPriceItem--daysMonth","interaction":{"idSuffix":"inner"}},"wdio_ui5_key":"applicationmanagepricingrules-display-component---newInfoPriceItem--daysMonth"}]}
COMMAND: GET /session/211805a0db2825488b2ffc481472c536/screenshot - {}
RESULT: {"script":"<script> [1562 bytes]","args":[{"selector":{"id":"application-managepricingrules-display-component---newInfoPriceItem--daysMonth","interaction":{"idSuffix":"inner"}},"wdio_ui5_key":"applicationmanagepricingrules-display-component---newInfoPriceItem--daysMonth"}]}
RESULT: undefined
COMMAND: POST /session/211805a0db2825488b2ffc481472c536/execute/async - {"script":"<script> [776 bytes]","args":[{"enterText":"30","selector":{"id":"application-managepricingrules-display-component---newInfoPriceItem--daysMonth","interaction":{"idSuffix":"inner"}},"clearTextFirst":true,"interactionType":"ENTER_TEXT"}]}
RESULT: {}
RESULT: {"script":"<script> [776 bytes]","args":[{"enterText":"30","selector":{"id":"application-managepricingrules-display-component---newInfoPriceItem--daysMonth","interaction":{"idSuffix":"inner"}},"clearTextFirst":true,"interactionType":"ENTER_TEXT"}]}
COMMAND: POST /session/211805a0db2825488b2ffc481472c536/element - {"using":"xpath","value":"//button[@data-kt=\"saveNewRuleButton\"]"}
RESULT: {"using":"xpath","value":"//button[@data-kt=\"saveNewRuleButton\"]"}
COMMAND: POST /session/211805a0db2825488b2ffc481472c536/element/f.B77A22107D10E5486A044045F14EEE7A.d.E59F302C218C708258B7B464BB7849B7.e.15262/click - {}
RESULT: {}
COMMAND: GET /session/211805a0db2825488b2ffc481472c536/screenshot - {}
RESULT: {}
COMMAND: POST /session/211805a0db2825488b2ffc481472c536/element - {"using":"css selector","value":"#shell-header-logo"}
RESULT: {"using":"css selector","value":"#shell-header-logo"}
COMMAND: POST /session/211805a0db2825488b2ffc481472c536/element/f.B77A22107D10E5486A044045F14EEE7A.d.E59F302C218C708258B7B464BB7849B7.e.14797/click - {}
RESULT: {}
COMMAND: GET /session/211805a0db2825488b2ffc481472c536/screenshot - {}
RESULT: {}
COMMAND: POST /session/211805a0db2825488b2ffc481472c536/execute/async - {"script":"<script> [1562 bytes]","args":[{"selector":{"controlType":"sap.m.Text","properties":{"text":"Manage Conditions & Prices"},"interaction":{"idSuffix":"inner"}},"wdio_ui5_key":"sapm.Text{\"text\":\"Manage Conditions & Prices\"}"}]}
RESULT: {"script":"<script> [1562 bytes]","args":[{"selector":{"controlType":"sap.m.Text","properties":{"text":"Manage Conditions & Prices"},"interaction":{"idSuffix":"inner"}},"wdio_ui5_key":"sapm.Text{\"text\":\"Manage Conditions & Prices\"}"}]}
RESULT: undefined
COMMAND: POST /session/211805a0db2825488b2ffc481472c536/element - {"using":"xpath","value":"//*[@id=\"__tile53-title\"]"}
RESULT: {"using":"xpath","value":"//*[@id=\"__tile53-title\"]"}
COMMAND: POST /session/211805a0db2825488b2ffc481472c536/element/f.B77A22107D10E5486A044045F14EEE7A.d.E59F302C218C708258B7B464BB7849B7.e.15297/click - {}
RESULT: {}
COMMAND: GET /session/211805a0db2825488b2ffc481472c536/screenshot - {}
RESULT: {}
COMMAND: POST /session/211805a0db2825488b2ffc481472c536/element - {"using":"xpath","value":"//button[@aria-label=\"Create\"]"}
RESULT: {"using":"xpath","value":"//button[@aria-label=\"Create\"]"}
COMMAND: POST /session/211805a0db2825488b2ffc481472c536/element/f.B77A22107D10E5486A044045F14EEE7A.d.E59F302C218C708258B7B464BB7849B7.e.15327/click - {}
RESULT: {}
COMMAND: POST /session/211805a0db2825488b2ffc481472c536/actions - {"actions":[{"id":"action72","type":"key","parameters":{},"actions":[{"type":"keyDown","value":"î€‡"},{"type":"pause","duration":10},{"type":"keyUp","value":"î€‡"}]}]}
COMMAND: GET /session/211805a0db2825488b2ffc481472c536/screenshot - {}
RESULT: {"actions":[{"id":"action72","type":"key","parameters":{},"actions":[{"type":"keyDown","value":"î€‡"},{"type":"pause","duration":10},{"type":"keyUp","value":"î€‡"}]}]}
COMMAND: GET /session/211805a0db2825488b2ffc481472c536/screenshot - {}
COMMAND: POST /session/211805a0db2825488b2ffc481472c536/execute/async - {"script":"<script> [1562 bytes]","args":[{"selector":{"id":"application-manageconditionprice-display-component---newCondition--condBillCond-arrow"},"wdio_ui5_key":"applicationmanageconditionprice-display-component---newCondition--condBillCond-arrow"}]}
RESULT: {}
RESULT: {}
RESULT: {"script":"<script> [1562 bytes]","args":[{"selector":{"id":"application-manageconditionprice-display-component---newCondition--condBillCond-arrow"},"wdio_ui5_key":"applicationmanageconditionprice-display-component---newCondition--condBillCond-arrow"}]}
RESULT: undefined
COMMAND: POST /session/211805a0db2825488b2ffc481472c536/element - {"using":"xpath","value":"//*[@id=\"application-manageconditionprice-display-component---newCondition--condBillCond-arrow\"]"}
RESULT: {"using":"xpath","value":"//*[@id=\"application-manageconditionprice-display-component---newCondition--condBillCond-arrow\"]"}
COMMAND: POST /session/211805a0db2825488b2ffc481472c536/element/f.B77A22107D10E5486A044045F14EEE7A.d.E59F302C218C708258B7B464BB7849B7.e.15792/click - {}
RESULT: {}
COMMAND: POST /session/211805a0db2825488b2ffc481472c536/element - {"using":"xpath","value":"//span[contains(text(), \"DISP - D&I special price\")]"}
COMMAND: GET /session/211805a0db2825488b2ffc481472c536/screenshot - {}
RESULT: {"using":"xpath","value":"//span[contains(text(), \"DISP - D&I special price\")]"}
COMMAND: POST /session/211805a0db2825488b2ffc481472c536/element/f.B77A22107D10E5486A044045F14EEE7A.d.E59F302C218C708258B7B464BB7849B7.e.15793/click - {}
RESULT: {}
RESULT: {}
COMMAND: POST /session/211805a0db2825488b2ffc481472c536/execute/async - {"script":"<script> [1562 bytes]","args":[{"selector":{"id":"application-manageconditionprice-display-component---newCondition--condValidTo","interaction":{"idSuffix":"inner"}},"wdio_ui5_key":"applicationmanageconditionprice-display-component---newCondition--condValidTo"}]}
COMMAND: GET /session/211805a0db2825488b2ffc481472c536/screenshot - {}
RESULT: {"script":"<script> [1562 bytes]","args":[{"selector":{"id":"application-manageconditionprice-display-component---newCondition--condValidTo","interaction":{"idSuffix":"inner"}},"wdio_ui5_key":"applicationmanageconditionprice-display-component---newCondition--condValidTo"}]}
RESULT: undefined
COMMAND: POST /session/211805a0db2825488b2ffc481472c536/execute/async - {"script":"<script> [776 bytes]","args":[{"enterText":"5/11/33","selector":{"id":"application-manageconditionprice-display-component---newCondition--condValidTo","interaction":{"idSuffix":"inner"}},"clearTextFirst":true,"interactionType":"ENTER_TEXT"}]}
RESULT: {}
RESULT: {"script":"<script> [776 bytes]","args":[{"enterText":"5/11/33","selector":{"id":"application-manageconditionprice-display-component---newCondition--condValidTo","interaction":{"idSuffix":"inner"}},"clearTextFirst":true,"interactionType":"ENTER_TEXT"}]}
COMMAND: POST /session/211805a0db2825488b2ffc481472c536/element - {"using":"xpath","value":"//input[@id=\"application-manageconditionprice-display-component---newCondition--condRU-inner\"]"}
RESULT: {"using":"xpath","value":"//input[@id=\"application-manageconditionprice-display-component---newCondition--condRU-inner\"]"}
COMMAND: POST /session/211805a0db2825488b2ffc481472c536/element/f.B77A22107D10E5486A044045F14EEE7A.d.E59F302C218C708258B7B464BB7849B7.e.15525/clear - {}
RESULT: {}
COMMAND: POST /session/211805a0db2825488b2ffc481472c536/element/f.B77A22107D10E5486A044045F14EEE7A.d.E59F302C218C708258B7B464BB7849B7.e.15525/value - {"text":"WebdriverRUR2Cab7cz"}
COMMAND: GET /session/211805a0db2825488b2ffc481472c536/screenshot - {}
RESULT: {"text":"WebdriverRUR2Cab7cz"}
COMMAND: GET /session/211805a0db2825488b2ffc481472c536/screenshot - {}
RESULT: {}
RESULT: {}
COMMAND: POST /session/211805a0db2825488b2ffc481472c536/actions - {"actions":[{"id":"action73","type":"key","parameters":{},"actions":[{"type":"keyDown","value":"î€‡"},{"type":"pause","duration":10},{"type":"keyUp","value":"î€‡"}]}]}
RESULT: {"actions":[{"id":"action73","type":"key","parameters":{},"actions":[{"type":"keyDown","value":"î€‡"},{"type":"pause","duration":10},{"type":"keyUp","value":"î€‡"}]}]}
COMMAND: POST /session/211805a0db2825488b2ffc481472c536/execute/async - {"script":"<script> [1562 bytes]","args":[{"selector":{"id":"application-manageconditionprice-display-component---newCondition--condBaseQty","interaction":{"idSuffix":"inner"}},"wdio_ui5_key":"applicationmanageconditionprice-display-component---newCondition--condBaseQty"}]}
COMMAND: GET /session/211805a0db2825488b2ffc481472c536/screenshot - {}
RESULT: {"script":"<script> [1562 bytes]","args":[{"selector":{"id":"application-manageconditionprice-display-component---newCondition--condBaseQty","interaction":{"idSuffix":"inner"}},"wdio_ui5_key":"applicationmanageconditionprice-display-component---newCondition--condBaseQty"}]}
RESULT: undefined
COMMAND: POST /session/211805a0db2825488b2ffc481472c536/execute/async - {"script":"<script> [776 bytes]","args":[{"enterText":"1","selector":{"id":"application-manageconditionprice-display-component---newCondition--condBaseQty","interaction":{"idSuffix":"inner"}},"clearTextFirst":true,"interactionType":"ENTER_TEXT"}]}
RESULT: {}
RESULT: {"script":"<script> [776 bytes]","args":[{"enterText":"1","selector":{"id":"application-manageconditionprice-display-component---newCondition--condBaseQty","interaction":{"idSuffix":"inner"}},"clearTextFirst":true,"interactionType":"ENTER_TEXT"}]}
COMMAND: POST /session/211805a0db2825488b2ffc481472c536/execute/async - {"script":"<script> [1562 bytes]","args":[{"selector":{"id":"application-manageconditionprice-display-component---newCondition--condValue","interaction":{"idSuffix":"inner"}},"wdio_ui5_key":"applicationmanageconditionprice-display-component---newCondition--condValue"}]}
RESULT: {"script":"<script> [1562 bytes]","args":[{"selector":{"id":"application-manageconditionprice-display-component---newCondition--condValue","interaction":{"idSuffix":"inner"}},"wdio_ui5_key":"applicationmanageconditionprice-display-component---newCondition--condValue"}]}
RESULT: undefined
COMMAND: POST /session/211805a0db2825488b2ffc481472c536/execute/async - {"script":"<script> [776 bytes]","args":[{"enterText":"100","selector":{"id":"application-manageconditionprice-display-component---newCondition--condValue","interaction":{"idSuffix":"inner"}},"clearTextFirst":true,"interactionType":"ENTER_TEXT"}]}
RESULT: {"script":"<script> [776 bytes]","args":[{"enterText":"100","selector":{"id":"application-manageconditionprice-display-component---newCondition--condValue","interaction":{"idSuffix":"inner"}},"clearTextFirst":true,"interactionType":"ENTER_TEXT"}]}
COMMAND: POST /session/211805a0db2825488b2ffc481472c536/execute/async - {"script":"<script> [1562 bytes]","args":[{"selector":{"id":"application-manageconditionprice-display-component---newCondition--condCurr-arrow"},"wdio_ui5_key":"applicationmanageconditionprice-display-component---newCondition--condCurr-arrow"}]}
RESULT: {"script":"<script> [1562 bytes]","args":[{"selector":{"id":"application-manageconditionprice-display-component---newCondition--condCurr-arrow"},"wdio_ui5_key":"applicationmanageconditionprice-display-component---newCondition--condCurr-arrow"}]}
RESULT: undefined
COMMAND: POST /session/211805a0db2825488b2ffc481472c536/element - {"using":"xpath","value":"//*[@id=\"application-manageconditionprice-display-component---newCondition--condCurr-arrow\"]"}
RESULT: {"using":"xpath","value":"//*[@id=\"application-manageconditionprice-display-component---newCondition--condCurr-arrow\"]"}
COMMAND: POST /session/211805a0db2825488b2ffc481472c536/element/f.B77A22107D10E5486A044045F14EEE7A.d.E59F302C218C708258B7B464BB7849B7.e.15757/click - {}
RESULT: {}
COMMAND: POST /session/211805a0db2825488b2ffc481472c536/element - {"using":"xpath","value":"//span[contains(text(), \"Euro\")]"}
COMMAND: GET /session/211805a0db2825488b2ffc481472c536/screenshot - {}
RESULT: {"using":"xpath","value":"//span[contains(text(), \"Euro\")]"}
COMMAND: POST /session/211805a0db2825488b2ffc481472c536/element/f.B77A22107D10E5486A044045F14EEE7A.d.E59F302C218C708258B7B464BB7849B7.e.15831/click - {}
RESULT: {}
RESULT: {}
COMMAND: POST /session/211805a0db2825488b2ffc481472c536/element - {"using":"xpath","value":"//button[@data-kt=\"saveButton\"]"}
COMMAND: GET /session/211805a0db2825488b2ffc481472c536/screenshot - {}
RESULT: {"using":"xpath","value":"//button[@data-kt=\"saveButton\"]"}
COMMAND: POST /session/211805a0db2825488b2ffc481472c536/element/f.B77A22107D10E5486A044045F14EEE7A.d.E59F302C218C708258B7B464BB7849B7.e.15758/click - {}
RESULT: {}
RESULT: {}
COMMAND: GET /session/211805a0db2825488b2ffc481472c536/screenshot - {}
RESULT: {}
COMMAND: POST /session/211805a0db2825488b2ffc481472c536/element - {"using":"css selector","value":"#shell-header-logo"}
RESULT: {"using":"css selector","value":"#shell-header-logo"}
COMMAND: POST /session/211805a0db2825488b2ffc481472c536/element/f.B77A22107D10E5486A044045F14EEE7A.d.E59F302C218C708258B7B464BB7849B7.e.15299/click - {}
RESULT: {}
COMMAND: GET /session/211805a0db2825488b2ffc481472c536/screenshot - {}
RESULT: {}
]]></system-out>
    </testcase>
    <testcase classname="chrome.135_0_7049_96.windows.E2E_-_Logistical_and_commercial_statuses" name="Should create a new contract" time="88.422">
      <system-out><![CDATA[
COMMAND: POST /session/211805a0db2825488b2ffc481472c536/execute/async - {"script":"<script> [1562 bytes]","args":[{"selector":{"controlType":"sap.m.GenericTile","viewName":"etm.portal.ui.managecontractstile.view.Master","i18NText":{"propertyName":"header","key":"manageContractsTileTitle"}},"wdio_ui5_key":"etmportal.ui.managecontractstile.view.Mastersap.m.GenericTile{\"propertyName\":\"header\",\"key\":\"manageContractsTileTitle\"}"}]}
RESULT: {"script":"<script> [1562 bytes]","args":[{"selector":{"controlType":"sap.m.GenericTile","viewName":"etm.portal.ui.managecontractstile.view.Master","i18NText":{"propertyName":"header","key":"manageContractsTileTitle"}},"wdio_ui5_key":"etmportal.ui.managecontractstile.view.Mastersap.m.GenericTile{\"propertyName\":\"header\",\"key\":\"manageContractsTileTitle\"}"}]}
RESULT: undefined
COMMAND: POST /session/211805a0db2825488b2ffc481472c536/element - {"using":"xpath","value":"//*[@id=\"__tile130\"]"}
RESULT: {"using":"xpath","value":"//*[@id=\"__tile130\"]"}
COMMAND: POST /session/211805a0db2825488b2ffc481472c536/element/f.B77A22107D10E5486A044045F14EEE7A.d.E59F302C218C708258B7B464BB7849B7.e.15982/click - {}
RESULT: {}
COMMAND: GET /session/211805a0db2825488b2ffc481472c536/screenshot - {}
RESULT: {}
COMMAND: POST /session/211805a0db2825488b2ffc481472c536/element - {"using":"xpath","value":"//button[@data-kt=\"addButton\"]"}
RESULT: {"using":"xpath","value":"//button[@data-kt=\"addButton\"]"}
COMMAND: POST /session/211805a0db2825488b2ffc481472c536/element/f.B77A22107D10E5486A044045F14EEE7A.d.E59F302C218C708258B7B464BB7849B7.e.16054/click - {}
RESULT: {}
COMMAND: GET /session/211805a0db2825488b2ffc481472c536/screenshot - {}
RESULT: {}
COMMAND: POST /session/211805a0db2825488b2ffc481472c536/execute/async - {"script":"<script> [1562 bytes]","args":[{"selector":{"id":"application-managecontracts-display-component---AddNewContract--projectDescription","interaction":{"idSuffix":"inner"}},"wdio_ui5_key":"applicationmanagecontracts-display-component---AddNewContract--projectDescription"}]}
RESULT: {"script":"<script> [1562 bytes]","args":[{"selector":{"id":"application-managecontracts-display-component---AddNewContract--projectDescription","interaction":{"idSuffix":"inner"}},"wdio_ui5_key":"applicationmanagecontracts-display-component---AddNewContract--projectDescription"}]}
RESULT: undefined
COMMAND: POST /session/211805a0db2825488b2ffc481472c536/execute/async - {"script":"<script> [776 bytes]","args":[{"enterText":"WdIOR2cdjtqy","selector":{"id":"application-managecontracts-display-component---AddNewContract--projectDescription","interaction":{"idSuffix":"inner"}},"clearTextFirst":true,"interactionType":"ENTER_TEXT"}]}
RESULT: {"script":"<script> [776 bytes]","args":[{"enterText":"WdIOR2cdjtqy","selector":{"id":"application-managecontracts-display-component---AddNewContract--projectDescription","interaction":{"idSuffix":"inner"}},"clearTextFirst":true,"interactionType":"ENTER_TEXT"}]}
COMMAND: POST /session/211805a0db2825488b2ffc481472c536/element - {"using":"xpath","value":"//input[@id=\"application-managecontracts-display-component---AddNewContract--yardId-inner\"]"}
RESULT: {"using":"xpath","value":"//input[@id=\"application-managecontracts-display-component---AddNewContract--yardId-inner\"]"}
COMMAND: POST /session/211805a0db2825488b2ffc481472c536/element/f.B77A22107D10E5486A044045F14EEE7A.d.E59F302C218C708258B7B464BB7849B7.e.16307/clear - {}
RESULT: {}
COMMAND: POST /session/211805a0db2825488b2ffc481472c536/element/f.B77A22107D10E5486A044045F14EEE7A.d.E59F302C218C708258B7B464BB7849B7.e.16307/value - {"text":"WebdriverYardu264w"}
COMMAND: GET /session/211805a0db2825488b2ffc481472c536/screenshot - {}
RESULT: {"text":"WebdriverYardu264w"}
COMMAND: GET /session/211805a0db2825488b2ffc481472c536/screenshot - {}
RESULT: {}
RESULT: {}
COMMAND: POST /session/211805a0db2825488b2ffc481472c536/actions - {"actions":[{"id":"action74","type":"key","parameters":{},"actions":[{"type":"keyDown","value":"î€‡"},{"type":"pause","duration":10},{"type":"keyUp","value":"î€‡"}]}]}
RESULT: {"actions":[{"id":"action74","type":"key","parameters":{},"actions":[{"type":"keyDown","value":"î€‡"},{"type":"pause","duration":10},{"type":"keyUp","value":"î€‡"}]}]}
COMMAND: GET /session/211805a0db2825488b2ffc481472c536/screenshot - {}
RESULT: {}
COMMAND: POST /session/211805a0db2825488b2ffc481472c536/element - {"using":"xpath","value":"//input[@id=\"application-managecontracts-display-component---AddNewContract--customerSelect-inner\"]"}
RESULT: {"using":"xpath","value":"//input[@id=\"application-managecontracts-display-component---AddNewContract--customerSelect-inner\"]"}
COMMAND: POST /session/211805a0db2825488b2ffc481472c536/element/f.B77A22107D10E5486A044045F14EEE7A.d.E59F302C218C708258B7B464BB7849B7.e.16305/clear - {}
RESULT: {}
COMMAND: POST /session/211805a0db2825488b2ffc481472c536/element/f.B77A22107D10E5486A044045F14EEE7A.d.E59F302C218C708258B7B464BB7849B7.e.16305/value - {"text":"WebdriverPartneriieuw"}
COMMAND: GET /session/211805a0db2825488b2ffc481472c536/screenshot - {}
RESULT: {"text":"WebdriverPartneriieuw"}
COMMAND: GET /session/211805a0db2825488b2ffc481472c536/screenshot - {}
RESULT: {}
RESULT: {}
COMMAND: POST /session/211805a0db2825488b2ffc481472c536/actions - {"actions":[{"id":"action75","type":"key","parameters":{},"actions":[{"type":"keyDown","value":"î€‡"},{"type":"pause","duration":10},{"type":"keyUp","value":"î€‡"}]}]}
RESULT: {"actions":[{"id":"action75","type":"key","parameters":{},"actions":[{"type":"keyDown","value":"î€‡"},{"type":"pause","duration":10},{"type":"keyUp","value":"î€‡"}]}]}
COMMAND: GET /session/211805a0db2825488b2ffc481472c536/screenshot - {}
RESULT: {}
COMMAND: POST /session/211805a0db2825488b2ffc481472c536/element - {"using":"xpath","value":"//input[@id=\"application-managecontracts-display-component---AddNewContract--site-inner\"]"}
RESULT: {"using":"xpath","value":"//input[@id=\"application-managecontracts-display-component---AddNewContract--site-inner\"]"}
COMMAND: POST /session/211805a0db2825488b2ffc481472c536/element/f.B77A22107D10E5486A044045F14EEE7A.d.E59F302C218C708258B7B464BB7849B7.e.16306/clear - {}
RESULT: {}
COMMAND: POST /session/211805a0db2825488b2ffc481472c536/element/f.B77A22107D10E5486A044045F14EEE7A.d.E59F302C218C708258B7B464BB7849B7.e.16306/value - {"text":"WebdriverSite73boe"}
COMMAND: GET /session/211805a0db2825488b2ffc481472c536/screenshot - {}
RESULT: {"text":"WebdriverSite73boe"}
COMMAND: GET /session/211805a0db2825488b2ffc481472c536/screenshot - {}
RESULT: {}
RESULT: {}
COMMAND: POST /session/211805a0db2825488b2ffc481472c536/actions - {"actions":[{"id":"action76","type":"key","parameters":{},"actions":[{"type":"keyDown","value":"î€‡"},{"type":"pause","duration":10},{"type":"keyUp","value":"î€‡"}]}]}
RESULT: {"actions":[{"id":"action76","type":"key","parameters":{},"actions":[{"type":"keyDown","value":"î€‡"},{"type":"pause","duration":10},{"type":"keyUp","value":"î€‡"}]}]}
COMMAND: POST /session/211805a0db2825488b2ffc481472c536/element - {"using":"xpath","value":"//button[@data-kt=\"saveButton\"]"}
COMMAND: GET /session/211805a0db2825488b2ffc481472c536/screenshot - {}
RESULT: {"using":"xpath","value":"//button[@data-kt=\"saveButton\"]"}
COMMAND: POST /session/211805a0db2825488b2ffc481472c536/element/f.B77A22107D10E5486A044045F14EEE7A.d.E59F302C218C708258B7B464BB7849B7.e.16320/click - {}
RESULT: {}
RESULT: {}
COMMAND: GET /session/211805a0db2825488b2ffc481472c536/screenshot - {}
RESULT: {}
COMMAND: POST /session/211805a0db2825488b2ffc481472c536/execute/async - {"script":"<script> [1562 bytes]","args":[{"selector":{"id":"contractDetailTitleNoExpanded","viewName":"etm.portal.ui.managecontracts.view.Detail"},"wdio_ui5_key":"contractDetailTitleNoExpandedetmportal.ui.managecontracts.view.Detail"}]}
RESULT: {"script":"<script> [1562 bytes]","args":[{"selector":{"id":"contractDetailTitleNoExpanded","viewName":"etm.portal.ui.managecontracts.view.Detail"},"wdio_ui5_key":"contractDetailTitleNoExpandedetmportal.ui.managecontracts.view.Detail"}]}
RESULT: undefined
COMMAND: POST /session/211805a0db2825488b2ffc481472c536/execute/async - {"script":"<script> [6424 bytes]","args":[{"element-6066-11e4-a52e-4f735466cecf":"f.B77A22107D10E5486A044045F14EEE7A.d.E59F302C218C708258B7B464BB7849B7.e.16342"},"getText",[]]}
RESULT: {"script":"<script> [6424 bytes]","args":[{"element-6066-11e4-a52e-4f735466cecf":"f.B77A22107D10E5486A044045F14EEE7A.d.E59F302C218C708258B7B464BB7849B7.e.16342"},"getText",[]]}
]]></system-out>
    </testcase>
    <testcase classname="chrome.135_0_7049_96.windows.E2E_-_Logistical_and_commercial_statuses" name="Should add materialID to the contract" time="50.171">
      <system-out><![CDATA[
COMMAND: POST /session/211805a0db2825488b2ffc481472c536/element - {"using":"xpath","value":"//button[@data-kt=\"contractDetailEditBtnButton\"]"}
RESULT: {"using":"xpath","value":"//button[@data-kt=\"contractDetailEditBtnButton\"]"}
COMMAND: POST /session/211805a0db2825488b2ffc481472c536/element/f.B77A22107D10E5486A044045F14EEE7A.d.E59F302C218C708258B7B464BB7849B7.e.16343/click - {}
RESULT: {}
COMMAND: GET /session/211805a0db2825488b2ffc481472c536/screenshot - {}
RESULT: {}
COMMAND: POST /session/211805a0db2825488b2ffc481472c536/element - {"using":"xpath","value":"(//span[contains(text(), \"Additional Addresses\")])[2]"}
RESULT: {"using":"xpath","value":"(//span[contains(text(), \"Additional Addresses\")])[2]"}
COMMAND: POST /session/211805a0db2825488b2ffc481472c536/element/f.B77A22107D10E5486A044045F14EEE7A.d.E59F302C218C708258B7B464BB7849B7.e.16399/click - {}
RESULT: {}
COMMAND: GET /session/211805a0db2825488b2ffc481472c536/screenshot - {}
RESULT: {}
COMMAND: POST /session/211805a0db2825488b2ffc481472c536/element - {"using":"xpath","value":"//button[@data-kt=\"btnAddTableRowOverflowToolbarButton\"]"}
RESULT: {"using":"xpath","value":"//button[@data-kt=\"btnAddTableRowOverflowToolbarButton\"]"}
COMMAND: POST /session/211805a0db2825488b2ffc481472c536/element/f.B77A22107D10E5486A044045F14EEE7A.d.E59F302C218C708258B7B464BB7849B7.e.16403/click - {}
RESULT: {}
COMMAND: GET /session/211805a0db2825488b2ffc481472c536/screenshot - {}
RESULT: {}
COMMAND: POST /session/211805a0db2825488b2ffc481472c536/element - {"using":"xpath","value":"//div[(text() = 'Standard Entry' or . = 'Standard Entry')]"}
RESULT: {"using":"xpath","value":"//div[(text() = 'Standard Entry' or . = 'Standard Entry')]"}
COMMAND: POST /session/211805a0db2825488b2ffc481472c536/element/f.B77A22107D10E5486A044045F14EEE7A.d.E59F302C218C708258B7B464BB7849B7.e.16405/click - {}
RESULT: {}
COMMAND: POST /session/211805a0db2825488b2ffc481472c536/element - {"using":"xpath","value":"//td[6]/div/div/input[1]"}
COMMAND: GET /session/211805a0db2825488b2ffc481472c536/screenshot - {}
RESULT: {"using":"xpath","value":"//td[6]/div/div/input[1]"}
COMMAND: POST /session/211805a0db2825488b2ffc481472c536/element/f.B77A22107D10E5486A044045F14EEE7A.d.E59F302C218C708258B7B464BB7849B7.e.16407/click - {}
RESULT: {}
RESULT: {}
COMMAND: POST /session/211805a0db2825488b2ffc481472c536/actions - {"actions":[{"id":"action77","type":"key","parameters":{},"actions":[{"type":"keyDown","value":"î€ƒ"},{"type":"pause","duration":10},{"type":"keyUp","value":"î€ƒ"}]}]}
COMMAND: GET /session/211805a0db2825488b2ffc481472c536/screenshot - {}
RESULT: {"actions":[{"id":"action77","type":"key","parameters":{},"actions":[{"type":"keyDown","value":"î€ƒ"},{"type":"pause","duration":10},{"type":"keyUp","value":"î€ƒ"}]}]}
COMMAND: POST /session/211805a0db2825488b2ffc481472c536/element - {"using":"xpath","value":"//td[6]/div/div/input[1]"}
COMMAND: GET /session/211805a0db2825488b2ffc481472c536/screenshot - {}
RESULT: {}
RESULT: {"using":"xpath","value":"//td[6]/div/div/input[1]"}
COMMAND: POST /session/211805a0db2825488b2ffc481472c536/element/f.B77A22107D10E5486A044045F14EEE7A.d.E59F302C218C708258B7B464BB7849B7.e.16407/clear - {}
RESULT: {}
RESULT: {}
COMMAND: POST /session/211805a0db2825488b2ffc481472c536/element/f.B77A22107D10E5486A044045F14EEE7A.d.E59F302C218C708258B7B464BB7849B7.e.16407/value - {"text":"Material"}
COMMAND: GET /session/211805a0db2825488b2ffc481472c536/screenshot - {}
RESULT: {"text":"Material"}
COMMAND: GET /session/211805a0db2825488b2ffc481472c536/screenshot - {}
RESULT: {}
RESULT: {}
COMMAND: POST /session/211805a0db2825488b2ffc481472c536/actions - {"actions":[{"id":"action78","type":"key","parameters":{},"actions":[{"type":"keyDown","value":"î€‡"},{"type":"pause","duration":10},{"type":"keyUp","value":"î€‡"}]}]}
RESULT: {"actions":[{"id":"action78","type":"key","parameters":{},"actions":[{"type":"keyDown","value":"î€‡"},{"type":"pause","duration":10},{"type":"keyUp","value":"î€‡"}]}]}
COMMAND: GET /session/211805a0db2825488b2ffc481472c536/screenshot - {}
RESULT: {}
COMMAND: POST /session/211805a0db2825488b2ffc481472c536/actions - {"actions":[{"id":"action79","type":"key","parameters":{},"actions":[{"type":"keyDown","value":"î€‡"},{"type":"pause","duration":10},{"type":"keyUp","value":"î€‡"}]}]}
RESULT: {"actions":[{"id":"action79","type":"key","parameters":{},"actions":[{"type":"keyDown","value":"î€‡"},{"type":"pause","duration":10},{"type":"keyUp","value":"î€‡"}]}]}
COMMAND: POST /session/211805a0db2825488b2ffc481472c536/element - {"using":"xpath","value":"//td[7]/div/div/input"}
COMMAND: GET /session/211805a0db2825488b2ffc481472c536/screenshot - {}
RESULT: {"using":"xpath","value":"//td[7]/div/div/input"}
COMMAND: POST /session/211805a0db2825488b2ffc481472c536/element/f.B77A22107D10E5486A044045F14EEE7A.d.E59F302C218C708258B7B464BB7849B7.e.16420/clear - {}
RESULT: {}
RESULT: {}
COMMAND: POST /session/211805a0db2825488b2ffc481472c536/element/f.B77A22107D10E5486A044045F14EEE7A.d.E59F302C218C708258B7B464BB7849B7.e.16420/value - {"text":"WebdriverRUR2Cab7cz"}
COMMAND: GET /session/211805a0db2825488b2ffc481472c536/screenshot - {}
RESULT: {"text":"WebdriverRUR2Cab7cz"}
COMMAND: GET /session/211805a0db2825488b2ffc481472c536/screenshot - {}
RESULT: {}
RESULT: {}
COMMAND: POST /session/211805a0db2825488b2ffc481472c536/actions - {"actions":[{"id":"action80","type":"key","parameters":{},"actions":[{"type":"keyDown","value":"î€‡"},{"type":"pause","duration":10},{"type":"keyUp","value":"î€‡"}]}]}
RESULT: {"actions":[{"id":"action80","type":"key","parameters":{},"actions":[{"type":"keyDown","value":"î€‡"},{"type":"pause","duration":10},{"type":"keyUp","value":"î€‡"}]}]}
COMMAND: GET /session/211805a0db2825488b2ffc481472c536/screenshot - {}
RESULT: {}
COMMAND: POST /session/211805a0db2825488b2ffc481472c536/actions - {"actions":[{"id":"action81","type":"key","parameters":{},"actions":[{"type":"keyDown","value":"î€‡"},{"type":"pause","duration":10},{"type":"keyUp","value":"î€‡"}]}]}
RESULT: {"actions":[{"id":"action81","type":"key","parameters":{},"actions":[{"type":"keyDown","value":"î€‡"},{"type":"pause","duration":10},{"type":"keyUp","value":"î€‡"}]}]}
COMMAND: GET /session/211805a0db2825488b2ffc481472c536/screenshot - {}
RESULT: {}
COMMAND: POST /session/211805a0db2825488b2ffc481472c536/element - {"using":"xpath","value":"(//button[@data-kt=\"saveButton\"])[2]"}
RESULT: {"using":"xpath","value":"(//button[@data-kt=\"saveButton\"])[2]"}
COMMAND: POST /session/211805a0db2825488b2ffc481472c536/element/f.B77A22107D10E5486A044045F14EEE7A.d.E59F302C218C708258B7B464BB7849B7.e.16443/click - {}
RESULT: {}
COMMAND: GET /session/211805a0db2825488b2ffc481472c536/screenshot - {}
RESULT: {}
]]></system-out>
    </testcase>
    <testcase classname="chrome.135_0_7049_96.windows.E2E_-_Logistical_and_commercial_statuses" name="It should follow the handover steps to the status fully provided" time="417.419">
      <system-out><![CDATA[
COMMAND: POST /session/211805a0db2825488b2ffc481472c536/execute/async - {"script":"<script> [1562 bytes]","args":[{"selector":{"id":"contractDetailProvideButton","viewName":"etm.portal.ui.managecontracts.view.Detail","interaction":{"idSuffix":"BDI-content"}},"wdio_ui5_key":"contractDetailProvideButtonetmportal.ui.managecontracts.view.Detail"}]}
RESULT: {"script":"<script> [1562 bytes]","args":[{"selector":{"id":"contractDetailProvideButton","viewName":"etm.portal.ui.managecontracts.view.Detail","interaction":{"idSuffix":"BDI-content"}},"wdio_ui5_key":"contractDetailProvideButtonetmportal.ui.managecontracts.view.Detail"}]}
RESULT: undefined
COMMAND: POST /session/211805a0db2825488b2ffc481472c536/element - {"using":"xpath","value":"//*[@id=\"__xmlview61--contractDetailProvideButton\"]"}
RESULT: {"using":"xpath","value":"//*[@id=\"__xmlview61--contractDetailProvideButton\"]"}
COMMAND: POST /session/211805a0db2825488b2ffc481472c536/element/f.B77A22107D10E5486A044045F14EEE7A.d.E59F302C218C708258B7B464BB7849B7.e.16452/click - {}
RESULT: {}
COMMAND: GET /session/211805a0db2825488b2ffc481472c536/screenshot - {}
COMMAND: POST /session/211805a0db2825488b2ffc481472c536/execute/async - {"script":"<script> [1562 bytes]","args":[{"selector":{"id":"application-managehandovers-display-component---AddNewHO--oneStep","interaction":{"idSuffix":"CbBg"}},"wdio_ui5_key":"applicationmanagehandovers-display-component---AddNewHO--oneStep"}]}
RESULT: {}
RESULT: {"script":"<script> [1562 bytes]","args":[{"selector":{"id":"application-managehandovers-display-component---AddNewHO--oneStep","interaction":{"idSuffix":"CbBg"}},"wdio_ui5_key":"applicationmanagehandovers-display-component---AddNewHO--oneStep"}]}
RESULT: undefined
COMMAND: POST /session/211805a0db2825488b2ffc481472c536/element - {"using":"xpath","value":"//*[@id=\"application-managehandovers-display-component---AddNewHO--oneStep\"]"}
RESULT: {"using":"xpath","value":"//*[@id=\"application-managehandovers-display-component---AddNewHO--oneStep\"]"}
COMMAND: POST /session/211805a0db2825488b2ffc481472c536/element/f.B77A22107D10E5486A044045F14EEE7A.d.E59F302C218C708258B7B464BB7849B7.e.16583/click - {}
RESULT: {}
RESULT: undefined
COMMAND: POST /session/211805a0db2825488b2ffc481472c536/execute/async - {"script":"<script> [776 bytes]","args":[{"enterText":"05/04/25","selector":{"id":"application-managehandovers-display-component---AddNewHO--dueDate","interaction":{"idSuffix":"inner"}},"clearTextFirst":true,"interactionType":"ENTER_TEXT"}]}
COMMAND: GET /session/211805a0db2825488b2ffc481472c536/screenshot - {}
RESULT: {"script":"<script> [776 bytes]","args":[{"enterText":"05/04/25","selector":{"id":"application-managehandovers-display-component---AddNewHO--dueDate","interaction":{"idSuffix":"inner"}},"clearTextFirst":true,"interactionType":"ENTER_TEXT"}]}
RESULT: undefined
COMMAND: POST /session/211805a0db2825488b2ffc481472c536/element - {"using":"xpath","value":"//*[@id=\"application-managehandovers-display-component---AddNewHO--ObjectPageLayout-anchBar-application-managehandovers-display-component---AddNewHO--section4-anchor\"]"}
RESULT: {}
RESULT: {"using":"xpath","value":"//*[@id=\"application-managehandovers-display-component---AddNewHO--ObjectPageLayout-anchBar-application-managehandovers-display-component---AddNewHO--section4-anchor\"]"}
COMMAND: POST /session/211805a0db2825488b2ffc481472c536/element/f.B77A22107D10E5486A044045F14EEE7A.d.E59F302C218C708258B7B464BB7849B7.e.16584/click - {}
RESULT: {}
COMMAND: POST /session/211805a0db2825488b2ffc481472c536/execute/async - {"script":"<script> [1562 bytes]","args":[{"selector":{"controlType":"sap.ui.core.Icon","viewName":"etm.portal.ui.managehandovers.view.AddNewHO","viewId":"application-managehandovers-display-component---AddNewHO","properties":{"src":{"regex":{"source":"add"}}}},"wdio_ui5_key":"etmportal.ui.managehandovers.view.AddNewHOsap.ui.core.Icon{\"src\":{\"regex\":{\"source\":\"add\"}}}"}]}
COMMAND: GET /session/211805a0db2825488b2ffc481472c536/screenshot - {}
RESULT: {"script":"<script> [1562 bytes]","args":[{"selector":{"controlType":"sap.ui.core.Icon","viewName":"etm.portal.ui.managehandovers.view.AddNewHO","viewId":"application-managehandovers-display-component---AddNewHO","properties":{"src":{"regex":{"source":"add"}}}},"wdio_ui5_key":"etmportal.ui.managehandovers.view.AddNewHOsap.ui.core.Icon{\"src\":{\"regex\":{\"source\":\"add\"}}}"}]}
RESULT: undefined
COMMAND: POST /session/211805a0db2825488b2ffc481472c536/element - {"using":"xpath","value":"//*[@id=\"__button172-img\"]"}
RESULT: {}
RESULT: {"using":"xpath","value":"//*[@id=\"__button172-img\"]"}
COMMAND: POST /session/211805a0db2825488b2ffc481472c536/element/f.B77A22107D10E5486A044045F14EEE7A.d.E59F302C218C708258B7B464BB7849B7.e.16588/click - {}
RESULT: {}
COMMAND: GET /session/211805a0db2825488b2ffc481472c536/screenshot - {}
RESULT: {}
RESULT: undefined
COMMAND: POST /session/211805a0db2825488b2ffc481472c536/element - {"using":"xpath","value":"//*[@id=\"application-managehandovers-display-component---AddNewHO--popup-sa\"]"}
RESULT: {"using":"xpath","value":"//*[@id=\"application-managehandovers-display-component---AddNewHO--popup-sa\"]"}
COMMAND: POST /session/211805a0db2825488b2ffc481472c536/element/f.B77A22107D10E5486A044045F14EEE7A.d.E59F302C218C708258B7B464BB7849B7.e.16606/click - {}
RESULT: {}
COMMAND: POST /session/211805a0db2825488b2ffc481472c536/execute/async - {"script":"<script> [1562 bytes]","args":[{"selector":{"controlType":"sap.m.Button","viewName":"etm.portal.ui.managehandovers.view.AddNewHO","viewId":"application-managehandovers-display-component---AddNewHO","i18NText":{"propertyName":"text","key":"select"},"searchOpenDialogs":true,"interaction":{"idSuffix":"inner"}},"wdio_ui5_key":"etmportal.ui.managehandovers.view.AddNewHOsap.m.Button{\"propertyName\":\"text\",\"key\":\"select\"}"}]}
COMMAND: GET /session/211805a0db2825488b2ffc481472c536/screenshot - {}
RESULT: {"script":"<script> [1562 bytes]","args":[{"selector":{"controlType":"sap.m.Button","viewName":"etm.portal.ui.managehandovers.view.AddNewHO","viewId":"application-managehandovers-display-component---AddNewHO","i18NText":{"propertyName":"text","key":"select"},"searchOpenDialogs":true,"interaction":{"idSuffix":"inner"}},"wdio_ui5_key":"etmportal.ui.managehandovers.view.AddNewHOsap.m.Button{\"propertyName\":\"text\",\"key\":\"select\"}"}]}
RESULT: undefined
COMMAND: POST /session/211805a0db2825488b2ffc481472c536/element - {"using":"xpath","value":"//*[@id=\"__button176\"]"}
RESULT: {}
RESULT: {"using":"xpath","value":"//*[@id=\"__button176\"]"}
COMMAND: POST /session/211805a0db2825488b2ffc481472c536/element/f.B77A22107D10E5486A044045F14EEE7A.d.E59F302C218C708258B7B464BB7849B7.e.16609/click - {}
RESULT: {}
COMMAND: POST /session/211805a0db2825488b2ffc481472c536/execute/async - {"script":"<script> [1562 bytes]","args":[{"selector":{"id":"application-managehandovers-display-component---AddNewHO--confirmCreationButton","interaction":{"idSuffix":"BDI-content"}},"wdio_ui5_key":"applicationmanagehandovers-display-component---AddNewHO--confirmCreationButton"}]}
COMMAND: GET /session/211805a0db2825488b2ffc481472c536/screenshot - {}
RESULT: {"script":"<script> [1562 bytes]","args":[{"selector":{"id":"application-managehandovers-display-component---AddNewHO--confirmCreationButton","interaction":{"idSuffix":"BDI-content"}},"wdio_ui5_key":"applicationmanagehandovers-display-component---AddNewHO--confirmCreationButton"}]}
RESULT: undefined
COMMAND: POST /session/211805a0db2825488b2ffc481472c536/element - {"using":"xpath","value":"//*[@id=\"application-managehandovers-display-component---AddNewHO--confirmCreationButton\"]"}
RESULT: {}
RESULT: {"using":"xpath","value":"//*[@id=\"application-managehandovers-display-component---AddNewHO--confirmCreationButton\"]"}
COMMAND: POST /session/211805a0db2825488b2ffc481472c536/element/f.B77A22107D10E5486A044045F14EEE7A.d.E59F302C218C708258B7B464BB7849B7.e.16539/click - {}
RESULT: {}
COMMAND: GET /session/211805a0db2825488b2ffc481472c536/screenshot - {}
RESULT: {}
COMMAND: POST /session/211805a0db2825488b2ffc481472c536/element - {"using":"xpath","value":"//a[contains(@data-kt ,\"GeneralSectionReceiveContracttLink\")]"}
RESULT: {"using":"xpath","value":"//a[contains(@data-kt ,\"GeneralSectionReceiveContracttLink\")]"}
COMMAND: POST /session/211805a0db2825488b2ffc481472c536/element/f.B77A22107D10E5486A044045F14EEE7A.d.E59F302C218C708258B7B464BB7849B7.e.16643/click - {}
RESULT: {}
COMMAND: GET /session/211805a0db2825488b2ffc481472c536/screenshot - {}
RESULT: {}
COMMAND: POST /session/211805a0db2825488b2ffc481472c536/element - {"using":"xpath","value":"//a[contains(@data-kt ,\"ContextMenuId2Link\")]"}
RESULT: {"using":"xpath","value":"//a[contains(@data-kt ,\"ContextMenuId2Link\")]"}
COMMAND: POST /session/211805a0db2825488b2ffc481472c536/element/f.B77A22107D10E5486A044045F14EEE7A.d.E59F302C218C708258B7B464BB7849B7.e.16662/click - {}
RESULT: {}
COMMAND: GET /session/211805a0db2825488b2ffc481472c536/screenshot - {}
RESULT: {}
COMMAND: POST /session/211805a0db2825488b2ffc481472c536/execute/async - {"script":"<script> [1562 bytes]","args":[{"selector":{"controlType":"sap.m.ObjectStatus","viewName":"etm.portal.ui.managecontracts.view.Detail","bindingPath":{"propertyPath":"LINK_TO_LOGISTICAL_STATUS/DESCRIPTION","modelName":"catalogModel"}},"wdio_ui5_key":"etmportal.ui.managecontracts.view.Detailsap.m.ObjectStatus{\"propertyPath\":\"LINK_TO_LOGISTICAL_STATUS/DESCRIPTION\",\"modelName\":\"catalogModel\"}"}]}
RESULT: {"script":"<script> [1562 bytes]","args":[{"selector":{"controlType":"sap.m.ObjectStatus","viewName":"etm.portal.ui.managecontracts.view.Detail","bindingPath":{"propertyPath":"LINK_TO_LOGISTICAL_STATUS/DESCRIPTION","modelName":"catalogModel"}},"wdio_ui5_key":"etmportal.ui.managecontracts.view.Detailsap.m.ObjectStatus{\"propertyPath\":\"LINK_TO_LOGISTICAL_STATUS/DESCRIPTION\",\"modelName\":\"catalogModel\"}"}]}
RESULT: undefined
COMMAND: POST /session/211805a0db2825488b2ffc481472c536/execute/async - {"script":"<script> [6424 bytes]","args":[{"element-6066-11e4-a52e-4f735466cecf":"f.B77A22107D10E5486A044045F14EEE7A.d.E59F302C218C708258B7B464BB7849B7.e.16881"},"getText",[]]}
RESULT: {"script":"<script> [6424 bytes]","args":[{"element-6066-11e4-a52e-4f735466cecf":"f.B77A22107D10E5486A044045F14EEE7A.d.E59F302C218C708258B7B464BB7849B7.e.16881"},"getText",[]]}
COMMAND: POST /session/211805a0db2825488b2ffc481472c536/execute/async - {"script":"<script> [1562 bytes]","args":[{"selector":{"controlType":"sap.m.ObjectStatus","viewName":"etm.portal.ui.managecontracts.view.Detail","bindingPath":{"propertyPath":"LINK_TO_COMMERCIAL_STATUS/DESCRIPTION","modelName":"catalogModel"}},"wdio_ui5_key":"etmportal.ui.managecontracts.view.Detailsap.m.ObjectStatus{\"propertyPath\":\"LINK_TO_COMMERCIAL_STATUS/DESCRIPTION\",\"modelName\":\"catalogModel\"}"}]}
RESULT: {"script":"<script> [1562 bytes]","args":[{"selector":{"controlType":"sap.m.ObjectStatus","viewName":"etm.portal.ui.managecontracts.view.Detail","bindingPath":{"propertyPath":"LINK_TO_COMMERCIAL_STATUS/DESCRIPTION","modelName":"catalogModel"}},"wdio_ui5_key":"etmportal.ui.managecontracts.view.Detailsap.m.ObjectStatus{\"propertyPath\":\"LINK_TO_COMMERCIAL_STATUS/DESCRIPTION\",\"modelName\":\"catalogModel\"}"}]}
RESULT: undefined
COMMAND: POST /session/211805a0db2825488b2ffc481472c536/execute/async - {"script":"<script> [6424 bytes]","args":[{"element-6066-11e4-a52e-4f735466cecf":"f.B77A22107D10E5486A044045F14EEE7A.d.E59F302C218C708258B7B464BB7849B7.e.16882"},"getText",[]]}
RESULT: {"script":"<script> [6424 bytes]","args":[{"element-6066-11e4-a52e-4f735466cecf":"f.B77A22107D10E5486A044045F14EEE7A.d.E59F302C218C708258B7B464BB7849B7.e.16882"},"getText",[]]}
COMMAND: POST /session/211805a0db2825488b2ffc481472c536/execute/async - {"script":"<script> [1562 bytes]","args":[{"selector":{"id":"backBtn"},"wdio_ui5_key":"backBtn"}]}
RESULT: {"script":"<script> [1562 bytes]","args":[{"selector":{"id":"backBtn"},"wdio_ui5_key":"backBtn"}]}
RESULT: undefined
COMMAND: POST /session/211805a0db2825488b2ffc481472c536/element - {"using":"xpath","value":"//*[@id=\"backBtn\"]"}
RESULT: {"using":"xpath","value":"//*[@id=\"backBtn\"]"}
COMMAND: POST /session/211805a0db2825488b2ffc481472c536/element/f.B77A22107D10E5486A044045F14EEE7A.d.E59F302C218C708258B7B464BB7849B7.e.16883/click - {}
RESULT: {}
COMMAND: GET /session/211805a0db2825488b2ffc481472c536/screenshot - {}
COMMAND: POST /session/211805a0db2825488b2ffc481472c536/execute/async - {"script":"<script> [1562 bytes]","args":[{"selector":{"controlType":"sap.m.Text","viewName":"etm.portal.ui.managehandovers.view.DetailExecuteHO","bindingPath":{"propertyPath":"NO","modelName":"catalogModel"}},"wdio_ui5_key":"etmportal.ui.managehandovers.view.DetailExecuteHOsap.m.Text{\"propertyPath\":\"NO\",\"modelName\":\"catalogModel\"}"}]}
RESULT: {}
RESULT: {"script":"<script> [1562 bytes]","args":[{"selector":{"controlType":"sap.m.Text","viewName":"etm.portal.ui.managehandovers.view.DetailExecuteHO","bindingPath":{"propertyPath":"NO","modelName":"catalogModel"}},"wdio_ui5_key":"etmportal.ui.managehandovers.view.DetailExecuteHOsap.m.Text{\"propertyPath\":\"NO\",\"modelName\":\"catalogModel\"}"}]}
RESULT: undefined
COMMAND: POST /session/211805a0db2825488b2ffc481472c536/execute/async - {"script":"<script> [6424 bytes]","args":[{"element-6066-11e4-a52e-4f735466cecf":"f.B77A22107D10E5486A044045F14EEE7A.d.E59F302C218C708258B7B464BB7849B7.e.17037"},"getText",[]]}
RESULT: {"script":"<script> [6424 bytes]","args":[{"element-6066-11e4-a52e-4f735466cecf":"f.B77A22107D10E5486A044045F14EEE7A.d.E59F302C218C708258B7B464BB7849B7.e.17037"},"getText",[]]}
COMMAND: POST /session/211805a0db2825488b2ffc481472c536/execute/async - {"script":"<script> [1562 bytes]","args":[{"selector":{"controlType":"sap.m.Button","viewName":"etm.portal.ui.managehandovers.view.DetailExecuteHO","i18NText":{"propertyName":"text","key":"confirmAll"},"interaction":{"idSuffix":"inner"}},"wdio_ui5_key":"etmportal.ui.managehandovers.view.DetailExecuteHOsap.m.Button{\"propertyName\":\"text\",\"key\":\"confirmAll\"}"}]}
RESULT: {"script":"<script> [1562 bytes]","args":[{"selector":{"controlType":"sap.m.Button","viewName":"etm.portal.ui.managehandovers.view.DetailExecuteHO","i18NText":{"propertyName":"text","key":"confirmAll"},"interaction":{"idSuffix":"inner"}},"wdio_ui5_key":"etmportal.ui.managehandovers.view.DetailExecuteHOsap.m.Button{\"propertyName\":\"text\",\"key\":\"confirmAll\"}"}]}
RESULT: undefined
COMMAND: POST /session/211805a0db2825488b2ffc481472c536/element - {"using":"xpath","value":"//*[@id=\"__button259\"]"}
RESULT: {"using":"xpath","value":"//*[@id=\"__button259\"]"}
COMMAND: POST /session/211805a0db2825488b2ffc481472c536/element/f.B77A22107D10E5486A044045F14EEE7A.d.E59F302C218C708258B7B464BB7849B7.e.17039/click - {}
RESULT: {}
COMMAND: GET /session/211805a0db2825488b2ffc481472c536/screenshot - {}
RESULT: {}
COMMAND: POST /session/211805a0db2825488b2ffc481472c536/execute/async - {"script":"<script> [1562 bytes]","args":[{"selector":{"controlType":"sap.m.Button","properties":{"text":"OK"},"searchOpenDialogs":true,"interaction":{"idSuffix":"content"}},"wdio_ui5_key":"sapm.Button{\"text\":\"OK\"}"}]}
RESULT: {"script":"<script> [1562 bytes]","args":[{"selector":{"controlType":"sap.m.Button","properties":{"text":"OK"},"searchOpenDialogs":true,"interaction":{"idSuffix":"content"}},"wdio_ui5_key":"sapm.Button{\"text\":\"OK\"}"}]}
RESULT: undefined
COMMAND: POST /session/211805a0db2825488b2ffc481472c536/element - {"using":"xpath","value":"//*[@id=\"__mbox-btn-2\"]"}
RESULT: {"using":"xpath","value":"//*[@id=\"__mbox-btn-2\"]"}
COMMAND: POST /session/211805a0db2825488b2ffc481472c536/element/f.B77A22107D10E5486A044045F14EEE7A.d.E59F302C218C708258B7B464BB7849B7.e.17042/click - {}
RESULT: {}
COMMAND: GET /session/211805a0db2825488b2ffc481472c536/screenshot - {}
RESULT: {}
COMMAND: POST /session/211805a0db2825488b2ffc481472c536/element - {"using":"xpath","value":"//button[contains(@data-kt ,\"execHoPickFooterButton\")]"}
RESULT: {"using":"xpath","value":"//button[contains(@data-kt ,\"execHoPickFooterButton\")]"}
COMMAND: POST /session/211805a0db2825488b2ffc481472c536/element/f.B77A22107D10E5486A044045F14EEE7A.d.E59F302C218C708258B7B464BB7849B7.e.17045/click - {}
RESULT: {}
COMMAND: GET /session/211805a0db2825488b2ffc481472c536/screenshot - {}
RESULT: {}
COMMAND: POST /session/211805a0db2825488b2ffc481472c536/refresh - {}
RESULT: {}
COMMAND: GET /session/211805a0db2825488b2ffc481472c536/screenshot - {}
RESULT: {}
COMMAND: POST /session/211805a0db2825488b2ffc481472c536/refresh - {}
RESULT: {}
COMMAND: GET /session/211805a0db2825488b2ffc481472c536/screenshot - {}
RESULT: {}
COMMAND: POST /session/211805a0db2825488b2ffc481472c536/window/fullscreen - {}
RESULT: {}
COMMAND: POST /session/211805a0db2825488b2ffc481472c536/execute/async - {"script":"<script> [189 bytes]","args":[]}
RESULT: {"script":"<script> [189 bytes]","args":[]}
COMMAND: POST /session/211805a0db2825488b2ffc481472c536/execute/async - {"script":"<script> [123 bytes]","args":[]}
RESULT: {"script":"<script> [123 bytes]","args":[]}
COMMAND: POST /session/211805a0db2825488b2ffc481472c536/timeouts - {"script":"<number>"}
RESULT: {"script":"<number>"}
COMMAND: GET /session/211805a0db2825488b2ffc481472c536/timeouts - {}
RESULT: {}
RESULT: undefined
COMMAND: POST /session/211805a0db2825488b2ffc481472c536/execute/async - {"script":"<script> [2676 bytes]","args":[]}
RESULT: {"script":"<script> [2676 bytes]","args":[]}
COMMAND: POST /session/211805a0db2825488b2ffc481472c536/execute/async - {"script":"<script> [2342 bytes]","args":[{"protocol":"http","hostname":"0.0.0.0","path":"/","capabilities":{"browserName":"chrome","goog:chromeOptions":{"binary":"C:\\Program Files\\Google\\Chrome\\Application\\chrome.exe","args":["--start-maximized"]}},"logLevel":"warn","connectionRetryTimeout":120000,"connectionRetryCount":3,"logLevels":{},"enableDirectConnect":true,"strictSSL":true,"_":"65 more keys: [\"cacheDir\",\"port\",\"requestedCapabilities\",\"automationProtocol\",\"baseUrl\",\"waitforInterval\",\"waitforTimeout\",\"onReload\",\"beforeCommand\",\"afterCommand\",\"rootDir\",\"specs\",\"suites\",\"exclude\",\"groupLogsByTestSpec\",\"excludeDriverLogs\",\"bail\",\"framework\",\"reporters\",\"services\",\"maxInstances\",\"maxInstancesPerCapability\",\"injectGlobals\",\"filesToWatch\",\"execArgv\",\"runnerEnv\",\"runner\",\"shard\",\"specFileRetries\",\"specFileRetriesDelay\",\"specFileRetriesDeferred\",\"reporterSyncInterval\",\"reporterSyncTimeout\",\"cucumberFeaturesWithLineNumbers\",\"autoCompileOpts\",\"mochaOpts\",\"jasmineOpts\",\"cucumberOpts\",\"onPrepare\",\"onWorkerStart\",\"onWorkerEnd\",\"before\",\"beforeSession\",\"beforeSuite\",\"beforeHook\",\"beforeTest\",\"afterTest\",\"afterHook\",\"afterSuite\",\"afterSession\",\"after\",\"onComplete\",\"beforeAssertion\",\"afterAssertion\",\"beforeFeature\",\"beforeScenario\",\"beforeStep\",\"afterStep\",\"afterScenario\",\"afterFeature\",\"_\",\"suite\",\"$0\",\"ignoredWorkerServices\",\"wdi5\"]"}]}
RESULT: {"script":"<script> [2342 bytes]","args":[{"protocol":"http","hostname":"0.0.0.0","path":"/","capabilities":{"browserName":"chrome","goog:chromeOptions":{"binary":"C:\\Program Files\\Google\\Chrome\\Application\\chrome.exe","args":["--start-maximized"]}},"logLevel":"warn","connectionRetryTimeout":120000,"connectionRetryCount":3,"logLevels":{},"enableDirectConnect":true,"strictSSL":true,"_":"65 more keys: [\"cacheDir\",\"port\",\"requestedCapabilities\",\"automationProtocol\",\"baseUrl\",\"waitforInterval\",\"waitforTimeout\",\"onReload\",\"beforeCommand\",\"afterCommand\",\"rootDir\",\"specs\",\"suites\",\"exclude\",\"groupLogsByTestSpec\",\"excludeDriverLogs\",\"bail\",\"framework\",\"reporters\",\"services\",\"maxInstances\",\"maxInstancesPerCapability\",\"injectGlobals\",\"filesToWatch\",\"execArgv\",\"runnerEnv\",\"runner\",\"shard\",\"specFileRetries\",\"specFileRetriesDelay\",\"specFileRetriesDeferred\",\"reporterSyncInterval\",\"reporterSyncTimeout\",\"cucumberFeaturesWithLineNumbers\",\"autoCompileOpts\",\"mochaOpts\",\"jasmineOpts\",\"cucumberOpts\",\"onPrepare\",\"onWorkerStart\",\"onWorkerEnd\",\"before\",\"beforeSession\",\"beforeSuite\",\"beforeHook\",\"beforeTest\",\"afterTest\",\"afterHook\",\"afterSuite\",\"afterSession\",\"after\",\"onComplete\",\"beforeAssertion\",\"afterAssertion\",\"beforeFeature\",\"beforeScenario\",\"beforeStep\",\"afterStep\",\"afterScenario\",\"afterFeature\",\"_\",\"suite\",\"$0\",\"ignoredWorkerServices\",\"wdi5\"]"}]}
COMMAND: POST /session/211805a0db2825488b2ffc481472c536/execute/async - {"script":"<script> [21126 bytes]","args":[35000]}
RESULT: {"script":"<script> [21126 bytes]","args":[35000]}
COMMAND: POST /session/211805a0db2825488b2ffc481472c536/execute/async - {"script":"<script> [1562 bytes]","args":[{"selector":{"controlType":"sap.m.SearchField","viewName":"etm.portal.ui.managehandovers.view.MasterHO","bindingPath":{"path":"","propertyPath":"/_BASIC_SEARCH_FIELD","modelName":"fi1t3rM0d31"},"interaction":{"idSuffix":"I"}},"wdio_ui5_key":"etmportal.ui.managehandovers.view.MasterHOsap.m.SearchField{\"path\":\"\",\"propertyPath\":\"/_BASIC_SEARCH_FIELD\",\"modelName\":\"fi1t3rM0d31\"}"}]}
RESULT: {"script":"<script> [1562 bytes]","args":[{"selector":{"controlType":"sap.m.SearchField","viewName":"etm.portal.ui.managehandovers.view.MasterHO","bindingPath":{"path":"","propertyPath":"/_BASIC_SEARCH_FIELD","modelName":"fi1t3rM0d31"},"interaction":{"idSuffix":"I"}},"wdio_ui5_key":"etmportal.ui.managehandovers.view.MasterHOsap.m.SearchField{\"path\":\"\",\"propertyPath\":\"/_BASIC_SEARCH_FIELD\",\"modelName\":\"fi1t3rM0d31\"}"}]}
RESULT: undefined
COMMAND: POST /session/211805a0db2825488b2ffc481472c536/execute/async - {"script":"<script> [776 bytes]","args":[{"enterText":"30760","selector":{"controlType":"sap.m.SearchField","viewName":"etm.portal.ui.managehandovers.view.MasterHO","bindingPath":{"path":"","propertyPath":"/_BASIC_SEARCH_FIELD","modelName":"fi1t3rM0d31"},"interaction":{"idSuffix":"I"}},"clearTextFirst":true,"interactionType":"ENTER_TEXT"}]}
RESULT: {"script":"<script> [776 bytes]","args":[{"enterText":"30760","selector":{"controlType":"sap.m.SearchField","viewName":"etm.portal.ui.managehandovers.view.MasterHO","bindingPath":{"path":"","propertyPath":"/_BASIC_SEARCH_FIELD","modelName":"fi1t3rM0d31"},"interaction":{"idSuffix":"I"}},"clearTextFirst":true,"interactionType":"ENTER_TEXT"}]}
COMMAND: POST /session/211805a0db2825488b2ffc481472c536/actions - {"actions":[{"id":"action82","type":"key","parameters":{},"actions":[{"type":"keyDown","value":"î€‡"},{"type":"pause","duration":10},{"type":"keyUp","value":"î€‡"}]}]}
RESULT: {"actions":[{"id":"action82","type":"key","parameters":{},"actions":[{"type":"keyDown","value":"î€‡"},{"type":"pause","duration":10},{"type":"keyUp","value":"î€‡"}]}]}
COMMAND: GET /session/211805a0db2825488b2ffc481472c536/screenshot - {}
RESULT: {}
COMMAND: POST /session/211805a0db2825488b2ffc481472c536/execute/async - {"script":"<script> [1562 bytes]","args":[{"selector":{"controlType":"sap.m.Title","viewName":"etm.portal.ui.managehandovers.view.MasterHO","properties":{"text":"Records (1)"}},"wdio_ui5_key":"etmportal.ui.managehandovers.view.MasterHOsap.m.Title{\"text\":\"Records (1)\"}"}]}
RESULT: {"script":"<script> [1562 bytes]","args":[{"selector":{"controlType":"sap.m.Title","viewName":"etm.portal.ui.managehandovers.view.MasterHO","properties":{"text":"Records (1)"}},"wdio_ui5_key":"etmportal.ui.managehandovers.view.MasterHOsap.m.Title{\"text\":\"Records (1)\"}"}]}
RESULT: undefined
COMMAND: POST /session/211805a0db2825488b2ffc481472c536/execute/async - {"script":"<script> [6424 bytes]","args":[{"element-6066-11e4-a52e-4f735466cecf":"f.B77A22107D10E5486A044045F14EEE7A.d.9CFF3B2996CFA37AB8B35A40AFDE1BBB.e.17308"},"getText",[]]}
RESULT: {"script":"<script> [6424 bytes]","args":[{"element-6066-11e4-a52e-4f735466cecf":"f.B77A22107D10E5486A044045F14EEE7A.d.9CFF3B2996CFA37AB8B35A40AFDE1BBB.e.17308"},"getText",[]]}
COMMAND: POST /session/211805a0db2825488b2ffc481472c536/execute/async - {"script":"<script> [1562 bytes]","args":[{"selector":{"controlType":"sap.ui.core.Icon","viewName":"etm.portal.ui.managehandovers.view.MasterHO","properties":{"src":{"regex":{"source":"slim\\-arrow\\-right"}}}},"wdio_ui5_key":"etmportal.ui.managehandovers.view.MasterHOsap.ui.core.Icon{\"src\":{\"regex\":{\"source\":\"slim\\\\-arrow\\\\-right\"}}}"}]}
RESULT: {"script":"<script> [1562 bytes]","args":[{"selector":{"controlType":"sap.ui.core.Icon","viewName":"etm.portal.ui.managehandovers.view.MasterHO","properties":{"src":{"regex":{"source":"slim\\-arrow\\-right"}}}},"wdio_ui5_key":"etmportal.ui.managehandovers.view.MasterHOsap.ui.core.Icon{\"src\":{\"regex\":{\"source\":\"slim\\\\-arrow\\\\-right\"}}}"}]}
RESULT: undefined
COMMAND: POST /session/211805a0db2825488b2ffc481472c536/element - {"using":"xpath","value":"//*[@id=\"__item18-__clone16-imgNav\"]"}
RESULT: {"using":"xpath","value":"//*[@id=\"__item18-__clone16-imgNav\"]"}
COMMAND: POST /session/211805a0db2825488b2ffc481472c536/element/f.B77A22107D10E5486A044045F14EEE7A.d.9CFF3B2996CFA37AB8B35A40AFDE1BBB.e.17307/click - {}
RESULT: {}
COMMAND: GET /session/211805a0db2825488b2ffc481472c536/screenshot - {}
RESULT: {}
COMMAND: POST /session/211805a0db2825488b2ffc481472c536/element - {"using":"xpath","value":"//a[contains(@data-kt ,\"GeneralSectionReceiveContracttLink\")]"}
RESULT: {"using":"xpath","value":"//a[contains(@data-kt ,\"GeneralSectionReceiveContracttLink\")]"}
COMMAND: POST /session/211805a0db2825488b2ffc481472c536/element/f.B77A22107D10E5486A044045F14EEE7A.d.9CFF3B2996CFA37AB8B35A40AFDE1BBB.e.17408/click - {}
RESULT: {}
COMMAND: GET /session/211805a0db2825488b2ffc481472c536/screenshot - {}
RESULT: {}
COMMAND: POST /session/211805a0db2825488b2ffc481472c536/element - {"using":"xpath","value":"//a[contains(@data-kt ,\"ContextMenuId2Link\")]"}
RESULT: {"using":"xpath","value":"//a[contains(@data-kt ,\"ContextMenuId2Link\")]"}
COMMAND: POST /session/211805a0db2825488b2ffc481472c536/element/f.B77A22107D10E5486A044045F14EEE7A.d.9CFF3B2996CFA37AB8B35A40AFDE1BBB.e.17415/click - {}
RESULT: {}
COMMAND: GET /session/211805a0db2825488b2ffc481472c536/screenshot - {}
RESULT: {}
COMMAND: POST /session/211805a0db2825488b2ffc481472c536/execute/async - {"script":"<script> [1562 bytes]","args":[{"selector":{"controlType":"sap.m.ObjectStatus","viewName":"etm.portal.ui.managecontracts.view.Detail","bindingPath":{"propertyPath":"LINK_TO_LOGISTICAL_STATUS/DESCRIPTION","modelName":"catalogModel"}},"wdio_ui5_key":"etmportal.ui.managecontracts.view.Detailsap.m.ObjectStatus{\"propertyPath\":\"LINK_TO_LOGISTICAL_STATUS/DESCRIPTION\",\"modelName\":\"catalogModel\"}"}]}
RESULT: {"script":"<script> [1562 bytes]","args":[{"selector":{"controlType":"sap.m.ObjectStatus","viewName":"etm.portal.ui.managecontracts.view.Detail","bindingPath":{"propertyPath":"LINK_TO_LOGISTICAL_STATUS/DESCRIPTION","modelName":"catalogModel"}},"wdio_ui5_key":"etmportal.ui.managecontracts.view.Detailsap.m.ObjectStatus{\"propertyPath\":\"LINK_TO_LOGISTICAL_STATUS/DESCRIPTION\",\"modelName\":\"catalogModel\"}"}]}
RESULT: undefined
COMMAND: POST /session/211805a0db2825488b2ffc481472c536/execute/async - {"script":"<script> [6424 bytes]","args":[{"element-6066-11e4-a52e-4f735466cecf":"f.B77A22107D10E5486A044045F14EEE7A.d.9CFF3B2996CFA37AB8B35A40AFDE1BBB.e.17639"},"getText",[]]}
RESULT: {"script":"<script> [6424 bytes]","args":[{"element-6066-11e4-a52e-4f735466cecf":"f.B77A22107D10E5486A044045F14EEE7A.d.9CFF3B2996CFA37AB8B35A40AFDE1BBB.e.17639"},"getText",[]]}
COMMAND: POST /session/211805a0db2825488b2ffc481472c536/execute/async - {"script":"<script> [1562 bytes]","args":[{"selector":{"controlType":"sap.m.ObjectStatus","viewName":"etm.portal.ui.managecontracts.view.Detail","bindingPath":{"propertyPath":"LINK_TO_COMMERCIAL_STATUS/DESCRIPTION","modelName":"catalogModel"}},"wdio_ui5_key":"etmportal.ui.managecontracts.view.Detailsap.m.ObjectStatus{\"propertyPath\":\"LINK_TO_COMMERCIAL_STATUS/DESCRIPTION\",\"modelName\":\"catalogModel\"}"}]}
RESULT: {"script":"<script> [1562 bytes]","args":[{"selector":{"controlType":"sap.m.ObjectStatus","viewName":"etm.portal.ui.managecontracts.view.Detail","bindingPath":{"propertyPath":"LINK_TO_COMMERCIAL_STATUS/DESCRIPTION","modelName":"catalogModel"}},"wdio_ui5_key":"etmportal.ui.managecontracts.view.Detailsap.m.ObjectStatus{\"propertyPath\":\"LINK_TO_COMMERCIAL_STATUS/DESCRIPTION\",\"modelName\":\"catalogModel\"}"}]}
RESULT: undefined
COMMAND: POST /session/211805a0db2825488b2ffc481472c536/execute/async - {"script":"<script> [6424 bytes]","args":[{"element-6066-11e4-a52e-4f735466cecf":"f.B77A22107D10E5486A044045F14EEE7A.d.9CFF3B2996CFA37AB8B35A40AFDE1BBB.e.17640"},"getText",[]]}
RESULT: {"script":"<script> [6424 bytes]","args":[{"element-6066-11e4-a52e-4f735466cecf":"f.B77A22107D10E5486A044045F14EEE7A.d.9CFF3B2996CFA37AB8B35A40AFDE1BBB.e.17640"},"getText",[]]}
COMMAND: POST /session/211805a0db2825488b2ffc481472c536/execute/async - {"script":"<script> [1562 bytes]","args":[{"selector":{"id":"backBtn"},"wdio_ui5_key":"backBtn"}]}
RESULT: {"script":"<script> [1562 bytes]","args":[{"selector":{"id":"backBtn"},"wdio_ui5_key":"backBtn"}]}
RESULT: undefined
COMMAND: POST /session/211805a0db2825488b2ffc481472c536/element - {"using":"xpath","value":"//*[@id=\"backBtn\"]"}
RESULT: {"using":"xpath","value":"//*[@id=\"backBtn\"]"}
COMMAND: POST /session/211805a0db2825488b2ffc481472c536/element/f.B77A22107D10E5486A044045F14EEE7A.d.9CFF3B2996CFA37AB8B35A40AFDE1BBB.e.17641/click - {}
RESULT: {}
COMMAND: GET /session/211805a0db2825488b2ffc481472c536/screenshot - {}
RESULT: {}
COMMAND: POST /session/211805a0db2825488b2ffc481472c536/execute/async - {"script":"<script> [1562 bytes]","args":[{"selector":{"controlType":"sap.m.Button","viewName":"etm.portal.ui.managehandovers.view.DetailExecuteHO","i18NText":{"propertyName":"text","key":"confirmAll"},"interaction":{"idSuffix":"BDI-content"}},"wdio_ui5_key":"etmportal.ui.managehandovers.view.DetailExecuteHOsap.m.Button{\"propertyName\":\"text\",\"key\":\"confirmAll\"}"}]}
RESULT: {"script":"<script> [1562 bytes]","args":[{"selector":{"controlType":"sap.m.Button","viewName":"etm.portal.ui.managehandovers.view.DetailExecuteHO","i18NText":{"propertyName":"text","key":"confirmAll"},"interaction":{"idSuffix":"BDI-content"}},"wdio_ui5_key":"etmportal.ui.managehandovers.view.DetailExecuteHOsap.m.Button{\"propertyName\":\"text\",\"key\":\"confirmAll\"}"}]}
RESULT: undefined
COMMAND: POST /session/211805a0db2825488b2ffc481472c536/element - {"using":"xpath","value":"//*[@id=\"__button84\"]"}
RESULT: {"using":"xpath","value":"//*[@id=\"__button84\"]"}
COMMAND: POST /session/211805a0db2825488b2ffc481472c536/element/f.B77A22107D10E5486A044045F14EEE7A.d.9CFF3B2996CFA37AB8B35A40AFDE1BBB.e.17964/click - {}
RESULT: {}
COMMAND: GET /session/211805a0db2825488b2ffc481472c536/screenshot - {}
RESULT: {}
COMMAND: POST /session/211805a0db2825488b2ffc481472c536/execute/async - {"script":"<script> [1562 bytes]","args":[{"selector":{"controlType":"sap.m.Button","properties":{"text":"OK"},"searchOpenDialogs":true,"interaction":{"idSuffix":"inner"}},"wdio_ui5_key":"sapm.Button{\"text\":\"OK\"}"}]}
RESULT: {"script":"<script> [1562 bytes]","args":[{"selector":{"controlType":"sap.m.Button","properties":{"text":"OK"},"searchOpenDialogs":true,"interaction":{"idSuffix":"inner"}},"wdio_ui5_key":"sapm.Button{\"text\":\"OK\"}"}]}
RESULT: undefined
COMMAND: POST /session/211805a0db2825488b2ffc481472c536/element - {"using":"xpath","value":"//*[@id=\"__mbox-btn-0\"]"}
RESULT: {"using":"xpath","value":"//*[@id=\"__mbox-btn-0\"]"}
COMMAND: POST /session/211805a0db2825488b2ffc481472c536/element/f.B77A22107D10E5486A044045F14EEE7A.d.9CFF3B2996CFA37AB8B35A40AFDE1BBB.e.17968/click - {}
RESULT: {}
COMMAND: GET /session/211805a0db2825488b2ffc481472c536/screenshot - {}
RESULT: {}
COMMAND: POST /session/211805a0db2825488b2ffc481472c536/element - {"using":"xpath","value":"//button[contains(@data-kt ,\"execHoIssueFooterButton\")]"}
RESULT: {"using":"xpath","value":"//button[contains(@data-kt ,\"execHoIssueFooterButton\")]"}
COMMAND: POST /session/211805a0db2825488b2ffc481472c536/element/f.B77A22107D10E5486A044045F14EEE7A.d.9CFF3B2996CFA37AB8B35A40AFDE1BBB.e.17971/click - {}
RESULT: {}
COMMAND: GET /session/211805a0db2825488b2ffc481472c536/screenshot - {}
RESULT: {}
COMMAND: POST /session/211805a0db2825488b2ffc481472c536/refresh - {}
RESULT: {}
COMMAND: GET /session/211805a0db2825488b2ffc481472c536/screenshot - {}
RESULT: {}
COMMAND: POST /session/211805a0db2825488b2ffc481472c536/refresh - {}
RESULT: {}
COMMAND: GET /session/211805a0db2825488b2ffc481472c536/screenshot - {}
RESULT: {}
COMMAND: POST /session/211805a0db2825488b2ffc481472c536/window/fullscreen - {}
RESULT: {}
COMMAND: POST /session/211805a0db2825488b2ffc481472c536/execute/async - {"script":"<script> [189 bytes]","args":[]}
RESULT: {"script":"<script> [189 bytes]","args":[]}
COMMAND: POST /session/211805a0db2825488b2ffc481472c536/execute/async - {"script":"<script> [123 bytes]","args":[]}
RESULT: {"script":"<script> [123 bytes]","args":[]}
COMMAND: POST /session/211805a0db2825488b2ffc481472c536/timeouts - {"script":"<number>"}
RESULT: {"script":"<number>"}
COMMAND: GET /session/211805a0db2825488b2ffc481472c536/timeouts - {}
RESULT: {}
RESULT: undefined
COMMAND: POST /session/211805a0db2825488b2ffc481472c536/execute/async - {"script":"<script> [2676 bytes]","args":[]}
RESULT: {"script":"<script> [2676 bytes]","args":[]}
COMMAND: POST /session/211805a0db2825488b2ffc481472c536/execute/async - {"script":"<script> [2342 bytes]","args":[{"protocol":"http","hostname":"0.0.0.0","path":"/","capabilities":{"browserName":"chrome","goog:chromeOptions":{"binary":"C:\\Program Files\\Google\\Chrome\\Application\\chrome.exe","args":["--start-maximized"]}},"logLevel":"warn","connectionRetryTimeout":120000,"connectionRetryCount":3,"logLevels":{},"enableDirectConnect":true,"strictSSL":true,"_":"65 more keys: [\"cacheDir\",\"port\",\"requestedCapabilities\",\"automationProtocol\",\"baseUrl\",\"waitforInterval\",\"waitforTimeout\",\"onReload\",\"beforeCommand\",\"afterCommand\",\"rootDir\",\"specs\",\"suites\",\"exclude\",\"groupLogsByTestSpec\",\"excludeDriverLogs\",\"bail\",\"framework\",\"reporters\",\"services\",\"maxInstances\",\"maxInstancesPerCapability\",\"injectGlobals\",\"filesToWatch\",\"execArgv\",\"runnerEnv\",\"runner\",\"shard\",\"specFileRetries\",\"specFileRetriesDelay\",\"specFileRetriesDeferred\",\"reporterSyncInterval\",\"reporterSyncTimeout\",\"cucumberFeaturesWithLineNumbers\",\"autoCompileOpts\",\"mochaOpts\",\"jasmineOpts\",\"cucumberOpts\",\"onPrepare\",\"onWorkerStart\",\"onWorkerEnd\",\"before\",\"beforeSession\",\"beforeSuite\",\"beforeHook\",\"beforeTest\",\"afterTest\",\"afterHook\",\"afterSuite\",\"afterSession\",\"after\",\"onComplete\",\"beforeAssertion\",\"afterAssertion\",\"beforeFeature\",\"beforeScenario\",\"beforeStep\",\"afterStep\",\"afterScenario\",\"afterFeature\",\"_\",\"suite\",\"$0\",\"ignoredWorkerServices\",\"wdi5\"]"}]}
RESULT: {"script":"<script> [2342 bytes]","args":[{"protocol":"http","hostname":"0.0.0.0","path":"/","capabilities":{"browserName":"chrome","goog:chromeOptions":{"binary":"C:\\Program Files\\Google\\Chrome\\Application\\chrome.exe","args":["--start-maximized"]}},"logLevel":"warn","connectionRetryTimeout":120000,"connectionRetryCount":3,"logLevels":{},"enableDirectConnect":true,"strictSSL":true,"_":"65 more keys: [\"cacheDir\",\"port\",\"requestedCapabilities\",\"automationProtocol\",\"baseUrl\",\"waitforInterval\",\"waitforTimeout\",\"onReload\",\"beforeCommand\",\"afterCommand\",\"rootDir\",\"specs\",\"suites\",\"exclude\",\"groupLogsByTestSpec\",\"excludeDriverLogs\",\"bail\",\"framework\",\"reporters\",\"services\",\"maxInstances\",\"maxInstancesPerCapability\",\"injectGlobals\",\"filesToWatch\",\"execArgv\",\"runnerEnv\",\"runner\",\"shard\",\"specFileRetries\",\"specFileRetriesDelay\",\"specFileRetriesDeferred\",\"reporterSyncInterval\",\"reporterSyncTimeout\",\"cucumberFeaturesWithLineNumbers\",\"autoCompileOpts\",\"mochaOpts\",\"jasmineOpts\",\"cucumberOpts\",\"onPrepare\",\"onWorkerStart\",\"onWorkerEnd\",\"before\",\"beforeSession\",\"beforeSuite\",\"beforeHook\",\"beforeTest\",\"afterTest\",\"afterHook\",\"afterSuite\",\"afterSession\",\"after\",\"onComplete\",\"beforeAssertion\",\"afterAssertion\",\"beforeFeature\",\"beforeScenario\",\"beforeStep\",\"afterStep\",\"afterScenario\",\"afterFeature\",\"_\",\"suite\",\"$0\",\"ignoredWorkerServices\",\"wdi5\"]"}]}
COMMAND: POST /session/211805a0db2825488b2ffc481472c536/execute/async - {"script":"<script> [21126 bytes]","args":[35000]}
RESULT: {"script":"<script> [21126 bytes]","args":[35000]}
COMMAND: POST /session/211805a0db2825488b2ffc481472c536/execute/async - {"script":"<script> [1562 bytes]","args":[{"selector":{"controlType":"sap.m.SearchField","viewName":"etm.portal.ui.managehandovers.view.MasterHO","bindingPath":{"path":"","propertyPath":"/_BASIC_SEARCH_FIELD","modelName":"fi1t3rM0d31"},"interaction":{"idSuffix":"I"}},"wdio_ui5_key":"etmportal.ui.managehandovers.view.MasterHOsap.m.SearchField{\"path\":\"\",\"propertyPath\":\"/_BASIC_SEARCH_FIELD\",\"modelName\":\"fi1t3rM0d31\"}"}]}
RESULT: {"script":"<script> [1562 bytes]","args":[{"selector":{"controlType":"sap.m.SearchField","viewName":"etm.portal.ui.managehandovers.view.MasterHO","bindingPath":{"path":"","propertyPath":"/_BASIC_SEARCH_FIELD","modelName":"fi1t3rM0d31"},"interaction":{"idSuffix":"I"}},"wdio_ui5_key":"etmportal.ui.managehandovers.view.MasterHOsap.m.SearchField{\"path\":\"\",\"propertyPath\":\"/_BASIC_SEARCH_FIELD\",\"modelName\":\"fi1t3rM0d31\"}"}]}
RESULT: undefined
COMMAND: POST /session/211805a0db2825488b2ffc481472c536/execute/async - {"script":"<script> [776 bytes]","args":[{"enterText":"30760","selector":{"controlType":"sap.m.SearchField","viewName":"etm.portal.ui.managehandovers.view.MasterHO","bindingPath":{"path":"","propertyPath":"/_BASIC_SEARCH_FIELD","modelName":"fi1t3rM0d31"},"interaction":{"idSuffix":"I"}},"clearTextFirst":true,"interactionType":"ENTER_TEXT"}]}
RESULT: {"script":"<script> [776 bytes]","args":[{"enterText":"30760","selector":{"controlType":"sap.m.SearchField","viewName":"etm.portal.ui.managehandovers.view.MasterHO","bindingPath":{"path":"","propertyPath":"/_BASIC_SEARCH_FIELD","modelName":"fi1t3rM0d31"},"interaction":{"idSuffix":"I"}},"clearTextFirst":true,"interactionType":"ENTER_TEXT"}]}
COMMAND: POST /session/211805a0db2825488b2ffc481472c536/actions - {"actions":[{"id":"action83","type":"key","parameters":{},"actions":[{"type":"keyDown","value":"î€‡"},{"type":"pause","duration":10},{"type":"keyUp","value":"î€‡"}]}]}
RESULT: {"actions":[{"id":"action83","type":"key","parameters":{},"actions":[{"type":"keyDown","value":"î€‡"},{"type":"pause","duration":10},{"type":"keyUp","value":"î€‡"}]}]}
COMMAND: GET /session/211805a0db2825488b2ffc481472c536/screenshot - {}
RESULT: {}
COMMAND: POST /session/211805a0db2825488b2ffc481472c536/execute/async - {"script":"<script> [1562 bytes]","args":[{"selector":{"controlType":"sap.m.Title","viewName":"etm.portal.ui.managehandovers.view.MasterHO","properties":{"text":"Records (1)"}},"wdio_ui5_key":"etmportal.ui.managehandovers.view.MasterHOsap.m.Title{\"text\":\"Records (1)\"}"}]}
RESULT: {"script":"<script> [1562 bytes]","args":[{"selector":{"controlType":"sap.m.Title","viewName":"etm.portal.ui.managehandovers.view.MasterHO","properties":{"text":"Records (1)"}},"wdio_ui5_key":"etmportal.ui.managehandovers.view.MasterHOsap.m.Title{\"text\":\"Records (1)\"}"}]}
RESULT: undefined
COMMAND: POST /session/211805a0db2825488b2ffc481472c536/execute/async - {"script":"<script> [6424 bytes]","args":[{"element-6066-11e4-a52e-4f735466cecf":"f.B77A22107D10E5486A044045F14EEE7A.d.EC922A9BA15669A93AEE25BEA7BEDEE8.e.18155"},"getText",[]]}
RESULT: {"script":"<script> [6424 bytes]","args":[{"element-6066-11e4-a52e-4f735466cecf":"f.B77A22107D10E5486A044045F14EEE7A.d.EC922A9BA15669A93AEE25BEA7BEDEE8.e.18155"},"getText",[]]}
COMMAND: POST /session/211805a0db2825488b2ffc481472c536/execute/async - {"script":"<script> [1562 bytes]","args":[{"selector":{"controlType":"sap.ui.core.Icon","viewName":"etm.portal.ui.managehandovers.view.MasterHO","properties":{"src":{"regex":{"source":"slim\\-arrow\\-right"}}}},"wdio_ui5_key":"etmportal.ui.managehandovers.view.MasterHOsap.ui.core.Icon{\"src\":{\"regex\":{\"source\":\"slim\\\\-arrow\\\\-right\"}}}"}]}
RESULT: {"script":"<script> [1562 bytes]","args":[{"selector":{"controlType":"sap.ui.core.Icon","viewName":"etm.portal.ui.managehandovers.view.MasterHO","properties":{"src":{"regex":{"source":"slim\\-arrow\\-right"}}}},"wdio_ui5_key":"etmportal.ui.managehandovers.view.MasterHOsap.ui.core.Icon{\"src\":{\"regex\":{\"source\":\"slim\\\\-arrow\\\\-right\"}}}"}]}
RESULT: undefined
COMMAND: POST /session/211805a0db2825488b2ffc481472c536/element - {"using":"xpath","value":"//*[@id=\"__item30-__clone16-imgNav\"]"}
RESULT: {"using":"xpath","value":"//*[@id=\"__item30-__clone16-imgNav\"]"}
COMMAND: POST /session/211805a0db2825488b2ffc481472c536/element/f.B77A22107D10E5486A044045F14EEE7A.d.EC922A9BA15669A93AEE25BEA7BEDEE8.e.18154/click - {}
RESULT: {}
COMMAND: GET /session/211805a0db2825488b2ffc481472c536/screenshot - {}
RESULT: {}
COMMAND: POST /session/211805a0db2825488b2ffc481472c536/execute/async - {"script":"<script> [1562 bytes]","args":[{"selector":{"controlType":"sap.m.ObjectStatus","viewName":"etm.portal.ui.managehandovers.view.DetailExecuteHO","labelFor":{"text":"Status"}},"wdio_ui5_key":"etmportal.ui.managehandovers.view.DetailExecuteHOsap.m.ObjectStatus{\"text\":\"Status\"}"}]}
RESULT: {"script":"<script> [1562 bytes]","args":[{"selector":{"controlType":"sap.m.ObjectStatus","viewName":"etm.portal.ui.managehandovers.view.DetailExecuteHO","labelFor":{"text":"Status"}},"wdio_ui5_key":"etmportal.ui.managehandovers.view.DetailExecuteHOsap.m.ObjectStatus{\"text\":\"Status\"}"}]}
RESULT: undefined
COMMAND: POST /session/211805a0db2825488b2ffc481472c536/execute/async - {"script":"<script> [6424 bytes]","args":[{"element-6066-11e4-a52e-4f735466cecf":"f.B77A22107D10E5486A044045F14EEE7A.d.EC922A9BA15669A93AEE25BEA7BEDEE8.e.18253"},"getText",[]]}
RESULT: {"script":"<script> [6424 bytes]","args":[{"element-6066-11e4-a52e-4f735466cecf":"f.B77A22107D10E5486A044045F14EEE7A.d.EC922A9BA15669A93AEE25BEA7BEDEE8.e.18253"},"getText",[]]}
COMMAND: POST /session/211805a0db2825488b2ffc481472c536/execute/async - {"script":"<script> [1562 bytes]","args":[{"selector":{"controlType":"sap.m.Button","viewName":"etm.portal.ui.managehandovers.view.DetailExecuteHO","i18NText":{"propertyName":"text","key":"confirmAll"},"interaction":{"idSuffix":"BDI-content"}},"wdio_ui5_key":"etmportal.ui.managehandovers.view.DetailExecuteHOsap.m.Button{\"propertyName\":\"text\",\"key\":\"confirmAll\"}"}]}
RESULT: {"script":"<script> [1562 bytes]","args":[{"selector":{"controlType":"sap.m.Button","viewName":"etm.portal.ui.managehandovers.view.DetailExecuteHO","i18NText":{"propertyName":"text","key":"confirmAll"},"interaction":{"idSuffix":"BDI-content"}},"wdio_ui5_key":"etmportal.ui.managehandovers.view.DetailExecuteHOsap.m.Button{\"propertyName\":\"text\",\"key\":\"confirmAll\"}"}]}
RESULT: undefined
COMMAND: POST /session/211805a0db2825488b2ffc481472c536/element - {"using":"xpath","value":"//*[@id=\"__button30\"]"}
RESULT: {"using":"xpath","value":"//*[@id=\"__button30\"]"}
COMMAND: POST /session/211805a0db2825488b2ffc481472c536/element/f.B77A22107D10E5486A044045F14EEE7A.d.EC922A9BA15669A93AEE25BEA7BEDEE8.e.18257/click - {}
RESULT: {}
COMMAND: GET /session/211805a0db2825488b2ffc481472c536/screenshot - {}
RESULT: {}
COMMAND: POST /session/211805a0db2825488b2ffc481472c536/execute/async - {"script":"<script> [1562 bytes]","args":[{"selector":{"controlType":"sap.m.Button","properties":{"text":"OK"},"searchOpenDialogs":true,"interaction":{"idSuffix":"BDI-content"}},"wdio_ui5_key":"sapm.Button{\"text\":\"OK\"}"}]}
RESULT: {"script":"<script> [1562 bytes]","args":[{"selector":{"controlType":"sap.m.Button","properties":{"text":"OK"},"searchOpenDialogs":true,"interaction":{"idSuffix":"BDI-content"}},"wdio_ui5_key":"sapm.Button{\"text\":\"OK\"}"}]}
RESULT: undefined
COMMAND: POST /session/211805a0db2825488b2ffc481472c536/element - {"using":"xpath","value":"//*[@id=\"__mbox-btn-0\"]"}
RESULT: {"using":"xpath","value":"//*[@id=\"__mbox-btn-0\"]"}
COMMAND: POST /session/211805a0db2825488b2ffc481472c536/element/f.B77A22107D10E5486A044045F14EEE7A.d.EC922A9BA15669A93AEE25BEA7BEDEE8.e.18258/click - {}
RESULT: {}
COMMAND: GET /session/211805a0db2825488b2ffc481472c536/screenshot - {}
RESULT: {}
COMMAND: POST /session/211805a0db2825488b2ffc481472c536/element - {"using":"xpath","value":"//button[contains(@data-kt ,\"execHoReceiveFooterButton\")]"}
RESULT: {"using":"xpath","value":"//button[contains(@data-kt ,\"execHoReceiveFooterButton\")]"}
COMMAND: POST /session/211805a0db2825488b2ffc481472c536/element/f.B77A22107D10E5486A044045F14EEE7A.d.EC922A9BA15669A93AEE25BEA7BEDEE8.e.18212/click - {}
RESULT: {}
COMMAND: GET /session/211805a0db2825488b2ffc481472c536/screenshot - {}
RESULT: {}
COMMAND: POST /session/211805a0db2825488b2ffc481472c536/refresh - {}
RESULT: {}
COMMAND: GET /session/211805a0db2825488b2ffc481472c536/screenshot - {}
RESULT: {}
COMMAND: POST /session/211805a0db2825488b2ffc481472c536/refresh - {}
RESULT: {}
COMMAND: GET /session/211805a0db2825488b2ffc481472c536/screenshot - {}
RESULT: {}
COMMAND: POST /session/211805a0db2825488b2ffc481472c536/window/fullscreen - {}
RESULT: {}
COMMAND: POST /session/211805a0db2825488b2ffc481472c536/execute/async - {"script":"<script> [189 bytes]","args":[]}
RESULT: {"script":"<script> [189 bytes]","args":[]}
COMMAND: POST /session/211805a0db2825488b2ffc481472c536/execute/async - {"script":"<script> [123 bytes]","args":[]}
RESULT: {"script":"<script> [123 bytes]","args":[]}
COMMAND: POST /session/211805a0db2825488b2ffc481472c536/timeouts - {"script":"<number>"}
RESULT: {"script":"<number>"}
COMMAND: GET /session/211805a0db2825488b2ffc481472c536/timeouts - {}
RESULT: {}
RESULT: undefined
COMMAND: POST /session/211805a0db2825488b2ffc481472c536/execute/async - {"script":"<script> [2676 bytes]","args":[]}
RESULT: {"script":"<script> [2676 bytes]","args":[]}
COMMAND: POST /session/211805a0db2825488b2ffc481472c536/execute/async - {"script":"<script> [2342 bytes]","args":[{"protocol":"http","hostname":"0.0.0.0","path":"/","capabilities":{"browserName":"chrome","goog:chromeOptions":{"binary":"C:\\Program Files\\Google\\Chrome\\Application\\chrome.exe","args":["--start-maximized"]}},"logLevel":"warn","connectionRetryTimeout":120000,"connectionRetryCount":3,"logLevels":{},"enableDirectConnect":true,"strictSSL":true,"_":"65 more keys: [\"cacheDir\",\"port\",\"requestedCapabilities\",\"automationProtocol\",\"baseUrl\",\"waitforInterval\",\"waitforTimeout\",\"onReload\",\"beforeCommand\",\"afterCommand\",\"rootDir\",\"specs\",\"suites\",\"exclude\",\"groupLogsByTestSpec\",\"excludeDriverLogs\",\"bail\",\"framework\",\"reporters\",\"services\",\"maxInstances\",\"maxInstancesPerCapability\",\"injectGlobals\",\"filesToWatch\",\"execArgv\",\"runnerEnv\",\"runner\",\"shard\",\"specFileRetries\",\"specFileRetriesDelay\",\"specFileRetriesDeferred\",\"reporterSyncInterval\",\"reporterSyncTimeout\",\"cucumberFeaturesWithLineNumbers\",\"autoCompileOpts\",\"mochaOpts\",\"jasmineOpts\",\"cucumberOpts\",\"onPrepare\",\"onWorkerStart\",\"onWorkerEnd\",\"before\",\"beforeSession\",\"beforeSuite\",\"beforeHook\",\"beforeTest\",\"afterTest\",\"afterHook\",\"afterSuite\",\"afterSession\",\"after\",\"onComplete\",\"beforeAssertion\",\"afterAssertion\",\"beforeFeature\",\"beforeScenario\",\"beforeStep\",\"afterStep\",\"afterScenario\",\"afterFeature\",\"_\",\"suite\",\"$0\",\"ignoredWorkerServices\",\"wdi5\"]"}]}
RESULT: {"script":"<script> [2342 bytes]","args":[{"protocol":"http","hostname":"0.0.0.0","path":"/","capabilities":{"browserName":"chrome","goog:chromeOptions":{"binary":"C:\\Program Files\\Google\\Chrome\\Application\\chrome.exe","args":["--start-maximized"]}},"logLevel":"warn","connectionRetryTimeout":120000,"connectionRetryCount":3,"logLevels":{},"enableDirectConnect":true,"strictSSL":true,"_":"65 more keys: [\"cacheDir\",\"port\",\"requestedCapabilities\",\"automationProtocol\",\"baseUrl\",\"waitforInterval\",\"waitforTimeout\",\"onReload\",\"beforeCommand\",\"afterCommand\",\"rootDir\",\"specs\",\"suites\",\"exclude\",\"groupLogsByTestSpec\",\"excludeDriverLogs\",\"bail\",\"framework\",\"reporters\",\"services\",\"maxInstances\",\"maxInstancesPerCapability\",\"injectGlobals\",\"filesToWatch\",\"execArgv\",\"runnerEnv\",\"runner\",\"shard\",\"specFileRetries\",\"specFileRetriesDelay\",\"specFileRetriesDeferred\",\"reporterSyncInterval\",\"reporterSyncTimeout\",\"cucumberFeaturesWithLineNumbers\",\"autoCompileOpts\",\"mochaOpts\",\"jasmineOpts\",\"cucumberOpts\",\"onPrepare\",\"onWorkerStart\",\"onWorkerEnd\",\"before\",\"beforeSession\",\"beforeSuite\",\"beforeHook\",\"beforeTest\",\"afterTest\",\"afterHook\",\"afterSuite\",\"afterSession\",\"after\",\"onComplete\",\"beforeAssertion\",\"afterAssertion\",\"beforeFeature\",\"beforeScenario\",\"beforeStep\",\"afterStep\",\"afterScenario\",\"afterFeature\",\"_\",\"suite\",\"$0\",\"ignoredWorkerServices\",\"wdi5\"]"}]}
COMMAND: POST /session/211805a0db2825488b2ffc481472c536/execute/async - {"script":"<script> [21126 bytes]","args":[35000]}
RESULT: {"script":"<script> [21126 bytes]","args":[35000]}
COMMAND: POST /session/211805a0db2825488b2ffc481472c536/execute/async - {"script":"<script> [1562 bytes]","args":[{"selector":{"controlType":"sap.m.SearchField","viewName":"etm.portal.ui.managehandovers.view.MasterHO","bindingPath":{"path":"","propertyPath":"/_BASIC_SEARCH_FIELD","modelName":"fi1t3rM0d31"},"interaction":{"idSuffix":"I"}},"wdio_ui5_key":"etmportal.ui.managehandovers.view.MasterHOsap.m.SearchField{\"path\":\"\",\"propertyPath\":\"/_BASIC_SEARCH_FIELD\",\"modelName\":\"fi1t3rM0d31\"}"}]}
RESULT: {"script":"<script> [1562 bytes]","args":[{"selector":{"controlType":"sap.m.SearchField","viewName":"etm.portal.ui.managehandovers.view.MasterHO","bindingPath":{"path":"","propertyPath":"/_BASIC_SEARCH_FIELD","modelName":"fi1t3rM0d31"},"interaction":{"idSuffix":"I"}},"wdio_ui5_key":"etmportal.ui.managehandovers.view.MasterHOsap.m.SearchField{\"path\":\"\",\"propertyPath\":\"/_BASIC_SEARCH_FIELD\",\"modelName\":\"fi1t3rM0d31\"}"}]}
RESULT: undefined
COMMAND: POST /session/211805a0db2825488b2ffc481472c536/execute/async - {"script":"<script> [776 bytes]","args":[{"enterText":"30760","selector":{"controlType":"sap.m.SearchField","viewName":"etm.portal.ui.managehandovers.view.MasterHO","bindingPath":{"path":"","propertyPath":"/_BASIC_SEARCH_FIELD","modelName":"fi1t3rM0d31"},"interaction":{"idSuffix":"I"}},"clearTextFirst":true,"interactionType":"ENTER_TEXT"}]}
RESULT: {"script":"<script> [776 bytes]","args":[{"enterText":"30760","selector":{"controlType":"sap.m.SearchField","viewName":"etm.portal.ui.managehandovers.view.MasterHO","bindingPath":{"path":"","propertyPath":"/_BASIC_SEARCH_FIELD","modelName":"fi1t3rM0d31"},"interaction":{"idSuffix":"I"}},"clearTextFirst":true,"interactionType":"ENTER_TEXT"}]}
COMMAND: POST /session/211805a0db2825488b2ffc481472c536/actions - {"actions":[{"id":"action84","type":"key","parameters":{},"actions":[{"type":"keyDown","value":"î€‡"},{"type":"pause","duration":10},{"type":"keyUp","value":"î€‡"}]}]}
RESULT: {"actions":[{"id":"action84","type":"key","parameters":{},"actions":[{"type":"keyDown","value":"î€‡"},{"type":"pause","duration":10},{"type":"keyUp","value":"î€‡"}]}]}
COMMAND: GET /session/211805a0db2825488b2ffc481472c536/screenshot - {}
RESULT: {}
COMMAND: POST /session/211805a0db2825488b2ffc481472c536/execute/async - {"script":"<script> [1562 bytes]","args":[{"selector":{"controlType":"sap.m.Title","viewName":"etm.portal.ui.managehandovers.view.MasterHO","properties":{"text":"Records (1)"}},"wdio_ui5_key":"etmportal.ui.managehandovers.view.MasterHOsap.m.Title{\"text\":\"Records (1)\"}"}]}
RESULT: {"script":"<script> [1562 bytes]","args":[{"selector":{"controlType":"sap.m.Title","viewName":"etm.portal.ui.managehandovers.view.MasterHO","properties":{"text":"Records (1)"}},"wdio_ui5_key":"etmportal.ui.managehandovers.view.MasterHOsap.m.Title{\"text\":\"Records (1)\"}"}]}
RESULT: undefined
COMMAND: POST /session/211805a0db2825488b2ffc481472c536/execute/async - {"script":"<script> [6424 bytes]","args":[{"element-6066-11e4-a52e-4f735466cecf":"f.B77A22107D10E5486A044045F14EEE7A.d.34ADE20891023BD3F6912EAFD9EA1EBD.e.18422"},"getText",[]]}
RESULT: {"script":"<script> [6424 bytes]","args":[{"element-6066-11e4-a52e-4f735466cecf":"f.B77A22107D10E5486A044045F14EEE7A.d.34ADE20891023BD3F6912EAFD9EA1EBD.e.18422"},"getText",[]]}
COMMAND: POST /session/211805a0db2825488b2ffc481472c536/execute/async - {"script":"<script> [1562 bytes]","args":[{"selector":{"controlType":"sap.ui.core.Icon","viewName":"etm.portal.ui.managehandovers.view.MasterHO","properties":{"src":{"regex":{"source":"slim\\-arrow\\-right"}}}},"wdio_ui5_key":"etmportal.ui.managehandovers.view.MasterHOsap.ui.core.Icon{\"src\":{\"regex\":{\"source\":\"slim\\\\-arrow\\\\-right\"}}}"}]}
RESULT: {"script":"<script> [1562 bytes]","args":[{"selector":{"controlType":"sap.ui.core.Icon","viewName":"etm.portal.ui.managehandovers.view.MasterHO","properties":{"src":{"regex":{"source":"slim\\-arrow\\-right"}}}},"wdio_ui5_key":"etmportal.ui.managehandovers.view.MasterHOsap.ui.core.Icon{\"src\":{\"regex\":{\"source\":\"slim\\\\-arrow\\\\-right\"}}}"}]}
RESULT: undefined
COMMAND: POST /session/211805a0db2825488b2ffc481472c536/element - {"using":"xpath","value":"//*[@id=\"__item30-__clone16-imgNav\"]"}
RESULT: {"using":"xpath","value":"//*[@id=\"__item30-__clone16-imgNav\"]"}
COMMAND: POST /session/211805a0db2825488b2ffc481472c536/element/f.B77A22107D10E5486A044045F14EEE7A.d.34ADE20891023BD3F6912EAFD9EA1EBD.e.18421/click - {}
RESULT: {}
COMMAND: GET /session/211805a0db2825488b2ffc481472c536/screenshot - {}
RESULT: {}
COMMAND: POST /session/211805a0db2825488b2ffc481472c536/execute/async - {"script":"<script> [1562 bytes]","args":[{"selector":{"controlType":"sap.m.ObjectStatus","viewName":"etm.portal.ui.managehandovers.view.DetailManageHO","viewId":"application-managehandovers-display-component---detailManageHO","labelFor":{"text":"Status"}},"wdio_ui5_key":"etmportal.ui.managehandovers.view.DetailManageHOsap.m.ObjectStatus{\"text\":\"Status\"}"}]}
RESULT: {"script":"<script> [1562 bytes]","args":[{"selector":{"controlType":"sap.m.ObjectStatus","viewName":"etm.portal.ui.managehandovers.view.DetailManageHO","viewId":"application-managehandovers-display-component---detailManageHO","labelFor":{"text":"Status"}},"wdio_ui5_key":"etmportal.ui.managehandovers.view.DetailManageHOsap.m.ObjectStatus{\"text\":\"Status\"}"}]}
RESULT: undefined
COMMAND: POST /session/211805a0db2825488b2ffc481472c536/execute/async - {"script":"<script> [6424 bytes]","args":[{"element-6066-11e4-a52e-4f735466cecf":"f.B77A22107D10E5486A044045F14EEE7A.d.34ADE20891023BD3F6912EAFD9EA1EBD.e.18512"},"getText",[]]}
RESULT: {"script":"<script> [6424 bytes]","args":[{"element-6066-11e4-a52e-4f735466cecf":"f.B77A22107D10E5486A044045F14EEE7A.d.34ADE20891023BD3F6912EAFD9EA1EBD.e.18512"},"getText",[]]}
COMMAND: POST /session/211805a0db2825488b2ffc481472c536/element - {"using":"xpath","value":"//a[contains(@data-kt ,\"GeneralSectionReceiveContracttLink\")]"}
RESULT: {"using":"xpath","value":"//a[contains(@data-kt ,\"GeneralSectionReceiveContracttLink\")]"}
COMMAND: POST /session/211805a0db2825488b2ffc481472c536/element/f.B77A22107D10E5486A044045F14EEE7A.d.34ADE20891023BD3F6912EAFD9EA1EBD.e.18513/click - {}
RESULT: {}
COMMAND: GET /session/211805a0db2825488b2ffc481472c536/screenshot - {}
RESULT: {}
COMMAND: POST /session/211805a0db2825488b2ffc481472c536/element - {"using":"xpath","value":"//a[contains(@data-kt ,\"ContextMenuId2Link\")]"}
RESULT: {"using":"xpath","value":"//a[contains(@data-kt ,\"ContextMenuId2Link\")]"}
COMMAND: POST /session/211805a0db2825488b2ffc481472c536/element/f.B77A22107D10E5486A044045F14EEE7A.d.34ADE20891023BD3F6912EAFD9EA1EBD.e.18516/click - {}
RESULT: {}
COMMAND: GET /session/211805a0db2825488b2ffc481472c536/screenshot - {}
RESULT: {}
COMMAND: POST /session/211805a0db2825488b2ffc481472c536/execute/async - {"script":"<script> [1562 bytes]","args":[{"selector":{"controlType":"sap.m.ObjectStatus","viewName":"etm.portal.ui.managecontracts.view.Detail","bindingPath":{"propertyPath":"LINK_TO_LOGISTICAL_STATUS/DESCRIPTION","modelName":"catalogModel"}},"wdio_ui5_key":"etmportal.ui.managecontracts.view.Detailsap.m.ObjectStatus{\"propertyPath\":\"LINK_TO_LOGISTICAL_STATUS/DESCRIPTION\",\"modelName\":\"catalogModel\"}"}]}
RESULT: {"script":"<script> [1562 bytes]","args":[{"selector":{"controlType":"sap.m.ObjectStatus","viewName":"etm.portal.ui.managecontracts.view.Detail","bindingPath":{"propertyPath":"LINK_TO_LOGISTICAL_STATUS/DESCRIPTION","modelName":"catalogModel"}},"wdio_ui5_key":"etmportal.ui.managecontracts.view.Detailsap.m.ObjectStatus{\"propertyPath\":\"LINK_TO_LOGISTICAL_STATUS/DESCRIPTION\",\"modelName\":\"catalogModel\"}"}]}
RESULT: undefined
COMMAND: POST /session/211805a0db2825488b2ffc481472c536/execute/async - {"script":"<script> [6424 bytes]","args":[{"element-6066-11e4-a52e-4f735466cecf":"f.B77A22107D10E5486A044045F14EEE7A.d.34ADE20891023BD3F6912EAFD9EA1EBD.e.18679"},"getText",[]]}
RESULT: {"script":"<script> [6424 bytes]","args":[{"element-6066-11e4-a52e-4f735466cecf":"f.B77A22107D10E5486A044045F14EEE7A.d.34ADE20891023BD3F6912EAFD9EA1EBD.e.18679"},"getText",[]]}
COMMAND: POST /session/211805a0db2825488b2ffc481472c536/execute/async - {"script":"<script> [1562 bytes]","args":[{"selector":{"controlType":"sap.m.ObjectStatus","viewName":"etm.portal.ui.managecontracts.view.Detail","bindingPath":{"propertyPath":"LINK_TO_COMMERCIAL_STATUS/DESCRIPTION","modelName":"catalogModel"}},"wdio_ui5_key":"etmportal.ui.managecontracts.view.Detailsap.m.ObjectStatus{\"propertyPath\":\"LINK_TO_COMMERCIAL_STATUS/DESCRIPTION\",\"modelName\":\"catalogModel\"}"}]}
RESULT: {"script":"<script> [1562 bytes]","args":[{"selector":{"controlType":"sap.m.ObjectStatus","viewName":"etm.portal.ui.managecontracts.view.Detail","bindingPath":{"propertyPath":"LINK_TO_COMMERCIAL_STATUS/DESCRIPTION","modelName":"catalogModel"}},"wdio_ui5_key":"etmportal.ui.managecontracts.view.Detailsap.m.ObjectStatus{\"propertyPath\":\"LINK_TO_COMMERCIAL_STATUS/DESCRIPTION\",\"modelName\":\"catalogModel\"}"}]}
RESULT: undefined
COMMAND: POST /session/211805a0db2825488b2ffc481472c536/execute/async - {"script":"<script> [6424 bytes]","args":[{"element-6066-11e4-a52e-4f735466cecf":"f.B77A22107D10E5486A044045F14EEE7A.d.34ADE20891023BD3F6912EAFD9EA1EBD.e.18680"},"getText",[]]}
RESULT: {"script":"<script> [6424 bytes]","args":[{"element-6066-11e4-a52e-4f735466cecf":"f.B77A22107D10E5486A044045F14EEE7A.d.34ADE20891023BD3F6912EAFD9EA1EBD.e.18680"},"getText",[]]}
]]></system-out>
    </testcase>
    <testcase classname="chrome.135_0_7049_96.windows.E2E_-_Logistical_and_commercial_statuses" name="It should follow the handover steps to the status fully returned" time="225.414">
      <system-out><![CDATA[
COMMAND: POST /session/211805a0db2825488b2ffc481472c536/execute/async - {"script":"<script> [1562 bytes]","args":[{"selector":{"id":"contractDetailReturnButton","viewName":"etm.portal.ui.managecontracts.view.Detail","interaction":{"idSuffix":"BDI-content"}},"wdio_ui5_key":"contractDetailReturnButtonetmportal.ui.managecontracts.view.Detail"}]}
RESULT: {"script":"<script> [1562 bytes]","args":[{"selector":{"id":"contractDetailReturnButton","viewName":"etm.portal.ui.managecontracts.view.Detail","interaction":{"idSuffix":"BDI-content"}},"wdio_ui5_key":"contractDetailReturnButtonetmportal.ui.managecontracts.view.Detail"}]}
RESULT: undefined
COMMAND: POST /session/211805a0db2825488b2ffc481472c536/element - {"using":"xpath","value":"//*[@id=\"__xmlview2--contractDetailReturnButton\"]"}
RESULT: {"using":"xpath","value":"//*[@id=\"__xmlview2--contractDetailReturnButton\"]"}
COMMAND: POST /session/211805a0db2825488b2ffc481472c536/element/f.B77A22107D10E5486A044045F14EEE7A.d.34ADE20891023BD3F6912EAFD9EA1EBD.e.18684/click - {}
RESULT: {}
COMMAND: POST /session/211805a0db2825488b2ffc481472c536/execute/async - {"script":"<script> [1562 bytes]","args":[{"selector":{"id":"application-managehandovers-display-component---AddNewHO--dueDate","interaction":{"idSuffix":"inner"}},"wdio_ui5_key":"applicationmanagehandovers-display-component---AddNewHO--dueDate"}]}
COMMAND: GET /session/211805a0db2825488b2ffc481472c536/screenshot - {}
RESULT: {"script":"<script> [1562 bytes]","args":[{"selector":{"id":"application-managehandovers-display-component---AddNewHO--dueDate","interaction":{"idSuffix":"inner"}},"wdio_ui5_key":"applicationmanagehandovers-display-component---AddNewHO--dueDate"}]}
RESULT: undefined
COMMAND: POST /session/211805a0db2825488b2ffc481472c536/execute/async - {"script":"<script> [776 bytes]","args":[{"enterText":"05/04/25","selector":{"id":"application-managehandovers-display-component---AddNewHO--dueDate","interaction":{"idSuffix":"inner"}},"clearTextFirst":true,"interactionType":"ENTER_TEXT"}]}
RESULT: {}
RESULT: {"script":"<script> [776 bytes]","args":[{"enterText":"05/04/25","selector":{"id":"application-managehandovers-display-component---AddNewHO--dueDate","interaction":{"idSuffix":"inner"}},"clearTextFirst":true,"interactionType":"ENTER_TEXT"}]}
COMMAND: POST /session/211805a0db2825488b2ffc481472c536/element - {"using":"xpath","value":"//bdi[contains(@id ,\"application-managehandovers-display-component---AddNewHO--ObjectPageLayout-anchBar-application-managehandovers-display-component---AddNewHO--section4-anchor-BDI-content\")]"}
RESULT: {"using":"xpath","value":"//bdi[contains(@id ,\"application-managehandovers-display-component---AddNewHO--ObjectPageLayout-anchBar-application-managehandovers-display-component---AddNewHO--section4-anchor-BDI-content\")]"}
COMMAND: POST /session/211805a0db2825488b2ffc481472c536/element/f.B77A22107D10E5486A044045F14EEE7A.d.34ADE20891023BD3F6912EAFD9EA1EBD.e.19002/click - {}
RESULT: {}
COMMAND: GET /session/211805a0db2825488b2ffc481472c536/screenshot - {}
RESULT: {}
COMMAND: POST /session/211805a0db2825488b2ffc481472c536/element - {"using":"xpath","value":"//button[contains(@data-kt ,\"AddNewHOProvideAddItemsButton\")]"}
RESULT: {"using":"xpath","value":"//button[contains(@data-kt ,\"AddNewHOProvideAddItemsButton\")]"}
COMMAND: POST /session/211805a0db2825488b2ffc481472c536/element/f.B77A22107D10E5486A044045F14EEE7A.d.34ADE20891023BD3F6912EAFD9EA1EBD.e.19006/click - {}
RESULT: {}
COMMAND: GET /session/211805a0db2825488b2ffc481472c536/screenshot - {}
RESULT: {}
COMMAND: POST /session/211805a0db2825488b2ffc481472c536/execute/async - {"script":"<script> [1562 bytes]","args":[{"selector":{"id":"application-managehandovers-display-component---AddNewHO--popup-sa","searchOpenDialogs":true,"interaction":{"idSuffix":"CbBg"}},"wdio_ui5_key":"applicationmanagehandovers-display-component---AddNewHO--popup-sa"}]}
RESULT: {"script":"<script> [1562 bytes]","args":[{"selector":{"id":"application-managehandovers-display-component---AddNewHO--popup-sa","searchOpenDialogs":true,"interaction":{"idSuffix":"CbBg"}},"wdio_ui5_key":"applicationmanagehandovers-display-component---AddNewHO--popup-sa"}]}
RESULT: undefined
COMMAND: POST /session/211805a0db2825488b2ffc481472c536/element - {"using":"xpath","value":"//*[@id=\"application-managehandovers-display-component---AddNewHO--popup-sa\"]"}
RESULT: {"using":"xpath","value":"//*[@id=\"application-managehandovers-display-component---AddNewHO--popup-sa\"]"}
COMMAND: POST /session/211805a0db2825488b2ffc481472c536/element/f.B77A22107D10E5486A044045F14EEE7A.d.34ADE20891023BD3F6912EAFD9EA1EBD.e.19017/click - {}
RESULT: {}
COMMAND: POST /session/211805a0db2825488b2ffc481472c536/execute/async - {"script":"<script> [1562 bytes]","args":[{"selector":{"controlType":"sap.m.Button","viewName":"etm.portal.ui.managehandovers.view.AddNewHO","viewId":"application-managehandovers-display-component---AddNewHO","i18NText":{"propertyName":"text","key":"select"},"searchOpenDialogs":true,"interaction":{"idSuffix":"BDI-content"}},"wdio_ui5_key":"etmportal.ui.managehandovers.view.AddNewHOsap.m.Button{\"propertyName\":\"text\",\"key\":\"select\"}"}]}
COMMAND: GET /session/211805a0db2825488b2ffc481472c536/screenshot - {}
RESULT: {"script":"<script> [1562 bytes]","args":[{"selector":{"controlType":"sap.m.Button","viewName":"etm.portal.ui.managehandovers.view.AddNewHO","viewId":"application-managehandovers-display-component---AddNewHO","i18NText":{"propertyName":"text","key":"select"},"searchOpenDialogs":true,"interaction":{"idSuffix":"BDI-content"}},"wdio_ui5_key":"etmportal.ui.managehandovers.view.AddNewHOsap.m.Button{\"propertyName\":\"text\",\"key\":\"select\"}"}]}
RESULT: undefined
COMMAND: POST /session/211805a0db2825488b2ffc481472c536/element - {"using":"xpath","value":"//*[@id=\"__button60\"]"}
RESULT: {}
RESULT: {"using":"xpath","value":"//*[@id=\"__button60\"]"}
COMMAND: POST /session/211805a0db2825488b2ffc481472c536/element/f.B77A22107D10E5486A044045F14EEE7A.d.34ADE20891023BD3F6912EAFD9EA1EBD.e.19019/click - {}
RESULT: {}
COMMAND: GET /session/211805a0db2825488b2ffc481472c536/screenshot - {}
RESULT: {}
COMMAND: POST /session/211805a0db2825488b2ffc481472c536/execute/async - {"script":"<script> [1562 bytes]","args":[{"selector":{"id":"application-managehandovers-display-component---AddNewHO--confirmCreationButton","interaction":{"idSuffix":"BDI-content"}},"wdio_ui5_key":"applicationmanagehandovers-display-component---AddNewHO--confirmCreationButton"}]}
RESULT: {"script":"<script> [1562 bytes]","args":[{"selector":{"id":"application-managehandovers-display-component---AddNewHO--confirmCreationButton","interaction":{"idSuffix":"BDI-content"}},"wdio_ui5_key":"applicationmanagehandovers-display-component---AddNewHO--confirmCreationButton"}]}
RESULT: undefined
COMMAND: POST /session/211805a0db2825488b2ffc481472c536/element - {"using":"xpath","value":"//*[@id=\"application-managehandovers-display-component---AddNewHO--confirmCreationButton\"]"}
RESULT: {"using":"xpath","value":"//*[@id=\"application-managehandovers-display-component---AddNewHO--confirmCreationButton\"]"}
COMMAND: POST /session/211805a0db2825488b2ffc481472c536/element/f.B77A22107D10E5486A044045F14EEE7A.d.34ADE20891023BD3F6912EAFD9EA1EBD.e.18807/click - {}
RESULT: {}
COMMAND: GET /session/211805a0db2825488b2ffc481472c536/screenshot - {}
RESULT: {}
COMMAND: POST /session/211805a0db2825488b2ffc481472c536/execute/async - {"script":"<script> [1562 bytes]","args":[{"selector":{"controlType":"sap.m.Text","viewName":"etm.portal.ui.managehandovers.view.DetailExecuteHO","bindingPath":{"propertyPath":"NO","modelName":"catalogModel"}},"wdio_ui5_key":"etmportal.ui.managehandovers.view.DetailExecuteHOsap.m.Text{\"propertyPath\":\"NO\",\"modelName\":\"catalogModel\"}"}]}
RESULT: {"script":"<script> [1562 bytes]","args":[{"selector":{"controlType":"sap.m.Text","viewName":"etm.portal.ui.managehandovers.view.DetailExecuteHO","bindingPath":{"propertyPath":"NO","modelName":"catalogModel"}},"wdio_ui5_key":"etmportal.ui.managehandovers.view.DetailExecuteHOsap.m.Text{\"propertyPath\":\"NO\",\"modelName\":\"catalogModel\"}"}]}
RESULT: undefined
COMMAND: POST /session/211805a0db2825488b2ffc481472c536/execute/async - {"script":"<script> [6424 bytes]","args":[{"element-6066-11e4-a52e-4f735466cecf":"f.B77A22107D10E5486A044045F14EEE7A.d.34ADE20891023BD3F6912EAFD9EA1EBD.e.19077"},"getText",[]]}
RESULT: {"script":"<script> [6424 bytes]","args":[{"element-6066-11e4-a52e-4f735466cecf":"f.B77A22107D10E5486A044045F14EEE7A.d.34ADE20891023BD3F6912EAFD9EA1EBD.e.19077"},"getText",[]]}
COMMAND: POST /session/211805a0db2825488b2ffc481472c536/element - {"using":"xpath","value":"//a[contains(@data-kt ,\"GeneralSectionSendContractLink\")]"}
RESULT: {"using":"xpath","value":"//a[contains(@data-kt ,\"GeneralSectionSendContractLink\")]"}
COMMAND: POST /session/211805a0db2825488b2ffc481472c536/element/f.B77A22107D10E5486A044045F14EEE7A.d.34ADE20891023BD3F6912EAFD9EA1EBD.e.19078/click - {}
RESULT: {}
COMMAND: GET /session/211805a0db2825488b2ffc481472c536/screenshot - {}
RESULT: {}
COMMAND: POST /session/211805a0db2825488b2ffc481472c536/element - {"using":"xpath","value":"//a[contains(@data-kt ,\"ContextMenuId2Link\")]"}
RESULT: {"using":"xpath","value":"//a[contains(@data-kt ,\"ContextMenuId2Link\")]"}
COMMAND: POST /session/211805a0db2825488b2ffc481472c536/elements - {"using":"xpath","value":"//a[contains(@data-kt ,\"ContextMenuId2Link\")]"}
RESULT: {"using":"xpath","value":"//a[contains(@data-kt ,\"ContextMenuId2Link\")]"}
COMMAND: POST /session/211805a0db2825488b2ffc481472c536/element/f.B77A22107D10E5486A044045F14EEE7A.d.34ADE20891023BD3F6912EAFD9EA1EBD.e.19082/click - {}
RESULT: {}
COMMAND: GET /session/211805a0db2825488b2ffc481472c536/screenshot - {}
RESULT: {}
COMMAND: POST /session/211805a0db2825488b2ffc481472c536/execute/async - {"script":"<script> [1562 bytes]","args":[{"selector":{"controlType":"sap.m.Link","viewName":"etm.portal.ui.managehandovers.view.DetailExecuteHO","properties":{"text":"Contract Overview"},"searchOpenDialogs":true},"wdio_ui5_key":"etmportal.ui.managehandovers.view.DetailExecuteHOsap.m.Link{\"text\":\"Contract Overview\"}"}]}
RESULT: {"script":"<script> [1562 bytes]","args":[{"selector":{"controlType":"sap.m.Link","viewName":"etm.portal.ui.managehandovers.view.DetailExecuteHO","properties":{"text":"Contract Overview"},"searchOpenDialogs":true},"wdio_ui5_key":"etmportal.ui.managehandovers.view.DetailExecuteHOsap.m.Link{\"text\":\"Contract Overview\"}"}]}
RESULT: undefined
RESULT: undefined
COMMAND: POST /session/211805a0db2825488b2ffc481472c536/execute/async - {"script":"<script> [6424 bytes]","args":[{"element-6066-11e4-a52e-4f735466cecf":"f.B77A22107D10E5486A044045F14EEE7A.d.34ADE20891023BD3F6912EAFD9EA1EBD.e.18679"},"getText",[]]}
COMMAND: POST /session/211805a0db2825488b2ffc481472c536/execute/async - {"script":"<script> [1562 bytes]","args":[{"selector":{"controlType":"sap.m.ObjectStatus","viewName":"etm.portal.ui.managecontracts.view.Detail","bindingPath":{"propertyPath":"LINK_TO_LOGISTICAL_STATUS/DESCRIPTION","modelName":"catalogModel"}},"wdio_ui5_key":"etmportal.ui.managecontracts.view.Detailsap.m.ObjectStatus{\"propertyPath\":\"LINK_TO_LOGISTICAL_STATUS/DESCRIPTION\",\"modelName\":\"catalogModel\"}"}]}
RESULT: {"script":"<script> [1562 bytes]","args":[{"selector":{"controlType":"sap.m.ObjectStatus","viewName":"etm.portal.ui.managecontracts.view.Detail","bindingPath":{"propertyPath":"LINK_TO_LOGISTICAL_STATUS/DESCRIPTION","modelName":"catalogModel"}},"wdio_ui5_key":"etmportal.ui.managecontracts.view.Detailsap.m.ObjectStatus{\"propertyPath\":\"LINK_TO_LOGISTICAL_STATUS/DESCRIPTION\",\"modelName\":\"catalogModel\"}"}]}
COMMAND: POST /session/211805a0db2825488b2ffc481472c536/execute/async - {"script":"<script> [6424 bytes]","args":[{"element-6066-11e4-a52e-4f735466cecf":"f.B77A22107D10E5486A044045F14EEE7A.d.34ADE20891023BD3F6912EAFD9EA1EBD.e.19305"},"getText",[]]}
RESULT: {"script":"<script> [6424 bytes]","args":[{"element-6066-11e4-a52e-4f735466cecf":"f.B77A22107D10E5486A044045F14EEE7A.d.34ADE20891023BD3F6912EAFD9EA1EBD.e.19305"},"getText",[]]}
RESULT: undefined
COMMAND: POST /session/211805a0db2825488b2ffc481472c536/execute/async - {"script":"<script> [6424 bytes]","args":[{"element-6066-11e4-a52e-4f735466cecf":"f.B77A22107D10E5486A044045F14EEE7A.d.34ADE20891023BD3F6912EAFD9EA1EBD.e.18680"},"getText",[]]}
COMMAND: POST /session/211805a0db2825488b2ffc481472c536/execute/async - {"script":"<script> [1562 bytes]","args":[{"selector":{"controlType":"sap.m.ObjectStatus","viewName":"etm.portal.ui.managecontracts.view.Detail","bindingPath":{"propertyPath":"LINK_TO_COMMERCIAL_STATUS/DESCRIPTION","modelName":"catalogModel"}},"wdio_ui5_key":"etmportal.ui.managecontracts.view.Detailsap.m.ObjectStatus{\"propertyPath\":\"LINK_TO_COMMERCIAL_STATUS/DESCRIPTION\",\"modelName\":\"catalogModel\"}"}]}
RESULT: {"script":"<script> [1562 bytes]","args":[{"selector":{"controlType":"sap.m.ObjectStatus","viewName":"etm.portal.ui.managecontracts.view.Detail","bindingPath":{"propertyPath":"LINK_TO_COMMERCIAL_STATUS/DESCRIPTION","modelName":"catalogModel"}},"wdio_ui5_key":"etmportal.ui.managecontracts.view.Detailsap.m.ObjectStatus{\"propertyPath\":\"LINK_TO_COMMERCIAL_STATUS/DESCRIPTION\",\"modelName\":\"catalogModel\"}"}]}
COMMAND: POST /session/211805a0db2825488b2ffc481472c536/execute/async - {"script":"<script> [6424 bytes]","args":[{"element-6066-11e4-a52e-4f735466cecf":"f.B77A22107D10E5486A044045F14EEE7A.d.34ADE20891023BD3F6912EAFD9EA1EBD.e.19306"},"getText",[]]}
RESULT: {"script":"<script> [6424 bytes]","args":[{"element-6066-11e4-a52e-4f735466cecf":"f.B77A22107D10E5486A044045F14EEE7A.d.34ADE20891023BD3F6912EAFD9EA1EBD.e.19306"},"getText",[]]}
COMMAND: POST /session/211805a0db2825488b2ffc481472c536/execute/async - {"script":"<script> [1562 bytes]","args":[{"selector":{"id":"backBtn"},"wdio_ui5_key":"backBtn"}]}
RESULT: {"script":"<script> [1562 bytes]","args":[{"selector":{"id":"backBtn"},"wdio_ui5_key":"backBtn"}]}
RESULT: undefined
COMMAND: POST /session/211805a0db2825488b2ffc481472c536/element - {"using":"xpath","value":"//*[@id=\"backBtn\"]"}
RESULT: {"using":"xpath","value":"//*[@id=\"backBtn\"]"}
COMMAND: POST /session/211805a0db2825488b2ffc481472c536/element/f.B77A22107D10E5486A044045F14EEE7A.d.34ADE20891023BD3F6912EAFD9EA1EBD.e.19307/click - {}
RESULT: {}
COMMAND: GET /session/211805a0db2825488b2ffc481472c536/screenshot - {}
RESULT: {}
COMMAND: POST /session/211805a0db2825488b2ffc481472c536/execute/async - {"script":"<script> [1562 bytes]","args":[{"selector":{"controlType":"sap.m.Button","viewName":"etm.portal.ui.managehandovers.view.DetailExecuteHO","i18NText":{"propertyName":"text","key":"confirmAll"},"interaction":{"idSuffix":"BDI-content"}},"wdio_ui5_key":"etmportal.ui.managehandovers.view.DetailExecuteHOsap.m.Button{\"propertyName\":\"text\",\"key\":\"confirmAll\"}"}]}
RESULT: {"script":"<script> [1562 bytes]","args":[{"selector":{"controlType":"sap.m.Button","viewName":"etm.portal.ui.managehandovers.view.DetailExecuteHO","i18NText":{"propertyName":"text","key":"confirmAll"},"interaction":{"idSuffix":"BDI-content"}},"wdio_ui5_key":"etmportal.ui.managehandovers.view.DetailExecuteHOsap.m.Button{\"propertyName\":\"text\",\"key\":\"confirmAll\"}"}]}
RESULT: undefined
COMMAND: POST /session/211805a0db2825488b2ffc481472c536/element - {"using":"xpath","value":"//*[@id=\"__button143\"]"}
RESULT: {"using":"xpath","value":"//*[@id=\"__button143\"]"}
COMMAND: POST /session/211805a0db2825488b2ffc481472c536/element/f.B77A22107D10E5486A044045F14EEE7A.d.34ADE20891023BD3F6912EAFD9EA1EBD.e.19616/click - {}
RESULT: {}
COMMAND: POST /session/211805a0db2825488b2ffc481472c536/execute/async - {"script":"<script> [1562 bytes]","args":[{"selector":{"controlType":"sap.m.Button","properties":{"text":"OK"},"searchOpenDialogs":true,"interaction":{"idSuffix":"BDI-content"}},"wdio_ui5_key":"sapm.Button{\"text\":\"OK\"}"}]}
COMMAND: GET /session/211805a0db2825488b2ffc481472c536/screenshot - {}
RESULT: {"script":"<script> [1562 bytes]","args":[{"selector":{"controlType":"sap.m.Button","properties":{"text":"OK"},"searchOpenDialogs":true,"interaction":{"idSuffix":"BDI-content"}},"wdio_ui5_key":"sapm.Button{\"text\":\"OK\"}"}]}
RESULT: undefined
COMMAND: POST /session/211805a0db2825488b2ffc481472c536/element - {"using":"xpath","value":"//*[@id=\"__mbox-btn-0\"]"}
RESULT: {}
RESULT: {"using":"xpath","value":"//*[@id=\"__mbox-btn-0\"]"}
COMMAND: POST /session/211805a0db2825488b2ffc481472c536/element/f.B77A22107D10E5486A044045F14EEE7A.d.34ADE20891023BD3F6912EAFD9EA1EBD.e.19617/click - {}
RESULT: {}
COMMAND: GET /session/211805a0db2825488b2ffc481472c536/screenshot - {}
RESULT: {}
COMMAND: POST /session/211805a0db2825488b2ffc481472c536/element - {"using":"xpath","value":"//button[contains(@data-kt ,\"execHoIssueFooterButton\")]"}
RESULT: {"using":"xpath","value":"//button[contains(@data-kt ,\"execHoIssueFooterButton\")]"}
COMMAND: POST /session/211805a0db2825488b2ffc481472c536/element/f.B77A22107D10E5486A044045F14EEE7A.d.34ADE20891023BD3F6912EAFD9EA1EBD.e.19620/click - {}
RESULT: {}
COMMAND: GET /session/211805a0db2825488b2ffc481472c536/screenshot - {}
RESULT: {}
COMMAND: POST /session/211805a0db2825488b2ffc481472c536/refresh - {}
RESULT: {}
COMMAND: GET /session/211805a0db2825488b2ffc481472c536/screenshot - {}
RESULT: {}
COMMAND: POST /session/211805a0db2825488b2ffc481472c536/refresh - {}
RESULT: {}
COMMAND: GET /session/211805a0db2825488b2ffc481472c536/screenshot - {}
RESULT: {}
COMMAND: POST /session/211805a0db2825488b2ffc481472c536/window/fullscreen - {}
RESULT: {}
COMMAND: POST /session/211805a0db2825488b2ffc481472c536/execute/async - {"script":"<script> [189 bytes]","args":[]}
RESULT: {"script":"<script> [189 bytes]","args":[]}
COMMAND: POST /session/211805a0db2825488b2ffc481472c536/execute/async - {"script":"<script> [123 bytes]","args":[]}
RESULT: {"script":"<script> [123 bytes]","args":[]}
COMMAND: POST /session/211805a0db2825488b2ffc481472c536/timeouts - {"script":"<number>"}
RESULT: {"script":"<number>"}
COMMAND: GET /session/211805a0db2825488b2ffc481472c536/timeouts - {}
RESULT: {}
RESULT: undefined
COMMAND: POST /session/211805a0db2825488b2ffc481472c536/execute/async - {"script":"<script> [2676 bytes]","args":[]}
RESULT: {"script":"<script> [2676 bytes]","args":[]}
COMMAND: POST /session/211805a0db2825488b2ffc481472c536/execute/async - {"script":"<script> [2342 bytes]","args":[{"protocol":"http","hostname":"0.0.0.0","path":"/","capabilities":{"browserName":"chrome","goog:chromeOptions":{"binary":"C:\\Program Files\\Google\\Chrome\\Application\\chrome.exe","args":["--start-maximized"]}},"logLevel":"warn","connectionRetryTimeout":120000,"connectionRetryCount":3,"logLevels":{},"enableDirectConnect":true,"strictSSL":true,"_":"65 more keys: [\"cacheDir\",\"port\",\"requestedCapabilities\",\"automationProtocol\",\"baseUrl\",\"waitforInterval\",\"waitforTimeout\",\"onReload\",\"beforeCommand\",\"afterCommand\",\"rootDir\",\"specs\",\"suites\",\"exclude\",\"groupLogsByTestSpec\",\"excludeDriverLogs\",\"bail\",\"framework\",\"reporters\",\"services\",\"maxInstances\",\"maxInstancesPerCapability\",\"injectGlobals\",\"filesToWatch\",\"execArgv\",\"runnerEnv\",\"runner\",\"shard\",\"specFileRetries\",\"specFileRetriesDelay\",\"specFileRetriesDeferred\",\"reporterSyncInterval\",\"reporterSyncTimeout\",\"cucumberFeaturesWithLineNumbers\",\"autoCompileOpts\",\"mochaOpts\",\"jasmineOpts\",\"cucumberOpts\",\"onPrepare\",\"onWorkerStart\",\"onWorkerEnd\",\"before\",\"beforeSession\",\"beforeSuite\",\"beforeHook\",\"beforeTest\",\"afterTest\",\"afterHook\",\"afterSuite\",\"afterSession\",\"after\",\"onComplete\",\"beforeAssertion\",\"afterAssertion\",\"beforeFeature\",\"beforeScenario\",\"beforeStep\",\"afterStep\",\"afterScenario\",\"afterFeature\",\"_\",\"suite\",\"$0\",\"ignoredWorkerServices\",\"wdi5\"]"}]}
RESULT: {"script":"<script> [2342 bytes]","args":[{"protocol":"http","hostname":"0.0.0.0","path":"/","capabilities":{"browserName":"chrome","goog:chromeOptions":{"binary":"C:\\Program Files\\Google\\Chrome\\Application\\chrome.exe","args":["--start-maximized"]}},"logLevel":"warn","connectionRetryTimeout":120000,"connectionRetryCount":3,"logLevels":{},"enableDirectConnect":true,"strictSSL":true,"_":"65 more keys: [\"cacheDir\",\"port\",\"requestedCapabilities\",\"automationProtocol\",\"baseUrl\",\"waitforInterval\",\"waitforTimeout\",\"onReload\",\"beforeCommand\",\"afterCommand\",\"rootDir\",\"specs\",\"suites\",\"exclude\",\"groupLogsByTestSpec\",\"excludeDriverLogs\",\"bail\",\"framework\",\"reporters\",\"services\",\"maxInstances\",\"maxInstancesPerCapability\",\"injectGlobals\",\"filesToWatch\",\"execArgv\",\"runnerEnv\",\"runner\",\"shard\",\"specFileRetries\",\"specFileRetriesDelay\",\"specFileRetriesDeferred\",\"reporterSyncInterval\",\"reporterSyncTimeout\",\"cucumberFeaturesWithLineNumbers\",\"autoCompileOpts\",\"mochaOpts\",\"jasmineOpts\",\"cucumberOpts\",\"onPrepare\",\"onWorkerStart\",\"onWorkerEnd\",\"before\",\"beforeSession\",\"beforeSuite\",\"beforeHook\",\"beforeTest\",\"afterTest\",\"afterHook\",\"afterSuite\",\"afterSession\",\"after\",\"onComplete\",\"beforeAssertion\",\"afterAssertion\",\"beforeFeature\",\"beforeScenario\",\"beforeStep\",\"afterStep\",\"afterScenario\",\"afterFeature\",\"_\",\"suite\",\"$0\",\"ignoredWorkerServices\",\"wdi5\"]"}]}
COMMAND: POST /session/211805a0db2825488b2ffc481472c536/execute/async - {"script":"<script> [21126 bytes]","args":[35000]}
RESULT: {"script":"<script> [21126 bytes]","args":[35000]}
COMMAND: POST /session/211805a0db2825488b2ffc481472c536/execute/async - {"script":"<script> [1562 bytes]","args":[{"selector":{"controlType":"sap.m.SearchField","viewName":"etm.portal.ui.managehandovers.view.MasterHO","bindingPath":{"path":"","propertyPath":"/_BASIC_SEARCH_FIELD","modelName":"fi1t3rM0d31"},"interaction":{"idSuffix":"I"}},"wdio_ui5_key":"etmportal.ui.managehandovers.view.MasterHOsap.m.SearchField{\"path\":\"\",\"propertyPath\":\"/_BASIC_SEARCH_FIELD\",\"modelName\":\"fi1t3rM0d31\"}"}]}
RESULT: {"script":"<script> [1562 bytes]","args":[{"selector":{"controlType":"sap.m.SearchField","viewName":"etm.portal.ui.managehandovers.view.MasterHO","bindingPath":{"path":"","propertyPath":"/_BASIC_SEARCH_FIELD","modelName":"fi1t3rM0d31"},"interaction":{"idSuffix":"I"}},"wdio_ui5_key":"etmportal.ui.managehandovers.view.MasterHOsap.m.SearchField{\"path\":\"\",\"propertyPath\":\"/_BASIC_SEARCH_FIELD\",\"modelName\":\"fi1t3rM0d31\"}"}]}
RESULT: undefined
COMMAND: POST /session/211805a0db2825488b2ffc481472c536/execute/async - {"script":"<script> [776 bytes]","args":[{"enterText":"30761","selector":{"controlType":"sap.m.SearchField","viewName":"etm.portal.ui.managehandovers.view.MasterHO","bindingPath":{"path":"","propertyPath":"/_BASIC_SEARCH_FIELD","modelName":"fi1t3rM0d31"},"interaction":{"idSuffix":"I"}},"clearTextFirst":true,"interactionType":"ENTER_TEXT"}]}
RESULT: {"script":"<script> [776 bytes]","args":[{"enterText":"30761","selector":{"controlType":"sap.m.SearchField","viewName":"etm.portal.ui.managehandovers.view.MasterHO","bindingPath":{"path":"","propertyPath":"/_BASIC_SEARCH_FIELD","modelName":"fi1t3rM0d31"},"interaction":{"idSuffix":"I"}},"clearTextFirst":true,"interactionType":"ENTER_TEXT"}]}
COMMAND: POST /session/211805a0db2825488b2ffc481472c536/actions - {"actions":[{"id":"action85","type":"key","parameters":{},"actions":[{"type":"keyDown","value":"î€‡"},{"type":"pause","duration":10},{"type":"keyUp","value":"î€‡"}]}]}
RESULT: {"actions":[{"id":"action85","type":"key","parameters":{},"actions":[{"type":"keyDown","value":"î€‡"},{"type":"pause","duration":10},{"type":"keyUp","value":"î€‡"}]}]}
COMMAND: GET /session/211805a0db2825488b2ffc481472c536/screenshot - {}
RESULT: {}
COMMAND: POST /session/211805a0db2825488b2ffc481472c536/execute/async - {"script":"<script> [1562 bytes]","args":[{"selector":{"controlType":"sap.m.Title","viewName":"etm.portal.ui.managehandovers.view.MasterHO","properties":{"text":"Records (1)"}},"wdio_ui5_key":"etmportal.ui.managehandovers.view.MasterHOsap.m.Title{\"text\":\"Records (1)\"}"}]}
RESULT: {"script":"<script> [1562 bytes]","args":[{"selector":{"controlType":"sap.m.Title","viewName":"etm.portal.ui.managehandovers.view.MasterHO","properties":{"text":"Records (1)"}},"wdio_ui5_key":"etmportal.ui.managehandovers.view.MasterHOsap.m.Title{\"text\":\"Records (1)\"}"}]}
RESULT: undefined
COMMAND: POST /session/211805a0db2825488b2ffc481472c536/execute/async - {"script":"<script> [6424 bytes]","args":[{"element-6066-11e4-a52e-4f735466cecf":"f.B77A22107D10E5486A044045F14EEE7A.d.4150C95756B0FA3F4A85B30486965547.e.19795"},"getText",[]]}
RESULT: {"script":"<script> [6424 bytes]","args":[{"element-6066-11e4-a52e-4f735466cecf":"f.B77A22107D10E5486A044045F14EEE7A.d.4150C95756B0FA3F4A85B30486965547.e.19795"},"getText",[]]}
COMMAND: POST /session/211805a0db2825488b2ffc481472c536/execute/async - {"script":"<script> [1562 bytes]","args":[{"selector":{"controlType":"sap.ui.core.Icon","viewName":"etm.portal.ui.managehandovers.view.MasterHO","properties":{"src":{"regex":{"source":"slim\\-arrow\\-right"}}}},"wdio_ui5_key":"etmportal.ui.managehandovers.view.MasterHOsap.ui.core.Icon{\"src\":{\"regex\":{\"source\":\"slim\\\\-arrow\\\\-right\"}}}"}]}
RESULT: {"script":"<script> [1562 bytes]","args":[{"selector":{"controlType":"sap.ui.core.Icon","viewName":"etm.portal.ui.managehandovers.view.MasterHO","properties":{"src":{"regex":{"source":"slim\\-arrow\\-right"}}}},"wdio_ui5_key":"etmportal.ui.managehandovers.view.MasterHOsap.ui.core.Icon{\"src\":{\"regex\":{\"source\":\"slim\\\\-arrow\\\\-right\"}}}"}]}
RESULT: undefined
COMMAND: POST /session/211805a0db2825488b2ffc481472c536/element - {"using":"xpath","value":"//*[@id=\"__item20-__clone16-imgNav\"]"}
RESULT: {"using":"xpath","value":"//*[@id=\"__item20-__clone16-imgNav\"]"}
COMMAND: POST /session/211805a0db2825488b2ffc481472c536/element/f.B77A22107D10E5486A044045F14EEE7A.d.4150C95756B0FA3F4A85B30486965547.e.19794/click - {}
RESULT: {}
COMMAND: GET /session/211805a0db2825488b2ffc481472c536/screenshot - {}
RESULT: {}
COMMAND: POST /session/211805a0db2825488b2ffc481472c536/execute/async - {"script":"<script> [1562 bytes]","args":[{"selector":{"controlType":"sap.m.ObjectStatus","viewName":"etm.portal.ui.managehandovers.view.DetailManageHO","viewId":"application-managehandovers-display-component---detailManageHO","labelFor":{"text":"Status"}},"wdio_ui5_key":"etmportal.ui.managehandovers.view.DetailManageHOsap.m.ObjectStatus{\"text\":\"Status\"}"}]}
RESULT: {"script":"<script> [1562 bytes]","args":[{"selector":{"controlType":"sap.m.ObjectStatus","viewName":"etm.portal.ui.managehandovers.view.DetailManageHO","viewId":"application-managehandovers-display-component---detailManageHO","labelFor":{"text":"Status"}},"wdio_ui5_key":"etmportal.ui.managehandovers.view.DetailManageHOsap.m.ObjectStatus{\"text\":\"Status\"}"}]}
RESULT: undefined
COMMAND: POST /session/211805a0db2825488b2ffc481472c536/execute/async - {"script":"<script> [6424 bytes]","args":[{"element-6066-11e4-a52e-4f735466cecf":"f.B77A22107D10E5486A044045F14EEE7A.d.4150C95756B0FA3F4A85B30486965547.e.19887"},"getText",[]]}
RESULT: {"script":"<script> [6424 bytes]","args":[{"element-6066-11e4-a52e-4f735466cecf":"f.B77A22107D10E5486A044045F14EEE7A.d.4150C95756B0FA3F4A85B30486965547.e.19887"},"getText",[]]}
COMMAND: POST /session/211805a0db2825488b2ffc481472c536/element - {"using":"xpath","value":"//a[contains(@data-kt ,\"GeneralSectionSendContractLink\")]"}
RESULT: {"using":"xpath","value":"//a[contains(@data-kt ,\"GeneralSectionSendContractLink\")]"}
COMMAND: POST /session/211805a0db2825488b2ffc481472c536/element/f.B77A22107D10E5486A044045F14EEE7A.d.4150C95756B0FA3F4A85B30486965547.e.19888/click - {}
RESULT: {}
COMMAND: GET /session/211805a0db2825488b2ffc481472c536/screenshot - {}
RESULT: {}
COMMAND: POST /session/211805a0db2825488b2ffc481472c536/elements - {"using":"xpath","value":"//a[contains(@data-kt ,\"ContextMenuId2Link\")]"}
RESULT: {"using":"xpath","value":"//a[contains(@data-kt ,\"ContextMenuId2Link\")]"}
COMMAND: POST /session/211805a0db2825488b2ffc481472c536/element/f.B77A22107D10E5486A044045F14EEE7A.d.34ADE20891023BD3F6912EAFD9EA1EBD.e.19082/click - {}
COMMAND: POST /session/211805a0db2825488b2ffc481472c536/element - {"using":"xpath","value":"//a[contains(@data-kt ,\"ContextMenuId2Link\")]"}
RESULT: {"using":"xpath","value":"//a[contains(@data-kt ,\"ContextMenuId2Link\")]"}
COMMAND: POST /session/211805a0db2825488b2ffc481472c536/element/f.B77A22107D10E5486A044045F14EEE7A.d.34ADE20891023BD3F6912EAFD9EA1EBD.e.19082/click - {}
COMMAND: POST /session/211805a0db2825488b2ffc481472c536/element - {"using":"xpath","value":"//a[contains(@data-kt ,\"ContextMenuId2Link\")]"}
RESULT: {"using":"xpath","value":"//a[contains(@data-kt ,\"ContextMenuId2Link\")]"}
COMMAND: POST /session/211805a0db2825488b2ffc481472c536/element/f.B77A22107D10E5486A044045F14EEE7A.d.4150C95756B0FA3F4A85B30486965547.e.19891/click - {}
RESULT: {}
COMMAND: GET /session/211805a0db2825488b2ffc481472c536/screenshot - {}
RESULT: {}
COMMAND: POST /session/211805a0db2825488b2ffc481472c536/execute/async - {"script":"<script> [1562 bytes]","args":[{"selector":{"controlType":"sap.m.ObjectStatus","viewName":"etm.portal.ui.managecontracts.view.Detail","bindingPath":{"propertyPath":"LINK_TO_COMMERCIAL_STATUS/DESCRIPTION","modelName":"catalogModel"}},"wdio_ui5_key":"etmportal.ui.managecontracts.view.Detailsap.m.ObjectStatus{\"propertyPath\":\"LINK_TO_COMMERCIAL_STATUS/DESCRIPTION\",\"modelName\":\"catalogModel\"}"}]}
RESULT: {"script":"<script> [1562 bytes]","args":[{"selector":{"controlType":"sap.m.ObjectStatus","viewName":"etm.portal.ui.managecontracts.view.Detail","bindingPath":{"propertyPath":"LINK_TO_COMMERCIAL_STATUS/DESCRIPTION","modelName":"catalogModel"}},"wdio_ui5_key":"etmportal.ui.managecontracts.view.Detailsap.m.ObjectStatus{\"propertyPath\":\"LINK_TO_COMMERCIAL_STATUS/DESCRIPTION\",\"modelName\":\"catalogModel\"}"}]}
RESULT: undefined
COMMAND: POST /session/211805a0db2825488b2ffc481472c536/execute/async - {"script":"<script> [6424 bytes]","args":[{"element-6066-11e4-a52e-4f735466cecf":"f.B77A22107D10E5486A044045F14EEE7A.d.4150C95756B0FA3F4A85B30486965547.e.20129"},"getText",[]]}
RESULT: {"script":"<script> [6424 bytes]","args":[{"element-6066-11e4-a52e-4f735466cecf":"f.B77A22107D10E5486A044045F14EEE7A.d.4150C95756B0FA3F4A85B30486965547.e.20129"},"getText",[]]}
COMMAND: POST /session/211805a0db2825488b2ffc481472c536/execute/async - {"script":"<script> [1562 bytes]","args":[{"selector":{"controlType":"sap.m.ObjectStatus","viewName":"etm.portal.ui.managecontracts.view.Detail","bindingPath":{"propertyPath":"LINK_TO_LOGISTICAL_STATUS/DESCRIPTION","modelName":"catalogModel"}},"wdio_ui5_key":"etmportal.ui.managecontracts.view.Detailsap.m.ObjectStatus{\"propertyPath\":\"LINK_TO_LOGISTICAL_STATUS/DESCRIPTION\",\"modelName\":\"catalogModel\"}"}]}
RESULT: {"script":"<script> [1562 bytes]","args":[{"selector":{"controlType":"sap.m.ObjectStatus","viewName":"etm.portal.ui.managecontracts.view.Detail","bindingPath":{"propertyPath":"LINK_TO_LOGISTICAL_STATUS/DESCRIPTION","modelName":"catalogModel"}},"wdio_ui5_key":"etmportal.ui.managecontracts.view.Detailsap.m.ObjectStatus{\"propertyPath\":\"LINK_TO_LOGISTICAL_STATUS/DESCRIPTION\",\"modelName\":\"catalogModel\"}"}]}
RESULT: undefined
COMMAND: POST /session/211805a0db2825488b2ffc481472c536/execute/async - {"script":"<script> [6424 bytes]","args":[{"element-6066-11e4-a52e-4f735466cecf":"f.B77A22107D10E5486A044045F14EEE7A.d.4150C95756B0FA3F4A85B30486965547.e.20130"},"getText",[]]}
RESULT: {"script":"<script> [6424 bytes]","args":[{"element-6066-11e4-a52e-4f735466cecf":"f.B77A22107D10E5486A044045F14EEE7A.d.4150C95756B0FA3F4A85B30486965547.e.20130"},"getText",[]]}
COMMAND: POST /session/211805a0db2825488b2ffc481472c536/element - {"using":"xpath","value":"//button[@data-kt=\"contractDetailEditBtnButton\"]"}
RESULT: {"using":"xpath","value":"//button[@data-kt=\"contractDetailEditBtnButton\"]"}
COMMAND: POST /session/211805a0db2825488b2ffc481472c536/element/f.B77A22107D10E5486A044045F14EEE7A.d.4150C95756B0FA3F4A85B30486965547.e.19954/click - {}
RESULT: {}
COMMAND: GET /session/211805a0db2825488b2ffc481472c536/screenshot - {}
RESULT: {}
COMMAND: POST /session/211805a0db2825488b2ffc481472c536/element - {"using":"xpath","value":"(//span[contains(text(), \"Additional Addresses\")])[2]"}
RESULT: {"using":"xpath","value":"(//span[contains(text(), \"Additional Addresses\")])[2]"}
COMMAND: POST /session/211805a0db2825488b2ffc481472c536/element/f.B77A22107D10E5486A044045F14EEE7A.d.4150C95756B0FA3F4A85B30486965547.e.20190/click - {}
RESULT: {}
COMMAND: GET /session/211805a0db2825488b2ffc481472c536/screenshot - {}
RESULT: {}
COMMAND: POST /session/211805a0db2825488b2ffc481472c536/element - {"using":"xpath","value":"//button[@data-kt=\"btnAddTableRowOverflowToolbarButton\"]"}
RESULT: {"using":"xpath","value":"//button[@data-kt=\"btnAddTableRowOverflowToolbarButton\"]"}
COMMAND: POST /session/211805a0db2825488b2ffc481472c536/element/f.B77A22107D10E5486A044045F14EEE7A.d.4150C95756B0FA3F4A85B30486965547.e.20192/click - {}
RESULT: {}
COMMAND: GET /session/211805a0db2825488b2ffc481472c536/screenshot - {}
RESULT: {}
COMMAND: POST /session/211805a0db2825488b2ffc481472c536/element - {"using":"xpath","value":"//div[(text() = 'Standard Entry' or . = 'Standard Entry')]"}
RESULT: {"using":"xpath","value":"//div[(text() = 'Standard Entry' or . = 'Standard Entry')]"}
COMMAND: POST /session/211805a0db2825488b2ffc481472c536/element/f.B77A22107D10E5486A044045F14EEE7A.d.4150C95756B0FA3F4A85B30486965547.e.20194/click - {}
RESULT: {}
COMMAND: POST /session/211805a0db2825488b2ffc481472c536/execute/async - {"script":"<script> [1562 bytes]","args":[{"selector":{"controlType":"sap.ui.core.Icon","viewName":"etm.portal.ui.managecontracts.view.EditContract","properties":{"src":{"regex":{"source":"slim\\-arrow\\-down"}}},"ancestor":{"controlType":"sap.m.ComboBox","viewName":"etm.portal.ui.managecontracts.view.EditContract","bindingPath":{"propertyPath":"RU_TYPE","modelName":"catalogModel"}}},"wdio_ui5_key":"etmportal.ui.managecontracts.view.EditContractsap.ui.core.Icon{\"src\":{\"regex\":{\"source\":\"slim\\\\-arrow\\\\-down\"}}}{\"controlType\":\"sap.m.ComboBox\",\"viewName\":\"etm.portal.ui.managecontracts.view.EditContract\",\"bindingPath\":{\"propertyPath\":\"RU_TYPE\",\"modelName\":\"catalogModel\"}}"}]}
COMMAND: GET /session/211805a0db2825488b2ffc481472c536/screenshot - {}
RESULT: {"script":"<script> [1562 bytes]","args":[{"selector":{"controlType":"sap.ui.core.Icon","viewName":"etm.portal.ui.managecontracts.view.EditContract","properties":{"src":{"regex":{"source":"slim\\-arrow\\-down"}}},"ancestor":{"controlType":"sap.m.ComboBox","viewName":"etm.portal.ui.managecontracts.view.EditContract","bindingPath":{"propertyPath":"RU_TYPE","modelName":"catalogModel"}}},"wdio_ui5_key":"etmportal.ui.managecontracts.view.EditContractsap.ui.core.Icon{\"src\":{\"regex\":{\"source\":\"slim\\\\-arrow\\\\-down\"}}}{\"controlType\":\"sap.m.ComboBox\",\"viewName\":\"etm.portal.ui.managecontracts.view.EditContract\",\"bindingPath\":{\"propertyPath\":\"RU_TYPE\",\"modelName\":\"catalogModel\"}}"}]}
RESULT: undefined
COMMAND: POST /session/211805a0db2825488b2ffc481472c536/element - {"using":"xpath","value":"//*[@id=\"__box20-arrow\"]"}
RESULT: {}
RESULT: {"using":"xpath","value":"//*[@id=\"__box20-arrow\"]"}
COMMAND: POST /session/211805a0db2825488b2ffc481472c536/element/f.B77A22107D10E5486A044045F14EEE7A.d.4150C95756B0FA3F4A85B30486965547.e.20209/click - {}
RESULT: {}
COMMAND: POST /session/211805a0db2825488b2ffc481472c536/execute/async - {"script":"<script> [1562 bytes]","args":[{"selector":{"controlType":"sap.m.StandardListItem","viewName":"etm.portal.ui.managecontracts.view.EditContract","properties":{"title":"Material"},"searchOpenDialogs":true,"interaction":{"idSuffix":"content"}},"wdio_ui5_key":"etmportal.ui.managecontracts.view.EditContractsap.m.StandardListItem{\"title\":\"Material\"}"}]}
COMMAND: GET /session/211805a0db2825488b2ffc481472c536/screenshot - {}
RESULT: {"script":"<script> [1562 bytes]","args":[{"selector":{"controlType":"sap.m.StandardListItem","viewName":"etm.portal.ui.managecontracts.view.EditContract","properties":{"title":"Material"},"searchOpenDialogs":true,"interaction":{"idSuffix":"content"}},"wdio_ui5_key":"etmportal.ui.managecontracts.view.EditContractsap.m.StandardListItem{\"title\":\"Material\"}"}]}
RESULT: undefined
COMMAND: POST /session/211805a0db2825488b2ffc481472c536/element - {"using":"xpath","value":"//*[@id=\"__item96\"]"}
RESULT: {}
RESULT: {"using":"xpath","value":"//*[@id=\"__item96\"]"}
COMMAND: POST /session/211805a0db2825488b2ffc481472c536/element/f.B77A22107D10E5486A044045F14EEE7A.d.4150C95756B0FA3F4A85B30486965547.e.20212/click - {}
RESULT: {}
COMMAND: POST /session/211805a0db2825488b2ffc481472c536/element - {"using":"xpath","value":"//td[7]/div/div/input"}
COMMAND: GET /session/211805a0db2825488b2ffc481472c536/screenshot - {}
RESULT: {"using":"xpath","value":"//td[7]/div/div/input"}
COMMAND: POST /session/211805a0db2825488b2ffc481472c536/element/f.B77A22107D10E5486A044045F14EEE7A.d.4150C95756B0FA3F4A85B30486965547.e.20215/clear - {}
RESULT: {}
RESULT: {}
COMMAND: POST /session/211805a0db2825488b2ffc481472c536/element/f.B77A22107D10E5486A044045F14EEE7A.d.4150C95756B0FA3F4A85B30486965547.e.20215/value - {"text":"WebdriverRUR2Cab7cz"}
COMMAND: GET /session/211805a0db2825488b2ffc481472c536/screenshot - {}
RESULT: {"text":"WebdriverRUR2Cab7cz"}
COMMAND: GET /session/211805a0db2825488b2ffc481472c536/screenshot - {}
RESULT: {}
RESULT: {}
COMMAND: POST /session/211805a0db2825488b2ffc481472c536/actions - {"actions":[{"id":"action86","type":"key","parameters":{},"actions":[{"type":"keyDown","value":"î€‡"},{"type":"pause","duration":10},{"type":"keyUp","value":"î€‡"}]}]}
RESULT: {"actions":[{"id":"action86","type":"key","parameters":{},"actions":[{"type":"keyDown","value":"î€‡"},{"type":"pause","duration":10},{"type":"keyUp","value":"î€‡"}]}]}
COMMAND: GET /session/211805a0db2825488b2ffc481472c536/screenshot - {}
RESULT: {}
COMMAND: POST /session/211805a0db2825488b2ffc481472c536/element - {"using":"xpath","value":"//button[@data-kt=\"saveButton\"]"}
RESULT: {"using":"xpath","value":"//button[@data-kt=\"saveButton\"]"}
COMMAND: POST /session/211805a0db2825488b2ffc481472c536/element/f.B77A22107D10E5486A044045F14EEE7A.d.4150C95756B0FA3F4A85B30486965547.e.20238/click - {}
RESULT: {}
COMMAND: GET /session/211805a0db2825488b2ffc481472c536/screenshot - {}
RESULT: {}
RESULT: undefined
COMMAND: POST /session/211805a0db2825488b2ffc481472c536/execute/async - {"script":"<script> [6424 bytes]","args":[{"element-6066-11e4-a52e-4f735466cecf":"f.B77A22107D10E5486A044045F14EEE7A.d.4150C95756B0FA3F4A85B30486965547.e.20130"},"getText",[]]}
RESULT: {"script":"<script> [6424 bytes]","args":[{"element-6066-11e4-a52e-4f735466cecf":"f.B77A22107D10E5486A044045F14EEE7A.d.4150C95756B0FA3F4A85B30486965547.e.20130"},"getText",[]]}
COMMAND: DELETE /session/211805a0db2825488b2ffc481472c536 - {}
RESULT: {}
]]></system-out>
    </testcase>
  </testsuite>
</testsuites>