<?xml version="1.0" encoding="UTF-8"?>
<testsuites tests="10" failures="2" errors="2" skipped="0">
  <testsuite timestamp="2025-06-02T16:08:05" time="975.512" tests="4" failures="0" errors="0" skipped="0">
    <properties>
      <property name="specId" value="0" />
      <property name="suiteName" value="Webshop - Hyperlinks visible and working properly  US139085" />
      <property name="capabilities" value="chrome.136_0_7103_93.windows" />
      <property name="file" value="file:///D:/a/1/s/test/specs/R2C/webshop-hyperlinks-yard-site.spec.js" />
    </properties>
    <testcase classname="chrome.136_0_7103_93.windows.Webshop_-_Hyperlinks_visible_and_working_properly__US139085" name="Should create prerequisites for webshop suite" time="320.937">
      <system-out><![CDATA[
COMMAND: POST /session/e6919d4f77c7541395a205767add4f2b/execute/async - {"script":"<script> [1562 bytes]","args":[{"selector":{"controlType":"sap.m.GenericTile","properties":{"header":"Manage Yards"}},"wdio_ui5_key":"sapm.GenericTile{\"header\":\"Manage Yards\"}"}]}
RESULT: {"script":"<script> [1562 bytes]","args":[{"selector":{"controlType":"sap.m.GenericTile","properties":{"header":"Manage Yards"}},"wdio_ui5_key":"sapm.GenericTile{\"header\":\"Manage Yards\"}"}]}
RESULT: undefined
COMMAND: POST /session/e6919d4f77c7541395a205767add4f2b/element - {"using":"xpath","value":"//*[@id=\"__tile41\"]"}
RESULT: {"using":"xpath","value":"//*[@id=\"__tile41\"]"}
COMMAND: POST /session/e6919d4f77c7541395a205767add4f2b/element/f.AEC6E2FDD01581EC588B24590A1694F0.d.37A48D00A074B2A7CE8FCAE139F49181.e.109/click - {}
RESULT: {}
COMMAND: GET /session/e6919d4f77c7541395a205767add4f2b/screenshot - {}
RESULT: {}
COMMAND: POST /session/e6919d4f77c7541395a205767add4f2b/elements - {"using":"xpath","value":"//span[text()='Error']"}
RESULT: {"using":"xpath","value":"//span[text()='Error']"}
COMMAND: POST /session/e6919d4f77c7541395a205767add4f2b/execute/async - {"script":"<script> [1562 bytes]","args":[{"selector":{"controlType":"sap.ui.core.Icon","viewName":"etm.portal.ui.manageyards.view.Master","viewId":"application-manageyards-display-component---masterYard","properties":{"src":{"regex":{"source":"add"}}}},"wdio_ui5_key":"etmportal.ui.manageyards.view.Mastersap.ui.core.Icon{\"src\":{\"regex\":{\"source\":\"add\"}}}"}]}
RESULT: {"script":"<script> [1562 bytes]","args":[{"selector":{"controlType":"sap.ui.core.Icon","viewName":"etm.portal.ui.manageyards.view.Master","viewId":"application-manageyards-display-component---masterYard","properties":{"src":{"regex":{"source":"add"}}}},"wdio_ui5_key":"etmportal.ui.manageyards.view.Mastersap.ui.core.Icon{\"src\":{\"regex\":{\"source\":\"add\"}}}"}]}
RESULT: undefined
COMMAND: POST /session/e6919d4f77c7541395a205767add4f2b/element - {"using":"xpath","value":"//*[@id=\"__button4-img\"]"}
RESULT: {"using":"xpath","value":"//*[@id=\"__button4-img\"]"}
COMMAND: POST /session/e6919d4f77c7541395a205767add4f2b/element/f.AEC6E2FDD01581EC588B24590A1694F0.d.37A48D00A074B2A7CE8FCAE139F49181.e.157/click - {}
RESULT: {}
COMMAND: GET /session/e6919d4f77c7541395a205767add4f2b/screenshot - {}
RESULT: {}
COMMAND: POST /session/e6919d4f77c7541395a205767add4f2b/execute/async - {"script":"<script> [1562 bytes]","args":[{"selector":{"id":"application-manageyards-display-component---NewYard--yardId","interaction":{"idSuffix":"inner"}},"wdio_ui5_key":"applicationmanageyards-display-component---NewYard--yardId"}]}
RESULT: {"script":"<script> [1562 bytes]","args":[{"selector":{"id":"application-manageyards-display-component---NewYard--yardId","interaction":{"idSuffix":"inner"}},"wdio_ui5_key":"applicationmanageyards-display-component---NewYard--yardId"}]}
RESULT: undefined
COMMAND: POST /session/e6919d4f77c7541395a205767add4f2b/element - {"using":"xpath","value":"//*[@id=\"application-manageyards-display-component---NewYard--addressDetailDetailsName1-inner\"]"}
RESULT: {"using":"xpath","value":"//*[@id=\"application-manageyards-display-component---NewYard--addressDetailDetailsName1-inner\"]"}
COMMAND: POST /session/e6919d4f77c7541395a205767add4f2b/element/f.AEC6E2FDD01581EC588B24590A1694F0.d.37A48D00A074B2A7CE8FCAE139F49181.e.370/clear - {}
RESULT: {}
COMMAND: POST /session/e6919d4f77c7541395a205767add4f2b/element/f.AEC6E2FDD01581EC588B24590A1694F0.d.37A48D00A074B2A7CE8FCAE139F49181.e.370/value - {"text":"WebdriverYardbvn3c"}
COMMAND: GET /session/e6919d4f77c7541395a205767add4f2b/screenshot - {}
RESULT: {"text":"WebdriverYardbvn3c"}
COMMAND: POST /session/e6919d4f77c7541395a205767add4f2b/element - {"using":"xpath","value":"//*[@id=\"application-manageyards-display-component---NewYard--addressDetailDetailsLanguage-inner\"]"}
COMMAND: GET /session/e6919d4f77c7541395a205767add4f2b/screenshot - {}
RESULT: {}
RESULT: {"using":"xpath","value":"//*[@id=\"application-manageyards-display-component---NewYard--addressDetailDetailsLanguage-inner\"]"}
COMMAND: POST /session/e6919d4f77c7541395a205767add4f2b/element/f.AEC6E2FDD01581EC588B24590A1694F0.d.37A48D00A074B2A7CE8FCAE139F49181.e.371/clear - {}
RESULT: {}
RESULT: {}
COMMAND: POST /session/e6919d4f77c7541395a205767add4f2b/element/f.AEC6E2FDD01581EC588B24590A1694F0.d.37A48D00A074B2A7CE8FCAE139F49181.e.371/value - {"text":"Romanian"}
COMMAND: GET /session/e6919d4f77c7541395a205767add4f2b/screenshot - {}
RESULT: {"text":"Romanian"}
COMMAND: POST /session/e6919d4f77c7541395a205767add4f2b/element - {"using":"xpath","value":"//input[contains(@id ,\"application-manageyards-display-component---NewYard--addressDetailDetailsName1-inner\")]"}
COMMAND: GET /session/e6919d4f77c7541395a205767add4f2b/screenshot - {}
RESULT: {}
RESULT: {}
RESULT: {"using":"xpath","value":"//input[contains(@id ,\"application-manageyards-display-component---NewYard--addressDetailDetailsName1-inner\")]"}
COMMAND: GET /session/e6919d4f77c7541395a205767add4f2b/element/f.AEC6E2FDD01581EC588B24590A1694F0.d.37A48D00A074B2A7CE8FCAE139F49181.e.370/property/value - {}
RESULT: {}
COMMAND: GET /session/e6919d4f77c7541395a205767add4f2b/screenshot - {}
RESULT: {}
COMMAND: POST /session/e6919d4f77c7541395a205767add4f2b/element - {"using":"xpath","value":"//*[@id=\"application-manageyards-display-component---NewYard--addressDetailDetailsCity1-inner\"]"}
RESULT: {"using":"xpath","value":"//*[@id=\"application-manageyards-display-component---NewYard--addressDetailDetailsCity1-inner\"]"}
COMMAND: POST /session/e6919d4f77c7541395a205767add4f2b/element/f.AEC6E2FDD01581EC588B24590A1694F0.d.37A48D00A074B2A7CE8FCAE139F49181.e.373/clear - {}
RESULT: {}
COMMAND: POST /session/e6919d4f77c7541395a205767add4f2b/element/f.AEC6E2FDD01581EC588B24590A1694F0.d.37A48D00A074B2A7CE8FCAE139F49181.e.373/value - {"text":"Bucuresti"}
COMMAND: GET /session/e6919d4f77c7541395a205767add4f2b/screenshot - {}
RESULT: {"text":"Bucuresti"}
COMMAND: GET /session/e6919d4f77c7541395a205767add4f2b/screenshot - {}
RESULT: {}
RESULT: {}
COMMAND: POST /session/e6919d4f77c7541395a205767add4f2b/element - {"using":"xpath","value":"//*[@id=\"application-manageyards-display-component---NewYard--addressDetailDetailsCountry-inner\"]"}
RESULT: {"using":"xpath","value":"//*[@id=\"application-manageyards-display-component---NewYard--addressDetailDetailsCountry-inner\"]"}
COMMAND: POST /session/e6919d4f77c7541395a205767add4f2b/element/f.AEC6E2FDD01581EC588B24590A1694F0.d.37A48D00A074B2A7CE8FCAE139F49181.e.377/clear - {}
RESULT: {}
COMMAND: POST /session/e6919d4f77c7541395a205767add4f2b/element/f.AEC6E2FDD01581EC588B24590A1694F0.d.37A48D00A074B2A7CE8FCAE139F49181.e.377/value - {"text":"Romania"}
COMMAND: GET /session/e6919d4f77c7541395a205767add4f2b/screenshot - {}
RESULT: {}
RESULT: {"text":"Romania"}
COMMAND: GET /session/e6919d4f77c7541395a205767add4f2b/screenshot - {}
RESULT: {}
COMMAND: POST /session/e6919d4f77c7541395a205767add4f2b/element - {"using":"xpath","value":"//div[contains(text(), \"Commercial\")]"}
RESULT: {"using":"xpath","value":"//div[contains(text(), \"Commercial\")]"}
COMMAND: GET /session/e6919d4f77c7541395a205767add4f2b/element/f.AEC6E2FDD01581EC588B24590A1694F0.d.37A48D00A074B2A7CE8FCAE139F49181.e.563/rect - {}
RESULT: {}
COMMAND: GET /session/e6919d4f77c7541395a205767add4f2b/window/rect - {}
RESULT: {}
COMMAND: POST /session/e6919d4f77c7541395a205767add4f2b/execute/sync - {"script":"<script> [92 bytes]","args":[]}
RESULT: {"script":"<script> [92 bytes]","args":[]}
COMMAND: POST /session/e6919d4f77c7541395a205767add4f2b/actions - {"actions":[{"id":"action1","type":"wheel","parameters":{},"actions":[{"type":"scroll","x":-1841,"y":-44,"deltaX":0,"deltaY":0,"duration":0,"origin":{"element-6066-11e4-a52e-4f735466cecf":"f.AEC6E2FDD01581EC588B24590A1694F0.d.37A48D00A074B2A7CE8FCAE139F49181.e.563"}}]}]}
COMMAND: GET /session/e6919d4f77c7541395a205767add4f2b/screenshot - {}
RESULT: {}
COMMAND: POST /session/e6919d4f77c7541395a205767add4f2b/execute/sync - {"script":"<script> [79 bytes]","args":[{"element-6066-11e4-a52e-4f735466cecf":"f.AEC6E2FDD01581EC588B24590A1694F0.d.37A48D00A074B2A7CE8FCAE139F49181.e.563","ELEMENT":"f.AEC6E2FDD01581EC588B24590A1694F0.d.37A48D00A074B2A7CE8FCAE139F49181.e.563"},{"block":"start","inline":"nearest"}]}
RESULT: {"script":"<script> [79 bytes]","args":[{"element-6066-11e4-a52e-4f735466cecf":"f.AEC6E2FDD01581EC588B24590A1694F0.d.37A48D00A074B2A7CE8FCAE139F49181.e.563","ELEMENT":"f.AEC6E2FDD01581EC588B24590A1694F0.d.37A48D00A074B2A7CE8FCAE139F49181.e.563"},{"block":"start","inline":"nearest"}]}
COMMAND: GET /session/e6919d4f77c7541395a205767add4f2b/screenshot - {}
RESULT: {}
COMMAND: POST /session/e6919d4f77c7541395a205767add4f2b/execute/async - {"script":"<script> [1562 bytes]","args":[{"selector":{"id":"application-manageyards-display-component---NewYard--addressEditDetailsCostObjectCstType-arrow"},"wdio_ui5_key":"applicationmanageyards-display-component---NewYard--addressEditDetailsCostObjectCstType-arrow"}]}
RESULT: {"script":"<script> [1562 bytes]","args":[{"selector":{"id":"application-manageyards-display-component---NewYard--addressEditDetailsCostObjectCstType-arrow"},"wdio_ui5_key":"applicationmanageyards-display-component---NewYard--addressEditDetailsCostObjectCstType-arrow"}]}
RESULT: undefined
COMMAND: POST /session/e6919d4f77c7541395a205767add4f2b/element - {"using":"xpath","value":"//*[@id=\"application-manageyards-display-component---NewYard--addressEditDetailsCostObjectCstType-arrow\"]"}
RESULT: {"using":"xpath","value":"//*[@id=\"application-manageyards-display-component---NewYard--addressEditDetailsCostObjectCstType-arrow\"]"}
COMMAND: POST /session/e6919d4f77c7541395a205767add4f2b/element/f.AEC6E2FDD01581EC588B24590A1694F0.d.37A48D00A074B2A7CE8FCAE139F49181.e.572/click - {}
RESULT: {}
COMMAND: POST /session/e6919d4f77c7541395a205767add4f2b/element - {"using":"xpath","value":"//span[contains(text(), \"Cost Center\")]"}
COMMAND: GET /session/e6919d4f77c7541395a205767add4f2b/screenshot - {}
RESULT: {"using":"xpath","value":"//span[contains(text(), \"Cost Center\")]"}
COMMAND: POST /session/e6919d4f77c7541395a205767add4f2b/element/f.AEC6E2FDD01581EC588B24590A1694F0.d.37A48D00A074B2A7CE8FCAE139F49181.e.573/click - {}
RESULT: {}
RESULT: {}
COMMAND: GET /session/e6919d4f77c7541395a205767add4f2b/screenshot - {}
RESULT: {}
COMMAND: POST /session/e6919d4f77c7541395a205767add4f2b/execute/async - {"script":"<script> [1562 bytes]","args":[{"selector":{"id":"application-manageyards-display-component---NewYard--addressNewCostObjectCstID-vhi"},"wdio_ui5_key":"applicationmanageyards-display-component---NewYard--addressNewCostObjectCstID-vhi"}]}
RESULT: {"script":"<script> [1562 bytes]","args":[{"selector":{"id":"application-manageyards-display-component---NewYard--addressNewCostObjectCstID-vhi"},"wdio_ui5_key":"applicationmanageyards-display-component---NewYard--addressNewCostObjectCstID-vhi"}]}
RESULT: undefined
COMMAND: POST /session/e6919d4f77c7541395a205767add4f2b/element - {"using":"xpath","value":"//*[@id=\"application-manageyards-display-component---NewYard--addressNewCostObjectCstID-vhi\"]"}
RESULT: {"using":"xpath","value":"//*[@id=\"application-manageyards-display-component---NewYard--addressNewCostObjectCstID-vhi\"]"}
COMMAND: POST /session/e6919d4f77c7541395a205767add4f2b/element/f.AEC6E2FDD01581EC588B24590A1694F0.d.37A48D00A074B2A7CE8FCAE139F49181.e.577/click - {}
RESULT: {}
COMMAND: GET /session/e6919d4f77c7541395a205767add4f2b/screenshot - {}
RESULT: {}
COMMAND: POST /session/e6919d4f77c7541395a205767add4f2b/execute/async - {"script":"<script> [1562 bytes]","args":[{"selector":{"controlType":"sap.m.SearchField","properties":{"placeholder":"Search"},"searchOpenDialogs":true,"interaction":{"idSuffix":"I"}},"wdio_ui5_key":"sapm.SearchField{\"placeholder\":\"Search\"}"}]}
RESULT: {"script":"<script> [1562 bytes]","args":[{"selector":{"controlType":"sap.m.SearchField","properties":{"placeholder":"Search"},"searchOpenDialogs":true,"interaction":{"idSuffix":"I"}},"wdio_ui5_key":"sapm.SearchField{\"placeholder\":\"Search\"}"}]}
RESULT: undefined
COMMAND: POST /session/e6919d4f77c7541395a205767add4f2b/execute/async - {"script":"<script> [776 bytes]","args":[{"enterText":"10001013","selector":{"controlType":"sap.m.SearchField","properties":{"placeholder":"Search"},"searchOpenDialogs":true,"interaction":{"idSuffix":"I"}},"clearTextFirst":true,"interactionType":"ENTER_TEXT"}]}
RESULT: {"script":"<script> [776 bytes]","args":[{"enterText":"10001013","selector":{"controlType":"sap.m.SearchField","properties":{"placeholder":"Search"},"searchOpenDialogs":true,"interaction":{"idSuffix":"I"}},"clearTextFirst":true,"interactionType":"ENTER_TEXT"}]}
COMMAND: POST /session/e6919d4f77c7541395a205767add4f2b/actions - {"actions":[{"id":"action2","type":"key","parameters":{},"actions":[{"type":"keyDown","value":"î€‡"},{"type":"pause","duration":10},{"type":"keyUp","value":"î€‡"}]}]}
RESULT: {"actions":[{"id":"action2","type":"key","parameters":{},"actions":[{"type":"keyDown","value":"î€‡"},{"type":"pause","duration":10},{"type":"keyUp","value":"î€‡"}]}]}
COMMAND: GET /session/e6919d4f77c7541395a205767add4f2b/screenshot - {}
RESULT: {}
COMMAND: POST /session/e6919d4f77c7541395a205767add4f2b/element - {"using":"xpath","value":"//span[contains(text(), \"General Management\")]"}
RESULT: {"using":"xpath","value":"//span[contains(text(), \"General Management\")]"}
COMMAND: POST /session/e6919d4f77c7541395a205767add4f2b/element/f.AEC6E2FDD01581EC588B24590A1694F0.d.37A48D00A074B2A7CE8FCAE139F49181.e.619/click - {}
RESULT: {}
COMMAND: GET /session/e6919d4f77c7541395a205767add4f2b/screenshot - {}
RESULT: {}
COMMAND: POST /session/e6919d4f77c7541395a205767add4f2b/element - {"using":"xpath","value":"//bdi[contains(text(), \"OK\")]"}
RESULT: {"using":"xpath","value":"//bdi[contains(text(), \"OK\")]"}
COMMAND: POST /session/e6919d4f77c7541395a205767add4f2b/element/f.AEC6E2FDD01581EC588B24590A1694F0.d.37A48D00A074B2A7CE8FCAE139F49181.e.620/click - {}
RESULT: {}
COMMAND: GET /session/e6919d4f77c7541395a205767add4f2b/screenshot - {}
RESULT: {}
COMMAND: POST /session/e6919d4f77c7541395a205767add4f2b/execute/async - {"script":"<script> [1562 bytes]","args":[{"selector":{"controlType":"sap.m.Button","viewName":"etm.portal.ui.manageyards.view.New","viewId":"application-manageyards-display-component---NewYard","i18NText":{"propertyName":"text","key":"save"},"interaction":{"idSuffix":"inner"}},"wdio_ui5_key":"etmportal.ui.manageyards.view.Newsap.m.Button{\"propertyName\":\"text\",\"key\":\"save\"}"}]}
RESULT: {"script":"<script> [1562 bytes]","args":[{"selector":{"controlType":"sap.m.Button","viewName":"etm.portal.ui.manageyards.view.New","viewId":"application-manageyards-display-component---NewYard","i18NText":{"propertyName":"text","key":"save"},"interaction":{"idSuffix":"inner"}},"wdio_ui5_key":"etmportal.ui.manageyards.view.Newsap.m.Button{\"propertyName\":\"text\",\"key\":\"save\"}"}]}
RESULT: undefined
COMMAND: POST /session/e6919d4f77c7541395a205767add4f2b/element - {"using":"xpath","value":"//*[@id=\"__button18\"]"}
RESULT: {"using":"xpath","value":"//*[@id=\"__button18\"]"}
COMMAND: POST /session/e6919d4f77c7541395a205767add4f2b/element/f.AEC6E2FDD01581EC588B24590A1694F0.d.37A48D00A074B2A7CE8FCAE139F49181.e.543/click - {}
RESULT: {}
COMMAND: GET /session/e6919d4f77c7541395a205767add4f2b/screenshot - {}
RESULT: {}
COMMAND: POST /session/e6919d4f77c7541395a205767add4f2b/element - {"using":"xpath","value":"//header/div/div[2]/div[2]/span"}
RESULT: {"using":"xpath","value":"//header/div/div[2]/div[2]/span"}
COMMAND: GET /session/e6919d4f77c7541395a205767add4f2b/element/f.AEC6E2FDD01581EC588B24590A1694F0.d.37A48D00A074B2A7CE8FCAE139F49181.e.817/text - {}
RESULT: {}
COMMAND: POST /session/e6919d4f77c7541395a205767add4f2b/execute/async - {"script":"<script> [1562 bytes]","args":[{"selector":{"controlType":"sap.m.OverflowToolbarButton","viewName":"etm.portal.ui.manageyards.view.Detail","viewId":"application-manageyards-display-component---detailYard","i18NText":{"propertyName":"tooltip","key":"closeColumn"},"interaction":{"idSuffix":"inner"}},"wdio_ui5_key":"etmportal.ui.manageyards.view.Detailsap.m.OverflowToolbarButton{\"propertyName\":\"tooltip\",\"key\":\"closeColumn\"}"}]}
RESULT: {"script":"<script> [1562 bytes]","args":[{"selector":{"controlType":"sap.m.OverflowToolbarButton","viewName":"etm.portal.ui.manageyards.view.Detail","viewId":"application-manageyards-display-component---detailYard","i18NText":{"propertyName":"tooltip","key":"closeColumn"},"interaction":{"idSuffix":"inner"}},"wdio_ui5_key":"etmportal.ui.manageyards.view.Detailsap.m.OverflowToolbarButton{\"propertyName\":\"tooltip\",\"key\":\"closeColumn\"}"}]}
RESULT: undefined
COMMAND: POST /session/e6919d4f77c7541395a205767add4f2b/element - {"using":"xpath","value":"//*[@id=\"__button42\"]"}
RESULT: {"using":"xpath","value":"//*[@id=\"__button42\"]"}
COMMAND: POST /session/e6919d4f77c7541395a205767add4f2b/element/f.AEC6E2FDD01581EC588B24590A1694F0.d.37A48D00A074B2A7CE8FCAE139F49181.e.819/click - {}
RESULT: {}
COMMAND: GET /session/e6919d4f77c7541395a205767add4f2b/screenshot - {}
RESULT: {}
COMMAND: POST /session/e6919d4f77c7541395a205767add4f2b/element - {"using":"css selector","value":"#shell-header-logo"}
RESULT: {"using":"css selector","value":"#shell-header-logo"}
COMMAND: POST /session/e6919d4f77c7541395a205767add4f2b/element/f.AEC6E2FDD01581EC588B24590A1694F0.d.37A48D00A074B2A7CE8FCAE139F49181.e.112/click - {}
RESULT: {}
COMMAND: GET /session/e6919d4f77c7541395a205767add4f2b/screenshot - {}
RESULT: {}
COMMAND: POST /session/e6919d4f77c7541395a205767add4f2b/refresh - {}
RESULT: {}
COMMAND: GET /session/e6919d4f77c7541395a205767add4f2b/screenshot - {}
RESULT: {}
COMMAND: POST /session/e6919d4f77c7541395a205767add4f2b/execute/async - {"script":"<script> [189 bytes]","args":[]}
RESULT: {"script":"<script> [189 bytes]","args":[]}
COMMAND: POST /session/e6919d4f77c7541395a205767add4f2b/execute/async - {"script":"<script> [123 bytes]","args":[]}
RESULT: {"script":"<script> [123 bytes]","args":[]}
COMMAND: POST /session/e6919d4f77c7541395a205767add4f2b/timeouts - {"script":"<number>"}
RESULT: {"script":"<number>"}
COMMAND: GET /session/e6919d4f77c7541395a205767add4f2b/timeouts - {}
RESULT: {}
RESULT: undefined
COMMAND: POST /session/e6919d4f77c7541395a205767add4f2b/execute/async - {"script":"<script> [2676 bytes]","args":[]}
RESULT: {"script":"<script> [2676 bytes]","args":[]}
COMMAND: POST /session/e6919d4f77c7541395a205767add4f2b/execute/async - {"script":"<script> [2342 bytes]","args":[{"protocol":"http","hostname":"0.0.0.0","path":"/","capabilities":{"browserName":"chrome","goog:chromeOptions":{"binary":"C:\\Program Files\\Google\\Chrome\\Application\\chrome.exe","args":["--start-maximized"]}},"logLevel":"warn","connectionRetryTimeout":120000,"connectionRetryCount":3,"logLevels":{},"enableDirectConnect":true,"strictSSL":true,"_":"65 more keys: [\"cacheDir\",\"port\",\"requestedCapabilities\",\"automationProtocol\",\"baseUrl\",\"waitforInterval\",\"waitforTimeout\",\"onReload\",\"beforeCommand\",\"afterCommand\",\"rootDir\",\"specs\",\"suites\",\"exclude\",\"groupLogsByTestSpec\",\"excludeDriverLogs\",\"bail\",\"framework\",\"reporters\",\"services\",\"maxInstances\",\"maxInstancesPerCapability\",\"injectGlobals\",\"filesToWatch\",\"execArgv\",\"runnerEnv\",\"runner\",\"shard\",\"specFileRetries\",\"specFileRetriesDelay\",\"specFileRetriesDeferred\",\"reporterSyncInterval\",\"reporterSyncTimeout\",\"cucumberFeaturesWithLineNumbers\",\"autoCompileOpts\",\"mochaOpts\",\"jasmineOpts\",\"cucumberOpts\",\"onPrepare\",\"onWorkerStart\",\"onWorkerEnd\",\"before\",\"beforeSession\",\"beforeSuite\",\"beforeHook\",\"beforeTest\",\"afterTest\",\"afterHook\",\"afterSuite\",\"afterSession\",\"after\",\"onComplete\",\"beforeAssertion\",\"afterAssertion\",\"beforeFeature\",\"beforeScenario\",\"beforeStep\",\"afterStep\",\"afterScenario\",\"afterFeature\",\"_\",\"suite\",\"$0\",\"ignoredWorkerServices\",\"wdi5\"]"}]}
RESULT: {"script":"<script> [2342 bytes]","args":[{"protocol":"http","hostname":"0.0.0.0","path":"/","capabilities":{"browserName":"chrome","goog:chromeOptions":{"binary":"C:\\Program Files\\Google\\Chrome\\Application\\chrome.exe","args":["--start-maximized"]}},"logLevel":"warn","connectionRetryTimeout":120000,"connectionRetryCount":3,"logLevels":{},"enableDirectConnect":true,"strictSSL":true,"_":"65 more keys: [\"cacheDir\",\"port\",\"requestedCapabilities\",\"automationProtocol\",\"baseUrl\",\"waitforInterval\",\"waitforTimeout\",\"onReload\",\"beforeCommand\",\"afterCommand\",\"rootDir\",\"specs\",\"suites\",\"exclude\",\"groupLogsByTestSpec\",\"excludeDriverLogs\",\"bail\",\"framework\",\"reporters\",\"services\",\"maxInstances\",\"maxInstancesPerCapability\",\"injectGlobals\",\"filesToWatch\",\"execArgv\",\"runnerEnv\",\"runner\",\"shard\",\"specFileRetries\",\"specFileRetriesDelay\",\"specFileRetriesDeferred\",\"reporterSyncInterval\",\"reporterSyncTimeout\",\"cucumberFeaturesWithLineNumbers\",\"autoCompileOpts\",\"mochaOpts\",\"jasmineOpts\",\"cucumberOpts\",\"onPrepare\",\"onWorkerStart\",\"onWorkerEnd\",\"before\",\"beforeSession\",\"beforeSuite\",\"beforeHook\",\"beforeTest\",\"afterTest\",\"afterHook\",\"afterSuite\",\"afterSession\",\"after\",\"onComplete\",\"beforeAssertion\",\"afterAssertion\",\"beforeFeature\",\"beforeScenario\",\"beforeStep\",\"afterStep\",\"afterScenario\",\"afterFeature\",\"_\",\"suite\",\"$0\",\"ignoredWorkerServices\",\"wdi5\"]"}]}
COMMAND: POST /session/e6919d4f77c7541395a205767add4f2b/execute/async - {"script":"<script> [21126 bytes]","args":[35000]}
RESULT: {"script":"<script> [21126 bytes]","args":[35000]}
COMMAND: POST /session/e6919d4f77c7541395a205767add4f2b/execute/async - {"script":"<script> [1562 bytes]","args":[{"selector":{"controlType":"sap.m.GenericTile","properties":{"header":"Manage Sites"}},"wdio_ui5_key":"sapm.GenericTile{\"header\":\"Manage Sites\"}"}]}
RESULT: {"script":"<script> [1562 bytes]","args":[{"selector":{"controlType":"sap.m.GenericTile","properties":{"header":"Manage Sites"}},"wdio_ui5_key":"sapm.GenericTile{\"header\":\"Manage Sites\"}"}]}
RESULT: undefined
COMMAND: POST /session/e6919d4f77c7541395a205767add4f2b/element - {"using":"xpath","value":"//*[@id=\"__tile40\"]"}
RESULT: {"using":"xpath","value":"//*[@id=\"__tile40\"]"}
COMMAND: POST /session/e6919d4f77c7541395a205767add4f2b/element/f.AEC6E2FDD01581EC588B24590A1694F0.d.A93B8DB332214ADAF3FDC67B7C10E6DA.e.1176/click - {}
RESULT: {}
COMMAND: GET /session/e6919d4f77c7541395a205767add4f2b/screenshot - {}
RESULT: {}
COMMAND: POST /session/e6919d4f77c7541395a205767add4f2b/elements - {"using":"xpath","value":"//span[text()='Error']"}
RESULT: {"using":"xpath","value":"//span[text()='Error']"}
COMMAND: POST /session/e6919d4f77c7541395a205767add4f2b/execute/async - {"script":"<script> [1562 bytes]","args":[{"selector":{"controlType":"sap.ui.core.Icon","viewName":"etm.portal.ui.managesites.view.Master","viewId":"application-managesites-display-component---masterSite","properties":{"src":{"regex":{"source":"add"}}}},"wdio_ui5_key":"etmportal.ui.managesites.view.Mastersap.ui.core.Icon{\"src\":{\"regex\":{\"source\":\"add\"}}}"}]}
RESULT: {"script":"<script> [1562 bytes]","args":[{"selector":{"controlType":"sap.ui.core.Icon","viewName":"etm.portal.ui.managesites.view.Master","viewId":"application-managesites-display-component---masterSite","properties":{"src":{"regex":{"source":"add"}}}},"wdio_ui5_key":"etmportal.ui.managesites.view.Mastersap.ui.core.Icon{\"src\":{\"regex\":{\"source\":\"add\"}}}"}]}
RESULT: undefined
COMMAND: POST /session/e6919d4f77c7541395a205767add4f2b/element - {"using":"xpath","value":"//*[@id=\"__button4-img\"]"}
RESULT: {"using":"xpath","value":"//*[@id=\"__button4-img\"]"}
COMMAND: POST /session/e6919d4f77c7541395a205767add4f2b/element/f.AEC6E2FDD01581EC588B24590A1694F0.d.A93B8DB332214ADAF3FDC67B7C10E6DA.e.1225/click - {}
RESULT: {}
COMMAND: POST /session/e6919d4f77c7541395a205767add4f2b/execute/async - {"script":"<script> [1562 bytes]","args":[{"selector":{"id":"application-managesites-display-component---NewSite--siteId","interaction":{"idSuffix":"inner"}},"wdio_ui5_key":"applicationmanagesites-display-component---NewSite--siteId"}]}
COMMAND: GET /session/e6919d4f77c7541395a205767add4f2b/screenshot - {}
RESULT: {"script":"<script> [1562 bytes]","args":[{"selector":{"id":"application-managesites-display-component---NewSite--siteId","interaction":{"idSuffix":"inner"}},"wdio_ui5_key":"applicationmanagesites-display-component---NewSite--siteId"}]}
RESULT: undefined
COMMAND: POST /session/e6919d4f77c7541395a205767add4f2b/execute/async - {"script":"<script> [1562 bytes]","args":[{"selector":{"id":"application-managesites-display-component---NewSite--addressDetailDetailsName1","interaction":{"idSuffix":"inner"}},"wdio_ui5_key":"applicationmanagesites-display-component---NewSite--addressDetailDetailsName1"}]}
RESULT: {}
RESULT: {"script":"<script> [1562 bytes]","args":[{"selector":{"id":"application-managesites-display-component---NewSite--addressDetailDetailsName1","interaction":{"idSuffix":"inner"}},"wdio_ui5_key":"applicationmanagesites-display-component---NewSite--addressDetailDetailsName1"}]}
RESULT: undefined
COMMAND: POST /session/e6919d4f77c7541395a205767add4f2b/execute/async - {"script":"<script> [776 bytes]","args":[{"enterText":"WebdriverSitexh23yl","selector":{"id":"application-managesites-display-component---NewSite--addressDetailDetailsName1","interaction":{"idSuffix":"inner"}},"clearTextFirst":true,"interactionType":"ENTER_TEXT"}]}
RESULT: {"script":"<script> [776 bytes]","args":[{"enterText":"WebdriverSitexh23yl","selector":{"id":"application-managesites-display-component---NewSite--addressDetailDetailsName1","interaction":{"idSuffix":"inner"}},"clearTextFirst":true,"interactionType":"ENTER_TEXT"}]}
COMMAND: POST /session/e6919d4f77c7541395a205767add4f2b/execute/async - {"script":"<script> [1562 bytes]","args":[{"selector":{"id":"application-managesites-display-component---NewSite--addressDetailDetailsLanguage","interaction":{"idSuffix":"inner"}},"wdio_ui5_key":"applicationmanagesites-display-component---NewSite--addressDetailDetailsLanguage"}]}
RESULT: {"script":"<script> [1562 bytes]","args":[{"selector":{"id":"application-managesites-display-component---NewSite--addressDetailDetailsLanguage","interaction":{"idSuffix":"inner"}},"wdio_ui5_key":"applicationmanagesites-display-component---NewSite--addressDetailDetailsLanguage"}]}
RESULT: undefined
COMMAND: POST /session/e6919d4f77c7541395a205767add4f2b/execute/async - {"script":"<script> [776 bytes]","args":[{"enterText":"Romanian","selector":{"id":"application-managesites-display-component---NewSite--addressDetailDetailsLanguage","interaction":{"idSuffix":"inner"}},"clearTextFirst":true,"interactionType":"ENTER_TEXT"}]}
RESULT: {"script":"<script> [776 bytes]","args":[{"enterText":"Romanian","selector":{"id":"application-managesites-display-component---NewSite--addressDetailDetailsLanguage","interaction":{"idSuffix":"inner"}},"clearTextFirst":true,"interactionType":"ENTER_TEXT"}]}
COMMAND: POST /session/e6919d4f77c7541395a205767add4f2b/execute/async - {"script":"<script> [1562 bytes]","args":[{"selector":{"id":"application-managesites-display-component---NewSite--addressDetailDetailsCity1","interaction":{"idSuffix":"inner"}},"wdio_ui5_key":"applicationmanagesites-display-component---NewSite--addressDetailDetailsCity1"}]}
RESULT: {"script":"<script> [1562 bytes]","args":[{"selector":{"id":"application-managesites-display-component---NewSite--addressDetailDetailsCity1","interaction":{"idSuffix":"inner"}},"wdio_ui5_key":"applicationmanagesites-display-component---NewSite--addressDetailDetailsCity1"}]}
RESULT: undefined
COMMAND: POST /session/e6919d4f77c7541395a205767add4f2b/execute/async - {"script":"<script> [776 bytes]","args":[{"enterText":"Bucharest","selector":{"id":"application-managesites-display-component---NewSite--addressDetailDetailsCity1","interaction":{"idSuffix":"inner"}},"clearTextFirst":true,"interactionType":"ENTER_TEXT"}]}
RESULT: {"script":"<script> [776 bytes]","args":[{"enterText":"Bucharest","selector":{"id":"application-managesites-display-component---NewSite--addressDetailDetailsCity1","interaction":{"idSuffix":"inner"}},"clearTextFirst":true,"interactionType":"ENTER_TEXT"}]}
COMMAND: POST /session/e6919d4f77c7541395a205767add4f2b/execute/async - {"script":"<script> [1562 bytes]","args":[{"selector":{"id":"application-managesites-display-component---NewSite--addressDetailDetailsCountry","interaction":{"idSuffix":"inner"}},"wdio_ui5_key":"applicationmanagesites-display-component---NewSite--addressDetailDetailsCountry"}]}
RESULT: {"script":"<script> [1562 bytes]","args":[{"selector":{"id":"application-managesites-display-component---NewSite--addressDetailDetailsCountry","interaction":{"idSuffix":"inner"}},"wdio_ui5_key":"applicationmanagesites-display-component---NewSite--addressDetailDetailsCountry"}]}
RESULT: undefined
COMMAND: POST /session/e6919d4f77c7541395a205767add4f2b/execute/async - {"script":"<script> [776 bytes]","args":[{"enterText":"Romania","selector":{"id":"application-managesites-display-component---NewSite--addressDetailDetailsCountry","interaction":{"idSuffix":"inner"}},"clearTextFirst":true,"interactionType":"ENTER_TEXT"}]}
RESULT: {"script":"<script> [776 bytes]","args":[{"enterText":"Romania","selector":{"id":"application-managesites-display-component---NewSite--addressDetailDetailsCountry","interaction":{"idSuffix":"inner"}},"clearTextFirst":true,"interactionType":"ENTER_TEXT"}]}
COMMAND: POST /session/e6919d4f77c7541395a205767add4f2b/element - {"using":"css selector","value":"#application-managesites-display-component---NewSite--addressDetailDetailsCalendar-inner"}
RESULT: {"using":"css selector","value":"#application-managesites-display-component---NewSite--addressDetailDetailsCalendar-inner"}
COMMAND: POST /session/e6919d4f77c7541395a205767add4f2b/element/f.AEC6E2FDD01581EC588B24590A1694F0.d.A93B8DB332214ADAF3FDC67B7C10E6DA.e.1412/clear - {}
RESULT: {}
COMMAND: POST /session/e6919d4f77c7541395a205767add4f2b/element/f.AEC6E2FDD01581EC588B24590A1694F0.d.A93B8DB332214ADAF3FDC67B7C10E6DA.e.1412/value - {"text":"Germany"}
COMMAND: GET /session/e6919d4f77c7541395a205767add4f2b/screenshot - {}
RESULT: {"text":"Germany"}
COMMAND: POST /session/e6919d4f77c7541395a205767add4f2b/execute/async - {"script":"<script> [1562 bytes]","args":[{"selector":{"id":"application-managesites-display-component---NewSite--addressEditDetailsCostObjectCstType-arrow"},"wdio_ui5_key":"applicationmanagesites-display-component---NewSite--addressEditDetailsCostObjectCstType-arrow"}]}
COMMAND: GET /session/e6919d4f77c7541395a205767add4f2b/screenshot - {}
RESULT: {}
RESULT: {"script":"<script> [1562 bytes]","args":[{"selector":{"id":"application-managesites-display-component---NewSite--addressEditDetailsCostObjectCstType-arrow"},"wdio_ui5_key":"applicationmanagesites-display-component---NewSite--addressEditDetailsCostObjectCstType-arrow"}]}
RESULT: undefined
COMMAND: POST /session/e6919d4f77c7541395a205767add4f2b/element - {"using":"xpath","value":"//*[@id=\"application-managesites-display-component---NewSite--addressEditDetailsCostObjectCstType-arrow\"]"}
RESULT: {}
RESULT: {"using":"xpath","value":"//*[@id=\"application-managesites-display-component---NewSite--addressEditDetailsCostObjectCstType-arrow\"]"}
COMMAND: POST /session/e6919d4f77c7541395a205767add4f2b/element/f.AEC6E2FDD01581EC588B24590A1694F0.d.A93B8DB332214ADAF3FDC67B7C10E6DA.e.1610/click - {}
RESULT: {}
COMMAND: POST /session/e6919d4f77c7541395a205767add4f2b/element - {"using":"xpath","value":"//span[contains(text(), \"Work Breakdown Structure\")]"}
COMMAND: GET /session/e6919d4f77c7541395a205767add4f2b/screenshot - {}
RESULT: {"using":"xpath","value":"//span[contains(text(), \"Work Breakdown Structure\")]"}
COMMAND: POST /session/e6919d4f77c7541395a205767add4f2b/element/f.AEC6E2FDD01581EC588B24590A1694F0.d.A93B8DB332214ADAF3FDC67B7C10E6DA.e.1611/click - {}
RESULT: {}
RESULT: {}
COMMAND: GET /session/e6919d4f77c7541395a205767add4f2b/screenshot - {}
RESULT: {}
COMMAND: POST /session/e6919d4f77c7541395a205767add4f2b/execute/async - {"script":"<script> [1562 bytes]","args":[{"selector":{"id":"application-managesites-display-component---NewSite--addressNewCostObjectCstID-vhi"},"wdio_ui5_key":"applicationmanagesites-display-component---NewSite--addressNewCostObjectCstID-vhi"}]}
RESULT: {"script":"<script> [1562 bytes]","args":[{"selector":{"id":"application-managesites-display-component---NewSite--addressNewCostObjectCstID-vhi"},"wdio_ui5_key":"applicationmanagesites-display-component---NewSite--addressNewCostObjectCstID-vhi"}]}
RESULT: undefined
COMMAND: POST /session/e6919d4f77c7541395a205767add4f2b/element - {"using":"xpath","value":"//*[@id=\"application-managesites-display-component---NewSite--addressNewCostObjectCstID-vhi\"]"}
RESULT: {"using":"xpath","value":"//*[@id=\"application-managesites-display-component---NewSite--addressNewCostObjectCstID-vhi\"]"}
COMMAND: POST /session/e6919d4f77c7541395a205767add4f2b/element/f.AEC6E2FDD01581EC588B24590A1694F0.d.A93B8DB332214ADAF3FDC67B7C10E6DA.e.1615/click - {}
RESULT: {}
COMMAND: GET /session/e6919d4f77c7541395a205767add4f2b/screenshot - {}
RESULT: {}
COMMAND: POST /session/e6919d4f77c7541395a205767add4f2b/execute/async - {"script":"<script> [1562 bytes]","args":[{"selector":{"controlType":"sap.m.SearchField","properties":{"placeholder":"Search"},"searchOpenDialogs":true,"interaction":{"idSuffix":"I"}},"wdio_ui5_key":"sapm.SearchField{\"placeholder\":\"Search\"}"}]}
RESULT: {"script":"<script> [1562 bytes]","args":[{"selector":{"controlType":"sap.m.SearchField","properties":{"placeholder":"Search"},"searchOpenDialogs":true,"interaction":{"idSuffix":"I"}},"wdio_ui5_key":"sapm.SearchField{\"placeholder\":\"Search\"}"}]}
RESULT: undefined
COMMAND: POST /session/e6919d4f77c7541395a205767add4f2b/execute/async - {"script":"<script> [776 bytes]","args":[{"enterText":"A1-000100-01","selector":{"controlType":"sap.m.SearchField","properties":{"placeholder":"Search"},"searchOpenDialogs":true,"interaction":{"idSuffix":"I"}},"clearTextFirst":true,"interactionType":"ENTER_TEXT"}]}
RESULT: {"script":"<script> [776 bytes]","args":[{"enterText":"A1-000100-01","selector":{"controlType":"sap.m.SearchField","properties":{"placeholder":"Search"},"searchOpenDialogs":true,"interaction":{"idSuffix":"I"}},"clearTextFirst":true,"interactionType":"ENTER_TEXT"}]}
COMMAND: POST /session/e6919d4f77c7541395a205767add4f2b/actions - {"actions":[{"id":"action3","type":"key","parameters":{},"actions":[{"type":"keyDown","value":"î€‡"},{"type":"pause","duration":10},{"type":"keyUp","value":"î€‡"}]}]}
RESULT: {"actions":[{"id":"action3","type":"key","parameters":{},"actions":[{"type":"keyDown","value":"î€‡"},{"type":"pause","duration":10},{"type":"keyUp","value":"î€‡"}]}]}
COMMAND: GET /session/e6919d4f77c7541395a205767add4f2b/screenshot - {}
RESULT: {}
COMMAND: POST /session/e6919d4f77c7541395a205767add4f2b/element - {"using":"xpath","value":"//span[contains(text(), \"Template for ETO-Process\")]"}
RESULT: {"using":"xpath","value":"//span[contains(text(), \"Template for ETO-Process\")]"}
COMMAND: POST /session/e6919d4f77c7541395a205767add4f2b/element/f.AEC6E2FDD01581EC588B24590A1694F0.d.A93B8DB332214ADAF3FDC67B7C10E6DA.e.1635/click - {}
RESULT: {}
COMMAND: GET /session/e6919d4f77c7541395a205767add4f2b/screenshot - {}
RESULT: {}
COMMAND: POST /session/e6919d4f77c7541395a205767add4f2b/element - {"using":"xpath","value":"//bdi[contains(text(), \"OK\")]"}
RESULT: {"using":"xpath","value":"//bdi[contains(text(), \"OK\")]"}
COMMAND: POST /session/e6919d4f77c7541395a205767add4f2b/element/f.AEC6E2FDD01581EC588B24590A1694F0.d.A93B8DB332214ADAF3FDC67B7C10E6DA.e.1636/click - {}
RESULT: {}
COMMAND: GET /session/e6919d4f77c7541395a205767add4f2b/screenshot - {}
RESULT: {}
COMMAND: POST /session/e6919d4f77c7541395a205767add4f2b/element - {"using":"xpath","value":"//input[@id=\"application-managesites-display-component---NewSite--addressDetailDetailsYard-inner\"]"}
RESULT: {"using":"xpath","value":"//input[@id=\"application-managesites-display-component---NewSite--addressDetailDetailsYard-inner\"]"}
COMMAND: POST /session/e6919d4f77c7541395a205767add4f2b/element/f.AEC6E2FDD01581EC588B24590A1694F0.d.A93B8DB332214ADAF3FDC67B7C10E6DA.e.1413/value - {"text":"WebdriverYardbvn3c"}
RESULT: {"text":"WebdriverYardbvn3c"}
COMMAND: GET /session/e6919d4f77c7541395a205767add4f2b/screenshot - {}
RESULT: {}
COMMAND: POST /session/e6919d4f77c7541395a205767add4f2b/actions - {"actions":[{"id":"action4","type":"key","parameters":{},"actions":[{"type":"keyDown","value":"î€‡"},{"type":"pause","duration":10},{"type":"keyUp","value":"î€‡"}]}]}
RESULT: {"actions":[{"id":"action4","type":"key","parameters":{},"actions":[{"type":"keyDown","value":"î€‡"},{"type":"pause","duration":10},{"type":"keyUp","value":"î€‡"}]}]}
COMMAND: GET /session/e6919d4f77c7541395a205767add4f2b/screenshot - {}
RESULT: {}
COMMAND: POST /session/e6919d4f77c7541395a205767add4f2b/element - {"using":"xpath","value":"//input[@id=\"application-managesites-display-component---NewSite--addressDetailDetailsPartner-inner\"]"}
RESULT: {"using":"xpath","value":"//input[@id=\"application-managesites-display-component---NewSite--addressDetailDetailsPartner-inner\"]"}
COMMAND: POST /session/e6919d4f77c7541395a205767add4f2b/elements - {"using":"xpath","value":"//input[@id=\"application-managesites-display-component---NewSite--addressDetailDetailsPartner-inner\"]"}
RESULT: {"using":"xpath","value":"//input[@id=\"application-managesites-display-component---NewSite--addressDetailDetailsPartner-inner\"]"}
COMMAND: POST /session/e6919d4f77c7541395a205767add4f2b/execute/async - {"script":"<script> [1562 bytes]","args":[{"selector":{"controlType":"sap.m.Button","viewName":"etm.portal.ui.managesites.view.NewSmartSite","viewId":"application-managesites-display-component---NewSite","properties":{"text":"Commercial"},"interaction":{"idSuffix":"BDI-content"}},"wdio_ui5_key":"etmportal.ui.managesites.view.NewSmartSitesap.m.Button{\"text\":\"Commercial\"}"}]}
RESULT: {"script":"<script> [1562 bytes]","args":[{"selector":{"controlType":"sap.m.Button","viewName":"etm.portal.ui.managesites.view.NewSmartSite","viewId":"application-managesites-display-component---NewSite","properties":{"text":"Commercial"},"interaction":{"idSuffix":"BDI-content"}},"wdio_ui5_key":"etmportal.ui.managesites.view.NewSmartSitesap.m.Button{\"text\":\"Commercial\"}"}]}
RESULT: undefined
COMMAND: POST /session/e6919d4f77c7541395a205767add4f2b/element - {"using":"xpath","value":"//*[@id=\"application-managesites-display-component---NewSite--ObjectPageLayout-anchBar-__section5-anchor\"]"}
RESULT: {"using":"xpath","value":"//*[@id=\"application-managesites-display-component---NewSite--ObjectPageLayout-anchBar-__section5-anchor\"]"}
COMMAND: POST /session/e6919d4f77c7541395a205767add4f2b/element/f.AEC6E2FDD01581EC588B24590A1694F0.d.A93B8DB332214ADAF3FDC67B7C10E6DA.e.1643/click - {}
RESULT: {}
COMMAND: POST /session/e6919d4f77c7541395a205767add4f2b/execute/async - {"script":"<script> [1562 bytes]","args":[{"selector":{"controlType":"sap.m.Button","viewName":"etm.portal.ui.managesites.view.NewSmartSite","viewId":"application-managesites-display-component---NewSite","i18NText":{"propertyName":"text","key":"save"},"interaction":{"idSuffix":"BDI-content"}},"wdio_ui5_key":"etmportal.ui.managesites.view.NewSmartSitesap.m.Button{\"propertyName\":\"text\",\"key\":\"save\"}"}]}
COMMAND: GET /session/e6919d4f77c7541395a205767add4f2b/screenshot - {}
RESULT: {"script":"<script> [1562 bytes]","args":[{"selector":{"controlType":"sap.m.Button","viewName":"etm.portal.ui.managesites.view.NewSmartSite","viewId":"application-managesites-display-component---NewSite","i18NText":{"propertyName":"text","key":"save"},"interaction":{"idSuffix":"BDI-content"}},"wdio_ui5_key":"etmportal.ui.managesites.view.NewSmartSitesap.m.Button{\"propertyName\":\"text\",\"key\":\"save\"}"}]}
RESULT: undefined
COMMAND: POST /session/e6919d4f77c7541395a205767add4f2b/element - {"using":"xpath","value":"//*[@id=\"__button16\"]"}
RESULT: {}
RESULT: {"using":"xpath","value":"//*[@id=\"__button16\"]"}
COMMAND: POST /session/e6919d4f77c7541395a205767add4f2b/element/f.AEC6E2FDD01581EC588B24590A1694F0.d.A93B8DB332214ADAF3FDC67B7C10E6DA.e.1565/click - {}
RESULT: {}
COMMAND: GET /session/e6919d4f77c7541395a205767add4f2b/screenshot - {}
RESULT: {}
COMMAND: POST /session/e6919d4f77c7541395a205767add4f2b/execute/async - {"script":"<script> [1562 bytes]","args":[{"selector":{"id":"application-managesites-display-component---detailSite--addressDetailDetailsYardText"},"wdio_ui5_key":"applicationmanagesites-display-component---detailSite--addressDetailDetailsYardText"}]}
RESULT: {"script":"<script> [1562 bytes]","args":[{"selector":{"id":"application-managesites-display-component---detailSite--addressDetailDetailsYardText"},"wdio_ui5_key":"applicationmanagesites-display-component---detailSite--addressDetailDetailsYardText"}]}
RESULT: undefined
COMMAND: POST /session/e6919d4f77c7541395a205767add4f2b/element - {"using":"xpath","value":"//header/div/div[2]/div[2]/span"}
RESULT: {"using":"xpath","value":"//header/div/div[2]/div[2]/span"}
COMMAND: GET /session/e6919d4f77c7541395a205767add4f2b/element/f.AEC6E2FDD01581EC588B24590A1694F0.d.A93B8DB332214ADAF3FDC67B7C10E6DA.e.1849/text - {}
RESULT: {}
COMMAND: POST /session/e6919d4f77c7541395a205767add4f2b/element - {"using":"xpath","value":"//header/div/div/div/div/div/div[2]/div/span"}
RESULT: {"using":"xpath","value":"//header/div/div/div/div/div/div[2]/div/span"}
COMMAND: GET /session/e6919d4f77c7541395a205767add4f2b/element/f.AEC6E2FDD01581EC588B24590A1694F0.d.A93B8DB332214ADAF3FDC67B7C10E6DA.e.1850/text - {}
RESULT: {}
COMMAND: POST /session/e6919d4f77c7541395a205767add4f2b/element - {"using":"css selector","value":"#shell-header-logo"}
RESULT: {"using":"css selector","value":"#shell-header-logo"}
COMMAND: POST /session/e6919d4f77c7541395a205767add4f2b/element/f.AEC6E2FDD01581EC588B24590A1694F0.d.A93B8DB332214ADAF3FDC67B7C10E6DA.e.1179/click - {}
RESULT: {}
COMMAND: GET /session/e6919d4f77c7541395a205767add4f2b/screenshot - {}
RESULT: {}
COMMAND: POST /session/e6919d4f77c7541395a205767add4f2b/execute/async - {"script":"<script> [1562 bytes]","args":[{"selector":{"controlType":"sap.m.GenericTile","properties":{"header":"Manage Partners"}},"wdio_ui5_key":"sapm.GenericTile{\"header\":\"Manage Partners\"}"}]}
RESULT: {"script":"<script> [1562 bytes]","args":[{"selector":{"controlType":"sap.m.GenericTile","properties":{"header":"Manage Partners"}},"wdio_ui5_key":"sapm.GenericTile{\"header\":\"Manage Partners\"}"}]}
RESULT: undefined
COMMAND: POST /session/e6919d4f77c7541395a205767add4f2b/element - {"using":"xpath","value":"//*[@id=\"__tile38\"]"}
RESULT: {"using":"xpath","value":"//*[@id=\"__tile38\"]"}
COMMAND: POST /session/e6919d4f77c7541395a205767add4f2b/element/f.AEC6E2FDD01581EC588B24590A1694F0.d.A93B8DB332214ADAF3FDC67B7C10E6DA.e.1852/click - {}
RESULT: {}
COMMAND: GET /session/e6919d4f77c7541395a205767add4f2b/screenshot - {}
RESULT: {}
COMMAND: POST /session/e6919d4f77c7541395a205767add4f2b/elements - {"using":"xpath","value":"//span[text()='Error']"}
RESULT: {"using":"xpath","value":"//span[text()='Error']"}
COMMAND: POST /session/e6919d4f77c7541395a205767add4f2b/execute/async - {"script":"<script> [1562 bytes]","args":[{"selector":{"controlType":"sap.ui.core.Icon","viewName":"etm.portal.ui.managepartners.view.Master","viewId":"application-managepartners-display-component---masterPtm","properties":{"src":{"regex":{"source":"add"}}}},"wdio_ui5_key":"etmportal.ui.managepartners.view.Mastersap.ui.core.Icon{\"src\":{\"regex\":{\"source\":\"add\"}}}"}]}
RESULT: {"script":"<script> [1562 bytes]","args":[{"selector":{"controlType":"sap.ui.core.Icon","viewName":"etm.portal.ui.managepartners.view.Master","viewId":"application-managepartners-display-component---masterPtm","properties":{"src":{"regex":{"source":"add"}}}},"wdio_ui5_key":"etmportal.ui.managepartners.view.Mastersap.ui.core.Icon{\"src\":{\"regex\":{\"source\":\"add\"}}}"}]}
RESULT: undefined
COMMAND: POST /session/e6919d4f77c7541395a205767add4f2b/element - {"using":"xpath","value":"//*[@id=\"__button60-img\"]"}
RESULT: {"using":"xpath","value":"//*[@id=\"__button60-img\"]"}
COMMAND: POST /session/e6919d4f77c7541395a205767add4f2b/element/f.AEC6E2FDD01581EC588B24590A1694F0.d.A93B8DB332214ADAF3FDC67B7C10E6DA.e.1901/click - {}
RESULT: {}
COMMAND: GET /session/e6919d4f77c7541395a205767add4f2b/screenshot - {}
COMMAND: POST /session/e6919d4f77c7541395a205767add4f2b/execute/async - {"script":"<script> [1562 bytes]","args":[{"selector":{"id":"application-managepartners-display-component---NewPartner--partnerId","interaction":{"idSuffix":"inner"}},"wdio_ui5_key":"applicationmanagepartners-display-component---NewPartner--partnerId"}]}
RESULT: {}
RESULT: {"script":"<script> [1562 bytes]","args":[{"selector":{"id":"application-managepartners-display-component---NewPartner--partnerId","interaction":{"idSuffix":"inner"}},"wdio_ui5_key":"applicationmanagepartners-display-component---NewPartner--partnerId"}]}
RESULT: undefined
COMMAND: POST /session/e6919d4f77c7541395a205767add4f2b/execute/async - {"script":"<script> [1562 bytes]","args":[{"selector":{"id":"application-managepartners-display-component---NewPartner--addressDetailDetailsName1","interaction":{"idSuffix":"inner"}},"wdio_ui5_key":"applicationmanagepartners-display-component---NewPartner--addressDetailDetailsName1"}]}
RESULT: {"script":"<script> [1562 bytes]","args":[{"selector":{"id":"application-managepartners-display-component---NewPartner--addressDetailDetailsName1","interaction":{"idSuffix":"inner"}},"wdio_ui5_key":"applicationmanagepartners-display-component---NewPartner--addressDetailDetailsName1"}]}
RESULT: undefined
COMMAND: POST /session/e6919d4f77c7541395a205767add4f2b/execute/async - {"script":"<script> [776 bytes]","args":[{"enterText":"WebdriverPartnerv5r5y","selector":{"id":"application-managepartners-display-component---NewPartner--addressDetailDetailsName1","interaction":{"idSuffix":"inner"}},"clearTextFirst":true,"interactionType":"ENTER_TEXT"}]}
RESULT: {"script":"<script> [776 bytes]","args":[{"enterText":"WebdriverPartnerv5r5y","selector":{"id":"application-managepartners-display-component---NewPartner--addressDetailDetailsName1","interaction":{"idSuffix":"inner"}},"clearTextFirst":true,"interactionType":"ENTER_TEXT"}]}
COMMAND: POST /session/e6919d4f77c7541395a205767add4f2b/execute/async - {"script":"<script> [1562 bytes]","args":[{"selector":{"id":"application-managepartners-display-component---NewPartner--addressDetailDetailsLanguage","interaction":{"idSuffix":"inner"}},"wdio_ui5_key":"applicationmanagepartners-display-component---NewPartner--addressDetailDetailsLanguage"}]}
RESULT: {"script":"<script> [1562 bytes]","args":[{"selector":{"id":"application-managepartners-display-component---NewPartner--addressDetailDetailsLanguage","interaction":{"idSuffix":"inner"}},"wdio_ui5_key":"applicationmanagepartners-display-component---NewPartner--addressDetailDetailsLanguage"}]}
RESULT: undefined
COMMAND: POST /session/e6919d4f77c7541395a205767add4f2b/execute/async - {"script":"<script> [776 bytes]","args":[{"enterText":"Romanian","selector":{"id":"application-managepartners-display-component---NewPartner--addressDetailDetailsLanguage","interaction":{"idSuffix":"inner"}},"clearTextFirst":true,"interactionType":"ENTER_TEXT"}]}
RESULT: {"script":"<script> [776 bytes]","args":[{"enterText":"Romanian","selector":{"id":"application-managepartners-display-component---NewPartner--addressDetailDetailsLanguage","interaction":{"idSuffix":"inner"}},"clearTextFirst":true,"interactionType":"ENTER_TEXT"}]}
COMMAND: POST /session/e6919d4f77c7541395a205767add4f2b/element - {"using":"xpath","value":"//input[contains(@id ,\"application-managepartners-display-component---NewPartner--addressDetailDetailsName1-inner\")]"}
RESULT: {"using":"xpath","value":"//input[contains(@id ,\"application-managepartners-display-component---NewPartner--addressDetailDetailsName1-inner\")]"}
COMMAND: GET /session/e6919d4f77c7541395a205767add4f2b/element/f.AEC6E2FDD01581EC588B24590A1694F0.d.A93B8DB332214ADAF3FDC67B7C10E6DA.e.2078/property/value - {}
RESULT: {}
COMMAND: POST /session/e6919d4f77c7541395a205767add4f2b/execute/async - {"script":"<script> [1562 bytes]","args":[{"selector":{"id":"application-managepartners-display-component---NewPartner--addressDetailDetailsCity1","interaction":{"idSuffix":"inner"}},"wdio_ui5_key":"applicationmanagepartners-display-component---NewPartner--addressDetailDetailsCity1"}]}
COMMAND: GET /session/e6919d4f77c7541395a205767add4f2b/screenshot - {}
RESULT: {"script":"<script> [1562 bytes]","args":[{"selector":{"id":"application-managepartners-display-component---NewPartner--addressDetailDetailsCity1","interaction":{"idSuffix":"inner"}},"wdio_ui5_key":"applicationmanagepartners-display-component---NewPartner--addressDetailDetailsCity1"}]}
RESULT: undefined
COMMAND: POST /session/e6919d4f77c7541395a205767add4f2b/execute/async - {"script":"<script> [776 bytes]","args":[{"enterText":"Bucharest","selector":{"id":"application-managepartners-display-component---NewPartner--addressDetailDetailsCity1","interaction":{"idSuffix":"inner"}},"clearTextFirst":true,"interactionType":"ENTER_TEXT"}]}
RESULT: {}
RESULT: {"script":"<script> [776 bytes]","args":[{"enterText":"Bucharest","selector":{"id":"application-managepartners-display-component---NewPartner--addressDetailDetailsCity1","interaction":{"idSuffix":"inner"}},"clearTextFirst":true,"interactionType":"ENTER_TEXT"}]}
COMMAND: POST /session/e6919d4f77c7541395a205767add4f2b/execute/async - {"script":"<script> [1562 bytes]","args":[{"selector":{"id":"application-managepartners-display-component---NewPartner--addressDetailDetailsCountry","interaction":{"idSuffix":"inner"}},"wdio_ui5_key":"applicationmanagepartners-display-component---NewPartner--addressDetailDetailsCountry"}]}
RESULT: {"script":"<script> [1562 bytes]","args":[{"selector":{"id":"application-managepartners-display-component---NewPartner--addressDetailDetailsCountry","interaction":{"idSuffix":"inner"}},"wdio_ui5_key":"applicationmanagepartners-display-component---NewPartner--addressDetailDetailsCountry"}]}
RESULT: undefined
COMMAND: POST /session/e6919d4f77c7541395a205767add4f2b/execute/async - {"script":"<script> [6424 bytes]","args":[{"element-6066-11e4-a52e-4f735466cecf":"f.AEC6E2FDD01581EC588B24590A1694F0.d.A93B8DB332214ADAF3FDC67B7C10E6DA.e.2085"},"setValue",["Romania"]]}
RESULT: {"script":"<script> [6424 bytes]","args":[{"element-6066-11e4-a52e-4f735466cecf":"f.AEC6E2FDD01581EC588B24590A1694F0.d.A93B8DB332214ADAF3FDC67B7C10E6DA.e.2085"},"setValue",["Romania"]]}
COMMAND: POST /session/e6919d4f77c7541395a205767add4f2b/execute/async - {"script":"<script> [1562 bytes]","args":[{"selector":{"id":"application-managepartners-display-component---NewPartner--partnerDetailInternal","interaction":{"idSuffix":"inner"}},"wdio_ui5_key":"applicationmanagepartners-display-component---NewPartner--partnerDetailInternal"}]}
RESULT: {"script":"<script> [1562 bytes]","args":[{"selector":{"id":"application-managepartners-display-component---NewPartner--partnerDetailInternal","interaction":{"idSuffix":"inner"}},"wdio_ui5_key":"applicationmanagepartners-display-component---NewPartner--partnerDetailInternal"}]}
RESULT: undefined
COMMAND: POST /session/e6919d4f77c7541395a205767add4f2b/execute/async - {"script":"<script> [776 bytes]","args":[{"enterText":"External partner","selector":{"id":"application-managepartners-display-component---NewPartner--partnerDetailInternal","interaction":{"idSuffix":"inner"}},"clearTextFirst":true,"interactionType":"ENTER_TEXT"}]}
RESULT: {"script":"<script> [776 bytes]","args":[{"enterText":"External partner","selector":{"id":"application-managepartners-display-component---NewPartner--partnerDetailInternal","interaction":{"idSuffix":"inner"}},"clearTextFirst":true,"interactionType":"ENTER_TEXT"}]}
COMMAND: POST /session/e6919d4f77c7541395a205767add4f2b/execute/async - {"script":"<script> [1562 bytes]","args":[{"selector":{"id":"application-managepartners-display-component---NewPartner--partnerDetailsCurrency","interaction":{"idSuffix":"inner"}},"wdio_ui5_key":"applicationmanagepartners-display-component---NewPartner--partnerDetailsCurrency"}]}
RESULT: {"script":"<script> [1562 bytes]","args":[{"selector":{"id":"application-managepartners-display-component---NewPartner--partnerDetailsCurrency","interaction":{"idSuffix":"inner"}},"wdio_ui5_key":"applicationmanagepartners-display-component---NewPartner--partnerDetailsCurrency"}]}
RESULT: undefined
COMMAND: POST /session/e6919d4f77c7541395a205767add4f2b/execute/async - {"script":"<script> [776 bytes]","args":[{"enterText":"Euro","selector":{"id":"application-managepartners-display-component---NewPartner--partnerDetailsCurrency","interaction":{"idSuffix":"inner"}},"clearTextFirst":true,"interactionType":"ENTER_TEXT"}]}
RESULT: {"script":"<script> [776 bytes]","args":[{"enterText":"Euro","selector":{"id":"application-managepartners-display-component---NewPartner--partnerDetailsCurrency","interaction":{"idSuffix":"inner"}},"clearTextFirst":true,"interactionType":"ENTER_TEXT"}]}
COMMAND: POST /session/e6919d4f77c7541395a205767add4f2b/execute/async - {"script":"<script> [1562 bytes]","args":[{"selector":{"controlType":"sap.m.Button","viewName":"etm.portal.ui.managepartners.view.NewPartner","viewId":"application-managepartners-display-component---NewPartner","properties":{"text":"Commercial"},"interaction":{"idSuffix":"BDI-content"}},"wdio_ui5_key":"etmportal.ui.managepartners.view.NewPartnersap.m.Button{\"text\":\"Commercial\"}"}]}
RESULT: {"script":"<script> [1562 bytes]","args":[{"selector":{"controlType":"sap.m.Button","viewName":"etm.portal.ui.managepartners.view.NewPartner","viewId":"application-managepartners-display-component---NewPartner","properties":{"text":"Commercial"},"interaction":{"idSuffix":"BDI-content"}},"wdio_ui5_key":"etmportal.ui.managepartners.view.NewPartnersap.m.Button{\"text\":\"Commercial\"}"}]}
RESULT: undefined
COMMAND: POST /session/e6919d4f77c7541395a205767add4f2b/element - {"using":"xpath","value":"//*[@id=\"application-managepartners-display-component---NewPartner--ObjectPageLayout-anchBar-__section29-anchor\"]"}
RESULT: {"using":"xpath","value":"//*[@id=\"application-managepartners-display-component---NewPartner--ObjectPageLayout-anchBar-__section29-anchor\"]"}
COMMAND: POST /session/e6919d4f77c7541395a205767add4f2b/element/f.AEC6E2FDD01581EC588B24590A1694F0.d.A93B8DB332214ADAF3FDC67B7C10E6DA.e.2322/click - {}
RESULT: {}
COMMAND: GET /session/e6919d4f77c7541395a205767add4f2b/screenshot - {}
RESULT: {}
COMMAND: POST /session/e6919d4f77c7541395a205767add4f2b/execute/async - {"script":"<script> [1562 bytes]","args":[{"selector":{"id":"application-managepartners-display-component---NewPartner--btnAddTableRow-img"},"wdio_ui5_key":"applicationmanagepartners-display-component---NewPartner--btnAddTableRow-img"}]}
RESULT: {"script":"<script> [1562 bytes]","args":[{"selector":{"id":"application-managepartners-display-component---NewPartner--btnAddTableRow-img"},"wdio_ui5_key":"applicationmanagepartners-display-component---NewPartner--btnAddTableRow-img"}]}
RESULT: undefined
COMMAND: POST /session/e6919d4f77c7541395a205767add4f2b/element - {"using":"xpath","value":"//*[@id=\"application-managepartners-display-component---NewPartner--btnAddTableRow-img\"]"}
RESULT: {"using":"xpath","value":"//*[@id=\"application-managepartners-display-component---NewPartner--btnAddTableRow-img\"]"}
COMMAND: POST /session/e6919d4f77c7541395a205767add4f2b/element/f.AEC6E2FDD01581EC588B24590A1694F0.d.A93B8DB332214ADAF3FDC67B7C10E6DA.e.2328/click - {}
RESULT: {}
COMMAND: POST /session/e6919d4f77c7541395a205767add4f2b/element - {"using":"xpath","value":"//input[contains(@id ,\"application-managepartners-display-component---NewPartner--assignmentYard-application-managepartners-display-component---NewPartner\")]"}
COMMAND: GET /session/e6919d4f77c7541395a205767add4f2b/screenshot - {}
RESULT: {"using":"xpath","value":"//input[contains(@id ,\"application-managepartners-display-component---NewPartner--assignmentYard-application-managepartners-display-component---NewPartner\")]"}
COMMAND: POST /session/e6919d4f77c7541395a205767add4f2b/element/f.AEC6E2FDD01581EC588B24590A1694F0.d.A93B8DB332214ADAF3FDC67B7C10E6DA.e.2332/clear - {}
RESULT: {}
RESULT: {}
COMMAND: POST /session/e6919d4f77c7541395a205767add4f2b/element/f.AEC6E2FDD01581EC588B24590A1694F0.d.A93B8DB332214ADAF3FDC67B7C10E6DA.e.2332/value - {"text":"WebdriverYardbvn3c"}
COMMAND: GET /session/e6919d4f77c7541395a205767add4f2b/screenshot - {}
RESULT: {"text":"WebdriverYardbvn3c"}
COMMAND: GET /session/e6919d4f77c7541395a205767add4f2b/screenshot - {}
RESULT: {}
RESULT: {}
COMMAND: POST /session/e6919d4f77c7541395a205767add4f2b/execute/async - {"script":"<script> [1562 bytes]","args":[{"selector":{"controlType":"sap.m.Button","viewName":"etm.portal.ui.managepartners.view.NewPartner","viewId":"application-managepartners-display-component---NewPartner","i18NText":{"propertyName":"text","key":"save"},"interaction":{"idSuffix":"BDI-content"}},"wdio_ui5_key":"etmportal.ui.managepartners.view.NewPartnersap.m.Button{\"propertyName\":\"text\",\"key\":\"save\"}"}]}
RESULT: {"script":"<script> [1562 bytes]","args":[{"selector":{"controlType":"sap.m.Button","viewName":"etm.portal.ui.managepartners.view.NewPartner","viewId":"application-managepartners-display-component---NewPartner","i18NText":{"propertyName":"text","key":"save"},"interaction":{"idSuffix":"BDI-content"}},"wdio_ui5_key":"etmportal.ui.managepartners.view.NewPartnersap.m.Button{\"propertyName\":\"text\",\"key\":\"save\"}"}]}
RESULT: undefined
COMMAND: POST /session/e6919d4f77c7541395a205767add4f2b/element - {"using":"xpath","value":"//*[@id=\"__button68\"]"}
RESULT: {"using":"xpath","value":"//*[@id=\"__button68\"]"}
COMMAND: POST /session/e6919d4f77c7541395a205767add4f2b/element/f.AEC6E2FDD01581EC588B24590A1694F0.d.A93B8DB332214ADAF3FDC67B7C10E6DA.e.2293/click - {}
RESULT: {}
COMMAND: GET /session/e6919d4f77c7541395a205767add4f2b/screenshot - {}
RESULT: {}
COMMAND: POST /session/e6919d4f77c7541395a205767add4f2b/element - {"using":"xpath","value":"//header/div/div[2]/div[2]/span"}
RESULT: {"using":"xpath","value":"//header/div/div[2]/div[2]/span"}
COMMAND: GET /session/e6919d4f77c7541395a205767add4f2b/element/f.AEC6E2FDD01581EC588B24590A1694F0.d.A93B8DB332214ADAF3FDC67B7C10E6DA.e.2504/text - {}
RESULT: {}
COMMAND: POST /session/e6919d4f77c7541395a205767add4f2b/element - {"using":"xpath","value":"//header/div/div/div/div/div/div[2]/div/span"}
RESULT: {"using":"xpath","value":"//header/div/div/div/div/div/div[2]/div/span"}
COMMAND: GET /session/e6919d4f77c7541395a205767add4f2b/element/f.AEC6E2FDD01581EC588B24590A1694F0.d.A93B8DB332214ADAF3FDC67B7C10E6DA.e.2505/text - {}
RESULT: {}
COMMAND: POST /session/e6919d4f77c7541395a205767add4f2b/execute/async - {"script":"<script> [1562 bytes]","args":[{"selector":{"id":"application-managepartners-display-component---detailPtm--partnerType"},"wdio_ui5_key":"applicationmanagepartners-display-component---detailPtm--partnerType"}]}
RESULT: {"script":"<script> [1562 bytes]","args":[{"selector":{"id":"application-managepartners-display-component---detailPtm--partnerType"},"wdio_ui5_key":"applicationmanagepartners-display-component---detailPtm--partnerType"}]}
RESULT: undefined
COMMAND: POST /session/e6919d4f77c7541395a205767add4f2b/execute/async - {"script":"<script> [6424 bytes]","args":[{"element-6066-11e4-a52e-4f735466cecf":"f.AEC6E2FDD01581EC588B24590A1694F0.d.A93B8DB332214ADAF3FDC67B7C10E6DA.e.2506"},"getText",[]]}
RESULT: {"script":"<script> [6424 bytes]","args":[{"element-6066-11e4-a52e-4f735466cecf":"f.AEC6E2FDD01581EC588B24590A1694F0.d.A93B8DB332214ADAF3FDC67B7C10E6DA.e.2506"},"getText",[]]}
COMMAND: POST /session/e6919d4f77c7541395a205767add4f2b/element - {"using":"css selector","value":"#shell-header-logo"}
RESULT: {"using":"css selector","value":"#shell-header-logo"}
COMMAND: POST /session/e6919d4f77c7541395a205767add4f2b/element/f.AEC6E2FDD01581EC588B24590A1694F0.d.A93B8DB332214ADAF3FDC67B7C10E6DA.e.1854/click - {}
RESULT: {}
COMMAND: GET /session/e6919d4f77c7541395a205767add4f2b/screenshot - {}
RESULT: {}
]]></system-out>
    </testcase>
    <testcase classname="chrome.136_0_7103_93.windows.Webshop_-_Hyperlinks_visible_and_working_properly__US139085" name="Should create a new contract" time="107.496">
      <system-out><![CDATA[
COMMAND: POST /session/e6919d4f77c7541395a205767add4f2b/execute/async - {"script":"<script> [1562 bytes]","args":[{"selector":{"controlType":"sap.m.GenericTile","properties":{"header":"Manage Contracts"}},"wdio_ui5_key":"sapm.GenericTile{\"header\":\"Manage Contracts\"}"}]}
RESULT: {"script":"<script> [1562 bytes]","args":[{"selector":{"controlType":"sap.m.GenericTile","properties":{"header":"Manage Contracts"}},"wdio_ui5_key":"sapm.GenericTile{\"header\":\"Manage Contracts\"}"}]}
RESULT: undefined
COMMAND: POST /session/e6919d4f77c7541395a205767add4f2b/element - {"using":"xpath","value":"//*[@id=\"__tile130\"]"}
RESULT: {"using":"xpath","value":"//*[@id=\"__tile130\"]"}
COMMAND: POST /session/e6919d4f77c7541395a205767add4f2b/element/f.AEC6E2FDD01581EC588B24590A1694F0.d.A93B8DB332214ADAF3FDC67B7C10E6DA.e.2508/click - {}
RESULT: {}
COMMAND: GET /session/e6919d4f77c7541395a205767add4f2b/screenshot - {}
RESULT: {}
COMMAND: POST /session/e6919d4f77c7541395a205767add4f2b/elements - {"using":"xpath","value":"//span[text()='Error']"}
RESULT: {"using":"xpath","value":"//span[text()='Error']"}
COMMAND: POST /session/e6919d4f77c7541395a205767add4f2b/element - {"using":"xpath","value":"//button[@data-kt=\"addButton\"]"}
RESULT: {"using":"xpath","value":"//button[@data-kt=\"addButton\"]"}
COMMAND: POST /session/e6919d4f77c7541395a205767add4f2b/element/f.AEC6E2FDD01581EC588B24590A1694F0.d.A93B8DB332214ADAF3FDC67B7C10E6DA.e.2560/click - {}
RESULT: {}
COMMAND: GET /session/e6919d4f77c7541395a205767add4f2b/screenshot - {}
RESULT: {}
COMMAND: POST /session/e6919d4f77c7541395a205767add4f2b/execute/async - {"script":"<script> [1562 bytes]","args":[{"selector":{"id":"application-managecontracts-display-component---AddNewContract--projectDescription","interaction":{"idSuffix":"inner"}},"wdio_ui5_key":"applicationmanagecontracts-display-component---AddNewContract--projectDescription"}]}
RESULT: {"script":"<script> [1562 bytes]","args":[{"selector":{"id":"application-managecontracts-display-component---AddNewContract--projectDescription","interaction":{"idSuffix":"inner"}},"wdio_ui5_key":"applicationmanagecontracts-display-component---AddNewContract--projectDescription"}]}
RESULT: undefined
COMMAND: POST /session/e6919d4f77c7541395a205767add4f2b/execute/async - {"script":"<script> [776 bytes]","args":[{"enterText":"WdIOTestj4lsk","selector":{"id":"application-managecontracts-display-component---AddNewContract--projectDescription","interaction":{"idSuffix":"inner"}},"clearTextFirst":true,"interactionType":"ENTER_TEXT"}]}
RESULT: {"script":"<script> [776 bytes]","args":[{"enterText":"WdIOTestj4lsk","selector":{"id":"application-managecontracts-display-component---AddNewContract--projectDescription","interaction":{"idSuffix":"inner"}},"clearTextFirst":true,"interactionType":"ENTER_TEXT"}]}
COMMAND: POST /session/e6919d4f77c7541395a205767add4f2b/element - {"using":"xpath","value":"//input[@id=\"application-managecontracts-display-component---AddNewContract--yardId-inner\"]"}
RESULT: {"using":"xpath","value":"//input[@id=\"application-managecontracts-display-component---AddNewContract--yardId-inner\"]"}
COMMAND: POST /session/e6919d4f77c7541395a205767add4f2b/element/f.AEC6E2FDD01581EC588B24590A1694F0.d.A93B8DB332214ADAF3FDC67B7C10E6DA.e.2825/clear - {}
RESULT: {}
COMMAND: POST /session/e6919d4f77c7541395a205767add4f2b/element/f.AEC6E2FDD01581EC588B24590A1694F0.d.A93B8DB332214ADAF3FDC67B7C10E6DA.e.2825/value - {"text":"WebdriverYardbvn3c"}
COMMAND: GET /session/e6919d4f77c7541395a205767add4f2b/screenshot - {}
RESULT: {"text":"WebdriverYardbvn3c"}
COMMAND: GET /session/e6919d4f77c7541395a205767add4f2b/screenshot - {}
RESULT: {}
RESULT: {}
COMMAND: POST /session/e6919d4f77c7541395a205767add4f2b/actions - {"actions":[{"id":"action5","type":"key","parameters":{},"actions":[{"type":"keyDown","value":"î€‡"},{"type":"pause","duration":10},{"type":"keyUp","value":"î€‡"}]}]}
RESULT: {"actions":[{"id":"action5","type":"key","parameters":{},"actions":[{"type":"keyDown","value":"î€‡"},{"type":"pause","duration":10},{"type":"keyUp","value":"î€‡"}]}]}
COMMAND: GET /session/e6919d4f77c7541395a205767add4f2b/screenshot - {}
RESULT: {}
COMMAND: POST /session/e6919d4f77c7541395a205767add4f2b/element - {"using":"xpath","value":"//input[@id=\"application-managecontracts-display-component---AddNewContract--customerSelect-inner\"]"}
RESULT: {"using":"xpath","value":"//input[@id=\"application-managecontracts-display-component---AddNewContract--customerSelect-inner\"]"}
COMMAND: POST /session/e6919d4f77c7541395a205767add4f2b/element/f.AEC6E2FDD01581EC588B24590A1694F0.d.A93B8DB332214ADAF3FDC67B7C10E6DA.e.2823/clear - {}
RESULT: {}
COMMAND: POST /session/e6919d4f77c7541395a205767add4f2b/element/f.AEC6E2FDD01581EC588B24590A1694F0.d.A93B8DB332214ADAF3FDC67B7C10E6DA.e.2823/value - {"text":"WebdriverPartnerv5r5y"}
COMMAND: GET /session/e6919d4f77c7541395a205767add4f2b/screenshot - {}
RESULT: {"text":"WebdriverPartnerv5r5y"}
COMMAND: GET /session/e6919d4f77c7541395a205767add4f2b/screenshot - {}
RESULT: {}
RESULT: {}
COMMAND: POST /session/e6919d4f77c7541395a205767add4f2b/actions - {"actions":[{"id":"action6","type":"key","parameters":{},"actions":[{"type":"keyDown","value":"î€‡"},{"type":"pause","duration":10},{"type":"keyUp","value":"î€‡"}]}]}
RESULT: {"actions":[{"id":"action6","type":"key","parameters":{},"actions":[{"type":"keyDown","value":"î€‡"},{"type":"pause","duration":10},{"type":"keyUp","value":"î€‡"}]}]}
COMMAND: GET /session/e6919d4f77c7541395a205767add4f2b/screenshot - {}
RESULT: {}
COMMAND: POST /session/e6919d4f77c7541395a205767add4f2b/element - {"using":"xpath","value":"//input[@id=\"application-managecontracts-display-component---AddNewContract--site-inner\"]"}
RESULT: {"using":"xpath","value":"//input[@id=\"application-managecontracts-display-component---AddNewContract--site-inner\"]"}
COMMAND: POST /session/e6919d4f77c7541395a205767add4f2b/element/f.AEC6E2FDD01581EC588B24590A1694F0.d.A93B8DB332214ADAF3FDC67B7C10E6DA.e.2824/clear - {}
RESULT: {}
COMMAND: POST /session/e6919d4f77c7541395a205767add4f2b/element/f.AEC6E2FDD01581EC588B24590A1694F0.d.A93B8DB332214ADAF3FDC67B7C10E6DA.e.2824/value - {"text":"WebdriverSitexh23yl"}
COMMAND: GET /session/e6919d4f77c7541395a205767add4f2b/screenshot - {}
RESULT: {"text":"WebdriverSitexh23yl"}
COMMAND: GET /session/e6919d4f77c7541395a205767add4f2b/screenshot - {}
RESULT: {}
RESULT: {}
COMMAND: POST /session/e6919d4f77c7541395a205767add4f2b/actions - {"actions":[{"id":"action7","type":"key","parameters":{},"actions":[{"type":"keyDown","value":"î€‡"},{"type":"pause","duration":10},{"type":"keyUp","value":"î€‡"}]}]}
RESULT: {"actions":[{"id":"action7","type":"key","parameters":{},"actions":[{"type":"keyDown","value":"î€‡"},{"type":"pause","duration":10},{"type":"keyUp","value":"î€‡"}]}]}
COMMAND: GET /session/e6919d4f77c7541395a205767add4f2b/screenshot - {}
RESULT: {}
COMMAND: POST /session/e6919d4f77c7541395a205767add4f2b/element - {"using":"xpath","value":"//button[@data-kt=\"saveButton\"]"}
RESULT: {"using":"xpath","value":"//button[@data-kt=\"saveButton\"]"}
COMMAND: POST /session/e6919d4f77c7541395a205767add4f2b/element/f.AEC6E2FDD01581EC588B24590A1694F0.d.A93B8DB332214ADAF3FDC67B7C10E6DA.e.2899/click - {}
RESULT: {}
COMMAND: GET /session/e6919d4f77c7541395a205767add4f2b/screenshot - {}
RESULT: {}
COMMAND: POST /session/e6919d4f77c7541395a205767add4f2b/execute/async - {"script":"<script> [1562 bytes]","args":[{"selector":{"id":"contractDetailTitleNoExpanded","viewName":"etm.portal.ui.managecontracts.view.Detail"},"wdio_ui5_key":"contractDetailTitleNoExpandedetmportal.ui.managecontracts.view.Detail"}]}
RESULT: {"script":"<script> [1562 bytes]","args":[{"selector":{"id":"contractDetailTitleNoExpanded","viewName":"etm.portal.ui.managecontracts.view.Detail"},"wdio_ui5_key":"contractDetailTitleNoExpandedetmportal.ui.managecontracts.view.Detail"}]}
RESULT: undefined
COMMAND: POST /session/e6919d4f77c7541395a205767add4f2b/execute/async - {"script":"<script> [6424 bytes]","args":[{"element-6066-11e4-a52e-4f735466cecf":"f.AEC6E2FDD01581EC588B24590A1694F0.d.A93B8DB332214ADAF3FDC67B7C10E6DA.e.2987"},"getText",[]]}
RESULT: {"script":"<script> [6424 bytes]","args":[{"element-6066-11e4-a52e-4f735466cecf":"f.AEC6E2FDD01581EC588B24590A1694F0.d.A93B8DB332214ADAF3FDC67B7C10E6DA.e.2987"},"getText",[]]}
COMMAND: POST /session/e6919d4f77c7541395a205767add4f2b/element - {"using":"css selector","value":"#shell-header-logo"}
RESULT: {"using":"css selector","value":"#shell-header-logo"}
COMMAND: POST /session/e6919d4f77c7541395a205767add4f2b/element/f.AEC6E2FDD01581EC588B24590A1694F0.d.A93B8DB332214ADAF3FDC67B7C10E6DA.e.2511/click - {}
RESULT: {}
COMMAND: GET /session/e6919d4f77c7541395a205767add4f2b/screenshot - {}
RESULT: {}
]]></system-out>
    </testcase>
    <testcase classname="chrome.136_0_7103_93.windows.Webshop_-_Hyperlinks_visible_and_working_properly__US139085" name="Should create a new webshop request and verify yard hyperlinks" time="243.157">
      <system-out><![CDATA[
COMMAND: POST /session/e6919d4f77c7541395a205767add4f2b/execute/async - {"script":"<script> [1562 bytes]","args":[{"selector":{"controlType":"sap.m.GenericTile","properties":{"header":"Webshop"}},"wdio_ui5_key":"sapm.GenericTile{\"header\":\"Webshop\"}"}]}
RESULT: {"script":"<script> [1562 bytes]","args":[{"selector":{"controlType":"sap.m.GenericTile","properties":{"header":"Webshop"}},"wdio_ui5_key":"sapm.GenericTile{\"header\":\"Webshop\"}"}]}
RESULT: undefined
COMMAND: POST /session/e6919d4f77c7541395a205767add4f2b/element - {"using":"xpath","value":"//*[@id=\"__tile49\"]"}
RESULT: {"using":"xpath","value":"//*[@id=\"__tile49\"]"}
COMMAND: POST /session/e6919d4f77c7541395a205767add4f2b/element/f.AEC6E2FDD01581EC588B24590A1694F0.d.A93B8DB332214ADAF3FDC67B7C10E6DA.e.2990/click - {}
RESULT: {}
COMMAND: GET /session/e6919d4f77c7541395a205767add4f2b/screenshot - {}
RESULT: {}
COMMAND: POST /session/e6919d4f77c7541395a205767add4f2b/elements - {"using":"xpath","value":"//span[text()='Error']"}
RESULT: {"using":"xpath","value":"//span[text()='Error']"}
COMMAND: POST /session/e6919d4f77c7541395a205767add4f2b/element - {"using":"css selector","value":"#requestCreationDialog--createRequestPopUp-title-inner"}
RESULT: {"using":"css selector","value":"#requestCreationDialog--createRequestPopUp-title-inner"}
COMMAND: POST /session/e6919d4f77c7541395a205767add4f2b/execute/sync - {"script":"<script> [8489 bytes]","args":[{"element-6066-11e4-a52e-4f735466cecf":"f.AEC6E2FDD01581EC588B24590A1694F0.d.A93B8DB332214ADAF3FDC67B7C10E6DA.e.3018","ELEMENT":"f.AEC6E2FDD01581EC588B24590A1694F0.d.A93B8DB332214ADAF3FDC67B7C10E6DA.e.3018"}]}
RESULT: {"script":"<script> [8489 bytes]","args":[{"element-6066-11e4-a52e-4f735466cecf":"f.AEC6E2FDD01581EC588B24590A1694F0.d.A93B8DB332214ADAF3FDC67B7C10E6DA.e.3018","ELEMENT":"f.AEC6E2FDD01581EC588B24590A1694F0.d.A93B8DB332214ADAF3FDC67B7C10E6DA.e.3018"}]}
COMMAND: GET /session/e6919d4f77c7541395a205767add4f2b/element/f.AEC6E2FDD01581EC588B24590A1694F0.d.A93B8DB332214ADAF3FDC67B7C10E6DA.e.3018/enabled - {}
COMMAND: GET /session/e6919d4f77c7541395a205767add4f2b/screenshot - {}
RESULT: {}
COMMAND: POST /session/e6919d4f77c7541395a205767add4f2b/execute/async - {"script":"<script> [1562 bytes]","args":[{"selector":{"id":"requestCreationDialog--requestName","searchOpenDialogs":true,"interaction":{"idSuffix":"inner"}},"wdio_ui5_key":"requestCreationDialogrequestName"}]}
COMMAND: GET /session/e6919d4f77c7541395a205767add4f2b/screenshot - {}
RESULT: {}
RESULT: {"script":"<script> [1562 bytes]","args":[{"selector":{"id":"requestCreationDialog--requestName","searchOpenDialogs":true,"interaction":{"idSuffix":"inner"}},"wdio_ui5_key":"requestCreationDialogrequestName"}]}
RESULT: undefined
COMMAND: POST /session/e6919d4f77c7541395a205767add4f2b/execute/async - {"script":"<script> [776 bytes]","args":[{"enterText":"WebdriverTest","selector":{"id":"requestCreationDialog--requestName","searchOpenDialogs":true,"interaction":{"idSuffix":"inner"}},"clearTextFirst":true,"interactionType":"ENTER_TEXT"}]}
RESULT: {}
RESULT: {"script":"<script> [776 bytes]","args":[{"enterText":"WebdriverTest","selector":{"id":"requestCreationDialog--requestName","searchOpenDialogs":true,"interaction":{"idSuffix":"inner"}},"clearTextFirst":true,"interactionType":"ENTER_TEXT"}]}
COMMAND: POST /session/e6919d4f77c7541395a205767add4f2b/element - {"using":"xpath","value":"//input[contains(@id ,\"requestCreationDialog--contract-inner\")]"}
RESULT: {"using":"xpath","value":"//input[contains(@id ,\"requestCreationDialog--contract-inner\")]"}
COMMAND: POST /session/e6919d4f77c7541395a205767add4f2b/element/f.AEC6E2FDD01581EC588B24590A1694F0.d.A93B8DB332214ADAF3FDC67B7C10E6DA.e.3003/clear - {}
RESULT: {}
COMMAND: POST /session/e6919d4f77c7541395a205767add4f2b/element/f.AEC6E2FDD01581EC588B24590A1694F0.d.A93B8DB332214ADAF3FDC67B7C10E6DA.e.3003/value - {"text":"10431"}
COMMAND: GET /session/e6919d4f77c7541395a205767add4f2b/screenshot - {}
RESULT: {"text":"10431"}
COMMAND: GET /session/e6919d4f77c7541395a205767add4f2b/screenshot - {}
RESULT: {}
RESULT: {}
COMMAND: POST /session/e6919d4f77c7541395a205767add4f2b/actions - {"actions":[{"id":"action8","type":"key","parameters":{},"actions":[{"type":"keyDown","value":"î€‡"},{"type":"pause","duration":10},{"type":"keyUp","value":"î€‡"}]}]}
RESULT: {"actions":[{"id":"action8","type":"key","parameters":{},"actions":[{"type":"keyDown","value":"î€‡"},{"type":"pause","duration":10},{"type":"keyUp","value":"î€‡"}]}]}
COMMAND: GET /session/e6919d4f77c7541395a205767add4f2b/screenshot - {}
RESULT: {}
COMMAND: POST /session/e6919d4f77c7541395a205767add4f2b/element - {"using":"xpath","value":"//input[contains(@id ,\"requestCreationDialog--contract-inner\")]"}
RESULT: {"using":"xpath","value":"//input[contains(@id ,\"requestCreationDialog--contract-inner\")]"}
COMMAND: GET /session/e6919d4f77c7541395a205767add4f2b/element/f.AEC6E2FDD01581EC588B24590A1694F0.d.A93B8DB332214ADAF3FDC67B7C10E6DA.e.3003/property/value - {}
RESULT: {}
COMMAND: POST /session/e6919d4f77c7541395a205767add4f2b/element - {"using":"xpath","value":"//input[contains(@id ,\"requestCreationDialog--contract-inner\")]"}
COMMAND: GET /session/e6919d4f77c7541395a205767add4f2b/screenshot - {}
RESULT: {"using":"xpath","value":"//input[contains(@id ,\"requestCreationDialog--contract-inner\")]"}
COMMAND: POST /session/e6919d4f77c7541395a205767add4f2b/execute/async - {"script":"<script> [1562 bytes]","args":[{"selector":{"id":"requestCreationDialog--okButton","searchOpenDialogs":true,"interaction":{"idSuffix":"BDI-content"}},"wdio_ui5_key":"requestCreationDialogokButton"}]}
RESULT: {}
RESULT: {"script":"<script> [1562 bytes]","args":[{"selector":{"id":"requestCreationDialog--okButton","searchOpenDialogs":true,"interaction":{"idSuffix":"BDI-content"}},"wdio_ui5_key":"requestCreationDialogokButton"}]}
RESULT: undefined
COMMAND: POST /session/e6919d4f77c7541395a205767add4f2b/element - {"using":"xpath","value":"//*[@id=\"requestCreationDialog--okButton\"]"}
RESULT: {"using":"xpath","value":"//*[@id=\"requestCreationDialog--okButton\"]"}
COMMAND: POST /session/e6919d4f77c7541395a205767add4f2b/element/f.AEC6E2FDD01581EC588B24590A1694F0.d.A93B8DB332214ADAF3FDC67B7C10E6DA.e.3026/click - {}
RESULT: {}
COMMAND: GET /session/e6919d4f77c7541395a205767add4f2b/screenshot - {}
RESULT: {}
COMMAND: POST /session/e6919d4f77c7541395a205767add4f2b/element - {"using":"xpath","value":"//input[contains(@id ,\"searchFiledId-I\")]"}
RESULT: {"using":"xpath","value":"//input[contains(@id ,\"searchFiledId-I\")]"}
COMMAND: POST /session/e6919d4f77c7541395a205767add4f2b/element/f.AEC6E2FDD01581EC588B24590A1694F0.d.A93B8DB332214ADAF3FDC67B7C10E6DA.e.2996/value - {"text":"Dri-Prime CD150M Diesel Pump"}
RESULT: {"text":"Dri-Prime CD150M Diesel Pump"}
COMMAND: POST /session/e6919d4f77c7541395a205767add4f2b/actions - {"actions":[{"id":"action9","type":"key","parameters":{},"actions":[{"type":"keyDown","value":"î€‡"},{"type":"pause","duration":10},{"type":"keyUp","value":"î€‡"}]}]}
COMMAND: GET /session/e6919d4f77c7541395a205767add4f2b/screenshot - {}
RESULT: {"actions":[{"id":"action9","type":"key","parameters":{},"actions":[{"type":"keyDown","value":"î€‡"},{"type":"pause","duration":10},{"type":"keyUp","value":"î€‡"}]}]}
COMMAND: GET /session/e6919d4f77c7541395a205767add4f2b/screenshot - {}
RESULT: {}
RESULT: {}
COMMAND: POST /session/e6919d4f77c7541395a205767add4f2b/element - {"using":"xpath","value":"//span[contains(@id ,\"subTitle\")][contains(text(), \"Dri-Prime CD150M Diesel Pump\")]"}
RESULT: {"using":"xpath","value":"//span[contains(@id ,\"subTitle\")][contains(text(), \"Dri-Prime CD150M Diesel Pump\")]"}
COMMAND: POST /session/e6919d4f77c7541395a205767add4f2b/element/f.AEC6E2FDD01581EC588B24590A1694F0.d.A93B8DB332214ADAF3FDC67B7C10E6DA.e.3033/click - {}
RESULT: {}
COMMAND: GET /session/e6919d4f77c7541395a205767add4f2b/screenshot - {}
RESULT: {}
COMMAND: POST /session/e6919d4f77c7541395a205767add4f2b/execute/async - {"script":"<script> [1562 bytes]","args":[{"selector":{"controlType":"sap.m.Button","viewName":"etm.portal.ui.webshop.view.Homepage","i18NText":{"propertyName":"text","key":"addToRequest"},"interaction":{"idSuffix":"BDI-content"}},"wdio_ui5_key":"etmportal.ui.webshop.view.Homepagesap.m.Button{\"propertyName\":\"text\",\"key\":\"addToRequest\"}"}]}
RESULT: {"script":"<script> [1562 bytes]","args":[{"selector":{"controlType":"sap.m.Button","viewName":"etm.portal.ui.webshop.view.Homepage","i18NText":{"propertyName":"text","key":"addToRequest"},"interaction":{"idSuffix":"BDI-content"}},"wdio_ui5_key":"etmportal.ui.webshop.view.Homepagesap.m.Button{\"propertyName\":\"text\",\"key\":\"addToRequest\"}"}]}
RESULT: undefined
COMMAND: POST /session/e6919d4f77c7541395a205767add4f2b/element - {"using":"xpath","value":"//*[@id=\"__button134\"]"}
RESULT: {"using":"xpath","value":"//*[@id=\"__button134\"]"}
COMMAND: POST /session/e6919d4f77c7541395a205767add4f2b/element/f.AEC6E2FDD01581EC588B24590A1694F0.d.A93B8DB332214ADAF3FDC67B7C10E6DA.e.3046/click - {}
RESULT: {}
COMMAND: GET /session/e6919d4f77c7541395a205767add4f2b/screenshot - {}
RESULT: {}
COMMAND: POST /session/e6919d4f77c7541395a205767add4f2b/element - {"using":"xpath","value":"//*[contains(@id ,\"activeCartId-BDI-content\")]"}
RESULT: {"using":"xpath","value":"//*[contains(@id ,\"activeCartId-BDI-content\")]"}
COMMAND: POST /session/e6919d4f77c7541395a205767add4f2b/element/f.AEC6E2FDD01581EC588B24590A1694F0.d.A93B8DB332214ADAF3FDC67B7C10E6DA.e.3054/click - {}
RESULT: {}
COMMAND: GET /session/e6919d4f77c7541395a205767add4f2b/screenshot - {}
RESULT: {}
COMMAND: POST /session/e6919d4f77c7541395a205767add4f2b/element - {"using":"xpath","value":"//bdi[contains(text(), \"Check out my request\")]"}
RESULT: {"using":"xpath","value":"//bdi[contains(text(), \"Check out my request\")]"}
COMMAND: POST /session/e6919d4f77c7541395a205767add4f2b/element/f.AEC6E2FDD01581EC588B24590A1694F0.d.A93B8DB332214ADAF3FDC67B7C10E6DA.e.3056/click - {}
RESULT: {}
COMMAND: GET /session/e6919d4f77c7541395a205767add4f2b/screenshot - {}
RESULT: {}
COMMAND: POST /session/e6919d4f77c7541395a205767add4f2b/element - {"using":"xpath","value":"//*[contains(@data-kt ,\"webshopDetailYardLink\")]"}
RESULT: {"using":"xpath","value":"//*[contains(@data-kt ,\"webshopDetailYardLink\")]"}
COMMAND: POST /session/e6919d4f77c7541395a205767add4f2b/element/f.AEC6E2FDD01581EC588B24590A1694F0.d.A93B8DB332214ADAF3FDC67B7C10E6DA.e.3124/click - {}
RESULT: {}
COMMAND: POST /session/e6919d4f77c7541395a205767add4f2b/element - {"using":"xpath","value":"//*[contains(@data-kt ,\"ContextMenuId2Link\")][contains(text(), \"Yard Overview\")]"}
COMMAND: GET /session/e6919d4f77c7541395a205767add4f2b/screenshot - {}
RESULT: {"using":"xpath","value":"//*[contains(@data-kt ,\"ContextMenuId2Link\")][contains(text(), \"Yard Overview\")]"}
COMMAND: POST /session/e6919d4f77c7541395a205767add4f2b/execute/sync - {"script":"<script> [8489 bytes]","args":[{"element-6066-11e4-a52e-4f735466cecf":"f.AEC6E2FDD01581EC588B24590A1694F0.d.A93B8DB332214ADAF3FDC67B7C10E6DA.e.3126","ELEMENT":"f.AEC6E2FDD01581EC588B24590A1694F0.d.A93B8DB332214ADAF3FDC67B7C10E6DA.e.3126"}]}
COMMAND: POST /session/e6919d4f77c7541395a205767add4f2b/element - {"using":"xpath","value":"//*[contains(@data-kt ,\"ContextMenuId3Link\")][contains(text(), \"Yard Main Address\")]"}
RESULT: {}
RESULT: {"script":"<script> [8489 bytes]","args":[{"element-6066-11e4-a52e-4f735466cecf":"f.AEC6E2FDD01581EC588B24590A1694F0.d.A93B8DB332214ADAF3FDC67B7C10E6DA.e.3126","ELEMENT":"f.AEC6E2FDD01581EC588B24590A1694F0.d.A93B8DB332214ADAF3FDC67B7C10E6DA.e.3126"}]}
COMMAND: GET /session/e6919d4f77c7541395a205767add4f2b/screenshot - {}
RESULT: {"using":"xpath","value":"//*[contains(@data-kt ,\"ContextMenuId3Link\")][contains(text(), \"Yard Main Address\")]"}
COMMAND: POST /session/e6919d4f77c7541395a205767add4f2b/execute/sync - {"script":"<script> [8489 bytes]","args":[{"element-6066-11e4-a52e-4f735466cecf":"f.AEC6E2FDD01581EC588B24590A1694F0.d.A93B8DB332214ADAF3FDC67B7C10E6DA.e.3127","ELEMENT":"f.AEC6E2FDD01581EC588B24590A1694F0.d.A93B8DB332214ADAF3FDC67B7C10E6DA.e.3127"}]}
COMMAND: POST /session/e6919d4f77c7541395a205767add4f2b/element - {"using":"xpath","value":"//*[contains(@data-kt ,\"ContextMenuId2Link\")][contains(text(), \"Yard Overview\")]"}
RESULT: {}
RESULT: {"script":"<script> [8489 bytes]","args":[{"element-6066-11e4-a52e-4f735466cecf":"f.AEC6E2FDD01581EC588B24590A1694F0.d.A93B8DB332214ADAF3FDC67B7C10E6DA.e.3127","ELEMENT":"f.AEC6E2FDD01581EC588B24590A1694F0.d.A93B8DB332214ADAF3FDC67B7C10E6DA.e.3127"}]}
COMMAND: GET /session/e6919d4f77c7541395a205767add4f2b/screenshot - {}
RESULT: {"using":"xpath","value":"//*[contains(@data-kt ,\"ContextMenuId2Link\")][contains(text(), \"Yard Overview\")]"}
COMMAND: POST /session/e6919d4f77c7541395a205767add4f2b/element/f.AEC6E2FDD01581EC588B24590A1694F0.d.A93B8DB332214ADAF3FDC67B7C10E6DA.e.3126/click - {}
RESULT: {}
RESULT: {}
COMMAND: GET /session/e6919d4f77c7541395a205767add4f2b/screenshot - {}
RESULT: {}
COMMAND: POST /session/e6919d4f77c7541395a205767add4f2b/execute/async - {"script":"<script> [1562 bytes]","args":[{"selector":{"id":"shellAppTitle"},"wdio_ui5_key":"shellAppTitle"}]}
RESULT: {"script":"<script> [1562 bytes]","args":[{"selector":{"id":"shellAppTitle"},"wdio_ui5_key":"shellAppTitle"}]}
RESULT: undefined
COMMAND: POST /session/e6919d4f77c7541395a205767add4f2b/execute/async - {"script":"<script> [6424 bytes]","args":[{"element-6066-11e4-a52e-4f735466cecf":"f.AEC6E2FDD01581EC588B24590A1694F0.d.A93B8DB332214ADAF3FDC67B7C10E6DA.e.3257"},"getTitle",[]]}
RESULT: {"script":"<script> [6424 bytes]","args":[{"element-6066-11e4-a52e-4f735466cecf":"f.AEC6E2FDD01581EC588B24590A1694F0.d.A93B8DB332214ADAF3FDC67B7C10E6DA.e.3257"},"getTitle",[]]}
COMMAND: POST /session/e6919d4f77c7541395a205767add4f2b/element - {"using":"xpath","value":"//span[contains(@id ,\"title\")][contains(text(), \"WebdriverYardbvn3c\")]"}
RESULT: {"using":"xpath","value":"//span[contains(@id ,\"title\")][contains(text(), \"WebdriverYardbvn3c\")]"}
COMMAND: POST /session/e6919d4f77c7541395a205767add4f2b/execute/sync - {"script":"<script> [8489 bytes]","args":[{"element-6066-11e4-a52e-4f735466cecf":"f.AEC6E2FDD01581EC588B24590A1694F0.d.A93B8DB332214ADAF3FDC67B7C10E6DA.e.3258","ELEMENT":"f.AEC6E2FDD01581EC588B24590A1694F0.d.A93B8DB332214ADAF3FDC67B7C10E6DA.e.3258"}]}
COMMAND: POST /session/e6919d4f77c7541395a205767add4f2b/execute/async - {"script":"<script> [1562 bytes]","args":[{"selector":{"id":"backBtn"},"wdio_ui5_key":"backBtn"}]}
RESULT: {"script":"<script> [8489 bytes]","args":[{"element-6066-11e4-a52e-4f735466cecf":"f.AEC6E2FDD01581EC588B24590A1694F0.d.A93B8DB332214ADAF3FDC67B7C10E6DA.e.3258","ELEMENT":"f.AEC6E2FDD01581EC588B24590A1694F0.d.A93B8DB332214ADAF3FDC67B7C10E6DA.e.3258"}]}
COMMAND: GET /session/e6919d4f77c7541395a205767add4f2b/screenshot - {}
RESULT: {"script":"<script> [1562 bytes]","args":[{"selector":{"id":"backBtn"},"wdio_ui5_key":"backBtn"}]}
RESULT: undefined
COMMAND: POST /session/e6919d4f77c7541395a205767add4f2b/element - {"using":"xpath","value":"//*[@id=\"backBtn\"]"}
COMMAND: POST /session/e6919d4f77c7541395a205767add4f2b/execute/sync - {"script":"<script> [8489 bytes]","args":[{"element-6066-11e4-a52e-4f735466cecf":"f.AEC6E2FDD01581EC588B24590A1694F0.d.A93B8DB332214ADAF3FDC67B7C10E6DA.e.3258","ELEMENT":"f.AEC6E2FDD01581EC588B24590A1694F0.d.A93B8DB332214ADAF3FDC67B7C10E6DA.e.3258"}]}
RESULT: {}
RESULT: {"using":"xpath","value":"//*[@id=\"backBtn\"]"}
COMMAND: POST /session/e6919d4f77c7541395a205767add4f2b/element/f.AEC6E2FDD01581EC588B24590A1694F0.d.A93B8DB332214ADAF3FDC67B7C10E6DA.e.3259/click - {}
RESULT: {"script":"<script> [8489 bytes]","args":[{"element-6066-11e4-a52e-4f735466cecf":"f.AEC6E2FDD01581EC588B24590A1694F0.d.A93B8DB332214ADAF3FDC67B7C10E6DA.e.3258","ELEMENT":"f.AEC6E2FDD01581EC588B24590A1694F0.d.A93B8DB332214ADAF3FDC67B7C10E6DA.e.3258"}]}
COMMAND: GET /session/e6919d4f77c7541395a205767add4f2b/screenshot - {}
RESULT: {}
COMMAND: GET /session/e6919d4f77c7541395a205767add4f2b/screenshot - {}
COMMAND: POST /session/e6919d4f77c7541395a205767add4f2b/execute/sync - {"script":"<script> [8489 bytes]","args":[{"element-6066-11e4-a52e-4f735466cecf":"f.AEC6E2FDD01581EC588B24590A1694F0.d.A93B8DB332214ADAF3FDC67B7C10E6DA.e.3258","ELEMENT":"f.AEC6E2FDD01581EC588B24590A1694F0.d.A93B8DB332214ADAF3FDC67B7C10E6DA.e.3258"}]}
RESULT: {}
RESULT: {}
COMMAND: POST /session/e6919d4f77c7541395a205767add4f2b/element - {"using":"xpath","value":"//span[contains(@id ,\"title\")][contains(text(), \"WebdriverYardbvn3c\")]"}
RESULT: {"using":"xpath","value":"//span[contains(@id ,\"title\")][contains(text(), \"WebdriverYardbvn3c\")]"}
COMMAND: POST /session/e6919d4f77c7541395a205767add4f2b/element - {"using":"xpath","value":"//span[contains(@id ,\"title\")][contains(text(), \"WebdriverYardbvn3c\")]"}
RESULT: {"using":"xpath","value":"//span[contains(@id ,\"title\")][contains(text(), \"WebdriverYardbvn3c\")]"}
COMMAND: POST /session/e6919d4f77c7541395a205767add4f2b/element - {"using":"xpath","value":"//span[contains(@id ,\"title\")][contains(text(), \"WebdriverYardbvn3c\")]"}
RESULT: {"using":"xpath","value":"//span[contains(@id ,\"title\")][contains(text(), \"WebdriverYardbvn3c\")]"}
COMMAND: POST /session/e6919d4f77c7541395a205767add4f2b/element - {"using":"xpath","value":"//span[contains(@id ,\"title\")][contains(text(), \"WebdriverYardbvn3c\")]"}
RESULT: {"using":"xpath","value":"//span[contains(@id ,\"title\")][contains(text(), \"WebdriverYardbvn3c\")]"}
COMMAND: POST /session/e6919d4f77c7541395a205767add4f2b/element - {"using":"xpath","value":"//span[contains(@id ,\"title\")][contains(text(), \"WebdriverYardbvn3c\")]"}
RESULT: {"using":"xpath","value":"//span[contains(@id ,\"title\")][contains(text(), \"WebdriverYardbvn3c\")]"}
COMMAND: POST /session/e6919d4f77c7541395a205767add4f2b/element - {"using":"xpath","value":"//*[contains(@data-kt ,\"webshopDetailYardLink\")]"}
RESULT: {"using":"xpath","value":"//*[contains(@data-kt ,\"webshopDetailYardLink\")]"}
COMMAND: POST /session/e6919d4f77c7541395a205767add4f2b/execute/sync - {"script":"<script> [8489 bytes]","args":[{"element-6066-11e4-a52e-4f735466cecf":"f.AEC6E2FDD01581EC588B24590A1694F0.d.A93B8DB332214ADAF3FDC67B7C10E6DA.e.3422","ELEMENT":"f.AEC6E2FDD01581EC588B24590A1694F0.d.A93B8DB332214ADAF3FDC67B7C10E6DA.e.3422"}]}
RESULT: {"script":"<script> [8489 bytes]","args":[{"element-6066-11e4-a52e-4f735466cecf":"f.AEC6E2FDD01581EC588B24590A1694F0.d.A93B8DB332214ADAF3FDC67B7C10E6DA.e.3422","ELEMENT":"f.AEC6E2FDD01581EC588B24590A1694F0.d.A93B8DB332214ADAF3FDC67B7C10E6DA.e.3422"}]}
COMMAND: POST /session/e6919d4f77c7541395a205767add4f2b/execute/sync - {"script":"<script> [5351 bytes]","args":[{"element-6066-11e4-a52e-4f735466cecf":"f.AEC6E2FDD01581EC588B24590A1694F0.d.A93B8DB332214ADAF3FDC67B7C10E6DA.e.3422","ELEMENT":"f.AEC6E2FDD01581EC588B24590A1694F0.d.A93B8DB332214ADAF3FDC67B7C10E6DA.e.3422"}]}
COMMAND: GET /session/e6919d4f77c7541395a205767add4f2b/screenshot - {}
RESULT: {"script":"<script> [5351 bytes]","args":[{"element-6066-11e4-a52e-4f735466cecf":"f.AEC6E2FDD01581EC588B24590A1694F0.d.A93B8DB332214ADAF3FDC67B7C10E6DA.e.3422","ELEMENT":"f.AEC6E2FDD01581EC588B24590A1694F0.d.A93B8DB332214ADAF3FDC67B7C10E6DA.e.3422"}]}
COMMAND: POST /session/e6919d4f77c7541395a205767add4f2b/element - {"using":"xpath","value":"//*[contains(@data-kt ,\"webshopDetailYardLink\")]"}
COMMAND: GET /session/e6919d4f77c7541395a205767add4f2b/screenshot - {}
COMMAND: POST /session/e6919d4f77c7541395a205767add4f2b/element - {"using":"xpath","value":"//span[contains(@id ,\"title\")][contains(text(), \"WebdriverYardbvn3c\")]"}
RESULT: {}
RESULT: {"using":"xpath","value":"//*[contains(@data-kt ,\"webshopDetailYardLink\")]"}
COMMAND: POST /session/e6919d4f77c7541395a205767add4f2b/element/f.AEC6E2FDD01581EC588B24590A1694F0.d.A93B8DB332214ADAF3FDC67B7C10E6DA.e.3422/click - {}
RESULT: {}
RESULT: {"using":"xpath","value":"//span[contains(@id ,\"title\")][contains(text(), \"WebdriverYardbvn3c\")]"}
RESULT: {}
COMMAND: GET /session/e6919d4f77c7541395a205767add4f2b/screenshot - {}
COMMAND: POST /session/e6919d4f77c7541395a205767add4f2b/element - {"using":"xpath","value":"//span[contains(@id ,\"title\")][contains(text(), \"WebdriverYardbvn3c\")]"}
RESULT: {}
RESULT: {"using":"xpath","value":"//span[contains(@id ,\"title\")][contains(text(), \"WebdriverYardbvn3c\")]"}
COMMAND: POST /session/e6919d4f77c7541395a205767add4f2b/execute/sync - {"script":"<script> [8489 bytes]","args":[{"element-6066-11e4-a52e-4f735466cecf":"f.AEC6E2FDD01581EC588B24590A1694F0.d.A93B8DB332214ADAF3FDC67B7C10E6DA.e.3424","ELEMENT":"f.AEC6E2FDD01581EC588B24590A1694F0.d.A93B8DB332214ADAF3FDC67B7C10E6DA.e.3424"}]}
RESULT: {"script":"<script> [8489 bytes]","args":[{"element-6066-11e4-a52e-4f735466cecf":"f.AEC6E2FDD01581EC588B24590A1694F0.d.A93B8DB332214ADAF3FDC67B7C10E6DA.e.3424","ELEMENT":"f.AEC6E2FDD01581EC588B24590A1694F0.d.A93B8DB332214ADAF3FDC67B7C10E6DA.e.3424"}]}
COMMAND: GET /session/e6919d4f77c7541395a205767add4f2b/screenshot - {}
RESULT: {}
COMMAND: POST /session/e6919d4f77c7541395a205767add4f2b/element - {"using":"xpath","value":"//*[contains(@data-kt ,\"ContextMenuId3Link\")][contains(text(), \"Yard Main Address\")]"}
RESULT: {"using":"xpath","value":"//*[contains(@data-kt ,\"ContextMenuId3Link\")][contains(text(), \"Yard Main Address\")]"}
COMMAND: POST /session/e6919d4f77c7541395a205767add4f2b/element/f.AEC6E2FDD01581EC588B24590A1694F0.d.A93B8DB332214ADAF3FDC67B7C10E6DA.e.3425/click - {}
RESULT: {}
COMMAND: GET /session/e6919d4f77c7541395a205767add4f2b/screenshot - {}
RESULT: {}
COMMAND: POST /session/e6919d4f77c7541395a205767add4f2b/execute/async - {"script":"<script> [1562 bytes]","args":[{"selector":{"id":"application-addressmanagement-display-component---masterAdm--title1"},"wdio_ui5_key":"applicationaddressmanagement-display-component---masterAdm--title1"}]}
RESULT: {"script":"<script> [1562 bytes]","args":[{"selector":{"id":"application-addressmanagement-display-component---masterAdm--title1"},"wdio_ui5_key":"applicationaddressmanagement-display-component---masterAdm--title1"}]}
RESULT: undefined
COMMAND: POST /session/e6919d4f77c7541395a205767add4f2b/execute/async - {"script":"<script> [6424 bytes]","args":[{"element-6066-11e4-a52e-4f735466cecf":"f.AEC6E2FDD01581EC588B24590A1694F0.d.A93B8DB332214ADAF3FDC67B7C10E6DA.e.3700"},"getText",[]]}
RESULT: {"script":"<script> [6424 bytes]","args":[{"element-6066-11e4-a52e-4f735466cecf":"f.AEC6E2FDD01581EC588B24590A1694F0.d.A93B8DB332214ADAF3FDC67B7C10E6DA.e.3700"},"getText",[]]}
COMMAND: POST /session/e6919d4f77c7541395a205767add4f2b/element - {"using":"xpath","value":"//span[contains(text(), \"WebdriverYardjjtihg\")][contains(@id ,\"application-addressmanagement-display-component---detailAdm--addressDetailDetailsName1\")]"}
RESULT: {"using":"xpath","value":"//span[contains(text(), \"WebdriverYardjjtihg\")][contains(@id ,\"application-addressmanagement-display-component---detailAdm--addressDetailDetailsName1\")]"}
COMMAND: POST /session/e6919d4f77c7541395a205767add4f2b/element - {"using":"xpath","value":"//span[contains(text(), \"WebdriverYardjjtihg\")][contains(@id ,\"application-addressmanagement-display-component---detailAdm--addressDetailDetailsName1\")]"}
RESULT: undefined
COMMAND: POST /session/e6919d4f77c7541395a205767add4f2b/element - {"using":"xpath","value":"//*[@id=\"backBtn\"]"}
RESULT: {"using":"xpath","value":"//span[contains(text(), \"WebdriverYardjjtihg\")][contains(@id ,\"application-addressmanagement-display-component---detailAdm--addressDetailDetailsName1\")]"}
RESULT: {"using":"xpath","value":"//*[@id=\"backBtn\"]"}
COMMAND: POST /session/e6919d4f77c7541395a205767add4f2b/element/f.AEC6E2FDD01581EC588B24590A1694F0.d.A93B8DB332214ADAF3FDC67B7C10E6DA.e.3259/click - {}
RESULT: {}
COMMAND: GET /session/e6919d4f77c7541395a205767add4f2b/screenshot - {}
COMMAND: POST /session/e6919d4f77c7541395a205767add4f2b/element - {"using":"xpath","value":"//span[contains(text(), \"WebdriverYardjjtihg\")][contains(@id ,\"application-addressmanagement-display-component---detailAdm--addressDetailDetailsName1\")]"}
RESULT: {}
RESULT: {"using":"xpath","value":"//span[contains(text(), \"WebdriverYardjjtihg\")][contains(@id ,\"application-addressmanagement-display-component---detailAdm--addressDetailDetailsName1\")]"}
COMMAND: POST /session/e6919d4f77c7541395a205767add4f2b/execute/sync - {"script":"<script> [8489 bytes]","args":[{"element-6066-11e4-a52e-4f735466cecf":"f.AEC6E2FDD01581EC588B24590A1694F0.d.A93B8DB332214ADAF3FDC67B7C10E6DA.e.3422","ELEMENT":"f.AEC6E2FDD01581EC588B24590A1694F0.d.A93B8DB332214ADAF3FDC67B7C10E6DA.e.3422"}]}
COMMAND: POST /session/e6919d4f77c7541395a205767add4f2b/element - {"using":"xpath","value":"//*[contains(@data-kt ,\"webshopDetailYardLink\")]"}
RESULT: {"using":"xpath","value":"//*[contains(@data-kt ,\"webshopDetailYardLink\")]"}
COMMAND: POST /session/e6919d4f77c7541395a205767add4f2b/execute/sync - {"script":"<script> [8489 bytes]","args":[{"element-6066-11e4-a52e-4f735466cecf":"f.AEC6E2FDD01581EC588B24590A1694F0.d.A93B8DB332214ADAF3FDC67B7C10E6DA.e.3832","ELEMENT":"f.AEC6E2FDD01581EC588B24590A1694F0.d.A93B8DB332214ADAF3FDC67B7C10E6DA.e.3832"}]}
RESULT: {"script":"<script> [8489 bytes]","args":[{"element-6066-11e4-a52e-4f735466cecf":"f.AEC6E2FDD01581EC588B24590A1694F0.d.A93B8DB332214ADAF3FDC67B7C10E6DA.e.3832","ELEMENT":"f.AEC6E2FDD01581EC588B24590A1694F0.d.A93B8DB332214ADAF3FDC67B7C10E6DA.e.3832"}]}
COMMAND: POST /session/e6919d4f77c7541395a205767add4f2b/execute/sync - {"script":"<script> [5351 bytes]","args":[{"element-6066-11e4-a52e-4f735466cecf":"f.AEC6E2FDD01581EC588B24590A1694F0.d.A93B8DB332214ADAF3FDC67B7C10E6DA.e.3832","ELEMENT":"f.AEC6E2FDD01581EC588B24590A1694F0.d.A93B8DB332214ADAF3FDC67B7C10E6DA.e.3832"}]}
COMMAND: GET /session/e6919d4f77c7541395a205767add4f2b/screenshot - {}
RESULT: {"script":"<script> [5351 bytes]","args":[{"element-6066-11e4-a52e-4f735466cecf":"f.AEC6E2FDD01581EC588B24590A1694F0.d.A93B8DB332214ADAF3FDC67B7C10E6DA.e.3832","ELEMENT":"f.AEC6E2FDD01581EC588B24590A1694F0.d.A93B8DB332214ADAF3FDC67B7C10E6DA.e.3832"}]}
COMMAND: POST /session/e6919d4f77c7541395a205767add4f2b/element - {"using":"xpath","value":"//*[contains(@data-kt ,\"webshopDetailYardLink\")]"}
COMMAND: GET /session/e6919d4f77c7541395a205767add4f2b/screenshot - {}
COMMAND: POST /session/e6919d4f77c7541395a205767add4f2b/element - {"using":"xpath","value":"//span[contains(text(), \"WebdriverYardjjtihg\")][contains(@id ,\"application-addressmanagement-display-component---detailAdm--addressDetailDetailsName1\")]"}
RESULT: {}
RESULT: {"using":"xpath","value":"//*[contains(@data-kt ,\"webshopDetailYardLink\")]"}
COMMAND: POST /session/e6919d4f77c7541395a205767add4f2b/element/f.AEC6E2FDD01581EC588B24590A1694F0.d.A93B8DB332214ADAF3FDC67B7C10E6DA.e.3832/click - {}
RESULT: {}
RESULT: {"using":"xpath","value":"//span[contains(text(), \"WebdriverYardjjtihg\")][contains(@id ,\"application-addressmanagement-display-component---detailAdm--addressDetailDetailsName1\")]"}
RESULT: {}
COMMAND: GET /session/e6919d4f77c7541395a205767add4f2b/screenshot - {}
COMMAND: POST /session/e6919d4f77c7541395a205767add4f2b/element - {"using":"xpath","value":"//span[contains(text(), \"WebdriverYardjjtihg\")][contains(@id ,\"application-addressmanagement-display-component---detailAdm--addressDetailDetailsName1\")]"}
RESULT: {}
RESULT: {"using":"xpath","value":"//span[contains(text(), \"WebdriverYardjjtihg\")][contains(@id ,\"application-addressmanagement-display-component---detailAdm--addressDetailDetailsName1\")]"}
COMMAND: POST /session/e6919d4f77c7541395a205767add4f2b/element - {"using":"xpath","value":"//span[contains(text(), \"WebdriverYardjjtihg\")][contains(@id ,\"application-addressmanagement-display-component---detailAdm--addressDetailDetailsName1\")]"}
RESULT: {"using":"xpath","value":"//span[contains(text(), \"WebdriverYardjjtihg\")][contains(@id ,\"application-addressmanagement-display-component---detailAdm--addressDetailDetailsName1\")]"}
COMMAND: POST /session/e6919d4f77c7541395a205767add4f2b/element - {"using":"xpath","value":"//span[contains(text(), \"WebdriverYardjjtihg\")][contains(@id ,\"application-addressmanagement-display-component---detailAdm--addressDetailDetailsName1\")]"}
RESULT: {"using":"xpath","value":"//span[contains(text(), \"WebdriverYardjjtihg\")][contains(@id ,\"application-addressmanagement-display-component---detailAdm--addressDetailDetailsName1\")]"}
COMMAND: POST /session/e6919d4f77c7541395a205767add4f2b/element - {"using":"xpath","value":"//span[contains(text(), \"WebdriverYardjjtihg\")][contains(@id ,\"application-addressmanagement-display-component---detailAdm--addressDetailDetailsName1\")]"}
RESULT: {"using":"xpath","value":"//span[contains(text(), \"WebdriverYardjjtihg\")][contains(@id ,\"application-addressmanagement-display-component---detailAdm--addressDetailDetailsName1\")]"}
COMMAND: POST /session/e6919d4f77c7541395a205767add4f2b/element - {"using":"xpath","value":"//button[contains(@data-kt ,\"ContextMenuExternalId2Link\")]"}
RESULT: {"using":"xpath","value":"//button[contains(@data-kt ,\"ContextMenuExternalId2Link\")]"}
COMMAND: POST /session/e6919d4f77c7541395a205767add4f2b/element/f.AEC6E2FDD01581EC588B24590A1694F0.d.A93B8DB332214ADAF3FDC67B7C10E6DA.e.3833/click - {}
RESULT: {}
COMMAND: GET /session/e6919d4f77c7541395a205767add4f2b/screenshot - {}
COMMAND: POST /session/e6919d4f77c7541395a205767add4f2b/element - {"using":"xpath","value":"//span[contains(text(), \"WebdriverYardjjtihg\")][contains(@id ,\"application-addressmanagement-display-component---detailAdm--addressDetailDetailsName1\")]"}
RESULT: {}
RESULT: {"using":"xpath","value":"//span[contains(text(), \"WebdriverYardjjtihg\")][contains(@id ,\"application-addressmanagement-display-component---detailAdm--addressDetailDetailsName1\")]"}
COMMAND: POST /session/e6919d4f77c7541395a205767add4f2b/element - {"using":"xpath","value":"//span[contains(text(), \"WebdriverYardjjtihg\")][contains(@id ,\"application-addressmanagement-display-component---detailAdm--addressDetailDetailsName1\")]"}
RESULT: {"using":"xpath","value":"//span[contains(text(), \"WebdriverYardjjtihg\")][contains(@id ,\"application-addressmanagement-display-component---detailAdm--addressDetailDetailsName1\")]"}
COMMAND: POST /session/e6919d4f77c7541395a205767add4f2b/element - {"using":"xpath","value":"//span[contains(text(), \"WebdriverYardjjtihg\")][contains(@id ,\"application-addressmanagement-display-component---detailAdm--addressDetailDetailsName1\")]"}
RESULT: {"using":"xpath","value":"//span[contains(text(), \"WebdriverYardjjtihg\")][contains(@id ,\"application-addressmanagement-display-component---detailAdm--addressDetailDetailsName1\")]"}
COMMAND: POST /session/e6919d4f77c7541395a205767add4f2b/element - {"using":"xpath","value":"//span[contains(text(), \"WebdriverYardjjtihg\")][contains(@id ,\"application-addressmanagement-display-component---detailAdm--addressDetailDetailsName1\")]"}
RESULT: {"using":"xpath","value":"//span[contains(text(), \"WebdriverYardjjtihg\")][contains(@id ,\"application-addressmanagement-display-component---detailAdm--addressDetailDetailsName1\")]"}
COMMAND: POST /session/e6919d4f77c7541395a205767add4f2b/element - {"using":"xpath","value":"//span[contains(text(), \"WebdriverYardjjtihg\")][contains(@id ,\"application-addressmanagement-display-component---detailAdm--addressDetailDetailsName1\")]"}
RESULT: {"using":"xpath","value":"//span[contains(text(), \"WebdriverYardjjtihg\")][contains(@id ,\"application-addressmanagement-display-component---detailAdm--addressDetailDetailsName1\")]"}
COMMAND: POST /session/e6919d4f77c7541395a205767add4f2b/element - {"using":"xpath","value":"//span[contains(text(), \"WebdriverYardjjtihg\")][contains(@id ,\"application-addressmanagement-display-component---detailAdm--addressDetailDetailsName1\")]"}
RESULT: {"using":"xpath","value":"//span[contains(text(), \"WebdriverYardjjtihg\")][contains(@id ,\"application-addressmanagement-display-component---detailAdm--addressDetailDetailsName1\")]"}
COMMAND: POST /session/e6919d4f77c7541395a205767add4f2b/element - {"using":"xpath","value":"//span[contains(text(), \"WebdriverYardjjtihg\")][contains(@id ,\"application-addressmanagement-display-component---detailAdm--addressDetailDetailsName1\")]"}
RESULT: {"using":"xpath","value":"//span[contains(text(), \"WebdriverYardjjtihg\")][contains(@id ,\"application-addressmanagement-display-component---detailAdm--addressDetailDetailsName1\")]"}
COMMAND: POST /session/e6919d4f77c7541395a205767add4f2b/element - {"using":"xpath","value":"//span[contains(text(), \"WebdriverYardjjtihg\")][contains(@id ,\"application-addressmanagement-display-component---detailAdm--addressDetailDetailsName1\")]"}
RESULT: {"using":"xpath","value":"//span[contains(text(), \"WebdriverYardjjtihg\")][contains(@id ,\"application-addressmanagement-display-component---detailAdm--addressDetailDetailsName1\")]"}
COMMAND: POST /session/e6919d4f77c7541395a205767add4f2b/element - {"using":"xpath","value":"//span[contains(text(), \"WebdriverYardjjtihg\")][contains(@id ,\"application-addressmanagement-display-component---detailAdm--addressDetailDetailsName1\")]"}
RESULT: {"using":"xpath","value":"//span[contains(text(), \"WebdriverYardjjtihg\")][contains(@id ,\"application-addressmanagement-display-component---detailAdm--addressDetailDetailsName1\")]"}
COMMAND: GET /session/e6919d4f77c7541395a205767add4f2b/window/handles - {}
COMMAND: POST /session/e6919d4f77c7541395a205767add4f2b/element - {"using":"xpath","value":"//span[contains(text(), \"WebdriverYardjjtihg\")][contains(@id ,\"application-addressmanagement-display-component---detailAdm--addressDetailDetailsName1\")]"}
RESULT: {}
COMMAND: POST /session/e6919d4f77c7541395a205767add4f2b/window - {"handle":"766425D0079AB549806A48A4ED28DE47"}
RESULT: {"using":"xpath","value":"//span[contains(text(), \"WebdriverYardjjtihg\")][contains(@id ,\"application-addressmanagement-display-component---detailAdm--addressDetailDetailsName1\")]"}
RESULT: {"handle":"766425D0079AB549806A48A4ED28DE47"}
COMMAND: GET /session/e6919d4f77c7541395a205767add4f2b/url - {}
RESULT: {}
COMMAND: GET /session/e6919d4f77c7541395a205767add4f2b/screenshot - {}
RESULT: {}
COMMAND: POST /session/e6919d4f77c7541395a205767add4f2b/element - {"using":"xpath","value":"//span[contains(text(), \"WebdriverYardjjtihg\")][contains(@id ,\"application-addressmanagement-display-component---detailAdm--addressDetailDetailsName1\")]"}
RESULT: {"using":"xpath","value":"//span[contains(text(), \"WebdriverYardjjtihg\")][contains(@id ,\"application-addressmanagement-display-component---detailAdm--addressDetailDetailsName1\")]"}
COMMAND: POST /session/e6919d4f77c7541395a205767add4f2b/element - {"using":"xpath","value":"//span[contains(text(), \"WebdriverYardjjtihg\")][contains(@id ,\"application-addressmanagement-display-component---detailAdm--addressDetailDetailsName1\")]"}
RESULT: {"using":"xpath","value":"//span[contains(text(), \"WebdriverYardjjtihg\")][contains(@id ,\"application-addressmanagement-display-component---detailAdm--addressDetailDetailsName1\")]"}
COMMAND: POST /session/e6919d4f77c7541395a205767add4f2b/element - {"using":"xpath","value":"//span[contains(text(), \"WebdriverYardjjtihg\")][contains(@id ,\"application-addressmanagement-display-component---detailAdm--addressDetailDetailsName1\")]"}
RESULT: {"using":"xpath","value":"//span[contains(text(), \"WebdriverYardjjtihg\")][contains(@id ,\"application-addressmanagement-display-component---detailAdm--addressDetailDetailsName1\")]"}
COMMAND: POST /session/e6919d4f77c7541395a205767add4f2b/element - {"using":"xpath","value":"//span[contains(text(), \"WebdriverYardjjtihg\")][contains(@id ,\"application-addressmanagement-display-component---detailAdm--addressDetailDetailsName1\")]"}
RESULT: {"using":"xpath","value":"//span[contains(text(), \"WebdriverYardjjtihg\")][contains(@id ,\"application-addressmanagement-display-component---detailAdm--addressDetailDetailsName1\")]"}
COMMAND: POST /session/e6919d4f77c7541395a205767add4f2b/element - {"using":"xpath","value":"//span[contains(text(), \"WebdriverYardjjtihg\")][contains(@id ,\"application-addressmanagement-display-component---detailAdm--addressDetailDetailsName1\")]"}
RESULT: {"using":"xpath","value":"//span[contains(text(), \"WebdriverYardjjtihg\")][contains(@id ,\"application-addressmanagement-display-component---detailAdm--addressDetailDetailsName1\")]"}
COMMAND: POST /session/e6919d4f77c7541395a205767add4f2b/element - {"using":"xpath","value":"//span[contains(text(), \"WebdriverYardjjtihg\")][contains(@id ,\"application-addressmanagement-display-component---detailAdm--addressDetailDetailsName1\")]"}
RESULT: {"using":"xpath","value":"//span[contains(text(), \"WebdriverYardjjtihg\")][contains(@id ,\"application-addressmanagement-display-component---detailAdm--addressDetailDetailsName1\")]"}
COMMAND: POST /session/e6919d4f77c7541395a205767add4f2b/element - {"using":"xpath","value":"//span[contains(text(), \"WebdriverYardjjtihg\")][contains(@id ,\"application-addressmanagement-display-component---detailAdm--addressDetailDetailsName1\")]"}
RESULT: {"using":"xpath","value":"//span[contains(text(), \"WebdriverYardjjtihg\")][contains(@id ,\"application-addressmanagement-display-component---detailAdm--addressDetailDetailsName1\")]"}
COMMAND: POST /session/e6919d4f77c7541395a205767add4f2b/element - {"using":"xpath","value":"//span[contains(text(), \"WebdriverYardjjtihg\")][contains(@id ,\"application-addressmanagement-display-component---detailAdm--addressDetailDetailsName1\")]"}
RESULT: {"using":"xpath","value":"//span[contains(text(), \"WebdriverYardjjtihg\")][contains(@id ,\"application-addressmanagement-display-component---detailAdm--addressDetailDetailsName1\")]"}
COMMAND: POST /session/e6919d4f77c7541395a205767add4f2b/element - {"using":"xpath","value":"//span[contains(text(), \"WebdriverYardjjtihg\")][contains(@id ,\"application-addressmanagement-display-component---detailAdm--addressDetailDetailsName1\")]"}
RESULT: {"using":"xpath","value":"//span[contains(text(), \"WebdriverYardjjtihg\")][contains(@id ,\"application-addressmanagement-display-component---detailAdm--addressDetailDetailsName1\")]"}
COMMAND: POST /session/e6919d4f77c7541395a205767add4f2b/element - {"using":"xpath","value":"//span[contains(text(), \"WebdriverYardjjtihg\")][contains(@id ,\"application-addressmanagement-display-component---detailAdm--addressDetailDetailsName1\")]"}
RESULT: {"using":"xpath","value":"//span[contains(text(), \"WebdriverYardjjtihg\")][contains(@id ,\"application-addressmanagement-display-component---detailAdm--addressDetailDetailsName1\")]"}
COMMAND: POST /session/e6919d4f77c7541395a205767add4f2b/element - {"using":"xpath","value":"//span[contains(text(), \"WebdriverYardjjtihg\")][contains(@id ,\"application-addressmanagement-display-component---detailAdm--addressDetailDetailsName1\")]"}
RESULT: {"using":"xpath","value":"//span[contains(text(), \"WebdriverYardjjtihg\")][contains(@id ,\"application-addressmanagement-display-component---detailAdm--addressDetailDetailsName1\")]"}
COMMAND: POST /session/e6919d4f77c7541395a205767add4f2b/element - {"using":"xpath","value":"//span[contains(text(), \"WebdriverYardjjtihg\")][contains(@id ,\"application-addressmanagement-display-component---detailAdm--addressDetailDetailsName1\")]"}
RESULT: {"using":"xpath","value":"//span[contains(text(), \"WebdriverYardjjtihg\")][contains(@id ,\"application-addressmanagement-display-component---detailAdm--addressDetailDetailsName1\")]"}
COMMAND: POST /session/e6919d4f77c7541395a205767add4f2b/element - {"using":"xpath","value":"//span[contains(text(), \"WebdriverYardjjtihg\")][contains(@id ,\"application-addressmanagement-display-component---detailAdm--addressDetailDetailsName1\")]"}
RESULT: {"using":"xpath","value":"//span[contains(text(), \"WebdriverYardjjtihg\")][contains(@id ,\"application-addressmanagement-display-component---detailAdm--addressDetailDetailsName1\")]"}
COMMAND: POST /session/e6919d4f77c7541395a205767add4f2b/execute/sync - {"script":"<script> [8489 bytes]","args":[{"element-6066-11e4-a52e-4f735466cecf":"f.AEC6E2FDD01581EC588B24590A1694F0.d.A93B8DB332214ADAF3FDC67B7C10E6DA.e.3424","ELEMENT":"f.AEC6E2FDD01581EC588B24590A1694F0.d.A93B8DB332214ADAF3FDC67B7C10E6DA.e.3424"}]}
COMMAND: DELETE /session/e6919d4f77c7541395a205767add4f2b/window - {}
COMMAND: POST /session/e6919d4f77c7541395a205767add4f2b/element - {"using":"xpath","value":"//span[contains(text(), \"WebdriverYardjjtihg\")][contains(@id ,\"application-addressmanagement-display-component---detailAdm--addressDetailDetailsName1\")]"}
RESULT: {}
COMMAND: POST /session/e6919d4f77c7541395a205767add4f2b/window - {"handle":"AEC6E2FDD01581EC588B24590A1694F0"}
RESULT: {"handle":"AEC6E2FDD01581EC588B24590A1694F0"}
COMMAND: GET /session/e6919d4f77c7541395a205767add4f2b/url - {}
COMMAND: POST /session/e6919d4f77c7541395a205767add4f2b/element - {"using":"xpath","value":"//span[contains(@id ,\"title\")][contains(text(), \"WebdriverYardbvn3c\")]"}
RESULT: {"using":"xpath","value":"//span[contains(text(), \"WebdriverYardjjtihg\")][contains(@id ,\"application-addressmanagement-display-component---detailAdm--addressDetailDetailsName1\")]"}
RESULT: {}
COMMAND: GET /session/e6919d4f77c7541395a205767add4f2b/screenshot - {}
COMMAND: POST /session/e6919d4f77c7541395a205767add4f2b/element - {"using":"xpath","value":"//span[contains(text(), \"WebdriverYardjjtihg\")][contains(@id ,\"application-addressmanagement-display-component---detailAdm--addressDetailDetailsName1\")]"}
COMMAND: POST /session/e6919d4f77c7541395a205767add4f2b/element - {"using":"xpath","value":"//button[contains(@data-kt ,\"ContextMenuExternalId3Link\")]"}
RESULT: {"using":"xpath","value":"//span[contains(@id ,\"title\")][contains(text(), \"WebdriverYardbvn3c\")]"}
COMMAND: POST /session/e6919d4f77c7541395a205767add4f2b/execute/sync - {"script":"<script> [8489 bytes]","args":[{"element-6066-11e4-a52e-4f735466cecf":"f.AEC6E2FDD01581EC588B24590A1694F0.d.A93B8DB332214ADAF3FDC67B7C10E6DA.e.3881","ELEMENT":"f.AEC6E2FDD01581EC588B24590A1694F0.d.A93B8DB332214ADAF3FDC67B7C10E6DA.e.3881"}]}
RESULT: {}
RESULT: {"using":"xpath","value":"//span[contains(text(), \"WebdriverYardjjtihg\")][contains(@id ,\"application-addressmanagement-display-component---detailAdm--addressDetailDetailsName1\")]"}
RESULT: {"script":"<script> [8489 bytes]","args":[{"element-6066-11e4-a52e-4f735466cecf":"f.AEC6E2FDD01581EC588B24590A1694F0.d.A93B8DB332214ADAF3FDC67B7C10E6DA.e.3881","ELEMENT":"f.AEC6E2FDD01581EC588B24590A1694F0.d.A93B8DB332214ADAF3FDC67B7C10E6DA.e.3881"}]}
COMMAND: GET /session/e6919d4f77c7541395a205767add4f2b/screenshot - {}
RESULT: {"using":"xpath","value":"//button[contains(@data-kt ,\"ContextMenuExternalId3Link\")]"}
COMMAND: POST /session/e6919d4f77c7541395a205767add4f2b/element/f.AEC6E2FDD01581EC588B24590A1694F0.d.A93B8DB332214ADAF3FDC67B7C10E6DA.e.3882/click - {}
RESULT: {}
COMMAND: POST /session/e6919d4f77c7541395a205767add4f2b/element - {"using":"xpath","value":"//span[contains(text(), \"WebdriverYardjjtihg\")][contains(@id ,\"application-addressmanagement-display-component---detailAdm--addressDetailDetailsName1\")]"}
RESULT: {}
COMMAND: GET /session/e6919d4f77c7541395a205767add4f2b/screenshot - {}
RESULT: {"using":"xpath","value":"//span[contains(text(), \"WebdriverYardjjtihg\")][contains(@id ,\"application-addressmanagement-display-component---detailAdm--addressDetailDetailsName1\")]"}
RESULT: {}
COMMAND: POST /session/e6919d4f77c7541395a205767add4f2b/element - {"using":"xpath","value":"//span[contains(text(), \"WebdriverYardjjtihg\")][contains(@id ,\"application-addressmanagement-display-component---detailAdm--addressDetailDetailsName1\")]"}
RESULT: {"using":"xpath","value":"//span[contains(text(), \"WebdriverYardjjtihg\")][contains(@id ,\"application-addressmanagement-display-component---detailAdm--addressDetailDetailsName1\")]"}
COMMAND: POST /session/e6919d4f77c7541395a205767add4f2b/element - {"using":"xpath","value":"//span[contains(text(), \"WebdriverYardjjtihg\")][contains(@id ,\"application-addressmanagement-display-component---detailAdm--addressDetailDetailsName1\")]"}
RESULT: {"using":"xpath","value":"//span[contains(text(), \"WebdriverYardjjtihg\")][contains(@id ,\"application-addressmanagement-display-component---detailAdm--addressDetailDetailsName1\")]"}
COMMAND: POST /session/e6919d4f77c7541395a205767add4f2b/element - {"using":"xpath","value":"//span[contains(text(), \"WebdriverYardjjtihg\")][contains(@id ,\"application-addressmanagement-display-component---detailAdm--addressDetailDetailsName1\")]"}
RESULT: {"using":"xpath","value":"//span[contains(text(), \"WebdriverYardjjtihg\")][contains(@id ,\"application-addressmanagement-display-component---detailAdm--addressDetailDetailsName1\")]"}
COMMAND: POST /session/e6919d4f77c7541395a205767add4f2b/element - {"using":"xpath","value":"//span[contains(text(), \"WebdriverYardjjtihg\")][contains(@id ,\"application-addressmanagement-display-component---detailAdm--addressDetailDetailsName1\")]"}
RESULT: {"using":"xpath","value":"//span[contains(text(), \"WebdriverYardjjtihg\")][contains(@id ,\"application-addressmanagement-display-component---detailAdm--addressDetailDetailsName1\")]"}
COMMAND: POST /session/e6919d4f77c7541395a205767add4f2b/element - {"using":"xpath","value":"//span[contains(text(), \"WebdriverYardjjtihg\")][contains(@id ,\"application-addressmanagement-display-component---detailAdm--addressDetailDetailsName1\")]"}
RESULT: {"using":"xpath","value":"//span[contains(text(), \"WebdriverYardjjtihg\")][contains(@id ,\"application-addressmanagement-display-component---detailAdm--addressDetailDetailsName1\")]"}
COMMAND: GET /session/e6919d4f77c7541395a205767add4f2b/window/handles - {}
RESULT: {}
COMMAND: POST /session/e6919d4f77c7541395a205767add4f2b/window - {"handle":"733310B187CF6D51508CF2B71B44B601"}
RESULT: {"handle":"733310B187CF6D51508CF2B71B44B601"}
COMMAND: GET /session/e6919d4f77c7541395a205767add4f2b/url - {}
RESULT: {}
COMMAND: GET /session/e6919d4f77c7541395a205767add4f2b/screenshot - {}
RESULT: {}
COMMAND: POST /session/e6919d4f77c7541395a205767add4f2b/element - {"using":"xpath","value":"//span[contains(text(), \"WebdriverYardjjtihg\")][contains(@id ,\"application-addressmanagement-display-component---detailAdm--addressDetailDetailsName1\")]"}
COMMAND: DELETE /session/e6919d4f77c7541395a205767add4f2b/window - {}
RESULT: {}
COMMAND: POST /session/e6919d4f77c7541395a205767add4f2b/window - {"handle":"AEC6E2FDD01581EC588B24590A1694F0"}
RESULT: {"handle":"AEC6E2FDD01581EC588B24590A1694F0"}
COMMAND: GET /session/e6919d4f77c7541395a205767add4f2b/url - {}
RESULT: {"using":"xpath","value":"//span[contains(text(), \"WebdriverYardjjtihg\")][contains(@id ,\"application-addressmanagement-display-component---detailAdm--addressDetailDetailsName1\")]"}
RESULT: {}
COMMAND: GET /session/e6919d4f77c7541395a205767add4f2b/screenshot - {}
COMMAND: POST /session/e6919d4f77c7541395a205767add4f2b/element - {"using":"xpath","value":"//span[contains(text(), \"WebdriverYardjjtihg\")][contains(@id ,\"application-addressmanagement-display-component---detailAdm--addressDetailDetailsName1\")]"}
RESULT: {}
RESULT: {"using":"xpath","value":"//span[contains(text(), \"WebdriverYardjjtihg\")][contains(@id ,\"application-addressmanagement-display-component---detailAdm--addressDetailDetailsName1\")]"}
COMMAND: POST /session/e6919d4f77c7541395a205767add4f2b/element - {"using":"xpath","value":"//span[contains(text(), \"WebdriverYardjjtihg\")][contains(@id ,\"application-addressmanagement-display-component---detailAdm--addressDetailDetailsName1\")]"}
RESULT: {"using":"xpath","value":"//span[contains(text(), \"WebdriverYardjjtihg\")][contains(@id ,\"application-addressmanagement-display-component---detailAdm--addressDetailDetailsName1\")]"}
COMMAND: POST /session/e6919d4f77c7541395a205767add4f2b/element - {"using":"xpath","value":"//span[contains(text(), \"WebdriverYardjjtihg\")][contains(@id ,\"application-addressmanagement-display-component---detailAdm--addressDetailDetailsName1\")]"}
RESULT: {"using":"xpath","value":"//span[contains(text(), \"WebdriverYardjjtihg\")][contains(@id ,\"application-addressmanagement-display-component---detailAdm--addressDetailDetailsName1\")]"}
COMMAND: POST /session/e6919d4f77c7541395a205767add4f2b/element - {"using":"xpath","value":"//span[contains(text(), \"WebdriverYardjjtihg\")][contains(@id ,\"application-addressmanagement-display-component---detailAdm--addressDetailDetailsName1\")]"}
RESULT: {"using":"xpath","value":"//span[contains(text(), \"WebdriverYardjjtihg\")][contains(@id ,\"application-addressmanagement-display-component---detailAdm--addressDetailDetailsName1\")]"}
COMMAND: POST /session/e6919d4f77c7541395a205767add4f2b/element - {"using":"xpath","value":"//span[contains(text(), \"WebdriverYardjjtihg\")][contains(@id ,\"application-addressmanagement-display-component---detailAdm--addressDetailDetailsName1\")]"}
RESULT: {"using":"xpath","value":"//span[contains(text(), \"WebdriverYardjjtihg\")][contains(@id ,\"application-addressmanagement-display-component---detailAdm--addressDetailDetailsName1\")]"}
COMMAND: POST /session/e6919d4f77c7541395a205767add4f2b/element - {"using":"xpath","value":"//span[contains(text(), \"WebdriverYardjjtihg\")][contains(@id ,\"application-addressmanagement-display-component---detailAdm--addressDetailDetailsName1\")]"}
RESULT: {"using":"xpath","value":"//span[contains(text(), \"WebdriverYardjjtihg\")][contains(@id ,\"application-addressmanagement-display-component---detailAdm--addressDetailDetailsName1\")]"}
COMMAND: POST /session/e6919d4f77c7541395a205767add4f2b/element - {"using":"xpath","value":"//span[contains(text(), \"WebdriverYardjjtihg\")][contains(@id ,\"application-addressmanagement-display-component---detailAdm--addressDetailDetailsName1\")]"}
RESULT: {"using":"xpath","value":"//span[contains(text(), \"WebdriverYardjjtihg\")][contains(@id ,\"application-addressmanagement-display-component---detailAdm--addressDetailDetailsName1\")]"}
COMMAND: POST /session/e6919d4f77c7541395a205767add4f2b/element - {"using":"xpath","value":"//span[contains(text(), \"WebdriverYardjjtihg\")][contains(@id ,\"application-addressmanagement-display-component---detailAdm--addressDetailDetailsName1\")]"}
RESULT: {"using":"xpath","value":"//span[contains(text(), \"WebdriverYardjjtihg\")][contains(@id ,\"application-addressmanagement-display-component---detailAdm--addressDetailDetailsName1\")]"}
COMMAND: POST /session/e6919d4f77c7541395a205767add4f2b/element - {"using":"xpath","value":"//span[contains(text(), \"WebdriverYardjjtihg\")][contains(@id ,\"application-addressmanagement-display-component---detailAdm--addressDetailDetailsName1\")]"}
RESULT: {"using":"xpath","value":"//span[contains(text(), \"WebdriverYardjjtihg\")][contains(@id ,\"application-addressmanagement-display-component---detailAdm--addressDetailDetailsName1\")]"}
]]></system-out>
    </testcase>
    <testcase classname="chrome.136_0_7103_93.windows.Webshop_-_Hyperlinks_visible_and_working_properly__US139085" name="Shpuld verify site hyperlinks" time="264.473">
      <system-out><![CDATA[
COMMAND: POST /session/e6919d4f77c7541395a205767add4f2b/element - {"using":"xpath","value":"//*[contains(@data-kt ,\"webshopDetailSiteLink\")]"}
RESULT: {"using":"xpath","value":"//*[contains(@data-kt ,\"webshopDetailSiteLink\")]"}
COMMAND: POST /session/e6919d4f77c7541395a205767add4f2b/execute/sync - {"script":"<script> [8489 bytes]","args":[{"element-6066-11e4-a52e-4f735466cecf":"f.AEC6E2FDD01581EC588B24590A1694F0.d.A93B8DB332214ADAF3FDC67B7C10E6DA.e.4105","ELEMENT":"f.AEC6E2FDD01581EC588B24590A1694F0.d.A93B8DB332214ADAF3FDC67B7C10E6DA.e.4105"}]}
RESULT: {"script":"<script> [8489 bytes]","args":[{"element-6066-11e4-a52e-4f735466cecf":"f.AEC6E2FDD01581EC588B24590A1694F0.d.A93B8DB332214ADAF3FDC67B7C10E6DA.e.4105","ELEMENT":"f.AEC6E2FDD01581EC588B24590A1694F0.d.A93B8DB332214ADAF3FDC67B7C10E6DA.e.4105"}]}
COMMAND: POST /session/e6919d4f77c7541395a205767add4f2b/execute/sync - {"script":"<script> [5351 bytes]","args":[{"element-6066-11e4-a52e-4f735466cecf":"f.AEC6E2FDD01581EC588B24590A1694F0.d.A93B8DB332214ADAF3FDC67B7C10E6DA.e.4105","ELEMENT":"f.AEC6E2FDD01581EC588B24590A1694F0.d.A93B8DB332214ADAF3FDC67B7C10E6DA.e.4105"}]}
COMMAND: GET /session/e6919d4f77c7541395a205767add4f2b/screenshot - {}
RESULT: {"script":"<script> [5351 bytes]","args":[{"element-6066-11e4-a52e-4f735466cecf":"f.AEC6E2FDD01581EC588B24590A1694F0.d.A93B8DB332214ADAF3FDC67B7C10E6DA.e.4105","ELEMENT":"f.AEC6E2FDD01581EC588B24590A1694F0.d.A93B8DB332214ADAF3FDC67B7C10E6DA.e.4105"}]}
COMMAND: POST /session/e6919d4f77c7541395a205767add4f2b/element - {"using":"xpath","value":"//*[contains(@data-kt ,\"webshopDetailSiteLink\")]"}
COMMAND: GET /session/e6919d4f77c7541395a205767add4f2b/screenshot - {}
RESULT: {}
RESULT: {"using":"xpath","value":"//*[contains(@data-kt ,\"webshopDetailSiteLink\")]"}
COMMAND: POST /session/e6919d4f77c7541395a205767add4f2b/element/f.AEC6E2FDD01581EC588B24590A1694F0.d.A93B8DB332214ADAF3FDC67B7C10E6DA.e.4105/click - {}
COMMAND: POST /session/e6919d4f77c7541395a205767add4f2b/element - {"using":"xpath","value":"//span[contains(text(), \"WebdriverYardjjtihg\")][contains(@id ,\"application-addressmanagement-display-component---detailAdm--addressDetailDetailsName1\")]"}
RESULT: {}
RESULT: {}
COMMAND: GET /session/e6919d4f77c7541395a205767add4f2b/screenshot - {}
RESULT: {"using":"xpath","value":"//span[contains(text(), \"WebdriverYardjjtihg\")][contains(@id ,\"application-addressmanagement-display-component---detailAdm--addressDetailDetailsName1\")]"}
RESULT: {}
COMMAND: POST /session/e6919d4f77c7541395a205767add4f2b/element - {"using":"xpath","value":"//span[contains(text(), \"WebdriverYardjjtihg\")][contains(@id ,\"application-addressmanagement-display-component---detailAdm--addressDetailDetailsName1\")]"}
RESULT: {"using":"xpath","value":"//span[contains(text(), \"WebdriverYardjjtihg\")][contains(@id ,\"application-addressmanagement-display-component---detailAdm--addressDetailDetailsName1\")]"}
COMMAND: POST /session/e6919d4f77c7541395a205767add4f2b/element - {"using":"xpath","value":"//span[contains(text(), \"WebdriverYardjjtihg\")][contains(@id ,\"application-addressmanagement-display-component---detailAdm--addressDetailDetailsName1\")]"}
RESULT: {"using":"xpath","value":"//span[contains(text(), \"WebdriverYardjjtihg\")][contains(@id ,\"application-addressmanagement-display-component---detailAdm--addressDetailDetailsName1\")]"}
COMMAND: POST /session/e6919d4f77c7541395a205767add4f2b/element - {"using":"xpath","value":"//span[contains(text(), \"WebdriverYardjjtihg\")][contains(@id ,\"application-addressmanagement-display-component---detailAdm--addressDetailDetailsName1\")]"}
RESULT: {"using":"xpath","value":"//span[contains(text(), \"WebdriverYardjjtihg\")][contains(@id ,\"application-addressmanagement-display-component---detailAdm--addressDetailDetailsName1\")]"}
COMMAND: POST /session/e6919d4f77c7541395a205767add4f2b/element - {"using":"xpath","value":"//*[contains(@data-kt ,\"ContextMenuIdLink\")][contains(text(), \"Manage Site\")]"}
RESULT: {"using":"xpath","value":"//*[contains(@data-kt ,\"ContextMenuIdLink\")][contains(text(), \"Manage Site\")]"}
COMMAND: POST /session/e6919d4f77c7541395a205767add4f2b/execute/sync - {"script":"<script> [8489 bytes]","args":[{"element-6066-11e4-a52e-4f735466cecf":"f.AEC6E2FDD01581EC588B24590A1694F0.d.A93B8DB332214ADAF3FDC67B7C10E6DA.e.4107","ELEMENT":"f.AEC6E2FDD01581EC588B24590A1694F0.d.A93B8DB332214ADAF3FDC67B7C10E6DA.e.4107"}]}
COMMAND: POST /session/e6919d4f77c7541395a205767add4f2b/element - {"using":"xpath","value":"//*[contains(@data-kt ,\"ContextMenuId2Link\")][contains(text(), \"Site Overview\")]"}
COMMAND: POST /session/e6919d4f77c7541395a205767add4f2b/element - {"using":"xpath","value":"//span[contains(text(), \"WebdriverYardjjtihg\")][contains(@id ,\"application-addressmanagement-display-component---detailAdm--addressDetailDetailsName1\")]"}
RESULT: {"using":"xpath","value":"//*[contains(@data-kt ,\"ContextMenuId2Link\")][contains(text(), \"Site Overview\")]"}
COMMAND: POST /session/e6919d4f77c7541395a205767add4f2b/execute/sync - {"script":"<script> [8489 bytes]","args":[{"element-6066-11e4-a52e-4f735466cecf":"f.AEC6E2FDD01581EC588B24590A1694F0.d.A93B8DB332214ADAF3FDC67B7C10E6DA.e.4108","ELEMENT":"f.AEC6E2FDD01581EC588B24590A1694F0.d.A93B8DB332214ADAF3FDC67B7C10E6DA.e.4108"}]}
COMMAND: POST /session/e6919d4f77c7541395a205767add4f2b/element - {"using":"xpath","value":"//*[contains(@data-kt ,\"ContextMenuId3Link\")][contains(text(), \"Site Main Address\")]"}
RESULT: {"script":"<script> [8489 bytes]","args":[{"element-6066-11e4-a52e-4f735466cecf":"f.AEC6E2FDD01581EC588B24590A1694F0.d.A93B8DB332214ADAF3FDC67B7C10E6DA.e.4107","ELEMENT":"f.AEC6E2FDD01581EC588B24590A1694F0.d.A93B8DB332214ADAF3FDC67B7C10E6DA.e.4107"}]}
COMMAND: GET /session/e6919d4f77c7541395a205767add4f2b/screenshot - {}
RESULT: {"using":"xpath","value":"//span[contains(text(), \"WebdriverYardjjtihg\")][contains(@id ,\"application-addressmanagement-display-component---detailAdm--addressDetailDetailsName1\")]"}
RESULT: {"script":"<script> [8489 bytes]","args":[{"element-6066-11e4-a52e-4f735466cecf":"f.AEC6E2FDD01581EC588B24590A1694F0.d.A93B8DB332214ADAF3FDC67B7C10E6DA.e.4108","ELEMENT":"f.AEC6E2FDD01581EC588B24590A1694F0.d.A93B8DB332214ADAF3FDC67B7C10E6DA.e.4108"}]}
COMMAND: GET /session/e6919d4f77c7541395a205767add4f2b/screenshot - {}
RESULT: {"using":"xpath","value":"//*[contains(@data-kt ,\"ContextMenuId3Link\")][contains(text(), \"Site Main Address\")]"}
COMMAND: POST /session/e6919d4f77c7541395a205767add4f2b/execute/sync - {"script":"<script> [8489 bytes]","args":[{"element-6066-11e4-a52e-4f735466cecf":"f.AEC6E2FDD01581EC588B24590A1694F0.d.A93B8DB332214ADAF3FDC67B7C10E6DA.e.4109","ELEMENT":"f.AEC6E2FDD01581EC588B24590A1694F0.d.A93B8DB332214ADAF3FDC67B7C10E6DA.e.4109"}]}
COMMAND: POST /session/e6919d4f77c7541395a205767add4f2b/element/f.AEC6E2FDD01581EC588B24590A1694F0.d.A93B8DB332214ADAF3FDC67B7C10E6DA.e.4107/click - {}
RESULT: {}
COMMAND: POST /session/e6919d4f77c7541395a205767add4f2b/element - {"using":"xpath","value":"//span[contains(text(), \"WebdriverYardjjtihg\")][contains(@id ,\"application-addressmanagement-display-component---detailAdm--addressDetailDetailsName1\")]"}
RESULT: {}
RESULT: {}
COMMAND: GET /session/e6919d4f77c7541395a205767add4f2b/screenshot - {}
COMMAND: POST /session/e6919d4f77c7541395a205767add4f2b/element - {"using":"xpath","value":"//*[contains(@data-kt ,\"ContextMenuId3Link\")][contains(text(), \"Site Main Address\")]"}
RESULT: {"using":"xpath","value":"//span[contains(text(), \"WebdriverYardjjtihg\")][contains(@id ,\"application-addressmanagement-display-component---detailAdm--addressDetailDetailsName1\")]"}
COMMAND: POST /session/e6919d4f77c7541395a205767add4f2b/element - {"using":"xpath","value":"//span[contains(text(), \"WebdriverYardjjtihg\")][contains(@id ,\"application-addressmanagement-display-component---detailAdm--addressDetailDetailsName1\")]"}
RESULT: {}
RESULT: {"using":"xpath","value":"//*[contains(@data-kt ,\"ContextMenuId3Link\")][contains(text(), \"Site Main Address\")]"}
COMMAND: POST /session/e6919d4f77c7541395a205767add4f2b/element - {"using":"xpath","value":"//*[contains(@data-kt ,\"ContextMenuId3Link\")][contains(text(), \"Site Main Address\")]"}
RESULT: {"using":"xpath","value":"//span[contains(text(), \"WebdriverYardjjtihg\")][contains(@id ,\"application-addressmanagement-display-component---detailAdm--addressDetailDetailsName1\")]"}
RESULT: {"using":"xpath","value":"//*[contains(@data-kt ,\"ContextMenuId3Link\")][contains(text(), \"Site Main Address\")]"}
COMMAND: POST /session/e6919d4f77c7541395a205767add4f2b/element - {"using":"xpath","value":"//span[contains(text(), \"WebdriverYardjjtihg\")][contains(@id ,\"application-addressmanagement-display-component---detailAdm--addressDetailDetailsName1\")]"}
RESULT: {"using":"xpath","value":"//span[contains(text(), \"WebdriverYardjjtihg\")][contains(@id ,\"application-addressmanagement-display-component---detailAdm--addressDetailDetailsName1\")]"}
COMMAND: POST /session/e6919d4f77c7541395a205767add4f2b/element - {"using":"xpath","value":"//*[contains(@data-kt ,\"ContextMenuId3Link\")][contains(text(), \"Site Main Address\")]"}
RESULT: {"using":"xpath","value":"//*[contains(@data-kt ,\"ContextMenuId3Link\")][contains(text(), \"Site Main Address\")]"}
COMMAND: POST /session/e6919d4f77c7541395a205767add4f2b/execute/async - {"script":"<script> [1562 bytes]","args":[{"selector":{"controlType":"sap.m.Title","viewName":"etm.portal.ui.managesites.view.Master","viewId":"application-managesites-display-component---masterSite","i18NText":{"propertyName":"text","key":"sites"}},"wdio_ui5_key":"etmportal.ui.managesites.view.Mastersap.m.Title{\"propertyName\":\"text\",\"key\":\"sites\"}"}]}
COMMAND: POST /session/e6919d4f77c7541395a205767add4f2b/element - {"using":"xpath","value":"//span[contains(text(), \"WebdriverYardjjtihg\")][contains(@id ,\"application-addressmanagement-display-component---detailAdm--addressDetailDetailsName1\")]"}
COMMAND: POST /session/e6919d4f77c7541395a205767add4f2b/element - {"using":"xpath","value":"//*[contains(@data-kt ,\"ContextMenuId3Link\")][contains(text(), \"Site Main Address\")]"}
RESULT: {"script":"<script> [1562 bytes]","args":[{"selector":{"controlType":"sap.m.Title","viewName":"etm.portal.ui.managesites.view.Master","viewId":"application-managesites-display-component---masterSite","i18NText":{"propertyName":"text","key":"sites"}},"wdio_ui5_key":"etmportal.ui.managesites.view.Mastersap.m.Title{\"propertyName\":\"text\",\"key\":\"sites\"}"}]}
RESULT: undefined
COMMAND: POST /session/e6919d4f77c7541395a205767add4f2b/execute/async - {"script":"<script> [6424 bytes]","args":[{"element-6066-11e4-a52e-4f735466cecf":"f.AEC6E2FDD01581EC588B24590A1694F0.d.A93B8DB332214ADAF3FDC67B7C10E6DA.e.4319"},"getText",[]]}
RESULT: {"using":"xpath","value":"//span[contains(text(), \"WebdriverYardjjtihg\")][contains(@id ,\"application-addressmanagement-display-component---detailAdm--addressDetailDetailsName1\")]"}
RESULT: {"using":"xpath","value":"//*[contains(@data-kt ,\"ContextMenuId3Link\")][contains(text(), \"Site Main Address\")]"}
RESULT: {"script":"<script> [6424 bytes]","args":[{"element-6066-11e4-a52e-4f735466cecf":"f.AEC6E2FDD01581EC588B24590A1694F0.d.A93B8DB332214ADAF3FDC67B7C10E6DA.e.4319"},"getText",[]]}
COMMAND: POST /session/e6919d4f77c7541395a205767add4f2b/execute/async - {"script":"<script> [1562 bytes]","args":[{"selector":{"id":"application-managesites-display-component---detailSite--addressDetailDetailsName1"},"wdio_ui5_key":"applicationmanagesites-display-component---detailSite--addressDetailDetailsName1"}]}
COMMAND: POST /session/e6919d4f77c7541395a205767add4f2b/element - {"using":"xpath","value":"//span[contains(text(), \"WebdriverYardjjtihg\")][contains(@id ,\"application-addressmanagement-display-component---detailAdm--addressDetailDetailsName1\")]"}
COMMAND: POST /session/e6919d4f77c7541395a205767add4f2b/element - {"using":"xpath","value":"//*[contains(@data-kt ,\"ContextMenuId3Link\")][contains(text(), \"Site Main Address\")]"}
RESULT: {"script":"<script> [1562 bytes]","args":[{"selector":{"id":"application-managesites-display-component---detailSite--addressDetailDetailsName1"},"wdio_ui5_key":"applicationmanagesites-display-component---detailSite--addressDetailDetailsName1"}]}
RESULT: undefined
COMMAND: POST /session/e6919d4f77c7541395a205767add4f2b/execute/async - {"script":"<script> [6424 bytes]","args":[{"element-6066-11e4-a52e-4f735466cecf":"f.AEC6E2FDD01581EC588B24590A1694F0.d.A93B8DB332214ADAF3FDC67B7C10E6DA.e.4173"},"getValue",[]]}
RESULT: {"using":"xpath","value":"//span[contains(text(), \"WebdriverYardjjtihg\")][contains(@id ,\"application-addressmanagement-display-component---detailAdm--addressDetailDetailsName1\")]"}
RESULT: {"using":"xpath","value":"//*[contains(@data-kt ,\"ContextMenuId3Link\")][contains(text(), \"Site Main Address\")]"}
RESULT: {"script":"<script> [6424 bytes]","args":[{"element-6066-11e4-a52e-4f735466cecf":"f.AEC6E2FDD01581EC588B24590A1694F0.d.A93B8DB332214ADAF3FDC67B7C10E6DA.e.4173"},"getValue",[]]}
RESULT: undefined
COMMAND: POST /session/e6919d4f77c7541395a205767add4f2b/element - {"using":"xpath","value":"//*[@id=\"backBtn\"]"}
RESULT: {"using":"xpath","value":"//*[@id=\"backBtn\"]"}
COMMAND: POST /session/e6919d4f77c7541395a205767add4f2b/element/f.AEC6E2FDD01581EC588B24590A1694F0.d.A93B8DB332214ADAF3FDC67B7C10E6DA.e.3259/click - {}
COMMAND: POST /session/e6919d4f77c7541395a205767add4f2b/element - {"using":"xpath","value":"//span[contains(text(), \"WebdriverYardjjtihg\")][contains(@id ,\"application-addressmanagement-display-component---detailAdm--addressDetailDetailsName1\")]"}
COMMAND: POST /session/e6919d4f77c7541395a205767add4f2b/element - {"using":"xpath","value":"//*[contains(@data-kt ,\"ContextMenuId3Link\")][contains(text(), \"Site Main Address\")]"}
RESULT: {"using":"xpath","value":"//span[contains(text(), \"WebdriverYardjjtihg\")][contains(@id ,\"application-addressmanagement-display-component---detailAdm--addressDetailDetailsName1\")]"}
RESULT: {}
COMMAND: GET /session/e6919d4f77c7541395a205767add4f2b/screenshot - {}
COMMAND: POST /session/e6919d4f77c7541395a205767add4f2b/element - {"using":"xpath","value":"//span[contains(text(), \"WebdriverYardjjtihg\")][contains(@id ,\"application-addressmanagement-display-component---detailAdm--addressDetailDetailsName1\")]"}
RESULT: {"using":"xpath","value":"//*[contains(@data-kt ,\"ContextMenuId3Link\")][contains(text(), \"Site Main Address\")]"}
COMMAND: POST /session/e6919d4f77c7541395a205767add4f2b/element - {"using":"xpath","value":"//*[contains(@data-kt ,\"ContextMenuId3Link\")][contains(text(), \"Site Main Address\")]"}
RESULT: {}
RESULT: {"using":"xpath","value":"//span[contains(text(), \"WebdriverYardjjtihg\")][contains(@id ,\"application-addressmanagement-display-component---detailAdm--addressDetailDetailsName1\")]"}
RESULT: {"using":"xpath","value":"//*[contains(@data-kt ,\"ContextMenuId3Link\")][contains(text(), \"Site Main Address\")]"}
COMMAND: POST /session/e6919d4f77c7541395a205767add4f2b/element - {"using":"xpath","value":"//span[contains(text(), \"WebdriverYardjjtihg\")][contains(@id ,\"application-addressmanagement-display-component---detailAdm--addressDetailDetailsName1\")]"}
COMMAND: POST /session/e6919d4f77c7541395a205767add4f2b/element - {"using":"xpath","value":"//*[contains(@data-kt ,\"ContextMenuId3Link\")][contains(text(), \"Site Main Address\")]"}
COMMAND: POST /session/e6919d4f77c7541395a205767add4f2b/execute/sync - {"script":"<script> [8489 bytes]","args":[{"element-6066-11e4-a52e-4f735466cecf":"f.AEC6E2FDD01581EC588B24590A1694F0.d.A93B8DB332214ADAF3FDC67B7C10E6DA.e.4105","ELEMENT":"f.AEC6E2FDD01581EC588B24590A1694F0.d.A93B8DB332214ADAF3FDC67B7C10E6DA.e.4105"}]}
RESULT: {"using":"xpath","value":"//span[contains(text(), \"WebdriverYardjjtihg\")][contains(@id ,\"application-addressmanagement-display-component---detailAdm--addressDetailDetailsName1\")]"}
RESULT: {"using":"xpath","value":"//*[contains(@data-kt ,\"ContextMenuId3Link\")][contains(text(), \"Site Main Address\")]"}
COMMAND: POST /session/e6919d4f77c7541395a205767add4f2b/element - {"using":"xpath","value":"//*[contains(@data-kt ,\"webshopDetailSiteLink\")]"}
RESULT: {"using":"xpath","value":"//*[contains(@data-kt ,\"webshopDetailSiteLink\")]"}
COMMAND: POST /session/e6919d4f77c7541395a205767add4f2b/execute/sync - {"script":"<script> [8489 bytes]","args":[{"element-6066-11e4-a52e-4f735466cecf":"f.AEC6E2FDD01581EC588B24590A1694F0.d.A93B8DB332214ADAF3FDC67B7C10E6DA.e.4451","ELEMENT":"f.AEC6E2FDD01581EC588B24590A1694F0.d.A93B8DB332214ADAF3FDC67B7C10E6DA.e.4451"}]}
COMMAND: POST /session/e6919d4f77c7541395a205767add4f2b/element - {"using":"xpath","value":"//span[contains(text(), \"WebdriverYardjjtihg\")][contains(@id ,\"application-addressmanagement-display-component---detailAdm--addressDetailDetailsName1\")]"}
COMMAND: POST /session/e6919d4f77c7541395a205767add4f2b/element - {"using":"xpath","value":"//*[contains(@data-kt ,\"ContextMenuId3Link\")][contains(text(), \"Site Main Address\")]"}
RESULT: {"script":"<script> [8489 bytes]","args":[{"element-6066-11e4-a52e-4f735466cecf":"f.AEC6E2FDD01581EC588B24590A1694F0.d.A93B8DB332214ADAF3FDC67B7C10E6DA.e.4451","ELEMENT":"f.AEC6E2FDD01581EC588B24590A1694F0.d.A93B8DB332214ADAF3FDC67B7C10E6DA.e.4451"}]}
COMMAND: POST /session/e6919d4f77c7541395a205767add4f2b/execute/sync - {"script":"<script> [5351 bytes]","args":[{"element-6066-11e4-a52e-4f735466cecf":"f.AEC6E2FDD01581EC588B24590A1694F0.d.A93B8DB332214ADAF3FDC67B7C10E6DA.e.4451","ELEMENT":"f.AEC6E2FDD01581EC588B24590A1694F0.d.A93B8DB332214ADAF3FDC67B7C10E6DA.e.4451"}]}
COMMAND: GET /session/e6919d4f77c7541395a205767add4f2b/screenshot - {}
RESULT: {"using":"xpath","value":"//span[contains(text(), \"WebdriverYardjjtihg\")][contains(@id ,\"application-addressmanagement-display-component---detailAdm--addressDetailDetailsName1\")]"}
RESULT: {"using":"xpath","value":"//*[contains(@data-kt ,\"ContextMenuId3Link\")][contains(text(), \"Site Main Address\")]"}
RESULT: {"script":"<script> [5351 bytes]","args":[{"element-6066-11e4-a52e-4f735466cecf":"f.AEC6E2FDD01581EC588B24590A1694F0.d.A93B8DB332214ADAF3FDC67B7C10E6DA.e.4451","ELEMENT":"f.AEC6E2FDD01581EC588B24590A1694F0.d.A93B8DB332214ADAF3FDC67B7C10E6DA.e.4451"}]}
COMMAND: POST /session/e6919d4f77c7541395a205767add4f2b/element - {"using":"xpath","value":"//*[contains(@data-kt ,\"webshopDetailSiteLink\")]"}
COMMAND: POST /session/e6919d4f77c7541395a205767add4f2b/element - {"using":"xpath","value":"//span[contains(text(), \"WebdriverYardjjtihg\")][contains(@id ,\"application-addressmanagement-display-component---detailAdm--addressDetailDetailsName1\")]"}
COMMAND: GET /session/e6919d4f77c7541395a205767add4f2b/screenshot - {}
COMMAND: POST /session/e6919d4f77c7541395a205767add4f2b/element - {"using":"xpath","value":"//*[contains(@data-kt ,\"ContextMenuId3Link\")][contains(text(), \"Site Main Address\")]"}
RESULT: {}
RESULT: {"using":"xpath","value":"//*[contains(@data-kt ,\"webshopDetailSiteLink\")]"}
COMMAND: POST /session/e6919d4f77c7541395a205767add4f2b/element/f.AEC6E2FDD01581EC588B24590A1694F0.d.A93B8DB332214ADAF3FDC67B7C10E6DA.e.4451/click - {}
RESULT: {"using":"xpath","value":"//span[contains(text(), \"WebdriverYardjjtihg\")][contains(@id ,\"application-addressmanagement-display-component---detailAdm--addressDetailDetailsName1\")]"}
COMMAND: POST /session/e6919d4f77c7541395a205767add4f2b/element - {"using":"xpath","value":"//span[contains(text(), \"WebdriverYardjjtihg\")][contains(@id ,\"application-addressmanagement-display-component---detailAdm--addressDetailDetailsName1\")]"}
RESULT: {}
RESULT: {"using":"xpath","value":"//*[contains(@data-kt ,\"ContextMenuId3Link\")][contains(text(), \"Site Main Address\")]"}
RESULT: {}
COMMAND: GET /session/e6919d4f77c7541395a205767add4f2b/screenshot - {}
RESULT: {"using":"xpath","value":"//span[contains(text(), \"WebdriverYardjjtihg\")][contains(@id ,\"application-addressmanagement-display-component---detailAdm--addressDetailDetailsName1\")]"}
RESULT: {}
COMMAND: POST /session/e6919d4f77c7541395a205767add4f2b/element - {"using":"xpath","value":"//*[contains(@data-kt ,\"ContextMenuId3Link\")][contains(text(), \"Site Main Address\")]"}
RESULT: {"using":"xpath","value":"//*[contains(@data-kt ,\"ContextMenuId3Link\")][contains(text(), \"Site Main Address\")]"}
COMMAND: POST /session/e6919d4f77c7541395a205767add4f2b/execute/sync - {"script":"<script> [8489 bytes]","args":[{"element-6066-11e4-a52e-4f735466cecf":"f.AEC6E2FDD01581EC588B24590A1694F0.d.A93B8DB332214ADAF3FDC67B7C10E6DA.e.4453","ELEMENT":"f.AEC6E2FDD01581EC588B24590A1694F0.d.A93B8DB332214ADAF3FDC67B7C10E6DA.e.4453"}]}
COMMAND: POST /session/e6919d4f77c7541395a205767add4f2b/element - {"using":"xpath","value":"//span[contains(text(), \"WebdriverYardjjtihg\")][contains(@id ,\"application-addressmanagement-display-component---detailAdm--addressDetailDetailsName1\")]"}
RESULT: {"script":"<script> [8489 bytes]","args":[{"element-6066-11e4-a52e-4f735466cecf":"f.AEC6E2FDD01581EC588B24590A1694F0.d.A93B8DB332214ADAF3FDC67B7C10E6DA.e.4453","ELEMENT":"f.AEC6E2FDD01581EC588B24590A1694F0.d.A93B8DB332214ADAF3FDC67B7C10E6DA.e.4453"}]}
RESULT: {"using":"xpath","value":"//span[contains(text(), \"WebdriverYardjjtihg\")][contains(@id ,\"application-addressmanagement-display-component---detailAdm--addressDetailDetailsName1\")]"}
COMMAND: GET /session/e6919d4f77c7541395a205767add4f2b/screenshot - {}
RESULT: {}
COMMAND: POST /session/e6919d4f77c7541395a205767add4f2b/element - {"using":"xpath","value":"//span[contains(text(), \"WebdriverYardjjtihg\")][contains(@id ,\"application-addressmanagement-display-component---detailAdm--addressDetailDetailsName1\")]"}
RESULT: {"using":"xpath","value":"//span[contains(text(), \"WebdriverYardjjtihg\")][contains(@id ,\"application-addressmanagement-display-component---detailAdm--addressDetailDetailsName1\")]"}
COMMAND: POST /session/e6919d4f77c7541395a205767add4f2b/element - {"using":"xpath","value":"//span[contains(text(), \"WebdriverYardjjtihg\")][contains(@id ,\"application-addressmanagement-display-component---detailAdm--addressDetailDetailsName1\")]"}
COMMAND: POST /session/e6919d4f77c7541395a205767add4f2b/element/f.AEC6E2FDD01581EC588B24590A1694F0.d.A93B8DB332214ADAF3FDC67B7C10E6DA.e.4108/click - {}
RESULT: {"using":"xpath","value":"//span[contains(text(), \"WebdriverYardjjtihg\")][contains(@id ,\"application-addressmanagement-display-component---detailAdm--addressDetailDetailsName1\")]"}
COMMAND: POST /session/e6919d4f77c7541395a205767add4f2b/element - {"using":"xpath","value":"//*[contains(@data-kt ,\"ContextMenuId2Link\")][contains(text(), \"Site Overview\")]"}
RESULT: {"using":"xpath","value":"//*[contains(@data-kt ,\"ContextMenuId2Link\")][contains(text(), \"Site Overview\")]"}
COMMAND: POST /session/e6919d4f77c7541395a205767add4f2b/element/f.AEC6E2FDD01581EC588B24590A1694F0.d.A93B8DB332214ADAF3FDC67B7C10E6DA.e.4108/click - {}
COMMAND: POST /session/e6919d4f77c7541395a205767add4f2b/element - {"using":"xpath","value":"//*[contains(@data-kt ,\"ContextMenuId2Link\")][contains(text(), \"Site Overview\")]"}
RESULT: {"using":"xpath","value":"//*[contains(@data-kt ,\"ContextMenuId2Link\")][contains(text(), \"Site Overview\")]"}
COMMAND: POST /session/e6919d4f77c7541395a205767add4f2b/element/f.AEC6E2FDD01581EC588B24590A1694F0.d.A93B8DB332214ADAF3FDC67B7C10E6DA.e.4454/click - {}
RESULT: {}
COMMAND: GET /session/e6919d4f77c7541395a205767add4f2b/screenshot - {}
RESULT: {}
RESULT: undefined
COMMAND: POST /session/e6919d4f77c7541395a205767add4f2b/execute/async - {"script":"<script> [6424 bytes]","args":[{"element-6066-11e4-a52e-4f735466cecf":"f.AEC6E2FDD01581EC588B24590A1694F0.d.A93B8DB332214ADAF3FDC67B7C10E6DA.e.3257"},"getTitle",[]]}
COMMAND: POST /session/e6919d4f77c7541395a205767add4f2b/execute/async - {"script":"<script> [1562 bytes]","args":[{"selector":{"id":"shellAppTitle"},"wdio_ui5_key":"shellAppTitle"}]}
RESULT: {"script":"<script> [1562 bytes]","args":[{"selector":{"id":"shellAppTitle"},"wdio_ui5_key":"shellAppTitle"}]}
COMMAND: POST /session/e6919d4f77c7541395a205767add4f2b/execute/async - {"script":"<script> [6424 bytes]","args":[{"element-6066-11e4-a52e-4f735466cecf":"f.AEC6E2FDD01581EC588B24590A1694F0.d.A93B8DB332214ADAF3FDC67B7C10E6DA.e.4534"},"getTitle",[]]}
RESULT: {"script":"<script> [6424 bytes]","args":[{"element-6066-11e4-a52e-4f735466cecf":"f.AEC6E2FDD01581EC588B24590A1694F0.d.A93B8DB332214ADAF3FDC67B7C10E6DA.e.4534"},"getTitle",[]]}
COMMAND: POST /session/e6919d4f77c7541395a205767add4f2b/element - {"using":"xpath","value":"(//span[contains(text(), \"WebdriverSitexh23yl\")])[2]"}
RESULT: {"using":"xpath","value":"(//span[contains(text(), \"WebdriverSitexh23yl\")])[2]"}
COMMAND: POST /session/e6919d4f77c7541395a205767add4f2b/execute/sync - {"script":"<script> [8489 bytes]","args":[{"element-6066-11e4-a52e-4f735466cecf":"f.AEC6E2FDD01581EC588B24590A1694F0.d.A93B8DB332214ADAF3FDC67B7C10E6DA.e.4535","ELEMENT":"f.AEC6E2FDD01581EC588B24590A1694F0.d.A93B8DB332214ADAF3FDC67B7C10E6DA.e.4535"}]}
RESULT: undefined
COMMAND: POST /session/e6919d4f77c7541395a205767add4f2b/element - {"using":"xpath","value":"//*[@id=\"backBtn\"]"}
RESULT: {"script":"<script> [8489 bytes]","args":[{"element-6066-11e4-a52e-4f735466cecf":"f.AEC6E2FDD01581EC588B24590A1694F0.d.A93B8DB332214ADAF3FDC67B7C10E6DA.e.4535","ELEMENT":"f.AEC6E2FDD01581EC588B24590A1694F0.d.A93B8DB332214ADAF3FDC67B7C10E6DA.e.4535"}]}
COMMAND: GET /session/e6919d4f77c7541395a205767add4f2b/screenshot - {}
RESULT: {"using":"xpath","value":"//*[@id=\"backBtn\"]"}
COMMAND: POST /session/e6919d4f77c7541395a205767add4f2b/element/f.AEC6E2FDD01581EC588B24590A1694F0.d.A93B8DB332214ADAF3FDC67B7C10E6DA.e.3259/click - {}
RESULT: {}
RESULT: {}
COMMAND: GET /session/e6919d4f77c7541395a205767add4f2b/screenshot - {}
RESULT: {}
COMMAND: POST /session/e6919d4f77c7541395a205767add4f2b/execute/sync - {"script":"<script> [8489 bytes]","args":[{"element-6066-11e4-a52e-4f735466cecf":"f.AEC6E2FDD01581EC588B24590A1694F0.d.A93B8DB332214ADAF3FDC67B7C10E6DA.e.4451","ELEMENT":"f.AEC6E2FDD01581EC588B24590A1694F0.d.A93B8DB332214ADAF3FDC67B7C10E6DA.e.4451"}]}
COMMAND: POST /session/e6919d4f77c7541395a205767add4f2b/element - {"using":"xpath","value":"//*[contains(@data-kt ,\"webshopDetailSiteLink\")]"}
RESULT: {"using":"xpath","value":"//*[contains(@data-kt ,\"webshopDetailSiteLink\")]"}
COMMAND: POST /session/e6919d4f77c7541395a205767add4f2b/execute/sync - {"script":"<script> [8489 bytes]","args":[{"element-6066-11e4-a52e-4f735466cecf":"f.AEC6E2FDD01581EC588B24590A1694F0.d.A93B8DB332214ADAF3FDC67B7C10E6DA.e.4673","ELEMENT":"f.AEC6E2FDD01581EC588B24590A1694F0.d.A93B8DB332214ADAF3FDC67B7C10E6DA.e.4673"}]}
RESULT: {"script":"<script> [8489 bytes]","args":[{"element-6066-11e4-a52e-4f735466cecf":"f.AEC6E2FDD01581EC588B24590A1694F0.d.A93B8DB332214ADAF3FDC67B7C10E6DA.e.4673","ELEMENT":"f.AEC6E2FDD01581EC588B24590A1694F0.d.A93B8DB332214ADAF3FDC67B7C10E6DA.e.4673"}]}
COMMAND: POST /session/e6919d4f77c7541395a205767add4f2b/execute/sync - {"script":"<script> [5351 bytes]","args":[{"element-6066-11e4-a52e-4f735466cecf":"f.AEC6E2FDD01581EC588B24590A1694F0.d.A93B8DB332214ADAF3FDC67B7C10E6DA.e.4673","ELEMENT":"f.AEC6E2FDD01581EC588B24590A1694F0.d.A93B8DB332214ADAF3FDC67B7C10E6DA.e.4673"}]}
COMMAND: GET /session/e6919d4f77c7541395a205767add4f2b/screenshot - {}
RESULT: {"script":"<script> [5351 bytes]","args":[{"element-6066-11e4-a52e-4f735466cecf":"f.AEC6E2FDD01581EC588B24590A1694F0.d.A93B8DB332214ADAF3FDC67B7C10E6DA.e.4673","ELEMENT":"f.AEC6E2FDD01581EC588B24590A1694F0.d.A93B8DB332214ADAF3FDC67B7C10E6DA.e.4673"}]}
COMMAND: POST /session/e6919d4f77c7541395a205767add4f2b/element - {"using":"xpath","value":"//*[contains(@data-kt ,\"webshopDetailSiteLink\")]"}
COMMAND: GET /session/e6919d4f77c7541395a205767add4f2b/screenshot - {}
RESULT: {}
RESULT: {"using":"xpath","value":"//*[contains(@data-kt ,\"webshopDetailSiteLink\")]"}
COMMAND: POST /session/e6919d4f77c7541395a205767add4f2b/element/f.AEC6E2FDD01581EC588B24590A1694F0.d.A93B8DB332214ADAF3FDC67B7C10E6DA.e.4673/click - {}
RESULT: {}
RESULT: {}
COMMAND: GET /session/e6919d4f77c7541395a205767add4f2b/screenshot - {}
RESULT: {}
COMMAND: POST /session/e6919d4f77c7541395a205767add4f2b/element/f.AEC6E2FDD01581EC588B24590A1694F0.d.A93B8DB332214ADAF3FDC67B7C10E6DA.e.4453/click - {}
COMMAND: POST /session/e6919d4f77c7541395a205767add4f2b/element - {"using":"xpath","value":"//*[contains(@data-kt ,\"ContextMenuId3Link\")][contains(text(), \"Site Main Address\")]"}
RESULT: {"using":"xpath","value":"//*[contains(@data-kt ,\"ContextMenuId3Link\")][contains(text(), \"Site Main Address\")]"}
COMMAND: POST /session/e6919d4f77c7541395a205767add4f2b/element/f.AEC6E2FDD01581EC588B24590A1694F0.d.A93B8DB332214ADAF3FDC67B7C10E6DA.e.4453/click - {}
COMMAND: POST /session/e6919d4f77c7541395a205767add4f2b/element - {"using":"xpath","value":"//*[contains(@data-kt ,\"ContextMenuId3Link\")][contains(text(), \"Site Main Address\")]"}
RESULT: {"using":"xpath","value":"//*[contains(@data-kt ,\"ContextMenuId3Link\")][contains(text(), \"Site Main Address\")]"}
COMMAND: POST /session/e6919d4f77c7541395a205767add4f2b/element/f.AEC6E2FDD01581EC588B24590A1694F0.d.A93B8DB332214ADAF3FDC67B7C10E6DA.e.4675/click - {}
RESULT: {}
COMMAND: GET /session/e6919d4f77c7541395a205767add4f2b/screenshot - {}
RESULT: {}
COMMAND: POST /session/e6919d4f77c7541395a205767add4f2b/element - {"using":"xpath","value":"//span[contains(@id ,\"application-addressmanagement-display-component---masterAdm--title1-inner\")]"}
RESULT: {"using":"xpath","value":"//span[contains(@id ,\"application-addressmanagement-display-component---masterAdm--title1-inner\")]"}
COMMAND: GET /session/e6919d4f77c7541395a205767add4f2b/element/f.AEC6E2FDD01581EC588B24590A1694F0.d.A93B8DB332214ADAF3FDC67B7C10E6DA.e.4873/text - {}
RESULT: {}
COMMAND: POST /session/e6919d4f77c7541395a205767add4f2b/element - {"using":"xpath","value":"//span[contains(@id ,\"application-addressmanagement-display-component---detailAdm--addressDetailDetailsName1\")][contains(text(), \"WebdriverSitexh23yl\")]"}
RESULT: {"using":"xpath","value":"//span[contains(@id ,\"application-addressmanagement-display-component---detailAdm--addressDetailDetailsName1\")][contains(text(), \"WebdriverSitexh23yl\")]"}
COMMAND: POST /session/e6919d4f77c7541395a205767add4f2b/execute/sync - {"script":"<script> [8489 bytes]","args":[{"element-6066-11e4-a52e-4f735466cecf":"f.AEC6E2FDD01581EC588B24590A1694F0.d.A93B8DB332214ADAF3FDC67B7C10E6DA.e.4874","ELEMENT":"f.AEC6E2FDD01581EC588B24590A1694F0.d.A93B8DB332214ADAF3FDC67B7C10E6DA.e.4874"}]}
RESULT: undefined
COMMAND: POST /session/e6919d4f77c7541395a205767add4f2b/element - {"using":"xpath","value":"//*[@id=\"backBtn\"]"}
RESULT: {"script":"<script> [8489 bytes]","args":[{"element-6066-11e4-a52e-4f735466cecf":"f.AEC6E2FDD01581EC588B24590A1694F0.d.A93B8DB332214ADAF3FDC67B7C10E6DA.e.4874","ELEMENT":"f.AEC6E2FDD01581EC588B24590A1694F0.d.A93B8DB332214ADAF3FDC67B7C10E6DA.e.4874"}]}
COMMAND: GET /session/e6919d4f77c7541395a205767add4f2b/screenshot - {}
RESULT: {"using":"xpath","value":"//*[@id=\"backBtn\"]"}
COMMAND: POST /session/e6919d4f77c7541395a205767add4f2b/element/f.AEC6E2FDD01581EC588B24590A1694F0.d.A93B8DB332214ADAF3FDC67B7C10E6DA.e.3259/click - {}
RESULT: {}
RESULT: {}
COMMAND: GET /session/e6919d4f77c7541395a205767add4f2b/screenshot - {}
RESULT: {}
COMMAND: POST /session/e6919d4f77c7541395a205767add4f2b/execute/sync - {"script":"<script> [8489 bytes]","args":[{"element-6066-11e4-a52e-4f735466cecf":"f.AEC6E2FDD01581EC588B24590A1694F0.d.A93B8DB332214ADAF3FDC67B7C10E6DA.e.4673","ELEMENT":"f.AEC6E2FDD01581EC588B24590A1694F0.d.A93B8DB332214ADAF3FDC67B7C10E6DA.e.4673"}]}
COMMAND: POST /session/e6919d4f77c7541395a205767add4f2b/element - {"using":"xpath","value":"//*[contains(@data-kt ,\"webshopDetailSiteLink\")]"}
RESULT: {"using":"xpath","value":"//*[contains(@data-kt ,\"webshopDetailSiteLink\")]"}
COMMAND: POST /session/e6919d4f77c7541395a205767add4f2b/execute/sync - {"script":"<script> [8489 bytes]","args":[{"element-6066-11e4-a52e-4f735466cecf":"f.AEC6E2FDD01581EC588B24590A1694F0.d.A93B8DB332214ADAF3FDC67B7C10E6DA.e.5005","ELEMENT":"f.AEC6E2FDD01581EC588B24590A1694F0.d.A93B8DB332214ADAF3FDC67B7C10E6DA.e.5005"}]}
RESULT: {"script":"<script> [8489 bytes]","args":[{"element-6066-11e4-a52e-4f735466cecf":"f.AEC6E2FDD01581EC588B24590A1694F0.d.A93B8DB332214ADAF3FDC67B7C10E6DA.e.5005","ELEMENT":"f.AEC6E2FDD01581EC588B24590A1694F0.d.A93B8DB332214ADAF3FDC67B7C10E6DA.e.5005"}]}
COMMAND: POST /session/e6919d4f77c7541395a205767add4f2b/execute/sync - {"script":"<script> [5351 bytes]","args":[{"element-6066-11e4-a52e-4f735466cecf":"f.AEC6E2FDD01581EC588B24590A1694F0.d.A93B8DB332214ADAF3FDC67B7C10E6DA.e.5005","ELEMENT":"f.AEC6E2FDD01581EC588B24590A1694F0.d.A93B8DB332214ADAF3FDC67B7C10E6DA.e.5005"}]}
COMMAND: GET /session/e6919d4f77c7541395a205767add4f2b/screenshot - {}
RESULT: {"script":"<script> [5351 bytes]","args":[{"element-6066-11e4-a52e-4f735466cecf":"f.AEC6E2FDD01581EC588B24590A1694F0.d.A93B8DB332214ADAF3FDC67B7C10E6DA.e.5005","ELEMENT":"f.AEC6E2FDD01581EC588B24590A1694F0.d.A93B8DB332214ADAF3FDC67B7C10E6DA.e.5005"}]}
COMMAND: POST /session/e6919d4f77c7541395a205767add4f2b/element - {"using":"xpath","value":"//*[contains(@data-kt ,\"webshopDetailSiteLink\")]"}
COMMAND: GET /session/e6919d4f77c7541395a205767add4f2b/screenshot - {}
RESULT: {}
RESULT: {"using":"xpath","value":"//*[contains(@data-kt ,\"webshopDetailSiteLink\")]"}
COMMAND: POST /session/e6919d4f77c7541395a205767add4f2b/element/f.AEC6E2FDD01581EC588B24590A1694F0.d.A93B8DB332214ADAF3FDC67B7C10E6DA.e.5005/click - {}
RESULT: {}
RESULT: {}
COMMAND: GET /session/e6919d4f77c7541395a205767add4f2b/screenshot - {}
RESULT: {}
COMMAND: POST /session/e6919d4f77c7541395a205767add4f2b/element - {"using":"xpath","value":"//button[contains(@data-kt ,\"ContextMenuIdExternalLink\")]"}
RESULT: {"using":"xpath","value":"//button[contains(@data-kt ,\"ContextMenuIdExternalLink\")]"}
COMMAND: POST /session/e6919d4f77c7541395a205767add4f2b/element/f.AEC6E2FDD01581EC588B24590A1694F0.d.A93B8DB332214ADAF3FDC67B7C10E6DA.e.5007/click - {}
RESULT: {}
COMMAND: GET /session/e6919d4f77c7541395a205767add4f2b/screenshot - {}
RESULT: {}
COMMAND: GET /session/e6919d4f77c7541395a205767add4f2b/window/handles - {}
RESULT: {}
COMMAND: POST /session/e6919d4f77c7541395a205767add4f2b/window - {"handle":"4CA79E0109D51CFD74C539AAF7BDAB39"}
RESULT: {"handle":"4CA79E0109D51CFD74C539AAF7BDAB39"}
COMMAND: GET /session/e6919d4f77c7541395a205767add4f2b/url - {}
RESULT: {}
COMMAND: GET /session/e6919d4f77c7541395a205767add4f2b/screenshot - {}
COMMAND: DELETE /session/e6919d4f77c7541395a205767add4f2b/window - {}
RESULT: {}
RESULT: {}
COMMAND: POST /session/e6919d4f77c7541395a205767add4f2b/window - {"handle":"AEC6E2FDD01581EC588B24590A1694F0"}
RESULT: {"handle":"AEC6E2FDD01581EC588B24590A1694F0"}
COMMAND: GET /session/e6919d4f77c7541395a205767add4f2b/url - {}
RESULT: {}
COMMAND: GET /session/e6919d4f77c7541395a205767add4f2b/screenshot - {}
COMMAND: POST /session/e6919d4f77c7541395a205767add4f2b/element - {"using":"xpath","value":"//button[contains(@data-kt ,\"ContextMenuExternalId2Link\")]"}
RESULT: {}
RESULT: {"using":"xpath","value":"//button[contains(@data-kt ,\"ContextMenuExternalId2Link\")]"}
COMMAND: POST /session/e6919d4f77c7541395a205767add4f2b/element/f.AEC6E2FDD01581EC588B24590A1694F0.d.A93B8DB332214ADAF3FDC67B7C10E6DA.e.5249/click - {}
RESULT: {}
COMMAND: GET /session/e6919d4f77c7541395a205767add4f2b/screenshot - {}
RESULT: {}
COMMAND: GET /session/e6919d4f77c7541395a205767add4f2b/window/handles - {}
RESULT: {}
COMMAND: POST /session/e6919d4f77c7541395a205767add4f2b/window - {"handle":"02DFACE2A562067DB9B3DE50230ED28C"}
RESULT: {"handle":"02DFACE2A562067DB9B3DE50230ED28C"}
COMMAND: GET /session/e6919d4f77c7541395a205767add4f2b/url - {}
RESULT: {}
COMMAND: GET /session/e6919d4f77c7541395a205767add4f2b/screenshot - {}
RESULT: {}
COMMAND: POST /session/e6919d4f77c7541395a205767add4f2b/execute/sync - {"script":"<script> [8489 bytes]","args":[{"element-6066-11e4-a52e-4f735466cecf":"f.AEC6E2FDD01581EC588B24590A1694F0.d.A93B8DB332214ADAF3FDC67B7C10E6DA.e.4535","ELEMENT":"f.AEC6E2FDD01581EC588B24590A1694F0.d.A93B8DB332214ADAF3FDC67B7C10E6DA.e.4535"}]}
COMMAND: DELETE /session/e6919d4f77c7541395a205767add4f2b/window - {}
RESULT: {}
COMMAND: POST /session/e6919d4f77c7541395a205767add4f2b/window - {"handle":"AEC6E2FDD01581EC588B24590A1694F0"}
RESULT: {"handle":"AEC6E2FDD01581EC588B24590A1694F0"}
COMMAND: GET /session/e6919d4f77c7541395a205767add4f2b/url - {}
COMMAND: POST /session/e6919d4f77c7541395a205767add4f2b/element - {"using":"xpath","value":"(//span[contains(text(), \"WebdriverSitexh23yl\")])[2]"}
RESULT: {}
COMMAND: GET /session/e6919d4f77c7541395a205767add4f2b/screenshot - {}
RESULT: {"using":"xpath","value":"(//span[contains(text(), \"WebdriverSitexh23yl\")])[2]"}
COMMAND: POST /session/e6919d4f77c7541395a205767add4f2b/element - {"using":"xpath","value":"(//span[contains(text(), \"WebdriverSitexh23yl\")])[2]"}
RESULT: {}
RESULT: {"using":"xpath","value":"(//span[contains(text(), \"WebdriverSitexh23yl\")])[2]"}
COMMAND: POST /session/e6919d4f77c7541395a205767add4f2b/element - {"using":"xpath","value":"(//span[contains(text(), \"WebdriverSitexh23yl\")])[2]"}
RESULT: {"using":"xpath","value":"(//span[contains(text(), \"WebdriverSitexh23yl\")])[2]"}
COMMAND: POST /session/e6919d4f77c7541395a205767add4f2b/element - {"using":"xpath","value":"(//span[contains(text(), \"WebdriverSitexh23yl\")])[2]"}
RESULT: {"using":"xpath","value":"(//span[contains(text(), \"WebdriverSitexh23yl\")])[2]"}
COMMAND: POST /session/e6919d4f77c7541395a205767add4f2b/element - {"using":"xpath","value":"(//span[contains(text(), \"WebdriverSitexh23yl\")])[2]"}
RESULT: {"using":"xpath","value":"(//span[contains(text(), \"WebdriverSitexh23yl\")])[2]"}
COMMAND: POST /session/e6919d4f77c7541395a205767add4f2b/element - {"using":"xpath","value":"(//span[contains(text(), \"WebdriverSitexh23yl\")])[2]"}
RESULT: {"using":"xpath","value":"(//span[contains(text(), \"WebdriverSitexh23yl\")])[2]"}
COMMAND: POST /session/e6919d4f77c7541395a205767add4f2b/element - {"using":"xpath","value":"(//span[contains(text(), \"WebdriverSitexh23yl\")])[2]"}
RESULT: {"using":"xpath","value":"(//span[contains(text(), \"WebdriverSitexh23yl\")])[2]"}
COMMAND: POST /session/e6919d4f77c7541395a205767add4f2b/element - {"using":"xpath","value":"(//span[contains(text(), \"WebdriverSitexh23yl\")])[2]"}
RESULT: {"using":"xpath","value":"(//span[contains(text(), \"WebdriverSitexh23yl\")])[2]"}
COMMAND: POST /session/e6919d4f77c7541395a205767add4f2b/element - {"using":"xpath","value":"(//span[contains(text(), \"WebdriverSitexh23yl\")])[2]"}
RESULT: {"using":"xpath","value":"(//span[contains(text(), \"WebdriverSitexh23yl\")])[2]"}
COMMAND: POST /session/e6919d4f77c7541395a205767add4f2b/element - {"using":"xpath","value":"(//span[contains(text(), \"WebdriverSitexh23yl\")])[2]"}
RESULT: {"using":"xpath","value":"(//span[contains(text(), \"WebdriverSitexh23yl\")])[2]"}
COMMAND: POST /session/e6919d4f77c7541395a205767add4f2b/execute/sync - {"script":"<script> [8489 bytes]","args":[{"element-6066-11e4-a52e-4f735466cecf":"f.AEC6E2FDD01581EC588B24590A1694F0.d.A93B8DB332214ADAF3FDC67B7C10E6DA.e.5005","ELEMENT":"f.AEC6E2FDD01581EC588B24590A1694F0.d.A93B8DB332214ADAF3FDC67B7C10E6DA.e.5005"}]}
RESULT: {"script":"<script> [8489 bytes]","args":[{"element-6066-11e4-a52e-4f735466cecf":"f.AEC6E2FDD01581EC588B24590A1694F0.d.A93B8DB332214ADAF3FDC67B7C10E6DA.e.5005","ELEMENT":"f.AEC6E2FDD01581EC588B24590A1694F0.d.A93B8DB332214ADAF3FDC67B7C10E6DA.e.5005"}]}
COMMAND: POST /session/e6919d4f77c7541395a205767add4f2b/execute/sync - {"script":"<script> [5351 bytes]","args":[{"element-6066-11e4-a52e-4f735466cecf":"f.AEC6E2FDD01581EC588B24590A1694F0.d.A93B8DB332214ADAF3FDC67B7C10E6DA.e.5005","ELEMENT":"f.AEC6E2FDD01581EC588B24590A1694F0.d.A93B8DB332214ADAF3FDC67B7C10E6DA.e.5005"}]}
COMMAND: GET /session/e6919d4f77c7541395a205767add4f2b/screenshot - {}
RESULT: {"script":"<script> [5351 bytes]","args":[{"element-6066-11e4-a52e-4f735466cecf":"f.AEC6E2FDD01581EC588B24590A1694F0.d.A93B8DB332214ADAF3FDC67B7C10E6DA.e.5005","ELEMENT":"f.AEC6E2FDD01581EC588B24590A1694F0.d.A93B8DB332214ADAF3FDC67B7C10E6DA.e.5005"}]}
COMMAND: POST /session/e6919d4f77c7541395a205767add4f2b/element - {"using":"xpath","value":"//*[contains(@data-kt ,\"webshopDetailSiteLink\")]"}
COMMAND: GET /session/e6919d4f77c7541395a205767add4f2b/screenshot - {}
COMMAND: POST /session/e6919d4f77c7541395a205767add4f2b/element - {"using":"xpath","value":"(//span[contains(text(), \"WebdriverSitexh23yl\")])[2]"}
RESULT: {}
RESULT: {"using":"xpath","value":"//*[contains(@data-kt ,\"webshopDetailSiteLink\")]"}
COMMAND: POST /session/e6919d4f77c7541395a205767add4f2b/element/f.AEC6E2FDD01581EC588B24590A1694F0.d.A93B8DB332214ADAF3FDC67B7C10E6DA.e.5005/click - {}
RESULT: {}
RESULT: {"using":"xpath","value":"(//span[contains(text(), \"WebdriverSitexh23yl\")])[2]"}
RESULT: {}
COMMAND: GET /session/e6919d4f77c7541395a205767add4f2b/screenshot - {}
COMMAND: POST /session/e6919d4f77c7541395a205767add4f2b/element - {"using":"xpath","value":"(//span[contains(text(), \"WebdriverSitexh23yl\")])[2]"}
RESULT: {}
RESULT: {"using":"xpath","value":"(//span[contains(text(), \"WebdriverSitexh23yl\")])[2]"}
COMMAND: POST /session/e6919d4f77c7541395a205767add4f2b/execute/sync - {"script":"<script> [8489 bytes]","args":[{"element-6066-11e4-a52e-4f735466cecf":"f.AEC6E2FDD01581EC588B24590A1694F0.d.A93B8DB332214ADAF3FDC67B7C10E6DA.e.5256","ELEMENT":"f.AEC6E2FDD01581EC588B24590A1694F0.d.A93B8DB332214ADAF3FDC67B7C10E6DA.e.5256"}]}
RESULT: {"script":"<script> [8489 bytes]","args":[{"element-6066-11e4-a52e-4f735466cecf":"f.AEC6E2FDD01581EC588B24590A1694F0.d.A93B8DB332214ADAF3FDC67B7C10E6DA.e.5256","ELEMENT":"f.AEC6E2FDD01581EC588B24590A1694F0.d.A93B8DB332214ADAF3FDC67B7C10E6DA.e.5256"}]}
COMMAND: GET /session/e6919d4f77c7541395a205767add4f2b/screenshot - {}
RESULT: {}
COMMAND: POST /session/e6919d4f77c7541395a205767add4f2b/element - {"using":"xpath","value":"(//button[contains(@data-kt ,\"ContextMenuExternalId3Link\")])[2]"}
RESULT: {"using":"xpath","value":"(//button[contains(@data-kt ,\"ContextMenuExternalId3Link\")])[2]"}
COMMAND: POST /session/e6919d4f77c7541395a205767add4f2b/element/f.AEC6E2FDD01581EC588B24590A1694F0.d.A93B8DB332214ADAF3FDC67B7C10E6DA.e.5257/click - {}
RESULT: {}
COMMAND: GET /session/e6919d4f77c7541395a205767add4f2b/screenshot - {}
RESULT: {}
COMMAND: GET /session/e6919d4f77c7541395a205767add4f2b/window/handles - {}
RESULT: {}
COMMAND: POST /session/e6919d4f77c7541395a205767add4f2b/window - {"handle":"740ED49B8943ECC924CDB99EAF1B51DD"}
RESULT: {"handle":"740ED49B8943ECC924CDB99EAF1B51DD"}
COMMAND: GET /session/e6919d4f77c7541395a205767add4f2b/url - {}
RESULT: {}
COMMAND: POST /session/e6919d4f77c7541395a205767add4f2b/execute/sync - {"script":"<script> [8489 bytes]","args":[{"element-6066-11e4-a52e-4f735466cecf":"f.AEC6E2FDD01581EC588B24590A1694F0.d.A93B8DB332214ADAF3FDC67B7C10E6DA.e.4874","ELEMENT":"f.AEC6E2FDD01581EC588B24590A1694F0.d.A93B8DB332214ADAF3FDC67B7C10E6DA.e.4874"}]}
COMMAND: GET /session/e6919d4f77c7541395a205767add4f2b/screenshot - {}
RESULT: {"script":"<script> [8489 bytes]","args":[{"element-6066-11e4-a52e-4f735466cecf":"f.AEC6E2FDD01581EC588B24590A1694F0.d.A93B8DB332214ADAF3FDC67B7C10E6DA.e.4874","ELEMENT":"f.AEC6E2FDD01581EC588B24590A1694F0.d.A93B8DB332214ADAF3FDC67B7C10E6DA.e.4874"}]}
COMMAND: GET /session/e6919d4f77c7541395a205767add4f2b/screenshot - {}
RESULT: {}
RESULT: {}
COMMAND: POST /session/e6919d4f77c7541395a205767add4f2b/execute/sync - {"script":"<script> [8489 bytes]","args":[{"element-6066-11e4-a52e-4f735466cecf":"f.AEC6E2FDD01581EC588B24590A1694F0.d.A93B8DB332214ADAF3FDC67B7C10E6DA.e.4874","ELEMENT":"f.AEC6E2FDD01581EC588B24590A1694F0.d.A93B8DB332214ADAF3FDC67B7C10E6DA.e.4874"}]}
RESULT: {"script":"<script> [8489 bytes]","args":[{"element-6066-11e4-a52e-4f735466cecf":"f.AEC6E2FDD01581EC588B24590A1694F0.d.A93B8DB332214ADAF3FDC67B7C10E6DA.e.4874","ELEMENT":"f.AEC6E2FDD01581EC588B24590A1694F0.d.A93B8DB332214ADAF3FDC67B7C10E6DA.e.4874"}]}
COMMAND: GET /session/e6919d4f77c7541395a205767add4f2b/screenshot - {}
RESULT: {}
COMMAND: POST /session/e6919d4f77c7541395a205767add4f2b/execute/sync - {"script":"<script> [8489 bytes]","args":[{"element-6066-11e4-a52e-4f735466cecf":"f.AEC6E2FDD01581EC588B24590A1694F0.d.A93B8DB332214ADAF3FDC67B7C10E6DA.e.4874","ELEMENT":"f.AEC6E2FDD01581EC588B24590A1694F0.d.A93B8DB332214ADAF3FDC67B7C10E6DA.e.4874"}]}
RESULT: {"script":"<script> [8489 bytes]","args":[{"element-6066-11e4-a52e-4f735466cecf":"f.AEC6E2FDD01581EC588B24590A1694F0.d.A93B8DB332214ADAF3FDC67B7C10E6DA.e.4874","ELEMENT":"f.AEC6E2FDD01581EC588B24590A1694F0.d.A93B8DB332214ADAF3FDC67B7C10E6DA.e.4874"}]}
COMMAND: GET /session/e6919d4f77c7541395a205767add4f2b/screenshot - {}
RESULT: {}
COMMAND: POST /session/e6919d4f77c7541395a205767add4f2b/execute/sync - {"script":"<script> [8489 bytes]","args":[{"element-6066-11e4-a52e-4f735466cecf":"f.AEC6E2FDD01581EC588B24590A1694F0.d.A93B8DB332214ADAF3FDC67B7C10E6DA.e.4874","ELEMENT":"f.AEC6E2FDD01581EC588B24590A1694F0.d.A93B8DB332214ADAF3FDC67B7C10E6DA.e.4874"}]}
RESULT: {"script":"<script> [8489 bytes]","args":[{"element-6066-11e4-a52e-4f735466cecf":"f.AEC6E2FDD01581EC588B24590A1694F0.d.A93B8DB332214ADAF3FDC67B7C10E6DA.e.4874","ELEMENT":"f.AEC6E2FDD01581EC588B24590A1694F0.d.A93B8DB332214ADAF3FDC67B7C10E6DA.e.4874"}]}
COMMAND: GET /session/e6919d4f77c7541395a205767add4f2b/screenshot - {}
RESULT: {}
COMMAND: POST /session/e6919d4f77c7541395a205767add4f2b/execute/sync - {"script":"<script> [8489 bytes]","args":[{"element-6066-11e4-a52e-4f735466cecf":"f.AEC6E2FDD01581EC588B24590A1694F0.d.A93B8DB332214ADAF3FDC67B7C10E6DA.e.4874","ELEMENT":"f.AEC6E2FDD01581EC588B24590A1694F0.d.A93B8DB332214ADAF3FDC67B7C10E6DA.e.4874"}]}
RESULT: {"script":"<script> [8489 bytes]","args":[{"element-6066-11e4-a52e-4f735466cecf":"f.AEC6E2FDD01581EC588B24590A1694F0.d.A93B8DB332214ADAF3FDC67B7C10E6DA.e.4874","ELEMENT":"f.AEC6E2FDD01581EC588B24590A1694F0.d.A93B8DB332214ADAF3FDC67B7C10E6DA.e.4874"}]}
COMMAND: GET /session/e6919d4f77c7541395a205767add4f2b/screenshot - {}
RESULT: {}
COMMAND: POST /session/e6919d4f77c7541395a205767add4f2b/execute/sync - {"script":"<script> [8489 bytes]","args":[{"element-6066-11e4-a52e-4f735466cecf":"f.AEC6E2FDD01581EC588B24590A1694F0.d.A93B8DB332214ADAF3FDC67B7C10E6DA.e.4874","ELEMENT":"f.AEC6E2FDD01581EC588B24590A1694F0.d.A93B8DB332214ADAF3FDC67B7C10E6DA.e.4874"}]}
COMMAND: DELETE /session/e6919d4f77c7541395a205767add4f2b/window - {}
RESULT: {"script":"<script> [8489 bytes]","args":[{"element-6066-11e4-a52e-4f735466cecf":"f.AEC6E2FDD01581EC588B24590A1694F0.d.A93B8DB332214ADAF3FDC67B7C10E6DA.e.4874","ELEMENT":"f.AEC6E2FDD01581EC588B24590A1694F0.d.A93B8DB332214ADAF3FDC67B7C10E6DA.e.4874"}]}
COMMAND: GET /session/e6919d4f77c7541395a205767add4f2b/screenshot - {}
COMMAND: POST /session/e6919d4f77c7541395a205767add4f2b/execute/sync - {"script":"<script> [8489 bytes]","args":[{"element-6066-11e4-a52e-4f735466cecf":"f.AEC6E2FDD01581EC588B24590A1694F0.d.A93B8DB332214ADAF3FDC67B7C10E6DA.e.4874","ELEMENT":"f.AEC6E2FDD01581EC588B24590A1694F0.d.A93B8DB332214ADAF3FDC67B7C10E6DA.e.4874"}]}
RESULT: {}
COMMAND: POST /session/e6919d4f77c7541395a205767add4f2b/window - {"handle":"AEC6E2FDD01581EC588B24590A1694F0"}
RESULT: {"handle":"AEC6E2FDD01581EC588B24590A1694F0"}
COMMAND: GET /session/e6919d4f77c7541395a205767add4f2b/url - {}
RESULT: {}
COMMAND: POST /session/e6919d4f77c7541395a205767add4f2b/element - {"using":"xpath","value":"//span[contains(@id ,\"application-addressmanagement-display-component---detailAdm--addressDetailDetailsName1\")][contains(text(), \"WebdriverSitexh23yl\")]"}
RESULT: {}
COMMAND: GET /session/e6919d4f77c7541395a205767add4f2b/screenshot - {}
RESULT: {"using":"xpath","value":"//span[contains(@id ,\"application-addressmanagement-display-component---detailAdm--addressDetailDetailsName1\")][contains(text(), \"WebdriverSitexh23yl\")]"}
COMMAND: POST /session/e6919d4f77c7541395a205767add4f2b/element - {"using":"xpath","value":"//span[contains(@id ,\"application-addressmanagement-display-component---detailAdm--addressDetailDetailsName1\")][contains(text(), \"WebdriverSitexh23yl\")]"}
RESULT: {"using":"xpath","value":"//span[contains(@id ,\"application-addressmanagement-display-component---detailAdm--addressDetailDetailsName1\")][contains(text(), \"WebdriverSitexh23yl\")]"}
RESULT: {}
COMMAND: POST /session/e6919d4f77c7541395a205767add4f2b/element - {"using":"xpath","value":"//span[contains(@id ,\"application-addressmanagement-display-component---detailAdm--addressDetailDetailsName1\")][contains(text(), \"WebdriverSitexh23yl\")]"}
RESULT: {"using":"xpath","value":"//span[contains(@id ,\"application-addressmanagement-display-component---detailAdm--addressDetailDetailsName1\")][contains(text(), \"WebdriverSitexh23yl\")]"}
COMMAND: POST /session/e6919d4f77c7541395a205767add4f2b/element - {"using":"xpath","value":"//span[contains(@id ,\"application-addressmanagement-display-component---detailAdm--addressDetailDetailsName1\")][contains(text(), \"WebdriverSitexh23yl\")]"}
RESULT: {"using":"xpath","value":"//span[contains(@id ,\"application-addressmanagement-display-component---detailAdm--addressDetailDetailsName1\")][contains(text(), \"WebdriverSitexh23yl\")]"}
COMMAND: POST /session/e6919d4f77c7541395a205767add4f2b/element - {"using":"xpath","value":"//span[contains(@id ,\"application-addressmanagement-display-component---detailAdm--addressDetailDetailsName1\")][contains(text(), \"WebdriverSitexh23yl\")]"}
RESULT: {"using":"xpath","value":"//span[contains(@id ,\"application-addressmanagement-display-component---detailAdm--addressDetailDetailsName1\")][contains(text(), \"WebdriverSitexh23yl\")]"}
COMMAND: POST /session/e6919d4f77c7541395a205767add4f2b/element - {"using":"xpath","value":"//span[contains(@id ,\"application-addressmanagement-display-component---detailAdm--addressDetailDetailsName1\")][contains(text(), \"WebdriverSitexh23yl\")]"}
RESULT: {"using":"xpath","value":"//span[contains(@id ,\"application-addressmanagement-display-component---detailAdm--addressDetailDetailsName1\")][contains(text(), \"WebdriverSitexh23yl\")]"}
COMMAND: POST /session/e6919d4f77c7541395a205767add4f2b/element - {"using":"xpath","value":"//span[contains(@id ,\"application-addressmanagement-display-component---detailAdm--addressDetailDetailsName1\")][contains(text(), \"WebdriverSitexh23yl\")]"}
RESULT: {"using":"xpath","value":"//span[contains(@id ,\"application-addressmanagement-display-component---detailAdm--addressDetailDetailsName1\")][contains(text(), \"WebdriverSitexh23yl\")]"}
COMMAND: POST /session/e6919d4f77c7541395a205767add4f2b/element - {"using":"xpath","value":"//span[contains(@id ,\"application-addressmanagement-display-component---detailAdm--addressDetailDetailsName1\")][contains(text(), \"WebdriverSitexh23yl\")]"}
RESULT: {"using":"xpath","value":"//span[contains(@id ,\"application-addressmanagement-display-component---detailAdm--addressDetailDetailsName1\")][contains(text(), \"WebdriverSitexh23yl\")]"}
COMMAND: POST /session/e6919d4f77c7541395a205767add4f2b/element - {"using":"xpath","value":"//span[contains(@id ,\"application-addressmanagement-display-component---detailAdm--addressDetailDetailsName1\")][contains(text(), \"WebdriverSitexh23yl\")]"}
RESULT: {"using":"xpath","value":"//span[contains(@id ,\"application-addressmanagement-display-component---detailAdm--addressDetailDetailsName1\")][contains(text(), \"WebdriverSitexh23yl\")]"}
COMMAND: POST /session/e6919d4f77c7541395a205767add4f2b/element - {"using":"xpath","value":"//span[contains(@id ,\"application-addressmanagement-display-component---detailAdm--addressDetailDetailsName1\")][contains(text(), \"WebdriverSitexh23yl\")]"}
RESULT: {"using":"xpath","value":"//span[contains(@id ,\"application-addressmanagement-display-component---detailAdm--addressDetailDetailsName1\")][contains(text(), \"WebdriverSitexh23yl\")]"}
]]></system-out>
    </testcase>
  </testsuite>
  <testsuite timestamp="2025-06-02T16:24:21" time="290.065" tests="2" failures="0" errors="0" skipped="0">
    <properties>
      <property name="specId" value="0" />
      <property name="suiteName" value="Webshop - Hyperlinks visible and working properly  US139085" />
      <property name="capabilities" value="chrome.136_0_7103_93.windows" />
      <property name="file" value="file:///D:/a/1/s/test/specs/R2C/webshop-hyperlinks-partner-address-contract-item.spec.js" />
    </properties>
    <testcase classname="chrome.136_0_7103_93.windows.Webshop_-_Hyperlinks_visible_and_working_properly__US139085" name="Should verify the customer and address hyperlinks" time="169.372">
      <system-out><![CDATA[
COMMAND: POST /session/e6919d4f77c7541395a205767add4f2b/element - {"using":"xpath","value":"//*[contains(@data-kt ,\"webshopDetailAddressLink\")]"}
RESULT: {"using":"xpath","value":"//*[contains(@data-kt ,\"webshopDetailAddressLink\")]"}
COMMAND: POST /session/e6919d4f77c7541395a205767add4f2b/execute/sync - {"script":"<script> [8489 bytes]","args":[{"element-6066-11e4-a52e-4f735466cecf":"f.AEC6E2FDD01581EC588B24590A1694F0.d.A93B8DB332214ADAF3FDC67B7C10E6DA.e.5262","ELEMENT":"f.AEC6E2FDD01581EC588B24590A1694F0.d.A93B8DB332214ADAF3FDC67B7C10E6DA.e.5262"}]}
RESULT: {"script":"<script> [8489 bytes]","args":[{"element-6066-11e4-a52e-4f735466cecf":"f.AEC6E2FDD01581EC588B24590A1694F0.d.A93B8DB332214ADAF3FDC67B7C10E6DA.e.5262","ELEMENT":"f.AEC6E2FDD01581EC588B24590A1694F0.d.A93B8DB332214ADAF3FDC67B7C10E6DA.e.5262"}]}
COMMAND: POST /session/e6919d4f77c7541395a205767add4f2b/execute/sync - {"script":"<script> [5351 bytes]","args":[{"element-6066-11e4-a52e-4f735466cecf":"f.AEC6E2FDD01581EC588B24590A1694F0.d.A93B8DB332214ADAF3FDC67B7C10E6DA.e.5262","ELEMENT":"f.AEC6E2FDD01581EC588B24590A1694F0.d.A93B8DB332214ADAF3FDC67B7C10E6DA.e.5262"}]}
COMMAND: GET /session/e6919d4f77c7541395a205767add4f2b/screenshot - {}
RESULT: {"script":"<script> [5351 bytes]","args":[{"element-6066-11e4-a52e-4f735466cecf":"f.AEC6E2FDD01581EC588B24590A1694F0.d.A93B8DB332214ADAF3FDC67B7C10E6DA.e.5262","ELEMENT":"f.AEC6E2FDD01581EC588B24590A1694F0.d.A93B8DB332214ADAF3FDC67B7C10E6DA.e.5262"}]}
COMMAND: GET /session/e6919d4f77c7541395a205767add4f2b/screenshot - {}
COMMAND: POST /session/e6919d4f77c7541395a205767add4f2b/element - {"using":"xpath","value":"//span[contains(@id ,\"application-addressmanagement-display-component---detailAdm--addressDetailDetailsName1\")][contains(text(), \"WebdriverSitexh23yl\")]"}
RESULT: {}
RESULT: {}
RESULT: {"using":"xpath","value":"//span[contains(@id ,\"application-addressmanagement-display-component---detailAdm--addressDetailDetailsName1\")][contains(text(), \"WebdriverSitexh23yl\")]"}
COMMAND: POST /session/e6919d4f77c7541395a205767add4f2b/element - {"using":"xpath","value":"//span[contains(@id ,\"application-addressmanagement-display-component---detailAdm--addressDetailDetailsName1\")][contains(text(), \"WebdriverSitexh23yl\")]"}
RESULT: {"using":"xpath","value":"//span[contains(@id ,\"application-addressmanagement-display-component---detailAdm--addressDetailDetailsName1\")][contains(text(), \"WebdriverSitexh23yl\")]"}
COMMAND: POST /session/e6919d4f77c7541395a205767add4f2b/element - {"using":"xpath","value":"//span[contains(@id ,\"application-addressmanagement-display-component---detailAdm--addressDetailDetailsName1\")][contains(text(), \"WebdriverSitexh23yl\")]"}
RESULT: {"using":"xpath","value":"//span[contains(@id ,\"application-addressmanagement-display-component---detailAdm--addressDetailDetailsName1\")][contains(text(), \"WebdriverSitexh23yl\")]"}
COMMAND: POST /session/e6919d4f77c7541395a205767add4f2b/element - {"using":"xpath","value":"//span[contains(@id ,\"application-addressmanagement-display-component---detailAdm--addressDetailDetailsName1\")][contains(text(), \"WebdriverSitexh23yl\")]"}
RESULT: {"using":"xpath","value":"//span[contains(@id ,\"application-addressmanagement-display-component---detailAdm--addressDetailDetailsName1\")][contains(text(), \"WebdriverSitexh23yl\")]"}
COMMAND: POST /session/e6919d4f77c7541395a205767add4f2b/element - {"using":"xpath","value":"//span[contains(@id ,\"application-addressmanagement-display-component---detailAdm--addressDetailDetailsName1\")][contains(text(), \"WebdriverSitexh23yl\")]"}
RESULT: {"using":"xpath","value":"//span[contains(@id ,\"application-addressmanagement-display-component---detailAdm--addressDetailDetailsName1\")][contains(text(), \"WebdriverSitexh23yl\")]"}
COMMAND: POST /session/e6919d4f77c7541395a205767add4f2b/element - {"using":"xpath","value":"//span[contains(@id ,\"application-addressmanagement-display-component---detailAdm--addressDetailDetailsName1\")][contains(text(), \"WebdriverSitexh23yl\")]"}
RESULT: {"using":"xpath","value":"//span[contains(@id ,\"application-addressmanagement-display-component---detailAdm--addressDetailDetailsName1\")][contains(text(), \"WebdriverSitexh23yl\")]"}
COMMAND: POST /session/e6919d4f77c7541395a205767add4f2b/element - {"using":"xpath","value":"//span[contains(@id ,\"application-addressmanagement-display-component---detailAdm--addressDetailDetailsName1\")][contains(text(), \"WebdriverSitexh23yl\")]"}
RESULT: {"using":"xpath","value":"//span[contains(@id ,\"application-addressmanagement-display-component---detailAdm--addressDetailDetailsName1\")][contains(text(), \"WebdriverSitexh23yl\")]"}
COMMAND: POST /session/e6919d4f77c7541395a205767add4f2b/element - {"using":"xpath","value":"//span[contains(@id ,\"application-addressmanagement-display-component---detailAdm--addressDetailDetailsName1\")][contains(text(), \"WebdriverSitexh23yl\")]"}
RESULT: {"using":"xpath","value":"//span[contains(@id ,\"application-addressmanagement-display-component---detailAdm--addressDetailDetailsName1\")][contains(text(), \"WebdriverSitexh23yl\")]"}
COMMAND: POST /session/e6919d4f77c7541395a205767add4f2b/element - {"using":"xpath","value":"//span[contains(@id ,\"application-addressmanagement-display-component---detailAdm--addressDetailDetailsName1\")][contains(text(), \"WebdriverSitexh23yl\")]"}
RESULT: {"using":"xpath","value":"//span[contains(@id ,\"application-addressmanagement-display-component---detailAdm--addressDetailDetailsName1\")][contains(text(), \"WebdriverSitexh23yl\")]"}
COMMAND: POST /session/e6919d4f77c7541395a205767add4f2b/element - {"using":"xpath","value":"//*[contains(@data-kt ,\"webshopDetailAddressLink\")]"}
RESULT: {"using":"xpath","value":"//*[contains(@data-kt ,\"webshopDetailAddressLink\")]"}
COMMAND: POST /session/e6919d4f77c7541395a205767add4f2b/element/f.AEC6E2FDD01581EC588B24590A1694F0.d.A93B8DB332214ADAF3FDC67B7C10E6DA.e.5262/click - {}
COMMAND: POST /session/e6919d4f77c7541395a205767add4f2b/element - {"using":"xpath","value":"//span[contains(@id ,\"application-addressmanagement-display-component---detailAdm--addressDetailDetailsName1\")][contains(text(), \"WebdriverSitexh23yl\")]"}
RESULT: {}
COMMAND: GET /session/e6919d4f77c7541395a205767add4f2b/screenshot - {}
RESULT: {"using":"xpath","value":"//span[contains(@id ,\"application-addressmanagement-display-component---detailAdm--addressDetailDetailsName1\")][contains(text(), \"WebdriverSitexh23yl\")]"}
RESULT: {}
COMMAND: POST /session/e6919d4f77c7541395a205767add4f2b/element - {"using":"xpath","value":"//span[contains(@id ,\"application-addressmanagement-display-component---detailAdm--addressDetailDetailsName1\")][contains(text(), \"WebdriverSitexh23yl\")]"}
RESULT: {"using":"xpath","value":"//span[contains(@id ,\"application-addressmanagement-display-component---detailAdm--addressDetailDetailsName1\")][contains(text(), \"WebdriverSitexh23yl\")]"}
COMMAND: POST /session/e6919d4f77c7541395a205767add4f2b/element - {"using":"xpath","value":"//span[contains(@id ,\"application-addressmanagement-display-component---detailAdm--addressDetailDetailsName1\")][contains(text(), \"WebdriverSitexh23yl\")]"}
RESULT: {"using":"xpath","value":"//span[contains(@id ,\"application-addressmanagement-display-component---detailAdm--addressDetailDetailsName1\")][contains(text(), \"WebdriverSitexh23yl\")]"}
COMMAND: POST /session/e6919d4f77c7541395a205767add4f2b/element - {"using":"xpath","value":"//span[contains(@id ,\"application-addressmanagement-display-component---detailAdm--addressDetailDetailsName1\")][contains(text(), \"WebdriverSitexh23yl\")]"}
RESULT: {"using":"xpath","value":"//span[contains(@id ,\"application-addressmanagement-display-component---detailAdm--addressDetailDetailsName1\")][contains(text(), \"WebdriverSitexh23yl\")]"}
COMMAND: POST /session/e6919d4f77c7541395a205767add4f2b/element - {"using":"xpath","value":"//*[contains(@data-kt ,\"ContextMenuId2Link\")][contains(text(), \"Address Overview\")]"}
RESULT: {"using":"xpath","value":"//*[contains(@data-kt ,\"ContextMenuId2Link\")][contains(text(), \"Address Overview\")]"}
COMMAND: POST /session/e6919d4f77c7541395a205767add4f2b/execute/sync - {"script":"<script> [8489 bytes]","args":[{"element-6066-11e4-a52e-4f735466cecf":"f.AEC6E2FDD01581EC588B24590A1694F0.d.A93B8DB332214ADAF3FDC67B7C10E6DA.e.5264","ELEMENT":"f.AEC6E2FDD01581EC588B24590A1694F0.d.A93B8DB332214ADAF3FDC67B7C10E6DA.e.5264"}]}
COMMAND: POST /session/e6919d4f77c7541395a205767add4f2b/element - {"using":"xpath","value":"//*[contains(@data-kt ,\"ContextMenuId2Link\")][contains(text(), \"Address Overview\")]"}
RESULT: {"using":"xpath","value":"//*[contains(@data-kt ,\"ContextMenuId2Link\")][contains(text(), \"Address Overview\")]"}
COMMAND: POST /session/e6919d4f77c7541395a205767add4f2b/element/f.AEC6E2FDD01581EC588B24590A1694F0.d.A93B8DB332214ADAF3FDC67B7C10E6DA.e.5264/click - {}
RESULT: {"script":"<script> [8489 bytes]","args":[{"element-6066-11e4-a52e-4f735466cecf":"f.AEC6E2FDD01581EC588B24590A1694F0.d.A93B8DB332214ADAF3FDC67B7C10E6DA.e.5264","ELEMENT":"f.AEC6E2FDD01581EC588B24590A1694F0.d.A93B8DB332214ADAF3FDC67B7C10E6DA.e.5264"}]}
COMMAND: POST /session/e6919d4f77c7541395a205767add4f2b/element - {"using":"xpath","value":"//span[contains(@id ,\"application-addressmanagement-display-component---detailAdm--addressDetailDetailsName1\")][contains(text(), \"WebdriverSitexh23yl\")]"}
COMMAND: GET /session/e6919d4f77c7541395a205767add4f2b/screenshot - {}
RESULT: {}
COMMAND: GET /session/e6919d4f77c7541395a205767add4f2b/screenshot - {}
RESULT: {"using":"xpath","value":"//span[contains(@id ,\"application-addressmanagement-display-component---detailAdm--addressDetailDetailsName1\")][contains(text(), \"WebdriverSitexh23yl\")]"}
COMMAND: POST /session/e6919d4f77c7541395a205767add4f2b/element - {"using":"xpath","value":"//span[contains(@id ,\"application-addressmanagement-display-component---detailAdm--addressDetailDetailsName1\")][contains(text(), \"WebdriverSitexh23yl\")]"}
RESULT: undefined
COMMAND: POST /session/e6919d4f77c7541395a205767add4f2b/execute/async - {"script":"<script> [6424 bytes]","args":[{"element-6066-11e4-a52e-4f735466cecf":"f.AEC6E2FDD01581EC588B24590A1694F0.d.A93B8DB332214ADAF3FDC67B7C10E6DA.e.3257"},"getTitle",[]]}
RESULT: {}
RESULT: {}
RESULT: {"using":"xpath","value":"//span[contains(@id ,\"application-addressmanagement-display-component---detailAdm--addressDetailDetailsName1\")][contains(text(), \"WebdriverSitexh23yl\")]"}
COMMAND: POST /session/e6919d4f77c7541395a205767add4f2b/execute/sync - {"script":"<script> [8489 bytes]","args":[{"element-6066-11e4-a52e-4f735466cecf":"f.AEC6E2FDD01581EC588B24590A1694F0.d.A93B8DB332214ADAF3FDC67B7C10E6DA.e.5453","ELEMENT":"f.AEC6E2FDD01581EC588B24590A1694F0.d.A93B8DB332214ADAF3FDC67B7C10E6DA.e.5453"}]}
COMMAND: POST /session/e6919d4f77c7541395a205767add4f2b/execute/async - {"script":"<script> [1562 bytes]","args":[{"selector":{"id":"shellAppTitle"},"wdio_ui5_key":"shellAppTitle"}]}
RESULT: {"script":"<script> [8489 bytes]","args":[{"element-6066-11e4-a52e-4f735466cecf":"f.AEC6E2FDD01581EC588B24590A1694F0.d.A93B8DB332214ADAF3FDC67B7C10E6DA.e.5453","ELEMENT":"f.AEC6E2FDD01581EC588B24590A1694F0.d.A93B8DB332214ADAF3FDC67B7C10E6DA.e.5453"}]}
COMMAND: GET /session/e6919d4f77c7541395a205767add4f2b/screenshot - {}
RESULT: {"script":"<script> [1562 bytes]","args":[{"selector":{"id":"shellAppTitle"},"wdio_ui5_key":"shellAppTitle"}]}
COMMAND: POST /session/e6919d4f77c7541395a205767add4f2b/execute/async - {"script":"<script> [6424 bytes]","args":[{"element-6066-11e4-a52e-4f735466cecf":"f.AEC6E2FDD01581EC588B24590A1694F0.d.A93B8DB332214ADAF3FDC67B7C10E6DA.e.5455"},"getTitle",[]]}
RESULT: {}
RESULT: {"script":"<script> [6424 bytes]","args":[{"element-6066-11e4-a52e-4f735466cecf":"f.AEC6E2FDD01581EC588B24590A1694F0.d.A93B8DB332214ADAF3FDC67B7C10E6DA.e.5455"},"getTitle",[]]}
COMMAND: POST /session/e6919d4f77c7541395a205767add4f2b/element - {"using":"xpath","value":"//span[contains(@id ,\"application-addressmanagement-display-component---detailAdm--addressDetailDetailsName1\")][contains(text(), \"WebdriverSitexh23yl\")]"}
RESULT: {"using":"xpath","value":"//span[contains(@id ,\"application-addressmanagement-display-component---detailAdm--addressDetailDetailsName1\")][contains(text(), \"WebdriverSitexh23yl\")]"}
COMMAND: POST /session/e6919d4f77c7541395a205767add4f2b/execute/sync - {"script":"<script> [8489 bytes]","args":[{"element-6066-11e4-a52e-4f735466cecf":"f.AEC6E2FDD01581EC588B24590A1694F0.d.A93B8DB332214ADAF3FDC67B7C10E6DA.e.5453","ELEMENT":"f.AEC6E2FDD01581EC588B24590A1694F0.d.A93B8DB332214ADAF3FDC67B7C10E6DA.e.5453"}]}
RESULT: undefined
COMMAND: POST /session/e6919d4f77c7541395a205767add4f2b/element - {"using":"xpath","value":"//*[@id=\"backBtn\"]"}
RESULT: {"script":"<script> [8489 bytes]","args":[{"element-6066-11e4-a52e-4f735466cecf":"f.AEC6E2FDD01581EC588B24590A1694F0.d.A93B8DB332214ADAF3FDC67B7C10E6DA.e.5453","ELEMENT":"f.AEC6E2FDD01581EC588B24590A1694F0.d.A93B8DB332214ADAF3FDC67B7C10E6DA.e.5453"}]}
COMMAND: GET /session/e6919d4f77c7541395a205767add4f2b/screenshot - {}
RESULT: {"using":"xpath","value":"//*[@id=\"backBtn\"]"}
COMMAND: POST /session/e6919d4f77c7541395a205767add4f2b/element/f.AEC6E2FDD01581EC588B24590A1694F0.d.A93B8DB332214ADAF3FDC67B7C10E6DA.e.3259/click - {}
RESULT: {}
RESULT: {}
COMMAND: GET /session/e6919d4f77c7541395a205767add4f2b/screenshot - {}
RESULT: {}
COMMAND: POST /session/e6919d4f77c7541395a205767add4f2b/execute/sync - {"script":"<script> [8489 bytes]","args":[{"element-6066-11e4-a52e-4f735466cecf":"f.AEC6E2FDD01581EC588B24590A1694F0.d.A93B8DB332214ADAF3FDC67B7C10E6DA.e.5262","ELEMENT":"f.AEC6E2FDD01581EC588B24590A1694F0.d.A93B8DB332214ADAF3FDC67B7C10E6DA.e.5262"}]}
COMMAND: POST /session/e6919d4f77c7541395a205767add4f2b/element - {"using":"xpath","value":"//*[contains(@data-kt ,\"webshopDetailAddressLink\")]"}
RESULT: {"using":"xpath","value":"//*[contains(@data-kt ,\"webshopDetailAddressLink\")]"}
COMMAND: POST /session/e6919d4f77c7541395a205767add4f2b/execute/sync - {"script":"<script> [8489 bytes]","args":[{"element-6066-11e4-a52e-4f735466cecf":"f.AEC6E2FDD01581EC588B24590A1694F0.d.A93B8DB332214ADAF3FDC67B7C10E6DA.e.5607","ELEMENT":"f.AEC6E2FDD01581EC588B24590A1694F0.d.A93B8DB332214ADAF3FDC67B7C10E6DA.e.5607"}]}
RESULT: {"script":"<script> [8489 bytes]","args":[{"element-6066-11e4-a52e-4f735466cecf":"f.AEC6E2FDD01581EC588B24590A1694F0.d.A93B8DB332214ADAF3FDC67B7C10E6DA.e.5607","ELEMENT":"f.AEC6E2FDD01581EC588B24590A1694F0.d.A93B8DB332214ADAF3FDC67B7C10E6DA.e.5607"}]}
COMMAND: POST /session/e6919d4f77c7541395a205767add4f2b/execute/sync - {"script":"<script> [5351 bytes]","args":[{"element-6066-11e4-a52e-4f735466cecf":"f.AEC6E2FDD01581EC588B24590A1694F0.d.A93B8DB332214ADAF3FDC67B7C10E6DA.e.5607","ELEMENT":"f.AEC6E2FDD01581EC588B24590A1694F0.d.A93B8DB332214ADAF3FDC67B7C10E6DA.e.5607"}]}
RESULT: {"script":"<script> [5351 bytes]","args":[{"element-6066-11e4-a52e-4f735466cecf":"f.AEC6E2FDD01581EC588B24590A1694F0.d.A93B8DB332214ADAF3FDC67B7C10E6DA.e.5607","ELEMENT":"f.AEC6E2FDD01581EC588B24590A1694F0.d.A93B8DB332214ADAF3FDC67B7C10E6DA.e.5607"}]}
COMMAND: POST /session/e6919d4f77c7541395a205767add4f2b/element - {"using":"xpath","value":"//*[contains(@data-kt ,\"webshopDetailAddressLink\")]"}
COMMAND: GET /session/e6919d4f77c7541395a205767add4f2b/screenshot - {}
COMMAND: GET /session/e6919d4f77c7541395a205767add4f2b/screenshot - {}
RESULT: {"using":"xpath","value":"//*[contains(@data-kt ,\"webshopDetailAddressLink\")]"}
COMMAND: POST /session/e6919d4f77c7541395a205767add4f2b/element/f.AEC6E2FDD01581EC588B24590A1694F0.d.A93B8DB332214ADAF3FDC67B7C10E6DA.e.5607/click - {}
RESULT: {}
RESULT: {}
RESULT: {}
COMMAND: GET /session/e6919d4f77c7541395a205767add4f2b/screenshot - {}
RESULT: {}
COMMAND: POST /session/e6919d4f77c7541395a205767add4f2b/element - {"using":"xpath","value":"//button[contains(@data-kt ,\"ContextMenuExternalId2Link\")]"}
RESULT: {"using":"xpath","value":"//button[contains(@data-kt ,\"ContextMenuExternalId2Link\")]"}
COMMAND: POST /session/e6919d4f77c7541395a205767add4f2b/element/f.AEC6E2FDD01581EC588B24590A1694F0.d.A93B8DB332214ADAF3FDC67B7C10E6DA.e.5608/click - {}
RESULT: {}
COMMAND: GET /session/e6919d4f77c7541395a205767add4f2b/screenshot - {}
RESULT: {}
COMMAND: GET /session/e6919d4f77c7541395a205767add4f2b/window/handles - {}
RESULT: {}
COMMAND: POST /session/e6919d4f77c7541395a205767add4f2b/window - {"handle":"4497F5884EDD591E822E84903B728F15"}
RESULT: {"handle":"4497F5884EDD591E822E84903B728F15"}
COMMAND: GET /session/e6919d4f77c7541395a205767add4f2b/url - {}
RESULT: {}
COMMAND: GET /session/e6919d4f77c7541395a205767add4f2b/screenshot - {}
RESULT: {}
COMMAND: POST /session/e6919d4f77c7541395a205767add4f2b/execute/sync - {"script":"<script> [8489 bytes]","args":[{"element-6066-11e4-a52e-4f735466cecf":"f.AEC6E2FDD01581EC588B24590A1694F0.d.A93B8DB332214ADAF3FDC67B7C10E6DA.e.5453","ELEMENT":"f.AEC6E2FDD01581EC588B24590A1694F0.d.A93B8DB332214ADAF3FDC67B7C10E6DA.e.5453"}]}
COMMAND: DELETE /session/e6919d4f77c7541395a205767add4f2b/window - {}
RESULT: {}
COMMAND: POST /session/e6919d4f77c7541395a205767add4f2b/window - {"handle":"AEC6E2FDD01581EC588B24590A1694F0"}
RESULT: {"handle":"AEC6E2FDD01581EC588B24590A1694F0"}
COMMAND: GET /session/e6919d4f77c7541395a205767add4f2b/url - {}
COMMAND: POST /session/e6919d4f77c7541395a205767add4f2b/element - {"using":"xpath","value":"//span[contains(@id ,\"application-addressmanagement-display-component---detailAdm--addressDetailDetailsName1\")][contains(text(), \"WebdriverSitexh23yl\")]"}
RESULT: {}
COMMAND: GET /session/e6919d4f77c7541395a205767add4f2b/screenshot - {}
RESULT: {"using":"xpath","value":"//span[contains(@id ,\"application-addressmanagement-display-component---detailAdm--addressDetailDetailsName1\")][contains(text(), \"WebdriverSitexh23yl\")]"}
COMMAND: POST /session/e6919d4f77c7541395a205767add4f2b/element - {"using":"xpath","value":"//span[contains(@id ,\"application-addressmanagement-display-component---detailAdm--addressDetailDetailsName1\")][contains(text(), \"WebdriverSitexh23yl\")]"}
RESULT: {}
RESULT: {"using":"xpath","value":"//span[contains(@id ,\"application-addressmanagement-display-component---detailAdm--addressDetailDetailsName1\")][contains(text(), \"WebdriverSitexh23yl\")]"}
COMMAND: POST /session/e6919d4f77c7541395a205767add4f2b/element - {"using":"xpath","value":"//span[contains(@id ,\"application-addressmanagement-display-component---detailAdm--addressDetailDetailsName1\")][contains(text(), \"WebdriverSitexh23yl\")]"}
RESULT: {"using":"xpath","value":"//span[contains(@id ,\"application-addressmanagement-display-component---detailAdm--addressDetailDetailsName1\")][contains(text(), \"WebdriverSitexh23yl\")]"}
COMMAND: POST /session/e6919d4f77c7541395a205767add4f2b/element - {"using":"xpath","value":"//span[contains(@id ,\"application-addressmanagement-display-component---detailAdm--addressDetailDetailsName1\")][contains(text(), \"WebdriverSitexh23yl\")]"}
RESULT: {"using":"xpath","value":"//span[contains(@id ,\"application-addressmanagement-display-component---detailAdm--addressDetailDetailsName1\")][contains(text(), \"WebdriverSitexh23yl\")]"}
COMMAND: POST /session/e6919d4f77c7541395a205767add4f2b/element - {"using":"xpath","value":"//span[contains(@id ,\"application-addressmanagement-display-component---detailAdm--addressDetailDetailsName1\")][contains(text(), \"WebdriverSitexh23yl\")]"}
RESULT: {"using":"xpath","value":"//span[contains(@id ,\"application-addressmanagement-display-component---detailAdm--addressDetailDetailsName1\")][contains(text(), \"WebdriverSitexh23yl\")]"}
COMMAND: POST /session/e6919d4f77c7541395a205767add4f2b/element - {"using":"xpath","value":"//span[contains(@id ,\"application-addressmanagement-display-component---detailAdm--addressDetailDetailsName1\")][contains(text(), \"WebdriverSitexh23yl\")]"}
RESULT: {"using":"xpath","value":"//span[contains(@id ,\"application-addressmanagement-display-component---detailAdm--addressDetailDetailsName1\")][contains(text(), \"WebdriverSitexh23yl\")]"}
COMMAND: POST /session/e6919d4f77c7541395a205767add4f2b/element - {"using":"xpath","value":"//*[contains(@data-kt ,\"webshopDetailCustomerLink\")]"}
RESULT: {"using":"xpath","value":"//*[contains(@data-kt ,\"webshopDetailCustomerLink\")]"}
COMMAND: POST /session/e6919d4f77c7541395a205767add4f2b/execute/sync - {"script":"<script> [8489 bytes]","args":[{"element-6066-11e4-a52e-4f735466cecf":"f.AEC6E2FDD01581EC588B24590A1694F0.d.A93B8DB332214ADAF3FDC67B7C10E6DA.e.5803","ELEMENT":"f.AEC6E2FDD01581EC588B24590A1694F0.d.A93B8DB332214ADAF3FDC67B7C10E6DA.e.5803"}]}
RESULT: {"script":"<script> [8489 bytes]","args":[{"element-6066-11e4-a52e-4f735466cecf":"f.AEC6E2FDD01581EC588B24590A1694F0.d.A93B8DB332214ADAF3FDC67B7C10E6DA.e.5803","ELEMENT":"f.AEC6E2FDD01581EC588B24590A1694F0.d.A93B8DB332214ADAF3FDC67B7C10E6DA.e.5803"}]}
COMMAND: POST /session/e6919d4f77c7541395a205767add4f2b/execute/sync - {"script":"<script> [5351 bytes]","args":[{"element-6066-11e4-a52e-4f735466cecf":"f.AEC6E2FDD01581EC588B24590A1694F0.d.A93B8DB332214ADAF3FDC67B7C10E6DA.e.5803","ELEMENT":"f.AEC6E2FDD01581EC588B24590A1694F0.d.A93B8DB332214ADAF3FDC67B7C10E6DA.e.5803"}]}
COMMAND: GET /session/e6919d4f77c7541395a205767add4f2b/screenshot - {}
RESULT: {"script":"<script> [5351 bytes]","args":[{"element-6066-11e4-a52e-4f735466cecf":"f.AEC6E2FDD01581EC588B24590A1694F0.d.A93B8DB332214ADAF3FDC67B7C10E6DA.e.5803","ELEMENT":"f.AEC6E2FDD01581EC588B24590A1694F0.d.A93B8DB332214ADAF3FDC67B7C10E6DA.e.5803"}]}
COMMAND: POST /session/e6919d4f77c7541395a205767add4f2b/element - {"using":"xpath","value":"//*[contains(@data-kt ,\"webshopDetailCustomerLink\")]"}
COMMAND: GET /session/e6919d4f77c7541395a205767add4f2b/screenshot - {}
COMMAND: POST /session/e6919d4f77c7541395a205767add4f2b/element - {"using":"xpath","value":"//span[contains(@id ,\"application-addressmanagement-display-component---detailAdm--addressDetailDetailsName1\")][contains(text(), \"WebdriverSitexh23yl\")]"}
RESULT: {}
RESULT: {"using":"xpath","value":"//*[contains(@data-kt ,\"webshopDetailCustomerLink\")]"}
COMMAND: POST /session/e6919d4f77c7541395a205767add4f2b/element/f.AEC6E2FDD01581EC588B24590A1694F0.d.A93B8DB332214ADAF3FDC67B7C10E6DA.e.5803/click - {}
RESULT: {}
RESULT: {"using":"xpath","value":"//span[contains(@id ,\"application-addressmanagement-display-component---detailAdm--addressDetailDetailsName1\")][contains(text(), \"WebdriverSitexh23yl\")]"}
RESULT: {}
COMMAND: GET /session/e6919d4f77c7541395a205767add4f2b/screenshot - {}
RESULT: {}
COMMAND: POST /session/e6919d4f77c7541395a205767add4f2b/element - {"using":"xpath","value":"//span[contains(@id ,\"application-addressmanagement-display-component---detailAdm--addressDetailDetailsName1\")][contains(text(), \"WebdriverSitexh23yl\")]"}
RESULT: {"using":"xpath","value":"//span[contains(@id ,\"application-addressmanagement-display-component---detailAdm--addressDetailDetailsName1\")][contains(text(), \"WebdriverSitexh23yl\")]"}
COMMAND: POST /session/e6919d4f77c7541395a205767add4f2b/element - {"using":"xpath","value":"//span[contains(@id ,\"application-addressmanagement-display-component---detailAdm--addressDetailDetailsName1\")][contains(text(), \"WebdriverSitexh23yl\")]"}
RESULT: {"using":"xpath","value":"//span[contains(@id ,\"application-addressmanagement-display-component---detailAdm--addressDetailDetailsName1\")][contains(text(), \"WebdriverSitexh23yl\")]"}
COMMAND: POST /session/e6919d4f77c7541395a205767add4f2b/element - {"using":"xpath","value":"//span[contains(@id ,\"application-addressmanagement-display-component---detailAdm--addressDetailDetailsName1\")][contains(text(), \"WebdriverSitexh23yl\")]"}
RESULT: {"using":"xpath","value":"//span[contains(@id ,\"application-addressmanagement-display-component---detailAdm--addressDetailDetailsName1\")][contains(text(), \"WebdriverSitexh23yl\")]"}
COMMAND: POST /session/e6919d4f77c7541395a205767add4f2b/element - {"using":"xpath","value":"//span[contains(@id ,\"application-addressmanagement-display-component---detailAdm--addressDetailDetailsName1\")][contains(text(), \"WebdriverSitexh23yl\")]"}
RESULT: {"using":"xpath","value":"//span[contains(@id ,\"application-addressmanagement-display-component---detailAdm--addressDetailDetailsName1\")][contains(text(), \"WebdriverSitexh23yl\")]"}
COMMAND: POST /session/e6919d4f77c7541395a205767add4f2b/element - {"using":"xpath","value":"//*[contains(@data-kt ,\"ContextMenuId2Link\")][contains(text(), \"Partner Overview\")]"}
RESULT: {"using":"xpath","value":"//*[contains(@data-kt ,\"ContextMenuId2Link\")][contains(text(), \"Partner Overview\")]"}
COMMAND: POST /session/e6919d4f77c7541395a205767add4f2b/execute/sync - {"script":"<script> [8489 bytes]","args":[{"element-6066-11e4-a52e-4f735466cecf":"f.AEC6E2FDD01581EC588B24590A1694F0.d.A93B8DB332214ADAF3FDC67B7C10E6DA.e.5805","ELEMENT":"f.AEC6E2FDD01581EC588B24590A1694F0.d.A93B8DB332214ADAF3FDC67B7C10E6DA.e.5805"}]}
COMMAND: POST /session/e6919d4f77c7541395a205767add4f2b/element - {"using":"xpath","value":"//*[contains(@data-kt ,\"ContextMenuId2Link\")][contains(text(), \"Partner Overview\")]"}
RESULT: {"script":"<script> [8489 bytes]","args":[{"element-6066-11e4-a52e-4f735466cecf":"f.AEC6E2FDD01581EC588B24590A1694F0.d.A93B8DB332214ADAF3FDC67B7C10E6DA.e.5805","ELEMENT":"f.AEC6E2FDD01581EC588B24590A1694F0.d.A93B8DB332214ADAF3FDC67B7C10E6DA.e.5805"}]}
COMMAND: GET /session/e6919d4f77c7541395a205767add4f2b/screenshot - {}
RESULT: {"using":"xpath","value":"//*[contains(@data-kt ,\"ContextMenuId2Link\")][contains(text(), \"Partner Overview\")]"}
COMMAND: POST /session/e6919d4f77c7541395a205767add4f2b/element/f.AEC6E2FDD01581EC588B24590A1694F0.d.A93B8DB332214ADAF3FDC67B7C10E6DA.e.5805/click - {}
COMMAND: POST /session/e6919d4f77c7541395a205767add4f2b/element - {"using":"xpath","value":"//span[contains(@id ,\"application-addressmanagement-display-component---detailAdm--addressDetailDetailsName1\")][contains(text(), \"WebdriverSitexh23yl\")]"}
RESULT: {}
RESULT: {"using":"xpath","value":"//span[contains(@id ,\"application-addressmanagement-display-component---detailAdm--addressDetailDetailsName1\")][contains(text(), \"WebdriverSitexh23yl\")]"}
RESULT: {}
COMMAND: GET /session/e6919d4f77c7541395a205767add4f2b/screenshot - {}
RESULT: {}
COMMAND: POST /session/e6919d4f77c7541395a205767add4f2b/element - {"using":"xpath","value":"//span[contains(@id ,\"application-addressmanagement-display-component---detailAdm--addressDetailDetailsName1\")][contains(text(), \"WebdriverSitexh23yl\")]"}
RESULT: {"using":"xpath","value":"//span[contains(@id ,\"application-addressmanagement-display-component---detailAdm--addressDetailDetailsName1\")][contains(text(), \"WebdriverSitexh23yl\")]"}
COMMAND: POST /session/e6919d4f77c7541395a205767add4f2b/element - {"using":"xpath","value":"//span[contains(@id ,\"application-addressmanagement-display-component---detailAdm--addressDetailDetailsName1\")][contains(text(), \"WebdriverSitexh23yl\")]"}
RESULT: {"using":"xpath","value":"//span[contains(@id ,\"application-addressmanagement-display-component---detailAdm--addressDetailDetailsName1\")][contains(text(), \"WebdriverSitexh23yl\")]"}
COMMAND: POST /session/e6919d4f77c7541395a205767add4f2b/element - {"using":"xpath","value":"//span[contains(@id ,\"application-addressmanagement-display-component---detailAdm--addressDetailDetailsName1\")][contains(text(), \"WebdriverSitexh23yl\")]"}
RESULT: {"using":"xpath","value":"//span[contains(@id ,\"application-addressmanagement-display-component---detailAdm--addressDetailDetailsName1\")][contains(text(), \"WebdriverSitexh23yl\")]"}
COMMAND: POST /session/e6919d4f77c7541395a205767add4f2b/element - {"using":"xpath","value":"//span[contains(@id ,\"application-addressmanagement-display-component---detailAdm--addressDetailDetailsName1\")][contains(text(), \"WebdriverSitexh23yl\")]"}
RESULT: {"using":"xpath","value":"//span[contains(@id ,\"application-addressmanagement-display-component---detailAdm--addressDetailDetailsName1\")][contains(text(), \"WebdriverSitexh23yl\")]"}
COMMAND: POST /session/e6919d4f77c7541395a205767add4f2b/element - {"using":"xpath","value":"//span[contains(@id ,\"application-addressmanagement-display-component---detailAdm--addressDetailDetailsName1\")][contains(text(), \"WebdriverSitexh23yl\")]"}
RESULT: {"using":"xpath","value":"//span[contains(@id ,\"application-addressmanagement-display-component---detailAdm--addressDetailDetailsName1\")][contains(text(), \"WebdriverSitexh23yl\")]"}
COMMAND: POST /session/e6919d4f77c7541395a205767add4f2b/element - {"using":"xpath","value":"//span[contains(@id ,\"application-addressmanagement-display-component---detailAdm--addressDetailDetailsName1\")][contains(text(), \"WebdriverSitexh23yl\")]"}
RESULT: {"using":"xpath","value":"//span[contains(@id ,\"application-addressmanagement-display-component---detailAdm--addressDetailDetailsName1\")][contains(text(), \"WebdriverSitexh23yl\")]"}
COMMAND: POST /session/e6919d4f77c7541395a205767add4f2b/element - {"using":"xpath","value":"//span[contains(@id ,\"application-addressmanagement-display-component---detailAdm--addressDetailDetailsName1\")][contains(text(), \"WebdriverSitexh23yl\")]"}
RESULT: {"using":"xpath","value":"//span[contains(@id ,\"application-addressmanagement-display-component---detailAdm--addressDetailDetailsName1\")][contains(text(), \"WebdriverSitexh23yl\")]"}
COMMAND: POST /session/e6919d4f77c7541395a205767add4f2b/element - {"using":"xpath","value":"//span[contains(@id ,\"application-addressmanagement-display-component---detailAdm--addressDetailDetailsName1\")][contains(text(), \"WebdriverSitexh23yl\")]"}
RESULT: {"using":"xpath","value":"//span[contains(@id ,\"application-addressmanagement-display-component---detailAdm--addressDetailDetailsName1\")][contains(text(), \"WebdriverSitexh23yl\")]"}
COMMAND: POST /session/e6919d4f77c7541395a205767add4f2b/element - {"using":"xpath","value":"//span[contains(@id ,\"application-addressmanagement-display-component---detailAdm--addressDetailDetailsName1\")][contains(text(), \"WebdriverSitexh23yl\")]"}
RESULT: {"using":"xpath","value":"//span[contains(@id ,\"application-addressmanagement-display-component---detailAdm--addressDetailDetailsName1\")][contains(text(), \"WebdriverSitexh23yl\")]"}
COMMAND: POST /session/e6919d4f77c7541395a205767add4f2b/element - {"using":"xpath","value":"//span[contains(@id ,\"application-addressmanagement-display-component---detailAdm--addressDetailDetailsName1\")][contains(text(), \"WebdriverSitexh23yl\")]"}
RESULT: {"using":"xpath","value":"//span[contains(@id ,\"application-addressmanagement-display-component---detailAdm--addressDetailDetailsName1\")][contains(text(), \"WebdriverSitexh23yl\")]"}
COMMAND: POST /session/e6919d4f77c7541395a205767add4f2b/element - {"using":"xpath","value":"//span[contains(@id ,\"application-addressmanagement-display-component---detailAdm--addressDetailDetailsName1\")][contains(text(), \"WebdriverSitexh23yl\")]"}
RESULT: {"using":"xpath","value":"//span[contains(@id ,\"application-addressmanagement-display-component---detailAdm--addressDetailDetailsName1\")][contains(text(), \"WebdriverSitexh23yl\")]"}
COMMAND: POST /session/e6919d4f77c7541395a205767add4f2b/element - {"using":"xpath","value":"//span[contains(@id ,\"application-addressmanagement-display-component---detailAdm--addressDetailDetailsName1\")][contains(text(), \"WebdriverSitexh23yl\")]"}
RESULT: {"using":"xpath","value":"//span[contains(@id ,\"application-addressmanagement-display-component---detailAdm--addressDetailDetailsName1\")][contains(text(), \"WebdriverSitexh23yl\")]"}
RESULT: undefined
COMMAND: POST /session/e6919d4f77c7541395a205767add4f2b/execute/async - {"script":"<script> [6424 bytes]","args":[{"element-6066-11e4-a52e-4f735466cecf":"f.AEC6E2FDD01581EC588B24590A1694F0.d.A93B8DB332214ADAF3FDC67B7C10E6DA.e.3257"},"getTitle",[]]}
COMMAND: POST /session/e6919d4f77c7541395a205767add4f2b/element - {"using":"xpath","value":"//span[contains(@id ,\"application-addressmanagement-display-component---detailAdm--addressDetailDetailsName1\")][contains(text(), \"WebdriverSitexh23yl\")]"}
COMMAND: POST /session/e6919d4f77c7541395a205767add4f2b/execute/async - {"script":"<script> [1562 bytes]","args":[{"selector":{"id":"shellAppTitle"},"wdio_ui5_key":"shellAppTitle"}]}
RESULT: {"using":"xpath","value":"//span[contains(@id ,\"application-addressmanagement-display-component---detailAdm--addressDetailDetailsName1\")][contains(text(), \"WebdriverSitexh23yl\")]"}
RESULT: {"script":"<script> [1562 bytes]","args":[{"selector":{"id":"shellAppTitle"},"wdio_ui5_key":"shellAppTitle"}]}
COMMAND: POST /session/e6919d4f77c7541395a205767add4f2b/execute/async - {"script":"<script> [6424 bytes]","args":[{"element-6066-11e4-a52e-4f735466cecf":"f.AEC6E2FDD01581EC588B24590A1694F0.d.A93B8DB332214ADAF3FDC67B7C10E6DA.e.6043"},"getTitle",[]]}
COMMAND: POST /session/e6919d4f77c7541395a205767add4f2b/element - {"using":"xpath","value":"//span[contains(@id ,\"application-addressmanagement-display-component---detailAdm--addressDetailDetailsName1\")][contains(text(), \"WebdriverSitexh23yl\")]"}
RESULT: {"script":"<script> [6424 bytes]","args":[{"element-6066-11e4-a52e-4f735466cecf":"f.AEC6E2FDD01581EC588B24590A1694F0.d.A93B8DB332214ADAF3FDC67B7C10E6DA.e.6043"},"getTitle",[]]}
COMMAND: POST /session/e6919d4f77c7541395a205767add4f2b/element - {"using":"xpath","value":"//span[contains(@id ,\"title\")][contains(text(), \"WebdriverPartnerv5r5y\")]"}
RESULT: {"using":"xpath","value":"//span[contains(@id ,\"application-addressmanagement-display-component---detailAdm--addressDetailDetailsName1\")][contains(text(), \"WebdriverSitexh23yl\")]"}
RESULT: {"using":"xpath","value":"//span[contains(@id ,\"title\")][contains(text(), \"WebdriverPartnerv5r5y\")]"}
COMMAND: POST /session/e6919d4f77c7541395a205767add4f2b/execute/sync - {"script":"<script> [8489 bytes]","args":[{"element-6066-11e4-a52e-4f735466cecf":"f.AEC6E2FDD01581EC588B24590A1694F0.d.A93B8DB332214ADAF3FDC67B7C10E6DA.e.6044","ELEMENT":"f.AEC6E2FDD01581EC588B24590A1694F0.d.A93B8DB332214ADAF3FDC67B7C10E6DA.e.6044"}]}
RESULT: undefined
COMMAND: POST /session/e6919d4f77c7541395a205767add4f2b/element - {"using":"xpath","value":"//*[@id=\"backBtn\"]"}
RESULT: {"script":"<script> [8489 bytes]","args":[{"element-6066-11e4-a52e-4f735466cecf":"f.AEC6E2FDD01581EC588B24590A1694F0.d.A93B8DB332214ADAF3FDC67B7C10E6DA.e.6044","ELEMENT":"f.AEC6E2FDD01581EC588B24590A1694F0.d.A93B8DB332214ADAF3FDC67B7C10E6DA.e.6044"}]}
COMMAND: GET /session/e6919d4f77c7541395a205767add4f2b/screenshot - {}
RESULT: {"using":"xpath","value":"//*[@id=\"backBtn\"]"}
COMMAND: POST /session/e6919d4f77c7541395a205767add4f2b/element/f.AEC6E2FDD01581EC588B24590A1694F0.d.A93B8DB332214ADAF3FDC67B7C10E6DA.e.3259/click - {}
RESULT: {}
COMMAND: POST /session/e6919d4f77c7541395a205767add4f2b/element - {"using":"xpath","value":"//span[contains(@id ,\"application-addressmanagement-display-component---detailAdm--addressDetailDetailsName1\")][contains(text(), \"WebdriverSitexh23yl\")]"}
COMMAND: POST /session/e6919d4f77c7541395a205767add4f2b/execute/sync - {"script":"<script> [8489 bytes]","args":[{"element-6066-11e4-a52e-4f735466cecf":"f.AEC6E2FDD01581EC588B24590A1694F0.d.A93B8DB332214ADAF3FDC67B7C10E6DA.e.6044","ELEMENT":"f.AEC6E2FDD01581EC588B24590A1694F0.d.A93B8DB332214ADAF3FDC67B7C10E6DA.e.6044"}]}
RESULT: {}
COMMAND: GET /session/e6919d4f77c7541395a205767add4f2b/screenshot - {}
RESULT: {"using":"xpath","value":"//span[contains(@id ,\"application-addressmanagement-display-component---detailAdm--addressDetailDetailsName1\")][contains(text(), \"WebdriverSitexh23yl\")]"}
COMMAND: POST /session/e6919d4f77c7541395a205767add4f2b/element - {"using":"xpath","value":"//span[contains(@id ,\"title\")][contains(text(), \"WebdriverPartnerv5r5y\")]"}
COMMAND: POST /session/e6919d4f77c7541395a205767add4f2b/element - {"using":"xpath","value":"//span[contains(@id ,\"application-addressmanagement-display-component---detailAdm--addressDetailDetailsName1\")][contains(text(), \"WebdriverSitexh23yl\")]"}
RESULT: {}
RESULT: {"using":"xpath","value":"//span[contains(@id ,\"title\")][contains(text(), \"WebdriverPartnerv5r5y\")]"}
COMMAND: POST /session/e6919d4f77c7541395a205767add4f2b/element - {"using":"xpath","value":"//span[contains(@id ,\"title\")][contains(text(), \"WebdriverPartnerv5r5y\")]"}
RESULT: {"using":"xpath","value":"//span[contains(@id ,\"application-addressmanagement-display-component---detailAdm--addressDetailDetailsName1\")][contains(text(), \"WebdriverSitexh23yl\")]"}
RESULT: {"using":"xpath","value":"//span[contains(@id ,\"title\")][contains(text(), \"WebdriverPartnerv5r5y\")]"}
COMMAND: POST /session/e6919d4f77c7541395a205767add4f2b/element - {"using":"xpath","value":"//span[contains(@id ,\"application-addressmanagement-display-component---detailAdm--addressDetailDetailsName1\")][contains(text(), \"WebdriverSitexh23yl\")]"}
RESULT: {"using":"xpath","value":"//span[contains(@id ,\"application-addressmanagement-display-component---detailAdm--addressDetailDetailsName1\")][contains(text(), \"WebdriverSitexh23yl\")]"}
COMMAND: POST /session/e6919d4f77c7541395a205767add4f2b/element - {"using":"xpath","value":"//span[contains(@id ,\"title\")][contains(text(), \"WebdriverPartnerv5r5y\")]"}
RESULT: {"using":"xpath","value":"//span[contains(@id ,\"title\")][contains(text(), \"WebdriverPartnerv5r5y\")]"}
COMMAND: POST /session/e6919d4f77c7541395a205767add4f2b/element - {"using":"xpath","value":"//span[contains(@id ,\"application-addressmanagement-display-component---detailAdm--addressDetailDetailsName1\")][contains(text(), \"WebdriverSitexh23yl\")]"}
RESULT: {"using":"xpath","value":"//span[contains(@id ,\"application-addressmanagement-display-component---detailAdm--addressDetailDetailsName1\")][contains(text(), \"WebdriverSitexh23yl\")]"}
COMMAND: POST /session/e6919d4f77c7541395a205767add4f2b/element - {"using":"xpath","value":"//span[contains(@id ,\"title\")][contains(text(), \"WebdriverPartnerv5r5y\")]"}
RESULT: {"using":"xpath","value":"//span[contains(@id ,\"title\")][contains(text(), \"WebdriverPartnerv5r5y\")]"}
COMMAND: POST /session/e6919d4f77c7541395a205767add4f2b/element - {"using":"xpath","value":"//span[contains(@id ,\"application-addressmanagement-display-component---detailAdm--addressDetailDetailsName1\")][contains(text(), \"WebdriverSitexh23yl\")]"}
RESULT: {"using":"xpath","value":"//span[contains(@id ,\"application-addressmanagement-display-component---detailAdm--addressDetailDetailsName1\")][contains(text(), \"WebdriverSitexh23yl\")]"}
COMMAND: POST /session/e6919d4f77c7541395a205767add4f2b/element - {"using":"xpath","value":"//span[contains(@id ,\"title\")][contains(text(), \"WebdriverPartnerv5r5y\")]"}
RESULT: {"using":"xpath","value":"//span[contains(@id ,\"title\")][contains(text(), \"WebdriverPartnerv5r5y\")]"}
COMMAND: POST /session/e6919d4f77c7541395a205767add4f2b/element - {"using":"xpath","value":"//span[contains(@id ,\"application-addressmanagement-display-component---detailAdm--addressDetailDetailsName1\")][contains(text(), \"WebdriverSitexh23yl\")]"}
RESULT: {"using":"xpath","value":"//span[contains(@id ,\"application-addressmanagement-display-component---detailAdm--addressDetailDetailsName1\")][contains(text(), \"WebdriverSitexh23yl\")]"}
COMMAND: POST /session/e6919d4f77c7541395a205767add4f2b/element - {"using":"xpath","value":"//span[contains(@id ,\"title\")][contains(text(), \"WebdriverPartnerv5r5y\")]"}
RESULT: {"using":"xpath","value":"//span[contains(@id ,\"title\")][contains(text(), \"WebdriverPartnerv5r5y\")]"}
COMMAND: POST /session/e6919d4f77c7541395a205767add4f2b/element - {"using":"xpath","value":"//span[contains(@id ,\"application-addressmanagement-display-component---detailAdm--addressDetailDetailsName1\")][contains(text(), \"WebdriverSitexh23yl\")]"}
RESULT: {"using":"xpath","value":"//span[contains(@id ,\"application-addressmanagement-display-component---detailAdm--addressDetailDetailsName1\")][contains(text(), \"WebdriverSitexh23yl\")]"}
COMMAND: POST /session/e6919d4f77c7541395a205767add4f2b/element - {"using":"xpath","value":"//span[contains(@id ,\"title\")][contains(text(), \"WebdriverPartnerv5r5y\")]"}
RESULT: {"using":"xpath","value":"//span[contains(@id ,\"title\")][contains(text(), \"WebdriverPartnerv5r5y\")]"}
COMMAND: POST /session/e6919d4f77c7541395a205767add4f2b/element - {"using":"xpath","value":"//span[contains(@id ,\"application-addressmanagement-display-component---detailAdm--addressDetailDetailsName1\")][contains(text(), \"WebdriverSitexh23yl\")]"}
RESULT: {"using":"xpath","value":"//span[contains(@id ,\"application-addressmanagement-display-component---detailAdm--addressDetailDetailsName1\")][contains(text(), \"WebdriverSitexh23yl\")]"}
COMMAND: POST /session/e6919d4f77c7541395a205767add4f2b/element - {"using":"xpath","value":"//span[contains(@id ,\"title\")][contains(text(), \"WebdriverPartnerv5r5y\")]"}
RESULT: {"using":"xpath","value":"//span[contains(@id ,\"title\")][contains(text(), \"WebdriverPartnerv5r5y\")]"}
COMMAND: POST /session/e6919d4f77c7541395a205767add4f2b/execute/sync - {"script":"<script> [8489 bytes]","args":[{"element-6066-11e4-a52e-4f735466cecf":"f.AEC6E2FDD01581EC588B24590A1694F0.d.A93B8DB332214ADAF3FDC67B7C10E6DA.e.5803","ELEMENT":"f.AEC6E2FDD01581EC588B24590A1694F0.d.A93B8DB332214ADAF3FDC67B7C10E6DA.e.5803"}]}
COMMAND: POST /session/e6919d4f77c7541395a205767add4f2b/element - {"using":"xpath","value":"//*[contains(@data-kt ,\"webshopDetailCustomerLink\")]"}
RESULT: {"using":"xpath","value":"//*[contains(@data-kt ,\"webshopDetailCustomerLink\")]"}
COMMAND: POST /session/e6919d4f77c7541395a205767add4f2b/execute/sync - {"script":"<script> [8489 bytes]","args":[{"element-6066-11e4-a52e-4f735466cecf":"f.AEC6E2FDD01581EC588B24590A1694F0.d.A93B8DB332214ADAF3FDC67B7C10E6DA.e.6221","ELEMENT":"f.AEC6E2FDD01581EC588B24590A1694F0.d.A93B8DB332214ADAF3FDC67B7C10E6DA.e.6221"}]}
RESULT: {"script":"<script> [8489 bytes]","args":[{"element-6066-11e4-a52e-4f735466cecf":"f.AEC6E2FDD01581EC588B24590A1694F0.d.A93B8DB332214ADAF3FDC67B7C10E6DA.e.6221","ELEMENT":"f.AEC6E2FDD01581EC588B24590A1694F0.d.A93B8DB332214ADAF3FDC67B7C10E6DA.e.6221"}]}
COMMAND: POST /session/e6919d4f77c7541395a205767add4f2b/execute/sync - {"script":"<script> [5351 bytes]","args":[{"element-6066-11e4-a52e-4f735466cecf":"f.AEC6E2FDD01581EC588B24590A1694F0.d.A93B8DB332214ADAF3FDC67B7C10E6DA.e.6221","ELEMENT":"f.AEC6E2FDD01581EC588B24590A1694F0.d.A93B8DB332214ADAF3FDC67B7C10E6DA.e.6221"}]}
COMMAND: GET /session/e6919d4f77c7541395a205767add4f2b/screenshot - {}
RESULT: {"script":"<script> [5351 bytes]","args":[{"element-6066-11e4-a52e-4f735466cecf":"f.AEC6E2FDD01581EC588B24590A1694F0.d.A93B8DB332214ADAF3FDC67B7C10E6DA.e.6221","ELEMENT":"f.AEC6E2FDD01581EC588B24590A1694F0.d.A93B8DB332214ADAF3FDC67B7C10E6DA.e.6221"}]}
COMMAND: POST /session/e6919d4f77c7541395a205767add4f2b/element - {"using":"xpath","value":"//*[contains(@data-kt ,\"webshopDetailCustomerLink\")]"}
COMMAND: GET /session/e6919d4f77c7541395a205767add4f2b/screenshot - {}
RESULT: {}
COMMAND: POST /session/e6919d4f77c7541395a205767add4f2b/element - {"using":"xpath","value":"//span[contains(@id ,\"application-addressmanagement-display-component---detailAdm--addressDetailDetailsName1\")][contains(text(), \"WebdriverSitexh23yl\")]"}
RESULT: {"using":"xpath","value":"//*[contains(@data-kt ,\"webshopDetailCustomerLink\")]"}
COMMAND: POST /session/e6919d4f77c7541395a205767add4f2b/element/f.AEC6E2FDD01581EC588B24590A1694F0.d.A93B8DB332214ADAF3FDC67B7C10E6DA.e.6221/click - {}
COMMAND: POST /session/e6919d4f77c7541395a205767add4f2b/element - {"using":"xpath","value":"//span[contains(@id ,\"title\")][contains(text(), \"WebdriverPartnerv5r5y\")]"}
RESULT: {}
RESULT: {"using":"xpath","value":"//span[contains(@id ,\"application-addressmanagement-display-component---detailAdm--addressDetailDetailsName1\")][contains(text(), \"WebdriverSitexh23yl\")]"}
RESULT: {}
COMMAND: GET /session/e6919d4f77c7541395a205767add4f2b/screenshot - {}
RESULT: {"using":"xpath","value":"//span[contains(@id ,\"title\")][contains(text(), \"WebdriverPartnerv5r5y\")]"}
COMMAND: POST /session/e6919d4f77c7541395a205767add4f2b/execute/sync - {"script":"<script> [8489 bytes]","args":[{"element-6066-11e4-a52e-4f735466cecf":"f.AEC6E2FDD01581EC588B24590A1694F0.d.A93B8DB332214ADAF3FDC67B7C10E6DA.e.6223","ELEMENT":"f.AEC6E2FDD01581EC588B24590A1694F0.d.A93B8DB332214ADAF3FDC67B7C10E6DA.e.6223"}]}
COMMAND: POST /session/e6919d4f77c7541395a205767add4f2b/element - {"using":"xpath","value":"//span[contains(@id ,\"application-addressmanagement-display-component---detailAdm--addressDetailDetailsName1\")][contains(text(), \"WebdriverSitexh23yl\")]"}
RESULT: {}
RESULT: {"script":"<script> [8489 bytes]","args":[{"element-6066-11e4-a52e-4f735466cecf":"f.AEC6E2FDD01581EC588B24590A1694F0.d.A93B8DB332214ADAF3FDC67B7C10E6DA.e.6223","ELEMENT":"f.AEC6E2FDD01581EC588B24590A1694F0.d.A93B8DB332214ADAF3FDC67B7C10E6DA.e.6223"}]}
COMMAND: GET /session/e6919d4f77c7541395a205767add4f2b/screenshot - {}
RESULT: {"using":"xpath","value":"//span[contains(@id ,\"application-addressmanagement-display-component---detailAdm--addressDetailDetailsName1\")][contains(text(), \"WebdriverSitexh23yl\")]"}
RESULT: {}
COMMAND: POST /session/e6919d4f77c7541395a205767add4f2b/element - {"using":"xpath","value":"//span[contains(@id ,\"application-addressmanagement-display-component---detailAdm--addressDetailDetailsName1\")][contains(text(), \"WebdriverSitexh23yl\")]"}
RESULT: {"using":"xpath","value":"//span[contains(@id ,\"application-addressmanagement-display-component---detailAdm--addressDetailDetailsName1\")][contains(text(), \"WebdriverSitexh23yl\")]"}
COMMAND: POST /session/e6919d4f77c7541395a205767add4f2b/element - {"using":"xpath","value":"//span[contains(@id ,\"application-addressmanagement-display-component---detailAdm--addressDetailDetailsName1\")][contains(text(), \"WebdriverSitexh23yl\")]"}
RESULT: {"using":"xpath","value":"//span[contains(@id ,\"application-addressmanagement-display-component---detailAdm--addressDetailDetailsName1\")][contains(text(), \"WebdriverSitexh23yl\")]"}
COMMAND: POST /session/e6919d4f77c7541395a205767add4f2b/element - {"using":"xpath","value":"//button[contains(@data-kt ,\"ContextMenuExternalId2Link\")]"}
RESULT: {"using":"xpath","value":"//button[contains(@data-kt ,\"ContextMenuExternalId2Link\")]"}
COMMAND: POST /session/e6919d4f77c7541395a205767add4f2b/element/f.AEC6E2FDD01581EC588B24590A1694F0.d.A93B8DB332214ADAF3FDC67B7C10E6DA.e.6222/click - {}
COMMAND: POST /session/e6919d4f77c7541395a205767add4f2b/element - {"using":"xpath","value":"//span[contains(@id ,\"application-addressmanagement-display-component---detailAdm--addressDetailDetailsName1\")][contains(text(), \"WebdriverSitexh23yl\")]"}
RESULT: {}
COMMAND: GET /session/e6919d4f77c7541395a205767add4f2b/screenshot - {}
RESULT: {"using":"xpath","value":"//span[contains(@id ,\"application-addressmanagement-display-component---detailAdm--addressDetailDetailsName1\")][contains(text(), \"WebdriverSitexh23yl\")]"}
COMMAND: POST /session/e6919d4f77c7541395a205767add4f2b/element - {"using":"xpath","value":"//span[contains(@id ,\"application-addressmanagement-display-component---detailAdm--addressDetailDetailsName1\")][contains(text(), \"WebdriverSitexh23yl\")]"}
RESULT: {}
RESULT: {"using":"xpath","value":"//span[contains(@id ,\"application-addressmanagement-display-component---detailAdm--addressDetailDetailsName1\")][contains(text(), \"WebdriverSitexh23yl\")]"}
COMMAND: POST /session/e6919d4f77c7541395a205767add4f2b/element - {"using":"xpath","value":"//span[contains(@id ,\"application-addressmanagement-display-component---detailAdm--addressDetailDetailsName1\")][contains(text(), \"WebdriverSitexh23yl\")]"}
RESULT: {"using":"xpath","value":"//span[contains(@id ,\"application-addressmanagement-display-component---detailAdm--addressDetailDetailsName1\")][contains(text(), \"WebdriverSitexh23yl\")]"}
COMMAND: POST /session/e6919d4f77c7541395a205767add4f2b/element - {"using":"xpath","value":"//span[contains(@id ,\"application-addressmanagement-display-component---detailAdm--addressDetailDetailsName1\")][contains(text(), \"WebdriverSitexh23yl\")]"}
RESULT: {"using":"xpath","value":"//span[contains(@id ,\"application-addressmanagement-display-component---detailAdm--addressDetailDetailsName1\")][contains(text(), \"WebdriverSitexh23yl\")]"}
COMMAND: POST /session/e6919d4f77c7541395a205767add4f2b/element - {"using":"xpath","value":"//span[contains(@id ,\"application-addressmanagement-display-component---detailAdm--addressDetailDetailsName1\")][contains(text(), \"WebdriverSitexh23yl\")]"}
RESULT: {"using":"xpath","value":"//span[contains(@id ,\"application-addressmanagement-display-component---detailAdm--addressDetailDetailsName1\")][contains(text(), \"WebdriverSitexh23yl\")]"}
COMMAND: POST /session/e6919d4f77c7541395a205767add4f2b/element - {"using":"xpath","value":"//span[contains(@id ,\"application-addressmanagement-display-component---detailAdm--addressDetailDetailsName1\")][contains(text(), \"WebdriverSitexh23yl\")]"}
RESULT: {"using":"xpath","value":"//span[contains(@id ,\"application-addressmanagement-display-component---detailAdm--addressDetailDetailsName1\")][contains(text(), \"WebdriverSitexh23yl\")]"}
COMMAND: GET /session/e6919d4f77c7541395a205767add4f2b/window/handles - {}
RESULT: {}
COMMAND: POST /session/e6919d4f77c7541395a205767add4f2b/window - {"handle":"8C5E29C4282ACD3CDBAB2486B5C5920A"}
RESULT: {"handle":"8C5E29C4282ACD3CDBAB2486B5C5920A"}
COMMAND: GET /session/e6919d4f77c7541395a205767add4f2b/url - {}
RESULT: {}
COMMAND: GET /session/e6919d4f77c7541395a205767add4f2b/screenshot - {}
RESULT: {}
COMMAND: POST /session/e6919d4f77c7541395a205767add4f2b/execute/sync - {"script":"<script> [8489 bytes]","args":[{"element-6066-11e4-a52e-4f735466cecf":"f.AEC6E2FDD01581EC588B24590A1694F0.d.A93B8DB332214ADAF3FDC67B7C10E6DA.e.6223","ELEMENT":"f.AEC6E2FDD01581EC588B24590A1694F0.d.A93B8DB332214ADAF3FDC67B7C10E6DA.e.6223"}]}
COMMAND: DELETE /session/e6919d4f77c7541395a205767add4f2b/window - {}
RESULT: {}
COMMAND: POST /session/e6919d4f77c7541395a205767add4f2b/window - {"handle":"AEC6E2FDD01581EC588B24590A1694F0"}
RESULT: {"handle":"AEC6E2FDD01581EC588B24590A1694F0"}
COMMAND: GET /session/e6919d4f77c7541395a205767add4f2b/url - {}
RESULT: {"script":"<script> [8489 bytes]","args":[{"element-6066-11e4-a52e-4f735466cecf":"f.AEC6E2FDD01581EC588B24590A1694F0.d.A93B8DB332214ADAF3FDC67B7C10E6DA.e.6223","ELEMENT":"f.AEC6E2FDD01581EC588B24590A1694F0.d.A93B8DB332214ADAF3FDC67B7C10E6DA.e.6223"}]}
RESULT: {}
COMMAND: GET /session/e6919d4f77c7541395a205767add4f2b/screenshot - {}
COMMAND: GET /session/e6919d4f77c7541395a205767add4f2b/screenshot - {}
RESULT: {}
RESULT: {}
]]></system-out>
    </testcase>
    <testcase classname="chrome.136_0_7103_93.windows.Webshop_-_Hyperlinks_visible_and_working_properly__US139085" name="Should verify the contract and catalog item hyperlinks" time="120.686">
      <system-out><![CDATA[
COMMAND: POST /session/e6919d4f77c7541395a205767add4f2b/element - {"using":"xpath","value":"//*[contains(@data-kt ,\"webshopDetailContractLink\")]"}
RESULT: {"using":"xpath","value":"//*[contains(@data-kt ,\"webshopDetailContractLink\")]"}
COMMAND: POST /session/e6919d4f77c7541395a205767add4f2b/execute/sync - {"script":"<script> [8489 bytes]","args":[{"element-6066-11e4-a52e-4f735466cecf":"f.AEC6E2FDD01581EC588B24590A1694F0.d.A93B8DB332214ADAF3FDC67B7C10E6DA.e.6448","ELEMENT":"f.AEC6E2FDD01581EC588B24590A1694F0.d.A93B8DB332214ADAF3FDC67B7C10E6DA.e.6448"}]}
RESULT: {"script":"<script> [8489 bytes]","args":[{"element-6066-11e4-a52e-4f735466cecf":"f.AEC6E2FDD01581EC588B24590A1694F0.d.A93B8DB332214ADAF3FDC67B7C10E6DA.e.6448","ELEMENT":"f.AEC6E2FDD01581EC588B24590A1694F0.d.A93B8DB332214ADAF3FDC67B7C10E6DA.e.6448"}]}
COMMAND: POST /session/e6919d4f77c7541395a205767add4f2b/execute/sync - {"script":"<script> [5351 bytes]","args":[{"element-6066-11e4-a52e-4f735466cecf":"f.AEC6E2FDD01581EC588B24590A1694F0.d.A93B8DB332214ADAF3FDC67B7C10E6DA.e.6448","ELEMENT":"f.AEC6E2FDD01581EC588B24590A1694F0.d.A93B8DB332214ADAF3FDC67B7C10E6DA.e.6448"}]}
COMMAND: GET /session/e6919d4f77c7541395a205767add4f2b/screenshot - {}
RESULT: {"script":"<script> [5351 bytes]","args":[{"element-6066-11e4-a52e-4f735466cecf":"f.AEC6E2FDD01581EC588B24590A1694F0.d.A93B8DB332214ADAF3FDC67B7C10E6DA.e.6448","ELEMENT":"f.AEC6E2FDD01581EC588B24590A1694F0.d.A93B8DB332214ADAF3FDC67B7C10E6DA.e.6448"}]}
COMMAND: POST /session/e6919d4f77c7541395a205767add4f2b/element - {"using":"xpath","value":"//*[contains(@data-kt ,\"webshopDetailContractLink\")]"}
COMMAND: GET /session/e6919d4f77c7541395a205767add4f2b/screenshot - {}
RESULT: {}
RESULT: {"using":"xpath","value":"//*[contains(@data-kt ,\"webshopDetailContractLink\")]"}
COMMAND: POST /session/e6919d4f77c7541395a205767add4f2b/element/f.AEC6E2FDD01581EC588B24590A1694F0.d.A93B8DB332214ADAF3FDC67B7C10E6DA.e.6448/click - {}
RESULT: {}
RESULT: {}
COMMAND: GET /session/e6919d4f77c7541395a205767add4f2b/screenshot - {}
RESULT: {}
COMMAND: POST /session/e6919d4f77c7541395a205767add4f2b/element - {"using":"xpath","value":"//*[contains(@data-kt ,\"ContextMenuId2Link\")][contains(text(), \"Contract Overview\")]"}
RESULT: {"using":"xpath","value":"//*[contains(@data-kt ,\"ContextMenuId2Link\")][contains(text(), \"Contract Overview\")]"}
COMMAND: POST /session/e6919d4f77c7541395a205767add4f2b/execute/sync - {"script":"<script> [8489 bytes]","args":[{"element-6066-11e4-a52e-4f735466cecf":"f.AEC6E2FDD01581EC588B24590A1694F0.d.A93B8DB332214ADAF3FDC67B7C10E6DA.e.6450","ELEMENT":"f.AEC6E2FDD01581EC588B24590A1694F0.d.A93B8DB332214ADAF3FDC67B7C10E6DA.e.6450"}]}
COMMAND: POST /session/e6919d4f77c7541395a205767add4f2b/element - {"using":"xpath","value":"//*[contains(@data-kt ,\"ContextMenuId2Link\")][contains(text(), \"Contract Overview\")]"}
RESULT: {"using":"xpath","value":"//*[contains(@data-kt ,\"ContextMenuId2Link\")][contains(text(), \"Contract Overview\")]"}
COMMAND: POST /session/e6919d4f77c7541395a205767add4f2b/element/f.AEC6E2FDD01581EC588B24590A1694F0.d.A93B8DB332214ADAF3FDC67B7C10E6DA.e.6450/click - {}
RESULT: {"script":"<script> [8489 bytes]","args":[{"element-6066-11e4-a52e-4f735466cecf":"f.AEC6E2FDD01581EC588B24590A1694F0.d.A93B8DB332214ADAF3FDC67B7C10E6DA.e.6450","ELEMENT":"f.AEC6E2FDD01581EC588B24590A1694F0.d.A93B8DB332214ADAF3FDC67B7C10E6DA.e.6450"}]}
COMMAND: GET /session/e6919d4f77c7541395a205767add4f2b/screenshot - {}
RESULT: {}
COMMAND: GET /session/e6919d4f77c7541395a205767add4f2b/screenshot - {}
RESULT: {}
RESULT: {}
RESULT: undefined
COMMAND: POST /session/e6919d4f77c7541395a205767add4f2b/execute/async - {"script":"<script> [6424 bytes]","args":[{"element-6066-11e4-a52e-4f735466cecf":"f.AEC6E2FDD01581EC588B24590A1694F0.d.A93B8DB332214ADAF3FDC67B7C10E6DA.e.3257"},"getTitle",[]]}
COMMAND: POST /session/e6919d4f77c7541395a205767add4f2b/execute/async - {"script":"<script> [1562 bytes]","args":[{"selector":{"id":"shellAppTitle"},"wdio_ui5_key":"shellAppTitle"}]}
RESULT: {"script":"<script> [1562 bytes]","args":[{"selector":{"id":"shellAppTitle"},"wdio_ui5_key":"shellAppTitle"}]}
COMMAND: POST /session/e6919d4f77c7541395a205767add4f2b/execute/async - {"script":"<script> [6424 bytes]","args":[{"element-6066-11e4-a52e-4f735466cecf":"f.AEC6E2FDD01581EC588B24590A1694F0.d.A93B8DB332214ADAF3FDC67B7C10E6DA.e.6666"},"getTitle",[]]}
RESULT: {"script":"<script> [6424 bytes]","args":[{"element-6066-11e4-a52e-4f735466cecf":"f.AEC6E2FDD01581EC588B24590A1694F0.d.A93B8DB332214ADAF3FDC67B7C10E6DA.e.6666"},"getTitle",[]]}
COMMAND: POST /session/e6919d4f77c7541395a205767add4f2b/element - {"using":"xpath","value":"//span[contains(@id ,\"contractDetailTitleNoExpanded\")][contains(text(), \"10431\")]"}
RESULT: {"using":"xpath","value":"//span[contains(@id ,\"contractDetailTitleNoExpanded\")][contains(text(), \"10431\")]"}
COMMAND: POST /session/e6919d4f77c7541395a205767add4f2b/execute/sync - {"script":"<script> [8489 bytes]","args":[{"element-6066-11e4-a52e-4f735466cecf":"f.AEC6E2FDD01581EC588B24590A1694F0.d.A93B8DB332214ADAF3FDC67B7C10E6DA.e.6667","ELEMENT":"f.AEC6E2FDD01581EC588B24590A1694F0.d.A93B8DB332214ADAF3FDC67B7C10E6DA.e.6667"}]}
RESULT: undefined
COMMAND: POST /session/e6919d4f77c7541395a205767add4f2b/element - {"using":"xpath","value":"//*[@id=\"backBtn\"]"}
RESULT: {"using":"xpath","value":"//*[@id=\"backBtn\"]"}
COMMAND: POST /session/e6919d4f77c7541395a205767add4f2b/element/f.AEC6E2FDD01581EC588B24590A1694F0.d.A93B8DB332214ADAF3FDC67B7C10E6DA.e.3259/click - {}
RESULT: {"script":"<script> [8489 bytes]","args":[{"element-6066-11e4-a52e-4f735466cecf":"f.AEC6E2FDD01581EC588B24590A1694F0.d.A93B8DB332214ADAF3FDC67B7C10E6DA.e.6667","ELEMENT":"f.AEC6E2FDD01581EC588B24590A1694F0.d.A93B8DB332214ADAF3FDC67B7C10E6DA.e.6667"}]}
COMMAND: GET /session/e6919d4f77c7541395a205767add4f2b/screenshot - {}
RESULT: {}
COMMAND: GET /session/e6919d4f77c7541395a205767add4f2b/screenshot - {}
RESULT: {}
RESULT: {}
COMMAND: POST /session/e6919d4f77c7541395a205767add4f2b/execute/sync - {"script":"<script> [8489 bytes]","args":[{"element-6066-11e4-a52e-4f735466cecf":"f.AEC6E2FDD01581EC588B24590A1694F0.d.A93B8DB332214ADAF3FDC67B7C10E6DA.e.6448","ELEMENT":"f.AEC6E2FDD01581EC588B24590A1694F0.d.A93B8DB332214ADAF3FDC67B7C10E6DA.e.6448"}]}
COMMAND: POST /session/e6919d4f77c7541395a205767add4f2b/element - {"using":"xpath","value":"//*[contains(@data-kt ,\"webshopDetailContractLink\")]"}
RESULT: {"using":"xpath","value":"//*[contains(@data-kt ,\"webshopDetailContractLink\")]"}
COMMAND: POST /session/e6919d4f77c7541395a205767add4f2b/execute/sync - {"script":"<script> [8489 bytes]","args":[{"element-6066-11e4-a52e-4f735466cecf":"f.AEC6E2FDD01581EC588B24590A1694F0.d.A93B8DB332214ADAF3FDC67B7C10E6DA.e.6819","ELEMENT":"f.AEC6E2FDD01581EC588B24590A1694F0.d.A93B8DB332214ADAF3FDC67B7C10E6DA.e.6819"}]}
RESULT: {"script":"<script> [8489 bytes]","args":[{"element-6066-11e4-a52e-4f735466cecf":"f.AEC6E2FDD01581EC588B24590A1694F0.d.A93B8DB332214ADAF3FDC67B7C10E6DA.e.6819","ELEMENT":"f.AEC6E2FDD01581EC588B24590A1694F0.d.A93B8DB332214ADAF3FDC67B7C10E6DA.e.6819"}]}
COMMAND: POST /session/e6919d4f77c7541395a205767add4f2b/execute/sync - {"script":"<script> [5351 bytes]","args":[{"element-6066-11e4-a52e-4f735466cecf":"f.AEC6E2FDD01581EC588B24590A1694F0.d.A93B8DB332214ADAF3FDC67B7C10E6DA.e.6819","ELEMENT":"f.AEC6E2FDD01581EC588B24590A1694F0.d.A93B8DB332214ADAF3FDC67B7C10E6DA.e.6819"}]}
COMMAND: GET /session/e6919d4f77c7541395a205767add4f2b/screenshot - {}
RESULT: {"script":"<script> [5351 bytes]","args":[{"element-6066-11e4-a52e-4f735466cecf":"f.AEC6E2FDD01581EC588B24590A1694F0.d.A93B8DB332214ADAF3FDC67B7C10E6DA.e.6819","ELEMENT":"f.AEC6E2FDD01581EC588B24590A1694F0.d.A93B8DB332214ADAF3FDC67B7C10E6DA.e.6819"}]}
COMMAND: POST /session/e6919d4f77c7541395a205767add4f2b/element - {"using":"xpath","value":"//*[contains(@data-kt ,\"webshopDetailContractLink\")]"}
COMMAND: GET /session/e6919d4f77c7541395a205767add4f2b/screenshot - {}
RESULT: {}
RESULT: {"using":"xpath","value":"//*[contains(@data-kt ,\"webshopDetailContractLink\")]"}
COMMAND: POST /session/e6919d4f77c7541395a205767add4f2b/element/f.AEC6E2FDD01581EC588B24590A1694F0.d.A93B8DB332214ADAF3FDC67B7C10E6DA.e.6819/click - {}
RESULT: {}
RESULT: {}
COMMAND: GET /session/e6919d4f77c7541395a205767add4f2b/screenshot - {}
RESULT: {}
COMMAND: POST /session/e6919d4f77c7541395a205767add4f2b/element - {"using":"xpath","value":"//button[contains(@data-kt ,\"ContextMenuExternalId2Link\")]"}
RESULT: {"using":"xpath","value":"//button[contains(@data-kt ,\"ContextMenuExternalId2Link\")]"}
COMMAND: POST /session/e6919d4f77c7541395a205767add4f2b/element/f.AEC6E2FDD01581EC588B24590A1694F0.d.A93B8DB332214ADAF3FDC67B7C10E6DA.e.6820/click - {}
RESULT: {}
COMMAND: GET /session/e6919d4f77c7541395a205767add4f2b/screenshot - {}
RESULT: {}
COMMAND: GET /session/e6919d4f77c7541395a205767add4f2b/window/handles - {}
RESULT: {}
COMMAND: POST /session/e6919d4f77c7541395a205767add4f2b/window - {"handle":"D4ECA73F86550AD5435297429102BB32"}
RESULT: {"handle":"D4ECA73F86550AD5435297429102BB32"}
COMMAND: GET /session/e6919d4f77c7541395a205767add4f2b/url - {}
RESULT: {}
COMMAND: GET /session/e6919d4f77c7541395a205767add4f2b/screenshot - {}
RESULT: {}
COMMAND: POST /session/e6919d4f77c7541395a205767add4f2b/execute/sync - {"script":"<script> [8489 bytes]","args":[{"element-6066-11e4-a52e-4f735466cecf":"f.AEC6E2FDD01581EC588B24590A1694F0.d.A93B8DB332214ADAF3FDC67B7C10E6DA.e.6667","ELEMENT":"f.AEC6E2FDD01581EC588B24590A1694F0.d.A93B8DB332214ADAF3FDC67B7C10E6DA.e.6667"}]}
COMMAND: DELETE /session/e6919d4f77c7541395a205767add4f2b/window - {}
RESULT: {}
COMMAND: POST /session/e6919d4f77c7541395a205767add4f2b/window - {"handle":"AEC6E2FDD01581EC588B24590A1694F0"}
RESULT: {"handle":"AEC6E2FDD01581EC588B24590A1694F0"}
COMMAND: GET /session/e6919d4f77c7541395a205767add4f2b/url - {}
COMMAND: POST /session/e6919d4f77c7541395a205767add4f2b/element - {"using":"xpath","value":"//span[contains(@id ,\"contractDetailTitleNoExpanded\")][contains(text(), \"10431\")]"}
RESULT: {}
COMMAND: GET /session/e6919d4f77c7541395a205767add4f2b/screenshot - {}
RESULT: {"using":"xpath","value":"//span[contains(@id ,\"contractDetailTitleNoExpanded\")][contains(text(), \"10431\")]"}
COMMAND: POST /session/e6919d4f77c7541395a205767add4f2b/element - {"using":"xpath","value":"//span[contains(@id ,\"contractDetailTitleNoExpanded\")][contains(text(), \"10431\")]"}
RESULT: {}
RESULT: {"using":"xpath","value":"//span[contains(@id ,\"contractDetailTitleNoExpanded\")][contains(text(), \"10431\")]"}
COMMAND: POST /session/e6919d4f77c7541395a205767add4f2b/element - {"using":"xpath","value":"//span[contains(@id ,\"contractDetailTitleNoExpanded\")][contains(text(), \"10431\")]"}
RESULT: {"using":"xpath","value":"//span[contains(@id ,\"contractDetailTitleNoExpanded\")][contains(text(), \"10431\")]"}
COMMAND: POST /session/e6919d4f77c7541395a205767add4f2b/element - {"using":"xpath","value":"//span[contains(@id ,\"contractDetailTitleNoExpanded\")][contains(text(), \"10431\")]"}
RESULT: {"using":"xpath","value":"//span[contains(@id ,\"contractDetailTitleNoExpanded\")][contains(text(), \"10431\")]"}
COMMAND: POST /session/e6919d4f77c7541395a205767add4f2b/element - {"using":"xpath","value":"//span[contains(@id ,\"contractDetailTitleNoExpanded\")][contains(text(), \"10431\")]"}
RESULT: {"using":"xpath","value":"//span[contains(@id ,\"contractDetailTitleNoExpanded\")][contains(text(), \"10431\")]"}
COMMAND: POST /session/e6919d4f77c7541395a205767add4f2b/element - {"using":"xpath","value":"//span[contains(@id ,\"contractDetailTitleNoExpanded\")][contains(text(), \"10431\")]"}
RESULT: {"using":"xpath","value":"//span[contains(@id ,\"contractDetailTitleNoExpanded\")][contains(text(), \"10431\")]"}
COMMAND: POST /session/e6919d4f77c7541395a205767add4f2b/element - {"using":"xpath","value":"//span[contains(@id ,\"contractDetailTitleNoExpanded\")][contains(text(), \"10431\")]"}
RESULT: {"using":"xpath","value":"//span[contains(@id ,\"contractDetailTitleNoExpanded\")][contains(text(), \"10431\")]"}
COMMAND: POST /session/e6919d4f77c7541395a205767add4f2b/element - {"using":"xpath","value":"//*[contains(@data-kt ,\"webshopDetailCatalogItemLink\")]"}
RESULT: {"using":"xpath","value":"//*[contains(@data-kt ,\"webshopDetailCatalogItemLink\")]"}
COMMAND: POST /session/e6919d4f77c7541395a205767add4f2b/execute/sync - {"script":"<script> [8489 bytes]","args":[{"element-6066-11e4-a52e-4f735466cecf":"f.AEC6E2FDD01581EC588B24590A1694F0.d.A93B8DB332214ADAF3FDC67B7C10E6DA.e.6733","ELEMENT":"f.AEC6E2FDD01581EC588B24590A1694F0.d.A93B8DB332214ADAF3FDC67B7C10E6DA.e.6733"}]}
RESULT: {"script":"<script> [8489 bytes]","args":[{"element-6066-11e4-a52e-4f735466cecf":"f.AEC6E2FDD01581EC588B24590A1694F0.d.A93B8DB332214ADAF3FDC67B7C10E6DA.e.6733","ELEMENT":"f.AEC6E2FDD01581EC588B24590A1694F0.d.A93B8DB332214ADAF3FDC67B7C10E6DA.e.6733"}]}
COMMAND: POST /session/e6919d4f77c7541395a205767add4f2b/execute/sync - {"script":"<script> [5351 bytes]","args":[{"element-6066-11e4-a52e-4f735466cecf":"f.AEC6E2FDD01581EC588B24590A1694F0.d.A93B8DB332214ADAF3FDC67B7C10E6DA.e.6733","ELEMENT":"f.AEC6E2FDD01581EC588B24590A1694F0.d.A93B8DB332214ADAF3FDC67B7C10E6DA.e.6733"}]}
COMMAND: GET /session/e6919d4f77c7541395a205767add4f2b/screenshot - {}
RESULT: {"script":"<script> [5351 bytes]","args":[{"element-6066-11e4-a52e-4f735466cecf":"f.AEC6E2FDD01581EC588B24590A1694F0.d.A93B8DB332214ADAF3FDC67B7C10E6DA.e.6733","ELEMENT":"f.AEC6E2FDD01581EC588B24590A1694F0.d.A93B8DB332214ADAF3FDC67B7C10E6DA.e.6733"}]}
COMMAND: POST /session/e6919d4f77c7541395a205767add4f2b/element - {"using":"xpath","value":"//*[contains(@data-kt ,\"webshopDetailCatalogItemLink\")]"}
COMMAND: GET /session/e6919d4f77c7541395a205767add4f2b/screenshot - {}
RESULT: {}
RESULT: {"using":"xpath","value":"//*[contains(@data-kt ,\"webshopDetailCatalogItemLink\")]"}
COMMAND: POST /session/e6919d4f77c7541395a205767add4f2b/element/f.AEC6E2FDD01581EC588B24590A1694F0.d.A93B8DB332214ADAF3FDC67B7C10E6DA.e.6733/click - {}
RESULT: {}
RESULT: {}
COMMAND: POST /session/e6919d4f77c7541395a205767add4f2b/element - {"using":"xpath","value":"//span[contains(@id ,\"contractDetailTitleNoExpanded\")][contains(text(), \"10431\")]"}
COMMAND: GET /session/e6919d4f77c7541395a205767add4f2b/screenshot - {}
RESULT: {"using":"xpath","value":"//span[contains(@id ,\"contractDetailTitleNoExpanded\")][contains(text(), \"10431\")]"}
RESULT: {}
COMMAND: POST /session/e6919d4f77c7541395a205767add4f2b/element - {"using":"xpath","value":"//span[contains(@id ,\"contractDetailTitleNoExpanded\")][contains(text(), \"10431\")]"}
RESULT: {"using":"xpath","value":"//span[contains(@id ,\"contractDetailTitleNoExpanded\")][contains(text(), \"10431\")]"}
COMMAND: POST /session/e6919d4f77c7541395a205767add4f2b/element - {"using":"xpath","value":"//span[contains(@id ,\"contractDetailTitleNoExpanded\")][contains(text(), \"10431\")]"}
RESULT: {"using":"xpath","value":"//span[contains(@id ,\"contractDetailTitleNoExpanded\")][contains(text(), \"10431\")]"}
COMMAND: POST /session/e6919d4f77c7541395a205767add4f2b/element - {"using":"xpath","value":"//span[contains(@id ,\"contractDetailTitleNoExpanded\")][contains(text(), \"10431\")]"}
RESULT: {"using":"xpath","value":"//span[contains(@id ,\"contractDetailTitleNoExpanded\")][contains(text(), \"10431\")]"}
COMMAND: POST /session/e6919d4f77c7541395a205767add4f2b/element - {"using":"xpath","value":"//span[contains(@id ,\"contractDetailTitleNoExpanded\")][contains(text(), \"10431\")]"}
RESULT: {"using":"xpath","value":"//span[contains(@id ,\"contractDetailTitleNoExpanded\")][contains(text(), \"10431\")]"}
COMMAND: POST /session/e6919d4f77c7541395a205767add4f2b/element - {"using":"xpath","value":"//span[contains(@id ,\"contractDetailTitleNoExpanded\")][contains(text(), \"10431\")]"}
RESULT: {"using":"xpath","value":"//span[contains(@id ,\"contractDetailTitleNoExpanded\")][contains(text(), \"10431\")]"}
COMMAND: POST /session/e6919d4f77c7541395a205767add4f2b/element - {"using":"xpath","value":"//span[contains(@id ,\"contractDetailTitleNoExpanded\")][contains(text(), \"10431\")]"}
RESULT: {"using":"xpath","value":"//span[contains(@id ,\"contractDetailTitleNoExpanded\")][contains(text(), \"10431\")]"}
COMMAND: POST /session/e6919d4f77c7541395a205767add4f2b/element - {"using":"xpath","value":"//span[contains(@id ,\"contractDetailTitleNoExpanded\")][contains(text(), \"10431\")]"}
RESULT: {"using":"xpath","value":"//span[contains(@id ,\"contractDetailTitleNoExpanded\")][contains(text(), \"10431\")]"}
COMMAND: POST /session/e6919d4f77c7541395a205767add4f2b/element - {"using":"xpath","value":"//span[contains(@id ,\"contractDetailTitleNoExpanded\")][contains(text(), \"10431\")]"}
RESULT: {"using":"xpath","value":"//span[contains(@id ,\"contractDetailTitleNoExpanded\")][contains(text(), \"10431\")]"}
COMMAND: POST /session/e6919d4f77c7541395a205767add4f2b/element - {"using":"xpath","value":"(//span[contains(text(), \"Dri-Prime CD150M Diesel Pump\")])[2]"}
RESULT: {"using":"xpath","value":"(//span[contains(text(), \"Dri-Prime CD150M Diesel Pump\")])[2]"}
COMMAND: POST /session/e6919d4f77c7541395a205767add4f2b/execute/sync - {"script":"<script> [8489 bytes]","args":[{"element-6066-11e4-a52e-4f735466cecf":"f.AEC6E2FDD01581EC588B24590A1694F0.d.A93B8DB332214ADAF3FDC67B7C10E6DA.e.6926","ELEMENT":"f.AEC6E2FDD01581EC588B24590A1694F0.d.A93B8DB332214ADAF3FDC67B7C10E6DA.e.6926"}]}
COMMAND: POST /session/e6919d4f77c7541395a205767add4f2b/element - {"using":"xpath","value":"(//span[contains(text(), \"Description\")])[1]"}
RESULT: {"script":"<script> [8489 bytes]","args":[{"element-6066-11e4-a52e-4f735466cecf":"f.AEC6E2FDD01581EC588B24590A1694F0.d.A93B8DB332214ADAF3FDC67B7C10E6DA.e.6926","ELEMENT":"f.AEC6E2FDD01581EC588B24590A1694F0.d.A93B8DB332214ADAF3FDC67B7C10E6DA.e.6926"}]}
COMMAND: GET /session/e6919d4f77c7541395a205767add4f2b/screenshot - {}
RESULT: {"using":"xpath","value":"(//span[contains(text(), \"Description\")])[1]"}
COMMAND: GET /session/e6919d4f77c7541395a205767add4f2b/element/f.AEC6E2FDD01581EC588B24590A1694F0.d.A93B8DB332214ADAF3FDC67B7C10E6DA.e.6927/rect - {}
COMMAND: POST /session/e6919d4f77c7541395a205767add4f2b/element - {"using":"xpath","value":"//span[contains(@id ,\"contractDetailTitleNoExpanded\")][contains(text(), \"10431\")]"}
RESULT: {}
RESULT: {"using":"xpath","value":"//span[contains(@id ,\"contractDetailTitleNoExpanded\")][contains(text(), \"10431\")]"}
RESULT: {}
COMMAND: GET /session/e6919d4f77c7541395a205767add4f2b/window/rect - {}
RESULT: {}
COMMAND: POST /session/e6919d4f77c7541395a205767add4f2b/execute/sync - {"script":"<script> [92 bytes]","args":[]}
RESULT: {"script":"<script> [92 bytes]","args":[]}
COMMAND: POST /session/e6919d4f77c7541395a205767add4f2b/actions - {"actions":[{"id":"action10","type":"wheel","parameters":{},"actions":[{"type":"scroll","x":-1833,"y":-23,"deltaX":0,"deltaY":0,"duration":0,"origin":{"element-6066-11e4-a52e-4f735466cecf":"f.AEC6E2FDD01581EC588B24590A1694F0.d.A93B8DB332214ADAF3FDC67B7C10E6DA.e.6927"}}]}]}
COMMAND: GET /session/e6919d4f77c7541395a205767add4f2b/screenshot - {}
RESULT: {}
COMMAND: POST /session/e6919d4f77c7541395a205767add4f2b/execute/sync - {"script":"<script> [79 bytes]","args":[{"element-6066-11e4-a52e-4f735466cecf":"f.AEC6E2FDD01581EC588B24590A1694F0.d.A93B8DB332214ADAF3FDC67B7C10E6DA.e.6927","ELEMENT":"f.AEC6E2FDD01581EC588B24590A1694F0.d.A93B8DB332214ADAF3FDC67B7C10E6DA.e.6927"},{"block":"start","inline":"nearest"}]}
RESULT: {"script":"<script> [79 bytes]","args":[{"element-6066-11e4-a52e-4f735466cecf":"f.AEC6E2FDD01581EC588B24590A1694F0.d.A93B8DB332214ADAF3FDC67B7C10E6DA.e.6927","ELEMENT":"f.AEC6E2FDD01581EC588B24590A1694F0.d.A93B8DB332214ADAF3FDC67B7C10E6DA.e.6927"},{"block":"start","inline":"nearest"}]}
COMMAND: GET /session/e6919d4f77c7541395a205767add4f2b/screenshot - {}
COMMAND: POST /session/e6919d4f77c7541395a205767add4f2b/element - {"using":"xpath","value":"//span[contains(@id ,\"contractDetailTitleNoExpanded\")][contains(text(), \"10431\")]"}
RESULT: {}
RESULT: {"using":"xpath","value":"//span[contains(@id ,\"contractDetailTitleNoExpanded\")][contains(text(), \"10431\")]"}
COMMAND: POST /session/e6919d4f77c7541395a205767add4f2b/element - {"using":"xpath","value":"//span[contains(@id ,\"contractDetailTitleNoExpanded\")][contains(text(), \"10431\")]"}
RESULT: {"using":"xpath","value":"//span[contains(@id ,\"contractDetailTitleNoExpanded\")][contains(text(), \"10431\")]"}
COMMAND: POST /session/e6919d4f77c7541395a205767add4f2b/element - {"using":"xpath","value":"//span[contains(@id ,\"contractDetailTitleNoExpanded\")][contains(text(), \"10431\")]"}
RESULT: {"using":"xpath","value":"//span[contains(@id ,\"contractDetailTitleNoExpanded\")][contains(text(), \"10431\")]"}
COMMAND: POST /session/e6919d4f77c7541395a205767add4f2b/element - {"using":"xpath","value":"//span[contains(@id ,\"contractDetailTitleNoExpanded\")][contains(text(), \"10431\")]"}
RESULT: {"using":"xpath","value":"//span[contains(@id ,\"contractDetailTitleNoExpanded\")][contains(text(), \"10431\")]"}
COMMAND: POST /session/e6919d4f77c7541395a205767add4f2b/element - {"using":"xpath","value":"//span[contains(@id ,\"contractDetailTitleNoExpanded\")][contains(text(), \"10431\")]"}
RESULT: {"using":"xpath","value":"//span[contains(@id ,\"contractDetailTitleNoExpanded\")][contains(text(), \"10431\")]"}
COMMAND: POST /session/e6919d4f77c7541395a205767add4f2b/element - {"using":"xpath","value":"//span[contains(@id ,\"contractDetailTitleNoExpanded\")][contains(text(), \"10431\")]"}
RESULT: {"using":"xpath","value":"//span[contains(@id ,\"contractDetailTitleNoExpanded\")][contains(text(), \"10431\")]"}
COMMAND: POST /session/e6919d4f77c7541395a205767add4f2b/element - {"using":"xpath","value":"(//textarea[@rows=\"15\"])[1]"}
RESULT: {"using":"xpath","value":"(//textarea[@rows=\"15\"])[1]"}
COMMAND: POST /session/e6919d4f77c7541395a205767add4f2b/execute/sync - {"script":"<script> [8489 bytes]","args":[{"element-6066-11e4-a52e-4f735466cecf":"f.AEC6E2FDD01581EC588B24590A1694F0.d.A93B8DB332214ADAF3FDC67B7C10E6DA.e.6923","ELEMENT":"f.AEC6E2FDD01581EC588B24590A1694F0.d.A93B8DB332214ADAF3FDC67B7C10E6DA.e.6923"}]}
RESULT: {"script":"<script> [8489 bytes]","args":[{"element-6066-11e4-a52e-4f735466cecf":"f.AEC6E2FDD01581EC588B24590A1694F0.d.A93B8DB332214ADAF3FDC67B7C10E6DA.e.6923","ELEMENT":"f.AEC6E2FDD01581EC588B24590A1694F0.d.A93B8DB332214ADAF3FDC67B7C10E6DA.e.6923"}]}
COMMAND: GET /session/e6919d4f77c7541395a205767add4f2b/screenshot - {}
RESULT: {}
COMMAND: POST /session/e6919d4f77c7541395a205767add4f2b/element - {"using":"xpath","value":"//span[contains(@id ,\"contractDetailTitleNoExpanded\")][contains(text(), \"10431\")]"}
RESULT: {"using":"xpath","value":"//span[contains(@id ,\"contractDetailTitleNoExpanded\")][contains(text(), \"10431\")]"}
COMMAND: POST /session/e6919d4f77c7541395a205767add4f2b/element - {"using":"xpath","value":"//span[contains(@id ,\"contractDetailTitleNoExpanded\")][contains(text(), \"10431\")]"}
RESULT: {"using":"xpath","value":"//span[contains(@id ,\"contractDetailTitleNoExpanded\")][contains(text(), \"10431\")]"}
COMMAND: POST /session/e6919d4f77c7541395a205767add4f2b/element - {"using":"xpath","value":"//span[contains(@id ,\"contractDetailTitleNoExpanded\")][contains(text(), \"10431\")]"}
RESULT: {"using":"xpath","value":"//span[contains(@id ,\"contractDetailTitleNoExpanded\")][contains(text(), \"10431\")]"}
COMMAND: POST /session/e6919d4f77c7541395a205767add4f2b/element - {"using":"xpath","value":"//span[contains(@id ,\"contractDetailTitleNoExpanded\")][contains(text(), \"10431\")]"}
RESULT: {"using":"xpath","value":"//span[contains(@id ,\"contractDetailTitleNoExpanded\")][contains(text(), \"10431\")]"}
COMMAND: POST /session/e6919d4f77c7541395a205767add4f2b/element - {"using":"xpath","value":"//span[contains(@id ,\"contractDetailTitleNoExpanded\")][contains(text(), \"10431\")]"}
RESULT: {"using":"xpath","value":"//span[contains(@id ,\"contractDetailTitleNoExpanded\")][contains(text(), \"10431\")]"}
COMMAND: POST /session/e6919d4f77c7541395a205767add4f2b/element - {"using":"xpath","value":"//span[contains(@id ,\"contractDetailTitleNoExpanded\")][contains(text(), \"10431\")]"}
RESULT: {"using":"xpath","value":"//span[contains(@id ,\"contractDetailTitleNoExpanded\")][contains(text(), \"10431\")]"}
COMMAND: POST /session/e6919d4f77c7541395a205767add4f2b/element - {"using":"xpath","value":"//span[contains(@id ,\"contractDetailTitleNoExpanded\")][contains(text(), \"10431\")]"}
RESULT: {"using":"xpath","value":"//span[contains(@id ,\"contractDetailTitleNoExpanded\")][contains(text(), \"10431\")]"}
COMMAND: POST /session/e6919d4f77c7541395a205767add4f2b/element - {"using":"xpath","value":"//span[contains(@id ,\"contractDetailTitleNoExpanded\")][contains(text(), \"10431\")]"}
RESULT: {"using":"xpath","value":"//span[contains(@id ,\"contractDetailTitleNoExpanded\")][contains(text(), \"10431\")]"}
COMMAND: POST /session/e6919d4f77c7541395a205767add4f2b/element - {"using":"xpath","value":"//span[contains(@id ,\"contractDetailTitleNoExpanded\")][contains(text(), \"10431\")]"}
RESULT: {"using":"xpath","value":"//span[contains(@id ,\"contractDetailTitleNoExpanded\")][contains(text(), \"10431\")]"}
COMMAND: POST /session/e6919d4f77c7541395a205767add4f2b/execute/async - {"script":"<script> [1562 bytes]","args":[{"selector":{"controlType":"sap.tnt.NavigationListItem","viewName":"etm.portal.ui.webshop.view.RequestDetail","i18NText":{"propertyName":"text","key":"exit"},"interaction":{"idSuffix":"a"}},"wdio_ui5_key":"etmportal.ui.webshop.view.RequestDetailsap.tnt.NavigationListItem{\"propertyName\":\"text\",\"key\":\"exit\"}"}]}
COMMAND: POST /session/e6919d4f77c7541395a205767add4f2b/element - {"using":"xpath","value":"//span[contains(@id ,\"contractDetailTitleNoExpanded\")][contains(text(), \"10431\")]"}
RESULT: {"script":"<script> [1562 bytes]","args":[{"selector":{"controlType":"sap.tnt.NavigationListItem","viewName":"etm.portal.ui.webshop.view.RequestDetail","i18NText":{"propertyName":"text","key":"exit"},"interaction":{"idSuffix":"a"}},"wdio_ui5_key":"etmportal.ui.webshop.view.RequestDetailsap.tnt.NavigationListItem{\"propertyName\":\"text\",\"key\":\"exit\"}"}]}
RESULT: undefined
COMMAND: POST /session/e6919d4f77c7541395a205767add4f2b/element - {"using":"xpath","value":"//*[@id=\"__item3934\"]"}
RESULT: {"using":"xpath","value":"//span[contains(@id ,\"contractDetailTitleNoExpanded\")][contains(text(), \"10431\")]"}
RESULT: {"using":"xpath","value":"//*[@id=\"__item3934\"]"}
COMMAND: POST /session/e6919d4f77c7541395a205767add4f2b/element/f.AEC6E2FDD01581EC588B24590A1694F0.d.A93B8DB332214ADAF3FDC67B7C10E6DA.e.6931/click - {}
COMMAND: POST /session/e6919d4f77c7541395a205767add4f2b/element - {"using":"xpath","value":"//span[contains(@id ,\"contractDetailTitleNoExpanded\")][contains(text(), \"10431\")]"}
RESULT: {}
COMMAND: GET /session/e6919d4f77c7541395a205767add4f2b/screenshot - {}
RESULT: {"using":"xpath","value":"//span[contains(@id ,\"contractDetailTitleNoExpanded\")][contains(text(), \"10431\")]"}
RESULT: {}
COMMAND: POST /session/e6919d4f77c7541395a205767add4f2b/element - {"using":"xpath","value":"//span[contains(@id ,\"contractDetailTitleNoExpanded\")][contains(text(), \"10431\")]"}
RESULT: {"using":"xpath","value":"//span[contains(@id ,\"contractDetailTitleNoExpanded\")][contains(text(), \"10431\")]"}
COMMAND: POST /session/e6919d4f77c7541395a205767add4f2b/element - {"using":"xpath","value":"//span[contains(@id ,\"contractDetailTitleNoExpanded\")][contains(text(), \"10431\")]"}
RESULT: {"using":"xpath","value":"//span[contains(@id ,\"contractDetailTitleNoExpanded\")][contains(text(), \"10431\")]"}
COMMAND: POST /session/e6919d4f77c7541395a205767add4f2b/element - {"using":"xpath","value":"//span[contains(@id ,\"contractDetailTitleNoExpanded\")][contains(text(), \"10431\")]"}
RESULT: {"using":"xpath","value":"//span[contains(@id ,\"contractDetailTitleNoExpanded\")][contains(text(), \"10431\")]"}
COMMAND: POST /session/e6919d4f77c7541395a205767add4f2b/element - {"using":"xpath","value":"//span[contains(@id ,\"contractDetailTitleNoExpanded\")][contains(text(), \"10431\")]"}
RESULT: {"using":"xpath","value":"//span[contains(@id ,\"contractDetailTitleNoExpanded\")][contains(text(), \"10431\")]"}
COMMAND: POST /session/e6919d4f77c7541395a205767add4f2b/element - {"using":"xpath","value":"//span[contains(@id ,\"contractDetailTitleNoExpanded\")][contains(text(), \"10431\")]"}
RESULT: {"using":"xpath","value":"//span[contains(@id ,\"contractDetailTitleNoExpanded\")][contains(text(), \"10431\")]"}
COMMAND: POST /session/e6919d4f77c7541395a205767add4f2b/element - {"using":"xpath","value":"//span[contains(@id ,\"contractDetailTitleNoExpanded\")][contains(text(), \"10431\")]"}
RESULT: {"using":"xpath","value":"//span[contains(@id ,\"contractDetailTitleNoExpanded\")][contains(text(), \"10431\")]"}
COMMAND: POST /session/e6919d4f77c7541395a205767add4f2b/element - {"using":"css selector","value":"#shell-header-logo"}
RESULT: {"using":"css selector","value":"#shell-header-logo"}
COMMAND: POST /session/e6919d4f77c7541395a205767add4f2b/element/f.AEC6E2FDD01581EC588B24590A1694F0.d.A93B8DB332214ADAF3FDC67B7C10E6DA.e.3259/click - {}
COMMAND: POST /session/e6919d4f77c7541395a205767add4f2b/element - {"using":"xpath","value":"//span[contains(@id ,\"contractDetailTitleNoExpanded\")][contains(text(), \"10431\")]"}
RESULT: {}
COMMAND: GET /session/e6919d4f77c7541395a205767add4f2b/screenshot - {}
RESULT: {"using":"xpath","value":"//span[contains(@id ,\"contractDetailTitleNoExpanded\")][contains(text(), \"10431\")]"}
RESULT: {}
COMMAND: POST /session/e6919d4f77c7541395a205767add4f2b/element - {"using":"xpath","value":"//span[contains(@id ,\"contractDetailTitleNoExpanded\")][contains(text(), \"10431\")]"}
RESULT: {"using":"xpath","value":"//span[contains(@id ,\"contractDetailTitleNoExpanded\")][contains(text(), \"10431\")]"}
COMMAND: POST /session/e6919d4f77c7541395a205767add4f2b/element - {"using":"xpath","value":"//span[contains(@id ,\"contractDetailTitleNoExpanded\")][contains(text(), \"10431\")]"}
RESULT: {"using":"xpath","value":"//span[contains(@id ,\"contractDetailTitleNoExpanded\")][contains(text(), \"10431\")]"}
COMMAND: POST /session/e6919d4f77c7541395a205767add4f2b/element - {"using":"xpath","value":"//span[contains(@id ,\"contractDetailTitleNoExpanded\")][contains(text(), \"10431\")]"}
RESULT: {"using":"xpath","value":"//span[contains(@id ,\"contractDetailTitleNoExpanded\")][contains(text(), \"10431\")]"}
COMMAND: POST /session/e6919d4f77c7541395a205767add4f2b/element - {"using":"xpath","value":"//span[contains(@id ,\"contractDetailTitleNoExpanded\")][contains(text(), \"10431\")]"}
RESULT: {"using":"xpath","value":"//span[contains(@id ,\"contractDetailTitleNoExpanded\")][contains(text(), \"10431\")]"}
COMMAND: POST /session/e6919d4f77c7541395a205767add4f2b/element - {"using":"xpath","value":"//span[contains(@id ,\"contractDetailTitleNoExpanded\")][contains(text(), \"10431\")]"}
RESULT: {"using":"xpath","value":"//span[contains(@id ,\"contractDetailTitleNoExpanded\")][contains(text(), \"10431\")]"}
]]></system-out>
    </testcase>
  </testsuite>
  <testsuite timestamp="2025-06-02T16:29:11" time="90.732" tests="1" failures="0" errors="0" skipped="0">
    <properties>
      <property name="specId" value="0" />
      <property name="suiteName" value="Add items into the basket without creating a request US151315" />
      <property name="capabilities" value="chrome.136_0_7103_93.windows" />
      <property name="file" value="file:///D:/a/1/s/test/specs/R2C/add-items-into-basket-wo-creating-a-request.spec.js" />
    </properties>
    <testcase classname="chrome.136_0_7103_93.windows.Add_items_into_the_basket_without_creating_a_request_US151315" name="Should verify if a catalog item can be added without creating a request" time="87.466">
      <system-out><![CDATA[
RESULT: undefined
COMMAND: POST /session/e6919d4f77c7541395a205767add4f2b/element - {"using":"xpath","value":"//*[@id=\"__tile49\"]"}
RESULT: {"using":"xpath","value":"//*[@id=\"__tile49\"]"}
COMMAND: POST /session/e6919d4f77c7541395a205767add4f2b/element/f.AEC6E2FDD01581EC588B24590A1694F0.d.A93B8DB332214ADAF3FDC67B7C10E6DA.e.2990/click - {}
COMMAND: POST /session/e6919d4f77c7541395a205767add4f2b/element - {"using":"xpath","value":"//span[contains(@id ,\"contractDetailTitleNoExpanded\")][contains(text(), \"10431\")]"}
RESULT: {}
COMMAND: GET /session/e6919d4f77c7541395a205767add4f2b/screenshot - {}
COMMAND: POST /session/e6919d4f77c7541395a205767add4f2b/elements - {"using":"xpath","value":"//span[text()='Error']"}
RESULT: {"using":"xpath","value":"//span[contains(@id ,\"contractDetailTitleNoExpanded\")][contains(text(), \"10431\")]"}
RESULT: {}
RESULT: {"using":"xpath","value":"//span[text()='Error']"}
COMMAND: POST /session/e6919d4f77c7541395a205767add4f2b/element - {"using":"css selector","value":"#requestCreationDialog--createRequestPopUp-title-inner"}
RESULT: {"using":"css selector","value":"#requestCreationDialog--createRequestPopUp-title-inner"}
COMMAND: POST /session/e6919d4f77c7541395a205767add4f2b/execute/sync - {"script":"<script> [8489 bytes]","args":[{"element-6066-11e4-a52e-4f735466cecf":"f.AEC6E2FDD01581EC588B24590A1694F0.d.A93B8DB332214ADAF3FDC67B7C10E6DA.e.6990","ELEMENT":"f.AEC6E2FDD01581EC588B24590A1694F0.d.A93B8DB332214ADAF3FDC67B7C10E6DA.e.6990"}]}
RESULT: {"script":"<script> [8489 bytes]","args":[{"element-6066-11e4-a52e-4f735466cecf":"f.AEC6E2FDD01581EC588B24590A1694F0.d.A93B8DB332214ADAF3FDC67B7C10E6DA.e.6990","ELEMENT":"f.AEC6E2FDD01581EC588B24590A1694F0.d.A93B8DB332214ADAF3FDC67B7C10E6DA.e.6990"}]}
COMMAND: GET /session/e6919d4f77c7541395a205767add4f2b/element/f.AEC6E2FDD01581EC588B24590A1694F0.d.A93B8DB332214ADAF3FDC67B7C10E6DA.e.6990/enabled - {}
COMMAND: GET /session/e6919d4f77c7541395a205767add4f2b/screenshot - {}
RESULT: {}
COMMAND: POST /session/e6919d4f77c7541395a205767add4f2b/element - {"using":"xpath","value":"//span[contains(@id ,\"requestCreationDialog--cancelButton-content\")]"}
COMMAND: GET /session/e6919d4f77c7541395a205767add4f2b/screenshot - {}
RESULT: {}
RESULT: {"using":"xpath","value":"//span[contains(@id ,\"requestCreationDialog--cancelButton-content\")]"}
COMMAND: POST /session/e6919d4f77c7541395a205767add4f2b/element/f.AEC6E2FDD01581EC588B24590A1694F0.d.A93B8DB332214ADAF3FDC67B7C10E6DA.e.6991/click - {}
RESULT: {}
RESULT: {}
COMMAND: GET /session/e6919d4f77c7541395a205767add4f2b/screenshot - {}
RESULT: {}
COMMAND: POST /session/e6919d4f77c7541395a205767add4f2b/element - {"using":"xpath","value":"//input[contains(@id ,\"searchFiledId-I\")]"}
RESULT: {"using":"xpath","value":"//input[contains(@id ,\"searchFiledId-I\")]"}
COMMAND: POST /session/e6919d4f77c7541395a205767add4f2b/element/f.AEC6E2FDD01581EC588B24590A1694F0.d.A93B8DB332214ADAF3FDC67B7C10E6DA.e.6934/value - {"text":"Dri-Prime CD150M Diesel Pump"}
RESULT: {"text":"Dri-Prime CD150M Diesel Pump"}
COMMAND: POST /session/e6919d4f77c7541395a205767add4f2b/actions - {"actions":[{"id":"action11","type":"key","parameters":{},"actions":[{"type":"keyDown","value":"î€‡"},{"type":"pause","duration":10},{"type":"keyUp","value":"î€‡"}]}]}
COMMAND: GET /session/e6919d4f77c7541395a205767add4f2b/screenshot - {}
RESULT: {"actions":[{"id":"action11","type":"key","parameters":{},"actions":[{"type":"keyDown","value":"î€‡"},{"type":"pause","duration":10},{"type":"keyUp","value":"î€‡"}]}]}
COMMAND: GET /session/e6919d4f77c7541395a205767add4f2b/screenshot - {}
RESULT: {}
RESULT: {}
COMMAND: POST /session/e6919d4f77c7541395a205767add4f2b/element - {"using":"xpath","value":"//span[contains(@id ,\"subTitle\")][contains(text(), \"Dri-Prime CD150M Diesel Pump\")]"}
RESULT: {"using":"xpath","value":"//span[contains(@id ,\"subTitle\")][contains(text(), \"Dri-Prime CD150M Diesel Pump\")]"}
COMMAND: POST /session/e6919d4f77c7541395a205767add4f2b/element/f.AEC6E2FDD01581EC588B24590A1694F0.d.A93B8DB332214ADAF3FDC67B7C10E6DA.e.6998/click - {}
RESULT: {}
COMMAND: GET /session/e6919d4f77c7541395a205767add4f2b/screenshot - {}
RESULT: {}
COMMAND: POST /session/e6919d4f77c7541395a205767add4f2b/element - {"using":"xpath","value":"//bdi[contains(text(), \"Add to Request\")]"}
RESULT: {"using":"xpath","value":"//bdi[contains(text(), \"Add to Request\")]"}
COMMAND: POST /session/e6919d4f77c7541395a205767add4f2b/element/f.AEC6E2FDD01581EC588B24590A1694F0.d.A93B8DB332214ADAF3FDC67B7C10E6DA.e.7011/click - {}
RESULT: {}
COMMAND: POST /session/e6919d4f77c7541395a205767add4f2b/element - {"using":"xpath","value":"//div[contains(@class ,\"sapMMessageToast sapUiSelectable sapContrast sapContrastPlus sapUiUserSelectable\")]"}
COMMAND: GET /session/e6919d4f77c7541395a205767add4f2b/screenshot - {}
RESULT: {"using":"xpath","value":"//div[contains(@class ,\"sapMMessageToast sapUiSelectable sapContrast sapContrastPlus sapUiUserSelectable\")]"}
COMMAND: POST /session/e6919d4f77c7541395a205767add4f2b/execute/sync - {"script":"<script> [8489 bytes]","args":[{"element-6066-11e4-a52e-4f735466cecf":"f.AEC6E2FDD01581EC588B24590A1694F0.d.A93B8DB332214ADAF3FDC67B7C10E6DA.e.7015","ELEMENT":"f.AEC6E2FDD01581EC588B24590A1694F0.d.A93B8DB332214ADAF3FDC67B7C10E6DA.e.7015"}]}
RESULT: {}
RESULT: {"script":"<script> [8489 bytes]","args":[{"element-6066-11e4-a52e-4f735466cecf":"f.AEC6E2FDD01581EC588B24590A1694F0.d.A93B8DB332214ADAF3FDC67B7C10E6DA.e.7015","ELEMENT":"f.AEC6E2FDD01581EC588B24590A1694F0.d.A93B8DB332214ADAF3FDC67B7C10E6DA.e.7015"}]}
COMMAND: GET /session/e6919d4f77c7541395a205767add4f2b/element/f.AEC6E2FDD01581EC588B24590A1694F0.d.A93B8DB332214ADAF3FDC67B7C10E6DA.e.7015/text - {}
COMMAND: GET /session/e6919d4f77c7541395a205767add4f2b/screenshot - {}
RESULT: {}
RESULT: {}
COMMAND: POST /session/e6919d4f77c7541395a205767add4f2b/element - {"using":"xpath","value":"//bdi[contains(@id ,\"activeCartId-BDI-content\")]"}
RESULT: {"using":"xpath","value":"//bdi[contains(@id ,\"activeCartId-BDI-content\")]"}
COMMAND: GET /session/e6919d4f77c7541395a205767add4f2b/element/f.AEC6E2FDD01581EC588B24590A1694F0.d.A93B8DB332214ADAF3FDC67B7C10E6DA.e.7016/text - {}
RESULT: {}
COMMAND: POST /session/e6919d4f77c7541395a205767add4f2b/element - {"using":"xpath","value":"//li[@title=\"Exit\"]"}
RESULT: {"using":"xpath","value":"//li[@title=\"Exit\"]"}
COMMAND: POST /session/e6919d4f77c7541395a205767add4f2b/element/f.AEC6E2FDD01581EC588B24590A1694F0.d.A93B8DB332214ADAF3FDC67B7C10E6DA.e.7017/click - {}
RESULT: {}
COMMAND: GET /session/e6919d4f77c7541395a205767add4f2b/screenshot - {}
RESULT: {}
COMMAND: POST /session/e6919d4f77c7541395a205767add4f2b/element - {"using":"css selector","value":"#shell-header-logo"}
RESULT: {"using":"css selector","value":"#shell-header-logo"}
COMMAND: POST /session/e6919d4f77c7541395a205767add4f2b/element/f.AEC6E2FDD01581EC588B24590A1694F0.d.A93B8DB332214ADAF3FDC67B7C10E6DA.e.7027/click - {}
RESULT: {}
COMMAND: GET /session/e6919d4f77c7541395a205767add4f2b/screenshot - {}
RESULT: {}
]]></system-out>
    </testcase>
  </testsuite>
  <testsuite timestamp="2025-06-02T16:30:41" time="194.326" tests="1" failures="0" errors="0" skipped="0">
    <properties>
      <property name="specId" value="0" />
      <property name="suiteName" value=" Webshop - Request management - Verifying the Master List - Filtering /Sorting - Deleting - Creating US151314" />
      <property name="capabilities" value="chrome.136_0_7103_93.windows" />
      <property name="file" value="file:///D:/a/1/s/test/specs/R2C/webshop-request-management-verify-master-list.spec.js" />
    </properties>
    <testcase classname="chrome.136_0_7103_93.windows._Webshop_-_Request_management_-_Verifying_the_Master_List_-_Filtering_/Sorting_-_Deleting_-_Creating_US151314" name="Should navigate to request management in webshop and verify the filters" time="191.051">
      <system-out><![CDATA[
RESULT: undefined
COMMAND: POST /session/e6919d4f77c7541395a205767add4f2b/element - {"using":"xpath","value":"//*[@id=\"__tile49\"]"}
RESULT: {"using":"xpath","value":"//*[@id=\"__tile49\"]"}
COMMAND: POST /session/e6919d4f77c7541395a205767add4f2b/element/f.AEC6E2FDD01581EC588B24590A1694F0.d.A93B8DB332214ADAF3FDC67B7C10E6DA.e.2990/click - {}
RESULT: {}
COMMAND: GET /session/e6919d4f77c7541395a205767add4f2b/screenshot - {}
COMMAND: POST /session/e6919d4f77c7541395a205767add4f2b/elements - {"using":"xpath","value":"//span[text()='Error']"}
RESULT: {}
RESULT: {"using":"xpath","value":"//span[text()='Error']"}
COMMAND: POST /session/e6919d4f77c7541395a205767add4f2b/execute/async - {"script":"<script> [1562 bytes]","args":[{"selector":{"id":"requestCreationDialog--cancelButton","searchOpenDialogs":true,"interaction":{"idSuffix":"BDI-content"}},"wdio_ui5_key":"requestCreationDialogcancelButton"}]}
RESULT: {"script":"<script> [1562 bytes]","args":[{"selector":{"id":"requestCreationDialog--cancelButton","searchOpenDialogs":true,"interaction":{"idSuffix":"BDI-content"}},"wdio_ui5_key":"requestCreationDialogcancelButton"}]}
RESULT: undefined
COMMAND: POST /session/e6919d4f77c7541395a205767add4f2b/element - {"using":"xpath","value":"//*[@id=\"requestCreationDialog--cancelButton\"]"}
RESULT: {"using":"xpath","value":"//*[@id=\"requestCreationDialog--cancelButton\"]"}
COMMAND: POST /session/e6919d4f77c7541395a205767add4f2b/element/f.AEC6E2FDD01581EC588B24590A1694F0.d.A93B8DB332214ADAF3FDC67B7C10E6DA.e.7080/click - {}
RESULT: {}
COMMAND: GET /session/e6919d4f77c7541395a205767add4f2b/screenshot - {}
RESULT: {}
COMMAND: POST /session/e6919d4f77c7541395a205767add4f2b/execute/async - {"script":"<script> [1562 bytes]","args":[{"selector":{"controlType":"sap.tnt.NavigationListItem","viewName":"etm.portal.ui.webshop.view.Homepage","i18NText":{"propertyName":"text","key":"requestsManagement"},"interaction":{"idSuffix":"a"}},"wdio_ui5_key":"etmportal.ui.webshop.view.Homepagesap.tnt.NavigationListItem{\"propertyName\":\"text\",\"key\":\"requestsManagement\"}"}]}
RESULT: {"script":"<script> [1562 bytes]","args":[{"selector":{"controlType":"sap.tnt.NavigationListItem","viewName":"etm.portal.ui.webshop.view.Homepage","i18NText":{"propertyName":"text","key":"requestsManagement"},"interaction":{"idSuffix":"a"}},"wdio_ui5_key":"etmportal.ui.webshop.view.Homepagesap.tnt.NavigationListItem{\"propertyName\":\"text\",\"key\":\"requestsManagement\"}"}]}
RESULT: undefined
COMMAND: POST /session/e6919d4f77c7541395a205767add4f2b/element - {"using":"xpath","value":"//*[@id=\"__item4006\"]"}
RESULT: {"using":"xpath","value":"//*[@id=\"__item4006\"]"}
COMMAND: POST /session/e6919d4f77c7541395a205767add4f2b/element/f.AEC6E2FDD01581EC588B24590A1694F0.d.A93B8DB332214ADAF3FDC67B7C10E6DA.e.7082/click - {}
RESULT: {}
COMMAND: GET /session/e6919d4f77c7541395a205767add4f2b/screenshot - {}
RESULT: {}
COMMAND: POST /session/e6919d4f77c7541395a205767add4f2b/element - {"using":"xpath","value":"//input[contains(@id ,\"smartFilterBar-btnBasicSearch-I\")]"}
RESULT: {"using":"xpath","value":"//input[contains(@id ,\"smartFilterBar-btnBasicSearch-I\")]"}
COMMAND: POST /session/e6919d4f77c7541395a205767add4f2b/element/f.AEC6E2FDD01581EC588B24590A1694F0.d.A93B8DB332214ADAF3FDC67B7C10E6DA.e.7087/clear - {}
RESULT: {}
COMMAND: POST /session/e6919d4f77c7541395a205767add4f2b/element/f.AEC6E2FDD01581EC588B24590A1694F0.d.A93B8DB332214ADAF3FDC67B7C10E6DA.e.7087/value - {"text":"20001"}
COMMAND: GET /session/e6919d4f77c7541395a205767add4f2b/screenshot - {}
RESULT: {"text":"20001"}
COMMAND: GET /session/e6919d4f77c7541395a205767add4f2b/screenshot - {}
RESULT: {}
RESULT: {}
COMMAND: POST /session/e6919d4f77c7541395a205767add4f2b/actions - {"actions":[{"id":"action12","type":"key","parameters":{},"actions":[{"type":"keyDown","value":"î€‡"},{"type":"pause","duration":10},{"type":"keyUp","value":"î€‡"}]}]}
RESULT: {"actions":[{"id":"action12","type":"key","parameters":{},"actions":[{"type":"keyDown","value":"î€‡"},{"type":"pause","duration":10},{"type":"keyUp","value":"î€‡"}]}]}
COMMAND: GET /session/e6919d4f77c7541395a205767add4f2b/screenshot - {}
RESULT: {}
COMMAND: POST /session/e6919d4f77c7541395a205767add4f2b/execute/async - {"script":"<script> [1562 bytes]","args":[{"selector":{"controlType":"sap.m.Title","viewName":"etm.portal.ui.webshop.view.RequestMaster","properties":{"text":"Records (1)"}},"wdio_ui5_key":"etmportal.ui.webshop.view.RequestMastersap.m.Title{\"text\":\"Records (1)\"}"}]}
RESULT: {"script":"<script> [1562 bytes]","args":[{"selector":{"controlType":"sap.m.Title","viewName":"etm.portal.ui.webshop.view.RequestMaster","properties":{"text":"Records (1)"}},"wdio_ui5_key":"etmportal.ui.webshop.view.RequestMastersap.m.Title{\"text\":\"Records (1)\"}"}]}
RESULT: undefined
COMMAND: POST /session/e6919d4f77c7541395a205767add4f2b/execute/async - {"script":"<script> [6424 bytes]","args":[{"element-6066-11e4-a52e-4f735466cecf":"f.AEC6E2FDD01581EC588B24590A1694F0.d.A93B8DB332214ADAF3FDC67B7C10E6DA.e.7170"},"getText",[]]}
RESULT: {"script":"<script> [6424 bytes]","args":[{"element-6066-11e4-a52e-4f735466cecf":"f.AEC6E2FDD01581EC588B24590A1694F0.d.A93B8DB332214ADAF3FDC67B7C10E6DA.e.7170"},"getText",[]]}
COMMAND: POST /session/e6919d4f77c7541395a205767add4f2b/element - {"using":"xpath","value":"//div[contains(@id ,\"smartFilterBar-btnBasicSearch-reset\")]"}
RESULT: {"using":"xpath","value":"//div[contains(@id ,\"smartFilterBar-btnBasicSearch-reset\")]"}
COMMAND: POST /session/e6919d4f77c7541395a205767add4f2b/element/f.AEC6E2FDD01581EC588B24590A1694F0.d.A93B8DB332214ADAF3FDC67B7C10E6DA.e.7171/click - {}
RESULT: {}
COMMAND: GET /session/e6919d4f77c7541395a205767add4f2b/screenshot - {}
RESULT: {}
COMMAND: POST /session/e6919d4f77c7541395a205767add4f2b/element - {"using":"xpath","value":"//input[contains(@id ,\"smartStatusFilter-inner\")]"}
RESULT: {"using":"xpath","value":"//input[contains(@id ,\"smartStatusFilter-inner\")]"}
COMMAND: POST /session/e6919d4f77c7541395a205767add4f2b/element/f.AEC6E2FDD01581EC588B24590A1694F0.d.A93B8DB332214ADAF3FDC67B7C10E6DA.e.7092/clear - {}
RESULT: {}
COMMAND: POST /session/e6919d4f77c7541395a205767add4f2b/element/f.AEC6E2FDD01581EC588B24590A1694F0.d.A93B8DB332214ADAF3FDC67B7C10E6DA.e.7092/value - {"text":"draft"}
COMMAND: GET /session/e6919d4f77c7541395a205767add4f2b/screenshot - {}
RESULT: {"text":"draft"}
COMMAND: GET /session/e6919d4f77c7541395a205767add4f2b/screenshot - {}
RESULT: {}
RESULT: {}
COMMAND: POST /session/e6919d4f77c7541395a205767add4f2b/actions - {"actions":[{"id":"action13","type":"key","parameters":{},"actions":[{"type":"keyDown","value":"î€‡"},{"type":"pause","duration":10},{"type":"keyUp","value":"î€‡"}]}]}
RESULT: {"actions":[{"id":"action13","type":"key","parameters":{},"actions":[{"type":"keyDown","value":"î€‡"},{"type":"pause","duration":10},{"type":"keyUp","value":"î€‡"}]}]}
COMMAND: GET /session/e6919d4f77c7541395a205767add4f2b/screenshot - {}
RESULT: {}
COMMAND: POST /session/e6919d4f77c7541395a205767add4f2b/execute/async - {"script":"<script> [1562 bytes]","args":[{"selector":{"controlType":"sap.m.ObjectStatus","viewName":"etm.portal.ui.webshop.view.RequestMaster","bindingPath":{"propertyPath":"STATUS_DESCRIPTION"}},"wdio_ui5_key":"etmportal.ui.webshop.view.RequestMastersap.m.ObjectStatus{\"propertyPath\":\"STATUS_DESCRIPTION\"}"}]}
RESULT: {"script":"<script> [1562 bytes]","args":[{"selector":{"controlType":"sap.m.ObjectStatus","viewName":"etm.portal.ui.webshop.view.RequestMaster","bindingPath":{"propertyPath":"STATUS_DESCRIPTION"}},"wdio_ui5_key":"etmportal.ui.webshop.view.RequestMastersap.m.ObjectStatus{\"propertyPath\":\"STATUS_DESCRIPTION\"}"}]}
RESULT: undefined
COMMAND: POST /session/e6919d4f77c7541395a205767add4f2b/execute/async - {"script":"<script> [6424 bytes]","args":[{"element-6066-11e4-a52e-4f735466cecf":"f.AEC6E2FDD01581EC588B24590A1694F0.d.A93B8DB332214ADAF3FDC67B7C10E6DA.e.7215"},"getText",[]]}
RESULT: {"script":"<script> [6424 bytes]","args":[{"element-6066-11e4-a52e-4f735466cecf":"f.AEC6E2FDD01581EC588B24590A1694F0.d.A93B8DB332214ADAF3FDC67B7C10E6DA.e.7215"},"getText",[]]}
COMMAND: POST /session/e6919d4f77c7541395a205767add4f2b/element - {"using":"xpath","value":"//span[contains(@title ,\"Remove\")]"}
RESULT: {"using":"xpath","value":"//span[contains(@title ,\"Remove\")]"}
COMMAND: POST /session/e6919d4f77c7541395a205767add4f2b/element/f.AEC6E2FDD01581EC588B24590A1694F0.d.A93B8DB332214ADAF3FDC67B7C10E6DA.e.7216/click - {}
RESULT: {}
COMMAND: GET /session/e6919d4f77c7541395a205767add4f2b/screenshot - {}
RESULT: {}
COMMAND: POST /session/e6919d4f77c7541395a205767add4f2b/element - {"using":"xpath","value":"//input[contains(@id ,\"smartStatusFilter-inner\")]"}
RESULT: {"using":"xpath","value":"//input[contains(@id ,\"smartStatusFilter-inner\")]"}
COMMAND: POST /session/e6919d4f77c7541395a205767add4f2b/element/f.AEC6E2FDD01581EC588B24590A1694F0.d.A93B8DB332214ADAF3FDC67B7C10E6DA.e.7092/clear - {}
RESULT: {}
COMMAND: POST /session/e6919d4f77c7541395a205767add4f2b/element/f.AEC6E2FDD01581EC588B24590A1694F0.d.A93B8DB332214ADAF3FDC67B7C10E6DA.e.7092/value - {"text":"created"}
COMMAND: GET /session/e6919d4f77c7541395a205767add4f2b/screenshot - {}
RESULT: {"text":"created"}
COMMAND: GET /session/e6919d4f77c7541395a205767add4f2b/screenshot - {}
RESULT: {}
RESULT: {}
COMMAND: POST /session/e6919d4f77c7541395a205767add4f2b/actions - {"actions":[{"id":"action14","type":"key","parameters":{},"actions":[{"type":"keyDown","value":"î€‡"},{"type":"pause","duration":10},{"type":"keyUp","value":"î€‡"}]}]}
RESULT: {"actions":[{"id":"action14","type":"key","parameters":{},"actions":[{"type":"keyDown","value":"î€‡"},{"type":"pause","duration":10},{"type":"keyUp","value":"î€‡"}]}]}
COMMAND: GET /session/e6919d4f77c7541395a205767add4f2b/screenshot - {}
RESULT: {}
RESULT: undefined
COMMAND: POST /session/e6919d4f77c7541395a205767add4f2b/execute/async - {"script":"<script> [6424 bytes]","args":[{"element-6066-11e4-a52e-4f735466cecf":"f.AEC6E2FDD01581EC588B24590A1694F0.d.A93B8DB332214ADAF3FDC67B7C10E6DA.e.7215"},"getText",[]]}
COMMAND: POST /session/e6919d4f77c7541395a205767add4f2b/execute/async - {"script":"<script> [1562 bytes]","args":[{"selector":{"controlType":"sap.m.ObjectStatus","viewName":"etm.portal.ui.webshop.view.RequestMaster","bindingPath":{"propertyPath":"STATUS_DESCRIPTION"}},"wdio_ui5_key":"etmportal.ui.webshop.view.RequestMastersap.m.ObjectStatus{\"propertyPath\":\"STATUS_DESCRIPTION\"}"}]}
RESULT: {"script":"<script> [1562 bytes]","args":[{"selector":{"controlType":"sap.m.ObjectStatus","viewName":"etm.portal.ui.webshop.view.RequestMaster","bindingPath":{"propertyPath":"STATUS_DESCRIPTION"}},"wdio_ui5_key":"etmportal.ui.webshop.view.RequestMastersap.m.ObjectStatus{\"propertyPath\":\"STATUS_DESCRIPTION\"}"}]}
COMMAND: POST /session/e6919d4f77c7541395a205767add4f2b/execute/async - {"script":"<script> [6424 bytes]","args":[{"element-6066-11e4-a52e-4f735466cecf":"f.AEC6E2FDD01581EC588B24590A1694F0.d.A93B8DB332214ADAF3FDC67B7C10E6DA.e.7272"},"getText",[]]}
RESULT: {"script":"<script> [6424 bytes]","args":[{"element-6066-11e4-a52e-4f735466cecf":"f.AEC6E2FDD01581EC588B24590A1694F0.d.A93B8DB332214ADAF3FDC67B7C10E6DA.e.7272"},"getText",[]]}
COMMAND: POST /session/e6919d4f77c7541395a205767add4f2b/element - {"using":"xpath","value":"//span[contains(@title ,\"Remove\")]"}
RESULT: {"using":"xpath","value":"//span[contains(@title ,\"Remove\")]"}
COMMAND: POST /session/e6919d4f77c7541395a205767add4f2b/element/f.AEC6E2FDD01581EC588B24590A1694F0.d.A93B8DB332214ADAF3FDC67B7C10E6DA.e.7273/click - {}
RESULT: {}
COMMAND: GET /session/e6919d4f77c7541395a205767add4f2b/screenshot - {}
COMMAND: POST /session/e6919d4f77c7541395a205767add4f2b/execute/async - {"script":"<script> [1562 bytes]","args":[{"selector":{"controlType":"sap.m.Button","viewName":"etm.portal.ui.webshop.view.RequestMaster","properties":{"text":"Filters (1)"},"interaction":{"idSuffix":"BDI-content"}},"wdio_ui5_key":"etmportal.ui.webshop.view.RequestMastersap.m.Button{\"text\":\"Filters (1)\"}"}]}
RESULT: {}
RESULT: {"script":"<script> [1562 bytes]","args":[{"selector":{"controlType":"sap.m.Button","viewName":"etm.portal.ui.webshop.view.RequestMaster","properties":{"text":"Filters (1)"},"interaction":{"idSuffix":"BDI-content"}},"wdio_ui5_key":"etmportal.ui.webshop.view.RequestMastersap.m.Button{\"text\":\"Filters (1)\"}"}]}
RESULT: undefined
COMMAND: POST /session/e6919d4f77c7541395a205767add4f2b/element - {"using":"xpath","value":"//*[@id=\"__xmlview74--smartFilterBar-btnFilters\"]"}
RESULT: {"using":"xpath","value":"//*[@id=\"__xmlview74--smartFilterBar-btnFilters\"]"}
COMMAND: POST /session/e6919d4f77c7541395a205767add4f2b/element/f.AEC6E2FDD01581EC588B24590A1694F0.d.A93B8DB332214ADAF3FDC67B7C10E6DA.e.7108/click - {}
RESULT: {}
COMMAND: GET /session/e6919d4f77c7541395a205767add4f2b/screenshot - {}
RESULT: {}
COMMAND: POST /session/e6919d4f77c7541395a205767add4f2b/element - {"using":"xpath","value":"//input[contains(@id ,\"searchField-I\")]"}
RESULT: {"using":"xpath","value":"//input[contains(@id ,\"searchField-I\")]"}
COMMAND: POST /session/e6919d4f77c7541395a205767add4f2b/element/f.AEC6E2FDD01581EC588B24590A1694F0.d.A93B8DB332214ADAF3FDC67B7C10E6DA.e.7322/clear - {}
RESULT: {}
COMMAND: POST /session/e6919d4f77c7541395a205767add4f2b/element/f.AEC6E2FDD01581EC588B24590A1694F0.d.A93B8DB332214ADAF3FDC67B7C10E6DA.e.7322/value - {"text":"tags"}
COMMAND: GET /session/e6919d4f77c7541395a205767add4f2b/screenshot - {}
RESULT: {"text":"tags"}
COMMAND: GET /session/e6919d4f77c7541395a205767add4f2b/screenshot - {}
RESULT: {}
RESULT: {}
COMMAND: POST /session/e6919d4f77c7541395a205767add4f2b/element - {"using":"xpath","value":"(//div[contains(@id ,\"selectMulti\")][@role=\"checkbox\"])[8]"}
RESULT: {"using":"xpath","value":"(//div[contains(@id ,\"selectMulti\")][@role=\"checkbox\"])[8]"}
COMMAND: POST /session/e6919d4f77c7541395a205767add4f2b/element/f.AEC6E2FDD01581EC588B24590A1694F0.d.A93B8DB332214ADAF3FDC67B7C10E6DA.e.7336/click - {}
RESULT: {}
COMMAND: GET /session/e6919d4f77c7541395a205767add4f2b/screenshot - {}
RESULT: {}
COMMAND: POST /session/e6919d4f77c7541395a205767add4f2b/execute/async - {"script":"<script> [1562 bytes]","args":[{"selector":{"controlType":"sap.m.Button","viewName":"etm.portal.ui.webshop.view.RequestMaster","properties":{"text":"OK"},"searchOpenDialogs":true,"interaction":{"idSuffix":"BDI-content"}},"wdio_ui5_key":"etmportal.ui.webshop.view.RequestMastersap.m.Button{\"text\":\"OK\"}"}]}
RESULT: {"script":"<script> [1562 bytes]","args":[{"selector":{"controlType":"sap.m.Button","viewName":"etm.portal.ui.webshop.view.RequestMaster","properties":{"text":"OK"},"searchOpenDialogs":true,"interaction":{"idSuffix":"BDI-content"}},"wdio_ui5_key":"etmportal.ui.webshop.view.RequestMastersap.m.Button{\"text\":\"OK\"}"}]}
RESULT: undefined
COMMAND: POST /session/e6919d4f77c7541395a205767add4f2b/element - {"using":"xpath","value":"//*[@id=\"__xmlview74--smartFilterBar-adapt-filters-dialog-confirmBtn\"]"}
RESULT: {"using":"xpath","value":"//*[@id=\"__xmlview74--smartFilterBar-adapt-filters-dialog-confirmBtn\"]"}
COMMAND: POST /session/e6919d4f77c7541395a205767add4f2b/element/f.AEC6E2FDD01581EC588B24590A1694F0.d.A93B8DB332214ADAF3FDC67B7C10E6DA.e.7340/click - {}
RESULT: {}
COMMAND: GET /session/e6919d4f77c7541395a205767add4f2b/screenshot - {}
RESULT: {}
COMMAND: POST /session/e6919d4f77c7541395a205767add4f2b/element - {"using":"xpath","value":"//input[contains(@id ,\"smartFilterBar-filterItemControlA_-ALL_TAGS-inner\")]"}
RESULT: {"using":"xpath","value":"//input[contains(@id ,\"smartFilterBar-filterItemControlA_-ALL_TAGS-inner\")]"}
COMMAND: POST /session/e6919d4f77c7541395a205767add4f2b/element/f.AEC6E2FDD01581EC588B24590A1694F0.d.A93B8DB332214ADAF3FDC67B7C10E6DA.e.7348/clear - {}
RESULT: {}
COMMAND: POST /session/e6919d4f77c7541395a205767add4f2b/element/f.AEC6E2FDD01581EC588B24590A1694F0.d.A93B8DB332214ADAF3FDC67B7C10E6DA.e.7348/value - {"text":"tag1"}
COMMAND: GET /session/e6919d4f77c7541395a205767add4f2b/screenshot - {}
RESULT: {"text":"tag1"}
COMMAND: GET /session/e6919d4f77c7541395a205767add4f2b/screenshot - {}
RESULT: {}
RESULT: {}
COMMAND: POST /session/e6919d4f77c7541395a205767add4f2b/actions - {"actions":[{"id":"action15","type":"key","parameters":{},"actions":[{"type":"keyDown","value":"î€‡"},{"type":"pause","duration":10},{"type":"keyUp","value":"î€‡"}]}]}
RESULT: {"actions":[{"id":"action15","type":"key","parameters":{},"actions":[{"type":"keyDown","value":"î€‡"},{"type":"pause","duration":10},{"type":"keyUp","value":"î€‡"}]}]}
COMMAND: GET /session/e6919d4f77c7541395a205767add4f2b/screenshot - {}
RESULT: {}
RESULT: undefined
COMMAND: POST /session/e6919d4f77c7541395a205767add4f2b/execute/async - {"script":"<script> [6424 bytes]","args":[{"element-6066-11e4-a52e-4f735466cecf":"f.AEC6E2FDD01581EC588B24590A1694F0.d.A93B8DB332214ADAF3FDC67B7C10E6DA.e.7170"},"getText",[]]}
RESULT: {"script":"<script> [6424 bytes]","args":[{"element-6066-11e4-a52e-4f735466cecf":"f.AEC6E2FDD01581EC588B24590A1694F0.d.A93B8DB332214ADAF3FDC67B7C10E6DA.e.7170"},"getText",[]]}
COMMAND: POST /session/e6919d4f77c7541395a205767add4f2b/execute/async - {"script":"<script> [1562 bytes]","args":[{"selector":{"controlType":"sap.ui.core.Icon","viewName":"etm.portal.ui.webshop.view.RequestMaster","properties":{"src":{"regex":{"source":"action\\-settings"}}}},"wdio_ui5_key":"etmportal.ui.webshop.view.RequestMastersap.ui.core.Icon{\"src\":{\"regex\":{\"source\":\"action\\\\-settings\"}}}"}]}
RESULT: {"script":"<script> [1562 bytes]","args":[{"selector":{"controlType":"sap.ui.core.Icon","viewName":"etm.portal.ui.webshop.view.RequestMaster","properties":{"src":{"regex":{"source":"action\\-settings"}}}},"wdio_ui5_key":"etmportal.ui.webshop.view.RequestMastersap.ui.core.Icon{\"src\":{\"regex\":{\"source\":\"action\\\\-settings\"}}}"}]}
RESULT: undefined
COMMAND: POST /session/e6919d4f77c7541395a205767add4f2b/element - {"using":"xpath","value":"//*[@id=\"__xmlview74--smartTable-btnPersonalisation-img\"]"}
RESULT: {"using":"xpath","value":"//*[@id=\"__xmlview74--smartTable-btnPersonalisation-img\"]"}
COMMAND: POST /session/e6919d4f77c7541395a205767add4f2b/element/f.AEC6E2FDD01581EC588B24590A1694F0.d.A93B8DB332214ADAF3FDC67B7C10E6DA.e.7131/click - {}
RESULT: {}
COMMAND: GET /session/e6919d4f77c7541395a205767add4f2b/screenshot - {}
RESULT: {}
COMMAND: POST /session/e6919d4f77c7541395a205767add4f2b/element - {"using":"xpath","value":"//input[contains(@id ,\"searchField-I\")]"}
RESULT: {"using":"xpath","value":"//input[contains(@id ,\"searchField-I\")]"}
COMMAND: POST /session/e6919d4f77c7541395a205767add4f2b/element/f.AEC6E2FDD01581EC588B24590A1694F0.d.A93B8DB332214ADAF3FDC67B7C10E6DA.e.7379/clear - {}
RESULT: {}
COMMAND: POST /session/e6919d4f77c7541395a205767add4f2b/element/f.AEC6E2FDD01581EC588B24590A1694F0.d.A93B8DB332214ADAF3FDC67B7C10E6DA.e.7379/value - {"text":"tags"}
COMMAND: GET /session/e6919d4f77c7541395a205767add4f2b/screenshot - {}
RESULT: {"text":"tags"}
COMMAND: GET /session/e6919d4f77c7541395a205767add4f2b/screenshot - {}
RESULT: {}
RESULT: {}
COMMAND: POST /session/e6919d4f77c7541395a205767add4f2b/element - {"using":"xpath","value":"(//div[contains(@id ,\"selectMulti\")][@role=\"checkbox\"])[8]"}
RESULT: {"using":"xpath","value":"(//div[contains(@id ,\"selectMulti\")][@role=\"checkbox\"])[8]"}
COMMAND: POST /session/e6919d4f77c7541395a205767add4f2b/element/f.AEC6E2FDD01581EC588B24590A1694F0.d.A93B8DB332214ADAF3FDC67B7C10E6DA.e.7445/click - {}
RESULT: {}
COMMAND: GET /session/e6919d4f77c7541395a205767add4f2b/screenshot - {}
RESULT: {}
COMMAND: POST /session/e6919d4f77c7541395a205767add4f2b/element - {"using":"xpath","value":"//div[contains(@id ,\"searchField-reset\")]"}
RESULT: {"using":"xpath","value":"//div[contains(@id ,\"searchField-reset\")]"}
COMMAND: POST /session/e6919d4f77c7541395a205767add4f2b/element - {"using":"xpath","value":"//input[contains(@id ,\"searchField-I\")]"}
RESULT: {"using":"xpath","value":"//input[contains(@id ,\"searchField-I\")]"}
COMMAND: POST /session/e6919d4f77c7541395a205767add4f2b/element/f.AEC6E2FDD01581EC588B24590A1694F0.d.A93B8DB332214ADAF3FDC67B7C10E6DA.e.7379/clear - {}
RESULT: {}
COMMAND: POST /session/e6919d4f77c7541395a205767add4f2b/element/f.AEC6E2FDD01581EC588B24590A1694F0.d.A93B8DB332214ADAF3FDC67B7C10E6DA.e.7379/value - {"text":"status"}
COMMAND: GET /session/e6919d4f77c7541395a205767add4f2b/screenshot - {}
RESULT: {"text":"status"}
COMMAND: GET /session/e6919d4f77c7541395a205767add4f2b/screenshot - {}
RESULT: {}
RESULT: {}
COMMAND: POST /session/e6919d4f77c7541395a205767add4f2b/element - {"using":"xpath","value":"(//div[contains(@id ,\"selectMulti\")][@role=\"checkbox\"])[8]"}
RESULT: {"using":"xpath","value":"(//div[contains(@id ,\"selectMulti\")][@role=\"checkbox\"])[8]"}
COMMAND: POST /session/e6919d4f77c7541395a205767add4f2b/element/f.AEC6E2FDD01581EC588B24590A1694F0.d.A93B8DB332214ADAF3FDC67B7C10E6DA.e.7445/click - {}
RESULT: {}
COMMAND: GET /session/e6919d4f77c7541395a205767add4f2b/screenshot - {}
RESULT: {}
COMMAND: POST /session/e6919d4f77c7541395a205767add4f2b/element - {"using":"xpath","value":"//bdi[contains(@id ,\"confirmBtn-BDI-content\")]"}
RESULT: {"using":"xpath","value":"//bdi[contains(@id ,\"confirmBtn-BDI-content\")]"}
COMMAND: POST /session/e6919d4f77c7541395a205767add4f2b/element/f.AEC6E2FDD01581EC588B24590A1694F0.d.A93B8DB332214ADAF3FDC67B7C10E6DA.e.7467/click - {}
RESULT: {}
COMMAND: GET /session/e6919d4f77c7541395a205767add4f2b/screenshot - {}
RESULT: {}
COMMAND: POST /session/e6919d4f77c7541395a205767add4f2b/element - {"using":"xpath","value":"(//span[contains(text(), \"Status\")])[2]"}
RESULT: {"using":"xpath","value":"(//span[contains(text(), \"Status\")])[2]"}
COMMAND: POST /session/e6919d4f77c7541395a205767add4f2b/element - {"using":"xpath","value":"(//span[contains(text(), \"Status\")])[2]"}
RESULT: {"using":"xpath","value":"(//span[contains(text(), \"Status\")])[2]"}
COMMAND: POST /session/e6919d4f77c7541395a205767add4f2b/element - {"using":"xpath","value":"(//bdi[contains(text(), \"Tags\")])[2]"}
RESULT: {"using":"xpath","value":"(//bdi[contains(text(), \"Tags\")])[2]"}
COMMAND: POST /session/e6919d4f77c7541395a205767add4f2b/execute/sync - {"script":"<script> [8489 bytes]","args":[{"element-6066-11e4-a52e-4f735466cecf":"f.AEC6E2FDD01581EC588B24590A1694F0.d.A93B8DB332214ADAF3FDC67B7C10E6DA.e.7474","ELEMENT":"f.AEC6E2FDD01581EC588B24590A1694F0.d.A93B8DB332214ADAF3FDC67B7C10E6DA.e.7474"}]}
RESULT: {"script":"<script> [8489 bytes]","args":[{"element-6066-11e4-a52e-4f735466cecf":"f.AEC6E2FDD01581EC588B24590A1694F0.d.A93B8DB332214ADAF3FDC67B7C10E6DA.e.7474","ELEMENT":"f.AEC6E2FDD01581EC588B24590A1694F0.d.A93B8DB332214ADAF3FDC67B7C10E6DA.e.7474"}]}
COMMAND: POST /session/e6919d4f77c7541395a205767add4f2b/element - {"using":"xpath","value":"//span[contains(@title ,\"Remove\")]"}
COMMAND: GET /session/e6919d4f77c7541395a205767add4f2b/screenshot - {}
RESULT: {"using":"xpath","value":"//span[contains(@title ,\"Remove\")]"}
COMMAND: POST /session/e6919d4f77c7541395a205767add4f2b/element/f.AEC6E2FDD01581EC588B24590A1694F0.d.A93B8DB332214ADAF3FDC67B7C10E6DA.e.7475/click - {}
RESULT: {}
RESULT: {}
COMMAND: GET /session/e6919d4f77c7541395a205767add4f2b/screenshot - {}
RESULT: {}
COMMAND: POST /session/e6919d4f77c7541395a205767add4f2b/element - {"using":"xpath","value":"//button[contains(@id ,\"btnDeleteRequest\")]"}
RESULT: {"using":"xpath","value":"//button[contains(@id ,\"btnDeleteRequest\")]"}
COMMAND: POST /session/e6919d4f77c7541395a205767add4f2b/element - {"using":"xpath","value":"//button[contains(@id ,\"btnDeleteRequest\")]"}
RESULT: {"using":"xpath","value":"//button[contains(@id ,\"btnDeleteRequest\")]"}
COMMAND: POST /session/e6919d4f77c7541395a205767add4f2b/element - {"using":"xpath","value":"(//span[contains(text(), \"Draft\")])[1]"}
RESULT: {"using":"xpath","value":"(//span[contains(text(), \"Draft\")])[1]"}
COMMAND: POST /session/e6919d4f77c7541395a205767add4f2b/element/f.AEC6E2FDD01581EC588B24590A1694F0.d.A93B8DB332214ADAF3FDC67B7C10E6DA.e.7500/click - {}
RESULT: {}
COMMAND: GET /session/e6919d4f77c7541395a205767add4f2b/screenshot - {}
RESULT: {}
COMMAND: POST /session/e6919d4f77c7541395a205767add4f2b/element - {"using":"xpath","value":"//button[contains(@id ,\"btnDeleteRequest\")]"}
RESULT: {"using":"xpath","value":"//button[contains(@id ,\"btnDeleteRequest\")]"}
COMMAND: POST /session/e6919d4f77c7541395a205767add4f2b/execute/sync - {"script":"<script> [8489 bytes]","args":[{"element-6066-11e4-a52e-4f735466cecf":"f.AEC6E2FDD01581EC588B24590A1694F0.d.A93B8DB332214ADAF3FDC67B7C10E6DA.e.7530","ELEMENT":"f.AEC6E2FDD01581EC588B24590A1694F0.d.A93B8DB332214ADAF3FDC67B7C10E6DA.e.7530"}]}
RESULT: {"script":"<script> [8489 bytes]","args":[{"element-6066-11e4-a52e-4f735466cecf":"f.AEC6E2FDD01581EC588B24590A1694F0.d.A93B8DB332214ADAF3FDC67B7C10E6DA.e.7530","ELEMENT":"f.AEC6E2FDD01581EC588B24590A1694F0.d.A93B8DB332214ADAF3FDC67B7C10E6DA.e.7530"}]}
COMMAND: POST /session/e6919d4f77c7541395a205767add4f2b/element - {"using":"xpath","value":"(//span[contains(text(), \"Proposal\")])[1]"}
COMMAND: GET /session/e6919d4f77c7541395a205767add4f2b/screenshot - {}
RESULT: {"using":"xpath","value":"(//span[contains(text(), \"Proposal\")])[1]"}
COMMAND: POST /session/e6919d4f77c7541395a205767add4f2b/element/f.AEC6E2FDD01581EC588B24590A1694F0.d.A93B8DB332214ADAF3FDC67B7C10E6DA.e.7586/click - {}
RESULT: {}
RESULT: {}
COMMAND: GET /session/e6919d4f77c7541395a205767add4f2b/screenshot - {}
RESULT: {}
COMMAND: POST /session/e6919d4f77c7541395a205767add4f2b/execute/sync - {"script":"<script> [8489 bytes]","args":[{"element-6066-11e4-a52e-4f735466cecf":"f.AEC6E2FDD01581EC588B24590A1694F0.d.A93B8DB332214ADAF3FDC67B7C10E6DA.e.7530","ELEMENT":"f.AEC6E2FDD01581EC588B24590A1694F0.d.A93B8DB332214ADAF3FDC67B7C10E6DA.e.7530"}]}
RESULT: {"script":"<script> [8489 bytes]","args":[{"element-6066-11e4-a52e-4f735466cecf":"f.AEC6E2FDD01581EC588B24590A1694F0.d.A93B8DB332214ADAF3FDC67B7C10E6DA.e.7530","ELEMENT":"f.AEC6E2FDD01581EC588B24590A1694F0.d.A93B8DB332214ADAF3FDC67B7C10E6DA.e.7530"}]}
COMMAND: POST /session/e6919d4f77c7541395a205767add4f2b/element - {"using":"xpath","value":"//li[contains(@data-kt ,\"exitWebshopNavigationListItem\")]"}
COMMAND: GET /session/e6919d4f77c7541395a205767add4f2b/screenshot - {}
RESULT: {"using":"xpath","value":"//li[contains(@data-kt ,\"exitWebshopNavigationListItem\")]"}
COMMAND: POST /session/e6919d4f77c7541395a205767add4f2b/element/f.AEC6E2FDD01581EC588B24590A1694F0.d.A93B8DB332214ADAF3FDC67B7C10E6DA.e.7661/click - {}
RESULT: {}
RESULT: {}
COMMAND: GET /session/e6919d4f77c7541395a205767add4f2b/screenshot - {}
RESULT: {}
]]></system-out>
    </testcase>
  </testsuite>
  <testsuite timestamp="2025-06-02T16:33:56" time="142.069" tests="1" failures="1" errors="1" skipped="0">
    <properties>
      <property name="specId" value="0" />
      <property name="suiteName" value="Webshop edit draft change dates pickup and delete items  US151281" />
      <property name="capabilities" value="chrome.136_0_7103_93.windows" />
      <property name="file" value="file:///D:/a/1/s/test/specs/R2C/webshop-edit-draft-dates-pickup-delete-items.spec.js" />
    </properties>
  </testsuite>
  <testsuite timestamp="2025-06-02T16:36:18" time="60.05" tests="1" failures="1" errors="1" skipped="0">
    <properties>
      <property name="specId" value="0" />
      <property name="suiteName" value="Webshop - download csv and pdf - set to proposal and submit a request" />
      <property name="capabilities" value="chrome.136_0_7103_93.windows" />
      <property name="file" value="file:///D:/a/1/s/test/specs/R2C/download-set-to-proposal-and-submit-a-request.spec.js" />
    </properties>
  </testsuite>
</testsuites>