<?xml version="1.0" encoding="UTF-8"?>
<testsuites tests="15" failures="1" errors="1" skipped="0">
  <testsuite timestamp="2025-06-14T15:18:05" time="87.014" tests="2" failures="0" errors="0" skipped="0">
    <properties>
      <property name="specId" value="0"/>
      <property name="suiteName" value="Assign the user test user id to an address"/>
      <property name="capabilities" value="chrome.137_0_7151_69.windows"/>
      <property name="file" value="file:///D:/a/1/s/test/specs/R2C/assign-user-id-to-an-address.spec.js"/>
    </properties>
    <testcase classname="chrome.137_0_7151_69.windows.Assign_the_user_test_user_id_to_an_address" name="Should search for test1ETM create only if not present" time="9.987">
      <system-out><![CDATA[
COMMAND: POST /session/a61471faa2a572325c8c01ea6c194ba1/execute/async - {"script":"<script> [1562 bytes]","args":[{"selector":{"id":"application-addressmanagement-display-component---masterAdm--smartFilterBar-filterItemControl_BASIC-NAME-vhi"},"wdio_ui5_key":"applicationaddressmanagement-display-component---masterAdm--smartFilterBar-filterItemControl_BASIC-NAME-vhi"}]}
RESULT: {"script":"<script> [1562 bytes]","args":[{"selector":{"id":"application-addressmanagement-display-component---masterAdm--smartFilterBar-filterItemControl_BASIC-NAME-vhi"},"wdio_ui5_key":"applicationaddressmanagement-display-component---masterAdm--smartFilterBar-filterItemControl_BASIC-NAME-vhi"}]}
RESULT: undefined
COMMAND: POST /session/a61471faa2a572325c8c01ea6c194ba1/element - {"using":"xpath","value":"//*[@id=\"application-addressmanagement-display-component---masterAdm--smartFilterBar-filterItemControl_BASIC-NAME-vhi\"]"}
RESULT: {"using":"xpath","value":"//*[@id=\"application-addressmanagement-display-component---masterAdm--smartFilterBar-filterItemControl_BASIC-NAME-vhi\"]"}
COMMAND: POST /session/a61471faa2a572325c8c01ea6c194ba1/element/f.E650C83CD3BCDAFFADB668DA9E39007C.d.04AA0D3119EC3D7B79CDBFF92E63C93D.e.303/click - {}
RESULT: {}
COMMAND: POST /session/a61471faa2a572325c8c01ea6c194ba1/execute/async - {"script":"<script> [1562 bytes]","args":[{"selector":{"controlType":"sap.m.Input","viewName":"etm.portal.ui.addressmanagement.view.Master","viewId":"application-addressmanagement-display-component---masterAdm","properties":{"valueState":"None"},"searchOpenDialogs":true,"interaction":{"idSuffix":"inner"}},"wdio_ui5_key":"etmportal.ui.addressmanagement.view.Mastersap.m.Input{\"valueState\":\"None\"}"}]}
COMMAND: GET /session/a61471faa2a572325c8c01ea6c194ba1/screenshot - {}
RESULT: {"script":"<script> [1562 bytes]","args":[{"selector":{"controlType":"sap.m.Input","viewName":"etm.portal.ui.addressmanagement.view.Master","viewId":"application-addressmanagement-display-component---masterAdm","properties":{"valueState":"None"},"searchOpenDialogs":true,"interaction":{"idSuffix":"inner"}},"wdio_ui5_key":"etmportal.ui.addressmanagement.view.Mastersap.m.Input{\"valueState\":\"None\"}"}]}
RESULT: undefined
COMMAND: POST /session/a61471faa2a572325c8c01ea6c194ba1/execute/async - {"script":"<script> [776 bytes]","args":[{"enterText":"Test1ETM","selector":{"controlType":"sap.m.Input","viewName":"etm.portal.ui.addressmanagement.view.Master","viewId":"application-addressmanagement-display-component---masterAdm","properties":{"valueState":"None"},"searchOpenDialogs":true,"interaction":{"idSuffix":"inner"}},"clearTextFirst":true,"interactionType":"ENTER_TEXT"}]}
RESULT: {}
RESULT: {"script":"<script> [776 bytes]","args":[{"enterText":"Test1ETM","selector":{"controlType":"sap.m.Input","viewName":"etm.portal.ui.addressmanagement.view.Master","viewId":"application-addressmanagement-display-component---masterAdm","properties":{"valueState":"None"},"searchOpenDialogs":true,"interaction":{"idSuffix":"inner"}},"clearTextFirst":true,"interactionType":"ENTER_TEXT"}]}
COMMAND: POST /session/a61471faa2a572325c8c01ea6c194ba1/actions - {"actions":[{"id":"action1","type":"key","parameters":{},"actions":[{"type":"keyDown","value":""},{"type":"pause","duration":10},{"type":"keyUp","value":""}]}]}
RESULT: {"actions":[{"id":"action1","type":"key","parameters":{},"actions":[{"type":"keyDown","value":""},{"type":"pause","duration":10},{"type":"keyUp","value":""}]}]}
COMMAND: POST /session/a61471faa2a572325c8c01ea6c194ba1/execute/async - {"script":"<script> [1562 bytes]","args":[{"selector":{"id":"application-addressmanagement-display-component---masterAdm--smartFilterBar-filterItemControl_BASIC-NAME-valueHelpDialog-ok","searchOpenDialogs":true,"interaction":{"idSuffix":"BDI-content"}},"wdio_ui5_key":"applicationaddressmanagement-display-component---masterAdm--smartFilterBar-filterItemControl_BASIC-NAME-valueHelpDialog-ok"}]}
COMMAND: GET /session/a61471faa2a572325c8c01ea6c194ba1/screenshot - {}
RESULT: {"script":"<script> [1562 bytes]","args":[{"selector":{"id":"application-addressmanagement-display-component---masterAdm--smartFilterBar-filterItemControl_BASIC-NAME-valueHelpDialog-ok","searchOpenDialogs":true,"interaction":{"idSuffix":"BDI-content"}},"wdio_ui5_key":"applicationaddressmanagement-display-component---masterAdm--smartFilterBar-filterItemControl_BASIC-NAME-valueHelpDialog-ok"}]}
RESULT: undefined
COMMAND: POST /session/a61471faa2a572325c8c01ea6c194ba1/element - {"using":"xpath","value":"//*[@id=\"application-addressmanagement-display-component---masterAdm--smartFilterBar-filterItemControl_BASIC-NAME-valueHelpDialog-ok\"]"}
RESULT: {}
RESULT: {"using":"xpath","value":"//*[@id=\"application-addressmanagement-display-component---masterAdm--smartFilterBar-filterItemControl_BASIC-NAME-valueHelpDialog-ok\"]"}
COMMAND: POST /session/a61471faa2a572325c8c01ea6c194ba1/element/f.E650C83CD3BCDAFFADB668DA9E39007C.d.04AA0D3119EC3D7B79CDBFF92E63C93D.e.312/click - {}
RESULT: {}
COMMAND: GET /session/a61471faa2a572325c8c01ea6c194ba1/screenshot - {}
RESULT: {}
COMMAND: POST /session/a61471faa2a572325c8c01ea6c194ba1/element - {"using":"xpath","value":"(//span[text()=\"Active\"])[1]"}
RESULT: {"using":"xpath","value":"(//span[text()=\"Active\"])[1]"}
COMMAND: POST /session/a61471faa2a572325c8c01ea6c194ba1/elements - {"using":"xpath","value":"(//span[text()=\"Active\"])[1]"}
RESULT: {"using":"xpath","value":"(//span[text()=\"Active\"])[1]"}
COMMAND: POST /session/a61471faa2a572325c8c01ea6c194ba1/execute/sync - {"script":"<script> [8489 bytes]","args":[{"element-6066-11e4-a52e-4f735466cecf":"f.E650C83CD3BCDAFFADB668DA9E39007C.d.04AA0D3119EC3D7B79CDBFF92E63C93D.e.330","ELEMENT":"f.E650C83CD3BCDAFFADB668DA9E39007C.d.04AA0D3119EC3D7B79CDBFF92E63C93D.e.330"}]}
RESULT: {"script":"<script> [8489 bytes]","args":[{"element-6066-11e4-a52e-4f735466cecf":"f.E650C83CD3BCDAFFADB668DA9E39007C.d.04AA0D3119EC3D7B79CDBFF92E63C93D.e.330","ELEMENT":"f.E650C83CD3BCDAFFADB668DA9E39007C.d.04AA0D3119EC3D7B79CDBFF92E63C93D.e.330"}]}
COMMAND: POST /session/a61471faa2a572325c8c01ea6c194ba1/execute/sync - {"script":"<script> [5351 bytes]","args":[{"element-6066-11e4-a52e-4f735466cecf":"f.E650C83CD3BCDAFFADB668DA9E39007C.d.04AA0D3119EC3D7B79CDBFF92E63C93D.e.330","ELEMENT":"f.E650C83CD3BCDAFFADB668DA9E39007C.d.04AA0D3119EC3D7B79CDBFF92E63C93D.e.330"}]}
COMMAND: GET /session/a61471faa2a572325c8c01ea6c194ba1/screenshot - {}
RESULT: {"script":"<script> [5351 bytes]","args":[{"element-6066-11e4-a52e-4f735466cecf":"f.E650C83CD3BCDAFFADB668DA9E39007C.d.04AA0D3119EC3D7B79CDBFF92E63C93D.e.330","ELEMENT":"f.E650C83CD3BCDAFFADB668DA9E39007C.d.04AA0D3119EC3D7B79CDBFF92E63C93D.e.330"}]}
COMMAND: POST /session/a61471faa2a572325c8c01ea6c194ba1/element/f.E650C83CD3BCDAFFADB668DA9E39007C.d.04AA0D3119EC3D7B79CDBFF92E63C93D.e.330/click - {}
COMMAND: GET /session/a61471faa2a572325c8c01ea6c194ba1/screenshot - {}
RESULT: {}
RESULT: {}
COMMAND: POST /session/a61471faa2a572325c8c01ea6c194ba1/element - {"using":"xpath","value":"//span[@id=\"application-addressmanagement-display-component---detailAdm--addressDetailDetailsName1\"]"}
COMMAND: GET /session/a61471faa2a572325c8c01ea6c194ba1/screenshot - {}
RESULT: {}
RESULT: {"using":"xpath","value":"//span[@id=\"application-addressmanagement-display-component---detailAdm--addressDetailDetailsName1\"]"}
COMMAND: POST /session/a61471faa2a572325c8c01ea6c194ba1/execute/sync - {"script":"<script> [8489 bytes]","args":[{"element-6066-11e4-a52e-4f735466cecf":"f.E650C83CD3BCDAFFADB668DA9E39007C.d.04AA0D3119EC3D7B79CDBFF92E63C93D.e.406","ELEMENT":"f.E650C83CD3BCDAFFADB668DA9E39007C.d.04AA0D3119EC3D7B79CDBFF92E63C93D.e.406"}]}
RESULT: {}
RESULT: {"script":"<script> [8489 bytes]","args":[{"element-6066-11e4-a52e-4f735466cecf":"f.E650C83CD3BCDAFFADB668DA9E39007C.d.04AA0D3119EC3D7B79CDBFF92E63C93D.e.406","ELEMENT":"f.E650C83CD3BCDAFFADB668DA9E39007C.d.04AA0D3119EC3D7B79CDBFF92E63C93D.e.406"}]}
]]></system-out>
    </testcase>
    <testcase classname="chrome.137_0_7151_69.windows.Assign_the_user_test_user_id_to_an_address" name="Should edit the title of the created found address" time="12.708">
      <system-out><![CDATA[
COMMAND: GET /session/a61471faa2a572325c8c01ea6c194ba1/screenshot - {}
COMMAND: POST /session/a61471faa2a572325c8c01ea6c194ba1/execute/async - {"script":"<script> [1562 bytes]","args":[{"selector":{"controlType":"sap.m.Button","viewName":"etm.portal.ui.addressmanagement.view.Detail","viewId":"application-addressmanagement-display-component---detailAdm","i18NText":{"propertyName":"text","key":"edit"}},"wdio_ui5_key":"etmportal.ui.addressmanagement.view.Detailsap.m.Button{\"propertyName\":\"text\",\"key\":\"edit\"}"}]}
RESULT: {}
RESULT: {"script":"<script> [1562 bytes]","args":[{"selector":{"controlType":"sap.m.Button","viewName":"etm.portal.ui.addressmanagement.view.Detail","viewId":"application-addressmanagement-display-component---detailAdm","i18NText":{"propertyName":"text","key":"edit"}},"wdio_ui5_key":"etmportal.ui.addressmanagement.view.Detailsap.m.Button{\"propertyName\":\"text\",\"key\":\"edit\"}"}]}
RESULT: undefined
COMMAND: POST /session/a61471faa2a572325c8c01ea6c194ba1/element - {"using":"xpath","value":"//*[@id=\"__button16\"]"}
RESULT: {"using":"xpath","value":"//*[@id=\"__button16\"]"}
COMMAND: POST /session/a61471faa2a572325c8c01ea6c194ba1/element/f.E650C83CD3BCDAFFADB668DA9E39007C.d.04AA0D3119EC3D7B79CDBFF92E63C93D.e.412/click - {}
RESULT: {}
COMMAND: POST /session/a61471faa2a572325c8c01ea6c194ba1/execute/async - {"script":"<script> [1562 bytes]","args":[{"selector":{"controlType":"sap.ui.core.Icon","viewName":"etm.portal.ui.addressmanagement.view.EditDetail","properties":{"src":{"regex":{"source":"slim\\-arrow\\-down"}}},"ancestor":{"id":"addressTitle","viewName":"etm.portal.ui.addressmanagement.view.EditDetail"}},"wdio_ui5_key":"etmportal.ui.addressmanagement.view.EditDetailsap.ui.core.Icon{\"src\":{\"regex\":{\"source\":\"slim\\\\-arrow\\\\-down\"}}}{\"id\":\"addressTitle\",\"viewName\":\"etm.portal.ui.addressmanagement.view.EditDetail\"}"}]}
COMMAND: GET /session/a61471faa2a572325c8c01ea6c194ba1/screenshot - {}
RESULT: {"script":"<script> [1562 bytes]","args":[{"selector":{"controlType":"sap.ui.core.Icon","viewName":"etm.portal.ui.addressmanagement.view.EditDetail","properties":{"src":{"regex":{"source":"slim\\-arrow\\-down"}}},"ancestor":{"id":"addressTitle","viewName":"etm.portal.ui.addressmanagement.view.EditDetail"}},"wdio_ui5_key":"etmportal.ui.addressmanagement.view.EditDetailsap.ui.core.Icon{\"src\":{\"regex\":{\"source\":\"slim\\\\-arrow\\\\-down\"}}}{\"id\":\"addressTitle\",\"viewName\":\"etm.portal.ui.addressmanagement.view.EditDetail\"}"}]}
RESULT: undefined
COMMAND: POST /session/a61471faa2a572325c8c01ea6c194ba1/element - {"using":"xpath","value":"//*[@id=\"__xmlview59--addressTitle-arrow\"]"}
RESULT: {}
RESULT: {"using":"xpath","value":"//*[@id=\"__xmlview59--addressTitle-arrow\"]"}
COMMAND: POST /session/a61471faa2a572325c8c01ea6c194ba1/element/f.E650C83CD3BCDAFFADB668DA9E39007C.d.04AA0D3119EC3D7B79CDBFF92E63C93D.e.464/click - {}
RESULT: {}
COMMAND: POST /session/a61471faa2a572325c8c01ea6c194ba1/execute/async - {"script":"<script> [1562 bytes]","args":[{"selector":{"controlType":"sap.m.StandardListItem","viewName":"etm.portal.ui.addressmanagement.view.EditDetail","properties":{"title":"Dr."},"searchOpenDialogs":true},"wdio_ui5_key":"etmportal.ui.addressmanagement.view.EditDetailsap.m.StandardListItem{\"title\":\"Dr.\"}"}]}
COMMAND: GET /session/a61471faa2a572325c8c01ea6c194ba1/screenshot - {}
RESULT: {"script":"<script> [1562 bytes]","args":[{"selector":{"controlType":"sap.m.StandardListItem","viewName":"etm.portal.ui.addressmanagement.view.EditDetail","properties":{"title":"Dr."},"searchOpenDialogs":true},"wdio_ui5_key":"etmportal.ui.addressmanagement.view.EditDetailsap.m.StandardListItem{\"title\":\"Dr.\"}"}]}
RESULT: undefined
COMMAND: POST /session/a61471faa2a572325c8c01ea6c194ba1/element - {"using":"xpath","value":"//*[@id=\"__item229\"]"}
RESULT: {}
RESULT: {"using":"xpath","value":"//*[@id=\"__item229\"]"}
COMMAND: POST /session/a61471faa2a572325c8c01ea6c194ba1/element/f.E650C83CD3BCDAFFADB668DA9E39007C.d.04AA0D3119EC3D7B79CDBFF92E63C93D.e.466/click - {}
RESULT: {}
COMMAND: POST /session/a61471faa2a572325c8c01ea6c194ba1/execute/async - {"script":"<script> [1562 bytes]","args":[{"selector":{"controlType":"sap.m.Button","viewName":"etm.portal.ui.addressmanagement.view.EditDetail","i18NText":{"propertyName":"text","key":"save"}},"wdio_ui5_key":"etmportal.ui.addressmanagement.view.EditDetailsap.m.Button{\"propertyName\":\"text\",\"key\":\"save\"}"}]}
COMMAND: GET /session/a61471faa2a572325c8c01ea6c194ba1/screenshot - {}
RESULT: {"script":"<script> [1562 bytes]","args":[{"selector":{"controlType":"sap.m.Button","viewName":"etm.portal.ui.addressmanagement.view.EditDetail","i18NText":{"propertyName":"text","key":"save"}},"wdio_ui5_key":"etmportal.ui.addressmanagement.view.EditDetailsap.m.Button{\"propertyName\":\"text\",\"key\":\"save\"}"}]}
RESULT: undefined
COMMAND: POST /session/a61471faa2a572325c8c01ea6c194ba1/element - {"using":"xpath","value":"//*[@id=\"__button39\"]"}
RESULT: {}
RESULT: {"using":"xpath","value":"//*[@id=\"__button39\"]"}
COMMAND: POST /session/a61471faa2a572325c8c01ea6c194ba1/element/f.E650C83CD3BCDAFFADB668DA9E39007C.d.04AA0D3119EC3D7B79CDBFF92E63C93D.e.467/click - {}
RESULT: {}
COMMAND: GET /session/a61471faa2a572325c8c01ea6c194ba1/screenshot - {}
RESULT: {}
COMMAND: POST /session/a61471faa2a572325c8c01ea6c194ba1/element - {"using":"xpath","value":"//span[@id=\"application-addressmanagement-display-component---detailAdm--addressTitle\"]"}
RESULT: {"using":"xpath","value":"//span[@id=\"application-addressmanagement-display-component---detailAdm--addressTitle\"]"}
COMMAND: GET /session/a61471faa2a572325c8c01ea6c194ba1/element/f.E650C83CD3BCDAFFADB668DA9E39007C.d.04AA0D3119EC3D7B79CDBFF92E63C93D.e.478/text - {}
RESULT: {}
COMMAND: POST /session/a61471faa2a572325c8c01ea6c194ba1/element - {"using":"xpath","value":"//span[@id=\"application-addressmanagement-display-component---detailAdm--addressDetailDetailsName1\"]"}
RESULT: {"using":"xpath","value":"//span[@id=\"application-addressmanagement-display-component---detailAdm--addressDetailDetailsName1\"]"}
COMMAND: GET /session/a61471faa2a572325c8c01ea6c194ba1/element/f.E650C83CD3BCDAFFADB668DA9E39007C.d.04AA0D3119EC3D7B79CDBFF92E63C93D.e.406/text - {}
RESULT: {}
COMMAND: POST /session/a61471faa2a572325c8c01ea6c194ba1/refresh - {}
RESULT: {}
COMMAND: GET /session/a61471faa2a572325c8c01ea6c194ba1/screenshot - {}
RESULT: {}
COMMAND: POST /session/a61471faa2a572325c8c01ea6c194ba1/refresh - {}
RESULT: {}
COMMAND: GET /session/a61471faa2a572325c8c01ea6c194ba1/screenshot - {}
RESULT: {}
COMMAND: POST /session/a61471faa2a572325c8c01ea6c194ba1/window/fullscreen - {}
RESULT: {}
COMMAND: POST /session/a61471faa2a572325c8c01ea6c194ba1/execute/async - {"script":"<script> [189 bytes]","args":[]}
RESULT: {"script":"<script> [189 bytes]","args":[]}
COMMAND: POST /session/a61471faa2a572325c8c01ea6c194ba1/execute/async - {"script":"<script> [123 bytes]","args":[]}
RESULT: {"script":"<script> [123 bytes]","args":[]}
COMMAND: POST /session/a61471faa2a572325c8c01ea6c194ba1/timeouts - {"script":"<number>"}
RESULT: {"script":"<number>"}
COMMAND: GET /session/a61471faa2a572325c8c01ea6c194ba1/timeouts - {}
RESULT: {}
RESULT: undefined
COMMAND: POST /session/a61471faa2a572325c8c01ea6c194ba1/execute/async - {"script":"<script> [2676 bytes]","args":[]}
RESULT: {"script":"<script> [2676 bytes]","args":[]}
COMMAND: POST /session/a61471faa2a572325c8c01ea6c194ba1/execute/async - {"script":"<script> [2342 bytes]","args":[{"protocol":"http","hostname":"0.0.0.0","path":"/","capabilities":{"browserName":"chrome","goog:chromeOptions":{"binary":"C:\\Program Files\\Google\\Chrome\\Application\\chrome.exe","args":["--start-maximized"]}},"logLevel":"warn","connectionRetryTimeout":120000,"connectionRetryCount":3,"logLevels":{},"enableDirectConnect":true,"strictSSL":true,"_":"65 more keys: [\"cacheDir\",\"port\",\"requestedCapabilities\",\"automationProtocol\",\"baseUrl\",\"waitforInterval\",\"waitforTimeout\",\"onReload\",\"beforeCommand\",\"afterCommand\",\"rootDir\",\"specs\",\"suites\",\"exclude\",\"groupLogsByTestSpec\",\"excludeDriverLogs\",\"bail\",\"framework\",\"reporters\",\"services\",\"maxInstances\",\"maxInstancesPerCapability\",\"injectGlobals\",\"filesToWatch\",\"execArgv\",\"runnerEnv\",\"runner\",\"shard\",\"specFileRetries\",\"specFileRetriesDelay\",\"specFileRetriesDeferred\",\"reporterSyncInterval\",\"reporterSyncTimeout\",\"cucumberFeaturesWithLineNumbers\",\"autoCompileOpts\",\"mochaOpts\",\"jasmineOpts\",\"cucumberOpts\",\"onPrepare\",\"onWorkerStart\",\"onWorkerEnd\",\"before\",\"beforeSession\",\"beforeSuite\",\"beforeHook\",\"beforeTest\",\"afterTest\",\"afterHook\",\"afterSuite\",\"afterSession\",\"after\",\"onComplete\",\"beforeAssertion\",\"afterAssertion\",\"beforeFeature\",\"beforeScenario\",\"beforeStep\",\"afterStep\",\"afterScenario\",\"afterFeature\",\"_\",\"suite\",\"$0\",\"ignoredWorkerServices\",\"wdi5\"]"}]}
RESULT: {"script":"<script> [2342 bytes]","args":[{"protocol":"http","hostname":"0.0.0.0","path":"/","capabilities":{"browserName":"chrome","goog:chromeOptions":{"binary":"C:\\Program Files\\Google\\Chrome\\Application\\chrome.exe","args":["--start-maximized"]}},"logLevel":"warn","connectionRetryTimeout":120000,"connectionRetryCount":3,"logLevels":{},"enableDirectConnect":true,"strictSSL":true,"_":"65 more keys: [\"cacheDir\",\"port\",\"requestedCapabilities\",\"automationProtocol\",\"baseUrl\",\"waitforInterval\",\"waitforTimeout\",\"onReload\",\"beforeCommand\",\"afterCommand\",\"rootDir\",\"specs\",\"suites\",\"exclude\",\"groupLogsByTestSpec\",\"excludeDriverLogs\",\"bail\",\"framework\",\"reporters\",\"services\",\"maxInstances\",\"maxInstancesPerCapability\",\"injectGlobals\",\"filesToWatch\",\"execArgv\",\"runnerEnv\",\"runner\",\"shard\",\"specFileRetries\",\"specFileRetriesDelay\",\"specFileRetriesDeferred\",\"reporterSyncInterval\",\"reporterSyncTimeout\",\"cucumberFeaturesWithLineNumbers\",\"autoCompileOpts\",\"mochaOpts\",\"jasmineOpts\",\"cucumberOpts\",\"onPrepare\",\"onWorkerStart\",\"onWorkerEnd\",\"before\",\"beforeSession\",\"beforeSuite\",\"beforeHook\",\"beforeTest\",\"afterTest\",\"afterHook\",\"afterSuite\",\"afterSession\",\"after\",\"onComplete\",\"beforeAssertion\",\"afterAssertion\",\"beforeFeature\",\"beforeScenario\",\"beforeStep\",\"afterStep\",\"afterScenario\",\"afterFeature\",\"_\",\"suite\",\"$0\",\"ignoredWorkerServices\",\"wdi5\"]"}]}
COMMAND: POST /session/a61471faa2a572325c8c01ea6c194ba1/execute/async - {"script":"<script> [21126 bytes]","args":[35000]}
RESULT: {"script":"<script> [21126 bytes]","args":[35000]}
COMMAND: POST /session/a61471faa2a572325c8c01ea6c194ba1/element - {"using":"css selector","value":"#shell-header-logo"}
RESULT: {"using":"css selector","value":"#shell-header-logo"}
COMMAND: POST /session/a61471faa2a572325c8c01ea6c194ba1/element/f.E650C83CD3BCDAFFADB668DA9E39007C.d.392B4B5D7D25EB0F03697C40C3581FC0.e.490/click - {}
RESULT: {}
COMMAND: GET /session/a61471faa2a572325c8c01ea6c194ba1/screenshot - {}
RESULT: {}
COMMAND: POST /session/a61471faa2a572325c8c01ea6c194ba1/execute/async - {"script":"<script> [1562 bytes]","args":[{"selector":{"controlType":"sap.m.GenericTile","properties":{"header":"Manage Yards"}},"wdio_ui5_key":"sapm.GenericTile{\"header\":\"Manage Yards\"}"}]}
RESULT: {"script":"<script> [1562 bytes]","args":[{"selector":{"controlType":"sap.m.GenericTile","properties":{"header":"Manage Yards"}},"wdio_ui5_key":"sapm.GenericTile{\"header\":\"Manage Yards\"}"}]}
RESULT: undefined
COMMAND: POST /session/a61471faa2a572325c8c01ea6c194ba1/element - {"using":"xpath","value":"//*[@id=\"__tile53\"]"}
RESULT: {"using":"xpath","value":"//*[@id=\"__tile53\"]"}
COMMAND: POST /session/a61471faa2a572325c8c01ea6c194ba1/element/f.E650C83CD3BCDAFFADB668DA9E39007C.d.392B4B5D7D25EB0F03697C40C3581FC0.e.742/click - {}
RESULT: {}
COMMAND: GET /session/a61471faa2a572325c8c01ea6c194ba1/screenshot - {}
RESULT: {}
COMMAND: POST /session/a61471faa2a572325c8c01ea6c194ba1/elements - {"using":"xpath","value":"//span[text()='Error']"}
RESULT: {"using":"xpath","value":"//span[text()='Error']"}
]]></system-out>
    </testcase>
  </testsuite>
  <testsuite timestamp="2025-06-14T15:19:32" time="294.25" tests="2" failures="0" errors="0" skipped="0">
    <properties>
      <property name="specId" value="0"/>
      <property name="suiteName" value="Create 2 Yards US112496"/>
      <property name="capabilities" value="chrome.137_0_7151_69.windows"/>
      <property name="file" value="file:///D:/a/1/s/test/specs/R2C/create-yard.spec.js"/>
    </properties>
    <testcase classname="chrome.137_0_7151_69.windows.Create_2_Yards_US112496" name="Should create a new simple yard" time="143.916">
      <system-out><![CDATA[
COMMAND: POST /session/a61471faa2a572325c8c01ea6c194ba1/execute/async - {"script":"<script> [1562 bytes]","args":[{"selector":{"controlType":"sap.ui.core.Icon","viewName":"etm.portal.ui.manageyards.view.Master","viewId":"application-manageyards-display-component---masterYard","properties":{"src":{"regex":{"source":"add"}}}},"wdio_ui5_key":"etmportal.ui.manageyards.view.Mastersap.ui.core.Icon{\"src\":{\"regex\":{\"source\":\"add\"}}}"}]}
RESULT: {"script":"<script> [1562 bytes]","args":[{"selector":{"controlType":"sap.ui.core.Icon","viewName":"etm.portal.ui.manageyards.view.Master","viewId":"application-manageyards-display-component---masterYard","properties":{"src":{"regex":{"source":"add"}}}},"wdio_ui5_key":"etmportal.ui.manageyards.view.Mastersap.ui.core.Icon{\"src\":{\"regex\":{\"source\":\"add\"}}}"}]}
RESULT: undefined
COMMAND: POST /session/a61471faa2a572325c8c01ea6c194ba1/element - {"using":"xpath","value":"//*[@id=\"__button25-img\"]"}
RESULT: {"using":"xpath","value":"//*[@id=\"__button25-img\"]"}
COMMAND: POST /session/a61471faa2a572325c8c01ea6c194ba1/element/f.E650C83CD3BCDAFFADB668DA9E39007C.d.392B4B5D7D25EB0F03697C40C3581FC0.e.788/click - {}
RESULT: {}
COMMAND: GET /session/a61471faa2a572325c8c01ea6c194ba1/screenshot - {}
RESULT: {}
COMMAND: POST /session/a61471faa2a572325c8c01ea6c194ba1/execute/async - {"script":"<script> [1562 bytes]","args":[{"selector":{"id":"application-manageyards-display-component---NewYard--yardId","interaction":{"idSuffix":"inner"}},"wdio_ui5_key":"applicationmanageyards-display-component---NewYard--yardId"}]}
RESULT: {"script":"<script> [1562 bytes]","args":[{"selector":{"id":"application-manageyards-display-component---NewYard--yardId","interaction":{"idSuffix":"inner"}},"wdio_ui5_key":"applicationmanageyards-display-component---NewYard--yardId"}]}
RESULT: undefined
COMMAND: POST /session/a61471faa2a572325c8c01ea6c194ba1/element - {"using":"xpath","value":"//*[@id=\"application-manageyards-display-component---NewYard--addressDetailDetailsName1-inner\"]"}
RESULT: {"using":"xpath","value":"//*[@id=\"application-manageyards-display-component---NewYard--addressDetailDetailsName1-inner\"]"}
COMMAND: POST /session/a61471faa2a572325c8c01ea6c194ba1/element/f.E650C83CD3BCDAFFADB668DA9E39007C.d.392B4B5D7D25EB0F03697C40C3581FC0.e.1013/clear - {}
RESULT: {}
COMMAND: POST /session/a61471faa2a572325c8c01ea6c194ba1/element/f.E650C83CD3BCDAFFADB668DA9E39007C.d.392B4B5D7D25EB0F03697C40C3581FC0.e.1013/value - {"text":"Webdriver Yard c80sp"}
COMMAND: GET /session/a61471faa2a572325c8c01ea6c194ba1/screenshot - {}
RESULT: {"text":"Webdriver Yard c80sp"}
COMMAND: POST /session/a61471faa2a572325c8c01ea6c194ba1/element - {"using":"xpath","value":"//*[@id=\"application-manageyards-display-component---NewYard--addressDetailDetailsLanguage-inner\"]"}
COMMAND: GET /session/a61471faa2a572325c8c01ea6c194ba1/screenshot - {}
RESULT: {}
RESULT: {"using":"xpath","value":"//*[@id=\"application-manageyards-display-component---NewYard--addressDetailDetailsLanguage-inner\"]"}
COMMAND: POST /session/a61471faa2a572325c8c01ea6c194ba1/element/f.E650C83CD3BCDAFFADB668DA9E39007C.d.392B4B5D7D25EB0F03697C40C3581FC0.e.1014/clear - {}
RESULT: {}
RESULT: {}
COMMAND: POST /session/a61471faa2a572325c8c01ea6c194ba1/element/f.E650C83CD3BCDAFFADB668DA9E39007C.d.392B4B5D7D25EB0F03697C40C3581FC0.e.1014/value - {"text":"Romanian"}
COMMAND: GET /session/a61471faa2a572325c8c01ea6c194ba1/screenshot - {}
RESULT: {"text":"Romanian"}
RESULT: {}
COMMAND: GET /session/a61471faa2a572325c8c01ea6c194ba1/screenshot - {}
RESULT: {}
COMMAND: POST /session/a61471faa2a572325c8c01ea6c194ba1/element - {"using":"xpath","value":"//*[@id=\"application-manageyards-display-component---NewYard--addressDetailDetailsCity1-inner\"]"}
RESULT: {"using":"xpath","value":"//*[@id=\"application-manageyards-display-component---NewYard--addressDetailDetailsCity1-inner\"]"}
COMMAND: POST /session/a61471faa2a572325c8c01ea6c194ba1/element/f.E650C83CD3BCDAFFADB668DA9E39007C.d.392B4B5D7D25EB0F03697C40C3581FC0.e.1016/clear - {}
RESULT: {}
COMMAND: POST /session/a61471faa2a572325c8c01ea6c194ba1/element/f.E650C83CD3BCDAFFADB668DA9E39007C.d.392B4B5D7D25EB0F03697C40C3581FC0.e.1016/value - {"text":"Bucuresti"}
COMMAND: GET /session/a61471faa2a572325c8c01ea6c194ba1/screenshot - {}
RESULT: {"text":"Bucuresti"}
COMMAND: GET /session/a61471faa2a572325c8c01ea6c194ba1/screenshot - {}
RESULT: {}
COMMAND: POST /session/a61471faa2a572325c8c01ea6c194ba1/element - {"using":"xpath","value":"//*[@id=\"application-manageyards-display-component---NewYard--addressDetailDetailsCountry-inner\"]"}
RESULT: {}
RESULT: {"using":"xpath","value":"//*[@id=\"application-manageyards-display-component---NewYard--addressDetailDetailsCountry-inner\"]"}
COMMAND: POST /session/a61471faa2a572325c8c01ea6c194ba1/element/f.E650C83CD3BCDAFFADB668DA9E39007C.d.392B4B5D7D25EB0F03697C40C3581FC0.e.1020/clear - {}
RESULT: {}
COMMAND: POST /session/a61471faa2a572325c8c01ea6c194ba1/element/f.E650C83CD3BCDAFFADB668DA9E39007C.d.392B4B5D7D25EB0F03697C40C3581FC0.e.1020/value - {"text":"Romania"}
RESULT: {"text":"Romania"}
COMMAND: GET /session/a61471faa2a572325c8c01ea6c194ba1/screenshot - {}
COMMAND: GET /session/a61471faa2a572325c8c01ea6c194ba1/screenshot - {}
RESULT: {}
RESULT: {}
COMMAND: POST /session/a61471faa2a572325c8c01ea6c194ba1/element - {"using":"xpath","value":"//div[contains(text(), \"Commercial\")]"}
RESULT: {"using":"xpath","value":"//div[contains(text(), \"Commercial\")]"}
COMMAND: GET /session/a61471faa2a572325c8c01ea6c194ba1/element/f.E650C83CD3BCDAFFADB668DA9E39007C.d.392B4B5D7D25EB0F03697C40C3581FC0.e.1211/rect - {}
RESULT: {}
COMMAND: GET /session/a61471faa2a572325c8c01ea6c194ba1/window/rect - {}
RESULT: {}
COMMAND: POST /session/a61471faa2a572325c8c01ea6c194ba1/execute/sync - {"script":"<script> [92 bytes]","args":[]}
RESULT: {"script":"<script> [92 bytes]","args":[]}
COMMAND: POST /session/a61471faa2a572325c8c01ea6c194ba1/actions - {"actions":[{"id":"action2","type":"wheel","parameters":{},"actions":[{"type":"scroll","x":-1825,"y":-44,"deltaX":0,"deltaY":0,"duration":0,"origin":{"element-6066-11e4-a52e-4f735466cecf":"f.E650C83CD3BCDAFFADB668DA9E39007C.d.392B4B5D7D25EB0F03697C40C3581FC0.e.1211"}}]}]}
COMMAND: GET /session/a61471faa2a572325c8c01ea6c194ba1/screenshot - {}
RESULT: {}
COMMAND: POST /session/a61471faa2a572325c8c01ea6c194ba1/execute/sync - {"script":"<script> [79 bytes]","args":[{"element-6066-11e4-a52e-4f735466cecf":"f.E650C83CD3BCDAFFADB668DA9E39007C.d.392B4B5D7D25EB0F03697C40C3581FC0.e.1211","ELEMENT":"f.E650C83CD3BCDAFFADB668DA9E39007C.d.392B4B5D7D25EB0F03697C40C3581FC0.e.1211"},{"block":"start","inline":"nearest"}]}
RESULT: {"script":"<script> [79 bytes]","args":[{"element-6066-11e4-a52e-4f735466cecf":"f.E650C83CD3BCDAFFADB668DA9E39007C.d.392B4B5D7D25EB0F03697C40C3581FC0.e.1211","ELEMENT":"f.E650C83CD3BCDAFFADB668DA9E39007C.d.392B4B5D7D25EB0F03697C40C3581FC0.e.1211"},{"block":"start","inline":"nearest"}]}
COMMAND: GET /session/a61471faa2a572325c8c01ea6c194ba1/screenshot - {}
RESULT: {}
COMMAND: POST /session/a61471faa2a572325c8c01ea6c194ba1/element - {"using":"xpath","value":"//input[@id='application-manageyards-display-component---NewYard--addressEditDetailsCostObjectCstType-inner']"}
RESULT: {"using":"xpath","value":"//input[@id='application-manageyards-display-component---NewYard--addressEditDetailsCostObjectCstType-inner']"}
COMMAND: POST /session/a61471faa2a572325c8c01ea6c194ba1/execute/sync - {"script":"<script> [8489 bytes]","args":[{"element-6066-11e4-a52e-4f735466cecf":"f.E650C83CD3BCDAFFADB668DA9E39007C.d.392B4B5D7D25EB0F03697C40C3581FC0.e.1026","ELEMENT":"f.E650C83CD3BCDAFFADB668DA9E39007C.d.392B4B5D7D25EB0F03697C40C3581FC0.e.1026"}]}
RESULT: {"script":"<script> [8489 bytes]","args":[{"element-6066-11e4-a52e-4f735466cecf":"f.E650C83CD3BCDAFFADB668DA9E39007C.d.392B4B5D7D25EB0F03697C40C3581FC0.e.1026","ELEMENT":"f.E650C83CD3BCDAFFADB668DA9E39007C.d.392B4B5D7D25EB0F03697C40C3581FC0.e.1026"}]}
COMMAND: POST /session/a61471faa2a572325c8c01ea6c194ba1/element/f.E650C83CD3BCDAFFADB668DA9E39007C.d.392B4B5D7D25EB0F03697C40C3581FC0.e.1026/clear - {}
COMMAND: GET /session/a61471faa2a572325c8c01ea6c194ba1/screenshot - {}
RESULT: {}
COMMAND: POST /session/a61471faa2a572325c8c01ea6c194ba1/element/f.E650C83CD3BCDAFFADB668DA9E39007C.d.392B4B5D7D25EB0F03697C40C3581FC0.e.1026/value - {"text":"Cost"}
COMMAND: GET /session/a61471faa2a572325c8c01ea6c194ba1/screenshot - {}
RESULT: {}
RESULT: {"text":"Cost"}
COMMAND: GET /session/a61471faa2a572325c8c01ea6c194ba1/screenshot - {}
RESULT: {}
RESULT: {}
COMMAND: POST /session/a61471faa2a572325c8c01ea6c194ba1/execute/async - {"script":"<script> [1562 bytes]","args":[{"selector":{"id":"application-manageyards-display-component---NewYard--addressNewCostObjectCstID","interaction":{"idSuffix":"inner"}},"wdio_ui5_key":"applicationmanageyards-display-component---NewYard--addressNewCostObjectCstID"}]}
RESULT: {"script":"<script> [1562 bytes]","args":[{"selector":{"id":"application-manageyards-display-component---NewYard--addressNewCostObjectCstID","interaction":{"idSuffix":"inner"}},"wdio_ui5_key":"applicationmanageyards-display-component---NewYard--addressNewCostObjectCstID"}]}
RESULT: undefined
COMMAND: POST /session/a61471faa2a572325c8c01ea6c194ba1/execute/async - {"script":"<script> [776 bytes]","args":[{"enterText":"10001013","selector":{"id":"application-manageyards-display-component---NewYard--addressNewCostObjectCstID","interaction":{"idSuffix":"inner"}},"clearTextFirst":true,"interactionType":"ENTER_TEXT"}]}
RESULT: {"script":"<script> [776 bytes]","args":[{"enterText":"10001013","selector":{"id":"application-manageyards-display-component---NewYard--addressNewCostObjectCstID","interaction":{"idSuffix":"inner"}},"clearTextFirst":true,"interactionType":"ENTER_TEXT"}]}
COMMAND: POST /session/a61471faa2a572325c8c01ea6c194ba1/actions - {"actions":[{"id":"action3","type":"key","parameters":{},"actions":[{"type":"keyDown","value":""},{"type":"pause","duration":10},{"type":"keyUp","value":""}]}]}
RESULT: {"actions":[{"id":"action3","type":"key","parameters":{},"actions":[{"type":"keyDown","value":""},{"type":"pause","duration":10},{"type":"keyUp","value":""}]}]}
COMMAND: GET /session/a61471faa2a572325c8c01ea6c194ba1/screenshot - {}
RESULT: {}
COMMAND: POST /session/a61471faa2a572325c8c01ea6c194ba1/execute/async - {"script":"<script> [1562 bytes]","args":[{"selector":{"controlType":"sap.m.Button","viewName":"etm.portal.ui.manageyards.view.New","viewId":"application-manageyards-display-component---NewYard","i18NText":{"propertyName":"text","key":"save"},"interaction":{"idSuffix":"inner"}},"wdio_ui5_key":"etmportal.ui.manageyards.view.Newsap.m.Button{\"propertyName\":\"text\",\"key\":\"save\"}"}]}
RESULT: {"script":"<script> [1562 bytes]","args":[{"selector":{"controlType":"sap.m.Button","viewName":"etm.portal.ui.manageyards.view.New","viewId":"application-manageyards-display-component---NewYard","i18NText":{"propertyName":"text","key":"save"},"interaction":{"idSuffix":"inner"}},"wdio_ui5_key":"etmportal.ui.manageyards.view.Newsap.m.Button{\"propertyName\":\"text\",\"key\":\"save\"}"}]}
RESULT: undefined
COMMAND: POST /session/a61471faa2a572325c8c01ea6c194ba1/element - {"using":"xpath","value":"//*[@id=\"__button39\"]"}
RESULT: {"using":"xpath","value":"//*[@id=\"__button39\"]"}
COMMAND: POST /session/a61471faa2a572325c8c01ea6c194ba1/element/f.E650C83CD3BCDAFFADB668DA9E39007C.d.392B4B5D7D25EB0F03697C40C3581FC0.e.1191/click - {}
RESULT: {}
COMMAND: GET /session/a61471faa2a572325c8c01ea6c194ba1/screenshot - {}
RESULT: {}
COMMAND: POST /session/a61471faa2a572325c8c01ea6c194ba1/element - {"using":"xpath","value":"//header/div/div/div/div/div/div[2]/div/span"}
RESULT: {"using":"xpath","value":"//header/div/div/div/div/div/div[2]/div/span"}
COMMAND: GET /session/a61471faa2a572325c8c01ea6c194ba1/element/f.E650C83CD3BCDAFFADB668DA9E39007C.d.392B4B5D7D25EB0F03697C40C3581FC0.e.1432/text - {}
RESULT: {}
COMMAND: POST /session/a61471faa2a572325c8c01ea6c194ba1/element - {"using":"xpath","value":"//header/div/div[2]/div[2]/span"}
RESULT: {"using":"xpath","value":"//header/div/div[2]/div[2]/span"}
COMMAND: GET /session/a61471faa2a572325c8c01ea6c194ba1/element/f.E650C83CD3BCDAFFADB668DA9E39007C.d.392B4B5D7D25EB0F03697C40C3581FC0.e.1433/text - {}
RESULT: {}
COMMAND: POST /session/a61471faa2a572325c8c01ea6c194ba1/execute/async - {"script":"<script> [1562 bytes]","args":[{"selector":{"controlType":"sap.m.OverflowToolbarButton","viewName":"etm.portal.ui.manageyards.view.Detail","viewId":"application-manageyards-display-component---detailYard","i18NText":{"propertyName":"tooltip","key":"closeColumn"},"interaction":{"idSuffix":"inner"}},"wdio_ui5_key":"etmportal.ui.manageyards.view.Detailsap.m.OverflowToolbarButton{\"propertyName\":\"tooltip\",\"key\":\"closeColumn\"}"}]}
RESULT: {"script":"<script> [1562 bytes]","args":[{"selector":{"controlType":"sap.m.OverflowToolbarButton","viewName":"etm.portal.ui.manageyards.view.Detail","viewId":"application-manageyards-display-component---detailYard","i18NText":{"propertyName":"tooltip","key":"closeColumn"},"interaction":{"idSuffix":"inner"}},"wdio_ui5_key":"etmportal.ui.manageyards.view.Detailsap.m.OverflowToolbarButton{\"propertyName\":\"tooltip\",\"key\":\"closeColumn\"}"}]}
RESULT: undefined
COMMAND: POST /session/a61471faa2a572325c8c01ea6c194ba1/element - {"using":"xpath","value":"//*[@id=\"__button62\"]"}
RESULT: {"using":"xpath","value":"//*[@id=\"__button62\"]"}
COMMAND: POST /session/a61471faa2a572325c8c01ea6c194ba1/element/f.E650C83CD3BCDAFFADB668DA9E39007C.d.392B4B5D7D25EB0F03697C40C3581FC0.e.1435/click - {}
RESULT: {}
COMMAND: POST /session/a61471faa2a572325c8c01ea6c194ba1/refresh - {}
COMMAND: GET /session/a61471faa2a572325c8c01ea6c194ba1/screenshot - {}
RESULT: {}
RESULT: {}
COMMAND: GET /session/a61471faa2a572325c8c01ea6c194ba1/screenshot - {}
RESULT: {}
COMMAND: POST /session/a61471faa2a572325c8c01ea6c194ba1/refresh - {}
RESULT: {}
COMMAND: GET /session/a61471faa2a572325c8c01ea6c194ba1/screenshot - {}
RESULT: {}
COMMAND: POST /session/a61471faa2a572325c8c01ea6c194ba1/window/fullscreen - {}
RESULT: {}
COMMAND: POST /session/a61471faa2a572325c8c01ea6c194ba1/execute/async - {"script":"<script> [189 bytes]","args":[]}
RESULT: {"script":"<script> [189 bytes]","args":[]}
COMMAND: POST /session/a61471faa2a572325c8c01ea6c194ba1/execute/async - {"script":"<script> [123 bytes]","args":[]}
RESULT: {"script":"<script> [123 bytes]","args":[]}
COMMAND: POST /session/a61471faa2a572325c8c01ea6c194ba1/timeouts - {"script":"<number>"}
RESULT: {"script":"<number>"}
COMMAND: GET /session/a61471faa2a572325c8c01ea6c194ba1/timeouts - {}
RESULT: {}
RESULT: undefined
COMMAND: POST /session/a61471faa2a572325c8c01ea6c194ba1/execute/async - {"script":"<script> [2676 bytes]","args":[]}
RESULT: {"script":"<script> [2676 bytes]","args":[]}
COMMAND: POST /session/a61471faa2a572325c8c01ea6c194ba1/execute/async - {"script":"<script> [2342 bytes]","args":[{"protocol":"http","hostname":"0.0.0.0","path":"/","capabilities":{"browserName":"chrome","goog:chromeOptions":{"binary":"C:\\Program Files\\Google\\Chrome\\Application\\chrome.exe","args":["--start-maximized"]}},"logLevel":"warn","connectionRetryTimeout":120000,"connectionRetryCount":3,"logLevels":{},"enableDirectConnect":true,"strictSSL":true,"_":"65 more keys: [\"cacheDir\",\"port\",\"requestedCapabilities\",\"automationProtocol\",\"baseUrl\",\"waitforInterval\",\"waitforTimeout\",\"onReload\",\"beforeCommand\",\"afterCommand\",\"rootDir\",\"specs\",\"suites\",\"exclude\",\"groupLogsByTestSpec\",\"excludeDriverLogs\",\"bail\",\"framework\",\"reporters\",\"services\",\"maxInstances\",\"maxInstancesPerCapability\",\"injectGlobals\",\"filesToWatch\",\"execArgv\",\"runnerEnv\",\"runner\",\"shard\",\"specFileRetries\",\"specFileRetriesDelay\",\"specFileRetriesDeferred\",\"reporterSyncInterval\",\"reporterSyncTimeout\",\"cucumberFeaturesWithLineNumbers\",\"autoCompileOpts\",\"mochaOpts\",\"jasmineOpts\",\"cucumberOpts\",\"onPrepare\",\"onWorkerStart\",\"onWorkerEnd\",\"before\",\"beforeSession\",\"beforeSuite\",\"beforeHook\",\"beforeTest\",\"afterTest\",\"afterHook\",\"afterSuite\",\"afterSession\",\"after\",\"onComplete\",\"beforeAssertion\",\"afterAssertion\",\"beforeFeature\",\"beforeScenario\",\"beforeStep\",\"afterStep\",\"afterScenario\",\"afterFeature\",\"_\",\"suite\",\"$0\",\"ignoredWorkerServices\",\"wdi5\"]"}]}
RESULT: {"script":"<script> [2342 bytes]","args":[{"protocol":"http","hostname":"0.0.0.0","path":"/","capabilities":{"browserName":"chrome","goog:chromeOptions":{"binary":"C:\\Program Files\\Google\\Chrome\\Application\\chrome.exe","args":["--start-maximized"]}},"logLevel":"warn","connectionRetryTimeout":120000,"connectionRetryCount":3,"logLevels":{},"enableDirectConnect":true,"strictSSL":true,"_":"65 more keys: [\"cacheDir\",\"port\",\"requestedCapabilities\",\"automationProtocol\",\"baseUrl\",\"waitforInterval\",\"waitforTimeout\",\"onReload\",\"beforeCommand\",\"afterCommand\",\"rootDir\",\"specs\",\"suites\",\"exclude\",\"groupLogsByTestSpec\",\"excludeDriverLogs\",\"bail\",\"framework\",\"reporters\",\"services\",\"maxInstances\",\"maxInstancesPerCapability\",\"injectGlobals\",\"filesToWatch\",\"execArgv\",\"runnerEnv\",\"runner\",\"shard\",\"specFileRetries\",\"specFileRetriesDelay\",\"specFileRetriesDeferred\",\"reporterSyncInterval\",\"reporterSyncTimeout\",\"cucumberFeaturesWithLineNumbers\",\"autoCompileOpts\",\"mochaOpts\",\"jasmineOpts\",\"cucumberOpts\",\"onPrepare\",\"onWorkerStart\",\"onWorkerEnd\",\"before\",\"beforeSession\",\"beforeSuite\",\"beforeHook\",\"beforeTest\",\"afterTest\",\"afterHook\",\"afterSuite\",\"afterSession\",\"after\",\"onComplete\",\"beforeAssertion\",\"afterAssertion\",\"beforeFeature\",\"beforeScenario\",\"beforeStep\",\"afterStep\",\"afterScenario\",\"afterFeature\",\"_\",\"suite\",\"$0\",\"ignoredWorkerServices\",\"wdi5\"]"}]}
COMMAND: POST /session/a61471faa2a572325c8c01ea6c194ba1/execute/async - {"script":"<script> [21126 bytes]","args":[35000]}
RESULT: {"script":"<script> [21126 bytes]","args":[35000]}
]]></system-out>
    </testcase>
    <testcase classname="chrome.137_0_7151_69.windows.Create_2_Yards_US112496" name="Should create a WHM yard" time="75.815">
      <system-out><![CDATA[
COMMAND: POST /session/a61471faa2a572325c8c01ea6c194ba1/execute/async - {"script":"<script> [1562 bytes]","args":[{"selector":{"controlType":"sap.ui.core.Icon","viewName":"etm.portal.ui.manageyards.view.Master","viewId":"application-manageyards-display-component---masterYard","properties":{"src":{"regex":{"source":"add"}}}},"wdio_ui5_key":"etmportal.ui.manageyards.view.Mastersap.ui.core.Icon{\"src\":{\"regex\":{\"source\":\"add\"}}}"}]}
RESULT: {"script":"<script> [1562 bytes]","args":[{"selector":{"controlType":"sap.ui.core.Icon","viewName":"etm.portal.ui.manageyards.view.Master","viewId":"application-manageyards-display-component---masterYard","properties":{"src":{"regex":{"source":"add"}}}},"wdio_ui5_key":"etmportal.ui.manageyards.view.Mastersap.ui.core.Icon{\"src\":{\"regex\":{\"source\":\"add\"}}}"}]}
RESULT: undefined
COMMAND: POST /session/a61471faa2a572325c8c01ea6c194ba1/element - {"using":"xpath","value":"//*[@id=\"__button9-img\"]"}
RESULT: {"using":"xpath","value":"//*[@id=\"__button9-img\"]"}
COMMAND: POST /session/a61471faa2a572325c8c01ea6c194ba1/element/f.E650C83CD3BCDAFFADB668DA9E39007C.d.3E2F999B9BA78370F8B39404ADB80066.e.1540/click - {}
RESULT: {}
COMMAND: GET /session/a61471faa2a572325c8c01ea6c194ba1/screenshot - {}
RESULT: {}
COMMAND: POST /session/a61471faa2a572325c8c01ea6c194ba1/execute/async - {"script":"<script> [1562 bytes]","args":[{"selector":{"id":"application-manageyards-display-component---NewYard--yardId","interaction":{"idSuffix":"inner"}},"wdio_ui5_key":"applicationmanageyards-display-component---NewYard--yardId"}]}
RESULT: {"script":"<script> [1562 bytes]","args":[{"selector":{"id":"application-manageyards-display-component---NewYard--yardId","interaction":{"idSuffix":"inner"}},"wdio_ui5_key":"applicationmanageyards-display-component---NewYard--yardId"}]}
RESULT: undefined
COMMAND: POST /session/a61471faa2a572325c8c01ea6c194ba1/element - {"using":"xpath","value":"//*[@id=\"application-manageyards-display-component---NewYard--addressDetailDetailsName1-inner\"]"}
RESULT: {"using":"xpath","value":"//*[@id=\"application-manageyards-display-component---NewYard--addressDetailDetailsName1-inner\"]"}
COMMAND: POST /session/a61471faa2a572325c8c01ea6c194ba1/element/f.E650C83CD3BCDAFFADB668DA9E39007C.d.3E2F999B9BA78370F8B39404ADB80066.e.1685/clear - {}
RESULT: {}
COMMAND: POST /session/a61471faa2a572325c8c01ea6c194ba1/element/f.E650C83CD3BCDAFFADB668DA9E39007C.d.3E2F999B9BA78370F8B39404ADB80066.e.1685/value - {"text":"Webdriver WHM Yard kgdpsi"}
COMMAND: GET /session/a61471faa2a572325c8c01ea6c194ba1/screenshot - {}
RESULT: {"text":"Webdriver WHM Yard kgdpsi"}
COMMAND: POST /session/a61471faa2a572325c8c01ea6c194ba1/element - {"using":"xpath","value":"//*[@id=\"application-manageyards-display-component---NewYard--addressDetailDetailsLanguage-inner\"]"}
COMMAND: GET /session/a61471faa2a572325c8c01ea6c194ba1/screenshot - {}
RESULT: {}
RESULT: {"using":"xpath","value":"//*[@id=\"application-manageyards-display-component---NewYard--addressDetailDetailsLanguage-inner\"]"}
COMMAND: POST /session/a61471faa2a572325c8c01ea6c194ba1/element/f.E650C83CD3BCDAFFADB668DA9E39007C.d.3E2F999B9BA78370F8B39404ADB80066.e.1686/clear - {}
RESULT: {}
RESULT: {}
COMMAND: POST /session/a61471faa2a572325c8c01ea6c194ba1/element/f.E650C83CD3BCDAFFADB668DA9E39007C.d.3E2F999B9BA78370F8B39404ADB80066.e.1686/value - {"text":"Romanian"}
COMMAND: GET /session/a61471faa2a572325c8c01ea6c194ba1/screenshot - {}
RESULT: {"text":"Romanian"}
RESULT: {}
COMMAND: GET /session/a61471faa2a572325c8c01ea6c194ba1/screenshot - {}
RESULT: {}
COMMAND: POST /session/a61471faa2a572325c8c01ea6c194ba1/element - {"using":"xpath","value":"//*[@id=\"application-manageyards-display-component---NewYard--addressDetailDetailsCity1-inner\"]"}
RESULT: {"using":"xpath","value":"//*[@id=\"application-manageyards-display-component---NewYard--addressDetailDetailsCity1-inner\"]"}
COMMAND: POST /session/a61471faa2a572325c8c01ea6c194ba1/element/f.E650C83CD3BCDAFFADB668DA9E39007C.d.3E2F999B9BA78370F8B39404ADB80066.e.1688/clear - {}
RESULT: {}
COMMAND: POST /session/a61471faa2a572325c8c01ea6c194ba1/element/f.E650C83CD3BCDAFFADB668DA9E39007C.d.3E2F999B9BA78370F8B39404ADB80066.e.1688/value - {"text":"Bucuresti"}
COMMAND: GET /session/a61471faa2a572325c8c01ea6c194ba1/screenshot - {}
RESULT: {"text":"Bucuresti"}
COMMAND: GET /session/a61471faa2a572325c8c01ea6c194ba1/screenshot - {}
RESULT: {}
RESULT: {}
COMMAND: POST /session/a61471faa2a572325c8c01ea6c194ba1/element - {"using":"xpath","value":"//*[@id=\"application-manageyards-display-component---NewYard--addressDetailDetailsCountry-inner\"]"}
RESULT: {"using":"xpath","value":"//*[@id=\"application-manageyards-display-component---NewYard--addressDetailDetailsCountry-inner\"]"}
COMMAND: POST /session/a61471faa2a572325c8c01ea6c194ba1/element/f.E650C83CD3BCDAFFADB668DA9E39007C.d.3E2F999B9BA78370F8B39404ADB80066.e.1692/clear - {}
RESULT: {}
COMMAND: POST /session/a61471faa2a572325c8c01ea6c194ba1/element/f.E650C83CD3BCDAFFADB668DA9E39007C.d.3E2F999B9BA78370F8B39404ADB80066.e.1692/value - {"text":"Romania"}
COMMAND: GET /session/a61471faa2a572325c8c01ea6c194ba1/screenshot - {}
RESULT: {"text":"Romania"}
COMMAND: GET /session/a61471faa2a572325c8c01ea6c194ba1/screenshot - {}
RESULT: {}
RESULT: {}
COMMAND: POST /session/a61471faa2a572325c8c01ea6c194ba1/execute/async - {"script":"<script> [1562 bytes]","args":[{"selector":{"controlType":"sap.m.Button","viewName":"etm.portal.ui.manageyards.view.New","viewId":"application-manageyards-display-component---NewYard","properties":{"text":"Commercial"},"interaction":{"idSuffix":"BDI-content"}},"wdio_ui5_key":"etmportal.ui.manageyards.view.Newsap.m.Button{\"text\":\"Commercial\"}"}]}
RESULT: {"script":"<script> [1562 bytes]","args":[{"selector":{"controlType":"sap.m.Button","viewName":"etm.portal.ui.manageyards.view.New","viewId":"application-manageyards-display-component---NewYard","properties":{"text":"Commercial"},"interaction":{"idSuffix":"BDI-content"}},"wdio_ui5_key":"etmportal.ui.manageyards.view.Newsap.m.Button{\"text\":\"Commercial\"}"}]}
RESULT: undefined
COMMAND: POST /session/a61471faa2a572325c8c01ea6c194ba1/element - {"using":"xpath","value":"//*[@id=\"application-manageyards-display-component---NewYard--ObjectPageLayout-anchBar-__section18-anchor\"]"}
RESULT: {"using":"xpath","value":"//*[@id=\"application-manageyards-display-component---NewYard--ObjectPageLayout-anchBar-__section18-anchor\"]"}
COMMAND: POST /session/a61471faa2a572325c8c01ea6c194ba1/element/f.E650C83CD3BCDAFFADB668DA9E39007C.d.3E2F999B9BA78370F8B39404ADB80066.e.1835/click - {}
RESULT: {}
COMMAND: GET /session/a61471faa2a572325c8c01ea6c194ba1/screenshot - {}
RESULT: {}
COMMAND: POST /session/a61471faa2a572325c8c01ea6c194ba1/element - {"using":"xpath","value":"//input[@id='application-manageyards-display-component---NewYard--addressEditDetailsCostObjectCstType-inner']"}
RESULT: {"using":"xpath","value":"//input[@id='application-manageyards-display-component---NewYard--addressEditDetailsCostObjectCstType-inner']"}
COMMAND: POST /session/a61471faa2a572325c8c01ea6c194ba1/execute/sync - {"script":"<script> [8489 bytes]","args":[{"element-6066-11e4-a52e-4f735466cecf":"f.E650C83CD3BCDAFFADB668DA9E39007C.d.3E2F999B9BA78370F8B39404ADB80066.e.1698","ELEMENT":"f.E650C83CD3BCDAFFADB668DA9E39007C.d.3E2F999B9BA78370F8B39404ADB80066.e.1698"}]}
RESULT: {"script":"<script> [8489 bytes]","args":[{"element-6066-11e4-a52e-4f735466cecf":"f.E650C83CD3BCDAFFADB668DA9E39007C.d.3E2F999B9BA78370F8B39404ADB80066.e.1698","ELEMENT":"f.E650C83CD3BCDAFFADB668DA9E39007C.d.3E2F999B9BA78370F8B39404ADB80066.e.1698"}]}
COMMAND: POST /session/a61471faa2a572325c8c01ea6c194ba1/element/f.E650C83CD3BCDAFFADB668DA9E39007C.d.3E2F999B9BA78370F8B39404ADB80066.e.1698/clear - {}
COMMAND: GET /session/a61471faa2a572325c8c01ea6c194ba1/screenshot - {}
RESULT: {}
COMMAND: POST /session/a61471faa2a572325c8c01ea6c194ba1/element/f.E650C83CD3BCDAFFADB668DA9E39007C.d.3E2F999B9BA78370F8B39404ADB80066.e.1698/value - {"text":"Cost"}
COMMAND: GET /session/a61471faa2a572325c8c01ea6c194ba1/screenshot - {}
RESULT: {}
RESULT: {"text":"Cost"}
COMMAND: GET /session/a61471faa2a572325c8c01ea6c194ba1/screenshot - {}
RESULT: {}
RESULT: {}
COMMAND: POST /session/a61471faa2a572325c8c01ea6c194ba1/execute/async - {"script":"<script> [1562 bytes]","args":[{"selector":{"id":"application-manageyards-display-component---NewYard--addressNewCostObjectCstID","interaction":{"idSuffix":"inner"}},"wdio_ui5_key":"applicationmanageyards-display-component---NewYard--addressNewCostObjectCstID"}]}
RESULT: {"script":"<script> [1562 bytes]","args":[{"selector":{"id":"application-manageyards-display-component---NewYard--addressNewCostObjectCstID","interaction":{"idSuffix":"inner"}},"wdio_ui5_key":"applicationmanageyards-display-component---NewYard--addressNewCostObjectCstID"}]}
RESULT: undefined
COMMAND: POST /session/a61471faa2a572325c8c01ea6c194ba1/execute/async - {"script":"<script> [776 bytes]","args":[{"enterText":"10001013","selector":{"id":"application-manageyards-display-component---NewYard--addressNewCostObjectCstID","interaction":{"idSuffix":"inner"}},"clearTextFirst":true,"interactionType":"ENTER_TEXT"}]}
RESULT: {"script":"<script> [776 bytes]","args":[{"enterText":"10001013","selector":{"id":"application-manageyards-display-component---NewYard--addressNewCostObjectCstID","interaction":{"idSuffix":"inner"}},"clearTextFirst":true,"interactionType":"ENTER_TEXT"}]}
COMMAND: POST /session/a61471faa2a572325c8c01ea6c194ba1/actions - {"actions":[{"id":"action4","type":"key","parameters":{},"actions":[{"type":"keyDown","value":""},{"type":"pause","duration":10},{"type":"keyUp","value":""}]}]}
RESULT: {"actions":[{"id":"action4","type":"key","parameters":{},"actions":[{"type":"keyDown","value":""},{"type":"pause","duration":10},{"type":"keyUp","value":""}]}]}
COMMAND: POST /session/a61471faa2a572325c8c01ea6c194ba1/execute/async - {"script":"<script> [1562 bytes]","args":[{"selector":{"id":"application-manageyards-display-component---NewYard--addressEditDetailsCurrency","interaction":{"idSuffix":"inner"}},"wdio_ui5_key":"applicationmanageyards-display-component---NewYard--addressEditDetailsCurrency"}]}
COMMAND: GET /session/a61471faa2a572325c8c01ea6c194ba1/screenshot - {}
RESULT: {"script":"<script> [1562 bytes]","args":[{"selector":{"id":"application-manageyards-display-component---NewYard--addressEditDetailsCurrency","interaction":{"idSuffix":"inner"}},"wdio_ui5_key":"applicationmanageyards-display-component---NewYard--addressEditDetailsCurrency"}]}
RESULT: undefined
COMMAND: POST /session/a61471faa2a572325c8c01ea6c194ba1/execute/async - {"script":"<script> [776 bytes]","args":[{"enterText":"Euro","selector":{"id":"application-manageyards-display-component---NewYard--addressEditDetailsCurrency","interaction":{"idSuffix":"inner"}},"clearTextFirst":true,"interactionType":"ENTER_TEXT"}]}
RESULT: {}
RESULT: {"script":"<script> [776 bytes]","args":[{"enterText":"Euro","selector":{"id":"application-manageyards-display-component---NewYard--addressEditDetailsCurrency","interaction":{"idSuffix":"inner"}},"clearTextFirst":true,"interactionType":"ENTER_TEXT"}]}
COMMAND: POST /session/a61471faa2a572325c8c01ea6c194ba1/execute/async - {"script":"<script> [1562 bytes]","args":[{"selector":{"controlType":"sap.m.Input","viewName":"etm.portal.ui.manageyards.view.New","viewId":"application-manageyards-display-component---NewYard","bindingPath":{"path":"","propertyPath":"/CONTROLLING_AREA","modelName":"NewYardModel"},"interaction":{"idSuffix":"inner"}},"wdio_ui5_key":"etmportal.ui.manageyards.view.Newsap.m.Input{\"path\":\"\",\"propertyPath\":\"/CONTROLLING_AREA\",\"modelName\":\"NewYardModel\"}"}]}
RESULT: {"script":"<script> [1562 bytes]","args":[{"selector":{"controlType":"sap.m.Input","viewName":"etm.portal.ui.manageyards.view.New","viewId":"application-manageyards-display-component---NewYard","bindingPath":{"path":"","propertyPath":"/CONTROLLING_AREA","modelName":"NewYardModel"},"interaction":{"idSuffix":"inner"}},"wdio_ui5_key":"etmportal.ui.manageyards.view.Newsap.m.Input{\"path\":\"\",\"propertyPath\":\"/CONTROLLING_AREA\",\"modelName\":\"NewYardModel\"}"}]}
RESULT: undefined
COMMAND: POST /session/a61471faa2a572325c8c01ea6c194ba1/execute/async - {"script":"<script> [776 bytes]","args":[{"enterText":"Z001","selector":{"controlType":"sap.m.Input","viewName":"etm.portal.ui.manageyards.view.New","viewId":"application-manageyards-display-component---NewYard","bindingPath":{"path":"","propertyPath":"/CONTROLLING_AREA","modelName":"NewYardModel"},"interaction":{"idSuffix":"inner"}},"clearTextFirst":true,"interactionType":"ENTER_TEXT"}]}
RESULT: {"script":"<script> [776 bytes]","args":[{"enterText":"Z001","selector":{"controlType":"sap.m.Input","viewName":"etm.portal.ui.manageyards.view.New","viewId":"application-manageyards-display-component---NewYard","bindingPath":{"path":"","propertyPath":"/CONTROLLING_AREA","modelName":"NewYardModel"},"interaction":{"idSuffix":"inner"}},"clearTextFirst":true,"interactionType":"ENTER_TEXT"}]}
COMMAND: POST /session/a61471faa2a572325c8c01ea6c194ba1/execute/async - {"script":"<script> [1562 bytes]","args":[{"selector":{"id":"application-manageyards-display-component---NewYard--companyCodeComboBox","interaction":{"idSuffix":"inner"}},"wdio_ui5_key":"applicationmanageyards-display-component---NewYard--companyCodeComboBox"}]}
RESULT: {"script":"<script> [1562 bytes]","args":[{"selector":{"id":"application-manageyards-display-component---NewYard--companyCodeComboBox","interaction":{"idSuffix":"inner"}},"wdio_ui5_key":"applicationmanageyards-display-component---NewYard--companyCodeComboBox"}]}
RESULT: undefined
COMMAND: POST /session/a61471faa2a572325c8c01ea6c194ba1/execute/async - {"script":"<script> [776 bytes]","args":[{"enterText":"1000","selector":{"id":"application-manageyards-display-component---NewYard--companyCodeComboBox","interaction":{"idSuffix":"inner"}},"clearTextFirst":true,"interactionType":"ENTER_TEXT"}]}
RESULT: {"script":"<script> [776 bytes]","args":[{"enterText":"1000","selector":{"id":"application-manageyards-display-component---NewYard--companyCodeComboBox","interaction":{"idSuffix":"inner"}},"clearTextFirst":true,"interactionType":"ENTER_TEXT"}]}
COMMAND: POST /session/a61471faa2a572325c8c01ea6c194ba1/actions - {"actions":[{"id":"action5","type":"key","parameters":{},"actions":[{"type":"keyDown","value":""},{"type":"pause","duration":10},{"type":"keyUp","value":""}]}]}
RESULT: {"actions":[{"id":"action5","type":"key","parameters":{},"actions":[{"type":"keyDown","value":""},{"type":"pause","duration":10},{"type":"keyUp","value":""}]}]}
COMMAND: POST /session/a61471faa2a572325c8c01ea6c194ba1/execute/async - {"script":"<script> [1562 bytes]","args":[{"selector":{"controlType":"sap.m.Input","viewName":"etm.portal.ui.manageyards.view.New","viewId":"application-manageyards-display-component---NewYard","bindingPath":{"path":"","propertyPath":"/PLANT","modelName":"NewYardModel"},"interaction":{"idSuffix":"inner"}},"wdio_ui5_key":"etmportal.ui.manageyards.view.Newsap.m.Input{\"path\":\"\",\"propertyPath\":\"/PLANT\",\"modelName\":\"NewYardModel\"}"}]}
COMMAND: GET /session/a61471faa2a572325c8c01ea6c194ba1/screenshot - {}
RESULT: {"script":"<script> [1562 bytes]","args":[{"selector":{"controlType":"sap.m.Input","viewName":"etm.portal.ui.manageyards.view.New","viewId":"application-manageyards-display-component---NewYard","bindingPath":{"path":"","propertyPath":"/PLANT","modelName":"NewYardModel"},"interaction":{"idSuffix":"inner"}},"wdio_ui5_key":"etmportal.ui.manageyards.view.Newsap.m.Input{\"path\":\"\",\"propertyPath\":\"/PLANT\",\"modelName\":\"NewYardModel\"}"}]}
RESULT: undefined
COMMAND: POST /session/a61471faa2a572325c8c01ea6c194ba1/execute/async - {"script":"<script> [776 bytes]","args":[{"enterText":"1001","selector":{"controlType":"sap.m.Input","viewName":"etm.portal.ui.manageyards.view.New","viewId":"application-manageyards-display-component---NewYard","bindingPath":{"path":"","propertyPath":"/PLANT","modelName":"NewYardModel"},"interaction":{"idSuffix":"inner"}},"clearTextFirst":true,"interactionType":"ENTER_TEXT"}]}
RESULT: {}
RESULT: {"script":"<script> [776 bytes]","args":[{"enterText":"1001","selector":{"controlType":"sap.m.Input","viewName":"etm.portal.ui.manageyards.view.New","viewId":"application-manageyards-display-component---NewYard","bindingPath":{"path":"","propertyPath":"/PLANT","modelName":"NewYardModel"},"interaction":{"idSuffix":"inner"}},"clearTextFirst":true,"interactionType":"ENTER_TEXT"}]}
COMMAND: POST /session/a61471faa2a572325c8c01ea6c194ba1/execute/async - {"script":"<script> [1562 bytes]","args":[{"selector":{"controlType":"sap.m.Input","viewName":"etm.portal.ui.manageyards.view.New","viewId":"application-manageyards-display-component---NewYard","bindingPath":{"path":"","propertyPath":"/SALES_AREA_VKORG","modelName":"NewYardModel"},"interaction":{"idSuffix":"inner"}},"wdio_ui5_key":"etmportal.ui.manageyards.view.Newsap.m.Input{\"path\":\"\",\"propertyPath\":\"/SALES_AREA_VKORG\",\"modelName\":\"NewYardModel\"}"}]}
RESULT: {"script":"<script> [1562 bytes]","args":[{"selector":{"controlType":"sap.m.Input","viewName":"etm.portal.ui.manageyards.view.New","viewId":"application-manageyards-display-component---NewYard","bindingPath":{"path":"","propertyPath":"/SALES_AREA_VKORG","modelName":"NewYardModel"},"interaction":{"idSuffix":"inner"}},"wdio_ui5_key":"etmportal.ui.manageyards.view.Newsap.m.Input{\"path\":\"\",\"propertyPath\":\"/SALES_AREA_VKORG\",\"modelName\":\"NewYardModel\"}"}]}
RESULT: undefined
COMMAND: POST /session/a61471faa2a572325c8c01ea6c194ba1/execute/async - {"script":"<script> [776 bytes]","args":[{"enterText":"C002","selector":{"controlType":"sap.m.Input","viewName":"etm.portal.ui.manageyards.view.New","viewId":"application-manageyards-display-component---NewYard","bindingPath":{"path":"","propertyPath":"/SALES_AREA_VKORG","modelName":"NewYardModel"},"interaction":{"idSuffix":"inner"}},"clearTextFirst":true,"interactionType":"ENTER_TEXT"}]}
RESULT: {"script":"<script> [776 bytes]","args":[{"enterText":"C002","selector":{"controlType":"sap.m.Input","viewName":"etm.portal.ui.manageyards.view.New","viewId":"application-manageyards-display-component---NewYard","bindingPath":{"path":"","propertyPath":"/SALES_AREA_VKORG","modelName":"NewYardModel"},"interaction":{"idSuffix":"inner"}},"clearTextFirst":true,"interactionType":"ENTER_TEXT"}]}
COMMAND: POST /session/a61471faa2a572325c8c01ea6c194ba1/execute/async - {"script":"<script> [1562 bytes]","args":[{"selector":{"controlType":"sap.m.Input","viewName":"etm.portal.ui.manageyards.view.New","viewId":"application-manageyards-display-component---NewYard","bindingPath":{"path":"","propertyPath":"/SALES_AREA_VTWEG","modelName":"NewYardModel"},"interaction":{"idSuffix":"inner"}},"wdio_ui5_key":"etmportal.ui.manageyards.view.Newsap.m.Input{\"path\":\"\",\"propertyPath\":\"/SALES_AREA_VTWEG\",\"modelName\":\"NewYardModel\"}"}]}
RESULT: {"script":"<script> [1562 bytes]","args":[{"selector":{"controlType":"sap.m.Input","viewName":"etm.portal.ui.manageyards.view.New","viewId":"application-manageyards-display-component---NewYard","bindingPath":{"path":"","propertyPath":"/SALES_AREA_VTWEG","modelName":"NewYardModel"},"interaction":{"idSuffix":"inner"}},"wdio_ui5_key":"etmportal.ui.manageyards.view.Newsap.m.Input{\"path\":\"\",\"propertyPath\":\"/SALES_AREA_VTWEG\",\"modelName\":\"NewYardModel\"}"}]}
RESULT: undefined
COMMAND: POST /session/a61471faa2a572325c8c01ea6c194ba1/execute/async - {"script":"<script> [776 bytes]","args":[{"enterText":"C2","selector":{"controlType":"sap.m.Input","viewName":"etm.portal.ui.manageyards.view.New","viewId":"application-manageyards-display-component---NewYard","bindingPath":{"path":"","propertyPath":"/SALES_AREA_VTWEG","modelName":"NewYardModel"},"interaction":{"idSuffix":"inner"}},"clearTextFirst":true,"interactionType":"ENTER_TEXT"}]}
RESULT: {"script":"<script> [776 bytes]","args":[{"enterText":"C2","selector":{"controlType":"sap.m.Input","viewName":"etm.portal.ui.manageyards.view.New","viewId":"application-manageyards-display-component---NewYard","bindingPath":{"path":"","propertyPath":"/SALES_AREA_VTWEG","modelName":"NewYardModel"},"interaction":{"idSuffix":"inner"}},"clearTextFirst":true,"interactionType":"ENTER_TEXT"}]}
COMMAND: POST /session/a61471faa2a572325c8c01ea6c194ba1/execute/async - {"script":"<script> [1562 bytes]","args":[{"selector":{"controlType":"sap.m.Input","viewName":"etm.portal.ui.manageyards.view.New","viewId":"application-manageyards-display-component---NewYard","bindingPath":{"path":"","propertyPath":"/SALES_AREA_SPART","modelName":"NewYardModel"},"interaction":{"idSuffix":"inner"}},"wdio_ui5_key":"etmportal.ui.manageyards.view.Newsap.m.Input{\"path\":\"\",\"propertyPath\":\"/SALES_AREA_SPART\",\"modelName\":\"NewYardModel\"}"}]}
RESULT: {"script":"<script> [1562 bytes]","args":[{"selector":{"controlType":"sap.m.Input","viewName":"etm.portal.ui.manageyards.view.New","viewId":"application-manageyards-display-component---NewYard","bindingPath":{"path":"","propertyPath":"/SALES_AREA_SPART","modelName":"NewYardModel"},"interaction":{"idSuffix":"inner"}},"wdio_ui5_key":"etmportal.ui.manageyards.view.Newsap.m.Input{\"path\":\"\",\"propertyPath\":\"/SALES_AREA_SPART\",\"modelName\":\"NewYardModel\"}"}]}
RESULT: undefined
COMMAND: POST /session/a61471faa2a572325c8c01ea6c194ba1/execute/async - {"script":"<script> [776 bytes]","args":[{"enterText":"C2","selector":{"controlType":"sap.m.Input","viewName":"etm.portal.ui.manageyards.view.New","viewId":"application-manageyards-display-component---NewYard","bindingPath":{"path":"","propertyPath":"/SALES_AREA_SPART","modelName":"NewYardModel"},"interaction":{"idSuffix":"inner"}},"clearTextFirst":true,"interactionType":"ENTER_TEXT"}]}
RESULT: {"script":"<script> [776 bytes]","args":[{"enterText":"C2","selector":{"controlType":"sap.m.Input","viewName":"etm.portal.ui.manageyards.view.New","viewId":"application-manageyards-display-component---NewYard","bindingPath":{"path":"","propertyPath":"/SALES_AREA_SPART","modelName":"NewYardModel"},"interaction":{"idSuffix":"inner"}},"clearTextFirst":true,"interactionType":"ENTER_TEXT"}]}
COMMAND: POST /session/a61471faa2a572325c8c01ea6c194ba1/execute/async - {"script":"<script> [1562 bytes]","args":[{"selector":{"id":"application-manageyards-display-component---NewYard--whmCheckBox","interaction":{"idSuffix":"CbBg"}},"wdio_ui5_key":"applicationmanageyards-display-component---NewYard--whmCheckBox"}]}
RESULT: {"script":"<script> [1562 bytes]","args":[{"selector":{"id":"application-manageyards-display-component---NewYard--whmCheckBox","interaction":{"idSuffix":"CbBg"}},"wdio_ui5_key":"applicationmanageyards-display-component---NewYard--whmCheckBox"}]}
RESULT: undefined
COMMAND: POST /session/a61471faa2a572325c8c01ea6c194ba1/element - {"using":"xpath","value":"//*[@id=\"application-manageyards-display-component---NewYard--whmCheckBox\"]"}
RESULT: {"using":"xpath","value":"//*[@id=\"application-manageyards-display-component---NewYard--whmCheckBox\"]"}
COMMAND: POST /session/a61471faa2a572325c8c01ea6c194ba1/element/f.E650C83CD3BCDAFFADB668DA9E39007C.d.3E2F999B9BA78370F8B39404ADB80066.e.1860/click - {}
RESULT: {}
COMMAND: POST /session/a61471faa2a572325c8c01ea6c194ba1/execute/async - {"script":"<script> [1562 bytes]","args":[{"selector":{"controlType":"sap.m.Button","viewName":"etm.portal.ui.manageyards.view.New","viewId":"application-manageyards-display-component---NewYard","i18NText":{"propertyName":"text","key":"save"},"interaction":{"idSuffix":"inner"}},"wdio_ui5_key":"etmportal.ui.manageyards.view.Newsap.m.Button{\"propertyName\":\"text\",\"key\":\"save\"}"}]}
COMMAND: GET /session/a61471faa2a572325c8c01ea6c194ba1/screenshot - {}
RESULT: {"script":"<script> [1562 bytes]","args":[{"selector":{"controlType":"sap.m.Button","viewName":"etm.portal.ui.manageyards.view.New","viewId":"application-manageyards-display-component---NewYard","i18NText":{"propertyName":"text","key":"save"},"interaction":{"idSuffix":"inner"}},"wdio_ui5_key":"etmportal.ui.manageyards.view.Newsap.m.Button{\"propertyName\":\"text\",\"key\":\"save\"}"}]}
RESULT: undefined
COMMAND: POST /session/a61471faa2a572325c8c01ea6c194ba1/element - {"using":"xpath","value":"//*[@id=\"__button43\"]"}
RESULT: {}
RESULT: {"using":"xpath","value":"//*[@id=\"__button43\"]"}
COMMAND: POST /session/a61471faa2a572325c8c01ea6c194ba1/element/f.E650C83CD3BCDAFFADB668DA9E39007C.d.3E2F999B9BA78370F8B39404ADB80066.e.1823/click - {}
RESULT: {}
COMMAND: GET /session/a61471faa2a572325c8c01ea6c194ba1/screenshot - {}
RESULT: {}
COMMAND: POST /session/a61471faa2a572325c8c01ea6c194ba1/element - {"using":"xpath","value":"//header/div/div/div/div/div/div[2]/div/span"}
RESULT: {"using":"xpath","value":"//header/div/div/div/div/div/div[2]/div/span"}
COMMAND: GET /session/a61471faa2a572325c8c01ea6c194ba1/element/f.E650C83CD3BCDAFFADB668DA9E39007C.d.3E2F999B9BA78370F8B39404ADB80066.e.2010/text - {}
RESULT: {}
COMMAND: POST /session/a61471faa2a572325c8c01ea6c194ba1/element - {"using":"xpath","value":"//header/div/div[2]/div[2]/span"}
RESULT: {"using":"xpath","value":"//header/div/div[2]/div[2]/span"}
COMMAND: GET /session/a61471faa2a572325c8c01ea6c194ba1/element/f.E650C83CD3BCDAFFADB668DA9E39007C.d.3E2F999B9BA78370F8B39404ADB80066.e.2011/text - {}
RESULT: {}
COMMAND: POST /session/a61471faa2a572325c8c01ea6c194ba1/element - {"using":"css selector","value":"#j_username"}
COMMAND: POST /session/a61471faa2a572325c8c01ea6c194ba1/url - {"url":"https://qa-testing-00-live-etm-ui.cfapps.eu10-004.hana.ondemand.com/"}
RESULT: {"url":"https://qa-testing-00-live-etm-ui.cfapps.eu10-004.hana.ondemand.com/"}
RESULT: undefined
COMMAND: GET /session/a61471faa2a572325c8c01ea6c194ba1/screenshot - {}
RESULT: {"using":"css selector","value":"#j_username"}
COMMAND: POST /session/a61471faa2a572325c8c01ea6c194ba1/element - {"using":"css selector","value":"#j_username"}
RESULT: {}
RESULT: {"using":"css selector","value":"#j_username"}
COMMAND: POST /session/a61471faa2a572325c8c01ea6c194ba1/element - {"using":"css selector","value":"#shell-header-logo"}
RESULT: {"using":"css selector","value":"#shell-header-logo"}
COMMAND: POST /session/a61471faa2a572325c8c01ea6c194ba1/execute/sync - {"script":"<script> [8489 bytes]","args":[{"element-6066-11e4-a52e-4f735466cecf":"f.E650C83CD3BCDAFFADB668DA9E39007C.d.5DE3F6C90AEB1868EDE8F9281C8FF7B7.e.2023","ELEMENT":"f.E650C83CD3BCDAFFADB668DA9E39007C.d.5DE3F6C90AEB1868EDE8F9281C8FF7B7.e.2023"}]}
RESULT: {"script":"<script> [8489 bytes]","args":[{"element-6066-11e4-a52e-4f735466cecf":"f.E650C83CD3BCDAFFADB668DA9E39007C.d.5DE3F6C90AEB1868EDE8F9281C8FF7B7.e.2023","ELEMENT":"f.E650C83CD3BCDAFFADB668DA9E39007C.d.5DE3F6C90AEB1868EDE8F9281C8FF7B7.e.2023"}]}
COMMAND: POST /session/a61471faa2a572325c8c01ea6c194ba1/element - {"using":"css selector","value":"#shell-header-logo"}
COMMAND: GET /session/a61471faa2a572325c8c01ea6c194ba1/screenshot - {}
RESULT: {"using":"css selector","value":"#shell-header-logo"}
COMMAND: POST /session/a61471faa2a572325c8c01ea6c194ba1/execute/sync - {"script":"<script> [8489 bytes]","args":[{"element-6066-11e4-a52e-4f735466cecf":"f.E650C83CD3BCDAFFADB668DA9E39007C.d.5DE3F6C90AEB1868EDE8F9281C8FF7B7.e.2023","ELEMENT":"f.E650C83CD3BCDAFFADB668DA9E39007C.d.5DE3F6C90AEB1868EDE8F9281C8FF7B7.e.2023"}]}
RESULT: {}
RESULT: {"script":"<script> [8489 bytes]","args":[{"element-6066-11e4-a52e-4f735466cecf":"f.E650C83CD3BCDAFFADB668DA9E39007C.d.5DE3F6C90AEB1868EDE8F9281C8FF7B7.e.2023","ELEMENT":"f.E650C83CD3BCDAFFADB668DA9E39007C.d.5DE3F6C90AEB1868EDE8F9281C8FF7B7.e.2023"}]}
COMMAND: POST /session/a61471faa2a572325c8c01ea6c194ba1/execute/sync - {"script":"<script> [5351 bytes]","args":[{"element-6066-11e4-a52e-4f735466cecf":"f.E650C83CD3BCDAFFADB668DA9E39007C.d.5DE3F6C90AEB1868EDE8F9281C8FF7B7.e.2023","ELEMENT":"f.E650C83CD3BCDAFFADB668DA9E39007C.d.5DE3F6C90AEB1868EDE8F9281C8FF7B7.e.2023"}]}
COMMAND: GET /session/a61471faa2a572325c8c01ea6c194ba1/screenshot - {}
RESULT: {"script":"<script> [5351 bytes]","args":[{"element-6066-11e4-a52e-4f735466cecf":"f.E650C83CD3BCDAFFADB668DA9E39007C.d.5DE3F6C90AEB1868EDE8F9281C8FF7B7.e.2023","ELEMENT":"f.E650C83CD3BCDAFFADB668DA9E39007C.d.5DE3F6C90AEB1868EDE8F9281C8FF7B7.e.2023"}]}
COMMAND: POST /session/a61471faa2a572325c8c01ea6c194ba1/element - {"using":"css selector","value":"#shell-header-logo"}
COMMAND: GET /session/a61471faa2a572325c8c01ea6c194ba1/screenshot - {}
RESULT: {}
RESULT: {"using":"css selector","value":"#shell-header-logo"}
COMMAND: POST /session/a61471faa2a572325c8c01ea6c194ba1/element/f.E650C83CD3BCDAFFADB668DA9E39007C.d.5DE3F6C90AEB1868EDE8F9281C8FF7B7.e.2023/click - {}
RESULT: {}
RESULT: {}
COMMAND: GET /session/a61471faa2a572325c8c01ea6c194ba1/screenshot - {}
RESULT: {}
COMMAND: POST /session/a61471faa2a572325c8c01ea6c194ba1/execute/async - {"script":"<script> [189 bytes]","args":[]}
RESULT: {"script":"<script> [189 bytes]","args":[]}
COMMAND: POST /session/a61471faa2a572325c8c01ea6c194ba1/execute/async - {"script":"<script> [123 bytes]","args":[]}
RESULT: {"script":"<script> [123 bytes]","args":[]}
COMMAND: POST /session/a61471faa2a572325c8c01ea6c194ba1/timeouts - {"script":"<number>"}
RESULT: {"script":"<number>"}
COMMAND: GET /session/a61471faa2a572325c8c01ea6c194ba1/timeouts - {}
RESULT: {}
RESULT: undefined
COMMAND: POST /session/a61471faa2a572325c8c01ea6c194ba1/execute/async - {"script":"<script> [2676 bytes]","args":[]}
RESULT: {"script":"<script> [2676 bytes]","args":[]}
COMMAND: POST /session/a61471faa2a572325c8c01ea6c194ba1/execute/async - {"script":"<script> [2342 bytes]","args":[{"protocol":"http","hostname":"0.0.0.0","path":"/","capabilities":{"browserName":"chrome","goog:chromeOptions":{"binary":"C:\\Program Files\\Google\\Chrome\\Application\\chrome.exe","args":["--start-maximized"]}},"logLevel":"warn","connectionRetryTimeout":120000,"connectionRetryCount":3,"logLevels":{},"enableDirectConnect":true,"strictSSL":true,"_":"65 more keys: [\"cacheDir\",\"port\",\"requestedCapabilities\",\"automationProtocol\",\"baseUrl\",\"waitforInterval\",\"waitforTimeout\",\"onReload\",\"beforeCommand\",\"afterCommand\",\"rootDir\",\"specs\",\"suites\",\"exclude\",\"groupLogsByTestSpec\",\"excludeDriverLogs\",\"bail\",\"framework\",\"reporters\",\"services\",\"maxInstances\",\"maxInstancesPerCapability\",\"injectGlobals\",\"filesToWatch\",\"execArgv\",\"runnerEnv\",\"runner\",\"shard\",\"specFileRetries\",\"specFileRetriesDelay\",\"specFileRetriesDeferred\",\"reporterSyncInterval\",\"reporterSyncTimeout\",\"cucumberFeaturesWithLineNumbers\",\"autoCompileOpts\",\"mochaOpts\",\"jasmineOpts\",\"cucumberOpts\",\"onPrepare\",\"onWorkerStart\",\"onWorkerEnd\",\"before\",\"beforeSession\",\"beforeSuite\",\"beforeHook\",\"beforeTest\",\"afterTest\",\"afterHook\",\"afterSuite\",\"afterSession\",\"after\",\"onComplete\",\"beforeAssertion\",\"afterAssertion\",\"beforeFeature\",\"beforeScenario\",\"beforeStep\",\"afterStep\",\"afterScenario\",\"afterFeature\",\"_\",\"suite\",\"$0\",\"ignoredWorkerServices\",\"wdi5\"]"}]}
RESULT: {"script":"<script> [2342 bytes]","args":[{"protocol":"http","hostname":"0.0.0.0","path":"/","capabilities":{"browserName":"chrome","goog:chromeOptions":{"binary":"C:\\Program Files\\Google\\Chrome\\Application\\chrome.exe","args":["--start-maximized"]}},"logLevel":"warn","connectionRetryTimeout":120000,"connectionRetryCount":3,"logLevels":{},"enableDirectConnect":true,"strictSSL":true,"_":"65 more keys: [\"cacheDir\",\"port\",\"requestedCapabilities\",\"automationProtocol\",\"baseUrl\",\"waitforInterval\",\"waitforTimeout\",\"onReload\",\"beforeCommand\",\"afterCommand\",\"rootDir\",\"specs\",\"suites\",\"exclude\",\"groupLogsByTestSpec\",\"excludeDriverLogs\",\"bail\",\"framework\",\"reporters\",\"services\",\"maxInstances\",\"maxInstancesPerCapability\",\"injectGlobals\",\"filesToWatch\",\"execArgv\",\"runnerEnv\",\"runner\",\"shard\",\"specFileRetries\",\"specFileRetriesDelay\",\"specFileRetriesDeferred\",\"reporterSyncInterval\",\"reporterSyncTimeout\",\"cucumberFeaturesWithLineNumbers\",\"autoCompileOpts\",\"mochaOpts\",\"jasmineOpts\",\"cucumberOpts\",\"onPrepare\",\"onWorkerStart\",\"onWorkerEnd\",\"before\",\"beforeSession\",\"beforeSuite\",\"beforeHook\",\"beforeTest\",\"afterTest\",\"afterHook\",\"afterSuite\",\"afterSession\",\"after\",\"onComplete\",\"beforeAssertion\",\"afterAssertion\",\"beforeFeature\",\"beforeScenario\",\"beforeStep\",\"afterStep\",\"afterScenario\",\"afterFeature\",\"_\",\"suite\",\"$0\",\"ignoredWorkerServices\",\"wdi5\"]"}]}
COMMAND: POST /session/a61471faa2a572325c8c01ea6c194ba1/execute/async - {"script":"<script> [21126 bytes]","args":[35000]}
RESULT: {"script":"<script> [21126 bytes]","args":[35000]}
COMMAND: POST /session/a61471faa2a572325c8c01ea6c194ba1/window/maximize - {}
RESULT: {}
COMMAND: POST /session/a61471faa2a572325c8c01ea6c194ba1/execute/async - {"script":"<script> [1562 bytes]","args":[{"selector":{"id":"shell-header","interaction":{"idSuffix":"icon"}},"wdio_ui5_key":"shellheader"}]}
COMMAND: GET /session/a61471faa2a572325c8c01ea6c194ba1/screenshot - {}
RESULT: {"script":"<script> [1562 bytes]","args":[{"selector":{"id":"shell-header","interaction":{"idSuffix":"icon"}},"wdio_ui5_key":"shellheader"}]}
RESULT: undefined
COMMAND: POST /session/a61471faa2a572325c8c01ea6c194ba1/refresh - {}
RESULT: {}
RESULT: {}
COMMAND: GET /session/a61471faa2a572325c8c01ea6c194ba1/screenshot - {}
RESULT: {}
COMMAND: POST /session/a61471faa2a572325c8c01ea6c194ba1/refresh - {}
RESULT: {}
COMMAND: GET /session/a61471faa2a572325c8c01ea6c194ba1/screenshot - {}
RESULT: {}
COMMAND: POST /session/a61471faa2a572325c8c01ea6c194ba1/window/fullscreen - {}
RESULT: {}
COMMAND: POST /session/a61471faa2a572325c8c01ea6c194ba1/execute/async - {"script":"<script> [189 bytes]","args":[]}
RESULT: {"script":"<script> [189 bytes]","args":[]}
COMMAND: POST /session/a61471faa2a572325c8c01ea6c194ba1/execute/async - {"script":"<script> [123 bytes]","args":[]}
RESULT: {"script":"<script> [123 bytes]","args":[]}
COMMAND: POST /session/a61471faa2a572325c8c01ea6c194ba1/timeouts - {"script":"<number>"}
RESULT: {"script":"<number>"}
COMMAND: GET /session/a61471faa2a572325c8c01ea6c194ba1/timeouts - {}
RESULT: {}
RESULT: undefined
COMMAND: POST /session/a61471faa2a572325c8c01ea6c194ba1/execute/async - {"script":"<script> [2676 bytes]","args":[]}
RESULT: {"script":"<script> [2676 bytes]","args":[]}
COMMAND: POST /session/a61471faa2a572325c8c01ea6c194ba1/execute/async - {"script":"<script> [2342 bytes]","args":[{"protocol":"http","hostname":"0.0.0.0","path":"/","capabilities":{"browserName":"chrome","goog:chromeOptions":{"binary":"C:\\Program Files\\Google\\Chrome\\Application\\chrome.exe","args":["--start-maximized"]}},"logLevel":"warn","connectionRetryTimeout":120000,"connectionRetryCount":3,"logLevels":{},"enableDirectConnect":true,"strictSSL":true,"_":"65 more keys: [\"cacheDir\",\"port\",\"requestedCapabilities\",\"automationProtocol\",\"baseUrl\",\"waitforInterval\",\"waitforTimeout\",\"onReload\",\"beforeCommand\",\"afterCommand\",\"rootDir\",\"specs\",\"suites\",\"exclude\",\"groupLogsByTestSpec\",\"excludeDriverLogs\",\"bail\",\"framework\",\"reporters\",\"services\",\"maxInstances\",\"maxInstancesPerCapability\",\"injectGlobals\",\"filesToWatch\",\"execArgv\",\"runnerEnv\",\"runner\",\"shard\",\"specFileRetries\",\"specFileRetriesDelay\",\"specFileRetriesDeferred\",\"reporterSyncInterval\",\"reporterSyncTimeout\",\"cucumberFeaturesWithLineNumbers\",\"autoCompileOpts\",\"mochaOpts\",\"jasmineOpts\",\"cucumberOpts\",\"onPrepare\",\"onWorkerStart\",\"onWorkerEnd\",\"before\",\"beforeSession\",\"beforeSuite\",\"beforeHook\",\"beforeTest\",\"afterTest\",\"afterHook\",\"afterSuite\",\"afterSession\",\"after\",\"onComplete\",\"beforeAssertion\",\"afterAssertion\",\"beforeFeature\",\"beforeScenario\",\"beforeStep\",\"afterStep\",\"afterScenario\",\"afterFeature\",\"_\",\"suite\",\"$0\",\"ignoredWorkerServices\",\"wdi5\"]"}]}
RESULT: {"script":"<script> [2342 bytes]","args":[{"protocol":"http","hostname":"0.0.0.0","path":"/","capabilities":{"browserName":"chrome","goog:chromeOptions":{"binary":"C:\\Program Files\\Google\\Chrome\\Application\\chrome.exe","args":["--start-maximized"]}},"logLevel":"warn","connectionRetryTimeout":120000,"connectionRetryCount":3,"logLevels":{},"enableDirectConnect":true,"strictSSL":true,"_":"65 more keys: [\"cacheDir\",\"port\",\"requestedCapabilities\",\"automationProtocol\",\"baseUrl\",\"waitforInterval\",\"waitforTimeout\",\"onReload\",\"beforeCommand\",\"afterCommand\",\"rootDir\",\"specs\",\"suites\",\"exclude\",\"groupLogsByTestSpec\",\"excludeDriverLogs\",\"bail\",\"framework\",\"reporters\",\"services\",\"maxInstances\",\"maxInstancesPerCapability\",\"injectGlobals\",\"filesToWatch\",\"execArgv\",\"runnerEnv\",\"runner\",\"shard\",\"specFileRetries\",\"specFileRetriesDelay\",\"specFileRetriesDeferred\",\"reporterSyncInterval\",\"reporterSyncTimeout\",\"cucumberFeaturesWithLineNumbers\",\"autoCompileOpts\",\"mochaOpts\",\"jasmineOpts\",\"cucumberOpts\",\"onPrepare\",\"onWorkerStart\",\"onWorkerEnd\",\"before\",\"beforeSession\",\"beforeSuite\",\"beforeHook\",\"beforeTest\",\"afterTest\",\"afterHook\",\"afterSuite\",\"afterSession\",\"after\",\"onComplete\",\"beforeAssertion\",\"afterAssertion\",\"beforeFeature\",\"beforeScenario\",\"beforeStep\",\"afterStep\",\"afterScenario\",\"afterFeature\",\"_\",\"suite\",\"$0\",\"ignoredWorkerServices\",\"wdi5\"]"}]}
COMMAND: POST /session/a61471faa2a572325c8c01ea6c194ba1/execute/async - {"script":"<script> [21126 bytes]","args":[35000]}
RESULT: {"script":"<script> [21126 bytes]","args":[35000]}
]]></system-out>
    </testcase>
  </testsuite>
  <testsuite timestamp="2025-06-14T15:24:27" time="358.492" tests="4" failures="1" errors="1" skipped="0">
    <properties>
      <property name="specId" value="0"/>
      <property name="suiteName" value="Create partner US118246"/>
      <property name="capabilities" value="chrome.137_0_7151_69.windows"/>
      <property name="file" value="file:///D:/a/1/s/test/specs/BTS/create-partner.spec.js"/>
    </properties>
    <testcase classname="chrome.137_0_7151_69.windows.Create_partner_US118246" name="Should create a new yard in case create yard failed" time="0.013">
      <system-out><![CDATA[
COMMAND: POST /session/a61471faa2a572325c8c01ea6c194ba1/window/fullscreen - {}
RESULT: {}
]]></system-out>
    </testcase>
    <testcase classname="chrome.137_0_7151_69.windows.Create_partner_US118246" name="Should create new external partner" time="125.39">
      <system-out><![CDATA[
COMMAND: POST /session/a61471faa2a572325c8c01ea6c194ba1/window/fullscreen - {}
RESULT: {}
COMMAND: POST /session/a61471faa2a572325c8c01ea6c194ba1/execute/async - {"script":"<script> [1562 bytes]","args":[{"selector":{"controlType":"sap.m.GenericTile","properties":{"header":"Manage Partners"}},"wdio_ui5_key":"sapm.GenericTile{\"header\":\"Manage Partners\"}"}]}
RESULT: {"script":"<script> [1562 bytes]","args":[{"selector":{"controlType":"sap.m.GenericTile","properties":{"header":"Manage Partners"}},"wdio_ui5_key":"sapm.GenericTile{\"header\":\"Manage Partners\"}"}]}
RESULT: undefined
COMMAND: POST /session/a61471faa2a572325c8c01ea6c194ba1/element - {"using":"xpath","value":"//*[@id=\"__tile39\"]"}
RESULT: {"using":"xpath","value":"//*[@id=\"__tile39\"]"}
COMMAND: POST /session/a61471faa2a572325c8c01ea6c194ba1/element/f.E650C83CD3BCDAFFADB668DA9E39007C.d.403B69BD33029F24A78E1FA01D156B79.e.2184/click - {}
RESULT: {}
COMMAND: GET /session/a61471faa2a572325c8c01ea6c194ba1/screenshot - {}
RESULT: {}
COMMAND: POST /session/a61471faa2a572325c8c01ea6c194ba1/elements - {"using":"xpath","value":"//span[text()='Error']"}
RESULT: {"using":"xpath","value":"//span[text()='Error']"}
COMMAND: POST /session/a61471faa2a572325c8c01ea6c194ba1/element - {"using":"xpath","value":"//button[@data-kt=\"addButton\"]"}
RESULT: {"using":"xpath","value":"//button[@data-kt=\"addButton\"]"}
COMMAND: POST /session/a61471faa2a572325c8c01ea6c194ba1/elements - {"using":"xpath","value":"//button[@data-kt=\"addButton\"]"}
RESULT: {"using":"xpath","value":"//button[@data-kt=\"addButton\"]"}
COMMAND: POST /session/a61471faa2a572325c8c01ea6c194ba1/elements - {"using":"xpath","value":"//button[@data-kt=\"addButton\"]"}
RESULT: {"using":"xpath","value":"//button[@data-kt=\"addButton\"]"}
COMMAND: POST /session/a61471faa2a572325c8c01ea6c194ba1/elements - {"using":"xpath","value":"//button[@data-kt=\"addButton\"]"}
RESULT: {"using":"xpath","value":"//button[@data-kt=\"addButton\"]"}
COMMAND: POST /session/a61471faa2a572325c8c01ea6c194ba1/elements - {"using":"xpath","value":"//button[@data-kt=\"addButton\"]"}
RESULT: {"using":"xpath","value":"//button[@data-kt=\"addButton\"]"}
COMMAND: POST /session/a61471faa2a572325c8c01ea6c194ba1/elements - {"using":"xpath","value":"//button[@data-kt=\"addButton\"]"}
RESULT: {"using":"xpath","value":"//button[@data-kt=\"addButton\"]"}
COMMAND: POST /session/a61471faa2a572325c8c01ea6c194ba1/elements - {"using":"xpath","value":"//button[@data-kt=\"addButton\"]"}
RESULT: {"using":"xpath","value":"//button[@data-kt=\"addButton\"]"}
COMMAND: POST /session/a61471faa2a572325c8c01ea6c194ba1/elements - {"using":"xpath","value":"//button[@data-kt=\"addButton\"]"}
RESULT: {"using":"xpath","value":"//button[@data-kt=\"addButton\"]"}
COMMAND: POST /session/a61471faa2a572325c8c01ea6c194ba1/elements - {"using":"xpath","value":"//button[@data-kt=\"addButton\"]"}
RESULT: {"using":"xpath","value":"//button[@data-kt=\"addButton\"]"}
COMMAND: POST /session/a61471faa2a572325c8c01ea6c194ba1/elements - {"using":"xpath","value":"//button[@data-kt=\"addButton\"]"}
RESULT: {"using":"xpath","value":"//button[@data-kt=\"addButton\"]"}
COMMAND: POST /session/a61471faa2a572325c8c01ea6c194ba1/elements - {"using":"xpath","value":"//button[@data-kt=\"addButton\"]"}
RESULT: {"using":"xpath","value":"//button[@data-kt=\"addButton\"]"}
COMMAND: POST /session/a61471faa2a572325c8c01ea6c194ba1/elements - {"using":"xpath","value":"//button[@data-kt=\"addButton\"]"}
RESULT: {"using":"xpath","value":"//button[@data-kt=\"addButton\"]"}
COMMAND: POST /session/a61471faa2a572325c8c01ea6c194ba1/elements - {"using":"xpath","value":"//button[@data-kt=\"addButton\"]"}
RESULT: {"using":"xpath","value":"//button[@data-kt=\"addButton\"]"}
COMMAND: POST /session/a61471faa2a572325c8c01ea6c194ba1/elements - {"using":"xpath","value":"//button[@data-kt=\"addButton\"]"}
RESULT: {"using":"xpath","value":"//button[@data-kt=\"addButton\"]"}
COMMAND: POST /session/a61471faa2a572325c8c01ea6c194ba1/elements - {"using":"xpath","value":"//button[@data-kt=\"addButton\"]"}
RESULT: {"using":"xpath","value":"//button[@data-kt=\"addButton\"]"}
COMMAND: POST /session/a61471faa2a572325c8c01ea6c194ba1/elements - {"using":"xpath","value":"//button[@data-kt=\"addButton\"]"}
RESULT: {"using":"xpath","value":"//button[@data-kt=\"addButton\"]"}
COMMAND: POST /session/a61471faa2a572325c8c01ea6c194ba1/elements - {"using":"xpath","value":"//button[@data-kt=\"addButton\"]"}
RESULT: {"using":"xpath","value":"//button[@data-kt=\"addButton\"]"}
COMMAND: POST /session/a61471faa2a572325c8c01ea6c194ba1/elements - {"using":"xpath","value":"//button[@data-kt=\"addButton\"]"}
RESULT: {"using":"xpath","value":"//button[@data-kt=\"addButton\"]"}
COMMAND: POST /session/a61471faa2a572325c8c01ea6c194ba1/elements - {"using":"xpath","value":"//button[@data-kt=\"addButton\"]"}
RESULT: {"using":"xpath","value":"//button[@data-kt=\"addButton\"]"}
COMMAND: POST /session/a61471faa2a572325c8c01ea6c194ba1/elements - {"using":"xpath","value":"//button[@data-kt=\"addButton\"]"}
RESULT: {"using":"xpath","value":"//button[@data-kt=\"addButton\"]"}
COMMAND: POST /session/a61471faa2a572325c8c01ea6c194ba1/elements - {"using":"xpath","value":"//button[@data-kt=\"addButton\"]"}
RESULT: {"using":"xpath","value":"//button[@data-kt=\"addButton\"]"}
COMMAND: POST /session/a61471faa2a572325c8c01ea6c194ba1/elements - {"using":"xpath","value":"//button[@data-kt=\"addButton\"]"}
RESULT: {"using":"xpath","value":"//button[@data-kt=\"addButton\"]"}
COMMAND: POST /session/a61471faa2a572325c8c01ea6c194ba1/elements - {"using":"xpath","value":"//button[@data-kt=\"addButton\"]"}
RESULT: {"using":"xpath","value":"//button[@data-kt=\"addButton\"]"}
COMMAND: POST /session/a61471faa2a572325c8c01ea6c194ba1/elements - {"using":"xpath","value":"//button[@data-kt=\"addButton\"]"}
RESULT: {"using":"xpath","value":"//button[@data-kt=\"addButton\"]"}
COMMAND: POST /session/a61471faa2a572325c8c01ea6c194ba1/elements - {"using":"xpath","value":"//button[@data-kt=\"addButton\"]"}
RESULT: {"using":"xpath","value":"//button[@data-kt=\"addButton\"]"}
COMMAND: POST /session/a61471faa2a572325c8c01ea6c194ba1/elements - {"using":"xpath","value":"//button[@data-kt=\"addButton\"]"}
RESULT: {"using":"xpath","value":"//button[@data-kt=\"addButton\"]"}
COMMAND: POST /session/a61471faa2a572325c8c01ea6c194ba1/elements - {"using":"xpath","value":"//button[@data-kt=\"addButton\"]"}
RESULT: {"using":"xpath","value":"//button[@data-kt=\"addButton\"]"}
COMMAND: POST /session/a61471faa2a572325c8c01ea6c194ba1/elements - {"using":"xpath","value":"//button[@data-kt=\"addButton\"]"}
RESULT: {"using":"xpath","value":"//button[@data-kt=\"addButton\"]"}
COMMAND: POST /session/a61471faa2a572325c8c01ea6c194ba1/elements - {"using":"xpath","value":"//button[@data-kt=\"addButton\"]"}
RESULT: {"using":"xpath","value":"//button[@data-kt=\"addButton\"]"}
COMMAND: POST /session/a61471faa2a572325c8c01ea6c194ba1/elements - {"using":"xpath","value":"//button[@data-kt=\"addButton\"]"}
RESULT: {"using":"xpath","value":"//button[@data-kt=\"addButton\"]"}
COMMAND: POST /session/a61471faa2a572325c8c01ea6c194ba1/elements - {"using":"xpath","value":"//button[@data-kt=\"addButton\"]"}
RESULT: {"using":"xpath","value":"//button[@data-kt=\"addButton\"]"}
COMMAND: POST /session/a61471faa2a572325c8c01ea6c194ba1/elements - {"using":"xpath","value":"//button[@data-kt=\"addButton\"]"}
RESULT: {"using":"xpath","value":"//button[@data-kt=\"addButton\"]"}
COMMAND: POST /session/a61471faa2a572325c8c01ea6c194ba1/elements - {"using":"xpath","value":"//button[@data-kt=\"addButton\"]"}
RESULT: {"using":"xpath","value":"//button[@data-kt=\"addButton\"]"}
COMMAND: POST /session/a61471faa2a572325c8c01ea6c194ba1/elements - {"using":"xpath","value":"//button[@data-kt=\"addButton\"]"}
RESULT: {"using":"xpath","value":"//button[@data-kt=\"addButton\"]"}
COMMAND: POST /session/a61471faa2a572325c8c01ea6c194ba1/elements - {"using":"xpath","value":"//button[@data-kt=\"addButton\"]"}
RESULT: {"using":"xpath","value":"//button[@data-kt=\"addButton\"]"}
COMMAND: POST /session/a61471faa2a572325c8c01ea6c194ba1/elements - {"using":"xpath","value":"//button[@data-kt=\"addButton\"]"}
RESULT: {"using":"xpath","value":"//button[@data-kt=\"addButton\"]"}
COMMAND: POST /session/a61471faa2a572325c8c01ea6c194ba1/elements - {"using":"xpath","value":"//button[@data-kt=\"addButton\"]"}
RESULT: {"using":"xpath","value":"//button[@data-kt=\"addButton\"]"}
COMMAND: POST /session/a61471faa2a572325c8c01ea6c194ba1/element - {"using":"xpath","value":"//button[@data-kt=\"addButton\"]"}
RESULT: {"using":"xpath","value":"//button[@data-kt=\"addButton\"]"}
COMMAND: POST /session/a61471faa2a572325c8c01ea6c194ba1/execute/sync - {"script":"<script> [8489 bytes]","args":[{"element-6066-11e4-a52e-4f735466cecf":"f.E650C83CD3BCDAFFADB668DA9E39007C.d.403B69BD33029F24A78E1FA01D156B79.e.2329","ELEMENT":"f.E650C83CD3BCDAFFADB668DA9E39007C.d.403B69BD33029F24A78E1FA01D156B79.e.2329"}]}
RESULT: {"script":"<script> [8489 bytes]","args":[{"element-6066-11e4-a52e-4f735466cecf":"f.E650C83CD3BCDAFFADB668DA9E39007C.d.403B69BD33029F24A78E1FA01D156B79.e.2329","ELEMENT":"f.E650C83CD3BCDAFFADB668DA9E39007C.d.403B69BD33029F24A78E1FA01D156B79.e.2329"}]}
COMMAND: GET /session/a61471faa2a572325c8c01ea6c194ba1/element/f.E650C83CD3BCDAFFADB668DA9E39007C.d.403B69BD33029F24A78E1FA01D156B79.e.2329/enabled - {}
COMMAND: GET /session/a61471faa2a572325c8c01ea6c194ba1/screenshot - {}
RESULT: {}
COMMAND: POST /session/a61471faa2a572325c8c01ea6c194ba1/execute/sync - {"script":"<script> [8489 bytes]","args":[{"element-6066-11e4-a52e-4f735466cecf":"f.E650C83CD3BCDAFFADB668DA9E39007C.d.403B69BD33029F24A78E1FA01D156B79.e.2329","ELEMENT":"f.E650C83CD3BCDAFFADB668DA9E39007C.d.403B69BD33029F24A78E1FA01D156B79.e.2329"}]}
COMMAND: GET /session/a61471faa2a572325c8c01ea6c194ba1/screenshot - {}
RESULT: {}
RESULT: {"script":"<script> [8489 bytes]","args":[{"element-6066-11e4-a52e-4f735466cecf":"f.E650C83CD3BCDAFFADB668DA9E39007C.d.403B69BD33029F24A78E1FA01D156B79.e.2329","ELEMENT":"f.E650C83CD3BCDAFFADB668DA9E39007C.d.403B69BD33029F24A78E1FA01D156B79.e.2329"}]}
COMMAND: POST /session/a61471faa2a572325c8c01ea6c194ba1/execute/sync - {"script":"<script> [5351 bytes]","args":[{"element-6066-11e4-a52e-4f735466cecf":"f.E650C83CD3BCDAFFADB668DA9E39007C.d.403B69BD33029F24A78E1FA01D156B79.e.2329","ELEMENT":"f.E650C83CD3BCDAFFADB668DA9E39007C.d.403B69BD33029F24A78E1FA01D156B79.e.2329"}]}
COMMAND: GET /session/a61471faa2a572325c8c01ea6c194ba1/screenshot - {}
RESULT: {}
RESULT: {"script":"<script> [5351 bytes]","args":[{"element-6066-11e4-a52e-4f735466cecf":"f.E650C83CD3BCDAFFADB668DA9E39007C.d.403B69BD33029F24A78E1FA01D156B79.e.2329","ELEMENT":"f.E650C83CD3BCDAFFADB668DA9E39007C.d.403B69BD33029F24A78E1FA01D156B79.e.2329"}]}
COMMAND: POST /session/a61471faa2a572325c8c01ea6c194ba1/element/f.E650C83CD3BCDAFFADB668DA9E39007C.d.403B69BD33029F24A78E1FA01D156B79.e.2329/click - {}
COMMAND: GET /session/a61471faa2a572325c8c01ea6c194ba1/screenshot - {}
RESULT: {}
RESULT: {}
COMMAND: GET /session/a61471faa2a572325c8c01ea6c194ba1/screenshot - {}
COMMAND: POST /session/a61471faa2a572325c8c01ea6c194ba1/execute/async - {"script":"<script> [1562 bytes]","args":[{"selector":{"id":"application-managepartners-display-component---NewPartner--addressDetailDetailsName1","interaction":{"idSuffix":"inner"}},"wdio_ui5_key":"applicationmanagepartners-display-component---NewPartner--addressDetailDetailsName1"}]}
RESULT: {}
RESULT: {}
RESULT: {"script":"<script> [1562 bytes]","args":[{"selector":{"id":"application-managepartners-display-component---NewPartner--addressDetailDetailsName1","interaction":{"idSuffix":"inner"}},"wdio_ui5_key":"applicationmanagepartners-display-component---NewPartner--addressDetailDetailsName1"}]}
RESULT: undefined
COMMAND: POST /session/a61471faa2a572325c8c01ea6c194ba1/execute/async - {"script":"<script> [776 bytes]","args":[{"enterText":"External Partner WDIO","selector":{"id":"application-managepartners-display-component---NewPartner--addressDetailDetailsName1","interaction":{"idSuffix":"inner"}},"clearTextFirst":true,"interactionType":"ENTER_TEXT"}]}
RESULT: {"script":"<script> [776 bytes]","args":[{"enterText":"External Partner WDIO","selector":{"id":"application-managepartners-display-component---NewPartner--addressDetailDetailsName1","interaction":{"idSuffix":"inner"}},"clearTextFirst":true,"interactionType":"ENTER_TEXT"}]}
COMMAND: POST /session/a61471faa2a572325c8c01ea6c194ba1/execute/async - {"script":"<script> [1562 bytes]","args":[{"selector":{"id":"application-managepartners-display-component---NewPartner--addressDetailDetailsLanguage-arrow"},"wdio_ui5_key":"applicationmanagepartners-display-component---NewPartner--addressDetailDetailsLanguage-arrow"}]}
RESULT: {"script":"<script> [1562 bytes]","args":[{"selector":{"id":"application-managepartners-display-component---NewPartner--addressDetailDetailsLanguage-arrow"},"wdio_ui5_key":"applicationmanagepartners-display-component---NewPartner--addressDetailDetailsLanguage-arrow"}]}
RESULT: undefined
COMMAND: POST /session/a61471faa2a572325c8c01ea6c194ba1/element - {"using":"xpath","value":"//*[@id=\"application-managepartners-display-component---NewPartner--addressDetailDetailsLanguage-arrow\"]"}
RESULT: {"using":"xpath","value":"//*[@id=\"application-managepartners-display-component---NewPartner--addressDetailDetailsLanguage-arrow\"]"}
COMMAND: POST /session/a61471faa2a572325c8c01ea6c194ba1/element/f.E650C83CD3BCDAFFADB668DA9E39007C.d.403B69BD33029F24A78E1FA01D156B79.e.2771/click - {}
RESULT: {}
COMMAND: POST /session/a61471faa2a572325c8c01ea6c194ba1/element - {"using":"xpath","value":"//span[contains(text(), \"English\")]"}
COMMAND: GET /session/a61471faa2a572325c8c01ea6c194ba1/screenshot - {}
RESULT: {"using":"xpath","value":"//span[contains(text(), \"English\")]"}
COMMAND: POST /session/a61471faa2a572325c8c01ea6c194ba1/element/f.E650C83CD3BCDAFFADB668DA9E39007C.d.403B69BD33029F24A78E1FA01D156B79.e.2772/click - {}
RESULT: {}
RESULT: {}
COMMAND: GET /session/a61471faa2a572325c8c01ea6c194ba1/screenshot - {}
RESULT: {}
COMMAND: POST /session/a61471faa2a572325c8c01ea6c194ba1/execute/async - {"script":"<script> [1562 bytes]","args":[{"selector":{"id":"application-managepartners-display-component---NewPartner--addressDetailDetailsCity1","interaction":{"idSuffix":"inner"}},"wdio_ui5_key":"applicationmanagepartners-display-component---NewPartner--addressDetailDetailsCity1"}]}
RESULT: {"script":"<script> [1562 bytes]","args":[{"selector":{"id":"application-managepartners-display-component---NewPartner--addressDetailDetailsCity1","interaction":{"idSuffix":"inner"}},"wdio_ui5_key":"applicationmanagepartners-display-component---NewPartner--addressDetailDetailsCity1"}]}
RESULT: undefined
COMMAND: POST /session/a61471faa2a572325c8c01ea6c194ba1/execute/async - {"script":"<script> [776 bytes]","args":[{"enterText":"Rosario","selector":{"id":"application-managepartners-display-component---NewPartner--addressDetailDetailsCity1","interaction":{"idSuffix":"inner"}},"clearTextFirst":true,"interactionType":"ENTER_TEXT"}]}
RESULT: {"script":"<script> [776 bytes]","args":[{"enterText":"Rosario","selector":{"id":"application-managepartners-display-component---NewPartner--addressDetailDetailsCity1","interaction":{"idSuffix":"inner"}},"clearTextFirst":true,"interactionType":"ENTER_TEXT"}]}
COMMAND: POST /session/a61471faa2a572325c8c01ea6c194ba1/execute/async - {"script":"<script> [1562 bytes]","args":[{"selector":{"id":"application-managepartners-display-component---NewPartner--addressDetailDetailsCountry-arrow"},"wdio_ui5_key":"applicationmanagepartners-display-component---NewPartner--addressDetailDetailsCountry-arrow"}]}
RESULT: {"script":"<script> [1562 bytes]","args":[{"selector":{"id":"application-managepartners-display-component---NewPartner--addressDetailDetailsCountry-arrow"},"wdio_ui5_key":"applicationmanagepartners-display-component---NewPartner--addressDetailDetailsCountry-arrow"}]}
RESULT: undefined
COMMAND: POST /session/a61471faa2a572325c8c01ea6c194ba1/element - {"using":"xpath","value":"//*[@id=\"application-managepartners-display-component---NewPartner--addressDetailDetailsCountry-arrow\"]"}
RESULT: {"using":"xpath","value":"//*[@id=\"application-managepartners-display-component---NewPartner--addressDetailDetailsCountry-arrow\"]"}
COMMAND: POST /session/a61471faa2a572325c8c01ea6c194ba1/element/f.E650C83CD3BCDAFFADB668DA9E39007C.d.403B69BD33029F24A78E1FA01D156B79.e.2732/click - {}
RESULT: {}
COMMAND: POST /session/a61471faa2a572325c8c01ea6c194ba1/element - {"using":"xpath","value":"//span[contains(text(), \"Argentina\")]"}
COMMAND: GET /session/a61471faa2a572325c8c01ea6c194ba1/screenshot - {}
RESULT: {"using":"xpath","value":"//span[contains(text(), \"Argentina\")]"}
COMMAND: POST /session/a61471faa2a572325c8c01ea6c194ba1/element/f.E650C83CD3BCDAFFADB668DA9E39007C.d.403B69BD33029F24A78E1FA01D156B79.e.2774/click - {}
RESULT: {}
RESULT: {}
COMMAND: GET /session/a61471faa2a572325c8c01ea6c194ba1/screenshot - {}
RESULT: {}
COMMAND: POST /session/a61471faa2a572325c8c01ea6c194ba1/element - {"using":"xpath","value":"//bdi[contains(text(), \"Commercial\")]"}
RESULT: {"using":"xpath","value":"//bdi[contains(text(), \"Commercial\")]"}
COMMAND: POST /session/a61471faa2a572325c8c01ea6c194ba1/element/f.E650C83CD3BCDAFFADB668DA9E39007C.d.403B69BD33029F24A78E1FA01D156B79.e.2775/click - {}
RESULT: {}
COMMAND: GET /session/a61471faa2a572325c8c01ea6c194ba1/screenshot - {}
RESULT: {}
COMMAND: POST /session/a61471faa2a572325c8c01ea6c194ba1/execute/async - {"script":"<script> [1562 bytes]","args":[{"selector":{"id":"application-managepartners-display-component---NewPartner--partnerDetailInternal-arrow"},"wdio_ui5_key":"applicationmanagepartners-display-component---NewPartner--partnerDetailInternal-arrow"}]}
RESULT: {"script":"<script> [1562 bytes]","args":[{"selector":{"id":"application-managepartners-display-component---NewPartner--partnerDetailInternal-arrow"},"wdio_ui5_key":"applicationmanagepartners-display-component---NewPartner--partnerDetailInternal-arrow"}]}
RESULT: undefined
COMMAND: POST /session/a61471faa2a572325c8c01ea6c194ba1/element - {"using":"xpath","value":"//*[@id=\"application-managepartners-display-component---NewPartner--partnerDetailInternal-arrow\"]"}
RESULT: {"using":"xpath","value":"//*[@id=\"application-managepartners-display-component---NewPartner--partnerDetailInternal-arrow\"]"}
COMMAND: POST /session/a61471faa2a572325c8c01ea6c194ba1/element/f.E650C83CD3BCDAFFADB668DA9E39007C.d.403B69BD33029F24A78E1FA01D156B79.e.2781/click - {}
RESULT: {}
COMMAND: POST /session/a61471faa2a572325c8c01ea6c194ba1/element - {"using":"xpath","value":"//span[contains(text(), \"External partner\")]"}
COMMAND: GET /session/a61471faa2a572325c8c01ea6c194ba1/screenshot - {}
RESULT: {"using":"xpath","value":"//span[contains(text(), \"External partner\")]"}
COMMAND: POST /session/a61471faa2a572325c8c01ea6c194ba1/element/f.E650C83CD3BCDAFFADB668DA9E39007C.d.403B69BD33029F24A78E1FA01D156B79.e.2782/click - {}
RESULT: {}
RESULT: {}
COMMAND: POST /session/a61471faa2a572325c8c01ea6c194ba1/execute/async - {"script":"<script> [1562 bytes]","args":[{"selector":{"id":"application-managepartners-display-component---NewPartner--partnerDetailsCurrency-arrow"},"wdio_ui5_key":"applicationmanagepartners-display-component---NewPartner--partnerDetailsCurrency-arrow"}]}
COMMAND: GET /session/a61471faa2a572325c8c01ea6c194ba1/screenshot - {}
RESULT: {"script":"<script> [1562 bytes]","args":[{"selector":{"id":"application-managepartners-display-component---NewPartner--partnerDetailsCurrency-arrow"},"wdio_ui5_key":"applicationmanagepartners-display-component---NewPartner--partnerDetailsCurrency-arrow"}]}
RESULT: undefined
COMMAND: POST /session/a61471faa2a572325c8c01ea6c194ba1/element - {"using":"xpath","value":"//*[@id=\"application-managepartners-display-component---NewPartner--partnerDetailsCurrency-arrow\"]"}
RESULT: {}
RESULT: {"using":"xpath","value":"//*[@id=\"application-managepartners-display-component---NewPartner--partnerDetailsCurrency-arrow\"]"}
COMMAND: POST /session/a61471faa2a572325c8c01ea6c194ba1/element/f.E650C83CD3BCDAFFADB668DA9E39007C.d.403B69BD33029F24A78E1FA01D156B79.e.2787/click - {}
RESULT: {}
COMMAND: POST /session/a61471faa2a572325c8c01ea6c194ba1/element - {"using":"xpath","value":"//span[contains(text(), \"US Dollar\")]"}
COMMAND: GET /session/a61471faa2a572325c8c01ea6c194ba1/screenshot - {}
RESULT: {"using":"xpath","value":"//span[contains(text(), \"US Dollar\")]"}
COMMAND: POST /session/a61471faa2a572325c8c01ea6c194ba1/element/f.E650C83CD3BCDAFFADB668DA9E39007C.d.403B69BD33029F24A78E1FA01D156B79.e.2788/click - {}
RESULT: {}
RESULT: {}
COMMAND: GET /session/a61471faa2a572325c8c01ea6c194ba1/screenshot - {}
RESULT: {}
COMMAND: POST /session/a61471faa2a572325c8c01ea6c194ba1/element - {"using":"xpath","value":"//input[@id=\"application-managepartners-display-component---NewPartner--companyCodeComboBox-inner\"]"}
RESULT: {"using":"xpath","value":"//input[@id=\"application-managepartners-display-component---NewPartner--companyCodeComboBox-inner\"]"}
COMMAND: POST /session/a61471faa2a572325c8c01ea6c194ba1/element/f.E650C83CD3BCDAFFADB668DA9E39007C.d.403B69BD33029F24A78E1FA01D156B79.e.2641/clear - {}
RESULT: {}
COMMAND: POST /session/a61471faa2a572325c8c01ea6c194ba1/element/f.E650C83CD3BCDAFFADB668DA9E39007C.d.403B69BD33029F24A78E1FA01D156B79.e.2641/value - {"text":"C002"}
COMMAND: GET /session/a61471faa2a572325c8c01ea6c194ba1/screenshot - {}
RESULT: {"text":"C002"}
COMMAND: GET /session/a61471faa2a572325c8c01ea6c194ba1/screenshot - {}
RESULT: {}
RESULT: {}
COMMAND: POST /session/a61471faa2a572325c8c01ea6c194ba1/element - {"using":"xpath","value":"//li[.//span[text()= \"C002\"]]"}
RESULT: {"using":"xpath","value":"//li[.//span[text()= \"C002\"]]"}
COMMAND: POST /session/a61471faa2a572325c8c01ea6c194ba1/element/f.E650C83CD3BCDAFFADB668DA9E39007C.d.403B69BD33029F24A78E1FA01D156B79.e.2792/click - {}
RESULT: {}
COMMAND: GET /session/a61471faa2a572325c8c01ea6c194ba1/screenshot - {}
RESULT: {}
COMMAND: POST /session/a61471faa2a572325c8c01ea6c194ba1/execute/async - {"script":"<script> [1562 bytes]","args":[{"selector":{"controlType":"sap.ui.core.Icon","viewName":"etm.portal.ui.managepartners.view.NewPartner","viewId":"application-managepartners-display-component---NewPartner","properties":{"src":{"regex":{"source":"slim\\-arrow\\-down"}}},"ancestor":{"controlType":"sap.m.ComboBox","viewName":"etm.portal.ui.managepartners.view.NewPartner","viewId":"application-managepartners-display-component---NewPartner","bindingPath":{"path":"","propertyPath":"/CATALOG","modelName":"oNewPartnerModel"}}},"wdio_ui5_key":"etmportal.ui.managepartners.view.NewPartnersap.ui.core.Icon{\"src\":{\"regex\":{\"source\":\"slim\\\\-arrow\\\\-down\"}}}{\"controlType\":\"sap.m.ComboBox\",\"viewName\":\"etm.portal.ui.managepartners.view.NewPartner\",\"viewId\":\"application-managepartners-display-component---NewPartner\",\"bindingPath\":{\"path\":\"\",\"propertyPath\":\"/CATALOG\",\"modelName\":\"oNewPartnerModel\"}}"}]}
RESULT: {"script":"<script> [1562 bytes]","args":[{"selector":{"controlType":"sap.ui.core.Icon","viewName":"etm.portal.ui.managepartners.view.NewPartner","viewId":"application-managepartners-display-component---NewPartner","properties":{"src":{"regex":{"source":"slim\\-arrow\\-down"}}},"ancestor":{"controlType":"sap.m.ComboBox","viewName":"etm.portal.ui.managepartners.view.NewPartner","viewId":"application-managepartners-display-component---NewPartner","bindingPath":{"path":"","propertyPath":"/CATALOG","modelName":"oNewPartnerModel"}}},"wdio_ui5_key":"etmportal.ui.managepartners.view.NewPartnersap.ui.core.Icon{\"src\":{\"regex\":{\"source\":\"slim\\\\-arrow\\\\-down\"}}}{\"controlType\":\"sap.m.ComboBox\",\"viewName\":\"etm.portal.ui.managepartners.view.NewPartner\",\"viewId\":\"application-managepartners-display-component---NewPartner\",\"bindingPath\":{\"path\":\"\",\"propertyPath\":\"/CATALOG\",\"modelName\":\"oNewPartnerModel\"}}"}]}
RESULT: undefined
COMMAND: POST /session/a61471faa2a572325c8c01ea6c194ba1/element - {"using":"xpath","value":"//*[@id=\"__box7-arrow\"]"}
RESULT: {"using":"xpath","value":"//*[@id=\"__box7-arrow\"]"}
COMMAND: POST /session/a61471faa2a572325c8c01ea6c194ba1/element/f.E650C83CD3BCDAFFADB668DA9E39007C.d.403B69BD33029F24A78E1FA01D156B79.e.2733/click - {}
RESULT: {}
COMMAND: GET /session/a61471faa2a572325c8c01ea6c194ba1/screenshot - {}
RESULT: {}
COMMAND: POST /session/a61471faa2a572325c8c01ea6c194ba1/element - {"using":"xpath","value":"//ul[contains(@id,\"popup-list-listUl\")]//li[.//span[text()= \"Webshop Catalog\"]]"}
RESULT: {"using":"xpath","value":"//ul[contains(@id,\"popup-list-listUl\")]//li[.//span[text()= \"Webshop Catalog\"]]"}
COMMAND: POST /session/a61471faa2a572325c8c01ea6c194ba1/element/f.E650C83CD3BCDAFFADB668DA9E39007C.d.403B69BD33029F24A78E1FA01D156B79.e.2794/click - {}
RESULT: {}
COMMAND: GET /session/a61471faa2a572325c8c01ea6c194ba1/screenshot - {}
RESULT: {}
COMMAND: POST /session/a61471faa2a572325c8c01ea6c194ba1/execute/async - {"script":"<script> [1562 bytes]","args":[{"selector":{"id":"application-managepartners-display-component---NewPartner--btnAddTableRow-img"},"wdio_ui5_key":"applicationmanagepartners-display-component---NewPartner--btnAddTableRow-img"}]}
RESULT: {"script":"<script> [1562 bytes]","args":[{"selector":{"id":"application-managepartners-display-component---NewPartner--btnAddTableRow-img"},"wdio_ui5_key":"applicationmanagepartners-display-component---NewPartner--btnAddTableRow-img"}]}
RESULT: undefined
COMMAND: POST /session/a61471faa2a572325c8c01ea6c194ba1/element - {"using":"xpath","value":"//*[@id=\"application-managepartners-display-component---NewPartner--btnAddTableRow-img\"]"}
RESULT: {"using":"xpath","value":"//*[@id=\"application-managepartners-display-component---NewPartner--btnAddTableRow-img\"]"}
COMMAND: POST /session/a61471faa2a572325c8c01ea6c194ba1/element/f.E650C83CD3BCDAFFADB668DA9E39007C.d.403B69BD33029F24A78E1FA01D156B79.e.2795/click - {}
RESULT: {}
COMMAND: GET /session/a61471faa2a572325c8c01ea6c194ba1/screenshot - {}
RESULT: {}
COMMAND: POST /session/a61471faa2a572325c8c01ea6c194ba1/element - {"using":"xpath","value":"//input[@id=\"application-managepartners-display-component---NewPartner--assignmentYard-application-managepartners-display-component---NewPartner--assignmentsTable-0-inner\"]"}
RESULT: {"using":"xpath","value":"//input[@id=\"application-managepartners-display-component---NewPartner--assignmentYard-application-managepartners-display-component---NewPartner--assignmentsTable-0-inner\"]"}
COMMAND: POST /session/a61471faa2a572325c8c01ea6c194ba1/element/f.E650C83CD3BCDAFFADB668DA9E39007C.d.403B69BD33029F24A78E1FA01D156B79.e.2798/clear - {}
RESULT: {}
COMMAND: POST /session/a61471faa2a572325c8c01ea6c194ba1/element/f.E650C83CD3BCDAFFADB668DA9E39007C.d.403B69BD33029F24A78E1FA01D156B79.e.2798/value - {"text":"257"}
COMMAND: GET /session/a61471faa2a572325c8c01ea6c194ba1/screenshot - {}
RESULT: {"text":"257"}
COMMAND: GET /session/a61471faa2a572325c8c01ea6c194ba1/screenshot - {}
RESULT: {}
RESULT: {}
COMMAND: POST /session/a61471faa2a572325c8c01ea6c194ba1/element - {"using":"xpath","value":"//ul[contains(@id,\"NewPartner--assignmentsTable-0-popup-list-listUl\")]//li[.//span[text()='257']]"}
RESULT: {"using":"xpath","value":"//ul[contains(@id,\"NewPartner--assignmentsTable-0-popup-list-listUl\")]//li[.//span[text()='257']]"}
COMMAND: POST /session/a61471faa2a572325c8c01ea6c194ba1/element/f.E650C83CD3BCDAFFADB668DA9E39007C.d.403B69BD33029F24A78E1FA01D156B79.e.2806/click - {}
RESULT: {}
COMMAND: GET /session/a61471faa2a572325c8c01ea6c194ba1/screenshot - {}
RESULT: {}
COMMAND: POST /session/a61471faa2a572325c8c01ea6c194ba1/actions - {"actions":[{"id":"action6","type":"key","parameters":{},"actions":[{"type":"keyDown","value":""},{"type":"pause","duration":10},{"type":"keyUp","value":""}]}]}
RESULT: {"actions":[{"id":"action6","type":"key","parameters":{},"actions":[{"type":"keyDown","value":""},{"type":"pause","duration":10},{"type":"keyUp","value":""}]}]}
COMMAND: POST /session/a61471faa2a572325c8c01ea6c194ba1/element - {"using":"xpath","value":"//td[contains(@id, \"assignmentsTable-0-cell2\")]/div/div"}
COMMAND: GET /session/a61471faa2a572325c8c01ea6c194ba1/screenshot - {}
RESULT: {"using":"xpath","value":"//td[contains(@id, \"assignmentsTable-0-cell2\")]/div/div"}
COMMAND: POST /session/a61471faa2a572325c8c01ea6c194ba1/element/f.E650C83CD3BCDAFFADB668DA9E39007C.d.403B69BD33029F24A78E1FA01D156B79.e.2809/click - {}
RESULT: {}
RESULT: {}
COMMAND: GET /session/a61471faa2a572325c8c01ea6c194ba1/screenshot - {}
RESULT: {}
COMMAND: POST /session/a61471faa2a572325c8c01ea6c194ba1/element - {"using":"xpath","value":"//button[@data-kt=\"saveButton\"]"}
RESULT: {"using":"xpath","value":"//button[@data-kt=\"saveButton\"]"}
COMMAND: POST /session/a61471faa2a572325c8c01ea6c194ba1/element/f.E650C83CD3BCDAFFADB668DA9E39007C.d.403B69BD33029F24A78E1FA01D156B79.e.2690/click - {}
RESULT: {}
COMMAND: GET /session/a61471faa2a572325c8c01ea6c194ba1/screenshot - {}
RESULT: {}
COMMAND: POST /session/a61471faa2a572325c8c01ea6c194ba1/element - {"using":"xpath","value":"//header[contains(@id, 'ObjectPageLayout-headerTitle')]/div[1]/div[2]/div[2]/span[1]"}
RESULT: {"using":"xpath","value":"//header[contains(@id, 'ObjectPageLayout-headerTitle')]/div[1]/div[2]/div[2]/span[1]"}
COMMAND: POST /session/a61471faa2a572325c8c01ea6c194ba1/elements - {"using":"xpath","value":"//header[contains(@id, 'ObjectPageLayout-headerTitle')]/div[1]/div[2]/div[2]/span[1]"}
RESULT: {"using":"xpath","value":"//header[contains(@id, 'ObjectPageLayout-headerTitle')]/div[1]/div[2]/div[2]/span[1]"}
COMMAND: POST /session/a61471faa2a572325c8c01ea6c194ba1/execute/sync - {"script":"<script> [56 bytes]","args":[{"element-6066-11e4-a52e-4f735466cecf":"f.E650C83CD3BCDAFFADB668DA9E39007C.d.403B69BD33029F24A78E1FA01D156B79.e.2971","ELEMENT":"f.E650C83CD3BCDAFFADB668DA9E39007C.d.403B69BD33029F24A78E1FA01D156B79.e.2971"}]}
RESULT: {"script":"<script> [56 bytes]","args":[{"element-6066-11e4-a52e-4f735466cecf":"f.E650C83CD3BCDAFFADB668DA9E39007C.d.403B69BD33029F24A78E1FA01D156B79.e.2971","ELEMENT":"f.E650C83CD3BCDAFFADB668DA9E39007C.d.403B69BD33029F24A78E1FA01D156B79.e.2971"}]}
COMMAND: POST /session/a61471faa2a572325c8c01ea6c194ba1/element - {"using":"css selector","value":"#shell-header-logo"}
COMMAND: GET /session/a61471faa2a572325c8c01ea6c194ba1/screenshot - {}
RESULT: {"using":"css selector","value":"#shell-header-logo"}
COMMAND: POST /session/a61471faa2a572325c8c01ea6c194ba1/element/f.E650C83CD3BCDAFFADB668DA9E39007C.d.403B69BD33029F24A78E1FA01D156B79.e.2294/click - {}
RESULT: {}
RESULT: {}
COMMAND: GET /session/a61471faa2a572325c8c01ea6c194ba1/screenshot - {}
RESULT: {}
COMMAND: POST /session/a61471faa2a572325c8c01ea6c194ba1/execute/sync - {"script":"<script> [299 bytes]","args":[["getModel","getResource"]]}
RESULT: {"script":"<script> [299 bytes]","args":[["getModel","getResource"]]}
]]></system-out>
    </testcase>
    <testcase classname="chrome.137_0_7151_69.windows.Create_partner_US118246" name="Should create a new yard in case create yard failed" time="0.003"/>
    <testcase classname="chrome.137_0_7151_69.windows.Create_partner_US118246" name="Should create new external WHM partner" time="177.046">
      <failure/>
      <error message="Can't call click on element with selector &quot;//ul[contains(@id,&quot;popup-list-listUl&quot;)]//li[.//span[text()= &quot;Webshop Catalog&quot;]]&quot; because element wasn't found"/>
      <system-out><![CDATA[
COMMAND: GET /session/a61471faa2a572325c8c01ea6c194ba1/screenshot - {}
COMMAND: POST /session/a61471faa2a572325c8c01ea6c194ba1/window/fullscreen - {}
RESULT: {}
RESULT: {}
RESULT: undefined
COMMAND: POST /session/a61471faa2a572325c8c01ea6c194ba1/element - {"using":"xpath","value":"//*[@id=\"__tile39\"]"}
RESULT: {"using":"xpath","value":"//*[@id=\"__tile39\"]"}
COMMAND: POST /session/a61471faa2a572325c8c01ea6c194ba1/element/f.E650C83CD3BCDAFFADB668DA9E39007C.d.403B69BD33029F24A78E1FA01D156B79.e.2184/click - {}
RESULT: {}
COMMAND: GET /session/a61471faa2a572325c8c01ea6c194ba1/screenshot - {}
RESULT: {}
COMMAND: POST /session/a61471faa2a572325c8c01ea6c194ba1/elements - {"using":"xpath","value":"//span[text()='Error']"}
RESULT: {"using":"xpath","value":"//span[text()='Error']"}
COMMAND: POST /session/a61471faa2a572325c8c01ea6c194ba1/element - {"using":"xpath","value":"//button[@data-kt=\"addButton\"]"}
RESULT: {"using":"xpath","value":"//button[@data-kt=\"addButton\"]"}
COMMAND: POST /session/a61471faa2a572325c8c01ea6c194ba1/elements - {"using":"xpath","value":"//button[@data-kt=\"addButton\"]"}
RESULT: {"using":"xpath","value":"//button[@data-kt=\"addButton\"]"}
COMMAND: POST /session/a61471faa2a572325c8c01ea6c194ba1/elements - {"using":"xpath","value":"//button[@data-kt=\"addButton\"]"}
RESULT: {"using":"xpath","value":"//button[@data-kt=\"addButton\"]"}
COMMAND: POST /session/a61471faa2a572325c8c01ea6c194ba1/element - {"using":"xpath","value":"//button[@data-kt=\"addButton\"]"}
RESULT: {"using":"xpath","value":"//button[@data-kt=\"addButton\"]"}
COMMAND: POST /session/a61471faa2a572325c8c01ea6c194ba1/execute/sync - {"script":"<script> [8489 bytes]","args":[{"element-6066-11e4-a52e-4f735466cecf":"f.E650C83CD3BCDAFFADB668DA9E39007C.d.403B69BD33029F24A78E1FA01D156B79.e.3018","ELEMENT":"f.E650C83CD3BCDAFFADB668DA9E39007C.d.403B69BD33029F24A78E1FA01D156B79.e.3018"}]}
RESULT: {"script":"<script> [8489 bytes]","args":[{"element-6066-11e4-a52e-4f735466cecf":"f.E650C83CD3BCDAFFADB668DA9E39007C.d.403B69BD33029F24A78E1FA01D156B79.e.3018","ELEMENT":"f.E650C83CD3BCDAFFADB668DA9E39007C.d.403B69BD33029F24A78E1FA01D156B79.e.3018"}]}
COMMAND: GET /session/a61471faa2a572325c8c01ea6c194ba1/element/f.E650C83CD3BCDAFFADB668DA9E39007C.d.403B69BD33029F24A78E1FA01D156B79.e.3018/enabled - {}
COMMAND: GET /session/a61471faa2a572325c8c01ea6c194ba1/screenshot - {}
RESULT: {}
COMMAND: POST /session/a61471faa2a572325c8c01ea6c194ba1/execute/sync - {"script":"<script> [8489 bytes]","args":[{"element-6066-11e4-a52e-4f735466cecf":"f.E650C83CD3BCDAFFADB668DA9E39007C.d.403B69BD33029F24A78E1FA01D156B79.e.3018","ELEMENT":"f.E650C83CD3BCDAFFADB668DA9E39007C.d.403B69BD33029F24A78E1FA01D156B79.e.3018"}]}
COMMAND: GET /session/a61471faa2a572325c8c01ea6c194ba1/screenshot - {}
RESULT: {}
RESULT: {"script":"<script> [8489 bytes]","args":[{"element-6066-11e4-a52e-4f735466cecf":"f.E650C83CD3BCDAFFADB668DA9E39007C.d.403B69BD33029F24A78E1FA01D156B79.e.3018","ELEMENT":"f.E650C83CD3BCDAFFADB668DA9E39007C.d.403B69BD33029F24A78E1FA01D156B79.e.3018"}]}
COMMAND: POST /session/a61471faa2a572325c8c01ea6c194ba1/execute/sync - {"script":"<script> [5351 bytes]","args":[{"element-6066-11e4-a52e-4f735466cecf":"f.E650C83CD3BCDAFFADB668DA9E39007C.d.403B69BD33029F24A78E1FA01D156B79.e.3018","ELEMENT":"f.E650C83CD3BCDAFFADB668DA9E39007C.d.403B69BD33029F24A78E1FA01D156B79.e.3018"}]}
COMMAND: GET /session/a61471faa2a572325c8c01ea6c194ba1/screenshot - {}
RESULT: {}
RESULT: {"script":"<script> [5351 bytes]","args":[{"element-6066-11e4-a52e-4f735466cecf":"f.E650C83CD3BCDAFFADB668DA9E39007C.d.403B69BD33029F24A78E1FA01D156B79.e.3018","ELEMENT":"f.E650C83CD3BCDAFFADB668DA9E39007C.d.403B69BD33029F24A78E1FA01D156B79.e.3018"}]}
COMMAND: POST /session/a61471faa2a572325c8c01ea6c194ba1/element/f.E650C83CD3BCDAFFADB668DA9E39007C.d.403B69BD33029F24A78E1FA01D156B79.e.3018/click - {}
COMMAND: GET /session/a61471faa2a572325c8c01ea6c194ba1/screenshot - {}
RESULT: {}
RESULT: {}
COMMAND: GET /session/a61471faa2a572325c8c01ea6c194ba1/screenshot - {}
RESULT: undefined
COMMAND: POST /session/a61471faa2a572325c8c01ea6c194ba1/execute/async - {"script":"<script> [776 bytes]","args":[{"enterText":"External Partner WDIO","selector":{"id":"application-managepartners-display-component---NewPartner--addressDetailDetailsName1","interaction":{"idSuffix":"inner"}},"clearTextFirst":true,"interactionType":"ENTER_TEXT"}]}
RESULT: {}
RESULT: {}
RESULT: {"script":"<script> [776 bytes]","args":[{"enterText":"External Partner WDIO","selector":{"id":"application-managepartners-display-component---NewPartner--addressDetailDetailsName1","interaction":{"idSuffix":"inner"}},"clearTextFirst":true,"interactionType":"ENTER_TEXT"}]}
RESULT: undefined
COMMAND: POST /session/a61471faa2a572325c8c01ea6c194ba1/element - {"using":"xpath","value":"//*[@id=\"application-managepartners-display-component---NewPartner--addressDetailDetailsLanguage-arrow\"]"}
RESULT: {"using":"xpath","value":"//*[@id=\"application-managepartners-display-component---NewPartner--addressDetailDetailsLanguage-arrow\"]"}
COMMAND: POST /session/a61471faa2a572325c8c01ea6c194ba1/element/f.E650C83CD3BCDAFFADB668DA9E39007C.d.403B69BD33029F24A78E1FA01D156B79.e.3452/click - {}
RESULT: {}
COMMAND: POST /session/a61471faa2a572325c8c01ea6c194ba1/element - {"using":"xpath","value":"//span[contains(text(), \"English\")]"}
COMMAND: GET /session/a61471faa2a572325c8c01ea6c194ba1/screenshot - {}
RESULT: {"using":"xpath","value":"//span[contains(text(), \"English\")]"}
COMMAND: POST /session/a61471faa2a572325c8c01ea6c194ba1/element/f.E650C83CD3BCDAFFADB668DA9E39007C.d.403B69BD33029F24A78E1FA01D156B79.e.3453/click - {}
RESULT: {}
RESULT: {}
COMMAND: GET /session/a61471faa2a572325c8c01ea6c194ba1/screenshot - {}
RESULT: {}
RESULT: undefined
COMMAND: POST /session/a61471faa2a572325c8c01ea6c194ba1/execute/async - {"script":"<script> [776 bytes]","args":[{"enterText":"Rosario","selector":{"id":"application-managepartners-display-component---NewPartner--addressDetailDetailsCity1","interaction":{"idSuffix":"inner"}},"clearTextFirst":true,"interactionType":"ENTER_TEXT"}]}
RESULT: {"script":"<script> [776 bytes]","args":[{"enterText":"Rosario","selector":{"id":"application-managepartners-display-component---NewPartner--addressDetailDetailsCity1","interaction":{"idSuffix":"inner"}},"clearTextFirst":true,"interactionType":"ENTER_TEXT"}]}
RESULT: undefined
COMMAND: POST /session/a61471faa2a572325c8c01ea6c194ba1/element - {"using":"xpath","value":"//*[@id=\"application-managepartners-display-component---NewPartner--addressDetailDetailsCountry-arrow\"]"}
RESULT: {"using":"xpath","value":"//*[@id=\"application-managepartners-display-component---NewPartner--addressDetailDetailsCountry-arrow\"]"}
COMMAND: POST /session/a61471faa2a572325c8c01ea6c194ba1/element/f.E650C83CD3BCDAFFADB668DA9E39007C.d.403B69BD33029F24A78E1FA01D156B79.e.3410/click - {}
RESULT: {}
COMMAND: POST /session/a61471faa2a572325c8c01ea6c194ba1/element - {"using":"xpath","value":"//span[contains(text(), \"Argentina\")]"}
COMMAND: GET /session/a61471faa2a572325c8c01ea6c194ba1/screenshot - {}
RESULT: {"using":"xpath","value":"//span[contains(text(), \"Argentina\")]"}
COMMAND: POST /session/a61471faa2a572325c8c01ea6c194ba1/element/f.E650C83CD3BCDAFFADB668DA9E39007C.d.403B69BD33029F24A78E1FA01D156B79.e.3454/click - {}
RESULT: {}
RESULT: {}
COMMAND: GET /session/a61471faa2a572325c8c01ea6c194ba1/screenshot - {}
RESULT: {}
COMMAND: POST /session/a61471faa2a572325c8c01ea6c194ba1/element - {"using":"xpath","value":"//bdi[contains(text(), \"Commercial\")]"}
RESULT: {"using":"xpath","value":"//bdi[contains(text(), \"Commercial\")]"}
COMMAND: POST /session/a61471faa2a572325c8c01ea6c194ba1/element/f.E650C83CD3BCDAFFADB668DA9E39007C.d.403B69BD33029F24A78E1FA01D156B79.e.3455/click - {}
RESULT: {}
COMMAND: GET /session/a61471faa2a572325c8c01ea6c194ba1/screenshot - {}
RESULT: {}
RESULT: undefined
COMMAND: POST /session/a61471faa2a572325c8c01ea6c194ba1/element - {"using":"xpath","value":"//*[@id=\"application-managepartners-display-component---NewPartner--partnerDetailInternal-arrow\"]"}
RESULT: {"using":"xpath","value":"//*[@id=\"application-managepartners-display-component---NewPartner--partnerDetailInternal-arrow\"]"}
COMMAND: POST /session/a61471faa2a572325c8c01ea6c194ba1/element/f.E650C83CD3BCDAFFADB668DA9E39007C.d.403B69BD33029F24A78E1FA01D156B79.e.3463/click - {}
RESULT: {}
COMMAND: POST /session/a61471faa2a572325c8c01ea6c194ba1/element - {"using":"xpath","value":"//span[contains(text(), \"External partner\")]"}
COMMAND: GET /session/a61471faa2a572325c8c01ea6c194ba1/screenshot - {}
RESULT: {"using":"xpath","value":"//span[contains(text(), \"External partner\")]"}
COMMAND: POST /session/a61471faa2a572325c8c01ea6c194ba1/element/f.E650C83CD3BCDAFFADB668DA9E39007C.d.403B69BD33029F24A78E1FA01D156B79.e.3464/click - {}
RESULT: {}
RESULT: {}
RESULT: undefined
COMMAND: POST /session/a61471faa2a572325c8c01ea6c194ba1/element - {"using":"xpath","value":"//*[@id=\"application-managepartners-display-component---NewPartner--partnerDetailsCurrency-arrow\"]"}
COMMAND: GET /session/a61471faa2a572325c8c01ea6c194ba1/screenshot - {}
RESULT: {"using":"xpath","value":"//*[@id=\"application-managepartners-display-component---NewPartner--partnerDetailsCurrency-arrow\"]"}
COMMAND: POST /session/a61471faa2a572325c8c01ea6c194ba1/element/f.E650C83CD3BCDAFFADB668DA9E39007C.d.403B69BD33029F24A78E1FA01D156B79.e.3469/click - {}
RESULT: {}
RESULT: {}
COMMAND: POST /session/a61471faa2a572325c8c01ea6c194ba1/element - {"using":"xpath","value":"//span[contains(text(), \"US Dollar\")]"}
COMMAND: GET /session/a61471faa2a572325c8c01ea6c194ba1/screenshot - {}
RESULT: {"using":"xpath","value":"//span[contains(text(), \"US Dollar\")]"}
COMMAND: POST /session/a61471faa2a572325c8c01ea6c194ba1/element/f.E650C83CD3BCDAFFADB668DA9E39007C.d.403B69BD33029F24A78E1FA01D156B79.e.3470/click - {}
RESULT: {}
RESULT: {}
COMMAND: GET /session/a61471faa2a572325c8c01ea6c194ba1/screenshot - {}
RESULT: {}
COMMAND: POST /session/a61471faa2a572325c8c01ea6c194ba1/element - {"using":"xpath","value":"//input[@id=\"application-managepartners-display-component---NewPartner--companyCodeComboBox-inner\"]"}
RESULT: {"using":"xpath","value":"//input[@id=\"application-managepartners-display-component---NewPartner--companyCodeComboBox-inner\"]"}
COMMAND: POST /session/a61471faa2a572325c8c01ea6c194ba1/element/f.E650C83CD3BCDAFFADB668DA9E39007C.d.403B69BD33029F24A78E1FA01D156B79.e.3405/clear - {}
RESULT: {}
COMMAND: POST /session/a61471faa2a572325c8c01ea6c194ba1/element/f.E650C83CD3BCDAFFADB668DA9E39007C.d.403B69BD33029F24A78E1FA01D156B79.e.3405/value - {"text":"C002"}
COMMAND: GET /session/a61471faa2a572325c8c01ea6c194ba1/screenshot - {}
RESULT: {"text":"C002"}
COMMAND: GET /session/a61471faa2a572325c8c01ea6c194ba1/screenshot - {}
RESULT: {}
RESULT: {}
COMMAND: POST /session/a61471faa2a572325c8c01ea6c194ba1/element - {"using":"xpath","value":"//li[.//span[text()= \"C002\"]]"}
RESULT: {"using":"xpath","value":"//li[.//span[text()= \"C002\"]]"}
COMMAND: POST /session/a61471faa2a572325c8c01ea6c194ba1/element/f.E650C83CD3BCDAFFADB668DA9E39007C.d.403B69BD33029F24A78E1FA01D156B79.e.3474/click - {}
RESULT: {}
COMMAND: GET /session/a61471faa2a572325c8c01ea6c194ba1/screenshot - {}
RESULT: {}
RESULT: undefined
COMMAND: POST /session/a61471faa2a572325c8c01ea6c194ba1/element - {"using":"xpath","value":"//*[@id=\"__box7-arrow\"]"}
RESULT: {"using":"xpath","value":"//*[@id=\"__box7-arrow\"]"}
COMMAND: POST /session/a61471faa2a572325c8c01ea6c194ba1/elements - {"using":"xpath","value":"//*[@id=\"__box7-arrow\"]"}
RESULT: {"using":"xpath","value":"//*[@id=\"__box7-arrow\"]"}
COMMAND: POST /session/a61471faa2a572325c8c01ea6c194ba1/elements - {"using":"xpath","value":"//*[@id=\"__box7-arrow\"]"}
RESULT: {"using":"xpath","value":"//*[@id=\"__box7-arrow\"]"}
COMMAND: POST /session/a61471faa2a572325c8c01ea6c194ba1/elements - {"using":"xpath","value":"//*[@id=\"__box7-arrow\"]"}
RESULT: {"using":"xpath","value":"//*[@id=\"__box7-arrow\"]"}
COMMAND: POST /session/a61471faa2a572325c8c01ea6c194ba1/elements - {"using":"xpath","value":"//*[@id=\"__box7-arrow\"]"}
RESULT: {"using":"xpath","value":"//*[@id=\"__box7-arrow\"]"}
COMMAND: POST /session/a61471faa2a572325c8c01ea6c194ba1/elements - {"using":"xpath","value":"//*[@id=\"__box7-arrow\"]"}
RESULT: {"using":"xpath","value":"//*[@id=\"__box7-arrow\"]"}
COMMAND: POST /session/a61471faa2a572325c8c01ea6c194ba1/elements - {"using":"xpath","value":"//*[@id=\"__box7-arrow\"]"}
RESULT: {"using":"xpath","value":"//*[@id=\"__box7-arrow\"]"}
COMMAND: POST /session/a61471faa2a572325c8c01ea6c194ba1/elements - {"using":"xpath","value":"//*[@id=\"__box7-arrow\"]"}
RESULT: {"using":"xpath","value":"//*[@id=\"__box7-arrow\"]"}
COMMAND: POST /session/a61471faa2a572325c8c01ea6c194ba1/elements - {"using":"xpath","value":"//*[@id=\"__box7-arrow\"]"}
RESULT: {"using":"xpath","value":"//*[@id=\"__box7-arrow\"]"}
COMMAND: POST /session/a61471faa2a572325c8c01ea6c194ba1/elements - {"using":"xpath","value":"//*[@id=\"__box7-arrow\"]"}
RESULT: {"using":"xpath","value":"//*[@id=\"__box7-arrow\"]"}
COMMAND: POST /session/a61471faa2a572325c8c01ea6c194ba1/elements - {"using":"xpath","value":"//*[@id=\"__box7-arrow\"]"}
RESULT: {"using":"xpath","value":"//*[@id=\"__box7-arrow\"]"}
COMMAND: POST /session/a61471faa2a572325c8c01ea6c194ba1/elements - {"using":"xpath","value":"//*[@id=\"__box7-arrow\"]"}
RESULT: {"using":"xpath","value":"//*[@id=\"__box7-arrow\"]"}
COMMAND: POST /session/a61471faa2a572325c8c01ea6c194ba1/elements - {"using":"xpath","value":"//*[@id=\"__box7-arrow\"]"}
RESULT: {"using":"xpath","value":"//*[@id=\"__box7-arrow\"]"}
COMMAND: POST /session/a61471faa2a572325c8c01ea6c194ba1/elements - {"using":"xpath","value":"//*[@id=\"__box7-arrow\"]"}
RESULT: {"using":"xpath","value":"//*[@id=\"__box7-arrow\"]"}
COMMAND: POST /session/a61471faa2a572325c8c01ea6c194ba1/elements - {"using":"xpath","value":"//*[@id=\"__box7-arrow\"]"}
RESULT: {"using":"xpath","value":"//*[@id=\"__box7-arrow\"]"}
COMMAND: POST /session/a61471faa2a572325c8c01ea6c194ba1/elements - {"using":"xpath","value":"//*[@id=\"__box7-arrow\"]"}
RESULT: {"using":"xpath","value":"//*[@id=\"__box7-arrow\"]"}
COMMAND: POST /session/a61471faa2a572325c8c01ea6c194ba1/elements - {"using":"xpath","value":"//*[@id=\"__box7-arrow\"]"}
RESULT: {"using":"xpath","value":"//*[@id=\"__box7-arrow\"]"}
COMMAND: POST /session/a61471faa2a572325c8c01ea6c194ba1/elements - {"using":"xpath","value":"//*[@id=\"__box7-arrow\"]"}
RESULT: {"using":"xpath","value":"//*[@id=\"__box7-arrow\"]"}
COMMAND: POST /session/a61471faa2a572325c8c01ea6c194ba1/elements - {"using":"xpath","value":"//*[@id=\"__box7-arrow\"]"}
RESULT: {"using":"xpath","value":"//*[@id=\"__box7-arrow\"]"}
COMMAND: POST /session/a61471faa2a572325c8c01ea6c194ba1/elements - {"using":"xpath","value":"//*[@id=\"__box7-arrow\"]"}
RESULT: {"using":"xpath","value":"//*[@id=\"__box7-arrow\"]"}
COMMAND: POST /session/a61471faa2a572325c8c01ea6c194ba1/elements - {"using":"xpath","value":"//*[@id=\"__box7-arrow\"]"}
RESULT: {"using":"xpath","value":"//*[@id=\"__box7-arrow\"]"}
COMMAND: POST /session/a61471faa2a572325c8c01ea6c194ba1/elements - {"using":"xpath","value":"//*[@id=\"__box7-arrow\"]"}
RESULT: {"using":"xpath","value":"//*[@id=\"__box7-arrow\"]"}
COMMAND: POST /session/a61471faa2a572325c8c01ea6c194ba1/elements - {"using":"xpath","value":"//*[@id=\"__box7-arrow\"]"}
RESULT: {"using":"xpath","value":"//*[@id=\"__box7-arrow\"]"}
COMMAND: POST /session/a61471faa2a572325c8c01ea6c194ba1/elements - {"using":"xpath","value":"//*[@id=\"__box7-arrow\"]"}
RESULT: {"using":"xpath","value":"//*[@id=\"__box7-arrow\"]"}
COMMAND: POST /session/a61471faa2a572325c8c01ea6c194ba1/elements - {"using":"xpath","value":"//*[@id=\"__box7-arrow\"]"}
RESULT: {"using":"xpath","value":"//*[@id=\"__box7-arrow\"]"}
COMMAND: POST /session/a61471faa2a572325c8c01ea6c194ba1/elements - {"using":"xpath","value":"//*[@id=\"__box7-arrow\"]"}
RESULT: {"using":"xpath","value":"//*[@id=\"__box7-arrow\"]"}
COMMAND: POST /session/a61471faa2a572325c8c01ea6c194ba1/elements - {"using":"xpath","value":"//*[@id=\"__box7-arrow\"]"}
RESULT: {"using":"xpath","value":"//*[@id=\"__box7-arrow\"]"}
COMMAND: POST /session/a61471faa2a572325c8c01ea6c194ba1/elements - {"using":"xpath","value":"//*[@id=\"__box7-arrow\"]"}
RESULT: {"using":"xpath","value":"//*[@id=\"__box7-arrow\"]"}
COMMAND: POST /session/a61471faa2a572325c8c01ea6c194ba1/elements - {"using":"xpath","value":"//*[@id=\"__box7-arrow\"]"}
RESULT: {"using":"xpath","value":"//*[@id=\"__box7-arrow\"]"}
COMMAND: POST /session/a61471faa2a572325c8c01ea6c194ba1/elements - {"using":"xpath","value":"//*[@id=\"__box7-arrow\"]"}
RESULT: {"using":"xpath","value":"//*[@id=\"__box7-arrow\"]"}
COMMAND: POST /session/a61471faa2a572325c8c01ea6c194ba1/elements - {"using":"xpath","value":"//*[@id=\"__box7-arrow\"]"}
RESULT: {"using":"xpath","value":"//*[@id=\"__box7-arrow\"]"}
COMMAND: POST /session/a61471faa2a572325c8c01ea6c194ba1/elements - {"using":"xpath","value":"//*[@id=\"__box7-arrow\"]"}
RESULT: {"using":"xpath","value":"//*[@id=\"__box7-arrow\"]"}
COMMAND: POST /session/a61471faa2a572325c8c01ea6c194ba1/elements - {"using":"xpath","value":"//*[@id=\"__box7-arrow\"]"}
RESULT: {"using":"xpath","value":"//*[@id=\"__box7-arrow\"]"}
COMMAND: POST /session/a61471faa2a572325c8c01ea6c194ba1/elements - {"using":"xpath","value":"//*[@id=\"__box7-arrow\"]"}
RESULT: {"using":"xpath","value":"//*[@id=\"__box7-arrow\"]"}
COMMAND: POST /session/a61471faa2a572325c8c01ea6c194ba1/elements - {"using":"xpath","value":"//*[@id=\"__box7-arrow\"]"}
RESULT: {"using":"xpath","value":"//*[@id=\"__box7-arrow\"]"}
COMMAND: POST /session/a61471faa2a572325c8c01ea6c194ba1/elements - {"using":"xpath","value":"//*[@id=\"__box7-arrow\"]"}
RESULT: {"using":"xpath","value":"//*[@id=\"__box7-arrow\"]"}
COMMAND: POST /session/a61471faa2a572325c8c01ea6c194ba1/elements - {"using":"xpath","value":"//*[@id=\"__box7-arrow\"]"}
RESULT: {"using":"xpath","value":"//*[@id=\"__box7-arrow\"]"}
COMMAND: POST /session/a61471faa2a572325c8c01ea6c194ba1/elements - {"using":"xpath","value":"//*[@id=\"__box7-arrow\"]"}
RESULT: {"using":"xpath","value":"//*[@id=\"__box7-arrow\"]"}
COMMAND: POST /session/a61471faa2a572325c8c01ea6c194ba1/elements - {"using":"xpath","value":"//*[@id=\"__box7-arrow\"]"}
RESULT: {"using":"xpath","value":"//*[@id=\"__box7-arrow\"]"}
COMMAND: POST /session/a61471faa2a572325c8c01ea6c194ba1/elements - {"using":"xpath","value":"//*[@id=\"__box7-arrow\"]"}
RESULT: {"using":"xpath","value":"//*[@id=\"__box7-arrow\"]"}
COMMAND: POST /session/a61471faa2a572325c8c01ea6c194ba1/elements - {"using":"xpath","value":"//*[@id=\"__box7-arrow\"]"}
RESULT: {"using":"xpath","value":"//*[@id=\"__box7-arrow\"]"}
COMMAND: POST /session/a61471faa2a572325c8c01ea6c194ba1/elements - {"using":"xpath","value":"//*[@id=\"__box7-arrow\"]"}
RESULT: {"using":"xpath","value":"//*[@id=\"__box7-arrow\"]"}
COMMAND: POST /session/a61471faa2a572325c8c01ea6c194ba1/elements - {"using":"xpath","value":"//*[@id=\"__box7-arrow\"]"}
RESULT: {"using":"xpath","value":"//*[@id=\"__box7-arrow\"]"}
COMMAND: POST /session/a61471faa2a572325c8c01ea6c194ba1/elements - {"using":"xpath","value":"//*[@id=\"__box7-arrow\"]"}
RESULT: {"using":"xpath","value":"//*[@id=\"__box7-arrow\"]"}
COMMAND: POST /session/a61471faa2a572325c8c01ea6c194ba1/elements - {"using":"xpath","value":"//*[@id=\"__box7-arrow\"]"}
RESULT: {"using":"xpath","value":"//*[@id=\"__box7-arrow\"]"}
COMMAND: POST /session/a61471faa2a572325c8c01ea6c194ba1/elements - {"using":"xpath","value":"//*[@id=\"__box7-arrow\"]"}
RESULT: {"using":"xpath","value":"//*[@id=\"__box7-arrow\"]"}
COMMAND: POST /session/a61471faa2a572325c8c01ea6c194ba1/elements - {"using":"xpath","value":"//*[@id=\"__box7-arrow\"]"}
RESULT: {"using":"xpath","value":"//*[@id=\"__box7-arrow\"]"}
COMMAND: POST /session/a61471faa2a572325c8c01ea6c194ba1/elements - {"using":"xpath","value":"//*[@id=\"__box7-arrow\"]"}
RESULT: {"using":"xpath","value":"//*[@id=\"__box7-arrow\"]"}
COMMAND: POST /session/a61471faa2a572325c8c01ea6c194ba1/elements - {"using":"xpath","value":"//*[@id=\"__box7-arrow\"]"}
RESULT: {"using":"xpath","value":"//*[@id=\"__box7-arrow\"]"}
COMMAND: POST /session/a61471faa2a572325c8c01ea6c194ba1/elements - {"using":"xpath","value":"//*[@id=\"__box7-arrow\"]"}
RESULT: {"using":"xpath","value":"//*[@id=\"__box7-arrow\"]"}
COMMAND: POST /session/a61471faa2a572325c8c01ea6c194ba1/elements - {"using":"xpath","value":"//*[@id=\"__box7-arrow\"]"}
RESULT: {"using":"xpath","value":"//*[@id=\"__box7-arrow\"]"}
COMMAND: POST /session/a61471faa2a572325c8c01ea6c194ba1/elements - {"using":"xpath","value":"//*[@id=\"__box7-arrow\"]"}
RESULT: {"using":"xpath","value":"//*[@id=\"__box7-arrow\"]"}
COMMAND: POST /session/a61471faa2a572325c8c01ea6c194ba1/elements - {"using":"xpath","value":"//*[@id=\"__box7-arrow\"]"}
RESULT: {"using":"xpath","value":"//*[@id=\"__box7-arrow\"]"}
COMMAND: POST /session/a61471faa2a572325c8c01ea6c194ba1/elements - {"using":"xpath","value":"//*[@id=\"__box7-arrow\"]"}
RESULT: {"using":"xpath","value":"//*[@id=\"__box7-arrow\"]"}
COMMAND: POST /session/a61471faa2a572325c8c01ea6c194ba1/elements - {"using":"xpath","value":"//*[@id=\"__box7-arrow\"]"}
RESULT: {"using":"xpath","value":"//*[@id=\"__box7-arrow\"]"}
COMMAND: POST /session/a61471faa2a572325c8c01ea6c194ba1/elements - {"using":"xpath","value":"//*[@id=\"__box7-arrow\"]"}
RESULT: {"using":"xpath","value":"//*[@id=\"__box7-arrow\"]"}
COMMAND: POST /session/a61471faa2a572325c8c01ea6c194ba1/elements - {"using":"xpath","value":"//*[@id=\"__box7-arrow\"]"}
RESULT: {"using":"xpath","value":"//*[@id=\"__box7-arrow\"]"}
COMMAND: POST /session/a61471faa2a572325c8c01ea6c194ba1/elements - {"using":"xpath","value":"//*[@id=\"__box7-arrow\"]"}
RESULT: {"using":"xpath","value":"//*[@id=\"__box7-arrow\"]"}
COMMAND: POST /session/a61471faa2a572325c8c01ea6c194ba1/elements - {"using":"xpath","value":"//*[@id=\"__box7-arrow\"]"}
RESULT: {"using":"xpath","value":"//*[@id=\"__box7-arrow\"]"}
COMMAND: POST /session/a61471faa2a572325c8c01ea6c194ba1/elements - {"using":"xpath","value":"//*[@id=\"__box7-arrow\"]"}
RESULT: {"using":"xpath","value":"//*[@id=\"__box7-arrow\"]"}
COMMAND: POST /session/a61471faa2a572325c8c01ea6c194ba1/elements - {"using":"xpath","value":"//*[@id=\"__box7-arrow\"]"}
RESULT: {"using":"xpath","value":"//*[@id=\"__box7-arrow\"]"}
COMMAND: POST /session/a61471faa2a572325c8c01ea6c194ba1/elements - {"using":"xpath","value":"//*[@id=\"__box7-arrow\"]"}
RESULT: {"using":"xpath","value":"//*[@id=\"__box7-arrow\"]"}
COMMAND: POST /session/a61471faa2a572325c8c01ea6c194ba1/elements - {"using":"xpath","value":"//*[@id=\"__box7-arrow\"]"}
RESULT: {"using":"xpath","value":"//*[@id=\"__box7-arrow\"]"}
COMMAND: POST /session/a61471faa2a572325c8c01ea6c194ba1/elements - {"using":"xpath","value":"//*[@id=\"__box7-arrow\"]"}
RESULT: {"using":"xpath","value":"//*[@id=\"__box7-arrow\"]"}
COMMAND: POST /session/a61471faa2a572325c8c01ea6c194ba1/elements - {"using":"xpath","value":"//*[@id=\"__box7-arrow\"]"}
RESULT: {"using":"xpath","value":"//*[@id=\"__box7-arrow\"]"}
COMMAND: POST /session/a61471faa2a572325c8c01ea6c194ba1/elements - {"using":"xpath","value":"//*[@id=\"__box7-arrow\"]"}
RESULT: {"using":"xpath","value":"//*[@id=\"__box7-arrow\"]"}
COMMAND: POST /session/a61471faa2a572325c8c01ea6c194ba1/elements - {"using":"xpath","value":"//*[@id=\"__box7-arrow\"]"}
RESULT: {"using":"xpath","value":"//*[@id=\"__box7-arrow\"]"}
COMMAND: POST /session/a61471faa2a572325c8c01ea6c194ba1/elements - {"using":"xpath","value":"//*[@id=\"__box7-arrow\"]"}
RESULT: {"using":"xpath","value":"//*[@id=\"__box7-arrow\"]"}
COMMAND: POST /session/a61471faa2a572325c8c01ea6c194ba1/elements - {"using":"xpath","value":"//*[@id=\"__box7-arrow\"]"}
RESULT: {"using":"xpath","value":"//*[@id=\"__box7-arrow\"]"}
COMMAND: POST /session/a61471faa2a572325c8c01ea6c194ba1/elements - {"using":"xpath","value":"//*[@id=\"__box7-arrow\"]"}
RESULT: {"using":"xpath","value":"//*[@id=\"__box7-arrow\"]"}
COMMAND: POST /session/a61471faa2a572325c8c01ea6c194ba1/elements - {"using":"xpath","value":"//*[@id=\"__box7-arrow\"]"}
RESULT: {"using":"xpath","value":"//*[@id=\"__box7-arrow\"]"}
COMMAND: POST /session/a61471faa2a572325c8c01ea6c194ba1/elements - {"using":"xpath","value":"//*[@id=\"__box7-arrow\"]"}
RESULT: {"using":"xpath","value":"//*[@id=\"__box7-arrow\"]"}
COMMAND: POST /session/a61471faa2a572325c8c01ea6c194ba1/elements - {"using":"xpath","value":"//*[@id=\"__box7-arrow\"]"}
RESULT: {"using":"xpath","value":"//*[@id=\"__box7-arrow\"]"}
COMMAND: POST /session/a61471faa2a572325c8c01ea6c194ba1/elements - {"using":"xpath","value":"//*[@id=\"__box7-arrow\"]"}
RESULT: {"using":"xpath","value":"//*[@id=\"__box7-arrow\"]"}
COMMAND: POST /session/a61471faa2a572325c8c01ea6c194ba1/elements - {"using":"xpath","value":"//*[@id=\"__box7-arrow\"]"}
RESULT: {"using":"xpath","value":"//*[@id=\"__box7-arrow\"]"}
COMMAND: POST /session/a61471faa2a572325c8c01ea6c194ba1/elements - {"using":"xpath","value":"//*[@id=\"__box7-arrow\"]"}
RESULT: {"using":"xpath","value":"//*[@id=\"__box7-arrow\"]"}
COMMAND: POST /session/a61471faa2a572325c8c01ea6c194ba1/elements - {"using":"xpath","value":"//*[@id=\"__box7-arrow\"]"}
RESULT: {"using":"xpath","value":"//*[@id=\"__box7-arrow\"]"}
COMMAND: POST /session/a61471faa2a572325c8c01ea6c194ba1/elements - {"using":"xpath","value":"//*[@id=\"__box7-arrow\"]"}
RESULT: {"using":"xpath","value":"//*[@id=\"__box7-arrow\"]"}
COMMAND: POST /session/a61471faa2a572325c8c01ea6c194ba1/elements - {"using":"xpath","value":"//*[@id=\"__box7-arrow\"]"}
RESULT: {"using":"xpath","value":"//*[@id=\"__box7-arrow\"]"}
COMMAND: POST /session/a61471faa2a572325c8c01ea6c194ba1/elements - {"using":"xpath","value":"//*[@id=\"__box7-arrow\"]"}
RESULT: {"using":"xpath","value":"//*[@id=\"__box7-arrow\"]"}
COMMAND: POST /session/a61471faa2a572325c8c01ea6c194ba1/elements - {"using":"xpath","value":"//*[@id=\"__box7-arrow\"]"}
RESULT: {"using":"xpath","value":"//*[@id=\"__box7-arrow\"]"}
COMMAND: POST /session/a61471faa2a572325c8c01ea6c194ba1/elements - {"using":"xpath","value":"//*[@id=\"__box7-arrow\"]"}
RESULT: {"using":"xpath","value":"//*[@id=\"__box7-arrow\"]"}
COMMAND: POST /session/a61471faa2a572325c8c01ea6c194ba1/elements - {"using":"xpath","value":"//*[@id=\"__box7-arrow\"]"}
RESULT: {"using":"xpath","value":"//*[@id=\"__box7-arrow\"]"}
COMMAND: POST /session/a61471faa2a572325c8c01ea6c194ba1/elements - {"using":"xpath","value":"//*[@id=\"__box7-arrow\"]"}
RESULT: {"using":"xpath","value":"//*[@id=\"__box7-arrow\"]"}
COMMAND: POST /session/a61471faa2a572325c8c01ea6c194ba1/elements - {"using":"xpath","value":"//*[@id=\"__box7-arrow\"]"}
RESULT: {"using":"xpath","value":"//*[@id=\"__box7-arrow\"]"}
COMMAND: POST /session/a61471faa2a572325c8c01ea6c194ba1/elements - {"using":"xpath","value":"//*[@id=\"__box7-arrow\"]"}
RESULT: {"using":"xpath","value":"//*[@id=\"__box7-arrow\"]"}
COMMAND: POST /session/a61471faa2a572325c8c01ea6c194ba1/elements - {"using":"xpath","value":"//*[@id=\"__box7-arrow\"]"}
RESULT: {"using":"xpath","value":"//*[@id=\"__box7-arrow\"]"}
COMMAND: POST /session/a61471faa2a572325c8c01ea6c194ba1/elements - {"using":"xpath","value":"//*[@id=\"__box7-arrow\"]"}
RESULT: {"using":"xpath","value":"//*[@id=\"__box7-arrow\"]"}
COMMAND: POST /session/a61471faa2a572325c8c01ea6c194ba1/elements - {"using":"xpath","value":"//*[@id=\"__box7-arrow\"]"}
RESULT: {"using":"xpath","value":"//*[@id=\"__box7-arrow\"]"}
COMMAND: POST /session/a61471faa2a572325c8c01ea6c194ba1/elements - {"using":"xpath","value":"//*[@id=\"__box7-arrow\"]"}
RESULT: {"using":"xpath","value":"//*[@id=\"__box7-arrow\"]"}
COMMAND: POST /session/a61471faa2a572325c8c01ea6c194ba1/elements - {"using":"xpath","value":"//*[@id=\"__box7-arrow\"]"}
RESULT: {"using":"xpath","value":"//*[@id=\"__box7-arrow\"]"}
COMMAND: POST /session/a61471faa2a572325c8c01ea6c194ba1/elements - {"using":"xpath","value":"//*[@id=\"__box7-arrow\"]"}
RESULT: {"using":"xpath","value":"//*[@id=\"__box7-arrow\"]"}
COMMAND: POST /session/a61471faa2a572325c8c01ea6c194ba1/elements - {"using":"xpath","value":"//*[@id=\"__box7-arrow\"]"}
RESULT: {"using":"xpath","value":"//*[@id=\"__box7-arrow\"]"}
COMMAND: POST /session/a61471faa2a572325c8c01ea6c194ba1/elements - {"using":"xpath","value":"//*[@id=\"__box7-arrow\"]"}
RESULT: {"using":"xpath","value":"//*[@id=\"__box7-arrow\"]"}
COMMAND: POST /session/a61471faa2a572325c8c01ea6c194ba1/elements - {"using":"xpath","value":"//*[@id=\"__box7-arrow\"]"}
RESULT: {"using":"xpath","value":"//*[@id=\"__box7-arrow\"]"}
COMMAND: POST /session/a61471faa2a572325c8c01ea6c194ba1/elements - {"using":"xpath","value":"//*[@id=\"__box7-arrow\"]"}
RESULT: {"using":"xpath","value":"//*[@id=\"__box7-arrow\"]"}
COMMAND: POST /session/a61471faa2a572325c8c01ea6c194ba1/elements - {"using":"xpath","value":"//*[@id=\"__box7-arrow\"]"}
RESULT: {"using":"xpath","value":"//*[@id=\"__box7-arrow\"]"}
COMMAND: POST /session/a61471faa2a572325c8c01ea6c194ba1/elements - {"using":"xpath","value":"//*[@id=\"__box7-arrow\"]"}
RESULT: {"using":"xpath","value":"//*[@id=\"__box7-arrow\"]"}
COMMAND: POST /session/a61471faa2a572325c8c01ea6c194ba1/elements - {"using":"xpath","value":"//*[@id=\"__box7-arrow\"]"}
RESULT: {"using":"xpath","value":"//*[@id=\"__box7-arrow\"]"}
COMMAND: POST /session/a61471faa2a572325c8c01ea6c194ba1/elements - {"using":"xpath","value":"//*[@id=\"__box7-arrow\"]"}
RESULT: {"using":"xpath","value":"//*[@id=\"__box7-arrow\"]"}
COMMAND: POST /session/a61471faa2a572325c8c01ea6c194ba1/elements - {"using":"xpath","value":"//*[@id=\"__box7-arrow\"]"}
RESULT: {"using":"xpath","value":"//*[@id=\"__box7-arrow\"]"}
COMMAND: POST /session/a61471faa2a572325c8c01ea6c194ba1/elements - {"using":"xpath","value":"//*[@id=\"__box7-arrow\"]"}
RESULT: {"using":"xpath","value":"//*[@id=\"__box7-arrow\"]"}
COMMAND: POST /session/a61471faa2a572325c8c01ea6c194ba1/elements - {"using":"xpath","value":"//*[@id=\"__box7-arrow\"]"}
RESULT: {"using":"xpath","value":"//*[@id=\"__box7-arrow\"]"}
COMMAND: POST /session/a61471faa2a572325c8c01ea6c194ba1/elements - {"using":"xpath","value":"//*[@id=\"__box7-arrow\"]"}
RESULT: {"using":"xpath","value":"//*[@id=\"__box7-arrow\"]"}
COMMAND: POST /session/a61471faa2a572325c8c01ea6c194ba1/elements - {"using":"xpath","value":"//*[@id=\"__box7-arrow\"]"}
RESULT: {"using":"xpath","value":"//*[@id=\"__box7-arrow\"]"}
COMMAND: POST /session/a61471faa2a572325c8c01ea6c194ba1/elements - {"using":"xpath","value":"//*[@id=\"__box7-arrow\"]"}
RESULT: {"using":"xpath","value":"//*[@id=\"__box7-arrow\"]"}
COMMAND: POST /session/a61471faa2a572325c8c01ea6c194ba1/elements - {"using":"xpath","value":"//*[@id=\"__box7-arrow\"]"}
RESULT: {"using":"xpath","value":"//*[@id=\"__box7-arrow\"]"}
COMMAND: POST /session/a61471faa2a572325c8c01ea6c194ba1/elements - {"using":"xpath","value":"//*[@id=\"__box7-arrow\"]"}
RESULT: {"using":"xpath","value":"//*[@id=\"__box7-arrow\"]"}
COMMAND: POST /session/a61471faa2a572325c8c01ea6c194ba1/elements - {"using":"xpath","value":"//*[@id=\"__box7-arrow\"]"}
RESULT: {"using":"xpath","value":"//*[@id=\"__box7-arrow\"]"}
COMMAND: POST /session/a61471faa2a572325c8c01ea6c194ba1/elements - {"using":"xpath","value":"//*[@id=\"__box7-arrow\"]"}
RESULT: {"using":"xpath","value":"//*[@id=\"__box7-arrow\"]"}
COMMAND: POST /session/a61471faa2a572325c8c01ea6c194ba1/elements - {"using":"xpath","value":"//*[@id=\"__box7-arrow\"]"}
RESULT: {"using":"xpath","value":"//*[@id=\"__box7-arrow\"]"}
COMMAND: POST /session/a61471faa2a572325c8c01ea6c194ba1/elements - {"using":"xpath","value":"//*[@id=\"__box7-arrow\"]"}
RESULT: {"using":"xpath","value":"//*[@id=\"__box7-arrow\"]"}
COMMAND: POST /session/a61471faa2a572325c8c01ea6c194ba1/elements - {"using":"xpath","value":"//*[@id=\"__box7-arrow\"]"}
RESULT: {"using":"xpath","value":"//*[@id=\"__box7-arrow\"]"}
COMMAND: POST /session/a61471faa2a572325c8c01ea6c194ba1/elements - {"using":"xpath","value":"//*[@id=\"__box7-arrow\"]"}
RESULT: {"using":"xpath","value":"//*[@id=\"__box7-arrow\"]"}
COMMAND: POST /session/a61471faa2a572325c8c01ea6c194ba1/elements - {"using":"xpath","value":"//*[@id=\"__box7-arrow\"]"}
RESULT: {"using":"xpath","value":"//*[@id=\"__box7-arrow\"]"}
COMMAND: POST /session/a61471faa2a572325c8c01ea6c194ba1/elements - {"using":"xpath","value":"//*[@id=\"__box7-arrow\"]"}
RESULT: {"using":"xpath","value":"//*[@id=\"__box7-arrow\"]"}
COMMAND: POST /session/a61471faa2a572325c8c01ea6c194ba1/elements - {"using":"xpath","value":"//*[@id=\"__box7-arrow\"]"}
RESULT: {"using":"xpath","value":"//*[@id=\"__box7-arrow\"]"}
COMMAND: POST /session/a61471faa2a572325c8c01ea6c194ba1/elements - {"using":"xpath","value":"//*[@id=\"__box7-arrow\"]"}
RESULT: {"using":"xpath","value":"//*[@id=\"__box7-arrow\"]"}
COMMAND: POST /session/a61471faa2a572325c8c01ea6c194ba1/elements - {"using":"xpath","value":"//*[@id=\"__box7-arrow\"]"}
RESULT: {"using":"xpath","value":"//*[@id=\"__box7-arrow\"]"}
COMMAND: POST /session/a61471faa2a572325c8c01ea6c194ba1/elements - {"using":"xpath","value":"//*[@id=\"__box7-arrow\"]"}
RESULT: {"using":"xpath","value":"//*[@id=\"__box7-arrow\"]"}
COMMAND: POST /session/a61471faa2a572325c8c01ea6c194ba1/elements - {"using":"xpath","value":"//*[@id=\"__box7-arrow\"]"}
RESULT: {"using":"xpath","value":"//*[@id=\"__box7-arrow\"]"}
COMMAND: POST /session/a61471faa2a572325c8c01ea6c194ba1/element - {"using":"xpath","value":"//ul[contains(@id,\"popup-list-listUl\")]//li[.//span[text()= \"Webshop Catalog\"]]"}
RESULT: {"using":"xpath","value":"//ul[contains(@id,\"popup-list-listUl\")]//li[.//span[text()= \"Webshop Catalog\"]]"}
COMMAND: POST /session/a61471faa2a572325c8c01ea6c194ba1/elements - {"using":"xpath","value":"//ul[contains(@id,\"popup-list-listUl\")]//li[.//span[text()= \"Webshop Catalog\"]]"}
RESULT: {"using":"xpath","value":"//ul[contains(@id,\"popup-list-listUl\")]//li[.//span[text()= \"Webshop Catalog\"]]"}
COMMAND: POST /session/a61471faa2a572325c8c01ea6c194ba1/elements - {"using":"xpath","value":"//ul[contains(@id,\"popup-list-listUl\")]//li[.//span[text()= \"Webshop Catalog\"]]"}
RESULT: {"using":"xpath","value":"//ul[contains(@id,\"popup-list-listUl\")]//li[.//span[text()= \"Webshop Catalog\"]]"}
COMMAND: POST /session/a61471faa2a572325c8c01ea6c194ba1/elements - {"using":"xpath","value":"//ul[contains(@id,\"popup-list-listUl\")]//li[.//span[text()= \"Webshop Catalog\"]]"}
RESULT: {"using":"xpath","value":"//ul[contains(@id,\"popup-list-listUl\")]//li[.//span[text()= \"Webshop Catalog\"]]"}
COMMAND: POST /session/a61471faa2a572325c8c01ea6c194ba1/elements - {"using":"xpath","value":"//ul[contains(@id,\"popup-list-listUl\")]//li[.//span[text()= \"Webshop Catalog\"]]"}
RESULT: {"using":"xpath","value":"//ul[contains(@id,\"popup-list-listUl\")]//li[.//span[text()= \"Webshop Catalog\"]]"}
COMMAND: POST /session/a61471faa2a572325c8c01ea6c194ba1/elements - {"using":"xpath","value":"//ul[contains(@id,\"popup-list-listUl\")]//li[.//span[text()= \"Webshop Catalog\"]]"}
RESULT: {"using":"xpath","value":"//ul[contains(@id,\"popup-list-listUl\")]//li[.//span[text()= \"Webshop Catalog\"]]"}
COMMAND: POST /session/a61471faa2a572325c8c01ea6c194ba1/elements - {"using":"xpath","value":"//ul[contains(@id,\"popup-list-listUl\")]//li[.//span[text()= \"Webshop Catalog\"]]"}
RESULT: {"using":"xpath","value":"//ul[contains(@id,\"popup-list-listUl\")]//li[.//span[text()= \"Webshop Catalog\"]]"}
COMMAND: POST /session/a61471faa2a572325c8c01ea6c194ba1/elements - {"using":"xpath","value":"//ul[contains(@id,\"popup-list-listUl\")]//li[.//span[text()= \"Webshop Catalog\"]]"}
RESULT: {"using":"xpath","value":"//ul[contains(@id,\"popup-list-listUl\")]//li[.//span[text()= \"Webshop Catalog\"]]"}
COMMAND: POST /session/a61471faa2a572325c8c01ea6c194ba1/elements - {"using":"xpath","value":"//ul[contains(@id,\"popup-list-listUl\")]//li[.//span[text()= \"Webshop Catalog\"]]"}
RESULT: {"using":"xpath","value":"//ul[contains(@id,\"popup-list-listUl\")]//li[.//span[text()= \"Webshop Catalog\"]]"}
COMMAND: POST /session/a61471faa2a572325c8c01ea6c194ba1/elements - {"using":"xpath","value":"//ul[contains(@id,\"popup-list-listUl\")]//li[.//span[text()= \"Webshop Catalog\"]]"}
RESULT: {"using":"xpath","value":"//ul[contains(@id,\"popup-list-listUl\")]//li[.//span[text()= \"Webshop Catalog\"]]"}
COMMAND: POST /session/a61471faa2a572325c8c01ea6c194ba1/elements - {"using":"xpath","value":"//ul[contains(@id,\"popup-list-listUl\")]//li[.//span[text()= \"Webshop Catalog\"]]"}
RESULT: {"using":"xpath","value":"//ul[contains(@id,\"popup-list-listUl\")]//li[.//span[text()= \"Webshop Catalog\"]]"}
COMMAND: POST /session/a61471faa2a572325c8c01ea6c194ba1/elements - {"using":"xpath","value":"//ul[contains(@id,\"popup-list-listUl\")]//li[.//span[text()= \"Webshop Catalog\"]]"}
RESULT: {"using":"xpath","value":"//ul[contains(@id,\"popup-list-listUl\")]//li[.//span[text()= \"Webshop Catalog\"]]"}
COMMAND: POST /session/a61471faa2a572325c8c01ea6c194ba1/elements - {"using":"xpath","value":"//ul[contains(@id,\"popup-list-listUl\")]//li[.//span[text()= \"Webshop Catalog\"]]"}
RESULT: {"using":"xpath","value":"//ul[contains(@id,\"popup-list-listUl\")]//li[.//span[text()= \"Webshop Catalog\"]]"}
COMMAND: POST /session/a61471faa2a572325c8c01ea6c194ba1/elements - {"using":"xpath","value":"//ul[contains(@id,\"popup-list-listUl\")]//li[.//span[text()= \"Webshop Catalog\"]]"}
RESULT: {"using":"xpath","value":"//ul[contains(@id,\"popup-list-listUl\")]//li[.//span[text()= \"Webshop Catalog\"]]"}
COMMAND: POST /session/a61471faa2a572325c8c01ea6c194ba1/elements - {"using":"xpath","value":"//ul[contains(@id,\"popup-list-listUl\")]//li[.//span[text()= \"Webshop Catalog\"]]"}
RESULT: {"using":"xpath","value":"//ul[contains(@id,\"popup-list-listUl\")]//li[.//span[text()= \"Webshop Catalog\"]]"}
COMMAND: POST /session/a61471faa2a572325c8c01ea6c194ba1/elements - {"using":"xpath","value":"//ul[contains(@id,\"popup-list-listUl\")]//li[.//span[text()= \"Webshop Catalog\"]]"}
RESULT: {"using":"xpath","value":"//ul[contains(@id,\"popup-list-listUl\")]//li[.//span[text()= \"Webshop Catalog\"]]"}
COMMAND: POST /session/a61471faa2a572325c8c01ea6c194ba1/elements - {"using":"xpath","value":"//ul[contains(@id,\"popup-list-listUl\")]//li[.//span[text()= \"Webshop Catalog\"]]"}
RESULT: {"using":"xpath","value":"//ul[contains(@id,\"popup-list-listUl\")]//li[.//span[text()= \"Webshop Catalog\"]]"}
COMMAND: POST /session/a61471faa2a572325c8c01ea6c194ba1/elements - {"using":"xpath","value":"//ul[contains(@id,\"popup-list-listUl\")]//li[.//span[text()= \"Webshop Catalog\"]]"}
RESULT: {"using":"xpath","value":"//ul[contains(@id,\"popup-list-listUl\")]//li[.//span[text()= \"Webshop Catalog\"]]"}
COMMAND: POST /session/a61471faa2a572325c8c01ea6c194ba1/elements - {"using":"xpath","value":"//ul[contains(@id,\"popup-list-listUl\")]//li[.//span[text()= \"Webshop Catalog\"]]"}
RESULT: {"using":"xpath","value":"//ul[contains(@id,\"popup-list-listUl\")]//li[.//span[text()= \"Webshop Catalog\"]]"}
COMMAND: POST /session/a61471faa2a572325c8c01ea6c194ba1/elements - {"using":"xpath","value":"//ul[contains(@id,\"popup-list-listUl\")]//li[.//span[text()= \"Webshop Catalog\"]]"}
RESULT: {"using":"xpath","value":"//ul[contains(@id,\"popup-list-listUl\")]//li[.//span[text()= \"Webshop Catalog\"]]"}
COMMAND: POST /session/a61471faa2a572325c8c01ea6c194ba1/elements - {"using":"xpath","value":"//ul[contains(@id,\"popup-list-listUl\")]//li[.//span[text()= \"Webshop Catalog\"]]"}
RESULT: {"using":"xpath","value":"//ul[contains(@id,\"popup-list-listUl\")]//li[.//span[text()= \"Webshop Catalog\"]]"}
COMMAND: POST /session/a61471faa2a572325c8c01ea6c194ba1/elements - {"using":"xpath","value":"//ul[contains(@id,\"popup-list-listUl\")]//li[.//span[text()= \"Webshop Catalog\"]]"}
RESULT: {"using":"xpath","value":"//ul[contains(@id,\"popup-list-listUl\")]//li[.//span[text()= \"Webshop Catalog\"]]"}
COMMAND: POST /session/a61471faa2a572325c8c01ea6c194ba1/elements - {"using":"xpath","value":"//ul[contains(@id,\"popup-list-listUl\")]//li[.//span[text()= \"Webshop Catalog\"]]"}
RESULT: {"using":"xpath","value":"//ul[contains(@id,\"popup-list-listUl\")]//li[.//span[text()= \"Webshop Catalog\"]]"}
COMMAND: POST /session/a61471faa2a572325c8c01ea6c194ba1/elements - {"using":"xpath","value":"//ul[contains(@id,\"popup-list-listUl\")]//li[.//span[text()= \"Webshop Catalog\"]]"}
RESULT: {"using":"xpath","value":"//ul[contains(@id,\"popup-list-listUl\")]//li[.//span[text()= \"Webshop Catalog\"]]"}
COMMAND: POST /session/a61471faa2a572325c8c01ea6c194ba1/elements - {"using":"xpath","value":"//ul[contains(@id,\"popup-list-listUl\")]//li[.//span[text()= \"Webshop Catalog\"]]"}
RESULT: {"using":"xpath","value":"//ul[contains(@id,\"popup-list-listUl\")]//li[.//span[text()= \"Webshop Catalog\"]]"}
COMMAND: POST /session/a61471faa2a572325c8c01ea6c194ba1/elements - {"using":"xpath","value":"//ul[contains(@id,\"popup-list-listUl\")]//li[.//span[text()= \"Webshop Catalog\"]]"}
RESULT: {"using":"xpath","value":"//ul[contains(@id,\"popup-list-listUl\")]//li[.//span[text()= \"Webshop Catalog\"]]"}
COMMAND: POST /session/a61471faa2a572325c8c01ea6c194ba1/elements - {"using":"xpath","value":"//ul[contains(@id,\"popup-list-listUl\")]//li[.//span[text()= \"Webshop Catalog\"]]"}
RESULT: {"using":"xpath","value":"//ul[contains(@id,\"popup-list-listUl\")]//li[.//span[text()= \"Webshop Catalog\"]]"}
COMMAND: POST /session/a61471faa2a572325c8c01ea6c194ba1/elements - {"using":"xpath","value":"//ul[contains(@id,\"popup-list-listUl\")]//li[.//span[text()= \"Webshop Catalog\"]]"}
RESULT: {"using":"xpath","value":"//ul[contains(@id,\"popup-list-listUl\")]//li[.//span[text()= \"Webshop Catalog\"]]"}
COMMAND: POST /session/a61471faa2a572325c8c01ea6c194ba1/elements - {"using":"xpath","value":"//ul[contains(@id,\"popup-list-listUl\")]//li[.//span[text()= \"Webshop Catalog\"]]"}
RESULT: {"using":"xpath","value":"//ul[contains(@id,\"popup-list-listUl\")]//li[.//span[text()= \"Webshop Catalog\"]]"}
COMMAND: POST /session/a61471faa2a572325c8c01ea6c194ba1/elements - {"using":"xpath","value":"//ul[contains(@id,\"popup-list-listUl\")]//li[.//span[text()= \"Webshop Catalog\"]]"}
RESULT: {"using":"xpath","value":"//ul[contains(@id,\"popup-list-listUl\")]//li[.//span[text()= \"Webshop Catalog\"]]"}
COMMAND: POST /session/a61471faa2a572325c8c01ea6c194ba1/elements - {"using":"xpath","value":"//ul[contains(@id,\"popup-list-listUl\")]//li[.//span[text()= \"Webshop Catalog\"]]"}
RESULT: {"using":"xpath","value":"//ul[contains(@id,\"popup-list-listUl\")]//li[.//span[text()= \"Webshop Catalog\"]]"}
COMMAND: POST /session/a61471faa2a572325c8c01ea6c194ba1/elements - {"using":"xpath","value":"//ul[contains(@id,\"popup-list-listUl\")]//li[.//span[text()= \"Webshop Catalog\"]]"}
RESULT: {"using":"xpath","value":"//ul[contains(@id,\"popup-list-listUl\")]//li[.//span[text()= \"Webshop Catalog\"]]"}
COMMAND: POST /session/a61471faa2a572325c8c01ea6c194ba1/elements - {"using":"xpath","value":"//ul[contains(@id,\"popup-list-listUl\")]//li[.//span[text()= \"Webshop Catalog\"]]"}
RESULT: {"using":"xpath","value":"//ul[contains(@id,\"popup-list-listUl\")]//li[.//span[text()= \"Webshop Catalog\"]]"}
COMMAND: POST /session/a61471faa2a572325c8c01ea6c194ba1/elements - {"using":"xpath","value":"//ul[contains(@id,\"popup-list-listUl\")]//li[.//span[text()= \"Webshop Catalog\"]]"}
RESULT: {"using":"xpath","value":"//ul[contains(@id,\"popup-list-listUl\")]//li[.//span[text()= \"Webshop Catalog\"]]"}
COMMAND: POST /session/a61471faa2a572325c8c01ea6c194ba1/elements - {"using":"xpath","value":"//ul[contains(@id,\"popup-list-listUl\")]//li[.//span[text()= \"Webshop Catalog\"]]"}
RESULT: {"using":"xpath","value":"//ul[contains(@id,\"popup-list-listUl\")]//li[.//span[text()= \"Webshop Catalog\"]]"}
COMMAND: POST /session/a61471faa2a572325c8c01ea6c194ba1/elements - {"using":"xpath","value":"//ul[contains(@id,\"popup-list-listUl\")]//li[.//span[text()= \"Webshop Catalog\"]]"}
RESULT: {"using":"xpath","value":"//ul[contains(@id,\"popup-list-listUl\")]//li[.//span[text()= \"Webshop Catalog\"]]"}
COMMAND: POST /session/a61471faa2a572325c8c01ea6c194ba1/elements - {"using":"xpath","value":"//ul[contains(@id,\"popup-list-listUl\")]//li[.//span[text()= \"Webshop Catalog\"]]"}
RESULT: {"using":"xpath","value":"//ul[contains(@id,\"popup-list-listUl\")]//li[.//span[text()= \"Webshop Catalog\"]]"}
COMMAND: POST /session/a61471faa2a572325c8c01ea6c194ba1/elements - {"using":"xpath","value":"//ul[contains(@id,\"popup-list-listUl\")]//li[.//span[text()= \"Webshop Catalog\"]]"}
RESULT: {"using":"xpath","value":"//ul[contains(@id,\"popup-list-listUl\")]//li[.//span[text()= \"Webshop Catalog\"]]"}
COMMAND: POST /session/a61471faa2a572325c8c01ea6c194ba1/elements - {"using":"xpath","value":"//ul[contains(@id,\"popup-list-listUl\")]//li[.//span[text()= \"Webshop Catalog\"]]"}
RESULT: {"using":"xpath","value":"//ul[contains(@id,\"popup-list-listUl\")]//li[.//span[text()= \"Webshop Catalog\"]]"}
COMMAND: POST /session/a61471faa2a572325c8c01ea6c194ba1/elements - {"using":"xpath","value":"//ul[contains(@id,\"popup-list-listUl\")]//li[.//span[text()= \"Webshop Catalog\"]]"}
RESULT: {"using":"xpath","value":"//ul[contains(@id,\"popup-list-listUl\")]//li[.//span[text()= \"Webshop Catalog\"]]"}
COMMAND: POST /session/a61471faa2a572325c8c01ea6c194ba1/elements - {"using":"xpath","value":"//ul[contains(@id,\"popup-list-listUl\")]//li[.//span[text()= \"Webshop Catalog\"]]"}
RESULT: {"using":"xpath","value":"//ul[contains(@id,\"popup-list-listUl\")]//li[.//span[text()= \"Webshop Catalog\"]]"}
COMMAND: POST /session/a61471faa2a572325c8c01ea6c194ba1/elements - {"using":"xpath","value":"//ul[contains(@id,\"popup-list-listUl\")]//li[.//span[text()= \"Webshop Catalog\"]]"}
RESULT: {"using":"xpath","value":"//ul[contains(@id,\"popup-list-listUl\")]//li[.//span[text()= \"Webshop Catalog\"]]"}
COMMAND: POST /session/a61471faa2a572325c8c01ea6c194ba1/elements - {"using":"xpath","value":"//ul[contains(@id,\"popup-list-listUl\")]//li[.//span[text()= \"Webshop Catalog\"]]"}
RESULT: {"using":"xpath","value":"//ul[contains(@id,\"popup-list-listUl\")]//li[.//span[text()= \"Webshop Catalog\"]]"}
COMMAND: POST /session/a61471faa2a572325c8c01ea6c194ba1/elements - {"using":"xpath","value":"//ul[contains(@id,\"popup-list-listUl\")]//li[.//span[text()= \"Webshop Catalog\"]]"}
RESULT: {"using":"xpath","value":"//ul[contains(@id,\"popup-list-listUl\")]//li[.//span[text()= \"Webshop Catalog\"]]"}
COMMAND: POST /session/a61471faa2a572325c8c01ea6c194ba1/elements - {"using":"xpath","value":"//ul[contains(@id,\"popup-list-listUl\")]//li[.//span[text()= \"Webshop Catalog\"]]"}
RESULT: {"using":"xpath","value":"//ul[contains(@id,\"popup-list-listUl\")]//li[.//span[text()= \"Webshop Catalog\"]]"}
COMMAND: POST /session/a61471faa2a572325c8c01ea6c194ba1/elements - {"using":"xpath","value":"//ul[contains(@id,\"popup-list-listUl\")]//li[.//span[text()= \"Webshop Catalog\"]]"}
RESULT: {"using":"xpath","value":"//ul[contains(@id,\"popup-list-listUl\")]//li[.//span[text()= \"Webshop Catalog\"]]"}
COMMAND: POST /session/a61471faa2a572325c8c01ea6c194ba1/elements - {"using":"xpath","value":"//ul[contains(@id,\"popup-list-listUl\")]//li[.//span[text()= \"Webshop Catalog\"]]"}
RESULT: {"using":"xpath","value":"//ul[contains(@id,\"popup-list-listUl\")]//li[.//span[text()= \"Webshop Catalog\"]]"}
COMMAND: POST /session/a61471faa2a572325c8c01ea6c194ba1/elements - {"using":"xpath","value":"//ul[contains(@id,\"popup-list-listUl\")]//li[.//span[text()= \"Webshop Catalog\"]]"}
RESULT: {"using":"xpath","value":"//ul[contains(@id,\"popup-list-listUl\")]//li[.//span[text()= \"Webshop Catalog\"]]"}
COMMAND: POST /session/a61471faa2a572325c8c01ea6c194ba1/elements - {"using":"xpath","value":"//ul[contains(@id,\"popup-list-listUl\")]//li[.//span[text()= \"Webshop Catalog\"]]"}
RESULT: {"using":"xpath","value":"//ul[contains(@id,\"popup-list-listUl\")]//li[.//span[text()= \"Webshop Catalog\"]]"}
COMMAND: POST /session/a61471faa2a572325c8c01ea6c194ba1/elements - {"using":"xpath","value":"//ul[contains(@id,\"popup-list-listUl\")]//li[.//span[text()= \"Webshop Catalog\"]]"}
RESULT: {"using":"xpath","value":"//ul[contains(@id,\"popup-list-listUl\")]//li[.//span[text()= \"Webshop Catalog\"]]"}
COMMAND: POST /session/a61471faa2a572325c8c01ea6c194ba1/elements - {"using":"xpath","value":"//ul[contains(@id,\"popup-list-listUl\")]//li[.//span[text()= \"Webshop Catalog\"]]"}
RESULT: {"using":"xpath","value":"//ul[contains(@id,\"popup-list-listUl\")]//li[.//span[text()= \"Webshop Catalog\"]]"}
COMMAND: POST /session/a61471faa2a572325c8c01ea6c194ba1/elements - {"using":"xpath","value":"//ul[contains(@id,\"popup-list-listUl\")]//li[.//span[text()= \"Webshop Catalog\"]]"}
RESULT: {"using":"xpath","value":"//ul[contains(@id,\"popup-list-listUl\")]//li[.//span[text()= \"Webshop Catalog\"]]"}
COMMAND: POST /session/a61471faa2a572325c8c01ea6c194ba1/elements - {"using":"xpath","value":"//ul[contains(@id,\"popup-list-listUl\")]//li[.//span[text()= \"Webshop Catalog\"]]"}
RESULT: {"using":"xpath","value":"//ul[contains(@id,\"popup-list-listUl\")]//li[.//span[text()= \"Webshop Catalog\"]]"}
COMMAND: POST /session/a61471faa2a572325c8c01ea6c194ba1/elements - {"using":"xpath","value":"//ul[contains(@id,\"popup-list-listUl\")]//li[.//span[text()= \"Webshop Catalog\"]]"}
RESULT: {"using":"xpath","value":"//ul[contains(@id,\"popup-list-listUl\")]//li[.//span[text()= \"Webshop Catalog\"]]"}
COMMAND: POST /session/a61471faa2a572325c8c01ea6c194ba1/elements - {"using":"xpath","value":"//ul[contains(@id,\"popup-list-listUl\")]//li[.//span[text()= \"Webshop Catalog\"]]"}
RESULT: {"using":"xpath","value":"//ul[contains(@id,\"popup-list-listUl\")]//li[.//span[text()= \"Webshop Catalog\"]]"}
COMMAND: POST /session/a61471faa2a572325c8c01ea6c194ba1/elements - {"using":"xpath","value":"//ul[contains(@id,\"popup-list-listUl\")]//li[.//span[text()= \"Webshop Catalog\"]]"}
RESULT: {"using":"xpath","value":"//ul[contains(@id,\"popup-list-listUl\")]//li[.//span[text()= \"Webshop Catalog\"]]"}
COMMAND: POST /session/a61471faa2a572325c8c01ea6c194ba1/elements - {"using":"xpath","value":"//ul[contains(@id,\"popup-list-listUl\")]//li[.//span[text()= \"Webshop Catalog\"]]"}
RESULT: {"using":"xpath","value":"//ul[contains(@id,\"popup-list-listUl\")]//li[.//span[text()= \"Webshop Catalog\"]]"}
COMMAND: POST /session/a61471faa2a572325c8c01ea6c194ba1/elements - {"using":"xpath","value":"//ul[contains(@id,\"popup-list-listUl\")]//li[.//span[text()= \"Webshop Catalog\"]]"}
RESULT: {"using":"xpath","value":"//ul[contains(@id,\"popup-list-listUl\")]//li[.//span[text()= \"Webshop Catalog\"]]"}
COMMAND: POST /session/a61471faa2a572325c8c01ea6c194ba1/elements - {"using":"xpath","value":"//ul[contains(@id,\"popup-list-listUl\")]//li[.//span[text()= \"Webshop Catalog\"]]"}
RESULT: {"using":"xpath","value":"//ul[contains(@id,\"popup-list-listUl\")]//li[.//span[text()= \"Webshop Catalog\"]]"}
COMMAND: POST /session/a61471faa2a572325c8c01ea6c194ba1/elements - {"using":"xpath","value":"//ul[contains(@id,\"popup-list-listUl\")]//li[.//span[text()= \"Webshop Catalog\"]]"}
RESULT: {"using":"xpath","value":"//ul[contains(@id,\"popup-list-listUl\")]//li[.//span[text()= \"Webshop Catalog\"]]"}
COMMAND: POST /session/a61471faa2a572325c8c01ea6c194ba1/elements - {"using":"xpath","value":"//ul[contains(@id,\"popup-list-listUl\")]//li[.//span[text()= \"Webshop Catalog\"]]"}
RESULT: {"using":"xpath","value":"//ul[contains(@id,\"popup-list-listUl\")]//li[.//span[text()= \"Webshop Catalog\"]]"}
COMMAND: POST /session/a61471faa2a572325c8c01ea6c194ba1/elements - {"using":"xpath","value":"//ul[contains(@id,\"popup-list-listUl\")]//li[.//span[text()= \"Webshop Catalog\"]]"}
RESULT: {"using":"xpath","value":"//ul[contains(@id,\"popup-list-listUl\")]//li[.//span[text()= \"Webshop Catalog\"]]"}
COMMAND: POST /session/a61471faa2a572325c8c01ea6c194ba1/elements - {"using":"xpath","value":"//ul[contains(@id,\"popup-list-listUl\")]//li[.//span[text()= \"Webshop Catalog\"]]"}
RESULT: {"using":"xpath","value":"//ul[contains(@id,\"popup-list-listUl\")]//li[.//span[text()= \"Webshop Catalog\"]]"}
COMMAND: POST /session/a61471faa2a572325c8c01ea6c194ba1/elements - {"using":"xpath","value":"//ul[contains(@id,\"popup-list-listUl\")]//li[.//span[text()= \"Webshop Catalog\"]]"}
RESULT: {"using":"xpath","value":"//ul[contains(@id,\"popup-list-listUl\")]//li[.//span[text()= \"Webshop Catalog\"]]"}
COMMAND: POST /session/a61471faa2a572325c8c01ea6c194ba1/elements - {"using":"xpath","value":"//ul[contains(@id,\"popup-list-listUl\")]//li[.//span[text()= \"Webshop Catalog\"]]"}
RESULT: {"using":"xpath","value":"//ul[contains(@id,\"popup-list-listUl\")]//li[.//span[text()= \"Webshop Catalog\"]]"}
COMMAND: POST /session/a61471faa2a572325c8c01ea6c194ba1/elements - {"using":"xpath","value":"//ul[contains(@id,\"popup-list-listUl\")]//li[.//span[text()= \"Webshop Catalog\"]]"}
RESULT: {"using":"xpath","value":"//ul[contains(@id,\"popup-list-listUl\")]//li[.//span[text()= \"Webshop Catalog\"]]"}
COMMAND: POST /session/a61471faa2a572325c8c01ea6c194ba1/elements - {"using":"xpath","value":"//ul[contains(@id,\"popup-list-listUl\")]//li[.//span[text()= \"Webshop Catalog\"]]"}
RESULT: {"using":"xpath","value":"//ul[contains(@id,\"popup-list-listUl\")]//li[.//span[text()= \"Webshop Catalog\"]]"}
COMMAND: POST /session/a61471faa2a572325c8c01ea6c194ba1/elements - {"using":"xpath","value":"//ul[contains(@id,\"popup-list-listUl\")]//li[.//span[text()= \"Webshop Catalog\"]]"}
RESULT: {"using":"xpath","value":"//ul[contains(@id,\"popup-list-listUl\")]//li[.//span[text()= \"Webshop Catalog\"]]"}
COMMAND: POST /session/a61471faa2a572325c8c01ea6c194ba1/elements - {"using":"xpath","value":"//ul[contains(@id,\"popup-list-listUl\")]//li[.//span[text()= \"Webshop Catalog\"]]"}
RESULT: {"using":"xpath","value":"//ul[contains(@id,\"popup-list-listUl\")]//li[.//span[text()= \"Webshop Catalog\"]]"}
COMMAND: POST /session/a61471faa2a572325c8c01ea6c194ba1/elements - {"using":"xpath","value":"//ul[contains(@id,\"popup-list-listUl\")]//li[.//span[text()= \"Webshop Catalog\"]]"}
RESULT: {"using":"xpath","value":"//ul[contains(@id,\"popup-list-listUl\")]//li[.//span[text()= \"Webshop Catalog\"]]"}
COMMAND: POST /session/a61471faa2a572325c8c01ea6c194ba1/elements - {"using":"xpath","value":"//ul[contains(@id,\"popup-list-listUl\")]//li[.//span[text()= \"Webshop Catalog\"]]"}
RESULT: {"using":"xpath","value":"//ul[contains(@id,\"popup-list-listUl\")]//li[.//span[text()= \"Webshop Catalog\"]]"}
COMMAND: POST /session/a61471faa2a572325c8c01ea6c194ba1/elements - {"using":"xpath","value":"//ul[contains(@id,\"popup-list-listUl\")]//li[.//span[text()= \"Webshop Catalog\"]]"}
RESULT: {"using":"xpath","value":"//ul[contains(@id,\"popup-list-listUl\")]//li[.//span[text()= \"Webshop Catalog\"]]"}
COMMAND: POST /session/a61471faa2a572325c8c01ea6c194ba1/elements - {"using":"xpath","value":"//ul[contains(@id,\"popup-list-listUl\")]//li[.//span[text()= \"Webshop Catalog\"]]"}
RESULT: {"using":"xpath","value":"//ul[contains(@id,\"popup-list-listUl\")]//li[.//span[text()= \"Webshop Catalog\"]]"}
COMMAND: POST /session/a61471faa2a572325c8c01ea6c194ba1/elements - {"using":"xpath","value":"//ul[contains(@id,\"popup-list-listUl\")]//li[.//span[text()= \"Webshop Catalog\"]]"}
RESULT: {"using":"xpath","value":"//ul[contains(@id,\"popup-list-listUl\")]//li[.//span[text()= \"Webshop Catalog\"]]"}
COMMAND: POST /session/a61471faa2a572325c8c01ea6c194ba1/elements - {"using":"xpath","value":"//ul[contains(@id,\"popup-list-listUl\")]//li[.//span[text()= \"Webshop Catalog\"]]"}
RESULT: {"using":"xpath","value":"//ul[contains(@id,\"popup-list-listUl\")]//li[.//span[text()= \"Webshop Catalog\"]]"}
COMMAND: POST /session/a61471faa2a572325c8c01ea6c194ba1/elements - {"using":"xpath","value":"//ul[contains(@id,\"popup-list-listUl\")]//li[.//span[text()= \"Webshop Catalog\"]]"}
RESULT: {"using":"xpath","value":"//ul[contains(@id,\"popup-list-listUl\")]//li[.//span[text()= \"Webshop Catalog\"]]"}
COMMAND: POST /session/a61471faa2a572325c8c01ea6c194ba1/elements - {"using":"xpath","value":"//ul[contains(@id,\"popup-list-listUl\")]//li[.//span[text()= \"Webshop Catalog\"]]"}
RESULT: {"using":"xpath","value":"//ul[contains(@id,\"popup-list-listUl\")]//li[.//span[text()= \"Webshop Catalog\"]]"}
COMMAND: POST /session/a61471faa2a572325c8c01ea6c194ba1/elements - {"using":"xpath","value":"//ul[contains(@id,\"popup-list-listUl\")]//li[.//span[text()= \"Webshop Catalog\"]]"}
RESULT: {"using":"xpath","value":"//ul[contains(@id,\"popup-list-listUl\")]//li[.//span[text()= \"Webshop Catalog\"]]"}
COMMAND: POST /session/a61471faa2a572325c8c01ea6c194ba1/elements - {"using":"xpath","value":"//ul[contains(@id,\"popup-list-listUl\")]//li[.//span[text()= \"Webshop Catalog\"]]"}
RESULT: {"using":"xpath","value":"//ul[contains(@id,\"popup-list-listUl\")]//li[.//span[text()= \"Webshop Catalog\"]]"}
COMMAND: POST /session/a61471faa2a572325c8c01ea6c194ba1/elements - {"using":"xpath","value":"//ul[contains(@id,\"popup-list-listUl\")]//li[.//span[text()= \"Webshop Catalog\"]]"}
RESULT: {"using":"xpath","value":"//ul[contains(@id,\"popup-list-listUl\")]//li[.//span[text()= \"Webshop Catalog\"]]"}
COMMAND: POST /session/a61471faa2a572325c8c01ea6c194ba1/elements - {"using":"xpath","value":"//ul[contains(@id,\"popup-list-listUl\")]//li[.//span[text()= \"Webshop Catalog\"]]"}
RESULT: {"using":"xpath","value":"//ul[contains(@id,\"popup-list-listUl\")]//li[.//span[text()= \"Webshop Catalog\"]]"}
COMMAND: POST /session/a61471faa2a572325c8c01ea6c194ba1/elements - {"using":"xpath","value":"//ul[contains(@id,\"popup-list-listUl\")]//li[.//span[text()= \"Webshop Catalog\"]]"}
RESULT: {"using":"xpath","value":"//ul[contains(@id,\"popup-list-listUl\")]//li[.//span[text()= \"Webshop Catalog\"]]"}
COMMAND: POST /session/a61471faa2a572325c8c01ea6c194ba1/elements - {"using":"xpath","value":"//ul[contains(@id,\"popup-list-listUl\")]//li[.//span[text()= \"Webshop Catalog\"]]"}
RESULT: {"using":"xpath","value":"//ul[contains(@id,\"popup-list-listUl\")]//li[.//span[text()= \"Webshop Catalog\"]]"}
COMMAND: POST /session/a61471faa2a572325c8c01ea6c194ba1/elements - {"using":"xpath","value":"//ul[contains(@id,\"popup-list-listUl\")]//li[.//span[text()= \"Webshop Catalog\"]]"}
RESULT: {"using":"xpath","value":"//ul[contains(@id,\"popup-list-listUl\")]//li[.//span[text()= \"Webshop Catalog\"]]"}
COMMAND: POST /session/a61471faa2a572325c8c01ea6c194ba1/elements - {"using":"xpath","value":"//ul[contains(@id,\"popup-list-listUl\")]//li[.//span[text()= \"Webshop Catalog\"]]"}
RESULT: {"using":"xpath","value":"//ul[contains(@id,\"popup-list-listUl\")]//li[.//span[text()= \"Webshop Catalog\"]]"}
COMMAND: POST /session/a61471faa2a572325c8c01ea6c194ba1/elements - {"using":"xpath","value":"//ul[contains(@id,\"popup-list-listUl\")]//li[.//span[text()= \"Webshop Catalog\"]]"}
RESULT: {"using":"xpath","value":"//ul[contains(@id,\"popup-list-listUl\")]//li[.//span[text()= \"Webshop Catalog\"]]"}
COMMAND: POST /session/a61471faa2a572325c8c01ea6c194ba1/elements - {"using":"xpath","value":"//ul[contains(@id,\"popup-list-listUl\")]//li[.//span[text()= \"Webshop Catalog\"]]"}
RESULT: {"using":"xpath","value":"//ul[contains(@id,\"popup-list-listUl\")]//li[.//span[text()= \"Webshop Catalog\"]]"}
COMMAND: POST /session/a61471faa2a572325c8c01ea6c194ba1/elements - {"using":"xpath","value":"//ul[contains(@id,\"popup-list-listUl\")]//li[.//span[text()= \"Webshop Catalog\"]]"}
RESULT: {"using":"xpath","value":"//ul[contains(@id,\"popup-list-listUl\")]//li[.//span[text()= \"Webshop Catalog\"]]"}
COMMAND: POST /session/a61471faa2a572325c8c01ea6c194ba1/elements - {"using":"xpath","value":"//ul[contains(@id,\"popup-list-listUl\")]//li[.//span[text()= \"Webshop Catalog\"]]"}
RESULT: {"using":"xpath","value":"//ul[contains(@id,\"popup-list-listUl\")]//li[.//span[text()= \"Webshop Catalog\"]]"}
COMMAND: POST /session/a61471faa2a572325c8c01ea6c194ba1/elements - {"using":"xpath","value":"//ul[contains(@id,\"popup-list-listUl\")]//li[.//span[text()= \"Webshop Catalog\"]]"}
RESULT: {"using":"xpath","value":"//ul[contains(@id,\"popup-list-listUl\")]//li[.//span[text()= \"Webshop Catalog\"]]"}
COMMAND: POST /session/a61471faa2a572325c8c01ea6c194ba1/elements - {"using":"xpath","value":"//ul[contains(@id,\"popup-list-listUl\")]//li[.//span[text()= \"Webshop Catalog\"]]"}
RESULT: {"using":"xpath","value":"//ul[contains(@id,\"popup-list-listUl\")]//li[.//span[text()= \"Webshop Catalog\"]]"}
COMMAND: POST /session/a61471faa2a572325c8c01ea6c194ba1/elements - {"using":"xpath","value":"//ul[contains(@id,\"popup-list-listUl\")]//li[.//span[text()= \"Webshop Catalog\"]]"}
RESULT: {"using":"xpath","value":"//ul[contains(@id,\"popup-list-listUl\")]//li[.//span[text()= \"Webshop Catalog\"]]"}
COMMAND: POST /session/a61471faa2a572325c8c01ea6c194ba1/elements - {"using":"xpath","value":"//ul[contains(@id,\"popup-list-listUl\")]//li[.//span[text()= \"Webshop Catalog\"]]"}
RESULT: {"using":"xpath","value":"//ul[contains(@id,\"popup-list-listUl\")]//li[.//span[text()= \"Webshop Catalog\"]]"}
COMMAND: POST /session/a61471faa2a572325c8c01ea6c194ba1/elements - {"using":"xpath","value":"//ul[contains(@id,\"popup-list-listUl\")]//li[.//span[text()= \"Webshop Catalog\"]]"}
RESULT: {"using":"xpath","value":"//ul[contains(@id,\"popup-list-listUl\")]//li[.//span[text()= \"Webshop Catalog\"]]"}
COMMAND: POST /session/a61471faa2a572325c8c01ea6c194ba1/elements - {"using":"xpath","value":"//ul[contains(@id,\"popup-list-listUl\")]//li[.//span[text()= \"Webshop Catalog\"]]"}
RESULT: {"using":"xpath","value":"//ul[contains(@id,\"popup-list-listUl\")]//li[.//span[text()= \"Webshop Catalog\"]]"}
COMMAND: POST /session/a61471faa2a572325c8c01ea6c194ba1/elements - {"using":"xpath","value":"//ul[contains(@id,\"popup-list-listUl\")]//li[.//span[text()= \"Webshop Catalog\"]]"}
RESULT: {"using":"xpath","value":"//ul[contains(@id,\"popup-list-listUl\")]//li[.//span[text()= \"Webshop Catalog\"]]"}
COMMAND: POST /session/a61471faa2a572325c8c01ea6c194ba1/elements - {"using":"xpath","value":"//ul[contains(@id,\"popup-list-listUl\")]//li[.//span[text()= \"Webshop Catalog\"]]"}
RESULT: {"using":"xpath","value":"//ul[contains(@id,\"popup-list-listUl\")]//li[.//span[text()= \"Webshop Catalog\"]]"}
COMMAND: POST /session/a61471faa2a572325c8c01ea6c194ba1/elements - {"using":"xpath","value":"//ul[contains(@id,\"popup-list-listUl\")]//li[.//span[text()= \"Webshop Catalog\"]]"}
RESULT: {"using":"xpath","value":"//ul[contains(@id,\"popup-list-listUl\")]//li[.//span[text()= \"Webshop Catalog\"]]"}
COMMAND: POST /session/a61471faa2a572325c8c01ea6c194ba1/elements - {"using":"xpath","value":"//ul[contains(@id,\"popup-list-listUl\")]//li[.//span[text()= \"Webshop Catalog\"]]"}
RESULT: {"using":"xpath","value":"//ul[contains(@id,\"popup-list-listUl\")]//li[.//span[text()= \"Webshop Catalog\"]]"}
COMMAND: POST /session/a61471faa2a572325c8c01ea6c194ba1/elements - {"using":"xpath","value":"//ul[contains(@id,\"popup-list-listUl\")]//li[.//span[text()= \"Webshop Catalog\"]]"}
RESULT: {"using":"xpath","value":"//ul[contains(@id,\"popup-list-listUl\")]//li[.//span[text()= \"Webshop Catalog\"]]"}
COMMAND: POST /session/a61471faa2a572325c8c01ea6c194ba1/elements - {"using":"xpath","value":"//ul[contains(@id,\"popup-list-listUl\")]//li[.//span[text()= \"Webshop Catalog\"]]"}
RESULT: {"using":"xpath","value":"//ul[contains(@id,\"popup-list-listUl\")]//li[.//span[text()= \"Webshop Catalog\"]]"}
COMMAND: POST /session/a61471faa2a572325c8c01ea6c194ba1/elements - {"using":"xpath","value":"//ul[contains(@id,\"popup-list-listUl\")]//li[.//span[text()= \"Webshop Catalog\"]]"}
RESULT: {"using":"xpath","value":"//ul[contains(@id,\"popup-list-listUl\")]//li[.//span[text()= \"Webshop Catalog\"]]"}
COMMAND: POST /session/a61471faa2a572325c8c01ea6c194ba1/elements - {"using":"xpath","value":"//ul[contains(@id,\"popup-list-listUl\")]//li[.//span[text()= \"Webshop Catalog\"]]"}
RESULT: {"using":"xpath","value":"//ul[contains(@id,\"popup-list-listUl\")]//li[.//span[text()= \"Webshop Catalog\"]]"}
COMMAND: POST /session/a61471faa2a572325c8c01ea6c194ba1/elements - {"using":"xpath","value":"//ul[contains(@id,\"popup-list-listUl\")]//li[.//span[text()= \"Webshop Catalog\"]]"}
RESULT: {"using":"xpath","value":"//ul[contains(@id,\"popup-list-listUl\")]//li[.//span[text()= \"Webshop Catalog\"]]"}
COMMAND: POST /session/a61471faa2a572325c8c01ea6c194ba1/elements - {"using":"xpath","value":"//ul[contains(@id,\"popup-list-listUl\")]//li[.//span[text()= \"Webshop Catalog\"]]"}
RESULT: {"using":"xpath","value":"//ul[contains(@id,\"popup-list-listUl\")]//li[.//span[text()= \"Webshop Catalog\"]]"}
COMMAND: POST /session/a61471faa2a572325c8c01ea6c194ba1/elements - {"using":"xpath","value":"//ul[contains(@id,\"popup-list-listUl\")]//li[.//span[text()= \"Webshop Catalog\"]]"}
RESULT: {"using":"xpath","value":"//ul[contains(@id,\"popup-list-listUl\")]//li[.//span[text()= \"Webshop Catalog\"]]"}
COMMAND: POST /session/a61471faa2a572325c8c01ea6c194ba1/elements - {"using":"xpath","value":"//ul[contains(@id,\"popup-list-listUl\")]//li[.//span[text()= \"Webshop Catalog\"]]"}
RESULT: {"using":"xpath","value":"//ul[contains(@id,\"popup-list-listUl\")]//li[.//span[text()= \"Webshop Catalog\"]]"}
COMMAND: POST /session/a61471faa2a572325c8c01ea6c194ba1/elements - {"using":"xpath","value":"//ul[contains(@id,\"popup-list-listUl\")]//li[.//span[text()= \"Webshop Catalog\"]]"}
RESULT: {"using":"xpath","value":"//ul[contains(@id,\"popup-list-listUl\")]//li[.//span[text()= \"Webshop Catalog\"]]"}
COMMAND: POST /session/a61471faa2a572325c8c01ea6c194ba1/elements - {"using":"xpath","value":"//ul[contains(@id,\"popup-list-listUl\")]//li[.//span[text()= \"Webshop Catalog\"]]"}
RESULT: {"using":"xpath","value":"//ul[contains(@id,\"popup-list-listUl\")]//li[.//span[text()= \"Webshop Catalog\"]]"}
COMMAND: POST /session/a61471faa2a572325c8c01ea6c194ba1/elements - {"using":"xpath","value":"//ul[contains(@id,\"popup-list-listUl\")]//li[.//span[text()= \"Webshop Catalog\"]]"}
RESULT: {"using":"xpath","value":"//ul[contains(@id,\"popup-list-listUl\")]//li[.//span[text()= \"Webshop Catalog\"]]"}
COMMAND: POST /session/a61471faa2a572325c8c01ea6c194ba1/elements - {"using":"xpath","value":"//ul[contains(@id,\"popup-list-listUl\")]//li[.//span[text()= \"Webshop Catalog\"]]"}
RESULT: {"using":"xpath","value":"//ul[contains(@id,\"popup-list-listUl\")]//li[.//span[text()= \"Webshop Catalog\"]]"}
COMMAND: POST /session/a61471faa2a572325c8c01ea6c194ba1/elements - {"using":"xpath","value":"//ul[contains(@id,\"popup-list-listUl\")]//li[.//span[text()= \"Webshop Catalog\"]]"}
RESULT: {"using":"xpath","value":"//ul[contains(@id,\"popup-list-listUl\")]//li[.//span[text()= \"Webshop Catalog\"]]"}
COMMAND: POST /session/a61471faa2a572325c8c01ea6c194ba1/elements - {"using":"xpath","value":"//ul[contains(@id,\"popup-list-listUl\")]//li[.//span[text()= \"Webshop Catalog\"]]"}
RESULT: {"using":"xpath","value":"//ul[contains(@id,\"popup-list-listUl\")]//li[.//span[text()= \"Webshop Catalog\"]]"}
COMMAND: POST /session/a61471faa2a572325c8c01ea6c194ba1/elements - {"using":"xpath","value":"//ul[contains(@id,\"popup-list-listUl\")]//li[.//span[text()= \"Webshop Catalog\"]]"}
RESULT: {"using":"xpath","value":"//ul[contains(@id,\"popup-list-listUl\")]//li[.//span[text()= \"Webshop Catalog\"]]"}
COMMAND: POST /session/a61471faa2a572325c8c01ea6c194ba1/elements - {"using":"xpath","value":"//ul[contains(@id,\"popup-list-listUl\")]//li[.//span[text()= \"Webshop Catalog\"]]"}
RESULT: {"using":"xpath","value":"//ul[contains(@id,\"popup-list-listUl\")]//li[.//span[text()= \"Webshop Catalog\"]]"}
COMMAND: POST /session/a61471faa2a572325c8c01ea6c194ba1/elements - {"using":"xpath","value":"//ul[contains(@id,\"popup-list-listUl\")]//li[.//span[text()= \"Webshop Catalog\"]]"}
RESULT: {"using":"xpath","value":"//ul[contains(@id,\"popup-list-listUl\")]//li[.//span[text()= \"Webshop Catalog\"]]"}
COMMAND: POST /session/a61471faa2a572325c8c01ea6c194ba1/elements - {"using":"xpath","value":"//ul[contains(@id,\"popup-list-listUl\")]//li[.//span[text()= \"Webshop Catalog\"]]"}
RESULT: {"using":"xpath","value":"//ul[contains(@id,\"popup-list-listUl\")]//li[.//span[text()= \"Webshop Catalog\"]]"}
COMMAND: POST /session/a61471faa2a572325c8c01ea6c194ba1/elements - {"using":"xpath","value":"//ul[contains(@id,\"popup-list-listUl\")]//li[.//span[text()= \"Webshop Catalog\"]]"}
RESULT: {"using":"xpath","value":"//ul[contains(@id,\"popup-list-listUl\")]//li[.//span[text()= \"Webshop Catalog\"]]"}
COMMAND: POST /session/a61471faa2a572325c8c01ea6c194ba1/elements - {"using":"xpath","value":"//ul[contains(@id,\"popup-list-listUl\")]//li[.//span[text()= \"Webshop Catalog\"]]"}
RESULT: {"using":"xpath","value":"//ul[contains(@id,\"popup-list-listUl\")]//li[.//span[text()= \"Webshop Catalog\"]]"}
COMMAND: POST /session/a61471faa2a572325c8c01ea6c194ba1/elements - {"using":"xpath","value":"//ul[contains(@id,\"popup-list-listUl\")]//li[.//span[text()= \"Webshop Catalog\"]]"}
RESULT: {"using":"xpath","value":"//ul[contains(@id,\"popup-list-listUl\")]//li[.//span[text()= \"Webshop Catalog\"]]"}
COMMAND: POST /session/a61471faa2a572325c8c01ea6c194ba1/elements - {"using":"xpath","value":"//ul[contains(@id,\"popup-list-listUl\")]//li[.//span[text()= \"Webshop Catalog\"]]"}
RESULT: {"using":"xpath","value":"//ul[contains(@id,\"popup-list-listUl\")]//li[.//span[text()= \"Webshop Catalog\"]]"}
COMMAND: POST /session/a61471faa2a572325c8c01ea6c194ba1/elements - {"using":"xpath","value":"//ul[contains(@id,\"popup-list-listUl\")]//li[.//span[text()= \"Webshop Catalog\"]]"}
COMMAND: GET /session/a61471faa2a572325c8c01ea6c194ba1/screenshot - {}
RESULT: {"using":"xpath","value":"//ul[contains(@id,\"popup-list-listUl\")]//li[.//span[text()= \"Webshop Catalog\"]]"}
RESULT: {}
COMMAND: POST /session/a61471faa2a572325c8c01ea6c194ba1/refresh - {}
COMMAND: GET /session/a61471faa2a572325c8c01ea6c194ba1/screenshot - {}
COMMAND: GET /session/a61471faa2a572325c8c01ea6c194ba1/screenshot - {}
RESULT: {}
COMMAND: GET /session/a61471faa2a572325c8c01ea6c194ba1/screenshot - {}
RESULT: {}
RESULT: {}
RESULT: {}
COMMAND: POST /session/a61471faa2a572325c8c01ea6c194ba1/refresh - {}
RESULT: {}
COMMAND: GET /session/a61471faa2a572325c8c01ea6c194ba1/screenshot - {}
RESULT: {}
COMMAND: POST /session/a61471faa2a572325c8c01ea6c194ba1/window/fullscreen - {}
RESULT: {}
COMMAND: POST /session/a61471faa2a572325c8c01ea6c194ba1/execute/async - {"script":"<script> [189 bytes]","args":[]}
RESULT: {"script":"<script> [189 bytes]","args":[]}
COMMAND: POST /session/a61471faa2a572325c8c01ea6c194ba1/execute/async - {"script":"<script> [123 bytes]","args":[]}
RESULT: {"script":"<script> [123 bytes]","args":[]}
COMMAND: POST /session/a61471faa2a572325c8c01ea6c194ba1/timeouts - {"script":"<number>"}
RESULT: {"script":"<number>"}
COMMAND: GET /session/a61471faa2a572325c8c01ea6c194ba1/timeouts - {}
RESULT: {}
RESULT: undefined
COMMAND: POST /session/a61471faa2a572325c8c01ea6c194ba1/execute/async - {"script":"<script> [2676 bytes]","args":[]}
RESULT: {"script":"<script> [2676 bytes]","args":[]}
COMMAND: POST /session/a61471faa2a572325c8c01ea6c194ba1/execute/async - {"script":"<script> [2342 bytes]","args":[{"protocol":"http","hostname":"0.0.0.0","path":"/","capabilities":{"browserName":"chrome","goog:chromeOptions":{"binary":"C:\\Program Files\\Google\\Chrome\\Application\\chrome.exe","args":["--start-maximized"]}},"logLevel":"warn","connectionRetryTimeout":120000,"connectionRetryCount":3,"logLevels":{},"enableDirectConnect":true,"strictSSL":true,"_":"65 more keys: [\"cacheDir\",\"port\",\"requestedCapabilities\",\"automationProtocol\",\"baseUrl\",\"waitforInterval\",\"waitforTimeout\",\"onReload\",\"beforeCommand\",\"afterCommand\",\"rootDir\",\"specs\",\"suites\",\"exclude\",\"groupLogsByTestSpec\",\"excludeDriverLogs\",\"bail\",\"framework\",\"reporters\",\"services\",\"maxInstances\",\"maxInstancesPerCapability\",\"injectGlobals\",\"filesToWatch\",\"execArgv\",\"runnerEnv\",\"runner\",\"shard\",\"specFileRetries\",\"specFileRetriesDelay\",\"specFileRetriesDeferred\",\"reporterSyncInterval\",\"reporterSyncTimeout\",\"cucumberFeaturesWithLineNumbers\",\"autoCompileOpts\",\"mochaOpts\",\"jasmineOpts\",\"cucumberOpts\",\"onPrepare\",\"onWorkerStart\",\"onWorkerEnd\",\"before\",\"beforeSession\",\"beforeSuite\",\"beforeHook\",\"beforeTest\",\"afterTest\",\"afterHook\",\"afterSuite\",\"afterSession\",\"after\",\"onComplete\",\"beforeAssertion\",\"afterAssertion\",\"beforeFeature\",\"beforeScenario\",\"beforeStep\",\"afterStep\",\"afterScenario\",\"afterFeature\",\"_\",\"suite\",\"$0\",\"ignoredWorkerServices\",\"wdi5\"]"}]}
RESULT: {"script":"<script> [2342 bytes]","args":[{"protocol":"http","hostname":"0.0.0.0","path":"/","capabilities":{"browserName":"chrome","goog:chromeOptions":{"binary":"C:\\Program Files\\Google\\Chrome\\Application\\chrome.exe","args":["--start-maximized"]}},"logLevel":"warn","connectionRetryTimeout":120000,"connectionRetryCount":3,"logLevels":{},"enableDirectConnect":true,"strictSSL":true,"_":"65 more keys: [\"cacheDir\",\"port\",\"requestedCapabilities\",\"automationProtocol\",\"baseUrl\",\"waitforInterval\",\"waitforTimeout\",\"onReload\",\"beforeCommand\",\"afterCommand\",\"rootDir\",\"specs\",\"suites\",\"exclude\",\"groupLogsByTestSpec\",\"excludeDriverLogs\",\"bail\",\"framework\",\"reporters\",\"services\",\"maxInstances\",\"maxInstancesPerCapability\",\"injectGlobals\",\"filesToWatch\",\"execArgv\",\"runnerEnv\",\"runner\",\"shard\",\"specFileRetries\",\"specFileRetriesDelay\",\"specFileRetriesDeferred\",\"reporterSyncInterval\",\"reporterSyncTimeout\",\"cucumberFeaturesWithLineNumbers\",\"autoCompileOpts\",\"mochaOpts\",\"jasmineOpts\",\"cucumberOpts\",\"onPrepare\",\"onWorkerStart\",\"onWorkerEnd\",\"before\",\"beforeSession\",\"beforeSuite\",\"beforeHook\",\"beforeTest\",\"afterTest\",\"afterHook\",\"afterSuite\",\"afterSession\",\"after\",\"onComplete\",\"beforeAssertion\",\"afterAssertion\",\"beforeFeature\",\"beforeScenario\",\"beforeStep\",\"afterStep\",\"afterScenario\",\"afterFeature\",\"_\",\"suite\",\"$0\",\"ignoredWorkerServices\",\"wdi5\"]"}]}
COMMAND: POST /session/a61471faa2a572325c8c01ea6c194ba1/execute/async - {"script":"<script> [21126 bytes]","args":[35000]}
RESULT: {"script":"<script> [21126 bytes]","args":[35000]}
COMMAND: POST /session/a61471faa2a572325c8c01ea6c194ba1/element - {"using":"css selector","value":"#shell-header-logo"}
RESULT: {"using":"css selector","value":"#shell-header-logo"}
COMMAND: POST /session/a61471faa2a572325c8c01ea6c194ba1/element/f.E650C83CD3BCDAFFADB668DA9E39007C.d.E335AD021EC8E236F07FB19C02D248AD.e.3490/click - {}
RESULT: {}
COMMAND: GET /session/a61471faa2a572325c8c01ea6c194ba1/screenshot - {}
COMMAND: POST /session/a61471faa2a572325c8c01ea6c194ba1/execute/async - {"script":"<script> [1562 bytes]","args":[{"selector":{"controlType":"sap.m.GenericTile","properties":{"header":"Manage Sites"}},"wdio_ui5_key":"sapm.GenericTile{\"header\":\"Manage Sites\"}"}]}
RESULT: {}
RESULT: {"script":"<script> [1562 bytes]","args":[{"selector":{"controlType":"sap.m.GenericTile","properties":{"header":"Manage Sites"}},"wdio_ui5_key":"sapm.GenericTile{\"header\":\"Manage Sites\"}"}]}
RESULT: undefined
COMMAND: POST /session/a61471faa2a572325c8c01ea6c194ba1/element - {"using":"xpath","value":"//*[@id=\"__tile52\"]"}
RESULT: {"using":"xpath","value":"//*[@id=\"__tile52\"]"}
COMMAND: POST /session/a61471faa2a572325c8c01ea6c194ba1/element/f.E650C83CD3BCDAFFADB668DA9E39007C.d.E335AD021EC8E236F07FB19C02D248AD.e.3735/click - {}
RESULT: {}
COMMAND: GET /session/a61471faa2a572325c8c01ea6c194ba1/screenshot - {}
RESULT: {}
COMMAND: POST /session/a61471faa2a572325c8c01ea6c194ba1/elements - {"using":"xpath","value":"//span[text()='Error']"}
RESULT: {"using":"xpath","value":"//span[text()='Error']"}
]]></system-out>
      <system-err><![CDATA[
Error: Can't call click on element with selector "//ul[contains(@id,"popup-list-listUl")]//li[.//span[text()= "Webshop Catalog"]]" because element wasn't found
    at async UtilsPrerequisites.partnerCreation (D:\a\1\s\test\specs\BTS\prerequisites-and-utils-functions.js:518:13)
    at async Context.<anonymous> (D:\a\1\s\test\specs\BTS\create-partner.spec.js:43:47)
]]></system-err>
    </testcase>
  </testsuite>
  <testsuite timestamp="2025-06-14T15:30:25" time="211.269" tests="2" failures="0" errors="0" skipped="0">
    <properties>
      <property name="specId" value="0"/>
      <property name="suiteName" value="Create 2 sites US118246"/>
      <property name="capabilities" value="chrome.137_0_7151_69.windows"/>
      <property name="file" value="file:///D:/a/1/s/test/specs/R2C/create-site.spec.js"/>
    </properties>
    <testcase classname="chrome.137_0_7151_69.windows.Create_2_sites_US118246" name="Should create new site" time="76.754">
      <system-out><![CDATA[
COMMAND: POST /session/a61471faa2a572325c8c01ea6c194ba1/execute/async - {"script":"<script> [1562 bytes]","args":[{"selector":{"controlType":"sap.m.Title","viewName":"etm.portal.ui.managesites.view.Master","viewId":"application-managesites-display-component---masterSite","i18NText":{"propertyName":"text","key":"sites"}},"wdio_ui5_key":"etmportal.ui.managesites.view.Mastersap.m.Title{\"propertyName\":\"text\",\"key\":\"sites\"}"}]}
RESULT: {"script":"<script> [1562 bytes]","args":[{"selector":{"controlType":"sap.m.Title","viewName":"etm.portal.ui.managesites.view.Master","viewId":"application-managesites-display-component---masterSite","i18NText":{"propertyName":"text","key":"sites"}},"wdio_ui5_key":"etmportal.ui.managesites.view.Mastersap.m.Title{\"propertyName\":\"text\",\"key\":\"sites\"}"}]}
RESULT: undefined
COMMAND: POST /session/a61471faa2a572325c8c01ea6c194ba1/execute/async - {"script":"<script> [6424 bytes]","args":[{"element-6066-11e4-a52e-4f735466cecf":"f.E650C83CD3BCDAFFADB668DA9E39007C.d.E335AD021EC8E236F07FB19C02D248AD.e.4152"},"getText",[]]}
RESULT: {"script":"<script> [6424 bytes]","args":[{"element-6066-11e4-a52e-4f735466cecf":"f.E650C83CD3BCDAFFADB668DA9E39007C.d.E335AD021EC8E236F07FB19C02D248AD.e.4152"},"getText",[]]}
COMMAND: POST /session/a61471faa2a572325c8c01ea6c194ba1/execute/async - {"script":"<script> [1562 bytes]","args":[{"selector":{"controlType":"sap.ui.core.Icon","viewName":"etm.portal.ui.managesites.view.Master","viewId":"application-managesites-display-component---masterSite","properties":{"src":{"regex":{"source":"add"}}}},"wdio_ui5_key":"etmportal.ui.managesites.view.Mastersap.ui.core.Icon{\"src\":{\"regex\":{\"source\":\"add\"}}}"}]}
RESULT: {"script":"<script> [1562 bytes]","args":[{"selector":{"controlType":"sap.ui.core.Icon","viewName":"etm.portal.ui.managesites.view.Master","viewId":"application-managesites-display-component---masterSite","properties":{"src":{"regex":{"source":"add"}}}},"wdio_ui5_key":"etmportal.ui.managesites.view.Mastersap.ui.core.Icon{\"src\":{\"regex\":{\"source\":\"add\"}}}"}]}
RESULT: undefined
COMMAND: POST /session/a61471faa2a572325c8c01ea6c194ba1/element - {"using":"xpath","value":"//*[@id=\"__button29-img\"]"}
RESULT: {"using":"xpath","value":"//*[@id=\"__button29-img\"]"}
COMMAND: POST /session/a61471faa2a572325c8c01ea6c194ba1/element/f.E650C83CD3BCDAFFADB668DA9E39007C.d.E335AD021EC8E236F07FB19C02D248AD.e.3784/click - {}
RESULT: {}
COMMAND: POST /session/a61471faa2a572325c8c01ea6c194ba1/execute/async - {"script":"<script> [1562 bytes]","args":[{"selector":{"id":"application-managesites-display-component---NewSite--siteId","interaction":{"idSuffix":"inner"}},"wdio_ui5_key":"applicationmanagesites-display-component---NewSite--siteId"}]}
COMMAND: GET /session/a61471faa2a572325c8c01ea6c194ba1/screenshot - {}
RESULT: {"script":"<script> [1562 bytes]","args":[{"selector":{"id":"application-managesites-display-component---NewSite--siteId","interaction":{"idSuffix":"inner"}},"wdio_ui5_key":"applicationmanagesites-display-component---NewSite--siteId"}]}
RESULT: undefined
COMMAND: POST /session/a61471faa2a572325c8c01ea6c194ba1/execute/async - {"script":"<script> [1562 bytes]","args":[{"selector":{"id":"application-managesites-display-component---NewSite--addressDetailDetailsName1","interaction":{"idSuffix":"inner"}},"wdio_ui5_key":"applicationmanagesites-display-component---NewSite--addressDetailDetailsName1"}]}
RESULT: {}
RESULT: {"script":"<script> [1562 bytes]","args":[{"selector":{"id":"application-managesites-display-component---NewSite--addressDetailDetailsName1","interaction":{"idSuffix":"inner"}},"wdio_ui5_key":"applicationmanagesites-display-component---NewSite--addressDetailDetailsName1"}]}
RESULT: undefined
COMMAND: POST /session/a61471faa2a572325c8c01ea6c194ba1/execute/async - {"script":"<script> [776 bytes]","args":[{"enterText":"Webdriver Site xu5dc","selector":{"id":"application-managesites-display-component---NewSite--addressDetailDetailsName1","interaction":{"idSuffix":"inner"}},"clearTextFirst":true,"interactionType":"ENTER_TEXT"}]}
RESULT: {"script":"<script> [776 bytes]","args":[{"enterText":"Webdriver Site xu5dc","selector":{"id":"application-managesites-display-component---NewSite--addressDetailDetailsName1","interaction":{"idSuffix":"inner"}},"clearTextFirst":true,"interactionType":"ENTER_TEXT"}]}
COMMAND: POST /session/a61471faa2a572325c8c01ea6c194ba1/execute/async - {"script":"<script> [1562 bytes]","args":[{"selector":{"id":"application-managesites-display-component---NewSite--addressDetailDetailsLanguage","interaction":{"idSuffix":"inner"}},"wdio_ui5_key":"applicationmanagesites-display-component---NewSite--addressDetailDetailsLanguage"}]}
RESULT: {"script":"<script> [1562 bytes]","args":[{"selector":{"id":"application-managesites-display-component---NewSite--addressDetailDetailsLanguage","interaction":{"idSuffix":"inner"}},"wdio_ui5_key":"applicationmanagesites-display-component---NewSite--addressDetailDetailsLanguage"}]}
RESULT: undefined
COMMAND: POST /session/a61471faa2a572325c8c01ea6c194ba1/execute/async - {"script":"<script> [776 bytes]","args":[{"enterText":"Romanian","selector":{"id":"application-managesites-display-component---NewSite--addressDetailDetailsLanguage","interaction":{"idSuffix":"inner"}},"clearTextFirst":true,"interactionType":"ENTER_TEXT"}]}
RESULT: {"script":"<script> [776 bytes]","args":[{"enterText":"Romanian","selector":{"id":"application-managesites-display-component---NewSite--addressDetailDetailsLanguage","interaction":{"idSuffix":"inner"}},"clearTextFirst":true,"interactionType":"ENTER_TEXT"}]}
COMMAND: POST /session/a61471faa2a572325c8c01ea6c194ba1/execute/async - {"script":"<script> [1562 bytes]","args":[{"selector":{"id":"application-managesites-display-component---NewSite--addressDetailDetailsCity1","interaction":{"idSuffix":"inner"}},"wdio_ui5_key":"applicationmanagesites-display-component---NewSite--addressDetailDetailsCity1"}]}
RESULT: {"script":"<script> [1562 bytes]","args":[{"selector":{"id":"application-managesites-display-component---NewSite--addressDetailDetailsCity1","interaction":{"idSuffix":"inner"}},"wdio_ui5_key":"applicationmanagesites-display-component---NewSite--addressDetailDetailsCity1"}]}
RESULT: undefined
COMMAND: POST /session/a61471faa2a572325c8c01ea6c194ba1/execute/async - {"script":"<script> [776 bytes]","args":[{"enterText":"Bucharest","selector":{"id":"application-managesites-display-component---NewSite--addressDetailDetailsCity1","interaction":{"idSuffix":"inner"}},"clearTextFirst":true,"interactionType":"ENTER_TEXT"}]}
RESULT: {"script":"<script> [776 bytes]","args":[{"enterText":"Bucharest","selector":{"id":"application-managesites-display-component---NewSite--addressDetailDetailsCity1","interaction":{"idSuffix":"inner"}},"clearTextFirst":true,"interactionType":"ENTER_TEXT"}]}
COMMAND: POST /session/a61471faa2a572325c8c01ea6c194ba1/execute/async - {"script":"<script> [1562 bytes]","args":[{"selector":{"id":"application-managesites-display-component---NewSite--addressDetailDetailsCountry","interaction":{"idSuffix":"inner"}},"wdio_ui5_key":"applicationmanagesites-display-component---NewSite--addressDetailDetailsCountry"}]}
RESULT: {"script":"<script> [1562 bytes]","args":[{"selector":{"id":"application-managesites-display-component---NewSite--addressDetailDetailsCountry","interaction":{"idSuffix":"inner"}},"wdio_ui5_key":"applicationmanagesites-display-component---NewSite--addressDetailDetailsCountry"}]}
RESULT: undefined
COMMAND: POST /session/a61471faa2a572325c8c01ea6c194ba1/execute/async - {"script":"<script> [776 bytes]","args":[{"enterText":"Romania","selector":{"id":"application-managesites-display-component---NewSite--addressDetailDetailsCountry","interaction":{"idSuffix":"inner"}},"clearTextFirst":true,"interactionType":"ENTER_TEXT"}]}
RESULT: {"script":"<script> [776 bytes]","args":[{"enterText":"Romania","selector":{"id":"application-managesites-display-component---NewSite--addressDetailDetailsCountry","interaction":{"idSuffix":"inner"}},"clearTextFirst":true,"interactionType":"ENTER_TEXT"}]}
COMMAND: POST /session/a61471faa2a572325c8c01ea6c194ba1/execute/async - {"script":"<script> [1562 bytes]","args":[{"selector":{"id":"application-managesites-display-component---NewSite--addressDetailDetailsCalendar","interaction":{"idSuffix":"inner"}},"wdio_ui5_key":"applicationmanagesites-display-component---NewSite--addressDetailDetailsCalendar"}]}
RESULT: {"script":"<script> [1562 bytes]","args":[{"selector":{"id":"application-managesites-display-component---NewSite--addressDetailDetailsCalendar","interaction":{"idSuffix":"inner"}},"wdio_ui5_key":"applicationmanagesites-display-component---NewSite--addressDetailDetailsCalendar"}]}
RESULT: undefined
COMMAND: POST /session/a61471faa2a572325c8c01ea6c194ba1/execute/async - {"script":"<script> [776 bytes]","args":[{"enterText":"Germany","selector":{"id":"application-managesites-display-component---NewSite--addressDetailDetailsCalendar","interaction":{"idSuffix":"inner"}},"clearTextFirst":true,"interactionType":"ENTER_TEXT"}]}
RESULT: {"script":"<script> [776 bytes]","args":[{"enterText":"Germany","selector":{"id":"application-managesites-display-component---NewSite--addressDetailDetailsCalendar","interaction":{"idSuffix":"inner"}},"clearTextFirst":true,"interactionType":"ENTER_TEXT"}]}
COMMAND: POST /session/a61471faa2a572325c8c01ea6c194ba1/execute/async - {"script":"<script> [1562 bytes]","args":[{"selector":{"id":"application-managesites-display-component---NewSite--addressEditDetailsCostObjectCstType-arrow"},"wdio_ui5_key":"applicationmanagesites-display-component---NewSite--addressEditDetailsCostObjectCstType-arrow"}]}
RESULT: {"script":"<script> [1562 bytes]","args":[{"selector":{"id":"application-managesites-display-component---NewSite--addressEditDetailsCostObjectCstType-arrow"},"wdio_ui5_key":"applicationmanagesites-display-component---NewSite--addressEditDetailsCostObjectCstType-arrow"}]}
RESULT: undefined
COMMAND: POST /session/a61471faa2a572325c8c01ea6c194ba1/element - {"using":"xpath","value":"//*[@id=\"application-managesites-display-component---NewSite--addressEditDetailsCostObjectCstType-arrow\"]"}
RESULT: {"using":"xpath","value":"//*[@id=\"application-managesites-display-component---NewSite--addressEditDetailsCostObjectCstType-arrow\"]"}
COMMAND: POST /session/a61471faa2a572325c8c01ea6c194ba1/element/f.E650C83CD3BCDAFFADB668DA9E39007C.d.E335AD021EC8E236F07FB19C02D248AD.e.4423/click - {}
RESULT: {}
COMMAND: POST /session/a61471faa2a572325c8c01ea6c194ba1/element - {"using":"xpath","value":"//span[contains(text(), \"Work Breakdown Structure\")]"}
COMMAND: GET /session/a61471faa2a572325c8c01ea6c194ba1/screenshot - {}
RESULT: {"using":"xpath","value":"//span[contains(text(), \"Work Breakdown Structure\")]"}
COMMAND: POST /session/a61471faa2a572325c8c01ea6c194ba1/element/f.E650C83CD3BCDAFFADB668DA9E39007C.d.E335AD021EC8E236F07FB19C02D248AD.e.4424/click - {}
RESULT: {}
RESULT: {}
COMMAND: GET /session/a61471faa2a572325c8c01ea6c194ba1/screenshot - {}
RESULT: {}
RESULT: undefined
COMMAND: POST /session/a61471faa2a572325c8c01ea6c194ba1/execute/async - {"script":"<script> [1562 bytes]","args":[{"selector":{"id":"application-managesites-display-component---NewSite--addressNewCostObjectCstID-vhi"},"wdio_ui5_key":"applicationmanagesites-display-component---NewSite--addressNewCostObjectCstID-vhi"}]}
RESULT: {"script":"<script> [1562 bytes]","args":[{"selector":{"id":"application-managesites-display-component---NewSite--addressNewCostObjectCstID-vhi"},"wdio_ui5_key":"applicationmanagesites-display-component---NewSite--addressNewCostObjectCstID-vhi"}]}
RESULT: undefined
COMMAND: POST /session/a61471faa2a572325c8c01ea6c194ba1/element - {"using":"xpath","value":"//*[@id=\"application-managesites-display-component---NewSite--addressNewCostObjectCstID-vhi\"]"}
RESULT: {"using":"xpath","value":"//*[@id=\"application-managesites-display-component---NewSite--addressNewCostObjectCstID-vhi\"]"}
COMMAND: POST /session/a61471faa2a572325c8c01ea6c194ba1/element/f.E650C83CD3BCDAFFADB668DA9E39007C.d.E335AD021EC8E236F07FB19C02D248AD.e.4428/click - {}
RESULT: {}
COMMAND: GET /session/a61471faa2a572325c8c01ea6c194ba1/screenshot - {}
RESULT: {}
COMMAND: POST /session/a61471faa2a572325c8c01ea6c194ba1/execute/async - {"script":"<script> [1562 bytes]","args":[{"selector":{"controlType":"sap.m.SearchField","properties":{"placeholder":"Search"},"searchOpenDialogs":true,"interaction":{"idSuffix":"I"}},"wdio_ui5_key":"sapm.SearchField{\"placeholder\":\"Search\"}"}]}
RESULT: {"script":"<script> [1562 bytes]","args":[{"selector":{"controlType":"sap.m.SearchField","properties":{"placeholder":"Search"},"searchOpenDialogs":true,"interaction":{"idSuffix":"I"}},"wdio_ui5_key":"sapm.SearchField{\"placeholder\":\"Search\"}"}]}
RESULT: undefined
COMMAND: POST /session/a61471faa2a572325c8c01ea6c194ba1/execute/async - {"script":"<script> [776 bytes]","args":[{"enterText":"A1-000100-01","selector":{"controlType":"sap.m.SearchField","properties":{"placeholder":"Search"},"searchOpenDialogs":true,"interaction":{"idSuffix":"I"}},"clearTextFirst":true,"interactionType":"ENTER_TEXT"}]}
RESULT: {"script":"<script> [776 bytes]","args":[{"enterText":"A1-000100-01","selector":{"controlType":"sap.m.SearchField","properties":{"placeholder":"Search"},"searchOpenDialogs":true,"interaction":{"idSuffix":"I"}},"clearTextFirst":true,"interactionType":"ENTER_TEXT"}]}
COMMAND: POST /session/a61471faa2a572325c8c01ea6c194ba1/actions - {"actions":[{"id":"action7","type":"key","parameters":{},"actions":[{"type":"keyDown","value":""},{"type":"pause","duration":10},{"type":"keyUp","value":""}]}]}
RESULT: {"actions":[{"id":"action7","type":"key","parameters":{},"actions":[{"type":"keyDown","value":""},{"type":"pause","duration":10},{"type":"keyUp","value":""}]}]}
COMMAND: GET /session/a61471faa2a572325c8c01ea6c194ba1/screenshot - {}
RESULT: {}
COMMAND: POST /session/a61471faa2a572325c8c01ea6c194ba1/element - {"using":"xpath","value":"//span[contains(text(), \"Template for ETO-Process\")]"}
RESULT: {"using":"xpath","value":"//span[contains(text(), \"Template for ETO-Process\")]"}
COMMAND: POST /session/a61471faa2a572325c8c01ea6c194ba1/element/f.E650C83CD3BCDAFFADB668DA9E39007C.d.E335AD021EC8E236F07FB19C02D248AD.e.4450/click - {}
RESULT: {}
COMMAND: GET /session/a61471faa2a572325c8c01ea6c194ba1/screenshot - {}
RESULT: {}
COMMAND: POST /session/a61471faa2a572325c8c01ea6c194ba1/element - {"using":"xpath","value":"//bdi[contains(text(), \"OK\")]"}
RESULT: {"using":"xpath","value":"//bdi[contains(text(), \"OK\")]"}
COMMAND: POST /session/a61471faa2a572325c8c01ea6c194ba1/element/f.E650C83CD3BCDAFFADB668DA9E39007C.d.E335AD021EC8E236F07FB19C02D248AD.e.4451/click - {}
RESULT: {}
COMMAND: GET /session/a61471faa2a572325c8c01ea6c194ba1/screenshot - {}
RESULT: {}
COMMAND: POST /session/a61471faa2a572325c8c01ea6c194ba1/element - {"using":"xpath","value":"//input[@id=\"application-managesites-display-component---NewSite--addressDetailDetailsYard-inner\"]"}
RESULT: {"using":"xpath","value":"//input[@id=\"application-managesites-display-component---NewSite--addressDetailDetailsYard-inner\"]"}
COMMAND: POST /session/a61471faa2a572325c8c01ea6c194ba1/element/f.E650C83CD3BCDAFFADB668DA9E39007C.d.E335AD021EC8E236F07FB19C02D248AD.e.4216/value - {"text":"257"}
RESULT: {"text":"257"}
COMMAND: GET /session/a61471faa2a572325c8c01ea6c194ba1/screenshot - {}
RESULT: {}
COMMAND: POST /session/a61471faa2a572325c8c01ea6c194ba1/actions - {"actions":[{"id":"action8","type":"key","parameters":{},"actions":[{"type":"keyDown","value":""},{"type":"pause","duration":10},{"type":"keyUp","value":""}]}]}
RESULT: {"actions":[{"id":"action8","type":"key","parameters":{},"actions":[{"type":"keyDown","value":""},{"type":"pause","duration":10},{"type":"keyUp","value":""}]}]}
COMMAND: GET /session/a61471faa2a572325c8c01ea6c194ba1/screenshot - {}
RESULT: {}
COMMAND: POST /session/a61471faa2a572325c8c01ea6c194ba1/element - {"using":"xpath","value":"//input[@id=\"application-managesites-display-component---NewSite--addressDetailDetailsPartner-inner\"]"}
RESULT: {"using":"xpath","value":"//input[@id=\"application-managesites-display-component---NewSite--addressDetailDetailsPartner-inner\"]"}
COMMAND: POST /session/a61471faa2a572325c8c01ea6c194ba1/elements - {"using":"xpath","value":"//input[@id=\"application-managesites-display-component---NewSite--addressDetailDetailsPartner-inner\"]"}
RESULT: {"using":"xpath","value":"//input[@id=\"application-managesites-display-component---NewSite--addressDetailDetailsPartner-inner\"]"}
COMMAND: POST /session/a61471faa2a572325c8c01ea6c194ba1/execute/async - {"script":"<script> [1562 bytes]","args":[{"selector":{"controlType":"sap.m.Button","viewName":"etm.portal.ui.managesites.view.NewSmartSite","viewId":"application-managesites-display-component---NewSite","properties":{"text":"Commercial"},"interaction":{"idSuffix":"BDI-content"}},"wdio_ui5_key":"etmportal.ui.managesites.view.NewSmartSitesap.m.Button{\"text\":\"Commercial\"}"}]}
RESULT: {"script":"<script> [1562 bytes]","args":[{"selector":{"controlType":"sap.m.Button","viewName":"etm.portal.ui.managesites.view.NewSmartSite","viewId":"application-managesites-display-component---NewSite","properties":{"text":"Commercial"},"interaction":{"idSuffix":"BDI-content"}},"wdio_ui5_key":"etmportal.ui.managesites.view.NewSmartSitesap.m.Button{\"text\":\"Commercial\"}"}]}
RESULT: undefined
COMMAND: POST /session/a61471faa2a572325c8c01ea6c194ba1/element - {"using":"xpath","value":"//*[@id=\"application-managesites-display-component---NewSite--ObjectPageLayout-anchBar-__section18-anchor\"]"}
RESULT: {"using":"xpath","value":"//*[@id=\"application-managesites-display-component---NewSite--ObjectPageLayout-anchBar-__section18-anchor\"]"}
COMMAND: POST /session/a61471faa2a572325c8c01ea6c194ba1/element/f.E650C83CD3BCDAFFADB668DA9E39007C.d.E335AD021EC8E236F07FB19C02D248AD.e.4458/click - {}
RESULT: {}
COMMAND: POST /session/a61471faa2a572325c8c01ea6c194ba1/execute/async - {"script":"<script> [1562 bytes]","args":[{"selector":{"controlType":"sap.m.Button","viewName":"etm.portal.ui.managesites.view.NewSmartSite","viewId":"application-managesites-display-component---NewSite","i18NText":{"propertyName":"text","key":"save"},"interaction":{"idSuffix":"BDI-content"}},"wdio_ui5_key":"etmportal.ui.managesites.view.NewSmartSitesap.m.Button{\"propertyName\":\"text\",\"key\":\"save\"}"}]}
COMMAND: GET /session/a61471faa2a572325c8c01ea6c194ba1/screenshot - {}
RESULT: {"script":"<script> [1562 bytes]","args":[{"selector":{"controlType":"sap.m.Button","viewName":"etm.portal.ui.managesites.view.NewSmartSite","viewId":"application-managesites-display-component---NewSite","i18NText":{"propertyName":"text","key":"save"},"interaction":{"idSuffix":"BDI-content"}},"wdio_ui5_key":"etmportal.ui.managesites.view.NewSmartSitesap.m.Button{\"propertyName\":\"text\",\"key\":\"save\"}"}]}
RESULT: undefined
COMMAND: POST /session/a61471faa2a572325c8c01ea6c194ba1/element - {"using":"xpath","value":"//*[@id=\"__button41\"]"}
RESULT: {"using":"xpath","value":"//*[@id=\"__button41\"]"}
COMMAND: POST /session/a61471faa2a572325c8c01ea6c194ba1/element/f.E650C83CD3BCDAFFADB668DA9E39007C.d.E335AD021EC8E236F07FB19C02D248AD.e.4402/click - {}
RESULT: {}
RESULT: {}
COMMAND: GET /session/a61471faa2a572325c8c01ea6c194ba1/screenshot - {}
RESULT: {}
COMMAND: POST /session/a61471faa2a572325c8c01ea6c194ba1/execute/async - {"script":"<script> [1562 bytes]","args":[{"selector":{"id":"application-managesites-display-component---detailSite--addressDetailDetailsYardText"},"wdio_ui5_key":"applicationmanagesites-display-component---detailSite--addressDetailDetailsYardText"}]}
RESULT: {"script":"<script> [1562 bytes]","args":[{"selector":{"id":"application-managesites-display-component---detailSite--addressDetailDetailsYardText"},"wdio_ui5_key":"applicationmanagesites-display-component---detailSite--addressDetailDetailsYardText"}]}
RESULT: undefined
COMMAND: POST /session/a61471faa2a572325c8c01ea6c194ba1/element - {"using":"xpath","value":"//header/div/div[2]/div[2]/span"}
RESULT: {"using":"xpath","value":"//header/div/div[2]/div[2]/span"}
COMMAND: GET /session/a61471faa2a572325c8c01ea6c194ba1/element/f.E650C83CD3BCDAFFADB668DA9E39007C.d.E335AD021EC8E236F07FB19C02D248AD.e.4673/text - {}
RESULT: {}
COMMAND: POST /session/a61471faa2a572325c8c01ea6c194ba1/execute/async - {"script":"<script> [1562 bytes]","args":[{"selector":{"controlType":"sap.m.Label","viewName":"etm.portal.ui.managesites.view.Detail","viewId":"application-managesites-display-component---detailSite","i18NText":{"propertyName":"text","key":"status"}},"wdio_ui5_key":"etmportal.ui.managesites.view.Detailsap.m.Label{\"propertyName\":\"text\",\"key\":\"status\"}"}]}
RESULT: {"script":"<script> [1562 bytes]","args":[{"selector":{"controlType":"sap.m.Label","viewName":"etm.portal.ui.managesites.view.Detail","viewId":"application-managesites-display-component---detailSite","i18NText":{"propertyName":"text","key":"status"}},"wdio_ui5_key":"etmportal.ui.managesites.view.Detailsap.m.Label{\"propertyName\":\"text\",\"key\":\"status\"}"}]}
RESULT: undefined
COMMAND: POST /session/a61471faa2a572325c8c01ea6c194ba1/execute/async - {"script":"<script> [6424 bytes]","args":[{"element-6066-11e4-a52e-4f735466cecf":"f.E650C83CD3BCDAFFADB668DA9E39007C.d.E335AD021EC8E236F07FB19C02D248AD.e.4659"},"getText",[]]}
RESULT: {"script":"<script> [6424 bytes]","args":[{"element-6066-11e4-a52e-4f735466cecf":"f.E650C83CD3BCDAFFADB668DA9E39007C.d.E335AD021EC8E236F07FB19C02D248AD.e.4659"},"getText",[]]}
]]></system-out>
    </testcase>
    <testcase classname="chrome.137_0_7151_69.windows.Create_2_sites_US118246" name="Should create WHM site" time="58.434">
      <system-out><![CDATA[
RESULT: undefined
COMMAND: POST /session/a61471faa2a572325c8c01ea6c194ba1/element - {"using":"xpath","value":"//*[@id=\"__button29-img\"]"}
RESULT: {"using":"xpath","value":"//*[@id=\"__button29-img\"]"}
COMMAND: POST /session/a61471faa2a572325c8c01ea6c194ba1/element/f.E650C83CD3BCDAFFADB668DA9E39007C.d.E335AD021EC8E236F07FB19C02D248AD.e.4674/click - {}
RESULT: {}
COMMAND: GET /session/a61471faa2a572325c8c01ea6c194ba1/screenshot - {}
RESULT: undefined
COMMAND: POST /session/a61471faa2a572325c8c01ea6c194ba1/execute/async - {"script":"<script> [1562 bytes]","args":[{"selector":{"controlType":"sap.m.Button","viewName":"etm.portal.ui.managesites.view.NewSmartSite","viewId":"application-managesites-display-component---NewSite","properties":{"text":"General Information"},"interaction":{"idSuffix":"BDI-content"}},"wdio_ui5_key":"etmportal.ui.managesites.view.NewSmartSitesap.m.Button{\"text\":\"General Information\"}"}]}
RESULT: {}
RESULT: {"script":"<script> [1562 bytes]","args":[{"selector":{"controlType":"sap.m.Button","viewName":"etm.portal.ui.managesites.view.NewSmartSite","viewId":"application-managesites-display-component---NewSite","properties":{"text":"General Information"},"interaction":{"idSuffix":"BDI-content"}},"wdio_ui5_key":"etmportal.ui.managesites.view.NewSmartSitesap.m.Button{\"text\":\"General Information\"}"}]}
RESULT: undefined
COMMAND: POST /session/a61471faa2a572325c8c01ea6c194ba1/element - {"using":"xpath","value":"//*[@id=\"application-managesites-display-component---NewSite--ObjectPageLayout-anchBar-__section16-anchor\"]"}
RESULT: {"using":"xpath","value":"//*[@id=\"application-managesites-display-component---NewSite--ObjectPageLayout-anchBar-__section16-anchor\"]"}
COMMAND: POST /session/a61471faa2a572325c8c01ea6c194ba1/element/f.E650C83CD3BCDAFFADB668DA9E39007C.d.E335AD021EC8E236F07FB19C02D248AD.e.4855/click - {}
RESULT: {}
RESULT: undefined
COMMAND: POST /session/a61471faa2a572325c8c01ea6c194ba1/execute/async - {"script":"<script> [776 bytes]","args":[{"enterText":"Webdriver WHM Site gz4yz","selector":{"id":"application-managesites-display-component---NewSite--addressDetailDetailsName1","interaction":{"idSuffix":"inner"}},"clearTextFirst":true,"interactionType":"ENTER_TEXT"}]}
COMMAND: GET /session/a61471faa2a572325c8c01ea6c194ba1/screenshot - {}
RESULT: {"script":"<script> [776 bytes]","args":[{"enterText":"Webdriver WHM Site gz4yz","selector":{"id":"application-managesites-display-component---NewSite--addressDetailDetailsName1","interaction":{"idSuffix":"inner"}},"clearTextFirst":true,"interactionType":"ENTER_TEXT"}]}
RESULT: {}
RESULT: undefined
COMMAND: POST /session/a61471faa2a572325c8c01ea6c194ba1/execute/async - {"script":"<script> [776 bytes]","args":[{"enterText":"Romanian","selector":{"id":"application-managesites-display-component---NewSite--addressDetailDetailsLanguage","interaction":{"idSuffix":"inner"}},"clearTextFirst":true,"interactionType":"ENTER_TEXT"}]}
RESULT: {"script":"<script> [776 bytes]","args":[{"enterText":"Romanian","selector":{"id":"application-managesites-display-component---NewSite--addressDetailDetailsLanguage","interaction":{"idSuffix":"inner"}},"clearTextFirst":true,"interactionType":"ENTER_TEXT"}]}
COMMAND: POST /session/a61471faa2a572325c8c01ea6c194ba1/actions - {"actions":[{"id":"action9","type":"key","parameters":{},"actions":[{"type":"keyDown","value":""},{"type":"pause","duration":10},{"type":"keyUp","value":""}]}]}
RESULT: {"actions":[{"id":"action9","type":"key","parameters":{},"actions":[{"type":"keyDown","value":""},{"type":"pause","duration":10},{"type":"keyUp","value":""}]}]}
RESULT: undefined
COMMAND: POST /session/a61471faa2a572325c8c01ea6c194ba1/execute/async - {"script":"<script> [776 bytes]","args":[{"enterText":"Bucharest","selector":{"id":"application-managesites-display-component---NewSite--addressDetailDetailsCity1","interaction":{"idSuffix":"inner"}},"clearTextFirst":true,"interactionType":"ENTER_TEXT"}]}
COMMAND: GET /session/a61471faa2a572325c8c01ea6c194ba1/screenshot - {}
RESULT: {"script":"<script> [776 bytes]","args":[{"enterText":"Bucharest","selector":{"id":"application-managesites-display-component---NewSite--addressDetailDetailsCity1","interaction":{"idSuffix":"inner"}},"clearTextFirst":true,"interactionType":"ENTER_TEXT"}]}
RESULT: {}
COMMAND: POST /session/a61471faa2a572325c8c01ea6c194ba1/actions - {"actions":[{"id":"action10","type":"key","parameters":{},"actions":[{"type":"keyDown","value":""},{"type":"pause","duration":10},{"type":"keyUp","value":""}]}]}
RESULT: {"actions":[{"id":"action10","type":"key","parameters":{},"actions":[{"type":"keyDown","value":""},{"type":"pause","duration":10},{"type":"keyUp","value":""}]}]}
RESULT: undefined
COMMAND: POST /session/a61471faa2a572325c8c01ea6c194ba1/execute/async - {"script":"<script> [6424 bytes]","args":[{"element-6066-11e4-a52e-4f735466cecf":"f.E650C83CD3BCDAFFADB668DA9E39007C.d.E335AD021EC8E236F07FB19C02D248AD.e.4205"},"setValue",["Romania"]]}
COMMAND: GET /session/a61471faa2a572325c8c01ea6c194ba1/screenshot - {}
COMMAND: POST /session/a61471faa2a572325c8c01ea6c194ba1/execute/async - {"script":"<script> [1562 bytes]","args":[{"selector":{"id":"application-managesites-display-component---NewSite--addressDetailDetailsCountry","interaction":{"idSuffix":"inner"}},"wdio_ui5_key":"applicationmanagesites-display-component---NewSite--addressDetailDetailsCountry"}]}
RESULT: {}
RESULT: {"script":"<script> [1562 bytes]","args":[{"selector":{"id":"application-managesites-display-component---NewSite--addressDetailDetailsCountry","interaction":{"idSuffix":"inner"}},"wdio_ui5_key":"applicationmanagesites-display-component---NewSite--addressDetailDetailsCountry"}]}
COMMAND: POST /session/a61471faa2a572325c8c01ea6c194ba1/execute/async - {"script":"<script> [6424 bytes]","args":[{"element-6066-11e4-a52e-4f735466cecf":"f.E650C83CD3BCDAFFADB668DA9E39007C.d.E335AD021EC8E236F07FB19C02D248AD.e.4727"},"setValue",["Romania"]]}
RESULT: {"script":"<script> [6424 bytes]","args":[{"element-6066-11e4-a52e-4f735466cecf":"f.E650C83CD3BCDAFFADB668DA9E39007C.d.E335AD021EC8E236F07FB19C02D248AD.e.4727"},"setValue",["Romania"]]}
COMMAND: POST /session/a61471faa2a572325c8c01ea6c194ba1/actions - {"actions":[{"id":"action11","type":"key","parameters":{},"actions":[{"type":"keyDown","value":""},{"type":"pause","duration":10},{"type":"keyUp","value":""}]}]}
RESULT: {"actions":[{"id":"action11","type":"key","parameters":{},"actions":[{"type":"keyDown","value":""},{"type":"pause","duration":10},{"type":"keyUp","value":""}]}]}
RESULT: undefined
COMMAND: POST /session/a61471faa2a572325c8c01ea6c194ba1/execute/async - {"script":"<script> [776 bytes]","args":[{"enterText":"Germany","selector":{"id":"application-managesites-display-component---NewSite--addressDetailDetailsCalendar","interaction":{"idSuffix":"inner"}},"clearTextFirst":true,"interactionType":"ENTER_TEXT"}]}
COMMAND: GET /session/a61471faa2a572325c8c01ea6c194ba1/screenshot - {}
RESULT: {"script":"<script> [776 bytes]","args":[{"enterText":"Germany","selector":{"id":"application-managesites-display-component---NewSite--addressDetailDetailsCalendar","interaction":{"idSuffix":"inner"}},"clearTextFirst":true,"interactionType":"ENTER_TEXT"}]}
RESULT: {}
COMMAND: POST /session/a61471faa2a572325c8c01ea6c194ba1/actions - {"actions":[{"id":"action12","type":"key","parameters":{},"actions":[{"type":"keyDown","value":""},{"type":"pause","duration":10},{"type":"keyUp","value":""}]}]}
RESULT: {"actions":[{"id":"action12","type":"key","parameters":{},"actions":[{"type":"keyDown","value":""},{"type":"pause","duration":10},{"type":"keyUp","value":""}]}]}
COMMAND: POST /session/a61471faa2a572325c8c01ea6c194ba1/execute/async - {"script":"<script> [1562 bytes]","args":[{"selector":{"id":"application-managesites-display-component---NewSite--addressEditDetailsCostObjectCstType","interaction":{"idSuffix":"inner"}},"wdio_ui5_key":"applicationmanagesites-display-component---NewSite--addressEditDetailsCostObjectCstType"}]}
COMMAND: GET /session/a61471faa2a572325c8c01ea6c194ba1/screenshot - {}
RESULT: {"script":"<script> [1562 bytes]","args":[{"selector":{"id":"application-managesites-display-component---NewSite--addressEditDetailsCostObjectCstType","interaction":{"idSuffix":"inner"}},"wdio_ui5_key":"applicationmanagesites-display-component---NewSite--addressEditDetailsCostObjectCstType"}]}
RESULT: undefined
COMMAND: POST /session/a61471faa2a572325c8c01ea6c194ba1/execute/async - {"script":"<script> [776 bytes]","args":[{"enterText":"Cost","selector":{"id":"application-managesites-display-component---NewSite--addressEditDetailsCostObjectCstType","interaction":{"idSuffix":"inner"}},"clearTextFirst":true,"interactionType":"ENTER_TEXT"}]}
RESULT: {}
RESULT: {"script":"<script> [776 bytes]","args":[{"enterText":"Cost","selector":{"id":"application-managesites-display-component---NewSite--addressEditDetailsCostObjectCstType","interaction":{"idSuffix":"inner"}},"clearTextFirst":true,"interactionType":"ENTER_TEXT"}]}
COMMAND: POST /session/a61471faa2a572325c8c01ea6c194ba1/actions - {"actions":[{"id":"action13","type":"key","parameters":{},"actions":[{"type":"keyDown","value":""},{"type":"pause","duration":10},{"type":"keyUp","value":""}]}]}
RESULT: {"actions":[{"id":"action13","type":"key","parameters":{},"actions":[{"type":"keyDown","value":""},{"type":"pause","duration":10},{"type":"keyUp","value":""}]}]}
COMMAND: POST /session/a61471faa2a572325c8c01ea6c194ba1/execute/async - {"script":"<script> [1562 bytes]","args":[{"selector":{"id":"application-managesites-display-component---NewSite--addressNewCostObjectCstID","interaction":{"idSuffix":"inner"}},"wdio_ui5_key":"applicationmanagesites-display-component---NewSite--addressNewCostObjectCstID"}]}
COMMAND: GET /session/a61471faa2a572325c8c01ea6c194ba1/screenshot - {}
RESULT: {"script":"<script> [1562 bytes]","args":[{"selector":{"id":"application-managesites-display-component---NewSite--addressNewCostObjectCstID","interaction":{"idSuffix":"inner"}},"wdio_ui5_key":"applicationmanagesites-display-component---NewSite--addressNewCostObjectCstID"}]}
RESULT: undefined
COMMAND: POST /session/a61471faa2a572325c8c01ea6c194ba1/execute/async - {"script":"<script> [776 bytes]","args":[{"enterText":"1001","selector":{"id":"application-managesites-display-component---NewSite--addressNewCostObjectCstID","interaction":{"idSuffix":"inner"}},"clearTextFirst":true,"interactionType":"ENTER_TEXT"}]}
RESULT: {}
RESULT: {"script":"<script> [776 bytes]","args":[{"enterText":"1001","selector":{"id":"application-managesites-display-component---NewSite--addressNewCostObjectCstID","interaction":{"idSuffix":"inner"}},"clearTextFirst":true,"interactionType":"ENTER_TEXT"}]}
COMMAND: POST /session/a61471faa2a572325c8c01ea6c194ba1/actions - {"actions":[{"id":"action14","type":"key","parameters":{},"actions":[{"type":"keyDown","value":""},{"type":"pause","duration":10},{"type":"keyUp","value":""}]}]}
RESULT: {"actions":[{"id":"action14","type":"key","parameters":{},"actions":[{"type":"keyDown","value":""},{"type":"pause","duration":10},{"type":"keyUp","value":""}]}]}
COMMAND: POST /session/a61471faa2a572325c8c01ea6c194ba1/element - {"using":"xpath","value":"//input[@id=\"application-managesites-display-component---NewSite--addressDetailDetailsYard-inner\"]"}
COMMAND: GET /session/a61471faa2a572325c8c01ea6c194ba1/screenshot - {}
RESULT: {"using":"xpath","value":"//input[@id=\"application-managesites-display-component---NewSite--addressDetailDetailsYard-inner\"]"}
COMMAND: POST /session/a61471faa2a572325c8c01ea6c194ba1/element/f.E650C83CD3BCDAFFADB668DA9E39007C.d.E335AD021EC8E236F07FB19C02D248AD.e.4738/value - {"text":"259"}
RESULT: {}
RESULT: {"text":"259"}
COMMAND: GET /session/a61471faa2a572325c8c01ea6c194ba1/screenshot - {}
RESULT: {}
COMMAND: POST /session/a61471faa2a572325c8c01ea6c194ba1/actions - {"actions":[{"id":"action15","type":"key","parameters":{},"actions":[{"type":"keyDown","value":""},{"type":"pause","duration":10},{"type":"keyUp","value":""}]}]}
RESULT: {"actions":[{"id":"action15","type":"key","parameters":{},"actions":[{"type":"keyDown","value":""},{"type":"pause","duration":10},{"type":"keyUp","value":""}]}]}
COMMAND: GET /session/a61471faa2a572325c8c01ea6c194ba1/screenshot - {}
RESULT: {}
COMMAND: POST /session/a61471faa2a572325c8c01ea6c194ba1/element - {"using":"xpath","value":"//input[@id=\"application-managesites-display-component---NewSite--addressDetailDetailsPartner-inner\"]"}
RESULT: {"using":"xpath","value":"//input[@id=\"application-managesites-display-component---NewSite--addressDetailDetailsPartner-inner\"]"}
COMMAND: POST /session/a61471faa2a572325c8c01ea6c194ba1/elements - {"using":"xpath","value":"//input[@id=\"application-managesites-display-component---NewSite--addressDetailDetailsPartner-inner\"]"}
RESULT: {"using":"xpath","value":"//input[@id=\"application-managesites-display-component---NewSite--addressDetailDetailsPartner-inner\"]"}
RESULT: undefined
COMMAND: POST /session/a61471faa2a572325c8c01ea6c194ba1/element - {"using":"xpath","value":"//*[@id=\"application-managesites-display-component---NewSite--ObjectPageLayout-anchBar-__section18-anchor\"]"}
RESULT: {"using":"xpath","value":"//*[@id=\"application-managesites-display-component---NewSite--ObjectPageLayout-anchBar-__section18-anchor\"]"}
COMMAND: POST /session/a61471faa2a572325c8c01ea6c194ba1/element/f.E650C83CD3BCDAFFADB668DA9E39007C.d.E335AD021EC8E236F07FB19C02D248AD.e.4862/click - {}
RESULT: {}
COMMAND: POST /session/a61471faa2a572325c8c01ea6c194ba1/execute/async - {"script":"<script> [1562 bytes]","args":[{"selector":{"id":"application-managesites-display-component---NewSite--siteWhmCheckBox-label","interaction":{"idSuffix":"bdi"}},"wdio_ui5_key":"applicationmanagesites-display-component---NewSite--siteWhmCheckBox-label"}]}
COMMAND: GET /session/a61471faa2a572325c8c01ea6c194ba1/screenshot - {}
RESULT: {"script":"<script> [1562 bytes]","args":[{"selector":{"id":"application-managesites-display-component---NewSite--siteWhmCheckBox-label","interaction":{"idSuffix":"bdi"}},"wdio_ui5_key":"applicationmanagesites-display-component---NewSite--siteWhmCheckBox-label"}]}
RESULT: undefined
COMMAND: POST /session/a61471faa2a572325c8c01ea6c194ba1/element - {"using":"xpath","value":"//*[@id=\"application-managesites-display-component---NewSite--siteWhmCheckBox-label\"]"}
RESULT: {}
RESULT: {"using":"xpath","value":"//*[@id=\"application-managesites-display-component---NewSite--siteWhmCheckBox-label\"]"}
COMMAND: POST /session/a61471faa2a572325c8c01ea6c194ba1/element/f.E650C83CD3BCDAFFADB668DA9E39007C.d.E335AD021EC8E236F07FB19C02D248AD.e.4865/click - {}
RESULT: {}
RESULT: undefined
COMMAND: POST /session/a61471faa2a572325c8c01ea6c194ba1/element - {"using":"xpath","value":"//*[@id=\"__button41\"]"}
COMMAND: GET /session/a61471faa2a572325c8c01ea6c194ba1/screenshot - {}
RESULT: {"using":"xpath","value":"//*[@id=\"__button41\"]"}
COMMAND: POST /session/a61471faa2a572325c8c01ea6c194ba1/element/f.E650C83CD3BCDAFFADB668DA9E39007C.d.E335AD021EC8E236F07FB19C02D248AD.e.4866/click - {}
RESULT: {}
RESULT: {}
COMMAND: GET /session/a61471faa2a572325c8c01ea6c194ba1/screenshot - {}
COMMAND: POST /session/a61471faa2a572325c8c01ea6c194ba1/element - {"using":"xpath","value":"//header/div/div[2]/div[2]/span"}
RESULT: {}
RESULT: {"using":"xpath","value":"//header/div/div[2]/div[2]/span"}
COMMAND: GET /session/a61471faa2a572325c8c01ea6c194ba1/element/f.E650C83CD3BCDAFFADB668DA9E39007C.d.E335AD021EC8E236F07FB19C02D248AD.e.5068/text - {}
RESULT: {}
RESULT: undefined
RESULT: undefined
COMMAND: POST /session/a61471faa2a572325c8c01ea6c194ba1/execute/async - {"script":"<script> [6424 bytes]","args":[{"element-6066-11e4-a52e-4f735466cecf":"f.E650C83CD3BCDAFFADB668DA9E39007C.d.E335AD021EC8E236F07FB19C02D248AD.e.4659"},"getText",[]]}
COMMAND: POST /session/a61471faa2a572325c8c01ea6c194ba1/execute/async - {"script":"<script> [1562 bytes]","args":[{"selector":{"controlType":"sap.m.Label","viewName":"etm.portal.ui.managesites.view.Detail","viewId":"application-managesites-display-component---detailSite","i18NText":{"propertyName":"text","key":"status"}},"wdio_ui5_key":"etmportal.ui.managesites.view.Detailsap.m.Label{\"propertyName\":\"text\",\"key\":\"status\"}"}]}
RESULT: {"script":"<script> [1562 bytes]","args":[{"selector":{"controlType":"sap.m.Label","viewName":"etm.portal.ui.managesites.view.Detail","viewId":"application-managesites-display-component---detailSite","i18NText":{"propertyName":"text","key":"status"}},"wdio_ui5_key":"etmportal.ui.managesites.view.Detailsap.m.Label{\"propertyName\":\"text\",\"key\":\"status\"}"}]}
COMMAND: POST /session/a61471faa2a572325c8c01ea6c194ba1/execute/async - {"script":"<script> [6424 bytes]","args":[{"element-6066-11e4-a52e-4f735466cecf":"f.E650C83CD3BCDAFFADB668DA9E39007C.d.E335AD021EC8E236F07FB19C02D248AD.e.5056"},"getText",[]]}
RESULT: {"script":"<script> [6424 bytes]","args":[{"element-6066-11e4-a52e-4f735466cecf":"f.E650C83CD3BCDAFFADB668DA9E39007C.d.E335AD021EC8E236F07FB19C02D248AD.e.5056"},"getText",[]]}
COMMAND: POST /session/a61471faa2a572325c8c01ea6c194ba1/execute/async - {"script":"<script> [1562 bytes]","args":[{"selector":{"id":"shell-header","interaction":{"idSuffix":"icon"}},"wdio_ui5_key":"shellheader"}]}
RESULT: {"script":"<script> [1562 bytes]","args":[{"selector":{"id":"shell-header","interaction":{"idSuffix":"icon"}},"wdio_ui5_key":"shellheader"}]}
RESULT: undefined
COMMAND: POST /session/a61471faa2a572325c8c01ea6c194ba1/element - {"using":"xpath","value":"//*[@id=\"shell-header\"]"}
RESULT: {"using":"xpath","value":"//*[@id=\"shell-header\"]"}
COMMAND: POST /session/a61471faa2a572325c8c01ea6c194ba1/element/f.E650C83CD3BCDAFFADB668DA9E39007C.d.E335AD021EC8E236F07FB19C02D248AD.e.5069/click - {}
RESULT: {}
COMMAND: GET /session/a61471faa2a572325c8c01ea6c194ba1/screenshot - {}
COMMAND: POST /session/a61471faa2a572325c8c01ea6c194ba1/refresh - {}
RESULT: {}
RESULT: {}
COMMAND: GET /session/a61471faa2a572325c8c01ea6c194ba1/screenshot - {}
RESULT: {}
COMMAND: POST /session/a61471faa2a572325c8c01ea6c194ba1/refresh - {}
RESULT: {}
COMMAND: GET /session/a61471faa2a572325c8c01ea6c194ba1/screenshot - {}
RESULT: {}
COMMAND: POST /session/a61471faa2a572325c8c01ea6c194ba1/window/fullscreen - {}
RESULT: {}
COMMAND: POST /session/a61471faa2a572325c8c01ea6c194ba1/execute/async - {"script":"<script> [189 bytes]","args":[]}
RESULT: {"script":"<script> [189 bytes]","args":[]}
COMMAND: POST /session/a61471faa2a572325c8c01ea6c194ba1/execute/async - {"script":"<script> [123 bytes]","args":[]}
RESULT: {"script":"<script> [123 bytes]","args":[]}
COMMAND: POST /session/a61471faa2a572325c8c01ea6c194ba1/timeouts - {"script":"<number>"}
RESULT: {"script":"<number>"}
COMMAND: GET /session/a61471faa2a572325c8c01ea6c194ba1/timeouts - {}
RESULT: {}
RESULT: undefined
COMMAND: POST /session/a61471faa2a572325c8c01ea6c194ba1/execute/async - {"script":"<script> [2676 bytes]","args":[]}
RESULT: {"script":"<script> [2676 bytes]","args":[]}
COMMAND: POST /session/a61471faa2a572325c8c01ea6c194ba1/execute/async - {"script":"<script> [2342 bytes]","args":[{"protocol":"http","hostname":"0.0.0.0","path":"/","capabilities":{"browserName":"chrome","goog:chromeOptions":{"binary":"C:\\Program Files\\Google\\Chrome\\Application\\chrome.exe","args":["--start-maximized"]}},"logLevel":"warn","connectionRetryTimeout":120000,"connectionRetryCount":3,"logLevels":{},"enableDirectConnect":true,"strictSSL":true,"_":"65 more keys: [\"cacheDir\",\"port\",\"requestedCapabilities\",\"automationProtocol\",\"baseUrl\",\"waitforInterval\",\"waitforTimeout\",\"onReload\",\"beforeCommand\",\"afterCommand\",\"rootDir\",\"specs\",\"suites\",\"exclude\",\"groupLogsByTestSpec\",\"excludeDriverLogs\",\"bail\",\"framework\",\"reporters\",\"services\",\"maxInstances\",\"maxInstancesPerCapability\",\"injectGlobals\",\"filesToWatch\",\"execArgv\",\"runnerEnv\",\"runner\",\"shard\",\"specFileRetries\",\"specFileRetriesDelay\",\"specFileRetriesDeferred\",\"reporterSyncInterval\",\"reporterSyncTimeout\",\"cucumberFeaturesWithLineNumbers\",\"autoCompileOpts\",\"mochaOpts\",\"jasmineOpts\",\"cucumberOpts\",\"onPrepare\",\"onWorkerStart\",\"onWorkerEnd\",\"before\",\"beforeSession\",\"beforeSuite\",\"beforeHook\",\"beforeTest\",\"afterTest\",\"afterHook\",\"afterSuite\",\"afterSession\",\"after\",\"onComplete\",\"beforeAssertion\",\"afterAssertion\",\"beforeFeature\",\"beforeScenario\",\"beforeStep\",\"afterStep\",\"afterScenario\",\"afterFeature\",\"_\",\"suite\",\"$0\",\"ignoredWorkerServices\",\"wdi5\"]"}]}
RESULT: {"script":"<script> [2342 bytes]","args":[{"protocol":"http","hostname":"0.0.0.0","path":"/","capabilities":{"browserName":"chrome","goog:chromeOptions":{"binary":"C:\\Program Files\\Google\\Chrome\\Application\\chrome.exe","args":["--start-maximized"]}},"logLevel":"warn","connectionRetryTimeout":120000,"connectionRetryCount":3,"logLevels":{},"enableDirectConnect":true,"strictSSL":true,"_":"65 more keys: [\"cacheDir\",\"port\",\"requestedCapabilities\",\"automationProtocol\",\"baseUrl\",\"waitforInterval\",\"waitforTimeout\",\"onReload\",\"beforeCommand\",\"afterCommand\",\"rootDir\",\"specs\",\"suites\",\"exclude\",\"groupLogsByTestSpec\",\"excludeDriverLogs\",\"bail\",\"framework\",\"reporters\",\"services\",\"maxInstances\",\"maxInstancesPerCapability\",\"injectGlobals\",\"filesToWatch\",\"execArgv\",\"runnerEnv\",\"runner\",\"shard\",\"specFileRetries\",\"specFileRetriesDelay\",\"specFileRetriesDeferred\",\"reporterSyncInterval\",\"reporterSyncTimeout\",\"cucumberFeaturesWithLineNumbers\",\"autoCompileOpts\",\"mochaOpts\",\"jasmineOpts\",\"cucumberOpts\",\"onPrepare\",\"onWorkerStart\",\"onWorkerEnd\",\"before\",\"beforeSession\",\"beforeSuite\",\"beforeHook\",\"beforeTest\",\"afterTest\",\"afterHook\",\"afterSuite\",\"afterSession\",\"after\",\"onComplete\",\"beforeAssertion\",\"afterAssertion\",\"beforeFeature\",\"beforeScenario\",\"beforeStep\",\"afterStep\",\"afterScenario\",\"afterFeature\",\"_\",\"suite\",\"$0\",\"ignoredWorkerServices\",\"wdi5\"]"}]}
COMMAND: POST /session/a61471faa2a572325c8c01ea6c194ba1/execute/async - {"script":"<script> [21126 bytes]","args":[35000]}
RESULT: {"script":"<script> [21126 bytes]","args":[35000]}
COMMAND: POST /session/a61471faa2a572325c8c01ea6c194ba1/element - {"using":"css selector","value":"#j_username"}
COMMAND: POST /session/a61471faa2a572325c8c01ea6c194ba1/url - {"url":"https://qa-testing-00-live-etm-ui.cfapps.eu10-004.hana.ondemand.com/"}
RESULT: {"using":"css selector","value":"#j_username"}
COMMAND: POST /session/a61471faa2a572325c8c01ea6c194ba1/element - {"using":"css selector","value":"#j_username"}
RESULT: {"url":"https://qa-testing-00-live-etm-ui.cfapps.eu10-004.hana.ondemand.com/"}
RESULT: undefined
COMMAND: GET /session/a61471faa2a572325c8c01ea6c194ba1/screenshot - {}
RESULT: {"using":"css selector","value":"#j_username"}
COMMAND: POST /session/a61471faa2a572325c8c01ea6c194ba1/element - {"using":"css selector","value":"#shell-header-logo"}
RESULT: {}
RESULT: {"using":"css selector","value":"#shell-header-logo"}
COMMAND: POST /session/a61471faa2a572325c8c01ea6c194ba1/execute/sync - {"script":"<script> [8489 bytes]","args":[{"element-6066-11e4-a52e-4f735466cecf":"f.E650C83CD3BCDAFFADB668DA9E39007C.d.564DE823988226D396FC666660EEFCE5.e.5492","ELEMENT":"f.E650C83CD3BCDAFFADB668DA9E39007C.d.564DE823988226D396FC666660EEFCE5.e.5492"}]}
RESULT: {"script":"<script> [8489 bytes]","args":[{"element-6066-11e4-a52e-4f735466cecf":"f.E650C83CD3BCDAFFADB668DA9E39007C.d.564DE823988226D396FC666660EEFCE5.e.5492","ELEMENT":"f.E650C83CD3BCDAFFADB668DA9E39007C.d.564DE823988226D396FC666660EEFCE5.e.5492"}]}
COMMAND: POST /session/a61471faa2a572325c8c01ea6c194ba1/element - {"using":"css selector","value":"#shell-header-logo"}
COMMAND: GET /session/a61471faa2a572325c8c01ea6c194ba1/screenshot - {}
RESULT: {"using":"css selector","value":"#shell-header-logo"}
COMMAND: POST /session/a61471faa2a572325c8c01ea6c194ba1/execute/sync - {"script":"<script> [8489 bytes]","args":[{"element-6066-11e4-a52e-4f735466cecf":"f.E650C83CD3BCDAFFADB668DA9E39007C.d.564DE823988226D396FC666660EEFCE5.e.5492","ELEMENT":"f.E650C83CD3BCDAFFADB668DA9E39007C.d.564DE823988226D396FC666660EEFCE5.e.5492"}]}
RESULT: {}
RESULT: {"script":"<script> [8489 bytes]","args":[{"element-6066-11e4-a52e-4f735466cecf":"f.E650C83CD3BCDAFFADB668DA9E39007C.d.564DE823988226D396FC666660EEFCE5.e.5492","ELEMENT":"f.E650C83CD3BCDAFFADB668DA9E39007C.d.564DE823988226D396FC666660EEFCE5.e.5492"}]}
COMMAND: POST /session/a61471faa2a572325c8c01ea6c194ba1/execute/sync - {"script":"<script> [5351 bytes]","args":[{"element-6066-11e4-a52e-4f735466cecf":"f.E650C83CD3BCDAFFADB668DA9E39007C.d.564DE823988226D396FC666660EEFCE5.e.5492","ELEMENT":"f.E650C83CD3BCDAFFADB668DA9E39007C.d.564DE823988226D396FC666660EEFCE5.e.5492"}]}
COMMAND: GET /session/a61471faa2a572325c8c01ea6c194ba1/screenshot - {}
RESULT: {"script":"<script> [5351 bytes]","args":[{"element-6066-11e4-a52e-4f735466cecf":"f.E650C83CD3BCDAFFADB668DA9E39007C.d.564DE823988226D396FC666660EEFCE5.e.5492","ELEMENT":"f.E650C83CD3BCDAFFADB668DA9E39007C.d.564DE823988226D396FC666660EEFCE5.e.5492"}]}
COMMAND: POST /session/a61471faa2a572325c8c01ea6c194ba1/element - {"using":"css selector","value":"#shell-header-logo"}
COMMAND: GET /session/a61471faa2a572325c8c01ea6c194ba1/screenshot - {}
RESULT: {}
RESULT: {"using":"css selector","value":"#shell-header-logo"}
COMMAND: POST /session/a61471faa2a572325c8c01ea6c194ba1/element/f.E650C83CD3BCDAFFADB668DA9E39007C.d.564DE823988226D396FC666660EEFCE5.e.5492/click - {}
RESULT: {}
RESULT: {}
COMMAND: GET /session/a61471faa2a572325c8c01ea6c194ba1/screenshot - {}
RESULT: {}
COMMAND: POST /session/a61471faa2a572325c8c01ea6c194ba1/execute/async - {"script":"<script> [189 bytes]","args":[]}
RESULT: {"script":"<script> [189 bytes]","args":[]}
COMMAND: POST /session/a61471faa2a572325c8c01ea6c194ba1/execute/async - {"script":"<script> [123 bytes]","args":[]}
RESULT: {"script":"<script> [123 bytes]","args":[]}
COMMAND: POST /session/a61471faa2a572325c8c01ea6c194ba1/timeouts - {"script":"<number>"}
RESULT: {"script":"<number>"}
COMMAND: GET /session/a61471faa2a572325c8c01ea6c194ba1/timeouts - {}
RESULT: {}
RESULT: undefined
COMMAND: POST /session/a61471faa2a572325c8c01ea6c194ba1/execute/async - {"script":"<script> [2676 bytes]","args":[]}
RESULT: {"script":"<script> [2676 bytes]","args":[]}
COMMAND: POST /session/a61471faa2a572325c8c01ea6c194ba1/execute/async - {"script":"<script> [2342 bytes]","args":[{"protocol":"http","hostname":"0.0.0.0","path":"/","capabilities":{"browserName":"chrome","goog:chromeOptions":{"binary":"C:\\Program Files\\Google\\Chrome\\Application\\chrome.exe","args":["--start-maximized"]}},"logLevel":"warn","connectionRetryTimeout":120000,"connectionRetryCount":3,"logLevels":{},"enableDirectConnect":true,"strictSSL":true,"_":"65 more keys: [\"cacheDir\",\"port\",\"requestedCapabilities\",\"automationProtocol\",\"baseUrl\",\"waitforInterval\",\"waitforTimeout\",\"onReload\",\"beforeCommand\",\"afterCommand\",\"rootDir\",\"specs\",\"suites\",\"exclude\",\"groupLogsByTestSpec\",\"excludeDriverLogs\",\"bail\",\"framework\",\"reporters\",\"services\",\"maxInstances\",\"maxInstancesPerCapability\",\"injectGlobals\",\"filesToWatch\",\"execArgv\",\"runnerEnv\",\"runner\",\"shard\",\"specFileRetries\",\"specFileRetriesDelay\",\"specFileRetriesDeferred\",\"reporterSyncInterval\",\"reporterSyncTimeout\",\"cucumberFeaturesWithLineNumbers\",\"autoCompileOpts\",\"mochaOpts\",\"jasmineOpts\",\"cucumberOpts\",\"onPrepare\",\"onWorkerStart\",\"onWorkerEnd\",\"before\",\"beforeSession\",\"beforeSuite\",\"beforeHook\",\"beforeTest\",\"afterTest\",\"afterHook\",\"afterSuite\",\"afterSession\",\"after\",\"onComplete\",\"beforeAssertion\",\"afterAssertion\",\"beforeFeature\",\"beforeScenario\",\"beforeStep\",\"afterStep\",\"afterScenario\",\"afterFeature\",\"_\",\"suite\",\"$0\",\"ignoredWorkerServices\",\"wdi5\"]"}]}
RESULT: {"script":"<script> [2342 bytes]","args":[{"protocol":"http","hostname":"0.0.0.0","path":"/","capabilities":{"browserName":"chrome","goog:chromeOptions":{"binary":"C:\\Program Files\\Google\\Chrome\\Application\\chrome.exe","args":["--start-maximized"]}},"logLevel":"warn","connectionRetryTimeout":120000,"connectionRetryCount":3,"logLevels":{},"enableDirectConnect":true,"strictSSL":true,"_":"65 more keys: [\"cacheDir\",\"port\",\"requestedCapabilities\",\"automationProtocol\",\"baseUrl\",\"waitforInterval\",\"waitforTimeout\",\"onReload\",\"beforeCommand\",\"afterCommand\",\"rootDir\",\"specs\",\"suites\",\"exclude\",\"groupLogsByTestSpec\",\"excludeDriverLogs\",\"bail\",\"framework\",\"reporters\",\"services\",\"maxInstances\",\"maxInstancesPerCapability\",\"injectGlobals\",\"filesToWatch\",\"execArgv\",\"runnerEnv\",\"runner\",\"shard\",\"specFileRetries\",\"specFileRetriesDelay\",\"specFileRetriesDeferred\",\"reporterSyncInterval\",\"reporterSyncTimeout\",\"cucumberFeaturesWithLineNumbers\",\"autoCompileOpts\",\"mochaOpts\",\"jasmineOpts\",\"cucumberOpts\",\"onPrepare\",\"onWorkerStart\",\"onWorkerEnd\",\"before\",\"beforeSession\",\"beforeSuite\",\"beforeHook\",\"beforeTest\",\"afterTest\",\"afterHook\",\"afterSuite\",\"afterSession\",\"after\",\"onComplete\",\"beforeAssertion\",\"afterAssertion\",\"beforeFeature\",\"beforeScenario\",\"beforeStep\",\"afterStep\",\"afterScenario\",\"afterFeature\",\"_\",\"suite\",\"$0\",\"ignoredWorkerServices\",\"wdi5\"]"}]}
COMMAND: POST /session/a61471faa2a572325c8c01ea6c194ba1/execute/async - {"script":"<script> [21126 bytes]","args":[35000]}
RESULT: {"script":"<script> [21126 bytes]","args":[35000]}
COMMAND: POST /session/a61471faa2a572325c8c01ea6c194ba1/window/maximize - {}
RESULT: {}
COMMAND: POST /session/a61471faa2a572325c8c01ea6c194ba1/execute/async - {"script":"<script> [1562 bytes]","args":[{"selector":{"id":"shell-header","interaction":{"idSuffix":"icon"}},"wdio_ui5_key":"shellheader"}]}
COMMAND: GET /session/a61471faa2a572325c8c01ea6c194ba1/screenshot - {}
RESULT: {"script":"<script> [1562 bytes]","args":[{"selector":{"id":"shell-header","interaction":{"idSuffix":"icon"}},"wdio_ui5_key":"shellheader"}]}
RESULT: undefined
RESULT: {}
COMMAND: POST /session/a61471faa2a572325c8c01ea6c194ba1/execute/async - {"script":"<script> [1562 bytes]","args":[{"selector":{"controlType":"sap.m.Title","i18NText":{"propertyName":"text","key":"dataCollectionAgreement"},"searchOpenDialogs":true},"wdio_ui5_key":"sapm.Title{\"propertyName\":\"text\",\"key\":\"dataCollectionAgreement\"}"}]}
RESULT: {"script":"<script> [1562 bytes]","args":[{"selector":{"controlType":"sap.m.Title","i18NText":{"propertyName":"text","key":"dataCollectionAgreement"},"searchOpenDialogs":true},"wdio_ui5_key":"sapm.Title{\"propertyName\":\"text\",\"key\":\"dataCollectionAgreement\"}"}]}
RESULT: undefined
COMMAND: POST /session/a61471faa2a572325c8c01ea6c194ba1/execute/async - {"script":"<script> [1562 bytes]","args":[{"selector":{"controlType":"sap.m.GenericTile","properties":{"header":"Manage Resources"}},"wdio_ui5_key":"sapm.GenericTile{\"header\":\"Manage Resources\"}"}]}
RESULT: {"script":"<script> [1562 bytes]","args":[{"selector":{"controlType":"sap.m.GenericTile","properties":{"header":"Manage Resources"}},"wdio_ui5_key":"sapm.GenericTile{\"header\":\"Manage Resources\"}"}]}
RESULT: undefined
COMMAND: POST /session/a61471faa2a572325c8c01ea6c194ba1/element - {"using":"xpath","value":"//*[@id=\"__tile32\"]"}
RESULT: {"using":"xpath","value":"//*[@id=\"__tile32\"]"}
COMMAND: POST /session/a61471faa2a572325c8c01ea6c194ba1/element/f.E650C83CD3BCDAFFADB668DA9E39007C.d.564DE823988226D396FC666660EEFCE5.e.5522/click - {}
RESULT: {}
COMMAND: GET /session/a61471faa2a572325c8c01ea6c194ba1/screenshot - {}
RESULT: {}
COMMAND: POST /session/a61471faa2a572325c8c01ea6c194ba1/elements - {"using":"xpath","value":"//span[text()='Error']"}
RESULT: {"using":"xpath","value":"//span[text()='Error']"}
]]></system-out>
    </testcase>
  </testsuite>
  <testsuite timestamp="2025-06-14T15:33:56" time="586.647" tests="2" failures="0" errors="0" skipped="0">
    <properties>
      <property name="specId" value="0"/>
      <property name="suiteName" value="Create 2 RU material US118246"/>
      <property name="capabilities" value="chrome.137_0_7151_69.windows"/>
      <property name="file" value="file:///D:/a/1/s/test/specs/R2C/create-material.spec.js"/>
    </properties>
    <testcase classname="chrome.137_0_7151_69.windows.Create_2_RU_material_US118246" name="Create material" time="272.993">
      <system-out><![CDATA[
COMMAND: POST /session/a61471faa2a572325c8c01ea6c194ba1/element - {"using":"xpath","value":"//button[@data-kt=\"addNewRUOverflowToolbarButton\"]"}
RESULT: {"using":"xpath","value":"//button[@data-kt=\"addNewRUOverflowToolbarButton\"]"}
COMMAND: POST /session/a61471faa2a572325c8c01ea6c194ba1/execute/sync - {"script":"<script> [8489 bytes]","args":[{"element-6066-11e4-a52e-4f735466cecf":"f.E650C83CD3BCDAFFADB668DA9E39007C.d.564DE823988226D396FC666660EEFCE5.e.5657","ELEMENT":"f.E650C83CD3BCDAFFADB668DA9E39007C.d.564DE823988226D396FC666660EEFCE5.e.5657"}]}
RESULT: {"script":"<script> [8489 bytes]","args":[{"element-6066-11e4-a52e-4f735466cecf":"f.E650C83CD3BCDAFFADB668DA9E39007C.d.564DE823988226D396FC666660EEFCE5.e.5657","ELEMENT":"f.E650C83CD3BCDAFFADB668DA9E39007C.d.564DE823988226D396FC666660EEFCE5.e.5657"}]}
COMMAND: POST /session/a61471faa2a572325c8c01ea6c194ba1/element/f.E650C83CD3BCDAFFADB668DA9E39007C.d.564DE823988226D396FC666660EEFCE5.e.5657/click - {}
COMMAND: GET /session/a61471faa2a572325c8c01ea6c194ba1/screenshot - {}
RESULT: {}
COMMAND: GET /session/a61471faa2a572325c8c01ea6c194ba1/screenshot - {}
RESULT: {}
COMMAND: POST /session/a61471faa2a572325c8c01ea6c194ba1/execute/async - {"script":"<script> [1562 bytes]","args":[{"selector":{"controlType":"sap.m.ComboBox","viewName":"reusables.view.manageresources.NewResourceUnit","viewId":"application-manageresources-display-component---newResourceUnit","bindingPath":{"path":"","propertyPath":"/RuTypes","modelName":"catalogModel"},"searchOpenDialogs":true},"wdio_ui5_key":"reusablesview.manageresources.NewResourceUnitsap.m.ComboBox{\"path\":\"\",\"propertyPath\":\"/RuTypes\",\"modelName\":\"catalogModel\"}"}]}
RESULT: {}
RESULT: {"script":"<script> [1562 bytes]","args":[{"selector":{"controlType":"sap.m.ComboBox","viewName":"reusables.view.manageresources.NewResourceUnit","viewId":"application-manageresources-display-component---newResourceUnit","bindingPath":{"path":"","propertyPath":"/RuTypes","modelName":"catalogModel"},"searchOpenDialogs":true},"wdio_ui5_key":"reusablesview.manageresources.NewResourceUnitsap.m.ComboBox{\"path\":\"\",\"propertyPath\":\"/RuTypes\",\"modelName\":\"catalogModel\"}"}]}
RESULT: undefined
COMMAND: POST /session/a61471faa2a572325c8c01ea6c194ba1/execute/async - {"script":"<script> [1562 bytes]","args":[{"selector":{"controlType":"sap.m.ComboBox","viewName":"reusables.view.manageresources.NewResourceUnit","viewId":"application-manageresources-display-component---newResourceUnit","bindingPath":{"path":"","propertyPath":"/Yards","modelName":"catalogModel"},"searchOpenDialogs":true},"wdio_ui5_key":"reusablesview.manageresources.NewResourceUnitsap.m.ComboBox{\"path\":\"\",\"propertyPath\":\"/Yards\",\"modelName\":\"catalogModel\"}"}]}
RESULT: {"script":"<script> [1562 bytes]","args":[{"selector":{"controlType":"sap.m.ComboBox","viewName":"reusables.view.manageresources.NewResourceUnit","viewId":"application-manageresources-display-component---newResourceUnit","bindingPath":{"path":"","propertyPath":"/Yards","modelName":"catalogModel"},"searchOpenDialogs":true},"wdio_ui5_key":"reusablesview.manageresources.NewResourceUnitsap.m.ComboBox{\"path\":\"\",\"propertyPath\":\"/Yards\",\"modelName\":\"catalogModel\"}"}]}
RESULT: undefined
COMMAND: POST /session/a61471faa2a572325c8c01ea6c194ba1/execute/async - {"script":"<script> [1562 bytes]","args":[{"selector":{"controlType":"etm.portal.ui.reusables.customControls.LiveSearchComboBox","viewName":"reusables.view.manageresources.NewResourceUnit","viewId":"application-manageresources-display-component---newResourceUnit","bindingPath":{"path":"","propertyPath":"/CatalogItems","modelName":"catalogModel"},"searchOpenDialogs":true},"wdio_ui5_key":"reusablesview.manageresources.NewResourceUnitetm.portal.ui.reusables.customControls.LiveSearchComboBox{\"path\":\"\",\"propertyPath\":\"/CatalogItems\",\"modelName\":\"catalogModel\"}"}]}
RESULT: {"script":"<script> [1562 bytes]","args":[{"selector":{"controlType":"etm.portal.ui.reusables.customControls.LiveSearchComboBox","viewName":"reusables.view.manageresources.NewResourceUnit","viewId":"application-manageresources-display-component---newResourceUnit","bindingPath":{"path":"","propertyPath":"/CatalogItems","modelName":"catalogModel"},"searchOpenDialogs":true},"wdio_ui5_key":"reusablesview.manageresources.NewResourceUnitetm.portal.ui.reusables.customControls.LiveSearchComboBox{\"path\":\"\",\"propertyPath\":\"/CatalogItems\",\"modelName\":\"catalogModel\"}"}]}
RESULT: undefined
COMMAND: POST /session/a61471faa2a572325c8c01ea6c194ba1/element - {"using":"xpath","value":"//bdi[text()=\"OK\"]"}
RESULT: {"using":"xpath","value":"//bdi[text()=\"OK\"]"}
COMMAND: POST /session/a61471faa2a572325c8c01ea6c194ba1/elements - {"using":"xpath","value":"//bdi[text()=\"OK\"]"}
RESULT: {"using":"xpath","value":"//bdi[text()=\"OK\"]"}
COMMAND: POST /session/a61471faa2a572325c8c01ea6c194ba1/elements - {"using":"xpath","value":"//bdi[text()=\"OK\"]"}
RESULT: {"using":"xpath","value":"//bdi[text()=\"OK\"]"}
COMMAND: POST /session/a61471faa2a572325c8c01ea6c194ba1/elements - {"using":"xpath","value":"//bdi[text()=\"OK\"]"}
RESULT: {"using":"xpath","value":"//bdi[text()=\"OK\"]"}
COMMAND: POST /session/a61471faa2a572325c8c01ea6c194ba1/elements - {"using":"xpath","value":"//bdi[text()=\"OK\"]"}
RESULT: {"using":"xpath","value":"//bdi[text()=\"OK\"]"}
COMMAND: POST /session/a61471faa2a572325c8c01ea6c194ba1/elements - {"using":"xpath","value":"//bdi[text()=\"OK\"]"}
RESULT: {"using":"xpath","value":"//bdi[text()=\"OK\"]"}
COMMAND: POST /session/a61471faa2a572325c8c01ea6c194ba1/elements - {"using":"xpath","value":"//bdi[text()=\"OK\"]"}
RESULT: {"using":"xpath","value":"//bdi[text()=\"OK\"]"}
COMMAND: POST /session/a61471faa2a572325c8c01ea6c194ba1/elements - {"using":"xpath","value":"//bdi[text()=\"OK\"]"}
RESULT: {"using":"xpath","value":"//bdi[text()=\"OK\"]"}
COMMAND: POST /session/a61471faa2a572325c8c01ea6c194ba1/elements - {"using":"xpath","value":"//bdi[text()=\"OK\"]"}
RESULT: {"using":"xpath","value":"//bdi[text()=\"OK\"]"}
COMMAND: POST /session/a61471faa2a572325c8c01ea6c194ba1/elements - {"using":"xpath","value":"//bdi[text()=\"OK\"]"}
RESULT: {"using":"xpath","value":"//bdi[text()=\"OK\"]"}
COMMAND: POST /session/a61471faa2a572325c8c01ea6c194ba1/elements - {"using":"xpath","value":"//bdi[text()=\"OK\"]"}
RESULT: {"using":"xpath","value":"//bdi[text()=\"OK\"]"}
COMMAND: POST /session/a61471faa2a572325c8c01ea6c194ba1/elements - {"using":"xpath","value":"//bdi[text()=\"OK\"]"}
RESULT: {"using":"xpath","value":"//bdi[text()=\"OK\"]"}
COMMAND: POST /session/a61471faa2a572325c8c01ea6c194ba1/elements - {"using":"xpath","value":"//bdi[text()=\"OK\"]"}
RESULT: {"using":"xpath","value":"//bdi[text()=\"OK\"]"}
COMMAND: POST /session/a61471faa2a572325c8c01ea6c194ba1/elements - {"using":"xpath","value":"//bdi[text()=\"OK\"]"}
RESULT: {"using":"xpath","value":"//bdi[text()=\"OK\"]"}
COMMAND: POST /session/a61471faa2a572325c8c01ea6c194ba1/elements - {"using":"xpath","value":"//bdi[text()=\"OK\"]"}
RESULT: {"using":"xpath","value":"//bdi[text()=\"OK\"]"}
COMMAND: POST /session/a61471faa2a572325c8c01ea6c194ba1/elements - {"using":"xpath","value":"//bdi[text()=\"OK\"]"}
RESULT: {"using":"xpath","value":"//bdi[text()=\"OK\"]"}
COMMAND: POST /session/a61471faa2a572325c8c01ea6c194ba1/elements - {"using":"xpath","value":"//bdi[text()=\"OK\"]"}
RESULT: {"using":"xpath","value":"//bdi[text()=\"OK\"]"}
COMMAND: POST /session/a61471faa2a572325c8c01ea6c194ba1/elements - {"using":"xpath","value":"//bdi[text()=\"OK\"]"}
RESULT: {"using":"xpath","value":"//bdi[text()=\"OK\"]"}
COMMAND: POST /session/a61471faa2a572325c8c01ea6c194ba1/elements - {"using":"xpath","value":"//bdi[text()=\"OK\"]"}
RESULT: {"using":"xpath","value":"//bdi[text()=\"OK\"]"}
COMMAND: POST /session/a61471faa2a572325c8c01ea6c194ba1/elements - {"using":"xpath","value":"//bdi[text()=\"OK\"]"}
RESULT: {"using":"xpath","value":"//bdi[text()=\"OK\"]"}
COMMAND: POST /session/a61471faa2a572325c8c01ea6c194ba1/elements - {"using":"xpath","value":"//bdi[text()=\"OK\"]"}
RESULT: {"using":"xpath","value":"//bdi[text()=\"OK\"]"}
COMMAND: POST /session/a61471faa2a572325c8c01ea6c194ba1/elements - {"using":"xpath","value":"//bdi[text()=\"OK\"]"}
RESULT: {"using":"xpath","value":"//bdi[text()=\"OK\"]"}
COMMAND: POST /session/a61471faa2a572325c8c01ea6c194ba1/elements - {"using":"xpath","value":"//bdi[text()=\"OK\"]"}
RESULT: {"using":"xpath","value":"//bdi[text()=\"OK\"]"}
COMMAND: POST /session/a61471faa2a572325c8c01ea6c194ba1/elements - {"using":"xpath","value":"//bdi[text()=\"OK\"]"}
RESULT: {"using":"xpath","value":"//bdi[text()=\"OK\"]"}
COMMAND: POST /session/a61471faa2a572325c8c01ea6c194ba1/elements - {"using":"xpath","value":"//bdi[text()=\"OK\"]"}
RESULT: {"using":"xpath","value":"//bdi[text()=\"OK\"]"}
COMMAND: POST /session/a61471faa2a572325c8c01ea6c194ba1/elements - {"using":"xpath","value":"//bdi[text()=\"OK\"]"}
RESULT: {"using":"xpath","value":"//bdi[text()=\"OK\"]"}
COMMAND: POST /session/a61471faa2a572325c8c01ea6c194ba1/elements - {"using":"xpath","value":"//bdi[text()=\"OK\"]"}
RESULT: {"using":"xpath","value":"//bdi[text()=\"OK\"]"}
COMMAND: POST /session/a61471faa2a572325c8c01ea6c194ba1/elements - {"using":"xpath","value":"//bdi[text()=\"OK\"]"}
RESULT: {"using":"xpath","value":"//bdi[text()=\"OK\"]"}
COMMAND: POST /session/a61471faa2a572325c8c01ea6c194ba1/elements - {"using":"xpath","value":"//bdi[text()=\"OK\"]"}
RESULT: {"using":"xpath","value":"//bdi[text()=\"OK\"]"}
COMMAND: POST /session/a61471faa2a572325c8c01ea6c194ba1/elements - {"using":"xpath","value":"//bdi[text()=\"OK\"]"}
RESULT: {"using":"xpath","value":"//bdi[text()=\"OK\"]"}
COMMAND: POST /session/a61471faa2a572325c8c01ea6c194ba1/elements - {"using":"xpath","value":"//bdi[text()=\"OK\"]"}
RESULT: {"using":"xpath","value":"//bdi[text()=\"OK\"]"}
COMMAND: POST /session/a61471faa2a572325c8c01ea6c194ba1/elements - {"using":"xpath","value":"//bdi[text()=\"OK\"]"}
RESULT: {"using":"xpath","value":"//bdi[text()=\"OK\"]"}
COMMAND: POST /session/a61471faa2a572325c8c01ea6c194ba1/elements - {"using":"xpath","value":"//bdi[text()=\"OK\"]"}
RESULT: {"using":"xpath","value":"//bdi[text()=\"OK\"]"}
COMMAND: POST /session/a61471faa2a572325c8c01ea6c194ba1/elements - {"using":"xpath","value":"//bdi[text()=\"OK\"]"}
RESULT: {"using":"xpath","value":"//bdi[text()=\"OK\"]"}
COMMAND: POST /session/a61471faa2a572325c8c01ea6c194ba1/elements - {"using":"xpath","value":"//bdi[text()=\"OK\"]"}
RESULT: {"using":"xpath","value":"//bdi[text()=\"OK\"]"}
COMMAND: POST /session/a61471faa2a572325c8c01ea6c194ba1/elements - {"using":"xpath","value":"//bdi[text()=\"OK\"]"}
RESULT: {"using":"xpath","value":"//bdi[text()=\"OK\"]"}
COMMAND: POST /session/a61471faa2a572325c8c01ea6c194ba1/elements - {"using":"xpath","value":"//bdi[text()=\"OK\"]"}
RESULT: {"using":"xpath","value":"//bdi[text()=\"OK\"]"}
COMMAND: POST /session/a61471faa2a572325c8c01ea6c194ba1/elements - {"using":"xpath","value":"//bdi[text()=\"OK\"]"}
RESULT: {"using":"xpath","value":"//bdi[text()=\"OK\"]"}
COMMAND: POST /session/a61471faa2a572325c8c01ea6c194ba1/elements - {"using":"xpath","value":"//bdi[text()=\"OK\"]"}
RESULT: {"using":"xpath","value":"//bdi[text()=\"OK\"]"}
COMMAND: POST /session/a61471faa2a572325c8c01ea6c194ba1/elements - {"using":"xpath","value":"//bdi[text()=\"OK\"]"}
RESULT: {"using":"xpath","value":"//bdi[text()=\"OK\"]"}
COMMAND: POST /session/a61471faa2a572325c8c01ea6c194ba1/elements - {"using":"xpath","value":"//bdi[text()=\"OK\"]"}
RESULT: {"using":"xpath","value":"//bdi[text()=\"OK\"]"}
COMMAND: POST /session/a61471faa2a572325c8c01ea6c194ba1/elements - {"using":"xpath","value":"//bdi[text()=\"OK\"]"}
RESULT: {"using":"xpath","value":"//bdi[text()=\"OK\"]"}
COMMAND: POST /session/a61471faa2a572325c8c01ea6c194ba1/elements - {"using":"xpath","value":"//bdi[text()=\"OK\"]"}
RESULT: {"using":"xpath","value":"//bdi[text()=\"OK\"]"}
COMMAND: POST /session/a61471faa2a572325c8c01ea6c194ba1/elements - {"using":"xpath","value":"//bdi[text()=\"OK\"]"}
RESULT: {"using":"xpath","value":"//bdi[text()=\"OK\"]"}
COMMAND: POST /session/a61471faa2a572325c8c01ea6c194ba1/elements - {"using":"xpath","value":"//bdi[text()=\"OK\"]"}
RESULT: {"using":"xpath","value":"//bdi[text()=\"OK\"]"}
COMMAND: POST /session/a61471faa2a572325c8c01ea6c194ba1/elements - {"using":"xpath","value":"//bdi[text()=\"OK\"]"}
RESULT: {"using":"xpath","value":"//bdi[text()=\"OK\"]"}
COMMAND: POST /session/a61471faa2a572325c8c01ea6c194ba1/elements - {"using":"xpath","value":"//bdi[text()=\"OK\"]"}
RESULT: {"using":"xpath","value":"//bdi[text()=\"OK\"]"}
COMMAND: POST /session/a61471faa2a572325c8c01ea6c194ba1/elements - {"using":"xpath","value":"//bdi[text()=\"OK\"]"}
RESULT: {"using":"xpath","value":"//bdi[text()=\"OK\"]"}
COMMAND: POST /session/a61471faa2a572325c8c01ea6c194ba1/elements - {"using":"xpath","value":"//bdi[text()=\"OK\"]"}
RESULT: {"using":"xpath","value":"//bdi[text()=\"OK\"]"}
COMMAND: POST /session/a61471faa2a572325c8c01ea6c194ba1/elements - {"using":"xpath","value":"//bdi[text()=\"OK\"]"}
RESULT: {"using":"xpath","value":"//bdi[text()=\"OK\"]"}
COMMAND: POST /session/a61471faa2a572325c8c01ea6c194ba1/elements - {"using":"xpath","value":"//bdi[text()=\"OK\"]"}
RESULT: {"using":"xpath","value":"//bdi[text()=\"OK\"]"}
COMMAND: POST /session/a61471faa2a572325c8c01ea6c194ba1/elements - {"using":"xpath","value":"//bdi[text()=\"OK\"]"}
RESULT: {"using":"xpath","value":"//bdi[text()=\"OK\"]"}
COMMAND: POST /session/a61471faa2a572325c8c01ea6c194ba1/elements - {"using":"xpath","value":"//bdi[text()=\"OK\"]"}
RESULT: {"using":"xpath","value":"//bdi[text()=\"OK\"]"}
COMMAND: POST /session/a61471faa2a572325c8c01ea6c194ba1/elements - {"using":"xpath","value":"//bdi[text()=\"OK\"]"}
RESULT: {"using":"xpath","value":"//bdi[text()=\"OK\"]"}
COMMAND: POST /session/a61471faa2a572325c8c01ea6c194ba1/elements - {"using":"xpath","value":"//bdi[text()=\"OK\"]"}
RESULT: {"using":"xpath","value":"//bdi[text()=\"OK\"]"}
COMMAND: POST /session/a61471faa2a572325c8c01ea6c194ba1/elements - {"using":"xpath","value":"//bdi[text()=\"OK\"]"}
RESULT: {"using":"xpath","value":"//bdi[text()=\"OK\"]"}
COMMAND: POST /session/a61471faa2a572325c8c01ea6c194ba1/elements - {"using":"xpath","value":"//bdi[text()=\"OK\"]"}
RESULT: {"using":"xpath","value":"//bdi[text()=\"OK\"]"}
COMMAND: POST /session/a61471faa2a572325c8c01ea6c194ba1/elements - {"using":"xpath","value":"//bdi[text()=\"OK\"]"}
RESULT: {"using":"xpath","value":"//bdi[text()=\"OK\"]"}
COMMAND: POST /session/a61471faa2a572325c8c01ea6c194ba1/elements - {"using":"xpath","value":"//bdi[text()=\"OK\"]"}
RESULT: {"using":"xpath","value":"//bdi[text()=\"OK\"]"}
COMMAND: POST /session/a61471faa2a572325c8c01ea6c194ba1/elements - {"using":"xpath","value":"//bdi[text()=\"OK\"]"}
RESULT: {"using":"xpath","value":"//bdi[text()=\"OK\"]"}
COMMAND: POST /session/a61471faa2a572325c8c01ea6c194ba1/elements - {"using":"xpath","value":"//bdi[text()=\"OK\"]"}
RESULT: {"using":"xpath","value":"//bdi[text()=\"OK\"]"}
COMMAND: POST /session/a61471faa2a572325c8c01ea6c194ba1/elements - {"using":"xpath","value":"//bdi[text()=\"OK\"]"}
RESULT: {"using":"xpath","value":"//bdi[text()=\"OK\"]"}
COMMAND: POST /session/a61471faa2a572325c8c01ea6c194ba1/elements - {"using":"xpath","value":"//bdi[text()=\"OK\"]"}
RESULT: {"using":"xpath","value":"//bdi[text()=\"OK\"]"}
COMMAND: POST /session/a61471faa2a572325c8c01ea6c194ba1/elements - {"using":"xpath","value":"//bdi[text()=\"OK\"]"}
RESULT: {"using":"xpath","value":"//bdi[text()=\"OK\"]"}
COMMAND: POST /session/a61471faa2a572325c8c01ea6c194ba1/elements - {"using":"xpath","value":"//bdi[text()=\"OK\"]"}
RESULT: {"using":"xpath","value":"//bdi[text()=\"OK\"]"}
COMMAND: POST /session/a61471faa2a572325c8c01ea6c194ba1/elements - {"using":"xpath","value":"//bdi[text()=\"OK\"]"}
RESULT: {"using":"xpath","value":"//bdi[text()=\"OK\"]"}
COMMAND: POST /session/a61471faa2a572325c8c01ea6c194ba1/elements - {"using":"xpath","value":"//bdi[text()=\"OK\"]"}
RESULT: {"using":"xpath","value":"//bdi[text()=\"OK\"]"}
COMMAND: POST /session/a61471faa2a572325c8c01ea6c194ba1/elements - {"using":"xpath","value":"//bdi[text()=\"OK\"]"}
RESULT: {"using":"xpath","value":"//bdi[text()=\"OK\"]"}
COMMAND: POST /session/a61471faa2a572325c8c01ea6c194ba1/elements - {"using":"xpath","value":"//bdi[text()=\"OK\"]"}
RESULT: {"using":"xpath","value":"//bdi[text()=\"OK\"]"}
COMMAND: POST /session/a61471faa2a572325c8c01ea6c194ba1/elements - {"using":"xpath","value":"//bdi[text()=\"OK\"]"}
RESULT: {"using":"xpath","value":"//bdi[text()=\"OK\"]"}
COMMAND: POST /session/a61471faa2a572325c8c01ea6c194ba1/elements - {"using":"xpath","value":"//bdi[text()=\"OK\"]"}
RESULT: {"using":"xpath","value":"//bdi[text()=\"OK\"]"}
COMMAND: POST /session/a61471faa2a572325c8c01ea6c194ba1/elements - {"using":"xpath","value":"//bdi[text()=\"OK\"]"}
RESULT: {"using":"xpath","value":"//bdi[text()=\"OK\"]"}
COMMAND: POST /session/a61471faa2a572325c8c01ea6c194ba1/elements - {"using":"xpath","value":"//bdi[text()=\"OK\"]"}
RESULT: {"using":"xpath","value":"//bdi[text()=\"OK\"]"}
COMMAND: POST /session/a61471faa2a572325c8c01ea6c194ba1/elements - {"using":"xpath","value":"//bdi[text()=\"OK\"]"}
RESULT: {"using":"xpath","value":"//bdi[text()=\"OK\"]"}
COMMAND: POST /session/a61471faa2a572325c8c01ea6c194ba1/elements - {"using":"xpath","value":"//bdi[text()=\"OK\"]"}
RESULT: {"using":"xpath","value":"//bdi[text()=\"OK\"]"}
COMMAND: POST /session/a61471faa2a572325c8c01ea6c194ba1/elements - {"using":"xpath","value":"//bdi[text()=\"OK\"]"}
RESULT: {"using":"xpath","value":"//bdi[text()=\"OK\"]"}
COMMAND: POST /session/a61471faa2a572325c8c01ea6c194ba1/elements - {"using":"xpath","value":"//bdi[text()=\"OK\"]"}
RESULT: {"using":"xpath","value":"//bdi[text()=\"OK\"]"}
COMMAND: POST /session/a61471faa2a572325c8c01ea6c194ba1/elements - {"using":"xpath","value":"//bdi[text()=\"OK\"]"}
RESULT: {"using":"xpath","value":"//bdi[text()=\"OK\"]"}
COMMAND: POST /session/a61471faa2a572325c8c01ea6c194ba1/elements - {"using":"xpath","value":"//bdi[text()=\"OK\"]"}
RESULT: {"using":"xpath","value":"//bdi[text()=\"OK\"]"}
COMMAND: POST /session/a61471faa2a572325c8c01ea6c194ba1/elements - {"using":"xpath","value":"//bdi[text()=\"OK\"]"}
RESULT: {"using":"xpath","value":"//bdi[text()=\"OK\"]"}
COMMAND: POST /session/a61471faa2a572325c8c01ea6c194ba1/elements - {"using":"xpath","value":"//bdi[text()=\"OK\"]"}
RESULT: {"using":"xpath","value":"//bdi[text()=\"OK\"]"}
COMMAND: POST /session/a61471faa2a572325c8c01ea6c194ba1/elements - {"using":"xpath","value":"//bdi[text()=\"OK\"]"}
RESULT: {"using":"xpath","value":"//bdi[text()=\"OK\"]"}
COMMAND: POST /session/a61471faa2a572325c8c01ea6c194ba1/elements - {"using":"xpath","value":"//bdi[text()=\"OK\"]"}
RESULT: {"using":"xpath","value":"//bdi[text()=\"OK\"]"}
COMMAND: POST /session/a61471faa2a572325c8c01ea6c194ba1/elements - {"using":"xpath","value":"//bdi[text()=\"OK\"]"}
RESULT: {"using":"xpath","value":"//bdi[text()=\"OK\"]"}
COMMAND: POST /session/a61471faa2a572325c8c01ea6c194ba1/elements - {"using":"xpath","value":"//bdi[text()=\"OK\"]"}
RESULT: {"using":"xpath","value":"//bdi[text()=\"OK\"]"}
COMMAND: POST /session/a61471faa2a572325c8c01ea6c194ba1/elements - {"using":"xpath","value":"//bdi[text()=\"OK\"]"}
RESULT: {"using":"xpath","value":"//bdi[text()=\"OK\"]"}
COMMAND: POST /session/a61471faa2a572325c8c01ea6c194ba1/elements - {"using":"xpath","value":"//bdi[text()=\"OK\"]"}
RESULT: {"using":"xpath","value":"//bdi[text()=\"OK\"]"}
COMMAND: POST /session/a61471faa2a572325c8c01ea6c194ba1/elements - {"using":"xpath","value":"//bdi[text()=\"OK\"]"}
RESULT: {"using":"xpath","value":"//bdi[text()=\"OK\"]"}
COMMAND: POST /session/a61471faa2a572325c8c01ea6c194ba1/elements - {"using":"xpath","value":"//bdi[text()=\"OK\"]"}
RESULT: {"using":"xpath","value":"//bdi[text()=\"OK\"]"}
COMMAND: POST /session/a61471faa2a572325c8c01ea6c194ba1/elements - {"using":"xpath","value":"//bdi[text()=\"OK\"]"}
RESULT: {"using":"xpath","value":"//bdi[text()=\"OK\"]"}
COMMAND: POST /session/a61471faa2a572325c8c01ea6c194ba1/elements - {"using":"xpath","value":"//bdi[text()=\"OK\"]"}
RESULT: {"using":"xpath","value":"//bdi[text()=\"OK\"]"}
COMMAND: POST /session/a61471faa2a572325c8c01ea6c194ba1/elements - {"using":"xpath","value":"//bdi[text()=\"OK\"]"}
RESULT: {"using":"xpath","value":"//bdi[text()=\"OK\"]"}
COMMAND: POST /session/a61471faa2a572325c8c01ea6c194ba1/elements - {"using":"xpath","value":"//bdi[text()=\"OK\"]"}
RESULT: {"using":"xpath","value":"//bdi[text()=\"OK\"]"}
COMMAND: POST /session/a61471faa2a572325c8c01ea6c194ba1/elements - {"using":"xpath","value":"//bdi[text()=\"OK\"]"}
RESULT: {"using":"xpath","value":"//bdi[text()=\"OK\"]"}
COMMAND: POST /session/a61471faa2a572325c8c01ea6c194ba1/elements - {"using":"xpath","value":"//bdi[text()=\"OK\"]"}
RESULT: {"using":"xpath","value":"//bdi[text()=\"OK\"]"}
COMMAND: POST /session/a61471faa2a572325c8c01ea6c194ba1/elements - {"using":"xpath","value":"//bdi[text()=\"OK\"]"}
RESULT: {"using":"xpath","value":"//bdi[text()=\"OK\"]"}
COMMAND: POST /session/a61471faa2a572325c8c01ea6c194ba1/elements - {"using":"xpath","value":"//bdi[text()=\"OK\"]"}
RESULT: {"using":"xpath","value":"//bdi[text()=\"OK\"]"}
COMMAND: POST /session/a61471faa2a572325c8c01ea6c194ba1/elements - {"using":"xpath","value":"//bdi[text()=\"OK\"]"}
RESULT: {"using":"xpath","value":"//bdi[text()=\"OK\"]"}
COMMAND: POST /session/a61471faa2a572325c8c01ea6c194ba1/elements - {"using":"xpath","value":"//bdi[text()=\"OK\"]"}
RESULT: {"using":"xpath","value":"//bdi[text()=\"OK\"]"}
COMMAND: POST /session/a61471faa2a572325c8c01ea6c194ba1/elements - {"using":"xpath","value":"//bdi[text()=\"OK\"]"}
RESULT: {"using":"xpath","value":"//bdi[text()=\"OK\"]"}
COMMAND: POST /session/a61471faa2a572325c8c01ea6c194ba1/elements - {"using":"xpath","value":"//bdi[text()=\"OK\"]"}
RESULT: {"using":"xpath","value":"//bdi[text()=\"OK\"]"}
COMMAND: POST /session/a61471faa2a572325c8c01ea6c194ba1/elements - {"using":"xpath","value":"//bdi[text()=\"OK\"]"}
RESULT: {"using":"xpath","value":"//bdi[text()=\"OK\"]"}
COMMAND: POST /session/a61471faa2a572325c8c01ea6c194ba1/elements - {"using":"xpath","value":"//bdi[text()=\"OK\"]"}
RESULT: {"using":"xpath","value":"//bdi[text()=\"OK\"]"}
COMMAND: POST /session/a61471faa2a572325c8c01ea6c194ba1/elements - {"using":"xpath","value":"//bdi[text()=\"OK\"]"}
RESULT: {"using":"xpath","value":"//bdi[text()=\"OK\"]"}
COMMAND: POST /session/a61471faa2a572325c8c01ea6c194ba1/elements - {"using":"xpath","value":"//bdi[text()=\"OK\"]"}
RESULT: {"using":"xpath","value":"//bdi[text()=\"OK\"]"}
COMMAND: POST /session/a61471faa2a572325c8c01ea6c194ba1/elements - {"using":"xpath","value":"//bdi[text()=\"OK\"]"}
RESULT: {"using":"xpath","value":"//bdi[text()=\"OK\"]"}
COMMAND: POST /session/a61471faa2a572325c8c01ea6c194ba1/elements - {"using":"xpath","value":"//bdi[text()=\"OK\"]"}
RESULT: {"using":"xpath","value":"//bdi[text()=\"OK\"]"}
COMMAND: POST /session/a61471faa2a572325c8c01ea6c194ba1/elements - {"using":"xpath","value":"//bdi[text()=\"OK\"]"}
RESULT: {"using":"xpath","value":"//bdi[text()=\"OK\"]"}
COMMAND: POST /session/a61471faa2a572325c8c01ea6c194ba1/elements - {"using":"xpath","value":"//bdi[text()=\"OK\"]"}
RESULT: {"using":"xpath","value":"//bdi[text()=\"OK\"]"}
COMMAND: POST /session/a61471faa2a572325c8c01ea6c194ba1/elements - {"using":"xpath","value":"//bdi[text()=\"OK\"]"}
RESULT: {"using":"xpath","value":"//bdi[text()=\"OK\"]"}
COMMAND: POST /session/a61471faa2a572325c8c01ea6c194ba1/elements - {"using":"xpath","value":"//bdi[text()=\"OK\"]"}
RESULT: {"using":"xpath","value":"//bdi[text()=\"OK\"]"}
COMMAND: POST /session/a61471faa2a572325c8c01ea6c194ba1/elements - {"using":"xpath","value":"//bdi[text()=\"OK\"]"}
RESULT: {"using":"xpath","value":"//bdi[text()=\"OK\"]"}
COMMAND: POST /session/a61471faa2a572325c8c01ea6c194ba1/elements - {"using":"xpath","value":"//bdi[text()=\"OK\"]"}
RESULT: {"using":"xpath","value":"//bdi[text()=\"OK\"]"}
COMMAND: POST /session/a61471faa2a572325c8c01ea6c194ba1/elements - {"using":"xpath","value":"//bdi[text()=\"OK\"]"}
RESULT: {"using":"xpath","value":"//bdi[text()=\"OK\"]"}
COMMAND: POST /session/a61471faa2a572325c8c01ea6c194ba1/elements - {"using":"xpath","value":"//bdi[text()=\"OK\"]"}
RESULT: {"using":"xpath","value":"//bdi[text()=\"OK\"]"}
COMMAND: POST /session/a61471faa2a572325c8c01ea6c194ba1/elements - {"using":"xpath","value":"//bdi[text()=\"OK\"]"}
RESULT: {"using":"xpath","value":"//bdi[text()=\"OK\"]"}
COMMAND: POST /session/a61471faa2a572325c8c01ea6c194ba1/elements - {"using":"xpath","value":"//bdi[text()=\"OK\"]"}
RESULT: {"using":"xpath","value":"//bdi[text()=\"OK\"]"}
COMMAND: POST /session/a61471faa2a572325c8c01ea6c194ba1/elements - {"using":"xpath","value":"//bdi[text()=\"OK\"]"}
RESULT: {"using":"xpath","value":"//bdi[text()=\"OK\"]"}
COMMAND: POST /session/a61471faa2a572325c8c01ea6c194ba1/elements - {"using":"xpath","value":"//bdi[text()=\"OK\"]"}
RESULT: {"using":"xpath","value":"//bdi[text()=\"OK\"]"}
COMMAND: POST /session/a61471faa2a572325c8c01ea6c194ba1/elements - {"using":"xpath","value":"//bdi[text()=\"OK\"]"}
RESULT: {"using":"xpath","value":"//bdi[text()=\"OK\"]"}
COMMAND: POST /session/a61471faa2a572325c8c01ea6c194ba1/elements - {"using":"xpath","value":"//bdi[text()=\"OK\"]"}
RESULT: {"using":"xpath","value":"//bdi[text()=\"OK\"]"}
COMMAND: POST /session/a61471faa2a572325c8c01ea6c194ba1/element - {"using":"xpath","value":"//bdi[text()=\"OK\"]"}
RESULT: {"using":"xpath","value":"//bdi[text()=\"OK\"]"}
COMMAND: POST /session/a61471faa2a572325c8c01ea6c194ba1/elements - {"using":"xpath","value":"//bdi[text()=\"OK\"]"}
RESULT: {"using":"xpath","value":"//bdi[text()=\"OK\"]"}
COMMAND: POST /session/a61471faa2a572325c8c01ea6c194ba1/elements - {"using":"xpath","value":"//bdi[text()=\"OK\"]"}
RESULT: {"using":"xpath","value":"//bdi[text()=\"OK\"]"}
COMMAND: POST /session/a61471faa2a572325c8c01ea6c194ba1/elements - {"using":"xpath","value":"//bdi[text()=\"OK\"]"}
RESULT: {"using":"xpath","value":"//bdi[text()=\"OK\"]"}
COMMAND: POST /session/a61471faa2a572325c8c01ea6c194ba1/elements - {"using":"xpath","value":"//bdi[text()=\"OK\"]"}
RESULT: {"using":"xpath","value":"//bdi[text()=\"OK\"]"}
COMMAND: POST /session/a61471faa2a572325c8c01ea6c194ba1/elements - {"using":"xpath","value":"//bdi[text()=\"OK\"]"}
RESULT: {"using":"xpath","value":"//bdi[text()=\"OK\"]"}
COMMAND: POST /session/a61471faa2a572325c8c01ea6c194ba1/elements - {"using":"xpath","value":"//bdi[text()=\"OK\"]"}
RESULT: {"using":"xpath","value":"//bdi[text()=\"OK\"]"}
COMMAND: POST /session/a61471faa2a572325c8c01ea6c194ba1/elements - {"using":"xpath","value":"//bdi[text()=\"OK\"]"}
RESULT: {"using":"xpath","value":"//bdi[text()=\"OK\"]"}
COMMAND: POST /session/a61471faa2a572325c8c01ea6c194ba1/elements - {"using":"xpath","value":"//bdi[text()=\"OK\"]"}
RESULT: {"using":"xpath","value":"//bdi[text()=\"OK\"]"}
COMMAND: POST /session/a61471faa2a572325c8c01ea6c194ba1/elements - {"using":"xpath","value":"//bdi[text()=\"OK\"]"}
RESULT: {"using":"xpath","value":"//bdi[text()=\"OK\"]"}
COMMAND: POST /session/a61471faa2a572325c8c01ea6c194ba1/elements - {"using":"xpath","value":"//bdi[text()=\"OK\"]"}
RESULT: {"using":"xpath","value":"//bdi[text()=\"OK\"]"}
COMMAND: POST /session/a61471faa2a572325c8c01ea6c194ba1/elements - {"using":"xpath","value":"//bdi[text()=\"OK\"]"}
RESULT: {"using":"xpath","value":"//bdi[text()=\"OK\"]"}
COMMAND: POST /session/a61471faa2a572325c8c01ea6c194ba1/elements - {"using":"xpath","value":"//bdi[text()=\"OK\"]"}
RESULT: {"using":"xpath","value":"//bdi[text()=\"OK\"]"}
COMMAND: POST /session/a61471faa2a572325c8c01ea6c194ba1/elements - {"using":"xpath","value":"//bdi[text()=\"OK\"]"}
RESULT: {"using":"xpath","value":"//bdi[text()=\"OK\"]"}
COMMAND: POST /session/a61471faa2a572325c8c01ea6c194ba1/elements - {"using":"xpath","value":"//bdi[text()=\"OK\"]"}
RESULT: {"using":"xpath","value":"//bdi[text()=\"OK\"]"}
COMMAND: POST /session/a61471faa2a572325c8c01ea6c194ba1/elements - {"using":"xpath","value":"//bdi[text()=\"OK\"]"}
RESULT: {"using":"xpath","value":"//bdi[text()=\"OK\"]"}
COMMAND: POST /session/a61471faa2a572325c8c01ea6c194ba1/elements - {"using":"xpath","value":"//bdi[text()=\"OK\"]"}
RESULT: {"using":"xpath","value":"//bdi[text()=\"OK\"]"}
COMMAND: POST /session/a61471faa2a572325c8c01ea6c194ba1/elements - {"using":"xpath","value":"//bdi[text()=\"OK\"]"}
RESULT: {"using":"xpath","value":"//bdi[text()=\"OK\"]"}
COMMAND: POST /session/a61471faa2a572325c8c01ea6c194ba1/elements - {"using":"xpath","value":"//bdi[text()=\"OK\"]"}
RESULT: {"using":"xpath","value":"//bdi[text()=\"OK\"]"}
COMMAND: POST /session/a61471faa2a572325c8c01ea6c194ba1/elements - {"using":"xpath","value":"//bdi[text()=\"OK\"]"}
RESULT: {"using":"xpath","value":"//bdi[text()=\"OK\"]"}
COMMAND: POST /session/a61471faa2a572325c8c01ea6c194ba1/elements - {"using":"xpath","value":"//bdi[text()=\"OK\"]"}
RESULT: {"using":"xpath","value":"//bdi[text()=\"OK\"]"}
COMMAND: POST /session/a61471faa2a572325c8c01ea6c194ba1/elements - {"using":"xpath","value":"//bdi[text()=\"OK\"]"}
RESULT: {"using":"xpath","value":"//bdi[text()=\"OK\"]"}
COMMAND: POST /session/a61471faa2a572325c8c01ea6c194ba1/elements - {"using":"xpath","value":"//bdi[text()=\"OK\"]"}
RESULT: {"using":"xpath","value":"//bdi[text()=\"OK\"]"}
COMMAND: POST /session/a61471faa2a572325c8c01ea6c194ba1/elements - {"using":"xpath","value":"//bdi[text()=\"OK\"]"}
RESULT: {"using":"xpath","value":"//bdi[text()=\"OK\"]"}
COMMAND: POST /session/a61471faa2a572325c8c01ea6c194ba1/elements - {"using":"xpath","value":"//bdi[text()=\"OK\"]"}
RESULT: {"using":"xpath","value":"//bdi[text()=\"OK\"]"}
COMMAND: POST /session/a61471faa2a572325c8c01ea6c194ba1/elements - {"using":"xpath","value":"//bdi[text()=\"OK\"]"}
RESULT: {"using":"xpath","value":"//bdi[text()=\"OK\"]"}
COMMAND: POST /session/a61471faa2a572325c8c01ea6c194ba1/elements - {"using":"xpath","value":"//bdi[text()=\"OK\"]"}
RESULT: {"using":"xpath","value":"//bdi[text()=\"OK\"]"}
COMMAND: POST /session/a61471faa2a572325c8c01ea6c194ba1/elements - {"using":"xpath","value":"//bdi[text()=\"OK\"]"}
RESULT: {"using":"xpath","value":"//bdi[text()=\"OK\"]"}
COMMAND: POST /session/a61471faa2a572325c8c01ea6c194ba1/elements - {"using":"xpath","value":"//bdi[text()=\"OK\"]"}
RESULT: {"using":"xpath","value":"//bdi[text()=\"OK\"]"}
COMMAND: POST /session/a61471faa2a572325c8c01ea6c194ba1/elements - {"using":"xpath","value":"//bdi[text()=\"OK\"]"}
RESULT: {"using":"xpath","value":"//bdi[text()=\"OK\"]"}
COMMAND: POST /session/a61471faa2a572325c8c01ea6c194ba1/elements - {"using":"xpath","value":"//bdi[text()=\"OK\"]"}
RESULT: {"using":"xpath","value":"//bdi[text()=\"OK\"]"}
COMMAND: POST /session/a61471faa2a572325c8c01ea6c194ba1/elements - {"using":"xpath","value":"//bdi[text()=\"OK\"]"}
RESULT: {"using":"xpath","value":"//bdi[text()=\"OK\"]"}
COMMAND: POST /session/a61471faa2a572325c8c01ea6c194ba1/elements - {"using":"xpath","value":"//bdi[text()=\"OK\"]"}
RESULT: {"using":"xpath","value":"//bdi[text()=\"OK\"]"}
COMMAND: POST /session/a61471faa2a572325c8c01ea6c194ba1/elements - {"using":"xpath","value":"//bdi[text()=\"OK\"]"}
RESULT: {"using":"xpath","value":"//bdi[text()=\"OK\"]"}
COMMAND: POST /session/a61471faa2a572325c8c01ea6c194ba1/elements - {"using":"xpath","value":"//bdi[text()=\"OK\"]"}
RESULT: {"using":"xpath","value":"//bdi[text()=\"OK\"]"}
COMMAND: POST /session/a61471faa2a572325c8c01ea6c194ba1/elements - {"using":"xpath","value":"//bdi[text()=\"OK\"]"}
RESULT: {"using":"xpath","value":"//bdi[text()=\"OK\"]"}
COMMAND: POST /session/a61471faa2a572325c8c01ea6c194ba1/elements - {"using":"xpath","value":"//bdi[text()=\"OK\"]"}
RESULT: {"using":"xpath","value":"//bdi[text()=\"OK\"]"}
COMMAND: POST /session/a61471faa2a572325c8c01ea6c194ba1/elements - {"using":"xpath","value":"//bdi[text()=\"OK\"]"}
RESULT: {"using":"xpath","value":"//bdi[text()=\"OK\"]"}
COMMAND: POST /session/a61471faa2a572325c8c01ea6c194ba1/elements - {"using":"xpath","value":"//bdi[text()=\"OK\"]"}
RESULT: {"using":"xpath","value":"//bdi[text()=\"OK\"]"}
COMMAND: POST /session/a61471faa2a572325c8c01ea6c194ba1/elements - {"using":"xpath","value":"//bdi[text()=\"OK\"]"}
RESULT: {"using":"xpath","value":"//bdi[text()=\"OK\"]"}
COMMAND: POST /session/a61471faa2a572325c8c01ea6c194ba1/elements - {"using":"xpath","value":"//bdi[text()=\"OK\"]"}
RESULT: {"using":"xpath","value":"//bdi[text()=\"OK\"]"}
COMMAND: POST /session/a61471faa2a572325c8c01ea6c194ba1/elements - {"using":"xpath","value":"//bdi[text()=\"OK\"]"}
RESULT: {"using":"xpath","value":"//bdi[text()=\"OK\"]"}
COMMAND: POST /session/a61471faa2a572325c8c01ea6c194ba1/elements - {"using":"xpath","value":"//bdi[text()=\"OK\"]"}
RESULT: {"using":"xpath","value":"//bdi[text()=\"OK\"]"}
COMMAND: POST /session/a61471faa2a572325c8c01ea6c194ba1/elements - {"using":"xpath","value":"//bdi[text()=\"OK\"]"}
RESULT: {"using":"xpath","value":"//bdi[text()=\"OK\"]"}
COMMAND: POST /session/a61471faa2a572325c8c01ea6c194ba1/elements - {"using":"xpath","value":"//bdi[text()=\"OK\"]"}
RESULT: {"using":"xpath","value":"//bdi[text()=\"OK\"]"}
COMMAND: POST /session/a61471faa2a572325c8c01ea6c194ba1/elements - {"using":"xpath","value":"//bdi[text()=\"OK\"]"}
RESULT: {"using":"xpath","value":"//bdi[text()=\"OK\"]"}
COMMAND: POST /session/a61471faa2a572325c8c01ea6c194ba1/elements - {"using":"xpath","value":"//bdi[text()=\"OK\"]"}
RESULT: {"using":"xpath","value":"//bdi[text()=\"OK\"]"}
COMMAND: POST /session/a61471faa2a572325c8c01ea6c194ba1/elements - {"using":"xpath","value":"//bdi[text()=\"OK\"]"}
RESULT: {"using":"xpath","value":"//bdi[text()=\"OK\"]"}
COMMAND: POST /session/a61471faa2a572325c8c01ea6c194ba1/elements - {"using":"xpath","value":"//bdi[text()=\"OK\"]"}
RESULT: {"using":"xpath","value":"//bdi[text()=\"OK\"]"}
COMMAND: POST /session/a61471faa2a572325c8c01ea6c194ba1/elements - {"using":"xpath","value":"//bdi[text()=\"OK\"]"}
RESULT: {"using":"xpath","value":"//bdi[text()=\"OK\"]"}
COMMAND: POST /session/a61471faa2a572325c8c01ea6c194ba1/elements - {"using":"xpath","value":"//bdi[text()=\"OK\"]"}
RESULT: {"using":"xpath","value":"//bdi[text()=\"OK\"]"}
COMMAND: POST /session/a61471faa2a572325c8c01ea6c194ba1/elements - {"using":"xpath","value":"//bdi[text()=\"OK\"]"}
RESULT: {"using":"xpath","value":"//bdi[text()=\"OK\"]"}
COMMAND: POST /session/a61471faa2a572325c8c01ea6c194ba1/elements - {"using":"xpath","value":"//bdi[text()=\"OK\"]"}
RESULT: {"using":"xpath","value":"//bdi[text()=\"OK\"]"}
COMMAND: POST /session/a61471faa2a572325c8c01ea6c194ba1/elements - {"using":"xpath","value":"//bdi[text()=\"OK\"]"}
RESULT: {"using":"xpath","value":"//bdi[text()=\"OK\"]"}
COMMAND: POST /session/a61471faa2a572325c8c01ea6c194ba1/elements - {"using":"xpath","value":"//bdi[text()=\"OK\"]"}
RESULT: {"using":"xpath","value":"//bdi[text()=\"OK\"]"}
COMMAND: POST /session/a61471faa2a572325c8c01ea6c194ba1/elements - {"using":"xpath","value":"//bdi[text()=\"OK\"]"}
RESULT: {"using":"xpath","value":"//bdi[text()=\"OK\"]"}
COMMAND: POST /session/a61471faa2a572325c8c01ea6c194ba1/elements - {"using":"xpath","value":"//bdi[text()=\"OK\"]"}
RESULT: {"using":"xpath","value":"//bdi[text()=\"OK\"]"}
COMMAND: POST /session/a61471faa2a572325c8c01ea6c194ba1/elements - {"using":"xpath","value":"//bdi[text()=\"OK\"]"}
RESULT: {"using":"xpath","value":"//bdi[text()=\"OK\"]"}
COMMAND: POST /session/a61471faa2a572325c8c01ea6c194ba1/elements - {"using":"xpath","value":"//bdi[text()=\"OK\"]"}
RESULT: {"using":"xpath","value":"//bdi[text()=\"OK\"]"}
COMMAND: POST /session/a61471faa2a572325c8c01ea6c194ba1/elements - {"using":"xpath","value":"//bdi[text()=\"OK\"]"}
RESULT: {"using":"xpath","value":"//bdi[text()=\"OK\"]"}
COMMAND: POST /session/a61471faa2a572325c8c01ea6c194ba1/elements - {"using":"xpath","value":"//bdi[text()=\"OK\"]"}
RESULT: {"using":"xpath","value":"//bdi[text()=\"OK\"]"}
COMMAND: POST /session/a61471faa2a572325c8c01ea6c194ba1/elements - {"using":"xpath","value":"//bdi[text()=\"OK\"]"}
RESULT: {"using":"xpath","value":"//bdi[text()=\"OK\"]"}
COMMAND: POST /session/a61471faa2a572325c8c01ea6c194ba1/elements - {"using":"xpath","value":"//bdi[text()=\"OK\"]"}
RESULT: {"using":"xpath","value":"//bdi[text()=\"OK\"]"}
COMMAND: POST /session/a61471faa2a572325c8c01ea6c194ba1/elements - {"using":"xpath","value":"//bdi[text()=\"OK\"]"}
RESULT: {"using":"xpath","value":"//bdi[text()=\"OK\"]"}
COMMAND: POST /session/a61471faa2a572325c8c01ea6c194ba1/elements - {"using":"xpath","value":"//bdi[text()=\"OK\"]"}
RESULT: {"using":"xpath","value":"//bdi[text()=\"OK\"]"}
COMMAND: POST /session/a61471faa2a572325c8c01ea6c194ba1/elements - {"using":"xpath","value":"//bdi[text()=\"OK\"]"}
RESULT: {"using":"xpath","value":"//bdi[text()=\"OK\"]"}
COMMAND: POST /session/a61471faa2a572325c8c01ea6c194ba1/elements - {"using":"xpath","value":"//bdi[text()=\"OK\"]"}
RESULT: {"using":"xpath","value":"//bdi[text()=\"OK\"]"}
COMMAND: POST /session/a61471faa2a572325c8c01ea6c194ba1/elements - {"using":"xpath","value":"//bdi[text()=\"OK\"]"}
RESULT: {"using":"xpath","value":"//bdi[text()=\"OK\"]"}
COMMAND: POST /session/a61471faa2a572325c8c01ea6c194ba1/elements - {"using":"xpath","value":"//bdi[text()=\"OK\"]"}
RESULT: {"using":"xpath","value":"//bdi[text()=\"OK\"]"}
COMMAND: POST /session/a61471faa2a572325c8c01ea6c194ba1/elements - {"using":"xpath","value":"//bdi[text()=\"OK\"]"}
RESULT: {"using":"xpath","value":"//bdi[text()=\"OK\"]"}
COMMAND: POST /session/a61471faa2a572325c8c01ea6c194ba1/elements - {"using":"xpath","value":"//bdi[text()=\"OK\"]"}
RESULT: {"using":"xpath","value":"//bdi[text()=\"OK\"]"}
COMMAND: POST /session/a61471faa2a572325c8c01ea6c194ba1/elements - {"using":"xpath","value":"//bdi[text()=\"OK\"]"}
RESULT: {"using":"xpath","value":"//bdi[text()=\"OK\"]"}
COMMAND: POST /session/a61471faa2a572325c8c01ea6c194ba1/elements - {"using":"xpath","value":"//bdi[text()=\"OK\"]"}
RESULT: {"using":"xpath","value":"//bdi[text()=\"OK\"]"}
COMMAND: POST /session/a61471faa2a572325c8c01ea6c194ba1/elements - {"using":"xpath","value":"//bdi[text()=\"OK\"]"}
RESULT: {"using":"xpath","value":"//bdi[text()=\"OK\"]"}
COMMAND: POST /session/a61471faa2a572325c8c01ea6c194ba1/elements - {"using":"xpath","value":"//bdi[text()=\"OK\"]"}
RESULT: {"using":"xpath","value":"//bdi[text()=\"OK\"]"}
COMMAND: POST /session/a61471faa2a572325c8c01ea6c194ba1/elements - {"using":"xpath","value":"//bdi[text()=\"OK\"]"}
RESULT: {"using":"xpath","value":"//bdi[text()=\"OK\"]"}
COMMAND: POST /session/a61471faa2a572325c8c01ea6c194ba1/elements - {"using":"xpath","value":"//bdi[text()=\"OK\"]"}
RESULT: {"using":"xpath","value":"//bdi[text()=\"OK\"]"}
COMMAND: POST /session/a61471faa2a572325c8c01ea6c194ba1/elements - {"using":"xpath","value":"//bdi[text()=\"OK\"]"}
RESULT: {"using":"xpath","value":"//bdi[text()=\"OK\"]"}
COMMAND: POST /session/a61471faa2a572325c8c01ea6c194ba1/elements - {"using":"xpath","value":"//bdi[text()=\"OK\"]"}
RESULT: {"using":"xpath","value":"//bdi[text()=\"OK\"]"}
COMMAND: POST /session/a61471faa2a572325c8c01ea6c194ba1/elements - {"using":"xpath","value":"//bdi[text()=\"OK\"]"}
RESULT: {"using":"xpath","value":"//bdi[text()=\"OK\"]"}
COMMAND: POST /session/a61471faa2a572325c8c01ea6c194ba1/elements - {"using":"xpath","value":"//bdi[text()=\"OK\"]"}
RESULT: {"using":"xpath","value":"//bdi[text()=\"OK\"]"}
COMMAND: POST /session/a61471faa2a572325c8c01ea6c194ba1/elements - {"using":"xpath","value":"//bdi[text()=\"OK\"]"}
RESULT: {"using":"xpath","value":"//bdi[text()=\"OK\"]"}
COMMAND: POST /session/a61471faa2a572325c8c01ea6c194ba1/elements - {"using":"xpath","value":"//bdi[text()=\"OK\"]"}
RESULT: {"using":"xpath","value":"//bdi[text()=\"OK\"]"}
COMMAND: POST /session/a61471faa2a572325c8c01ea6c194ba1/elements - {"using":"xpath","value":"//bdi[text()=\"OK\"]"}
RESULT: {"using":"xpath","value":"//bdi[text()=\"OK\"]"}
COMMAND: POST /session/a61471faa2a572325c8c01ea6c194ba1/elements - {"using":"xpath","value":"//bdi[text()=\"OK\"]"}
RESULT: {"using":"xpath","value":"//bdi[text()=\"OK\"]"}
COMMAND: POST /session/a61471faa2a572325c8c01ea6c194ba1/elements - {"using":"xpath","value":"//bdi[text()=\"OK\"]"}
RESULT: {"using":"xpath","value":"//bdi[text()=\"OK\"]"}
COMMAND: POST /session/a61471faa2a572325c8c01ea6c194ba1/elements - {"using":"xpath","value":"//bdi[text()=\"OK\"]"}
RESULT: {"using":"xpath","value":"//bdi[text()=\"OK\"]"}
COMMAND: POST /session/a61471faa2a572325c8c01ea6c194ba1/elements - {"using":"xpath","value":"//bdi[text()=\"OK\"]"}
RESULT: {"using":"xpath","value":"//bdi[text()=\"OK\"]"}
COMMAND: POST /session/a61471faa2a572325c8c01ea6c194ba1/elements - {"using":"xpath","value":"//bdi[text()=\"OK\"]"}
RESULT: {"using":"xpath","value":"//bdi[text()=\"OK\"]"}
COMMAND: POST /session/a61471faa2a572325c8c01ea6c194ba1/elements - {"using":"xpath","value":"//bdi[text()=\"OK\"]"}
RESULT: {"using":"xpath","value":"//bdi[text()=\"OK\"]"}
COMMAND: POST /session/a61471faa2a572325c8c01ea6c194ba1/elements - {"using":"xpath","value":"//bdi[text()=\"OK\"]"}
RESULT: {"using":"xpath","value":"//bdi[text()=\"OK\"]"}
COMMAND: POST /session/a61471faa2a572325c8c01ea6c194ba1/elements - {"using":"xpath","value":"//bdi[text()=\"OK\"]"}
RESULT: {"using":"xpath","value":"//bdi[text()=\"OK\"]"}
COMMAND: POST /session/a61471faa2a572325c8c01ea6c194ba1/elements - {"using":"xpath","value":"//bdi[text()=\"OK\"]"}
RESULT: {"using":"xpath","value":"//bdi[text()=\"OK\"]"}
COMMAND: POST /session/a61471faa2a572325c8c01ea6c194ba1/elements - {"using":"xpath","value":"//bdi[text()=\"OK\"]"}
RESULT: {"using":"xpath","value":"//bdi[text()=\"OK\"]"}
COMMAND: POST /session/a61471faa2a572325c8c01ea6c194ba1/elements - {"using":"xpath","value":"//bdi[text()=\"OK\"]"}
RESULT: {"using":"xpath","value":"//bdi[text()=\"OK\"]"}
COMMAND: POST /session/a61471faa2a572325c8c01ea6c194ba1/elements - {"using":"xpath","value":"//bdi[text()=\"OK\"]"}
RESULT: {"using":"xpath","value":"//bdi[text()=\"OK\"]"}
COMMAND: POST /session/a61471faa2a572325c8c01ea6c194ba1/elements - {"using":"xpath","value":"//bdi[text()=\"OK\"]"}
RESULT: {"using":"xpath","value":"//bdi[text()=\"OK\"]"}
COMMAND: POST /session/a61471faa2a572325c8c01ea6c194ba1/elements - {"using":"xpath","value":"//bdi[text()=\"OK\"]"}
RESULT: {"using":"xpath","value":"//bdi[text()=\"OK\"]"}
COMMAND: POST /session/a61471faa2a572325c8c01ea6c194ba1/elements - {"using":"xpath","value":"//bdi[text()=\"OK\"]"}
RESULT: {"using":"xpath","value":"//bdi[text()=\"OK\"]"}
COMMAND: POST /session/a61471faa2a572325c8c01ea6c194ba1/elements - {"using":"xpath","value":"//bdi[text()=\"OK\"]"}
RESULT: {"using":"xpath","value":"//bdi[text()=\"OK\"]"}
COMMAND: POST /session/a61471faa2a572325c8c01ea6c194ba1/elements - {"using":"xpath","value":"//bdi[text()=\"OK\"]"}
RESULT: {"using":"xpath","value":"//bdi[text()=\"OK\"]"}
COMMAND: POST /session/a61471faa2a572325c8c01ea6c194ba1/elements - {"using":"xpath","value":"//bdi[text()=\"OK\"]"}
RESULT: {"using":"xpath","value":"//bdi[text()=\"OK\"]"}
COMMAND: POST /session/a61471faa2a572325c8c01ea6c194ba1/elements - {"using":"xpath","value":"//bdi[text()=\"OK\"]"}
RESULT: {"using":"xpath","value":"//bdi[text()=\"OK\"]"}
COMMAND: POST /session/a61471faa2a572325c8c01ea6c194ba1/elements - {"using":"xpath","value":"//bdi[text()=\"OK\"]"}
RESULT: {"using":"xpath","value":"//bdi[text()=\"OK\"]"}
COMMAND: POST /session/a61471faa2a572325c8c01ea6c194ba1/elements - {"using":"xpath","value":"//bdi[text()=\"OK\"]"}
RESULT: {"using":"xpath","value":"//bdi[text()=\"OK\"]"}
COMMAND: POST /session/a61471faa2a572325c8c01ea6c194ba1/elements - {"using":"xpath","value":"//bdi[text()=\"OK\"]"}
RESULT: {"using":"xpath","value":"//bdi[text()=\"OK\"]"}
COMMAND: POST /session/a61471faa2a572325c8c01ea6c194ba1/elements - {"using":"xpath","value":"//bdi[text()=\"OK\"]"}
RESULT: {"using":"xpath","value":"//bdi[text()=\"OK\"]"}
COMMAND: POST /session/a61471faa2a572325c8c01ea6c194ba1/elements - {"using":"xpath","value":"//bdi[text()=\"OK\"]"}
RESULT: {"using":"xpath","value":"//bdi[text()=\"OK\"]"}
COMMAND: POST /session/a61471faa2a572325c8c01ea6c194ba1/elements - {"using":"xpath","value":"//bdi[text()=\"OK\"]"}
RESULT: {"using":"xpath","value":"//bdi[text()=\"OK\"]"}
COMMAND: POST /session/a61471faa2a572325c8c01ea6c194ba1/elements - {"using":"xpath","value":"//bdi[text()=\"OK\"]"}
RESULT: {"using":"xpath","value":"//bdi[text()=\"OK\"]"}
COMMAND: POST /session/a61471faa2a572325c8c01ea6c194ba1/elements - {"using":"xpath","value":"//bdi[text()=\"OK\"]"}
RESULT: {"using":"xpath","value":"//bdi[text()=\"OK\"]"}
COMMAND: POST /session/a61471faa2a572325c8c01ea6c194ba1/elements - {"using":"xpath","value":"//bdi[text()=\"OK\"]"}
RESULT: {"using":"xpath","value":"//bdi[text()=\"OK\"]"}
COMMAND: POST /session/a61471faa2a572325c8c01ea6c194ba1/elements - {"using":"xpath","value":"//bdi[text()=\"OK\"]"}
RESULT: {"using":"xpath","value":"//bdi[text()=\"OK\"]"}
COMMAND: POST /session/a61471faa2a572325c8c01ea6c194ba1/elements - {"using":"xpath","value":"//bdi[text()=\"OK\"]"}
RESULT: {"using":"xpath","value":"//bdi[text()=\"OK\"]"}
COMMAND: POST /session/a61471faa2a572325c8c01ea6c194ba1/elements - {"using":"xpath","value":"//bdi[text()=\"OK\"]"}
RESULT: {"using":"xpath","value":"//bdi[text()=\"OK\"]"}
COMMAND: POST /session/a61471faa2a572325c8c01ea6c194ba1/elements - {"using":"xpath","value":"//bdi[text()=\"OK\"]"}
RESULT: {"using":"xpath","value":"//bdi[text()=\"OK\"]"}
COMMAND: POST /session/a61471faa2a572325c8c01ea6c194ba1/elements - {"using":"xpath","value":"//bdi[text()=\"OK\"]"}
RESULT: {"using":"xpath","value":"//bdi[text()=\"OK\"]"}
COMMAND: POST /session/a61471faa2a572325c8c01ea6c194ba1/elements - {"using":"xpath","value":"//bdi[text()=\"OK\"]"}
RESULT: {"using":"xpath","value":"//bdi[text()=\"OK\"]"}
COMMAND: POST /session/a61471faa2a572325c8c01ea6c194ba1/elements - {"using":"xpath","value":"//bdi[text()=\"OK\"]"}
RESULT: {"using":"xpath","value":"//bdi[text()=\"OK\"]"}
COMMAND: POST /session/a61471faa2a572325c8c01ea6c194ba1/elements - {"using":"xpath","value":"//bdi[text()=\"OK\"]"}
RESULT: {"using":"xpath","value":"//bdi[text()=\"OK\"]"}
COMMAND: POST /session/a61471faa2a572325c8c01ea6c194ba1/elements - {"using":"xpath","value":"//bdi[text()=\"OK\"]"}
RESULT: {"using":"xpath","value":"//bdi[text()=\"OK\"]"}
COMMAND: POST /session/a61471faa2a572325c8c01ea6c194ba1/execute/async - {"script":"<script> [1562 bytes]","args":[{"selector":{"id":"application-manageresources-display-component---newResourceUnit--TYPE-arrow"},"wdio_ui5_key":"applicationmanageresources-display-component---newResourceUnit--TYPE-arrow"}]}
RESULT: {"script":"<script> [1562 bytes]","args":[{"selector":{"id":"application-manageresources-display-component---newResourceUnit--TYPE-arrow"},"wdio_ui5_key":"applicationmanageresources-display-component---newResourceUnit--TYPE-arrow"}]}
RESULT: undefined
COMMAND: POST /session/a61471faa2a572325c8c01ea6c194ba1/element - {"using":"xpath","value":"//*[@id=\"application-manageresources-display-component---newResourceUnit--TYPE-arrow\"]"}
RESULT: {"using":"xpath","value":"//*[@id=\"application-manageresources-display-component---newResourceUnit--TYPE-arrow\"]"}
COMMAND: POST /session/a61471faa2a572325c8c01ea6c194ba1/element/f.E650C83CD3BCDAFFADB668DA9E39007C.d.564DE823988226D396FC666660EEFCE5.e.5967/click - {}
RESULT: {}
COMMAND: POST /session/a61471faa2a572325c8c01ea6c194ba1/execute/async - {"script":"<script> [1562 bytes]","args":[{"selector":{"controlType":"sap.m.StandardListItem","viewName":"reusables.view.manageresources.NewResourceUnit","viewId":"application-manageresources-display-component---newResourceUnit","properties":{"title":"Material"},"searchOpenDialogs":true,"interaction":{"idSuffix":"titleText"}},"wdio_ui5_key":"reusablesview.manageresources.NewResourceUnitsap.m.StandardListItem{\"title\":\"Material\"}"}]}
COMMAND: GET /session/a61471faa2a572325c8c01ea6c194ba1/screenshot - {}
RESULT: {"script":"<script> [1562 bytes]","args":[{"selector":{"controlType":"sap.m.StandardListItem","viewName":"reusables.view.manageresources.NewResourceUnit","viewId":"application-manageresources-display-component---newResourceUnit","properties":{"title":"Material"},"searchOpenDialogs":true,"interaction":{"idSuffix":"titleText"}},"wdio_ui5_key":"reusablesview.manageresources.NewResourceUnitsap.m.StandardListItem{\"title\":\"Material\"}"}]}
RESULT: undefined
COMMAND: POST /session/a61471faa2a572325c8c01ea6c194ba1/element - {"using":"xpath","value":"//*[@id=\"__item146\"]"}
RESULT: {}
RESULT: {"using":"xpath","value":"//*[@id=\"__item146\"]"}
COMMAND: POST /session/a61471faa2a572325c8c01ea6c194ba1/element/f.E650C83CD3BCDAFFADB668DA9E39007C.d.564DE823988226D396FC666660EEFCE5.e.5970/click - {}
RESULT: {}
COMMAND: POST /session/a61471faa2a572325c8c01ea6c194ba1/execute/async - {"script":"<script> [1562 bytes]","args":[{"selector":{"id":"application-manageresources-display-component---newResourceUnit--SHORT_TEXT","interaction":{"idSuffix":"inner"}},"wdio_ui5_key":"applicationmanageresources-display-component---newResourceUnit--SHORT_TEXT"}]}
COMMAND: GET /session/a61471faa2a572325c8c01ea6c194ba1/screenshot - {}
RESULT: undefined
RESULT: undefined
RESULT: {"script":"<script> [1562 bytes]","args":[{"selector":{"id":"application-manageresources-display-component---newResourceUnit--SHORT_TEXT","interaction":{"idSuffix":"inner"}},"wdio_ui5_key":"applicationmanageresources-display-component---newResourceUnit--SHORT_TEXT"}]}
RESULT: undefined
COMMAND: POST /session/a61471faa2a572325c8c01ea6c194ba1/execute/async - {"script":"<script> [776 bytes]","args":[{"enterText":"WebdriverRU R2Cl254r","selector":{"id":"application-manageresources-display-component---newResourceUnit--SHORT_TEXT","interaction":{"idSuffix":"inner"}},"clearTextFirst":true,"interactionType":"ENTER_TEXT"}]}
RESULT: {}
RESULT: {"script":"<script> [776 bytes]","args":[{"enterText":"WebdriverRU R2Cl254r","selector":{"id":"application-manageresources-display-component---newResourceUnit--SHORT_TEXT","interaction":{"idSuffix":"inner"}},"clearTextFirst":true,"interactionType":"ENTER_TEXT"}]}
COMMAND: POST /session/a61471faa2a572325c8c01ea6c194ba1/execute/async - {"script":"<script> [1562 bytes]","args":[{"selector":{"id":"application-manageresources-display-component---newResourceUnit--BASE_UNIT_OF_MEASURE-arrow"},"wdio_ui5_key":"applicationmanageresources-display-component---newResourceUnit--BASE_UNIT_OF_MEASURE-arrow"}]}
RESULT: {"script":"<script> [1562 bytes]","args":[{"selector":{"id":"application-manageresources-display-component---newResourceUnit--BASE_UNIT_OF_MEASURE-arrow"},"wdio_ui5_key":"applicationmanageresources-display-component---newResourceUnit--BASE_UNIT_OF_MEASURE-arrow"}]}
RESULT: undefined
COMMAND: POST /session/a61471faa2a572325c8c01ea6c194ba1/element - {"using":"xpath","value":"//*[@id=\"application-manageresources-display-component---newResourceUnit--BASE_UNIT_OF_MEASURE-arrow\"]"}
RESULT: {"using":"xpath","value":"//*[@id=\"application-manageresources-display-component---newResourceUnit--BASE_UNIT_OF_MEASURE-arrow\"]"}
COMMAND: POST /session/a61471faa2a572325c8c01ea6c194ba1/element/f.E650C83CD3BCDAFFADB668DA9E39007C.d.564DE823988226D396FC666660EEFCE5.e.6094/click - {}
RESULT: {}
COMMAND: POST /session/a61471faa2a572325c8c01ea6c194ba1/execute/async - {"script":"<script> [1562 bytes]","args":[{"selector":{"controlType":"sap.m.StandardListItem","viewName":"reusables.view.manageresources.NewResourceUnit","viewId":"application-manageresources-display-component---newResourceUnit","properties":{"title":"Piece"},"searchOpenDialogs":true,"interaction":{"idSuffix":"titleText"}},"wdio_ui5_key":"reusablesview.manageresources.NewResourceUnitsap.m.StandardListItem{\"title\":\"Piece\"}"}]}
COMMAND: GET /session/a61471faa2a572325c8c01ea6c194ba1/screenshot - {}
RESULT: {"script":"<script> [1562 bytes]","args":[{"selector":{"controlType":"sap.m.StandardListItem","viewName":"reusables.view.manageresources.NewResourceUnit","viewId":"application-manageresources-display-component---newResourceUnit","properties":{"title":"Piece"},"searchOpenDialogs":true,"interaction":{"idSuffix":"titleText"}},"wdio_ui5_key":"reusablesview.manageresources.NewResourceUnitsap.m.StandardListItem{\"title\":\"Piece\"}"}]}
RESULT: undefined
COMMAND: POST /session/a61471faa2a572325c8c01ea6c194ba1/element - {"using":"xpath","value":"//*[@id=\"__item199\"]"}
RESULT: {}
RESULT: {"using":"xpath","value":"//*[@id=\"__item199\"]"}
COMMAND: POST /session/a61471faa2a572325c8c01ea6c194ba1/element/f.E650C83CD3BCDAFFADB668DA9E39007C.d.564DE823988226D396FC666660EEFCE5.e.6096/click - {}
RESULT: {}
COMMAND: POST /session/a61471faa2a572325c8c01ea6c194ba1/execute/async - {"script":"<script> [1562 bytes]","args":[{"selector":{"id":"application-manageresources-display-component---newResourceUnit--WEIGHT_UNIT-arrow"},"wdio_ui5_key":"applicationmanageresources-display-component---newResourceUnit--WEIGHT_UNIT-arrow"}]}
COMMAND: GET /session/a61471faa2a572325c8c01ea6c194ba1/screenshot - {}
RESULT: {"script":"<script> [1562 bytes]","args":[{"selector":{"id":"application-manageresources-display-component---newResourceUnit--WEIGHT_UNIT-arrow"},"wdio_ui5_key":"applicationmanageresources-display-component---newResourceUnit--WEIGHT_UNIT-arrow"}]}
RESULT: undefined
COMMAND: POST /session/a61471faa2a572325c8c01ea6c194ba1/element - {"using":"xpath","value":"//*[@id=\"application-manageresources-display-component---newResourceUnit--WEIGHT_UNIT-arrow\"]"}
RESULT: {}
RESULT: {"using":"xpath","value":"//*[@id=\"application-manageresources-display-component---newResourceUnit--WEIGHT_UNIT-arrow\"]"}
COMMAND: POST /session/a61471faa2a572325c8c01ea6c194ba1/element/f.E650C83CD3BCDAFFADB668DA9E39007C.d.564DE823988226D396FC666660EEFCE5.e.6097/click - {}
RESULT: {}
COMMAND: POST /session/a61471faa2a572325c8c01ea6c194ba1/execute/async - {"script":"<script> [1562 bytes]","args":[{"selector":{"controlType":"sap.m.StandardListItem","viewName":"reusables.view.manageresources.NewResourceUnit","viewId":"application-manageresources-display-component---newResourceUnit","properties":{"title":"Gram"},"searchOpenDialogs":true,"interaction":{"idSuffix":"content"}},"wdio_ui5_key":"reusablesview.manageresources.NewResourceUnitsap.m.StandardListItem{\"title\":\"Gram\"}"}]}
COMMAND: GET /session/a61471faa2a572325c8c01ea6c194ba1/screenshot - {}
RESULT: {"script":"<script> [1562 bytes]","args":[{"selector":{"controlType":"sap.m.StandardListItem","viewName":"reusables.view.manageresources.NewResourceUnit","viewId":"application-manageresources-display-component---newResourceUnit","properties":{"title":"Gram"},"searchOpenDialogs":true,"interaction":{"idSuffix":"content"}},"wdio_ui5_key":"reusablesview.manageresources.NewResourceUnitsap.m.StandardListItem{\"title\":\"Gram\"}"}]}
RESULT: undefined
COMMAND: POST /session/a61471faa2a572325c8c01ea6c194ba1/element - {"using":"xpath","value":"//*[@id=\"__item264\"]"}
RESULT: {}
RESULT: {"using":"xpath","value":"//*[@id=\"__item264\"]"}
COMMAND: POST /session/a61471faa2a572325c8c01ea6c194ba1/element/f.E650C83CD3BCDAFFADB668DA9E39007C.d.564DE823988226D396FC666660EEFCE5.e.6099/click - {}
RESULT: {}
COMMAND: GET /session/a61471faa2a572325c8c01ea6c194ba1/screenshot - {}
RESULT: {}
COMMAND: POST /session/a61471faa2a572325c8c01ea6c194ba1/execute/async - {"script":"<script> [1562 bytes]","args":[{"selector":{"id":"application-manageresources-display-component---newResourceUnit--newRRUPage-OPHeaderContent-collapseBtn-img"},"wdio_ui5_key":"applicationmanageresources-display-component---newResourceUnit--newRRUPage-OPHeaderContent-collapseBtn-img"}]}
RESULT: {"script":"<script> [1562 bytes]","args":[{"selector":{"id":"application-manageresources-display-component---newResourceUnit--newRRUPage-OPHeaderContent-collapseBtn-img"},"wdio_ui5_key":"applicationmanageresources-display-component---newResourceUnit--newRRUPage-OPHeaderContent-collapseBtn-img"}]}
RESULT: undefined
COMMAND: POST /session/a61471faa2a572325c8c01ea6c194ba1/element - {"using":"xpath","value":"//*[@id=\"application-manageresources-display-component---newResourceUnit--newRRUPage-OPHeaderContent-collapseBtn-img\"]"}
RESULT: {"using":"xpath","value":"//*[@id=\"application-manageresources-display-component---newResourceUnit--newRRUPage-OPHeaderContent-collapseBtn-img\"]"}
COMMAND: POST /session/a61471faa2a572325c8c01ea6c194ba1/element/f.E650C83CD3BCDAFFADB668DA9E39007C.d.564DE823988226D396FC666660EEFCE5.e.5978/click - {}
RESULT: {}
COMMAND: GET /session/a61471faa2a572325c8c01ea6c194ba1/screenshot - {}
RESULT: {}
COMMAND: POST /session/a61471faa2a572325c8c01ea6c194ba1/element - {"using":"xpath","value":"(//span[contains(@id ,\"application-manageresources-display-component---newResourceUnit--DIMENSION_UNIT-arrow\")])[1]"}
RESULT: {"using":"xpath","value":"(//span[contains(@id ,\"application-manageresources-display-component---newResourceUnit--DIMENSION_UNIT-arrow\")])[1]"}
COMMAND: POST /session/a61471faa2a572325c8c01ea6c194ba1/element/f.E650C83CD3BCDAFFADB668DA9E39007C.d.564DE823988226D396FC666660EEFCE5.e.6105/click - {}
RESULT: {}
COMMAND: GET /session/a61471faa2a572325c8c01ea6c194ba1/screenshot - {}
RESULT: {}
COMMAND: POST /session/a61471faa2a572325c8c01ea6c194ba1/execute/async - {"script":"<script> [1562 bytes]","args":[{"selector":{"controlType":"sap.m.StandardListItem","viewName":"reusables.view.manageresources.NewResourceUnit","viewId":"application-manageresources-display-component---newResourceUnit","properties":{"title":"Centimeter"},"searchOpenDialogs":true,"interaction":{"idSuffix":"titleText"}},"wdio_ui5_key":"reusablesview.manageresources.NewResourceUnitsap.m.StandardListItem{\"title\":\"Centimeter\"}"}]}
RESULT: {"script":"<script> [1562 bytes]","args":[{"selector":{"controlType":"sap.m.StandardListItem","viewName":"reusables.view.manageresources.NewResourceUnit","viewId":"application-manageresources-display-component---newResourceUnit","properties":{"title":"Centimeter"},"searchOpenDialogs":true,"interaction":{"idSuffix":"titleText"}},"wdio_ui5_key":"reusablesview.manageresources.NewResourceUnitsap.m.StandardListItem{\"title\":\"Centimeter\"}"}]}
RESULT: undefined
COMMAND: POST /session/a61471faa2a572325c8c01ea6c194ba1/element - {"using":"xpath","value":"//*[@id=\"__item267\"]"}
RESULT: {"using":"xpath","value":"//*[@id=\"__item267\"]"}
COMMAND: POST /session/a61471faa2a572325c8c01ea6c194ba1/element/f.E650C83CD3BCDAFFADB668DA9E39007C.d.564DE823988226D396FC666660EEFCE5.e.6107/click - {}
RESULT: {}
COMMAND: GET /session/a61471faa2a572325c8c01ea6c194ba1/screenshot - {}
RESULT: {}
COMMAND: POST /session/a61471faa2a572325c8c01ea6c194ba1/execute/async - {"script":"<script> [1562 bytes]","args":[{"selector":{"id":"application-manageresources-display-component---newResourceUnit--newRRUPage-anchBar-application-manageresources-display-component---newResourceUnit--reference-anchor","interaction":{"idSuffix":"BDI-content"}},"wdio_ui5_key":"applicationmanageresources-display-component---newResourceUnit--newRRUPage-anchBar-application-manageresources-display-component---newResourceUnit--reference-anchor"}]}
RESULT: {"script":"<script> [1562 bytes]","args":[{"selector":{"id":"application-manageresources-display-component---newResourceUnit--newRRUPage-anchBar-application-manageresources-display-component---newResourceUnit--reference-anchor","interaction":{"idSuffix":"BDI-content"}},"wdio_ui5_key":"applicationmanageresources-display-component---newResourceUnit--newRRUPage-anchBar-application-manageresources-display-component---newResourceUnit--reference-anchor"}]}
RESULT: undefined
COMMAND: POST /session/a61471faa2a572325c8c01ea6c194ba1/element - {"using":"xpath","value":"//*[@id=\"application-manageresources-display-component---newResourceUnit--newRRUPage-anchBar-application-manageresources-display-component---newResourceUnit--reference-anchor\"]"}
RESULT: {"using":"xpath","value":"//*[@id=\"application-manageresources-display-component---newResourceUnit--newRRUPage-anchBar-application-manageresources-display-component---newResourceUnit--reference-anchor\"]"}
COMMAND: POST /session/a61471faa2a572325c8c01ea6c194ba1/element/f.E650C83CD3BCDAFFADB668DA9E39007C.d.564DE823988226D396FC666660EEFCE5.e.6109/click - {}
RESULT: {}
COMMAND: POST /session/a61471faa2a572325c8c01ea6c194ba1/execute/async - {"script":"<script> [1562 bytes]","args":[{"selector":{"id":"application-manageresources-display-component---newResourceUnit--PLANNING_GROUP-arrow"},"wdio_ui5_key":"applicationmanageresources-display-component---newResourceUnit--PLANNING_GROUP-arrow"}]}
COMMAND: GET /session/a61471faa2a572325c8c01ea6c194ba1/screenshot - {}
RESULT: {"script":"<script> [1562 bytes]","args":[{"selector":{"id":"application-manageresources-display-component---newResourceUnit--PLANNING_GROUP-arrow"},"wdio_ui5_key":"applicationmanageresources-display-component---newResourceUnit--PLANNING_GROUP-arrow"}]}
RESULT: undefined
COMMAND: POST /session/a61471faa2a572325c8c01ea6c194ba1/element - {"using":"xpath","value":"//*[@id=\"application-manageresources-display-component---newResourceUnit--PLANNING_GROUP-arrow\"]"}
RESULT: {}
RESULT: {"using":"xpath","value":"//*[@id=\"application-manageresources-display-component---newResourceUnit--PLANNING_GROUP-arrow\"]"}
COMMAND: POST /session/a61471faa2a572325c8c01ea6c194ba1/element/f.E650C83CD3BCDAFFADB668DA9E39007C.d.564DE823988226D396FC666660EEFCE5.e.6113/click - {}
RESULT: {}
COMMAND: POST /session/a61471faa2a572325c8c01ea6c194ba1/execute/async - {"script":"<script> [1562 bytes]","args":[{"selector":{"controlType":"sap.m.StandardListItem","viewName":"reusables.view.manageresources.NewResourceUnit","viewId":"application-manageresources-display-component---newResourceUnit","properties":{"title":"Heavy Equi"},"searchOpenDialogs":true,"interaction":{"idSuffix":"content"}},"wdio_ui5_key":"reusablesview.manageresources.NewResourceUnitsap.m.StandardListItem{\"title\":\"Heavy Equi\"}"}]}
COMMAND: GET /session/a61471faa2a572325c8c01ea6c194ba1/screenshot - {}
RESULT: {"script":"<script> [1562 bytes]","args":[{"selector":{"controlType":"sap.m.StandardListItem","viewName":"reusables.view.manageresources.NewResourceUnit","viewId":"application-manageresources-display-component---newResourceUnit","properties":{"title":"Heavy Equi"},"searchOpenDialogs":true,"interaction":{"idSuffix":"content"}},"wdio_ui5_key":"reusablesview.manageresources.NewResourceUnitsap.m.StandardListItem{\"title\":\"Heavy Equi\"}"}]}
RESULT: undefined
COMMAND: POST /session/a61471faa2a572325c8c01ea6c194ba1/element - {"using":"xpath","value":"//*[@id=\"__item275\"]"}
RESULT: {}
RESULT: {"using":"xpath","value":"//*[@id=\"__item275\"]"}
COMMAND: POST /session/a61471faa2a572325c8c01ea6c194ba1/element/f.E650C83CD3BCDAFFADB668DA9E39007C.d.564DE823988226D396FC666660EEFCE5.e.6115/click - {}
RESULT: {}
COMMAND: GET /session/a61471faa2a572325c8c01ea6c194ba1/screenshot - {}
RESULT: {}
COMMAND: POST /session/a61471faa2a572325c8c01ea6c194ba1/execute/async - {"script":"<script> [1562 bytes]","args":[{"selector":{"id":"application-manageresources-display-component---newResourceUnit--PLANNING_INDICATOR-arrow"},"wdio_ui5_key":"applicationmanageresources-display-component---newResourceUnit--PLANNING_INDICATOR-arrow"}]}
RESULT: {"script":"<script> [1562 bytes]","args":[{"selector":{"id":"application-manageresources-display-component---newResourceUnit--PLANNING_INDICATOR-arrow"},"wdio_ui5_key":"applicationmanageresources-display-component---newResourceUnit--PLANNING_INDICATOR-arrow"}]}
RESULT: undefined
COMMAND: POST /session/a61471faa2a572325c8c01ea6c194ba1/element - {"using":"xpath","value":"//*[@id=\"application-manageresources-display-component---newResourceUnit--PLANNING_INDICATOR-arrow\"]"}
RESULT: {"using":"xpath","value":"//*[@id=\"application-manageresources-display-component---newResourceUnit--PLANNING_INDICATOR-arrow\"]"}
COMMAND: POST /session/a61471faa2a572325c8c01ea6c194ba1/element/f.E650C83CD3BCDAFFADB668DA9E39007C.d.564DE823988226D396FC666660EEFCE5.e.6116/click - {}
RESULT: {}
COMMAND: POST /session/a61471faa2a572325c8c01ea6c194ba1/execute/async - {"script":"<script> [1562 bytes]","args":[{"selector":{"controlType":"sap.m.StandardListItem","viewName":"reusables.view.manageresources.NewResourceUnit","viewId":"application-manageresources-display-component---newResourceUnit","properties":{"title":"10 - infinite"},"searchOpenDialogs":true,"interaction":{"idSuffix":"content"}},"wdio_ui5_key":"reusablesview.manageresources.NewResourceUnitsap.m.StandardListItem{\"title\":\"10 - infinite\"}"}]}
COMMAND: GET /session/a61471faa2a572325c8c01ea6c194ba1/screenshot - {}
RESULT: {"script":"<script> [1562 bytes]","args":[{"selector":{"controlType":"sap.m.StandardListItem","viewName":"reusables.view.manageresources.NewResourceUnit","viewId":"application-manageresources-display-component---newResourceUnit","properties":{"title":"10 - infinite"},"searchOpenDialogs":true,"interaction":{"idSuffix":"content"}},"wdio_ui5_key":"reusablesview.manageresources.NewResourceUnitsap.m.StandardListItem{\"title\":\"10 - infinite\"}"}]}
RESULT: undefined
COMMAND: POST /session/a61471faa2a572325c8c01ea6c194ba1/element - {"using":"xpath","value":"//*[@id=\"__item285\"]"}
RESULT: {}
RESULT: {"using":"xpath","value":"//*[@id=\"__item285\"]"}
COMMAND: POST /session/a61471faa2a572325c8c01ea6c194ba1/element/f.E650C83CD3BCDAFFADB668DA9E39007C.d.564DE823988226D396FC666660EEFCE5.e.6118/click - {}
RESULT: {}
COMMAND: GET /session/a61471faa2a572325c8c01ea6c194ba1/screenshot - {}
RESULT: {}
COMMAND: POST /session/a61471faa2a572325c8c01ea6c194ba1/element - {"using":"xpath","value":"//bdi[contains(text(), \"Time Segment\")]"}
RESULT: {"using":"xpath","value":"//bdi[contains(text(), \"Time Segment\")]"}
COMMAND: GET /session/a61471faa2a572325c8c01ea6c194ba1/element/f.E650C83CD3BCDAFFADB668DA9E39007C.d.564DE823988226D396FC666660EEFCE5.e.6119/rect - {}
RESULT: {}
COMMAND: GET /session/a61471faa2a572325c8c01ea6c194ba1/window/rect - {}
RESULT: {}
COMMAND: POST /session/a61471faa2a572325c8c01ea6c194ba1/execute/sync - {"script":"<script> [92 bytes]","args":[]}
RESULT: {"script":"<script> [92 bytes]","args":[]}
COMMAND: POST /session/a61471faa2a572325c8c01ea6c194ba1/actions - {"actions":[{"id":"action16","type":"wheel","parameters":{},"actions":[{"type":"scroll","x":-1820,"y":-21,"deltaX":0,"deltaY":0,"duration":0,"origin":{"element-6066-11e4-a52e-4f735466cecf":"f.E650C83CD3BCDAFFADB668DA9E39007C.d.564DE823988226D396FC666660EEFCE5.e.6119"}}]}]}
COMMAND: GET /session/a61471faa2a572325c8c01ea6c194ba1/screenshot - {}
RESULT: {}
COMMAND: POST /session/a61471faa2a572325c8c01ea6c194ba1/execute/sync - {"script":"<script> [79 bytes]","args":[{"element-6066-11e4-a52e-4f735466cecf":"f.E650C83CD3BCDAFFADB668DA9E39007C.d.564DE823988226D396FC666660EEFCE5.e.6119","ELEMENT":"f.E650C83CD3BCDAFFADB668DA9E39007C.d.564DE823988226D396FC666660EEFCE5.e.6119"},{"block":"start","inline":"nearest"}]}
RESULT: {"script":"<script> [79 bytes]","args":[{"element-6066-11e4-a52e-4f735466cecf":"f.E650C83CD3BCDAFFADB668DA9E39007C.d.564DE823988226D396FC666660EEFCE5.e.6119","ELEMENT":"f.E650C83CD3BCDAFFADB668DA9E39007C.d.564DE823988226D396FC666660EEFCE5.e.6119"},{"block":"start","inline":"nearest"}]}
COMMAND: GET /session/a61471faa2a572325c8c01ea6c194ba1/screenshot - {}
RESULT: {}
COMMAND: POST /session/a61471faa2a572325c8c01ea6c194ba1/element - {"using":"xpath","value":"//span[@id=\"application-manageresources-display-component---newResourceUnit--btnAddTimeSegment-img\"]"}
RESULT: {"using":"xpath","value":"//span[@id=\"application-manageresources-display-component---newResourceUnit--btnAddTimeSegment-img\"]"}
COMMAND: POST /session/a61471faa2a572325c8c01ea6c194ba1/execute/sync - {"script":"<script> [8489 bytes]","args":[{"element-6066-11e4-a52e-4f735466cecf":"f.E650C83CD3BCDAFFADB668DA9E39007C.d.564DE823988226D396FC666660EEFCE5.e.6122","ELEMENT":"f.E650C83CD3BCDAFFADB668DA9E39007C.d.564DE823988226D396FC666660EEFCE5.e.6122"}]}
RESULT: {"script":"<script> [8489 bytes]","args":[{"element-6066-11e4-a52e-4f735466cecf":"f.E650C83CD3BCDAFFADB668DA9E39007C.d.564DE823988226D396FC666660EEFCE5.e.6122","ELEMENT":"f.E650C83CD3BCDAFFADB668DA9E39007C.d.564DE823988226D396FC666660EEFCE5.e.6122"}]}
COMMAND: POST /session/a61471faa2a572325c8c01ea6c194ba1/element/f.E650C83CD3BCDAFFADB668DA9E39007C.d.564DE823988226D396FC666660EEFCE5.e.6122/click - {}
COMMAND: GET /session/a61471faa2a572325c8c01ea6c194ba1/screenshot - {}
RESULT: {}
COMMAND: GET /session/a61471faa2a572325c8c01ea6c194ba1/screenshot - {}
COMMAND: POST /session/a61471faa2a572325c8c01ea6c194ba1/element - {"using":"xpath","value":"//input[@id=\"application-manageresources-display-component---newResourceUnit--idRuTSAdmin-application-manageresources-display-component---newResourceUnit--RUTimeSegment-0-inner\"]"}
RESULT: {}
RESULT: {}
RESULT: {"using":"xpath","value":"//input[@id=\"application-manageresources-display-component---newResourceUnit--idRuTSAdmin-application-manageresources-display-component---newResourceUnit--RUTimeSegment-0-inner\"]"}
COMMAND: POST /session/a61471faa2a572325c8c01ea6c194ba1/element/f.E650C83CD3BCDAFFADB668DA9E39007C.d.564DE823988226D396FC666660EEFCE5.e.6125/clear - {}
RESULT: {}
COMMAND: POST /session/a61471faa2a572325c8c01ea6c194ba1/element/f.E650C83CD3BCDAFFADB668DA9E39007C.d.564DE823988226D396FC666660EEFCE5.e.6125/value - {"text":"257"}
COMMAND: GET /session/a61471faa2a572325c8c01ea6c194ba1/screenshot - {}
RESULT: {"text":"257"}
COMMAND: GET /session/a61471faa2a572325c8c01ea6c194ba1/screenshot - {}
RESULT: {}
RESULT: {}
COMMAND: POST /session/a61471faa2a572325c8c01ea6c194ba1/actions - {"actions":[{"id":"action17","type":"key","parameters":{},"actions":[{"type":"keyDown","value":""},{"type":"pause","duration":10},{"type":"keyUp","value":""}]}]}
RESULT: {"actions":[{"id":"action17","type":"key","parameters":{},"actions":[{"type":"keyDown","value":""},{"type":"pause","duration":10},{"type":"keyUp","value":""}]}]}
COMMAND: GET /session/a61471faa2a572325c8c01ea6c194ba1/screenshot - {}
RESULT: {}
COMMAND: POST /session/a61471faa2a572325c8c01ea6c194ba1/execute/async - {"script":"<script> [1562 bytes]","args":[{"selector":{"controlType":"sap.m.Button","viewName":"reusables.view.manageresources.NewResourceUnit","viewId":"application-manageresources-display-component---newResourceUnit","i18NText":{"propertyName":"tooltip","key":"save"},"interaction":{"idSuffix":"BDI-content"}},"wdio_ui5_key":"reusablesview.manageresources.NewResourceUnitsap.m.Button{\"propertyName\":\"tooltip\",\"key\":\"save\"}"}]}
RESULT: {"script":"<script> [1562 bytes]","args":[{"selector":{"controlType":"sap.m.Button","viewName":"reusables.view.manageresources.NewResourceUnit","viewId":"application-manageresources-display-component---newResourceUnit","i18NText":{"propertyName":"tooltip","key":"save"},"interaction":{"idSuffix":"BDI-content"}},"wdio_ui5_key":"reusablesview.manageresources.NewResourceUnitsap.m.Button{\"propertyName\":\"tooltip\",\"key\":\"save\"}"}]}
RESULT: undefined
COMMAND: POST /session/a61471faa2a572325c8c01ea6c194ba1/element - {"using":"xpath","value":"//*[@id=\"application-manageresources-display-component---newResourceUnit--createRuButton\"]"}
RESULT: {"using":"xpath","value":"//*[@id=\"application-manageresources-display-component---newResourceUnit--createRuButton\"]"}
COMMAND: POST /session/a61471faa2a572325c8c01ea6c194ba1/element/f.E650C83CD3BCDAFFADB668DA9E39007C.d.564DE823988226D396FC666660EEFCE5.e.5984/click - {}
RESULT: {}
COMMAND: GET /session/a61471faa2a572325c8c01ea6c194ba1/screenshot - {}
RESULT: {}
COMMAND: POST /session/a61471faa2a572325c8c01ea6c194ba1/execute/async - {"script":"<script> [1562 bytes]","args":[{"selector":{"controlType":"sap.m.Title","properties":{"text":"Success"},"searchOpenDialogs":true},"wdio_ui5_key":"sapm.Title{\"text\":\"Success\"}"}]}
RESULT: {"script":"<script> [1562 bytes]","args":[{"selector":{"controlType":"sap.m.Title","properties":{"text":"Success"},"searchOpenDialogs":true},"wdio_ui5_key":"sapm.Title{\"text\":\"Success\"}"}]}
RESULT: undefined
COMMAND: POST /session/a61471faa2a572325c8c01ea6c194ba1/execute/async - {"script":"<script> [6424 bytes]","args":[{"element-6066-11e4-a52e-4f735466cecf":"f.E650C83CD3BCDAFFADB668DA9E39007C.d.564DE823988226D396FC666660EEFCE5.e.6140"},"getText",[]]}
RESULT: {"script":"<script> [6424 bytes]","args":[{"element-6066-11e4-a52e-4f735466cecf":"f.E650C83CD3BCDAFFADB668DA9E39007C.d.564DE823988226D396FC666660EEFCE5.e.6140"},"getText",[]]}
COMMAND: POST /session/a61471faa2a572325c8c01ea6c194ba1/element - {"using":"xpath","value":"//*[contains(@id, '__text') and (contains(text(), 'successfully created') or contains(., 'successfully created'))]"}
RESULT: {"using":"xpath","value":"//*[contains(@id, '__text') and (contains(text(), 'successfully created') or contains(., 'successfully created'))]"}
COMMAND: GET /session/a61471faa2a572325c8c01ea6c194ba1/element/f.E650C83CD3BCDAFFADB668DA9E39007C.d.564DE823988226D396FC666660EEFCE5.e.6138/text - {}
RESULT: {}
COMMAND: POST /session/a61471faa2a572325c8c01ea6c194ba1/execute/async - {"script":"<script> [1562 bytes]","args":[{"selector":{"controlType":"sap.m.Button","properties":{"text":"Close"},"searchOpenDialogs":true,"interaction":{"idSuffix":"BDI-content"}},"wdio_ui5_key":"sapm.Button{\"text\":\"Close\"}"}]}
RESULT: {"script":"<script> [1562 bytes]","args":[{"selector":{"controlType":"sap.m.Button","properties":{"text":"Close"},"searchOpenDialogs":true,"interaction":{"idSuffix":"BDI-content"}},"wdio_ui5_key":"sapm.Button{\"text\":\"Close\"}"}]}
RESULT: undefined
COMMAND: POST /session/a61471faa2a572325c8c01ea6c194ba1/element - {"using":"xpath","value":"//*[@id=\"__mbox-btn-0\"]"}
RESULT: {"using":"xpath","value":"//*[@id=\"__mbox-btn-0\"]"}
COMMAND: POST /session/a61471faa2a572325c8c01ea6c194ba1/element/f.E650C83CD3BCDAFFADB668DA9E39007C.d.564DE823988226D396FC666660EEFCE5.e.6136/click - {}
RESULT: {}
COMMAND: GET /session/a61471faa2a572325c8c01ea6c194ba1/screenshot - {}
RESULT: {}
COMMAND: POST /session/a61471faa2a572325c8c01ea6c194ba1/execute/async - {"script":"<script> [1562 bytes]","args":[{"selector":{"controlType":"sap.ui.core.Icon","viewName":"etm.portal.ui.manageresources.view.Detail","viewId":"application-manageresources-display-component---detailRU","properties":{"src":{"regex":{"source":"overflow"}}}},"wdio_ui5_key":"etmportal.ui.manageresources.view.Detailsap.ui.core.Icon{\"src\":{\"regex\":{\"source\":\"overflow\"}}}"}]}
RESULT: {"script":"<script> [1562 bytes]","args":[{"selector":{"controlType":"sap.ui.core.Icon","viewName":"etm.portal.ui.manageresources.view.Detail","viewId":"application-manageresources-display-component---detailRU","properties":{"src":{"regex":{"source":"overflow"}}}},"wdio_ui5_key":"etmportal.ui.manageresources.view.Detailsap.ui.core.Icon{\"src\":{\"regex\":{\"source\":\"overflow\"}}}"}]}
RESULT: undefined
COMMAND: POST /session/a61471faa2a572325c8c01ea6c194ba1/element - {"using":"xpath","value":"//*[@id=\"__title15-_actionsToolbar-overflowButton-img\"]"}
RESULT: {"using":"xpath","value":"//*[@id=\"__title15-_actionsToolbar-overflowButton-img\"]"}
COMMAND: POST /session/a61471faa2a572325c8c01ea6c194ba1/element/f.E650C83CD3BCDAFFADB668DA9E39007C.d.564DE823988226D396FC666660EEFCE5.e.6175/click - {}
RESULT: {}
COMMAND: POST /session/a61471faa2a572325c8c01ea6c194ba1/execute/async - {"script":"<script> [1562 bytes]","args":[{"selector":{"controlType":"sap.m.Button","viewName":"etm.portal.ui.manageresources.view.Detail","viewId":"application-manageresources-display-component---detailRU","i18NText":{"propertyName":"tooltip","key":"closeColumn"},"searchOpenDialogs":true,"interaction":{"idSuffix":"inner"}},"wdio_ui5_key":"etmportal.ui.manageresources.view.Detailsap.m.Button{\"propertyName\":\"tooltip\",\"key\":\"closeColumn\"}"}]}
COMMAND: GET /session/a61471faa2a572325c8c01ea6c194ba1/screenshot - {}
RESULT: {"script":"<script> [1562 bytes]","args":[{"selector":{"controlType":"sap.m.Button","viewName":"etm.portal.ui.manageresources.view.Detail","viewId":"application-manageresources-display-component---detailRU","i18NText":{"propertyName":"tooltip","key":"closeColumn"},"searchOpenDialogs":true,"interaction":{"idSuffix":"inner"}},"wdio_ui5_key":"etmportal.ui.manageresources.view.Detailsap.m.Button{\"propertyName\":\"tooltip\",\"key\":\"closeColumn\"}"}]}
RESULT: undefined
COMMAND: POST /session/a61471faa2a572325c8c01ea6c194ba1/element - {"using":"xpath","value":"//*[@id=\"__button47\"]"}
RESULT: {}
RESULT: {"using":"xpath","value":"//*[@id=\"__button47\"]"}
COMMAND: POST /session/a61471faa2a572325c8c01ea6c194ba1/element/f.E650C83CD3BCDAFFADB668DA9E39007C.d.564DE823988226D396FC666660EEFCE5.e.6177/click - {}
RESULT: {}
COMMAND: GET /session/a61471faa2a572325c8c01ea6c194ba1/screenshot - {}
RESULT: {}
COMMAND: POST /session/a61471faa2a572325c8c01ea6c194ba1/refresh - {}
RESULT: {}
COMMAND: GET /session/a61471faa2a572325c8c01ea6c194ba1/screenshot - {}
RESULT: {}
COMMAND: POST /session/a61471faa2a572325c8c01ea6c194ba1/refresh - {}
RESULT: {}
COMMAND: GET /session/a61471faa2a572325c8c01ea6c194ba1/screenshot - {}
RESULT: {}
COMMAND: POST /session/a61471faa2a572325c8c01ea6c194ba1/window/fullscreen - {}
RESULT: {}
COMMAND: POST /session/a61471faa2a572325c8c01ea6c194ba1/execute/async - {"script":"<script> [189 bytes]","args":[]}
RESULT: {"script":"<script> [189 bytes]","args":[]}
COMMAND: POST /session/a61471faa2a572325c8c01ea6c194ba1/execute/async - {"script":"<script> [123 bytes]","args":[]}
RESULT: {"script":"<script> [123 bytes]","args":[]}
COMMAND: POST /session/a61471faa2a572325c8c01ea6c194ba1/timeouts - {"script":"<number>"}
RESULT: {"script":"<number>"}
COMMAND: GET /session/a61471faa2a572325c8c01ea6c194ba1/timeouts - {}
RESULT: {}
RESULT: undefined
COMMAND: POST /session/a61471faa2a572325c8c01ea6c194ba1/execute/async - {"script":"<script> [2676 bytes]","args":[]}
RESULT: {"script":"<script> [2676 bytes]","args":[]}
COMMAND: POST /session/a61471faa2a572325c8c01ea6c194ba1/execute/async - {"script":"<script> [2342 bytes]","args":[{"protocol":"http","hostname":"0.0.0.0","path":"/","capabilities":{"browserName":"chrome","goog:chromeOptions":{"binary":"C:\\Program Files\\Google\\Chrome\\Application\\chrome.exe","args":["--start-maximized"]}},"logLevel":"warn","connectionRetryTimeout":120000,"connectionRetryCount":3,"logLevels":{},"enableDirectConnect":true,"strictSSL":true,"_":"65 more keys: [\"cacheDir\",\"port\",\"requestedCapabilities\",\"automationProtocol\",\"baseUrl\",\"waitforInterval\",\"waitforTimeout\",\"onReload\",\"beforeCommand\",\"afterCommand\",\"rootDir\",\"specs\",\"suites\",\"exclude\",\"groupLogsByTestSpec\",\"excludeDriverLogs\",\"bail\",\"framework\",\"reporters\",\"services\",\"maxInstances\",\"maxInstancesPerCapability\",\"injectGlobals\",\"filesToWatch\",\"execArgv\",\"runnerEnv\",\"runner\",\"shard\",\"specFileRetries\",\"specFileRetriesDelay\",\"specFileRetriesDeferred\",\"reporterSyncInterval\",\"reporterSyncTimeout\",\"cucumberFeaturesWithLineNumbers\",\"autoCompileOpts\",\"mochaOpts\",\"jasmineOpts\",\"cucumberOpts\",\"onPrepare\",\"onWorkerStart\",\"onWorkerEnd\",\"before\",\"beforeSession\",\"beforeSuite\",\"beforeHook\",\"beforeTest\",\"afterTest\",\"afterHook\",\"afterSuite\",\"afterSession\",\"after\",\"onComplete\",\"beforeAssertion\",\"afterAssertion\",\"beforeFeature\",\"beforeScenario\",\"beforeStep\",\"afterStep\",\"afterScenario\",\"afterFeature\",\"_\",\"suite\",\"$0\",\"ignoredWorkerServices\",\"wdi5\"]"}]}
RESULT: {"script":"<script> [2342 bytes]","args":[{"protocol":"http","hostname":"0.0.0.0","path":"/","capabilities":{"browserName":"chrome","goog:chromeOptions":{"binary":"C:\\Program Files\\Google\\Chrome\\Application\\chrome.exe","args":["--start-maximized"]}},"logLevel":"warn","connectionRetryTimeout":120000,"connectionRetryCount":3,"logLevels":{},"enableDirectConnect":true,"strictSSL":true,"_":"65 more keys: [\"cacheDir\",\"port\",\"requestedCapabilities\",\"automationProtocol\",\"baseUrl\",\"waitforInterval\",\"waitforTimeout\",\"onReload\",\"beforeCommand\",\"afterCommand\",\"rootDir\",\"specs\",\"suites\",\"exclude\",\"groupLogsByTestSpec\",\"excludeDriverLogs\",\"bail\",\"framework\",\"reporters\",\"services\",\"maxInstances\",\"maxInstancesPerCapability\",\"injectGlobals\",\"filesToWatch\",\"execArgv\",\"runnerEnv\",\"runner\",\"shard\",\"specFileRetries\",\"specFileRetriesDelay\",\"specFileRetriesDeferred\",\"reporterSyncInterval\",\"reporterSyncTimeout\",\"cucumberFeaturesWithLineNumbers\",\"autoCompileOpts\",\"mochaOpts\",\"jasmineOpts\",\"cucumberOpts\",\"onPrepare\",\"onWorkerStart\",\"onWorkerEnd\",\"before\",\"beforeSession\",\"beforeSuite\",\"beforeHook\",\"beforeTest\",\"afterTest\",\"afterHook\",\"afterSuite\",\"afterSession\",\"after\",\"onComplete\",\"beforeAssertion\",\"afterAssertion\",\"beforeFeature\",\"beforeScenario\",\"beforeStep\",\"afterStep\",\"afterScenario\",\"afterFeature\",\"_\",\"suite\",\"$0\",\"ignoredWorkerServices\",\"wdi5\"]"}]}
COMMAND: POST /session/a61471faa2a572325c8c01ea6c194ba1/execute/async - {"script":"<script> [21126 bytes]","args":[35000]}
RESULT: {"script":"<script> [21126 bytes]","args":[35000]}
]]></system-out>
    </testcase>
    <testcase classname="chrome.137_0_7151_69.windows.Create_2_RU_material_US118246" name="Create WHM material" time="195.16">
      <system-out><![CDATA[
COMMAND: POST /session/a61471faa2a572325c8c01ea6c194ba1/element - {"using":"xpath","value":"//button[@data-kt=\"addNewRUOverflowToolbarButton\"]"}
RESULT: {"using":"xpath","value":"//button[@data-kt=\"addNewRUOverflowToolbarButton\"]"}
COMMAND: POST /session/a61471faa2a572325c8c01ea6c194ba1/execute/sync - {"script":"<script> [8489 bytes]","args":[{"element-6066-11e4-a52e-4f735466cecf":"f.E650C83CD3BCDAFFADB668DA9E39007C.d.563A8597833A7D8884EBFBAFCEC0E9AE.e.6452","ELEMENT":"f.E650C83CD3BCDAFFADB668DA9E39007C.d.563A8597833A7D8884EBFBAFCEC0E9AE.e.6452"}]}
RESULT: {"script":"<script> [8489 bytes]","args":[{"element-6066-11e4-a52e-4f735466cecf":"f.E650C83CD3BCDAFFADB668DA9E39007C.d.563A8597833A7D8884EBFBAFCEC0E9AE.e.6452","ELEMENT":"f.E650C83CD3BCDAFFADB668DA9E39007C.d.563A8597833A7D8884EBFBAFCEC0E9AE.e.6452"}]}
COMMAND: POST /session/a61471faa2a572325c8c01ea6c194ba1/element/f.E650C83CD3BCDAFFADB668DA9E39007C.d.563A8597833A7D8884EBFBAFCEC0E9AE.e.6452/click - {}
COMMAND: GET /session/a61471faa2a572325c8c01ea6c194ba1/screenshot - {}
RESULT: {}
COMMAND: GET /session/a61471faa2a572325c8c01ea6c194ba1/screenshot - {}
RESULT: {}
RESULT: {}
COMMAND: POST /session/a61471faa2a572325c8c01ea6c194ba1/execute/async - {"script":"<script> [1562 bytes]","args":[{"selector":{"controlType":"sap.m.ComboBox","viewName":"reusables.view.manageresources.NewResourceUnit","viewId":"application-manageresources-display-component---newResourceUnit","bindingPath":{"path":"","propertyPath":"/RuTypes","modelName":"catalogModel"},"searchOpenDialogs":true},"wdio_ui5_key":"reusablesview.manageresources.NewResourceUnitsap.m.ComboBox{\"path\":\"\",\"propertyPath\":\"/RuTypes\",\"modelName\":\"catalogModel\"}"}]}
RESULT: {"script":"<script> [1562 bytes]","args":[{"selector":{"controlType":"sap.m.ComboBox","viewName":"reusables.view.manageresources.NewResourceUnit","viewId":"application-manageresources-display-component---newResourceUnit","bindingPath":{"path":"","propertyPath":"/RuTypes","modelName":"catalogModel"},"searchOpenDialogs":true},"wdio_ui5_key":"reusablesview.manageresources.NewResourceUnitsap.m.ComboBox{\"path\":\"\",\"propertyPath\":\"/RuTypes\",\"modelName\":\"catalogModel\"}"}]}
RESULT: undefined
COMMAND: POST /session/a61471faa2a572325c8c01ea6c194ba1/execute/async - {"script":"<script> [1562 bytes]","args":[{"selector":{"controlType":"sap.m.ComboBox","viewName":"reusables.view.manageresources.NewResourceUnit","viewId":"application-manageresources-display-component---newResourceUnit","bindingPath":{"path":"","propertyPath":"/Yards","modelName":"catalogModel"},"searchOpenDialogs":true},"wdio_ui5_key":"reusablesview.manageresources.NewResourceUnitsap.m.ComboBox{\"path\":\"\",\"propertyPath\":\"/Yards\",\"modelName\":\"catalogModel\"}"}]}
RESULT: {"script":"<script> [1562 bytes]","args":[{"selector":{"controlType":"sap.m.ComboBox","viewName":"reusables.view.manageresources.NewResourceUnit","viewId":"application-manageresources-display-component---newResourceUnit","bindingPath":{"path":"","propertyPath":"/Yards","modelName":"catalogModel"},"searchOpenDialogs":true},"wdio_ui5_key":"reusablesview.manageresources.NewResourceUnitsap.m.ComboBox{\"path\":\"\",\"propertyPath\":\"/Yards\",\"modelName\":\"catalogModel\"}"}]}
RESULT: undefined
COMMAND: POST /session/a61471faa2a572325c8c01ea6c194ba1/execute/async - {"script":"<script> [1562 bytes]","args":[{"selector":{"controlType":"etm.portal.ui.reusables.customControls.LiveSearchComboBox","viewName":"reusables.view.manageresources.NewResourceUnit","viewId":"application-manageresources-display-component---newResourceUnit","bindingPath":{"path":"","propertyPath":"/CatalogItems","modelName":"catalogModel"},"searchOpenDialogs":true},"wdio_ui5_key":"reusablesview.manageresources.NewResourceUnitetm.portal.ui.reusables.customControls.LiveSearchComboBox{\"path\":\"\",\"propertyPath\":\"/CatalogItems\",\"modelName\":\"catalogModel\"}"}]}
RESULT: {"script":"<script> [1562 bytes]","args":[{"selector":{"controlType":"etm.portal.ui.reusables.customControls.LiveSearchComboBox","viewName":"reusables.view.manageresources.NewResourceUnit","viewId":"application-manageresources-display-component---newResourceUnit","bindingPath":{"path":"","propertyPath":"/CatalogItems","modelName":"catalogModel"},"searchOpenDialogs":true},"wdio_ui5_key":"reusablesview.manageresources.NewResourceUnitetm.portal.ui.reusables.customControls.LiveSearchComboBox{\"path\":\"\",\"propertyPath\":\"/CatalogItems\",\"modelName\":\"catalogModel\"}"}]}
RESULT: undefined
COMMAND: POST /session/a61471faa2a572325c8c01ea6c194ba1/element - {"using":"xpath","value":"//bdi[text()=\"OK\"]"}
RESULT: {"using":"xpath","value":"//bdi[text()=\"OK\"]"}
COMMAND: POST /session/a61471faa2a572325c8c01ea6c194ba1/elements - {"using":"xpath","value":"//bdi[text()=\"OK\"]"}
RESULT: {"using":"xpath","value":"//bdi[text()=\"OK\"]"}
COMMAND: POST /session/a61471faa2a572325c8c01ea6c194ba1/elements - {"using":"xpath","value":"//bdi[text()=\"OK\"]"}
RESULT: {"using":"xpath","value":"//bdi[text()=\"OK\"]"}
COMMAND: POST /session/a61471faa2a572325c8c01ea6c194ba1/elements - {"using":"xpath","value":"//bdi[text()=\"OK\"]"}
RESULT: {"using":"xpath","value":"//bdi[text()=\"OK\"]"}
COMMAND: POST /session/a61471faa2a572325c8c01ea6c194ba1/elements - {"using":"xpath","value":"//bdi[text()=\"OK\"]"}
RESULT: {"using":"xpath","value":"//bdi[text()=\"OK\"]"}
COMMAND: POST /session/a61471faa2a572325c8c01ea6c194ba1/elements - {"using":"xpath","value":"//bdi[text()=\"OK\"]"}
RESULT: {"using":"xpath","value":"//bdi[text()=\"OK\"]"}
COMMAND: POST /session/a61471faa2a572325c8c01ea6c194ba1/elements - {"using":"xpath","value":"//bdi[text()=\"OK\"]"}
RESULT: {"using":"xpath","value":"//bdi[text()=\"OK\"]"}
COMMAND: POST /session/a61471faa2a572325c8c01ea6c194ba1/elements - {"using":"xpath","value":"//bdi[text()=\"OK\"]"}
RESULT: {"using":"xpath","value":"//bdi[text()=\"OK\"]"}
COMMAND: POST /session/a61471faa2a572325c8c01ea6c194ba1/elements - {"using":"xpath","value":"//bdi[text()=\"OK\"]"}
RESULT: {"using":"xpath","value":"//bdi[text()=\"OK\"]"}
COMMAND: POST /session/a61471faa2a572325c8c01ea6c194ba1/elements - {"using":"xpath","value":"//bdi[text()=\"OK\"]"}
RESULT: {"using":"xpath","value":"//bdi[text()=\"OK\"]"}
COMMAND: POST /session/a61471faa2a572325c8c01ea6c194ba1/elements - {"using":"xpath","value":"//bdi[text()=\"OK\"]"}
RESULT: {"using":"xpath","value":"//bdi[text()=\"OK\"]"}
COMMAND: POST /session/a61471faa2a572325c8c01ea6c194ba1/elements - {"using":"xpath","value":"//bdi[text()=\"OK\"]"}
RESULT: {"using":"xpath","value":"//bdi[text()=\"OK\"]"}
COMMAND: POST /session/a61471faa2a572325c8c01ea6c194ba1/elements - {"using":"xpath","value":"//bdi[text()=\"OK\"]"}
RESULT: {"using":"xpath","value":"//bdi[text()=\"OK\"]"}
COMMAND: POST /session/a61471faa2a572325c8c01ea6c194ba1/elements - {"using":"xpath","value":"//bdi[text()=\"OK\"]"}
RESULT: {"using":"xpath","value":"//bdi[text()=\"OK\"]"}
COMMAND: POST /session/a61471faa2a572325c8c01ea6c194ba1/elements - {"using":"xpath","value":"//bdi[text()=\"OK\"]"}
RESULT: {"using":"xpath","value":"//bdi[text()=\"OK\"]"}
COMMAND: POST /session/a61471faa2a572325c8c01ea6c194ba1/elements - {"using":"xpath","value":"//bdi[text()=\"OK\"]"}
RESULT: {"using":"xpath","value":"//bdi[text()=\"OK\"]"}
COMMAND: POST /session/a61471faa2a572325c8c01ea6c194ba1/elements - {"using":"xpath","value":"//bdi[text()=\"OK\"]"}
RESULT: {"using":"xpath","value":"//bdi[text()=\"OK\"]"}
COMMAND: POST /session/a61471faa2a572325c8c01ea6c194ba1/elements - {"using":"xpath","value":"//bdi[text()=\"OK\"]"}
RESULT: {"using":"xpath","value":"//bdi[text()=\"OK\"]"}
COMMAND: POST /session/a61471faa2a572325c8c01ea6c194ba1/elements - {"using":"xpath","value":"//bdi[text()=\"OK\"]"}
RESULT: {"using":"xpath","value":"//bdi[text()=\"OK\"]"}
COMMAND: POST /session/a61471faa2a572325c8c01ea6c194ba1/elements - {"using":"xpath","value":"//bdi[text()=\"OK\"]"}
RESULT: {"using":"xpath","value":"//bdi[text()=\"OK\"]"}
COMMAND: POST /session/a61471faa2a572325c8c01ea6c194ba1/elements - {"using":"xpath","value":"//bdi[text()=\"OK\"]"}
RESULT: {"using":"xpath","value":"//bdi[text()=\"OK\"]"}
COMMAND: POST /session/a61471faa2a572325c8c01ea6c194ba1/elements - {"using":"xpath","value":"//bdi[text()=\"OK\"]"}
RESULT: {"using":"xpath","value":"//bdi[text()=\"OK\"]"}
COMMAND: POST /session/a61471faa2a572325c8c01ea6c194ba1/elements - {"using":"xpath","value":"//bdi[text()=\"OK\"]"}
RESULT: {"using":"xpath","value":"//bdi[text()=\"OK\"]"}
COMMAND: POST /session/a61471faa2a572325c8c01ea6c194ba1/elements - {"using":"xpath","value":"//bdi[text()=\"OK\"]"}
RESULT: {"using":"xpath","value":"//bdi[text()=\"OK\"]"}
COMMAND: POST /session/a61471faa2a572325c8c01ea6c194ba1/elements - {"using":"xpath","value":"//bdi[text()=\"OK\"]"}
RESULT: {"using":"xpath","value":"//bdi[text()=\"OK\"]"}
COMMAND: POST /session/a61471faa2a572325c8c01ea6c194ba1/elements - {"using":"xpath","value":"//bdi[text()=\"OK\"]"}
RESULT: {"using":"xpath","value":"//bdi[text()=\"OK\"]"}
COMMAND: POST /session/a61471faa2a572325c8c01ea6c194ba1/elements - {"using":"xpath","value":"//bdi[text()=\"OK\"]"}
RESULT: {"using":"xpath","value":"//bdi[text()=\"OK\"]"}
COMMAND: POST /session/a61471faa2a572325c8c01ea6c194ba1/elements - {"using":"xpath","value":"//bdi[text()=\"OK\"]"}
RESULT: {"using":"xpath","value":"//bdi[text()=\"OK\"]"}
COMMAND: POST /session/a61471faa2a572325c8c01ea6c194ba1/elements - {"using":"xpath","value":"//bdi[text()=\"OK\"]"}
RESULT: {"using":"xpath","value":"//bdi[text()=\"OK\"]"}
COMMAND: POST /session/a61471faa2a572325c8c01ea6c194ba1/elements - {"using":"xpath","value":"//bdi[text()=\"OK\"]"}
RESULT: {"using":"xpath","value":"//bdi[text()=\"OK\"]"}
COMMAND: POST /session/a61471faa2a572325c8c01ea6c194ba1/elements - {"using":"xpath","value":"//bdi[text()=\"OK\"]"}
RESULT: {"using":"xpath","value":"//bdi[text()=\"OK\"]"}
COMMAND: POST /session/a61471faa2a572325c8c01ea6c194ba1/elements - {"using":"xpath","value":"//bdi[text()=\"OK\"]"}
RESULT: {"using":"xpath","value":"//bdi[text()=\"OK\"]"}
COMMAND: POST /session/a61471faa2a572325c8c01ea6c194ba1/elements - {"using":"xpath","value":"//bdi[text()=\"OK\"]"}
RESULT: {"using":"xpath","value":"//bdi[text()=\"OK\"]"}
COMMAND: POST /session/a61471faa2a572325c8c01ea6c194ba1/elements - {"using":"xpath","value":"//bdi[text()=\"OK\"]"}
RESULT: {"using":"xpath","value":"//bdi[text()=\"OK\"]"}
COMMAND: POST /session/a61471faa2a572325c8c01ea6c194ba1/elements - {"using":"xpath","value":"//bdi[text()=\"OK\"]"}
RESULT: {"using":"xpath","value":"//bdi[text()=\"OK\"]"}
COMMAND: POST /session/a61471faa2a572325c8c01ea6c194ba1/elements - {"using":"xpath","value":"//bdi[text()=\"OK\"]"}
RESULT: {"using":"xpath","value":"//bdi[text()=\"OK\"]"}
COMMAND: POST /session/a61471faa2a572325c8c01ea6c194ba1/elements - {"using":"xpath","value":"//bdi[text()=\"OK\"]"}
RESULT: {"using":"xpath","value":"//bdi[text()=\"OK\"]"}
COMMAND: POST /session/a61471faa2a572325c8c01ea6c194ba1/elements - {"using":"xpath","value":"//bdi[text()=\"OK\"]"}
RESULT: {"using":"xpath","value":"//bdi[text()=\"OK\"]"}
COMMAND: POST /session/a61471faa2a572325c8c01ea6c194ba1/elements - {"using":"xpath","value":"//bdi[text()=\"OK\"]"}
RESULT: {"using":"xpath","value":"//bdi[text()=\"OK\"]"}
COMMAND: POST /session/a61471faa2a572325c8c01ea6c194ba1/elements - {"using":"xpath","value":"//bdi[text()=\"OK\"]"}
RESULT: {"using":"xpath","value":"//bdi[text()=\"OK\"]"}
COMMAND: POST /session/a61471faa2a572325c8c01ea6c194ba1/elements - {"using":"xpath","value":"//bdi[text()=\"OK\"]"}
RESULT: {"using":"xpath","value":"//bdi[text()=\"OK\"]"}
COMMAND: POST /session/a61471faa2a572325c8c01ea6c194ba1/elements - {"using":"xpath","value":"//bdi[text()=\"OK\"]"}
RESULT: {"using":"xpath","value":"//bdi[text()=\"OK\"]"}
COMMAND: POST /session/a61471faa2a572325c8c01ea6c194ba1/elements - {"using":"xpath","value":"//bdi[text()=\"OK\"]"}
RESULT: {"using":"xpath","value":"//bdi[text()=\"OK\"]"}
COMMAND: POST /session/a61471faa2a572325c8c01ea6c194ba1/elements - {"using":"xpath","value":"//bdi[text()=\"OK\"]"}
RESULT: {"using":"xpath","value":"//bdi[text()=\"OK\"]"}
COMMAND: POST /session/a61471faa2a572325c8c01ea6c194ba1/elements - {"using":"xpath","value":"//bdi[text()=\"OK\"]"}
RESULT: {"using":"xpath","value":"//bdi[text()=\"OK\"]"}
COMMAND: POST /session/a61471faa2a572325c8c01ea6c194ba1/elements - {"using":"xpath","value":"//bdi[text()=\"OK\"]"}
RESULT: {"using":"xpath","value":"//bdi[text()=\"OK\"]"}
COMMAND: POST /session/a61471faa2a572325c8c01ea6c194ba1/elements - {"using":"xpath","value":"//bdi[text()=\"OK\"]"}
RESULT: {"using":"xpath","value":"//bdi[text()=\"OK\"]"}
COMMAND: POST /session/a61471faa2a572325c8c01ea6c194ba1/elements - {"using":"xpath","value":"//bdi[text()=\"OK\"]"}
RESULT: {"using":"xpath","value":"//bdi[text()=\"OK\"]"}
COMMAND: POST /session/a61471faa2a572325c8c01ea6c194ba1/elements - {"using":"xpath","value":"//bdi[text()=\"OK\"]"}
RESULT: {"using":"xpath","value":"//bdi[text()=\"OK\"]"}
COMMAND: POST /session/a61471faa2a572325c8c01ea6c194ba1/elements - {"using":"xpath","value":"//bdi[text()=\"OK\"]"}
RESULT: {"using":"xpath","value":"//bdi[text()=\"OK\"]"}
COMMAND: POST /session/a61471faa2a572325c8c01ea6c194ba1/elements - {"using":"xpath","value":"//bdi[text()=\"OK\"]"}
RESULT: {"using":"xpath","value":"//bdi[text()=\"OK\"]"}
COMMAND: POST /session/a61471faa2a572325c8c01ea6c194ba1/elements - {"using":"xpath","value":"//bdi[text()=\"OK\"]"}
RESULT: {"using":"xpath","value":"//bdi[text()=\"OK\"]"}
COMMAND: POST /session/a61471faa2a572325c8c01ea6c194ba1/elements - {"using":"xpath","value":"//bdi[text()=\"OK\"]"}
RESULT: {"using":"xpath","value":"//bdi[text()=\"OK\"]"}
COMMAND: POST /session/a61471faa2a572325c8c01ea6c194ba1/elements - {"using":"xpath","value":"//bdi[text()=\"OK\"]"}
RESULT: {"using":"xpath","value":"//bdi[text()=\"OK\"]"}
COMMAND: POST /session/a61471faa2a572325c8c01ea6c194ba1/elements - {"using":"xpath","value":"//bdi[text()=\"OK\"]"}
RESULT: {"using":"xpath","value":"//bdi[text()=\"OK\"]"}
COMMAND: POST /session/a61471faa2a572325c8c01ea6c194ba1/elements - {"using":"xpath","value":"//bdi[text()=\"OK\"]"}
RESULT: {"using":"xpath","value":"//bdi[text()=\"OK\"]"}
COMMAND: POST /session/a61471faa2a572325c8c01ea6c194ba1/elements - {"using":"xpath","value":"//bdi[text()=\"OK\"]"}
RESULT: {"using":"xpath","value":"//bdi[text()=\"OK\"]"}
COMMAND: POST /session/a61471faa2a572325c8c01ea6c194ba1/elements - {"using":"xpath","value":"//bdi[text()=\"OK\"]"}
RESULT: {"using":"xpath","value":"//bdi[text()=\"OK\"]"}
COMMAND: POST /session/a61471faa2a572325c8c01ea6c194ba1/elements - {"using":"xpath","value":"//bdi[text()=\"OK\"]"}
RESULT: {"using":"xpath","value":"//bdi[text()=\"OK\"]"}
COMMAND: POST /session/a61471faa2a572325c8c01ea6c194ba1/elements - {"using":"xpath","value":"//bdi[text()=\"OK\"]"}
RESULT: {"using":"xpath","value":"//bdi[text()=\"OK\"]"}
COMMAND: POST /session/a61471faa2a572325c8c01ea6c194ba1/elements - {"using":"xpath","value":"//bdi[text()=\"OK\"]"}
RESULT: {"using":"xpath","value":"//bdi[text()=\"OK\"]"}
COMMAND: POST /session/a61471faa2a572325c8c01ea6c194ba1/elements - {"using":"xpath","value":"//bdi[text()=\"OK\"]"}
RESULT: {"using":"xpath","value":"//bdi[text()=\"OK\"]"}
COMMAND: POST /session/a61471faa2a572325c8c01ea6c194ba1/elements - {"using":"xpath","value":"//bdi[text()=\"OK\"]"}
RESULT: {"using":"xpath","value":"//bdi[text()=\"OK\"]"}
COMMAND: POST /session/a61471faa2a572325c8c01ea6c194ba1/elements - {"using":"xpath","value":"//bdi[text()=\"OK\"]"}
RESULT: {"using":"xpath","value":"//bdi[text()=\"OK\"]"}
COMMAND: POST /session/a61471faa2a572325c8c01ea6c194ba1/elements - {"using":"xpath","value":"//bdi[text()=\"OK\"]"}
RESULT: {"using":"xpath","value":"//bdi[text()=\"OK\"]"}
COMMAND: POST /session/a61471faa2a572325c8c01ea6c194ba1/elements - {"using":"xpath","value":"//bdi[text()=\"OK\"]"}
RESULT: {"using":"xpath","value":"//bdi[text()=\"OK\"]"}
COMMAND: POST /session/a61471faa2a572325c8c01ea6c194ba1/elements - {"using":"xpath","value":"//bdi[text()=\"OK\"]"}
RESULT: {"using":"xpath","value":"//bdi[text()=\"OK\"]"}
COMMAND: POST /session/a61471faa2a572325c8c01ea6c194ba1/elements - {"using":"xpath","value":"//bdi[text()=\"OK\"]"}
RESULT: {"using":"xpath","value":"//bdi[text()=\"OK\"]"}
COMMAND: POST /session/a61471faa2a572325c8c01ea6c194ba1/elements - {"using":"xpath","value":"//bdi[text()=\"OK\"]"}
RESULT: {"using":"xpath","value":"//bdi[text()=\"OK\"]"}
COMMAND: POST /session/a61471faa2a572325c8c01ea6c194ba1/elements - {"using":"xpath","value":"//bdi[text()=\"OK\"]"}
RESULT: {"using":"xpath","value":"//bdi[text()=\"OK\"]"}
COMMAND: POST /session/a61471faa2a572325c8c01ea6c194ba1/elements - {"using":"xpath","value":"//bdi[text()=\"OK\"]"}
RESULT: {"using":"xpath","value":"//bdi[text()=\"OK\"]"}
COMMAND: POST /session/a61471faa2a572325c8c01ea6c194ba1/elements - {"using":"xpath","value":"//bdi[text()=\"OK\"]"}
RESULT: {"using":"xpath","value":"//bdi[text()=\"OK\"]"}
COMMAND: POST /session/a61471faa2a572325c8c01ea6c194ba1/elements - {"using":"xpath","value":"//bdi[text()=\"OK\"]"}
RESULT: {"using":"xpath","value":"//bdi[text()=\"OK\"]"}
COMMAND: POST /session/a61471faa2a572325c8c01ea6c194ba1/elements - {"using":"xpath","value":"//bdi[text()=\"OK\"]"}
RESULT: {"using":"xpath","value":"//bdi[text()=\"OK\"]"}
COMMAND: POST /session/a61471faa2a572325c8c01ea6c194ba1/elements - {"using":"xpath","value":"//bdi[text()=\"OK\"]"}
RESULT: {"using":"xpath","value":"//bdi[text()=\"OK\"]"}
COMMAND: POST /session/a61471faa2a572325c8c01ea6c194ba1/elements - {"using":"xpath","value":"//bdi[text()=\"OK\"]"}
RESULT: {"using":"xpath","value":"//bdi[text()=\"OK\"]"}
COMMAND: POST /session/a61471faa2a572325c8c01ea6c194ba1/elements - {"using":"xpath","value":"//bdi[text()=\"OK\"]"}
RESULT: {"using":"xpath","value":"//bdi[text()=\"OK\"]"}
COMMAND: POST /session/a61471faa2a572325c8c01ea6c194ba1/elements - {"using":"xpath","value":"//bdi[text()=\"OK\"]"}
RESULT: {"using":"xpath","value":"//bdi[text()=\"OK\"]"}
COMMAND: POST /session/a61471faa2a572325c8c01ea6c194ba1/elements - {"using":"xpath","value":"//bdi[text()=\"OK\"]"}
RESULT: {"using":"xpath","value":"//bdi[text()=\"OK\"]"}
COMMAND: POST /session/a61471faa2a572325c8c01ea6c194ba1/elements - {"using":"xpath","value":"//bdi[text()=\"OK\"]"}
RESULT: {"using":"xpath","value":"//bdi[text()=\"OK\"]"}
COMMAND: POST /session/a61471faa2a572325c8c01ea6c194ba1/elements - {"using":"xpath","value":"//bdi[text()=\"OK\"]"}
RESULT: {"using":"xpath","value":"//bdi[text()=\"OK\"]"}
COMMAND: POST /session/a61471faa2a572325c8c01ea6c194ba1/elements - {"using":"xpath","value":"//bdi[text()=\"OK\"]"}
RESULT: {"using":"xpath","value":"//bdi[text()=\"OK\"]"}
COMMAND: POST /session/a61471faa2a572325c8c01ea6c194ba1/elements - {"using":"xpath","value":"//bdi[text()=\"OK\"]"}
RESULT: {"using":"xpath","value":"//bdi[text()=\"OK\"]"}
COMMAND: POST /session/a61471faa2a572325c8c01ea6c194ba1/elements - {"using":"xpath","value":"//bdi[text()=\"OK\"]"}
RESULT: {"using":"xpath","value":"//bdi[text()=\"OK\"]"}
COMMAND: POST /session/a61471faa2a572325c8c01ea6c194ba1/elements - {"using":"xpath","value":"//bdi[text()=\"OK\"]"}
RESULT: {"using":"xpath","value":"//bdi[text()=\"OK\"]"}
COMMAND: POST /session/a61471faa2a572325c8c01ea6c194ba1/elements - {"using":"xpath","value":"//bdi[text()=\"OK\"]"}
RESULT: {"using":"xpath","value":"//bdi[text()=\"OK\"]"}
COMMAND: POST /session/a61471faa2a572325c8c01ea6c194ba1/elements - {"using":"xpath","value":"//bdi[text()=\"OK\"]"}
RESULT: {"using":"xpath","value":"//bdi[text()=\"OK\"]"}
COMMAND: POST /session/a61471faa2a572325c8c01ea6c194ba1/elements - {"using":"xpath","value":"//bdi[text()=\"OK\"]"}
RESULT: {"using":"xpath","value":"//bdi[text()=\"OK\"]"}
COMMAND: POST /session/a61471faa2a572325c8c01ea6c194ba1/elements - {"using":"xpath","value":"//bdi[text()=\"OK\"]"}
RESULT: {"using":"xpath","value":"//bdi[text()=\"OK\"]"}
COMMAND: POST /session/a61471faa2a572325c8c01ea6c194ba1/elements - {"using":"xpath","value":"//bdi[text()=\"OK\"]"}
RESULT: {"using":"xpath","value":"//bdi[text()=\"OK\"]"}
COMMAND: POST /session/a61471faa2a572325c8c01ea6c194ba1/elements - {"using":"xpath","value":"//bdi[text()=\"OK\"]"}
RESULT: {"using":"xpath","value":"//bdi[text()=\"OK\"]"}
COMMAND: POST /session/a61471faa2a572325c8c01ea6c194ba1/elements - {"using":"xpath","value":"//bdi[text()=\"OK\"]"}
RESULT: {"using":"xpath","value":"//bdi[text()=\"OK\"]"}
COMMAND: POST /session/a61471faa2a572325c8c01ea6c194ba1/elements - {"using":"xpath","value":"//bdi[text()=\"OK\"]"}
RESULT: {"using":"xpath","value":"//bdi[text()=\"OK\"]"}
COMMAND: POST /session/a61471faa2a572325c8c01ea6c194ba1/elements - {"using":"xpath","value":"//bdi[text()=\"OK\"]"}
RESULT: {"using":"xpath","value":"//bdi[text()=\"OK\"]"}
COMMAND: POST /session/a61471faa2a572325c8c01ea6c194ba1/elements - {"using":"xpath","value":"//bdi[text()=\"OK\"]"}
RESULT: {"using":"xpath","value":"//bdi[text()=\"OK\"]"}
COMMAND: POST /session/a61471faa2a572325c8c01ea6c194ba1/elements - {"using":"xpath","value":"//bdi[text()=\"OK\"]"}
RESULT: {"using":"xpath","value":"//bdi[text()=\"OK\"]"}
COMMAND: POST /session/a61471faa2a572325c8c01ea6c194ba1/elements - {"using":"xpath","value":"//bdi[text()=\"OK\"]"}
RESULT: {"using":"xpath","value":"//bdi[text()=\"OK\"]"}
COMMAND: POST /session/a61471faa2a572325c8c01ea6c194ba1/elements - {"using":"xpath","value":"//bdi[text()=\"OK\"]"}
RESULT: {"using":"xpath","value":"//bdi[text()=\"OK\"]"}
COMMAND: POST /session/a61471faa2a572325c8c01ea6c194ba1/elements - {"using":"xpath","value":"//bdi[text()=\"OK\"]"}
RESULT: {"using":"xpath","value":"//bdi[text()=\"OK\"]"}
COMMAND: POST /session/a61471faa2a572325c8c01ea6c194ba1/elements - {"using":"xpath","value":"//bdi[text()=\"OK\"]"}
RESULT: {"using":"xpath","value":"//bdi[text()=\"OK\"]"}
COMMAND: POST /session/a61471faa2a572325c8c01ea6c194ba1/elements - {"using":"xpath","value":"//bdi[text()=\"OK\"]"}
RESULT: {"using":"xpath","value":"//bdi[text()=\"OK\"]"}
COMMAND: POST /session/a61471faa2a572325c8c01ea6c194ba1/elements - {"using":"xpath","value":"//bdi[text()=\"OK\"]"}
RESULT: {"using":"xpath","value":"//bdi[text()=\"OK\"]"}
COMMAND: POST /session/a61471faa2a572325c8c01ea6c194ba1/elements - {"using":"xpath","value":"//bdi[text()=\"OK\"]"}
RESULT: {"using":"xpath","value":"//bdi[text()=\"OK\"]"}
COMMAND: POST /session/a61471faa2a572325c8c01ea6c194ba1/elements - {"using":"xpath","value":"//bdi[text()=\"OK\"]"}
RESULT: {"using":"xpath","value":"//bdi[text()=\"OK\"]"}
COMMAND: POST /session/a61471faa2a572325c8c01ea6c194ba1/elements - {"using":"xpath","value":"//bdi[text()=\"OK\"]"}
RESULT: {"using":"xpath","value":"//bdi[text()=\"OK\"]"}
COMMAND: POST /session/a61471faa2a572325c8c01ea6c194ba1/elements - {"using":"xpath","value":"//bdi[text()=\"OK\"]"}
RESULT: {"using":"xpath","value":"//bdi[text()=\"OK\"]"}
COMMAND: POST /session/a61471faa2a572325c8c01ea6c194ba1/elements - {"using":"xpath","value":"//bdi[text()=\"OK\"]"}
RESULT: {"using":"xpath","value":"//bdi[text()=\"OK\"]"}
COMMAND: POST /session/a61471faa2a572325c8c01ea6c194ba1/elements - {"using":"xpath","value":"//bdi[text()=\"OK\"]"}
RESULT: {"using":"xpath","value":"//bdi[text()=\"OK\"]"}
COMMAND: POST /session/a61471faa2a572325c8c01ea6c194ba1/elements - {"using":"xpath","value":"//bdi[text()=\"OK\"]"}
RESULT: {"using":"xpath","value":"//bdi[text()=\"OK\"]"}
COMMAND: POST /session/a61471faa2a572325c8c01ea6c194ba1/elements - {"using":"xpath","value":"//bdi[text()=\"OK\"]"}
RESULT: {"using":"xpath","value":"//bdi[text()=\"OK\"]"}
COMMAND: POST /session/a61471faa2a572325c8c01ea6c194ba1/elements - {"using":"xpath","value":"//bdi[text()=\"OK\"]"}
RESULT: {"using":"xpath","value":"//bdi[text()=\"OK\"]"}
COMMAND: POST /session/a61471faa2a572325c8c01ea6c194ba1/elements - {"using":"xpath","value":"//bdi[text()=\"OK\"]"}
RESULT: {"using":"xpath","value":"//bdi[text()=\"OK\"]"}
COMMAND: POST /session/a61471faa2a572325c8c01ea6c194ba1/elements - {"using":"xpath","value":"//bdi[text()=\"OK\"]"}
RESULT: {"using":"xpath","value":"//bdi[text()=\"OK\"]"}
COMMAND: POST /session/a61471faa2a572325c8c01ea6c194ba1/elements - {"using":"xpath","value":"//bdi[text()=\"OK\"]"}
RESULT: {"using":"xpath","value":"//bdi[text()=\"OK\"]"}
COMMAND: POST /session/a61471faa2a572325c8c01ea6c194ba1/elements - {"using":"xpath","value":"//bdi[text()=\"OK\"]"}
RESULT: {"using":"xpath","value":"//bdi[text()=\"OK\"]"}
COMMAND: POST /session/a61471faa2a572325c8c01ea6c194ba1/elements - {"using":"xpath","value":"//bdi[text()=\"OK\"]"}
RESULT: {"using":"xpath","value":"//bdi[text()=\"OK\"]"}
COMMAND: POST /session/a61471faa2a572325c8c01ea6c194ba1/elements - {"using":"xpath","value":"//bdi[text()=\"OK\"]"}
RESULT: {"using":"xpath","value":"//bdi[text()=\"OK\"]"}
COMMAND: POST /session/a61471faa2a572325c8c01ea6c194ba1/elements - {"using":"xpath","value":"//bdi[text()=\"OK\"]"}
RESULT: {"using":"xpath","value":"//bdi[text()=\"OK\"]"}
COMMAND: POST /session/a61471faa2a572325c8c01ea6c194ba1/elements - {"using":"xpath","value":"//bdi[text()=\"OK\"]"}
RESULT: {"using":"xpath","value":"//bdi[text()=\"OK\"]"}
COMMAND: POST /session/a61471faa2a572325c8c01ea6c194ba1/elements - {"using":"xpath","value":"//bdi[text()=\"OK\"]"}
RESULT: {"using":"xpath","value":"//bdi[text()=\"OK\"]"}
COMMAND: POST /session/a61471faa2a572325c8c01ea6c194ba1/elements - {"using":"xpath","value":"//bdi[text()=\"OK\"]"}
RESULT: {"using":"xpath","value":"//bdi[text()=\"OK\"]"}
COMMAND: POST /session/a61471faa2a572325c8c01ea6c194ba1/element - {"using":"xpath","value":"//bdi[text()=\"OK\"]"}
RESULT: {"using":"xpath","value":"//bdi[text()=\"OK\"]"}
COMMAND: POST /session/a61471faa2a572325c8c01ea6c194ba1/elements - {"using":"xpath","value":"//bdi[text()=\"OK\"]"}
RESULT: {"using":"xpath","value":"//bdi[text()=\"OK\"]"}
COMMAND: POST /session/a61471faa2a572325c8c01ea6c194ba1/elements - {"using":"xpath","value":"//bdi[text()=\"OK\"]"}
RESULT: {"using":"xpath","value":"//bdi[text()=\"OK\"]"}
COMMAND: POST /session/a61471faa2a572325c8c01ea6c194ba1/elements - {"using":"xpath","value":"//bdi[text()=\"OK\"]"}
RESULT: {"using":"xpath","value":"//bdi[text()=\"OK\"]"}
COMMAND: POST /session/a61471faa2a572325c8c01ea6c194ba1/elements - {"using":"xpath","value":"//bdi[text()=\"OK\"]"}
RESULT: {"using":"xpath","value":"//bdi[text()=\"OK\"]"}
COMMAND: POST /session/a61471faa2a572325c8c01ea6c194ba1/elements - {"using":"xpath","value":"//bdi[text()=\"OK\"]"}
RESULT: {"using":"xpath","value":"//bdi[text()=\"OK\"]"}
COMMAND: POST /session/a61471faa2a572325c8c01ea6c194ba1/elements - {"using":"xpath","value":"//bdi[text()=\"OK\"]"}
RESULT: {"using":"xpath","value":"//bdi[text()=\"OK\"]"}
COMMAND: POST /session/a61471faa2a572325c8c01ea6c194ba1/elements - {"using":"xpath","value":"//bdi[text()=\"OK\"]"}
RESULT: {"using":"xpath","value":"//bdi[text()=\"OK\"]"}
COMMAND: POST /session/a61471faa2a572325c8c01ea6c194ba1/elements - {"using":"xpath","value":"//bdi[text()=\"OK\"]"}
RESULT: {"using":"xpath","value":"//bdi[text()=\"OK\"]"}
COMMAND: POST /session/a61471faa2a572325c8c01ea6c194ba1/elements - {"using":"xpath","value":"//bdi[text()=\"OK\"]"}
RESULT: {"using":"xpath","value":"//bdi[text()=\"OK\"]"}
COMMAND: POST /session/a61471faa2a572325c8c01ea6c194ba1/elements - {"using":"xpath","value":"//bdi[text()=\"OK\"]"}
RESULT: {"using":"xpath","value":"//bdi[text()=\"OK\"]"}
COMMAND: POST /session/a61471faa2a572325c8c01ea6c194ba1/elements - {"using":"xpath","value":"//bdi[text()=\"OK\"]"}
RESULT: {"using":"xpath","value":"//bdi[text()=\"OK\"]"}
COMMAND: POST /session/a61471faa2a572325c8c01ea6c194ba1/elements - {"using":"xpath","value":"//bdi[text()=\"OK\"]"}
RESULT: {"using":"xpath","value":"//bdi[text()=\"OK\"]"}
COMMAND: POST /session/a61471faa2a572325c8c01ea6c194ba1/elements - {"using":"xpath","value":"//bdi[text()=\"OK\"]"}
RESULT: {"using":"xpath","value":"//bdi[text()=\"OK\"]"}
COMMAND: POST /session/a61471faa2a572325c8c01ea6c194ba1/elements - {"using":"xpath","value":"//bdi[text()=\"OK\"]"}
RESULT: {"using":"xpath","value":"//bdi[text()=\"OK\"]"}
COMMAND: POST /session/a61471faa2a572325c8c01ea6c194ba1/elements - {"using":"xpath","value":"//bdi[text()=\"OK\"]"}
RESULT: {"using":"xpath","value":"//bdi[text()=\"OK\"]"}
COMMAND: POST /session/a61471faa2a572325c8c01ea6c194ba1/elements - {"using":"xpath","value":"//bdi[text()=\"OK\"]"}
RESULT: {"using":"xpath","value":"//bdi[text()=\"OK\"]"}
COMMAND: POST /session/a61471faa2a572325c8c01ea6c194ba1/elements - {"using":"xpath","value":"//bdi[text()=\"OK\"]"}
RESULT: {"using":"xpath","value":"//bdi[text()=\"OK\"]"}
COMMAND: POST /session/a61471faa2a572325c8c01ea6c194ba1/elements - {"using":"xpath","value":"//bdi[text()=\"OK\"]"}
RESULT: {"using":"xpath","value":"//bdi[text()=\"OK\"]"}
COMMAND: POST /session/a61471faa2a572325c8c01ea6c194ba1/elements - {"using":"xpath","value":"//bdi[text()=\"OK\"]"}
RESULT: {"using":"xpath","value":"//bdi[text()=\"OK\"]"}
COMMAND: POST /session/a61471faa2a572325c8c01ea6c194ba1/elements - {"using":"xpath","value":"//bdi[text()=\"OK\"]"}
RESULT: {"using":"xpath","value":"//bdi[text()=\"OK\"]"}
COMMAND: POST /session/a61471faa2a572325c8c01ea6c194ba1/elements - {"using":"xpath","value":"//bdi[text()=\"OK\"]"}
RESULT: {"using":"xpath","value":"//bdi[text()=\"OK\"]"}
COMMAND: POST /session/a61471faa2a572325c8c01ea6c194ba1/elements - {"using":"xpath","value":"//bdi[text()=\"OK\"]"}
RESULT: {"using":"xpath","value":"//bdi[text()=\"OK\"]"}
COMMAND: POST /session/a61471faa2a572325c8c01ea6c194ba1/elements - {"using":"xpath","value":"//bdi[text()=\"OK\"]"}
RESULT: {"using":"xpath","value":"//bdi[text()=\"OK\"]"}
COMMAND: POST /session/a61471faa2a572325c8c01ea6c194ba1/elements - {"using":"xpath","value":"//bdi[text()=\"OK\"]"}
RESULT: {"using":"xpath","value":"//bdi[text()=\"OK\"]"}
COMMAND: POST /session/a61471faa2a572325c8c01ea6c194ba1/elements - {"using":"xpath","value":"//bdi[text()=\"OK\"]"}
RESULT: {"using":"xpath","value":"//bdi[text()=\"OK\"]"}
COMMAND: POST /session/a61471faa2a572325c8c01ea6c194ba1/elements - {"using":"xpath","value":"//bdi[text()=\"OK\"]"}
RESULT: {"using":"xpath","value":"//bdi[text()=\"OK\"]"}
COMMAND: POST /session/a61471faa2a572325c8c01ea6c194ba1/elements - {"using":"xpath","value":"//bdi[text()=\"OK\"]"}
RESULT: {"using":"xpath","value":"//bdi[text()=\"OK\"]"}
COMMAND: POST /session/a61471faa2a572325c8c01ea6c194ba1/elements - {"using":"xpath","value":"//bdi[text()=\"OK\"]"}
RESULT: {"using":"xpath","value":"//bdi[text()=\"OK\"]"}
COMMAND: POST /session/a61471faa2a572325c8c01ea6c194ba1/elements - {"using":"xpath","value":"//bdi[text()=\"OK\"]"}
RESULT: {"using":"xpath","value":"//bdi[text()=\"OK\"]"}
COMMAND: POST /session/a61471faa2a572325c8c01ea6c194ba1/elements - {"using":"xpath","value":"//bdi[text()=\"OK\"]"}
RESULT: {"using":"xpath","value":"//bdi[text()=\"OK\"]"}
COMMAND: POST /session/a61471faa2a572325c8c01ea6c194ba1/elements - {"using":"xpath","value":"//bdi[text()=\"OK\"]"}
RESULT: {"using":"xpath","value":"//bdi[text()=\"OK\"]"}
COMMAND: POST /session/a61471faa2a572325c8c01ea6c194ba1/elements - {"using":"xpath","value":"//bdi[text()=\"OK\"]"}
RESULT: {"using":"xpath","value":"//bdi[text()=\"OK\"]"}
COMMAND: POST /session/a61471faa2a572325c8c01ea6c194ba1/elements - {"using":"xpath","value":"//bdi[text()=\"OK\"]"}
RESULT: {"using":"xpath","value":"//bdi[text()=\"OK\"]"}
COMMAND: POST /session/a61471faa2a572325c8c01ea6c194ba1/elements - {"using":"xpath","value":"//bdi[text()=\"OK\"]"}
RESULT: {"using":"xpath","value":"//bdi[text()=\"OK\"]"}
COMMAND: POST /session/a61471faa2a572325c8c01ea6c194ba1/elements - {"using":"xpath","value":"//bdi[text()=\"OK\"]"}
RESULT: {"using":"xpath","value":"//bdi[text()=\"OK\"]"}
COMMAND: POST /session/a61471faa2a572325c8c01ea6c194ba1/elements - {"using":"xpath","value":"//bdi[text()=\"OK\"]"}
RESULT: {"using":"xpath","value":"//bdi[text()=\"OK\"]"}
COMMAND: POST /session/a61471faa2a572325c8c01ea6c194ba1/elements - {"using":"xpath","value":"//bdi[text()=\"OK\"]"}
RESULT: {"using":"xpath","value":"//bdi[text()=\"OK\"]"}
COMMAND: POST /session/a61471faa2a572325c8c01ea6c194ba1/elements - {"using":"xpath","value":"//bdi[text()=\"OK\"]"}
RESULT: {"using":"xpath","value":"//bdi[text()=\"OK\"]"}
COMMAND: POST /session/a61471faa2a572325c8c01ea6c194ba1/elements - {"using":"xpath","value":"//bdi[text()=\"OK\"]"}
RESULT: {"using":"xpath","value":"//bdi[text()=\"OK\"]"}
COMMAND: POST /session/a61471faa2a572325c8c01ea6c194ba1/elements - {"using":"xpath","value":"//bdi[text()=\"OK\"]"}
RESULT: {"using":"xpath","value":"//bdi[text()=\"OK\"]"}
COMMAND: POST /session/a61471faa2a572325c8c01ea6c194ba1/elements - {"using":"xpath","value":"//bdi[text()=\"OK\"]"}
RESULT: {"using":"xpath","value":"//bdi[text()=\"OK\"]"}
COMMAND: POST /session/a61471faa2a572325c8c01ea6c194ba1/elements - {"using":"xpath","value":"//bdi[text()=\"OK\"]"}
RESULT: {"using":"xpath","value":"//bdi[text()=\"OK\"]"}
COMMAND: POST /session/a61471faa2a572325c8c01ea6c194ba1/elements - {"using":"xpath","value":"//bdi[text()=\"OK\"]"}
RESULT: {"using":"xpath","value":"//bdi[text()=\"OK\"]"}
COMMAND: POST /session/a61471faa2a572325c8c01ea6c194ba1/elements - {"using":"xpath","value":"//bdi[text()=\"OK\"]"}
RESULT: {"using":"xpath","value":"//bdi[text()=\"OK\"]"}
COMMAND: POST /session/a61471faa2a572325c8c01ea6c194ba1/elements - {"using":"xpath","value":"//bdi[text()=\"OK\"]"}
RESULT: {"using":"xpath","value":"//bdi[text()=\"OK\"]"}
COMMAND: POST /session/a61471faa2a572325c8c01ea6c194ba1/elements - {"using":"xpath","value":"//bdi[text()=\"OK\"]"}
RESULT: {"using":"xpath","value":"//bdi[text()=\"OK\"]"}
COMMAND: POST /session/a61471faa2a572325c8c01ea6c194ba1/elements - {"using":"xpath","value":"//bdi[text()=\"OK\"]"}
RESULT: {"using":"xpath","value":"//bdi[text()=\"OK\"]"}
COMMAND: POST /session/a61471faa2a572325c8c01ea6c194ba1/elements - {"using":"xpath","value":"//bdi[text()=\"OK\"]"}
RESULT: {"using":"xpath","value":"//bdi[text()=\"OK\"]"}
COMMAND: POST /session/a61471faa2a572325c8c01ea6c194ba1/elements - {"using":"xpath","value":"//bdi[text()=\"OK\"]"}
RESULT: {"using":"xpath","value":"//bdi[text()=\"OK\"]"}
COMMAND: POST /session/a61471faa2a572325c8c01ea6c194ba1/elements - {"using":"xpath","value":"//bdi[text()=\"OK\"]"}
RESULT: {"using":"xpath","value":"//bdi[text()=\"OK\"]"}
COMMAND: POST /session/a61471faa2a572325c8c01ea6c194ba1/elements - {"using":"xpath","value":"//bdi[text()=\"OK\"]"}
RESULT: {"using":"xpath","value":"//bdi[text()=\"OK\"]"}
COMMAND: POST /session/a61471faa2a572325c8c01ea6c194ba1/elements - {"using":"xpath","value":"//bdi[text()=\"OK\"]"}
RESULT: {"using":"xpath","value":"//bdi[text()=\"OK\"]"}
COMMAND: POST /session/a61471faa2a572325c8c01ea6c194ba1/elements - {"using":"xpath","value":"//bdi[text()=\"OK\"]"}
RESULT: {"using":"xpath","value":"//bdi[text()=\"OK\"]"}
COMMAND: POST /session/a61471faa2a572325c8c01ea6c194ba1/elements - {"using":"xpath","value":"//bdi[text()=\"OK\"]"}
RESULT: {"using":"xpath","value":"//bdi[text()=\"OK\"]"}
COMMAND: POST /session/a61471faa2a572325c8c01ea6c194ba1/elements - {"using":"xpath","value":"//bdi[text()=\"OK\"]"}
RESULT: {"using":"xpath","value":"//bdi[text()=\"OK\"]"}
COMMAND: POST /session/a61471faa2a572325c8c01ea6c194ba1/elements - {"using":"xpath","value":"//bdi[text()=\"OK\"]"}
RESULT: {"using":"xpath","value":"//bdi[text()=\"OK\"]"}
COMMAND: POST /session/a61471faa2a572325c8c01ea6c194ba1/elements - {"using":"xpath","value":"//bdi[text()=\"OK\"]"}
RESULT: {"using":"xpath","value":"//bdi[text()=\"OK\"]"}
COMMAND: POST /session/a61471faa2a572325c8c01ea6c194ba1/elements - {"using":"xpath","value":"//bdi[text()=\"OK\"]"}
RESULT: {"using":"xpath","value":"//bdi[text()=\"OK\"]"}
COMMAND: POST /session/a61471faa2a572325c8c01ea6c194ba1/elements - {"using":"xpath","value":"//bdi[text()=\"OK\"]"}
RESULT: {"using":"xpath","value":"//bdi[text()=\"OK\"]"}
COMMAND: POST /session/a61471faa2a572325c8c01ea6c194ba1/elements - {"using":"xpath","value":"//bdi[text()=\"OK\"]"}
RESULT: {"using":"xpath","value":"//bdi[text()=\"OK\"]"}
COMMAND: POST /session/a61471faa2a572325c8c01ea6c194ba1/elements - {"using":"xpath","value":"//bdi[text()=\"OK\"]"}
RESULT: {"using":"xpath","value":"//bdi[text()=\"OK\"]"}
COMMAND: POST /session/a61471faa2a572325c8c01ea6c194ba1/elements - {"using":"xpath","value":"//bdi[text()=\"OK\"]"}
RESULT: {"using":"xpath","value":"//bdi[text()=\"OK\"]"}
COMMAND: POST /session/a61471faa2a572325c8c01ea6c194ba1/elements - {"using":"xpath","value":"//bdi[text()=\"OK\"]"}
RESULT: {"using":"xpath","value":"//bdi[text()=\"OK\"]"}
COMMAND: POST /session/a61471faa2a572325c8c01ea6c194ba1/elements - {"using":"xpath","value":"//bdi[text()=\"OK\"]"}
RESULT: {"using":"xpath","value":"//bdi[text()=\"OK\"]"}
COMMAND: POST /session/a61471faa2a572325c8c01ea6c194ba1/elements - {"using":"xpath","value":"//bdi[text()=\"OK\"]"}
RESULT: {"using":"xpath","value":"//bdi[text()=\"OK\"]"}
COMMAND: POST /session/a61471faa2a572325c8c01ea6c194ba1/elements - {"using":"xpath","value":"//bdi[text()=\"OK\"]"}
RESULT: {"using":"xpath","value":"//bdi[text()=\"OK\"]"}
COMMAND: POST /session/a61471faa2a572325c8c01ea6c194ba1/elements - {"using":"xpath","value":"//bdi[text()=\"OK\"]"}
RESULT: {"using":"xpath","value":"//bdi[text()=\"OK\"]"}
COMMAND: POST /session/a61471faa2a572325c8c01ea6c194ba1/elements - {"using":"xpath","value":"//bdi[text()=\"OK\"]"}
RESULT: {"using":"xpath","value":"//bdi[text()=\"OK\"]"}
COMMAND: POST /session/a61471faa2a572325c8c01ea6c194ba1/elements - {"using":"xpath","value":"//bdi[text()=\"OK\"]"}
RESULT: {"using":"xpath","value":"//bdi[text()=\"OK\"]"}
COMMAND: POST /session/a61471faa2a572325c8c01ea6c194ba1/elements - {"using":"xpath","value":"//bdi[text()=\"OK\"]"}
RESULT: {"using":"xpath","value":"//bdi[text()=\"OK\"]"}
COMMAND: POST /session/a61471faa2a572325c8c01ea6c194ba1/elements - {"using":"xpath","value":"//bdi[text()=\"OK\"]"}
RESULT: {"using":"xpath","value":"//bdi[text()=\"OK\"]"}
COMMAND: POST /session/a61471faa2a572325c8c01ea6c194ba1/elements - {"using":"xpath","value":"//bdi[text()=\"OK\"]"}
RESULT: {"using":"xpath","value":"//bdi[text()=\"OK\"]"}
COMMAND: POST /session/a61471faa2a572325c8c01ea6c194ba1/elements - {"using":"xpath","value":"//bdi[text()=\"OK\"]"}
RESULT: {"using":"xpath","value":"//bdi[text()=\"OK\"]"}
COMMAND: POST /session/a61471faa2a572325c8c01ea6c194ba1/elements - {"using":"xpath","value":"//bdi[text()=\"OK\"]"}
RESULT: {"using":"xpath","value":"//bdi[text()=\"OK\"]"}
COMMAND: POST /session/a61471faa2a572325c8c01ea6c194ba1/elements - {"using":"xpath","value":"//bdi[text()=\"OK\"]"}
RESULT: {"using":"xpath","value":"//bdi[text()=\"OK\"]"}
COMMAND: POST /session/a61471faa2a572325c8c01ea6c194ba1/elements - {"using":"xpath","value":"//bdi[text()=\"OK\"]"}
RESULT: {"using":"xpath","value":"//bdi[text()=\"OK\"]"}
COMMAND: POST /session/a61471faa2a572325c8c01ea6c194ba1/elements - {"using":"xpath","value":"//bdi[text()=\"OK\"]"}
RESULT: {"using":"xpath","value":"//bdi[text()=\"OK\"]"}
COMMAND: POST /session/a61471faa2a572325c8c01ea6c194ba1/elements - {"using":"xpath","value":"//bdi[text()=\"OK\"]"}
RESULT: {"using":"xpath","value":"//bdi[text()=\"OK\"]"}
COMMAND: POST /session/a61471faa2a572325c8c01ea6c194ba1/elements - {"using":"xpath","value":"//bdi[text()=\"OK\"]"}
RESULT: {"using":"xpath","value":"//bdi[text()=\"OK\"]"}
COMMAND: POST /session/a61471faa2a572325c8c01ea6c194ba1/elements - {"using":"xpath","value":"//bdi[text()=\"OK\"]"}
RESULT: {"using":"xpath","value":"//bdi[text()=\"OK\"]"}
COMMAND: POST /session/a61471faa2a572325c8c01ea6c194ba1/elements - {"using":"xpath","value":"//bdi[text()=\"OK\"]"}
RESULT: {"using":"xpath","value":"//bdi[text()=\"OK\"]"}
COMMAND: POST /session/a61471faa2a572325c8c01ea6c194ba1/elements - {"using":"xpath","value":"//bdi[text()=\"OK\"]"}
RESULT: {"using":"xpath","value":"//bdi[text()=\"OK\"]"}
COMMAND: POST /session/a61471faa2a572325c8c01ea6c194ba1/elements - {"using":"xpath","value":"//bdi[text()=\"OK\"]"}
RESULT: {"using":"xpath","value":"//bdi[text()=\"OK\"]"}
COMMAND: POST /session/a61471faa2a572325c8c01ea6c194ba1/elements - {"using":"xpath","value":"//bdi[text()=\"OK\"]"}
RESULT: {"using":"xpath","value":"//bdi[text()=\"OK\"]"}
COMMAND: POST /session/a61471faa2a572325c8c01ea6c194ba1/elements - {"using":"xpath","value":"//bdi[text()=\"OK\"]"}
RESULT: {"using":"xpath","value":"//bdi[text()=\"OK\"]"}
COMMAND: POST /session/a61471faa2a572325c8c01ea6c194ba1/elements - {"using":"xpath","value":"//bdi[text()=\"OK\"]"}
RESULT: {"using":"xpath","value":"//bdi[text()=\"OK\"]"}
COMMAND: POST /session/a61471faa2a572325c8c01ea6c194ba1/elements - {"using":"xpath","value":"//bdi[text()=\"OK\"]"}
RESULT: {"using":"xpath","value":"//bdi[text()=\"OK\"]"}
COMMAND: POST /session/a61471faa2a572325c8c01ea6c194ba1/elements - {"using":"xpath","value":"//bdi[text()=\"OK\"]"}
RESULT: {"using":"xpath","value":"//bdi[text()=\"OK\"]"}
COMMAND: POST /session/a61471faa2a572325c8c01ea6c194ba1/elements - {"using":"xpath","value":"//bdi[text()=\"OK\"]"}
RESULT: {"using":"xpath","value":"//bdi[text()=\"OK\"]"}
COMMAND: POST /session/a61471faa2a572325c8c01ea6c194ba1/elements - {"using":"xpath","value":"//bdi[text()=\"OK\"]"}
RESULT: {"using":"xpath","value":"//bdi[text()=\"OK\"]"}
COMMAND: POST /session/a61471faa2a572325c8c01ea6c194ba1/elements - {"using":"xpath","value":"//bdi[text()=\"OK\"]"}
RESULT: {"using":"xpath","value":"//bdi[text()=\"OK\"]"}
COMMAND: POST /session/a61471faa2a572325c8c01ea6c194ba1/elements - {"using":"xpath","value":"//bdi[text()=\"OK\"]"}
RESULT: {"using":"xpath","value":"//bdi[text()=\"OK\"]"}
COMMAND: POST /session/a61471faa2a572325c8c01ea6c194ba1/elements - {"using":"xpath","value":"//bdi[text()=\"OK\"]"}
RESULT: {"using":"xpath","value":"//bdi[text()=\"OK\"]"}
COMMAND: POST /session/a61471faa2a572325c8c01ea6c194ba1/elements - {"using":"xpath","value":"//bdi[text()=\"OK\"]"}
RESULT: {"using":"xpath","value":"//bdi[text()=\"OK\"]"}
COMMAND: POST /session/a61471faa2a572325c8c01ea6c194ba1/elements - {"using":"xpath","value":"//bdi[text()=\"OK\"]"}
RESULT: {"using":"xpath","value":"//bdi[text()=\"OK\"]"}
COMMAND: POST /session/a61471faa2a572325c8c01ea6c194ba1/elements - {"using":"xpath","value":"//bdi[text()=\"OK\"]"}
RESULT: {"using":"xpath","value":"//bdi[text()=\"OK\"]"}
COMMAND: POST /session/a61471faa2a572325c8c01ea6c194ba1/elements - {"using":"xpath","value":"//bdi[text()=\"OK\"]"}
RESULT: {"using":"xpath","value":"//bdi[text()=\"OK\"]"}
COMMAND: POST /session/a61471faa2a572325c8c01ea6c194ba1/elements - {"using":"xpath","value":"//bdi[text()=\"OK\"]"}
RESULT: {"using":"xpath","value":"//bdi[text()=\"OK\"]"}
COMMAND: POST /session/a61471faa2a572325c8c01ea6c194ba1/elements - {"using":"xpath","value":"//bdi[text()=\"OK\"]"}
RESULT: {"using":"xpath","value":"//bdi[text()=\"OK\"]"}
COMMAND: POST /session/a61471faa2a572325c8c01ea6c194ba1/elements - {"using":"xpath","value":"//bdi[text()=\"OK\"]"}
RESULT: {"using":"xpath","value":"//bdi[text()=\"OK\"]"}
COMMAND: POST /session/a61471faa2a572325c8c01ea6c194ba1/elements - {"using":"xpath","value":"//bdi[text()=\"OK\"]"}
RESULT: {"using":"xpath","value":"//bdi[text()=\"OK\"]"}
COMMAND: POST /session/a61471faa2a572325c8c01ea6c194ba1/elements - {"using":"xpath","value":"//bdi[text()=\"OK\"]"}
RESULT: {"using":"xpath","value":"//bdi[text()=\"OK\"]"}
COMMAND: POST /session/a61471faa2a572325c8c01ea6c194ba1/elements - {"using":"xpath","value":"//bdi[text()=\"OK\"]"}
RESULT: {"using":"xpath","value":"//bdi[text()=\"OK\"]"}
COMMAND: POST /session/a61471faa2a572325c8c01ea6c194ba1/elements - {"using":"xpath","value":"//bdi[text()=\"OK\"]"}
RESULT: {"using":"xpath","value":"//bdi[text()=\"OK\"]"}
COMMAND: POST /session/a61471faa2a572325c8c01ea6c194ba1/elements - {"using":"xpath","value":"//bdi[text()=\"OK\"]"}
RESULT: {"using":"xpath","value":"//bdi[text()=\"OK\"]"}
COMMAND: POST /session/a61471faa2a572325c8c01ea6c194ba1/elements - {"using":"xpath","value":"//bdi[text()=\"OK\"]"}
RESULT: {"using":"xpath","value":"//bdi[text()=\"OK\"]"}
COMMAND: POST /session/a61471faa2a572325c8c01ea6c194ba1/elements - {"using":"xpath","value":"//bdi[text()=\"OK\"]"}
RESULT: {"using":"xpath","value":"//bdi[text()=\"OK\"]"}
COMMAND: POST /session/a61471faa2a572325c8c01ea6c194ba1/elements - {"using":"xpath","value":"//bdi[text()=\"OK\"]"}
RESULT: {"using":"xpath","value":"//bdi[text()=\"OK\"]"}
COMMAND: POST /session/a61471faa2a572325c8c01ea6c194ba1/elements - {"using":"xpath","value":"//bdi[text()=\"OK\"]"}
RESULT: {"using":"xpath","value":"//bdi[text()=\"OK\"]"}
COMMAND: POST /session/a61471faa2a572325c8c01ea6c194ba1/elements - {"using":"xpath","value":"//bdi[text()=\"OK\"]"}
RESULT: {"using":"xpath","value":"//bdi[text()=\"OK\"]"}
COMMAND: POST /session/a61471faa2a572325c8c01ea6c194ba1/elements - {"using":"xpath","value":"//bdi[text()=\"OK\"]"}
RESULT: {"using":"xpath","value":"//bdi[text()=\"OK\"]"}
COMMAND: POST /session/a61471faa2a572325c8c01ea6c194ba1/elements - {"using":"xpath","value":"//bdi[text()=\"OK\"]"}
RESULT: {"using":"xpath","value":"//bdi[text()=\"OK\"]"}
COMMAND: POST /session/a61471faa2a572325c8c01ea6c194ba1/elements - {"using":"xpath","value":"//bdi[text()=\"OK\"]"}
RESULT: {"using":"xpath","value":"//bdi[text()=\"OK\"]"}
COMMAND: POST /session/a61471faa2a572325c8c01ea6c194ba1/elements - {"using":"xpath","value":"//bdi[text()=\"OK\"]"}
RESULT: {"using":"xpath","value":"//bdi[text()=\"OK\"]"}
COMMAND: POST /session/a61471faa2a572325c8c01ea6c194ba1/elements - {"using":"xpath","value":"//bdi[text()=\"OK\"]"}
RESULT: {"using":"xpath","value":"//bdi[text()=\"OK\"]"}
COMMAND: POST /session/a61471faa2a572325c8c01ea6c194ba1/elements - {"using":"xpath","value":"//bdi[text()=\"OK\"]"}
RESULT: {"using":"xpath","value":"//bdi[text()=\"OK\"]"}
COMMAND: POST /session/a61471faa2a572325c8c01ea6c194ba1/elements - {"using":"xpath","value":"//bdi[text()=\"OK\"]"}
RESULT: {"using":"xpath","value":"//bdi[text()=\"OK\"]"}
COMMAND: POST /session/a61471faa2a572325c8c01ea6c194ba1/elements - {"using":"xpath","value":"//bdi[text()=\"OK\"]"}
RESULT: {"using":"xpath","value":"//bdi[text()=\"OK\"]"}
COMMAND: POST /session/a61471faa2a572325c8c01ea6c194ba1/elements - {"using":"xpath","value":"//bdi[text()=\"OK\"]"}
RESULT: {"using":"xpath","value":"//bdi[text()=\"OK\"]"}
COMMAND: POST /session/a61471faa2a572325c8c01ea6c194ba1/elements - {"using":"xpath","value":"//bdi[text()=\"OK\"]"}
RESULT: {"using":"xpath","value":"//bdi[text()=\"OK\"]"}
COMMAND: POST /session/a61471faa2a572325c8c01ea6c194ba1/elements - {"using":"xpath","value":"//bdi[text()=\"OK\"]"}
COMMAND: POST /session/a61471faa2a572325c8c01ea6c194ba1/execute/async - {"script":"<script> [1562 bytes]","args":[{"selector":{"id":"application-manageresources-display-component---newResourceUnit--TYPE-arrow"},"wdio_ui5_key":"applicationmanageresources-display-component---newResourceUnit--TYPE-arrow"}]}
RESULT: {"using":"xpath","value":"//bdi[text()=\"OK\"]"}
RESULT: {"script":"<script> [1562 bytes]","args":[{"selector":{"id":"application-manageresources-display-component---newResourceUnit--TYPE-arrow"},"wdio_ui5_key":"applicationmanageresources-display-component---newResourceUnit--TYPE-arrow"}]}
RESULT: undefined
COMMAND: POST /session/a61471faa2a572325c8c01ea6c194ba1/element - {"using":"xpath","value":"//*[@id=\"application-manageresources-display-component---newResourceUnit--TYPE-arrow\"]"}
RESULT: {"using":"xpath","value":"//*[@id=\"application-manageresources-display-component---newResourceUnit--TYPE-arrow\"]"}
COMMAND: POST /session/a61471faa2a572325c8c01ea6c194ba1/element/f.E650C83CD3BCDAFFADB668DA9E39007C.d.563A8597833A7D8884EBFBAFCEC0E9AE.e.6799/click - {}
RESULT: {}
COMMAND: POST /session/a61471faa2a572325c8c01ea6c194ba1/execute/async - {"script":"<script> [1562 bytes]","args":[{"selector":{"controlType":"sap.m.StandardListItem","viewName":"reusables.view.manageresources.NewResourceUnit","viewId":"application-manageresources-display-component---newResourceUnit","properties":{"title":"Material"},"searchOpenDialogs":true,"interaction":{"idSuffix":"titleText"}},"wdio_ui5_key":"reusablesview.manageresources.NewResourceUnitsap.m.StandardListItem{\"title\":\"Material\"}"}]}
COMMAND: GET /session/a61471faa2a572325c8c01ea6c194ba1/screenshot - {}
RESULT: {"script":"<script> [1562 bytes]","args":[{"selector":{"controlType":"sap.m.StandardListItem","viewName":"reusables.view.manageresources.NewResourceUnit","viewId":"application-manageresources-display-component---newResourceUnit","properties":{"title":"Material"},"searchOpenDialogs":true,"interaction":{"idSuffix":"titleText"}},"wdio_ui5_key":"reusablesview.manageresources.NewResourceUnitsap.m.StandardListItem{\"title\":\"Material\"}"}]}
RESULT: undefined
COMMAND: POST /session/a61471faa2a572325c8c01ea6c194ba1/element - {"using":"xpath","value":"//*[@id=\"__item147\"]"}
RESULT: {}
RESULT: {"using":"xpath","value":"//*[@id=\"__item147\"]"}
COMMAND: POST /session/a61471faa2a572325c8c01ea6c194ba1/element/f.E650C83CD3BCDAFFADB668DA9E39007C.d.563A8597833A7D8884EBFBAFCEC0E9AE.e.6802/click - {}
RESULT: {}
COMMAND: POST /session/a61471faa2a572325c8c01ea6c194ba1/execute/async - {"script":"<script> [1562 bytes]","args":[{"selector":{"id":"application-manageresources-display-component---newResourceUnit--SHORT_TEXT","interaction":{"idSuffix":"inner"}},"wdio_ui5_key":"applicationmanageresources-display-component---newResourceUnit--SHORT_TEXT"}]}
COMMAND: GET /session/a61471faa2a572325c8c01ea6c194ba1/screenshot - {}
RESULT: undefined
RESULT: {"script":"<script> [1562 bytes]","args":[{"selector":{"id":"application-manageresources-display-component---newResourceUnit--SHORT_TEXT","interaction":{"idSuffix":"inner"}},"wdio_ui5_key":"applicationmanageresources-display-component---newResourceUnit--SHORT_TEXT"}]}
RESULT: undefined
COMMAND: POST /session/a61471faa2a572325c8c01ea6c194ba1/execute/async - {"script":"<script> [776 bytes]","args":[{"enterText":"WebdriverWHM_RU R2Ccvh9m","selector":{"id":"application-manageresources-display-component---newResourceUnit--SHORT_TEXT","interaction":{"idSuffix":"inner"}},"clearTextFirst":true,"interactionType":"ENTER_TEXT"}]}
RESULT: {}
RESULT: {"script":"<script> [776 bytes]","args":[{"enterText":"WebdriverWHM_RU R2Ccvh9m","selector":{"id":"application-manageresources-display-component---newResourceUnit--SHORT_TEXT","interaction":{"idSuffix":"inner"}},"clearTextFirst":true,"interactionType":"ENTER_TEXT"}]}
COMMAND: POST /session/a61471faa2a572325c8c01ea6c194ba1/execute/async - {"script":"<script> [1562 bytes]","args":[{"selector":{"id":"application-manageresources-display-component---newResourceUnit--BASE_UNIT_OF_MEASURE-arrow"},"wdio_ui5_key":"applicationmanageresources-display-component---newResourceUnit--BASE_UNIT_OF_MEASURE-arrow"}]}
RESULT: {"script":"<script> [1562 bytes]","args":[{"selector":{"id":"application-manageresources-display-component---newResourceUnit--BASE_UNIT_OF_MEASURE-arrow"},"wdio_ui5_key":"applicationmanageresources-display-component---newResourceUnit--BASE_UNIT_OF_MEASURE-arrow"}]}
RESULT: undefined
COMMAND: POST /session/a61471faa2a572325c8c01ea6c194ba1/element - {"using":"xpath","value":"//*[@id=\"application-manageresources-display-component---newResourceUnit--BASE_UNIT_OF_MEASURE-arrow\"]"}
RESULT: {"using":"xpath","value":"//*[@id=\"application-manageresources-display-component---newResourceUnit--BASE_UNIT_OF_MEASURE-arrow\"]"}
COMMAND: POST /session/a61471faa2a572325c8c01ea6c194ba1/element/f.E650C83CD3BCDAFFADB668DA9E39007C.d.563A8597833A7D8884EBFBAFCEC0E9AE.e.6926/click - {}
RESULT: {}
COMMAND: POST /session/a61471faa2a572325c8c01ea6c194ba1/execute/async - {"script":"<script> [1562 bytes]","args":[{"selector":{"controlType":"sap.m.StandardListItem","viewName":"reusables.view.manageresources.NewResourceUnit","viewId":"application-manageresources-display-component---newResourceUnit","properties":{"title":"Piece"},"searchOpenDialogs":true,"interaction":{"idSuffix":"content"}},"wdio_ui5_key":"reusablesview.manageresources.NewResourceUnitsap.m.StandardListItem{\"title\":\"Piece\"}"}]}
COMMAND: GET /session/a61471faa2a572325c8c01ea6c194ba1/screenshot - {}
RESULT: {"script":"<script> [1562 bytes]","args":[{"selector":{"controlType":"sap.m.StandardListItem","viewName":"reusables.view.manageresources.NewResourceUnit","viewId":"application-manageresources-display-component---newResourceUnit","properties":{"title":"Piece"},"searchOpenDialogs":true,"interaction":{"idSuffix":"content"}},"wdio_ui5_key":"reusablesview.manageresources.NewResourceUnitsap.m.StandardListItem{\"title\":\"Piece\"}"}]}
RESULT: undefined
COMMAND: POST /session/a61471faa2a572325c8c01ea6c194ba1/element - {"using":"xpath","value":"//*[@id=\"__item200\"]"}
RESULT: {}
RESULT: {"using":"xpath","value":"//*[@id=\"__item200\"]"}
COMMAND: POST /session/a61471faa2a572325c8c01ea6c194ba1/element/f.E650C83CD3BCDAFFADB668DA9E39007C.d.563A8597833A7D8884EBFBAFCEC0E9AE.e.6928/click - {}
RESULT: {}
COMMAND: POST /session/a61471faa2a572325c8c01ea6c194ba1/execute/async - {"script":"<script> [1562 bytes]","args":[{"selector":{"id":"application-manageresources-display-component---newResourceUnit--WEIGHT_UNIT-arrow"},"wdio_ui5_key":"applicationmanageresources-display-component---newResourceUnit--WEIGHT_UNIT-arrow"}]}
COMMAND: GET /session/a61471faa2a572325c8c01ea6c194ba1/screenshot - {}
RESULT: {"script":"<script> [1562 bytes]","args":[{"selector":{"id":"application-manageresources-display-component---newResourceUnit--WEIGHT_UNIT-arrow"},"wdio_ui5_key":"applicationmanageresources-display-component---newResourceUnit--WEIGHT_UNIT-arrow"}]}
RESULT: undefined
COMMAND: POST /session/a61471faa2a572325c8c01ea6c194ba1/element - {"using":"xpath","value":"//*[@id=\"application-manageresources-display-component---newResourceUnit--WEIGHT_UNIT-arrow\"]"}
RESULT: {}
RESULT: {"using":"xpath","value":"//*[@id=\"application-manageresources-display-component---newResourceUnit--WEIGHT_UNIT-arrow\"]"}
COMMAND: POST /session/a61471faa2a572325c8c01ea6c194ba1/element/f.E650C83CD3BCDAFFADB668DA9E39007C.d.563A8597833A7D8884EBFBAFCEC0E9AE.e.6929/click - {}
RESULT: {}
COMMAND: POST /session/a61471faa2a572325c8c01ea6c194ba1/execute/async - {"script":"<script> [1562 bytes]","args":[{"selector":{"controlType":"sap.m.StandardListItem","viewName":"reusables.view.manageresources.NewResourceUnit","viewId":"application-manageresources-display-component---newResourceUnit","properties":{"title":"Gram"},"searchOpenDialogs":true,"interaction":{"idSuffix":"content"}},"wdio_ui5_key":"reusablesview.manageresources.NewResourceUnitsap.m.StandardListItem{\"title\":\"Gram\"}"}]}
COMMAND: GET /session/a61471faa2a572325c8c01ea6c194ba1/screenshot - {}
RESULT: {"script":"<script> [1562 bytes]","args":[{"selector":{"controlType":"sap.m.StandardListItem","viewName":"reusables.view.manageresources.NewResourceUnit","viewId":"application-manageresources-display-component---newResourceUnit","properties":{"title":"Gram"},"searchOpenDialogs":true,"interaction":{"idSuffix":"content"}},"wdio_ui5_key":"reusablesview.manageresources.NewResourceUnitsap.m.StandardListItem{\"title\":\"Gram\"}"}]}
RESULT: undefined
COMMAND: POST /session/a61471faa2a572325c8c01ea6c194ba1/element - {"using":"xpath","value":"//*[@id=\"__item265\"]"}
RESULT: {}
RESULT: {"using":"xpath","value":"//*[@id=\"__item265\"]"}
COMMAND: POST /session/a61471faa2a572325c8c01ea6c194ba1/element/f.E650C83CD3BCDAFFADB668DA9E39007C.d.563A8597833A7D8884EBFBAFCEC0E9AE.e.6931/click - {}
RESULT: {}
COMMAND: GET /session/a61471faa2a572325c8c01ea6c194ba1/screenshot - {}
RESULT: {}
COMMAND: POST /session/a61471faa2a572325c8c01ea6c194ba1/execute/async - {"script":"<script> [1562 bytes]","args":[{"selector":{"id":"application-manageresources-display-component---newResourceUnit--newRRUPage-OPHeaderContent-collapseBtn-img"},"wdio_ui5_key":"applicationmanageresources-display-component---newResourceUnit--newRRUPage-OPHeaderContent-collapseBtn-img"}]}
RESULT: {"script":"<script> [1562 bytes]","args":[{"selector":{"id":"application-manageresources-display-component---newResourceUnit--newRRUPage-OPHeaderContent-collapseBtn-img"},"wdio_ui5_key":"applicationmanageresources-display-component---newResourceUnit--newRRUPage-OPHeaderContent-collapseBtn-img"}]}
RESULT: undefined
COMMAND: POST /session/a61471faa2a572325c8c01ea6c194ba1/element - {"using":"xpath","value":"//*[@id=\"application-manageresources-display-component---newResourceUnit--newRRUPage-OPHeaderContent-collapseBtn-img\"]"}
RESULT: {"using":"xpath","value":"//*[@id=\"application-manageresources-display-component---newResourceUnit--newRRUPage-OPHeaderContent-collapseBtn-img\"]"}
COMMAND: POST /session/a61471faa2a572325c8c01ea6c194ba1/element/f.E650C83CD3BCDAFFADB668DA9E39007C.d.563A8597833A7D8884EBFBAFCEC0E9AE.e.6810/click - {}
RESULT: {}
COMMAND: GET /session/a61471faa2a572325c8c01ea6c194ba1/screenshot - {}
RESULT: {}
COMMAND: POST /session/a61471faa2a572325c8c01ea6c194ba1/element - {"using":"xpath","value":"(//span[contains(@id ,\"application-manageresources-display-component---newResourceUnit--DIMENSION_UNIT-arrow\")])[1]"}
RESULT: {"using":"xpath","value":"(//span[contains(@id ,\"application-manageresources-display-component---newResourceUnit--DIMENSION_UNIT-arrow\")])[1]"}
COMMAND: POST /session/a61471faa2a572325c8c01ea6c194ba1/element/f.E650C83CD3BCDAFFADB668DA9E39007C.d.563A8597833A7D8884EBFBAFCEC0E9AE.e.6937/click - {}
RESULT: {}
COMMAND: GET /session/a61471faa2a572325c8c01ea6c194ba1/screenshot - {}
RESULT: {}
COMMAND: POST /session/a61471faa2a572325c8c01ea6c194ba1/execute/async - {"script":"<script> [1562 bytes]","args":[{"selector":{"controlType":"sap.m.StandardListItem","viewName":"reusables.view.manageresources.NewResourceUnit","viewId":"application-manageresources-display-component---newResourceUnit","properties":{"title":"Centimeter"},"searchOpenDialogs":true,"interaction":{"idSuffix":"titleText"}},"wdio_ui5_key":"reusablesview.manageresources.NewResourceUnitsap.m.StandardListItem{\"title\":\"Centimeter\"}"}]}
RESULT: {"script":"<script> [1562 bytes]","args":[{"selector":{"controlType":"sap.m.StandardListItem","viewName":"reusables.view.manageresources.NewResourceUnit","viewId":"application-manageresources-display-component---newResourceUnit","properties":{"title":"Centimeter"},"searchOpenDialogs":true,"interaction":{"idSuffix":"titleText"}},"wdio_ui5_key":"reusablesview.manageresources.NewResourceUnitsap.m.StandardListItem{\"title\":\"Centimeter\"}"}]}
RESULT: undefined
COMMAND: POST /session/a61471faa2a572325c8c01ea6c194ba1/element - {"using":"xpath","value":"//*[@id=\"__item268\"]"}
RESULT: {"using":"xpath","value":"//*[@id=\"__item268\"]"}
COMMAND: POST /session/a61471faa2a572325c8c01ea6c194ba1/element/f.E650C83CD3BCDAFFADB668DA9E39007C.d.563A8597833A7D8884EBFBAFCEC0E9AE.e.6939/click - {}
RESULT: {}
COMMAND: GET /session/a61471faa2a572325c8c01ea6c194ba1/screenshot - {}
RESULT: {}
COMMAND: POST /session/a61471faa2a572325c8c01ea6c194ba1/execute/async - {"script":"<script> [1562 bytes]","args":[{"selector":{"id":"application-manageresources-display-component---newResourceUnit--newRRUPage-anchBar-application-manageresources-display-component---newResourceUnit--reference-anchor","interaction":{"idSuffix":"BDI-content"}},"wdio_ui5_key":"applicationmanageresources-display-component---newResourceUnit--newRRUPage-anchBar-application-manageresources-display-component---newResourceUnit--reference-anchor"}]}
RESULT: {"script":"<script> [1562 bytes]","args":[{"selector":{"id":"application-manageresources-display-component---newResourceUnit--newRRUPage-anchBar-application-manageresources-display-component---newResourceUnit--reference-anchor","interaction":{"idSuffix":"BDI-content"}},"wdio_ui5_key":"applicationmanageresources-display-component---newResourceUnit--newRRUPage-anchBar-application-manageresources-display-component---newResourceUnit--reference-anchor"}]}
RESULT: undefined
COMMAND: POST /session/a61471faa2a572325c8c01ea6c194ba1/element - {"using":"xpath","value":"//*[@id=\"application-manageresources-display-component---newResourceUnit--newRRUPage-anchBar-application-manageresources-display-component---newResourceUnit--reference-anchor\"]"}
RESULT: {"using":"xpath","value":"//*[@id=\"application-manageresources-display-component---newResourceUnit--newRRUPage-anchBar-application-manageresources-display-component---newResourceUnit--reference-anchor\"]"}
COMMAND: POST /session/a61471faa2a572325c8c01ea6c194ba1/element/f.E650C83CD3BCDAFFADB668DA9E39007C.d.563A8597833A7D8884EBFBAFCEC0E9AE.e.6941/click - {}
RESULT: {}
COMMAND: POST /session/a61471faa2a572325c8c01ea6c194ba1/execute/async - {"script":"<script> [1562 bytes]","args":[{"selector":{"id":"application-manageresources-display-component---newResourceUnit--PLANNING_GROUP-arrow"},"wdio_ui5_key":"applicationmanageresources-display-component---newResourceUnit--PLANNING_GROUP-arrow"}]}
COMMAND: GET /session/a61471faa2a572325c8c01ea6c194ba1/screenshot - {}
RESULT: {"script":"<script> [1562 bytes]","args":[{"selector":{"id":"application-manageresources-display-component---newResourceUnit--PLANNING_GROUP-arrow"},"wdio_ui5_key":"applicationmanageresources-display-component---newResourceUnit--PLANNING_GROUP-arrow"}]}
RESULT: undefined
COMMAND: POST /session/a61471faa2a572325c8c01ea6c194ba1/element - {"using":"xpath","value":"//*[@id=\"application-manageresources-display-component---newResourceUnit--PLANNING_GROUP-arrow\"]"}
RESULT: {}
RESULT: {"using":"xpath","value":"//*[@id=\"application-manageresources-display-component---newResourceUnit--PLANNING_GROUP-arrow\"]"}
COMMAND: POST /session/a61471faa2a572325c8c01ea6c194ba1/element/f.E650C83CD3BCDAFFADB668DA9E39007C.d.563A8597833A7D8884EBFBAFCEC0E9AE.e.6945/click - {}
RESULT: {}
COMMAND: POST /session/a61471faa2a572325c8c01ea6c194ba1/execute/async - {"script":"<script> [1562 bytes]","args":[{"selector":{"controlType":"sap.m.StandardListItem","viewName":"reusables.view.manageresources.NewResourceUnit","viewId":"application-manageresources-display-component---newResourceUnit","properties":{"title":"Heavy Equi"},"searchOpenDialogs":true,"interaction":{"idSuffix":"content"}},"wdio_ui5_key":"reusablesview.manageresources.NewResourceUnitsap.m.StandardListItem{\"title\":\"Heavy Equi\"}"}]}
COMMAND: GET /session/a61471faa2a572325c8c01ea6c194ba1/screenshot - {}
RESULT: {"script":"<script> [1562 bytes]","args":[{"selector":{"controlType":"sap.m.StandardListItem","viewName":"reusables.view.manageresources.NewResourceUnit","viewId":"application-manageresources-display-component---newResourceUnit","properties":{"title":"Heavy Equi"},"searchOpenDialogs":true,"interaction":{"idSuffix":"content"}},"wdio_ui5_key":"reusablesview.manageresources.NewResourceUnitsap.m.StandardListItem{\"title\":\"Heavy Equi\"}"}]}
RESULT: undefined
COMMAND: POST /session/a61471faa2a572325c8c01ea6c194ba1/element - {"using":"xpath","value":"//*[@id=\"__item276\"]"}
RESULT: {}
RESULT: {"using":"xpath","value":"//*[@id=\"__item276\"]"}
COMMAND: POST /session/a61471faa2a572325c8c01ea6c194ba1/element/f.E650C83CD3BCDAFFADB668DA9E39007C.d.563A8597833A7D8884EBFBAFCEC0E9AE.e.6947/click - {}
RESULT: {}
COMMAND: GET /session/a61471faa2a572325c8c01ea6c194ba1/screenshot - {}
RESULT: {}
COMMAND: POST /session/a61471faa2a572325c8c01ea6c194ba1/execute/async - {"script":"<script> [1562 bytes]","args":[{"selector":{"id":"application-manageresources-display-component---newResourceUnit--PLANNING_INDICATOR-arrow"},"wdio_ui5_key":"applicationmanageresources-display-component---newResourceUnit--PLANNING_INDICATOR-arrow"}]}
RESULT: {"script":"<script> [1562 bytes]","args":[{"selector":{"id":"application-manageresources-display-component---newResourceUnit--PLANNING_INDICATOR-arrow"},"wdio_ui5_key":"applicationmanageresources-display-component---newResourceUnit--PLANNING_INDICATOR-arrow"}]}
RESULT: undefined
COMMAND: POST /session/a61471faa2a572325c8c01ea6c194ba1/element - {"using":"xpath","value":"//*[@id=\"application-manageresources-display-component---newResourceUnit--PLANNING_INDICATOR-arrow\"]"}
RESULT: {"using":"xpath","value":"//*[@id=\"application-manageresources-display-component---newResourceUnit--PLANNING_INDICATOR-arrow\"]"}
COMMAND: POST /session/a61471faa2a572325c8c01ea6c194ba1/element/f.E650C83CD3BCDAFFADB668DA9E39007C.d.563A8597833A7D8884EBFBAFCEC0E9AE.e.6948/click - {}
RESULT: {}
COMMAND: POST /session/a61471faa2a572325c8c01ea6c194ba1/execute/async - {"script":"<script> [1562 bytes]","args":[{"selector":{"controlType":"sap.m.StandardListItem","viewName":"reusables.view.manageresources.NewResourceUnit","viewId":"application-manageresources-display-component---newResourceUnit","properties":{"title":"10 - infinite"},"searchOpenDialogs":true,"interaction":{"idSuffix":"content"}},"wdio_ui5_key":"reusablesview.manageresources.NewResourceUnitsap.m.StandardListItem{\"title\":\"10 - infinite\"}"}]}
COMMAND: GET /session/a61471faa2a572325c8c01ea6c194ba1/screenshot - {}
RESULT: {"script":"<script> [1562 bytes]","args":[{"selector":{"controlType":"sap.m.StandardListItem","viewName":"reusables.view.manageresources.NewResourceUnit","viewId":"application-manageresources-display-component---newResourceUnit","properties":{"title":"10 - infinite"},"searchOpenDialogs":true,"interaction":{"idSuffix":"content"}},"wdio_ui5_key":"reusablesview.manageresources.NewResourceUnitsap.m.StandardListItem{\"title\":\"10 - infinite\"}"}]}
RESULT: undefined
COMMAND: POST /session/a61471faa2a572325c8c01ea6c194ba1/element - {"using":"xpath","value":"//*[@id=\"__item286\"]"}
RESULT: {}
RESULT: {"using":"xpath","value":"//*[@id=\"__item286\"]"}
COMMAND: POST /session/a61471faa2a572325c8c01ea6c194ba1/element/f.E650C83CD3BCDAFFADB668DA9E39007C.d.563A8597833A7D8884EBFBAFCEC0E9AE.e.6950/click - {}
RESULT: {}
COMMAND: GET /session/a61471faa2a572325c8c01ea6c194ba1/screenshot - {}
RESULT: {}
COMMAND: POST /session/a61471faa2a572325c8c01ea6c194ba1/element - {"using":"xpath","value":"//bdi[contains(text(), \"Time Segment\")]"}
RESULT: {"using":"xpath","value":"//bdi[contains(text(), \"Time Segment\")]"}
COMMAND: GET /session/a61471faa2a572325c8c01ea6c194ba1/element/f.E650C83CD3BCDAFFADB668DA9E39007C.d.563A8597833A7D8884EBFBAFCEC0E9AE.e.6951/rect - {}
RESULT: {}
COMMAND: GET /session/a61471faa2a572325c8c01ea6c194ba1/window/rect - {}
RESULT: {}
COMMAND: POST /session/a61471faa2a572325c8c01ea6c194ba1/execute/sync - {"script":"<script> [92 bytes]","args":[]}
RESULT: {"script":"<script> [92 bytes]","args":[]}
COMMAND: POST /session/a61471faa2a572325c8c01ea6c194ba1/actions - {"actions":[{"id":"action18","type":"wheel","parameters":{},"actions":[{"type":"scroll","x":-1804,"y":-21,"deltaX":0,"deltaY":0,"duration":0,"origin":{"element-6066-11e4-a52e-4f735466cecf":"f.E650C83CD3BCDAFFADB668DA9E39007C.d.563A8597833A7D8884EBFBAFCEC0E9AE.e.6951"}}]}]}
COMMAND: GET /session/a61471faa2a572325c8c01ea6c194ba1/screenshot - {}
RESULT: {}
COMMAND: POST /session/a61471faa2a572325c8c01ea6c194ba1/execute/sync - {"script":"<script> [79 bytes]","args":[{"element-6066-11e4-a52e-4f735466cecf":"f.E650C83CD3BCDAFFADB668DA9E39007C.d.563A8597833A7D8884EBFBAFCEC0E9AE.e.6951","ELEMENT":"f.E650C83CD3BCDAFFADB668DA9E39007C.d.563A8597833A7D8884EBFBAFCEC0E9AE.e.6951"},{"block":"start","inline":"nearest"}]}
RESULT: {"script":"<script> [79 bytes]","args":[{"element-6066-11e4-a52e-4f735466cecf":"f.E650C83CD3BCDAFFADB668DA9E39007C.d.563A8597833A7D8884EBFBAFCEC0E9AE.e.6951","ELEMENT":"f.E650C83CD3BCDAFFADB668DA9E39007C.d.563A8597833A7D8884EBFBAFCEC0E9AE.e.6951"},{"block":"start","inline":"nearest"}]}
COMMAND: GET /session/a61471faa2a572325c8c01ea6c194ba1/screenshot - {}
RESULT: {}
COMMAND: POST /session/a61471faa2a572325c8c01ea6c194ba1/element - {"using":"xpath","value":"//span[@id=\"application-manageresources-display-component---newResourceUnit--btnAddTimeSegment-img\"]"}
RESULT: {"using":"xpath","value":"//span[@id=\"application-manageresources-display-component---newResourceUnit--btnAddTimeSegment-img\"]"}
COMMAND: POST /session/a61471faa2a572325c8c01ea6c194ba1/execute/sync - {"script":"<script> [8489 bytes]","args":[{"element-6066-11e4-a52e-4f735466cecf":"f.E650C83CD3BCDAFFADB668DA9E39007C.d.563A8597833A7D8884EBFBAFCEC0E9AE.e.6954","ELEMENT":"f.E650C83CD3BCDAFFADB668DA9E39007C.d.563A8597833A7D8884EBFBAFCEC0E9AE.e.6954"}]}
RESULT: {"script":"<script> [8489 bytes]","args":[{"element-6066-11e4-a52e-4f735466cecf":"f.E650C83CD3BCDAFFADB668DA9E39007C.d.563A8597833A7D8884EBFBAFCEC0E9AE.e.6954","ELEMENT":"f.E650C83CD3BCDAFFADB668DA9E39007C.d.563A8597833A7D8884EBFBAFCEC0E9AE.e.6954"}]}
COMMAND: POST /session/a61471faa2a572325c8c01ea6c194ba1/element/f.E650C83CD3BCDAFFADB668DA9E39007C.d.563A8597833A7D8884EBFBAFCEC0E9AE.e.6954/click - {}
COMMAND: GET /session/a61471faa2a572325c8c01ea6c194ba1/screenshot - {}
RESULT: {}
COMMAND: GET /session/a61471faa2a572325c8c01ea6c194ba1/screenshot - {}
COMMAND: POST /session/a61471faa2a572325c8c01ea6c194ba1/element - {"using":"xpath","value":"//input[@id=\"application-manageresources-display-component---newResourceUnit--idRuTSAdmin-application-manageresources-display-component---newResourceUnit--RUTimeSegment-0-inner\"]"}
RESULT: {}
RESULT: {}
RESULT: {"using":"xpath","value":"//input[@id=\"application-manageresources-display-component---newResourceUnit--idRuTSAdmin-application-manageresources-display-component---newResourceUnit--RUTimeSegment-0-inner\"]"}
COMMAND: POST /session/a61471faa2a572325c8c01ea6c194ba1/element/f.E650C83CD3BCDAFFADB668DA9E39007C.d.563A8597833A7D8884EBFBAFCEC0E9AE.e.6957/clear - {}
RESULT: {}
COMMAND: POST /session/a61471faa2a572325c8c01ea6c194ba1/element/f.E650C83CD3BCDAFFADB668DA9E39007C.d.563A8597833A7D8884EBFBAFCEC0E9AE.e.6957/value - {"text":"259"}
COMMAND: GET /session/a61471faa2a572325c8c01ea6c194ba1/screenshot - {}
RESULT: {"text":"259"}
COMMAND: GET /session/a61471faa2a572325c8c01ea6c194ba1/screenshot - {}
RESULT: {}
RESULT: {}
COMMAND: POST /session/a61471faa2a572325c8c01ea6c194ba1/actions - {"actions":[{"id":"action19","type":"key","parameters":{},"actions":[{"type":"keyDown","value":""},{"type":"pause","duration":10},{"type":"keyUp","value":""}]}]}
RESULT: {"actions":[{"id":"action19","type":"key","parameters":{},"actions":[{"type":"keyDown","value":""},{"type":"pause","duration":10},{"type":"keyUp","value":""}]}]}
COMMAND: POST /session/a61471faa2a572325c8c01ea6c194ba1/execute/async - {"script":"<script> [1562 bytes]","args":[{"selector":{"controlType":"sap.m.Button","viewName":"reusables.view.manageresources.NewResourceUnit","viewId":"application-manageresources-display-component---newResourceUnit","i18NText":{"propertyName":"tooltip","key":"save"},"interaction":{"idSuffix":"BDI-content"}},"wdio_ui5_key":"reusablesview.manageresources.NewResourceUnitsap.m.Button{\"propertyName\":\"tooltip\",\"key\":\"save\"}"}]}
COMMAND: GET /session/a61471faa2a572325c8c01ea6c194ba1/screenshot - {}
RESULT: {"script":"<script> [1562 bytes]","args":[{"selector":{"controlType":"sap.m.Button","viewName":"reusables.view.manageresources.NewResourceUnit","viewId":"application-manageresources-display-component---newResourceUnit","i18NText":{"propertyName":"tooltip","key":"save"},"interaction":{"idSuffix":"BDI-content"}},"wdio_ui5_key":"reusablesview.manageresources.NewResourceUnitsap.m.Button{\"propertyName\":\"tooltip\",\"key\":\"save\"}"}]}
RESULT: undefined
COMMAND: POST /session/a61471faa2a572325c8c01ea6c194ba1/element - {"using":"xpath","value":"//*[@id=\"application-manageresources-display-component---newResourceUnit--createRuButton\"]"}
RESULT: {}
RESULT: {"using":"xpath","value":"//*[@id=\"application-manageresources-display-component---newResourceUnit--createRuButton\"]"}
COMMAND: POST /session/a61471faa2a572325c8c01ea6c194ba1/element/f.E650C83CD3BCDAFFADB668DA9E39007C.d.563A8597833A7D8884EBFBAFCEC0E9AE.e.6816/click - {}
RESULT: {}
COMMAND: GET /session/a61471faa2a572325c8c01ea6c194ba1/screenshot - {}
RESULT: {}
COMMAND: POST /session/a61471faa2a572325c8c01ea6c194ba1/execute/async - {"script":"<script> [1562 bytes]","args":[{"selector":{"controlType":"sap.m.Title","properties":{"text":"Success"},"searchOpenDialogs":true},"wdio_ui5_key":"sapm.Title{\"text\":\"Success\"}"}]}
RESULT: {"script":"<script> [1562 bytes]","args":[{"selector":{"controlType":"sap.m.Title","properties":{"text":"Success"},"searchOpenDialogs":true},"wdio_ui5_key":"sapm.Title{\"text\":\"Success\"}"}]}
RESULT: undefined
COMMAND: POST /session/a61471faa2a572325c8c01ea6c194ba1/execute/async - {"script":"<script> [6424 bytes]","args":[{"element-6066-11e4-a52e-4f735466cecf":"f.E650C83CD3BCDAFFADB668DA9E39007C.d.563A8597833A7D8884EBFBAFCEC0E9AE.e.6972"},"getText",[]]}
RESULT: {"script":"<script> [6424 bytes]","args":[{"element-6066-11e4-a52e-4f735466cecf":"f.E650C83CD3BCDAFFADB668DA9E39007C.d.563A8597833A7D8884EBFBAFCEC0E9AE.e.6972"},"getText",[]]}
COMMAND: POST /session/a61471faa2a572325c8c01ea6c194ba1/element - {"using":"xpath","value":"//*[contains(@id, '__text') and (contains(text(), 'successfully created') or contains(., 'successfully created'))]"}
RESULT: {"using":"xpath","value":"//*[contains(@id, '__text') and (contains(text(), 'successfully created') or contains(., 'successfully created'))]"}
COMMAND: GET /session/a61471faa2a572325c8c01ea6c194ba1/element/f.E650C83CD3BCDAFFADB668DA9E39007C.d.563A8597833A7D8884EBFBAFCEC0E9AE.e.6971/text - {}
RESULT: {}
COMMAND: POST /session/a61471faa2a572325c8c01ea6c194ba1/execute/async - {"script":"<script> [1562 bytes]","args":[{"selector":{"controlType":"sap.m.Button","properties":{"text":"Close"},"searchOpenDialogs":true,"interaction":{"idSuffix":"BDI-content"}},"wdio_ui5_key":"sapm.Button{\"text\":\"Close\"}"}]}
RESULT: {"script":"<script> [1562 bytes]","args":[{"selector":{"controlType":"sap.m.Button","properties":{"text":"Close"},"searchOpenDialogs":true,"interaction":{"idSuffix":"BDI-content"}},"wdio_ui5_key":"sapm.Button{\"text\":\"Close\"}"}]}
RESULT: undefined
COMMAND: POST /session/a61471faa2a572325c8c01ea6c194ba1/element - {"using":"xpath","value":"//*[@id=\"__mbox-btn-0\"]"}
RESULT: {"using":"xpath","value":"//*[@id=\"__mbox-btn-0\"]"}
COMMAND: POST /session/a61471faa2a572325c8c01ea6c194ba1/element/f.E650C83CD3BCDAFFADB668DA9E39007C.d.563A8597833A7D8884EBFBAFCEC0E9AE.e.6968/click - {}
RESULT: {}
COMMAND: GET /session/a61471faa2a572325c8c01ea6c194ba1/screenshot - {}
RESULT: {}
COMMAND: POST /session/a61471faa2a572325c8c01ea6c194ba1/execute/async - {"script":"<script> [1562 bytes]","args":[{"selector":{"controlType":"sap.ui.core.Icon","viewName":"etm.portal.ui.manageresources.view.Detail","viewId":"application-manageresources-display-component---detailRU","properties":{"src":{"regex":{"source":"overflow"}}}},"wdio_ui5_key":"etmportal.ui.manageresources.view.Detailsap.ui.core.Icon{\"src\":{\"regex\":{\"source\":\"overflow\"}}}"}]}
RESULT: {"script":"<script> [1562 bytes]","args":[{"selector":{"controlType":"sap.ui.core.Icon","viewName":"etm.portal.ui.manageresources.view.Detail","viewId":"application-manageresources-display-component---detailRU","properties":{"src":{"regex":{"source":"overflow"}}}},"wdio_ui5_key":"etmportal.ui.manageresources.view.Detailsap.ui.core.Icon{\"src\":{\"regex\":{\"source\":\"overflow\"}}}"}]}
RESULT: undefined
COMMAND: POST /session/a61471faa2a572325c8c01ea6c194ba1/element - {"using":"xpath","value":"//*[@id=\"__title15-_actionsToolbar-overflowButton-img\"]"}
RESULT: {"using":"xpath","value":"//*[@id=\"__title15-_actionsToolbar-overflowButton-img\"]"}
COMMAND: POST /session/a61471faa2a572325c8c01ea6c194ba1/element/f.E650C83CD3BCDAFFADB668DA9E39007C.d.563A8597833A7D8884EBFBAFCEC0E9AE.e.7004/click - {}
RESULT: {}
COMMAND: POST /session/a61471faa2a572325c8c01ea6c194ba1/execute/async - {"script":"<script> [1562 bytes]","args":[{"selector":{"controlType":"sap.m.Button","viewName":"etm.portal.ui.manageresources.view.Detail","viewId":"application-manageresources-display-component---detailRU","i18NText":{"propertyName":"tooltip","key":"closeColumn"},"searchOpenDialogs":true,"interaction":{"idSuffix":"inner"}},"wdio_ui5_key":"etmportal.ui.manageresources.view.Detailsap.m.Button{\"propertyName\":\"tooltip\",\"key\":\"closeColumn\"}"}]}
COMMAND: GET /session/a61471faa2a572325c8c01ea6c194ba1/screenshot - {}
RESULT: {"script":"<script> [1562 bytes]","args":[{"selector":{"controlType":"sap.m.Button","viewName":"etm.portal.ui.manageresources.view.Detail","viewId":"application-manageresources-display-component---detailRU","i18NText":{"propertyName":"tooltip","key":"closeColumn"},"searchOpenDialogs":true,"interaction":{"idSuffix":"inner"}},"wdio_ui5_key":"etmportal.ui.manageresources.view.Detailsap.m.Button{\"propertyName\":\"tooltip\",\"key\":\"closeColumn\"}"}]}
RESULT: undefined
COMMAND: POST /session/a61471faa2a572325c8c01ea6c194ba1/element - {"using":"xpath","value":"//*[@id=\"__button45\"]"}
RESULT: {}
RESULT: {"using":"xpath","value":"//*[@id=\"__button45\"]"}
COMMAND: POST /session/a61471faa2a572325c8c01ea6c194ba1/element/f.E650C83CD3BCDAFFADB668DA9E39007C.d.563A8597833A7D8884EBFBAFCEC0E9AE.e.7006/click - {}
RESULT: {}
COMMAND: GET /session/a61471faa2a572325c8c01ea6c194ba1/screenshot - {}
COMMAND: POST /session/a61471faa2a572325c8c01ea6c194ba1/element - {"using":"css selector","value":"#j_username"}
COMMAND: POST /session/a61471faa2a572325c8c01ea6c194ba1/url - {"url":"https://qa-testing-00-live-etm-ui.cfapps.eu10-004.hana.ondemand.com/"}
RESULT: {}
RESULT: {"using":"css selector","value":"#j_username"}
COMMAND: POST /session/a61471faa2a572325c8c01ea6c194ba1/element - {"using":"css selector","value":"#j_username"}
RESULT: {"url":"https://qa-testing-00-live-etm-ui.cfapps.eu10-004.hana.ondemand.com/"}
RESULT: undefined
COMMAND: GET /session/a61471faa2a572325c8c01ea6c194ba1/screenshot - {}
RESULT: {"using":"css selector","value":"#j_username"}
COMMAND: POST /session/a61471faa2a572325c8c01ea6c194ba1/element - {"using":"css selector","value":"#shell-header-logo"}
RESULT: {}
RESULT: {"using":"css selector","value":"#shell-header-logo"}
COMMAND: POST /session/a61471faa2a572325c8c01ea6c194ba1/execute/sync - {"script":"<script> [8489 bytes]","args":[{"element-6066-11e4-a52e-4f735466cecf":"f.E650C83CD3BCDAFFADB668DA9E39007C.d.C4F683F0E27E546DE145797A8453788B.e.7074","ELEMENT":"f.E650C83CD3BCDAFFADB668DA9E39007C.d.C4F683F0E27E546DE145797A8453788B.e.7074"}]}
RESULT: {"script":"<script> [8489 bytes]","args":[{"element-6066-11e4-a52e-4f735466cecf":"f.E650C83CD3BCDAFFADB668DA9E39007C.d.C4F683F0E27E546DE145797A8453788B.e.7074","ELEMENT":"f.E650C83CD3BCDAFFADB668DA9E39007C.d.C4F683F0E27E546DE145797A8453788B.e.7074"}]}
COMMAND: POST /session/a61471faa2a572325c8c01ea6c194ba1/element - {"using":"css selector","value":"#shell-header-logo"}
COMMAND: GET /session/a61471faa2a572325c8c01ea6c194ba1/screenshot - {}
RESULT: {}
RESULT: {"using":"css selector","value":"#shell-header-logo"}
COMMAND: POST /session/a61471faa2a572325c8c01ea6c194ba1/execute/sync - {"script":"<script> [8489 bytes]","args":[{"element-6066-11e4-a52e-4f735466cecf":"f.E650C83CD3BCDAFFADB668DA9E39007C.d.C4F683F0E27E546DE145797A8453788B.e.7074","ELEMENT":"f.E650C83CD3BCDAFFADB668DA9E39007C.d.C4F683F0E27E546DE145797A8453788B.e.7074"}]}
RESULT: {"script":"<script> [8489 bytes]","args":[{"element-6066-11e4-a52e-4f735466cecf":"f.E650C83CD3BCDAFFADB668DA9E39007C.d.C4F683F0E27E546DE145797A8453788B.e.7074","ELEMENT":"f.E650C83CD3BCDAFFADB668DA9E39007C.d.C4F683F0E27E546DE145797A8453788B.e.7074"}]}
COMMAND: POST /session/a61471faa2a572325c8c01ea6c194ba1/execute/sync - {"script":"<script> [5351 bytes]","args":[{"element-6066-11e4-a52e-4f735466cecf":"f.E650C83CD3BCDAFFADB668DA9E39007C.d.C4F683F0E27E546DE145797A8453788B.e.7074","ELEMENT":"f.E650C83CD3BCDAFFADB668DA9E39007C.d.C4F683F0E27E546DE145797A8453788B.e.7074"}]}
COMMAND: GET /session/a61471faa2a572325c8c01ea6c194ba1/screenshot - {}
RESULT: {"script":"<script> [5351 bytes]","args":[{"element-6066-11e4-a52e-4f735466cecf":"f.E650C83CD3BCDAFFADB668DA9E39007C.d.C4F683F0E27E546DE145797A8453788B.e.7074","ELEMENT":"f.E650C83CD3BCDAFFADB668DA9E39007C.d.C4F683F0E27E546DE145797A8453788B.e.7074"}]}
COMMAND: POST /session/a61471faa2a572325c8c01ea6c194ba1/element - {"using":"css selector","value":"#shell-header-logo"}
COMMAND: GET /session/a61471faa2a572325c8c01ea6c194ba1/screenshot - {}
RESULT: {}
RESULT: {"using":"css selector","value":"#shell-header-logo"}
COMMAND: POST /session/a61471faa2a572325c8c01ea6c194ba1/element/f.E650C83CD3BCDAFFADB668DA9E39007C.d.C4F683F0E27E546DE145797A8453788B.e.7074/click - {}
RESULT: {}
RESULT: {}
COMMAND: GET /session/a61471faa2a572325c8c01ea6c194ba1/screenshot - {}
RESULT: {}
COMMAND: POST /session/a61471faa2a572325c8c01ea6c194ba1/execute/async - {"script":"<script> [189 bytes]","args":[]}
RESULT: {"script":"<script> [189 bytes]","args":[]}
COMMAND: POST /session/a61471faa2a572325c8c01ea6c194ba1/execute/async - {"script":"<script> [123 bytes]","args":[]}
RESULT: {"script":"<script> [123 bytes]","args":[]}
COMMAND: POST /session/a61471faa2a572325c8c01ea6c194ba1/timeouts - {"script":"<number>"}
RESULT: {"script":"<number>"}
COMMAND: GET /session/a61471faa2a572325c8c01ea6c194ba1/timeouts - {}
RESULT: {}
RESULT: undefined
COMMAND: POST /session/a61471faa2a572325c8c01ea6c194ba1/execute/async - {"script":"<script> [2676 bytes]","args":[]}
RESULT: {"script":"<script> [2676 bytes]","args":[]}
COMMAND: POST /session/a61471faa2a572325c8c01ea6c194ba1/execute/async - {"script":"<script> [2342 bytes]","args":[{"protocol":"http","hostname":"0.0.0.0","path":"/","capabilities":{"browserName":"chrome","goog:chromeOptions":{"binary":"C:\\Program Files\\Google\\Chrome\\Application\\chrome.exe","args":["--start-maximized"]}},"logLevel":"warn","connectionRetryTimeout":120000,"connectionRetryCount":3,"logLevels":{},"enableDirectConnect":true,"strictSSL":true,"_":"65 more keys: [\"cacheDir\",\"port\",\"requestedCapabilities\",\"automationProtocol\",\"baseUrl\",\"waitforInterval\",\"waitforTimeout\",\"onReload\",\"beforeCommand\",\"afterCommand\",\"rootDir\",\"specs\",\"suites\",\"exclude\",\"groupLogsByTestSpec\",\"excludeDriverLogs\",\"bail\",\"framework\",\"reporters\",\"services\",\"maxInstances\",\"maxInstancesPerCapability\",\"injectGlobals\",\"filesToWatch\",\"execArgv\",\"runnerEnv\",\"runner\",\"shard\",\"specFileRetries\",\"specFileRetriesDelay\",\"specFileRetriesDeferred\",\"reporterSyncInterval\",\"reporterSyncTimeout\",\"cucumberFeaturesWithLineNumbers\",\"autoCompileOpts\",\"mochaOpts\",\"jasmineOpts\",\"cucumberOpts\",\"onPrepare\",\"onWorkerStart\",\"onWorkerEnd\",\"before\",\"beforeSession\",\"beforeSuite\",\"beforeHook\",\"beforeTest\",\"afterTest\",\"afterHook\",\"afterSuite\",\"afterSession\",\"after\",\"onComplete\",\"beforeAssertion\",\"afterAssertion\",\"beforeFeature\",\"beforeScenario\",\"beforeStep\",\"afterStep\",\"afterScenario\",\"afterFeature\",\"_\",\"suite\",\"$0\",\"ignoredWorkerServices\",\"wdi5\"]"}]}
RESULT: {"script":"<script> [2342 bytes]","args":[{"protocol":"http","hostname":"0.0.0.0","path":"/","capabilities":{"browserName":"chrome","goog:chromeOptions":{"binary":"C:\\Program Files\\Google\\Chrome\\Application\\chrome.exe","args":["--start-maximized"]}},"logLevel":"warn","connectionRetryTimeout":120000,"connectionRetryCount":3,"logLevels":{},"enableDirectConnect":true,"strictSSL":true,"_":"65 more keys: [\"cacheDir\",\"port\",\"requestedCapabilities\",\"automationProtocol\",\"baseUrl\",\"waitforInterval\",\"waitforTimeout\",\"onReload\",\"beforeCommand\",\"afterCommand\",\"rootDir\",\"specs\",\"suites\",\"exclude\",\"groupLogsByTestSpec\",\"excludeDriverLogs\",\"bail\",\"framework\",\"reporters\",\"services\",\"maxInstances\",\"maxInstancesPerCapability\",\"injectGlobals\",\"filesToWatch\",\"execArgv\",\"runnerEnv\",\"runner\",\"shard\",\"specFileRetries\",\"specFileRetriesDelay\",\"specFileRetriesDeferred\",\"reporterSyncInterval\",\"reporterSyncTimeout\",\"cucumberFeaturesWithLineNumbers\",\"autoCompileOpts\",\"mochaOpts\",\"jasmineOpts\",\"cucumberOpts\",\"onPrepare\",\"onWorkerStart\",\"onWorkerEnd\",\"before\",\"beforeSession\",\"beforeSuite\",\"beforeHook\",\"beforeTest\",\"afterTest\",\"afterHook\",\"afterSuite\",\"afterSession\",\"after\",\"onComplete\",\"beforeAssertion\",\"afterAssertion\",\"beforeFeature\",\"beforeScenario\",\"beforeStep\",\"afterStep\",\"afterScenario\",\"afterFeature\",\"_\",\"suite\",\"$0\",\"ignoredWorkerServices\",\"wdi5\"]"}]}
COMMAND: POST /session/a61471faa2a572325c8c01ea6c194ba1/execute/async - {"script":"<script> [21126 bytes]","args":[35000]}
RESULT: {"script":"<script> [21126 bytes]","args":[35000]}
COMMAND: POST /session/a61471faa2a572325c8c01ea6c194ba1/window/maximize - {}
RESULT: {}
COMMAND: POST /session/a61471faa2a572325c8c01ea6c194ba1/execute/async - {"script":"<script> [1562 bytes]","args":[{"selector":{"id":"shell-header","interaction":{"idSuffix":"icon"}},"wdio_ui5_key":"shellheader"}]}
COMMAND: GET /session/a61471faa2a572325c8c01ea6c194ba1/screenshot - {}
RESULT: {"script":"<script> [1562 bytes]","args":[{"selector":{"id":"shell-header","interaction":{"idSuffix":"icon"}},"wdio_ui5_key":"shellheader"}]}
RESULT: undefined
]]></system-out>
    </testcase>
  </testsuite>
  <testsuite timestamp="2025-06-14T15:43:43" time="317.102" tests="1" failures="0" errors="0" skipped="0">
    <properties>
      <property name="specId" value="0"/>
      <property name="suiteName" value="create-equipment"/>
      <property name="capabilities" value="chrome.137_0_7151_69.windows"/>
      <property name="file" value="file:///D:/a/1/s/test/specs/R2C/create-equipment.spec.js"/>
    </properties>
    <testcase classname="chrome.137_0_7151_69.windows.create-equipment" name="create equipment" time="294.466">
      <system-out><![CDATA[
COMMAND: POST /session/a61471faa2a572325c8c01ea6c194ba1/execute/async - {"script":"<script> [1562 bytes]","args":[{"selector":{"controlType":"sap.m.GenericTile","properties":{"header":"Manage Resources"}},"wdio_ui5_key":"sapm.GenericTile{\"header\":\"Manage Resources\"}"}]}
RESULT: {}
RESULT: {"script":"<script> [1562 bytes]","args":[{"selector":{"controlType":"sap.m.GenericTile","properties":{"header":"Manage Resources"}},"wdio_ui5_key":"sapm.GenericTile{\"header\":\"Manage Resources\"}"}]}
RESULT: undefined
COMMAND: POST /session/a61471faa2a572325c8c01ea6c194ba1/element - {"using":"xpath","value":"//*[@id=\"__tile32\"]"}
RESULT: {"using":"xpath","value":"//*[@id=\"__tile32\"]"}
COMMAND: POST /session/a61471faa2a572325c8c01ea6c194ba1/element/f.E650C83CD3BCDAFFADB668DA9E39007C.d.C4F683F0E27E546DE145797A8453788B.e.7098/click - {}
RESULT: {}
COMMAND: GET /session/a61471faa2a572325c8c01ea6c194ba1/screenshot - {}
RESULT: {}
COMMAND: POST /session/a61471faa2a572325c8c01ea6c194ba1/elements - {"using":"xpath","value":"//span[text()='Error']"}
RESULT: {"using":"xpath","value":"//span[text()='Error']"}
COMMAND: POST /session/a61471faa2a572325c8c01ea6c194ba1/element - {"using":"xpath","value":"//button[@data-kt=\"addNewRUOverflowToolbarButton\"]"}
RESULT: {"using":"xpath","value":"//button[@data-kt=\"addNewRUOverflowToolbarButton\"]"}
COMMAND: POST /session/a61471faa2a572325c8c01ea6c194ba1/element - {"using":"xpath","value":"//button[@data-kt=\"addNewRUOverflowToolbarButton\"]"}
RESULT: {"using":"xpath","value":"//button[@data-kt=\"addNewRUOverflowToolbarButton\"]"}
COMMAND: POST /session/a61471faa2a572325c8c01ea6c194ba1/execute/sync - {"script":"<script> [8489 bytes]","args":[{"element-6066-11e4-a52e-4f735466cecf":"f.E650C83CD3BCDAFFADB668DA9E39007C.d.C4F683F0E27E546DE145797A8453788B.e.7227","ELEMENT":"f.E650C83CD3BCDAFFADB668DA9E39007C.d.C4F683F0E27E546DE145797A8453788B.e.7227"}]}
RESULT: {"script":"<script> [8489 bytes]","args":[{"element-6066-11e4-a52e-4f735466cecf":"f.E650C83CD3BCDAFFADB668DA9E39007C.d.C4F683F0E27E546DE145797A8453788B.e.7227","ELEMENT":"f.E650C83CD3BCDAFFADB668DA9E39007C.d.C4F683F0E27E546DE145797A8453788B.e.7227"}]}
COMMAND: POST /session/a61471faa2a572325c8c01ea6c194ba1/element/f.E650C83CD3BCDAFFADB668DA9E39007C.d.C4F683F0E27E546DE145797A8453788B.e.7227/click - {}
COMMAND: GET /session/a61471faa2a572325c8c01ea6c194ba1/screenshot - {}
RESULT: {}
COMMAND: GET /session/a61471faa2a572325c8c01ea6c194ba1/screenshot - {}
RESULT: {}
COMMAND: POST /session/a61471faa2a572325c8c01ea6c194ba1/execute/async - {"script":"<script> [1562 bytes]","args":[{"selector":{"controlType":"sap.m.ComboBox","viewName":"reusables.view.manageresources.NewResourceUnit","viewId":"application-manageresources-display-component---newResourceUnit","bindingPath":{"path":"","propertyPath":"/RuTypes","modelName":"catalogModel"},"searchOpenDialogs":true},"wdio_ui5_key":"reusablesview.manageresources.NewResourceUnitsap.m.ComboBox{\"path\":\"\",\"propertyPath\":\"/RuTypes\",\"modelName\":\"catalogModel\"}"}]}
RESULT: {}
RESULT: {"script":"<script> [1562 bytes]","args":[{"selector":{"controlType":"sap.m.ComboBox","viewName":"reusables.view.manageresources.NewResourceUnit","viewId":"application-manageresources-display-component---newResourceUnit","bindingPath":{"path":"","propertyPath":"/RuTypes","modelName":"catalogModel"},"searchOpenDialogs":true},"wdio_ui5_key":"reusablesview.manageresources.NewResourceUnitsap.m.ComboBox{\"path\":\"\",\"propertyPath\":\"/RuTypes\",\"modelName\":\"catalogModel\"}"}]}
RESULT: undefined
COMMAND: POST /session/a61471faa2a572325c8c01ea6c194ba1/execute/async - {"script":"<script> [1562 bytes]","args":[{"selector":{"controlType":"sap.m.ComboBox","viewName":"reusables.view.manageresources.NewResourceUnit","viewId":"application-manageresources-display-component---newResourceUnit","bindingPath":{"path":"","propertyPath":"/Yards","modelName":"catalogModel"},"searchOpenDialogs":true},"wdio_ui5_key":"reusablesview.manageresources.NewResourceUnitsap.m.ComboBox{\"path\":\"\",\"propertyPath\":\"/Yards\",\"modelName\":\"catalogModel\"}"}]}
RESULT: {"script":"<script> [1562 bytes]","args":[{"selector":{"controlType":"sap.m.ComboBox","viewName":"reusables.view.manageresources.NewResourceUnit","viewId":"application-manageresources-display-component---newResourceUnit","bindingPath":{"path":"","propertyPath":"/Yards","modelName":"catalogModel"},"searchOpenDialogs":true},"wdio_ui5_key":"reusablesview.manageresources.NewResourceUnitsap.m.ComboBox{\"path\":\"\",\"propertyPath\":\"/Yards\",\"modelName\":\"catalogModel\"}"}]}
RESULT: undefined
COMMAND: POST /session/a61471faa2a572325c8c01ea6c194ba1/execute/async - {"script":"<script> [1562 bytes]","args":[{"selector":{"controlType":"etm.portal.ui.reusables.customControls.LiveSearchComboBox","viewName":"reusables.view.manageresources.NewResourceUnit","viewId":"application-manageresources-display-component---newResourceUnit","bindingPath":{"path":"","propertyPath":"/CatalogItems","modelName":"catalogModel"},"searchOpenDialogs":true},"wdio_ui5_key":"reusablesview.manageresources.NewResourceUnitetm.portal.ui.reusables.customControls.LiveSearchComboBox{\"path\":\"\",\"propertyPath\":\"/CatalogItems\",\"modelName\":\"catalogModel\"}"}]}
RESULT: {"script":"<script> [1562 bytes]","args":[{"selector":{"controlType":"etm.portal.ui.reusables.customControls.LiveSearchComboBox","viewName":"reusables.view.manageresources.NewResourceUnit","viewId":"application-manageresources-display-component---newResourceUnit","bindingPath":{"path":"","propertyPath":"/CatalogItems","modelName":"catalogModel"},"searchOpenDialogs":true},"wdio_ui5_key":"reusablesview.manageresources.NewResourceUnitetm.portal.ui.reusables.customControls.LiveSearchComboBox{\"path\":\"\",\"propertyPath\":\"/CatalogItems\",\"modelName\":\"catalogModel\"}"}]}
RESULT: undefined
COMMAND: POST /session/a61471faa2a572325c8c01ea6c194ba1/element - {"using":"xpath","value":"//bdi[text()=\"OK\"]"}
RESULT: {"using":"xpath","value":"//bdi[text()=\"OK\"]"}
COMMAND: POST /session/a61471faa2a572325c8c01ea6c194ba1/elements - {"using":"xpath","value":"//bdi[text()=\"OK\"]"}
RESULT: {"using":"xpath","value":"//bdi[text()=\"OK\"]"}
COMMAND: POST /session/a61471faa2a572325c8c01ea6c194ba1/elements - {"using":"xpath","value":"//bdi[text()=\"OK\"]"}
RESULT: {"using":"xpath","value":"//bdi[text()=\"OK\"]"}
COMMAND: POST /session/a61471faa2a572325c8c01ea6c194ba1/elements - {"using":"xpath","value":"//bdi[text()=\"OK\"]"}
RESULT: {"using":"xpath","value":"//bdi[text()=\"OK\"]"}
COMMAND: POST /session/a61471faa2a572325c8c01ea6c194ba1/elements - {"using":"xpath","value":"//bdi[text()=\"OK\"]"}
RESULT: {"using":"xpath","value":"//bdi[text()=\"OK\"]"}
COMMAND: POST /session/a61471faa2a572325c8c01ea6c194ba1/elements - {"using":"xpath","value":"//bdi[text()=\"OK\"]"}
RESULT: {"using":"xpath","value":"//bdi[text()=\"OK\"]"}
COMMAND: POST /session/a61471faa2a572325c8c01ea6c194ba1/elements - {"using":"xpath","value":"//bdi[text()=\"OK\"]"}
RESULT: {"using":"xpath","value":"//bdi[text()=\"OK\"]"}
COMMAND: POST /session/a61471faa2a572325c8c01ea6c194ba1/elements - {"using":"xpath","value":"//bdi[text()=\"OK\"]"}
RESULT: {"using":"xpath","value":"//bdi[text()=\"OK\"]"}
COMMAND: POST /session/a61471faa2a572325c8c01ea6c194ba1/elements - {"using":"xpath","value":"//bdi[text()=\"OK\"]"}
RESULT: {"using":"xpath","value":"//bdi[text()=\"OK\"]"}
COMMAND: POST /session/a61471faa2a572325c8c01ea6c194ba1/elements - {"using":"xpath","value":"//bdi[text()=\"OK\"]"}
RESULT: {"using":"xpath","value":"//bdi[text()=\"OK\"]"}
COMMAND: POST /session/a61471faa2a572325c8c01ea6c194ba1/elements - {"using":"xpath","value":"//bdi[text()=\"OK\"]"}
RESULT: {"using":"xpath","value":"//bdi[text()=\"OK\"]"}
COMMAND: POST /session/a61471faa2a572325c8c01ea6c194ba1/elements - {"using":"xpath","value":"//bdi[text()=\"OK\"]"}
RESULT: {"using":"xpath","value":"//bdi[text()=\"OK\"]"}
COMMAND: POST /session/a61471faa2a572325c8c01ea6c194ba1/elements - {"using":"xpath","value":"//bdi[text()=\"OK\"]"}
RESULT: {"using":"xpath","value":"//bdi[text()=\"OK\"]"}
COMMAND: POST /session/a61471faa2a572325c8c01ea6c194ba1/elements - {"using":"xpath","value":"//bdi[text()=\"OK\"]"}
RESULT: {"using":"xpath","value":"//bdi[text()=\"OK\"]"}
COMMAND: POST /session/a61471faa2a572325c8c01ea6c194ba1/elements - {"using":"xpath","value":"//bdi[text()=\"OK\"]"}
RESULT: {"using":"xpath","value":"//bdi[text()=\"OK\"]"}
COMMAND: POST /session/a61471faa2a572325c8c01ea6c194ba1/elements - {"using":"xpath","value":"//bdi[text()=\"OK\"]"}
RESULT: {"using":"xpath","value":"//bdi[text()=\"OK\"]"}
COMMAND: POST /session/a61471faa2a572325c8c01ea6c194ba1/elements - {"using":"xpath","value":"//bdi[text()=\"OK\"]"}
RESULT: {"using":"xpath","value":"//bdi[text()=\"OK\"]"}
COMMAND: POST /session/a61471faa2a572325c8c01ea6c194ba1/elements - {"using":"xpath","value":"//bdi[text()=\"OK\"]"}
RESULT: {"using":"xpath","value":"//bdi[text()=\"OK\"]"}
COMMAND: POST /session/a61471faa2a572325c8c01ea6c194ba1/elements - {"using":"xpath","value":"//bdi[text()=\"OK\"]"}
RESULT: {"using":"xpath","value":"//bdi[text()=\"OK\"]"}
COMMAND: POST /session/a61471faa2a572325c8c01ea6c194ba1/elements - {"using":"xpath","value":"//bdi[text()=\"OK\"]"}
RESULT: {"using":"xpath","value":"//bdi[text()=\"OK\"]"}
COMMAND: POST /session/a61471faa2a572325c8c01ea6c194ba1/elements - {"using":"xpath","value":"//bdi[text()=\"OK\"]"}
RESULT: {"using":"xpath","value":"//bdi[text()=\"OK\"]"}
COMMAND: POST /session/a61471faa2a572325c8c01ea6c194ba1/elements - {"using":"xpath","value":"//bdi[text()=\"OK\"]"}
RESULT: {"using":"xpath","value":"//bdi[text()=\"OK\"]"}
COMMAND: POST /session/a61471faa2a572325c8c01ea6c194ba1/elements - {"using":"xpath","value":"//bdi[text()=\"OK\"]"}
RESULT: {"using":"xpath","value":"//bdi[text()=\"OK\"]"}
COMMAND: POST /session/a61471faa2a572325c8c01ea6c194ba1/elements - {"using":"xpath","value":"//bdi[text()=\"OK\"]"}
RESULT: {"using":"xpath","value":"//bdi[text()=\"OK\"]"}
COMMAND: POST /session/a61471faa2a572325c8c01ea6c194ba1/elements - {"using":"xpath","value":"//bdi[text()=\"OK\"]"}
RESULT: {"using":"xpath","value":"//bdi[text()=\"OK\"]"}
COMMAND: POST /session/a61471faa2a572325c8c01ea6c194ba1/elements - {"using":"xpath","value":"//bdi[text()=\"OK\"]"}
RESULT: {"using":"xpath","value":"//bdi[text()=\"OK\"]"}
COMMAND: POST /session/a61471faa2a572325c8c01ea6c194ba1/elements - {"using":"xpath","value":"//bdi[text()=\"OK\"]"}
RESULT: {"using":"xpath","value":"//bdi[text()=\"OK\"]"}
COMMAND: POST /session/a61471faa2a572325c8c01ea6c194ba1/elements - {"using":"xpath","value":"//bdi[text()=\"OK\"]"}
RESULT: {"using":"xpath","value":"//bdi[text()=\"OK\"]"}
COMMAND: POST /session/a61471faa2a572325c8c01ea6c194ba1/elements - {"using":"xpath","value":"//bdi[text()=\"OK\"]"}
RESULT: {"using":"xpath","value":"//bdi[text()=\"OK\"]"}
COMMAND: POST /session/a61471faa2a572325c8c01ea6c194ba1/elements - {"using":"xpath","value":"//bdi[text()=\"OK\"]"}
RESULT: {"using":"xpath","value":"//bdi[text()=\"OK\"]"}
COMMAND: POST /session/a61471faa2a572325c8c01ea6c194ba1/elements - {"using":"xpath","value":"//bdi[text()=\"OK\"]"}
RESULT: {"using":"xpath","value":"//bdi[text()=\"OK\"]"}
COMMAND: POST /session/a61471faa2a572325c8c01ea6c194ba1/elements - {"using":"xpath","value":"//bdi[text()=\"OK\"]"}
RESULT: {"using":"xpath","value":"//bdi[text()=\"OK\"]"}
COMMAND: POST /session/a61471faa2a572325c8c01ea6c194ba1/elements - {"using":"xpath","value":"//bdi[text()=\"OK\"]"}
RESULT: {"using":"xpath","value":"//bdi[text()=\"OK\"]"}
COMMAND: POST /session/a61471faa2a572325c8c01ea6c194ba1/elements - {"using":"xpath","value":"//bdi[text()=\"OK\"]"}
RESULT: {"using":"xpath","value":"//bdi[text()=\"OK\"]"}
COMMAND: POST /session/a61471faa2a572325c8c01ea6c194ba1/elements - {"using":"xpath","value":"//bdi[text()=\"OK\"]"}
RESULT: {"using":"xpath","value":"//bdi[text()=\"OK\"]"}
COMMAND: POST /session/a61471faa2a572325c8c01ea6c194ba1/elements - {"using":"xpath","value":"//bdi[text()=\"OK\"]"}
RESULT: {"using":"xpath","value":"//bdi[text()=\"OK\"]"}
COMMAND: POST /session/a61471faa2a572325c8c01ea6c194ba1/elements - {"using":"xpath","value":"//bdi[text()=\"OK\"]"}
RESULT: {"using":"xpath","value":"//bdi[text()=\"OK\"]"}
COMMAND: POST /session/a61471faa2a572325c8c01ea6c194ba1/elements - {"using":"xpath","value":"//bdi[text()=\"OK\"]"}
RESULT: {"using":"xpath","value":"//bdi[text()=\"OK\"]"}
COMMAND: POST /session/a61471faa2a572325c8c01ea6c194ba1/elements - {"using":"xpath","value":"//bdi[text()=\"OK\"]"}
RESULT: {"using":"xpath","value":"//bdi[text()=\"OK\"]"}
COMMAND: POST /session/a61471faa2a572325c8c01ea6c194ba1/elements - {"using":"xpath","value":"//bdi[text()=\"OK\"]"}
RESULT: {"using":"xpath","value":"//bdi[text()=\"OK\"]"}
COMMAND: POST /session/a61471faa2a572325c8c01ea6c194ba1/elements - {"using":"xpath","value":"//bdi[text()=\"OK\"]"}
RESULT: {"using":"xpath","value":"//bdi[text()=\"OK\"]"}
COMMAND: POST /session/a61471faa2a572325c8c01ea6c194ba1/elements - {"using":"xpath","value":"//bdi[text()=\"OK\"]"}
RESULT: {"using":"xpath","value":"//bdi[text()=\"OK\"]"}
COMMAND: POST /session/a61471faa2a572325c8c01ea6c194ba1/elements - {"using":"xpath","value":"//bdi[text()=\"OK\"]"}
RESULT: {"using":"xpath","value":"//bdi[text()=\"OK\"]"}
COMMAND: POST /session/a61471faa2a572325c8c01ea6c194ba1/elements - {"using":"xpath","value":"//bdi[text()=\"OK\"]"}
RESULT: {"using":"xpath","value":"//bdi[text()=\"OK\"]"}
COMMAND: POST /session/a61471faa2a572325c8c01ea6c194ba1/elements - {"using":"xpath","value":"//bdi[text()=\"OK\"]"}
RESULT: {"using":"xpath","value":"//bdi[text()=\"OK\"]"}
COMMAND: POST /session/a61471faa2a572325c8c01ea6c194ba1/elements - {"using":"xpath","value":"//bdi[text()=\"OK\"]"}
RESULT: {"using":"xpath","value":"//bdi[text()=\"OK\"]"}
COMMAND: POST /session/a61471faa2a572325c8c01ea6c194ba1/elements - {"using":"xpath","value":"//bdi[text()=\"OK\"]"}
RESULT: {"using":"xpath","value":"//bdi[text()=\"OK\"]"}
COMMAND: POST /session/a61471faa2a572325c8c01ea6c194ba1/elements - {"using":"xpath","value":"//bdi[text()=\"OK\"]"}
RESULT: {"using":"xpath","value":"//bdi[text()=\"OK\"]"}
COMMAND: POST /session/a61471faa2a572325c8c01ea6c194ba1/elements - {"using":"xpath","value":"//bdi[text()=\"OK\"]"}
RESULT: {"using":"xpath","value":"//bdi[text()=\"OK\"]"}
COMMAND: POST /session/a61471faa2a572325c8c01ea6c194ba1/elements - {"using":"xpath","value":"//bdi[text()=\"OK\"]"}
RESULT: {"using":"xpath","value":"//bdi[text()=\"OK\"]"}
COMMAND: POST /session/a61471faa2a572325c8c01ea6c194ba1/elements - {"using":"xpath","value":"//bdi[text()=\"OK\"]"}
RESULT: {"using":"xpath","value":"//bdi[text()=\"OK\"]"}
COMMAND: POST /session/a61471faa2a572325c8c01ea6c194ba1/elements - {"using":"xpath","value":"//bdi[text()=\"OK\"]"}
RESULT: {"using":"xpath","value":"//bdi[text()=\"OK\"]"}
COMMAND: POST /session/a61471faa2a572325c8c01ea6c194ba1/elements - {"using":"xpath","value":"//bdi[text()=\"OK\"]"}
RESULT: {"using":"xpath","value":"//bdi[text()=\"OK\"]"}
COMMAND: POST /session/a61471faa2a572325c8c01ea6c194ba1/elements - {"using":"xpath","value":"//bdi[text()=\"OK\"]"}
RESULT: {"using":"xpath","value":"//bdi[text()=\"OK\"]"}
COMMAND: POST /session/a61471faa2a572325c8c01ea6c194ba1/elements - {"using":"xpath","value":"//bdi[text()=\"OK\"]"}
RESULT: {"using":"xpath","value":"//bdi[text()=\"OK\"]"}
COMMAND: POST /session/a61471faa2a572325c8c01ea6c194ba1/elements - {"using":"xpath","value":"//bdi[text()=\"OK\"]"}
RESULT: {"using":"xpath","value":"//bdi[text()=\"OK\"]"}
COMMAND: POST /session/a61471faa2a572325c8c01ea6c194ba1/elements - {"using":"xpath","value":"//bdi[text()=\"OK\"]"}
RESULT: {"using":"xpath","value":"//bdi[text()=\"OK\"]"}
COMMAND: POST /session/a61471faa2a572325c8c01ea6c194ba1/elements - {"using":"xpath","value":"//bdi[text()=\"OK\"]"}
RESULT: {"using":"xpath","value":"//bdi[text()=\"OK\"]"}
COMMAND: POST /session/a61471faa2a572325c8c01ea6c194ba1/elements - {"using":"xpath","value":"//bdi[text()=\"OK\"]"}
RESULT: {"using":"xpath","value":"//bdi[text()=\"OK\"]"}
COMMAND: POST /session/a61471faa2a572325c8c01ea6c194ba1/elements - {"using":"xpath","value":"//bdi[text()=\"OK\"]"}
RESULT: {"using":"xpath","value":"//bdi[text()=\"OK\"]"}
COMMAND: POST /session/a61471faa2a572325c8c01ea6c194ba1/elements - {"using":"xpath","value":"//bdi[text()=\"OK\"]"}
RESULT: {"using":"xpath","value":"//bdi[text()=\"OK\"]"}
COMMAND: POST /session/a61471faa2a572325c8c01ea6c194ba1/elements - {"using":"xpath","value":"//bdi[text()=\"OK\"]"}
RESULT: {"using":"xpath","value":"//bdi[text()=\"OK\"]"}
COMMAND: POST /session/a61471faa2a572325c8c01ea6c194ba1/elements - {"using":"xpath","value":"//bdi[text()=\"OK\"]"}
RESULT: {"using":"xpath","value":"//bdi[text()=\"OK\"]"}
COMMAND: POST /session/a61471faa2a572325c8c01ea6c194ba1/elements - {"using":"xpath","value":"//bdi[text()=\"OK\"]"}
RESULT: {"using":"xpath","value":"//bdi[text()=\"OK\"]"}
COMMAND: POST /session/a61471faa2a572325c8c01ea6c194ba1/elements - {"using":"xpath","value":"//bdi[text()=\"OK\"]"}
RESULT: {"using":"xpath","value":"//bdi[text()=\"OK\"]"}
COMMAND: POST /session/a61471faa2a572325c8c01ea6c194ba1/elements - {"using":"xpath","value":"//bdi[text()=\"OK\"]"}
RESULT: {"using":"xpath","value":"//bdi[text()=\"OK\"]"}
COMMAND: POST /session/a61471faa2a572325c8c01ea6c194ba1/elements - {"using":"xpath","value":"//bdi[text()=\"OK\"]"}
RESULT: {"using":"xpath","value":"//bdi[text()=\"OK\"]"}
COMMAND: POST /session/a61471faa2a572325c8c01ea6c194ba1/elements - {"using":"xpath","value":"//bdi[text()=\"OK\"]"}
RESULT: {"using":"xpath","value":"//bdi[text()=\"OK\"]"}
COMMAND: POST /session/a61471faa2a572325c8c01ea6c194ba1/elements - {"using":"xpath","value":"//bdi[text()=\"OK\"]"}
RESULT: {"using":"xpath","value":"//bdi[text()=\"OK\"]"}
COMMAND: POST /session/a61471faa2a572325c8c01ea6c194ba1/elements - {"using":"xpath","value":"//bdi[text()=\"OK\"]"}
RESULT: {"using":"xpath","value":"//bdi[text()=\"OK\"]"}
COMMAND: POST /session/a61471faa2a572325c8c01ea6c194ba1/elements - {"using":"xpath","value":"//bdi[text()=\"OK\"]"}
RESULT: {"using":"xpath","value":"//bdi[text()=\"OK\"]"}
COMMAND: POST /session/a61471faa2a572325c8c01ea6c194ba1/elements - {"using":"xpath","value":"//bdi[text()=\"OK\"]"}
RESULT: {"using":"xpath","value":"//bdi[text()=\"OK\"]"}
COMMAND: POST /session/a61471faa2a572325c8c01ea6c194ba1/elements - {"using":"xpath","value":"//bdi[text()=\"OK\"]"}
RESULT: {"using":"xpath","value":"//bdi[text()=\"OK\"]"}
COMMAND: POST /session/a61471faa2a572325c8c01ea6c194ba1/elements - {"using":"xpath","value":"//bdi[text()=\"OK\"]"}
RESULT: {"using":"xpath","value":"//bdi[text()=\"OK\"]"}
COMMAND: POST /session/a61471faa2a572325c8c01ea6c194ba1/elements - {"using":"xpath","value":"//bdi[text()=\"OK\"]"}
RESULT: {"using":"xpath","value":"//bdi[text()=\"OK\"]"}
COMMAND: POST /session/a61471faa2a572325c8c01ea6c194ba1/elements - {"using":"xpath","value":"//bdi[text()=\"OK\"]"}
RESULT: {"using":"xpath","value":"//bdi[text()=\"OK\"]"}
COMMAND: POST /session/a61471faa2a572325c8c01ea6c194ba1/elements - {"using":"xpath","value":"//bdi[text()=\"OK\"]"}
RESULT: {"using":"xpath","value":"//bdi[text()=\"OK\"]"}
COMMAND: POST /session/a61471faa2a572325c8c01ea6c194ba1/elements - {"using":"xpath","value":"//bdi[text()=\"OK\"]"}
RESULT: {"using":"xpath","value":"//bdi[text()=\"OK\"]"}
COMMAND: POST /session/a61471faa2a572325c8c01ea6c194ba1/elements - {"using":"xpath","value":"//bdi[text()=\"OK\"]"}
RESULT: {"using":"xpath","value":"//bdi[text()=\"OK\"]"}
COMMAND: POST /session/a61471faa2a572325c8c01ea6c194ba1/elements - {"using":"xpath","value":"//bdi[text()=\"OK\"]"}
RESULT: {"using":"xpath","value":"//bdi[text()=\"OK\"]"}
COMMAND: POST /session/a61471faa2a572325c8c01ea6c194ba1/elements - {"using":"xpath","value":"//bdi[text()=\"OK\"]"}
RESULT: {"using":"xpath","value":"//bdi[text()=\"OK\"]"}
COMMAND: POST /session/a61471faa2a572325c8c01ea6c194ba1/elements - {"using":"xpath","value":"//bdi[text()=\"OK\"]"}
RESULT: {"using":"xpath","value":"//bdi[text()=\"OK\"]"}
COMMAND: POST /session/a61471faa2a572325c8c01ea6c194ba1/elements - {"using":"xpath","value":"//bdi[text()=\"OK\"]"}
RESULT: {"using":"xpath","value":"//bdi[text()=\"OK\"]"}
COMMAND: POST /session/a61471faa2a572325c8c01ea6c194ba1/elements - {"using":"xpath","value":"//bdi[text()=\"OK\"]"}
RESULT: {"using":"xpath","value":"//bdi[text()=\"OK\"]"}
COMMAND: POST /session/a61471faa2a572325c8c01ea6c194ba1/elements - {"using":"xpath","value":"//bdi[text()=\"OK\"]"}
RESULT: {"using":"xpath","value":"//bdi[text()=\"OK\"]"}
COMMAND: POST /session/a61471faa2a572325c8c01ea6c194ba1/elements - {"using":"xpath","value":"//bdi[text()=\"OK\"]"}
RESULT: {"using":"xpath","value":"//bdi[text()=\"OK\"]"}
COMMAND: POST /session/a61471faa2a572325c8c01ea6c194ba1/elements - {"using":"xpath","value":"//bdi[text()=\"OK\"]"}
RESULT: {"using":"xpath","value":"//bdi[text()=\"OK\"]"}
COMMAND: POST /session/a61471faa2a572325c8c01ea6c194ba1/elements - {"using":"xpath","value":"//bdi[text()=\"OK\"]"}
RESULT: {"using":"xpath","value":"//bdi[text()=\"OK\"]"}
COMMAND: POST /session/a61471faa2a572325c8c01ea6c194ba1/elements - {"using":"xpath","value":"//bdi[text()=\"OK\"]"}
RESULT: {"using":"xpath","value":"//bdi[text()=\"OK\"]"}
COMMAND: POST /session/a61471faa2a572325c8c01ea6c194ba1/elements - {"using":"xpath","value":"//bdi[text()=\"OK\"]"}
RESULT: {"using":"xpath","value":"//bdi[text()=\"OK\"]"}
COMMAND: POST /session/a61471faa2a572325c8c01ea6c194ba1/elements - {"using":"xpath","value":"//bdi[text()=\"OK\"]"}
RESULT: {"using":"xpath","value":"//bdi[text()=\"OK\"]"}
COMMAND: POST /session/a61471faa2a572325c8c01ea6c194ba1/elements - {"using":"xpath","value":"//bdi[text()=\"OK\"]"}
RESULT: {"using":"xpath","value":"//bdi[text()=\"OK\"]"}
COMMAND: POST /session/a61471faa2a572325c8c01ea6c194ba1/elements - {"using":"xpath","value":"//bdi[text()=\"OK\"]"}
RESULT: {"using":"xpath","value":"//bdi[text()=\"OK\"]"}
COMMAND: POST /session/a61471faa2a572325c8c01ea6c194ba1/elements - {"using":"xpath","value":"//bdi[text()=\"OK\"]"}
RESULT: {"using":"xpath","value":"//bdi[text()=\"OK\"]"}
COMMAND: POST /session/a61471faa2a572325c8c01ea6c194ba1/elements - {"using":"xpath","value":"//bdi[text()=\"OK\"]"}
RESULT: {"using":"xpath","value":"//bdi[text()=\"OK\"]"}
COMMAND: POST /session/a61471faa2a572325c8c01ea6c194ba1/elements - {"using":"xpath","value":"//bdi[text()=\"OK\"]"}
RESULT: {"using":"xpath","value":"//bdi[text()=\"OK\"]"}
COMMAND: POST /session/a61471faa2a572325c8c01ea6c194ba1/elements - {"using":"xpath","value":"//bdi[text()=\"OK\"]"}
RESULT: {"using":"xpath","value":"//bdi[text()=\"OK\"]"}
COMMAND: POST /session/a61471faa2a572325c8c01ea6c194ba1/elements - {"using":"xpath","value":"//bdi[text()=\"OK\"]"}
RESULT: {"using":"xpath","value":"//bdi[text()=\"OK\"]"}
COMMAND: POST /session/a61471faa2a572325c8c01ea6c194ba1/elements - {"using":"xpath","value":"//bdi[text()=\"OK\"]"}
RESULT: {"using":"xpath","value":"//bdi[text()=\"OK\"]"}
COMMAND: POST /session/a61471faa2a572325c8c01ea6c194ba1/elements - {"using":"xpath","value":"//bdi[text()=\"OK\"]"}
RESULT: {"using":"xpath","value":"//bdi[text()=\"OK\"]"}
COMMAND: POST /session/a61471faa2a572325c8c01ea6c194ba1/elements - {"using":"xpath","value":"//bdi[text()=\"OK\"]"}
RESULT: {"using":"xpath","value":"//bdi[text()=\"OK\"]"}
COMMAND: POST /session/a61471faa2a572325c8c01ea6c194ba1/elements - {"using":"xpath","value":"//bdi[text()=\"OK\"]"}
RESULT: {"using":"xpath","value":"//bdi[text()=\"OK\"]"}
COMMAND: POST /session/a61471faa2a572325c8c01ea6c194ba1/elements - {"using":"xpath","value":"//bdi[text()=\"OK\"]"}
RESULT: {"using":"xpath","value":"//bdi[text()=\"OK\"]"}
COMMAND: POST /session/a61471faa2a572325c8c01ea6c194ba1/elements - {"using":"xpath","value":"//bdi[text()=\"OK\"]"}
RESULT: {"using":"xpath","value":"//bdi[text()=\"OK\"]"}
COMMAND: POST /session/a61471faa2a572325c8c01ea6c194ba1/elements - {"using":"xpath","value":"//bdi[text()=\"OK\"]"}
RESULT: {"using":"xpath","value":"//bdi[text()=\"OK\"]"}
COMMAND: POST /session/a61471faa2a572325c8c01ea6c194ba1/elements - {"using":"xpath","value":"//bdi[text()=\"OK\"]"}
RESULT: {"using":"xpath","value":"//bdi[text()=\"OK\"]"}
COMMAND: POST /session/a61471faa2a572325c8c01ea6c194ba1/elements - {"using":"xpath","value":"//bdi[text()=\"OK\"]"}
RESULT: {"using":"xpath","value":"//bdi[text()=\"OK\"]"}
COMMAND: POST /session/a61471faa2a572325c8c01ea6c194ba1/elements - {"using":"xpath","value":"//bdi[text()=\"OK\"]"}
RESULT: {"using":"xpath","value":"//bdi[text()=\"OK\"]"}
COMMAND: POST /session/a61471faa2a572325c8c01ea6c194ba1/elements - {"using":"xpath","value":"//bdi[text()=\"OK\"]"}
RESULT: {"using":"xpath","value":"//bdi[text()=\"OK\"]"}
COMMAND: POST /session/a61471faa2a572325c8c01ea6c194ba1/elements - {"using":"xpath","value":"//bdi[text()=\"OK\"]"}
RESULT: {"using":"xpath","value":"//bdi[text()=\"OK\"]"}
COMMAND: POST /session/a61471faa2a572325c8c01ea6c194ba1/elements - {"using":"xpath","value":"//bdi[text()=\"OK\"]"}
RESULT: {"using":"xpath","value":"//bdi[text()=\"OK\"]"}
COMMAND: POST /session/a61471faa2a572325c8c01ea6c194ba1/elements - {"using":"xpath","value":"//bdi[text()=\"OK\"]"}
RESULT: {"using":"xpath","value":"//bdi[text()=\"OK\"]"}
COMMAND: POST /session/a61471faa2a572325c8c01ea6c194ba1/elements - {"using":"xpath","value":"//bdi[text()=\"OK\"]"}
RESULT: {"using":"xpath","value":"//bdi[text()=\"OK\"]"}
COMMAND: POST /session/a61471faa2a572325c8c01ea6c194ba1/elements - {"using":"xpath","value":"//bdi[text()=\"OK\"]"}
RESULT: {"using":"xpath","value":"//bdi[text()=\"OK\"]"}
COMMAND: POST /session/a61471faa2a572325c8c01ea6c194ba1/elements - {"using":"xpath","value":"//bdi[text()=\"OK\"]"}
RESULT: {"using":"xpath","value":"//bdi[text()=\"OK\"]"}
COMMAND: POST /session/a61471faa2a572325c8c01ea6c194ba1/elements - {"using":"xpath","value":"//bdi[text()=\"OK\"]"}
RESULT: {"using":"xpath","value":"//bdi[text()=\"OK\"]"}
COMMAND: POST /session/a61471faa2a572325c8c01ea6c194ba1/elements - {"using":"xpath","value":"//bdi[text()=\"OK\"]"}
RESULT: {"using":"xpath","value":"//bdi[text()=\"OK\"]"}
COMMAND: POST /session/a61471faa2a572325c8c01ea6c194ba1/elements - {"using":"xpath","value":"//bdi[text()=\"OK\"]"}
RESULT: {"using":"xpath","value":"//bdi[text()=\"OK\"]"}
COMMAND: POST /session/a61471faa2a572325c8c01ea6c194ba1/elements - {"using":"xpath","value":"//bdi[text()=\"OK\"]"}
RESULT: {"using":"xpath","value":"//bdi[text()=\"OK\"]"}
COMMAND: POST /session/a61471faa2a572325c8c01ea6c194ba1/elements - {"using":"xpath","value":"//bdi[text()=\"OK\"]"}
RESULT: {"using":"xpath","value":"//bdi[text()=\"OK\"]"}
COMMAND: POST /session/a61471faa2a572325c8c01ea6c194ba1/elements - {"using":"xpath","value":"//bdi[text()=\"OK\"]"}
RESULT: {"using":"xpath","value":"//bdi[text()=\"OK\"]"}
COMMAND: POST /session/a61471faa2a572325c8c01ea6c194ba1/elements - {"using":"xpath","value":"//bdi[text()=\"OK\"]"}
COMMAND: POST /session/a61471faa2a572325c8c01ea6c194ba1/element - {"using":"xpath","value":"//bdi[text()=\"OK\"]"}
RESULT: {"using":"xpath","value":"//bdi[text()=\"OK\"]"}
RESULT: {"using":"xpath","value":"//bdi[text()=\"OK\"]"}
COMMAND: POST /session/a61471faa2a572325c8c01ea6c194ba1/elements - {"using":"xpath","value":"//bdi[text()=\"OK\"]"}
RESULT: {"using":"xpath","value":"//bdi[text()=\"OK\"]"}
COMMAND: POST /session/a61471faa2a572325c8c01ea6c194ba1/elements - {"using":"xpath","value":"//bdi[text()=\"OK\"]"}
RESULT: {"using":"xpath","value":"//bdi[text()=\"OK\"]"}
COMMAND: POST /session/a61471faa2a572325c8c01ea6c194ba1/elements - {"using":"xpath","value":"//bdi[text()=\"OK\"]"}
RESULT: {"using":"xpath","value":"//bdi[text()=\"OK\"]"}
COMMAND: POST /session/a61471faa2a572325c8c01ea6c194ba1/elements - {"using":"xpath","value":"//bdi[text()=\"OK\"]"}
RESULT: {"using":"xpath","value":"//bdi[text()=\"OK\"]"}
COMMAND: POST /session/a61471faa2a572325c8c01ea6c194ba1/elements - {"using":"xpath","value":"//bdi[text()=\"OK\"]"}
RESULT: {"using":"xpath","value":"//bdi[text()=\"OK\"]"}
COMMAND: POST /session/a61471faa2a572325c8c01ea6c194ba1/elements - {"using":"xpath","value":"//bdi[text()=\"OK\"]"}
RESULT: {"using":"xpath","value":"//bdi[text()=\"OK\"]"}
COMMAND: POST /session/a61471faa2a572325c8c01ea6c194ba1/elements - {"using":"xpath","value":"//bdi[text()=\"OK\"]"}
RESULT: {"using":"xpath","value":"//bdi[text()=\"OK\"]"}
COMMAND: POST /session/a61471faa2a572325c8c01ea6c194ba1/elements - {"using":"xpath","value":"//bdi[text()=\"OK\"]"}
RESULT: {"using":"xpath","value":"//bdi[text()=\"OK\"]"}
COMMAND: POST /session/a61471faa2a572325c8c01ea6c194ba1/elements - {"using":"xpath","value":"//bdi[text()=\"OK\"]"}
RESULT: {"using":"xpath","value":"//bdi[text()=\"OK\"]"}
COMMAND: POST /session/a61471faa2a572325c8c01ea6c194ba1/elements - {"using":"xpath","value":"//bdi[text()=\"OK\"]"}
RESULT: {"using":"xpath","value":"//bdi[text()=\"OK\"]"}
COMMAND: POST /session/a61471faa2a572325c8c01ea6c194ba1/elements - {"using":"xpath","value":"//bdi[text()=\"OK\"]"}
RESULT: {"using":"xpath","value":"//bdi[text()=\"OK\"]"}
COMMAND: POST /session/a61471faa2a572325c8c01ea6c194ba1/elements - {"using":"xpath","value":"//bdi[text()=\"OK\"]"}
RESULT: {"using":"xpath","value":"//bdi[text()=\"OK\"]"}
COMMAND: POST /session/a61471faa2a572325c8c01ea6c194ba1/elements - {"using":"xpath","value":"//bdi[text()=\"OK\"]"}
RESULT: {"using":"xpath","value":"//bdi[text()=\"OK\"]"}
COMMAND: POST /session/a61471faa2a572325c8c01ea6c194ba1/elements - {"using":"xpath","value":"//bdi[text()=\"OK\"]"}
RESULT: {"using":"xpath","value":"//bdi[text()=\"OK\"]"}
COMMAND: POST /session/a61471faa2a572325c8c01ea6c194ba1/elements - {"using":"xpath","value":"//bdi[text()=\"OK\"]"}
RESULT: {"using":"xpath","value":"//bdi[text()=\"OK\"]"}
COMMAND: POST /session/a61471faa2a572325c8c01ea6c194ba1/elements - {"using":"xpath","value":"//bdi[text()=\"OK\"]"}
RESULT: {"using":"xpath","value":"//bdi[text()=\"OK\"]"}
COMMAND: POST /session/a61471faa2a572325c8c01ea6c194ba1/elements - {"using":"xpath","value":"//bdi[text()=\"OK\"]"}
RESULT: {"using":"xpath","value":"//bdi[text()=\"OK\"]"}
COMMAND: POST /session/a61471faa2a572325c8c01ea6c194ba1/elements - {"using":"xpath","value":"//bdi[text()=\"OK\"]"}
RESULT: {"using":"xpath","value":"//bdi[text()=\"OK\"]"}
COMMAND: POST /session/a61471faa2a572325c8c01ea6c194ba1/elements - {"using":"xpath","value":"//bdi[text()=\"OK\"]"}
RESULT: {"using":"xpath","value":"//bdi[text()=\"OK\"]"}
COMMAND: POST /session/a61471faa2a572325c8c01ea6c194ba1/elements - {"using":"xpath","value":"//bdi[text()=\"OK\"]"}
RESULT: {"using":"xpath","value":"//bdi[text()=\"OK\"]"}
COMMAND: POST /session/a61471faa2a572325c8c01ea6c194ba1/elements - {"using":"xpath","value":"//bdi[text()=\"OK\"]"}
RESULT: {"using":"xpath","value":"//bdi[text()=\"OK\"]"}
COMMAND: POST /session/a61471faa2a572325c8c01ea6c194ba1/elements - {"using":"xpath","value":"//bdi[text()=\"OK\"]"}
RESULT: {"using":"xpath","value":"//bdi[text()=\"OK\"]"}
COMMAND: POST /session/a61471faa2a572325c8c01ea6c194ba1/elements - {"using":"xpath","value":"//bdi[text()=\"OK\"]"}
RESULT: {"using":"xpath","value":"//bdi[text()=\"OK\"]"}
COMMAND: POST /session/a61471faa2a572325c8c01ea6c194ba1/elements - {"using":"xpath","value":"//bdi[text()=\"OK\"]"}
RESULT: {"using":"xpath","value":"//bdi[text()=\"OK\"]"}
COMMAND: POST /session/a61471faa2a572325c8c01ea6c194ba1/elements - {"using":"xpath","value":"//bdi[text()=\"OK\"]"}
RESULT: {"using":"xpath","value":"//bdi[text()=\"OK\"]"}
COMMAND: POST /session/a61471faa2a572325c8c01ea6c194ba1/elements - {"using":"xpath","value":"//bdi[text()=\"OK\"]"}
RESULT: {"using":"xpath","value":"//bdi[text()=\"OK\"]"}
COMMAND: POST /session/a61471faa2a572325c8c01ea6c194ba1/elements - {"using":"xpath","value":"//bdi[text()=\"OK\"]"}
RESULT: {"using":"xpath","value":"//bdi[text()=\"OK\"]"}
COMMAND: POST /session/a61471faa2a572325c8c01ea6c194ba1/elements - {"using":"xpath","value":"//bdi[text()=\"OK\"]"}
RESULT: {"using":"xpath","value":"//bdi[text()=\"OK\"]"}
COMMAND: POST /session/a61471faa2a572325c8c01ea6c194ba1/elements - {"using":"xpath","value":"//bdi[text()=\"OK\"]"}
RESULT: {"using":"xpath","value":"//bdi[text()=\"OK\"]"}
COMMAND: POST /session/a61471faa2a572325c8c01ea6c194ba1/elements - {"using":"xpath","value":"//bdi[text()=\"OK\"]"}
RESULT: {"using":"xpath","value":"//bdi[text()=\"OK\"]"}
COMMAND: POST /session/a61471faa2a572325c8c01ea6c194ba1/elements - {"using":"xpath","value":"//bdi[text()=\"OK\"]"}
RESULT: {"using":"xpath","value":"//bdi[text()=\"OK\"]"}
COMMAND: POST /session/a61471faa2a572325c8c01ea6c194ba1/elements - {"using":"xpath","value":"//bdi[text()=\"OK\"]"}
RESULT: {"using":"xpath","value":"//bdi[text()=\"OK\"]"}
COMMAND: POST /session/a61471faa2a572325c8c01ea6c194ba1/elements - {"using":"xpath","value":"//bdi[text()=\"OK\"]"}
RESULT: {"using":"xpath","value":"//bdi[text()=\"OK\"]"}
COMMAND: POST /session/a61471faa2a572325c8c01ea6c194ba1/elements - {"using":"xpath","value":"//bdi[text()=\"OK\"]"}
RESULT: {"using":"xpath","value":"//bdi[text()=\"OK\"]"}
COMMAND: POST /session/a61471faa2a572325c8c01ea6c194ba1/elements - {"using":"xpath","value":"//bdi[text()=\"OK\"]"}
RESULT: {"using":"xpath","value":"//bdi[text()=\"OK\"]"}
COMMAND: POST /session/a61471faa2a572325c8c01ea6c194ba1/elements - {"using":"xpath","value":"//bdi[text()=\"OK\"]"}
RESULT: {"using":"xpath","value":"//bdi[text()=\"OK\"]"}
COMMAND: POST /session/a61471faa2a572325c8c01ea6c194ba1/elements - {"using":"xpath","value":"//bdi[text()=\"OK\"]"}
RESULT: {"using":"xpath","value":"//bdi[text()=\"OK\"]"}
COMMAND: POST /session/a61471faa2a572325c8c01ea6c194ba1/elements - {"using":"xpath","value":"//bdi[text()=\"OK\"]"}
RESULT: {"using":"xpath","value":"//bdi[text()=\"OK\"]"}
COMMAND: POST /session/a61471faa2a572325c8c01ea6c194ba1/elements - {"using":"xpath","value":"//bdi[text()=\"OK\"]"}
RESULT: {"using":"xpath","value":"//bdi[text()=\"OK\"]"}
COMMAND: POST /session/a61471faa2a572325c8c01ea6c194ba1/elements - {"using":"xpath","value":"//bdi[text()=\"OK\"]"}
RESULT: {"using":"xpath","value":"//bdi[text()=\"OK\"]"}
COMMAND: POST /session/a61471faa2a572325c8c01ea6c194ba1/elements - {"using":"xpath","value":"//bdi[text()=\"OK\"]"}
RESULT: {"using":"xpath","value":"//bdi[text()=\"OK\"]"}
COMMAND: POST /session/a61471faa2a572325c8c01ea6c194ba1/elements - {"using":"xpath","value":"//bdi[text()=\"OK\"]"}
RESULT: {"using":"xpath","value":"//bdi[text()=\"OK\"]"}
COMMAND: POST /session/a61471faa2a572325c8c01ea6c194ba1/elements - {"using":"xpath","value":"//bdi[text()=\"OK\"]"}
RESULT: {"using":"xpath","value":"//bdi[text()=\"OK\"]"}
COMMAND: POST /session/a61471faa2a572325c8c01ea6c194ba1/elements - {"using":"xpath","value":"//bdi[text()=\"OK\"]"}
RESULT: {"using":"xpath","value":"//bdi[text()=\"OK\"]"}
COMMAND: POST /session/a61471faa2a572325c8c01ea6c194ba1/elements - {"using":"xpath","value":"//bdi[text()=\"OK\"]"}
RESULT: {"using":"xpath","value":"//bdi[text()=\"OK\"]"}
COMMAND: POST /session/a61471faa2a572325c8c01ea6c194ba1/elements - {"using":"xpath","value":"//bdi[text()=\"OK\"]"}
RESULT: {"using":"xpath","value":"//bdi[text()=\"OK\"]"}
COMMAND: POST /session/a61471faa2a572325c8c01ea6c194ba1/elements - {"using":"xpath","value":"//bdi[text()=\"OK\"]"}
RESULT: {"using":"xpath","value":"//bdi[text()=\"OK\"]"}
COMMAND: POST /session/a61471faa2a572325c8c01ea6c194ba1/elements - {"using":"xpath","value":"//bdi[text()=\"OK\"]"}
RESULT: {"using":"xpath","value":"//bdi[text()=\"OK\"]"}
COMMAND: POST /session/a61471faa2a572325c8c01ea6c194ba1/elements - {"using":"xpath","value":"//bdi[text()=\"OK\"]"}
RESULT: {"using":"xpath","value":"//bdi[text()=\"OK\"]"}
COMMAND: POST /session/a61471faa2a572325c8c01ea6c194ba1/elements - {"using":"xpath","value":"//bdi[text()=\"OK\"]"}
RESULT: {"using":"xpath","value":"//bdi[text()=\"OK\"]"}
COMMAND: POST /session/a61471faa2a572325c8c01ea6c194ba1/elements - {"using":"xpath","value":"//bdi[text()=\"OK\"]"}
RESULT: {"using":"xpath","value":"//bdi[text()=\"OK\"]"}
COMMAND: POST /session/a61471faa2a572325c8c01ea6c194ba1/elements - {"using":"xpath","value":"//bdi[text()=\"OK\"]"}
RESULT: {"using":"xpath","value":"//bdi[text()=\"OK\"]"}
COMMAND: POST /session/a61471faa2a572325c8c01ea6c194ba1/elements - {"using":"xpath","value":"//bdi[text()=\"OK\"]"}
RESULT: {"using":"xpath","value":"//bdi[text()=\"OK\"]"}
COMMAND: POST /session/a61471faa2a572325c8c01ea6c194ba1/elements - {"using":"xpath","value":"//bdi[text()=\"OK\"]"}
RESULT: {"using":"xpath","value":"//bdi[text()=\"OK\"]"}
COMMAND: POST /session/a61471faa2a572325c8c01ea6c194ba1/elements - {"using":"xpath","value":"//bdi[text()=\"OK\"]"}
RESULT: {"using":"xpath","value":"//bdi[text()=\"OK\"]"}
COMMAND: POST /session/a61471faa2a572325c8c01ea6c194ba1/elements - {"using":"xpath","value":"//bdi[text()=\"OK\"]"}
RESULT: {"using":"xpath","value":"//bdi[text()=\"OK\"]"}
COMMAND: POST /session/a61471faa2a572325c8c01ea6c194ba1/elements - {"using":"xpath","value":"//bdi[text()=\"OK\"]"}
RESULT: {"using":"xpath","value":"//bdi[text()=\"OK\"]"}
COMMAND: POST /session/a61471faa2a572325c8c01ea6c194ba1/elements - {"using":"xpath","value":"//bdi[text()=\"OK\"]"}
RESULT: {"using":"xpath","value":"//bdi[text()=\"OK\"]"}
COMMAND: POST /session/a61471faa2a572325c8c01ea6c194ba1/elements - {"using":"xpath","value":"//bdi[text()=\"OK\"]"}
RESULT: {"using":"xpath","value":"//bdi[text()=\"OK\"]"}
COMMAND: POST /session/a61471faa2a572325c8c01ea6c194ba1/elements - {"using":"xpath","value":"//bdi[text()=\"OK\"]"}
RESULT: {"using":"xpath","value":"//bdi[text()=\"OK\"]"}
COMMAND: POST /session/a61471faa2a572325c8c01ea6c194ba1/elements - {"using":"xpath","value":"//bdi[text()=\"OK\"]"}
RESULT: {"using":"xpath","value":"//bdi[text()=\"OK\"]"}
COMMAND: POST /session/a61471faa2a572325c8c01ea6c194ba1/elements - {"using":"xpath","value":"//bdi[text()=\"OK\"]"}
RESULT: {"using":"xpath","value":"//bdi[text()=\"OK\"]"}
COMMAND: POST /session/a61471faa2a572325c8c01ea6c194ba1/elements - {"using":"xpath","value":"//bdi[text()=\"OK\"]"}
RESULT: {"using":"xpath","value":"//bdi[text()=\"OK\"]"}
COMMAND: POST /session/a61471faa2a572325c8c01ea6c194ba1/elements - {"using":"xpath","value":"//bdi[text()=\"OK\"]"}
RESULT: {"using":"xpath","value":"//bdi[text()=\"OK\"]"}
COMMAND: POST /session/a61471faa2a572325c8c01ea6c194ba1/elements - {"using":"xpath","value":"//bdi[text()=\"OK\"]"}
RESULT: {"using":"xpath","value":"//bdi[text()=\"OK\"]"}
COMMAND: POST /session/a61471faa2a572325c8c01ea6c194ba1/elements - {"using":"xpath","value":"//bdi[text()=\"OK\"]"}
RESULT: {"using":"xpath","value":"//bdi[text()=\"OK\"]"}
COMMAND: POST /session/a61471faa2a572325c8c01ea6c194ba1/elements - {"using":"xpath","value":"//bdi[text()=\"OK\"]"}
RESULT: {"using":"xpath","value":"//bdi[text()=\"OK\"]"}
COMMAND: POST /session/a61471faa2a572325c8c01ea6c194ba1/elements - {"using":"xpath","value":"//bdi[text()=\"OK\"]"}
RESULT: {"using":"xpath","value":"//bdi[text()=\"OK\"]"}
COMMAND: POST /session/a61471faa2a572325c8c01ea6c194ba1/elements - {"using":"xpath","value":"//bdi[text()=\"OK\"]"}
RESULT: {"using":"xpath","value":"//bdi[text()=\"OK\"]"}
COMMAND: POST /session/a61471faa2a572325c8c01ea6c194ba1/elements - {"using":"xpath","value":"//bdi[text()=\"OK\"]"}
RESULT: {"using":"xpath","value":"//bdi[text()=\"OK\"]"}
COMMAND: POST /session/a61471faa2a572325c8c01ea6c194ba1/elements - {"using":"xpath","value":"//bdi[text()=\"OK\"]"}
RESULT: {"using":"xpath","value":"//bdi[text()=\"OK\"]"}
COMMAND: POST /session/a61471faa2a572325c8c01ea6c194ba1/elements - {"using":"xpath","value":"//bdi[text()=\"OK\"]"}
RESULT: {"using":"xpath","value":"//bdi[text()=\"OK\"]"}
COMMAND: POST /session/a61471faa2a572325c8c01ea6c194ba1/elements - {"using":"xpath","value":"//bdi[text()=\"OK\"]"}
RESULT: {"using":"xpath","value":"//bdi[text()=\"OK\"]"}
COMMAND: POST /session/a61471faa2a572325c8c01ea6c194ba1/elements - {"using":"xpath","value":"//bdi[text()=\"OK\"]"}
RESULT: {"using":"xpath","value":"//bdi[text()=\"OK\"]"}
COMMAND: POST /session/a61471faa2a572325c8c01ea6c194ba1/elements - {"using":"xpath","value":"//bdi[text()=\"OK\"]"}
RESULT: {"using":"xpath","value":"//bdi[text()=\"OK\"]"}
COMMAND: POST /session/a61471faa2a572325c8c01ea6c194ba1/elements - {"using":"xpath","value":"//bdi[text()=\"OK\"]"}
RESULT: {"using":"xpath","value":"//bdi[text()=\"OK\"]"}
COMMAND: POST /session/a61471faa2a572325c8c01ea6c194ba1/elements - {"using":"xpath","value":"//bdi[text()=\"OK\"]"}
RESULT: {"using":"xpath","value":"//bdi[text()=\"OK\"]"}
COMMAND: POST /session/a61471faa2a572325c8c01ea6c194ba1/elements - {"using":"xpath","value":"//bdi[text()=\"OK\"]"}
RESULT: {"using":"xpath","value":"//bdi[text()=\"OK\"]"}
COMMAND: POST /session/a61471faa2a572325c8c01ea6c194ba1/elements - {"using":"xpath","value":"//bdi[text()=\"OK\"]"}
RESULT: {"using":"xpath","value":"//bdi[text()=\"OK\"]"}
COMMAND: POST /session/a61471faa2a572325c8c01ea6c194ba1/elements - {"using":"xpath","value":"//bdi[text()=\"OK\"]"}
RESULT: {"using":"xpath","value":"//bdi[text()=\"OK\"]"}
COMMAND: POST /session/a61471faa2a572325c8c01ea6c194ba1/elements - {"using":"xpath","value":"//bdi[text()=\"OK\"]"}
RESULT: {"using":"xpath","value":"//bdi[text()=\"OK\"]"}
COMMAND: POST /session/a61471faa2a572325c8c01ea6c194ba1/elements - {"using":"xpath","value":"//bdi[text()=\"OK\"]"}
RESULT: {"using":"xpath","value":"//bdi[text()=\"OK\"]"}
COMMAND: POST /session/a61471faa2a572325c8c01ea6c194ba1/elements - {"using":"xpath","value":"//bdi[text()=\"OK\"]"}
RESULT: {"using":"xpath","value":"//bdi[text()=\"OK\"]"}
COMMAND: POST /session/a61471faa2a572325c8c01ea6c194ba1/elements - {"using":"xpath","value":"//bdi[text()=\"OK\"]"}
RESULT: {"using":"xpath","value":"//bdi[text()=\"OK\"]"}
COMMAND: POST /session/a61471faa2a572325c8c01ea6c194ba1/elements - {"using":"xpath","value":"//bdi[text()=\"OK\"]"}
RESULT: {"using":"xpath","value":"//bdi[text()=\"OK\"]"}
COMMAND: POST /session/a61471faa2a572325c8c01ea6c194ba1/elements - {"using":"xpath","value":"//bdi[text()=\"OK\"]"}
RESULT: {"using":"xpath","value":"//bdi[text()=\"OK\"]"}
COMMAND: POST /session/a61471faa2a572325c8c01ea6c194ba1/elements - {"using":"xpath","value":"//bdi[text()=\"OK\"]"}
RESULT: {"using":"xpath","value":"//bdi[text()=\"OK\"]"}
COMMAND: POST /session/a61471faa2a572325c8c01ea6c194ba1/elements - {"using":"xpath","value":"//bdi[text()=\"OK\"]"}
RESULT: {"using":"xpath","value":"//bdi[text()=\"OK\"]"}
COMMAND: POST /session/a61471faa2a572325c8c01ea6c194ba1/elements - {"using":"xpath","value":"//bdi[text()=\"OK\"]"}
RESULT: {"using":"xpath","value":"//bdi[text()=\"OK\"]"}
COMMAND: POST /session/a61471faa2a572325c8c01ea6c194ba1/elements - {"using":"xpath","value":"//bdi[text()=\"OK\"]"}
RESULT: {"using":"xpath","value":"//bdi[text()=\"OK\"]"}
COMMAND: POST /session/a61471faa2a572325c8c01ea6c194ba1/elements - {"using":"xpath","value":"//bdi[text()=\"OK\"]"}
RESULT: {"using":"xpath","value":"//bdi[text()=\"OK\"]"}
COMMAND: POST /session/a61471faa2a572325c8c01ea6c194ba1/elements - {"using":"xpath","value":"//bdi[text()=\"OK\"]"}
RESULT: {"using":"xpath","value":"//bdi[text()=\"OK\"]"}
COMMAND: POST /session/a61471faa2a572325c8c01ea6c194ba1/elements - {"using":"xpath","value":"//bdi[text()=\"OK\"]"}
RESULT: {"using":"xpath","value":"//bdi[text()=\"OK\"]"}
COMMAND: POST /session/a61471faa2a572325c8c01ea6c194ba1/elements - {"using":"xpath","value":"//bdi[text()=\"OK\"]"}
RESULT: {"using":"xpath","value":"//bdi[text()=\"OK\"]"}
COMMAND: POST /session/a61471faa2a572325c8c01ea6c194ba1/elements - {"using":"xpath","value":"//bdi[text()=\"OK\"]"}
RESULT: {"using":"xpath","value":"//bdi[text()=\"OK\"]"}
COMMAND: POST /session/a61471faa2a572325c8c01ea6c194ba1/elements - {"using":"xpath","value":"//bdi[text()=\"OK\"]"}
RESULT: {"using":"xpath","value":"//bdi[text()=\"OK\"]"}
COMMAND: POST /session/a61471faa2a572325c8c01ea6c194ba1/elements - {"using":"xpath","value":"//bdi[text()=\"OK\"]"}
RESULT: {"using":"xpath","value":"//bdi[text()=\"OK\"]"}
COMMAND: POST /session/a61471faa2a572325c8c01ea6c194ba1/elements - {"using":"xpath","value":"//bdi[text()=\"OK\"]"}
RESULT: {"using":"xpath","value":"//bdi[text()=\"OK\"]"}
COMMAND: POST /session/a61471faa2a572325c8c01ea6c194ba1/elements - {"using":"xpath","value":"//bdi[text()=\"OK\"]"}
RESULT: {"using":"xpath","value":"//bdi[text()=\"OK\"]"}
COMMAND: POST /session/a61471faa2a572325c8c01ea6c194ba1/elements - {"using":"xpath","value":"//bdi[text()=\"OK\"]"}
RESULT: {"using":"xpath","value":"//bdi[text()=\"OK\"]"}
COMMAND: POST /session/a61471faa2a572325c8c01ea6c194ba1/elements - {"using":"xpath","value":"//bdi[text()=\"OK\"]"}
RESULT: {"using":"xpath","value":"//bdi[text()=\"OK\"]"}
COMMAND: POST /session/a61471faa2a572325c8c01ea6c194ba1/elements - {"using":"xpath","value":"//bdi[text()=\"OK\"]"}
RESULT: {"using":"xpath","value":"//bdi[text()=\"OK\"]"}
COMMAND: POST /session/a61471faa2a572325c8c01ea6c194ba1/elements - {"using":"xpath","value":"//bdi[text()=\"OK\"]"}
RESULT: {"using":"xpath","value":"//bdi[text()=\"OK\"]"}
COMMAND: POST /session/a61471faa2a572325c8c01ea6c194ba1/elements - {"using":"xpath","value":"//bdi[text()=\"OK\"]"}
RESULT: {"using":"xpath","value":"//bdi[text()=\"OK\"]"}
COMMAND: POST /session/a61471faa2a572325c8c01ea6c194ba1/elements - {"using":"xpath","value":"//bdi[text()=\"OK\"]"}
RESULT: {"using":"xpath","value":"//bdi[text()=\"OK\"]"}
COMMAND: POST /session/a61471faa2a572325c8c01ea6c194ba1/elements - {"using":"xpath","value":"//bdi[text()=\"OK\"]"}
RESULT: {"using":"xpath","value":"//bdi[text()=\"OK\"]"}
COMMAND: POST /session/a61471faa2a572325c8c01ea6c194ba1/elements - {"using":"xpath","value":"//bdi[text()=\"OK\"]"}
RESULT: {"using":"xpath","value":"//bdi[text()=\"OK\"]"}
COMMAND: POST /session/a61471faa2a572325c8c01ea6c194ba1/elements - {"using":"xpath","value":"//bdi[text()=\"OK\"]"}
RESULT: {"using":"xpath","value":"//bdi[text()=\"OK\"]"}
COMMAND: POST /session/a61471faa2a572325c8c01ea6c194ba1/elements - {"using":"xpath","value":"//bdi[text()=\"OK\"]"}
RESULT: {"using":"xpath","value":"//bdi[text()=\"OK\"]"}
COMMAND: POST /session/a61471faa2a572325c8c01ea6c194ba1/elements - {"using":"xpath","value":"//bdi[text()=\"OK\"]"}
RESULT: {"using":"xpath","value":"//bdi[text()=\"OK\"]"}
COMMAND: POST /session/a61471faa2a572325c8c01ea6c194ba1/elements - {"using":"xpath","value":"//bdi[text()=\"OK\"]"}
RESULT: {"using":"xpath","value":"//bdi[text()=\"OK\"]"}
COMMAND: POST /session/a61471faa2a572325c8c01ea6c194ba1/elements - {"using":"xpath","value":"//bdi[text()=\"OK\"]"}
RESULT: {"using":"xpath","value":"//bdi[text()=\"OK\"]"}
COMMAND: POST /session/a61471faa2a572325c8c01ea6c194ba1/elements - {"using":"xpath","value":"//bdi[text()=\"OK\"]"}
RESULT: {"using":"xpath","value":"//bdi[text()=\"OK\"]"}
COMMAND: POST /session/a61471faa2a572325c8c01ea6c194ba1/elements - {"using":"xpath","value":"//bdi[text()=\"OK\"]"}
RESULT: {"using":"xpath","value":"//bdi[text()=\"OK\"]"}
COMMAND: POST /session/a61471faa2a572325c8c01ea6c194ba1/elements - {"using":"xpath","value":"//bdi[text()=\"OK\"]"}
RESULT: {"using":"xpath","value":"//bdi[text()=\"OK\"]"}
COMMAND: POST /session/a61471faa2a572325c8c01ea6c194ba1/elements - {"using":"xpath","value":"//bdi[text()=\"OK\"]"}
RESULT: {"using":"xpath","value":"//bdi[text()=\"OK\"]"}
COMMAND: POST /session/a61471faa2a572325c8c01ea6c194ba1/elements - {"using":"xpath","value":"//bdi[text()=\"OK\"]"}
RESULT: {"using":"xpath","value":"//bdi[text()=\"OK\"]"}
COMMAND: POST /session/a61471faa2a572325c8c01ea6c194ba1/elements - {"using":"xpath","value":"//bdi[text()=\"OK\"]"}
RESULT: {"using":"xpath","value":"//bdi[text()=\"OK\"]"}
COMMAND: POST /session/a61471faa2a572325c8c01ea6c194ba1/elements - {"using":"xpath","value":"//bdi[text()=\"OK\"]"}
RESULT: {"using":"xpath","value":"//bdi[text()=\"OK\"]"}
COMMAND: POST /session/a61471faa2a572325c8c01ea6c194ba1/elements - {"using":"xpath","value":"//bdi[text()=\"OK\"]"}
RESULT: {"using":"xpath","value":"//bdi[text()=\"OK\"]"}
COMMAND: POST /session/a61471faa2a572325c8c01ea6c194ba1/elements - {"using":"xpath","value":"//bdi[text()=\"OK\"]"}
RESULT: {"using":"xpath","value":"//bdi[text()=\"OK\"]"}
COMMAND: POST /session/a61471faa2a572325c8c01ea6c194ba1/execute/async - {"script":"<script> [1562 bytes]","args":[{"selector":{"id":"application-manageresources-display-component---newResourceUnit--TYPE-arrow"},"wdio_ui5_key":"applicationmanageresources-display-component---newResourceUnit--TYPE-arrow"}]}
RESULT: {"script":"<script> [1562 bytes]","args":[{"selector":{"id":"application-manageresources-display-component---newResourceUnit--TYPE-arrow"},"wdio_ui5_key":"applicationmanageresources-display-component---newResourceUnit--TYPE-arrow"}]}
RESULT: undefined
COMMAND: POST /session/a61471faa2a572325c8c01ea6c194ba1/element - {"using":"xpath","value":"//*[@id=\"application-manageresources-display-component---newResourceUnit--TYPE-arrow\"]"}
RESULT: {"using":"xpath","value":"//*[@id=\"application-manageresources-display-component---newResourceUnit--TYPE-arrow\"]"}
COMMAND: POST /session/a61471faa2a572325c8c01ea6c194ba1/element/f.E650C83CD3BCDAFFADB668DA9E39007C.d.C4F683F0E27E546DE145797A8453788B.e.7550/click - {}
RESULT: {}
COMMAND: POST /session/a61471faa2a572325c8c01ea6c194ba1/execute/async - {"script":"<script> [1562 bytes]","args":[{"selector":{"controlType":"sap.m.StandardListItem","viewName":"reusables.view.manageresources.NewResourceUnit","viewId":"application-manageresources-display-component---newResourceUnit","properties":{"title":"Equipment"},"searchOpenDialogs":true,"interaction":{"idSuffix":"content"}},"wdio_ui5_key":"reusablesview.manageresources.NewResourceUnitsap.m.StandardListItem{\"title\":\"Equipment\"}"}]}
COMMAND: GET /session/a61471faa2a572325c8c01ea6c194ba1/screenshot - {}
RESULT: {"script":"<script> [1562 bytes]","args":[{"selector":{"controlType":"sap.m.StandardListItem","viewName":"reusables.view.manageresources.NewResourceUnit","viewId":"application-manageresources-display-component---newResourceUnit","properties":{"title":"Equipment"},"searchOpenDialogs":true,"interaction":{"idSuffix":"content"}},"wdio_ui5_key":"reusablesview.manageresources.NewResourceUnitsap.m.StandardListItem{\"title\":\"Equipment\"}"}]}
RESULT: undefined
COMMAND: POST /session/a61471faa2a572325c8c01ea6c194ba1/element - {"using":"xpath","value":"//*[@id=\"__item143\"]"}
RESULT: {}
RESULT: {"using":"xpath","value":"//*[@id=\"__item143\"]"}
COMMAND: POST /session/a61471faa2a572325c8c01ea6c194ba1/element/f.E650C83CD3BCDAFFADB668DA9E39007C.d.C4F683F0E27E546DE145797A8453788B.e.7553/click - {}
RESULT: {}
COMMAND: POST /session/a61471faa2a572325c8c01ea6c194ba1/execute/async - {"script":"<script> [1562 bytes]","args":[{"selector":{"id":"application-manageresources-display-component---newResourceUnit--resourceId","interaction":{"idSuffix":"inner"}},"wdio_ui5_key":"applicationmanageresources-display-component---newResourceUnit--resourceId"}]}
COMMAND: GET /session/a61471faa2a572325c8c01ea6c194ba1/screenshot - {}
RESULT: {"script":"<script> [1562 bytes]","args":[{"selector":{"id":"application-manageresources-display-component---newResourceUnit--resourceId","interaction":{"idSuffix":"inner"}},"wdio_ui5_key":"applicationmanageresources-display-component---newResourceUnit--resourceId"}]}
RESULT: undefined
COMMAND: POST /session/a61471faa2a572325c8c01ea6c194ba1/execute/async - {"script":"<script> [776 bytes]","args":[{"enterText":"EquipmentCounter 6r0fg","selector":{"id":"application-manageresources-display-component---newResourceUnit--resourceId","interaction":{"idSuffix":"inner"}},"clearTextFirst":true,"interactionType":"ENTER_TEXT"}]}
RESULT: {}
RESULT: {"script":"<script> [776 bytes]","args":[{"enterText":"EquipmentCounter 6r0fg","selector":{"id":"application-manageresources-display-component---newResourceUnit--resourceId","interaction":{"idSuffix":"inner"}},"clearTextFirst":true,"interactionType":"ENTER_TEXT"}]}
COMMAND: POST /session/a61471faa2a572325c8c01ea6c194ba1/execute/async - {"script":"<script> [1562 bytes]","args":[{"selector":{"id":"application-manageresources-display-component---newResourceUnit--SHORT_TEXT","interaction":{"idSuffix":"inner"}},"wdio_ui5_key":"applicationmanageresources-display-component---newResourceUnit--SHORT_TEXT"}]}
RESULT: {"script":"<script> [1562 bytes]","args":[{"selector":{"id":"application-manageresources-display-component---newResourceUnit--SHORT_TEXT","interaction":{"idSuffix":"inner"}},"wdio_ui5_key":"applicationmanageresources-display-component---newResourceUnit--SHORT_TEXT"}]}
RESULT: undefined
COMMAND: POST /session/a61471faa2a572325c8c01ea6c194ba1/execute/async - {"script":"<script> [776 bytes]","args":[{"enterText":"EquipmentCounter 6r0fg","selector":{"id":"application-manageresources-display-component---newResourceUnit--SHORT_TEXT","interaction":{"idSuffix":"inner"}},"clearTextFirst":true,"interactionType":"ENTER_TEXT"}]}
RESULT: {"script":"<script> [776 bytes]","args":[{"enterText":"EquipmentCounter 6r0fg","selector":{"id":"application-manageresources-display-component---newResourceUnit--SHORT_TEXT","interaction":{"idSuffix":"inner"}},"clearTextFirst":true,"interactionType":"ENTER_TEXT"}]}
COMMAND: POST /session/a61471faa2a572325c8c01ea6c194ba1/execute/async - {"script":"<script> [1562 bytes]","args":[{"selector":{"id":"application-manageresources-display-component---newResourceUnit--BASE_UNIT_OF_MEASURE","interaction":{"idSuffix":"inner"}},"wdio_ui5_key":"applicationmanageresources-display-component---newResourceUnit--BASE_UNIT_OF_MEASURE"}]}
RESULT: {"script":"<script> [1562 bytes]","args":[{"selector":{"id":"application-manageresources-display-component---newResourceUnit--BASE_UNIT_OF_MEASURE","interaction":{"idSuffix":"inner"}},"wdio_ui5_key":"applicationmanageresources-display-component---newResourceUnit--BASE_UNIT_OF_MEASURE"}]}
RESULT: undefined
COMMAND: POST /session/a61471faa2a572325c8c01ea6c194ba1/execute/async - {"script":"<script> [776 bytes]","args":[{"enterText":"Piece","selector":{"id":"application-manageresources-display-component---newResourceUnit--BASE_UNIT_OF_MEASURE","interaction":{"idSuffix":"inner"}},"clearTextFirst":true,"interactionType":"ENTER_TEXT"}]}
RESULT: {"script":"<script> [776 bytes]","args":[{"enterText":"Piece","selector":{"id":"application-manageresources-display-component---newResourceUnit--BASE_UNIT_OF_MEASURE","interaction":{"idSuffix":"inner"}},"clearTextFirst":true,"interactionType":"ENTER_TEXT"}]}
COMMAND: POST /session/a61471faa2a572325c8c01ea6c194ba1/execute/async - {"script":"<script> [1562 bytes]","args":[{"selector":{"id":"application-manageresources-display-component---newResourceUnit--WEIGHT_UNIT","interaction":{"idSuffix":"inner"}},"wdio_ui5_key":"applicationmanageresources-display-component---newResourceUnit--WEIGHT_UNIT"}]}
RESULT: {"script":"<script> [1562 bytes]","args":[{"selector":{"id":"application-manageresources-display-component---newResourceUnit--WEIGHT_UNIT","interaction":{"idSuffix":"inner"}},"wdio_ui5_key":"applicationmanageresources-display-component---newResourceUnit--WEIGHT_UNIT"}]}
RESULT: undefined
COMMAND: POST /session/a61471faa2a572325c8c01ea6c194ba1/execute/async - {"script":"<script> [776 bytes]","args":[{"enterText":"Gram","selector":{"id":"application-manageresources-display-component---newResourceUnit--WEIGHT_UNIT","interaction":{"idSuffix":"inner"}},"clearTextFirst":true,"interactionType":"ENTER_TEXT"}]}
RESULT: {"script":"<script> [776 bytes]","args":[{"enterText":"Gram","selector":{"id":"application-manageresources-display-component---newResourceUnit--WEIGHT_UNIT","interaction":{"idSuffix":"inner"}},"clearTextFirst":true,"interactionType":"ENTER_TEXT"}]}
COMMAND: POST /session/a61471faa2a572325c8c01ea6c194ba1/execute/async - {"script":"<script> [1562 bytes]","args":[{"selector":{"id":"application-manageresources-display-component---newResourceUnit--newRRUPage-OPHeaderContent-collapseBtn-img"},"wdio_ui5_key":"applicationmanageresources-display-component---newResourceUnit--newRRUPage-OPHeaderContent-collapseBtn-img"}]}
RESULT: {"script":"<script> [1562 bytes]","args":[{"selector":{"id":"application-manageresources-display-component---newResourceUnit--newRRUPage-OPHeaderContent-collapseBtn-img"},"wdio_ui5_key":"applicationmanageresources-display-component---newResourceUnit--newRRUPage-OPHeaderContent-collapseBtn-img"}]}
RESULT: undefined
COMMAND: POST /session/a61471faa2a572325c8c01ea6c194ba1/element - {"using":"xpath","value":"//*[@id=\"application-manageresources-display-component---newResourceUnit--newRRUPage-OPHeaderContent-collapseBtn-img\"]"}
RESULT: {"using":"xpath","value":"//*[@id=\"application-manageresources-display-component---newResourceUnit--newRRUPage-OPHeaderContent-collapseBtn-img\"]"}
COMMAND: POST /session/a61471faa2a572325c8c01ea6c194ba1/element/f.E650C83CD3BCDAFFADB668DA9E39007C.d.C4F683F0E27E546DE145797A8453788B.e.7562/click - {}
RESULT: {}
COMMAND: GET /session/a61471faa2a572325c8c01ea6c194ba1/screenshot - {}
RESULT: {}
COMMAND: POST /session/a61471faa2a572325c8c01ea6c194ba1/element - {"using":"xpath","value":"(//span[contains(@id ,\"application-manageresources-display-component---newResourceUnit--DIMENSION_UNIT-arrow\")])[1]"}
RESULT: {"using":"xpath","value":"(//span[contains(@id ,\"application-manageresources-display-component---newResourceUnit--DIMENSION_UNIT-arrow\")])[1]"}
COMMAND: POST /session/a61471faa2a572325c8c01ea6c194ba1/element/f.E650C83CD3BCDAFFADB668DA9E39007C.d.C4F683F0E27E546DE145797A8453788B.e.7711/click - {}
RESULT: {}
COMMAND: GET /session/a61471faa2a572325c8c01ea6c194ba1/screenshot - {}
RESULT: {}
COMMAND: POST /session/a61471faa2a572325c8c01ea6c194ba1/execute/async - {"script":"<script> [1562 bytes]","args":[{"selector":{"controlType":"sap.m.StandardListItem","viewName":"reusables.view.manageresources.NewResourceUnit","viewId":"application-manageresources-display-component---newResourceUnit","properties":{"title":"Centimeter"},"searchOpenDialogs":true,"interaction":{"idSuffix":"titleText"}},"wdio_ui5_key":"reusablesview.manageresources.NewResourceUnitsap.m.StandardListItem{\"title\":\"Centimeter\"}"}]}
RESULT: {"script":"<script> [1562 bytes]","args":[{"selector":{"controlType":"sap.m.StandardListItem","viewName":"reusables.view.manageresources.NewResourceUnit","viewId":"application-manageresources-display-component---newResourceUnit","properties":{"title":"Centimeter"},"searchOpenDialogs":true,"interaction":{"idSuffix":"titleText"}},"wdio_ui5_key":"reusablesview.manageresources.NewResourceUnitsap.m.StandardListItem{\"title\":\"Centimeter\"}"}]}
RESULT: undefined
COMMAND: POST /session/a61471faa2a572325c8c01ea6c194ba1/element - {"using":"xpath","value":"//*[@id=\"__item201\"]"}
RESULT: {"using":"xpath","value":"//*[@id=\"__item201\"]"}
COMMAND: POST /session/a61471faa2a572325c8c01ea6c194ba1/element/f.E650C83CD3BCDAFFADB668DA9E39007C.d.C4F683F0E27E546DE145797A8453788B.e.7713/click - {}
RESULT: {}
COMMAND: GET /session/a61471faa2a572325c8c01ea6c194ba1/screenshot - {}
RESULT: {}
COMMAND: POST /session/a61471faa2a572325c8c01ea6c194ba1/execute/async - {"script":"<script> [1562 bytes]","args":[{"selector":{"id":"application-manageresources-display-component---newResourceUnit--newRRUPage-anchBar-application-manageresources-display-component---newResourceUnit--control-anchor","interaction":{"idSuffix":"BDI-content"}},"wdio_ui5_key":"applicationmanageresources-display-component---newResourceUnit--newRRUPage-anchBar-application-manageresources-display-component---newResourceUnit--control-anchor"}]}
RESULT: {"script":"<script> [1562 bytes]","args":[{"selector":{"id":"application-manageresources-display-component---newResourceUnit--newRRUPage-anchBar-application-manageresources-display-component---newResourceUnit--control-anchor","interaction":{"idSuffix":"BDI-content"}},"wdio_ui5_key":"applicationmanageresources-display-component---newResourceUnit--newRRUPage-anchBar-application-manageresources-display-component---newResourceUnit--control-anchor"}]}
RESULT: undefined
COMMAND: POST /session/a61471faa2a572325c8c01ea6c194ba1/element - {"using":"xpath","value":"//*[@id=\"application-manageresources-display-component---newResourceUnit--newRRUPage-anchBar-application-manageresources-display-component---newResourceUnit--control-anchor\"]"}
RESULT: {"using":"xpath","value":"//*[@id=\"application-manageresources-display-component---newResourceUnit--newRRUPage-anchBar-application-manageresources-display-component---newResourceUnit--control-anchor\"]"}
COMMAND: POST /session/a61471faa2a572325c8c01ea6c194ba1/element/f.E650C83CD3BCDAFFADB668DA9E39007C.d.C4F683F0E27E546DE145797A8453788B.e.7715/click - {}
RESULT: {}
COMMAND: POST /session/a61471faa2a572325c8c01ea6c194ba1/execute/async - {"script":"<script> [1562 bytes]","args":[{"selector":{"id":"application-manageresources-display-component---newResourceUnit--PLANNING_GROUP","interaction":{"idSuffix":"inner"}},"wdio_ui5_key":"applicationmanageresources-display-component---newResourceUnit--PLANNING_GROUP"}]}
COMMAND: GET /session/a61471faa2a572325c8c01ea6c194ba1/screenshot - {}
RESULT: {"script":"<script> [1562 bytes]","args":[{"selector":{"id":"application-manageresources-display-component---newResourceUnit--PLANNING_GROUP","interaction":{"idSuffix":"inner"}},"wdio_ui5_key":"applicationmanageresources-display-component---newResourceUnit--PLANNING_GROUP"}]}
RESULT: undefined
COMMAND: POST /session/a61471faa2a572325c8c01ea6c194ba1/execute/async - {"script":"<script> [776 bytes]","args":[{"enterText":"Heavy Equi","selector":{"id":"application-manageresources-display-component---newResourceUnit--PLANNING_GROUP","interaction":{"idSuffix":"inner"}},"clearTextFirst":true,"interactionType":"ENTER_TEXT"}]}
RESULT: {}
RESULT: {"script":"<script> [776 bytes]","args":[{"enterText":"Heavy Equi","selector":{"id":"application-manageresources-display-component---newResourceUnit--PLANNING_GROUP","interaction":{"idSuffix":"inner"}},"clearTextFirst":true,"interactionType":"ENTER_TEXT"}]}
COMMAND: POST /session/a61471faa2a572325c8c01ea6c194ba1/execute/async - {"script":"<script> [1562 bytes]","args":[{"selector":{"id":"application-manageresources-display-component---newResourceUnit--ITEM_TYPE-arrow"},"wdio_ui5_key":"applicationmanageresources-display-component---newResourceUnit--ITEM_TYPE-arrow"}]}
RESULT: {"script":"<script> [1562 bytes]","args":[{"selector":{"id":"application-manageresources-display-component---newResourceUnit--ITEM_TYPE-arrow"},"wdio_ui5_key":"applicationmanageresources-display-component---newResourceUnit--ITEM_TYPE-arrow"}]}
RESULT: undefined
COMMAND: POST /session/a61471faa2a572325c8c01ea6c194ba1/element - {"using":"xpath","value":"//*[@id=\"application-manageresources-display-component---newResourceUnit--ITEM_TYPE-arrow\"]"}
RESULT: {"using":"xpath","value":"//*[@id=\"application-manageresources-display-component---newResourceUnit--ITEM_TYPE-arrow\"]"}
COMMAND: POST /session/a61471faa2a572325c8c01ea6c194ba1/element/f.E650C83CD3BCDAFFADB668DA9E39007C.d.C4F683F0E27E546DE145797A8453788B.e.7720/click - {}
RESULT: {}
COMMAND: POST /session/a61471faa2a572325c8c01ea6c194ba1/execute/async - {"script":"<script> [1562 bytes]","args":[{"selector":{"controlType":"sap.m.StandardListItem","viewName":"reusables.view.manageresources.NewResourceUnit","viewId":"application-manageresources-display-component---newResourceUnit","properties":{"title":"Resource Unit"},"searchOpenDialogs":true,"interaction":{"idSuffix":"titleText"}},"wdio_ui5_key":"reusablesview.manageresources.NewResourceUnitsap.m.StandardListItem{\"title\":\"Resource Unit\"}"}]}
COMMAND: GET /session/a61471faa2a572325c8c01ea6c194ba1/screenshot - {}
RESULT: {"script":"<script> [1562 bytes]","args":[{"selector":{"controlType":"sap.m.StandardListItem","viewName":"reusables.view.manageresources.NewResourceUnit","viewId":"application-manageresources-display-component---newResourceUnit","properties":{"title":"Resource Unit"},"searchOpenDialogs":true,"interaction":{"idSuffix":"titleText"}},"wdio_ui5_key":"reusablesview.manageresources.NewResourceUnitsap.m.StandardListItem{\"title\":\"Resource Unit\"}"}]}
RESULT: undefined
COMMAND: POST /session/a61471faa2a572325c8c01ea6c194ba1/element - {"using":"xpath","value":"//*[@id=\"__item223\"]"}
RESULT: {}
RESULT: {"using":"xpath","value":"//*[@id=\"__item223\"]"}
COMMAND: POST /session/a61471faa2a572325c8c01ea6c194ba1/element/f.E650C83CD3BCDAFFADB668DA9E39007C.d.C4F683F0E27E546DE145797A8453788B.e.7722/click - {}
RESULT: {}
COMMAND: POST /session/a61471faa2a572325c8c01ea6c194ba1/element - {"using":"xpath","value":"//bdi[contains(text(), \"Time Segment\")]"}
COMMAND: GET /session/a61471faa2a572325c8c01ea6c194ba1/screenshot - {}
RESULT: {"using":"xpath","value":"//bdi[contains(text(), \"Time Segment\")]"}
COMMAND: GET /session/a61471faa2a572325c8c01ea6c194ba1/element/f.E650C83CD3BCDAFFADB668DA9E39007C.d.C4F683F0E27E546DE145797A8453788B.e.7731/rect - {}
RESULT: {}
RESULT: {}
COMMAND: GET /session/a61471faa2a572325c8c01ea6c194ba1/window/rect - {}
RESULT: {}
COMMAND: POST /session/a61471faa2a572325c8c01ea6c194ba1/execute/sync - {"script":"<script> [92 bytes]","args":[]}
RESULT: {"script":"<script> [92 bytes]","args":[]}
COMMAND: POST /session/a61471faa2a572325c8c01ea6c194ba1/actions - {"actions":[{"id":"action20","type":"wheel","parameters":{},"actions":[{"type":"scroll","x":-1820,"y":-21,"deltaX":0,"deltaY":0,"duration":0,"origin":{"element-6066-11e4-a52e-4f735466cecf":"f.E650C83CD3BCDAFFADB668DA9E39007C.d.C4F683F0E27E546DE145797A8453788B.e.7731"}}]}]}
COMMAND: GET /session/a61471faa2a572325c8c01ea6c194ba1/screenshot - {}
RESULT: {}
COMMAND: POST /session/a61471faa2a572325c8c01ea6c194ba1/execute/sync - {"script":"<script> [79 bytes]","args":[{"element-6066-11e4-a52e-4f735466cecf":"f.E650C83CD3BCDAFFADB668DA9E39007C.d.C4F683F0E27E546DE145797A8453788B.e.7731","ELEMENT":"f.E650C83CD3BCDAFFADB668DA9E39007C.d.C4F683F0E27E546DE145797A8453788B.e.7731"},{"block":"start","inline":"nearest"}]}
RESULT: {"script":"<script> [79 bytes]","args":[{"element-6066-11e4-a52e-4f735466cecf":"f.E650C83CD3BCDAFFADB668DA9E39007C.d.C4F683F0E27E546DE145797A8453788B.e.7731","ELEMENT":"f.E650C83CD3BCDAFFADB668DA9E39007C.d.C4F683F0E27E546DE145797A8453788B.e.7731"},{"block":"start","inline":"nearest"}]}
COMMAND: POST /session/a61471faa2a572325c8c01ea6c194ba1/execute/async - {"script":"<script> [1562 bytes]","args":[{"selector":{"id":"application-manageresources-display-component---newResourceUnit--btnAddTimeSegment-img"},"wdio_ui5_key":"applicationmanageresources-display-component---newResourceUnit--btnAddTimeSegment-img"}]}
COMMAND: GET /session/a61471faa2a572325c8c01ea6c194ba1/screenshot - {}
RESULT: {"script":"<script> [1562 bytes]","args":[{"selector":{"id":"application-manageresources-display-component---newResourceUnit--btnAddTimeSegment-img"},"wdio_ui5_key":"applicationmanageresources-display-component---newResourceUnit--btnAddTimeSegment-img"}]}
RESULT: undefined
COMMAND: POST /session/a61471faa2a572325c8c01ea6c194ba1/element - {"using":"xpath","value":"//*[@id=\"application-manageresources-display-component---newResourceUnit--btnAddTimeSegment-img\"]"}
RESULT: {}
RESULT: {"using":"xpath","value":"//*[@id=\"application-manageresources-display-component---newResourceUnit--btnAddTimeSegment-img\"]"}
COMMAND: POST /session/a61471faa2a572325c8c01ea6c194ba1/element/f.E650C83CD3BCDAFFADB668DA9E39007C.d.C4F683F0E27E546DE145797A8453788B.e.7734/click - {}
RESULT: {}
COMMAND: POST /session/a61471faa2a572325c8c01ea6c194ba1/element - {"using":"xpath","value":"//input[@id=\"application-manageresources-display-component---newResourceUnit--idRuTSAdmin-application-manageresources-display-component---newResourceUnit--RUTimeSegment-0-inner\"]"}
COMMAND: GET /session/a61471faa2a572325c8c01ea6c194ba1/screenshot - {}
RESULT: {"using":"xpath","value":"//input[@id=\"application-manageresources-display-component---newResourceUnit--idRuTSAdmin-application-manageresources-display-component---newResourceUnit--RUTimeSegment-0-inner\"]"}
COMMAND: POST /session/a61471faa2a572325c8c01ea6c194ba1/element/f.E650C83CD3BCDAFFADB668DA9E39007C.d.C4F683F0E27E546DE145797A8453788B.e.7737/clear - {}
RESULT: {}
RESULT: {}
COMMAND: POST /session/a61471faa2a572325c8c01ea6c194ba1/element/f.E650C83CD3BCDAFFADB668DA9E39007C.d.C4F683F0E27E546DE145797A8453788B.e.7737/value - {"text":"Webdriver Yard"}
COMMAND: GET /session/a61471faa2a572325c8c01ea6c194ba1/screenshot - {}
RESULT: {"text":"Webdriver Yard"}
COMMAND: GET /session/a61471faa2a572325c8c01ea6c194ba1/screenshot - {}
RESULT: {}
RESULT: {}
COMMAND: POST /session/a61471faa2a572325c8c01ea6c194ba1/actions - {"actions":[{"id":"action21","type":"key","parameters":{},"actions":[{"type":"keyDown","value":""},{"type":"pause","duration":10},{"type":"keyUp","value":""}]}]}
RESULT: {"actions":[{"id":"action21","type":"key","parameters":{},"actions":[{"type":"keyDown","value":""},{"type":"pause","duration":10},{"type":"keyUp","value":""}]}]}
COMMAND: POST /session/a61471faa2a572325c8c01ea6c194ba1/execute/async - {"script":"<script> [1562 bytes]","args":[{"selector":{"controlType":"sap.ui.core.Icon","viewName":"reusables.view.manageresources.NewResourceUnit","viewId":"application-manageresources-display-component---newResourceUnit","properties":{"src":{"regex":{"source":"slim\\-arrow\\-down"}}},"ancestor":{"controlType":"sap.m.ComboBox","viewName":"reusables.view.manageresources.NewResourceUnit","viewId":"application-manageresources-display-component---newResourceUnit","bindingPath":{"path":"/RESOURCE_UNIT_TIME_SEQUENCES/0","propertyPath":"COST_OBJECT_ADMIN_CST_TYPE","modelName":"oNewRruModel"}}},"wdio_ui5_key":"reusablesview.manageresources.NewResourceUnitsap.ui.core.Icon{\"src\":{\"regex\":{\"source\":\"slim\\\\-arrow\\\\-down\"}}}{\"controlType\":\"sap.m.ComboBox\",\"viewName\":\"reusables.view.manageresources.NewResourceUnit\",\"viewId\":\"application-manageresources-display-component---newResourceUnit\",\"bindingPath\":{\"path\":\"/RESOURCE_UNIT_TIME_SEQUENCES/0\",\"propertyPath\":\"COST_OBJECT_ADMIN_CST_TYPE\",\"modelName\":\"oNewRruModel\"}}"}]}
COMMAND: GET /session/a61471faa2a572325c8c01ea6c194ba1/screenshot - {}
RESULT: {"script":"<script> [1562 bytes]","args":[{"selector":{"controlType":"sap.ui.core.Icon","viewName":"reusables.view.manageresources.NewResourceUnit","viewId":"application-manageresources-display-component---newResourceUnit","properties":{"src":{"regex":{"source":"slim\\-arrow\\-down"}}},"ancestor":{"controlType":"sap.m.ComboBox","viewName":"reusables.view.manageresources.NewResourceUnit","viewId":"application-manageresources-display-component---newResourceUnit","bindingPath":{"path":"/RESOURCE_UNIT_TIME_SEQUENCES/0","propertyPath":"COST_OBJECT_ADMIN_CST_TYPE","modelName":"oNewRruModel"}}},"wdio_ui5_key":"reusablesview.manageresources.NewResourceUnitsap.ui.core.Icon{\"src\":{\"regex\":{\"source\":\"slim\\\\-arrow\\\\-down\"}}}{\"controlType\":\"sap.m.ComboBox\",\"viewName\":\"reusables.view.manageresources.NewResourceUnit\",\"viewId\":\"application-manageresources-display-component---newResourceUnit\",\"bindingPath\":{\"path\":\"/RESOURCE_UNIT_TIME_SEQUENCES/0\",\"propertyPath\":\"COST_OBJECT_ADMIN_CST_TYPE\",\"modelName\":\"oNewRruModel\"}}"}]}
RESULT: undefined
COMMAND: POST /session/a61471faa2a572325c8c01ea6c194ba1/element - {"using":"xpath","value":"//*[@id=\"__box4-application-manageresources-display-component---newResourceUnit--RUTimeSegment-0-arrow\"]"}
RESULT: {}
RESULT: {"using":"xpath","value":"//*[@id=\"__box4-application-manageresources-display-component---newResourceUnit--RUTimeSegment-0-arrow\"]"}
COMMAND: POST /session/a61471faa2a572325c8c01ea6c194ba1/element/f.E650C83CD3BCDAFFADB668DA9E39007C.d.C4F683F0E27E546DE145797A8453788B.e.7750/click - {}
RESULT: {}
COMMAND: POST /session/a61471faa2a572325c8c01ea6c194ba1/execute/async - {"script":"<script> [1562 bytes]","args":[{"selector":{"controlType":"sap.m.StandardListItem","viewName":"reusables.view.manageresources.NewResourceUnit","viewId":"application-manageresources-display-component---newResourceUnit","properties":{"title":"PM Order"},"searchOpenDialogs":true,"interaction":{"idSuffix":"titleText"}},"wdio_ui5_key":"reusablesview.manageresources.NewResourceUnitsap.m.StandardListItem{\"title\":\"PM Order\"}"}]}
COMMAND: GET /session/a61471faa2a572325c8c01ea6c194ba1/screenshot - {}
RESULT: {"script":"<script> [1562 bytes]","args":[{"selector":{"controlType":"sap.m.StandardListItem","viewName":"reusables.view.manageresources.NewResourceUnit","viewId":"application-manageresources-display-component---newResourceUnit","properties":{"title":"PM Order"},"searchOpenDialogs":true,"interaction":{"idSuffix":"titleText"}},"wdio_ui5_key":"reusablesview.manageresources.NewResourceUnitsap.m.StandardListItem{\"title\":\"PM Order\"}"}]}
RESULT: undefined
COMMAND: POST /session/a61471faa2a572325c8c01ea6c194ba1/element - {"using":"xpath","value":"//*[@id=\"__item396\"]"}
RESULT: {}
RESULT: {"using":"xpath","value":"//*[@id=\"__item396\"]"}
COMMAND: POST /session/a61471faa2a572325c8c01ea6c194ba1/element/f.E650C83CD3BCDAFFADB668DA9E39007C.d.C4F683F0E27E546DE145797A8453788B.e.7754/click - {}
RESULT: {}
COMMAND: GET /session/a61471faa2a572325c8c01ea6c194ba1/screenshot - {}
RESULT: {}
COMMAND: POST /session/a61471faa2a572325c8c01ea6c194ba1/element - {"using":"xpath","value":"(//input[contains(@id ,\"-application-manageresources-display-component---newResourceUnit--RUTimeSegment-0-inner\")])[8]"}
RESULT: {"using":"xpath","value":"(//input[contains(@id ,\"-application-manageresources-display-component---newResourceUnit--RUTimeSegment-0-inner\")])[8]"}
COMMAND: POST /session/a61471faa2a572325c8c01ea6c194ba1/element/f.E650C83CD3BCDAFFADB668DA9E39007C.d.C4F683F0E27E546DE145797A8453788B.e.7757/clear - {}
RESULT: {}
COMMAND: POST /session/a61471faa2a572325c8c01ea6c194ba1/element/f.E650C83CD3BCDAFFADB668DA9E39007C.d.C4F683F0E27E546DE145797A8453788B.e.7757/value - {"text":"4000360"}
COMMAND: GET /session/a61471faa2a572325c8c01ea6c194ba1/screenshot - {}
RESULT: {"text":"4000360"}
COMMAND: GET /session/a61471faa2a572325c8c01ea6c194ba1/screenshot - {}
RESULT: {}
RESULT: {}
COMMAND: POST /session/a61471faa2a572325c8c01ea6c194ba1/actions - {"actions":[{"id":"action22","type":"key","parameters":{},"actions":[{"type":"keyDown","value":""},{"type":"pause","duration":10},{"type":"keyUp","value":""}]}]}
RESULT: {"actions":[{"id":"action22","type":"key","parameters":{},"actions":[{"type":"keyDown","value":""},{"type":"pause","duration":10},{"type":"keyUp","value":""}]}]}
COMMAND: GET /session/a61471faa2a572325c8c01ea6c194ba1/screenshot - {}
RESULT: {}
COMMAND: POST /session/a61471faa2a572325c8c01ea6c194ba1/execute/async - {"script":"<script> [1562 bytes]","args":[{"selector":{"id":"application-manageresources-display-component---newResourceUnit--newTimeSegmentDateRangePicker-application-manageresources-display-component---newResourceUnit--RUTimeSegment-0","interaction":{"idSuffix":"inner"}},"wdio_ui5_key":"applicationmanageresources-display-component---newResourceUnit--newTimeSegmentDateRangePicker-application-manageresources-display-component---newResourceUnit--RUTimeSegment-0"}]}
RESULT: {"script":"<script> [1562 bytes]","args":[{"selector":{"id":"application-manageresources-display-component---newResourceUnit--newTimeSegmentDateRangePicker-application-manageresources-display-component---newResourceUnit--RUTimeSegment-0","interaction":{"idSuffix":"inner"}},"wdio_ui5_key":"applicationmanageresources-display-component---newResourceUnit--newTimeSegmentDateRangePicker-application-manageresources-display-component---newResourceUnit--RUTimeSegment-0"}]}
RESULT: undefined
COMMAND: POST /session/a61471faa2a572325c8c01ea6c194ba1/execute/async - {"script":"<script> [1562 bytes]","args":[{"selector":{"id":"application-manageresources-display-component---newResourceUnit--newRRUPage-anchBar-application-manageresources-display-component---newResourceUnit--resource-anchor","interaction":{"idSuffix":"BDI-content"}},"wdio_ui5_key":"applicationmanageresources-display-component---newResourceUnit--newRRUPage-anchBar-application-manageresources-display-component---newResourceUnit--resource-anchor"}]}
RESULT: {"script":"<script> [1562 bytes]","args":[{"selector":{"id":"application-manageresources-display-component---newResourceUnit--newRRUPage-anchBar-application-manageresources-display-component---newResourceUnit--resource-anchor","interaction":{"idSuffix":"BDI-content"}},"wdio_ui5_key":"applicationmanageresources-display-component---newResourceUnit--newRRUPage-anchBar-application-manageresources-display-component---newResourceUnit--resource-anchor"}]}
RESULT: undefined
COMMAND: POST /session/a61471faa2a572325c8c01ea6c194ba1/element - {"using":"xpath","value":"//*[@id=\"application-manageresources-display-component---newResourceUnit--newRRUPage-anchBar-application-manageresources-display-component---newResourceUnit--resource-anchor\"]"}
RESULT: {"using":"xpath","value":"//*[@id=\"application-manageresources-display-component---newResourceUnit--newRRUPage-anchBar-application-manageresources-display-component---newResourceUnit--resource-anchor\"]"}
COMMAND: POST /session/a61471faa2a572325c8c01ea6c194ba1/element/f.E650C83CD3BCDAFFADB668DA9E39007C.d.C4F683F0E27E546DE145797A8453788B.e.7776/click - {}
RESULT: {}
COMMAND: POST /session/a61471faa2a572325c8c01ea6c194ba1/execute/async - {"script":"<script> [1562 bytes]","args":[{"selector":{"id":"application-manageresources-display-component---newResourceUnit--PLANNED_DELIVERY_DATE","interaction":{"idSuffix":"inner"}},"wdio_ui5_key":"applicationmanageresources-display-component---newResourceUnit--PLANNED_DELIVERY_DATE"}]}
COMMAND: GET /session/a61471faa2a572325c8c01ea6c194ba1/screenshot - {}
RESULT: {"script":"<script> [1562 bytes]","args":[{"selector":{"id":"application-manageresources-display-component---newResourceUnit--PLANNED_DELIVERY_DATE","interaction":{"idSuffix":"inner"}},"wdio_ui5_key":"applicationmanageresources-display-component---newResourceUnit--PLANNED_DELIVERY_DATE"}]}
RESULT: undefined
COMMAND: POST /session/a61471faa2a572325c8c01ea6c194ba1/execute/async - {"script":"<script> [6424 bytes]","args":[{"element-6066-11e4-a52e-4f735466cecf":"f.E650C83CD3BCDAFFADB668DA9E39007C.d.C4F683F0E27E546DE145797A8453788B.e.7608"},"setValue",["07/14/24"]]}
RESULT: {}
RESULT: {"script":"<script> [6424 bytes]","args":[{"element-6066-11e4-a52e-4f735466cecf":"f.E650C83CD3BCDAFFADB668DA9E39007C.d.C4F683F0E27E546DE145797A8453788B.e.7608"},"setValue",["07/14/24"]]}
COMMAND: POST /session/a61471faa2a572325c8c01ea6c194ba1/execute/async - {"script":"<script> [1562 bytes]","args":[{"selector":{"controlType":"sap.m.Button","viewName":"reusables.view.manageresources.NewResourceUnit","viewId":"application-manageresources-display-component---newResourceUnit","i18NText":{"propertyName":"tooltip","key":"save"},"interaction":{"idSuffix":"BDI-content"}},"wdio_ui5_key":"reusablesview.manageresources.NewResourceUnitsap.m.Button{\"propertyName\":\"tooltip\",\"key\":\"save\"}"}]}
RESULT: {"script":"<script> [1562 bytes]","args":[{"selector":{"controlType":"sap.m.Button","viewName":"reusables.view.manageresources.NewResourceUnit","viewId":"application-manageresources-display-component---newResourceUnit","i18NText":{"propertyName":"tooltip","key":"save"},"interaction":{"idSuffix":"BDI-content"}},"wdio_ui5_key":"reusablesview.manageresources.NewResourceUnitsap.m.Button{\"propertyName\":\"tooltip\",\"key\":\"save\"}"}]}
RESULT: undefined
COMMAND: POST /session/a61471faa2a572325c8c01ea6c194ba1/element - {"using":"xpath","value":"//*[@id=\"application-manageresources-display-component---newResourceUnit--createRuButton\"]"}
RESULT: {"using":"xpath","value":"//*[@id=\"application-manageresources-display-component---newResourceUnit--createRuButton\"]"}
COMMAND: POST /session/a61471faa2a572325c8c01ea6c194ba1/element/f.E650C83CD3BCDAFFADB668DA9E39007C.d.C4F683F0E27E546DE145797A8453788B.e.7568/click - {}
RESULT: {}
COMMAND: GET /session/a61471faa2a572325c8c01ea6c194ba1/screenshot - {}
RESULT: {}
COMMAND: POST /session/a61471faa2a572325c8c01ea6c194ba1/execute/async - {"script":"<script> [1562 bytes]","args":[{"selector":{"controlType":"sap.m.Button","properties":{"text":"Close"},"searchOpenDialogs":true,"interaction":{"idSuffix":"inner"}},"wdio_ui5_key":"sapm.Button{\"text\":\"Close\"}"}]}
RESULT: {"script":"<script> [1562 bytes]","args":[{"selector":{"controlType":"sap.m.Button","properties":{"text":"Close"},"searchOpenDialogs":true,"interaction":{"idSuffix":"inner"}},"wdio_ui5_key":"sapm.Button{\"text\":\"Close\"}"}]}
RESULT: undefined
COMMAND: POST /session/a61471faa2a572325c8c01ea6c194ba1/element - {"using":"xpath","value":"//*[@id=\"__mbox-btn-0\"]"}
RESULT: {"using":"xpath","value":"//*[@id=\"__mbox-btn-0\"]"}
COMMAND: POST /session/a61471faa2a572325c8c01ea6c194ba1/element/f.E650C83CD3BCDAFFADB668DA9E39007C.d.C4F683F0E27E546DE145797A8453788B.e.7782/click - {}
RESULT: {}
COMMAND: GET /session/a61471faa2a572325c8c01ea6c194ba1/screenshot - {}
COMMAND: POST /session/a61471faa2a572325c8c01ea6c194ba1/execute/async - {"script":"<script> [1562 bytes]","args":[{"selector":{"controlType":"sap.m.Text","viewName":"etm.portal.ui.manageresources.view.Detail","viewId":"application-manageresources-display-component---detailRU","bindingPath":{"propertyPath":"ID","modelName":"catalogModel"}},"wdio_ui5_key":"etmportal.ui.manageresources.view.Detailsap.m.Text{\"propertyPath\":\"ID\",\"modelName\":\"catalogModel\"}"}]}
RESULT: {}
RESULT: {"script":"<script> [1562 bytes]","args":[{"selector":{"controlType":"sap.m.Text","viewName":"etm.portal.ui.manageresources.view.Detail","viewId":"application-manageresources-display-component---detailRU","bindingPath":{"propertyPath":"ID","modelName":"catalogModel"}},"wdio_ui5_key":"etmportal.ui.manageresources.view.Detailsap.m.Text{\"propertyPath\":\"ID\",\"modelName\":\"catalogModel\"}"}]}
RESULT: undefined
COMMAND: POST /session/a61471faa2a572325c8c01ea6c194ba1/execute/async - {"script":"<script> [6424 bytes]","args":[{"element-6066-11e4-a52e-4f735466cecf":"f.E650C83CD3BCDAFFADB668DA9E39007C.d.C4F683F0E27E546DE145797A8453788B.e.7843"},"getText",[]]}
RESULT: {"script":"<script> [6424 bytes]","args":[{"element-6066-11e4-a52e-4f735466cecf":"f.E650C83CD3BCDAFFADB668DA9E39007C.d.C4F683F0E27E546DE145797A8453788B.e.7843"},"getText",[]]}
COMMAND: POST /session/a61471faa2a572325c8c01ea6c194ba1/element - {"using":"xpath","value":"//bdi[text()=\"Edit\"]"}
RESULT: {"using":"xpath","value":"//bdi[text()=\"Edit\"]"}
COMMAND: GET /session/a61471faa2a572325c8c01ea6c194ba1/element/f.E650C83CD3BCDAFFADB668DA9E39007C.d.C4F683F0E27E546DE145797A8453788B.e.7844/enabled - {}
RESULT: {}
COMMAND: POST /session/a61471faa2a572325c8c01ea6c194ba1/execute/sync - {"script":"<script> [8489 bytes]","args":[{"element-6066-11e4-a52e-4f735466cecf":"f.E650C83CD3BCDAFFADB668DA9E39007C.d.C4F683F0E27E546DE145797A8453788B.e.7844","ELEMENT":"f.E650C83CD3BCDAFFADB668DA9E39007C.d.C4F683F0E27E546DE145797A8453788B.e.7844"}]}
COMMAND: GET /session/a61471faa2a572325c8c01ea6c194ba1/screenshot - {}
RESULT: {"script":"<script> [8489 bytes]","args":[{"element-6066-11e4-a52e-4f735466cecf":"f.E650C83CD3BCDAFFADB668DA9E39007C.d.C4F683F0E27E546DE145797A8453788B.e.7844","ELEMENT":"f.E650C83CD3BCDAFFADB668DA9E39007C.d.C4F683F0E27E546DE145797A8453788B.e.7844"}]}
COMMAND: POST /session/a61471faa2a572325c8c01ea6c194ba1/execute/sync - {"script":"<script> [5351 bytes]","args":[{"element-6066-11e4-a52e-4f735466cecf":"f.E650C83CD3BCDAFFADB668DA9E39007C.d.C4F683F0E27E546DE145797A8453788B.e.7844","ELEMENT":"f.E650C83CD3BCDAFFADB668DA9E39007C.d.C4F683F0E27E546DE145797A8453788B.e.7844"}]}
COMMAND: GET /session/a61471faa2a572325c8c01ea6c194ba1/screenshot - {}
RESULT: {}
RESULT: {"script":"<script> [5351 bytes]","args":[{"element-6066-11e4-a52e-4f735466cecf":"f.E650C83CD3BCDAFFADB668DA9E39007C.d.C4F683F0E27E546DE145797A8453788B.e.7844","ELEMENT":"f.E650C83CD3BCDAFFADB668DA9E39007C.d.C4F683F0E27E546DE145797A8453788B.e.7844"}]}
COMMAND: POST /session/a61471faa2a572325c8c01ea6c194ba1/element/f.E650C83CD3BCDAFFADB668DA9E39007C.d.C4F683F0E27E546DE145797A8453788B.e.7844/click - {}
COMMAND: GET /session/a61471faa2a572325c8c01ea6c194ba1/screenshot - {}
RESULT: {}
RESULT: {}
COMMAND: GET /session/a61471faa2a572325c8c01ea6c194ba1/screenshot - {}
RESULT: {}
RESULT: {}
COMMAND: POST /session/a61471faa2a572325c8c01ea6c194ba1/element - {"using":"xpath","value":"//bdi[@id=\"application-manageresources-display-component---editResource--editRruPage-anchBar-application-manageresources-display-component---editResource--counters-anchor-BDI-content\"]"}
RESULT: {"using":"xpath","value":"//bdi[@id=\"application-manageresources-display-component---editResource--editRruPage-anchBar-application-manageresources-display-component---editResource--counters-anchor-BDI-content\"]"}
COMMAND: POST /session/a61471faa2a572325c8c01ea6c194ba1/execute/sync - {"script":"<script> [8489 bytes]","args":[{"element-6066-11e4-a52e-4f735466cecf":"f.E650C83CD3BCDAFFADB668DA9E39007C.d.C4F683F0E27E546DE145797A8453788B.e.7979","ELEMENT":"f.E650C83CD3BCDAFFADB668DA9E39007C.d.C4F683F0E27E546DE145797A8453788B.e.7979"}]}
RESULT: {"script":"<script> [8489 bytes]","args":[{"element-6066-11e4-a52e-4f735466cecf":"f.E650C83CD3BCDAFFADB668DA9E39007C.d.C4F683F0E27E546DE145797A8453788B.e.7979","ELEMENT":"f.E650C83CD3BCDAFFADB668DA9E39007C.d.C4F683F0E27E546DE145797A8453788B.e.7979"}]}
COMMAND: POST /session/a61471faa2a572325c8c01ea6c194ba1/element/f.E650C83CD3BCDAFFADB668DA9E39007C.d.C4F683F0E27E546DE145797A8453788B.e.7979/click - {}
COMMAND: GET /session/a61471faa2a572325c8c01ea6c194ba1/screenshot - {}
RESULT: {}
COMMAND: GET /session/a61471faa2a572325c8c01ea6c194ba1/screenshot - {}
RESULT: {}
RESULT: {}
COMMAND: POST /session/a61471faa2a572325c8c01ea6c194ba1/execute/async - {"script":"<script> [1562 bytes]","args":[{"selector":{"id":"application-manageresources-display-component---editResource--btnAddCounter-img"},"wdio_ui5_key":"applicationmanageresources-display-component---editResource--btnAddCounter-img"}]}
RESULT: {"script":"<script> [1562 bytes]","args":[{"selector":{"id":"application-manageresources-display-component---editResource--btnAddCounter-img"},"wdio_ui5_key":"applicationmanageresources-display-component---editResource--btnAddCounter-img"}]}
RESULT: undefined
COMMAND: POST /session/a61471faa2a572325c8c01ea6c194ba1/element - {"using":"xpath","value":"//*[@id=\"application-manageresources-display-component---editResource--btnAddCounter-img\"]"}
RESULT: {"using":"xpath","value":"//*[@id=\"application-manageresources-display-component---editResource--btnAddCounter-img\"]"}
COMMAND: POST /session/a61471faa2a572325c8c01ea6c194ba1/element/f.E650C83CD3BCDAFFADB668DA9E39007C.d.C4F683F0E27E546DE145797A8453788B.e.7992/click - {}
RESULT: {}
COMMAND: GET /session/a61471faa2a572325c8c01ea6c194ba1/screenshot - {}
RESULT: {}
COMMAND: POST /session/a61471faa2a572325c8c01ea6c194ba1/execute/async - {"script":"<script> [1562 bytes]","args":[{"selector":{"id":"application-manageresources-display-component---editResource--HAND_OVER_TYPE-application-manageresources-display-component---editResource--RUCounters-0","interaction":{"idSuffix":"CbBg"}},"wdio_ui5_key":"applicationmanageresources-display-component---editResource--HAND_OVER_TYPE-application-manageresources-display-component---editResource--RUCounters-0"}]}
RESULT: {"script":"<script> [1562 bytes]","args":[{"selector":{"id":"application-manageresources-display-component---editResource--HAND_OVER_TYPE-application-manageresources-display-component---editResource--RUCounters-0","interaction":{"idSuffix":"CbBg"}},"wdio_ui5_key":"applicationmanageresources-display-component---editResource--HAND_OVER_TYPE-application-manageresources-display-component---editResource--RUCounters-0"}]}
RESULT: undefined
COMMAND: POST /session/a61471faa2a572325c8c01ea6c194ba1/element - {"using":"xpath","value":"//*[@id=\"application-manageresources-display-component---editResource--HAND_OVER_TYPE-application-manageresources-display-component---editResource--RUCounters-0\"]"}
RESULT: {"using":"xpath","value":"//*[@id=\"application-manageresources-display-component---editResource--HAND_OVER_TYPE-application-manageresources-display-component---editResource--RUCounters-0\"]"}
COMMAND: POST /session/a61471faa2a572325c8c01ea6c194ba1/element/f.E650C83CD3BCDAFFADB668DA9E39007C.d.C4F683F0E27E546DE145797A8453788B.e.7998/click - {}
RESULT: {}
COMMAND: POST /session/a61471faa2a572325c8c01ea6c194ba1/execute/async - {"script":"<script> [1562 bytes]","args":[{"selector":{"controlType":"sap.m.Button","viewName":"etm.portal.ui.manageresources.view.EditResource","viewId":"application-manageresources-display-component---editResource","i18NText":{"propertyName":"text","key":"save"},"interaction":{"idSuffix":"BDI-content"}},"wdio_ui5_key":"etmportal.ui.manageresources.view.EditResourcesap.m.Button{\"propertyName\":\"text\",\"key\":\"save\"}"}]}
COMMAND: GET /session/a61471faa2a572325c8c01ea6c194ba1/screenshot - {}
RESULT: {"script":"<script> [1562 bytes]","args":[{"selector":{"controlType":"sap.m.Button","viewName":"etm.portal.ui.manageresources.view.EditResource","viewId":"application-manageresources-display-component---editResource","i18NText":{"propertyName":"text","key":"save"},"interaction":{"idSuffix":"BDI-content"}},"wdio_ui5_key":"etmportal.ui.manageresources.view.EditResourcesap.m.Button{\"propertyName\":\"text\",\"key\":\"save\"}"}]}
RESULT: undefined
COMMAND: POST /session/a61471faa2a572325c8c01ea6c194ba1/element - {"using":"xpath","value":"//*[@id=\"__button102\"]"}
RESULT: {}
RESULT: {"using":"xpath","value":"//*[@id=\"__button102\"]"}
COMMAND: POST /session/a61471faa2a572325c8c01ea6c194ba1/element/f.E650C83CD3BCDAFFADB668DA9E39007C.d.C4F683F0E27E546DE145797A8453788B.e.8000/click - {}
RESULT: {}
COMMAND: GET /session/a61471faa2a572325c8c01ea6c194ba1/screenshot - {}
RESULT: {}
COMMAND: POST /session/a61471faa2a572325c8c01ea6c194ba1/element - {"using":"css selector","value":"#shell-header-logo"}
RESULT: {"using":"css selector","value":"#shell-header-logo"}
COMMAND: POST /session/a61471faa2a572325c8c01ea6c194ba1/elements - {"using":"css selector","value":"#shell-header-logo"}
RESULT: {"using":"css selector","value":"#shell-header-logo"}
COMMAND: POST /session/a61471faa2a572325c8c01ea6c194ba1/execute/sync - {"script":"<script> [8489 bytes]","args":[{"element-6066-11e4-a52e-4f735466cecf":"f.E650C83CD3BCDAFFADB668DA9E39007C.d.C4F683F0E27E546DE145797A8453788B.e.7074","ELEMENT":"f.E650C83CD3BCDAFFADB668DA9E39007C.d.C4F683F0E27E546DE145797A8453788B.e.7074"}]}
RESULT: {"script":"<script> [8489 bytes]","args":[{"element-6066-11e4-a52e-4f735466cecf":"f.E650C83CD3BCDAFFADB668DA9E39007C.d.C4F683F0E27E546DE145797A8453788B.e.7074","ELEMENT":"f.E650C83CD3BCDAFFADB668DA9E39007C.d.C4F683F0E27E546DE145797A8453788B.e.7074"}]}
COMMAND: POST /session/a61471faa2a572325c8c01ea6c194ba1/execute/sync - {"script":"<script> [5351 bytes]","args":[{"element-6066-11e4-a52e-4f735466cecf":"f.E650C83CD3BCDAFFADB668DA9E39007C.d.C4F683F0E27E546DE145797A8453788B.e.7074","ELEMENT":"f.E650C83CD3BCDAFFADB668DA9E39007C.d.C4F683F0E27E546DE145797A8453788B.e.7074"}]}
COMMAND: GET /session/a61471faa2a572325c8c01ea6c194ba1/screenshot - {}
RESULT: {"script":"<script> [5351 bytes]","args":[{"element-6066-11e4-a52e-4f735466cecf":"f.E650C83CD3BCDAFFADB668DA9E39007C.d.C4F683F0E27E546DE145797A8453788B.e.7074","ELEMENT":"f.E650C83CD3BCDAFFADB668DA9E39007C.d.C4F683F0E27E546DE145797A8453788B.e.7074"}]}
COMMAND: POST /session/a61471faa2a572325c8c01ea6c194ba1/element/f.E650C83CD3BCDAFFADB668DA9E39007C.d.C4F683F0E27E546DE145797A8453788B.e.7074/click - {}
COMMAND: GET /session/a61471faa2a572325c8c01ea6c194ba1/screenshot - {}
RESULT: {}
RESULT: {}
COMMAND: GET /session/a61471faa2a572325c8c01ea6c194ba1/screenshot - {}
RESULT: {}
RESULT: {}
COMMAND: POST /session/a61471faa2a572325c8c01ea6c194ba1/element - {"using":"css selector","value":"#shell-header-logo"}
RESULT: {"using":"css selector","value":"#shell-header-logo"}
COMMAND: POST /session/a61471faa2a572325c8c01ea6c194ba1/element/f.E650C83CD3BCDAFFADB668DA9E39007C.d.C4F683F0E27E546DE145797A8453788B.e.8012/click - {}
RESULT: {}
COMMAND: GET /session/a61471faa2a572325c8c01ea6c194ba1/screenshot - {}
RESULT: {}
]]></system-out>
    </testcase>
  </testsuite>
  <testsuite timestamp="2025-06-14T15:49:00" time="102.101" tests="2" failures="0" errors="0" skipped="0">
    <properties>
      <property name="specId" value="0"/>
      <property name="suiteName" value="Personnel creation and reference material verification  US120163"/>
      <property name="capabilities" value="chrome.137_0_7151_69.windows"/>
      <property name="file" value="file:///D:/a/1/s/test/specs/R2C/create-personnel-no-material-reference.spec.js"/>
    </properties>
    <testcase classname="chrome.137_0_7151_69.windows.Personnel_creation_and_reference_material_verification__US120163" name="Should create a new personnel and verify if the material reference is visible" time="82.023">
      <system-out><![CDATA[
RESULT: undefined
COMMAND: POST /session/a61471faa2a572325c8c01ea6c194ba1/element - {"using":"xpath","value":"//*[@id=\"__tile32\"]"}
RESULT: {"using":"xpath","value":"//*[@id=\"__tile32\"]"}
COMMAND: POST /session/a61471faa2a572325c8c01ea6c194ba1/element/f.E650C83CD3BCDAFFADB668DA9E39007C.d.C4F683F0E27E546DE145797A8453788B.e.7098/click - {}
RESULT: {}
COMMAND: GET /session/a61471faa2a572325c8c01ea6c194ba1/screenshot - {}
RESULT: {}
COMMAND: POST /session/a61471faa2a572325c8c01ea6c194ba1/elements - {"using":"xpath","value":"//span[text()='Error']"}
RESULT: {"using":"xpath","value":"//span[text()='Error']"}
COMMAND: POST /session/a61471faa2a572325c8c01ea6c194ba1/element - {"using":"xpath","value":"//button[@data-kt=\"addNewRUOverflowToolbarButton\"]"}
RESULT: {"using":"xpath","value":"//button[@data-kt=\"addNewRUOverflowToolbarButton\"]"}
COMMAND: POST /session/a61471faa2a572325c8c01ea6c194ba1/execute/sync - {"script":"<script> [8489 bytes]","args":[{"element-6066-11e4-a52e-4f735466cecf":"f.E650C83CD3BCDAFFADB668DA9E39007C.d.C4F683F0E27E546DE145797A8453788B.e.8051","ELEMENT":"f.E650C83CD3BCDAFFADB668DA9E39007C.d.C4F683F0E27E546DE145797A8453788B.e.8051"}]}
RESULT: {"script":"<script> [8489 bytes]","args":[{"element-6066-11e4-a52e-4f735466cecf":"f.E650C83CD3BCDAFFADB668DA9E39007C.d.C4F683F0E27E546DE145797A8453788B.e.8051","ELEMENT":"f.E650C83CD3BCDAFFADB668DA9E39007C.d.C4F683F0E27E546DE145797A8453788B.e.8051"}]}
COMMAND: POST /session/a61471faa2a572325c8c01ea6c194ba1/element/f.E650C83CD3BCDAFFADB668DA9E39007C.d.C4F683F0E27E546DE145797A8453788B.e.8051/click - {}
COMMAND: GET /session/a61471faa2a572325c8c01ea6c194ba1/screenshot - {}
RESULT: {}
RESULT: undefined
COMMAND: POST /session/a61471faa2a572325c8c01ea6c194ba1/element - {"using":"xpath","value":"//*[@id=\"application-manageresources-display-component---newResourceUnit--TYPE-arrow\"]"}
COMMAND: GET /session/a61471faa2a572325c8c01ea6c194ba1/screenshot - {}
RESULT: {}
RESULT: {"using":"xpath","value":"//*[@id=\"application-manageresources-display-component---newResourceUnit--TYPE-arrow\"]"}
COMMAND: POST /session/a61471faa2a572325c8c01ea6c194ba1/element/f.E650C83CD3BCDAFFADB668DA9E39007C.d.C4F683F0E27E546DE145797A8453788B.e.8361/click - {}
RESULT: {}
RESULT: {}
COMMAND: POST /session/a61471faa2a572325c8c01ea6c194ba1/execute/async - {"script":"<script> [1562 bytes]","args":[{"selector":{"controlType":"sap.m.StandardListItem","viewName":"reusables.view.manageresources.NewResourceUnit","viewId":"application-manageresources-display-component---newResourceUnit","properties":{"title":"Personnel"},"searchOpenDialogs":true,"interaction":{"idSuffix":"titleText"}},"wdio_ui5_key":"reusablesview.manageresources.NewResourceUnitsap.m.StandardListItem{\"title\":\"Personnel\"}"}]}
COMMAND: GET /session/a61471faa2a572325c8c01ea6c194ba1/screenshot - {}
RESULT: {"script":"<script> [1562 bytes]","args":[{"selector":{"controlType":"sap.m.StandardListItem","viewName":"reusables.view.manageresources.NewResourceUnit","viewId":"application-manageresources-display-component---newResourceUnit","properties":{"title":"Personnel"},"searchOpenDialogs":true,"interaction":{"idSuffix":"titleText"}},"wdio_ui5_key":"reusablesview.manageresources.NewResourceUnitsap.m.StandardListItem{\"title\":\"Personnel\"}"}]}
RESULT: undefined
COMMAND: POST /session/a61471faa2a572325c8c01ea6c194ba1/element - {"using":"xpath","value":"//*[@id=\"__item1063\"]"}
RESULT: {}
RESULT: {"using":"xpath","value":"//*[@id=\"__item1063\"]"}
COMMAND: POST /session/a61471faa2a572325c8c01ea6c194ba1/element/f.E650C83CD3BCDAFFADB668DA9E39007C.d.C4F683F0E27E546DE145797A8453788B.e.8365/click - {}
RESULT: {}
RESULT: undefined
COMMAND: POST /session/a61471faa2a572325c8c01ea6c194ba1/execute/async - {"script":"<script> [776 bytes]","args":[{"enterText":"WdIOPersonnelcdmng","selector":{"id":"application-manageresources-display-component---newResourceUnit--SHORT_TEXT","interaction":{"idSuffix":"inner"}},"clearTextFirst":true,"interactionType":"ENTER_TEXT"}]}
COMMAND: GET /session/a61471faa2a572325c8c01ea6c194ba1/screenshot - {}
RESULT: {"script":"<script> [776 bytes]","args":[{"enterText":"WdIOPersonnelcdmng","selector":{"id":"application-manageresources-display-component---newResourceUnit--SHORT_TEXT","interaction":{"idSuffix":"inner"}},"clearTextFirst":true,"interactionType":"ENTER_TEXT"}]}
COMMAND: POST /session/a61471faa2a572325c8c01ea6c194ba1/element - {"using":"xpath","value":"//bdi[contains(text(), \"Material\")]"}
RESULT: {}
RESULT: {"using":"xpath","value":"//bdi[contains(text(), \"Material\")]"}
COMMAND: POST /session/a61471faa2a572325c8c01ea6c194ba1/element - {"using":"xpath","value":"//bdi[contains(text(), \"Material\")]"}
RESULT: {"using":"xpath","value":"//bdi[contains(text(), \"Material\")]"}
COMMAND: POST /session/a61471faa2a572325c8c01ea6c194ba1/execute/async - {"script":"<script> [1562 bytes]","args":[{"selector":{"id":"application-manageresources-display-component---newResourceUnit--BASE_UNIT_OF_MEASURE-arrow"},"wdio_ui5_key":"applicationmanageresources-display-component---newResourceUnit--BASE_UNIT_OF_MEASURE-arrow"}]}
RESULT: {"script":"<script> [1562 bytes]","args":[{"selector":{"id":"application-manageresources-display-component---newResourceUnit--BASE_UNIT_OF_MEASURE-arrow"},"wdio_ui5_key":"applicationmanageresources-display-component---newResourceUnit--BASE_UNIT_OF_MEASURE-arrow"}]}
RESULT: undefined
COMMAND: POST /session/a61471faa2a572325c8c01ea6c194ba1/element - {"using":"xpath","value":"//*[@id=\"application-manageresources-display-component---newResourceUnit--BASE_UNIT_OF_MEASURE-arrow\"]"}
RESULT: {"using":"xpath","value":"//*[@id=\"application-manageresources-display-component---newResourceUnit--BASE_UNIT_OF_MEASURE-arrow\"]"}
COMMAND: POST /session/a61471faa2a572325c8c01ea6c194ba1/element/f.E650C83CD3BCDAFFADB668DA9E39007C.d.C4F683F0E27E546DE145797A8453788B.e.8471/click - {}
RESULT: {}
COMMAND: POST /session/a61471faa2a572325c8c01ea6c194ba1/execute/async - {"script":"<script> [1562 bytes]","args":[{"selector":{"controlType":"sap.m.StandardListItem","viewName":"reusables.view.manageresources.NewResourceUnit","viewId":"application-manageresources-display-component---newResourceUnit","properties":{"title":"Percent"},"searchOpenDialogs":true,"interaction":{"idSuffix":"titleText"}},"wdio_ui5_key":"reusablesview.manageresources.NewResourceUnitsap.m.StandardListItem{\"title\":\"Percent\"}"}]}
COMMAND: GET /session/a61471faa2a572325c8c01ea6c194ba1/screenshot - {}
RESULT: {"script":"<script> [1562 bytes]","args":[{"selector":{"controlType":"sap.m.StandardListItem","viewName":"reusables.view.manageresources.NewResourceUnit","viewId":"application-manageresources-display-component---newResourceUnit","properties":{"title":"Percent"},"searchOpenDialogs":true,"interaction":{"idSuffix":"titleText"}},"wdio_ui5_key":"reusablesview.manageresources.NewResourceUnitsap.m.StandardListItem{\"title\":\"Percent\"}"}]}
RESULT: undefined
COMMAND: POST /session/a61471faa2a572325c8c01ea6c194ba1/element - {"using":"xpath","value":"//*[@id=\"__item1088\"]"}
RESULT: {}
RESULT: {"using":"xpath","value":"//*[@id=\"__item1088\"]"}
COMMAND: POST /session/a61471faa2a572325c8c01ea6c194ba1/element/f.E650C83CD3BCDAFFADB668DA9E39007C.d.C4F683F0E27E546DE145797A8453788B.e.8473/click - {}
RESULT: {}
COMMAND: POST /session/a61471faa2a572325c8c01ea6c194ba1/execute/async - {"script":"<script> [1562 bytes]","args":[{"selector":{"id":"application-manageresources-display-component---newResourceUnit--PLANNING_GROUP-arrow"},"wdio_ui5_key":"applicationmanageresources-display-component---newResourceUnit--PLANNING_GROUP-arrow"}]}
COMMAND: GET /session/a61471faa2a572325c8c01ea6c194ba1/screenshot - {}
RESULT: {"script":"<script> [1562 bytes]","args":[{"selector":{"id":"application-manageresources-display-component---newResourceUnit--PLANNING_GROUP-arrow"},"wdio_ui5_key":"applicationmanageresources-display-component---newResourceUnit--PLANNING_GROUP-arrow"}]}
RESULT: undefined
COMMAND: POST /session/a61471faa2a572325c8c01ea6c194ba1/element - {"using":"xpath","value":"//*[@id=\"application-manageresources-display-component---newResourceUnit--PLANNING_GROUP-arrow\"]"}
RESULT: {}
RESULT: {"using":"xpath","value":"//*[@id=\"application-manageresources-display-component---newResourceUnit--PLANNING_GROUP-arrow\"]"}
COMMAND: POST /session/a61471faa2a572325c8c01ea6c194ba1/element/f.E650C83CD3BCDAFFADB668DA9E39007C.d.C4F683F0E27E546DE145797A8453788B.e.8474/click - {}
RESULT: {}
COMMAND: GET /session/a61471faa2a572325c8c01ea6c194ba1/screenshot - {}
RESULT: {}
COMMAND: POST /session/a61471faa2a572325c8c01ea6c194ba1/execute/async - {"script":"<script> [1562 bytes]","args":[{"selector":{"controlType":"sap.m.StandardListItem","viewName":"reusables.view.manageresources.NewResourceUnit","viewId":"application-manageresources-display-component---newResourceUnit","properties":{"title":"Operating personnel"},"searchOpenDialogs":true,"interaction":{"idSuffix":"titleText"}},"wdio_ui5_key":"reusablesview.manageresources.NewResourceUnitsap.m.StandardListItem{\"title\":\"Operating personnel\"}"}]}
RESULT: {"script":"<script> [1562 bytes]","args":[{"selector":{"controlType":"sap.m.StandardListItem","viewName":"reusables.view.manageresources.NewResourceUnit","viewId":"application-manageresources-display-component---newResourceUnit","properties":{"title":"Operating personnel"},"searchOpenDialogs":true,"interaction":{"idSuffix":"titleText"}},"wdio_ui5_key":"reusablesview.manageresources.NewResourceUnitsap.m.StandardListItem{\"title\":\"Operating personnel\"}"}]}
RESULT: undefined
COMMAND: POST /session/a61471faa2a572325c8c01ea6c194ba1/element - {"using":"xpath","value":"//*[@id=\"__item1097\"]"}
RESULT: {"using":"xpath","value":"//*[@id=\"__item1097\"]"}
COMMAND: POST /session/a61471faa2a572325c8c01ea6c194ba1/element/f.E650C83CD3BCDAFFADB668DA9E39007C.d.C4F683F0E27E546DE145797A8453788B.e.8476/click - {}
RESULT: {}
COMMAND: GET /session/a61471faa2a572325c8c01ea6c194ba1/screenshot - {}
RESULT: {}
COMMAND: POST /session/a61471faa2a572325c8c01ea6c194ba1/element - {"using":"xpath","value":"//bdi[contains(text(), \"Time Segment\")]"}
RESULT: {"using":"xpath","value":"//bdi[contains(text(), \"Time Segment\")]"}
COMMAND: GET /session/a61471faa2a572325c8c01ea6c194ba1/element/f.E650C83CD3BCDAFFADB668DA9E39007C.d.C4F683F0E27E546DE145797A8453788B.e.8477/rect - {}
RESULT: {}
COMMAND: GET /session/a61471faa2a572325c8c01ea6c194ba1/window/rect - {}
RESULT: {}
COMMAND: POST /session/a61471faa2a572325c8c01ea6c194ba1/execute/sync - {"script":"<script> [92 bytes]","args":[]}
RESULT: {"script":"<script> [92 bytes]","args":[]}
COMMAND: POST /session/a61471faa2a572325c8c01ea6c194ba1/actions - {"actions":[{"id":"action23","type":"wheel","parameters":{},"actions":[{"type":"scroll","x":-1820,"y":804,"deltaX":0,"deltaY":0,"duration":0,"origin":{"element-6066-11e4-a52e-4f735466cecf":"f.E650C83CD3BCDAFFADB668DA9E39007C.d.C4F683F0E27E546DE145797A8453788B.e.8477"}}]}]}
COMMAND: GET /session/a61471faa2a572325c8c01ea6c194ba1/screenshot - {}
RESULT: {}
COMMAND: POST /session/a61471faa2a572325c8c01ea6c194ba1/execute/sync - {"script":"<script> [79 bytes]","args":[{"element-6066-11e4-a52e-4f735466cecf":"f.E650C83CD3BCDAFFADB668DA9E39007C.d.C4F683F0E27E546DE145797A8453788B.e.8477","ELEMENT":"f.E650C83CD3BCDAFFADB668DA9E39007C.d.C4F683F0E27E546DE145797A8453788B.e.8477"},{"block":"start","inline":"nearest"}]}
RESULT: {"script":"<script> [79 bytes]","args":[{"element-6066-11e4-a52e-4f735466cecf":"f.E650C83CD3BCDAFFADB668DA9E39007C.d.C4F683F0E27E546DE145797A8453788B.e.8477","ELEMENT":"f.E650C83CD3BCDAFFADB668DA9E39007C.d.C4F683F0E27E546DE145797A8453788B.e.8477"},{"block":"start","inline":"nearest"}]}
COMMAND: GET /session/a61471faa2a572325c8c01ea6c194ba1/screenshot - {}
RESULT: {}
COMMAND: POST /session/a61471faa2a572325c8c01ea6c194ba1/element - {"using":"xpath","value":"//span[@id=\"application-manageresources-display-component---newResourceUnit--btnAddTimeSegment-img\"]"}
RESULT: {"using":"xpath","value":"//span[@id=\"application-manageresources-display-component---newResourceUnit--btnAddTimeSegment-img\"]"}
COMMAND: POST /session/a61471faa2a572325c8c01ea6c194ba1/execute/sync - {"script":"<script> [8489 bytes]","args":[{"element-6066-11e4-a52e-4f735466cecf":"f.E650C83CD3BCDAFFADB668DA9E39007C.d.C4F683F0E27E546DE145797A8453788B.e.8484","ELEMENT":"f.E650C83CD3BCDAFFADB668DA9E39007C.d.C4F683F0E27E546DE145797A8453788B.e.8484"}]}
RESULT: {"script":"<script> [8489 bytes]","args":[{"element-6066-11e4-a52e-4f735466cecf":"f.E650C83CD3BCDAFFADB668DA9E39007C.d.C4F683F0E27E546DE145797A8453788B.e.8484","ELEMENT":"f.E650C83CD3BCDAFFADB668DA9E39007C.d.C4F683F0E27E546DE145797A8453788B.e.8484"}]}
COMMAND: POST /session/a61471faa2a572325c8c01ea6c194ba1/element/f.E650C83CD3BCDAFFADB668DA9E39007C.d.C4F683F0E27E546DE145797A8453788B.e.8484/click - {}
COMMAND: GET /session/a61471faa2a572325c8c01ea6c194ba1/screenshot - {}
RESULT: {}
COMMAND: GET /session/a61471faa2a572325c8c01ea6c194ba1/screenshot - {}
COMMAND: POST /session/a61471faa2a572325c8c01ea6c194ba1/element - {"using":"xpath","value":"//input[@id=\"application-manageresources-display-component---newResourceUnit--idRuTSAdmin-application-manageresources-display-component---newResourceUnit--RUTimeSegment-0-inner\"]"}
RESULT: {}
RESULT: {}
RESULT: {"using":"xpath","value":"//input[@id=\"application-manageresources-display-component---newResourceUnit--idRuTSAdmin-application-manageresources-display-component---newResourceUnit--RUTimeSegment-0-inner\"]"}
COMMAND: POST /session/a61471faa2a572325c8c01ea6c194ba1/element/f.E650C83CD3BCDAFFADB668DA9E39007C.d.C4F683F0E27E546DE145797A8453788B.e.8487/clear - {}
RESULT: {}
COMMAND: POST /session/a61471faa2a572325c8c01ea6c194ba1/element/f.E650C83CD3BCDAFFADB668DA9E39007C.d.C4F683F0E27E546DE145797A8453788B.e.8487/value - {"text":"webdriveryard"}
COMMAND: GET /session/a61471faa2a572325c8c01ea6c194ba1/screenshot - {}
RESULT: {"text":"webdriveryard"}
COMMAND: GET /session/a61471faa2a572325c8c01ea6c194ba1/screenshot - {}
RESULT: {}
RESULT: {}
COMMAND: POST /session/a61471faa2a572325c8c01ea6c194ba1/actions - {"actions":[{"id":"action24","type":"key","parameters":{},"actions":[{"type":"keyDown","value":""},{"type":"pause","duration":10},{"type":"keyUp","value":""}]}]}
RESULT: {"actions":[{"id":"action24","type":"key","parameters":{},"actions":[{"type":"keyDown","value":""},{"type":"pause","duration":10},{"type":"keyUp","value":""}]}]}
COMMAND: GET /session/a61471faa2a572325c8c01ea6c194ba1/screenshot - {}
RESULT: {}
COMMAND: POST /session/a61471faa2a572325c8c01ea6c194ba1/element - {"using":"xpath","value":"//input[contains(@id, \"application-manageresources-display-component---newResourceUnit--newControlDataDateRangePicker-inner\")]"}
RESULT: {"using":"xpath","value":"//input[contains(@id, \"application-manageresources-display-component---newResourceUnit--newControlDataDateRangePicker-inner\")]"}
COMMAND: POST /session/a61471faa2a572325c8c01ea6c194ba1/element/f.E650C83CD3BCDAFFADB668DA9E39007C.d.C4F683F0E27E546DE145797A8453788B.e.8395/clear - {}
RESULT: {}
COMMAND: POST /session/a61471faa2a572325c8c01ea6c194ba1/element/f.E650C83CD3BCDAFFADB668DA9E39007C.d.C4F683F0E27E546DE145797A8453788B.e.8395/value - {"text":"12/17/26 - 2/18/27"}
COMMAND: GET /session/a61471faa2a572325c8c01ea6c194ba1/screenshot - {}
RESULT: {"text":"12/17/26 - 2/18/27"}
COMMAND: POST /session/a61471faa2a572325c8c01ea6c194ba1/element - {"using":"xpath","value":"//bdi[contains(@id, \"application-manageresources-display-component---newResourceUnit--createRuButton-BDI-content\")]"}
COMMAND: GET /session/a61471faa2a572325c8c01ea6c194ba1/screenshot - {}
RESULT: {}
RESULT: {"using":"xpath","value":"//bdi[contains(@id, \"application-manageresources-display-component---newResourceUnit--createRuButton-BDI-content\")]"}
COMMAND: POST /session/a61471faa2a572325c8c01ea6c194ba1/element/f.E650C83CD3BCDAFFADB668DA9E39007C.d.C4F683F0E27E546DE145797A8453788B.e.8500/click - {}
RESULT: {}
RESULT: {}
COMMAND: GET /session/a61471faa2a572325c8c01ea6c194ba1/screenshot - {}
RESULT: {}
COMMAND: POST /session/a61471faa2a572325c8c01ea6c194ba1/actions - {"actions":[{"id":"action25","type":"key","parameters":{},"actions":[{"type":"keyDown","value":""},{"type":"pause","duration":10},{"type":"keyUp","value":""}]}]}
RESULT: {"actions":[{"id":"action25","type":"key","parameters":{},"actions":[{"type":"keyDown","value":""},{"type":"pause","duration":10},{"type":"keyUp","value":""}]}]}
COMMAND: GET /session/a61471faa2a572325c8c01ea6c194ba1/screenshot - {}
RESULT: {}
]]></system-out>
    </testcase>
    <testcase classname="chrome.137_0_7151_69.windows.Personnel_creation_and_reference_material_verification__US120163" name="Should verify if the reference material is visible in edit and detail mode" time="16.865">
      <system-out><![CDATA[
COMMAND: POST /session/a61471faa2a572325c8c01ea6c194ba1/element - {"using":"xpath","value":"//bdi[contains(text(), \"Edit\")]"}
RESULT: {"using":"xpath","value":"//bdi[contains(text(), \"Edit\")]"}
COMMAND: POST /session/a61471faa2a572325c8c01ea6c194ba1/element/f.E650C83CD3BCDAFFADB668DA9E39007C.d.C4F683F0E27E546DE145797A8453788B.e.8545/click - {}
RESULT: {}
COMMAND: GET /session/a61471faa2a572325c8c01ea6c194ba1/screenshot - {}
RESULT: {}
COMMAND: POST /session/a61471faa2a572325c8c01ea6c194ba1/element - {"using":"xpath","value":"//bdi[contains(text(), \"Material\")]"}
RESULT: {"using":"xpath","value":"//bdi[contains(text(), \"Material\")]"}
COMMAND: POST /session/a61471faa2a572325c8c01ea6c194ba1/element - {"using":"xpath","value":"//bdi[contains(text(), \"Material\")]"}
RESULT: {"using":"xpath","value":"//bdi[contains(text(), \"Material\")]"}
COMMAND: POST /session/a61471faa2a572325c8c01ea6c194ba1/element - {"using":"xpath","value":"(//bdi[contains(text(), \"Save\")])[2]"}
RESULT: {"using":"xpath","value":"(//bdi[contains(text(), \"Save\")])[2]"}
COMMAND: POST /session/a61471faa2a572325c8c01ea6c194ba1/element/f.E650C83CD3BCDAFFADB668DA9E39007C.d.C4F683F0E27E546DE145797A8453788B.e.8598/click - {}
RESULT: {}
COMMAND: GET /session/a61471faa2a572325c8c01ea6c194ba1/screenshot - {}
RESULT: {}
COMMAND: DELETE /session/a61471faa2a572325c8c01ea6c194ba1 - {}
RESULT: {}
]]></system-out>
    </testcase>
  </testsuite>
</testsuites>