<?xml version="1.0" encoding="UTF-8"?>
<testsuites tests="15" failures="1" errors="1" skipped="0">
  <testsuite timestamp="2025-06-04T15:18:03" time="69.196" tests="2" failures="0" errors="0" skipped="0">
    <properties>
      <property name="specId" value="0" />
      <property name="suiteName" value="Assign the user test user id to an address" />
      <property name="capabilities" value="chrome.137_0_7151_56.windows" />
      <property name="file" value="file:///D:/a/1/s/test/specs/R2C/assign-user-id-to-an-address.spec.js" />
    </properties>
    <testcase classname="chrome.137_0_7151_56.windows.Assign_the_user_test_user_id_to_an_address" name="Should search for test1ETM create only if not present" time="10.148">
      <system-out><![CDATA[
COMMAND: POST /session/b8a203b9eea9ca58b7eb9d1b420e99b6/execute/async - {"script":"<script> [1562 bytes]","args":[{"selector":{"id":"application-addressmanagement-display-component---masterAdm--smartFilterBar-filterItemControl_BASIC-NAME-vhi"},"wdio_ui5_key":"applicationaddressmanagement-display-component---masterAdm--smartFilterBar-filterItemControl_BASIC-NAME-vhi"}]}
RESULT: {"script":"<script> [1562 bytes]","args":[{"selector":{"id":"application-addressmanagement-display-component---masterAdm--smartFilterBar-filterItemControl_BASIC-NAME-vhi"},"wdio_ui5_key":"applicationaddressmanagement-display-component---masterAdm--smartFilterBar-filterItemControl_BASIC-NAME-vhi"}]}
RESULT: undefined
COMMAND: POST /session/b8a203b9eea9ca58b7eb9d1b420e99b6/element - {"using":"xpath","value":"//*[@id=\"application-addressmanagement-display-component---masterAdm--smartFilterBar-filterItemControl_BASIC-NAME-vhi\"]"}
RESULT: {"using":"xpath","value":"//*[@id=\"application-addressmanagement-display-component---masterAdm--smartFilterBar-filterItemControl_BASIC-NAME-vhi\"]"}
COMMAND: POST /session/b8a203b9eea9ca58b7eb9d1b420e99b6/element/f.C3D07913007EC519E918D4FD8EAE9792.d.D2437E082CAF25802735D33C561AC095.e.297/click - {}
RESULT: {}
COMMAND: POST /session/b8a203b9eea9ca58b7eb9d1b420e99b6/execute/async - {"script":"<script> [1562 bytes]","args":[{"selector":{"controlType":"sap.m.Input","viewName":"etm.portal.ui.addressmanagement.view.Master","viewId":"application-addressmanagement-display-component---masterAdm","properties":{"valueState":"None"},"searchOpenDialogs":true,"interaction":{"idSuffix":"inner"}},"wdio_ui5_key":"etmportal.ui.addressmanagement.view.Mastersap.m.Input{\"valueState\":\"None\"}"}]}
COMMAND: GET /session/b8a203b9eea9ca58b7eb9d1b420e99b6/screenshot - {}
RESULT: {"script":"<script> [1562 bytes]","args":[{"selector":{"controlType":"sap.m.Input","viewName":"etm.portal.ui.addressmanagement.view.Master","viewId":"application-addressmanagement-display-component---masterAdm","properties":{"valueState":"None"},"searchOpenDialogs":true,"interaction":{"idSuffix":"inner"}},"wdio_ui5_key":"etmportal.ui.addressmanagement.view.Mastersap.m.Input{\"valueState\":\"None\"}"}]}
RESULT: undefined
COMMAND: POST /session/b8a203b9eea9ca58b7eb9d1b420e99b6/execute/async - {"script":"<script> [776 bytes]","args":[{"enterText":"Test1ETM","selector":{"controlType":"sap.m.Input","viewName":"etm.portal.ui.addressmanagement.view.Master","viewId":"application-addressmanagement-display-component---masterAdm","properties":{"valueState":"None"},"searchOpenDialogs":true,"interaction":{"idSuffix":"inner"}},"clearTextFirst":true,"interactionType":"ENTER_TEXT"}]}
RESULT: {}
RESULT: {"script":"<script> [776 bytes]","args":[{"enterText":"Test1ETM","selector":{"controlType":"sap.m.Input","viewName":"etm.portal.ui.addressmanagement.view.Master","viewId":"application-addressmanagement-display-component---masterAdm","properties":{"valueState":"None"},"searchOpenDialogs":true,"interaction":{"idSuffix":"inner"}},"clearTextFirst":true,"interactionType":"ENTER_TEXT"}]}
COMMAND: POST /session/b8a203b9eea9ca58b7eb9d1b420e99b6/actions - {"actions":[{"id":"action1","type":"key","parameters":{},"actions":[{"type":"keyDown","value":"î€‡"},{"type":"pause","duration":10},{"type":"keyUp","value":"î€‡"}]}]}
RESULT: {"actions":[{"id":"action1","type":"key","parameters":{},"actions":[{"type":"keyDown","value":"î€‡"},{"type":"pause","duration":10},{"type":"keyUp","value":"î€‡"}]}]}
COMMAND: POST /session/b8a203b9eea9ca58b7eb9d1b420e99b6/execute/async - {"script":"<script> [1562 bytes]","args":[{"selector":{"id":"application-addressmanagement-display-component---masterAdm--smartFilterBar-filterItemControl_BASIC-NAME-valueHelpDialog-ok","searchOpenDialogs":true,"interaction":{"idSuffix":"BDI-content"}},"wdio_ui5_key":"applicationaddressmanagement-display-component---masterAdm--smartFilterBar-filterItemControl_BASIC-NAME-valueHelpDialog-ok"}]}
COMMAND: GET /session/b8a203b9eea9ca58b7eb9d1b420e99b6/screenshot - {}
RESULT: {"script":"<script> [1562 bytes]","args":[{"selector":{"id":"application-addressmanagement-display-component---masterAdm--smartFilterBar-filterItemControl_BASIC-NAME-valueHelpDialog-ok","searchOpenDialogs":true,"interaction":{"idSuffix":"BDI-content"}},"wdio_ui5_key":"applicationaddressmanagement-display-component---masterAdm--smartFilterBar-filterItemControl_BASIC-NAME-valueHelpDialog-ok"}]}
RESULT: undefined
COMMAND: POST /session/b8a203b9eea9ca58b7eb9d1b420e99b6/element - {"using":"xpath","value":"//*[@id=\"application-addressmanagement-display-component---masterAdm--smartFilterBar-filterItemControl_BASIC-NAME-valueHelpDialog-ok\"]"}
RESULT: {}
RESULT: {"using":"xpath","value":"//*[@id=\"application-addressmanagement-display-component---masterAdm--smartFilterBar-filterItemControl_BASIC-NAME-valueHelpDialog-ok\"]"}
COMMAND: POST /session/b8a203b9eea9ca58b7eb9d1b420e99b6/element/f.C3D07913007EC519E918D4FD8EAE9792.d.D2437E082CAF25802735D33C561AC095.e.306/click - {}
RESULT: {}
COMMAND: GET /session/b8a203b9eea9ca58b7eb9d1b420e99b6/screenshot - {}
RESULT: {}
COMMAND: POST /session/b8a203b9eea9ca58b7eb9d1b420e99b6/element - {"using":"xpath","value":"(//span[text()=\"Active\"])[1]"}
RESULT: {"using":"xpath","value":"(//span[text()=\"Active\"])[1]"}
COMMAND: POST /session/b8a203b9eea9ca58b7eb9d1b420e99b6/elements - {"using":"xpath","value":"(//span[text()=\"Active\"])[1]"}
RESULT: {"using":"xpath","value":"(//span[text()=\"Active\"])[1]"}
COMMAND: POST /session/b8a203b9eea9ca58b7eb9d1b420e99b6/execute/sync - {"script":"<script> [8489 bytes]","args":[{"element-6066-11e4-a52e-4f735466cecf":"f.C3D07913007EC519E918D4FD8EAE9792.d.D2437E082CAF25802735D33C561AC095.e.320","ELEMENT":"f.C3D07913007EC519E918D4FD8EAE9792.d.D2437E082CAF25802735D33C561AC095.e.320"}]}
RESULT: {"script":"<script> [8489 bytes]","args":[{"element-6066-11e4-a52e-4f735466cecf":"f.C3D07913007EC519E918D4FD8EAE9792.d.D2437E082CAF25802735D33C561AC095.e.320","ELEMENT":"f.C3D07913007EC519E918D4FD8EAE9792.d.D2437E082CAF25802735D33C561AC095.e.320"}]}
COMMAND: POST /session/b8a203b9eea9ca58b7eb9d1b420e99b6/execute/sync - {"script":"<script> [5351 bytes]","args":[{"element-6066-11e4-a52e-4f735466cecf":"f.C3D07913007EC519E918D4FD8EAE9792.d.D2437E082CAF25802735D33C561AC095.e.320","ELEMENT":"f.C3D07913007EC519E918D4FD8EAE9792.d.D2437E082CAF25802735D33C561AC095.e.320"}]}
COMMAND: GET /session/b8a203b9eea9ca58b7eb9d1b420e99b6/screenshot - {}
RESULT: {"script":"<script> [5351 bytes]","args":[{"element-6066-11e4-a52e-4f735466cecf":"f.C3D07913007EC519E918D4FD8EAE9792.d.D2437E082CAF25802735D33C561AC095.e.320","ELEMENT":"f.C3D07913007EC519E918D4FD8EAE9792.d.D2437E082CAF25802735D33C561AC095.e.320"}]}
COMMAND: POST /session/b8a203b9eea9ca58b7eb9d1b420e99b6/element/f.C3D07913007EC519E918D4FD8EAE9792.d.D2437E082CAF25802735D33C561AC095.e.320/click - {}
COMMAND: GET /session/b8a203b9eea9ca58b7eb9d1b420e99b6/screenshot - {}
RESULT: {}
RESULT: {}
COMMAND: POST /session/b8a203b9eea9ca58b7eb9d1b420e99b6/element - {"using":"xpath","value":"//span[@id=\"application-addressmanagement-display-component---detailAdm--addressDetailDetailsName1\"]"}
COMMAND: GET /session/b8a203b9eea9ca58b7eb9d1b420e99b6/screenshot - {}
RESULT: {}
RESULT: {"using":"xpath","value":"//span[@id=\"application-addressmanagement-display-component---detailAdm--addressDetailDetailsName1\"]"}
COMMAND: POST /session/b8a203b9eea9ca58b7eb9d1b420e99b6/execute/sync - {"script":"<script> [8489 bytes]","args":[{"element-6066-11e4-a52e-4f735466cecf":"f.C3D07913007EC519E918D4FD8EAE9792.d.D2437E082CAF25802735D33C561AC095.e.403","ELEMENT":"f.C3D07913007EC519E918D4FD8EAE9792.d.D2437E082CAF25802735D33C561AC095.e.403"}]}
RESULT: {}
RESULT: {"script":"<script> [8489 bytes]","args":[{"element-6066-11e4-a52e-4f735466cecf":"f.C3D07913007EC519E918D4FD8EAE9792.d.D2437E082CAF25802735D33C561AC095.e.403","ELEMENT":"f.C3D07913007EC519E918D4FD8EAE9792.d.D2437E082CAF25802735D33C561AC095.e.403"}]}
]]></system-out>
    </testcase>
    <testcase classname="chrome.137_0_7151_56.windows.Assign_the_user_test_user_id_to_an_address" name="Should edit the title of the created found address" time="12.342">
      <system-out><![CDATA[
COMMAND: GET /session/b8a203b9eea9ca58b7eb9d1b420e99b6/screenshot - {}
COMMAND: POST /session/b8a203b9eea9ca58b7eb9d1b420e99b6/execute/async - {"script":"<script> [1562 bytes]","args":[{"selector":{"controlType":"sap.m.Button","viewName":"etm.portal.ui.addressmanagement.view.Detail","viewId":"application-addressmanagement-display-component---detailAdm","i18NText":{"propertyName":"text","key":"edit"}},"wdio_ui5_key":"etmportal.ui.addressmanagement.view.Detailsap.m.Button{\"propertyName\":\"text\",\"key\":\"edit\"}"}]}
RESULT: {"script":"<script> [1562 bytes]","args":[{"selector":{"controlType":"sap.m.Button","viewName":"etm.portal.ui.addressmanagement.view.Detail","viewId":"application-addressmanagement-display-component---detailAdm","i18NText":{"propertyName":"text","key":"edit"}},"wdio_ui5_key":"etmportal.ui.addressmanagement.view.Detailsap.m.Button{\"propertyName\":\"text\",\"key\":\"edit\"}"}]}
RESULT: undefined
COMMAND: POST /session/b8a203b9eea9ca58b7eb9d1b420e99b6/element - {"using":"xpath","value":"//*[@id=\"__button16\"]"}
RESULT: {}
RESULT: {"using":"xpath","value":"//*[@id=\"__button16\"]"}
COMMAND: POST /session/b8a203b9eea9ca58b7eb9d1b420e99b6/element/f.C3D07913007EC519E918D4FD8EAE9792.d.D2437E082CAF25802735D33C561AC095.e.406/click - {}
RESULT: {}
COMMAND: POST /session/b8a203b9eea9ca58b7eb9d1b420e99b6/execute/async - {"script":"<script> [1562 bytes]","args":[{"selector":{"controlType":"sap.ui.core.Icon","viewName":"etm.portal.ui.addressmanagement.view.EditDetail","properties":{"src":{"regex":{"source":"slim\\-arrow\\-down"}}},"ancestor":{"id":"addressTitle","viewName":"etm.portal.ui.addressmanagement.view.EditDetail"}},"wdio_ui5_key":"etmportal.ui.addressmanagement.view.EditDetailsap.ui.core.Icon{\"src\":{\"regex\":{\"source\":\"slim\\\\-arrow\\\\-down\"}}}{\"id\":\"addressTitle\",\"viewName\":\"etm.portal.ui.addressmanagement.view.EditDetail\"}"}]}
COMMAND: GET /session/b8a203b9eea9ca58b7eb9d1b420e99b6/screenshot - {}
RESULT: {"script":"<script> [1562 bytes]","args":[{"selector":{"controlType":"sap.ui.core.Icon","viewName":"etm.portal.ui.addressmanagement.view.EditDetail","properties":{"src":{"regex":{"source":"slim\\-arrow\\-down"}}},"ancestor":{"id":"addressTitle","viewName":"etm.portal.ui.addressmanagement.view.EditDetail"}},"wdio_ui5_key":"etmportal.ui.addressmanagement.view.EditDetailsap.ui.core.Icon{\"src\":{\"regex\":{\"source\":\"slim\\\\-arrow\\\\-down\"}}}{\"id\":\"addressTitle\",\"viewName\":\"etm.portal.ui.addressmanagement.view.EditDetail\"}"}]}
RESULT: undefined
COMMAND: POST /session/b8a203b9eea9ca58b7eb9d1b420e99b6/element - {"using":"xpath","value":"//*[@id=\"__xmlview58--addressTitle-arrow\"]"}
RESULT: {}
RESULT: {"using":"xpath","value":"//*[@id=\"__xmlview58--addressTitle-arrow\"]"}
COMMAND: POST /session/b8a203b9eea9ca58b7eb9d1b420e99b6/element/f.C3D07913007EC519E918D4FD8EAE9792.d.D2437E082CAF25802735D33C561AC095.e.459/click - {}
RESULT: {}
COMMAND: POST /session/b8a203b9eea9ca58b7eb9d1b420e99b6/execute/async - {"script":"<script> [1562 bytes]","args":[{"selector":{"controlType":"sap.m.StandardListItem","viewName":"etm.portal.ui.addressmanagement.view.EditDetail","properties":{"title":"Dr."},"searchOpenDialogs":true},"wdio_ui5_key":"etmportal.ui.addressmanagement.view.EditDetailsap.m.StandardListItem{\"title\":\"Dr.\"}"}]}
COMMAND: GET /session/b8a203b9eea9ca58b7eb9d1b420e99b6/screenshot - {}
RESULT: {"script":"<script> [1562 bytes]","args":[{"selector":{"controlType":"sap.m.StandardListItem","viewName":"etm.portal.ui.addressmanagement.view.EditDetail","properties":{"title":"Dr."},"searchOpenDialogs":true},"wdio_ui5_key":"etmportal.ui.addressmanagement.view.EditDetailsap.m.StandardListItem{\"title\":\"Dr.\"}"}]}
RESULT: undefined
COMMAND: POST /session/b8a203b9eea9ca58b7eb9d1b420e99b6/element - {"using":"xpath","value":"//*[@id=\"__item229\"]"}
RESULT: {}
RESULT: {"using":"xpath","value":"//*[@id=\"__item229\"]"}
COMMAND: POST /session/b8a203b9eea9ca58b7eb9d1b420e99b6/element/f.C3D07913007EC519E918D4FD8EAE9792.d.D2437E082CAF25802735D33C561AC095.e.461/click - {}
RESULT: {}
COMMAND: POST /session/b8a203b9eea9ca58b7eb9d1b420e99b6/execute/async - {"script":"<script> [1562 bytes]","args":[{"selector":{"controlType":"sap.m.Button","viewName":"etm.portal.ui.addressmanagement.view.EditDetail","i18NText":{"propertyName":"text","key":"save"}},"wdio_ui5_key":"etmportal.ui.addressmanagement.view.EditDetailsap.m.Button{\"propertyName\":\"text\",\"key\":\"save\"}"}]}
COMMAND: GET /session/b8a203b9eea9ca58b7eb9d1b420e99b6/screenshot - {}
RESULT: {"script":"<script> [1562 bytes]","args":[{"selector":{"controlType":"sap.m.Button","viewName":"etm.portal.ui.addressmanagement.view.EditDetail","i18NText":{"propertyName":"text","key":"save"}},"wdio_ui5_key":"etmportal.ui.addressmanagement.view.EditDetailsap.m.Button{\"propertyName\":\"text\",\"key\":\"save\"}"}]}
RESULT: undefined
COMMAND: POST /session/b8a203b9eea9ca58b7eb9d1b420e99b6/element - {"using":"xpath","value":"//*[@id=\"__button39\"]"}
RESULT: {}
RESULT: {"using":"xpath","value":"//*[@id=\"__button39\"]"}
COMMAND: POST /session/b8a203b9eea9ca58b7eb9d1b420e99b6/element/f.C3D07913007EC519E918D4FD8EAE9792.d.D2437E082CAF25802735D33C561AC095.e.462/click - {}
RESULT: {}
COMMAND: GET /session/b8a203b9eea9ca58b7eb9d1b420e99b6/screenshot - {}
RESULT: {}
COMMAND: POST /session/b8a203b9eea9ca58b7eb9d1b420e99b6/element - {"using":"xpath","value":"//span[@id=\"application-addressmanagement-display-component---detailAdm--addressTitle\"]"}
RESULT: {"using":"xpath","value":"//span[@id=\"application-addressmanagement-display-component---detailAdm--addressTitle\"]"}
COMMAND: GET /session/b8a203b9eea9ca58b7eb9d1b420e99b6/element/f.C3D07913007EC519E918D4FD8EAE9792.d.D2437E082CAF25802735D33C561AC095.e.473/text - {}
RESULT: {}
COMMAND: POST /session/b8a203b9eea9ca58b7eb9d1b420e99b6/element - {"using":"xpath","value":"//span[@id=\"application-addressmanagement-display-component---detailAdm--addressDetailDetailsName1\"]"}
RESULT: {"using":"xpath","value":"//span[@id=\"application-addressmanagement-display-component---detailAdm--addressDetailDetailsName1\"]"}
COMMAND: GET /session/b8a203b9eea9ca58b7eb9d1b420e99b6/element/f.C3D07913007EC519E918D4FD8EAE9792.d.D2437E082CAF25802735D33C561AC095.e.403/text - {}
RESULT: {}
COMMAND: POST /session/b8a203b9eea9ca58b7eb9d1b420e99b6/refresh - {}
RESULT: {}
COMMAND: GET /session/b8a203b9eea9ca58b7eb9d1b420e99b6/screenshot - {}
RESULT: {}
COMMAND: POST /session/b8a203b9eea9ca58b7eb9d1b420e99b6/refresh - {}
RESULT: {}
COMMAND: GET /session/b8a203b9eea9ca58b7eb9d1b420e99b6/screenshot - {}
RESULT: {}
COMMAND: POST /session/b8a203b9eea9ca58b7eb9d1b420e99b6/window/fullscreen - {}
RESULT: {}
COMMAND: POST /session/b8a203b9eea9ca58b7eb9d1b420e99b6/execute/async - {"script":"<script> [189 bytes]","args":[]}
RESULT: {"script":"<script> [189 bytes]","args":[]}
COMMAND: POST /session/b8a203b9eea9ca58b7eb9d1b420e99b6/execute/async - {"script":"<script> [123 bytes]","args":[]}
RESULT: {"script":"<script> [123 bytes]","args":[]}
COMMAND: POST /session/b8a203b9eea9ca58b7eb9d1b420e99b6/timeouts - {"script":"<number>"}
RESULT: {"script":"<number>"}
COMMAND: GET /session/b8a203b9eea9ca58b7eb9d1b420e99b6/timeouts - {}
RESULT: {}
RESULT: undefined
COMMAND: POST /session/b8a203b9eea9ca58b7eb9d1b420e99b6/execute/async - {"script":"<script> [2676 bytes]","args":[]}
RESULT: {"script":"<script> [2676 bytes]","args":[]}
COMMAND: POST /session/b8a203b9eea9ca58b7eb9d1b420e99b6/execute/async - {"script":"<script> [2342 bytes]","args":[{"protocol":"http","hostname":"0.0.0.0","path":"/","capabilities":{"browserName":"chrome","goog:chromeOptions":{"binary":"C:\\Program Files\\Google\\Chrome\\Application\\chrome.exe","args":["--start-maximized"]}},"logLevel":"warn","connectionRetryTimeout":120000,"connectionRetryCount":3,"logLevels":{},"enableDirectConnect":true,"strictSSL":true,"_":"65 more keys: [\"cacheDir\",\"port\",\"requestedCapabilities\",\"automationProtocol\",\"baseUrl\",\"waitforInterval\",\"waitforTimeout\",\"onReload\",\"beforeCommand\",\"afterCommand\",\"rootDir\",\"specs\",\"suites\",\"exclude\",\"groupLogsByTestSpec\",\"excludeDriverLogs\",\"bail\",\"framework\",\"reporters\",\"services\",\"maxInstances\",\"maxInstancesPerCapability\",\"injectGlobals\",\"filesToWatch\",\"execArgv\",\"runnerEnv\",\"runner\",\"shard\",\"specFileRetries\",\"specFileRetriesDelay\",\"specFileRetriesDeferred\",\"reporterSyncInterval\",\"reporterSyncTimeout\",\"cucumberFeaturesWithLineNumbers\",\"autoCompileOpts\",\"mochaOpts\",\"jasmineOpts\",\"cucumberOpts\",\"onPrepare\",\"onWorkerStart\",\"onWorkerEnd\",\"before\",\"beforeSession\",\"beforeSuite\",\"beforeHook\",\"beforeTest\",\"afterTest\",\"afterHook\",\"afterSuite\",\"afterSession\",\"after\",\"onComplete\",\"beforeAssertion\",\"afterAssertion\",\"beforeFeature\",\"beforeScenario\",\"beforeStep\",\"afterStep\",\"afterScenario\",\"afterFeature\",\"_\",\"suite\",\"$0\",\"ignoredWorkerServices\",\"wdi5\"]"}]}
RESULT: {"script":"<script> [2342 bytes]","args":[{"protocol":"http","hostname":"0.0.0.0","path":"/","capabilities":{"browserName":"chrome","goog:chromeOptions":{"binary":"C:\\Program Files\\Google\\Chrome\\Application\\chrome.exe","args":["--start-maximized"]}},"logLevel":"warn","connectionRetryTimeout":120000,"connectionRetryCount":3,"logLevels":{},"enableDirectConnect":true,"strictSSL":true,"_":"65 more keys: [\"cacheDir\",\"port\",\"requestedCapabilities\",\"automationProtocol\",\"baseUrl\",\"waitforInterval\",\"waitforTimeout\",\"onReload\",\"beforeCommand\",\"afterCommand\",\"rootDir\",\"specs\",\"suites\",\"exclude\",\"groupLogsByTestSpec\",\"excludeDriverLogs\",\"bail\",\"framework\",\"reporters\",\"services\",\"maxInstances\",\"maxInstancesPerCapability\",\"injectGlobals\",\"filesToWatch\",\"execArgv\",\"runnerEnv\",\"runner\",\"shard\",\"specFileRetries\",\"specFileRetriesDelay\",\"specFileRetriesDeferred\",\"reporterSyncInterval\",\"reporterSyncTimeout\",\"cucumberFeaturesWithLineNumbers\",\"autoCompileOpts\",\"mochaOpts\",\"jasmineOpts\",\"cucumberOpts\",\"onPrepare\",\"onWorkerStart\",\"onWorkerEnd\",\"before\",\"beforeSession\",\"beforeSuite\",\"beforeHook\",\"beforeTest\",\"afterTest\",\"afterHook\",\"afterSuite\",\"afterSession\",\"after\",\"onComplete\",\"beforeAssertion\",\"afterAssertion\",\"beforeFeature\",\"beforeScenario\",\"beforeStep\",\"afterStep\",\"afterScenario\",\"afterFeature\",\"_\",\"suite\",\"$0\",\"ignoredWorkerServices\",\"wdi5\"]"}]}
COMMAND: POST /session/b8a203b9eea9ca58b7eb9d1b420e99b6/execute/async - {"script":"<script> [21126 bytes]","args":[35000]}
RESULT: {"script":"<script> [21126 bytes]","args":[35000]}
COMMAND: POST /session/b8a203b9eea9ca58b7eb9d1b420e99b6/element - {"using":"css selector","value":"#shell-header-logo"}
RESULT: {"using":"css selector","value":"#shell-header-logo"}
COMMAND: POST /session/b8a203b9eea9ca58b7eb9d1b420e99b6/element/f.C3D07913007EC519E918D4FD8EAE9792.d.93D26FC26E9F146164F1053B9FD074BF.e.490/click - {}
RESULT: {}
COMMAND: GET /session/b8a203b9eea9ca58b7eb9d1b420e99b6/screenshot - {}
COMMAND: POST /session/b8a203b9eea9ca58b7eb9d1b420e99b6/execute/async - {"script":"<script> [1562 bytes]","args":[{"selector":{"controlType":"sap.m.GenericTile","properties":{"header":"Manage Yards"}},"wdio_ui5_key":"sapm.GenericTile{\"header\":\"Manage Yards\"}"}]}
RESULT: {}
RESULT: {"script":"<script> [1562 bytes]","args":[{"selector":{"controlType":"sap.m.GenericTile","properties":{"header":"Manage Yards"}},"wdio_ui5_key":"sapm.GenericTile{\"header\":\"Manage Yards\"}"}]}
RESULT: undefined
COMMAND: POST /session/b8a203b9eea9ca58b7eb9d1b420e99b6/element - {"using":"xpath","value":"//*[@id=\"__tile52\"]"}
RESULT: {"using":"xpath","value":"//*[@id=\"__tile52\"]"}
COMMAND: POST /session/b8a203b9eea9ca58b7eb9d1b420e99b6/element/f.C3D07913007EC519E918D4FD8EAE9792.d.93D26FC26E9F146164F1053B9FD074BF.e.737/click - {}
RESULT: {}
COMMAND: GET /session/b8a203b9eea9ca58b7eb9d1b420e99b6/screenshot - {}
RESULT: {}
COMMAND: POST /session/b8a203b9eea9ca58b7eb9d1b420e99b6/elements - {"using":"xpath","value":"//span[text()='Error']"}
RESULT: {"using":"xpath","value":"//span[text()='Error']"}
]]></system-out>
    </testcase>
  </testsuite>
  <testsuite timestamp="2025-06-04T15:19:12" time="279.521" tests="2" failures="0" errors="0" skipped="0">
    <properties>
      <property name="specId" value="0" />
      <property name="suiteName" value="Create 2 Yards US112496" />
      <property name="capabilities" value="chrome.137_0_7151_56.windows" />
      <property name="file" value="file:///D:/a/1/s/test/specs/R2C/create-yard.spec.js" />
    </properties>
    <testcase classname="chrome.137_0_7151_56.windows.Create_2_Yards_US112496" name="Should create a new simple yard" time="121.071">
      <system-out><![CDATA[
COMMAND: POST /session/b8a203b9eea9ca58b7eb9d1b420e99b6/execute/async - {"script":"<script> [1562 bytes]","args":[{"selector":{"controlType":"sap.ui.core.Icon","viewName":"etm.portal.ui.manageyards.view.Master","viewId":"application-manageyards-display-component---masterYard","properties":{"src":{"regex":{"source":"add"}}}},"wdio_ui5_key":"etmportal.ui.manageyards.view.Mastersap.ui.core.Icon{\"src\":{\"regex\":{\"source\":\"add\"}}}"}]}
RESULT: {"script":"<script> [1562 bytes]","args":[{"selector":{"controlType":"sap.ui.core.Icon","viewName":"etm.portal.ui.manageyards.view.Master","viewId":"application-manageyards-display-component---masterYard","properties":{"src":{"regex":{"source":"add"}}}},"wdio_ui5_key":"etmportal.ui.manageyards.view.Mastersap.ui.core.Icon{\"src\":{\"regex\":{\"source\":\"add\"}}}"}]}
RESULT: undefined
COMMAND: POST /session/b8a203b9eea9ca58b7eb9d1b420e99b6/element - {"using":"xpath","value":"//*[@id=\"__button25-img\"]"}
RESULT: {"using":"xpath","value":"//*[@id=\"__button25-img\"]"}
COMMAND: POST /session/b8a203b9eea9ca58b7eb9d1b420e99b6/element/f.C3D07913007EC519E918D4FD8EAE9792.d.93D26FC26E9F146164F1053B9FD074BF.e.783/click - {}
RESULT: {}
COMMAND: GET /session/b8a203b9eea9ca58b7eb9d1b420e99b6/screenshot - {}
RESULT: {}
COMMAND: POST /session/b8a203b9eea9ca58b7eb9d1b420e99b6/execute/async - {"script":"<script> [1562 bytes]","args":[{"selector":{"id":"application-manageyards-display-component---NewYard--yardId","interaction":{"idSuffix":"inner"}},"wdio_ui5_key":"applicationmanageyards-display-component---NewYard--yardId"}]}
RESULT: {"script":"<script> [1562 bytes]","args":[{"selector":{"id":"application-manageyards-display-component---NewYard--yardId","interaction":{"idSuffix":"inner"}},"wdio_ui5_key":"applicationmanageyards-display-component---NewYard--yardId"}]}
RESULT: undefined
COMMAND: POST /session/b8a203b9eea9ca58b7eb9d1b420e99b6/element - {"using":"xpath","value":"//*[@id=\"application-manageyards-display-component---NewYard--addressDetailDetailsName1-inner\"]"}
RESULT: {"using":"xpath","value":"//*[@id=\"application-manageyards-display-component---NewYard--addressDetailDetailsName1-inner\"]"}
COMMAND: POST /session/b8a203b9eea9ca58b7eb9d1b420e99b6/element/f.C3D07913007EC519E918D4FD8EAE9792.d.93D26FC26E9F146164F1053B9FD074BF.e.1007/clear - {}
RESULT: {}
COMMAND: POST /session/b8a203b9eea9ca58b7eb9d1b420e99b6/element/f.C3D07913007EC519E918D4FD8EAE9792.d.93D26FC26E9F146164F1053B9FD074BF.e.1007/value - {"text":"Webdriver Yard psv7x"}
COMMAND: GET /session/b8a203b9eea9ca58b7eb9d1b420e99b6/screenshot - {}
RESULT: {"text":"Webdriver Yard psv7x"}
COMMAND: POST /session/b8a203b9eea9ca58b7eb9d1b420e99b6/element - {"using":"xpath","value":"//*[@id=\"application-manageyards-display-component---NewYard--addressDetailDetailsLanguage-inner\"]"}
COMMAND: GET /session/b8a203b9eea9ca58b7eb9d1b420e99b6/screenshot - {}
RESULT: {}
RESULT: {"using":"xpath","value":"//*[@id=\"application-manageyards-display-component---NewYard--addressDetailDetailsLanguage-inner\"]"}
COMMAND: POST /session/b8a203b9eea9ca58b7eb9d1b420e99b6/element/f.C3D07913007EC519E918D4FD8EAE9792.d.93D26FC26E9F146164F1053B9FD074BF.e.1008/clear - {}
RESULT: {}
RESULT: {}
COMMAND: POST /session/b8a203b9eea9ca58b7eb9d1b420e99b6/element/f.C3D07913007EC519E918D4FD8EAE9792.d.93D26FC26E9F146164F1053B9FD074BF.e.1008/value - {"text":"Romanian"}
COMMAND: GET /session/b8a203b9eea9ca58b7eb9d1b420e99b6/screenshot - {}
RESULT: {"text":"Romanian"}
COMMAND: GET /session/b8a203b9eea9ca58b7eb9d1b420e99b6/screenshot - {}
RESULT: {}
RESULT: {}
COMMAND: POST /session/b8a203b9eea9ca58b7eb9d1b420e99b6/element - {"using":"xpath","value":"//*[@id=\"application-manageyards-display-component---NewYard--addressDetailDetailsCity1-inner\"]"}
RESULT: {"using":"xpath","value":"//*[@id=\"application-manageyards-display-component---NewYard--addressDetailDetailsCity1-inner\"]"}
COMMAND: POST /session/b8a203b9eea9ca58b7eb9d1b420e99b6/element/f.C3D07913007EC519E918D4FD8EAE9792.d.93D26FC26E9F146164F1053B9FD074BF.e.1010/clear - {}
RESULT: {}
COMMAND: POST /session/b8a203b9eea9ca58b7eb9d1b420e99b6/element/f.C3D07913007EC519E918D4FD8EAE9792.d.93D26FC26E9F146164F1053B9FD074BF.e.1010/value - {"text":"Bucuresti"}
COMMAND: GET /session/b8a203b9eea9ca58b7eb9d1b420e99b6/screenshot - {}
RESULT: {"text":"Bucuresti"}
COMMAND: GET /session/b8a203b9eea9ca58b7eb9d1b420e99b6/screenshot - {}
RESULT: {}
RESULT: {}
COMMAND: POST /session/b8a203b9eea9ca58b7eb9d1b420e99b6/element - {"using":"xpath","value":"//*[@id=\"application-manageyards-display-component---NewYard--addressDetailDetailsCountry-inner\"]"}
RESULT: {"using":"xpath","value":"//*[@id=\"application-manageyards-display-component---NewYard--addressDetailDetailsCountry-inner\"]"}
COMMAND: POST /session/b8a203b9eea9ca58b7eb9d1b420e99b6/element/f.C3D07913007EC519E918D4FD8EAE9792.d.93D26FC26E9F146164F1053B9FD074BF.e.1014/clear - {}
RESULT: {}
COMMAND: POST /session/b8a203b9eea9ca58b7eb9d1b420e99b6/element/f.C3D07913007EC519E918D4FD8EAE9792.d.93D26FC26E9F146164F1053B9FD074BF.e.1014/value - {"text":"Romania"}
COMMAND: GET /session/b8a203b9eea9ca58b7eb9d1b420e99b6/screenshot - {}
RESULT: {"text":"Romania"}
COMMAND: GET /session/b8a203b9eea9ca58b7eb9d1b420e99b6/screenshot - {}
RESULT: {}
COMMAND: POST /session/b8a203b9eea9ca58b7eb9d1b420e99b6/element - {"using":"xpath","value":"//div[contains(text(), \"Commercial\")]"}
RESULT: {}
RESULT: {"using":"xpath","value":"//div[contains(text(), \"Commercial\")]"}
COMMAND: GET /session/b8a203b9eea9ca58b7eb9d1b420e99b6/element/f.C3D07913007EC519E918D4FD8EAE9792.d.93D26FC26E9F146164F1053B9FD074BF.e.1195/rect - {}
RESULT: {}
COMMAND: GET /session/b8a203b9eea9ca58b7eb9d1b420e99b6/window/rect - {}
RESULT: {}
COMMAND: POST /session/b8a203b9eea9ca58b7eb9d1b420e99b6/execute/sync - {"script":"<script> [92 bytes]","args":[]}
RESULT: {"script":"<script> [92 bytes]","args":[]}
COMMAND: POST /session/b8a203b9eea9ca58b7eb9d1b420e99b6/actions - {"actions":[{"id":"action2","type":"wheel","parameters":{},"actions":[{"type":"scroll","x":-1825,"y":-44,"deltaX":0,"deltaY":0,"duration":0,"origin":{"element-6066-11e4-a52e-4f735466cecf":"f.C3D07913007EC519E918D4FD8EAE9792.d.93D26FC26E9F146164F1053B9FD074BF.e.1195"}}]}]}
COMMAND: GET /session/b8a203b9eea9ca58b7eb9d1b420e99b6/screenshot - {}
RESULT: {}
COMMAND: POST /session/b8a203b9eea9ca58b7eb9d1b420e99b6/execute/sync - {"script":"<script> [79 bytes]","args":[{"element-6066-11e4-a52e-4f735466cecf":"f.C3D07913007EC519E918D4FD8EAE9792.d.93D26FC26E9F146164F1053B9FD074BF.e.1195","ELEMENT":"f.C3D07913007EC519E918D4FD8EAE9792.d.93D26FC26E9F146164F1053B9FD074BF.e.1195"},{"block":"start","inline":"nearest"}]}
RESULT: {"script":"<script> [79 bytes]","args":[{"element-6066-11e4-a52e-4f735466cecf":"f.C3D07913007EC519E918D4FD8EAE9792.d.93D26FC26E9F146164F1053B9FD074BF.e.1195","ELEMENT":"f.C3D07913007EC519E918D4FD8EAE9792.d.93D26FC26E9F146164F1053B9FD074BF.e.1195"},{"block":"start","inline":"nearest"}]}
COMMAND: GET /session/b8a203b9eea9ca58b7eb9d1b420e99b6/screenshot - {}
COMMAND: POST /session/b8a203b9eea9ca58b7eb9d1b420e99b6/element - {"using":"xpath","value":"//input[@id='application-manageyards-display-component---NewYard--addressEditDetailsCostObjectCstType-inner']"}
RESULT: {}
RESULT: {"using":"xpath","value":"//input[@id='application-manageyards-display-component---NewYard--addressEditDetailsCostObjectCstType-inner']"}
COMMAND: POST /session/b8a203b9eea9ca58b7eb9d1b420e99b6/execute/sync - {"script":"<script> [8489 bytes]","args":[{"element-6066-11e4-a52e-4f735466cecf":"f.C3D07913007EC519E918D4FD8EAE9792.d.93D26FC26E9F146164F1053B9FD074BF.e.1020","ELEMENT":"f.C3D07913007EC519E918D4FD8EAE9792.d.93D26FC26E9F146164F1053B9FD074BF.e.1020"}]}
RESULT: {"script":"<script> [8489 bytes]","args":[{"element-6066-11e4-a52e-4f735466cecf":"f.C3D07913007EC519E918D4FD8EAE9792.d.93D26FC26E9F146164F1053B9FD074BF.e.1020","ELEMENT":"f.C3D07913007EC519E918D4FD8EAE9792.d.93D26FC26E9F146164F1053B9FD074BF.e.1020"}]}
COMMAND: POST /session/b8a203b9eea9ca58b7eb9d1b420e99b6/element/f.C3D07913007EC519E918D4FD8EAE9792.d.93D26FC26E9F146164F1053B9FD074BF.e.1020/clear - {}
COMMAND: GET /session/b8a203b9eea9ca58b7eb9d1b420e99b6/screenshot - {}
RESULT: {}
COMMAND: POST /session/b8a203b9eea9ca58b7eb9d1b420e99b6/element/f.C3D07913007EC519E918D4FD8EAE9792.d.93D26FC26E9F146164F1053B9FD074BF.e.1020/value - {"text":"Cost"}
COMMAND: GET /session/b8a203b9eea9ca58b7eb9d1b420e99b6/screenshot - {}
RESULT: {}
RESULT: {"text":"Cost"}
COMMAND: GET /session/b8a203b9eea9ca58b7eb9d1b420e99b6/screenshot - {}
RESULT: {}
RESULT: {}
COMMAND: POST /session/b8a203b9eea9ca58b7eb9d1b420e99b6/execute/async - {"script":"<script> [1562 bytes]","args":[{"selector":{"id":"application-manageyards-display-component---NewYard--addressNewCostObjectCstID","interaction":{"idSuffix":"inner"}},"wdio_ui5_key":"applicationmanageyards-display-component---NewYard--addressNewCostObjectCstID"}]}
RESULT: {"script":"<script> [1562 bytes]","args":[{"selector":{"id":"application-manageyards-display-component---NewYard--addressNewCostObjectCstID","interaction":{"idSuffix":"inner"}},"wdio_ui5_key":"applicationmanageyards-display-component---NewYard--addressNewCostObjectCstID"}]}
RESULT: undefined
COMMAND: POST /session/b8a203b9eea9ca58b7eb9d1b420e99b6/execute/async - {"script":"<script> [776 bytes]","args":[{"enterText":"10001013","selector":{"id":"application-manageyards-display-component---NewYard--addressNewCostObjectCstID","interaction":{"idSuffix":"inner"}},"clearTextFirst":true,"interactionType":"ENTER_TEXT"}]}
RESULT: {"script":"<script> [776 bytes]","args":[{"enterText":"10001013","selector":{"id":"application-manageyards-display-component---NewYard--addressNewCostObjectCstID","interaction":{"idSuffix":"inner"}},"clearTextFirst":true,"interactionType":"ENTER_TEXT"}]}
COMMAND: POST /session/b8a203b9eea9ca58b7eb9d1b420e99b6/actions - {"actions":[{"id":"action3","type":"key","parameters":{},"actions":[{"type":"keyDown","value":"î€‡"},{"type":"pause","duration":10},{"type":"keyUp","value":"î€‡"}]}]}
RESULT: {"actions":[{"id":"action3","type":"key","parameters":{},"actions":[{"type":"keyDown","value":"î€‡"},{"type":"pause","duration":10},{"type":"keyUp","value":"î€‡"}]}]}
COMMAND: GET /session/b8a203b9eea9ca58b7eb9d1b420e99b6/screenshot - {}
RESULT: {}
COMMAND: POST /session/b8a203b9eea9ca58b7eb9d1b420e99b6/execute/async - {"script":"<script> [1562 bytes]","args":[{"selector":{"controlType":"sap.m.Button","viewName":"etm.portal.ui.manageyards.view.New","viewId":"application-manageyards-display-component---NewYard","i18NText":{"propertyName":"text","key":"save"},"interaction":{"idSuffix":"inner"}},"wdio_ui5_key":"etmportal.ui.manageyards.view.Newsap.m.Button{\"propertyName\":\"text\",\"key\":\"save\"}"}]}
RESULT: {"script":"<script> [1562 bytes]","args":[{"selector":{"controlType":"sap.m.Button","viewName":"etm.portal.ui.manageyards.view.New","viewId":"application-manageyards-display-component---NewYard","i18NText":{"propertyName":"text","key":"save"},"interaction":{"idSuffix":"inner"}},"wdio_ui5_key":"etmportal.ui.manageyards.view.Newsap.m.Button{\"propertyName\":\"text\",\"key\":\"save\"}"}]}
RESULT: undefined
COMMAND: POST /session/b8a203b9eea9ca58b7eb9d1b420e99b6/element - {"using":"xpath","value":"//*[@id=\"__button39\"]"}
RESULT: {"using":"xpath","value":"//*[@id=\"__button39\"]"}
COMMAND: POST /session/b8a203b9eea9ca58b7eb9d1b420e99b6/element/f.C3D07913007EC519E918D4FD8EAE9792.d.93D26FC26E9F146164F1053B9FD074BF.e.1184/click - {}
RESULT: {}
COMMAND: GET /session/b8a203b9eea9ca58b7eb9d1b420e99b6/screenshot - {}
RESULT: {}
COMMAND: POST /session/b8a203b9eea9ca58b7eb9d1b420e99b6/element - {"using":"xpath","value":"//header/div/div/div/div/div/div[2]/div/span"}
RESULT: {"using":"xpath","value":"//header/div/div/div/div/div/div[2]/div/span"}
COMMAND: GET /session/b8a203b9eea9ca58b7eb9d1b420e99b6/element/f.C3D07913007EC519E918D4FD8EAE9792.d.93D26FC26E9F146164F1053B9FD074BF.e.1405/text - {}
RESULT: {}
COMMAND: POST /session/b8a203b9eea9ca58b7eb9d1b420e99b6/element - {"using":"xpath","value":"//header/div/div[2]/div[2]/span"}
RESULT: {"using":"xpath","value":"//header/div/div[2]/div[2]/span"}
COMMAND: GET /session/b8a203b9eea9ca58b7eb9d1b420e99b6/element/f.C3D07913007EC519E918D4FD8EAE9792.d.93D26FC26E9F146164F1053B9FD074BF.e.1406/text - {}
RESULT: {}
COMMAND: POST /session/b8a203b9eea9ca58b7eb9d1b420e99b6/execute/async - {"script":"<script> [1562 bytes]","args":[{"selector":{"controlType":"sap.m.OverflowToolbarButton","viewName":"etm.portal.ui.manageyards.view.Detail","viewId":"application-manageyards-display-component---detailYard","i18NText":{"propertyName":"tooltip","key":"closeColumn"},"interaction":{"idSuffix":"inner"}},"wdio_ui5_key":"etmportal.ui.manageyards.view.Detailsap.m.OverflowToolbarButton{\"propertyName\":\"tooltip\",\"key\":\"closeColumn\"}"}]}
RESULT: {"script":"<script> [1562 bytes]","args":[{"selector":{"controlType":"sap.m.OverflowToolbarButton","viewName":"etm.portal.ui.manageyards.view.Detail","viewId":"application-manageyards-display-component---detailYard","i18NText":{"propertyName":"tooltip","key":"closeColumn"},"interaction":{"idSuffix":"inner"}},"wdio_ui5_key":"etmportal.ui.manageyards.view.Detailsap.m.OverflowToolbarButton{\"propertyName\":\"tooltip\",\"key\":\"closeColumn\"}"}]}
RESULT: undefined
COMMAND: POST /session/b8a203b9eea9ca58b7eb9d1b420e99b6/element - {"using":"xpath","value":"//*[@id=\"__button62\"]"}
RESULT: {"using":"xpath","value":"//*[@id=\"__button62\"]"}
COMMAND: POST /session/b8a203b9eea9ca58b7eb9d1b420e99b6/element/f.C3D07913007EC519E918D4FD8EAE9792.d.93D26FC26E9F146164F1053B9FD074BF.e.1412/click - {}
RESULT: {}
COMMAND: POST /session/b8a203b9eea9ca58b7eb9d1b420e99b6/refresh - {}
COMMAND: GET /session/b8a203b9eea9ca58b7eb9d1b420e99b6/screenshot - {}
RESULT: {}
COMMAND: GET /session/b8a203b9eea9ca58b7eb9d1b420e99b6/screenshot - {}
RESULT: {}
RESULT: {}
COMMAND: POST /session/b8a203b9eea9ca58b7eb9d1b420e99b6/refresh - {}
RESULT: {}
COMMAND: GET /session/b8a203b9eea9ca58b7eb9d1b420e99b6/screenshot - {}
RESULT: {}
COMMAND: POST /session/b8a203b9eea9ca58b7eb9d1b420e99b6/window/fullscreen - {}
RESULT: {}
COMMAND: POST /session/b8a203b9eea9ca58b7eb9d1b420e99b6/execute/async - {"script":"<script> [189 bytes]","args":[]}
RESULT: {"script":"<script> [189 bytes]","args":[]}
COMMAND: POST /session/b8a203b9eea9ca58b7eb9d1b420e99b6/execute/async - {"script":"<script> [123 bytes]","args":[]}
RESULT: {"script":"<script> [123 bytes]","args":[]}
COMMAND: POST /session/b8a203b9eea9ca58b7eb9d1b420e99b6/timeouts - {"script":"<number>"}
RESULT: {"script":"<number>"}
COMMAND: GET /session/b8a203b9eea9ca58b7eb9d1b420e99b6/timeouts - {}
RESULT: {}
RESULT: undefined
COMMAND: POST /session/b8a203b9eea9ca58b7eb9d1b420e99b6/execute/async - {"script":"<script> [2676 bytes]","args":[]}
RESULT: {"script":"<script> [2676 bytes]","args":[]}
COMMAND: POST /session/b8a203b9eea9ca58b7eb9d1b420e99b6/execute/async - {"script":"<script> [2342 bytes]","args":[{"protocol":"http","hostname":"0.0.0.0","path":"/","capabilities":{"browserName":"chrome","goog:chromeOptions":{"binary":"C:\\Program Files\\Google\\Chrome\\Application\\chrome.exe","args":["--start-maximized"]}},"logLevel":"warn","connectionRetryTimeout":120000,"connectionRetryCount":3,"logLevels":{},"enableDirectConnect":true,"strictSSL":true,"_":"65 more keys: [\"cacheDir\",\"port\",\"requestedCapabilities\",\"automationProtocol\",\"baseUrl\",\"waitforInterval\",\"waitforTimeout\",\"onReload\",\"beforeCommand\",\"afterCommand\",\"rootDir\",\"specs\",\"suites\",\"exclude\",\"groupLogsByTestSpec\",\"excludeDriverLogs\",\"bail\",\"framework\",\"reporters\",\"services\",\"maxInstances\",\"maxInstancesPerCapability\",\"injectGlobals\",\"filesToWatch\",\"execArgv\",\"runnerEnv\",\"runner\",\"shard\",\"specFileRetries\",\"specFileRetriesDelay\",\"specFileRetriesDeferred\",\"reporterSyncInterval\",\"reporterSyncTimeout\",\"cucumberFeaturesWithLineNumbers\",\"autoCompileOpts\",\"mochaOpts\",\"jasmineOpts\",\"cucumberOpts\",\"onPrepare\",\"onWorkerStart\",\"onWorkerEnd\",\"before\",\"beforeSession\",\"beforeSuite\",\"beforeHook\",\"beforeTest\",\"afterTest\",\"afterHook\",\"afterSuite\",\"afterSession\",\"after\",\"onComplete\",\"beforeAssertion\",\"afterAssertion\",\"beforeFeature\",\"beforeScenario\",\"beforeStep\",\"afterStep\",\"afterScenario\",\"afterFeature\",\"_\",\"suite\",\"$0\",\"ignoredWorkerServices\",\"wdi5\"]"}]}
RESULT: {"script":"<script> [2342 bytes]","args":[{"protocol":"http","hostname":"0.0.0.0","path":"/","capabilities":{"browserName":"chrome","goog:chromeOptions":{"binary":"C:\\Program Files\\Google\\Chrome\\Application\\chrome.exe","args":["--start-maximized"]}},"logLevel":"warn","connectionRetryTimeout":120000,"connectionRetryCount":3,"logLevels":{},"enableDirectConnect":true,"strictSSL":true,"_":"65 more keys: [\"cacheDir\",\"port\",\"requestedCapabilities\",\"automationProtocol\",\"baseUrl\",\"waitforInterval\",\"waitforTimeout\",\"onReload\",\"beforeCommand\",\"afterCommand\",\"rootDir\",\"specs\",\"suites\",\"exclude\",\"groupLogsByTestSpec\",\"excludeDriverLogs\",\"bail\",\"framework\",\"reporters\",\"services\",\"maxInstances\",\"maxInstancesPerCapability\",\"injectGlobals\",\"filesToWatch\",\"execArgv\",\"runnerEnv\",\"runner\",\"shard\",\"specFileRetries\",\"specFileRetriesDelay\",\"specFileRetriesDeferred\",\"reporterSyncInterval\",\"reporterSyncTimeout\",\"cucumberFeaturesWithLineNumbers\",\"autoCompileOpts\",\"mochaOpts\",\"jasmineOpts\",\"cucumberOpts\",\"onPrepare\",\"onWorkerStart\",\"onWorkerEnd\",\"before\",\"beforeSession\",\"beforeSuite\",\"beforeHook\",\"beforeTest\",\"afterTest\",\"afterHook\",\"afterSuite\",\"afterSession\",\"after\",\"onComplete\",\"beforeAssertion\",\"afterAssertion\",\"beforeFeature\",\"beforeScenario\",\"beforeStep\",\"afterStep\",\"afterScenario\",\"afterFeature\",\"_\",\"suite\",\"$0\",\"ignoredWorkerServices\",\"wdi5\"]"}]}
COMMAND: POST /session/b8a203b9eea9ca58b7eb9d1b420e99b6/execute/async - {"script":"<script> [21126 bytes]","args":[35000]}
RESULT: {"script":"<script> [21126 bytes]","args":[35000]}
]]></system-out>
    </testcase>
    <testcase classname="chrome.137_0_7151_56.windows.Create_2_Yards_US112496" name="Should create a WHM yard" time="79.524">
      <system-out><![CDATA[
COMMAND: POST /session/b8a203b9eea9ca58b7eb9d1b420e99b6/execute/async - {"script":"<script> [1562 bytes]","args":[{"selector":{"controlType":"sap.ui.core.Icon","viewName":"etm.portal.ui.manageyards.view.Master","viewId":"application-manageyards-display-component---masterYard","properties":{"src":{"regex":{"source":"add"}}}},"wdio_ui5_key":"etmportal.ui.manageyards.view.Mastersap.ui.core.Icon{\"src\":{\"regex\":{\"source\":\"add\"}}}"}]}
RESULT: {"script":"<script> [1562 bytes]","args":[{"selector":{"controlType":"sap.ui.core.Icon","viewName":"etm.portal.ui.manageyards.view.Master","viewId":"application-manageyards-display-component---masterYard","properties":{"src":{"regex":{"source":"add"}}}},"wdio_ui5_key":"etmportal.ui.manageyards.view.Mastersap.ui.core.Icon{\"src\":{\"regex\":{\"source\":\"add\"}}}"}]}
RESULT: undefined
COMMAND: POST /session/b8a203b9eea9ca58b7eb9d1b420e99b6/element - {"using":"xpath","value":"//*[@id=\"__button9-img\"]"}
RESULT: {"using":"xpath","value":"//*[@id=\"__button9-img\"]"}
COMMAND: POST /session/b8a203b9eea9ca58b7eb9d1b420e99b6/element/f.C3D07913007EC519E918D4FD8EAE9792.d.55C890EF1E7B1326A628AF6E3CD73E45.e.1530/click - {}
RESULT: {}
COMMAND: GET /session/b8a203b9eea9ca58b7eb9d1b420e99b6/screenshot - {}
RESULT: {}
COMMAND: POST /session/b8a203b9eea9ca58b7eb9d1b420e99b6/execute/async - {"script":"<script> [1562 bytes]","args":[{"selector":{"id":"application-manageyards-display-component---NewYard--yardId","interaction":{"idSuffix":"inner"}},"wdio_ui5_key":"applicationmanageyards-display-component---NewYard--yardId"}]}
RESULT: {"script":"<script> [1562 bytes]","args":[{"selector":{"id":"application-manageyards-display-component---NewYard--yardId","interaction":{"idSuffix":"inner"}},"wdio_ui5_key":"applicationmanageyards-display-component---NewYard--yardId"}]}
RESULT: undefined
COMMAND: POST /session/b8a203b9eea9ca58b7eb9d1b420e99b6/element - {"using":"xpath","value":"//*[@id=\"application-manageyards-display-component---NewYard--addressDetailDetailsName1-inner\"]"}
RESULT: {"using":"xpath","value":"//*[@id=\"application-manageyards-display-component---NewYard--addressDetailDetailsName1-inner\"]"}
COMMAND: POST /session/b8a203b9eea9ca58b7eb9d1b420e99b6/element/f.C3D07913007EC519E918D4FD8EAE9792.d.55C890EF1E7B1326A628AF6E3CD73E45.e.1674/clear - {}
RESULT: {}
COMMAND: POST /session/b8a203b9eea9ca58b7eb9d1b420e99b6/element/f.C3D07913007EC519E918D4FD8EAE9792.d.55C890EF1E7B1326A628AF6E3CD73E45.e.1674/value - {"text":"Webdriver WHM Yard o45o6"}
COMMAND: GET /session/b8a203b9eea9ca58b7eb9d1b420e99b6/screenshot - {}
RESULT: {"text":"Webdriver WHM Yard o45o6"}
COMMAND: POST /session/b8a203b9eea9ca58b7eb9d1b420e99b6/element - {"using":"xpath","value":"//*[@id=\"application-manageyards-display-component---NewYard--addressDetailDetailsLanguage-inner\"]"}
COMMAND: GET /session/b8a203b9eea9ca58b7eb9d1b420e99b6/screenshot - {}
RESULT: {}
RESULT: {"using":"xpath","value":"//*[@id=\"application-manageyards-display-component---NewYard--addressDetailDetailsLanguage-inner\"]"}
COMMAND: POST /session/b8a203b9eea9ca58b7eb9d1b420e99b6/element/f.C3D07913007EC519E918D4FD8EAE9792.d.55C890EF1E7B1326A628AF6E3CD73E45.e.1675/clear - {}
RESULT: {}
RESULT: {}
COMMAND: POST /session/b8a203b9eea9ca58b7eb9d1b420e99b6/element/f.C3D07913007EC519E918D4FD8EAE9792.d.55C890EF1E7B1326A628AF6E3CD73E45.e.1675/value - {"text":"Romanian"}
COMMAND: GET /session/b8a203b9eea9ca58b7eb9d1b420e99b6/screenshot - {}
RESULT: {"text":"Romanian"}
COMMAND: GET /session/b8a203b9eea9ca58b7eb9d1b420e99b6/screenshot - {}
RESULT: {}
RESULT: {}
COMMAND: POST /session/b8a203b9eea9ca58b7eb9d1b420e99b6/element - {"using":"xpath","value":"//*[@id=\"application-manageyards-display-component---NewYard--addressDetailDetailsCity1-inner\"]"}
RESULT: {"using":"xpath","value":"//*[@id=\"application-manageyards-display-component---NewYard--addressDetailDetailsCity1-inner\"]"}
COMMAND: POST /session/b8a203b9eea9ca58b7eb9d1b420e99b6/element/f.C3D07913007EC519E918D4FD8EAE9792.d.55C890EF1E7B1326A628AF6E3CD73E45.e.1677/clear - {}
RESULT: {}
COMMAND: POST /session/b8a203b9eea9ca58b7eb9d1b420e99b6/element/f.C3D07913007EC519E918D4FD8EAE9792.d.55C890EF1E7B1326A628AF6E3CD73E45.e.1677/value - {"text":"Bucuresti"}
COMMAND: GET /session/b8a203b9eea9ca58b7eb9d1b420e99b6/screenshot - {}
RESULT: {"text":"Bucuresti"}
COMMAND: GET /session/b8a203b9eea9ca58b7eb9d1b420e99b6/screenshot - {}
RESULT: {}
RESULT: {}
COMMAND: POST /session/b8a203b9eea9ca58b7eb9d1b420e99b6/element - {"using":"xpath","value":"//*[@id=\"application-manageyards-display-component---NewYard--addressDetailDetailsCountry-inner\"]"}
RESULT: {"using":"xpath","value":"//*[@id=\"application-manageyards-display-component---NewYard--addressDetailDetailsCountry-inner\"]"}
COMMAND: POST /session/b8a203b9eea9ca58b7eb9d1b420e99b6/element/f.C3D07913007EC519E918D4FD8EAE9792.d.55C890EF1E7B1326A628AF6E3CD73E45.e.1681/clear - {}
RESULT: {}
COMMAND: POST /session/b8a203b9eea9ca58b7eb9d1b420e99b6/element/f.C3D07913007EC519E918D4FD8EAE9792.d.55C890EF1E7B1326A628AF6E3CD73E45.e.1681/value - {"text":"Romania"}
COMMAND: GET /session/b8a203b9eea9ca58b7eb9d1b420e99b6/screenshot - {}
RESULT: {"text":"Romania"}
COMMAND: GET /session/b8a203b9eea9ca58b7eb9d1b420e99b6/screenshot - {}
RESULT: {}
RESULT: {}
COMMAND: POST /session/b8a203b9eea9ca58b7eb9d1b420e99b6/execute/async - {"script":"<script> [1562 bytes]","args":[{"selector":{"controlType":"sap.m.Button","viewName":"etm.portal.ui.manageyards.view.New","viewId":"application-manageyards-display-component---NewYard","properties":{"text":"Commercial"},"interaction":{"idSuffix":"BDI-content"}},"wdio_ui5_key":"etmportal.ui.manageyards.view.Newsap.m.Button{\"text\":\"Commercial\"}"}]}
RESULT: {"script":"<script> [1562 bytes]","args":[{"selector":{"controlType":"sap.m.Button","viewName":"etm.portal.ui.manageyards.view.New","viewId":"application-manageyards-display-component---NewYard","properties":{"text":"Commercial"},"interaction":{"idSuffix":"BDI-content"}},"wdio_ui5_key":"etmportal.ui.manageyards.view.Newsap.m.Button{\"text\":\"Commercial\"}"}]}
RESULT: undefined
COMMAND: POST /session/b8a203b9eea9ca58b7eb9d1b420e99b6/element - {"using":"xpath","value":"//*[@id=\"application-manageyards-display-component---NewYard--ObjectPageLayout-anchBar-__section18-anchor\"]"}
RESULT: {"using":"xpath","value":"//*[@id=\"application-manageyards-display-component---NewYard--ObjectPageLayout-anchBar-__section18-anchor\"]"}
COMMAND: POST /session/b8a203b9eea9ca58b7eb9d1b420e99b6/element/f.C3D07913007EC519E918D4FD8EAE9792.d.55C890EF1E7B1326A628AF6E3CD73E45.e.1826/click - {}
RESULT: {}
COMMAND: GET /session/b8a203b9eea9ca58b7eb9d1b420e99b6/screenshot - {}
RESULT: {}
COMMAND: POST /session/b8a203b9eea9ca58b7eb9d1b420e99b6/element - {"using":"xpath","value":"//input[@id='application-manageyards-display-component---NewYard--addressEditDetailsCostObjectCstType-inner']"}
RESULT: {"using":"xpath","value":"//input[@id='application-manageyards-display-component---NewYard--addressEditDetailsCostObjectCstType-inner']"}
COMMAND: POST /session/b8a203b9eea9ca58b7eb9d1b420e99b6/execute/sync - {"script":"<script> [8489 bytes]","args":[{"element-6066-11e4-a52e-4f735466cecf":"f.C3D07913007EC519E918D4FD8EAE9792.d.55C890EF1E7B1326A628AF6E3CD73E45.e.1687","ELEMENT":"f.C3D07913007EC519E918D4FD8EAE9792.d.55C890EF1E7B1326A628AF6E3CD73E45.e.1687"}]}
RESULT: {"script":"<script> [8489 bytes]","args":[{"element-6066-11e4-a52e-4f735466cecf":"f.C3D07913007EC519E918D4FD8EAE9792.d.55C890EF1E7B1326A628AF6E3CD73E45.e.1687","ELEMENT":"f.C3D07913007EC519E918D4FD8EAE9792.d.55C890EF1E7B1326A628AF6E3CD73E45.e.1687"}]}
COMMAND: POST /session/b8a203b9eea9ca58b7eb9d1b420e99b6/element/f.C3D07913007EC519E918D4FD8EAE9792.d.55C890EF1E7B1326A628AF6E3CD73E45.e.1687/clear - {}
COMMAND: GET /session/b8a203b9eea9ca58b7eb9d1b420e99b6/screenshot - {}
RESULT: {}
COMMAND: POST /session/b8a203b9eea9ca58b7eb9d1b420e99b6/element/f.C3D07913007EC519E918D4FD8EAE9792.d.55C890EF1E7B1326A628AF6E3CD73E45.e.1687/value - {"text":"Cost"}
COMMAND: GET /session/b8a203b9eea9ca58b7eb9d1b420e99b6/screenshot - {}
RESULT: {}
RESULT: {"text":"Cost"}
COMMAND: GET /session/b8a203b9eea9ca58b7eb9d1b420e99b6/screenshot - {}
RESULT: {}
RESULT: {}
COMMAND: POST /session/b8a203b9eea9ca58b7eb9d1b420e99b6/execute/async - {"script":"<script> [1562 bytes]","args":[{"selector":{"id":"application-manageyards-display-component---NewYard--addressNewCostObjectCstID","interaction":{"idSuffix":"inner"}},"wdio_ui5_key":"applicationmanageyards-display-component---NewYard--addressNewCostObjectCstID"}]}
RESULT: {"script":"<script> [1562 bytes]","args":[{"selector":{"id":"application-manageyards-display-component---NewYard--addressNewCostObjectCstID","interaction":{"idSuffix":"inner"}},"wdio_ui5_key":"applicationmanageyards-display-component---NewYard--addressNewCostObjectCstID"}]}
RESULT: undefined
COMMAND: POST /session/b8a203b9eea9ca58b7eb9d1b420e99b6/execute/async - {"script":"<script> [776 bytes]","args":[{"enterText":"10001013","selector":{"id":"application-manageyards-display-component---NewYard--addressNewCostObjectCstID","interaction":{"idSuffix":"inner"}},"clearTextFirst":true,"interactionType":"ENTER_TEXT"}]}
RESULT: {"script":"<script> [776 bytes]","args":[{"enterText":"10001013","selector":{"id":"application-manageyards-display-component---NewYard--addressNewCostObjectCstID","interaction":{"idSuffix":"inner"}},"clearTextFirst":true,"interactionType":"ENTER_TEXT"}]}
COMMAND: POST /session/b8a203b9eea9ca58b7eb9d1b420e99b6/actions - {"actions":[{"id":"action4","type":"key","parameters":{},"actions":[{"type":"keyDown","value":"î€‡"},{"type":"pause","duration":10},{"type":"keyUp","value":"î€‡"}]}]}
RESULT: {"actions":[{"id":"action4","type":"key","parameters":{},"actions":[{"type":"keyDown","value":"î€‡"},{"type":"pause","duration":10},{"type":"keyUp","value":"î€‡"}]}]}
COMMAND: POST /session/b8a203b9eea9ca58b7eb9d1b420e99b6/execute/async - {"script":"<script> [1562 bytes]","args":[{"selector":{"id":"application-manageyards-display-component---NewYard--addressEditDetailsCurrency","interaction":{"idSuffix":"inner"}},"wdio_ui5_key":"applicationmanageyards-display-component---NewYard--addressEditDetailsCurrency"}]}
COMMAND: GET /session/b8a203b9eea9ca58b7eb9d1b420e99b6/screenshot - {}
RESULT: {"script":"<script> [1562 bytes]","args":[{"selector":{"id":"application-manageyards-display-component---NewYard--addressEditDetailsCurrency","interaction":{"idSuffix":"inner"}},"wdio_ui5_key":"applicationmanageyards-display-component---NewYard--addressEditDetailsCurrency"}]}
RESULT: undefined
COMMAND: POST /session/b8a203b9eea9ca58b7eb9d1b420e99b6/execute/async - {"script":"<script> [776 bytes]","args":[{"enterText":"Euro","selector":{"id":"application-manageyards-display-component---NewYard--addressEditDetailsCurrency","interaction":{"idSuffix":"inner"}},"clearTextFirst":true,"interactionType":"ENTER_TEXT"}]}
RESULT: {}
RESULT: {"script":"<script> [776 bytes]","args":[{"enterText":"Euro","selector":{"id":"application-manageyards-display-component---NewYard--addressEditDetailsCurrency","interaction":{"idSuffix":"inner"}},"clearTextFirst":true,"interactionType":"ENTER_TEXT"}]}
COMMAND: POST /session/b8a203b9eea9ca58b7eb9d1b420e99b6/execute/async - {"script":"<script> [1562 bytes]","args":[{"selector":{"controlType":"sap.m.Input","viewName":"etm.portal.ui.manageyards.view.New","viewId":"application-manageyards-display-component---NewYard","bindingPath":{"path":"","propertyPath":"/CONTROLLING_AREA","modelName":"NewYardModel"},"interaction":{"idSuffix":"inner"}},"wdio_ui5_key":"etmportal.ui.manageyards.view.Newsap.m.Input{\"path\":\"\",\"propertyPath\":\"/CONTROLLING_AREA\",\"modelName\":\"NewYardModel\"}"}]}
RESULT: {"script":"<script> [1562 bytes]","args":[{"selector":{"controlType":"sap.m.Input","viewName":"etm.portal.ui.manageyards.view.New","viewId":"application-manageyards-display-component---NewYard","bindingPath":{"path":"","propertyPath":"/CONTROLLING_AREA","modelName":"NewYardModel"},"interaction":{"idSuffix":"inner"}},"wdio_ui5_key":"etmportal.ui.manageyards.view.Newsap.m.Input{\"path\":\"\",\"propertyPath\":\"/CONTROLLING_AREA\",\"modelName\":\"NewYardModel\"}"}]}
RESULT: undefined
COMMAND: POST /session/b8a203b9eea9ca58b7eb9d1b420e99b6/execute/async - {"script":"<script> [776 bytes]","args":[{"enterText":"Z001","selector":{"controlType":"sap.m.Input","viewName":"etm.portal.ui.manageyards.view.New","viewId":"application-manageyards-display-component---NewYard","bindingPath":{"path":"","propertyPath":"/CONTROLLING_AREA","modelName":"NewYardModel"},"interaction":{"idSuffix":"inner"}},"clearTextFirst":true,"interactionType":"ENTER_TEXT"}]}
RESULT: {"script":"<script> [776 bytes]","args":[{"enterText":"Z001","selector":{"controlType":"sap.m.Input","viewName":"etm.portal.ui.manageyards.view.New","viewId":"application-manageyards-display-component---NewYard","bindingPath":{"path":"","propertyPath":"/CONTROLLING_AREA","modelName":"NewYardModel"},"interaction":{"idSuffix":"inner"}},"clearTextFirst":true,"interactionType":"ENTER_TEXT"}]}
COMMAND: POST /session/b8a203b9eea9ca58b7eb9d1b420e99b6/execute/async - {"script":"<script> [1562 bytes]","args":[{"selector":{"id":"application-manageyards-display-component---NewYard--companyCodeComboBox","interaction":{"idSuffix":"inner"}},"wdio_ui5_key":"applicationmanageyards-display-component---NewYard--companyCodeComboBox"}]}
RESULT: {"script":"<script> [1562 bytes]","args":[{"selector":{"id":"application-manageyards-display-component---NewYard--companyCodeComboBox","interaction":{"idSuffix":"inner"}},"wdio_ui5_key":"applicationmanageyards-display-component---NewYard--companyCodeComboBox"}]}
RESULT: undefined
COMMAND: POST /session/b8a203b9eea9ca58b7eb9d1b420e99b6/execute/async - {"script":"<script> [776 bytes]","args":[{"enterText":"1000","selector":{"id":"application-manageyards-display-component---NewYard--companyCodeComboBox","interaction":{"idSuffix":"inner"}},"clearTextFirst":true,"interactionType":"ENTER_TEXT"}]}
RESULT: {"script":"<script> [776 bytes]","args":[{"enterText":"1000","selector":{"id":"application-manageyards-display-component---NewYard--companyCodeComboBox","interaction":{"idSuffix":"inner"}},"clearTextFirst":true,"interactionType":"ENTER_TEXT"}]}
COMMAND: POST /session/b8a203b9eea9ca58b7eb9d1b420e99b6/actions - {"actions":[{"id":"action5","type":"key","parameters":{},"actions":[{"type":"keyDown","value":"î€‡"},{"type":"pause","duration":10},{"type":"keyUp","value":"î€‡"}]}]}
RESULT: {"actions":[{"id":"action5","type":"key","parameters":{},"actions":[{"type":"keyDown","value":"î€‡"},{"type":"pause","duration":10},{"type":"keyUp","value":"î€‡"}]}]}
COMMAND: POST /session/b8a203b9eea9ca58b7eb9d1b420e99b6/execute/async - {"script":"<script> [1562 bytes]","args":[{"selector":{"controlType":"sap.m.Input","viewName":"etm.portal.ui.manageyards.view.New","viewId":"application-manageyards-display-component---NewYard","bindingPath":{"path":"","propertyPath":"/PLANT","modelName":"NewYardModel"},"interaction":{"idSuffix":"inner"}},"wdio_ui5_key":"etmportal.ui.manageyards.view.Newsap.m.Input{\"path\":\"\",\"propertyPath\":\"/PLANT\",\"modelName\":\"NewYardModel\"}"}]}
COMMAND: GET /session/b8a203b9eea9ca58b7eb9d1b420e99b6/screenshot - {}
RESULT: {"script":"<script> [1562 bytes]","args":[{"selector":{"controlType":"sap.m.Input","viewName":"etm.portal.ui.manageyards.view.New","viewId":"application-manageyards-display-component---NewYard","bindingPath":{"path":"","propertyPath":"/PLANT","modelName":"NewYardModel"},"interaction":{"idSuffix":"inner"}},"wdio_ui5_key":"etmportal.ui.manageyards.view.Newsap.m.Input{\"path\":\"\",\"propertyPath\":\"/PLANT\",\"modelName\":\"NewYardModel\"}"}]}
RESULT: undefined
COMMAND: POST /session/b8a203b9eea9ca58b7eb9d1b420e99b6/execute/async - {"script":"<script> [776 bytes]","args":[{"enterText":"1001","selector":{"controlType":"sap.m.Input","viewName":"etm.portal.ui.manageyards.view.New","viewId":"application-manageyards-display-component---NewYard","bindingPath":{"path":"","propertyPath":"/PLANT","modelName":"NewYardModel"},"interaction":{"idSuffix":"inner"}},"clearTextFirst":true,"interactionType":"ENTER_TEXT"}]}
RESULT: {}
RESULT: {"script":"<script> [776 bytes]","args":[{"enterText":"1001","selector":{"controlType":"sap.m.Input","viewName":"etm.portal.ui.manageyards.view.New","viewId":"application-manageyards-display-component---NewYard","bindingPath":{"path":"","propertyPath":"/PLANT","modelName":"NewYardModel"},"interaction":{"idSuffix":"inner"}},"clearTextFirst":true,"interactionType":"ENTER_TEXT"}]}
COMMAND: POST /session/b8a203b9eea9ca58b7eb9d1b420e99b6/execute/async - {"script":"<script> [1562 bytes]","args":[{"selector":{"controlType":"sap.m.Input","viewName":"etm.portal.ui.manageyards.view.New","viewId":"application-manageyards-display-component---NewYard","bindingPath":{"path":"","propertyPath":"/SALES_AREA_VKORG","modelName":"NewYardModel"},"interaction":{"idSuffix":"inner"}},"wdio_ui5_key":"etmportal.ui.manageyards.view.Newsap.m.Input{\"path\":\"\",\"propertyPath\":\"/SALES_AREA_VKORG\",\"modelName\":\"NewYardModel\"}"}]}
RESULT: {"script":"<script> [1562 bytes]","args":[{"selector":{"controlType":"sap.m.Input","viewName":"etm.portal.ui.manageyards.view.New","viewId":"application-manageyards-display-component---NewYard","bindingPath":{"path":"","propertyPath":"/SALES_AREA_VKORG","modelName":"NewYardModel"},"interaction":{"idSuffix":"inner"}},"wdio_ui5_key":"etmportal.ui.manageyards.view.Newsap.m.Input{\"path\":\"\",\"propertyPath\":\"/SALES_AREA_VKORG\",\"modelName\":\"NewYardModel\"}"}]}
RESULT: undefined
COMMAND: POST /session/b8a203b9eea9ca58b7eb9d1b420e99b6/execute/async - {"script":"<script> [776 bytes]","args":[{"enterText":"C002","selector":{"controlType":"sap.m.Input","viewName":"etm.portal.ui.manageyards.view.New","viewId":"application-manageyards-display-component---NewYard","bindingPath":{"path":"","propertyPath":"/SALES_AREA_VKORG","modelName":"NewYardModel"},"interaction":{"idSuffix":"inner"}},"clearTextFirst":true,"interactionType":"ENTER_TEXT"}]}
RESULT: {"script":"<script> [776 bytes]","args":[{"enterText":"C002","selector":{"controlType":"sap.m.Input","viewName":"etm.portal.ui.manageyards.view.New","viewId":"application-manageyards-display-component---NewYard","bindingPath":{"path":"","propertyPath":"/SALES_AREA_VKORG","modelName":"NewYardModel"},"interaction":{"idSuffix":"inner"}},"clearTextFirst":true,"interactionType":"ENTER_TEXT"}]}
COMMAND: POST /session/b8a203b9eea9ca58b7eb9d1b420e99b6/execute/async - {"script":"<script> [1562 bytes]","args":[{"selector":{"controlType":"sap.m.Input","viewName":"etm.portal.ui.manageyards.view.New","viewId":"application-manageyards-display-component---NewYard","bindingPath":{"path":"","propertyPath":"/SALES_AREA_VTWEG","modelName":"NewYardModel"},"interaction":{"idSuffix":"inner"}},"wdio_ui5_key":"etmportal.ui.manageyards.view.Newsap.m.Input{\"path\":\"\",\"propertyPath\":\"/SALES_AREA_VTWEG\",\"modelName\":\"NewYardModel\"}"}]}
RESULT: {"script":"<script> [1562 bytes]","args":[{"selector":{"controlType":"sap.m.Input","viewName":"etm.portal.ui.manageyards.view.New","viewId":"application-manageyards-display-component---NewYard","bindingPath":{"path":"","propertyPath":"/SALES_AREA_VTWEG","modelName":"NewYardModel"},"interaction":{"idSuffix":"inner"}},"wdio_ui5_key":"etmportal.ui.manageyards.view.Newsap.m.Input{\"path\":\"\",\"propertyPath\":\"/SALES_AREA_VTWEG\",\"modelName\":\"NewYardModel\"}"}]}
RESULT: undefined
COMMAND: POST /session/b8a203b9eea9ca58b7eb9d1b420e99b6/execute/async - {"script":"<script> [776 bytes]","args":[{"enterText":"C2","selector":{"controlType":"sap.m.Input","viewName":"etm.portal.ui.manageyards.view.New","viewId":"application-manageyards-display-component---NewYard","bindingPath":{"path":"","propertyPath":"/SALES_AREA_VTWEG","modelName":"NewYardModel"},"interaction":{"idSuffix":"inner"}},"clearTextFirst":true,"interactionType":"ENTER_TEXT"}]}
RESULT: {"script":"<script> [776 bytes]","args":[{"enterText":"C2","selector":{"controlType":"sap.m.Input","viewName":"etm.portal.ui.manageyards.view.New","viewId":"application-manageyards-display-component---NewYard","bindingPath":{"path":"","propertyPath":"/SALES_AREA_VTWEG","modelName":"NewYardModel"},"interaction":{"idSuffix":"inner"}},"clearTextFirst":true,"interactionType":"ENTER_TEXT"}]}
COMMAND: POST /session/b8a203b9eea9ca58b7eb9d1b420e99b6/execute/async - {"script":"<script> [1562 bytes]","args":[{"selector":{"controlType":"sap.m.Input","viewName":"etm.portal.ui.manageyards.view.New","viewId":"application-manageyards-display-component---NewYard","bindingPath":{"path":"","propertyPath":"/SALES_AREA_SPART","modelName":"NewYardModel"},"interaction":{"idSuffix":"inner"}},"wdio_ui5_key":"etmportal.ui.manageyards.view.Newsap.m.Input{\"path\":\"\",\"propertyPath\":\"/SALES_AREA_SPART\",\"modelName\":\"NewYardModel\"}"}]}
RESULT: {"script":"<script> [1562 bytes]","args":[{"selector":{"controlType":"sap.m.Input","viewName":"etm.portal.ui.manageyards.view.New","viewId":"application-manageyards-display-component---NewYard","bindingPath":{"path":"","propertyPath":"/SALES_AREA_SPART","modelName":"NewYardModel"},"interaction":{"idSuffix":"inner"}},"wdio_ui5_key":"etmportal.ui.manageyards.view.Newsap.m.Input{\"path\":\"\",\"propertyPath\":\"/SALES_AREA_SPART\",\"modelName\":\"NewYardModel\"}"}]}
RESULT: undefined
COMMAND: POST /session/b8a203b9eea9ca58b7eb9d1b420e99b6/execute/async - {"script":"<script> [776 bytes]","args":[{"enterText":"C2","selector":{"controlType":"sap.m.Input","viewName":"etm.portal.ui.manageyards.view.New","viewId":"application-manageyards-display-component---NewYard","bindingPath":{"path":"","propertyPath":"/SALES_AREA_SPART","modelName":"NewYardModel"},"interaction":{"idSuffix":"inner"}},"clearTextFirst":true,"interactionType":"ENTER_TEXT"}]}
RESULT: {"script":"<script> [776 bytes]","args":[{"enterText":"C2","selector":{"controlType":"sap.m.Input","viewName":"etm.portal.ui.manageyards.view.New","viewId":"application-manageyards-display-component---NewYard","bindingPath":{"path":"","propertyPath":"/SALES_AREA_SPART","modelName":"NewYardModel"},"interaction":{"idSuffix":"inner"}},"clearTextFirst":true,"interactionType":"ENTER_TEXT"}]}
COMMAND: POST /session/b8a203b9eea9ca58b7eb9d1b420e99b6/execute/async - {"script":"<script> [1562 bytes]","args":[{"selector":{"id":"application-manageyards-display-component---NewYard--whmCheckBox","interaction":{"idSuffix":"CbBg"}},"wdio_ui5_key":"applicationmanageyards-display-component---NewYard--whmCheckBox"}]}
RESULT: {"script":"<script> [1562 bytes]","args":[{"selector":{"id":"application-manageyards-display-component---NewYard--whmCheckBox","interaction":{"idSuffix":"CbBg"}},"wdio_ui5_key":"applicationmanageyards-display-component---NewYard--whmCheckBox"}]}
RESULT: undefined
COMMAND: POST /session/b8a203b9eea9ca58b7eb9d1b420e99b6/element - {"using":"xpath","value":"//*[@id=\"application-manageyards-display-component---NewYard--whmCheckBox\"]"}
RESULT: {"using":"xpath","value":"//*[@id=\"application-manageyards-display-component---NewYard--whmCheckBox\"]"}
COMMAND: POST /session/b8a203b9eea9ca58b7eb9d1b420e99b6/element/f.C3D07913007EC519E918D4FD8EAE9792.d.55C890EF1E7B1326A628AF6E3CD73E45.e.1849/click - {}
RESULT: {}
COMMAND: POST /session/b8a203b9eea9ca58b7eb9d1b420e99b6/execute/async - {"script":"<script> [1562 bytes]","args":[{"selector":{"controlType":"sap.m.Button","viewName":"etm.portal.ui.manageyards.view.New","viewId":"application-manageyards-display-component---NewYard","i18NText":{"propertyName":"text","key":"save"},"interaction":{"idSuffix":"inner"}},"wdio_ui5_key":"etmportal.ui.manageyards.view.Newsap.m.Button{\"propertyName\":\"text\",\"key\":\"save\"}"}]}
COMMAND: GET /session/b8a203b9eea9ca58b7eb9d1b420e99b6/screenshot - {}
RESULT: {"script":"<script> [1562 bytes]","args":[{"selector":{"controlType":"sap.m.Button","viewName":"etm.portal.ui.manageyards.view.New","viewId":"application-manageyards-display-component---NewYard","i18NText":{"propertyName":"text","key":"save"},"interaction":{"idSuffix":"inner"}},"wdio_ui5_key":"etmportal.ui.manageyards.view.Newsap.m.Button{\"propertyName\":\"text\",\"key\":\"save\"}"}]}
RESULT: undefined
COMMAND: POST /session/b8a203b9eea9ca58b7eb9d1b420e99b6/element - {"using":"xpath","value":"//*[@id=\"__button43\"]"}
RESULT: {}
RESULT: {"using":"xpath","value":"//*[@id=\"__button43\"]"}
COMMAND: POST /session/b8a203b9eea9ca58b7eb9d1b420e99b6/element/f.C3D07913007EC519E918D4FD8EAE9792.d.55C890EF1E7B1326A628AF6E3CD73E45.e.1812/click - {}
RESULT: {}
COMMAND: GET /session/b8a203b9eea9ca58b7eb9d1b420e99b6/screenshot - {}
RESULT: {}
COMMAND: POST /session/b8a203b9eea9ca58b7eb9d1b420e99b6/element - {"using":"xpath","value":"//header/div/div/div/div/div/div[2]/div/span"}
RESULT: {"using":"xpath","value":"//header/div/div/div/div/div/div[2]/div/span"}
COMMAND: GET /session/b8a203b9eea9ca58b7eb9d1b420e99b6/element/f.C3D07913007EC519E918D4FD8EAE9792.d.55C890EF1E7B1326A628AF6E3CD73E45.e.2001/text - {}
RESULT: {}
COMMAND: POST /session/b8a203b9eea9ca58b7eb9d1b420e99b6/element - {"using":"xpath","value":"//header/div/div[2]/div[2]/span"}
RESULT: {"using":"xpath","value":"//header/div/div[2]/div[2]/span"}
COMMAND: GET /session/b8a203b9eea9ca58b7eb9d1b420e99b6/element/f.C3D07913007EC519E918D4FD8EAE9792.d.55C890EF1E7B1326A628AF6E3CD73E45.e.2002/text - {}
RESULT: {}
COMMAND: POST /session/b8a203b9eea9ca58b7eb9d1b420e99b6/element - {"using":"css selector","value":"#j_username"}
COMMAND: POST /session/b8a203b9eea9ca58b7eb9d1b420e99b6/url - {"url":"https://qa-testing-00-live-etm-ui.cfapps.eu10-004.hana.ondemand.com/"}
RESULT: {"url":"https://qa-testing-00-live-etm-ui.cfapps.eu10-004.hana.ondemand.com/"}
RESULT: undefined
COMMAND: GET /session/b8a203b9eea9ca58b7eb9d1b420e99b6/screenshot - {}
RESULT: {"using":"css selector","value":"#j_username"}
COMMAND: POST /session/b8a203b9eea9ca58b7eb9d1b420e99b6/element - {"using":"css selector","value":"#j_username"}
RESULT: {}
RESULT: {"using":"css selector","value":"#j_username"}
COMMAND: POST /session/b8a203b9eea9ca58b7eb9d1b420e99b6/element - {"using":"css selector","value":"#shell-header-logo"}
RESULT: {"using":"css selector","value":"#shell-header-logo"}
COMMAND: POST /session/b8a203b9eea9ca58b7eb9d1b420e99b6/execute/sync - {"script":"<script> [8489 bytes]","args":[{"element-6066-11e4-a52e-4f735466cecf":"f.C3D07913007EC519E918D4FD8EAE9792.d.8926CCB12D478A420F78A5369BB8B949.e.2017","ELEMENT":"f.C3D07913007EC519E918D4FD8EAE9792.d.8926CCB12D478A420F78A5369BB8B949.e.2017"}]}
RESULT: {"script":"<script> [8489 bytes]","args":[{"element-6066-11e4-a52e-4f735466cecf":"f.C3D07913007EC519E918D4FD8EAE9792.d.8926CCB12D478A420F78A5369BB8B949.e.2017","ELEMENT":"f.C3D07913007EC519E918D4FD8EAE9792.d.8926CCB12D478A420F78A5369BB8B949.e.2017"}]}
COMMAND: POST /session/b8a203b9eea9ca58b7eb9d1b420e99b6/element - {"using":"css selector","value":"#shell-header-logo"}
COMMAND: GET /session/b8a203b9eea9ca58b7eb9d1b420e99b6/screenshot - {}
RESULT: {"using":"css selector","value":"#shell-header-logo"}
COMMAND: POST /session/b8a203b9eea9ca58b7eb9d1b420e99b6/execute/sync - {"script":"<script> [8489 bytes]","args":[{"element-6066-11e4-a52e-4f735466cecf":"f.C3D07913007EC519E918D4FD8EAE9792.d.8926CCB12D478A420F78A5369BB8B949.e.2017","ELEMENT":"f.C3D07913007EC519E918D4FD8EAE9792.d.8926CCB12D478A420F78A5369BB8B949.e.2017"}]}
RESULT: {}
RESULT: {"script":"<script> [8489 bytes]","args":[{"element-6066-11e4-a52e-4f735466cecf":"f.C3D07913007EC519E918D4FD8EAE9792.d.8926CCB12D478A420F78A5369BB8B949.e.2017","ELEMENT":"f.C3D07913007EC519E918D4FD8EAE9792.d.8926CCB12D478A420F78A5369BB8B949.e.2017"}]}
COMMAND: POST /session/b8a203b9eea9ca58b7eb9d1b420e99b6/execute/sync - {"script":"<script> [5351 bytes]","args":[{"element-6066-11e4-a52e-4f735466cecf":"f.C3D07913007EC519E918D4FD8EAE9792.d.8926CCB12D478A420F78A5369BB8B949.e.2017","ELEMENT":"f.C3D07913007EC519E918D4FD8EAE9792.d.8926CCB12D478A420F78A5369BB8B949.e.2017"}]}
COMMAND: GET /session/b8a203b9eea9ca58b7eb9d1b420e99b6/screenshot - {}
RESULT: {"script":"<script> [5351 bytes]","args":[{"element-6066-11e4-a52e-4f735466cecf":"f.C3D07913007EC519E918D4FD8EAE9792.d.8926CCB12D478A420F78A5369BB8B949.e.2017","ELEMENT":"f.C3D07913007EC519E918D4FD8EAE9792.d.8926CCB12D478A420F78A5369BB8B949.e.2017"}]}
COMMAND: POST /session/b8a203b9eea9ca58b7eb9d1b420e99b6/element - {"using":"css selector","value":"#shell-header-logo"}
COMMAND: GET /session/b8a203b9eea9ca58b7eb9d1b420e99b6/screenshot - {}
RESULT: {}
RESULT: {"using":"css selector","value":"#shell-header-logo"}
COMMAND: POST /session/b8a203b9eea9ca58b7eb9d1b420e99b6/element/f.C3D07913007EC519E918D4FD8EAE9792.d.8926CCB12D478A420F78A5369BB8B949.e.2017/click - {}
RESULT: {}
RESULT: {}
COMMAND: GET /session/b8a203b9eea9ca58b7eb9d1b420e99b6/screenshot - {}
RESULT: {}
COMMAND: POST /session/b8a203b9eea9ca58b7eb9d1b420e99b6/execute/async - {"script":"<script> [189 bytes]","args":[]}
RESULT: {"script":"<script> [189 bytes]","args":[]}
COMMAND: POST /session/b8a203b9eea9ca58b7eb9d1b420e99b6/execute/async - {"script":"<script> [123 bytes]","args":[]}
RESULT: {"script":"<script> [123 bytes]","args":[]}
COMMAND: POST /session/b8a203b9eea9ca58b7eb9d1b420e99b6/timeouts - {"script":"<number>"}
RESULT: {"script":"<number>"}
COMMAND: GET /session/b8a203b9eea9ca58b7eb9d1b420e99b6/timeouts - {}
RESULT: {}
RESULT: undefined
COMMAND: POST /session/b8a203b9eea9ca58b7eb9d1b420e99b6/execute/async - {"script":"<script> [2676 bytes]","args":[]}
RESULT: {"script":"<script> [2676 bytes]","args":[]}
COMMAND: POST /session/b8a203b9eea9ca58b7eb9d1b420e99b6/execute/async - {"script":"<script> [2342 bytes]","args":[{"protocol":"http","hostname":"0.0.0.0","path":"/","capabilities":{"browserName":"chrome","goog:chromeOptions":{"binary":"C:\\Program Files\\Google\\Chrome\\Application\\chrome.exe","args":["--start-maximized"]}},"logLevel":"warn","connectionRetryTimeout":120000,"connectionRetryCount":3,"logLevels":{},"enableDirectConnect":true,"strictSSL":true,"_":"65 more keys: [\"cacheDir\",\"port\",\"requestedCapabilities\",\"automationProtocol\",\"baseUrl\",\"waitforInterval\",\"waitforTimeout\",\"onReload\",\"beforeCommand\",\"afterCommand\",\"rootDir\",\"specs\",\"suites\",\"exclude\",\"groupLogsByTestSpec\",\"excludeDriverLogs\",\"bail\",\"framework\",\"reporters\",\"services\",\"maxInstances\",\"maxInstancesPerCapability\",\"injectGlobals\",\"filesToWatch\",\"execArgv\",\"runnerEnv\",\"runner\",\"shard\",\"specFileRetries\",\"specFileRetriesDelay\",\"specFileRetriesDeferred\",\"reporterSyncInterval\",\"reporterSyncTimeout\",\"cucumberFeaturesWithLineNumbers\",\"autoCompileOpts\",\"mochaOpts\",\"jasmineOpts\",\"cucumberOpts\",\"onPrepare\",\"onWorkerStart\",\"onWorkerEnd\",\"before\",\"beforeSession\",\"beforeSuite\",\"beforeHook\",\"beforeTest\",\"afterTest\",\"afterHook\",\"afterSuite\",\"afterSession\",\"after\",\"onComplete\",\"beforeAssertion\",\"afterAssertion\",\"beforeFeature\",\"beforeScenario\",\"beforeStep\",\"afterStep\",\"afterScenario\",\"afterFeature\",\"_\",\"suite\",\"$0\",\"ignoredWorkerServices\",\"wdi5\"]"}]}
RESULT: {"script":"<script> [2342 bytes]","args":[{"protocol":"http","hostname":"0.0.0.0","path":"/","capabilities":{"browserName":"chrome","goog:chromeOptions":{"binary":"C:\\Program Files\\Google\\Chrome\\Application\\chrome.exe","args":["--start-maximized"]}},"logLevel":"warn","connectionRetryTimeout":120000,"connectionRetryCount":3,"logLevels":{},"enableDirectConnect":true,"strictSSL":true,"_":"65 more keys: [\"cacheDir\",\"port\",\"requestedCapabilities\",\"automationProtocol\",\"baseUrl\",\"waitforInterval\",\"waitforTimeout\",\"onReload\",\"beforeCommand\",\"afterCommand\",\"rootDir\",\"specs\",\"suites\",\"exclude\",\"groupLogsByTestSpec\",\"excludeDriverLogs\",\"bail\",\"framework\",\"reporters\",\"services\",\"maxInstances\",\"maxInstancesPerCapability\",\"injectGlobals\",\"filesToWatch\",\"execArgv\",\"runnerEnv\",\"runner\",\"shard\",\"specFileRetries\",\"specFileRetriesDelay\",\"specFileRetriesDeferred\",\"reporterSyncInterval\",\"reporterSyncTimeout\",\"cucumberFeaturesWithLineNumbers\",\"autoCompileOpts\",\"mochaOpts\",\"jasmineOpts\",\"cucumberOpts\",\"onPrepare\",\"onWorkerStart\",\"onWorkerEnd\",\"before\",\"beforeSession\",\"beforeSuite\",\"beforeHook\",\"beforeTest\",\"afterTest\",\"afterHook\",\"afterSuite\",\"afterSession\",\"after\",\"onComplete\",\"beforeAssertion\",\"afterAssertion\",\"beforeFeature\",\"beforeScenario\",\"beforeStep\",\"afterStep\",\"afterScenario\",\"afterFeature\",\"_\",\"suite\",\"$0\",\"ignoredWorkerServices\",\"wdi5\"]"}]}
COMMAND: POST /session/b8a203b9eea9ca58b7eb9d1b420e99b6/execute/async - {"script":"<script> [21126 bytes]","args":[35000]}
RESULT: {"script":"<script> [21126 bytes]","args":[35000]}
COMMAND: POST /session/b8a203b9eea9ca58b7eb9d1b420e99b6/window/maximize - {}
RESULT: {}
COMMAND: POST /session/b8a203b9eea9ca58b7eb9d1b420e99b6/execute/async - {"script":"<script> [1562 bytes]","args":[{"selector":{"id":"shell-header","interaction":{"idSuffix":"icon"}},"wdio_ui5_key":"shellheader"}]}
COMMAND: GET /session/b8a203b9eea9ca58b7eb9d1b420e99b6/screenshot - {}
RESULT: {"script":"<script> [1562 bytes]","args":[{"selector":{"id":"shell-header","interaction":{"idSuffix":"icon"}},"wdio_ui5_key":"shellheader"}]}
RESULT: undefined
COMMAND: POST /session/b8a203b9eea9ca58b7eb9d1b420e99b6/refresh - {}
RESULT: {}
RESULT: {}
COMMAND: GET /session/b8a203b9eea9ca58b7eb9d1b420e99b6/screenshot - {}
RESULT: {}
COMMAND: POST /session/b8a203b9eea9ca58b7eb9d1b420e99b6/refresh - {}
RESULT: {}
COMMAND: GET /session/b8a203b9eea9ca58b7eb9d1b420e99b6/screenshot - {}
RESULT: {}
COMMAND: POST /session/b8a203b9eea9ca58b7eb9d1b420e99b6/window/fullscreen - {}
RESULT: {}
COMMAND: POST /session/b8a203b9eea9ca58b7eb9d1b420e99b6/execute/async - {"script":"<script> [189 bytes]","args":[]}
RESULT: {"script":"<script> [189 bytes]","args":[]}
COMMAND: POST /session/b8a203b9eea9ca58b7eb9d1b420e99b6/execute/async - {"script":"<script> [123 bytes]","args":[]}
RESULT: {"script":"<script> [123 bytes]","args":[]}
COMMAND: POST /session/b8a203b9eea9ca58b7eb9d1b420e99b6/timeouts - {"script":"<number>"}
RESULT: {"script":"<number>"}
COMMAND: GET /session/b8a203b9eea9ca58b7eb9d1b420e99b6/timeouts - {}
RESULT: {}
RESULT: undefined
COMMAND: POST /session/b8a203b9eea9ca58b7eb9d1b420e99b6/execute/async - {"script":"<script> [2676 bytes]","args":[]}
RESULT: {"script":"<script> [2676 bytes]","args":[]}
COMMAND: POST /session/b8a203b9eea9ca58b7eb9d1b420e99b6/execute/async - {"script":"<script> [2342 bytes]","args":[{"protocol":"http","hostname":"0.0.0.0","path":"/","capabilities":{"browserName":"chrome","goog:chromeOptions":{"binary":"C:\\Program Files\\Google\\Chrome\\Application\\chrome.exe","args":["--start-maximized"]}},"logLevel":"warn","connectionRetryTimeout":120000,"connectionRetryCount":3,"logLevels":{},"enableDirectConnect":true,"strictSSL":true,"_":"65 more keys: [\"cacheDir\",\"port\",\"requestedCapabilities\",\"automationProtocol\",\"baseUrl\",\"waitforInterval\",\"waitforTimeout\",\"onReload\",\"beforeCommand\",\"afterCommand\",\"rootDir\",\"specs\",\"suites\",\"exclude\",\"groupLogsByTestSpec\",\"excludeDriverLogs\",\"bail\",\"framework\",\"reporters\",\"services\",\"maxInstances\",\"maxInstancesPerCapability\",\"injectGlobals\",\"filesToWatch\",\"execArgv\",\"runnerEnv\",\"runner\",\"shard\",\"specFileRetries\",\"specFileRetriesDelay\",\"specFileRetriesDeferred\",\"reporterSyncInterval\",\"reporterSyncTimeout\",\"cucumberFeaturesWithLineNumbers\",\"autoCompileOpts\",\"mochaOpts\",\"jasmineOpts\",\"cucumberOpts\",\"onPrepare\",\"onWorkerStart\",\"onWorkerEnd\",\"before\",\"beforeSession\",\"beforeSuite\",\"beforeHook\",\"beforeTest\",\"afterTest\",\"afterHook\",\"afterSuite\",\"afterSession\",\"after\",\"onComplete\",\"beforeAssertion\",\"afterAssertion\",\"beforeFeature\",\"beforeScenario\",\"beforeStep\",\"afterStep\",\"afterScenario\",\"afterFeature\",\"_\",\"suite\",\"$0\",\"ignoredWorkerServices\",\"wdi5\"]"}]}
RESULT: {"script":"<script> [2342 bytes]","args":[{"protocol":"http","hostname":"0.0.0.0","path":"/","capabilities":{"browserName":"chrome","goog:chromeOptions":{"binary":"C:\\Program Files\\Google\\Chrome\\Application\\chrome.exe","args":["--start-maximized"]}},"logLevel":"warn","connectionRetryTimeout":120000,"connectionRetryCount":3,"logLevels":{},"enableDirectConnect":true,"strictSSL":true,"_":"65 more keys: [\"cacheDir\",\"port\",\"requestedCapabilities\",\"automationProtocol\",\"baseUrl\",\"waitforInterval\",\"waitforTimeout\",\"onReload\",\"beforeCommand\",\"afterCommand\",\"rootDir\",\"specs\",\"suites\",\"exclude\",\"groupLogsByTestSpec\",\"excludeDriverLogs\",\"bail\",\"framework\",\"reporters\",\"services\",\"maxInstances\",\"maxInstancesPerCapability\",\"injectGlobals\",\"filesToWatch\",\"execArgv\",\"runnerEnv\",\"runner\",\"shard\",\"specFileRetries\",\"specFileRetriesDelay\",\"specFileRetriesDeferred\",\"reporterSyncInterval\",\"reporterSyncTimeout\",\"cucumberFeaturesWithLineNumbers\",\"autoCompileOpts\",\"mochaOpts\",\"jasmineOpts\",\"cucumberOpts\",\"onPrepare\",\"onWorkerStart\",\"onWorkerEnd\",\"before\",\"beforeSession\",\"beforeSuite\",\"beforeHook\",\"beforeTest\",\"afterTest\",\"afterHook\",\"afterSuite\",\"afterSession\",\"after\",\"onComplete\",\"beforeAssertion\",\"afterAssertion\",\"beforeFeature\",\"beforeScenario\",\"beforeStep\",\"afterStep\",\"afterScenario\",\"afterFeature\",\"_\",\"suite\",\"$0\",\"ignoredWorkerServices\",\"wdi5\"]"}]}
COMMAND: POST /session/b8a203b9eea9ca58b7eb9d1b420e99b6/execute/async - {"script":"<script> [21126 bytes]","args":[35000]}
RESULT: {"script":"<script> [21126 bytes]","args":[35000]}
]]></system-out>
    </testcase>
  </testsuite>
  <testsuite timestamp="2025-06-04T15:23:51" time="357.035" tests="4" failures="1" errors="1" skipped="0">
    <properties>
      <property name="specId" value="0" />
      <property name="suiteName" value="Create partner US118246" />
      <property name="capabilities" value="chrome.137_0_7151_56.windows" />
      <property name="file" value="file:///D:/a/1/s/test/specs/BTS/create-partner.spec.js" />
    </properties>
    <testcase classname="chrome.137_0_7151_56.windows.Create_partner_US118246" name="Should create a new yard in case create yard failed" time="0.015">
      <system-out><![CDATA[
COMMAND: POST /session/b8a203b9eea9ca58b7eb9d1b420e99b6/window/fullscreen - {}
RESULT: {}
]]></system-out>
    </testcase>
    <testcase classname="chrome.137_0_7151_56.windows.Create_partner_US118246" name="Should create new external partner" time="126.782">
      <system-out><![CDATA[
COMMAND: POST /session/b8a203b9eea9ca58b7eb9d1b420e99b6/window/fullscreen - {}
RESULT: {}
COMMAND: POST /session/b8a203b9eea9ca58b7eb9d1b420e99b6/execute/async - {"script":"<script> [1562 bytes]","args":[{"selector":{"controlType":"sap.m.GenericTile","properties":{"header":"Manage Partners"}},"wdio_ui5_key":"sapm.GenericTile{\"header\":\"Manage Partners\"}"}]}
RESULT: {"script":"<script> [1562 bytes]","args":[{"selector":{"controlType":"sap.m.GenericTile","properties":{"header":"Manage Partners"}},"wdio_ui5_key":"sapm.GenericTile{\"header\":\"Manage Partners\"}"}]}
RESULT: undefined
COMMAND: POST /session/b8a203b9eea9ca58b7eb9d1b420e99b6/element - {"using":"xpath","value":"//*[@id=\"__tile38\"]"}
RESULT: {"using":"xpath","value":"//*[@id=\"__tile38\"]"}
COMMAND: POST /session/b8a203b9eea9ca58b7eb9d1b420e99b6/element/f.C3D07913007EC519E918D4FD8EAE9792.d.820BA55068A4D1199E7357A740982494.e.2165/click - {}
RESULT: {}
COMMAND: GET /session/b8a203b9eea9ca58b7eb9d1b420e99b6/screenshot - {}
RESULT: {}
COMMAND: POST /session/b8a203b9eea9ca58b7eb9d1b420e99b6/elements - {"using":"xpath","value":"//span[text()='Error']"}
RESULT: {"using":"xpath","value":"//span[text()='Error']"}
COMMAND: POST /session/b8a203b9eea9ca58b7eb9d1b420e99b6/element - {"using":"xpath","value":"//button[@data-kt=\"addButton\"]"}
RESULT: {"using":"xpath","value":"//button[@data-kt=\"addButton\"]"}
COMMAND: POST /session/b8a203b9eea9ca58b7eb9d1b420e99b6/elements - {"using":"xpath","value":"//button[@data-kt=\"addButton\"]"}
RESULT: {"using":"xpath","value":"//button[@data-kt=\"addButton\"]"}
COMMAND: POST /session/b8a203b9eea9ca58b7eb9d1b420e99b6/elements - {"using":"xpath","value":"//button[@data-kt=\"addButton\"]"}
RESULT: {"using":"xpath","value":"//button[@data-kt=\"addButton\"]"}
COMMAND: POST /session/b8a203b9eea9ca58b7eb9d1b420e99b6/elements - {"using":"xpath","value":"//button[@data-kt=\"addButton\"]"}
RESULT: {"using":"xpath","value":"//button[@data-kt=\"addButton\"]"}
COMMAND: POST /session/b8a203b9eea9ca58b7eb9d1b420e99b6/elements - {"using":"xpath","value":"//button[@data-kt=\"addButton\"]"}
RESULT: {"using":"xpath","value":"//button[@data-kt=\"addButton\"]"}
COMMAND: POST /session/b8a203b9eea9ca58b7eb9d1b420e99b6/elements - {"using":"xpath","value":"//button[@data-kt=\"addButton\"]"}
RESULT: {"using":"xpath","value":"//button[@data-kt=\"addButton\"]"}
COMMAND: POST /session/b8a203b9eea9ca58b7eb9d1b420e99b6/elements - {"using":"xpath","value":"//button[@data-kt=\"addButton\"]"}
RESULT: {"using":"xpath","value":"//button[@data-kt=\"addButton\"]"}
COMMAND: POST /session/b8a203b9eea9ca58b7eb9d1b420e99b6/elements - {"using":"xpath","value":"//button[@data-kt=\"addButton\"]"}
RESULT: {"using":"xpath","value":"//button[@data-kt=\"addButton\"]"}
COMMAND: POST /session/b8a203b9eea9ca58b7eb9d1b420e99b6/elements - {"using":"xpath","value":"//button[@data-kt=\"addButton\"]"}
RESULT: {"using":"xpath","value":"//button[@data-kt=\"addButton\"]"}
COMMAND: POST /session/b8a203b9eea9ca58b7eb9d1b420e99b6/elements - {"using":"xpath","value":"//button[@data-kt=\"addButton\"]"}
RESULT: {"using":"xpath","value":"//button[@data-kt=\"addButton\"]"}
COMMAND: POST /session/b8a203b9eea9ca58b7eb9d1b420e99b6/elements - {"using":"xpath","value":"//button[@data-kt=\"addButton\"]"}
RESULT: {"using":"xpath","value":"//button[@data-kt=\"addButton\"]"}
COMMAND: POST /session/b8a203b9eea9ca58b7eb9d1b420e99b6/elements - {"using":"xpath","value":"//button[@data-kt=\"addButton\"]"}
RESULT: {"using":"xpath","value":"//button[@data-kt=\"addButton\"]"}
COMMAND: POST /session/b8a203b9eea9ca58b7eb9d1b420e99b6/elements - {"using":"xpath","value":"//button[@data-kt=\"addButton\"]"}
RESULT: {"using":"xpath","value":"//button[@data-kt=\"addButton\"]"}
COMMAND: POST /session/b8a203b9eea9ca58b7eb9d1b420e99b6/elements - {"using":"xpath","value":"//button[@data-kt=\"addButton\"]"}
RESULT: {"using":"xpath","value":"//button[@data-kt=\"addButton\"]"}
COMMAND: POST /session/b8a203b9eea9ca58b7eb9d1b420e99b6/elements - {"using":"xpath","value":"//button[@data-kt=\"addButton\"]"}
RESULT: {"using":"xpath","value":"//button[@data-kt=\"addButton\"]"}
COMMAND: POST /session/b8a203b9eea9ca58b7eb9d1b420e99b6/elements - {"using":"xpath","value":"//button[@data-kt=\"addButton\"]"}
RESULT: {"using":"xpath","value":"//button[@data-kt=\"addButton\"]"}
COMMAND: POST /session/b8a203b9eea9ca58b7eb9d1b420e99b6/elements - {"using":"xpath","value":"//button[@data-kt=\"addButton\"]"}
RESULT: {"using":"xpath","value":"//button[@data-kt=\"addButton\"]"}
COMMAND: POST /session/b8a203b9eea9ca58b7eb9d1b420e99b6/elements - {"using":"xpath","value":"//button[@data-kt=\"addButton\"]"}
RESULT: {"using":"xpath","value":"//button[@data-kt=\"addButton\"]"}
COMMAND: POST /session/b8a203b9eea9ca58b7eb9d1b420e99b6/elements - {"using":"xpath","value":"//button[@data-kt=\"addButton\"]"}
RESULT: {"using":"xpath","value":"//button[@data-kt=\"addButton\"]"}
COMMAND: POST /session/b8a203b9eea9ca58b7eb9d1b420e99b6/elements - {"using":"xpath","value":"//button[@data-kt=\"addButton\"]"}
RESULT: {"using":"xpath","value":"//button[@data-kt=\"addButton\"]"}
COMMAND: POST /session/b8a203b9eea9ca58b7eb9d1b420e99b6/elements - {"using":"xpath","value":"//button[@data-kt=\"addButton\"]"}
RESULT: {"using":"xpath","value":"//button[@data-kt=\"addButton\"]"}
COMMAND: POST /session/b8a203b9eea9ca58b7eb9d1b420e99b6/elements - {"using":"xpath","value":"//button[@data-kt=\"addButton\"]"}
RESULT: {"using":"xpath","value":"//button[@data-kt=\"addButton\"]"}
COMMAND: POST /session/b8a203b9eea9ca58b7eb9d1b420e99b6/elements - {"using":"xpath","value":"//button[@data-kt=\"addButton\"]"}
RESULT: {"using":"xpath","value":"//button[@data-kt=\"addButton\"]"}
COMMAND: POST /session/b8a203b9eea9ca58b7eb9d1b420e99b6/elements - {"using":"xpath","value":"//button[@data-kt=\"addButton\"]"}
RESULT: {"using":"xpath","value":"//button[@data-kt=\"addButton\"]"}
COMMAND: POST /session/b8a203b9eea9ca58b7eb9d1b420e99b6/elements - {"using":"xpath","value":"//button[@data-kt=\"addButton\"]"}
RESULT: {"using":"xpath","value":"//button[@data-kt=\"addButton\"]"}
COMMAND: POST /session/b8a203b9eea9ca58b7eb9d1b420e99b6/elements - {"using":"xpath","value":"//button[@data-kt=\"addButton\"]"}
RESULT: {"using":"xpath","value":"//button[@data-kt=\"addButton\"]"}
COMMAND: POST /session/b8a203b9eea9ca58b7eb9d1b420e99b6/elements - {"using":"xpath","value":"//button[@data-kt=\"addButton\"]"}
RESULT: {"using":"xpath","value":"//button[@data-kt=\"addButton\"]"}
COMMAND: POST /session/b8a203b9eea9ca58b7eb9d1b420e99b6/elements - {"using":"xpath","value":"//button[@data-kt=\"addButton\"]"}
RESULT: {"using":"xpath","value":"//button[@data-kt=\"addButton\"]"}
COMMAND: POST /session/b8a203b9eea9ca58b7eb9d1b420e99b6/elements - {"using":"xpath","value":"//button[@data-kt=\"addButton\"]"}
RESULT: {"using":"xpath","value":"//button[@data-kt=\"addButton\"]"}
COMMAND: POST /session/b8a203b9eea9ca58b7eb9d1b420e99b6/elements - {"using":"xpath","value":"//button[@data-kt=\"addButton\"]"}
RESULT: {"using":"xpath","value":"//button[@data-kt=\"addButton\"]"}
COMMAND: POST /session/b8a203b9eea9ca58b7eb9d1b420e99b6/elements - {"using":"xpath","value":"//button[@data-kt=\"addButton\"]"}
RESULT: {"using":"xpath","value":"//button[@data-kt=\"addButton\"]"}
COMMAND: POST /session/b8a203b9eea9ca58b7eb9d1b420e99b6/element - {"using":"xpath","value":"//button[@data-kt=\"addButton\"]"}
RESULT: {"using":"xpath","value":"//button[@data-kt=\"addButton\"]"}
COMMAND: POST /session/b8a203b9eea9ca58b7eb9d1b420e99b6/execute/sync - {"script":"<script> [8489 bytes]","args":[{"element-6066-11e4-a52e-4f735466cecf":"f.C3D07913007EC519E918D4FD8EAE9792.d.820BA55068A4D1199E7357A740982494.e.2317","ELEMENT":"f.C3D07913007EC519E918D4FD8EAE9792.d.820BA55068A4D1199E7357A740982494.e.2317"}]}
RESULT: {"script":"<script> [8489 bytes]","args":[{"element-6066-11e4-a52e-4f735466cecf":"f.C3D07913007EC519E918D4FD8EAE9792.d.820BA55068A4D1199E7357A740982494.e.2317","ELEMENT":"f.C3D07913007EC519E918D4FD8EAE9792.d.820BA55068A4D1199E7357A740982494.e.2317"}]}
COMMAND: GET /session/b8a203b9eea9ca58b7eb9d1b420e99b6/element/f.C3D07913007EC519E918D4FD8EAE9792.d.820BA55068A4D1199E7357A740982494.e.2317/enabled - {}
COMMAND: GET /session/b8a203b9eea9ca58b7eb9d1b420e99b6/screenshot - {}
RESULT: {}
COMMAND: POST /session/b8a203b9eea9ca58b7eb9d1b420e99b6/execute/sync - {"script":"<script> [8489 bytes]","args":[{"element-6066-11e4-a52e-4f735466cecf":"f.C3D07913007EC519E918D4FD8EAE9792.d.820BA55068A4D1199E7357A740982494.e.2317","ELEMENT":"f.C3D07913007EC519E918D4FD8EAE9792.d.820BA55068A4D1199E7357A740982494.e.2317"}]}
COMMAND: GET /session/b8a203b9eea9ca58b7eb9d1b420e99b6/screenshot - {}
RESULT: {}
RESULT: {}
RESULT: {"script":"<script> [8489 bytes]","args":[{"element-6066-11e4-a52e-4f735466cecf":"f.C3D07913007EC519E918D4FD8EAE9792.d.820BA55068A4D1199E7357A740982494.e.2317","ELEMENT":"f.C3D07913007EC519E918D4FD8EAE9792.d.820BA55068A4D1199E7357A740982494.e.2317"}]}
COMMAND: POST /session/b8a203b9eea9ca58b7eb9d1b420e99b6/execute/sync - {"script":"<script> [5351 bytes]","args":[{"element-6066-11e4-a52e-4f735466cecf":"f.C3D07913007EC519E918D4FD8EAE9792.d.820BA55068A4D1199E7357A740982494.e.2317","ELEMENT":"f.C3D07913007EC519E918D4FD8EAE9792.d.820BA55068A4D1199E7357A740982494.e.2317"}]}
COMMAND: GET /session/b8a203b9eea9ca58b7eb9d1b420e99b6/screenshot - {}
RESULT: {"script":"<script> [5351 bytes]","args":[{"element-6066-11e4-a52e-4f735466cecf":"f.C3D07913007EC519E918D4FD8EAE9792.d.820BA55068A4D1199E7357A740982494.e.2317","ELEMENT":"f.C3D07913007EC519E918D4FD8EAE9792.d.820BA55068A4D1199E7357A740982494.e.2317"}]}
COMMAND: POST /session/b8a203b9eea9ca58b7eb9d1b420e99b6/element/f.C3D07913007EC519E918D4FD8EAE9792.d.820BA55068A4D1199E7357A740982494.e.2317/click - {}
COMMAND: GET /session/b8a203b9eea9ca58b7eb9d1b420e99b6/screenshot - {}
RESULT: {}
RESULT: {}
COMMAND: GET /session/b8a203b9eea9ca58b7eb9d1b420e99b6/screenshot - {}
COMMAND: POST /session/b8a203b9eea9ca58b7eb9d1b420e99b6/execute/async - {"script":"<script> [1562 bytes]","args":[{"selector":{"id":"application-managepartners-display-component---NewPartner--addressDetailDetailsName1","interaction":{"idSuffix":"inner"}},"wdio_ui5_key":"applicationmanagepartners-display-component---NewPartner--addressDetailDetailsName1"}]}
RESULT: {}
RESULT: {}
RESULT: {"script":"<script> [1562 bytes]","args":[{"selector":{"id":"application-managepartners-display-component---NewPartner--addressDetailDetailsName1","interaction":{"idSuffix":"inner"}},"wdio_ui5_key":"applicationmanagepartners-display-component---NewPartner--addressDetailDetailsName1"}]}
RESULT: undefined
COMMAND: POST /session/b8a203b9eea9ca58b7eb9d1b420e99b6/execute/async - {"script":"<script> [776 bytes]","args":[{"enterText":"External Partner WDIO","selector":{"id":"application-managepartners-display-component---NewPartner--addressDetailDetailsName1","interaction":{"idSuffix":"inner"}},"clearTextFirst":true,"interactionType":"ENTER_TEXT"}]}
RESULT: {"script":"<script> [776 bytes]","args":[{"enterText":"External Partner WDIO","selector":{"id":"application-managepartners-display-component---NewPartner--addressDetailDetailsName1","interaction":{"idSuffix":"inner"}},"clearTextFirst":true,"interactionType":"ENTER_TEXT"}]}
COMMAND: POST /session/b8a203b9eea9ca58b7eb9d1b420e99b6/execute/async - {"script":"<script> [1562 bytes]","args":[{"selector":{"id":"application-managepartners-display-component---NewPartner--addressDetailDetailsLanguage-arrow"},"wdio_ui5_key":"applicationmanagepartners-display-component---NewPartner--addressDetailDetailsLanguage-arrow"}]}
RESULT: {"script":"<script> [1562 bytes]","args":[{"selector":{"id":"application-managepartners-display-component---NewPartner--addressDetailDetailsLanguage-arrow"},"wdio_ui5_key":"applicationmanagepartners-display-component---NewPartner--addressDetailDetailsLanguage-arrow"}]}
RESULT: undefined
COMMAND: POST /session/b8a203b9eea9ca58b7eb9d1b420e99b6/element - {"using":"xpath","value":"//*[@id=\"application-managepartners-display-component---NewPartner--addressDetailDetailsLanguage-arrow\"]"}
RESULT: {"using":"xpath","value":"//*[@id=\"application-managepartners-display-component---NewPartner--addressDetailDetailsLanguage-arrow\"]"}
COMMAND: POST /session/b8a203b9eea9ca58b7eb9d1b420e99b6/element/f.C3D07913007EC519E918D4FD8EAE9792.d.820BA55068A4D1199E7357A740982494.e.2767/click - {}
RESULT: {}
COMMAND: POST /session/b8a203b9eea9ca58b7eb9d1b420e99b6/element - {"using":"xpath","value":"//span[contains(text(), \"English\")]"}
COMMAND: GET /session/b8a203b9eea9ca58b7eb9d1b420e99b6/screenshot - {}
RESULT: {"using":"xpath","value":"//span[contains(text(), \"English\")]"}
COMMAND: POST /session/b8a203b9eea9ca58b7eb9d1b420e99b6/element/f.C3D07913007EC519E918D4FD8EAE9792.d.820BA55068A4D1199E7357A740982494.e.2768/click - {}
RESULT: {}
RESULT: {}
COMMAND: GET /session/b8a203b9eea9ca58b7eb9d1b420e99b6/screenshot - {}
RESULT: {}
COMMAND: POST /session/b8a203b9eea9ca58b7eb9d1b420e99b6/execute/async - {"script":"<script> [1562 bytes]","args":[{"selector":{"id":"application-managepartners-display-component---NewPartner--addressDetailDetailsCity1","interaction":{"idSuffix":"inner"}},"wdio_ui5_key":"applicationmanagepartners-display-component---NewPartner--addressDetailDetailsCity1"}]}
RESULT: {"script":"<script> [1562 bytes]","args":[{"selector":{"id":"application-managepartners-display-component---NewPartner--addressDetailDetailsCity1","interaction":{"idSuffix":"inner"}},"wdio_ui5_key":"applicationmanagepartners-display-component---NewPartner--addressDetailDetailsCity1"}]}
RESULT: undefined
COMMAND: POST /session/b8a203b9eea9ca58b7eb9d1b420e99b6/execute/async - {"script":"<script> [776 bytes]","args":[{"enterText":"Rosario","selector":{"id":"application-managepartners-display-component---NewPartner--addressDetailDetailsCity1","interaction":{"idSuffix":"inner"}},"clearTextFirst":true,"interactionType":"ENTER_TEXT"}]}
RESULT: {"script":"<script> [776 bytes]","args":[{"enterText":"Rosario","selector":{"id":"application-managepartners-display-component---NewPartner--addressDetailDetailsCity1","interaction":{"idSuffix":"inner"}},"clearTextFirst":true,"interactionType":"ENTER_TEXT"}]}
COMMAND: POST /session/b8a203b9eea9ca58b7eb9d1b420e99b6/execute/async - {"script":"<script> [1562 bytes]","args":[{"selector":{"id":"application-managepartners-display-component---NewPartner--addressDetailDetailsCountry-arrow"},"wdio_ui5_key":"applicationmanagepartners-display-component---NewPartner--addressDetailDetailsCountry-arrow"}]}
RESULT: {"script":"<script> [1562 bytes]","args":[{"selector":{"id":"application-managepartners-display-component---NewPartner--addressDetailDetailsCountry-arrow"},"wdio_ui5_key":"applicationmanagepartners-display-component---NewPartner--addressDetailDetailsCountry-arrow"}]}
RESULT: undefined
COMMAND: POST /session/b8a203b9eea9ca58b7eb9d1b420e99b6/element - {"using":"xpath","value":"//*[@id=\"application-managepartners-display-component---NewPartner--addressDetailDetailsCountry-arrow\"]"}
RESULT: {"using":"xpath","value":"//*[@id=\"application-managepartners-display-component---NewPartner--addressDetailDetailsCountry-arrow\"]"}
COMMAND: POST /session/b8a203b9eea9ca58b7eb9d1b420e99b6/element/f.C3D07913007EC519E918D4FD8EAE9792.d.820BA55068A4D1199E7357A740982494.e.2742/click - {}
RESULT: {}
COMMAND: POST /session/b8a203b9eea9ca58b7eb9d1b420e99b6/element - {"using":"xpath","value":"//span[contains(text(), \"Argentina\")]"}
COMMAND: GET /session/b8a203b9eea9ca58b7eb9d1b420e99b6/screenshot - {}
RESULT: {"using":"xpath","value":"//span[contains(text(), \"Argentina\")]"}
COMMAND: POST /session/b8a203b9eea9ca58b7eb9d1b420e99b6/element/f.C3D07913007EC519E918D4FD8EAE9792.d.820BA55068A4D1199E7357A740982494.e.2770/click - {}
RESULT: {}
RESULT: {}
COMMAND: GET /session/b8a203b9eea9ca58b7eb9d1b420e99b6/screenshot - {}
RESULT: {}
COMMAND: POST /session/b8a203b9eea9ca58b7eb9d1b420e99b6/element - {"using":"xpath","value":"//bdi[contains(text(), \"Commercial\")]"}
RESULT: {"using":"xpath","value":"//bdi[contains(text(), \"Commercial\")]"}
COMMAND: POST /session/b8a203b9eea9ca58b7eb9d1b420e99b6/element/f.C3D07913007EC519E918D4FD8EAE9792.d.820BA55068A4D1199E7357A740982494.e.2771/click - {}
RESULT: {}
COMMAND: GET /session/b8a203b9eea9ca58b7eb9d1b420e99b6/screenshot - {}
RESULT: {}
COMMAND: POST /session/b8a203b9eea9ca58b7eb9d1b420e99b6/execute/async - {"script":"<script> [1562 bytes]","args":[{"selector":{"id":"application-managepartners-display-component---NewPartner--partnerDetailInternal-arrow"},"wdio_ui5_key":"applicationmanagepartners-display-component---NewPartner--partnerDetailInternal-arrow"}]}
RESULT: {"script":"<script> [1562 bytes]","args":[{"selector":{"id":"application-managepartners-display-component---NewPartner--partnerDetailInternal-arrow"},"wdio_ui5_key":"applicationmanagepartners-display-component---NewPartner--partnerDetailInternal-arrow"}]}
RESULT: undefined
COMMAND: POST /session/b8a203b9eea9ca58b7eb9d1b420e99b6/element - {"using":"xpath","value":"//*[@id=\"application-managepartners-display-component---NewPartner--partnerDetailInternal-arrow\"]"}
RESULT: {"using":"xpath","value":"//*[@id=\"application-managepartners-display-component---NewPartner--partnerDetailInternal-arrow\"]"}
COMMAND: POST /session/b8a203b9eea9ca58b7eb9d1b420e99b6/element/f.C3D07913007EC519E918D4FD8EAE9792.d.820BA55068A4D1199E7357A740982494.e.2777/click - {}
RESULT: {}
COMMAND: POST /session/b8a203b9eea9ca58b7eb9d1b420e99b6/element - {"using":"xpath","value":"//span[contains(text(), \"External partner\")]"}
COMMAND: GET /session/b8a203b9eea9ca58b7eb9d1b420e99b6/screenshot - {}
RESULT: {"using":"xpath","value":"//span[contains(text(), \"External partner\")]"}
COMMAND: POST /session/b8a203b9eea9ca58b7eb9d1b420e99b6/element/f.C3D07913007EC519E918D4FD8EAE9792.d.820BA55068A4D1199E7357A740982494.e.2778/click - {}
RESULT: {}
RESULT: {}
COMMAND: POST /session/b8a203b9eea9ca58b7eb9d1b420e99b6/execute/async - {"script":"<script> [1562 bytes]","args":[{"selector":{"id":"application-managepartners-display-component---NewPartner--partnerDetailsCurrency-arrow"},"wdio_ui5_key":"applicationmanagepartners-display-component---NewPartner--partnerDetailsCurrency-arrow"}]}
COMMAND: GET /session/b8a203b9eea9ca58b7eb9d1b420e99b6/screenshot - {}
RESULT: {"script":"<script> [1562 bytes]","args":[{"selector":{"id":"application-managepartners-display-component---NewPartner--partnerDetailsCurrency-arrow"},"wdio_ui5_key":"applicationmanagepartners-display-component---NewPartner--partnerDetailsCurrency-arrow"}]}
RESULT: undefined
COMMAND: POST /session/b8a203b9eea9ca58b7eb9d1b420e99b6/element - {"using":"xpath","value":"//*[@id=\"application-managepartners-display-component---NewPartner--partnerDetailsCurrency-arrow\"]"}
RESULT: {}
RESULT: {"using":"xpath","value":"//*[@id=\"application-managepartners-display-component---NewPartner--partnerDetailsCurrency-arrow\"]"}
COMMAND: POST /session/b8a203b9eea9ca58b7eb9d1b420e99b6/element/f.C3D07913007EC519E918D4FD8EAE9792.d.820BA55068A4D1199E7357A740982494.e.2783/click - {}
RESULT: {}
COMMAND: POST /session/b8a203b9eea9ca58b7eb9d1b420e99b6/element - {"using":"xpath","value":"//span[contains(text(), \"US Dollar\")]"}
COMMAND: GET /session/b8a203b9eea9ca58b7eb9d1b420e99b6/screenshot - {}
RESULT: {"using":"xpath","value":"//span[contains(text(), \"US Dollar\")]"}
COMMAND: POST /session/b8a203b9eea9ca58b7eb9d1b420e99b6/element/f.C3D07913007EC519E918D4FD8EAE9792.d.820BA55068A4D1199E7357A740982494.e.2784/click - {}
RESULT: {}
RESULT: {}
COMMAND: GET /session/b8a203b9eea9ca58b7eb9d1b420e99b6/screenshot - {}
RESULT: {}
COMMAND: POST /session/b8a203b9eea9ca58b7eb9d1b420e99b6/element - {"using":"xpath","value":"//input[@id=\"application-managepartners-display-component---NewPartner--companyCodeComboBox-inner\"]"}
RESULT: {"using":"xpath","value":"//input[@id=\"application-managepartners-display-component---NewPartner--companyCodeComboBox-inner\"]"}
COMMAND: POST /session/b8a203b9eea9ca58b7eb9d1b420e99b6/element/f.C3D07913007EC519E918D4FD8EAE9792.d.820BA55068A4D1199E7357A740982494.e.2680/clear - {}
RESULT: {}
COMMAND: POST /session/b8a203b9eea9ca58b7eb9d1b420e99b6/element/f.C3D07913007EC519E918D4FD8EAE9792.d.820BA55068A4D1199E7357A740982494.e.2680/value - {"text":"C002"}
COMMAND: GET /session/b8a203b9eea9ca58b7eb9d1b420e99b6/screenshot - {}
RESULT: {"text":"C002"}
COMMAND: GET /session/b8a203b9eea9ca58b7eb9d1b420e99b6/screenshot - {}
RESULT: {}
RESULT: {}
COMMAND: POST /session/b8a203b9eea9ca58b7eb9d1b420e99b6/element - {"using":"xpath","value":"//li[.//span[text()= \"C002\"]]"}
RESULT: {"using":"xpath","value":"//li[.//span[text()= \"C002\"]]"}
COMMAND: POST /session/b8a203b9eea9ca58b7eb9d1b420e99b6/element/f.C3D07913007EC519E918D4FD8EAE9792.d.820BA55068A4D1199E7357A740982494.e.2788/click - {}
RESULT: {}
COMMAND: GET /session/b8a203b9eea9ca58b7eb9d1b420e99b6/screenshot - {}
RESULT: {}
COMMAND: POST /session/b8a203b9eea9ca58b7eb9d1b420e99b6/execute/async - {"script":"<script> [1562 bytes]","args":[{"selector":{"controlType":"sap.ui.core.Icon","viewName":"etm.portal.ui.managepartners.view.NewPartner","viewId":"application-managepartners-display-component---NewPartner","properties":{"src":{"regex":{"source":"slim\\-arrow\\-down"}}},"ancestor":{"controlType":"sap.m.ComboBox","viewName":"etm.portal.ui.managepartners.view.NewPartner","viewId":"application-managepartners-display-component---NewPartner","bindingPath":{"path":"","propertyPath":"/CATALOG","modelName":"oNewPartnerModel"}}},"wdio_ui5_key":"etmportal.ui.managepartners.view.NewPartnersap.ui.core.Icon{\"src\":{\"regex\":{\"source\":\"slim\\\\-arrow\\\\-down\"}}}{\"controlType\":\"sap.m.ComboBox\",\"viewName\":\"etm.portal.ui.managepartners.view.NewPartner\",\"viewId\":\"application-managepartners-display-component---NewPartner\",\"bindingPath\":{\"path\":\"\",\"propertyPath\":\"/CATALOG\",\"modelName\":\"oNewPartnerModel\"}}"}]}
RESULT: {"script":"<script> [1562 bytes]","args":[{"selector":{"controlType":"sap.ui.core.Icon","viewName":"etm.portal.ui.managepartners.view.NewPartner","viewId":"application-managepartners-display-component---NewPartner","properties":{"src":{"regex":{"source":"slim\\-arrow\\-down"}}},"ancestor":{"controlType":"sap.m.ComboBox","viewName":"etm.portal.ui.managepartners.view.NewPartner","viewId":"application-managepartners-display-component---NewPartner","bindingPath":{"path":"","propertyPath":"/CATALOG","modelName":"oNewPartnerModel"}}},"wdio_ui5_key":"etmportal.ui.managepartners.view.NewPartnersap.ui.core.Icon{\"src\":{\"regex\":{\"source\":\"slim\\\\-arrow\\\\-down\"}}}{\"controlType\":\"sap.m.ComboBox\",\"viewName\":\"etm.portal.ui.managepartners.view.NewPartner\",\"viewId\":\"application-managepartners-display-component---NewPartner\",\"bindingPath\":{\"path\":\"\",\"propertyPath\":\"/CATALOG\",\"modelName\":\"oNewPartnerModel\"}}"}]}
RESULT: undefined
COMMAND: POST /session/b8a203b9eea9ca58b7eb9d1b420e99b6/element - {"using":"xpath","value":"//*[@id=\"__box7-arrow\"]"}
RESULT: {"using":"xpath","value":"//*[@id=\"__box7-arrow\"]"}
COMMAND: POST /session/b8a203b9eea9ca58b7eb9d1b420e99b6/element/f.C3D07913007EC519E918D4FD8EAE9792.d.820BA55068A4D1199E7357A740982494.e.2743/click - {}
RESULT: {}
COMMAND: GET /session/b8a203b9eea9ca58b7eb9d1b420e99b6/screenshot - {}
RESULT: {}
COMMAND: POST /session/b8a203b9eea9ca58b7eb9d1b420e99b6/element - {"using":"xpath","value":"//ul[contains(@id,\"popup-list-listUl\")]//li[.//span[text()= \"Webshop Catalog\"]]"}
RESULT: {"using":"xpath","value":"//ul[contains(@id,\"popup-list-listUl\")]//li[.//span[text()= \"Webshop Catalog\"]]"}
COMMAND: POST /session/b8a203b9eea9ca58b7eb9d1b420e99b6/element/f.C3D07913007EC519E918D4FD8EAE9792.d.820BA55068A4D1199E7357A740982494.e.2790/click - {}
RESULT: {}
COMMAND: GET /session/b8a203b9eea9ca58b7eb9d1b420e99b6/screenshot - {}
RESULT: {}
COMMAND: POST /session/b8a203b9eea9ca58b7eb9d1b420e99b6/execute/async - {"script":"<script> [1562 bytes]","args":[{"selector":{"id":"application-managepartners-display-component---NewPartner--btnAddTableRow-img"},"wdio_ui5_key":"applicationmanagepartners-display-component---NewPartner--btnAddTableRow-img"}]}
RESULT: {"script":"<script> [1562 bytes]","args":[{"selector":{"id":"application-managepartners-display-component---NewPartner--btnAddTableRow-img"},"wdio_ui5_key":"applicationmanagepartners-display-component---NewPartner--btnAddTableRow-img"}]}
RESULT: undefined
COMMAND: POST /session/b8a203b9eea9ca58b7eb9d1b420e99b6/element - {"using":"xpath","value":"//*[@id=\"application-managepartners-display-component---NewPartner--btnAddTableRow-img\"]"}
RESULT: {"using":"xpath","value":"//*[@id=\"application-managepartners-display-component---NewPartner--btnAddTableRow-img\"]"}
COMMAND: POST /session/b8a203b9eea9ca58b7eb9d1b420e99b6/element/f.C3D07913007EC519E918D4FD8EAE9792.d.820BA55068A4D1199E7357A740982494.e.2791/click - {}
RESULT: {}
COMMAND: GET /session/b8a203b9eea9ca58b7eb9d1b420e99b6/screenshot - {}
RESULT: {}
COMMAND: POST /session/b8a203b9eea9ca58b7eb9d1b420e99b6/element - {"using":"xpath","value":"//input[@id=\"application-managepartners-display-component---NewPartner--assignmentYard-application-managepartners-display-component---NewPartner--assignmentsTable-0-inner\"]"}
RESULT: {"using":"xpath","value":"//input[@id=\"application-managepartners-display-component---NewPartner--assignmentYard-application-managepartners-display-component---NewPartner--assignmentsTable-0-inner\"]"}
COMMAND: POST /session/b8a203b9eea9ca58b7eb9d1b420e99b6/element/f.C3D07913007EC519E918D4FD8EAE9792.d.820BA55068A4D1199E7357A740982494.e.2794/clear - {}
RESULT: {}
COMMAND: POST /session/b8a203b9eea9ca58b7eb9d1b420e99b6/element/f.C3D07913007EC519E918D4FD8EAE9792.d.820BA55068A4D1199E7357A740982494.e.2794/value - {"text":"650"}
COMMAND: GET /session/b8a203b9eea9ca58b7eb9d1b420e99b6/screenshot - {}
RESULT: {"text":"650"}
COMMAND: GET /session/b8a203b9eea9ca58b7eb9d1b420e99b6/screenshot - {}
RESULT: {}
RESULT: {}
COMMAND: POST /session/b8a203b9eea9ca58b7eb9d1b420e99b6/element - {"using":"xpath","value":"//li[.//span[text()='650']]"}
RESULT: {"using":"xpath","value":"//li[.//span[text()='650']]"}
COMMAND: POST /session/b8a203b9eea9ca58b7eb9d1b420e99b6/element/f.C3D07913007EC519E918D4FD8EAE9792.d.820BA55068A4D1199E7357A740982494.e.2803/click - {}
RESULT: {}
COMMAND: GET /session/b8a203b9eea9ca58b7eb9d1b420e99b6/screenshot - {}
RESULT: {}
COMMAND: POST /session/b8a203b9eea9ca58b7eb9d1b420e99b6/actions - {"actions":[{"id":"action6","type":"key","parameters":{},"actions":[{"type":"keyDown","value":"î€‡"},{"type":"pause","duration":10},{"type":"keyUp","value":"î€‡"}]}]}
RESULT: {"actions":[{"id":"action6","type":"key","parameters":{},"actions":[{"type":"keyDown","value":"î€‡"},{"type":"pause","duration":10},{"type":"keyUp","value":"î€‡"}]}]}
COMMAND: POST /session/b8a203b9eea9ca58b7eb9d1b420e99b6/element - {"using":"xpath","value":"//td[contains(@id, \"assignmentsTable-0-cell2\")]/div/div"}
COMMAND: GET /session/b8a203b9eea9ca58b7eb9d1b420e99b6/screenshot - {}
RESULT: {"using":"xpath","value":"//td[contains(@id, \"assignmentsTable-0-cell2\")]/div/div"}
COMMAND: POST /session/b8a203b9eea9ca58b7eb9d1b420e99b6/element/f.C3D07913007EC519E918D4FD8EAE9792.d.820BA55068A4D1199E7357A740982494.e.2806/click - {}
RESULT: {}
RESULT: {}
COMMAND: GET /session/b8a203b9eea9ca58b7eb9d1b420e99b6/screenshot - {}
RESULT: {}
COMMAND: POST /session/b8a203b9eea9ca58b7eb9d1b420e99b6/element - {"using":"xpath","value":"//button[@data-kt=\"saveButton\"]"}
RESULT: {"using":"xpath","value":"//button[@data-kt=\"saveButton\"]"}
COMMAND: POST /session/b8a203b9eea9ca58b7eb9d1b420e99b6/element/f.C3D07913007EC519E918D4FD8EAE9792.d.820BA55068A4D1199E7357A740982494.e.2744/click - {}
RESULT: {}
COMMAND: GET /session/b8a203b9eea9ca58b7eb9d1b420e99b6/screenshot - {}
RESULT: {}
COMMAND: POST /session/b8a203b9eea9ca58b7eb9d1b420e99b6/element - {"using":"xpath","value":"//header[contains(@id, 'ObjectPageLayout-headerTitle')]/div[1]/div[2]/div[2]/span[1]"}
RESULT: {"using":"xpath","value":"//header[contains(@id, 'ObjectPageLayout-headerTitle')]/div[1]/div[2]/div[2]/span[1]"}
COMMAND: POST /session/b8a203b9eea9ca58b7eb9d1b420e99b6/elements - {"using":"xpath","value":"//header[contains(@id, 'ObjectPageLayout-headerTitle')]/div[1]/div[2]/div[2]/span[1]"}
RESULT: {"using":"xpath","value":"//header[contains(@id, 'ObjectPageLayout-headerTitle')]/div[1]/div[2]/div[2]/span[1]"}
COMMAND: POST /session/b8a203b9eea9ca58b7eb9d1b420e99b6/execute/sync - {"script":"<script> [56 bytes]","args":[{"element-6066-11e4-a52e-4f735466cecf":"f.C3D07913007EC519E918D4FD8EAE9792.d.820BA55068A4D1199E7357A740982494.e.2969","ELEMENT":"f.C3D07913007EC519E918D4FD8EAE9792.d.820BA55068A4D1199E7357A740982494.e.2969"}]}
RESULT: {"script":"<script> [56 bytes]","args":[{"element-6066-11e4-a52e-4f735466cecf":"f.C3D07913007EC519E918D4FD8EAE9792.d.820BA55068A4D1199E7357A740982494.e.2969","ELEMENT":"f.C3D07913007EC519E918D4FD8EAE9792.d.820BA55068A4D1199E7357A740982494.e.2969"}]}
COMMAND: POST /session/b8a203b9eea9ca58b7eb9d1b420e99b6/element - {"using":"css selector","value":"#shell-header-logo"}
COMMAND: GET /session/b8a203b9eea9ca58b7eb9d1b420e99b6/screenshot - {}
RESULT: {"using":"css selector","value":"#shell-header-logo"}
COMMAND: POST /session/b8a203b9eea9ca58b7eb9d1b420e99b6/element/f.C3D07913007EC519E918D4FD8EAE9792.d.820BA55068A4D1199E7357A740982494.e.2282/click - {}
RESULT: {}
RESULT: {}
COMMAND: GET /session/b8a203b9eea9ca58b7eb9d1b420e99b6/screenshot - {}
RESULT: {}
COMMAND: POST /session/b8a203b9eea9ca58b7eb9d1b420e99b6/execute/sync - {"script":"<script> [299 bytes]","args":[["getModel","getResource"]]}
RESULT: {"script":"<script> [299 bytes]","args":[["getModel","getResource"]]}
]]></system-out>
    </testcase>
    <testcase classname="chrome.137_0_7151_56.windows.Create_partner_US118246" name="Should create a new yard in case create yard failed" time="0.003" />
  </testsuite>
  <testsuite timestamp="2025-06-04T15:29:48" time="208.182" tests="2" failures="0" errors="0" skipped="0">
    <properties>
      <property name="specId" value="0" />
      <property name="suiteName" value="Create 2 sites US118246" />
      <property name="capabilities" value="chrome.137_0_7151_56.windows" />
      <property name="file" value="file:///D:/a/1/s/test/specs/R2C/create-site.spec.js" />
    </properties>
    <testcase classname="chrome.137_0_7151_56.windows.Create_2_sites_US118246" name="Should create new site" time="86.573">
      <system-out><![CDATA[
COMMAND: POST /session/b8a203b9eea9ca58b7eb9d1b420e99b6/execute/async - {"script":"<script> [1562 bytes]","args":[{"selector":{"controlType":"sap.m.Title","viewName":"etm.portal.ui.managesites.view.Master","viewId":"application-managesites-display-component---masterSite","i18NText":{"propertyName":"text","key":"sites"}},"wdio_ui5_key":"etmportal.ui.managesites.view.Mastersap.m.Title{\"propertyName\":\"text\",\"key\":\"sites\"}"}]}
RESULT: {"script":"<script> [1562 bytes]","args":[{"selector":{"controlType":"sap.m.Title","viewName":"etm.portal.ui.managesites.view.Master","viewId":"application-managesites-display-component---masterSite","i18NText":{"propertyName":"text","key":"sites"}},"wdio_ui5_key":"etmportal.ui.managesites.view.Mastersap.m.Title{\"propertyName\":\"text\",\"key\":\"sites\"}"}]}
RESULT: undefined
COMMAND: POST /session/b8a203b9eea9ca58b7eb9d1b420e99b6/execute/async - {"script":"<script> [6424 bytes]","args":[{"element-6066-11e4-a52e-4f735466cecf":"f.C3D07913007EC519E918D4FD8EAE9792.d.EAB2EF4CB4521C0BD47DB6037B184E58.e.3914"},"getText",[]]}
RESULT: {"script":"<script> [6424 bytes]","args":[{"element-6066-11e4-a52e-4f735466cecf":"f.C3D07913007EC519E918D4FD8EAE9792.d.EAB2EF4CB4521C0BD47DB6037B184E58.e.3914"},"getText",[]]}
COMMAND: POST /session/b8a203b9eea9ca58b7eb9d1b420e99b6/execute/async - {"script":"<script> [1562 bytes]","args":[{"selector":{"controlType":"sap.ui.core.Icon","viewName":"etm.portal.ui.managesites.view.Master","viewId":"application-managesites-display-component---masterSite","properties":{"src":{"regex":{"source":"add"}}}},"wdio_ui5_key":"etmportal.ui.managesites.view.Mastersap.ui.core.Icon{\"src\":{\"regex\":{\"source\":\"add\"}}}"}]}
RESULT: {"script":"<script> [1562 bytes]","args":[{"selector":{"controlType":"sap.ui.core.Icon","viewName":"etm.portal.ui.managesites.view.Master","viewId":"application-managesites-display-component---masterSite","properties":{"src":{"regex":{"source":"add"}}}},"wdio_ui5_key":"etmportal.ui.managesites.view.Mastersap.ui.core.Icon{\"src\":{\"regex\":{\"source\":\"add\"}}}"}]}
RESULT: undefined
COMMAND: POST /session/b8a203b9eea9ca58b7eb9d1b420e99b6/element - {"using":"xpath","value":"//*[@id=\"__button29-img\"]"}
RESULT: {"using":"xpath","value":"//*[@id=\"__button29-img\"]"}
COMMAND: POST /session/b8a203b9eea9ca58b7eb9d1b420e99b6/element/f.C3D07913007EC519E918D4FD8EAE9792.d.EAB2EF4CB4521C0BD47DB6037B184E58.e.3777/click - {}
RESULT: {}
COMMAND: POST /session/b8a203b9eea9ca58b7eb9d1b420e99b6/execute/async - {"script":"<script> [1562 bytes]","args":[{"selector":{"id":"application-managesites-display-component---NewSite--siteId","interaction":{"idSuffix":"inner"}},"wdio_ui5_key":"applicationmanagesites-display-component---NewSite--siteId"}]}
COMMAND: GET /session/b8a203b9eea9ca58b7eb9d1b420e99b6/screenshot - {}
RESULT: {"script":"<script> [1562 bytes]","args":[{"selector":{"id":"application-managesites-display-component---NewSite--siteId","interaction":{"idSuffix":"inner"}},"wdio_ui5_key":"applicationmanagesites-display-component---NewSite--siteId"}]}
RESULT: undefined
COMMAND: POST /session/b8a203b9eea9ca58b7eb9d1b420e99b6/execute/async - {"script":"<script> [1562 bytes]","args":[{"selector":{"id":"application-managesites-display-component---NewSite--addressDetailDetailsName1","interaction":{"idSuffix":"inner"}},"wdio_ui5_key":"applicationmanagesites-display-component---NewSite--addressDetailDetailsName1"}]}
RESULT: {}
RESULT: {"script":"<script> [1562 bytes]","args":[{"selector":{"id":"application-managesites-display-component---NewSite--addressDetailDetailsName1","interaction":{"idSuffix":"inner"}},"wdio_ui5_key":"applicationmanagesites-display-component---NewSite--addressDetailDetailsName1"}]}
RESULT: undefined
COMMAND: POST /session/b8a203b9eea9ca58b7eb9d1b420e99b6/execute/async - {"script":"<script> [776 bytes]","args":[{"enterText":"Webdriver Site 9a9c0k","selector":{"id":"application-managesites-display-component---NewSite--addressDetailDetailsName1","interaction":{"idSuffix":"inner"}},"clearTextFirst":true,"interactionType":"ENTER_TEXT"}]}
RESULT: {"script":"<script> [776 bytes]","args":[{"enterText":"Webdriver Site 9a9c0k","selector":{"id":"application-managesites-display-component---NewSite--addressDetailDetailsName1","interaction":{"idSuffix":"inner"}},"clearTextFirst":true,"interactionType":"ENTER_TEXT"}]}
COMMAND: POST /session/b8a203b9eea9ca58b7eb9d1b420e99b6/execute/async - {"script":"<script> [1562 bytes]","args":[{"selector":{"id":"application-managesites-display-component---NewSite--addressDetailDetailsLanguage","interaction":{"idSuffix":"inner"}},"wdio_ui5_key":"applicationmanagesites-display-component---NewSite--addressDetailDetailsLanguage"}]}
RESULT: {"script":"<script> [1562 bytes]","args":[{"selector":{"id":"application-managesites-display-component---NewSite--addressDetailDetailsLanguage","interaction":{"idSuffix":"inner"}},"wdio_ui5_key":"applicationmanagesites-display-component---NewSite--addressDetailDetailsLanguage"}]}
RESULT: undefined
COMMAND: POST /session/b8a203b9eea9ca58b7eb9d1b420e99b6/execute/async - {"script":"<script> [776 bytes]","args":[{"enterText":"Romanian","selector":{"id":"application-managesites-display-component---NewSite--addressDetailDetailsLanguage","interaction":{"idSuffix":"inner"}},"clearTextFirst":true,"interactionType":"ENTER_TEXT"}]}
RESULT: {"script":"<script> [776 bytes]","args":[{"enterText":"Romanian","selector":{"id":"application-managesites-display-component---NewSite--addressDetailDetailsLanguage","interaction":{"idSuffix":"inner"}},"clearTextFirst":true,"interactionType":"ENTER_TEXT"}]}
COMMAND: POST /session/b8a203b9eea9ca58b7eb9d1b420e99b6/execute/async - {"script":"<script> [1562 bytes]","args":[{"selector":{"id":"application-managesites-display-component---NewSite--addressDetailDetailsCity1","interaction":{"idSuffix":"inner"}},"wdio_ui5_key":"applicationmanagesites-display-component---NewSite--addressDetailDetailsCity1"}]}
RESULT: {"script":"<script> [1562 bytes]","args":[{"selector":{"id":"application-managesites-display-component---NewSite--addressDetailDetailsCity1","interaction":{"idSuffix":"inner"}},"wdio_ui5_key":"applicationmanagesites-display-component---NewSite--addressDetailDetailsCity1"}]}
RESULT: undefined
COMMAND: POST /session/b8a203b9eea9ca58b7eb9d1b420e99b6/execute/async - {"script":"<script> [776 bytes]","args":[{"enterText":"Bucharest","selector":{"id":"application-managesites-display-component---NewSite--addressDetailDetailsCity1","interaction":{"idSuffix":"inner"}},"clearTextFirst":true,"interactionType":"ENTER_TEXT"}]}
RESULT: {"script":"<script> [776 bytes]","args":[{"enterText":"Bucharest","selector":{"id":"application-managesites-display-component---NewSite--addressDetailDetailsCity1","interaction":{"idSuffix":"inner"}},"clearTextFirst":true,"interactionType":"ENTER_TEXT"}]}
COMMAND: POST /session/b8a203b9eea9ca58b7eb9d1b420e99b6/execute/async - {"script":"<script> [1562 bytes]","args":[{"selector":{"id":"application-managesites-display-component---NewSite--addressDetailDetailsCountry","interaction":{"idSuffix":"inner"}},"wdio_ui5_key":"applicationmanagesites-display-component---NewSite--addressDetailDetailsCountry"}]}
RESULT: {"script":"<script> [1562 bytes]","args":[{"selector":{"id":"application-managesites-display-component---NewSite--addressDetailDetailsCountry","interaction":{"idSuffix":"inner"}},"wdio_ui5_key":"applicationmanagesites-display-component---NewSite--addressDetailDetailsCountry"}]}
RESULT: undefined
COMMAND: POST /session/b8a203b9eea9ca58b7eb9d1b420e99b6/execute/async - {"script":"<script> [776 bytes]","args":[{"enterText":"Romania","selector":{"id":"application-managesites-display-component---NewSite--addressDetailDetailsCountry","interaction":{"idSuffix":"inner"}},"clearTextFirst":true,"interactionType":"ENTER_TEXT"}]}
RESULT: {"script":"<script> [776 bytes]","args":[{"enterText":"Romania","selector":{"id":"application-managesites-display-component---NewSite--addressDetailDetailsCountry","interaction":{"idSuffix":"inner"}},"clearTextFirst":true,"interactionType":"ENTER_TEXT"}]}
COMMAND: POST /session/b8a203b9eea9ca58b7eb9d1b420e99b6/execute/async - {"script":"<script> [1562 bytes]","args":[{"selector":{"id":"application-managesites-display-component---NewSite--addressDetailDetailsCalendar","interaction":{"idSuffix":"inner"}},"wdio_ui5_key":"applicationmanagesites-display-component---NewSite--addressDetailDetailsCalendar"}]}
RESULT: {"script":"<script> [1562 bytes]","args":[{"selector":{"id":"application-managesites-display-component---NewSite--addressDetailDetailsCalendar","interaction":{"idSuffix":"inner"}},"wdio_ui5_key":"applicationmanagesites-display-component---NewSite--addressDetailDetailsCalendar"}]}
RESULT: undefined
COMMAND: POST /session/b8a203b9eea9ca58b7eb9d1b420e99b6/execute/async - {"script":"<script> [776 bytes]","args":[{"enterText":"Germany","selector":{"id":"application-managesites-display-component---NewSite--addressDetailDetailsCalendar","interaction":{"idSuffix":"inner"}},"clearTextFirst":true,"interactionType":"ENTER_TEXT"}]}
RESULT: {"script":"<script> [776 bytes]","args":[{"enterText":"Germany","selector":{"id":"application-managesites-display-component---NewSite--addressDetailDetailsCalendar","interaction":{"idSuffix":"inner"}},"clearTextFirst":true,"interactionType":"ENTER_TEXT"}]}
COMMAND: POST /session/b8a203b9eea9ca58b7eb9d1b420e99b6/execute/async - {"script":"<script> [1562 bytes]","args":[{"selector":{"id":"application-managesites-display-component---NewSite--addressEditDetailsCostObjectCstType-arrow"},"wdio_ui5_key":"applicationmanagesites-display-component---NewSite--addressEditDetailsCostObjectCstType-arrow"}]}
RESULT: {"script":"<script> [1562 bytes]","args":[{"selector":{"id":"application-managesites-display-component---NewSite--addressEditDetailsCostObjectCstType-arrow"},"wdio_ui5_key":"applicationmanagesites-display-component---NewSite--addressEditDetailsCostObjectCstType-arrow"}]}
RESULT: undefined
COMMAND: POST /session/b8a203b9eea9ca58b7eb9d1b420e99b6/element - {"using":"xpath","value":"//*[@id=\"application-managesites-display-component---NewSite--addressEditDetailsCostObjectCstType-arrow\"]"}
RESULT: {"using":"xpath","value":"//*[@id=\"application-managesites-display-component---NewSite--addressEditDetailsCostObjectCstType-arrow\"]"}
COMMAND: POST /session/b8a203b9eea9ca58b7eb9d1b420e99b6/element/f.C3D07913007EC519E918D4FD8EAE9792.d.EAB2EF4CB4521C0BD47DB6037B184E58.e.4181/click - {}
RESULT: {}
COMMAND: POST /session/b8a203b9eea9ca58b7eb9d1b420e99b6/element - {"using":"xpath","value":"//span[contains(text(), \"Work Breakdown Structure\")]"}
COMMAND: GET /session/b8a203b9eea9ca58b7eb9d1b420e99b6/screenshot - {}
RESULT: {"using":"xpath","value":"//span[contains(text(), \"Work Breakdown Structure\")]"}
COMMAND: POST /session/b8a203b9eea9ca58b7eb9d1b420e99b6/element/f.C3D07913007EC519E918D4FD8EAE9792.d.EAB2EF4CB4521C0BD47DB6037B184E58.e.4183/click - {}
RESULT: {}
RESULT: {}
COMMAND: GET /session/b8a203b9eea9ca58b7eb9d1b420e99b6/screenshot - {}
RESULT: {}
COMMAND: POST /session/b8a203b9eea9ca58b7eb9d1b420e99b6/execute/async - {"script":"<script> [1562 bytes]","args":[{"selector":{"id":"application-managesites-display-component---NewSite--addressNewCostObjectCstID-vhi"},"wdio_ui5_key":"applicationmanagesites-display-component---NewSite--addressNewCostObjectCstID-vhi"}]}
RESULT: {"script":"<script> [1562 bytes]","args":[{"selector":{"id":"application-managesites-display-component---NewSite--addressNewCostObjectCstID-vhi"},"wdio_ui5_key":"applicationmanagesites-display-component---NewSite--addressNewCostObjectCstID-vhi"}]}
RESULT: undefined
COMMAND: POST /session/b8a203b9eea9ca58b7eb9d1b420e99b6/element - {"using":"xpath","value":"//*[@id=\"application-managesites-display-component---NewSite--addressNewCostObjectCstID-vhi\"]"}
RESULT: {"using":"xpath","value":"//*[@id=\"application-managesites-display-component---NewSite--addressNewCostObjectCstID-vhi\"]"}
COMMAND: POST /session/b8a203b9eea9ca58b7eb9d1b420e99b6/element/f.C3D07913007EC519E918D4FD8EAE9792.d.EAB2EF4CB4521C0BD47DB6037B184E58.e.4187/click - {}
RESULT: {}
COMMAND: GET /session/b8a203b9eea9ca58b7eb9d1b420e99b6/screenshot - {}
RESULT: {}
COMMAND: POST /session/b8a203b9eea9ca58b7eb9d1b420e99b6/execute/async - {"script":"<script> [1562 bytes]","args":[{"selector":{"controlType":"sap.m.SearchField","properties":{"placeholder":"Search"},"searchOpenDialogs":true,"interaction":{"idSuffix":"I"}},"wdio_ui5_key":"sapm.SearchField{\"placeholder\":\"Search\"}"}]}
RESULT: {"script":"<script> [1562 bytes]","args":[{"selector":{"controlType":"sap.m.SearchField","properties":{"placeholder":"Search"},"searchOpenDialogs":true,"interaction":{"idSuffix":"I"}},"wdio_ui5_key":"sapm.SearchField{\"placeholder\":\"Search\"}"}]}
RESULT: undefined
COMMAND: POST /session/b8a203b9eea9ca58b7eb9d1b420e99b6/execute/async - {"script":"<script> [776 bytes]","args":[{"enterText":"A1-000100-01","selector":{"controlType":"sap.m.SearchField","properties":{"placeholder":"Search"},"searchOpenDialogs":true,"interaction":{"idSuffix":"I"}},"clearTextFirst":true,"interactionType":"ENTER_TEXT"}]}
RESULT: {"script":"<script> [776 bytes]","args":[{"enterText":"A1-000100-01","selector":{"controlType":"sap.m.SearchField","properties":{"placeholder":"Search"},"searchOpenDialogs":true,"interaction":{"idSuffix":"I"}},"clearTextFirst":true,"interactionType":"ENTER_TEXT"}]}
COMMAND: POST /session/b8a203b9eea9ca58b7eb9d1b420e99b6/actions - {"actions":[{"id":"action7","type":"key","parameters":{},"actions":[{"type":"keyDown","value":"î€‡"},{"type":"pause","duration":10},{"type":"keyUp","value":"î€‡"}]}]}
RESULT: {"actions":[{"id":"action7","type":"key","parameters":{},"actions":[{"type":"keyDown","value":"î€‡"},{"type":"pause","duration":10},{"type":"keyUp","value":"î€‡"}]}]}
COMMAND: GET /session/b8a203b9eea9ca58b7eb9d1b420e99b6/screenshot - {}
RESULT: {}
COMMAND: POST /session/b8a203b9eea9ca58b7eb9d1b420e99b6/element - {"using":"xpath","value":"//span[contains(text(), \"Template for ETO-Process\")]"}
RESULT: {"using":"xpath","value":"//span[contains(text(), \"Template for ETO-Process\")]"}
COMMAND: POST /session/b8a203b9eea9ca58b7eb9d1b420e99b6/element/f.C3D07913007EC519E918D4FD8EAE9792.d.EAB2EF4CB4521C0BD47DB6037B184E58.e.4207/click - {}
RESULT: {}
COMMAND: GET /session/b8a203b9eea9ca58b7eb9d1b420e99b6/screenshot - {}
RESULT: {}
COMMAND: POST /session/b8a203b9eea9ca58b7eb9d1b420e99b6/element - {"using":"xpath","value":"//bdi[contains(text(), \"OK\")]"}
RESULT: {"using":"xpath","value":"//bdi[contains(text(), \"OK\")]"}
COMMAND: POST /session/b8a203b9eea9ca58b7eb9d1b420e99b6/element/f.C3D07913007EC519E918D4FD8EAE9792.d.EAB2EF4CB4521C0BD47DB6037B184E58.e.4208/click - {}
RESULT: {}
COMMAND: GET /session/b8a203b9eea9ca58b7eb9d1b420e99b6/screenshot - {}
RESULT: {}
COMMAND: POST /session/b8a203b9eea9ca58b7eb9d1b420e99b6/element - {"using":"xpath","value":"//input[@id=\"application-managesites-display-component---NewSite--addressDetailDetailsYard-inner\"]"}
RESULT: {"using":"xpath","value":"//input[@id=\"application-managesites-display-component---NewSite--addressDetailDetailsYard-inner\"]"}
COMMAND: POST /session/b8a203b9eea9ca58b7eb9d1b420e99b6/element/f.C3D07913007EC519E918D4FD8EAE9792.d.EAB2EF4CB4521C0BD47DB6037B184E58.e.3975/value - {"text":"650"}
RESULT: {"text":"650"}
COMMAND: GET /session/b8a203b9eea9ca58b7eb9d1b420e99b6/screenshot - {}
RESULT: {}
COMMAND: POST /session/b8a203b9eea9ca58b7eb9d1b420e99b6/actions - {"actions":[{"id":"action8","type":"key","parameters":{},"actions":[{"type":"keyDown","value":"î€‡"},{"type":"pause","duration":10},{"type":"keyUp","value":"î€‡"}]}]}
RESULT: {"actions":[{"id":"action8","type":"key","parameters":{},"actions":[{"type":"keyDown","value":"î€‡"},{"type":"pause","duration":10},{"type":"keyUp","value":"î€‡"}]}]}
COMMAND: GET /session/b8a203b9eea9ca58b7eb9d1b420e99b6/screenshot - {}
RESULT: {}
COMMAND: POST /session/b8a203b9eea9ca58b7eb9d1b420e99b6/element - {"using":"xpath","value":"//input[@id=\"application-managesites-display-component---NewSite--addressDetailDetailsPartner-inner\"]"}
RESULT: {"using":"xpath","value":"//input[@id=\"application-managesites-display-component---NewSite--addressDetailDetailsPartner-inner\"]"}
COMMAND: POST /session/b8a203b9eea9ca58b7eb9d1b420e99b6/elements - {"using":"xpath","value":"//input[@id=\"application-managesites-display-component---NewSite--addressDetailDetailsPartner-inner\"]"}
RESULT: {"using":"xpath","value":"//input[@id=\"application-managesites-display-component---NewSite--addressDetailDetailsPartner-inner\"]"}
COMMAND: POST /session/b8a203b9eea9ca58b7eb9d1b420e99b6/execute/async - {"script":"<script> [1562 bytes]","args":[{"selector":{"controlType":"sap.m.Button","viewName":"etm.portal.ui.managesites.view.NewSmartSite","viewId":"application-managesites-display-component---NewSite","properties":{"text":"Commercial"},"interaction":{"idSuffix":"BDI-content"}},"wdio_ui5_key":"etmportal.ui.managesites.view.NewSmartSitesap.m.Button{\"text\":\"Commercial\"}"}]}
RESULT: {"script":"<script> [1562 bytes]","args":[{"selector":{"controlType":"sap.m.Button","viewName":"etm.portal.ui.managesites.view.NewSmartSite","viewId":"application-managesites-display-component---NewSite","properties":{"text":"Commercial"},"interaction":{"idSuffix":"BDI-content"}},"wdio_ui5_key":"etmportal.ui.managesites.view.NewSmartSitesap.m.Button{\"text\":\"Commercial\"}"}]}
RESULT: undefined
COMMAND: POST /session/b8a203b9eea9ca58b7eb9d1b420e99b6/element - {"using":"xpath","value":"//*[@id=\"application-managesites-display-component---NewSite--ObjectPageLayout-anchBar-__section18-anchor\"]"}
RESULT: {"using":"xpath","value":"//*[@id=\"application-managesites-display-component---NewSite--ObjectPageLayout-anchBar-__section18-anchor\"]"}
COMMAND: POST /session/b8a203b9eea9ca58b7eb9d1b420e99b6/element/f.C3D07913007EC519E918D4FD8EAE9792.d.EAB2EF4CB4521C0BD47DB6037B184E58.e.4215/click - {}
RESULT: {}
COMMAND: POST /session/b8a203b9eea9ca58b7eb9d1b420e99b6/execute/async - {"script":"<script> [1562 bytes]","args":[{"selector":{"controlType":"sap.m.Button","viewName":"etm.portal.ui.managesites.view.NewSmartSite","viewId":"application-managesites-display-component---NewSite","i18NText":{"propertyName":"text","key":"save"},"interaction":{"idSuffix":"BDI-content"}},"wdio_ui5_key":"etmportal.ui.managesites.view.NewSmartSitesap.m.Button{\"propertyName\":\"text\",\"key\":\"save\"}"}]}
COMMAND: GET /session/b8a203b9eea9ca58b7eb9d1b420e99b6/screenshot - {}
RESULT: {"script":"<script> [1562 bytes]","args":[{"selector":{"controlType":"sap.m.Button","viewName":"etm.portal.ui.managesites.view.NewSmartSite","viewId":"application-managesites-display-component---NewSite","i18NText":{"propertyName":"text","key":"save"},"interaction":{"idSuffix":"BDI-content"}},"wdio_ui5_key":"etmportal.ui.managesites.view.NewSmartSitesap.m.Button{\"propertyName\":\"text\",\"key\":\"save\"}"}]}
RESULT: undefined
COMMAND: POST /session/b8a203b9eea9ca58b7eb9d1b420e99b6/element - {"using":"xpath","value":"//*[@id=\"__button41\"]"}
RESULT: {}
RESULT: {"using":"xpath","value":"//*[@id=\"__button41\"]"}
COMMAND: POST /session/b8a203b9eea9ca58b7eb9d1b420e99b6/element/f.C3D07913007EC519E918D4FD8EAE9792.d.EAB2EF4CB4521C0BD47DB6037B184E58.e.4168/click - {}
RESULT: {}
COMMAND: GET /session/b8a203b9eea9ca58b7eb9d1b420e99b6/screenshot - {}
RESULT: {}
COMMAND: POST /session/b8a203b9eea9ca58b7eb9d1b420e99b6/execute/async - {"script":"<script> [1562 bytes]","args":[{"selector":{"id":"application-managesites-display-component---detailSite--addressDetailDetailsYardText"},"wdio_ui5_key":"applicationmanagesites-display-component---detailSite--addressDetailDetailsYardText"}]}
RESULT: {"script":"<script> [1562 bytes]","args":[{"selector":{"id":"application-managesites-display-component---detailSite--addressDetailDetailsYardText"},"wdio_ui5_key":"applicationmanagesites-display-component---detailSite--addressDetailDetailsYardText"}]}
RESULT: undefined
COMMAND: POST /session/b8a203b9eea9ca58b7eb9d1b420e99b6/element - {"using":"xpath","value":"//header/div/div[2]/div[2]/span"}
RESULT: {"using":"xpath","value":"//header/div/div[2]/div[2]/span"}
COMMAND: GET /session/b8a203b9eea9ca58b7eb9d1b420e99b6/element/f.C3D07913007EC519E918D4FD8EAE9792.d.EAB2EF4CB4521C0BD47DB6037B184E58.e.4427/text - {}
RESULT: {}
COMMAND: POST /session/b8a203b9eea9ca58b7eb9d1b420e99b6/execute/async - {"script":"<script> [1562 bytes]","args":[{"selector":{"controlType":"sap.m.Label","viewName":"etm.portal.ui.managesites.view.Detail","viewId":"application-managesites-display-component---detailSite","i18NText":{"propertyName":"text","key":"status"}},"wdio_ui5_key":"etmportal.ui.managesites.view.Detailsap.m.Label{\"propertyName\":\"text\",\"key\":\"status\"}"}]}
RESULT: {"script":"<script> [1562 bytes]","args":[{"selector":{"controlType":"sap.m.Label","viewName":"etm.portal.ui.managesites.view.Detail","viewId":"application-managesites-display-component---detailSite","i18NText":{"propertyName":"text","key":"status"}},"wdio_ui5_key":"etmportal.ui.managesites.view.Detailsap.m.Label{\"propertyName\":\"text\",\"key\":\"status\"}"}]}
RESULT: undefined
COMMAND: POST /session/b8a203b9eea9ca58b7eb9d1b420e99b6/execute/async - {"script":"<script> [6424 bytes]","args":[{"element-6066-11e4-a52e-4f735466cecf":"f.C3D07913007EC519E918D4FD8EAE9792.d.EAB2EF4CB4521C0BD47DB6037B184E58.e.4415"},"getText",[]]}
RESULT: {"script":"<script> [6424 bytes]","args":[{"element-6066-11e4-a52e-4f735466cecf":"f.C3D07913007EC519E918D4FD8EAE9792.d.EAB2EF4CB4521C0BD47DB6037B184E58.e.4415"},"getText",[]]}
]]></system-out>
    </testcase>
    <testcase classname="chrome.137_0_7151_56.windows.Create_2_sites_US118246" name="Should create WHM site" time="58.652">
      <system-out><![CDATA[
RESULT: undefined
COMMAND: POST /session/b8a203b9eea9ca58b7eb9d1b420e99b6/element - {"using":"xpath","value":"//*[@id=\"__button29-img\"]"}
RESULT: {"using":"xpath","value":"//*[@id=\"__button29-img\"]"}
COMMAND: POST /session/b8a203b9eea9ca58b7eb9d1b420e99b6/element/f.C3D07913007EC519E918D4FD8EAE9792.d.EAB2EF4CB4521C0BD47DB6037B184E58.e.4428/click - {}
RESULT: {}
COMMAND: GET /session/b8a203b9eea9ca58b7eb9d1b420e99b6/screenshot - {}
RESULT: undefined
COMMAND: POST /session/b8a203b9eea9ca58b7eb9d1b420e99b6/execute/async - {"script":"<script> [1562 bytes]","args":[{"selector":{"controlType":"sap.m.Button","viewName":"etm.portal.ui.managesites.view.NewSmartSite","viewId":"application-managesites-display-component---NewSite","properties":{"text":"General Information"},"interaction":{"idSuffix":"BDI-content"}},"wdio_ui5_key":"etmportal.ui.managesites.view.NewSmartSitesap.m.Button{\"text\":\"General Information\"}"}]}
RESULT: {}
RESULT: {"script":"<script> [1562 bytes]","args":[{"selector":{"controlType":"sap.m.Button","viewName":"etm.portal.ui.managesites.view.NewSmartSite","viewId":"application-managesites-display-component---NewSite","properties":{"text":"General Information"},"interaction":{"idSuffix":"BDI-content"}},"wdio_ui5_key":"etmportal.ui.managesites.view.NewSmartSitesap.m.Button{\"text\":\"General Information\"}"}]}
RESULT: undefined
COMMAND: POST /session/b8a203b9eea9ca58b7eb9d1b420e99b6/element - {"using":"xpath","value":"//*[@id=\"application-managesites-display-component---NewSite--ObjectPageLayout-anchBar-__section16-anchor\"]"}
RESULT: {"using":"xpath","value":"//*[@id=\"application-managesites-display-component---NewSite--ObjectPageLayout-anchBar-__section16-anchor\"]"}
COMMAND: POST /session/b8a203b9eea9ca58b7eb9d1b420e99b6/element/f.C3D07913007EC519E918D4FD8EAE9792.d.EAB2EF4CB4521C0BD47DB6037B184E58.e.4609/click - {}
RESULT: {}
RESULT: undefined
COMMAND: POST /session/b8a203b9eea9ca58b7eb9d1b420e99b6/execute/async - {"script":"<script> [776 bytes]","args":[{"enterText":"Webdriver WHM Site dx4cl","selector":{"id":"application-managesites-display-component---NewSite--addressDetailDetailsName1","interaction":{"idSuffix":"inner"}},"clearTextFirst":true,"interactionType":"ENTER_TEXT"}]}
COMMAND: GET /session/b8a203b9eea9ca58b7eb9d1b420e99b6/screenshot - {}
RESULT: {"script":"<script> [776 bytes]","args":[{"enterText":"Webdriver WHM Site dx4cl","selector":{"id":"application-managesites-display-component---NewSite--addressDetailDetailsName1","interaction":{"idSuffix":"inner"}},"clearTextFirst":true,"interactionType":"ENTER_TEXT"}]}
RESULT: {}
RESULT: undefined
COMMAND: POST /session/b8a203b9eea9ca58b7eb9d1b420e99b6/execute/async - {"script":"<script> [776 bytes]","args":[{"enterText":"Romanian","selector":{"id":"application-managesites-display-component---NewSite--addressDetailDetailsLanguage","interaction":{"idSuffix":"inner"}},"clearTextFirst":true,"interactionType":"ENTER_TEXT"}]}
RESULT: {"script":"<script> [776 bytes]","args":[{"enterText":"Romanian","selector":{"id":"application-managesites-display-component---NewSite--addressDetailDetailsLanguage","interaction":{"idSuffix":"inner"}},"clearTextFirst":true,"interactionType":"ENTER_TEXT"}]}
COMMAND: POST /session/b8a203b9eea9ca58b7eb9d1b420e99b6/actions - {"actions":[{"id":"action9","type":"key","parameters":{},"actions":[{"type":"keyDown","value":"î€‡"},{"type":"pause","duration":10},{"type":"keyUp","value":"î€‡"}]}]}
RESULT: {"actions":[{"id":"action9","type":"key","parameters":{},"actions":[{"type":"keyDown","value":"î€‡"},{"type":"pause","duration":10},{"type":"keyUp","value":"î€‡"}]}]}
RESULT: undefined
COMMAND: POST /session/b8a203b9eea9ca58b7eb9d1b420e99b6/execute/async - {"script":"<script> [776 bytes]","args":[{"enterText":"Bucharest","selector":{"id":"application-managesites-display-component---NewSite--addressDetailDetailsCity1","interaction":{"idSuffix":"inner"}},"clearTextFirst":true,"interactionType":"ENTER_TEXT"}]}
COMMAND: GET /session/b8a203b9eea9ca58b7eb9d1b420e99b6/screenshot - {}
RESULT: {"script":"<script> [776 bytes]","args":[{"enterText":"Bucharest","selector":{"id":"application-managesites-display-component---NewSite--addressDetailDetailsCity1","interaction":{"idSuffix":"inner"}},"clearTextFirst":true,"interactionType":"ENTER_TEXT"}]}
RESULT: {}
COMMAND: POST /session/b8a203b9eea9ca58b7eb9d1b420e99b6/actions - {"actions":[{"id":"action10","type":"key","parameters":{},"actions":[{"type":"keyDown","value":"î€‡"},{"type":"pause","duration":10},{"type":"keyUp","value":"î€‡"}]}]}
RESULT: {"actions":[{"id":"action10","type":"key","parameters":{},"actions":[{"type":"keyDown","value":"î€‡"},{"type":"pause","duration":10},{"type":"keyUp","value":"î€‡"}]}]}
RESULT: undefined
COMMAND: POST /session/b8a203b9eea9ca58b7eb9d1b420e99b6/execute/async - {"script":"<script> [6424 bytes]","args":[{"element-6066-11e4-a52e-4f735466cecf":"f.C3D07913007EC519E918D4FD8EAE9792.d.EAB2EF4CB4521C0BD47DB6037B184E58.e.3964"},"setValue",["Romania"]]}
COMMAND: GET /session/b8a203b9eea9ca58b7eb9d1b420e99b6/screenshot - {}
COMMAND: POST /session/b8a203b9eea9ca58b7eb9d1b420e99b6/execute/async - {"script":"<script> [1562 bytes]","args":[{"selector":{"id":"application-managesites-display-component---NewSite--addressDetailDetailsCountry","interaction":{"idSuffix":"inner"}},"wdio_ui5_key":"applicationmanagesites-display-component---NewSite--addressDetailDetailsCountry"}]}
RESULT: {}
RESULT: {"script":"<script> [1562 bytes]","args":[{"selector":{"id":"application-managesites-display-component---NewSite--addressDetailDetailsCountry","interaction":{"idSuffix":"inner"}},"wdio_ui5_key":"applicationmanagesites-display-component---NewSite--addressDetailDetailsCountry"}]}
COMMAND: POST /session/b8a203b9eea9ca58b7eb9d1b420e99b6/execute/async - {"script":"<script> [6424 bytes]","args":[{"element-6066-11e4-a52e-4f735466cecf":"f.C3D07913007EC519E918D4FD8EAE9792.d.EAB2EF4CB4521C0BD47DB6037B184E58.e.4481"},"setValue",["Romania"]]}
RESULT: {"script":"<script> [6424 bytes]","args":[{"element-6066-11e4-a52e-4f735466cecf":"f.C3D07913007EC519E918D4FD8EAE9792.d.EAB2EF4CB4521C0BD47DB6037B184E58.e.4481"},"setValue",["Romania"]]}
COMMAND: POST /session/b8a203b9eea9ca58b7eb9d1b420e99b6/actions - {"actions":[{"id":"action11","type":"key","parameters":{},"actions":[{"type":"keyDown","value":"î€‡"},{"type":"pause","duration":10},{"type":"keyUp","value":"î€‡"}]}]}
RESULT: {"actions":[{"id":"action11","type":"key","parameters":{},"actions":[{"type":"keyDown","value":"î€‡"},{"type":"pause","duration":10},{"type":"keyUp","value":"î€‡"}]}]}
RESULT: undefined
COMMAND: POST /session/b8a203b9eea9ca58b7eb9d1b420e99b6/execute/async - {"script":"<script> [776 bytes]","args":[{"enterText":"Germany","selector":{"id":"application-managesites-display-component---NewSite--addressDetailDetailsCalendar","interaction":{"idSuffix":"inner"}},"clearTextFirst":true,"interactionType":"ENTER_TEXT"}]}
COMMAND: GET /session/b8a203b9eea9ca58b7eb9d1b420e99b6/screenshot - {}
RESULT: {"script":"<script> [776 bytes]","args":[{"enterText":"Germany","selector":{"id":"application-managesites-display-component---NewSite--addressDetailDetailsCalendar","interaction":{"idSuffix":"inner"}},"clearTextFirst":true,"interactionType":"ENTER_TEXT"}]}
RESULT: {}
COMMAND: POST /session/b8a203b9eea9ca58b7eb9d1b420e99b6/actions - {"actions":[{"id":"action12","type":"key","parameters":{},"actions":[{"type":"keyDown","value":"î€‡"},{"type":"pause","duration":10},{"type":"keyUp","value":"î€‡"}]}]}
RESULT: {"actions":[{"id":"action12","type":"key","parameters":{},"actions":[{"type":"keyDown","value":"î€‡"},{"type":"pause","duration":10},{"type":"keyUp","value":"î€‡"}]}]}
COMMAND: POST /session/b8a203b9eea9ca58b7eb9d1b420e99b6/execute/async - {"script":"<script> [1562 bytes]","args":[{"selector":{"id":"application-managesites-display-component---NewSite--addressEditDetailsCostObjectCstType","interaction":{"idSuffix":"inner"}},"wdio_ui5_key":"applicationmanagesites-display-component---NewSite--addressEditDetailsCostObjectCstType"}]}
COMMAND: GET /session/b8a203b9eea9ca58b7eb9d1b420e99b6/screenshot - {}
RESULT: {"script":"<script> [1562 bytes]","args":[{"selector":{"id":"application-managesites-display-component---NewSite--addressEditDetailsCostObjectCstType","interaction":{"idSuffix":"inner"}},"wdio_ui5_key":"applicationmanagesites-display-component---NewSite--addressEditDetailsCostObjectCstType"}]}
RESULT: undefined
COMMAND: POST /session/b8a203b9eea9ca58b7eb9d1b420e99b6/execute/async - {"script":"<script> [776 bytes]","args":[{"enterText":"Cost","selector":{"id":"application-managesites-display-component---NewSite--addressEditDetailsCostObjectCstType","interaction":{"idSuffix":"inner"}},"clearTextFirst":true,"interactionType":"ENTER_TEXT"}]}
RESULT: {}
RESULT: {"script":"<script> [776 bytes]","args":[{"enterText":"Cost","selector":{"id":"application-managesites-display-component---NewSite--addressEditDetailsCostObjectCstType","interaction":{"idSuffix":"inner"}},"clearTextFirst":true,"interactionType":"ENTER_TEXT"}]}
COMMAND: POST /session/b8a203b9eea9ca58b7eb9d1b420e99b6/actions - {"actions":[{"id":"action13","type":"key","parameters":{},"actions":[{"type":"keyDown","value":"î€‡"},{"type":"pause","duration":10},{"type":"keyUp","value":"î€‡"}]}]}
RESULT: {"actions":[{"id":"action13","type":"key","parameters":{},"actions":[{"type":"keyDown","value":"î€‡"},{"type":"pause","duration":10},{"type":"keyUp","value":"î€‡"}]}]}
COMMAND: POST /session/b8a203b9eea9ca58b7eb9d1b420e99b6/execute/async - {"script":"<script> [1562 bytes]","args":[{"selector":{"id":"application-managesites-display-component---NewSite--addressNewCostObjectCstID","interaction":{"idSuffix":"inner"}},"wdio_ui5_key":"applicationmanagesites-display-component---NewSite--addressNewCostObjectCstID"}]}
COMMAND: GET /session/b8a203b9eea9ca58b7eb9d1b420e99b6/screenshot - {}
RESULT: {"script":"<script> [1562 bytes]","args":[{"selector":{"id":"application-managesites-display-component---NewSite--addressNewCostObjectCstID","interaction":{"idSuffix":"inner"}},"wdio_ui5_key":"applicationmanagesites-display-component---NewSite--addressNewCostObjectCstID"}]}
RESULT: undefined
COMMAND: POST /session/b8a203b9eea9ca58b7eb9d1b420e99b6/execute/async - {"script":"<script> [776 bytes]","args":[{"enterText":"1001","selector":{"id":"application-managesites-display-component---NewSite--addressNewCostObjectCstID","interaction":{"idSuffix":"inner"}},"clearTextFirst":true,"interactionType":"ENTER_TEXT"}]}
RESULT: {}
RESULT: {"script":"<script> [776 bytes]","args":[{"enterText":"1001","selector":{"id":"application-managesites-display-component---NewSite--addressNewCostObjectCstID","interaction":{"idSuffix":"inner"}},"clearTextFirst":true,"interactionType":"ENTER_TEXT"}]}
COMMAND: POST /session/b8a203b9eea9ca58b7eb9d1b420e99b6/actions - {"actions":[{"id":"action14","type":"key","parameters":{},"actions":[{"type":"keyDown","value":"î€‡"},{"type":"pause","duration":10},{"type":"keyUp","value":"î€‡"}]}]}
RESULT: {"actions":[{"id":"action14","type":"key","parameters":{},"actions":[{"type":"keyDown","value":"î€‡"},{"type":"pause","duration":10},{"type":"keyUp","value":"î€‡"}]}]}
COMMAND: POST /session/b8a203b9eea9ca58b7eb9d1b420e99b6/element - {"using":"xpath","value":"//input[@id=\"application-managesites-display-component---NewSite--addressDetailDetailsYard-inner\"]"}
COMMAND: GET /session/b8a203b9eea9ca58b7eb9d1b420e99b6/screenshot - {}
RESULT: {"using":"xpath","value":"//input[@id=\"application-managesites-display-component---NewSite--addressDetailDetailsYard-inner\"]"}
COMMAND: POST /session/b8a203b9eea9ca58b7eb9d1b420e99b6/element/f.C3D07913007EC519E918D4FD8EAE9792.d.EAB2EF4CB4521C0BD47DB6037B184E58.e.4492/value - {"text":"652"}
RESULT: {}
RESULT: {"text":"652"}
COMMAND: GET /session/b8a203b9eea9ca58b7eb9d1b420e99b6/screenshot - {}
RESULT: {}
COMMAND: POST /session/b8a203b9eea9ca58b7eb9d1b420e99b6/actions - {"actions":[{"id":"action15","type":"key","parameters":{},"actions":[{"type":"keyDown","value":"î€‡"},{"type":"pause","duration":10},{"type":"keyUp","value":"î€‡"}]}]}
RESULT: {"actions":[{"id":"action15","type":"key","parameters":{},"actions":[{"type":"keyDown","value":"î€‡"},{"type":"pause","duration":10},{"type":"keyUp","value":"î€‡"}]}]}
COMMAND: GET /session/b8a203b9eea9ca58b7eb9d1b420e99b6/screenshot - {}
RESULT: {}
COMMAND: POST /session/b8a203b9eea9ca58b7eb9d1b420e99b6/element - {"using":"xpath","value":"//input[@id=\"application-managesites-display-component---NewSite--addressDetailDetailsPartner-inner\"]"}
RESULT: {"using":"xpath","value":"//input[@id=\"application-managesites-display-component---NewSite--addressDetailDetailsPartner-inner\"]"}
COMMAND: POST /session/b8a203b9eea9ca58b7eb9d1b420e99b6/elements - {"using":"xpath","value":"//input[@id=\"application-managesites-display-component---NewSite--addressDetailDetailsPartner-inner\"]"}
RESULT: {"using":"xpath","value":"//input[@id=\"application-managesites-display-component---NewSite--addressDetailDetailsPartner-inner\"]"}
RESULT: undefined
COMMAND: POST /session/b8a203b9eea9ca58b7eb9d1b420e99b6/element - {"using":"xpath","value":"//*[@id=\"application-managesites-display-component---NewSite--ObjectPageLayout-anchBar-__section18-anchor\"]"}
RESULT: {"using":"xpath","value":"//*[@id=\"application-managesites-display-component---NewSite--ObjectPageLayout-anchBar-__section18-anchor\"]"}
COMMAND: POST /session/b8a203b9eea9ca58b7eb9d1b420e99b6/element/f.C3D07913007EC519E918D4FD8EAE9792.d.EAB2EF4CB4521C0BD47DB6037B184E58.e.4617/click - {}
RESULT: {}
COMMAND: POST /session/b8a203b9eea9ca58b7eb9d1b420e99b6/execute/async - {"script":"<script> [1562 bytes]","args":[{"selector":{"id":"application-managesites-display-component---NewSite--siteWhmCheckBox-label","interaction":{"idSuffix":"bdi"}},"wdio_ui5_key":"applicationmanagesites-display-component---NewSite--siteWhmCheckBox-label"}]}
COMMAND: GET /session/b8a203b9eea9ca58b7eb9d1b420e99b6/screenshot - {}
RESULT: {"script":"<script> [1562 bytes]","args":[{"selector":{"id":"application-managesites-display-component---NewSite--siteWhmCheckBox-label","interaction":{"idSuffix":"bdi"}},"wdio_ui5_key":"applicationmanagesites-display-component---NewSite--siteWhmCheckBox-label"}]}
RESULT: undefined
COMMAND: POST /session/b8a203b9eea9ca58b7eb9d1b420e99b6/element - {"using":"xpath","value":"//*[@id=\"application-managesites-display-component---NewSite--siteWhmCheckBox-label\"]"}
RESULT: {}
RESULT: {"using":"xpath","value":"//*[@id=\"application-managesites-display-component---NewSite--siteWhmCheckBox-label\"]"}
COMMAND: POST /session/b8a203b9eea9ca58b7eb9d1b420e99b6/element/f.C3D07913007EC519E918D4FD8EAE9792.d.EAB2EF4CB4521C0BD47DB6037B184E58.e.4620/click - {}
RESULT: {}
RESULT: undefined
COMMAND: POST /session/b8a203b9eea9ca58b7eb9d1b420e99b6/element - {"using":"xpath","value":"//*[@id=\"__button41\"]"}
COMMAND: GET /session/b8a203b9eea9ca58b7eb9d1b420e99b6/screenshot - {}
RESULT: {"using":"xpath","value":"//*[@id=\"__button41\"]"}
COMMAND: POST /session/b8a203b9eea9ca58b7eb9d1b420e99b6/element/f.C3D07913007EC519E918D4FD8EAE9792.d.EAB2EF4CB4521C0BD47DB6037B184E58.e.4621/click - {}
RESULT: {}
RESULT: {}
COMMAND: GET /session/b8a203b9eea9ca58b7eb9d1b420e99b6/screenshot - {}
COMMAND: POST /session/b8a203b9eea9ca58b7eb9d1b420e99b6/element - {"using":"xpath","value":"//header/div/div[2]/div[2]/span"}
RESULT: {}
RESULT: {"using":"xpath","value":"//header/div/div[2]/div[2]/span"}
COMMAND: GET /session/b8a203b9eea9ca58b7eb9d1b420e99b6/element/f.C3D07913007EC519E918D4FD8EAE9792.d.EAB2EF4CB4521C0BD47DB6037B184E58.e.4823/text - {}
RESULT: {}
RESULT: undefined
RESULT: undefined
COMMAND: POST /session/b8a203b9eea9ca58b7eb9d1b420e99b6/execute/async - {"script":"<script> [6424 bytes]","args":[{"element-6066-11e4-a52e-4f735466cecf":"f.C3D07913007EC519E918D4FD8EAE9792.d.EAB2EF4CB4521C0BD47DB6037B184E58.e.4415"},"getText",[]]}
COMMAND: POST /session/b8a203b9eea9ca58b7eb9d1b420e99b6/execute/async - {"script":"<script> [1562 bytes]","args":[{"selector":{"controlType":"sap.m.Label","viewName":"etm.portal.ui.managesites.view.Detail","viewId":"application-managesites-display-component---detailSite","i18NText":{"propertyName":"text","key":"status"}},"wdio_ui5_key":"etmportal.ui.managesites.view.Detailsap.m.Label{\"propertyName\":\"text\",\"key\":\"status\"}"}]}
RESULT: {"script":"<script> [1562 bytes]","args":[{"selector":{"controlType":"sap.m.Label","viewName":"etm.portal.ui.managesites.view.Detail","viewId":"application-managesites-display-component---detailSite","i18NText":{"propertyName":"text","key":"status"}},"wdio_ui5_key":"etmportal.ui.managesites.view.Detailsap.m.Label{\"propertyName\":\"text\",\"key\":\"status\"}"}]}
COMMAND: POST /session/b8a203b9eea9ca58b7eb9d1b420e99b6/execute/async - {"script":"<script> [6424 bytes]","args":[{"element-6066-11e4-a52e-4f735466cecf":"f.C3D07913007EC519E918D4FD8EAE9792.d.EAB2EF4CB4521C0BD47DB6037B184E58.e.4811"},"getText",[]]}
RESULT: {"script":"<script> [6424 bytes]","args":[{"element-6066-11e4-a52e-4f735466cecf":"f.C3D07913007EC519E918D4FD8EAE9792.d.EAB2EF4CB4521C0BD47DB6037B184E58.e.4811"},"getText",[]]}
COMMAND: POST /session/b8a203b9eea9ca58b7eb9d1b420e99b6/execute/async - {"script":"<script> [1562 bytes]","args":[{"selector":{"id":"shell-header","interaction":{"idSuffix":"icon"}},"wdio_ui5_key":"shellheader"}]}
RESULT: {"script":"<script> [1562 bytes]","args":[{"selector":{"id":"shell-header","interaction":{"idSuffix":"icon"}},"wdio_ui5_key":"shellheader"}]}
RESULT: undefined
COMMAND: POST /session/b8a203b9eea9ca58b7eb9d1b420e99b6/element - {"using":"xpath","value":"//*[@id=\"shell-header\"]"}
RESULT: {"using":"xpath","value":"//*[@id=\"shell-header\"]"}
COMMAND: POST /session/b8a203b9eea9ca58b7eb9d1b420e99b6/element/f.C3D07913007EC519E918D4FD8EAE9792.d.EAB2EF4CB4521C0BD47DB6037B184E58.e.4824/click - {}
RESULT: {}
COMMAND: POST /session/b8a203b9eea9ca58b7eb9d1b420e99b6/refresh - {}
COMMAND: GET /session/b8a203b9eea9ca58b7eb9d1b420e99b6/screenshot - {}
RESULT: {}
COMMAND: GET /session/b8a203b9eea9ca58b7eb9d1b420e99b6/screenshot - {}
RESULT: {}
RESULT: {}
COMMAND: POST /session/b8a203b9eea9ca58b7eb9d1b420e99b6/refresh - {}
RESULT: {}
COMMAND: GET /session/b8a203b9eea9ca58b7eb9d1b420e99b6/screenshot - {}
RESULT: {}
COMMAND: POST /session/b8a203b9eea9ca58b7eb9d1b420e99b6/window/fullscreen - {}
RESULT: {}
COMMAND: POST /session/b8a203b9eea9ca58b7eb9d1b420e99b6/execute/async - {"script":"<script> [189 bytes]","args":[]}
RESULT: {"script":"<script> [189 bytes]","args":[]}
COMMAND: POST /session/b8a203b9eea9ca58b7eb9d1b420e99b6/execute/async - {"script":"<script> [123 bytes]","args":[]}
RESULT: {"script":"<script> [123 bytes]","args":[]}
COMMAND: POST /session/b8a203b9eea9ca58b7eb9d1b420e99b6/timeouts - {"script":"<number>"}
RESULT: {"script":"<number>"}
COMMAND: GET /session/b8a203b9eea9ca58b7eb9d1b420e99b6/timeouts - {}
RESULT: {}
RESULT: undefined
COMMAND: POST /session/b8a203b9eea9ca58b7eb9d1b420e99b6/execute/async - {"script":"<script> [2676 bytes]","args":[]}
RESULT: {"script":"<script> [2676 bytes]","args":[]}
COMMAND: POST /session/b8a203b9eea9ca58b7eb9d1b420e99b6/execute/async - {"script":"<script> [2342 bytes]","args":[{"protocol":"http","hostname":"0.0.0.0","path":"/","capabilities":{"browserName":"chrome","goog:chromeOptions":{"binary":"C:\\Program Files\\Google\\Chrome\\Application\\chrome.exe","args":["--start-maximized"]}},"logLevel":"warn","connectionRetryTimeout":120000,"connectionRetryCount":3,"logLevels":{},"enableDirectConnect":true,"strictSSL":true,"_":"65 more keys: [\"cacheDir\",\"port\",\"requestedCapabilities\",\"automationProtocol\",\"baseUrl\",\"waitforInterval\",\"waitforTimeout\",\"onReload\",\"beforeCommand\",\"afterCommand\",\"rootDir\",\"specs\",\"suites\",\"exclude\",\"groupLogsByTestSpec\",\"excludeDriverLogs\",\"bail\",\"framework\",\"reporters\",\"services\",\"maxInstances\",\"maxInstancesPerCapability\",\"injectGlobals\",\"filesToWatch\",\"execArgv\",\"runnerEnv\",\"runner\",\"shard\",\"specFileRetries\",\"specFileRetriesDelay\",\"specFileRetriesDeferred\",\"reporterSyncInterval\",\"reporterSyncTimeout\",\"cucumberFeaturesWithLineNumbers\",\"autoCompileOpts\",\"mochaOpts\",\"jasmineOpts\",\"cucumberOpts\",\"onPrepare\",\"onWorkerStart\",\"onWorkerEnd\",\"before\",\"beforeSession\",\"beforeSuite\",\"beforeHook\",\"beforeTest\",\"afterTest\",\"afterHook\",\"afterSuite\",\"afterSession\",\"after\",\"onComplete\",\"beforeAssertion\",\"afterAssertion\",\"beforeFeature\",\"beforeScenario\",\"beforeStep\",\"afterStep\",\"afterScenario\",\"afterFeature\",\"_\",\"suite\",\"$0\",\"ignoredWorkerServices\",\"wdi5\"]"}]}
RESULT: {"script":"<script> [2342 bytes]","args":[{"protocol":"http","hostname":"0.0.0.0","path":"/","capabilities":{"browserName":"chrome","goog:chromeOptions":{"binary":"C:\\Program Files\\Google\\Chrome\\Application\\chrome.exe","args":["--start-maximized"]}},"logLevel":"warn","connectionRetryTimeout":120000,"connectionRetryCount":3,"logLevels":{},"enableDirectConnect":true,"strictSSL":true,"_":"65 more keys: [\"cacheDir\",\"port\",\"requestedCapabilities\",\"automationProtocol\",\"baseUrl\",\"waitforInterval\",\"waitforTimeout\",\"onReload\",\"beforeCommand\",\"afterCommand\",\"rootDir\",\"specs\",\"suites\",\"exclude\",\"groupLogsByTestSpec\",\"excludeDriverLogs\",\"bail\",\"framework\",\"reporters\",\"services\",\"maxInstances\",\"maxInstancesPerCapability\",\"injectGlobals\",\"filesToWatch\",\"execArgv\",\"runnerEnv\",\"runner\",\"shard\",\"specFileRetries\",\"specFileRetriesDelay\",\"specFileRetriesDeferred\",\"reporterSyncInterval\",\"reporterSyncTimeout\",\"cucumberFeaturesWithLineNumbers\",\"autoCompileOpts\",\"mochaOpts\",\"jasmineOpts\",\"cucumberOpts\",\"onPrepare\",\"onWorkerStart\",\"onWorkerEnd\",\"before\",\"beforeSession\",\"beforeSuite\",\"beforeHook\",\"beforeTest\",\"afterTest\",\"afterHook\",\"afterSuite\",\"afterSession\",\"after\",\"onComplete\",\"beforeAssertion\",\"afterAssertion\",\"beforeFeature\",\"beforeScenario\",\"beforeStep\",\"afterStep\",\"afterScenario\",\"afterFeature\",\"_\",\"suite\",\"$0\",\"ignoredWorkerServices\",\"wdi5\"]"}]}
COMMAND: POST /session/b8a203b9eea9ca58b7eb9d1b420e99b6/execute/async - {"script":"<script> [21126 bytes]","args":[35000]}
RESULT: {"script":"<script> [21126 bytes]","args":[35000]}
COMMAND: POST /session/b8a203b9eea9ca58b7eb9d1b420e99b6/element - {"using":"css selector","value":"#j_username"}
COMMAND: POST /session/b8a203b9eea9ca58b7eb9d1b420e99b6/url - {"url":"https://qa-testing-00-live-etm-ui.cfapps.eu10-004.hana.ondemand.com/"}
RESULT: {"using":"css selector","value":"#j_username"}
COMMAND: POST /session/b8a203b9eea9ca58b7eb9d1b420e99b6/element - {"using":"css selector","value":"#j_username"}
RESULT: {"url":"https://qa-testing-00-live-etm-ui.cfapps.eu10-004.hana.ondemand.com/"}
RESULT: undefined
COMMAND: GET /session/b8a203b9eea9ca58b7eb9d1b420e99b6/screenshot - {}
RESULT: {"using":"css selector","value":"#j_username"}
COMMAND: POST /session/b8a203b9eea9ca58b7eb9d1b420e99b6/element - {"using":"css selector","value":"#shell-header-logo"}
RESULT: {}
RESULT: {"using":"css selector","value":"#shell-header-logo"}
COMMAND: POST /session/b8a203b9eea9ca58b7eb9d1b420e99b6/execute/sync - {"script":"<script> [8489 bytes]","args":[{"element-6066-11e4-a52e-4f735466cecf":"f.C3D07913007EC519E918D4FD8EAE9792.d.6A646D071DB2E86F20CAC8C3EAA239F1.e.5094","ELEMENT":"f.C3D07913007EC519E918D4FD8EAE9792.d.6A646D071DB2E86F20CAC8C3EAA239F1.e.5094"}]}
RESULT: {"script":"<script> [8489 bytes]","args":[{"element-6066-11e4-a52e-4f735466cecf":"f.C3D07913007EC519E918D4FD8EAE9792.d.6A646D071DB2E86F20CAC8C3EAA239F1.e.5094","ELEMENT":"f.C3D07913007EC519E918D4FD8EAE9792.d.6A646D071DB2E86F20CAC8C3EAA239F1.e.5094"}]}
COMMAND: POST /session/b8a203b9eea9ca58b7eb9d1b420e99b6/element - {"using":"css selector","value":"#shell-header-logo"}
COMMAND: GET /session/b8a203b9eea9ca58b7eb9d1b420e99b6/screenshot - {}
RESULT: {"using":"css selector","value":"#shell-header-logo"}
COMMAND: POST /session/b8a203b9eea9ca58b7eb9d1b420e99b6/execute/sync - {"script":"<script> [8489 bytes]","args":[{"element-6066-11e4-a52e-4f735466cecf":"f.C3D07913007EC519E918D4FD8EAE9792.d.6A646D071DB2E86F20CAC8C3EAA239F1.e.5094","ELEMENT":"f.C3D07913007EC519E918D4FD8EAE9792.d.6A646D071DB2E86F20CAC8C3EAA239F1.e.5094"}]}
RESULT: {}
RESULT: {"script":"<script> [8489 bytes]","args":[{"element-6066-11e4-a52e-4f735466cecf":"f.C3D07913007EC519E918D4FD8EAE9792.d.6A646D071DB2E86F20CAC8C3EAA239F1.e.5094","ELEMENT":"f.C3D07913007EC519E918D4FD8EAE9792.d.6A646D071DB2E86F20CAC8C3EAA239F1.e.5094"}]}
COMMAND: POST /session/b8a203b9eea9ca58b7eb9d1b420e99b6/execute/sync - {"script":"<script> [5351 bytes]","args":[{"element-6066-11e4-a52e-4f735466cecf":"f.C3D07913007EC519E918D4FD8EAE9792.d.6A646D071DB2E86F20CAC8C3EAA239F1.e.5094","ELEMENT":"f.C3D07913007EC519E918D4FD8EAE9792.d.6A646D071DB2E86F20CAC8C3EAA239F1.e.5094"}]}
COMMAND: GET /session/b8a203b9eea9ca58b7eb9d1b420e99b6/screenshot - {}
RESULT: {"script":"<script> [5351 bytes]","args":[{"element-6066-11e4-a52e-4f735466cecf":"f.C3D07913007EC519E918D4FD8EAE9792.d.6A646D071DB2E86F20CAC8C3EAA239F1.e.5094","ELEMENT":"f.C3D07913007EC519E918D4FD8EAE9792.d.6A646D071DB2E86F20CAC8C3EAA239F1.e.5094"}]}
COMMAND: POST /session/b8a203b9eea9ca58b7eb9d1b420e99b6/element - {"using":"css selector","value":"#shell-header-logo"}
COMMAND: GET /session/b8a203b9eea9ca58b7eb9d1b420e99b6/screenshot - {}
RESULT: {}
RESULT: {"using":"css selector","value":"#shell-header-logo"}
COMMAND: POST /session/b8a203b9eea9ca58b7eb9d1b420e99b6/element/f.C3D07913007EC519E918D4FD8EAE9792.d.6A646D071DB2E86F20CAC8C3EAA239F1.e.5094/click - {}
RESULT: {}
RESULT: {}
COMMAND: GET /session/b8a203b9eea9ca58b7eb9d1b420e99b6/screenshot - {}
RESULT: {}
COMMAND: POST /session/b8a203b9eea9ca58b7eb9d1b420e99b6/execute/async - {"script":"<script> [189 bytes]","args":[]}
RESULT: {"script":"<script> [189 bytes]","args":[]}
COMMAND: POST /session/b8a203b9eea9ca58b7eb9d1b420e99b6/execute/async - {"script":"<script> [123 bytes]","args":[]}
RESULT: {"script":"<script> [123 bytes]","args":[]}
COMMAND: POST /session/b8a203b9eea9ca58b7eb9d1b420e99b6/timeouts - {"script":"<number>"}
RESULT: {"script":"<number>"}
COMMAND: GET /session/b8a203b9eea9ca58b7eb9d1b420e99b6/timeouts - {}
RESULT: {}
RESULT: undefined
COMMAND: POST /session/b8a203b9eea9ca58b7eb9d1b420e99b6/execute/async - {"script":"<script> [2676 bytes]","args":[]}
RESULT: {"script":"<script> [2676 bytes]","args":[]}
COMMAND: POST /session/b8a203b9eea9ca58b7eb9d1b420e99b6/execute/async - {"script":"<script> [2342 bytes]","args":[{"protocol":"http","hostname":"0.0.0.0","path":"/","capabilities":{"browserName":"chrome","goog:chromeOptions":{"binary":"C:\\Program Files\\Google\\Chrome\\Application\\chrome.exe","args":["--start-maximized"]}},"logLevel":"warn","connectionRetryTimeout":120000,"connectionRetryCount":3,"logLevels":{},"enableDirectConnect":true,"strictSSL":true,"_":"65 more keys: [\"cacheDir\",\"port\",\"requestedCapabilities\",\"automationProtocol\",\"baseUrl\",\"waitforInterval\",\"waitforTimeout\",\"onReload\",\"beforeCommand\",\"afterCommand\",\"rootDir\",\"specs\",\"suites\",\"exclude\",\"groupLogsByTestSpec\",\"excludeDriverLogs\",\"bail\",\"framework\",\"reporters\",\"services\",\"maxInstances\",\"maxInstancesPerCapability\",\"injectGlobals\",\"filesToWatch\",\"execArgv\",\"runnerEnv\",\"runner\",\"shard\",\"specFileRetries\",\"specFileRetriesDelay\",\"specFileRetriesDeferred\",\"reporterSyncInterval\",\"reporterSyncTimeout\",\"cucumberFeaturesWithLineNumbers\",\"autoCompileOpts\",\"mochaOpts\",\"jasmineOpts\",\"cucumberOpts\",\"onPrepare\",\"onWorkerStart\",\"onWorkerEnd\",\"before\",\"beforeSession\",\"beforeSuite\",\"beforeHook\",\"beforeTest\",\"afterTest\",\"afterHook\",\"afterSuite\",\"afterSession\",\"after\",\"onComplete\",\"beforeAssertion\",\"afterAssertion\",\"beforeFeature\",\"beforeScenario\",\"beforeStep\",\"afterStep\",\"afterScenario\",\"afterFeature\",\"_\",\"suite\",\"$0\",\"ignoredWorkerServices\",\"wdi5\"]"}]}
RESULT: {"script":"<script> [2342 bytes]","args":[{"protocol":"http","hostname":"0.0.0.0","path":"/","capabilities":{"browserName":"chrome","goog:chromeOptions":{"binary":"C:\\Program Files\\Google\\Chrome\\Application\\chrome.exe","args":["--start-maximized"]}},"logLevel":"warn","connectionRetryTimeout":120000,"connectionRetryCount":3,"logLevels":{},"enableDirectConnect":true,"strictSSL":true,"_":"65 more keys: [\"cacheDir\",\"port\",\"requestedCapabilities\",\"automationProtocol\",\"baseUrl\",\"waitforInterval\",\"waitforTimeout\",\"onReload\",\"beforeCommand\",\"afterCommand\",\"rootDir\",\"specs\",\"suites\",\"exclude\",\"groupLogsByTestSpec\",\"excludeDriverLogs\",\"bail\",\"framework\",\"reporters\",\"services\",\"maxInstances\",\"maxInstancesPerCapability\",\"injectGlobals\",\"filesToWatch\",\"execArgv\",\"runnerEnv\",\"runner\",\"shard\",\"specFileRetries\",\"specFileRetriesDelay\",\"specFileRetriesDeferred\",\"reporterSyncInterval\",\"reporterSyncTimeout\",\"cucumberFeaturesWithLineNumbers\",\"autoCompileOpts\",\"mochaOpts\",\"jasmineOpts\",\"cucumberOpts\",\"onPrepare\",\"onWorkerStart\",\"onWorkerEnd\",\"before\",\"beforeSession\",\"beforeSuite\",\"beforeHook\",\"beforeTest\",\"afterTest\",\"afterHook\",\"afterSuite\",\"afterSession\",\"after\",\"onComplete\",\"beforeAssertion\",\"afterAssertion\",\"beforeFeature\",\"beforeScenario\",\"beforeStep\",\"afterStep\",\"afterScenario\",\"afterFeature\",\"_\",\"suite\",\"$0\",\"ignoredWorkerServices\",\"wdi5\"]"}]}
COMMAND: POST /session/b8a203b9eea9ca58b7eb9d1b420e99b6/execute/async - {"script":"<script> [21126 bytes]","args":[35000]}
RESULT: {"script":"<script> [21126 bytes]","args":[35000]}
COMMAND: POST /session/b8a203b9eea9ca58b7eb9d1b420e99b6/window/maximize - {}
RESULT: {}
COMMAND: POST /session/b8a203b9eea9ca58b7eb9d1b420e99b6/execute/async - {"script":"<script> [1562 bytes]","args":[{"selector":{"id":"shell-header","interaction":{"idSuffix":"icon"}},"wdio_ui5_key":"shellheader"}]}
COMMAND: GET /session/b8a203b9eea9ca58b7eb9d1b420e99b6/screenshot - {}
RESULT: {"script":"<script> [1562 bytes]","args":[{"selector":{"id":"shell-header","interaction":{"idSuffix":"icon"}},"wdio_ui5_key":"shellheader"}]}
RESULT: undefined
RESULT: {}
COMMAND: POST /session/b8a203b9eea9ca58b7eb9d1b420e99b6/execute/async - {"script":"<script> [1562 bytes]","args":[{"selector":{"controlType":"sap.m.Title","i18NText":{"propertyName":"text","key":"dataCollectionAgreement"},"searchOpenDialogs":true},"wdio_ui5_key":"sapm.Title{\"propertyName\":\"text\",\"key\":\"dataCollectionAgreement\"}"}]}
RESULT: {"script":"<script> [1562 bytes]","args":[{"selector":{"controlType":"sap.m.Title","i18NText":{"propertyName":"text","key":"dataCollectionAgreement"},"searchOpenDialogs":true},"wdio_ui5_key":"sapm.Title{\"propertyName\":\"text\",\"key\":\"dataCollectionAgreement\"}"}]}
RESULT: undefined
COMMAND: POST /session/b8a203b9eea9ca58b7eb9d1b420e99b6/execute/async - {"script":"<script> [1562 bytes]","args":[{"selector":{"controlType":"sap.m.GenericTile","properties":{"header":"Manage Resources"}},"wdio_ui5_key":"sapm.GenericTile{\"header\":\"Manage Resources\"}"}]}
RESULT: {"script":"<script> [1562 bytes]","args":[{"selector":{"controlType":"sap.m.GenericTile","properties":{"header":"Manage Resources"}},"wdio_ui5_key":"sapm.GenericTile{\"header\":\"Manage Resources\"}"}]}
RESULT: undefined
COMMAND: POST /session/b8a203b9eea9ca58b7eb9d1b420e99b6/element - {"using":"xpath","value":"//*[@id=\"__tile31\"]"}
RESULT: {"using":"xpath","value":"//*[@id=\"__tile31\"]"}
COMMAND: POST /session/b8a203b9eea9ca58b7eb9d1b420e99b6/element/f.C3D07913007EC519E918D4FD8EAE9792.d.6A646D071DB2E86F20CAC8C3EAA239F1.e.5115/click - {}
RESULT: {}
COMMAND: GET /session/b8a203b9eea9ca58b7eb9d1b420e99b6/screenshot - {}
RESULT: {}
COMMAND: POST /session/b8a203b9eea9ca58b7eb9d1b420e99b6/elements - {"using":"xpath","value":"//span[text()='Error']"}
RESULT: {"using":"xpath","value":"//span[text()='Error']"}
]]></system-out>
    </testcase>
  </testsuite>
  <testsuite timestamp="2025-06-04T15:33:16" time="570.996" tests="2" failures="0" errors="0" skipped="0">
    <properties>
      <property name="specId" value="0" />
      <property name="suiteName" value="Create 2 RU material US118246" />
      <property name="capabilities" value="chrome.137_0_7151_56.windows" />
      <property name="file" value="file:///D:/a/1/s/test/specs/R2C/create-material.spec.js" />
    </properties>
    <testcase classname="chrome.137_0_7151_56.windows.Create_2_RU_material_US118246" name="Create material" time="256.177">
      <system-out><![CDATA[
COMMAND: POST /session/b8a203b9eea9ca58b7eb9d1b420e99b6/element - {"using":"xpath","value":"//button[@data-kt=\"addNewRUOverflowToolbarButton\"]"}
RESULT: {"using":"xpath","value":"//button[@data-kt=\"addNewRUOverflowToolbarButton\"]"}
COMMAND: POST /session/b8a203b9eea9ca58b7eb9d1b420e99b6/execute/sync - {"script":"<script> [8489 bytes]","args":[{"element-6066-11e4-a52e-4f735466cecf":"f.C3D07913007EC519E918D4FD8EAE9792.d.6A646D071DB2E86F20CAC8C3EAA239F1.e.5254","ELEMENT":"f.C3D07913007EC519E918D4FD8EAE9792.d.6A646D071DB2E86F20CAC8C3EAA239F1.e.5254"}]}
RESULT: {"script":"<script> [8489 bytes]","args":[{"element-6066-11e4-a52e-4f735466cecf":"f.C3D07913007EC519E918D4FD8EAE9792.d.6A646D071DB2E86F20CAC8C3EAA239F1.e.5254","ELEMENT":"f.C3D07913007EC519E918D4FD8EAE9792.d.6A646D071DB2E86F20CAC8C3EAA239F1.e.5254"}]}
COMMAND: POST /session/b8a203b9eea9ca58b7eb9d1b420e99b6/element/f.C3D07913007EC519E918D4FD8EAE9792.d.6A646D071DB2E86F20CAC8C3EAA239F1.e.5254/click - {}
COMMAND: GET /session/b8a203b9eea9ca58b7eb9d1b420e99b6/screenshot - {}
RESULT: {}
COMMAND: GET /session/b8a203b9eea9ca58b7eb9d1b420e99b6/screenshot - {}
RESULT: {}
COMMAND: POST /session/b8a203b9eea9ca58b7eb9d1b420e99b6/execute/async - {"script":"<script> [1562 bytes]","args":[{"selector":{"controlType":"sap.m.ComboBox","viewName":"reusables.view.manageresources.NewResourceUnit","viewId":"application-manageresources-display-component---newResourceUnit","bindingPath":{"path":"","propertyPath":"/RuTypes","modelName":"catalogModel"},"searchOpenDialogs":true},"wdio_ui5_key":"reusablesview.manageresources.NewResourceUnitsap.m.ComboBox{\"path\":\"\",\"propertyPath\":\"/RuTypes\",\"modelName\":\"catalogModel\"}"}]}
RESULT: {}
RESULT: {"script":"<script> [1562 bytes]","args":[{"selector":{"controlType":"sap.m.ComboBox","viewName":"reusables.view.manageresources.NewResourceUnit","viewId":"application-manageresources-display-component---newResourceUnit","bindingPath":{"path":"","propertyPath":"/RuTypes","modelName":"catalogModel"},"searchOpenDialogs":true},"wdio_ui5_key":"reusablesview.manageresources.NewResourceUnitsap.m.ComboBox{\"path\":\"\",\"propertyPath\":\"/RuTypes\",\"modelName\":\"catalogModel\"}"}]}
RESULT: undefined
COMMAND: POST /session/b8a203b9eea9ca58b7eb9d1b420e99b6/execute/async - {"script":"<script> [1562 bytes]","args":[{"selector":{"controlType":"sap.m.ComboBox","viewName":"reusables.view.manageresources.NewResourceUnit","viewId":"application-manageresources-display-component---newResourceUnit","bindingPath":{"path":"","propertyPath":"/Yards","modelName":"catalogModel"},"searchOpenDialogs":true},"wdio_ui5_key":"reusablesview.manageresources.NewResourceUnitsap.m.ComboBox{\"path\":\"\",\"propertyPath\":\"/Yards\",\"modelName\":\"catalogModel\"}"}]}
RESULT: {"script":"<script> [1562 bytes]","args":[{"selector":{"controlType":"sap.m.ComboBox","viewName":"reusables.view.manageresources.NewResourceUnit","viewId":"application-manageresources-display-component---newResourceUnit","bindingPath":{"path":"","propertyPath":"/Yards","modelName":"catalogModel"},"searchOpenDialogs":true},"wdio_ui5_key":"reusablesview.manageresources.NewResourceUnitsap.m.ComboBox{\"path\":\"\",\"propertyPath\":\"/Yards\",\"modelName\":\"catalogModel\"}"}]}
RESULT: undefined
COMMAND: POST /session/b8a203b9eea9ca58b7eb9d1b420e99b6/execute/async - {"script":"<script> [1562 bytes]","args":[{"selector":{"controlType":"etm.portal.ui.reusables.customControls.LiveSearchComboBox","viewName":"reusables.view.manageresources.NewResourceUnit","viewId":"application-manageresources-display-component---newResourceUnit","bindingPath":{"path":"","propertyPath":"/CatalogItems","modelName":"catalogModel"},"searchOpenDialogs":true},"wdio_ui5_key":"reusablesview.manageresources.NewResourceUnitetm.portal.ui.reusables.customControls.LiveSearchComboBox{\"path\":\"\",\"propertyPath\":\"/CatalogItems\",\"modelName\":\"catalogModel\"}"}]}
RESULT: {"script":"<script> [1562 bytes]","args":[{"selector":{"controlType":"etm.portal.ui.reusables.customControls.LiveSearchComboBox","viewName":"reusables.view.manageresources.NewResourceUnit","viewId":"application-manageresources-display-component---newResourceUnit","bindingPath":{"path":"","propertyPath":"/CatalogItems","modelName":"catalogModel"},"searchOpenDialogs":true},"wdio_ui5_key":"reusablesview.manageresources.NewResourceUnitetm.portal.ui.reusables.customControls.LiveSearchComboBox{\"path\":\"\",\"propertyPath\":\"/CatalogItems\",\"modelName\":\"catalogModel\"}"}]}
RESULT: undefined
COMMAND: POST /session/b8a203b9eea9ca58b7eb9d1b420e99b6/element - {"using":"xpath","value":"//bdi[text()=\"OK\"]"}
RESULT: {"using":"xpath","value":"//bdi[text()=\"OK\"]"}
COMMAND: POST /session/b8a203b9eea9ca58b7eb9d1b420e99b6/elements - {"using":"xpath","value":"//bdi[text()=\"OK\"]"}
RESULT: {"using":"xpath","value":"//bdi[text()=\"OK\"]"}
COMMAND: POST /session/b8a203b9eea9ca58b7eb9d1b420e99b6/elements - {"using":"xpath","value":"//bdi[text()=\"OK\"]"}
RESULT: {"using":"xpath","value":"//bdi[text()=\"OK\"]"}
COMMAND: POST /session/b8a203b9eea9ca58b7eb9d1b420e99b6/elements - {"using":"xpath","value":"//bdi[text()=\"OK\"]"}
RESULT: {"using":"xpath","value":"//bdi[text()=\"OK\"]"}
COMMAND: POST /session/b8a203b9eea9ca58b7eb9d1b420e99b6/elements - {"using":"xpath","value":"//bdi[text()=\"OK\"]"}
RESULT: {"using":"xpath","value":"//bdi[text()=\"OK\"]"}
COMMAND: POST /session/b8a203b9eea9ca58b7eb9d1b420e99b6/elements - {"using":"xpath","value":"//bdi[text()=\"OK\"]"}
RESULT: {"using":"xpath","value":"//bdi[text()=\"OK\"]"}
COMMAND: POST /session/b8a203b9eea9ca58b7eb9d1b420e99b6/elements - {"using":"xpath","value":"//bdi[text()=\"OK\"]"}
RESULT: {"using":"xpath","value":"//bdi[text()=\"OK\"]"}
COMMAND: POST /session/b8a203b9eea9ca58b7eb9d1b420e99b6/elements - {"using":"xpath","value":"//bdi[text()=\"OK\"]"}
RESULT: {"using":"xpath","value":"//bdi[text()=\"OK\"]"}
COMMAND: POST /session/b8a203b9eea9ca58b7eb9d1b420e99b6/elements - {"using":"xpath","value":"//bdi[text()=\"OK\"]"}
RESULT: {"using":"xpath","value":"//bdi[text()=\"OK\"]"}
COMMAND: POST /session/b8a203b9eea9ca58b7eb9d1b420e99b6/elements - {"using":"xpath","value":"//bdi[text()=\"OK\"]"}
RESULT: {"using":"xpath","value":"//bdi[text()=\"OK\"]"}
COMMAND: POST /session/b8a203b9eea9ca58b7eb9d1b420e99b6/elements - {"using":"xpath","value":"//bdi[text()=\"OK\"]"}
RESULT: {"using":"xpath","value":"//bdi[text()=\"OK\"]"}
COMMAND: POST /session/b8a203b9eea9ca58b7eb9d1b420e99b6/elements - {"using":"xpath","value":"//bdi[text()=\"OK\"]"}
RESULT: {"using":"xpath","value":"//bdi[text()=\"OK\"]"}
COMMAND: POST /session/b8a203b9eea9ca58b7eb9d1b420e99b6/elements - {"using":"xpath","value":"//bdi[text()=\"OK\"]"}
RESULT: {"using":"xpath","value":"//bdi[text()=\"OK\"]"}
COMMAND: POST /session/b8a203b9eea9ca58b7eb9d1b420e99b6/elements - {"using":"xpath","value":"//bdi[text()=\"OK\"]"}
RESULT: {"using":"xpath","value":"//bdi[text()=\"OK\"]"}
COMMAND: POST /session/b8a203b9eea9ca58b7eb9d1b420e99b6/elements - {"using":"xpath","value":"//bdi[text()=\"OK\"]"}
RESULT: {"using":"xpath","value":"//bdi[text()=\"OK\"]"}
COMMAND: POST /session/b8a203b9eea9ca58b7eb9d1b420e99b6/elements - {"using":"xpath","value":"//bdi[text()=\"OK\"]"}
RESULT: {"using":"xpath","value":"//bdi[text()=\"OK\"]"}
COMMAND: POST /session/b8a203b9eea9ca58b7eb9d1b420e99b6/elements - {"using":"xpath","value":"//bdi[text()=\"OK\"]"}
RESULT: {"using":"xpath","value":"//bdi[text()=\"OK\"]"}
COMMAND: POST /session/b8a203b9eea9ca58b7eb9d1b420e99b6/elements - {"using":"xpath","value":"//bdi[text()=\"OK\"]"}
RESULT: {"using":"xpath","value":"//bdi[text()=\"OK\"]"}
COMMAND: POST /session/b8a203b9eea9ca58b7eb9d1b420e99b6/elements - {"using":"xpath","value":"//bdi[text()=\"OK\"]"}
RESULT: {"using":"xpath","value":"//bdi[text()=\"OK\"]"}
COMMAND: POST /session/b8a203b9eea9ca58b7eb9d1b420e99b6/elements - {"using":"xpath","value":"//bdi[text()=\"OK\"]"}
RESULT: {"using":"xpath","value":"//bdi[text()=\"OK\"]"}
COMMAND: POST /session/b8a203b9eea9ca58b7eb9d1b420e99b6/elements - {"using":"xpath","value":"//bdi[text()=\"OK\"]"}
RESULT: {"using":"xpath","value":"//bdi[text()=\"OK\"]"}
COMMAND: POST /session/b8a203b9eea9ca58b7eb9d1b420e99b6/elements - {"using":"xpath","value":"//bdi[text()=\"OK\"]"}
RESULT: {"using":"xpath","value":"//bdi[text()=\"OK\"]"}
COMMAND: POST /session/b8a203b9eea9ca58b7eb9d1b420e99b6/elements - {"using":"xpath","value":"//bdi[text()=\"OK\"]"}
RESULT: {"using":"xpath","value":"//bdi[text()=\"OK\"]"}
COMMAND: POST /session/b8a203b9eea9ca58b7eb9d1b420e99b6/elements - {"using":"xpath","value":"//bdi[text()=\"OK\"]"}
RESULT: {"using":"xpath","value":"//bdi[text()=\"OK\"]"}
COMMAND: POST /session/b8a203b9eea9ca58b7eb9d1b420e99b6/elements - {"using":"xpath","value":"//bdi[text()=\"OK\"]"}
RESULT: {"using":"xpath","value":"//bdi[text()=\"OK\"]"}
COMMAND: POST /session/b8a203b9eea9ca58b7eb9d1b420e99b6/elements - {"using":"xpath","value":"//bdi[text()=\"OK\"]"}
RESULT: {"using":"xpath","value":"//bdi[text()=\"OK\"]"}
COMMAND: POST /session/b8a203b9eea9ca58b7eb9d1b420e99b6/elements - {"using":"xpath","value":"//bdi[text()=\"OK\"]"}
RESULT: {"using":"xpath","value":"//bdi[text()=\"OK\"]"}
COMMAND: POST /session/b8a203b9eea9ca58b7eb9d1b420e99b6/elements - {"using":"xpath","value":"//bdi[text()=\"OK\"]"}
RESULT: {"using":"xpath","value":"//bdi[text()=\"OK\"]"}
COMMAND: POST /session/b8a203b9eea9ca58b7eb9d1b420e99b6/elements - {"using":"xpath","value":"//bdi[text()=\"OK\"]"}
RESULT: {"using":"xpath","value":"//bdi[text()=\"OK\"]"}
COMMAND: POST /session/b8a203b9eea9ca58b7eb9d1b420e99b6/elements - {"using":"xpath","value":"//bdi[text()=\"OK\"]"}
RESULT: {"using":"xpath","value":"//bdi[text()=\"OK\"]"}
COMMAND: POST /session/b8a203b9eea9ca58b7eb9d1b420e99b6/elements - {"using":"xpath","value":"//bdi[text()=\"OK\"]"}
RESULT: {"using":"xpath","value":"//bdi[text()=\"OK\"]"}
COMMAND: POST /session/b8a203b9eea9ca58b7eb9d1b420e99b6/elements - {"using":"xpath","value":"//bdi[text()=\"OK\"]"}
RESULT: {"using":"xpath","value":"//bdi[text()=\"OK\"]"}
COMMAND: POST /session/b8a203b9eea9ca58b7eb9d1b420e99b6/elements - {"using":"xpath","value":"//bdi[text()=\"OK\"]"}
RESULT: {"using":"xpath","value":"//bdi[text()=\"OK\"]"}
COMMAND: POST /session/b8a203b9eea9ca58b7eb9d1b420e99b6/elements - {"using":"xpath","value":"//bdi[text()=\"OK\"]"}
RESULT: {"using":"xpath","value":"//bdi[text()=\"OK\"]"}
COMMAND: POST /session/b8a203b9eea9ca58b7eb9d1b420e99b6/elements - {"using":"xpath","value":"//bdi[text()=\"OK\"]"}
RESULT: {"using":"xpath","value":"//bdi[text()=\"OK\"]"}
COMMAND: POST /session/b8a203b9eea9ca58b7eb9d1b420e99b6/elements - {"using":"xpath","value":"//bdi[text()=\"OK\"]"}
RESULT: {"using":"xpath","value":"//bdi[text()=\"OK\"]"}
COMMAND: POST /session/b8a203b9eea9ca58b7eb9d1b420e99b6/elements - {"using":"xpath","value":"//bdi[text()=\"OK\"]"}
RESULT: {"using":"xpath","value":"//bdi[text()=\"OK\"]"}
COMMAND: POST /session/b8a203b9eea9ca58b7eb9d1b420e99b6/elements - {"using":"xpath","value":"//bdi[text()=\"OK\"]"}
RESULT: {"using":"xpath","value":"//bdi[text()=\"OK\"]"}
COMMAND: POST /session/b8a203b9eea9ca58b7eb9d1b420e99b6/elements - {"using":"xpath","value":"//bdi[text()=\"OK\"]"}
RESULT: {"using":"xpath","value":"//bdi[text()=\"OK\"]"}
COMMAND: POST /session/b8a203b9eea9ca58b7eb9d1b420e99b6/elements - {"using":"xpath","value":"//bdi[text()=\"OK\"]"}
RESULT: {"using":"xpath","value":"//bdi[text()=\"OK\"]"}
COMMAND: POST /session/b8a203b9eea9ca58b7eb9d1b420e99b6/elements - {"using":"xpath","value":"//bdi[text()=\"OK\"]"}
RESULT: {"using":"xpath","value":"//bdi[text()=\"OK\"]"}
COMMAND: POST /session/b8a203b9eea9ca58b7eb9d1b420e99b6/elements - {"using":"xpath","value":"//bdi[text()=\"OK\"]"}
RESULT: {"using":"xpath","value":"//bdi[text()=\"OK\"]"}
COMMAND: POST /session/b8a203b9eea9ca58b7eb9d1b420e99b6/elements - {"using":"xpath","value":"//bdi[text()=\"OK\"]"}
RESULT: {"using":"xpath","value":"//bdi[text()=\"OK\"]"}
COMMAND: POST /session/b8a203b9eea9ca58b7eb9d1b420e99b6/elements - {"using":"xpath","value":"//bdi[text()=\"OK\"]"}
RESULT: {"using":"xpath","value":"//bdi[text()=\"OK\"]"}
COMMAND: POST /session/b8a203b9eea9ca58b7eb9d1b420e99b6/elements - {"using":"xpath","value":"//bdi[text()=\"OK\"]"}
RESULT: {"using":"xpath","value":"//bdi[text()=\"OK\"]"}
COMMAND: POST /session/b8a203b9eea9ca58b7eb9d1b420e99b6/elements - {"using":"xpath","value":"//bdi[text()=\"OK\"]"}
RESULT: {"using":"xpath","value":"//bdi[text()=\"OK\"]"}
COMMAND: POST /session/b8a203b9eea9ca58b7eb9d1b420e99b6/elements - {"using":"xpath","value":"//bdi[text()=\"OK\"]"}
RESULT: {"using":"xpath","value":"//bdi[text()=\"OK\"]"}
COMMAND: POST /session/b8a203b9eea9ca58b7eb9d1b420e99b6/elements - {"using":"xpath","value":"//bdi[text()=\"OK\"]"}
RESULT: {"using":"xpath","value":"//bdi[text()=\"OK\"]"}
COMMAND: POST /session/b8a203b9eea9ca58b7eb9d1b420e99b6/elements - {"using":"xpath","value":"//bdi[text()=\"OK\"]"}
RESULT: {"using":"xpath","value":"//bdi[text()=\"OK\"]"}
COMMAND: POST /session/b8a203b9eea9ca58b7eb9d1b420e99b6/elements - {"using":"xpath","value":"//bdi[text()=\"OK\"]"}
RESULT: {"using":"xpath","value":"//bdi[text()=\"OK\"]"}
COMMAND: POST /session/b8a203b9eea9ca58b7eb9d1b420e99b6/elements - {"using":"xpath","value":"//bdi[text()=\"OK\"]"}
RESULT: {"using":"xpath","value":"//bdi[text()=\"OK\"]"}
COMMAND: POST /session/b8a203b9eea9ca58b7eb9d1b420e99b6/elements - {"using":"xpath","value":"//bdi[text()=\"OK\"]"}
RESULT: {"using":"xpath","value":"//bdi[text()=\"OK\"]"}
COMMAND: POST /session/b8a203b9eea9ca58b7eb9d1b420e99b6/elements - {"using":"xpath","value":"//bdi[text()=\"OK\"]"}
RESULT: {"using":"xpath","value":"//bdi[text()=\"OK\"]"}
COMMAND: POST /session/b8a203b9eea9ca58b7eb9d1b420e99b6/elements - {"using":"xpath","value":"//bdi[text()=\"OK\"]"}
RESULT: {"using":"xpath","value":"//bdi[text()=\"OK\"]"}
COMMAND: POST /session/b8a203b9eea9ca58b7eb9d1b420e99b6/elements - {"using":"xpath","value":"//bdi[text()=\"OK\"]"}
RESULT: {"using":"xpath","value":"//bdi[text()=\"OK\"]"}
COMMAND: POST /session/b8a203b9eea9ca58b7eb9d1b420e99b6/elements - {"using":"xpath","value":"//bdi[text()=\"OK\"]"}
RESULT: {"using":"xpath","value":"//bdi[text()=\"OK\"]"}
COMMAND: POST /session/b8a203b9eea9ca58b7eb9d1b420e99b6/elements - {"using":"xpath","value":"//bdi[text()=\"OK\"]"}
RESULT: {"using":"xpath","value":"//bdi[text()=\"OK\"]"}
COMMAND: POST /session/b8a203b9eea9ca58b7eb9d1b420e99b6/elements - {"using":"xpath","value":"//bdi[text()=\"OK\"]"}
RESULT: {"using":"xpath","value":"//bdi[text()=\"OK\"]"}
COMMAND: POST /session/b8a203b9eea9ca58b7eb9d1b420e99b6/elements - {"using":"xpath","value":"//bdi[text()=\"OK\"]"}
RESULT: {"using":"xpath","value":"//bdi[text()=\"OK\"]"}
COMMAND: POST /session/b8a203b9eea9ca58b7eb9d1b420e99b6/elements - {"using":"xpath","value":"//bdi[text()=\"OK\"]"}
RESULT: {"using":"xpath","value":"//bdi[text()=\"OK\"]"}
COMMAND: POST /session/b8a203b9eea9ca58b7eb9d1b420e99b6/elements - {"using":"xpath","value":"//bdi[text()=\"OK\"]"}
RESULT: {"using":"xpath","value":"//bdi[text()=\"OK\"]"}
COMMAND: POST /session/b8a203b9eea9ca58b7eb9d1b420e99b6/elements - {"using":"xpath","value":"//bdi[text()=\"OK\"]"}
RESULT: {"using":"xpath","value":"//bdi[text()=\"OK\"]"}
COMMAND: POST /session/b8a203b9eea9ca58b7eb9d1b420e99b6/elements - {"using":"xpath","value":"//bdi[text()=\"OK\"]"}
RESULT: {"using":"xpath","value":"//bdi[text()=\"OK\"]"}
COMMAND: POST /session/b8a203b9eea9ca58b7eb9d1b420e99b6/elements - {"using":"xpath","value":"//bdi[text()=\"OK\"]"}
RESULT: {"using":"xpath","value":"//bdi[text()=\"OK\"]"}
COMMAND: POST /session/b8a203b9eea9ca58b7eb9d1b420e99b6/elements - {"using":"xpath","value":"//bdi[text()=\"OK\"]"}
RESULT: {"using":"xpath","value":"//bdi[text()=\"OK\"]"}
COMMAND: POST /session/b8a203b9eea9ca58b7eb9d1b420e99b6/elements - {"using":"xpath","value":"//bdi[text()=\"OK\"]"}
RESULT: {"using":"xpath","value":"//bdi[text()=\"OK\"]"}
COMMAND: POST /session/b8a203b9eea9ca58b7eb9d1b420e99b6/elements - {"using":"xpath","value":"//bdi[text()=\"OK\"]"}
RESULT: {"using":"xpath","value":"//bdi[text()=\"OK\"]"}
COMMAND: POST /session/b8a203b9eea9ca58b7eb9d1b420e99b6/elements - {"using":"xpath","value":"//bdi[text()=\"OK\"]"}
RESULT: {"using":"xpath","value":"//bdi[text()=\"OK\"]"}
COMMAND: POST /session/b8a203b9eea9ca58b7eb9d1b420e99b6/elements - {"using":"xpath","value":"//bdi[text()=\"OK\"]"}
RESULT: {"using":"xpath","value":"//bdi[text()=\"OK\"]"}
COMMAND: POST /session/b8a203b9eea9ca58b7eb9d1b420e99b6/elements - {"using":"xpath","value":"//bdi[text()=\"OK\"]"}
RESULT: {"using":"xpath","value":"//bdi[text()=\"OK\"]"}
COMMAND: POST /session/b8a203b9eea9ca58b7eb9d1b420e99b6/elements - {"using":"xpath","value":"//bdi[text()=\"OK\"]"}
RESULT: {"using":"xpath","value":"//bdi[text()=\"OK\"]"}
COMMAND: POST /session/b8a203b9eea9ca58b7eb9d1b420e99b6/elements - {"using":"xpath","value":"//bdi[text()=\"OK\"]"}
RESULT: {"using":"xpath","value":"//bdi[text()=\"OK\"]"}
COMMAND: POST /session/b8a203b9eea9ca58b7eb9d1b420e99b6/elements - {"using":"xpath","value":"//bdi[text()=\"OK\"]"}
RESULT: {"using":"xpath","value":"//bdi[text()=\"OK\"]"}
COMMAND: POST /session/b8a203b9eea9ca58b7eb9d1b420e99b6/elements - {"using":"xpath","value":"//bdi[text()=\"OK\"]"}
RESULT: {"using":"xpath","value":"//bdi[text()=\"OK\"]"}
COMMAND: POST /session/b8a203b9eea9ca58b7eb9d1b420e99b6/elements - {"using":"xpath","value":"//bdi[text()=\"OK\"]"}
RESULT: {"using":"xpath","value":"//bdi[text()=\"OK\"]"}
COMMAND: POST /session/b8a203b9eea9ca58b7eb9d1b420e99b6/elements - {"using":"xpath","value":"//bdi[text()=\"OK\"]"}
RESULT: {"using":"xpath","value":"//bdi[text()=\"OK\"]"}
COMMAND: POST /session/b8a203b9eea9ca58b7eb9d1b420e99b6/elements - {"using":"xpath","value":"//bdi[text()=\"OK\"]"}
RESULT: {"using":"xpath","value":"//bdi[text()=\"OK\"]"}
COMMAND: POST /session/b8a203b9eea9ca58b7eb9d1b420e99b6/elements - {"using":"xpath","value":"//bdi[text()=\"OK\"]"}
RESULT: {"using":"xpath","value":"//bdi[text()=\"OK\"]"}
COMMAND: POST /session/b8a203b9eea9ca58b7eb9d1b420e99b6/elements - {"using":"xpath","value":"//bdi[text()=\"OK\"]"}
RESULT: {"using":"xpath","value":"//bdi[text()=\"OK\"]"}
COMMAND: POST /session/b8a203b9eea9ca58b7eb9d1b420e99b6/elements - {"using":"xpath","value":"//bdi[text()=\"OK\"]"}
RESULT: {"using":"xpath","value":"//bdi[text()=\"OK\"]"}
COMMAND: POST /session/b8a203b9eea9ca58b7eb9d1b420e99b6/elements - {"using":"xpath","value":"//bdi[text()=\"OK\"]"}
RESULT: {"using":"xpath","value":"//bdi[text()=\"OK\"]"}
COMMAND: POST /session/b8a203b9eea9ca58b7eb9d1b420e99b6/elements - {"using":"xpath","value":"//bdi[text()=\"OK\"]"}
RESULT: {"using":"xpath","value":"//bdi[text()=\"OK\"]"}
COMMAND: POST /session/b8a203b9eea9ca58b7eb9d1b420e99b6/elements - {"using":"xpath","value":"//bdi[text()=\"OK\"]"}
RESULT: {"using":"xpath","value":"//bdi[text()=\"OK\"]"}
COMMAND: POST /session/b8a203b9eea9ca58b7eb9d1b420e99b6/elements - {"using":"xpath","value":"//bdi[text()=\"OK\"]"}
RESULT: {"using":"xpath","value":"//bdi[text()=\"OK\"]"}
COMMAND: POST /session/b8a203b9eea9ca58b7eb9d1b420e99b6/elements - {"using":"xpath","value":"//bdi[text()=\"OK\"]"}
RESULT: {"using":"xpath","value":"//bdi[text()=\"OK\"]"}
COMMAND: POST /session/b8a203b9eea9ca58b7eb9d1b420e99b6/elements - {"using":"xpath","value":"//bdi[text()=\"OK\"]"}
RESULT: {"using":"xpath","value":"//bdi[text()=\"OK\"]"}
COMMAND: POST /session/b8a203b9eea9ca58b7eb9d1b420e99b6/elements - {"using":"xpath","value":"//bdi[text()=\"OK\"]"}
RESULT: {"using":"xpath","value":"//bdi[text()=\"OK\"]"}
COMMAND: POST /session/b8a203b9eea9ca58b7eb9d1b420e99b6/elements - {"using":"xpath","value":"//bdi[text()=\"OK\"]"}
RESULT: {"using":"xpath","value":"//bdi[text()=\"OK\"]"}
COMMAND: POST /session/b8a203b9eea9ca58b7eb9d1b420e99b6/elements - {"using":"xpath","value":"//bdi[text()=\"OK\"]"}
RESULT: {"using":"xpath","value":"//bdi[text()=\"OK\"]"}
COMMAND: POST /session/b8a203b9eea9ca58b7eb9d1b420e99b6/elements - {"using":"xpath","value":"//bdi[text()=\"OK\"]"}
RESULT: {"using":"xpath","value":"//bdi[text()=\"OK\"]"}
COMMAND: POST /session/b8a203b9eea9ca58b7eb9d1b420e99b6/elements - {"using":"xpath","value":"//bdi[text()=\"OK\"]"}
RESULT: {"using":"xpath","value":"//bdi[text()=\"OK\"]"}
COMMAND: POST /session/b8a203b9eea9ca58b7eb9d1b420e99b6/elements - {"using":"xpath","value":"//bdi[text()=\"OK\"]"}
RESULT: {"using":"xpath","value":"//bdi[text()=\"OK\"]"}
COMMAND: POST /session/b8a203b9eea9ca58b7eb9d1b420e99b6/elements - {"using":"xpath","value":"//bdi[text()=\"OK\"]"}
RESULT: {"using":"xpath","value":"//bdi[text()=\"OK\"]"}
COMMAND: POST /session/b8a203b9eea9ca58b7eb9d1b420e99b6/elements - {"using":"xpath","value":"//bdi[text()=\"OK\"]"}
RESULT: {"using":"xpath","value":"//bdi[text()=\"OK\"]"}
COMMAND: POST /session/b8a203b9eea9ca58b7eb9d1b420e99b6/elements - {"using":"xpath","value":"//bdi[text()=\"OK\"]"}
RESULT: {"using":"xpath","value":"//bdi[text()=\"OK\"]"}
COMMAND: POST /session/b8a203b9eea9ca58b7eb9d1b420e99b6/elements - {"using":"xpath","value":"//bdi[text()=\"OK\"]"}
RESULT: {"using":"xpath","value":"//bdi[text()=\"OK\"]"}
COMMAND: POST /session/b8a203b9eea9ca58b7eb9d1b420e99b6/elements - {"using":"xpath","value":"//bdi[text()=\"OK\"]"}
RESULT: {"using":"xpath","value":"//bdi[text()=\"OK\"]"}
COMMAND: POST /session/b8a203b9eea9ca58b7eb9d1b420e99b6/elements - {"using":"xpath","value":"//bdi[text()=\"OK\"]"}
RESULT: {"using":"xpath","value":"//bdi[text()=\"OK\"]"}
COMMAND: POST /session/b8a203b9eea9ca58b7eb9d1b420e99b6/elements - {"using":"xpath","value":"//bdi[text()=\"OK\"]"}
RESULT: {"using":"xpath","value":"//bdi[text()=\"OK\"]"}
COMMAND: POST /session/b8a203b9eea9ca58b7eb9d1b420e99b6/elements - {"using":"xpath","value":"//bdi[text()=\"OK\"]"}
RESULT: {"using":"xpath","value":"//bdi[text()=\"OK\"]"}
COMMAND: POST /session/b8a203b9eea9ca58b7eb9d1b420e99b6/elements - {"using":"xpath","value":"//bdi[text()=\"OK\"]"}
RESULT: {"using":"xpath","value":"//bdi[text()=\"OK\"]"}
COMMAND: POST /session/b8a203b9eea9ca58b7eb9d1b420e99b6/elements - {"using":"xpath","value":"//bdi[text()=\"OK\"]"}
RESULT: {"using":"xpath","value":"//bdi[text()=\"OK\"]"}
COMMAND: POST /session/b8a203b9eea9ca58b7eb9d1b420e99b6/elements - {"using":"xpath","value":"//bdi[text()=\"OK\"]"}
RESULT: {"using":"xpath","value":"//bdi[text()=\"OK\"]"}
COMMAND: POST /session/b8a203b9eea9ca58b7eb9d1b420e99b6/elements - {"using":"xpath","value":"//bdi[text()=\"OK\"]"}
RESULT: {"using":"xpath","value":"//bdi[text()=\"OK\"]"}
COMMAND: POST /session/b8a203b9eea9ca58b7eb9d1b420e99b6/elements - {"using":"xpath","value":"//bdi[text()=\"OK\"]"}
RESULT: {"using":"xpath","value":"//bdi[text()=\"OK\"]"}
COMMAND: POST /session/b8a203b9eea9ca58b7eb9d1b420e99b6/elements - {"using":"xpath","value":"//bdi[text()=\"OK\"]"}
RESULT: {"using":"xpath","value":"//bdi[text()=\"OK\"]"}
COMMAND: POST /session/b8a203b9eea9ca58b7eb9d1b420e99b6/elements - {"using":"xpath","value":"//bdi[text()=\"OK\"]"}
RESULT: {"using":"xpath","value":"//bdi[text()=\"OK\"]"}
COMMAND: POST /session/b8a203b9eea9ca58b7eb9d1b420e99b6/elements - {"using":"xpath","value":"//bdi[text()=\"OK\"]"}
RESULT: {"using":"xpath","value":"//bdi[text()=\"OK\"]"}
COMMAND: POST /session/b8a203b9eea9ca58b7eb9d1b420e99b6/elements - {"using":"xpath","value":"//bdi[text()=\"OK\"]"}
RESULT: {"using":"xpath","value":"//bdi[text()=\"OK\"]"}
COMMAND: POST /session/b8a203b9eea9ca58b7eb9d1b420e99b6/elements - {"using":"xpath","value":"//bdi[text()=\"OK\"]"}
RESULT: {"using":"xpath","value":"//bdi[text()=\"OK\"]"}
COMMAND: POST /session/b8a203b9eea9ca58b7eb9d1b420e99b6/elements - {"using":"xpath","value":"//bdi[text()=\"OK\"]"}
RESULT: {"using":"xpath","value":"//bdi[text()=\"OK\"]"}
COMMAND: POST /session/b8a203b9eea9ca58b7eb9d1b420e99b6/elements - {"using":"xpath","value":"//bdi[text()=\"OK\"]"}
RESULT: {"using":"xpath","value":"//bdi[text()=\"OK\"]"}
COMMAND: POST /session/b8a203b9eea9ca58b7eb9d1b420e99b6/elements - {"using":"xpath","value":"//bdi[text()=\"OK\"]"}
RESULT: {"using":"xpath","value":"//bdi[text()=\"OK\"]"}
COMMAND: POST /session/b8a203b9eea9ca58b7eb9d1b420e99b6/elements - {"using":"xpath","value":"//bdi[text()=\"OK\"]"}
RESULT: {"using":"xpath","value":"//bdi[text()=\"OK\"]"}
COMMAND: POST /session/b8a203b9eea9ca58b7eb9d1b420e99b6/elements - {"using":"xpath","value":"//bdi[text()=\"OK\"]"}
RESULT: {"using":"xpath","value":"//bdi[text()=\"OK\"]"}
COMMAND: POST /session/b8a203b9eea9ca58b7eb9d1b420e99b6/elements - {"using":"xpath","value":"//bdi[text()=\"OK\"]"}
RESULT: {"using":"xpath","value":"//bdi[text()=\"OK\"]"}
COMMAND: POST /session/b8a203b9eea9ca58b7eb9d1b420e99b6/elements - {"using":"xpath","value":"//bdi[text()=\"OK\"]"}
RESULT: {"using":"xpath","value":"//bdi[text()=\"OK\"]"}
COMMAND: POST /session/b8a203b9eea9ca58b7eb9d1b420e99b6/elements - {"using":"xpath","value":"//bdi[text()=\"OK\"]"}
RESULT: {"using":"xpath","value":"//bdi[text()=\"OK\"]"}
COMMAND: POST /session/b8a203b9eea9ca58b7eb9d1b420e99b6/elements - {"using":"xpath","value":"//bdi[text()=\"OK\"]"}
RESULT: {"using":"xpath","value":"//bdi[text()=\"OK\"]"}
COMMAND: POST /session/b8a203b9eea9ca58b7eb9d1b420e99b6/elements - {"using":"xpath","value":"//bdi[text()=\"OK\"]"}
RESULT: {"using":"xpath","value":"//bdi[text()=\"OK\"]"}
COMMAND: POST /session/b8a203b9eea9ca58b7eb9d1b420e99b6/elements - {"using":"xpath","value":"//bdi[text()=\"OK\"]"}
RESULT: {"using":"xpath","value":"//bdi[text()=\"OK\"]"}
COMMAND: POST /session/b8a203b9eea9ca58b7eb9d1b420e99b6/elements - {"using":"xpath","value":"//bdi[text()=\"OK\"]"}
COMMAND: POST /session/b8a203b9eea9ca58b7eb9d1b420e99b6/element - {"using":"xpath","value":"//bdi[text()=\"OK\"]"}
RESULT: {"using":"xpath","value":"//bdi[text()=\"OK\"]"}
RESULT: {"using":"xpath","value":"//bdi[text()=\"OK\"]"}
COMMAND: POST /session/b8a203b9eea9ca58b7eb9d1b420e99b6/elements - {"using":"xpath","value":"//bdi[text()=\"OK\"]"}
RESULT: {"using":"xpath","value":"//bdi[text()=\"OK\"]"}
COMMAND: POST /session/b8a203b9eea9ca58b7eb9d1b420e99b6/elements - {"using":"xpath","value":"//bdi[text()=\"OK\"]"}
RESULT: {"using":"xpath","value":"//bdi[text()=\"OK\"]"}
COMMAND: POST /session/b8a203b9eea9ca58b7eb9d1b420e99b6/elements - {"using":"xpath","value":"//bdi[text()=\"OK\"]"}
RESULT: {"using":"xpath","value":"//bdi[text()=\"OK\"]"}
COMMAND: POST /session/b8a203b9eea9ca58b7eb9d1b420e99b6/elements - {"using":"xpath","value":"//bdi[text()=\"OK\"]"}
RESULT: {"using":"xpath","value":"//bdi[text()=\"OK\"]"}
COMMAND: POST /session/b8a203b9eea9ca58b7eb9d1b420e99b6/elements - {"using":"xpath","value":"//bdi[text()=\"OK\"]"}
RESULT: {"using":"xpath","value":"//bdi[text()=\"OK\"]"}
COMMAND: POST /session/b8a203b9eea9ca58b7eb9d1b420e99b6/elements - {"using":"xpath","value":"//bdi[text()=\"OK\"]"}
RESULT: {"using":"xpath","value":"//bdi[text()=\"OK\"]"}
COMMAND: POST /session/b8a203b9eea9ca58b7eb9d1b420e99b6/elements - {"using":"xpath","value":"//bdi[text()=\"OK\"]"}
RESULT: {"using":"xpath","value":"//bdi[text()=\"OK\"]"}
COMMAND: POST /session/b8a203b9eea9ca58b7eb9d1b420e99b6/elements - {"using":"xpath","value":"//bdi[text()=\"OK\"]"}
RESULT: {"using":"xpath","value":"//bdi[text()=\"OK\"]"}
COMMAND: POST /session/b8a203b9eea9ca58b7eb9d1b420e99b6/elements - {"using":"xpath","value":"//bdi[text()=\"OK\"]"}
RESULT: {"using":"xpath","value":"//bdi[text()=\"OK\"]"}
COMMAND: POST /session/b8a203b9eea9ca58b7eb9d1b420e99b6/elements - {"using":"xpath","value":"//bdi[text()=\"OK\"]"}
RESULT: {"using":"xpath","value":"//bdi[text()=\"OK\"]"}
COMMAND: POST /session/b8a203b9eea9ca58b7eb9d1b420e99b6/elements - {"using":"xpath","value":"//bdi[text()=\"OK\"]"}
RESULT: {"using":"xpath","value":"//bdi[text()=\"OK\"]"}
COMMAND: POST /session/b8a203b9eea9ca58b7eb9d1b420e99b6/elements - {"using":"xpath","value":"//bdi[text()=\"OK\"]"}
RESULT: {"using":"xpath","value":"//bdi[text()=\"OK\"]"}
COMMAND: POST /session/b8a203b9eea9ca58b7eb9d1b420e99b6/elements - {"using":"xpath","value":"//bdi[text()=\"OK\"]"}
RESULT: {"using":"xpath","value":"//bdi[text()=\"OK\"]"}
COMMAND: POST /session/b8a203b9eea9ca58b7eb9d1b420e99b6/elements - {"using":"xpath","value":"//bdi[text()=\"OK\"]"}
RESULT: {"using":"xpath","value":"//bdi[text()=\"OK\"]"}
COMMAND: POST /session/b8a203b9eea9ca58b7eb9d1b420e99b6/elements - {"using":"xpath","value":"//bdi[text()=\"OK\"]"}
RESULT: {"using":"xpath","value":"//bdi[text()=\"OK\"]"}
COMMAND: POST /session/b8a203b9eea9ca58b7eb9d1b420e99b6/elements - {"using":"xpath","value":"//bdi[text()=\"OK\"]"}
RESULT: {"using":"xpath","value":"//bdi[text()=\"OK\"]"}
COMMAND: POST /session/b8a203b9eea9ca58b7eb9d1b420e99b6/elements - {"using":"xpath","value":"//bdi[text()=\"OK\"]"}
RESULT: {"using":"xpath","value":"//bdi[text()=\"OK\"]"}
COMMAND: POST /session/b8a203b9eea9ca58b7eb9d1b420e99b6/elements - {"using":"xpath","value":"//bdi[text()=\"OK\"]"}
RESULT: {"using":"xpath","value":"//bdi[text()=\"OK\"]"}
COMMAND: POST /session/b8a203b9eea9ca58b7eb9d1b420e99b6/elements - {"using":"xpath","value":"//bdi[text()=\"OK\"]"}
RESULT: {"using":"xpath","value":"//bdi[text()=\"OK\"]"}
COMMAND: POST /session/b8a203b9eea9ca58b7eb9d1b420e99b6/elements - {"using":"xpath","value":"//bdi[text()=\"OK\"]"}
RESULT: {"using":"xpath","value":"//bdi[text()=\"OK\"]"}
COMMAND: POST /session/b8a203b9eea9ca58b7eb9d1b420e99b6/elements - {"using":"xpath","value":"//bdi[text()=\"OK\"]"}
RESULT: {"using":"xpath","value":"//bdi[text()=\"OK\"]"}
COMMAND: POST /session/b8a203b9eea9ca58b7eb9d1b420e99b6/elements - {"using":"xpath","value":"//bdi[text()=\"OK\"]"}
RESULT: {"using":"xpath","value":"//bdi[text()=\"OK\"]"}
COMMAND: POST /session/b8a203b9eea9ca58b7eb9d1b420e99b6/elements - {"using":"xpath","value":"//bdi[text()=\"OK\"]"}
RESULT: {"using":"xpath","value":"//bdi[text()=\"OK\"]"}
COMMAND: POST /session/b8a203b9eea9ca58b7eb9d1b420e99b6/elements - {"using":"xpath","value":"//bdi[text()=\"OK\"]"}
RESULT: {"using":"xpath","value":"//bdi[text()=\"OK\"]"}
COMMAND: POST /session/b8a203b9eea9ca58b7eb9d1b420e99b6/elements - {"using":"xpath","value":"//bdi[text()=\"OK\"]"}
RESULT: {"using":"xpath","value":"//bdi[text()=\"OK\"]"}
COMMAND: POST /session/b8a203b9eea9ca58b7eb9d1b420e99b6/elements - {"using":"xpath","value":"//bdi[text()=\"OK\"]"}
RESULT: {"using":"xpath","value":"//bdi[text()=\"OK\"]"}
COMMAND: POST /session/b8a203b9eea9ca58b7eb9d1b420e99b6/elements - {"using":"xpath","value":"//bdi[text()=\"OK\"]"}
RESULT: {"using":"xpath","value":"//bdi[text()=\"OK\"]"}
COMMAND: POST /session/b8a203b9eea9ca58b7eb9d1b420e99b6/elements - {"using":"xpath","value":"//bdi[text()=\"OK\"]"}
RESULT: {"using":"xpath","value":"//bdi[text()=\"OK\"]"}
COMMAND: POST /session/b8a203b9eea9ca58b7eb9d1b420e99b6/elements - {"using":"xpath","value":"//bdi[text()=\"OK\"]"}
RESULT: {"using":"xpath","value":"//bdi[text()=\"OK\"]"}
COMMAND: POST /session/b8a203b9eea9ca58b7eb9d1b420e99b6/elements - {"using":"xpath","value":"//bdi[text()=\"OK\"]"}
RESULT: {"using":"xpath","value":"//bdi[text()=\"OK\"]"}
COMMAND: POST /session/b8a203b9eea9ca58b7eb9d1b420e99b6/elements - {"using":"xpath","value":"//bdi[text()=\"OK\"]"}
RESULT: {"using":"xpath","value":"//bdi[text()=\"OK\"]"}
COMMAND: POST /session/b8a203b9eea9ca58b7eb9d1b420e99b6/elements - {"using":"xpath","value":"//bdi[text()=\"OK\"]"}
RESULT: {"using":"xpath","value":"//bdi[text()=\"OK\"]"}
COMMAND: POST /session/b8a203b9eea9ca58b7eb9d1b420e99b6/elements - {"using":"xpath","value":"//bdi[text()=\"OK\"]"}
RESULT: {"using":"xpath","value":"//bdi[text()=\"OK\"]"}
COMMAND: POST /session/b8a203b9eea9ca58b7eb9d1b420e99b6/elements - {"using":"xpath","value":"//bdi[text()=\"OK\"]"}
RESULT: {"using":"xpath","value":"//bdi[text()=\"OK\"]"}
COMMAND: POST /session/b8a203b9eea9ca58b7eb9d1b420e99b6/elements - {"using":"xpath","value":"//bdi[text()=\"OK\"]"}
RESULT: {"using":"xpath","value":"//bdi[text()=\"OK\"]"}
COMMAND: POST /session/b8a203b9eea9ca58b7eb9d1b420e99b6/elements - {"using":"xpath","value":"//bdi[text()=\"OK\"]"}
RESULT: {"using":"xpath","value":"//bdi[text()=\"OK\"]"}
COMMAND: POST /session/b8a203b9eea9ca58b7eb9d1b420e99b6/elements - {"using":"xpath","value":"//bdi[text()=\"OK\"]"}
RESULT: {"using":"xpath","value":"//bdi[text()=\"OK\"]"}
COMMAND: POST /session/b8a203b9eea9ca58b7eb9d1b420e99b6/elements - {"using":"xpath","value":"//bdi[text()=\"OK\"]"}
RESULT: {"using":"xpath","value":"//bdi[text()=\"OK\"]"}
COMMAND: POST /session/b8a203b9eea9ca58b7eb9d1b420e99b6/elements - {"using":"xpath","value":"//bdi[text()=\"OK\"]"}
RESULT: {"using":"xpath","value":"//bdi[text()=\"OK\"]"}
COMMAND: POST /session/b8a203b9eea9ca58b7eb9d1b420e99b6/elements - {"using":"xpath","value":"//bdi[text()=\"OK\"]"}
RESULT: {"using":"xpath","value":"//bdi[text()=\"OK\"]"}
COMMAND: POST /session/b8a203b9eea9ca58b7eb9d1b420e99b6/elements - {"using":"xpath","value":"//bdi[text()=\"OK\"]"}
RESULT: {"using":"xpath","value":"//bdi[text()=\"OK\"]"}
COMMAND: POST /session/b8a203b9eea9ca58b7eb9d1b420e99b6/elements - {"using":"xpath","value":"//bdi[text()=\"OK\"]"}
RESULT: {"using":"xpath","value":"//bdi[text()=\"OK\"]"}
COMMAND: POST /session/b8a203b9eea9ca58b7eb9d1b420e99b6/elements - {"using":"xpath","value":"//bdi[text()=\"OK\"]"}
RESULT: {"using":"xpath","value":"//bdi[text()=\"OK\"]"}
COMMAND: POST /session/b8a203b9eea9ca58b7eb9d1b420e99b6/elements - {"using":"xpath","value":"//bdi[text()=\"OK\"]"}
RESULT: {"using":"xpath","value":"//bdi[text()=\"OK\"]"}
COMMAND: POST /session/b8a203b9eea9ca58b7eb9d1b420e99b6/elements - {"using":"xpath","value":"//bdi[text()=\"OK\"]"}
RESULT: {"using":"xpath","value":"//bdi[text()=\"OK\"]"}
COMMAND: POST /session/b8a203b9eea9ca58b7eb9d1b420e99b6/elements - {"using":"xpath","value":"//bdi[text()=\"OK\"]"}
RESULT: {"using":"xpath","value":"//bdi[text()=\"OK\"]"}
COMMAND: POST /session/b8a203b9eea9ca58b7eb9d1b420e99b6/elements - {"using":"xpath","value":"//bdi[text()=\"OK\"]"}
RESULT: {"using":"xpath","value":"//bdi[text()=\"OK\"]"}
COMMAND: POST /session/b8a203b9eea9ca58b7eb9d1b420e99b6/elements - {"using":"xpath","value":"//bdi[text()=\"OK\"]"}
RESULT: {"using":"xpath","value":"//bdi[text()=\"OK\"]"}
COMMAND: POST /session/b8a203b9eea9ca58b7eb9d1b420e99b6/elements - {"using":"xpath","value":"//bdi[text()=\"OK\"]"}
RESULT: {"using":"xpath","value":"//bdi[text()=\"OK\"]"}
COMMAND: POST /session/b8a203b9eea9ca58b7eb9d1b420e99b6/elements - {"using":"xpath","value":"//bdi[text()=\"OK\"]"}
RESULT: {"using":"xpath","value":"//bdi[text()=\"OK\"]"}
COMMAND: POST /session/b8a203b9eea9ca58b7eb9d1b420e99b6/elements - {"using":"xpath","value":"//bdi[text()=\"OK\"]"}
RESULT: {"using":"xpath","value":"//bdi[text()=\"OK\"]"}
COMMAND: POST /session/b8a203b9eea9ca58b7eb9d1b420e99b6/elements - {"using":"xpath","value":"//bdi[text()=\"OK\"]"}
RESULT: {"using":"xpath","value":"//bdi[text()=\"OK\"]"}
COMMAND: POST /session/b8a203b9eea9ca58b7eb9d1b420e99b6/elements - {"using":"xpath","value":"//bdi[text()=\"OK\"]"}
RESULT: {"using":"xpath","value":"//bdi[text()=\"OK\"]"}
COMMAND: POST /session/b8a203b9eea9ca58b7eb9d1b420e99b6/elements - {"using":"xpath","value":"//bdi[text()=\"OK\"]"}
RESULT: {"using":"xpath","value":"//bdi[text()=\"OK\"]"}
COMMAND: POST /session/b8a203b9eea9ca58b7eb9d1b420e99b6/elements - {"using":"xpath","value":"//bdi[text()=\"OK\"]"}
RESULT: {"using":"xpath","value":"//bdi[text()=\"OK\"]"}
COMMAND: POST /session/b8a203b9eea9ca58b7eb9d1b420e99b6/elements - {"using":"xpath","value":"//bdi[text()=\"OK\"]"}
RESULT: {"using":"xpath","value":"//bdi[text()=\"OK\"]"}
COMMAND: POST /session/b8a203b9eea9ca58b7eb9d1b420e99b6/elements - {"using":"xpath","value":"//bdi[text()=\"OK\"]"}
RESULT: {"using":"xpath","value":"//bdi[text()=\"OK\"]"}
COMMAND: POST /session/b8a203b9eea9ca58b7eb9d1b420e99b6/elements - {"using":"xpath","value":"//bdi[text()=\"OK\"]"}
RESULT: {"using":"xpath","value":"//bdi[text()=\"OK\"]"}
COMMAND: POST /session/b8a203b9eea9ca58b7eb9d1b420e99b6/elements - {"using":"xpath","value":"//bdi[text()=\"OK\"]"}
RESULT: {"using":"xpath","value":"//bdi[text()=\"OK\"]"}
COMMAND: POST /session/b8a203b9eea9ca58b7eb9d1b420e99b6/elements - {"using":"xpath","value":"//bdi[text()=\"OK\"]"}
RESULT: {"using":"xpath","value":"//bdi[text()=\"OK\"]"}
COMMAND: POST /session/b8a203b9eea9ca58b7eb9d1b420e99b6/elements - {"using":"xpath","value":"//bdi[text()=\"OK\"]"}
RESULT: {"using":"xpath","value":"//bdi[text()=\"OK\"]"}
COMMAND: POST /session/b8a203b9eea9ca58b7eb9d1b420e99b6/elements - {"using":"xpath","value":"//bdi[text()=\"OK\"]"}
RESULT: {"using":"xpath","value":"//bdi[text()=\"OK\"]"}
COMMAND: POST /session/b8a203b9eea9ca58b7eb9d1b420e99b6/elements - {"using":"xpath","value":"//bdi[text()=\"OK\"]"}
RESULT: {"using":"xpath","value":"//bdi[text()=\"OK\"]"}
COMMAND: POST /session/b8a203b9eea9ca58b7eb9d1b420e99b6/elements - {"using":"xpath","value":"//bdi[text()=\"OK\"]"}
RESULT: {"using":"xpath","value":"//bdi[text()=\"OK\"]"}
COMMAND: POST /session/b8a203b9eea9ca58b7eb9d1b420e99b6/elements - {"using":"xpath","value":"//bdi[text()=\"OK\"]"}
RESULT: {"using":"xpath","value":"//bdi[text()=\"OK\"]"}
COMMAND: POST /session/b8a203b9eea9ca58b7eb9d1b420e99b6/elements - {"using":"xpath","value":"//bdi[text()=\"OK\"]"}
RESULT: {"using":"xpath","value":"//bdi[text()=\"OK\"]"}
COMMAND: POST /session/b8a203b9eea9ca58b7eb9d1b420e99b6/elements - {"using":"xpath","value":"//bdi[text()=\"OK\"]"}
RESULT: {"using":"xpath","value":"//bdi[text()=\"OK\"]"}
COMMAND: POST /session/b8a203b9eea9ca58b7eb9d1b420e99b6/elements - {"using":"xpath","value":"//bdi[text()=\"OK\"]"}
RESULT: {"using":"xpath","value":"//bdi[text()=\"OK\"]"}
COMMAND: POST /session/b8a203b9eea9ca58b7eb9d1b420e99b6/elements - {"using":"xpath","value":"//bdi[text()=\"OK\"]"}
RESULT: {"using":"xpath","value":"//bdi[text()=\"OK\"]"}
COMMAND: POST /session/b8a203b9eea9ca58b7eb9d1b420e99b6/elements - {"using":"xpath","value":"//bdi[text()=\"OK\"]"}
RESULT: {"using":"xpath","value":"//bdi[text()=\"OK\"]"}
COMMAND: POST /session/b8a203b9eea9ca58b7eb9d1b420e99b6/elements - {"using":"xpath","value":"//bdi[text()=\"OK\"]"}
RESULT: {"using":"xpath","value":"//bdi[text()=\"OK\"]"}
COMMAND: POST /session/b8a203b9eea9ca58b7eb9d1b420e99b6/elements - {"using":"xpath","value":"//bdi[text()=\"OK\"]"}
RESULT: {"using":"xpath","value":"//bdi[text()=\"OK\"]"}
COMMAND: POST /session/b8a203b9eea9ca58b7eb9d1b420e99b6/elements - {"using":"xpath","value":"//bdi[text()=\"OK\"]"}
RESULT: {"using":"xpath","value":"//bdi[text()=\"OK\"]"}
COMMAND: POST /session/b8a203b9eea9ca58b7eb9d1b420e99b6/elements - {"using":"xpath","value":"//bdi[text()=\"OK\"]"}
RESULT: {"using":"xpath","value":"//bdi[text()=\"OK\"]"}
COMMAND: POST /session/b8a203b9eea9ca58b7eb9d1b420e99b6/elements - {"using":"xpath","value":"//bdi[text()=\"OK\"]"}
RESULT: {"using":"xpath","value":"//bdi[text()=\"OK\"]"}
COMMAND: POST /session/b8a203b9eea9ca58b7eb9d1b420e99b6/elements - {"using":"xpath","value":"//bdi[text()=\"OK\"]"}
RESULT: {"using":"xpath","value":"//bdi[text()=\"OK\"]"}
COMMAND: POST /session/b8a203b9eea9ca58b7eb9d1b420e99b6/elements - {"using":"xpath","value":"//bdi[text()=\"OK\"]"}
RESULT: {"using":"xpath","value":"//bdi[text()=\"OK\"]"}
COMMAND: POST /session/b8a203b9eea9ca58b7eb9d1b420e99b6/elements - {"using":"xpath","value":"//bdi[text()=\"OK\"]"}
RESULT: {"using":"xpath","value":"//bdi[text()=\"OK\"]"}
COMMAND: POST /session/b8a203b9eea9ca58b7eb9d1b420e99b6/elements - {"using":"xpath","value":"//bdi[text()=\"OK\"]"}
RESULT: {"using":"xpath","value":"//bdi[text()=\"OK\"]"}
COMMAND: POST /session/b8a203b9eea9ca58b7eb9d1b420e99b6/elements - {"using":"xpath","value":"//bdi[text()=\"OK\"]"}
RESULT: {"using":"xpath","value":"//bdi[text()=\"OK\"]"}
COMMAND: POST /session/b8a203b9eea9ca58b7eb9d1b420e99b6/elements - {"using":"xpath","value":"//bdi[text()=\"OK\"]"}
RESULT: {"using":"xpath","value":"//bdi[text()=\"OK\"]"}
COMMAND: POST /session/b8a203b9eea9ca58b7eb9d1b420e99b6/elements - {"using":"xpath","value":"//bdi[text()=\"OK\"]"}
RESULT: {"using":"xpath","value":"//bdi[text()=\"OK\"]"}
COMMAND: POST /session/b8a203b9eea9ca58b7eb9d1b420e99b6/elements - {"using":"xpath","value":"//bdi[text()=\"OK\"]"}
RESULT: {"using":"xpath","value":"//bdi[text()=\"OK\"]"}
COMMAND: POST /session/b8a203b9eea9ca58b7eb9d1b420e99b6/elements - {"using":"xpath","value":"//bdi[text()=\"OK\"]"}
RESULT: {"using":"xpath","value":"//bdi[text()=\"OK\"]"}
COMMAND: POST /session/b8a203b9eea9ca58b7eb9d1b420e99b6/elements - {"using":"xpath","value":"//bdi[text()=\"OK\"]"}
RESULT: {"using":"xpath","value":"//bdi[text()=\"OK\"]"}
COMMAND: POST /session/b8a203b9eea9ca58b7eb9d1b420e99b6/elements - {"using":"xpath","value":"//bdi[text()=\"OK\"]"}
RESULT: {"using":"xpath","value":"//bdi[text()=\"OK\"]"}
COMMAND: POST /session/b8a203b9eea9ca58b7eb9d1b420e99b6/elements - {"using":"xpath","value":"//bdi[text()=\"OK\"]"}
RESULT: {"using":"xpath","value":"//bdi[text()=\"OK\"]"}
COMMAND: POST /session/b8a203b9eea9ca58b7eb9d1b420e99b6/elements - {"using":"xpath","value":"//bdi[text()=\"OK\"]"}
RESULT: {"using":"xpath","value":"//bdi[text()=\"OK\"]"}
COMMAND: POST /session/b8a203b9eea9ca58b7eb9d1b420e99b6/elements - {"using":"xpath","value":"//bdi[text()=\"OK\"]"}
RESULT: {"using":"xpath","value":"//bdi[text()=\"OK\"]"}
COMMAND: POST /session/b8a203b9eea9ca58b7eb9d1b420e99b6/elements - {"using":"xpath","value":"//bdi[text()=\"OK\"]"}
RESULT: {"using":"xpath","value":"//bdi[text()=\"OK\"]"}
COMMAND: POST /session/b8a203b9eea9ca58b7eb9d1b420e99b6/elements - {"using":"xpath","value":"//bdi[text()=\"OK\"]"}
RESULT: {"using":"xpath","value":"//bdi[text()=\"OK\"]"}
COMMAND: POST /session/b8a203b9eea9ca58b7eb9d1b420e99b6/elements - {"using":"xpath","value":"//bdi[text()=\"OK\"]"}
RESULT: {"using":"xpath","value":"//bdi[text()=\"OK\"]"}
COMMAND: POST /session/b8a203b9eea9ca58b7eb9d1b420e99b6/elements - {"using":"xpath","value":"//bdi[text()=\"OK\"]"}
RESULT: {"using":"xpath","value":"//bdi[text()=\"OK\"]"}
COMMAND: POST /session/b8a203b9eea9ca58b7eb9d1b420e99b6/elements - {"using":"xpath","value":"//bdi[text()=\"OK\"]"}
RESULT: {"using":"xpath","value":"//bdi[text()=\"OK\"]"}
COMMAND: POST /session/b8a203b9eea9ca58b7eb9d1b420e99b6/elements - {"using":"xpath","value":"//bdi[text()=\"OK\"]"}
RESULT: {"using":"xpath","value":"//bdi[text()=\"OK\"]"}
COMMAND: POST /session/b8a203b9eea9ca58b7eb9d1b420e99b6/elements - {"using":"xpath","value":"//bdi[text()=\"OK\"]"}
RESULT: {"using":"xpath","value":"//bdi[text()=\"OK\"]"}
COMMAND: POST /session/b8a203b9eea9ca58b7eb9d1b420e99b6/elements - {"using":"xpath","value":"//bdi[text()=\"OK\"]"}
RESULT: {"using":"xpath","value":"//bdi[text()=\"OK\"]"}
COMMAND: POST /session/b8a203b9eea9ca58b7eb9d1b420e99b6/elements - {"using":"xpath","value":"//bdi[text()=\"OK\"]"}
RESULT: {"using":"xpath","value":"//bdi[text()=\"OK\"]"}
COMMAND: POST /session/b8a203b9eea9ca58b7eb9d1b420e99b6/elements - {"using":"xpath","value":"//bdi[text()=\"OK\"]"}
RESULT: {"using":"xpath","value":"//bdi[text()=\"OK\"]"}
COMMAND: POST /session/b8a203b9eea9ca58b7eb9d1b420e99b6/elements - {"using":"xpath","value":"//bdi[text()=\"OK\"]"}
RESULT: {"using":"xpath","value":"//bdi[text()=\"OK\"]"}
COMMAND: POST /session/b8a203b9eea9ca58b7eb9d1b420e99b6/elements - {"using":"xpath","value":"//bdi[text()=\"OK\"]"}
RESULT: {"using":"xpath","value":"//bdi[text()=\"OK\"]"}
COMMAND: POST /session/b8a203b9eea9ca58b7eb9d1b420e99b6/elements - {"using":"xpath","value":"//bdi[text()=\"OK\"]"}
RESULT: {"using":"xpath","value":"//bdi[text()=\"OK\"]"}
COMMAND: POST /session/b8a203b9eea9ca58b7eb9d1b420e99b6/elements - {"using":"xpath","value":"//bdi[text()=\"OK\"]"}
RESULT: {"using":"xpath","value":"//bdi[text()=\"OK\"]"}
COMMAND: POST /session/b8a203b9eea9ca58b7eb9d1b420e99b6/elements - {"using":"xpath","value":"//bdi[text()=\"OK\"]"}
RESULT: {"using":"xpath","value":"//bdi[text()=\"OK\"]"}
COMMAND: POST /session/b8a203b9eea9ca58b7eb9d1b420e99b6/elements - {"using":"xpath","value":"//bdi[text()=\"OK\"]"}
RESULT: {"using":"xpath","value":"//bdi[text()=\"OK\"]"}
COMMAND: POST /session/b8a203b9eea9ca58b7eb9d1b420e99b6/elements - {"using":"xpath","value":"//bdi[text()=\"OK\"]"}
RESULT: {"using":"xpath","value":"//bdi[text()=\"OK\"]"}
COMMAND: POST /session/b8a203b9eea9ca58b7eb9d1b420e99b6/elements - {"using":"xpath","value":"//bdi[text()=\"OK\"]"}
RESULT: {"using":"xpath","value":"//bdi[text()=\"OK\"]"}
COMMAND: POST /session/b8a203b9eea9ca58b7eb9d1b420e99b6/elements - {"using":"xpath","value":"//bdi[text()=\"OK\"]"}
RESULT: {"using":"xpath","value":"//bdi[text()=\"OK\"]"}
COMMAND: POST /session/b8a203b9eea9ca58b7eb9d1b420e99b6/elements - {"using":"xpath","value":"//bdi[text()=\"OK\"]"}
RESULT: {"using":"xpath","value":"//bdi[text()=\"OK\"]"}
COMMAND: POST /session/b8a203b9eea9ca58b7eb9d1b420e99b6/elements - {"using":"xpath","value":"//bdi[text()=\"OK\"]"}
RESULT: {"using":"xpath","value":"//bdi[text()=\"OK\"]"}
COMMAND: POST /session/b8a203b9eea9ca58b7eb9d1b420e99b6/elements - {"using":"xpath","value":"//bdi[text()=\"OK\"]"}
RESULT: {"using":"xpath","value":"//bdi[text()=\"OK\"]"}
COMMAND: POST /session/b8a203b9eea9ca58b7eb9d1b420e99b6/elements - {"using":"xpath","value":"//bdi[text()=\"OK\"]"}
RESULT: {"using":"xpath","value":"//bdi[text()=\"OK\"]"}
COMMAND: POST /session/b8a203b9eea9ca58b7eb9d1b420e99b6/elements - {"using":"xpath","value":"//bdi[text()=\"OK\"]"}
RESULT: {"using":"xpath","value":"//bdi[text()=\"OK\"]"}
COMMAND: POST /session/b8a203b9eea9ca58b7eb9d1b420e99b6/elements - {"using":"xpath","value":"//bdi[text()=\"OK\"]"}
RESULT: {"using":"xpath","value":"//bdi[text()=\"OK\"]"}
COMMAND: POST /session/b8a203b9eea9ca58b7eb9d1b420e99b6/elements - {"using":"xpath","value":"//bdi[text()=\"OK\"]"}
RESULT: {"using":"xpath","value":"//bdi[text()=\"OK\"]"}
COMMAND: POST /session/b8a203b9eea9ca58b7eb9d1b420e99b6/elements - {"using":"xpath","value":"//bdi[text()=\"OK\"]"}
RESULT: {"using":"xpath","value":"//bdi[text()=\"OK\"]"}
COMMAND: POST /session/b8a203b9eea9ca58b7eb9d1b420e99b6/elements - {"using":"xpath","value":"//bdi[text()=\"OK\"]"}
RESULT: {"using":"xpath","value":"//bdi[text()=\"OK\"]"}
COMMAND: POST /session/b8a203b9eea9ca58b7eb9d1b420e99b6/elements - {"using":"xpath","value":"//bdi[text()=\"OK\"]"}
RESULT: {"using":"xpath","value":"//bdi[text()=\"OK\"]"}
COMMAND: POST /session/b8a203b9eea9ca58b7eb9d1b420e99b6/elements - {"using":"xpath","value":"//bdi[text()=\"OK\"]"}
RESULT: {"using":"xpath","value":"//bdi[text()=\"OK\"]"}
COMMAND: POST /session/b8a203b9eea9ca58b7eb9d1b420e99b6/elements - {"using":"xpath","value":"//bdi[text()=\"OK\"]"}
RESULT: {"using":"xpath","value":"//bdi[text()=\"OK\"]"}
COMMAND: POST /session/b8a203b9eea9ca58b7eb9d1b420e99b6/execute/async - {"script":"<script> [1562 bytes]","args":[{"selector":{"id":"application-manageresources-display-component---newResourceUnit--TYPE-arrow"},"wdio_ui5_key":"applicationmanageresources-display-component---newResourceUnit--TYPE-arrow"}]}
RESULT: {"script":"<script> [1562 bytes]","args":[{"selector":{"id":"application-manageresources-display-component---newResourceUnit--TYPE-arrow"},"wdio_ui5_key":"applicationmanageresources-display-component---newResourceUnit--TYPE-arrow"}]}
RESULT: undefined
COMMAND: POST /session/b8a203b9eea9ca58b7eb9d1b420e99b6/element - {"using":"xpath","value":"//*[@id=\"application-manageresources-display-component---newResourceUnit--TYPE-arrow\"]"}
RESULT: {"using":"xpath","value":"//*[@id=\"application-manageresources-display-component---newResourceUnit--TYPE-arrow\"]"}
COMMAND: POST /session/b8a203b9eea9ca58b7eb9d1b420e99b6/element/f.C3D07913007EC519E918D4FD8EAE9792.d.6A646D071DB2E86F20CAC8C3EAA239F1.e.5566/click - {}
RESULT: {}
COMMAND: POST /session/b8a203b9eea9ca58b7eb9d1b420e99b6/execute/async - {"script":"<script> [1562 bytes]","args":[{"selector":{"controlType":"sap.m.StandardListItem","viewName":"reusables.view.manageresources.NewResourceUnit","viewId":"application-manageresources-display-component---newResourceUnit","properties":{"title":"Material"},"searchOpenDialogs":true,"interaction":{"idSuffix":"titleText"}},"wdio_ui5_key":"reusablesview.manageresources.NewResourceUnitsap.m.StandardListItem{\"title\":\"Material\"}"}]}
COMMAND: GET /session/b8a203b9eea9ca58b7eb9d1b420e99b6/screenshot - {}
RESULT: {"script":"<script> [1562 bytes]","args":[{"selector":{"controlType":"sap.m.StandardListItem","viewName":"reusables.view.manageresources.NewResourceUnit","viewId":"application-manageresources-display-component---newResourceUnit","properties":{"title":"Material"},"searchOpenDialogs":true,"interaction":{"idSuffix":"titleText"}},"wdio_ui5_key":"reusablesview.manageresources.NewResourceUnitsap.m.StandardListItem{\"title\":\"Material\"}"}]}
RESULT: undefined
COMMAND: POST /session/b8a203b9eea9ca58b7eb9d1b420e99b6/element - {"using":"xpath","value":"//*[@id=\"__item146\"]"}
RESULT: {}
RESULT: {"using":"xpath","value":"//*[@id=\"__item146\"]"}
COMMAND: POST /session/b8a203b9eea9ca58b7eb9d1b420e99b6/element/f.C3D07913007EC519E918D4FD8EAE9792.d.6A646D071DB2E86F20CAC8C3EAA239F1.e.5569/click - {}
RESULT: {}
COMMAND: POST /session/b8a203b9eea9ca58b7eb9d1b420e99b6/execute/async - {"script":"<script> [1562 bytes]","args":[{"selector":{"id":"application-manageresources-display-component---newResourceUnit--SHORT_TEXT","interaction":{"idSuffix":"inner"}},"wdio_ui5_key":"applicationmanageresources-display-component---newResourceUnit--SHORT_TEXT"}]}
COMMAND: GET /session/b8a203b9eea9ca58b7eb9d1b420e99b6/screenshot - {}
RESULT: {"script":"<script> [1562 bytes]","args":[{"selector":{"id":"application-manageresources-display-component---newResourceUnit--SHORT_TEXT","interaction":{"idSuffix":"inner"}},"wdio_ui5_key":"applicationmanageresources-display-component---newResourceUnit--SHORT_TEXT"}]}
RESULT: undefined
COMMAND: POST /session/b8a203b9eea9ca58b7eb9d1b420e99b6/execute/async - {"script":"<script> [776 bytes]","args":[{"enterText":"WebdriverRU R2Cqry79","selector":{"id":"application-manageresources-display-component---newResourceUnit--SHORT_TEXT","interaction":{"idSuffix":"inner"}},"clearTextFirst":true,"interactionType":"ENTER_TEXT"}]}
RESULT: {}
RESULT: {"script":"<script> [776 bytes]","args":[{"enterText":"WebdriverRU R2Cqry79","selector":{"id":"application-manageresources-display-component---newResourceUnit--SHORT_TEXT","interaction":{"idSuffix":"inner"}},"clearTextFirst":true,"interactionType":"ENTER_TEXT"}]}
COMMAND: POST /session/b8a203b9eea9ca58b7eb9d1b420e99b6/execute/async - {"script":"<script> [1562 bytes]","args":[{"selector":{"id":"application-manageresources-display-component---newResourceUnit--BASE_UNIT_OF_MEASURE-arrow"},"wdio_ui5_key":"applicationmanageresources-display-component---newResourceUnit--BASE_UNIT_OF_MEASURE-arrow"}]}
RESULT: {"script":"<script> [1562 bytes]","args":[{"selector":{"id":"application-manageresources-display-component---newResourceUnit--BASE_UNIT_OF_MEASURE-arrow"},"wdio_ui5_key":"applicationmanageresources-display-component---newResourceUnit--BASE_UNIT_OF_MEASURE-arrow"}]}
RESULT: undefined
COMMAND: POST /session/b8a203b9eea9ca58b7eb9d1b420e99b6/element - {"using":"xpath","value":"//*[@id=\"application-manageresources-display-component---newResourceUnit--BASE_UNIT_OF_MEASURE-arrow\"]"}
RESULT: {"using":"xpath","value":"//*[@id=\"application-manageresources-display-component---newResourceUnit--BASE_UNIT_OF_MEASURE-arrow\"]"}
COMMAND: POST /session/b8a203b9eea9ca58b7eb9d1b420e99b6/element/f.C3D07913007EC519E918D4FD8EAE9792.d.6A646D071DB2E86F20CAC8C3EAA239F1.e.5691/click - {}
RESULT: {}
COMMAND: POST /session/b8a203b9eea9ca58b7eb9d1b420e99b6/execute/async - {"script":"<script> [1562 bytes]","args":[{"selector":{"controlType":"sap.m.StandardListItem","viewName":"reusables.view.manageresources.NewResourceUnit","viewId":"application-manageresources-display-component---newResourceUnit","properties":{"title":"Piece"},"searchOpenDialogs":true,"interaction":{"idSuffix":"titleText"}},"wdio_ui5_key":"reusablesview.manageresources.NewResourceUnitsap.m.StandardListItem{\"title\":\"Piece\"}"}]}
COMMAND: GET /session/b8a203b9eea9ca58b7eb9d1b420e99b6/screenshot - {}
RESULT: {"script":"<script> [1562 bytes]","args":[{"selector":{"controlType":"sap.m.StandardListItem","viewName":"reusables.view.manageresources.NewResourceUnit","viewId":"application-manageresources-display-component---newResourceUnit","properties":{"title":"Piece"},"searchOpenDialogs":true,"interaction":{"idSuffix":"titleText"}},"wdio_ui5_key":"reusablesview.manageresources.NewResourceUnitsap.m.StandardListItem{\"title\":\"Piece\"}"}]}
RESULT: undefined
COMMAND: POST /session/b8a203b9eea9ca58b7eb9d1b420e99b6/element - {"using":"xpath","value":"//*[@id=\"__item199\"]"}
RESULT: {}
RESULT: {"using":"xpath","value":"//*[@id=\"__item199\"]"}
COMMAND: POST /session/b8a203b9eea9ca58b7eb9d1b420e99b6/element/f.C3D07913007EC519E918D4FD8EAE9792.d.6A646D071DB2E86F20CAC8C3EAA239F1.e.5693/click - {}
RESULT: {}
COMMAND: POST /session/b8a203b9eea9ca58b7eb9d1b420e99b6/execute/async - {"script":"<script> [1562 bytes]","args":[{"selector":{"id":"application-manageresources-display-component---newResourceUnit--WEIGHT_UNIT-arrow"},"wdio_ui5_key":"applicationmanageresources-display-component---newResourceUnit--WEIGHT_UNIT-arrow"}]}
COMMAND: GET /session/b8a203b9eea9ca58b7eb9d1b420e99b6/screenshot - {}
RESULT: {"script":"<script> [1562 bytes]","args":[{"selector":{"id":"application-manageresources-display-component---newResourceUnit--WEIGHT_UNIT-arrow"},"wdio_ui5_key":"applicationmanageresources-display-component---newResourceUnit--WEIGHT_UNIT-arrow"}]}
RESULT: undefined
COMMAND: POST /session/b8a203b9eea9ca58b7eb9d1b420e99b6/element - {"using":"xpath","value":"//*[@id=\"application-manageresources-display-component---newResourceUnit--WEIGHT_UNIT-arrow\"]"}
RESULT: {}
RESULT: {"using":"xpath","value":"//*[@id=\"application-manageresources-display-component---newResourceUnit--WEIGHT_UNIT-arrow\"]"}
COMMAND: POST /session/b8a203b9eea9ca58b7eb9d1b420e99b6/element/f.C3D07913007EC519E918D4FD8EAE9792.d.6A646D071DB2E86F20CAC8C3EAA239F1.e.5694/click - {}
RESULT: {}
COMMAND: POST /session/b8a203b9eea9ca58b7eb9d1b420e99b6/execute/async - {"script":"<script> [1562 bytes]","args":[{"selector":{"controlType":"sap.m.StandardListItem","viewName":"reusables.view.manageresources.NewResourceUnit","viewId":"application-manageresources-display-component---newResourceUnit","properties":{"title":"Gram"},"searchOpenDialogs":true,"interaction":{"idSuffix":"content"}},"wdio_ui5_key":"reusablesview.manageresources.NewResourceUnitsap.m.StandardListItem{\"title\":\"Gram\"}"}]}
COMMAND: GET /session/b8a203b9eea9ca58b7eb9d1b420e99b6/screenshot - {}
RESULT: {"script":"<script> [1562 bytes]","args":[{"selector":{"controlType":"sap.m.StandardListItem","viewName":"reusables.view.manageresources.NewResourceUnit","viewId":"application-manageresources-display-component---newResourceUnit","properties":{"title":"Gram"},"searchOpenDialogs":true,"interaction":{"idSuffix":"content"}},"wdio_ui5_key":"reusablesview.manageresources.NewResourceUnitsap.m.StandardListItem{\"title\":\"Gram\"}"}]}
RESULT: undefined
COMMAND: POST /session/b8a203b9eea9ca58b7eb9d1b420e99b6/element - {"using":"xpath","value":"//*[@id=\"__item264\"]"}
RESULT: {}
RESULT: {"using":"xpath","value":"//*[@id=\"__item264\"]"}
COMMAND: POST /session/b8a203b9eea9ca58b7eb9d1b420e99b6/element/f.C3D07913007EC519E918D4FD8EAE9792.d.6A646D071DB2E86F20CAC8C3EAA239F1.e.5696/click - {}
RESULT: {}
COMMAND: GET /session/b8a203b9eea9ca58b7eb9d1b420e99b6/screenshot - {}
RESULT: {}
COMMAND: POST /session/b8a203b9eea9ca58b7eb9d1b420e99b6/execute/async - {"script":"<script> [1562 bytes]","args":[{"selector":{"id":"application-manageresources-display-component---newResourceUnit--newRRUPage-OPHeaderContent-collapseBtn-img"},"wdio_ui5_key":"applicationmanageresources-display-component---newResourceUnit--newRRUPage-OPHeaderContent-collapseBtn-img"}]}
RESULT: {"script":"<script> [1562 bytes]","args":[{"selector":{"id":"application-manageresources-display-component---newResourceUnit--newRRUPage-OPHeaderContent-collapseBtn-img"},"wdio_ui5_key":"applicationmanageresources-display-component---newResourceUnit--newRRUPage-OPHeaderContent-collapseBtn-img"}]}
RESULT: undefined
COMMAND: POST /session/b8a203b9eea9ca58b7eb9d1b420e99b6/element - {"using":"xpath","value":"//*[@id=\"application-manageresources-display-component---newResourceUnit--newRRUPage-OPHeaderContent-collapseBtn-img\"]"}
RESULT: {"using":"xpath","value":"//*[@id=\"application-manageresources-display-component---newResourceUnit--newRRUPage-OPHeaderContent-collapseBtn-img\"]"}
COMMAND: POST /session/b8a203b9eea9ca58b7eb9d1b420e99b6/element/f.C3D07913007EC519E918D4FD8EAE9792.d.6A646D071DB2E86F20CAC8C3EAA239F1.e.5578/click - {}
RESULT: {}
COMMAND: GET /session/b8a203b9eea9ca58b7eb9d1b420e99b6/screenshot - {}
RESULT: {}
COMMAND: POST /session/b8a203b9eea9ca58b7eb9d1b420e99b6/element - {"using":"xpath","value":"(//span[contains(@id ,\"application-manageresources-display-component---newResourceUnit--DIMENSION_UNIT-arrow\")])[1]"}
RESULT: {"using":"xpath","value":"(//span[contains(@id ,\"application-manageresources-display-component---newResourceUnit--DIMENSION_UNIT-arrow\")])[1]"}
COMMAND: POST /session/b8a203b9eea9ca58b7eb9d1b420e99b6/element/f.C3D07913007EC519E918D4FD8EAE9792.d.6A646D071DB2E86F20CAC8C3EAA239F1.e.5702/click - {}
RESULT: {}
COMMAND: GET /session/b8a203b9eea9ca58b7eb9d1b420e99b6/screenshot - {}
RESULT: {}
COMMAND: POST /session/b8a203b9eea9ca58b7eb9d1b420e99b6/execute/async - {"script":"<script> [1562 bytes]","args":[{"selector":{"controlType":"sap.m.StandardListItem","viewName":"reusables.view.manageresources.NewResourceUnit","viewId":"application-manageresources-display-component---newResourceUnit","properties":{"title":"Centimeter"},"searchOpenDialogs":true,"interaction":{"idSuffix":"titleText"}},"wdio_ui5_key":"reusablesview.manageresources.NewResourceUnitsap.m.StandardListItem{\"title\":\"Centimeter\"}"}]}
RESULT: {"script":"<script> [1562 bytes]","args":[{"selector":{"controlType":"sap.m.StandardListItem","viewName":"reusables.view.manageresources.NewResourceUnit","viewId":"application-manageresources-display-component---newResourceUnit","properties":{"title":"Centimeter"},"searchOpenDialogs":true,"interaction":{"idSuffix":"titleText"}},"wdio_ui5_key":"reusablesview.manageresources.NewResourceUnitsap.m.StandardListItem{\"title\":\"Centimeter\"}"}]}
RESULT: undefined
COMMAND: POST /session/b8a203b9eea9ca58b7eb9d1b420e99b6/element - {"using":"xpath","value":"//*[@id=\"__item267\"]"}
RESULT: {"using":"xpath","value":"//*[@id=\"__item267\"]"}
COMMAND: POST /session/b8a203b9eea9ca58b7eb9d1b420e99b6/element/f.C3D07913007EC519E918D4FD8EAE9792.d.6A646D071DB2E86F20CAC8C3EAA239F1.e.5704/click - {}
RESULT: {}
COMMAND: GET /session/b8a203b9eea9ca58b7eb9d1b420e99b6/screenshot - {}
RESULT: {}
COMMAND: POST /session/b8a203b9eea9ca58b7eb9d1b420e99b6/execute/async - {"script":"<script> [1562 bytes]","args":[{"selector":{"id":"application-manageresources-display-component---newResourceUnit--newRRUPage-anchBar-application-manageresources-display-component---newResourceUnit--reference-anchor","interaction":{"idSuffix":"BDI-content"}},"wdio_ui5_key":"applicationmanageresources-display-component---newResourceUnit--newRRUPage-anchBar-application-manageresources-display-component---newResourceUnit--reference-anchor"}]}
RESULT: {"script":"<script> [1562 bytes]","args":[{"selector":{"id":"application-manageresources-display-component---newResourceUnit--newRRUPage-anchBar-application-manageresources-display-component---newResourceUnit--reference-anchor","interaction":{"idSuffix":"BDI-content"}},"wdio_ui5_key":"applicationmanageresources-display-component---newResourceUnit--newRRUPage-anchBar-application-manageresources-display-component---newResourceUnit--reference-anchor"}]}
RESULT: undefined
COMMAND: POST /session/b8a203b9eea9ca58b7eb9d1b420e99b6/element - {"using":"xpath","value":"//*[@id=\"application-manageresources-display-component---newResourceUnit--newRRUPage-anchBar-application-manageresources-display-component---newResourceUnit--reference-anchor\"]"}
RESULT: {"using":"xpath","value":"//*[@id=\"application-manageresources-display-component---newResourceUnit--newRRUPage-anchBar-application-manageresources-display-component---newResourceUnit--reference-anchor\"]"}
COMMAND: POST /session/b8a203b9eea9ca58b7eb9d1b420e99b6/element/f.C3D07913007EC519E918D4FD8EAE9792.d.6A646D071DB2E86F20CAC8C3EAA239F1.e.5706/click - {}
RESULT: {}
COMMAND: POST /session/b8a203b9eea9ca58b7eb9d1b420e99b6/execute/async - {"script":"<script> [1562 bytes]","args":[{"selector":{"id":"application-manageresources-display-component---newResourceUnit--PLANNING_GROUP-arrow"},"wdio_ui5_key":"applicationmanageresources-display-component---newResourceUnit--PLANNING_GROUP-arrow"}]}
COMMAND: GET /session/b8a203b9eea9ca58b7eb9d1b420e99b6/screenshot - {}
RESULT: {"script":"<script> [1562 bytes]","args":[{"selector":{"id":"application-manageresources-display-component---newResourceUnit--PLANNING_GROUP-arrow"},"wdio_ui5_key":"applicationmanageresources-display-component---newResourceUnit--PLANNING_GROUP-arrow"}]}
RESULT: undefined
COMMAND: POST /session/b8a203b9eea9ca58b7eb9d1b420e99b6/element - {"using":"xpath","value":"//*[@id=\"application-manageresources-display-component---newResourceUnit--PLANNING_GROUP-arrow\"]"}
RESULT: {}
RESULT: {"using":"xpath","value":"//*[@id=\"application-manageresources-display-component---newResourceUnit--PLANNING_GROUP-arrow\"]"}
COMMAND: POST /session/b8a203b9eea9ca58b7eb9d1b420e99b6/element/f.C3D07913007EC519E918D4FD8EAE9792.d.6A646D071DB2E86F20CAC8C3EAA239F1.e.5710/click - {}
RESULT: {}
COMMAND: POST /session/b8a203b9eea9ca58b7eb9d1b420e99b6/execute/async - {"script":"<script> [1562 bytes]","args":[{"selector":{"controlType":"sap.m.StandardListItem","viewName":"reusables.view.manageresources.NewResourceUnit","viewId":"application-manageresources-display-component---newResourceUnit","properties":{"title":"Heavy Equi"},"searchOpenDialogs":true,"interaction":{"idSuffix":"content"}},"wdio_ui5_key":"reusablesview.manageresources.NewResourceUnitsap.m.StandardListItem{\"title\":\"Heavy Equi\"}"}]}
COMMAND: GET /session/b8a203b9eea9ca58b7eb9d1b420e99b6/screenshot - {}
RESULT: {"script":"<script> [1562 bytes]","args":[{"selector":{"controlType":"sap.m.StandardListItem","viewName":"reusables.view.manageresources.NewResourceUnit","viewId":"application-manageresources-display-component---newResourceUnit","properties":{"title":"Heavy Equi"},"searchOpenDialogs":true,"interaction":{"idSuffix":"content"}},"wdio_ui5_key":"reusablesview.manageresources.NewResourceUnitsap.m.StandardListItem{\"title\":\"Heavy Equi\"}"}]}
RESULT: undefined
COMMAND: POST /session/b8a203b9eea9ca58b7eb9d1b420e99b6/element - {"using":"xpath","value":"//*[@id=\"__item275\"]"}
RESULT: {}
RESULT: {"using":"xpath","value":"//*[@id=\"__item275\"]"}
COMMAND: POST /session/b8a203b9eea9ca58b7eb9d1b420e99b6/element/f.C3D07913007EC519E918D4FD8EAE9792.d.6A646D071DB2E86F20CAC8C3EAA239F1.e.5712/click - {}
RESULT: {}
COMMAND: GET /session/b8a203b9eea9ca58b7eb9d1b420e99b6/screenshot - {}
RESULT: {}
COMMAND: POST /session/b8a203b9eea9ca58b7eb9d1b420e99b6/execute/async - {"script":"<script> [1562 bytes]","args":[{"selector":{"id":"application-manageresources-display-component---newResourceUnit--PLANNING_INDICATOR-arrow"},"wdio_ui5_key":"applicationmanageresources-display-component---newResourceUnit--PLANNING_INDICATOR-arrow"}]}
RESULT: {"script":"<script> [1562 bytes]","args":[{"selector":{"id":"application-manageresources-display-component---newResourceUnit--PLANNING_INDICATOR-arrow"},"wdio_ui5_key":"applicationmanageresources-display-component---newResourceUnit--PLANNING_INDICATOR-arrow"}]}
RESULT: undefined
COMMAND: POST /session/b8a203b9eea9ca58b7eb9d1b420e99b6/element - {"using":"xpath","value":"//*[@id=\"application-manageresources-display-component---newResourceUnit--PLANNING_INDICATOR-arrow\"]"}
RESULT: {"using":"xpath","value":"//*[@id=\"application-manageresources-display-component---newResourceUnit--PLANNING_INDICATOR-arrow\"]"}
COMMAND: POST /session/b8a203b9eea9ca58b7eb9d1b420e99b6/element/f.C3D07913007EC519E918D4FD8EAE9792.d.6A646D071DB2E86F20CAC8C3EAA239F1.e.5713/click - {}
RESULT: {}
COMMAND: POST /session/b8a203b9eea9ca58b7eb9d1b420e99b6/execute/async - {"script":"<script> [1562 bytes]","args":[{"selector":{"controlType":"sap.m.StandardListItem","viewName":"reusables.view.manageresources.NewResourceUnit","viewId":"application-manageresources-display-component---newResourceUnit","properties":{"title":"10 - infinite"},"searchOpenDialogs":true,"interaction":{"idSuffix":"content"}},"wdio_ui5_key":"reusablesview.manageresources.NewResourceUnitsap.m.StandardListItem{\"title\":\"10 - infinite\"}"}]}
COMMAND: GET /session/b8a203b9eea9ca58b7eb9d1b420e99b6/screenshot - {}
RESULT: {"script":"<script> [1562 bytes]","args":[{"selector":{"controlType":"sap.m.StandardListItem","viewName":"reusables.view.manageresources.NewResourceUnit","viewId":"application-manageresources-display-component---newResourceUnit","properties":{"title":"10 - infinite"},"searchOpenDialogs":true,"interaction":{"idSuffix":"content"}},"wdio_ui5_key":"reusablesview.manageresources.NewResourceUnitsap.m.StandardListItem{\"title\":\"10 - infinite\"}"}]}
RESULT: undefined
COMMAND: POST /session/b8a203b9eea9ca58b7eb9d1b420e99b6/element - {"using":"xpath","value":"//*[@id=\"__item285\"]"}
RESULT: {}
RESULT: {"using":"xpath","value":"//*[@id=\"__item285\"]"}
COMMAND: POST /session/b8a203b9eea9ca58b7eb9d1b420e99b6/element/f.C3D07913007EC519E918D4FD8EAE9792.d.6A646D071DB2E86F20CAC8C3EAA239F1.e.5715/click - {}
RESULT: {}
COMMAND: GET /session/b8a203b9eea9ca58b7eb9d1b420e99b6/screenshot - {}
RESULT: {}
COMMAND: POST /session/b8a203b9eea9ca58b7eb9d1b420e99b6/element - {"using":"xpath","value":"//bdi[contains(text(), \"Time Segment\")]"}
RESULT: {"using":"xpath","value":"//bdi[contains(text(), \"Time Segment\")]"}
COMMAND: GET /session/b8a203b9eea9ca58b7eb9d1b420e99b6/element/f.C3D07913007EC519E918D4FD8EAE9792.d.6A646D071DB2E86F20CAC8C3EAA239F1.e.5716/rect - {}
RESULT: {}
COMMAND: GET /session/b8a203b9eea9ca58b7eb9d1b420e99b6/window/rect - {}
RESULT: {}
COMMAND: POST /session/b8a203b9eea9ca58b7eb9d1b420e99b6/execute/sync - {"script":"<script> [92 bytes]","args":[]}
RESULT: {"script":"<script> [92 bytes]","args":[]}
COMMAND: POST /session/b8a203b9eea9ca58b7eb9d1b420e99b6/actions - {"actions":[{"id":"action16","type":"wheel","parameters":{},"actions":[{"type":"scroll","x":-1820,"y":-21,"deltaX":0,"deltaY":0,"duration":0,"origin":{"element-6066-11e4-a52e-4f735466cecf":"f.C3D07913007EC519E918D4FD8EAE9792.d.6A646D071DB2E86F20CAC8C3EAA239F1.e.5716"}}]}]}
COMMAND: GET /session/b8a203b9eea9ca58b7eb9d1b420e99b6/screenshot - {}
RESULT: {}
COMMAND: POST /session/b8a203b9eea9ca58b7eb9d1b420e99b6/execute/sync - {"script":"<script> [79 bytes]","args":[{"element-6066-11e4-a52e-4f735466cecf":"f.C3D07913007EC519E918D4FD8EAE9792.d.6A646D071DB2E86F20CAC8C3EAA239F1.e.5716","ELEMENT":"f.C3D07913007EC519E918D4FD8EAE9792.d.6A646D071DB2E86F20CAC8C3EAA239F1.e.5716"},{"block":"start","inline":"nearest"}]}
RESULT: {"script":"<script> [79 bytes]","args":[{"element-6066-11e4-a52e-4f735466cecf":"f.C3D07913007EC519E918D4FD8EAE9792.d.6A646D071DB2E86F20CAC8C3EAA239F1.e.5716","ELEMENT":"f.C3D07913007EC519E918D4FD8EAE9792.d.6A646D071DB2E86F20CAC8C3EAA239F1.e.5716"},{"block":"start","inline":"nearest"}]}
COMMAND: GET /session/b8a203b9eea9ca58b7eb9d1b420e99b6/screenshot - {}
RESULT: {}
COMMAND: POST /session/b8a203b9eea9ca58b7eb9d1b420e99b6/element - {"using":"xpath","value":"//span[@id=\"application-manageresources-display-component---newResourceUnit--btnAddTimeSegment-img\"]"}
RESULT: {"using":"xpath","value":"//span[@id=\"application-manageresources-display-component---newResourceUnit--btnAddTimeSegment-img\"]"}
COMMAND: POST /session/b8a203b9eea9ca58b7eb9d1b420e99b6/execute/sync - {"script":"<script> [8489 bytes]","args":[{"element-6066-11e4-a52e-4f735466cecf":"f.C3D07913007EC519E918D4FD8EAE9792.d.6A646D071DB2E86F20CAC8C3EAA239F1.e.5719","ELEMENT":"f.C3D07913007EC519E918D4FD8EAE9792.d.6A646D071DB2E86F20CAC8C3EAA239F1.e.5719"}]}
RESULT: {"script":"<script> [8489 bytes]","args":[{"element-6066-11e4-a52e-4f735466cecf":"f.C3D07913007EC519E918D4FD8EAE9792.d.6A646D071DB2E86F20CAC8C3EAA239F1.e.5719","ELEMENT":"f.C3D07913007EC519E918D4FD8EAE9792.d.6A646D071DB2E86F20CAC8C3EAA239F1.e.5719"}]}
COMMAND: POST /session/b8a203b9eea9ca58b7eb9d1b420e99b6/element/f.C3D07913007EC519E918D4FD8EAE9792.d.6A646D071DB2E86F20CAC8C3EAA239F1.e.5719/click - {}
COMMAND: GET /session/b8a203b9eea9ca58b7eb9d1b420e99b6/screenshot - {}
RESULT: {}
COMMAND: GET /session/b8a203b9eea9ca58b7eb9d1b420e99b6/screenshot - {}
RESULT: {}
RESULT: {}
COMMAND: POST /session/b8a203b9eea9ca58b7eb9d1b420e99b6/element - {"using":"xpath","value":"//input[@id=\"application-manageresources-display-component---newResourceUnit--idRuTSAdmin-application-manageresources-display-component---newResourceUnit--RUTimeSegment-0-inner\"]"}
RESULT: {"using":"xpath","value":"//input[@id=\"application-manageresources-display-component---newResourceUnit--idRuTSAdmin-application-manageresources-display-component---newResourceUnit--RUTimeSegment-0-inner\"]"}
COMMAND: POST /session/b8a203b9eea9ca58b7eb9d1b420e99b6/element/f.C3D07913007EC519E918D4FD8EAE9792.d.6A646D071DB2E86F20CAC8C3EAA239F1.e.5722/clear - {}
RESULT: {}
COMMAND: POST /session/b8a203b9eea9ca58b7eb9d1b420e99b6/element/f.C3D07913007EC519E918D4FD8EAE9792.d.6A646D071DB2E86F20CAC8C3EAA239F1.e.5722/value - {"text":"650"}
COMMAND: GET /session/b8a203b9eea9ca58b7eb9d1b420e99b6/screenshot - {}
RESULT: {"text":"650"}
COMMAND: GET /session/b8a203b9eea9ca58b7eb9d1b420e99b6/screenshot - {}
RESULT: {}
RESULT: {}
COMMAND: POST /session/b8a203b9eea9ca58b7eb9d1b420e99b6/actions - {"actions":[{"id":"action17","type":"key","parameters":{},"actions":[{"type":"keyDown","value":"î€‡"},{"type":"pause","duration":10},{"type":"keyUp","value":"î€‡"}]}]}
RESULT: {"actions":[{"id":"action17","type":"key","parameters":{},"actions":[{"type":"keyDown","value":"î€‡"},{"type":"pause","duration":10},{"type":"keyUp","value":"î€‡"}]}]}
COMMAND: GET /session/b8a203b9eea9ca58b7eb9d1b420e99b6/screenshot - {}
RESULT: {}
COMMAND: POST /session/b8a203b9eea9ca58b7eb9d1b420e99b6/execute/async - {"script":"<script> [1562 bytes]","args":[{"selector":{"controlType":"sap.m.Button","viewName":"reusables.view.manageresources.NewResourceUnit","viewId":"application-manageresources-display-component---newResourceUnit","i18NText":{"propertyName":"tooltip","key":"save"},"interaction":{"idSuffix":"BDI-content"}},"wdio_ui5_key":"reusablesview.manageresources.NewResourceUnitsap.m.Button{\"propertyName\":\"tooltip\",\"key\":\"save\"}"}]}
RESULT: {"script":"<script> [1562 bytes]","args":[{"selector":{"controlType":"sap.m.Button","viewName":"reusables.view.manageresources.NewResourceUnit","viewId":"application-manageresources-display-component---newResourceUnit","i18NText":{"propertyName":"tooltip","key":"save"},"interaction":{"idSuffix":"BDI-content"}},"wdio_ui5_key":"reusablesview.manageresources.NewResourceUnitsap.m.Button{\"propertyName\":\"tooltip\",\"key\":\"save\"}"}]}
RESULT: undefined
COMMAND: POST /session/b8a203b9eea9ca58b7eb9d1b420e99b6/element - {"using":"xpath","value":"//*[@id=\"application-manageresources-display-component---newResourceUnit--createRuButton\"]"}
RESULT: {"using":"xpath","value":"//*[@id=\"application-manageresources-display-component---newResourceUnit--createRuButton\"]"}
COMMAND: POST /session/b8a203b9eea9ca58b7eb9d1b420e99b6/element/f.C3D07913007EC519E918D4FD8EAE9792.d.6A646D071DB2E86F20CAC8C3EAA239F1.e.5584/click - {}
RESULT: {}
COMMAND: GET /session/b8a203b9eea9ca58b7eb9d1b420e99b6/screenshot - {}
RESULT: {}
COMMAND: POST /session/b8a203b9eea9ca58b7eb9d1b420e99b6/execute/async - {"script":"<script> [1562 bytes]","args":[{"selector":{"controlType":"sap.m.Title","properties":{"text":"Success"},"searchOpenDialogs":true},"wdio_ui5_key":"sapm.Title{\"text\":\"Success\"}"}]}
RESULT: {"script":"<script> [1562 bytes]","args":[{"selector":{"controlType":"sap.m.Title","properties":{"text":"Success"},"searchOpenDialogs":true},"wdio_ui5_key":"sapm.Title{\"text\":\"Success\"}"}]}
RESULT: undefined
COMMAND: POST /session/b8a203b9eea9ca58b7eb9d1b420e99b6/execute/async - {"script":"<script> [6424 bytes]","args":[{"element-6066-11e4-a52e-4f735466cecf":"f.C3D07913007EC519E918D4FD8EAE9792.d.6A646D071DB2E86F20CAC8C3EAA239F1.e.5737"},"getText",[]]}
RESULT: {"script":"<script> [6424 bytes]","args":[{"element-6066-11e4-a52e-4f735466cecf":"f.C3D07913007EC519E918D4FD8EAE9792.d.6A646D071DB2E86F20CAC8C3EAA239F1.e.5737"},"getText",[]]}
COMMAND: POST /session/b8a203b9eea9ca58b7eb9d1b420e99b6/element - {"using":"xpath","value":"//*[contains(@id, '__text') and (contains(text(), 'successfully created') or contains(., 'successfully created'))]"}
RESULT: {"using":"xpath","value":"//*[contains(@id, '__text') and (contains(text(), 'successfully created') or contains(., 'successfully created'))]"}
COMMAND: GET /session/b8a203b9eea9ca58b7eb9d1b420e99b6/element/f.C3D07913007EC519E918D4FD8EAE9792.d.6A646D071DB2E86F20CAC8C3EAA239F1.e.5736/text - {}
RESULT: {}
COMMAND: POST /session/b8a203b9eea9ca58b7eb9d1b420e99b6/execute/async - {"script":"<script> [1562 bytes]","args":[{"selector":{"controlType":"sap.m.Button","properties":{"text":"Close"},"searchOpenDialogs":true,"interaction":{"idSuffix":"BDI-content"}},"wdio_ui5_key":"sapm.Button{\"text\":\"Close\"}"}]}
RESULT: {"script":"<script> [1562 bytes]","args":[{"selector":{"controlType":"sap.m.Button","properties":{"text":"Close"},"searchOpenDialogs":true,"interaction":{"idSuffix":"BDI-content"}},"wdio_ui5_key":"sapm.Button{\"text\":\"Close\"}"}]}
RESULT: undefined
COMMAND: POST /session/b8a203b9eea9ca58b7eb9d1b420e99b6/element - {"using":"xpath","value":"//*[@id=\"__mbox-btn-0\"]"}
RESULT: {"using":"xpath","value":"//*[@id=\"__mbox-btn-0\"]"}
COMMAND: POST /session/b8a203b9eea9ca58b7eb9d1b420e99b6/element/f.C3D07913007EC519E918D4FD8EAE9792.d.6A646D071DB2E86F20CAC8C3EAA239F1.e.5733/click - {}
RESULT: {}
COMMAND: GET /session/b8a203b9eea9ca58b7eb9d1b420e99b6/screenshot - {}
RESULT: {}
COMMAND: POST /session/b8a203b9eea9ca58b7eb9d1b420e99b6/execute/async - {"script":"<script> [1562 bytes]","args":[{"selector":{"controlType":"sap.ui.core.Icon","viewName":"etm.portal.ui.manageresources.view.Detail","viewId":"application-manageresources-display-component---detailRU","properties":{"src":{"regex":{"source":"overflow"}}}},"wdio_ui5_key":"etmportal.ui.manageresources.view.Detailsap.ui.core.Icon{\"src\":{\"regex\":{\"source\":\"overflow\"}}}"}]}
RESULT: {"script":"<script> [1562 bytes]","args":[{"selector":{"controlType":"sap.ui.core.Icon","viewName":"etm.portal.ui.manageresources.view.Detail","viewId":"application-manageresources-display-component---detailRU","properties":{"src":{"regex":{"source":"overflow"}}}},"wdio_ui5_key":"etmportal.ui.manageresources.view.Detailsap.ui.core.Icon{\"src\":{\"regex\":{\"source\":\"overflow\"}}}"}]}
RESULT: undefined
COMMAND: POST /session/b8a203b9eea9ca58b7eb9d1b420e99b6/element - {"using":"xpath","value":"//*[@id=\"__title15-_actionsToolbar-overflowButton-img\"]"}
RESULT: {"using":"xpath","value":"//*[@id=\"__title15-_actionsToolbar-overflowButton-img\"]"}
COMMAND: POST /session/b8a203b9eea9ca58b7eb9d1b420e99b6/element/f.C3D07913007EC519E918D4FD8EAE9792.d.6A646D071DB2E86F20CAC8C3EAA239F1.e.5769/click - {}
RESULT: {}
COMMAND: POST /session/b8a203b9eea9ca58b7eb9d1b420e99b6/execute/async - {"script":"<script> [1562 bytes]","args":[{"selector":{"controlType":"sap.m.Button","viewName":"etm.portal.ui.manageresources.view.Detail","viewId":"application-manageresources-display-component---detailRU","i18NText":{"propertyName":"tooltip","key":"closeColumn"},"searchOpenDialogs":true,"interaction":{"idSuffix":"inner"}},"wdio_ui5_key":"etmportal.ui.manageresources.view.Detailsap.m.Button{\"propertyName\":\"tooltip\",\"key\":\"closeColumn\"}"}]}
COMMAND: GET /session/b8a203b9eea9ca58b7eb9d1b420e99b6/screenshot - {}
RESULT: {"script":"<script> [1562 bytes]","args":[{"selector":{"controlType":"sap.m.Button","viewName":"etm.portal.ui.manageresources.view.Detail","viewId":"application-manageresources-display-component---detailRU","i18NText":{"propertyName":"tooltip","key":"closeColumn"},"searchOpenDialogs":true,"interaction":{"idSuffix":"inner"}},"wdio_ui5_key":"etmportal.ui.manageresources.view.Detailsap.m.Button{\"propertyName\":\"tooltip\",\"key\":\"closeColumn\"}"}]}
RESULT: undefined
COMMAND: POST /session/b8a203b9eea9ca58b7eb9d1b420e99b6/element - {"using":"xpath","value":"//*[@id=\"__button47\"]"}
RESULT: {}
RESULT: {"using":"xpath","value":"//*[@id=\"__button47\"]"}
COMMAND: POST /session/b8a203b9eea9ca58b7eb9d1b420e99b6/element/f.C3D07913007EC519E918D4FD8EAE9792.d.6A646D071DB2E86F20CAC8C3EAA239F1.e.5771/click - {}
RESULT: {}
COMMAND: GET /session/b8a203b9eea9ca58b7eb9d1b420e99b6/screenshot - {}
RESULT: {}
COMMAND: POST /session/b8a203b9eea9ca58b7eb9d1b420e99b6/refresh - {}
RESULT: {}
COMMAND: GET /session/b8a203b9eea9ca58b7eb9d1b420e99b6/screenshot - {}
RESULT: {}
COMMAND: POST /session/b8a203b9eea9ca58b7eb9d1b420e99b6/refresh - {}
RESULT: {}
COMMAND: GET /session/b8a203b9eea9ca58b7eb9d1b420e99b6/screenshot - {}
RESULT: {}
COMMAND: POST /session/b8a203b9eea9ca58b7eb9d1b420e99b6/window/fullscreen - {}
RESULT: {}
COMMAND: POST /session/b8a203b9eea9ca58b7eb9d1b420e99b6/execute/async - {"script":"<script> [189 bytes]","args":[]}
RESULT: {"script":"<script> [189 bytes]","args":[]}
COMMAND: POST /session/b8a203b9eea9ca58b7eb9d1b420e99b6/execute/async - {"script":"<script> [123 bytes]","args":[]}
RESULT: {"script":"<script> [123 bytes]","args":[]}
COMMAND: POST /session/b8a203b9eea9ca58b7eb9d1b420e99b6/timeouts - {"script":"<number>"}
RESULT: {"script":"<number>"}
COMMAND: GET /session/b8a203b9eea9ca58b7eb9d1b420e99b6/timeouts - {}
RESULT: {}
RESULT: undefined
COMMAND: POST /session/b8a203b9eea9ca58b7eb9d1b420e99b6/execute/async - {"script":"<script> [2676 bytes]","args":[]}
RESULT: {"script":"<script> [2676 bytes]","args":[]}
COMMAND: POST /session/b8a203b9eea9ca58b7eb9d1b420e99b6/execute/async - {"script":"<script> [2342 bytes]","args":[{"protocol":"http","hostname":"0.0.0.0","path":"/","capabilities":{"browserName":"chrome","goog:chromeOptions":{"binary":"C:\\Program Files\\Google\\Chrome\\Application\\chrome.exe","args":["--start-maximized"]}},"logLevel":"warn","connectionRetryTimeout":120000,"connectionRetryCount":3,"logLevels":{},"enableDirectConnect":true,"strictSSL":true,"_":"65 more keys: [\"cacheDir\",\"port\",\"requestedCapabilities\",\"automationProtocol\",\"baseUrl\",\"waitforInterval\",\"waitforTimeout\",\"onReload\",\"beforeCommand\",\"afterCommand\",\"rootDir\",\"specs\",\"suites\",\"exclude\",\"groupLogsByTestSpec\",\"excludeDriverLogs\",\"bail\",\"framework\",\"reporters\",\"services\",\"maxInstances\",\"maxInstancesPerCapability\",\"injectGlobals\",\"filesToWatch\",\"execArgv\",\"runnerEnv\",\"runner\",\"shard\",\"specFileRetries\",\"specFileRetriesDelay\",\"specFileRetriesDeferred\",\"reporterSyncInterval\",\"reporterSyncTimeout\",\"cucumberFeaturesWithLineNumbers\",\"autoCompileOpts\",\"mochaOpts\",\"jasmineOpts\",\"cucumberOpts\",\"onPrepare\",\"onWorkerStart\",\"onWorkerEnd\",\"before\",\"beforeSession\",\"beforeSuite\",\"beforeHook\",\"beforeTest\",\"afterTest\",\"afterHook\",\"afterSuite\",\"afterSession\",\"after\",\"onComplete\",\"beforeAssertion\",\"afterAssertion\",\"beforeFeature\",\"beforeScenario\",\"beforeStep\",\"afterStep\",\"afterScenario\",\"afterFeature\",\"_\",\"suite\",\"$0\",\"ignoredWorkerServices\",\"wdi5\"]"}]}
RESULT: {"script":"<script> [2342 bytes]","args":[{"protocol":"http","hostname":"0.0.0.0","path":"/","capabilities":{"browserName":"chrome","goog:chromeOptions":{"binary":"C:\\Program Files\\Google\\Chrome\\Application\\chrome.exe","args":["--start-maximized"]}},"logLevel":"warn","connectionRetryTimeout":120000,"connectionRetryCount":3,"logLevels":{},"enableDirectConnect":true,"strictSSL":true,"_":"65 more keys: [\"cacheDir\",\"port\",\"requestedCapabilities\",\"automationProtocol\",\"baseUrl\",\"waitforInterval\",\"waitforTimeout\",\"onReload\",\"beforeCommand\",\"afterCommand\",\"rootDir\",\"specs\",\"suites\",\"exclude\",\"groupLogsByTestSpec\",\"excludeDriverLogs\",\"bail\",\"framework\",\"reporters\",\"services\",\"maxInstances\",\"maxInstancesPerCapability\",\"injectGlobals\",\"filesToWatch\",\"execArgv\",\"runnerEnv\",\"runner\",\"shard\",\"specFileRetries\",\"specFileRetriesDelay\",\"specFileRetriesDeferred\",\"reporterSyncInterval\",\"reporterSyncTimeout\",\"cucumberFeaturesWithLineNumbers\",\"autoCompileOpts\",\"mochaOpts\",\"jasmineOpts\",\"cucumberOpts\",\"onPrepare\",\"onWorkerStart\",\"onWorkerEnd\",\"before\",\"beforeSession\",\"beforeSuite\",\"beforeHook\",\"beforeTest\",\"afterTest\",\"afterHook\",\"afterSuite\",\"afterSession\",\"after\",\"onComplete\",\"beforeAssertion\",\"afterAssertion\",\"beforeFeature\",\"beforeScenario\",\"beforeStep\",\"afterStep\",\"afterScenario\",\"afterFeature\",\"_\",\"suite\",\"$0\",\"ignoredWorkerServices\",\"wdi5\"]"}]}
COMMAND: POST /session/b8a203b9eea9ca58b7eb9d1b420e99b6/execute/async - {"script":"<script> [21126 bytes]","args":[35000]}
RESULT: {"script":"<script> [21126 bytes]","args":[35000]}
]]></system-out>
    </testcase>
    <testcase classname="chrome.137_0_7151_56.windows.Create_2_RU_material_US118246" name="Create WHM material" time="208.336">
      <system-out><![CDATA[
COMMAND: POST /session/b8a203b9eea9ca58b7eb9d1b420e99b6/element - {"using":"xpath","value":"//button[@data-kt=\"addNewRUOverflowToolbarButton\"]"}
RESULT: {"using":"xpath","value":"//button[@data-kt=\"addNewRUOverflowToolbarButton\"]"}
COMMAND: POST /session/b8a203b9eea9ca58b7eb9d1b420e99b6/execute/sync - {"script":"<script> [8489 bytes]","args":[{"element-6066-11e4-a52e-4f735466cecf":"f.C3D07913007EC519E918D4FD8EAE9792.d.CCA80C30ADC107BFF8FE2C6DA095D81D.e.5912","ELEMENT":"f.C3D07913007EC519E918D4FD8EAE9792.d.CCA80C30ADC107BFF8FE2C6DA095D81D.e.5912"}]}
RESULT: {"script":"<script> [8489 bytes]","args":[{"element-6066-11e4-a52e-4f735466cecf":"f.C3D07913007EC519E918D4FD8EAE9792.d.CCA80C30ADC107BFF8FE2C6DA095D81D.e.5912","ELEMENT":"f.C3D07913007EC519E918D4FD8EAE9792.d.CCA80C30ADC107BFF8FE2C6DA095D81D.e.5912"}]}
COMMAND: POST /session/b8a203b9eea9ca58b7eb9d1b420e99b6/element/f.C3D07913007EC519E918D4FD8EAE9792.d.CCA80C30ADC107BFF8FE2C6DA095D81D.e.5912/click - {}
COMMAND: GET /session/b8a203b9eea9ca58b7eb9d1b420e99b6/screenshot - {}
RESULT: {}
COMMAND: GET /session/b8a203b9eea9ca58b7eb9d1b420e99b6/screenshot - {}
RESULT: {}
COMMAND: POST /session/b8a203b9eea9ca58b7eb9d1b420e99b6/execute/async - {"script":"<script> [1562 bytes]","args":[{"selector":{"controlType":"sap.m.ComboBox","viewName":"reusables.view.manageresources.NewResourceUnit","viewId":"application-manageresources-display-component---newResourceUnit","bindingPath":{"path":"","propertyPath":"/RuTypes","modelName":"catalogModel"},"searchOpenDialogs":true},"wdio_ui5_key":"reusablesview.manageresources.NewResourceUnitsap.m.ComboBox{\"path\":\"\",\"propertyPath\":\"/RuTypes\",\"modelName\":\"catalogModel\"}"}]}
RESULT: {}
RESULT: {"script":"<script> [1562 bytes]","args":[{"selector":{"controlType":"sap.m.ComboBox","viewName":"reusables.view.manageresources.NewResourceUnit","viewId":"application-manageresources-display-component---newResourceUnit","bindingPath":{"path":"","propertyPath":"/RuTypes","modelName":"catalogModel"},"searchOpenDialogs":true},"wdio_ui5_key":"reusablesview.manageresources.NewResourceUnitsap.m.ComboBox{\"path\":\"\",\"propertyPath\":\"/RuTypes\",\"modelName\":\"catalogModel\"}"}]}
RESULT: undefined
COMMAND: POST /session/b8a203b9eea9ca58b7eb9d1b420e99b6/execute/async - {"script":"<script> [1562 bytes]","args":[{"selector":{"controlType":"sap.m.ComboBox","viewName":"reusables.view.manageresources.NewResourceUnit","viewId":"application-manageresources-display-component---newResourceUnit","bindingPath":{"path":"","propertyPath":"/Yards","modelName":"catalogModel"},"searchOpenDialogs":true},"wdio_ui5_key":"reusablesview.manageresources.NewResourceUnitsap.m.ComboBox{\"path\":\"\",\"propertyPath\":\"/Yards\",\"modelName\":\"catalogModel\"}"}]}
RESULT: {"script":"<script> [1562 bytes]","args":[{"selector":{"controlType":"sap.m.ComboBox","viewName":"reusables.view.manageresources.NewResourceUnit","viewId":"application-manageresources-display-component---newResourceUnit","bindingPath":{"path":"","propertyPath":"/Yards","modelName":"catalogModel"},"searchOpenDialogs":true},"wdio_ui5_key":"reusablesview.manageresources.NewResourceUnitsap.m.ComboBox{\"path\":\"\",\"propertyPath\":\"/Yards\",\"modelName\":\"catalogModel\"}"}]}
RESULT: undefined
COMMAND: POST /session/b8a203b9eea9ca58b7eb9d1b420e99b6/execute/async - {"script":"<script> [1562 bytes]","args":[{"selector":{"controlType":"etm.portal.ui.reusables.customControls.LiveSearchComboBox","viewName":"reusables.view.manageresources.NewResourceUnit","viewId":"application-manageresources-display-component---newResourceUnit","bindingPath":{"path":"","propertyPath":"/CatalogItems","modelName":"catalogModel"},"searchOpenDialogs":true},"wdio_ui5_key":"reusablesview.manageresources.NewResourceUnitetm.portal.ui.reusables.customControls.LiveSearchComboBox{\"path\":\"\",\"propertyPath\":\"/CatalogItems\",\"modelName\":\"catalogModel\"}"}]}
RESULT: {"script":"<script> [1562 bytes]","args":[{"selector":{"controlType":"etm.portal.ui.reusables.customControls.LiveSearchComboBox","viewName":"reusables.view.manageresources.NewResourceUnit","viewId":"application-manageresources-display-component---newResourceUnit","bindingPath":{"path":"","propertyPath":"/CatalogItems","modelName":"catalogModel"},"searchOpenDialogs":true},"wdio_ui5_key":"reusablesview.manageresources.NewResourceUnitetm.portal.ui.reusables.customControls.LiveSearchComboBox{\"path\":\"\",\"propertyPath\":\"/CatalogItems\",\"modelName\":\"catalogModel\"}"}]}
RESULT: undefined
COMMAND: POST /session/b8a203b9eea9ca58b7eb9d1b420e99b6/element - {"using":"xpath","value":"//bdi[text()=\"OK\"]"}
RESULT: {"using":"xpath","value":"//bdi[text()=\"OK\"]"}
COMMAND: POST /session/b8a203b9eea9ca58b7eb9d1b420e99b6/elements - {"using":"xpath","value":"//bdi[text()=\"OK\"]"}
RESULT: {"using":"xpath","value":"//bdi[text()=\"OK\"]"}
COMMAND: POST /session/b8a203b9eea9ca58b7eb9d1b420e99b6/elements - {"using":"xpath","value":"//bdi[text()=\"OK\"]"}
RESULT: {"using":"xpath","value":"//bdi[text()=\"OK\"]"}
COMMAND: POST /session/b8a203b9eea9ca58b7eb9d1b420e99b6/elements - {"using":"xpath","value":"//bdi[text()=\"OK\"]"}
RESULT: {"using":"xpath","value":"//bdi[text()=\"OK\"]"}
COMMAND: POST /session/b8a203b9eea9ca58b7eb9d1b420e99b6/elements - {"using":"xpath","value":"//bdi[text()=\"OK\"]"}
RESULT: {"using":"xpath","value":"//bdi[text()=\"OK\"]"}
COMMAND: POST /session/b8a203b9eea9ca58b7eb9d1b420e99b6/elements - {"using":"xpath","value":"//bdi[text()=\"OK\"]"}
RESULT: {"using":"xpath","value":"//bdi[text()=\"OK\"]"}
COMMAND: POST /session/b8a203b9eea9ca58b7eb9d1b420e99b6/elements - {"using":"xpath","value":"//bdi[text()=\"OK\"]"}
RESULT: {"using":"xpath","value":"//bdi[text()=\"OK\"]"}
COMMAND: POST /session/b8a203b9eea9ca58b7eb9d1b420e99b6/elements - {"using":"xpath","value":"//bdi[text()=\"OK\"]"}
RESULT: {"using":"xpath","value":"//bdi[text()=\"OK\"]"}
COMMAND: POST /session/b8a203b9eea9ca58b7eb9d1b420e99b6/elements - {"using":"xpath","value":"//bdi[text()=\"OK\"]"}
RESULT: {"using":"xpath","value":"//bdi[text()=\"OK\"]"}
COMMAND: POST /session/b8a203b9eea9ca58b7eb9d1b420e99b6/elements - {"using":"xpath","value":"//bdi[text()=\"OK\"]"}
RESULT: {"using":"xpath","value":"//bdi[text()=\"OK\"]"}
COMMAND: POST /session/b8a203b9eea9ca58b7eb9d1b420e99b6/elements - {"using":"xpath","value":"//bdi[text()=\"OK\"]"}
RESULT: {"using":"xpath","value":"//bdi[text()=\"OK\"]"}
COMMAND: POST /session/b8a203b9eea9ca58b7eb9d1b420e99b6/elements - {"using":"xpath","value":"//bdi[text()=\"OK\"]"}
RESULT: {"using":"xpath","value":"//bdi[text()=\"OK\"]"}
COMMAND: POST /session/b8a203b9eea9ca58b7eb9d1b420e99b6/elements - {"using":"xpath","value":"//bdi[text()=\"OK\"]"}
RESULT: {"using":"xpath","value":"//bdi[text()=\"OK\"]"}
COMMAND: POST /session/b8a203b9eea9ca58b7eb9d1b420e99b6/elements - {"using":"xpath","value":"//bdi[text()=\"OK\"]"}
RESULT: {"using":"xpath","value":"//bdi[text()=\"OK\"]"}
COMMAND: POST /session/b8a203b9eea9ca58b7eb9d1b420e99b6/elements - {"using":"xpath","value":"//bdi[text()=\"OK\"]"}
RESULT: {"using":"xpath","value":"//bdi[text()=\"OK\"]"}
COMMAND: POST /session/b8a203b9eea9ca58b7eb9d1b420e99b6/elements - {"using":"xpath","value":"//bdi[text()=\"OK\"]"}
RESULT: {"using":"xpath","value":"//bdi[text()=\"OK\"]"}
COMMAND: POST /session/b8a203b9eea9ca58b7eb9d1b420e99b6/elements - {"using":"xpath","value":"//bdi[text()=\"OK\"]"}
RESULT: {"using":"xpath","value":"//bdi[text()=\"OK\"]"}
COMMAND: POST /session/b8a203b9eea9ca58b7eb9d1b420e99b6/elements - {"using":"xpath","value":"//bdi[text()=\"OK\"]"}
RESULT: {"using":"xpath","value":"//bdi[text()=\"OK\"]"}
COMMAND: POST /session/b8a203b9eea9ca58b7eb9d1b420e99b6/elements - {"using":"xpath","value":"//bdi[text()=\"OK\"]"}
RESULT: {"using":"xpath","value":"//bdi[text()=\"OK\"]"}
COMMAND: POST /session/b8a203b9eea9ca58b7eb9d1b420e99b6/elements - {"using":"xpath","value":"//bdi[text()=\"OK\"]"}
RESULT: {"using":"xpath","value":"//bdi[text()=\"OK\"]"}
COMMAND: POST /session/b8a203b9eea9ca58b7eb9d1b420e99b6/elements - {"using":"xpath","value":"//bdi[text()=\"OK\"]"}
RESULT: {"using":"xpath","value":"//bdi[text()=\"OK\"]"}
COMMAND: POST /session/b8a203b9eea9ca58b7eb9d1b420e99b6/elements - {"using":"xpath","value":"//bdi[text()=\"OK\"]"}
RESULT: {"using":"xpath","value":"//bdi[text()=\"OK\"]"}
COMMAND: POST /session/b8a203b9eea9ca58b7eb9d1b420e99b6/elements - {"using":"xpath","value":"//bdi[text()=\"OK\"]"}
RESULT: {"using":"xpath","value":"//bdi[text()=\"OK\"]"}
COMMAND: POST /session/b8a203b9eea9ca58b7eb9d1b420e99b6/elements - {"using":"xpath","value":"//bdi[text()=\"OK\"]"}
RESULT: {"using":"xpath","value":"//bdi[text()=\"OK\"]"}
COMMAND: POST /session/b8a203b9eea9ca58b7eb9d1b420e99b6/elements - {"using":"xpath","value":"//bdi[text()=\"OK\"]"}
RESULT: {"using":"xpath","value":"//bdi[text()=\"OK\"]"}
COMMAND: POST /session/b8a203b9eea9ca58b7eb9d1b420e99b6/elements - {"using":"xpath","value":"//bdi[text()=\"OK\"]"}
RESULT: {"using":"xpath","value":"//bdi[text()=\"OK\"]"}
COMMAND: POST /session/b8a203b9eea9ca58b7eb9d1b420e99b6/elements - {"using":"xpath","value":"//bdi[text()=\"OK\"]"}
RESULT: {"using":"xpath","value":"//bdi[text()=\"OK\"]"}
COMMAND: POST /session/b8a203b9eea9ca58b7eb9d1b420e99b6/elements - {"using":"xpath","value":"//bdi[text()=\"OK\"]"}
RESULT: {"using":"xpath","value":"//bdi[text()=\"OK\"]"}
COMMAND: POST /session/b8a203b9eea9ca58b7eb9d1b420e99b6/elements - {"using":"xpath","value":"//bdi[text()=\"OK\"]"}
RESULT: {"using":"xpath","value":"//bdi[text()=\"OK\"]"}
COMMAND: POST /session/b8a203b9eea9ca58b7eb9d1b420e99b6/elements - {"using":"xpath","value":"//bdi[text()=\"OK\"]"}
RESULT: {"using":"xpath","value":"//bdi[text()=\"OK\"]"}
COMMAND: POST /session/b8a203b9eea9ca58b7eb9d1b420e99b6/elements - {"using":"xpath","value":"//bdi[text()=\"OK\"]"}
RESULT: {"using":"xpath","value":"//bdi[text()=\"OK\"]"}
COMMAND: POST /session/b8a203b9eea9ca58b7eb9d1b420e99b6/elements - {"using":"xpath","value":"//bdi[text()=\"OK\"]"}
RESULT: {"using":"xpath","value":"//bdi[text()=\"OK\"]"}
COMMAND: POST /session/b8a203b9eea9ca58b7eb9d1b420e99b6/elements - {"using":"xpath","value":"//bdi[text()=\"OK\"]"}
RESULT: {"using":"xpath","value":"//bdi[text()=\"OK\"]"}
COMMAND: POST /session/b8a203b9eea9ca58b7eb9d1b420e99b6/elements - {"using":"xpath","value":"//bdi[text()=\"OK\"]"}
RESULT: {"using":"xpath","value":"//bdi[text()=\"OK\"]"}
COMMAND: POST /session/b8a203b9eea9ca58b7eb9d1b420e99b6/elements - {"using":"xpath","value":"//bdi[text()=\"OK\"]"}
RESULT: {"using":"xpath","value":"//bdi[text()=\"OK\"]"}
COMMAND: POST /session/b8a203b9eea9ca58b7eb9d1b420e99b6/elements - {"using":"xpath","value":"//bdi[text()=\"OK\"]"}
RESULT: {"using":"xpath","value":"//bdi[text()=\"OK\"]"}
COMMAND: POST /session/b8a203b9eea9ca58b7eb9d1b420e99b6/elements - {"using":"xpath","value":"//bdi[text()=\"OK\"]"}
RESULT: {"using":"xpath","value":"//bdi[text()=\"OK\"]"}
COMMAND: POST /session/b8a203b9eea9ca58b7eb9d1b420e99b6/elements - {"using":"xpath","value":"//bdi[text()=\"OK\"]"}
RESULT: {"using":"xpath","value":"//bdi[text()=\"OK\"]"}
COMMAND: POST /session/b8a203b9eea9ca58b7eb9d1b420e99b6/elements - {"using":"xpath","value":"//bdi[text()=\"OK\"]"}
RESULT: {"using":"xpath","value":"//bdi[text()=\"OK\"]"}
COMMAND: POST /session/b8a203b9eea9ca58b7eb9d1b420e99b6/elements - {"using":"xpath","value":"//bdi[text()=\"OK\"]"}
RESULT: {"using":"xpath","value":"//bdi[text()=\"OK\"]"}
COMMAND: POST /session/b8a203b9eea9ca58b7eb9d1b420e99b6/elements - {"using":"xpath","value":"//bdi[text()=\"OK\"]"}
RESULT: {"using":"xpath","value":"//bdi[text()=\"OK\"]"}
COMMAND: POST /session/b8a203b9eea9ca58b7eb9d1b420e99b6/elements - {"using":"xpath","value":"//bdi[text()=\"OK\"]"}
RESULT: {"using":"xpath","value":"//bdi[text()=\"OK\"]"}
COMMAND: POST /session/b8a203b9eea9ca58b7eb9d1b420e99b6/elements - {"using":"xpath","value":"//bdi[text()=\"OK\"]"}
RESULT: {"using":"xpath","value":"//bdi[text()=\"OK\"]"}
COMMAND: POST /session/b8a203b9eea9ca58b7eb9d1b420e99b6/elements - {"using":"xpath","value":"//bdi[text()=\"OK\"]"}
RESULT: {"using":"xpath","value":"//bdi[text()=\"OK\"]"}
COMMAND: POST /session/b8a203b9eea9ca58b7eb9d1b420e99b6/elements - {"using":"xpath","value":"//bdi[text()=\"OK\"]"}
RESULT: {"using":"xpath","value":"//bdi[text()=\"OK\"]"}
COMMAND: POST /session/b8a203b9eea9ca58b7eb9d1b420e99b6/elements - {"using":"xpath","value":"//bdi[text()=\"OK\"]"}
RESULT: {"using":"xpath","value":"//bdi[text()=\"OK\"]"}
COMMAND: POST /session/b8a203b9eea9ca58b7eb9d1b420e99b6/elements - {"using":"xpath","value":"//bdi[text()=\"OK\"]"}
RESULT: {"using":"xpath","value":"//bdi[text()=\"OK\"]"}
COMMAND: POST /session/b8a203b9eea9ca58b7eb9d1b420e99b6/elements - {"using":"xpath","value":"//bdi[text()=\"OK\"]"}
RESULT: {"using":"xpath","value":"//bdi[text()=\"OK\"]"}
COMMAND: POST /session/b8a203b9eea9ca58b7eb9d1b420e99b6/elements - {"using":"xpath","value":"//bdi[text()=\"OK\"]"}
RESULT: {"using":"xpath","value":"//bdi[text()=\"OK\"]"}
COMMAND: POST /session/b8a203b9eea9ca58b7eb9d1b420e99b6/elements - {"using":"xpath","value":"//bdi[text()=\"OK\"]"}
RESULT: {"using":"xpath","value":"//bdi[text()=\"OK\"]"}
COMMAND: POST /session/b8a203b9eea9ca58b7eb9d1b420e99b6/elements - {"using":"xpath","value":"//bdi[text()=\"OK\"]"}
RESULT: {"using":"xpath","value":"//bdi[text()=\"OK\"]"}
COMMAND: POST /session/b8a203b9eea9ca58b7eb9d1b420e99b6/elements - {"using":"xpath","value":"//bdi[text()=\"OK\"]"}
RESULT: {"using":"xpath","value":"//bdi[text()=\"OK\"]"}
COMMAND: POST /session/b8a203b9eea9ca58b7eb9d1b420e99b6/elements - {"using":"xpath","value":"//bdi[text()=\"OK\"]"}
RESULT: {"using":"xpath","value":"//bdi[text()=\"OK\"]"}
COMMAND: POST /session/b8a203b9eea9ca58b7eb9d1b420e99b6/elements - {"using":"xpath","value":"//bdi[text()=\"OK\"]"}
RESULT: {"using":"xpath","value":"//bdi[text()=\"OK\"]"}
COMMAND: POST /session/b8a203b9eea9ca58b7eb9d1b420e99b6/elements - {"using":"xpath","value":"//bdi[text()=\"OK\"]"}
RESULT: {"using":"xpath","value":"//bdi[text()=\"OK\"]"}
COMMAND: POST /session/b8a203b9eea9ca58b7eb9d1b420e99b6/elements - {"using":"xpath","value":"//bdi[text()=\"OK\"]"}
RESULT: {"using":"xpath","value":"//bdi[text()=\"OK\"]"}
COMMAND: POST /session/b8a203b9eea9ca58b7eb9d1b420e99b6/elements - {"using":"xpath","value":"//bdi[text()=\"OK\"]"}
RESULT: {"using":"xpath","value":"//bdi[text()=\"OK\"]"}
COMMAND: POST /session/b8a203b9eea9ca58b7eb9d1b420e99b6/elements - {"using":"xpath","value":"//bdi[text()=\"OK\"]"}
RESULT: {"using":"xpath","value":"//bdi[text()=\"OK\"]"}
COMMAND: POST /session/b8a203b9eea9ca58b7eb9d1b420e99b6/elements - {"using":"xpath","value":"//bdi[text()=\"OK\"]"}
RESULT: {"using":"xpath","value":"//bdi[text()=\"OK\"]"}
COMMAND: POST /session/b8a203b9eea9ca58b7eb9d1b420e99b6/elements - {"using":"xpath","value":"//bdi[text()=\"OK\"]"}
RESULT: {"using":"xpath","value":"//bdi[text()=\"OK\"]"}
COMMAND: POST /session/b8a203b9eea9ca58b7eb9d1b420e99b6/elements - {"using":"xpath","value":"//bdi[text()=\"OK\"]"}
RESULT: {"using":"xpath","value":"//bdi[text()=\"OK\"]"}
COMMAND: POST /session/b8a203b9eea9ca58b7eb9d1b420e99b6/elements - {"using":"xpath","value":"//bdi[text()=\"OK\"]"}
RESULT: {"using":"xpath","value":"//bdi[text()=\"OK\"]"}
COMMAND: POST /session/b8a203b9eea9ca58b7eb9d1b420e99b6/elements - {"using":"xpath","value":"//bdi[text()=\"OK\"]"}
RESULT: {"using":"xpath","value":"//bdi[text()=\"OK\"]"}
COMMAND: POST /session/b8a203b9eea9ca58b7eb9d1b420e99b6/elements - {"using":"xpath","value":"//bdi[text()=\"OK\"]"}
RESULT: {"using":"xpath","value":"//bdi[text()=\"OK\"]"}
COMMAND: POST /session/b8a203b9eea9ca58b7eb9d1b420e99b6/elements - {"using":"xpath","value":"//bdi[text()=\"OK\"]"}
RESULT: {"using":"xpath","value":"//bdi[text()=\"OK\"]"}
COMMAND: POST /session/b8a203b9eea9ca58b7eb9d1b420e99b6/elements - {"using":"xpath","value":"//bdi[text()=\"OK\"]"}
RESULT: {"using":"xpath","value":"//bdi[text()=\"OK\"]"}
COMMAND: POST /session/b8a203b9eea9ca58b7eb9d1b420e99b6/elements - {"using":"xpath","value":"//bdi[text()=\"OK\"]"}
RESULT: {"using":"xpath","value":"//bdi[text()=\"OK\"]"}
COMMAND: POST /session/b8a203b9eea9ca58b7eb9d1b420e99b6/elements - {"using":"xpath","value":"//bdi[text()=\"OK\"]"}
RESULT: {"using":"xpath","value":"//bdi[text()=\"OK\"]"}
COMMAND: POST /session/b8a203b9eea9ca58b7eb9d1b420e99b6/elements - {"using":"xpath","value":"//bdi[text()=\"OK\"]"}
RESULT: {"using":"xpath","value":"//bdi[text()=\"OK\"]"}
COMMAND: POST /session/b8a203b9eea9ca58b7eb9d1b420e99b6/elements - {"using":"xpath","value":"//bdi[text()=\"OK\"]"}
RESULT: {"using":"xpath","value":"//bdi[text()=\"OK\"]"}
COMMAND: POST /session/b8a203b9eea9ca58b7eb9d1b420e99b6/elements - {"using":"xpath","value":"//bdi[text()=\"OK\"]"}
RESULT: {"using":"xpath","value":"//bdi[text()=\"OK\"]"}
COMMAND: POST /session/b8a203b9eea9ca58b7eb9d1b420e99b6/elements - {"using":"xpath","value":"//bdi[text()=\"OK\"]"}
RESULT: {"using":"xpath","value":"//bdi[text()=\"OK\"]"}
COMMAND: POST /session/b8a203b9eea9ca58b7eb9d1b420e99b6/elements - {"using":"xpath","value":"//bdi[text()=\"OK\"]"}
RESULT: {"using":"xpath","value":"//bdi[text()=\"OK\"]"}
COMMAND: POST /session/b8a203b9eea9ca58b7eb9d1b420e99b6/elements - {"using":"xpath","value":"//bdi[text()=\"OK\"]"}
RESULT: {"using":"xpath","value":"//bdi[text()=\"OK\"]"}
COMMAND: POST /session/b8a203b9eea9ca58b7eb9d1b420e99b6/elements - {"using":"xpath","value":"//bdi[text()=\"OK\"]"}
RESULT: {"using":"xpath","value":"//bdi[text()=\"OK\"]"}
COMMAND: POST /session/b8a203b9eea9ca58b7eb9d1b420e99b6/elements - {"using":"xpath","value":"//bdi[text()=\"OK\"]"}
RESULT: {"using":"xpath","value":"//bdi[text()=\"OK\"]"}
COMMAND: POST /session/b8a203b9eea9ca58b7eb9d1b420e99b6/elements - {"using":"xpath","value":"//bdi[text()=\"OK\"]"}
RESULT: {"using":"xpath","value":"//bdi[text()=\"OK\"]"}
COMMAND: POST /session/b8a203b9eea9ca58b7eb9d1b420e99b6/elements - {"using":"xpath","value":"//bdi[text()=\"OK\"]"}
RESULT: {"using":"xpath","value":"//bdi[text()=\"OK\"]"}
COMMAND: POST /session/b8a203b9eea9ca58b7eb9d1b420e99b6/elements - {"using":"xpath","value":"//bdi[text()=\"OK\"]"}
RESULT: {"using":"xpath","value":"//bdi[text()=\"OK\"]"}
COMMAND: POST /session/b8a203b9eea9ca58b7eb9d1b420e99b6/elements - {"using":"xpath","value":"//bdi[text()=\"OK\"]"}
RESULT: {"using":"xpath","value":"//bdi[text()=\"OK\"]"}
COMMAND: POST /session/b8a203b9eea9ca58b7eb9d1b420e99b6/elements - {"using":"xpath","value":"//bdi[text()=\"OK\"]"}
RESULT: {"using":"xpath","value":"//bdi[text()=\"OK\"]"}
COMMAND: POST /session/b8a203b9eea9ca58b7eb9d1b420e99b6/elements - {"using":"xpath","value":"//bdi[text()=\"OK\"]"}
RESULT: {"using":"xpath","value":"//bdi[text()=\"OK\"]"}
COMMAND: POST /session/b8a203b9eea9ca58b7eb9d1b420e99b6/elements - {"using":"xpath","value":"//bdi[text()=\"OK\"]"}
RESULT: {"using":"xpath","value":"//bdi[text()=\"OK\"]"}
COMMAND: POST /session/b8a203b9eea9ca58b7eb9d1b420e99b6/elements - {"using":"xpath","value":"//bdi[text()=\"OK\"]"}
RESULT: {"using":"xpath","value":"//bdi[text()=\"OK\"]"}
COMMAND: POST /session/b8a203b9eea9ca58b7eb9d1b420e99b6/elements - {"using":"xpath","value":"//bdi[text()=\"OK\"]"}
RESULT: {"using":"xpath","value":"//bdi[text()=\"OK\"]"}
COMMAND: POST /session/b8a203b9eea9ca58b7eb9d1b420e99b6/elements - {"using":"xpath","value":"//bdi[text()=\"OK\"]"}
RESULT: {"using":"xpath","value":"//bdi[text()=\"OK\"]"}
COMMAND: POST /session/b8a203b9eea9ca58b7eb9d1b420e99b6/elements - {"using":"xpath","value":"//bdi[text()=\"OK\"]"}
RESULT: {"using":"xpath","value":"//bdi[text()=\"OK\"]"}
COMMAND: POST /session/b8a203b9eea9ca58b7eb9d1b420e99b6/elements - {"using":"xpath","value":"//bdi[text()=\"OK\"]"}
RESULT: {"using":"xpath","value":"//bdi[text()=\"OK\"]"}
COMMAND: POST /session/b8a203b9eea9ca58b7eb9d1b420e99b6/elements - {"using":"xpath","value":"//bdi[text()=\"OK\"]"}
RESULT: {"using":"xpath","value":"//bdi[text()=\"OK\"]"}
COMMAND: POST /session/b8a203b9eea9ca58b7eb9d1b420e99b6/elements - {"using":"xpath","value":"//bdi[text()=\"OK\"]"}
RESULT: {"using":"xpath","value":"//bdi[text()=\"OK\"]"}
COMMAND: POST /session/b8a203b9eea9ca58b7eb9d1b420e99b6/elements - {"using":"xpath","value":"//bdi[text()=\"OK\"]"}
RESULT: {"using":"xpath","value":"//bdi[text()=\"OK\"]"}
COMMAND: POST /session/b8a203b9eea9ca58b7eb9d1b420e99b6/elements - {"using":"xpath","value":"//bdi[text()=\"OK\"]"}
RESULT: {"using":"xpath","value":"//bdi[text()=\"OK\"]"}
COMMAND: POST /session/b8a203b9eea9ca58b7eb9d1b420e99b6/elements - {"using":"xpath","value":"//bdi[text()=\"OK\"]"}
RESULT: {"using":"xpath","value":"//bdi[text()=\"OK\"]"}
COMMAND: POST /session/b8a203b9eea9ca58b7eb9d1b420e99b6/elements - {"using":"xpath","value":"//bdi[text()=\"OK\"]"}
RESULT: {"using":"xpath","value":"//bdi[text()=\"OK\"]"}
COMMAND: POST /session/b8a203b9eea9ca58b7eb9d1b420e99b6/elements - {"using":"xpath","value":"//bdi[text()=\"OK\"]"}
RESULT: {"using":"xpath","value":"//bdi[text()=\"OK\"]"}
COMMAND: POST /session/b8a203b9eea9ca58b7eb9d1b420e99b6/elements - {"using":"xpath","value":"//bdi[text()=\"OK\"]"}
RESULT: {"using":"xpath","value":"//bdi[text()=\"OK\"]"}
COMMAND: POST /session/b8a203b9eea9ca58b7eb9d1b420e99b6/elements - {"using":"xpath","value":"//bdi[text()=\"OK\"]"}
RESULT: {"using":"xpath","value":"//bdi[text()=\"OK\"]"}
COMMAND: POST /session/b8a203b9eea9ca58b7eb9d1b420e99b6/elements - {"using":"xpath","value":"//bdi[text()=\"OK\"]"}
RESULT: {"using":"xpath","value":"//bdi[text()=\"OK\"]"}
COMMAND: POST /session/b8a203b9eea9ca58b7eb9d1b420e99b6/elements - {"using":"xpath","value":"//bdi[text()=\"OK\"]"}
RESULT: {"using":"xpath","value":"//bdi[text()=\"OK\"]"}
COMMAND: POST /session/b8a203b9eea9ca58b7eb9d1b420e99b6/elements - {"using":"xpath","value":"//bdi[text()=\"OK\"]"}
RESULT: {"using":"xpath","value":"//bdi[text()=\"OK\"]"}
COMMAND: POST /session/b8a203b9eea9ca58b7eb9d1b420e99b6/elements - {"using":"xpath","value":"//bdi[text()=\"OK\"]"}
RESULT: {"using":"xpath","value":"//bdi[text()=\"OK\"]"}
COMMAND: POST /session/b8a203b9eea9ca58b7eb9d1b420e99b6/elements - {"using":"xpath","value":"//bdi[text()=\"OK\"]"}
RESULT: {"using":"xpath","value":"//bdi[text()=\"OK\"]"}
COMMAND: POST /session/b8a203b9eea9ca58b7eb9d1b420e99b6/elements - {"using":"xpath","value":"//bdi[text()=\"OK\"]"}
RESULT: {"using":"xpath","value":"//bdi[text()=\"OK\"]"}
COMMAND: POST /session/b8a203b9eea9ca58b7eb9d1b420e99b6/elements - {"using":"xpath","value":"//bdi[text()=\"OK\"]"}
RESULT: {"using":"xpath","value":"//bdi[text()=\"OK\"]"}
COMMAND: POST /session/b8a203b9eea9ca58b7eb9d1b420e99b6/elements - {"using":"xpath","value":"//bdi[text()=\"OK\"]"}
RESULT: {"using":"xpath","value":"//bdi[text()=\"OK\"]"}
COMMAND: POST /session/b8a203b9eea9ca58b7eb9d1b420e99b6/elements - {"using":"xpath","value":"//bdi[text()=\"OK\"]"}
RESULT: {"using":"xpath","value":"//bdi[text()=\"OK\"]"}
COMMAND: POST /session/b8a203b9eea9ca58b7eb9d1b420e99b6/elements - {"using":"xpath","value":"//bdi[text()=\"OK\"]"}
RESULT: {"using":"xpath","value":"//bdi[text()=\"OK\"]"}
COMMAND: POST /session/b8a203b9eea9ca58b7eb9d1b420e99b6/elements - {"using":"xpath","value":"//bdi[text()=\"OK\"]"}
RESULT: {"using":"xpath","value":"//bdi[text()=\"OK\"]"}
COMMAND: POST /session/b8a203b9eea9ca58b7eb9d1b420e99b6/elements - {"using":"xpath","value":"//bdi[text()=\"OK\"]"}
RESULT: {"using":"xpath","value":"//bdi[text()=\"OK\"]"}
COMMAND: POST /session/b8a203b9eea9ca58b7eb9d1b420e99b6/elements - {"using":"xpath","value":"//bdi[text()=\"OK\"]"}
RESULT: {"using":"xpath","value":"//bdi[text()=\"OK\"]"}
COMMAND: POST /session/b8a203b9eea9ca58b7eb9d1b420e99b6/elements - {"using":"xpath","value":"//bdi[text()=\"OK\"]"}
RESULT: {"using":"xpath","value":"//bdi[text()=\"OK\"]"}
COMMAND: POST /session/b8a203b9eea9ca58b7eb9d1b420e99b6/elements - {"using":"xpath","value":"//bdi[text()=\"OK\"]"}
RESULT: {"using":"xpath","value":"//bdi[text()=\"OK\"]"}
COMMAND: POST /session/b8a203b9eea9ca58b7eb9d1b420e99b6/elements - {"using":"xpath","value":"//bdi[text()=\"OK\"]"}
RESULT: {"using":"xpath","value":"//bdi[text()=\"OK\"]"}
COMMAND: POST /session/b8a203b9eea9ca58b7eb9d1b420e99b6/elements - {"using":"xpath","value":"//bdi[text()=\"OK\"]"}
RESULT: {"using":"xpath","value":"//bdi[text()=\"OK\"]"}
COMMAND: POST /session/b8a203b9eea9ca58b7eb9d1b420e99b6/elements - {"using":"xpath","value":"//bdi[text()=\"OK\"]"}
RESULT: {"using":"xpath","value":"//bdi[text()=\"OK\"]"}
COMMAND: POST /session/b8a203b9eea9ca58b7eb9d1b420e99b6/elements - {"using":"xpath","value":"//bdi[text()=\"OK\"]"}
RESULT: {"using":"xpath","value":"//bdi[text()=\"OK\"]"}
COMMAND: POST /session/b8a203b9eea9ca58b7eb9d1b420e99b6/elements - {"using":"xpath","value":"//bdi[text()=\"OK\"]"}
RESULT: {"using":"xpath","value":"//bdi[text()=\"OK\"]"}
COMMAND: POST /session/b8a203b9eea9ca58b7eb9d1b420e99b6/elements - {"using":"xpath","value":"//bdi[text()=\"OK\"]"}
RESULT: {"using":"xpath","value":"//bdi[text()=\"OK\"]"}
COMMAND: POST /session/b8a203b9eea9ca58b7eb9d1b420e99b6/elements - {"using":"xpath","value":"//bdi[text()=\"OK\"]"}
RESULT: {"using":"xpath","value":"//bdi[text()=\"OK\"]"}
COMMAND: POST /session/b8a203b9eea9ca58b7eb9d1b420e99b6/elements - {"using":"xpath","value":"//bdi[text()=\"OK\"]"}
RESULT: {"using":"xpath","value":"//bdi[text()=\"OK\"]"}
COMMAND: POST /session/b8a203b9eea9ca58b7eb9d1b420e99b6/elements - {"using":"xpath","value":"//bdi[text()=\"OK\"]"}
RESULT: {"using":"xpath","value":"//bdi[text()=\"OK\"]"}
COMMAND: POST /session/b8a203b9eea9ca58b7eb9d1b420e99b6/element - {"using":"xpath","value":"//bdi[text()=\"OK\"]"}
RESULT: {"using":"xpath","value":"//bdi[text()=\"OK\"]"}
COMMAND: POST /session/b8a203b9eea9ca58b7eb9d1b420e99b6/elements - {"using":"xpath","value":"//bdi[text()=\"OK\"]"}
RESULT: {"using":"xpath","value":"//bdi[text()=\"OK\"]"}
COMMAND: POST /session/b8a203b9eea9ca58b7eb9d1b420e99b6/elements - {"using":"xpath","value":"//bdi[text()=\"OK\"]"}
RESULT: {"using":"xpath","value":"//bdi[text()=\"OK\"]"}
COMMAND: POST /session/b8a203b9eea9ca58b7eb9d1b420e99b6/elements - {"using":"xpath","value":"//bdi[text()=\"OK\"]"}
RESULT: {"using":"xpath","value":"//bdi[text()=\"OK\"]"}
COMMAND: POST /session/b8a203b9eea9ca58b7eb9d1b420e99b6/elements - {"using":"xpath","value":"//bdi[text()=\"OK\"]"}
RESULT: {"using":"xpath","value":"//bdi[text()=\"OK\"]"}
COMMAND: POST /session/b8a203b9eea9ca58b7eb9d1b420e99b6/elements - {"using":"xpath","value":"//bdi[text()=\"OK\"]"}
RESULT: {"using":"xpath","value":"//bdi[text()=\"OK\"]"}
COMMAND: POST /session/b8a203b9eea9ca58b7eb9d1b420e99b6/elements - {"using":"xpath","value":"//bdi[text()=\"OK\"]"}
RESULT: {"using":"xpath","value":"//bdi[text()=\"OK\"]"}
COMMAND: POST /session/b8a203b9eea9ca58b7eb9d1b420e99b6/elements - {"using":"xpath","value":"//bdi[text()=\"OK\"]"}
RESULT: {"using":"xpath","value":"//bdi[text()=\"OK\"]"}
COMMAND: POST /session/b8a203b9eea9ca58b7eb9d1b420e99b6/elements - {"using":"xpath","value":"//bdi[text()=\"OK\"]"}
RESULT: {"using":"xpath","value":"//bdi[text()=\"OK\"]"}
COMMAND: POST /session/b8a203b9eea9ca58b7eb9d1b420e99b6/elements - {"using":"xpath","value":"//bdi[text()=\"OK\"]"}
RESULT: {"using":"xpath","value":"//bdi[text()=\"OK\"]"}
COMMAND: POST /session/b8a203b9eea9ca58b7eb9d1b420e99b6/elements - {"using":"xpath","value":"//bdi[text()=\"OK\"]"}
RESULT: {"using":"xpath","value":"//bdi[text()=\"OK\"]"}
COMMAND: POST /session/b8a203b9eea9ca58b7eb9d1b420e99b6/elements - {"using":"xpath","value":"//bdi[text()=\"OK\"]"}
RESULT: {"using":"xpath","value":"//bdi[text()=\"OK\"]"}
COMMAND: POST /session/b8a203b9eea9ca58b7eb9d1b420e99b6/elements - {"using":"xpath","value":"//bdi[text()=\"OK\"]"}
RESULT: {"using":"xpath","value":"//bdi[text()=\"OK\"]"}
COMMAND: POST /session/b8a203b9eea9ca58b7eb9d1b420e99b6/elements - {"using":"xpath","value":"//bdi[text()=\"OK\"]"}
RESULT: {"using":"xpath","value":"//bdi[text()=\"OK\"]"}
COMMAND: POST /session/b8a203b9eea9ca58b7eb9d1b420e99b6/elements - {"using":"xpath","value":"//bdi[text()=\"OK\"]"}
RESULT: {"using":"xpath","value":"//bdi[text()=\"OK\"]"}
COMMAND: POST /session/b8a203b9eea9ca58b7eb9d1b420e99b6/elements - {"using":"xpath","value":"//bdi[text()=\"OK\"]"}
RESULT: {"using":"xpath","value":"//bdi[text()=\"OK\"]"}
COMMAND: POST /session/b8a203b9eea9ca58b7eb9d1b420e99b6/elements - {"using":"xpath","value":"//bdi[text()=\"OK\"]"}
RESULT: {"using":"xpath","value":"//bdi[text()=\"OK\"]"}
COMMAND: POST /session/b8a203b9eea9ca58b7eb9d1b420e99b6/elements - {"using":"xpath","value":"//bdi[text()=\"OK\"]"}
RESULT: {"using":"xpath","value":"//bdi[text()=\"OK\"]"}
COMMAND: POST /session/b8a203b9eea9ca58b7eb9d1b420e99b6/elements - {"using":"xpath","value":"//bdi[text()=\"OK\"]"}
RESULT: {"using":"xpath","value":"//bdi[text()=\"OK\"]"}
COMMAND: POST /session/b8a203b9eea9ca58b7eb9d1b420e99b6/elements - {"using":"xpath","value":"//bdi[text()=\"OK\"]"}
RESULT: {"using":"xpath","value":"//bdi[text()=\"OK\"]"}
COMMAND: POST /session/b8a203b9eea9ca58b7eb9d1b420e99b6/elements - {"using":"xpath","value":"//bdi[text()=\"OK\"]"}
RESULT: {"using":"xpath","value":"//bdi[text()=\"OK\"]"}
COMMAND: POST /session/b8a203b9eea9ca58b7eb9d1b420e99b6/elements - {"using":"xpath","value":"//bdi[text()=\"OK\"]"}
RESULT: {"using":"xpath","value":"//bdi[text()=\"OK\"]"}
COMMAND: POST /session/b8a203b9eea9ca58b7eb9d1b420e99b6/elements - {"using":"xpath","value":"//bdi[text()=\"OK\"]"}
RESULT: {"using":"xpath","value":"//bdi[text()=\"OK\"]"}
COMMAND: POST /session/b8a203b9eea9ca58b7eb9d1b420e99b6/elements - {"using":"xpath","value":"//bdi[text()=\"OK\"]"}
RESULT: {"using":"xpath","value":"//bdi[text()=\"OK\"]"}
COMMAND: POST /session/b8a203b9eea9ca58b7eb9d1b420e99b6/elements - {"using":"xpath","value":"//bdi[text()=\"OK\"]"}
RESULT: {"using":"xpath","value":"//bdi[text()=\"OK\"]"}
COMMAND: POST /session/b8a203b9eea9ca58b7eb9d1b420e99b6/elements - {"using":"xpath","value":"//bdi[text()=\"OK\"]"}
RESULT: {"using":"xpath","value":"//bdi[text()=\"OK\"]"}
COMMAND: POST /session/b8a203b9eea9ca58b7eb9d1b420e99b6/elements - {"using":"xpath","value":"//bdi[text()=\"OK\"]"}
RESULT: {"using":"xpath","value":"//bdi[text()=\"OK\"]"}
COMMAND: POST /session/b8a203b9eea9ca58b7eb9d1b420e99b6/elements - {"using":"xpath","value":"//bdi[text()=\"OK\"]"}
RESULT: {"using":"xpath","value":"//bdi[text()=\"OK\"]"}
COMMAND: POST /session/b8a203b9eea9ca58b7eb9d1b420e99b6/elements - {"using":"xpath","value":"//bdi[text()=\"OK\"]"}
RESULT: {"using":"xpath","value":"//bdi[text()=\"OK\"]"}
COMMAND: POST /session/b8a203b9eea9ca58b7eb9d1b420e99b6/elements - {"using":"xpath","value":"//bdi[text()=\"OK\"]"}
RESULT: {"using":"xpath","value":"//bdi[text()=\"OK\"]"}
COMMAND: POST /session/b8a203b9eea9ca58b7eb9d1b420e99b6/elements - {"using":"xpath","value":"//bdi[text()=\"OK\"]"}
RESULT: {"using":"xpath","value":"//bdi[text()=\"OK\"]"}
COMMAND: POST /session/b8a203b9eea9ca58b7eb9d1b420e99b6/elements - {"using":"xpath","value":"//bdi[text()=\"OK\"]"}
RESULT: {"using":"xpath","value":"//bdi[text()=\"OK\"]"}
COMMAND: POST /session/b8a203b9eea9ca58b7eb9d1b420e99b6/elements - {"using":"xpath","value":"//bdi[text()=\"OK\"]"}
RESULT: {"using":"xpath","value":"//bdi[text()=\"OK\"]"}
COMMAND: POST /session/b8a203b9eea9ca58b7eb9d1b420e99b6/elements - {"using":"xpath","value":"//bdi[text()=\"OK\"]"}
RESULT: {"using":"xpath","value":"//bdi[text()=\"OK\"]"}
COMMAND: POST /session/b8a203b9eea9ca58b7eb9d1b420e99b6/elements - {"using":"xpath","value":"//bdi[text()=\"OK\"]"}
RESULT: {"using":"xpath","value":"//bdi[text()=\"OK\"]"}
COMMAND: POST /session/b8a203b9eea9ca58b7eb9d1b420e99b6/elements - {"using":"xpath","value":"//bdi[text()=\"OK\"]"}
RESULT: {"using":"xpath","value":"//bdi[text()=\"OK\"]"}
COMMAND: POST /session/b8a203b9eea9ca58b7eb9d1b420e99b6/elements - {"using":"xpath","value":"//bdi[text()=\"OK\"]"}
RESULT: {"using":"xpath","value":"//bdi[text()=\"OK\"]"}
COMMAND: POST /session/b8a203b9eea9ca58b7eb9d1b420e99b6/elements - {"using":"xpath","value":"//bdi[text()=\"OK\"]"}
RESULT: {"using":"xpath","value":"//bdi[text()=\"OK\"]"}
COMMAND: POST /session/b8a203b9eea9ca58b7eb9d1b420e99b6/elements - {"using":"xpath","value":"//bdi[text()=\"OK\"]"}
RESULT: {"using":"xpath","value":"//bdi[text()=\"OK\"]"}
COMMAND: POST /session/b8a203b9eea9ca58b7eb9d1b420e99b6/elements - {"using":"xpath","value":"//bdi[text()=\"OK\"]"}
RESULT: {"using":"xpath","value":"//bdi[text()=\"OK\"]"}
COMMAND: POST /session/b8a203b9eea9ca58b7eb9d1b420e99b6/elements - {"using":"xpath","value":"//bdi[text()=\"OK\"]"}
RESULT: {"using":"xpath","value":"//bdi[text()=\"OK\"]"}
COMMAND: POST /session/b8a203b9eea9ca58b7eb9d1b420e99b6/elements - {"using":"xpath","value":"//bdi[text()=\"OK\"]"}
RESULT: {"using":"xpath","value":"//bdi[text()=\"OK\"]"}
COMMAND: POST /session/b8a203b9eea9ca58b7eb9d1b420e99b6/elements - {"using":"xpath","value":"//bdi[text()=\"OK\"]"}
RESULT: {"using":"xpath","value":"//bdi[text()=\"OK\"]"}
COMMAND: POST /session/b8a203b9eea9ca58b7eb9d1b420e99b6/elements - {"using":"xpath","value":"//bdi[text()=\"OK\"]"}
RESULT: {"using":"xpath","value":"//bdi[text()=\"OK\"]"}
COMMAND: POST /session/b8a203b9eea9ca58b7eb9d1b420e99b6/elements - {"using":"xpath","value":"//bdi[text()=\"OK\"]"}
RESULT: {"using":"xpath","value":"//bdi[text()=\"OK\"]"}
COMMAND: POST /session/b8a203b9eea9ca58b7eb9d1b420e99b6/elements - {"using":"xpath","value":"//bdi[text()=\"OK\"]"}
RESULT: {"using":"xpath","value":"//bdi[text()=\"OK\"]"}
COMMAND: POST /session/b8a203b9eea9ca58b7eb9d1b420e99b6/elements - {"using":"xpath","value":"//bdi[text()=\"OK\"]"}
RESULT: {"using":"xpath","value":"//bdi[text()=\"OK\"]"}
COMMAND: POST /session/b8a203b9eea9ca58b7eb9d1b420e99b6/elements - {"using":"xpath","value":"//bdi[text()=\"OK\"]"}
RESULT: {"using":"xpath","value":"//bdi[text()=\"OK\"]"}
COMMAND: POST /session/b8a203b9eea9ca58b7eb9d1b420e99b6/elements - {"using":"xpath","value":"//bdi[text()=\"OK\"]"}
RESULT: {"using":"xpath","value":"//bdi[text()=\"OK\"]"}
COMMAND: POST /session/b8a203b9eea9ca58b7eb9d1b420e99b6/elements - {"using":"xpath","value":"//bdi[text()=\"OK\"]"}
RESULT: {"using":"xpath","value":"//bdi[text()=\"OK\"]"}
COMMAND: POST /session/b8a203b9eea9ca58b7eb9d1b420e99b6/elements - {"using":"xpath","value":"//bdi[text()=\"OK\"]"}
RESULT: {"using":"xpath","value":"//bdi[text()=\"OK\"]"}
COMMAND: POST /session/b8a203b9eea9ca58b7eb9d1b420e99b6/elements - {"using":"xpath","value":"//bdi[text()=\"OK\"]"}
RESULT: {"using":"xpath","value":"//bdi[text()=\"OK\"]"}
COMMAND: POST /session/b8a203b9eea9ca58b7eb9d1b420e99b6/elements - {"using":"xpath","value":"//bdi[text()=\"OK\"]"}
RESULT: {"using":"xpath","value":"//bdi[text()=\"OK\"]"}
COMMAND: POST /session/b8a203b9eea9ca58b7eb9d1b420e99b6/elements - {"using":"xpath","value":"//bdi[text()=\"OK\"]"}
RESULT: {"using":"xpath","value":"//bdi[text()=\"OK\"]"}
COMMAND: POST /session/b8a203b9eea9ca58b7eb9d1b420e99b6/elements - {"using":"xpath","value":"//bdi[text()=\"OK\"]"}
RESULT: {"using":"xpath","value":"//bdi[text()=\"OK\"]"}
COMMAND: POST /session/b8a203b9eea9ca58b7eb9d1b420e99b6/elements - {"using":"xpath","value":"//bdi[text()=\"OK\"]"}
RESULT: {"using":"xpath","value":"//bdi[text()=\"OK\"]"}
COMMAND: POST /session/b8a203b9eea9ca58b7eb9d1b420e99b6/elements - {"using":"xpath","value":"//bdi[text()=\"OK\"]"}
RESULT: {"using":"xpath","value":"//bdi[text()=\"OK\"]"}
COMMAND: POST /session/b8a203b9eea9ca58b7eb9d1b420e99b6/elements - {"using":"xpath","value":"//bdi[text()=\"OK\"]"}
RESULT: {"using":"xpath","value":"//bdi[text()=\"OK\"]"}
COMMAND: POST /session/b8a203b9eea9ca58b7eb9d1b420e99b6/elements - {"using":"xpath","value":"//bdi[text()=\"OK\"]"}
RESULT: {"using":"xpath","value":"//bdi[text()=\"OK\"]"}
COMMAND: POST /session/b8a203b9eea9ca58b7eb9d1b420e99b6/elements - {"using":"xpath","value":"//bdi[text()=\"OK\"]"}
RESULT: {"using":"xpath","value":"//bdi[text()=\"OK\"]"}
COMMAND: POST /session/b8a203b9eea9ca58b7eb9d1b420e99b6/elements - {"using":"xpath","value":"//bdi[text()=\"OK\"]"}
RESULT: {"using":"xpath","value":"//bdi[text()=\"OK\"]"}
COMMAND: POST /session/b8a203b9eea9ca58b7eb9d1b420e99b6/elements - {"using":"xpath","value":"//bdi[text()=\"OK\"]"}
RESULT: {"using":"xpath","value":"//bdi[text()=\"OK\"]"}
COMMAND: POST /session/b8a203b9eea9ca58b7eb9d1b420e99b6/elements - {"using":"xpath","value":"//bdi[text()=\"OK\"]"}
RESULT: {"using":"xpath","value":"//bdi[text()=\"OK\"]"}
COMMAND: POST /session/b8a203b9eea9ca58b7eb9d1b420e99b6/elements - {"using":"xpath","value":"//bdi[text()=\"OK\"]"}
RESULT: {"using":"xpath","value":"//bdi[text()=\"OK\"]"}
COMMAND: POST /session/b8a203b9eea9ca58b7eb9d1b420e99b6/elements - {"using":"xpath","value":"//bdi[text()=\"OK\"]"}
RESULT: {"using":"xpath","value":"//bdi[text()=\"OK\"]"}
COMMAND: POST /session/b8a203b9eea9ca58b7eb9d1b420e99b6/elements - {"using":"xpath","value":"//bdi[text()=\"OK\"]"}
RESULT: {"using":"xpath","value":"//bdi[text()=\"OK\"]"}
COMMAND: POST /session/b8a203b9eea9ca58b7eb9d1b420e99b6/elements - {"using":"xpath","value":"//bdi[text()=\"OK\"]"}
RESULT: {"using":"xpath","value":"//bdi[text()=\"OK\"]"}
COMMAND: POST /session/b8a203b9eea9ca58b7eb9d1b420e99b6/elements - {"using":"xpath","value":"//bdi[text()=\"OK\"]"}
RESULT: {"using":"xpath","value":"//bdi[text()=\"OK\"]"}
COMMAND: POST /session/b8a203b9eea9ca58b7eb9d1b420e99b6/elements - {"using":"xpath","value":"//bdi[text()=\"OK\"]"}
RESULT: {"using":"xpath","value":"//bdi[text()=\"OK\"]"}
COMMAND: POST /session/b8a203b9eea9ca58b7eb9d1b420e99b6/elements - {"using":"xpath","value":"//bdi[text()=\"OK\"]"}
RESULT: {"using":"xpath","value":"//bdi[text()=\"OK\"]"}
COMMAND: POST /session/b8a203b9eea9ca58b7eb9d1b420e99b6/elements - {"using":"xpath","value":"//bdi[text()=\"OK\"]"}
RESULT: {"using":"xpath","value":"//bdi[text()=\"OK\"]"}
COMMAND: POST /session/b8a203b9eea9ca58b7eb9d1b420e99b6/elements - {"using":"xpath","value":"//bdi[text()=\"OK\"]"}
RESULT: {"using":"xpath","value":"//bdi[text()=\"OK\"]"}
COMMAND: POST /session/b8a203b9eea9ca58b7eb9d1b420e99b6/elements - {"using":"xpath","value":"//bdi[text()=\"OK\"]"}
RESULT: {"using":"xpath","value":"//bdi[text()=\"OK\"]"}
COMMAND: POST /session/b8a203b9eea9ca58b7eb9d1b420e99b6/elements - {"using":"xpath","value":"//bdi[text()=\"OK\"]"}
RESULT: {"using":"xpath","value":"//bdi[text()=\"OK\"]"}
COMMAND: POST /session/b8a203b9eea9ca58b7eb9d1b420e99b6/elements - {"using":"xpath","value":"//bdi[text()=\"OK\"]"}
RESULT: {"using":"xpath","value":"//bdi[text()=\"OK\"]"}
COMMAND: POST /session/b8a203b9eea9ca58b7eb9d1b420e99b6/elements - {"using":"xpath","value":"//bdi[text()=\"OK\"]"}
RESULT: {"using":"xpath","value":"//bdi[text()=\"OK\"]"}
COMMAND: POST /session/b8a203b9eea9ca58b7eb9d1b420e99b6/elements - {"using":"xpath","value":"//bdi[text()=\"OK\"]"}
RESULT: {"using":"xpath","value":"//bdi[text()=\"OK\"]"}
COMMAND: POST /session/b8a203b9eea9ca58b7eb9d1b420e99b6/elements - {"using":"xpath","value":"//bdi[text()=\"OK\"]"}
RESULT: {"using":"xpath","value":"//bdi[text()=\"OK\"]"}
COMMAND: POST /session/b8a203b9eea9ca58b7eb9d1b420e99b6/elements - {"using":"xpath","value":"//bdi[text()=\"OK\"]"}
RESULT: {"using":"xpath","value":"//bdi[text()=\"OK\"]"}
COMMAND: POST /session/b8a203b9eea9ca58b7eb9d1b420e99b6/elements - {"using":"xpath","value":"//bdi[text()=\"OK\"]"}
RESULT: {"using":"xpath","value":"//bdi[text()=\"OK\"]"}
COMMAND: POST /session/b8a203b9eea9ca58b7eb9d1b420e99b6/elements - {"using":"xpath","value":"//bdi[text()=\"OK\"]"}
RESULT: {"using":"xpath","value":"//bdi[text()=\"OK\"]"}
COMMAND: POST /session/b8a203b9eea9ca58b7eb9d1b420e99b6/elements - {"using":"xpath","value":"//bdi[text()=\"OK\"]"}
RESULT: {"using":"xpath","value":"//bdi[text()=\"OK\"]"}
COMMAND: POST /session/b8a203b9eea9ca58b7eb9d1b420e99b6/elements - {"using":"xpath","value":"//bdi[text()=\"OK\"]"}
RESULT: {"using":"xpath","value":"//bdi[text()=\"OK\"]"}
COMMAND: POST /session/b8a203b9eea9ca58b7eb9d1b420e99b6/elements - {"using":"xpath","value":"//bdi[text()=\"OK\"]"}
RESULT: {"using":"xpath","value":"//bdi[text()=\"OK\"]"}
COMMAND: POST /session/b8a203b9eea9ca58b7eb9d1b420e99b6/elements - {"using":"xpath","value":"//bdi[text()=\"OK\"]"}
RESULT: {"using":"xpath","value":"//bdi[text()=\"OK\"]"}
COMMAND: POST /session/b8a203b9eea9ca58b7eb9d1b420e99b6/elements - {"using":"xpath","value":"//bdi[text()=\"OK\"]"}
RESULT: {"using":"xpath","value":"//bdi[text()=\"OK\"]"}
COMMAND: POST /session/b8a203b9eea9ca58b7eb9d1b420e99b6/elements - {"using":"xpath","value":"//bdi[text()=\"OK\"]"}
RESULT: {"using":"xpath","value":"//bdi[text()=\"OK\"]"}
COMMAND: POST /session/b8a203b9eea9ca58b7eb9d1b420e99b6/elements - {"using":"xpath","value":"//bdi[text()=\"OK\"]"}
RESULT: {"using":"xpath","value":"//bdi[text()=\"OK\"]"}
COMMAND: POST /session/b8a203b9eea9ca58b7eb9d1b420e99b6/elements - {"using":"xpath","value":"//bdi[text()=\"OK\"]"}
RESULT: {"using":"xpath","value":"//bdi[text()=\"OK\"]"}
COMMAND: POST /session/b8a203b9eea9ca58b7eb9d1b420e99b6/elements - {"using":"xpath","value":"//bdi[text()=\"OK\"]"}
RESULT: {"using":"xpath","value":"//bdi[text()=\"OK\"]"}
COMMAND: POST /session/b8a203b9eea9ca58b7eb9d1b420e99b6/elements - {"using":"xpath","value":"//bdi[text()=\"OK\"]"}
RESULT: {"using":"xpath","value":"//bdi[text()=\"OK\"]"}
COMMAND: POST /session/b8a203b9eea9ca58b7eb9d1b420e99b6/elements - {"using":"xpath","value":"//bdi[text()=\"OK\"]"}
RESULT: {"using":"xpath","value":"//bdi[text()=\"OK\"]"}
COMMAND: POST /session/b8a203b9eea9ca58b7eb9d1b420e99b6/elements - {"using":"xpath","value":"//bdi[text()=\"OK\"]"}
RESULT: {"using":"xpath","value":"//bdi[text()=\"OK\"]"}
COMMAND: POST /session/b8a203b9eea9ca58b7eb9d1b420e99b6/elements - {"using":"xpath","value":"//bdi[text()=\"OK\"]"}
RESULT: {"using":"xpath","value":"//bdi[text()=\"OK\"]"}
COMMAND: POST /session/b8a203b9eea9ca58b7eb9d1b420e99b6/elements - {"using":"xpath","value":"//bdi[text()=\"OK\"]"}
RESULT: {"using":"xpath","value":"//bdi[text()=\"OK\"]"}
COMMAND: POST /session/b8a203b9eea9ca58b7eb9d1b420e99b6/elements - {"using":"xpath","value":"//bdi[text()=\"OK\"]"}
RESULT: {"using":"xpath","value":"//bdi[text()=\"OK\"]"}
COMMAND: POST /session/b8a203b9eea9ca58b7eb9d1b420e99b6/elements - {"using":"xpath","value":"//bdi[text()=\"OK\"]"}
RESULT: {"using":"xpath","value":"//bdi[text()=\"OK\"]"}
COMMAND: POST /session/b8a203b9eea9ca58b7eb9d1b420e99b6/elements - {"using":"xpath","value":"//bdi[text()=\"OK\"]"}
RESULT: {"using":"xpath","value":"//bdi[text()=\"OK\"]"}
COMMAND: POST /session/b8a203b9eea9ca58b7eb9d1b420e99b6/elements - {"using":"xpath","value":"//bdi[text()=\"OK\"]"}
RESULT: {"using":"xpath","value":"//bdi[text()=\"OK\"]"}
COMMAND: POST /session/b8a203b9eea9ca58b7eb9d1b420e99b6/elements - {"using":"xpath","value":"//bdi[text()=\"OK\"]"}
RESULT: {"using":"xpath","value":"//bdi[text()=\"OK\"]"}
COMMAND: POST /session/b8a203b9eea9ca58b7eb9d1b420e99b6/elements - {"using":"xpath","value":"//bdi[text()=\"OK\"]"}
RESULT: {"using":"xpath","value":"//bdi[text()=\"OK\"]"}
COMMAND: POST /session/b8a203b9eea9ca58b7eb9d1b420e99b6/elements - {"using":"xpath","value":"//bdi[text()=\"OK\"]"}
RESULT: {"using":"xpath","value":"//bdi[text()=\"OK\"]"}
COMMAND: POST /session/b8a203b9eea9ca58b7eb9d1b420e99b6/elements - {"using":"xpath","value":"//bdi[text()=\"OK\"]"}
RESULT: {"using":"xpath","value":"//bdi[text()=\"OK\"]"}
COMMAND: POST /session/b8a203b9eea9ca58b7eb9d1b420e99b6/elements - {"using":"xpath","value":"//bdi[text()=\"OK\"]"}
RESULT: {"using":"xpath","value":"//bdi[text()=\"OK\"]"}
COMMAND: POST /session/b8a203b9eea9ca58b7eb9d1b420e99b6/elements - {"using":"xpath","value":"//bdi[text()=\"OK\"]"}
RESULT: {"using":"xpath","value":"//bdi[text()=\"OK\"]"}
COMMAND: POST /session/b8a203b9eea9ca58b7eb9d1b420e99b6/elements - {"using":"xpath","value":"//bdi[text()=\"OK\"]"}
RESULT: {"using":"xpath","value":"//bdi[text()=\"OK\"]"}
COMMAND: POST /session/b8a203b9eea9ca58b7eb9d1b420e99b6/elements - {"using":"xpath","value":"//bdi[text()=\"OK\"]"}
RESULT: {"using":"xpath","value":"//bdi[text()=\"OK\"]"}
COMMAND: POST /session/b8a203b9eea9ca58b7eb9d1b420e99b6/elements - {"using":"xpath","value":"//bdi[text()=\"OK\"]"}
RESULT: {"using":"xpath","value":"//bdi[text()=\"OK\"]"}
COMMAND: POST /session/b8a203b9eea9ca58b7eb9d1b420e99b6/elements - {"using":"xpath","value":"//bdi[text()=\"OK\"]"}
RESULT: {"using":"xpath","value":"//bdi[text()=\"OK\"]"}
COMMAND: POST /session/b8a203b9eea9ca58b7eb9d1b420e99b6/elements - {"using":"xpath","value":"//bdi[text()=\"OK\"]"}
RESULT: {"using":"xpath","value":"//bdi[text()=\"OK\"]"}
COMMAND: POST /session/b8a203b9eea9ca58b7eb9d1b420e99b6/elements - {"using":"xpath","value":"//bdi[text()=\"OK\"]"}
RESULT: {"using":"xpath","value":"//bdi[text()=\"OK\"]"}
COMMAND: POST /session/b8a203b9eea9ca58b7eb9d1b420e99b6/elements - {"using":"xpath","value":"//bdi[text()=\"OK\"]"}
RESULT: {"using":"xpath","value":"//bdi[text()=\"OK\"]"}
COMMAND: POST /session/b8a203b9eea9ca58b7eb9d1b420e99b6/elements - {"using":"xpath","value":"//bdi[text()=\"OK\"]"}
RESULT: {"using":"xpath","value":"//bdi[text()=\"OK\"]"}
COMMAND: POST /session/b8a203b9eea9ca58b7eb9d1b420e99b6/elements - {"using":"xpath","value":"//bdi[text()=\"OK\"]"}
RESULT: {"using":"xpath","value":"//bdi[text()=\"OK\"]"}
COMMAND: POST /session/b8a203b9eea9ca58b7eb9d1b420e99b6/elements - {"using":"xpath","value":"//bdi[text()=\"OK\"]"}
RESULT: {"using":"xpath","value":"//bdi[text()=\"OK\"]"}
COMMAND: POST /session/b8a203b9eea9ca58b7eb9d1b420e99b6/elements - {"using":"xpath","value":"//bdi[text()=\"OK\"]"}
RESULT: {"using":"xpath","value":"//bdi[text()=\"OK\"]"}
COMMAND: POST /session/b8a203b9eea9ca58b7eb9d1b420e99b6/elements - {"using":"xpath","value":"//bdi[text()=\"OK\"]"}
RESULT: {"using":"xpath","value":"//bdi[text()=\"OK\"]"}
COMMAND: POST /session/b8a203b9eea9ca58b7eb9d1b420e99b6/elements - {"using":"xpath","value":"//bdi[text()=\"OK\"]"}
RESULT: {"using":"xpath","value":"//bdi[text()=\"OK\"]"}
COMMAND: POST /session/b8a203b9eea9ca58b7eb9d1b420e99b6/elements - {"using":"xpath","value":"//bdi[text()=\"OK\"]"}
RESULT: {"using":"xpath","value":"//bdi[text()=\"OK\"]"}
COMMAND: POST /session/b8a203b9eea9ca58b7eb9d1b420e99b6/elements - {"using":"xpath","value":"//bdi[text()=\"OK\"]"}
RESULT: {"using":"xpath","value":"//bdi[text()=\"OK\"]"}
COMMAND: POST /session/b8a203b9eea9ca58b7eb9d1b420e99b6/elements - {"using":"xpath","value":"//bdi[text()=\"OK\"]"}
RESULT: {"using":"xpath","value":"//bdi[text()=\"OK\"]"}
COMMAND: POST /session/b8a203b9eea9ca58b7eb9d1b420e99b6/elements - {"using":"xpath","value":"//bdi[text()=\"OK\"]"}
COMMAND: POST /session/b8a203b9eea9ca58b7eb9d1b420e99b6/execute/async - {"script":"<script> [1562 bytes]","args":[{"selector":{"id":"application-manageresources-display-component---newResourceUnit--TYPE-arrow"},"wdio_ui5_key":"applicationmanageresources-display-component---newResourceUnit--TYPE-arrow"}]}
RESULT: {"using":"xpath","value":"//bdi[text()=\"OK\"]"}
RESULT: {"script":"<script> [1562 bytes]","args":[{"selector":{"id":"application-manageresources-display-component---newResourceUnit--TYPE-arrow"},"wdio_ui5_key":"applicationmanageresources-display-component---newResourceUnit--TYPE-arrow"}]}
RESULT: undefined
COMMAND: POST /session/b8a203b9eea9ca58b7eb9d1b420e99b6/element - {"using":"xpath","value":"//*[@id=\"application-manageresources-display-component---newResourceUnit--TYPE-arrow\"]"}
RESULT: {"using":"xpath","value":"//*[@id=\"application-manageresources-display-component---newResourceUnit--TYPE-arrow\"]"}
COMMAND: POST /session/b8a203b9eea9ca58b7eb9d1b420e99b6/element/f.C3D07913007EC519E918D4FD8EAE9792.d.CCA80C30ADC107BFF8FE2C6DA095D81D.e.6257/click - {}
RESULT: {}
COMMAND: POST /session/b8a203b9eea9ca58b7eb9d1b420e99b6/execute/async - {"script":"<script> [1562 bytes]","args":[{"selector":{"controlType":"sap.m.StandardListItem","viewName":"reusables.view.manageresources.NewResourceUnit","viewId":"application-manageresources-display-component---newResourceUnit","properties":{"title":"Material"},"searchOpenDialogs":true,"interaction":{"idSuffix":"titleText"}},"wdio_ui5_key":"reusablesview.manageresources.NewResourceUnitsap.m.StandardListItem{\"title\":\"Material\"}"}]}
COMMAND: GET /session/b8a203b9eea9ca58b7eb9d1b420e99b6/screenshot - {}
RESULT: {"script":"<script> [1562 bytes]","args":[{"selector":{"controlType":"sap.m.StandardListItem","viewName":"reusables.view.manageresources.NewResourceUnit","viewId":"application-manageresources-display-component---newResourceUnit","properties":{"title":"Material"},"searchOpenDialogs":true,"interaction":{"idSuffix":"titleText"}},"wdio_ui5_key":"reusablesview.manageresources.NewResourceUnitsap.m.StandardListItem{\"title\":\"Material\"}"}]}
RESULT: undefined
COMMAND: POST /session/b8a203b9eea9ca58b7eb9d1b420e99b6/element - {"using":"xpath","value":"//*[@id=\"__item147\"]"}
RESULT: {}
RESULT: {"using":"xpath","value":"//*[@id=\"__item147\"]"}
COMMAND: POST /session/b8a203b9eea9ca58b7eb9d1b420e99b6/element/f.C3D07913007EC519E918D4FD8EAE9792.d.CCA80C30ADC107BFF8FE2C6DA095D81D.e.6260/click - {}
RESULT: {}
COMMAND: POST /session/b8a203b9eea9ca58b7eb9d1b420e99b6/execute/async - {"script":"<script> [1562 bytes]","args":[{"selector":{"id":"application-manageresources-display-component---newResourceUnit--SHORT_TEXT","interaction":{"idSuffix":"inner"}},"wdio_ui5_key":"applicationmanageresources-display-component---newResourceUnit--SHORT_TEXT"}]}
COMMAND: GET /session/b8a203b9eea9ca58b7eb9d1b420e99b6/screenshot - {}
RESULT: {"script":"<script> [1562 bytes]","args":[{"selector":{"id":"application-manageresources-display-component---newResourceUnit--SHORT_TEXT","interaction":{"idSuffix":"inner"}},"wdio_ui5_key":"applicationmanageresources-display-component---newResourceUnit--SHORT_TEXT"}]}
RESULT: undefined
COMMAND: POST /session/b8a203b9eea9ca58b7eb9d1b420e99b6/execute/async - {"script":"<script> [776 bytes]","args":[{"enterText":"WebdriverWHM_RU R2Cz30kfj","selector":{"id":"application-manageresources-display-component---newResourceUnit--SHORT_TEXT","interaction":{"idSuffix":"inner"}},"clearTextFirst":true,"interactionType":"ENTER_TEXT"}]}
RESULT: {}
RESULT: {"script":"<script> [776 bytes]","args":[{"enterText":"WebdriverWHM_RU R2Cz30kfj","selector":{"id":"application-manageresources-display-component---newResourceUnit--SHORT_TEXT","interaction":{"idSuffix":"inner"}},"clearTextFirst":true,"interactionType":"ENTER_TEXT"}]}
COMMAND: POST /session/b8a203b9eea9ca58b7eb9d1b420e99b6/execute/async - {"script":"<script> [1562 bytes]","args":[{"selector":{"id":"application-manageresources-display-component---newResourceUnit--BASE_UNIT_OF_MEASURE-arrow"},"wdio_ui5_key":"applicationmanageresources-display-component---newResourceUnit--BASE_UNIT_OF_MEASURE-arrow"}]}
RESULT: {"script":"<script> [1562 bytes]","args":[{"selector":{"id":"application-manageresources-display-component---newResourceUnit--BASE_UNIT_OF_MEASURE-arrow"},"wdio_ui5_key":"applicationmanageresources-display-component---newResourceUnit--BASE_UNIT_OF_MEASURE-arrow"}]}
RESULT: undefined
COMMAND: POST /session/b8a203b9eea9ca58b7eb9d1b420e99b6/element - {"using":"xpath","value":"//*[@id=\"application-manageresources-display-component---newResourceUnit--BASE_UNIT_OF_MEASURE-arrow\"]"}
RESULT: {"using":"xpath","value":"//*[@id=\"application-manageresources-display-component---newResourceUnit--BASE_UNIT_OF_MEASURE-arrow\"]"}
COMMAND: POST /session/b8a203b9eea9ca58b7eb9d1b420e99b6/element/f.C3D07913007EC519E918D4FD8EAE9792.d.CCA80C30ADC107BFF8FE2C6DA095D81D.e.6382/click - {}
RESULT: {}
COMMAND: POST /session/b8a203b9eea9ca58b7eb9d1b420e99b6/execute/async - {"script":"<script> [1562 bytes]","args":[{"selector":{"controlType":"sap.m.StandardListItem","viewName":"reusables.view.manageresources.NewResourceUnit","viewId":"application-manageresources-display-component---newResourceUnit","properties":{"title":"Piece"},"searchOpenDialogs":true,"interaction":{"idSuffix":"content"}},"wdio_ui5_key":"reusablesview.manageresources.NewResourceUnitsap.m.StandardListItem{\"title\":\"Piece\"}"}]}
COMMAND: GET /session/b8a203b9eea9ca58b7eb9d1b420e99b6/screenshot - {}
RESULT: {"script":"<script> [1562 bytes]","args":[{"selector":{"controlType":"sap.m.StandardListItem","viewName":"reusables.view.manageresources.NewResourceUnit","viewId":"application-manageresources-display-component---newResourceUnit","properties":{"title":"Piece"},"searchOpenDialogs":true,"interaction":{"idSuffix":"content"}},"wdio_ui5_key":"reusablesview.manageresources.NewResourceUnitsap.m.StandardListItem{\"title\":\"Piece\"}"}]}
RESULT: undefined
COMMAND: POST /session/b8a203b9eea9ca58b7eb9d1b420e99b6/element - {"using":"xpath","value":"//*[@id=\"__item200\"]"}
RESULT: {}
RESULT: {"using":"xpath","value":"//*[@id=\"__item200\"]"}
COMMAND: POST /session/b8a203b9eea9ca58b7eb9d1b420e99b6/element/f.C3D07913007EC519E918D4FD8EAE9792.d.CCA80C30ADC107BFF8FE2C6DA095D81D.e.6384/click - {}
RESULT: {}
COMMAND: POST /session/b8a203b9eea9ca58b7eb9d1b420e99b6/execute/async - {"script":"<script> [1562 bytes]","args":[{"selector":{"id":"application-manageresources-display-component---newResourceUnit--WEIGHT_UNIT-arrow"},"wdio_ui5_key":"applicationmanageresources-display-component---newResourceUnit--WEIGHT_UNIT-arrow"}]}
COMMAND: GET /session/b8a203b9eea9ca58b7eb9d1b420e99b6/screenshot - {}
RESULT: {"script":"<script> [1562 bytes]","args":[{"selector":{"id":"application-manageresources-display-component---newResourceUnit--WEIGHT_UNIT-arrow"},"wdio_ui5_key":"applicationmanageresources-display-component---newResourceUnit--WEIGHT_UNIT-arrow"}]}
RESULT: undefined
COMMAND: POST /session/b8a203b9eea9ca58b7eb9d1b420e99b6/element - {"using":"xpath","value":"//*[@id=\"application-manageresources-display-component---newResourceUnit--WEIGHT_UNIT-arrow\"]"}
RESULT: {}
RESULT: {"using":"xpath","value":"//*[@id=\"application-manageresources-display-component---newResourceUnit--WEIGHT_UNIT-arrow\"]"}
COMMAND: POST /session/b8a203b9eea9ca58b7eb9d1b420e99b6/element/f.C3D07913007EC519E918D4FD8EAE9792.d.CCA80C30ADC107BFF8FE2C6DA095D81D.e.6385/click - {}
RESULT: {}
COMMAND: POST /session/b8a203b9eea9ca58b7eb9d1b420e99b6/execute/async - {"script":"<script> [1562 bytes]","args":[{"selector":{"controlType":"sap.m.StandardListItem","viewName":"reusables.view.manageresources.NewResourceUnit","viewId":"application-manageresources-display-component---newResourceUnit","properties":{"title":"Gram"},"searchOpenDialogs":true,"interaction":{"idSuffix":"content"}},"wdio_ui5_key":"reusablesview.manageresources.NewResourceUnitsap.m.StandardListItem{\"title\":\"Gram\"}"}]}
COMMAND: GET /session/b8a203b9eea9ca58b7eb9d1b420e99b6/screenshot - {}
RESULT: {"script":"<script> [1562 bytes]","args":[{"selector":{"controlType":"sap.m.StandardListItem","viewName":"reusables.view.manageresources.NewResourceUnit","viewId":"application-manageresources-display-component---newResourceUnit","properties":{"title":"Gram"},"searchOpenDialogs":true,"interaction":{"idSuffix":"content"}},"wdio_ui5_key":"reusablesview.manageresources.NewResourceUnitsap.m.StandardListItem{\"title\":\"Gram\"}"}]}
RESULT: undefined
COMMAND: POST /session/b8a203b9eea9ca58b7eb9d1b420e99b6/element - {"using":"xpath","value":"//*[@id=\"__item265\"]"}
RESULT: {}
RESULT: {"using":"xpath","value":"//*[@id=\"__item265\"]"}
COMMAND: POST /session/b8a203b9eea9ca58b7eb9d1b420e99b6/element/f.C3D07913007EC519E918D4FD8EAE9792.d.CCA80C30ADC107BFF8FE2C6DA095D81D.e.6387/click - {}
RESULT: {}
COMMAND: GET /session/b8a203b9eea9ca58b7eb9d1b420e99b6/screenshot - {}
RESULT: {}
COMMAND: POST /session/b8a203b9eea9ca58b7eb9d1b420e99b6/execute/async - {"script":"<script> [1562 bytes]","args":[{"selector":{"id":"application-manageresources-display-component---newResourceUnit--newRRUPage-OPHeaderContent-collapseBtn-img"},"wdio_ui5_key":"applicationmanageresources-display-component---newResourceUnit--newRRUPage-OPHeaderContent-collapseBtn-img"}]}
RESULT: {"script":"<script> [1562 bytes]","args":[{"selector":{"id":"application-manageresources-display-component---newResourceUnit--newRRUPage-OPHeaderContent-collapseBtn-img"},"wdio_ui5_key":"applicationmanageresources-display-component---newResourceUnit--newRRUPage-OPHeaderContent-collapseBtn-img"}]}
RESULT: undefined
COMMAND: POST /session/b8a203b9eea9ca58b7eb9d1b420e99b6/element - {"using":"xpath","value":"//*[@id=\"application-manageresources-display-component---newResourceUnit--newRRUPage-OPHeaderContent-collapseBtn-img\"]"}
RESULT: {"using":"xpath","value":"//*[@id=\"application-manageresources-display-component---newResourceUnit--newRRUPage-OPHeaderContent-collapseBtn-img\"]"}
COMMAND: POST /session/b8a203b9eea9ca58b7eb9d1b420e99b6/element/f.C3D07913007EC519E918D4FD8EAE9792.d.CCA80C30ADC107BFF8FE2C6DA095D81D.e.6268/click - {}
RESULT: {}
COMMAND: GET /session/b8a203b9eea9ca58b7eb9d1b420e99b6/screenshot - {}
RESULT: {}
COMMAND: POST /session/b8a203b9eea9ca58b7eb9d1b420e99b6/element - {"using":"xpath","value":"(//span[contains(@id ,\"application-manageresources-display-component---newResourceUnit--DIMENSION_UNIT-arrow\")])[1]"}
RESULT: {"using":"xpath","value":"(//span[contains(@id ,\"application-manageresources-display-component---newResourceUnit--DIMENSION_UNIT-arrow\")])[1]"}
COMMAND: POST /session/b8a203b9eea9ca58b7eb9d1b420e99b6/element/f.C3D07913007EC519E918D4FD8EAE9792.d.CCA80C30ADC107BFF8FE2C6DA095D81D.e.6391/click - {}
RESULT: {}
COMMAND: GET /session/b8a203b9eea9ca58b7eb9d1b420e99b6/screenshot - {}
RESULT: {}
COMMAND: POST /session/b8a203b9eea9ca58b7eb9d1b420e99b6/execute/async - {"script":"<script> [1562 bytes]","args":[{"selector":{"controlType":"sap.m.StandardListItem","viewName":"reusables.view.manageresources.NewResourceUnit","viewId":"application-manageresources-display-component---newResourceUnit","properties":{"title":"Centimeter"},"searchOpenDialogs":true,"interaction":{"idSuffix":"titleText"}},"wdio_ui5_key":"reusablesview.manageresources.NewResourceUnitsap.m.StandardListItem{\"title\":\"Centimeter\"}"}]}
RESULT: {"script":"<script> [1562 bytes]","args":[{"selector":{"controlType":"sap.m.StandardListItem","viewName":"reusables.view.manageresources.NewResourceUnit","viewId":"application-manageresources-display-component---newResourceUnit","properties":{"title":"Centimeter"},"searchOpenDialogs":true,"interaction":{"idSuffix":"titleText"}},"wdio_ui5_key":"reusablesview.manageresources.NewResourceUnitsap.m.StandardListItem{\"title\":\"Centimeter\"}"}]}
RESULT: undefined
COMMAND: POST /session/b8a203b9eea9ca58b7eb9d1b420e99b6/element - {"using":"xpath","value":"//*[@id=\"__item268\"]"}
RESULT: {"using":"xpath","value":"//*[@id=\"__item268\"]"}
COMMAND: POST /session/b8a203b9eea9ca58b7eb9d1b420e99b6/element/f.C3D07913007EC519E918D4FD8EAE9792.d.CCA80C30ADC107BFF8FE2C6DA095D81D.e.6395/click - {}
RESULT: {}
COMMAND: GET /session/b8a203b9eea9ca58b7eb9d1b420e99b6/screenshot - {}
RESULT: {}
COMMAND: POST /session/b8a203b9eea9ca58b7eb9d1b420e99b6/execute/async - {"script":"<script> [1562 bytes]","args":[{"selector":{"id":"application-manageresources-display-component---newResourceUnit--newRRUPage-anchBar-application-manageresources-display-component---newResourceUnit--reference-anchor","interaction":{"idSuffix":"BDI-content"}},"wdio_ui5_key":"applicationmanageresources-display-component---newResourceUnit--newRRUPage-anchBar-application-manageresources-display-component---newResourceUnit--reference-anchor"}]}
RESULT: {"script":"<script> [1562 bytes]","args":[{"selector":{"id":"application-manageresources-display-component---newResourceUnit--newRRUPage-anchBar-application-manageresources-display-component---newResourceUnit--reference-anchor","interaction":{"idSuffix":"BDI-content"}},"wdio_ui5_key":"applicationmanageresources-display-component---newResourceUnit--newRRUPage-anchBar-application-manageresources-display-component---newResourceUnit--reference-anchor"}]}
RESULT: undefined
COMMAND: POST /session/b8a203b9eea9ca58b7eb9d1b420e99b6/element - {"using":"xpath","value":"//*[@id=\"application-manageresources-display-component---newResourceUnit--newRRUPage-anchBar-application-manageresources-display-component---newResourceUnit--reference-anchor\"]"}
RESULT: {"using":"xpath","value":"//*[@id=\"application-manageresources-display-component---newResourceUnit--newRRUPage-anchBar-application-manageresources-display-component---newResourceUnit--reference-anchor\"]"}
COMMAND: POST /session/b8a203b9eea9ca58b7eb9d1b420e99b6/element/f.C3D07913007EC519E918D4FD8EAE9792.d.CCA80C30ADC107BFF8FE2C6DA095D81D.e.6397/click - {}
RESULT: {}
COMMAND: POST /session/b8a203b9eea9ca58b7eb9d1b420e99b6/execute/async - {"script":"<script> [1562 bytes]","args":[{"selector":{"id":"application-manageresources-display-component---newResourceUnit--PLANNING_GROUP-arrow"},"wdio_ui5_key":"applicationmanageresources-display-component---newResourceUnit--PLANNING_GROUP-arrow"}]}
COMMAND: GET /session/b8a203b9eea9ca58b7eb9d1b420e99b6/screenshot - {}
RESULT: {"script":"<script> [1562 bytes]","args":[{"selector":{"id":"application-manageresources-display-component---newResourceUnit--PLANNING_GROUP-arrow"},"wdio_ui5_key":"applicationmanageresources-display-component---newResourceUnit--PLANNING_GROUP-arrow"}]}
RESULT: undefined
COMMAND: POST /session/b8a203b9eea9ca58b7eb9d1b420e99b6/element - {"using":"xpath","value":"//*[@id=\"application-manageresources-display-component---newResourceUnit--PLANNING_GROUP-arrow\"]"}
RESULT: {}
RESULT: {"using":"xpath","value":"//*[@id=\"application-manageresources-display-component---newResourceUnit--PLANNING_GROUP-arrow\"]"}
COMMAND: POST /session/b8a203b9eea9ca58b7eb9d1b420e99b6/element/f.C3D07913007EC519E918D4FD8EAE9792.d.CCA80C30ADC107BFF8FE2C6DA095D81D.e.6401/click - {}
RESULT: {}
COMMAND: POST /session/b8a203b9eea9ca58b7eb9d1b420e99b6/execute/async - {"script":"<script> [1562 bytes]","args":[{"selector":{"controlType":"sap.m.StandardListItem","viewName":"reusables.view.manageresources.NewResourceUnit","viewId":"application-manageresources-display-component---newResourceUnit","properties":{"title":"Heavy Equi"},"searchOpenDialogs":true,"interaction":{"idSuffix":"content"}},"wdio_ui5_key":"reusablesview.manageresources.NewResourceUnitsap.m.StandardListItem{\"title\":\"Heavy Equi\"}"}]}
COMMAND: GET /session/b8a203b9eea9ca58b7eb9d1b420e99b6/screenshot - {}
RESULT: {"script":"<script> [1562 bytes]","args":[{"selector":{"controlType":"sap.m.StandardListItem","viewName":"reusables.view.manageresources.NewResourceUnit","viewId":"application-manageresources-display-component---newResourceUnit","properties":{"title":"Heavy Equi"},"searchOpenDialogs":true,"interaction":{"idSuffix":"content"}},"wdio_ui5_key":"reusablesview.manageresources.NewResourceUnitsap.m.StandardListItem{\"title\":\"Heavy Equi\"}"}]}
RESULT: undefined
COMMAND: POST /session/b8a203b9eea9ca58b7eb9d1b420e99b6/element - {"using":"xpath","value":"//*[@id=\"__item276\"]"}
RESULT: {}
RESULT: {"using":"xpath","value":"//*[@id=\"__item276\"]"}
COMMAND: POST /session/b8a203b9eea9ca58b7eb9d1b420e99b6/element/f.C3D07913007EC519E918D4FD8EAE9792.d.CCA80C30ADC107BFF8FE2C6DA095D81D.e.6405/click - {}
RESULT: {}
COMMAND: GET /session/b8a203b9eea9ca58b7eb9d1b420e99b6/screenshot - {}
RESULT: {}
COMMAND: POST /session/b8a203b9eea9ca58b7eb9d1b420e99b6/execute/async - {"script":"<script> [1562 bytes]","args":[{"selector":{"id":"application-manageresources-display-component---newResourceUnit--PLANNING_INDICATOR-arrow"},"wdio_ui5_key":"applicationmanageresources-display-component---newResourceUnit--PLANNING_INDICATOR-arrow"}]}
RESULT: {"script":"<script> [1562 bytes]","args":[{"selector":{"id":"application-manageresources-display-component---newResourceUnit--PLANNING_INDICATOR-arrow"},"wdio_ui5_key":"applicationmanageresources-display-component---newResourceUnit--PLANNING_INDICATOR-arrow"}]}
RESULT: undefined
COMMAND: POST /session/b8a203b9eea9ca58b7eb9d1b420e99b6/element - {"using":"xpath","value":"//*[@id=\"application-manageresources-display-component---newResourceUnit--PLANNING_INDICATOR-arrow\"]"}
RESULT: {"using":"xpath","value":"//*[@id=\"application-manageresources-display-component---newResourceUnit--PLANNING_INDICATOR-arrow\"]"}
COMMAND: POST /session/b8a203b9eea9ca58b7eb9d1b420e99b6/element/f.C3D07913007EC519E918D4FD8EAE9792.d.CCA80C30ADC107BFF8FE2C6DA095D81D.e.6406/click - {}
RESULT: {}
COMMAND: POST /session/b8a203b9eea9ca58b7eb9d1b420e99b6/execute/async - {"script":"<script> [1562 bytes]","args":[{"selector":{"controlType":"sap.m.StandardListItem","viewName":"reusables.view.manageresources.NewResourceUnit","viewId":"application-manageresources-display-component---newResourceUnit","properties":{"title":"10 - infinite"},"searchOpenDialogs":true,"interaction":{"idSuffix":"content"}},"wdio_ui5_key":"reusablesview.manageresources.NewResourceUnitsap.m.StandardListItem{\"title\":\"10 - infinite\"}"}]}
COMMAND: GET /session/b8a203b9eea9ca58b7eb9d1b420e99b6/screenshot - {}
RESULT: {"script":"<script> [1562 bytes]","args":[{"selector":{"controlType":"sap.m.StandardListItem","viewName":"reusables.view.manageresources.NewResourceUnit","viewId":"application-manageresources-display-component---newResourceUnit","properties":{"title":"10 - infinite"},"searchOpenDialogs":true,"interaction":{"idSuffix":"content"}},"wdio_ui5_key":"reusablesview.manageresources.NewResourceUnitsap.m.StandardListItem{\"title\":\"10 - infinite\"}"}]}
RESULT: undefined
COMMAND: POST /session/b8a203b9eea9ca58b7eb9d1b420e99b6/element - {"using":"xpath","value":"//*[@id=\"__item286\"]"}
RESULT: {}
RESULT: {"using":"xpath","value":"//*[@id=\"__item286\"]"}
COMMAND: POST /session/b8a203b9eea9ca58b7eb9d1b420e99b6/element/f.C3D07913007EC519E918D4FD8EAE9792.d.CCA80C30ADC107BFF8FE2C6DA095D81D.e.6408/click - {}
RESULT: {}
COMMAND: GET /session/b8a203b9eea9ca58b7eb9d1b420e99b6/screenshot - {}
RESULT: {}
COMMAND: POST /session/b8a203b9eea9ca58b7eb9d1b420e99b6/element - {"using":"xpath","value":"//bdi[contains(text(), \"Time Segment\")]"}
RESULT: {"using":"xpath","value":"//bdi[contains(text(), \"Time Segment\")]"}
COMMAND: GET /session/b8a203b9eea9ca58b7eb9d1b420e99b6/element/f.C3D07913007EC519E918D4FD8EAE9792.d.CCA80C30ADC107BFF8FE2C6DA095D81D.e.6409/rect - {}
RESULT: {}
COMMAND: GET /session/b8a203b9eea9ca58b7eb9d1b420e99b6/window/rect - {}
RESULT: {}
COMMAND: POST /session/b8a203b9eea9ca58b7eb9d1b420e99b6/execute/sync - {"script":"<script> [92 bytes]","args":[]}
RESULT: {"script":"<script> [92 bytes]","args":[]}
COMMAND: POST /session/b8a203b9eea9ca58b7eb9d1b420e99b6/actions - {"actions":[{"id":"action18","type":"wheel","parameters":{},"actions":[{"type":"scroll","x":-1804,"y":-21,"deltaX":0,"deltaY":0,"duration":0,"origin":{"element-6066-11e4-a52e-4f735466cecf":"f.C3D07913007EC519E918D4FD8EAE9792.d.CCA80C30ADC107BFF8FE2C6DA095D81D.e.6409"}}]}]}
COMMAND: GET /session/b8a203b9eea9ca58b7eb9d1b420e99b6/screenshot - {}
RESULT: {}
COMMAND: POST /session/b8a203b9eea9ca58b7eb9d1b420e99b6/execute/sync - {"script":"<script> [79 bytes]","args":[{"element-6066-11e4-a52e-4f735466cecf":"f.C3D07913007EC519E918D4FD8EAE9792.d.CCA80C30ADC107BFF8FE2C6DA095D81D.e.6409","ELEMENT":"f.C3D07913007EC519E918D4FD8EAE9792.d.CCA80C30ADC107BFF8FE2C6DA095D81D.e.6409"},{"block":"start","inline":"nearest"}]}
RESULT: {"script":"<script> [79 bytes]","args":[{"element-6066-11e4-a52e-4f735466cecf":"f.C3D07913007EC519E918D4FD8EAE9792.d.CCA80C30ADC107BFF8FE2C6DA095D81D.e.6409","ELEMENT":"f.C3D07913007EC519E918D4FD8EAE9792.d.CCA80C30ADC107BFF8FE2C6DA095D81D.e.6409"},{"block":"start","inline":"nearest"}]}
COMMAND: GET /session/b8a203b9eea9ca58b7eb9d1b420e99b6/screenshot - {}
RESULT: {}
COMMAND: POST /session/b8a203b9eea9ca58b7eb9d1b420e99b6/element - {"using":"xpath","value":"//span[@id=\"application-manageresources-display-component---newResourceUnit--btnAddTimeSegment-img\"]"}
RESULT: {"using":"xpath","value":"//span[@id=\"application-manageresources-display-component---newResourceUnit--btnAddTimeSegment-img\"]"}
COMMAND: POST /session/b8a203b9eea9ca58b7eb9d1b420e99b6/execute/sync - {"script":"<script> [8489 bytes]","args":[{"element-6066-11e4-a52e-4f735466cecf":"f.C3D07913007EC519E918D4FD8EAE9792.d.CCA80C30ADC107BFF8FE2C6DA095D81D.e.6412","ELEMENT":"f.C3D07913007EC519E918D4FD8EAE9792.d.CCA80C30ADC107BFF8FE2C6DA095D81D.e.6412"}]}
RESULT: {"script":"<script> [8489 bytes]","args":[{"element-6066-11e4-a52e-4f735466cecf":"f.C3D07913007EC519E918D4FD8EAE9792.d.CCA80C30ADC107BFF8FE2C6DA095D81D.e.6412","ELEMENT":"f.C3D07913007EC519E918D4FD8EAE9792.d.CCA80C30ADC107BFF8FE2C6DA095D81D.e.6412"}]}
COMMAND: POST /session/b8a203b9eea9ca58b7eb9d1b420e99b6/element/f.C3D07913007EC519E918D4FD8EAE9792.d.CCA80C30ADC107BFF8FE2C6DA095D81D.e.6412/click - {}
COMMAND: GET /session/b8a203b9eea9ca58b7eb9d1b420e99b6/screenshot - {}
RESULT: {}
COMMAND: GET /session/b8a203b9eea9ca58b7eb9d1b420e99b6/screenshot - {}
COMMAND: POST /session/b8a203b9eea9ca58b7eb9d1b420e99b6/element - {"using":"xpath","value":"//input[@id=\"application-manageresources-display-component---newResourceUnit--idRuTSAdmin-application-manageresources-display-component---newResourceUnit--RUTimeSegment-0-inner\"]"}
RESULT: {}
RESULT: {}
RESULT: {"using":"xpath","value":"//input[@id=\"application-manageresources-display-component---newResourceUnit--idRuTSAdmin-application-manageresources-display-component---newResourceUnit--RUTimeSegment-0-inner\"]"}
COMMAND: POST /session/b8a203b9eea9ca58b7eb9d1b420e99b6/element/f.C3D07913007EC519E918D4FD8EAE9792.d.CCA80C30ADC107BFF8FE2C6DA095D81D.e.6415/clear - {}
RESULT: {}
COMMAND: POST /session/b8a203b9eea9ca58b7eb9d1b420e99b6/element/f.C3D07913007EC519E918D4FD8EAE9792.d.CCA80C30ADC107BFF8FE2C6DA095D81D.e.6415/value - {"text":"652"}
COMMAND: GET /session/b8a203b9eea9ca58b7eb9d1b420e99b6/screenshot - {}
RESULT: {"text":"652"}
COMMAND: GET /session/b8a203b9eea9ca58b7eb9d1b420e99b6/screenshot - {}
RESULT: {}
RESULT: {}
COMMAND: POST /session/b8a203b9eea9ca58b7eb9d1b420e99b6/actions - {"actions":[{"id":"action19","type":"key","parameters":{},"actions":[{"type":"keyDown","value":"î€‡"},{"type":"pause","duration":10},{"type":"keyUp","value":"î€‡"}]}]}
RESULT: {"actions":[{"id":"action19","type":"key","parameters":{},"actions":[{"type":"keyDown","value":"î€‡"},{"type":"pause","duration":10},{"type":"keyUp","value":"î€‡"}]}]}
COMMAND: POST /session/b8a203b9eea9ca58b7eb9d1b420e99b6/execute/async - {"script":"<script> [1562 bytes]","args":[{"selector":{"controlType":"sap.m.Button","viewName":"reusables.view.manageresources.NewResourceUnit","viewId":"application-manageresources-display-component---newResourceUnit","i18NText":{"propertyName":"tooltip","key":"save"},"interaction":{"idSuffix":"BDI-content"}},"wdio_ui5_key":"reusablesview.manageresources.NewResourceUnitsap.m.Button{\"propertyName\":\"tooltip\",\"key\":\"save\"}"}]}
COMMAND: GET /session/b8a203b9eea9ca58b7eb9d1b420e99b6/screenshot - {}
RESULT: {"script":"<script> [1562 bytes]","args":[{"selector":{"controlType":"sap.m.Button","viewName":"reusables.view.manageresources.NewResourceUnit","viewId":"application-manageresources-display-component---newResourceUnit","i18NText":{"propertyName":"tooltip","key":"save"},"interaction":{"idSuffix":"BDI-content"}},"wdio_ui5_key":"reusablesview.manageresources.NewResourceUnitsap.m.Button{\"propertyName\":\"tooltip\",\"key\":\"save\"}"}]}
RESULT: undefined
COMMAND: POST /session/b8a203b9eea9ca58b7eb9d1b420e99b6/element - {"using":"xpath","value":"//*[@id=\"application-manageresources-display-component---newResourceUnit--createRuButton\"]"}
RESULT: {}
RESULT: {"using":"xpath","value":"//*[@id=\"application-manageresources-display-component---newResourceUnit--createRuButton\"]"}
COMMAND: POST /session/b8a203b9eea9ca58b7eb9d1b420e99b6/element/f.C3D07913007EC519E918D4FD8EAE9792.d.CCA80C30ADC107BFF8FE2C6DA095D81D.e.6274/click - {}
RESULT: {}
COMMAND: GET /session/b8a203b9eea9ca58b7eb9d1b420e99b6/screenshot - {}
RESULT: {}
COMMAND: POST /session/b8a203b9eea9ca58b7eb9d1b420e99b6/execute/async - {"script":"<script> [1562 bytes]","args":[{"selector":{"controlType":"sap.m.Title","properties":{"text":"Success"},"searchOpenDialogs":true},"wdio_ui5_key":"sapm.Title{\"text\":\"Success\"}"}]}
RESULT: {"script":"<script> [1562 bytes]","args":[{"selector":{"controlType":"sap.m.Title","properties":{"text":"Success"},"searchOpenDialogs":true},"wdio_ui5_key":"sapm.Title{\"text\":\"Success\"}"}]}
RESULT: undefined
COMMAND: POST /session/b8a203b9eea9ca58b7eb9d1b420e99b6/execute/async - {"script":"<script> [6424 bytes]","args":[{"element-6066-11e4-a52e-4f735466cecf":"f.C3D07913007EC519E918D4FD8EAE9792.d.CCA80C30ADC107BFF8FE2C6DA095D81D.e.6430"},"getText",[]]}
RESULT: {"script":"<script> [6424 bytes]","args":[{"element-6066-11e4-a52e-4f735466cecf":"f.C3D07913007EC519E918D4FD8EAE9792.d.CCA80C30ADC107BFF8FE2C6DA095D81D.e.6430"},"getText",[]]}
COMMAND: POST /session/b8a203b9eea9ca58b7eb9d1b420e99b6/element - {"using":"xpath","value":"//*[contains(@id, '__text') and (contains(text(), 'successfully created') or contains(., 'successfully created'))]"}
RESULT: {"using":"xpath","value":"//*[contains(@id, '__text') and (contains(text(), 'successfully created') or contains(., 'successfully created'))]"}
COMMAND: GET /session/b8a203b9eea9ca58b7eb9d1b420e99b6/element/f.C3D07913007EC519E918D4FD8EAE9792.d.CCA80C30ADC107BFF8FE2C6DA095D81D.e.6429/text - {}
RESULT: {}
COMMAND: POST /session/b8a203b9eea9ca58b7eb9d1b420e99b6/execute/async - {"script":"<script> [1562 bytes]","args":[{"selector":{"controlType":"sap.m.Button","properties":{"text":"Close"},"searchOpenDialogs":true,"interaction":{"idSuffix":"BDI-content"}},"wdio_ui5_key":"sapm.Button{\"text\":\"Close\"}"}]}
RESULT: {"script":"<script> [1562 bytes]","args":[{"selector":{"controlType":"sap.m.Button","properties":{"text":"Close"},"searchOpenDialogs":true,"interaction":{"idSuffix":"BDI-content"}},"wdio_ui5_key":"sapm.Button{\"text\":\"Close\"}"}]}
RESULT: undefined
COMMAND: POST /session/b8a203b9eea9ca58b7eb9d1b420e99b6/element - {"using":"xpath","value":"//*[@id=\"__mbox-btn-0\"]"}
RESULT: {"using":"xpath","value":"//*[@id=\"__mbox-btn-0\"]"}
COMMAND: POST /session/b8a203b9eea9ca58b7eb9d1b420e99b6/element/f.C3D07913007EC519E918D4FD8EAE9792.d.CCA80C30ADC107BFF8FE2C6DA095D81D.e.6426/click - {}
RESULT: {}
COMMAND: GET /session/b8a203b9eea9ca58b7eb9d1b420e99b6/screenshot - {}
COMMAND: POST /session/b8a203b9eea9ca58b7eb9d1b420e99b6/execute/async - {"script":"<script> [1562 bytes]","args":[{"selector":{"controlType":"sap.ui.core.Icon","viewName":"etm.portal.ui.manageresources.view.Detail","viewId":"application-manageresources-display-component---detailRU","properties":{"src":{"regex":{"source":"overflow"}}}},"wdio_ui5_key":"etmportal.ui.manageresources.view.Detailsap.ui.core.Icon{\"src\":{\"regex\":{\"source\":\"overflow\"}}}"}]}
RESULT: {}
RESULT: {"script":"<script> [1562 bytes]","args":[{"selector":{"controlType":"sap.ui.core.Icon","viewName":"etm.portal.ui.manageresources.view.Detail","viewId":"application-manageresources-display-component---detailRU","properties":{"src":{"regex":{"source":"overflow"}}}},"wdio_ui5_key":"etmportal.ui.manageresources.view.Detailsap.ui.core.Icon{\"src\":{\"regex\":{\"source\":\"overflow\"}}}"}]}
RESULT: undefined
COMMAND: POST /session/b8a203b9eea9ca58b7eb9d1b420e99b6/element - {"using":"xpath","value":"//*[@id=\"__title15-_actionsToolbar-overflowButton-img\"]"}
RESULT: {"using":"xpath","value":"//*[@id=\"__title15-_actionsToolbar-overflowButton-img\"]"}
COMMAND: POST /session/b8a203b9eea9ca58b7eb9d1b420e99b6/element/f.C3D07913007EC519E918D4FD8EAE9792.d.CCA80C30ADC107BFF8FE2C6DA095D81D.e.6460/click - {}
RESULT: {}
COMMAND: POST /session/b8a203b9eea9ca58b7eb9d1b420e99b6/execute/async - {"script":"<script> [1562 bytes]","args":[{"selector":{"controlType":"sap.m.Button","viewName":"etm.portal.ui.manageresources.view.Detail","viewId":"application-manageresources-display-component---detailRU","i18NText":{"propertyName":"tooltip","key":"closeColumn"},"searchOpenDialogs":true,"interaction":{"idSuffix":"inner"}},"wdio_ui5_key":"etmportal.ui.manageresources.view.Detailsap.m.Button{\"propertyName\":\"tooltip\",\"key\":\"closeColumn\"}"}]}
COMMAND: GET /session/b8a203b9eea9ca58b7eb9d1b420e99b6/screenshot - {}
RESULT: {"script":"<script> [1562 bytes]","args":[{"selector":{"controlType":"sap.m.Button","viewName":"etm.portal.ui.manageresources.view.Detail","viewId":"application-manageresources-display-component---detailRU","i18NText":{"propertyName":"tooltip","key":"closeColumn"},"searchOpenDialogs":true,"interaction":{"idSuffix":"inner"}},"wdio_ui5_key":"etmportal.ui.manageresources.view.Detailsap.m.Button{\"propertyName\":\"tooltip\",\"key\":\"closeColumn\"}"}]}
RESULT: undefined
COMMAND: POST /session/b8a203b9eea9ca58b7eb9d1b420e99b6/element - {"using":"xpath","value":"//*[@id=\"__button45\"]"}
RESULT: {}
RESULT: {"using":"xpath","value":"//*[@id=\"__button45\"]"}
COMMAND: POST /session/b8a203b9eea9ca58b7eb9d1b420e99b6/element/f.C3D07913007EC519E918D4FD8EAE9792.d.CCA80C30ADC107BFF8FE2C6DA095D81D.e.6462/click - {}
RESULT: {}
COMMAND: GET /session/b8a203b9eea9ca58b7eb9d1b420e99b6/screenshot - {}
COMMAND: POST /session/b8a203b9eea9ca58b7eb9d1b420e99b6/element - {"using":"css selector","value":"#j_username"}
COMMAND: POST /session/b8a203b9eea9ca58b7eb9d1b420e99b6/url - {"url":"https://qa-testing-00-live-etm-ui.cfapps.eu10-004.hana.ondemand.com/"}
RESULT: {}
RESULT: {"url":"https://qa-testing-00-live-etm-ui.cfapps.eu10-004.hana.ondemand.com/"}
RESULT: undefined
COMMAND: GET /session/b8a203b9eea9ca58b7eb9d1b420e99b6/screenshot - {}
RESULT: {"using":"css selector","value":"#j_username"}
COMMAND: POST /session/b8a203b9eea9ca58b7eb9d1b420e99b6/element - {"using":"css selector","value":"#j_username"}
RESULT: {}
RESULT: {"using":"css selector","value":"#j_username"}
COMMAND: POST /session/b8a203b9eea9ca58b7eb9d1b420e99b6/element - {"using":"css selector","value":"#shell-header-logo"}
RESULT: {"using":"css selector","value":"#shell-header-logo"}
COMMAND: POST /session/b8a203b9eea9ca58b7eb9d1b420e99b6/execute/sync - {"script":"<script> [8489 bytes]","args":[{"element-6066-11e4-a52e-4f735466cecf":"f.C3D07913007EC519E918D4FD8EAE9792.d.85091F9CF3A3F65108D444280FF82C81.e.6562","ELEMENT":"f.C3D07913007EC519E918D4FD8EAE9792.d.85091F9CF3A3F65108D444280FF82C81.e.6562"}]}
RESULT: {"script":"<script> [8489 bytes]","args":[{"element-6066-11e4-a52e-4f735466cecf":"f.C3D07913007EC519E918D4FD8EAE9792.d.85091F9CF3A3F65108D444280FF82C81.e.6562","ELEMENT":"f.C3D07913007EC519E918D4FD8EAE9792.d.85091F9CF3A3F65108D444280FF82C81.e.6562"}]}
COMMAND: POST /session/b8a203b9eea9ca58b7eb9d1b420e99b6/element - {"using":"css selector","value":"#shell-header-logo"}
COMMAND: GET /session/b8a203b9eea9ca58b7eb9d1b420e99b6/screenshot - {}
RESULT: {"using":"css selector","value":"#shell-header-logo"}
COMMAND: POST /session/b8a203b9eea9ca58b7eb9d1b420e99b6/execute/sync - {"script":"<script> [8489 bytes]","args":[{"element-6066-11e4-a52e-4f735466cecf":"f.C3D07913007EC519E918D4FD8EAE9792.d.85091F9CF3A3F65108D444280FF82C81.e.6562","ELEMENT":"f.C3D07913007EC519E918D4FD8EAE9792.d.85091F9CF3A3F65108D444280FF82C81.e.6562"}]}
RESULT: {}
RESULT: {"script":"<script> [8489 bytes]","args":[{"element-6066-11e4-a52e-4f735466cecf":"f.C3D07913007EC519E918D4FD8EAE9792.d.85091F9CF3A3F65108D444280FF82C81.e.6562","ELEMENT":"f.C3D07913007EC519E918D4FD8EAE9792.d.85091F9CF3A3F65108D444280FF82C81.e.6562"}]}
COMMAND: POST /session/b8a203b9eea9ca58b7eb9d1b420e99b6/execute/sync - {"script":"<script> [5351 bytes]","args":[{"element-6066-11e4-a52e-4f735466cecf":"f.C3D07913007EC519E918D4FD8EAE9792.d.85091F9CF3A3F65108D444280FF82C81.e.6562","ELEMENT":"f.C3D07913007EC519E918D4FD8EAE9792.d.85091F9CF3A3F65108D444280FF82C81.e.6562"}]}
COMMAND: GET /session/b8a203b9eea9ca58b7eb9d1b420e99b6/screenshot - {}
RESULT: {"script":"<script> [5351 bytes]","args":[{"element-6066-11e4-a52e-4f735466cecf":"f.C3D07913007EC519E918D4FD8EAE9792.d.85091F9CF3A3F65108D444280FF82C81.e.6562","ELEMENT":"f.C3D07913007EC519E918D4FD8EAE9792.d.85091F9CF3A3F65108D444280FF82C81.e.6562"}]}
COMMAND: POST /session/b8a203b9eea9ca58b7eb9d1b420e99b6/element - {"using":"css selector","value":"#shell-header-logo"}
COMMAND: GET /session/b8a203b9eea9ca58b7eb9d1b420e99b6/screenshot - {}
RESULT: {}
RESULT: {"using":"css selector","value":"#shell-header-logo"}
COMMAND: POST /session/b8a203b9eea9ca58b7eb9d1b420e99b6/element/f.C3D07913007EC519E918D4FD8EAE9792.d.85091F9CF3A3F65108D444280FF82C81.e.6562/click - {}
RESULT: {}
RESULT: {}
COMMAND: GET /session/b8a203b9eea9ca58b7eb9d1b420e99b6/screenshot - {}
RESULT: {}
COMMAND: POST /session/b8a203b9eea9ca58b7eb9d1b420e99b6/execute/async - {"script":"<script> [189 bytes]","args":[]}
RESULT: {"script":"<script> [189 bytes]","args":[]}
COMMAND: POST /session/b8a203b9eea9ca58b7eb9d1b420e99b6/execute/async - {"script":"<script> [123 bytes]","args":[]}
RESULT: {"script":"<script> [123 bytes]","args":[]}
COMMAND: POST /session/b8a203b9eea9ca58b7eb9d1b420e99b6/timeouts - {"script":"<number>"}
RESULT: {"script":"<number>"}
COMMAND: GET /session/b8a203b9eea9ca58b7eb9d1b420e99b6/timeouts - {}
RESULT: {}
RESULT: undefined
COMMAND: POST /session/b8a203b9eea9ca58b7eb9d1b420e99b6/execute/async - {"script":"<script> [2676 bytes]","args":[]}
RESULT: {"script":"<script> [2676 bytes]","args":[]}
COMMAND: POST /session/b8a203b9eea9ca58b7eb9d1b420e99b6/execute/async - {"script":"<script> [2342 bytes]","args":[{"protocol":"http","hostname":"0.0.0.0","path":"/","capabilities":{"browserName":"chrome","goog:chromeOptions":{"binary":"C:\\Program Files\\Google\\Chrome\\Application\\chrome.exe","args":["--start-maximized"]}},"logLevel":"warn","connectionRetryTimeout":120000,"connectionRetryCount":3,"logLevels":{},"enableDirectConnect":true,"strictSSL":true,"_":"65 more keys: [\"cacheDir\",\"port\",\"requestedCapabilities\",\"automationProtocol\",\"baseUrl\",\"waitforInterval\",\"waitforTimeout\",\"onReload\",\"beforeCommand\",\"afterCommand\",\"rootDir\",\"specs\",\"suites\",\"exclude\",\"groupLogsByTestSpec\",\"excludeDriverLogs\",\"bail\",\"framework\",\"reporters\",\"services\",\"maxInstances\",\"maxInstancesPerCapability\",\"injectGlobals\",\"filesToWatch\",\"execArgv\",\"runnerEnv\",\"runner\",\"shard\",\"specFileRetries\",\"specFileRetriesDelay\",\"specFileRetriesDeferred\",\"reporterSyncInterval\",\"reporterSyncTimeout\",\"cucumberFeaturesWithLineNumbers\",\"autoCompileOpts\",\"mochaOpts\",\"jasmineOpts\",\"cucumberOpts\",\"onPrepare\",\"onWorkerStart\",\"onWorkerEnd\",\"before\",\"beforeSession\",\"beforeSuite\",\"beforeHook\",\"beforeTest\",\"afterTest\",\"afterHook\",\"afterSuite\",\"afterSession\",\"after\",\"onComplete\",\"beforeAssertion\",\"afterAssertion\",\"beforeFeature\",\"beforeScenario\",\"beforeStep\",\"afterStep\",\"afterScenario\",\"afterFeature\",\"_\",\"suite\",\"$0\",\"ignoredWorkerServices\",\"wdi5\"]"}]}
RESULT: {"script":"<script> [2342 bytes]","args":[{"protocol":"http","hostname":"0.0.0.0","path":"/","capabilities":{"browserName":"chrome","goog:chromeOptions":{"binary":"C:\\Program Files\\Google\\Chrome\\Application\\chrome.exe","args":["--start-maximized"]}},"logLevel":"warn","connectionRetryTimeout":120000,"connectionRetryCount":3,"logLevels":{},"enableDirectConnect":true,"strictSSL":true,"_":"65 more keys: [\"cacheDir\",\"port\",\"requestedCapabilities\",\"automationProtocol\",\"baseUrl\",\"waitforInterval\",\"waitforTimeout\",\"onReload\",\"beforeCommand\",\"afterCommand\",\"rootDir\",\"specs\",\"suites\",\"exclude\",\"groupLogsByTestSpec\",\"excludeDriverLogs\",\"bail\",\"framework\",\"reporters\",\"services\",\"maxInstances\",\"maxInstancesPerCapability\",\"injectGlobals\",\"filesToWatch\",\"execArgv\",\"runnerEnv\",\"runner\",\"shard\",\"specFileRetries\",\"specFileRetriesDelay\",\"specFileRetriesDeferred\",\"reporterSyncInterval\",\"reporterSyncTimeout\",\"cucumberFeaturesWithLineNumbers\",\"autoCompileOpts\",\"mochaOpts\",\"jasmineOpts\",\"cucumberOpts\",\"onPrepare\",\"onWorkerStart\",\"onWorkerEnd\",\"before\",\"beforeSession\",\"beforeSuite\",\"beforeHook\",\"beforeTest\",\"afterTest\",\"afterHook\",\"afterSuite\",\"afterSession\",\"after\",\"onComplete\",\"beforeAssertion\",\"afterAssertion\",\"beforeFeature\",\"beforeScenario\",\"beforeStep\",\"afterStep\",\"afterScenario\",\"afterFeature\",\"_\",\"suite\",\"$0\",\"ignoredWorkerServices\",\"wdi5\"]"}]}
COMMAND: POST /session/b8a203b9eea9ca58b7eb9d1b420e99b6/execute/async - {"script":"<script> [21126 bytes]","args":[35000]}
RESULT: {"script":"<script> [21126 bytes]","args":[35000]}
COMMAND: POST /session/b8a203b9eea9ca58b7eb9d1b420e99b6/window/maximize - {}
RESULT: {}
COMMAND: POST /session/b8a203b9eea9ca58b7eb9d1b420e99b6/execute/async - {"script":"<script> [1562 bytes]","args":[{"selector":{"id":"shell-header","interaction":{"idSuffix":"icon"}},"wdio_ui5_key":"shellheader"}]}
COMMAND: GET /session/b8a203b9eea9ca58b7eb9d1b420e99b6/screenshot - {}
RESULT: {"script":"<script> [1562 bytes]","args":[{"selector":{"id":"shell-header","interaction":{"idSuffix":"icon"}},"wdio_ui5_key":"shellheader"}]}
RESULT: undefined
]]></system-out>
    </testcase>
  </testsuite>
  <testsuite timestamp="2025-06-04T15:42:47" time="311.435" tests="1" failures="0" errors="0" skipped="0">
    <properties>
      <property name="specId" value="0" />
      <property name="suiteName" value="create-equipment" />
      <property name="capabilities" value="chrome.137_0_7151_56.windows" />
      <property name="file" value="file:///D:/a/1/s/test/specs/R2C/create-equipment.spec.js" />
    </properties>
    <testcase classname="chrome.137_0_7151_56.windows.create-equipment" name="create equipment" time="290.79">
      <system-out><![CDATA[
COMMAND: POST /session/b8a203b9eea9ca58b7eb9d1b420e99b6/execute/async - {"script":"<script> [1562 bytes]","args":[{"selector":{"controlType":"sap.m.GenericTile","properties":{"header":"Manage Resources"}},"wdio_ui5_key":"sapm.GenericTile{\"header\":\"Manage Resources\"}"}]}
RESULT: {}
RESULT: {"script":"<script> [1562 bytes]","args":[{"selector":{"controlType":"sap.m.GenericTile","properties":{"header":"Manage Resources"}},"wdio_ui5_key":"sapm.GenericTile{\"header\":\"Manage Resources\"}"}]}
RESULT: undefined
COMMAND: POST /session/b8a203b9eea9ca58b7eb9d1b420e99b6/element - {"using":"xpath","value":"//*[@id=\"__tile31\"]"}
RESULT: {"using":"xpath","value":"//*[@id=\"__tile31\"]"}
COMMAND: POST /session/b8a203b9eea9ca58b7eb9d1b420e99b6/element/f.C3D07913007EC519E918D4FD8EAE9792.d.85091F9CF3A3F65108D444280FF82C81.e.6585/click - {}
RESULT: {}
COMMAND: GET /session/b8a203b9eea9ca58b7eb9d1b420e99b6/screenshot - {}
RESULT: {}
COMMAND: POST /session/b8a203b9eea9ca58b7eb9d1b420e99b6/elements - {"using":"xpath","value":"//span[text()='Error']"}
RESULT: {"using":"xpath","value":"//span[text()='Error']"}
COMMAND: POST /session/b8a203b9eea9ca58b7eb9d1b420e99b6/element - {"using":"xpath","value":"//button[@data-kt=\"addNewRUOverflowToolbarButton\"]"}
RESULT: {"using":"xpath","value":"//button[@data-kt=\"addNewRUOverflowToolbarButton\"]"}
COMMAND: POST /session/b8a203b9eea9ca58b7eb9d1b420e99b6/element - {"using":"xpath","value":"//button[@data-kt=\"addNewRUOverflowToolbarButton\"]"}
RESULT: {"using":"xpath","value":"//button[@data-kt=\"addNewRUOverflowToolbarButton\"]"}
COMMAND: POST /session/b8a203b9eea9ca58b7eb9d1b420e99b6/element - {"using":"xpath","value":"//button[@data-kt=\"addNewRUOverflowToolbarButton\"]"}
RESULT: {"using":"xpath","value":"//button[@data-kt=\"addNewRUOverflowToolbarButton\"]"}
COMMAND: POST /session/b8a203b9eea9ca58b7eb9d1b420e99b6/element - {"using":"xpath","value":"//button[@data-kt=\"addNewRUOverflowToolbarButton\"]"}
RESULT: {"using":"xpath","value":"//button[@data-kt=\"addNewRUOverflowToolbarButton\"]"}
COMMAND: POST /session/b8a203b9eea9ca58b7eb9d1b420e99b6/execute/sync - {"script":"<script> [8489 bytes]","args":[{"element-6066-11e4-a52e-4f735466cecf":"f.C3D07913007EC519E918D4FD8EAE9792.d.85091F9CF3A3F65108D444280FF82C81.e.6709","ELEMENT":"f.C3D07913007EC519E918D4FD8EAE9792.d.85091F9CF3A3F65108D444280FF82C81.e.6709"}]}
RESULT: {"script":"<script> [8489 bytes]","args":[{"element-6066-11e4-a52e-4f735466cecf":"f.C3D07913007EC519E918D4FD8EAE9792.d.85091F9CF3A3F65108D444280FF82C81.e.6709","ELEMENT":"f.C3D07913007EC519E918D4FD8EAE9792.d.85091F9CF3A3F65108D444280FF82C81.e.6709"}]}
COMMAND: POST /session/b8a203b9eea9ca58b7eb9d1b420e99b6/element/f.C3D07913007EC519E918D4FD8EAE9792.d.85091F9CF3A3F65108D444280FF82C81.e.6709/click - {}
COMMAND: GET /session/b8a203b9eea9ca58b7eb9d1b420e99b6/screenshot - {}
RESULT: {}
COMMAND: GET /session/b8a203b9eea9ca58b7eb9d1b420e99b6/screenshot - {}
RESULT: {}
RESULT: {}
COMMAND: POST /session/b8a203b9eea9ca58b7eb9d1b420e99b6/execute/async - {"script":"<script> [1562 bytes]","args":[{"selector":{"controlType":"sap.m.ComboBox","viewName":"reusables.view.manageresources.NewResourceUnit","viewId":"application-manageresources-display-component---newResourceUnit","bindingPath":{"path":"","propertyPath":"/RuTypes","modelName":"catalogModel"},"searchOpenDialogs":true},"wdio_ui5_key":"reusablesview.manageresources.NewResourceUnitsap.m.ComboBox{\"path\":\"\",\"propertyPath\":\"/RuTypes\",\"modelName\":\"catalogModel\"}"}]}
RESULT: {"script":"<script> [1562 bytes]","args":[{"selector":{"controlType":"sap.m.ComboBox","viewName":"reusables.view.manageresources.NewResourceUnit","viewId":"application-manageresources-display-component---newResourceUnit","bindingPath":{"path":"","propertyPath":"/RuTypes","modelName":"catalogModel"},"searchOpenDialogs":true},"wdio_ui5_key":"reusablesview.manageresources.NewResourceUnitsap.m.ComboBox{\"path\":\"\",\"propertyPath\":\"/RuTypes\",\"modelName\":\"catalogModel\"}"}]}
RESULT: undefined
COMMAND: POST /session/b8a203b9eea9ca58b7eb9d1b420e99b6/execute/async - {"script":"<script> [1562 bytes]","args":[{"selector":{"controlType":"sap.m.ComboBox","viewName":"reusables.view.manageresources.NewResourceUnit","viewId":"application-manageresources-display-component---newResourceUnit","bindingPath":{"path":"","propertyPath":"/Yards","modelName":"catalogModel"},"searchOpenDialogs":true},"wdio_ui5_key":"reusablesview.manageresources.NewResourceUnitsap.m.ComboBox{\"path\":\"\",\"propertyPath\":\"/Yards\",\"modelName\":\"catalogModel\"}"}]}
RESULT: {"script":"<script> [1562 bytes]","args":[{"selector":{"controlType":"sap.m.ComboBox","viewName":"reusables.view.manageresources.NewResourceUnit","viewId":"application-manageresources-display-component---newResourceUnit","bindingPath":{"path":"","propertyPath":"/Yards","modelName":"catalogModel"},"searchOpenDialogs":true},"wdio_ui5_key":"reusablesview.manageresources.NewResourceUnitsap.m.ComboBox{\"path\":\"\",\"propertyPath\":\"/Yards\",\"modelName\":\"catalogModel\"}"}]}
RESULT: undefined
COMMAND: POST /session/b8a203b9eea9ca58b7eb9d1b420e99b6/execute/async - {"script":"<script> [1562 bytes]","args":[{"selector":{"controlType":"etm.portal.ui.reusables.customControls.LiveSearchComboBox","viewName":"reusables.view.manageresources.NewResourceUnit","viewId":"application-manageresources-display-component---newResourceUnit","bindingPath":{"path":"","propertyPath":"/CatalogItems","modelName":"catalogModel"},"searchOpenDialogs":true},"wdio_ui5_key":"reusablesview.manageresources.NewResourceUnitetm.portal.ui.reusables.customControls.LiveSearchComboBox{\"path\":\"\",\"propertyPath\":\"/CatalogItems\",\"modelName\":\"catalogModel\"}"}]}
RESULT: {"script":"<script> [1562 bytes]","args":[{"selector":{"controlType":"etm.portal.ui.reusables.customControls.LiveSearchComboBox","viewName":"reusables.view.manageresources.NewResourceUnit","viewId":"application-manageresources-display-component---newResourceUnit","bindingPath":{"path":"","propertyPath":"/CatalogItems","modelName":"catalogModel"},"searchOpenDialogs":true},"wdio_ui5_key":"reusablesview.manageresources.NewResourceUnitetm.portal.ui.reusables.customControls.LiveSearchComboBox{\"path\":\"\",\"propertyPath\":\"/CatalogItems\",\"modelName\":\"catalogModel\"}"}]}
RESULT: undefined
COMMAND: POST /session/b8a203b9eea9ca58b7eb9d1b420e99b6/element - {"using":"xpath","value":"//bdi[text()=\"OK\"]"}
RESULT: {"using":"xpath","value":"//bdi[text()=\"OK\"]"}
COMMAND: POST /session/b8a203b9eea9ca58b7eb9d1b420e99b6/elements - {"using":"xpath","value":"//bdi[text()=\"OK\"]"}
RESULT: {"using":"xpath","value":"//bdi[text()=\"OK\"]"}
COMMAND: POST /session/b8a203b9eea9ca58b7eb9d1b420e99b6/elements - {"using":"xpath","value":"//bdi[text()=\"OK\"]"}
RESULT: {"using":"xpath","value":"//bdi[text()=\"OK\"]"}
COMMAND: POST /session/b8a203b9eea9ca58b7eb9d1b420e99b6/elements - {"using":"xpath","value":"//bdi[text()=\"OK\"]"}
RESULT: {"using":"xpath","value":"//bdi[text()=\"OK\"]"}
COMMAND: POST /session/b8a203b9eea9ca58b7eb9d1b420e99b6/elements - {"using":"xpath","value":"//bdi[text()=\"OK\"]"}
RESULT: {"using":"xpath","value":"//bdi[text()=\"OK\"]"}
COMMAND: POST /session/b8a203b9eea9ca58b7eb9d1b420e99b6/elements - {"using":"xpath","value":"//bdi[text()=\"OK\"]"}
RESULT: {"using":"xpath","value":"//bdi[text()=\"OK\"]"}
COMMAND: POST /session/b8a203b9eea9ca58b7eb9d1b420e99b6/elements - {"using":"xpath","value":"//bdi[text()=\"OK\"]"}
RESULT: {"using":"xpath","value":"//bdi[text()=\"OK\"]"}
COMMAND: POST /session/b8a203b9eea9ca58b7eb9d1b420e99b6/elements - {"using":"xpath","value":"//bdi[text()=\"OK\"]"}
RESULT: {"using":"xpath","value":"//bdi[text()=\"OK\"]"}
COMMAND: POST /session/b8a203b9eea9ca58b7eb9d1b420e99b6/elements - {"using":"xpath","value":"//bdi[text()=\"OK\"]"}
RESULT: {"using":"xpath","value":"//bdi[text()=\"OK\"]"}
COMMAND: POST /session/b8a203b9eea9ca58b7eb9d1b420e99b6/elements - {"using":"xpath","value":"//bdi[text()=\"OK\"]"}
RESULT: {"using":"xpath","value":"//bdi[text()=\"OK\"]"}
COMMAND: POST /session/b8a203b9eea9ca58b7eb9d1b420e99b6/elements - {"using":"xpath","value":"//bdi[text()=\"OK\"]"}
RESULT: {"using":"xpath","value":"//bdi[text()=\"OK\"]"}
COMMAND: POST /session/b8a203b9eea9ca58b7eb9d1b420e99b6/elements - {"using":"xpath","value":"//bdi[text()=\"OK\"]"}
RESULT: {"using":"xpath","value":"//bdi[text()=\"OK\"]"}
COMMAND: POST /session/b8a203b9eea9ca58b7eb9d1b420e99b6/elements - {"using":"xpath","value":"//bdi[text()=\"OK\"]"}
RESULT: {"using":"xpath","value":"//bdi[text()=\"OK\"]"}
COMMAND: POST /session/b8a203b9eea9ca58b7eb9d1b420e99b6/elements - {"using":"xpath","value":"//bdi[text()=\"OK\"]"}
RESULT: {"using":"xpath","value":"//bdi[text()=\"OK\"]"}
COMMAND: POST /session/b8a203b9eea9ca58b7eb9d1b420e99b6/elements - {"using":"xpath","value":"//bdi[text()=\"OK\"]"}
RESULT: {"using":"xpath","value":"//bdi[text()=\"OK\"]"}
COMMAND: POST /session/b8a203b9eea9ca58b7eb9d1b420e99b6/elements - {"using":"xpath","value":"//bdi[text()=\"OK\"]"}
RESULT: {"using":"xpath","value":"//bdi[text()=\"OK\"]"}
COMMAND: POST /session/b8a203b9eea9ca58b7eb9d1b420e99b6/elements - {"using":"xpath","value":"//bdi[text()=\"OK\"]"}
RESULT: {"using":"xpath","value":"//bdi[text()=\"OK\"]"}
COMMAND: POST /session/b8a203b9eea9ca58b7eb9d1b420e99b6/elements - {"using":"xpath","value":"//bdi[text()=\"OK\"]"}
RESULT: {"using":"xpath","value":"//bdi[text()=\"OK\"]"}
COMMAND: POST /session/b8a203b9eea9ca58b7eb9d1b420e99b6/elements - {"using":"xpath","value":"//bdi[text()=\"OK\"]"}
RESULT: {"using":"xpath","value":"//bdi[text()=\"OK\"]"}
COMMAND: POST /session/b8a203b9eea9ca58b7eb9d1b420e99b6/elements - {"using":"xpath","value":"//bdi[text()=\"OK\"]"}
RESULT: {"using":"xpath","value":"//bdi[text()=\"OK\"]"}
COMMAND: POST /session/b8a203b9eea9ca58b7eb9d1b420e99b6/elements - {"using":"xpath","value":"//bdi[text()=\"OK\"]"}
RESULT: {"using":"xpath","value":"//bdi[text()=\"OK\"]"}
COMMAND: POST /session/b8a203b9eea9ca58b7eb9d1b420e99b6/elements - {"using":"xpath","value":"//bdi[text()=\"OK\"]"}
RESULT: {"using":"xpath","value":"//bdi[text()=\"OK\"]"}
COMMAND: POST /session/b8a203b9eea9ca58b7eb9d1b420e99b6/elements - {"using":"xpath","value":"//bdi[text()=\"OK\"]"}
RESULT: {"using":"xpath","value":"//bdi[text()=\"OK\"]"}
COMMAND: POST /session/b8a203b9eea9ca58b7eb9d1b420e99b6/elements - {"using":"xpath","value":"//bdi[text()=\"OK\"]"}
RESULT: {"using":"xpath","value":"//bdi[text()=\"OK\"]"}
COMMAND: POST /session/b8a203b9eea9ca58b7eb9d1b420e99b6/elements - {"using":"xpath","value":"//bdi[text()=\"OK\"]"}
RESULT: {"using":"xpath","value":"//bdi[text()=\"OK\"]"}
COMMAND: POST /session/b8a203b9eea9ca58b7eb9d1b420e99b6/elements - {"using":"xpath","value":"//bdi[text()=\"OK\"]"}
RESULT: {"using":"xpath","value":"//bdi[text()=\"OK\"]"}
COMMAND: POST /session/b8a203b9eea9ca58b7eb9d1b420e99b6/elements - {"using":"xpath","value":"//bdi[text()=\"OK\"]"}
RESULT: {"using":"xpath","value":"//bdi[text()=\"OK\"]"}
COMMAND: POST /session/b8a203b9eea9ca58b7eb9d1b420e99b6/elements - {"using":"xpath","value":"//bdi[text()=\"OK\"]"}
RESULT: {"using":"xpath","value":"//bdi[text()=\"OK\"]"}
COMMAND: POST /session/b8a203b9eea9ca58b7eb9d1b420e99b6/elements - {"using":"xpath","value":"//bdi[text()=\"OK\"]"}
RESULT: {"using":"xpath","value":"//bdi[text()=\"OK\"]"}
COMMAND: POST /session/b8a203b9eea9ca58b7eb9d1b420e99b6/elements - {"using":"xpath","value":"//bdi[text()=\"OK\"]"}
RESULT: {"using":"xpath","value":"//bdi[text()=\"OK\"]"}
COMMAND: POST /session/b8a203b9eea9ca58b7eb9d1b420e99b6/elements - {"using":"xpath","value":"//bdi[text()=\"OK\"]"}
RESULT: {"using":"xpath","value":"//bdi[text()=\"OK\"]"}
COMMAND: POST /session/b8a203b9eea9ca58b7eb9d1b420e99b6/elements - {"using":"xpath","value":"//bdi[text()=\"OK\"]"}
RESULT: {"using":"xpath","value":"//bdi[text()=\"OK\"]"}
COMMAND: POST /session/b8a203b9eea9ca58b7eb9d1b420e99b6/elements - {"using":"xpath","value":"//bdi[text()=\"OK\"]"}
RESULT: {"using":"xpath","value":"//bdi[text()=\"OK\"]"}
COMMAND: POST /session/b8a203b9eea9ca58b7eb9d1b420e99b6/elements - {"using":"xpath","value":"//bdi[text()=\"OK\"]"}
RESULT: {"using":"xpath","value":"//bdi[text()=\"OK\"]"}
COMMAND: POST /session/b8a203b9eea9ca58b7eb9d1b420e99b6/elements - {"using":"xpath","value":"//bdi[text()=\"OK\"]"}
RESULT: {"using":"xpath","value":"//bdi[text()=\"OK\"]"}
COMMAND: POST /session/b8a203b9eea9ca58b7eb9d1b420e99b6/elements - {"using":"xpath","value":"//bdi[text()=\"OK\"]"}
RESULT: {"using":"xpath","value":"//bdi[text()=\"OK\"]"}
COMMAND: POST /session/b8a203b9eea9ca58b7eb9d1b420e99b6/elements - {"using":"xpath","value":"//bdi[text()=\"OK\"]"}
RESULT: {"using":"xpath","value":"//bdi[text()=\"OK\"]"}
COMMAND: POST /session/b8a203b9eea9ca58b7eb9d1b420e99b6/elements - {"using":"xpath","value":"//bdi[text()=\"OK\"]"}
RESULT: {"using":"xpath","value":"//bdi[text()=\"OK\"]"}
COMMAND: POST /session/b8a203b9eea9ca58b7eb9d1b420e99b6/elements - {"using":"xpath","value":"//bdi[text()=\"OK\"]"}
RESULT: {"using":"xpath","value":"//bdi[text()=\"OK\"]"}
COMMAND: POST /session/b8a203b9eea9ca58b7eb9d1b420e99b6/elements - {"using":"xpath","value":"//bdi[text()=\"OK\"]"}
RESULT: {"using":"xpath","value":"//bdi[text()=\"OK\"]"}
COMMAND: POST /session/b8a203b9eea9ca58b7eb9d1b420e99b6/elements - {"using":"xpath","value":"//bdi[text()=\"OK\"]"}
RESULT: {"using":"xpath","value":"//bdi[text()=\"OK\"]"}
COMMAND: POST /session/b8a203b9eea9ca58b7eb9d1b420e99b6/elements - {"using":"xpath","value":"//bdi[text()=\"OK\"]"}
RESULT: {"using":"xpath","value":"//bdi[text()=\"OK\"]"}
COMMAND: POST /session/b8a203b9eea9ca58b7eb9d1b420e99b6/elements - {"using":"xpath","value":"//bdi[text()=\"OK\"]"}
RESULT: {"using":"xpath","value":"//bdi[text()=\"OK\"]"}
COMMAND: POST /session/b8a203b9eea9ca58b7eb9d1b420e99b6/elements - {"using":"xpath","value":"//bdi[text()=\"OK\"]"}
RESULT: {"using":"xpath","value":"//bdi[text()=\"OK\"]"}
COMMAND: POST /session/b8a203b9eea9ca58b7eb9d1b420e99b6/elements - {"using":"xpath","value":"//bdi[text()=\"OK\"]"}
RESULT: {"using":"xpath","value":"//bdi[text()=\"OK\"]"}
COMMAND: POST /session/b8a203b9eea9ca58b7eb9d1b420e99b6/elements - {"using":"xpath","value":"//bdi[text()=\"OK\"]"}
RESULT: {"using":"xpath","value":"//bdi[text()=\"OK\"]"}
COMMAND: POST /session/b8a203b9eea9ca58b7eb9d1b420e99b6/elements - {"using":"xpath","value":"//bdi[text()=\"OK\"]"}
RESULT: {"using":"xpath","value":"//bdi[text()=\"OK\"]"}
COMMAND: POST /session/b8a203b9eea9ca58b7eb9d1b420e99b6/elements - {"using":"xpath","value":"//bdi[text()=\"OK\"]"}
RESULT: {"using":"xpath","value":"//bdi[text()=\"OK\"]"}
COMMAND: POST /session/b8a203b9eea9ca58b7eb9d1b420e99b6/elements - {"using":"xpath","value":"//bdi[text()=\"OK\"]"}
RESULT: {"using":"xpath","value":"//bdi[text()=\"OK\"]"}
COMMAND: POST /session/b8a203b9eea9ca58b7eb9d1b420e99b6/elements - {"using":"xpath","value":"//bdi[text()=\"OK\"]"}
RESULT: {"using":"xpath","value":"//bdi[text()=\"OK\"]"}
COMMAND: POST /session/b8a203b9eea9ca58b7eb9d1b420e99b6/elements - {"using":"xpath","value":"//bdi[text()=\"OK\"]"}
RESULT: {"using":"xpath","value":"//bdi[text()=\"OK\"]"}
COMMAND: POST /session/b8a203b9eea9ca58b7eb9d1b420e99b6/elements - {"using":"xpath","value":"//bdi[text()=\"OK\"]"}
RESULT: {"using":"xpath","value":"//bdi[text()=\"OK\"]"}
COMMAND: POST /session/b8a203b9eea9ca58b7eb9d1b420e99b6/elements - {"using":"xpath","value":"//bdi[text()=\"OK\"]"}
RESULT: {"using":"xpath","value":"//bdi[text()=\"OK\"]"}
COMMAND: POST /session/b8a203b9eea9ca58b7eb9d1b420e99b6/elements - {"using":"xpath","value":"//bdi[text()=\"OK\"]"}
RESULT: {"using":"xpath","value":"//bdi[text()=\"OK\"]"}
COMMAND: POST /session/b8a203b9eea9ca58b7eb9d1b420e99b6/elements - {"using":"xpath","value":"//bdi[text()=\"OK\"]"}
RESULT: {"using":"xpath","value":"//bdi[text()=\"OK\"]"}
COMMAND: POST /session/b8a203b9eea9ca58b7eb9d1b420e99b6/elements - {"using":"xpath","value":"//bdi[text()=\"OK\"]"}
RESULT: {"using":"xpath","value":"//bdi[text()=\"OK\"]"}
COMMAND: POST /session/b8a203b9eea9ca58b7eb9d1b420e99b6/elements - {"using":"xpath","value":"//bdi[text()=\"OK\"]"}
RESULT: {"using":"xpath","value":"//bdi[text()=\"OK\"]"}
COMMAND: POST /session/b8a203b9eea9ca58b7eb9d1b420e99b6/elements - {"using":"xpath","value":"//bdi[text()=\"OK\"]"}
RESULT: {"using":"xpath","value":"//bdi[text()=\"OK\"]"}
COMMAND: POST /session/b8a203b9eea9ca58b7eb9d1b420e99b6/elements - {"using":"xpath","value":"//bdi[text()=\"OK\"]"}
RESULT: {"using":"xpath","value":"//bdi[text()=\"OK\"]"}
COMMAND: POST /session/b8a203b9eea9ca58b7eb9d1b420e99b6/elements - {"using":"xpath","value":"//bdi[text()=\"OK\"]"}
RESULT: {"using":"xpath","value":"//bdi[text()=\"OK\"]"}
COMMAND: POST /session/b8a203b9eea9ca58b7eb9d1b420e99b6/elements - {"using":"xpath","value":"//bdi[text()=\"OK\"]"}
RESULT: {"using":"xpath","value":"//bdi[text()=\"OK\"]"}
COMMAND: POST /session/b8a203b9eea9ca58b7eb9d1b420e99b6/elements - {"using":"xpath","value":"//bdi[text()=\"OK\"]"}
RESULT: {"using":"xpath","value":"//bdi[text()=\"OK\"]"}
COMMAND: POST /session/b8a203b9eea9ca58b7eb9d1b420e99b6/elements - {"using":"xpath","value":"//bdi[text()=\"OK\"]"}
RESULT: {"using":"xpath","value":"//bdi[text()=\"OK\"]"}
COMMAND: POST /session/b8a203b9eea9ca58b7eb9d1b420e99b6/elements - {"using":"xpath","value":"//bdi[text()=\"OK\"]"}
RESULT: {"using":"xpath","value":"//bdi[text()=\"OK\"]"}
COMMAND: POST /session/b8a203b9eea9ca58b7eb9d1b420e99b6/elements - {"using":"xpath","value":"//bdi[text()=\"OK\"]"}
RESULT: {"using":"xpath","value":"//bdi[text()=\"OK\"]"}
COMMAND: POST /session/b8a203b9eea9ca58b7eb9d1b420e99b6/elements - {"using":"xpath","value":"//bdi[text()=\"OK\"]"}
RESULT: {"using":"xpath","value":"//bdi[text()=\"OK\"]"}
COMMAND: POST /session/b8a203b9eea9ca58b7eb9d1b420e99b6/elements - {"using":"xpath","value":"//bdi[text()=\"OK\"]"}
RESULT: {"using":"xpath","value":"//bdi[text()=\"OK\"]"}
COMMAND: POST /session/b8a203b9eea9ca58b7eb9d1b420e99b6/elements - {"using":"xpath","value":"//bdi[text()=\"OK\"]"}
RESULT: {"using":"xpath","value":"//bdi[text()=\"OK\"]"}
COMMAND: POST /session/b8a203b9eea9ca58b7eb9d1b420e99b6/elements - {"using":"xpath","value":"//bdi[text()=\"OK\"]"}
RESULT: {"using":"xpath","value":"//bdi[text()=\"OK\"]"}
COMMAND: POST /session/b8a203b9eea9ca58b7eb9d1b420e99b6/elements - {"using":"xpath","value":"//bdi[text()=\"OK\"]"}
RESULT: {"using":"xpath","value":"//bdi[text()=\"OK\"]"}
COMMAND: POST /session/b8a203b9eea9ca58b7eb9d1b420e99b6/elements - {"using":"xpath","value":"//bdi[text()=\"OK\"]"}
RESULT: {"using":"xpath","value":"//bdi[text()=\"OK\"]"}
COMMAND: POST /session/b8a203b9eea9ca58b7eb9d1b420e99b6/elements - {"using":"xpath","value":"//bdi[text()=\"OK\"]"}
RESULT: {"using":"xpath","value":"//bdi[text()=\"OK\"]"}
COMMAND: POST /session/b8a203b9eea9ca58b7eb9d1b420e99b6/elements - {"using":"xpath","value":"//bdi[text()=\"OK\"]"}
RESULT: {"using":"xpath","value":"//bdi[text()=\"OK\"]"}
COMMAND: POST /session/b8a203b9eea9ca58b7eb9d1b420e99b6/elements - {"using":"xpath","value":"//bdi[text()=\"OK\"]"}
RESULT: {"using":"xpath","value":"//bdi[text()=\"OK\"]"}
COMMAND: POST /session/b8a203b9eea9ca58b7eb9d1b420e99b6/elements - {"using":"xpath","value":"//bdi[text()=\"OK\"]"}
RESULT: {"using":"xpath","value":"//bdi[text()=\"OK\"]"}
COMMAND: POST /session/b8a203b9eea9ca58b7eb9d1b420e99b6/elements - {"using":"xpath","value":"//bdi[text()=\"OK\"]"}
RESULT: {"using":"xpath","value":"//bdi[text()=\"OK\"]"}
COMMAND: POST /session/b8a203b9eea9ca58b7eb9d1b420e99b6/elements - {"using":"xpath","value":"//bdi[text()=\"OK\"]"}
RESULT: {"using":"xpath","value":"//bdi[text()=\"OK\"]"}
COMMAND: POST /session/b8a203b9eea9ca58b7eb9d1b420e99b6/elements - {"using":"xpath","value":"//bdi[text()=\"OK\"]"}
RESULT: {"using":"xpath","value":"//bdi[text()=\"OK\"]"}
COMMAND: POST /session/b8a203b9eea9ca58b7eb9d1b420e99b6/elements - {"using":"xpath","value":"//bdi[text()=\"OK\"]"}
RESULT: {"using":"xpath","value":"//bdi[text()=\"OK\"]"}
COMMAND: POST /session/b8a203b9eea9ca58b7eb9d1b420e99b6/elements - {"using":"xpath","value":"//bdi[text()=\"OK\"]"}
RESULT: {"using":"xpath","value":"//bdi[text()=\"OK\"]"}
COMMAND: POST /session/b8a203b9eea9ca58b7eb9d1b420e99b6/elements - {"using":"xpath","value":"//bdi[text()=\"OK\"]"}
RESULT: {"using":"xpath","value":"//bdi[text()=\"OK\"]"}
COMMAND: POST /session/b8a203b9eea9ca58b7eb9d1b420e99b6/elements - {"using":"xpath","value":"//bdi[text()=\"OK\"]"}
RESULT: {"using":"xpath","value":"//bdi[text()=\"OK\"]"}
COMMAND: POST /session/b8a203b9eea9ca58b7eb9d1b420e99b6/elements - {"using":"xpath","value":"//bdi[text()=\"OK\"]"}
RESULT: {"using":"xpath","value":"//bdi[text()=\"OK\"]"}
COMMAND: POST /session/b8a203b9eea9ca58b7eb9d1b420e99b6/elements - {"using":"xpath","value":"//bdi[text()=\"OK\"]"}
RESULT: {"using":"xpath","value":"//bdi[text()=\"OK\"]"}
COMMAND: POST /session/b8a203b9eea9ca58b7eb9d1b420e99b6/elements - {"using":"xpath","value":"//bdi[text()=\"OK\"]"}
RESULT: {"using":"xpath","value":"//bdi[text()=\"OK\"]"}
COMMAND: POST /session/b8a203b9eea9ca58b7eb9d1b420e99b6/elements - {"using":"xpath","value":"//bdi[text()=\"OK\"]"}
RESULT: {"using":"xpath","value":"//bdi[text()=\"OK\"]"}
COMMAND: POST /session/b8a203b9eea9ca58b7eb9d1b420e99b6/elements - {"using":"xpath","value":"//bdi[text()=\"OK\"]"}
RESULT: {"using":"xpath","value":"//bdi[text()=\"OK\"]"}
COMMAND: POST /session/b8a203b9eea9ca58b7eb9d1b420e99b6/elements - {"using":"xpath","value":"//bdi[text()=\"OK\"]"}
RESULT: {"using":"xpath","value":"//bdi[text()=\"OK\"]"}
COMMAND: POST /session/b8a203b9eea9ca58b7eb9d1b420e99b6/elements - {"using":"xpath","value":"//bdi[text()=\"OK\"]"}
RESULT: {"using":"xpath","value":"//bdi[text()=\"OK\"]"}
COMMAND: POST /session/b8a203b9eea9ca58b7eb9d1b420e99b6/elements - {"using":"xpath","value":"//bdi[text()=\"OK\"]"}
RESULT: {"using":"xpath","value":"//bdi[text()=\"OK\"]"}
COMMAND: POST /session/b8a203b9eea9ca58b7eb9d1b420e99b6/elements - {"using":"xpath","value":"//bdi[text()=\"OK\"]"}
RESULT: {"using":"xpath","value":"//bdi[text()=\"OK\"]"}
COMMAND: POST /session/b8a203b9eea9ca58b7eb9d1b420e99b6/elements - {"using":"xpath","value":"//bdi[text()=\"OK\"]"}
RESULT: {"using":"xpath","value":"//bdi[text()=\"OK\"]"}
COMMAND: POST /session/b8a203b9eea9ca58b7eb9d1b420e99b6/elements - {"using":"xpath","value":"//bdi[text()=\"OK\"]"}
RESULT: {"using":"xpath","value":"//bdi[text()=\"OK\"]"}
COMMAND: POST /session/b8a203b9eea9ca58b7eb9d1b420e99b6/elements - {"using":"xpath","value":"//bdi[text()=\"OK\"]"}
RESULT: {"using":"xpath","value":"//bdi[text()=\"OK\"]"}
COMMAND: POST /session/b8a203b9eea9ca58b7eb9d1b420e99b6/elements - {"using":"xpath","value":"//bdi[text()=\"OK\"]"}
RESULT: {"using":"xpath","value":"//bdi[text()=\"OK\"]"}
COMMAND: POST /session/b8a203b9eea9ca58b7eb9d1b420e99b6/elements - {"using":"xpath","value":"//bdi[text()=\"OK\"]"}
RESULT: {"using":"xpath","value":"//bdi[text()=\"OK\"]"}
COMMAND: POST /session/b8a203b9eea9ca58b7eb9d1b420e99b6/elements - {"using":"xpath","value":"//bdi[text()=\"OK\"]"}
RESULT: {"using":"xpath","value":"//bdi[text()=\"OK\"]"}
COMMAND: POST /session/b8a203b9eea9ca58b7eb9d1b420e99b6/elements - {"using":"xpath","value":"//bdi[text()=\"OK\"]"}
RESULT: {"using":"xpath","value":"//bdi[text()=\"OK\"]"}
COMMAND: POST /session/b8a203b9eea9ca58b7eb9d1b420e99b6/elements - {"using":"xpath","value":"//bdi[text()=\"OK\"]"}
RESULT: {"using":"xpath","value":"//bdi[text()=\"OK\"]"}
COMMAND: POST /session/b8a203b9eea9ca58b7eb9d1b420e99b6/elements - {"using":"xpath","value":"//bdi[text()=\"OK\"]"}
RESULT: {"using":"xpath","value":"//bdi[text()=\"OK\"]"}
COMMAND: POST /session/b8a203b9eea9ca58b7eb9d1b420e99b6/elements - {"using":"xpath","value":"//bdi[text()=\"OK\"]"}
RESULT: {"using":"xpath","value":"//bdi[text()=\"OK\"]"}
COMMAND: POST /session/b8a203b9eea9ca58b7eb9d1b420e99b6/elements - {"using":"xpath","value":"//bdi[text()=\"OK\"]"}
RESULT: {"using":"xpath","value":"//bdi[text()=\"OK\"]"}
COMMAND: POST /session/b8a203b9eea9ca58b7eb9d1b420e99b6/elements - {"using":"xpath","value":"//bdi[text()=\"OK\"]"}
RESULT: {"using":"xpath","value":"//bdi[text()=\"OK\"]"}
COMMAND: POST /session/b8a203b9eea9ca58b7eb9d1b420e99b6/elements - {"using":"xpath","value":"//bdi[text()=\"OK\"]"}
RESULT: {"using":"xpath","value":"//bdi[text()=\"OK\"]"}
COMMAND: POST /session/b8a203b9eea9ca58b7eb9d1b420e99b6/elements - {"using":"xpath","value":"//bdi[text()=\"OK\"]"}
RESULT: {"using":"xpath","value":"//bdi[text()=\"OK\"]"}
COMMAND: POST /session/b8a203b9eea9ca58b7eb9d1b420e99b6/elements - {"using":"xpath","value":"//bdi[text()=\"OK\"]"}
RESULT: {"using":"xpath","value":"//bdi[text()=\"OK\"]"}
COMMAND: POST /session/b8a203b9eea9ca58b7eb9d1b420e99b6/elements - {"using":"xpath","value":"//bdi[text()=\"OK\"]"}
RESULT: {"using":"xpath","value":"//bdi[text()=\"OK\"]"}
COMMAND: POST /session/b8a203b9eea9ca58b7eb9d1b420e99b6/elements - {"using":"xpath","value":"//bdi[text()=\"OK\"]"}
RESULT: {"using":"xpath","value":"//bdi[text()=\"OK\"]"}
COMMAND: POST /session/b8a203b9eea9ca58b7eb9d1b420e99b6/elements - {"using":"xpath","value":"//bdi[text()=\"OK\"]"}
RESULT: {"using":"xpath","value":"//bdi[text()=\"OK\"]"}
COMMAND: POST /session/b8a203b9eea9ca58b7eb9d1b420e99b6/elements - {"using":"xpath","value":"//bdi[text()=\"OK\"]"}
RESULT: {"using":"xpath","value":"//bdi[text()=\"OK\"]"}
COMMAND: POST /session/b8a203b9eea9ca58b7eb9d1b420e99b6/elements - {"using":"xpath","value":"//bdi[text()=\"OK\"]"}
RESULT: {"using":"xpath","value":"//bdi[text()=\"OK\"]"}
COMMAND: POST /session/b8a203b9eea9ca58b7eb9d1b420e99b6/elements - {"using":"xpath","value":"//bdi[text()=\"OK\"]"}
RESULT: {"using":"xpath","value":"//bdi[text()=\"OK\"]"}
COMMAND: POST /session/b8a203b9eea9ca58b7eb9d1b420e99b6/elements - {"using":"xpath","value":"//bdi[text()=\"OK\"]"}
RESULT: {"using":"xpath","value":"//bdi[text()=\"OK\"]"}
COMMAND: POST /session/b8a203b9eea9ca58b7eb9d1b420e99b6/elements - {"using":"xpath","value":"//bdi[text()=\"OK\"]"}
RESULT: {"using":"xpath","value":"//bdi[text()=\"OK\"]"}
COMMAND: POST /session/b8a203b9eea9ca58b7eb9d1b420e99b6/elements - {"using":"xpath","value":"//bdi[text()=\"OK\"]"}
RESULT: {"using":"xpath","value":"//bdi[text()=\"OK\"]"}
COMMAND: POST /session/b8a203b9eea9ca58b7eb9d1b420e99b6/elements - {"using":"xpath","value":"//bdi[text()=\"OK\"]"}
RESULT: {"using":"xpath","value":"//bdi[text()=\"OK\"]"}
COMMAND: POST /session/b8a203b9eea9ca58b7eb9d1b420e99b6/elements - {"using":"xpath","value":"//bdi[text()=\"OK\"]"}
RESULT: {"using":"xpath","value":"//bdi[text()=\"OK\"]"}
COMMAND: POST /session/b8a203b9eea9ca58b7eb9d1b420e99b6/elements - {"using":"xpath","value":"//bdi[text()=\"OK\"]"}
RESULT: {"using":"xpath","value":"//bdi[text()=\"OK\"]"}
COMMAND: POST /session/b8a203b9eea9ca58b7eb9d1b420e99b6/elements - {"using":"xpath","value":"//bdi[text()=\"OK\"]"}
RESULT: {"using":"xpath","value":"//bdi[text()=\"OK\"]"}
COMMAND: POST /session/b8a203b9eea9ca58b7eb9d1b420e99b6/elements - {"using":"xpath","value":"//bdi[text()=\"OK\"]"}
RESULT: {"using":"xpath","value":"//bdi[text()=\"OK\"]"}
COMMAND: POST /session/b8a203b9eea9ca58b7eb9d1b420e99b6/elements - {"using":"xpath","value":"//bdi[text()=\"OK\"]"}
RESULT: {"using":"xpath","value":"//bdi[text()=\"OK\"]"}
COMMAND: POST /session/b8a203b9eea9ca58b7eb9d1b420e99b6/elements - {"using":"xpath","value":"//bdi[text()=\"OK\"]"}
RESULT: {"using":"xpath","value":"//bdi[text()=\"OK\"]"}
COMMAND: POST /session/b8a203b9eea9ca58b7eb9d1b420e99b6/element - {"using":"xpath","value":"//bdi[text()=\"OK\"]"}
RESULT: {"using":"xpath","value":"//bdi[text()=\"OK\"]"}
COMMAND: POST /session/b8a203b9eea9ca58b7eb9d1b420e99b6/elements - {"using":"xpath","value":"//bdi[text()=\"OK\"]"}
RESULT: {"using":"xpath","value":"//bdi[text()=\"OK\"]"}
COMMAND: POST /session/b8a203b9eea9ca58b7eb9d1b420e99b6/elements - {"using":"xpath","value":"//bdi[text()=\"OK\"]"}
RESULT: {"using":"xpath","value":"//bdi[text()=\"OK\"]"}
COMMAND: POST /session/b8a203b9eea9ca58b7eb9d1b420e99b6/elements - {"using":"xpath","value":"//bdi[text()=\"OK\"]"}
RESULT: {"using":"xpath","value":"//bdi[text()=\"OK\"]"}
COMMAND: POST /session/b8a203b9eea9ca58b7eb9d1b420e99b6/elements - {"using":"xpath","value":"//bdi[text()=\"OK\"]"}
RESULT: {"using":"xpath","value":"//bdi[text()=\"OK\"]"}
COMMAND: POST /session/b8a203b9eea9ca58b7eb9d1b420e99b6/elements - {"using":"xpath","value":"//bdi[text()=\"OK\"]"}
RESULT: {"using":"xpath","value":"//bdi[text()=\"OK\"]"}
COMMAND: POST /session/b8a203b9eea9ca58b7eb9d1b420e99b6/elements - {"using":"xpath","value":"//bdi[text()=\"OK\"]"}
RESULT: {"using":"xpath","value":"//bdi[text()=\"OK\"]"}
COMMAND: POST /session/b8a203b9eea9ca58b7eb9d1b420e99b6/elements - {"using":"xpath","value":"//bdi[text()=\"OK\"]"}
RESULT: {"using":"xpath","value":"//bdi[text()=\"OK\"]"}
COMMAND: POST /session/b8a203b9eea9ca58b7eb9d1b420e99b6/elements - {"using":"xpath","value":"//bdi[text()=\"OK\"]"}
RESULT: {"using":"xpath","value":"//bdi[text()=\"OK\"]"}
COMMAND: POST /session/b8a203b9eea9ca58b7eb9d1b420e99b6/elements - {"using":"xpath","value":"//bdi[text()=\"OK\"]"}
RESULT: {"using":"xpath","value":"//bdi[text()=\"OK\"]"}
COMMAND: POST /session/b8a203b9eea9ca58b7eb9d1b420e99b6/elements - {"using":"xpath","value":"//bdi[text()=\"OK\"]"}
RESULT: {"using":"xpath","value":"//bdi[text()=\"OK\"]"}
COMMAND: POST /session/b8a203b9eea9ca58b7eb9d1b420e99b6/elements - {"using":"xpath","value":"//bdi[text()=\"OK\"]"}
RESULT: {"using":"xpath","value":"//bdi[text()=\"OK\"]"}
COMMAND: POST /session/b8a203b9eea9ca58b7eb9d1b420e99b6/elements - {"using":"xpath","value":"//bdi[text()=\"OK\"]"}
RESULT: {"using":"xpath","value":"//bdi[text()=\"OK\"]"}
COMMAND: POST /session/b8a203b9eea9ca58b7eb9d1b420e99b6/elements - {"using":"xpath","value":"//bdi[text()=\"OK\"]"}
RESULT: {"using":"xpath","value":"//bdi[text()=\"OK\"]"}
COMMAND: POST /session/b8a203b9eea9ca58b7eb9d1b420e99b6/elements - {"using":"xpath","value":"//bdi[text()=\"OK\"]"}
RESULT: {"using":"xpath","value":"//bdi[text()=\"OK\"]"}
COMMAND: POST /session/b8a203b9eea9ca58b7eb9d1b420e99b6/elements - {"using":"xpath","value":"//bdi[text()=\"OK\"]"}
RESULT: {"using":"xpath","value":"//bdi[text()=\"OK\"]"}
COMMAND: POST /session/b8a203b9eea9ca58b7eb9d1b420e99b6/elements - {"using":"xpath","value":"//bdi[text()=\"OK\"]"}
RESULT: {"using":"xpath","value":"//bdi[text()=\"OK\"]"}
COMMAND: POST /session/b8a203b9eea9ca58b7eb9d1b420e99b6/elements - {"using":"xpath","value":"//bdi[text()=\"OK\"]"}
RESULT: {"using":"xpath","value":"//bdi[text()=\"OK\"]"}
COMMAND: POST /session/b8a203b9eea9ca58b7eb9d1b420e99b6/elements - {"using":"xpath","value":"//bdi[text()=\"OK\"]"}
RESULT: {"using":"xpath","value":"//bdi[text()=\"OK\"]"}
COMMAND: POST /session/b8a203b9eea9ca58b7eb9d1b420e99b6/elements - {"using":"xpath","value":"//bdi[text()=\"OK\"]"}
RESULT: {"using":"xpath","value":"//bdi[text()=\"OK\"]"}
COMMAND: POST /session/b8a203b9eea9ca58b7eb9d1b420e99b6/elements - {"using":"xpath","value":"//bdi[text()=\"OK\"]"}
RESULT: {"using":"xpath","value":"//bdi[text()=\"OK\"]"}
COMMAND: POST /session/b8a203b9eea9ca58b7eb9d1b420e99b6/elements - {"using":"xpath","value":"//bdi[text()=\"OK\"]"}
RESULT: {"using":"xpath","value":"//bdi[text()=\"OK\"]"}
COMMAND: POST /session/b8a203b9eea9ca58b7eb9d1b420e99b6/elements - {"using":"xpath","value":"//bdi[text()=\"OK\"]"}
RESULT: {"using":"xpath","value":"//bdi[text()=\"OK\"]"}
COMMAND: POST /session/b8a203b9eea9ca58b7eb9d1b420e99b6/elements - {"using":"xpath","value":"//bdi[text()=\"OK\"]"}
RESULT: {"using":"xpath","value":"//bdi[text()=\"OK\"]"}
COMMAND: POST /session/b8a203b9eea9ca58b7eb9d1b420e99b6/elements - {"using":"xpath","value":"//bdi[text()=\"OK\"]"}
RESULT: {"using":"xpath","value":"//bdi[text()=\"OK\"]"}
COMMAND: POST /session/b8a203b9eea9ca58b7eb9d1b420e99b6/elements - {"using":"xpath","value":"//bdi[text()=\"OK\"]"}
RESULT: {"using":"xpath","value":"//bdi[text()=\"OK\"]"}
COMMAND: POST /session/b8a203b9eea9ca58b7eb9d1b420e99b6/elements - {"using":"xpath","value":"//bdi[text()=\"OK\"]"}
RESULT: {"using":"xpath","value":"//bdi[text()=\"OK\"]"}
COMMAND: POST /session/b8a203b9eea9ca58b7eb9d1b420e99b6/elements - {"using":"xpath","value":"//bdi[text()=\"OK\"]"}
RESULT: {"using":"xpath","value":"//bdi[text()=\"OK\"]"}
COMMAND: POST /session/b8a203b9eea9ca58b7eb9d1b420e99b6/elements - {"using":"xpath","value":"//bdi[text()=\"OK\"]"}
RESULT: {"using":"xpath","value":"//bdi[text()=\"OK\"]"}
COMMAND: POST /session/b8a203b9eea9ca58b7eb9d1b420e99b6/elements - {"using":"xpath","value":"//bdi[text()=\"OK\"]"}
RESULT: {"using":"xpath","value":"//bdi[text()=\"OK\"]"}
COMMAND: POST /session/b8a203b9eea9ca58b7eb9d1b420e99b6/elements - {"using":"xpath","value":"//bdi[text()=\"OK\"]"}
RESULT: {"using":"xpath","value":"//bdi[text()=\"OK\"]"}
COMMAND: POST /session/b8a203b9eea9ca58b7eb9d1b420e99b6/elements - {"using":"xpath","value":"//bdi[text()=\"OK\"]"}
RESULT: {"using":"xpath","value":"//bdi[text()=\"OK\"]"}
COMMAND: POST /session/b8a203b9eea9ca58b7eb9d1b420e99b6/elements - {"using":"xpath","value":"//bdi[text()=\"OK\"]"}
RESULT: {"using":"xpath","value":"//bdi[text()=\"OK\"]"}
COMMAND: POST /session/b8a203b9eea9ca58b7eb9d1b420e99b6/elements - {"using":"xpath","value":"//bdi[text()=\"OK\"]"}
RESULT: {"using":"xpath","value":"//bdi[text()=\"OK\"]"}
COMMAND: POST /session/b8a203b9eea9ca58b7eb9d1b420e99b6/elements - {"using":"xpath","value":"//bdi[text()=\"OK\"]"}
RESULT: {"using":"xpath","value":"//bdi[text()=\"OK\"]"}
COMMAND: POST /session/b8a203b9eea9ca58b7eb9d1b420e99b6/elements - {"using":"xpath","value":"//bdi[text()=\"OK\"]"}
RESULT: {"using":"xpath","value":"//bdi[text()=\"OK\"]"}
COMMAND: POST /session/b8a203b9eea9ca58b7eb9d1b420e99b6/elements - {"using":"xpath","value":"//bdi[text()=\"OK\"]"}
RESULT: {"using":"xpath","value":"//bdi[text()=\"OK\"]"}
COMMAND: POST /session/b8a203b9eea9ca58b7eb9d1b420e99b6/elements - {"using":"xpath","value":"//bdi[text()=\"OK\"]"}
RESULT: {"using":"xpath","value":"//bdi[text()=\"OK\"]"}
COMMAND: POST /session/b8a203b9eea9ca58b7eb9d1b420e99b6/elements - {"using":"xpath","value":"//bdi[text()=\"OK\"]"}
RESULT: {"using":"xpath","value":"//bdi[text()=\"OK\"]"}
COMMAND: POST /session/b8a203b9eea9ca58b7eb9d1b420e99b6/elements - {"using":"xpath","value":"//bdi[text()=\"OK\"]"}
RESULT: {"using":"xpath","value":"//bdi[text()=\"OK\"]"}
COMMAND: POST /session/b8a203b9eea9ca58b7eb9d1b420e99b6/elements - {"using":"xpath","value":"//bdi[text()=\"OK\"]"}
RESULT: {"using":"xpath","value":"//bdi[text()=\"OK\"]"}
COMMAND: POST /session/b8a203b9eea9ca58b7eb9d1b420e99b6/elements - {"using":"xpath","value":"//bdi[text()=\"OK\"]"}
RESULT: {"using":"xpath","value":"//bdi[text()=\"OK\"]"}
COMMAND: POST /session/b8a203b9eea9ca58b7eb9d1b420e99b6/elements - {"using":"xpath","value":"//bdi[text()=\"OK\"]"}
RESULT: {"using":"xpath","value":"//bdi[text()=\"OK\"]"}
COMMAND: POST /session/b8a203b9eea9ca58b7eb9d1b420e99b6/elements - {"using":"xpath","value":"//bdi[text()=\"OK\"]"}
RESULT: {"using":"xpath","value":"//bdi[text()=\"OK\"]"}
COMMAND: POST /session/b8a203b9eea9ca58b7eb9d1b420e99b6/elements - {"using":"xpath","value":"//bdi[text()=\"OK\"]"}
RESULT: {"using":"xpath","value":"//bdi[text()=\"OK\"]"}
COMMAND: POST /session/b8a203b9eea9ca58b7eb9d1b420e99b6/elements - {"using":"xpath","value":"//bdi[text()=\"OK\"]"}
RESULT: {"using":"xpath","value":"//bdi[text()=\"OK\"]"}
COMMAND: POST /session/b8a203b9eea9ca58b7eb9d1b420e99b6/elements - {"using":"xpath","value":"//bdi[text()=\"OK\"]"}
RESULT: {"using":"xpath","value":"//bdi[text()=\"OK\"]"}
COMMAND: POST /session/b8a203b9eea9ca58b7eb9d1b420e99b6/elements - {"using":"xpath","value":"//bdi[text()=\"OK\"]"}
RESULT: {"using":"xpath","value":"//bdi[text()=\"OK\"]"}
COMMAND: POST /session/b8a203b9eea9ca58b7eb9d1b420e99b6/elements - {"using":"xpath","value":"//bdi[text()=\"OK\"]"}
RESULT: {"using":"xpath","value":"//bdi[text()=\"OK\"]"}
COMMAND: POST /session/b8a203b9eea9ca58b7eb9d1b420e99b6/elements - {"using":"xpath","value":"//bdi[text()=\"OK\"]"}
RESULT: {"using":"xpath","value":"//bdi[text()=\"OK\"]"}
COMMAND: POST /session/b8a203b9eea9ca58b7eb9d1b420e99b6/elements - {"using":"xpath","value":"//bdi[text()=\"OK\"]"}
RESULT: {"using":"xpath","value":"//bdi[text()=\"OK\"]"}
COMMAND: POST /session/b8a203b9eea9ca58b7eb9d1b420e99b6/elements - {"using":"xpath","value":"//bdi[text()=\"OK\"]"}
RESULT: {"using":"xpath","value":"//bdi[text()=\"OK\"]"}
COMMAND: POST /session/b8a203b9eea9ca58b7eb9d1b420e99b6/elements - {"using":"xpath","value":"//bdi[text()=\"OK\"]"}
RESULT: {"using":"xpath","value":"//bdi[text()=\"OK\"]"}
COMMAND: POST /session/b8a203b9eea9ca58b7eb9d1b420e99b6/elements - {"using":"xpath","value":"//bdi[text()=\"OK\"]"}
RESULT: {"using":"xpath","value":"//bdi[text()=\"OK\"]"}
COMMAND: POST /session/b8a203b9eea9ca58b7eb9d1b420e99b6/elements - {"using":"xpath","value":"//bdi[text()=\"OK\"]"}
RESULT: {"using":"xpath","value":"//bdi[text()=\"OK\"]"}
COMMAND: POST /session/b8a203b9eea9ca58b7eb9d1b420e99b6/elements - {"using":"xpath","value":"//bdi[text()=\"OK\"]"}
RESULT: {"using":"xpath","value":"//bdi[text()=\"OK\"]"}
COMMAND: POST /session/b8a203b9eea9ca58b7eb9d1b420e99b6/elements - {"using":"xpath","value":"//bdi[text()=\"OK\"]"}
RESULT: {"using":"xpath","value":"//bdi[text()=\"OK\"]"}
COMMAND: POST /session/b8a203b9eea9ca58b7eb9d1b420e99b6/elements - {"using":"xpath","value":"//bdi[text()=\"OK\"]"}
RESULT: {"using":"xpath","value":"//bdi[text()=\"OK\"]"}
COMMAND: POST /session/b8a203b9eea9ca58b7eb9d1b420e99b6/elements - {"using":"xpath","value":"//bdi[text()=\"OK\"]"}
RESULT: {"using":"xpath","value":"//bdi[text()=\"OK\"]"}
COMMAND: POST /session/b8a203b9eea9ca58b7eb9d1b420e99b6/elements - {"using":"xpath","value":"//bdi[text()=\"OK\"]"}
RESULT: {"using":"xpath","value":"//bdi[text()=\"OK\"]"}
COMMAND: POST /session/b8a203b9eea9ca58b7eb9d1b420e99b6/elements - {"using":"xpath","value":"//bdi[text()=\"OK\"]"}
RESULT: {"using":"xpath","value":"//bdi[text()=\"OK\"]"}
COMMAND: POST /session/b8a203b9eea9ca58b7eb9d1b420e99b6/elements - {"using":"xpath","value":"//bdi[text()=\"OK\"]"}
RESULT: {"using":"xpath","value":"//bdi[text()=\"OK\"]"}
COMMAND: POST /session/b8a203b9eea9ca58b7eb9d1b420e99b6/elements - {"using":"xpath","value":"//bdi[text()=\"OK\"]"}
RESULT: {"using":"xpath","value":"//bdi[text()=\"OK\"]"}
COMMAND: POST /session/b8a203b9eea9ca58b7eb9d1b420e99b6/elements - {"using":"xpath","value":"//bdi[text()=\"OK\"]"}
RESULT: {"using":"xpath","value":"//bdi[text()=\"OK\"]"}
COMMAND: POST /session/b8a203b9eea9ca58b7eb9d1b420e99b6/elements - {"using":"xpath","value":"//bdi[text()=\"OK\"]"}
RESULT: {"using":"xpath","value":"//bdi[text()=\"OK\"]"}
COMMAND: POST /session/b8a203b9eea9ca58b7eb9d1b420e99b6/elements - {"using":"xpath","value":"//bdi[text()=\"OK\"]"}
RESULT: {"using":"xpath","value":"//bdi[text()=\"OK\"]"}
COMMAND: POST /session/b8a203b9eea9ca58b7eb9d1b420e99b6/elements - {"using":"xpath","value":"//bdi[text()=\"OK\"]"}
RESULT: {"using":"xpath","value":"//bdi[text()=\"OK\"]"}
COMMAND: POST /session/b8a203b9eea9ca58b7eb9d1b420e99b6/elements - {"using":"xpath","value":"//bdi[text()=\"OK\"]"}
RESULT: {"using":"xpath","value":"//bdi[text()=\"OK\"]"}
COMMAND: POST /session/b8a203b9eea9ca58b7eb9d1b420e99b6/elements - {"using":"xpath","value":"//bdi[text()=\"OK\"]"}
RESULT: {"using":"xpath","value":"//bdi[text()=\"OK\"]"}
COMMAND: POST /session/b8a203b9eea9ca58b7eb9d1b420e99b6/elements - {"using":"xpath","value":"//bdi[text()=\"OK\"]"}
RESULT: {"using":"xpath","value":"//bdi[text()=\"OK\"]"}
COMMAND: POST /session/b8a203b9eea9ca58b7eb9d1b420e99b6/elements - {"using":"xpath","value":"//bdi[text()=\"OK\"]"}
RESULT: {"using":"xpath","value":"//bdi[text()=\"OK\"]"}
COMMAND: POST /session/b8a203b9eea9ca58b7eb9d1b420e99b6/elements - {"using":"xpath","value":"//bdi[text()=\"OK\"]"}
RESULT: {"using":"xpath","value":"//bdi[text()=\"OK\"]"}
COMMAND: POST /session/b8a203b9eea9ca58b7eb9d1b420e99b6/elements - {"using":"xpath","value":"//bdi[text()=\"OK\"]"}
RESULT: {"using":"xpath","value":"//bdi[text()=\"OK\"]"}
COMMAND: POST /session/b8a203b9eea9ca58b7eb9d1b420e99b6/elements - {"using":"xpath","value":"//bdi[text()=\"OK\"]"}
RESULT: {"using":"xpath","value":"//bdi[text()=\"OK\"]"}
COMMAND: POST /session/b8a203b9eea9ca58b7eb9d1b420e99b6/elements - {"using":"xpath","value":"//bdi[text()=\"OK\"]"}
RESULT: {"using":"xpath","value":"//bdi[text()=\"OK\"]"}
COMMAND: POST /session/b8a203b9eea9ca58b7eb9d1b420e99b6/elements - {"using":"xpath","value":"//bdi[text()=\"OK\"]"}
RESULT: {"using":"xpath","value":"//bdi[text()=\"OK\"]"}
COMMAND: POST /session/b8a203b9eea9ca58b7eb9d1b420e99b6/elements - {"using":"xpath","value":"//bdi[text()=\"OK\"]"}
RESULT: {"using":"xpath","value":"//bdi[text()=\"OK\"]"}
COMMAND: POST /session/b8a203b9eea9ca58b7eb9d1b420e99b6/elements - {"using":"xpath","value":"//bdi[text()=\"OK\"]"}
RESULT: {"using":"xpath","value":"//bdi[text()=\"OK\"]"}
COMMAND: POST /session/b8a203b9eea9ca58b7eb9d1b420e99b6/elements - {"using":"xpath","value":"//bdi[text()=\"OK\"]"}
RESULT: {"using":"xpath","value":"//bdi[text()=\"OK\"]"}
COMMAND: POST /session/b8a203b9eea9ca58b7eb9d1b420e99b6/elements - {"using":"xpath","value":"//bdi[text()=\"OK\"]"}
RESULT: {"using":"xpath","value":"//bdi[text()=\"OK\"]"}
COMMAND: POST /session/b8a203b9eea9ca58b7eb9d1b420e99b6/elements - {"using":"xpath","value":"//bdi[text()=\"OK\"]"}
RESULT: {"using":"xpath","value":"//bdi[text()=\"OK\"]"}
COMMAND: POST /session/b8a203b9eea9ca58b7eb9d1b420e99b6/elements - {"using":"xpath","value":"//bdi[text()=\"OK\"]"}
RESULT: {"using":"xpath","value":"//bdi[text()=\"OK\"]"}
COMMAND: POST /session/b8a203b9eea9ca58b7eb9d1b420e99b6/elements - {"using":"xpath","value":"//bdi[text()=\"OK\"]"}
RESULT: {"using":"xpath","value":"//bdi[text()=\"OK\"]"}
COMMAND: POST /session/b8a203b9eea9ca58b7eb9d1b420e99b6/elements - {"using":"xpath","value":"//bdi[text()=\"OK\"]"}
RESULT: {"using":"xpath","value":"//bdi[text()=\"OK\"]"}
COMMAND: POST /session/b8a203b9eea9ca58b7eb9d1b420e99b6/elements - {"using":"xpath","value":"//bdi[text()=\"OK\"]"}
RESULT: {"using":"xpath","value":"//bdi[text()=\"OK\"]"}
COMMAND: POST /session/b8a203b9eea9ca58b7eb9d1b420e99b6/elements - {"using":"xpath","value":"//bdi[text()=\"OK\"]"}
RESULT: {"using":"xpath","value":"//bdi[text()=\"OK\"]"}
COMMAND: POST /session/b8a203b9eea9ca58b7eb9d1b420e99b6/elements - {"using":"xpath","value":"//bdi[text()=\"OK\"]"}
RESULT: {"using":"xpath","value":"//bdi[text()=\"OK\"]"}
COMMAND: POST /session/b8a203b9eea9ca58b7eb9d1b420e99b6/elements - {"using":"xpath","value":"//bdi[text()=\"OK\"]"}
RESULT: {"using":"xpath","value":"//bdi[text()=\"OK\"]"}
COMMAND: POST /session/b8a203b9eea9ca58b7eb9d1b420e99b6/elements - {"using":"xpath","value":"//bdi[text()=\"OK\"]"}
RESULT: {"using":"xpath","value":"//bdi[text()=\"OK\"]"}
COMMAND: POST /session/b8a203b9eea9ca58b7eb9d1b420e99b6/elements - {"using":"xpath","value":"//bdi[text()=\"OK\"]"}
RESULT: {"using":"xpath","value":"//bdi[text()=\"OK\"]"}
COMMAND: POST /session/b8a203b9eea9ca58b7eb9d1b420e99b6/elements - {"using":"xpath","value":"//bdi[text()=\"OK\"]"}
RESULT: {"using":"xpath","value":"//bdi[text()=\"OK\"]"}
COMMAND: POST /session/b8a203b9eea9ca58b7eb9d1b420e99b6/elements - {"using":"xpath","value":"//bdi[text()=\"OK\"]"}
RESULT: {"using":"xpath","value":"//bdi[text()=\"OK\"]"}
COMMAND: POST /session/b8a203b9eea9ca58b7eb9d1b420e99b6/elements - {"using":"xpath","value":"//bdi[text()=\"OK\"]"}
RESULT: {"using":"xpath","value":"//bdi[text()=\"OK\"]"}
COMMAND: POST /session/b8a203b9eea9ca58b7eb9d1b420e99b6/elements - {"using":"xpath","value":"//bdi[text()=\"OK\"]"}
RESULT: {"using":"xpath","value":"//bdi[text()=\"OK\"]"}
COMMAND: POST /session/b8a203b9eea9ca58b7eb9d1b420e99b6/elements - {"using":"xpath","value":"//bdi[text()=\"OK\"]"}
RESULT: {"using":"xpath","value":"//bdi[text()=\"OK\"]"}
COMMAND: POST /session/b8a203b9eea9ca58b7eb9d1b420e99b6/elements - {"using":"xpath","value":"//bdi[text()=\"OK\"]"}
RESULT: {"using":"xpath","value":"//bdi[text()=\"OK\"]"}
COMMAND: POST /session/b8a203b9eea9ca58b7eb9d1b420e99b6/elements - {"using":"xpath","value":"//bdi[text()=\"OK\"]"}
RESULT: {"using":"xpath","value":"//bdi[text()=\"OK\"]"}
COMMAND: POST /session/b8a203b9eea9ca58b7eb9d1b420e99b6/elements - {"using":"xpath","value":"//bdi[text()=\"OK\"]"}
RESULT: {"using":"xpath","value":"//bdi[text()=\"OK\"]"}
COMMAND: POST /session/b8a203b9eea9ca58b7eb9d1b420e99b6/elements - {"using":"xpath","value":"//bdi[text()=\"OK\"]"}
RESULT: {"using":"xpath","value":"//bdi[text()=\"OK\"]"}
COMMAND: POST /session/b8a203b9eea9ca58b7eb9d1b420e99b6/elements - {"using":"xpath","value":"//bdi[text()=\"OK\"]"}
RESULT: {"using":"xpath","value":"//bdi[text()=\"OK\"]"}
COMMAND: POST /session/b8a203b9eea9ca58b7eb9d1b420e99b6/elements - {"using":"xpath","value":"//bdi[text()=\"OK\"]"}
RESULT: {"using":"xpath","value":"//bdi[text()=\"OK\"]"}
COMMAND: POST /session/b8a203b9eea9ca58b7eb9d1b420e99b6/elements - {"using":"xpath","value":"//bdi[text()=\"OK\"]"}
RESULT: {"using":"xpath","value":"//bdi[text()=\"OK\"]"}
COMMAND: POST /session/b8a203b9eea9ca58b7eb9d1b420e99b6/elements - {"using":"xpath","value":"//bdi[text()=\"OK\"]"}
RESULT: {"using":"xpath","value":"//bdi[text()=\"OK\"]"}
COMMAND: POST /session/b8a203b9eea9ca58b7eb9d1b420e99b6/elements - {"using":"xpath","value":"//bdi[text()=\"OK\"]"}
RESULT: {"using":"xpath","value":"//bdi[text()=\"OK\"]"}
COMMAND: POST /session/b8a203b9eea9ca58b7eb9d1b420e99b6/elements - {"using":"xpath","value":"//bdi[text()=\"OK\"]"}
RESULT: {"using":"xpath","value":"//bdi[text()=\"OK\"]"}
COMMAND: POST /session/b8a203b9eea9ca58b7eb9d1b420e99b6/elements - {"using":"xpath","value":"//bdi[text()=\"OK\"]"}
RESULT: {"using":"xpath","value":"//bdi[text()=\"OK\"]"}
COMMAND: POST /session/b8a203b9eea9ca58b7eb9d1b420e99b6/elements - {"using":"xpath","value":"//bdi[text()=\"OK\"]"}
RESULT: {"using":"xpath","value":"//bdi[text()=\"OK\"]"}
COMMAND: POST /session/b8a203b9eea9ca58b7eb9d1b420e99b6/elements - {"using":"xpath","value":"//bdi[text()=\"OK\"]"}
RESULT: {"using":"xpath","value":"//bdi[text()=\"OK\"]"}
COMMAND: POST /session/b8a203b9eea9ca58b7eb9d1b420e99b6/elements - {"using":"xpath","value":"//bdi[text()=\"OK\"]"}
RESULT: {"using":"xpath","value":"//bdi[text()=\"OK\"]"}
COMMAND: POST /session/b8a203b9eea9ca58b7eb9d1b420e99b6/elements - {"using":"xpath","value":"//bdi[text()=\"OK\"]"}
RESULT: {"using":"xpath","value":"//bdi[text()=\"OK\"]"}
COMMAND: POST /session/b8a203b9eea9ca58b7eb9d1b420e99b6/elements - {"using":"xpath","value":"//bdi[text()=\"OK\"]"}
RESULT: {"using":"xpath","value":"//bdi[text()=\"OK\"]"}
COMMAND: POST /session/b8a203b9eea9ca58b7eb9d1b420e99b6/elements - {"using":"xpath","value":"//bdi[text()=\"OK\"]"}
RESULT: {"using":"xpath","value":"//bdi[text()=\"OK\"]"}
COMMAND: POST /session/b8a203b9eea9ca58b7eb9d1b420e99b6/elements - {"using":"xpath","value":"//bdi[text()=\"OK\"]"}
RESULT: {"using":"xpath","value":"//bdi[text()=\"OK\"]"}
COMMAND: POST /session/b8a203b9eea9ca58b7eb9d1b420e99b6/elements - {"using":"xpath","value":"//bdi[text()=\"OK\"]"}
RESULT: {"using":"xpath","value":"//bdi[text()=\"OK\"]"}
COMMAND: POST /session/b8a203b9eea9ca58b7eb9d1b420e99b6/elements - {"using":"xpath","value":"//bdi[text()=\"OK\"]"}
RESULT: {"using":"xpath","value":"//bdi[text()=\"OK\"]"}
COMMAND: POST /session/b8a203b9eea9ca58b7eb9d1b420e99b6/elements - {"using":"xpath","value":"//bdi[text()=\"OK\"]"}
RESULT: {"using":"xpath","value":"//bdi[text()=\"OK\"]"}
COMMAND: POST /session/b8a203b9eea9ca58b7eb9d1b420e99b6/elements - {"using":"xpath","value":"//bdi[text()=\"OK\"]"}
RESULT: {"using":"xpath","value":"//bdi[text()=\"OK\"]"}
COMMAND: POST /session/b8a203b9eea9ca58b7eb9d1b420e99b6/elements - {"using":"xpath","value":"//bdi[text()=\"OK\"]"}
RESULT: {"using":"xpath","value":"//bdi[text()=\"OK\"]"}
COMMAND: POST /session/b8a203b9eea9ca58b7eb9d1b420e99b6/elements - {"using":"xpath","value":"//bdi[text()=\"OK\"]"}
RESULT: {"using":"xpath","value":"//bdi[text()=\"OK\"]"}
COMMAND: POST /session/b8a203b9eea9ca58b7eb9d1b420e99b6/elements - {"using":"xpath","value":"//bdi[text()=\"OK\"]"}
RESULT: {"using":"xpath","value":"//bdi[text()=\"OK\"]"}
COMMAND: POST /session/b8a203b9eea9ca58b7eb9d1b420e99b6/elements - {"using":"xpath","value":"//bdi[text()=\"OK\"]"}
RESULT: {"using":"xpath","value":"//bdi[text()=\"OK\"]"}
COMMAND: POST /session/b8a203b9eea9ca58b7eb9d1b420e99b6/execute/async - {"script":"<script> [1562 bytes]","args":[{"selector":{"id":"application-manageresources-display-component---newResourceUnit--TYPE-arrow"},"wdio_ui5_key":"applicationmanageresources-display-component---newResourceUnit--TYPE-arrow"}]}
RESULT: {"script":"<script> [1562 bytes]","args":[{"selector":{"id":"application-manageresources-display-component---newResourceUnit--TYPE-arrow"},"wdio_ui5_key":"applicationmanageresources-display-component---newResourceUnit--TYPE-arrow"}]}
RESULT: undefined
COMMAND: POST /session/b8a203b9eea9ca58b7eb9d1b420e99b6/element - {"using":"xpath","value":"//*[@id=\"application-manageresources-display-component---newResourceUnit--TYPE-arrow\"]"}
RESULT: {"using":"xpath","value":"//*[@id=\"application-manageresources-display-component---newResourceUnit--TYPE-arrow\"]"}
COMMAND: POST /session/b8a203b9eea9ca58b7eb9d1b420e99b6/element/f.C3D07913007EC519E918D4FD8EAE9792.d.85091F9CF3A3F65108D444280FF82C81.e.6882/click - {}
RESULT: {}
COMMAND: POST /session/b8a203b9eea9ca58b7eb9d1b420e99b6/execute/async - {"script":"<script> [1562 bytes]","args":[{"selector":{"controlType":"sap.m.StandardListItem","viewName":"reusables.view.manageresources.NewResourceUnit","viewId":"application-manageresources-display-component---newResourceUnit","properties":{"title":"Equipment"},"searchOpenDialogs":true,"interaction":{"idSuffix":"content"}},"wdio_ui5_key":"reusablesview.manageresources.NewResourceUnitsap.m.StandardListItem{\"title\":\"Equipment\"}"}]}
COMMAND: GET /session/b8a203b9eea9ca58b7eb9d1b420e99b6/screenshot - {}
RESULT: {"script":"<script> [1562 bytes]","args":[{"selector":{"controlType":"sap.m.StandardListItem","viewName":"reusables.view.manageresources.NewResourceUnit","viewId":"application-manageresources-display-component---newResourceUnit","properties":{"title":"Equipment"},"searchOpenDialogs":true,"interaction":{"idSuffix":"content"}},"wdio_ui5_key":"reusablesview.manageresources.NewResourceUnitsap.m.StandardListItem{\"title\":\"Equipment\"}"}]}
RESULT: undefined
COMMAND: POST /session/b8a203b9eea9ca58b7eb9d1b420e99b6/element - {"using":"xpath","value":"//*[@id=\"__item143\"]"}
RESULT: {}
RESULT: {"using":"xpath","value":"//*[@id=\"__item143\"]"}
COMMAND: POST /session/b8a203b9eea9ca58b7eb9d1b420e99b6/element/f.C3D07913007EC519E918D4FD8EAE9792.d.85091F9CF3A3F65108D444280FF82C81.e.6885/click - {}
RESULT: {}
COMMAND: POST /session/b8a203b9eea9ca58b7eb9d1b420e99b6/execute/async - {"script":"<script> [1562 bytes]","args":[{"selector":{"id":"application-manageresources-display-component---newResourceUnit--resourceId","interaction":{"idSuffix":"inner"}},"wdio_ui5_key":"applicationmanageresources-display-component---newResourceUnit--resourceId"}]}
COMMAND: GET /session/b8a203b9eea9ca58b7eb9d1b420e99b6/screenshot - {}
RESULT: {"script":"<script> [1562 bytes]","args":[{"selector":{"id":"application-manageresources-display-component---newResourceUnit--resourceId","interaction":{"idSuffix":"inner"}},"wdio_ui5_key":"applicationmanageresources-display-component---newResourceUnit--resourceId"}]}
RESULT: undefined
COMMAND: POST /session/b8a203b9eea9ca58b7eb9d1b420e99b6/execute/async - {"script":"<script> [776 bytes]","args":[{"enterText":"EquipmentCounter 3jqttj","selector":{"id":"application-manageresources-display-component---newResourceUnit--resourceId","interaction":{"idSuffix":"inner"}},"clearTextFirst":true,"interactionType":"ENTER_TEXT"}]}
RESULT: {}
RESULT: {"script":"<script> [776 bytes]","args":[{"enterText":"EquipmentCounter 3jqttj","selector":{"id":"application-manageresources-display-component---newResourceUnit--resourceId","interaction":{"idSuffix":"inner"}},"clearTextFirst":true,"interactionType":"ENTER_TEXT"}]}
COMMAND: POST /session/b8a203b9eea9ca58b7eb9d1b420e99b6/execute/async - {"script":"<script> [1562 bytes]","args":[{"selector":{"id":"application-manageresources-display-component---newResourceUnit--SHORT_TEXT","interaction":{"idSuffix":"inner"}},"wdio_ui5_key":"applicationmanageresources-display-component---newResourceUnit--SHORT_TEXT"}]}
RESULT: {"script":"<script> [1562 bytes]","args":[{"selector":{"id":"application-manageresources-display-component---newResourceUnit--SHORT_TEXT","interaction":{"idSuffix":"inner"}},"wdio_ui5_key":"applicationmanageresources-display-component---newResourceUnit--SHORT_TEXT"}]}
RESULT: undefined
COMMAND: POST /session/b8a203b9eea9ca58b7eb9d1b420e99b6/execute/async - {"script":"<script> [776 bytes]","args":[{"enterText":"EquipmentCounter 3jqttj","selector":{"id":"application-manageresources-display-component---newResourceUnit--SHORT_TEXT","interaction":{"idSuffix":"inner"}},"clearTextFirst":true,"interactionType":"ENTER_TEXT"}]}
RESULT: {"script":"<script> [776 bytes]","args":[{"enterText":"EquipmentCounter 3jqttj","selector":{"id":"application-manageresources-display-component---newResourceUnit--SHORT_TEXT","interaction":{"idSuffix":"inner"}},"clearTextFirst":true,"interactionType":"ENTER_TEXT"}]}
COMMAND: POST /session/b8a203b9eea9ca58b7eb9d1b420e99b6/execute/async - {"script":"<script> [1562 bytes]","args":[{"selector":{"id":"application-manageresources-display-component---newResourceUnit--BASE_UNIT_OF_MEASURE","interaction":{"idSuffix":"inner"}},"wdio_ui5_key":"applicationmanageresources-display-component---newResourceUnit--BASE_UNIT_OF_MEASURE"}]}
RESULT: {"script":"<script> [1562 bytes]","args":[{"selector":{"id":"application-manageresources-display-component---newResourceUnit--BASE_UNIT_OF_MEASURE","interaction":{"idSuffix":"inner"}},"wdio_ui5_key":"applicationmanageresources-display-component---newResourceUnit--BASE_UNIT_OF_MEASURE"}]}
RESULT: undefined
COMMAND: POST /session/b8a203b9eea9ca58b7eb9d1b420e99b6/execute/async - {"script":"<script> [776 bytes]","args":[{"enterText":"Piece","selector":{"id":"application-manageresources-display-component---newResourceUnit--BASE_UNIT_OF_MEASURE","interaction":{"idSuffix":"inner"}},"clearTextFirst":true,"interactionType":"ENTER_TEXT"}]}
RESULT: {"script":"<script> [776 bytes]","args":[{"enterText":"Piece","selector":{"id":"application-manageresources-display-component---newResourceUnit--BASE_UNIT_OF_MEASURE","interaction":{"idSuffix":"inner"}},"clearTextFirst":true,"interactionType":"ENTER_TEXT"}]}
COMMAND: POST /session/b8a203b9eea9ca58b7eb9d1b420e99b6/execute/async - {"script":"<script> [1562 bytes]","args":[{"selector":{"id":"application-manageresources-display-component---newResourceUnit--WEIGHT_UNIT","interaction":{"idSuffix":"inner"}},"wdio_ui5_key":"applicationmanageresources-display-component---newResourceUnit--WEIGHT_UNIT"}]}
RESULT: {"script":"<script> [1562 bytes]","args":[{"selector":{"id":"application-manageresources-display-component---newResourceUnit--WEIGHT_UNIT","interaction":{"idSuffix":"inner"}},"wdio_ui5_key":"applicationmanageresources-display-component---newResourceUnit--WEIGHT_UNIT"}]}
RESULT: undefined
COMMAND: POST /session/b8a203b9eea9ca58b7eb9d1b420e99b6/execute/async - {"script":"<script> [776 bytes]","args":[{"enterText":"Gram","selector":{"id":"application-manageresources-display-component---newResourceUnit--WEIGHT_UNIT","interaction":{"idSuffix":"inner"}},"clearTextFirst":true,"interactionType":"ENTER_TEXT"}]}
RESULT: {"script":"<script> [776 bytes]","args":[{"enterText":"Gram","selector":{"id":"application-manageresources-display-component---newResourceUnit--WEIGHT_UNIT","interaction":{"idSuffix":"inner"}},"clearTextFirst":true,"interactionType":"ENTER_TEXT"}]}
COMMAND: POST /session/b8a203b9eea9ca58b7eb9d1b420e99b6/execute/async - {"script":"<script> [1562 bytes]","args":[{"selector":{"id":"application-manageresources-display-component---newResourceUnit--newRRUPage-OPHeaderContent-collapseBtn-img"},"wdio_ui5_key":"applicationmanageresources-display-component---newResourceUnit--newRRUPage-OPHeaderContent-collapseBtn-img"}]}
RESULT: {"script":"<script> [1562 bytes]","args":[{"selector":{"id":"application-manageresources-display-component---newResourceUnit--newRRUPage-OPHeaderContent-collapseBtn-img"},"wdio_ui5_key":"applicationmanageresources-display-component---newResourceUnit--newRRUPage-OPHeaderContent-collapseBtn-img"}]}
RESULT: undefined
COMMAND: POST /session/b8a203b9eea9ca58b7eb9d1b420e99b6/element - {"using":"xpath","value":"//*[@id=\"application-manageresources-display-component---newResourceUnit--newRRUPage-OPHeaderContent-collapseBtn-img\"]"}
RESULT: {"using":"xpath","value":"//*[@id=\"application-manageresources-display-component---newResourceUnit--newRRUPage-OPHeaderContent-collapseBtn-img\"]"}
COMMAND: POST /session/b8a203b9eea9ca58b7eb9d1b420e99b6/element/f.C3D07913007EC519E918D4FD8EAE9792.d.85091F9CF3A3F65108D444280FF82C81.e.6893/click - {}
RESULT: {}
COMMAND: GET /session/b8a203b9eea9ca58b7eb9d1b420e99b6/screenshot - {}
RESULT: {}
COMMAND: POST /session/b8a203b9eea9ca58b7eb9d1b420e99b6/element - {"using":"xpath","value":"(//span[contains(@id ,\"application-manageresources-display-component---newResourceUnit--DIMENSION_UNIT-arrow\")])[1]"}
RESULT: {"using":"xpath","value":"(//span[contains(@id ,\"application-manageresources-display-component---newResourceUnit--DIMENSION_UNIT-arrow\")])[1]"}
COMMAND: POST /session/b8a203b9eea9ca58b7eb9d1b420e99b6/element/f.C3D07913007EC519E918D4FD8EAE9792.d.85091F9CF3A3F65108D444280FF82C81.e.7044/click - {}
RESULT: {}
COMMAND: GET /session/b8a203b9eea9ca58b7eb9d1b420e99b6/screenshot - {}
RESULT: {}
COMMAND: POST /session/b8a203b9eea9ca58b7eb9d1b420e99b6/execute/async - {"script":"<script> [1562 bytes]","args":[{"selector":{"controlType":"sap.m.StandardListItem","viewName":"reusables.view.manageresources.NewResourceUnit","viewId":"application-manageresources-display-component---newResourceUnit","properties":{"title":"Centimeter"},"searchOpenDialogs":true,"interaction":{"idSuffix":"titleText"}},"wdio_ui5_key":"reusablesview.manageresources.NewResourceUnitsap.m.StandardListItem{\"title\":\"Centimeter\"}"}]}
RESULT: {"script":"<script> [1562 bytes]","args":[{"selector":{"controlType":"sap.m.StandardListItem","viewName":"reusables.view.manageresources.NewResourceUnit","viewId":"application-manageresources-display-component---newResourceUnit","properties":{"title":"Centimeter"},"searchOpenDialogs":true,"interaction":{"idSuffix":"titleText"}},"wdio_ui5_key":"reusablesview.manageresources.NewResourceUnitsap.m.StandardListItem{\"title\":\"Centimeter\"}"}]}
RESULT: undefined
COMMAND: POST /session/b8a203b9eea9ca58b7eb9d1b420e99b6/element - {"using":"xpath","value":"//*[@id=\"__item203\"]"}
RESULT: {"using":"xpath","value":"//*[@id=\"__item203\"]"}
COMMAND: POST /session/b8a203b9eea9ca58b7eb9d1b420e99b6/element/f.C3D07913007EC519E918D4FD8EAE9792.d.85091F9CF3A3F65108D444280FF82C81.e.7046/click - {}
RESULT: {}
COMMAND: GET /session/b8a203b9eea9ca58b7eb9d1b420e99b6/screenshot - {}
RESULT: {}
COMMAND: POST /session/b8a203b9eea9ca58b7eb9d1b420e99b6/execute/async - {"script":"<script> [1562 bytes]","args":[{"selector":{"id":"application-manageresources-display-component---newResourceUnit--newRRUPage-anchBar-application-manageresources-display-component---newResourceUnit--control-anchor","interaction":{"idSuffix":"BDI-content"}},"wdio_ui5_key":"applicationmanageresources-display-component---newResourceUnit--newRRUPage-anchBar-application-manageresources-display-component---newResourceUnit--control-anchor"}]}
RESULT: {"script":"<script> [1562 bytes]","args":[{"selector":{"id":"application-manageresources-display-component---newResourceUnit--newRRUPage-anchBar-application-manageresources-display-component---newResourceUnit--control-anchor","interaction":{"idSuffix":"BDI-content"}},"wdio_ui5_key":"applicationmanageresources-display-component---newResourceUnit--newRRUPage-anchBar-application-manageresources-display-component---newResourceUnit--control-anchor"}]}
RESULT: undefined
COMMAND: POST /session/b8a203b9eea9ca58b7eb9d1b420e99b6/element - {"using":"xpath","value":"//*[@id=\"application-manageresources-display-component---newResourceUnit--newRRUPage-anchBar-application-manageresources-display-component---newResourceUnit--control-anchor\"]"}
RESULT: {"using":"xpath","value":"//*[@id=\"application-manageresources-display-component---newResourceUnit--newRRUPage-anchBar-application-manageresources-display-component---newResourceUnit--control-anchor\"]"}
COMMAND: POST /session/b8a203b9eea9ca58b7eb9d1b420e99b6/element/f.C3D07913007EC519E918D4FD8EAE9792.d.85091F9CF3A3F65108D444280FF82C81.e.7048/click - {}
RESULT: {}
COMMAND: POST /session/b8a203b9eea9ca58b7eb9d1b420e99b6/execute/async - {"script":"<script> [1562 bytes]","args":[{"selector":{"id":"application-manageresources-display-component---newResourceUnit--PLANNING_GROUP","interaction":{"idSuffix":"inner"}},"wdio_ui5_key":"applicationmanageresources-display-component---newResourceUnit--PLANNING_GROUP"}]}
COMMAND: GET /session/b8a203b9eea9ca58b7eb9d1b420e99b6/screenshot - {}
RESULT: {"script":"<script> [1562 bytes]","args":[{"selector":{"id":"application-manageresources-display-component---newResourceUnit--PLANNING_GROUP","interaction":{"idSuffix":"inner"}},"wdio_ui5_key":"applicationmanageresources-display-component---newResourceUnit--PLANNING_GROUP"}]}
RESULT: undefined
COMMAND: POST /session/b8a203b9eea9ca58b7eb9d1b420e99b6/execute/async - {"script":"<script> [776 bytes]","args":[{"enterText":"Heavy Equi","selector":{"id":"application-manageresources-display-component---newResourceUnit--PLANNING_GROUP","interaction":{"idSuffix":"inner"}},"clearTextFirst":true,"interactionType":"ENTER_TEXT"}]}
RESULT: {}
RESULT: {"script":"<script> [776 bytes]","args":[{"enterText":"Heavy Equi","selector":{"id":"application-manageresources-display-component---newResourceUnit--PLANNING_GROUP","interaction":{"idSuffix":"inner"}},"clearTextFirst":true,"interactionType":"ENTER_TEXT"}]}
COMMAND: POST /session/b8a203b9eea9ca58b7eb9d1b420e99b6/execute/async - {"script":"<script> [1562 bytes]","args":[{"selector":{"id":"application-manageresources-display-component---newResourceUnit--ITEM_TYPE-arrow"},"wdio_ui5_key":"applicationmanageresources-display-component---newResourceUnit--ITEM_TYPE-arrow"}]}
RESULT: {"script":"<script> [1562 bytes]","args":[{"selector":{"id":"application-manageresources-display-component---newResourceUnit--ITEM_TYPE-arrow"},"wdio_ui5_key":"applicationmanageresources-display-component---newResourceUnit--ITEM_TYPE-arrow"}]}
RESULT: undefined
COMMAND: POST /session/b8a203b9eea9ca58b7eb9d1b420e99b6/element - {"using":"xpath","value":"//*[@id=\"application-manageresources-display-component---newResourceUnit--ITEM_TYPE-arrow\"]"}
RESULT: {"using":"xpath","value":"//*[@id=\"application-manageresources-display-component---newResourceUnit--ITEM_TYPE-arrow\"]"}
COMMAND: POST /session/b8a203b9eea9ca58b7eb9d1b420e99b6/element/f.C3D07913007EC519E918D4FD8EAE9792.d.85091F9CF3A3F65108D444280FF82C81.e.7055/click - {}
RESULT: {}
COMMAND: POST /session/b8a203b9eea9ca58b7eb9d1b420e99b6/execute/async - {"script":"<script> [1562 bytes]","args":[{"selector":{"controlType":"sap.m.StandardListItem","viewName":"reusables.view.manageresources.NewResourceUnit","viewId":"application-manageresources-display-component---newResourceUnit","properties":{"title":"Resource Unit"},"searchOpenDialogs":true,"interaction":{"idSuffix":"titleText"}},"wdio_ui5_key":"reusablesview.manageresources.NewResourceUnitsap.m.StandardListItem{\"title\":\"Resource Unit\"}"}]}
COMMAND: GET /session/b8a203b9eea9ca58b7eb9d1b420e99b6/screenshot - {}
RESULT: {"script":"<script> [1562 bytes]","args":[{"selector":{"controlType":"sap.m.StandardListItem","viewName":"reusables.view.manageresources.NewResourceUnit","viewId":"application-manageresources-display-component---newResourceUnit","properties":{"title":"Resource Unit"},"searchOpenDialogs":true,"interaction":{"idSuffix":"titleText"}},"wdio_ui5_key":"reusablesview.manageresources.NewResourceUnitsap.m.StandardListItem{\"title\":\"Resource Unit\"}"}]}
RESULT: undefined
COMMAND: POST /session/b8a203b9eea9ca58b7eb9d1b420e99b6/element - {"using":"xpath","value":"//*[@id=\"__item225\"]"}
RESULT: {}
RESULT: {"using":"xpath","value":"//*[@id=\"__item225\"]"}
COMMAND: POST /session/b8a203b9eea9ca58b7eb9d1b420e99b6/element/f.C3D07913007EC519E918D4FD8EAE9792.d.85091F9CF3A3F65108D444280FF82C81.e.7057/click - {}
RESULT: {}
COMMAND: POST /session/b8a203b9eea9ca58b7eb9d1b420e99b6/element - {"using":"xpath","value":"//bdi[contains(text(), \"Time Segment\")]"}
COMMAND: GET /session/b8a203b9eea9ca58b7eb9d1b420e99b6/screenshot - {}
RESULT: {"using":"xpath","value":"//bdi[contains(text(), \"Time Segment\")]"}
COMMAND: GET /session/b8a203b9eea9ca58b7eb9d1b420e99b6/element/f.C3D07913007EC519E918D4FD8EAE9792.d.85091F9CF3A3F65108D444280FF82C81.e.7065/rect - {}
RESULT: {}
RESULT: {}
COMMAND: GET /session/b8a203b9eea9ca58b7eb9d1b420e99b6/window/rect - {}
RESULT: {}
COMMAND: POST /session/b8a203b9eea9ca58b7eb9d1b420e99b6/execute/sync - {"script":"<script> [92 bytes]","args":[]}
RESULT: {"script":"<script> [92 bytes]","args":[]}
COMMAND: POST /session/b8a203b9eea9ca58b7eb9d1b420e99b6/actions - {"actions":[{"id":"action20","type":"wheel","parameters":{},"actions":[{"type":"scroll","x":-1820,"y":-21,"deltaX":0,"deltaY":0,"duration":0,"origin":{"element-6066-11e4-a52e-4f735466cecf":"f.C3D07913007EC519E918D4FD8EAE9792.d.85091F9CF3A3F65108D444280FF82C81.e.7065"}}]}]}
COMMAND: GET /session/b8a203b9eea9ca58b7eb9d1b420e99b6/screenshot - {}
RESULT: {}
COMMAND: POST /session/b8a203b9eea9ca58b7eb9d1b420e99b6/execute/sync - {"script":"<script> [79 bytes]","args":[{"element-6066-11e4-a52e-4f735466cecf":"f.C3D07913007EC519E918D4FD8EAE9792.d.85091F9CF3A3F65108D444280FF82C81.e.7065","ELEMENT":"f.C3D07913007EC519E918D4FD8EAE9792.d.85091F9CF3A3F65108D444280FF82C81.e.7065"},{"block":"start","inline":"nearest"}]}
RESULT: {"script":"<script> [79 bytes]","args":[{"element-6066-11e4-a52e-4f735466cecf":"f.C3D07913007EC519E918D4FD8EAE9792.d.85091F9CF3A3F65108D444280FF82C81.e.7065","ELEMENT":"f.C3D07913007EC519E918D4FD8EAE9792.d.85091F9CF3A3F65108D444280FF82C81.e.7065"},{"block":"start","inline":"nearest"}]}
COMMAND: POST /session/b8a203b9eea9ca58b7eb9d1b420e99b6/execute/async - {"script":"<script> [1562 bytes]","args":[{"selector":{"id":"application-manageresources-display-component---newResourceUnit--btnAddTimeSegment-img"},"wdio_ui5_key":"applicationmanageresources-display-component---newResourceUnit--btnAddTimeSegment-img"}]}
COMMAND: GET /session/b8a203b9eea9ca58b7eb9d1b420e99b6/screenshot - {}
RESULT: {"script":"<script> [1562 bytes]","args":[{"selector":{"id":"application-manageresources-display-component---newResourceUnit--btnAddTimeSegment-img"},"wdio_ui5_key":"applicationmanageresources-display-component---newResourceUnit--btnAddTimeSegment-img"}]}
RESULT: undefined
COMMAND: POST /session/b8a203b9eea9ca58b7eb9d1b420e99b6/element - {"using":"xpath","value":"//*[@id=\"application-manageresources-display-component---newResourceUnit--btnAddTimeSegment-img\"]"}
RESULT: {}
RESULT: {"using":"xpath","value":"//*[@id=\"application-manageresources-display-component---newResourceUnit--btnAddTimeSegment-img\"]"}
COMMAND: POST /session/b8a203b9eea9ca58b7eb9d1b420e99b6/element/f.C3D07913007EC519E918D4FD8EAE9792.d.85091F9CF3A3F65108D444280FF82C81.e.7066/click - {}
RESULT: {}
COMMAND: POST /session/b8a203b9eea9ca58b7eb9d1b420e99b6/element - {"using":"xpath","value":"//input[@id=\"application-manageresources-display-component---newResourceUnit--idRuTSAdmin-application-manageresources-display-component---newResourceUnit--RUTimeSegment-0-inner\"]"}
COMMAND: GET /session/b8a203b9eea9ca58b7eb9d1b420e99b6/screenshot - {}
RESULT: {"using":"xpath","value":"//input[@id=\"application-manageresources-display-component---newResourceUnit--idRuTSAdmin-application-manageresources-display-component---newResourceUnit--RUTimeSegment-0-inner\"]"}
COMMAND: POST /session/b8a203b9eea9ca58b7eb9d1b420e99b6/element/f.C3D07913007EC519E918D4FD8EAE9792.d.85091F9CF3A3F65108D444280FF82C81.e.7071/clear - {}
RESULT: {}
RESULT: {}
COMMAND: POST /session/b8a203b9eea9ca58b7eb9d1b420e99b6/element/f.C3D07913007EC519E918D4FD8EAE9792.d.85091F9CF3A3F65108D444280FF82C81.e.7071/value - {"text":"Webdriver Yard"}
COMMAND: GET /session/b8a203b9eea9ca58b7eb9d1b420e99b6/screenshot - {}
RESULT: {"text":"Webdriver Yard"}
COMMAND: GET /session/b8a203b9eea9ca58b7eb9d1b420e99b6/screenshot - {}
COMMAND: POST /session/b8a203b9eea9ca58b7eb9d1b420e99b6/actions - {"actions":[{"id":"action21","type":"key","parameters":{},"actions":[{"type":"keyDown","value":"î€‡"},{"type":"pause","duration":10},{"type":"keyUp","value":"î€‡"}]}]}
RESULT: {}
RESULT: {}
RESULT: {"actions":[{"id":"action21","type":"key","parameters":{},"actions":[{"type":"keyDown","value":"î€‡"},{"type":"pause","duration":10},{"type":"keyUp","value":"î€‡"}]}]}
COMMAND: POST /session/b8a203b9eea9ca58b7eb9d1b420e99b6/execute/async - {"script":"<script> [1562 bytes]","args":[{"selector":{"controlType":"sap.ui.core.Icon","viewName":"reusables.view.manageresources.NewResourceUnit","viewId":"application-manageresources-display-component---newResourceUnit","properties":{"src":{"regex":{"source":"slim\\-arrow\\-down"}}},"ancestor":{"controlType":"sap.m.ComboBox","viewName":"reusables.view.manageresources.NewResourceUnit","viewId":"application-manageresources-display-component---newResourceUnit","bindingPath":{"path":"/RESOURCE_UNIT_TIME_SEQUENCES/0","propertyPath":"COST_OBJECT_ADMIN_CST_TYPE","modelName":"oNewRruModel"}}},"wdio_ui5_key":"reusablesview.manageresources.NewResourceUnitsap.ui.core.Icon{\"src\":{\"regex\":{\"source\":\"slim\\\\-arrow\\\\-down\"}}}{\"controlType\":\"sap.m.ComboBox\",\"viewName\":\"reusables.view.manageresources.NewResourceUnit\",\"viewId\":\"application-manageresources-display-component---newResourceUnit\",\"bindingPath\":{\"path\":\"/RESOURCE_UNIT_TIME_SEQUENCES/0\",\"propertyPath\":\"COST_OBJECT_ADMIN_CST_TYPE\",\"modelName\":\"oNewRruModel\"}}"}]}
COMMAND: GET /session/b8a203b9eea9ca58b7eb9d1b420e99b6/screenshot - {}
RESULT: {"script":"<script> [1562 bytes]","args":[{"selector":{"controlType":"sap.ui.core.Icon","viewName":"reusables.view.manageresources.NewResourceUnit","viewId":"application-manageresources-display-component---newResourceUnit","properties":{"src":{"regex":{"source":"slim\\-arrow\\-down"}}},"ancestor":{"controlType":"sap.m.ComboBox","viewName":"reusables.view.manageresources.NewResourceUnit","viewId":"application-manageresources-display-component---newResourceUnit","bindingPath":{"path":"/RESOURCE_UNIT_TIME_SEQUENCES/0","propertyPath":"COST_OBJECT_ADMIN_CST_TYPE","modelName":"oNewRruModel"}}},"wdio_ui5_key":"reusablesview.manageresources.NewResourceUnitsap.ui.core.Icon{\"src\":{\"regex\":{\"source\":\"slim\\\\-arrow\\\\-down\"}}}{\"controlType\":\"sap.m.ComboBox\",\"viewName\":\"reusables.view.manageresources.NewResourceUnit\",\"viewId\":\"application-manageresources-display-component---newResourceUnit\",\"bindingPath\":{\"path\":\"/RESOURCE_UNIT_TIME_SEQUENCES/0\",\"propertyPath\":\"COST_OBJECT_ADMIN_CST_TYPE\",\"modelName\":\"oNewRruModel\"}}"}]}
RESULT: undefined
COMMAND: POST /session/b8a203b9eea9ca58b7eb9d1b420e99b6/element - {"using":"xpath","value":"//*[@id=\"__box4-application-manageresources-display-component---newResourceUnit--RUTimeSegment-0-arrow\"]"}
RESULT: {}
RESULT: {"using":"xpath","value":"//*[@id=\"__box4-application-manageresources-display-component---newResourceUnit--RUTimeSegment-0-arrow\"]"}
COMMAND: POST /session/b8a203b9eea9ca58b7eb9d1b420e99b6/element/f.C3D07913007EC519E918D4FD8EAE9792.d.85091F9CF3A3F65108D444280FF82C81.e.7088/click - {}
RESULT: {}
COMMAND: POST /session/b8a203b9eea9ca58b7eb9d1b420e99b6/execute/async - {"script":"<script> [1562 bytes]","args":[{"selector":{"controlType":"sap.m.StandardListItem","viewName":"reusables.view.manageresources.NewResourceUnit","viewId":"application-manageresources-display-component---newResourceUnit","properties":{"title":"PM Order"},"searchOpenDialogs":true,"interaction":{"idSuffix":"titleText"}},"wdio_ui5_key":"reusablesview.manageresources.NewResourceUnitsap.m.StandardListItem{\"title\":\"PM Order\"}"}]}
COMMAND: GET /session/b8a203b9eea9ca58b7eb9d1b420e99b6/screenshot - {}
RESULT: {"script":"<script> [1562 bytes]","args":[{"selector":{"controlType":"sap.m.StandardListItem","viewName":"reusables.view.manageresources.NewResourceUnit","viewId":"application-manageresources-display-component---newResourceUnit","properties":{"title":"PM Order"},"searchOpenDialogs":true,"interaction":{"idSuffix":"titleText"}},"wdio_ui5_key":"reusablesview.manageresources.NewResourceUnitsap.m.StandardListItem{\"title\":\"PM Order\"}"}]}
RESULT: undefined
COMMAND: POST /session/b8a203b9eea9ca58b7eb9d1b420e99b6/element - {"using":"xpath","value":"//*[@id=\"__item1311\"]"}
RESULT: {}
RESULT: {"using":"xpath","value":"//*[@id=\"__item1311\"]"}
COMMAND: POST /session/b8a203b9eea9ca58b7eb9d1b420e99b6/element/f.C3D07913007EC519E918D4FD8EAE9792.d.85091F9CF3A3F65108D444280FF82C81.e.7092/click - {}
RESULT: {}
COMMAND: GET /session/b8a203b9eea9ca58b7eb9d1b420e99b6/screenshot - {}
RESULT: {}
COMMAND: POST /session/b8a203b9eea9ca58b7eb9d1b420e99b6/element - {"using":"xpath","value":"(//input[contains(@id ,\"-application-manageresources-display-component---newResourceUnit--RUTimeSegment-0-inner\")])[8]"}
RESULT: {"using":"xpath","value":"(//input[contains(@id ,\"-application-manageresources-display-component---newResourceUnit--RUTimeSegment-0-inner\")])[8]"}
COMMAND: POST /session/b8a203b9eea9ca58b7eb9d1b420e99b6/element/f.C3D07913007EC519E918D4FD8EAE9792.d.85091F9CF3A3F65108D444280FF82C81.e.7095/clear - {}
RESULT: {}
COMMAND: POST /session/b8a203b9eea9ca58b7eb9d1b420e99b6/element/f.C3D07913007EC519E918D4FD8EAE9792.d.85091F9CF3A3F65108D444280FF82C81.e.7095/value - {"text":"4000360"}
COMMAND: GET /session/b8a203b9eea9ca58b7eb9d1b420e99b6/screenshot - {}
RESULT: {"text":"4000360"}
COMMAND: GET /session/b8a203b9eea9ca58b7eb9d1b420e99b6/screenshot - {}
RESULT: {}
RESULT: {}
COMMAND: POST /session/b8a203b9eea9ca58b7eb9d1b420e99b6/actions - {"actions":[{"id":"action22","type":"key","parameters":{},"actions":[{"type":"keyDown","value":"î€‡"},{"type":"pause","duration":10},{"type":"keyUp","value":"î€‡"}]}]}
RESULT: {"actions":[{"id":"action22","type":"key","parameters":{},"actions":[{"type":"keyDown","value":"î€‡"},{"type":"pause","duration":10},{"type":"keyUp","value":"î€‡"}]}]}
COMMAND: GET /session/b8a203b9eea9ca58b7eb9d1b420e99b6/screenshot - {}
RESULT: {}
COMMAND: POST /session/b8a203b9eea9ca58b7eb9d1b420e99b6/execute/async - {"script":"<script> [1562 bytes]","args":[{"selector":{"id":"application-manageresources-display-component---newResourceUnit--newTimeSegmentDateRangePicker-application-manageresources-display-component---newResourceUnit--RUTimeSegment-0","interaction":{"idSuffix":"inner"}},"wdio_ui5_key":"applicationmanageresources-display-component---newResourceUnit--newTimeSegmentDateRangePicker-application-manageresources-display-component---newResourceUnit--RUTimeSegment-0"}]}
RESULT: {"script":"<script> [1562 bytes]","args":[{"selector":{"id":"application-manageresources-display-component---newResourceUnit--newTimeSegmentDateRangePicker-application-manageresources-display-component---newResourceUnit--RUTimeSegment-0","interaction":{"idSuffix":"inner"}},"wdio_ui5_key":"applicationmanageresources-display-component---newResourceUnit--newTimeSegmentDateRangePicker-application-manageresources-display-component---newResourceUnit--RUTimeSegment-0"}]}
RESULT: undefined
COMMAND: POST /session/b8a203b9eea9ca58b7eb9d1b420e99b6/execute/async - {"script":"<script> [1562 bytes]","args":[{"selector":{"id":"application-manageresources-display-component---newResourceUnit--newRRUPage-anchBar-application-manageresources-display-component---newResourceUnit--resource-anchor","interaction":{"idSuffix":"BDI-content"}},"wdio_ui5_key":"applicationmanageresources-display-component---newResourceUnit--newRRUPage-anchBar-application-manageresources-display-component---newResourceUnit--resource-anchor"}]}
RESULT: {"script":"<script> [1562 bytes]","args":[{"selector":{"id":"application-manageresources-display-component---newResourceUnit--newRRUPage-anchBar-application-manageresources-display-component---newResourceUnit--resource-anchor","interaction":{"idSuffix":"BDI-content"}},"wdio_ui5_key":"applicationmanageresources-display-component---newResourceUnit--newRRUPage-anchBar-application-manageresources-display-component---newResourceUnit--resource-anchor"}]}
RESULT: undefined
COMMAND: POST /session/b8a203b9eea9ca58b7eb9d1b420e99b6/element - {"using":"xpath","value":"//*[@id=\"application-manageresources-display-component---newResourceUnit--newRRUPage-anchBar-application-manageresources-display-component---newResourceUnit--resource-anchor\"]"}
RESULT: {"using":"xpath","value":"//*[@id=\"application-manageresources-display-component---newResourceUnit--newRRUPage-anchBar-application-manageresources-display-component---newResourceUnit--resource-anchor\"]"}
COMMAND: POST /session/b8a203b9eea9ca58b7eb9d1b420e99b6/element/f.C3D07913007EC519E918D4FD8EAE9792.d.85091F9CF3A3F65108D444280FF82C81.e.7114/click - {}
RESULT: {}
COMMAND: POST /session/b8a203b9eea9ca58b7eb9d1b420e99b6/execute/async - {"script":"<script> [1562 bytes]","args":[{"selector":{"id":"application-manageresources-display-component---newResourceUnit--PLANNED_DELIVERY_DATE","interaction":{"idSuffix":"inner"}},"wdio_ui5_key":"applicationmanageresources-display-component---newResourceUnit--PLANNED_DELIVERY_DATE"}]}
COMMAND: GET /session/b8a203b9eea9ca58b7eb9d1b420e99b6/screenshot - {}
RESULT: {"script":"<script> [1562 bytes]","args":[{"selector":{"id":"application-manageresources-display-component---newResourceUnit--PLANNED_DELIVERY_DATE","interaction":{"idSuffix":"inner"}},"wdio_ui5_key":"applicationmanageresources-display-component---newResourceUnit--PLANNED_DELIVERY_DATE"}]}
RESULT: undefined
COMMAND: POST /session/b8a203b9eea9ca58b7eb9d1b420e99b6/execute/async - {"script":"<script> [6424 bytes]","args":[{"element-6066-11e4-a52e-4f735466cecf":"f.C3D07913007EC519E918D4FD8EAE9792.d.85091F9CF3A3F65108D444280FF82C81.e.6940"},"setValue",["07/04/24"]]}
RESULT: {}
RESULT: {"script":"<script> [6424 bytes]","args":[{"element-6066-11e4-a52e-4f735466cecf":"f.C3D07913007EC519E918D4FD8EAE9792.d.85091F9CF3A3F65108D444280FF82C81.e.6940"},"setValue",["07/04/24"]]}
COMMAND: POST /session/b8a203b9eea9ca58b7eb9d1b420e99b6/execute/async - {"script":"<script> [1562 bytes]","args":[{"selector":{"controlType":"sap.m.Button","viewName":"reusables.view.manageresources.NewResourceUnit","viewId":"application-manageresources-display-component---newResourceUnit","i18NText":{"propertyName":"tooltip","key":"save"},"interaction":{"idSuffix":"BDI-content"}},"wdio_ui5_key":"reusablesview.manageresources.NewResourceUnitsap.m.Button{\"propertyName\":\"tooltip\",\"key\":\"save\"}"}]}
RESULT: {"script":"<script> [1562 bytes]","args":[{"selector":{"controlType":"sap.m.Button","viewName":"reusables.view.manageresources.NewResourceUnit","viewId":"application-manageresources-display-component---newResourceUnit","i18NText":{"propertyName":"tooltip","key":"save"},"interaction":{"idSuffix":"BDI-content"}},"wdio_ui5_key":"reusablesview.manageresources.NewResourceUnitsap.m.Button{\"propertyName\":\"tooltip\",\"key\":\"save\"}"}]}
RESULT: undefined
COMMAND: POST /session/b8a203b9eea9ca58b7eb9d1b420e99b6/element - {"using":"xpath","value":"//*[@id=\"application-manageresources-display-component---newResourceUnit--createRuButton\"]"}
RESULT: {"using":"xpath","value":"//*[@id=\"application-manageresources-display-component---newResourceUnit--createRuButton\"]"}
COMMAND: POST /session/b8a203b9eea9ca58b7eb9d1b420e99b6/element/f.C3D07913007EC519E918D4FD8EAE9792.d.85091F9CF3A3F65108D444280FF82C81.e.6899/click - {}
RESULT: {}
COMMAND: GET /session/b8a203b9eea9ca58b7eb9d1b420e99b6/screenshot - {}
RESULT: {}
COMMAND: POST /session/b8a203b9eea9ca58b7eb9d1b420e99b6/execute/async - {"script":"<script> [1562 bytes]","args":[{"selector":{"controlType":"sap.m.Button","properties":{"text":"Close"},"searchOpenDialogs":true,"interaction":{"idSuffix":"inner"}},"wdio_ui5_key":"sapm.Button{\"text\":\"Close\"}"}]}
RESULT: {"script":"<script> [1562 bytes]","args":[{"selector":{"controlType":"sap.m.Button","properties":{"text":"Close"},"searchOpenDialogs":true,"interaction":{"idSuffix":"inner"}},"wdio_ui5_key":"sapm.Button{\"text\":\"Close\"}"}]}
RESULT: undefined
COMMAND: POST /session/b8a203b9eea9ca58b7eb9d1b420e99b6/element - {"using":"xpath","value":"//*[@id=\"__mbox-btn-0\"]"}
RESULT: {"using":"xpath","value":"//*[@id=\"__mbox-btn-0\"]"}
COMMAND: POST /session/b8a203b9eea9ca58b7eb9d1b420e99b6/element/f.C3D07913007EC519E918D4FD8EAE9792.d.85091F9CF3A3F65108D444280FF82C81.e.7120/click - {}
RESULT: {}
COMMAND: GET /session/b8a203b9eea9ca58b7eb9d1b420e99b6/screenshot - {}
COMMAND: POST /session/b8a203b9eea9ca58b7eb9d1b420e99b6/execute/async - {"script":"<script> [1562 bytes]","args":[{"selector":{"controlType":"sap.m.Text","viewName":"etm.portal.ui.manageresources.view.Detail","viewId":"application-manageresources-display-component---detailRU","bindingPath":{"propertyPath":"ID","modelName":"catalogModel"}},"wdio_ui5_key":"etmportal.ui.manageresources.view.Detailsap.m.Text{\"propertyPath\":\"ID\",\"modelName\":\"catalogModel\"}"}]}
RESULT: {}
RESULT: {"script":"<script> [1562 bytes]","args":[{"selector":{"controlType":"sap.m.Text","viewName":"etm.portal.ui.manageresources.view.Detail","viewId":"application-manageresources-display-component---detailRU","bindingPath":{"propertyPath":"ID","modelName":"catalogModel"}},"wdio_ui5_key":"etmportal.ui.manageresources.view.Detailsap.m.Text{\"propertyPath\":\"ID\",\"modelName\":\"catalogModel\"}"}]}
RESULT: undefined
COMMAND: POST /session/b8a203b9eea9ca58b7eb9d1b420e99b6/execute/async - {"script":"<script> [6424 bytes]","args":[{"element-6066-11e4-a52e-4f735466cecf":"f.C3D07913007EC519E918D4FD8EAE9792.d.85091F9CF3A3F65108D444280FF82C81.e.7156"},"getText",[]]}
RESULT: {"script":"<script> [6424 bytes]","args":[{"element-6066-11e4-a52e-4f735466cecf":"f.C3D07913007EC519E918D4FD8EAE9792.d.85091F9CF3A3F65108D444280FF82C81.e.7156"},"getText",[]]}
COMMAND: POST /session/b8a203b9eea9ca58b7eb9d1b420e99b6/element - {"using":"xpath","value":"//bdi[text()=\"Edit\"]"}
RESULT: {"using":"xpath","value":"//bdi[text()=\"Edit\"]"}
COMMAND: GET /session/b8a203b9eea9ca58b7eb9d1b420e99b6/element/f.C3D07913007EC519E918D4FD8EAE9792.d.85091F9CF3A3F65108D444280FF82C81.e.7157/enabled - {}
RESULT: {}
COMMAND: POST /session/b8a203b9eea9ca58b7eb9d1b420e99b6/execute/sync - {"script":"<script> [8489 bytes]","args":[{"element-6066-11e4-a52e-4f735466cecf":"f.C3D07913007EC519E918D4FD8EAE9792.d.85091F9CF3A3F65108D444280FF82C81.e.7157","ELEMENT":"f.C3D07913007EC519E918D4FD8EAE9792.d.85091F9CF3A3F65108D444280FF82C81.e.7157"}]}
COMMAND: GET /session/b8a203b9eea9ca58b7eb9d1b420e99b6/screenshot - {}
RESULT: {"script":"<script> [8489 bytes]","args":[{"element-6066-11e4-a52e-4f735466cecf":"f.C3D07913007EC519E918D4FD8EAE9792.d.85091F9CF3A3F65108D444280FF82C81.e.7157","ELEMENT":"f.C3D07913007EC519E918D4FD8EAE9792.d.85091F9CF3A3F65108D444280FF82C81.e.7157"}]}
COMMAND: POST /session/b8a203b9eea9ca58b7eb9d1b420e99b6/execute/sync - {"script":"<script> [5351 bytes]","args":[{"element-6066-11e4-a52e-4f735466cecf":"f.C3D07913007EC519E918D4FD8EAE9792.d.85091F9CF3A3F65108D444280FF82C81.e.7157","ELEMENT":"f.C3D07913007EC519E918D4FD8EAE9792.d.85091F9CF3A3F65108D444280FF82C81.e.7157"}]}
COMMAND: GET /session/b8a203b9eea9ca58b7eb9d1b420e99b6/screenshot - {}
RESULT: {}
RESULT: {"script":"<script> [5351 bytes]","args":[{"element-6066-11e4-a52e-4f735466cecf":"f.C3D07913007EC519E918D4FD8EAE9792.d.85091F9CF3A3F65108D444280FF82C81.e.7157","ELEMENT":"f.C3D07913007EC519E918D4FD8EAE9792.d.85091F9CF3A3F65108D444280FF82C81.e.7157"}]}
COMMAND: POST /session/b8a203b9eea9ca58b7eb9d1b420e99b6/element/f.C3D07913007EC519E918D4FD8EAE9792.d.85091F9CF3A3F65108D444280FF82C81.e.7157/click - {}
COMMAND: GET /session/b8a203b9eea9ca58b7eb9d1b420e99b6/screenshot - {}
RESULT: {}
RESULT: {}
COMMAND: GET /session/b8a203b9eea9ca58b7eb9d1b420e99b6/screenshot - {}
RESULT: {}
RESULT: {}
COMMAND: POST /session/b8a203b9eea9ca58b7eb9d1b420e99b6/element - {"using":"xpath","value":"//bdi[@id=\"application-manageresources-display-component---editResource--editRruPage-anchBar-application-manageresources-display-component---editResource--counters-anchor-BDI-content\"]"}
RESULT: {"using":"xpath","value":"//bdi[@id=\"application-manageresources-display-component---editResource--editRruPage-anchBar-application-manageresources-display-component---editResource--counters-anchor-BDI-content\"]"}
COMMAND: POST /session/b8a203b9eea9ca58b7eb9d1b420e99b6/execute/sync - {"script":"<script> [8489 bytes]","args":[{"element-6066-11e4-a52e-4f735466cecf":"f.C3D07913007EC519E918D4FD8EAE9792.d.85091F9CF3A3F65108D444280FF82C81.e.7251","ELEMENT":"f.C3D07913007EC519E918D4FD8EAE9792.d.85091F9CF3A3F65108D444280FF82C81.e.7251"}]}
RESULT: {"script":"<script> [8489 bytes]","args":[{"element-6066-11e4-a52e-4f735466cecf":"f.C3D07913007EC519E918D4FD8EAE9792.d.85091F9CF3A3F65108D444280FF82C81.e.7251","ELEMENT":"f.C3D07913007EC519E918D4FD8EAE9792.d.85091F9CF3A3F65108D444280FF82C81.e.7251"}]}
COMMAND: POST /session/b8a203b9eea9ca58b7eb9d1b420e99b6/element/f.C3D07913007EC519E918D4FD8EAE9792.d.85091F9CF3A3F65108D444280FF82C81.e.7251/click - {}
COMMAND: GET /session/b8a203b9eea9ca58b7eb9d1b420e99b6/screenshot - {}
RESULT: {}
COMMAND: POST /session/b8a203b9eea9ca58b7eb9d1b420e99b6/element - {"using":"xpath","value":"//bdi[@id=\"application-manageresources-display-component---editResource--editRruPage-anchBar-application-manageresources-display-component---editResource--counters-anchor-BDI-content\"]"}
RESULT: {"using":"xpath","value":"//bdi[@id=\"application-manageresources-display-component---editResource--editRruPage-anchBar-application-manageresources-display-component---editResource--counters-anchor-BDI-content\"]"}
COMMAND: POST /session/b8a203b9eea9ca58b7eb9d1b420e99b6/element/f.C3D07913007EC519E918D4FD8EAE9792.d.85091F9CF3A3F65108D444280FF82C81.e.7251/click - {}
COMMAND: POST /session/b8a203b9eea9ca58b7eb9d1b420e99b6/element - {"using":"xpath","value":"//bdi[@id=\"application-manageresources-display-component---editResource--editRruPage-anchBar-application-manageresources-display-component---editResource--counters-anchor-BDI-content\"]"}
RESULT: {"using":"xpath","value":"//bdi[@id=\"application-manageresources-display-component---editResource--editRruPage-anchBar-application-manageresources-display-component---editResource--counters-anchor-BDI-content\"]"}
COMMAND: POST /session/b8a203b9eea9ca58b7eb9d1b420e99b6/element/f.C3D07913007EC519E918D4FD8EAE9792.d.85091F9CF3A3F65108D444280FF82C81.e.7298/click - {}
COMMAND: POST /session/b8a203b9eea9ca58b7eb9d1b420e99b6/element - {"using":"xpath","value":"//bdi[@id=\"application-manageresources-display-component---editResource--editRruPage-anchBar-application-manageresources-display-component---editResource--counters-anchor-BDI-content\"]"}
RESULT: {"using":"xpath","value":"//bdi[@id=\"application-manageresources-display-component---editResource--editRruPage-anchBar-application-manageresources-display-component---editResource--counters-anchor-BDI-content\"]"}
COMMAND: POST /session/b8a203b9eea9ca58b7eb9d1b420e99b6/element/f.C3D07913007EC519E918D4FD8EAE9792.d.85091F9CF3A3F65108D444280FF82C81.e.7298/click - {}
COMMAND: POST /session/b8a203b9eea9ca58b7eb9d1b420e99b6/execute/async - {"script":"<script> [1562 bytes]","args":[{"selector":{"id":"application-manageresources-display-component---editResource--btnAddCounter-img"},"wdio_ui5_key":"applicationmanageresources-display-component---editResource--btnAddCounter-img"}]}
RESULT: {"script":"<script> [1562 bytes]","args":[{"selector":{"id":"application-manageresources-display-component---editResource--btnAddCounter-img"},"wdio_ui5_key":"applicationmanageresources-display-component---editResource--btnAddCounter-img"}]}
RESULT: undefined
COMMAND: POST /session/b8a203b9eea9ca58b7eb9d1b420e99b6/element - {"using":"xpath","value":"//*[@id=\"application-manageresources-display-component---editResource--btnAddCounter-img\"]"}
RESULT: {"using":"xpath","value":"//*[@id=\"application-manageresources-display-component---editResource--btnAddCounter-img\"]"}
COMMAND: POST /session/b8a203b9eea9ca58b7eb9d1b420e99b6/element/f.C3D07913007EC519E918D4FD8EAE9792.d.85091F9CF3A3F65108D444280FF82C81.e.7308/click - {}
COMMAND: POST /session/b8a203b9eea9ca58b7eb9d1b420e99b6/execute/async - {"script":"<script> [1562 bytes]","args":[{"selector":{"id":"application-manageresources-display-component---editResource--HAND_OVER_TYPE-application-manageresources-display-component---editResource--RUCounters-0","interaction":{"idSuffix":"CbBg"}},"wdio_ui5_key":"applicationmanageresources-display-component---editResource--HAND_OVER_TYPE-application-manageresources-display-component---editResource--RUCounters-0"}]}
RESULT: {"script":"<script> [1562 bytes]","args":[{"selector":{"id":"application-manageresources-display-component---editResource--HAND_OVER_TYPE-application-manageresources-display-component---editResource--RUCounters-0","interaction":{"idSuffix":"CbBg"}},"wdio_ui5_key":"applicationmanageresources-display-component---editResource--HAND_OVER_TYPE-application-manageresources-display-component---editResource--RUCounters-0"}]}
RESULT: undefined
COMMAND: POST /session/b8a203b9eea9ca58b7eb9d1b420e99b6/execute/async - {"script":"<script> [1562 bytes]","args":[{"selector":{"controlType":"sap.m.Button","viewName":"etm.portal.ui.manageresources.view.EditResource","viewId":"application-manageresources-display-component---editResource","i18NText":{"propertyName":"text","key":"save"},"interaction":{"idSuffix":"BDI-content"}},"wdio_ui5_key":"etmportal.ui.manageresources.view.EditResourcesap.m.Button{\"propertyName\":\"text\",\"key\":\"save\"}"}]}
RESULT: {"script":"<script> [1562 bytes]","args":[{"selector":{"controlType":"sap.m.Button","viewName":"etm.portal.ui.manageresources.view.EditResource","viewId":"application-manageresources-display-component---editResource","i18NText":{"propertyName":"text","key":"save"},"interaction":{"idSuffix":"BDI-content"}},"wdio_ui5_key":"etmportal.ui.manageresources.view.EditResourcesap.m.Button{\"propertyName\":\"text\",\"key\":\"save\"}"}]}
RESULT: undefined
COMMAND: POST /session/b8a203b9eea9ca58b7eb9d1b420e99b6/element - {"using":"xpath","value":"//*[@id=\"__button102\"]"}
RESULT: {"using":"xpath","value":"//*[@id=\"__button102\"]"}
COMMAND: POST /session/b8a203b9eea9ca58b7eb9d1b420e99b6/element/f.C3D07913007EC519E918D4FD8EAE9792.d.85091F9CF3A3F65108D444280FF82C81.e.7314/click - {}
RESULT: {}
COMMAND: GET /session/b8a203b9eea9ca58b7eb9d1b420e99b6/screenshot - {}
RESULT: {}
COMMAND: POST /session/b8a203b9eea9ca58b7eb9d1b420e99b6/element - {"using":"css selector","value":"#shell-header-logo"}
RESULT: {"using":"css selector","value":"#shell-header-logo"}
COMMAND: POST /session/b8a203b9eea9ca58b7eb9d1b420e99b6/elements - {"using":"css selector","value":"#shell-header-logo"}
RESULT: {"using":"css selector","value":"#shell-header-logo"}
COMMAND: POST /session/b8a203b9eea9ca58b7eb9d1b420e99b6/execute/sync - {"script":"<script> [8489 bytes]","args":[{"element-6066-11e4-a52e-4f735466cecf":"f.C3D07913007EC519E918D4FD8EAE9792.d.85091F9CF3A3F65108D444280FF82C81.e.6562","ELEMENT":"f.C3D07913007EC519E918D4FD8EAE9792.d.85091F9CF3A3F65108D444280FF82C81.e.6562"}]}
RESULT: {"script":"<script> [8489 bytes]","args":[{"element-6066-11e4-a52e-4f735466cecf":"f.C3D07913007EC519E918D4FD8EAE9792.d.85091F9CF3A3F65108D444280FF82C81.e.6562","ELEMENT":"f.C3D07913007EC519E918D4FD8EAE9792.d.85091F9CF3A3F65108D444280FF82C81.e.6562"}]}
COMMAND: POST /session/b8a203b9eea9ca58b7eb9d1b420e99b6/execute/sync - {"script":"<script> [5351 bytes]","args":[{"element-6066-11e4-a52e-4f735466cecf":"f.C3D07913007EC519E918D4FD8EAE9792.d.85091F9CF3A3F65108D444280FF82C81.e.6562","ELEMENT":"f.C3D07913007EC519E918D4FD8EAE9792.d.85091F9CF3A3F65108D444280FF82C81.e.6562"}]}
COMMAND: GET /session/b8a203b9eea9ca58b7eb9d1b420e99b6/screenshot - {}
RESULT: {"script":"<script> [5351 bytes]","args":[{"element-6066-11e4-a52e-4f735466cecf":"f.C3D07913007EC519E918D4FD8EAE9792.d.85091F9CF3A3F65108D444280FF82C81.e.6562","ELEMENT":"f.C3D07913007EC519E918D4FD8EAE9792.d.85091F9CF3A3F65108D444280FF82C81.e.6562"}]}
COMMAND: POST /session/b8a203b9eea9ca58b7eb9d1b420e99b6/element/f.C3D07913007EC519E918D4FD8EAE9792.d.85091F9CF3A3F65108D444280FF82C81.e.6562/click - {}
COMMAND: GET /session/b8a203b9eea9ca58b7eb9d1b420e99b6/screenshot - {}
RESULT: {}
RESULT: {}
COMMAND: GET /session/b8a203b9eea9ca58b7eb9d1b420e99b6/screenshot - {}
RESULT: {}
RESULT: {}
COMMAND: POST /session/b8a203b9eea9ca58b7eb9d1b420e99b6/element - {"using":"css selector","value":"#shell-header-logo"}
RESULT: {"using":"css selector","value":"#shell-header-logo"}
COMMAND: POST /session/b8a203b9eea9ca58b7eb9d1b420e99b6/element/f.C3D07913007EC519E918D4FD8EAE9792.d.85091F9CF3A3F65108D444280FF82C81.e.7326/click - {}
RESULT: {}
COMMAND: GET /session/b8a203b9eea9ca58b7eb9d1b420e99b6/screenshot - {}
RESULT: {}
]]></system-out>
    </testcase>
  </testsuite>
  <testsuite timestamp="2025-06-04T15:47:59" time="102.757" tests="2" failures="0" errors="0" skipped="0">
    <properties>
      <property name="specId" value="0" />
      <property name="suiteName" value="Personnel creation and reference material verification  US120163" />
      <property name="capabilities" value="chrome.137_0_7151_56.windows" />
      <property name="file" value="file:///D:/a/1/s/test/specs/R2C/create-personnel-no-material-reference.spec.js" />
    </properties>
    <testcase classname="chrome.137_0_7151_56.windows.Personnel_creation_and_reference_material_verification__US120163" name="Should create a new personnel and verify if the material reference is visible" time="76.631">
      <system-out><![CDATA[
RESULT: undefined
COMMAND: POST /session/b8a203b9eea9ca58b7eb9d1b420e99b6/element - {"using":"xpath","value":"//*[@id=\"__tile31\"]"}
RESULT: {"using":"xpath","value":"//*[@id=\"__tile31\"]"}
COMMAND: POST /session/b8a203b9eea9ca58b7eb9d1b420e99b6/element/f.C3D07913007EC519E918D4FD8EAE9792.d.85091F9CF3A3F65108D444280FF82C81.e.6585/click - {}
RESULT: {}
COMMAND: GET /session/b8a203b9eea9ca58b7eb9d1b420e99b6/screenshot - {}
RESULT: {}
COMMAND: POST /session/b8a203b9eea9ca58b7eb9d1b420e99b6/elements - {"using":"xpath","value":"//span[text()='Error']"}
RESULT: {"using":"xpath","value":"//span[text()='Error']"}
COMMAND: POST /session/b8a203b9eea9ca58b7eb9d1b420e99b6/element - {"using":"xpath","value":"//button[@data-kt=\"addNewRUOverflowToolbarButton\"]"}
RESULT: {"using":"xpath","value":"//button[@data-kt=\"addNewRUOverflowToolbarButton\"]"}
COMMAND: POST /session/b8a203b9eea9ca58b7eb9d1b420e99b6/execute/sync - {"script":"<script> [8489 bytes]","args":[{"element-6066-11e4-a52e-4f735466cecf":"f.C3D07913007EC519E918D4FD8EAE9792.d.85091F9CF3A3F65108D444280FF82C81.e.7366","ELEMENT":"f.C3D07913007EC519E918D4FD8EAE9792.d.85091F9CF3A3F65108D444280FF82C81.e.7366"}]}
RESULT: {"script":"<script> [8489 bytes]","args":[{"element-6066-11e4-a52e-4f735466cecf":"f.C3D07913007EC519E918D4FD8EAE9792.d.85091F9CF3A3F65108D444280FF82C81.e.7366","ELEMENT":"f.C3D07913007EC519E918D4FD8EAE9792.d.85091F9CF3A3F65108D444280FF82C81.e.7366"}]}
COMMAND: POST /session/b8a203b9eea9ca58b7eb9d1b420e99b6/element/f.C3D07913007EC519E918D4FD8EAE9792.d.85091F9CF3A3F65108D444280FF82C81.e.7366/click - {}
COMMAND: GET /session/b8a203b9eea9ca58b7eb9d1b420e99b6/screenshot - {}
RESULT: {}
RESULT: undefined
COMMAND: POST /session/b8a203b9eea9ca58b7eb9d1b420e99b6/element - {"using":"xpath","value":"//*[@id=\"application-manageresources-display-component---newResourceUnit--TYPE-arrow\"]"}
COMMAND: GET /session/b8a203b9eea9ca58b7eb9d1b420e99b6/screenshot - {}
RESULT: {}
RESULT: {"using":"xpath","value":"//*[@id=\"application-manageresources-display-component---newResourceUnit--TYPE-arrow\"]"}
COMMAND: POST /session/b8a203b9eea9ca58b7eb9d1b420e99b6/element/f.C3D07913007EC519E918D4FD8EAE9792.d.85091F9CF3A3F65108D444280FF82C81.e.7679/click - {}
RESULT: {}
RESULT: {}
COMMAND: POST /session/b8a203b9eea9ca58b7eb9d1b420e99b6/execute/async - {"script":"<script> [1562 bytes]","args":[{"selector":{"controlType":"sap.m.StandardListItem","viewName":"reusables.view.manageresources.NewResourceUnit","viewId":"application-manageresources-display-component---newResourceUnit","properties":{"title":"Personnel"},"searchOpenDialogs":true,"interaction":{"idSuffix":"titleText"}},"wdio_ui5_key":"reusablesview.manageresources.NewResourceUnitsap.m.StandardListItem{\"title\":\"Personnel\"}"}]}
COMMAND: GET /session/b8a203b9eea9ca58b7eb9d1b420e99b6/screenshot - {}
RESULT: {"script":"<script> [1562 bytes]","args":[{"selector":{"controlType":"sap.m.StandardListItem","viewName":"reusables.view.manageresources.NewResourceUnit","viewId":"application-manageresources-display-component---newResourceUnit","properties":{"title":"Personnel"},"searchOpenDialogs":true,"interaction":{"idSuffix":"titleText"}},"wdio_ui5_key":"reusablesview.manageresources.NewResourceUnitsap.m.StandardListItem{\"title\":\"Personnel\"}"}]}
RESULT: undefined
COMMAND: POST /session/b8a203b9eea9ca58b7eb9d1b420e99b6/element - {"using":"xpath","value":"//*[@id=\"__item1950\"]"}
RESULT: {}
RESULT: {"using":"xpath","value":"//*[@id=\"__item1950\"]"}
COMMAND: POST /session/b8a203b9eea9ca58b7eb9d1b420e99b6/element/f.C3D07913007EC519E918D4FD8EAE9792.d.85091F9CF3A3F65108D444280FF82C81.e.7682/click - {}
RESULT: {}
RESULT: undefined
COMMAND: POST /session/b8a203b9eea9ca58b7eb9d1b420e99b6/execute/async - {"script":"<script> [776 bytes]","args":[{"enterText":"WdIOPersonneldl41g","selector":{"id":"application-manageresources-display-component---newResourceUnit--SHORT_TEXT","interaction":{"idSuffix":"inner"}},"clearTextFirst":true,"interactionType":"ENTER_TEXT"}]}
COMMAND: GET /session/b8a203b9eea9ca58b7eb9d1b420e99b6/screenshot - {}
RESULT: {"script":"<script> [776 bytes]","args":[{"enterText":"WdIOPersonneldl41g","selector":{"id":"application-manageresources-display-component---newResourceUnit--SHORT_TEXT","interaction":{"idSuffix":"inner"}},"clearTextFirst":true,"interactionType":"ENTER_TEXT"}]}
COMMAND: POST /session/b8a203b9eea9ca58b7eb9d1b420e99b6/element - {"using":"xpath","value":"//bdi[contains(text(), \"Material\")]"}
RESULT: {}
RESULT: {"using":"xpath","value":"//bdi[contains(text(), \"Material\")]"}
COMMAND: POST /session/b8a203b9eea9ca58b7eb9d1b420e99b6/element - {"using":"xpath","value":"//bdi[contains(text(), \"Material\")]"}
RESULT: {"using":"xpath","value":"//bdi[contains(text(), \"Material\")]"}
COMMAND: POST /session/b8a203b9eea9ca58b7eb9d1b420e99b6/execute/async - {"script":"<script> [1562 bytes]","args":[{"selector":{"id":"application-manageresources-display-component---newResourceUnit--BASE_UNIT_OF_MEASURE-arrow"},"wdio_ui5_key":"applicationmanageresources-display-component---newResourceUnit--BASE_UNIT_OF_MEASURE-arrow"}]}
RESULT: {"script":"<script> [1562 bytes]","args":[{"selector":{"id":"application-manageresources-display-component---newResourceUnit--BASE_UNIT_OF_MEASURE-arrow"},"wdio_ui5_key":"applicationmanageresources-display-component---newResourceUnit--BASE_UNIT_OF_MEASURE-arrow"}]}
RESULT: undefined
COMMAND: POST /session/b8a203b9eea9ca58b7eb9d1b420e99b6/element - {"using":"xpath","value":"//*[@id=\"application-manageresources-display-component---newResourceUnit--BASE_UNIT_OF_MEASURE-arrow\"]"}
RESULT: {"using":"xpath","value":"//*[@id=\"application-manageresources-display-component---newResourceUnit--BASE_UNIT_OF_MEASURE-arrow\"]"}
COMMAND: POST /session/b8a203b9eea9ca58b7eb9d1b420e99b6/element/f.C3D07913007EC519E918D4FD8EAE9792.d.85091F9CF3A3F65108D444280FF82C81.e.7787/click - {}
RESULT: {}
COMMAND: POST /session/b8a203b9eea9ca58b7eb9d1b420e99b6/execute/async - {"script":"<script> [1562 bytes]","args":[{"selector":{"controlType":"sap.m.StandardListItem","viewName":"reusables.view.manageresources.NewResourceUnit","viewId":"application-manageresources-display-component---newResourceUnit","properties":{"title":"Percent"},"searchOpenDialogs":true,"interaction":{"idSuffix":"titleText"}},"wdio_ui5_key":"reusablesview.manageresources.NewResourceUnitsap.m.StandardListItem{\"title\":\"Percent\"}"}]}
COMMAND: GET /session/b8a203b9eea9ca58b7eb9d1b420e99b6/screenshot - {}
RESULT: {"script":"<script> [1562 bytes]","args":[{"selector":{"controlType":"sap.m.StandardListItem","viewName":"reusables.view.manageresources.NewResourceUnit","viewId":"application-manageresources-display-component---newResourceUnit","properties":{"title":"Percent"},"searchOpenDialogs":true,"interaction":{"idSuffix":"titleText"}},"wdio_ui5_key":"reusablesview.manageresources.NewResourceUnitsap.m.StandardListItem{\"title\":\"Percent\"}"}]}
RESULT: undefined
COMMAND: POST /session/b8a203b9eea9ca58b7eb9d1b420e99b6/element - {"using":"xpath","value":"//*[@id=\"__item1975\"]"}
RESULT: {}
RESULT: {"using":"xpath","value":"//*[@id=\"__item1975\"]"}
COMMAND: POST /session/b8a203b9eea9ca58b7eb9d1b420e99b6/element/f.C3D07913007EC519E918D4FD8EAE9792.d.85091F9CF3A3F65108D444280FF82C81.e.7789/click - {}
RESULT: {}
COMMAND: POST /session/b8a203b9eea9ca58b7eb9d1b420e99b6/execute/async - {"script":"<script> [1562 bytes]","args":[{"selector":{"id":"application-manageresources-display-component---newResourceUnit--PLANNING_GROUP-arrow"},"wdio_ui5_key":"applicationmanageresources-display-component---newResourceUnit--PLANNING_GROUP-arrow"}]}
COMMAND: GET /session/b8a203b9eea9ca58b7eb9d1b420e99b6/screenshot - {}
RESULT: {"script":"<script> [1562 bytes]","args":[{"selector":{"id":"application-manageresources-display-component---newResourceUnit--PLANNING_GROUP-arrow"},"wdio_ui5_key":"applicationmanageresources-display-component---newResourceUnit--PLANNING_GROUP-arrow"}]}
RESULT: undefined
COMMAND: POST /session/b8a203b9eea9ca58b7eb9d1b420e99b6/element - {"using":"xpath","value":"//*[@id=\"application-manageresources-display-component---newResourceUnit--PLANNING_GROUP-arrow\"]"}
RESULT: {}
RESULT: {"using":"xpath","value":"//*[@id=\"application-manageresources-display-component---newResourceUnit--PLANNING_GROUP-arrow\"]"}
COMMAND: POST /session/b8a203b9eea9ca58b7eb9d1b420e99b6/element/f.C3D07913007EC519E918D4FD8EAE9792.d.85091F9CF3A3F65108D444280FF82C81.e.7790/click - {}
RESULT: {}
COMMAND: GET /session/b8a203b9eea9ca58b7eb9d1b420e99b6/screenshot - {}
RESULT: {}
COMMAND: POST /session/b8a203b9eea9ca58b7eb9d1b420e99b6/execute/async - {"script":"<script> [1562 bytes]","args":[{"selector":{"controlType":"sap.m.StandardListItem","viewName":"reusables.view.manageresources.NewResourceUnit","viewId":"application-manageresources-display-component---newResourceUnit","properties":{"title":"Operating personnel"},"searchOpenDialogs":true,"interaction":{"idSuffix":"titleText"}},"wdio_ui5_key":"reusablesview.manageresources.NewResourceUnitsap.m.StandardListItem{\"title\":\"Operating personnel\"}"}]}
RESULT: {"script":"<script> [1562 bytes]","args":[{"selector":{"controlType":"sap.m.StandardListItem","viewName":"reusables.view.manageresources.NewResourceUnit","viewId":"application-manageresources-display-component---newResourceUnit","properties":{"title":"Operating personnel"},"searchOpenDialogs":true,"interaction":{"idSuffix":"titleText"}},"wdio_ui5_key":"reusablesview.manageresources.NewResourceUnitsap.m.StandardListItem{\"title\":\"Operating personnel\"}"}]}
RESULT: undefined
COMMAND: POST /session/b8a203b9eea9ca58b7eb9d1b420e99b6/element - {"using":"xpath","value":"//*[@id=\"__item1984\"]"}
RESULT: {"using":"xpath","value":"//*[@id=\"__item1984\"]"}
COMMAND: POST /session/b8a203b9eea9ca58b7eb9d1b420e99b6/element/f.C3D07913007EC519E918D4FD8EAE9792.d.85091F9CF3A3F65108D444280FF82C81.e.7792/click - {}
RESULT: {}
COMMAND: GET /session/b8a203b9eea9ca58b7eb9d1b420e99b6/screenshot - {}
RESULT: {}
COMMAND: POST /session/b8a203b9eea9ca58b7eb9d1b420e99b6/element - {"using":"xpath","value":"//bdi[contains(text(), \"Time Segment\")]"}
RESULT: {"using":"xpath","value":"//bdi[contains(text(), \"Time Segment\")]"}
COMMAND: GET /session/b8a203b9eea9ca58b7eb9d1b420e99b6/element/f.C3D07913007EC519E918D4FD8EAE9792.d.85091F9CF3A3F65108D444280FF82C81.e.7793/rect - {}
RESULT: {}
COMMAND: GET /session/b8a203b9eea9ca58b7eb9d1b420e99b6/window/rect - {}
RESULT: {}
COMMAND: POST /session/b8a203b9eea9ca58b7eb9d1b420e99b6/execute/sync - {"script":"<script> [92 bytes]","args":[]}
RESULT: {"script":"<script> [92 bytes]","args":[]}
COMMAND: POST /session/b8a203b9eea9ca58b7eb9d1b420e99b6/actions - {"actions":[{"id":"action23","type":"wheel","parameters":{},"actions":[{"type":"scroll","x":-1820,"y":804,"deltaX":0,"deltaY":0,"duration":0,"origin":{"element-6066-11e4-a52e-4f735466cecf":"f.C3D07913007EC519E918D4FD8EAE9792.d.85091F9CF3A3F65108D444280FF82C81.e.7793"}}]}]}
COMMAND: GET /session/b8a203b9eea9ca58b7eb9d1b420e99b6/screenshot - {}
RESULT: {}
COMMAND: POST /session/b8a203b9eea9ca58b7eb9d1b420e99b6/execute/sync - {"script":"<script> [79 bytes]","args":[{"element-6066-11e4-a52e-4f735466cecf":"f.C3D07913007EC519E918D4FD8EAE9792.d.85091F9CF3A3F65108D444280FF82C81.e.7793","ELEMENT":"f.C3D07913007EC519E918D4FD8EAE9792.d.85091F9CF3A3F65108D444280FF82C81.e.7793"},{"block":"start","inline":"nearest"}]}
RESULT: {"script":"<script> [79 bytes]","args":[{"element-6066-11e4-a52e-4f735466cecf":"f.C3D07913007EC519E918D4FD8EAE9792.d.85091F9CF3A3F65108D444280FF82C81.e.7793","ELEMENT":"f.C3D07913007EC519E918D4FD8EAE9792.d.85091F9CF3A3F65108D444280FF82C81.e.7793"},{"block":"start","inline":"nearest"}]}
COMMAND: GET /session/b8a203b9eea9ca58b7eb9d1b420e99b6/screenshot - {}
RESULT: {}
COMMAND: POST /session/b8a203b9eea9ca58b7eb9d1b420e99b6/element - {"using":"xpath","value":"//span[@id=\"application-manageresources-display-component---newResourceUnit--btnAddTimeSegment-img\"]"}
RESULT: {"using":"xpath","value":"//span[@id=\"application-manageresources-display-component---newResourceUnit--btnAddTimeSegment-img\"]"}
COMMAND: POST /session/b8a203b9eea9ca58b7eb9d1b420e99b6/execute/sync - {"script":"<script> [8489 bytes]","args":[{"element-6066-11e4-a52e-4f735466cecf":"f.C3D07913007EC519E918D4FD8EAE9792.d.85091F9CF3A3F65108D444280FF82C81.e.7800","ELEMENT":"f.C3D07913007EC519E918D4FD8EAE9792.d.85091F9CF3A3F65108D444280FF82C81.e.7800"}]}
RESULT: {"script":"<script> [8489 bytes]","args":[{"element-6066-11e4-a52e-4f735466cecf":"f.C3D07913007EC519E918D4FD8EAE9792.d.85091F9CF3A3F65108D444280FF82C81.e.7800","ELEMENT":"f.C3D07913007EC519E918D4FD8EAE9792.d.85091F9CF3A3F65108D444280FF82C81.e.7800"}]}
COMMAND: POST /session/b8a203b9eea9ca58b7eb9d1b420e99b6/element/f.C3D07913007EC519E918D4FD8EAE9792.d.85091F9CF3A3F65108D444280FF82C81.e.7800/click - {}
COMMAND: GET /session/b8a203b9eea9ca58b7eb9d1b420e99b6/screenshot - {}
RESULT: {}
COMMAND: GET /session/b8a203b9eea9ca58b7eb9d1b420e99b6/screenshot - {}
COMMAND: POST /session/b8a203b9eea9ca58b7eb9d1b420e99b6/element - {"using":"xpath","value":"//input[@id=\"application-manageresources-display-component---newResourceUnit--idRuTSAdmin-application-manageresources-display-component---newResourceUnit--RUTimeSegment-0-inner\"]"}
RESULT: {}
RESULT: {}
RESULT: {"using":"xpath","value":"//input[@id=\"application-manageresources-display-component---newResourceUnit--idRuTSAdmin-application-manageresources-display-component---newResourceUnit--RUTimeSegment-0-inner\"]"}
COMMAND: POST /session/b8a203b9eea9ca58b7eb9d1b420e99b6/element/f.C3D07913007EC519E918D4FD8EAE9792.d.85091F9CF3A3F65108D444280FF82C81.e.7803/clear - {}
RESULT: {}
COMMAND: POST /session/b8a203b9eea9ca58b7eb9d1b420e99b6/element/f.C3D07913007EC519E918D4FD8EAE9792.d.85091F9CF3A3F65108D444280FF82C81.e.7803/value - {"text":"webdriveryard"}
COMMAND: GET /session/b8a203b9eea9ca58b7eb9d1b420e99b6/screenshot - {}
RESULT: {"text":"webdriveryard"}
COMMAND: GET /session/b8a203b9eea9ca58b7eb9d1b420e99b6/screenshot - {}
RESULT: {}
RESULT: {}
COMMAND: POST /session/b8a203b9eea9ca58b7eb9d1b420e99b6/actions - {"actions":[{"id":"action24","type":"key","parameters":{},"actions":[{"type":"keyDown","value":"î€‡"},{"type":"pause","duration":10},{"type":"keyUp","value":"î€‡"}]}]}
RESULT: {"actions":[{"id":"action24","type":"key","parameters":{},"actions":[{"type":"keyDown","value":"î€‡"},{"type":"pause","duration":10},{"type":"keyUp","value":"î€‡"}]}]}
COMMAND: GET /session/b8a203b9eea9ca58b7eb9d1b420e99b6/screenshot - {}
RESULT: {}
COMMAND: POST /session/b8a203b9eea9ca58b7eb9d1b420e99b6/element - {"using":"xpath","value":"//input[contains(@id, \"application-manageresources-display-component---newResourceUnit--newControlDataDateRangePicker-inner\")]"}
RESULT: {"using":"xpath","value":"//input[contains(@id, \"application-manageresources-display-component---newResourceUnit--newControlDataDateRangePicker-inner\")]"}
COMMAND: POST /session/b8a203b9eea9ca58b7eb9d1b420e99b6/element/f.C3D07913007EC519E918D4FD8EAE9792.d.85091F9CF3A3F65108D444280FF82C81.e.7712/clear - {}
RESULT: {}
COMMAND: POST /session/b8a203b9eea9ca58b7eb9d1b420e99b6/element/f.C3D07913007EC519E918D4FD8EAE9792.d.85091F9CF3A3F65108D444280FF82C81.e.7712/value - {"text":"12/17/26 - 2/18/27"}
COMMAND: GET /session/b8a203b9eea9ca58b7eb9d1b420e99b6/screenshot - {}
RESULT: {"text":"12/17/26 - 2/18/27"}
COMMAND: POST /session/b8a203b9eea9ca58b7eb9d1b420e99b6/element - {"using":"xpath","value":"//bdi[contains(@id, \"application-manageresources-display-component---newResourceUnit--createRuButton-BDI-content\")]"}
COMMAND: GET /session/b8a203b9eea9ca58b7eb9d1b420e99b6/screenshot - {}
RESULT: {}
RESULT: {"using":"xpath","value":"//bdi[contains(@id, \"application-manageresources-display-component---newResourceUnit--createRuButton-BDI-content\")]"}
COMMAND: POST /session/b8a203b9eea9ca58b7eb9d1b420e99b6/element/f.C3D07913007EC519E918D4FD8EAE9792.d.85091F9CF3A3F65108D444280FF82C81.e.7817/click - {}
RESULT: {}
RESULT: {}
COMMAND: GET /session/b8a203b9eea9ca58b7eb9d1b420e99b6/screenshot - {}
RESULT: {}
COMMAND: POST /session/b8a203b9eea9ca58b7eb9d1b420e99b6/actions - {"actions":[{"id":"action25","type":"key","parameters":{},"actions":[{"type":"keyDown","value":"î€‡"},{"type":"pause","duration":10},{"type":"keyUp","value":"î€‡"}]}]}
RESULT: {"actions":[{"id":"action25","type":"key","parameters":{},"actions":[{"type":"keyDown","value":"î€‡"},{"type":"pause","duration":10},{"type":"keyUp","value":"î€‡"}]}]}
COMMAND: GET /session/b8a203b9eea9ca58b7eb9d1b420e99b6/screenshot - {}
RESULT: {}
]]></system-out>
    </testcase>
    <testcase classname="chrome.137_0_7151_56.windows.Personnel_creation_and_reference_material_verification__US120163" name="Should verify if the reference material is visible in edit and detail mode" time="22.906">
      <system-out><![CDATA[
COMMAND: POST /session/b8a203b9eea9ca58b7eb9d1b420e99b6/element - {"using":"xpath","value":"//bdi[contains(text(), \"Edit\")]"}
RESULT: {"using":"xpath","value":"//bdi[contains(text(), \"Edit\")]"}
COMMAND: POST /session/b8a203b9eea9ca58b7eb9d1b420e99b6/element/f.C3D07913007EC519E918D4FD8EAE9792.d.85091F9CF3A3F65108D444280FF82C81.e.7852/click - {}
RESULT: {}
COMMAND: GET /session/b8a203b9eea9ca58b7eb9d1b420e99b6/screenshot - {}
RESULT: {}
COMMAND: POST /session/b8a203b9eea9ca58b7eb9d1b420e99b6/element - {"using":"xpath","value":"//bdi[contains(text(), \"Material\")]"}
RESULT: {"using":"xpath","value":"//bdi[contains(text(), \"Material\")]"}
COMMAND: POST /session/b8a203b9eea9ca58b7eb9d1b420e99b6/element - {"using":"xpath","value":"//bdi[contains(text(), \"Material\")]"}
RESULT: {"using":"xpath","value":"//bdi[contains(text(), \"Material\")]"}
COMMAND: POST /session/b8a203b9eea9ca58b7eb9d1b420e99b6/element - {"using":"xpath","value":"(//bdi[contains(text(), \"Save\")])[2]"}
RESULT: {"using":"xpath","value":"(//bdi[contains(text(), \"Save\")])[2]"}
COMMAND: POST /session/b8a203b9eea9ca58b7eb9d1b420e99b6/element/f.C3D07913007EC519E918D4FD8EAE9792.d.85091F9CF3A3F65108D444280FF82C81.e.7899/click - {}
RESULT: {}
COMMAND: GET /session/b8a203b9eea9ca58b7eb9d1b420e99b6/screenshot - {}
RESULT: {}
COMMAND: DELETE /session/b8a203b9eea9ca58b7eb9d1b420e99b6 - {}
RESULT: {}
]]></system-out>
    </testcase>
  </testsuite>
</testsuites>