<?xml version="1.0" encoding="UTF-8"?>
<testsuites tests="48" failures="48" errors="48" skipped="0">
  <testsuite timestamp="2025-05-09T17:16:57" time="687.696" tests="12" failures="12" errors="12" skipped="0">
    <properties>
      <property name="specId" value="0" />
      <property name="suiteName" value="Billing Transfer - Master data &amp; Intercompany US127250" />
      <property name="capabilities" value="chrome.136_0_7103_49.windows" />
      <property name="file" value="file:///D:/a/1/s/test/specs/BTS/billing-transfer-intercompany.spec.js" />
    </properties>
  </testsuite>
  <testsuite timestamp="2025-05-09T17:28:24" time="679.635" tests="12" failures="12" errors="12" skipped="0">
    <properties>
      <property name="specId" value="0" />
      <property name="suiteName" value="Billing Transfer - Intracompany US127249" />
      <property name="capabilities" value="chrome.136_0_7103_49.windows" />
      <property name="file" value="file:///D:/a/1/s/test/specs/BTS/billing-transfer-intracompany.spec.js" />
    </properties>
  </testsuite>
  <testsuite timestamp="2025-05-09T17:39:44" time="674.595" tests="12" failures="12" errors="12" skipped="0">
    <properties>
      <property name="specId" value="0" />
      <property name="suiteName" value="Billing transfer US117289" />
      <property name="capabilities" value="chrome.136_0_7103_49.windows" />
      <property name="file" value="file:///D:/a/1/s/test/specs/BTS/billing-transfer.spec.js" />
    </properties>
  </testsuite>
  <testsuite timestamp="2025-05-09T17:50:58" time="681.106" tests="12" failures="12" errors="12" skipped="0">
    <properties>
      <property name="specId" value="0" />
      <property name="suiteName" value="Create Reverse Billing US127248" />
      <property name="capabilities" value="chrome.136_0_7103_49.windows" />
      <property name="file" value="file:///D:/a/1/s/test/specs/BTS/reverse-billing.spec.js" />
    </properties>
  </testsuite>
</testsuites>