<?xml version="1.0" encoding="UTF-8"?>
<testsuites tests="64" failures="7" errors="7" skipped="0">
  <testsuite timestamp="2025-04-24T16:18:26" time="71.542" tests="1" failures="0" errors="0" skipped="0">
    <properties>
      <property name="specId" value="0" />
      <property name="suiteName" value="US104422 Create new bin &amp; section - select nothing " />
      <property name="capabilities" value="chrome.135_0_7049_96.windows" />
      <property name="file" value="file:///D:/a/1/s/test/specs/HTR/create-bin.spec.js" />
    </properties>
    <testcase classname="chrome.135_0_7049_96.windows.US104422_Create_new_bin_&amp;_section_-_select_nothing_" name="Create new bin section" time="51.391">
      <system-out><![CDATA[
COMMAND: POST /session/700a0ab92761895b5ec9a5372f8d46fb/element - {"using":"xpath","value":"//div[text()='Warehouse']"}
RESULT: {"using":"xpath","value":"//div[text()='Warehouse']"}
COMMAND: POST /session/700a0ab92761895b5ec9a5372f8d46fb/elements - {"using":"xpath","value":"//div[text()='Warehouse']"}
RESULT: {"using":"xpath","value":"//div[text()='Warehouse']"}
COMMAND: POST /session/700a0ab92761895b5ec9a5372f8d46fb/element/f.647512A71DDA687F9F591F39CAC5A62D.d.7DFF25832B560E041F38F0198C7F3194.e.114/click - {}
RESULT: {}
COMMAND: POST /session/700a0ab92761895b5ec9a5372f8d46fb/execute/async - {"script":"<script> [1562 bytes]","args":[{"selector":{"controlType":"sap.m.GenericTile","properties":{"header":"Bin Status Report"}},"wdio_ui5_key":"sapm.GenericTile{\"header\":\"Bin Status Report\"}"}]}
COMMAND: GET /session/700a0ab92761895b5ec9a5372f8d46fb/screenshot - {}
RESULT: {"script":"<script> [1562 bytes]","args":[{"selector":{"controlType":"sap.m.GenericTile","properties":{"header":"Bin Status Report"}},"wdio_ui5_key":"sapm.GenericTile{\"header\":\"Bin Status Report\"}"}]}
RESULT: undefined
COMMAND: POST /session/700a0ab92761895b5ec9a5372f8d46fb/element - {"using":"xpath","value":"//*[@id=\"__tile104\"]"}
RESULT: {}
RESULT: {"using":"xpath","value":"//*[@id=\"__tile104\"]"}
COMMAND: POST /session/700a0ab92761895b5ec9a5372f8d46fb/element/f.647512A71DDA687F9F591F39CAC5A62D.d.7DFF25832B560E041F38F0198C7F3194.e.115/click - {}
RESULT: {}
COMMAND: GET /session/700a0ab92761895b5ec9a5372f8d46fb/screenshot - {}
RESULT: {}
COMMAND: POST /session/700a0ab92761895b5ec9a5372f8d46fb/element - {"using":"xpath","value":"//bdi[text()='Create New Organization']"}
RESULT: {"using":"xpath","value":"//bdi[text()='Create New Organization']"}
COMMAND: POST /session/700a0ab92761895b5ec9a5372f8d46fb/elements - {"using":"xpath","value":"//bdi[text()='Create New Organization']"}
RESULT: {"using":"xpath","value":"//bdi[text()='Create New Organization']"}
COMMAND: POST /session/700a0ab92761895b5ec9a5372f8d46fb/elements - {"using":"xpath","value":"//bdi[text()='Create New Organization']"}
RESULT: {"using":"xpath","value":"//bdi[text()='Create New Organization']"}
COMMAND: POST /session/700a0ab92761895b5ec9a5372f8d46fb/elements - {"using":"xpath","value":"//bdi[text()='Create New Organization']"}
RESULT: {"using":"xpath","value":"//bdi[text()='Create New Organization']"}
COMMAND: POST /session/700a0ab92761895b5ec9a5372f8d46fb/elements - {"using":"xpath","value":"//bdi[text()='Create New Organization']"}
RESULT: {"using":"xpath","value":"//bdi[text()='Create New Organization']"}
COMMAND: POST /session/700a0ab92761895b5ec9a5372f8d46fb/elements - {"using":"xpath","value":"//bdi[text()='Create New Organization']"}
RESULT: {"using":"xpath","value":"//bdi[text()='Create New Organization']"}
COMMAND: POST /session/700a0ab92761895b5ec9a5372f8d46fb/elements - {"using":"xpath","value":"//bdi[text()='Create New Organization']"}
RESULT: {"using":"xpath","value":"//bdi[text()='Create New Organization']"}
COMMAND: POST /session/700a0ab92761895b5ec9a5372f8d46fb/elements - {"using":"xpath","value":"//bdi[text()='Create New Organization']"}
RESULT: {"using":"xpath","value":"//bdi[text()='Create New Organization']"}
COMMAND: POST /session/700a0ab92761895b5ec9a5372f8d46fb/elements - {"using":"xpath","value":"//bdi[text()='Create New Organization']"}
RESULT: {"using":"xpath","value":"//bdi[text()='Create New Organization']"}
COMMAND: POST /session/700a0ab92761895b5ec9a5372f8d46fb/elements - {"using":"xpath","value":"//bdi[text()='Create New Organization']"}
RESULT: {"using":"xpath","value":"//bdi[text()='Create New Organization']"}
COMMAND: POST /session/700a0ab92761895b5ec9a5372f8d46fb/element - {"using":"xpath","value":"//bdi[text()='Create New Organization']"}
RESULT: {"using":"xpath","value":"//bdi[text()='Create New Organization']"}
COMMAND: GET /session/700a0ab92761895b5ec9a5372f8d46fb/element/f.647512A71DDA687F9F591F39CAC5A62D.d.7DFF25832B560E041F38F0198C7F3194.e.153/enabled - {}
RESULT: {}
COMMAND: POST /session/700a0ab92761895b5ec9a5372f8d46fb/execute/sync - {"script":"<script> [8489 bytes]","args":[{"element-6066-11e4-a52e-4f735466cecf":"f.647512A71DDA687F9F591F39CAC5A62D.d.7DFF25832B560E041F38F0198C7F3194.e.153","ELEMENT":"f.647512A71DDA687F9F591F39CAC5A62D.d.7DFF25832B560E041F38F0198C7F3194.e.153"}]}
COMMAND: GET /session/700a0ab92761895b5ec9a5372f8d46fb/screenshot - {}
RESULT: {"script":"<script> [8489 bytes]","args":[{"element-6066-11e4-a52e-4f735466cecf":"f.647512A71DDA687F9F591F39CAC5A62D.d.7DFF25832B560E041F38F0198C7F3194.e.153","ELEMENT":"f.647512A71DDA687F9F591F39CAC5A62D.d.7DFF25832B560E041F38F0198C7F3194.e.153"}]}
COMMAND: POST /session/700a0ab92761895b5ec9a5372f8d46fb/execute/sync - {"script":"<script> [5351 bytes]","args":[{"element-6066-11e4-a52e-4f735466cecf":"f.647512A71DDA687F9F591F39CAC5A62D.d.7DFF25832B560E041F38F0198C7F3194.e.153","ELEMENT":"f.647512A71DDA687F9F591F39CAC5A62D.d.7DFF25832B560E041F38F0198C7F3194.e.153"}]}
COMMAND: GET /session/700a0ab92761895b5ec9a5372f8d46fb/screenshot - {}
RESULT: {}
RESULT: {"script":"<script> [5351 bytes]","args":[{"element-6066-11e4-a52e-4f735466cecf":"f.647512A71DDA687F9F591F39CAC5A62D.d.7DFF25832B560E041F38F0198C7F3194.e.153","ELEMENT":"f.647512A71DDA687F9F591F39CAC5A62D.d.7DFF25832B560E041F38F0198C7F3194.e.153"}]}
COMMAND: POST /session/700a0ab92761895b5ec9a5372f8d46fb/element/f.647512A71DDA687F9F591F39CAC5A62D.d.7DFF25832B560E041F38F0198C7F3194.e.153/click - {}
COMMAND: GET /session/700a0ab92761895b5ec9a5372f8d46fb/screenshot - {}
RESULT: {}
RESULT: {}
RESULT: {}
COMMAND: POST /session/700a0ab92761895b5ec9a5372f8d46fb/execute/async - {"script":"<script> [1562 bytes]","args":[{"selector":{"id":"createOrganizationPop--sectionInput","searchOpenDialogs":true,"interaction":{"idSuffix":"inner"}},"wdio_ui5_key":"createOrganizationPopsectionInput"}]}
COMMAND: GET /session/700a0ab92761895b5ec9a5372f8d46fb/screenshot - {}
RESULT: {"script":"<script> [1562 bytes]","args":[{"selector":{"id":"createOrganizationPop--sectionInput","searchOpenDialogs":true,"interaction":{"idSuffix":"inner"}},"wdio_ui5_key":"createOrganizationPopsectionInput"}]}
RESULT: undefined
COMMAND: POST /session/700a0ab92761895b5ec9a5372f8d46fb/execute/async - {"script":"<script> [776 bytes]","args":[{"enterText":"WHI39k91o4ssugniqe202g7m8nnsh2tfw9g0c1ex10zwyadfkvc3qfcl0e9ckuto4jds9hyaj16e88wyr89y8omkne1go0c0kovxyiimsp0nq624ms2oy0kfmdt9c43rol72pvpcacjnjb9r97cyhhpmj3eb9dj2trn20uc2i06amcwn612t3bu5nuhh6y6qds7kqrcx ... (803 more bytes)","selector":{"id":"createOrganizationPop--sectionInput","searchOpenDialogs":true,"interaction":{"idSuffix":"inner"}},"clearTextFirst":true,"interactionType":"ENTER_TEXT"}]}
RESULT: {}
RESULT: {"script":"<script> [776 bytes]","args":[{"enterText":"WHI39k91o4ssugniqe202g7m8nnsh2tfw9g0c1ex10zwyadfkvc3qfcl0e9ckuto4jds9hyaj16e88wyr89y8omkne1go0c0kovxyiimsp0nq624ms2oy0kfmdt9c43rol72pvpcacjnjb9r97cyhhpmj3eb9dj2trn20uc2i06amcwn612t3bu5nuhh6y6qds7kqrcx ... (803 more bytes)","selector":{"id":"createOrganizationPop--sectionInput","searchOpenDialogs":true,"interaction":{"idSuffix":"inner"}},"clearTextFirst":true,"interactionType":"ENTER_TEXT"}]}
COMMAND: POST /session/700a0ab92761895b5ec9a5372f8d46fb/execute/async - {"script":"<script> [1562 bytes]","args":[{"selector":{"id":"createOrganizationPop--descriptionInput","searchOpenDialogs":true,"interaction":{"idSuffix":"inner"}},"wdio_ui5_key":"createOrganizationPopdescriptionInput"}]}
RESULT: {"script":"<script> [1562 bytes]","args":[{"selector":{"id":"createOrganizationPop--descriptionInput","searchOpenDialogs":true,"interaction":{"idSuffix":"inner"}},"wdio_ui5_key":"createOrganizationPopdescriptionInput"}]}
RESULT: undefined
COMMAND: POST /session/700a0ab92761895b5ec9a5372f8d46fb/execute/async - {"script":"<script> [776 bytes]","args":[{"enterText":"WHI39k91o4ssugniqe202g7m8nnsh2tfw9g0c1ex10zwyadfkvc3qfcl0e9ckuto4jds9hyaj16e88wyr89y8omkne1go0c0kovxyiimsp0nq624ms2oy0kfmdt9c43rol72pvpcacjnjb9r97cyhhpmj3eb9dj2trn20uc2i06amcwn612t3bu5nuhh6y6qds7kqrcx ... (803 more bytes)","selector":{"id":"createOrganizationPop--descriptionInput","searchOpenDialogs":true,"interaction":{"idSuffix":"inner"}},"clearTextFirst":true,"interactionType":"ENTER_TEXT"}]}
RESULT: {"script":"<script> [776 bytes]","args":[{"enterText":"WHI39k91o4ssugniqe202g7m8nnsh2tfw9g0c1ex10zwyadfkvc3qfcl0e9ckuto4jds9hyaj16e88wyr89y8omkne1go0c0kovxyiimsp0nq624ms2oy0kfmdt9c43rol72pvpcacjnjb9r97cyhhpmj3eb9dj2trn20uc2i06amcwn612t3bu5nuhh6y6qds7kqrcx ... (803 more bytes)","selector":{"id":"createOrganizationPop--descriptionInput","searchOpenDialogs":true,"interaction":{"idSuffix":"inner"}},"clearTextFirst":true,"interactionType":"ENTER_TEXT"}]}
COMMAND: POST /session/700a0ab92761895b5ec9a5372f8d46fb/element - {"using":"css selector","value":"#createOrganizationPop--yardOrg-inner"}
RESULT: {"using":"css selector","value":"#createOrganizationPop--yardOrg-inner"}
COMMAND: POST /session/700a0ab92761895b5ec9a5372f8d46fb/element/f.647512A71DDA687F9F591F39CAC5A62D.d.7DFF25832B560E041F38F0198C7F3194.e.201/clear - {}
RESULT: {}
COMMAND: POST /session/700a0ab92761895b5ec9a5372f8d46fb/element/f.647512A71DDA687F9F591F39CAC5A62D.d.7DFF25832B560E041F38F0198C7F3194.e.201/value - {"text":"WHM"}
COMMAND: GET /session/700a0ab92761895b5ec9a5372f8d46fb/screenshot - {}
RESULT: {"text":"WHM"}
COMMAND: GET /session/700a0ab92761895b5ec9a5372f8d46fb/screenshot - {}
RESULT: {}
RESULT: {}
COMMAND: POST /session/700a0ab92761895b5ec9a5372f8d46fb/actions - {"actions":[{"id":"action1","type":"key","parameters":{},"actions":[{"type":"keyDown","value":"î€‡"},{"type":"pause","duration":10},{"type":"keyUp","value":"î€‡"}]}]}
RESULT: {"actions":[{"id":"action1","type":"key","parameters":{},"actions":[{"type":"keyDown","value":"î€‡"},{"type":"pause","duration":10},{"type":"keyUp","value":"î€‡"}]}]}
COMMAND: POST /session/700a0ab92761895b5ec9a5372f8d46fb/execute/async - {"script":"<script> [1562 bytes]","args":[{"selector":{"id":"createOrganizationPop--grZone","searchOpenDialogs":true,"interaction":{"idSuffix":"CbBg"}},"wdio_ui5_key":"createOrganizationPopgrZone"}]}
COMMAND: GET /session/700a0ab92761895b5ec9a5372f8d46fb/screenshot - {}
RESULT: {"script":"<script> [1562 bytes]","args":[{"selector":{"id":"createOrganizationPop--grZone","searchOpenDialogs":true,"interaction":{"idSuffix":"CbBg"}},"wdio_ui5_key":"createOrganizationPopgrZone"}]}
RESULT: undefined
COMMAND: POST /session/700a0ab92761895b5ec9a5372f8d46fb/element - {"using":"xpath","value":"//*[@id=\"createOrganizationPop--grZone\"]"}
RESULT: {}
RESULT: {"using":"xpath","value":"//*[@id=\"createOrganizationPop--grZone\"]"}
COMMAND: POST /session/700a0ab92761895b5ec9a5372f8d46fb/element/f.647512A71DDA687F9F591F39CAC5A62D.d.7DFF25832B560E041F38F0198C7F3194.e.223/click - {}
RESULT: {}
COMMAND: POST /session/700a0ab92761895b5ec9a5372f8d46fb/execute/async - {"script":"<script> [1562 bytes]","args":[{"selector":{"id":"createOrganizationPop--giZone","searchOpenDialogs":true,"interaction":{"idSuffix":"CbBg"}},"wdio_ui5_key":"createOrganizationPopgiZone"}]}
COMMAND: GET /session/700a0ab92761895b5ec9a5372f8d46fb/screenshot - {}
RESULT: {"script":"<script> [1562 bytes]","args":[{"selector":{"id":"createOrganizationPop--giZone","searchOpenDialogs":true,"interaction":{"idSuffix":"CbBg"}},"wdio_ui5_key":"createOrganizationPopgiZone"}]}
RESULT: undefined
COMMAND: POST /session/700a0ab92761895b5ec9a5372f8d46fb/element - {"using":"xpath","value":"//*[@id=\"createOrganizationPop--giZone\"]"}
RESULT: {}
RESULT: {"using":"xpath","value":"//*[@id=\"createOrganizationPop--giZone\"]"}
COMMAND: POST /session/700a0ab92761895b5ec9a5372f8d46fb/element/f.647512A71DDA687F9F591F39CAC5A62D.d.7DFF25832B560E041F38F0198C7F3194.e.225/click - {}
RESULT: {}
COMMAND: POST /session/700a0ab92761895b5ec9a5372f8d46fb/execute/async - {"script":"<script> [1562 bytes]","args":[{"selector":{"id":"createOrganizationPop--binNoInput","searchOpenDialogs":true,"interaction":{"idSuffix":"inner"}},"wdio_ui5_key":"createOrganizationPopbinNoInput"}]}
COMMAND: GET /session/700a0ab92761895b5ec9a5372f8d46fb/screenshot - {}
RESULT: {"script":"<script> [1562 bytes]","args":[{"selector":{"id":"createOrganizationPop--binNoInput","searchOpenDialogs":true,"interaction":{"idSuffix":"inner"}},"wdio_ui5_key":"createOrganizationPopbinNoInput"}]}
RESULT: undefined
COMMAND: POST /session/700a0ab92761895b5ec9a5372f8d46fb/execute/async - {"script":"<script> [776 bytes]","args":[{"enterText":"Bin-Wd","selector":{"id":"createOrganizationPop--binNoInput","searchOpenDialogs":true,"interaction":{"idSuffix":"inner"}},"clearTextFirst":true,"interactionType":"ENTER_TEXT"}]}
RESULT: {}
RESULT: {"script":"<script> [776 bytes]","args":[{"enterText":"Bin-Wd","selector":{"id":"createOrganizationPop--binNoInput","searchOpenDialogs":true,"interaction":{"idSuffix":"inner"}},"clearTextFirst":true,"interactionType":"ENTER_TEXT"}]}
COMMAND: POST /session/700a0ab92761895b5ec9a5372f8d46fb/execute/async - {"script":"<script> [1562 bytes]","args":[{"selector":{"id":"createOrganizationPop--descriptionId","searchOpenDialogs":true,"interaction":{"idSuffix":"inner"}},"wdio_ui5_key":"createOrganizationPopdescriptionId"}]}
RESULT: {"script":"<script> [1562 bytes]","args":[{"selector":{"id":"createOrganizationPop--descriptionId","searchOpenDialogs":true,"interaction":{"idSuffix":"inner"}},"wdio_ui5_key":"createOrganizationPopdescriptionId"}]}
RESULT: undefined
COMMAND: POST /session/700a0ab92761895b5ec9a5372f8d46fb/execute/async - {"script":"<script> [776 bytes]","args":[{"enterText":"Shipping-Wd","selector":{"id":"createOrganizationPop--descriptionId","searchOpenDialogs":true,"interaction":{"idSuffix":"inner"}},"clearTextFirst":true,"interactionType":"ENTER_TEXT"}]}
RESULT: {"script":"<script> [776 bytes]","args":[{"enterText":"Shipping-Wd","selector":{"id":"createOrganizationPop--descriptionId","searchOpenDialogs":true,"interaction":{"idSuffix":"inner"}},"clearTextFirst":true,"interactionType":"ENTER_TEXT"}]}
COMMAND: POST /session/700a0ab92761895b5ec9a5372f8d46fb/execute/async - {"script":"<script> [1562 bytes]","args":[{"selector":{"controlType":"sap.m.CheckBox","viewName":"etm.portal.ui.binstatusreport.view.MasterWareBins","viewId":"application-binstatusreport-display-component---warehousing","bindingPath":{"path":"","propertyPath":"/ZONE","modelName":"newBin"},"searchOpenDialogs":true,"interaction":{"idSuffix":"CbBg"}},"wdio_ui5_key":"etmportal.ui.binstatusreport.view.MasterWareBinssap.m.CheckBox{\"path\":\"\",\"propertyPath\":\"/ZONE\",\"modelName\":\"newBin\"}"}]}
RESULT: {"script":"<script> [1562 bytes]","args":[{"selector":{"controlType":"sap.m.CheckBox","viewName":"etm.portal.ui.binstatusreport.view.MasterWareBins","viewId":"application-binstatusreport-display-component---warehousing","bindingPath":{"path":"","propertyPath":"/ZONE","modelName":"newBin"},"searchOpenDialogs":true,"interaction":{"idSuffix":"CbBg"}},"wdio_ui5_key":"etmportal.ui.binstatusreport.view.MasterWareBinssap.m.CheckBox{\"path\":\"\",\"propertyPath\":\"/ZONE\",\"modelName\":\"newBin\"}"}]}
RESULT: undefined
COMMAND: POST /session/700a0ab92761895b5ec9a5372f8d46fb/element - {"using":"xpath","value":"//*[@id=\"__box12\"]"}
RESULT: {"using":"xpath","value":"//*[@id=\"__box12\"]"}
COMMAND: POST /session/700a0ab92761895b5ec9a5372f8d46fb/element/f.647512A71DDA687F9F591F39CAC5A62D.d.7DFF25832B560E041F38F0198C7F3194.e.229/click - {}
RESULT: {}
COMMAND: POST /session/700a0ab92761895b5ec9a5372f8d46fb/execute/async - {"script":"<script> [1562 bytes]","args":[{"selector":{"id":"createOrganizationPop--binTypesCB-arrow","searchOpenDialogs":true},"wdio_ui5_key":"createOrganizationPopbinTypesCB-arrow"}]}
COMMAND: GET /session/700a0ab92761895b5ec9a5372f8d46fb/screenshot - {}
RESULT: {"script":"<script> [1562 bytes]","args":[{"selector":{"id":"createOrganizationPop--binTypesCB-arrow","searchOpenDialogs":true},"wdio_ui5_key":"createOrganizationPopbinTypesCB-arrow"}]}
RESULT: undefined
COMMAND: POST /session/700a0ab92761895b5ec9a5372f8d46fb/element - {"using":"xpath","value":"//*[@id=\"createOrganizationPop--binTypesCB-arrow\"]"}
RESULT: {}
RESULT: {"using":"xpath","value":"//*[@id=\"createOrganizationPop--binTypesCB-arrow\"]"}
COMMAND: POST /session/700a0ab92761895b5ec9a5372f8d46fb/element/f.647512A71DDA687F9F591F39CAC5A62D.d.7DFF25832B560E041F38F0198C7F3194.e.230/click - {}
RESULT: {}
COMMAND: POST /session/700a0ab92761895b5ec9a5372f8d46fb/execute/async - {"script":"<script> [1562 bytes]","args":[{"selector":{"id":"createOrganizationPop--binTypesCB","searchOpenDialogs":true,"interaction":{"idSuffix":"inner"}},"wdio_ui5_key":"createOrganizationPopbinTypesCB"}]}
COMMAND: GET /session/700a0ab92761895b5ec9a5372f8d46fb/screenshot - {}
RESULT: {"script":"<script> [1562 bytes]","args":[{"selector":{"id":"createOrganizationPop--binTypesCB","searchOpenDialogs":true,"interaction":{"idSuffix":"inner"}},"wdio_ui5_key":"createOrganizationPopbinTypesCB"}]}
RESULT: undefined
COMMAND: POST /session/700a0ab92761895b5ec9a5372f8d46fb/execute/async - {"script":"<script> [776 bytes]","args":[{"enterText":"1 - General / No capacity check","selector":{"id":"createOrganizationPop--binTypesCB","searchOpenDialogs":true,"interaction":{"idSuffix":"inner"}},"clearTextFirst":true,"interactionType":"ENTER_TEXT"}]}
RESULT: {}
RESULT: {"script":"<script> [776 bytes]","args":[{"enterText":"1 - General / No capacity check","selector":{"id":"createOrganizationPop--binTypesCB","searchOpenDialogs":true,"interaction":{"idSuffix":"inner"}},"clearTextFirst":true,"interactionType":"ENTER_TEXT"}]}
COMMAND: POST /session/700a0ab92761895b5ec9a5372f8d46fb/actions - {"actions":[{"id":"action2","type":"key","parameters":{},"actions":[{"type":"keyDown","value":"î€‡"},{"type":"pause","duration":10},{"type":"keyUp","value":"î€‡"}]}]}
RESULT: {"actions":[{"id":"action2","type":"key","parameters":{},"actions":[{"type":"keyDown","value":"î€‡"},{"type":"pause","duration":10},{"type":"keyUp","value":"î€‡"}]}]}
COMMAND: GET /session/700a0ab92761895b5ec9a5372f8d46fb/screenshot - {}
RESULT: {}
COMMAND: POST /session/700a0ab92761895b5ec9a5372f8d46fb/execute/async - {"script":"<script> [1562 bytes]","args":[{"selector":{"id":"createOrganizationPop--finishBtn","searchOpenDialogs":true,"interaction":{"idSuffix":"BDI-content"}},"wdio_ui5_key":"createOrganizationPopfinishBtn"}]}
RESULT: {"script":"<script> [1562 bytes]","args":[{"selector":{"id":"createOrganizationPop--finishBtn","searchOpenDialogs":true,"interaction":{"idSuffix":"BDI-content"}},"wdio_ui5_key":"createOrganizationPopfinishBtn"}]}
RESULT: undefined
COMMAND: POST /session/700a0ab92761895b5ec9a5372f8d46fb/element - {"using":"xpath","value":"//*[@id=\"createOrganizationPop--finishBtn\"]"}
RESULT: {"using":"xpath","value":"//*[@id=\"createOrganizationPop--finishBtn\"]"}
COMMAND: POST /session/700a0ab92761895b5ec9a5372f8d46fb/element/f.647512A71DDA687F9F591F39CAC5A62D.d.7DFF25832B560E041F38F0198C7F3194.e.233/click - {}
RESULT: {}
COMMAND: GET /session/700a0ab92761895b5ec9a5372f8d46fb/screenshot - {}
COMMAND: POST /session/700a0ab92761895b5ec9a5372f8d46fb/element - {"using":"css selector","value":"#j_username"}
COMMAND: POST /session/700a0ab92761895b5ec9a5372f8d46fb/url - {"url":"https://qa-testing-00-live-etm-ui.cfapps.eu10-004.hana.ondemand.com/"}
RESULT: {}
RESULT: {"url":"https://qa-testing-00-live-etm-ui.cfapps.eu10-004.hana.ondemand.com/"}
RESULT: undefined
COMMAND: GET /session/700a0ab92761895b5ec9a5372f8d46fb/screenshot - {}
RESULT: {"using":"css selector","value":"#j_username"}
COMMAND: POST /session/700a0ab92761895b5ec9a5372f8d46fb/element - {"using":"css selector","value":"#j_username"}
RESULT: {}
RESULT: {"using":"css selector","value":"#j_username"}
COMMAND: POST /session/700a0ab92761895b5ec9a5372f8d46fb/element - {"using":"css selector","value":"#shell-header-logo"}
RESULT: {"using":"css selector","value":"#shell-header-logo"}
COMMAND: POST /session/700a0ab92761895b5ec9a5372f8d46fb/execute/sync - {"script":"<script> [8489 bytes]","args":[{"element-6066-11e4-a52e-4f735466cecf":"f.647512A71DDA687F9F591F39CAC5A62D.d.AD551B8973637764790FF20AD4742112.e.246","ELEMENT":"f.647512A71DDA687F9F591F39CAC5A62D.d.AD551B8973637764790FF20AD4742112.e.246"}]}
RESULT: {"script":"<script> [8489 bytes]","args":[{"element-6066-11e4-a52e-4f735466cecf":"f.647512A71DDA687F9F591F39CAC5A62D.d.AD551B8973637764790FF20AD4742112.e.246","ELEMENT":"f.647512A71DDA687F9F591F39CAC5A62D.d.AD551B8973637764790FF20AD4742112.e.246"}]}
COMMAND: POST /session/700a0ab92761895b5ec9a5372f8d46fb/element - {"using":"css selector","value":"#shell-header-logo"}
COMMAND: GET /session/700a0ab92761895b5ec9a5372f8d46fb/screenshot - {}
RESULT: {"using":"css selector","value":"#shell-header-logo"}
COMMAND: POST /session/700a0ab92761895b5ec9a5372f8d46fb/execute/sync - {"script":"<script> [8489 bytes]","args":[{"element-6066-11e4-a52e-4f735466cecf":"f.647512A71DDA687F9F591F39CAC5A62D.d.AD551B8973637764790FF20AD4742112.e.246","ELEMENT":"f.647512A71DDA687F9F591F39CAC5A62D.d.AD551B8973637764790FF20AD4742112.e.246"}]}
RESULT: {}
RESULT: {"script":"<script> [8489 bytes]","args":[{"element-6066-11e4-a52e-4f735466cecf":"f.647512A71DDA687F9F591F39CAC5A62D.d.AD551B8973637764790FF20AD4742112.e.246","ELEMENT":"f.647512A71DDA687F9F591F39CAC5A62D.d.AD551B8973637764790FF20AD4742112.e.246"}]}
COMMAND: POST /session/700a0ab92761895b5ec9a5372f8d46fb/execute/sync - {"script":"<script> [5351 bytes]","args":[{"element-6066-11e4-a52e-4f735466cecf":"f.647512A71DDA687F9F591F39CAC5A62D.d.AD551B8973637764790FF20AD4742112.e.246","ELEMENT":"f.647512A71DDA687F9F591F39CAC5A62D.d.AD551B8973637764790FF20AD4742112.e.246"}]}
COMMAND: GET /session/700a0ab92761895b5ec9a5372f8d46fb/screenshot - {}
RESULT: {"script":"<script> [5351 bytes]","args":[{"element-6066-11e4-a52e-4f735466cecf":"f.647512A71DDA687F9F591F39CAC5A62D.d.AD551B8973637764790FF20AD4742112.e.246","ELEMENT":"f.647512A71DDA687F9F591F39CAC5A62D.d.AD551B8973637764790FF20AD4742112.e.246"}]}
COMMAND: POST /session/700a0ab92761895b5ec9a5372f8d46fb/element - {"using":"css selector","value":"#shell-header-logo"}
COMMAND: GET /session/700a0ab92761895b5ec9a5372f8d46fb/screenshot - {}
RESULT: {}
RESULT: {"using":"css selector","value":"#shell-header-logo"}
COMMAND: POST /session/700a0ab92761895b5ec9a5372f8d46fb/element/f.647512A71DDA687F9F591F39CAC5A62D.d.AD551B8973637764790FF20AD4742112.e.246/click - {}
RESULT: {}
RESULT: {}
COMMAND: GET /session/700a0ab92761895b5ec9a5372f8d46fb/screenshot - {}
RESULT: {}
COMMAND: POST /session/700a0ab92761895b5ec9a5372f8d46fb/execute/async - {"script":"<script> [189 bytes]","args":[]}
RESULT: {"script":"<script> [189 bytes]","args":[]}
COMMAND: POST /session/700a0ab92761895b5ec9a5372f8d46fb/execute/async - {"script":"<script> [123 bytes]","args":[]}
RESULT: {"script":"<script> [123 bytes]","args":[]}
COMMAND: POST /session/700a0ab92761895b5ec9a5372f8d46fb/timeouts - {"script":"<number>"}
RESULT: {"script":"<number>"}
COMMAND: GET /session/700a0ab92761895b5ec9a5372f8d46fb/timeouts - {}
RESULT: {}
RESULT: undefined
COMMAND: POST /session/700a0ab92761895b5ec9a5372f8d46fb/execute/async - {"script":"<script> [2676 bytes]","args":[]}
RESULT: {"script":"<script> [2676 bytes]","args":[]}
COMMAND: POST /session/700a0ab92761895b5ec9a5372f8d46fb/execute/async - {"script":"<script> [2342 bytes]","args":[{"protocol":"http","hostname":"0.0.0.0","path":"/","capabilities":{"browserName":"chrome","goog:chromeOptions":{"binary":"C:\\Program Files\\Google\\Chrome\\Application\\chrome.exe","args":["--start-maximized"]}},"logLevel":"warn","connectionRetryTimeout":120000,"connectionRetryCount":3,"logLevels":{},"enableDirectConnect":true,"strictSSL":true,"_":"65 more keys: [\"cacheDir\",\"port\",\"requestedCapabilities\",\"automationProtocol\",\"baseUrl\",\"waitforInterval\",\"waitforTimeout\",\"onReload\",\"beforeCommand\",\"afterCommand\",\"rootDir\",\"specs\",\"suites\",\"exclude\",\"groupLogsByTestSpec\",\"excludeDriverLogs\",\"bail\",\"framework\",\"reporters\",\"services\",\"maxInstances\",\"maxInstancesPerCapability\",\"injectGlobals\",\"filesToWatch\",\"execArgv\",\"runnerEnv\",\"runner\",\"shard\",\"specFileRetries\",\"specFileRetriesDelay\",\"specFileRetriesDeferred\",\"reporterSyncInterval\",\"reporterSyncTimeout\",\"cucumberFeaturesWithLineNumbers\",\"autoCompileOpts\",\"mochaOpts\",\"jasmineOpts\",\"cucumberOpts\",\"onPrepare\",\"onWorkerStart\",\"onWorkerEnd\",\"before\",\"beforeSession\",\"beforeSuite\",\"beforeHook\",\"beforeTest\",\"afterTest\",\"afterHook\",\"afterSuite\",\"afterSession\",\"after\",\"onComplete\",\"beforeAssertion\",\"afterAssertion\",\"beforeFeature\",\"beforeScenario\",\"beforeStep\",\"afterStep\",\"afterScenario\",\"afterFeature\",\"_\",\"suite\",\"$0\",\"ignoredWorkerServices\",\"wdi5\"]"}]}
RESULT: {"script":"<script> [2342 bytes]","args":[{"protocol":"http","hostname":"0.0.0.0","path":"/","capabilities":{"browserName":"chrome","goog:chromeOptions":{"binary":"C:\\Program Files\\Google\\Chrome\\Application\\chrome.exe","args":["--start-maximized"]}},"logLevel":"warn","connectionRetryTimeout":120000,"connectionRetryCount":3,"logLevels":{},"enableDirectConnect":true,"strictSSL":true,"_":"65 more keys: [\"cacheDir\",\"port\",\"requestedCapabilities\",\"automationProtocol\",\"baseUrl\",\"waitforInterval\",\"waitforTimeout\",\"onReload\",\"beforeCommand\",\"afterCommand\",\"rootDir\",\"specs\",\"suites\",\"exclude\",\"groupLogsByTestSpec\",\"excludeDriverLogs\",\"bail\",\"framework\",\"reporters\",\"services\",\"maxInstances\",\"maxInstancesPerCapability\",\"injectGlobals\",\"filesToWatch\",\"execArgv\",\"runnerEnv\",\"runner\",\"shard\",\"specFileRetries\",\"specFileRetriesDelay\",\"specFileRetriesDeferred\",\"reporterSyncInterval\",\"reporterSyncTimeout\",\"cucumberFeaturesWithLineNumbers\",\"autoCompileOpts\",\"mochaOpts\",\"jasmineOpts\",\"cucumberOpts\",\"onPrepare\",\"onWorkerStart\",\"onWorkerEnd\",\"before\",\"beforeSession\",\"beforeSuite\",\"beforeHook\",\"beforeTest\",\"afterTest\",\"afterHook\",\"afterSuite\",\"afterSession\",\"after\",\"onComplete\",\"beforeAssertion\",\"afterAssertion\",\"beforeFeature\",\"beforeScenario\",\"beforeStep\",\"afterStep\",\"afterScenario\",\"afterFeature\",\"_\",\"suite\",\"$0\",\"ignoredWorkerServices\",\"wdi5\"]"}]}
COMMAND: POST /session/700a0ab92761895b5ec9a5372f8d46fb/execute/async - {"script":"<script> [21126 bytes]","args":[35000]}
RESULT: {"script":"<script> [21126 bytes]","args":[35000]}
COMMAND: POST /session/700a0ab92761895b5ec9a5372f8d46fb/window/maximize - {}
RESULT: {}
COMMAND: POST /session/700a0ab92761895b5ec9a5372f8d46fb/execute/async - {"script":"<script> [1562 bytes]","args":[{"selector":{"id":"shell-header","interaction":{"idSuffix":"icon"}},"wdio_ui5_key":"shellheader"}]}
COMMAND: GET /session/700a0ab92761895b5ec9a5372f8d46fb/screenshot - {}
RESULT: {"script":"<script> [1562 bytes]","args":[{"selector":{"id":"shell-header","interaction":{"idSuffix":"icon"}},"wdio_ui5_key":"shellheader"}]}
RESULT: undefined
]]></system-out>
    </testcase>
  </testsuite>
  <testsuite timestamp="2025-04-24T16:19:37" time="723.342" tests="8" failures="3" errors="3" skipped="0">
    <properties>
      <property name="specId" value="0" />
      <property name="suiteName" value="Stock increase - with WHM US125587" />
      <property name="capabilities" value="chrome.135_0_7049_96.windows" />
      <property name="file" value="file:///D:/a/1/s/test/specs/HTR/stock-increase.spec.js" />
    </properties>
    <testcase classname="chrome.135_0_7049_96.windows.Stock_increase_-_with_WHM_US125587" name="Should create a WHM yard" time="93.091">
      <system-out><![CDATA[
COMMAND: POST /session/700a0ab92761895b5ec9a5372f8d46fb/element - {"using":"css selector","value":"#shell-header-logo"}
RESULT: {}
RESULT: {"using":"css selector","value":"#shell-header-logo"}
COMMAND: POST /session/700a0ab92761895b5ec9a5372f8d46fb/element/f.647512A71DDA687F9F591F39CAC5A62D.d.AD551B8973637764790FF20AD4742112.e.246/click - {}
RESULT: {}
COMMAND: GET /session/700a0ab92761895b5ec9a5372f8d46fb/screenshot - {}
RESULT: {}
COMMAND: POST /session/700a0ab92761895b5ec9a5372f8d46fb/execute/async - {"script":"<script> [1562 bytes]","args":[{"selector":{"controlType":"sap.m.GenericTile","properties":{"header":"Manage Yards"}},"wdio_ui5_key":"sapm.GenericTile{\"header\":\"Manage Yards\"}"}]}
RESULT: {"script":"<script> [1562 bytes]","args":[{"selector":{"controlType":"sap.m.GenericTile","properties":{"header":"Manage Yards"}},"wdio_ui5_key":"sapm.GenericTile{\"header\":\"Manage Yards\"}"}]}
RESULT: undefined
COMMAND: POST /session/700a0ab92761895b5ec9a5372f8d46fb/element - {"using":"xpath","value":"//*[@id=\"__tile41\"]"}
RESULT: {"using":"xpath","value":"//*[@id=\"__tile41\"]"}
COMMAND: POST /session/700a0ab92761895b5ec9a5372f8d46fb/element/f.647512A71DDA687F9F591F39CAC5A62D.d.AD551B8973637764790FF20AD4742112.e.253/click - {}
RESULT: {}
COMMAND: GET /session/700a0ab92761895b5ec9a5372f8d46fb/screenshot - {}
RESULT: {}
COMMAND: POST /session/700a0ab92761895b5ec9a5372f8d46fb/execute/async - {"script":"<script> [1562 bytes]","args":[{"selector":{"controlType":"sap.ui.core.Icon","viewName":"etm.portal.ui.manageyards.view.Master","viewId":"application-manageyards-display-component---masterYard","properties":{"src":{"regex":{"source":"add"}}}},"wdio_ui5_key":"etmportal.ui.manageyards.view.Mastersap.ui.core.Icon{\"src\":{\"regex\":{\"source\":\"add\"}}}"}]}
RESULT: {"script":"<script> [1562 bytes]","args":[{"selector":{"controlType":"sap.ui.core.Icon","viewName":"etm.portal.ui.manageyards.view.Master","viewId":"application-manageyards-display-component---masterYard","properties":{"src":{"regex":{"source":"add"}}}},"wdio_ui5_key":"etmportal.ui.manageyards.view.Mastersap.ui.core.Icon{\"src\":{\"regex\":{\"source\":\"add\"}}}"}]}
RESULT: undefined
COMMAND: POST /session/700a0ab92761895b5ec9a5372f8d46fb/element - {"using":"xpath","value":"//*[@id=\"__button4-img\"]"}
RESULT: {"using":"xpath","value":"//*[@id=\"__button4-img\"]"}
COMMAND: POST /session/700a0ab92761895b5ec9a5372f8d46fb/element/f.647512A71DDA687F9F591F39CAC5A62D.d.AD551B8973637764790FF20AD4742112.e.300/click - {}
RESULT: {}
COMMAND: GET /session/700a0ab92761895b5ec9a5372f8d46fb/screenshot - {}
RESULT: {}
COMMAND: POST /session/700a0ab92761895b5ec9a5372f8d46fb/execute/async - {"script":"<script> [1562 bytes]","args":[{"selector":{"id":"application-manageyards-display-component---NewYard--yardId","interaction":{"idSuffix":"inner"}},"wdio_ui5_key":"applicationmanageyards-display-component---NewYard--yardId"}]}
RESULT: {"script":"<script> [1562 bytes]","args":[{"selector":{"id":"application-manageyards-display-component---NewYard--yardId","interaction":{"idSuffix":"inner"}},"wdio_ui5_key":"applicationmanageyards-display-component---NewYard--yardId"}]}
RESULT: undefined
COMMAND: POST /session/700a0ab92761895b5ec9a5372f8d46fb/element - {"using":"xpath","value":"//*[@id=\"application-manageyards-display-component---NewYard--addressDetailDetailsName1-inner\"]"}
RESULT: {"using":"xpath","value":"//*[@id=\"application-manageyards-display-component---NewYard--addressDetailDetailsName1-inner\"]"}
COMMAND: POST /session/700a0ab92761895b5ec9a5372f8d46fb/element/f.647512A71DDA687F9F591F39CAC5A62D.d.AD551B8973637764790FF20AD4742112.e.515/clear - {}
RESULT: {}
COMMAND: POST /session/700a0ab92761895b5ec9a5372f8d46fb/element/f.647512A71DDA687F9F591F39CAC5A62D.d.AD551B8973637764790FF20AD4742112.e.515/value - {"text":"WebdriverWHMYardjuyf6l"}
COMMAND: GET /session/700a0ab92761895b5ec9a5372f8d46fb/screenshot - {}
RESULT: {"text":"WebdriverWHMYardjuyf6l"}
COMMAND: POST /session/700a0ab92761895b5ec9a5372f8d46fb/element - {"using":"xpath","value":"//*[@id=\"application-manageyards-display-component---NewYard--addressDetailDetailsLanguage-inner\"]"}
COMMAND: GET /session/700a0ab92761895b5ec9a5372f8d46fb/screenshot - {}
RESULT: {}
RESULT: {"using":"xpath","value":"//*[@id=\"application-manageyards-display-component---NewYard--addressDetailDetailsLanguage-inner\"]"}
COMMAND: POST /session/700a0ab92761895b5ec9a5372f8d46fb/element/f.647512A71DDA687F9F591F39CAC5A62D.d.AD551B8973637764790FF20AD4742112.e.516/clear - {}
RESULT: {}
RESULT: {}
COMMAND: POST /session/700a0ab92761895b5ec9a5372f8d46fb/element/f.647512A71DDA687F9F591F39CAC5A62D.d.AD551B8973637764790FF20AD4742112.e.516/value - {"text":"Romanian"}
COMMAND: GET /session/700a0ab92761895b5ec9a5372f8d46fb/screenshot - {}
RESULT: {"text":"Romanian"}
COMMAND: GET /session/700a0ab92761895b5ec9a5372f8d46fb/screenshot - {}
RESULT: {}
RESULT: {}
COMMAND: POST /session/700a0ab92761895b5ec9a5372f8d46fb/element - {"using":"xpath","value":"//*[@id=\"application-manageyards-display-component---NewYard--addressDetailDetailsCity1-inner\"]"}
RESULT: {"using":"xpath","value":"//*[@id=\"application-manageyards-display-component---NewYard--addressDetailDetailsCity1-inner\"]"}
COMMAND: POST /session/700a0ab92761895b5ec9a5372f8d46fb/element/f.647512A71DDA687F9F591F39CAC5A62D.d.AD551B8973637764790FF20AD4742112.e.518/clear - {}
RESULT: {}
COMMAND: POST /session/700a0ab92761895b5ec9a5372f8d46fb/element/f.647512A71DDA687F9F591F39CAC5A62D.d.AD551B8973637764790FF20AD4742112.e.518/value - {"text":"Bucuresti"}
COMMAND: GET /session/700a0ab92761895b5ec9a5372f8d46fb/screenshot - {}
RESULT: {"text":"Bucuresti"}
COMMAND: GET /session/700a0ab92761895b5ec9a5372f8d46fb/screenshot - {}
RESULT: {}
RESULT: {}
COMMAND: POST /session/700a0ab92761895b5ec9a5372f8d46fb/element - {"using":"xpath","value":"//*[@id=\"application-manageyards-display-component---NewYard--addressDetailDetailsCountry-inner\"]"}
RESULT: {"using":"xpath","value":"//*[@id=\"application-manageyards-display-component---NewYard--addressDetailDetailsCountry-inner\"]"}
COMMAND: POST /session/700a0ab92761895b5ec9a5372f8d46fb/element/f.647512A71DDA687F9F591F39CAC5A62D.d.AD551B8973637764790FF20AD4742112.e.522/clear - {}
RESULT: {}
COMMAND: POST /session/700a0ab92761895b5ec9a5372f8d46fb/element/f.647512A71DDA687F9F591F39CAC5A62D.d.AD551B8973637764790FF20AD4742112.e.522/value - {"text":"Romania"}
COMMAND: GET /session/700a0ab92761895b5ec9a5372f8d46fb/screenshot - {}
RESULT: {"text":"Romania"}
COMMAND: GET /session/700a0ab92761895b5ec9a5372f8d46fb/screenshot - {}
RESULT: {}
RESULT: {}
COMMAND: POST /session/700a0ab92761895b5ec9a5372f8d46fb/execute/async - {"script":"<script> [1562 bytes]","args":[{"selector":{"controlType":"sap.m.Button","viewName":"etm.portal.ui.manageyards.view.New","viewId":"application-manageyards-display-component---NewYard","properties":{"text":"Commercial"},"interaction":{"idSuffix":"BDI-content"}},"wdio_ui5_key":"etmportal.ui.manageyards.view.Newsap.m.Button{\"text\":\"Commercial\"}"}]}
RESULT: {"script":"<script> [1562 bytes]","args":[{"selector":{"controlType":"sap.m.Button","viewName":"etm.portal.ui.manageyards.view.New","viewId":"application-manageyards-display-component---NewYard","properties":{"text":"Commercial"},"interaction":{"idSuffix":"BDI-content"}},"wdio_ui5_key":"etmportal.ui.manageyards.view.Newsap.m.Button{\"text\":\"Commercial\"}"}]}
RESULT: undefined
COMMAND: POST /session/700a0ab92761895b5ec9a5372f8d46fb/element - {"using":"xpath","value":"//*[@id=\"application-manageyards-display-component---NewYard--ObjectPageLayout-anchBar-__section5-anchor\"]"}
RESULT: {"using":"xpath","value":"//*[@id=\"application-manageyards-display-component---NewYard--ObjectPageLayout-anchBar-__section5-anchor\"]"}
COMMAND: POST /session/700a0ab92761895b5ec9a5372f8d46fb/element/f.647512A71DDA687F9F591F39CAC5A62D.d.AD551B8973637764790FF20AD4742112.e.719/click - {}
RESULT: {}
COMMAND: GET /session/700a0ab92761895b5ec9a5372f8d46fb/screenshot - {}
RESULT: {}
COMMAND: POST /session/700a0ab92761895b5ec9a5372f8d46fb/element - {"using":"xpath","value":"//input[@id='application-manageyards-display-component---NewYard--addressEditDetailsCostObjectCstType-inner']"}
RESULT: {"using":"xpath","value":"//input[@id='application-manageyards-display-component---NewYard--addressEditDetailsCostObjectCstType-inner']"}
COMMAND: POST /session/700a0ab92761895b5ec9a5372f8d46fb/execute/sync - {"script":"<script> [8489 bytes]","args":[{"element-6066-11e4-a52e-4f735466cecf":"f.647512A71DDA687F9F591F39CAC5A62D.d.AD551B8973637764790FF20AD4742112.e.528","ELEMENT":"f.647512A71DDA687F9F591F39CAC5A62D.d.AD551B8973637764790FF20AD4742112.e.528"}]}
RESULT: {"script":"<script> [8489 bytes]","args":[{"element-6066-11e4-a52e-4f735466cecf":"f.647512A71DDA687F9F591F39CAC5A62D.d.AD551B8973637764790FF20AD4742112.e.528","ELEMENT":"f.647512A71DDA687F9F591F39CAC5A62D.d.AD551B8973637764790FF20AD4742112.e.528"}]}
COMMAND: POST /session/700a0ab92761895b5ec9a5372f8d46fb/element/f.647512A71DDA687F9F591F39CAC5A62D.d.AD551B8973637764790FF20AD4742112.e.528/clear - {}
COMMAND: GET /session/700a0ab92761895b5ec9a5372f8d46fb/screenshot - {}
RESULT: {}
COMMAND: POST /session/700a0ab92761895b5ec9a5372f8d46fb/element/f.647512A71DDA687F9F591F39CAC5A62D.d.AD551B8973637764790FF20AD4742112.e.528/value - {"text":"Cost"}
COMMAND: GET /session/700a0ab92761895b5ec9a5372f8d46fb/screenshot - {}
RESULT: {}
RESULT: {"text":"Cost"}
COMMAND: GET /session/700a0ab92761895b5ec9a5372f8d46fb/screenshot - {}
RESULT: {}
RESULT: {}
COMMAND: POST /session/700a0ab92761895b5ec9a5372f8d46fb/execute/async - {"script":"<script> [1562 bytes]","args":[{"selector":{"id":"application-manageyards-display-component---NewYard--addressNewCostObjectCstID","interaction":{"idSuffix":"inner"}},"wdio_ui5_key":"applicationmanageyards-display-component---NewYard--addressNewCostObjectCstID"}]}
RESULT: {"script":"<script> [1562 bytes]","args":[{"selector":{"id":"application-manageyards-display-component---NewYard--addressNewCostObjectCstID","interaction":{"idSuffix":"inner"}},"wdio_ui5_key":"applicationmanageyards-display-component---NewYard--addressNewCostObjectCstID"}]}
RESULT: undefined
COMMAND: POST /session/700a0ab92761895b5ec9a5372f8d46fb/execute/async - {"script":"<script> [776 bytes]","args":[{"enterText":"10001013","selector":{"id":"application-manageyards-display-component---NewYard--addressNewCostObjectCstID","interaction":{"idSuffix":"inner"}},"clearTextFirst":true,"interactionType":"ENTER_TEXT"}]}
RESULT: {"script":"<script> [776 bytes]","args":[{"enterText":"10001013","selector":{"id":"application-manageyards-display-component---NewYard--addressNewCostObjectCstID","interaction":{"idSuffix":"inner"}},"clearTextFirst":true,"interactionType":"ENTER_TEXT"}]}
COMMAND: POST /session/700a0ab92761895b5ec9a5372f8d46fb/actions - {"actions":[{"id":"action3","type":"key","parameters":{},"actions":[{"type":"keyDown","value":"î€‡"},{"type":"pause","duration":10},{"type":"keyUp","value":"î€‡"}]}]}
RESULT: {"actions":[{"id":"action3","type":"key","parameters":{},"actions":[{"type":"keyDown","value":"î€‡"},{"type":"pause","duration":10},{"type":"keyUp","value":"î€‡"}]}]}
COMMAND: POST /session/700a0ab92761895b5ec9a5372f8d46fb/execute/async - {"script":"<script> [1562 bytes]","args":[{"selector":{"id":"application-manageyards-display-component---NewYard--addressEditDetailsCurrency","interaction":{"idSuffix":"inner"}},"wdio_ui5_key":"applicationmanageyards-display-component---NewYard--addressEditDetailsCurrency"}]}
COMMAND: GET /session/700a0ab92761895b5ec9a5372f8d46fb/screenshot - {}
RESULT: {"script":"<script> [1562 bytes]","args":[{"selector":{"id":"application-manageyards-display-component---NewYard--addressEditDetailsCurrency","interaction":{"idSuffix":"inner"}},"wdio_ui5_key":"applicationmanageyards-display-component---NewYard--addressEditDetailsCurrency"}]}
RESULT: undefined
COMMAND: POST /session/700a0ab92761895b5ec9a5372f8d46fb/execute/async - {"script":"<script> [776 bytes]","args":[{"enterText":"Euro","selector":{"id":"application-manageyards-display-component---NewYard--addressEditDetailsCurrency","interaction":{"idSuffix":"inner"}},"clearTextFirst":true,"interactionType":"ENTER_TEXT"}]}
RESULT: {}
RESULT: {"script":"<script> [776 bytes]","args":[{"enterText":"Euro","selector":{"id":"application-manageyards-display-component---NewYard--addressEditDetailsCurrency","interaction":{"idSuffix":"inner"}},"clearTextFirst":true,"interactionType":"ENTER_TEXT"}]}
COMMAND: POST /session/700a0ab92761895b5ec9a5372f8d46fb/execute/async - {"script":"<script> [1562 bytes]","args":[{"selector":{"controlType":"sap.m.Input","viewName":"etm.portal.ui.manageyards.view.New","viewId":"application-manageyards-display-component---NewYard","bindingPath":{"path":"","propertyPath":"/CONTROLLING_AREA","modelName":"NewYardModel"},"interaction":{"idSuffix":"inner"}},"wdio_ui5_key":"etmportal.ui.manageyards.view.Newsap.m.Input{\"path\":\"\",\"propertyPath\":\"/CONTROLLING_AREA\",\"modelName\":\"NewYardModel\"}"}]}
RESULT: {"script":"<script> [1562 bytes]","args":[{"selector":{"controlType":"sap.m.Input","viewName":"etm.portal.ui.manageyards.view.New","viewId":"application-manageyards-display-component---NewYard","bindingPath":{"path":"","propertyPath":"/CONTROLLING_AREA","modelName":"NewYardModel"},"interaction":{"idSuffix":"inner"}},"wdio_ui5_key":"etmportal.ui.manageyards.view.Newsap.m.Input{\"path\":\"\",\"propertyPath\":\"/CONTROLLING_AREA\",\"modelName\":\"NewYardModel\"}"}]}
RESULT: undefined
COMMAND: POST /session/700a0ab92761895b5ec9a5372f8d46fb/execute/async - {"script":"<script> [776 bytes]","args":[{"enterText":"Z001","selector":{"controlType":"sap.m.Input","viewName":"etm.portal.ui.manageyards.view.New","viewId":"application-manageyards-display-component---NewYard","bindingPath":{"path":"","propertyPath":"/CONTROLLING_AREA","modelName":"NewYardModel"},"interaction":{"idSuffix":"inner"}},"clearTextFirst":true,"interactionType":"ENTER_TEXT"}]}
RESULT: {"script":"<script> [776 bytes]","args":[{"enterText":"Z001","selector":{"controlType":"sap.m.Input","viewName":"etm.portal.ui.manageyards.view.New","viewId":"application-manageyards-display-component---NewYard","bindingPath":{"path":"","propertyPath":"/CONTROLLING_AREA","modelName":"NewYardModel"},"interaction":{"idSuffix":"inner"}},"clearTextFirst":true,"interactionType":"ENTER_TEXT"}]}
COMMAND: POST /session/700a0ab92761895b5ec9a5372f8d46fb/execute/async - {"script":"<script> [1562 bytes]","args":[{"selector":{"id":"application-manageyards-display-component---NewYard--companyCodeComboBox","interaction":{"idSuffix":"inner"}},"wdio_ui5_key":"applicationmanageyards-display-component---NewYard--companyCodeComboBox"}]}
RESULT: {"script":"<script> [1562 bytes]","args":[{"selector":{"id":"application-manageyards-display-component---NewYard--companyCodeComboBox","interaction":{"idSuffix":"inner"}},"wdio_ui5_key":"applicationmanageyards-display-component---NewYard--companyCodeComboBox"}]}
RESULT: undefined
COMMAND: POST /session/700a0ab92761895b5ec9a5372f8d46fb/execute/async - {"script":"<script> [776 bytes]","args":[{"enterText":"1000","selector":{"id":"application-manageyards-display-component---NewYard--companyCodeComboBox","interaction":{"idSuffix":"inner"}},"clearTextFirst":true,"interactionType":"ENTER_TEXT"}]}
RESULT: {"script":"<script> [776 bytes]","args":[{"enterText":"1000","selector":{"id":"application-manageyards-display-component---NewYard--companyCodeComboBox","interaction":{"idSuffix":"inner"}},"clearTextFirst":true,"interactionType":"ENTER_TEXT"}]}
COMMAND: POST /session/700a0ab92761895b5ec9a5372f8d46fb/actions - {"actions":[{"id":"action4","type":"key","parameters":{},"actions":[{"type":"keyDown","value":"î€‡"},{"type":"pause","duration":10},{"type":"keyUp","value":"î€‡"}]}]}
RESULT: {"actions":[{"id":"action4","type":"key","parameters":{},"actions":[{"type":"keyDown","value":"î€‡"},{"type":"pause","duration":10},{"type":"keyUp","value":"î€‡"}]}]}
COMMAND: POST /session/700a0ab92761895b5ec9a5372f8d46fb/execute/async - {"script":"<script> [1562 bytes]","args":[{"selector":{"controlType":"sap.m.Input","viewName":"etm.portal.ui.manageyards.view.New","viewId":"application-manageyards-display-component---NewYard","bindingPath":{"path":"","propertyPath":"/PLANT","modelName":"NewYardModel"},"interaction":{"idSuffix":"inner"}},"wdio_ui5_key":"etmportal.ui.manageyards.view.Newsap.m.Input{\"path\":\"\",\"propertyPath\":\"/PLANT\",\"modelName\":\"NewYardModel\"}"}]}
COMMAND: GET /session/700a0ab92761895b5ec9a5372f8d46fb/screenshot - {}
RESULT: {"script":"<script> [1562 bytes]","args":[{"selector":{"controlType":"sap.m.Input","viewName":"etm.portal.ui.manageyards.view.New","viewId":"application-manageyards-display-component---NewYard","bindingPath":{"path":"","propertyPath":"/PLANT","modelName":"NewYardModel"},"interaction":{"idSuffix":"inner"}},"wdio_ui5_key":"etmportal.ui.manageyards.view.Newsap.m.Input{\"path\":\"\",\"propertyPath\":\"/PLANT\",\"modelName\":\"NewYardModel\"}"}]}
RESULT: undefined
COMMAND: POST /session/700a0ab92761895b5ec9a5372f8d46fb/execute/async - {"script":"<script> [776 bytes]","args":[{"enterText":"1001","selector":{"controlType":"sap.m.Input","viewName":"etm.portal.ui.manageyards.view.New","viewId":"application-manageyards-display-component---NewYard","bindingPath":{"path":"","propertyPath":"/PLANT","modelName":"NewYardModel"},"interaction":{"idSuffix":"inner"}},"clearTextFirst":true,"interactionType":"ENTER_TEXT"}]}
RESULT: {}
RESULT: {"script":"<script> [776 bytes]","args":[{"enterText":"1001","selector":{"controlType":"sap.m.Input","viewName":"etm.portal.ui.manageyards.view.New","viewId":"application-manageyards-display-component---NewYard","bindingPath":{"path":"","propertyPath":"/PLANT","modelName":"NewYardModel"},"interaction":{"idSuffix":"inner"}},"clearTextFirst":true,"interactionType":"ENTER_TEXT"}]}
COMMAND: POST /session/700a0ab92761895b5ec9a5372f8d46fb/execute/async - {"script":"<script> [1562 bytes]","args":[{"selector":{"controlType":"sap.m.Input","viewName":"etm.portal.ui.manageyards.view.New","viewId":"application-manageyards-display-component---NewYard","bindingPath":{"path":"","propertyPath":"/SALES_AREA_VKORG","modelName":"NewYardModel"},"interaction":{"idSuffix":"inner"}},"wdio_ui5_key":"etmportal.ui.manageyards.view.Newsap.m.Input{\"path\":\"\",\"propertyPath\":\"/SALES_AREA_VKORG\",\"modelName\":\"NewYardModel\"}"}]}
RESULT: {"script":"<script> [1562 bytes]","args":[{"selector":{"controlType":"sap.m.Input","viewName":"etm.portal.ui.manageyards.view.New","viewId":"application-manageyards-display-component---NewYard","bindingPath":{"path":"","propertyPath":"/SALES_AREA_VKORG","modelName":"NewYardModel"},"interaction":{"idSuffix":"inner"}},"wdio_ui5_key":"etmportal.ui.manageyards.view.Newsap.m.Input{\"path\":\"\",\"propertyPath\":\"/SALES_AREA_VKORG\",\"modelName\":\"NewYardModel\"}"}]}
RESULT: undefined
COMMAND: POST /session/700a0ab92761895b5ec9a5372f8d46fb/execute/async - {"script":"<script> [776 bytes]","args":[{"enterText":"C002","selector":{"controlType":"sap.m.Input","viewName":"etm.portal.ui.manageyards.view.New","viewId":"application-manageyards-display-component---NewYard","bindingPath":{"path":"","propertyPath":"/SALES_AREA_VKORG","modelName":"NewYardModel"},"interaction":{"idSuffix":"inner"}},"clearTextFirst":true,"interactionType":"ENTER_TEXT"}]}
RESULT: {"script":"<script> [776 bytes]","args":[{"enterText":"C002","selector":{"controlType":"sap.m.Input","viewName":"etm.portal.ui.manageyards.view.New","viewId":"application-manageyards-display-component---NewYard","bindingPath":{"path":"","propertyPath":"/SALES_AREA_VKORG","modelName":"NewYardModel"},"interaction":{"idSuffix":"inner"}},"clearTextFirst":true,"interactionType":"ENTER_TEXT"}]}
COMMAND: POST /session/700a0ab92761895b5ec9a5372f8d46fb/execute/async - {"script":"<script> [1562 bytes]","args":[{"selector":{"controlType":"sap.m.Input","viewName":"etm.portal.ui.manageyards.view.New","viewId":"application-manageyards-display-component---NewYard","bindingPath":{"path":"","propertyPath":"/SALES_AREA_VTWEG","modelName":"NewYardModel"},"interaction":{"idSuffix":"inner"}},"wdio_ui5_key":"etmportal.ui.manageyards.view.Newsap.m.Input{\"path\":\"\",\"propertyPath\":\"/SALES_AREA_VTWEG\",\"modelName\":\"NewYardModel\"}"}]}
RESULT: {"script":"<script> [1562 bytes]","args":[{"selector":{"controlType":"sap.m.Input","viewName":"etm.portal.ui.manageyards.view.New","viewId":"application-manageyards-display-component---NewYard","bindingPath":{"path":"","propertyPath":"/SALES_AREA_VTWEG","modelName":"NewYardModel"},"interaction":{"idSuffix":"inner"}},"wdio_ui5_key":"etmportal.ui.manageyards.view.Newsap.m.Input{\"path\":\"\",\"propertyPath\":\"/SALES_AREA_VTWEG\",\"modelName\":\"NewYardModel\"}"}]}
RESULT: undefined
COMMAND: POST /session/700a0ab92761895b5ec9a5372f8d46fb/execute/async - {"script":"<script> [776 bytes]","args":[{"enterText":"C2","selector":{"controlType":"sap.m.Input","viewName":"etm.portal.ui.manageyards.view.New","viewId":"application-manageyards-display-component---NewYard","bindingPath":{"path":"","propertyPath":"/SALES_AREA_VTWEG","modelName":"NewYardModel"},"interaction":{"idSuffix":"inner"}},"clearTextFirst":true,"interactionType":"ENTER_TEXT"}]}
RESULT: {"script":"<script> [776 bytes]","args":[{"enterText":"C2","selector":{"controlType":"sap.m.Input","viewName":"etm.portal.ui.manageyards.view.New","viewId":"application-manageyards-display-component---NewYard","bindingPath":{"path":"","propertyPath":"/SALES_AREA_VTWEG","modelName":"NewYardModel"},"interaction":{"idSuffix":"inner"}},"clearTextFirst":true,"interactionType":"ENTER_TEXT"}]}
COMMAND: POST /session/700a0ab92761895b5ec9a5372f8d46fb/execute/async - {"script":"<script> [1562 bytes]","args":[{"selector":{"controlType":"sap.m.Input","viewName":"etm.portal.ui.manageyards.view.New","viewId":"application-manageyards-display-component---NewYard","bindingPath":{"path":"","propertyPath":"/SALES_AREA_SPART","modelName":"NewYardModel"},"interaction":{"idSuffix":"inner"}},"wdio_ui5_key":"etmportal.ui.manageyards.view.Newsap.m.Input{\"path\":\"\",\"propertyPath\":\"/SALES_AREA_SPART\",\"modelName\":\"NewYardModel\"}"}]}
RESULT: {"script":"<script> [1562 bytes]","args":[{"selector":{"controlType":"sap.m.Input","viewName":"etm.portal.ui.manageyards.view.New","viewId":"application-manageyards-display-component---NewYard","bindingPath":{"path":"","propertyPath":"/SALES_AREA_SPART","modelName":"NewYardModel"},"interaction":{"idSuffix":"inner"}},"wdio_ui5_key":"etmportal.ui.manageyards.view.Newsap.m.Input{\"path\":\"\",\"propertyPath\":\"/SALES_AREA_SPART\",\"modelName\":\"NewYardModel\"}"}]}
RESULT: undefined
COMMAND: POST /session/700a0ab92761895b5ec9a5372f8d46fb/execute/async - {"script":"<script> [776 bytes]","args":[{"enterText":"C2","selector":{"controlType":"sap.m.Input","viewName":"etm.portal.ui.manageyards.view.New","viewId":"application-manageyards-display-component---NewYard","bindingPath":{"path":"","propertyPath":"/SALES_AREA_SPART","modelName":"NewYardModel"},"interaction":{"idSuffix":"inner"}},"clearTextFirst":true,"interactionType":"ENTER_TEXT"}]}
RESULT: {"script":"<script> [776 bytes]","args":[{"enterText":"C2","selector":{"controlType":"sap.m.Input","viewName":"etm.portal.ui.manageyards.view.New","viewId":"application-manageyards-display-component---NewYard","bindingPath":{"path":"","propertyPath":"/SALES_AREA_SPART","modelName":"NewYardModel"},"interaction":{"idSuffix":"inner"}},"clearTextFirst":true,"interactionType":"ENTER_TEXT"}]}
COMMAND: POST /session/700a0ab92761895b5ec9a5372f8d46fb/execute/async - {"script":"<script> [1562 bytes]","args":[{"selector":{"id":"application-manageyards-display-component---NewYard--whmCheckBox","interaction":{"idSuffix":"CbBg"}},"wdio_ui5_key":"applicationmanageyards-display-component---NewYard--whmCheckBox"}]}
RESULT: {"script":"<script> [1562 bytes]","args":[{"selector":{"id":"application-manageyards-display-component---NewYard--whmCheckBox","interaction":{"idSuffix":"CbBg"}},"wdio_ui5_key":"applicationmanageyards-display-component---NewYard--whmCheckBox"}]}
RESULT: undefined
COMMAND: POST /session/700a0ab92761895b5ec9a5372f8d46fb/element - {"using":"xpath","value":"//*[@id=\"application-manageyards-display-component---NewYard--whmCheckBox\"]"}
RESULT: {"using":"xpath","value":"//*[@id=\"application-manageyards-display-component---NewYard--whmCheckBox\"]"}
COMMAND: POST /session/700a0ab92761895b5ec9a5372f8d46fb/element/f.647512A71DDA687F9F591F39CAC5A62D.d.AD551B8973637764790FF20AD4742112.e.751/click - {}
RESULT: {}
COMMAND: POST /session/700a0ab92761895b5ec9a5372f8d46fb/execute/async - {"script":"<script> [1562 bytes]","args":[{"selector":{"controlType":"sap.m.Button","viewName":"etm.portal.ui.manageyards.view.New","viewId":"application-manageyards-display-component---NewYard","i18NText":{"propertyName":"text","key":"save"},"interaction":{"idSuffix":"inner"}},"wdio_ui5_key":"etmportal.ui.manageyards.view.Newsap.m.Button{\"propertyName\":\"text\",\"key\":\"save\"}"}]}
COMMAND: GET /session/700a0ab92761895b5ec9a5372f8d46fb/screenshot - {}
RESULT: {"script":"<script> [1562 bytes]","args":[{"selector":{"controlType":"sap.m.Button","viewName":"etm.portal.ui.manageyards.view.New","viewId":"application-manageyards-display-component---NewYard","i18NText":{"propertyName":"text","key":"save"},"interaction":{"idSuffix":"inner"}},"wdio_ui5_key":"etmportal.ui.manageyards.view.Newsap.m.Button{\"propertyName\":\"text\",\"key\":\"save\"}"}]}
RESULT: undefined
COMMAND: POST /session/700a0ab92761895b5ec9a5372f8d46fb/element - {"using":"xpath","value":"//*[@id=\"__button18\"]"}
RESULT: {}
RESULT: {"using":"xpath","value":"//*[@id=\"__button18\"]"}
COMMAND: POST /session/700a0ab92761895b5ec9a5372f8d46fb/element/f.647512A71DDA687F9F591F39CAC5A62D.d.AD551B8973637764790FF20AD4742112.e.682/click - {}
RESULT: {}
COMMAND: GET /session/700a0ab92761895b5ec9a5372f8d46fb/screenshot - {}
RESULT: {}
COMMAND: POST /session/700a0ab92761895b5ec9a5372f8d46fb/element - {"using":"xpath","value":"//header/div/div/div/div/div/div[2]/div/span"}
RESULT: {"using":"xpath","value":"//header/div/div/div/div/div/div[2]/div/span"}
COMMAND: GET /session/700a0ab92761895b5ec9a5372f8d46fb/element/f.647512A71DDA687F9F591F39CAC5A62D.d.AD551B8973637764790FF20AD4742112.e.946/text - {}
RESULT: {}
COMMAND: POST /session/700a0ab92761895b5ec9a5372f8d46fb/element - {"using":"xpath","value":"//header/div/div[2]/div[2]/span"}
RESULT: {"using":"xpath","value":"//header/div/div[2]/div[2]/span"}
COMMAND: GET /session/700a0ab92761895b5ec9a5372f8d46fb/element/f.647512A71DDA687F9F591F39CAC5A62D.d.AD551B8973637764790FF20AD4742112.e.947/text - {}
RESULT: {}
]]></system-out>
    </testcase>
    <testcase classname="chrome.135_0_7049_96.windows.Stock_increase_-_with_WHM_US125587" name="Should create new whm partner" time="108.084">
      <system-out><![CDATA[
COMMAND: POST /session/700a0ab92761895b5ec9a5372f8d46fb/element - {"using":"css selector","value":"#shell-header-logo"}
RESULT: {"using":"css selector","value":"#shell-header-logo"}
COMMAND: POST /session/700a0ab92761895b5ec9a5372f8d46fb/element/f.647512A71DDA687F9F591F39CAC5A62D.d.AD551B8973637764790FF20AD4742112.e.246/click - {}
RESULT: {}
COMMAND: GET /session/700a0ab92761895b5ec9a5372f8d46fb/screenshot - {}
RESULT: {}
COMMAND: POST /session/700a0ab92761895b5ec9a5372f8d46fb/execute/async - {"script":"<script> [1562 bytes]","args":[{"selector":{"controlType":"sap.m.GenericTile","properties":{"header":"Manage Partners"}},"wdio_ui5_key":"sapm.GenericTile{\"header\":\"Manage Partners\"}"}]}
RESULT: {"script":"<script> [1562 bytes]","args":[{"selector":{"controlType":"sap.m.GenericTile","properties":{"header":"Manage Partners"}},"wdio_ui5_key":"sapm.GenericTile{\"header\":\"Manage Partners\"}"}]}
RESULT: undefined
COMMAND: POST /session/700a0ab92761895b5ec9a5372f8d46fb/element - {"using":"xpath","value":"//*[@id=\"__tile38\"]"}
RESULT: {"using":"xpath","value":"//*[@id=\"__tile38\"]"}
COMMAND: POST /session/700a0ab92761895b5ec9a5372f8d46fb/element/f.647512A71DDA687F9F591F39CAC5A62D.d.AD551B8973637764790FF20AD4742112.e.949/click - {}
RESULT: {}
COMMAND: GET /session/700a0ab92761895b5ec9a5372f8d46fb/screenshot - {}
RESULT: {}
COMMAND: POST /session/700a0ab92761895b5ec9a5372f8d46fb/refresh - {}
RESULT: {}
COMMAND: GET /session/700a0ab92761895b5ec9a5372f8d46fb/screenshot - {}
RESULT: {}
COMMAND: POST /session/700a0ab92761895b5ec9a5372f8d46fb/refresh - {}
RESULT: {}
COMMAND: GET /session/700a0ab92761895b5ec9a5372f8d46fb/screenshot - {}
RESULT: {}
COMMAND: POST /session/700a0ab92761895b5ec9a5372f8d46fb/window/fullscreen - {}
RESULT: {}
COMMAND: POST /session/700a0ab92761895b5ec9a5372f8d46fb/execute/async - {"script":"<script> [189 bytes]","args":[]}
RESULT: {"script":"<script> [189 bytes]","args":[]}
COMMAND: POST /session/700a0ab92761895b5ec9a5372f8d46fb/execute/async - {"script":"<script> [123 bytes]","args":[]}
RESULT: {"script":"<script> [123 bytes]","args":[]}
COMMAND: POST /session/700a0ab92761895b5ec9a5372f8d46fb/timeouts - {"script":"<number>"}
RESULT: {"script":"<number>"}
COMMAND: GET /session/700a0ab92761895b5ec9a5372f8d46fb/timeouts - {}
RESULT: {}
RESULT: undefined
COMMAND: POST /session/700a0ab92761895b5ec9a5372f8d46fb/execute/async - {"script":"<script> [2676 bytes]","args":[]}
RESULT: {"script":"<script> [2676 bytes]","args":[]}
COMMAND: POST /session/700a0ab92761895b5ec9a5372f8d46fb/execute/async - {"script":"<script> [2342 bytes]","args":[{"protocol":"http","hostname":"0.0.0.0","path":"/","capabilities":{"browserName":"chrome","goog:chromeOptions":{"binary":"C:\\Program Files\\Google\\Chrome\\Application\\chrome.exe","args":["--start-maximized"]}},"logLevel":"warn","connectionRetryTimeout":120000,"connectionRetryCount":3,"logLevels":{},"enableDirectConnect":true,"strictSSL":true,"_":"65 more keys: [\"cacheDir\",\"port\",\"requestedCapabilities\",\"automationProtocol\",\"baseUrl\",\"waitforInterval\",\"waitforTimeout\",\"onReload\",\"beforeCommand\",\"afterCommand\",\"rootDir\",\"specs\",\"suites\",\"exclude\",\"groupLogsByTestSpec\",\"excludeDriverLogs\",\"bail\",\"framework\",\"reporters\",\"services\",\"maxInstances\",\"maxInstancesPerCapability\",\"injectGlobals\",\"filesToWatch\",\"execArgv\",\"runnerEnv\",\"runner\",\"shard\",\"specFileRetries\",\"specFileRetriesDelay\",\"specFileRetriesDeferred\",\"reporterSyncInterval\",\"reporterSyncTimeout\",\"cucumberFeaturesWithLineNumbers\",\"autoCompileOpts\",\"mochaOpts\",\"jasmineOpts\",\"cucumberOpts\",\"onPrepare\",\"onWorkerStart\",\"onWorkerEnd\",\"before\",\"beforeSession\",\"beforeSuite\",\"beforeHook\",\"beforeTest\",\"afterTest\",\"afterHook\",\"afterSuite\",\"afterSession\",\"after\",\"onComplete\",\"beforeAssertion\",\"afterAssertion\",\"beforeFeature\",\"beforeScenario\",\"beforeStep\",\"afterStep\",\"afterScenario\",\"afterFeature\",\"_\",\"suite\",\"$0\",\"ignoredWorkerServices\",\"wdi5\"]"}]}
RESULT: {"script":"<script> [2342 bytes]","args":[{"protocol":"http","hostname":"0.0.0.0","path":"/","capabilities":{"browserName":"chrome","goog:chromeOptions":{"binary":"C:\\Program Files\\Google\\Chrome\\Application\\chrome.exe","args":["--start-maximized"]}},"logLevel":"warn","connectionRetryTimeout":120000,"connectionRetryCount":3,"logLevels":{},"enableDirectConnect":true,"strictSSL":true,"_":"65 more keys: [\"cacheDir\",\"port\",\"requestedCapabilities\",\"automationProtocol\",\"baseUrl\",\"waitforInterval\",\"waitforTimeout\",\"onReload\",\"beforeCommand\",\"afterCommand\",\"rootDir\",\"specs\",\"suites\",\"exclude\",\"groupLogsByTestSpec\",\"excludeDriverLogs\",\"bail\",\"framework\",\"reporters\",\"services\",\"maxInstances\",\"maxInstancesPerCapability\",\"injectGlobals\",\"filesToWatch\",\"execArgv\",\"runnerEnv\",\"runner\",\"shard\",\"specFileRetries\",\"specFileRetriesDelay\",\"specFileRetriesDeferred\",\"reporterSyncInterval\",\"reporterSyncTimeout\",\"cucumberFeaturesWithLineNumbers\",\"autoCompileOpts\",\"mochaOpts\",\"jasmineOpts\",\"cucumberOpts\",\"onPrepare\",\"onWorkerStart\",\"onWorkerEnd\",\"before\",\"beforeSession\",\"beforeSuite\",\"beforeHook\",\"beforeTest\",\"afterTest\",\"afterHook\",\"afterSuite\",\"afterSession\",\"after\",\"onComplete\",\"beforeAssertion\",\"afterAssertion\",\"beforeFeature\",\"beforeScenario\",\"beforeStep\",\"afterStep\",\"afterScenario\",\"afterFeature\",\"_\",\"suite\",\"$0\",\"ignoredWorkerServices\",\"wdi5\"]"}]}
COMMAND: POST /session/700a0ab92761895b5ec9a5372f8d46fb/execute/async - {"script":"<script> [21126 bytes]","args":[35000]}
RESULT: {"script":"<script> [21126 bytes]","args":[35000]}
COMMAND: POST /session/700a0ab92761895b5ec9a5372f8d46fb/execute/async - {"script":"<script> [1562 bytes]","args":[{"selector":{"controlType":"sap.ui.core.Icon","viewName":"etm.portal.ui.managepartners.view.Master","viewId":"application-managepartners-display-component---masterPtm","properties":{"src":{"regex":{"source":"add"}}}},"wdio_ui5_key":"etmportal.ui.managepartners.view.Mastersap.ui.core.Icon{\"src\":{\"regex\":{\"source\":\"add\"}}}"}]}
RESULT: {"script":"<script> [1562 bytes]","args":[{"selector":{"controlType":"sap.ui.core.Icon","viewName":"etm.portal.ui.managepartners.view.Master","viewId":"application-managepartners-display-component---masterPtm","properties":{"src":{"regex":{"source":"add"}}}},"wdio_ui5_key":"etmportal.ui.managepartners.view.Mastersap.ui.core.Icon{\"src\":{\"regex\":{\"source\":\"add\"}}}"}]}
RESULT: undefined
COMMAND: POST /session/700a0ab92761895b5ec9a5372f8d46fb/element - {"using":"xpath","value":"//*[@id=\"__button2-img\"]"}
RESULT: {"using":"xpath","value":"//*[@id=\"__button2-img\"]"}
COMMAND: POST /session/700a0ab92761895b5ec9a5372f8d46fb/element/f.647512A71DDA687F9F591F39CAC5A62D.d.320506C734F8D0B27C89771EA82C4157.e.1215/click - {}
RESULT: {}
COMMAND: GET /session/700a0ab92761895b5ec9a5372f8d46fb/screenshot - {}
RESULT: {}
COMMAND: POST /session/700a0ab92761895b5ec9a5372f8d46fb/execute/async - {"script":"<script> [1562 bytes]","args":[{"selector":{"controlType":"sap.m.Title","viewName":"etm.portal.ui.managepartners.view.NewPartner","viewId":"application-managepartners-display-component---NewPartner","i18NText":{"propertyName":"text","key":"newPartner"},"interaction":{"idSuffix":"inner"}},"wdio_ui5_key":"etmportal.ui.managepartners.view.NewPartnersap.m.Title{\"propertyName\":\"text\",\"key\":\"newPartner\"}"}]}
RESULT: {"script":"<script> [1562 bytes]","args":[{"selector":{"controlType":"sap.m.Title","viewName":"etm.portal.ui.managepartners.view.NewPartner","viewId":"application-managepartners-display-component---NewPartner","i18NText":{"propertyName":"text","key":"newPartner"},"interaction":{"idSuffix":"inner"}},"wdio_ui5_key":"etmportal.ui.managepartners.view.NewPartnersap.m.Title{\"propertyName\":\"text\",\"key\":\"newPartner\"}"}]}
RESULT: undefined
COMMAND: POST /session/700a0ab92761895b5ec9a5372f8d46fb/execute/async - {"script":"<script> [6424 bytes]","args":[{"element-6066-11e4-a52e-4f735466cecf":"f.647512A71DDA687F9F591F39CAC5A62D.d.320506C734F8D0B27C89771EA82C4157.e.1651"},"getText",[]]}
RESULT: {"script":"<script> [6424 bytes]","args":[{"element-6066-11e4-a52e-4f735466cecf":"f.647512A71DDA687F9F591F39CAC5A62D.d.320506C734F8D0B27C89771EA82C4157.e.1651"},"getText",[]]}
COMMAND: POST /session/700a0ab92761895b5ec9a5372f8d46fb/execute/async - {"script":"<script> [1562 bytes]","args":[{"selector":{"id":"application-managepartners-display-component---NewPartner--partnerId","interaction":{"idSuffix":"inner"}},"wdio_ui5_key":"applicationmanagepartners-display-component---NewPartner--partnerId"}]}
RESULT: {"script":"<script> [1562 bytes]","args":[{"selector":{"id":"application-managepartners-display-component---NewPartner--partnerId","interaction":{"idSuffix":"inner"}},"wdio_ui5_key":"applicationmanagepartners-display-component---NewPartner--partnerId"}]}
RESULT: undefined
COMMAND: POST /session/700a0ab92761895b5ec9a5372f8d46fb/execute/async - {"script":"<script> [1562 bytes]","args":[{"selector":{"id":"application-managepartners-display-component---NewPartner--addressDetailDetailsName1","interaction":{"idSuffix":"inner"}},"wdio_ui5_key":"applicationmanagepartners-display-component---NewPartner--addressDetailDetailsName1"}]}
RESULT: {"script":"<script> [1562 bytes]","args":[{"selector":{"id":"application-managepartners-display-component---NewPartner--addressDetailDetailsName1","interaction":{"idSuffix":"inner"}},"wdio_ui5_key":"applicationmanagepartners-display-component---NewPartner--addressDetailDetailsName1"}]}
RESULT: undefined
COMMAND: POST /session/700a0ab92761895b5ec9a5372f8d46fb/execute/async - {"script":"<script> [776 bytes]","args":[{"enterText":"WebdriverWHMPartnerjuyf6l","selector":{"id":"application-managepartners-display-component---NewPartner--addressDetailDetailsName1","interaction":{"idSuffix":"inner"}},"clearTextFirst":true,"interactionType":"ENTER_TEXT"}]}
RESULT: {"script":"<script> [776 bytes]","args":[{"enterText":"WebdriverWHMPartnerjuyf6l","selector":{"id":"application-managepartners-display-component---NewPartner--addressDetailDetailsName1","interaction":{"idSuffix":"inner"}},"clearTextFirst":true,"interactionType":"ENTER_TEXT"}]}
COMMAND: POST /session/700a0ab92761895b5ec9a5372f8d46fb/execute/async - {"script":"<script> [1562 bytes]","args":[{"selector":{"id":"application-managepartners-display-component---NewPartner--addressDetailDetailsLanguage","interaction":{"idSuffix":"inner"}},"wdio_ui5_key":"applicationmanagepartners-display-component---NewPartner--addressDetailDetailsLanguage"}]}
RESULT: {"script":"<script> [1562 bytes]","args":[{"selector":{"id":"application-managepartners-display-component---NewPartner--addressDetailDetailsLanguage","interaction":{"idSuffix":"inner"}},"wdio_ui5_key":"applicationmanagepartners-display-component---NewPartner--addressDetailDetailsLanguage"}]}
RESULT: undefined
COMMAND: POST /session/700a0ab92761895b5ec9a5372f8d46fb/execute/async - {"script":"<script> [776 bytes]","args":[{"enterText":"Romanian","selector":{"id":"application-managepartners-display-component---NewPartner--addressDetailDetailsLanguage","interaction":{"idSuffix":"inner"}},"clearTextFirst":true,"interactionType":"ENTER_TEXT"}]}
RESULT: {"script":"<script> [776 bytes]","args":[{"enterText":"Romanian","selector":{"id":"application-managepartners-display-component---NewPartner--addressDetailDetailsLanguage","interaction":{"idSuffix":"inner"}},"clearTextFirst":true,"interactionType":"ENTER_TEXT"}]}
COMMAND: POST /session/700a0ab92761895b5ec9a5372f8d46fb/execute/async - {"script":"<script> [1562 bytes]","args":[{"selector":{"controlType":"sap.m.StandardListItem","viewName":"etm.portal.ui.managepartners.view.NewPartner","viewId":"application-managepartners-display-component---NewPartner","properties":{"type":"Active"},"searchOpenDialogs":true,"interaction":{"idSuffix":"content"}},"wdio_ui5_key":"etmportal.ui.managepartners.view.NewPartnersap.m.StandardListItem{\"type\":\"Active\"}"}]}
RESULT: {"script":"<script> [1562 bytes]","args":[{"selector":{"controlType":"sap.m.StandardListItem","viewName":"etm.portal.ui.managepartners.view.NewPartner","viewId":"application-managepartners-display-component---NewPartner","properties":{"type":"Active"},"searchOpenDialogs":true,"interaction":{"idSuffix":"content"}},"wdio_ui5_key":"etmportal.ui.managepartners.view.NewPartnersap.m.StandardListItem{\"type\":\"Active\"}"}]}
RESULT: undefined
COMMAND: POST /session/700a0ab92761895b5ec9a5372f8d46fb/element - {"using":"xpath","value":"//*[@id=\"__item131\"]"}
RESULT: {"using":"xpath","value":"//*[@id=\"__item131\"]"}
COMMAND: POST /session/700a0ab92761895b5ec9a5372f8d46fb/element/f.647512A71DDA687F9F591F39CAC5A62D.d.320506C734F8D0B27C89771EA82C4157.e.1655/click - {}
RESULT: {}
COMMAND: POST /session/700a0ab92761895b5ec9a5372f8d46fb/execute/async - {"script":"<script> [1562 bytes]","args":[{"selector":{"id":"application-managepartners-display-component---NewPartner--addressDetailDetailsCity1","interaction":{"idSuffix":"inner"}},"wdio_ui5_key":"applicationmanagepartners-display-component---NewPartner--addressDetailDetailsCity1"}]}
COMMAND: GET /session/700a0ab92761895b5ec9a5372f8d46fb/screenshot - {}
RESULT: {"script":"<script> [1562 bytes]","args":[{"selector":{"id":"application-managepartners-display-component---NewPartner--addressDetailDetailsCity1","interaction":{"idSuffix":"inner"}},"wdio_ui5_key":"applicationmanagepartners-display-component---NewPartner--addressDetailDetailsCity1"}]}
RESULT: undefined
COMMAND: POST /session/700a0ab92761895b5ec9a5372f8d46fb/execute/async - {"script":"<script> [776 bytes]","args":[{"enterText":"Cluj","selector":{"id":"application-managepartners-display-component---NewPartner--addressDetailDetailsCity1","interaction":{"idSuffix":"inner"}},"clearTextFirst":true,"interactionType":"ENTER_TEXT"}]}
RESULT: {}
RESULT: {"script":"<script> [776 bytes]","args":[{"enterText":"Cluj","selector":{"id":"application-managepartners-display-component---NewPartner--addressDetailDetailsCity1","interaction":{"idSuffix":"inner"}},"clearTextFirst":true,"interactionType":"ENTER_TEXT"}]}
COMMAND: POST /session/700a0ab92761895b5ec9a5372f8d46fb/execute/async - {"script":"<script> [1562 bytes]","args":[{"selector":{"id":"application-managepartners-display-component---NewPartner--addressDetailDetailsCountry","interaction":{"idSuffix":"inner"}},"wdio_ui5_key":"applicationmanagepartners-display-component---NewPartner--addressDetailDetailsCountry"}]}
RESULT: {"script":"<script> [1562 bytes]","args":[{"selector":{"id":"application-managepartners-display-component---NewPartner--addressDetailDetailsCountry","interaction":{"idSuffix":"inner"}},"wdio_ui5_key":"applicationmanagepartners-display-component---NewPartner--addressDetailDetailsCountry"}]}
RESULT: undefined
COMMAND: POST /session/700a0ab92761895b5ec9a5372f8d46fb/execute/async - {"script":"<script> [6424 bytes]","args":[{"element-6066-11e4-a52e-4f735466cecf":"f.647512A71DDA687F9F591F39CAC5A62D.d.320506C734F8D0B27C89771EA82C4157.e.1397"},"setValue",["Romania"]]}
RESULT: {"script":"<script> [6424 bytes]","args":[{"element-6066-11e4-a52e-4f735466cecf":"f.647512A71DDA687F9F591F39CAC5A62D.d.320506C734F8D0B27C89771EA82C4157.e.1397"},"setValue",["Romania"]]}
COMMAND: POST /session/700a0ab92761895b5ec9a5372f8d46fb/execute/async - {"script":"<script> [1562 bytes]","args":[{"selector":{"id":"application-managepartners-display-component---NewPartner--partnerDetailInternal","interaction":{"idSuffix":"inner"}},"wdio_ui5_key":"applicationmanagepartners-display-component---NewPartner--partnerDetailInternal"}]}
RESULT: {"script":"<script> [1562 bytes]","args":[{"selector":{"id":"application-managepartners-display-component---NewPartner--partnerDetailInternal","interaction":{"idSuffix":"inner"}},"wdio_ui5_key":"applicationmanagepartners-display-component---NewPartner--partnerDetailInternal"}]}
RESULT: undefined
COMMAND: POST /session/700a0ab92761895b5ec9a5372f8d46fb/execute/async - {"script":"<script> [776 bytes]","args":[{"enterText":"External partner","selector":{"id":"application-managepartners-display-component---NewPartner--partnerDetailInternal","interaction":{"idSuffix":"inner"}},"clearTextFirst":true,"interactionType":"ENTER_TEXT"}]}
RESULT: {"script":"<script> [776 bytes]","args":[{"enterText":"External partner","selector":{"id":"application-managepartners-display-component---NewPartner--partnerDetailInternal","interaction":{"idSuffix":"inner"}},"clearTextFirst":true,"interactionType":"ENTER_TEXT"}]}
COMMAND: POST /session/700a0ab92761895b5ec9a5372f8d46fb/execute/async - {"script":"<script> [1562 bytes]","args":[{"selector":{"id":"application-managepartners-display-component---NewPartner--partnerDetailsCurrency","interaction":{"idSuffix":"inner"}},"wdio_ui5_key":"applicationmanagepartners-display-component---NewPartner--partnerDetailsCurrency"}]}
RESULT: {"script":"<script> [1562 bytes]","args":[{"selector":{"id":"application-managepartners-display-component---NewPartner--partnerDetailsCurrency","interaction":{"idSuffix":"inner"}},"wdio_ui5_key":"applicationmanagepartners-display-component---NewPartner--partnerDetailsCurrency"}]}
RESULT: undefined
COMMAND: POST /session/700a0ab92761895b5ec9a5372f8d46fb/execute/async - {"script":"<script> [776 bytes]","args":[{"enterText":"Euro","selector":{"id":"application-managepartners-display-component---NewPartner--partnerDetailsCurrency","interaction":{"idSuffix":"inner"}},"clearTextFirst":true,"interactionType":"ENTER_TEXT"}]}
RESULT: {"script":"<script> [776 bytes]","args":[{"enterText":"Euro","selector":{"id":"application-managepartners-display-component---NewPartner--partnerDetailsCurrency","interaction":{"idSuffix":"inner"}},"clearTextFirst":true,"interactionType":"ENTER_TEXT"}]}
COMMAND: POST /session/700a0ab92761895b5ec9a5372f8d46fb/execute/async - {"script":"<script> [1562 bytes]","args":[{"selector":{"controlType":"sap.m.Button","viewName":"etm.portal.ui.managepartners.view.NewPartner","viewId":"application-managepartners-display-component---NewPartner","properties":{"text":"Commercial"},"interaction":{"idSuffix":"BDI-content"}},"wdio_ui5_key":"etmportal.ui.managepartners.view.NewPartnersap.m.Button{\"text\":\"Commercial\"}"}]}
RESULT: {"script":"<script> [1562 bytes]","args":[{"selector":{"controlType":"sap.m.Button","viewName":"etm.portal.ui.managepartners.view.NewPartner","viewId":"application-managepartners-display-component---NewPartner","properties":{"text":"Commercial"},"interaction":{"idSuffix":"BDI-content"}},"wdio_ui5_key":"etmportal.ui.managepartners.view.NewPartnersap.m.Button{\"text\":\"Commercial\"}"}]}
RESULT: undefined
COMMAND: POST /session/700a0ab92761895b5ec9a5372f8d46fb/element - {"using":"xpath","value":"//*[@id=\"application-managepartners-display-component---NewPartner--ObjectPageLayout-anchBar-__section5-anchor\"]"}
RESULT: {"using":"xpath","value":"//*[@id=\"application-managepartners-display-component---NewPartner--ObjectPageLayout-anchBar-__section5-anchor\"]"}
COMMAND: POST /session/700a0ab92761895b5ec9a5372f8d46fb/element/f.647512A71DDA687F9F591F39CAC5A62D.d.320506C734F8D0B27C89771EA82C4157.e.1661/click - {}
RESULT: {}
COMMAND: GET /session/700a0ab92761895b5ec9a5372f8d46fb/screenshot - {}
RESULT: {}
COMMAND: POST /session/700a0ab92761895b5ec9a5372f8d46fb/execute/async - {"script":"<script> [1562 bytes]","args":[{"selector":{"id":"application-managepartners-display-component---NewPartner--btnAddTableRow-img"},"wdio_ui5_key":"applicationmanagepartners-display-component---NewPartner--btnAddTableRow-img"}]}
RESULT: {"script":"<script> [1562 bytes]","args":[{"selector":{"id":"application-managepartners-display-component---NewPartner--btnAddTableRow-img"},"wdio_ui5_key":"applicationmanagepartners-display-component---NewPartner--btnAddTableRow-img"}]}
RESULT: undefined
COMMAND: POST /session/700a0ab92761895b5ec9a5372f8d46fb/element - {"using":"xpath","value":"//*[@id=\"application-managepartners-display-component---NewPartner--btnAddTableRow-img\"]"}
RESULT: {"using":"xpath","value":"//*[@id=\"application-managepartners-display-component---NewPartner--btnAddTableRow-img\"]"}
COMMAND: POST /session/700a0ab92761895b5ec9a5372f8d46fb/element/f.647512A71DDA687F9F591F39CAC5A62D.d.320506C734F8D0B27C89771EA82C4157.e.1666/click - {}
RESULT: {}
COMMAND: POST /session/700a0ab92761895b5ec9a5372f8d46fb/element - {"using":"xpath","value":"//input[contains(@id ,\"application-managepartners-display-component---NewPartner--assignmentYard-application-managepartners-display-component---NewPartner\")]"}
COMMAND: GET /session/700a0ab92761895b5ec9a5372f8d46fb/screenshot - {}
RESULT: {"using":"xpath","value":"//input[contains(@id ,\"application-managepartners-display-component---NewPartner--assignmentYard-application-managepartners-display-component---NewPartner\")]"}
COMMAND: POST /session/700a0ab92761895b5ec9a5372f8d46fb/elements - {"using":"xpath","value":"//input[contains(@id ,\"application-managepartners-display-component---NewPartner--assignmentYard-application-managepartners-display-component---NewPartner\")]"}
RESULT: {}
RESULT: {"using":"xpath","value":"//input[contains(@id ,\"application-managepartners-display-component---NewPartner--assignmentYard-application-managepartners-display-component---NewPartner\")]"}
COMMAND: POST /session/700a0ab92761895b5ec9a5372f8d46fb/element/f.647512A71DDA687F9F591F39CAC5A62D.d.320506C734F8D0B27C89771EA82C4157.e.1671/value - {"text":"791"}
RESULT: {"text":"791"}
COMMAND: GET /session/700a0ab92761895b5ec9a5372f8d46fb/screenshot - {}
RESULT: {}
COMMAND: POST /session/700a0ab92761895b5ec9a5372f8d46fb/actions - {"actions":[{"id":"action5","type":"key","parameters":{},"actions":[{"type":"keyDown","value":"î€‡"},{"type":"pause","duration":10},{"type":"keyUp","value":"î€‡"}]}]}
RESULT: {"actions":[{"id":"action5","type":"key","parameters":{},"actions":[{"type":"keyDown","value":"î€‡"},{"type":"pause","duration":10},{"type":"keyUp","value":"î€‡"}]}]}
COMMAND: POST /session/700a0ab92761895b5ec9a5372f8d46fb/execute/async - {"script":"<script> [1562 bytes]","args":[{"selector":{"controlType":"sap.m.Button","viewName":"etm.portal.ui.managepartners.view.NewPartner","viewId":"application-managepartners-display-component---NewPartner","i18NText":{"propertyName":"text","key":"save"},"interaction":{"idSuffix":"BDI-content"}},"wdio_ui5_key":"etmportal.ui.managepartners.view.NewPartnersap.m.Button{\"propertyName\":\"text\",\"key\":\"save\"}"}]}
COMMAND: GET /session/700a0ab92761895b5ec9a5372f8d46fb/screenshot - {}
RESULT: {"script":"<script> [1562 bytes]","args":[{"selector":{"controlType":"sap.m.Button","viewName":"etm.portal.ui.managepartners.view.NewPartner","viewId":"application-managepartners-display-component---NewPartner","i18NText":{"propertyName":"text","key":"save"},"interaction":{"idSuffix":"BDI-content"}},"wdio_ui5_key":"etmportal.ui.managepartners.view.NewPartnersap.m.Button{\"propertyName\":\"text\",\"key\":\"save\"}"}]}
RESULT: undefined
COMMAND: POST /session/700a0ab92761895b5ec9a5372f8d46fb/element - {"using":"xpath","value":"//*[@id=\"__button10\"]"}
RESULT: {}
RESULT: {"using":"xpath","value":"//*[@id=\"__button10\"]"}
COMMAND: POST /session/700a0ab92761895b5ec9a5372f8d46fb/element/f.647512A71DDA687F9F591F39CAC5A62D.d.320506C734F8D0B27C89771EA82C4157.e.1636/click - {}
RESULT: {}
COMMAND: GET /session/700a0ab92761895b5ec9a5372f8d46fb/screenshot - {}
RESULT: {}
COMMAND: POST /session/700a0ab92761895b5ec9a5372f8d46fb/element - {"using":"xpath","value":"//header/div/div[2]/div[2]/span"}
RESULT: {"using":"xpath","value":"//header/div/div[2]/div[2]/span"}
COMMAND: POST /session/700a0ab92761895b5ec9a5372f8d46fb/elements - {"using":"xpath","value":"//header/div/div[2]/div[2]/span"}
RESULT: {"using":"xpath","value":"//header/div/div[2]/div[2]/span"}
COMMAND: POST /session/700a0ab92761895b5ec9a5372f8d46fb/execute/sync - {"script":"<script> [8489 bytes]","args":[{"element-6066-11e4-a52e-4f735466cecf":"f.647512A71DDA687F9F591F39CAC5A62D.d.320506C734F8D0B27C89771EA82C4157.e.1843","ELEMENT":"f.647512A71DDA687F9F591F39CAC5A62D.d.320506C734F8D0B27C89771EA82C4157.e.1843"}]}
RESULT: {"script":"<script> [8489 bytes]","args":[{"element-6066-11e4-a52e-4f735466cecf":"f.647512A71DDA687F9F591F39CAC5A62D.d.320506C734F8D0B27C89771EA82C4157.e.1843","ELEMENT":"f.647512A71DDA687F9F591F39CAC5A62D.d.320506C734F8D0B27C89771EA82C4157.e.1843"}]}
COMMAND: GET /session/700a0ab92761895b5ec9a5372f8d46fb/element/f.647512A71DDA687F9F591F39CAC5A62D.d.320506C734F8D0B27C89771EA82C4157.e.1843/text - {}
COMMAND: GET /session/700a0ab92761895b5ec9a5372f8d46fb/screenshot - {}
RESULT: {}
COMMAND: POST /session/700a0ab92761895b5ec9a5372f8d46fb/element - {"using":"xpath","value":"//header/div/div/div/div/div/div[2]/div/span"}
RESULT: {}
RESULT: {"using":"xpath","value":"//header/div/div/div/div/div/div[2]/div/span"}
COMMAND: POST /session/700a0ab92761895b5ec9a5372f8d46fb/elements - {"using":"xpath","value":"//header/div/div/div/div/div/div[2]/div/span"}
RESULT: {"using":"xpath","value":"//header/div/div/div/div/div/div[2]/div/span"}
COMMAND: POST /session/700a0ab92761895b5ec9a5372f8d46fb/execute/sync - {"script":"<script> [8489 bytes]","args":[{"element-6066-11e4-a52e-4f735466cecf":"f.647512A71DDA687F9F591F39CAC5A62D.d.320506C734F8D0B27C89771EA82C4157.e.1844","ELEMENT":"f.647512A71DDA687F9F591F39CAC5A62D.d.320506C734F8D0B27C89771EA82C4157.e.1844"}]}
RESULT: {"script":"<script> [8489 bytes]","args":[{"element-6066-11e4-a52e-4f735466cecf":"f.647512A71DDA687F9F591F39CAC5A62D.d.320506C734F8D0B27C89771EA82C4157.e.1844","ELEMENT":"f.647512A71DDA687F9F591F39CAC5A62D.d.320506C734F8D0B27C89771EA82C4157.e.1844"}]}
COMMAND: GET /session/700a0ab92761895b5ec9a5372f8d46fb/element/f.647512A71DDA687F9F591F39CAC5A62D.d.320506C734F8D0B27C89771EA82C4157.e.1844/text - {}
COMMAND: GET /session/700a0ab92761895b5ec9a5372f8d46fb/screenshot - {}
RESULT: {}
]]></system-out>
    </testcase>
    <testcase classname="chrome.135_0_7049_96.windows.Stock_increase_-_with_WHM_US125587" name="Should create WHM site" time="95.526">
      <system-out><![CDATA[
COMMAND: POST /session/700a0ab92761895b5ec9a5372f8d46fb/element - {"using":"css selector","value":"#shell-header-logo"}
RESULT: {}
RESULT: {"using":"css selector","value":"#shell-header-logo"}
COMMAND: POST /session/700a0ab92761895b5ec9a5372f8d46fb/element/f.647512A71DDA687F9F591F39CAC5A62D.d.320506C734F8D0B27C89771EA82C4157.e.1168/click - {}
RESULT: {}
COMMAND: GET /session/700a0ab92761895b5ec9a5372f8d46fb/screenshot - {}
RESULT: {}
COMMAND: POST /session/700a0ab92761895b5ec9a5372f8d46fb/execute/async - {"script":"<script> [1562 bytes]","args":[{"selector":{"controlType":"sap.m.GenericTile","properties":{"header":"Manage Sites"}},"wdio_ui5_key":"sapm.GenericTile{\"header\":\"Manage Sites\"}"}]}
RESULT: {"script":"<script> [1562 bytes]","args":[{"selector":{"controlType":"sap.m.GenericTile","properties":{"header":"Manage Sites"}},"wdio_ui5_key":"sapm.GenericTile{\"header\":\"Manage Sites\"}"}]}
RESULT: undefined
COMMAND: POST /session/700a0ab92761895b5ec9a5372f8d46fb/element - {"using":"xpath","value":"//*[@id=\"__tile51\"]"}
RESULT: {"using":"xpath","value":"//*[@id=\"__tile51\"]"}
COMMAND: POST /session/700a0ab92761895b5ec9a5372f8d46fb/element/f.647512A71DDA687F9F591F39CAC5A62D.d.320506C734F8D0B27C89771EA82C4157.e.1858/click - {}
RESULT: {}
COMMAND: GET /session/700a0ab92761895b5ec9a5372f8d46fb/screenshot - {}
RESULT: {}
COMMAND: POST /session/700a0ab92761895b5ec9a5372f8d46fb/execute/async - {"script":"<script> [1562 bytes]","args":[{"selector":{"controlType":"sap.ui.core.Icon","viewName":"etm.portal.ui.managesites.view.Master","viewId":"application-managesites-display-component---masterSite","properties":{"src":{"regex":{"source":"add"}}}},"wdio_ui5_key":"etmportal.ui.managesites.view.Mastersap.ui.core.Icon{\"src\":{\"regex\":{\"source\":\"add\"}}}"}]}
RESULT: {"script":"<script> [1562 bytes]","args":[{"selector":{"controlType":"sap.ui.core.Icon","viewName":"etm.portal.ui.managesites.view.Master","viewId":"application-managesites-display-component---masterSite","properties":{"src":{"regex":{"source":"add"}}}},"wdio_ui5_key":"etmportal.ui.managesites.view.Mastersap.ui.core.Icon{\"src\":{\"regex\":{\"source\":\"add\"}}}"}]}
RESULT: undefined
COMMAND: POST /session/700a0ab92761895b5ec9a5372f8d46fb/element - {"using":"xpath","value":"//*[@id=\"__button52-img\"]"}
RESULT: {"using":"xpath","value":"//*[@id=\"__button52-img\"]"}
COMMAND: POST /session/700a0ab92761895b5ec9a5372f8d46fb/element/f.647512A71DDA687F9F591F39CAC5A62D.d.320506C734F8D0B27C89771EA82C4157.e.1907/click - {}
RESULT: {}
COMMAND: GET /session/700a0ab92761895b5ec9a5372f8d46fb/screenshot - {}
COMMAND: POST /session/700a0ab92761895b5ec9a5372f8d46fb/execute/async - {"script":"<script> [1562 bytes]","args":[{"selector":{"id":"application-managesites-display-component---NewSite--siteId","interaction":{"idSuffix":"inner"}},"wdio_ui5_key":"applicationmanagesites-display-component---NewSite--siteId"}]}
RESULT: {}
RESULT: {"script":"<script> [1562 bytes]","args":[{"selector":{"id":"application-managesites-display-component---NewSite--siteId","interaction":{"idSuffix":"inner"}},"wdio_ui5_key":"applicationmanagesites-display-component---NewSite--siteId"}]}
RESULT: undefined
COMMAND: POST /session/700a0ab92761895b5ec9a5372f8d46fb/execute/async - {"script":"<script> [1562 bytes]","args":[{"selector":{"controlType":"sap.m.Button","viewName":"etm.portal.ui.managesites.view.NewSmartSite","viewId":"application-managesites-display-component---NewSite","properties":{"text":"General Information"},"interaction":{"idSuffix":"BDI-content"}},"wdio_ui5_key":"etmportal.ui.managesites.view.NewSmartSitesap.m.Button{\"text\":\"General Information\"}"}]}
RESULT: {"script":"<script> [1562 bytes]","args":[{"selector":{"controlType":"sap.m.Button","viewName":"etm.portal.ui.managesites.view.NewSmartSite","viewId":"application-managesites-display-component---NewSite","properties":{"text":"General Information"},"interaction":{"idSuffix":"BDI-content"}},"wdio_ui5_key":"etmportal.ui.managesites.view.NewSmartSitesap.m.Button{\"text\":\"General Information\"}"}]}
RESULT: undefined
COMMAND: POST /session/700a0ab92761895b5ec9a5372f8d46fb/element - {"using":"xpath","value":"//*[@id=\"application-managesites-display-component---NewSite--ObjectPageLayout-anchBar-__section29-anchor\"]"}
RESULT: {"using":"xpath","value":"//*[@id=\"application-managesites-display-component---NewSite--ObjectPageLayout-anchBar-__section29-anchor\"]"}
COMMAND: POST /session/700a0ab92761895b5ec9a5372f8d46fb/element/f.647512A71DDA687F9F591F39CAC5A62D.d.320506C734F8D0B27C89771EA82C4157.e.2537/click - {}
RESULT: {}
COMMAND: POST /session/700a0ab92761895b5ec9a5372f8d46fb/execute/async - {"script":"<script> [1562 bytes]","args":[{"selector":{"id":"application-managesites-display-component---NewSite--addressDetailDetailsName1","interaction":{"idSuffix":"inner"}},"wdio_ui5_key":"applicationmanagesites-display-component---NewSite--addressDetailDetailsName1"}]}
COMMAND: GET /session/700a0ab92761895b5ec9a5372f8d46fb/screenshot - {}
RESULT: {"script":"<script> [1562 bytes]","args":[{"selector":{"id":"application-managesites-display-component---NewSite--addressDetailDetailsName1","interaction":{"idSuffix":"inner"}},"wdio_ui5_key":"applicationmanagesites-display-component---NewSite--addressDetailDetailsName1"}]}
RESULT: undefined
COMMAND: POST /session/700a0ab92761895b5ec9a5372f8d46fb/execute/async - {"script":"<script> [776 bytes]","args":[{"enterText":"WebdriverWHMSitejuyf6l","selector":{"id":"application-managesites-display-component---NewSite--addressDetailDetailsName1","interaction":{"idSuffix":"inner"}},"clearTextFirst":true,"interactionType":"ENTER_TEXT"}]}
RESULT: {}
RESULT: {"script":"<script> [776 bytes]","args":[{"enterText":"WebdriverWHMSitejuyf6l","selector":{"id":"application-managesites-display-component---NewSite--addressDetailDetailsName1","interaction":{"idSuffix":"inner"}},"clearTextFirst":true,"interactionType":"ENTER_TEXT"}]}
COMMAND: POST /session/700a0ab92761895b5ec9a5372f8d46fb/execute/async - {"script":"<script> [1562 bytes]","args":[{"selector":{"id":"application-managesites-display-component---NewSite--addressDetailDetailsLanguage","interaction":{"idSuffix":"inner"}},"wdio_ui5_key":"applicationmanagesites-display-component---NewSite--addressDetailDetailsLanguage"}]}
RESULT: {"script":"<script> [1562 bytes]","args":[{"selector":{"id":"application-managesites-display-component---NewSite--addressDetailDetailsLanguage","interaction":{"idSuffix":"inner"}},"wdio_ui5_key":"applicationmanagesites-display-component---NewSite--addressDetailDetailsLanguage"}]}
RESULT: undefined
COMMAND: POST /session/700a0ab92761895b5ec9a5372f8d46fb/execute/async - {"script":"<script> [776 bytes]","args":[{"enterText":"Romanian","selector":{"id":"application-managesites-display-component---NewSite--addressDetailDetailsLanguage","interaction":{"idSuffix":"inner"}},"clearTextFirst":true,"interactionType":"ENTER_TEXT"}]}
RESULT: {"script":"<script> [776 bytes]","args":[{"enterText":"Romanian","selector":{"id":"application-managesites-display-component---NewSite--addressDetailDetailsLanguage","interaction":{"idSuffix":"inner"}},"clearTextFirst":true,"interactionType":"ENTER_TEXT"}]}
COMMAND: POST /session/700a0ab92761895b5ec9a5372f8d46fb/actions - {"actions":[{"id":"action6","type":"key","parameters":{},"actions":[{"type":"keyDown","value":"î€‡"},{"type":"pause","duration":10},{"type":"keyUp","value":"î€‡"}]}]}
RESULT: {"actions":[{"id":"action6","type":"key","parameters":{},"actions":[{"type":"keyDown","value":"î€‡"},{"type":"pause","duration":10},{"type":"keyUp","value":"î€‡"}]}]}
COMMAND: POST /session/700a0ab92761895b5ec9a5372f8d46fb/execute/async - {"script":"<script> [1562 bytes]","args":[{"selector":{"id":"application-managesites-display-component---NewSite--addressDetailDetailsCity1","interaction":{"idSuffix":"inner"}},"wdio_ui5_key":"applicationmanagesites-display-component---NewSite--addressDetailDetailsCity1"}]}
COMMAND: GET /session/700a0ab92761895b5ec9a5372f8d46fb/screenshot - {}
RESULT: {"script":"<script> [1562 bytes]","args":[{"selector":{"id":"application-managesites-display-component---NewSite--addressDetailDetailsCity1","interaction":{"idSuffix":"inner"}},"wdio_ui5_key":"applicationmanagesites-display-component---NewSite--addressDetailDetailsCity1"}]}
RESULT: undefined
COMMAND: POST /session/700a0ab92761895b5ec9a5372f8d46fb/execute/async - {"script":"<script> [776 bytes]","args":[{"enterText":"Bucharest","selector":{"id":"application-managesites-display-component---NewSite--addressDetailDetailsCity1","interaction":{"idSuffix":"inner"}},"clearTextFirst":true,"interactionType":"ENTER_TEXT"}]}
RESULT: {}
RESULT: {"script":"<script> [776 bytes]","args":[{"enterText":"Bucharest","selector":{"id":"application-managesites-display-component---NewSite--addressDetailDetailsCity1","interaction":{"idSuffix":"inner"}},"clearTextFirst":true,"interactionType":"ENTER_TEXT"}]}
COMMAND: POST /session/700a0ab92761895b5ec9a5372f8d46fb/actions - {"actions":[{"id":"action7","type":"key","parameters":{},"actions":[{"type":"keyDown","value":"î€‡"},{"type":"pause","duration":10},{"type":"keyUp","value":"î€‡"}]}]}
RESULT: {"actions":[{"id":"action7","type":"key","parameters":{},"actions":[{"type":"keyDown","value":"î€‡"},{"type":"pause","duration":10},{"type":"keyUp","value":"î€‡"}]}]}
COMMAND: POST /session/700a0ab92761895b5ec9a5372f8d46fb/execute/async - {"script":"<script> [1562 bytes]","args":[{"selector":{"id":"application-managesites-display-component---NewSite--addressDetailDetailsCountry","interaction":{"idSuffix":"inner"}},"wdio_ui5_key":"applicationmanagesites-display-component---NewSite--addressDetailDetailsCountry"}]}
COMMAND: GET /session/700a0ab92761895b5ec9a5372f8d46fb/screenshot - {}
RESULT: {"script":"<script> [1562 bytes]","args":[{"selector":{"id":"application-managesites-display-component---NewSite--addressDetailDetailsCountry","interaction":{"idSuffix":"inner"}},"wdio_ui5_key":"applicationmanagesites-display-component---NewSite--addressDetailDetailsCountry"}]}
RESULT: undefined
COMMAND: POST /session/700a0ab92761895b5ec9a5372f8d46fb/execute/async - {"script":"<script> [6424 bytes]","args":[{"element-6066-11e4-a52e-4f735466cecf":"f.647512A71DDA687F9F591F39CAC5A62D.d.320506C734F8D0B27C89771EA82C4157.e.2326"},"setValue",["Romania"]]}
RESULT: {}
RESULT: {"script":"<script> [6424 bytes]","args":[{"element-6066-11e4-a52e-4f735466cecf":"f.647512A71DDA687F9F591F39CAC5A62D.d.320506C734F8D0B27C89771EA82C4157.e.2326"},"setValue",["Romania"]]}
COMMAND: POST /session/700a0ab92761895b5ec9a5372f8d46fb/actions - {"actions":[{"id":"action8","type":"key","parameters":{},"actions":[{"type":"keyDown","value":"î€‡"},{"type":"pause","duration":10},{"type":"keyUp","value":"î€‡"}]}]}
RESULT: {"actions":[{"id":"action8","type":"key","parameters":{},"actions":[{"type":"keyDown","value":"î€‡"},{"type":"pause","duration":10},{"type":"keyUp","value":"î€‡"}]}]}
COMMAND: POST /session/700a0ab92761895b5ec9a5372f8d46fb/execute/async - {"script":"<script> [1562 bytes]","args":[{"selector":{"id":"application-managesites-display-component---NewSite--addressDetailDetailsCalendar","interaction":{"idSuffix":"inner"}},"wdio_ui5_key":"applicationmanagesites-display-component---NewSite--addressDetailDetailsCalendar"}]}
COMMAND: GET /session/700a0ab92761895b5ec9a5372f8d46fb/screenshot - {}
RESULT: {"script":"<script> [1562 bytes]","args":[{"selector":{"id":"application-managesites-display-component---NewSite--addressDetailDetailsCalendar","interaction":{"idSuffix":"inner"}},"wdio_ui5_key":"applicationmanagesites-display-component---NewSite--addressDetailDetailsCalendar"}]}
RESULT: undefined
COMMAND: POST /session/700a0ab92761895b5ec9a5372f8d46fb/execute/async - {"script":"<script> [776 bytes]","args":[{"enterText":"Germany","selector":{"id":"application-managesites-display-component---NewSite--addressDetailDetailsCalendar","interaction":{"idSuffix":"inner"}},"clearTextFirst":true,"interactionType":"ENTER_TEXT"}]}
RESULT: {}
RESULT: {"script":"<script> [776 bytes]","args":[{"enterText":"Germany","selector":{"id":"application-managesites-display-component---NewSite--addressDetailDetailsCalendar","interaction":{"idSuffix":"inner"}},"clearTextFirst":true,"interactionType":"ENTER_TEXT"}]}
COMMAND: POST /session/700a0ab92761895b5ec9a5372f8d46fb/actions - {"actions":[{"id":"action9","type":"key","parameters":{},"actions":[{"type":"keyDown","value":"î€‡"},{"type":"pause","duration":10},{"type":"keyUp","value":"î€‡"}]}]}
RESULT: {"actions":[{"id":"action9","type":"key","parameters":{},"actions":[{"type":"keyDown","value":"î€‡"},{"type":"pause","duration":10},{"type":"keyUp","value":"î€‡"}]}]}
COMMAND: POST /session/700a0ab92761895b5ec9a5372f8d46fb/execute/async - {"script":"<script> [1562 bytes]","args":[{"selector":{"id":"application-managesites-display-component---NewSite--addressEditDetailsCostObjectCstType","interaction":{"idSuffix":"inner"}},"wdio_ui5_key":"applicationmanagesites-display-component---NewSite--addressEditDetailsCostObjectCstType"}]}
COMMAND: GET /session/700a0ab92761895b5ec9a5372f8d46fb/screenshot - {}
RESULT: {"script":"<script> [1562 bytes]","args":[{"selector":{"id":"application-managesites-display-component---NewSite--addressEditDetailsCostObjectCstType","interaction":{"idSuffix":"inner"}},"wdio_ui5_key":"applicationmanagesites-display-component---NewSite--addressEditDetailsCostObjectCstType"}]}
RESULT: undefined
COMMAND: POST /session/700a0ab92761895b5ec9a5372f8d46fb/execute/async - {"script":"<script> [776 bytes]","args":[{"enterText":"Cost","selector":{"id":"application-managesites-display-component---NewSite--addressEditDetailsCostObjectCstType","interaction":{"idSuffix":"inner"}},"clearTextFirst":true,"interactionType":"ENTER_TEXT"}]}
RESULT: {}
RESULT: {"script":"<script> [776 bytes]","args":[{"enterText":"Cost","selector":{"id":"application-managesites-display-component---NewSite--addressEditDetailsCostObjectCstType","interaction":{"idSuffix":"inner"}},"clearTextFirst":true,"interactionType":"ENTER_TEXT"}]}
COMMAND: POST /session/700a0ab92761895b5ec9a5372f8d46fb/actions - {"actions":[{"id":"action10","type":"key","parameters":{},"actions":[{"type":"keyDown","value":"î€‡"},{"type":"pause","duration":10},{"type":"keyUp","value":"î€‡"}]}]}
RESULT: {"actions":[{"id":"action10","type":"key","parameters":{},"actions":[{"type":"keyDown","value":"î€‡"},{"type":"pause","duration":10},{"type":"keyUp","value":"î€‡"}]}]}
COMMAND: POST /session/700a0ab92761895b5ec9a5372f8d46fb/execute/async - {"script":"<script> [1562 bytes]","args":[{"selector":{"id":"application-managesites-display-component---NewSite--addressNewCostObjectCstID","interaction":{"idSuffix":"inner"}},"wdio_ui5_key":"applicationmanagesites-display-component---NewSite--addressNewCostObjectCstID"}]}
COMMAND: GET /session/700a0ab92761895b5ec9a5372f8d46fb/screenshot - {}
RESULT: {"script":"<script> [1562 bytes]","args":[{"selector":{"id":"application-managesites-display-component---NewSite--addressNewCostObjectCstID","interaction":{"idSuffix":"inner"}},"wdio_ui5_key":"applicationmanagesites-display-component---NewSite--addressNewCostObjectCstID"}]}
RESULT: undefined
COMMAND: POST /session/700a0ab92761895b5ec9a5372f8d46fb/execute/async - {"script":"<script> [776 bytes]","args":[{"enterText":"1001","selector":{"id":"application-managesites-display-component---NewSite--addressNewCostObjectCstID","interaction":{"idSuffix":"inner"}},"clearTextFirst":true,"interactionType":"ENTER_TEXT"}]}
RESULT: {}
RESULT: {"script":"<script> [776 bytes]","args":[{"enterText":"1001","selector":{"id":"application-managesites-display-component---NewSite--addressNewCostObjectCstID","interaction":{"idSuffix":"inner"}},"clearTextFirst":true,"interactionType":"ENTER_TEXT"}]}
COMMAND: POST /session/700a0ab92761895b5ec9a5372f8d46fb/actions - {"actions":[{"id":"action11","type":"key","parameters":{},"actions":[{"type":"keyDown","value":"î€‡"},{"type":"pause","duration":10},{"type":"keyUp","value":"î€‡"}]}]}
RESULT: {"actions":[{"id":"action11","type":"key","parameters":{},"actions":[{"type":"keyDown","value":"î€‡"},{"type":"pause","duration":10},{"type":"keyUp","value":"î€‡"}]}]}
COMMAND: POST /session/700a0ab92761895b5ec9a5372f8d46fb/element - {"using":"xpath","value":"//input[@id=\"application-managesites-display-component---NewSite--addressDetailDetailsYard-inner\"]"}
COMMAND: GET /session/700a0ab92761895b5ec9a5372f8d46fb/screenshot - {}
RESULT: {"using":"xpath","value":"//input[@id=\"application-managesites-display-component---NewSite--addressDetailDetailsYard-inner\"]"}
COMMAND: POST /session/700a0ab92761895b5ec9a5372f8d46fb/element/f.647512A71DDA687F9F591F39CAC5A62D.d.320506C734F8D0B27C89771EA82C4157.e.2337/value - {"text":"791"}
RESULT: {}
RESULT: {"text":"791"}
COMMAND: GET /session/700a0ab92761895b5ec9a5372f8d46fb/screenshot - {}
RESULT: {}
COMMAND: POST /session/700a0ab92761895b5ec9a5372f8d46fb/actions - {"actions":[{"id":"action12","type":"key","parameters":{},"actions":[{"type":"keyDown","value":"î€‡"},{"type":"pause","duration":10},{"type":"keyUp","value":"î€‡"}]}]}
RESULT: {"actions":[{"id":"action12","type":"key","parameters":{},"actions":[{"type":"keyDown","value":"î€‡"},{"type":"pause","duration":10},{"type":"keyUp","value":"î€‡"}]}]}
COMMAND: GET /session/700a0ab92761895b5ec9a5372f8d46fb/screenshot - {}
RESULT: {}
COMMAND: POST /session/700a0ab92761895b5ec9a5372f8d46fb/element - {"using":"xpath","value":"//input[@id=\"application-managesites-display-component---NewSite--addressDetailDetailsPartner-inner\"]"}
RESULT: {"using":"xpath","value":"//input[@id=\"application-managesites-display-component---NewSite--addressDetailDetailsPartner-inner\"]"}
COMMAND: POST /session/700a0ab92761895b5ec9a5372f8d46fb/elements - {"using":"xpath","value":"//input[@id=\"application-managesites-display-component---NewSite--addressDetailDetailsPartner-inner\"]"}
RESULT: {"using":"xpath","value":"//input[@id=\"application-managesites-display-component---NewSite--addressDetailDetailsPartner-inner\"]"}
COMMAND: POST /session/700a0ab92761895b5ec9a5372f8d46fb/execute/async - {"script":"<script> [1562 bytes]","args":[{"selector":{"controlType":"sap.m.Button","viewName":"etm.portal.ui.managesites.view.NewSmartSite","viewId":"application-managesites-display-component---NewSite","properties":{"text":"Commercial"},"interaction":{"idSuffix":"BDI-content"}},"wdio_ui5_key":"etmportal.ui.managesites.view.NewSmartSitesap.m.Button{\"text\":\"Commercial\"}"}]}
RESULT: {"script":"<script> [1562 bytes]","args":[{"selector":{"controlType":"sap.m.Button","viewName":"etm.portal.ui.managesites.view.NewSmartSite","viewId":"application-managesites-display-component---NewSite","properties":{"text":"Commercial"},"interaction":{"idSuffix":"BDI-content"}},"wdio_ui5_key":"etmportal.ui.managesites.view.NewSmartSitesap.m.Button{\"text\":\"Commercial\"}"}]}
RESULT: undefined
COMMAND: POST /session/700a0ab92761895b5ec9a5372f8d46fb/element - {"using":"xpath","value":"//*[@id=\"application-managesites-display-component---NewSite--ObjectPageLayout-anchBar-__section31-anchor\"]"}
RESULT: {"using":"xpath","value":"//*[@id=\"application-managesites-display-component---NewSite--ObjectPageLayout-anchBar-__section31-anchor\"]"}
COMMAND: POST /session/700a0ab92761895b5ec9a5372f8d46fb/element/f.647512A71DDA687F9F591F39CAC5A62D.d.320506C734F8D0B27C89771EA82C4157.e.2551/click - {}
RESULT: {}
COMMAND: POST /session/700a0ab92761895b5ec9a5372f8d46fb/execute/async - {"script":"<script> [1562 bytes]","args":[{"selector":{"id":"application-managesites-display-component---NewSite--siteWhmCheckBox-label","interaction":{"idSuffix":"bdi"}},"wdio_ui5_key":"applicationmanagesites-display-component---NewSite--siteWhmCheckBox-label"}]}
COMMAND: GET /session/700a0ab92761895b5ec9a5372f8d46fb/screenshot - {}
RESULT: {"script":"<script> [1562 bytes]","args":[{"selector":{"id":"application-managesites-display-component---NewSite--siteWhmCheckBox-label","interaction":{"idSuffix":"bdi"}},"wdio_ui5_key":"applicationmanagesites-display-component---NewSite--siteWhmCheckBox-label"}]}
RESULT: undefined
COMMAND: POST /session/700a0ab92761895b5ec9a5372f8d46fb/element - {"using":"xpath","value":"//*[@id=\"application-managesites-display-component---NewSite--siteWhmCheckBox-label\"]"}
RESULT: {}
RESULT: {"using":"xpath","value":"//*[@id=\"application-managesites-display-component---NewSite--siteWhmCheckBox-label\"]"}
COMMAND: POST /session/700a0ab92761895b5ec9a5372f8d46fb/element/f.647512A71DDA687F9F591F39CAC5A62D.d.320506C734F8D0B27C89771EA82C4157.e.2563/click - {}
RESULT: {}
COMMAND: POST /session/700a0ab92761895b5ec9a5372f8d46fb/execute/async - {"script":"<script> [1562 bytes]","args":[{"selector":{"controlType":"sap.m.Button","viewName":"etm.portal.ui.managesites.view.NewSmartSite","viewId":"application-managesites-display-component---NewSite","i18NText":{"propertyName":"text","key":"save"},"interaction":{"idSuffix":"BDI-content"}},"wdio_ui5_key":"etmportal.ui.managesites.view.NewSmartSitesap.m.Button{\"propertyName\":\"text\",\"key\":\"save\"}"}]}
COMMAND: GET /session/700a0ab92761895b5ec9a5372f8d46fb/screenshot - {}
RESULT: {"script":"<script> [1562 bytes]","args":[{"selector":{"controlType":"sap.m.Button","viewName":"etm.portal.ui.managesites.view.NewSmartSite","viewId":"application-managesites-display-component---NewSite","i18NText":{"propertyName":"text","key":"save"},"interaction":{"idSuffix":"BDI-content"}},"wdio_ui5_key":"etmportal.ui.managesites.view.NewSmartSitesap.m.Button{\"propertyName\":\"text\",\"key\":\"save\"}"}]}
RESULT: undefined
COMMAND: POST /session/700a0ab92761895b5ec9a5372f8d46fb/element - {"using":"xpath","value":"//*[@id=\"__button64\"]"}
RESULT: {}
RESULT: {"using":"xpath","value":"//*[@id=\"__button64\"]"}
COMMAND: POST /session/700a0ab92761895b5ec9a5372f8d46fb/element/f.647512A71DDA687F9F591F39CAC5A62D.d.320506C734F8D0B27C89771EA82C4157.e.2530/click - {}
RESULT: {}
COMMAND: GET /session/700a0ab92761895b5ec9a5372f8d46fb/screenshot - {}
RESULT: {}
COMMAND: POST /session/700a0ab92761895b5ec9a5372f8d46fb/element - {"using":"xpath","value":"//header/div/div[2]/div[2]/span"}
RESULT: {"using":"xpath","value":"//header/div/div[2]/div[2]/span"}
COMMAND: GET /session/700a0ab92761895b5ec9a5372f8d46fb/element/f.647512A71DDA687F9F591F39CAC5A62D.d.320506C734F8D0B27C89771EA82C4157.e.2764/text - {}
RESULT: {}
COMMAND: POST /session/700a0ab92761895b5ec9a5372f8d46fb/execute/async - {"script":"<script> [1562 bytes]","args":[{"selector":{"id":"application-managesites-display-component---detailSite--addressDetailDetailsYardText"},"wdio_ui5_key":"applicationmanagesites-display-component---detailSite--addressDetailDetailsYardText"}]}
RESULT: {"script":"<script> [1562 bytes]","args":[{"selector":{"id":"application-managesites-display-component---detailSite--addressDetailDetailsYardText"},"wdio_ui5_key":"applicationmanagesites-display-component---detailSite--addressDetailDetailsYardText"}]}
RESULT: undefined
COMMAND: POST /session/700a0ab92761895b5ec9a5372f8d46fb/execute/async - {"script":"<script> [1562 bytes]","args":[{"selector":{"controlType":"sap.m.Label","viewName":"etm.portal.ui.managesites.view.Detail","viewId":"application-managesites-display-component---detailSite","i18NText":{"propertyName":"text","key":"status"}},"wdio_ui5_key":"etmportal.ui.managesites.view.Detailsap.m.Label{\"propertyName\":\"text\",\"key\":\"status\"}"}]}
RESULT: {"script":"<script> [1562 bytes]","args":[{"selector":{"controlType":"sap.m.Label","viewName":"etm.portal.ui.managesites.view.Detail","viewId":"application-managesites-display-component---detailSite","i18NText":{"propertyName":"text","key":"status"}},"wdio_ui5_key":"etmportal.ui.managesites.view.Detailsap.m.Label{\"propertyName\":\"text\",\"key\":\"status\"}"}]}
RESULT: undefined
COMMAND: POST /session/700a0ab92761895b5ec9a5372f8d46fb/execute/async - {"script":"<script> [6424 bytes]","args":[{"element-6066-11e4-a52e-4f735466cecf":"f.647512A71DDA687F9F591F39CAC5A62D.d.320506C734F8D0B27C89771EA82C4157.e.2756"},"getText",[]]}
RESULT: {"script":"<script> [6424 bytes]","args":[{"element-6066-11e4-a52e-4f735466cecf":"f.647512A71DDA687F9F591F39CAC5A62D.d.320506C734F8D0B27C89771EA82C4157.e.2756"},"getText",[]]}
COMMAND: POST /session/700a0ab92761895b5ec9a5372f8d46fb/execute/async - {"script":"<script> [1562 bytes]","args":[{"selector":{"id":"shell-header","interaction":{"idSuffix":"icon"}},"wdio_ui5_key":"shellheader"}]}
RESULT: {"script":"<script> [1562 bytes]","args":[{"selector":{"id":"shell-header","interaction":{"idSuffix":"icon"}},"wdio_ui5_key":"shellheader"}]}
RESULT: undefined
COMMAND: POST /session/700a0ab92761895b5ec9a5372f8d46fb/element - {"using":"xpath","value":"//*[@id=\"shell-header\"]"}
RESULT: {"using":"xpath","value":"//*[@id=\"shell-header\"]"}
COMMAND: POST /session/700a0ab92761895b5ec9a5372f8d46fb/element/f.647512A71DDA687F9F591F39CAC5A62D.d.320506C734F8D0B27C89771EA82C4157.e.2769/click - {}
RESULT: {}
]]></system-out>
    </testcase>
    <testcase classname="chrome.135_0_7049_96.windows.Stock_increase_-_with_WHM_US125587" name="Create WHM material" time="233.74">
      <system-out><![CDATA[
COMMAND: POST /session/700a0ab92761895b5ec9a5372f8d46fb/element - {"using":"css selector","value":"#shell-header-logo"}
COMMAND: GET /session/700a0ab92761895b5ec9a5372f8d46fb/screenshot - {}
RESULT: {"using":"css selector","value":"#shell-header-logo"}
COMMAND: POST /session/700a0ab92761895b5ec9a5372f8d46fb/element/f.647512A71DDA687F9F591F39CAC5A62D.d.320506C734F8D0B27C89771EA82C4157.e.1861/click - {}
RESULT: {}
RESULT: {}
COMMAND: GET /session/700a0ab92761895b5ec9a5372f8d46fb/screenshot - {}
RESULT: {}
COMMAND: POST /session/700a0ab92761895b5ec9a5372f8d46fb/execute/async - {"script":"<script> [1562 bytes]","args":[{"selector":{"controlType":"sap.m.GenericTile","properties":{"header":"Manage Resources"}},"wdio_ui5_key":"sapm.GenericTile{\"header\":\"Manage Resources\"}"}]}
RESULT: {"script":"<script> [1562 bytes]","args":[{"selector":{"controlType":"sap.m.GenericTile","properties":{"header":"Manage Resources"}},"wdio_ui5_key":"sapm.GenericTile{\"header\":\"Manage Resources\"}"}]}
RESULT: undefined
COMMAND: POST /session/700a0ab92761895b5ec9a5372f8d46fb/element - {"using":"xpath","value":"//*[@id=\"__tile50\"]"}
RESULT: {"using":"xpath","value":"//*[@id=\"__tile50\"]"}
COMMAND: POST /session/700a0ab92761895b5ec9a5372f8d46fb/element/f.647512A71DDA687F9F591F39CAC5A62D.d.320506C734F8D0B27C89771EA82C4157.e.2774/click - {}
RESULT: {}
COMMAND: GET /session/700a0ab92761895b5ec9a5372f8d46fb/screenshot - {}
RESULT: {}
COMMAND: POST /session/700a0ab92761895b5ec9a5372f8d46fb/element - {"using":"xpath","value":"//button[@data-kt=\"addNewRUOverflowToolbarButton\"]"}
RESULT: undefined
RESULT: undefined
RESULT: {"using":"xpath","value":"//button[@data-kt=\"addNewRUOverflowToolbarButton\"]"}
COMMAND: POST /session/700a0ab92761895b5ec9a5372f8d46fb/execute/sync - {"script":"<script> [8489 bytes]","args":[{"element-6066-11e4-a52e-4f735466cecf":"f.647512A71DDA687F9F591F39CAC5A62D.d.320506C734F8D0B27C89771EA82C4157.e.2806","ELEMENT":"f.647512A71DDA687F9F591F39CAC5A62D.d.320506C734F8D0B27C89771EA82C4157.e.2806"}]}
RESULT: {"script":"<script> [8489 bytes]","args":[{"element-6066-11e4-a52e-4f735466cecf":"f.647512A71DDA687F9F591F39CAC5A62D.d.320506C734F8D0B27C89771EA82C4157.e.2806","ELEMENT":"f.647512A71DDA687F9F591F39CAC5A62D.d.320506C734F8D0B27C89771EA82C4157.e.2806"}]}
COMMAND: POST /session/700a0ab92761895b5ec9a5372f8d46fb/element/f.647512A71DDA687F9F591F39CAC5A62D.d.320506C734F8D0B27C89771EA82C4157.e.2806/click - {}
COMMAND: GET /session/700a0ab92761895b5ec9a5372f8d46fb/screenshot - {}
RESULT: {}
COMMAND: GET /session/700a0ab92761895b5ec9a5372f8d46fb/screenshot - {}
RESULT: {}
COMMAND: POST /session/700a0ab92761895b5ec9a5372f8d46fb/execute/async - {"script":"<script> [1562 bytes]","args":[{"selector":{"controlType":"sap.m.ComboBox","viewName":"reusables.view.manageresources.NewResourceUnit","viewId":"application-manageresources-display-component---newResourceUnit","bindingPath":{"path":"","propertyPath":"/RuTypes","modelName":"catalogModel"},"searchOpenDialogs":true},"wdio_ui5_key":"reusablesview.manageresources.NewResourceUnitsap.m.ComboBox{\"path\":\"\",\"propertyPath\":\"/RuTypes\",\"modelName\":\"catalogModel\"}"}]}
RESULT: {}
RESULT: {"script":"<script> [1562 bytes]","args":[{"selector":{"controlType":"sap.m.ComboBox","viewName":"reusables.view.manageresources.NewResourceUnit","viewId":"application-manageresources-display-component---newResourceUnit","bindingPath":{"path":"","propertyPath":"/RuTypes","modelName":"catalogModel"},"searchOpenDialogs":true},"wdio_ui5_key":"reusablesview.manageresources.NewResourceUnitsap.m.ComboBox{\"path\":\"\",\"propertyPath\":\"/RuTypes\",\"modelName\":\"catalogModel\"}"}]}
RESULT: undefined
COMMAND: POST /session/700a0ab92761895b5ec9a5372f8d46fb/execute/async - {"script":"<script> [1562 bytes]","args":[{"selector":{"controlType":"sap.m.ComboBox","viewName":"reusables.view.manageresources.NewResourceUnit","viewId":"application-manageresources-display-component---newResourceUnit","bindingPath":{"path":"","propertyPath":"/Yards","modelName":"catalogModel"},"searchOpenDialogs":true},"wdio_ui5_key":"reusablesview.manageresources.NewResourceUnitsap.m.ComboBox{\"path\":\"\",\"propertyPath\":\"/Yards\",\"modelName\":\"catalogModel\"}"}]}
RESULT: {"script":"<script> [1562 bytes]","args":[{"selector":{"controlType":"sap.m.ComboBox","viewName":"reusables.view.manageresources.NewResourceUnit","viewId":"application-manageresources-display-component---newResourceUnit","bindingPath":{"path":"","propertyPath":"/Yards","modelName":"catalogModel"},"searchOpenDialogs":true},"wdio_ui5_key":"reusablesview.manageresources.NewResourceUnitsap.m.ComboBox{\"path\":\"\",\"propertyPath\":\"/Yards\",\"modelName\":\"catalogModel\"}"}]}
RESULT: undefined
COMMAND: POST /session/700a0ab92761895b5ec9a5372f8d46fb/execute/async - {"script":"<script> [1562 bytes]","args":[{"selector":{"controlType":"etm.portal.ui.reusables.customControls.LiveSearchComboBox","viewName":"reusables.view.manageresources.NewResourceUnit","viewId":"application-manageresources-display-component---newResourceUnit","bindingPath":{"path":"","propertyPath":"/CatalogItems","modelName":"catalogModel"},"searchOpenDialogs":true},"wdio_ui5_key":"reusablesview.manageresources.NewResourceUnitetm.portal.ui.reusables.customControls.LiveSearchComboBox{\"path\":\"\",\"propertyPath\":\"/CatalogItems\",\"modelName\":\"catalogModel\"}"}]}
RESULT: {"script":"<script> [1562 bytes]","args":[{"selector":{"controlType":"etm.portal.ui.reusables.customControls.LiveSearchComboBox","viewName":"reusables.view.manageresources.NewResourceUnit","viewId":"application-manageresources-display-component---newResourceUnit","bindingPath":{"path":"","propertyPath":"/CatalogItems","modelName":"catalogModel"},"searchOpenDialogs":true},"wdio_ui5_key":"reusablesview.manageresources.NewResourceUnitetm.portal.ui.reusables.customControls.LiveSearchComboBox{\"path\":\"\",\"propertyPath\":\"/CatalogItems\",\"modelName\":\"catalogModel\"}"}]}
RESULT: undefined
COMMAND: POST /session/700a0ab92761895b5ec9a5372f8d46fb/element - {"using":"xpath","value":"//bdi[text()=\"OK\"]"}
RESULT: {"using":"xpath","value":"//bdi[text()=\"OK\"]"}
COMMAND: POST /session/700a0ab92761895b5ec9a5372f8d46fb/elements - {"using":"xpath","value":"//bdi[text()=\"OK\"]"}
RESULT: {"using":"xpath","value":"//bdi[text()=\"OK\"]"}
COMMAND: POST /session/700a0ab92761895b5ec9a5372f8d46fb/elements - {"using":"xpath","value":"//bdi[text()=\"OK\"]"}
RESULT: {"using":"xpath","value":"//bdi[text()=\"OK\"]"}
COMMAND: POST /session/700a0ab92761895b5ec9a5372f8d46fb/elements - {"using":"xpath","value":"//bdi[text()=\"OK\"]"}
RESULT: {"using":"xpath","value":"//bdi[text()=\"OK\"]"}
COMMAND: POST /session/700a0ab92761895b5ec9a5372f8d46fb/elements - {"using":"xpath","value":"//bdi[text()=\"OK\"]"}
RESULT: {"using":"xpath","value":"//bdi[text()=\"OK\"]"}
COMMAND: POST /session/700a0ab92761895b5ec9a5372f8d46fb/elements - {"using":"xpath","value":"//bdi[text()=\"OK\"]"}
RESULT: {"using":"xpath","value":"//bdi[text()=\"OK\"]"}
COMMAND: POST /session/700a0ab92761895b5ec9a5372f8d46fb/elements - {"using":"xpath","value":"//bdi[text()=\"OK\"]"}
RESULT: {"using":"xpath","value":"//bdi[text()=\"OK\"]"}
COMMAND: POST /session/700a0ab92761895b5ec9a5372f8d46fb/elements - {"using":"xpath","value":"//bdi[text()=\"OK\"]"}
RESULT: {"using":"xpath","value":"//bdi[text()=\"OK\"]"}
COMMAND: POST /session/700a0ab92761895b5ec9a5372f8d46fb/elements - {"using":"xpath","value":"//bdi[text()=\"OK\"]"}
RESULT: {"using":"xpath","value":"//bdi[text()=\"OK\"]"}
COMMAND: POST /session/700a0ab92761895b5ec9a5372f8d46fb/elements - {"using":"xpath","value":"//bdi[text()=\"OK\"]"}
RESULT: {"using":"xpath","value":"//bdi[text()=\"OK\"]"}
COMMAND: POST /session/700a0ab92761895b5ec9a5372f8d46fb/elements - {"using":"xpath","value":"//bdi[text()=\"OK\"]"}
RESULT: {"using":"xpath","value":"//bdi[text()=\"OK\"]"}
COMMAND: POST /session/700a0ab92761895b5ec9a5372f8d46fb/elements - {"using":"xpath","value":"//bdi[text()=\"OK\"]"}
RESULT: {"using":"xpath","value":"//bdi[text()=\"OK\"]"}
COMMAND: POST /session/700a0ab92761895b5ec9a5372f8d46fb/elements - {"using":"xpath","value":"//bdi[text()=\"OK\"]"}
RESULT: {"using":"xpath","value":"//bdi[text()=\"OK\"]"}
COMMAND: POST /session/700a0ab92761895b5ec9a5372f8d46fb/elements - {"using":"xpath","value":"//bdi[text()=\"OK\"]"}
RESULT: {"using":"xpath","value":"//bdi[text()=\"OK\"]"}
COMMAND: POST /session/700a0ab92761895b5ec9a5372f8d46fb/elements - {"using":"xpath","value":"//bdi[text()=\"OK\"]"}
RESULT: {"using":"xpath","value":"//bdi[text()=\"OK\"]"}
COMMAND: POST /session/700a0ab92761895b5ec9a5372f8d46fb/elements - {"using":"xpath","value":"//bdi[text()=\"OK\"]"}
RESULT: {"using":"xpath","value":"//bdi[text()=\"OK\"]"}
COMMAND: POST /session/700a0ab92761895b5ec9a5372f8d46fb/elements - {"using":"xpath","value":"//bdi[text()=\"OK\"]"}
RESULT: {"using":"xpath","value":"//bdi[text()=\"OK\"]"}
COMMAND: POST /session/700a0ab92761895b5ec9a5372f8d46fb/elements - {"using":"xpath","value":"//bdi[text()=\"OK\"]"}
RESULT: {"using":"xpath","value":"//bdi[text()=\"OK\"]"}
COMMAND: POST /session/700a0ab92761895b5ec9a5372f8d46fb/elements - {"using":"xpath","value":"//bdi[text()=\"OK\"]"}
RESULT: {"using":"xpath","value":"//bdi[text()=\"OK\"]"}
COMMAND: POST /session/700a0ab92761895b5ec9a5372f8d46fb/elements - {"using":"xpath","value":"//bdi[text()=\"OK\"]"}
RESULT: {"using":"xpath","value":"//bdi[text()=\"OK\"]"}
COMMAND: POST /session/700a0ab92761895b5ec9a5372f8d46fb/elements - {"using":"xpath","value":"//bdi[text()=\"OK\"]"}
RESULT: {"using":"xpath","value":"//bdi[text()=\"OK\"]"}
COMMAND: POST /session/700a0ab92761895b5ec9a5372f8d46fb/elements - {"using":"xpath","value":"//bdi[text()=\"OK\"]"}
RESULT: {"using":"xpath","value":"//bdi[text()=\"OK\"]"}
COMMAND: POST /session/700a0ab92761895b5ec9a5372f8d46fb/elements - {"using":"xpath","value":"//bdi[text()=\"OK\"]"}
RESULT: {"using":"xpath","value":"//bdi[text()=\"OK\"]"}
COMMAND: POST /session/700a0ab92761895b5ec9a5372f8d46fb/elements - {"using":"xpath","value":"//bdi[text()=\"OK\"]"}
RESULT: {"using":"xpath","value":"//bdi[text()=\"OK\"]"}
COMMAND: POST /session/700a0ab92761895b5ec9a5372f8d46fb/elements - {"using":"xpath","value":"//bdi[text()=\"OK\"]"}
RESULT: {"using":"xpath","value":"//bdi[text()=\"OK\"]"}
COMMAND: POST /session/700a0ab92761895b5ec9a5372f8d46fb/elements - {"using":"xpath","value":"//bdi[text()=\"OK\"]"}
RESULT: {"using":"xpath","value":"//bdi[text()=\"OK\"]"}
COMMAND: POST /session/700a0ab92761895b5ec9a5372f8d46fb/elements - {"using":"xpath","value":"//bdi[text()=\"OK\"]"}
RESULT: {"using":"xpath","value":"//bdi[text()=\"OK\"]"}
COMMAND: POST /session/700a0ab92761895b5ec9a5372f8d46fb/elements - {"using":"xpath","value":"//bdi[text()=\"OK\"]"}
RESULT: {"using":"xpath","value":"//bdi[text()=\"OK\"]"}
COMMAND: POST /session/700a0ab92761895b5ec9a5372f8d46fb/elements - {"using":"xpath","value":"//bdi[text()=\"OK\"]"}
RESULT: {"using":"xpath","value":"//bdi[text()=\"OK\"]"}
COMMAND: POST /session/700a0ab92761895b5ec9a5372f8d46fb/elements - {"using":"xpath","value":"//bdi[text()=\"OK\"]"}
RESULT: {"using":"xpath","value":"//bdi[text()=\"OK\"]"}
COMMAND: POST /session/700a0ab92761895b5ec9a5372f8d46fb/elements - {"using":"xpath","value":"//bdi[text()=\"OK\"]"}
RESULT: {"using":"xpath","value":"//bdi[text()=\"OK\"]"}
COMMAND: POST /session/700a0ab92761895b5ec9a5372f8d46fb/elements - {"using":"xpath","value":"//bdi[text()=\"OK\"]"}
RESULT: {"using":"xpath","value":"//bdi[text()=\"OK\"]"}
COMMAND: POST /session/700a0ab92761895b5ec9a5372f8d46fb/elements - {"using":"xpath","value":"//bdi[text()=\"OK\"]"}
RESULT: {"using":"xpath","value":"//bdi[text()=\"OK\"]"}
COMMAND: POST /session/700a0ab92761895b5ec9a5372f8d46fb/elements - {"using":"xpath","value":"//bdi[text()=\"OK\"]"}
RESULT: {"using":"xpath","value":"//bdi[text()=\"OK\"]"}
COMMAND: POST /session/700a0ab92761895b5ec9a5372f8d46fb/elements - {"using":"xpath","value":"//bdi[text()=\"OK\"]"}
RESULT: {"using":"xpath","value":"//bdi[text()=\"OK\"]"}
COMMAND: POST /session/700a0ab92761895b5ec9a5372f8d46fb/elements - {"using":"xpath","value":"//bdi[text()=\"OK\"]"}
RESULT: {"using":"xpath","value":"//bdi[text()=\"OK\"]"}
COMMAND: POST /session/700a0ab92761895b5ec9a5372f8d46fb/elements - {"using":"xpath","value":"//bdi[text()=\"OK\"]"}
RESULT: {"using":"xpath","value":"//bdi[text()=\"OK\"]"}
COMMAND: POST /session/700a0ab92761895b5ec9a5372f8d46fb/elements - {"using":"xpath","value":"//bdi[text()=\"OK\"]"}
RESULT: {"using":"xpath","value":"//bdi[text()=\"OK\"]"}
COMMAND: POST /session/700a0ab92761895b5ec9a5372f8d46fb/elements - {"using":"xpath","value":"//bdi[text()=\"OK\"]"}
RESULT: {"using":"xpath","value":"//bdi[text()=\"OK\"]"}
COMMAND: POST /session/700a0ab92761895b5ec9a5372f8d46fb/elements - {"using":"xpath","value":"//bdi[text()=\"OK\"]"}
RESULT: {"using":"xpath","value":"//bdi[text()=\"OK\"]"}
COMMAND: POST /session/700a0ab92761895b5ec9a5372f8d46fb/elements - {"using":"xpath","value":"//bdi[text()=\"OK\"]"}
RESULT: {"using":"xpath","value":"//bdi[text()=\"OK\"]"}
COMMAND: POST /session/700a0ab92761895b5ec9a5372f8d46fb/elements - {"using":"xpath","value":"//bdi[text()=\"OK\"]"}
RESULT: {"using":"xpath","value":"//bdi[text()=\"OK\"]"}
COMMAND: POST /session/700a0ab92761895b5ec9a5372f8d46fb/elements - {"using":"xpath","value":"//bdi[text()=\"OK\"]"}
RESULT: {"using":"xpath","value":"//bdi[text()=\"OK\"]"}
COMMAND: POST /session/700a0ab92761895b5ec9a5372f8d46fb/elements - {"using":"xpath","value":"//bdi[text()=\"OK\"]"}
RESULT: {"using":"xpath","value":"//bdi[text()=\"OK\"]"}
COMMAND: POST /session/700a0ab92761895b5ec9a5372f8d46fb/elements - {"using":"xpath","value":"//bdi[text()=\"OK\"]"}
RESULT: {"using":"xpath","value":"//bdi[text()=\"OK\"]"}
COMMAND: POST /session/700a0ab92761895b5ec9a5372f8d46fb/elements - {"using":"xpath","value":"//bdi[text()=\"OK\"]"}
RESULT: {"using":"xpath","value":"//bdi[text()=\"OK\"]"}
COMMAND: POST /session/700a0ab92761895b5ec9a5372f8d46fb/elements - {"using":"xpath","value":"//bdi[text()=\"OK\"]"}
RESULT: {"using":"xpath","value":"//bdi[text()=\"OK\"]"}
COMMAND: POST /session/700a0ab92761895b5ec9a5372f8d46fb/elements - {"using":"xpath","value":"//bdi[text()=\"OK\"]"}
RESULT: {"using":"xpath","value":"//bdi[text()=\"OK\"]"}
COMMAND: POST /session/700a0ab92761895b5ec9a5372f8d46fb/elements - {"using":"xpath","value":"//bdi[text()=\"OK\"]"}
RESULT: {"using":"xpath","value":"//bdi[text()=\"OK\"]"}
COMMAND: POST /session/700a0ab92761895b5ec9a5372f8d46fb/elements - {"using":"xpath","value":"//bdi[text()=\"OK\"]"}
RESULT: {"using":"xpath","value":"//bdi[text()=\"OK\"]"}
COMMAND: POST /session/700a0ab92761895b5ec9a5372f8d46fb/elements - {"using":"xpath","value":"//bdi[text()=\"OK\"]"}
RESULT: {"using":"xpath","value":"//bdi[text()=\"OK\"]"}
COMMAND: POST /session/700a0ab92761895b5ec9a5372f8d46fb/elements - {"using":"xpath","value":"//bdi[text()=\"OK\"]"}
RESULT: {"using":"xpath","value":"//bdi[text()=\"OK\"]"}
COMMAND: POST /session/700a0ab92761895b5ec9a5372f8d46fb/elements - {"using":"xpath","value":"//bdi[text()=\"OK\"]"}
RESULT: {"using":"xpath","value":"//bdi[text()=\"OK\"]"}
COMMAND: POST /session/700a0ab92761895b5ec9a5372f8d46fb/elements - {"using":"xpath","value":"//bdi[text()=\"OK\"]"}
RESULT: {"using":"xpath","value":"//bdi[text()=\"OK\"]"}
COMMAND: POST /session/700a0ab92761895b5ec9a5372f8d46fb/elements - {"using":"xpath","value":"//bdi[text()=\"OK\"]"}
RESULT: {"using":"xpath","value":"//bdi[text()=\"OK\"]"}
COMMAND: POST /session/700a0ab92761895b5ec9a5372f8d46fb/elements - {"using":"xpath","value":"//bdi[text()=\"OK\"]"}
RESULT: {"using":"xpath","value":"//bdi[text()=\"OK\"]"}
COMMAND: POST /session/700a0ab92761895b5ec9a5372f8d46fb/elements - {"using":"xpath","value":"//bdi[text()=\"OK\"]"}
RESULT: {"using":"xpath","value":"//bdi[text()=\"OK\"]"}
COMMAND: POST /session/700a0ab92761895b5ec9a5372f8d46fb/elements - {"using":"xpath","value":"//bdi[text()=\"OK\"]"}
RESULT: {"using":"xpath","value":"//bdi[text()=\"OK\"]"}
COMMAND: POST /session/700a0ab92761895b5ec9a5372f8d46fb/elements - {"using":"xpath","value":"//bdi[text()=\"OK\"]"}
RESULT: {"using":"xpath","value":"//bdi[text()=\"OK\"]"}
COMMAND: POST /session/700a0ab92761895b5ec9a5372f8d46fb/elements - {"using":"xpath","value":"//bdi[text()=\"OK\"]"}
RESULT: {"using":"xpath","value":"//bdi[text()=\"OK\"]"}
COMMAND: POST /session/700a0ab92761895b5ec9a5372f8d46fb/elements - {"using":"xpath","value":"//bdi[text()=\"OK\"]"}
RESULT: {"using":"xpath","value":"//bdi[text()=\"OK\"]"}
COMMAND: POST /session/700a0ab92761895b5ec9a5372f8d46fb/elements - {"using":"xpath","value":"//bdi[text()=\"OK\"]"}
RESULT: {"using":"xpath","value":"//bdi[text()=\"OK\"]"}
COMMAND: POST /session/700a0ab92761895b5ec9a5372f8d46fb/elements - {"using":"xpath","value":"//bdi[text()=\"OK\"]"}
RESULT: {"using":"xpath","value":"//bdi[text()=\"OK\"]"}
COMMAND: POST /session/700a0ab92761895b5ec9a5372f8d46fb/elements - {"using":"xpath","value":"//bdi[text()=\"OK\"]"}
RESULT: {"using":"xpath","value":"//bdi[text()=\"OK\"]"}
COMMAND: POST /session/700a0ab92761895b5ec9a5372f8d46fb/elements - {"using":"xpath","value":"//bdi[text()=\"OK\"]"}
RESULT: {"using":"xpath","value":"//bdi[text()=\"OK\"]"}
COMMAND: POST /session/700a0ab92761895b5ec9a5372f8d46fb/elements - {"using":"xpath","value":"//bdi[text()=\"OK\"]"}
RESULT: {"using":"xpath","value":"//bdi[text()=\"OK\"]"}
COMMAND: POST /session/700a0ab92761895b5ec9a5372f8d46fb/elements - {"using":"xpath","value":"//bdi[text()=\"OK\"]"}
RESULT: {"using":"xpath","value":"//bdi[text()=\"OK\"]"}
COMMAND: POST /session/700a0ab92761895b5ec9a5372f8d46fb/elements - {"using":"xpath","value":"//bdi[text()=\"OK\"]"}
RESULT: {"using":"xpath","value":"//bdi[text()=\"OK\"]"}
COMMAND: POST /session/700a0ab92761895b5ec9a5372f8d46fb/elements - {"using":"xpath","value":"//bdi[text()=\"OK\"]"}
RESULT: {"using":"xpath","value":"//bdi[text()=\"OK\"]"}
COMMAND: POST /session/700a0ab92761895b5ec9a5372f8d46fb/elements - {"using":"xpath","value":"//bdi[text()=\"OK\"]"}
RESULT: {"using":"xpath","value":"//bdi[text()=\"OK\"]"}
COMMAND: POST /session/700a0ab92761895b5ec9a5372f8d46fb/elements - {"using":"xpath","value":"//bdi[text()=\"OK\"]"}
RESULT: {"using":"xpath","value":"//bdi[text()=\"OK\"]"}
COMMAND: POST /session/700a0ab92761895b5ec9a5372f8d46fb/elements - {"using":"xpath","value":"//bdi[text()=\"OK\"]"}
RESULT: {"using":"xpath","value":"//bdi[text()=\"OK\"]"}
COMMAND: POST /session/700a0ab92761895b5ec9a5372f8d46fb/elements - {"using":"xpath","value":"//bdi[text()=\"OK\"]"}
RESULT: {"using":"xpath","value":"//bdi[text()=\"OK\"]"}
COMMAND: POST /session/700a0ab92761895b5ec9a5372f8d46fb/elements - {"using":"xpath","value":"//bdi[text()=\"OK\"]"}
RESULT: {"using":"xpath","value":"//bdi[text()=\"OK\"]"}
COMMAND: POST /session/700a0ab92761895b5ec9a5372f8d46fb/elements - {"using":"xpath","value":"//bdi[text()=\"OK\"]"}
RESULT: {"using":"xpath","value":"//bdi[text()=\"OK\"]"}
COMMAND: POST /session/700a0ab92761895b5ec9a5372f8d46fb/elements - {"using":"xpath","value":"//bdi[text()=\"OK\"]"}
RESULT: {"using":"xpath","value":"//bdi[text()=\"OK\"]"}
COMMAND: POST /session/700a0ab92761895b5ec9a5372f8d46fb/elements - {"using":"xpath","value":"//bdi[text()=\"OK\"]"}
RESULT: {"using":"xpath","value":"//bdi[text()=\"OK\"]"}
COMMAND: POST /session/700a0ab92761895b5ec9a5372f8d46fb/elements - {"using":"xpath","value":"//bdi[text()=\"OK\"]"}
RESULT: {"using":"xpath","value":"//bdi[text()=\"OK\"]"}
COMMAND: POST /session/700a0ab92761895b5ec9a5372f8d46fb/elements - {"using":"xpath","value":"//bdi[text()=\"OK\"]"}
RESULT: {"using":"xpath","value":"//bdi[text()=\"OK\"]"}
COMMAND: POST /session/700a0ab92761895b5ec9a5372f8d46fb/elements - {"using":"xpath","value":"//bdi[text()=\"OK\"]"}
RESULT: {"using":"xpath","value":"//bdi[text()=\"OK\"]"}
COMMAND: POST /session/700a0ab92761895b5ec9a5372f8d46fb/elements - {"using":"xpath","value":"//bdi[text()=\"OK\"]"}
RESULT: {"using":"xpath","value":"//bdi[text()=\"OK\"]"}
COMMAND: POST /session/700a0ab92761895b5ec9a5372f8d46fb/elements - {"using":"xpath","value":"//bdi[text()=\"OK\"]"}
RESULT: {"using":"xpath","value":"//bdi[text()=\"OK\"]"}
COMMAND: POST /session/700a0ab92761895b5ec9a5372f8d46fb/elements - {"using":"xpath","value":"//bdi[text()=\"OK\"]"}
RESULT: {"using":"xpath","value":"//bdi[text()=\"OK\"]"}
COMMAND: POST /session/700a0ab92761895b5ec9a5372f8d46fb/elements - {"using":"xpath","value":"//bdi[text()=\"OK\"]"}
RESULT: {"using":"xpath","value":"//bdi[text()=\"OK\"]"}
COMMAND: POST /session/700a0ab92761895b5ec9a5372f8d46fb/elements - {"using":"xpath","value":"//bdi[text()=\"OK\"]"}
RESULT: {"using":"xpath","value":"//bdi[text()=\"OK\"]"}
COMMAND: POST /session/700a0ab92761895b5ec9a5372f8d46fb/elements - {"using":"xpath","value":"//bdi[text()=\"OK\"]"}
RESULT: {"using":"xpath","value":"//bdi[text()=\"OK\"]"}
COMMAND: POST /session/700a0ab92761895b5ec9a5372f8d46fb/elements - {"using":"xpath","value":"//bdi[text()=\"OK\"]"}
RESULT: {"using":"xpath","value":"//bdi[text()=\"OK\"]"}
COMMAND: POST /session/700a0ab92761895b5ec9a5372f8d46fb/elements - {"using":"xpath","value":"//bdi[text()=\"OK\"]"}
RESULT: {"using":"xpath","value":"//bdi[text()=\"OK\"]"}
COMMAND: POST /session/700a0ab92761895b5ec9a5372f8d46fb/elements - {"using":"xpath","value":"//bdi[text()=\"OK\"]"}
RESULT: {"using":"xpath","value":"//bdi[text()=\"OK\"]"}
COMMAND: POST /session/700a0ab92761895b5ec9a5372f8d46fb/elements - {"using":"xpath","value":"//bdi[text()=\"OK\"]"}
RESULT: {"using":"xpath","value":"//bdi[text()=\"OK\"]"}
COMMAND: POST /session/700a0ab92761895b5ec9a5372f8d46fb/elements - {"using":"xpath","value":"//bdi[text()=\"OK\"]"}
RESULT: {"using":"xpath","value":"//bdi[text()=\"OK\"]"}
COMMAND: POST /session/700a0ab92761895b5ec9a5372f8d46fb/elements - {"using":"xpath","value":"//bdi[text()=\"OK\"]"}
RESULT: {"using":"xpath","value":"//bdi[text()=\"OK\"]"}
COMMAND: POST /session/700a0ab92761895b5ec9a5372f8d46fb/elements - {"using":"xpath","value":"//bdi[text()=\"OK\"]"}
RESULT: {"using":"xpath","value":"//bdi[text()=\"OK\"]"}
COMMAND: POST /session/700a0ab92761895b5ec9a5372f8d46fb/elements - {"using":"xpath","value":"//bdi[text()=\"OK\"]"}
RESULT: {"using":"xpath","value":"//bdi[text()=\"OK\"]"}
COMMAND: POST /session/700a0ab92761895b5ec9a5372f8d46fb/elements - {"using":"xpath","value":"//bdi[text()=\"OK\"]"}
RESULT: {"using":"xpath","value":"//bdi[text()=\"OK\"]"}
COMMAND: POST /session/700a0ab92761895b5ec9a5372f8d46fb/elements - {"using":"xpath","value":"//bdi[text()=\"OK\"]"}
RESULT: {"using":"xpath","value":"//bdi[text()=\"OK\"]"}
COMMAND: POST /session/700a0ab92761895b5ec9a5372f8d46fb/elements - {"using":"xpath","value":"//bdi[text()=\"OK\"]"}
RESULT: {"using":"xpath","value":"//bdi[text()=\"OK\"]"}
COMMAND: POST /session/700a0ab92761895b5ec9a5372f8d46fb/elements - {"using":"xpath","value":"//bdi[text()=\"OK\"]"}
RESULT: {"using":"xpath","value":"//bdi[text()=\"OK\"]"}
COMMAND: POST /session/700a0ab92761895b5ec9a5372f8d46fb/elements - {"using":"xpath","value":"//bdi[text()=\"OK\"]"}
RESULT: {"using":"xpath","value":"//bdi[text()=\"OK\"]"}
COMMAND: POST /session/700a0ab92761895b5ec9a5372f8d46fb/elements - {"using":"xpath","value":"//bdi[text()=\"OK\"]"}
RESULT: {"using":"xpath","value":"//bdi[text()=\"OK\"]"}
COMMAND: POST /session/700a0ab92761895b5ec9a5372f8d46fb/elements - {"using":"xpath","value":"//bdi[text()=\"OK\"]"}
RESULT: {"using":"xpath","value":"//bdi[text()=\"OK\"]"}
COMMAND: POST /session/700a0ab92761895b5ec9a5372f8d46fb/elements - {"using":"xpath","value":"//bdi[text()=\"OK\"]"}
RESULT: {"using":"xpath","value":"//bdi[text()=\"OK\"]"}
COMMAND: POST /session/700a0ab92761895b5ec9a5372f8d46fb/elements - {"using":"xpath","value":"//bdi[text()=\"OK\"]"}
RESULT: {"using":"xpath","value":"//bdi[text()=\"OK\"]"}
COMMAND: POST /session/700a0ab92761895b5ec9a5372f8d46fb/elements - {"using":"xpath","value":"//bdi[text()=\"OK\"]"}
RESULT: {"using":"xpath","value":"//bdi[text()=\"OK\"]"}
COMMAND: POST /session/700a0ab92761895b5ec9a5372f8d46fb/elements - {"using":"xpath","value":"//bdi[text()=\"OK\"]"}
RESULT: {"using":"xpath","value":"//bdi[text()=\"OK\"]"}
COMMAND: POST /session/700a0ab92761895b5ec9a5372f8d46fb/elements - {"using":"xpath","value":"//bdi[text()=\"OK\"]"}
RESULT: {"using":"xpath","value":"//bdi[text()=\"OK\"]"}
COMMAND: POST /session/700a0ab92761895b5ec9a5372f8d46fb/elements - {"using":"xpath","value":"//bdi[text()=\"OK\"]"}
RESULT: {"using":"xpath","value":"//bdi[text()=\"OK\"]"}
COMMAND: POST /session/700a0ab92761895b5ec9a5372f8d46fb/elements - {"using":"xpath","value":"//bdi[text()=\"OK\"]"}
RESULT: {"using":"xpath","value":"//bdi[text()=\"OK\"]"}
COMMAND: POST /session/700a0ab92761895b5ec9a5372f8d46fb/elements - {"using":"xpath","value":"//bdi[text()=\"OK\"]"}
RESULT: {"using":"xpath","value":"//bdi[text()=\"OK\"]"}
COMMAND: POST /session/700a0ab92761895b5ec9a5372f8d46fb/elements - {"using":"xpath","value":"//bdi[text()=\"OK\"]"}
RESULT: {"using":"xpath","value":"//bdi[text()=\"OK\"]"}
COMMAND: POST /session/700a0ab92761895b5ec9a5372f8d46fb/elements - {"using":"xpath","value":"//bdi[text()=\"OK\"]"}
RESULT: {"using":"xpath","value":"//bdi[text()=\"OK\"]"}
COMMAND: POST /session/700a0ab92761895b5ec9a5372f8d46fb/elements - {"using":"xpath","value":"//bdi[text()=\"OK\"]"}
RESULT: {"using":"xpath","value":"//bdi[text()=\"OK\"]"}
COMMAND: POST /session/700a0ab92761895b5ec9a5372f8d46fb/elements - {"using":"xpath","value":"//bdi[text()=\"OK\"]"}
RESULT: {"using":"xpath","value":"//bdi[text()=\"OK\"]"}
COMMAND: POST /session/700a0ab92761895b5ec9a5372f8d46fb/elements - {"using":"xpath","value":"//bdi[text()=\"OK\"]"}
RESULT: {"using":"xpath","value":"//bdi[text()=\"OK\"]"}
COMMAND: POST /session/700a0ab92761895b5ec9a5372f8d46fb/elements - {"using":"xpath","value":"//bdi[text()=\"OK\"]"}
RESULT: {"using":"xpath","value":"//bdi[text()=\"OK\"]"}
COMMAND: POST /session/700a0ab92761895b5ec9a5372f8d46fb/elements - {"using":"xpath","value":"//bdi[text()=\"OK\"]"}
RESULT: {"using":"xpath","value":"//bdi[text()=\"OK\"]"}
COMMAND: POST /session/700a0ab92761895b5ec9a5372f8d46fb/elements - {"using":"xpath","value":"//bdi[text()=\"OK\"]"}
RESULT: {"using":"xpath","value":"//bdi[text()=\"OK\"]"}
COMMAND: POST /session/700a0ab92761895b5ec9a5372f8d46fb/elements - {"using":"xpath","value":"//bdi[text()=\"OK\"]"}
RESULT: {"using":"xpath","value":"//bdi[text()=\"OK\"]"}
COMMAND: POST /session/700a0ab92761895b5ec9a5372f8d46fb/elements - {"using":"xpath","value":"//bdi[text()=\"OK\"]"}
RESULT: {"using":"xpath","value":"//bdi[text()=\"OK\"]"}
COMMAND: POST /session/700a0ab92761895b5ec9a5372f8d46fb/elements - {"using":"xpath","value":"//bdi[text()=\"OK\"]"}
RESULT: {"using":"xpath","value":"//bdi[text()=\"OK\"]"}
COMMAND: POST /session/700a0ab92761895b5ec9a5372f8d46fb/elements - {"using":"xpath","value":"//bdi[text()=\"OK\"]"}
RESULT: {"using":"xpath","value":"//bdi[text()=\"OK\"]"}
COMMAND: POST /session/700a0ab92761895b5ec9a5372f8d46fb/elements - {"using":"xpath","value":"//bdi[text()=\"OK\"]"}
COMMAND: POST /session/700a0ab92761895b5ec9a5372f8d46fb/element - {"using":"xpath","value":"//bdi[text()=\"OK\"]"}
RESULT: {"using":"xpath","value":"//bdi[text()=\"OK\"]"}
RESULT: {"using":"xpath","value":"//bdi[text()=\"OK\"]"}
COMMAND: POST /session/700a0ab92761895b5ec9a5372f8d46fb/elements - {"using":"xpath","value":"//bdi[text()=\"OK\"]"}
RESULT: {"using":"xpath","value":"//bdi[text()=\"OK\"]"}
COMMAND: POST /session/700a0ab92761895b5ec9a5372f8d46fb/elements - {"using":"xpath","value":"//bdi[text()=\"OK\"]"}
RESULT: {"using":"xpath","value":"//bdi[text()=\"OK\"]"}
COMMAND: POST /session/700a0ab92761895b5ec9a5372f8d46fb/elements - {"using":"xpath","value":"//bdi[text()=\"OK\"]"}
RESULT: {"using":"xpath","value":"//bdi[text()=\"OK\"]"}
COMMAND: POST /session/700a0ab92761895b5ec9a5372f8d46fb/elements - {"using":"xpath","value":"//bdi[text()=\"OK\"]"}
RESULT: {"using":"xpath","value":"//bdi[text()=\"OK\"]"}
COMMAND: POST /session/700a0ab92761895b5ec9a5372f8d46fb/elements - {"using":"xpath","value":"//bdi[text()=\"OK\"]"}
RESULT: {"using":"xpath","value":"//bdi[text()=\"OK\"]"}
COMMAND: POST /session/700a0ab92761895b5ec9a5372f8d46fb/elements - {"using":"xpath","value":"//bdi[text()=\"OK\"]"}
RESULT: {"using":"xpath","value":"//bdi[text()=\"OK\"]"}
COMMAND: POST /session/700a0ab92761895b5ec9a5372f8d46fb/elements - {"using":"xpath","value":"//bdi[text()=\"OK\"]"}
RESULT: {"using":"xpath","value":"//bdi[text()=\"OK\"]"}
COMMAND: POST /session/700a0ab92761895b5ec9a5372f8d46fb/elements - {"using":"xpath","value":"//bdi[text()=\"OK\"]"}
RESULT: {"using":"xpath","value":"//bdi[text()=\"OK\"]"}
COMMAND: POST /session/700a0ab92761895b5ec9a5372f8d46fb/elements - {"using":"xpath","value":"//bdi[text()=\"OK\"]"}
RESULT: {"using":"xpath","value":"//bdi[text()=\"OK\"]"}
COMMAND: POST /session/700a0ab92761895b5ec9a5372f8d46fb/elements - {"using":"xpath","value":"//bdi[text()=\"OK\"]"}
RESULT: {"using":"xpath","value":"//bdi[text()=\"OK\"]"}
COMMAND: POST /session/700a0ab92761895b5ec9a5372f8d46fb/elements - {"using":"xpath","value":"//bdi[text()=\"OK\"]"}
RESULT: {"using":"xpath","value":"//bdi[text()=\"OK\"]"}
COMMAND: POST /session/700a0ab92761895b5ec9a5372f8d46fb/elements - {"using":"xpath","value":"//bdi[text()=\"OK\"]"}
RESULT: {"using":"xpath","value":"//bdi[text()=\"OK\"]"}
COMMAND: POST /session/700a0ab92761895b5ec9a5372f8d46fb/elements - {"using":"xpath","value":"//bdi[text()=\"OK\"]"}
RESULT: {"using":"xpath","value":"//bdi[text()=\"OK\"]"}
COMMAND: POST /session/700a0ab92761895b5ec9a5372f8d46fb/elements - {"using":"xpath","value":"//bdi[text()=\"OK\"]"}
RESULT: {"using":"xpath","value":"//bdi[text()=\"OK\"]"}
COMMAND: POST /session/700a0ab92761895b5ec9a5372f8d46fb/elements - {"using":"xpath","value":"//bdi[text()=\"OK\"]"}
RESULT: {"using":"xpath","value":"//bdi[text()=\"OK\"]"}
COMMAND: POST /session/700a0ab92761895b5ec9a5372f8d46fb/elements - {"using":"xpath","value":"//bdi[text()=\"OK\"]"}
RESULT: {"using":"xpath","value":"//bdi[text()=\"OK\"]"}
COMMAND: POST /session/700a0ab92761895b5ec9a5372f8d46fb/elements - {"using":"xpath","value":"//bdi[text()=\"OK\"]"}
RESULT: {"using":"xpath","value":"//bdi[text()=\"OK\"]"}
COMMAND: POST /session/700a0ab92761895b5ec9a5372f8d46fb/elements - {"using":"xpath","value":"//bdi[text()=\"OK\"]"}
RESULT: {"using":"xpath","value":"//bdi[text()=\"OK\"]"}
COMMAND: POST /session/700a0ab92761895b5ec9a5372f8d46fb/elements - {"using":"xpath","value":"//bdi[text()=\"OK\"]"}
RESULT: {"using":"xpath","value":"//bdi[text()=\"OK\"]"}
COMMAND: POST /session/700a0ab92761895b5ec9a5372f8d46fb/elements - {"using":"xpath","value":"//bdi[text()=\"OK\"]"}
RESULT: {"using":"xpath","value":"//bdi[text()=\"OK\"]"}
COMMAND: POST /session/700a0ab92761895b5ec9a5372f8d46fb/elements - {"using":"xpath","value":"//bdi[text()=\"OK\"]"}
RESULT: {"using":"xpath","value":"//bdi[text()=\"OK\"]"}
COMMAND: POST /session/700a0ab92761895b5ec9a5372f8d46fb/elements - {"using":"xpath","value":"//bdi[text()=\"OK\"]"}
RESULT: {"using":"xpath","value":"//bdi[text()=\"OK\"]"}
COMMAND: POST /session/700a0ab92761895b5ec9a5372f8d46fb/elements - {"using":"xpath","value":"//bdi[text()=\"OK\"]"}
RESULT: {"using":"xpath","value":"//bdi[text()=\"OK\"]"}
COMMAND: POST /session/700a0ab92761895b5ec9a5372f8d46fb/elements - {"using":"xpath","value":"//bdi[text()=\"OK\"]"}
RESULT: {"using":"xpath","value":"//bdi[text()=\"OK\"]"}
COMMAND: POST /session/700a0ab92761895b5ec9a5372f8d46fb/elements - {"using":"xpath","value":"//bdi[text()=\"OK\"]"}
RESULT: {"using":"xpath","value":"//bdi[text()=\"OK\"]"}
COMMAND: POST /session/700a0ab92761895b5ec9a5372f8d46fb/elements - {"using":"xpath","value":"//bdi[text()=\"OK\"]"}
RESULT: {"using":"xpath","value":"//bdi[text()=\"OK\"]"}
COMMAND: POST /session/700a0ab92761895b5ec9a5372f8d46fb/elements - {"using":"xpath","value":"//bdi[text()=\"OK\"]"}
RESULT: {"using":"xpath","value":"//bdi[text()=\"OK\"]"}
COMMAND: POST /session/700a0ab92761895b5ec9a5372f8d46fb/elements - {"using":"xpath","value":"//bdi[text()=\"OK\"]"}
RESULT: {"using":"xpath","value":"//bdi[text()=\"OK\"]"}
COMMAND: POST /session/700a0ab92761895b5ec9a5372f8d46fb/elements - {"using":"xpath","value":"//bdi[text()=\"OK\"]"}
RESULT: {"using":"xpath","value":"//bdi[text()=\"OK\"]"}
COMMAND: POST /session/700a0ab92761895b5ec9a5372f8d46fb/elements - {"using":"xpath","value":"//bdi[text()=\"OK\"]"}
RESULT: {"using":"xpath","value":"//bdi[text()=\"OK\"]"}
COMMAND: POST /session/700a0ab92761895b5ec9a5372f8d46fb/elements - {"using":"xpath","value":"//bdi[text()=\"OK\"]"}
RESULT: {"using":"xpath","value":"//bdi[text()=\"OK\"]"}
COMMAND: POST /session/700a0ab92761895b5ec9a5372f8d46fb/elements - {"using":"xpath","value":"//bdi[text()=\"OK\"]"}
RESULT: {"using":"xpath","value":"//bdi[text()=\"OK\"]"}
COMMAND: POST /session/700a0ab92761895b5ec9a5372f8d46fb/elements - {"using":"xpath","value":"//bdi[text()=\"OK\"]"}
RESULT: {"using":"xpath","value":"//bdi[text()=\"OK\"]"}
COMMAND: POST /session/700a0ab92761895b5ec9a5372f8d46fb/elements - {"using":"xpath","value":"//bdi[text()=\"OK\"]"}
RESULT: {"using":"xpath","value":"//bdi[text()=\"OK\"]"}
COMMAND: POST /session/700a0ab92761895b5ec9a5372f8d46fb/elements - {"using":"xpath","value":"//bdi[text()=\"OK\"]"}
RESULT: {"using":"xpath","value":"//bdi[text()=\"OK\"]"}
COMMAND: POST /session/700a0ab92761895b5ec9a5372f8d46fb/elements - {"using":"xpath","value":"//bdi[text()=\"OK\"]"}
RESULT: {"using":"xpath","value":"//bdi[text()=\"OK\"]"}
COMMAND: POST /session/700a0ab92761895b5ec9a5372f8d46fb/elements - {"using":"xpath","value":"//bdi[text()=\"OK\"]"}
RESULT: {"using":"xpath","value":"//bdi[text()=\"OK\"]"}
COMMAND: POST /session/700a0ab92761895b5ec9a5372f8d46fb/elements - {"using":"xpath","value":"//bdi[text()=\"OK\"]"}
RESULT: {"using":"xpath","value":"//bdi[text()=\"OK\"]"}
COMMAND: POST /session/700a0ab92761895b5ec9a5372f8d46fb/elements - {"using":"xpath","value":"//bdi[text()=\"OK\"]"}
RESULT: {"using":"xpath","value":"//bdi[text()=\"OK\"]"}
COMMAND: POST /session/700a0ab92761895b5ec9a5372f8d46fb/elements - {"using":"xpath","value":"//bdi[text()=\"OK\"]"}
RESULT: {"using":"xpath","value":"//bdi[text()=\"OK\"]"}
COMMAND: POST /session/700a0ab92761895b5ec9a5372f8d46fb/elements - {"using":"xpath","value":"//bdi[text()=\"OK\"]"}
RESULT: {"using":"xpath","value":"//bdi[text()=\"OK\"]"}
COMMAND: POST /session/700a0ab92761895b5ec9a5372f8d46fb/elements - {"using":"xpath","value":"//bdi[text()=\"OK\"]"}
RESULT: {"using":"xpath","value":"//bdi[text()=\"OK\"]"}
COMMAND: POST /session/700a0ab92761895b5ec9a5372f8d46fb/elements - {"using":"xpath","value":"//bdi[text()=\"OK\"]"}
RESULT: {"using":"xpath","value":"//bdi[text()=\"OK\"]"}
COMMAND: POST /session/700a0ab92761895b5ec9a5372f8d46fb/elements - {"using":"xpath","value":"//bdi[text()=\"OK\"]"}
RESULT: {"using":"xpath","value":"//bdi[text()=\"OK\"]"}
COMMAND: POST /session/700a0ab92761895b5ec9a5372f8d46fb/elements - {"using":"xpath","value":"//bdi[text()=\"OK\"]"}
RESULT: {"using":"xpath","value":"//bdi[text()=\"OK\"]"}
COMMAND: POST /session/700a0ab92761895b5ec9a5372f8d46fb/elements - {"using":"xpath","value":"//bdi[text()=\"OK\"]"}
RESULT: {"using":"xpath","value":"//bdi[text()=\"OK\"]"}
COMMAND: POST /session/700a0ab92761895b5ec9a5372f8d46fb/elements - {"using":"xpath","value":"//bdi[text()=\"OK\"]"}
RESULT: {"using":"xpath","value":"//bdi[text()=\"OK\"]"}
COMMAND: POST /session/700a0ab92761895b5ec9a5372f8d46fb/elements - {"using":"xpath","value":"//bdi[text()=\"OK\"]"}
RESULT: {"using":"xpath","value":"//bdi[text()=\"OK\"]"}
COMMAND: POST /session/700a0ab92761895b5ec9a5372f8d46fb/elements - {"using":"xpath","value":"//bdi[text()=\"OK\"]"}
RESULT: {"using":"xpath","value":"//bdi[text()=\"OK\"]"}
COMMAND: POST /session/700a0ab92761895b5ec9a5372f8d46fb/elements - {"using":"xpath","value":"//bdi[text()=\"OK\"]"}
RESULT: {"using":"xpath","value":"//bdi[text()=\"OK\"]"}
COMMAND: POST /session/700a0ab92761895b5ec9a5372f8d46fb/elements - {"using":"xpath","value":"//bdi[text()=\"OK\"]"}
RESULT: {"using":"xpath","value":"//bdi[text()=\"OK\"]"}
COMMAND: POST /session/700a0ab92761895b5ec9a5372f8d46fb/elements - {"using":"xpath","value":"//bdi[text()=\"OK\"]"}
RESULT: {"using":"xpath","value":"//bdi[text()=\"OK\"]"}
COMMAND: POST /session/700a0ab92761895b5ec9a5372f8d46fb/elements - {"using":"xpath","value":"//bdi[text()=\"OK\"]"}
RESULT: {"using":"xpath","value":"//bdi[text()=\"OK\"]"}
COMMAND: POST /session/700a0ab92761895b5ec9a5372f8d46fb/elements - {"using":"xpath","value":"//bdi[text()=\"OK\"]"}
RESULT: {"using":"xpath","value":"//bdi[text()=\"OK\"]"}
COMMAND: POST /session/700a0ab92761895b5ec9a5372f8d46fb/elements - {"using":"xpath","value":"//bdi[text()=\"OK\"]"}
RESULT: {"using":"xpath","value":"//bdi[text()=\"OK\"]"}
COMMAND: POST /session/700a0ab92761895b5ec9a5372f8d46fb/elements - {"using":"xpath","value":"//bdi[text()=\"OK\"]"}
RESULT: {"using":"xpath","value":"//bdi[text()=\"OK\"]"}
COMMAND: POST /session/700a0ab92761895b5ec9a5372f8d46fb/elements - {"using":"xpath","value":"//bdi[text()=\"OK\"]"}
RESULT: {"using":"xpath","value":"//bdi[text()=\"OK\"]"}
COMMAND: POST /session/700a0ab92761895b5ec9a5372f8d46fb/elements - {"using":"xpath","value":"//bdi[text()=\"OK\"]"}
RESULT: {"using":"xpath","value":"//bdi[text()=\"OK\"]"}
COMMAND: POST /session/700a0ab92761895b5ec9a5372f8d46fb/elements - {"using":"xpath","value":"//bdi[text()=\"OK\"]"}
RESULT: {"using":"xpath","value":"//bdi[text()=\"OK\"]"}
COMMAND: POST /session/700a0ab92761895b5ec9a5372f8d46fb/elements - {"using":"xpath","value":"//bdi[text()=\"OK\"]"}
RESULT: {"using":"xpath","value":"//bdi[text()=\"OK\"]"}
COMMAND: POST /session/700a0ab92761895b5ec9a5372f8d46fb/elements - {"using":"xpath","value":"//bdi[text()=\"OK\"]"}
RESULT: {"using":"xpath","value":"//bdi[text()=\"OK\"]"}
COMMAND: POST /session/700a0ab92761895b5ec9a5372f8d46fb/elements - {"using":"xpath","value":"//bdi[text()=\"OK\"]"}
RESULT: {"using":"xpath","value":"//bdi[text()=\"OK\"]"}
COMMAND: POST /session/700a0ab92761895b5ec9a5372f8d46fb/elements - {"using":"xpath","value":"//bdi[text()=\"OK\"]"}
RESULT: {"using":"xpath","value":"//bdi[text()=\"OK\"]"}
COMMAND: POST /session/700a0ab92761895b5ec9a5372f8d46fb/elements - {"using":"xpath","value":"//bdi[text()=\"OK\"]"}
RESULT: {"using":"xpath","value":"//bdi[text()=\"OK\"]"}
COMMAND: POST /session/700a0ab92761895b5ec9a5372f8d46fb/elements - {"using":"xpath","value":"//bdi[text()=\"OK\"]"}
RESULT: {"using":"xpath","value":"//bdi[text()=\"OK\"]"}
COMMAND: POST /session/700a0ab92761895b5ec9a5372f8d46fb/elements - {"using":"xpath","value":"//bdi[text()=\"OK\"]"}
RESULT: {"using":"xpath","value":"//bdi[text()=\"OK\"]"}
COMMAND: POST /session/700a0ab92761895b5ec9a5372f8d46fb/elements - {"using":"xpath","value":"//bdi[text()=\"OK\"]"}
RESULT: {"using":"xpath","value":"//bdi[text()=\"OK\"]"}
COMMAND: POST /session/700a0ab92761895b5ec9a5372f8d46fb/elements - {"using":"xpath","value":"//bdi[text()=\"OK\"]"}
RESULT: {"using":"xpath","value":"//bdi[text()=\"OK\"]"}
COMMAND: POST /session/700a0ab92761895b5ec9a5372f8d46fb/elements - {"using":"xpath","value":"//bdi[text()=\"OK\"]"}
RESULT: {"using":"xpath","value":"//bdi[text()=\"OK\"]"}
COMMAND: POST /session/700a0ab92761895b5ec9a5372f8d46fb/elements - {"using":"xpath","value":"//bdi[text()=\"OK\"]"}
RESULT: {"using":"xpath","value":"//bdi[text()=\"OK\"]"}
COMMAND: POST /session/700a0ab92761895b5ec9a5372f8d46fb/elements - {"using":"xpath","value":"//bdi[text()=\"OK\"]"}
RESULT: {"using":"xpath","value":"//bdi[text()=\"OK\"]"}
COMMAND: POST /session/700a0ab92761895b5ec9a5372f8d46fb/elements - {"using":"xpath","value":"//bdi[text()=\"OK\"]"}
RESULT: {"using":"xpath","value":"//bdi[text()=\"OK\"]"}
COMMAND: POST /session/700a0ab92761895b5ec9a5372f8d46fb/elements - {"using":"xpath","value":"//bdi[text()=\"OK\"]"}
RESULT: {"using":"xpath","value":"//bdi[text()=\"OK\"]"}
COMMAND: POST /session/700a0ab92761895b5ec9a5372f8d46fb/elements - {"using":"xpath","value":"//bdi[text()=\"OK\"]"}
RESULT: {"using":"xpath","value":"//bdi[text()=\"OK\"]"}
COMMAND: POST /session/700a0ab92761895b5ec9a5372f8d46fb/elements - {"using":"xpath","value":"//bdi[text()=\"OK\"]"}
RESULT: {"using":"xpath","value":"//bdi[text()=\"OK\"]"}
COMMAND: POST /session/700a0ab92761895b5ec9a5372f8d46fb/elements - {"using":"xpath","value":"//bdi[text()=\"OK\"]"}
RESULT: {"using":"xpath","value":"//bdi[text()=\"OK\"]"}
COMMAND: POST /session/700a0ab92761895b5ec9a5372f8d46fb/elements - {"using":"xpath","value":"//bdi[text()=\"OK\"]"}
RESULT: {"using":"xpath","value":"//bdi[text()=\"OK\"]"}
COMMAND: POST /session/700a0ab92761895b5ec9a5372f8d46fb/elements - {"using":"xpath","value":"//bdi[text()=\"OK\"]"}
RESULT: {"using":"xpath","value":"//bdi[text()=\"OK\"]"}
COMMAND: POST /session/700a0ab92761895b5ec9a5372f8d46fb/elements - {"using":"xpath","value":"//bdi[text()=\"OK\"]"}
RESULT: {"using":"xpath","value":"//bdi[text()=\"OK\"]"}
COMMAND: POST /session/700a0ab92761895b5ec9a5372f8d46fb/elements - {"using":"xpath","value":"//bdi[text()=\"OK\"]"}
RESULT: {"using":"xpath","value":"//bdi[text()=\"OK\"]"}
COMMAND: POST /session/700a0ab92761895b5ec9a5372f8d46fb/elements - {"using":"xpath","value":"//bdi[text()=\"OK\"]"}
RESULT: {"using":"xpath","value":"//bdi[text()=\"OK\"]"}
COMMAND: POST /session/700a0ab92761895b5ec9a5372f8d46fb/elements - {"using":"xpath","value":"//bdi[text()=\"OK\"]"}
RESULT: {"using":"xpath","value":"//bdi[text()=\"OK\"]"}
COMMAND: POST /session/700a0ab92761895b5ec9a5372f8d46fb/elements - {"using":"xpath","value":"//bdi[text()=\"OK\"]"}
RESULT: {"using":"xpath","value":"//bdi[text()=\"OK\"]"}
COMMAND: POST /session/700a0ab92761895b5ec9a5372f8d46fb/elements - {"using":"xpath","value":"//bdi[text()=\"OK\"]"}
RESULT: {"using":"xpath","value":"//bdi[text()=\"OK\"]"}
COMMAND: POST /session/700a0ab92761895b5ec9a5372f8d46fb/elements - {"using":"xpath","value":"//bdi[text()=\"OK\"]"}
RESULT: {"using":"xpath","value":"//bdi[text()=\"OK\"]"}
COMMAND: POST /session/700a0ab92761895b5ec9a5372f8d46fb/elements - {"using":"xpath","value":"//bdi[text()=\"OK\"]"}
RESULT: {"using":"xpath","value":"//bdi[text()=\"OK\"]"}
COMMAND: POST /session/700a0ab92761895b5ec9a5372f8d46fb/elements - {"using":"xpath","value":"//bdi[text()=\"OK\"]"}
RESULT: {"using":"xpath","value":"//bdi[text()=\"OK\"]"}
COMMAND: POST /session/700a0ab92761895b5ec9a5372f8d46fb/elements - {"using":"xpath","value":"//bdi[text()=\"OK\"]"}
RESULT: {"using":"xpath","value":"//bdi[text()=\"OK\"]"}
COMMAND: POST /session/700a0ab92761895b5ec9a5372f8d46fb/elements - {"using":"xpath","value":"//bdi[text()=\"OK\"]"}
RESULT: {"using":"xpath","value":"//bdi[text()=\"OK\"]"}
COMMAND: POST /session/700a0ab92761895b5ec9a5372f8d46fb/elements - {"using":"xpath","value":"//bdi[text()=\"OK\"]"}
RESULT: {"using":"xpath","value":"//bdi[text()=\"OK\"]"}
COMMAND: POST /session/700a0ab92761895b5ec9a5372f8d46fb/elements - {"using":"xpath","value":"//bdi[text()=\"OK\"]"}
RESULT: {"using":"xpath","value":"//bdi[text()=\"OK\"]"}
COMMAND: POST /session/700a0ab92761895b5ec9a5372f8d46fb/elements - {"using":"xpath","value":"//bdi[text()=\"OK\"]"}
RESULT: {"using":"xpath","value":"//bdi[text()=\"OK\"]"}
COMMAND: POST /session/700a0ab92761895b5ec9a5372f8d46fb/elements - {"using":"xpath","value":"//bdi[text()=\"OK\"]"}
RESULT: {"using":"xpath","value":"//bdi[text()=\"OK\"]"}
COMMAND: POST /session/700a0ab92761895b5ec9a5372f8d46fb/elements - {"using":"xpath","value":"//bdi[text()=\"OK\"]"}
RESULT: {"using":"xpath","value":"//bdi[text()=\"OK\"]"}
COMMAND: POST /session/700a0ab92761895b5ec9a5372f8d46fb/elements - {"using":"xpath","value":"//bdi[text()=\"OK\"]"}
RESULT: {"using":"xpath","value":"//bdi[text()=\"OK\"]"}
COMMAND: POST /session/700a0ab92761895b5ec9a5372f8d46fb/elements - {"using":"xpath","value":"//bdi[text()=\"OK\"]"}
RESULT: {"using":"xpath","value":"//bdi[text()=\"OK\"]"}
COMMAND: POST /session/700a0ab92761895b5ec9a5372f8d46fb/elements - {"using":"xpath","value":"//bdi[text()=\"OK\"]"}
RESULT: {"using":"xpath","value":"//bdi[text()=\"OK\"]"}
COMMAND: POST /session/700a0ab92761895b5ec9a5372f8d46fb/elements - {"using":"xpath","value":"//bdi[text()=\"OK\"]"}
RESULT: {"using":"xpath","value":"//bdi[text()=\"OK\"]"}
COMMAND: POST /session/700a0ab92761895b5ec9a5372f8d46fb/elements - {"using":"xpath","value":"//bdi[text()=\"OK\"]"}
RESULT: {"using":"xpath","value":"//bdi[text()=\"OK\"]"}
COMMAND: POST /session/700a0ab92761895b5ec9a5372f8d46fb/elements - {"using":"xpath","value":"//bdi[text()=\"OK\"]"}
RESULT: {"using":"xpath","value":"//bdi[text()=\"OK\"]"}
COMMAND: POST /session/700a0ab92761895b5ec9a5372f8d46fb/elements - {"using":"xpath","value":"//bdi[text()=\"OK\"]"}
RESULT: {"using":"xpath","value":"//bdi[text()=\"OK\"]"}
COMMAND: POST /session/700a0ab92761895b5ec9a5372f8d46fb/elements - {"using":"xpath","value":"//bdi[text()=\"OK\"]"}
RESULT: {"using":"xpath","value":"//bdi[text()=\"OK\"]"}
COMMAND: POST /session/700a0ab92761895b5ec9a5372f8d46fb/elements - {"using":"xpath","value":"//bdi[text()=\"OK\"]"}
RESULT: {"using":"xpath","value":"//bdi[text()=\"OK\"]"}
COMMAND: POST /session/700a0ab92761895b5ec9a5372f8d46fb/elements - {"using":"xpath","value":"//bdi[text()=\"OK\"]"}
RESULT: {"using":"xpath","value":"//bdi[text()=\"OK\"]"}
COMMAND: POST /session/700a0ab92761895b5ec9a5372f8d46fb/elements - {"using":"xpath","value":"//bdi[text()=\"OK\"]"}
RESULT: {"using":"xpath","value":"//bdi[text()=\"OK\"]"}
COMMAND: POST /session/700a0ab92761895b5ec9a5372f8d46fb/elements - {"using":"xpath","value":"//bdi[text()=\"OK\"]"}
RESULT: {"using":"xpath","value":"//bdi[text()=\"OK\"]"}
COMMAND: POST /session/700a0ab92761895b5ec9a5372f8d46fb/elements - {"using":"xpath","value":"//bdi[text()=\"OK\"]"}
RESULT: {"using":"xpath","value":"//bdi[text()=\"OK\"]"}
COMMAND: POST /session/700a0ab92761895b5ec9a5372f8d46fb/elements - {"using":"xpath","value":"//bdi[text()=\"OK\"]"}
RESULT: {"using":"xpath","value":"//bdi[text()=\"OK\"]"}
COMMAND: POST /session/700a0ab92761895b5ec9a5372f8d46fb/elements - {"using":"xpath","value":"//bdi[text()=\"OK\"]"}
RESULT: {"using":"xpath","value":"//bdi[text()=\"OK\"]"}
COMMAND: POST /session/700a0ab92761895b5ec9a5372f8d46fb/elements - {"using":"xpath","value":"//bdi[text()=\"OK\"]"}
RESULT: {"using":"xpath","value":"//bdi[text()=\"OK\"]"}
COMMAND: POST /session/700a0ab92761895b5ec9a5372f8d46fb/elements - {"using":"xpath","value":"//bdi[text()=\"OK\"]"}
RESULT: {"using":"xpath","value":"//bdi[text()=\"OK\"]"}
COMMAND: POST /session/700a0ab92761895b5ec9a5372f8d46fb/elements - {"using":"xpath","value":"//bdi[text()=\"OK\"]"}
RESULT: {"using":"xpath","value":"//bdi[text()=\"OK\"]"}
COMMAND: POST /session/700a0ab92761895b5ec9a5372f8d46fb/elements - {"using":"xpath","value":"//bdi[text()=\"OK\"]"}
RESULT: {"using":"xpath","value":"//bdi[text()=\"OK\"]"}
COMMAND: POST /session/700a0ab92761895b5ec9a5372f8d46fb/elements - {"using":"xpath","value":"//bdi[text()=\"OK\"]"}
RESULT: {"using":"xpath","value":"//bdi[text()=\"OK\"]"}
COMMAND: POST /session/700a0ab92761895b5ec9a5372f8d46fb/elements - {"using":"xpath","value":"//bdi[text()=\"OK\"]"}
RESULT: {"using":"xpath","value":"//bdi[text()=\"OK\"]"}
COMMAND: POST /session/700a0ab92761895b5ec9a5372f8d46fb/elements - {"using":"xpath","value":"//bdi[text()=\"OK\"]"}
RESULT: {"using":"xpath","value":"//bdi[text()=\"OK\"]"}
COMMAND: POST /session/700a0ab92761895b5ec9a5372f8d46fb/elements - {"using":"xpath","value":"//bdi[text()=\"OK\"]"}
RESULT: {"using":"xpath","value":"//bdi[text()=\"OK\"]"}
COMMAND: POST /session/700a0ab92761895b5ec9a5372f8d46fb/elements - {"using":"xpath","value":"//bdi[text()=\"OK\"]"}
RESULT: {"using":"xpath","value":"//bdi[text()=\"OK\"]"}
COMMAND: POST /session/700a0ab92761895b5ec9a5372f8d46fb/elements - {"using":"xpath","value":"//bdi[text()=\"OK\"]"}
RESULT: {"using":"xpath","value":"//bdi[text()=\"OK\"]"}
COMMAND: POST /session/700a0ab92761895b5ec9a5372f8d46fb/elements - {"using":"xpath","value":"//bdi[text()=\"OK\"]"}
RESULT: {"using":"xpath","value":"//bdi[text()=\"OK\"]"}
COMMAND: POST /session/700a0ab92761895b5ec9a5372f8d46fb/execute/async - {"script":"<script> [1562 bytes]","args":[{"selector":{"id":"application-manageresources-display-component---newResourceUnit--TYPE-arrow"},"wdio_ui5_key":"applicationmanageresources-display-component---newResourceUnit--TYPE-arrow"}]}
RESULT: {"script":"<script> [1562 bytes]","args":[{"selector":{"id":"application-manageresources-display-component---newResourceUnit--TYPE-arrow"},"wdio_ui5_key":"applicationmanageresources-display-component---newResourceUnit--TYPE-arrow"}]}
RESULT: undefined
COMMAND: POST /session/700a0ab92761895b5ec9a5372f8d46fb/element - {"using":"xpath","value":"//*[@id=\"application-manageresources-display-component---newResourceUnit--TYPE-arrow\"]"}
RESULT: {"using":"xpath","value":"//*[@id=\"application-manageresources-display-component---newResourceUnit--TYPE-arrow\"]"}
COMMAND: POST /session/700a0ab92761895b5ec9a5372f8d46fb/element/f.647512A71DDA687F9F591F39CAC5A62D.d.320506C734F8D0B27C89771EA82C4157.e.3179/click - {}
RESULT: {}
COMMAND: POST /session/700a0ab92761895b5ec9a5372f8d46fb/execute/async - {"script":"<script> [1562 bytes]","args":[{"selector":{"controlType":"sap.m.StandardListItem","viewName":"reusables.view.manageresources.NewResourceUnit","viewId":"application-manageresources-display-component---newResourceUnit","properties":{"title":"Material"},"searchOpenDialogs":true,"interaction":{"idSuffix":"titleText"}},"wdio_ui5_key":"reusablesview.manageresources.NewResourceUnitsap.m.StandardListItem{\"title\":\"Material\"}"}]}
COMMAND: GET /session/700a0ab92761895b5ec9a5372f8d46fb/screenshot - {}
RESULT: {"script":"<script> [1562 bytes]","args":[{"selector":{"controlType":"sap.m.StandardListItem","viewName":"reusables.view.manageresources.NewResourceUnit","viewId":"application-manageresources-display-component---newResourceUnit","properties":{"title":"Material"},"searchOpenDialogs":true,"interaction":{"idSuffix":"titleText"}},"wdio_ui5_key":"reusablesview.manageresources.NewResourceUnitsap.m.StandardListItem{\"title\":\"Material\"}"}]}
RESULT: undefined
COMMAND: POST /session/700a0ab92761895b5ec9a5372f8d46fb/element - {"using":"xpath","value":"//*[@id=\"__item1291\"]"}
RESULT: {}
RESULT: {"using":"xpath","value":"//*[@id=\"__item1291\"]"}
COMMAND: POST /session/700a0ab92761895b5ec9a5372f8d46fb/element/f.647512A71DDA687F9F591F39CAC5A62D.d.320506C734F8D0B27C89771EA82C4157.e.3182/click - {}
RESULT: {}
COMMAND: GET /session/700a0ab92761895b5ec9a5372f8d46fb/screenshot - {}
RESULT: {}
COMMAND: POST /session/700a0ab92761895b5ec9a5372f8d46fb/execute/async - {"script":"<script> [1562 bytes]","args":[{"selector":{"id":"application-manageresources-display-component---newResourceUnit--newRRUPage-OPHeaderContent-collapseBtn-img"},"wdio_ui5_key":"applicationmanageresources-display-component---newResourceUnit--newRRUPage-OPHeaderContent-collapseBtn-img"}]}
RESULT: {"script":"<script> [1562 bytes]","args":[{"selector":{"id":"application-manageresources-display-component---newResourceUnit--newRRUPage-OPHeaderContent-collapseBtn-img"},"wdio_ui5_key":"applicationmanageresources-display-component---newResourceUnit--newRRUPage-OPHeaderContent-collapseBtn-img"}]}
RESULT: undefined
COMMAND: POST /session/700a0ab92761895b5ec9a5372f8d46fb/element - {"using":"xpath","value":"//*[@id=\"application-manageresources-display-component---newResourceUnit--newRRUPage-OPHeaderContent-collapseBtn-img\"]"}
RESULT: {"using":"xpath","value":"//*[@id=\"application-manageresources-display-component---newResourceUnit--newRRUPage-OPHeaderContent-collapseBtn-img\"]"}
COMMAND: POST /session/700a0ab92761895b5ec9a5372f8d46fb/element/f.647512A71DDA687F9F591F39CAC5A62D.d.320506C734F8D0B27C89771EA82C4157.e.3189/click - {}
RESULT: {}
COMMAND: GET /session/700a0ab92761895b5ec9a5372f8d46fb/screenshot - {}
RESULT: {}
COMMAND: POST /session/700a0ab92761895b5ec9a5372f8d46fb/execute/async - {"script":"<script> [1562 bytes]","args":[{"selector":{"id":"application-manageresources-display-component---newResourceUnit--SHORT_TEXT","interaction":{"idSuffix":"inner"}},"wdio_ui5_key":"applicationmanageresources-display-component---newResourceUnit--SHORT_TEXT"}]}
RESULT: {"script":"<script> [1562 bytes]","args":[{"selector":{"id":"application-manageresources-display-component---newResourceUnit--SHORT_TEXT","interaction":{"idSuffix":"inner"}},"wdio_ui5_key":"applicationmanageresources-display-component---newResourceUnit--SHORT_TEXT"}]}
RESULT: undefined
COMMAND: POST /session/700a0ab92761895b5ec9a5372f8d46fb/execute/async - {"script":"<script> [776 bytes]","args":[{"enterText":"WebdriverWHM_RUR2Cjuyf6l","selector":{"id":"application-manageresources-display-component---newResourceUnit--SHORT_TEXT","interaction":{"idSuffix":"inner"}},"clearTextFirst":true,"interactionType":"ENTER_TEXT"}]}
RESULT: {"script":"<script> [776 bytes]","args":[{"enterText":"WebdriverWHM_RUR2Cjuyf6l","selector":{"id":"application-manageresources-display-component---newResourceUnit--SHORT_TEXT","interaction":{"idSuffix":"inner"}},"clearTextFirst":true,"interactionType":"ENTER_TEXT"}]}
COMMAND: POST /session/700a0ab92761895b5ec9a5372f8d46fb/execute/async - {"script":"<script> [1562 bytes]","args":[{"selector":{"id":"application-manageresources-display-component---newResourceUnit--BASE_UNIT_OF_MEASURE-arrow"},"wdio_ui5_key":"applicationmanageresources-display-component---newResourceUnit--BASE_UNIT_OF_MEASURE-arrow"}]}
RESULT: {"script":"<script> [1562 bytes]","args":[{"selector":{"id":"application-manageresources-display-component---newResourceUnit--BASE_UNIT_OF_MEASURE-arrow"},"wdio_ui5_key":"applicationmanageresources-display-component---newResourceUnit--BASE_UNIT_OF_MEASURE-arrow"}]}
RESULT: undefined
COMMAND: POST /session/700a0ab92761895b5ec9a5372f8d46fb/element - {"using":"xpath","value":"//*[@id=\"application-manageresources-display-component---newResourceUnit--BASE_UNIT_OF_MEASURE-arrow\"]"}
RESULT: {"using":"xpath","value":"//*[@id=\"application-manageresources-display-component---newResourceUnit--BASE_UNIT_OF_MEASURE-arrow\"]"}
COMMAND: POST /session/700a0ab92761895b5ec9a5372f8d46fb/element/f.647512A71DDA687F9F591F39CAC5A62D.d.320506C734F8D0B27C89771EA82C4157.e.3242/click - {}
RESULT: {}
COMMAND: POST /session/700a0ab92761895b5ec9a5372f8d46fb/execute/async - {"script":"<script> [1562 bytes]","args":[{"selector":{"controlType":"sap.m.StandardListItem","viewName":"reusables.view.manageresources.NewResourceUnit","viewId":"application-manageresources-display-component---newResourceUnit","properties":{"title":"Piece"},"searchOpenDialogs":true,"interaction":{"idSuffix":"content"}},"wdio_ui5_key":"reusablesview.manageresources.NewResourceUnitsap.m.StandardListItem{\"title\":\"Piece\"}"}]}
COMMAND: GET /session/700a0ab92761895b5ec9a5372f8d46fb/screenshot - {}
RESULT: {"script":"<script> [1562 bytes]","args":[{"selector":{"controlType":"sap.m.StandardListItem","viewName":"reusables.view.manageresources.NewResourceUnit","viewId":"application-manageresources-display-component---newResourceUnit","properties":{"title":"Piece"},"searchOpenDialogs":true,"interaction":{"idSuffix":"content"}},"wdio_ui5_key":"reusablesview.manageresources.NewResourceUnitsap.m.StandardListItem{\"title\":\"Piece\"}"}]}
RESULT: undefined
COMMAND: POST /session/700a0ab92761895b5ec9a5372f8d46fb/element - {"using":"xpath","value":"//*[@id=\"__item1335\"]"}
RESULT: {}
RESULT: {"using":"xpath","value":"//*[@id=\"__item1335\"]"}
COMMAND: POST /session/700a0ab92761895b5ec9a5372f8d46fb/element/f.647512A71DDA687F9F591F39CAC5A62D.d.320506C734F8D0B27C89771EA82C4157.e.3244/click - {}
RESULT: {}
COMMAND: POST /session/700a0ab92761895b5ec9a5372f8d46fb/execute/async - {"script":"<script> [1562 bytes]","args":[{"selector":{"id":"application-manageresources-display-component---newResourceUnit--WEIGHT_UNIT-arrow"},"wdio_ui5_key":"applicationmanageresources-display-component---newResourceUnit--WEIGHT_UNIT-arrow"}]}
COMMAND: GET /session/700a0ab92761895b5ec9a5372f8d46fb/screenshot - {}
RESULT: {"script":"<script> [1562 bytes]","args":[{"selector":{"id":"application-manageresources-display-component---newResourceUnit--WEIGHT_UNIT-arrow"},"wdio_ui5_key":"applicationmanageresources-display-component---newResourceUnit--WEIGHT_UNIT-arrow"}]}
RESULT: undefined
COMMAND: POST /session/700a0ab92761895b5ec9a5372f8d46fb/element - {"using":"xpath","value":"//*[@id=\"application-manageresources-display-component---newResourceUnit--WEIGHT_UNIT-arrow\"]"}
RESULT: {}
RESULT: {"using":"xpath","value":"//*[@id=\"application-manageresources-display-component---newResourceUnit--WEIGHT_UNIT-arrow\"]"}
COMMAND: POST /session/700a0ab92761895b5ec9a5372f8d46fb/element/f.647512A71DDA687F9F591F39CAC5A62D.d.320506C734F8D0B27C89771EA82C4157.e.3245/click - {}
RESULT: {}
COMMAND: POST /session/700a0ab92761895b5ec9a5372f8d46fb/execute/async - {"script":"<script> [1562 bytes]","args":[{"selector":{"controlType":"sap.m.StandardListItem","viewName":"reusables.view.manageresources.NewResourceUnit","viewId":"application-manageresources-display-component---newResourceUnit","properties":{"title":"Gram"},"searchOpenDialogs":true,"interaction":{"idSuffix":"content"}},"wdio_ui5_key":"reusablesview.manageresources.NewResourceUnitsap.m.StandardListItem{\"title\":\"Gram\"}"}]}
COMMAND: GET /session/700a0ab92761895b5ec9a5372f8d46fb/screenshot - {}
RESULT: {"script":"<script> [1562 bytes]","args":[{"selector":{"controlType":"sap.m.StandardListItem","viewName":"reusables.view.manageresources.NewResourceUnit","viewId":"application-manageresources-display-component---newResourceUnit","properties":{"title":"Gram"},"searchOpenDialogs":true,"interaction":{"idSuffix":"content"}},"wdio_ui5_key":"reusablesview.manageresources.NewResourceUnitsap.m.StandardListItem{\"title\":\"Gram\"}"}]}
RESULT: undefined
COMMAND: POST /session/700a0ab92761895b5ec9a5372f8d46fb/element - {"using":"xpath","value":"//*[@id=\"__item1400\"]"}
RESULT: {}
RESULT: {"using":"xpath","value":"//*[@id=\"__item1400\"]"}
COMMAND: POST /session/700a0ab92761895b5ec9a5372f8d46fb/element/f.647512A71DDA687F9F591F39CAC5A62D.d.320506C734F8D0B27C89771EA82C4157.e.3247/click - {}
RESULT: {}
COMMAND: POST /session/700a0ab92761895b5ec9a5372f8d46fb/element - {"using":"xpath","value":"//bdi[text()='Reference']"}
COMMAND: GET /session/700a0ab92761895b5ec9a5372f8d46fb/screenshot - {}
RESULT: {"using":"xpath","value":"//bdi[text()='Reference']"}
COMMAND: GET /session/700a0ab92761895b5ec9a5372f8d46fb/element/f.647512A71DDA687F9F591F39CAC5A62D.d.320506C734F8D0B27C89771EA82C4157.e.3248/enabled - {}
RESULT: {}
RESULT: {}
COMMAND: POST /session/700a0ab92761895b5ec9a5372f8d46fb/execute/sync - {"script":"<script> [8489 bytes]","args":[{"element-6066-11e4-a52e-4f735466cecf":"f.647512A71DDA687F9F591F39CAC5A62D.d.320506C734F8D0B27C89771EA82C4157.e.3248","ELEMENT":"f.647512A71DDA687F9F591F39CAC5A62D.d.320506C734F8D0B27C89771EA82C4157.e.3248"}]}
COMMAND: GET /session/700a0ab92761895b5ec9a5372f8d46fb/screenshot - {}
RESULT: {"script":"<script> [8489 bytes]","args":[{"element-6066-11e4-a52e-4f735466cecf":"f.647512A71DDA687F9F591F39CAC5A62D.d.320506C734F8D0B27C89771EA82C4157.e.3248","ELEMENT":"f.647512A71DDA687F9F591F39CAC5A62D.d.320506C734F8D0B27C89771EA82C4157.e.3248"}]}
COMMAND: POST /session/700a0ab92761895b5ec9a5372f8d46fb/execute/sync - {"script":"<script> [5351 bytes]","args":[{"element-6066-11e4-a52e-4f735466cecf":"f.647512A71DDA687F9F591F39CAC5A62D.d.320506C734F8D0B27C89771EA82C4157.e.3248","ELEMENT":"f.647512A71DDA687F9F591F39CAC5A62D.d.320506C734F8D0B27C89771EA82C4157.e.3248"}]}
COMMAND: GET /session/700a0ab92761895b5ec9a5372f8d46fb/screenshot - {}
RESULT: {}
RESULT: {"script":"<script> [5351 bytes]","args":[{"element-6066-11e4-a52e-4f735466cecf":"f.647512A71DDA687F9F591F39CAC5A62D.d.320506C734F8D0B27C89771EA82C4157.e.3248","ELEMENT":"f.647512A71DDA687F9F591F39CAC5A62D.d.320506C734F8D0B27C89771EA82C4157.e.3248"}]}
COMMAND: POST /session/700a0ab92761895b5ec9a5372f8d46fb/element/f.647512A71DDA687F9F591F39CAC5A62D.d.320506C734F8D0B27C89771EA82C4157.e.3248/click - {}
COMMAND: GET /session/700a0ab92761895b5ec9a5372f8d46fb/screenshot - {}
RESULT: {}
RESULT: {}
COMMAND: POST /session/700a0ab92761895b5ec9a5372f8d46fb/element - {"using":"xpath","value":"//bdi[text()='General Information']"}
COMMAND: GET /session/700a0ab92761895b5ec9a5372f8d46fb/screenshot - {}
RESULT: {}
RESULT: {"using":"xpath","value":"//bdi[text()='General Information']"}
COMMAND: GET /session/700a0ab92761895b5ec9a5372f8d46fb/element/f.647512A71DDA687F9F591F39CAC5A62D.d.320506C734F8D0B27C89771EA82C4157.e.3253/enabled - {}
RESULT: {}
RESULT: {}
COMMAND: POST /session/700a0ab92761895b5ec9a5372f8d46fb/execute/sync - {"script":"<script> [8489 bytes]","args":[{"element-6066-11e4-a52e-4f735466cecf":"f.647512A71DDA687F9F591F39CAC5A62D.d.320506C734F8D0B27C89771EA82C4157.e.3253","ELEMENT":"f.647512A71DDA687F9F591F39CAC5A62D.d.320506C734F8D0B27C89771EA82C4157.e.3253"}]}
COMMAND: GET /session/700a0ab92761895b5ec9a5372f8d46fb/screenshot - {}
RESULT: {"script":"<script> [8489 bytes]","args":[{"element-6066-11e4-a52e-4f735466cecf":"f.647512A71DDA687F9F591F39CAC5A62D.d.320506C734F8D0B27C89771EA82C4157.e.3253","ELEMENT":"f.647512A71DDA687F9F591F39CAC5A62D.d.320506C734F8D0B27C89771EA82C4157.e.3253"}]}
COMMAND: POST /session/700a0ab92761895b5ec9a5372f8d46fb/execute/sync - {"script":"<script> [5351 bytes]","args":[{"element-6066-11e4-a52e-4f735466cecf":"f.647512A71DDA687F9F591F39CAC5A62D.d.320506C734F8D0B27C89771EA82C4157.e.3253","ELEMENT":"f.647512A71DDA687F9F591F39CAC5A62D.d.320506C734F8D0B27C89771EA82C4157.e.3253"}]}
COMMAND: GET /session/700a0ab92761895b5ec9a5372f8d46fb/screenshot - {}
RESULT: {}
RESULT: {"script":"<script> [5351 bytes]","args":[{"element-6066-11e4-a52e-4f735466cecf":"f.647512A71DDA687F9F591F39CAC5A62D.d.320506C734F8D0B27C89771EA82C4157.e.3253","ELEMENT":"f.647512A71DDA687F9F591F39CAC5A62D.d.320506C734F8D0B27C89771EA82C4157.e.3253"}]}
COMMAND: POST /session/700a0ab92761895b5ec9a5372f8d46fb/element/f.647512A71DDA687F9F591F39CAC5A62D.d.320506C734F8D0B27C89771EA82C4157.e.3253/click - {}
COMMAND: GET /session/700a0ab92761895b5ec9a5372f8d46fb/screenshot - {}
RESULT: {}
RESULT: {}
COMMAND: POST /session/700a0ab92761895b5ec9a5372f8d46fb/execute/async - {"script":"<script> [1562 bytes]","args":[{"selector":{"id":"application-manageresources-display-component---newResourceUnit--DIMENSION_UNIT-arrow"},"wdio_ui5_key":"applicationmanageresources-display-component---newResourceUnit--DIMENSION_UNIT-arrow"}]}
COMMAND: GET /session/700a0ab92761895b5ec9a5372f8d46fb/screenshot - {}
RESULT: {}
RESULT: {"script":"<script> [1562 bytes]","args":[{"selector":{"id":"application-manageresources-display-component---newResourceUnit--DIMENSION_UNIT-arrow"},"wdio_ui5_key":"applicationmanageresources-display-component---newResourceUnit--DIMENSION_UNIT-arrow"}]}
RESULT: undefined
COMMAND: POST /session/700a0ab92761895b5ec9a5372f8d46fb/element - {"using":"xpath","value":"//*[@id=\"application-manageresources-display-component---newResourceUnit--DIMENSION_UNIT-arrow\"]"}
RESULT: {}
RESULT: {"using":"xpath","value":"//*[@id=\"application-manageresources-display-component---newResourceUnit--DIMENSION_UNIT-arrow\"]"}
COMMAND: POST /session/700a0ab92761895b5ec9a5372f8d46fb/element/f.647512A71DDA687F9F591F39CAC5A62D.d.320506C734F8D0B27C89771EA82C4157.e.3257/click - {}
RESULT: {}
COMMAND: GET /session/700a0ab92761895b5ec9a5372f8d46fb/screenshot - {}
RESULT: {}
COMMAND: POST /session/700a0ab92761895b5ec9a5372f8d46fb/execute/async - {"script":"<script> [1562 bytes]","args":[{"selector":{"controlType":"sap.m.StandardListItem","viewName":"reusables.view.manageresources.NewResourceUnit","viewId":"application-manageresources-display-component---newResourceUnit","properties":{"title":"Centimeter"},"searchOpenDialogs":true,"interaction":{"idSuffix":"titleText"}},"wdio_ui5_key":"reusablesview.manageresources.NewResourceUnitsap.m.StandardListItem{\"title\":\"Centimeter\"}"}]}
RESULT: {"script":"<script> [1562 bytes]","args":[{"selector":{"controlType":"sap.m.StandardListItem","viewName":"reusables.view.manageresources.NewResourceUnit","viewId":"application-manageresources-display-component---newResourceUnit","properties":{"title":"Centimeter"},"searchOpenDialogs":true,"interaction":{"idSuffix":"titleText"}},"wdio_ui5_key":"reusablesview.manageresources.NewResourceUnitsap.m.StandardListItem{\"title\":\"Centimeter\"}"}]}
RESULT: undefined
COMMAND: POST /session/700a0ab92761895b5ec9a5372f8d46fb/element - {"using":"xpath","value":"//*[@id=\"__item1403\"]"}
RESULT: {"using":"xpath","value":"//*[@id=\"__item1403\"]"}
COMMAND: POST /session/700a0ab92761895b5ec9a5372f8d46fb/element/f.647512A71DDA687F9F591F39CAC5A62D.d.320506C734F8D0B27C89771EA82C4157.e.3259/click - {}
RESULT: {}
COMMAND: POST /session/700a0ab92761895b5ec9a5372f8d46fb/execute/async - {"script":"<script> [1562 bytes]","args":[{"selector":{"id":"application-manageresources-display-component---newResourceUnit--newRRUPage-anchBar-application-manageresources-display-component---newResourceUnit--reference-anchor","interaction":{"idSuffix":"BDI-content"}},"wdio_ui5_key":"applicationmanageresources-display-component---newResourceUnit--newRRUPage-anchBar-application-manageresources-display-component---newResourceUnit--reference-anchor"}]}
COMMAND: GET /session/700a0ab92761895b5ec9a5372f8d46fb/screenshot - {}
RESULT: {"script":"<script> [1562 bytes]","args":[{"selector":{"id":"application-manageresources-display-component---newResourceUnit--newRRUPage-anchBar-application-manageresources-display-component---newResourceUnit--reference-anchor","interaction":{"idSuffix":"BDI-content"}},"wdio_ui5_key":"applicationmanageresources-display-component---newResourceUnit--newRRUPage-anchBar-application-manageresources-display-component---newResourceUnit--reference-anchor"}]}
RESULT: undefined
COMMAND: POST /session/700a0ab92761895b5ec9a5372f8d46fb/element - {"using":"xpath","value":"//*[@id=\"application-manageresources-display-component---newResourceUnit--newRRUPage-anchBar-application-manageresources-display-component---newResourceUnit--reference-anchor\"]"}
RESULT: {}
RESULT: {"using":"xpath","value":"//*[@id=\"application-manageresources-display-component---newResourceUnit--newRRUPage-anchBar-application-manageresources-display-component---newResourceUnit--reference-anchor\"]"}
COMMAND: POST /session/700a0ab92761895b5ec9a5372f8d46fb/element/f.647512A71DDA687F9F591F39CAC5A62D.d.320506C734F8D0B27C89771EA82C4157.e.3249/click - {}
RESULT: {}
COMMAND: POST /session/700a0ab92761895b5ec9a5372f8d46fb/execute/async - {"script":"<script> [1562 bytes]","args":[{"selector":{"id":"application-manageresources-display-component---newResourceUnit--PLANNING_GROUP-arrow"},"wdio_ui5_key":"applicationmanageresources-display-component---newResourceUnit--PLANNING_GROUP-arrow"}]}
COMMAND: GET /session/700a0ab92761895b5ec9a5372f8d46fb/screenshot - {}
RESULT: {"script":"<script> [1562 bytes]","args":[{"selector":{"id":"application-manageresources-display-component---newResourceUnit--PLANNING_GROUP-arrow"},"wdio_ui5_key":"applicationmanageresources-display-component---newResourceUnit--PLANNING_GROUP-arrow"}]}
RESULT: undefined
COMMAND: POST /session/700a0ab92761895b5ec9a5372f8d46fb/element - {"using":"xpath","value":"//*[@id=\"application-manageresources-display-component---newResourceUnit--PLANNING_GROUP-arrow\"]"}
RESULT: {}
RESULT: {"using":"xpath","value":"//*[@id=\"application-manageresources-display-component---newResourceUnit--PLANNING_GROUP-arrow\"]"}
COMMAND: POST /session/700a0ab92761895b5ec9a5372f8d46fb/element/f.647512A71DDA687F9F591F39CAC5A62D.d.320506C734F8D0B27C89771EA82C4157.e.3260/click - {}
RESULT: {}
COMMAND: POST /session/700a0ab92761895b5ec9a5372f8d46fb/execute/async - {"script":"<script> [1562 bytes]","args":[{"selector":{"controlType":"sap.m.StandardListItem","viewName":"reusables.view.manageresources.NewResourceUnit","viewId":"application-manageresources-display-component---newResourceUnit","properties":{"title":"Heavy Equi"},"searchOpenDialogs":true,"interaction":{"idSuffix":"content"}},"wdio_ui5_key":"reusablesview.manageresources.NewResourceUnitsap.m.StandardListItem{\"title\":\"Heavy Equi\"}"}]}
COMMAND: GET /session/700a0ab92761895b5ec9a5372f8d46fb/screenshot - {}
RESULT: {"script":"<script> [1562 bytes]","args":[{"selector":{"controlType":"sap.m.StandardListItem","viewName":"reusables.view.manageresources.NewResourceUnit","viewId":"application-manageresources-display-component---newResourceUnit","properties":{"title":"Heavy Equi"},"searchOpenDialogs":true,"interaction":{"idSuffix":"content"}},"wdio_ui5_key":"reusablesview.manageresources.NewResourceUnitsap.m.StandardListItem{\"title\":\"Heavy Equi\"}"}]}
RESULT: undefined
COMMAND: POST /session/700a0ab92761895b5ec9a5372f8d46fb/element - {"using":"xpath","value":"//*[@id=\"__item1411\"]"}
RESULT: {}
RESULT: {"using":"xpath","value":"//*[@id=\"__item1411\"]"}
COMMAND: POST /session/700a0ab92761895b5ec9a5372f8d46fb/element/f.647512A71DDA687F9F591F39CAC5A62D.d.320506C734F8D0B27C89771EA82C4157.e.3262/click - {}
RESULT: {}
COMMAND: GET /session/700a0ab92761895b5ec9a5372f8d46fb/screenshot - {}
RESULT: {}
COMMAND: POST /session/700a0ab92761895b5ec9a5372f8d46fb/execute/async - {"script":"<script> [1562 bytes]","args":[{"selector":{"id":"application-manageresources-display-component---newResourceUnit--PLANNING_INDICATOR-arrow"},"wdio_ui5_key":"applicationmanageresources-display-component---newResourceUnit--PLANNING_INDICATOR-arrow"}]}
RESULT: {"script":"<script> [1562 bytes]","args":[{"selector":{"id":"application-manageresources-display-component---newResourceUnit--PLANNING_INDICATOR-arrow"},"wdio_ui5_key":"applicationmanageresources-display-component---newResourceUnit--PLANNING_INDICATOR-arrow"}]}
RESULT: undefined
COMMAND: POST /session/700a0ab92761895b5ec9a5372f8d46fb/element - {"using":"xpath","value":"//*[@id=\"application-manageresources-display-component---newResourceUnit--PLANNING_INDICATOR-arrow\"]"}
RESULT: {"using":"xpath","value":"//*[@id=\"application-manageresources-display-component---newResourceUnit--PLANNING_INDICATOR-arrow\"]"}
COMMAND: POST /session/700a0ab92761895b5ec9a5372f8d46fb/element/f.647512A71DDA687F9F591F39CAC5A62D.d.320506C734F8D0B27C89771EA82C4157.e.3263/click - {}
RESULT: {}
COMMAND: POST /session/700a0ab92761895b5ec9a5372f8d46fb/execute/async - {"script":"<script> [1562 bytes]","args":[{"selector":{"controlType":"sap.m.StandardListItem","viewName":"reusables.view.manageresources.NewResourceUnit","viewId":"application-manageresources-display-component---newResourceUnit","properties":{"title":"10 - infinite"},"searchOpenDialogs":true,"interaction":{"idSuffix":"content"}},"wdio_ui5_key":"reusablesview.manageresources.NewResourceUnitsap.m.StandardListItem{\"title\":\"10 - infinite\"}"}]}
COMMAND: GET /session/700a0ab92761895b5ec9a5372f8d46fb/screenshot - {}
RESULT: {"script":"<script> [1562 bytes]","args":[{"selector":{"controlType":"sap.m.StandardListItem","viewName":"reusables.view.manageresources.NewResourceUnit","viewId":"application-manageresources-display-component---newResourceUnit","properties":{"title":"10 - infinite"},"searchOpenDialogs":true,"interaction":{"idSuffix":"content"}},"wdio_ui5_key":"reusablesview.manageresources.NewResourceUnitsap.m.StandardListItem{\"title\":\"10 - infinite\"}"}]}
RESULT: undefined
COMMAND: POST /session/700a0ab92761895b5ec9a5372f8d46fb/element - {"using":"xpath","value":"//*[@id=\"__item1421\"]"}
RESULT: {}
RESULT: {"using":"xpath","value":"//*[@id=\"__item1421\"]"}
COMMAND: POST /session/700a0ab92761895b5ec9a5372f8d46fb/element/f.647512A71DDA687F9F591F39CAC5A62D.d.320506C734F8D0B27C89771EA82C4157.e.3265/click - {}
RESULT: {}
COMMAND: GET /session/700a0ab92761895b5ec9a5372f8d46fb/screenshot - {}
RESULT: {}
COMMAND: POST /session/700a0ab92761895b5ec9a5372f8d46fb/element - {"using":"xpath","value":"//bdi[contains(text(), \"Time Segment\")]"}
RESULT: {"using":"xpath","value":"//bdi[contains(text(), \"Time Segment\")]"}
COMMAND: GET /session/700a0ab92761895b5ec9a5372f8d46fb/element/f.647512A71DDA687F9F591F39CAC5A62D.d.320506C734F8D0B27C89771EA82C4157.e.3266/rect - {}
RESULT: {}
COMMAND: GET /session/700a0ab92761895b5ec9a5372f8d46fb/window/rect - {}
RESULT: {}
COMMAND: POST /session/700a0ab92761895b5ec9a5372f8d46fb/execute/sync - {"script":"<script> [92 bytes]","args":[]}
RESULT: {"script":"<script> [92 bytes]","args":[]}
COMMAND: POST /session/700a0ab92761895b5ec9a5372f8d46fb/actions - {"actions":[{"id":"action13","type":"wheel","parameters":{},"actions":[{"type":"scroll","x":-1804,"y":-21,"deltaX":0,"deltaY":0,"duration":0,"origin":{"element-6066-11e4-a52e-4f735466cecf":"f.647512A71DDA687F9F591F39CAC5A62D.d.320506C734F8D0B27C89771EA82C4157.e.3266"}}]}]}
COMMAND: GET /session/700a0ab92761895b5ec9a5372f8d46fb/screenshot - {}
RESULT: {}
COMMAND: POST /session/700a0ab92761895b5ec9a5372f8d46fb/execute/sync - {"script":"<script> [79 bytes]","args":[{"element-6066-11e4-a52e-4f735466cecf":"f.647512A71DDA687F9F591F39CAC5A62D.d.320506C734F8D0B27C89771EA82C4157.e.3266","ELEMENT":"f.647512A71DDA687F9F591F39CAC5A62D.d.320506C734F8D0B27C89771EA82C4157.e.3266"},{"block":"start","inline":"nearest"}]}
RESULT: {"script":"<script> [79 bytes]","args":[{"element-6066-11e4-a52e-4f735466cecf":"f.647512A71DDA687F9F591F39CAC5A62D.d.320506C734F8D0B27C89771EA82C4157.e.3266","ELEMENT":"f.647512A71DDA687F9F591F39CAC5A62D.d.320506C734F8D0B27C89771EA82C4157.e.3266"},{"block":"start","inline":"nearest"}]}
COMMAND: GET /session/700a0ab92761895b5ec9a5372f8d46fb/screenshot - {}
RESULT: {}
COMMAND: POST /session/700a0ab92761895b5ec9a5372f8d46fb/element - {"using":"xpath","value":"//span[@id=\"application-manageresources-display-component---newResourceUnit--btnAddTimeSegment-img\"]"}
RESULT: {"using":"xpath","value":"//span[@id=\"application-manageresources-display-component---newResourceUnit--btnAddTimeSegment-img\"]"}
COMMAND: POST /session/700a0ab92761895b5ec9a5372f8d46fb/execute/sync - {"script":"<script> [8489 bytes]","args":[{"element-6066-11e4-a52e-4f735466cecf":"f.647512A71DDA687F9F591F39CAC5A62D.d.320506C734F8D0B27C89771EA82C4157.e.3269","ELEMENT":"f.647512A71DDA687F9F591F39CAC5A62D.d.320506C734F8D0B27C89771EA82C4157.e.3269"}]}
RESULT: {"script":"<script> [8489 bytes]","args":[{"element-6066-11e4-a52e-4f735466cecf":"f.647512A71DDA687F9F591F39CAC5A62D.d.320506C734F8D0B27C89771EA82C4157.e.3269","ELEMENT":"f.647512A71DDA687F9F591F39CAC5A62D.d.320506C734F8D0B27C89771EA82C4157.e.3269"}]}
COMMAND: POST /session/700a0ab92761895b5ec9a5372f8d46fb/element/f.647512A71DDA687F9F591F39CAC5A62D.d.320506C734F8D0B27C89771EA82C4157.e.3269/click - {}
COMMAND: GET /session/700a0ab92761895b5ec9a5372f8d46fb/screenshot - {}
RESULT: {}
RESULT: {}
COMMAND: GET /session/700a0ab92761895b5ec9a5372f8d46fb/screenshot - {}
COMMAND: POST /session/700a0ab92761895b5ec9a5372f8d46fb/element - {"using":"xpath","value":"//input[@id=\"application-manageresources-display-component---newResourceUnit--idRuTSAdmin-application-manageresources-display-component---newResourceUnit--RUTimeSegment-0-inner\"]"}
RESULT: {}
RESULT: {"using":"xpath","value":"//input[@id=\"application-manageresources-display-component---newResourceUnit--idRuTSAdmin-application-manageresources-display-component---newResourceUnit--RUTimeSegment-0-inner\"]"}
COMMAND: POST /session/700a0ab92761895b5ec9a5372f8d46fb/element/f.647512A71DDA687F9F591F39CAC5A62D.d.320506C734F8D0B27C89771EA82C4157.e.3272/clear - {}
RESULT: {}
COMMAND: POST /session/700a0ab92761895b5ec9a5372f8d46fb/element/f.647512A71DDA687F9F591F39CAC5A62D.d.320506C734F8D0B27C89771EA82C4157.e.3272/value - {"text":"791"}
COMMAND: GET /session/700a0ab92761895b5ec9a5372f8d46fb/screenshot - {}
RESULT: {"text":"791"}
COMMAND: GET /session/700a0ab92761895b5ec9a5372f8d46fb/screenshot - {}
RESULT: {}
RESULT: {}
COMMAND: POST /session/700a0ab92761895b5ec9a5372f8d46fb/actions - {"actions":[{"id":"action14","type":"key","parameters":{},"actions":[{"type":"keyDown","value":"î€‡"},{"type":"pause","duration":10},{"type":"keyUp","value":"î€‡"}]}]}
RESULT: {"actions":[{"id":"action14","type":"key","parameters":{},"actions":[{"type":"keyDown","value":"î€‡"},{"type":"pause","duration":10},{"type":"keyUp","value":"î€‡"}]}]}
COMMAND: POST /session/700a0ab92761895b5ec9a5372f8d46fb/execute/async - {"script":"<script> [1562 bytes]","args":[{"selector":{"controlType":"sap.m.Button","viewName":"reusables.view.manageresources.NewResourceUnit","viewId":"application-manageresources-display-component---newResourceUnit","i18NText":{"propertyName":"tooltip","key":"save"},"interaction":{"idSuffix":"BDI-content"}},"wdio_ui5_key":"reusablesview.manageresources.NewResourceUnitsap.m.Button{\"propertyName\":\"tooltip\",\"key\":\"save\"}"}]}
COMMAND: GET /session/700a0ab92761895b5ec9a5372f8d46fb/screenshot - {}
RESULT: {"script":"<script> [1562 bytes]","args":[{"selector":{"controlType":"sap.m.Button","viewName":"reusables.view.manageresources.NewResourceUnit","viewId":"application-manageresources-display-component---newResourceUnit","i18NText":{"propertyName":"tooltip","key":"save"},"interaction":{"idSuffix":"BDI-content"}},"wdio_ui5_key":"reusablesview.manageresources.NewResourceUnitsap.m.Button{\"propertyName\":\"tooltip\",\"key\":\"save\"}"}]}
RESULT: undefined
COMMAND: POST /session/700a0ab92761895b5ec9a5372f8d46fb/element - {"using":"xpath","value":"//*[@id=\"application-manageresources-display-component---newResourceUnit--createRuButton\"]"}
RESULT: {}
RESULT: {"using":"xpath","value":"//*[@id=\"application-manageresources-display-component---newResourceUnit--createRuButton\"]"}
COMMAND: POST /session/700a0ab92761895b5ec9a5372f8d46fb/element/f.647512A71DDA687F9F591F39CAC5A62D.d.320506C734F8D0B27C89771EA82C4157.e.3195/click - {}
RESULT: {}
COMMAND: GET /session/700a0ab92761895b5ec9a5372f8d46fb/screenshot - {}
RESULT: {}
COMMAND: POST /session/700a0ab92761895b5ec9a5372f8d46fb/execute/async - {"script":"<script> [1562 bytes]","args":[{"selector":{"controlType":"sap.m.Title","properties":{"text":"Success"},"searchOpenDialogs":true},"wdio_ui5_key":"sapm.Title{\"text\":\"Success\"}"}]}
RESULT: {"script":"<script> [1562 bytes]","args":[{"selector":{"controlType":"sap.m.Title","properties":{"text":"Success"},"searchOpenDialogs":true},"wdio_ui5_key":"sapm.Title{\"text\":\"Success\"}"}]}
RESULT: undefined
COMMAND: POST /session/700a0ab92761895b5ec9a5372f8d46fb/execute/async - {"script":"<script> [6424 bytes]","args":[{"element-6066-11e4-a52e-4f735466cecf":"f.647512A71DDA687F9F591F39CAC5A62D.d.320506C734F8D0B27C89771EA82C4157.e.3287"},"getText",[]]}
RESULT: {"script":"<script> [6424 bytes]","args":[{"element-6066-11e4-a52e-4f735466cecf":"f.647512A71DDA687F9F591F39CAC5A62D.d.320506C734F8D0B27C89771EA82C4157.e.3287"},"getText",[]]}
COMMAND: POST /session/700a0ab92761895b5ec9a5372f8d46fb/element - {"using":"xpath","value":"//*[contains(@id, '__text') and (contains(text(), 'successfully created') or contains(., 'successfully created'))]"}
RESULT: {"using":"xpath","value":"//*[contains(@id, '__text') and (contains(text(), 'successfully created') or contains(., 'successfully created'))]"}
COMMAND: GET /session/700a0ab92761895b5ec9a5372f8d46fb/element/f.647512A71DDA687F9F591F39CAC5A62D.d.320506C734F8D0B27C89771EA82C4157.e.3285/text - {}
RESULT: {}
COMMAND: POST /session/700a0ab92761895b5ec9a5372f8d46fb/execute/async - {"script":"<script> [1562 bytes]","args":[{"selector":{"controlType":"sap.m.Button","properties":{"text":"Close"},"searchOpenDialogs":true,"interaction":{"idSuffix":"BDI-content"}},"wdio_ui5_key":"sapm.Button{\"text\":\"Close\"}"}]}
RESULT: {"script":"<script> [1562 bytes]","args":[{"selector":{"controlType":"sap.m.Button","properties":{"text":"Close"},"searchOpenDialogs":true,"interaction":{"idSuffix":"BDI-content"}},"wdio_ui5_key":"sapm.Button{\"text\":\"Close\"}"}]}
RESULT: undefined
COMMAND: POST /session/700a0ab92761895b5ec9a5372f8d46fb/element - {"using":"xpath","value":"//*[@id=\"__mbox-btn-0\"]"}
RESULT: {"using":"xpath","value":"//*[@id=\"__mbox-btn-0\"]"}
COMMAND: POST /session/700a0ab92761895b5ec9a5372f8d46fb/element/f.647512A71DDA687F9F591F39CAC5A62D.d.320506C734F8D0B27C89771EA82C4157.e.3283/click - {}
RESULT: {}
COMMAND: GET /session/700a0ab92761895b5ec9a5372f8d46fb/screenshot - {}
RESULT: {}
COMMAND: POST /session/700a0ab92761895b5ec9a5372f8d46fb/execute/async - {"script":"<script> [1562 bytes]","args":[{"selector":{"controlType":"sap.ui.core.Icon","viewName":"etm.portal.ui.manageresources.view.Detail","viewId":"application-manageresources-display-component---detailRU","properties":{"src":{"regex":{"source":"overflow"}}}},"wdio_ui5_key":"etmportal.ui.manageresources.view.Detailsap.ui.core.Icon{\"src\":{\"regex\":{\"source\":\"overflow\"}}}"}]}
RESULT: {"script":"<script> [1562 bytes]","args":[{"selector":{"controlType":"sap.ui.core.Icon","viewName":"etm.portal.ui.manageresources.view.Detail","viewId":"application-manageresources-display-component---detailRU","properties":{"src":{"regex":{"source":"overflow"}}}},"wdio_ui5_key":"etmportal.ui.manageresources.view.Detailsap.ui.core.Icon{\"src\":{\"regex\":{\"source\":\"overflow\"}}}"}]}
RESULT: undefined
COMMAND: POST /session/700a0ab92761895b5ec9a5372f8d46fb/element - {"using":"xpath","value":"//*[@id=\"__title35-_actionsToolbar-overflowButton-img\"]"}
RESULT: {"using":"xpath","value":"//*[@id=\"__title35-_actionsToolbar-overflowButton-img\"]"}
COMMAND: POST /session/700a0ab92761895b5ec9a5372f8d46fb/element/f.647512A71DDA687F9F591F39CAC5A62D.d.320506C734F8D0B27C89771EA82C4157.e.3321/click - {}
RESULT: {}
COMMAND: POST /session/700a0ab92761895b5ec9a5372f8d46fb/execute/async - {"script":"<script> [1562 bytes]","args":[{"selector":{"controlType":"sap.m.Button","viewName":"etm.portal.ui.manageresources.view.Detail","viewId":"application-manageresources-display-component---detailRU","i18NText":{"propertyName":"tooltip","key":"closeColumn"},"searchOpenDialogs":true,"interaction":{"idSuffix":"inner"}},"wdio_ui5_key":"etmportal.ui.manageresources.view.Detailsap.m.Button{\"propertyName\":\"tooltip\",\"key\":\"closeColumn\"}"}]}
COMMAND: GET /session/700a0ab92761895b5ec9a5372f8d46fb/screenshot - {}
RESULT: {"script":"<script> [1562 bytes]","args":[{"selector":{"controlType":"sap.m.Button","viewName":"etm.portal.ui.manageresources.view.Detail","viewId":"application-manageresources-display-component---detailRU","i18NText":{"propertyName":"tooltip","key":"closeColumn"},"searchOpenDialogs":true,"interaction":{"idSuffix":"inner"}},"wdio_ui5_key":"etmportal.ui.manageresources.view.Detailsap.m.Button{\"propertyName\":\"tooltip\",\"key\":\"closeColumn\"}"}]}
RESULT: undefined
COMMAND: POST /session/700a0ab92761895b5ec9a5372f8d46fb/element - {"using":"xpath","value":"//*[@id=\"__button146\"]"}
RESULT: {}
RESULT: {"using":"xpath","value":"//*[@id=\"__button146\"]"}
COMMAND: POST /session/700a0ab92761895b5ec9a5372f8d46fb/element/f.647512A71DDA687F9F591F39CAC5A62D.d.320506C734F8D0B27C89771EA82C4157.e.3325/click - {}
RESULT: {}
COMMAND: POST /session/700a0ab92761895b5ec9a5372f8d46fb/element - {"using":"css selector","value":"#shell-header-logo"}
COMMAND: GET /session/700a0ab92761895b5ec9a5372f8d46fb/screenshot - {}
RESULT: {"using":"css selector","value":"#shell-header-logo"}
COMMAND: POST /session/700a0ab92761895b5ec9a5372f8d46fb/element/f.647512A71DDA687F9F591F39CAC5A62D.d.320506C734F8D0B27C89771EA82C4157.e.2777/click - {}
RESULT: {}
RESULT: {}
COMMAND: GET /session/700a0ab92761895b5ec9a5372f8d46fb/screenshot - {}
RESULT: {}
]]></system-out>
    </testcase>
    <testcase classname="chrome.135_0_7049_96.windows.Stock_increase_-_with_WHM_US125587" name="Bin Status Report Should Create New Organization yard" time="44.341">
      <system-out><![CDATA[
COMMAND: POST /session/700a0ab92761895b5ec9a5372f8d46fb/element - {"using":"xpath","value":"//div[text()='Warehouse']"}
RESULT: {"using":"xpath","value":"//div[text()='Warehouse']"}
COMMAND: POST /session/700a0ab92761895b5ec9a5372f8d46fb/elements - {"using":"xpath","value":"//div[text()='Warehouse']"}
RESULT: {"using":"xpath","value":"//div[text()='Warehouse']"}
COMMAND: POST /session/700a0ab92761895b5ec9a5372f8d46fb/element/f.647512A71DDA687F9F591F39CAC5A62D.d.320506C734F8D0B27C89771EA82C4157.e.3432/click - {}
RESULT: {}
COMMAND: POST /session/700a0ab92761895b5ec9a5372f8d46fb/execute/async - {"script":"<script> [1562 bytes]","args":[{"selector":{"controlType":"sap.m.GenericTile","properties":{"header":"Bin Status Report"}},"wdio_ui5_key":"sapm.GenericTile{\"header\":\"Bin Status Report\"}"}]}
COMMAND: GET /session/700a0ab92761895b5ec9a5372f8d46fb/screenshot - {}
RESULT: {"script":"<script> [1562 bytes]","args":[{"selector":{"controlType":"sap.m.GenericTile","properties":{"header":"Bin Status Report"}},"wdio_ui5_key":"sapm.GenericTile{\"header\":\"Bin Status Report\"}"}]}
RESULT: undefined
COMMAND: POST /session/700a0ab92761895b5ec9a5372f8d46fb/element - {"using":"xpath","value":"//*[@id=\"__tile108\"]"}
RESULT: {}
RESULT: {"using":"xpath","value":"//*[@id=\"__tile108\"]"}
COMMAND: POST /session/700a0ab92761895b5ec9a5372f8d46fb/element/f.647512A71DDA687F9F591F39CAC5A62D.d.320506C734F8D0B27C89771EA82C4157.e.3433/click - {}
RESULT: {}
COMMAND: GET /session/700a0ab92761895b5ec9a5372f8d46fb/screenshot - {}
RESULT: {}
COMMAND: POST /session/700a0ab92761895b5ec9a5372f8d46fb/element - {"using":"xpath","value":"//bdi[text()='Create New Organization']"}
RESULT: {"using":"xpath","value":"//bdi[text()='Create New Organization']"}
COMMAND: POST /session/700a0ab92761895b5ec9a5372f8d46fb/elements - {"using":"xpath","value":"//bdi[text()='Create New Organization']"}
RESULT: {"using":"xpath","value":"//bdi[text()='Create New Organization']"}
COMMAND: POST /session/700a0ab92761895b5ec9a5372f8d46fb/element/f.647512A71DDA687F9F591F39CAC5A62D.d.320506C734F8D0B27C89771EA82C4157.e.3858/click - {}
RESULT: {}
COMMAND: POST /session/700a0ab92761895b5ec9a5372f8d46fb/execute/async - {"script":"<script> [1562 bytes]","args":[{"selector":{"id":"createOrganizationPop--sectionInput","searchOpenDialogs":true,"interaction":{"idSuffix":"inner"}},"wdio_ui5_key":"createOrganizationPopsectionInput"}]}
COMMAND: GET /session/700a0ab92761895b5ec9a5372f8d46fb/screenshot - {}
RESULT: {"script":"<script> [1562 bytes]","args":[{"selector":{"id":"createOrganizationPop--sectionInput","searchOpenDialogs":true,"interaction":{"idSuffix":"inner"}},"wdio_ui5_key":"createOrganizationPopsectionInput"}]}
RESULT: undefined
COMMAND: POST /session/700a0ab92761895b5ec9a5372f8d46fb/execute/async - {"script":"<script> [776 bytes]","args":[{"enterText":"WHIjuyf6l","selector":{"id":"createOrganizationPop--sectionInput","searchOpenDialogs":true,"interaction":{"idSuffix":"inner"}},"clearTextFirst":true,"interactionType":"ENTER_TEXT"}]}
RESULT: {}
RESULT: {"script":"<script> [776 bytes]","args":[{"enterText":"WHIjuyf6l","selector":{"id":"createOrganizationPop--sectionInput","searchOpenDialogs":true,"interaction":{"idSuffix":"inner"}},"clearTextFirst":true,"interactionType":"ENTER_TEXT"}]}
COMMAND: POST /session/700a0ab92761895b5ec9a5372f8d46fb/execute/async - {"script":"<script> [1562 bytes]","args":[{"selector":{"id":"createOrganizationPop--descriptionInput","searchOpenDialogs":true,"interaction":{"idSuffix":"inner"}},"wdio_ui5_key":"createOrganizationPopdescriptionInput"}]}
RESULT: {"script":"<script> [1562 bytes]","args":[{"selector":{"id":"createOrganizationPop--descriptionInput","searchOpenDialogs":true,"interaction":{"idSuffix":"inner"}},"wdio_ui5_key":"createOrganizationPopdescriptionInput"}]}
RESULT: undefined
COMMAND: POST /session/700a0ab92761895b5ec9a5372f8d46fb/execute/async - {"script":"<script> [776 bytes]","args":[{"enterText":"WHIjuyf6l","selector":{"id":"createOrganizationPop--descriptionInput","searchOpenDialogs":true,"interaction":{"idSuffix":"inner"}},"clearTextFirst":true,"interactionType":"ENTER_TEXT"}]}
RESULT: {"script":"<script> [776 bytes]","args":[{"enterText":"WHIjuyf6l","selector":{"id":"createOrganizationPop--descriptionInput","searchOpenDialogs":true,"interaction":{"idSuffix":"inner"}},"clearTextFirst":true,"interactionType":"ENTER_TEXT"}]}
COMMAND: POST /session/700a0ab92761895b5ec9a5372f8d46fb/element - {"using":"css selector","value":"#createOrganizationPop--yardOrg-inner"}
RESULT: {"using":"css selector","value":"#createOrganizationPop--yardOrg-inner"}
COMMAND: POST /session/700a0ab92761895b5ec9a5372f8d46fb/element/f.647512A71DDA687F9F591F39CAC5A62D.d.320506C734F8D0B27C89771EA82C4157.e.3861/clear - {}
RESULT: {}
COMMAND: POST /session/700a0ab92761895b5ec9a5372f8d46fb/element/f.647512A71DDA687F9F591F39CAC5A62D.d.320506C734F8D0B27C89771EA82C4157.e.3861/value - {"text":"791"}
COMMAND: GET /session/700a0ab92761895b5ec9a5372f8d46fb/screenshot - {}
RESULT: {"text":"791"}
COMMAND: GET /session/700a0ab92761895b5ec9a5372f8d46fb/screenshot - {}
RESULT: {}
RESULT: {}
COMMAND: POST /session/700a0ab92761895b5ec9a5372f8d46fb/actions - {"actions":[{"id":"action15","type":"key","parameters":{},"actions":[{"type":"keyDown","value":"î€‡"},{"type":"pause","duration":10},{"type":"keyUp","value":"î€‡"}]}]}
RESULT: {"actions":[{"id":"action15","type":"key","parameters":{},"actions":[{"type":"keyDown","value":"î€‡"},{"type":"pause","duration":10},{"type":"keyUp","value":"î€‡"}]}]}
COMMAND: POST /session/700a0ab92761895b5ec9a5372f8d46fb/execute/async - {"script":"<script> [1562 bytes]","args":[{"selector":{"id":"createOrganizationPop--grZone","searchOpenDialogs":true,"interaction":{"idSuffix":"CbBg"}},"wdio_ui5_key":"createOrganizationPopgrZone"}]}
COMMAND: GET /session/700a0ab92761895b5ec9a5372f8d46fb/screenshot - {}
RESULT: {"script":"<script> [1562 bytes]","args":[{"selector":{"id":"createOrganizationPop--grZone","searchOpenDialogs":true,"interaction":{"idSuffix":"CbBg"}},"wdio_ui5_key":"createOrganizationPopgrZone"}]}
RESULT: undefined
COMMAND: POST /session/700a0ab92761895b5ec9a5372f8d46fb/element - {"using":"xpath","value":"//*[@id=\"createOrganizationPop--grZone\"]"}
RESULT: {}
RESULT: {"using":"xpath","value":"//*[@id=\"createOrganizationPop--grZone\"]"}
COMMAND: POST /session/700a0ab92761895b5ec9a5372f8d46fb/element/f.647512A71DDA687F9F591F39CAC5A62D.d.320506C734F8D0B27C89771EA82C4157.e.3882/click - {}
RESULT: {}
COMMAND: POST /session/700a0ab92761895b5ec9a5372f8d46fb/execute/async - {"script":"<script> [1562 bytes]","args":[{"selector":{"id":"createOrganizationPop--giZone","searchOpenDialogs":true,"interaction":{"idSuffix":"CbBg"}},"wdio_ui5_key":"createOrganizationPopgiZone"}]}
COMMAND: GET /session/700a0ab92761895b5ec9a5372f8d46fb/screenshot - {}
RESULT: {"script":"<script> [1562 bytes]","args":[{"selector":{"id":"createOrganizationPop--giZone","searchOpenDialogs":true,"interaction":{"idSuffix":"CbBg"}},"wdio_ui5_key":"createOrganizationPopgiZone"}]}
RESULT: undefined
COMMAND: POST /session/700a0ab92761895b5ec9a5372f8d46fb/element - {"using":"xpath","value":"//*[@id=\"createOrganizationPop--giZone\"]"}
RESULT: {}
RESULT: {"using":"xpath","value":"//*[@id=\"createOrganizationPop--giZone\"]"}
COMMAND: POST /session/700a0ab92761895b5ec9a5372f8d46fb/element/f.647512A71DDA687F9F591F39CAC5A62D.d.320506C734F8D0B27C89771EA82C4157.e.3884/click - {}
RESULT: {}
COMMAND: POST /session/700a0ab92761895b5ec9a5372f8d46fb/execute/async - {"script":"<script> [1562 bytes]","args":[{"selector":{"id":"createOrganizationPop--binNoInput","searchOpenDialogs":true,"interaction":{"idSuffix":"inner"}},"wdio_ui5_key":"createOrganizationPopbinNoInput"}]}
COMMAND: GET /session/700a0ab92761895b5ec9a5372f8d46fb/screenshot - {}
RESULT: {"script":"<script> [1562 bytes]","args":[{"selector":{"id":"createOrganizationPop--binNoInput","searchOpenDialogs":true,"interaction":{"idSuffix":"inner"}},"wdio_ui5_key":"createOrganizationPopbinNoInput"}]}
RESULT: undefined
COMMAND: POST /session/700a0ab92761895b5ec9a5372f8d46fb/execute/async - {"script":"<script> [776 bytes]","args":[{"enterText":"Bin-Wd","selector":{"id":"createOrganizationPop--binNoInput","searchOpenDialogs":true,"interaction":{"idSuffix":"inner"}},"clearTextFirst":true,"interactionType":"ENTER_TEXT"}]}
RESULT: {}
RESULT: {"script":"<script> [776 bytes]","args":[{"enterText":"Bin-Wd","selector":{"id":"createOrganizationPop--binNoInput","searchOpenDialogs":true,"interaction":{"idSuffix":"inner"}},"clearTextFirst":true,"interactionType":"ENTER_TEXT"}]}
COMMAND: POST /session/700a0ab92761895b5ec9a5372f8d46fb/execute/async - {"script":"<script> [1562 bytes]","args":[{"selector":{"id":"createOrganizationPop--descriptionId","searchOpenDialogs":true,"interaction":{"idSuffix":"inner"}},"wdio_ui5_key":"createOrganizationPopdescriptionId"}]}
RESULT: {"script":"<script> [1562 bytes]","args":[{"selector":{"id":"createOrganizationPop--descriptionId","searchOpenDialogs":true,"interaction":{"idSuffix":"inner"}},"wdio_ui5_key":"createOrganizationPopdescriptionId"}]}
RESULT: undefined
COMMAND: POST /session/700a0ab92761895b5ec9a5372f8d46fb/execute/async - {"script":"<script> [776 bytes]","args":[{"enterText":"Shipping-Wd","selector":{"id":"createOrganizationPop--descriptionId","searchOpenDialogs":true,"interaction":{"idSuffix":"inner"}},"clearTextFirst":true,"interactionType":"ENTER_TEXT"}]}
RESULT: {"script":"<script> [776 bytes]","args":[{"enterText":"Shipping-Wd","selector":{"id":"createOrganizationPop--descriptionId","searchOpenDialogs":true,"interaction":{"idSuffix":"inner"}},"clearTextFirst":true,"interactionType":"ENTER_TEXT"}]}
COMMAND: POST /session/700a0ab92761895b5ec9a5372f8d46fb/execute/async - {"script":"<script> [1562 bytes]","args":[{"selector":{"controlType":"sap.m.CheckBox","viewName":"etm.portal.ui.binstatusreport.view.MasterWareBins","viewId":"application-binstatusreport-display-component---warehousing","bindingPath":{"path":"","propertyPath":"/ZONE","modelName":"newBin"},"searchOpenDialogs":true,"interaction":{"idSuffix":"CbBg"}},"wdio_ui5_key":"etmportal.ui.binstatusreport.view.MasterWareBinssap.m.CheckBox{\"path\":\"\",\"propertyPath\":\"/ZONE\",\"modelName\":\"newBin\"}"}]}
RESULT: {"script":"<script> [1562 bytes]","args":[{"selector":{"controlType":"sap.m.CheckBox","viewName":"etm.portal.ui.binstatusreport.view.MasterWareBins","viewId":"application-binstatusreport-display-component---warehousing","bindingPath":{"path":"","propertyPath":"/ZONE","modelName":"newBin"},"searchOpenDialogs":true,"interaction":{"idSuffix":"CbBg"}},"wdio_ui5_key":"etmportal.ui.binstatusreport.view.MasterWareBinssap.m.CheckBox{\"path\":\"\",\"propertyPath\":\"/ZONE\",\"modelName\":\"newBin\"}"}]}
RESULT: undefined
COMMAND: POST /session/700a0ab92761895b5ec9a5372f8d46fb/element - {"using":"xpath","value":"//*[@id=\"__box41\"]"}
RESULT: {"using":"xpath","value":"//*[@id=\"__box41\"]"}
COMMAND: POST /session/700a0ab92761895b5ec9a5372f8d46fb/element/f.647512A71DDA687F9F591F39CAC5A62D.d.320506C734F8D0B27C89771EA82C4157.e.3888/click - {}
RESULT: {}
COMMAND: POST /session/700a0ab92761895b5ec9a5372f8d46fb/execute/async - {"script":"<script> [1562 bytes]","args":[{"selector":{"id":"createOrganizationPop--binTypesCB-arrow","searchOpenDialogs":true},"wdio_ui5_key":"createOrganizationPopbinTypesCB-arrow"}]}
COMMAND: GET /session/700a0ab92761895b5ec9a5372f8d46fb/screenshot - {}
RESULT: {"script":"<script> [1562 bytes]","args":[{"selector":{"id":"createOrganizationPop--binTypesCB-arrow","searchOpenDialogs":true},"wdio_ui5_key":"createOrganizationPopbinTypesCB-arrow"}]}
RESULT: undefined
COMMAND: POST /session/700a0ab92761895b5ec9a5372f8d46fb/element - {"using":"xpath","value":"//*[@id=\"createOrganizationPop--binTypesCB-arrow\"]"}
RESULT: {}
RESULT: {"using":"xpath","value":"//*[@id=\"createOrganizationPop--binTypesCB-arrow\"]"}
COMMAND: POST /session/700a0ab92761895b5ec9a5372f8d46fb/element/f.647512A71DDA687F9F591F39CAC5A62D.d.320506C734F8D0B27C89771EA82C4157.e.3889/click - {}
RESULT: {}
COMMAND: POST /session/700a0ab92761895b5ec9a5372f8d46fb/execute/async - {"script":"<script> [1562 bytes]","args":[{"selector":{"id":"createOrganizationPop--binTypesCB","searchOpenDialogs":true,"interaction":{"idSuffix":"inner"}},"wdio_ui5_key":"createOrganizationPopbinTypesCB"}]}
COMMAND: GET /session/700a0ab92761895b5ec9a5372f8d46fb/screenshot - {}
RESULT: {"script":"<script> [1562 bytes]","args":[{"selector":{"id":"createOrganizationPop--binTypesCB","searchOpenDialogs":true,"interaction":{"idSuffix":"inner"}},"wdio_ui5_key":"createOrganizationPopbinTypesCB"}]}
RESULT: undefined
COMMAND: POST /session/700a0ab92761895b5ec9a5372f8d46fb/execute/async - {"script":"<script> [776 bytes]","args":[{"enterText":"1 - General / No capacity check","selector":{"id":"createOrganizationPop--binTypesCB","searchOpenDialogs":true,"interaction":{"idSuffix":"inner"}},"clearTextFirst":true,"interactionType":"ENTER_TEXT"}]}
RESULT: {}
RESULT: {"script":"<script> [776 bytes]","args":[{"enterText":"1 - General / No capacity check","selector":{"id":"createOrganizationPop--binTypesCB","searchOpenDialogs":true,"interaction":{"idSuffix":"inner"}},"clearTextFirst":true,"interactionType":"ENTER_TEXT"}]}
COMMAND: POST /session/700a0ab92761895b5ec9a5372f8d46fb/actions - {"actions":[{"id":"action16","type":"key","parameters":{},"actions":[{"type":"keyDown","value":"î€‡"},{"type":"pause","duration":10},{"type":"keyUp","value":"î€‡"}]}]}
RESULT: {"actions":[{"id":"action16","type":"key","parameters":{},"actions":[{"type":"keyDown","value":"î€‡"},{"type":"pause","duration":10},{"type":"keyUp","value":"î€‡"}]}]}
COMMAND: GET /session/700a0ab92761895b5ec9a5372f8d46fb/screenshot - {}
RESULT: {}
COMMAND: POST /session/700a0ab92761895b5ec9a5372f8d46fb/execute/async - {"script":"<script> [1562 bytes]","args":[{"selector":{"id":"createOrganizationPop--finishBtn","searchOpenDialogs":true,"interaction":{"idSuffix":"BDI-content"}},"wdio_ui5_key":"createOrganizationPopfinishBtn"}]}
RESULT: {"script":"<script> [1562 bytes]","args":[{"selector":{"id":"createOrganizationPop--finishBtn","searchOpenDialogs":true,"interaction":{"idSuffix":"BDI-content"}},"wdio_ui5_key":"createOrganizationPopfinishBtn"}]}
RESULT: undefined
COMMAND: POST /session/700a0ab92761895b5ec9a5372f8d46fb/element - {"using":"xpath","value":"//*[@id=\"createOrganizationPop--finishBtn\"]"}
RESULT: {"using":"xpath","value":"//*[@id=\"createOrganizationPop--finishBtn\"]"}
COMMAND: POST /session/700a0ab92761895b5ec9a5372f8d46fb/element/f.647512A71DDA687F9F591F39CAC5A62D.d.320506C734F8D0B27C89771EA82C4157.e.3892/click - {}
RESULT: {}
]]></system-out>
    </testcase>
  </testsuite>
  <testsuite timestamp="2025-04-24T16:31:41" time="366.141" tests="6" failures="0" errors="0" skipped="0">
    <properties>
      <property name="specId" value="0" />
      <property name="suiteName" value="Provide to Site w/ warehouse management w/ clarification US115878" />
      <property name="capabilities" value="chrome.135_0_7049_96.windows" />
      <property name="file" value="file:///D:/a/1/s/test/specs/HTR/provide-to-site-w-warehouse-w-clarification.spec.js" />
    </properties>
    <testcase classname="chrome.135_0_7049_96.windows.Provide_to_Site_w/_warehouse_management_w/_clarification_US115878" name="Should create a WHM yard" time="87.403">
      <system-out><![CDATA[
COMMAND: POST /session/700a0ab92761895b5ec9a5372f8d46fb/execute/async - {"script":"<script> [1562 bytes]","args":[{"selector":{"controlType":"sap.m.GenericTile","properties":{"header":"Manage Yards"}},"wdio_ui5_key":"sapm.GenericTile{\"header\":\"Manage Yards\"}"}]}
RESULT: {}
RESULT: {"script":"<script> [1562 bytes]","args":[{"selector":{"controlType":"sap.m.GenericTile","properties":{"header":"Manage Yards"}},"wdio_ui5_key":"sapm.GenericTile{\"header\":\"Manage Yards\"}"}]}
RESULT: undefined
COMMAND: POST /session/700a0ab92761895b5ec9a5372f8d46fb/element - {"using":"xpath","value":"//*[@id=\"__tile33\"]"}
RESULT: {"using":"xpath","value":"//*[@id=\"__tile33\"]"}
COMMAND: POST /session/700a0ab92761895b5ec9a5372f8d46fb/element/f.647512A71DDA687F9F591F39CAC5A62D.d.56404C524E4621A6DA0555F016224738.e.3977/click - {}
RESULT: {}
COMMAND: POST /session/700a0ab92761895b5ec9a5372f8d46fb/execute/async - {"script":"<script> [1562 bytes]","args":[{"selector":{"controlType":"sap.ui.core.Icon","viewName":"etm.portal.ui.manageyards.view.Master","viewId":"application-manageyards-display-component---masterYard","properties":{"src":{"regex":{"source":"add"}}}},"wdio_ui5_key":"etmportal.ui.manageyards.view.Mastersap.ui.core.Icon{\"src\":{\"regex\":{\"source\":\"add\"}}}"}]}
COMMAND: GET /session/700a0ab92761895b5ec9a5372f8d46fb/screenshot - {}
RESULT: {"script":"<script> [1562 bytes]","args":[{"selector":{"controlType":"sap.ui.core.Icon","viewName":"etm.portal.ui.manageyards.view.Master","viewId":"application-manageyards-display-component---masterYard","properties":{"src":{"regex":{"source":"add"}}}},"wdio_ui5_key":"etmportal.ui.manageyards.view.Mastersap.ui.core.Icon{\"src\":{\"regex\":{\"source\":\"add\"}}}"}]}
RESULT: undefined
COMMAND: POST /session/700a0ab92761895b5ec9a5372f8d46fb/element - {"using":"xpath","value":"//*[@id=\"__button4-img\"]"}
RESULT: {}
RESULT: {"using":"xpath","value":"//*[@id=\"__button4-img\"]"}
COMMAND: POST /session/700a0ab92761895b5ec9a5372f8d46fb/element/f.647512A71DDA687F9F591F39CAC5A62D.d.56404C524E4621A6DA0555F016224738.e.4111/click - {}
RESULT: {}
COMMAND: POST /session/700a0ab92761895b5ec9a5372f8d46fb/execute/async - {"script":"<script> [1562 bytes]","args":[{"selector":{"id":"application-manageyards-display-component---NewYard--addressDetailDetailsName1","interaction":{"idSuffix":"inner"}},"wdio_ui5_key":"applicationmanageyards-display-component---NewYard--addressDetailDetailsName1"}]}
COMMAND: GET /session/700a0ab92761895b5ec9a5372f8d46fb/screenshot - {}
RESULT: {"script":"<script> [1562 bytes]","args":[{"selector":{"id":"application-manageyards-display-component---NewYard--addressDetailDetailsName1","interaction":{"idSuffix":"inner"}},"wdio_ui5_key":"applicationmanageyards-display-component---NewYard--addressDetailDetailsName1"}]}
RESULT: undefined
COMMAND: POST /session/700a0ab92761895b5ec9a5372f8d46fb/execute/async - {"script":"<script> [776 bytes]","args":[{"enterText":"warehouse managed Yard","selector":{"id":"application-manageyards-display-component---NewYard--addressDetailDetailsName1","interaction":{"idSuffix":"inner"}},"clearTextFirst":true,"interactionType":"ENTER_TEXT"}]}
RESULT: {}
RESULT: {"script":"<script> [776 bytes]","args":[{"enterText":"warehouse managed Yard","selector":{"id":"application-manageyards-display-component---NewYard--addressDetailDetailsName1","interaction":{"idSuffix":"inner"}},"clearTextFirst":true,"interactionType":"ENTER_TEXT"}]}
COMMAND: POST /session/700a0ab92761895b5ec9a5372f8d46fb/execute/async - {"script":"<script> [1562 bytes]","args":[{"selector":{"id":"application-manageyards-display-component---NewYard--addressDetailDetailsLanguage-arrow"},"wdio_ui5_key":"applicationmanageyards-display-component---NewYard--addressDetailDetailsLanguage-arrow"}]}
RESULT: {"script":"<script> [1562 bytes]","args":[{"selector":{"id":"application-manageyards-display-component---NewYard--addressDetailDetailsLanguage-arrow"},"wdio_ui5_key":"applicationmanageyards-display-component---NewYard--addressDetailDetailsLanguage-arrow"}]}
RESULT: undefined
COMMAND: POST /session/700a0ab92761895b5ec9a5372f8d46fb/element - {"using":"xpath","value":"//*[@id=\"application-manageyards-display-component---NewYard--addressDetailDetailsLanguage-arrow\"]"}
RESULT: {"using":"xpath","value":"//*[@id=\"application-manageyards-display-component---NewYard--addressDetailDetailsLanguage-arrow\"]"}
COMMAND: POST /session/700a0ab92761895b5ec9a5372f8d46fb/element/f.647512A71DDA687F9F591F39CAC5A62D.d.56404C524E4621A6DA0555F016224738.e.4520/click - {}
RESULT: {}
COMMAND: POST /session/700a0ab92761895b5ec9a5372f8d46fb/execute/async - {"script":"<script> [1562 bytes]","args":[{"selector":{"controlType":"sap.m.StandardListItem","viewName":"etm.portal.ui.manageyards.view.New","viewId":"application-manageyards-display-component---NewYard","properties":{"title":"English"},"searchOpenDialogs":true,"interaction":{"idSuffix":"content"}},"wdio_ui5_key":"etmportal.ui.manageyards.view.Newsap.m.StandardListItem{\"title\":\"English\"}"}]}
COMMAND: GET /session/700a0ab92761895b5ec9a5372f8d46fb/screenshot - {}
RESULT: {"script":"<script> [1562 bytes]","args":[{"selector":{"controlType":"sap.m.StandardListItem","viewName":"etm.portal.ui.manageyards.view.New","viewId":"application-manageyards-display-component---NewYard","properties":{"title":"English"},"searchOpenDialogs":true,"interaction":{"idSuffix":"content"}},"wdio_ui5_key":"etmportal.ui.manageyards.view.Newsap.m.StandardListItem{\"title\":\"English\"}"}]}
RESULT: undefined
COMMAND: POST /session/700a0ab92761895b5ec9a5372f8d46fb/element - {"using":"xpath","value":"//*[@id=\"__item99\"]"}
RESULT: {}
RESULT: {"using":"xpath","value":"//*[@id=\"__item99\"]"}
COMMAND: POST /session/700a0ab92761895b5ec9a5372f8d46fb/element/f.647512A71DDA687F9F591F39CAC5A62D.d.56404C524E4621A6DA0555F016224738.e.4522/click - {}
RESULT: {}
COMMAND: POST /session/700a0ab92761895b5ec9a5372f8d46fb/execute/async - {"script":"<script> [1562 bytes]","args":[{"selector":{"id":"application-manageyards-display-component---NewYard--addressDetailDetailsCity1","interaction":{"idSuffix":"inner"}},"wdio_ui5_key":"applicationmanageyards-display-component---NewYard--addressDetailDetailsCity1"}]}
COMMAND: GET /session/700a0ab92761895b5ec9a5372f8d46fb/screenshot - {}
RESULT: {"script":"<script> [1562 bytes]","args":[{"selector":{"id":"application-manageyards-display-component---NewYard--addressDetailDetailsCity1","interaction":{"idSuffix":"inner"}},"wdio_ui5_key":"applicationmanageyards-display-component---NewYard--addressDetailDetailsCity1"}]}
RESULT: undefined
COMMAND: POST /session/700a0ab92761895b5ec9a5372f8d46fb/execute/async - {"script":"<script> [776 bytes]","args":[{"enterText":"Rosario","selector":{"id":"application-manageyards-display-component---NewYard--addressDetailDetailsCity1","interaction":{"idSuffix":"inner"}},"clearTextFirst":true,"interactionType":"ENTER_TEXT"}]}
RESULT: {}
RESULT: {"script":"<script> [776 bytes]","args":[{"enterText":"Rosario","selector":{"id":"application-manageyards-display-component---NewYard--addressDetailDetailsCity1","interaction":{"idSuffix":"inner"}},"clearTextFirst":true,"interactionType":"ENTER_TEXT"}]}
COMMAND: POST /session/700a0ab92761895b5ec9a5372f8d46fb/execute/async - {"script":"<script> [1562 bytes]","args":[{"selector":{"id":"application-manageyards-display-component---NewYard--addressDetailDetailsCountry-arrow"},"wdio_ui5_key":"applicationmanageyards-display-component---NewYard--addressDetailDetailsCountry-arrow"}]}
RESULT: {"script":"<script> [1562 bytes]","args":[{"selector":{"id":"application-manageyards-display-component---NewYard--addressDetailDetailsCountry-arrow"},"wdio_ui5_key":"applicationmanageyards-display-component---NewYard--addressDetailDetailsCountry-arrow"}]}
RESULT: undefined
COMMAND: POST /session/700a0ab92761895b5ec9a5372f8d46fb/element - {"using":"xpath","value":"//*[@id=\"application-manageyards-display-component---NewYard--addressDetailDetailsCountry-arrow\"]"}
RESULT: {"using":"xpath","value":"//*[@id=\"application-manageyards-display-component---NewYard--addressDetailDetailsCountry-arrow\"]"}
COMMAND: POST /session/700a0ab92761895b5ec9a5372f8d46fb/element/f.647512A71DDA687F9F591F39CAC5A62D.d.56404C524E4621A6DA0555F016224738.e.4505/click - {}
RESULT: {}
COMMAND: POST /session/700a0ab92761895b5ec9a5372f8d46fb/execute/async - {"script":"<script> [1562 bytes]","args":[{"selector":{"controlType":"sap.m.StandardListItem","viewName":"etm.portal.ui.manageyards.view.New","viewId":"application-manageyards-display-component---NewYard","properties":{"title":"Argentina"},"searchOpenDialogs":true,"interaction":{"idSuffix":"content"}},"wdio_ui5_key":"etmportal.ui.manageyards.view.Newsap.m.StandardListItem{\"title\":\"Argentina\"}"}]}
COMMAND: GET /session/700a0ab92761895b5ec9a5372f8d46fb/screenshot - {}
RESULT: {"script":"<script> [1562 bytes]","args":[{"selector":{"controlType":"sap.m.StandardListItem","viewName":"etm.portal.ui.manageyards.view.New","viewId":"application-manageyards-display-component---NewYard","properties":{"title":"Argentina"},"searchOpenDialogs":true,"interaction":{"idSuffix":"content"}},"wdio_ui5_key":"etmportal.ui.manageyards.view.Newsap.m.StandardListItem{\"title\":\"Argentina\"}"}]}
RESULT: undefined
COMMAND: POST /session/700a0ab92761895b5ec9a5372f8d46fb/element - {"using":"xpath","value":"//*[@id=\"__item142\"]"}
RESULT: {}
RESULT: {"using":"xpath","value":"//*[@id=\"__item142\"]"}
COMMAND: POST /session/700a0ab92761895b5ec9a5372f8d46fb/element/f.647512A71DDA687F9F591F39CAC5A62D.d.56404C524E4621A6DA0555F016224738.e.4526/click - {}
RESULT: {}
COMMAND: POST /session/700a0ab92761895b5ec9a5372f8d46fb/execute/async - {"script":"<script> [1562 bytes]","args":[{"selector":{"controlType":"sap.m.Button","viewName":"etm.portal.ui.manageyards.view.New","viewId":"application-manageyards-display-component---NewYard","properties":{"text":"Commercial"},"interaction":{"idSuffix":"BDI-content"}},"wdio_ui5_key":"etmportal.ui.manageyards.view.Newsap.m.Button{\"text\":\"Commercial\"}"}]}
COMMAND: GET /session/700a0ab92761895b5ec9a5372f8d46fb/screenshot - {}
RESULT: {"script":"<script> [1562 bytes]","args":[{"selector":{"controlType":"sap.m.Button","viewName":"etm.portal.ui.manageyards.view.New","viewId":"application-manageyards-display-component---NewYard","properties":{"text":"Commercial"},"interaction":{"idSuffix":"BDI-content"}},"wdio_ui5_key":"etmportal.ui.manageyards.view.Newsap.m.Button{\"text\":\"Commercial\"}"}]}
RESULT: undefined
COMMAND: POST /session/700a0ab92761895b5ec9a5372f8d46fb/element - {"using":"xpath","value":"//*[@id=\"application-manageyards-display-component---NewYard--ObjectPageLayout-anchBar-__section5-anchor\"]"}
RESULT: {}
RESULT: {"using":"xpath","value":"//*[@id=\"application-manageyards-display-component---NewYard--ObjectPageLayout-anchBar-__section5-anchor\"]"}
COMMAND: POST /session/700a0ab92761895b5ec9a5372f8d46fb/element/f.647512A71DDA687F9F591F39CAC5A62D.d.56404C524E4621A6DA0555F016224738.e.4528/click - {}
RESULT: {}
COMMAND: GET /session/700a0ab92761895b5ec9a5372f8d46fb/screenshot - {}
RESULT: {}
COMMAND: POST /session/700a0ab92761895b5ec9a5372f8d46fb/execute/async - {"script":"<script> [1562 bytes]","args":[{"selector":{"id":"application-manageyards-display-component---NewYard--addressEditDetailsCostObjectCstType-arrow"},"wdio_ui5_key":"applicationmanageyards-display-component---NewYard--addressEditDetailsCostObjectCstType-arrow"}]}
RESULT: {"script":"<script> [1562 bytes]","args":[{"selector":{"id":"application-manageyards-display-component---NewYard--addressEditDetailsCostObjectCstType-arrow"},"wdio_ui5_key":"applicationmanageyards-display-component---NewYard--addressEditDetailsCostObjectCstType-arrow"}]}
RESULT: undefined
COMMAND: POST /session/700a0ab92761895b5ec9a5372f8d46fb/element - {"using":"xpath","value":"//*[@id=\"application-manageyards-display-component---NewYard--addressEditDetailsCostObjectCstType-arrow\"]"}
RESULT: {"using":"xpath","value":"//*[@id=\"application-manageyards-display-component---NewYard--addressEditDetailsCostObjectCstType-arrow\"]"}
COMMAND: POST /session/700a0ab92761895b5ec9a5372f8d46fb/element/f.647512A71DDA687F9F591F39CAC5A62D.d.56404C524E4621A6DA0555F016224738.e.4538/click - {}
RESULT: {}
COMMAND: GET /session/700a0ab92761895b5ec9a5372f8d46fb/screenshot - {}
RESULT: {}
COMMAND: POST /session/700a0ab92761895b5ec9a5372f8d46fb/execute/async - {"script":"<script> [1562 bytes]","args":[{"selector":{"controlType":"sap.m.StandardListItem","viewName":"etm.portal.ui.manageyards.view.New","viewId":"application-manageyards-display-component---NewYard","properties":{"title":"Cost Center"},"searchOpenDialogs":true,"interaction":{"idSuffix":"titleText"}},"wdio_ui5_key":"etmportal.ui.manageyards.view.Newsap.m.StandardListItem{\"title\":\"Cost Center\"}"}]}
RESULT: {"script":"<script> [1562 bytes]","args":[{"selector":{"controlType":"sap.m.StandardListItem","viewName":"etm.portal.ui.manageyards.view.New","viewId":"application-manageyards-display-component---NewYard","properties":{"title":"Cost Center"},"searchOpenDialogs":true,"interaction":{"idSuffix":"titleText"}},"wdio_ui5_key":"etmportal.ui.manageyards.view.Newsap.m.StandardListItem{\"title\":\"Cost Center\"}"}]}
RESULT: undefined
COMMAND: POST /session/700a0ab92761895b5ec9a5372f8d46fb/element - {"using":"xpath","value":"//*[@id=\"__item232\"]"}
RESULT: {"using":"xpath","value":"//*[@id=\"__item232\"]"}
COMMAND: POST /session/700a0ab92761895b5ec9a5372f8d46fb/element/f.647512A71DDA687F9F591F39CAC5A62D.d.56404C524E4621A6DA0555F016224738.e.4540/click - {}
RESULT: {}
COMMAND: POST /session/700a0ab92761895b5ec9a5372f8d46fb/element - {"using":"xpath","value":"//input[@id=\"application-manageyards-display-component---NewYard--addressNewCostObjectCstID-inner\"]"}
COMMAND: GET /session/700a0ab92761895b5ec9a5372f8d46fb/screenshot - {}
RESULT: {"using":"xpath","value":"//input[@id=\"application-manageyards-display-component---NewYard--addressNewCostObjectCstID-inner\"]"}
COMMAND: POST /session/700a0ab92761895b5ec9a5372f8d46fb/element/f.647512A71DDA687F9F591F39CAC5A62D.d.56404C524E4621A6DA0555F016224738.e.4340/clear - {}
RESULT: {}
RESULT: {}
COMMAND: POST /session/700a0ab92761895b5ec9a5372f8d46fb/element/f.647512A71DDA687F9F591F39CAC5A62D.d.56404C524E4621A6DA0555F016224738.e.4340/value - {"text":"10001013"}
COMMAND: GET /session/700a0ab92761895b5ec9a5372f8d46fb/screenshot - {}
RESULT: {"text":"10001013"}
COMMAND: GET /session/700a0ab92761895b5ec9a5372f8d46fb/screenshot - {}
RESULT: {}
RESULT: {}
COMMAND: POST /session/700a0ab92761895b5ec9a5372f8d46fb/execute/async - {"script":"<script> [1562 bytes]","args":[{"selector":{"controlType":"sap.m.StandardListItem","viewName":"etm.portal.ui.manageyards.view.New","viewId":"application-manageyards-display-component---NewYard","properties":{"type":"Active"},"searchOpenDialogs":true,"interaction":{"idSuffix":"titleText"}},"wdio_ui5_key":"etmportal.ui.manageyards.view.Newsap.m.StandardListItem{\"type\":\"Active\"}"}]}
RESULT: {"script":"<script> [1562 bytes]","args":[{"selector":{"controlType":"sap.m.StandardListItem","viewName":"etm.portal.ui.manageyards.view.New","viewId":"application-manageyards-display-component---NewYard","properties":{"type":"Active"},"searchOpenDialogs":true,"interaction":{"idSuffix":"titleText"}},"wdio_ui5_key":"etmportal.ui.manageyards.view.Newsap.m.StandardListItem{\"type\":\"Active\"}"}]}
RESULT: undefined
COMMAND: POST /session/700a0ab92761895b5ec9a5372f8d46fb/element - {"using":"xpath","value":"//*[@id=\"__item237\"]"}
RESULT: {"using":"xpath","value":"//*[@id=\"__item237\"]"}
COMMAND: POST /session/700a0ab92761895b5ec9a5372f8d46fb/element/f.647512A71DDA687F9F591F39CAC5A62D.d.56404C524E4621A6DA0555F016224738.e.4546/click - {}
RESULT: {}
COMMAND: POST /session/700a0ab92761895b5ec9a5372f8d46fb/execute/async - {"script":"<script> [1562 bytes]","args":[{"selector":{"id":"application-manageyards-display-component---NewYard--addressEditDetailsCurrency-arrow"},"wdio_ui5_key":"applicationmanageyards-display-component---NewYard--addressEditDetailsCurrency-arrow"}]}
COMMAND: GET /session/700a0ab92761895b5ec9a5372f8d46fb/screenshot - {}
RESULT: {"script":"<script> [1562 bytes]","args":[{"selector":{"id":"application-manageyards-display-component---NewYard--addressEditDetailsCurrency-arrow"},"wdio_ui5_key":"applicationmanageyards-display-component---NewYard--addressEditDetailsCurrency-arrow"}]}
RESULT: undefined
COMMAND: POST /session/700a0ab92761895b5ec9a5372f8d46fb/element - {"using":"xpath","value":"//*[@id=\"application-manageyards-display-component---NewYard--addressEditDetailsCurrency-arrow\"]"}
RESULT: {}
RESULT: {"using":"xpath","value":"//*[@id=\"application-manageyards-display-component---NewYard--addressEditDetailsCurrency-arrow\"]"}
COMMAND: POST /session/700a0ab92761895b5ec9a5372f8d46fb/element/f.647512A71DDA687F9F591F39CAC5A62D.d.56404C524E4621A6DA0555F016224738.e.4548/click - {}
RESULT: {}
COMMAND: POST /session/700a0ab92761895b5ec9a5372f8d46fb/execute/async - {"script":"<script> [1562 bytes]","args":[{"selector":{"controlType":"sap.m.StandardListItem","viewName":"etm.portal.ui.manageyards.view.New","viewId":"application-manageyards-display-component---NewYard","properties":{"title":"Euro"},"searchOpenDialogs":true,"interaction":{"idSuffix":"content"}},"wdio_ui5_key":"etmportal.ui.manageyards.view.Newsap.m.StandardListItem{\"title\":\"Euro\"}"}]}
COMMAND: GET /session/700a0ab92761895b5ec9a5372f8d46fb/screenshot - {}
RESULT: {"script":"<script> [1562 bytes]","args":[{"selector":{"controlType":"sap.m.StandardListItem","viewName":"etm.portal.ui.manageyards.view.New","viewId":"application-manageyards-display-component---NewYard","properties":{"title":"Euro"},"searchOpenDialogs":true,"interaction":{"idSuffix":"content"}},"wdio_ui5_key":"etmportal.ui.manageyards.view.Newsap.m.StandardListItem{\"title\":\"Euro\"}"}]}
RESULT: undefined
COMMAND: POST /session/700a0ab92761895b5ec9a5372f8d46fb/element - {"using":"xpath","value":"//*[@id=\"__item238\"]"}
RESULT: {}
RESULT: {"using":"xpath","value":"//*[@id=\"__item238\"]"}
COMMAND: POST /session/700a0ab92761895b5ec9a5372f8d46fb/element/f.647512A71DDA687F9F591F39CAC5A62D.d.56404C524E4621A6DA0555F016224738.e.4550/click - {}
RESULT: {}
COMMAND: POST /session/700a0ab92761895b5ec9a5372f8d46fb/execute/async - {"script":"<script> [1562 bytes]","args":[{"selector":{"controlType":"sap.m.Input","viewName":"etm.portal.ui.manageyards.view.New","viewId":"application-manageyards-display-component---NewYard","bindingPath":{"path":"","propertyPath":"/CONTROLLING_AREA","modelName":"NewYardModel"},"interaction":{"idSuffix":"inner"}},"wdio_ui5_key":"etmportal.ui.manageyards.view.Newsap.m.Input{\"path\":\"\",\"propertyPath\":\"/CONTROLLING_AREA\",\"modelName\":\"NewYardModel\"}"}]}
COMMAND: GET /session/700a0ab92761895b5ec9a5372f8d46fb/screenshot - {}
RESULT: {"script":"<script> [1562 bytes]","args":[{"selector":{"controlType":"sap.m.Input","viewName":"etm.portal.ui.manageyards.view.New","viewId":"application-manageyards-display-component---NewYard","bindingPath":{"path":"","propertyPath":"/CONTROLLING_AREA","modelName":"NewYardModel"},"interaction":{"idSuffix":"inner"}},"wdio_ui5_key":"etmportal.ui.manageyards.view.Newsap.m.Input{\"path\":\"\",\"propertyPath\":\"/CONTROLLING_AREA\",\"modelName\":\"NewYardModel\"}"}]}
RESULT: undefined
COMMAND: POST /session/700a0ab92761895b5ec9a5372f8d46fb/execute/async - {"script":"<script> [776 bytes]","args":[{"enterText":"Z001","selector":{"controlType":"sap.m.Input","viewName":"etm.portal.ui.manageyards.view.New","viewId":"application-manageyards-display-component---NewYard","bindingPath":{"path":"","propertyPath":"/CONTROLLING_AREA","modelName":"NewYardModel"},"interaction":{"idSuffix":"inner"}},"clearTextFirst":true,"interactionType":"ENTER_TEXT"}]}
RESULT: {}
RESULT: {"script":"<script> [776 bytes]","args":[{"enterText":"Z001","selector":{"controlType":"sap.m.Input","viewName":"etm.portal.ui.manageyards.view.New","viewId":"application-manageyards-display-component---NewYard","bindingPath":{"path":"","propertyPath":"/CONTROLLING_AREA","modelName":"NewYardModel"},"interaction":{"idSuffix":"inner"}},"clearTextFirst":true,"interactionType":"ENTER_TEXT"}]}
COMMAND: POST /session/700a0ab92761895b5ec9a5372f8d46fb/execute/async - {"script":"<script> [1562 bytes]","args":[{"selector":{"id":"application-manageyards-display-component---NewYard--companyCodeComboBox","interaction":{"idSuffix":"inner"}},"wdio_ui5_key":"applicationmanageyards-display-component---NewYard--companyCodeComboBox"}]}
RESULT: {"script":"<script> [1562 bytes]","args":[{"selector":{"id":"application-manageyards-display-component---NewYard--companyCodeComboBox","interaction":{"idSuffix":"inner"}},"wdio_ui5_key":"applicationmanageyards-display-component---NewYard--companyCodeComboBox"}]}
RESULT: undefined
COMMAND: POST /session/700a0ab92761895b5ec9a5372f8d46fb/execute/async - {"script":"<script> [776 bytes]","args":[{"enterText":"1000","selector":{"id":"application-manageyards-display-component---NewYard--companyCodeComboBox","interaction":{"idSuffix":"inner"}},"clearTextFirst":true,"interactionType":"ENTER_TEXT"}]}
RESULT: {"script":"<script> [776 bytes]","args":[{"enterText":"1000","selector":{"id":"application-manageyards-display-component---NewYard--companyCodeComboBox","interaction":{"idSuffix":"inner"}},"clearTextFirst":true,"interactionType":"ENTER_TEXT"}]}
COMMAND: POST /session/700a0ab92761895b5ec9a5372f8d46fb/execute/async - {"script":"<script> [1562 bytes]","args":[{"selector":{"controlType":"sap.m.Input","viewName":"etm.portal.ui.manageyards.view.New","viewId":"application-manageyards-display-component---NewYard","bindingPath":{"path":"","propertyPath":"/PLANT","modelName":"NewYardModel"},"interaction":{"idSuffix":"inner"}},"wdio_ui5_key":"etmportal.ui.manageyards.view.Newsap.m.Input{\"path\":\"\",\"propertyPath\":\"/PLANT\",\"modelName\":\"NewYardModel\"}"}]}
RESULT: {"script":"<script> [1562 bytes]","args":[{"selector":{"controlType":"sap.m.Input","viewName":"etm.portal.ui.manageyards.view.New","viewId":"application-manageyards-display-component---NewYard","bindingPath":{"path":"","propertyPath":"/PLANT","modelName":"NewYardModel"},"interaction":{"idSuffix":"inner"}},"wdio_ui5_key":"etmportal.ui.manageyards.view.Newsap.m.Input{\"path\":\"\",\"propertyPath\":\"/PLANT\",\"modelName\":\"NewYardModel\"}"}]}
RESULT: undefined
COMMAND: POST /session/700a0ab92761895b5ec9a5372f8d46fb/execute/async - {"script":"<script> [776 bytes]","args":[{"enterText":"1001","selector":{"controlType":"sap.m.Input","viewName":"etm.portal.ui.manageyards.view.New","viewId":"application-manageyards-display-component---NewYard","bindingPath":{"path":"","propertyPath":"/PLANT","modelName":"NewYardModel"},"interaction":{"idSuffix":"inner"}},"clearTextFirst":true,"interactionType":"ENTER_TEXT"}]}
RESULT: {"script":"<script> [776 bytes]","args":[{"enterText":"1001","selector":{"controlType":"sap.m.Input","viewName":"etm.portal.ui.manageyards.view.New","viewId":"application-manageyards-display-component---NewYard","bindingPath":{"path":"","propertyPath":"/PLANT","modelName":"NewYardModel"},"interaction":{"idSuffix":"inner"}},"clearTextFirst":true,"interactionType":"ENTER_TEXT"}]}
COMMAND: POST /session/700a0ab92761895b5ec9a5372f8d46fb/execute/async - {"script":"<script> [1562 bytes]","args":[{"selector":{"controlType":"sap.m.Input","viewName":"etm.portal.ui.manageyards.view.New","viewId":"application-manageyards-display-component---NewYard","bindingPath":{"path":"","propertyPath":"/SALES_AREA_VKORG","modelName":"NewYardModel"},"interaction":{"idSuffix":"inner"}},"wdio_ui5_key":"etmportal.ui.manageyards.view.Newsap.m.Input{\"path\":\"\",\"propertyPath\":\"/SALES_AREA_VKORG\",\"modelName\":\"NewYardModel\"}"}]}
RESULT: {"script":"<script> [1562 bytes]","args":[{"selector":{"controlType":"sap.m.Input","viewName":"etm.portal.ui.manageyards.view.New","viewId":"application-manageyards-display-component---NewYard","bindingPath":{"path":"","propertyPath":"/SALES_AREA_VKORG","modelName":"NewYardModel"},"interaction":{"idSuffix":"inner"}},"wdio_ui5_key":"etmportal.ui.manageyards.view.Newsap.m.Input{\"path\":\"\",\"propertyPath\":\"/SALES_AREA_VKORG\",\"modelName\":\"NewYardModel\"}"}]}
RESULT: undefined
COMMAND: POST /session/700a0ab92761895b5ec9a5372f8d46fb/execute/async - {"script":"<script> [776 bytes]","args":[{"enterText":"C002","selector":{"controlType":"sap.m.Input","viewName":"etm.portal.ui.manageyards.view.New","viewId":"application-manageyards-display-component---NewYard","bindingPath":{"path":"","propertyPath":"/SALES_AREA_VKORG","modelName":"NewYardModel"},"interaction":{"idSuffix":"inner"}},"clearTextFirst":true,"interactionType":"ENTER_TEXT"}]}
RESULT: {"script":"<script> [776 bytes]","args":[{"enterText":"C002","selector":{"controlType":"sap.m.Input","viewName":"etm.portal.ui.manageyards.view.New","viewId":"application-manageyards-display-component---NewYard","bindingPath":{"path":"","propertyPath":"/SALES_AREA_VKORG","modelName":"NewYardModel"},"interaction":{"idSuffix":"inner"}},"clearTextFirst":true,"interactionType":"ENTER_TEXT"}]}
COMMAND: POST /session/700a0ab92761895b5ec9a5372f8d46fb/execute/async - {"script":"<script> [1562 bytes]","args":[{"selector":{"controlType":"sap.m.Input","viewName":"etm.portal.ui.manageyards.view.New","viewId":"application-manageyards-display-component---NewYard","bindingPath":{"path":"","propertyPath":"/SALES_AREA_VTWEG","modelName":"NewYardModel"},"interaction":{"idSuffix":"inner"}},"wdio_ui5_key":"etmportal.ui.manageyards.view.Newsap.m.Input{\"path\":\"\",\"propertyPath\":\"/SALES_AREA_VTWEG\",\"modelName\":\"NewYardModel\"}"}]}
RESULT: {"script":"<script> [1562 bytes]","args":[{"selector":{"controlType":"sap.m.Input","viewName":"etm.portal.ui.manageyards.view.New","viewId":"application-manageyards-display-component---NewYard","bindingPath":{"path":"","propertyPath":"/SALES_AREA_VTWEG","modelName":"NewYardModel"},"interaction":{"idSuffix":"inner"}},"wdio_ui5_key":"etmportal.ui.manageyards.view.Newsap.m.Input{\"path\":\"\",\"propertyPath\":\"/SALES_AREA_VTWEG\",\"modelName\":\"NewYardModel\"}"}]}
RESULT: undefined
COMMAND: POST /session/700a0ab92761895b5ec9a5372f8d46fb/execute/async - {"script":"<script> [776 bytes]","args":[{"enterText":"C2","selector":{"controlType":"sap.m.Input","viewName":"etm.portal.ui.manageyards.view.New","viewId":"application-manageyards-display-component---NewYard","bindingPath":{"path":"","propertyPath":"/SALES_AREA_VTWEG","modelName":"NewYardModel"},"interaction":{"idSuffix":"inner"}},"clearTextFirst":true,"interactionType":"ENTER_TEXT"}]}
RESULT: {"script":"<script> [776 bytes]","args":[{"enterText":"C2","selector":{"controlType":"sap.m.Input","viewName":"etm.portal.ui.manageyards.view.New","viewId":"application-manageyards-display-component---NewYard","bindingPath":{"path":"","propertyPath":"/SALES_AREA_VTWEG","modelName":"NewYardModel"},"interaction":{"idSuffix":"inner"}},"clearTextFirst":true,"interactionType":"ENTER_TEXT"}]}
COMMAND: POST /session/700a0ab92761895b5ec9a5372f8d46fb/execute/async - {"script":"<script> [1562 bytes]","args":[{"selector":{"controlType":"sap.m.Input","viewName":"etm.portal.ui.manageyards.view.New","viewId":"application-manageyards-display-component---NewYard","bindingPath":{"path":"","propertyPath":"/SALES_AREA_SPART","modelName":"NewYardModel"},"interaction":{"idSuffix":"inner"}},"wdio_ui5_key":"etmportal.ui.manageyards.view.Newsap.m.Input{\"path\":\"\",\"propertyPath\":\"/SALES_AREA_SPART\",\"modelName\":\"NewYardModel\"}"}]}
RESULT: {"script":"<script> [1562 bytes]","args":[{"selector":{"controlType":"sap.m.Input","viewName":"etm.portal.ui.manageyards.view.New","viewId":"application-manageyards-display-component---NewYard","bindingPath":{"path":"","propertyPath":"/SALES_AREA_SPART","modelName":"NewYardModel"},"interaction":{"idSuffix":"inner"}},"wdio_ui5_key":"etmportal.ui.manageyards.view.Newsap.m.Input{\"path\":\"\",\"propertyPath\":\"/SALES_AREA_SPART\",\"modelName\":\"NewYardModel\"}"}]}
RESULT: undefined
COMMAND: POST /session/700a0ab92761895b5ec9a5372f8d46fb/execute/async - {"script":"<script> [776 bytes]","args":[{"enterText":"C2","selector":{"controlType":"sap.m.Input","viewName":"etm.portal.ui.manageyards.view.New","viewId":"application-manageyards-display-component---NewYard","bindingPath":{"path":"","propertyPath":"/SALES_AREA_SPART","modelName":"NewYardModel"},"interaction":{"idSuffix":"inner"}},"clearTextFirst":true,"interactionType":"ENTER_TEXT"}]}
RESULT: {"script":"<script> [776 bytes]","args":[{"enterText":"C2","selector":{"controlType":"sap.m.Input","viewName":"etm.portal.ui.manageyards.view.New","viewId":"application-manageyards-display-component---NewYard","bindingPath":{"path":"","propertyPath":"/SALES_AREA_SPART","modelName":"NewYardModel"},"interaction":{"idSuffix":"inner"}},"clearTextFirst":true,"interactionType":"ENTER_TEXT"}]}
COMMAND: POST /session/700a0ab92761895b5ec9a5372f8d46fb/execute/async - {"script":"<script> [1562 bytes]","args":[{"selector":{"controlType":"sap.m.Input","viewName":"etm.portal.ui.manageyards.view.New","viewId":"application-manageyards-display-component---NewYard","bindingPath":{"path":"","propertyPath":"/SHIP_POINT","modelName":"NewYardModel"},"interaction":{"idSuffix":"inner"}},"wdio_ui5_key":"etmportal.ui.manageyards.view.Newsap.m.Input{\"path\":\"\",\"propertyPath\":\"/SHIP_POINT\",\"modelName\":\"NewYardModel\"}"}]}
RESULT: {"script":"<script> [1562 bytes]","args":[{"selector":{"controlType":"sap.m.Input","viewName":"etm.portal.ui.manageyards.view.New","viewId":"application-manageyards-display-component---NewYard","bindingPath":{"path":"","propertyPath":"/SHIP_POINT","modelName":"NewYardModel"},"interaction":{"idSuffix":"inner"}},"wdio_ui5_key":"etmportal.ui.manageyards.view.Newsap.m.Input{\"path\":\"\",\"propertyPath\":\"/SHIP_POINT\",\"modelName\":\"NewYardModel\"}"}]}
RESULT: undefined
COMMAND: POST /session/700a0ab92761895b5ec9a5372f8d46fb/execute/async - {"script":"<script> [776 bytes]","args":[{"enterText":"1710","selector":{"controlType":"sap.m.Input","viewName":"etm.portal.ui.manageyards.view.New","viewId":"application-manageyards-display-component---NewYard","bindingPath":{"path":"","propertyPath":"/SHIP_POINT","modelName":"NewYardModel"},"interaction":{"idSuffix":"inner"}},"clearTextFirst":true,"interactionType":"ENTER_TEXT"}]}
RESULT: {"script":"<script> [776 bytes]","args":[{"enterText":"1710","selector":{"controlType":"sap.m.Input","viewName":"etm.portal.ui.manageyards.view.New","viewId":"application-manageyards-display-component---NewYard","bindingPath":{"path":"","propertyPath":"/SHIP_POINT","modelName":"NewYardModel"},"interaction":{"idSuffix":"inner"}},"clearTextFirst":true,"interactionType":"ENTER_TEXT"}]}
COMMAND: POST /session/700a0ab92761895b5ec9a5372f8d46fb/execute/async - {"script":"<script> [1562 bytes]","args":[{"selector":{"controlType":"sap.m.Input","viewName":"etm.portal.ui.manageyards.view.New","viewId":"application-manageyards-display-component---NewYard","bindingPath":{"path":"","propertyPath":"/DELIVERY_TYPE","modelName":"NewYardModel"},"interaction":{"idSuffix":"inner"}},"wdio_ui5_key":"etmportal.ui.manageyards.view.Newsap.m.Input{\"path\":\"\",\"propertyPath\":\"/DELIVERY_TYPE\",\"modelName\":\"NewYardModel\"}"}]}
RESULT: {"script":"<script> [1562 bytes]","args":[{"selector":{"controlType":"sap.m.Input","viewName":"etm.portal.ui.manageyards.view.New","viewId":"application-manageyards-display-component---NewYard","bindingPath":{"path":"","propertyPath":"/DELIVERY_TYPE","modelName":"NewYardModel"},"interaction":{"idSuffix":"inner"}},"wdio_ui5_key":"etmportal.ui.manageyards.view.Newsap.m.Input{\"path\":\"\",\"propertyPath\":\"/DELIVERY_TYPE\",\"modelName\":\"NewYardModel\"}"}]}
RESULT: undefined
COMMAND: POST /session/700a0ab92761895b5ec9a5372f8d46fb/execute/async - {"script":"<script> [776 bytes]","args":[{"enterText":"ZL01","selector":{"controlType":"sap.m.Input","viewName":"etm.portal.ui.manageyards.view.New","viewId":"application-manageyards-display-component---NewYard","bindingPath":{"path":"","propertyPath":"/DELIVERY_TYPE","modelName":"NewYardModel"},"interaction":{"idSuffix":"inner"}},"clearTextFirst":true,"interactionType":"ENTER_TEXT"}]}
RESULT: {"script":"<script> [776 bytes]","args":[{"enterText":"ZL01","selector":{"controlType":"sap.m.Input","viewName":"etm.portal.ui.manageyards.view.New","viewId":"application-manageyards-display-component---NewYard","bindingPath":{"path":"","propertyPath":"/DELIVERY_TYPE","modelName":"NewYardModel"},"interaction":{"idSuffix":"inner"}},"clearTextFirst":true,"interactionType":"ENTER_TEXT"}]}
COMMAND: POST /session/700a0ab92761895b5ec9a5372f8d46fb/execute/async - {"script":"<script> [1562 bytes]","args":[{"selector":{"controlType":"sap.m.Input","viewName":"etm.portal.ui.manageyards.view.New","viewId":"application-manageyards-display-component---NewYard","bindingPath":{"path":"","propertyPath":"/AUART","modelName":"NewYardModel"},"interaction":{"idSuffix":"inner"}},"wdio_ui5_key":"etmportal.ui.manageyards.view.Newsap.m.Input{\"path\":\"\",\"propertyPath\":\"/AUART\",\"modelName\":\"NewYardModel\"}"}]}
RESULT: {"script":"<script> [1562 bytes]","args":[{"selector":{"controlType":"sap.m.Input","viewName":"etm.portal.ui.manageyards.view.New","viewId":"application-manageyards-display-component---NewYard","bindingPath":{"path":"","propertyPath":"/AUART","modelName":"NewYardModel"},"interaction":{"idSuffix":"inner"}},"wdio_ui5_key":"etmportal.ui.manageyards.view.Newsap.m.Input{\"path\":\"\",\"propertyPath\":\"/AUART\",\"modelName\":\"NewYardModel\"}"}]}
RESULT: undefined
COMMAND: POST /session/700a0ab92761895b5ec9a5372f8d46fb/execute/async - {"script":"<script> [776 bytes]","args":[{"enterText":"TA","selector":{"controlType":"sap.m.Input","viewName":"etm.portal.ui.manageyards.view.New","viewId":"application-manageyards-display-component---NewYard","bindingPath":{"path":"","propertyPath":"/AUART","modelName":"NewYardModel"},"interaction":{"idSuffix":"inner"}},"clearTextFirst":true,"interactionType":"ENTER_TEXT"}]}
RESULT: {"script":"<script> [776 bytes]","args":[{"enterText":"TA","selector":{"controlType":"sap.m.Input","viewName":"etm.portal.ui.manageyards.view.New","viewId":"application-manageyards-display-component---NewYard","bindingPath":{"path":"","propertyPath":"/AUART","modelName":"NewYardModel"},"interaction":{"idSuffix":"inner"}},"clearTextFirst":true,"interactionType":"ENTER_TEXT"}]}
COMMAND: POST /session/700a0ab92761895b5ec9a5372f8d46fb/execute/async - {"script":"<script> [1562 bytes]","args":[{"selector":{"id":"application-manageyards-display-component---NewYard--whmCheckBox","interaction":{"idSuffix":"CbBg"}},"wdio_ui5_key":"applicationmanageyards-display-component---NewYard--whmCheckBox"}]}
RESULT: {"script":"<script> [1562 bytes]","args":[{"selector":{"id":"application-manageyards-display-component---NewYard--whmCheckBox","interaction":{"idSuffix":"CbBg"}},"wdio_ui5_key":"applicationmanageyards-display-component---NewYard--whmCheckBox"}]}
RESULT: undefined
COMMAND: POST /session/700a0ab92761895b5ec9a5372f8d46fb/element - {"using":"xpath","value":"//*[@id=\"application-manageyards-display-component---NewYard--whmCheckBox\"]"}
RESULT: {"using":"xpath","value":"//*[@id=\"application-manageyards-display-component---NewYard--whmCheckBox\"]"}
COMMAND: POST /session/700a0ab92761895b5ec9a5372f8d46fb/element/f.647512A71DDA687F9F591F39CAC5A62D.d.56404C524E4621A6DA0555F016224738.e.4561/click - {}
RESULT: {}
COMMAND: POST /session/700a0ab92761895b5ec9a5372f8d46fb/execute/async - {"script":"<script> [1562 bytes]","args":[{"selector":{"controlType":"sap.m.Button","viewName":"etm.portal.ui.manageyards.view.New","viewId":"application-manageyards-display-component---NewYard","i18NText":{"propertyName":"text","key":"save"},"interaction":{"idSuffix":"BDI-content"}},"wdio_ui5_key":"etmportal.ui.manageyards.view.Newsap.m.Button{\"propertyName\":\"text\",\"key\":\"save\"}"}]}
COMMAND: GET /session/700a0ab92761895b5ec9a5372f8d46fb/screenshot - {}
RESULT: {"script":"<script> [1562 bytes]","args":[{"selector":{"controlType":"sap.m.Button","viewName":"etm.portal.ui.manageyards.view.New","viewId":"application-manageyards-display-component---NewYard","i18NText":{"propertyName":"text","key":"save"},"interaction":{"idSuffix":"BDI-content"}},"wdio_ui5_key":"etmportal.ui.manageyards.view.Newsap.m.Button{\"propertyName\":\"text\",\"key\":\"save\"}"}]}
RESULT: undefined
COMMAND: POST /session/700a0ab92761895b5ec9a5372f8d46fb/element - {"using":"xpath","value":"//*[@id=\"__button18\"]"}
RESULT: {}
RESULT: {"using":"xpath","value":"//*[@id=\"__button18\"]"}
COMMAND: POST /session/700a0ab92761895b5ec9a5372f8d46fb/element/f.647512A71DDA687F9F591F39CAC5A62D.d.56404C524E4621A6DA0555F016224738.e.4501/click - {}
RESULT: {}
COMMAND: GET /session/700a0ab92761895b5ec9a5372f8d46fb/screenshot - {}
RESULT: {}
COMMAND: POST /session/700a0ab92761895b5ec9a5372f8d46fb/execute/async - {"script":"<script> [1562 bytes]","args":[{"selector":{"controlType":"sap.m.Text","viewName":"etm.portal.ui.manageyards.view.Detail","viewId":"application-manageyards-display-component---detailYard","bindingPath":{"propertyPath":"ID","modelName":"catalogModel"}},"wdio_ui5_key":"etmportal.ui.manageyards.view.Detailsap.m.Text{\"propertyPath\":\"ID\",\"modelName\":\"catalogModel\"}"}]}
RESULT: {"script":"<script> [1562 bytes]","args":[{"selector":{"controlType":"sap.m.Text","viewName":"etm.portal.ui.manageyards.view.Detail","viewId":"application-manageyards-display-component---detailYard","bindingPath":{"propertyPath":"ID","modelName":"catalogModel"}},"wdio_ui5_key":"etmportal.ui.manageyards.view.Detailsap.m.Text{\"propertyPath\":\"ID\",\"modelName\":\"catalogModel\"}"}]}
RESULT: undefined
COMMAND: POST /session/700a0ab92761895b5ec9a5372f8d46fb/execute/async - {"script":"<script> [6424 bytes]","args":[{"element-6066-11e4-a52e-4f735466cecf":"f.647512A71DDA687F9F591F39CAC5A62D.d.56404C524E4621A6DA0555F016224738.e.4759"},"getText",[]]}
RESULT: {"script":"<script> [6424 bytes]","args":[{"element-6066-11e4-a52e-4f735466cecf":"f.647512A71DDA687F9F591F39CAC5A62D.d.56404C524E4621A6DA0555F016224738.e.4759"},"getText",[]]}
COMMAND: POST /session/700a0ab92761895b5ec9a5372f8d46fb/element - {"using":"css selector","value":"#shell-header-logo"}
RESULT: {"using":"css selector","value":"#shell-header-logo"}
COMMAND: POST /session/700a0ab92761895b5ec9a5372f8d46fb/element/f.647512A71DDA687F9F591F39CAC5A62D.d.56404C524E4621A6DA0555F016224738.e.3952/click - {}
RESULT: {}
COMMAND: GET /session/700a0ab92761895b5ec9a5372f8d46fb/screenshot - {}
RESULT: {}
]]></system-out>
    </testcase>
    <testcase classname="chrome.135_0_7049_96.windows.Provide_to_Site_w/_warehouse_management_w/_clarification_US115878" name="Should create WHM site" time="54.903">
      <system-out><![CDATA[
COMMAND: POST /session/700a0ab92761895b5ec9a5372f8d46fb/execute/async - {"script":"<script> [1562 bytes]","args":[{"selector":{"controlType":"sap.m.GenericTile","properties":{"header":"Manage Sites"}},"wdio_ui5_key":"sapm.GenericTile{\"header\":\"Manage Sites\"}"}]}
RESULT: {"script":"<script> [1562 bytes]","args":[{"selector":{"controlType":"sap.m.GenericTile","properties":{"header":"Manage Sites"}},"wdio_ui5_key":"sapm.GenericTile{\"header\":\"Manage Sites\"}"}]}
RESULT: undefined
COMMAND: POST /session/700a0ab92761895b5ec9a5372f8d46fb/element - {"using":"xpath","value":"//*[@id=\"__tile32\"]"}
RESULT: {"using":"xpath","value":"//*[@id=\"__tile32\"]"}
COMMAND: POST /session/700a0ab92761895b5ec9a5372f8d46fb/element/f.647512A71DDA687F9F591F39CAC5A62D.d.56404C524E4621A6DA0555F016224738.e.3974/click - {}
RESULT: {}
COMMAND: GET /session/700a0ab92761895b5ec9a5372f8d46fb/screenshot - {}
RESULT: {}
COMMAND: POST /session/700a0ab92761895b5ec9a5372f8d46fb/execute/async - {"script":"<script> [1562 bytes]","args":[{"selector":{"controlType":"sap.ui.core.Icon","viewName":"etm.portal.ui.managesites.view.Master","viewId":"application-managesites-display-component---masterSite","properties":{"src":{"regex":{"source":"add"}}}},"wdio_ui5_key":"etmportal.ui.managesites.view.Mastersap.ui.core.Icon{\"src\":{\"regex\":{\"source\":\"add\"}}}"}]}
RESULT: {"script":"<script> [1562 bytes]","args":[{"selector":{"controlType":"sap.ui.core.Icon","viewName":"etm.portal.ui.managesites.view.Master","viewId":"application-managesites-display-component---masterSite","properties":{"src":{"regex":{"source":"add"}}}},"wdio_ui5_key":"etmportal.ui.managesites.view.Mastersap.ui.core.Icon{\"src\":{\"regex\":{\"source\":\"add\"}}}"}]}
RESULT: undefined
COMMAND: POST /session/700a0ab92761895b5ec9a5372f8d46fb/element - {"using":"xpath","value":"//*[@id=\"__button64-img\"]"}
RESULT: {"using":"xpath","value":"//*[@id=\"__button64-img\"]"}
COMMAND: POST /session/700a0ab92761895b5ec9a5372f8d46fb/element/f.647512A71DDA687F9F591F39CAC5A62D.d.56404C524E4621A6DA0555F016224738.e.4809/click - {}
RESULT: {}
COMMAND: GET /session/700a0ab92761895b5ec9a5372f8d46fb/screenshot - {}
RESULT: {}
COMMAND: POST /session/700a0ab92761895b5ec9a5372f8d46fb/execute/async - {"script":"<script> [1562 bytes]","args":[{"selector":{"controlType":"sap.m.Button","viewName":"etm.portal.ui.managesites.view.NewSmartSite","viewId":"application-managesites-display-component---NewSite","properties":{"text":"General Information"},"interaction":{"idSuffix":"BDI-content"}},"wdio_ui5_key":"etmportal.ui.managesites.view.NewSmartSitesap.m.Button{\"text\":\"General Information\"}"}]}
RESULT: {"script":"<script> [1562 bytes]","args":[{"selector":{"controlType":"sap.m.Button","viewName":"etm.portal.ui.managesites.view.NewSmartSite","viewId":"application-managesites-display-component---NewSite","properties":{"text":"General Information"},"interaction":{"idSuffix":"BDI-content"}},"wdio_ui5_key":"etmportal.ui.managesites.view.NewSmartSitesap.m.Button{\"text\":\"General Information\"}"}]}
RESULT: undefined
COMMAND: POST /session/700a0ab92761895b5ec9a5372f8d46fb/element - {"using":"xpath","value":"//*[@id=\"application-managesites-display-component---NewSite--ObjectPageLayout-anchBar-__section31-anchor\"]"}
RESULT: {"using":"xpath","value":"//*[@id=\"application-managesites-display-component---NewSite--ObjectPageLayout-anchBar-__section31-anchor\"]"}
COMMAND: POST /session/700a0ab92761895b5ec9a5372f8d46fb/element/f.647512A71DDA687F9F591F39CAC5A62D.d.56404C524E4621A6DA0555F016224738.e.5369/click - {}
RESULT: {}
COMMAND: POST /session/700a0ab92761895b5ec9a5372f8d46fb/execute/async - {"script":"<script> [1562 bytes]","args":[{"selector":{"id":"application-managesites-display-component---NewSite--addressDetailDetailsName1","interaction":{"idSuffix":"inner"}},"wdio_ui5_key":"applicationmanagesites-display-component---NewSite--addressDetailDetailsName1"}]}
COMMAND: GET /session/700a0ab92761895b5ec9a5372f8d46fb/screenshot - {}
RESULT: {"script":"<script> [1562 bytes]","args":[{"selector":{"id":"application-managesites-display-component---NewSite--addressDetailDetailsName1","interaction":{"idSuffix":"inner"}},"wdio_ui5_key":"applicationmanagesites-display-component---NewSite--addressDetailDetailsName1"}]}
RESULT: undefined
COMMAND: POST /session/700a0ab92761895b5ec9a5372f8d46fb/execute/async - {"script":"<script> [776 bytes]","args":[{"enterText":"WDI5 WHM Site","selector":{"id":"application-managesites-display-component---NewSite--addressDetailDetailsName1","interaction":{"idSuffix":"inner"}},"clearTextFirst":true,"interactionType":"ENTER_TEXT"}]}
RESULT: {}
RESULT: {"script":"<script> [776 bytes]","args":[{"enterText":"WDI5 WHM Site","selector":{"id":"application-managesites-display-component---NewSite--addressDetailDetailsName1","interaction":{"idSuffix":"inner"}},"clearTextFirst":true,"interactionType":"ENTER_TEXT"}]}
COMMAND: POST /session/700a0ab92761895b5ec9a5372f8d46fb/execute/async - {"script":"<script> [1562 bytes]","args":[{"selector":{"id":"application-managesites-display-component---NewSite--addressDetailDetailsLanguage","interaction":{"idSuffix":"inner"}},"wdio_ui5_key":"applicationmanagesites-display-component---NewSite--addressDetailDetailsLanguage"}]}
RESULT: {"script":"<script> [1562 bytes]","args":[{"selector":{"id":"application-managesites-display-component---NewSite--addressDetailDetailsLanguage","interaction":{"idSuffix":"inner"}},"wdio_ui5_key":"applicationmanagesites-display-component---NewSite--addressDetailDetailsLanguage"}]}
RESULT: undefined
COMMAND: POST /session/700a0ab92761895b5ec9a5372f8d46fb/execute/async - {"script":"<script> [776 bytes]","args":[{"enterText":"Romanian","selector":{"id":"application-managesites-display-component---NewSite--addressDetailDetailsLanguage","interaction":{"idSuffix":"inner"}},"clearTextFirst":true,"interactionType":"ENTER_TEXT"}]}
RESULT: {"script":"<script> [776 bytes]","args":[{"enterText":"Romanian","selector":{"id":"application-managesites-display-component---NewSite--addressDetailDetailsLanguage","interaction":{"idSuffix":"inner"}},"clearTextFirst":true,"interactionType":"ENTER_TEXT"}]}
COMMAND: POST /session/700a0ab92761895b5ec9a5372f8d46fb/execute/async - {"script":"<script> [1562 bytes]","args":[{"selector":{"id":"application-managesites-display-component---NewSite--addressDetailDetailsCity1","interaction":{"idSuffix":"inner"}},"wdio_ui5_key":"applicationmanagesites-display-component---NewSite--addressDetailDetailsCity1"}]}
RESULT: {"script":"<script> [1562 bytes]","args":[{"selector":{"id":"application-managesites-display-component---NewSite--addressDetailDetailsCity1","interaction":{"idSuffix":"inner"}},"wdio_ui5_key":"applicationmanagesites-display-component---NewSite--addressDetailDetailsCity1"}]}
RESULT: undefined
COMMAND: POST /session/700a0ab92761895b5ec9a5372f8d46fb/execute/async - {"script":"<script> [776 bytes]","args":[{"enterText":"Bucharest","selector":{"id":"application-managesites-display-component---NewSite--addressDetailDetailsCity1","interaction":{"idSuffix":"inner"}},"clearTextFirst":true,"interactionType":"ENTER_TEXT"}]}
RESULT: {"script":"<script> [776 bytes]","args":[{"enterText":"Bucharest","selector":{"id":"application-managesites-display-component---NewSite--addressDetailDetailsCity1","interaction":{"idSuffix":"inner"}},"clearTextFirst":true,"interactionType":"ENTER_TEXT"}]}
COMMAND: POST /session/700a0ab92761895b5ec9a5372f8d46fb/execute/async - {"script":"<script> [1562 bytes]","args":[{"selector":{"id":"application-managesites-display-component---NewSite--addressDetailDetailsCountry","interaction":{"idSuffix":"inner"}},"wdio_ui5_key":"applicationmanagesites-display-component---NewSite--addressDetailDetailsCountry"}]}
RESULT: {"script":"<script> [1562 bytes]","args":[{"selector":{"id":"application-managesites-display-component---NewSite--addressDetailDetailsCountry","interaction":{"idSuffix":"inner"}},"wdio_ui5_key":"applicationmanagesites-display-component---NewSite--addressDetailDetailsCountry"}]}
RESULT: undefined
COMMAND: POST /session/700a0ab92761895b5ec9a5372f8d46fb/execute/async - {"script":"<script> [6424 bytes]","args":[{"element-6066-11e4-a52e-4f735466cecf":"f.647512A71DDA687F9F591F39CAC5A62D.d.56404C524E4621A6DA0555F016224738.e.5166"},"setValue",["Romania"]]}
RESULT: {"script":"<script> [6424 bytes]","args":[{"element-6066-11e4-a52e-4f735466cecf":"f.647512A71DDA687F9F591F39CAC5A62D.d.56404C524E4621A6DA0555F016224738.e.5166"},"setValue",["Romania"]]}
COMMAND: POST /session/700a0ab92761895b5ec9a5372f8d46fb/execute/async - {"script":"<script> [1562 bytes]","args":[{"selector":{"id":"application-managesites-display-component---NewSite--addressDetailDetailsCalendar","interaction":{"idSuffix":"inner"}},"wdio_ui5_key":"applicationmanagesites-display-component---NewSite--addressDetailDetailsCalendar"}]}
RESULT: {"script":"<script> [1562 bytes]","args":[{"selector":{"id":"application-managesites-display-component---NewSite--addressDetailDetailsCalendar","interaction":{"idSuffix":"inner"}},"wdio_ui5_key":"applicationmanagesites-display-component---NewSite--addressDetailDetailsCalendar"}]}
RESULT: undefined
COMMAND: POST /session/700a0ab92761895b5ec9a5372f8d46fb/execute/async - {"script":"<script> [776 bytes]","args":[{"enterText":"8 - Germany (Standard)","selector":{"id":"application-managesites-display-component---NewSite--addressDetailDetailsCalendar","interaction":{"idSuffix":"inner"}},"clearTextFirst":true,"interactionType":"ENTER_TEXT"}]}
RESULT: {"script":"<script> [776 bytes]","args":[{"enterText":"8 - Germany (Standard)","selector":{"id":"application-managesites-display-component---NewSite--addressDetailDetailsCalendar","interaction":{"idSuffix":"inner"}},"clearTextFirst":true,"interactionType":"ENTER_TEXT"}]}
COMMAND: POST /session/700a0ab92761895b5ec9a5372f8d46fb/element - {"using":"xpath","value":"//input[@id=\"application-managesites-display-component---NewSite--addressDetailDetailsYard-inner\"]"}
RESULT: {"using":"xpath","value":"//input[@id=\"application-managesites-display-component---NewSite--addressDetailDetailsYard-inner\"]"}
COMMAND: POST /session/700a0ab92761895b5ec9a5372f8d46fb/element/f.647512A71DDA687F9F591F39CAC5A62D.d.56404C524E4621A6DA0555F016224738.e.5177/clear - {}
RESULT: {}
COMMAND: POST /session/700a0ab92761895b5ec9a5372f8d46fb/element/f.647512A71DDA687F9F591F39CAC5A62D.d.56404C524E4621A6DA0555F016224738.e.5177/value - {"text":"793"}
COMMAND: GET /session/700a0ab92761895b5ec9a5372f8d46fb/screenshot - {}
RESULT: {"text":"793"}
COMMAND: GET /session/700a0ab92761895b5ec9a5372f8d46fb/screenshot - {}
RESULT: {}
RESULT: {}
COMMAND: POST /session/700a0ab92761895b5ec9a5372f8d46fb/execute/async - {"script":"<script> [1562 bytes]","args":[{"selector":{"controlType":"sap.m.Button","viewName":"etm.portal.ui.managesites.view.NewSmartSite","viewId":"application-managesites-display-component---NewSite","properties":{"text":"Commercial"},"interaction":{"idSuffix":"BDI-content"}},"wdio_ui5_key":"etmportal.ui.managesites.view.NewSmartSitesap.m.Button{\"text\":\"Commercial\"}"}]}
RESULT: {"script":"<script> [1562 bytes]","args":[{"selector":{"controlType":"sap.m.Button","viewName":"etm.portal.ui.managesites.view.NewSmartSite","viewId":"application-managesites-display-component---NewSite","properties":{"text":"Commercial"},"interaction":{"idSuffix":"BDI-content"}},"wdio_ui5_key":"etmportal.ui.managesites.view.NewSmartSitesap.m.Button{\"text\":\"Commercial\"}"}]}
RESULT: undefined
COMMAND: POST /session/700a0ab92761895b5ec9a5372f8d46fb/element - {"using":"xpath","value":"//*[@id=\"application-managesites-display-component---NewSite--ObjectPageLayout-anchBar-__section33-anchor\"]"}
RESULT: {"using":"xpath","value":"//*[@id=\"application-managesites-display-component---NewSite--ObjectPageLayout-anchBar-__section33-anchor\"]"}
COMMAND: POST /session/700a0ab92761895b5ec9a5372f8d46fb/element/f.647512A71DDA687F9F591F39CAC5A62D.d.56404C524E4621A6DA0555F016224738.e.5379/click - {}
RESULT: {}
COMMAND: POST /session/700a0ab92761895b5ec9a5372f8d46fb/execute/async - {"script":"<script> [1562 bytes]","args":[{"selector":{"id":"application-managesites-display-component---NewSite--siteWhmCheckBox-label","interaction":{"idSuffix":"bdi"}},"wdio_ui5_key":"applicationmanagesites-display-component---NewSite--siteWhmCheckBox-label"}]}
COMMAND: GET /session/700a0ab92761895b5ec9a5372f8d46fb/screenshot - {}
RESULT: {"script":"<script> [1562 bytes]","args":[{"selector":{"id":"application-managesites-display-component---NewSite--siteWhmCheckBox-label","interaction":{"idSuffix":"bdi"}},"wdio_ui5_key":"applicationmanagesites-display-component---NewSite--siteWhmCheckBox-label"}]}
RESULT: undefined
COMMAND: POST /session/700a0ab92761895b5ec9a5372f8d46fb/element - {"using":"xpath","value":"//*[@id=\"application-managesites-display-component---NewSite--siteWhmCheckBox-label\"]"}
RESULT: {}
RESULT: {"using":"xpath","value":"//*[@id=\"application-managesites-display-component---NewSite--siteWhmCheckBox-label\"]"}
COMMAND: POST /session/700a0ab92761895b5ec9a5372f8d46fb/element/f.647512A71DDA687F9F591F39CAC5A62D.d.56404C524E4621A6DA0555F016224738.e.5388/click - {}
RESULT: {}
COMMAND: POST /session/700a0ab92761895b5ec9a5372f8d46fb/execute/async - {"script":"<script> [1562 bytes]","args":[{"selector":{"controlType":"sap.m.Button","viewName":"etm.portal.ui.managesites.view.NewSmartSite","viewId":"application-managesites-display-component---NewSite","i18NText":{"propertyName":"text","key":"save"},"interaction":{"idSuffix":"BDI-content"}},"wdio_ui5_key":"etmportal.ui.managesites.view.NewSmartSitesap.m.Button{\"propertyName\":\"text\",\"key\":\"save\"}"}]}
COMMAND: GET /session/700a0ab92761895b5ec9a5372f8d46fb/screenshot - {}
RESULT: {"script":"<script> [1562 bytes]","args":[{"selector":{"controlType":"sap.m.Button","viewName":"etm.portal.ui.managesites.view.NewSmartSite","viewId":"application-managesites-display-component---NewSite","i18NText":{"propertyName":"text","key":"save"},"interaction":{"idSuffix":"BDI-content"}},"wdio_ui5_key":"etmportal.ui.managesites.view.NewSmartSitesap.m.Button{\"propertyName\":\"text\",\"key\":\"save\"}"}]}
RESULT: undefined
COMMAND: POST /session/700a0ab92761895b5ec9a5372f8d46fb/element - {"using":"xpath","value":"//*[@id=\"__button76\"]"}
RESULT: {}
RESULT: {"using":"xpath","value":"//*[@id=\"__button76\"]"}
COMMAND: POST /session/700a0ab92761895b5ec9a5372f8d46fb/element/f.647512A71DDA687F9F591F39CAC5A62D.d.56404C524E4621A6DA0555F016224738.e.5324/click - {}
RESULT: {}
COMMAND: GET /session/700a0ab92761895b5ec9a5372f8d46fb/screenshot - {}
RESULT: {}
COMMAND: POST /session/700a0ab92761895b5ec9a5372f8d46fb/execute/async - {"script":"<script> [1562 bytes]","args":[{"selector":{"controlType":"sap.m.Text","viewName":"etm.portal.ui.managesites.view.Detail","viewId":"application-managesites-display-component---detailSite","bindingPath":{"propertyPath":"ID","modelName":"catalogModel"}},"wdio_ui5_key":"etmportal.ui.managesites.view.Detailsap.m.Text{\"propertyPath\":\"ID\",\"modelName\":\"catalogModel\"}"}]}
RESULT: {"script":"<script> [1562 bytes]","args":[{"selector":{"controlType":"sap.m.Text","viewName":"etm.portal.ui.managesites.view.Detail","viewId":"application-managesites-display-component---detailSite","bindingPath":{"propertyPath":"ID","modelName":"catalogModel"}},"wdio_ui5_key":"etmportal.ui.managesites.view.Detailsap.m.Text{\"propertyPath\":\"ID\",\"modelName\":\"catalogModel\"}"}]}
RESULT: undefined
COMMAND: POST /session/700a0ab92761895b5ec9a5372f8d46fb/execute/async - {"script":"<script> [6424 bytes]","args":[{"element-6066-11e4-a52e-4f735466cecf":"f.647512A71DDA687F9F591F39CAC5A62D.d.56404C524E4621A6DA0555F016224738.e.5582"},"getText",[]]}
RESULT: {"script":"<script> [6424 bytes]","args":[{"element-6066-11e4-a52e-4f735466cecf":"f.647512A71DDA687F9F591F39CAC5A62D.d.56404C524E4621A6DA0555F016224738.e.5582"},"getText",[]]}
COMMAND: POST /session/700a0ab92761895b5ec9a5372f8d46fb/execute/async - {"script":"<script> [1562 bytes]","args":[{"selector":{"controlType":"sap.m.Label","viewName":"etm.portal.ui.managesites.view.Detail","viewId":"application-managesites-display-component---detailSite","i18NText":{"propertyName":"text","key":"status"}},"wdio_ui5_key":"etmportal.ui.managesites.view.Detailsap.m.Label{\"propertyName\":\"text\",\"key\":\"status\"}"}]}
RESULT: {"script":"<script> [1562 bytes]","args":[{"selector":{"controlType":"sap.m.Label","viewName":"etm.portal.ui.managesites.view.Detail","viewId":"application-managesites-display-component---detailSite","i18NText":{"propertyName":"text","key":"status"}},"wdio_ui5_key":"etmportal.ui.managesites.view.Detailsap.m.Label{\"propertyName\":\"text\",\"key\":\"status\"}"}]}
RESULT: undefined
COMMAND: POST /session/700a0ab92761895b5ec9a5372f8d46fb/execute/async - {"script":"<script> [6424 bytes]","args":[{"element-6066-11e4-a52e-4f735466cecf":"f.647512A71DDA687F9F591F39CAC5A62D.d.56404C524E4621A6DA0555F016224738.e.5570"},"getText",[]]}
RESULT: {"script":"<script> [6424 bytes]","args":[{"element-6066-11e4-a52e-4f735466cecf":"f.647512A71DDA687F9F591F39CAC5A62D.d.56404C524E4621A6DA0555F016224738.e.5570"},"getText",[]]}
RESULT: undefined
COMMAND: POST /session/700a0ab92761895b5ec9a5372f8d46fb/element - {"using":"xpath","value":"//*[@id=\"shell-header\"]"}
RESULT: {"using":"xpath","value":"//*[@id=\"shell-header\"]"}
COMMAND: POST /session/700a0ab92761895b5ec9a5372f8d46fb/element/f.647512A71DDA687F9F591F39CAC5A62D.d.56404C524E4621A6DA0555F016224738.e.5583/click - {}
RESULT: {}
COMMAND: POST /session/700a0ab92761895b5ec9a5372f8d46fb/element - {"using":"css selector","value":"#shell-header-logo"}
COMMAND: GET /session/700a0ab92761895b5ec9a5372f8d46fb/screenshot - {}
RESULT: {"using":"css selector","value":"#shell-header-logo"}
COMMAND: POST /session/700a0ab92761895b5ec9a5372f8d46fb/element/f.647512A71DDA687F9F591F39CAC5A62D.d.56404C524E4621A6DA0555F016224738.e.4765/click - {}
RESULT: {}
RESULT: {}
]]></system-out>
    </testcase>
    <testcase classname="chrome.135_0_7049_96.windows.Provide_to_Site_w/_warehouse_management_w/_clarification_US115878" name="Should create WHM Partner" time="51.734">
      <system-out><![CDATA[
COMMAND: POST /session/700a0ab92761895b5ec9a5372f8d46fb/execute/async - {"script":"<script> [1562 bytes]","args":[{"selector":{"controlType":"sap.m.GenericTile","properties":{"header":"Manage Partners"}},"wdio_ui5_key":"sapm.GenericTile{\"header\":\"Manage Partners\"}"}]}
COMMAND: GET /session/700a0ab92761895b5ec9a5372f8d46fb/screenshot - {}
RESULT: {"script":"<script> [1562 bytes]","args":[{"selector":{"controlType":"sap.m.GenericTile","properties":{"header":"Manage Partners"}},"wdio_ui5_key":"sapm.GenericTile{\"header\":\"Manage Partners\"}"}]}
RESULT: undefined
COMMAND: POST /session/700a0ab92761895b5ec9a5372f8d46fb/element - {"using":"xpath","value":"//*[@id=\"__tile30\"]"}
RESULT: {}
RESULT: {"using":"xpath","value":"//*[@id=\"__tile30\"]"}
COMMAND: POST /session/700a0ab92761895b5ec9a5372f8d46fb/element/f.647512A71DDA687F9F591F39CAC5A62D.d.56404C524E4621A6DA0555F016224738.e.3969/click - {}
RESULT: {}
COMMAND: GET /session/700a0ab92761895b5ec9a5372f8d46fb/screenshot - {}
RESULT: {}
COMMAND: POST /session/700a0ab92761895b5ec9a5372f8d46fb/element - {"using":"xpath","value":"//button[(@data-kt = 'addButton')]"}
RESULT: {"using":"xpath","value":"//button[(@data-kt = 'addButton')]"}
COMMAND: POST /session/700a0ab92761895b5ec9a5372f8d46fb/elements - {"using":"xpath","value":"//button[(@data-kt = 'addButton')]"}
RESULT: {"using":"xpath","value":"//button[(@data-kt = 'addButton')]"}
COMMAND: POST /session/700a0ab92761895b5ec9a5372f8d46fb/elements - {"using":"xpath","value":"//button[(@data-kt = 'addButton')]"}
RESULT: {"using":"xpath","value":"//button[(@data-kt = 'addButton')]"}
COMMAND: POST /session/700a0ab92761895b5ec9a5372f8d46fb/elements - {"using":"xpath","value":"//button[(@data-kt = 'addButton')]"}
RESULT: {"using":"xpath","value":"//button[(@data-kt = 'addButton')]"}
COMMAND: POST /session/700a0ab92761895b5ec9a5372f8d46fb/elements - {"using":"xpath","value":"//button[(@data-kt = 'addButton')]"}
RESULT: {"using":"xpath","value":"//button[(@data-kt = 'addButton')]"}
COMMAND: POST /session/700a0ab92761895b5ec9a5372f8d46fb/element - {"using":"xpath","value":"//button[(@data-kt = 'addButton')]"}
RESULT: {"using":"xpath","value":"//button[(@data-kt = 'addButton')]"}
COMMAND: POST /session/700a0ab92761895b5ec9a5372f8d46fb/element/f.647512A71DDA687F9F591F39CAC5A62D.d.56404C524E4621A6DA0555F016224738.e.5632/click - {}
RESULT: {}
COMMAND: POST /session/700a0ab92761895b5ec9a5372f8d46fb/execute/async - {"script":"<script> [1562 bytes]","args":[{"selector":{"id":"application-managepartners-display-component---NewPartner--addressDetailDetailsName1","interaction":{"idSuffix":"inner"}},"wdio_ui5_key":"applicationmanagepartners-display-component---NewPartner--addressDetailDetailsName1"}]}
COMMAND: GET /session/700a0ab92761895b5ec9a5372f8d46fb/screenshot - {}
RESULT: {"script":"<script> [1562 bytes]","args":[{"selector":{"id":"application-managepartners-display-component---NewPartner--addressDetailDetailsName1","interaction":{"idSuffix":"inner"}},"wdio_ui5_key":"applicationmanagepartners-display-component---NewPartner--addressDetailDetailsName1"}]}
RESULT: undefined
COMMAND: POST /session/700a0ab92761895b5ec9a5372f8d46fb/execute/async - {"script":"<script> [776 bytes]","args":[{"enterText":"WDI5-Partners","selector":{"id":"application-managepartners-display-component---NewPartner--addressDetailDetailsName1","interaction":{"idSuffix":"inner"}},"clearTextFirst":true,"interactionType":"ENTER_TEXT"}]}
RESULT: {}
RESULT: {"script":"<script> [776 bytes]","args":[{"enterText":"WDI5-Partners","selector":{"id":"application-managepartners-display-component---NewPartner--addressDetailDetailsName1","interaction":{"idSuffix":"inner"}},"clearTextFirst":true,"interactionType":"ENTER_TEXT"}]}
COMMAND: POST /session/700a0ab92761895b5ec9a5372f8d46fb/execute/async - {"script":"<script> [1562 bytes]","args":[{"selector":{"id":"application-managepartners-display-component---NewPartner--addressDetailDetailsLanguage-arrow"},"wdio_ui5_key":"applicationmanagepartners-display-component---NewPartner--addressDetailDetailsLanguage-arrow"}]}
RESULT: {"script":"<script> [1562 bytes]","args":[{"selector":{"id":"application-managepartners-display-component---NewPartner--addressDetailDetailsLanguage-arrow"},"wdio_ui5_key":"applicationmanagepartners-display-component---NewPartner--addressDetailDetailsLanguage-arrow"}]}
RESULT: undefined
COMMAND: POST /session/700a0ab92761895b5ec9a5372f8d46fb/element - {"using":"xpath","value":"//*[@id=\"application-managepartners-display-component---NewPartner--addressDetailDetailsLanguage-arrow\"]"}
RESULT: {"using":"xpath","value":"//*[@id=\"application-managepartners-display-component---NewPartner--addressDetailDetailsLanguage-arrow\"]"}
COMMAND: POST /session/700a0ab92761895b5ec9a5372f8d46fb/element/f.647512A71DDA687F9F591F39CAC5A62D.d.56404C524E4621A6DA0555F016224738.e.6047/click - {}
RESULT: {}
COMMAND: POST /session/700a0ab92761895b5ec9a5372f8d46fb/execute/async - {"script":"<script> [1562 bytes]","args":[{"selector":{"controlType":"sap.m.StandardListItem","viewName":"etm.portal.ui.managepartners.view.NewPartner","viewId":"application-managepartners-display-component---NewPartner","properties":{"title":"English"},"searchOpenDialogs":true,"interaction":{"idSuffix":"content"}},"wdio_ui5_key":"etmportal.ui.managepartners.view.NewPartnersap.m.StandardListItem{\"title\":\"English\"}"}]}
COMMAND: GET /session/700a0ab92761895b5ec9a5372f8d46fb/screenshot - {}
RESULT: {"script":"<script> [1562 bytes]","args":[{"selector":{"controlType":"sap.m.StandardListItem","viewName":"etm.portal.ui.managepartners.view.NewPartner","viewId":"application-managepartners-display-component---NewPartner","properties":{"title":"English"},"searchOpenDialogs":true,"interaction":{"idSuffix":"content"}},"wdio_ui5_key":"etmportal.ui.managepartners.view.NewPartnersap.m.StandardListItem{\"title\":\"English\"}"}]}
RESULT: undefined
COMMAND: POST /session/700a0ab92761895b5ec9a5372f8d46fb/element - {"using":"xpath","value":"//*[@id=\"__item1554\"]"}
RESULT: {}
RESULT: {"using":"xpath","value":"//*[@id=\"__item1554\"]"}
COMMAND: POST /session/700a0ab92761895b5ec9a5372f8d46fb/element/f.647512A71DDA687F9F591F39CAC5A62D.d.56404C524E4621A6DA0555F016224738.e.6049/click - {}
RESULT: {}
COMMAND: POST /session/700a0ab92761895b5ec9a5372f8d46fb/execute/async - {"script":"<script> [1562 bytes]","args":[{"selector":{"id":"application-managepartners-display-component---NewPartner--addressDetailDetailsCity1","interaction":{"idSuffix":"inner"}},"wdio_ui5_key":"applicationmanagepartners-display-component---NewPartner--addressDetailDetailsCity1"}]}
COMMAND: GET /session/700a0ab92761895b5ec9a5372f8d46fb/screenshot - {}
RESULT: {"script":"<script> [1562 bytes]","args":[{"selector":{"id":"application-managepartners-display-component---NewPartner--addressDetailDetailsCity1","interaction":{"idSuffix":"inner"}},"wdio_ui5_key":"applicationmanagepartners-display-component---NewPartner--addressDetailDetailsCity1"}]}
RESULT: undefined
COMMAND: POST /session/700a0ab92761895b5ec9a5372f8d46fb/execute/async - {"script":"<script> [776 bytes]","args":[{"enterText":"Bangalore","selector":{"id":"application-managepartners-display-component---NewPartner--addressDetailDetailsCity1","interaction":{"idSuffix":"inner"}},"clearTextFirst":true,"interactionType":"ENTER_TEXT"}]}
RESULT: {}
RESULT: {"script":"<script> [776 bytes]","args":[{"enterText":"Bangalore","selector":{"id":"application-managepartners-display-component---NewPartner--addressDetailDetailsCity1","interaction":{"idSuffix":"inner"}},"clearTextFirst":true,"interactionType":"ENTER_TEXT"}]}
COMMAND: POST /session/700a0ab92761895b5ec9a5372f8d46fb/execute/async - {"script":"<script> [1562 bytes]","args":[{"selector":{"id":"application-managepartners-display-component---NewPartner--addressDetailDetailsCountry-arrow"},"wdio_ui5_key":"applicationmanagepartners-display-component---NewPartner--addressDetailDetailsCountry-arrow"}]}
RESULT: {"script":"<script> [1562 bytes]","args":[{"selector":{"id":"application-managepartners-display-component---NewPartner--addressDetailDetailsCountry-arrow"},"wdio_ui5_key":"applicationmanagepartners-display-component---NewPartner--addressDetailDetailsCountry-arrow"}]}
RESULT: undefined
COMMAND: POST /session/700a0ab92761895b5ec9a5372f8d46fb/element - {"using":"xpath","value":"//*[@id=\"application-managepartners-display-component---NewPartner--addressDetailDetailsCountry-arrow\"]"}
RESULT: {"using":"xpath","value":"//*[@id=\"application-managepartners-display-component---NewPartner--addressDetailDetailsCountry-arrow\"]"}
COMMAND: POST /session/700a0ab92761895b5ec9a5372f8d46fb/element/f.647512A71DDA687F9F591F39CAC5A62D.d.56404C524E4621A6DA0555F016224738.e.6051/click - {}
RESULT: {}
COMMAND: POST /session/700a0ab92761895b5ec9a5372f8d46fb/execute/async - {"script":"<script> [1562 bytes]","args":[{"selector":{"id":"application-managepartners-display-component---NewPartner--addressDetailDetailsCountry","interaction":{"idSuffix":"inner"}},"wdio_ui5_key":"applicationmanagepartners-display-component---NewPartner--addressDetailDetailsCountry"}]}
COMMAND: GET /session/700a0ab92761895b5ec9a5372f8d46fb/screenshot - {}
RESULT: {"script":"<script> [1562 bytes]","args":[{"selector":{"id":"application-managepartners-display-component---NewPartner--addressDetailDetailsCountry","interaction":{"idSuffix":"inner"}},"wdio_ui5_key":"applicationmanagepartners-display-component---NewPartner--addressDetailDetailsCountry"}]}
RESULT: undefined
COMMAND: POST /session/700a0ab92761895b5ec9a5372f8d46fb/execute/async - {"script":"<script> [776 bytes]","args":[{"enterText":"India","selector":{"id":"application-managepartners-display-component---NewPartner--addressDetailDetailsCountry","interaction":{"idSuffix":"inner"}},"clearTextFirst":true,"interactionType":"ENTER_TEXT"}]}
RESULT: {}
RESULT: {"script":"<script> [776 bytes]","args":[{"enterText":"India","selector":{"id":"application-managepartners-display-component---NewPartner--addressDetailDetailsCountry","interaction":{"idSuffix":"inner"}},"clearTextFirst":true,"interactionType":"ENTER_TEXT"}]}
COMMAND: POST /session/700a0ab92761895b5ec9a5372f8d46fb/execute/async - {"script":"<script> [1562 bytes]","args":[{"selector":{"controlType":"sap.m.StandardListItem","viewName":"etm.portal.ui.managepartners.view.NewPartner","viewId":"application-managepartners-display-component---NewPartner","properties":{"title":"India"},"searchOpenDialogs":true,"interaction":{"idSuffix":"content"}},"wdio_ui5_key":"etmportal.ui.managepartners.view.NewPartnersap.m.StandardListItem{\"title\":\"India\"}"}]}
RESULT: {"script":"<script> [1562 bytes]","args":[{"selector":{"controlType":"sap.m.StandardListItem","viewName":"etm.portal.ui.managepartners.view.NewPartner","viewId":"application-managepartners-display-component---NewPartner","properties":{"title":"India"},"searchOpenDialogs":true,"interaction":{"idSuffix":"content"}},"wdio_ui5_key":"etmportal.ui.managepartners.view.NewPartnersap.m.StandardListItem{\"title\":\"India\"}"}]}
RESULT: undefined
COMMAND: POST /session/700a0ab92761895b5ec9a5372f8d46fb/execute/async - {"script":"<script> [1562 bytes]","args":[{"selector":{"controlType":"sap.m.Button","viewName":"etm.portal.ui.managepartners.view.NewPartner","viewId":"application-managepartners-display-component---NewPartner","properties":{"text":"Commercial"},"interaction":{"idSuffix":"BDI-content"}},"wdio_ui5_key":"etmportal.ui.managepartners.view.NewPartnersap.m.Button{\"text\":\"Commercial\"}"}]}
RESULT: {"script":"<script> [1562 bytes]","args":[{"selector":{"controlType":"sap.m.Button","viewName":"etm.portal.ui.managepartners.view.NewPartner","viewId":"application-managepartners-display-component---NewPartner","properties":{"text":"Commercial"},"interaction":{"idSuffix":"BDI-content"}},"wdio_ui5_key":"etmportal.ui.managepartners.view.NewPartnersap.m.Button{\"text\":\"Commercial\"}"}]}
RESULT: undefined
COMMAND: POST /session/700a0ab92761895b5ec9a5372f8d46fb/element - {"using":"xpath","value":"//*[@id=\"application-managepartners-display-component---NewPartner--ObjectPageLayout-anchBar-__section57-anchor\"]"}
RESULT: {"using":"xpath","value":"//*[@id=\"application-managepartners-display-component---NewPartner--ObjectPageLayout-anchBar-__section57-anchor\"]"}
COMMAND: POST /session/700a0ab92761895b5ec9a5372f8d46fb/element/f.647512A71DDA687F9F591F39CAC5A62D.d.56404C524E4621A6DA0555F016224738.e.6056/click - {}
RESULT: {}
COMMAND: POST /session/700a0ab92761895b5ec9a5372f8d46fb/execute/async - {"script":"<script> [1562 bytes]","args":[{"selector":{"id":"application-managepartners-display-component---NewPartner--partnerDetailInternal-arrow"},"wdio_ui5_key":"applicationmanagepartners-display-component---NewPartner--partnerDetailInternal-arrow"}]}
COMMAND: GET /session/700a0ab92761895b5ec9a5372f8d46fb/screenshot - {}
RESULT: {"script":"<script> [1562 bytes]","args":[{"selector":{"id":"application-managepartners-display-component---NewPartner--partnerDetailInternal-arrow"},"wdio_ui5_key":"applicationmanagepartners-display-component---NewPartner--partnerDetailInternal-arrow"}]}
RESULT: undefined
COMMAND: POST /session/700a0ab92761895b5ec9a5372f8d46fb/element - {"using":"xpath","value":"//*[@id=\"application-managepartners-display-component---NewPartner--partnerDetailInternal-arrow\"]"}
RESULT: {}
RESULT: {"using":"xpath","value":"//*[@id=\"application-managepartners-display-component---NewPartner--partnerDetailInternal-arrow\"]"}
COMMAND: POST /session/700a0ab92761895b5ec9a5372f8d46fb/element/f.647512A71DDA687F9F591F39CAC5A62D.d.56404C524E4621A6DA0555F016224738.e.6061/click - {}
RESULT: {}
COMMAND: POST /session/700a0ab92761895b5ec9a5372f8d46fb/execute/async - {"script":"<script> [1562 bytes]","args":[{"selector":{"controlType":"sap.m.StandardListItem","viewName":"etm.portal.ui.managepartners.view.NewPartner","viewId":"application-managepartners-display-component---NewPartner","properties":{"title":"External partner"},"searchOpenDialogs":true,"interaction":{"idSuffix":"content"}},"wdio_ui5_key":"etmportal.ui.managepartners.view.NewPartnersap.m.StandardListItem{\"title\":\"External partner\"}"}]}
COMMAND: GET /session/700a0ab92761895b5ec9a5372f8d46fb/screenshot - {}
RESULT: {"script":"<script> [1562 bytes]","args":[{"selector":{"controlType":"sap.m.StandardListItem","viewName":"etm.portal.ui.managepartners.view.NewPartner","viewId":"application-managepartners-display-component---NewPartner","properties":{"title":"External partner"},"searchOpenDialogs":true,"interaction":{"idSuffix":"content"}},"wdio_ui5_key":"etmportal.ui.managepartners.view.NewPartnersap.m.StandardListItem{\"title\":\"External partner\"}"}]}
RESULT: undefined
COMMAND: POST /session/700a0ab92761895b5ec9a5372f8d46fb/element - {"using":"xpath","value":"//*[@id=\"__item1688\"]"}
RESULT: {}
RESULT: {"using":"xpath","value":"//*[@id=\"__item1688\"]"}
COMMAND: POST /session/700a0ab92761895b5ec9a5372f8d46fb/element/f.647512A71DDA687F9F591F39CAC5A62D.d.56404C524E4621A6DA0555F016224738.e.6063/click - {}
RESULT: {}
COMMAND: POST /session/700a0ab92761895b5ec9a5372f8d46fb/execute/async - {"script":"<script> [1562 bytes]","args":[{"selector":{"id":"application-managepartners-display-component---NewPartner--partnerDetailsCurrency-arrow"},"wdio_ui5_key":"applicationmanagepartners-display-component---NewPartner--partnerDetailsCurrency-arrow"}]}
COMMAND: GET /session/700a0ab92761895b5ec9a5372f8d46fb/screenshot - {}
RESULT: {"script":"<script> [1562 bytes]","args":[{"selector":{"id":"application-managepartners-display-component---NewPartner--partnerDetailsCurrency-arrow"},"wdio_ui5_key":"applicationmanagepartners-display-component---NewPartner--partnerDetailsCurrency-arrow"}]}
RESULT: undefined
COMMAND: POST /session/700a0ab92761895b5ec9a5372f8d46fb/element - {"using":"xpath","value":"//*[@id=\"application-managepartners-display-component---NewPartner--partnerDetailsCurrency-arrow\"]"}
RESULT: {}
RESULT: {"using":"xpath","value":"//*[@id=\"application-managepartners-display-component---NewPartner--partnerDetailsCurrency-arrow\"]"}
COMMAND: POST /session/700a0ab92761895b5ec9a5372f8d46fb/element/f.647512A71DDA687F9F591F39CAC5A62D.d.56404C524E4621A6DA0555F016224738.e.6068/click - {}
RESULT: {}
COMMAND: POST /session/700a0ab92761895b5ec9a5372f8d46fb/execute/async - {"script":"<script> [1562 bytes]","args":[{"selector":{"controlType":"sap.m.StandardListItem","viewName":"etm.portal.ui.managepartners.view.NewPartner","viewId":"application-managepartners-display-component---NewPartner","properties":{"title":"Euro"},"searchOpenDialogs":true,"interaction":{"idSuffix":"content"}},"wdio_ui5_key":"etmportal.ui.managepartners.view.NewPartnersap.m.StandardListItem{\"title\":\"Euro\"}"}]}
COMMAND: GET /session/700a0ab92761895b5ec9a5372f8d46fb/screenshot - {}
RESULT: {"script":"<script> [1562 bytes]","args":[{"selector":{"controlType":"sap.m.StandardListItem","viewName":"etm.portal.ui.managepartners.view.NewPartner","viewId":"application-managepartners-display-component---NewPartner","properties":{"title":"Euro"},"searchOpenDialogs":true,"interaction":{"idSuffix":"content"}},"wdio_ui5_key":"etmportal.ui.managepartners.view.NewPartnersap.m.StandardListItem{\"title\":\"Euro\"}"}]}
RESULT: undefined
COMMAND: POST /session/700a0ab92761895b5ec9a5372f8d46fb/element - {"using":"xpath","value":"//*[@id=\"__item1690\"]"}
RESULT: {}
RESULT: {"using":"xpath","value":"//*[@id=\"__item1690\"]"}
COMMAND: POST /session/700a0ab92761895b5ec9a5372f8d46fb/element/f.647512A71DDA687F9F591F39CAC5A62D.d.56404C524E4621A6DA0555F016224738.e.6070/click - {}
RESULT: {}
COMMAND: POST /session/700a0ab92761895b5ec9a5372f8d46fb/execute/async - {"script":"<script> [1562 bytes]","args":[{"selector":{"controlType":"sap.m.Button","viewName":"etm.portal.ui.managepartners.view.NewPartner","viewId":"application-managepartners-display-component---NewPartner","properties":{"text":"Assignments"},"interaction":{"idSuffix":"BDI-content"}},"wdio_ui5_key":"etmportal.ui.managepartners.view.NewPartnersap.m.Button{\"text\":\"Assignments\"}"}]}
COMMAND: GET /session/700a0ab92761895b5ec9a5372f8d46fb/screenshot - {}
RESULT: {"script":"<script> [1562 bytes]","args":[{"selector":{"controlType":"sap.m.Button","viewName":"etm.portal.ui.managepartners.view.NewPartner","viewId":"application-managepartners-display-component---NewPartner","properties":{"text":"Assignments"},"interaction":{"idSuffix":"BDI-content"}},"wdio_ui5_key":"etmportal.ui.managepartners.view.NewPartnersap.m.Button{\"text\":\"Assignments\"}"}]}
RESULT: undefined
COMMAND: POST /session/700a0ab92761895b5ec9a5372f8d46fb/element - {"using":"xpath","value":"//*[@id=\"application-managepartners-display-component---NewPartner--ObjectPageLayout-anchBar-__section61-anchor\"]"}
RESULT: {}
RESULT: {"using":"xpath","value":"//*[@id=\"application-managepartners-display-component---NewPartner--ObjectPageLayout-anchBar-__section61-anchor\"]"}
COMMAND: POST /session/700a0ab92761895b5ec9a5372f8d46fb/element/f.647512A71DDA687F9F591F39CAC5A62D.d.56404C524E4621A6DA0555F016224738.e.6072/click - {}
RESULT: {}
COMMAND: POST /session/700a0ab92761895b5ec9a5372f8d46fb/execute/async - {"script":"<script> [1562 bytes]","args":[{"selector":{"id":"application-managepartners-display-component---NewPartner--btnAddTableRow","interaction":{"idSuffix":"inner"}},"wdio_ui5_key":"applicationmanagepartners-display-component---NewPartner--btnAddTableRow"}]}
COMMAND: GET /session/700a0ab92761895b5ec9a5372f8d46fb/screenshot - {}
RESULT: {"script":"<script> [1562 bytes]","args":[{"selector":{"id":"application-managepartners-display-component---NewPartner--btnAddTableRow","interaction":{"idSuffix":"inner"}},"wdio_ui5_key":"applicationmanagepartners-display-component---NewPartner--btnAddTableRow"}]}
RESULT: undefined
COMMAND: POST /session/700a0ab92761895b5ec9a5372f8d46fb/element - {"using":"xpath","value":"//*[@id=\"application-managepartners-display-component---NewPartner--btnAddTableRow\"]"}
RESULT: {}
RESULT: {"using":"xpath","value":"//*[@id=\"application-managepartners-display-component---NewPartner--btnAddTableRow\"]"}
COMMAND: POST /session/700a0ab92761895b5ec9a5372f8d46fb/element/f.647512A71DDA687F9F591F39CAC5A62D.d.56404C524E4621A6DA0555F016224738.e.6079/click - {}
RESULT: {}
COMMAND: POST /session/700a0ab92761895b5ec9a5372f8d46fb/element - {"using":"css selector","value":"#application-managepartners-display-component---NewPartner--assignmentYard-application-managepartners-display-component---NewPartner--assignmentsTable-0-inner"}
COMMAND: GET /session/700a0ab92761895b5ec9a5372f8d46fb/screenshot - {}
RESULT: {"using":"css selector","value":"#application-managepartners-display-component---NewPartner--assignmentYard-application-managepartners-display-component---NewPartner--assignmentsTable-0-inner"}
COMMAND: POST /session/700a0ab92761895b5ec9a5372f8d46fb/element/f.647512A71DDA687F9F591F39CAC5A62D.d.56404C524E4621A6DA0555F016224738.e.6081/clear - {}
RESULT: {}
RESULT: {}
COMMAND: POST /session/700a0ab92761895b5ec9a5372f8d46fb/element/f.647512A71DDA687F9F591F39CAC5A62D.d.56404C524E4621A6DA0555F016224738.e.6081/value - {"text":"793"}
COMMAND: GET /session/700a0ab92761895b5ec9a5372f8d46fb/screenshot - {}
RESULT: {"text":"793"}
COMMAND: POST /session/700a0ab92761895b5ec9a5372f8d46fb/execute/async - {"script":"<script> [1562 bytes]","args":[{"selector":{"id":"application-managepartners-display-component---NewPartner--assignmentYard-application-managepartners-display-component---NewPartner--assignmentsTable-0-arrow"},"wdio_ui5_key":"applicationmanagepartners-display-component---NewPartner--assignmentYard-application-managepartners-display-component---NewPartner--assignmentsTable-0-arrow"}]}
COMMAND: GET /session/700a0ab92761895b5ec9a5372f8d46fb/screenshot - {}
RESULT: {}
RESULT: {"script":"<script> [1562 bytes]","args":[{"selector":{"id":"application-managepartners-display-component---NewPartner--assignmentYard-application-managepartners-display-component---NewPartner--assignmentsTable-0-arrow"},"wdio_ui5_key":"applicationmanagepartners-display-component---NewPartner--assignmentYard-application-managepartners-display-component---NewPartner--assignmentsTable-0-arrow"}]}
RESULT: undefined
COMMAND: POST /session/700a0ab92761895b5ec9a5372f8d46fb/element - {"using":"xpath","value":"//*[@id=\"application-managepartners-display-component---NewPartner--assignmentYard-application-managepartners-display-component---NewPartner--assignmentsTable-0-arrow\"]"}
RESULT: {}
RESULT: {"using":"xpath","value":"//*[@id=\"application-managepartners-display-component---NewPartner--assignmentYard-application-managepartners-display-component---NewPartner--assignmentsTable-0-arrow\"]"}
COMMAND: POST /session/700a0ab92761895b5ec9a5372f8d46fb/element/f.647512A71DDA687F9F591F39CAC5A62D.d.56404C524E4621A6DA0555F016224738.e.6089/click - {}
RESULT: {}
COMMAND: GET /session/700a0ab92761895b5ec9a5372f8d46fb/screenshot - {}
RESULT: {}
COMMAND: POST /session/700a0ab92761895b5ec9a5372f8d46fb/execute/async - {"script":"<script> [1562 bytes]","args":[{"selector":{"controlType":"sap.m.Button","viewName":"etm.portal.ui.managepartners.view.NewPartner","viewId":"application-managepartners-display-component---NewPartner","i18NText":{"propertyName":"text","key":"save"},"interaction":{"idSuffix":"BDI-content"}},"wdio_ui5_key":"etmportal.ui.managepartners.view.NewPartnersap.m.Button{\"propertyName\":\"text\",\"key\":\"save\"}"}]}
RESULT: {"script":"<script> [1562 bytes]","args":[{"selector":{"controlType":"sap.m.Button","viewName":"etm.portal.ui.managepartners.view.NewPartner","viewId":"application-managepartners-display-component---NewPartner","i18NText":{"propertyName":"text","key":"save"},"interaction":{"idSuffix":"BDI-content"}},"wdio_ui5_key":"etmportal.ui.managepartners.view.NewPartnersap.m.Button{\"propertyName\":\"text\",\"key\":\"save\"}"}]}
RESULT: undefined
COMMAND: POST /session/700a0ab92761895b5ec9a5372f8d46fb/element - {"using":"xpath","value":"//*[@id=\"__button127\"]"}
RESULT: {"using":"xpath","value":"//*[@id=\"__button127\"]"}
COMMAND: POST /session/700a0ab92761895b5ec9a5372f8d46fb/element/f.647512A71DDA687F9F591F39CAC5A62D.d.56404C524E4621A6DA0555F016224738.e.6032/click - {}
RESULT: {}
COMMAND: GET /session/700a0ab92761895b5ec9a5372f8d46fb/screenshot - {}
RESULT: {}
COMMAND: POST /session/700a0ab92761895b5ec9a5372f8d46fb/execute/async - {"script":"<script> [1562 bytes]","args":[{"selector":{"controlType":"sap.m.Text","viewName":"etm.portal.ui.managepartners.view.Detail","viewId":"application-managepartners-display-component---detailPtm","bindingPath":{"propertyPath":"ID","modelName":"catalogModel"}},"wdio_ui5_key":"etmportal.ui.managepartners.view.Detailsap.m.Text{\"propertyPath\":\"ID\",\"modelName\":\"catalogModel\"}"}]}
RESULT: {"script":"<script> [1562 bytes]","args":[{"selector":{"controlType":"sap.m.Text","viewName":"etm.portal.ui.managepartners.view.Detail","viewId":"application-managepartners-display-component---detailPtm","bindingPath":{"propertyPath":"ID","modelName":"catalogModel"}},"wdio_ui5_key":"etmportal.ui.managepartners.view.Detailsap.m.Text{\"propertyPath\":\"ID\",\"modelName\":\"catalogModel\"}"}]}
RESULT: undefined
COMMAND: POST /session/700a0ab92761895b5ec9a5372f8d46fb/execute/async - {"script":"<script> [6424 bytes]","args":[{"element-6066-11e4-a52e-4f735466cecf":"f.647512A71DDA687F9F591F39CAC5A62D.d.56404C524E4621A6DA0555F016224738.e.6252"},"getText",[]]}
RESULT: {"script":"<script> [6424 bytes]","args":[{"element-6066-11e4-a52e-4f735466cecf":"f.647512A71DDA687F9F591F39CAC5A62D.d.56404C524E4621A6DA0555F016224738.e.6252"},"getText",[]]}
COMMAND: POST /session/700a0ab92761895b5ec9a5372f8d46fb/element - {"using":"css selector","value":"#shell-header-logo"}
RESULT: {"using":"css selector","value":"#shell-header-logo"}
COMMAND: POST /session/700a0ab92761895b5ec9a5372f8d46fb/element/f.647512A71DDA687F9F591F39CAC5A62D.d.56404C524E4621A6DA0555F016224738.e.5586/click - {}
RESULT: {}
]]></system-out>
    </testcase>
    <testcase classname="chrome.135_0_7049_96.windows.Provide_to_Site_w/_warehouse_management_w/_clarification_US115878" name="Should create a new WHM Material" time="78.272">
      <system-out><![CDATA[
COMMAND: POST /session/700a0ab92761895b5ec9a5372f8d46fb/execute/async - {"script":"<script> [1562 bytes]","args":[{"selector":{"controlType":"sap.m.GenericTile","properties":{"header":"Manage Resources"}},"wdio_ui5_key":"sapm.GenericTile{\"header\":\"Manage Resources\"}"}]}
COMMAND: GET /session/700a0ab92761895b5ec9a5372f8d46fb/screenshot - {}
RESULT: {"script":"<script> [1562 bytes]","args":[{"selector":{"controlType":"sap.m.GenericTile","properties":{"header":"Manage Resources"}},"wdio_ui5_key":"sapm.GenericTile{\"header\":\"Manage Resources\"}"}]}
RESULT: undefined
COMMAND: POST /session/700a0ab92761895b5ec9a5372f8d46fb/element - {"using":"xpath","value":"//*[@id=\"__tile31\"]"}
RESULT: {}
RESULT: {"using":"xpath","value":"//*[@id=\"__tile31\"]"}
COMMAND: POST /session/700a0ab92761895b5ec9a5372f8d46fb/element/f.647512A71DDA687F9F591F39CAC5A62D.d.56404C524E4621A6DA0555F016224738.e.3948/click - {}
RESULT: {}
COMMAND: POST /session/700a0ab92761895b5ec9a5372f8d46fb/execute/async - {"script":"<script> [1562 bytes]","args":[{"selector":{"controlType":"sap.m.OverflowToolbarButton","viewName":"etm.portal.ui.manageresources.view.Master","viewId":"application-manageresources-display-component---masterRU","bindingPath":{"path":"","propertyPath":"/isLogbook","modelName":"minimumStockRPGModel"},"interaction":{"idSuffix":"inner"}},"wdio_ui5_key":"etmportal.ui.manageresources.view.Mastersap.m.OverflowToolbarButton{\"path\":\"\",\"propertyPath\":\"/isLogbook\",\"modelName\":\"minimumStockRPGModel\"}"}]}
COMMAND: GET /session/700a0ab92761895b5ec9a5372f8d46fb/screenshot - {}
RESULT: undefined
RESULT: {"script":"<script> [1562 bytes]","args":[{"selector":{"controlType":"sap.m.OverflowToolbarButton","viewName":"etm.portal.ui.manageresources.view.Master","viewId":"application-manageresources-display-component---masterRU","bindingPath":{"path":"","propertyPath":"/isLogbook","modelName":"minimumStockRPGModel"},"interaction":{"idSuffix":"inner"}},"wdio_ui5_key":"etmportal.ui.manageresources.view.Mastersap.m.OverflowToolbarButton{\"path\":\"\",\"propertyPath\":\"/isLogbook\",\"modelName\":\"minimumStockRPGModel\"}"}]}
RESULT: undefined
COMMAND: POST /session/700a0ab92761895b5ec9a5372f8d46fb/element - {"using":"xpath","value":"//*[@id=\"__button168\"]"}
RESULT: {}
RESULT: {"using":"xpath","value":"//*[@id=\"__button168\"]"}
COMMAND: POST /session/700a0ab92761895b5ec9a5372f8d46fb/element/f.647512A71DDA687F9F591F39CAC5A62D.d.56404C524E4621A6DA0555F016224738.e.6293/click - {}
RESULT: {}
COMMAND: GET /session/700a0ab92761895b5ec9a5372f8d46fb/screenshot - {}
RESULT: {}
COMMAND: POST /session/700a0ab92761895b5ec9a5372f8d46fb/execute/async - {"script":"<script> [1562 bytes]","args":[{"selector":{"id":"application-manageresources-display-component---newResourceUnit--TYPE-arrow"},"wdio_ui5_key":"applicationmanageresources-display-component---newResourceUnit--TYPE-arrow"}]}
RESULT: {"script":"<script> [1562 bytes]","args":[{"selector":{"id":"application-manageresources-display-component---newResourceUnit--TYPE-arrow"},"wdio_ui5_key":"applicationmanageresources-display-component---newResourceUnit--TYPE-arrow"}]}
RESULT: undefined
COMMAND: POST /session/700a0ab92761895b5ec9a5372f8d46fb/element - {"using":"xpath","value":"//*[@id=\"application-manageresources-display-component---newResourceUnit--TYPE-arrow\"]"}
RESULT: {"using":"xpath","value":"//*[@id=\"application-manageresources-display-component---newResourceUnit--TYPE-arrow\"]"}
COMMAND: POST /session/700a0ab92761895b5ec9a5372f8d46fb/element/f.647512A71DDA687F9F591F39CAC5A62D.d.56404C524E4621A6DA0555F016224738.e.6603/click - {}
RESULT: {}
COMMAND: POST /session/700a0ab92761895b5ec9a5372f8d46fb/execute/async - {"script":"<script> [1562 bytes]","args":[{"selector":{"controlType":"sap.m.StandardListItem","viewName":"reusables.view.manageresources.NewResourceUnit","viewId":"application-manageresources-display-component---newResourceUnit","properties":{"title":"Material"},"searchOpenDialogs":true,"interaction":{"idSuffix":"content"}},"wdio_ui5_key":"reusablesview.manageresources.NewResourceUnitsap.m.StandardListItem{\"title\":\"Material\"}"}]}
COMMAND: GET /session/700a0ab92761895b5ec9a5372f8d46fb/screenshot - {}
RESULT: {"script":"<script> [1562 bytes]","args":[{"selector":{"controlType":"sap.m.StandardListItem","viewName":"reusables.view.manageresources.NewResourceUnit","viewId":"application-manageresources-display-component---newResourceUnit","properties":{"title":"Material"},"searchOpenDialogs":true,"interaction":{"idSuffix":"content"}},"wdio_ui5_key":"reusablesview.manageresources.NewResourceUnitsap.m.StandardListItem{\"title\":\"Material\"}"}]}
RESULT: undefined
COMMAND: POST /session/700a0ab92761895b5ec9a5372f8d46fb/element - {"using":"xpath","value":"//*[@id=\"__item1971\"]"}
RESULT: {}
RESULT: {"using":"xpath","value":"//*[@id=\"__item1971\"]"}
COMMAND: POST /session/700a0ab92761895b5ec9a5372f8d46fb/element/f.647512A71DDA687F9F591F39CAC5A62D.d.56404C524E4621A6DA0555F016224738.e.6606/click - {}
RESULT: {}
COMMAND: POST /session/700a0ab92761895b5ec9a5372f8d46fb/execute/async - {"script":"<script> [1562 bytes]","args":[{"selector":{"id":"application-manageresources-display-component---newResourceUnit--resourceId","interaction":{"idSuffix":"inner"}},"wdio_ui5_key":"applicationmanageresources-display-component---newResourceUnit--resourceId"}]}
COMMAND: GET /session/700a0ab92761895b5ec9a5372f8d46fb/screenshot - {}
RESULT: {"script":"<script> [1562 bytes]","args":[{"selector":{"id":"application-manageresources-display-component---newResourceUnit--resourceId","interaction":{"idSuffix":"inner"}},"wdio_ui5_key":"applicationmanageresources-display-component---newResourceUnit--resourceId"}]}
RESULT: undefined
COMMAND: POST /session/700a0ab92761895b5ec9a5372f8d46fb/execute/async - {"script":"<script> [1562 bytes]","args":[{"selector":{"id":"application-manageresources-display-component---newResourceUnit--SHORT_TEXT","interaction":{"idSuffix":"inner"}},"wdio_ui5_key":"applicationmanageresources-display-component---newResourceUnit--SHORT_TEXT"}]}
RESULT: {}
RESULT: {"script":"<script> [1562 bytes]","args":[{"selector":{"id":"application-manageresources-display-component---newResourceUnit--SHORT_TEXT","interaction":{"idSuffix":"inner"}},"wdio_ui5_key":"applicationmanageresources-display-component---newResourceUnit--SHORT_TEXT"}]}
RESULT: undefined
COMMAND: POST /session/700a0ab92761895b5ec9a5372f8d46fb/execute/async - {"script":"<script> [776 bytes]","args":[{"enterText":"material WHM","selector":{"id":"application-manageresources-display-component---newResourceUnit--SHORT_TEXT","interaction":{"idSuffix":"inner"}},"clearTextFirst":true,"interactionType":"ENTER_TEXT"}]}
RESULT: {"script":"<script> [776 bytes]","args":[{"enterText":"material WHM","selector":{"id":"application-manageresources-display-component---newResourceUnit--SHORT_TEXT","interaction":{"idSuffix":"inner"}},"clearTextFirst":true,"interactionType":"ENTER_TEXT"}]}
COMMAND: POST /session/700a0ab92761895b5ec9a5372f8d46fb/execute/async - {"script":"<script> [1562 bytes]","args":[{"selector":{"id":"application-manageresources-display-component---newResourceUnit--BASE_UNIT_OF_MEASURE","interaction":{"idSuffix":"inner"}},"wdio_ui5_key":"applicationmanageresources-display-component---newResourceUnit--BASE_UNIT_OF_MEASURE"}]}
RESULT: {"script":"<script> [1562 bytes]","args":[{"selector":{"id":"application-manageresources-display-component---newResourceUnit--BASE_UNIT_OF_MEASURE","interaction":{"idSuffix":"inner"}},"wdio_ui5_key":"applicationmanageresources-display-component---newResourceUnit--BASE_UNIT_OF_MEASURE"}]}
RESULT: undefined
COMMAND: POST /session/700a0ab92761895b5ec9a5372f8d46fb/execute/async - {"script":"<script> [776 bytes]","args":[{"enterText":"Piece","selector":{"id":"application-manageresources-display-component---newResourceUnit--BASE_UNIT_OF_MEASURE","interaction":{"idSuffix":"inner"}},"clearTextFirst":true,"interactionType":"ENTER_TEXT"}]}
RESULT: {"script":"<script> [776 bytes]","args":[{"enterText":"Piece","selector":{"id":"application-manageresources-display-component---newResourceUnit--BASE_UNIT_OF_MEASURE","interaction":{"idSuffix":"inner"}},"clearTextFirst":true,"interactionType":"ENTER_TEXT"}]}
COMMAND: POST /session/700a0ab92761895b5ec9a5372f8d46fb/execute/async - {"script":"<script> [1562 bytes]","args":[{"selector":{"id":"application-manageresources-display-component---newResourceUnit--WEIGHT_UNIT","interaction":{"idSuffix":"inner"}},"wdio_ui5_key":"applicationmanageresources-display-component---newResourceUnit--WEIGHT_UNIT"}]}
RESULT: {"script":"<script> [1562 bytes]","args":[{"selector":{"id":"application-manageresources-display-component---newResourceUnit--WEIGHT_UNIT","interaction":{"idSuffix":"inner"}},"wdio_ui5_key":"applicationmanageresources-display-component---newResourceUnit--WEIGHT_UNIT"}]}
RESULT: undefined
COMMAND: POST /session/700a0ab92761895b5ec9a5372f8d46fb/execute/async - {"script":"<script> [776 bytes]","args":[{"enterText":"Gram","selector":{"id":"application-manageresources-display-component---newResourceUnit--WEIGHT_UNIT","interaction":{"idSuffix":"inner"}},"clearTextFirst":true,"interactionType":"ENTER_TEXT"}]}
RESULT: {"script":"<script> [776 bytes]","args":[{"enterText":"Gram","selector":{"id":"application-manageresources-display-component---newResourceUnit--WEIGHT_UNIT","interaction":{"idSuffix":"inner"}},"clearTextFirst":true,"interactionType":"ENTER_TEXT"}]}
COMMAND: POST /session/700a0ab92761895b5ec9a5372f8d46fb/execute/async - {"script":"<script> [1562 bytes]","args":[{"selector":{"id":"application-manageresources-display-component---newResourceUnit--DIMENSION_UNIT","interaction":{"idSuffix":"inner"}},"wdio_ui5_key":"applicationmanageresources-display-component---newResourceUnit--DIMENSION_UNIT"}]}
RESULT: {"script":"<script> [1562 bytes]","args":[{"selector":{"id":"application-manageresources-display-component---newResourceUnit--DIMENSION_UNIT","interaction":{"idSuffix":"inner"}},"wdio_ui5_key":"applicationmanageresources-display-component---newResourceUnit--DIMENSION_UNIT"}]}
RESULT: undefined
COMMAND: POST /session/700a0ab92761895b5ec9a5372f8d46fb/execute/async - {"script":"<script> [776 bytes]","args":[{"enterText":"Meter","selector":{"id":"application-manageresources-display-component---newResourceUnit--DIMENSION_UNIT","interaction":{"idSuffix":"inner"}},"clearTextFirst":true,"interactionType":"ENTER_TEXT"}]}
RESULT: {"script":"<script> [776 bytes]","args":[{"enterText":"Meter","selector":{"id":"application-manageresources-display-component---newResourceUnit--DIMENSION_UNIT","interaction":{"idSuffix":"inner"}},"clearTextFirst":true,"interactionType":"ENTER_TEXT"}]}
COMMAND: POST /session/700a0ab92761895b5ec9a5372f8d46fb/execute/async - {"script":"<script> [1562 bytes]","args":[{"selector":{"id":"application-manageresources-display-component---newResourceUnit--newRRUPage-anchBar-application-manageresources-display-component---newResourceUnit--control-anchor","interaction":{"idSuffix":"content"}},"wdio_ui5_key":"applicationmanageresources-display-component---newResourceUnit--newRRUPage-anchBar-application-manageresources-display-component---newResourceUnit--control-anchor"}]}
RESULT: {"script":"<script> [1562 bytes]","args":[{"selector":{"id":"application-manageresources-display-component---newResourceUnit--newRRUPage-anchBar-application-manageresources-display-component---newResourceUnit--control-anchor","interaction":{"idSuffix":"content"}},"wdio_ui5_key":"applicationmanageresources-display-component---newResourceUnit--newRRUPage-anchBar-application-manageresources-display-component---newResourceUnit--control-anchor"}]}
RESULT: undefined
COMMAND: POST /session/700a0ab92761895b5ec9a5372f8d46fb/element - {"using":"xpath","value":"//*[@id=\"application-manageresources-display-component---newResourceUnit--newRRUPage-anchBar-application-manageresources-display-component---newResourceUnit--control-anchor\"]"}
RESULT: {"using":"xpath","value":"//*[@id=\"application-manageresources-display-component---newResourceUnit--newRRUPage-anchBar-application-manageresources-display-component---newResourceUnit--control-anchor\"]"}
COMMAND: POST /session/700a0ab92761895b5ec9a5372f8d46fb/element/f.647512A71DDA687F9F591F39CAC5A62D.d.56404C524E4621A6DA0555F016224738.e.6670/click - {}
RESULT: {}
COMMAND: POST /session/700a0ab92761895b5ec9a5372f8d46fb/execute/async - {"script":"<script> [1562 bytes]","args":[{"selector":{"id":"application-manageresources-display-component---newResourceUnit--PLANNING_GROUP","interaction":{"idSuffix":"inner"}},"wdio_ui5_key":"applicationmanageresources-display-component---newResourceUnit--PLANNING_GROUP"}]}
COMMAND: GET /session/700a0ab92761895b5ec9a5372f8d46fb/screenshot - {}
RESULT: {"script":"<script> [1562 bytes]","args":[{"selector":{"id":"application-manageresources-display-component---newResourceUnit--PLANNING_GROUP","interaction":{"idSuffix":"inner"}},"wdio_ui5_key":"applicationmanageresources-display-component---newResourceUnit--PLANNING_GROUP"}]}
RESULT: undefined
COMMAND: POST /session/700a0ab92761895b5ec9a5372f8d46fb/execute/async - {"script":"<script> [776 bytes]","args":[{"enterText":"Heavy Equi","selector":{"id":"application-manageresources-display-component---newResourceUnit--PLANNING_GROUP","interaction":{"idSuffix":"inner"}},"clearTextFirst":true,"interactionType":"ENTER_TEXT"}]}
RESULT: {}
RESULT: {"script":"<script> [776 bytes]","args":[{"enterText":"Heavy Equi","selector":{"id":"application-manageresources-display-component---newResourceUnit--PLANNING_GROUP","interaction":{"idSuffix":"inner"}},"clearTextFirst":true,"interactionType":"ENTER_TEXT"}]}
COMMAND: POST /session/700a0ab92761895b5ec9a5372f8d46fb/execute/async - {"script":"<script> [1562 bytes]","args":[{"selector":{"id":"application-manageresources-display-component---newResourceUnit--PLANNING_INDICATOR","interaction":{"idSuffix":"inner"}},"wdio_ui5_key":"applicationmanageresources-display-component---newResourceUnit--PLANNING_INDICATOR"}]}
RESULT: {"script":"<script> [1562 bytes]","args":[{"selector":{"id":"application-manageresources-display-component---newResourceUnit--PLANNING_INDICATOR","interaction":{"idSuffix":"inner"}},"wdio_ui5_key":"applicationmanageresources-display-component---newResourceUnit--PLANNING_INDICATOR"}]}
RESULT: undefined
COMMAND: POST /session/700a0ab92761895b5ec9a5372f8d46fb/execute/async - {"script":"<script> [776 bytes]","args":[{"enterText":"10 - infinite","selector":{"id":"application-manageresources-display-component---newResourceUnit--PLANNING_INDICATOR","interaction":{"idSuffix":"inner"}},"clearTextFirst":true,"interactionType":"ENTER_TEXT"}]}
RESULT: {"script":"<script> [776 bytes]","args":[{"enterText":"10 - infinite","selector":{"id":"application-manageresources-display-component---newResourceUnit--PLANNING_INDICATOR","interaction":{"idSuffix":"inner"}},"clearTextFirst":true,"interactionType":"ENTER_TEXT"}]}
COMMAND: POST /session/700a0ab92761895b5ec9a5372f8d46fb/actions - {"actions":[{"id":"action19","type":"key","parameters":{},"actions":[{"type":"keyDown","value":"î€‡"},{"type":"pause","duration":10},{"type":"keyUp","value":"î€‡"}]}]}
RESULT: {"actions":[{"id":"action19","type":"key","parameters":{},"actions":[{"type":"keyDown","value":"î€‡"},{"type":"pause","duration":10},{"type":"keyUp","value":"î€‡"}]}]}
COMMAND: POST /session/700a0ab92761895b5ec9a5372f8d46fb/execute/async - {"script":"<script> [1562 bytes]","args":[{"selector":{"id":"application-manageresources-display-component---newResourceUnit--ITEM_TYPE-arrow"},"wdio_ui5_key":"applicationmanageresources-display-component---newResourceUnit--ITEM_TYPE-arrow"}]}
COMMAND: GET /session/700a0ab92761895b5ec9a5372f8d46fb/screenshot - {}
RESULT: {"script":"<script> [1562 bytes]","args":[{"selector":{"id":"application-manageresources-display-component---newResourceUnit--ITEM_TYPE-arrow"},"wdio_ui5_key":"applicationmanageresources-display-component---newResourceUnit--ITEM_TYPE-arrow"}]}
RESULT: undefined
COMMAND: POST /session/700a0ab92761895b5ec9a5372f8d46fb/element - {"using":"xpath","value":"//*[@id=\"application-manageresources-display-component---newResourceUnit--ITEM_TYPE-arrow\"]"}
RESULT: {}
RESULT: {"using":"xpath","value":"//*[@id=\"application-manageresources-display-component---newResourceUnit--ITEM_TYPE-arrow\"]"}
COMMAND: POST /session/700a0ab92761895b5ec9a5372f8d46fb/element/f.647512A71DDA687F9F591F39CAC5A62D.d.56404C524E4621A6DA0555F016224738.e.6678/click - {}
RESULT: {}
COMMAND: POST /session/700a0ab92761895b5ec9a5372f8d46fb/execute/async - {"script":"<script> [1562 bytes]","args":[{"selector":{"controlType":"sap.m.StandardListItem","viewName":"reusables.view.manageresources.NewResourceUnit","viewId":"application-manageresources-display-component---newResourceUnit","properties":{"title":"Resource Unit"},"searchOpenDialogs":true,"interaction":{"idSuffix":"titleText"}},"wdio_ui5_key":"reusablesview.manageresources.NewResourceUnitsap.m.StandardListItem{\"title\":\"Resource Unit\"}"}]}
COMMAND: GET /session/700a0ab92761895b5ec9a5372f8d46fb/screenshot - {}
RESULT: {"script":"<script> [1562 bytes]","args":[{"selector":{"controlType":"sap.m.StandardListItem","viewName":"reusables.view.manageresources.NewResourceUnit","viewId":"application-manageresources-display-component---newResourceUnit","properties":{"title":"Resource Unit"},"searchOpenDialogs":true,"interaction":{"idSuffix":"titleText"}},"wdio_ui5_key":"reusablesview.manageresources.NewResourceUnitsap.m.StandardListItem{\"title\":\"Resource Unit\"}"}]}
RESULT: undefined
RESULT: {}
COMMAND: POST /session/700a0ab92761895b5ec9a5372f8d46fb/execute/async - {"script":"<script> [1562 bytes]","args":[{"selector":{"controlType":"sap.m.Label","viewName":"reusables.view.manageresources.NewResourceUnit","viewId":"application-manageresources-display-component---newResourceUnit","i18NText":{"propertyName":"text","key":"planningGroup"},"interaction":{"idSuffix":"bdi"}},"wdio_ui5_key":"reusablesview.manageresources.NewResourceUnitsap.m.Label{\"propertyName\":\"text\",\"key\":\"planningGroup\"}"}]}
RESULT: {"script":"<script> [1562 bytes]","args":[{"selector":{"controlType":"sap.m.Label","viewName":"reusables.view.manageresources.NewResourceUnit","viewId":"application-manageresources-display-component---newResourceUnit","i18NText":{"propertyName":"text","key":"planningGroup"},"interaction":{"idSuffix":"bdi"}},"wdio_ui5_key":"reusablesview.manageresources.NewResourceUnitsap.m.Label{\"propertyName\":\"text\",\"key\":\"planningGroup\"}"}]}
RESULT: undefined
COMMAND: POST /session/700a0ab92761895b5ec9a5372f8d46fb/element - {"using":"xpath","value":"//*[@id=\"__label263\"]"}
RESULT: {"using":"xpath","value":"//*[@id=\"__label263\"]"}
COMMAND: POST /session/700a0ab92761895b5ec9a5372f8d46fb/element/f.647512A71DDA687F9F591F39CAC5A62D.d.56404C524E4621A6DA0555F016224738.e.6680/click - {}
RESULT: {}
COMMAND: GET /session/700a0ab92761895b5ec9a5372f8d46fb/screenshot - {}
RESULT: {}
COMMAND: POST /session/700a0ab92761895b5ec9a5372f8d46fb/actions - {"actions":[{"type":"key","id":"keyboard","actions":[{"type":"keyDown","value":"î›"}]}]}
RESULT: {"actions":[{"type":"key","id":"keyboard","actions":[{"type":"keyDown","value":"î›"}]}]}
COMMAND: GET /session/700a0ab92761895b5ec9a5372f8d46fb/screenshot - {}
RESULT: {}
COMMAND: POST /session/700a0ab92761895b5ec9a5372f8d46fb/actions - {"actions":[{"type":"key","id":"keyboard","actions":[{"type":"keyDown","value":"î›"}]}]}
RESULT: {"actions":[{"type":"key","id":"keyboard","actions":[{"type":"keyDown","value":"î›"}]}]}
COMMAND: GET /session/700a0ab92761895b5ec9a5372f8d46fb/screenshot - {}
RESULT: {}
COMMAND: POST /session/700a0ab92761895b5ec9a5372f8d46fb/actions - {"actions":[{"type":"key","id":"keyboard","actions":[{"type":"keyDown","value":"î›"}]}]}
RESULT: {"actions":[{"type":"key","id":"keyboard","actions":[{"type":"keyDown","value":"î›"}]}]}
COMMAND: GET /session/700a0ab92761895b5ec9a5372f8d46fb/screenshot - {}
RESULT: {}
COMMAND: POST /session/700a0ab92761895b5ec9a5372f8d46fb/actions - {"actions":[{"type":"key","id":"keyboard","actions":[{"type":"keyDown","value":"î›"}]}]}
RESULT: {"actions":[{"type":"key","id":"keyboard","actions":[{"type":"keyDown","value":"î›"}]}]}
COMMAND: GET /session/700a0ab92761895b5ec9a5372f8d46fb/screenshot - {}
RESULT: {}
COMMAND: POST /session/700a0ab92761895b5ec9a5372f8d46fb/actions - {"actions":[{"type":"key","id":"keyboard","actions":[{"type":"keyDown","value":"î›"}]}]}
RESULT: {"actions":[{"type":"key","id":"keyboard","actions":[{"type":"keyDown","value":"î›"}]}]}
COMMAND: GET /session/700a0ab92761895b5ec9a5372f8d46fb/screenshot - {}
RESULT: {}
COMMAND: POST /session/700a0ab92761895b5ec9a5372f8d46fb/actions - {"actions":[{"type":"key","id":"keyboard","actions":[{"type":"keyDown","value":"î›"}]}]}
RESULT: {"actions":[{"type":"key","id":"keyboard","actions":[{"type":"keyDown","value":"î›"}]}]}
COMMAND: GET /session/700a0ab92761895b5ec9a5372f8d46fb/screenshot - {}
RESULT: {}
COMMAND: POST /session/700a0ab92761895b5ec9a5372f8d46fb/execute/async - {"script":"<script> [1562 bytes]","args":[{"selector":{"id":"application-manageresources-display-component---newResourceUnit--btnAddTimeSegment-img"},"wdio_ui5_key":"applicationmanageresources-display-component---newResourceUnit--btnAddTimeSegment-img"}]}
RESULT: {"script":"<script> [1562 bytes]","args":[{"selector":{"id":"application-manageresources-display-component---newResourceUnit--btnAddTimeSegment-img"},"wdio_ui5_key":"applicationmanageresources-display-component---newResourceUnit--btnAddTimeSegment-img"}]}
RESULT: undefined
COMMAND: POST /session/700a0ab92761895b5ec9a5372f8d46fb/element - {"using":"xpath","value":"//*[@id=\"application-manageresources-display-component---newResourceUnit--btnAddTimeSegment-img\"]"}
RESULT: {"using":"xpath","value":"//*[@id=\"application-manageresources-display-component---newResourceUnit--btnAddTimeSegment-img\"]"}
COMMAND: POST /session/700a0ab92761895b5ec9a5372f8d46fb/element/f.647512A71DDA687F9F591F39CAC5A62D.d.56404C524E4621A6DA0555F016224738.e.6681/click - {}
RESULT: {}
COMMAND: POST /session/700a0ab92761895b5ec9a5372f8d46fb/element - {"using":"xpath","value":"//input[@id=\"application-manageresources-display-component---newResourceUnit--idRuTSAdmin-application-manageresources-display-component---newResourceUnit--RUTimeSegment-0-inner\"]"}
COMMAND: GET /session/700a0ab92761895b5ec9a5372f8d46fb/screenshot - {}
RESULT: {"using":"xpath","value":"//input[@id=\"application-manageresources-display-component---newResourceUnit--idRuTSAdmin-application-manageresources-display-component---newResourceUnit--RUTimeSegment-0-inner\"]"}
COMMAND: POST /session/700a0ab92761895b5ec9a5372f8d46fb/element/f.647512A71DDA687F9F591F39CAC5A62D.d.56404C524E4621A6DA0555F016224738.e.6684/clear - {}
RESULT: {}
RESULT: {}
COMMAND: POST /session/700a0ab92761895b5ec9a5372f8d46fb/element/f.647512A71DDA687F9F591F39CAC5A62D.d.56404C524E4621A6DA0555F016224738.e.6684/value - {"text":"793"}
COMMAND: GET /session/700a0ab92761895b5ec9a5372f8d46fb/screenshot - {}
RESULT: {"text":"793"}
COMMAND: GET /session/700a0ab92761895b5ec9a5372f8d46fb/screenshot - {}
RESULT: {}
RESULT: {}
COMMAND: POST /session/700a0ab92761895b5ec9a5372f8d46fb/actions - {"actions":[{"id":"action20","type":"key","parameters":{},"actions":[{"type":"keyDown","value":"î€‡"},{"type":"pause","duration":10},{"type":"keyUp","value":"î€‡"}]}]}
RESULT: {"actions":[{"id":"action20","type":"key","parameters":{},"actions":[{"type":"keyDown","value":"î€‡"},{"type":"pause","duration":10},{"type":"keyUp","value":"î€‡"}]}]}
COMMAND: GET /session/700a0ab92761895b5ec9a5372f8d46fb/screenshot - {}
RESULT: {}
COMMAND: POST /session/700a0ab92761895b5ec9a5372f8d46fb/execute/async - {"script":"<script> [1562 bytes]","args":[{"selector":{"controlType":"sap.m.Button","viewName":"reusables.view.manageresources.NewResourceUnit","viewId":"application-manageresources-display-component---newResourceUnit","i18NText":{"propertyName":"tooltip","key":"save"},"interaction":{"idSuffix":"BDI-content"}},"wdio_ui5_key":"reusablesview.manageresources.NewResourceUnitsap.m.Button{\"propertyName\":\"tooltip\",\"key\":\"save\"}"}]}
RESULT: {"script":"<script> [1562 bytes]","args":[{"selector":{"controlType":"sap.m.Button","viewName":"reusables.view.manageresources.NewResourceUnit","viewId":"application-manageresources-display-component---newResourceUnit","i18NText":{"propertyName":"tooltip","key":"save"},"interaction":{"idSuffix":"BDI-content"}},"wdio_ui5_key":"reusablesview.manageresources.NewResourceUnitsap.m.Button{\"propertyName\":\"tooltip\",\"key\":\"save\"}"}]}
RESULT: undefined
COMMAND: POST /session/700a0ab92761895b5ec9a5372f8d46fb/element - {"using":"xpath","value":"//*[@id=\"application-manageresources-display-component---newResourceUnit--createRuButton\"]"}
RESULT: {"using":"xpath","value":"//*[@id=\"application-manageresources-display-component---newResourceUnit--createRuButton\"]"}
COMMAND: POST /session/700a0ab92761895b5ec9a5372f8d46fb/element/f.647512A71DDA687F9F591F39CAC5A62D.d.56404C524E4621A6DA0555F016224738.e.6619/click - {}
RESULT: {}
COMMAND: POST /session/700a0ab92761895b5ec9a5372f8d46fb/execute/async - {"script":"<script> [1562 bytes]","args":[{"selector":{"controlType":"sap.m.Button","properties":{"text":"Close"},"searchOpenDialogs":true,"interaction":{"idSuffix":"BDI-content"}},"wdio_ui5_key":"sapm.Button{\"text\":\"Close\"}"}]}
COMMAND: GET /session/700a0ab92761895b5ec9a5372f8d46fb/screenshot - {}
RESULT: {"script":"<script> [1562 bytes]","args":[{"selector":{"controlType":"sap.m.Button","properties":{"text":"Close"},"searchOpenDialogs":true,"interaction":{"idSuffix":"BDI-content"}},"wdio_ui5_key":"sapm.Button{\"text\":\"Close\"}"}]}
RESULT: undefined
COMMAND: POST /session/700a0ab92761895b5ec9a5372f8d46fb/element - {"using":"xpath","value":"//*[@id=\"__mbox-btn-0\"]"}
RESULT: {}
RESULT: {"using":"xpath","value":"//*[@id=\"__mbox-btn-0\"]"}
COMMAND: POST /session/700a0ab92761895b5ec9a5372f8d46fb/element/f.647512A71DDA687F9F591F39CAC5A62D.d.56404C524E4621A6DA0555F016224738.e.6697/click - {}
RESULT: {}
COMMAND: GET /session/700a0ab92761895b5ec9a5372f8d46fb/screenshot - {}
RESULT: {}
COMMAND: POST /session/700a0ab92761895b5ec9a5372f8d46fb/execute/async - {"script":"<script> [1562 bytes]","args":[{"selector":{"controlType":"sap.m.Text","viewName":"etm.portal.ui.manageresources.view.Detail","viewId":"application-manageresources-display-component---detailRU","bindingPath":{"propertyPath":"ID","modelName":"catalogModel"}},"wdio_ui5_key":"etmportal.ui.manageresources.view.Detailsap.m.Text{\"propertyPath\":\"ID\",\"modelName\":\"catalogModel\"}"}]}
RESULT: {"script":"<script> [1562 bytes]","args":[{"selector":{"controlType":"sap.m.Text","viewName":"etm.portal.ui.manageresources.view.Detail","viewId":"application-manageresources-display-component---detailRU","bindingPath":{"propertyPath":"ID","modelName":"catalogModel"}},"wdio_ui5_key":"etmportal.ui.manageresources.view.Detailsap.m.Text{\"propertyPath\":\"ID\",\"modelName\":\"catalogModel\"}"}]}
RESULT: undefined
COMMAND: POST /session/700a0ab92761895b5ec9a5372f8d46fb/execute/async - {"script":"<script> [6424 bytes]","args":[{"element-6066-11e4-a52e-4f735466cecf":"f.647512A71DDA687F9F591F39CAC5A62D.d.56404C524E4621A6DA0555F016224738.e.6731"},"getText",[]]}
RESULT: {"script":"<script> [6424 bytes]","args":[{"element-6066-11e4-a52e-4f735466cecf":"f.647512A71DDA687F9F591F39CAC5A62D.d.56404C524E4621A6DA0555F016224738.e.6731"},"getText",[]]}
COMMAND: POST /session/700a0ab92761895b5ec9a5372f8d46fb/element - {"using":"css selector","value":"#shell-header-logo"}
RESULT: {"using":"css selector","value":"#shell-header-logo"}
COMMAND: POST /session/700a0ab92761895b5ec9a5372f8d46fb/element/f.647512A71DDA687F9F591F39CAC5A62D.d.56404C524E4621A6DA0555F016224738.e.6255/click - {}
RESULT: {}
COMMAND: GET /session/700a0ab92761895b5ec9a5372f8d46fb/screenshot - {}
RESULT: {}
]]></system-out>
    </testcase>
    <testcase classname="chrome.135_0_7049_96.windows.Provide_to_Site_w/_warehouse_management_w/_clarification_US115878" name="Bin Status Report Should Create New Organization yard" time="43.385">
      <system-out><![CDATA[
COMMAND: POST /session/700a0ab92761895b5ec9a5372f8d46fb/execute/async - {"script":"<script> [1562 bytes]","args":[{"selector":{"controlType":"sap.m.GenericTile","properties":{"header":"Bin Status Report"}},"wdio_ui5_key":"sapm.GenericTile{\"header\":\"Bin Status Report\"}"}]}
RESULT: {"script":"<script> [1562 bytes]","args":[{"selector":{"controlType":"sap.m.GenericTile","properties":{"header":"Bin Status Report"}},"wdio_ui5_key":"sapm.GenericTile{\"header\":\"Bin Status Report\"}"}]}
RESULT: undefined
COMMAND: POST /session/700a0ab92761895b5ec9a5372f8d46fb/element - {"using":"xpath","value":"//*[@id=\"__tile104\"]"}
RESULT: {"using":"xpath","value":"//*[@id=\"__tile104\"]"}
COMMAND: POST /session/700a0ab92761895b5ec9a5372f8d46fb/element/f.647512A71DDA687F9F591F39CAC5A62D.d.56404C524E4621A6DA0555F016224738.e.6735/click - {}
RESULT: {}
COMMAND: GET /session/700a0ab92761895b5ec9a5372f8d46fb/screenshot - {}
RESULT: {}
COMMAND: POST /session/700a0ab92761895b5ec9a5372f8d46fb/execute/async - {"script":"<script> [1562 bytes]","args":[{"selector":{"id":"application-binstatusreport-display-component---warehousing--createOrgBtn","interaction":{"idSuffix":"content"}},"wdio_ui5_key":"applicationbinstatusreport-display-component---warehousing--createOrgBtn"}]}
RESULT: {"script":"<script> [1562 bytes]","args":[{"selector":{"id":"application-binstatusreport-display-component---warehousing--createOrgBtn","interaction":{"idSuffix":"content"}},"wdio_ui5_key":"applicationbinstatusreport-display-component---warehousing--createOrgBtn"}]}
RESULT: undefined
COMMAND: POST /session/700a0ab92761895b5ec9a5372f8d46fb/element - {"using":"xpath","value":"//*[@id=\"application-binstatusreport-display-component---warehousing--createOrgBtn\"]"}
RESULT: {"using":"xpath","value":"//*[@id=\"application-binstatusreport-display-component---warehousing--createOrgBtn\"]"}
COMMAND: POST /session/700a0ab92761895b5ec9a5372f8d46fb/element/f.647512A71DDA687F9F591F39CAC5A62D.d.56404C524E4621A6DA0555F016224738.e.6770/click - {}
RESULT: {}
COMMAND: POST /session/700a0ab92761895b5ec9a5372f8d46fb/execute/async - {"script":"<script> [1562 bytes]","args":[{"selector":{"id":"createOrganizationPop--sectionInput","searchOpenDialogs":true,"interaction":{"idSuffix":"inner"}},"wdio_ui5_key":"createOrganizationPopsectionInput"}]}
COMMAND: GET /session/700a0ab92761895b5ec9a5372f8d46fb/screenshot - {}
RESULT: {"script":"<script> [1562 bytes]","args":[{"selector":{"id":"createOrganizationPop--sectionInput","searchOpenDialogs":true,"interaction":{"idSuffix":"inner"}},"wdio_ui5_key":"createOrganizationPopsectionInput"}]}
RESULT: undefined
COMMAND: POST /session/700a0ab92761895b5ec9a5372f8d46fb/execute/async - {"script":"<script> [776 bytes]","args":[{"enterText":"WDI793","selector":{"id":"createOrganizationPop--sectionInput","searchOpenDialogs":true,"interaction":{"idSuffix":"inner"}},"clearTextFirst":true,"interactionType":"ENTER_TEXT"}]}
RESULT: {}
RESULT: {"script":"<script> [776 bytes]","args":[{"enterText":"WDI793","selector":{"id":"createOrganizationPop--sectionInput","searchOpenDialogs":true,"interaction":{"idSuffix":"inner"}},"clearTextFirst":true,"interactionType":"ENTER_TEXT"}]}
COMMAND: POST /session/700a0ab92761895b5ec9a5372f8d46fb/execute/async - {"script":"<script> [1562 bytes]","args":[{"selector":{"id":"createOrganizationPop--descriptionInput","searchOpenDialogs":true,"interaction":{"idSuffix":"inner"}},"wdio_ui5_key":"createOrganizationPopdescriptionInput"}]}
RESULT: {"script":"<script> [1562 bytes]","args":[{"selector":{"id":"createOrganizationPop--descriptionInput","searchOpenDialogs":true,"interaction":{"idSuffix":"inner"}},"wdio_ui5_key":"createOrganizationPopdescriptionInput"}]}
RESULT: undefined
COMMAND: POST /session/700a0ab92761895b5ec9a5372f8d46fb/execute/async - {"script":"<script> [776 bytes]","args":[{"enterText":"Shipping793","selector":{"id":"createOrganizationPop--descriptionInput","searchOpenDialogs":true,"interaction":{"idSuffix":"inner"}},"clearTextFirst":true,"interactionType":"ENTER_TEXT"}]}
RESULT: {"script":"<script> [776 bytes]","args":[{"enterText":"Shipping793","selector":{"id":"createOrganizationPop--descriptionInput","searchOpenDialogs":true,"interaction":{"idSuffix":"inner"}},"clearTextFirst":true,"interactionType":"ENTER_TEXT"}]}
COMMAND: POST /session/700a0ab92761895b5ec9a5372f8d46fb/element - {"using":"css selector","value":"#createOrganizationPop--yardOrg-inner"}
RESULT: {"using":"css selector","value":"#createOrganizationPop--yardOrg-inner"}
COMMAND: POST /session/700a0ab92761895b5ec9a5372f8d46fb/element/f.647512A71DDA687F9F591F39CAC5A62D.d.56404C524E4621A6DA0555F016224738.e.7092/clear - {}
RESULT: {}
COMMAND: POST /session/700a0ab92761895b5ec9a5372f8d46fb/element/f.647512A71DDA687F9F591F39CAC5A62D.d.56404C524E4621A6DA0555F016224738.e.7092/value - {"text":"793"}
COMMAND: GET /session/700a0ab92761895b5ec9a5372f8d46fb/screenshot - {}
RESULT: {}
RESULT: {"text":"793"}
COMMAND: GET /session/700a0ab92761895b5ec9a5372f8d46fb/screenshot - {}
RESULT: {}
COMMAND: POST /session/700a0ab92761895b5ec9a5372f8d46fb/actions - {"actions":[{"id":"action21","type":"key","parameters":{},"actions":[{"type":"keyDown","value":"î€‡"},{"type":"pause","duration":10},{"type":"keyUp","value":"î€‡"}]}]}
RESULT: {"actions":[{"id":"action21","type":"key","parameters":{},"actions":[{"type":"keyDown","value":"î€‡"},{"type":"pause","duration":10},{"type":"keyUp","value":"î€‡"}]}]}
COMMAND: POST /session/700a0ab92761895b5ec9a5372f8d46fb/execute/async - {"script":"<script> [1562 bytes]","args":[{"selector":{"id":"createOrganizationPop--grZone","searchOpenDialogs":true,"interaction":{"idSuffix":"CbBg"}},"wdio_ui5_key":"createOrganizationPopgrZone"}]}
COMMAND: GET /session/700a0ab92761895b5ec9a5372f8d46fb/screenshot - {}
RESULT: {"script":"<script> [1562 bytes]","args":[{"selector":{"id":"createOrganizationPop--grZone","searchOpenDialogs":true,"interaction":{"idSuffix":"CbBg"}},"wdio_ui5_key":"createOrganizationPopgrZone"}]}
RESULT: undefined
COMMAND: POST /session/700a0ab92761895b5ec9a5372f8d46fb/element - {"using":"xpath","value":"//*[@id=\"createOrganizationPop--grZone\"]"}
RESULT: {}
RESULT: {"using":"xpath","value":"//*[@id=\"createOrganizationPop--grZone\"]"}
COMMAND: POST /session/700a0ab92761895b5ec9a5372f8d46fb/element/f.647512A71DDA687F9F591F39CAC5A62D.d.56404C524E4621A6DA0555F016224738.e.7113/click - {}
RESULT: {}
COMMAND: POST /session/700a0ab92761895b5ec9a5372f8d46fb/execute/async - {"script":"<script> [1562 bytes]","args":[{"selector":{"id":"createOrganizationPop--giZone","searchOpenDialogs":true,"interaction":{"idSuffix":"CbBg"}},"wdio_ui5_key":"createOrganizationPopgiZone"}]}
COMMAND: GET /session/700a0ab92761895b5ec9a5372f8d46fb/screenshot - {}
RESULT: {"script":"<script> [1562 bytes]","args":[{"selector":{"id":"createOrganizationPop--giZone","searchOpenDialogs":true,"interaction":{"idSuffix":"CbBg"}},"wdio_ui5_key":"createOrganizationPopgiZone"}]}
RESULT: undefined
COMMAND: POST /session/700a0ab92761895b5ec9a5372f8d46fb/element - {"using":"xpath","value":"//*[@id=\"createOrganizationPop--giZone\"]"}
RESULT: {}
RESULT: {"using":"xpath","value":"//*[@id=\"createOrganizationPop--giZone\"]"}
COMMAND: POST /session/700a0ab92761895b5ec9a5372f8d46fb/element/f.647512A71DDA687F9F591F39CAC5A62D.d.56404C524E4621A6DA0555F016224738.e.7115/click - {}
RESULT: {}
COMMAND: POST /session/700a0ab92761895b5ec9a5372f8d46fb/execute/async - {"script":"<script> [1562 bytes]","args":[{"selector":{"id":"createOrganizationPop--binNoInput","searchOpenDialogs":true,"interaction":{"idSuffix":"inner"}},"wdio_ui5_key":"createOrganizationPopbinNoInput"}]}
COMMAND: GET /session/700a0ab92761895b5ec9a5372f8d46fb/screenshot - {}
RESULT: {"script":"<script> [1562 bytes]","args":[{"selector":{"id":"createOrganizationPop--binNoInput","searchOpenDialogs":true,"interaction":{"idSuffix":"inner"}},"wdio_ui5_key":"createOrganizationPopbinNoInput"}]}
RESULT: undefined
COMMAND: POST /session/700a0ab92761895b5ec9a5372f8d46fb/execute/async - {"script":"<script> [776 bytes]","args":[{"enterText":"Bin-Wd","selector":{"id":"createOrganizationPop--binNoInput","searchOpenDialogs":true,"interaction":{"idSuffix":"inner"}},"clearTextFirst":true,"interactionType":"ENTER_TEXT"}]}
RESULT: {}
RESULT: {"script":"<script> [776 bytes]","args":[{"enterText":"Bin-Wd","selector":{"id":"createOrganizationPop--binNoInput","searchOpenDialogs":true,"interaction":{"idSuffix":"inner"}},"clearTextFirst":true,"interactionType":"ENTER_TEXT"}]}
COMMAND: POST /session/700a0ab92761895b5ec9a5372f8d46fb/execute/async - {"script":"<script> [1562 bytes]","args":[{"selector":{"id":"createOrganizationPop--descriptionId","searchOpenDialogs":true,"interaction":{"idSuffix":"inner"}},"wdio_ui5_key":"createOrganizationPopdescriptionId"}]}
RESULT: {"script":"<script> [1562 bytes]","args":[{"selector":{"id":"createOrganizationPop--descriptionId","searchOpenDialogs":true,"interaction":{"idSuffix":"inner"}},"wdio_ui5_key":"createOrganizationPopdescriptionId"}]}
RESULT: undefined
COMMAND: POST /session/700a0ab92761895b5ec9a5372f8d46fb/execute/async - {"script":"<script> [776 bytes]","args":[{"enterText":"Shipping-Wd","selector":{"id":"createOrganizationPop--descriptionId","searchOpenDialogs":true,"interaction":{"idSuffix":"inner"}},"clearTextFirst":true,"interactionType":"ENTER_TEXT"}]}
RESULT: {"script":"<script> [776 bytes]","args":[{"enterText":"Shipping-Wd","selector":{"id":"createOrganizationPop--descriptionId","searchOpenDialogs":true,"interaction":{"idSuffix":"inner"}},"clearTextFirst":true,"interactionType":"ENTER_TEXT"}]}
COMMAND: POST /session/700a0ab92761895b5ec9a5372f8d46fb/execute/async - {"script":"<script> [1562 bytes]","args":[{"selector":{"controlType":"sap.m.CheckBox","viewName":"etm.portal.ui.binstatusreport.view.MasterWareBins","viewId":"application-binstatusreport-display-component---warehousing","bindingPath":{"path":"","propertyPath":"/ZONE","modelName":"newBin"},"searchOpenDialogs":true,"interaction":{"idSuffix":"CbBg"}},"wdio_ui5_key":"etmportal.ui.binstatusreport.view.MasterWareBinssap.m.CheckBox{\"path\":\"\",\"propertyPath\":\"/ZONE\",\"modelName\":\"newBin\"}"}]}
RESULT: {"script":"<script> [1562 bytes]","args":[{"selector":{"controlType":"sap.m.CheckBox","viewName":"etm.portal.ui.binstatusreport.view.MasterWareBins","viewId":"application-binstatusreport-display-component---warehousing","bindingPath":{"path":"","propertyPath":"/ZONE","modelName":"newBin"},"searchOpenDialogs":true,"interaction":{"idSuffix":"CbBg"}},"wdio_ui5_key":"etmportal.ui.binstatusreport.view.MasterWareBinssap.m.CheckBox{\"path\":\"\",\"propertyPath\":\"/ZONE\",\"modelName\":\"newBin\"}"}]}
RESULT: undefined
COMMAND: POST /session/700a0ab92761895b5ec9a5372f8d46fb/element - {"using":"xpath","value":"//*[@id=\"__box55\"]"}
RESULT: {"using":"xpath","value":"//*[@id=\"__box55\"]"}
COMMAND: POST /session/700a0ab92761895b5ec9a5372f8d46fb/element/f.647512A71DDA687F9F591F39CAC5A62D.d.56404C524E4621A6DA0555F016224738.e.7119/click - {}
RESULT: {}
COMMAND: POST /session/700a0ab92761895b5ec9a5372f8d46fb/execute/async - {"script":"<script> [1562 bytes]","args":[{"selector":{"id":"createOrganizationPop--binTypesCB","searchOpenDialogs":true,"interaction":{"idSuffix":"inner"}},"wdio_ui5_key":"createOrganizationPopbinTypesCB"}]}
COMMAND: GET /session/700a0ab92761895b5ec9a5372f8d46fb/screenshot - {}
RESULT: {"script":"<script> [1562 bytes]","args":[{"selector":{"id":"createOrganizationPop--binTypesCB","searchOpenDialogs":true,"interaction":{"idSuffix":"inner"}},"wdio_ui5_key":"createOrganizationPopbinTypesCB"}]}
RESULT: undefined
COMMAND: POST /session/700a0ab92761895b5ec9a5372f8d46fb/execute/async - {"script":"<script> [776 bytes]","args":[{"enterText":"1 - General / No capacity check","selector":{"id":"createOrganizationPop--binTypesCB","searchOpenDialogs":true,"interaction":{"idSuffix":"inner"}},"clearTextFirst":true,"interactionType":"ENTER_TEXT"}]}
RESULT: {}
RESULT: {"script":"<script> [776 bytes]","args":[{"enterText":"1 - General / No capacity check","selector":{"id":"createOrganizationPop--binTypesCB","searchOpenDialogs":true,"interaction":{"idSuffix":"inner"}},"clearTextFirst":true,"interactionType":"ENTER_TEXT"}]}
COMMAND: POST /session/700a0ab92761895b5ec9a5372f8d46fb/actions - {"actions":[{"id":"action22","type":"key","parameters":{},"actions":[{"type":"keyDown","value":"î€‡"},{"type":"pause","duration":10},{"type":"keyUp","value":"î€‡"}]}]}
RESULT: {"actions":[{"id":"action22","type":"key","parameters":{},"actions":[{"type":"keyDown","value":"î€‡"},{"type":"pause","duration":10},{"type":"keyUp","value":"î€‡"}]}]}
COMMAND: GET /session/700a0ab92761895b5ec9a5372f8d46fb/screenshot - {}
RESULT: {}
COMMAND: POST /session/700a0ab92761895b5ec9a5372f8d46fb/execute/async - {"script":"<script> [1562 bytes]","args":[{"selector":{"id":"createOrganizationPop--finishBtn","searchOpenDialogs":true,"interaction":{"idSuffix":"BDI-content"}},"wdio_ui5_key":"createOrganizationPopfinishBtn"}]}
RESULT: {"script":"<script> [1562 bytes]","args":[{"selector":{"id":"createOrganizationPop--finishBtn","searchOpenDialogs":true,"interaction":{"idSuffix":"BDI-content"}},"wdio_ui5_key":"createOrganizationPopfinishBtn"}]}
RESULT: undefined
COMMAND: POST /session/700a0ab92761895b5ec9a5372f8d46fb/element - {"using":"xpath","value":"//*[@id=\"createOrganizationPop--finishBtn\"]"}
RESULT: {"using":"xpath","value":"//*[@id=\"createOrganizationPop--finishBtn\"]"}
COMMAND: POST /session/700a0ab92761895b5ec9a5372f8d46fb/element/f.647512A71DDA687F9F591F39CAC5A62D.d.56404C524E4621A6DA0555F016224738.e.7122/click - {}
RESULT: {}
]]></system-out>
    </testcase>
    <testcase classname="chrome.135_0_7049_96.windows.Provide_to_Site_w/_warehouse_management_w/_clarification_US115878" name="Bin Status Report Should Create New Organization for Site" time="36.686">
      <system-out><![CDATA[
COMMAND: GET /session/700a0ab92761895b5ec9a5372f8d46fb/screenshot - {}
RESULT: {}
RESULT: undefined
COMMAND: POST /session/700a0ab92761895b5ec9a5372f8d46fb/element - {"using":"xpath","value":"//*[@id=\"application-binstatusreport-display-component---warehousing--createOrgBtn\"]"}
RESULT: {"using":"xpath","value":"//*[@id=\"application-binstatusreport-display-component---warehousing--createOrgBtn\"]"}
COMMAND: POST /session/700a0ab92761895b5ec9a5372f8d46fb/element/f.647512A71DDA687F9F591F39CAC5A62D.d.56404C524E4621A6DA0555F016224738.e.6770/click - {}
RESULT: {}
RESULT: undefined
COMMAND: POST /session/700a0ab92761895b5ec9a5372f8d46fb/execute/async - {"script":"<script> [776 bytes]","args":[{"enterText":"2591","selector":{"id":"createOrganizationPop--sectionInput","searchOpenDialogs":true,"interaction":{"idSuffix":"inner"}},"clearTextFirst":true,"interactionType":"ENTER_TEXT"}]}
COMMAND: GET /session/700a0ab92761895b5ec9a5372f8d46fb/screenshot - {}
RESULT: {"script":"<script> [776 bytes]","args":[{"enterText":"2591","selector":{"id":"createOrganizationPop--sectionInput","searchOpenDialogs":true,"interaction":{"idSuffix":"inner"}},"clearTextFirst":true,"interactionType":"ENTER_TEXT"}]}
RESULT: undefined
COMMAND: POST /session/700a0ab92761895b5ec9a5372f8d46fb/execute/async - {"script":"<script> [776 bytes]","args":[{"enterText":"WDI2591","selector":{"id":"createOrganizationPop--descriptionInput","searchOpenDialogs":true,"interaction":{"idSuffix":"inner"}},"clearTextFirst":true,"interactionType":"ENTER_TEXT"}]}
RESULT: {}
RESULT: {"script":"<script> [776 bytes]","args":[{"enterText":"WDI2591","selector":{"id":"createOrganizationPop--descriptionInput","searchOpenDialogs":true,"interaction":{"idSuffix":"inner"}},"clearTextFirst":true,"interactionType":"ENTER_TEXT"}]}
COMMAND: POST /session/700a0ab92761895b5ec9a5372f8d46fb/element - {"using":"css selector","value":"#createOrganizationPop--siteOrg-inner"}
RESULT: {"using":"css selector","value":"#createOrganizationPop--siteOrg-inner"}
COMMAND: POST /session/700a0ab92761895b5ec9a5372f8d46fb/element/f.647512A71DDA687F9F591F39CAC5A62D.d.56404C524E4621A6DA0555F016224738.e.7128/clear - {}
RESULT: {}
COMMAND: POST /session/700a0ab92761895b5ec9a5372f8d46fb/element/f.647512A71DDA687F9F591F39CAC5A62D.d.56404C524E4621A6DA0555F016224738.e.7128/value - {"text":"2591"}
COMMAND: GET /session/700a0ab92761895b5ec9a5372f8d46fb/screenshot - {}
RESULT: {"text":"2591"}
COMMAND: GET /session/700a0ab92761895b5ec9a5372f8d46fb/screenshot - {}
RESULT: {}
RESULT: {}
COMMAND: POST /session/700a0ab92761895b5ec9a5372f8d46fb/actions - {"actions":[{"id":"action23","type":"key","parameters":{},"actions":[{"type":"keyDown","value":"î€‡"},{"type":"pause","duration":10},{"type":"keyUp","value":"î€‡"}]}]}
RESULT: {"actions":[{"id":"action23","type":"key","parameters":{},"actions":[{"type":"keyDown","value":"î€‡"},{"type":"pause","duration":10},{"type":"keyUp","value":"î€‡"}]}]}
RESULT: undefined
COMMAND: POST /session/700a0ab92761895b5ec9a5372f8d46fb/element - {"using":"xpath","value":"//*[@id=\"createOrganizationPop--giZone\"]"}
COMMAND: GET /session/700a0ab92761895b5ec9a5372f8d46fb/screenshot - {}
RESULT: {"using":"xpath","value":"//*[@id=\"createOrganizationPop--giZone\"]"}
COMMAND: POST /session/700a0ab92761895b5ec9a5372f8d46fb/element/f.647512A71DDA687F9F591F39CAC5A62D.d.56404C524E4621A6DA0555F016224738.e.7146/click - {}
RESULT: {}
RESULT: {}
RESULT: undefined
COMMAND: POST /session/700a0ab92761895b5ec9a5372f8d46fb/execute/async - {"script":"<script> [776 bytes]","args":[{"enterText":"WD-BIN","selector":{"id":"createOrganizationPop--binNoInput","searchOpenDialogs":true,"interaction":{"idSuffix":"inner"}},"clearTextFirst":true,"interactionType":"ENTER_TEXT"}]}
COMMAND: GET /session/700a0ab92761895b5ec9a5372f8d46fb/screenshot - {}
RESULT: {"script":"<script> [776 bytes]","args":[{"enterText":"WD-BIN","selector":{"id":"createOrganizationPop--binNoInput","searchOpenDialogs":true,"interaction":{"idSuffix":"inner"}},"clearTextFirst":true,"interactionType":"ENTER_TEXT"}]}
RESULT: undefined
COMMAND: POST /session/700a0ab92761895b5ec9a5372f8d46fb/execute/async - {"script":"<script> [776 bytes]","args":[{"enterText":"WD-BIN","selector":{"id":"createOrganizationPop--descriptionId","searchOpenDialogs":true,"interaction":{"idSuffix":"inner"}},"clearTextFirst":true,"interactionType":"ENTER_TEXT"}]}
RESULT: {}
RESULT: {"script":"<script> [776 bytes]","args":[{"enterText":"WD-BIN","selector":{"id":"createOrganizationPop--descriptionId","searchOpenDialogs":true,"interaction":{"idSuffix":"inner"}},"clearTextFirst":true,"interactionType":"ENTER_TEXT"}]}
COMMAND: POST /session/700a0ab92761895b5ec9a5372f8d46fb/execute/async - {"script":"<script> [1562 bytes]","args":[{"selector":{"controlType":"sap.m.CheckBox","viewName":"etm.portal.ui.binstatusreport.view.MasterWareBins","viewId":"application-binstatusreport-display-component---warehousing","bindingPath":{"propertyPath":"/ZONE","modelName":"newBin"},"searchOpenDialogs":true,"interaction":{"idSuffix":"CbBg"}},"wdio_ui5_key":"etmportal.ui.binstatusreport.view.MasterWareBinssap.m.CheckBox{\"propertyPath\":\"/ZONE\",\"modelName\":\"newBin\"}"}]}
RESULT: {"script":"<script> [1562 bytes]","args":[{"selector":{"controlType":"sap.m.CheckBox","viewName":"etm.portal.ui.binstatusreport.view.MasterWareBins","viewId":"application-binstatusreport-display-component---warehousing","bindingPath":{"propertyPath":"/ZONE","modelName":"newBin"},"searchOpenDialogs":true,"interaction":{"idSuffix":"CbBg"}},"wdio_ui5_key":"etmportal.ui.binstatusreport.view.MasterWareBinssap.m.CheckBox{\"propertyPath\":\"/ZONE\",\"modelName\":\"newBin\"}"}]}
RESULT: undefined
COMMAND: POST /session/700a0ab92761895b5ec9a5372f8d46fb/element - {"using":"xpath","value":"//*[@id=\"__box58\"]"}
RESULT: {"using":"xpath","value":"//*[@id=\"__box58\"]"}
COMMAND: POST /session/700a0ab92761895b5ec9a5372f8d46fb/element/f.647512A71DDA687F9F591F39CAC5A62D.d.56404C524E4621A6DA0555F016224738.e.7148/click - {}
RESULT: {}
COMMAND: GET /session/700a0ab92761895b5ec9a5372f8d46fb/screenshot - {}
RESULT: {}
RESULT: undefined
COMMAND: POST /session/700a0ab92761895b5ec9a5372f8d46fb/execute/async - {"script":"<script> [776 bytes]","args":[{"enterText":"1 - General / No capacity check","selector":{"id":"createOrganizationPop--binTypesCB","searchOpenDialogs":true,"interaction":{"idSuffix":"inner"}},"clearTextFirst":true,"interactionType":"ENTER_TEXT"}]}
RESULT: {"script":"<script> [776 bytes]","args":[{"enterText":"1 - General / No capacity check","selector":{"id":"createOrganizationPop--binTypesCB","searchOpenDialogs":true,"interaction":{"idSuffix":"inner"}},"clearTextFirst":true,"interactionType":"ENTER_TEXT"}]}
COMMAND: POST /session/700a0ab92761895b5ec9a5372f8d46fb/execute/async - {"script":"<script> [1562 bytes]","args":[{"selector":{"id":"createOrganizationPop--capacityId","searchOpenDialogs":true,"interaction":{"idSuffix":"inner"}},"wdio_ui5_key":"createOrganizationPopcapacityId"}]}
RESULT: {"script":"<script> [1562 bytes]","args":[{"selector":{"id":"createOrganizationPop--capacityId","searchOpenDialogs":true,"interaction":{"idSuffix":"inner"}},"wdio_ui5_key":"createOrganizationPopcapacityId"}]}
RESULT: undefined
COMMAND: POST /session/700a0ab92761895b5ec9a5372f8d46fb/actions - {"actions":[{"id":"action24","type":"key","parameters":{},"actions":[{"type":"keyDown","value":"î€‡"},{"type":"pause","duration":10},{"type":"keyUp","value":"î€‡"}]}]}
RESULT: {"actions":[{"id":"action24","type":"key","parameters":{},"actions":[{"type":"keyDown","value":"î€‡"},{"type":"pause","duration":10},{"type":"keyUp","value":"î€‡"}]}]}
COMMAND: GET /session/700a0ab92761895b5ec9a5372f8d46fb/screenshot - {}
RESULT: {}
RESULT: undefined
COMMAND: POST /session/700a0ab92761895b5ec9a5372f8d46fb/element - {"using":"xpath","value":"//*[@id=\"createOrganizationPop--finishBtn\"]"}
RESULT: {"using":"xpath","value":"//*[@id=\"createOrganizationPop--finishBtn\"]"}
COMMAND: POST /session/700a0ab92761895b5ec9a5372f8d46fb/element/f.647512A71DDA687F9F591F39CAC5A62D.d.56404C524E4621A6DA0555F016224738.e.7149/click - {}
RESULT: {}
COMMAND: POST /session/700a0ab92761895b5ec9a5372f8d46fb/element - {"using":"css selector","value":"#shell-header-logo"}
COMMAND: GET /session/700a0ab92761895b5ec9a5372f8d46fb/screenshot - {}
RESULT: {"using":"css selector","value":"#shell-header-logo"}
COMMAND: POST /session/700a0ab92761895b5ec9a5372f8d46fb/element/f.647512A71DDA687F9F591F39CAC5A62D.d.56404C524E4621A6DA0555F016224738.e.6741/click - {}
RESULT: {}
RESULT: {}
]]></system-out>
    </testcase>
  </testsuite>
  <testsuite timestamp="2025-04-24T16:37:47" time="524.425" tests="6" failures="2" errors="2" skipped="0">
    <properties>
      <property name="specId" value="0" />
      <property name="suiteName" value="Provide to Site w/ warehouse management w clarification" />
      <property name="capabilities" value="chrome.135_0_7049_96.windows" />
      <property name="file" value="file:///D:/a/1/s/test/specs/HTR/provide-to-site-w-warehouse-w-clarification.spec.js" />
    </properties>
    <testcase classname="chrome.135_0_7049_96.windows.Provide_to_Site_w/_warehouse_management_w_clarification" name="Should do a stock increase handover" time="80.649">
      <system-out><![CDATA[
COMMAND: POST /session/700a0ab92761895b5ec9a5372f8d46fb/execute/async - {"script":"<script> [1562 bytes]","args":[{"selector":{"controlType":"sap.m.GenericTile","properties":{"header":"Manage Handovers"}},"wdio_ui5_key":"sapm.GenericTile{\"header\":\"Manage Handovers\"}"}]}
COMMAND: GET /session/700a0ab92761895b5ec9a5372f8d46fb/screenshot - {}
RESULT: {"script":"<script> [1562 bytes]","args":[{"selector":{"controlType":"sap.m.GenericTile","properties":{"header":"Manage Handovers"}},"wdio_ui5_key":"sapm.GenericTile{\"header\":\"Manage Handovers\"}"}]}
RESULT: undefined
COMMAND: POST /session/700a0ab92761895b5ec9a5372f8d46fb/element - {"using":"xpath","value":"//*[@id=\"__tile132\"]"}
RESULT: {}
RESULT: {"using":"xpath","value":"//*[@id=\"__tile132\"]"}
COMMAND: POST /session/700a0ab92761895b5ec9a5372f8d46fb/element/f.647512A71DDA687F9F591F39CAC5A62D.d.56404C524E4621A6DA0555F016224738.e.3998/click - {}
RESULT: {}
COMMAND: GET /session/700a0ab92761895b5ec9a5372f8d46fb/screenshot - {}
RESULT: {}
COMMAND: POST /session/700a0ab92761895b5ec9a5372f8d46fb/element - {"using":"xpath","value":"//button[(@data-kt = 'masterHOAddButton')]"}
RESULT: {"using":"xpath","value":"//button[(@data-kt = 'masterHOAddButton')]"}
COMMAND: POST /session/700a0ab92761895b5ec9a5372f8d46fb/elements - {"using":"xpath","value":"//button[(@data-kt = 'masterHOAddButton')]"}
RESULT: {"using":"xpath","value":"//button[(@data-kt = 'masterHOAddButton')]"}
COMMAND: POST /session/700a0ab92761895b5ec9a5372f8d46fb/elements - {"using":"xpath","value":"//button[(@data-kt = 'masterHOAddButton')]"}
RESULT: {"using":"xpath","value":"//button[(@data-kt = 'masterHOAddButton')]"}
COMMAND: POST /session/700a0ab92761895b5ec9a5372f8d46fb/elements - {"using":"xpath","value":"//button[(@data-kt = 'masterHOAddButton')]"}
RESULT: {"using":"xpath","value":"//button[(@data-kt = 'masterHOAddButton')]"}
COMMAND: POST /session/700a0ab92761895b5ec9a5372f8d46fb/element - {"using":"xpath","value":"//button[(@data-kt = 'masterHOAddButton')]"}
RESULT: {"using":"xpath","value":"//button[(@data-kt = 'masterHOAddButton')]"}
COMMAND: POST /session/700a0ab92761895b5ec9a5372f8d46fb/element/f.647512A71DDA687F9F591F39CAC5A62D.d.56404C524E4621A6DA0555F016224738.e.7195/click - {}
RESULT: {}
COMMAND: POST /session/700a0ab92761895b5ec9a5372f8d46fb/element - {"using":"css selector","value":"span[id=\"application-managehandovers-display-component---AddNewHO--typeSelect-label\"]"}
COMMAND: GET /session/700a0ab92761895b5ec9a5372f8d46fb/screenshot - {}
RESULT: {"using":"css selector","value":"span[id=\"application-managehandovers-display-component---AddNewHO--typeSelect-label\"]"}
COMMAND: POST /session/700a0ab92761895b5ec9a5372f8d46fb/elements - {"using":"css selector","value":"span[id=\"application-managehandovers-display-component---AddNewHO--typeSelect-label\"]"}
RESULT: {}
RESULT: {"using":"css selector","value":"span[id=\"application-managehandovers-display-component---AddNewHO--typeSelect-label\"]"}
COMMAND: POST /session/700a0ab92761895b5ec9a5372f8d46fb/element - {"using":"css selector","value":"span[id=\"application-managehandovers-display-component---AddNewHO--typeSelect-label\"]"}
RESULT: {"using":"css selector","value":"span[id=\"application-managehandovers-display-component---AddNewHO--typeSelect-label\"]"}
COMMAND: POST /session/700a0ab92761895b5ec9a5372f8d46fb/element/f.647512A71DDA687F9F591F39CAC5A62D.d.56404C524E4621A6DA0555F016224738.e.7502/click - {}
RESULT: {}
COMMAND: POST /session/700a0ab92761895b5ec9a5372f8d46fb/element - {"using":"css selector","value":"#application-managehandovers-display-component---AddNewHO--oneStep-CB"}
COMMAND: GET /session/700a0ab92761895b5ec9a5372f8d46fb/screenshot - {}
RESULT: {"using":"css selector","value":"#application-managehandovers-display-component---AddNewHO--oneStep-CB"}
COMMAND: GET /session/700a0ab92761895b5ec9a5372f8d46fb/element/f.647512A71DDA687F9F591F39CAC5A62D.d.56404C524E4621A6DA0555F016224738.e.7431/selected - {}
RESULT: {}
RESULT: {}
COMMAND: POST /session/700a0ab92761895b5ec9a5372f8d46fb/element - {"using":"xpath","value":"//li[contains(text(), \"stock increase yard\")]"}
COMMAND: GET /session/700a0ab92761895b5ec9a5372f8d46fb/screenshot - {}
RESULT: {"using":"xpath","value":"//li[contains(text(), \"stock increase yard\")]"}
COMMAND: POST /session/700a0ab92761895b5ec9a5372f8d46fb/element/f.647512A71DDA687F9F591F39CAC5A62D.d.56404C524E4621A6DA0555F016224738.e.7503/click - {}
RESULT: {}
RESULT: {}
COMMAND: GET /session/700a0ab92761895b5ec9a5372f8d46fb/screenshot - {}
RESULT: {}
COMMAND: POST /session/700a0ab92761895b5ec9a5372f8d46fb/element - {"using":"css selector","value":"input[id=\"generalSectionFrg--receiveYard-inner\"]"}
RESULT: {"using":"css selector","value":"input[id=\"generalSectionFrg--receiveYard-inner\"]"}
COMMAND: POST /session/700a0ab92761895b5ec9a5372f8d46fb/element/f.647512A71DDA687F9F591F39CAC5A62D.d.56404C524E4621A6DA0555F016224738.e.7511/clear - {}
RESULT: {}
COMMAND: POST /session/700a0ab92761895b5ec9a5372f8d46fb/element/f.647512A71DDA687F9F591F39CAC5A62D.d.56404C524E4621A6DA0555F016224738.e.7511/value - {"text":"793"}
COMMAND: GET /session/700a0ab92761895b5ec9a5372f8d46fb/screenshot - {}
RESULT: {"text":"793"}
COMMAND: GET /session/700a0ab92761895b5ec9a5372f8d46fb/screenshot - {}
RESULT: {}
RESULT: {}
COMMAND: POST /session/700a0ab92761895b5ec9a5372f8d46fb/element - {"using":"css selector","value":"#application-managehandovers-display-component---AddNewHO--dueDate-inner"}
RESULT: {"using":"css selector","value":"#application-managehandovers-display-component---AddNewHO--dueDate-inner"}
COMMAND: POST /session/700a0ab92761895b5ec9a5372f8d46fb/element/f.647512A71DDA687F9F591F39CAC5A62D.d.56404C524E4621A6DA0555F016224738.e.7505/clear - {}
RESULT: {}
COMMAND: POST /session/700a0ab92761895b5ec9a5372f8d46fb/element/f.647512A71DDA687F9F591F39CAC5A62D.d.56404C524E4621A6DA0555F016224738.e.7505/value - {"text":"4/24/25"}
COMMAND: GET /session/700a0ab92761895b5ec9a5372f8d46fb/screenshot - {}
RESULT: {"text":"4/24/25"}
COMMAND: GET /session/700a0ab92761895b5ec9a5372f8d46fb/screenshot - {}
RESULT: {}
RESULT: {}
COMMAND: POST /session/700a0ab92761895b5ec9a5372f8d46fb/element - {"using":"xpath","value":"//bdi[(text() = 'Items' or . = 'Items')]"}
RESULT: {"using":"xpath","value":"//bdi[(text() = 'Items' or . = 'Items')]"}
COMMAND: POST /session/700a0ab92761895b5ec9a5372f8d46fb/element/f.647512A71DDA687F9F591F39CAC5A62D.d.56404C524E4621A6DA0555F016224738.e.7529/click - {}
RESULT: {}
COMMAND: GET /session/700a0ab92761895b5ec9a5372f8d46fb/screenshot - {}
RESULT: {}
COMMAND: POST /session/700a0ab92761895b5ec9a5372f8d46fb/element - {"using":"xpath","value":"//button[@aria-label=\"Add\"]"}
RESULT: {"using":"xpath","value":"//button[@aria-label=\"Add\"]"}
COMMAND: POST /session/700a0ab92761895b5ec9a5372f8d46fb/element/f.647512A71DDA687F9F591F39CAC5A62D.d.56404C524E4621A6DA0555F016224738.e.7534/click - {}
RESULT: {}
COMMAND: GET /session/700a0ab92761895b5ec9a5372f8d46fb/screenshot - {}
RESULT: {}
COMMAND: POST /session/700a0ab92761895b5ec9a5372f8d46fb/element - {"using":"css selector","value":"input[id= \"application-managehandovers-display-component---AddNewHO--smartFilterBar-btnBasicSearch-I\"]"}
RESULT: {"using":"css selector","value":"input[id= \"application-managehandovers-display-component---AddNewHO--smartFilterBar-btnBasicSearch-I\"]"}
COMMAND: POST /session/700a0ab92761895b5ec9a5372f8d46fb/element/f.647512A71DDA687F9F591F39CAC5A62D.d.56404C524E4621A6DA0555F016224738.e.7538/clear - {}
RESULT: {}
COMMAND: POST /session/700a0ab92761895b5ec9a5372f8d46fb/element/f.647512A71DDA687F9F591F39CAC5A62D.d.56404C524E4621A6DA0555F016224738.e.7538/value - {"text":"200518"}
COMMAND: GET /session/700a0ab92761895b5ec9a5372f8d46fb/screenshot - {}
RESULT: {"text":"200518"}
COMMAND: POST /session/700a0ab92761895b5ec9a5372f8d46fb/actions - {"actions":[{"id":"action25","type":"key","parameters":{},"actions":[{"type":"keyDown","value":"î€‡"},{"type":"pause","duration":10},{"type":"keyUp","value":"î€‡"}]}]}
COMMAND: GET /session/700a0ab92761895b5ec9a5372f8d46fb/screenshot - {}
RESULT: {}
RESULT: {"actions":[{"id":"action25","type":"key","parameters":{},"actions":[{"type":"keyDown","value":"î€‡"},{"type":"pause","duration":10},{"type":"keyUp","value":"î€‡"}]}]}
COMMAND: POST /session/700a0ab92761895b5ec9a5372f8d46fb/element - {"using":"css selector","value":"div[id= \"application-managehandovers-display-component---AddNewHO--smartFilterBar-btnBasicSearch-search\"]"}
COMMAND: GET /session/700a0ab92761895b5ec9a5372f8d46fb/screenshot - {}
RESULT: {}
RESULT: {"using":"css selector","value":"div[id= \"application-managehandovers-display-component---AddNewHO--smartFilterBar-btnBasicSearch-search\"]"}
COMMAND: POST /session/700a0ab92761895b5ec9a5372f8d46fb/element/f.647512A71DDA687F9F591F39CAC5A62D.d.56404C524E4621A6DA0555F016224738.e.7688/click - {}
RESULT: {}
RESULT: {}
COMMAND: GET /session/700a0ab92761895b5ec9a5372f8d46fb/screenshot - {}
RESULT: {}
COMMAND: POST /session/700a0ab92761895b5ec9a5372f8d46fb/element - {"using":"css selector","value":"div[id= \"application-managehandovers-display-component---AddNewHO--popup-sa-CbBg\"]"}
RESULT: {"using":"css selector","value":"div[id= \"application-managehandovers-display-component---AddNewHO--popup-sa-CbBg\"]"}
COMMAND: POST /session/700a0ab92761895b5ec9a5372f8d46fb/element/f.647512A71DDA687F9F591F39CAC5A62D.d.56404C524E4621A6DA0555F016224738.e.7689/click - {}
RESULT: {}
COMMAND: POST /session/700a0ab92761895b5ec9a5372f8d46fb/element - {"using":"xpath","value":"//bdi[(text() = 'Select' or . = 'Select')]"}
COMMAND: GET /session/700a0ab92761895b5ec9a5372f8d46fb/screenshot - {}
RESULT: {"using":"xpath","value":"//bdi[(text() = 'Select' or . = 'Select')]"}
COMMAND: POST /session/700a0ab92761895b5ec9a5372f8d46fb/element/f.647512A71DDA687F9F591F39CAC5A62D.d.56404C524E4621A6DA0555F016224738.e.7690/click - {}
RESULT: {}
RESULT: {}
COMMAND: GET /session/700a0ab92761895b5ec9a5372f8d46fb/screenshot - {}
RESULT: {}
COMMAND: POST /session/700a0ab92761895b5ec9a5372f8d46fb/element - {"using":"xpath","value":"//bdi[(text() = 'Save' or . = 'Save')]"}
RESULT: {"using":"xpath","value":"//bdi[(text() = 'Save' or . = 'Save')]"}
COMMAND: POST /session/700a0ab92761895b5ec9a5372f8d46fb/element/f.647512A71DDA687F9F591F39CAC5A62D.d.56404C524E4621A6DA0555F016224738.e.7694/click - {}
RESULT: {}
COMMAND: GET /session/700a0ab92761895b5ec9a5372f8d46fb/screenshot - {}
RESULT: {}
COMMAND: POST /session/700a0ab92761895b5ec9a5372f8d46fb/element - {"using":"xpath","value":"//input[contains(@id ,\"receiptDatePicker-inner\")]"}
RESULT: {"using":"xpath","value":"//input[contains(@id ,\"receiptDatePicker-inner\")]"}
COMMAND: POST /session/700a0ab92761895b5ec9a5372f8d46fb/element/f.647512A71DDA687F9F591F39CAC5A62D.d.56404C524E4621A6DA0555F016224738.e.7723/click - {}
RESULT: {}
COMMAND: POST /session/700a0ab92761895b5ec9a5372f8d46fb/element - {"using":"xpath","value":"//input[contains(@id ,\"receiptDatePicker-inner\")]"}
COMMAND: GET /session/700a0ab92761895b5ec9a5372f8d46fb/screenshot - {}
RESULT: {"using":"xpath","value":"//input[contains(@id ,\"receiptDatePicker-inner\")]"}
COMMAND: POST /session/700a0ab92761895b5ec9a5372f8d46fb/element/f.647512A71DDA687F9F591F39CAC5A62D.d.56404C524E4621A6DA0555F016224738.e.7723/clear - {}
RESULT: {}
RESULT: {}
COMMAND: POST /session/700a0ab92761895b5ec9a5372f8d46fb/element/f.647512A71DDA687F9F591F39CAC5A62D.d.56404C524E4621A6DA0555F016224738.e.7723/value - {"text":"4/24/25"}
COMMAND: GET /session/700a0ab92761895b5ec9a5372f8d46fb/screenshot - {}
RESULT: {"text":"4/24/25"}
COMMAND: GET /session/700a0ab92761895b5ec9a5372f8d46fb/screenshot - {}
RESULT: {}
RESULT: {}
COMMAND: POST /session/700a0ab92761895b5ec9a5372f8d46fb/execute/async - {"script":"<script> [1562 bytes]","args":[{"selector":{"id":"administrationTabFilter","viewName":"etm.portal.ui.managehandovers.view.DetailExecuteHO","interaction":{"idSuffix":"text"}},"wdio_ui5_key":"administrationTabFilteretmportal.ui.managehandovers.view.DetailExecuteHO"}]}
RESULT: {"script":"<script> [1562 bytes]","args":[{"selector":{"id":"administrationTabFilter","viewName":"etm.portal.ui.managehandovers.view.DetailExecuteHO","interaction":{"idSuffix":"text"}},"wdio_ui5_key":"administrationTabFilteretmportal.ui.managehandovers.view.DetailExecuteHO"}]}
RESULT: undefined
COMMAND: POST /session/700a0ab92761895b5ec9a5372f8d46fb/element - {"using":"xpath","value":"//*[@id=\"__xmlview61--administrationTabFilter\"]"}
RESULT: {"using":"xpath","value":"//*[@id=\"__xmlview61--administrationTabFilter\"]"}
COMMAND: POST /session/700a0ab92761895b5ec9a5372f8d46fb/element/f.647512A71DDA687F9F591F39CAC5A62D.d.56404C524E4621A6DA0555F016224738.e.7743/click - {}
RESULT: {}
RESULT: undefined
COMMAND: POST /session/700a0ab92761895b5ec9a5372f8d46fb/element - {"using":"xpath","value":"//*[@id=\"__xmlview61--administrationTabFilter\"]"}
COMMAND: GET /session/700a0ab92761895b5ec9a5372f8d46fb/screenshot - {}
RESULT: {"using":"xpath","value":"//*[@id=\"__xmlview61--administrationTabFilter\"]"}
COMMAND: POST /session/700a0ab92761895b5ec9a5372f8d46fb/element/f.647512A71DDA687F9F591F39CAC5A62D.d.56404C524E4621A6DA0555F016224738.e.7743/click - {}
RESULT: {}
RESULT: {}
COMMAND: GET /session/700a0ab92761895b5ec9a5372f8d46fb/screenshot - {}
RESULT: {}
COMMAND: POST /session/700a0ab92761895b5ec9a5372f8d46fb/element - {"using":"xpath","value":"//bdi[(text() = 'Confirm' or . = 'Confirm')]"}
RESULT: {"using":"xpath","value":"//bdi[(text() = 'Confirm' or . = 'Confirm')]"}
COMMAND: POST /session/700a0ab92761895b5ec9a5372f8d46fb/element/f.647512A71DDA687F9F591F39CAC5A62D.d.56404C524E4621A6DA0555F016224738.e.7751/click - {}
RESULT: {}
COMMAND: GET /session/700a0ab92761895b5ec9a5372f8d46fb/screenshot - {}
RESULT: {}
COMMAND: POST /session/700a0ab92761895b5ec9a5372f8d46fb/execute/async - {"script":"<script> [1562 bytes]","args":[{"selector":{"id":"confirmationButton","viewName":"etm.portal.ui.managehandovers.view.DetailExecuteHO","interaction":{"idSuffix":"BDI-content"}},"wdio_ui5_key":"confirmationButtonetmportal.ui.managehandovers.view.DetailExecuteHO"}]}
RESULT: {"script":"<script> [1562 bytes]","args":[{"selector":{"id":"confirmationButton","viewName":"etm.portal.ui.managehandovers.view.DetailExecuteHO","interaction":{"idSuffix":"BDI-content"}},"wdio_ui5_key":"confirmationButtonetmportal.ui.managehandovers.view.DetailExecuteHO"}]}
RESULT: undefined
COMMAND: POST /session/700a0ab92761895b5ec9a5372f8d46fb/element - {"using":"xpath","value":"(//*[text()='Receive'])[2]"}
RESULT: {"using":"xpath","value":"(//*[text()='Receive'])[2]"}
COMMAND: GET /session/700a0ab92761895b5ec9a5372f8d46fb/element/f.647512A71DDA687F9F591F39CAC5A62D.d.56404C524E4621A6DA0555F016224738.e.7755/enabled - {}
RESULT: {}
COMMAND: POST /session/700a0ab92761895b5ec9a5372f8d46fb/execute/sync - {"script":"<script> [8489 bytes]","args":[{"element-6066-11e4-a52e-4f735466cecf":"f.647512A71DDA687F9F591F39CAC5A62D.d.56404C524E4621A6DA0555F016224738.e.7755","ELEMENT":"f.647512A71DDA687F9F591F39CAC5A62D.d.56404C524E4621A6DA0555F016224738.e.7755"}]}
COMMAND: GET /session/700a0ab92761895b5ec9a5372f8d46fb/screenshot - {}
RESULT: {"script":"<script> [8489 bytes]","args":[{"element-6066-11e4-a52e-4f735466cecf":"f.647512A71DDA687F9F591F39CAC5A62D.d.56404C524E4621A6DA0555F016224738.e.7755","ELEMENT":"f.647512A71DDA687F9F591F39CAC5A62D.d.56404C524E4621A6DA0555F016224738.e.7755"}]}
COMMAND: POST /session/700a0ab92761895b5ec9a5372f8d46fb/execute/sync - {"script":"<script> [5351 bytes]","args":[{"element-6066-11e4-a52e-4f735466cecf":"f.647512A71DDA687F9F591F39CAC5A62D.d.56404C524E4621A6DA0555F016224738.e.7755","ELEMENT":"f.647512A71DDA687F9F591F39CAC5A62D.d.56404C524E4621A6DA0555F016224738.e.7755"}]}
COMMAND: GET /session/700a0ab92761895b5ec9a5372f8d46fb/screenshot - {}
RESULT: {}
RESULT: {"script":"<script> [5351 bytes]","args":[{"element-6066-11e4-a52e-4f735466cecf":"f.647512A71DDA687F9F591F39CAC5A62D.d.56404C524E4621A6DA0555F016224738.e.7755","ELEMENT":"f.647512A71DDA687F9F591F39CAC5A62D.d.56404C524E4621A6DA0555F016224738.e.7755"}]}
COMMAND: POST /session/700a0ab92761895b5ec9a5372f8d46fb/element/f.647512A71DDA687F9F591F39CAC5A62D.d.56404C524E4621A6DA0555F016224738.e.7755/click - {}
COMMAND: GET /session/700a0ab92761895b5ec9a5372f8d46fb/screenshot - {}
RESULT: {}
RESULT: {}
COMMAND: GET /session/700a0ab92761895b5ec9a5372f8d46fb/screenshot - {}
RESULT: {}
RESULT: {}
COMMAND: POST /session/700a0ab92761895b5ec9a5372f8d46fb/element - {"using":"css selector","value":"#shell-header-logo"}
RESULT: {"using":"css selector","value":"#shell-header-logo"}
COMMAND: POST /session/700a0ab92761895b5ec9a5372f8d46fb/element/f.647512A71DDA687F9F591F39CAC5A62D.d.56404C524E4621A6DA0555F016224738.e.7157/click - {}
RESULT: {}
COMMAND: GET /session/700a0ab92761895b5ec9a5372f8d46fb/screenshot - {}
RESULT: {}
]]></system-out>
    </testcase>
    <testcase classname="chrome.135_0_7049_96.windows.Provide_to_Site_w/_warehouse_management_w_clarification" name="Should create a new contract" time="71.106">
      <system-out><![CDATA[
COMMAND: POST /session/700a0ab92761895b5ec9a5372f8d46fb/execute/async - {"script":"<script> [1562 bytes]","args":[{"selector":{"controlType":"sap.m.GenericTile","properties":{"header":"Manage Contracts"}},"wdio_ui5_key":"sapm.GenericTile{\"header\":\"Manage Contracts\"}"}]}
RESULT: {"script":"<script> [1562 bytes]","args":[{"selector":{"controlType":"sap.m.GenericTile","properties":{"header":"Manage Contracts"}},"wdio_ui5_key":"sapm.GenericTile{\"header\":\"Manage Contracts\"}"}]}
RESULT: undefined
COMMAND: POST /session/700a0ab92761895b5ec9a5372f8d46fb/element - {"using":"xpath","value":"//*[@id=\"__tile133\"]"}
RESULT: {"using":"xpath","value":"//*[@id=\"__tile133\"]"}
COMMAND: POST /session/700a0ab92761895b5ec9a5372f8d46fb/element/f.647512A71DDA687F9F591F39CAC5A62D.d.56404C524E4621A6DA0555F016224738.e.3987/click - {}
RESULT: {}
COMMAND: GET /session/700a0ab92761895b5ec9a5372f8d46fb/screenshot - {}
RESULT: {}
RESULT: undefined
RESULT: undefined
COMMAND: POST /session/700a0ab92761895b5ec9a5372f8d46fb/execute/async - {"script":"<script> [1562 bytes]","args":[{"selector":{"controlType":"sap.ui.core.Icon","viewName":"etm.portal.ui.managecontracts.view.Master","properties":{"src":{"regex":{"source":"add"}}}},"wdio_ui5_key":"etmportal.ui.managecontracts.view.Mastersap.ui.core.Icon{\"src\":{\"regex\":{\"source\":\"add\"}}}"}]}
RESULT: {"script":"<script> [1562 bytes]","args":[{"selector":{"controlType":"sap.ui.core.Icon","viewName":"etm.portal.ui.managecontracts.view.Master","properties":{"src":{"regex":{"source":"add"}}}},"wdio_ui5_key":"etmportal.ui.managecontracts.view.Mastersap.ui.core.Icon{\"src\":{\"regex\":{\"source\":\"add\"}}}"}]}
RESULT: undefined
COMMAND: POST /session/700a0ab92761895b5ec9a5372f8d46fb/element - {"using":"xpath","value":"//*[@id=\"__button303-img\"]"}
RESULT: {"using":"xpath","value":"//*[@id=\"__button303-img\"]"}
COMMAND: POST /session/700a0ab92761895b5ec9a5372f8d46fb/element/f.647512A71DDA687F9F591F39CAC5A62D.d.56404C524E4621A6DA0555F016224738.e.7923/click - {}
RESULT: {}
COMMAND: POST /session/700a0ab92761895b5ec9a5372f8d46fb/execute/async - {"script":"<script> [1562 bytes]","args":[{"selector":{"id":"application-managecontracts-display-component---AddNewContract--projectDescription","interaction":{"idSuffix":"inner"}},"wdio_ui5_key":"applicationmanagecontracts-display-component---AddNewContract--projectDescription"}]}
COMMAND: GET /session/700a0ab92761895b5ec9a5372f8d46fb/screenshot - {}
RESULT: {}
RESULT: {"script":"<script> [1562 bytes]","args":[{"selector":{"id":"application-managecontracts-display-component---AddNewContract--projectDescription","interaction":{"idSuffix":"inner"}},"wdio_ui5_key":"applicationmanagecontracts-display-component---AddNewContract--projectDescription"}]}
RESULT: undefined
COMMAND: POST /session/700a0ab92761895b5ec9a5372f8d46fb/execute/async - {"script":"<script> [776 bytes]","args":[{"enterText":"wdi5 contract for billing","selector":{"id":"application-managecontracts-display-component---AddNewContract--projectDescription","interaction":{"idSuffix":"inner"}},"clearTextFirst":true,"interactionType":"ENTER_TEXT"}]}
RESULT: {"script":"<script> [776 bytes]","args":[{"enterText":"wdi5 contract for billing","selector":{"id":"application-managecontracts-display-component---AddNewContract--projectDescription","interaction":{"idSuffix":"inner"}},"clearTextFirst":true,"interactionType":"ENTER_TEXT"}]}
COMMAND: POST /session/700a0ab92761895b5ec9a5372f8d46fb/element - {"using":"xpath","value":"//input[@id=\"application-managecontracts-display-component---AddNewContract--customerSelect-inner\"]"}
RESULT: {"using":"xpath","value":"//input[@id=\"application-managecontracts-display-component---AddNewContract--customerSelect-inner\"]"}
COMMAND: POST /session/700a0ab92761895b5ec9a5372f8d46fb/element/f.647512A71DDA687F9F591F39CAC5A62D.d.56404C524E4621A6DA0555F016224738.e.8222/clear - {}
RESULT: {}
COMMAND: POST /session/700a0ab92761895b5ec9a5372f8d46fb/element/f.647512A71DDA687F9F591F39CAC5A62D.d.56404C524E4621A6DA0555F016224738.e.8222/value - {"text":"1633"}
COMMAND: GET /session/700a0ab92761895b5ec9a5372f8d46fb/screenshot - {}
RESULT: {"text":"1633"}
COMMAND: GET /session/700a0ab92761895b5ec9a5372f8d46fb/screenshot - {}
RESULT: {}
RESULT: {}
COMMAND: POST /session/700a0ab92761895b5ec9a5372f8d46fb/actions - {"actions":[{"id":"action26","type":"key","parameters":{},"actions":[{"type":"keyDown","value":"î€‡"},{"type":"pause","duration":10},{"type":"keyUp","value":"î€‡"}]}]}
RESULT: {"actions":[{"id":"action26","type":"key","parameters":{},"actions":[{"type":"keyDown","value":"î€‡"},{"type":"pause","duration":10},{"type":"keyUp","value":"î€‡"}]}]}
COMMAND: POST /session/700a0ab92761895b5ec9a5372f8d46fb/element - {"using":"xpath","value":"//input[@id=\"application-managecontracts-display-component---AddNewContract--site-inner\"]"}
COMMAND: GET /session/700a0ab92761895b5ec9a5372f8d46fb/screenshot - {}
RESULT: {"using":"xpath","value":"//input[@id=\"application-managecontracts-display-component---AddNewContract--site-inner\"]"}
COMMAND: POST /session/700a0ab92761895b5ec9a5372f8d46fb/element/f.647512A71DDA687F9F591F39CAC5A62D.d.56404C524E4621A6DA0555F016224738.e.8223/clear - {}
RESULT: {}
RESULT: {}
COMMAND: POST /session/700a0ab92761895b5ec9a5372f8d46fb/element/f.647512A71DDA687F9F591F39CAC5A62D.d.56404C524E4621A6DA0555F016224738.e.8223/value - {"text":"2591"}
COMMAND: GET /session/700a0ab92761895b5ec9a5372f8d46fb/screenshot - {}
RESULT: {"text":"2591"}
COMMAND: GET /session/700a0ab92761895b5ec9a5372f8d46fb/screenshot - {}
RESULT: {}
RESULT: {}
COMMAND: POST /session/700a0ab92761895b5ec9a5372f8d46fb/actions - {"actions":[{"id":"action27","type":"key","parameters":{},"actions":[{"type":"keyDown","value":"î€‡"},{"type":"pause","duration":10},{"type":"keyUp","value":"î€‡"}]}]}
RESULT: {"actions":[{"id":"action27","type":"key","parameters":{},"actions":[{"type":"keyDown","value":"î€‡"},{"type":"pause","duration":10},{"type":"keyUp","value":"î€‡"}]}]}
COMMAND: POST /session/700a0ab92761895b5ec9a5372f8d46fb/execute/async - {"script":"<script> [1562 bytes]","args":[{"selector":{"id":"application-managecontracts-display-component---AddNewContract--calendarInput","interaction":{"idSuffix":"inner"}},"wdio_ui5_key":"applicationmanagecontracts-display-component---AddNewContract--calendarInput"}]}
COMMAND: GET /session/700a0ab92761895b5ec9a5372f8d46fb/screenshot - {}
RESULT: {"script":"<script> [1562 bytes]","args":[{"selector":{"id":"application-managecontracts-display-component---AddNewContract--calendarInput","interaction":{"idSuffix":"inner"}},"wdio_ui5_key":"applicationmanagecontracts-display-component---AddNewContract--calendarInput"}]}
RESULT: undefined
COMMAND: POST /session/700a0ab92761895b5ec9a5372f8d46fb/execute/async - {"script":"<script> [776 bytes]","args":[{"enterText":"1 - Calendar unit test patch","selector":{"id":"application-managecontracts-display-component---AddNewContract--calendarInput","interaction":{"idSuffix":"inner"}},"clearTextFirst":true,"interactionType":"ENTER_TEXT"}]}
RESULT: {}
RESULT: {"script":"<script> [776 bytes]","args":[{"enterText":"1 - Calendar unit test patch","selector":{"id":"application-managecontracts-display-component---AddNewContract--calendarInput","interaction":{"idSuffix":"inner"}},"clearTextFirst":true,"interactionType":"ENTER_TEXT"}]}
COMMAND: POST /session/700a0ab92761895b5ec9a5372f8d46fb/actions - {"actions":[{"id":"action28","type":"key","parameters":{},"actions":[{"type":"keyDown","value":"î€‡"},{"type":"pause","duration":10},{"type":"keyUp","value":"î€‡"}]}]}
RESULT: {"actions":[{"id":"action28","type":"key","parameters":{},"actions":[{"type":"keyDown","value":"î€‡"},{"type":"pause","duration":10},{"type":"keyUp","value":"î€‡"}]}]}
COMMAND: POST /session/700a0ab92761895b5ec9a5372f8d46fb/execute/async - {"script":"<script> [1562 bytes]","args":[{"selector":{"id":"application-managecontracts-display-component---AddNewContract--languageCB","interaction":{"idSuffix":"inner"}},"wdio_ui5_key":"applicationmanagecontracts-display-component---AddNewContract--languageCB"}]}
COMMAND: GET /session/700a0ab92761895b5ec9a5372f8d46fb/screenshot - {}
RESULT: {"script":"<script> [1562 bytes]","args":[{"selector":{"id":"application-managecontracts-display-component---AddNewContract--languageCB","interaction":{"idSuffix":"inner"}},"wdio_ui5_key":"applicationmanagecontracts-display-component---AddNewContract--languageCB"}]}
RESULT: undefined
COMMAND: POST /session/700a0ab92761895b5ec9a5372f8d46fb/execute/async - {"script":"<script> [776 bytes]","args":[{"enterText":"EN - English","selector":{"id":"application-managecontracts-display-component---AddNewContract--languageCB","interaction":{"idSuffix":"inner"}},"clearTextFirst":true,"interactionType":"ENTER_TEXT"}]}
RESULT: {}
RESULT: {"script":"<script> [776 bytes]","args":[{"enterText":"EN - English","selector":{"id":"application-managecontracts-display-component---AddNewContract--languageCB","interaction":{"idSuffix":"inner"}},"clearTextFirst":true,"interactionType":"ENTER_TEXT"}]}
COMMAND: POST /session/700a0ab92761895b5ec9a5372f8d46fb/actions - {"actions":[{"id":"action29","type":"key","parameters":{},"actions":[{"type":"keyDown","value":"î€‡"},{"type":"pause","duration":10},{"type":"keyUp","value":"î€‡"}]}]}
RESULT: {"actions":[{"id":"action29","type":"key","parameters":{},"actions":[{"type":"keyDown","value":"î€‡"},{"type":"pause","duration":10},{"type":"keyUp","value":"î€‡"}]}]}
COMMAND: POST /session/700a0ab92761895b5ec9a5372f8d46fb/execute/async - {"script":"<script> [1562 bytes]","args":[{"selector":{"id":"application-managecontracts-display-component---AddNewContract--saveBtn","interaction":{"idSuffix":"BDI-content"}},"wdio_ui5_key":"applicationmanagecontracts-display-component---AddNewContract--saveBtn"}]}
COMMAND: GET /session/700a0ab92761895b5ec9a5372f8d46fb/screenshot - {}
RESULT: {"script":"<script> [1562 bytes]","args":[{"selector":{"id":"application-managecontracts-display-component---AddNewContract--saveBtn","interaction":{"idSuffix":"BDI-content"}},"wdio_ui5_key":"applicationmanagecontracts-display-component---AddNewContract--saveBtn"}]}
RESULT: undefined
COMMAND: POST /session/700a0ab92761895b5ec9a5372f8d46fb/element - {"using":"xpath","value":"//*[@id=\"application-managecontracts-display-component---AddNewContract--saveBtn\"]"}
RESULT: {}
RESULT: {"using":"xpath","value":"//*[@id=\"application-managecontracts-display-component---AddNewContract--saveBtn\"]"}
COMMAND: POST /session/700a0ab92761895b5ec9a5372f8d46fb/element/f.647512A71DDA687F9F591F39CAC5A62D.d.56404C524E4621A6DA0555F016224738.e.8243/click - {}
RESULT: {}
COMMAND: GET /session/700a0ab92761895b5ec9a5372f8d46fb/screenshot - {}
RESULT: {}
COMMAND: POST /session/700a0ab92761895b5ec9a5372f8d46fb/execute/async - {"script":"<script> [1562 bytes]","args":[{"selector":{"id":"contractDetailTitleNoExpanded","viewName":"etm.portal.ui.managecontracts.view.Detail"},"wdio_ui5_key":"contractDetailTitleNoExpandedetmportal.ui.managecontracts.view.Detail"}]}
RESULT: {"script":"<script> [1562 bytes]","args":[{"selector":{"id":"contractDetailTitleNoExpanded","viewName":"etm.portal.ui.managecontracts.view.Detail"},"wdio_ui5_key":"contractDetailTitleNoExpandedetmportal.ui.managecontracts.view.Detail"}]}
RESULT: undefined
COMMAND: POST /session/700a0ab92761895b5ec9a5372f8d46fb/execute/async - {"script":"<script> [6424 bytes]","args":[{"element-6066-11e4-a52e-4f735466cecf":"f.647512A71DDA687F9F591F39CAC5A62D.d.56404C524E4621A6DA0555F016224738.e.8329"},"getText",[]]}
RESULT: {"script":"<script> [6424 bytes]","args":[{"element-6066-11e4-a52e-4f735466cecf":"f.647512A71DDA687F9F591F39CAC5A62D.d.56404C524E4621A6DA0555F016224738.e.8329"},"getText",[]]}
]]></system-out>
    </testcase>
    <testcase classname="chrome.135_0_7049_96.windows.Provide_to_Site_w/_warehouse_management_w_clarification" name="Should add resource to the contract" time="47.298">
      <system-out><![CDATA[
COMMAND: POST /session/700a0ab92761895b5ec9a5372f8d46fb/execute/async - {"script":"<script> [1562 bytes]","args":[{"selector":{"id":"contractDetailEditBtn","viewName":"etm.portal.ui.managecontracts.view.Detail","interaction":{"idSuffix":"BDI-content"}},"wdio_ui5_key":"contractDetailEditBtnetmportal.ui.managecontracts.view.Detail"}]}
RESULT: {"script":"<script> [1562 bytes]","args":[{"selector":{"id":"contractDetailEditBtn","viewName":"etm.portal.ui.managecontracts.view.Detail","interaction":{"idSuffix":"BDI-content"}},"wdio_ui5_key":"contractDetailEditBtnetmportal.ui.managecontracts.view.Detail"}]}
RESULT: undefined
COMMAND: POST /session/700a0ab92761895b5ec9a5372f8d46fb/element - {"using":"xpath","value":"//*[@id=\"__xmlview63--contractDetailEditBtn\"]"}
RESULT: {"using":"xpath","value":"//*[@id=\"__xmlview63--contractDetailEditBtn\"]"}
COMMAND: POST /session/700a0ab92761895b5ec9a5372f8d46fb/element/f.647512A71DDA687F9F591F39CAC5A62D.d.56404C524E4621A6DA0555F016224738.e.8331/click - {}
RESULT: {}
COMMAND: GET /session/700a0ab92761895b5ec9a5372f8d46fb/screenshot - {}
RESULT: {}
COMMAND: POST /session/700a0ab92761895b5ec9a5372f8d46fb/execute/async - {"script":"<script> [1562 bytes]","args":[{"selector":{"id":"additionalAddressesTabFilter","viewName":"etm.portal.ui.managecontracts.view.EditContract","interaction":{"idSuffix":"text"}},"wdio_ui5_key":"additionalAddressesTabFilteretmportal.ui.managecontracts.view.EditContract"}]}
RESULT: {"script":"<script> [1562 bytes]","args":[{"selector":{"id":"additionalAddressesTabFilter","viewName":"etm.portal.ui.managecontracts.view.EditContract","interaction":{"idSuffix":"text"}},"wdio_ui5_key":"additionalAddressesTabFilteretmportal.ui.managecontracts.view.EditContract"}]}
RESULT: undefined
COMMAND: POST /session/700a0ab92761895b5ec9a5372f8d46fb/element - {"using":"xpath","value":"//*[@id=\"__xmlview64--additionalAddressesTabFilter\"]"}
RESULT: {"using":"xpath","value":"//*[@id=\"__xmlview64--additionalAddressesTabFilter\"]"}
COMMAND: POST /session/700a0ab92761895b5ec9a5372f8d46fb/element/f.647512A71DDA687F9F591F39CAC5A62D.d.56404C524E4621A6DA0555F016224738.e.8391/click - {}
RESULT: {}
RESULT: undefined
COMMAND: POST /session/700a0ab92761895b5ec9a5372f8d46fb/element - {"using":"xpath","value":"//*[@id=\"__xmlview64--additionalAddressesTabFilter\"]"}
COMMAND: GET /session/700a0ab92761895b5ec9a5372f8d46fb/screenshot - {}
RESULT: {"using":"xpath","value":"//*[@id=\"__xmlview64--additionalAddressesTabFilter\"]"}
COMMAND: POST /session/700a0ab92761895b5ec9a5372f8d46fb/element/f.647512A71DDA687F9F591F39CAC5A62D.d.56404C524E4621A6DA0555F016224738.e.8391/click - {}
RESULT: {}
RESULT: {}
COMMAND: POST /session/700a0ab92761895b5ec9a5372f8d46fb/execute/async - {"script":"<script> [1562 bytes]","args":[{"selector":{"controlType":"sap.ui.core.Icon","viewName":"etm.portal.ui.managecontracts.view.EditContract","properties":{"src":{"regex":{"source":"add"}}}},"wdio_ui5_key":"etmportal.ui.managecontracts.view.EditContractsap.ui.core.Icon{\"src\":{\"regex\":{\"source\":\"add\"}}}"}]}
COMMAND: GET /session/700a0ab92761895b5ec9a5372f8d46fb/screenshot - {}
RESULT: {"script":"<script> [1562 bytes]","args":[{"selector":{"controlType":"sap.ui.core.Icon","viewName":"etm.portal.ui.managecontracts.view.EditContract","properties":{"src":{"regex":{"source":"add"}}}},"wdio_ui5_key":"etmportal.ui.managecontracts.view.EditContractsap.ui.core.Icon{\"src\":{\"regex\":{\"source\":\"add\"}}}"}]}
RESULT: undefined
COMMAND: POST /session/700a0ab92761895b5ec9a5372f8d46fb/element - {"using":"xpath","value":"//*[@id=\"__xmlview64--btnAddTableRow-img\"]"}
RESULT: {}
RESULT: {"using":"xpath","value":"//*[@id=\"__xmlview64--btnAddTableRow-img\"]"}
COMMAND: POST /session/700a0ab92761895b5ec9a5372f8d46fb/element/f.647512A71DDA687F9F591F39CAC5A62D.d.56404C524E4621A6DA0555F016224738.e.8394/click - {}
RESULT: {}
COMMAND: POST /session/700a0ab92761895b5ec9a5372f8d46fb/element - {"using":"xpath","value":"//div[(text() = 'Standard Entry' or . = 'Standard Entry')]"}
COMMAND: GET /session/700a0ab92761895b5ec9a5372f8d46fb/screenshot - {}
RESULT: {"using":"xpath","value":"//div[(text() = 'Standard Entry' or . = 'Standard Entry')]"}
COMMAND: POST /session/700a0ab92761895b5ec9a5372f8d46fb/element/f.647512A71DDA687F9F591F39CAC5A62D.d.56404C524E4621A6DA0555F016224738.e.8396/click - {}
RESULT: {}
RESULT: {}
COMMAND: POST /session/700a0ab92761895b5ec9a5372f8d46fb/execute/async - {"script":"<script> [1562 bytes]","args":[{"selector":{"controlType":"sap.ui.core.Icon","viewName":"etm.portal.ui.managecontracts.view.EditContract","properties":{"src":{"regex":{"source":"inspect"}}}},"wdio_ui5_key":"etmportal.ui.managecontracts.view.EditContractsap.ui.core.Icon{\"src\":{\"regex\":{\"source\":\"inspect\"}}}"}]}
COMMAND: GET /session/700a0ab92761895b5ec9a5372f8d46fb/screenshot - {}
RESULT: {"script":"<script> [1562 bytes]","args":[{"selector":{"controlType":"sap.ui.core.Icon","viewName":"etm.portal.ui.managecontracts.view.EditContract","properties":{"src":{"regex":{"source":"inspect"}}}},"wdio_ui5_key":"etmportal.ui.managecontracts.view.EditContractsap.ui.core.Icon{\"src\":{\"regex\":{\"source\":\"inspect\"}}}"}]}
RESULT: undefined
COMMAND: POST /session/700a0ab92761895b5ec9a5372f8d46fb/element - {"using":"xpath","value":"//*[@id=\"__button329-img\"]"}
RESULT: {}
RESULT: {"using":"xpath","value":"//*[@id=\"__button329-img\"]"}
COMMAND: POST /session/700a0ab92761895b5ec9a5372f8d46fb/element/f.647512A71DDA687F9F591F39CAC5A62D.d.56404C524E4621A6DA0555F016224738.e.8408/click - {}
RESULT: {}
COMMAND: GET /session/700a0ab92761895b5ec9a5372f8d46fb/screenshot - {}
RESULT: {}
COMMAND: POST /session/700a0ab92761895b5ec9a5372f8d46fb/element - {"using":"xpath","value":"//td[6]/div/div/input[1]"}
RESULT: {"using":"xpath","value":"//td[6]/div/div/input[1]"}
COMMAND: POST /session/700a0ab92761895b5ec9a5372f8d46fb/element/f.647512A71DDA687F9F591F39CAC5A62D.d.56404C524E4621A6DA0555F016224738.e.8398/clear - {}
RESULT: {}
COMMAND: GET /session/700a0ab92761895b5ec9a5372f8d46fb/screenshot - {}
RESULT: {}
COMMAND: POST /session/700a0ab92761895b5ec9a5372f8d46fb/element - {"using":"xpath","value":"//td[6]/div/div/input[1]"}
RESULT: {"using":"xpath","value":"//td[6]/div/div/input[1]"}
COMMAND: POST /session/700a0ab92761895b5ec9a5372f8d46fb/element/f.647512A71DDA687F9F591F39CAC5A62D.d.56404C524E4621A6DA0555F016224738.e.8424/click - {}
RESULT: {}
COMMAND: POST /session/700a0ab92761895b5ec9a5372f8d46fb/actions - {"actions":[{"id":"action30","type":"key","parameters":{},"actions":[{"type":"keyDown","value":"î€ƒ"},{"type":"pause","duration":10},{"type":"keyUp","value":"î€ƒ"}]}]}
COMMAND: GET /session/700a0ab92761895b5ec9a5372f8d46fb/screenshot - {}
RESULT: {"actions":[{"id":"action30","type":"key","parameters":{},"actions":[{"type":"keyDown","value":"î€ƒ"},{"type":"pause","duration":10},{"type":"keyUp","value":"î€ƒ"}]}]}
COMMAND: POST /session/700a0ab92761895b5ec9a5372f8d46fb/element - {"using":"xpath","value":"//td[6]/div/div/input[1]"}
COMMAND: GET /session/700a0ab92761895b5ec9a5372f8d46fb/screenshot - {}
RESULT: {}
RESULT: {"using":"xpath","value":"//td[6]/div/div/input[1]"}
COMMAND: POST /session/700a0ab92761895b5ec9a5372f8d46fb/element/f.647512A71DDA687F9F591F39CAC5A62D.d.56404C524E4621A6DA0555F016224738.e.8424/clear - {}
RESULT: {}
RESULT: {}
COMMAND: POST /session/700a0ab92761895b5ec9a5372f8d46fb/element/f.647512A71DDA687F9F591F39CAC5A62D.d.56404C524E4621A6DA0555F016224738.e.8424/value - {"text":"Material"}
COMMAND: GET /session/700a0ab92761895b5ec9a5372f8d46fb/screenshot - {}
RESULT: {"text":"Material"}
COMMAND: GET /session/700a0ab92761895b5ec9a5372f8d46fb/screenshot - {}
RESULT: {}
RESULT: {}
COMMAND: POST /session/700a0ab92761895b5ec9a5372f8d46fb/actions - {"actions":[{"id":"action31","type":"key","parameters":{},"actions":[{"type":"keyDown","value":"î€‡"},{"type":"pause","duration":10},{"type":"keyUp","value":"î€‡"}]}]}
RESULT: {"actions":[{"id":"action31","type":"key","parameters":{},"actions":[{"type":"keyDown","value":"î€‡"},{"type":"pause","duration":10},{"type":"keyUp","value":"î€‡"}]}]}
COMMAND: POST /session/700a0ab92761895b5ec9a5372f8d46fb/element - {"using":"xpath","value":"//td[7]/div/div/input[1]"}
COMMAND: GET /session/700a0ab92761895b5ec9a5372f8d46fb/screenshot - {}
RESULT: {}
RESULT: {"using":"xpath","value":"//td[7]/div/div/input[1]"}
COMMAND: POST /session/700a0ab92761895b5ec9a5372f8d46fb/element/f.647512A71DDA687F9F591F39CAC5A62D.d.56404C524E4621A6DA0555F016224738.e.8446/clear - {}
RESULT: {}
COMMAND: POST /session/700a0ab92761895b5ec9a5372f8d46fb/element/f.647512A71DDA687F9F591F39CAC5A62D.d.56404C524E4621A6DA0555F016224738.e.8446/value - {"text":"200518"}
COMMAND: GET /session/700a0ab92761895b5ec9a5372f8d46fb/screenshot - {}
RESULT: {"text":"200518"}
COMMAND: GET /session/700a0ab92761895b5ec9a5372f8d46fb/screenshot - {}
RESULT: {}
RESULT: {}
COMMAND: POST /session/700a0ab92761895b5ec9a5372f8d46fb/actions - {"actions":[{"id":"action32","type":"key","parameters":{},"actions":[{"type":"keyDown","value":"î€‡"},{"type":"pause","duration":10},{"type":"keyUp","value":"î€‡"}]}]}
RESULT: {"actions":[{"id":"action32","type":"key","parameters":{},"actions":[{"type":"keyDown","value":"î€‡"},{"type":"pause","duration":10},{"type":"keyUp","value":"î€‡"}]}]}
COMMAND: POST /session/700a0ab92761895b5ec9a5372f8d46fb/execute/async - {"script":"<script> [1562 bytes]","args":[{"selector":{"controlType":"sap.m.Button","properties":{"text":"OK"},"searchOpenDialogs":true,"interaction":{"idSuffix":"BDI-content"}},"wdio_ui5_key":"sapm.Button{\"text\":\"OK\"}"}]}
COMMAND: GET /session/700a0ab92761895b5ec9a5372f8d46fb/screenshot - {}
RESULT: {"script":"<script> [1562 bytes]","args":[{"selector":{"controlType":"sap.m.Button","properties":{"text":"OK"},"searchOpenDialogs":true,"interaction":{"idSuffix":"BDI-content"}},"wdio_ui5_key":"sapm.Button{\"text\":\"OK\"}"}]}
RESULT: undefined
COMMAND: POST /session/700a0ab92761895b5ec9a5372f8d46fb/element - {"using":"xpath","value":"//*[@id=\"__mbox-btn-1\"]"}
RESULT: {}
RESULT: {"using":"xpath","value":"//*[@id=\"__mbox-btn-1\"]"}
COMMAND: POST /session/700a0ab92761895b5ec9a5372f8d46fb/element/f.647512A71DDA687F9F591F39CAC5A62D.d.56404C524E4621A6DA0555F016224738.e.8468/click - {}
RESULT: {}
COMMAND: POST /session/700a0ab92761895b5ec9a5372f8d46fb/execute/async - {"script":"<script> [1562 bytes]","args":[{"selector":{"id":"saveBtn","viewName":"etm.portal.ui.managecontracts.view.EditContract","interaction":{"idSuffix":"BDI-content"}},"wdio_ui5_key":"saveBtnetmportal.ui.managecontracts.view.EditContract"}]}
COMMAND: GET /session/700a0ab92761895b5ec9a5372f8d46fb/screenshot - {}
RESULT: {"script":"<script> [1562 bytes]","args":[{"selector":{"id":"saveBtn","viewName":"etm.portal.ui.managecontracts.view.EditContract","interaction":{"idSuffix":"BDI-content"}},"wdio_ui5_key":"saveBtnetmportal.ui.managecontracts.view.EditContract"}]}
RESULT: undefined
COMMAND: POST /session/700a0ab92761895b5ec9a5372f8d46fb/element - {"using":"xpath","value":"//*[@id=\"__xmlview64--saveBtn\"]"}
RESULT: {}
RESULT: {"using":"xpath","value":"//*[@id=\"__xmlview64--saveBtn\"]"}
COMMAND: POST /session/700a0ab92761895b5ec9a5372f8d46fb/element/f.647512A71DDA687F9F591F39CAC5A62D.d.56404C524E4621A6DA0555F016224738.e.8494/click - {}
RESULT: {}
COMMAND: GET /session/700a0ab92761895b5ec9a5372f8d46fb/screenshot - {}
RESULT: {}
COMMAND: POST /session/700a0ab92761895b5ec9a5372f8d46fb/execute/async - {"script":"<script> [1562 bytes]","args":[{"selector":{"id":"additionalAddressesTabFilter","viewName":"etm.portal.ui.managecontracts.view.Detail","interaction":{"idSuffix":"text"}},"wdio_ui5_key":"additionalAddressesTabFilteretmportal.ui.managecontracts.view.Detail"}]}
RESULT: {"script":"<script> [1562 bytes]","args":[{"selector":{"id":"additionalAddressesTabFilter","viewName":"etm.portal.ui.managecontracts.view.Detail","interaction":{"idSuffix":"text"}},"wdio_ui5_key":"additionalAddressesTabFilteretmportal.ui.managecontracts.view.Detail"}]}
RESULT: undefined
COMMAND: POST /session/700a0ab92761895b5ec9a5372f8d46fb/element - {"using":"xpath","value":"//*[@id=\"__xmlview63--additionalAddressesTabFilter\"]"}
RESULT: {"using":"xpath","value":"//*[@id=\"__xmlview63--additionalAddressesTabFilter\"]"}
COMMAND: POST /session/700a0ab92761895b5ec9a5372f8d46fb/element/f.647512A71DDA687F9F591F39CAC5A62D.d.56404C524E4621A6DA0555F016224738.e.8498/click - {}
RESULT: {}
COMMAND: POST /session/700a0ab92761895b5ec9a5372f8d46fb/execute/async - {"script":"<script> [1562 bytes]","args":[{"selector":{"id":"contractDetailProvideButton","viewName":"etm.portal.ui.managecontracts.view.Detail","interaction":{"idSuffix":"BDI-content"}},"wdio_ui5_key":"contractDetailProvideButtonetmportal.ui.managecontracts.view.Detail"}]}
COMMAND: GET /session/700a0ab92761895b5ec9a5372f8d46fb/screenshot - {}
RESULT: {"script":"<script> [1562 bytes]","args":[{"selector":{"id":"contractDetailProvideButton","viewName":"etm.portal.ui.managecontracts.view.Detail","interaction":{"idSuffix":"BDI-content"}},"wdio_ui5_key":"contractDetailProvideButtonetmportal.ui.managecontracts.view.Detail"}]}
RESULT: undefined
COMMAND: POST /session/700a0ab92761895b5ec9a5372f8d46fb/element - {"using":"xpath","value":"//*[@id=\"__xmlview63--contractDetailProvideButton\"]"}
RESULT: {}
RESULT: {"using":"xpath","value":"//*[@id=\"__xmlview63--contractDetailProvideButton\"]"}
COMMAND: POST /session/700a0ab92761895b5ec9a5372f8d46fb/element/f.647512A71DDA687F9F591F39CAC5A62D.d.56404C524E4621A6DA0555F016224738.e.8503/click - {}
RESULT: {}
COMMAND: GET /session/700a0ab92761895b5ec9a5372f8d46fb/screenshot - {}
]]></system-out>
    </testcase>
    <testcase classname="chrome.135_0_7049_96.windows.Provide_to_Site_w/_warehouse_management_w_clarification" name="Should Create HandOvers provide to site" time="82.449">
      <system-out><![CDATA[
COMMAND: POST /session/700a0ab92761895b5ec9a5372f8d46fb/element - {"using":"css selector","value":"#application-managehandovers-display-component---AddNewHO--dueDate-inner"}
RESULT: {}
RESULT: {"using":"css selector","value":"#application-managehandovers-display-component---AddNewHO--dueDate-inner"}
COMMAND: POST /session/700a0ab92761895b5ec9a5372f8d46fb/element/f.647512A71DDA687F9F591F39CAC5A62D.d.56404C524E4621A6DA0555F016224738.e.8556/clear - {}
RESULT: {}
COMMAND: POST /session/700a0ab92761895b5ec9a5372f8d46fb/element/f.647512A71DDA687F9F591F39CAC5A62D.d.56404C524E4621A6DA0555F016224738.e.8556/value - {"text":"4/24/25"}
COMMAND: GET /session/700a0ab92761895b5ec9a5372f8d46fb/screenshot - {}
RESULT: {"text":"4/24/25"}
COMMAND: POST /session/700a0ab92761895b5ec9a5372f8d46fb/element - {"using":"xpath","value":"//bdi[(text() = 'Items' or . = 'Items')]"}
COMMAND: GET /session/700a0ab92761895b5ec9a5372f8d46fb/screenshot - {}
RESULT: {}
RESULT: {"using":"xpath","value":"//bdi[(text() = 'Items' or . = 'Items')]"}
COMMAND: POST /session/700a0ab92761895b5ec9a5372f8d46fb/element/f.647512A71DDA687F9F591F39CAC5A62D.d.56404C524E4621A6DA0555F016224738.e.8658/click - {}
RESULT: {}
RESULT: {}
COMMAND: POST /session/700a0ab92761895b5ec9a5372f8d46fb/execute/async - {"script":"<script> [1562 bytes]","args":[{"selector":{"controlType":"sap.m.Button","viewName":"etm.portal.ui.managehandovers.view.AddNewHO","viewId":"application-managehandovers-display-component---AddNewHO","i18NText":{"propertyName":"tooltip","key":"addItems"}},"wdio_ui5_key":"etmportal.ui.managehandovers.view.AddNewHOsap.m.Button{\"propertyName\":\"tooltip\",\"key\":\"addItems\"}"}]}
COMMAND: GET /session/700a0ab92761895b5ec9a5372f8d46fb/screenshot - {}
RESULT: {"script":"<script> [1562 bytes]","args":[{"selector":{"controlType":"sap.m.Button","viewName":"etm.portal.ui.managehandovers.view.AddNewHO","viewId":"application-managehandovers-display-component---AddNewHO","i18NText":{"propertyName":"tooltip","key":"addItems"}},"wdio_ui5_key":"etmportal.ui.managehandovers.view.AddNewHOsap.m.Button{\"propertyName\":\"tooltip\",\"key\":\"addItems\"}"}]}
RESULT: undefined
COMMAND: POST /session/700a0ab92761895b5ec9a5372f8d46fb/element - {"using":"xpath","value":"//*[@id=\"__button354\"]"}
RESULT: {}
RESULT: {"using":"xpath","value":"//*[@id=\"__button354\"]"}
COMMAND: POST /session/700a0ab92761895b5ec9a5372f8d46fb/element/f.647512A71DDA687F9F591F39CAC5A62D.d.56404C524E4621A6DA0555F016224738.e.8685/click - {}
RESULT: {}
COMMAND: GET /session/700a0ab92761895b5ec9a5372f8d46fb/screenshot - {}
RESULT: {}
COMMAND: POST /session/700a0ab92761895b5ec9a5372f8d46fb/element - {"using":"css selector","value":"div[id= \"application-managehandovers-display-component---AddNewHO--popup-sa-CbBg\"]"}
RESULT: {"using":"css selector","value":"div[id= \"application-managehandovers-display-component---AddNewHO--popup-sa-CbBg\"]"}
COMMAND: POST /session/700a0ab92761895b5ec9a5372f8d46fb/element/f.647512A71DDA687F9F591F39CAC5A62D.d.56404C524E4621A6DA0555F016224738.e.8700/click - {}
RESULT: {}
COMMAND: GET /session/700a0ab92761895b5ec9a5372f8d46fb/screenshot - {}
RESULT: {}
COMMAND: POST /session/700a0ab92761895b5ec9a5372f8d46fb/element - {"using":"xpath","value":"//bdi[(text() = 'Select' or . = 'Select')]"}
RESULT: {"using":"xpath","value":"//bdi[(text() = 'Select' or . = 'Select')]"}
COMMAND: POST /session/700a0ab92761895b5ec9a5372f8d46fb/element/f.647512A71DDA687F9F591F39CAC5A62D.d.56404C524E4621A6DA0555F016224738.e.8702/click - {}
RESULT: {}
COMMAND: GET /session/700a0ab92761895b5ec9a5372f8d46fb/screenshot - {}
RESULT: {}
COMMAND: POST /session/700a0ab92761895b5ec9a5372f8d46fb/element - {"using":"xpath","value":"//bdi[(text() = 'Save' or . = 'Save')]"}
RESULT: {"using":"xpath","value":"//bdi[(text() = 'Save' or . = 'Save')]"}
COMMAND: POST /session/700a0ab92761895b5ec9a5372f8d46fb/element/f.647512A71DDA687F9F591F39CAC5A62D.d.56404C524E4621A6DA0555F016224738.e.8710/click - {}
RESULT: {}
COMMAND: GET /session/700a0ab92761895b5ec9a5372f8d46fb/screenshot - {}
RESULT: {}
COMMAND: POST /session/700a0ab92761895b5ec9a5372f8d46fb/elements - {"using":"xpath","value":"//*[text()='Close']"}
RESULT: {"using":"xpath","value":"//*[text()='Close']"}
COMMAND: GET /session/700a0ab92761895b5ec9a5372f8d46fb/element/f.647512A71DDA687F9F591F39CAC5A62D.d.56404C524E4621A6DA0555F016224738.e.8750/enabled - {}
RESULT: {}
COMMAND: POST /session/700a0ab92761895b5ec9a5372f8d46fb/execute/sync - {"script":"<script> [8489 bytes]","args":[{"element-6066-11e4-a52e-4f735466cecf":"f.647512A71DDA687F9F591F39CAC5A62D.d.56404C524E4621A6DA0555F016224738.e.8750","ELEMENT":"f.647512A71DDA687F9F591F39CAC5A62D.d.56404C524E4621A6DA0555F016224738.e.8750"}]}
COMMAND: GET /session/700a0ab92761895b5ec9a5372f8d46fb/screenshot - {}
RESULT: {"script":"<script> [8489 bytes]","args":[{"element-6066-11e4-a52e-4f735466cecf":"f.647512A71DDA687F9F591F39CAC5A62D.d.56404C524E4621A6DA0555F016224738.e.8750","ELEMENT":"f.647512A71DDA687F9F591F39CAC5A62D.d.56404C524E4621A6DA0555F016224738.e.8750"}]}
COMMAND: GET /session/700a0ab92761895b5ec9a5372f8d46fb/screenshot - {}
RESULT: {}
COMMAND: POST /session/700a0ab92761895b5ec9a5372f8d46fb/execute/sync - {"script":"<script> [8489 bytes]","args":[{"element-6066-11e4-a52e-4f735466cecf":"f.647512A71DDA687F9F591F39CAC5A62D.d.56404C524E4621A6DA0555F016224738.e.8750","ELEMENT":"f.647512A71DDA687F9F591F39CAC5A62D.d.56404C524E4621A6DA0555F016224738.e.8750"}]}
RESULT: {}
RESULT: {"script":"<script> [8489 bytes]","args":[{"element-6066-11e4-a52e-4f735466cecf":"f.647512A71DDA687F9F591F39CAC5A62D.d.56404C524E4621A6DA0555F016224738.e.8750","ELEMENT":"f.647512A71DDA687F9F591F39CAC5A62D.d.56404C524E4621A6DA0555F016224738.e.8750"}]}
COMMAND: GET /session/700a0ab92761895b5ec9a5372f8d46fb/screenshot - {}
RESULT: {}
COMMAND: POST /session/700a0ab92761895b5ec9a5372f8d46fb/execute/sync - {"script":"<script> [8489 bytes]","args":[{"element-6066-11e4-a52e-4f735466cecf":"f.647512A71DDA687F9F591F39CAC5A62D.d.56404C524E4621A6DA0555F016224738.e.8750","ELEMENT":"f.647512A71DDA687F9F591F39CAC5A62D.d.56404C524E4621A6DA0555F016224738.e.8750"}]}
RESULT: {"script":"<script> [8489 bytes]","args":[{"element-6066-11e4-a52e-4f735466cecf":"f.647512A71DDA687F9F591F39CAC5A62D.d.56404C524E4621A6DA0555F016224738.e.8750","ELEMENT":"f.647512A71DDA687F9F591F39CAC5A62D.d.56404C524E4621A6DA0555F016224738.e.8750"}]}
COMMAND: GET /session/700a0ab92761895b5ec9a5372f8d46fb/screenshot - {}
RESULT: {}
COMMAND: POST /session/700a0ab92761895b5ec9a5372f8d46fb/execute/sync - {"script":"<script> [8489 bytes]","args":[{"element-6066-11e4-a52e-4f735466cecf":"f.647512A71DDA687F9F591F39CAC5A62D.d.56404C524E4621A6DA0555F016224738.e.8750","ELEMENT":"f.647512A71DDA687F9F591F39CAC5A62D.d.56404C524E4621A6DA0555F016224738.e.8750"}]}
RESULT: {"script":"<script> [8489 bytes]","args":[{"element-6066-11e4-a52e-4f735466cecf":"f.647512A71DDA687F9F591F39CAC5A62D.d.56404C524E4621A6DA0555F016224738.e.8750","ELEMENT":"f.647512A71DDA687F9F591F39CAC5A62D.d.56404C524E4621A6DA0555F016224738.e.8750"}]}
COMMAND: GET /session/700a0ab92761895b5ec9a5372f8d46fb/screenshot - {}
RESULT: {}
COMMAND: POST /session/700a0ab92761895b5ec9a5372f8d46fb/execute/sync - {"script":"<script> [8489 bytes]","args":[{"element-6066-11e4-a52e-4f735466cecf":"f.647512A71DDA687F9F591F39CAC5A62D.d.56404C524E4621A6DA0555F016224738.e.8750","ELEMENT":"f.647512A71DDA687F9F591F39CAC5A62D.d.56404C524E4621A6DA0555F016224738.e.8750"}]}
RESULT: {"script":"<script> [8489 bytes]","args":[{"element-6066-11e4-a52e-4f735466cecf":"f.647512A71DDA687F9F591F39CAC5A62D.d.56404C524E4621A6DA0555F016224738.e.8750","ELEMENT":"f.647512A71DDA687F9F591F39CAC5A62D.d.56404C524E4621A6DA0555F016224738.e.8750"}]}
COMMAND: GET /session/700a0ab92761895b5ec9a5372f8d46fb/screenshot - {}
RESULT: {}
COMMAND: POST /session/700a0ab92761895b5ec9a5372f8d46fb/execute/sync - {"script":"<script> [8489 bytes]","args":[{"element-6066-11e4-a52e-4f735466cecf":"f.647512A71DDA687F9F591F39CAC5A62D.d.56404C524E4621A6DA0555F016224738.e.8750","ELEMENT":"f.647512A71DDA687F9F591F39CAC5A62D.d.56404C524E4621A6DA0555F016224738.e.8750"}]}
RESULT: {"script":"<script> [8489 bytes]","args":[{"element-6066-11e4-a52e-4f735466cecf":"f.647512A71DDA687F9F591F39CAC5A62D.d.56404C524E4621A6DA0555F016224738.e.8750","ELEMENT":"f.647512A71DDA687F9F591F39CAC5A62D.d.56404C524E4621A6DA0555F016224738.e.8750"}]}
COMMAND: GET /session/700a0ab92761895b5ec9a5372f8d46fb/screenshot - {}
COMMAND: POST /session/700a0ab92761895b5ec9a5372f8d46fb/execute/sync - {"script":"<script> [8489 bytes]","args":[{"element-6066-11e4-a52e-4f735466cecf":"f.647512A71DDA687F9F591F39CAC5A62D.d.56404C524E4621A6DA0555F016224738.e.8750","ELEMENT":"f.647512A71DDA687F9F591F39CAC5A62D.d.56404C524E4621A6DA0555F016224738.e.8750"}]}
RESULT: {}
RESULT: {"script":"<script> [8489 bytes]","args":[{"element-6066-11e4-a52e-4f735466cecf":"f.647512A71DDA687F9F591F39CAC5A62D.d.56404C524E4621A6DA0555F016224738.e.8750","ELEMENT":"f.647512A71DDA687F9F591F39CAC5A62D.d.56404C524E4621A6DA0555F016224738.e.8750"}]}
COMMAND: GET /session/700a0ab92761895b5ec9a5372f8d46fb/screenshot - {}
COMMAND: POST /session/700a0ab92761895b5ec9a5372f8d46fb/execute/sync - {"script":"<script> [8489 bytes]","args":[{"element-6066-11e4-a52e-4f735466cecf":"f.647512A71DDA687F9F591F39CAC5A62D.d.56404C524E4621A6DA0555F016224738.e.8750","ELEMENT":"f.647512A71DDA687F9F591F39CAC5A62D.d.56404C524E4621A6DA0555F016224738.e.8750"}]}
RESULT: {}
RESULT: {"script":"<script> [8489 bytes]","args":[{"element-6066-11e4-a52e-4f735466cecf":"f.647512A71DDA687F9F591F39CAC5A62D.d.56404C524E4621A6DA0555F016224738.e.8750","ELEMENT":"f.647512A71DDA687F9F591F39CAC5A62D.d.56404C524E4621A6DA0555F016224738.e.8750"}]}
COMMAND: GET /session/700a0ab92761895b5ec9a5372f8d46fb/screenshot - {}
RESULT: {}
COMMAND: POST /session/700a0ab92761895b5ec9a5372f8d46fb/execute/sync - {"script":"<script> [8489 bytes]","args":[{"element-6066-11e4-a52e-4f735466cecf":"f.647512A71DDA687F9F591F39CAC5A62D.d.56404C524E4621A6DA0555F016224738.e.8750","ELEMENT":"f.647512A71DDA687F9F591F39CAC5A62D.d.56404C524E4621A6DA0555F016224738.e.8750"}]}
RESULT: {"script":"<script> [8489 bytes]","args":[{"element-6066-11e4-a52e-4f735466cecf":"f.647512A71DDA687F9F591F39CAC5A62D.d.56404C524E4621A6DA0555F016224738.e.8750","ELEMENT":"f.647512A71DDA687F9F591F39CAC5A62D.d.56404C524E4621A6DA0555F016224738.e.8750"}]}
COMMAND: GET /session/700a0ab92761895b5ec9a5372f8d46fb/screenshot - {}
RESULT: {}
COMMAND: POST /session/700a0ab92761895b5ec9a5372f8d46fb/execute/sync - {"script":"<script> [8489 bytes]","args":[{"element-6066-11e4-a52e-4f735466cecf":"f.647512A71DDA687F9F591F39CAC5A62D.d.56404C524E4621A6DA0555F016224738.e.8750","ELEMENT":"f.647512A71DDA687F9F591F39CAC5A62D.d.56404C524E4621A6DA0555F016224738.e.8750"}]}
RESULT: {"script":"<script> [8489 bytes]","args":[{"element-6066-11e4-a52e-4f735466cecf":"f.647512A71DDA687F9F591F39CAC5A62D.d.56404C524E4621A6DA0555F016224738.e.8750","ELEMENT":"f.647512A71DDA687F9F591F39CAC5A62D.d.56404C524E4621A6DA0555F016224738.e.8750"}]}
COMMAND: GET /session/700a0ab92761895b5ec9a5372f8d46fb/screenshot - {}
RESULT: {}
COMMAND: POST /session/700a0ab92761895b5ec9a5372f8d46fb/execute/sync - {"script":"<script> [8489 bytes]","args":[{"element-6066-11e4-a52e-4f735466cecf":"f.647512A71DDA687F9F591F39CAC5A62D.d.56404C524E4621A6DA0555F016224738.e.8750","ELEMENT":"f.647512A71DDA687F9F591F39CAC5A62D.d.56404C524E4621A6DA0555F016224738.e.8750"}]}
RESULT: {"script":"<script> [8489 bytes]","args":[{"element-6066-11e4-a52e-4f735466cecf":"f.647512A71DDA687F9F591F39CAC5A62D.d.56404C524E4621A6DA0555F016224738.e.8750","ELEMENT":"f.647512A71DDA687F9F591F39CAC5A62D.d.56404C524E4621A6DA0555F016224738.e.8750"}]}
COMMAND: GET /session/700a0ab92761895b5ec9a5372f8d46fb/screenshot - {}
RESULT: {}
COMMAND: POST /session/700a0ab92761895b5ec9a5372f8d46fb/execute/sync - {"script":"<script> [8489 bytes]","args":[{"element-6066-11e4-a52e-4f735466cecf":"f.647512A71DDA687F9F591F39CAC5A62D.d.56404C524E4621A6DA0555F016224738.e.8750","ELEMENT":"f.647512A71DDA687F9F591F39CAC5A62D.d.56404C524E4621A6DA0555F016224738.e.8750"}]}
RESULT: {"script":"<script> [8489 bytes]","args":[{"element-6066-11e4-a52e-4f735466cecf":"f.647512A71DDA687F9F591F39CAC5A62D.d.56404C524E4621A6DA0555F016224738.e.8750","ELEMENT":"f.647512A71DDA687F9F591F39CAC5A62D.d.56404C524E4621A6DA0555F016224738.e.8750"}]}
COMMAND: GET /session/700a0ab92761895b5ec9a5372f8d46fb/screenshot - {}
RESULT: {}
COMMAND: POST /session/700a0ab92761895b5ec9a5372f8d46fb/execute/sync - {"script":"<script> [8489 bytes]","args":[{"element-6066-11e4-a52e-4f735466cecf":"f.647512A71DDA687F9F591F39CAC5A62D.d.56404C524E4621A6DA0555F016224738.e.8750","ELEMENT":"f.647512A71DDA687F9F591F39CAC5A62D.d.56404C524E4621A6DA0555F016224738.e.8750"}]}
RESULT: {"script":"<script> [8489 bytes]","args":[{"element-6066-11e4-a52e-4f735466cecf":"f.647512A71DDA687F9F591F39CAC5A62D.d.56404C524E4621A6DA0555F016224738.e.8750","ELEMENT":"f.647512A71DDA687F9F591F39CAC5A62D.d.56404C524E4621A6DA0555F016224738.e.8750"}]}
COMMAND: GET /session/700a0ab92761895b5ec9a5372f8d46fb/screenshot - {}
RESULT: {}
COMMAND: POST /session/700a0ab92761895b5ec9a5372f8d46fb/execute/sync - {"script":"<script> [8489 bytes]","args":[{"element-6066-11e4-a52e-4f735466cecf":"f.647512A71DDA687F9F591F39CAC5A62D.d.56404C524E4621A6DA0555F016224738.e.8750","ELEMENT":"f.647512A71DDA687F9F591F39CAC5A62D.d.56404C524E4621A6DA0555F016224738.e.8750"}]}
RESULT: {"script":"<script> [8489 bytes]","args":[{"element-6066-11e4-a52e-4f735466cecf":"f.647512A71DDA687F9F591F39CAC5A62D.d.56404C524E4621A6DA0555F016224738.e.8750","ELEMENT":"f.647512A71DDA687F9F591F39CAC5A62D.d.56404C524E4621A6DA0555F016224738.e.8750"}]}
COMMAND: GET /session/700a0ab92761895b5ec9a5372f8d46fb/screenshot - {}
RESULT: {}
COMMAND: POST /session/700a0ab92761895b5ec9a5372f8d46fb/execute/sync - {"script":"<script> [8489 bytes]","args":[{"element-6066-11e4-a52e-4f735466cecf":"f.647512A71DDA687F9F591F39CAC5A62D.d.56404C524E4621A6DA0555F016224738.e.8750","ELEMENT":"f.647512A71DDA687F9F591F39CAC5A62D.d.56404C524E4621A6DA0555F016224738.e.8750"}]}
RESULT: {"script":"<script> [8489 bytes]","args":[{"element-6066-11e4-a52e-4f735466cecf":"f.647512A71DDA687F9F591F39CAC5A62D.d.56404C524E4621A6DA0555F016224738.e.8750","ELEMENT":"f.647512A71DDA687F9F591F39CAC5A62D.d.56404C524E4621A6DA0555F016224738.e.8750"}]}
COMMAND: GET /session/700a0ab92761895b5ec9a5372f8d46fb/screenshot - {}
RESULT: {}
COMMAND: POST /session/700a0ab92761895b5ec9a5372f8d46fb/execute/sync - {"script":"<script> [8489 bytes]","args":[{"element-6066-11e4-a52e-4f735466cecf":"f.647512A71DDA687F9F591F39CAC5A62D.d.56404C524E4621A6DA0555F016224738.e.8750","ELEMENT":"f.647512A71DDA687F9F591F39CAC5A62D.d.56404C524E4621A6DA0555F016224738.e.8750"}]}
RESULT: {"script":"<script> [8489 bytes]","args":[{"element-6066-11e4-a52e-4f735466cecf":"f.647512A71DDA687F9F591F39CAC5A62D.d.56404C524E4621A6DA0555F016224738.e.8750","ELEMENT":"f.647512A71DDA687F9F591F39CAC5A62D.d.56404C524E4621A6DA0555F016224738.e.8750"}]}
COMMAND: GET /session/700a0ab92761895b5ec9a5372f8d46fb/screenshot - {}
RESULT: {}
COMMAND: POST /session/700a0ab92761895b5ec9a5372f8d46fb/execute/sync - {"script":"<script> [8489 bytes]","args":[{"element-6066-11e4-a52e-4f735466cecf":"f.647512A71DDA687F9F591F39CAC5A62D.d.56404C524E4621A6DA0555F016224738.e.8750","ELEMENT":"f.647512A71DDA687F9F591F39CAC5A62D.d.56404C524E4621A6DA0555F016224738.e.8750"}]}
RESULT: {"script":"<script> [8489 bytes]","args":[{"element-6066-11e4-a52e-4f735466cecf":"f.647512A71DDA687F9F591F39CAC5A62D.d.56404C524E4621A6DA0555F016224738.e.8750","ELEMENT":"f.647512A71DDA687F9F591F39CAC5A62D.d.56404C524E4621A6DA0555F016224738.e.8750"}]}
COMMAND: GET /session/700a0ab92761895b5ec9a5372f8d46fb/screenshot - {}
RESULT: {}
COMMAND: POST /session/700a0ab92761895b5ec9a5372f8d46fb/execute/sync - {"script":"<script> [8489 bytes]","args":[{"element-6066-11e4-a52e-4f735466cecf":"f.647512A71DDA687F9F591F39CAC5A62D.d.56404C524E4621A6DA0555F016224738.e.8750","ELEMENT":"f.647512A71DDA687F9F591F39CAC5A62D.d.56404C524E4621A6DA0555F016224738.e.8750"}]}
RESULT: {"script":"<script> [8489 bytes]","args":[{"element-6066-11e4-a52e-4f735466cecf":"f.647512A71DDA687F9F591F39CAC5A62D.d.56404C524E4621A6DA0555F016224738.e.8750","ELEMENT":"f.647512A71DDA687F9F591F39CAC5A62D.d.56404C524E4621A6DA0555F016224738.e.8750"}]}
COMMAND: GET /session/700a0ab92761895b5ec9a5372f8d46fb/screenshot - {}
RESULT: {}
COMMAND: POST /session/700a0ab92761895b5ec9a5372f8d46fb/execute/sync - {"script":"<script> [8489 bytes]","args":[{"element-6066-11e4-a52e-4f735466cecf":"f.647512A71DDA687F9F591F39CAC5A62D.d.56404C524E4621A6DA0555F016224738.e.8750","ELEMENT":"f.647512A71DDA687F9F591F39CAC5A62D.d.56404C524E4621A6DA0555F016224738.e.8750"}]}
RESULT: {"script":"<script> [8489 bytes]","args":[{"element-6066-11e4-a52e-4f735466cecf":"f.647512A71DDA687F9F591F39CAC5A62D.d.56404C524E4621A6DA0555F016224738.e.8750","ELEMENT":"f.647512A71DDA687F9F591F39CAC5A62D.d.56404C524E4621A6DA0555F016224738.e.8750"}]}
COMMAND: GET /session/700a0ab92761895b5ec9a5372f8d46fb/screenshot - {}
RESULT: {}
COMMAND: POST /session/700a0ab92761895b5ec9a5372f8d46fb/execute/sync - {"script":"<script> [8489 bytes]","args":[{"element-6066-11e4-a52e-4f735466cecf":"f.647512A71DDA687F9F591F39CAC5A62D.d.56404C524E4621A6DA0555F016224738.e.8750","ELEMENT":"f.647512A71DDA687F9F591F39CAC5A62D.d.56404C524E4621A6DA0555F016224738.e.8750"}]}
RESULT: {"script":"<script> [8489 bytes]","args":[{"element-6066-11e4-a52e-4f735466cecf":"f.647512A71DDA687F9F591F39CAC5A62D.d.56404C524E4621A6DA0555F016224738.e.8750","ELEMENT":"f.647512A71DDA687F9F591F39CAC5A62D.d.56404C524E4621A6DA0555F016224738.e.8750"}]}
COMMAND: GET /session/700a0ab92761895b5ec9a5372f8d46fb/screenshot - {}
RESULT: {}
COMMAND: POST /session/700a0ab92761895b5ec9a5372f8d46fb/execute/sync - {"script":"<script> [8489 bytes]","args":[{"element-6066-11e4-a52e-4f735466cecf":"f.647512A71DDA687F9F591F39CAC5A62D.d.56404C524E4621A6DA0555F016224738.e.8750","ELEMENT":"f.647512A71DDA687F9F591F39CAC5A62D.d.56404C524E4621A6DA0555F016224738.e.8750"}]}
RESULT: {"script":"<script> [8489 bytes]","args":[{"element-6066-11e4-a52e-4f735466cecf":"f.647512A71DDA687F9F591F39CAC5A62D.d.56404C524E4621A6DA0555F016224738.e.8750","ELEMENT":"f.647512A71DDA687F9F591F39CAC5A62D.d.56404C524E4621A6DA0555F016224738.e.8750"}]}
COMMAND: GET /session/700a0ab92761895b5ec9a5372f8d46fb/screenshot - {}
RESULT: {}
COMMAND: POST /session/700a0ab92761895b5ec9a5372f8d46fb/execute/sync - {"script":"<script> [8489 bytes]","args":[{"element-6066-11e4-a52e-4f735466cecf":"f.647512A71DDA687F9F591F39CAC5A62D.d.56404C524E4621A6DA0555F016224738.e.8750","ELEMENT":"f.647512A71DDA687F9F591F39CAC5A62D.d.56404C524E4621A6DA0555F016224738.e.8750"}]}
RESULT: {"script":"<script> [8489 bytes]","args":[{"element-6066-11e4-a52e-4f735466cecf":"f.647512A71DDA687F9F591F39CAC5A62D.d.56404C524E4621A6DA0555F016224738.e.8750","ELEMENT":"f.647512A71DDA687F9F591F39CAC5A62D.d.56404C524E4621A6DA0555F016224738.e.8750"}]}
COMMAND: GET /session/700a0ab92761895b5ec9a5372f8d46fb/screenshot - {}
RESULT: {}
COMMAND: POST /session/700a0ab92761895b5ec9a5372f8d46fb/execute/sync - {"script":"<script> [8489 bytes]","args":[{"element-6066-11e4-a52e-4f735466cecf":"f.647512A71DDA687F9F591F39CAC5A62D.d.56404C524E4621A6DA0555F016224738.e.8750","ELEMENT":"f.647512A71DDA687F9F591F39CAC5A62D.d.56404C524E4621A6DA0555F016224738.e.8750"}]}
RESULT: {"script":"<script> [8489 bytes]","args":[{"element-6066-11e4-a52e-4f735466cecf":"f.647512A71DDA687F9F591F39CAC5A62D.d.56404C524E4621A6DA0555F016224738.e.8750","ELEMENT":"f.647512A71DDA687F9F591F39CAC5A62D.d.56404C524E4621A6DA0555F016224738.e.8750"}]}
COMMAND: GET /session/700a0ab92761895b5ec9a5372f8d46fb/screenshot - {}
RESULT: {}
COMMAND: POST /session/700a0ab92761895b5ec9a5372f8d46fb/execute/sync - {"script":"<script> [8489 bytes]","args":[{"element-6066-11e4-a52e-4f735466cecf":"f.647512A71DDA687F9F591F39CAC5A62D.d.56404C524E4621A6DA0555F016224738.e.8750","ELEMENT":"f.647512A71DDA687F9F591F39CAC5A62D.d.56404C524E4621A6DA0555F016224738.e.8750"}]}
RESULT: {"script":"<script> [8489 bytes]","args":[{"element-6066-11e4-a52e-4f735466cecf":"f.647512A71DDA687F9F591F39CAC5A62D.d.56404C524E4621A6DA0555F016224738.e.8750","ELEMENT":"f.647512A71DDA687F9F591F39CAC5A62D.d.56404C524E4621A6DA0555F016224738.e.8750"}]}
COMMAND: GET /session/700a0ab92761895b5ec9a5372f8d46fb/screenshot - {}
RESULT: {}
COMMAND: POST /session/700a0ab92761895b5ec9a5372f8d46fb/execute/sync - {"script":"<script> [8489 bytes]","args":[{"element-6066-11e4-a52e-4f735466cecf":"f.647512A71DDA687F9F591F39CAC5A62D.d.56404C524E4621A6DA0555F016224738.e.8750","ELEMENT":"f.647512A71DDA687F9F591F39CAC5A62D.d.56404C524E4621A6DA0555F016224738.e.8750"}]}
RESULT: {"script":"<script> [8489 bytes]","args":[{"element-6066-11e4-a52e-4f735466cecf":"f.647512A71DDA687F9F591F39CAC5A62D.d.56404C524E4621A6DA0555F016224738.e.8750","ELEMENT":"f.647512A71DDA687F9F591F39CAC5A62D.d.56404C524E4621A6DA0555F016224738.e.8750"}]}
COMMAND: GET /session/700a0ab92761895b5ec9a5372f8d46fb/screenshot - {}
RESULT: {}
COMMAND: POST /session/700a0ab92761895b5ec9a5372f8d46fb/execute/sync - {"script":"<script> [8489 bytes]","args":[{"element-6066-11e4-a52e-4f735466cecf":"f.647512A71DDA687F9F591F39CAC5A62D.d.56404C524E4621A6DA0555F016224738.e.8750","ELEMENT":"f.647512A71DDA687F9F591F39CAC5A62D.d.56404C524E4621A6DA0555F016224738.e.8750"}]}
RESULT: {"script":"<script> [8489 bytes]","args":[{"element-6066-11e4-a52e-4f735466cecf":"f.647512A71DDA687F9F591F39CAC5A62D.d.56404C524E4621A6DA0555F016224738.e.8750","ELEMENT":"f.647512A71DDA687F9F591F39CAC5A62D.d.56404C524E4621A6DA0555F016224738.e.8750"}]}
COMMAND: GET /session/700a0ab92761895b5ec9a5372f8d46fb/screenshot - {}
RESULT: {}
COMMAND: POST /session/700a0ab92761895b5ec9a5372f8d46fb/execute/sync - {"script":"<script> [8489 bytes]","args":[{"element-6066-11e4-a52e-4f735466cecf":"f.647512A71DDA687F9F591F39CAC5A62D.d.56404C524E4621A6DA0555F016224738.e.8750","ELEMENT":"f.647512A71DDA687F9F591F39CAC5A62D.d.56404C524E4621A6DA0555F016224738.e.8750"}]}
RESULT: {"script":"<script> [8489 bytes]","args":[{"element-6066-11e4-a52e-4f735466cecf":"f.647512A71DDA687F9F591F39CAC5A62D.d.56404C524E4621A6DA0555F016224738.e.8750","ELEMENT":"f.647512A71DDA687F9F591F39CAC5A62D.d.56404C524E4621A6DA0555F016224738.e.8750"}]}
COMMAND: GET /session/700a0ab92761895b5ec9a5372f8d46fb/screenshot - {}
RESULT: {}
COMMAND: POST /session/700a0ab92761895b5ec9a5372f8d46fb/execute/sync - {"script":"<script> [8489 bytes]","args":[{"element-6066-11e4-a52e-4f735466cecf":"f.647512A71DDA687F9F591F39CAC5A62D.d.56404C524E4621A6DA0555F016224738.e.8750","ELEMENT":"f.647512A71DDA687F9F591F39CAC5A62D.d.56404C524E4621A6DA0555F016224738.e.8750"}]}
RESULT: {"script":"<script> [8489 bytes]","args":[{"element-6066-11e4-a52e-4f735466cecf":"f.647512A71DDA687F9F591F39CAC5A62D.d.56404C524E4621A6DA0555F016224738.e.8750","ELEMENT":"f.647512A71DDA687F9F591F39CAC5A62D.d.56404C524E4621A6DA0555F016224738.e.8750"}]}
COMMAND: GET /session/700a0ab92761895b5ec9a5372f8d46fb/screenshot - {}
RESULT: {}
COMMAND: POST /session/700a0ab92761895b5ec9a5372f8d46fb/execute/sync - {"script":"<script> [8489 bytes]","args":[{"element-6066-11e4-a52e-4f735466cecf":"f.647512A71DDA687F9F591F39CAC5A62D.d.56404C524E4621A6DA0555F016224738.e.8750","ELEMENT":"f.647512A71DDA687F9F591F39CAC5A62D.d.56404C524E4621A6DA0555F016224738.e.8750"}]}
RESULT: {"script":"<script> [8489 bytes]","args":[{"element-6066-11e4-a52e-4f735466cecf":"f.647512A71DDA687F9F591F39CAC5A62D.d.56404C524E4621A6DA0555F016224738.e.8750","ELEMENT":"f.647512A71DDA687F9F591F39CAC5A62D.d.56404C524E4621A6DA0555F016224738.e.8750"}]}
COMMAND: GET /session/700a0ab92761895b5ec9a5372f8d46fb/screenshot - {}
RESULT: {}
COMMAND: POST /session/700a0ab92761895b5ec9a5372f8d46fb/execute/sync - {"script":"<script> [8489 bytes]","args":[{"element-6066-11e4-a52e-4f735466cecf":"f.647512A71DDA687F9F591F39CAC5A62D.d.56404C524E4621A6DA0555F016224738.e.8750","ELEMENT":"f.647512A71DDA687F9F591F39CAC5A62D.d.56404C524E4621A6DA0555F016224738.e.8750"}]}
RESULT: {"script":"<script> [8489 bytes]","args":[{"element-6066-11e4-a52e-4f735466cecf":"f.647512A71DDA687F9F591F39CAC5A62D.d.56404C524E4621A6DA0555F016224738.e.8750","ELEMENT":"f.647512A71DDA687F9F591F39CAC5A62D.d.56404C524E4621A6DA0555F016224738.e.8750"}]}
COMMAND: GET /session/700a0ab92761895b5ec9a5372f8d46fb/screenshot - {}
RESULT: {}
COMMAND: POST /session/700a0ab92761895b5ec9a5372f8d46fb/execute/sync - {"script":"<script> [8489 bytes]","args":[{"element-6066-11e4-a52e-4f735466cecf":"f.647512A71DDA687F9F591F39CAC5A62D.d.56404C524E4621A6DA0555F016224738.e.8750","ELEMENT":"f.647512A71DDA687F9F591F39CAC5A62D.d.56404C524E4621A6DA0555F016224738.e.8750"}]}
RESULT: {"script":"<script> [8489 bytes]","args":[{"element-6066-11e4-a52e-4f735466cecf":"f.647512A71DDA687F9F591F39CAC5A62D.d.56404C524E4621A6DA0555F016224738.e.8750","ELEMENT":"f.647512A71DDA687F9F591F39CAC5A62D.d.56404C524E4621A6DA0555F016224738.e.8750"}]}
COMMAND: GET /session/700a0ab92761895b5ec9a5372f8d46fb/screenshot - {}
RESULT: {}
COMMAND: POST /session/700a0ab92761895b5ec9a5372f8d46fb/execute/sync - {"script":"<script> [8489 bytes]","args":[{"element-6066-11e4-a52e-4f735466cecf":"f.647512A71DDA687F9F591F39CAC5A62D.d.56404C524E4621A6DA0555F016224738.e.8750","ELEMENT":"f.647512A71DDA687F9F591F39CAC5A62D.d.56404C524E4621A6DA0555F016224738.e.8750"}]}
RESULT: {"script":"<script> [8489 bytes]","args":[{"element-6066-11e4-a52e-4f735466cecf":"f.647512A71DDA687F9F591F39CAC5A62D.d.56404C524E4621A6DA0555F016224738.e.8750","ELEMENT":"f.647512A71DDA687F9F591F39CAC5A62D.d.56404C524E4621A6DA0555F016224738.e.8750"}]}
COMMAND: GET /session/700a0ab92761895b5ec9a5372f8d46fb/screenshot - {}
RESULT: {}
COMMAND: POST /session/700a0ab92761895b5ec9a5372f8d46fb/execute/sync - {"script":"<script> [8489 bytes]","args":[{"element-6066-11e4-a52e-4f735466cecf":"f.647512A71DDA687F9F591F39CAC5A62D.d.56404C524E4621A6DA0555F016224738.e.8750","ELEMENT":"f.647512A71DDA687F9F591F39CAC5A62D.d.56404C524E4621A6DA0555F016224738.e.8750"}]}
RESULT: {"script":"<script> [8489 bytes]","args":[{"element-6066-11e4-a52e-4f735466cecf":"f.647512A71DDA687F9F591F39CAC5A62D.d.56404C524E4621A6DA0555F016224738.e.8750","ELEMENT":"f.647512A71DDA687F9F591F39CAC5A62D.d.56404C524E4621A6DA0555F016224738.e.8750"}]}
COMMAND: GET /session/700a0ab92761895b5ec9a5372f8d46fb/screenshot - {}
RESULT: {}
COMMAND: POST /session/700a0ab92761895b5ec9a5372f8d46fb/execute/sync - {"script":"<script> [8489 bytes]","args":[{"element-6066-11e4-a52e-4f735466cecf":"f.647512A71DDA687F9F591F39CAC5A62D.d.56404C524E4621A6DA0555F016224738.e.8750","ELEMENT":"f.647512A71DDA687F9F591F39CAC5A62D.d.56404C524E4621A6DA0555F016224738.e.8750"}]}
RESULT: {"script":"<script> [8489 bytes]","args":[{"element-6066-11e4-a52e-4f735466cecf":"f.647512A71DDA687F9F591F39CAC5A62D.d.56404C524E4621A6DA0555F016224738.e.8750","ELEMENT":"f.647512A71DDA687F9F591F39CAC5A62D.d.56404C524E4621A6DA0555F016224738.e.8750"}]}
COMMAND: GET /session/700a0ab92761895b5ec9a5372f8d46fb/screenshot - {}
RESULT: {}
COMMAND: POST /session/700a0ab92761895b5ec9a5372f8d46fb/execute/sync - {"script":"<script> [8489 bytes]","args":[{"element-6066-11e4-a52e-4f735466cecf":"f.647512A71DDA687F9F591F39CAC5A62D.d.56404C524E4621A6DA0555F016224738.e.8750","ELEMENT":"f.647512A71DDA687F9F591F39CAC5A62D.d.56404C524E4621A6DA0555F016224738.e.8750"}]}
RESULT: {"script":"<script> [8489 bytes]","args":[{"element-6066-11e4-a52e-4f735466cecf":"f.647512A71DDA687F9F591F39CAC5A62D.d.56404C524E4621A6DA0555F016224738.e.8750","ELEMENT":"f.647512A71DDA687F9F591F39CAC5A62D.d.56404C524E4621A6DA0555F016224738.e.8750"}]}
COMMAND: GET /session/700a0ab92761895b5ec9a5372f8d46fb/screenshot - {}
RESULT: {}
COMMAND: POST /session/700a0ab92761895b5ec9a5372f8d46fb/execute/sync - {"script":"<script> [8489 bytes]","args":[{"element-6066-11e4-a52e-4f735466cecf":"f.647512A71DDA687F9F591F39CAC5A62D.d.56404C524E4621A6DA0555F016224738.e.8750","ELEMENT":"f.647512A71DDA687F9F591F39CAC5A62D.d.56404C524E4621A6DA0555F016224738.e.8750"}]}
RESULT: {"script":"<script> [8489 bytes]","args":[{"element-6066-11e4-a52e-4f735466cecf":"f.647512A71DDA687F9F591F39CAC5A62D.d.56404C524E4621A6DA0555F016224738.e.8750","ELEMENT":"f.647512A71DDA687F9F591F39CAC5A62D.d.56404C524E4621A6DA0555F016224738.e.8750"}]}
COMMAND: GET /session/700a0ab92761895b5ec9a5372f8d46fb/screenshot - {}
RESULT: {}
COMMAND: POST /session/700a0ab92761895b5ec9a5372f8d46fb/execute/sync - {"script":"<script> [8489 bytes]","args":[{"element-6066-11e4-a52e-4f735466cecf":"f.647512A71DDA687F9F591F39CAC5A62D.d.56404C524E4621A6DA0555F016224738.e.8750","ELEMENT":"f.647512A71DDA687F9F591F39CAC5A62D.d.56404C524E4621A6DA0555F016224738.e.8750"}]}
RESULT: {"script":"<script> [8489 bytes]","args":[{"element-6066-11e4-a52e-4f735466cecf":"f.647512A71DDA687F9F591F39CAC5A62D.d.56404C524E4621A6DA0555F016224738.e.8750","ELEMENT":"f.647512A71DDA687F9F591F39CAC5A62D.d.56404C524E4621A6DA0555F016224738.e.8750"}]}
COMMAND: GET /session/700a0ab92761895b5ec9a5372f8d46fb/screenshot - {}
RESULT: {}
COMMAND: POST /session/700a0ab92761895b5ec9a5372f8d46fb/execute/sync - {"script":"<script> [8489 bytes]","args":[{"element-6066-11e4-a52e-4f735466cecf":"f.647512A71DDA687F9F591F39CAC5A62D.d.56404C524E4621A6DA0555F016224738.e.8750","ELEMENT":"f.647512A71DDA687F9F591F39CAC5A62D.d.56404C524E4621A6DA0555F016224738.e.8750"}]}
RESULT: {"script":"<script> [8489 bytes]","args":[{"element-6066-11e4-a52e-4f735466cecf":"f.647512A71DDA687F9F591F39CAC5A62D.d.56404C524E4621A6DA0555F016224738.e.8750","ELEMENT":"f.647512A71DDA687F9F591F39CAC5A62D.d.56404C524E4621A6DA0555F016224738.e.8750"}]}
COMMAND: GET /session/700a0ab92761895b5ec9a5372f8d46fb/screenshot - {}
RESULT: {}
COMMAND: POST /session/700a0ab92761895b5ec9a5372f8d46fb/execute/sync - {"script":"<script> [8489 bytes]","args":[{"element-6066-11e4-a52e-4f735466cecf":"f.647512A71DDA687F9F591F39CAC5A62D.d.56404C524E4621A6DA0555F016224738.e.8750","ELEMENT":"f.647512A71DDA687F9F591F39CAC5A62D.d.56404C524E4621A6DA0555F016224738.e.8750"}]}
RESULT: {"script":"<script> [8489 bytes]","args":[{"element-6066-11e4-a52e-4f735466cecf":"f.647512A71DDA687F9F591F39CAC5A62D.d.56404C524E4621A6DA0555F016224738.e.8750","ELEMENT":"f.647512A71DDA687F9F591F39CAC5A62D.d.56404C524E4621A6DA0555F016224738.e.8750"}]}
COMMAND: GET /session/700a0ab92761895b5ec9a5372f8d46fb/screenshot - {}
RESULT: {}
COMMAND: POST /session/700a0ab92761895b5ec9a5372f8d46fb/execute/sync - {"script":"<script> [8489 bytes]","args":[{"element-6066-11e4-a52e-4f735466cecf":"f.647512A71DDA687F9F591F39CAC5A62D.d.56404C524E4621A6DA0555F016224738.e.8750","ELEMENT":"f.647512A71DDA687F9F591F39CAC5A62D.d.56404C524E4621A6DA0555F016224738.e.8750"}]}
RESULT: {"script":"<script> [8489 bytes]","args":[{"element-6066-11e4-a52e-4f735466cecf":"f.647512A71DDA687F9F591F39CAC5A62D.d.56404C524E4621A6DA0555F016224738.e.8750","ELEMENT":"f.647512A71DDA687F9F591F39CAC5A62D.d.56404C524E4621A6DA0555F016224738.e.8750"}]}
COMMAND: GET /session/700a0ab92761895b5ec9a5372f8d46fb/screenshot - {}
RESULT: {}
COMMAND: POST /session/700a0ab92761895b5ec9a5372f8d46fb/execute/sync - {"script":"<script> [8489 bytes]","args":[{"element-6066-11e4-a52e-4f735466cecf":"f.647512A71DDA687F9F591F39CAC5A62D.d.56404C524E4621A6DA0555F016224738.e.8750","ELEMENT":"f.647512A71DDA687F9F591F39CAC5A62D.d.56404C524E4621A6DA0555F016224738.e.8750"}]}
RESULT: {"script":"<script> [8489 bytes]","args":[{"element-6066-11e4-a52e-4f735466cecf":"f.647512A71DDA687F9F591F39CAC5A62D.d.56404C524E4621A6DA0555F016224738.e.8750","ELEMENT":"f.647512A71DDA687F9F591F39CAC5A62D.d.56404C524E4621A6DA0555F016224738.e.8750"}]}
COMMAND: GET /session/700a0ab92761895b5ec9a5372f8d46fb/screenshot - {}
RESULT: {}
COMMAND: POST /session/700a0ab92761895b5ec9a5372f8d46fb/execute/sync - {"script":"<script> [8489 bytes]","args":[{"element-6066-11e4-a52e-4f735466cecf":"f.647512A71DDA687F9F591F39CAC5A62D.d.56404C524E4621A6DA0555F016224738.e.8750","ELEMENT":"f.647512A71DDA687F9F591F39CAC5A62D.d.56404C524E4621A6DA0555F016224738.e.8750"}]}
RESULT: {"script":"<script> [8489 bytes]","args":[{"element-6066-11e4-a52e-4f735466cecf":"f.647512A71DDA687F9F591F39CAC5A62D.d.56404C524E4621A6DA0555F016224738.e.8750","ELEMENT":"f.647512A71DDA687F9F591F39CAC5A62D.d.56404C524E4621A6DA0555F016224738.e.8750"}]}
COMMAND: GET /session/700a0ab92761895b5ec9a5372f8d46fb/screenshot - {}
RESULT: {}
COMMAND: POST /session/700a0ab92761895b5ec9a5372f8d46fb/execute/sync - {"script":"<script> [8489 bytes]","args":[{"element-6066-11e4-a52e-4f735466cecf":"f.647512A71DDA687F9F591F39CAC5A62D.d.56404C524E4621A6DA0555F016224738.e.8750","ELEMENT":"f.647512A71DDA687F9F591F39CAC5A62D.d.56404C524E4621A6DA0555F016224738.e.8750"}]}
RESULT: {"script":"<script> [8489 bytes]","args":[{"element-6066-11e4-a52e-4f735466cecf":"f.647512A71DDA687F9F591F39CAC5A62D.d.56404C524E4621A6DA0555F016224738.e.8750","ELEMENT":"f.647512A71DDA687F9F591F39CAC5A62D.d.56404C524E4621A6DA0555F016224738.e.8750"}]}
COMMAND: GET /session/700a0ab92761895b5ec9a5372f8d46fb/screenshot - {}
RESULT: {}
COMMAND: POST /session/700a0ab92761895b5ec9a5372f8d46fb/execute/sync - {"script":"<script> [8489 bytes]","args":[{"element-6066-11e4-a52e-4f735466cecf":"f.647512A71DDA687F9F591F39CAC5A62D.d.56404C524E4621A6DA0555F016224738.e.8750","ELEMENT":"f.647512A71DDA687F9F591F39CAC5A62D.d.56404C524E4621A6DA0555F016224738.e.8750"}]}
RESULT: {"script":"<script> [8489 bytes]","args":[{"element-6066-11e4-a52e-4f735466cecf":"f.647512A71DDA687F9F591F39CAC5A62D.d.56404C524E4621A6DA0555F016224738.e.8750","ELEMENT":"f.647512A71DDA687F9F591F39CAC5A62D.d.56404C524E4621A6DA0555F016224738.e.8750"}]}
COMMAND: GET /session/700a0ab92761895b5ec9a5372f8d46fb/screenshot - {}
RESULT: {}
COMMAND: POST /session/700a0ab92761895b5ec9a5372f8d46fb/execute/sync - {"script":"<script> [8489 bytes]","args":[{"element-6066-11e4-a52e-4f735466cecf":"f.647512A71DDA687F9F591F39CAC5A62D.d.56404C524E4621A6DA0555F016224738.e.8750","ELEMENT":"f.647512A71DDA687F9F591F39CAC5A62D.d.56404C524E4621A6DA0555F016224738.e.8750"}]}
RESULT: {"script":"<script> [8489 bytes]","args":[{"element-6066-11e4-a52e-4f735466cecf":"f.647512A71DDA687F9F591F39CAC5A62D.d.56404C524E4621A6DA0555F016224738.e.8750","ELEMENT":"f.647512A71DDA687F9F591F39CAC5A62D.d.56404C524E4621A6DA0555F016224738.e.8750"}]}
COMMAND: GET /session/700a0ab92761895b5ec9a5372f8d46fb/screenshot - {}
RESULT: {}
COMMAND: POST /session/700a0ab92761895b5ec9a5372f8d46fb/execute/sync - {"script":"<script> [8489 bytes]","args":[{"element-6066-11e4-a52e-4f735466cecf":"f.647512A71DDA687F9F591F39CAC5A62D.d.56404C524E4621A6DA0555F016224738.e.8750","ELEMENT":"f.647512A71DDA687F9F591F39CAC5A62D.d.56404C524E4621A6DA0555F016224738.e.8750"}]}
RESULT: {"script":"<script> [8489 bytes]","args":[{"element-6066-11e4-a52e-4f735466cecf":"f.647512A71DDA687F9F591F39CAC5A62D.d.56404C524E4621A6DA0555F016224738.e.8750","ELEMENT":"f.647512A71DDA687F9F591F39CAC5A62D.d.56404C524E4621A6DA0555F016224738.e.8750"}]}
COMMAND: GET /session/700a0ab92761895b5ec9a5372f8d46fb/screenshot - {}
RESULT: {}
COMMAND: POST /session/700a0ab92761895b5ec9a5372f8d46fb/execute/sync - {"script":"<script> [8489 bytes]","args":[{"element-6066-11e4-a52e-4f735466cecf":"f.647512A71DDA687F9F591F39CAC5A62D.d.56404C524E4621A6DA0555F016224738.e.8750","ELEMENT":"f.647512A71DDA687F9F591F39CAC5A62D.d.56404C524E4621A6DA0555F016224738.e.8750"}]}
RESULT: {"script":"<script> [8489 bytes]","args":[{"element-6066-11e4-a52e-4f735466cecf":"f.647512A71DDA687F9F591F39CAC5A62D.d.56404C524E4621A6DA0555F016224738.e.8750","ELEMENT":"f.647512A71DDA687F9F591F39CAC5A62D.d.56404C524E4621A6DA0555F016224738.e.8750"}]}
COMMAND: GET /session/700a0ab92761895b5ec9a5372f8d46fb/screenshot - {}
RESULT: {}
COMMAND: POST /session/700a0ab92761895b5ec9a5372f8d46fb/execute/sync - {"script":"<script> [8489 bytes]","args":[{"element-6066-11e4-a52e-4f735466cecf":"f.647512A71DDA687F9F591F39CAC5A62D.d.56404C524E4621A6DA0555F016224738.e.8750","ELEMENT":"f.647512A71DDA687F9F591F39CAC5A62D.d.56404C524E4621A6DA0555F016224738.e.8750"}]}
RESULT: {"script":"<script> [8489 bytes]","args":[{"element-6066-11e4-a52e-4f735466cecf":"f.647512A71DDA687F9F591F39CAC5A62D.d.56404C524E4621A6DA0555F016224738.e.8750","ELEMENT":"f.647512A71DDA687F9F591F39CAC5A62D.d.56404C524E4621A6DA0555F016224738.e.8750"}]}
COMMAND: GET /session/700a0ab92761895b5ec9a5372f8d46fb/screenshot - {}
RESULT: {}
COMMAND: POST /session/700a0ab92761895b5ec9a5372f8d46fb/execute/sync - {"script":"<script> [8489 bytes]","args":[{"element-6066-11e4-a52e-4f735466cecf":"f.647512A71DDA687F9F591F39CAC5A62D.d.56404C524E4621A6DA0555F016224738.e.8750","ELEMENT":"f.647512A71DDA687F9F591F39CAC5A62D.d.56404C524E4621A6DA0555F016224738.e.8750"}]}
RESULT: {"script":"<script> [8489 bytes]","args":[{"element-6066-11e4-a52e-4f735466cecf":"f.647512A71DDA687F9F591F39CAC5A62D.d.56404C524E4621A6DA0555F016224738.e.8750","ELEMENT":"f.647512A71DDA687F9F591F39CAC5A62D.d.56404C524E4621A6DA0555F016224738.e.8750"}]}
COMMAND: GET /session/700a0ab92761895b5ec9a5372f8d46fb/screenshot - {}
RESULT: {}
COMMAND: POST /session/700a0ab92761895b5ec9a5372f8d46fb/execute/sync - {"script":"<script> [8489 bytes]","args":[{"element-6066-11e4-a52e-4f735466cecf":"f.647512A71DDA687F9F591F39CAC5A62D.d.56404C524E4621A6DA0555F016224738.e.8750","ELEMENT":"f.647512A71DDA687F9F591F39CAC5A62D.d.56404C524E4621A6DA0555F016224738.e.8750"}]}
RESULT: {"script":"<script> [8489 bytes]","args":[{"element-6066-11e4-a52e-4f735466cecf":"f.647512A71DDA687F9F591F39CAC5A62D.d.56404C524E4621A6DA0555F016224738.e.8750","ELEMENT":"f.647512A71DDA687F9F591F39CAC5A62D.d.56404C524E4621A6DA0555F016224738.e.8750"}]}
COMMAND: GET /session/700a0ab92761895b5ec9a5372f8d46fb/screenshot - {}
RESULT: {}
COMMAND: POST /session/700a0ab92761895b5ec9a5372f8d46fb/execute/sync - {"script":"<script> [8489 bytes]","args":[{"element-6066-11e4-a52e-4f735466cecf":"f.647512A71DDA687F9F591F39CAC5A62D.d.56404C524E4621A6DA0555F016224738.e.8750","ELEMENT":"f.647512A71DDA687F9F591F39CAC5A62D.d.56404C524E4621A6DA0555F016224738.e.8750"}]}
RESULT: {"script":"<script> [8489 bytes]","args":[{"element-6066-11e4-a52e-4f735466cecf":"f.647512A71DDA687F9F591F39CAC5A62D.d.56404C524E4621A6DA0555F016224738.e.8750","ELEMENT":"f.647512A71DDA687F9F591F39CAC5A62D.d.56404C524E4621A6DA0555F016224738.e.8750"}]}
COMMAND: GET /session/700a0ab92761895b5ec9a5372f8d46fb/screenshot - {}
RESULT: {}
COMMAND: POST /session/700a0ab92761895b5ec9a5372f8d46fb/execute/sync - {"script":"<script> [8489 bytes]","args":[{"element-6066-11e4-a52e-4f735466cecf":"f.647512A71DDA687F9F591F39CAC5A62D.d.56404C524E4621A6DA0555F016224738.e.8750","ELEMENT":"f.647512A71DDA687F9F591F39CAC5A62D.d.56404C524E4621A6DA0555F016224738.e.8750"}]}
RESULT: {"script":"<script> [8489 bytes]","args":[{"element-6066-11e4-a52e-4f735466cecf":"f.647512A71DDA687F9F591F39CAC5A62D.d.56404C524E4621A6DA0555F016224738.e.8750","ELEMENT":"f.647512A71DDA687F9F591F39CAC5A62D.d.56404C524E4621A6DA0555F016224738.e.8750"}]}
COMMAND: GET /session/700a0ab92761895b5ec9a5372f8d46fb/screenshot - {}
RESULT: {}
COMMAND: POST /session/700a0ab92761895b5ec9a5372f8d46fb/execute/sync - {"script":"<script> [8489 bytes]","args":[{"element-6066-11e4-a52e-4f735466cecf":"f.647512A71DDA687F9F591F39CAC5A62D.d.56404C524E4621A6DA0555F016224738.e.8750","ELEMENT":"f.647512A71DDA687F9F591F39CAC5A62D.d.56404C524E4621A6DA0555F016224738.e.8750"}]}
RESULT: {"script":"<script> [8489 bytes]","args":[{"element-6066-11e4-a52e-4f735466cecf":"f.647512A71DDA687F9F591F39CAC5A62D.d.56404C524E4621A6DA0555F016224738.e.8750","ELEMENT":"f.647512A71DDA687F9F591F39CAC5A62D.d.56404C524E4621A6DA0555F016224738.e.8750"}]}
COMMAND: GET /session/700a0ab92761895b5ec9a5372f8d46fb/screenshot - {}
RESULT: {}
COMMAND: POST /session/700a0ab92761895b5ec9a5372f8d46fb/execute/sync - {"script":"<script> [8489 bytes]","args":[{"element-6066-11e4-a52e-4f735466cecf":"f.647512A71DDA687F9F591F39CAC5A62D.d.56404C524E4621A6DA0555F016224738.e.8750","ELEMENT":"f.647512A71DDA687F9F591F39CAC5A62D.d.56404C524E4621A6DA0555F016224738.e.8750"}]}
RESULT: {"script":"<script> [8489 bytes]","args":[{"element-6066-11e4-a52e-4f735466cecf":"f.647512A71DDA687F9F591F39CAC5A62D.d.56404C524E4621A6DA0555F016224738.e.8750","ELEMENT":"f.647512A71DDA687F9F591F39CAC5A62D.d.56404C524E4621A6DA0555F016224738.e.8750"}]}
COMMAND: GET /session/700a0ab92761895b5ec9a5372f8d46fb/screenshot - {}
RESULT: {}
COMMAND: POST /session/700a0ab92761895b5ec9a5372f8d46fb/execute/sync - {"script":"<script> [8489 bytes]","args":[{"element-6066-11e4-a52e-4f735466cecf":"f.647512A71DDA687F9F591F39CAC5A62D.d.56404C524E4621A6DA0555F016224738.e.8750","ELEMENT":"f.647512A71DDA687F9F591F39CAC5A62D.d.56404C524E4621A6DA0555F016224738.e.8750"}]}
RESULT: {"script":"<script> [8489 bytes]","args":[{"element-6066-11e4-a52e-4f735466cecf":"f.647512A71DDA687F9F591F39CAC5A62D.d.56404C524E4621A6DA0555F016224738.e.8750","ELEMENT":"f.647512A71DDA687F9F591F39CAC5A62D.d.56404C524E4621A6DA0555F016224738.e.8750"}]}
COMMAND: GET /session/700a0ab92761895b5ec9a5372f8d46fb/screenshot - {}
RESULT: {}
COMMAND: POST /session/700a0ab92761895b5ec9a5372f8d46fb/execute/sync - {"script":"<script> [8489 bytes]","args":[{"element-6066-11e4-a52e-4f735466cecf":"f.647512A71DDA687F9F591F39CAC5A62D.d.56404C524E4621A6DA0555F016224738.e.8750","ELEMENT":"f.647512A71DDA687F9F591F39CAC5A62D.d.56404C524E4621A6DA0555F016224738.e.8750"}]}
RESULT: {"script":"<script> [8489 bytes]","args":[{"element-6066-11e4-a52e-4f735466cecf":"f.647512A71DDA687F9F591F39CAC5A62D.d.56404C524E4621A6DA0555F016224738.e.8750","ELEMENT":"f.647512A71DDA687F9F591F39CAC5A62D.d.56404C524E4621A6DA0555F016224738.e.8750"}]}
COMMAND: GET /session/700a0ab92761895b5ec9a5372f8d46fb/screenshot - {}
RESULT: {}
COMMAND: POST /session/700a0ab92761895b5ec9a5372f8d46fb/execute/sync - {"script":"<script> [8489 bytes]","args":[{"element-6066-11e4-a52e-4f735466cecf":"f.647512A71DDA687F9F591F39CAC5A62D.d.56404C524E4621A6DA0555F016224738.e.8750","ELEMENT":"f.647512A71DDA687F9F591F39CAC5A62D.d.56404C524E4621A6DA0555F016224738.e.8750"}]}
RESULT: {"script":"<script> [8489 bytes]","args":[{"element-6066-11e4-a52e-4f735466cecf":"f.647512A71DDA687F9F591F39CAC5A62D.d.56404C524E4621A6DA0555F016224738.e.8750","ELEMENT":"f.647512A71DDA687F9F591F39CAC5A62D.d.56404C524E4621A6DA0555F016224738.e.8750"}]}
COMMAND: GET /session/700a0ab92761895b5ec9a5372f8d46fb/screenshot - {}
RESULT: {}
COMMAND: POST /session/700a0ab92761895b5ec9a5372f8d46fb/execute/sync - {"script":"<script> [8489 bytes]","args":[{"element-6066-11e4-a52e-4f735466cecf":"f.647512A71DDA687F9F591F39CAC5A62D.d.56404C524E4621A6DA0555F016224738.e.8750","ELEMENT":"f.647512A71DDA687F9F591F39CAC5A62D.d.56404C524E4621A6DA0555F016224738.e.8750"}]}
RESULT: {"script":"<script> [8489 bytes]","args":[{"element-6066-11e4-a52e-4f735466cecf":"f.647512A71DDA687F9F591F39CAC5A62D.d.56404C524E4621A6DA0555F016224738.e.8750","ELEMENT":"f.647512A71DDA687F9F591F39CAC5A62D.d.56404C524E4621A6DA0555F016224738.e.8750"}]}
COMMAND: GET /session/700a0ab92761895b5ec9a5372f8d46fb/screenshot - {}
RESULT: {}
COMMAND: POST /session/700a0ab92761895b5ec9a5372f8d46fb/execute/sync - {"script":"<script> [8489 bytes]","args":[{"element-6066-11e4-a52e-4f735466cecf":"f.647512A71DDA687F9F591F39CAC5A62D.d.56404C524E4621A6DA0555F016224738.e.8750","ELEMENT":"f.647512A71DDA687F9F591F39CAC5A62D.d.56404C524E4621A6DA0555F016224738.e.8750"}]}
RESULT: {"script":"<script> [8489 bytes]","args":[{"element-6066-11e4-a52e-4f735466cecf":"f.647512A71DDA687F9F591F39CAC5A62D.d.56404C524E4621A6DA0555F016224738.e.8750","ELEMENT":"f.647512A71DDA687F9F591F39CAC5A62D.d.56404C524E4621A6DA0555F016224738.e.8750"}]}
COMMAND: GET /session/700a0ab92761895b5ec9a5372f8d46fb/screenshot - {}
RESULT: {}
COMMAND: POST /session/700a0ab92761895b5ec9a5372f8d46fb/execute/sync - {"script":"<script> [8489 bytes]","args":[{"element-6066-11e4-a52e-4f735466cecf":"f.647512A71DDA687F9F591F39CAC5A62D.d.56404C524E4621A6DA0555F016224738.e.8750","ELEMENT":"f.647512A71DDA687F9F591F39CAC5A62D.d.56404C524E4621A6DA0555F016224738.e.8750"}]}
RESULT: {"script":"<script> [8489 bytes]","args":[{"element-6066-11e4-a52e-4f735466cecf":"f.647512A71DDA687F9F591F39CAC5A62D.d.56404C524E4621A6DA0555F016224738.e.8750","ELEMENT":"f.647512A71DDA687F9F591F39CAC5A62D.d.56404C524E4621A6DA0555F016224738.e.8750"}]}
COMMAND: GET /session/700a0ab92761895b5ec9a5372f8d46fb/screenshot - {}
RESULT: {}
COMMAND: POST /session/700a0ab92761895b5ec9a5372f8d46fb/execute/sync - {"script":"<script> [8489 bytes]","args":[{"element-6066-11e4-a52e-4f735466cecf":"f.647512A71DDA687F9F591F39CAC5A62D.d.56404C524E4621A6DA0555F016224738.e.8750","ELEMENT":"f.647512A71DDA687F9F591F39CAC5A62D.d.56404C524E4621A6DA0555F016224738.e.8750"}]}
RESULT: {"script":"<script> [8489 bytes]","args":[{"element-6066-11e4-a52e-4f735466cecf":"f.647512A71DDA687F9F591F39CAC5A62D.d.56404C524E4621A6DA0555F016224738.e.8750","ELEMENT":"f.647512A71DDA687F9F591F39CAC5A62D.d.56404C524E4621A6DA0555F016224738.e.8750"}]}
COMMAND: GET /session/700a0ab92761895b5ec9a5372f8d46fb/screenshot - {}
RESULT: {}
COMMAND: POST /session/700a0ab92761895b5ec9a5372f8d46fb/execute/sync - {"script":"<script> [8489 bytes]","args":[{"element-6066-11e4-a52e-4f735466cecf":"f.647512A71DDA687F9F591F39CAC5A62D.d.56404C524E4621A6DA0555F016224738.e.8750","ELEMENT":"f.647512A71DDA687F9F591F39CAC5A62D.d.56404C524E4621A6DA0555F016224738.e.8750"}]}
RESULT: {"script":"<script> [8489 bytes]","args":[{"element-6066-11e4-a52e-4f735466cecf":"f.647512A71DDA687F9F591F39CAC5A62D.d.56404C524E4621A6DA0555F016224738.e.8750","ELEMENT":"f.647512A71DDA687F9F591F39CAC5A62D.d.56404C524E4621A6DA0555F016224738.e.8750"}]}
COMMAND: GET /session/700a0ab92761895b5ec9a5372f8d46fb/screenshot - {}
RESULT: {}
COMMAND: POST /session/700a0ab92761895b5ec9a5372f8d46fb/execute/sync - {"script":"<script> [8489 bytes]","args":[{"element-6066-11e4-a52e-4f735466cecf":"f.647512A71DDA687F9F591F39CAC5A62D.d.56404C524E4621A6DA0555F016224738.e.8750","ELEMENT":"f.647512A71DDA687F9F591F39CAC5A62D.d.56404C524E4621A6DA0555F016224738.e.8750"}]}
RESULT: {"script":"<script> [8489 bytes]","args":[{"element-6066-11e4-a52e-4f735466cecf":"f.647512A71DDA687F9F591F39CAC5A62D.d.56404C524E4621A6DA0555F016224738.e.8750","ELEMENT":"f.647512A71DDA687F9F591F39CAC5A62D.d.56404C524E4621A6DA0555F016224738.e.8750"}]}
COMMAND: GET /session/700a0ab92761895b5ec9a5372f8d46fb/screenshot - {}
RESULT: {}
COMMAND: POST /session/700a0ab92761895b5ec9a5372f8d46fb/execute/sync - {"script":"<script> [8489 bytes]","args":[{"element-6066-11e4-a52e-4f735466cecf":"f.647512A71DDA687F9F591F39CAC5A62D.d.56404C524E4621A6DA0555F016224738.e.8750","ELEMENT":"f.647512A71DDA687F9F591F39CAC5A62D.d.56404C524E4621A6DA0555F016224738.e.8750"}]}
RESULT: {"script":"<script> [8489 bytes]","args":[{"element-6066-11e4-a52e-4f735466cecf":"f.647512A71DDA687F9F591F39CAC5A62D.d.56404C524E4621A6DA0555F016224738.e.8750","ELEMENT":"f.647512A71DDA687F9F591F39CAC5A62D.d.56404C524E4621A6DA0555F016224738.e.8750"}]}
COMMAND: GET /session/700a0ab92761895b5ec9a5372f8d46fb/screenshot - {}
RESULT: {}
COMMAND: POST /session/700a0ab92761895b5ec9a5372f8d46fb/execute/sync - {"script":"<script> [8489 bytes]","args":[{"element-6066-11e4-a52e-4f735466cecf":"f.647512A71DDA687F9F591F39CAC5A62D.d.56404C524E4621A6DA0555F016224738.e.8750","ELEMENT":"f.647512A71DDA687F9F591F39CAC5A62D.d.56404C524E4621A6DA0555F016224738.e.8750"}]}
RESULT: {"script":"<script> [8489 bytes]","args":[{"element-6066-11e4-a52e-4f735466cecf":"f.647512A71DDA687F9F591F39CAC5A62D.d.56404C524E4621A6DA0555F016224738.e.8750","ELEMENT":"f.647512A71DDA687F9F591F39CAC5A62D.d.56404C524E4621A6DA0555F016224738.e.8750"}]}
COMMAND: GET /session/700a0ab92761895b5ec9a5372f8d46fb/screenshot - {}
RESULT: {}
COMMAND: POST /session/700a0ab92761895b5ec9a5372f8d46fb/execute/sync - {"script":"<script> [8489 bytes]","args":[{"element-6066-11e4-a52e-4f735466cecf":"f.647512A71DDA687F9F591F39CAC5A62D.d.56404C524E4621A6DA0555F016224738.e.8750","ELEMENT":"f.647512A71DDA687F9F591F39CAC5A62D.d.56404C524E4621A6DA0555F016224738.e.8750"}]}
RESULT: {"script":"<script> [8489 bytes]","args":[{"element-6066-11e4-a52e-4f735466cecf":"f.647512A71DDA687F9F591F39CAC5A62D.d.56404C524E4621A6DA0555F016224738.e.8750","ELEMENT":"f.647512A71DDA687F9F591F39CAC5A62D.d.56404C524E4621A6DA0555F016224738.e.8750"}]}
COMMAND: GET /session/700a0ab92761895b5ec9a5372f8d46fb/screenshot - {}
RESULT: {}
COMMAND: POST /session/700a0ab92761895b5ec9a5372f8d46fb/execute/sync - {"script":"<script> [8489 bytes]","args":[{"element-6066-11e4-a52e-4f735466cecf":"f.647512A71DDA687F9F591F39CAC5A62D.d.56404C524E4621A6DA0555F016224738.e.8750","ELEMENT":"f.647512A71DDA687F9F591F39CAC5A62D.d.56404C524E4621A6DA0555F016224738.e.8750"}]}
RESULT: {"script":"<script> [8489 bytes]","args":[{"element-6066-11e4-a52e-4f735466cecf":"f.647512A71DDA687F9F591F39CAC5A62D.d.56404C524E4621A6DA0555F016224738.e.8750","ELEMENT":"f.647512A71DDA687F9F591F39CAC5A62D.d.56404C524E4621A6DA0555F016224738.e.8750"}]}
COMMAND: GET /session/700a0ab92761895b5ec9a5372f8d46fb/screenshot - {}
RESULT: {}
COMMAND: POST /session/700a0ab92761895b5ec9a5372f8d46fb/execute/sync - {"script":"<script> [8489 bytes]","args":[{"element-6066-11e4-a52e-4f735466cecf":"f.647512A71DDA687F9F591F39CAC5A62D.d.56404C524E4621A6DA0555F016224738.e.8750","ELEMENT":"f.647512A71DDA687F9F591F39CAC5A62D.d.56404C524E4621A6DA0555F016224738.e.8750"}]}
RESULT: {"script":"<script> [8489 bytes]","args":[{"element-6066-11e4-a52e-4f735466cecf":"f.647512A71DDA687F9F591F39CAC5A62D.d.56404C524E4621A6DA0555F016224738.e.8750","ELEMENT":"f.647512A71DDA687F9F591F39CAC5A62D.d.56404C524E4621A6DA0555F016224738.e.8750"}]}
COMMAND: GET /session/700a0ab92761895b5ec9a5372f8d46fb/screenshot - {}
RESULT: {}
COMMAND: POST /session/700a0ab92761895b5ec9a5372f8d46fb/execute/sync - {"script":"<script> [8489 bytes]","args":[{"element-6066-11e4-a52e-4f735466cecf":"f.647512A71DDA687F9F591F39CAC5A62D.d.56404C524E4621A6DA0555F016224738.e.8750","ELEMENT":"f.647512A71DDA687F9F591F39CAC5A62D.d.56404C524E4621A6DA0555F016224738.e.8750"}]}
RESULT: {"script":"<script> [8489 bytes]","args":[{"element-6066-11e4-a52e-4f735466cecf":"f.647512A71DDA687F9F591F39CAC5A62D.d.56404C524E4621A6DA0555F016224738.e.8750","ELEMENT":"f.647512A71DDA687F9F591F39CAC5A62D.d.56404C524E4621A6DA0555F016224738.e.8750"}]}
COMMAND: GET /session/700a0ab92761895b5ec9a5372f8d46fb/screenshot - {}
RESULT: {}
COMMAND: POST /session/700a0ab92761895b5ec9a5372f8d46fb/execute/sync - {"script":"<script> [8489 bytes]","args":[{"element-6066-11e4-a52e-4f735466cecf":"f.647512A71DDA687F9F591F39CAC5A62D.d.56404C524E4621A6DA0555F016224738.e.8750","ELEMENT":"f.647512A71DDA687F9F591F39CAC5A62D.d.56404C524E4621A6DA0555F016224738.e.8750"}]}
RESULT: {"script":"<script> [8489 bytes]","args":[{"element-6066-11e4-a52e-4f735466cecf":"f.647512A71DDA687F9F591F39CAC5A62D.d.56404C524E4621A6DA0555F016224738.e.8750","ELEMENT":"f.647512A71DDA687F9F591F39CAC5A62D.d.56404C524E4621A6DA0555F016224738.e.8750"}]}
COMMAND: GET /session/700a0ab92761895b5ec9a5372f8d46fb/screenshot - {}
RESULT: {}
COMMAND: POST /session/700a0ab92761895b5ec9a5372f8d46fb/execute/sync - {"script":"<script> [8489 bytes]","args":[{"element-6066-11e4-a52e-4f735466cecf":"f.647512A71DDA687F9F591F39CAC5A62D.d.56404C524E4621A6DA0555F016224738.e.8750","ELEMENT":"f.647512A71DDA687F9F591F39CAC5A62D.d.56404C524E4621A6DA0555F016224738.e.8750"}]}
RESULT: {"script":"<script> [8489 bytes]","args":[{"element-6066-11e4-a52e-4f735466cecf":"f.647512A71DDA687F9F591F39CAC5A62D.d.56404C524E4621A6DA0555F016224738.e.8750","ELEMENT":"f.647512A71DDA687F9F591F39CAC5A62D.d.56404C524E4621A6DA0555F016224738.e.8750"}]}
COMMAND: GET /session/700a0ab92761895b5ec9a5372f8d46fb/screenshot - {}
RESULT: {}
COMMAND: POST /session/700a0ab92761895b5ec9a5372f8d46fb/execute/sync - {"script":"<script> [8489 bytes]","args":[{"element-6066-11e4-a52e-4f735466cecf":"f.647512A71DDA687F9F591F39CAC5A62D.d.56404C524E4621A6DA0555F016224738.e.8750","ELEMENT":"f.647512A71DDA687F9F591F39CAC5A62D.d.56404C524E4621A6DA0555F016224738.e.8750"}]}
RESULT: {"script":"<script> [8489 bytes]","args":[{"element-6066-11e4-a52e-4f735466cecf":"f.647512A71DDA687F9F591F39CAC5A62D.d.56404C524E4621A6DA0555F016224738.e.8750","ELEMENT":"f.647512A71DDA687F9F591F39CAC5A62D.d.56404C524E4621A6DA0555F016224738.e.8750"}]}
COMMAND: GET /session/700a0ab92761895b5ec9a5372f8d46fb/screenshot - {}
RESULT: {}
COMMAND: POST /session/700a0ab92761895b5ec9a5372f8d46fb/execute/sync - {"script":"<script> [8489 bytes]","args":[{"element-6066-11e4-a52e-4f735466cecf":"f.647512A71DDA687F9F591F39CAC5A62D.d.56404C524E4621A6DA0555F016224738.e.8750","ELEMENT":"f.647512A71DDA687F9F591F39CAC5A62D.d.56404C524E4621A6DA0555F016224738.e.8750"}]}
RESULT: {"script":"<script> [8489 bytes]","args":[{"element-6066-11e4-a52e-4f735466cecf":"f.647512A71DDA687F9F591F39CAC5A62D.d.56404C524E4621A6DA0555F016224738.e.8750","ELEMENT":"f.647512A71DDA687F9F591F39CAC5A62D.d.56404C524E4621A6DA0555F016224738.e.8750"}]}
COMMAND: GET /session/700a0ab92761895b5ec9a5372f8d46fb/screenshot - {}
RESULT: {}
COMMAND: POST /session/700a0ab92761895b5ec9a5372f8d46fb/execute/sync - {"script":"<script> [8489 bytes]","args":[{"element-6066-11e4-a52e-4f735466cecf":"f.647512A71DDA687F9F591F39CAC5A62D.d.56404C524E4621A6DA0555F016224738.e.8750","ELEMENT":"f.647512A71DDA687F9F591F39CAC5A62D.d.56404C524E4621A6DA0555F016224738.e.8750"}]}
RESULT: {"script":"<script> [8489 bytes]","args":[{"element-6066-11e4-a52e-4f735466cecf":"f.647512A71DDA687F9F591F39CAC5A62D.d.56404C524E4621A6DA0555F016224738.e.8750","ELEMENT":"f.647512A71DDA687F9F591F39CAC5A62D.d.56404C524E4621A6DA0555F016224738.e.8750"}]}
COMMAND: GET /session/700a0ab92761895b5ec9a5372f8d46fb/screenshot - {}
RESULT: {}
COMMAND: POST /session/700a0ab92761895b5ec9a5372f8d46fb/execute/sync - {"script":"<script> [8489 bytes]","args":[{"element-6066-11e4-a52e-4f735466cecf":"f.647512A71DDA687F9F591F39CAC5A62D.d.56404C524E4621A6DA0555F016224738.e.8750","ELEMENT":"f.647512A71DDA687F9F591F39CAC5A62D.d.56404C524E4621A6DA0555F016224738.e.8750"}]}
RESULT: {"script":"<script> [8489 bytes]","args":[{"element-6066-11e4-a52e-4f735466cecf":"f.647512A71DDA687F9F591F39CAC5A62D.d.56404C524E4621A6DA0555F016224738.e.8750","ELEMENT":"f.647512A71DDA687F9F591F39CAC5A62D.d.56404C524E4621A6DA0555F016224738.e.8750"}]}
COMMAND: GET /session/700a0ab92761895b5ec9a5372f8d46fb/screenshot - {}
RESULT: {}
COMMAND: POST /session/700a0ab92761895b5ec9a5372f8d46fb/execute/sync - {"script":"<script> [8489 bytes]","args":[{"element-6066-11e4-a52e-4f735466cecf":"f.647512A71DDA687F9F591F39CAC5A62D.d.56404C524E4621A6DA0555F016224738.e.8750","ELEMENT":"f.647512A71DDA687F9F591F39CAC5A62D.d.56404C524E4621A6DA0555F016224738.e.8750"}]}
RESULT: {"script":"<script> [8489 bytes]","args":[{"element-6066-11e4-a52e-4f735466cecf":"f.647512A71DDA687F9F591F39CAC5A62D.d.56404C524E4621A6DA0555F016224738.e.8750","ELEMENT":"f.647512A71DDA687F9F591F39CAC5A62D.d.56404C524E4621A6DA0555F016224738.e.8750"}]}
COMMAND: GET /session/700a0ab92761895b5ec9a5372f8d46fb/screenshot - {}
RESULT: {}
COMMAND: POST /session/700a0ab92761895b5ec9a5372f8d46fb/execute/sync - {"script":"<script> [8489 bytes]","args":[{"element-6066-11e4-a52e-4f735466cecf":"f.647512A71DDA687F9F591F39CAC5A62D.d.56404C524E4621A6DA0555F016224738.e.8750","ELEMENT":"f.647512A71DDA687F9F591F39CAC5A62D.d.56404C524E4621A6DA0555F016224738.e.8750"}]}
RESULT: {"script":"<script> [8489 bytes]","args":[{"element-6066-11e4-a52e-4f735466cecf":"f.647512A71DDA687F9F591F39CAC5A62D.d.56404C524E4621A6DA0555F016224738.e.8750","ELEMENT":"f.647512A71DDA687F9F591F39CAC5A62D.d.56404C524E4621A6DA0555F016224738.e.8750"}]}
COMMAND: GET /session/700a0ab92761895b5ec9a5372f8d46fb/screenshot - {}
RESULT: {}
COMMAND: POST /session/700a0ab92761895b5ec9a5372f8d46fb/execute/sync - {"script":"<script> [8489 bytes]","args":[{"element-6066-11e4-a52e-4f735466cecf":"f.647512A71DDA687F9F591F39CAC5A62D.d.56404C524E4621A6DA0555F016224738.e.8750","ELEMENT":"f.647512A71DDA687F9F591F39CAC5A62D.d.56404C524E4621A6DA0555F016224738.e.8750"}]}
RESULT: {"script":"<script> [8489 bytes]","args":[{"element-6066-11e4-a52e-4f735466cecf":"f.647512A71DDA687F9F591F39CAC5A62D.d.56404C524E4621A6DA0555F016224738.e.8750","ELEMENT":"f.647512A71DDA687F9F591F39CAC5A62D.d.56404C524E4621A6DA0555F016224738.e.8750"}]}
COMMAND: GET /session/700a0ab92761895b5ec9a5372f8d46fb/screenshot - {}
RESULT: {}
COMMAND: POST /session/700a0ab92761895b5ec9a5372f8d46fb/execute/sync - {"script":"<script> [8489 bytes]","args":[{"element-6066-11e4-a52e-4f735466cecf":"f.647512A71DDA687F9F591F39CAC5A62D.d.56404C524E4621A6DA0555F016224738.e.8750","ELEMENT":"f.647512A71DDA687F9F591F39CAC5A62D.d.56404C524E4621A6DA0555F016224738.e.8750"}]}
RESULT: {"script":"<script> [8489 bytes]","args":[{"element-6066-11e4-a52e-4f735466cecf":"f.647512A71DDA687F9F591F39CAC5A62D.d.56404C524E4621A6DA0555F016224738.e.8750","ELEMENT":"f.647512A71DDA687F9F591F39CAC5A62D.d.56404C524E4621A6DA0555F016224738.e.8750"}]}
COMMAND: GET /session/700a0ab92761895b5ec9a5372f8d46fb/screenshot - {}
RESULT: {}
COMMAND: POST /session/700a0ab92761895b5ec9a5372f8d46fb/execute/sync - {"script":"<script> [8489 bytes]","args":[{"element-6066-11e4-a52e-4f735466cecf":"f.647512A71DDA687F9F591F39CAC5A62D.d.56404C524E4621A6DA0555F016224738.e.8750","ELEMENT":"f.647512A71DDA687F9F591F39CAC5A62D.d.56404C524E4621A6DA0555F016224738.e.8750"}]}
RESULT: {"script":"<script> [8489 bytes]","args":[{"element-6066-11e4-a52e-4f735466cecf":"f.647512A71DDA687F9F591F39CAC5A62D.d.56404C524E4621A6DA0555F016224738.e.8750","ELEMENT":"f.647512A71DDA687F9F591F39CAC5A62D.d.56404C524E4621A6DA0555F016224738.e.8750"}]}
COMMAND: GET /session/700a0ab92761895b5ec9a5372f8d46fb/screenshot - {}
RESULT: {}
COMMAND: POST /session/700a0ab92761895b5ec9a5372f8d46fb/execute/sync - {"script":"<script> [8489 bytes]","args":[{"element-6066-11e4-a52e-4f735466cecf":"f.647512A71DDA687F9F591F39CAC5A62D.d.56404C524E4621A6DA0555F016224738.e.8750","ELEMENT":"f.647512A71DDA687F9F591F39CAC5A62D.d.56404C524E4621A6DA0555F016224738.e.8750"}]}
RESULT: {"script":"<script> [8489 bytes]","args":[{"element-6066-11e4-a52e-4f735466cecf":"f.647512A71DDA687F9F591F39CAC5A62D.d.56404C524E4621A6DA0555F016224738.e.8750","ELEMENT":"f.647512A71DDA687F9F591F39CAC5A62D.d.56404C524E4621A6DA0555F016224738.e.8750"}]}
COMMAND: GET /session/700a0ab92761895b5ec9a5372f8d46fb/screenshot - {}
RESULT: {}
COMMAND: POST /session/700a0ab92761895b5ec9a5372f8d46fb/execute/sync - {"script":"<script> [8489 bytes]","args":[{"element-6066-11e4-a52e-4f735466cecf":"f.647512A71DDA687F9F591F39CAC5A62D.d.56404C524E4621A6DA0555F016224738.e.8750","ELEMENT":"f.647512A71DDA687F9F591F39CAC5A62D.d.56404C524E4621A6DA0555F016224738.e.8750"}]}
RESULT: {"script":"<script> [8489 bytes]","args":[{"element-6066-11e4-a52e-4f735466cecf":"f.647512A71DDA687F9F591F39CAC5A62D.d.56404C524E4621A6DA0555F016224738.e.8750","ELEMENT":"f.647512A71DDA687F9F591F39CAC5A62D.d.56404C524E4621A6DA0555F016224738.e.8750"}]}
COMMAND: GET /session/700a0ab92761895b5ec9a5372f8d46fb/screenshot - {}
RESULT: {}
COMMAND: POST /session/700a0ab92761895b5ec9a5372f8d46fb/execute/sync - {"script":"<script> [8489 bytes]","args":[{"element-6066-11e4-a52e-4f735466cecf":"f.647512A71DDA687F9F591F39CAC5A62D.d.56404C524E4621A6DA0555F016224738.e.8750","ELEMENT":"f.647512A71DDA687F9F591F39CAC5A62D.d.56404C524E4621A6DA0555F016224738.e.8750"}]}
RESULT: {"script":"<script> [8489 bytes]","args":[{"element-6066-11e4-a52e-4f735466cecf":"f.647512A71DDA687F9F591F39CAC5A62D.d.56404C524E4621A6DA0555F016224738.e.8750","ELEMENT":"f.647512A71DDA687F9F591F39CAC5A62D.d.56404C524E4621A6DA0555F016224738.e.8750"}]}
COMMAND: GET /session/700a0ab92761895b5ec9a5372f8d46fb/screenshot - {}
RESULT: {}
COMMAND: POST /session/700a0ab92761895b5ec9a5372f8d46fb/execute/sync - {"script":"<script> [8489 bytes]","args":[{"element-6066-11e4-a52e-4f735466cecf":"f.647512A71DDA687F9F591F39CAC5A62D.d.56404C524E4621A6DA0555F016224738.e.8750","ELEMENT":"f.647512A71DDA687F9F591F39CAC5A62D.d.56404C524E4621A6DA0555F016224738.e.8750"}]}
RESULT: {"script":"<script> [8489 bytes]","args":[{"element-6066-11e4-a52e-4f735466cecf":"f.647512A71DDA687F9F591F39CAC5A62D.d.56404C524E4621A6DA0555F016224738.e.8750","ELEMENT":"f.647512A71DDA687F9F591F39CAC5A62D.d.56404C524E4621A6DA0555F016224738.e.8750"}]}
COMMAND: GET /session/700a0ab92761895b5ec9a5372f8d46fb/screenshot - {}
RESULT: {}
COMMAND: POST /session/700a0ab92761895b5ec9a5372f8d46fb/execute/sync - {"script":"<script> [8489 bytes]","args":[{"element-6066-11e4-a52e-4f735466cecf":"f.647512A71DDA687F9F591F39CAC5A62D.d.56404C524E4621A6DA0555F016224738.e.8750","ELEMENT":"f.647512A71DDA687F9F591F39CAC5A62D.d.56404C524E4621A6DA0555F016224738.e.8750"}]}
RESULT: {"script":"<script> [8489 bytes]","args":[{"element-6066-11e4-a52e-4f735466cecf":"f.647512A71DDA687F9F591F39CAC5A62D.d.56404C524E4621A6DA0555F016224738.e.8750","ELEMENT":"f.647512A71DDA687F9F591F39CAC5A62D.d.56404C524E4621A6DA0555F016224738.e.8750"}]}
COMMAND: GET /session/700a0ab92761895b5ec9a5372f8d46fb/screenshot - {}
RESULT: {}
COMMAND: POST /session/700a0ab92761895b5ec9a5372f8d46fb/execute/sync - {"script":"<script> [8489 bytes]","args":[{"element-6066-11e4-a52e-4f735466cecf":"f.647512A71DDA687F9F591F39CAC5A62D.d.56404C524E4621A6DA0555F016224738.e.8750","ELEMENT":"f.647512A71DDA687F9F591F39CAC5A62D.d.56404C524E4621A6DA0555F016224738.e.8750"}]}
RESULT: {"script":"<script> [8489 bytes]","args":[{"element-6066-11e4-a52e-4f735466cecf":"f.647512A71DDA687F9F591F39CAC5A62D.d.56404C524E4621A6DA0555F016224738.e.8750","ELEMENT":"f.647512A71DDA687F9F591F39CAC5A62D.d.56404C524E4621A6DA0555F016224738.e.8750"}]}
COMMAND: GET /session/700a0ab92761895b5ec9a5372f8d46fb/screenshot - {}
RESULT: {}
COMMAND: POST /session/700a0ab92761895b5ec9a5372f8d46fb/execute/sync - {"script":"<script> [8489 bytes]","args":[{"element-6066-11e4-a52e-4f735466cecf":"f.647512A71DDA687F9F591F39CAC5A62D.d.56404C524E4621A6DA0555F016224738.e.8750","ELEMENT":"f.647512A71DDA687F9F591F39CAC5A62D.d.56404C524E4621A6DA0555F016224738.e.8750"}]}
RESULT: {"script":"<script> [8489 bytes]","args":[{"element-6066-11e4-a52e-4f735466cecf":"f.647512A71DDA687F9F591F39CAC5A62D.d.56404C524E4621A6DA0555F016224738.e.8750","ELEMENT":"f.647512A71DDA687F9F591F39CAC5A62D.d.56404C524E4621A6DA0555F016224738.e.8750"}]}
COMMAND: GET /session/700a0ab92761895b5ec9a5372f8d46fb/screenshot - {}
RESULT: {}
COMMAND: POST /session/700a0ab92761895b5ec9a5372f8d46fb/execute/sync - {"script":"<script> [8489 bytes]","args":[{"element-6066-11e4-a52e-4f735466cecf":"f.647512A71DDA687F9F591F39CAC5A62D.d.56404C524E4621A6DA0555F016224738.e.8750","ELEMENT":"f.647512A71DDA687F9F591F39CAC5A62D.d.56404C524E4621A6DA0555F016224738.e.8750"}]}
RESULT: {"script":"<script> [8489 bytes]","args":[{"element-6066-11e4-a52e-4f735466cecf":"f.647512A71DDA687F9F591F39CAC5A62D.d.56404C524E4621A6DA0555F016224738.e.8750","ELEMENT":"f.647512A71DDA687F9F591F39CAC5A62D.d.56404C524E4621A6DA0555F016224738.e.8750"}]}
COMMAND: GET /session/700a0ab92761895b5ec9a5372f8d46fb/screenshot - {}
RESULT: {}
COMMAND: POST /session/700a0ab92761895b5ec9a5372f8d46fb/execute/sync - {"script":"<script> [8489 bytes]","args":[{"element-6066-11e4-a52e-4f735466cecf":"f.647512A71DDA687F9F591F39CAC5A62D.d.56404C524E4621A6DA0555F016224738.e.8750","ELEMENT":"f.647512A71DDA687F9F591F39CAC5A62D.d.56404C524E4621A6DA0555F016224738.e.8750"}]}
RESULT: {"script":"<script> [8489 bytes]","args":[{"element-6066-11e4-a52e-4f735466cecf":"f.647512A71DDA687F9F591F39CAC5A62D.d.56404C524E4621A6DA0555F016224738.e.8750","ELEMENT":"f.647512A71DDA687F9F591F39CAC5A62D.d.56404C524E4621A6DA0555F016224738.e.8750"}]}
COMMAND: GET /session/700a0ab92761895b5ec9a5372f8d46fb/screenshot - {}
RESULT: {}
COMMAND: POST /session/700a0ab92761895b5ec9a5372f8d46fb/execute/sync - {"script":"<script> [8489 bytes]","args":[{"element-6066-11e4-a52e-4f735466cecf":"f.647512A71DDA687F9F591F39CAC5A62D.d.56404C524E4621A6DA0555F016224738.e.8750","ELEMENT":"f.647512A71DDA687F9F591F39CAC5A62D.d.56404C524E4621A6DA0555F016224738.e.8750"}]}
RESULT: {"script":"<script> [8489 bytes]","args":[{"element-6066-11e4-a52e-4f735466cecf":"f.647512A71DDA687F9F591F39CAC5A62D.d.56404C524E4621A6DA0555F016224738.e.8750","ELEMENT":"f.647512A71DDA687F9F591F39CAC5A62D.d.56404C524E4621A6DA0555F016224738.e.8750"}]}
COMMAND: GET /session/700a0ab92761895b5ec9a5372f8d46fb/screenshot - {}
RESULT: {}
]]></system-out>
    </testcase>
  </testsuite>
  <testsuite timestamp="2025-04-24T16:46:31" time="432.821" tests="6" failures="0" errors="0" skipped="0">
    <properties>
      <property name="specId" value="0" />
      <property name="suiteName" value="Provide to Site w/ warehouse management w/o clarification US113782 " />
      <property name="capabilities" value="chrome.135_0_7049_96.windows" />
      <property name="file" value="file:///D:/a/1/s/test/specs/HTR/provide-to-site-w-warehouse-wo-clarification.spec.js" />
    </properties>
    <testcase classname="chrome.135_0_7049_96.windows.Provide_to_Site_w/_warehouse_management_w/o_clarification_US113782_" name="Should create a WHM yard" time="82.504">
      <system-out><![CDATA[
COMMAND: POST /session/700a0ab92761895b5ec9a5372f8d46fb/execute/async - {"script":"<script> [1562 bytes]","args":[{"selector":{"controlType":"sap.m.GenericTile","properties":{"header":"Manage Yards"}},"wdio_ui5_key":"sapm.GenericTile{\"header\":\"Manage Yards\"}"}]}
RESULT: {}
RESULT: {"script":"<script> [1562 bytes]","args":[{"selector":{"controlType":"sap.m.GenericTile","properties":{"header":"Manage Yards"}},"wdio_ui5_key":"sapm.GenericTile{\"header\":\"Manage Yards\"}"}]}
RESULT: undefined
COMMAND: POST /session/700a0ab92761895b5ec9a5372f8d46fb/element - {"using":"xpath","value":"//*[@id=\"__tile41\"]"}
RESULT: {"using":"xpath","value":"//*[@id=\"__tile41\"]"}
COMMAND: POST /session/700a0ab92761895b5ec9a5372f8d46fb/element/f.647512A71DDA687F9F591F39CAC5A62D.d.6565C2ABAFA2DE869D153C59102EF19D.e.9464/click - {}
RESULT: {}
COMMAND: POST /session/700a0ab92761895b5ec9a5372f8d46fb/execute/async - {"script":"<script> [1562 bytes]","args":[{"selector":{"controlType":"sap.ui.core.Icon","viewName":"etm.portal.ui.manageyards.view.Master","viewId":"application-manageyards-display-component---masterYard","properties":{"src":{"regex":{"source":"add"}}}},"wdio_ui5_key":"etmportal.ui.manageyards.view.Mastersap.ui.core.Icon{\"src\":{\"regex\":{\"source\":\"add\"}}}"}]}
COMMAND: GET /session/700a0ab92761895b5ec9a5372f8d46fb/screenshot - {}
RESULT: {"script":"<script> [1562 bytes]","args":[{"selector":{"controlType":"sap.ui.core.Icon","viewName":"etm.portal.ui.manageyards.view.Master","viewId":"application-manageyards-display-component---masterYard","properties":{"src":{"regex":{"source":"add"}}}},"wdio_ui5_key":"etmportal.ui.manageyards.view.Mastersap.ui.core.Icon{\"src\":{\"regex\":{\"source\":\"add\"}}}"}]}
RESULT: undefined
COMMAND: POST /session/700a0ab92761895b5ec9a5372f8d46fb/element - {"using":"xpath","value":"//*[@id=\"__button4-img\"]"}
RESULT: {}
RESULT: {"using":"xpath","value":"//*[@id=\"__button4-img\"]"}
COMMAND: POST /session/700a0ab92761895b5ec9a5372f8d46fb/element/f.647512A71DDA687F9F591F39CAC5A62D.d.6565C2ABAFA2DE869D153C59102EF19D.e.9509/click - {}
RESULT: {}
COMMAND: POST /session/700a0ab92761895b5ec9a5372f8d46fb/execute/async - {"script":"<script> [1562 bytes]","args":[{"selector":{"id":"application-manageyards-display-component---NewYard--addressDetailDetailsName1","interaction":{"idSuffix":"inner"}},"wdio_ui5_key":"applicationmanageyards-display-component---NewYard--addressDetailDetailsName1"}]}
COMMAND: GET /session/700a0ab92761895b5ec9a5372f8d46fb/screenshot - {}
RESULT: {"script":"<script> [1562 bytes]","args":[{"selector":{"id":"application-manageyards-display-component---NewYard--addressDetailDetailsName1","interaction":{"idSuffix":"inner"}},"wdio_ui5_key":"applicationmanageyards-display-component---NewYard--addressDetailDetailsName1"}]}
RESULT: undefined
COMMAND: POST /session/700a0ab92761895b5ec9a5372f8d46fb/execute/async - {"script":"<script> [776 bytes]","args":[{"enterText":"warehouse managed Yard","selector":{"id":"application-manageyards-display-component---NewYard--addressDetailDetailsName1","interaction":{"idSuffix":"inner"}},"clearTextFirst":true,"interactionType":"ENTER_TEXT"}]}
RESULT: {}
RESULT: {"script":"<script> [776 bytes]","args":[{"enterText":"warehouse managed Yard","selector":{"id":"application-manageyards-display-component---NewYard--addressDetailDetailsName1","interaction":{"idSuffix":"inner"}},"clearTextFirst":true,"interactionType":"ENTER_TEXT"}]}
COMMAND: POST /session/700a0ab92761895b5ec9a5372f8d46fb/execute/async - {"script":"<script> [1562 bytes]","args":[{"selector":{"id":"application-manageyards-display-component---NewYard--addressDetailDetailsLanguage-arrow"},"wdio_ui5_key":"applicationmanageyards-display-component---NewYard--addressDetailDetailsLanguage-arrow"}]}
RESULT: {"script":"<script> [1562 bytes]","args":[{"selector":{"id":"application-manageyards-display-component---NewYard--addressDetailDetailsLanguage-arrow"},"wdio_ui5_key":"applicationmanageyards-display-component---NewYard--addressDetailDetailsLanguage-arrow"}]}
RESULT: undefined
COMMAND: POST /session/700a0ab92761895b5ec9a5372f8d46fb/element - {"using":"xpath","value":"//*[@id=\"application-manageyards-display-component---NewYard--addressDetailDetailsLanguage-arrow\"]"}
RESULT: {"using":"xpath","value":"//*[@id=\"application-manageyards-display-component---NewYard--addressDetailDetailsLanguage-arrow\"]"}
COMMAND: POST /session/700a0ab92761895b5ec9a5372f8d46fb/element/f.647512A71DDA687F9F591F39CAC5A62D.d.6565C2ABAFA2DE869D153C59102EF19D.e.9924/click - {}
RESULT: {}
COMMAND: POST /session/700a0ab92761895b5ec9a5372f8d46fb/execute/async - {"script":"<script> [1562 bytes]","args":[{"selector":{"controlType":"sap.m.StandardListItem","viewName":"etm.portal.ui.manageyards.view.New","viewId":"application-manageyards-display-component---NewYard","properties":{"title":"English"},"searchOpenDialogs":true,"interaction":{"idSuffix":"content"}},"wdio_ui5_key":"etmportal.ui.manageyards.view.Newsap.m.StandardListItem{\"title\":\"English\"}"}]}
COMMAND: GET /session/700a0ab92761895b5ec9a5372f8d46fb/screenshot - {}
RESULT: {"script":"<script> [1562 bytes]","args":[{"selector":{"controlType":"sap.m.StandardListItem","viewName":"etm.portal.ui.manageyards.view.New","viewId":"application-manageyards-display-component---NewYard","properties":{"title":"English"},"searchOpenDialogs":true,"interaction":{"idSuffix":"content"}},"wdio_ui5_key":"etmportal.ui.manageyards.view.Newsap.m.StandardListItem{\"title\":\"English\"}"}]}
RESULT: undefined
COMMAND: POST /session/700a0ab92761895b5ec9a5372f8d46fb/element - {"using":"xpath","value":"//*[@id=\"__item101\"]"}
RESULT: {}
RESULT: {"using":"xpath","value":"//*[@id=\"__item101\"]"}
COMMAND: POST /session/700a0ab92761895b5ec9a5372f8d46fb/element/f.647512A71DDA687F9F591F39CAC5A62D.d.6565C2ABAFA2DE869D153C59102EF19D.e.9926/click - {}
RESULT: {}
COMMAND: POST /session/700a0ab92761895b5ec9a5372f8d46fb/execute/async - {"script":"<script> [1562 bytes]","args":[{"selector":{"id":"application-manageyards-display-component---NewYard--addressDetailDetailsCity1","interaction":{"idSuffix":"inner"}},"wdio_ui5_key":"applicationmanageyards-display-component---NewYard--addressDetailDetailsCity1"}]}
COMMAND: GET /session/700a0ab92761895b5ec9a5372f8d46fb/screenshot - {}
RESULT: {"script":"<script> [1562 bytes]","args":[{"selector":{"id":"application-manageyards-display-component---NewYard--addressDetailDetailsCity1","interaction":{"idSuffix":"inner"}},"wdio_ui5_key":"applicationmanageyards-display-component---NewYard--addressDetailDetailsCity1"}]}
RESULT: undefined
COMMAND: POST /session/700a0ab92761895b5ec9a5372f8d46fb/execute/async - {"script":"<script> [776 bytes]","args":[{"enterText":"Rosario","selector":{"id":"application-manageyards-display-component---NewYard--addressDetailDetailsCity1","interaction":{"idSuffix":"inner"}},"clearTextFirst":true,"interactionType":"ENTER_TEXT"}]}
RESULT: {}
RESULT: {"script":"<script> [776 bytes]","args":[{"enterText":"Rosario","selector":{"id":"application-manageyards-display-component---NewYard--addressDetailDetailsCity1","interaction":{"idSuffix":"inner"}},"clearTextFirst":true,"interactionType":"ENTER_TEXT"}]}
COMMAND: POST /session/700a0ab92761895b5ec9a5372f8d46fb/execute/async - {"script":"<script> [1562 bytes]","args":[{"selector":{"id":"application-manageyards-display-component---NewYard--addressDetailDetailsCountry-arrow"},"wdio_ui5_key":"applicationmanageyards-display-component---NewYard--addressDetailDetailsCountry-arrow"}]}
RESULT: {"script":"<script> [1562 bytes]","args":[{"selector":{"id":"application-manageyards-display-component---NewYard--addressDetailDetailsCountry-arrow"},"wdio_ui5_key":"applicationmanageyards-display-component---NewYard--addressDetailDetailsCountry-arrow"}]}
RESULT: undefined
COMMAND: POST /session/700a0ab92761895b5ec9a5372f8d46fb/element - {"using":"xpath","value":"//*[@id=\"application-manageyards-display-component---NewYard--addressDetailDetailsCountry-arrow\"]"}
RESULT: {"using":"xpath","value":"//*[@id=\"application-manageyards-display-component---NewYard--addressDetailDetailsCountry-arrow\"]"}
COMMAND: POST /session/700a0ab92761895b5ec9a5372f8d46fb/element/f.647512A71DDA687F9F591F39CAC5A62D.d.6565C2ABAFA2DE869D153C59102EF19D.e.9909/click - {}
RESULT: {}
COMMAND: POST /session/700a0ab92761895b5ec9a5372f8d46fb/execute/async - {"script":"<script> [1562 bytes]","args":[{"selector":{"controlType":"sap.m.StandardListItem","viewName":"etm.portal.ui.manageyards.view.New","viewId":"application-manageyards-display-component---NewYard","properties":{"title":"Argentina"},"searchOpenDialogs":true,"interaction":{"idSuffix":"content"}},"wdio_ui5_key":"etmportal.ui.manageyards.view.Newsap.m.StandardListItem{\"title\":\"Argentina\"}"}]}
COMMAND: GET /session/700a0ab92761895b5ec9a5372f8d46fb/screenshot - {}
RESULT: {"script":"<script> [1562 bytes]","args":[{"selector":{"controlType":"sap.m.StandardListItem","viewName":"etm.portal.ui.manageyards.view.New","viewId":"application-manageyards-display-component---NewYard","properties":{"title":"Argentina"},"searchOpenDialogs":true,"interaction":{"idSuffix":"content"}},"wdio_ui5_key":"etmportal.ui.manageyards.view.Newsap.m.StandardListItem{\"title\":\"Argentina\"}"}]}
RESULT: undefined
COMMAND: POST /session/700a0ab92761895b5ec9a5372f8d46fb/element - {"using":"xpath","value":"//*[@id=\"__item144\"]"}
RESULT: {}
RESULT: {"using":"xpath","value":"//*[@id=\"__item144\"]"}
COMMAND: POST /session/700a0ab92761895b5ec9a5372f8d46fb/element/f.647512A71DDA687F9F591F39CAC5A62D.d.6565C2ABAFA2DE869D153C59102EF19D.e.9930/click - {}
RESULT: {}
COMMAND: POST /session/700a0ab92761895b5ec9a5372f8d46fb/execute/async - {"script":"<script> [1562 bytes]","args":[{"selector":{"controlType":"sap.m.Button","viewName":"etm.portal.ui.manageyards.view.New","viewId":"application-manageyards-display-component---NewYard","properties":{"text":"Commercial"},"interaction":{"idSuffix":"BDI-content"}},"wdio_ui5_key":"etmportal.ui.manageyards.view.Newsap.m.Button{\"text\":\"Commercial\"}"}]}
COMMAND: GET /session/700a0ab92761895b5ec9a5372f8d46fb/screenshot - {}
RESULT: {"script":"<script> [1562 bytes]","args":[{"selector":{"controlType":"sap.m.Button","viewName":"etm.portal.ui.manageyards.view.New","viewId":"application-manageyards-display-component---NewYard","properties":{"text":"Commercial"},"interaction":{"idSuffix":"BDI-content"}},"wdio_ui5_key":"etmportal.ui.manageyards.view.Newsap.m.Button{\"text\":\"Commercial\"}"}]}
RESULT: undefined
COMMAND: POST /session/700a0ab92761895b5ec9a5372f8d46fb/element - {"using":"xpath","value":"//*[@id=\"application-manageyards-display-component---NewYard--ObjectPageLayout-anchBar-__section5-anchor\"]"}
RESULT: {}
RESULT: {"using":"xpath","value":"//*[@id=\"application-manageyards-display-component---NewYard--ObjectPageLayout-anchBar-__section5-anchor\"]"}
COMMAND: POST /session/700a0ab92761895b5ec9a5372f8d46fb/element/f.647512A71DDA687F9F591F39CAC5A62D.d.6565C2ABAFA2DE869D153C59102EF19D.e.9932/click - {}
RESULT: {}
COMMAND: GET /session/700a0ab92761895b5ec9a5372f8d46fb/screenshot - {}
RESULT: {}
COMMAND: POST /session/700a0ab92761895b5ec9a5372f8d46fb/execute/async - {"script":"<script> [1562 bytes]","args":[{"selector":{"id":"application-manageyards-display-component---NewYard--addressEditDetailsCostObjectCstType-arrow"},"wdio_ui5_key":"applicationmanageyards-display-component---NewYard--addressEditDetailsCostObjectCstType-arrow"}]}
RESULT: {"script":"<script> [1562 bytes]","args":[{"selector":{"id":"application-manageyards-display-component---NewYard--addressEditDetailsCostObjectCstType-arrow"},"wdio_ui5_key":"applicationmanageyards-display-component---NewYard--addressEditDetailsCostObjectCstType-arrow"}]}
RESULT: undefined
COMMAND: POST /session/700a0ab92761895b5ec9a5372f8d46fb/element - {"using":"xpath","value":"//*[@id=\"application-manageyards-display-component---NewYard--addressEditDetailsCostObjectCstType-arrow\"]"}
RESULT: {"using":"xpath","value":"//*[@id=\"application-manageyards-display-component---NewYard--addressEditDetailsCostObjectCstType-arrow\"]"}
COMMAND: POST /session/700a0ab92761895b5ec9a5372f8d46fb/element/f.647512A71DDA687F9F591F39CAC5A62D.d.6565C2ABAFA2DE869D153C59102EF19D.e.9943/click - {}
RESULT: {}
COMMAND: GET /session/700a0ab92761895b5ec9a5372f8d46fb/screenshot - {}
RESULT: {}
COMMAND: POST /session/700a0ab92761895b5ec9a5372f8d46fb/execute/async - {"script":"<script> [1562 bytes]","args":[{"selector":{"controlType":"sap.m.StandardListItem","viewName":"etm.portal.ui.manageyards.view.New","viewId":"application-manageyards-display-component---NewYard","properties":{"title":"Cost Center"},"searchOpenDialogs":true,"interaction":{"idSuffix":"titleText"}},"wdio_ui5_key":"etmportal.ui.manageyards.view.Newsap.m.StandardListItem{\"title\":\"Cost Center\"}"}]}
RESULT: {"script":"<script> [1562 bytes]","args":[{"selector":{"controlType":"sap.m.StandardListItem","viewName":"etm.portal.ui.manageyards.view.New","viewId":"application-manageyards-display-component---NewYard","properties":{"title":"Cost Center"},"searchOpenDialogs":true,"interaction":{"idSuffix":"titleText"}},"wdio_ui5_key":"etmportal.ui.manageyards.view.Newsap.m.StandardListItem{\"title\":\"Cost Center\"}"}]}
RESULT: undefined
COMMAND: POST /session/700a0ab92761895b5ec9a5372f8d46fb/element - {"using":"xpath","value":"//*[@id=\"__item234\"]"}
RESULT: {"using":"xpath","value":"//*[@id=\"__item234\"]"}
COMMAND: POST /session/700a0ab92761895b5ec9a5372f8d46fb/element/f.647512A71DDA687F9F591F39CAC5A62D.d.6565C2ABAFA2DE869D153C59102EF19D.e.9945/click - {}
RESULT: {}
COMMAND: POST /session/700a0ab92761895b5ec9a5372f8d46fb/element - {"using":"xpath","value":"//input[@id=\"application-manageyards-display-component---NewYard--addressNewCostObjectCstID-inner\"]"}
COMMAND: GET /session/700a0ab92761895b5ec9a5372f8d46fb/screenshot - {}
RESULT: {"using":"xpath","value":"//input[@id=\"application-manageyards-display-component---NewYard--addressNewCostObjectCstID-inner\"]"}
COMMAND: POST /session/700a0ab92761895b5ec9a5372f8d46fb/element/f.647512A71DDA687F9F591F39CAC5A62D.d.6565C2ABAFA2DE869D153C59102EF19D.e.9739/clear - {}
RESULT: {}
RESULT: {}
COMMAND: POST /session/700a0ab92761895b5ec9a5372f8d46fb/element/f.647512A71DDA687F9F591F39CAC5A62D.d.6565C2ABAFA2DE869D153C59102EF19D.e.9739/value - {"text":"10001013"}
COMMAND: GET /session/700a0ab92761895b5ec9a5372f8d46fb/screenshot - {}
COMMAND: POST /session/700a0ab92761895b5ec9a5372f8d46fb/element - {"using":"xpath","value":"//input[@id=\"application-manageyards-display-component---NewYard--addressNewCostObjectCstID-inner\"]"}
RESULT: {}
RESULT: {"using":"xpath","value":"//input[@id=\"application-manageyards-display-component---NewYard--addressNewCostObjectCstID-inner\"]"}
COMMAND: POST /session/700a0ab92761895b5ec9a5372f8d46fb/element/f.647512A71DDA687F9F591F39CAC5A62D.d.6565C2ABAFA2DE869D153C59102EF19D.e.9739/value - {"text":"10001013"}
COMMAND: POST /session/700a0ab92761895b5ec9a5372f8d46fb/element - {"using":"xpath","value":"//input[@id=\"application-manageyards-display-component---NewYard--addressNewCostObjectCstID-inner\"]"}
RESULT: {"using":"xpath","value":"//input[@id=\"application-manageyards-display-component---NewYard--addressNewCostObjectCstID-inner\"]"}
COMMAND: POST /session/700a0ab92761895b5ec9a5372f8d46fb/element/f.647512A71DDA687F9F591F39CAC5A62D.d.6565C2ABAFA2DE869D153C59102EF19D.e.9949/value - {"text":"10001013"}
RESULT: {"text":"10001013"}
COMMAND: GET /session/700a0ab92761895b5ec9a5372f8d46fb/screenshot - {}
RESULT: {}
COMMAND: POST /session/700a0ab92761895b5ec9a5372f8d46fb/execute/async - {"script":"<script> [1562 bytes]","args":[{"selector":{"controlType":"sap.m.StandardListItem","viewName":"etm.portal.ui.manageyards.view.New","viewId":"application-manageyards-display-component---NewYard","properties":{"type":"Active"},"searchOpenDialogs":true,"interaction":{"idSuffix":"titleText"}},"wdio_ui5_key":"etmportal.ui.manageyards.view.Newsap.m.StandardListItem{\"type\":\"Active\"}"}]}
RESULT: {"script":"<script> [1562 bytes]","args":[{"selector":{"controlType":"sap.m.StandardListItem","viewName":"etm.portal.ui.manageyards.view.New","viewId":"application-manageyards-display-component---NewYard","properties":{"type":"Active"},"searchOpenDialogs":true,"interaction":{"idSuffix":"titleText"}},"wdio_ui5_key":"etmportal.ui.manageyards.view.Newsap.m.StandardListItem{\"type\":\"Active\"}"}]}
RESULT: undefined
COMMAND: POST /session/700a0ab92761895b5ec9a5372f8d46fb/element - {"using":"xpath","value":"//*[@id=\"__item339\"]"}
RESULT: {"using":"xpath","value":"//*[@id=\"__item339\"]"}
COMMAND: POST /session/700a0ab92761895b5ec9a5372f8d46fb/element/f.647512A71DDA687F9F591F39CAC5A62D.d.6565C2ABAFA2DE869D153C59102EF19D.e.9952/click - {}
RESULT: {}
COMMAND: POST /session/700a0ab92761895b5ec9a5372f8d46fb/execute/async - {"script":"<script> [1562 bytes]","args":[{"selector":{"id":"application-manageyards-display-component---NewYard--addressEditDetailsCurrency-arrow"},"wdio_ui5_key":"applicationmanageyards-display-component---NewYard--addressEditDetailsCurrency-arrow"}]}
COMMAND: GET /session/700a0ab92761895b5ec9a5372f8d46fb/screenshot - {}
RESULT: {"script":"<script> [1562 bytes]","args":[{"selector":{"id":"application-manageyards-display-component---NewYard--addressEditDetailsCurrency-arrow"},"wdio_ui5_key":"applicationmanageyards-display-component---NewYard--addressEditDetailsCurrency-arrow"}]}
RESULT: undefined
COMMAND: POST /session/700a0ab92761895b5ec9a5372f8d46fb/element - {"using":"xpath","value":"//*[@id=\"application-manageyards-display-component---NewYard--addressEditDetailsCurrency-arrow\"]"}
RESULT: {}
RESULT: {"using":"xpath","value":"//*[@id=\"application-manageyards-display-component---NewYard--addressEditDetailsCurrency-arrow\"]"}
COMMAND: POST /session/700a0ab92761895b5ec9a5372f8d46fb/element/f.647512A71DDA687F9F591F39CAC5A62D.d.6565C2ABAFA2DE869D153C59102EF19D.e.9954/click - {}
RESULT: {}
COMMAND: POST /session/700a0ab92761895b5ec9a5372f8d46fb/execute/async - {"script":"<script> [1562 bytes]","args":[{"selector":{"controlType":"sap.m.StandardListItem","viewName":"etm.portal.ui.manageyards.view.New","viewId":"application-manageyards-display-component---NewYard","properties":{"title":"Euro"},"searchOpenDialogs":true,"interaction":{"idSuffix":"content"}},"wdio_ui5_key":"etmportal.ui.manageyards.view.Newsap.m.StandardListItem{\"title\":\"Euro\"}"}]}
COMMAND: GET /session/700a0ab92761895b5ec9a5372f8d46fb/screenshot - {}
RESULT: {"script":"<script> [1562 bytes]","args":[{"selector":{"controlType":"sap.m.StandardListItem","viewName":"etm.portal.ui.manageyards.view.New","viewId":"application-manageyards-display-component---NewYard","properties":{"title":"Euro"},"searchOpenDialogs":true,"interaction":{"idSuffix":"content"}},"wdio_ui5_key":"etmportal.ui.manageyards.view.Newsap.m.StandardListItem{\"title\":\"Euro\"}"}]}
RESULT: undefined
COMMAND: POST /session/700a0ab92761895b5ec9a5372f8d46fb/element - {"using":"xpath","value":"//*[@id=\"__item340\"]"}
RESULT: {}
RESULT: {"using":"xpath","value":"//*[@id=\"__item340\"]"}
COMMAND: POST /session/700a0ab92761895b5ec9a5372f8d46fb/element/f.647512A71DDA687F9F591F39CAC5A62D.d.6565C2ABAFA2DE869D153C59102EF19D.e.9956/click - {}
RESULT: {}
COMMAND: POST /session/700a0ab92761895b5ec9a5372f8d46fb/execute/async - {"script":"<script> [1562 bytes]","args":[{"selector":{"controlType":"sap.m.Input","viewName":"etm.portal.ui.manageyards.view.New","viewId":"application-manageyards-display-component---NewYard","bindingPath":{"path":"","propertyPath":"/CONTROLLING_AREA","modelName":"NewYardModel"},"interaction":{"idSuffix":"inner"}},"wdio_ui5_key":"etmportal.ui.manageyards.view.Newsap.m.Input{\"path\":\"\",\"propertyPath\":\"/CONTROLLING_AREA\",\"modelName\":\"NewYardModel\"}"}]}
COMMAND: GET /session/700a0ab92761895b5ec9a5372f8d46fb/screenshot - {}
RESULT: {"script":"<script> [1562 bytes]","args":[{"selector":{"controlType":"sap.m.Input","viewName":"etm.portal.ui.manageyards.view.New","viewId":"application-manageyards-display-component---NewYard","bindingPath":{"path":"","propertyPath":"/CONTROLLING_AREA","modelName":"NewYardModel"},"interaction":{"idSuffix":"inner"}},"wdio_ui5_key":"etmportal.ui.manageyards.view.Newsap.m.Input{\"path\":\"\",\"propertyPath\":\"/CONTROLLING_AREA\",\"modelName\":\"NewYardModel\"}"}]}
RESULT: undefined
COMMAND: POST /session/700a0ab92761895b5ec9a5372f8d46fb/execute/async - {"script":"<script> [776 bytes]","args":[{"enterText":"Z001","selector":{"controlType":"sap.m.Input","viewName":"etm.portal.ui.manageyards.view.New","viewId":"application-manageyards-display-component---NewYard","bindingPath":{"path":"","propertyPath":"/CONTROLLING_AREA","modelName":"NewYardModel"},"interaction":{"idSuffix":"inner"}},"clearTextFirst":true,"interactionType":"ENTER_TEXT"}]}
RESULT: {}
RESULT: {"script":"<script> [776 bytes]","args":[{"enterText":"Z001","selector":{"controlType":"sap.m.Input","viewName":"etm.portal.ui.manageyards.view.New","viewId":"application-manageyards-display-component---NewYard","bindingPath":{"path":"","propertyPath":"/CONTROLLING_AREA","modelName":"NewYardModel"},"interaction":{"idSuffix":"inner"}},"clearTextFirst":true,"interactionType":"ENTER_TEXT"}]}
COMMAND: POST /session/700a0ab92761895b5ec9a5372f8d46fb/execute/async - {"script":"<script> [1562 bytes]","args":[{"selector":{"id":"application-manageyards-display-component---NewYard--companyCodeComboBox","interaction":{"idSuffix":"inner"}},"wdio_ui5_key":"applicationmanageyards-display-component---NewYard--companyCodeComboBox"}]}
RESULT: {"script":"<script> [1562 bytes]","args":[{"selector":{"id":"application-manageyards-display-component---NewYard--companyCodeComboBox","interaction":{"idSuffix":"inner"}},"wdio_ui5_key":"applicationmanageyards-display-component---NewYard--companyCodeComboBox"}]}
RESULT: undefined
COMMAND: POST /session/700a0ab92761895b5ec9a5372f8d46fb/execute/async - {"script":"<script> [776 bytes]","args":[{"enterText":"1000","selector":{"id":"application-manageyards-display-component---NewYard--companyCodeComboBox","interaction":{"idSuffix":"inner"}},"clearTextFirst":true,"interactionType":"ENTER_TEXT"}]}
RESULT: {"script":"<script> [776 bytes]","args":[{"enterText":"1000","selector":{"id":"application-manageyards-display-component---NewYard--companyCodeComboBox","interaction":{"idSuffix":"inner"}},"clearTextFirst":true,"interactionType":"ENTER_TEXT"}]}
COMMAND: POST /session/700a0ab92761895b5ec9a5372f8d46fb/execute/async - {"script":"<script> [1562 bytes]","args":[{"selector":{"controlType":"sap.m.Input","viewName":"etm.portal.ui.manageyards.view.New","viewId":"application-manageyards-display-component---NewYard","bindingPath":{"path":"","propertyPath":"/PLANT","modelName":"NewYardModel"},"interaction":{"idSuffix":"inner"}},"wdio_ui5_key":"etmportal.ui.manageyards.view.Newsap.m.Input{\"path\":\"\",\"propertyPath\":\"/PLANT\",\"modelName\":\"NewYardModel\"}"}]}
RESULT: {"script":"<script> [1562 bytes]","args":[{"selector":{"controlType":"sap.m.Input","viewName":"etm.portal.ui.manageyards.view.New","viewId":"application-manageyards-display-component---NewYard","bindingPath":{"path":"","propertyPath":"/PLANT","modelName":"NewYardModel"},"interaction":{"idSuffix":"inner"}},"wdio_ui5_key":"etmportal.ui.manageyards.view.Newsap.m.Input{\"path\":\"\",\"propertyPath\":\"/PLANT\",\"modelName\":\"NewYardModel\"}"}]}
RESULT: undefined
COMMAND: POST /session/700a0ab92761895b5ec9a5372f8d46fb/execute/async - {"script":"<script> [776 bytes]","args":[{"enterText":"1001","selector":{"controlType":"sap.m.Input","viewName":"etm.portal.ui.manageyards.view.New","viewId":"application-manageyards-display-component---NewYard","bindingPath":{"path":"","propertyPath":"/PLANT","modelName":"NewYardModel"},"interaction":{"idSuffix":"inner"}},"clearTextFirst":true,"interactionType":"ENTER_TEXT"}]}
RESULT: {"script":"<script> [776 bytes]","args":[{"enterText":"1001","selector":{"controlType":"sap.m.Input","viewName":"etm.portal.ui.manageyards.view.New","viewId":"application-manageyards-display-component---NewYard","bindingPath":{"path":"","propertyPath":"/PLANT","modelName":"NewYardModel"},"interaction":{"idSuffix":"inner"}},"clearTextFirst":true,"interactionType":"ENTER_TEXT"}]}
COMMAND: POST /session/700a0ab92761895b5ec9a5372f8d46fb/execute/async - {"script":"<script> [1562 bytes]","args":[{"selector":{"controlType":"sap.m.Input","viewName":"etm.portal.ui.manageyards.view.New","viewId":"application-manageyards-display-component---NewYard","bindingPath":{"path":"","propertyPath":"/SALES_AREA_VKORG","modelName":"NewYardModel"},"interaction":{"idSuffix":"inner"}},"wdio_ui5_key":"etmportal.ui.manageyards.view.Newsap.m.Input{\"path\":\"\",\"propertyPath\":\"/SALES_AREA_VKORG\",\"modelName\":\"NewYardModel\"}"}]}
RESULT: {"script":"<script> [1562 bytes]","args":[{"selector":{"controlType":"sap.m.Input","viewName":"etm.portal.ui.manageyards.view.New","viewId":"application-manageyards-display-component---NewYard","bindingPath":{"path":"","propertyPath":"/SALES_AREA_VKORG","modelName":"NewYardModel"},"interaction":{"idSuffix":"inner"}},"wdio_ui5_key":"etmportal.ui.manageyards.view.Newsap.m.Input{\"path\":\"\",\"propertyPath\":\"/SALES_AREA_VKORG\",\"modelName\":\"NewYardModel\"}"}]}
RESULT: undefined
COMMAND: POST /session/700a0ab92761895b5ec9a5372f8d46fb/execute/async - {"script":"<script> [776 bytes]","args":[{"enterText":"C002","selector":{"controlType":"sap.m.Input","viewName":"etm.portal.ui.manageyards.view.New","viewId":"application-manageyards-display-component---NewYard","bindingPath":{"path":"","propertyPath":"/SALES_AREA_VKORG","modelName":"NewYardModel"},"interaction":{"idSuffix":"inner"}},"clearTextFirst":true,"interactionType":"ENTER_TEXT"}]}
RESULT: {"script":"<script> [776 bytes]","args":[{"enterText":"C002","selector":{"controlType":"sap.m.Input","viewName":"etm.portal.ui.manageyards.view.New","viewId":"application-manageyards-display-component---NewYard","bindingPath":{"path":"","propertyPath":"/SALES_AREA_VKORG","modelName":"NewYardModel"},"interaction":{"idSuffix":"inner"}},"clearTextFirst":true,"interactionType":"ENTER_TEXT"}]}
COMMAND: POST /session/700a0ab92761895b5ec9a5372f8d46fb/execute/async - {"script":"<script> [1562 bytes]","args":[{"selector":{"controlType":"sap.m.Input","viewName":"etm.portal.ui.manageyards.view.New","viewId":"application-manageyards-display-component---NewYard","bindingPath":{"path":"","propertyPath":"/SALES_AREA_VTWEG","modelName":"NewYardModel"},"interaction":{"idSuffix":"inner"}},"wdio_ui5_key":"etmportal.ui.manageyards.view.Newsap.m.Input{\"path\":\"\",\"propertyPath\":\"/SALES_AREA_VTWEG\",\"modelName\":\"NewYardModel\"}"}]}
RESULT: {"script":"<script> [1562 bytes]","args":[{"selector":{"controlType":"sap.m.Input","viewName":"etm.portal.ui.manageyards.view.New","viewId":"application-manageyards-display-component---NewYard","bindingPath":{"path":"","propertyPath":"/SALES_AREA_VTWEG","modelName":"NewYardModel"},"interaction":{"idSuffix":"inner"}},"wdio_ui5_key":"etmportal.ui.manageyards.view.Newsap.m.Input{\"path\":\"\",\"propertyPath\":\"/SALES_AREA_VTWEG\",\"modelName\":\"NewYardModel\"}"}]}
RESULT: undefined
COMMAND: POST /session/700a0ab92761895b5ec9a5372f8d46fb/execute/async - {"script":"<script> [776 bytes]","args":[{"enterText":"C2","selector":{"controlType":"sap.m.Input","viewName":"etm.portal.ui.manageyards.view.New","viewId":"application-manageyards-display-component---NewYard","bindingPath":{"path":"","propertyPath":"/SALES_AREA_VTWEG","modelName":"NewYardModel"},"interaction":{"idSuffix":"inner"}},"clearTextFirst":true,"interactionType":"ENTER_TEXT"}]}
RESULT: {"script":"<script> [776 bytes]","args":[{"enterText":"C2","selector":{"controlType":"sap.m.Input","viewName":"etm.portal.ui.manageyards.view.New","viewId":"application-manageyards-display-component---NewYard","bindingPath":{"path":"","propertyPath":"/SALES_AREA_VTWEG","modelName":"NewYardModel"},"interaction":{"idSuffix":"inner"}},"clearTextFirst":true,"interactionType":"ENTER_TEXT"}]}
COMMAND: POST /session/700a0ab92761895b5ec9a5372f8d46fb/execute/async - {"script":"<script> [1562 bytes]","args":[{"selector":{"controlType":"sap.m.Input","viewName":"etm.portal.ui.manageyards.view.New","viewId":"application-manageyards-display-component---NewYard","bindingPath":{"path":"","propertyPath":"/SALES_AREA_SPART","modelName":"NewYardModel"},"interaction":{"idSuffix":"inner"}},"wdio_ui5_key":"etmportal.ui.manageyards.view.Newsap.m.Input{\"path\":\"\",\"propertyPath\":\"/SALES_AREA_SPART\",\"modelName\":\"NewYardModel\"}"}]}
RESULT: {"script":"<script> [1562 bytes]","args":[{"selector":{"controlType":"sap.m.Input","viewName":"etm.portal.ui.manageyards.view.New","viewId":"application-manageyards-display-component---NewYard","bindingPath":{"path":"","propertyPath":"/SALES_AREA_SPART","modelName":"NewYardModel"},"interaction":{"idSuffix":"inner"}},"wdio_ui5_key":"etmportal.ui.manageyards.view.Newsap.m.Input{\"path\":\"\",\"propertyPath\":\"/SALES_AREA_SPART\",\"modelName\":\"NewYardModel\"}"}]}
RESULT: undefined
COMMAND: POST /session/700a0ab92761895b5ec9a5372f8d46fb/execute/async - {"script":"<script> [776 bytes]","args":[{"enterText":"C2","selector":{"controlType":"sap.m.Input","viewName":"etm.portal.ui.manageyards.view.New","viewId":"application-manageyards-display-component---NewYard","bindingPath":{"path":"","propertyPath":"/SALES_AREA_SPART","modelName":"NewYardModel"},"interaction":{"idSuffix":"inner"}},"clearTextFirst":true,"interactionType":"ENTER_TEXT"}]}
RESULT: {"script":"<script> [776 bytes]","args":[{"enterText":"C2","selector":{"controlType":"sap.m.Input","viewName":"etm.portal.ui.manageyards.view.New","viewId":"application-manageyards-display-component---NewYard","bindingPath":{"path":"","propertyPath":"/SALES_AREA_SPART","modelName":"NewYardModel"},"interaction":{"idSuffix":"inner"}},"clearTextFirst":true,"interactionType":"ENTER_TEXT"}]}
COMMAND: POST /session/700a0ab92761895b5ec9a5372f8d46fb/execute/async - {"script":"<script> [1562 bytes]","args":[{"selector":{"controlType":"sap.m.Input","viewName":"etm.portal.ui.manageyards.view.New","viewId":"application-manageyards-display-component---NewYard","bindingPath":{"path":"","propertyPath":"/SHIP_POINT","modelName":"NewYardModel"},"interaction":{"idSuffix":"inner"}},"wdio_ui5_key":"etmportal.ui.manageyards.view.Newsap.m.Input{\"path\":\"\",\"propertyPath\":\"/SHIP_POINT\",\"modelName\":\"NewYardModel\"}"}]}
RESULT: {"script":"<script> [1562 bytes]","args":[{"selector":{"controlType":"sap.m.Input","viewName":"etm.portal.ui.manageyards.view.New","viewId":"application-manageyards-display-component---NewYard","bindingPath":{"path":"","propertyPath":"/SHIP_POINT","modelName":"NewYardModel"},"interaction":{"idSuffix":"inner"}},"wdio_ui5_key":"etmportal.ui.manageyards.view.Newsap.m.Input{\"path\":\"\",\"propertyPath\":\"/SHIP_POINT\",\"modelName\":\"NewYardModel\"}"}]}
RESULT: undefined
COMMAND: POST /session/700a0ab92761895b5ec9a5372f8d46fb/execute/async - {"script":"<script> [776 bytes]","args":[{"enterText":"1710","selector":{"controlType":"sap.m.Input","viewName":"etm.portal.ui.manageyards.view.New","viewId":"application-manageyards-display-component---NewYard","bindingPath":{"path":"","propertyPath":"/SHIP_POINT","modelName":"NewYardModel"},"interaction":{"idSuffix":"inner"}},"clearTextFirst":true,"interactionType":"ENTER_TEXT"}]}
RESULT: {"script":"<script> [776 bytes]","args":[{"enterText":"1710","selector":{"controlType":"sap.m.Input","viewName":"etm.portal.ui.manageyards.view.New","viewId":"application-manageyards-display-component---NewYard","bindingPath":{"path":"","propertyPath":"/SHIP_POINT","modelName":"NewYardModel"},"interaction":{"idSuffix":"inner"}},"clearTextFirst":true,"interactionType":"ENTER_TEXT"}]}
COMMAND: POST /session/700a0ab92761895b5ec9a5372f8d46fb/execute/async - {"script":"<script> [1562 bytes]","args":[{"selector":{"controlType":"sap.m.Input","viewName":"etm.portal.ui.manageyards.view.New","viewId":"application-manageyards-display-component---NewYard","bindingPath":{"path":"","propertyPath":"/DELIVERY_TYPE","modelName":"NewYardModel"},"interaction":{"idSuffix":"inner"}},"wdio_ui5_key":"etmportal.ui.manageyards.view.Newsap.m.Input{\"path\":\"\",\"propertyPath\":\"/DELIVERY_TYPE\",\"modelName\":\"NewYardModel\"}"}]}
RESULT: {"script":"<script> [1562 bytes]","args":[{"selector":{"controlType":"sap.m.Input","viewName":"etm.portal.ui.manageyards.view.New","viewId":"application-manageyards-display-component---NewYard","bindingPath":{"path":"","propertyPath":"/DELIVERY_TYPE","modelName":"NewYardModel"},"interaction":{"idSuffix":"inner"}},"wdio_ui5_key":"etmportal.ui.manageyards.view.Newsap.m.Input{\"path\":\"\",\"propertyPath\":\"/DELIVERY_TYPE\",\"modelName\":\"NewYardModel\"}"}]}
RESULT: undefined
COMMAND: POST /session/700a0ab92761895b5ec9a5372f8d46fb/execute/async - {"script":"<script> [776 bytes]","args":[{"enterText":"ZL01","selector":{"controlType":"sap.m.Input","viewName":"etm.portal.ui.manageyards.view.New","viewId":"application-manageyards-display-component---NewYard","bindingPath":{"path":"","propertyPath":"/DELIVERY_TYPE","modelName":"NewYardModel"},"interaction":{"idSuffix":"inner"}},"clearTextFirst":true,"interactionType":"ENTER_TEXT"}]}
RESULT: {"script":"<script> [776 bytes]","args":[{"enterText":"ZL01","selector":{"controlType":"sap.m.Input","viewName":"etm.portal.ui.manageyards.view.New","viewId":"application-manageyards-display-component---NewYard","bindingPath":{"path":"","propertyPath":"/DELIVERY_TYPE","modelName":"NewYardModel"},"interaction":{"idSuffix":"inner"}},"clearTextFirst":true,"interactionType":"ENTER_TEXT"}]}
COMMAND: POST /session/700a0ab92761895b5ec9a5372f8d46fb/execute/async - {"script":"<script> [1562 bytes]","args":[{"selector":{"controlType":"sap.m.Input","viewName":"etm.portal.ui.manageyards.view.New","viewId":"application-manageyards-display-component---NewYard","bindingPath":{"path":"","propertyPath":"/AUART","modelName":"NewYardModel"},"interaction":{"idSuffix":"inner"}},"wdio_ui5_key":"etmportal.ui.manageyards.view.Newsap.m.Input{\"path\":\"\",\"propertyPath\":\"/AUART\",\"modelName\":\"NewYardModel\"}"}]}
RESULT: {"script":"<script> [1562 bytes]","args":[{"selector":{"controlType":"sap.m.Input","viewName":"etm.portal.ui.manageyards.view.New","viewId":"application-manageyards-display-component---NewYard","bindingPath":{"path":"","propertyPath":"/AUART","modelName":"NewYardModel"},"interaction":{"idSuffix":"inner"}},"wdio_ui5_key":"etmportal.ui.manageyards.view.Newsap.m.Input{\"path\":\"\",\"propertyPath\":\"/AUART\",\"modelName\":\"NewYardModel\"}"}]}
RESULT: undefined
COMMAND: POST /session/700a0ab92761895b5ec9a5372f8d46fb/execute/async - {"script":"<script> [776 bytes]","args":[{"enterText":"TA","selector":{"controlType":"sap.m.Input","viewName":"etm.portal.ui.manageyards.view.New","viewId":"application-manageyards-display-component---NewYard","bindingPath":{"path":"","propertyPath":"/AUART","modelName":"NewYardModel"},"interaction":{"idSuffix":"inner"}},"clearTextFirst":true,"interactionType":"ENTER_TEXT"}]}
RESULT: {"script":"<script> [776 bytes]","args":[{"enterText":"TA","selector":{"controlType":"sap.m.Input","viewName":"etm.portal.ui.manageyards.view.New","viewId":"application-manageyards-display-component---NewYard","bindingPath":{"path":"","propertyPath":"/AUART","modelName":"NewYardModel"},"interaction":{"idSuffix":"inner"}},"clearTextFirst":true,"interactionType":"ENTER_TEXT"}]}
COMMAND: POST /session/700a0ab92761895b5ec9a5372f8d46fb/execute/async - {"script":"<script> [1562 bytes]","args":[{"selector":{"id":"application-manageyards-display-component---NewYard--whmCheckBox","interaction":{"idSuffix":"CbBg"}},"wdio_ui5_key":"applicationmanageyards-display-component---NewYard--whmCheckBox"}]}
RESULT: {"script":"<script> [1562 bytes]","args":[{"selector":{"id":"application-manageyards-display-component---NewYard--whmCheckBox","interaction":{"idSuffix":"CbBg"}},"wdio_ui5_key":"applicationmanageyards-display-component---NewYard--whmCheckBox"}]}
RESULT: undefined
COMMAND: POST /session/700a0ab92761895b5ec9a5372f8d46fb/element - {"using":"xpath","value":"//*[@id=\"application-manageyards-display-component---NewYard--whmCheckBox\"]"}
RESULT: {"using":"xpath","value":"//*[@id=\"application-manageyards-display-component---NewYard--whmCheckBox\"]"}
COMMAND: POST /session/700a0ab92761895b5ec9a5372f8d46fb/element/f.647512A71DDA687F9F591F39CAC5A62D.d.6565C2ABAFA2DE869D153C59102EF19D.e.9967/click - {}
RESULT: {}
COMMAND: POST /session/700a0ab92761895b5ec9a5372f8d46fb/execute/async - {"script":"<script> [1562 bytes]","args":[{"selector":{"controlType":"sap.m.Button","viewName":"etm.portal.ui.manageyards.view.New","viewId":"application-manageyards-display-component---NewYard","i18NText":{"propertyName":"text","key":"save"},"interaction":{"idSuffix":"BDI-content"}},"wdio_ui5_key":"etmportal.ui.manageyards.view.Newsap.m.Button{\"propertyName\":\"text\",\"key\":\"save\"}"}]}
COMMAND: GET /session/700a0ab92761895b5ec9a5372f8d46fb/screenshot - {}
RESULT: {"script":"<script> [1562 bytes]","args":[{"selector":{"controlType":"sap.m.Button","viewName":"etm.portal.ui.manageyards.view.New","viewId":"application-manageyards-display-component---NewYard","i18NText":{"propertyName":"text","key":"save"},"interaction":{"idSuffix":"BDI-content"}},"wdio_ui5_key":"etmportal.ui.manageyards.view.Newsap.m.Button{\"propertyName\":\"text\",\"key\":\"save\"}"}]}
RESULT: undefined
COMMAND: POST /session/700a0ab92761895b5ec9a5372f8d46fb/element - {"using":"xpath","value":"//*[@id=\"__button18\"]"}
RESULT: {}
RESULT: {"using":"xpath","value":"//*[@id=\"__button18\"]"}
COMMAND: POST /session/700a0ab92761895b5ec9a5372f8d46fb/element/f.647512A71DDA687F9F591F39CAC5A62D.d.6565C2ABAFA2DE869D153C59102EF19D.e.9905/click - {}
RESULT: {}
COMMAND: GET /session/700a0ab92761895b5ec9a5372f8d46fb/screenshot - {}
RESULT: {}
COMMAND: POST /session/700a0ab92761895b5ec9a5372f8d46fb/execute/async - {"script":"<script> [1562 bytes]","args":[{"selector":{"controlType":"sap.m.Text","viewName":"etm.portal.ui.manageyards.view.Detail","viewId":"application-manageyards-display-component---detailYard","bindingPath":{"propertyPath":"ID","modelName":"catalogModel"}},"wdio_ui5_key":"etmportal.ui.manageyards.view.Detailsap.m.Text{\"propertyPath\":\"ID\",\"modelName\":\"catalogModel\"}"}]}
RESULT: {"script":"<script> [1562 bytes]","args":[{"selector":{"controlType":"sap.m.Text","viewName":"etm.portal.ui.manageyards.view.Detail","viewId":"application-manageyards-display-component---detailYard","bindingPath":{"propertyPath":"ID","modelName":"catalogModel"}},"wdio_ui5_key":"etmportal.ui.manageyards.view.Detailsap.m.Text{\"propertyPath\":\"ID\",\"modelName\":\"catalogModel\"}"}]}
RESULT: undefined
COMMAND: POST /session/700a0ab92761895b5ec9a5372f8d46fb/execute/async - {"script":"<script> [6424 bytes]","args":[{"element-6066-11e4-a52e-4f735466cecf":"f.647512A71DDA687F9F591F39CAC5A62D.d.6565C2ABAFA2DE869D153C59102EF19D.e.10159"},"getText",[]]}
RESULT: {"script":"<script> [6424 bytes]","args":[{"element-6066-11e4-a52e-4f735466cecf":"f.647512A71DDA687F9F591F39CAC5A62D.d.6565C2ABAFA2DE869D153C59102EF19D.e.10159"},"getText",[]]}
COMMAND: POST /session/700a0ab92761895b5ec9a5372f8d46fb/element - {"using":"css selector","value":"#shell-header-logo"}
RESULT: {"using":"css selector","value":"#shell-header-logo"}
COMMAND: POST /session/700a0ab92761895b5ec9a5372f8d46fb/element/f.647512A71DDA687F9F591F39CAC5A62D.d.6565C2ABAFA2DE869D153C59102EF19D.e.9463/click - {}
RESULT: {}
COMMAND: GET /session/700a0ab92761895b5ec9a5372f8d46fb/screenshot - {}
RESULT: {}
]]></system-out>
    </testcase>
    <testcase classname="chrome.135_0_7049_96.windows.Provide_to_Site_w/_warehouse_management_w/o_clarification_US113782_" name="Should create WHM site" time="108.007">
      <system-out><![CDATA[
COMMAND: POST /session/700a0ab92761895b5ec9a5372f8d46fb/execute/async - {"script":"<script> [1562 bytes]","args":[{"selector":{"controlType":"sap.m.GenericTile","properties":{"header":"Manage Sites"}},"wdio_ui5_key":"sapm.GenericTile{\"header\":\"Manage Sites\"}"}]}
RESULT: {"script":"<script> [1562 bytes]","args":[{"selector":{"controlType":"sap.m.GenericTile","properties":{"header":"Manage Sites"}},"wdio_ui5_key":"sapm.GenericTile{\"header\":\"Manage Sites\"}"}]}
RESULT: undefined
COMMAND: POST /session/700a0ab92761895b5ec9a5372f8d46fb/element - {"using":"xpath","value":"//*[@id=\"__tile40\"]"}
RESULT: {"using":"xpath","value":"//*[@id=\"__tile40\"]"}
COMMAND: POST /session/700a0ab92761895b5ec9a5372f8d46fb/element/f.647512A71DDA687F9F591F39CAC5A62D.d.6565C2ABAFA2DE869D153C59102EF19D.e.10162/click - {}
RESULT: {}
COMMAND: GET /session/700a0ab92761895b5ec9a5372f8d46fb/screenshot - {}
RESULT: {}
COMMAND: POST /session/700a0ab92761895b5ec9a5372f8d46fb/execute/async - {"script":"<script> [1562 bytes]","args":[{"selector":{"controlType":"sap.ui.core.Icon","viewName":"etm.portal.ui.managesites.view.Master","viewId":"application-managesites-display-component---masterSite","properties":{"src":{"regex":{"source":"add"}}}},"wdio_ui5_key":"etmportal.ui.managesites.view.Mastersap.ui.core.Icon{\"src\":{\"regex\":{\"source\":\"add\"}}}"}]}
RESULT: {"script":"<script> [1562 bytes]","args":[{"selector":{"controlType":"sap.ui.core.Icon","viewName":"etm.portal.ui.managesites.view.Master","viewId":"application-managesites-display-component---masterSite","properties":{"src":{"regex":{"source":"add"}}}},"wdio_ui5_key":"etmportal.ui.managesites.view.Mastersap.ui.core.Icon{\"src\":{\"regex\":{\"source\":\"add\"}}}"}]}
RESULT: undefined
COMMAND: POST /session/700a0ab92761895b5ec9a5372f8d46fb/element - {"using":"xpath","value":"//*[@id=\"__button64-img\"]"}
RESULT: {"using":"xpath","value":"//*[@id=\"__button64-img\"]"}
COMMAND: POST /session/700a0ab92761895b5ec9a5372f8d46fb/element/f.647512A71DDA687F9F591F39CAC5A62D.d.6565C2ABAFA2DE869D153C59102EF19D.e.10211/click - {}
RESULT: {}
COMMAND: POST /session/700a0ab92761895b5ec9a5372f8d46fb/element - {"using":"xpath","value":"//*[text()='Add New Site']"}
COMMAND: GET /session/700a0ab92761895b5ec9a5372f8d46fb/screenshot - {}
RESULT: {"using":"xpath","value":"//*[text()='Add New Site']"}
COMMAND: GET /session/700a0ab92761895b5ec9a5372f8d46fb/element/f.647512A71DDA687F9F591F39CAC5A62D.d.6565C2ABAFA2DE869D153C59102EF19D.e.10348/enabled - {}
RESULT: {}
COMMAND: POST /session/700a0ab92761895b5ec9a5372f8d46fb/element - {"using":"xpath","value":"//*[text()='Add New Site']"}
RESULT: {"using":"xpath","value":"//*[text()='Add New Site']"}
COMMAND: GET /session/700a0ab92761895b5ec9a5372f8d46fb/element/f.647512A71DDA687F9F591F39CAC5A62D.d.6565C2ABAFA2DE869D153C59102EF19D.e.10348/enabled - {}
COMMAND: POST /session/700a0ab92761895b5ec9a5372f8d46fb/element - {"using":"xpath","value":"//*[text()='Add New Site']"}
RESULT: {"using":"xpath","value":"//*[text()='Add New Site']"}
COMMAND: GET /session/700a0ab92761895b5ec9a5372f8d46fb/element/f.647512A71DDA687F9F591F39CAC5A62D.d.6565C2ABAFA2DE869D153C59102EF19D.e.10598/enabled - {}
RESULT: {}
COMMAND: POST /session/700a0ab92761895b5ec9a5372f8d46fb/execute/sync - {"script":"<script> [8489 bytes]","args":[{"element-6066-11e4-a52e-4f735466cecf":"f.647512A71DDA687F9F591F39CAC5A62D.d.6565C2ABAFA2DE869D153C59102EF19D.e.10598","ELEMENT":"f.647512A71DDA687F9F591F39CAC5A62D.d.6565C2ABAFA2DE869D153C59102EF19D.e.10598"}]}
COMMAND: GET /session/700a0ab92761895b5ec9a5372f8d46fb/screenshot - {}
RESULT: {"script":"<script> [8489 bytes]","args":[{"element-6066-11e4-a52e-4f735466cecf":"f.647512A71DDA687F9F591F39CAC5A62D.d.6565C2ABAFA2DE869D153C59102EF19D.e.10598","ELEMENT":"f.647512A71DDA687F9F591F39CAC5A62D.d.6565C2ABAFA2DE869D153C59102EF19D.e.10598"}]}
COMMAND: GET /session/700a0ab92761895b5ec9a5372f8d46fb/screenshot - {}
RESULT: {}
COMMAND: POST /session/700a0ab92761895b5ec9a5372f8d46fb/execute/sync - {"script":"<script> [8489 bytes]","args":[{"element-6066-11e4-a52e-4f735466cecf":"f.647512A71DDA687F9F591F39CAC5A62D.d.6565C2ABAFA2DE869D153C59102EF19D.e.10598","ELEMENT":"f.647512A71DDA687F9F591F39CAC5A62D.d.6565C2ABAFA2DE869D153C59102EF19D.e.10598"}]}
RESULT: {}
RESULT: {"script":"<script> [8489 bytes]","args":[{"element-6066-11e4-a52e-4f735466cecf":"f.647512A71DDA687F9F591F39CAC5A62D.d.6565C2ABAFA2DE869D153C59102EF19D.e.10598","ELEMENT":"f.647512A71DDA687F9F591F39CAC5A62D.d.6565C2ABAFA2DE869D153C59102EF19D.e.10598"}]}
COMMAND: GET /session/700a0ab92761895b5ec9a5372f8d46fb/screenshot - {}
RESULT: {}
COMMAND: POST /session/700a0ab92761895b5ec9a5372f8d46fb/execute/sync - {"script":"<script> [8489 bytes]","args":[{"element-6066-11e4-a52e-4f735466cecf":"f.647512A71DDA687F9F591F39CAC5A62D.d.6565C2ABAFA2DE869D153C59102EF19D.e.10598","ELEMENT":"f.647512A71DDA687F9F591F39CAC5A62D.d.6565C2ABAFA2DE869D153C59102EF19D.e.10598"}]}
RESULT: {"script":"<script> [8489 bytes]","args":[{"element-6066-11e4-a52e-4f735466cecf":"f.647512A71DDA687F9F591F39CAC5A62D.d.6565C2ABAFA2DE869D153C59102EF19D.e.10598","ELEMENT":"f.647512A71DDA687F9F591F39CAC5A62D.d.6565C2ABAFA2DE869D153C59102EF19D.e.10598"}]}
COMMAND: GET /session/700a0ab92761895b5ec9a5372f8d46fb/screenshot - {}
RESULT: {}
COMMAND: POST /session/700a0ab92761895b5ec9a5372f8d46fb/execute/sync - {"script":"<script> [8489 bytes]","args":[{"element-6066-11e4-a52e-4f735466cecf":"f.647512A71DDA687F9F591F39CAC5A62D.d.6565C2ABAFA2DE869D153C59102EF19D.e.10598","ELEMENT":"f.647512A71DDA687F9F591F39CAC5A62D.d.6565C2ABAFA2DE869D153C59102EF19D.e.10598"}]}
RESULT: {"script":"<script> [8489 bytes]","args":[{"element-6066-11e4-a52e-4f735466cecf":"f.647512A71DDA687F9F591F39CAC5A62D.d.6565C2ABAFA2DE869D153C59102EF19D.e.10598","ELEMENT":"f.647512A71DDA687F9F591F39CAC5A62D.d.6565C2ABAFA2DE869D153C59102EF19D.e.10598"}]}
COMMAND: GET /session/700a0ab92761895b5ec9a5372f8d46fb/screenshot - {}
RESULT: {}
COMMAND: POST /session/700a0ab92761895b5ec9a5372f8d46fb/execute/sync - {"script":"<script> [8489 bytes]","args":[{"element-6066-11e4-a52e-4f735466cecf":"f.647512A71DDA687F9F591F39CAC5A62D.d.6565C2ABAFA2DE869D153C59102EF19D.e.10598","ELEMENT":"f.647512A71DDA687F9F591F39CAC5A62D.d.6565C2ABAFA2DE869D153C59102EF19D.e.10598"}]}
RESULT: {"script":"<script> [8489 bytes]","args":[{"element-6066-11e4-a52e-4f735466cecf":"f.647512A71DDA687F9F591F39CAC5A62D.d.6565C2ABAFA2DE869D153C59102EF19D.e.10598","ELEMENT":"f.647512A71DDA687F9F591F39CAC5A62D.d.6565C2ABAFA2DE869D153C59102EF19D.e.10598"}]}
COMMAND: GET /session/700a0ab92761895b5ec9a5372f8d46fb/screenshot - {}
RESULT: {}
COMMAND: POST /session/700a0ab92761895b5ec9a5372f8d46fb/execute/sync - {"script":"<script> [8489 bytes]","args":[{"element-6066-11e4-a52e-4f735466cecf":"f.647512A71DDA687F9F591F39CAC5A62D.d.6565C2ABAFA2DE869D153C59102EF19D.e.10598","ELEMENT":"f.647512A71DDA687F9F591F39CAC5A62D.d.6565C2ABAFA2DE869D153C59102EF19D.e.10598"}]}
RESULT: {"script":"<script> [8489 bytes]","args":[{"element-6066-11e4-a52e-4f735466cecf":"f.647512A71DDA687F9F591F39CAC5A62D.d.6565C2ABAFA2DE869D153C59102EF19D.e.10598","ELEMENT":"f.647512A71DDA687F9F591F39CAC5A62D.d.6565C2ABAFA2DE869D153C59102EF19D.e.10598"}]}
COMMAND: GET /session/700a0ab92761895b5ec9a5372f8d46fb/screenshot - {}
RESULT: {}
COMMAND: POST /session/700a0ab92761895b5ec9a5372f8d46fb/execute/sync - {"script":"<script> [8489 bytes]","args":[{"element-6066-11e4-a52e-4f735466cecf":"f.647512A71DDA687F9F591F39CAC5A62D.d.6565C2ABAFA2DE869D153C59102EF19D.e.10598","ELEMENT":"f.647512A71DDA687F9F591F39CAC5A62D.d.6565C2ABAFA2DE869D153C59102EF19D.e.10598"}]}
RESULT: {"script":"<script> [8489 bytes]","args":[{"element-6066-11e4-a52e-4f735466cecf":"f.647512A71DDA687F9F591F39CAC5A62D.d.6565C2ABAFA2DE869D153C59102EF19D.e.10598","ELEMENT":"f.647512A71DDA687F9F591F39CAC5A62D.d.6565C2ABAFA2DE869D153C59102EF19D.e.10598"}]}
COMMAND: GET /session/700a0ab92761895b5ec9a5372f8d46fb/screenshot - {}
RESULT: {}
COMMAND: POST /session/700a0ab92761895b5ec9a5372f8d46fb/execute/sync - {"script":"<script> [8489 bytes]","args":[{"element-6066-11e4-a52e-4f735466cecf":"f.647512A71DDA687F9F591F39CAC5A62D.d.6565C2ABAFA2DE869D153C59102EF19D.e.10598","ELEMENT":"f.647512A71DDA687F9F591F39CAC5A62D.d.6565C2ABAFA2DE869D153C59102EF19D.e.10598"}]}
RESULT: {"script":"<script> [8489 bytes]","args":[{"element-6066-11e4-a52e-4f735466cecf":"f.647512A71DDA687F9F591F39CAC5A62D.d.6565C2ABAFA2DE869D153C59102EF19D.e.10598","ELEMENT":"f.647512A71DDA687F9F591F39CAC5A62D.d.6565C2ABAFA2DE869D153C59102EF19D.e.10598"}]}
COMMAND: GET /session/700a0ab92761895b5ec9a5372f8d46fb/screenshot - {}
RESULT: {}
COMMAND: POST /session/700a0ab92761895b5ec9a5372f8d46fb/execute/sync - {"script":"<script> [8489 bytes]","args":[{"element-6066-11e4-a52e-4f735466cecf":"f.647512A71DDA687F9F591F39CAC5A62D.d.6565C2ABAFA2DE869D153C59102EF19D.e.10598","ELEMENT":"f.647512A71DDA687F9F591F39CAC5A62D.d.6565C2ABAFA2DE869D153C59102EF19D.e.10598"}]}
RESULT: {"script":"<script> [8489 bytes]","args":[{"element-6066-11e4-a52e-4f735466cecf":"f.647512A71DDA687F9F591F39CAC5A62D.d.6565C2ABAFA2DE869D153C59102EF19D.e.10598","ELEMENT":"f.647512A71DDA687F9F591F39CAC5A62D.d.6565C2ABAFA2DE869D153C59102EF19D.e.10598"}]}
COMMAND: GET /session/700a0ab92761895b5ec9a5372f8d46fb/screenshot - {}
RESULT: {}
COMMAND: POST /session/700a0ab92761895b5ec9a5372f8d46fb/execute/sync - {"script":"<script> [8489 bytes]","args":[{"element-6066-11e4-a52e-4f735466cecf":"f.647512A71DDA687F9F591F39CAC5A62D.d.6565C2ABAFA2DE869D153C59102EF19D.e.10598","ELEMENT":"f.647512A71DDA687F9F591F39CAC5A62D.d.6565C2ABAFA2DE869D153C59102EF19D.e.10598"}]}
RESULT: {"script":"<script> [8489 bytes]","args":[{"element-6066-11e4-a52e-4f735466cecf":"f.647512A71DDA687F9F591F39CAC5A62D.d.6565C2ABAFA2DE869D153C59102EF19D.e.10598","ELEMENT":"f.647512A71DDA687F9F591F39CAC5A62D.d.6565C2ABAFA2DE869D153C59102EF19D.e.10598"}]}
COMMAND: GET /session/700a0ab92761895b5ec9a5372f8d46fb/screenshot - {}
RESULT: {}
COMMAND: POST /session/700a0ab92761895b5ec9a5372f8d46fb/execute/sync - {"script":"<script> [8489 bytes]","args":[{"element-6066-11e4-a52e-4f735466cecf":"f.647512A71DDA687F9F591F39CAC5A62D.d.6565C2ABAFA2DE869D153C59102EF19D.e.10598","ELEMENT":"f.647512A71DDA687F9F591F39CAC5A62D.d.6565C2ABAFA2DE869D153C59102EF19D.e.10598"}]}
RESULT: {"script":"<script> [8489 bytes]","args":[{"element-6066-11e4-a52e-4f735466cecf":"f.647512A71DDA687F9F591F39CAC5A62D.d.6565C2ABAFA2DE869D153C59102EF19D.e.10598","ELEMENT":"f.647512A71DDA687F9F591F39CAC5A62D.d.6565C2ABAFA2DE869D153C59102EF19D.e.10598"}]}
COMMAND: GET /session/700a0ab92761895b5ec9a5372f8d46fb/screenshot - {}
RESULT: {}
COMMAND: POST /session/700a0ab92761895b5ec9a5372f8d46fb/execute/sync - {"script":"<script> [8489 bytes]","args":[{"element-6066-11e4-a52e-4f735466cecf":"f.647512A71DDA687F9F591F39CAC5A62D.d.6565C2ABAFA2DE869D153C59102EF19D.e.10598","ELEMENT":"f.647512A71DDA687F9F591F39CAC5A62D.d.6565C2ABAFA2DE869D153C59102EF19D.e.10598"}]}
RESULT: {"script":"<script> [8489 bytes]","args":[{"element-6066-11e4-a52e-4f735466cecf":"f.647512A71DDA687F9F591F39CAC5A62D.d.6565C2ABAFA2DE869D153C59102EF19D.e.10598","ELEMENT":"f.647512A71DDA687F9F591F39CAC5A62D.d.6565C2ABAFA2DE869D153C59102EF19D.e.10598"}]}
COMMAND: GET /session/700a0ab92761895b5ec9a5372f8d46fb/screenshot - {}
RESULT: {}
COMMAND: POST /session/700a0ab92761895b5ec9a5372f8d46fb/execute/sync - {"script":"<script> [8489 bytes]","args":[{"element-6066-11e4-a52e-4f735466cecf":"f.647512A71DDA687F9F591F39CAC5A62D.d.6565C2ABAFA2DE869D153C59102EF19D.e.10598","ELEMENT":"f.647512A71DDA687F9F591F39CAC5A62D.d.6565C2ABAFA2DE869D153C59102EF19D.e.10598"}]}
RESULT: {"script":"<script> [8489 bytes]","args":[{"element-6066-11e4-a52e-4f735466cecf":"f.647512A71DDA687F9F591F39CAC5A62D.d.6565C2ABAFA2DE869D153C59102EF19D.e.10598","ELEMENT":"f.647512A71DDA687F9F591F39CAC5A62D.d.6565C2ABAFA2DE869D153C59102EF19D.e.10598"}]}
COMMAND: GET /session/700a0ab92761895b5ec9a5372f8d46fb/screenshot - {}
RESULT: {}
COMMAND: POST /session/700a0ab92761895b5ec9a5372f8d46fb/execute/sync - {"script":"<script> [8489 bytes]","args":[{"element-6066-11e4-a52e-4f735466cecf":"f.647512A71DDA687F9F591F39CAC5A62D.d.6565C2ABAFA2DE869D153C59102EF19D.e.10598","ELEMENT":"f.647512A71DDA687F9F591F39CAC5A62D.d.6565C2ABAFA2DE869D153C59102EF19D.e.10598"}]}
RESULT: {"script":"<script> [8489 bytes]","args":[{"element-6066-11e4-a52e-4f735466cecf":"f.647512A71DDA687F9F591F39CAC5A62D.d.6565C2ABAFA2DE869D153C59102EF19D.e.10598","ELEMENT":"f.647512A71DDA687F9F591F39CAC5A62D.d.6565C2ABAFA2DE869D153C59102EF19D.e.10598"}]}
COMMAND: GET /session/700a0ab92761895b5ec9a5372f8d46fb/screenshot - {}
RESULT: {}
COMMAND: POST /session/700a0ab92761895b5ec9a5372f8d46fb/execute/sync - {"script":"<script> [8489 bytes]","args":[{"element-6066-11e4-a52e-4f735466cecf":"f.647512A71DDA687F9F591F39CAC5A62D.d.6565C2ABAFA2DE869D153C59102EF19D.e.10598","ELEMENT":"f.647512A71DDA687F9F591F39CAC5A62D.d.6565C2ABAFA2DE869D153C59102EF19D.e.10598"}]}
RESULT: {"script":"<script> [8489 bytes]","args":[{"element-6066-11e4-a52e-4f735466cecf":"f.647512A71DDA687F9F591F39CAC5A62D.d.6565C2ABAFA2DE869D153C59102EF19D.e.10598","ELEMENT":"f.647512A71DDA687F9F591F39CAC5A62D.d.6565C2ABAFA2DE869D153C59102EF19D.e.10598"}]}
COMMAND: GET /session/700a0ab92761895b5ec9a5372f8d46fb/screenshot - {}
RESULT: {}
COMMAND: POST /session/700a0ab92761895b5ec9a5372f8d46fb/execute/sync - {"script":"<script> [8489 bytes]","args":[{"element-6066-11e4-a52e-4f735466cecf":"f.647512A71DDA687F9F591F39CAC5A62D.d.6565C2ABAFA2DE869D153C59102EF19D.e.10598","ELEMENT":"f.647512A71DDA687F9F591F39CAC5A62D.d.6565C2ABAFA2DE869D153C59102EF19D.e.10598"}]}
RESULT: {"script":"<script> [8489 bytes]","args":[{"element-6066-11e4-a52e-4f735466cecf":"f.647512A71DDA687F9F591F39CAC5A62D.d.6565C2ABAFA2DE869D153C59102EF19D.e.10598","ELEMENT":"f.647512A71DDA687F9F591F39CAC5A62D.d.6565C2ABAFA2DE869D153C59102EF19D.e.10598"}]}
COMMAND: GET /session/700a0ab92761895b5ec9a5372f8d46fb/screenshot - {}
RESULT: {}
COMMAND: POST /session/700a0ab92761895b5ec9a5372f8d46fb/execute/sync - {"script":"<script> [8489 bytes]","args":[{"element-6066-11e4-a52e-4f735466cecf":"f.647512A71DDA687F9F591F39CAC5A62D.d.6565C2ABAFA2DE869D153C59102EF19D.e.10598","ELEMENT":"f.647512A71DDA687F9F591F39CAC5A62D.d.6565C2ABAFA2DE869D153C59102EF19D.e.10598"}]}
RESULT: {"script":"<script> [8489 bytes]","args":[{"element-6066-11e4-a52e-4f735466cecf":"f.647512A71DDA687F9F591F39CAC5A62D.d.6565C2ABAFA2DE869D153C59102EF19D.e.10598","ELEMENT":"f.647512A71DDA687F9F591F39CAC5A62D.d.6565C2ABAFA2DE869D153C59102EF19D.e.10598"}]}
COMMAND: GET /session/700a0ab92761895b5ec9a5372f8d46fb/screenshot - {}
COMMAND: POST /session/700a0ab92761895b5ec9a5372f8d46fb/execute/sync - {"script":"<script> [8489 bytes]","args":[{"element-6066-11e4-a52e-4f735466cecf":"f.647512A71DDA687F9F591F39CAC5A62D.d.6565C2ABAFA2DE869D153C59102EF19D.e.10598","ELEMENT":"f.647512A71DDA687F9F591F39CAC5A62D.d.6565C2ABAFA2DE869D153C59102EF19D.e.10598"}]}
RESULT: {}
RESULT: {"script":"<script> [8489 bytes]","args":[{"element-6066-11e4-a52e-4f735466cecf":"f.647512A71DDA687F9F591F39CAC5A62D.d.6565C2ABAFA2DE869D153C59102EF19D.e.10598","ELEMENT":"f.647512A71DDA687F9F591F39CAC5A62D.d.6565C2ABAFA2DE869D153C59102EF19D.e.10598"}]}
COMMAND: GET /session/700a0ab92761895b5ec9a5372f8d46fb/screenshot - {}
RESULT: {}
COMMAND: POST /session/700a0ab92761895b5ec9a5372f8d46fb/execute/sync - {"script":"<script> [8489 bytes]","args":[{"element-6066-11e4-a52e-4f735466cecf":"f.647512A71DDA687F9F591F39CAC5A62D.d.6565C2ABAFA2DE869D153C59102EF19D.e.10598","ELEMENT":"f.647512A71DDA687F9F591F39CAC5A62D.d.6565C2ABAFA2DE869D153C59102EF19D.e.10598"}]}
RESULT: {"script":"<script> [8489 bytes]","args":[{"element-6066-11e4-a52e-4f735466cecf":"f.647512A71DDA687F9F591F39CAC5A62D.d.6565C2ABAFA2DE869D153C59102EF19D.e.10598","ELEMENT":"f.647512A71DDA687F9F591F39CAC5A62D.d.6565C2ABAFA2DE869D153C59102EF19D.e.10598"}]}
COMMAND: GET /session/700a0ab92761895b5ec9a5372f8d46fb/screenshot - {}
RESULT: {}
COMMAND: POST /session/700a0ab92761895b5ec9a5372f8d46fb/execute/sync - {"script":"<script> [8489 bytes]","args":[{"element-6066-11e4-a52e-4f735466cecf":"f.647512A71DDA687F9F591F39CAC5A62D.d.6565C2ABAFA2DE869D153C59102EF19D.e.10598","ELEMENT":"f.647512A71DDA687F9F591F39CAC5A62D.d.6565C2ABAFA2DE869D153C59102EF19D.e.10598"}]}
RESULT: {"script":"<script> [8489 bytes]","args":[{"element-6066-11e4-a52e-4f735466cecf":"f.647512A71DDA687F9F591F39CAC5A62D.d.6565C2ABAFA2DE869D153C59102EF19D.e.10598","ELEMENT":"f.647512A71DDA687F9F591F39CAC5A62D.d.6565C2ABAFA2DE869D153C59102EF19D.e.10598"}]}
COMMAND: GET /session/700a0ab92761895b5ec9a5372f8d46fb/screenshot - {}
COMMAND: POST /session/700a0ab92761895b5ec9a5372f8d46fb/execute/sync - {"script":"<script> [8489 bytes]","args":[{"element-6066-11e4-a52e-4f735466cecf":"f.647512A71DDA687F9F591F39CAC5A62D.d.6565C2ABAFA2DE869D153C59102EF19D.e.10598","ELEMENT":"f.647512A71DDA687F9F591F39CAC5A62D.d.6565C2ABAFA2DE869D153C59102EF19D.e.10598"}]}
RESULT: {}
RESULT: {"script":"<script> [8489 bytes]","args":[{"element-6066-11e4-a52e-4f735466cecf":"f.647512A71DDA687F9F591F39CAC5A62D.d.6565C2ABAFA2DE869D153C59102EF19D.e.10598","ELEMENT":"f.647512A71DDA687F9F591F39CAC5A62D.d.6565C2ABAFA2DE869D153C59102EF19D.e.10598"}]}
COMMAND: GET /session/700a0ab92761895b5ec9a5372f8d46fb/screenshot - {}
RESULT: {}
COMMAND: POST /session/700a0ab92761895b5ec9a5372f8d46fb/execute/sync - {"script":"<script> [8489 bytes]","args":[{"element-6066-11e4-a52e-4f735466cecf":"f.647512A71DDA687F9F591F39CAC5A62D.d.6565C2ABAFA2DE869D153C59102EF19D.e.10598","ELEMENT":"f.647512A71DDA687F9F591F39CAC5A62D.d.6565C2ABAFA2DE869D153C59102EF19D.e.10598"}]}
RESULT: {"script":"<script> [8489 bytes]","args":[{"element-6066-11e4-a52e-4f735466cecf":"f.647512A71DDA687F9F591F39CAC5A62D.d.6565C2ABAFA2DE869D153C59102EF19D.e.10598","ELEMENT":"f.647512A71DDA687F9F591F39CAC5A62D.d.6565C2ABAFA2DE869D153C59102EF19D.e.10598"}]}
COMMAND: GET /session/700a0ab92761895b5ec9a5372f8d46fb/screenshot - {}
RESULT: {}
COMMAND: POST /session/700a0ab92761895b5ec9a5372f8d46fb/execute/sync - {"script":"<script> [8489 bytes]","args":[{"element-6066-11e4-a52e-4f735466cecf":"f.647512A71DDA687F9F591F39CAC5A62D.d.6565C2ABAFA2DE869D153C59102EF19D.e.10598","ELEMENT":"f.647512A71DDA687F9F591F39CAC5A62D.d.6565C2ABAFA2DE869D153C59102EF19D.e.10598"}]}
RESULT: {"script":"<script> [8489 bytes]","args":[{"element-6066-11e4-a52e-4f735466cecf":"f.647512A71DDA687F9F591F39CAC5A62D.d.6565C2ABAFA2DE869D153C59102EF19D.e.10598","ELEMENT":"f.647512A71DDA687F9F591F39CAC5A62D.d.6565C2ABAFA2DE869D153C59102EF19D.e.10598"}]}
COMMAND: GET /session/700a0ab92761895b5ec9a5372f8d46fb/screenshot - {}
RESULT: {}
COMMAND: POST /session/700a0ab92761895b5ec9a5372f8d46fb/execute/sync - {"script":"<script> [8489 bytes]","args":[{"element-6066-11e4-a52e-4f735466cecf":"f.647512A71DDA687F9F591F39CAC5A62D.d.6565C2ABAFA2DE869D153C59102EF19D.e.10598","ELEMENT":"f.647512A71DDA687F9F591F39CAC5A62D.d.6565C2ABAFA2DE869D153C59102EF19D.e.10598"}]}
RESULT: {"script":"<script> [8489 bytes]","args":[{"element-6066-11e4-a52e-4f735466cecf":"f.647512A71DDA687F9F591F39CAC5A62D.d.6565C2ABAFA2DE869D153C59102EF19D.e.10598","ELEMENT":"f.647512A71DDA687F9F591F39CAC5A62D.d.6565C2ABAFA2DE869D153C59102EF19D.e.10598"}]}
COMMAND: GET /session/700a0ab92761895b5ec9a5372f8d46fb/screenshot - {}
RESULT: {}
COMMAND: POST /session/700a0ab92761895b5ec9a5372f8d46fb/execute/sync - {"script":"<script> [8489 bytes]","args":[{"element-6066-11e4-a52e-4f735466cecf":"f.647512A71DDA687F9F591F39CAC5A62D.d.6565C2ABAFA2DE869D153C59102EF19D.e.10598","ELEMENT":"f.647512A71DDA687F9F591F39CAC5A62D.d.6565C2ABAFA2DE869D153C59102EF19D.e.10598"}]}
RESULT: {"script":"<script> [8489 bytes]","args":[{"element-6066-11e4-a52e-4f735466cecf":"f.647512A71DDA687F9F591F39CAC5A62D.d.6565C2ABAFA2DE869D153C59102EF19D.e.10598","ELEMENT":"f.647512A71DDA687F9F591F39CAC5A62D.d.6565C2ABAFA2DE869D153C59102EF19D.e.10598"}]}
COMMAND: GET /session/700a0ab92761895b5ec9a5372f8d46fb/screenshot - {}
RESULT: {}
COMMAND: POST /session/700a0ab92761895b5ec9a5372f8d46fb/execute/sync - {"script":"<script> [8489 bytes]","args":[{"element-6066-11e4-a52e-4f735466cecf":"f.647512A71DDA687F9F591F39CAC5A62D.d.6565C2ABAFA2DE869D153C59102EF19D.e.10598","ELEMENT":"f.647512A71DDA687F9F591F39CAC5A62D.d.6565C2ABAFA2DE869D153C59102EF19D.e.10598"}]}
RESULT: {"script":"<script> [8489 bytes]","args":[{"element-6066-11e4-a52e-4f735466cecf":"f.647512A71DDA687F9F591F39CAC5A62D.d.6565C2ABAFA2DE869D153C59102EF19D.e.10598","ELEMENT":"f.647512A71DDA687F9F591F39CAC5A62D.d.6565C2ABAFA2DE869D153C59102EF19D.e.10598"}]}
COMMAND: GET /session/700a0ab92761895b5ec9a5372f8d46fb/screenshot - {}
RESULT: {}
COMMAND: POST /session/700a0ab92761895b5ec9a5372f8d46fb/execute/sync - {"script":"<script> [8489 bytes]","args":[{"element-6066-11e4-a52e-4f735466cecf":"f.647512A71DDA687F9F591F39CAC5A62D.d.6565C2ABAFA2DE869D153C59102EF19D.e.10598","ELEMENT":"f.647512A71DDA687F9F591F39CAC5A62D.d.6565C2ABAFA2DE869D153C59102EF19D.e.10598"}]}
RESULT: {"script":"<script> [8489 bytes]","args":[{"element-6066-11e4-a52e-4f735466cecf":"f.647512A71DDA687F9F591F39CAC5A62D.d.6565C2ABAFA2DE869D153C59102EF19D.e.10598","ELEMENT":"f.647512A71DDA687F9F591F39CAC5A62D.d.6565C2ABAFA2DE869D153C59102EF19D.e.10598"}]}
COMMAND: GET /session/700a0ab92761895b5ec9a5372f8d46fb/screenshot - {}
RESULT: {}
COMMAND: POST /session/700a0ab92761895b5ec9a5372f8d46fb/execute/sync - {"script":"<script> [8489 bytes]","args":[{"element-6066-11e4-a52e-4f735466cecf":"f.647512A71DDA687F9F591F39CAC5A62D.d.6565C2ABAFA2DE869D153C59102EF19D.e.10598","ELEMENT":"f.647512A71DDA687F9F591F39CAC5A62D.d.6565C2ABAFA2DE869D153C59102EF19D.e.10598"}]}
RESULT: {"script":"<script> [8489 bytes]","args":[{"element-6066-11e4-a52e-4f735466cecf":"f.647512A71DDA687F9F591F39CAC5A62D.d.6565C2ABAFA2DE869D153C59102EF19D.e.10598","ELEMENT":"f.647512A71DDA687F9F591F39CAC5A62D.d.6565C2ABAFA2DE869D153C59102EF19D.e.10598"}]}
COMMAND: GET /session/700a0ab92761895b5ec9a5372f8d46fb/screenshot - {}
RESULT: {}
COMMAND: POST /session/700a0ab92761895b5ec9a5372f8d46fb/execute/sync - {"script":"<script> [8489 bytes]","args":[{"element-6066-11e4-a52e-4f735466cecf":"f.647512A71DDA687F9F591F39CAC5A62D.d.6565C2ABAFA2DE869D153C59102EF19D.e.10598","ELEMENT":"f.647512A71DDA687F9F591F39CAC5A62D.d.6565C2ABAFA2DE869D153C59102EF19D.e.10598"}]}
RESULT: {"script":"<script> [8489 bytes]","args":[{"element-6066-11e4-a52e-4f735466cecf":"f.647512A71DDA687F9F591F39CAC5A62D.d.6565C2ABAFA2DE869D153C59102EF19D.e.10598","ELEMENT":"f.647512A71DDA687F9F591F39CAC5A62D.d.6565C2ABAFA2DE869D153C59102EF19D.e.10598"}]}
COMMAND: GET /session/700a0ab92761895b5ec9a5372f8d46fb/screenshot - {}
RESULT: {}
COMMAND: POST /session/700a0ab92761895b5ec9a5372f8d46fb/execute/sync - {"script":"<script> [8489 bytes]","args":[{"element-6066-11e4-a52e-4f735466cecf":"f.647512A71DDA687F9F591F39CAC5A62D.d.6565C2ABAFA2DE869D153C59102EF19D.e.10598","ELEMENT":"f.647512A71DDA687F9F591F39CAC5A62D.d.6565C2ABAFA2DE869D153C59102EF19D.e.10598"}]}
RESULT: {"script":"<script> [8489 bytes]","args":[{"element-6066-11e4-a52e-4f735466cecf":"f.647512A71DDA687F9F591F39CAC5A62D.d.6565C2ABAFA2DE869D153C59102EF19D.e.10598","ELEMENT":"f.647512A71DDA687F9F591F39CAC5A62D.d.6565C2ABAFA2DE869D153C59102EF19D.e.10598"}]}
COMMAND: GET /session/700a0ab92761895b5ec9a5372f8d46fb/screenshot - {}
RESULT: {}
COMMAND: POST /session/700a0ab92761895b5ec9a5372f8d46fb/execute/sync - {"script":"<script> [8489 bytes]","args":[{"element-6066-11e4-a52e-4f735466cecf":"f.647512A71DDA687F9F591F39CAC5A62D.d.6565C2ABAFA2DE869D153C59102EF19D.e.10598","ELEMENT":"f.647512A71DDA687F9F591F39CAC5A62D.d.6565C2ABAFA2DE869D153C59102EF19D.e.10598"}]}
RESULT: {"script":"<script> [8489 bytes]","args":[{"element-6066-11e4-a52e-4f735466cecf":"f.647512A71DDA687F9F591F39CAC5A62D.d.6565C2ABAFA2DE869D153C59102EF19D.e.10598","ELEMENT":"f.647512A71DDA687F9F591F39CAC5A62D.d.6565C2ABAFA2DE869D153C59102EF19D.e.10598"}]}
COMMAND: GET /session/700a0ab92761895b5ec9a5372f8d46fb/screenshot - {}
RESULT: {}
COMMAND: POST /session/700a0ab92761895b5ec9a5372f8d46fb/execute/sync - {"script":"<script> [8489 bytes]","args":[{"element-6066-11e4-a52e-4f735466cecf":"f.647512A71DDA687F9F591F39CAC5A62D.d.6565C2ABAFA2DE869D153C59102EF19D.e.10598","ELEMENT":"f.647512A71DDA687F9F591F39CAC5A62D.d.6565C2ABAFA2DE869D153C59102EF19D.e.10598"}]}
RESULT: {"script":"<script> [8489 bytes]","args":[{"element-6066-11e4-a52e-4f735466cecf":"f.647512A71DDA687F9F591F39CAC5A62D.d.6565C2ABAFA2DE869D153C59102EF19D.e.10598","ELEMENT":"f.647512A71DDA687F9F591F39CAC5A62D.d.6565C2ABAFA2DE869D153C59102EF19D.e.10598"}]}
COMMAND: GET /session/700a0ab92761895b5ec9a5372f8d46fb/screenshot - {}
RESULT: {}
COMMAND: POST /session/700a0ab92761895b5ec9a5372f8d46fb/execute/sync - {"script":"<script> [8489 bytes]","args":[{"element-6066-11e4-a52e-4f735466cecf":"f.647512A71DDA687F9F591F39CAC5A62D.d.6565C2ABAFA2DE869D153C59102EF19D.e.10598","ELEMENT":"f.647512A71DDA687F9F591F39CAC5A62D.d.6565C2ABAFA2DE869D153C59102EF19D.e.10598"}]}
RESULT: {"script":"<script> [8489 bytes]","args":[{"element-6066-11e4-a52e-4f735466cecf":"f.647512A71DDA687F9F591F39CAC5A62D.d.6565C2ABAFA2DE869D153C59102EF19D.e.10598","ELEMENT":"f.647512A71DDA687F9F591F39CAC5A62D.d.6565C2ABAFA2DE869D153C59102EF19D.e.10598"}]}
COMMAND: GET /session/700a0ab92761895b5ec9a5372f8d46fb/screenshot - {}
RESULT: {}
COMMAND: POST /session/700a0ab92761895b5ec9a5372f8d46fb/execute/sync - {"script":"<script> [8489 bytes]","args":[{"element-6066-11e4-a52e-4f735466cecf":"f.647512A71DDA687F9F591F39CAC5A62D.d.6565C2ABAFA2DE869D153C59102EF19D.e.10598","ELEMENT":"f.647512A71DDA687F9F591F39CAC5A62D.d.6565C2ABAFA2DE869D153C59102EF19D.e.10598"}]}
RESULT: {"script":"<script> [8489 bytes]","args":[{"element-6066-11e4-a52e-4f735466cecf":"f.647512A71DDA687F9F591F39CAC5A62D.d.6565C2ABAFA2DE869D153C59102EF19D.e.10598","ELEMENT":"f.647512A71DDA687F9F591F39CAC5A62D.d.6565C2ABAFA2DE869D153C59102EF19D.e.10598"}]}
COMMAND: GET /session/700a0ab92761895b5ec9a5372f8d46fb/screenshot - {}
RESULT: {}
COMMAND: POST /session/700a0ab92761895b5ec9a5372f8d46fb/execute/sync - {"script":"<script> [8489 bytes]","args":[{"element-6066-11e4-a52e-4f735466cecf":"f.647512A71DDA687F9F591F39CAC5A62D.d.6565C2ABAFA2DE869D153C59102EF19D.e.10598","ELEMENT":"f.647512A71DDA687F9F591F39CAC5A62D.d.6565C2ABAFA2DE869D153C59102EF19D.e.10598"}]}
RESULT: {"script":"<script> [8489 bytes]","args":[{"element-6066-11e4-a52e-4f735466cecf":"f.647512A71DDA687F9F591F39CAC5A62D.d.6565C2ABAFA2DE869D153C59102EF19D.e.10598","ELEMENT":"f.647512A71DDA687F9F591F39CAC5A62D.d.6565C2ABAFA2DE869D153C59102EF19D.e.10598"}]}
COMMAND: GET /session/700a0ab92761895b5ec9a5372f8d46fb/screenshot - {}
RESULT: {}
COMMAND: POST /session/700a0ab92761895b5ec9a5372f8d46fb/execute/sync - {"script":"<script> [8489 bytes]","args":[{"element-6066-11e4-a52e-4f735466cecf":"f.647512A71DDA687F9F591F39CAC5A62D.d.6565C2ABAFA2DE869D153C59102EF19D.e.10598","ELEMENT":"f.647512A71DDA687F9F591F39CAC5A62D.d.6565C2ABAFA2DE869D153C59102EF19D.e.10598"}]}
RESULT: {"script":"<script> [8489 bytes]","args":[{"element-6066-11e4-a52e-4f735466cecf":"f.647512A71DDA687F9F591F39CAC5A62D.d.6565C2ABAFA2DE869D153C59102EF19D.e.10598","ELEMENT":"f.647512A71DDA687F9F591F39CAC5A62D.d.6565C2ABAFA2DE869D153C59102EF19D.e.10598"}]}
COMMAND: GET /session/700a0ab92761895b5ec9a5372f8d46fb/screenshot - {}
RESULT: {}
COMMAND: POST /session/700a0ab92761895b5ec9a5372f8d46fb/execute/sync - {"script":"<script> [8489 bytes]","args":[{"element-6066-11e4-a52e-4f735466cecf":"f.647512A71DDA687F9F591F39CAC5A62D.d.6565C2ABAFA2DE869D153C59102EF19D.e.10598","ELEMENT":"f.647512A71DDA687F9F591F39CAC5A62D.d.6565C2ABAFA2DE869D153C59102EF19D.e.10598"}]}
RESULT: {"script":"<script> [8489 bytes]","args":[{"element-6066-11e4-a52e-4f735466cecf":"f.647512A71DDA687F9F591F39CAC5A62D.d.6565C2ABAFA2DE869D153C59102EF19D.e.10598","ELEMENT":"f.647512A71DDA687F9F591F39CAC5A62D.d.6565C2ABAFA2DE869D153C59102EF19D.e.10598"}]}
COMMAND: GET /session/700a0ab92761895b5ec9a5372f8d46fb/screenshot - {}
RESULT: {}
COMMAND: POST /session/700a0ab92761895b5ec9a5372f8d46fb/execute/sync - {"script":"<script> [8489 bytes]","args":[{"element-6066-11e4-a52e-4f735466cecf":"f.647512A71DDA687F9F591F39CAC5A62D.d.6565C2ABAFA2DE869D153C59102EF19D.e.10598","ELEMENT":"f.647512A71DDA687F9F591F39CAC5A62D.d.6565C2ABAFA2DE869D153C59102EF19D.e.10598"}]}
RESULT: {"script":"<script> [8489 bytes]","args":[{"element-6066-11e4-a52e-4f735466cecf":"f.647512A71DDA687F9F591F39CAC5A62D.d.6565C2ABAFA2DE869D153C59102EF19D.e.10598","ELEMENT":"f.647512A71DDA687F9F591F39CAC5A62D.d.6565C2ABAFA2DE869D153C59102EF19D.e.10598"}]}
COMMAND: GET /session/700a0ab92761895b5ec9a5372f8d46fb/screenshot - {}
RESULT: {}
COMMAND: POST /session/700a0ab92761895b5ec9a5372f8d46fb/execute/sync - {"script":"<script> [8489 bytes]","args":[{"element-6066-11e4-a52e-4f735466cecf":"f.647512A71DDA687F9F591F39CAC5A62D.d.6565C2ABAFA2DE869D153C59102EF19D.e.10598","ELEMENT":"f.647512A71DDA687F9F591F39CAC5A62D.d.6565C2ABAFA2DE869D153C59102EF19D.e.10598"}]}
RESULT: {"script":"<script> [8489 bytes]","args":[{"element-6066-11e4-a52e-4f735466cecf":"f.647512A71DDA687F9F591F39CAC5A62D.d.6565C2ABAFA2DE869D153C59102EF19D.e.10598","ELEMENT":"f.647512A71DDA687F9F591F39CAC5A62D.d.6565C2ABAFA2DE869D153C59102EF19D.e.10598"}]}
COMMAND: GET /session/700a0ab92761895b5ec9a5372f8d46fb/screenshot - {}
COMMAND: POST /session/700a0ab92761895b5ec9a5372f8d46fb/execute/sync - {"script":"<script> [8489 bytes]","args":[{"element-6066-11e4-a52e-4f735466cecf":"f.647512A71DDA687F9F591F39CAC5A62D.d.6565C2ABAFA2DE869D153C59102EF19D.e.10598","ELEMENT":"f.647512A71DDA687F9F591F39CAC5A62D.d.6565C2ABAFA2DE869D153C59102EF19D.e.10598"}]}
RESULT: {"script":"<script> [8489 bytes]","args":[{"element-6066-11e4-a52e-4f735466cecf":"f.647512A71DDA687F9F591F39CAC5A62D.d.6565C2ABAFA2DE869D153C59102EF19D.e.10598","ELEMENT":"f.647512A71DDA687F9F591F39CAC5A62D.d.6565C2ABAFA2DE869D153C59102EF19D.e.10598"}]}
COMMAND: GET /session/700a0ab92761895b5ec9a5372f8d46fb/screenshot - {}
RESULT: {}
COMMAND: POST /session/700a0ab92761895b5ec9a5372f8d46fb/execute/sync - {"script":"<script> [8489 bytes]","args":[{"element-6066-11e4-a52e-4f735466cecf":"f.647512A71DDA687F9F591F39CAC5A62D.d.6565C2ABAFA2DE869D153C59102EF19D.e.10598","ELEMENT":"f.647512A71DDA687F9F591F39CAC5A62D.d.6565C2ABAFA2DE869D153C59102EF19D.e.10598"}]}
RESULT: {}
RESULT: {"script":"<script> [8489 bytes]","args":[{"element-6066-11e4-a52e-4f735466cecf":"f.647512A71DDA687F9F591F39CAC5A62D.d.6565C2ABAFA2DE869D153C59102EF19D.e.10598","ELEMENT":"f.647512A71DDA687F9F591F39CAC5A62D.d.6565C2ABAFA2DE869D153C59102EF19D.e.10598"}]}
COMMAND: GET /session/700a0ab92761895b5ec9a5372f8d46fb/screenshot - {}
RESULT: {}
COMMAND: POST /session/700a0ab92761895b5ec9a5372f8d46fb/execute/sync - {"script":"<script> [8489 bytes]","args":[{"element-6066-11e4-a52e-4f735466cecf":"f.647512A71DDA687F9F591F39CAC5A62D.d.6565C2ABAFA2DE869D153C59102EF19D.e.10598","ELEMENT":"f.647512A71DDA687F9F591F39CAC5A62D.d.6565C2ABAFA2DE869D153C59102EF19D.e.10598"}]}
RESULT: {"script":"<script> [8489 bytes]","args":[{"element-6066-11e4-a52e-4f735466cecf":"f.647512A71DDA687F9F591F39CAC5A62D.d.6565C2ABAFA2DE869D153C59102EF19D.e.10598","ELEMENT":"f.647512A71DDA687F9F591F39CAC5A62D.d.6565C2ABAFA2DE869D153C59102EF19D.e.10598"}]}
COMMAND: GET /session/700a0ab92761895b5ec9a5372f8d46fb/screenshot - {}
RESULT: {}
COMMAND: POST /session/700a0ab92761895b5ec9a5372f8d46fb/execute/sync - {"script":"<script> [8489 bytes]","args":[{"element-6066-11e4-a52e-4f735466cecf":"f.647512A71DDA687F9F591F39CAC5A62D.d.6565C2ABAFA2DE869D153C59102EF19D.e.10598","ELEMENT":"f.647512A71DDA687F9F591F39CAC5A62D.d.6565C2ABAFA2DE869D153C59102EF19D.e.10598"}]}
RESULT: {"script":"<script> [8489 bytes]","args":[{"element-6066-11e4-a52e-4f735466cecf":"f.647512A71DDA687F9F591F39CAC5A62D.d.6565C2ABAFA2DE869D153C59102EF19D.e.10598","ELEMENT":"f.647512A71DDA687F9F591F39CAC5A62D.d.6565C2ABAFA2DE869D153C59102EF19D.e.10598"}]}
COMMAND: GET /session/700a0ab92761895b5ec9a5372f8d46fb/screenshot - {}
RESULT: {}
COMMAND: POST /session/700a0ab92761895b5ec9a5372f8d46fb/execute/sync - {"script":"<script> [8489 bytes]","args":[{"element-6066-11e4-a52e-4f735466cecf":"f.647512A71DDA687F9F591F39CAC5A62D.d.6565C2ABAFA2DE869D153C59102EF19D.e.10598","ELEMENT":"f.647512A71DDA687F9F591F39CAC5A62D.d.6565C2ABAFA2DE869D153C59102EF19D.e.10598"}]}
RESULT: {"script":"<script> [8489 bytes]","args":[{"element-6066-11e4-a52e-4f735466cecf":"f.647512A71DDA687F9F591F39CAC5A62D.d.6565C2ABAFA2DE869D153C59102EF19D.e.10598","ELEMENT":"f.647512A71DDA687F9F591F39CAC5A62D.d.6565C2ABAFA2DE869D153C59102EF19D.e.10598"}]}
COMMAND: GET /session/700a0ab92761895b5ec9a5372f8d46fb/screenshot - {}
RESULT: {}
COMMAND: POST /session/700a0ab92761895b5ec9a5372f8d46fb/execute/sync - {"script":"<script> [8489 bytes]","args":[{"element-6066-11e4-a52e-4f735466cecf":"f.647512A71DDA687F9F591F39CAC5A62D.d.6565C2ABAFA2DE869D153C59102EF19D.e.10598","ELEMENT":"f.647512A71DDA687F9F591F39CAC5A62D.d.6565C2ABAFA2DE869D153C59102EF19D.e.10598"}]}
RESULT: {"script":"<script> [8489 bytes]","args":[{"element-6066-11e4-a52e-4f735466cecf":"f.647512A71DDA687F9F591F39CAC5A62D.d.6565C2ABAFA2DE869D153C59102EF19D.e.10598","ELEMENT":"f.647512A71DDA687F9F591F39CAC5A62D.d.6565C2ABAFA2DE869D153C59102EF19D.e.10598"}]}
COMMAND: GET /session/700a0ab92761895b5ec9a5372f8d46fb/screenshot - {}
RESULT: {}
COMMAND: POST /session/700a0ab92761895b5ec9a5372f8d46fb/execute/sync - {"script":"<script> [8489 bytes]","args":[{"element-6066-11e4-a52e-4f735466cecf":"f.647512A71DDA687F9F591F39CAC5A62D.d.6565C2ABAFA2DE869D153C59102EF19D.e.10598","ELEMENT":"f.647512A71DDA687F9F591F39CAC5A62D.d.6565C2ABAFA2DE869D153C59102EF19D.e.10598"}]}
RESULT: {"script":"<script> [8489 bytes]","args":[{"element-6066-11e4-a52e-4f735466cecf":"f.647512A71DDA687F9F591F39CAC5A62D.d.6565C2ABAFA2DE869D153C59102EF19D.e.10598","ELEMENT":"f.647512A71DDA687F9F591F39CAC5A62D.d.6565C2ABAFA2DE869D153C59102EF19D.e.10598"}]}
COMMAND: GET /session/700a0ab92761895b5ec9a5372f8d46fb/screenshot - {}
RESULT: {}
COMMAND: POST /session/700a0ab92761895b5ec9a5372f8d46fb/execute/sync - {"script":"<script> [8489 bytes]","args":[{"element-6066-11e4-a52e-4f735466cecf":"f.647512A71DDA687F9F591F39CAC5A62D.d.6565C2ABAFA2DE869D153C59102EF19D.e.10598","ELEMENT":"f.647512A71DDA687F9F591F39CAC5A62D.d.6565C2ABAFA2DE869D153C59102EF19D.e.10598"}]}
RESULT: {"script":"<script> [8489 bytes]","args":[{"element-6066-11e4-a52e-4f735466cecf":"f.647512A71DDA687F9F591F39CAC5A62D.d.6565C2ABAFA2DE869D153C59102EF19D.e.10598","ELEMENT":"f.647512A71DDA687F9F591F39CAC5A62D.d.6565C2ABAFA2DE869D153C59102EF19D.e.10598"}]}
COMMAND: GET /session/700a0ab92761895b5ec9a5372f8d46fb/screenshot - {}
RESULT: {}
COMMAND: POST /session/700a0ab92761895b5ec9a5372f8d46fb/execute/sync - {"script":"<script> [8489 bytes]","args":[{"element-6066-11e4-a52e-4f735466cecf":"f.647512A71DDA687F9F591F39CAC5A62D.d.6565C2ABAFA2DE869D153C59102EF19D.e.10598","ELEMENT":"f.647512A71DDA687F9F591F39CAC5A62D.d.6565C2ABAFA2DE869D153C59102EF19D.e.10598"}]}
RESULT: {"script":"<script> [8489 bytes]","args":[{"element-6066-11e4-a52e-4f735466cecf":"f.647512A71DDA687F9F591F39CAC5A62D.d.6565C2ABAFA2DE869D153C59102EF19D.e.10598","ELEMENT":"f.647512A71DDA687F9F591F39CAC5A62D.d.6565C2ABAFA2DE869D153C59102EF19D.e.10598"}]}
COMMAND: GET /session/700a0ab92761895b5ec9a5372f8d46fb/screenshot - {}
RESULT: {}
COMMAND: POST /session/700a0ab92761895b5ec9a5372f8d46fb/execute/sync - {"script":"<script> [8489 bytes]","args":[{"element-6066-11e4-a52e-4f735466cecf":"f.647512A71DDA687F9F591F39CAC5A62D.d.6565C2ABAFA2DE869D153C59102EF19D.e.10598","ELEMENT":"f.647512A71DDA687F9F591F39CAC5A62D.d.6565C2ABAFA2DE869D153C59102EF19D.e.10598"}]}
RESULT: {"script":"<script> [8489 bytes]","args":[{"element-6066-11e4-a52e-4f735466cecf":"f.647512A71DDA687F9F591F39CAC5A62D.d.6565C2ABAFA2DE869D153C59102EF19D.e.10598","ELEMENT":"f.647512A71DDA687F9F591F39CAC5A62D.d.6565C2ABAFA2DE869D153C59102EF19D.e.10598"}]}
COMMAND: GET /session/700a0ab92761895b5ec9a5372f8d46fb/screenshot - {}
RESULT: {}
COMMAND: POST /session/700a0ab92761895b5ec9a5372f8d46fb/execute/sync - {"script":"<script> [8489 bytes]","args":[{"element-6066-11e4-a52e-4f735466cecf":"f.647512A71DDA687F9F591F39CAC5A62D.d.6565C2ABAFA2DE869D153C59102EF19D.e.10598","ELEMENT":"f.647512A71DDA687F9F591F39CAC5A62D.d.6565C2ABAFA2DE869D153C59102EF19D.e.10598"}]}
RESULT: {"script":"<script> [8489 bytes]","args":[{"element-6066-11e4-a52e-4f735466cecf":"f.647512A71DDA687F9F591F39CAC5A62D.d.6565C2ABAFA2DE869D153C59102EF19D.e.10598","ELEMENT":"f.647512A71DDA687F9F591F39CAC5A62D.d.6565C2ABAFA2DE869D153C59102EF19D.e.10598"}]}
COMMAND: GET /session/700a0ab92761895b5ec9a5372f8d46fb/screenshot - {}
RESULT: {}
COMMAND: POST /session/700a0ab92761895b5ec9a5372f8d46fb/execute/sync - {"script":"<script> [8489 bytes]","args":[{"element-6066-11e4-a52e-4f735466cecf":"f.647512A71DDA687F9F591F39CAC5A62D.d.6565C2ABAFA2DE869D153C59102EF19D.e.10598","ELEMENT":"f.647512A71DDA687F9F591F39CAC5A62D.d.6565C2ABAFA2DE869D153C59102EF19D.e.10598"}]}
RESULT: {"script":"<script> [8489 bytes]","args":[{"element-6066-11e4-a52e-4f735466cecf":"f.647512A71DDA687F9F591F39CAC5A62D.d.6565C2ABAFA2DE869D153C59102EF19D.e.10598","ELEMENT":"f.647512A71DDA687F9F591F39CAC5A62D.d.6565C2ABAFA2DE869D153C59102EF19D.e.10598"}]}
COMMAND: GET /session/700a0ab92761895b5ec9a5372f8d46fb/screenshot - {}
RESULT: {}
COMMAND: POST /session/700a0ab92761895b5ec9a5372f8d46fb/execute/sync - {"script":"<script> [8489 bytes]","args":[{"element-6066-11e4-a52e-4f735466cecf":"f.647512A71DDA687F9F591F39CAC5A62D.d.6565C2ABAFA2DE869D153C59102EF19D.e.10598","ELEMENT":"f.647512A71DDA687F9F591F39CAC5A62D.d.6565C2ABAFA2DE869D153C59102EF19D.e.10598"}]}
RESULT: {"script":"<script> [8489 bytes]","args":[{"element-6066-11e4-a52e-4f735466cecf":"f.647512A71DDA687F9F591F39CAC5A62D.d.6565C2ABAFA2DE869D153C59102EF19D.e.10598","ELEMENT":"f.647512A71DDA687F9F591F39CAC5A62D.d.6565C2ABAFA2DE869D153C59102EF19D.e.10598"}]}
COMMAND: GET /session/700a0ab92761895b5ec9a5372f8d46fb/screenshot - {}
RESULT: {}
COMMAND: POST /session/700a0ab92761895b5ec9a5372f8d46fb/execute/sync - {"script":"<script> [8489 bytes]","args":[{"element-6066-11e4-a52e-4f735466cecf":"f.647512A71DDA687F9F591F39CAC5A62D.d.6565C2ABAFA2DE869D153C59102EF19D.e.10598","ELEMENT":"f.647512A71DDA687F9F591F39CAC5A62D.d.6565C2ABAFA2DE869D153C59102EF19D.e.10598"}]}
RESULT: {"script":"<script> [8489 bytes]","args":[{"element-6066-11e4-a52e-4f735466cecf":"f.647512A71DDA687F9F591F39CAC5A62D.d.6565C2ABAFA2DE869D153C59102EF19D.e.10598","ELEMENT":"f.647512A71DDA687F9F591F39CAC5A62D.d.6565C2ABAFA2DE869D153C59102EF19D.e.10598"}]}
COMMAND: GET /session/700a0ab92761895b5ec9a5372f8d46fb/screenshot - {}
RESULT: {}
COMMAND: POST /session/700a0ab92761895b5ec9a5372f8d46fb/execute/sync - {"script":"<script> [8489 bytes]","args":[{"element-6066-11e4-a52e-4f735466cecf":"f.647512A71DDA687F9F591F39CAC5A62D.d.6565C2ABAFA2DE869D153C59102EF19D.e.10598","ELEMENT":"f.647512A71DDA687F9F591F39CAC5A62D.d.6565C2ABAFA2DE869D153C59102EF19D.e.10598"}]}
RESULT: {"script":"<script> [8489 bytes]","args":[{"element-6066-11e4-a52e-4f735466cecf":"f.647512A71DDA687F9F591F39CAC5A62D.d.6565C2ABAFA2DE869D153C59102EF19D.e.10598","ELEMENT":"f.647512A71DDA687F9F591F39CAC5A62D.d.6565C2ABAFA2DE869D153C59102EF19D.e.10598"}]}
COMMAND: GET /session/700a0ab92761895b5ec9a5372f8d46fb/screenshot - {}
RESULT: {}
COMMAND: POST /session/700a0ab92761895b5ec9a5372f8d46fb/execute/sync - {"script":"<script> [8489 bytes]","args":[{"element-6066-11e4-a52e-4f735466cecf":"f.647512A71DDA687F9F591F39CAC5A62D.d.6565C2ABAFA2DE869D153C59102EF19D.e.10598","ELEMENT":"f.647512A71DDA687F9F591F39CAC5A62D.d.6565C2ABAFA2DE869D153C59102EF19D.e.10598"}]}
RESULT: {"script":"<script> [8489 bytes]","args":[{"element-6066-11e4-a52e-4f735466cecf":"f.647512A71DDA687F9F591F39CAC5A62D.d.6565C2ABAFA2DE869D153C59102EF19D.e.10598","ELEMENT":"f.647512A71DDA687F9F591F39CAC5A62D.d.6565C2ABAFA2DE869D153C59102EF19D.e.10598"}]}
COMMAND: GET /session/700a0ab92761895b5ec9a5372f8d46fb/screenshot - {}
COMMAND: POST /session/700a0ab92761895b5ec9a5372f8d46fb/execute/sync - {"script":"<script> [8489 bytes]","args":[{"element-6066-11e4-a52e-4f735466cecf":"f.647512A71DDA687F9F591F39CAC5A62D.d.6565C2ABAFA2DE869D153C59102EF19D.e.10598","ELEMENT":"f.647512A71DDA687F9F591F39CAC5A62D.d.6565C2ABAFA2DE869D153C59102EF19D.e.10598"}]}
RESULT: {}
RESULT: {"script":"<script> [8489 bytes]","args":[{"element-6066-11e4-a52e-4f735466cecf":"f.647512A71DDA687F9F591F39CAC5A62D.d.6565C2ABAFA2DE869D153C59102EF19D.e.10598","ELEMENT":"f.647512A71DDA687F9F591F39CAC5A62D.d.6565C2ABAFA2DE869D153C59102EF19D.e.10598"}]}
COMMAND: GET /session/700a0ab92761895b5ec9a5372f8d46fb/screenshot - {}
RESULT: {}
COMMAND: POST /session/700a0ab92761895b5ec9a5372f8d46fb/execute/sync - {"script":"<script> [8489 bytes]","args":[{"element-6066-11e4-a52e-4f735466cecf":"f.647512A71DDA687F9F591F39CAC5A62D.d.6565C2ABAFA2DE869D153C59102EF19D.e.10598","ELEMENT":"f.647512A71DDA687F9F591F39CAC5A62D.d.6565C2ABAFA2DE869D153C59102EF19D.e.10598"}]}
RESULT: {"script":"<script> [8489 bytes]","args":[{"element-6066-11e4-a52e-4f735466cecf":"f.647512A71DDA687F9F591F39CAC5A62D.d.6565C2ABAFA2DE869D153C59102EF19D.e.10598","ELEMENT":"f.647512A71DDA687F9F591F39CAC5A62D.d.6565C2ABAFA2DE869D153C59102EF19D.e.10598"}]}
COMMAND: GET /session/700a0ab92761895b5ec9a5372f8d46fb/screenshot - {}
RESULT: {}
COMMAND: POST /session/700a0ab92761895b5ec9a5372f8d46fb/execute/sync - {"script":"<script> [8489 bytes]","args":[{"element-6066-11e4-a52e-4f735466cecf":"f.647512A71DDA687F9F591F39CAC5A62D.d.6565C2ABAFA2DE869D153C59102EF19D.e.10598","ELEMENT":"f.647512A71DDA687F9F591F39CAC5A62D.d.6565C2ABAFA2DE869D153C59102EF19D.e.10598"}]}
RESULT: {"script":"<script> [8489 bytes]","args":[{"element-6066-11e4-a52e-4f735466cecf":"f.647512A71DDA687F9F591F39CAC5A62D.d.6565C2ABAFA2DE869D153C59102EF19D.e.10598","ELEMENT":"f.647512A71DDA687F9F591F39CAC5A62D.d.6565C2ABAFA2DE869D153C59102EF19D.e.10598"}]}
COMMAND: GET /session/700a0ab92761895b5ec9a5372f8d46fb/screenshot - {}
RESULT: {}
COMMAND: POST /session/700a0ab92761895b5ec9a5372f8d46fb/execute/sync - {"script":"<script> [8489 bytes]","args":[{"element-6066-11e4-a52e-4f735466cecf":"f.647512A71DDA687F9F591F39CAC5A62D.d.6565C2ABAFA2DE869D153C59102EF19D.e.10598","ELEMENT":"f.647512A71DDA687F9F591F39CAC5A62D.d.6565C2ABAFA2DE869D153C59102EF19D.e.10598"}]}
RESULT: {"script":"<script> [8489 bytes]","args":[{"element-6066-11e4-a52e-4f735466cecf":"f.647512A71DDA687F9F591F39CAC5A62D.d.6565C2ABAFA2DE869D153C59102EF19D.e.10598","ELEMENT":"f.647512A71DDA687F9F591F39CAC5A62D.d.6565C2ABAFA2DE869D153C59102EF19D.e.10598"}]}
COMMAND: GET /session/700a0ab92761895b5ec9a5372f8d46fb/screenshot - {}
RESULT: {}
COMMAND: POST /session/700a0ab92761895b5ec9a5372f8d46fb/execute/sync - {"script":"<script> [8489 bytes]","args":[{"element-6066-11e4-a52e-4f735466cecf":"f.647512A71DDA687F9F591F39CAC5A62D.d.6565C2ABAFA2DE869D153C59102EF19D.e.10598","ELEMENT":"f.647512A71DDA687F9F591F39CAC5A62D.d.6565C2ABAFA2DE869D153C59102EF19D.e.10598"}]}
RESULT: {"script":"<script> [8489 bytes]","args":[{"element-6066-11e4-a52e-4f735466cecf":"f.647512A71DDA687F9F591F39CAC5A62D.d.6565C2ABAFA2DE869D153C59102EF19D.e.10598","ELEMENT":"f.647512A71DDA687F9F591F39CAC5A62D.d.6565C2ABAFA2DE869D153C59102EF19D.e.10598"}]}
COMMAND: GET /session/700a0ab92761895b5ec9a5372f8d46fb/screenshot - {}
RESULT: {}
COMMAND: POST /session/700a0ab92761895b5ec9a5372f8d46fb/execute/sync - {"script":"<script> [8489 bytes]","args":[{"element-6066-11e4-a52e-4f735466cecf":"f.647512A71DDA687F9F591F39CAC5A62D.d.6565C2ABAFA2DE869D153C59102EF19D.e.10598","ELEMENT":"f.647512A71DDA687F9F591F39CAC5A62D.d.6565C2ABAFA2DE869D153C59102EF19D.e.10598"}]}
RESULT: {"script":"<script> [8489 bytes]","args":[{"element-6066-11e4-a52e-4f735466cecf":"f.647512A71DDA687F9F591F39CAC5A62D.d.6565C2ABAFA2DE869D153C59102EF19D.e.10598","ELEMENT":"f.647512A71DDA687F9F591F39CAC5A62D.d.6565C2ABAFA2DE869D153C59102EF19D.e.10598"}]}
COMMAND: GET /session/700a0ab92761895b5ec9a5372f8d46fb/screenshot - {}
RESULT: {}
COMMAND: POST /session/700a0ab92761895b5ec9a5372f8d46fb/execute/sync - {"script":"<script> [8489 bytes]","args":[{"element-6066-11e4-a52e-4f735466cecf":"f.647512A71DDA687F9F591F39CAC5A62D.d.6565C2ABAFA2DE869D153C59102EF19D.e.10598","ELEMENT":"f.647512A71DDA687F9F591F39CAC5A62D.d.6565C2ABAFA2DE869D153C59102EF19D.e.10598"}]}
RESULT: {"script":"<script> [8489 bytes]","args":[{"element-6066-11e4-a52e-4f735466cecf":"f.647512A71DDA687F9F591F39CAC5A62D.d.6565C2ABAFA2DE869D153C59102EF19D.e.10598","ELEMENT":"f.647512A71DDA687F9F591F39CAC5A62D.d.6565C2ABAFA2DE869D153C59102EF19D.e.10598"}]}
COMMAND: GET /session/700a0ab92761895b5ec9a5372f8d46fb/screenshot - {}
RESULT: {}
COMMAND: POST /session/700a0ab92761895b5ec9a5372f8d46fb/execute/sync - {"script":"<script> [8489 bytes]","args":[{"element-6066-11e4-a52e-4f735466cecf":"f.647512A71DDA687F9F591F39CAC5A62D.d.6565C2ABAFA2DE869D153C59102EF19D.e.10598","ELEMENT":"f.647512A71DDA687F9F591F39CAC5A62D.d.6565C2ABAFA2DE869D153C59102EF19D.e.10598"}]}
RESULT: {"script":"<script> [8489 bytes]","args":[{"element-6066-11e4-a52e-4f735466cecf":"f.647512A71DDA687F9F591F39CAC5A62D.d.6565C2ABAFA2DE869D153C59102EF19D.e.10598","ELEMENT":"f.647512A71DDA687F9F591F39CAC5A62D.d.6565C2ABAFA2DE869D153C59102EF19D.e.10598"}]}
COMMAND: GET /session/700a0ab92761895b5ec9a5372f8d46fb/screenshot - {}
RESULT: {}
COMMAND: POST /session/700a0ab92761895b5ec9a5372f8d46fb/execute/sync - {"script":"<script> [8489 bytes]","args":[{"element-6066-11e4-a52e-4f735466cecf":"f.647512A71DDA687F9F591F39CAC5A62D.d.6565C2ABAFA2DE869D153C59102EF19D.e.10598","ELEMENT":"f.647512A71DDA687F9F591F39CAC5A62D.d.6565C2ABAFA2DE869D153C59102EF19D.e.10598"}]}
RESULT: {"script":"<script> [8489 bytes]","args":[{"element-6066-11e4-a52e-4f735466cecf":"f.647512A71DDA687F9F591F39CAC5A62D.d.6565C2ABAFA2DE869D153C59102EF19D.e.10598","ELEMENT":"f.647512A71DDA687F9F591F39CAC5A62D.d.6565C2ABAFA2DE869D153C59102EF19D.e.10598"}]}
COMMAND: GET /session/700a0ab92761895b5ec9a5372f8d46fb/screenshot - {}
RESULT: {}
COMMAND: POST /session/700a0ab92761895b5ec9a5372f8d46fb/execute/sync - {"script":"<script> [8489 bytes]","args":[{"element-6066-11e4-a52e-4f735466cecf":"f.647512A71DDA687F9F591F39CAC5A62D.d.6565C2ABAFA2DE869D153C59102EF19D.e.10598","ELEMENT":"f.647512A71DDA687F9F591F39CAC5A62D.d.6565C2ABAFA2DE869D153C59102EF19D.e.10598"}]}
RESULT: {"script":"<script> [8489 bytes]","args":[{"element-6066-11e4-a52e-4f735466cecf":"f.647512A71DDA687F9F591F39CAC5A62D.d.6565C2ABAFA2DE869D153C59102EF19D.e.10598","ELEMENT":"f.647512A71DDA687F9F591F39CAC5A62D.d.6565C2ABAFA2DE869D153C59102EF19D.e.10598"}]}
COMMAND: GET /session/700a0ab92761895b5ec9a5372f8d46fb/screenshot - {}
RESULT: {}
COMMAND: POST /session/700a0ab92761895b5ec9a5372f8d46fb/execute/sync - {"script":"<script> [8489 bytes]","args":[{"element-6066-11e4-a52e-4f735466cecf":"f.647512A71DDA687F9F591F39CAC5A62D.d.6565C2ABAFA2DE869D153C59102EF19D.e.10598","ELEMENT":"f.647512A71DDA687F9F591F39CAC5A62D.d.6565C2ABAFA2DE869D153C59102EF19D.e.10598"}]}
RESULT: {"script":"<script> [8489 bytes]","args":[{"element-6066-11e4-a52e-4f735466cecf":"f.647512A71DDA687F9F591F39CAC5A62D.d.6565C2ABAFA2DE869D153C59102EF19D.e.10598","ELEMENT":"f.647512A71DDA687F9F591F39CAC5A62D.d.6565C2ABAFA2DE869D153C59102EF19D.e.10598"}]}
COMMAND: GET /session/700a0ab92761895b5ec9a5372f8d46fb/screenshot - {}
RESULT: {}
COMMAND: POST /session/700a0ab92761895b5ec9a5372f8d46fb/execute/sync - {"script":"<script> [8489 bytes]","args":[{"element-6066-11e4-a52e-4f735466cecf":"f.647512A71DDA687F9F591F39CAC5A62D.d.6565C2ABAFA2DE869D153C59102EF19D.e.10598","ELEMENT":"f.647512A71DDA687F9F591F39CAC5A62D.d.6565C2ABAFA2DE869D153C59102EF19D.e.10598"}]}
RESULT: {"script":"<script> [8489 bytes]","args":[{"element-6066-11e4-a52e-4f735466cecf":"f.647512A71DDA687F9F591F39CAC5A62D.d.6565C2ABAFA2DE869D153C59102EF19D.e.10598","ELEMENT":"f.647512A71DDA687F9F591F39CAC5A62D.d.6565C2ABAFA2DE869D153C59102EF19D.e.10598"}]}
COMMAND: GET /session/700a0ab92761895b5ec9a5372f8d46fb/screenshot - {}
RESULT: {}
COMMAND: POST /session/700a0ab92761895b5ec9a5372f8d46fb/execute/sync - {"script":"<script> [8489 bytes]","args":[{"element-6066-11e4-a52e-4f735466cecf":"f.647512A71DDA687F9F591F39CAC5A62D.d.6565C2ABAFA2DE869D153C59102EF19D.e.10598","ELEMENT":"f.647512A71DDA687F9F591F39CAC5A62D.d.6565C2ABAFA2DE869D153C59102EF19D.e.10598"}]}
RESULT: {"script":"<script> [8489 bytes]","args":[{"element-6066-11e4-a52e-4f735466cecf":"f.647512A71DDA687F9F591F39CAC5A62D.d.6565C2ABAFA2DE869D153C59102EF19D.e.10598","ELEMENT":"f.647512A71DDA687F9F591F39CAC5A62D.d.6565C2ABAFA2DE869D153C59102EF19D.e.10598"}]}
COMMAND: GET /session/700a0ab92761895b5ec9a5372f8d46fb/screenshot - {}
RESULT: {}
COMMAND: POST /session/700a0ab92761895b5ec9a5372f8d46fb/execute/sync - {"script":"<script> [8489 bytes]","args":[{"element-6066-11e4-a52e-4f735466cecf":"f.647512A71DDA687F9F591F39CAC5A62D.d.6565C2ABAFA2DE869D153C59102EF19D.e.10598","ELEMENT":"f.647512A71DDA687F9F591F39CAC5A62D.d.6565C2ABAFA2DE869D153C59102EF19D.e.10598"}]}
RESULT: {"script":"<script> [8489 bytes]","args":[{"element-6066-11e4-a52e-4f735466cecf":"f.647512A71DDA687F9F591F39CAC5A62D.d.6565C2ABAFA2DE869D153C59102EF19D.e.10598","ELEMENT":"f.647512A71DDA687F9F591F39CAC5A62D.d.6565C2ABAFA2DE869D153C59102EF19D.e.10598"}]}
COMMAND: GET /session/700a0ab92761895b5ec9a5372f8d46fb/screenshot - {}
RESULT: {}
COMMAND: POST /session/700a0ab92761895b5ec9a5372f8d46fb/execute/sync - {"script":"<script> [8489 bytes]","args":[{"element-6066-11e4-a52e-4f735466cecf":"f.647512A71DDA687F9F591F39CAC5A62D.d.6565C2ABAFA2DE869D153C59102EF19D.e.10598","ELEMENT":"f.647512A71DDA687F9F591F39CAC5A62D.d.6565C2ABAFA2DE869D153C59102EF19D.e.10598"}]}
RESULT: {"script":"<script> [8489 bytes]","args":[{"element-6066-11e4-a52e-4f735466cecf":"f.647512A71DDA687F9F591F39CAC5A62D.d.6565C2ABAFA2DE869D153C59102EF19D.e.10598","ELEMENT":"f.647512A71DDA687F9F591F39CAC5A62D.d.6565C2ABAFA2DE869D153C59102EF19D.e.10598"}]}
COMMAND: GET /session/700a0ab92761895b5ec9a5372f8d46fb/screenshot - {}
RESULT: {}
COMMAND: POST /session/700a0ab92761895b5ec9a5372f8d46fb/execute/sync - {"script":"<script> [8489 bytes]","args":[{"element-6066-11e4-a52e-4f735466cecf":"f.647512A71DDA687F9F591F39CAC5A62D.d.6565C2ABAFA2DE869D153C59102EF19D.e.10598","ELEMENT":"f.647512A71DDA687F9F591F39CAC5A62D.d.6565C2ABAFA2DE869D153C59102EF19D.e.10598"}]}
RESULT: {"script":"<script> [8489 bytes]","args":[{"element-6066-11e4-a52e-4f735466cecf":"f.647512A71DDA687F9F591F39CAC5A62D.d.6565C2ABAFA2DE869D153C59102EF19D.e.10598","ELEMENT":"f.647512A71DDA687F9F591F39CAC5A62D.d.6565C2ABAFA2DE869D153C59102EF19D.e.10598"}]}
COMMAND: GET /session/700a0ab92761895b5ec9a5372f8d46fb/screenshot - {}
RESULT: {}
COMMAND: POST /session/700a0ab92761895b5ec9a5372f8d46fb/execute/sync - {"script":"<script> [8489 bytes]","args":[{"element-6066-11e4-a52e-4f735466cecf":"f.647512A71DDA687F9F591F39CAC5A62D.d.6565C2ABAFA2DE869D153C59102EF19D.e.10598","ELEMENT":"f.647512A71DDA687F9F591F39CAC5A62D.d.6565C2ABAFA2DE869D153C59102EF19D.e.10598"}]}
RESULT: {"script":"<script> [8489 bytes]","args":[{"element-6066-11e4-a52e-4f735466cecf":"f.647512A71DDA687F9F591F39CAC5A62D.d.6565C2ABAFA2DE869D153C59102EF19D.e.10598","ELEMENT":"f.647512A71DDA687F9F591F39CAC5A62D.d.6565C2ABAFA2DE869D153C59102EF19D.e.10598"}]}
COMMAND: GET /session/700a0ab92761895b5ec9a5372f8d46fb/screenshot - {}
RESULT: {}
COMMAND: POST /session/700a0ab92761895b5ec9a5372f8d46fb/execute/sync - {"script":"<script> [8489 bytes]","args":[{"element-6066-11e4-a52e-4f735466cecf":"f.647512A71DDA687F9F591F39CAC5A62D.d.6565C2ABAFA2DE869D153C59102EF19D.e.10598","ELEMENT":"f.647512A71DDA687F9F591F39CAC5A62D.d.6565C2ABAFA2DE869D153C59102EF19D.e.10598"}]}
RESULT: {"script":"<script> [8489 bytes]","args":[{"element-6066-11e4-a52e-4f735466cecf":"f.647512A71DDA687F9F591F39CAC5A62D.d.6565C2ABAFA2DE869D153C59102EF19D.e.10598","ELEMENT":"f.647512A71DDA687F9F591F39CAC5A62D.d.6565C2ABAFA2DE869D153C59102EF19D.e.10598"}]}
COMMAND: GET /session/700a0ab92761895b5ec9a5372f8d46fb/screenshot - {}
RESULT: {}
COMMAND: POST /session/700a0ab92761895b5ec9a5372f8d46fb/execute/sync - {"script":"<script> [8489 bytes]","args":[{"element-6066-11e4-a52e-4f735466cecf":"f.647512A71DDA687F9F591F39CAC5A62D.d.6565C2ABAFA2DE869D153C59102EF19D.e.10598","ELEMENT":"f.647512A71DDA687F9F591F39CAC5A62D.d.6565C2ABAFA2DE869D153C59102EF19D.e.10598"}]}
RESULT: {"script":"<script> [8489 bytes]","args":[{"element-6066-11e4-a52e-4f735466cecf":"f.647512A71DDA687F9F591F39CAC5A62D.d.6565C2ABAFA2DE869D153C59102EF19D.e.10598","ELEMENT":"f.647512A71DDA687F9F591F39CAC5A62D.d.6565C2ABAFA2DE869D153C59102EF19D.e.10598"}]}
COMMAND: GET /session/700a0ab92761895b5ec9a5372f8d46fb/screenshot - {}
RESULT: {}
COMMAND: POST /session/700a0ab92761895b5ec9a5372f8d46fb/execute/sync - {"script":"<script> [8489 bytes]","args":[{"element-6066-11e4-a52e-4f735466cecf":"f.647512A71DDA687F9F591F39CAC5A62D.d.6565C2ABAFA2DE869D153C59102EF19D.e.10598","ELEMENT":"f.647512A71DDA687F9F591F39CAC5A62D.d.6565C2ABAFA2DE869D153C59102EF19D.e.10598"}]}
RESULT: {"script":"<script> [8489 bytes]","args":[{"element-6066-11e4-a52e-4f735466cecf":"f.647512A71DDA687F9F591F39CAC5A62D.d.6565C2ABAFA2DE869D153C59102EF19D.e.10598","ELEMENT":"f.647512A71DDA687F9F591F39CAC5A62D.d.6565C2ABAFA2DE869D153C59102EF19D.e.10598"}]}
COMMAND: GET /session/700a0ab92761895b5ec9a5372f8d46fb/screenshot - {}
RESULT: {}
COMMAND: POST /session/700a0ab92761895b5ec9a5372f8d46fb/execute/sync - {"script":"<script> [8489 bytes]","args":[{"element-6066-11e4-a52e-4f735466cecf":"f.647512A71DDA687F9F591F39CAC5A62D.d.6565C2ABAFA2DE869D153C59102EF19D.e.10598","ELEMENT":"f.647512A71DDA687F9F591F39CAC5A62D.d.6565C2ABAFA2DE869D153C59102EF19D.e.10598"}]}
RESULT: {"script":"<script> [8489 bytes]","args":[{"element-6066-11e4-a52e-4f735466cecf":"f.647512A71DDA687F9F591F39CAC5A62D.d.6565C2ABAFA2DE869D153C59102EF19D.e.10598","ELEMENT":"f.647512A71DDA687F9F591F39CAC5A62D.d.6565C2ABAFA2DE869D153C59102EF19D.e.10598"}]}
COMMAND: GET /session/700a0ab92761895b5ec9a5372f8d46fb/screenshot - {}
RESULT: {}
COMMAND: POST /session/700a0ab92761895b5ec9a5372f8d46fb/execute/sync - {"script":"<script> [8489 bytes]","args":[{"element-6066-11e4-a52e-4f735466cecf":"f.647512A71DDA687F9F591F39CAC5A62D.d.6565C2ABAFA2DE869D153C59102EF19D.e.10598","ELEMENT":"f.647512A71DDA687F9F591F39CAC5A62D.d.6565C2ABAFA2DE869D153C59102EF19D.e.10598"}]}
RESULT: {"script":"<script> [8489 bytes]","args":[{"element-6066-11e4-a52e-4f735466cecf":"f.647512A71DDA687F9F591F39CAC5A62D.d.6565C2ABAFA2DE869D153C59102EF19D.e.10598","ELEMENT":"f.647512A71DDA687F9F591F39CAC5A62D.d.6565C2ABAFA2DE869D153C59102EF19D.e.10598"}]}
COMMAND: GET /session/700a0ab92761895b5ec9a5372f8d46fb/screenshot - {}
RESULT: {}
COMMAND: POST /session/700a0ab92761895b5ec9a5372f8d46fb/execute/sync - {"script":"<script> [8489 bytes]","args":[{"element-6066-11e4-a52e-4f735466cecf":"f.647512A71DDA687F9F591F39CAC5A62D.d.6565C2ABAFA2DE869D153C59102EF19D.e.10598","ELEMENT":"f.647512A71DDA687F9F591F39CAC5A62D.d.6565C2ABAFA2DE869D153C59102EF19D.e.10598"}]}
RESULT: {"script":"<script> [8489 bytes]","args":[{"element-6066-11e4-a52e-4f735466cecf":"f.647512A71DDA687F9F591F39CAC5A62D.d.6565C2ABAFA2DE869D153C59102EF19D.e.10598","ELEMENT":"f.647512A71DDA687F9F591F39CAC5A62D.d.6565C2ABAFA2DE869D153C59102EF19D.e.10598"}]}
COMMAND: GET /session/700a0ab92761895b5ec9a5372f8d46fb/screenshot - {}
RESULT: {}
COMMAND: POST /session/700a0ab92761895b5ec9a5372f8d46fb/execute/sync - {"script":"<script> [8489 bytes]","args":[{"element-6066-11e4-a52e-4f735466cecf":"f.647512A71DDA687F9F591F39CAC5A62D.d.6565C2ABAFA2DE869D153C59102EF19D.e.10598","ELEMENT":"f.647512A71DDA687F9F591F39CAC5A62D.d.6565C2ABAFA2DE869D153C59102EF19D.e.10598"}]}
RESULT: {"script":"<script> [8489 bytes]","args":[{"element-6066-11e4-a52e-4f735466cecf":"f.647512A71DDA687F9F591F39CAC5A62D.d.6565C2ABAFA2DE869D153C59102EF19D.e.10598","ELEMENT":"f.647512A71DDA687F9F591F39CAC5A62D.d.6565C2ABAFA2DE869D153C59102EF19D.e.10598"}]}
COMMAND: GET /session/700a0ab92761895b5ec9a5372f8d46fb/screenshot - {}
RESULT: {}
COMMAND: POST /session/700a0ab92761895b5ec9a5372f8d46fb/execute/sync - {"script":"<script> [8489 bytes]","args":[{"element-6066-11e4-a52e-4f735466cecf":"f.647512A71DDA687F9F591F39CAC5A62D.d.6565C2ABAFA2DE869D153C59102EF19D.e.10598","ELEMENT":"f.647512A71DDA687F9F591F39CAC5A62D.d.6565C2ABAFA2DE869D153C59102EF19D.e.10598"}]}
RESULT: {"script":"<script> [8489 bytes]","args":[{"element-6066-11e4-a52e-4f735466cecf":"f.647512A71DDA687F9F591F39CAC5A62D.d.6565C2ABAFA2DE869D153C59102EF19D.e.10598","ELEMENT":"f.647512A71DDA687F9F591F39CAC5A62D.d.6565C2ABAFA2DE869D153C59102EF19D.e.10598"}]}
COMMAND: GET /session/700a0ab92761895b5ec9a5372f8d46fb/screenshot - {}
RESULT: {}
COMMAND: POST /session/700a0ab92761895b5ec9a5372f8d46fb/execute/sync - {"script":"<script> [8489 bytes]","args":[{"element-6066-11e4-a52e-4f735466cecf":"f.647512A71DDA687F9F591F39CAC5A62D.d.6565C2ABAFA2DE869D153C59102EF19D.e.10598","ELEMENT":"f.647512A71DDA687F9F591F39CAC5A62D.d.6565C2ABAFA2DE869D153C59102EF19D.e.10598"}]}
RESULT: {"script":"<script> [8489 bytes]","args":[{"element-6066-11e4-a52e-4f735466cecf":"f.647512A71DDA687F9F591F39CAC5A62D.d.6565C2ABAFA2DE869D153C59102EF19D.e.10598","ELEMENT":"f.647512A71DDA687F9F591F39CAC5A62D.d.6565C2ABAFA2DE869D153C59102EF19D.e.10598"}]}
COMMAND: GET /session/700a0ab92761895b5ec9a5372f8d46fb/screenshot - {}
RESULT: {}
COMMAND: POST /session/700a0ab92761895b5ec9a5372f8d46fb/execute/sync - {"script":"<script> [8489 bytes]","args":[{"element-6066-11e4-a52e-4f735466cecf":"f.647512A71DDA687F9F591F39CAC5A62D.d.6565C2ABAFA2DE869D153C59102EF19D.e.10598","ELEMENT":"f.647512A71DDA687F9F591F39CAC5A62D.d.6565C2ABAFA2DE869D153C59102EF19D.e.10598"}]}
RESULT: {"script":"<script> [8489 bytes]","args":[{"element-6066-11e4-a52e-4f735466cecf":"f.647512A71DDA687F9F591F39CAC5A62D.d.6565C2ABAFA2DE869D153C59102EF19D.e.10598","ELEMENT":"f.647512A71DDA687F9F591F39CAC5A62D.d.6565C2ABAFA2DE869D153C59102EF19D.e.10598"}]}
COMMAND: GET /session/700a0ab92761895b5ec9a5372f8d46fb/screenshot - {}
RESULT: {}
COMMAND: POST /session/700a0ab92761895b5ec9a5372f8d46fb/execute/sync - {"script":"<script> [8489 bytes]","args":[{"element-6066-11e4-a52e-4f735466cecf":"f.647512A71DDA687F9F591F39CAC5A62D.d.6565C2ABAFA2DE869D153C59102EF19D.e.10598","ELEMENT":"f.647512A71DDA687F9F591F39CAC5A62D.d.6565C2ABAFA2DE869D153C59102EF19D.e.10598"}]}
RESULT: {"script":"<script> [8489 bytes]","args":[{"element-6066-11e4-a52e-4f735466cecf":"f.647512A71DDA687F9F591F39CAC5A62D.d.6565C2ABAFA2DE869D153C59102EF19D.e.10598","ELEMENT":"f.647512A71DDA687F9F591F39CAC5A62D.d.6565C2ABAFA2DE869D153C59102EF19D.e.10598"}]}
COMMAND: GET /session/700a0ab92761895b5ec9a5372f8d46fb/screenshot - {}
RESULT: {}
COMMAND: POST /session/700a0ab92761895b5ec9a5372f8d46fb/execute/sync - {"script":"<script> [8489 bytes]","args":[{"element-6066-11e4-a52e-4f735466cecf":"f.647512A71DDA687F9F591F39CAC5A62D.d.6565C2ABAFA2DE869D153C59102EF19D.e.10598","ELEMENT":"f.647512A71DDA687F9F591F39CAC5A62D.d.6565C2ABAFA2DE869D153C59102EF19D.e.10598"}]}
RESULT: {"script":"<script> [8489 bytes]","args":[{"element-6066-11e4-a52e-4f735466cecf":"f.647512A71DDA687F9F591F39CAC5A62D.d.6565C2ABAFA2DE869D153C59102EF19D.e.10598","ELEMENT":"f.647512A71DDA687F9F591F39CAC5A62D.d.6565C2ABAFA2DE869D153C59102EF19D.e.10598"}]}
COMMAND: GET /session/700a0ab92761895b5ec9a5372f8d46fb/screenshot - {}
RESULT: {}
COMMAND: POST /session/700a0ab92761895b5ec9a5372f8d46fb/execute/sync - {"script":"<script> [8489 bytes]","args":[{"element-6066-11e4-a52e-4f735466cecf":"f.647512A71DDA687F9F591F39CAC5A62D.d.6565C2ABAFA2DE869D153C59102EF19D.e.10598","ELEMENT":"f.647512A71DDA687F9F591F39CAC5A62D.d.6565C2ABAFA2DE869D153C59102EF19D.e.10598"}]}
RESULT: {"script":"<script> [8489 bytes]","args":[{"element-6066-11e4-a52e-4f735466cecf":"f.647512A71DDA687F9F591F39CAC5A62D.d.6565C2ABAFA2DE869D153C59102EF19D.e.10598","ELEMENT":"f.647512A71DDA687F9F591F39CAC5A62D.d.6565C2ABAFA2DE869D153C59102EF19D.e.10598"}]}
COMMAND: GET /session/700a0ab92761895b5ec9a5372f8d46fb/screenshot - {}
RESULT: {}
COMMAND: POST /session/700a0ab92761895b5ec9a5372f8d46fb/execute/sync - {"script":"<script> [8489 bytes]","args":[{"element-6066-11e4-a52e-4f735466cecf":"f.647512A71DDA687F9F591F39CAC5A62D.d.6565C2ABAFA2DE869D153C59102EF19D.e.10598","ELEMENT":"f.647512A71DDA687F9F591F39CAC5A62D.d.6565C2ABAFA2DE869D153C59102EF19D.e.10598"}]}
RESULT: {"script":"<script> [8489 bytes]","args":[{"element-6066-11e4-a52e-4f735466cecf":"f.647512A71DDA687F9F591F39CAC5A62D.d.6565C2ABAFA2DE869D153C59102EF19D.e.10598","ELEMENT":"f.647512A71DDA687F9F591F39CAC5A62D.d.6565C2ABAFA2DE869D153C59102EF19D.e.10598"}]}
COMMAND: GET /session/700a0ab92761895b5ec9a5372f8d46fb/screenshot - {}
RESULT: {}
COMMAND: POST /session/700a0ab92761895b5ec9a5372f8d46fb/execute/sync - {"script":"<script> [8489 bytes]","args":[{"element-6066-11e4-a52e-4f735466cecf":"f.647512A71DDA687F9F591F39CAC5A62D.d.6565C2ABAFA2DE869D153C59102EF19D.e.10598","ELEMENT":"f.647512A71DDA687F9F591F39CAC5A62D.d.6565C2ABAFA2DE869D153C59102EF19D.e.10598"}]}
RESULT: {"script":"<script> [8489 bytes]","args":[{"element-6066-11e4-a52e-4f735466cecf":"f.647512A71DDA687F9F591F39CAC5A62D.d.6565C2ABAFA2DE869D153C59102EF19D.e.10598","ELEMENT":"f.647512A71DDA687F9F591F39CAC5A62D.d.6565C2ABAFA2DE869D153C59102EF19D.e.10598"}]}
COMMAND: GET /session/700a0ab92761895b5ec9a5372f8d46fb/screenshot - {}
RESULT: {}
COMMAND: POST /session/700a0ab92761895b5ec9a5372f8d46fb/execute/sync - {"script":"<script> [8489 bytes]","args":[{"element-6066-11e4-a52e-4f735466cecf":"f.647512A71DDA687F9F591F39CAC5A62D.d.6565C2ABAFA2DE869D153C59102EF19D.e.10598","ELEMENT":"f.647512A71DDA687F9F591F39CAC5A62D.d.6565C2ABAFA2DE869D153C59102EF19D.e.10598"}]}
RESULT: {"script":"<script> [8489 bytes]","args":[{"element-6066-11e4-a52e-4f735466cecf":"f.647512A71DDA687F9F591F39CAC5A62D.d.6565C2ABAFA2DE869D153C59102EF19D.e.10598","ELEMENT":"f.647512A71DDA687F9F591F39CAC5A62D.d.6565C2ABAFA2DE869D153C59102EF19D.e.10598"}]}
COMMAND: GET /session/700a0ab92761895b5ec9a5372f8d46fb/screenshot - {}
RESULT: {}
COMMAND: POST /session/700a0ab92761895b5ec9a5372f8d46fb/execute/sync - {"script":"<script> [8489 bytes]","args":[{"element-6066-11e4-a52e-4f735466cecf":"f.647512A71DDA687F9F591F39CAC5A62D.d.6565C2ABAFA2DE869D153C59102EF19D.e.10598","ELEMENT":"f.647512A71DDA687F9F591F39CAC5A62D.d.6565C2ABAFA2DE869D153C59102EF19D.e.10598"}]}
RESULT: {"script":"<script> [8489 bytes]","args":[{"element-6066-11e4-a52e-4f735466cecf":"f.647512A71DDA687F9F591F39CAC5A62D.d.6565C2ABAFA2DE869D153C59102EF19D.e.10598","ELEMENT":"f.647512A71DDA687F9F591F39CAC5A62D.d.6565C2ABAFA2DE869D153C59102EF19D.e.10598"}]}
COMMAND: GET /session/700a0ab92761895b5ec9a5372f8d46fb/screenshot - {}
RESULT: {}
COMMAND: POST /session/700a0ab92761895b5ec9a5372f8d46fb/execute/sync - {"script":"<script> [8489 bytes]","args":[{"element-6066-11e4-a52e-4f735466cecf":"f.647512A71DDA687F9F591F39CAC5A62D.d.6565C2ABAFA2DE869D153C59102EF19D.e.10598","ELEMENT":"f.647512A71DDA687F9F591F39CAC5A62D.d.6565C2ABAFA2DE869D153C59102EF19D.e.10598"}]}
RESULT: {"script":"<script> [8489 bytes]","args":[{"element-6066-11e4-a52e-4f735466cecf":"f.647512A71DDA687F9F591F39CAC5A62D.d.6565C2ABAFA2DE869D153C59102EF19D.e.10598","ELEMENT":"f.647512A71DDA687F9F591F39CAC5A62D.d.6565C2ABAFA2DE869D153C59102EF19D.e.10598"}]}
COMMAND: GET /session/700a0ab92761895b5ec9a5372f8d46fb/screenshot - {}
RESULT: {}
COMMAND: POST /session/700a0ab92761895b5ec9a5372f8d46fb/execute/sync - {"script":"<script> [8489 bytes]","args":[{"element-6066-11e4-a52e-4f735466cecf":"f.647512A71DDA687F9F591F39CAC5A62D.d.6565C2ABAFA2DE869D153C59102EF19D.e.10598","ELEMENT":"f.647512A71DDA687F9F591F39CAC5A62D.d.6565C2ABAFA2DE869D153C59102EF19D.e.10598"}]}
RESULT: {"script":"<script> [8489 bytes]","args":[{"element-6066-11e4-a52e-4f735466cecf":"f.647512A71DDA687F9F591F39CAC5A62D.d.6565C2ABAFA2DE869D153C59102EF19D.e.10598","ELEMENT":"f.647512A71DDA687F9F591F39CAC5A62D.d.6565C2ABAFA2DE869D153C59102EF19D.e.10598"}]}
COMMAND: GET /session/700a0ab92761895b5ec9a5372f8d46fb/screenshot - {}
RESULT: {}
COMMAND: POST /session/700a0ab92761895b5ec9a5372f8d46fb/execute/async - {"script":"<script> [1562 bytes]","args":[{"selector":{"controlType":"sap.m.Button","viewName":"etm.portal.ui.managesites.view.NewSmartSite","viewId":"application-managesites-display-component---NewSite","properties":{"text":"General Information"},"interaction":{"idSuffix":"BDI-content"}},"wdio_ui5_key":"etmportal.ui.managesites.view.NewSmartSitesap.m.Button{\"text\":\"General Information\"}"}]}
RESULT: {"script":"<script> [1562 bytes]","args":[{"selector":{"controlType":"sap.m.Button","viewName":"etm.portal.ui.managesites.view.NewSmartSite","viewId":"application-managesites-display-component---NewSite","properties":{"text":"General Information"},"interaction":{"idSuffix":"BDI-content"}},"wdio_ui5_key":"etmportal.ui.managesites.view.NewSmartSitesap.m.Button{\"text\":\"General Information\"}"}]}
RESULT: undefined
COMMAND: POST /session/700a0ab92761895b5ec9a5372f8d46fb/element - {"using":"xpath","value":"//*[@id=\"application-managesites-display-component---NewSite--ObjectPageLayout-anchBar-__section31-anchor\"]"}
RESULT: {"using":"xpath","value":"//*[@id=\"application-managesites-display-component---NewSite--ObjectPageLayout-anchBar-__section31-anchor\"]"}
COMMAND: POST /session/700a0ab92761895b5ec9a5372f8d46fb/element/f.647512A71DDA687F9F591F39CAC5A62D.d.6565C2ABAFA2DE869D153C59102EF19D.e.10600/click - {}
RESULT: {}
COMMAND: POST /session/700a0ab92761895b5ec9a5372f8d46fb/execute/async - {"script":"<script> [1562 bytes]","args":[{"selector":{"id":"application-managesites-display-component---NewSite--addressDetailDetailsName1","interaction":{"idSuffix":"inner"}},"wdio_ui5_key":"applicationmanagesites-display-component---NewSite--addressDetailDetailsName1"}]}
COMMAND: GET /session/700a0ab92761895b5ec9a5372f8d46fb/screenshot - {}
RESULT: {"script":"<script> [1562 bytes]","args":[{"selector":{"id":"application-managesites-display-component---NewSite--addressDetailDetailsName1","interaction":{"idSuffix":"inner"}},"wdio_ui5_key":"applicationmanagesites-display-component---NewSite--addressDetailDetailsName1"}]}
RESULT: undefined
COMMAND: POST /session/700a0ab92761895b5ec9a5372f8d46fb/execute/async - {"script":"<script> [776 bytes]","args":[{"enterText":"WDI5 WHM Site","selector":{"id":"application-managesites-display-component---NewSite--addressDetailDetailsName1","interaction":{"idSuffix":"inner"}},"clearTextFirst":true,"interactionType":"ENTER_TEXT"}]}
RESULT: {}
RESULT: {"script":"<script> [776 bytes]","args":[{"enterText":"WDI5 WHM Site","selector":{"id":"application-managesites-display-component---NewSite--addressDetailDetailsName1","interaction":{"idSuffix":"inner"}},"clearTextFirst":true,"interactionType":"ENTER_TEXT"}]}
COMMAND: POST /session/700a0ab92761895b5ec9a5372f8d46fb/execute/async - {"script":"<script> [1562 bytes]","args":[{"selector":{"id":"application-managesites-display-component---NewSite--addressDetailDetailsLanguage","interaction":{"idSuffix":"inner"}},"wdio_ui5_key":"applicationmanagesites-display-component---NewSite--addressDetailDetailsLanguage"}]}
RESULT: {"script":"<script> [1562 bytes]","args":[{"selector":{"id":"application-managesites-display-component---NewSite--addressDetailDetailsLanguage","interaction":{"idSuffix":"inner"}},"wdio_ui5_key":"applicationmanagesites-display-component---NewSite--addressDetailDetailsLanguage"}]}
RESULT: undefined
COMMAND: POST /session/700a0ab92761895b5ec9a5372f8d46fb/execute/async - {"script":"<script> [776 bytes]","args":[{"enterText":"Romanian","selector":{"id":"application-managesites-display-component---NewSite--addressDetailDetailsLanguage","interaction":{"idSuffix":"inner"}},"clearTextFirst":true,"interactionType":"ENTER_TEXT"}]}
RESULT: {"script":"<script> [776 bytes]","args":[{"enterText":"Romanian","selector":{"id":"application-managesites-display-component---NewSite--addressDetailDetailsLanguage","interaction":{"idSuffix":"inner"}},"clearTextFirst":true,"interactionType":"ENTER_TEXT"}]}
COMMAND: POST /session/700a0ab92761895b5ec9a5372f8d46fb/execute/async - {"script":"<script> [1562 bytes]","args":[{"selector":{"id":"application-managesites-display-component---NewSite--addressDetailDetailsCity1","interaction":{"idSuffix":"inner"}},"wdio_ui5_key":"applicationmanagesites-display-component---NewSite--addressDetailDetailsCity1"}]}
RESULT: {"script":"<script> [1562 bytes]","args":[{"selector":{"id":"application-managesites-display-component---NewSite--addressDetailDetailsCity1","interaction":{"idSuffix":"inner"}},"wdio_ui5_key":"applicationmanagesites-display-component---NewSite--addressDetailDetailsCity1"}]}
RESULT: undefined
COMMAND: POST /session/700a0ab92761895b5ec9a5372f8d46fb/execute/async - {"script":"<script> [776 bytes]","args":[{"enterText":"Bucharest","selector":{"id":"application-managesites-display-component---NewSite--addressDetailDetailsCity1","interaction":{"idSuffix":"inner"}},"clearTextFirst":true,"interactionType":"ENTER_TEXT"}]}
RESULT: {"script":"<script> [776 bytes]","args":[{"enterText":"Bucharest","selector":{"id":"application-managesites-display-component---NewSite--addressDetailDetailsCity1","interaction":{"idSuffix":"inner"}},"clearTextFirst":true,"interactionType":"ENTER_TEXT"}]}
COMMAND: POST /session/700a0ab92761895b5ec9a5372f8d46fb/execute/async - {"script":"<script> [1562 bytes]","args":[{"selector":{"id":"application-managesites-display-component---NewSite--addressDetailDetailsCountry","interaction":{"idSuffix":"inner"}},"wdio_ui5_key":"applicationmanagesites-display-component---NewSite--addressDetailDetailsCountry"}]}
RESULT: {"script":"<script> [1562 bytes]","args":[{"selector":{"id":"application-managesites-display-component---NewSite--addressDetailDetailsCountry","interaction":{"idSuffix":"inner"}},"wdio_ui5_key":"applicationmanagesites-display-component---NewSite--addressDetailDetailsCountry"}]}
RESULT: undefined
COMMAND: POST /session/700a0ab92761895b5ec9a5372f8d46fb/execute/async - {"script":"<script> [6424 bytes]","args":[{"element-6066-11e4-a52e-4f735466cecf":"f.647512A71DDA687F9F591F39CAC5A62D.d.6565C2ABAFA2DE869D153C59102EF19D.e.10395"},"setValue",["Romania"]]}
RESULT: {"script":"<script> [6424 bytes]","args":[{"element-6066-11e4-a52e-4f735466cecf":"f.647512A71DDA687F9F591F39CAC5A62D.d.6565C2ABAFA2DE869D153C59102EF19D.e.10395"},"setValue",["Romania"]]}
COMMAND: POST /session/700a0ab92761895b5ec9a5372f8d46fb/execute/async - {"script":"<script> [1562 bytes]","args":[{"selector":{"id":"application-managesites-display-component---NewSite--addressDetailDetailsCalendar","interaction":{"idSuffix":"inner"}},"wdio_ui5_key":"applicationmanagesites-display-component---NewSite--addressDetailDetailsCalendar"}]}
RESULT: {"script":"<script> [1562 bytes]","args":[{"selector":{"id":"application-managesites-display-component---NewSite--addressDetailDetailsCalendar","interaction":{"idSuffix":"inner"}},"wdio_ui5_key":"applicationmanagesites-display-component---NewSite--addressDetailDetailsCalendar"}]}
RESULT: undefined
COMMAND: POST /session/700a0ab92761895b5ec9a5372f8d46fb/execute/async - {"script":"<script> [776 bytes]","args":[{"enterText":"8 - Germany (Standard)","selector":{"id":"application-managesites-display-component---NewSite--addressDetailDetailsCalendar","interaction":{"idSuffix":"inner"}},"clearTextFirst":true,"interactionType":"ENTER_TEXT"}]}
RESULT: {"script":"<script> [776 bytes]","args":[{"enterText":"8 - Germany (Standard)","selector":{"id":"application-managesites-display-component---NewSite--addressDetailDetailsCalendar","interaction":{"idSuffix":"inner"}},"clearTextFirst":true,"interactionType":"ENTER_TEXT"}]}
COMMAND: POST /session/700a0ab92761895b5ec9a5372f8d46fb/element - {"using":"xpath","value":"//input[@id=\"application-managesites-display-component---NewSite--addressDetailDetailsYard-inner\"]"}
RESULT: {"using":"xpath","value":"//input[@id=\"application-managesites-display-component---NewSite--addressDetailDetailsYard-inner\"]"}
COMMAND: POST /session/700a0ab92761895b5ec9a5372f8d46fb/element/f.647512A71DDA687F9F591F39CAC5A62D.d.6565C2ABAFA2DE869D153C59102EF19D.e.10406/clear - {}
RESULT: {}
COMMAND: POST /session/700a0ab92761895b5ec9a5372f8d46fb/element/f.647512A71DDA687F9F591F39CAC5A62D.d.6565C2ABAFA2DE869D153C59102EF19D.e.10406/value - {"text":"795"}
COMMAND: GET /session/700a0ab92761895b5ec9a5372f8d46fb/screenshot - {}
RESULT: {"text":"795"}
COMMAND: GET /session/700a0ab92761895b5ec9a5372f8d46fb/screenshot - {}
RESULT: {}
RESULT: {}
COMMAND: POST /session/700a0ab92761895b5ec9a5372f8d46fb/execute/async - {"script":"<script> [1562 bytes]","args":[{"selector":{"controlType":"sap.m.Button","viewName":"etm.portal.ui.managesites.view.NewSmartSite","viewId":"application-managesites-display-component---NewSite","properties":{"text":"Commercial"},"interaction":{"idSuffix":"BDI-content"}},"wdio_ui5_key":"etmportal.ui.managesites.view.NewSmartSitesap.m.Button{\"text\":\"Commercial\"}"}]}
RESULT: {"script":"<script> [1562 bytes]","args":[{"selector":{"controlType":"sap.m.Button","viewName":"etm.portal.ui.managesites.view.NewSmartSite","viewId":"application-managesites-display-component---NewSite","properties":{"text":"Commercial"},"interaction":{"idSuffix":"BDI-content"}},"wdio_ui5_key":"etmportal.ui.managesites.view.NewSmartSitesap.m.Button{\"text\":\"Commercial\"}"}]}
RESULT: undefined
COMMAND: POST /session/700a0ab92761895b5ec9a5372f8d46fb/element - {"using":"xpath","value":"//*[@id=\"application-managesites-display-component---NewSite--ObjectPageLayout-anchBar-__section33-anchor\"]"}
RESULT: {"using":"xpath","value":"//*[@id=\"application-managesites-display-component---NewSite--ObjectPageLayout-anchBar-__section33-anchor\"]"}
COMMAND: POST /session/700a0ab92761895b5ec9a5372f8d46fb/element/f.647512A71DDA687F9F591F39CAC5A62D.d.6565C2ABAFA2DE869D153C59102EF19D.e.10609/click - {}
RESULT: {}
COMMAND: POST /session/700a0ab92761895b5ec9a5372f8d46fb/execute/async - {"script":"<script> [1562 bytes]","args":[{"selector":{"id":"application-managesites-display-component---NewSite--siteWhmCheckBox-label","interaction":{"idSuffix":"bdi"}},"wdio_ui5_key":"applicationmanagesites-display-component---NewSite--siteWhmCheckBox-label"}]}
COMMAND: GET /session/700a0ab92761895b5ec9a5372f8d46fb/screenshot - {}
RESULT: {"script":"<script> [1562 bytes]","args":[{"selector":{"id":"application-managesites-display-component---NewSite--siteWhmCheckBox-label","interaction":{"idSuffix":"bdi"}},"wdio_ui5_key":"applicationmanagesites-display-component---NewSite--siteWhmCheckBox-label"}]}
RESULT: undefined
COMMAND: POST /session/700a0ab92761895b5ec9a5372f8d46fb/element - {"using":"xpath","value":"//*[@id=\"application-managesites-display-component---NewSite--siteWhmCheckBox-label\"]"}
RESULT: {}
RESULT: {"using":"xpath","value":"//*[@id=\"application-managesites-display-component---NewSite--siteWhmCheckBox-label\"]"}
COMMAND: POST /session/700a0ab92761895b5ec9a5372f8d46fb/element/f.647512A71DDA687F9F591F39CAC5A62D.d.6565C2ABAFA2DE869D153C59102EF19D.e.10618/click - {}
RESULT: {}
COMMAND: POST /session/700a0ab92761895b5ec9a5372f8d46fb/execute/async - {"script":"<script> [1562 bytes]","args":[{"selector":{"controlType":"sap.m.Button","viewName":"etm.portal.ui.managesites.view.NewSmartSite","viewId":"application-managesites-display-component---NewSite","i18NText":{"propertyName":"text","key":"save"},"interaction":{"idSuffix":"BDI-content"}},"wdio_ui5_key":"etmportal.ui.managesites.view.NewSmartSitesap.m.Button{\"propertyName\":\"text\",\"key\":\"save\"}"}]}
COMMAND: GET /session/700a0ab92761895b5ec9a5372f8d46fb/screenshot - {}
RESULT: {"script":"<script> [1562 bytes]","args":[{"selector":{"controlType":"sap.m.Button","viewName":"etm.portal.ui.managesites.view.NewSmartSite","viewId":"application-managesites-display-component---NewSite","i18NText":{"propertyName":"text","key":"save"},"interaction":{"idSuffix":"BDI-content"}},"wdio_ui5_key":"etmportal.ui.managesites.view.NewSmartSitesap.m.Button{\"propertyName\":\"text\",\"key\":\"save\"}"}]}
RESULT: undefined
COMMAND: POST /session/700a0ab92761895b5ec9a5372f8d46fb/element - {"using":"xpath","value":"//*[@id=\"__button76\"]"}
RESULT: {}
RESULT: {"using":"xpath","value":"//*[@id=\"__button76\"]"}
COMMAND: POST /session/700a0ab92761895b5ec9a5372f8d46fb/element/f.647512A71DDA687F9F591F39CAC5A62D.d.6565C2ABAFA2DE869D153C59102EF19D.e.10584/click - {}
RESULT: {}
COMMAND: GET /session/700a0ab92761895b5ec9a5372f8d46fb/screenshot - {}
RESULT: {}
COMMAND: POST /session/700a0ab92761895b5ec9a5372f8d46fb/execute/async - {"script":"<script> [1562 bytes]","args":[{"selector":{"controlType":"sap.m.Text","viewName":"etm.portal.ui.managesites.view.Detail","viewId":"application-managesites-display-component---detailSite","bindingPath":{"propertyPath":"ID","modelName":"catalogModel"}},"wdio_ui5_key":"etmportal.ui.managesites.view.Detailsap.m.Text{\"propertyPath\":\"ID\",\"modelName\":\"catalogModel\"}"}]}
RESULT: {"script":"<script> [1562 bytes]","args":[{"selector":{"controlType":"sap.m.Text","viewName":"etm.portal.ui.managesites.view.Detail","viewId":"application-managesites-display-component---detailSite","bindingPath":{"propertyPath":"ID","modelName":"catalogModel"}},"wdio_ui5_key":"etmportal.ui.managesites.view.Detailsap.m.Text{\"propertyPath\":\"ID\",\"modelName\":\"catalogModel\"}"}]}
RESULT: undefined
COMMAND: POST /session/700a0ab92761895b5ec9a5372f8d46fb/execute/async - {"script":"<script> [6424 bytes]","args":[{"element-6066-11e4-a52e-4f735466cecf":"f.647512A71DDA687F9F591F39CAC5A62D.d.6565C2ABAFA2DE869D153C59102EF19D.e.10813"},"getText",[]]}
RESULT: {"script":"<script> [6424 bytes]","args":[{"element-6066-11e4-a52e-4f735466cecf":"f.647512A71DDA687F9F591F39CAC5A62D.d.6565C2ABAFA2DE869D153C59102EF19D.e.10813"},"getText",[]]}
COMMAND: POST /session/700a0ab92761895b5ec9a5372f8d46fb/execute/async - {"script":"<script> [1562 bytes]","args":[{"selector":{"controlType":"sap.m.Label","viewName":"etm.portal.ui.managesites.view.Detail","viewId":"application-managesites-display-component---detailSite","i18NText":{"propertyName":"text","key":"status"}},"wdio_ui5_key":"etmportal.ui.managesites.view.Detailsap.m.Label{\"propertyName\":\"text\",\"key\":\"status\"}"}]}
RESULT: {"script":"<script> [1562 bytes]","args":[{"selector":{"controlType":"sap.m.Label","viewName":"etm.portal.ui.managesites.view.Detail","viewId":"application-managesites-display-component---detailSite","i18NText":{"propertyName":"text","key":"status"}},"wdio_ui5_key":"etmportal.ui.managesites.view.Detailsap.m.Label{\"propertyName\":\"text\",\"key\":\"status\"}"}]}
RESULT: undefined
COMMAND: POST /session/700a0ab92761895b5ec9a5372f8d46fb/execute/async - {"script":"<script> [6424 bytes]","args":[{"element-6066-11e4-a52e-4f735466cecf":"f.647512A71DDA687F9F591F39CAC5A62D.d.6565C2ABAFA2DE869D153C59102EF19D.e.10800"},"getText",[]]}
RESULT: {"script":"<script> [6424 bytes]","args":[{"element-6066-11e4-a52e-4f735466cecf":"f.647512A71DDA687F9F591F39CAC5A62D.d.6565C2ABAFA2DE869D153C59102EF19D.e.10800"},"getText",[]]}
RESULT: undefined
COMMAND: POST /session/700a0ab92761895b5ec9a5372f8d46fb/element - {"using":"xpath","value":"//*[@id=\"shell-header\"]"}
RESULT: {"using":"xpath","value":"//*[@id=\"shell-header\"]"}
COMMAND: POST /session/700a0ab92761895b5ec9a5372f8d46fb/element/f.647512A71DDA687F9F591F39CAC5A62D.d.6565C2ABAFA2DE869D153C59102EF19D.e.10814/click - {}
RESULT: {}
COMMAND: POST /session/700a0ab92761895b5ec9a5372f8d46fb/element - {"using":"css selector","value":"#shell-header-logo"}
COMMAND: GET /session/700a0ab92761895b5ec9a5372f8d46fb/screenshot - {}
RESULT: {"using":"css selector","value":"#shell-header-logo"}
COMMAND: POST /session/700a0ab92761895b5ec9a5372f8d46fb/element/f.647512A71DDA687F9F591F39CAC5A62D.d.6565C2ABAFA2DE869D153C59102EF19D.e.10166/click - {}
RESULT: {}
RESULT: {}
]]></system-out>
    </testcase>
    <testcase classname="chrome.135_0_7049_96.windows.Provide_to_Site_w/_warehouse_management_w/o_clarification_US113782_" name="Should create WHM Partner" time="54.949">
      <system-out><![CDATA[
COMMAND: POST /session/700a0ab92761895b5ec9a5372f8d46fb/execute/async - {"script":"<script> [1562 bytes]","args":[{"selector":{"controlType":"sap.m.GenericTile","properties":{"header":"Manage Partners"}},"wdio_ui5_key":"sapm.GenericTile{\"header\":\"Manage Partners\"}"}]}
COMMAND: GET /session/700a0ab92761895b5ec9a5372f8d46fb/screenshot - {}
RESULT: {"script":"<script> [1562 bytes]","args":[{"selector":{"controlType":"sap.m.GenericTile","properties":{"header":"Manage Partners"}},"wdio_ui5_key":"sapm.GenericTile{\"header\":\"Manage Partners\"}"}]}
RESULT: undefined
COMMAND: POST /session/700a0ab92761895b5ec9a5372f8d46fb/element - {"using":"xpath","value":"//*[@id=\"__tile38\"]"}
RESULT: {}
RESULT: {"using":"xpath","value":"//*[@id=\"__tile38\"]"}
COMMAND: POST /session/700a0ab92761895b5ec9a5372f8d46fb/element/f.647512A71DDA687F9F591F39CAC5A62D.d.6565C2ABAFA2DE869D153C59102EF19D.e.10819/click - {}
RESULT: {}
COMMAND: GET /session/700a0ab92761895b5ec9a5372f8d46fb/screenshot - {}
COMMAND: POST /session/700a0ab92761895b5ec9a5372f8d46fb/element - {"using":"xpath","value":"//button[(@data-kt = 'addButton')]"}
RESULT: {}
RESULT: {"using":"xpath","value":"//button[(@data-kt = 'addButton')]"}
COMMAND: POST /session/700a0ab92761895b5ec9a5372f8d46fb/elements - {"using":"xpath","value":"//button[(@data-kt = 'addButton')]"}
RESULT: {"using":"xpath","value":"//button[(@data-kt = 'addButton')]"}
COMMAND: POST /session/700a0ab92761895b5ec9a5372f8d46fb/elements - {"using":"xpath","value":"//button[(@data-kt = 'addButton')]"}
RESULT: {"using":"xpath","value":"//button[(@data-kt = 'addButton')]"}
COMMAND: POST /session/700a0ab92761895b5ec9a5372f8d46fb/element - {"using":"xpath","value":"//button[(@data-kt = 'addButton')]"}
RESULT: {"using":"xpath","value":"//button[(@data-kt = 'addButton')]"}
COMMAND: POST /session/700a0ab92761895b5ec9a5372f8d46fb/element/f.647512A71DDA687F9F591F39CAC5A62D.d.6565C2ABAFA2DE869D153C59102EF19D.e.10855/click - {}
RESULT: {}
COMMAND: POST /session/700a0ab92761895b5ec9a5372f8d46fb/execute/async - {"script":"<script> [1562 bytes]","args":[{"selector":{"id":"application-managepartners-display-component---NewPartner--addressDetailDetailsName1","interaction":{"idSuffix":"inner"}},"wdio_ui5_key":"applicationmanagepartners-display-component---NewPartner--addressDetailDetailsName1"}]}
COMMAND: GET /session/700a0ab92761895b5ec9a5372f8d46fb/screenshot - {}
RESULT: {"script":"<script> [1562 bytes]","args":[{"selector":{"id":"application-managepartners-display-component---NewPartner--addressDetailDetailsName1","interaction":{"idSuffix":"inner"}},"wdio_ui5_key":"applicationmanagepartners-display-component---NewPartner--addressDetailDetailsName1"}]}
RESULT: undefined
COMMAND: POST /session/700a0ab92761895b5ec9a5372f8d46fb/execute/async - {"script":"<script> [776 bytes]","args":[{"enterText":"WDI5-Partners","selector":{"id":"application-managepartners-display-component---NewPartner--addressDetailDetailsName1","interaction":{"idSuffix":"inner"}},"clearTextFirst":true,"interactionType":"ENTER_TEXT"}]}
RESULT: {}
RESULT: {"script":"<script> [776 bytes]","args":[{"enterText":"WDI5-Partners","selector":{"id":"application-managepartners-display-component---NewPartner--addressDetailDetailsName1","interaction":{"idSuffix":"inner"}},"clearTextFirst":true,"interactionType":"ENTER_TEXT"}]}
COMMAND: POST /session/700a0ab92761895b5ec9a5372f8d46fb/execute/async - {"script":"<script> [1562 bytes]","args":[{"selector":{"id":"application-managepartners-display-component---NewPartner--addressDetailDetailsLanguage-arrow"},"wdio_ui5_key":"applicationmanagepartners-display-component---NewPartner--addressDetailDetailsLanguage-arrow"}]}
RESULT: {"script":"<script> [1562 bytes]","args":[{"selector":{"id":"application-managepartners-display-component---NewPartner--addressDetailDetailsLanguage-arrow"},"wdio_ui5_key":"applicationmanagepartners-display-component---NewPartner--addressDetailDetailsLanguage-arrow"}]}
RESULT: undefined
COMMAND: POST /session/700a0ab92761895b5ec9a5372f8d46fb/element - {"using":"xpath","value":"//*[@id=\"application-managepartners-display-component---NewPartner--addressDetailDetailsLanguage-arrow\"]"}
RESULT: {"using":"xpath","value":"//*[@id=\"application-managepartners-display-component---NewPartner--addressDetailDetailsLanguage-arrow\"]"}
COMMAND: POST /session/700a0ab92761895b5ec9a5372f8d46fb/element/f.647512A71DDA687F9F591F39CAC5A62D.d.6565C2ABAFA2DE869D153C59102EF19D.e.11146/click - {}
RESULT: {}
COMMAND: POST /session/700a0ab92761895b5ec9a5372f8d46fb/execute/async - {"script":"<script> [1562 bytes]","args":[{"selector":{"controlType":"sap.m.StandardListItem","viewName":"etm.portal.ui.managepartners.view.NewPartner","viewId":"application-managepartners-display-component---NewPartner","properties":{"title":"English"},"searchOpenDialogs":true,"interaction":{"idSuffix":"content"}},"wdio_ui5_key":"etmportal.ui.managepartners.view.NewPartnersap.m.StandardListItem{\"title\":\"English\"}"}]}
COMMAND: GET /session/700a0ab92761895b5ec9a5372f8d46fb/screenshot - {}
RESULT: {"script":"<script> [1562 bytes]","args":[{"selector":{"controlType":"sap.m.StandardListItem","viewName":"etm.portal.ui.managepartners.view.NewPartner","viewId":"application-managepartners-display-component---NewPartner","properties":{"title":"English"},"searchOpenDialogs":true,"interaction":{"idSuffix":"content"}},"wdio_ui5_key":"etmportal.ui.managepartners.view.NewPartnersap.m.StandardListItem{\"title\":\"English\"}"}]}
RESULT: undefined
COMMAND: POST /session/700a0ab92761895b5ec9a5372f8d46fb/element - {"using":"xpath","value":"//*[@id=\"__item1409\"]"}
RESULT: {}
RESULT: {"using":"xpath","value":"//*[@id=\"__item1409\"]"}
COMMAND: POST /session/700a0ab92761895b5ec9a5372f8d46fb/element/f.647512A71DDA687F9F591F39CAC5A62D.d.6565C2ABAFA2DE869D153C59102EF19D.e.11148/click - {}
RESULT: {}
COMMAND: POST /session/700a0ab92761895b5ec9a5372f8d46fb/execute/async - {"script":"<script> [1562 bytes]","args":[{"selector":{"id":"application-managepartners-display-component---NewPartner--addressDetailDetailsCity1","interaction":{"idSuffix":"inner"}},"wdio_ui5_key":"applicationmanagepartners-display-component---NewPartner--addressDetailDetailsCity1"}]}
COMMAND: GET /session/700a0ab92761895b5ec9a5372f8d46fb/screenshot - {}
RESULT: {"script":"<script> [1562 bytes]","args":[{"selector":{"id":"application-managepartners-display-component---NewPartner--addressDetailDetailsCity1","interaction":{"idSuffix":"inner"}},"wdio_ui5_key":"applicationmanagepartners-display-component---NewPartner--addressDetailDetailsCity1"}]}
RESULT: undefined
COMMAND: POST /session/700a0ab92761895b5ec9a5372f8d46fb/execute/async - {"script":"<script> [776 bytes]","args":[{"enterText":"Bangalore","selector":{"id":"application-managepartners-display-component---NewPartner--addressDetailDetailsCity1","interaction":{"idSuffix":"inner"}},"clearTextFirst":true,"interactionType":"ENTER_TEXT"}]}
RESULT: {}
RESULT: {"script":"<script> [776 bytes]","args":[{"enterText":"Bangalore","selector":{"id":"application-managepartners-display-component---NewPartner--addressDetailDetailsCity1","interaction":{"idSuffix":"inner"}},"clearTextFirst":true,"interactionType":"ENTER_TEXT"}]}
COMMAND: POST /session/700a0ab92761895b5ec9a5372f8d46fb/execute/async - {"script":"<script> [1562 bytes]","args":[{"selector":{"id":"application-managepartners-display-component---NewPartner--addressDetailDetailsCountry-arrow"},"wdio_ui5_key":"applicationmanagepartners-display-component---NewPartner--addressDetailDetailsCountry-arrow"}]}
RESULT: {"script":"<script> [1562 bytes]","args":[{"selector":{"id":"application-managepartners-display-component---NewPartner--addressDetailDetailsCountry-arrow"},"wdio_ui5_key":"applicationmanagepartners-display-component---NewPartner--addressDetailDetailsCountry-arrow"}]}
RESULT: undefined
COMMAND: POST /session/700a0ab92761895b5ec9a5372f8d46fb/element - {"using":"xpath","value":"//*[@id=\"application-managepartners-display-component---NewPartner--addressDetailDetailsCountry-arrow\"]"}
RESULT: {"using":"xpath","value":"//*[@id=\"application-managepartners-display-component---NewPartner--addressDetailDetailsCountry-arrow\"]"}
COMMAND: POST /session/700a0ab92761895b5ec9a5372f8d46fb/element/f.647512A71DDA687F9F591F39CAC5A62D.d.6565C2ABAFA2DE869D153C59102EF19D.e.11150/click - {}
RESULT: {}
COMMAND: POST /session/700a0ab92761895b5ec9a5372f8d46fb/execute/async - {"script":"<script> [1562 bytes]","args":[{"selector":{"id":"application-managepartners-display-component---NewPartner--addressDetailDetailsCountry","interaction":{"idSuffix":"inner"}},"wdio_ui5_key":"applicationmanagepartners-display-component---NewPartner--addressDetailDetailsCountry"}]}
COMMAND: GET /session/700a0ab92761895b5ec9a5372f8d46fb/screenshot - {}
RESULT: {"script":"<script> [1562 bytes]","args":[{"selector":{"id":"application-managepartners-display-component---NewPartner--addressDetailDetailsCountry","interaction":{"idSuffix":"inner"}},"wdio_ui5_key":"applicationmanagepartners-display-component---NewPartner--addressDetailDetailsCountry"}]}
RESULT: undefined
COMMAND: POST /session/700a0ab92761895b5ec9a5372f8d46fb/execute/async - {"script":"<script> [776 bytes]","args":[{"enterText":"India","selector":{"id":"application-managepartners-display-component---NewPartner--addressDetailDetailsCountry","interaction":{"idSuffix":"inner"}},"clearTextFirst":true,"interactionType":"ENTER_TEXT"}]}
RESULT: {}
RESULT: {"script":"<script> [776 bytes]","args":[{"enterText":"India","selector":{"id":"application-managepartners-display-component---NewPartner--addressDetailDetailsCountry","interaction":{"idSuffix":"inner"}},"clearTextFirst":true,"interactionType":"ENTER_TEXT"}]}
COMMAND: POST /session/700a0ab92761895b5ec9a5372f8d46fb/execute/async - {"script":"<script> [1562 bytes]","args":[{"selector":{"controlType":"sap.m.StandardListItem","viewName":"etm.portal.ui.managepartners.view.NewPartner","viewId":"application-managepartners-display-component---NewPartner","properties":{"title":"India"},"searchOpenDialogs":true,"interaction":{"idSuffix":"content"}},"wdio_ui5_key":"etmportal.ui.managepartners.view.NewPartnersap.m.StandardListItem{\"title\":\"India\"}"}]}
RESULT: {"script":"<script> [1562 bytes]","args":[{"selector":{"controlType":"sap.m.StandardListItem","viewName":"etm.portal.ui.managepartners.view.NewPartner","viewId":"application-managepartners-display-component---NewPartner","properties":{"title":"India"},"searchOpenDialogs":true,"interaction":{"idSuffix":"content"}},"wdio_ui5_key":"etmportal.ui.managepartners.view.NewPartnersap.m.StandardListItem{\"title\":\"India\"}"}]}
RESULT: undefined
COMMAND: POST /session/700a0ab92761895b5ec9a5372f8d46fb/execute/async - {"script":"<script> [1562 bytes]","args":[{"selector":{"controlType":"sap.m.Button","viewName":"etm.portal.ui.managepartners.view.NewPartner","viewId":"application-managepartners-display-component---NewPartner","properties":{"text":"Commercial"},"interaction":{"idSuffix":"BDI-content"}},"wdio_ui5_key":"etmportal.ui.managepartners.view.NewPartnersap.m.Button{\"text\":\"Commercial\"}"}]}
RESULT: {"script":"<script> [1562 bytes]","args":[{"selector":{"controlType":"sap.m.Button","viewName":"etm.portal.ui.managepartners.view.NewPartner","viewId":"application-managepartners-display-component---NewPartner","properties":{"text":"Commercial"},"interaction":{"idSuffix":"BDI-content"}},"wdio_ui5_key":"etmportal.ui.managepartners.view.NewPartnersap.m.Button{\"text\":\"Commercial\"}"}]}
RESULT: undefined
COMMAND: POST /session/700a0ab92761895b5ec9a5372f8d46fb/element - {"using":"xpath","value":"//*[@id=\"application-managepartners-display-component---NewPartner--ObjectPageLayout-anchBar-__section57-anchor\"]"}
RESULT: {"using":"xpath","value":"//*[@id=\"application-managepartners-display-component---NewPartner--ObjectPageLayout-anchBar-__section57-anchor\"]"}
COMMAND: POST /session/700a0ab92761895b5ec9a5372f8d46fb/element/f.647512A71DDA687F9F591F39CAC5A62D.d.6565C2ABAFA2DE869D153C59102EF19D.e.11155/click - {}
RESULT: {}
COMMAND: POST /session/700a0ab92761895b5ec9a5372f8d46fb/execute/async - {"script":"<script> [1562 bytes]","args":[{"selector":{"id":"application-managepartners-display-component---NewPartner--partnerDetailInternal-arrow"},"wdio_ui5_key":"applicationmanagepartners-display-component---NewPartner--partnerDetailInternal-arrow"}]}
COMMAND: GET /session/700a0ab92761895b5ec9a5372f8d46fb/screenshot - {}
RESULT: {"script":"<script> [1562 bytes]","args":[{"selector":{"id":"application-managepartners-display-component---NewPartner--partnerDetailInternal-arrow"},"wdio_ui5_key":"applicationmanagepartners-display-component---NewPartner--partnerDetailInternal-arrow"}]}
RESULT: undefined
COMMAND: POST /session/700a0ab92761895b5ec9a5372f8d46fb/element - {"using":"xpath","value":"//*[@id=\"application-managepartners-display-component---NewPartner--partnerDetailInternal-arrow\"]"}
RESULT: {}
RESULT: {"using":"xpath","value":"//*[@id=\"application-managepartners-display-component---NewPartner--partnerDetailInternal-arrow\"]"}
COMMAND: POST /session/700a0ab92761895b5ec9a5372f8d46fb/element/f.647512A71DDA687F9F591F39CAC5A62D.d.6565C2ABAFA2DE869D153C59102EF19D.e.11160/click - {}
RESULT: {}
COMMAND: POST /session/700a0ab92761895b5ec9a5372f8d46fb/execute/async - {"script":"<script> [1562 bytes]","args":[{"selector":{"controlType":"sap.m.StandardListItem","viewName":"etm.portal.ui.managepartners.view.NewPartner","viewId":"application-managepartners-display-component---NewPartner","properties":{"title":"External partner"},"searchOpenDialogs":true,"interaction":{"idSuffix":"content"}},"wdio_ui5_key":"etmportal.ui.managepartners.view.NewPartnersap.m.StandardListItem{\"title\":\"External partner\"}"}]}
COMMAND: GET /session/700a0ab92761895b5ec9a5372f8d46fb/screenshot - {}
RESULT: {"script":"<script> [1562 bytes]","args":[{"selector":{"controlType":"sap.m.StandardListItem","viewName":"etm.portal.ui.managepartners.view.NewPartner","viewId":"application-managepartners-display-component---NewPartner","properties":{"title":"External partner"},"searchOpenDialogs":true,"interaction":{"idSuffix":"content"}},"wdio_ui5_key":"etmportal.ui.managepartners.view.NewPartnersap.m.StandardListItem{\"title\":\"External partner\"}"}]}
RESULT: undefined
COMMAND: POST /session/700a0ab92761895b5ec9a5372f8d46fb/element - {"using":"xpath","value":"//*[@id=\"__item1543\"]"}
RESULT: {}
RESULT: {"using":"xpath","value":"//*[@id=\"__item1543\"]"}
COMMAND: POST /session/700a0ab92761895b5ec9a5372f8d46fb/element/f.647512A71DDA687F9F591F39CAC5A62D.d.6565C2ABAFA2DE869D153C59102EF19D.e.11164/click - {}
RESULT: {}
COMMAND: POST /session/700a0ab92761895b5ec9a5372f8d46fb/execute/async - {"script":"<script> [1562 bytes]","args":[{"selector":{"id":"application-managepartners-display-component---NewPartner--partnerDetailsCurrency-arrow"},"wdio_ui5_key":"applicationmanagepartners-display-component---NewPartner--partnerDetailsCurrency-arrow"}]}
COMMAND: GET /session/700a0ab92761895b5ec9a5372f8d46fb/screenshot - {}
RESULT: {"script":"<script> [1562 bytes]","args":[{"selector":{"id":"application-managepartners-display-component---NewPartner--partnerDetailsCurrency-arrow"},"wdio_ui5_key":"applicationmanagepartners-display-component---NewPartner--partnerDetailsCurrency-arrow"}]}
RESULT: undefined
COMMAND: POST /session/700a0ab92761895b5ec9a5372f8d46fb/element - {"using":"xpath","value":"//*[@id=\"application-managepartners-display-component---NewPartner--partnerDetailsCurrency-arrow\"]"}
RESULT: {}
RESULT: {"using":"xpath","value":"//*[@id=\"application-managepartners-display-component---NewPartner--partnerDetailsCurrency-arrow\"]"}
COMMAND: POST /session/700a0ab92761895b5ec9a5372f8d46fb/element/f.647512A71DDA687F9F591F39CAC5A62D.d.6565C2ABAFA2DE869D153C59102EF19D.e.11169/click - {}
RESULT: {}
COMMAND: POST /session/700a0ab92761895b5ec9a5372f8d46fb/execute/async - {"script":"<script> [1562 bytes]","args":[{"selector":{"controlType":"sap.m.StandardListItem","viewName":"etm.portal.ui.managepartners.view.NewPartner","viewId":"application-managepartners-display-component---NewPartner","properties":{"title":"Euro"},"searchOpenDialogs":true,"interaction":{"idSuffix":"content"}},"wdio_ui5_key":"etmportal.ui.managepartners.view.NewPartnersap.m.StandardListItem{\"title\":\"Euro\"}"}]}
COMMAND: GET /session/700a0ab92761895b5ec9a5372f8d46fb/screenshot - {}
RESULT: {"script":"<script> [1562 bytes]","args":[{"selector":{"controlType":"sap.m.StandardListItem","viewName":"etm.portal.ui.managepartners.view.NewPartner","viewId":"application-managepartners-display-component---NewPartner","properties":{"title":"Euro"},"searchOpenDialogs":true,"interaction":{"idSuffix":"content"}},"wdio_ui5_key":"etmportal.ui.managepartners.view.NewPartnersap.m.StandardListItem{\"title\":\"Euro\"}"}]}
RESULT: undefined
COMMAND: POST /session/700a0ab92761895b5ec9a5372f8d46fb/element - {"using":"xpath","value":"//*[@id=\"__item1545\"]"}
RESULT: {}
RESULT: {"using":"xpath","value":"//*[@id=\"__item1545\"]"}
COMMAND: POST /session/700a0ab92761895b5ec9a5372f8d46fb/element/f.647512A71DDA687F9F591F39CAC5A62D.d.6565C2ABAFA2DE869D153C59102EF19D.e.11171/click - {}
RESULT: {}
COMMAND: POST /session/700a0ab92761895b5ec9a5372f8d46fb/execute/async - {"script":"<script> [1562 bytes]","args":[{"selector":{"controlType":"sap.m.Button","viewName":"etm.portal.ui.managepartners.view.NewPartner","viewId":"application-managepartners-display-component---NewPartner","properties":{"text":"Assignments"},"interaction":{"idSuffix":"BDI-content"}},"wdio_ui5_key":"etmportal.ui.managepartners.view.NewPartnersap.m.Button{\"text\":\"Assignments\"}"}]}
COMMAND: GET /session/700a0ab92761895b5ec9a5372f8d46fb/screenshot - {}
RESULT: {"script":"<script> [1562 bytes]","args":[{"selector":{"controlType":"sap.m.Button","viewName":"etm.portal.ui.managepartners.view.NewPartner","viewId":"application-managepartners-display-component---NewPartner","properties":{"text":"Assignments"},"interaction":{"idSuffix":"BDI-content"}},"wdio_ui5_key":"etmportal.ui.managepartners.view.NewPartnersap.m.Button{\"text\":\"Assignments\"}"}]}
RESULT: undefined
COMMAND: POST /session/700a0ab92761895b5ec9a5372f8d46fb/element - {"using":"xpath","value":"//*[@id=\"application-managepartners-display-component---NewPartner--ObjectPageLayout-anchBar-__section61-anchor\"]"}
RESULT: {}
RESULT: {"using":"xpath","value":"//*[@id=\"application-managepartners-display-component---NewPartner--ObjectPageLayout-anchBar-__section61-anchor\"]"}
COMMAND: POST /session/700a0ab92761895b5ec9a5372f8d46fb/element/f.647512A71DDA687F9F591F39CAC5A62D.d.6565C2ABAFA2DE869D153C59102EF19D.e.11173/click - {}
RESULT: {}
COMMAND: POST /session/700a0ab92761895b5ec9a5372f8d46fb/execute/async - {"script":"<script> [1562 bytes]","args":[{"selector":{"id":"application-managepartners-display-component---NewPartner--btnAddTableRow","interaction":{"idSuffix":"inner"}},"wdio_ui5_key":"applicationmanagepartners-display-component---NewPartner--btnAddTableRow"}]}
COMMAND: GET /session/700a0ab92761895b5ec9a5372f8d46fb/screenshot - {}
RESULT: {"script":"<script> [1562 bytes]","args":[{"selector":{"id":"application-managepartners-display-component---NewPartner--btnAddTableRow","interaction":{"idSuffix":"inner"}},"wdio_ui5_key":"applicationmanagepartners-display-component---NewPartner--btnAddTableRow"}]}
RESULT: undefined
COMMAND: POST /session/700a0ab92761895b5ec9a5372f8d46fb/element - {"using":"xpath","value":"//*[@id=\"application-managepartners-display-component---NewPartner--btnAddTableRow\"]"}
RESULT: {}
RESULT: {"using":"xpath","value":"//*[@id=\"application-managepartners-display-component---NewPartner--btnAddTableRow\"]"}
COMMAND: POST /session/700a0ab92761895b5ec9a5372f8d46fb/element/f.647512A71DDA687F9F591F39CAC5A62D.d.6565C2ABAFA2DE869D153C59102EF19D.e.11178/click - {}
RESULT: {}
COMMAND: POST /session/700a0ab92761895b5ec9a5372f8d46fb/element - {"using":"css selector","value":"#application-managepartners-display-component---NewPartner--assignmentYard-application-managepartners-display-component---NewPartner--assignmentsTable-0-inner"}
COMMAND: GET /session/700a0ab92761895b5ec9a5372f8d46fb/screenshot - {}
RESULT: {"using":"css selector","value":"#application-managepartners-display-component---NewPartner--assignmentYard-application-managepartners-display-component---NewPartner--assignmentsTable-0-inner"}
COMMAND: POST /session/700a0ab92761895b5ec9a5372f8d46fb/element/f.647512A71DDA687F9F591F39CAC5A62D.d.6565C2ABAFA2DE869D153C59102EF19D.e.11182/clear - {}
RESULT: {}
RESULT: {}
COMMAND: POST /session/700a0ab92761895b5ec9a5372f8d46fb/element/f.647512A71DDA687F9F591F39CAC5A62D.d.6565C2ABAFA2DE869D153C59102EF19D.e.11182/value - {"text":"795"}
COMMAND: GET /session/700a0ab92761895b5ec9a5372f8d46fb/screenshot - {}
RESULT: {"text":"795"}
COMMAND: POST /session/700a0ab92761895b5ec9a5372f8d46fb/execute/async - {"script":"<script> [1562 bytes]","args":[{"selector":{"id":"application-managepartners-display-component---NewPartner--assignmentYard-application-managepartners-display-component---NewPartner--assignmentsTable-0-arrow"},"wdio_ui5_key":"applicationmanagepartners-display-component---NewPartner--assignmentYard-application-managepartners-display-component---NewPartner--assignmentsTable-0-arrow"}]}
COMMAND: GET /session/700a0ab92761895b5ec9a5372f8d46fb/screenshot - {}
RESULT: {}
RESULT: {"script":"<script> [1562 bytes]","args":[{"selector":{"id":"application-managepartners-display-component---NewPartner--assignmentYard-application-managepartners-display-component---NewPartner--assignmentsTable-0-arrow"},"wdio_ui5_key":"applicationmanagepartners-display-component---NewPartner--assignmentYard-application-managepartners-display-component---NewPartner--assignmentsTable-0-arrow"}]}
RESULT: undefined
COMMAND: POST /session/700a0ab92761895b5ec9a5372f8d46fb/element - {"using":"xpath","value":"//*[@id=\"application-managepartners-display-component---NewPartner--assignmentYard-application-managepartners-display-component---NewPartner--assignmentsTable-0-arrow\"]"}
RESULT: {}
RESULT: {"using":"xpath","value":"//*[@id=\"application-managepartners-display-component---NewPartner--assignmentYard-application-managepartners-display-component---NewPartner--assignmentsTable-0-arrow\"]"}
COMMAND: POST /session/700a0ab92761895b5ec9a5372f8d46fb/element/f.647512A71DDA687F9F591F39CAC5A62D.d.6565C2ABAFA2DE869D153C59102EF19D.e.11190/click - {}
RESULT: {}
COMMAND: GET /session/700a0ab92761895b5ec9a5372f8d46fb/screenshot - {}
RESULT: {}
COMMAND: POST /session/700a0ab92761895b5ec9a5372f8d46fb/execute/async - {"script":"<script> [1562 bytes]","args":[{"selector":{"controlType":"sap.m.Button","viewName":"etm.portal.ui.managepartners.view.NewPartner","viewId":"application-managepartners-display-component---NewPartner","i18NText":{"propertyName":"text","key":"save"},"interaction":{"idSuffix":"BDI-content"}},"wdio_ui5_key":"etmportal.ui.managepartners.view.NewPartnersap.m.Button{\"propertyName\":\"text\",\"key\":\"save\"}"}]}
RESULT: {"script":"<script> [1562 bytes]","args":[{"selector":{"controlType":"sap.m.Button","viewName":"etm.portal.ui.managepartners.view.NewPartner","viewId":"application-managepartners-display-component---NewPartner","i18NText":{"propertyName":"text","key":"save"},"interaction":{"idSuffix":"BDI-content"}},"wdio_ui5_key":"etmportal.ui.managepartners.view.NewPartnersap.m.Button{\"propertyName\":\"text\",\"key\":\"save\"}"}]}
RESULT: undefined
COMMAND: POST /session/700a0ab92761895b5ec9a5372f8d46fb/element - {"using":"xpath","value":"//*[@id=\"__button127\"]"}
RESULT: {"using":"xpath","value":"//*[@id=\"__button127\"]"}
COMMAND: POST /session/700a0ab92761895b5ec9a5372f8d46fb/element/f.647512A71DDA687F9F591F39CAC5A62D.d.6565C2ABAFA2DE869D153C59102EF19D.e.11131/click - {}
RESULT: {}
COMMAND: GET /session/700a0ab92761895b5ec9a5372f8d46fb/screenshot - {}
RESULT: {}
COMMAND: POST /session/700a0ab92761895b5ec9a5372f8d46fb/execute/async - {"script":"<script> [1562 bytes]","args":[{"selector":{"controlType":"sap.m.Text","viewName":"etm.portal.ui.managepartners.view.Detail","viewId":"application-managepartners-display-component---detailPtm","bindingPath":{"propertyPath":"ID","modelName":"catalogModel"}},"wdio_ui5_key":"etmportal.ui.managepartners.view.Detailsap.m.Text{\"propertyPath\":\"ID\",\"modelName\":\"catalogModel\"}"}]}
RESULT: {"script":"<script> [1562 bytes]","args":[{"selector":{"controlType":"sap.m.Text","viewName":"etm.portal.ui.managepartners.view.Detail","viewId":"application-managepartners-display-component---detailPtm","bindingPath":{"propertyPath":"ID","modelName":"catalogModel"}},"wdio_ui5_key":"etmportal.ui.managepartners.view.Detailsap.m.Text{\"propertyPath\":\"ID\",\"modelName\":\"catalogModel\"}"}]}
RESULT: undefined
COMMAND: POST /session/700a0ab92761895b5ec9a5372f8d46fb/execute/async - {"script":"<script> [6424 bytes]","args":[{"element-6066-11e4-a52e-4f735466cecf":"f.647512A71DDA687F9F591F39CAC5A62D.d.6565C2ABAFA2DE869D153C59102EF19D.e.11355"},"getText",[]]}
RESULT: {"script":"<script> [6424 bytes]","args":[{"element-6066-11e4-a52e-4f735466cecf":"f.647512A71DDA687F9F591F39CAC5A62D.d.6565C2ABAFA2DE869D153C59102EF19D.e.11355"},"getText",[]]}
COMMAND: POST /session/700a0ab92761895b5ec9a5372f8d46fb/element - {"using":"css selector","value":"#shell-header-logo"}
RESULT: {"using":"css selector","value":"#shell-header-logo"}
COMMAND: POST /session/700a0ab92761895b5ec9a5372f8d46fb/element/f.647512A71DDA687F9F591F39CAC5A62D.d.6565C2ABAFA2DE869D153C59102EF19D.e.10821/click - {}
RESULT: {}
]]></system-out>
    </testcase>
    <testcase classname="chrome.135_0_7049_96.windows.Provide_to_Site_w/_warehouse_management_w/o_clarification_US113782_" name="Should create a new WHM Material" time="82.651">
      <system-out><![CDATA[
COMMAND: POST /session/700a0ab92761895b5ec9a5372f8d46fb/execute/async - {"script":"<script> [1562 bytes]","args":[{"selector":{"controlType":"sap.m.GenericTile","properties":{"header":"Manage Resources"}},"wdio_ui5_key":"sapm.GenericTile{\"header\":\"Manage Resources\"}"}]}
COMMAND: GET /session/700a0ab92761895b5ec9a5372f8d46fb/screenshot - {}
RESULT: {"script":"<script> [1562 bytes]","args":[{"selector":{"controlType":"sap.m.GenericTile","properties":{"header":"Manage Resources"}},"wdio_ui5_key":"sapm.GenericTile{\"header\":\"Manage Resources\"}"}]}
RESULT: undefined
COMMAND: POST /session/700a0ab92761895b5ec9a5372f8d46fb/element - {"using":"xpath","value":"//*[@id=\"__tile39\"]"}
RESULT: {}
RESULT: {"using":"xpath","value":"//*[@id=\"__tile39\"]"}
COMMAND: POST /session/700a0ab92761895b5ec9a5372f8d46fb/element/f.647512A71DDA687F9F591F39CAC5A62D.d.6565C2ABAFA2DE869D153C59102EF19D.e.11357/click - {}
RESULT: {}
COMMAND: POST /session/700a0ab92761895b5ec9a5372f8d46fb/execute/async - {"script":"<script> [1562 bytes]","args":[{"selector":{"controlType":"sap.m.OverflowToolbarButton","viewName":"etm.portal.ui.manageresources.view.Master","viewId":"application-manageresources-display-component---masterRU","bindingPath":{"path":"","propertyPath":"/isLogbook","modelName":"minimumStockRPGModel"},"interaction":{"idSuffix":"inner"}},"wdio_ui5_key":"etmportal.ui.manageresources.view.Mastersap.m.OverflowToolbarButton{\"path\":\"\",\"propertyPath\":\"/isLogbook\",\"modelName\":\"minimumStockRPGModel\"}"}]}
COMMAND: GET /session/700a0ab92761895b5ec9a5372f8d46fb/screenshot - {}
RESULT: undefined
RESULT: undefined
RESULT: {"script":"<script> [1562 bytes]","args":[{"selector":{"controlType":"sap.m.OverflowToolbarButton","viewName":"etm.portal.ui.manageresources.view.Master","viewId":"application-manageresources-display-component---masterRU","bindingPath":{"path":"","propertyPath":"/isLogbook","modelName":"minimumStockRPGModel"},"interaction":{"idSuffix":"inner"}},"wdio_ui5_key":"etmportal.ui.manageresources.view.Mastersap.m.OverflowToolbarButton{\"path\":\"\",\"propertyPath\":\"/isLogbook\",\"modelName\":\"minimumStockRPGModel\"}"}]}
RESULT: undefined
COMMAND: POST /session/700a0ab92761895b5ec9a5372f8d46fb/element - {"using":"xpath","value":"//*[@id=\"__button168\"]"}
RESULT: {}
RESULT: {"using":"xpath","value":"//*[@id=\"__button168\"]"}
COMMAND: POST /session/700a0ab92761895b5ec9a5372f8d46fb/element/f.647512A71DDA687F9F591F39CAC5A62D.d.6565C2ABAFA2DE869D153C59102EF19D.e.11398/click - {}
RESULT: {}
COMMAND: GET /session/700a0ab92761895b5ec9a5372f8d46fb/screenshot - {}
COMMAND: POST /session/700a0ab92761895b5ec9a5372f8d46fb/execute/async - {"script":"<script> [1562 bytes]","args":[{"selector":{"id":"application-manageresources-display-component---newResourceUnit--TYPE-arrow"},"wdio_ui5_key":"applicationmanageresources-display-component---newResourceUnit--TYPE-arrow"}]}
RESULT: {}
RESULT: {"script":"<script> [1562 bytes]","args":[{"selector":{"id":"application-manageresources-display-component---newResourceUnit--TYPE-arrow"},"wdio_ui5_key":"applicationmanageresources-display-component---newResourceUnit--TYPE-arrow"}]}
RESULT: undefined
COMMAND: POST /session/700a0ab92761895b5ec9a5372f8d46fb/element - {"using":"xpath","value":"//*[@id=\"application-manageresources-display-component---newResourceUnit--TYPE-arrow\"]"}
RESULT: {"using":"xpath","value":"//*[@id=\"application-manageresources-display-component---newResourceUnit--TYPE-arrow\"]"}
COMMAND: POST /session/700a0ab92761895b5ec9a5372f8d46fb/element/f.647512A71DDA687F9F591F39CAC5A62D.d.6565C2ABAFA2DE869D153C59102EF19D.e.11704/click - {}
RESULT: {}
COMMAND: POST /session/700a0ab92761895b5ec9a5372f8d46fb/execute/async - {"script":"<script> [1562 bytes]","args":[{"selector":{"controlType":"sap.m.StandardListItem","viewName":"reusables.view.manageresources.NewResourceUnit","viewId":"application-manageresources-display-component---newResourceUnit","properties":{"title":"Material"},"searchOpenDialogs":true,"interaction":{"idSuffix":"content"}},"wdio_ui5_key":"reusablesview.manageresources.NewResourceUnitsap.m.StandardListItem{\"title\":\"Material\"}"}]}
COMMAND: GET /session/700a0ab92761895b5ec9a5372f8d46fb/screenshot - {}
RESULT: {"script":"<script> [1562 bytes]","args":[{"selector":{"controlType":"sap.m.StandardListItem","viewName":"reusables.view.manageresources.NewResourceUnit","viewId":"application-manageresources-display-component---newResourceUnit","properties":{"title":"Material"},"searchOpenDialogs":true,"interaction":{"idSuffix":"content"}},"wdio_ui5_key":"reusablesview.manageresources.NewResourceUnitsap.m.StandardListItem{\"title\":\"Material\"}"}]}
RESULT: undefined
COMMAND: POST /session/700a0ab92761895b5ec9a5372f8d46fb/element - {"using":"xpath","value":"//*[@id=\"__item1826\"]"}
RESULT: {}
RESULT: {"using":"xpath","value":"//*[@id=\"__item1826\"]"}
COMMAND: POST /session/700a0ab92761895b5ec9a5372f8d46fb/element/f.647512A71DDA687F9F591F39CAC5A62D.d.6565C2ABAFA2DE869D153C59102EF19D.e.11707/click - {}
RESULT: {}
COMMAND: POST /session/700a0ab92761895b5ec9a5372f8d46fb/execute/async - {"script":"<script> [1562 bytes]","args":[{"selector":{"id":"application-manageresources-display-component---newResourceUnit--resourceId","interaction":{"idSuffix":"inner"}},"wdio_ui5_key":"applicationmanageresources-display-component---newResourceUnit--resourceId"}]}
COMMAND: GET /session/700a0ab92761895b5ec9a5372f8d46fb/screenshot - {}
RESULT: {"script":"<script> [1562 bytes]","args":[{"selector":{"id":"application-manageresources-display-component---newResourceUnit--resourceId","interaction":{"idSuffix":"inner"}},"wdio_ui5_key":"applicationmanageresources-display-component---newResourceUnit--resourceId"}]}
RESULT: undefined
COMMAND: POST /session/700a0ab92761895b5ec9a5372f8d46fb/execute/async - {"script":"<script> [1562 bytes]","args":[{"selector":{"id":"application-manageresources-display-component---newResourceUnit--SHORT_TEXT","interaction":{"idSuffix":"inner"}},"wdio_ui5_key":"applicationmanageresources-display-component---newResourceUnit--SHORT_TEXT"}]}
RESULT: {}
RESULT: {"script":"<script> [1562 bytes]","args":[{"selector":{"id":"application-manageresources-display-component---newResourceUnit--SHORT_TEXT","interaction":{"idSuffix":"inner"}},"wdio_ui5_key":"applicationmanageresources-display-component---newResourceUnit--SHORT_TEXT"}]}
RESULT: undefined
COMMAND: POST /session/700a0ab92761895b5ec9a5372f8d46fb/execute/async - {"script":"<script> [776 bytes]","args":[{"enterText":"material WHM","selector":{"id":"application-manageresources-display-component---newResourceUnit--SHORT_TEXT","interaction":{"idSuffix":"inner"}},"clearTextFirst":true,"interactionType":"ENTER_TEXT"}]}
RESULT: {"script":"<script> [776 bytes]","args":[{"enterText":"material WHM","selector":{"id":"application-manageresources-display-component---newResourceUnit--SHORT_TEXT","interaction":{"idSuffix":"inner"}},"clearTextFirst":true,"interactionType":"ENTER_TEXT"}]}
COMMAND: POST /session/700a0ab92761895b5ec9a5372f8d46fb/execute/async - {"script":"<script> [1562 bytes]","args":[{"selector":{"id":"application-manageresources-display-component---newResourceUnit--BASE_UNIT_OF_MEASURE","interaction":{"idSuffix":"inner"}},"wdio_ui5_key":"applicationmanageresources-display-component---newResourceUnit--BASE_UNIT_OF_MEASURE"}]}
RESULT: {"script":"<script> [1562 bytes]","args":[{"selector":{"id":"application-manageresources-display-component---newResourceUnit--BASE_UNIT_OF_MEASURE","interaction":{"idSuffix":"inner"}},"wdio_ui5_key":"applicationmanageresources-display-component---newResourceUnit--BASE_UNIT_OF_MEASURE"}]}
RESULT: undefined
COMMAND: POST /session/700a0ab92761895b5ec9a5372f8d46fb/execute/async - {"script":"<script> [776 bytes]","args":[{"enterText":"Piece","selector":{"id":"application-manageresources-display-component---newResourceUnit--BASE_UNIT_OF_MEASURE","interaction":{"idSuffix":"inner"}},"clearTextFirst":true,"interactionType":"ENTER_TEXT"}]}
RESULT: {"script":"<script> [776 bytes]","args":[{"enterText":"Piece","selector":{"id":"application-manageresources-display-component---newResourceUnit--BASE_UNIT_OF_MEASURE","interaction":{"idSuffix":"inner"}},"clearTextFirst":true,"interactionType":"ENTER_TEXT"}]}
COMMAND: POST /session/700a0ab92761895b5ec9a5372f8d46fb/execute/async - {"script":"<script> [1562 bytes]","args":[{"selector":{"id":"application-manageresources-display-component---newResourceUnit--WEIGHT_UNIT","interaction":{"idSuffix":"inner"}},"wdio_ui5_key":"applicationmanageresources-display-component---newResourceUnit--WEIGHT_UNIT"}]}
RESULT: {"script":"<script> [1562 bytes]","args":[{"selector":{"id":"application-manageresources-display-component---newResourceUnit--WEIGHT_UNIT","interaction":{"idSuffix":"inner"}},"wdio_ui5_key":"applicationmanageresources-display-component---newResourceUnit--WEIGHT_UNIT"}]}
RESULT: undefined
COMMAND: POST /session/700a0ab92761895b5ec9a5372f8d46fb/execute/async - {"script":"<script> [776 bytes]","args":[{"enterText":"Gram","selector":{"id":"application-manageresources-display-component---newResourceUnit--WEIGHT_UNIT","interaction":{"idSuffix":"inner"}},"clearTextFirst":true,"interactionType":"ENTER_TEXT"}]}
RESULT: {"script":"<script> [776 bytes]","args":[{"enterText":"Gram","selector":{"id":"application-manageresources-display-component---newResourceUnit--WEIGHT_UNIT","interaction":{"idSuffix":"inner"}},"clearTextFirst":true,"interactionType":"ENTER_TEXT"}]}
COMMAND: POST /session/700a0ab92761895b5ec9a5372f8d46fb/execute/async - {"script":"<script> [1562 bytes]","args":[{"selector":{"id":"application-manageresources-display-component---newResourceUnit--DIMENSION_UNIT","interaction":{"idSuffix":"inner"}},"wdio_ui5_key":"applicationmanageresources-display-component---newResourceUnit--DIMENSION_UNIT"}]}
RESULT: {"script":"<script> [1562 bytes]","args":[{"selector":{"id":"application-manageresources-display-component---newResourceUnit--DIMENSION_UNIT","interaction":{"idSuffix":"inner"}},"wdio_ui5_key":"applicationmanageresources-display-component---newResourceUnit--DIMENSION_UNIT"}]}
RESULT: undefined
COMMAND: POST /session/700a0ab92761895b5ec9a5372f8d46fb/execute/async - {"script":"<script> [776 bytes]","args":[{"enterText":"Meter","selector":{"id":"application-manageresources-display-component---newResourceUnit--DIMENSION_UNIT","interaction":{"idSuffix":"inner"}},"clearTextFirst":true,"interactionType":"ENTER_TEXT"}]}
RESULT: {"script":"<script> [776 bytes]","args":[{"enterText":"Meter","selector":{"id":"application-manageresources-display-component---newResourceUnit--DIMENSION_UNIT","interaction":{"idSuffix":"inner"}},"clearTextFirst":true,"interactionType":"ENTER_TEXT"}]}
COMMAND: POST /session/700a0ab92761895b5ec9a5372f8d46fb/execute/async - {"script":"<script> [1562 bytes]","args":[{"selector":{"id":"application-manageresources-display-component---newResourceUnit--newRRUPage-anchBar-application-manageresources-display-component---newResourceUnit--control-anchor","interaction":{"idSuffix":"content"}},"wdio_ui5_key":"applicationmanageresources-display-component---newResourceUnit--newRRUPage-anchBar-application-manageresources-display-component---newResourceUnit--control-anchor"}]}
RESULT: {"script":"<script> [1562 bytes]","args":[{"selector":{"id":"application-manageresources-display-component---newResourceUnit--newRRUPage-anchBar-application-manageresources-display-component---newResourceUnit--control-anchor","interaction":{"idSuffix":"content"}},"wdio_ui5_key":"applicationmanageresources-display-component---newResourceUnit--newRRUPage-anchBar-application-manageresources-display-component---newResourceUnit--control-anchor"}]}
RESULT: undefined
COMMAND: POST /session/700a0ab92761895b5ec9a5372f8d46fb/element - {"using":"xpath","value":"//*[@id=\"application-manageresources-display-component---newResourceUnit--newRRUPage-anchBar-application-manageresources-display-component---newResourceUnit--control-anchor\"]"}
RESULT: {"using":"xpath","value":"//*[@id=\"application-manageresources-display-component---newResourceUnit--newRRUPage-anchBar-application-manageresources-display-component---newResourceUnit--control-anchor\"]"}
COMMAND: POST /session/700a0ab92761895b5ec9a5372f8d46fb/element/f.647512A71DDA687F9F591F39CAC5A62D.d.6565C2ABAFA2DE869D153C59102EF19D.e.11771/click - {}
RESULT: {}
COMMAND: POST /session/700a0ab92761895b5ec9a5372f8d46fb/execute/async - {"script":"<script> [1562 bytes]","args":[{"selector":{"id":"application-manageresources-display-component---newResourceUnit--PLANNING_GROUP","interaction":{"idSuffix":"inner"}},"wdio_ui5_key":"applicationmanageresources-display-component---newResourceUnit--PLANNING_GROUP"}]}
COMMAND: GET /session/700a0ab92761895b5ec9a5372f8d46fb/screenshot - {}
RESULT: {"script":"<script> [1562 bytes]","args":[{"selector":{"id":"application-manageresources-display-component---newResourceUnit--PLANNING_GROUP","interaction":{"idSuffix":"inner"}},"wdio_ui5_key":"applicationmanageresources-display-component---newResourceUnit--PLANNING_GROUP"}]}
RESULT: undefined
COMMAND: POST /session/700a0ab92761895b5ec9a5372f8d46fb/execute/async - {"script":"<script> [776 bytes]","args":[{"enterText":"Heavy Equi","selector":{"id":"application-manageresources-display-component---newResourceUnit--PLANNING_GROUP","interaction":{"idSuffix":"inner"}},"clearTextFirst":true,"interactionType":"ENTER_TEXT"}]}
RESULT: {}
RESULT: {"script":"<script> [776 bytes]","args":[{"enterText":"Heavy Equi","selector":{"id":"application-manageresources-display-component---newResourceUnit--PLANNING_GROUP","interaction":{"idSuffix":"inner"}},"clearTextFirst":true,"interactionType":"ENTER_TEXT"}]}
COMMAND: POST /session/700a0ab92761895b5ec9a5372f8d46fb/execute/async - {"script":"<script> [1562 bytes]","args":[{"selector":{"id":"application-manageresources-display-component---newResourceUnit--PLANNING_INDICATOR","interaction":{"idSuffix":"inner"}},"wdio_ui5_key":"applicationmanageresources-display-component---newResourceUnit--PLANNING_INDICATOR"}]}
RESULT: {"script":"<script> [1562 bytes]","args":[{"selector":{"id":"application-manageresources-display-component---newResourceUnit--PLANNING_INDICATOR","interaction":{"idSuffix":"inner"}},"wdio_ui5_key":"applicationmanageresources-display-component---newResourceUnit--PLANNING_INDICATOR"}]}
RESULT: undefined
COMMAND: POST /session/700a0ab92761895b5ec9a5372f8d46fb/execute/async - {"script":"<script> [776 bytes]","args":[{"enterText":"10 - infinite","selector":{"id":"application-manageresources-display-component---newResourceUnit--PLANNING_INDICATOR","interaction":{"idSuffix":"inner"}},"clearTextFirst":true,"interactionType":"ENTER_TEXT"}]}
RESULT: {"script":"<script> [776 bytes]","args":[{"enterText":"10 - infinite","selector":{"id":"application-manageresources-display-component---newResourceUnit--PLANNING_INDICATOR","interaction":{"idSuffix":"inner"}},"clearTextFirst":true,"interactionType":"ENTER_TEXT"}]}
COMMAND: POST /session/700a0ab92761895b5ec9a5372f8d46fb/actions - {"actions":[{"id":"action38","type":"key","parameters":{},"actions":[{"type":"keyDown","value":"î€‡"},{"type":"pause","duration":10},{"type":"keyUp","value":"î€‡"}]}]}
RESULT: {"actions":[{"id":"action38","type":"key","parameters":{},"actions":[{"type":"keyDown","value":"î€‡"},{"type":"pause","duration":10},{"type":"keyUp","value":"î€‡"}]}]}
COMMAND: POST /session/700a0ab92761895b5ec9a5372f8d46fb/execute/async - {"script":"<script> [1562 bytes]","args":[{"selector":{"id":"application-manageresources-display-component---newResourceUnit--ITEM_TYPE-arrow"},"wdio_ui5_key":"applicationmanageresources-display-component---newResourceUnit--ITEM_TYPE-arrow"}]}
COMMAND: GET /session/700a0ab92761895b5ec9a5372f8d46fb/screenshot - {}
RESULT: {"script":"<script> [1562 bytes]","args":[{"selector":{"id":"application-manageresources-display-component---newResourceUnit--ITEM_TYPE-arrow"},"wdio_ui5_key":"applicationmanageresources-display-component---newResourceUnit--ITEM_TYPE-arrow"}]}
RESULT: undefined
COMMAND: POST /session/700a0ab92761895b5ec9a5372f8d46fb/element - {"using":"xpath","value":"//*[@id=\"application-manageresources-display-component---newResourceUnit--ITEM_TYPE-arrow\"]"}
RESULT: {}
RESULT: {"using":"xpath","value":"//*[@id=\"application-manageresources-display-component---newResourceUnit--ITEM_TYPE-arrow\"]"}
COMMAND: POST /session/700a0ab92761895b5ec9a5372f8d46fb/element/f.647512A71DDA687F9F591F39CAC5A62D.d.6565C2ABAFA2DE869D153C59102EF19D.e.11781/click - {}
RESULT: {}
COMMAND: POST /session/700a0ab92761895b5ec9a5372f8d46fb/execute/async - {"script":"<script> [1562 bytes]","args":[{"selector":{"controlType":"sap.m.StandardListItem","viewName":"reusables.view.manageresources.NewResourceUnit","viewId":"application-manageresources-display-component---newResourceUnit","properties":{"title":"Resource Unit"},"searchOpenDialogs":true,"interaction":{"idSuffix":"titleText"}},"wdio_ui5_key":"reusablesview.manageresources.NewResourceUnitsap.m.StandardListItem{\"title\":\"Resource Unit\"}"}]}
COMMAND: GET /session/700a0ab92761895b5ec9a5372f8d46fb/screenshot - {}
RESULT: {"script":"<script> [1562 bytes]","args":[{"selector":{"controlType":"sap.m.StandardListItem","viewName":"reusables.view.manageresources.NewResourceUnit","viewId":"application-manageresources-display-component---newResourceUnit","properties":{"title":"Resource Unit"},"searchOpenDialogs":true,"interaction":{"idSuffix":"titleText"}},"wdio_ui5_key":"reusablesview.manageresources.NewResourceUnitsap.m.StandardListItem{\"title\":\"Resource Unit\"}"}]}
RESULT: undefined
RESULT: {}
COMMAND: POST /session/700a0ab92761895b5ec9a5372f8d46fb/execute/async - {"script":"<script> [1562 bytes]","args":[{"selector":{"controlType":"sap.m.Label","viewName":"reusables.view.manageresources.NewResourceUnit","viewId":"application-manageresources-display-component---newResourceUnit","i18NText":{"propertyName":"text","key":"planningGroup"},"interaction":{"idSuffix":"bdi"}},"wdio_ui5_key":"reusablesview.manageresources.NewResourceUnitsap.m.Label{\"propertyName\":\"text\",\"key\":\"planningGroup\"}"}]}
RESULT: {"script":"<script> [1562 bytes]","args":[{"selector":{"controlType":"sap.m.Label","viewName":"reusables.view.manageresources.NewResourceUnit","viewId":"application-manageresources-display-component---newResourceUnit","i18NText":{"propertyName":"text","key":"planningGroup"},"interaction":{"idSuffix":"bdi"}},"wdio_ui5_key":"reusablesview.manageresources.NewResourceUnitsap.m.Label{\"propertyName\":\"text\",\"key\":\"planningGroup\"}"}]}
RESULT: undefined
COMMAND: POST /session/700a0ab92761895b5ec9a5372f8d46fb/element - {"using":"xpath","value":"//*[@id=\"__label263\"]"}
RESULT: {"using":"xpath","value":"//*[@id=\"__label263\"]"}
COMMAND: POST /session/700a0ab92761895b5ec9a5372f8d46fb/element/f.647512A71DDA687F9F591F39CAC5A62D.d.6565C2ABAFA2DE869D153C59102EF19D.e.11783/click - {}
RESULT: {}
COMMAND: GET /session/700a0ab92761895b5ec9a5372f8d46fb/screenshot - {}
RESULT: {}
COMMAND: POST /session/700a0ab92761895b5ec9a5372f8d46fb/actions - {"actions":[{"type":"key","id":"keyboard","actions":[{"type":"keyDown","value":"î›"}]}]}
RESULT: {"actions":[{"type":"key","id":"keyboard","actions":[{"type":"keyDown","value":"î›"}]}]}
COMMAND: GET /session/700a0ab92761895b5ec9a5372f8d46fb/screenshot - {}
RESULT: {}
COMMAND: POST /session/700a0ab92761895b5ec9a5372f8d46fb/actions - {"actions":[{"type":"key","id":"keyboard","actions":[{"type":"keyDown","value":"î›"}]}]}
RESULT: {"actions":[{"type":"key","id":"keyboard","actions":[{"type":"keyDown","value":"î›"}]}]}
COMMAND: GET /session/700a0ab92761895b5ec9a5372f8d46fb/screenshot - {}
RESULT: {}
COMMAND: POST /session/700a0ab92761895b5ec9a5372f8d46fb/actions - {"actions":[{"type":"key","id":"keyboard","actions":[{"type":"keyDown","value":"î›"}]}]}
RESULT: {"actions":[{"type":"key","id":"keyboard","actions":[{"type":"keyDown","value":"î›"}]}]}
COMMAND: GET /session/700a0ab92761895b5ec9a5372f8d46fb/screenshot - {}
RESULT: {}
COMMAND: POST /session/700a0ab92761895b5ec9a5372f8d46fb/actions - {"actions":[{"type":"key","id":"keyboard","actions":[{"type":"keyDown","value":"î›"}]}]}
RESULT: {"actions":[{"type":"key","id":"keyboard","actions":[{"type":"keyDown","value":"î›"}]}]}
COMMAND: GET /session/700a0ab92761895b5ec9a5372f8d46fb/screenshot - {}
RESULT: {}
COMMAND: POST /session/700a0ab92761895b5ec9a5372f8d46fb/actions - {"actions":[{"type":"key","id":"keyboard","actions":[{"type":"keyDown","value":"î›"}]}]}
RESULT: {"actions":[{"type":"key","id":"keyboard","actions":[{"type":"keyDown","value":"î›"}]}]}
COMMAND: GET /session/700a0ab92761895b5ec9a5372f8d46fb/screenshot - {}
RESULT: {}
COMMAND: POST /session/700a0ab92761895b5ec9a5372f8d46fb/actions - {"actions":[{"type":"key","id":"keyboard","actions":[{"type":"keyDown","value":"î›"}]}]}
RESULT: {"actions":[{"type":"key","id":"keyboard","actions":[{"type":"keyDown","value":"î›"}]}]}
COMMAND: GET /session/700a0ab92761895b5ec9a5372f8d46fb/screenshot - {}
RESULT: {}
COMMAND: POST /session/700a0ab92761895b5ec9a5372f8d46fb/execute/async - {"script":"<script> [1562 bytes]","args":[{"selector":{"id":"application-manageresources-display-component---newResourceUnit--btnAddTimeSegment-img"},"wdio_ui5_key":"applicationmanageresources-display-component---newResourceUnit--btnAddTimeSegment-img"}]}
RESULT: {"script":"<script> [1562 bytes]","args":[{"selector":{"id":"application-manageresources-display-component---newResourceUnit--btnAddTimeSegment-img"},"wdio_ui5_key":"applicationmanageresources-display-component---newResourceUnit--btnAddTimeSegment-img"}]}
RESULT: undefined
COMMAND: POST /session/700a0ab92761895b5ec9a5372f8d46fb/element - {"using":"xpath","value":"//*[@id=\"application-manageresources-display-component---newResourceUnit--btnAddTimeSegment-img\"]"}
RESULT: {"using":"xpath","value":"//*[@id=\"application-manageresources-display-component---newResourceUnit--btnAddTimeSegment-img\"]"}
COMMAND: POST /session/700a0ab92761895b5ec9a5372f8d46fb/element/f.647512A71DDA687F9F591F39CAC5A62D.d.6565C2ABAFA2DE869D153C59102EF19D.e.11784/click - {}
RESULT: {}
COMMAND: POST /session/700a0ab92761895b5ec9a5372f8d46fb/element - {"using":"xpath","value":"//input[@id=\"application-manageresources-display-component---newResourceUnit--idRuTSAdmin-application-manageresources-display-component---newResourceUnit--RUTimeSegment-0-inner\"]"}
COMMAND: GET /session/700a0ab92761895b5ec9a5372f8d46fb/screenshot - {}
RESULT: {"using":"xpath","value":"//input[@id=\"application-manageresources-display-component---newResourceUnit--idRuTSAdmin-application-manageresources-display-component---newResourceUnit--RUTimeSegment-0-inner\"]"}
COMMAND: POST /session/700a0ab92761895b5ec9a5372f8d46fb/element/f.647512A71DDA687F9F591F39CAC5A62D.d.6565C2ABAFA2DE869D153C59102EF19D.e.11787/clear - {}
RESULT: {}
RESULT: {}
COMMAND: POST /session/700a0ab92761895b5ec9a5372f8d46fb/element/f.647512A71DDA687F9F591F39CAC5A62D.d.6565C2ABAFA2DE869D153C59102EF19D.e.11787/value - {"text":"795"}
COMMAND: GET /session/700a0ab92761895b5ec9a5372f8d46fb/screenshot - {}
RESULT: {"text":"795"}
COMMAND: GET /session/700a0ab92761895b5ec9a5372f8d46fb/screenshot - {}
RESULT: {}
RESULT: {}
COMMAND: POST /session/700a0ab92761895b5ec9a5372f8d46fb/actions - {"actions":[{"id":"action39","type":"key","parameters":{},"actions":[{"type":"keyDown","value":"î€‡"},{"type":"pause","duration":10},{"type":"keyUp","value":"î€‡"}]}]}
RESULT: {"actions":[{"id":"action39","type":"key","parameters":{},"actions":[{"type":"keyDown","value":"î€‡"},{"type":"pause","duration":10},{"type":"keyUp","value":"î€‡"}]}]}
COMMAND: GET /session/700a0ab92761895b5ec9a5372f8d46fb/screenshot - {}
RESULT: {}
COMMAND: POST /session/700a0ab92761895b5ec9a5372f8d46fb/execute/async - {"script":"<script> [1562 bytes]","args":[{"selector":{"controlType":"sap.m.Button","viewName":"reusables.view.manageresources.NewResourceUnit","viewId":"application-manageresources-display-component---newResourceUnit","i18NText":{"propertyName":"tooltip","key":"save"},"interaction":{"idSuffix":"BDI-content"}},"wdio_ui5_key":"reusablesview.manageresources.NewResourceUnitsap.m.Button{\"propertyName\":\"tooltip\",\"key\":\"save\"}"}]}
RESULT: {"script":"<script> [1562 bytes]","args":[{"selector":{"controlType":"sap.m.Button","viewName":"reusables.view.manageresources.NewResourceUnit","viewId":"application-manageresources-display-component---newResourceUnit","i18NText":{"propertyName":"tooltip","key":"save"},"interaction":{"idSuffix":"BDI-content"}},"wdio_ui5_key":"reusablesview.manageresources.NewResourceUnitsap.m.Button{\"propertyName\":\"tooltip\",\"key\":\"save\"}"}]}
RESULT: undefined
COMMAND: POST /session/700a0ab92761895b5ec9a5372f8d46fb/element - {"using":"xpath","value":"//*[@id=\"application-manageresources-display-component---newResourceUnit--createRuButton\"]"}
RESULT: {"using":"xpath","value":"//*[@id=\"application-manageresources-display-component---newResourceUnit--createRuButton\"]"}
COMMAND: POST /session/700a0ab92761895b5ec9a5372f8d46fb/element/f.647512A71DDA687F9F591F39CAC5A62D.d.6565C2ABAFA2DE869D153C59102EF19D.e.11720/click - {}
RESULT: {}
COMMAND: POST /session/700a0ab92761895b5ec9a5372f8d46fb/execute/async - {"script":"<script> [1562 bytes]","args":[{"selector":{"controlType":"sap.m.Button","properties":{"text":"Close"},"searchOpenDialogs":true,"interaction":{"idSuffix":"BDI-content"}},"wdio_ui5_key":"sapm.Button{\"text\":\"Close\"}"}]}
COMMAND: GET /session/700a0ab92761895b5ec9a5372f8d46fb/screenshot - {}
RESULT: {"script":"<script> [1562 bytes]","args":[{"selector":{"controlType":"sap.m.Button","properties":{"text":"Close"},"searchOpenDialogs":true,"interaction":{"idSuffix":"BDI-content"}},"wdio_ui5_key":"sapm.Button{\"text\":\"Close\"}"}]}
RESULT: undefined
COMMAND: POST /session/700a0ab92761895b5ec9a5372f8d46fb/element - {"using":"xpath","value":"//*[@id=\"__mbox-btn-0\"]"}
RESULT: {}
RESULT: {"using":"xpath","value":"//*[@id=\"__mbox-btn-0\"]"}
COMMAND: POST /session/700a0ab92761895b5ec9a5372f8d46fb/element/f.647512A71DDA687F9F591F39CAC5A62D.d.6565C2ABAFA2DE869D153C59102EF19D.e.11799/click - {}
RESULT: {}
COMMAND: GET /session/700a0ab92761895b5ec9a5372f8d46fb/screenshot - {}
RESULT: {}
COMMAND: POST /session/700a0ab92761895b5ec9a5372f8d46fb/execute/async - {"script":"<script> [1562 bytes]","args":[{"selector":{"controlType":"sap.m.Text","viewName":"etm.portal.ui.manageresources.view.Detail","viewId":"application-manageresources-display-component---detailRU","bindingPath":{"propertyPath":"ID","modelName":"catalogModel"}},"wdio_ui5_key":"etmportal.ui.manageresources.view.Detailsap.m.Text{\"propertyPath\":\"ID\",\"modelName\":\"catalogModel\"}"}]}
RESULT: {"script":"<script> [1562 bytes]","args":[{"selector":{"controlType":"sap.m.Text","viewName":"etm.portal.ui.manageresources.view.Detail","viewId":"application-manageresources-display-component---detailRU","bindingPath":{"propertyPath":"ID","modelName":"catalogModel"}},"wdio_ui5_key":"etmportal.ui.manageresources.view.Detailsap.m.Text{\"propertyPath\":\"ID\",\"modelName\":\"catalogModel\"}"}]}
RESULT: undefined
COMMAND: POST /session/700a0ab92761895b5ec9a5372f8d46fb/execute/async - {"script":"<script> [6424 bytes]","args":[{"element-6066-11e4-a52e-4f735466cecf":"f.647512A71DDA687F9F591F39CAC5A62D.d.6565C2ABAFA2DE869D153C59102EF19D.e.11829"},"getText",[]]}
RESULT: {"script":"<script> [6424 bytes]","args":[{"element-6066-11e4-a52e-4f735466cecf":"f.647512A71DDA687F9F591F39CAC5A62D.d.6565C2ABAFA2DE869D153C59102EF19D.e.11829"},"getText",[]]}
COMMAND: POST /session/700a0ab92761895b5ec9a5372f8d46fb/element - {"using":"css selector","value":"#shell-header-logo"}
RESULT: {"using":"css selector","value":"#shell-header-logo"}
COMMAND: POST /session/700a0ab92761895b5ec9a5372f8d46fb/element/f.647512A71DDA687F9F591F39CAC5A62D.d.6565C2ABAFA2DE869D153C59102EF19D.e.11359/click - {}
RESULT: {}
COMMAND: GET /session/700a0ab92761895b5ec9a5372f8d46fb/screenshot - {}
RESULT: {}
]]></system-out>
    </testcase>
    <testcase classname="chrome.135_0_7049_96.windows.Provide_to_Site_w/_warehouse_management_w/o_clarification_US113782_" name="Bin Status Report Should Create New Organization yard" time="48.643">
      <system-out><![CDATA[
COMMAND: POST /session/700a0ab92761895b5ec9a5372f8d46fb/execute/async - {"script":"<script> [1562 bytes]","args":[{"selector":{"controlType":"sap.m.GenericTile","properties":{"header":"Bin Status Report"}},"wdio_ui5_key":"sapm.GenericTile{\"header\":\"Bin Status Report\"}"}]}
RESULT: {"script":"<script> [1562 bytes]","args":[{"selector":{"controlType":"sap.m.GenericTile","properties":{"header":"Bin Status Report"}},"wdio_ui5_key":"sapm.GenericTile{\"header\":\"Bin Status Report\"}"}]}
RESULT: undefined
COMMAND: POST /session/700a0ab92761895b5ec9a5372f8d46fb/element - {"using":"xpath","value":"//*[@id=\"__tile104\"]"}
RESULT: {"using":"xpath","value":"//*[@id=\"__tile104\"]"}
COMMAND: POST /session/700a0ab92761895b5ec9a5372f8d46fb/element/f.647512A71DDA687F9F591F39CAC5A62D.d.6565C2ABAFA2DE869D153C59102EF19D.e.11831/click - {}
RESULT: {}
COMMAND: GET /session/700a0ab92761895b5ec9a5372f8d46fb/screenshot - {}
RESULT: {}
COMMAND: POST /session/700a0ab92761895b5ec9a5372f8d46fb/execute/async - {"script":"<script> [1562 bytes]","args":[{"selector":{"id":"application-binstatusreport-display-component---warehousing--createOrgBtn","interaction":{"idSuffix":"content"}},"wdio_ui5_key":"applicationbinstatusreport-display-component---warehousing--createOrgBtn"}]}
RESULT: {"script":"<script> [1562 bytes]","args":[{"selector":{"id":"application-binstatusreport-display-component---warehousing--createOrgBtn","interaction":{"idSuffix":"content"}},"wdio_ui5_key":"applicationbinstatusreport-display-component---warehousing--createOrgBtn"}]}
RESULT: undefined
COMMAND: POST /session/700a0ab92761895b5ec9a5372f8d46fb/element - {"using":"xpath","value":"//*[@id=\"application-binstatusreport-display-component---warehousing--createOrgBtn\"]"}
RESULT: {"using":"xpath","value":"//*[@id=\"application-binstatusreport-display-component---warehousing--createOrgBtn\"]"}
COMMAND: POST /session/700a0ab92761895b5ec9a5372f8d46fb/element/f.647512A71DDA687F9F591F39CAC5A62D.d.6565C2ABAFA2DE869D153C59102EF19D.e.11862/click - {}
RESULT: {}
COMMAND: POST /session/700a0ab92761895b5ec9a5372f8d46fb/execute/async - {"script":"<script> [1562 bytes]","args":[{"selector":{"id":"createOrganizationPop--sectionInput","searchOpenDialogs":true,"interaction":{"idSuffix":"inner"}},"wdio_ui5_key":"createOrganizationPopsectionInput"}]}
COMMAND: GET /session/700a0ab92761895b5ec9a5372f8d46fb/screenshot - {}
RESULT: {"script":"<script> [1562 bytes]","args":[{"selector":{"id":"createOrganizationPop--sectionInput","searchOpenDialogs":true,"interaction":{"idSuffix":"inner"}},"wdio_ui5_key":"createOrganizationPopsectionInput"}]}
RESULT: undefined
COMMAND: POST /session/700a0ab92761895b5ec9a5372f8d46fb/execute/async - {"script":"<script> [776 bytes]","args":[{"enterText":"WDI795","selector":{"id":"createOrganizationPop--sectionInput","searchOpenDialogs":true,"interaction":{"idSuffix":"inner"}},"clearTextFirst":true,"interactionType":"ENTER_TEXT"}]}
RESULT: {}
RESULT: {"script":"<script> [776 bytes]","args":[{"enterText":"WDI795","selector":{"id":"createOrganizationPop--sectionInput","searchOpenDialogs":true,"interaction":{"idSuffix":"inner"}},"clearTextFirst":true,"interactionType":"ENTER_TEXT"}]}
COMMAND: POST /session/700a0ab92761895b5ec9a5372f8d46fb/execute/async - {"script":"<script> [1562 bytes]","args":[{"selector":{"id":"createOrganizationPop--descriptionInput","searchOpenDialogs":true,"interaction":{"idSuffix":"inner"}},"wdio_ui5_key":"createOrganizationPopdescriptionInput"}]}
RESULT: {"script":"<script> [1562 bytes]","args":[{"selector":{"id":"createOrganizationPop--descriptionInput","searchOpenDialogs":true,"interaction":{"idSuffix":"inner"}},"wdio_ui5_key":"createOrganizationPopdescriptionInput"}]}
RESULT: undefined
COMMAND: POST /session/700a0ab92761895b5ec9a5372f8d46fb/execute/async - {"script":"<script> [776 bytes]","args":[{"enterText":"Shipping795","selector":{"id":"createOrganizationPop--descriptionInput","searchOpenDialogs":true,"interaction":{"idSuffix":"inner"}},"clearTextFirst":true,"interactionType":"ENTER_TEXT"}]}
RESULT: {"script":"<script> [776 bytes]","args":[{"enterText":"Shipping795","selector":{"id":"createOrganizationPop--descriptionInput","searchOpenDialogs":true,"interaction":{"idSuffix":"inner"}},"clearTextFirst":true,"interactionType":"ENTER_TEXT"}]}
COMMAND: POST /session/700a0ab92761895b5ec9a5372f8d46fb/element - {"using":"css selector","value":"#createOrganizationPop--yardOrg-inner"}
RESULT: {"using":"css selector","value":"#createOrganizationPop--yardOrg-inner"}
COMMAND: POST /session/700a0ab92761895b5ec9a5372f8d46fb/element/f.647512A71DDA687F9F591F39CAC5A62D.d.6565C2ABAFA2DE869D153C59102EF19D.e.11905/clear - {}
RESULT: {}
COMMAND: POST /session/700a0ab92761895b5ec9a5372f8d46fb/element/f.647512A71DDA687F9F591F39CAC5A62D.d.6565C2ABAFA2DE869D153C59102EF19D.e.11905/value - {"text":"795"}
COMMAND: GET /session/700a0ab92761895b5ec9a5372f8d46fb/screenshot - {}
RESULT: {"text":"795"}
COMMAND: GET /session/700a0ab92761895b5ec9a5372f8d46fb/screenshot - {}
RESULT: {}
RESULT: {}
COMMAND: POST /session/700a0ab92761895b5ec9a5372f8d46fb/actions - {"actions":[{"id":"action40","type":"key","parameters":{},"actions":[{"type":"keyDown","value":"î€‡"},{"type":"pause","duration":10},{"type":"keyUp","value":"î€‡"}]}]}
RESULT: {"actions":[{"id":"action40","type":"key","parameters":{},"actions":[{"type":"keyDown","value":"î€‡"},{"type":"pause","duration":10},{"type":"keyUp","value":"î€‡"}]}]}
COMMAND: POST /session/700a0ab92761895b5ec9a5372f8d46fb/execute/async - {"script":"<script> [1562 bytes]","args":[{"selector":{"id":"createOrganizationPop--grZone","searchOpenDialogs":true,"interaction":{"idSuffix":"CbBg"}},"wdio_ui5_key":"createOrganizationPopgrZone"}]}
COMMAND: GET /session/700a0ab92761895b5ec9a5372f8d46fb/screenshot - {}
RESULT: {"script":"<script> [1562 bytes]","args":[{"selector":{"id":"createOrganizationPop--grZone","searchOpenDialogs":true,"interaction":{"idSuffix":"CbBg"}},"wdio_ui5_key":"createOrganizationPopgrZone"}]}
RESULT: undefined
COMMAND: POST /session/700a0ab92761895b5ec9a5372f8d46fb/element - {"using":"xpath","value":"//*[@id=\"createOrganizationPop--grZone\"]"}
RESULT: {}
RESULT: {"using":"xpath","value":"//*[@id=\"createOrganizationPop--grZone\"]"}
COMMAND: POST /session/700a0ab92761895b5ec9a5372f8d46fb/element/f.647512A71DDA687F9F591F39CAC5A62D.d.6565C2ABAFA2DE869D153C59102EF19D.e.11926/click - {}
RESULT: {}
COMMAND: POST /session/700a0ab92761895b5ec9a5372f8d46fb/execute/async - {"script":"<script> [1562 bytes]","args":[{"selector":{"id":"createOrganizationPop--giZone","searchOpenDialogs":true,"interaction":{"idSuffix":"CbBg"}},"wdio_ui5_key":"createOrganizationPopgiZone"}]}
COMMAND: GET /session/700a0ab92761895b5ec9a5372f8d46fb/screenshot - {}
RESULT: {"script":"<script> [1562 bytes]","args":[{"selector":{"id":"createOrganizationPop--giZone","searchOpenDialogs":true,"interaction":{"idSuffix":"CbBg"}},"wdio_ui5_key":"createOrganizationPopgiZone"}]}
RESULT: undefined
COMMAND: POST /session/700a0ab92761895b5ec9a5372f8d46fb/element - {"using":"xpath","value":"//*[@id=\"createOrganizationPop--giZone\"]"}
RESULT: {}
RESULT: {"using":"xpath","value":"//*[@id=\"createOrganizationPop--giZone\"]"}
COMMAND: POST /session/700a0ab92761895b5ec9a5372f8d46fb/element/f.647512A71DDA687F9F591F39CAC5A62D.d.6565C2ABAFA2DE869D153C59102EF19D.e.11928/click - {}
RESULT: {}
COMMAND: POST /session/700a0ab92761895b5ec9a5372f8d46fb/execute/async - {"script":"<script> [1562 bytes]","args":[{"selector":{"id":"createOrganizationPop--binNoInput","searchOpenDialogs":true,"interaction":{"idSuffix":"inner"}},"wdio_ui5_key":"createOrganizationPopbinNoInput"}]}
COMMAND: GET /session/700a0ab92761895b5ec9a5372f8d46fb/screenshot - {}
RESULT: {"script":"<script> [1562 bytes]","args":[{"selector":{"id":"createOrganizationPop--binNoInput","searchOpenDialogs":true,"interaction":{"idSuffix":"inner"}},"wdio_ui5_key":"createOrganizationPopbinNoInput"}]}
RESULT: undefined
COMMAND: POST /session/700a0ab92761895b5ec9a5372f8d46fb/execute/async - {"script":"<script> [776 bytes]","args":[{"enterText":"Bin-Wd","selector":{"id":"createOrganizationPop--binNoInput","searchOpenDialogs":true,"interaction":{"idSuffix":"inner"}},"clearTextFirst":true,"interactionType":"ENTER_TEXT"}]}
RESULT: {}
RESULT: {"script":"<script> [776 bytes]","args":[{"enterText":"Bin-Wd","selector":{"id":"createOrganizationPop--binNoInput","searchOpenDialogs":true,"interaction":{"idSuffix":"inner"}},"clearTextFirst":true,"interactionType":"ENTER_TEXT"}]}
COMMAND: POST /session/700a0ab92761895b5ec9a5372f8d46fb/execute/async - {"script":"<script> [1562 bytes]","args":[{"selector":{"id":"createOrganizationPop--descriptionId","searchOpenDialogs":true,"interaction":{"idSuffix":"inner"}},"wdio_ui5_key":"createOrganizationPopdescriptionId"}]}
RESULT: {"script":"<script> [1562 bytes]","args":[{"selector":{"id":"createOrganizationPop--descriptionId","searchOpenDialogs":true,"interaction":{"idSuffix":"inner"}},"wdio_ui5_key":"createOrganizationPopdescriptionId"}]}
RESULT: undefined
COMMAND: POST /session/700a0ab92761895b5ec9a5372f8d46fb/execute/async - {"script":"<script> [776 bytes]","args":[{"enterText":"Shipping-Wd","selector":{"id":"createOrganizationPop--descriptionId","searchOpenDialogs":true,"interaction":{"idSuffix":"inner"}},"clearTextFirst":true,"interactionType":"ENTER_TEXT"}]}
RESULT: {"script":"<script> [776 bytes]","args":[{"enterText":"Shipping-Wd","selector":{"id":"createOrganizationPop--descriptionId","searchOpenDialogs":true,"interaction":{"idSuffix":"inner"}},"clearTextFirst":true,"interactionType":"ENTER_TEXT"}]}
COMMAND: POST /session/700a0ab92761895b5ec9a5372f8d46fb/execute/async - {"script":"<script> [1562 bytes]","args":[{"selector":{"controlType":"sap.m.CheckBox","viewName":"etm.portal.ui.binstatusreport.view.MasterWareBins","viewId":"application-binstatusreport-display-component---warehousing","bindingPath":{"path":"","propertyPath":"/ZONE","modelName":"newBin"},"searchOpenDialogs":true,"interaction":{"idSuffix":"CbBg"}},"wdio_ui5_key":"etmportal.ui.binstatusreport.view.MasterWareBinssap.m.CheckBox{\"path\":\"\",\"propertyPath\":\"/ZONE\",\"modelName\":\"newBin\"}"}]}
RESULT: {"script":"<script> [1562 bytes]","args":[{"selector":{"controlType":"sap.m.CheckBox","viewName":"etm.portal.ui.binstatusreport.view.MasterWareBins","viewId":"application-binstatusreport-display-component---warehousing","bindingPath":{"path":"","propertyPath":"/ZONE","modelName":"newBin"},"searchOpenDialogs":true,"interaction":{"idSuffix":"CbBg"}},"wdio_ui5_key":"etmportal.ui.binstatusreport.view.MasterWareBinssap.m.CheckBox{\"path\":\"\",\"propertyPath\":\"/ZONE\",\"modelName\":\"newBin\"}"}]}
RESULT: undefined
COMMAND: POST /session/700a0ab92761895b5ec9a5372f8d46fb/element - {"using":"xpath","value":"//*[@id=\"__box56\"]"}
RESULT: {"using":"xpath","value":"//*[@id=\"__box56\"]"}
COMMAND: POST /session/700a0ab92761895b5ec9a5372f8d46fb/element/f.647512A71DDA687F9F591F39CAC5A62D.d.6565C2ABAFA2DE869D153C59102EF19D.e.11932/click - {}
RESULT: {}
COMMAND: POST /session/700a0ab92761895b5ec9a5372f8d46fb/execute/async - {"script":"<script> [1562 bytes]","args":[{"selector":{"id":"createOrganizationPop--binTypesCB","searchOpenDialogs":true,"interaction":{"idSuffix":"inner"}},"wdio_ui5_key":"createOrganizationPopbinTypesCB"}]}
COMMAND: GET /session/700a0ab92761895b5ec9a5372f8d46fb/screenshot - {}
RESULT: {"script":"<script> [1562 bytes]","args":[{"selector":{"id":"createOrganizationPop--binTypesCB","searchOpenDialogs":true,"interaction":{"idSuffix":"inner"}},"wdio_ui5_key":"createOrganizationPopbinTypesCB"}]}
RESULT: undefined
COMMAND: POST /session/700a0ab92761895b5ec9a5372f8d46fb/execute/async - {"script":"<script> [776 bytes]","args":[{"enterText":"1 - General / No capacity check","selector":{"id":"createOrganizationPop--binTypesCB","searchOpenDialogs":true,"interaction":{"idSuffix":"inner"}},"clearTextFirst":true,"interactionType":"ENTER_TEXT"}]}
RESULT: {}
RESULT: {"script":"<script> [776 bytes]","args":[{"enterText":"1 - General / No capacity check","selector":{"id":"createOrganizationPop--binTypesCB","searchOpenDialogs":true,"interaction":{"idSuffix":"inner"}},"clearTextFirst":true,"interactionType":"ENTER_TEXT"}]}
COMMAND: POST /session/700a0ab92761895b5ec9a5372f8d46fb/actions - {"actions":[{"id":"action41","type":"key","parameters":{},"actions":[{"type":"keyDown","value":"î€‡"},{"type":"pause","duration":10},{"type":"keyUp","value":"î€‡"}]}]}
RESULT: {"actions":[{"id":"action41","type":"key","parameters":{},"actions":[{"type":"keyDown","value":"î€‡"},{"type":"pause","duration":10},{"type":"keyUp","value":"î€‡"}]}]}
COMMAND: GET /session/700a0ab92761895b5ec9a5372f8d46fb/screenshot - {}
RESULT: {}
COMMAND: POST /session/700a0ab92761895b5ec9a5372f8d46fb/execute/async - {"script":"<script> [1562 bytes]","args":[{"selector":{"id":"createOrganizationPop--finishBtn","searchOpenDialogs":true,"interaction":{"idSuffix":"BDI-content"}},"wdio_ui5_key":"createOrganizationPopfinishBtn"}]}
RESULT: {"script":"<script> [1562 bytes]","args":[{"selector":{"id":"createOrganizationPop--finishBtn","searchOpenDialogs":true,"interaction":{"idSuffix":"BDI-content"}},"wdio_ui5_key":"createOrganizationPopfinishBtn"}]}
RESULT: undefined
COMMAND: POST /session/700a0ab92761895b5ec9a5372f8d46fb/element - {"using":"xpath","value":"//*[@id=\"createOrganizationPop--finishBtn\"]"}
RESULT: {"using":"xpath","value":"//*[@id=\"createOrganizationPop--finishBtn\"]"}
COMMAND: POST /session/700a0ab92761895b5ec9a5372f8d46fb/element/f.647512A71DDA687F9F591F39CAC5A62D.d.6565C2ABAFA2DE869D153C59102EF19D.e.11935/click - {}
RESULT: {}
]]></system-out>
    </testcase>
    <testcase classname="chrome.135_0_7049_96.windows.Provide_to_Site_w/_warehouse_management_w/o_clarification_US113782_" name="Bin Status Report Should Create New Organization for Site" time="36.61">
      <system-out><![CDATA[
COMMAND: GET /session/700a0ab92761895b5ec9a5372f8d46fb/screenshot - {}
RESULT: {}
RESULT: undefined
COMMAND: POST /session/700a0ab92761895b5ec9a5372f8d46fb/element - {"using":"xpath","value":"//*[@id=\"application-binstatusreport-display-component---warehousing--createOrgBtn\"]"}
RESULT: {"using":"xpath","value":"//*[@id=\"application-binstatusreport-display-component---warehousing--createOrgBtn\"]"}
COMMAND: POST /session/700a0ab92761895b5ec9a5372f8d46fb/element/f.647512A71DDA687F9F591F39CAC5A62D.d.6565C2ABAFA2DE869D153C59102EF19D.e.11862/click - {}
RESULT: {}
RESULT: undefined
COMMAND: POST /session/700a0ab92761895b5ec9a5372f8d46fb/execute/async - {"script":"<script> [776 bytes]","args":[{"enterText":"2593","selector":{"id":"createOrganizationPop--sectionInput","searchOpenDialogs":true,"interaction":{"idSuffix":"inner"}},"clearTextFirst":true,"interactionType":"ENTER_TEXT"}]}
COMMAND: GET /session/700a0ab92761895b5ec9a5372f8d46fb/screenshot - {}
RESULT: {"script":"<script> [776 bytes]","args":[{"enterText":"2593","selector":{"id":"createOrganizationPop--sectionInput","searchOpenDialogs":true,"interaction":{"idSuffix":"inner"}},"clearTextFirst":true,"interactionType":"ENTER_TEXT"}]}
RESULT: undefined
COMMAND: POST /session/700a0ab92761895b5ec9a5372f8d46fb/execute/async - {"script":"<script> [776 bytes]","args":[{"enterText":"WDI2593","selector":{"id":"createOrganizationPop--descriptionInput","searchOpenDialogs":true,"interaction":{"idSuffix":"inner"}},"clearTextFirst":true,"interactionType":"ENTER_TEXT"}]}
RESULT: {}
RESULT: {"script":"<script> [776 bytes]","args":[{"enterText":"WDI2593","selector":{"id":"createOrganizationPop--descriptionInput","searchOpenDialogs":true,"interaction":{"idSuffix":"inner"}},"clearTextFirst":true,"interactionType":"ENTER_TEXT"}]}
COMMAND: POST /session/700a0ab92761895b5ec9a5372f8d46fb/element - {"using":"css selector","value":"#createOrganizationPop--siteOrg-inner"}
RESULT: {"using":"css selector","value":"#createOrganizationPop--siteOrg-inner"}
COMMAND: POST /session/700a0ab92761895b5ec9a5372f8d46fb/element/f.647512A71DDA687F9F591F39CAC5A62D.d.6565C2ABAFA2DE869D153C59102EF19D.e.11941/clear - {}
RESULT: {}
COMMAND: POST /session/700a0ab92761895b5ec9a5372f8d46fb/element/f.647512A71DDA687F9F591F39CAC5A62D.d.6565C2ABAFA2DE869D153C59102EF19D.e.11941/value - {"text":"2593"}
COMMAND: GET /session/700a0ab92761895b5ec9a5372f8d46fb/screenshot - {}
RESULT: {"text":"2593"}
COMMAND: GET /session/700a0ab92761895b5ec9a5372f8d46fb/screenshot - {}
RESULT: {}
RESULT: {}
COMMAND: POST /session/700a0ab92761895b5ec9a5372f8d46fb/actions - {"actions":[{"id":"action42","type":"key","parameters":{},"actions":[{"type":"keyDown","value":"î€‡"},{"type":"pause","duration":10},{"type":"keyUp","value":"î€‡"}]}]}
RESULT: {"actions":[{"id":"action42","type":"key","parameters":{},"actions":[{"type":"keyDown","value":"î€‡"},{"type":"pause","duration":10},{"type":"keyUp","value":"î€‡"}]}]}
RESULT: undefined
COMMAND: POST /session/700a0ab92761895b5ec9a5372f8d46fb/element - {"using":"xpath","value":"//*[@id=\"createOrganizationPop--giZone\"]"}
COMMAND: GET /session/700a0ab92761895b5ec9a5372f8d46fb/screenshot - {}
RESULT: {"using":"xpath","value":"//*[@id=\"createOrganizationPop--giZone\"]"}
COMMAND: POST /session/700a0ab92761895b5ec9a5372f8d46fb/element/f.647512A71DDA687F9F591F39CAC5A62D.d.6565C2ABAFA2DE869D153C59102EF19D.e.11959/click - {}
RESULT: {}
RESULT: {}
RESULT: undefined
COMMAND: POST /session/700a0ab92761895b5ec9a5372f8d46fb/execute/async - {"script":"<script> [776 bytes]","args":[{"enterText":"WD-BIN","selector":{"id":"createOrganizationPop--binNoInput","searchOpenDialogs":true,"interaction":{"idSuffix":"inner"}},"clearTextFirst":true,"interactionType":"ENTER_TEXT"}]}
COMMAND: GET /session/700a0ab92761895b5ec9a5372f8d46fb/screenshot - {}
RESULT: {"script":"<script> [776 bytes]","args":[{"enterText":"WD-BIN","selector":{"id":"createOrganizationPop--binNoInput","searchOpenDialogs":true,"interaction":{"idSuffix":"inner"}},"clearTextFirst":true,"interactionType":"ENTER_TEXT"}]}
RESULT: undefined
COMMAND: POST /session/700a0ab92761895b5ec9a5372f8d46fb/execute/async - {"script":"<script> [776 bytes]","args":[{"enterText":"WD-BIN","selector":{"id":"createOrganizationPop--descriptionId","searchOpenDialogs":true,"interaction":{"idSuffix":"inner"}},"clearTextFirst":true,"interactionType":"ENTER_TEXT"}]}
RESULT: {}
RESULT: {"script":"<script> [776 bytes]","args":[{"enterText":"WD-BIN","selector":{"id":"createOrganizationPop--descriptionId","searchOpenDialogs":true,"interaction":{"idSuffix":"inner"}},"clearTextFirst":true,"interactionType":"ENTER_TEXT"}]}
COMMAND: POST /session/700a0ab92761895b5ec9a5372f8d46fb/execute/async - {"script":"<script> [1562 bytes]","args":[{"selector":{"controlType":"sap.m.CheckBox","viewName":"etm.portal.ui.binstatusreport.view.MasterWareBins","viewId":"application-binstatusreport-display-component---warehousing","bindingPath":{"propertyPath":"/ZONE","modelName":"newBin"},"searchOpenDialogs":true,"interaction":{"idSuffix":"CbBg"}},"wdio_ui5_key":"etmportal.ui.binstatusreport.view.MasterWareBinssap.m.CheckBox{\"propertyPath\":\"/ZONE\",\"modelName\":\"newBin\"}"}]}
RESULT: {"script":"<script> [1562 bytes]","args":[{"selector":{"controlType":"sap.m.CheckBox","viewName":"etm.portal.ui.binstatusreport.view.MasterWareBins","viewId":"application-binstatusreport-display-component---warehousing","bindingPath":{"propertyPath":"/ZONE","modelName":"newBin"},"searchOpenDialogs":true,"interaction":{"idSuffix":"CbBg"}},"wdio_ui5_key":"etmportal.ui.binstatusreport.view.MasterWareBinssap.m.CheckBox{\"propertyPath\":\"/ZONE\",\"modelName\":\"newBin\"}"}]}
RESULT: undefined
COMMAND: POST /session/700a0ab92761895b5ec9a5372f8d46fb/element - {"using":"xpath","value":"//*[@id=\"__box59\"]"}
RESULT: {"using":"xpath","value":"//*[@id=\"__box59\"]"}
COMMAND: POST /session/700a0ab92761895b5ec9a5372f8d46fb/element/f.647512A71DDA687F9F591F39CAC5A62D.d.6565C2ABAFA2DE869D153C59102EF19D.e.11961/click - {}
RESULT: {}
COMMAND: GET /session/700a0ab92761895b5ec9a5372f8d46fb/screenshot - {}
RESULT: {}
RESULT: undefined
COMMAND: POST /session/700a0ab92761895b5ec9a5372f8d46fb/execute/async - {"script":"<script> [776 bytes]","args":[{"enterText":"1 - General / No capacity check","selector":{"id":"createOrganizationPop--binTypesCB","searchOpenDialogs":true,"interaction":{"idSuffix":"inner"}},"clearTextFirst":true,"interactionType":"ENTER_TEXT"}]}
RESULT: {"script":"<script> [776 bytes]","args":[{"enterText":"1 - General / No capacity check","selector":{"id":"createOrganizationPop--binTypesCB","searchOpenDialogs":true,"interaction":{"idSuffix":"inner"}},"clearTextFirst":true,"interactionType":"ENTER_TEXT"}]}
COMMAND: POST /session/700a0ab92761895b5ec9a5372f8d46fb/execute/async - {"script":"<script> [1562 bytes]","args":[{"selector":{"id":"createOrganizationPop--capacityId","searchOpenDialogs":true,"interaction":{"idSuffix":"inner"}},"wdio_ui5_key":"createOrganizationPopcapacityId"}]}
RESULT: {"script":"<script> [1562 bytes]","args":[{"selector":{"id":"createOrganizationPop--capacityId","searchOpenDialogs":true,"interaction":{"idSuffix":"inner"}},"wdio_ui5_key":"createOrganizationPopcapacityId"}]}
RESULT: undefined
COMMAND: POST /session/700a0ab92761895b5ec9a5372f8d46fb/actions - {"actions":[{"id":"action43","type":"key","parameters":{},"actions":[{"type":"keyDown","value":"î€‡"},{"type":"pause","duration":10},{"type":"keyUp","value":"î€‡"}]}]}
RESULT: {"actions":[{"id":"action43","type":"key","parameters":{},"actions":[{"type":"keyDown","value":"î€‡"},{"type":"pause","duration":10},{"type":"keyUp","value":"î€‡"}]}]}
COMMAND: GET /session/700a0ab92761895b5ec9a5372f8d46fb/screenshot - {}
RESULT: {}
RESULT: undefined
COMMAND: POST /session/700a0ab92761895b5ec9a5372f8d46fb/element - {"using":"xpath","value":"//*[@id=\"createOrganizationPop--finishBtn\"]"}
RESULT: {"using":"xpath","value":"//*[@id=\"createOrganizationPop--finishBtn\"]"}
COMMAND: POST /session/700a0ab92761895b5ec9a5372f8d46fb/element/f.647512A71DDA687F9F591F39CAC5A62D.d.6565C2ABAFA2DE869D153C59102EF19D.e.11962/click - {}
RESULT: {}
COMMAND: POST /session/700a0ab92761895b5ec9a5372f8d46fb/element - {"using":"css selector","value":"#shell-header-logo"}
COMMAND: GET /session/700a0ab92761895b5ec9a5372f8d46fb/screenshot - {}
RESULT: {"using":"css selector","value":"#shell-header-logo"}
COMMAND: POST /session/700a0ab92761895b5ec9a5372f8d46fb/element/f.647512A71DDA687F9F591F39CAC5A62D.d.6565C2ABAFA2DE869D153C59102EF19D.e.11837/click - {}
RESULT: {}
RESULT: {}
]]></system-out>
    </testcase>
  </testsuite>
  <testsuite timestamp="2025-04-24T16:53:44" time="468.125" tests="5" failures="0" errors="0" skipped="0">
    <properties>
      <property name="specId" value="0" />
      <property name="suiteName" value="Provide to Site w/ warehouse management wo clarification" />
      <property name="capabilities" value="chrome.135_0_7049_96.windows" />
      <property name="file" value="file:///D:/a/1/s/test/specs/HTR/provide-to-site-w-warehouse-wo-clarification.spec.js" />
    </properties>
    <testcase classname="chrome.135_0_7049_96.windows.Provide_to_Site_w/_warehouse_management_wo_clarification" name="Should do a stock increase handover" time="73.118">
      <system-out><![CDATA[
COMMAND: GET /session/700a0ab92761895b5ec9a5372f8d46fb/screenshot - {}
COMMAND: POST /session/700a0ab92761895b5ec9a5372f8d46fb/execute/async - {"script":"<script> [1562 bytes]","args":[{"selector":{"controlType":"sap.m.GenericTile","properties":{"header":"Manage Handovers"}},"wdio_ui5_key":"sapm.GenericTile{\"header\":\"Manage Handovers\"}"}]}
RESULT: {}
RESULT: {"script":"<script> [1562 bytes]","args":[{"selector":{"controlType":"sap.m.GenericTile","properties":{"header":"Manage Handovers"}},"wdio_ui5_key":"sapm.GenericTile{\"header\":\"Manage Handovers\"}"}]}
RESULT: undefined
COMMAND: POST /session/700a0ab92761895b5ec9a5372f8d46fb/element - {"using":"xpath","value":"//*[@id=\"__tile132\"]"}
RESULT: {"using":"xpath","value":"//*[@id=\"__tile132\"]"}
COMMAND: POST /session/700a0ab92761895b5ec9a5372f8d46fb/element/f.647512A71DDA687F9F591F39CAC5A62D.d.6565C2ABAFA2DE869D153C59102EF19D.e.11968/click - {}
RESULT: {}
COMMAND: GET /session/700a0ab92761895b5ec9a5372f8d46fb/screenshot - {}
RESULT: {}
COMMAND: POST /session/700a0ab92761895b5ec9a5372f8d46fb/element - {"using":"xpath","value":"//button[(@data-kt = 'masterHOAddButton')]"}
RESULT: {"using":"xpath","value":"//button[(@data-kt = 'masterHOAddButton')]"}
COMMAND: POST /session/700a0ab92761895b5ec9a5372f8d46fb/elements - {"using":"xpath","value":"//button[(@data-kt = 'masterHOAddButton')]"}
RESULT: {"using":"xpath","value":"//button[(@data-kt = 'masterHOAddButton')]"}
COMMAND: POST /session/700a0ab92761895b5ec9a5372f8d46fb/elements - {"using":"xpath","value":"//button[(@data-kt = 'masterHOAddButton')]"}
RESULT: {"using":"xpath","value":"//button[(@data-kt = 'masterHOAddButton')]"}
COMMAND: POST /session/700a0ab92761895b5ec9a5372f8d46fb/elements - {"using":"xpath","value":"//button[(@data-kt = 'masterHOAddButton')]"}
RESULT: {"using":"xpath","value":"//button[(@data-kt = 'masterHOAddButton')]"}
COMMAND: POST /session/700a0ab92761895b5ec9a5372f8d46fb/elements - {"using":"xpath","value":"//button[(@data-kt = 'masterHOAddButton')]"}
RESULT: {"using":"xpath","value":"//button[(@data-kt = 'masterHOAddButton')]"}
COMMAND: POST /session/700a0ab92761895b5ec9a5372f8d46fb/elements - {"using":"xpath","value":"//button[(@data-kt = 'masterHOAddButton')]"}
RESULT: {"using":"xpath","value":"//button[(@data-kt = 'masterHOAddButton')]"}
COMMAND: POST /session/700a0ab92761895b5ec9a5372f8d46fb/elements - {"using":"xpath","value":"//button[(@data-kt = 'masterHOAddButton')]"}
RESULT: {"using":"xpath","value":"//button[(@data-kt = 'masterHOAddButton')]"}
COMMAND: POST /session/700a0ab92761895b5ec9a5372f8d46fb/element - {"using":"xpath","value":"//button[(@data-kt = 'masterHOAddButton')]"}
RESULT: {"using":"xpath","value":"//button[(@data-kt = 'masterHOAddButton')]"}
COMMAND: POST /session/700a0ab92761895b5ec9a5372f8d46fb/element/f.647512A71DDA687F9F591F39CAC5A62D.d.6565C2ABAFA2DE869D153C59102EF19D.e.11999/click - {}
RESULT: {}
COMMAND: POST /session/700a0ab92761895b5ec9a5372f8d46fb/element - {"using":"css selector","value":"span[id=\"application-managehandovers-display-component---AddNewHO--typeSelect-label\"]"}
COMMAND: GET /session/700a0ab92761895b5ec9a5372f8d46fb/screenshot - {}
RESULT: {"using":"css selector","value":"span[id=\"application-managehandovers-display-component---AddNewHO--typeSelect-label\"]"}
COMMAND: POST /session/700a0ab92761895b5ec9a5372f8d46fb/elements - {"using":"css selector","value":"span[id=\"application-managehandovers-display-component---AddNewHO--typeSelect-label\"]"}
RESULT: {}
RESULT: {"using":"css selector","value":"span[id=\"application-managehandovers-display-component---AddNewHO--typeSelect-label\"]"}
COMMAND: POST /session/700a0ab92761895b5ec9a5372f8d46fb/elements - {"using":"css selector","value":"span[id=\"application-managehandovers-display-component---AddNewHO--typeSelect-label\"]"}
RESULT: {"using":"css selector","value":"span[id=\"application-managehandovers-display-component---AddNewHO--typeSelect-label\"]"}
COMMAND: POST /session/700a0ab92761895b5ec9a5372f8d46fb/element - {"using":"css selector","value":"span[id=\"application-managehandovers-display-component---AddNewHO--typeSelect-label\"]"}
RESULT: {"using":"css selector","value":"span[id=\"application-managehandovers-display-component---AddNewHO--typeSelect-label\"]"}
COMMAND: POST /session/700a0ab92761895b5ec9a5372f8d46fb/element/f.647512A71DDA687F9F591F39CAC5A62D.d.6565C2ABAFA2DE869D153C59102EF19D.e.12157/click - {}
RESULT: {}
COMMAND: POST /session/700a0ab92761895b5ec9a5372f8d46fb/element - {"using":"css selector","value":"#application-managehandovers-display-component---AddNewHO--oneStep-CB"}
COMMAND: GET /session/700a0ab92761895b5ec9a5372f8d46fb/screenshot - {}
RESULT: {"using":"css selector","value":"#application-managehandovers-display-component---AddNewHO--oneStep-CB"}
COMMAND: GET /session/700a0ab92761895b5ec9a5372f8d46fb/element/f.647512A71DDA687F9F591F39CAC5A62D.d.6565C2ABAFA2DE869D153C59102EF19D.e.12137/selected - {}
RESULT: {}
RESULT: {}
COMMAND: POST /session/700a0ab92761895b5ec9a5372f8d46fb/element - {"using":"xpath","value":"//li[contains(text(), \"stock increase yard\")]"}
COMMAND: GET /session/700a0ab92761895b5ec9a5372f8d46fb/screenshot - {}
RESULT: {"using":"xpath","value":"//li[contains(text(), \"stock increase yard\")]"}
COMMAND: POST /session/700a0ab92761895b5ec9a5372f8d46fb/element/f.647512A71DDA687F9F591F39CAC5A62D.d.6565C2ABAFA2DE869D153C59102EF19D.e.12158/click - {}
RESULT: {}
RESULT: {}
COMMAND: GET /session/700a0ab92761895b5ec9a5372f8d46fb/screenshot - {}
RESULT: {}
COMMAND: POST /session/700a0ab92761895b5ec9a5372f8d46fb/element - {"using":"css selector","value":"input[id=\"generalSectionFrg--receiveYard-inner\"]"}
RESULT: {"using":"css selector","value":"input[id=\"generalSectionFrg--receiveYard-inner\"]"}
COMMAND: POST /session/700a0ab92761895b5ec9a5372f8d46fb/element/f.647512A71DDA687F9F591F39CAC5A62D.d.6565C2ABAFA2DE869D153C59102EF19D.e.12166/clear - {}
RESULT: {}
COMMAND: POST /session/700a0ab92761895b5ec9a5372f8d46fb/element/f.647512A71DDA687F9F591F39CAC5A62D.d.6565C2ABAFA2DE869D153C59102EF19D.e.12166/value - {"text":"795"}
COMMAND: GET /session/700a0ab92761895b5ec9a5372f8d46fb/screenshot - {}
RESULT: {"text":"795"}
COMMAND: GET /session/700a0ab92761895b5ec9a5372f8d46fb/screenshot - {}
RESULT: {}
RESULT: {}
COMMAND: POST /session/700a0ab92761895b5ec9a5372f8d46fb/element - {"using":"css selector","value":"#application-managehandovers-display-component---AddNewHO--dueDate-inner"}
RESULT: {"using":"css selector","value":"#application-managehandovers-display-component---AddNewHO--dueDate-inner"}
COMMAND: POST /session/700a0ab92761895b5ec9a5372f8d46fb/element/f.647512A71DDA687F9F591F39CAC5A62D.d.6565C2ABAFA2DE869D153C59102EF19D.e.12160/clear - {}
RESULT: {}
COMMAND: POST /session/700a0ab92761895b5ec9a5372f8d46fb/element/f.647512A71DDA687F9F591F39CAC5A62D.d.6565C2ABAFA2DE869D153C59102EF19D.e.12160/value - {"text":"4/24/25"}
COMMAND: GET /session/700a0ab92761895b5ec9a5372f8d46fb/screenshot - {}
RESULT: {"text":"4/24/25"}
COMMAND: GET /session/700a0ab92761895b5ec9a5372f8d46fb/screenshot - {}
RESULT: {}
RESULT: {}
COMMAND: POST /session/700a0ab92761895b5ec9a5372f8d46fb/element - {"using":"xpath","value":"//bdi[(text() = 'Items' or . = 'Items')]"}
RESULT: {"using":"xpath","value":"//bdi[(text() = 'Items' or . = 'Items')]"}
COMMAND: POST /session/700a0ab92761895b5ec9a5372f8d46fb/element/f.647512A71DDA687F9F591F39CAC5A62D.d.6565C2ABAFA2DE869D153C59102EF19D.e.12184/click - {}
RESULT: {}
COMMAND: GET /session/700a0ab92761895b5ec9a5372f8d46fb/screenshot - {}
RESULT: {}
COMMAND: POST /session/700a0ab92761895b5ec9a5372f8d46fb/element - {"using":"xpath","value":"//button[@aria-label=\"Add\"]"}
RESULT: {"using":"xpath","value":"//button[@aria-label=\"Add\"]"}
COMMAND: POST /session/700a0ab92761895b5ec9a5372f8d46fb/element/f.647512A71DDA687F9F591F39CAC5A62D.d.6565C2ABAFA2DE869D153C59102EF19D.e.12189/click - {}
RESULT: {}
COMMAND: GET /session/700a0ab92761895b5ec9a5372f8d46fb/screenshot - {}
RESULT: {}
COMMAND: POST /session/700a0ab92761895b5ec9a5372f8d46fb/element - {"using":"css selector","value":"input[id= \"application-managehandovers-display-component---AddNewHO--smartFilterBar-btnBasicSearch-I\"]"}
RESULT: {"using":"css selector","value":"input[id= \"application-managehandovers-display-component---AddNewHO--smartFilterBar-btnBasicSearch-I\"]"}
COMMAND: POST /session/700a0ab92761895b5ec9a5372f8d46fb/element/f.647512A71DDA687F9F591F39CAC5A62D.d.6565C2ABAFA2DE869D153C59102EF19D.e.12193/clear - {}
RESULT: {}
COMMAND: POST /session/700a0ab92761895b5ec9a5372f8d46fb/element/f.647512A71DDA687F9F591F39CAC5A62D.d.6565C2ABAFA2DE869D153C59102EF19D.e.12193/value - {"text":"200520"}
COMMAND: GET /session/700a0ab92761895b5ec9a5372f8d46fb/screenshot - {}
RESULT: {"text":"200520"}
COMMAND: POST /session/700a0ab92761895b5ec9a5372f8d46fb/actions - {"actions":[{"id":"action44","type":"key","parameters":{},"actions":[{"type":"keyDown","value":"î€‡"},{"type":"pause","duration":10},{"type":"keyUp","value":"î€‡"}]}]}
COMMAND: GET /session/700a0ab92761895b5ec9a5372f8d46fb/screenshot - {}
RESULT: {}
RESULT: {"actions":[{"id":"action44","type":"key","parameters":{},"actions":[{"type":"keyDown","value":"î€‡"},{"type":"pause","duration":10},{"type":"keyUp","value":"î€‡"}]}]}
COMMAND: POST /session/700a0ab92761895b5ec9a5372f8d46fb/element - {"using":"css selector","value":"div[id= \"application-managehandovers-display-component---AddNewHO--smartFilterBar-btnBasicSearch-search\"]"}
COMMAND: GET /session/700a0ab92761895b5ec9a5372f8d46fb/screenshot - {}
RESULT: {}
RESULT: {"using":"css selector","value":"div[id= \"application-managehandovers-display-component---AddNewHO--smartFilterBar-btnBasicSearch-search\"]"}
COMMAND: POST /session/700a0ab92761895b5ec9a5372f8d46fb/element/f.647512A71DDA687F9F591F39CAC5A62D.d.6565C2ABAFA2DE869D153C59102EF19D.e.12340/click - {}
RESULT: {}
RESULT: {}
COMMAND: GET /session/700a0ab92761895b5ec9a5372f8d46fb/screenshot - {}
RESULT: {}
COMMAND: POST /session/700a0ab92761895b5ec9a5372f8d46fb/element - {"using":"css selector","value":"div[id= \"application-managehandovers-display-component---AddNewHO--popup-sa-CbBg\"]"}
RESULT: {"using":"css selector","value":"div[id= \"application-managehandovers-display-component---AddNewHO--popup-sa-CbBg\"]"}
COMMAND: POST /session/700a0ab92761895b5ec9a5372f8d46fb/element/f.647512A71DDA687F9F591F39CAC5A62D.d.6565C2ABAFA2DE869D153C59102EF19D.e.12343/click - {}
RESULT: {}
COMMAND: POST /session/700a0ab92761895b5ec9a5372f8d46fb/element - {"using":"xpath","value":"//bdi[(text() = 'Select' or . = 'Select')]"}
COMMAND: GET /session/700a0ab92761895b5ec9a5372f8d46fb/screenshot - {}
RESULT: {"using":"xpath","value":"//bdi[(text() = 'Select' or . = 'Select')]"}
COMMAND: POST /session/700a0ab92761895b5ec9a5372f8d46fb/element/f.647512A71DDA687F9F591F39CAC5A62D.d.6565C2ABAFA2DE869D153C59102EF19D.e.12344/click - {}
RESULT: {}
RESULT: {}
COMMAND: GET /session/700a0ab92761895b5ec9a5372f8d46fb/screenshot - {}
RESULT: {}
COMMAND: POST /session/700a0ab92761895b5ec9a5372f8d46fb/element - {"using":"xpath","value":"//bdi[(text() = 'Save' or . = 'Save')]"}
RESULT: {"using":"xpath","value":"//bdi[(text() = 'Save' or . = 'Save')]"}
COMMAND: POST /session/700a0ab92761895b5ec9a5372f8d46fb/element/f.647512A71DDA687F9F591F39CAC5A62D.d.6565C2ABAFA2DE869D153C59102EF19D.e.12348/click - {}
RESULT: {}
COMMAND: GET /session/700a0ab92761895b5ec9a5372f8d46fb/screenshot - {}
RESULT: {}
COMMAND: POST /session/700a0ab92761895b5ec9a5372f8d46fb/element - {"using":"xpath","value":"//input[contains(@id ,\"receiptDatePicker-inner\")]"}
RESULT: {"using":"xpath","value":"//input[contains(@id ,\"receiptDatePicker-inner\")]"}
COMMAND: POST /session/700a0ab92761895b5ec9a5372f8d46fb/element/f.647512A71DDA687F9F591F39CAC5A62D.d.6565C2ABAFA2DE869D153C59102EF19D.e.12376/click - {}
RESULT: {}
COMMAND: POST /session/700a0ab92761895b5ec9a5372f8d46fb/element - {"using":"xpath","value":"//input[contains(@id ,\"receiptDatePicker-inner\")]"}
COMMAND: GET /session/700a0ab92761895b5ec9a5372f8d46fb/screenshot - {}
RESULT: {"using":"xpath","value":"//input[contains(@id ,\"receiptDatePicker-inner\")]"}
COMMAND: POST /session/700a0ab92761895b5ec9a5372f8d46fb/element/f.647512A71DDA687F9F591F39CAC5A62D.d.6565C2ABAFA2DE869D153C59102EF19D.e.12376/clear - {}
RESULT: {}
RESULT: {}
COMMAND: POST /session/700a0ab92761895b5ec9a5372f8d46fb/element/f.647512A71DDA687F9F591F39CAC5A62D.d.6565C2ABAFA2DE869D153C59102EF19D.e.12376/value - {"text":"4/24/25"}
COMMAND: GET /session/700a0ab92761895b5ec9a5372f8d46fb/screenshot - {}
RESULT: {"text":"4/24/25"}
COMMAND: GET /session/700a0ab92761895b5ec9a5372f8d46fb/screenshot - {}
RESULT: {}
RESULT: {}
COMMAND: POST /session/700a0ab92761895b5ec9a5372f8d46fb/execute/async - {"script":"<script> [1562 bytes]","args":[{"selector":{"id":"administrationTabFilter","viewName":"etm.portal.ui.managehandovers.view.DetailExecuteHO","interaction":{"idSuffix":"text"}},"wdio_ui5_key":"administrationTabFilteretmportal.ui.managehandovers.view.DetailExecuteHO"}]}
RESULT: {"script":"<script> [1562 bytes]","args":[{"selector":{"id":"administrationTabFilter","viewName":"etm.portal.ui.managehandovers.view.DetailExecuteHO","interaction":{"idSuffix":"text"}},"wdio_ui5_key":"administrationTabFilteretmportal.ui.managehandovers.view.DetailExecuteHO"}]}
RESULT: undefined
COMMAND: POST /session/700a0ab92761895b5ec9a5372f8d46fb/element - {"using":"xpath","value":"//*[@id=\"__xmlview61--administrationTabFilter\"]"}
RESULT: {"using":"xpath","value":"//*[@id=\"__xmlview61--administrationTabFilter\"]"}
COMMAND: POST /session/700a0ab92761895b5ec9a5372f8d46fb/element/f.647512A71DDA687F9F591F39CAC5A62D.d.6565C2ABAFA2DE869D153C59102EF19D.e.12396/click - {}
RESULT: {}
RESULT: undefined
COMMAND: POST /session/700a0ab92761895b5ec9a5372f8d46fb/element - {"using":"xpath","value":"//*[@id=\"__xmlview61--administrationTabFilter\"]"}
COMMAND: GET /session/700a0ab92761895b5ec9a5372f8d46fb/screenshot - {}
RESULT: {"using":"xpath","value":"//*[@id=\"__xmlview61--administrationTabFilter\"]"}
COMMAND: POST /session/700a0ab92761895b5ec9a5372f8d46fb/element/f.647512A71DDA687F9F591F39CAC5A62D.d.6565C2ABAFA2DE869D153C59102EF19D.e.12396/click - {}
RESULT: {}
RESULT: {}
COMMAND: GET /session/700a0ab92761895b5ec9a5372f8d46fb/screenshot - {}
RESULT: {}
COMMAND: POST /session/700a0ab92761895b5ec9a5372f8d46fb/element - {"using":"xpath","value":"//bdi[(text() = 'Confirm' or . = 'Confirm')]"}
RESULT: {"using":"xpath","value":"//bdi[(text() = 'Confirm' or . = 'Confirm')]"}
COMMAND: POST /session/700a0ab92761895b5ec9a5372f8d46fb/element/f.647512A71DDA687F9F591F39CAC5A62D.d.6565C2ABAFA2DE869D153C59102EF19D.e.12404/click - {}
RESULT: {}
COMMAND: GET /session/700a0ab92761895b5ec9a5372f8d46fb/screenshot - {}
RESULT: {}
COMMAND: POST /session/700a0ab92761895b5ec9a5372f8d46fb/execute/async - {"script":"<script> [1562 bytes]","args":[{"selector":{"id":"confirmationButton","viewName":"etm.portal.ui.managehandovers.view.DetailExecuteHO","interaction":{"idSuffix":"BDI-content"}},"wdio_ui5_key":"confirmationButtonetmportal.ui.managehandovers.view.DetailExecuteHO"}]}
RESULT: {"script":"<script> [1562 bytes]","args":[{"selector":{"id":"confirmationButton","viewName":"etm.portal.ui.managehandovers.view.DetailExecuteHO","interaction":{"idSuffix":"BDI-content"}},"wdio_ui5_key":"confirmationButtonetmportal.ui.managehandovers.view.DetailExecuteHO"}]}
RESULT: undefined
COMMAND: POST /session/700a0ab92761895b5ec9a5372f8d46fb/element - {"using":"xpath","value":"(//*[text()='Receive'])[2]"}
RESULT: {"using":"xpath","value":"(//*[text()='Receive'])[2]"}
COMMAND: GET /session/700a0ab92761895b5ec9a5372f8d46fb/element/f.647512A71DDA687F9F591F39CAC5A62D.d.6565C2ABAFA2DE869D153C59102EF19D.e.12408/enabled - {}
RESULT: {}
COMMAND: POST /session/700a0ab92761895b5ec9a5372f8d46fb/execute/sync - {"script":"<script> [8489 bytes]","args":[{"element-6066-11e4-a52e-4f735466cecf":"f.647512A71DDA687F9F591F39CAC5A62D.d.6565C2ABAFA2DE869D153C59102EF19D.e.12408","ELEMENT":"f.647512A71DDA687F9F591F39CAC5A62D.d.6565C2ABAFA2DE869D153C59102EF19D.e.12408"}]}
COMMAND: GET /session/700a0ab92761895b5ec9a5372f8d46fb/screenshot - {}
RESULT: {"script":"<script> [8489 bytes]","args":[{"element-6066-11e4-a52e-4f735466cecf":"f.647512A71DDA687F9F591F39CAC5A62D.d.6565C2ABAFA2DE869D153C59102EF19D.e.12408","ELEMENT":"f.647512A71DDA687F9F591F39CAC5A62D.d.6565C2ABAFA2DE869D153C59102EF19D.e.12408"}]}
COMMAND: POST /session/700a0ab92761895b5ec9a5372f8d46fb/execute/sync - {"script":"<script> [5351 bytes]","args":[{"element-6066-11e4-a52e-4f735466cecf":"f.647512A71DDA687F9F591F39CAC5A62D.d.6565C2ABAFA2DE869D153C59102EF19D.e.12408","ELEMENT":"f.647512A71DDA687F9F591F39CAC5A62D.d.6565C2ABAFA2DE869D153C59102EF19D.e.12408"}]}
COMMAND: GET /session/700a0ab92761895b5ec9a5372f8d46fb/screenshot - {}
RESULT: {}
RESULT: {"script":"<script> [5351 bytes]","args":[{"element-6066-11e4-a52e-4f735466cecf":"f.647512A71DDA687F9F591F39CAC5A62D.d.6565C2ABAFA2DE869D153C59102EF19D.e.12408","ELEMENT":"f.647512A71DDA687F9F591F39CAC5A62D.d.6565C2ABAFA2DE869D153C59102EF19D.e.12408"}]}
COMMAND: POST /session/700a0ab92761895b5ec9a5372f8d46fb/element/f.647512A71DDA687F9F591F39CAC5A62D.d.6565C2ABAFA2DE869D153C59102EF19D.e.12408/click - {}
COMMAND: GET /session/700a0ab92761895b5ec9a5372f8d46fb/screenshot - {}
RESULT: {}
RESULT: {}
COMMAND: GET /session/700a0ab92761895b5ec9a5372f8d46fb/screenshot - {}
RESULT: {}
RESULT: {}
COMMAND: POST /session/700a0ab92761895b5ec9a5372f8d46fb/element - {"using":"css selector","value":"#shell-header-logo"}
RESULT: {"using":"css selector","value":"#shell-header-logo"}
COMMAND: POST /session/700a0ab92761895b5ec9a5372f8d46fb/element/f.647512A71DDA687F9F591F39CAC5A62D.d.6565C2ABAFA2DE869D153C59102EF19D.e.11971/click - {}
RESULT: {}
COMMAND: GET /session/700a0ab92761895b5ec9a5372f8d46fb/screenshot - {}
RESULT: {}
]]></system-out>
    </testcase>
    <testcase classname="chrome.135_0_7049_96.windows.Provide_to_Site_w/_warehouse_management_wo_clarification" name="Should create a new contract" time="57.784">
      <system-out><![CDATA[
COMMAND: POST /session/700a0ab92761895b5ec9a5372f8d46fb/execute/async - {"script":"<script> [1562 bytes]","args":[{"selector":{"controlType":"sap.m.GenericTile","properties":{"header":"Manage Contracts"}},"wdio_ui5_key":"sapm.GenericTile{\"header\":\"Manage Contracts\"}"}]}
RESULT: {"script":"<script> [1562 bytes]","args":[{"selector":{"controlType":"sap.m.GenericTile","properties":{"header":"Manage Contracts"}},"wdio_ui5_key":"sapm.GenericTile{\"header\":\"Manage Contracts\"}"}]}
RESULT: undefined
COMMAND: POST /session/700a0ab92761895b5ec9a5372f8d46fb/element - {"using":"xpath","value":"//*[@id=\"__tile133\"]"}
RESULT: {"using":"xpath","value":"//*[@id=\"__tile133\"]"}
COMMAND: POST /session/700a0ab92761895b5ec9a5372f8d46fb/element/f.647512A71DDA687F9F591F39CAC5A62D.d.6565C2ABAFA2DE869D153C59102EF19D.e.12528/click - {}
RESULT: {}
COMMAND: GET /session/700a0ab92761895b5ec9a5372f8d46fb/screenshot - {}
RESULT: {}
COMMAND: POST /session/700a0ab92761895b5ec9a5372f8d46fb/execute/async - {"script":"<script> [1562 bytes]","args":[{"selector":{"controlType":"sap.ui.core.Icon","viewName":"etm.portal.ui.managecontracts.view.Master","properties":{"src":{"regex":{"source":"add"}}}},"wdio_ui5_key":"etmportal.ui.managecontracts.view.Mastersap.ui.core.Icon{\"src\":{\"regex\":{\"source\":\"add\"}}}"}]}
RESULT: undefined
RESULT: {"script":"<script> [1562 bytes]","args":[{"selector":{"controlType":"sap.ui.core.Icon","viewName":"etm.portal.ui.managecontracts.view.Master","properties":{"src":{"regex":{"source":"add"}}}},"wdio_ui5_key":"etmportal.ui.managecontracts.view.Mastersap.ui.core.Icon{\"src\":{\"regex\":{\"source\":\"add\"}}}"}]}
RESULT: undefined
COMMAND: POST /session/700a0ab92761895b5ec9a5372f8d46fb/element - {"using":"xpath","value":"//*[@id=\"__button303-img\"]"}
RESULT: {"using":"xpath","value":"//*[@id=\"__button303-img\"]"}
COMMAND: POST /session/700a0ab92761895b5ec9a5372f8d46fb/element/f.647512A71DDA687F9F591F39CAC5A62D.d.6565C2ABAFA2DE869D153C59102EF19D.e.12558/click - {}
RESULT: {}
COMMAND: POST /session/700a0ab92761895b5ec9a5372f8d46fb/execute/async - {"script":"<script> [1562 bytes]","args":[{"selector":{"id":"application-managecontracts-display-component---AddNewContract--projectDescription","interaction":{"idSuffix":"inner"}},"wdio_ui5_key":"applicationmanagecontracts-display-component---AddNewContract--projectDescription"}]}
COMMAND: GET /session/700a0ab92761895b5ec9a5372f8d46fb/screenshot - {}
RESULT: {"script":"<script> [1562 bytes]","args":[{"selector":{"id":"application-managecontracts-display-component---AddNewContract--projectDescription","interaction":{"idSuffix":"inner"}},"wdio_ui5_key":"applicationmanagecontracts-display-component---AddNewContract--projectDescription"}]}
RESULT: undefined
COMMAND: POST /session/700a0ab92761895b5ec9a5372f8d46fb/execute/async - {"script":"<script> [776 bytes]","args":[{"enterText":"wdi5 contract for billing","selector":{"id":"application-managecontracts-display-component---AddNewContract--projectDescription","interaction":{"idSuffix":"inner"}},"clearTextFirst":true,"interactionType":"ENTER_TEXT"}]}
RESULT: {}
RESULT: {"script":"<script> [776 bytes]","args":[{"enterText":"wdi5 contract for billing","selector":{"id":"application-managecontracts-display-component---AddNewContract--projectDescription","interaction":{"idSuffix":"inner"}},"clearTextFirst":true,"interactionType":"ENTER_TEXT"}]}
COMMAND: POST /session/700a0ab92761895b5ec9a5372f8d46fb/element - {"using":"xpath","value":"//input[@id=\"application-managecontracts-display-component---AddNewContract--customerSelect-inner\"]"}
RESULT: {"using":"xpath","value":"//input[@id=\"application-managecontracts-display-component---AddNewContract--customerSelect-inner\"]"}
COMMAND: POST /session/700a0ab92761895b5ec9a5372f8d46fb/element/f.647512A71DDA687F9F591F39CAC5A62D.d.6565C2ABAFA2DE869D153C59102EF19D.e.12861/clear - {}
RESULT: {}
COMMAND: POST /session/700a0ab92761895b5ec9a5372f8d46fb/element/f.647512A71DDA687F9F591F39CAC5A62D.d.6565C2ABAFA2DE869D153C59102EF19D.e.12861/value - {"text":"1635"}
COMMAND: GET /session/700a0ab92761895b5ec9a5372f8d46fb/screenshot - {}
RESULT: {"text":"1635"}
COMMAND: GET /session/700a0ab92761895b5ec9a5372f8d46fb/screenshot - {}
RESULT: {}
RESULT: {}
COMMAND: POST /session/700a0ab92761895b5ec9a5372f8d46fb/actions - {"actions":[{"id":"action45","type":"key","parameters":{},"actions":[{"type":"keyDown","value":"î€‡"},{"type":"pause","duration":10},{"type":"keyUp","value":"î€‡"}]}]}
RESULT: {"actions":[{"id":"action45","type":"key","parameters":{},"actions":[{"type":"keyDown","value":"î€‡"},{"type":"pause","duration":10},{"type":"keyUp","value":"î€‡"}]}]}
COMMAND: POST /session/700a0ab92761895b5ec9a5372f8d46fb/element - {"using":"xpath","value":"//input[@id=\"application-managecontracts-display-component---AddNewContract--site-inner\"]"}
COMMAND: GET /session/700a0ab92761895b5ec9a5372f8d46fb/screenshot - {}
RESULT: {"using":"xpath","value":"//input[@id=\"application-managecontracts-display-component---AddNewContract--site-inner\"]"}
COMMAND: POST /session/700a0ab92761895b5ec9a5372f8d46fb/element/f.647512A71DDA687F9F591F39CAC5A62D.d.6565C2ABAFA2DE869D153C59102EF19D.e.12862/clear - {}
RESULT: {}
RESULT: {}
COMMAND: POST /session/700a0ab92761895b5ec9a5372f8d46fb/element/f.647512A71DDA687F9F591F39CAC5A62D.d.6565C2ABAFA2DE869D153C59102EF19D.e.12862/value - {"text":"2593"}
COMMAND: GET /session/700a0ab92761895b5ec9a5372f8d46fb/screenshot - {}
RESULT: {"text":"2593"}
COMMAND: GET /session/700a0ab92761895b5ec9a5372f8d46fb/screenshot - {}
RESULT: {}
RESULT: {}
COMMAND: POST /session/700a0ab92761895b5ec9a5372f8d46fb/actions - {"actions":[{"id":"action46","type":"key","parameters":{},"actions":[{"type":"keyDown","value":"î€‡"},{"type":"pause","duration":10},{"type":"keyUp","value":"î€‡"}]}]}
RESULT: {"actions":[{"id":"action46","type":"key","parameters":{},"actions":[{"type":"keyDown","value":"î€‡"},{"type":"pause","duration":10},{"type":"keyUp","value":"î€‡"}]}]}
COMMAND: POST /session/700a0ab92761895b5ec9a5372f8d46fb/execute/async - {"script":"<script> [1562 bytes]","args":[{"selector":{"id":"application-managecontracts-display-component---AddNewContract--calendarInput","interaction":{"idSuffix":"inner"}},"wdio_ui5_key":"applicationmanagecontracts-display-component---AddNewContract--calendarInput"}]}
COMMAND: GET /session/700a0ab92761895b5ec9a5372f8d46fb/screenshot - {}
RESULT: {"script":"<script> [1562 bytes]","args":[{"selector":{"id":"application-managecontracts-display-component---AddNewContract--calendarInput","interaction":{"idSuffix":"inner"}},"wdio_ui5_key":"applicationmanagecontracts-display-component---AddNewContract--calendarInput"}]}
RESULT: undefined
COMMAND: POST /session/700a0ab92761895b5ec9a5372f8d46fb/execute/async - {"script":"<script> [776 bytes]","args":[{"enterText":"1 - Calendar unit test patch","selector":{"id":"application-managecontracts-display-component---AddNewContract--calendarInput","interaction":{"idSuffix":"inner"}},"clearTextFirst":true,"interactionType":"ENTER_TEXT"}]}
RESULT: {}
RESULT: {"script":"<script> [776 bytes]","args":[{"enterText":"1 - Calendar unit test patch","selector":{"id":"application-managecontracts-display-component---AddNewContract--calendarInput","interaction":{"idSuffix":"inner"}},"clearTextFirst":true,"interactionType":"ENTER_TEXT"}]}
COMMAND: POST /session/700a0ab92761895b5ec9a5372f8d46fb/actions - {"actions":[{"id":"action47","type":"key","parameters":{},"actions":[{"type":"keyDown","value":"î€‡"},{"type":"pause","duration":10},{"type":"keyUp","value":"î€‡"}]}]}
RESULT: {"actions":[{"id":"action47","type":"key","parameters":{},"actions":[{"type":"keyDown","value":"î€‡"},{"type":"pause","duration":10},{"type":"keyUp","value":"î€‡"}]}]}
COMMAND: POST /session/700a0ab92761895b5ec9a5372f8d46fb/execute/async - {"script":"<script> [1562 bytes]","args":[{"selector":{"id":"application-managecontracts-display-component---AddNewContract--languageCB","interaction":{"idSuffix":"inner"}},"wdio_ui5_key":"applicationmanagecontracts-display-component---AddNewContract--languageCB"}]}
COMMAND: GET /session/700a0ab92761895b5ec9a5372f8d46fb/screenshot - {}
RESULT: {"script":"<script> [1562 bytes]","args":[{"selector":{"id":"application-managecontracts-display-component---AddNewContract--languageCB","interaction":{"idSuffix":"inner"}},"wdio_ui5_key":"applicationmanagecontracts-display-component---AddNewContract--languageCB"}]}
RESULT: undefined
COMMAND: POST /session/700a0ab92761895b5ec9a5372f8d46fb/execute/async - {"script":"<script> [776 bytes]","args":[{"enterText":"EN - English","selector":{"id":"application-managecontracts-display-component---AddNewContract--languageCB","interaction":{"idSuffix":"inner"}},"clearTextFirst":true,"interactionType":"ENTER_TEXT"}]}
RESULT: {}
RESULT: {"script":"<script> [776 bytes]","args":[{"enterText":"EN - English","selector":{"id":"application-managecontracts-display-component---AddNewContract--languageCB","interaction":{"idSuffix":"inner"}},"clearTextFirst":true,"interactionType":"ENTER_TEXT"}]}
COMMAND: POST /session/700a0ab92761895b5ec9a5372f8d46fb/actions - {"actions":[{"id":"action48","type":"key","parameters":{},"actions":[{"type":"keyDown","value":"î€‡"},{"type":"pause","duration":10},{"type":"keyUp","value":"î€‡"}]}]}
RESULT: {"actions":[{"id":"action48","type":"key","parameters":{},"actions":[{"type":"keyDown","value":"î€‡"},{"type":"pause","duration":10},{"type":"keyUp","value":"î€‡"}]}]}
COMMAND: POST /session/700a0ab92761895b5ec9a5372f8d46fb/execute/async - {"script":"<script> [1562 bytes]","args":[{"selector":{"id":"application-managecontracts-display-component---AddNewContract--saveBtn","interaction":{"idSuffix":"BDI-content"}},"wdio_ui5_key":"applicationmanagecontracts-display-component---AddNewContract--saveBtn"}]}
COMMAND: GET /session/700a0ab92761895b5ec9a5372f8d46fb/screenshot - {}
RESULT: {"script":"<script> [1562 bytes]","args":[{"selector":{"id":"application-managecontracts-display-component---AddNewContract--saveBtn","interaction":{"idSuffix":"BDI-content"}},"wdio_ui5_key":"applicationmanagecontracts-display-component---AddNewContract--saveBtn"}]}
RESULT: undefined
COMMAND: POST /session/700a0ab92761895b5ec9a5372f8d46fb/element - {"using":"xpath","value":"//*[@id=\"application-managecontracts-display-component---AddNewContract--saveBtn\"]"}
RESULT: {}
RESULT: {"using":"xpath","value":"//*[@id=\"application-managecontracts-display-component---AddNewContract--saveBtn\"]"}
COMMAND: POST /session/700a0ab92761895b5ec9a5372f8d46fb/element/f.647512A71DDA687F9F591F39CAC5A62D.d.6565C2ABAFA2DE869D153C59102EF19D.e.12885/click - {}
RESULT: {}
COMMAND: GET /session/700a0ab92761895b5ec9a5372f8d46fb/screenshot - {}
RESULT: {}
COMMAND: POST /session/700a0ab92761895b5ec9a5372f8d46fb/execute/async - {"script":"<script> [1562 bytes]","args":[{"selector":{"id":"contractDetailTitleNoExpanded","viewName":"etm.portal.ui.managecontracts.view.Detail"},"wdio_ui5_key":"contractDetailTitleNoExpandedetmportal.ui.managecontracts.view.Detail"}]}
RESULT: {"script":"<script> [1562 bytes]","args":[{"selector":{"id":"contractDetailTitleNoExpanded","viewName":"etm.portal.ui.managecontracts.view.Detail"},"wdio_ui5_key":"contractDetailTitleNoExpandedetmportal.ui.managecontracts.view.Detail"}]}
RESULT: undefined
COMMAND: POST /session/700a0ab92761895b5ec9a5372f8d46fb/execute/async - {"script":"<script> [6424 bytes]","args":[{"element-6066-11e4-a52e-4f735466cecf":"f.647512A71DDA687F9F591F39CAC5A62D.d.6565C2ABAFA2DE869D153C59102EF19D.e.12973"},"getText",[]]}
RESULT: {"script":"<script> [6424 bytes]","args":[{"element-6066-11e4-a52e-4f735466cecf":"f.647512A71DDA687F9F591F39CAC5A62D.d.6565C2ABAFA2DE869D153C59102EF19D.e.12973"},"getText",[]]}
]]></system-out>
    </testcase>
    <testcase classname="chrome.135_0_7049_96.windows.Provide_to_Site_w/_warehouse_management_wo_clarification" name="Should add resource to the contract" time="48.584">
      <system-out><![CDATA[
COMMAND: POST /session/700a0ab92761895b5ec9a5372f8d46fb/execute/async - {"script":"<script> [1562 bytes]","args":[{"selector":{"id":"contractDetailEditBtn","viewName":"etm.portal.ui.managecontracts.view.Detail","interaction":{"idSuffix":"BDI-content"}},"wdio_ui5_key":"contractDetailEditBtnetmportal.ui.managecontracts.view.Detail"}]}
RESULT: {"script":"<script> [1562 bytes]","args":[{"selector":{"id":"contractDetailEditBtn","viewName":"etm.portal.ui.managecontracts.view.Detail","interaction":{"idSuffix":"BDI-content"}},"wdio_ui5_key":"contractDetailEditBtnetmportal.ui.managecontracts.view.Detail"}]}
RESULT: undefined
COMMAND: POST /session/700a0ab92761895b5ec9a5372f8d46fb/element - {"using":"xpath","value":"//*[@id=\"__xmlview63--contractDetailEditBtn\"]"}
RESULT: {"using":"xpath","value":"//*[@id=\"__xmlview63--contractDetailEditBtn\"]"}
COMMAND: POST /session/700a0ab92761895b5ec9a5372f8d46fb/element/f.647512A71DDA687F9F591F39CAC5A62D.d.6565C2ABAFA2DE869D153C59102EF19D.e.12975/click - {}
RESULT: {}
COMMAND: GET /session/700a0ab92761895b5ec9a5372f8d46fb/screenshot - {}
RESULT: {}
COMMAND: POST /session/700a0ab92761895b5ec9a5372f8d46fb/execute/async - {"script":"<script> [1562 bytes]","args":[{"selector":{"id":"additionalAddressesTabFilter","viewName":"etm.portal.ui.managecontracts.view.EditContract","interaction":{"idSuffix":"text"}},"wdio_ui5_key":"additionalAddressesTabFilteretmportal.ui.managecontracts.view.EditContract"}]}
RESULT: {"script":"<script> [1562 bytes]","args":[{"selector":{"id":"additionalAddressesTabFilter","viewName":"etm.portal.ui.managecontracts.view.EditContract","interaction":{"idSuffix":"text"}},"wdio_ui5_key":"additionalAddressesTabFilteretmportal.ui.managecontracts.view.EditContract"}]}
RESULT: undefined
COMMAND: POST /session/700a0ab92761895b5ec9a5372f8d46fb/element - {"using":"xpath","value":"//*[@id=\"__xmlview64--additionalAddressesTabFilter\"]"}
RESULT: {"using":"xpath","value":"//*[@id=\"__xmlview64--additionalAddressesTabFilter\"]"}
COMMAND: POST /session/700a0ab92761895b5ec9a5372f8d46fb/element/f.647512A71DDA687F9F591F39CAC5A62D.d.6565C2ABAFA2DE869D153C59102EF19D.e.13033/click - {}
RESULT: {}
RESULT: undefined
COMMAND: POST /session/700a0ab92761895b5ec9a5372f8d46fb/element - {"using":"xpath","value":"//*[@id=\"__xmlview64--additionalAddressesTabFilter\"]"}
COMMAND: GET /session/700a0ab92761895b5ec9a5372f8d46fb/screenshot - {}
RESULT: {"using":"xpath","value":"//*[@id=\"__xmlview64--additionalAddressesTabFilter\"]"}
COMMAND: POST /session/700a0ab92761895b5ec9a5372f8d46fb/element/f.647512A71DDA687F9F591F39CAC5A62D.d.6565C2ABAFA2DE869D153C59102EF19D.e.13033/click - {}
RESULT: {}
RESULT: {}
COMMAND: POST /session/700a0ab92761895b5ec9a5372f8d46fb/execute/async - {"script":"<script> [1562 bytes]","args":[{"selector":{"controlType":"sap.ui.core.Icon","viewName":"etm.portal.ui.managecontracts.view.EditContract","properties":{"src":{"regex":{"source":"add"}}}},"wdio_ui5_key":"etmportal.ui.managecontracts.view.EditContractsap.ui.core.Icon{\"src\":{\"regex\":{\"source\":\"add\"}}}"}]}
COMMAND: GET /session/700a0ab92761895b5ec9a5372f8d46fb/screenshot - {}
RESULT: {"script":"<script> [1562 bytes]","args":[{"selector":{"controlType":"sap.ui.core.Icon","viewName":"etm.portal.ui.managecontracts.view.EditContract","properties":{"src":{"regex":{"source":"add"}}}},"wdio_ui5_key":"etmportal.ui.managecontracts.view.EditContractsap.ui.core.Icon{\"src\":{\"regex\":{\"source\":\"add\"}}}"}]}
RESULT: undefined
COMMAND: POST /session/700a0ab92761895b5ec9a5372f8d46fb/element - {"using":"xpath","value":"//*[@id=\"__xmlview64--btnAddTableRow-img\"]"}
RESULT: {}
RESULT: {"using":"xpath","value":"//*[@id=\"__xmlview64--btnAddTableRow-img\"]"}
COMMAND: POST /session/700a0ab92761895b5ec9a5372f8d46fb/element/f.647512A71DDA687F9F591F39CAC5A62D.d.6565C2ABAFA2DE869D153C59102EF19D.e.13036/click - {}
RESULT: {}
COMMAND: POST /session/700a0ab92761895b5ec9a5372f8d46fb/element - {"using":"xpath","value":"//div[(text() = 'Standard Entry' or . = 'Standard Entry')]"}
COMMAND: GET /session/700a0ab92761895b5ec9a5372f8d46fb/screenshot - {}
RESULT: {"using":"xpath","value":"//div[(text() = 'Standard Entry' or . = 'Standard Entry')]"}
COMMAND: POST /session/700a0ab92761895b5ec9a5372f8d46fb/element/f.647512A71DDA687F9F591F39CAC5A62D.d.6565C2ABAFA2DE869D153C59102EF19D.e.13038/click - {}
RESULT: {}
RESULT: {}
COMMAND: POST /session/700a0ab92761895b5ec9a5372f8d46fb/execute/async - {"script":"<script> [1562 bytes]","args":[{"selector":{"controlType":"sap.ui.core.Icon","viewName":"etm.portal.ui.managecontracts.view.EditContract","properties":{"src":{"regex":{"source":"inspect"}}}},"wdio_ui5_key":"etmportal.ui.managecontracts.view.EditContractsap.ui.core.Icon{\"src\":{\"regex\":{\"source\":\"inspect\"}}}"}]}
COMMAND: GET /session/700a0ab92761895b5ec9a5372f8d46fb/screenshot - {}
RESULT: {"script":"<script> [1562 bytes]","args":[{"selector":{"controlType":"sap.ui.core.Icon","viewName":"etm.portal.ui.managecontracts.view.EditContract","properties":{"src":{"regex":{"source":"inspect"}}}},"wdio_ui5_key":"etmportal.ui.managecontracts.view.EditContractsap.ui.core.Icon{\"src\":{\"regex\":{\"source\":\"inspect\"}}}"}]}
RESULT: undefined
COMMAND: POST /session/700a0ab92761895b5ec9a5372f8d46fb/element - {"using":"xpath","value":"//*[@id=\"__button329-img\"]"}
RESULT: {}
RESULT: {"using":"xpath","value":"//*[@id=\"__button329-img\"]"}
COMMAND: POST /session/700a0ab92761895b5ec9a5372f8d46fb/element/f.647512A71DDA687F9F591F39CAC5A62D.d.6565C2ABAFA2DE869D153C59102EF19D.e.13050/click - {}
RESULT: {}
COMMAND: GET /session/700a0ab92761895b5ec9a5372f8d46fb/screenshot - {}
RESULT: {}
COMMAND: POST /session/700a0ab92761895b5ec9a5372f8d46fb/element - {"using":"xpath","value":"//td[6]/div/div/input[1]"}
RESULT: {"using":"xpath","value":"//td[6]/div/div/input[1]"}
COMMAND: POST /session/700a0ab92761895b5ec9a5372f8d46fb/element/f.647512A71DDA687F9F591F39CAC5A62D.d.6565C2ABAFA2DE869D153C59102EF19D.e.13040/clear - {}
RESULT: {}
COMMAND: GET /session/700a0ab92761895b5ec9a5372f8d46fb/screenshot - {}
RESULT: {}
COMMAND: POST /session/700a0ab92761895b5ec9a5372f8d46fb/element - {"using":"xpath","value":"//td[6]/div/div/input[1]"}
RESULT: {"using":"xpath","value":"//td[6]/div/div/input[1]"}
COMMAND: POST /session/700a0ab92761895b5ec9a5372f8d46fb/element/f.647512A71DDA687F9F591F39CAC5A62D.d.6565C2ABAFA2DE869D153C59102EF19D.e.13066/click - {}
RESULT: {}
COMMAND: POST /session/700a0ab92761895b5ec9a5372f8d46fb/actions - {"actions":[{"id":"action49","type":"key","parameters":{},"actions":[{"type":"keyDown","value":"î€ƒ"},{"type":"pause","duration":10},{"type":"keyUp","value":"î€ƒ"}]}]}
COMMAND: GET /session/700a0ab92761895b5ec9a5372f8d46fb/screenshot - {}
RESULT: {"actions":[{"id":"action49","type":"key","parameters":{},"actions":[{"type":"keyDown","value":"î€ƒ"},{"type":"pause","duration":10},{"type":"keyUp","value":"î€ƒ"}]}]}
COMMAND: POST /session/700a0ab92761895b5ec9a5372f8d46fb/element - {"using":"xpath","value":"//td[6]/div/div/input[1]"}
COMMAND: GET /session/700a0ab92761895b5ec9a5372f8d46fb/screenshot - {}
RESULT: {}
RESULT: {"using":"xpath","value":"//td[6]/div/div/input[1]"}
COMMAND: POST /session/700a0ab92761895b5ec9a5372f8d46fb/element/f.647512A71DDA687F9F591F39CAC5A62D.d.6565C2ABAFA2DE869D153C59102EF19D.e.13066/clear - {}
RESULT: {}
RESULT: {}
COMMAND: POST /session/700a0ab92761895b5ec9a5372f8d46fb/element/f.647512A71DDA687F9F591F39CAC5A62D.d.6565C2ABAFA2DE869D153C59102EF19D.e.13066/value - {"text":"Material"}
COMMAND: GET /session/700a0ab92761895b5ec9a5372f8d46fb/screenshot - {}
RESULT: {"text":"Material"}
COMMAND: GET /session/700a0ab92761895b5ec9a5372f8d46fb/screenshot - {}
RESULT: {}
RESULT: {}
COMMAND: POST /session/700a0ab92761895b5ec9a5372f8d46fb/actions - {"actions":[{"id":"action50","type":"key","parameters":{},"actions":[{"type":"keyDown","value":"î€‡"},{"type":"pause","duration":10},{"type":"keyUp","value":"î€‡"}]}]}
RESULT: {"actions":[{"id":"action50","type":"key","parameters":{},"actions":[{"type":"keyDown","value":"î€‡"},{"type":"pause","duration":10},{"type":"keyUp","value":"î€‡"}]}]}
COMMAND: POST /session/700a0ab92761895b5ec9a5372f8d46fb/element - {"using":"xpath","value":"//td[7]/div/div/input[1]"}
COMMAND: GET /session/700a0ab92761895b5ec9a5372f8d46fb/screenshot - {}
RESULT: {"using":"xpath","value":"//td[7]/div/div/input[1]"}
COMMAND: POST /session/700a0ab92761895b5ec9a5372f8d46fb/element/f.647512A71DDA687F9F591F39CAC5A62D.d.6565C2ABAFA2DE869D153C59102EF19D.e.13088/clear - {}
RESULT: {}
RESULT: {}
COMMAND: POST /session/700a0ab92761895b5ec9a5372f8d46fb/element/f.647512A71DDA687F9F591F39CAC5A62D.d.6565C2ABAFA2DE869D153C59102EF19D.e.13088/value - {"text":"200520"}
COMMAND: GET /session/700a0ab92761895b5ec9a5372f8d46fb/screenshot - {}
RESULT: {"text":"200520"}
COMMAND: GET /session/700a0ab92761895b5ec9a5372f8d46fb/screenshot - {}
RESULT: {}
RESULT: {}
COMMAND: POST /session/700a0ab92761895b5ec9a5372f8d46fb/actions - {"actions":[{"id":"action51","type":"key","parameters":{},"actions":[{"type":"keyDown","value":"î€‡"},{"type":"pause","duration":10},{"type":"keyUp","value":"î€‡"}]}]}
RESULT: {"actions":[{"id":"action51","type":"key","parameters":{},"actions":[{"type":"keyDown","value":"î€‡"},{"type":"pause","duration":10},{"type":"keyUp","value":"î€‡"}]}]}
COMMAND: POST /session/700a0ab92761895b5ec9a5372f8d46fb/execute/async - {"script":"<script> [1562 bytes]","args":[{"selector":{"controlType":"sap.m.Button","properties":{"text":"OK"},"searchOpenDialogs":true,"interaction":{"idSuffix":"BDI-content"}},"wdio_ui5_key":"sapm.Button{\"text\":\"OK\"}"}]}
COMMAND: GET /session/700a0ab92761895b5ec9a5372f8d46fb/screenshot - {}
RESULT: {"script":"<script> [1562 bytes]","args":[{"selector":{"controlType":"sap.m.Button","properties":{"text":"OK"},"searchOpenDialogs":true,"interaction":{"idSuffix":"BDI-content"}},"wdio_ui5_key":"sapm.Button{\"text\":\"OK\"}"}]}
RESULT: undefined
COMMAND: POST /session/700a0ab92761895b5ec9a5372f8d46fb/element - {"using":"xpath","value":"//*[@id=\"__mbox-btn-1\"]"}
RESULT: {}
RESULT: {"using":"xpath","value":"//*[@id=\"__mbox-btn-1\"]"}
COMMAND: POST /session/700a0ab92761895b5ec9a5372f8d46fb/element/f.647512A71DDA687F9F591F39CAC5A62D.d.6565C2ABAFA2DE869D153C59102EF19D.e.13109/click - {}
RESULT: {}
COMMAND: POST /session/700a0ab92761895b5ec9a5372f8d46fb/execute/async - {"script":"<script> [1562 bytes]","args":[{"selector":{"id":"saveBtn","viewName":"etm.portal.ui.managecontracts.view.EditContract","interaction":{"idSuffix":"BDI-content"}},"wdio_ui5_key":"saveBtnetmportal.ui.managecontracts.view.EditContract"}]}
COMMAND: GET /session/700a0ab92761895b5ec9a5372f8d46fb/screenshot - {}
RESULT: {"script":"<script> [1562 bytes]","args":[{"selector":{"id":"saveBtn","viewName":"etm.portal.ui.managecontracts.view.EditContract","interaction":{"idSuffix":"BDI-content"}},"wdio_ui5_key":"saveBtnetmportal.ui.managecontracts.view.EditContract"}]}
RESULT: undefined
COMMAND: POST /session/700a0ab92761895b5ec9a5372f8d46fb/element - {"using":"xpath","value":"//*[@id=\"__xmlview64--saveBtn\"]"}
RESULT: {}
RESULT: {"using":"xpath","value":"//*[@id=\"__xmlview64--saveBtn\"]"}
COMMAND: POST /session/700a0ab92761895b5ec9a5372f8d46fb/element/f.647512A71DDA687F9F591F39CAC5A62D.d.6565C2ABAFA2DE869D153C59102EF19D.e.13135/click - {}
RESULT: {}
COMMAND: GET /session/700a0ab92761895b5ec9a5372f8d46fb/screenshot - {}
RESULT: {}
COMMAND: POST /session/700a0ab92761895b5ec9a5372f8d46fb/execute/async - {"script":"<script> [1562 bytes]","args":[{"selector":{"id":"additionalAddressesTabFilter","viewName":"etm.portal.ui.managecontracts.view.Detail","interaction":{"idSuffix":"text"}},"wdio_ui5_key":"additionalAddressesTabFilteretmportal.ui.managecontracts.view.Detail"}]}
RESULT: {"script":"<script> [1562 bytes]","args":[{"selector":{"id":"additionalAddressesTabFilter","viewName":"etm.portal.ui.managecontracts.view.Detail","interaction":{"idSuffix":"text"}},"wdio_ui5_key":"additionalAddressesTabFilteretmportal.ui.managecontracts.view.Detail"}]}
RESULT: undefined
COMMAND: POST /session/700a0ab92761895b5ec9a5372f8d46fb/element - {"using":"xpath","value":"//*[@id=\"__xmlview63--additionalAddressesTabFilter\"]"}
RESULT: {"using":"xpath","value":"//*[@id=\"__xmlview63--additionalAddressesTabFilter\"]"}
COMMAND: POST /session/700a0ab92761895b5ec9a5372f8d46fb/element/f.647512A71DDA687F9F591F39CAC5A62D.d.6565C2ABAFA2DE869D153C59102EF19D.e.13139/click - {}
RESULT: {}
COMMAND: POST /session/700a0ab92761895b5ec9a5372f8d46fb/execute/async - {"script":"<script> [1562 bytes]","args":[{"selector":{"id":"contractDetailProvideButton","viewName":"etm.portal.ui.managecontracts.view.Detail","interaction":{"idSuffix":"BDI-content"}},"wdio_ui5_key":"contractDetailProvideButtonetmportal.ui.managecontracts.view.Detail"}]}
COMMAND: GET /session/700a0ab92761895b5ec9a5372f8d46fb/screenshot - {}
RESULT: {"script":"<script> [1562 bytes]","args":[{"selector":{"id":"contractDetailProvideButton","viewName":"etm.portal.ui.managecontracts.view.Detail","interaction":{"idSuffix":"BDI-content"}},"wdio_ui5_key":"contractDetailProvideButtonetmportal.ui.managecontracts.view.Detail"}]}
RESULT: undefined
COMMAND: POST /session/700a0ab92761895b5ec9a5372f8d46fb/element - {"using":"xpath","value":"//*[@id=\"__xmlview63--contractDetailProvideButton\"]"}
RESULT: {}
RESULT: {"using":"xpath","value":"//*[@id=\"__xmlview63--contractDetailProvideButton\"]"}
COMMAND: POST /session/700a0ab92761895b5ec9a5372f8d46fb/element/f.647512A71DDA687F9F591F39CAC5A62D.d.6565C2ABAFA2DE869D153C59102EF19D.e.13144/click - {}
RESULT: {}
COMMAND: GET /session/700a0ab92761895b5ec9a5372f8d46fb/screenshot - {}
]]></system-out>
    </testcase>
    <testcase classname="chrome.135_0_7049_96.windows.Provide_to_Site_w/_warehouse_management_wo_clarification" name="Should Create HandOvers provide to site" time="79.519">
      <system-out><![CDATA[
COMMAND: POST /session/700a0ab92761895b5ec9a5372f8d46fb/element - {"using":"css selector","value":"#application-managehandovers-display-component---AddNewHO--dueDate-inner"}
RESULT: {}
RESULT: {"using":"css selector","value":"#application-managehandovers-display-component---AddNewHO--dueDate-inner"}
COMMAND: POST /session/700a0ab92761895b5ec9a5372f8d46fb/element/f.647512A71DDA687F9F591F39CAC5A62D.d.6565C2ABAFA2DE869D153C59102EF19D.e.13216/clear - {}
RESULT: {}
COMMAND: POST /session/700a0ab92761895b5ec9a5372f8d46fb/element/f.647512A71DDA687F9F591F39CAC5A62D.d.6565C2ABAFA2DE869D153C59102EF19D.e.13216/value - {"text":"4/24/25"}
COMMAND: GET /session/700a0ab92761895b5ec9a5372f8d46fb/screenshot - {}
RESULT: {"text":"4/24/25"}
COMMAND: POST /session/700a0ab92761895b5ec9a5372f8d46fb/element - {"using":"xpath","value":"//bdi[(text() = 'Items' or . = 'Items')]"}
COMMAND: GET /session/700a0ab92761895b5ec9a5372f8d46fb/screenshot - {}
RESULT: {}
RESULT: {"using":"xpath","value":"//bdi[(text() = 'Items' or . = 'Items')]"}
COMMAND: POST /session/700a0ab92761895b5ec9a5372f8d46fb/element/f.647512A71DDA687F9F591F39CAC5A62D.d.6565C2ABAFA2DE869D153C59102EF19D.e.13289/click - {}
RESULT: {}
RESULT: {}
COMMAND: POST /session/700a0ab92761895b5ec9a5372f8d46fb/execute/async - {"script":"<script> [1562 bytes]","args":[{"selector":{"controlType":"sap.m.Button","viewName":"etm.portal.ui.managehandovers.view.AddNewHO","viewId":"application-managehandovers-display-component---AddNewHO","i18NText":{"propertyName":"tooltip","key":"addItems"}},"wdio_ui5_key":"etmportal.ui.managehandovers.view.AddNewHOsap.m.Button{\"propertyName\":\"tooltip\",\"key\":\"addItems\"}"}]}
COMMAND: GET /session/700a0ab92761895b5ec9a5372f8d46fb/screenshot - {}
RESULT: {"script":"<script> [1562 bytes]","args":[{"selector":{"controlType":"sap.m.Button","viewName":"etm.portal.ui.managehandovers.view.AddNewHO","viewId":"application-managehandovers-display-component---AddNewHO","i18NText":{"propertyName":"tooltip","key":"addItems"}},"wdio_ui5_key":"etmportal.ui.managehandovers.view.AddNewHOsap.m.Button{\"propertyName\":\"tooltip\",\"key\":\"addItems\"}"}]}
RESULT: undefined
COMMAND: POST /session/700a0ab92761895b5ec9a5372f8d46fb/element - {"using":"xpath","value":"//*[@id=\"__button354\"]"}
RESULT: {}
RESULT: {"using":"xpath","value":"//*[@id=\"__button354\"]"}
COMMAND: POST /session/700a0ab92761895b5ec9a5372f8d46fb/element/f.647512A71DDA687F9F591F39CAC5A62D.d.6565C2ABAFA2DE869D153C59102EF19D.e.13314/click - {}
RESULT: {}
COMMAND: GET /session/700a0ab92761895b5ec9a5372f8d46fb/screenshot - {}
RESULT: {}
COMMAND: POST /session/700a0ab92761895b5ec9a5372f8d46fb/element - {"using":"css selector","value":"div[id= \"application-managehandovers-display-component---AddNewHO--popup-sa-CbBg\"]"}
RESULT: {"using":"css selector","value":"div[id= \"application-managehandovers-display-component---AddNewHO--popup-sa-CbBg\"]"}
COMMAND: POST /session/700a0ab92761895b5ec9a5372f8d46fb/element/f.647512A71DDA687F9F591F39CAC5A62D.d.6565C2ABAFA2DE869D153C59102EF19D.e.13330/click - {}
RESULT: {}
COMMAND: GET /session/700a0ab92761895b5ec9a5372f8d46fb/screenshot - {}
RESULT: {}
COMMAND: POST /session/700a0ab92761895b5ec9a5372f8d46fb/element - {"using":"xpath","value":"//bdi[(text() = 'Select' or . = 'Select')]"}
RESULT: {"using":"xpath","value":"//bdi[(text() = 'Select' or . = 'Select')]"}
COMMAND: POST /session/700a0ab92761895b5ec9a5372f8d46fb/element/f.647512A71DDA687F9F591F39CAC5A62D.d.6565C2ABAFA2DE869D153C59102EF19D.e.13331/click - {}
RESULT: {}
COMMAND: GET /session/700a0ab92761895b5ec9a5372f8d46fb/screenshot - {}
RESULT: {}
COMMAND: POST /session/700a0ab92761895b5ec9a5372f8d46fb/element - {"using":"xpath","value":"//bdi[(text() = 'Save' or . = 'Save')]"}
RESULT: {"using":"xpath","value":"//bdi[(text() = 'Save' or . = 'Save')]"}
COMMAND: POST /session/700a0ab92761895b5ec9a5372f8d46fb/element/f.647512A71DDA687F9F591F39CAC5A62D.d.6565C2ABAFA2DE869D153C59102EF19D.e.13339/click - {}
RESULT: {}
COMMAND: GET /session/700a0ab92761895b5ec9a5372f8d46fb/screenshot - {}
RESULT: {}
COMMAND: POST /session/700a0ab92761895b5ec9a5372f8d46fb/elements - {"using":"xpath","value":"//*[text()='Close']"}
RESULT: {"using":"xpath","value":"//*[text()='Close']"}
COMMAND: GET /session/700a0ab92761895b5ec9a5372f8d46fb/element/f.647512A71DDA687F9F591F39CAC5A62D.d.6565C2ABAFA2DE869D153C59102EF19D.e.13380/enabled - {}
RESULT: {}
COMMAND: POST /session/700a0ab92761895b5ec9a5372f8d46fb/execute/sync - {"script":"<script> [8489 bytes]","args":[{"element-6066-11e4-a52e-4f735466cecf":"f.647512A71DDA687F9F591F39CAC5A62D.d.6565C2ABAFA2DE869D153C59102EF19D.e.13380","ELEMENT":"f.647512A71DDA687F9F591F39CAC5A62D.d.6565C2ABAFA2DE869D153C59102EF19D.e.13380"}]}
COMMAND: GET /session/700a0ab92761895b5ec9a5372f8d46fb/screenshot - {}
RESULT: {"script":"<script> [8489 bytes]","args":[{"element-6066-11e4-a52e-4f735466cecf":"f.647512A71DDA687F9F591F39CAC5A62D.d.6565C2ABAFA2DE869D153C59102EF19D.e.13380","ELEMENT":"f.647512A71DDA687F9F591F39CAC5A62D.d.6565C2ABAFA2DE869D153C59102EF19D.e.13380"}]}
COMMAND: GET /session/700a0ab92761895b5ec9a5372f8d46fb/screenshot - {}
RESULT: {}
RESULT: {}
COMMAND: POST /session/700a0ab92761895b5ec9a5372f8d46fb/execute/sync - {"script":"<script> [8489 bytes]","args":[{"element-6066-11e4-a52e-4f735466cecf":"f.647512A71DDA687F9F591F39CAC5A62D.d.6565C2ABAFA2DE869D153C59102EF19D.e.13380","ELEMENT":"f.647512A71DDA687F9F591F39CAC5A62D.d.6565C2ABAFA2DE869D153C59102EF19D.e.13380"}]}
RESULT: {"script":"<script> [8489 bytes]","args":[{"element-6066-11e4-a52e-4f735466cecf":"f.647512A71DDA687F9F591F39CAC5A62D.d.6565C2ABAFA2DE869D153C59102EF19D.e.13380","ELEMENT":"f.647512A71DDA687F9F591F39CAC5A62D.d.6565C2ABAFA2DE869D153C59102EF19D.e.13380"}]}
COMMAND: GET /session/700a0ab92761895b5ec9a5372f8d46fb/screenshot - {}
RESULT: {}
COMMAND: POST /session/700a0ab92761895b5ec9a5372f8d46fb/execute/sync - {"script":"<script> [8489 bytes]","args":[{"element-6066-11e4-a52e-4f735466cecf":"f.647512A71DDA687F9F591F39CAC5A62D.d.6565C2ABAFA2DE869D153C59102EF19D.e.13380","ELEMENT":"f.647512A71DDA687F9F591F39CAC5A62D.d.6565C2ABAFA2DE869D153C59102EF19D.e.13380"}]}
RESULT: {"script":"<script> [8489 bytes]","args":[{"element-6066-11e4-a52e-4f735466cecf":"f.647512A71DDA687F9F591F39CAC5A62D.d.6565C2ABAFA2DE869D153C59102EF19D.e.13380","ELEMENT":"f.647512A71DDA687F9F591F39CAC5A62D.d.6565C2ABAFA2DE869D153C59102EF19D.e.13380"}]}
COMMAND: GET /session/700a0ab92761895b5ec9a5372f8d46fb/screenshot - {}
RESULT: {}
COMMAND: POST /session/700a0ab92761895b5ec9a5372f8d46fb/execute/sync - {"script":"<script> [8489 bytes]","args":[{"element-6066-11e4-a52e-4f735466cecf":"f.647512A71DDA687F9F591F39CAC5A62D.d.6565C2ABAFA2DE869D153C59102EF19D.e.13380","ELEMENT":"f.647512A71DDA687F9F591F39CAC5A62D.d.6565C2ABAFA2DE869D153C59102EF19D.e.13380"}]}
RESULT: {"script":"<script> [8489 bytes]","args":[{"element-6066-11e4-a52e-4f735466cecf":"f.647512A71DDA687F9F591F39CAC5A62D.d.6565C2ABAFA2DE869D153C59102EF19D.e.13380","ELEMENT":"f.647512A71DDA687F9F591F39CAC5A62D.d.6565C2ABAFA2DE869D153C59102EF19D.e.13380"}]}
COMMAND: GET /session/700a0ab92761895b5ec9a5372f8d46fb/screenshot - {}
RESULT: {}
COMMAND: POST /session/700a0ab92761895b5ec9a5372f8d46fb/execute/sync - {"script":"<script> [8489 bytes]","args":[{"element-6066-11e4-a52e-4f735466cecf":"f.647512A71DDA687F9F591F39CAC5A62D.d.6565C2ABAFA2DE869D153C59102EF19D.e.13380","ELEMENT":"f.647512A71DDA687F9F591F39CAC5A62D.d.6565C2ABAFA2DE869D153C59102EF19D.e.13380"}]}
RESULT: {"script":"<script> [8489 bytes]","args":[{"element-6066-11e4-a52e-4f735466cecf":"f.647512A71DDA687F9F591F39CAC5A62D.d.6565C2ABAFA2DE869D153C59102EF19D.e.13380","ELEMENT":"f.647512A71DDA687F9F591F39CAC5A62D.d.6565C2ABAFA2DE869D153C59102EF19D.e.13380"}]}
COMMAND: GET /session/700a0ab92761895b5ec9a5372f8d46fb/screenshot - {}
RESULT: {}
COMMAND: POST /session/700a0ab92761895b5ec9a5372f8d46fb/execute/sync - {"script":"<script> [8489 bytes]","args":[{"element-6066-11e4-a52e-4f735466cecf":"f.647512A71DDA687F9F591F39CAC5A62D.d.6565C2ABAFA2DE869D153C59102EF19D.e.13380","ELEMENT":"f.647512A71DDA687F9F591F39CAC5A62D.d.6565C2ABAFA2DE869D153C59102EF19D.e.13380"}]}
RESULT: {"script":"<script> [8489 bytes]","args":[{"element-6066-11e4-a52e-4f735466cecf":"f.647512A71DDA687F9F591F39CAC5A62D.d.6565C2ABAFA2DE869D153C59102EF19D.e.13380","ELEMENT":"f.647512A71DDA687F9F591F39CAC5A62D.d.6565C2ABAFA2DE869D153C59102EF19D.e.13380"}]}
COMMAND: GET /session/700a0ab92761895b5ec9a5372f8d46fb/screenshot - {}
RESULT: {}
COMMAND: POST /session/700a0ab92761895b5ec9a5372f8d46fb/execute/sync - {"script":"<script> [8489 bytes]","args":[{"element-6066-11e4-a52e-4f735466cecf":"f.647512A71DDA687F9F591F39CAC5A62D.d.6565C2ABAFA2DE869D153C59102EF19D.e.13380","ELEMENT":"f.647512A71DDA687F9F591F39CAC5A62D.d.6565C2ABAFA2DE869D153C59102EF19D.e.13380"}]}
RESULT: {"script":"<script> [8489 bytes]","args":[{"element-6066-11e4-a52e-4f735466cecf":"f.647512A71DDA687F9F591F39CAC5A62D.d.6565C2ABAFA2DE869D153C59102EF19D.e.13380","ELEMENT":"f.647512A71DDA687F9F591F39CAC5A62D.d.6565C2ABAFA2DE869D153C59102EF19D.e.13380"}]}
COMMAND: GET /session/700a0ab92761895b5ec9a5372f8d46fb/screenshot - {}
RESULT: {}
COMMAND: POST /session/700a0ab92761895b5ec9a5372f8d46fb/execute/sync - {"script":"<script> [8489 bytes]","args":[{"element-6066-11e4-a52e-4f735466cecf":"f.647512A71DDA687F9F591F39CAC5A62D.d.6565C2ABAFA2DE869D153C59102EF19D.e.13380","ELEMENT":"f.647512A71DDA687F9F591F39CAC5A62D.d.6565C2ABAFA2DE869D153C59102EF19D.e.13380"}]}
RESULT: {"script":"<script> [8489 bytes]","args":[{"element-6066-11e4-a52e-4f735466cecf":"f.647512A71DDA687F9F591F39CAC5A62D.d.6565C2ABAFA2DE869D153C59102EF19D.e.13380","ELEMENT":"f.647512A71DDA687F9F591F39CAC5A62D.d.6565C2ABAFA2DE869D153C59102EF19D.e.13380"}]}
COMMAND: GET /session/700a0ab92761895b5ec9a5372f8d46fb/screenshot - {}
RESULT: {}
COMMAND: POST /session/700a0ab92761895b5ec9a5372f8d46fb/execute/sync - {"script":"<script> [8489 bytes]","args":[{"element-6066-11e4-a52e-4f735466cecf":"f.647512A71DDA687F9F591F39CAC5A62D.d.6565C2ABAFA2DE869D153C59102EF19D.e.13380","ELEMENT":"f.647512A71DDA687F9F591F39CAC5A62D.d.6565C2ABAFA2DE869D153C59102EF19D.e.13380"}]}
RESULT: {"script":"<script> [8489 bytes]","args":[{"element-6066-11e4-a52e-4f735466cecf":"f.647512A71DDA687F9F591F39CAC5A62D.d.6565C2ABAFA2DE869D153C59102EF19D.e.13380","ELEMENT":"f.647512A71DDA687F9F591F39CAC5A62D.d.6565C2ABAFA2DE869D153C59102EF19D.e.13380"}]}
COMMAND: GET /session/700a0ab92761895b5ec9a5372f8d46fb/screenshot - {}
RESULT: {}
COMMAND: POST /session/700a0ab92761895b5ec9a5372f8d46fb/execute/sync - {"script":"<script> [8489 bytes]","args":[{"element-6066-11e4-a52e-4f735466cecf":"f.647512A71DDA687F9F591F39CAC5A62D.d.6565C2ABAFA2DE869D153C59102EF19D.e.13380","ELEMENT":"f.647512A71DDA687F9F591F39CAC5A62D.d.6565C2ABAFA2DE869D153C59102EF19D.e.13380"}]}
RESULT: {"script":"<script> [8489 bytes]","args":[{"element-6066-11e4-a52e-4f735466cecf":"f.647512A71DDA687F9F591F39CAC5A62D.d.6565C2ABAFA2DE869D153C59102EF19D.e.13380","ELEMENT":"f.647512A71DDA687F9F591F39CAC5A62D.d.6565C2ABAFA2DE869D153C59102EF19D.e.13380"}]}
COMMAND: GET /session/700a0ab92761895b5ec9a5372f8d46fb/screenshot - {}
RESULT: {}
COMMAND: POST /session/700a0ab92761895b5ec9a5372f8d46fb/execute/sync - {"script":"<script> [8489 bytes]","args":[{"element-6066-11e4-a52e-4f735466cecf":"f.647512A71DDA687F9F591F39CAC5A62D.d.6565C2ABAFA2DE869D153C59102EF19D.e.13380","ELEMENT":"f.647512A71DDA687F9F591F39CAC5A62D.d.6565C2ABAFA2DE869D153C59102EF19D.e.13380"}]}
RESULT: {"script":"<script> [8489 bytes]","args":[{"element-6066-11e4-a52e-4f735466cecf":"f.647512A71DDA687F9F591F39CAC5A62D.d.6565C2ABAFA2DE869D153C59102EF19D.e.13380","ELEMENT":"f.647512A71DDA687F9F591F39CAC5A62D.d.6565C2ABAFA2DE869D153C59102EF19D.e.13380"}]}
COMMAND: GET /session/700a0ab92761895b5ec9a5372f8d46fb/screenshot - {}
RESULT: {}
COMMAND: POST /session/700a0ab92761895b5ec9a5372f8d46fb/execute/sync - {"script":"<script> [8489 bytes]","args":[{"element-6066-11e4-a52e-4f735466cecf":"f.647512A71DDA687F9F591F39CAC5A62D.d.6565C2ABAFA2DE869D153C59102EF19D.e.13380","ELEMENT":"f.647512A71DDA687F9F591F39CAC5A62D.d.6565C2ABAFA2DE869D153C59102EF19D.e.13380"}]}
RESULT: {"script":"<script> [8489 bytes]","args":[{"element-6066-11e4-a52e-4f735466cecf":"f.647512A71DDA687F9F591F39CAC5A62D.d.6565C2ABAFA2DE869D153C59102EF19D.e.13380","ELEMENT":"f.647512A71DDA687F9F591F39CAC5A62D.d.6565C2ABAFA2DE869D153C59102EF19D.e.13380"}]}
COMMAND: GET /session/700a0ab92761895b5ec9a5372f8d46fb/screenshot - {}
RESULT: {}
COMMAND: POST /session/700a0ab92761895b5ec9a5372f8d46fb/execute/sync - {"script":"<script> [8489 bytes]","args":[{"element-6066-11e4-a52e-4f735466cecf":"f.647512A71DDA687F9F591F39CAC5A62D.d.6565C2ABAFA2DE869D153C59102EF19D.e.13380","ELEMENT":"f.647512A71DDA687F9F591F39CAC5A62D.d.6565C2ABAFA2DE869D153C59102EF19D.e.13380"}]}
RESULT: {"script":"<script> [8489 bytes]","args":[{"element-6066-11e4-a52e-4f735466cecf":"f.647512A71DDA687F9F591F39CAC5A62D.d.6565C2ABAFA2DE869D153C59102EF19D.e.13380","ELEMENT":"f.647512A71DDA687F9F591F39CAC5A62D.d.6565C2ABAFA2DE869D153C59102EF19D.e.13380"}]}
COMMAND: GET /session/700a0ab92761895b5ec9a5372f8d46fb/screenshot - {}
RESULT: {}
COMMAND: POST /session/700a0ab92761895b5ec9a5372f8d46fb/execute/sync - {"script":"<script> [8489 bytes]","args":[{"element-6066-11e4-a52e-4f735466cecf":"f.647512A71DDA687F9F591F39CAC5A62D.d.6565C2ABAFA2DE869D153C59102EF19D.e.13380","ELEMENT":"f.647512A71DDA687F9F591F39CAC5A62D.d.6565C2ABAFA2DE869D153C59102EF19D.e.13380"}]}
RESULT: {"script":"<script> [8489 bytes]","args":[{"element-6066-11e4-a52e-4f735466cecf":"f.647512A71DDA687F9F591F39CAC5A62D.d.6565C2ABAFA2DE869D153C59102EF19D.e.13380","ELEMENT":"f.647512A71DDA687F9F591F39CAC5A62D.d.6565C2ABAFA2DE869D153C59102EF19D.e.13380"}]}
COMMAND: GET /session/700a0ab92761895b5ec9a5372f8d46fb/screenshot - {}
RESULT: {}
COMMAND: POST /session/700a0ab92761895b5ec9a5372f8d46fb/execute/sync - {"script":"<script> [8489 bytes]","args":[{"element-6066-11e4-a52e-4f735466cecf":"f.647512A71DDA687F9F591F39CAC5A62D.d.6565C2ABAFA2DE869D153C59102EF19D.e.13380","ELEMENT":"f.647512A71DDA687F9F591F39CAC5A62D.d.6565C2ABAFA2DE869D153C59102EF19D.e.13380"}]}
RESULT: {"script":"<script> [8489 bytes]","args":[{"element-6066-11e4-a52e-4f735466cecf":"f.647512A71DDA687F9F591F39CAC5A62D.d.6565C2ABAFA2DE869D153C59102EF19D.e.13380","ELEMENT":"f.647512A71DDA687F9F591F39CAC5A62D.d.6565C2ABAFA2DE869D153C59102EF19D.e.13380"}]}
COMMAND: GET /session/700a0ab92761895b5ec9a5372f8d46fb/screenshot - {}
RESULT: {}
COMMAND: POST /session/700a0ab92761895b5ec9a5372f8d46fb/execute/sync - {"script":"<script> [8489 bytes]","args":[{"element-6066-11e4-a52e-4f735466cecf":"f.647512A71DDA687F9F591F39CAC5A62D.d.6565C2ABAFA2DE869D153C59102EF19D.e.13380","ELEMENT":"f.647512A71DDA687F9F591F39CAC5A62D.d.6565C2ABAFA2DE869D153C59102EF19D.e.13380"}]}
RESULT: {"script":"<script> [8489 bytes]","args":[{"element-6066-11e4-a52e-4f735466cecf":"f.647512A71DDA687F9F591F39CAC5A62D.d.6565C2ABAFA2DE869D153C59102EF19D.e.13380","ELEMENT":"f.647512A71DDA687F9F591F39CAC5A62D.d.6565C2ABAFA2DE869D153C59102EF19D.e.13380"}]}
COMMAND: GET /session/700a0ab92761895b5ec9a5372f8d46fb/screenshot - {}
RESULT: {}
COMMAND: POST /session/700a0ab92761895b5ec9a5372f8d46fb/execute/sync - {"script":"<script> [8489 bytes]","args":[{"element-6066-11e4-a52e-4f735466cecf":"f.647512A71DDA687F9F591F39CAC5A62D.d.6565C2ABAFA2DE869D153C59102EF19D.e.13380","ELEMENT":"f.647512A71DDA687F9F591F39CAC5A62D.d.6565C2ABAFA2DE869D153C59102EF19D.e.13380"}]}
RESULT: {"script":"<script> [8489 bytes]","args":[{"element-6066-11e4-a52e-4f735466cecf":"f.647512A71DDA687F9F591F39CAC5A62D.d.6565C2ABAFA2DE869D153C59102EF19D.e.13380","ELEMENT":"f.647512A71DDA687F9F591F39CAC5A62D.d.6565C2ABAFA2DE869D153C59102EF19D.e.13380"}]}
COMMAND: GET /session/700a0ab92761895b5ec9a5372f8d46fb/screenshot - {}
RESULT: {}
COMMAND: POST /session/700a0ab92761895b5ec9a5372f8d46fb/execute/sync - {"script":"<script> [8489 bytes]","args":[{"element-6066-11e4-a52e-4f735466cecf":"f.647512A71DDA687F9F591F39CAC5A62D.d.6565C2ABAFA2DE869D153C59102EF19D.e.13380","ELEMENT":"f.647512A71DDA687F9F591F39CAC5A62D.d.6565C2ABAFA2DE869D153C59102EF19D.e.13380"}]}
RESULT: {"script":"<script> [8489 bytes]","args":[{"element-6066-11e4-a52e-4f735466cecf":"f.647512A71DDA687F9F591F39CAC5A62D.d.6565C2ABAFA2DE869D153C59102EF19D.e.13380","ELEMENT":"f.647512A71DDA687F9F591F39CAC5A62D.d.6565C2ABAFA2DE869D153C59102EF19D.e.13380"}]}
COMMAND: GET /session/700a0ab92761895b5ec9a5372f8d46fb/screenshot - {}
COMMAND: POST /session/700a0ab92761895b5ec9a5372f8d46fb/execute/sync - {"script":"<script> [8489 bytes]","args":[{"element-6066-11e4-a52e-4f735466cecf":"f.647512A71DDA687F9F591F39CAC5A62D.d.6565C2ABAFA2DE869D153C59102EF19D.e.13380","ELEMENT":"f.647512A71DDA687F9F591F39CAC5A62D.d.6565C2ABAFA2DE869D153C59102EF19D.e.13380"}]}
RESULT: {}
RESULT: {"script":"<script> [8489 bytes]","args":[{"element-6066-11e4-a52e-4f735466cecf":"f.647512A71DDA687F9F591F39CAC5A62D.d.6565C2ABAFA2DE869D153C59102EF19D.e.13380","ELEMENT":"f.647512A71DDA687F9F591F39CAC5A62D.d.6565C2ABAFA2DE869D153C59102EF19D.e.13380"}]}
COMMAND: GET /session/700a0ab92761895b5ec9a5372f8d46fb/screenshot - {}
RESULT: {}
COMMAND: POST /session/700a0ab92761895b5ec9a5372f8d46fb/execute/sync - {"script":"<script> [8489 bytes]","args":[{"element-6066-11e4-a52e-4f735466cecf":"f.647512A71DDA687F9F591F39CAC5A62D.d.6565C2ABAFA2DE869D153C59102EF19D.e.13380","ELEMENT":"f.647512A71DDA687F9F591F39CAC5A62D.d.6565C2ABAFA2DE869D153C59102EF19D.e.13380"}]}
RESULT: {"script":"<script> [8489 bytes]","args":[{"element-6066-11e4-a52e-4f735466cecf":"f.647512A71DDA687F9F591F39CAC5A62D.d.6565C2ABAFA2DE869D153C59102EF19D.e.13380","ELEMENT":"f.647512A71DDA687F9F591F39CAC5A62D.d.6565C2ABAFA2DE869D153C59102EF19D.e.13380"}]}
COMMAND: GET /session/700a0ab92761895b5ec9a5372f8d46fb/screenshot - {}
RESULT: {}
COMMAND: POST /session/700a0ab92761895b5ec9a5372f8d46fb/execute/sync - {"script":"<script> [8489 bytes]","args":[{"element-6066-11e4-a52e-4f735466cecf":"f.647512A71DDA687F9F591F39CAC5A62D.d.6565C2ABAFA2DE869D153C59102EF19D.e.13380","ELEMENT":"f.647512A71DDA687F9F591F39CAC5A62D.d.6565C2ABAFA2DE869D153C59102EF19D.e.13380"}]}
RESULT: {"script":"<script> [8489 bytes]","args":[{"element-6066-11e4-a52e-4f735466cecf":"f.647512A71DDA687F9F591F39CAC5A62D.d.6565C2ABAFA2DE869D153C59102EF19D.e.13380","ELEMENT":"f.647512A71DDA687F9F591F39CAC5A62D.d.6565C2ABAFA2DE869D153C59102EF19D.e.13380"}]}
COMMAND: GET /session/700a0ab92761895b5ec9a5372f8d46fb/screenshot - {}
RESULT: {}
COMMAND: POST /session/700a0ab92761895b5ec9a5372f8d46fb/execute/sync - {"script":"<script> [8489 bytes]","args":[{"element-6066-11e4-a52e-4f735466cecf":"f.647512A71DDA687F9F591F39CAC5A62D.d.6565C2ABAFA2DE869D153C59102EF19D.e.13380","ELEMENT":"f.647512A71DDA687F9F591F39CAC5A62D.d.6565C2ABAFA2DE869D153C59102EF19D.e.13380"}]}
RESULT: {"script":"<script> [8489 bytes]","args":[{"element-6066-11e4-a52e-4f735466cecf":"f.647512A71DDA687F9F591F39CAC5A62D.d.6565C2ABAFA2DE869D153C59102EF19D.e.13380","ELEMENT":"f.647512A71DDA687F9F591F39CAC5A62D.d.6565C2ABAFA2DE869D153C59102EF19D.e.13380"}]}
COMMAND: GET /session/700a0ab92761895b5ec9a5372f8d46fb/screenshot - {}
RESULT: {}
COMMAND: POST /session/700a0ab92761895b5ec9a5372f8d46fb/execute/sync - {"script":"<script> [8489 bytes]","args":[{"element-6066-11e4-a52e-4f735466cecf":"f.647512A71DDA687F9F591F39CAC5A62D.d.6565C2ABAFA2DE869D153C59102EF19D.e.13380","ELEMENT":"f.647512A71DDA687F9F591F39CAC5A62D.d.6565C2ABAFA2DE869D153C59102EF19D.e.13380"}]}
RESULT: {"script":"<script> [8489 bytes]","args":[{"element-6066-11e4-a52e-4f735466cecf":"f.647512A71DDA687F9F591F39CAC5A62D.d.6565C2ABAFA2DE869D153C59102EF19D.e.13380","ELEMENT":"f.647512A71DDA687F9F591F39CAC5A62D.d.6565C2ABAFA2DE869D153C59102EF19D.e.13380"}]}
COMMAND: GET /session/700a0ab92761895b5ec9a5372f8d46fb/screenshot - {}
RESULT: {}
COMMAND: POST /session/700a0ab92761895b5ec9a5372f8d46fb/execute/sync - {"script":"<script> [8489 bytes]","args":[{"element-6066-11e4-a52e-4f735466cecf":"f.647512A71DDA687F9F591F39CAC5A62D.d.6565C2ABAFA2DE869D153C59102EF19D.e.13380","ELEMENT":"f.647512A71DDA687F9F591F39CAC5A62D.d.6565C2ABAFA2DE869D153C59102EF19D.e.13380"}]}
RESULT: {"script":"<script> [8489 bytes]","args":[{"element-6066-11e4-a52e-4f735466cecf":"f.647512A71DDA687F9F591F39CAC5A62D.d.6565C2ABAFA2DE869D153C59102EF19D.e.13380","ELEMENT":"f.647512A71DDA687F9F591F39CAC5A62D.d.6565C2ABAFA2DE869D153C59102EF19D.e.13380"}]}
COMMAND: GET /session/700a0ab92761895b5ec9a5372f8d46fb/screenshot - {}
RESULT: {}
COMMAND: POST /session/700a0ab92761895b5ec9a5372f8d46fb/execute/sync - {"script":"<script> [8489 bytes]","args":[{"element-6066-11e4-a52e-4f735466cecf":"f.647512A71DDA687F9F591F39CAC5A62D.d.6565C2ABAFA2DE869D153C59102EF19D.e.13380","ELEMENT":"f.647512A71DDA687F9F591F39CAC5A62D.d.6565C2ABAFA2DE869D153C59102EF19D.e.13380"}]}
RESULT: {"script":"<script> [8489 bytes]","args":[{"element-6066-11e4-a52e-4f735466cecf":"f.647512A71DDA687F9F591F39CAC5A62D.d.6565C2ABAFA2DE869D153C59102EF19D.e.13380","ELEMENT":"f.647512A71DDA687F9F591F39CAC5A62D.d.6565C2ABAFA2DE869D153C59102EF19D.e.13380"}]}
COMMAND: GET /session/700a0ab92761895b5ec9a5372f8d46fb/screenshot - {}
RESULT: {}
COMMAND: POST /session/700a0ab92761895b5ec9a5372f8d46fb/execute/sync - {"script":"<script> [8489 bytes]","args":[{"element-6066-11e4-a52e-4f735466cecf":"f.647512A71DDA687F9F591F39CAC5A62D.d.6565C2ABAFA2DE869D153C59102EF19D.e.13380","ELEMENT":"f.647512A71DDA687F9F591F39CAC5A62D.d.6565C2ABAFA2DE869D153C59102EF19D.e.13380"}]}
RESULT: {"script":"<script> [8489 bytes]","args":[{"element-6066-11e4-a52e-4f735466cecf":"f.647512A71DDA687F9F591F39CAC5A62D.d.6565C2ABAFA2DE869D153C59102EF19D.e.13380","ELEMENT":"f.647512A71DDA687F9F591F39CAC5A62D.d.6565C2ABAFA2DE869D153C59102EF19D.e.13380"}]}
COMMAND: GET /session/700a0ab92761895b5ec9a5372f8d46fb/screenshot - {}
RESULT: {}
COMMAND: POST /session/700a0ab92761895b5ec9a5372f8d46fb/execute/sync - {"script":"<script> [8489 bytes]","args":[{"element-6066-11e4-a52e-4f735466cecf":"f.647512A71DDA687F9F591F39CAC5A62D.d.6565C2ABAFA2DE869D153C59102EF19D.e.13380","ELEMENT":"f.647512A71DDA687F9F591F39CAC5A62D.d.6565C2ABAFA2DE869D153C59102EF19D.e.13380"}]}
RESULT: {"script":"<script> [8489 bytes]","args":[{"element-6066-11e4-a52e-4f735466cecf":"f.647512A71DDA687F9F591F39CAC5A62D.d.6565C2ABAFA2DE869D153C59102EF19D.e.13380","ELEMENT":"f.647512A71DDA687F9F591F39CAC5A62D.d.6565C2ABAFA2DE869D153C59102EF19D.e.13380"}]}
COMMAND: GET /session/700a0ab92761895b5ec9a5372f8d46fb/screenshot - {}
RESULT: {}
COMMAND: POST /session/700a0ab92761895b5ec9a5372f8d46fb/execute/sync - {"script":"<script> [8489 bytes]","args":[{"element-6066-11e4-a52e-4f735466cecf":"f.647512A71DDA687F9F591F39CAC5A62D.d.6565C2ABAFA2DE869D153C59102EF19D.e.13380","ELEMENT":"f.647512A71DDA687F9F591F39CAC5A62D.d.6565C2ABAFA2DE869D153C59102EF19D.e.13380"}]}
RESULT: {"script":"<script> [8489 bytes]","args":[{"element-6066-11e4-a52e-4f735466cecf":"f.647512A71DDA687F9F591F39CAC5A62D.d.6565C2ABAFA2DE869D153C59102EF19D.e.13380","ELEMENT":"f.647512A71DDA687F9F591F39CAC5A62D.d.6565C2ABAFA2DE869D153C59102EF19D.e.13380"}]}
COMMAND: GET /session/700a0ab92761895b5ec9a5372f8d46fb/screenshot - {}
RESULT: {}
COMMAND: POST /session/700a0ab92761895b5ec9a5372f8d46fb/execute/sync - {"script":"<script> [8489 bytes]","args":[{"element-6066-11e4-a52e-4f735466cecf":"f.647512A71DDA687F9F591F39CAC5A62D.d.6565C2ABAFA2DE869D153C59102EF19D.e.13380","ELEMENT":"f.647512A71DDA687F9F591F39CAC5A62D.d.6565C2ABAFA2DE869D153C59102EF19D.e.13380"}]}
RESULT: {"script":"<script> [8489 bytes]","args":[{"element-6066-11e4-a52e-4f735466cecf":"f.647512A71DDA687F9F591F39CAC5A62D.d.6565C2ABAFA2DE869D153C59102EF19D.e.13380","ELEMENT":"f.647512A71DDA687F9F591F39CAC5A62D.d.6565C2ABAFA2DE869D153C59102EF19D.e.13380"}]}
COMMAND: GET /session/700a0ab92761895b5ec9a5372f8d46fb/screenshot - {}
RESULT: {}
COMMAND: POST /session/700a0ab92761895b5ec9a5372f8d46fb/execute/sync - {"script":"<script> [8489 bytes]","args":[{"element-6066-11e4-a52e-4f735466cecf":"f.647512A71DDA687F9F591F39CAC5A62D.d.6565C2ABAFA2DE869D153C59102EF19D.e.13380","ELEMENT":"f.647512A71DDA687F9F591F39CAC5A62D.d.6565C2ABAFA2DE869D153C59102EF19D.e.13380"}]}
RESULT: {"script":"<script> [8489 bytes]","args":[{"element-6066-11e4-a52e-4f735466cecf":"f.647512A71DDA687F9F591F39CAC5A62D.d.6565C2ABAFA2DE869D153C59102EF19D.e.13380","ELEMENT":"f.647512A71DDA687F9F591F39CAC5A62D.d.6565C2ABAFA2DE869D153C59102EF19D.e.13380"}]}
COMMAND: GET /session/700a0ab92761895b5ec9a5372f8d46fb/screenshot - {}
RESULT: {}
COMMAND: POST /session/700a0ab92761895b5ec9a5372f8d46fb/execute/sync - {"script":"<script> [8489 bytes]","args":[{"element-6066-11e4-a52e-4f735466cecf":"f.647512A71DDA687F9F591F39CAC5A62D.d.6565C2ABAFA2DE869D153C59102EF19D.e.13380","ELEMENT":"f.647512A71DDA687F9F591F39CAC5A62D.d.6565C2ABAFA2DE869D153C59102EF19D.e.13380"}]}
RESULT: {"script":"<script> [8489 bytes]","args":[{"element-6066-11e4-a52e-4f735466cecf":"f.647512A71DDA687F9F591F39CAC5A62D.d.6565C2ABAFA2DE869D153C59102EF19D.e.13380","ELEMENT":"f.647512A71DDA687F9F591F39CAC5A62D.d.6565C2ABAFA2DE869D153C59102EF19D.e.13380"}]}
COMMAND: GET /session/700a0ab92761895b5ec9a5372f8d46fb/screenshot - {}
RESULT: {}
COMMAND: POST /session/700a0ab92761895b5ec9a5372f8d46fb/execute/sync - {"script":"<script> [8489 bytes]","args":[{"element-6066-11e4-a52e-4f735466cecf":"f.647512A71DDA687F9F591F39CAC5A62D.d.6565C2ABAFA2DE869D153C59102EF19D.e.13380","ELEMENT":"f.647512A71DDA687F9F591F39CAC5A62D.d.6565C2ABAFA2DE869D153C59102EF19D.e.13380"}]}
RESULT: {"script":"<script> [8489 bytes]","args":[{"element-6066-11e4-a52e-4f735466cecf":"f.647512A71DDA687F9F591F39CAC5A62D.d.6565C2ABAFA2DE869D153C59102EF19D.e.13380","ELEMENT":"f.647512A71DDA687F9F591F39CAC5A62D.d.6565C2ABAFA2DE869D153C59102EF19D.e.13380"}]}
COMMAND: GET /session/700a0ab92761895b5ec9a5372f8d46fb/screenshot - {}
RESULT: {}
COMMAND: POST /session/700a0ab92761895b5ec9a5372f8d46fb/execute/sync - {"script":"<script> [8489 bytes]","args":[{"element-6066-11e4-a52e-4f735466cecf":"f.647512A71DDA687F9F591F39CAC5A62D.d.6565C2ABAFA2DE869D153C59102EF19D.e.13380","ELEMENT":"f.647512A71DDA687F9F591F39CAC5A62D.d.6565C2ABAFA2DE869D153C59102EF19D.e.13380"}]}
RESULT: {"script":"<script> [8489 bytes]","args":[{"element-6066-11e4-a52e-4f735466cecf":"f.647512A71DDA687F9F591F39CAC5A62D.d.6565C2ABAFA2DE869D153C59102EF19D.e.13380","ELEMENT":"f.647512A71DDA687F9F591F39CAC5A62D.d.6565C2ABAFA2DE869D153C59102EF19D.e.13380"}]}
COMMAND: GET /session/700a0ab92761895b5ec9a5372f8d46fb/screenshot - {}
RESULT: {}
COMMAND: POST /session/700a0ab92761895b5ec9a5372f8d46fb/execute/sync - {"script":"<script> [8489 bytes]","args":[{"element-6066-11e4-a52e-4f735466cecf":"f.647512A71DDA687F9F591F39CAC5A62D.d.6565C2ABAFA2DE869D153C59102EF19D.e.13380","ELEMENT":"f.647512A71DDA687F9F591F39CAC5A62D.d.6565C2ABAFA2DE869D153C59102EF19D.e.13380"}]}
RESULT: {"script":"<script> [8489 bytes]","args":[{"element-6066-11e4-a52e-4f735466cecf":"f.647512A71DDA687F9F591F39CAC5A62D.d.6565C2ABAFA2DE869D153C59102EF19D.e.13380","ELEMENT":"f.647512A71DDA687F9F591F39CAC5A62D.d.6565C2ABAFA2DE869D153C59102EF19D.e.13380"}]}
COMMAND: GET /session/700a0ab92761895b5ec9a5372f8d46fb/screenshot - {}
RESULT: {}
COMMAND: POST /session/700a0ab92761895b5ec9a5372f8d46fb/execute/sync - {"script":"<script> [8489 bytes]","args":[{"element-6066-11e4-a52e-4f735466cecf":"f.647512A71DDA687F9F591F39CAC5A62D.d.6565C2ABAFA2DE869D153C59102EF19D.e.13380","ELEMENT":"f.647512A71DDA687F9F591F39CAC5A62D.d.6565C2ABAFA2DE869D153C59102EF19D.e.13380"}]}
RESULT: {"script":"<script> [8489 bytes]","args":[{"element-6066-11e4-a52e-4f735466cecf":"f.647512A71DDA687F9F591F39CAC5A62D.d.6565C2ABAFA2DE869D153C59102EF19D.e.13380","ELEMENT":"f.647512A71DDA687F9F591F39CAC5A62D.d.6565C2ABAFA2DE869D153C59102EF19D.e.13380"}]}
COMMAND: GET /session/700a0ab92761895b5ec9a5372f8d46fb/screenshot - {}
RESULT: {}
COMMAND: POST /session/700a0ab92761895b5ec9a5372f8d46fb/execute/sync - {"script":"<script> [8489 bytes]","args":[{"element-6066-11e4-a52e-4f735466cecf":"f.647512A71DDA687F9F591F39CAC5A62D.d.6565C2ABAFA2DE869D153C59102EF19D.e.13380","ELEMENT":"f.647512A71DDA687F9F591F39CAC5A62D.d.6565C2ABAFA2DE869D153C59102EF19D.e.13380"}]}
RESULT: {"script":"<script> [8489 bytes]","args":[{"element-6066-11e4-a52e-4f735466cecf":"f.647512A71DDA687F9F591F39CAC5A62D.d.6565C2ABAFA2DE869D153C59102EF19D.e.13380","ELEMENT":"f.647512A71DDA687F9F591F39CAC5A62D.d.6565C2ABAFA2DE869D153C59102EF19D.e.13380"}]}
COMMAND: GET /session/700a0ab92761895b5ec9a5372f8d46fb/screenshot - {}
RESULT: {}
COMMAND: POST /session/700a0ab92761895b5ec9a5372f8d46fb/execute/sync - {"script":"<script> [8489 bytes]","args":[{"element-6066-11e4-a52e-4f735466cecf":"f.647512A71DDA687F9F591F39CAC5A62D.d.6565C2ABAFA2DE869D153C59102EF19D.e.13380","ELEMENT":"f.647512A71DDA687F9F591F39CAC5A62D.d.6565C2ABAFA2DE869D153C59102EF19D.e.13380"}]}
RESULT: {"script":"<script> [8489 bytes]","args":[{"element-6066-11e4-a52e-4f735466cecf":"f.647512A71DDA687F9F591F39CAC5A62D.d.6565C2ABAFA2DE869D153C59102EF19D.e.13380","ELEMENT":"f.647512A71DDA687F9F591F39CAC5A62D.d.6565C2ABAFA2DE869D153C59102EF19D.e.13380"}]}
COMMAND: GET /session/700a0ab92761895b5ec9a5372f8d46fb/screenshot - {}
RESULT: {}
COMMAND: POST /session/700a0ab92761895b5ec9a5372f8d46fb/execute/sync - {"script":"<script> [8489 bytes]","args":[{"element-6066-11e4-a52e-4f735466cecf":"f.647512A71DDA687F9F591F39CAC5A62D.d.6565C2ABAFA2DE869D153C59102EF19D.e.13380","ELEMENT":"f.647512A71DDA687F9F591F39CAC5A62D.d.6565C2ABAFA2DE869D153C59102EF19D.e.13380"}]}
RESULT: {"script":"<script> [8489 bytes]","args":[{"element-6066-11e4-a52e-4f735466cecf":"f.647512A71DDA687F9F591F39CAC5A62D.d.6565C2ABAFA2DE869D153C59102EF19D.e.13380","ELEMENT":"f.647512A71DDA687F9F591F39CAC5A62D.d.6565C2ABAFA2DE869D153C59102EF19D.e.13380"}]}
COMMAND: GET /session/700a0ab92761895b5ec9a5372f8d46fb/screenshot - {}
RESULT: {}
COMMAND: POST /session/700a0ab92761895b5ec9a5372f8d46fb/execute/sync - {"script":"<script> [8489 bytes]","args":[{"element-6066-11e4-a52e-4f735466cecf":"f.647512A71DDA687F9F591F39CAC5A62D.d.6565C2ABAFA2DE869D153C59102EF19D.e.13380","ELEMENT":"f.647512A71DDA687F9F591F39CAC5A62D.d.6565C2ABAFA2DE869D153C59102EF19D.e.13380"}]}
RESULT: {"script":"<script> [8489 bytes]","args":[{"element-6066-11e4-a52e-4f735466cecf":"f.647512A71DDA687F9F591F39CAC5A62D.d.6565C2ABAFA2DE869D153C59102EF19D.e.13380","ELEMENT":"f.647512A71DDA687F9F591F39CAC5A62D.d.6565C2ABAFA2DE869D153C59102EF19D.e.13380"}]}
COMMAND: GET /session/700a0ab92761895b5ec9a5372f8d46fb/screenshot - {}
RESULT: {}
COMMAND: POST /session/700a0ab92761895b5ec9a5372f8d46fb/execute/sync - {"script":"<script> [8489 bytes]","args":[{"element-6066-11e4-a52e-4f735466cecf":"f.647512A71DDA687F9F591F39CAC5A62D.d.6565C2ABAFA2DE869D153C59102EF19D.e.13380","ELEMENT":"f.647512A71DDA687F9F591F39CAC5A62D.d.6565C2ABAFA2DE869D153C59102EF19D.e.13380"}]}
RESULT: {"script":"<script> [8489 bytes]","args":[{"element-6066-11e4-a52e-4f735466cecf":"f.647512A71DDA687F9F591F39CAC5A62D.d.6565C2ABAFA2DE869D153C59102EF19D.e.13380","ELEMENT":"f.647512A71DDA687F9F591F39CAC5A62D.d.6565C2ABAFA2DE869D153C59102EF19D.e.13380"}]}
COMMAND: GET /session/700a0ab92761895b5ec9a5372f8d46fb/screenshot - {}
RESULT: {}
COMMAND: POST /session/700a0ab92761895b5ec9a5372f8d46fb/execute/sync - {"script":"<script> [8489 bytes]","args":[{"element-6066-11e4-a52e-4f735466cecf":"f.647512A71DDA687F9F591F39CAC5A62D.d.6565C2ABAFA2DE869D153C59102EF19D.e.13380","ELEMENT":"f.647512A71DDA687F9F591F39CAC5A62D.d.6565C2ABAFA2DE869D153C59102EF19D.e.13380"}]}
RESULT: {"script":"<script> [8489 bytes]","args":[{"element-6066-11e4-a52e-4f735466cecf":"f.647512A71DDA687F9F591F39CAC5A62D.d.6565C2ABAFA2DE869D153C59102EF19D.e.13380","ELEMENT":"f.647512A71DDA687F9F591F39CAC5A62D.d.6565C2ABAFA2DE869D153C59102EF19D.e.13380"}]}
COMMAND: GET /session/700a0ab92761895b5ec9a5372f8d46fb/screenshot - {}
RESULT: {}
COMMAND: POST /session/700a0ab92761895b5ec9a5372f8d46fb/execute/sync - {"script":"<script> [8489 bytes]","args":[{"element-6066-11e4-a52e-4f735466cecf":"f.647512A71DDA687F9F591F39CAC5A62D.d.6565C2ABAFA2DE869D153C59102EF19D.e.13380","ELEMENT":"f.647512A71DDA687F9F591F39CAC5A62D.d.6565C2ABAFA2DE869D153C59102EF19D.e.13380"}]}
RESULT: {"script":"<script> [8489 bytes]","args":[{"element-6066-11e4-a52e-4f735466cecf":"f.647512A71DDA687F9F591F39CAC5A62D.d.6565C2ABAFA2DE869D153C59102EF19D.e.13380","ELEMENT":"f.647512A71DDA687F9F591F39CAC5A62D.d.6565C2ABAFA2DE869D153C59102EF19D.e.13380"}]}
COMMAND: GET /session/700a0ab92761895b5ec9a5372f8d46fb/screenshot - {}
RESULT: {}
COMMAND: POST /session/700a0ab92761895b5ec9a5372f8d46fb/execute/sync - {"script":"<script> [8489 bytes]","args":[{"element-6066-11e4-a52e-4f735466cecf":"f.647512A71DDA687F9F591F39CAC5A62D.d.6565C2ABAFA2DE869D153C59102EF19D.e.13380","ELEMENT":"f.647512A71DDA687F9F591F39CAC5A62D.d.6565C2ABAFA2DE869D153C59102EF19D.e.13380"}]}
RESULT: {"script":"<script> [8489 bytes]","args":[{"element-6066-11e4-a52e-4f735466cecf":"f.647512A71DDA687F9F591F39CAC5A62D.d.6565C2ABAFA2DE869D153C59102EF19D.e.13380","ELEMENT":"f.647512A71DDA687F9F591F39CAC5A62D.d.6565C2ABAFA2DE869D153C59102EF19D.e.13380"}]}
COMMAND: GET /session/700a0ab92761895b5ec9a5372f8d46fb/screenshot - {}
RESULT: {}
COMMAND: POST /session/700a0ab92761895b5ec9a5372f8d46fb/execute/sync - {"script":"<script> [8489 bytes]","args":[{"element-6066-11e4-a52e-4f735466cecf":"f.647512A71DDA687F9F591F39CAC5A62D.d.6565C2ABAFA2DE869D153C59102EF19D.e.13380","ELEMENT":"f.647512A71DDA687F9F591F39CAC5A62D.d.6565C2ABAFA2DE869D153C59102EF19D.e.13380"}]}
RESULT: {"script":"<script> [8489 bytes]","args":[{"element-6066-11e4-a52e-4f735466cecf":"f.647512A71DDA687F9F591F39CAC5A62D.d.6565C2ABAFA2DE869D153C59102EF19D.e.13380","ELEMENT":"f.647512A71DDA687F9F591F39CAC5A62D.d.6565C2ABAFA2DE869D153C59102EF19D.e.13380"}]}
COMMAND: GET /session/700a0ab92761895b5ec9a5372f8d46fb/screenshot - {}
RESULT: {}
COMMAND: POST /session/700a0ab92761895b5ec9a5372f8d46fb/execute/sync - {"script":"<script> [8489 bytes]","args":[{"element-6066-11e4-a52e-4f735466cecf":"f.647512A71DDA687F9F591F39CAC5A62D.d.6565C2ABAFA2DE869D153C59102EF19D.e.13380","ELEMENT":"f.647512A71DDA687F9F591F39CAC5A62D.d.6565C2ABAFA2DE869D153C59102EF19D.e.13380"}]}
RESULT: {"script":"<script> [8489 bytes]","args":[{"element-6066-11e4-a52e-4f735466cecf":"f.647512A71DDA687F9F591F39CAC5A62D.d.6565C2ABAFA2DE869D153C59102EF19D.e.13380","ELEMENT":"f.647512A71DDA687F9F591F39CAC5A62D.d.6565C2ABAFA2DE869D153C59102EF19D.e.13380"}]}
COMMAND: GET /session/700a0ab92761895b5ec9a5372f8d46fb/screenshot - {}
RESULT: {}
COMMAND: POST /session/700a0ab92761895b5ec9a5372f8d46fb/execute/sync - {"script":"<script> [8489 bytes]","args":[{"element-6066-11e4-a52e-4f735466cecf":"f.647512A71DDA687F9F591F39CAC5A62D.d.6565C2ABAFA2DE869D153C59102EF19D.e.13380","ELEMENT":"f.647512A71DDA687F9F591F39CAC5A62D.d.6565C2ABAFA2DE869D153C59102EF19D.e.13380"}]}
RESULT: {"script":"<script> [8489 bytes]","args":[{"element-6066-11e4-a52e-4f735466cecf":"f.647512A71DDA687F9F591F39CAC5A62D.d.6565C2ABAFA2DE869D153C59102EF19D.e.13380","ELEMENT":"f.647512A71DDA687F9F591F39CAC5A62D.d.6565C2ABAFA2DE869D153C59102EF19D.e.13380"}]}
COMMAND: GET /session/700a0ab92761895b5ec9a5372f8d46fb/screenshot - {}
RESULT: {}
COMMAND: POST /session/700a0ab92761895b5ec9a5372f8d46fb/execute/sync - {"script":"<script> [8489 bytes]","args":[{"element-6066-11e4-a52e-4f735466cecf":"f.647512A71DDA687F9F591F39CAC5A62D.d.6565C2ABAFA2DE869D153C59102EF19D.e.13380","ELEMENT":"f.647512A71DDA687F9F591F39CAC5A62D.d.6565C2ABAFA2DE869D153C59102EF19D.e.13380"}]}
RESULT: {"script":"<script> [8489 bytes]","args":[{"element-6066-11e4-a52e-4f735466cecf":"f.647512A71DDA687F9F591F39CAC5A62D.d.6565C2ABAFA2DE869D153C59102EF19D.e.13380","ELEMENT":"f.647512A71DDA687F9F591F39CAC5A62D.d.6565C2ABAFA2DE869D153C59102EF19D.e.13380"}]}
COMMAND: GET /session/700a0ab92761895b5ec9a5372f8d46fb/screenshot - {}
RESULT: {}
COMMAND: POST /session/700a0ab92761895b5ec9a5372f8d46fb/execute/sync - {"script":"<script> [8489 bytes]","args":[{"element-6066-11e4-a52e-4f735466cecf":"f.647512A71DDA687F9F591F39CAC5A62D.d.6565C2ABAFA2DE869D153C59102EF19D.e.13380","ELEMENT":"f.647512A71DDA687F9F591F39CAC5A62D.d.6565C2ABAFA2DE869D153C59102EF19D.e.13380"}]}
RESULT: {"script":"<script> [8489 bytes]","args":[{"element-6066-11e4-a52e-4f735466cecf":"f.647512A71DDA687F9F591F39CAC5A62D.d.6565C2ABAFA2DE869D153C59102EF19D.e.13380","ELEMENT":"f.647512A71DDA687F9F591F39CAC5A62D.d.6565C2ABAFA2DE869D153C59102EF19D.e.13380"}]}
COMMAND: GET /session/700a0ab92761895b5ec9a5372f8d46fb/screenshot - {}
RESULT: {}
COMMAND: POST /session/700a0ab92761895b5ec9a5372f8d46fb/execute/sync - {"script":"<script> [8489 bytes]","args":[{"element-6066-11e4-a52e-4f735466cecf":"f.647512A71DDA687F9F591F39CAC5A62D.d.6565C2ABAFA2DE869D153C59102EF19D.e.13380","ELEMENT":"f.647512A71DDA687F9F591F39CAC5A62D.d.6565C2ABAFA2DE869D153C59102EF19D.e.13380"}]}
RESULT: {"script":"<script> [8489 bytes]","args":[{"element-6066-11e4-a52e-4f735466cecf":"f.647512A71DDA687F9F591F39CAC5A62D.d.6565C2ABAFA2DE869D153C59102EF19D.e.13380","ELEMENT":"f.647512A71DDA687F9F591F39CAC5A62D.d.6565C2ABAFA2DE869D153C59102EF19D.e.13380"}]}
COMMAND: GET /session/700a0ab92761895b5ec9a5372f8d46fb/screenshot - {}
RESULT: {}
COMMAND: POST /session/700a0ab92761895b5ec9a5372f8d46fb/execute/sync - {"script":"<script> [8489 bytes]","args":[{"element-6066-11e4-a52e-4f735466cecf":"f.647512A71DDA687F9F591F39CAC5A62D.d.6565C2ABAFA2DE869D153C59102EF19D.e.13380","ELEMENT":"f.647512A71DDA687F9F591F39CAC5A62D.d.6565C2ABAFA2DE869D153C59102EF19D.e.13380"}]}
RESULT: {"script":"<script> [8489 bytes]","args":[{"element-6066-11e4-a52e-4f735466cecf":"f.647512A71DDA687F9F591F39CAC5A62D.d.6565C2ABAFA2DE869D153C59102EF19D.e.13380","ELEMENT":"f.647512A71DDA687F9F591F39CAC5A62D.d.6565C2ABAFA2DE869D153C59102EF19D.e.13380"}]}
COMMAND: GET /session/700a0ab92761895b5ec9a5372f8d46fb/screenshot - {}
RESULT: {}
COMMAND: POST /session/700a0ab92761895b5ec9a5372f8d46fb/execute/sync - {"script":"<script> [8489 bytes]","args":[{"element-6066-11e4-a52e-4f735466cecf":"f.647512A71DDA687F9F591F39CAC5A62D.d.6565C2ABAFA2DE869D153C59102EF19D.e.13380","ELEMENT":"f.647512A71DDA687F9F591F39CAC5A62D.d.6565C2ABAFA2DE869D153C59102EF19D.e.13380"}]}
RESULT: {"script":"<script> [8489 bytes]","args":[{"element-6066-11e4-a52e-4f735466cecf":"f.647512A71DDA687F9F591F39CAC5A62D.d.6565C2ABAFA2DE869D153C59102EF19D.e.13380","ELEMENT":"f.647512A71DDA687F9F591F39CAC5A62D.d.6565C2ABAFA2DE869D153C59102EF19D.e.13380"}]}
COMMAND: GET /session/700a0ab92761895b5ec9a5372f8d46fb/screenshot - {}
RESULT: {}
COMMAND: POST /session/700a0ab92761895b5ec9a5372f8d46fb/execute/sync - {"script":"<script> [8489 bytes]","args":[{"element-6066-11e4-a52e-4f735466cecf":"f.647512A71DDA687F9F591F39CAC5A62D.d.6565C2ABAFA2DE869D153C59102EF19D.e.13380","ELEMENT":"f.647512A71DDA687F9F591F39CAC5A62D.d.6565C2ABAFA2DE869D153C59102EF19D.e.13380"}]}
RESULT: {"script":"<script> [8489 bytes]","args":[{"element-6066-11e4-a52e-4f735466cecf":"f.647512A71DDA687F9F591F39CAC5A62D.d.6565C2ABAFA2DE869D153C59102EF19D.e.13380","ELEMENT":"f.647512A71DDA687F9F591F39CAC5A62D.d.6565C2ABAFA2DE869D153C59102EF19D.e.13380"}]}
COMMAND: GET /session/700a0ab92761895b5ec9a5372f8d46fb/screenshot - {}
RESULT: {}
COMMAND: POST /session/700a0ab92761895b5ec9a5372f8d46fb/execute/sync - {"script":"<script> [8489 bytes]","args":[{"element-6066-11e4-a52e-4f735466cecf":"f.647512A71DDA687F9F591F39CAC5A62D.d.6565C2ABAFA2DE869D153C59102EF19D.e.13380","ELEMENT":"f.647512A71DDA687F9F591F39CAC5A62D.d.6565C2ABAFA2DE869D153C59102EF19D.e.13380"}]}
RESULT: {"script":"<script> [8489 bytes]","args":[{"element-6066-11e4-a52e-4f735466cecf":"f.647512A71DDA687F9F591F39CAC5A62D.d.6565C2ABAFA2DE869D153C59102EF19D.e.13380","ELEMENT":"f.647512A71DDA687F9F591F39CAC5A62D.d.6565C2ABAFA2DE869D153C59102EF19D.e.13380"}]}
COMMAND: GET /session/700a0ab92761895b5ec9a5372f8d46fb/screenshot - {}
RESULT: {}
COMMAND: POST /session/700a0ab92761895b5ec9a5372f8d46fb/execute/sync - {"script":"<script> [8489 bytes]","args":[{"element-6066-11e4-a52e-4f735466cecf":"f.647512A71DDA687F9F591F39CAC5A62D.d.6565C2ABAFA2DE869D153C59102EF19D.e.13380","ELEMENT":"f.647512A71DDA687F9F591F39CAC5A62D.d.6565C2ABAFA2DE869D153C59102EF19D.e.13380"}]}
RESULT: {"script":"<script> [8489 bytes]","args":[{"element-6066-11e4-a52e-4f735466cecf":"f.647512A71DDA687F9F591F39CAC5A62D.d.6565C2ABAFA2DE869D153C59102EF19D.e.13380","ELEMENT":"f.647512A71DDA687F9F591F39CAC5A62D.d.6565C2ABAFA2DE869D153C59102EF19D.e.13380"}]}
COMMAND: GET /session/700a0ab92761895b5ec9a5372f8d46fb/screenshot - {}
RESULT: {}
COMMAND: POST /session/700a0ab92761895b5ec9a5372f8d46fb/execute/sync - {"script":"<script> [8489 bytes]","args":[{"element-6066-11e4-a52e-4f735466cecf":"f.647512A71DDA687F9F591F39CAC5A62D.d.6565C2ABAFA2DE869D153C59102EF19D.e.13380","ELEMENT":"f.647512A71DDA687F9F591F39CAC5A62D.d.6565C2ABAFA2DE869D153C59102EF19D.e.13380"}]}
RESULT: {"script":"<script> [8489 bytes]","args":[{"element-6066-11e4-a52e-4f735466cecf":"f.647512A71DDA687F9F591F39CAC5A62D.d.6565C2ABAFA2DE869D153C59102EF19D.e.13380","ELEMENT":"f.647512A71DDA687F9F591F39CAC5A62D.d.6565C2ABAFA2DE869D153C59102EF19D.e.13380"}]}
COMMAND: GET /session/700a0ab92761895b5ec9a5372f8d46fb/screenshot - {}
RESULT: {}
COMMAND: POST /session/700a0ab92761895b5ec9a5372f8d46fb/execute/sync - {"script":"<script> [8489 bytes]","args":[{"element-6066-11e4-a52e-4f735466cecf":"f.647512A71DDA687F9F591F39CAC5A62D.d.6565C2ABAFA2DE869D153C59102EF19D.e.13380","ELEMENT":"f.647512A71DDA687F9F591F39CAC5A62D.d.6565C2ABAFA2DE869D153C59102EF19D.e.13380"}]}
RESULT: {"script":"<script> [8489 bytes]","args":[{"element-6066-11e4-a52e-4f735466cecf":"f.647512A71DDA687F9F591F39CAC5A62D.d.6565C2ABAFA2DE869D153C59102EF19D.e.13380","ELEMENT":"f.647512A71DDA687F9F591F39CAC5A62D.d.6565C2ABAFA2DE869D153C59102EF19D.e.13380"}]}
COMMAND: GET /session/700a0ab92761895b5ec9a5372f8d46fb/screenshot - {}
RESULT: {}
COMMAND: POST /session/700a0ab92761895b5ec9a5372f8d46fb/execute/sync - {"script":"<script> [8489 bytes]","args":[{"element-6066-11e4-a52e-4f735466cecf":"f.647512A71DDA687F9F591F39CAC5A62D.d.6565C2ABAFA2DE869D153C59102EF19D.e.13380","ELEMENT":"f.647512A71DDA687F9F591F39CAC5A62D.d.6565C2ABAFA2DE869D153C59102EF19D.e.13380"}]}
RESULT: {"script":"<script> [8489 bytes]","args":[{"element-6066-11e4-a52e-4f735466cecf":"f.647512A71DDA687F9F591F39CAC5A62D.d.6565C2ABAFA2DE869D153C59102EF19D.e.13380","ELEMENT":"f.647512A71DDA687F9F591F39CAC5A62D.d.6565C2ABAFA2DE869D153C59102EF19D.e.13380"}]}
COMMAND: GET /session/700a0ab92761895b5ec9a5372f8d46fb/screenshot - {}
RESULT: {}
COMMAND: POST /session/700a0ab92761895b5ec9a5372f8d46fb/execute/sync - {"script":"<script> [8489 bytes]","args":[{"element-6066-11e4-a52e-4f735466cecf":"f.647512A71DDA687F9F591F39CAC5A62D.d.6565C2ABAFA2DE869D153C59102EF19D.e.13380","ELEMENT":"f.647512A71DDA687F9F591F39CAC5A62D.d.6565C2ABAFA2DE869D153C59102EF19D.e.13380"}]}
RESULT: {"script":"<script> [8489 bytes]","args":[{"element-6066-11e4-a52e-4f735466cecf":"f.647512A71DDA687F9F591F39CAC5A62D.d.6565C2ABAFA2DE869D153C59102EF19D.e.13380","ELEMENT":"f.647512A71DDA687F9F591F39CAC5A62D.d.6565C2ABAFA2DE869D153C59102EF19D.e.13380"}]}
COMMAND: GET /session/700a0ab92761895b5ec9a5372f8d46fb/screenshot - {}
RESULT: {}
COMMAND: POST /session/700a0ab92761895b5ec9a5372f8d46fb/execute/sync - {"script":"<script> [8489 bytes]","args":[{"element-6066-11e4-a52e-4f735466cecf":"f.647512A71DDA687F9F591F39CAC5A62D.d.6565C2ABAFA2DE869D153C59102EF19D.e.13380","ELEMENT":"f.647512A71DDA687F9F591F39CAC5A62D.d.6565C2ABAFA2DE869D153C59102EF19D.e.13380"}]}
RESULT: {"script":"<script> [8489 bytes]","args":[{"element-6066-11e4-a52e-4f735466cecf":"f.647512A71DDA687F9F591F39CAC5A62D.d.6565C2ABAFA2DE869D153C59102EF19D.e.13380","ELEMENT":"f.647512A71DDA687F9F591F39CAC5A62D.d.6565C2ABAFA2DE869D153C59102EF19D.e.13380"}]}
COMMAND: GET /session/700a0ab92761895b5ec9a5372f8d46fb/screenshot - {}
RESULT: {}
COMMAND: POST /session/700a0ab92761895b5ec9a5372f8d46fb/execute/sync - {"script":"<script> [8489 bytes]","args":[{"element-6066-11e4-a52e-4f735466cecf":"f.647512A71DDA687F9F591F39CAC5A62D.d.6565C2ABAFA2DE869D153C59102EF19D.e.13380","ELEMENT":"f.647512A71DDA687F9F591F39CAC5A62D.d.6565C2ABAFA2DE869D153C59102EF19D.e.13380"}]}
RESULT: {"script":"<script> [8489 bytes]","args":[{"element-6066-11e4-a52e-4f735466cecf":"f.647512A71DDA687F9F591F39CAC5A62D.d.6565C2ABAFA2DE869D153C59102EF19D.e.13380","ELEMENT":"f.647512A71DDA687F9F591F39CAC5A62D.d.6565C2ABAFA2DE869D153C59102EF19D.e.13380"}]}
COMMAND: GET /session/700a0ab92761895b5ec9a5372f8d46fb/screenshot - {}
RESULT: {}
COMMAND: POST /session/700a0ab92761895b5ec9a5372f8d46fb/execute/sync - {"script":"<script> [8489 bytes]","args":[{"element-6066-11e4-a52e-4f735466cecf":"f.647512A71DDA687F9F591F39CAC5A62D.d.6565C2ABAFA2DE869D153C59102EF19D.e.13380","ELEMENT":"f.647512A71DDA687F9F591F39CAC5A62D.d.6565C2ABAFA2DE869D153C59102EF19D.e.13380"}]}
RESULT: {"script":"<script> [8489 bytes]","args":[{"element-6066-11e4-a52e-4f735466cecf":"f.647512A71DDA687F9F591F39CAC5A62D.d.6565C2ABAFA2DE869D153C59102EF19D.e.13380","ELEMENT":"f.647512A71DDA687F9F591F39CAC5A62D.d.6565C2ABAFA2DE869D153C59102EF19D.e.13380"}]}
COMMAND: GET /session/700a0ab92761895b5ec9a5372f8d46fb/screenshot - {}
RESULT: {}
COMMAND: POST /session/700a0ab92761895b5ec9a5372f8d46fb/execute/sync - {"script":"<script> [8489 bytes]","args":[{"element-6066-11e4-a52e-4f735466cecf":"f.647512A71DDA687F9F591F39CAC5A62D.d.6565C2ABAFA2DE869D153C59102EF19D.e.13380","ELEMENT":"f.647512A71DDA687F9F591F39CAC5A62D.d.6565C2ABAFA2DE869D153C59102EF19D.e.13380"}]}
RESULT: {"script":"<script> [8489 bytes]","args":[{"element-6066-11e4-a52e-4f735466cecf":"f.647512A71DDA687F9F591F39CAC5A62D.d.6565C2ABAFA2DE869D153C59102EF19D.e.13380","ELEMENT":"f.647512A71DDA687F9F591F39CAC5A62D.d.6565C2ABAFA2DE869D153C59102EF19D.e.13380"}]}
COMMAND: GET /session/700a0ab92761895b5ec9a5372f8d46fb/screenshot - {}
RESULT: {}
COMMAND: POST /session/700a0ab92761895b5ec9a5372f8d46fb/execute/sync - {"script":"<script> [8489 bytes]","args":[{"element-6066-11e4-a52e-4f735466cecf":"f.647512A71DDA687F9F591F39CAC5A62D.d.6565C2ABAFA2DE869D153C59102EF19D.e.13380","ELEMENT":"f.647512A71DDA687F9F591F39CAC5A62D.d.6565C2ABAFA2DE869D153C59102EF19D.e.13380"}]}
RESULT: {"script":"<script> [8489 bytes]","args":[{"element-6066-11e4-a52e-4f735466cecf":"f.647512A71DDA687F9F591F39CAC5A62D.d.6565C2ABAFA2DE869D153C59102EF19D.e.13380","ELEMENT":"f.647512A71DDA687F9F591F39CAC5A62D.d.6565C2ABAFA2DE869D153C59102EF19D.e.13380"}]}
COMMAND: GET /session/700a0ab92761895b5ec9a5372f8d46fb/screenshot - {}
RESULT: {}
COMMAND: POST /session/700a0ab92761895b5ec9a5372f8d46fb/execute/sync - {"script":"<script> [8489 bytes]","args":[{"element-6066-11e4-a52e-4f735466cecf":"f.647512A71DDA687F9F591F39CAC5A62D.d.6565C2ABAFA2DE869D153C59102EF19D.e.13380","ELEMENT":"f.647512A71DDA687F9F591F39CAC5A62D.d.6565C2ABAFA2DE869D153C59102EF19D.e.13380"}]}
RESULT: {"script":"<script> [8489 bytes]","args":[{"element-6066-11e4-a52e-4f735466cecf":"f.647512A71DDA687F9F591F39CAC5A62D.d.6565C2ABAFA2DE869D153C59102EF19D.e.13380","ELEMENT":"f.647512A71DDA687F9F591F39CAC5A62D.d.6565C2ABAFA2DE869D153C59102EF19D.e.13380"}]}
COMMAND: GET /session/700a0ab92761895b5ec9a5372f8d46fb/screenshot - {}
RESULT: {}
COMMAND: POST /session/700a0ab92761895b5ec9a5372f8d46fb/execute/sync - {"script":"<script> [8489 bytes]","args":[{"element-6066-11e4-a52e-4f735466cecf":"f.647512A71DDA687F9F591F39CAC5A62D.d.6565C2ABAFA2DE869D153C59102EF19D.e.13380","ELEMENT":"f.647512A71DDA687F9F591F39CAC5A62D.d.6565C2ABAFA2DE869D153C59102EF19D.e.13380"}]}
RESULT: {"script":"<script> [8489 bytes]","args":[{"element-6066-11e4-a52e-4f735466cecf":"f.647512A71DDA687F9F591F39CAC5A62D.d.6565C2ABAFA2DE869D153C59102EF19D.e.13380","ELEMENT":"f.647512A71DDA687F9F591F39CAC5A62D.d.6565C2ABAFA2DE869D153C59102EF19D.e.13380"}]}
COMMAND: GET /session/700a0ab92761895b5ec9a5372f8d46fb/screenshot - {}
RESULT: {}
COMMAND: POST /session/700a0ab92761895b5ec9a5372f8d46fb/execute/sync - {"script":"<script> [8489 bytes]","args":[{"element-6066-11e4-a52e-4f735466cecf":"f.647512A71DDA687F9F591F39CAC5A62D.d.6565C2ABAFA2DE869D153C59102EF19D.e.13380","ELEMENT":"f.647512A71DDA687F9F591F39CAC5A62D.d.6565C2ABAFA2DE869D153C59102EF19D.e.13380"}]}
RESULT: {"script":"<script> [8489 bytes]","args":[{"element-6066-11e4-a52e-4f735466cecf":"f.647512A71DDA687F9F591F39CAC5A62D.d.6565C2ABAFA2DE869D153C59102EF19D.e.13380","ELEMENT":"f.647512A71DDA687F9F591F39CAC5A62D.d.6565C2ABAFA2DE869D153C59102EF19D.e.13380"}]}
COMMAND: GET /session/700a0ab92761895b5ec9a5372f8d46fb/screenshot - {}
RESULT: {}
COMMAND: POST /session/700a0ab92761895b5ec9a5372f8d46fb/execute/sync - {"script":"<script> [8489 bytes]","args":[{"element-6066-11e4-a52e-4f735466cecf":"f.647512A71DDA687F9F591F39CAC5A62D.d.6565C2ABAFA2DE869D153C59102EF19D.e.13380","ELEMENT":"f.647512A71DDA687F9F591F39CAC5A62D.d.6565C2ABAFA2DE869D153C59102EF19D.e.13380"}]}
RESULT: {"script":"<script> [8489 bytes]","args":[{"element-6066-11e4-a52e-4f735466cecf":"f.647512A71DDA687F9F591F39CAC5A62D.d.6565C2ABAFA2DE869D153C59102EF19D.e.13380","ELEMENT":"f.647512A71DDA687F9F591F39CAC5A62D.d.6565C2ABAFA2DE869D153C59102EF19D.e.13380"}]}
COMMAND: GET /session/700a0ab92761895b5ec9a5372f8d46fb/screenshot - {}
RESULT: {}
COMMAND: POST /session/700a0ab92761895b5ec9a5372f8d46fb/execute/sync - {"script":"<script> [8489 bytes]","args":[{"element-6066-11e4-a52e-4f735466cecf":"f.647512A71DDA687F9F591F39CAC5A62D.d.6565C2ABAFA2DE869D153C59102EF19D.e.13380","ELEMENT":"f.647512A71DDA687F9F591F39CAC5A62D.d.6565C2ABAFA2DE869D153C59102EF19D.e.13380"}]}
RESULT: {"script":"<script> [8489 bytes]","args":[{"element-6066-11e4-a52e-4f735466cecf":"f.647512A71DDA687F9F591F39CAC5A62D.d.6565C2ABAFA2DE869D153C59102EF19D.e.13380","ELEMENT":"f.647512A71DDA687F9F591F39CAC5A62D.d.6565C2ABAFA2DE869D153C59102EF19D.e.13380"}]}
COMMAND: GET /session/700a0ab92761895b5ec9a5372f8d46fb/screenshot - {}
RESULT: {}
COMMAND: POST /session/700a0ab92761895b5ec9a5372f8d46fb/execute/sync - {"script":"<script> [8489 bytes]","args":[{"element-6066-11e4-a52e-4f735466cecf":"f.647512A71DDA687F9F591F39CAC5A62D.d.6565C2ABAFA2DE869D153C59102EF19D.e.13380","ELEMENT":"f.647512A71DDA687F9F591F39CAC5A62D.d.6565C2ABAFA2DE869D153C59102EF19D.e.13380"}]}
RESULT: {"script":"<script> [8489 bytes]","args":[{"element-6066-11e4-a52e-4f735466cecf":"f.647512A71DDA687F9F591F39CAC5A62D.d.6565C2ABAFA2DE869D153C59102EF19D.e.13380","ELEMENT":"f.647512A71DDA687F9F591F39CAC5A62D.d.6565C2ABAFA2DE869D153C59102EF19D.e.13380"}]}
COMMAND: GET /session/700a0ab92761895b5ec9a5372f8d46fb/screenshot - {}
RESULT: {}
COMMAND: POST /session/700a0ab92761895b5ec9a5372f8d46fb/execute/sync - {"script":"<script> [8489 bytes]","args":[{"element-6066-11e4-a52e-4f735466cecf":"f.647512A71DDA687F9F591F39CAC5A62D.d.6565C2ABAFA2DE869D153C59102EF19D.e.13380","ELEMENT":"f.647512A71DDA687F9F591F39CAC5A62D.d.6565C2ABAFA2DE869D153C59102EF19D.e.13380"}]}
RESULT: {"script":"<script> [8489 bytes]","args":[{"element-6066-11e4-a52e-4f735466cecf":"f.647512A71DDA687F9F591F39CAC5A62D.d.6565C2ABAFA2DE869D153C59102EF19D.e.13380","ELEMENT":"f.647512A71DDA687F9F591F39CAC5A62D.d.6565C2ABAFA2DE869D153C59102EF19D.e.13380"}]}
COMMAND: GET /session/700a0ab92761895b5ec9a5372f8d46fb/screenshot - {}
RESULT: {}
COMMAND: POST /session/700a0ab92761895b5ec9a5372f8d46fb/execute/sync - {"script":"<script> [8489 bytes]","args":[{"element-6066-11e4-a52e-4f735466cecf":"f.647512A71DDA687F9F591F39CAC5A62D.d.6565C2ABAFA2DE869D153C59102EF19D.e.13380","ELEMENT":"f.647512A71DDA687F9F591F39CAC5A62D.d.6565C2ABAFA2DE869D153C59102EF19D.e.13380"}]}
RESULT: {"script":"<script> [8489 bytes]","args":[{"element-6066-11e4-a52e-4f735466cecf":"f.647512A71DDA687F9F591F39CAC5A62D.d.6565C2ABAFA2DE869D153C59102EF19D.e.13380","ELEMENT":"f.647512A71DDA687F9F591F39CAC5A62D.d.6565C2ABAFA2DE869D153C59102EF19D.e.13380"}]}
COMMAND: GET /session/700a0ab92761895b5ec9a5372f8d46fb/screenshot - {}
RESULT: {}
COMMAND: POST /session/700a0ab92761895b5ec9a5372f8d46fb/execute/sync - {"script":"<script> [8489 bytes]","args":[{"element-6066-11e4-a52e-4f735466cecf":"f.647512A71DDA687F9F591F39CAC5A62D.d.6565C2ABAFA2DE869D153C59102EF19D.e.13380","ELEMENT":"f.647512A71DDA687F9F591F39CAC5A62D.d.6565C2ABAFA2DE869D153C59102EF19D.e.13380"}]}
RESULT: {"script":"<script> [8489 bytes]","args":[{"element-6066-11e4-a52e-4f735466cecf":"f.647512A71DDA687F9F591F39CAC5A62D.d.6565C2ABAFA2DE869D153C59102EF19D.e.13380","ELEMENT":"f.647512A71DDA687F9F591F39CAC5A62D.d.6565C2ABAFA2DE869D153C59102EF19D.e.13380"}]}
COMMAND: GET /session/700a0ab92761895b5ec9a5372f8d46fb/screenshot - {}
RESULT: {}
COMMAND: POST /session/700a0ab92761895b5ec9a5372f8d46fb/execute/sync - {"script":"<script> [8489 bytes]","args":[{"element-6066-11e4-a52e-4f735466cecf":"f.647512A71DDA687F9F591F39CAC5A62D.d.6565C2ABAFA2DE869D153C59102EF19D.e.13380","ELEMENT":"f.647512A71DDA687F9F591F39CAC5A62D.d.6565C2ABAFA2DE869D153C59102EF19D.e.13380"}]}
RESULT: {"script":"<script> [8489 bytes]","args":[{"element-6066-11e4-a52e-4f735466cecf":"f.647512A71DDA687F9F591F39CAC5A62D.d.6565C2ABAFA2DE869D153C59102EF19D.e.13380","ELEMENT":"f.647512A71DDA687F9F591F39CAC5A62D.d.6565C2ABAFA2DE869D153C59102EF19D.e.13380"}]}
COMMAND: GET /session/700a0ab92761895b5ec9a5372f8d46fb/screenshot - {}
RESULT: {}
COMMAND: POST /session/700a0ab92761895b5ec9a5372f8d46fb/execute/sync - {"script":"<script> [8489 bytes]","args":[{"element-6066-11e4-a52e-4f735466cecf":"f.647512A71DDA687F9F591F39CAC5A62D.d.6565C2ABAFA2DE869D153C59102EF19D.e.13380","ELEMENT":"f.647512A71DDA687F9F591F39CAC5A62D.d.6565C2ABAFA2DE869D153C59102EF19D.e.13380"}]}
RESULT: {"script":"<script> [8489 bytes]","args":[{"element-6066-11e4-a52e-4f735466cecf":"f.647512A71DDA687F9F591F39CAC5A62D.d.6565C2ABAFA2DE869D153C59102EF19D.e.13380","ELEMENT":"f.647512A71DDA687F9F591F39CAC5A62D.d.6565C2ABAFA2DE869D153C59102EF19D.e.13380"}]}
COMMAND: GET /session/700a0ab92761895b5ec9a5372f8d46fb/screenshot - {}
RESULT: {}
COMMAND: POST /session/700a0ab92761895b5ec9a5372f8d46fb/execute/sync - {"script":"<script> [8489 bytes]","args":[{"element-6066-11e4-a52e-4f735466cecf":"f.647512A71DDA687F9F591F39CAC5A62D.d.6565C2ABAFA2DE869D153C59102EF19D.e.13380","ELEMENT":"f.647512A71DDA687F9F591F39CAC5A62D.d.6565C2ABAFA2DE869D153C59102EF19D.e.13380"}]}
RESULT: {"script":"<script> [8489 bytes]","args":[{"element-6066-11e4-a52e-4f735466cecf":"f.647512A71DDA687F9F591F39CAC5A62D.d.6565C2ABAFA2DE869D153C59102EF19D.e.13380","ELEMENT":"f.647512A71DDA687F9F591F39CAC5A62D.d.6565C2ABAFA2DE869D153C59102EF19D.e.13380"}]}
COMMAND: GET /session/700a0ab92761895b5ec9a5372f8d46fb/screenshot - {}
RESULT: {}
COMMAND: POST /session/700a0ab92761895b5ec9a5372f8d46fb/execute/sync - {"script":"<script> [8489 bytes]","args":[{"element-6066-11e4-a52e-4f735466cecf":"f.647512A71DDA687F9F591F39CAC5A62D.d.6565C2ABAFA2DE869D153C59102EF19D.e.13380","ELEMENT":"f.647512A71DDA687F9F591F39CAC5A62D.d.6565C2ABAFA2DE869D153C59102EF19D.e.13380"}]}
RESULT: {"script":"<script> [8489 bytes]","args":[{"element-6066-11e4-a52e-4f735466cecf":"f.647512A71DDA687F9F591F39CAC5A62D.d.6565C2ABAFA2DE869D153C59102EF19D.e.13380","ELEMENT":"f.647512A71DDA687F9F591F39CAC5A62D.d.6565C2ABAFA2DE869D153C59102EF19D.e.13380"}]}
COMMAND: GET /session/700a0ab92761895b5ec9a5372f8d46fb/screenshot - {}
RESULT: {}
COMMAND: POST /session/700a0ab92761895b5ec9a5372f8d46fb/execute/sync - {"script":"<script> [8489 bytes]","args":[{"element-6066-11e4-a52e-4f735466cecf":"f.647512A71DDA687F9F591F39CAC5A62D.d.6565C2ABAFA2DE869D153C59102EF19D.e.13380","ELEMENT":"f.647512A71DDA687F9F591F39CAC5A62D.d.6565C2ABAFA2DE869D153C59102EF19D.e.13380"}]}
RESULT: {"script":"<script> [8489 bytes]","args":[{"element-6066-11e4-a52e-4f735466cecf":"f.647512A71DDA687F9F591F39CAC5A62D.d.6565C2ABAFA2DE869D153C59102EF19D.e.13380","ELEMENT":"f.647512A71DDA687F9F591F39CAC5A62D.d.6565C2ABAFA2DE869D153C59102EF19D.e.13380"}]}
COMMAND: GET /session/700a0ab92761895b5ec9a5372f8d46fb/screenshot - {}
RESULT: {}
COMMAND: POST /session/700a0ab92761895b5ec9a5372f8d46fb/execute/sync - {"script":"<script> [8489 bytes]","args":[{"element-6066-11e4-a52e-4f735466cecf":"f.647512A71DDA687F9F591F39CAC5A62D.d.6565C2ABAFA2DE869D153C59102EF19D.e.13380","ELEMENT":"f.647512A71DDA687F9F591F39CAC5A62D.d.6565C2ABAFA2DE869D153C59102EF19D.e.13380"}]}
RESULT: {"script":"<script> [8489 bytes]","args":[{"element-6066-11e4-a52e-4f735466cecf":"f.647512A71DDA687F9F591F39CAC5A62D.d.6565C2ABAFA2DE869D153C59102EF19D.e.13380","ELEMENT":"f.647512A71DDA687F9F591F39CAC5A62D.d.6565C2ABAFA2DE869D153C59102EF19D.e.13380"}]}
COMMAND: GET /session/700a0ab92761895b5ec9a5372f8d46fb/screenshot - {}
RESULT: {}
COMMAND: POST /session/700a0ab92761895b5ec9a5372f8d46fb/execute/sync - {"script":"<script> [8489 bytes]","args":[{"element-6066-11e4-a52e-4f735466cecf":"f.647512A71DDA687F9F591F39CAC5A62D.d.6565C2ABAFA2DE869D153C59102EF19D.e.13380","ELEMENT":"f.647512A71DDA687F9F591F39CAC5A62D.d.6565C2ABAFA2DE869D153C59102EF19D.e.13380"}]}
RESULT: {"script":"<script> [8489 bytes]","args":[{"element-6066-11e4-a52e-4f735466cecf":"f.647512A71DDA687F9F591F39CAC5A62D.d.6565C2ABAFA2DE869D153C59102EF19D.e.13380","ELEMENT":"f.647512A71DDA687F9F591F39CAC5A62D.d.6565C2ABAFA2DE869D153C59102EF19D.e.13380"}]}
COMMAND: GET /session/700a0ab92761895b5ec9a5372f8d46fb/screenshot - {}
RESULT: {}
COMMAND: POST /session/700a0ab92761895b5ec9a5372f8d46fb/execute/sync - {"script":"<script> [8489 bytes]","args":[{"element-6066-11e4-a52e-4f735466cecf":"f.647512A71DDA687F9F591F39CAC5A62D.d.6565C2ABAFA2DE869D153C59102EF19D.e.13380","ELEMENT":"f.647512A71DDA687F9F591F39CAC5A62D.d.6565C2ABAFA2DE869D153C59102EF19D.e.13380"}]}
RESULT: {"script":"<script> [8489 bytes]","args":[{"element-6066-11e4-a52e-4f735466cecf":"f.647512A71DDA687F9F591F39CAC5A62D.d.6565C2ABAFA2DE869D153C59102EF19D.e.13380","ELEMENT":"f.647512A71DDA687F9F591F39CAC5A62D.d.6565C2ABAFA2DE869D153C59102EF19D.e.13380"}]}
COMMAND: GET /session/700a0ab92761895b5ec9a5372f8d46fb/screenshot - {}
RESULT: {}
COMMAND: POST /session/700a0ab92761895b5ec9a5372f8d46fb/execute/sync - {"script":"<script> [8489 bytes]","args":[{"element-6066-11e4-a52e-4f735466cecf":"f.647512A71DDA687F9F591F39CAC5A62D.d.6565C2ABAFA2DE869D153C59102EF19D.e.13380","ELEMENT":"f.647512A71DDA687F9F591F39CAC5A62D.d.6565C2ABAFA2DE869D153C59102EF19D.e.13380"}]}
RESULT: {"script":"<script> [8489 bytes]","args":[{"element-6066-11e4-a52e-4f735466cecf":"f.647512A71DDA687F9F591F39CAC5A62D.d.6565C2ABAFA2DE869D153C59102EF19D.e.13380","ELEMENT":"f.647512A71DDA687F9F591F39CAC5A62D.d.6565C2ABAFA2DE869D153C59102EF19D.e.13380"}]}
COMMAND: GET /session/700a0ab92761895b5ec9a5372f8d46fb/screenshot - {}
RESULT: {}
COMMAND: POST /session/700a0ab92761895b5ec9a5372f8d46fb/execute/sync - {"script":"<script> [8489 bytes]","args":[{"element-6066-11e4-a52e-4f735466cecf":"f.647512A71DDA687F9F591F39CAC5A62D.d.6565C2ABAFA2DE869D153C59102EF19D.e.13380","ELEMENT":"f.647512A71DDA687F9F591F39CAC5A62D.d.6565C2ABAFA2DE869D153C59102EF19D.e.13380"}]}
RESULT: {"script":"<script> [8489 bytes]","args":[{"element-6066-11e4-a52e-4f735466cecf":"f.647512A71DDA687F9F591F39CAC5A62D.d.6565C2ABAFA2DE869D153C59102EF19D.e.13380","ELEMENT":"f.647512A71DDA687F9F591F39CAC5A62D.d.6565C2ABAFA2DE869D153C59102EF19D.e.13380"}]}
COMMAND: GET /session/700a0ab92761895b5ec9a5372f8d46fb/screenshot - {}
RESULT: {}
COMMAND: POST /session/700a0ab92761895b5ec9a5372f8d46fb/execute/sync - {"script":"<script> [8489 bytes]","args":[{"element-6066-11e4-a52e-4f735466cecf":"f.647512A71DDA687F9F591F39CAC5A62D.d.6565C2ABAFA2DE869D153C59102EF19D.e.13380","ELEMENT":"f.647512A71DDA687F9F591F39CAC5A62D.d.6565C2ABAFA2DE869D153C59102EF19D.e.13380"}]}
RESULT: {"script":"<script> [8489 bytes]","args":[{"element-6066-11e4-a52e-4f735466cecf":"f.647512A71DDA687F9F591F39CAC5A62D.d.6565C2ABAFA2DE869D153C59102EF19D.e.13380","ELEMENT":"f.647512A71DDA687F9F591F39CAC5A62D.d.6565C2ABAFA2DE869D153C59102EF19D.e.13380"}]}
COMMAND: GET /session/700a0ab92761895b5ec9a5372f8d46fb/screenshot - {}
RESULT: {}
COMMAND: POST /session/700a0ab92761895b5ec9a5372f8d46fb/execute/sync - {"script":"<script> [8489 bytes]","args":[{"element-6066-11e4-a52e-4f735466cecf":"f.647512A71DDA687F9F591F39CAC5A62D.d.6565C2ABAFA2DE869D153C59102EF19D.e.13380","ELEMENT":"f.647512A71DDA687F9F591F39CAC5A62D.d.6565C2ABAFA2DE869D153C59102EF19D.e.13380"}]}
RESULT: {"script":"<script> [8489 bytes]","args":[{"element-6066-11e4-a52e-4f735466cecf":"f.647512A71DDA687F9F591F39CAC5A62D.d.6565C2ABAFA2DE869D153C59102EF19D.e.13380","ELEMENT":"f.647512A71DDA687F9F591F39CAC5A62D.d.6565C2ABAFA2DE869D153C59102EF19D.e.13380"}]}
COMMAND: GET /session/700a0ab92761895b5ec9a5372f8d46fb/screenshot - {}
RESULT: {}
COMMAND: POST /session/700a0ab92761895b5ec9a5372f8d46fb/execute/sync - {"script":"<script> [8489 bytes]","args":[{"element-6066-11e4-a52e-4f735466cecf":"f.647512A71DDA687F9F591F39CAC5A62D.d.6565C2ABAFA2DE869D153C59102EF19D.e.13380","ELEMENT":"f.647512A71DDA687F9F591F39CAC5A62D.d.6565C2ABAFA2DE869D153C59102EF19D.e.13380"}]}
RESULT: {"script":"<script> [8489 bytes]","args":[{"element-6066-11e4-a52e-4f735466cecf":"f.647512A71DDA687F9F591F39CAC5A62D.d.6565C2ABAFA2DE869D153C59102EF19D.e.13380","ELEMENT":"f.647512A71DDA687F9F591F39CAC5A62D.d.6565C2ABAFA2DE869D153C59102EF19D.e.13380"}]}
COMMAND: GET /session/700a0ab92761895b5ec9a5372f8d46fb/screenshot - {}
RESULT: {}
COMMAND: POST /session/700a0ab92761895b5ec9a5372f8d46fb/execute/sync - {"script":"<script> [8489 bytes]","args":[{"element-6066-11e4-a52e-4f735466cecf":"f.647512A71DDA687F9F591F39CAC5A62D.d.6565C2ABAFA2DE869D153C59102EF19D.e.13380","ELEMENT":"f.647512A71DDA687F9F591F39CAC5A62D.d.6565C2ABAFA2DE869D153C59102EF19D.e.13380"}]}
RESULT: {"script":"<script> [8489 bytes]","args":[{"element-6066-11e4-a52e-4f735466cecf":"f.647512A71DDA687F9F591F39CAC5A62D.d.6565C2ABAFA2DE869D153C59102EF19D.e.13380","ELEMENT":"f.647512A71DDA687F9F591F39CAC5A62D.d.6565C2ABAFA2DE869D153C59102EF19D.e.13380"}]}
COMMAND: GET /session/700a0ab92761895b5ec9a5372f8d46fb/screenshot - {}
RESULT: {}
COMMAND: POST /session/700a0ab92761895b5ec9a5372f8d46fb/execute/sync - {"script":"<script> [8489 bytes]","args":[{"element-6066-11e4-a52e-4f735466cecf":"f.647512A71DDA687F9F591F39CAC5A62D.d.6565C2ABAFA2DE869D153C59102EF19D.e.13380","ELEMENT":"f.647512A71DDA687F9F591F39CAC5A62D.d.6565C2ABAFA2DE869D153C59102EF19D.e.13380"}]}
RESULT: {"script":"<script> [8489 bytes]","args":[{"element-6066-11e4-a52e-4f735466cecf":"f.647512A71DDA687F9F591F39CAC5A62D.d.6565C2ABAFA2DE869D153C59102EF19D.e.13380","ELEMENT":"f.647512A71DDA687F9F591F39CAC5A62D.d.6565C2ABAFA2DE869D153C59102EF19D.e.13380"}]}
COMMAND: GET /session/700a0ab92761895b5ec9a5372f8d46fb/screenshot - {}
RESULT: {}
COMMAND: POST /session/700a0ab92761895b5ec9a5372f8d46fb/execute/sync - {"script":"<script> [8489 bytes]","args":[{"element-6066-11e4-a52e-4f735466cecf":"f.647512A71DDA687F9F591F39CAC5A62D.d.6565C2ABAFA2DE869D153C59102EF19D.e.13380","ELEMENT":"f.647512A71DDA687F9F591F39CAC5A62D.d.6565C2ABAFA2DE869D153C59102EF19D.e.13380"}]}
RESULT: {"script":"<script> [8489 bytes]","args":[{"element-6066-11e4-a52e-4f735466cecf":"f.647512A71DDA687F9F591F39CAC5A62D.d.6565C2ABAFA2DE869D153C59102EF19D.e.13380","ELEMENT":"f.647512A71DDA687F9F591F39CAC5A62D.d.6565C2ABAFA2DE869D153C59102EF19D.e.13380"}]}
COMMAND: GET /session/700a0ab92761895b5ec9a5372f8d46fb/screenshot - {}
RESULT: {}
COMMAND: POST /session/700a0ab92761895b5ec9a5372f8d46fb/execute/sync - {"script":"<script> [8489 bytes]","args":[{"element-6066-11e4-a52e-4f735466cecf":"f.647512A71DDA687F9F591F39CAC5A62D.d.6565C2ABAFA2DE869D153C59102EF19D.e.13380","ELEMENT":"f.647512A71DDA687F9F591F39CAC5A62D.d.6565C2ABAFA2DE869D153C59102EF19D.e.13380"}]}
RESULT: {"script":"<script> [8489 bytes]","args":[{"element-6066-11e4-a52e-4f735466cecf":"f.647512A71DDA687F9F591F39CAC5A62D.d.6565C2ABAFA2DE869D153C59102EF19D.e.13380","ELEMENT":"f.647512A71DDA687F9F591F39CAC5A62D.d.6565C2ABAFA2DE869D153C59102EF19D.e.13380"}]}
COMMAND: GET /session/700a0ab92761895b5ec9a5372f8d46fb/screenshot - {}
RESULT: {}
COMMAND: POST /session/700a0ab92761895b5ec9a5372f8d46fb/execute/sync - {"script":"<script> [8489 bytes]","args":[{"element-6066-11e4-a52e-4f735466cecf":"f.647512A71DDA687F9F591F39CAC5A62D.d.6565C2ABAFA2DE869D153C59102EF19D.e.13380","ELEMENT":"f.647512A71DDA687F9F591F39CAC5A62D.d.6565C2ABAFA2DE869D153C59102EF19D.e.13380"}]}
RESULT: {"script":"<script> [8489 bytes]","args":[{"element-6066-11e4-a52e-4f735466cecf":"f.647512A71DDA687F9F591F39CAC5A62D.d.6565C2ABAFA2DE869D153C59102EF19D.e.13380","ELEMENT":"f.647512A71DDA687F9F591F39CAC5A62D.d.6565C2ABAFA2DE869D153C59102EF19D.e.13380"}]}
COMMAND: GET /session/700a0ab92761895b5ec9a5372f8d46fb/screenshot - {}
RESULT: {}
COMMAND: POST /session/700a0ab92761895b5ec9a5372f8d46fb/execute/sync - {"script":"<script> [8489 bytes]","args":[{"element-6066-11e4-a52e-4f735466cecf":"f.647512A71DDA687F9F591F39CAC5A62D.d.6565C2ABAFA2DE869D153C59102EF19D.e.13380","ELEMENT":"f.647512A71DDA687F9F591F39CAC5A62D.d.6565C2ABAFA2DE869D153C59102EF19D.e.13380"}]}
RESULT: {"script":"<script> [8489 bytes]","args":[{"element-6066-11e4-a52e-4f735466cecf":"f.647512A71DDA687F9F591F39CAC5A62D.d.6565C2ABAFA2DE869D153C59102EF19D.e.13380","ELEMENT":"f.647512A71DDA687F9F591F39CAC5A62D.d.6565C2ABAFA2DE869D153C59102EF19D.e.13380"}]}
COMMAND: GET /session/700a0ab92761895b5ec9a5372f8d46fb/screenshot - {}
]]></system-out>
    </testcase>
    <testcase classname="chrome.135_0_7049_96.windows.Provide_to_Site_w/_warehouse_management_wo_clarification" name="Should Test for Handover Execution" time="209.109">
      <system-out><![CDATA[
RESULT: {}
COMMAND: POST /session/700a0ab92761895b5ec9a5372f8d46fb/execute/async - {"script":"<script> [1562 bytes]","args":[{"selector":{"controlType":"sap.m.Link","viewName":"etm.portal.ui.managehandovers.view.DetailExecuteHO","bindingPath":{"path":"","propertyPath":"/wmDoc","modelName":"warehouseMovModel"}},"wdio_ui5_key":"etmportal.ui.managehandovers.view.DetailExecuteHOsap.m.Link{\"path\":\"\",\"propertyPath\":\"/wmDoc\",\"modelName\":\"warehouseMovModel\"}"}]}
RESULT: {"script":"<script> [1562 bytes]","args":[{"selector":{"controlType":"sap.m.Link","viewName":"etm.portal.ui.managehandovers.view.DetailExecuteHO","bindingPath":{"path":"","propertyPath":"/wmDoc","modelName":"warehouseMovModel"}},"wdio_ui5_key":"etmportal.ui.managehandovers.view.DetailExecuteHOsap.m.Link{\"path\":\"\",\"propertyPath\":\"/wmDoc\",\"modelName\":\"warehouseMovModel\"}"}]}
RESULT: undefined
COMMAND: POST /session/700a0ab92761895b5ec9a5372f8d46fb/element - {"using":"xpath","value":"//*[@id=\"__link92\"]"}
RESULT: {"using":"xpath","value":"//*[@id=\"__link92\"]"}
COMMAND: POST /session/700a0ab92761895b5ec9a5372f8d46fb/element/f.647512A71DDA687F9F591F39CAC5A62D.d.6565C2ABAFA2DE869D153C59102EF19D.e.13382/click - {}
RESULT: {}
COMMAND: GET /session/700a0ab92761895b5ec9a5372f8d46fb/screenshot - {}
RESULT: {}
COMMAND: POST /session/700a0ab92761895b5ec9a5372f8d46fb/execute/async - {"script":"<script> [1562 bytes]","args":[{"selector":{"controlType":"sap.m.Link","viewName":"etm.portal.ui.managehandovers.view.DetailExecuteHO","properties":{"text":"Warehouse Overview"},"searchOpenDialogs":true},"wdio_ui5_key":"etmportal.ui.managehandovers.view.DetailExecuteHOsap.m.Link{\"text\":\"Warehouse Overview\"}"}]}
RESULT: {"script":"<script> [1562 bytes]","args":[{"selector":{"controlType":"sap.m.Link","viewName":"etm.portal.ui.managehandovers.view.DetailExecuteHO","properties":{"text":"Warehouse Overview"},"searchOpenDialogs":true},"wdio_ui5_key":"etmportal.ui.managehandovers.view.DetailExecuteHOsap.m.Link{\"text\":\"Warehouse Overview\"}"}]}
RESULT: undefined
COMMAND: POST /session/700a0ab92761895b5ec9a5372f8d46fb/element - {"using":"xpath","value":"//*[@id=\"__link107\"]"}
RESULT: {"using":"xpath","value":"//*[@id=\"__link107\"]"}
COMMAND: POST /session/700a0ab92761895b5ec9a5372f8d46fb/element/f.647512A71DDA687F9F591F39CAC5A62D.d.6565C2ABAFA2DE869D153C59102EF19D.e.13384/click - {}
RESULT: {}
COMMAND: POST /session/700a0ab92761895b5ec9a5372f8d46fb/execute/async - {"script":"<script> [1562 bytes]","args":[{"selector":{"controlType":"sap.m.Button","viewName":"etm.portal.ui.warehousemovements.view.DisplayMovement","viewId":"application-warehousemovements-display-component---displayMovement","i18NText":{"propertyName":"text","key":"execution"},"interaction":{"idSuffix":"BDI-content"}},"wdio_ui5_key":"etmportal.ui.warehousemovements.view.DisplayMovementsap.m.Button{\"propertyName\":\"text\",\"key\":\"execution\"}"}]}
COMMAND: GET /session/700a0ab92761895b5ec9a5372f8d46fb/screenshot - {}
RESULT: {"script":"<script> [1562 bytes]","args":[{"selector":{"controlType":"sap.m.Button","viewName":"etm.portal.ui.warehousemovements.view.DisplayMovement","viewId":"application-warehousemovements-display-component---displayMovement","i18NText":{"propertyName":"text","key":"execution"},"interaction":{"idSuffix":"BDI-content"}},"wdio_ui5_key":"etmportal.ui.warehousemovements.view.DisplayMovementsap.m.Button{\"propertyName\":\"text\",\"key\":\"execution\"}"}]}
RESULT: undefined
COMMAND: POST /session/700a0ab92761895b5ec9a5372f8d46fb/element - {"using":"xpath","value":"//*[@id=\"__button402\"]"}
RESULT: {}
RESULT: {"using":"xpath","value":"//*[@id=\"__button402\"]"}
COMMAND: POST /session/700a0ab92761895b5ec9a5372f8d46fb/element/f.647512A71DDA687F9F591F39CAC5A62D.d.6565C2ABAFA2DE869D153C59102EF19D.e.13493/click - {}
RESULT: {}
COMMAND: POST /session/700a0ab92761895b5ec9a5372f8d46fb/execute/async - {"script":"<script> [1562 bytes]","args":[{"selector":{"controlType":"sap.m.Button","viewName":"etm.portal.ui.warehousemovements.view.ExecuteMovement","viewId":"application-warehousemovements-display-component---executeMovement","properties":{"text":"Items"},"interaction":{"idSuffix":"BDI-content"}},"wdio_ui5_key":"etmportal.ui.warehousemovements.view.ExecuteMovementsap.m.Button{\"text\":\"Items\"}"}]}
COMMAND: GET /session/700a0ab92761895b5ec9a5372f8d46fb/screenshot - {}
RESULT: {"script":"<script> [1562 bytes]","args":[{"selector":{"controlType":"sap.m.Button","viewName":"etm.portal.ui.warehousemovements.view.ExecuteMovement","viewId":"application-warehousemovements-display-component---executeMovement","properties":{"text":"Items"},"interaction":{"idSuffix":"BDI-content"}},"wdio_ui5_key":"etmportal.ui.warehousemovements.view.ExecuteMovementsap.m.Button{\"text\":\"Items\"}"}]}
RESULT: undefined
COMMAND: POST /session/700a0ab92761895b5ec9a5372f8d46fb/element - {"using":"xpath","value":"//*[@id=\"__layout487-anchBar-application-warehousemovements-display-component---executeMovement--itemsSection-anchor\"]"}
RESULT: {}
RESULT: {"using":"xpath","value":"//*[@id=\"__layout487-anchBar-application-warehousemovements-display-component---executeMovement--itemsSection-anchor\"]"}
COMMAND: POST /session/700a0ab92761895b5ec9a5372f8d46fb/element/f.647512A71DDA687F9F591F39CAC5A62D.d.6565C2ABAFA2DE869D153C59102EF19D.e.13604/click - {}
RESULT: {}
COMMAND: POST /session/700a0ab92761895b5ec9a5372f8d46fb/element - {"using":"xpath","value":"//*[text()='Pick From Warehouse']"}
COMMAND: GET /session/700a0ab92761895b5ec9a5372f8d46fb/screenshot - {}
RESULT: {"using":"xpath","value":"//*[text()='Pick From Warehouse']"}
COMMAND: POST /session/700a0ab92761895b5ec9a5372f8d46fb/elements - {"using":"xpath","value":"//*[text()='Pick From Warehouse']"}
RESULT: {}
RESULT: {"using":"xpath","value":"//*[text()='Pick From Warehouse']"}
COMMAND: POST /session/700a0ab92761895b5ec9a5372f8d46fb/elements - {"using":"xpath","value":"//*[text()='Pick From Warehouse']"}
RESULT: {"using":"xpath","value":"//*[text()='Pick From Warehouse']"}
COMMAND: POST /session/700a0ab92761895b5ec9a5372f8d46fb/elements - {"using":"xpath","value":"//*[text()='Pick From Warehouse']"}
RESULT: {"using":"xpath","value":"//*[text()='Pick From Warehouse']"}
COMMAND: POST /session/700a0ab92761895b5ec9a5372f8d46fb/elements - {"using":"xpath","value":"//*[text()='Pick From Warehouse']"}
RESULT: {"using":"xpath","value":"//*[text()='Pick From Warehouse']"}
COMMAND: POST /session/700a0ab92761895b5ec9a5372f8d46fb/elements - {"using":"xpath","value":"//*[text()='Pick From Warehouse']"}
RESULT: {"using":"xpath","value":"//*[text()='Pick From Warehouse']"}
COMMAND: POST /session/700a0ab92761895b5ec9a5372f8d46fb/elements - {"using":"xpath","value":"//*[text()='Pick From Warehouse']"}
RESULT: {"using":"xpath","value":"//*[text()='Pick From Warehouse']"}
COMMAND: POST /session/700a0ab92761895b5ec9a5372f8d46fb/elements - {"using":"xpath","value":"//*[text()='Pick From Warehouse']"}
RESULT: {"using":"xpath","value":"//*[text()='Pick From Warehouse']"}
COMMAND: POST /session/700a0ab92761895b5ec9a5372f8d46fb/elements - {"using":"xpath","value":"//*[text()='Pick From Warehouse']"}
RESULT: {"using":"xpath","value":"//*[text()='Pick From Warehouse']"}
COMMAND: POST /session/700a0ab92761895b5ec9a5372f8d46fb/elements - {"using":"xpath","value":"//*[text()='Pick From Warehouse']"}
RESULT: {"using":"xpath","value":"//*[text()='Pick From Warehouse']"}
COMMAND: POST /session/700a0ab92761895b5ec9a5372f8d46fb/elements - {"using":"xpath","value":"//*[text()='Pick From Warehouse']"}
RESULT: {"using":"xpath","value":"//*[text()='Pick From Warehouse']"}
COMMAND: POST /session/700a0ab92761895b5ec9a5372f8d46fb/elements - {"using":"xpath","value":"//*[text()='Pick From Warehouse']"}
RESULT: {"using":"xpath","value":"//*[text()='Pick From Warehouse']"}
COMMAND: POST /session/700a0ab92761895b5ec9a5372f8d46fb/elements - {"using":"xpath","value":"//*[text()='Pick From Warehouse']"}
RESULT: {"using":"xpath","value":"//*[text()='Pick From Warehouse']"}
COMMAND: POST /session/700a0ab92761895b5ec9a5372f8d46fb/elements - {"using":"xpath","value":"//*[text()='Pick From Warehouse']"}
RESULT: {"using":"xpath","value":"//*[text()='Pick From Warehouse']"}
COMMAND: POST /session/700a0ab92761895b5ec9a5372f8d46fb/elements - {"using":"xpath","value":"//*[text()='Pick From Warehouse']"}
RESULT: {"using":"xpath","value":"//*[text()='Pick From Warehouse']"}
COMMAND: POST /session/700a0ab92761895b5ec9a5372f8d46fb/elements - {"using":"xpath","value":"//*[text()='Pick From Warehouse']"}
RESULT: {"using":"xpath","value":"//*[text()='Pick From Warehouse']"}
COMMAND: POST /session/700a0ab92761895b5ec9a5372f8d46fb/elements - {"using":"xpath","value":"//*[text()='Pick From Warehouse']"}
RESULT: {"using":"xpath","value":"//*[text()='Pick From Warehouse']"}
COMMAND: POST /session/700a0ab92761895b5ec9a5372f8d46fb/elements - {"using":"xpath","value":"//*[text()='Pick From Warehouse']"}
RESULT: {"using":"xpath","value":"//*[text()='Pick From Warehouse']"}
COMMAND: POST /session/700a0ab92761895b5ec9a5372f8d46fb/elements - {"using":"xpath","value":"//*[text()='Pick From Warehouse']"}
RESULT: {"using":"xpath","value":"//*[text()='Pick From Warehouse']"}
COMMAND: POST /session/700a0ab92761895b5ec9a5372f8d46fb/elements - {"using":"xpath","value":"//*[text()='Pick From Warehouse']"}
RESULT: {"using":"xpath","value":"//*[text()='Pick From Warehouse']"}
COMMAND: POST /session/700a0ab92761895b5ec9a5372f8d46fb/elements - {"using":"xpath","value":"//*[text()='Pick From Warehouse']"}
RESULT: {"using":"xpath","value":"//*[text()='Pick From Warehouse']"}
COMMAND: POST /session/700a0ab92761895b5ec9a5372f8d46fb/elements - {"using":"xpath","value":"//*[text()='Pick From Warehouse']"}
RESULT: {"using":"xpath","value":"//*[text()='Pick From Warehouse']"}
COMMAND: POST /session/700a0ab92761895b5ec9a5372f8d46fb/elements - {"using":"xpath","value":"//*[text()='Pick From Warehouse']"}
RESULT: {"using":"xpath","value":"//*[text()='Pick From Warehouse']"}
COMMAND: POST /session/700a0ab92761895b5ec9a5372f8d46fb/elements - {"using":"xpath","value":"//*[text()='Pick From Warehouse']"}
RESULT: {"using":"xpath","value":"//*[text()='Pick From Warehouse']"}
COMMAND: POST /session/700a0ab92761895b5ec9a5372f8d46fb/elements - {"using":"xpath","value":"//*[text()='Pick From Warehouse']"}
RESULT: {"using":"xpath","value":"//*[text()='Pick From Warehouse']"}
COMMAND: POST /session/700a0ab92761895b5ec9a5372f8d46fb/elements - {"using":"xpath","value":"//*[text()='Pick From Warehouse']"}
RESULT: {"using":"xpath","value":"//*[text()='Pick From Warehouse']"}
COMMAND: POST /session/700a0ab92761895b5ec9a5372f8d46fb/elements - {"using":"xpath","value":"//*[text()='Pick From Warehouse']"}
RESULT: {"using":"xpath","value":"//*[text()='Pick From Warehouse']"}
COMMAND: POST /session/700a0ab92761895b5ec9a5372f8d46fb/elements - {"using":"xpath","value":"//*[text()='Pick From Warehouse']"}
RESULT: {"using":"xpath","value":"//*[text()='Pick From Warehouse']"}
COMMAND: POST /session/700a0ab92761895b5ec9a5372f8d46fb/elements - {"using":"xpath","value":"//*[text()='Pick From Warehouse']"}
RESULT: {"using":"xpath","value":"//*[text()='Pick From Warehouse']"}
COMMAND: POST /session/700a0ab92761895b5ec9a5372f8d46fb/elements - {"using":"xpath","value":"//*[text()='Pick From Warehouse']"}
RESULT: {"using":"xpath","value":"//*[text()='Pick From Warehouse']"}
COMMAND: POST /session/700a0ab92761895b5ec9a5372f8d46fb/elements - {"using":"xpath","value":"//*[text()='Pick From Warehouse']"}
RESULT: {"using":"xpath","value":"//*[text()='Pick From Warehouse']"}
COMMAND: POST /session/700a0ab92761895b5ec9a5372f8d46fb/elements - {"using":"xpath","value":"//*[text()='Pick From Warehouse']"}
RESULT: {"using":"xpath","value":"//*[text()='Pick From Warehouse']"}
COMMAND: POST /session/700a0ab92761895b5ec9a5372f8d46fb/elements - {"using":"xpath","value":"//*[text()='Pick From Warehouse']"}
RESULT: {"using":"xpath","value":"//*[text()='Pick From Warehouse']"}
COMMAND: POST /session/700a0ab92761895b5ec9a5372f8d46fb/elements - {"using":"xpath","value":"//*[text()='Pick From Warehouse']"}
RESULT: {"using":"xpath","value":"//*[text()='Pick From Warehouse']"}
COMMAND: POST /session/700a0ab92761895b5ec9a5372f8d46fb/elements - {"using":"xpath","value":"//*[text()='Pick From Warehouse']"}
RESULT: {"using":"xpath","value":"//*[text()='Pick From Warehouse']"}
COMMAND: POST /session/700a0ab92761895b5ec9a5372f8d46fb/elements - {"using":"xpath","value":"//*[text()='Pick From Warehouse']"}
RESULT: {"using":"xpath","value":"//*[text()='Pick From Warehouse']"}
COMMAND: POST /session/700a0ab92761895b5ec9a5372f8d46fb/elements - {"using":"xpath","value":"//*[text()='Pick From Warehouse']"}
RESULT: {"using":"xpath","value":"//*[text()='Pick From Warehouse']"}
COMMAND: POST /session/700a0ab92761895b5ec9a5372f8d46fb/elements - {"using":"xpath","value":"//*[text()='Pick From Warehouse']"}
RESULT: {"using":"xpath","value":"//*[text()='Pick From Warehouse']"}
COMMAND: POST /session/700a0ab92761895b5ec9a5372f8d46fb/elements - {"using":"xpath","value":"//*[text()='Pick From Warehouse']"}
RESULT: {"using":"xpath","value":"//*[text()='Pick From Warehouse']"}
COMMAND: POST /session/700a0ab92761895b5ec9a5372f8d46fb/elements - {"using":"xpath","value":"//*[text()='Pick From Warehouse']"}
RESULT: {"using":"xpath","value":"//*[text()='Pick From Warehouse']"}
COMMAND: POST /session/700a0ab92761895b5ec9a5372f8d46fb/elements - {"using":"xpath","value":"//*[text()='Pick From Warehouse']"}
RESULT: {"using":"xpath","value":"//*[text()='Pick From Warehouse']"}
COMMAND: POST /session/700a0ab92761895b5ec9a5372f8d46fb/elements - {"using":"xpath","value":"//*[text()='Pick From Warehouse']"}
RESULT: {"using":"xpath","value":"//*[text()='Pick From Warehouse']"}
COMMAND: POST /session/700a0ab92761895b5ec9a5372f8d46fb/elements - {"using":"xpath","value":"//*[text()='Pick From Warehouse']"}
RESULT: {"using":"xpath","value":"//*[text()='Pick From Warehouse']"}
COMMAND: POST /session/700a0ab92761895b5ec9a5372f8d46fb/elements - {"using":"xpath","value":"//*[text()='Pick From Warehouse']"}
RESULT: {"using":"xpath","value":"//*[text()='Pick From Warehouse']"}
COMMAND: POST /session/700a0ab92761895b5ec9a5372f8d46fb/elements - {"using":"xpath","value":"//*[text()='Pick From Warehouse']"}
RESULT: {"using":"xpath","value":"//*[text()='Pick From Warehouse']"}
COMMAND: POST /session/700a0ab92761895b5ec9a5372f8d46fb/elements - {"using":"xpath","value":"//*[text()='Pick From Warehouse']"}
RESULT: {"using":"xpath","value":"//*[text()='Pick From Warehouse']"}
COMMAND: POST /session/700a0ab92761895b5ec9a5372f8d46fb/elements - {"using":"xpath","value":"//*[text()='Pick From Warehouse']"}
RESULT: {"using":"xpath","value":"//*[text()='Pick From Warehouse']"}
COMMAND: POST /session/700a0ab92761895b5ec9a5372f8d46fb/elements - {"using":"xpath","value":"//*[text()='Pick From Warehouse']"}
RESULT: {"using":"xpath","value":"//*[text()='Pick From Warehouse']"}
COMMAND: POST /session/700a0ab92761895b5ec9a5372f8d46fb/elements - {"using":"xpath","value":"//*[text()='Pick From Warehouse']"}
RESULT: {"using":"xpath","value":"//*[text()='Pick From Warehouse']"}
COMMAND: POST /session/700a0ab92761895b5ec9a5372f8d46fb/elements - {"using":"xpath","value":"//*[text()='Pick From Warehouse']"}
RESULT: {"using":"xpath","value":"//*[text()='Pick From Warehouse']"}
COMMAND: POST /session/700a0ab92761895b5ec9a5372f8d46fb/elements - {"using":"xpath","value":"//*[text()='Pick From Warehouse']"}
RESULT: {"using":"xpath","value":"//*[text()='Pick From Warehouse']"}
COMMAND: POST /session/700a0ab92761895b5ec9a5372f8d46fb/elements - {"using":"xpath","value":"//*[text()='Pick From Warehouse']"}
RESULT: {"using":"xpath","value":"//*[text()='Pick From Warehouse']"}
COMMAND: POST /session/700a0ab92761895b5ec9a5372f8d46fb/elements - {"using":"xpath","value":"//*[text()='Pick From Warehouse']"}
RESULT: {"using":"xpath","value":"//*[text()='Pick From Warehouse']"}
COMMAND: POST /session/700a0ab92761895b5ec9a5372f8d46fb/elements - {"using":"xpath","value":"//*[text()='Pick From Warehouse']"}
RESULT: {"using":"xpath","value":"//*[text()='Pick From Warehouse']"}
COMMAND: POST /session/700a0ab92761895b5ec9a5372f8d46fb/elements - {"using":"xpath","value":"//*[text()='Pick From Warehouse']"}
RESULT: {"using":"xpath","value":"//*[text()='Pick From Warehouse']"}
COMMAND: POST /session/700a0ab92761895b5ec9a5372f8d46fb/elements - {"using":"xpath","value":"//*[text()='Pick From Warehouse']"}
RESULT: {"using":"xpath","value":"//*[text()='Pick From Warehouse']"}
COMMAND: POST /session/700a0ab92761895b5ec9a5372f8d46fb/elements - {"using":"xpath","value":"//*[text()='Pick From Warehouse']"}
RESULT: {"using":"xpath","value":"//*[text()='Pick From Warehouse']"}
COMMAND: POST /session/700a0ab92761895b5ec9a5372f8d46fb/elements - {"using":"xpath","value":"//*[text()='Pick From Warehouse']"}
RESULT: {"using":"xpath","value":"//*[text()='Pick From Warehouse']"}
COMMAND: POST /session/700a0ab92761895b5ec9a5372f8d46fb/elements - {"using":"xpath","value":"//*[text()='Pick From Warehouse']"}
RESULT: {"using":"xpath","value":"//*[text()='Pick From Warehouse']"}
COMMAND: POST /session/700a0ab92761895b5ec9a5372f8d46fb/elements - {"using":"xpath","value":"//*[text()='Pick From Warehouse']"}
RESULT: {"using":"xpath","value":"//*[text()='Pick From Warehouse']"}
COMMAND: POST /session/700a0ab92761895b5ec9a5372f8d46fb/elements - {"using":"xpath","value":"//*[text()='Pick From Warehouse']"}
RESULT: {"using":"xpath","value":"//*[text()='Pick From Warehouse']"}
COMMAND: POST /session/700a0ab92761895b5ec9a5372f8d46fb/elements - {"using":"xpath","value":"//*[text()='Pick From Warehouse']"}
RESULT: {"using":"xpath","value":"//*[text()='Pick From Warehouse']"}
COMMAND: POST /session/700a0ab92761895b5ec9a5372f8d46fb/elements - {"using":"xpath","value":"//*[text()='Pick From Warehouse']"}
RESULT: {"using":"xpath","value":"//*[text()='Pick From Warehouse']"}
COMMAND: POST /session/700a0ab92761895b5ec9a5372f8d46fb/elements - {"using":"xpath","value":"//*[text()='Pick From Warehouse']"}
RESULT: {"using":"xpath","value":"//*[text()='Pick From Warehouse']"}
COMMAND: POST /session/700a0ab92761895b5ec9a5372f8d46fb/elements - {"using":"xpath","value":"//*[text()='Pick From Warehouse']"}
RESULT: {"using":"xpath","value":"//*[text()='Pick From Warehouse']"}
COMMAND: POST /session/700a0ab92761895b5ec9a5372f8d46fb/elements - {"using":"xpath","value":"//*[text()='Pick From Warehouse']"}
RESULT: {"using":"xpath","value":"//*[text()='Pick From Warehouse']"}
COMMAND: POST /session/700a0ab92761895b5ec9a5372f8d46fb/elements - {"using":"xpath","value":"//*[text()='Pick From Warehouse']"}
RESULT: {"using":"xpath","value":"//*[text()='Pick From Warehouse']"}
COMMAND: POST /session/700a0ab92761895b5ec9a5372f8d46fb/elements - {"using":"xpath","value":"//*[text()='Pick From Warehouse']"}
RESULT: {"using":"xpath","value":"//*[text()='Pick From Warehouse']"}
COMMAND: POST /session/700a0ab92761895b5ec9a5372f8d46fb/elements - {"using":"xpath","value":"//*[text()='Pick From Warehouse']"}
RESULT: {"using":"xpath","value":"//*[text()='Pick From Warehouse']"}
COMMAND: POST /session/700a0ab92761895b5ec9a5372f8d46fb/elements - {"using":"xpath","value":"//*[text()='Pick From Warehouse']"}
RESULT: {"using":"xpath","value":"//*[text()='Pick From Warehouse']"}
COMMAND: POST /session/700a0ab92761895b5ec9a5372f8d46fb/elements - {"using":"xpath","value":"//*[text()='Pick From Warehouse']"}
RESULT: {"using":"xpath","value":"//*[text()='Pick From Warehouse']"}
COMMAND: POST /session/700a0ab92761895b5ec9a5372f8d46fb/elements - {"using":"xpath","value":"//*[text()='Pick From Warehouse']"}
RESULT: {"using":"xpath","value":"//*[text()='Pick From Warehouse']"}
COMMAND: POST /session/700a0ab92761895b5ec9a5372f8d46fb/elements - {"using":"xpath","value":"//*[text()='Pick From Warehouse']"}
RESULT: {"using":"xpath","value":"//*[text()='Pick From Warehouse']"}
COMMAND: POST /session/700a0ab92761895b5ec9a5372f8d46fb/elements - {"using":"xpath","value":"//*[text()='Pick From Warehouse']"}
RESULT: {"using":"xpath","value":"//*[text()='Pick From Warehouse']"}
COMMAND: POST /session/700a0ab92761895b5ec9a5372f8d46fb/elements - {"using":"xpath","value":"//*[text()='Pick From Warehouse']"}
RESULT: {"using":"xpath","value":"//*[text()='Pick From Warehouse']"}
COMMAND: POST /session/700a0ab92761895b5ec9a5372f8d46fb/elements - {"using":"xpath","value":"//*[text()='Pick From Warehouse']"}
RESULT: {"using":"xpath","value":"//*[text()='Pick From Warehouse']"}
COMMAND: POST /session/700a0ab92761895b5ec9a5372f8d46fb/elements - {"using":"xpath","value":"//*[text()='Pick From Warehouse']"}
RESULT: {"using":"xpath","value":"//*[text()='Pick From Warehouse']"}
COMMAND: POST /session/700a0ab92761895b5ec9a5372f8d46fb/elements - {"using":"xpath","value":"//*[text()='Pick From Warehouse']"}
RESULT: {"using":"xpath","value":"//*[text()='Pick From Warehouse']"}
COMMAND: POST /session/700a0ab92761895b5ec9a5372f8d46fb/elements - {"using":"xpath","value":"//*[text()='Pick From Warehouse']"}
RESULT: {"using":"xpath","value":"//*[text()='Pick From Warehouse']"}
COMMAND: POST /session/700a0ab92761895b5ec9a5372f8d46fb/elements - {"using":"xpath","value":"//*[text()='Pick From Warehouse']"}
RESULT: {"using":"xpath","value":"//*[text()='Pick From Warehouse']"}
COMMAND: POST /session/700a0ab92761895b5ec9a5372f8d46fb/elements - {"using":"xpath","value":"//*[text()='Pick From Warehouse']"}
RESULT: {"using":"xpath","value":"//*[text()='Pick From Warehouse']"}
COMMAND: POST /session/700a0ab92761895b5ec9a5372f8d46fb/elements - {"using":"xpath","value":"//*[text()='Pick From Warehouse']"}
RESULT: {"using":"xpath","value":"//*[text()='Pick From Warehouse']"}
COMMAND: POST /session/700a0ab92761895b5ec9a5372f8d46fb/elements - {"using":"xpath","value":"//*[text()='Pick From Warehouse']"}
RESULT: {"using":"xpath","value":"//*[text()='Pick From Warehouse']"}
COMMAND: POST /session/700a0ab92761895b5ec9a5372f8d46fb/elements - {"using":"xpath","value":"//*[text()='Pick From Warehouse']"}
RESULT: {"using":"xpath","value":"//*[text()='Pick From Warehouse']"}
COMMAND: POST /session/700a0ab92761895b5ec9a5372f8d46fb/elements - {"using":"xpath","value":"//*[text()='Pick From Warehouse']"}
RESULT: {"using":"xpath","value":"//*[text()='Pick From Warehouse']"}
COMMAND: POST /session/700a0ab92761895b5ec9a5372f8d46fb/elements - {"using":"xpath","value":"//*[text()='Pick From Warehouse']"}
RESULT: {"using":"xpath","value":"//*[text()='Pick From Warehouse']"}
COMMAND: POST /session/700a0ab92761895b5ec9a5372f8d46fb/elements - {"using":"xpath","value":"//*[text()='Pick From Warehouse']"}
RESULT: {"using":"xpath","value":"//*[text()='Pick From Warehouse']"}
COMMAND: POST /session/700a0ab92761895b5ec9a5372f8d46fb/elements - {"using":"xpath","value":"//*[text()='Pick From Warehouse']"}
RESULT: {"using":"xpath","value":"//*[text()='Pick From Warehouse']"}
COMMAND: POST /session/700a0ab92761895b5ec9a5372f8d46fb/elements - {"using":"xpath","value":"//*[text()='Pick From Warehouse']"}
RESULT: {"using":"xpath","value":"//*[text()='Pick From Warehouse']"}
COMMAND: POST /session/700a0ab92761895b5ec9a5372f8d46fb/elements - {"using":"xpath","value":"//*[text()='Pick From Warehouse']"}
RESULT: {"using":"xpath","value":"//*[text()='Pick From Warehouse']"}
COMMAND: POST /session/700a0ab92761895b5ec9a5372f8d46fb/elements - {"using":"xpath","value":"//*[text()='Pick From Warehouse']"}
RESULT: {"using":"xpath","value":"//*[text()='Pick From Warehouse']"}
COMMAND: POST /session/700a0ab92761895b5ec9a5372f8d46fb/elements - {"using":"xpath","value":"//*[text()='Close']"}
RESULT: {"using":"xpath","value":"//*[text()='Close']"}
COMMAND: GET /session/700a0ab92761895b5ec9a5372f8d46fb/element/f.647512A71DDA687F9F591F39CAC5A62D.d.6565C2ABAFA2DE869D153C59102EF19D.e.13607/enabled - {}
RESULT: {}
COMMAND: POST /session/700a0ab92761895b5ec9a5372f8d46fb/execute/sync - {"script":"<script> [8489 bytes]","args":[{"element-6066-11e4-a52e-4f735466cecf":"f.647512A71DDA687F9F591F39CAC5A62D.d.6565C2ABAFA2DE869D153C59102EF19D.e.13607","ELEMENT":"f.647512A71DDA687F9F591F39CAC5A62D.d.6565C2ABAFA2DE869D153C59102EF19D.e.13607"}]}
COMMAND: GET /session/700a0ab92761895b5ec9a5372f8d46fb/screenshot - {}
RESULT: {"script":"<script> [8489 bytes]","args":[{"element-6066-11e4-a52e-4f735466cecf":"f.647512A71DDA687F9F591F39CAC5A62D.d.6565C2ABAFA2DE869D153C59102EF19D.e.13607","ELEMENT":"f.647512A71DDA687F9F591F39CAC5A62D.d.6565C2ABAFA2DE869D153C59102EF19D.e.13607"}]}
COMMAND: GET /session/700a0ab92761895b5ec9a5372f8d46fb/screenshot - {}
RESULT: {}
RESULT: {}
COMMAND: POST /session/700a0ab92761895b5ec9a5372f8d46fb/execute/sync - {"script":"<script> [8489 bytes]","args":[{"element-6066-11e4-a52e-4f735466cecf":"f.647512A71DDA687F9F591F39CAC5A62D.d.6565C2ABAFA2DE869D153C59102EF19D.e.13607","ELEMENT":"f.647512A71DDA687F9F591F39CAC5A62D.d.6565C2ABAFA2DE869D153C59102EF19D.e.13607"}]}
RESULT: {"script":"<script> [8489 bytes]","args":[{"element-6066-11e4-a52e-4f735466cecf":"f.647512A71DDA687F9F591F39CAC5A62D.d.6565C2ABAFA2DE869D153C59102EF19D.e.13607","ELEMENT":"f.647512A71DDA687F9F591F39CAC5A62D.d.6565C2ABAFA2DE869D153C59102EF19D.e.13607"}]}
COMMAND: GET /session/700a0ab92761895b5ec9a5372f8d46fb/screenshot - {}
RESULT: {}
COMMAND: POST /session/700a0ab92761895b5ec9a5372f8d46fb/execute/sync - {"script":"<script> [8489 bytes]","args":[{"element-6066-11e4-a52e-4f735466cecf":"f.647512A71DDA687F9F591F39CAC5A62D.d.6565C2ABAFA2DE869D153C59102EF19D.e.13607","ELEMENT":"f.647512A71DDA687F9F591F39CAC5A62D.d.6565C2ABAFA2DE869D153C59102EF19D.e.13607"}]}
RESULT: {"script":"<script> [8489 bytes]","args":[{"element-6066-11e4-a52e-4f735466cecf":"f.647512A71DDA687F9F591F39CAC5A62D.d.6565C2ABAFA2DE869D153C59102EF19D.e.13607","ELEMENT":"f.647512A71DDA687F9F591F39CAC5A62D.d.6565C2ABAFA2DE869D153C59102EF19D.e.13607"}]}
COMMAND: GET /session/700a0ab92761895b5ec9a5372f8d46fb/screenshot - {}
RESULT: {}
COMMAND: POST /session/700a0ab92761895b5ec9a5372f8d46fb/execute/sync - {"script":"<script> [8489 bytes]","args":[{"element-6066-11e4-a52e-4f735466cecf":"f.647512A71DDA687F9F591F39CAC5A62D.d.6565C2ABAFA2DE869D153C59102EF19D.e.13607","ELEMENT":"f.647512A71DDA687F9F591F39CAC5A62D.d.6565C2ABAFA2DE869D153C59102EF19D.e.13607"}]}
RESULT: {"script":"<script> [8489 bytes]","args":[{"element-6066-11e4-a52e-4f735466cecf":"f.647512A71DDA687F9F591F39CAC5A62D.d.6565C2ABAFA2DE869D153C59102EF19D.e.13607","ELEMENT":"f.647512A71DDA687F9F591F39CAC5A62D.d.6565C2ABAFA2DE869D153C59102EF19D.e.13607"}]}
COMMAND: GET /session/700a0ab92761895b5ec9a5372f8d46fb/screenshot - {}
RESULT: {}
COMMAND: POST /session/700a0ab92761895b5ec9a5372f8d46fb/execute/sync - {"script":"<script> [8489 bytes]","args":[{"element-6066-11e4-a52e-4f735466cecf":"f.647512A71DDA687F9F591F39CAC5A62D.d.6565C2ABAFA2DE869D153C59102EF19D.e.13607","ELEMENT":"f.647512A71DDA687F9F591F39CAC5A62D.d.6565C2ABAFA2DE869D153C59102EF19D.e.13607"}]}
RESULT: {"script":"<script> [8489 bytes]","args":[{"element-6066-11e4-a52e-4f735466cecf":"f.647512A71DDA687F9F591F39CAC5A62D.d.6565C2ABAFA2DE869D153C59102EF19D.e.13607","ELEMENT":"f.647512A71DDA687F9F591F39CAC5A62D.d.6565C2ABAFA2DE869D153C59102EF19D.e.13607"}]}
COMMAND: GET /session/700a0ab92761895b5ec9a5372f8d46fb/screenshot - {}
RESULT: {}
COMMAND: POST /session/700a0ab92761895b5ec9a5372f8d46fb/execute/sync - {"script":"<script> [8489 bytes]","args":[{"element-6066-11e4-a52e-4f735466cecf":"f.647512A71DDA687F9F591F39CAC5A62D.d.6565C2ABAFA2DE869D153C59102EF19D.e.13607","ELEMENT":"f.647512A71DDA687F9F591F39CAC5A62D.d.6565C2ABAFA2DE869D153C59102EF19D.e.13607"}]}
RESULT: {"script":"<script> [8489 bytes]","args":[{"element-6066-11e4-a52e-4f735466cecf":"f.647512A71DDA687F9F591F39CAC5A62D.d.6565C2ABAFA2DE869D153C59102EF19D.e.13607","ELEMENT":"f.647512A71DDA687F9F591F39CAC5A62D.d.6565C2ABAFA2DE869D153C59102EF19D.e.13607"}]}
COMMAND: GET /session/700a0ab92761895b5ec9a5372f8d46fb/screenshot - {}
RESULT: {}
COMMAND: POST /session/700a0ab92761895b5ec9a5372f8d46fb/execute/sync - {"script":"<script> [8489 bytes]","args":[{"element-6066-11e4-a52e-4f735466cecf":"f.647512A71DDA687F9F591F39CAC5A62D.d.6565C2ABAFA2DE869D153C59102EF19D.e.13607","ELEMENT":"f.647512A71DDA687F9F591F39CAC5A62D.d.6565C2ABAFA2DE869D153C59102EF19D.e.13607"}]}
RESULT: {"script":"<script> [8489 bytes]","args":[{"element-6066-11e4-a52e-4f735466cecf":"f.647512A71DDA687F9F591F39CAC5A62D.d.6565C2ABAFA2DE869D153C59102EF19D.e.13607","ELEMENT":"f.647512A71DDA687F9F591F39CAC5A62D.d.6565C2ABAFA2DE869D153C59102EF19D.e.13607"}]}
COMMAND: GET /session/700a0ab92761895b5ec9a5372f8d46fb/screenshot - {}
RESULT: {}
COMMAND: POST /session/700a0ab92761895b5ec9a5372f8d46fb/execute/sync - {"script":"<script> [8489 bytes]","args":[{"element-6066-11e4-a52e-4f735466cecf":"f.647512A71DDA687F9F591F39CAC5A62D.d.6565C2ABAFA2DE869D153C59102EF19D.e.13607","ELEMENT":"f.647512A71DDA687F9F591F39CAC5A62D.d.6565C2ABAFA2DE869D153C59102EF19D.e.13607"}]}
RESULT: {"script":"<script> [8489 bytes]","args":[{"element-6066-11e4-a52e-4f735466cecf":"f.647512A71DDA687F9F591F39CAC5A62D.d.6565C2ABAFA2DE869D153C59102EF19D.e.13607","ELEMENT":"f.647512A71DDA687F9F591F39CAC5A62D.d.6565C2ABAFA2DE869D153C59102EF19D.e.13607"}]}
COMMAND: GET /session/700a0ab92761895b5ec9a5372f8d46fb/screenshot - {}
RESULT: {}
COMMAND: POST /session/700a0ab92761895b5ec9a5372f8d46fb/execute/sync - {"script":"<script> [8489 bytes]","args":[{"element-6066-11e4-a52e-4f735466cecf":"f.647512A71DDA687F9F591F39CAC5A62D.d.6565C2ABAFA2DE869D153C59102EF19D.e.13607","ELEMENT":"f.647512A71DDA687F9F591F39CAC5A62D.d.6565C2ABAFA2DE869D153C59102EF19D.e.13607"}]}
RESULT: {"script":"<script> [8489 bytes]","args":[{"element-6066-11e4-a52e-4f735466cecf":"f.647512A71DDA687F9F591F39CAC5A62D.d.6565C2ABAFA2DE869D153C59102EF19D.e.13607","ELEMENT":"f.647512A71DDA687F9F591F39CAC5A62D.d.6565C2ABAFA2DE869D153C59102EF19D.e.13607"}]}
COMMAND: GET /session/700a0ab92761895b5ec9a5372f8d46fb/screenshot - {}
RESULT: {}
COMMAND: POST /session/700a0ab92761895b5ec9a5372f8d46fb/execute/sync - {"script":"<script> [8489 bytes]","args":[{"element-6066-11e4-a52e-4f735466cecf":"f.647512A71DDA687F9F591F39CAC5A62D.d.6565C2ABAFA2DE869D153C59102EF19D.e.13607","ELEMENT":"f.647512A71DDA687F9F591F39CAC5A62D.d.6565C2ABAFA2DE869D153C59102EF19D.e.13607"}]}
RESULT: {"script":"<script> [8489 bytes]","args":[{"element-6066-11e4-a52e-4f735466cecf":"f.647512A71DDA687F9F591F39CAC5A62D.d.6565C2ABAFA2DE869D153C59102EF19D.e.13607","ELEMENT":"f.647512A71DDA687F9F591F39CAC5A62D.d.6565C2ABAFA2DE869D153C59102EF19D.e.13607"}]}
COMMAND: GET /session/700a0ab92761895b5ec9a5372f8d46fb/screenshot - {}
RESULT: {}
COMMAND: POST /session/700a0ab92761895b5ec9a5372f8d46fb/execute/sync - {"script":"<script> [8489 bytes]","args":[{"element-6066-11e4-a52e-4f735466cecf":"f.647512A71DDA687F9F591F39CAC5A62D.d.6565C2ABAFA2DE869D153C59102EF19D.e.13607","ELEMENT":"f.647512A71DDA687F9F591F39CAC5A62D.d.6565C2ABAFA2DE869D153C59102EF19D.e.13607"}]}
RESULT: {"script":"<script> [8489 bytes]","args":[{"element-6066-11e4-a52e-4f735466cecf":"f.647512A71DDA687F9F591F39CAC5A62D.d.6565C2ABAFA2DE869D153C59102EF19D.e.13607","ELEMENT":"f.647512A71DDA687F9F591F39CAC5A62D.d.6565C2ABAFA2DE869D153C59102EF19D.e.13607"}]}
COMMAND: GET /session/700a0ab92761895b5ec9a5372f8d46fb/screenshot - {}
RESULT: {}
COMMAND: POST /session/700a0ab92761895b5ec9a5372f8d46fb/execute/sync - {"script":"<script> [8489 bytes]","args":[{"element-6066-11e4-a52e-4f735466cecf":"f.647512A71DDA687F9F591F39CAC5A62D.d.6565C2ABAFA2DE869D153C59102EF19D.e.13607","ELEMENT":"f.647512A71DDA687F9F591F39CAC5A62D.d.6565C2ABAFA2DE869D153C59102EF19D.e.13607"}]}
RESULT: {"script":"<script> [8489 bytes]","args":[{"element-6066-11e4-a52e-4f735466cecf":"f.647512A71DDA687F9F591F39CAC5A62D.d.6565C2ABAFA2DE869D153C59102EF19D.e.13607","ELEMENT":"f.647512A71DDA687F9F591F39CAC5A62D.d.6565C2ABAFA2DE869D153C59102EF19D.e.13607"}]}
COMMAND: GET /session/700a0ab92761895b5ec9a5372f8d46fb/screenshot - {}
RESULT: {}
COMMAND: POST /session/700a0ab92761895b5ec9a5372f8d46fb/execute/sync - {"script":"<script> [8489 bytes]","args":[{"element-6066-11e4-a52e-4f735466cecf":"f.647512A71DDA687F9F591F39CAC5A62D.d.6565C2ABAFA2DE869D153C59102EF19D.e.13607","ELEMENT":"f.647512A71DDA687F9F591F39CAC5A62D.d.6565C2ABAFA2DE869D153C59102EF19D.e.13607"}]}
RESULT: {"script":"<script> [8489 bytes]","args":[{"element-6066-11e4-a52e-4f735466cecf":"f.647512A71DDA687F9F591F39CAC5A62D.d.6565C2ABAFA2DE869D153C59102EF19D.e.13607","ELEMENT":"f.647512A71DDA687F9F591F39CAC5A62D.d.6565C2ABAFA2DE869D153C59102EF19D.e.13607"}]}
COMMAND: GET /session/700a0ab92761895b5ec9a5372f8d46fb/screenshot - {}
RESULT: {}
COMMAND: POST /session/700a0ab92761895b5ec9a5372f8d46fb/execute/sync - {"script":"<script> [8489 bytes]","args":[{"element-6066-11e4-a52e-4f735466cecf":"f.647512A71DDA687F9F591F39CAC5A62D.d.6565C2ABAFA2DE869D153C59102EF19D.e.13607","ELEMENT":"f.647512A71DDA687F9F591F39CAC5A62D.d.6565C2ABAFA2DE869D153C59102EF19D.e.13607"}]}
RESULT: {"script":"<script> [8489 bytes]","args":[{"element-6066-11e4-a52e-4f735466cecf":"f.647512A71DDA687F9F591F39CAC5A62D.d.6565C2ABAFA2DE869D153C59102EF19D.e.13607","ELEMENT":"f.647512A71DDA687F9F591F39CAC5A62D.d.6565C2ABAFA2DE869D153C59102EF19D.e.13607"}]}
COMMAND: GET /session/700a0ab92761895b5ec9a5372f8d46fb/screenshot - {}
RESULT: {}
COMMAND: POST /session/700a0ab92761895b5ec9a5372f8d46fb/execute/sync - {"script":"<script> [8489 bytes]","args":[{"element-6066-11e4-a52e-4f735466cecf":"f.647512A71DDA687F9F591F39CAC5A62D.d.6565C2ABAFA2DE869D153C59102EF19D.e.13607","ELEMENT":"f.647512A71DDA687F9F591F39CAC5A62D.d.6565C2ABAFA2DE869D153C59102EF19D.e.13607"}]}
RESULT: {"script":"<script> [8489 bytes]","args":[{"element-6066-11e4-a52e-4f735466cecf":"f.647512A71DDA687F9F591F39CAC5A62D.d.6565C2ABAFA2DE869D153C59102EF19D.e.13607","ELEMENT":"f.647512A71DDA687F9F591F39CAC5A62D.d.6565C2ABAFA2DE869D153C59102EF19D.e.13607"}]}
COMMAND: GET /session/700a0ab92761895b5ec9a5372f8d46fb/screenshot - {}
RESULT: {}
COMMAND: POST /session/700a0ab92761895b5ec9a5372f8d46fb/execute/sync - {"script":"<script> [8489 bytes]","args":[{"element-6066-11e4-a52e-4f735466cecf":"f.647512A71DDA687F9F591F39CAC5A62D.d.6565C2ABAFA2DE869D153C59102EF19D.e.13607","ELEMENT":"f.647512A71DDA687F9F591F39CAC5A62D.d.6565C2ABAFA2DE869D153C59102EF19D.e.13607"}]}
RESULT: {"script":"<script> [8489 bytes]","args":[{"element-6066-11e4-a52e-4f735466cecf":"f.647512A71DDA687F9F591F39CAC5A62D.d.6565C2ABAFA2DE869D153C59102EF19D.e.13607","ELEMENT":"f.647512A71DDA687F9F591F39CAC5A62D.d.6565C2ABAFA2DE869D153C59102EF19D.e.13607"}]}
COMMAND: GET /session/700a0ab92761895b5ec9a5372f8d46fb/screenshot - {}
RESULT: {}
COMMAND: POST /session/700a0ab92761895b5ec9a5372f8d46fb/execute/sync - {"script":"<script> [8489 bytes]","args":[{"element-6066-11e4-a52e-4f735466cecf":"f.647512A71DDA687F9F591F39CAC5A62D.d.6565C2ABAFA2DE869D153C59102EF19D.e.13607","ELEMENT":"f.647512A71DDA687F9F591F39CAC5A62D.d.6565C2ABAFA2DE869D153C59102EF19D.e.13607"}]}
RESULT: {"script":"<script> [8489 bytes]","args":[{"element-6066-11e4-a52e-4f735466cecf":"f.647512A71DDA687F9F591F39CAC5A62D.d.6565C2ABAFA2DE869D153C59102EF19D.e.13607","ELEMENT":"f.647512A71DDA687F9F591F39CAC5A62D.d.6565C2ABAFA2DE869D153C59102EF19D.e.13607"}]}
COMMAND: GET /session/700a0ab92761895b5ec9a5372f8d46fb/screenshot - {}
RESULT: {}
COMMAND: POST /session/700a0ab92761895b5ec9a5372f8d46fb/execute/sync - {"script":"<script> [8489 bytes]","args":[{"element-6066-11e4-a52e-4f735466cecf":"f.647512A71DDA687F9F591F39CAC5A62D.d.6565C2ABAFA2DE869D153C59102EF19D.e.13607","ELEMENT":"f.647512A71DDA687F9F591F39CAC5A62D.d.6565C2ABAFA2DE869D153C59102EF19D.e.13607"}]}
RESULT: {"script":"<script> [8489 bytes]","args":[{"element-6066-11e4-a52e-4f735466cecf":"f.647512A71DDA687F9F591F39CAC5A62D.d.6565C2ABAFA2DE869D153C59102EF19D.e.13607","ELEMENT":"f.647512A71DDA687F9F591F39CAC5A62D.d.6565C2ABAFA2DE869D153C59102EF19D.e.13607"}]}
COMMAND: GET /session/700a0ab92761895b5ec9a5372f8d46fb/screenshot - {}
RESULT: {}
COMMAND: POST /session/700a0ab92761895b5ec9a5372f8d46fb/execute/sync - {"script":"<script> [8489 bytes]","args":[{"element-6066-11e4-a52e-4f735466cecf":"f.647512A71DDA687F9F591F39CAC5A62D.d.6565C2ABAFA2DE869D153C59102EF19D.e.13607","ELEMENT":"f.647512A71DDA687F9F591F39CAC5A62D.d.6565C2ABAFA2DE869D153C59102EF19D.e.13607"}]}
RESULT: {"script":"<script> [8489 bytes]","args":[{"element-6066-11e4-a52e-4f735466cecf":"f.647512A71DDA687F9F591F39CAC5A62D.d.6565C2ABAFA2DE869D153C59102EF19D.e.13607","ELEMENT":"f.647512A71DDA687F9F591F39CAC5A62D.d.6565C2ABAFA2DE869D153C59102EF19D.e.13607"}]}
COMMAND: GET /session/700a0ab92761895b5ec9a5372f8d46fb/screenshot - {}
RESULT: {}
COMMAND: POST /session/700a0ab92761895b5ec9a5372f8d46fb/execute/sync - {"script":"<script> [8489 bytes]","args":[{"element-6066-11e4-a52e-4f735466cecf":"f.647512A71DDA687F9F591F39CAC5A62D.d.6565C2ABAFA2DE869D153C59102EF19D.e.13607","ELEMENT":"f.647512A71DDA687F9F591F39CAC5A62D.d.6565C2ABAFA2DE869D153C59102EF19D.e.13607"}]}
RESULT: {"script":"<script> [8489 bytes]","args":[{"element-6066-11e4-a52e-4f735466cecf":"f.647512A71DDA687F9F591F39CAC5A62D.d.6565C2ABAFA2DE869D153C59102EF19D.e.13607","ELEMENT":"f.647512A71DDA687F9F591F39CAC5A62D.d.6565C2ABAFA2DE869D153C59102EF19D.e.13607"}]}
COMMAND: GET /session/700a0ab92761895b5ec9a5372f8d46fb/screenshot - {}
RESULT: {}
COMMAND: POST /session/700a0ab92761895b5ec9a5372f8d46fb/execute/sync - {"script":"<script> [8489 bytes]","args":[{"element-6066-11e4-a52e-4f735466cecf":"f.647512A71DDA687F9F591F39CAC5A62D.d.6565C2ABAFA2DE869D153C59102EF19D.e.13607","ELEMENT":"f.647512A71DDA687F9F591F39CAC5A62D.d.6565C2ABAFA2DE869D153C59102EF19D.e.13607"}]}
RESULT: {"script":"<script> [8489 bytes]","args":[{"element-6066-11e4-a52e-4f735466cecf":"f.647512A71DDA687F9F591F39CAC5A62D.d.6565C2ABAFA2DE869D153C59102EF19D.e.13607","ELEMENT":"f.647512A71DDA687F9F591F39CAC5A62D.d.6565C2ABAFA2DE869D153C59102EF19D.e.13607"}]}
COMMAND: GET /session/700a0ab92761895b5ec9a5372f8d46fb/screenshot - {}
RESULT: {}
COMMAND: POST /session/700a0ab92761895b5ec9a5372f8d46fb/execute/sync - {"script":"<script> [8489 bytes]","args":[{"element-6066-11e4-a52e-4f735466cecf":"f.647512A71DDA687F9F591F39CAC5A62D.d.6565C2ABAFA2DE869D153C59102EF19D.e.13607","ELEMENT":"f.647512A71DDA687F9F591F39CAC5A62D.d.6565C2ABAFA2DE869D153C59102EF19D.e.13607"}]}
RESULT: {"script":"<script> [8489 bytes]","args":[{"element-6066-11e4-a52e-4f735466cecf":"f.647512A71DDA687F9F591F39CAC5A62D.d.6565C2ABAFA2DE869D153C59102EF19D.e.13607","ELEMENT":"f.647512A71DDA687F9F591F39CAC5A62D.d.6565C2ABAFA2DE869D153C59102EF19D.e.13607"}]}
COMMAND: GET /session/700a0ab92761895b5ec9a5372f8d46fb/screenshot - {}
RESULT: {}
COMMAND: POST /session/700a0ab92761895b5ec9a5372f8d46fb/execute/sync - {"script":"<script> [8489 bytes]","args":[{"element-6066-11e4-a52e-4f735466cecf":"f.647512A71DDA687F9F591F39CAC5A62D.d.6565C2ABAFA2DE869D153C59102EF19D.e.13607","ELEMENT":"f.647512A71DDA687F9F591F39CAC5A62D.d.6565C2ABAFA2DE869D153C59102EF19D.e.13607"}]}
RESULT: {"script":"<script> [8489 bytes]","args":[{"element-6066-11e4-a52e-4f735466cecf":"f.647512A71DDA687F9F591F39CAC5A62D.d.6565C2ABAFA2DE869D153C59102EF19D.e.13607","ELEMENT":"f.647512A71DDA687F9F591F39CAC5A62D.d.6565C2ABAFA2DE869D153C59102EF19D.e.13607"}]}
COMMAND: GET /session/700a0ab92761895b5ec9a5372f8d46fb/screenshot - {}
RESULT: {}
COMMAND: POST /session/700a0ab92761895b5ec9a5372f8d46fb/execute/sync - {"script":"<script> [8489 bytes]","args":[{"element-6066-11e4-a52e-4f735466cecf":"f.647512A71DDA687F9F591F39CAC5A62D.d.6565C2ABAFA2DE869D153C59102EF19D.e.13607","ELEMENT":"f.647512A71DDA687F9F591F39CAC5A62D.d.6565C2ABAFA2DE869D153C59102EF19D.e.13607"}]}
RESULT: {"script":"<script> [8489 bytes]","args":[{"element-6066-11e4-a52e-4f735466cecf":"f.647512A71DDA687F9F591F39CAC5A62D.d.6565C2ABAFA2DE869D153C59102EF19D.e.13607","ELEMENT":"f.647512A71DDA687F9F591F39CAC5A62D.d.6565C2ABAFA2DE869D153C59102EF19D.e.13607"}]}
COMMAND: GET /session/700a0ab92761895b5ec9a5372f8d46fb/screenshot - {}
RESULT: {}
COMMAND: POST /session/700a0ab92761895b5ec9a5372f8d46fb/execute/sync - {"script":"<script> [8489 bytes]","args":[{"element-6066-11e4-a52e-4f735466cecf":"f.647512A71DDA687F9F591F39CAC5A62D.d.6565C2ABAFA2DE869D153C59102EF19D.e.13607","ELEMENT":"f.647512A71DDA687F9F591F39CAC5A62D.d.6565C2ABAFA2DE869D153C59102EF19D.e.13607"}]}
RESULT: {"script":"<script> [8489 bytes]","args":[{"element-6066-11e4-a52e-4f735466cecf":"f.647512A71DDA687F9F591F39CAC5A62D.d.6565C2ABAFA2DE869D153C59102EF19D.e.13607","ELEMENT":"f.647512A71DDA687F9F591F39CAC5A62D.d.6565C2ABAFA2DE869D153C59102EF19D.e.13607"}]}
COMMAND: GET /session/700a0ab92761895b5ec9a5372f8d46fb/screenshot - {}
RESULT: {}
COMMAND: POST /session/700a0ab92761895b5ec9a5372f8d46fb/execute/sync - {"script":"<script> [8489 bytes]","args":[{"element-6066-11e4-a52e-4f735466cecf":"f.647512A71DDA687F9F591F39CAC5A62D.d.6565C2ABAFA2DE869D153C59102EF19D.e.13607","ELEMENT":"f.647512A71DDA687F9F591F39CAC5A62D.d.6565C2ABAFA2DE869D153C59102EF19D.e.13607"}]}
RESULT: {"script":"<script> [8489 bytes]","args":[{"element-6066-11e4-a52e-4f735466cecf":"f.647512A71DDA687F9F591F39CAC5A62D.d.6565C2ABAFA2DE869D153C59102EF19D.e.13607","ELEMENT":"f.647512A71DDA687F9F591F39CAC5A62D.d.6565C2ABAFA2DE869D153C59102EF19D.e.13607"}]}
COMMAND: GET /session/700a0ab92761895b5ec9a5372f8d46fb/screenshot - {}
RESULT: {}
COMMAND: POST /session/700a0ab92761895b5ec9a5372f8d46fb/execute/sync - {"script":"<script> [8489 bytes]","args":[{"element-6066-11e4-a52e-4f735466cecf":"f.647512A71DDA687F9F591F39CAC5A62D.d.6565C2ABAFA2DE869D153C59102EF19D.e.13607","ELEMENT":"f.647512A71DDA687F9F591F39CAC5A62D.d.6565C2ABAFA2DE869D153C59102EF19D.e.13607"}]}
RESULT: {"script":"<script> [8489 bytes]","args":[{"element-6066-11e4-a52e-4f735466cecf":"f.647512A71DDA687F9F591F39CAC5A62D.d.6565C2ABAFA2DE869D153C59102EF19D.e.13607","ELEMENT":"f.647512A71DDA687F9F591F39CAC5A62D.d.6565C2ABAFA2DE869D153C59102EF19D.e.13607"}]}
COMMAND: GET /session/700a0ab92761895b5ec9a5372f8d46fb/screenshot - {}
RESULT: {}
COMMAND: POST /session/700a0ab92761895b5ec9a5372f8d46fb/execute/sync - {"script":"<script> [8489 bytes]","args":[{"element-6066-11e4-a52e-4f735466cecf":"f.647512A71DDA687F9F591F39CAC5A62D.d.6565C2ABAFA2DE869D153C59102EF19D.e.13607","ELEMENT":"f.647512A71DDA687F9F591F39CAC5A62D.d.6565C2ABAFA2DE869D153C59102EF19D.e.13607"}]}
RESULT: {"script":"<script> [8489 bytes]","args":[{"element-6066-11e4-a52e-4f735466cecf":"f.647512A71DDA687F9F591F39CAC5A62D.d.6565C2ABAFA2DE869D153C59102EF19D.e.13607","ELEMENT":"f.647512A71DDA687F9F591F39CAC5A62D.d.6565C2ABAFA2DE869D153C59102EF19D.e.13607"}]}
COMMAND: GET /session/700a0ab92761895b5ec9a5372f8d46fb/screenshot - {}
RESULT: {}
COMMAND: POST /session/700a0ab92761895b5ec9a5372f8d46fb/execute/sync - {"script":"<script> [8489 bytes]","args":[{"element-6066-11e4-a52e-4f735466cecf":"f.647512A71DDA687F9F591F39CAC5A62D.d.6565C2ABAFA2DE869D153C59102EF19D.e.13607","ELEMENT":"f.647512A71DDA687F9F591F39CAC5A62D.d.6565C2ABAFA2DE869D153C59102EF19D.e.13607"}]}
RESULT: {"script":"<script> [8489 bytes]","args":[{"element-6066-11e4-a52e-4f735466cecf":"f.647512A71DDA687F9F591F39CAC5A62D.d.6565C2ABAFA2DE869D153C59102EF19D.e.13607","ELEMENT":"f.647512A71DDA687F9F591F39CAC5A62D.d.6565C2ABAFA2DE869D153C59102EF19D.e.13607"}]}
COMMAND: GET /session/700a0ab92761895b5ec9a5372f8d46fb/screenshot - {}
RESULT: {}
COMMAND: POST /session/700a0ab92761895b5ec9a5372f8d46fb/execute/sync - {"script":"<script> [8489 bytes]","args":[{"element-6066-11e4-a52e-4f735466cecf":"f.647512A71DDA687F9F591F39CAC5A62D.d.6565C2ABAFA2DE869D153C59102EF19D.e.13607","ELEMENT":"f.647512A71DDA687F9F591F39CAC5A62D.d.6565C2ABAFA2DE869D153C59102EF19D.e.13607"}]}
RESULT: {"script":"<script> [8489 bytes]","args":[{"element-6066-11e4-a52e-4f735466cecf":"f.647512A71DDA687F9F591F39CAC5A62D.d.6565C2ABAFA2DE869D153C59102EF19D.e.13607","ELEMENT":"f.647512A71DDA687F9F591F39CAC5A62D.d.6565C2ABAFA2DE869D153C59102EF19D.e.13607"}]}
COMMAND: GET /session/700a0ab92761895b5ec9a5372f8d46fb/screenshot - {}
RESULT: {}
COMMAND: POST /session/700a0ab92761895b5ec9a5372f8d46fb/execute/sync - {"script":"<script> [8489 bytes]","args":[{"element-6066-11e4-a52e-4f735466cecf":"f.647512A71DDA687F9F591F39CAC5A62D.d.6565C2ABAFA2DE869D153C59102EF19D.e.13607","ELEMENT":"f.647512A71DDA687F9F591F39CAC5A62D.d.6565C2ABAFA2DE869D153C59102EF19D.e.13607"}]}
RESULT: {"script":"<script> [8489 bytes]","args":[{"element-6066-11e4-a52e-4f735466cecf":"f.647512A71DDA687F9F591F39CAC5A62D.d.6565C2ABAFA2DE869D153C59102EF19D.e.13607","ELEMENT":"f.647512A71DDA687F9F591F39CAC5A62D.d.6565C2ABAFA2DE869D153C59102EF19D.e.13607"}]}
COMMAND: GET /session/700a0ab92761895b5ec9a5372f8d46fb/screenshot - {}
RESULT: {}
COMMAND: POST /session/700a0ab92761895b5ec9a5372f8d46fb/execute/sync - {"script":"<script> [8489 bytes]","args":[{"element-6066-11e4-a52e-4f735466cecf":"f.647512A71DDA687F9F591F39CAC5A62D.d.6565C2ABAFA2DE869D153C59102EF19D.e.13607","ELEMENT":"f.647512A71DDA687F9F591F39CAC5A62D.d.6565C2ABAFA2DE869D153C59102EF19D.e.13607"}]}
RESULT: {"script":"<script> [8489 bytes]","args":[{"element-6066-11e4-a52e-4f735466cecf":"f.647512A71DDA687F9F591F39CAC5A62D.d.6565C2ABAFA2DE869D153C59102EF19D.e.13607","ELEMENT":"f.647512A71DDA687F9F591F39CAC5A62D.d.6565C2ABAFA2DE869D153C59102EF19D.e.13607"}]}
COMMAND: GET /session/700a0ab92761895b5ec9a5372f8d46fb/screenshot - {}
RESULT: {}
COMMAND: POST /session/700a0ab92761895b5ec9a5372f8d46fb/execute/sync - {"script":"<script> [8489 bytes]","args":[{"element-6066-11e4-a52e-4f735466cecf":"f.647512A71DDA687F9F591F39CAC5A62D.d.6565C2ABAFA2DE869D153C59102EF19D.e.13607","ELEMENT":"f.647512A71DDA687F9F591F39CAC5A62D.d.6565C2ABAFA2DE869D153C59102EF19D.e.13607"}]}
RESULT: {"script":"<script> [8489 bytes]","args":[{"element-6066-11e4-a52e-4f735466cecf":"f.647512A71DDA687F9F591F39CAC5A62D.d.6565C2ABAFA2DE869D153C59102EF19D.e.13607","ELEMENT":"f.647512A71DDA687F9F591F39CAC5A62D.d.6565C2ABAFA2DE869D153C59102EF19D.e.13607"}]}
COMMAND: GET /session/700a0ab92761895b5ec9a5372f8d46fb/screenshot - {}
RESULT: {}
COMMAND: POST /session/700a0ab92761895b5ec9a5372f8d46fb/execute/sync - {"script":"<script> [8489 bytes]","args":[{"element-6066-11e4-a52e-4f735466cecf":"f.647512A71DDA687F9F591F39CAC5A62D.d.6565C2ABAFA2DE869D153C59102EF19D.e.13607","ELEMENT":"f.647512A71DDA687F9F591F39CAC5A62D.d.6565C2ABAFA2DE869D153C59102EF19D.e.13607"}]}
RESULT: {"script":"<script> [8489 bytes]","args":[{"element-6066-11e4-a52e-4f735466cecf":"f.647512A71DDA687F9F591F39CAC5A62D.d.6565C2ABAFA2DE869D153C59102EF19D.e.13607","ELEMENT":"f.647512A71DDA687F9F591F39CAC5A62D.d.6565C2ABAFA2DE869D153C59102EF19D.e.13607"}]}
COMMAND: GET /session/700a0ab92761895b5ec9a5372f8d46fb/screenshot - {}
RESULT: {}
COMMAND: POST /session/700a0ab92761895b5ec9a5372f8d46fb/execute/sync - {"script":"<script> [8489 bytes]","args":[{"element-6066-11e4-a52e-4f735466cecf":"f.647512A71DDA687F9F591F39CAC5A62D.d.6565C2ABAFA2DE869D153C59102EF19D.e.13607","ELEMENT":"f.647512A71DDA687F9F591F39CAC5A62D.d.6565C2ABAFA2DE869D153C59102EF19D.e.13607"}]}
RESULT: {"script":"<script> [8489 bytes]","args":[{"element-6066-11e4-a52e-4f735466cecf":"f.647512A71DDA687F9F591F39CAC5A62D.d.6565C2ABAFA2DE869D153C59102EF19D.e.13607","ELEMENT":"f.647512A71DDA687F9F591F39CAC5A62D.d.6565C2ABAFA2DE869D153C59102EF19D.e.13607"}]}
COMMAND: GET /session/700a0ab92761895b5ec9a5372f8d46fb/screenshot - {}
RESULT: {}
COMMAND: POST /session/700a0ab92761895b5ec9a5372f8d46fb/execute/sync - {"script":"<script> [8489 bytes]","args":[{"element-6066-11e4-a52e-4f735466cecf":"f.647512A71DDA687F9F591F39CAC5A62D.d.6565C2ABAFA2DE869D153C59102EF19D.e.13607","ELEMENT":"f.647512A71DDA687F9F591F39CAC5A62D.d.6565C2ABAFA2DE869D153C59102EF19D.e.13607"}]}
RESULT: {"script":"<script> [8489 bytes]","args":[{"element-6066-11e4-a52e-4f735466cecf":"f.647512A71DDA687F9F591F39CAC5A62D.d.6565C2ABAFA2DE869D153C59102EF19D.e.13607","ELEMENT":"f.647512A71DDA687F9F591F39CAC5A62D.d.6565C2ABAFA2DE869D153C59102EF19D.e.13607"}]}
COMMAND: GET /session/700a0ab92761895b5ec9a5372f8d46fb/screenshot - {}
RESULT: {}
COMMAND: POST /session/700a0ab92761895b5ec9a5372f8d46fb/execute/sync - {"script":"<script> [8489 bytes]","args":[{"element-6066-11e4-a52e-4f735466cecf":"f.647512A71DDA687F9F591F39CAC5A62D.d.6565C2ABAFA2DE869D153C59102EF19D.e.13607","ELEMENT":"f.647512A71DDA687F9F591F39CAC5A62D.d.6565C2ABAFA2DE869D153C59102EF19D.e.13607"}]}
RESULT: {"script":"<script> [8489 bytes]","args":[{"element-6066-11e4-a52e-4f735466cecf":"f.647512A71DDA687F9F591F39CAC5A62D.d.6565C2ABAFA2DE869D153C59102EF19D.e.13607","ELEMENT":"f.647512A71DDA687F9F591F39CAC5A62D.d.6565C2ABAFA2DE869D153C59102EF19D.e.13607"}]}
COMMAND: GET /session/700a0ab92761895b5ec9a5372f8d46fb/screenshot - {}
RESULT: {}
COMMAND: POST /session/700a0ab92761895b5ec9a5372f8d46fb/execute/sync - {"script":"<script> [8489 bytes]","args":[{"element-6066-11e4-a52e-4f735466cecf":"f.647512A71DDA687F9F591F39CAC5A62D.d.6565C2ABAFA2DE869D153C59102EF19D.e.13607","ELEMENT":"f.647512A71DDA687F9F591F39CAC5A62D.d.6565C2ABAFA2DE869D153C59102EF19D.e.13607"}]}
RESULT: {"script":"<script> [8489 bytes]","args":[{"element-6066-11e4-a52e-4f735466cecf":"f.647512A71DDA687F9F591F39CAC5A62D.d.6565C2ABAFA2DE869D153C59102EF19D.e.13607","ELEMENT":"f.647512A71DDA687F9F591F39CAC5A62D.d.6565C2ABAFA2DE869D153C59102EF19D.e.13607"}]}
COMMAND: GET /session/700a0ab92761895b5ec9a5372f8d46fb/screenshot - {}
RESULT: {}
COMMAND: POST /session/700a0ab92761895b5ec9a5372f8d46fb/execute/sync - {"script":"<script> [8489 bytes]","args":[{"element-6066-11e4-a52e-4f735466cecf":"f.647512A71DDA687F9F591F39CAC5A62D.d.6565C2ABAFA2DE869D153C59102EF19D.e.13607","ELEMENT":"f.647512A71DDA687F9F591F39CAC5A62D.d.6565C2ABAFA2DE869D153C59102EF19D.e.13607"}]}
RESULT: {"script":"<script> [8489 bytes]","args":[{"element-6066-11e4-a52e-4f735466cecf":"f.647512A71DDA687F9F591F39CAC5A62D.d.6565C2ABAFA2DE869D153C59102EF19D.e.13607","ELEMENT":"f.647512A71DDA687F9F591F39CAC5A62D.d.6565C2ABAFA2DE869D153C59102EF19D.e.13607"}]}
COMMAND: GET /session/700a0ab92761895b5ec9a5372f8d46fb/screenshot - {}
RESULT: {}
COMMAND: POST /session/700a0ab92761895b5ec9a5372f8d46fb/execute/sync - {"script":"<script> [8489 bytes]","args":[{"element-6066-11e4-a52e-4f735466cecf":"f.647512A71DDA687F9F591F39CAC5A62D.d.6565C2ABAFA2DE869D153C59102EF19D.e.13607","ELEMENT":"f.647512A71DDA687F9F591F39CAC5A62D.d.6565C2ABAFA2DE869D153C59102EF19D.e.13607"}]}
RESULT: {"script":"<script> [8489 bytes]","args":[{"element-6066-11e4-a52e-4f735466cecf":"f.647512A71DDA687F9F591F39CAC5A62D.d.6565C2ABAFA2DE869D153C59102EF19D.e.13607","ELEMENT":"f.647512A71DDA687F9F591F39CAC5A62D.d.6565C2ABAFA2DE869D153C59102EF19D.e.13607"}]}
COMMAND: GET /session/700a0ab92761895b5ec9a5372f8d46fb/screenshot - {}
RESULT: {}
COMMAND: POST /session/700a0ab92761895b5ec9a5372f8d46fb/execute/sync - {"script":"<script> [8489 bytes]","args":[{"element-6066-11e4-a52e-4f735466cecf":"f.647512A71DDA687F9F591F39CAC5A62D.d.6565C2ABAFA2DE869D153C59102EF19D.e.13607","ELEMENT":"f.647512A71DDA687F9F591F39CAC5A62D.d.6565C2ABAFA2DE869D153C59102EF19D.e.13607"}]}
RESULT: {"script":"<script> [8489 bytes]","args":[{"element-6066-11e4-a52e-4f735466cecf":"f.647512A71DDA687F9F591F39CAC5A62D.d.6565C2ABAFA2DE869D153C59102EF19D.e.13607","ELEMENT":"f.647512A71DDA687F9F591F39CAC5A62D.d.6565C2ABAFA2DE869D153C59102EF19D.e.13607"}]}
COMMAND: GET /session/700a0ab92761895b5ec9a5372f8d46fb/screenshot - {}
COMMAND: POST /session/700a0ab92761895b5ec9a5372f8d46fb/execute/sync - {"script":"<script> [8489 bytes]","args":[{"element-6066-11e4-a52e-4f735466cecf":"f.647512A71DDA687F9F591F39CAC5A62D.d.6565C2ABAFA2DE869D153C59102EF19D.e.13607","ELEMENT":"f.647512A71DDA687F9F591F39CAC5A62D.d.6565C2ABAFA2DE869D153C59102EF19D.e.13607"}]}
RESULT: {}
RESULT: {"script":"<script> [8489 bytes]","args":[{"element-6066-11e4-a52e-4f735466cecf":"f.647512A71DDA687F9F591F39CAC5A62D.d.6565C2ABAFA2DE869D153C59102EF19D.e.13607","ELEMENT":"f.647512A71DDA687F9F591F39CAC5A62D.d.6565C2ABAFA2DE869D153C59102EF19D.e.13607"}]}
COMMAND: GET /session/700a0ab92761895b5ec9a5372f8d46fb/screenshot - {}
RESULT: {}
COMMAND: POST /session/700a0ab92761895b5ec9a5372f8d46fb/execute/sync - {"script":"<script> [8489 bytes]","args":[{"element-6066-11e4-a52e-4f735466cecf":"f.647512A71DDA687F9F591F39CAC5A62D.d.6565C2ABAFA2DE869D153C59102EF19D.e.13607","ELEMENT":"f.647512A71DDA687F9F591F39CAC5A62D.d.6565C2ABAFA2DE869D153C59102EF19D.e.13607"}]}
RESULT: {"script":"<script> [8489 bytes]","args":[{"element-6066-11e4-a52e-4f735466cecf":"f.647512A71DDA687F9F591F39CAC5A62D.d.6565C2ABAFA2DE869D153C59102EF19D.e.13607","ELEMENT":"f.647512A71DDA687F9F591F39CAC5A62D.d.6565C2ABAFA2DE869D153C59102EF19D.e.13607"}]}
COMMAND: GET /session/700a0ab92761895b5ec9a5372f8d46fb/screenshot - {}
RESULT: {}
COMMAND: POST /session/700a0ab92761895b5ec9a5372f8d46fb/execute/sync - {"script":"<script> [8489 bytes]","args":[{"element-6066-11e4-a52e-4f735466cecf":"f.647512A71DDA687F9F591F39CAC5A62D.d.6565C2ABAFA2DE869D153C59102EF19D.e.13607","ELEMENT":"f.647512A71DDA687F9F591F39CAC5A62D.d.6565C2ABAFA2DE869D153C59102EF19D.e.13607"}]}
RESULT: {"script":"<script> [8489 bytes]","args":[{"element-6066-11e4-a52e-4f735466cecf":"f.647512A71DDA687F9F591F39CAC5A62D.d.6565C2ABAFA2DE869D153C59102EF19D.e.13607","ELEMENT":"f.647512A71DDA687F9F591F39CAC5A62D.d.6565C2ABAFA2DE869D153C59102EF19D.e.13607"}]}
COMMAND: GET /session/700a0ab92761895b5ec9a5372f8d46fb/screenshot - {}
RESULT: {}
COMMAND: POST /session/700a0ab92761895b5ec9a5372f8d46fb/execute/sync - {"script":"<script> [8489 bytes]","args":[{"element-6066-11e4-a52e-4f735466cecf":"f.647512A71DDA687F9F591F39CAC5A62D.d.6565C2ABAFA2DE869D153C59102EF19D.e.13607","ELEMENT":"f.647512A71DDA687F9F591F39CAC5A62D.d.6565C2ABAFA2DE869D153C59102EF19D.e.13607"}]}
RESULT: {"script":"<script> [8489 bytes]","args":[{"element-6066-11e4-a52e-4f735466cecf":"f.647512A71DDA687F9F591F39CAC5A62D.d.6565C2ABAFA2DE869D153C59102EF19D.e.13607","ELEMENT":"f.647512A71DDA687F9F591F39CAC5A62D.d.6565C2ABAFA2DE869D153C59102EF19D.e.13607"}]}
COMMAND: GET /session/700a0ab92761895b5ec9a5372f8d46fb/screenshot - {}
RESULT: {}
COMMAND: POST /session/700a0ab92761895b5ec9a5372f8d46fb/execute/sync - {"script":"<script> [8489 bytes]","args":[{"element-6066-11e4-a52e-4f735466cecf":"f.647512A71DDA687F9F591F39CAC5A62D.d.6565C2ABAFA2DE869D153C59102EF19D.e.13607","ELEMENT":"f.647512A71DDA687F9F591F39CAC5A62D.d.6565C2ABAFA2DE869D153C59102EF19D.e.13607"}]}
RESULT: {"script":"<script> [8489 bytes]","args":[{"element-6066-11e4-a52e-4f735466cecf":"f.647512A71DDA687F9F591F39CAC5A62D.d.6565C2ABAFA2DE869D153C59102EF19D.e.13607","ELEMENT":"f.647512A71DDA687F9F591F39CAC5A62D.d.6565C2ABAFA2DE869D153C59102EF19D.e.13607"}]}
COMMAND: GET /session/700a0ab92761895b5ec9a5372f8d46fb/screenshot - {}
RESULT: {}
COMMAND: POST /session/700a0ab92761895b5ec9a5372f8d46fb/execute/sync - {"script":"<script> [8489 bytes]","args":[{"element-6066-11e4-a52e-4f735466cecf":"f.647512A71DDA687F9F591F39CAC5A62D.d.6565C2ABAFA2DE869D153C59102EF19D.e.13607","ELEMENT":"f.647512A71DDA687F9F591F39CAC5A62D.d.6565C2ABAFA2DE869D153C59102EF19D.e.13607"}]}
RESULT: {"script":"<script> [8489 bytes]","args":[{"element-6066-11e4-a52e-4f735466cecf":"f.647512A71DDA687F9F591F39CAC5A62D.d.6565C2ABAFA2DE869D153C59102EF19D.e.13607","ELEMENT":"f.647512A71DDA687F9F591F39CAC5A62D.d.6565C2ABAFA2DE869D153C59102EF19D.e.13607"}]}
COMMAND: GET /session/700a0ab92761895b5ec9a5372f8d46fb/screenshot - {}
RESULT: {}
COMMAND: POST /session/700a0ab92761895b5ec9a5372f8d46fb/execute/sync - {"script":"<script> [8489 bytes]","args":[{"element-6066-11e4-a52e-4f735466cecf":"f.647512A71DDA687F9F591F39CAC5A62D.d.6565C2ABAFA2DE869D153C59102EF19D.e.13607","ELEMENT":"f.647512A71DDA687F9F591F39CAC5A62D.d.6565C2ABAFA2DE869D153C59102EF19D.e.13607"}]}
RESULT: {"script":"<script> [8489 bytes]","args":[{"element-6066-11e4-a52e-4f735466cecf":"f.647512A71DDA687F9F591F39CAC5A62D.d.6565C2ABAFA2DE869D153C59102EF19D.e.13607","ELEMENT":"f.647512A71DDA687F9F591F39CAC5A62D.d.6565C2ABAFA2DE869D153C59102EF19D.e.13607"}]}
COMMAND: GET /session/700a0ab92761895b5ec9a5372f8d46fb/screenshot - {}
RESULT: {}
COMMAND: POST /session/700a0ab92761895b5ec9a5372f8d46fb/execute/sync - {"script":"<script> [8489 bytes]","args":[{"element-6066-11e4-a52e-4f735466cecf":"f.647512A71DDA687F9F591F39CAC5A62D.d.6565C2ABAFA2DE869D153C59102EF19D.e.13607","ELEMENT":"f.647512A71DDA687F9F591F39CAC5A62D.d.6565C2ABAFA2DE869D153C59102EF19D.e.13607"}]}
RESULT: {"script":"<script> [8489 bytes]","args":[{"element-6066-11e4-a52e-4f735466cecf":"f.647512A71DDA687F9F591F39CAC5A62D.d.6565C2ABAFA2DE869D153C59102EF19D.e.13607","ELEMENT":"f.647512A71DDA687F9F591F39CAC5A62D.d.6565C2ABAFA2DE869D153C59102EF19D.e.13607"}]}
COMMAND: GET /session/700a0ab92761895b5ec9a5372f8d46fb/screenshot - {}
RESULT: {}
COMMAND: POST /session/700a0ab92761895b5ec9a5372f8d46fb/execute/sync - {"script":"<script> [8489 bytes]","args":[{"element-6066-11e4-a52e-4f735466cecf":"f.647512A71DDA687F9F591F39CAC5A62D.d.6565C2ABAFA2DE869D153C59102EF19D.e.13607","ELEMENT":"f.647512A71DDA687F9F591F39CAC5A62D.d.6565C2ABAFA2DE869D153C59102EF19D.e.13607"}]}
RESULT: {"script":"<script> [8489 bytes]","args":[{"element-6066-11e4-a52e-4f735466cecf":"f.647512A71DDA687F9F591F39CAC5A62D.d.6565C2ABAFA2DE869D153C59102EF19D.e.13607","ELEMENT":"f.647512A71DDA687F9F591F39CAC5A62D.d.6565C2ABAFA2DE869D153C59102EF19D.e.13607"}]}
COMMAND: GET /session/700a0ab92761895b5ec9a5372f8d46fb/screenshot - {}
RESULT: {}
COMMAND: POST /session/700a0ab92761895b5ec9a5372f8d46fb/execute/sync - {"script":"<script> [8489 bytes]","args":[{"element-6066-11e4-a52e-4f735466cecf":"f.647512A71DDA687F9F591F39CAC5A62D.d.6565C2ABAFA2DE869D153C59102EF19D.e.13607","ELEMENT":"f.647512A71DDA687F9F591F39CAC5A62D.d.6565C2ABAFA2DE869D153C59102EF19D.e.13607"}]}
RESULT: {"script":"<script> [8489 bytes]","args":[{"element-6066-11e4-a52e-4f735466cecf":"f.647512A71DDA687F9F591F39CAC5A62D.d.6565C2ABAFA2DE869D153C59102EF19D.e.13607","ELEMENT":"f.647512A71DDA687F9F591F39CAC5A62D.d.6565C2ABAFA2DE869D153C59102EF19D.e.13607"}]}
COMMAND: GET /session/700a0ab92761895b5ec9a5372f8d46fb/screenshot - {}
RESULT: {}
COMMAND: POST /session/700a0ab92761895b5ec9a5372f8d46fb/execute/sync - {"script":"<script> [8489 bytes]","args":[{"element-6066-11e4-a52e-4f735466cecf":"f.647512A71DDA687F9F591F39CAC5A62D.d.6565C2ABAFA2DE869D153C59102EF19D.e.13607","ELEMENT":"f.647512A71DDA687F9F591F39CAC5A62D.d.6565C2ABAFA2DE869D153C59102EF19D.e.13607"}]}
RESULT: {"script":"<script> [8489 bytes]","args":[{"element-6066-11e4-a52e-4f735466cecf":"f.647512A71DDA687F9F591F39CAC5A62D.d.6565C2ABAFA2DE869D153C59102EF19D.e.13607","ELEMENT":"f.647512A71DDA687F9F591F39CAC5A62D.d.6565C2ABAFA2DE869D153C59102EF19D.e.13607"}]}
COMMAND: GET /session/700a0ab92761895b5ec9a5372f8d46fb/screenshot - {}
RESULT: {}
COMMAND: POST /session/700a0ab92761895b5ec9a5372f8d46fb/execute/sync - {"script":"<script> [8489 bytes]","args":[{"element-6066-11e4-a52e-4f735466cecf":"f.647512A71DDA687F9F591F39CAC5A62D.d.6565C2ABAFA2DE869D153C59102EF19D.e.13607","ELEMENT":"f.647512A71DDA687F9F591F39CAC5A62D.d.6565C2ABAFA2DE869D153C59102EF19D.e.13607"}]}
RESULT: {"script":"<script> [8489 bytes]","args":[{"element-6066-11e4-a52e-4f735466cecf":"f.647512A71DDA687F9F591F39CAC5A62D.d.6565C2ABAFA2DE869D153C59102EF19D.e.13607","ELEMENT":"f.647512A71DDA687F9F591F39CAC5A62D.d.6565C2ABAFA2DE869D153C59102EF19D.e.13607"}]}
COMMAND: GET /session/700a0ab92761895b5ec9a5372f8d46fb/screenshot - {}
RESULT: {}
COMMAND: POST /session/700a0ab92761895b5ec9a5372f8d46fb/execute/sync - {"script":"<script> [8489 bytes]","args":[{"element-6066-11e4-a52e-4f735466cecf":"f.647512A71DDA687F9F591F39CAC5A62D.d.6565C2ABAFA2DE869D153C59102EF19D.e.13607","ELEMENT":"f.647512A71DDA687F9F591F39CAC5A62D.d.6565C2ABAFA2DE869D153C59102EF19D.e.13607"}]}
RESULT: {"script":"<script> [8489 bytes]","args":[{"element-6066-11e4-a52e-4f735466cecf":"f.647512A71DDA687F9F591F39CAC5A62D.d.6565C2ABAFA2DE869D153C59102EF19D.e.13607","ELEMENT":"f.647512A71DDA687F9F591F39CAC5A62D.d.6565C2ABAFA2DE869D153C59102EF19D.e.13607"}]}
COMMAND: GET /session/700a0ab92761895b5ec9a5372f8d46fb/screenshot - {}
RESULT: {}
COMMAND: POST /session/700a0ab92761895b5ec9a5372f8d46fb/execute/sync - {"script":"<script> [8489 bytes]","args":[{"element-6066-11e4-a52e-4f735466cecf":"f.647512A71DDA687F9F591F39CAC5A62D.d.6565C2ABAFA2DE869D153C59102EF19D.e.13607","ELEMENT":"f.647512A71DDA687F9F591F39CAC5A62D.d.6565C2ABAFA2DE869D153C59102EF19D.e.13607"}]}
RESULT: {"script":"<script> [8489 bytes]","args":[{"element-6066-11e4-a52e-4f735466cecf":"f.647512A71DDA687F9F591F39CAC5A62D.d.6565C2ABAFA2DE869D153C59102EF19D.e.13607","ELEMENT":"f.647512A71DDA687F9F591F39CAC5A62D.d.6565C2ABAFA2DE869D153C59102EF19D.e.13607"}]}
COMMAND: GET /session/700a0ab92761895b5ec9a5372f8d46fb/screenshot - {}
RESULT: {}
COMMAND: POST /session/700a0ab92761895b5ec9a5372f8d46fb/execute/sync - {"script":"<script> [8489 bytes]","args":[{"element-6066-11e4-a52e-4f735466cecf":"f.647512A71DDA687F9F591F39CAC5A62D.d.6565C2ABAFA2DE869D153C59102EF19D.e.13607","ELEMENT":"f.647512A71DDA687F9F591F39CAC5A62D.d.6565C2ABAFA2DE869D153C59102EF19D.e.13607"}]}
RESULT: {"script":"<script> [8489 bytes]","args":[{"element-6066-11e4-a52e-4f735466cecf":"f.647512A71DDA687F9F591F39CAC5A62D.d.6565C2ABAFA2DE869D153C59102EF19D.e.13607","ELEMENT":"f.647512A71DDA687F9F591F39CAC5A62D.d.6565C2ABAFA2DE869D153C59102EF19D.e.13607"}]}
COMMAND: GET /session/700a0ab92761895b5ec9a5372f8d46fb/screenshot - {}
RESULT: {}
COMMAND: POST /session/700a0ab92761895b5ec9a5372f8d46fb/execute/sync - {"script":"<script> [8489 bytes]","args":[{"element-6066-11e4-a52e-4f735466cecf":"f.647512A71DDA687F9F591F39CAC5A62D.d.6565C2ABAFA2DE869D153C59102EF19D.e.13607","ELEMENT":"f.647512A71DDA687F9F591F39CAC5A62D.d.6565C2ABAFA2DE869D153C59102EF19D.e.13607"}]}
RESULT: {"script":"<script> [8489 bytes]","args":[{"element-6066-11e4-a52e-4f735466cecf":"f.647512A71DDA687F9F591F39CAC5A62D.d.6565C2ABAFA2DE869D153C59102EF19D.e.13607","ELEMENT":"f.647512A71DDA687F9F591F39CAC5A62D.d.6565C2ABAFA2DE869D153C59102EF19D.e.13607"}]}
COMMAND: GET /session/700a0ab92761895b5ec9a5372f8d46fb/screenshot - {}
RESULT: {}
COMMAND: POST /session/700a0ab92761895b5ec9a5372f8d46fb/execute/sync - {"script":"<script> [8489 bytes]","args":[{"element-6066-11e4-a52e-4f735466cecf":"f.647512A71DDA687F9F591F39CAC5A62D.d.6565C2ABAFA2DE869D153C59102EF19D.e.13607","ELEMENT":"f.647512A71DDA687F9F591F39CAC5A62D.d.6565C2ABAFA2DE869D153C59102EF19D.e.13607"}]}
RESULT: {"script":"<script> [8489 bytes]","args":[{"element-6066-11e4-a52e-4f735466cecf":"f.647512A71DDA687F9F591F39CAC5A62D.d.6565C2ABAFA2DE869D153C59102EF19D.e.13607","ELEMENT":"f.647512A71DDA687F9F591F39CAC5A62D.d.6565C2ABAFA2DE869D153C59102EF19D.e.13607"}]}
COMMAND: GET /session/700a0ab92761895b5ec9a5372f8d46fb/screenshot - {}
RESULT: {}
COMMAND: POST /session/700a0ab92761895b5ec9a5372f8d46fb/execute/sync - {"script":"<script> [8489 bytes]","args":[{"element-6066-11e4-a52e-4f735466cecf":"f.647512A71DDA687F9F591F39CAC5A62D.d.6565C2ABAFA2DE869D153C59102EF19D.e.13607","ELEMENT":"f.647512A71DDA687F9F591F39CAC5A62D.d.6565C2ABAFA2DE869D153C59102EF19D.e.13607"}]}
RESULT: {"script":"<script> [8489 bytes]","args":[{"element-6066-11e4-a52e-4f735466cecf":"f.647512A71DDA687F9F591F39CAC5A62D.d.6565C2ABAFA2DE869D153C59102EF19D.e.13607","ELEMENT":"f.647512A71DDA687F9F591F39CAC5A62D.d.6565C2ABAFA2DE869D153C59102EF19D.e.13607"}]}
COMMAND: GET /session/700a0ab92761895b5ec9a5372f8d46fb/screenshot - {}
RESULT: {}
COMMAND: POST /session/700a0ab92761895b5ec9a5372f8d46fb/execute/sync - {"script":"<script> [8489 bytes]","args":[{"element-6066-11e4-a52e-4f735466cecf":"f.647512A71DDA687F9F591F39CAC5A62D.d.6565C2ABAFA2DE869D153C59102EF19D.e.13607","ELEMENT":"f.647512A71DDA687F9F591F39CAC5A62D.d.6565C2ABAFA2DE869D153C59102EF19D.e.13607"}]}
RESULT: {"script":"<script> [8489 bytes]","args":[{"element-6066-11e4-a52e-4f735466cecf":"f.647512A71DDA687F9F591F39CAC5A62D.d.6565C2ABAFA2DE869D153C59102EF19D.e.13607","ELEMENT":"f.647512A71DDA687F9F591F39CAC5A62D.d.6565C2ABAFA2DE869D153C59102EF19D.e.13607"}]}
COMMAND: GET /session/700a0ab92761895b5ec9a5372f8d46fb/screenshot - {}
RESULT: {}
COMMAND: POST /session/700a0ab92761895b5ec9a5372f8d46fb/execute/sync - {"script":"<script> [8489 bytes]","args":[{"element-6066-11e4-a52e-4f735466cecf":"f.647512A71DDA687F9F591F39CAC5A62D.d.6565C2ABAFA2DE869D153C59102EF19D.e.13607","ELEMENT":"f.647512A71DDA687F9F591F39CAC5A62D.d.6565C2ABAFA2DE869D153C59102EF19D.e.13607"}]}
RESULT: {"script":"<script> [8489 bytes]","args":[{"element-6066-11e4-a52e-4f735466cecf":"f.647512A71DDA687F9F591F39CAC5A62D.d.6565C2ABAFA2DE869D153C59102EF19D.e.13607","ELEMENT":"f.647512A71DDA687F9F591F39CAC5A62D.d.6565C2ABAFA2DE869D153C59102EF19D.e.13607"}]}
COMMAND: GET /session/700a0ab92761895b5ec9a5372f8d46fb/screenshot - {}
RESULT: {}
COMMAND: POST /session/700a0ab92761895b5ec9a5372f8d46fb/execute/sync - {"script":"<script> [8489 bytes]","args":[{"element-6066-11e4-a52e-4f735466cecf":"f.647512A71DDA687F9F591F39CAC5A62D.d.6565C2ABAFA2DE869D153C59102EF19D.e.13607","ELEMENT":"f.647512A71DDA687F9F591F39CAC5A62D.d.6565C2ABAFA2DE869D153C59102EF19D.e.13607"}]}
RESULT: {"script":"<script> [8489 bytes]","args":[{"element-6066-11e4-a52e-4f735466cecf":"f.647512A71DDA687F9F591F39CAC5A62D.d.6565C2ABAFA2DE869D153C59102EF19D.e.13607","ELEMENT":"f.647512A71DDA687F9F591F39CAC5A62D.d.6565C2ABAFA2DE869D153C59102EF19D.e.13607"}]}
COMMAND: GET /session/700a0ab92761895b5ec9a5372f8d46fb/screenshot - {}
RESULT: {}
COMMAND: POST /session/700a0ab92761895b5ec9a5372f8d46fb/execute/sync - {"script":"<script> [8489 bytes]","args":[{"element-6066-11e4-a52e-4f735466cecf":"f.647512A71DDA687F9F591F39CAC5A62D.d.6565C2ABAFA2DE869D153C59102EF19D.e.13607","ELEMENT":"f.647512A71DDA687F9F591F39CAC5A62D.d.6565C2ABAFA2DE869D153C59102EF19D.e.13607"}]}
RESULT: {"script":"<script> [8489 bytes]","args":[{"element-6066-11e4-a52e-4f735466cecf":"f.647512A71DDA687F9F591F39CAC5A62D.d.6565C2ABAFA2DE869D153C59102EF19D.e.13607","ELEMENT":"f.647512A71DDA687F9F591F39CAC5A62D.d.6565C2ABAFA2DE869D153C59102EF19D.e.13607"}]}
COMMAND: GET /session/700a0ab92761895b5ec9a5372f8d46fb/screenshot - {}
RESULT: {}
COMMAND: POST /session/700a0ab92761895b5ec9a5372f8d46fb/execute/sync - {"script":"<script> [8489 bytes]","args":[{"element-6066-11e4-a52e-4f735466cecf":"f.647512A71DDA687F9F591F39CAC5A62D.d.6565C2ABAFA2DE869D153C59102EF19D.e.13607","ELEMENT":"f.647512A71DDA687F9F591F39CAC5A62D.d.6565C2ABAFA2DE869D153C59102EF19D.e.13607"}]}
RESULT: {"script":"<script> [8489 bytes]","args":[{"element-6066-11e4-a52e-4f735466cecf":"f.647512A71DDA687F9F591F39CAC5A62D.d.6565C2ABAFA2DE869D153C59102EF19D.e.13607","ELEMENT":"f.647512A71DDA687F9F591F39CAC5A62D.d.6565C2ABAFA2DE869D153C59102EF19D.e.13607"}]}
COMMAND: GET /session/700a0ab92761895b5ec9a5372f8d46fb/screenshot - {}
RESULT: {}
COMMAND: POST /session/700a0ab92761895b5ec9a5372f8d46fb/execute/sync - {"script":"<script> [8489 bytes]","args":[{"element-6066-11e4-a52e-4f735466cecf":"f.647512A71DDA687F9F591F39CAC5A62D.d.6565C2ABAFA2DE869D153C59102EF19D.e.13607","ELEMENT":"f.647512A71DDA687F9F591F39CAC5A62D.d.6565C2ABAFA2DE869D153C59102EF19D.e.13607"}]}
RESULT: {"script":"<script> [8489 bytes]","args":[{"element-6066-11e4-a52e-4f735466cecf":"f.647512A71DDA687F9F591F39CAC5A62D.d.6565C2ABAFA2DE869D153C59102EF19D.e.13607","ELEMENT":"f.647512A71DDA687F9F591F39CAC5A62D.d.6565C2ABAFA2DE869D153C59102EF19D.e.13607"}]}
COMMAND: GET /session/700a0ab92761895b5ec9a5372f8d46fb/screenshot - {}
RESULT: {}
COMMAND: POST /session/700a0ab92761895b5ec9a5372f8d46fb/execute/sync - {"script":"<script> [8489 bytes]","args":[{"element-6066-11e4-a52e-4f735466cecf":"f.647512A71DDA687F9F591F39CAC5A62D.d.6565C2ABAFA2DE869D153C59102EF19D.e.13607","ELEMENT":"f.647512A71DDA687F9F591F39CAC5A62D.d.6565C2ABAFA2DE869D153C59102EF19D.e.13607"}]}
RESULT: {"script":"<script> [8489 bytes]","args":[{"element-6066-11e4-a52e-4f735466cecf":"f.647512A71DDA687F9F591F39CAC5A62D.d.6565C2ABAFA2DE869D153C59102EF19D.e.13607","ELEMENT":"f.647512A71DDA687F9F591F39CAC5A62D.d.6565C2ABAFA2DE869D153C59102EF19D.e.13607"}]}
COMMAND: GET /session/700a0ab92761895b5ec9a5372f8d46fb/screenshot - {}
RESULT: {}
COMMAND: POST /session/700a0ab92761895b5ec9a5372f8d46fb/execute/sync - {"script":"<script> [8489 bytes]","args":[{"element-6066-11e4-a52e-4f735466cecf":"f.647512A71DDA687F9F591F39CAC5A62D.d.6565C2ABAFA2DE869D153C59102EF19D.e.13607","ELEMENT":"f.647512A71DDA687F9F591F39CAC5A62D.d.6565C2ABAFA2DE869D153C59102EF19D.e.13607"}]}
RESULT: {"script":"<script> [8489 bytes]","args":[{"element-6066-11e4-a52e-4f735466cecf":"f.647512A71DDA687F9F591F39CAC5A62D.d.6565C2ABAFA2DE869D153C59102EF19D.e.13607","ELEMENT":"f.647512A71DDA687F9F591F39CAC5A62D.d.6565C2ABAFA2DE869D153C59102EF19D.e.13607"}]}
COMMAND: GET /session/700a0ab92761895b5ec9a5372f8d46fb/screenshot - {}
RESULT: {}
COMMAND: POST /session/700a0ab92761895b5ec9a5372f8d46fb/execute/sync - {"script":"<script> [8489 bytes]","args":[{"element-6066-11e4-a52e-4f735466cecf":"f.647512A71DDA687F9F591F39CAC5A62D.d.6565C2ABAFA2DE869D153C59102EF19D.e.13607","ELEMENT":"f.647512A71DDA687F9F591F39CAC5A62D.d.6565C2ABAFA2DE869D153C59102EF19D.e.13607"}]}
RESULT: {"script":"<script> [8489 bytes]","args":[{"element-6066-11e4-a52e-4f735466cecf":"f.647512A71DDA687F9F591F39CAC5A62D.d.6565C2ABAFA2DE869D153C59102EF19D.e.13607","ELEMENT":"f.647512A71DDA687F9F591F39CAC5A62D.d.6565C2ABAFA2DE869D153C59102EF19D.e.13607"}]}
COMMAND: GET /session/700a0ab92761895b5ec9a5372f8d46fb/screenshot - {}
RESULT: {}
COMMAND: POST /session/700a0ab92761895b5ec9a5372f8d46fb/execute/sync - {"script":"<script> [8489 bytes]","args":[{"element-6066-11e4-a52e-4f735466cecf":"f.647512A71DDA687F9F591F39CAC5A62D.d.6565C2ABAFA2DE869D153C59102EF19D.e.13607","ELEMENT":"f.647512A71DDA687F9F591F39CAC5A62D.d.6565C2ABAFA2DE869D153C59102EF19D.e.13607"}]}
RESULT: {"script":"<script> [8489 bytes]","args":[{"element-6066-11e4-a52e-4f735466cecf":"f.647512A71DDA687F9F591F39CAC5A62D.d.6565C2ABAFA2DE869D153C59102EF19D.e.13607","ELEMENT":"f.647512A71DDA687F9F591F39CAC5A62D.d.6565C2ABAFA2DE869D153C59102EF19D.e.13607"}]}
COMMAND: GET /session/700a0ab92761895b5ec9a5372f8d46fb/screenshot - {}
RESULT: {}
COMMAND: POST /session/700a0ab92761895b5ec9a5372f8d46fb/execute/sync - {"script":"<script> [8489 bytes]","args":[{"element-6066-11e4-a52e-4f735466cecf":"f.647512A71DDA687F9F591F39CAC5A62D.d.6565C2ABAFA2DE869D153C59102EF19D.e.13607","ELEMENT":"f.647512A71DDA687F9F591F39CAC5A62D.d.6565C2ABAFA2DE869D153C59102EF19D.e.13607"}]}
RESULT: {"script":"<script> [8489 bytes]","args":[{"element-6066-11e4-a52e-4f735466cecf":"f.647512A71DDA687F9F591F39CAC5A62D.d.6565C2ABAFA2DE869D153C59102EF19D.e.13607","ELEMENT":"f.647512A71DDA687F9F591F39CAC5A62D.d.6565C2ABAFA2DE869D153C59102EF19D.e.13607"}]}
COMMAND: GET /session/700a0ab92761895b5ec9a5372f8d46fb/screenshot - {}
RESULT: {}
COMMAND: POST /session/700a0ab92761895b5ec9a5372f8d46fb/execute/sync - {"script":"<script> [8489 bytes]","args":[{"element-6066-11e4-a52e-4f735466cecf":"f.647512A71DDA687F9F591F39CAC5A62D.d.6565C2ABAFA2DE869D153C59102EF19D.e.13607","ELEMENT":"f.647512A71DDA687F9F591F39CAC5A62D.d.6565C2ABAFA2DE869D153C59102EF19D.e.13607"}]}
RESULT: {"script":"<script> [8489 bytes]","args":[{"element-6066-11e4-a52e-4f735466cecf":"f.647512A71DDA687F9F591F39CAC5A62D.d.6565C2ABAFA2DE869D153C59102EF19D.e.13607","ELEMENT":"f.647512A71DDA687F9F591F39CAC5A62D.d.6565C2ABAFA2DE869D153C59102EF19D.e.13607"}]}
COMMAND: GET /session/700a0ab92761895b5ec9a5372f8d46fb/screenshot - {}
RESULT: {}
COMMAND: POST /session/700a0ab92761895b5ec9a5372f8d46fb/execute/sync - {"script":"<script> [8489 bytes]","args":[{"element-6066-11e4-a52e-4f735466cecf":"f.647512A71DDA687F9F591F39CAC5A62D.d.6565C2ABAFA2DE869D153C59102EF19D.e.13607","ELEMENT":"f.647512A71DDA687F9F591F39CAC5A62D.d.6565C2ABAFA2DE869D153C59102EF19D.e.13607"}]}
RESULT: {"script":"<script> [8489 bytes]","args":[{"element-6066-11e4-a52e-4f735466cecf":"f.647512A71DDA687F9F591F39CAC5A62D.d.6565C2ABAFA2DE869D153C59102EF19D.e.13607","ELEMENT":"f.647512A71DDA687F9F591F39CAC5A62D.d.6565C2ABAFA2DE869D153C59102EF19D.e.13607"}]}
COMMAND: GET /session/700a0ab92761895b5ec9a5372f8d46fb/screenshot - {}
RESULT: {}
COMMAND: POST /session/700a0ab92761895b5ec9a5372f8d46fb/execute/sync - {"script":"<script> [8489 bytes]","args":[{"element-6066-11e4-a52e-4f735466cecf":"f.647512A71DDA687F9F591F39CAC5A62D.d.6565C2ABAFA2DE869D153C59102EF19D.e.13607","ELEMENT":"f.647512A71DDA687F9F591F39CAC5A62D.d.6565C2ABAFA2DE869D153C59102EF19D.e.13607"}]}
RESULT: {"script":"<script> [8489 bytes]","args":[{"element-6066-11e4-a52e-4f735466cecf":"f.647512A71DDA687F9F591F39CAC5A62D.d.6565C2ABAFA2DE869D153C59102EF19D.e.13607","ELEMENT":"f.647512A71DDA687F9F591F39CAC5A62D.d.6565C2ABAFA2DE869D153C59102EF19D.e.13607"}]}
COMMAND: GET /session/700a0ab92761895b5ec9a5372f8d46fb/screenshot - {}
RESULT: {}
COMMAND: POST /session/700a0ab92761895b5ec9a5372f8d46fb/execute/sync - {"script":"<script> [8489 bytes]","args":[{"element-6066-11e4-a52e-4f735466cecf":"f.647512A71DDA687F9F591F39CAC5A62D.d.6565C2ABAFA2DE869D153C59102EF19D.e.13607","ELEMENT":"f.647512A71DDA687F9F591F39CAC5A62D.d.6565C2ABAFA2DE869D153C59102EF19D.e.13607"}]}
RESULT: {"script":"<script> [8489 bytes]","args":[{"element-6066-11e4-a52e-4f735466cecf":"f.647512A71DDA687F9F591F39CAC5A62D.d.6565C2ABAFA2DE869D153C59102EF19D.e.13607","ELEMENT":"f.647512A71DDA687F9F591F39CAC5A62D.d.6565C2ABAFA2DE869D153C59102EF19D.e.13607"}]}
COMMAND: GET /session/700a0ab92761895b5ec9a5372f8d46fb/screenshot - {}
RESULT: {}
COMMAND: POST /session/700a0ab92761895b5ec9a5372f8d46fb/execute/sync - {"script":"<script> [8489 bytes]","args":[{"element-6066-11e4-a52e-4f735466cecf":"f.647512A71DDA687F9F591F39CAC5A62D.d.6565C2ABAFA2DE869D153C59102EF19D.e.13607","ELEMENT":"f.647512A71DDA687F9F591F39CAC5A62D.d.6565C2ABAFA2DE869D153C59102EF19D.e.13607"}]}
RESULT: {"script":"<script> [8489 bytes]","args":[{"element-6066-11e4-a52e-4f735466cecf":"f.647512A71DDA687F9F591F39CAC5A62D.d.6565C2ABAFA2DE869D153C59102EF19D.e.13607","ELEMENT":"f.647512A71DDA687F9F591F39CAC5A62D.d.6565C2ABAFA2DE869D153C59102EF19D.e.13607"}]}
COMMAND: GET /session/700a0ab92761895b5ec9a5372f8d46fb/screenshot - {}
RESULT: {}
COMMAND: POST /session/700a0ab92761895b5ec9a5372f8d46fb/execute/sync - {"script":"<script> [8489 bytes]","args":[{"element-6066-11e4-a52e-4f735466cecf":"f.647512A71DDA687F9F591F39CAC5A62D.d.6565C2ABAFA2DE869D153C59102EF19D.e.13607","ELEMENT":"f.647512A71DDA687F9F591F39CAC5A62D.d.6565C2ABAFA2DE869D153C59102EF19D.e.13607"}]}
RESULT: {"script":"<script> [8489 bytes]","args":[{"element-6066-11e4-a52e-4f735466cecf":"f.647512A71DDA687F9F591F39CAC5A62D.d.6565C2ABAFA2DE869D153C59102EF19D.e.13607","ELEMENT":"f.647512A71DDA687F9F591F39CAC5A62D.d.6565C2ABAFA2DE869D153C59102EF19D.e.13607"}]}
COMMAND: GET /session/700a0ab92761895b5ec9a5372f8d46fb/screenshot - {}
RESULT: {}
COMMAND: POST /session/700a0ab92761895b5ec9a5372f8d46fb/execute/sync - {"script":"<script> [8489 bytes]","args":[{"element-6066-11e4-a52e-4f735466cecf":"f.647512A71DDA687F9F591F39CAC5A62D.d.6565C2ABAFA2DE869D153C59102EF19D.e.13607","ELEMENT":"f.647512A71DDA687F9F591F39CAC5A62D.d.6565C2ABAFA2DE869D153C59102EF19D.e.13607"}]}
RESULT: {"script":"<script> [8489 bytes]","args":[{"element-6066-11e4-a52e-4f735466cecf":"f.647512A71DDA687F9F591F39CAC5A62D.d.6565C2ABAFA2DE869D153C59102EF19D.e.13607","ELEMENT":"f.647512A71DDA687F9F591F39CAC5A62D.d.6565C2ABAFA2DE869D153C59102EF19D.e.13607"}]}
COMMAND: GET /session/700a0ab92761895b5ec9a5372f8d46fb/screenshot - {}
RESULT: {}
COMMAND: POST /session/700a0ab92761895b5ec9a5372f8d46fb/execute/sync - {"script":"<script> [8489 bytes]","args":[{"element-6066-11e4-a52e-4f735466cecf":"f.647512A71DDA687F9F591F39CAC5A62D.d.6565C2ABAFA2DE869D153C59102EF19D.e.13607","ELEMENT":"f.647512A71DDA687F9F591F39CAC5A62D.d.6565C2ABAFA2DE869D153C59102EF19D.e.13607"}]}
RESULT: {"script":"<script> [8489 bytes]","args":[{"element-6066-11e4-a52e-4f735466cecf":"f.647512A71DDA687F9F591F39CAC5A62D.d.6565C2ABAFA2DE869D153C59102EF19D.e.13607","ELEMENT":"f.647512A71DDA687F9F591F39CAC5A62D.d.6565C2ABAFA2DE869D153C59102EF19D.e.13607"}]}
COMMAND: GET /session/700a0ab92761895b5ec9a5372f8d46fb/screenshot - {}
RESULT: {}
COMMAND: POST /session/700a0ab92761895b5ec9a5372f8d46fb/execute/sync - {"script":"<script> [8489 bytes]","args":[{"element-6066-11e4-a52e-4f735466cecf":"f.647512A71DDA687F9F591F39CAC5A62D.d.6565C2ABAFA2DE869D153C59102EF19D.e.13607","ELEMENT":"f.647512A71DDA687F9F591F39CAC5A62D.d.6565C2ABAFA2DE869D153C59102EF19D.e.13607"}]}
RESULT: {"script":"<script> [8489 bytes]","args":[{"element-6066-11e4-a52e-4f735466cecf":"f.647512A71DDA687F9F591F39CAC5A62D.d.6565C2ABAFA2DE869D153C59102EF19D.e.13607","ELEMENT":"f.647512A71DDA687F9F591F39CAC5A62D.d.6565C2ABAFA2DE869D153C59102EF19D.e.13607"}]}
COMMAND: GET /session/700a0ab92761895b5ec9a5372f8d46fb/screenshot - {}
RESULT: {}
COMMAND: POST /session/700a0ab92761895b5ec9a5372f8d46fb/execute/sync - {"script":"<script> [8489 bytes]","args":[{"element-6066-11e4-a52e-4f735466cecf":"f.647512A71DDA687F9F591F39CAC5A62D.d.6565C2ABAFA2DE869D153C59102EF19D.e.13607","ELEMENT":"f.647512A71DDA687F9F591F39CAC5A62D.d.6565C2ABAFA2DE869D153C59102EF19D.e.13607"}]}
RESULT: {"script":"<script> [8489 bytes]","args":[{"element-6066-11e4-a52e-4f735466cecf":"f.647512A71DDA687F9F591F39CAC5A62D.d.6565C2ABAFA2DE869D153C59102EF19D.e.13607","ELEMENT":"f.647512A71DDA687F9F591F39CAC5A62D.d.6565C2ABAFA2DE869D153C59102EF19D.e.13607"}]}
COMMAND: GET /session/700a0ab92761895b5ec9a5372f8d46fb/screenshot - {}
RESULT: {}
COMMAND: POST /session/700a0ab92761895b5ec9a5372f8d46fb/execute/sync - {"script":"<script> [8489 bytes]","args":[{"element-6066-11e4-a52e-4f735466cecf":"f.647512A71DDA687F9F591F39CAC5A62D.d.6565C2ABAFA2DE869D153C59102EF19D.e.13607","ELEMENT":"f.647512A71DDA687F9F591F39CAC5A62D.d.6565C2ABAFA2DE869D153C59102EF19D.e.13607"}]}
RESULT: {"script":"<script> [8489 bytes]","args":[{"element-6066-11e4-a52e-4f735466cecf":"f.647512A71DDA687F9F591F39CAC5A62D.d.6565C2ABAFA2DE869D153C59102EF19D.e.13607","ELEMENT":"f.647512A71DDA687F9F591F39CAC5A62D.d.6565C2ABAFA2DE869D153C59102EF19D.e.13607"}]}
COMMAND: GET /session/700a0ab92761895b5ec9a5372f8d46fb/screenshot - {}
RESULT: {}
COMMAND: POST /session/700a0ab92761895b5ec9a5372f8d46fb/execute/sync - {"script":"<script> [8489 bytes]","args":[{"element-6066-11e4-a52e-4f735466cecf":"f.647512A71DDA687F9F591F39CAC5A62D.d.6565C2ABAFA2DE869D153C59102EF19D.e.13607","ELEMENT":"f.647512A71DDA687F9F591F39CAC5A62D.d.6565C2ABAFA2DE869D153C59102EF19D.e.13607"}]}
RESULT: {"script":"<script> [8489 bytes]","args":[{"element-6066-11e4-a52e-4f735466cecf":"f.647512A71DDA687F9F591F39CAC5A62D.d.6565C2ABAFA2DE869D153C59102EF19D.e.13607","ELEMENT":"f.647512A71DDA687F9F591F39CAC5A62D.d.6565C2ABAFA2DE869D153C59102EF19D.e.13607"}]}
COMMAND: GET /session/700a0ab92761895b5ec9a5372f8d46fb/screenshot - {}
RESULT: {}
COMMAND: POST /session/700a0ab92761895b5ec9a5372f8d46fb/execute/sync - {"script":"<script> [8489 bytes]","args":[{"element-6066-11e4-a52e-4f735466cecf":"f.647512A71DDA687F9F591F39CAC5A62D.d.6565C2ABAFA2DE869D153C59102EF19D.e.13607","ELEMENT":"f.647512A71DDA687F9F591F39CAC5A62D.d.6565C2ABAFA2DE869D153C59102EF19D.e.13607"}]}
RESULT: {"script":"<script> [8489 bytes]","args":[{"element-6066-11e4-a52e-4f735466cecf":"f.647512A71DDA687F9F591F39CAC5A62D.d.6565C2ABAFA2DE869D153C59102EF19D.e.13607","ELEMENT":"f.647512A71DDA687F9F591F39CAC5A62D.d.6565C2ABAFA2DE869D153C59102EF19D.e.13607"}]}
COMMAND: GET /session/700a0ab92761895b5ec9a5372f8d46fb/screenshot - {}
RESULT: {}
COMMAND: POST /session/700a0ab92761895b5ec9a5372f8d46fb/execute/sync - {"script":"<script> [8489 bytes]","args":[{"element-6066-11e4-a52e-4f735466cecf":"f.647512A71DDA687F9F591F39CAC5A62D.d.6565C2ABAFA2DE869D153C59102EF19D.e.13607","ELEMENT":"f.647512A71DDA687F9F591F39CAC5A62D.d.6565C2ABAFA2DE869D153C59102EF19D.e.13607"}]}
RESULT: {"script":"<script> [8489 bytes]","args":[{"element-6066-11e4-a52e-4f735466cecf":"f.647512A71DDA687F9F591F39CAC5A62D.d.6565C2ABAFA2DE869D153C59102EF19D.e.13607","ELEMENT":"f.647512A71DDA687F9F591F39CAC5A62D.d.6565C2ABAFA2DE869D153C59102EF19D.e.13607"}]}
COMMAND: GET /session/700a0ab92761895b5ec9a5372f8d46fb/screenshot - {}
RESULT: {}
COMMAND: POST /session/700a0ab92761895b5ec9a5372f8d46fb/execute/sync - {"script":"<script> [8489 bytes]","args":[{"element-6066-11e4-a52e-4f735466cecf":"f.647512A71DDA687F9F591F39CAC5A62D.d.6565C2ABAFA2DE869D153C59102EF19D.e.13607","ELEMENT":"f.647512A71DDA687F9F591F39CAC5A62D.d.6565C2ABAFA2DE869D153C59102EF19D.e.13607"}]}
RESULT: {"script":"<script> [8489 bytes]","args":[{"element-6066-11e4-a52e-4f735466cecf":"f.647512A71DDA687F9F591F39CAC5A62D.d.6565C2ABAFA2DE869D153C59102EF19D.e.13607","ELEMENT":"f.647512A71DDA687F9F591F39CAC5A62D.d.6565C2ABAFA2DE869D153C59102EF19D.e.13607"}]}
COMMAND: GET /session/700a0ab92761895b5ec9a5372f8d46fb/screenshot - {}
RESULT: {}
COMMAND: POST /session/700a0ab92761895b5ec9a5372f8d46fb/execute/sync - {"script":"<script> [8489 bytes]","args":[{"element-6066-11e4-a52e-4f735466cecf":"f.647512A71DDA687F9F591F39CAC5A62D.d.6565C2ABAFA2DE869D153C59102EF19D.e.13607","ELEMENT":"f.647512A71DDA687F9F591F39CAC5A62D.d.6565C2ABAFA2DE869D153C59102EF19D.e.13607"}]}
RESULT: {"script":"<script> [8489 bytes]","args":[{"element-6066-11e4-a52e-4f735466cecf":"f.647512A71DDA687F9F591F39CAC5A62D.d.6565C2ABAFA2DE869D153C59102EF19D.e.13607","ELEMENT":"f.647512A71DDA687F9F591F39CAC5A62D.d.6565C2ABAFA2DE869D153C59102EF19D.e.13607"}]}
COMMAND: GET /session/700a0ab92761895b5ec9a5372f8d46fb/screenshot - {}
RESULT: {}
COMMAND: POST /session/700a0ab92761895b5ec9a5372f8d46fb/execute/sync - {"script":"<script> [8489 bytes]","args":[{"element-6066-11e4-a52e-4f735466cecf":"f.647512A71DDA687F9F591F39CAC5A62D.d.6565C2ABAFA2DE869D153C59102EF19D.e.13607","ELEMENT":"f.647512A71DDA687F9F591F39CAC5A62D.d.6565C2ABAFA2DE869D153C59102EF19D.e.13607"}]}
RESULT: {"script":"<script> [8489 bytes]","args":[{"element-6066-11e4-a52e-4f735466cecf":"f.647512A71DDA687F9F591F39CAC5A62D.d.6565C2ABAFA2DE869D153C59102EF19D.e.13607","ELEMENT":"f.647512A71DDA687F9F591F39CAC5A62D.d.6565C2ABAFA2DE869D153C59102EF19D.e.13607"}]}
COMMAND: GET /session/700a0ab92761895b5ec9a5372f8d46fb/screenshot - {}
RESULT: {}
COMMAND: POST /session/700a0ab92761895b5ec9a5372f8d46fb/execute/sync - {"script":"<script> [8489 bytes]","args":[{"element-6066-11e4-a52e-4f735466cecf":"f.647512A71DDA687F9F591F39CAC5A62D.d.6565C2ABAFA2DE869D153C59102EF19D.e.13607","ELEMENT":"f.647512A71DDA687F9F591F39CAC5A62D.d.6565C2ABAFA2DE869D153C59102EF19D.e.13607"}]}
RESULT: {"script":"<script> [8489 bytes]","args":[{"element-6066-11e4-a52e-4f735466cecf":"f.647512A71DDA687F9F591F39CAC5A62D.d.6565C2ABAFA2DE869D153C59102EF19D.e.13607","ELEMENT":"f.647512A71DDA687F9F591F39CAC5A62D.d.6565C2ABAFA2DE869D153C59102EF19D.e.13607"}]}
COMMAND: GET /session/700a0ab92761895b5ec9a5372f8d46fb/screenshot - {}
RESULT: {}
COMMAND: POST /session/700a0ab92761895b5ec9a5372f8d46fb/execute/sync - {"script":"<script> [8489 bytes]","args":[{"element-6066-11e4-a52e-4f735466cecf":"f.647512A71DDA687F9F591F39CAC5A62D.d.6565C2ABAFA2DE869D153C59102EF19D.e.13607","ELEMENT":"f.647512A71DDA687F9F591F39CAC5A62D.d.6565C2ABAFA2DE869D153C59102EF19D.e.13607"}]}
RESULT: {"script":"<script> [8489 bytes]","args":[{"element-6066-11e4-a52e-4f735466cecf":"f.647512A71DDA687F9F591F39CAC5A62D.d.6565C2ABAFA2DE869D153C59102EF19D.e.13607","ELEMENT":"f.647512A71DDA687F9F591F39CAC5A62D.d.6565C2ABAFA2DE869D153C59102EF19D.e.13607"}]}
COMMAND: GET /session/700a0ab92761895b5ec9a5372f8d46fb/screenshot - {}
RESULT: {}
COMMAND: POST /session/700a0ab92761895b5ec9a5372f8d46fb/execute/sync - {"script":"<script> [8489 bytes]","args":[{"element-6066-11e4-a52e-4f735466cecf":"f.647512A71DDA687F9F591F39CAC5A62D.d.6565C2ABAFA2DE869D153C59102EF19D.e.13607","ELEMENT":"f.647512A71DDA687F9F591F39CAC5A62D.d.6565C2ABAFA2DE869D153C59102EF19D.e.13607"}]}
RESULT: {"script":"<script> [8489 bytes]","args":[{"element-6066-11e4-a52e-4f735466cecf":"f.647512A71DDA687F9F591F39CAC5A62D.d.6565C2ABAFA2DE869D153C59102EF19D.e.13607","ELEMENT":"f.647512A71DDA687F9F591F39CAC5A62D.d.6565C2ABAFA2DE869D153C59102EF19D.e.13607"}]}
COMMAND: GET /session/700a0ab92761895b5ec9a5372f8d46fb/screenshot - {}
RESULT: {}
COMMAND: POST /session/700a0ab92761895b5ec9a5372f8d46fb/execute/sync - {"script":"<script> [8489 bytes]","args":[{"element-6066-11e4-a52e-4f735466cecf":"f.647512A71DDA687F9F591F39CAC5A62D.d.6565C2ABAFA2DE869D153C59102EF19D.e.13607","ELEMENT":"f.647512A71DDA687F9F591F39CAC5A62D.d.6565C2ABAFA2DE869D153C59102EF19D.e.13607"}]}
COMMAND: POST /session/700a0ab92761895b5ec9a5372f8d46fb/execute/async - {"script":"<script> [1562 bytes]","args":[{"selector":{"controlType":"sap.m.ToggleButton","viewName":"etm.portal.ui.warehousemovements.view.ExecuteMovement","viewId":"application-warehousemovements-display-component---executeMovement","bindingPath":{"propertyPath":"STATUS","modelName":"catalogModel"},"interaction":{"idSuffix":"BDI-content"}},"wdio_ui5_key":"etmportal.ui.warehousemovements.view.ExecuteMovementsap.m.ToggleButton{\"propertyPath\":\"STATUS\",\"modelName\":\"catalogModel\"}"}]}
RESULT: {"script":"<script> [1562 bytes]","args":[{"selector":{"controlType":"sap.m.ToggleButton","viewName":"etm.portal.ui.warehousemovements.view.ExecuteMovement","viewId":"application-warehousemovements-display-component---executeMovement","bindingPath":{"propertyPath":"STATUS","modelName":"catalogModel"},"interaction":{"idSuffix":"BDI-content"}},"wdio_ui5_key":"etmportal.ui.warehousemovements.view.ExecuteMovementsap.m.ToggleButton{\"propertyPath\":\"STATUS\",\"modelName\":\"catalogModel\"}"}]}
RESULT: undefined
COMMAND: POST /session/700a0ab92761895b5ec9a5372f8d46fb/element - {"using":"xpath","value":"//*[@id=\"__button427-__clone10810\"]"}
RESULT: {"script":"<script> [8489 bytes]","args":[{"element-6066-11e4-a52e-4f735466cecf":"f.647512A71DDA687F9F591F39CAC5A62D.d.6565C2ABAFA2DE869D153C59102EF19D.e.13607","ELEMENT":"f.647512A71DDA687F9F591F39CAC5A62D.d.6565C2ABAFA2DE869D153C59102EF19D.e.13607"}]}
COMMAND: GET /session/700a0ab92761895b5ec9a5372f8d46fb/screenshot - {}
RESULT: {"using":"xpath","value":"//*[@id=\"__button427-__clone10810\"]"}
COMMAND: POST /session/700a0ab92761895b5ec9a5372f8d46fb/element/f.647512A71DDA687F9F591F39CAC5A62D.d.6565C2ABAFA2DE869D153C59102EF19D.e.13609/click - {}
RESULT: {}
RESULT: {}
RESULT: undefined
COMMAND: POST /session/700a0ab92761895b5ec9a5372f8d46fb/element - {"using":"xpath","value":"//*[@id=\"__button427-__clone10810\"]"}
COMMAND: GET /session/700a0ab92761895b5ec9a5372f8d46fb/screenshot - {}
RESULT: {"using":"xpath","value":"//*[@id=\"__button427-__clone10810\"]"}
COMMAND: POST /session/700a0ab92761895b5ec9a5372f8d46fb/element/f.647512A71DDA687F9F591F39CAC5A62D.d.6565C2ABAFA2DE869D153C59102EF19D.e.13609/click - {}
RESULT: {}
RESULT: {}
RESULT: undefined
COMMAND: POST /session/700a0ab92761895b5ec9a5372f8d46fb/execute/async - {"script":"<script> [6424 bytes]","args":[{"element-6066-11e4-a52e-4f735466cecf":"f.647512A71DDA687F9F591F39CAC5A62D.d.6565C2ABAFA2DE869D153C59102EF19D.e.13608"},"getText",[]]}
COMMAND: GET /session/700a0ab92761895b5ec9a5372f8d46fb/screenshot - {}
RESULT: {"script":"<script> [6424 bytes]","args":[{"element-6066-11e4-a52e-4f735466cecf":"f.647512A71DDA687F9F591F39CAC5A62D.d.6565C2ABAFA2DE869D153C59102EF19D.e.13608"},"getText",[]]}
COMMAND: POST /session/700a0ab92761895b5ec9a5372f8d46fb/execute/async - {"script":"<script> [1562 bytes]","args":[{"selector":{"id":"application-warehousemovements-display-component---executeMovement--executeId","interaction":{"idSuffix":"BDI-content"}},"wdio_ui5_key":"applicationwarehousemovements-display-component---executeMovement--executeId"}]}
RESULT: {}
RESULT: {"script":"<script> [1562 bytes]","args":[{"selector":{"id":"application-warehousemovements-display-component---executeMovement--executeId","interaction":{"idSuffix":"BDI-content"}},"wdio_ui5_key":"applicationwarehousemovements-display-component---executeMovement--executeId"}]}
RESULT: undefined
COMMAND: POST /session/700a0ab92761895b5ec9a5372f8d46fb/element - {"using":"xpath","value":"//*[@id=\"application-warehousemovements-display-component---executeMovement--executeId\"]"}
RESULT: {"using":"xpath","value":"//*[@id=\"application-warehousemovements-display-component---executeMovement--executeId\"]"}
COMMAND: POST /session/700a0ab92761895b5ec9a5372f8d46fb/element/f.647512A71DDA687F9F591F39CAC5A62D.d.6565C2ABAFA2DE869D153C59102EF19D.e.13574/click - {}
RESULT: {}
COMMAND: POST /session/700a0ab92761895b5ec9a5372f8d46fb/execute/async - {"script":"<script> [1562 bytes]","args":[{"selector":{"controlType":"sap.m.Link","viewName":"etm.portal.ui.warehousemovements.view.DisplayMovement","viewId":"application-warehousemovements-display-component---displayMovement","bindingPath":{"propertyPath":"HAND_OVER_NO","modelName":"catalogModel"}},"wdio_ui5_key":"etmportal.ui.warehousemovements.view.DisplayMovementsap.m.Link{\"propertyPath\":\"HAND_OVER_NO\",\"modelName\":\"catalogModel\"}"}]}
COMMAND: GET /session/700a0ab92761895b5ec9a5372f8d46fb/screenshot - {}
RESULT: {"script":"<script> [1562 bytes]","args":[{"selector":{"controlType":"sap.m.Link","viewName":"etm.portal.ui.warehousemovements.view.DisplayMovement","viewId":"application-warehousemovements-display-component---displayMovement","bindingPath":{"propertyPath":"HAND_OVER_NO","modelName":"catalogModel"}},"wdio_ui5_key":"etmportal.ui.warehousemovements.view.DisplayMovementsap.m.Link{\"propertyPath\":\"HAND_OVER_NO\",\"modelName\":\"catalogModel\"}"}]}
RESULT: undefined
COMMAND: POST /session/700a0ab92761895b5ec9a5372f8d46fb/execute/async - {"script":"<script> [6424 bytes]","args":[{"element-6066-11e4-a52e-4f735466cecf":"f.647512A71DDA687F9F591F39CAC5A62D.d.6565C2ABAFA2DE869D153C59102EF19D.e.13655"},"getText",[]]}
RESULT: {}
RESULT: {"script":"<script> [6424 bytes]","args":[{"element-6066-11e4-a52e-4f735466cecf":"f.647512A71DDA687F9F591F39CAC5A62D.d.6565C2ABAFA2DE869D153C59102EF19D.e.13655"},"getText",[]]}
COMMAND: POST /session/700a0ab92761895b5ec9a5372f8d46fb/element - {"using":"css selector","value":"#shell-header-logo"}
RESULT: {"using":"css selector","value":"#shell-header-logo"}
COMMAND: POST /session/700a0ab92761895b5ec9a5372f8d46fb/element/f.647512A71DDA687F9F591F39CAC5A62D.d.6565C2ABAFA2DE869D153C59102EF19D.e.12530/click - {}
RESULT: {}
COMMAND: GET /session/700a0ab92761895b5ec9a5372f8d46fb/screenshot - {}
RESULT: {}
RESULT: undefined
COMMAND: POST /session/700a0ab92761895b5ec9a5372f8d46fb/element - {"using":"xpath","value":"//*[@id=\"__tile132\"]"}
RESULT: {"using":"xpath","value":"//*[@id=\"__tile132\"]"}
COMMAND: POST /session/700a0ab92761895b5ec9a5372f8d46fb/element/f.647512A71DDA687F9F591F39CAC5A62D.d.6565C2ABAFA2DE869D153C59102EF19D.e.11968/click - {}
RESULT: {}
COMMAND: GET /session/700a0ab92761895b5ec9a5372f8d46fb/screenshot - {}
COMMAND: POST /session/700a0ab92761895b5ec9a5372f8d46fb/execute/async - {"script":"<script> [1562 bytes]","args":[{"selector":{"controlType":"sap.m.SearchField","viewName":"etm.portal.ui.managehandovers.view.MasterHO","bindingPath":{"propertyPath":"/_BASIC_SEARCH_FIELD","modelName":"fi1t3rM0d31"},"interaction":{"idSuffix":"I"}},"wdio_ui5_key":"etmportal.ui.managehandovers.view.MasterHOsap.m.SearchField{\"propertyPath\":\"/_BASIC_SEARCH_FIELD\",\"modelName\":\"fi1t3rM0d31\"}"}]}
RESULT: {}
RESULT: {"script":"<script> [1562 bytes]","args":[{"selector":{"controlType":"sap.m.SearchField","viewName":"etm.portal.ui.managehandovers.view.MasterHO","bindingPath":{"propertyPath":"/_BASIC_SEARCH_FIELD","modelName":"fi1t3rM0d31"},"interaction":{"idSuffix":"I"}},"wdio_ui5_key":"etmportal.ui.managehandovers.view.MasterHOsap.m.SearchField{\"propertyPath\":\"/_BASIC_SEARCH_FIELD\",\"modelName\":\"fi1t3rM0d31\"}"}]}
RESULT: undefined
COMMAND: POST /session/700a0ab92761895b5ec9a5372f8d46fb/execute/async - {"script":"<script> [776 bytes]","args":[{"enterText":"31196","selector":{"controlType":"sap.m.SearchField","viewName":"etm.portal.ui.managehandovers.view.MasterHO","bindingPath":{"propertyPath":"/_BASIC_SEARCH_FIELD","modelName":"fi1t3rM0d31"},"interaction":{"idSuffix":"I"}},"clearTextFirst":true,"interactionType":"ENTER_TEXT"}]}
RESULT: {"script":"<script> [776 bytes]","args":[{"enterText":"31196","selector":{"controlType":"sap.m.SearchField","viewName":"etm.portal.ui.managehandovers.view.MasterHO","bindingPath":{"propertyPath":"/_BASIC_SEARCH_FIELD","modelName":"fi1t3rM0d31"},"interaction":{"idSuffix":"I"}},"clearTextFirst":true,"interactionType":"ENTER_TEXT"}]}
COMMAND: POST /session/700a0ab92761895b5ec9a5372f8d46fb/actions - {"actions":[{"id":"action52","type":"key","parameters":{},"actions":[{"type":"keyDown","value":"î€‡"},{"type":"pause","duration":10},{"type":"keyUp","value":"î€‡"}]}]}
RESULT: {"actions":[{"id":"action52","type":"key","parameters":{},"actions":[{"type":"keyDown","value":"î€‡"},{"type":"pause","duration":10},{"type":"keyUp","value":"î€‡"}]}]}
COMMAND: GET /session/700a0ab92761895b5ec9a5372f8d46fb/screenshot - {}
RESULT: {}
COMMAND: POST /session/700a0ab92761895b5ec9a5372f8d46fb/execute/async - {"script":"<script> [1562 bytes]","args":[{"selector":{"controlType":"sap.ui.core.Icon","viewName":"etm.portal.ui.managehandovers.view.MasterHO","properties":{"src":{"regex":{"source":"slim\\-arrow\\-right"}}}},"wdio_ui5_key":"etmportal.ui.managehandovers.view.MasterHOsap.ui.core.Icon{\"src\":{\"regex\":{\"source\":\"slim\\\\-arrow\\\\-right\"}}}"}]}
RESULT: {"script":"<script> [1562 bytes]","args":[{"selector":{"controlType":"sap.ui.core.Icon","viewName":"etm.portal.ui.managehandovers.view.MasterHO","properties":{"src":{"regex":{"source":"slim\\-arrow\\-right"}}}},"wdio_ui5_key":"etmportal.ui.managehandovers.view.MasterHOsap.ui.core.Icon{\"src\":{\"regex\":{\"source\":\"slim\\\\-arrow\\\\-right\"}}}"}]}
RESULT: undefined
COMMAND: POST /session/700a0ab92761895b5ec9a5372f8d46fb/element - {"using":"xpath","value":"//*[@id=\"__item4731-__clone10872-imgNav\"]"}
RESULT: {"using":"xpath","value":"//*[@id=\"__item4731-__clone10872-imgNav\"]"}
COMMAND: POST /session/700a0ab92761895b5ec9a5372f8d46fb/element/f.647512A71DDA687F9F591F39CAC5A62D.d.6565C2ABAFA2DE869D153C59102EF19D.e.13762/click - {}
RESULT: {}
COMMAND: POST /session/700a0ab92761895b5ec9a5372f8d46fb/execute/async - {"script":"<script> [1562 bytes]","args":[{"selector":{"controlType":"sap.m.Button","viewName":"etm.portal.ui.managehandovers.view.DetailExecuteHO","i18NText":{"propertyName":"text","key":"confirmAll"},"interaction":{"idSuffix":"BDI-content"}},"wdio_ui5_key":"etmportal.ui.managehandovers.view.DetailExecuteHOsap.m.Button{\"propertyName\":\"text\",\"key\":\"confirmAll\"}"}]}
COMMAND: GET /session/700a0ab92761895b5ec9a5372f8d46fb/screenshot - {}
RESULT: {"script":"<script> [1562 bytes]","args":[{"selector":{"controlType":"sap.m.Button","viewName":"etm.portal.ui.managehandovers.view.DetailExecuteHO","i18NText":{"propertyName":"text","key":"confirmAll"},"interaction":{"idSuffix":"BDI-content"}},"wdio_ui5_key":"etmportal.ui.managehandovers.view.DetailExecuteHOsap.m.Button{\"propertyName\":\"text\",\"key\":\"confirmAll\"}"}]}
RESULT: undefined
COMMAND: POST /session/700a0ab92761895b5ec9a5372f8d46fb/element - {"using":"xpath","value":"//*[@id=\"__button468\"]"}
RESULT: {}
RESULT: {"using":"xpath","value":"//*[@id=\"__button468\"]"}
COMMAND: POST /session/700a0ab92761895b5ec9a5372f8d46fb/element/f.647512A71DDA687F9F591F39CAC5A62D.d.6565C2ABAFA2DE869D153C59102EF19D.e.13974/click - {}
RESULT: {}
COMMAND: GET /session/700a0ab92761895b5ec9a5372f8d46fb/screenshot - {}
RESULT: {}
COMMAND: POST /session/700a0ab92761895b5ec9a5372f8d46fb/actions - {"actions":[{"id":"action53","type":"key","parameters":{},"actions":[{"type":"keyDown","value":"î€‡"},{"type":"pause","duration":10},{"type":"keyUp","value":"î€‡"}]}]}
RESULT: {"actions":[{"id":"action53","type":"key","parameters":{},"actions":[{"type":"keyDown","value":"î€‡"},{"type":"pause","duration":10},{"type":"keyUp","value":"î€‡"}]}]}
COMMAND: GET /session/700a0ab92761895b5ec9a5372f8d46fb/screenshot - {}
RESULT: {}
COMMAND: POST /session/700a0ab92761895b5ec9a5372f8d46fb/execute/async - {"script":"<script> [1562 bytes]","args":[{"selector":{"id":"confirmationButton","viewName":"etm.portal.ui.managehandovers.view.DetailExecuteHO","properties":{"text":"Issue"},"interaction":{"idSuffix":"BDI-content"}},"wdio_ui5_key":"confirmationButtonetmportal.ui.managehandovers.view.DetailExecuteHO{\"text\":\"Issue\"}"}]}
RESULT: {"script":"<script> [1562 bytes]","args":[{"selector":{"id":"confirmationButton","viewName":"etm.portal.ui.managehandovers.view.DetailExecuteHO","properties":{"text":"Issue"},"interaction":{"idSuffix":"BDI-content"}},"wdio_ui5_key":"confirmationButtonetmportal.ui.managehandovers.view.DetailExecuteHO{\"text\":\"Issue\"}"}]}
RESULT: undefined
RESULT: undefined
COMMAND: POST /session/700a0ab92761895b5ec9a5372f8d46fb/execute/async - {"script":"<script> [776 bytes]","args":[{"enterText":"31196","selector":{"controlType":"sap.m.SearchField","viewName":"etm.portal.ui.managehandovers.view.MasterHO","bindingPath":{"propertyPath":"/_BASIC_SEARCH_FIELD","modelName":"fi1t3rM0d31"},"interaction":{"idSuffix":"I"}},"clearTextFirst":true,"interactionType":"ENTER_TEXT"}]}
RESULT: {"script":"<script> [776 bytes]","args":[{"enterText":"31196","selector":{"controlType":"sap.m.SearchField","viewName":"etm.portal.ui.managehandovers.view.MasterHO","bindingPath":{"propertyPath":"/_BASIC_SEARCH_FIELD","modelName":"fi1t3rM0d31"},"interaction":{"idSuffix":"I"}},"clearTextFirst":true,"interactionType":"ENTER_TEXT"}]}
COMMAND: POST /session/700a0ab92761895b5ec9a5372f8d46fb/actions - {"actions":[{"id":"action54","type":"key","parameters":{},"actions":[{"type":"keyDown","value":"î€‡"},{"type":"pause","duration":10},{"type":"keyUp","value":"î€‡"}]}]}
RESULT: {"actions":[{"id":"action54","type":"key","parameters":{},"actions":[{"type":"keyDown","value":"î€‡"},{"type":"pause","duration":10},{"type":"keyUp","value":"î€‡"}]}]}
COMMAND: GET /session/700a0ab92761895b5ec9a5372f8d46fb/screenshot - {}
RESULT: {}
COMMAND: POST /session/700a0ab92761895b5ec9a5372f8d46fb/element - {"using":"xpath","value":"//span[(text() = '31196' or . = '31196')]"}
RESULT: {"using":"xpath","value":"//span[(text() = '31196' or . = '31196')]"}
COMMAND: POST /session/700a0ab92761895b5ec9a5372f8d46fb/element/f.647512A71DDA687F9F591F39CAC5A62D.d.6565C2ABAFA2DE869D153C59102EF19D.e.13893/click - {}
RESULT: {}
COMMAND: GET /session/700a0ab92761895b5ec9a5372f8d46fb/screenshot - {}
RESULT: {}
COMMAND: POST /session/700a0ab92761895b5ec9a5372f8d46fb/execute/async - {"script":"<script> [1562 bytes]","args":[{"selector":{"id":"instructionsTabFilter","viewName":"etm.portal.ui.managehandovers.view.DetailExecuteHO","interaction":{"idSuffix":"text"}},"wdio_ui5_key":"instructionsTabFilteretmportal.ui.managehandovers.view.DetailExecuteHO"}]}
RESULT: {"script":"<script> [1562 bytes]","args":[{"selector":{"id":"instructionsTabFilter","viewName":"etm.portal.ui.managehandovers.view.DetailExecuteHO","interaction":{"idSuffix":"text"}},"wdio_ui5_key":"instructionsTabFilteretmportal.ui.managehandovers.view.DetailExecuteHO"}]}
RESULT: undefined
COMMAND: POST /session/700a0ab92761895b5ec9a5372f8d46fb/element - {"using":"xpath","value":"//*[@id=\"__xmlview68--instructionsTabFilter\"]"}
RESULT: {"using":"xpath","value":"//*[@id=\"__xmlview68--instructionsTabFilter\"]"}
COMMAND: POST /session/700a0ab92761895b5ec9a5372f8d46fb/element/f.647512A71DDA687F9F591F39CAC5A62D.d.6565C2ABAFA2DE869D153C59102EF19D.e.13985/click - {}
RESULT: undefined
COMMAND: POST /session/700a0ab92761895b5ec9a5372f8d46fb/element - {"using":"xpath","value":"//*[@id=\"__xmlview68--instructionsTabFilter\"]"}
RESULT: {"using":"xpath","value":"//*[@id=\"__xmlview68--instructionsTabFilter\"]"}
COMMAND: POST /session/700a0ab92761895b5ec9a5372f8d46fb/element/f.647512A71DDA687F9F591F39CAC5A62D.d.6565C2ABAFA2DE869D153C59102EF19D.e.13985/click - {}
COMMAND: POST /session/700a0ab92761895b5ec9a5372f8d46fb/execute/async - {"script":"<script> [1562 bytes]","args":[{"selector":{"controlType":"sap.m.ComboBox","viewName":"etm.portal.ui.managehandovers.view.DetailExecuteHO","bindingPath":{"propertyPath":"RECEIVING_SECTION","modelName":"catalogModel"},"interaction":{"idSuffix":"inner"}},"wdio_ui5_key":"etmportal.ui.managehandovers.view.DetailExecuteHOsap.m.ComboBox{\"propertyPath\":\"RECEIVING_SECTION\",\"modelName\":\"catalogModel\"}"}]}
RESULT: {"script":"<script> [1562 bytes]","args":[{"selector":{"controlType":"sap.m.ComboBox","viewName":"etm.portal.ui.managehandovers.view.DetailExecuteHO","bindingPath":{"propertyPath":"RECEIVING_SECTION","modelName":"catalogModel"},"interaction":{"idSuffix":"inner"}},"wdio_ui5_key":"etmportal.ui.managehandovers.view.DetailExecuteHOsap.m.ComboBox{\"propertyPath\":\"RECEIVING_SECTION\",\"modelName\":\"catalogModel\"}"}]}
RESULT: undefined
COMMAND: POST /session/700a0ab92761895b5ec9a5372f8d46fb/actions - {"actions":[{"id":"action55","type":"key","parameters":{},"actions":[{"type":"keyDown","value":"î€‡"},{"type":"pause","duration":10},{"type":"keyUp","value":"î€‡"}]}]}
RESULT: {"actions":[{"id":"action55","type":"key","parameters":{},"actions":[{"type":"keyDown","value":"î€‡"},{"type":"pause","duration":10},{"type":"keyUp","value":"î€‡"}]}]}
COMMAND: GET /session/700a0ab92761895b5ec9a5372f8d46fb/screenshot - {}
RESULT: {}
COMMAND: POST /session/700a0ab92761895b5ec9a5372f8d46fb/execute/async - {"script":"<script> [1562 bytes]","args":[{"selector":{"id":"confirmationButton","viewName":"etm.portal.ui.managehandovers.view.DetailExecuteHO","properties":{"text":"Receive"},"interaction":{"idSuffix":"BDI-content"}},"wdio_ui5_key":"confirmationButtonetmportal.ui.managehandovers.view.DetailExecuteHO{\"text\":\"Receive\"}"}]}
RESULT: {"script":"<script> [1562 bytes]","args":[{"selector":{"id":"confirmationButton","viewName":"etm.portal.ui.managehandovers.view.DetailExecuteHO","properties":{"text":"Receive"},"interaction":{"idSuffix":"BDI-content"}},"wdio_ui5_key":"confirmationButtonetmportal.ui.managehandovers.view.DetailExecuteHO{\"text\":\"Receive\"}"}]}
RESULT: undefined
COMMAND: POST /session/700a0ab92761895b5ec9a5372f8d46fb/execute/async - {"script":"<script> [1562 bytes]","args":[{"selector":{"controlType":"sap.m.Button","properties":{"text":"Continue"},"searchOpenDialogs":true,"interaction":{"idSuffix":"content"}},"wdio_ui5_key":"sapm.Button{\"text\":\"Continue\"}"}]}
RESULT: {"script":"<script> [1562 bytes]","args":[{"selector":{"controlType":"sap.m.Button","properties":{"text":"Continue"},"searchOpenDialogs":true,"interaction":{"idSuffix":"content"}},"wdio_ui5_key":"sapm.Button{\"text\":\"Continue\"}"}]}
RESULT: undefined
COMMAND: POST /session/700a0ab92761895b5ec9a5372f8d46fb/element - {"using":"css selector","value":"#j_username"}
COMMAND: POST /session/700a0ab92761895b5ec9a5372f8d46fb/url - {"url":"https://qa-testing-00-live-etm-ui.cfapps.eu10-004.hana.ondemand.com/"}
RESULT: {"using":"css selector","value":"#j_username"}
COMMAND: POST /session/700a0ab92761895b5ec9a5372f8d46fb/element - {"using":"css selector","value":"#j_username"}
RESULT: {"url":"https://qa-testing-00-live-etm-ui.cfapps.eu10-004.hana.ondemand.com/"}
RESULT: undefined
COMMAND: GET /session/700a0ab92761895b5ec9a5372f8d46fb/screenshot - {}
RESULT: {"using":"css selector","value":"#j_username"}
COMMAND: POST /session/700a0ab92761895b5ec9a5372f8d46fb/element - {"using":"css selector","value":"#shell-header-logo"}
RESULT: {}
RESULT: {"using":"css selector","value":"#shell-header-logo"}
COMMAND: POST /session/700a0ab92761895b5ec9a5372f8d46fb/execute/sync - {"script":"<script> [8489 bytes]","args":[{"element-6066-11e4-a52e-4f735466cecf":"f.647512A71DDA687F9F591F39CAC5A62D.d.A37FB54D0C849C632E4B53996AD29288.e.13992","ELEMENT":"f.647512A71DDA687F9F591F39CAC5A62D.d.A37FB54D0C849C632E4B53996AD29288.e.13992"}]}
RESULT: {"script":"<script> [8489 bytes]","args":[{"element-6066-11e4-a52e-4f735466cecf":"f.647512A71DDA687F9F591F39CAC5A62D.d.A37FB54D0C849C632E4B53996AD29288.e.13992","ELEMENT":"f.647512A71DDA687F9F591F39CAC5A62D.d.A37FB54D0C849C632E4B53996AD29288.e.13992"}]}
COMMAND: POST /session/700a0ab92761895b5ec9a5372f8d46fb/element - {"using":"css selector","value":"#shell-header-logo"}
COMMAND: GET /session/700a0ab92761895b5ec9a5372f8d46fb/screenshot - {}
RESULT: {"using":"css selector","value":"#shell-header-logo"}
COMMAND: POST /session/700a0ab92761895b5ec9a5372f8d46fb/execute/sync - {"script":"<script> [8489 bytes]","args":[{"element-6066-11e4-a52e-4f735466cecf":"f.647512A71DDA687F9F591F39CAC5A62D.d.A37FB54D0C849C632E4B53996AD29288.e.13992","ELEMENT":"f.647512A71DDA687F9F591F39CAC5A62D.d.A37FB54D0C849C632E4B53996AD29288.e.13992"}]}
RESULT: {}
RESULT: {"script":"<script> [8489 bytes]","args":[{"element-6066-11e4-a52e-4f735466cecf":"f.647512A71DDA687F9F591F39CAC5A62D.d.A37FB54D0C849C632E4B53996AD29288.e.13992","ELEMENT":"f.647512A71DDA687F9F591F39CAC5A62D.d.A37FB54D0C849C632E4B53996AD29288.e.13992"}]}
COMMAND: POST /session/700a0ab92761895b5ec9a5372f8d46fb/execute/sync - {"script":"<script> [5351 bytes]","args":[{"element-6066-11e4-a52e-4f735466cecf":"f.647512A71DDA687F9F591F39CAC5A62D.d.A37FB54D0C849C632E4B53996AD29288.e.13992","ELEMENT":"f.647512A71DDA687F9F591F39CAC5A62D.d.A37FB54D0C849C632E4B53996AD29288.e.13992"}]}
COMMAND: GET /session/700a0ab92761895b5ec9a5372f8d46fb/screenshot - {}
RESULT: {"script":"<script> [5351 bytes]","args":[{"element-6066-11e4-a52e-4f735466cecf":"f.647512A71DDA687F9F591F39CAC5A62D.d.A37FB54D0C849C632E4B53996AD29288.e.13992","ELEMENT":"f.647512A71DDA687F9F591F39CAC5A62D.d.A37FB54D0C849C632E4B53996AD29288.e.13992"}]}
COMMAND: POST /session/700a0ab92761895b5ec9a5372f8d46fb/element - {"using":"css selector","value":"#shell-header-logo"}
COMMAND: GET /session/700a0ab92761895b5ec9a5372f8d46fb/screenshot - {}
RESULT: {}
RESULT: {"using":"css selector","value":"#shell-header-logo"}
COMMAND: POST /session/700a0ab92761895b5ec9a5372f8d46fb/element/f.647512A71DDA687F9F591F39CAC5A62D.d.A37FB54D0C849C632E4B53996AD29288.e.13992/click - {}
RESULT: {}
RESULT: {}
COMMAND: GET /session/700a0ab92761895b5ec9a5372f8d46fb/screenshot - {}
RESULT: {}
COMMAND: POST /session/700a0ab92761895b5ec9a5372f8d46fb/execute/async - {"script":"<script> [189 bytes]","args":[]}
RESULT: {"script":"<script> [189 bytes]","args":[]}
COMMAND: POST /session/700a0ab92761895b5ec9a5372f8d46fb/execute/async - {"script":"<script> [123 bytes]","args":[]}
RESULT: {"script":"<script> [123 bytes]","args":[]}
COMMAND: POST /session/700a0ab92761895b5ec9a5372f8d46fb/timeouts - {"script":"<number>"}
RESULT: {"script":"<number>"}
COMMAND: GET /session/700a0ab92761895b5ec9a5372f8d46fb/timeouts - {}
RESULT: {}
RESULT: undefined
COMMAND: POST /session/700a0ab92761895b5ec9a5372f8d46fb/execute/async - {"script":"<script> [2676 bytes]","args":[]}
RESULT: {"script":"<script> [2676 bytes]","args":[]}
COMMAND: POST /session/700a0ab92761895b5ec9a5372f8d46fb/execute/async - {"script":"<script> [2342 bytes]","args":[{"protocol":"http","hostname":"0.0.0.0","path":"/","capabilities":{"browserName":"chrome","goog:chromeOptions":{"binary":"C:\\Program Files\\Google\\Chrome\\Application\\chrome.exe","args":["--start-maximized"]}},"logLevel":"warn","connectionRetryTimeout":120000,"connectionRetryCount":3,"logLevels":{},"enableDirectConnect":true,"strictSSL":true,"_":"65 more keys: [\"cacheDir\",\"port\",\"requestedCapabilities\",\"automationProtocol\",\"baseUrl\",\"waitforInterval\",\"waitforTimeout\",\"onReload\",\"beforeCommand\",\"afterCommand\",\"rootDir\",\"specs\",\"suites\",\"exclude\",\"groupLogsByTestSpec\",\"excludeDriverLogs\",\"bail\",\"framework\",\"reporters\",\"services\",\"maxInstances\",\"maxInstancesPerCapability\",\"injectGlobals\",\"filesToWatch\",\"execArgv\",\"runnerEnv\",\"runner\",\"shard\",\"specFileRetries\",\"specFileRetriesDelay\",\"specFileRetriesDeferred\",\"reporterSyncInterval\",\"reporterSyncTimeout\",\"cucumberFeaturesWithLineNumbers\",\"autoCompileOpts\",\"mochaOpts\",\"jasmineOpts\",\"cucumberOpts\",\"onPrepare\",\"onWorkerStart\",\"onWorkerEnd\",\"before\",\"beforeSession\",\"beforeSuite\",\"beforeHook\",\"beforeTest\",\"afterTest\",\"afterHook\",\"afterSuite\",\"afterSession\",\"after\",\"onComplete\",\"beforeAssertion\",\"afterAssertion\",\"beforeFeature\",\"beforeScenario\",\"beforeStep\",\"afterStep\",\"afterScenario\",\"afterFeature\",\"_\",\"suite\",\"$0\",\"ignoredWorkerServices\",\"wdi5\"]"}]}
RESULT: {"script":"<script> [2342 bytes]","args":[{"protocol":"http","hostname":"0.0.0.0","path":"/","capabilities":{"browserName":"chrome","goog:chromeOptions":{"binary":"C:\\Program Files\\Google\\Chrome\\Application\\chrome.exe","args":["--start-maximized"]}},"logLevel":"warn","connectionRetryTimeout":120000,"connectionRetryCount":3,"logLevels":{},"enableDirectConnect":true,"strictSSL":true,"_":"65 more keys: [\"cacheDir\",\"port\",\"requestedCapabilities\",\"automationProtocol\",\"baseUrl\",\"waitforInterval\",\"waitforTimeout\",\"onReload\",\"beforeCommand\",\"afterCommand\",\"rootDir\",\"specs\",\"suites\",\"exclude\",\"groupLogsByTestSpec\",\"excludeDriverLogs\",\"bail\",\"framework\",\"reporters\",\"services\",\"maxInstances\",\"maxInstancesPerCapability\",\"injectGlobals\",\"filesToWatch\",\"execArgv\",\"runnerEnv\",\"runner\",\"shard\",\"specFileRetries\",\"specFileRetriesDelay\",\"specFileRetriesDeferred\",\"reporterSyncInterval\",\"reporterSyncTimeout\",\"cucumberFeaturesWithLineNumbers\",\"autoCompileOpts\",\"mochaOpts\",\"jasmineOpts\",\"cucumberOpts\",\"onPrepare\",\"onWorkerStart\",\"onWorkerEnd\",\"before\",\"beforeSession\",\"beforeSuite\",\"beforeHook\",\"beforeTest\",\"afterTest\",\"afterHook\",\"afterSuite\",\"afterSession\",\"after\",\"onComplete\",\"beforeAssertion\",\"afterAssertion\",\"beforeFeature\",\"beforeScenario\",\"beforeStep\",\"afterStep\",\"afterScenario\",\"afterFeature\",\"_\",\"suite\",\"$0\",\"ignoredWorkerServices\",\"wdi5\"]"}]}
COMMAND: POST /session/700a0ab92761895b5ec9a5372f8d46fb/execute/async - {"script":"<script> [21126 bytes]","args":[35000]}
RESULT: {"script":"<script> [21126 bytes]","args":[35000]}
COMMAND: POST /session/700a0ab92761895b5ec9a5372f8d46fb/window/maximize - {}
RESULT: {}
COMMAND: POST /session/700a0ab92761895b5ec9a5372f8d46fb/execute/async - {"script":"<script> [1562 bytes]","args":[{"selector":{"id":"shell-header","interaction":{"idSuffix":"icon"}},"wdio_ui5_key":"shellheader"}]}
COMMAND: GET /session/700a0ab92761895b5ec9a5372f8d46fb/screenshot - {}
RESULT: {"script":"<script> [1562 bytes]","args":[{"selector":{"id":"shell-header","interaction":{"idSuffix":"icon"}},"wdio_ui5_key":"shellheader"}]}
RESULT: undefined
]]></system-out>
    </testcase>
  </testsuite>
  <testsuite timestamp="2025-04-24T17:01:32" time="328.927" tests="4" failures="0" errors="0" skipped="0">
    <properties>
      <property name="specId" value="0" />
      <property name="suiteName" value="Provide to Site w/o warehouse management w/ clarification US116605" />
      <property name="capabilities" value="chrome.135_0_7049_96.windows" />
      <property name="file" value="file:///D:/a/1/s/test/specs/HTR/provide-to-site-wo-warehouse-w-clarification.spec.js" />
    </properties>
    <testcase classname="chrome.135_0_7049_96.windows.Provide_to_Site_w/o_warehouse_management_w/_clarification_US116605" name="Should create a WHM yard" time="98.054">
      <system-out><![CDATA[
COMMAND: POST /session/700a0ab92761895b5ec9a5372f8d46fb/execute/async - {"script":"<script> [1562 bytes]","args":[{"selector":{"controlType":"sap.m.GenericTile","properties":{"header":"Manage Yards"}},"wdio_ui5_key":"sapm.GenericTile{\"header\":\"Manage Yards\"}"}]}
RESULT: {}
RESULT: {"script":"<script> [1562 bytes]","args":[{"selector":{"controlType":"sap.m.GenericTile","properties":{"header":"Manage Yards"}},"wdio_ui5_key":"sapm.GenericTile{\"header\":\"Manage Yards\"}"}]}
RESULT: undefined
COMMAND: POST /session/700a0ab92761895b5ec9a5372f8d46fb/element - {"using":"xpath","value":"//*[@id=\"__tile41\"]"}
RESULT: {"using":"xpath","value":"//*[@id=\"__tile41\"]"}
COMMAND: POST /session/700a0ab92761895b5ec9a5372f8d46fb/element/f.647512A71DDA687F9F591F39CAC5A62D.d.A37FB54D0C849C632E4B53996AD29288.e.14008/click - {}
RESULT: {}
COMMAND: POST /session/700a0ab92761895b5ec9a5372f8d46fb/execute/async - {"script":"<script> [1562 bytes]","args":[{"selector":{"controlType":"sap.ui.core.Icon","viewName":"etm.portal.ui.manageyards.view.Master","viewId":"application-manageyards-display-component---masterYard","properties":{"src":{"regex":{"source":"add"}}}},"wdio_ui5_key":"etmportal.ui.manageyards.view.Mastersap.ui.core.Icon{\"src\":{\"regex\":{\"source\":\"add\"}}}"}]}
COMMAND: GET /session/700a0ab92761895b5ec9a5372f8d46fb/screenshot - {}
RESULT: {"script":"<script> [1562 bytes]","args":[{"selector":{"controlType":"sap.ui.core.Icon","viewName":"etm.portal.ui.manageyards.view.Master","viewId":"application-manageyards-display-component---masterYard","properties":{"src":{"regex":{"source":"add"}}}},"wdio_ui5_key":"etmportal.ui.manageyards.view.Mastersap.ui.core.Icon{\"src\":{\"regex\":{\"source\":\"add\"}}}"}]}
RESULT: undefined
COMMAND: POST /session/700a0ab92761895b5ec9a5372f8d46fb/element - {"using":"xpath","value":"//*[@id=\"__button4-img\"]"}
RESULT: {}
RESULT: {"using":"xpath","value":"//*[@id=\"__button4-img\"]"}
COMMAND: POST /session/700a0ab92761895b5ec9a5372f8d46fb/element/f.647512A71DDA687F9F591F39CAC5A62D.d.A37FB54D0C849C632E4B53996AD29288.e.14052/click - {}
RESULT: {}
COMMAND: POST /session/700a0ab92761895b5ec9a5372f8d46fb/execute/async - {"script":"<script> [1562 bytes]","args":[{"selector":{"id":"application-manageyards-display-component---NewYard--addressDetailDetailsName1","interaction":{"idSuffix":"inner"}},"wdio_ui5_key":"applicationmanageyards-display-component---NewYard--addressDetailDetailsName1"}]}
COMMAND: GET /session/700a0ab92761895b5ec9a5372f8d46fb/screenshot - {}
RESULT: {"script":"<script> [1562 bytes]","args":[{"selector":{"id":"application-manageyards-display-component---NewYard--addressDetailDetailsName1","interaction":{"idSuffix":"inner"}},"wdio_ui5_key":"applicationmanageyards-display-component---NewYard--addressDetailDetailsName1"}]}
RESULT: undefined
COMMAND: POST /session/700a0ab92761895b5ec9a5372f8d46fb/execute/async - {"script":"<script> [776 bytes]","args":[{"enterText":"warehouse managed Yard","selector":{"id":"application-manageyards-display-component---NewYard--addressDetailDetailsName1","interaction":{"idSuffix":"inner"}},"clearTextFirst":true,"interactionType":"ENTER_TEXT"}]}
RESULT: {}
RESULT: {"script":"<script> [776 bytes]","args":[{"enterText":"warehouse managed Yard","selector":{"id":"application-manageyards-display-component---NewYard--addressDetailDetailsName1","interaction":{"idSuffix":"inner"}},"clearTextFirst":true,"interactionType":"ENTER_TEXT"}]}
COMMAND: POST /session/700a0ab92761895b5ec9a5372f8d46fb/execute/async - {"script":"<script> [1562 bytes]","args":[{"selector":{"id":"application-manageyards-display-component---NewYard--addressDetailDetailsLanguage-arrow"},"wdio_ui5_key":"applicationmanageyards-display-component---NewYard--addressDetailDetailsLanguage-arrow"}]}
RESULT: {"script":"<script> [1562 bytes]","args":[{"selector":{"id":"application-manageyards-display-component---NewYard--addressDetailDetailsLanguage-arrow"},"wdio_ui5_key":"applicationmanageyards-display-component---NewYard--addressDetailDetailsLanguage-arrow"}]}
RESULT: undefined
COMMAND: POST /session/700a0ab92761895b5ec9a5372f8d46fb/element - {"using":"xpath","value":"//*[@id=\"application-manageyards-display-component---NewYard--addressDetailDetailsLanguage-arrow\"]"}
RESULT: {"using":"xpath","value":"//*[@id=\"application-manageyards-display-component---NewYard--addressDetailDetailsLanguage-arrow\"]"}
COMMAND: POST /session/700a0ab92761895b5ec9a5372f8d46fb/element/f.647512A71DDA687F9F591F39CAC5A62D.d.A37FB54D0C849C632E4B53996AD29288.e.14463/click - {}
RESULT: {}
COMMAND: POST /session/700a0ab92761895b5ec9a5372f8d46fb/execute/async - {"script":"<script> [1562 bytes]","args":[{"selector":{"controlType":"sap.m.StandardListItem","viewName":"etm.portal.ui.manageyards.view.New","viewId":"application-manageyards-display-component---NewYard","properties":{"title":"English"},"searchOpenDialogs":true,"interaction":{"idSuffix":"content"}},"wdio_ui5_key":"etmportal.ui.manageyards.view.Newsap.m.StandardListItem{\"title\":\"English\"}"}]}
COMMAND: GET /session/700a0ab92761895b5ec9a5372f8d46fb/screenshot - {}
RESULT: {"script":"<script> [1562 bytes]","args":[{"selector":{"controlType":"sap.m.StandardListItem","viewName":"etm.portal.ui.manageyards.view.New","viewId":"application-manageyards-display-component---NewYard","properties":{"title":"English"},"searchOpenDialogs":true,"interaction":{"idSuffix":"content"}},"wdio_ui5_key":"etmportal.ui.manageyards.view.Newsap.m.StandardListItem{\"title\":\"English\"}"}]}
RESULT: undefined
COMMAND: POST /session/700a0ab92761895b5ec9a5372f8d46fb/element - {"using":"xpath","value":"//*[@id=\"__item101\"]"}
RESULT: {}
RESULT: {"using":"xpath","value":"//*[@id=\"__item101\"]"}
COMMAND: POST /session/700a0ab92761895b5ec9a5372f8d46fb/element/f.647512A71DDA687F9F591F39CAC5A62D.d.A37FB54D0C849C632E4B53996AD29288.e.14465/click - {}
RESULT: {}
COMMAND: POST /session/700a0ab92761895b5ec9a5372f8d46fb/execute/async - {"script":"<script> [1562 bytes]","args":[{"selector":{"id":"application-manageyards-display-component---NewYard--addressDetailDetailsCity1","interaction":{"idSuffix":"inner"}},"wdio_ui5_key":"applicationmanageyards-display-component---NewYard--addressDetailDetailsCity1"}]}
COMMAND: GET /session/700a0ab92761895b5ec9a5372f8d46fb/screenshot - {}
RESULT: {"script":"<script> [1562 bytes]","args":[{"selector":{"id":"application-manageyards-display-component---NewYard--addressDetailDetailsCity1","interaction":{"idSuffix":"inner"}},"wdio_ui5_key":"applicationmanageyards-display-component---NewYard--addressDetailDetailsCity1"}]}
RESULT: undefined
COMMAND: POST /session/700a0ab92761895b5ec9a5372f8d46fb/execute/async - {"script":"<script> [776 bytes]","args":[{"enterText":"Rosario","selector":{"id":"application-manageyards-display-component---NewYard--addressDetailDetailsCity1","interaction":{"idSuffix":"inner"}},"clearTextFirst":true,"interactionType":"ENTER_TEXT"}]}
RESULT: {}
RESULT: {"script":"<script> [776 bytes]","args":[{"enterText":"Rosario","selector":{"id":"application-manageyards-display-component---NewYard--addressDetailDetailsCity1","interaction":{"idSuffix":"inner"}},"clearTextFirst":true,"interactionType":"ENTER_TEXT"}]}
COMMAND: POST /session/700a0ab92761895b5ec9a5372f8d46fb/execute/async - {"script":"<script> [1562 bytes]","args":[{"selector":{"id":"application-manageyards-display-component---NewYard--addressDetailDetailsCountry-arrow"},"wdio_ui5_key":"applicationmanageyards-display-component---NewYard--addressDetailDetailsCountry-arrow"}]}
RESULT: {"script":"<script> [1562 bytes]","args":[{"selector":{"id":"application-manageyards-display-component---NewYard--addressDetailDetailsCountry-arrow"},"wdio_ui5_key":"applicationmanageyards-display-component---NewYard--addressDetailDetailsCountry-arrow"}]}
RESULT: undefined
COMMAND: POST /session/700a0ab92761895b5ec9a5372f8d46fb/element - {"using":"xpath","value":"//*[@id=\"application-manageyards-display-component---NewYard--addressDetailDetailsCountry-arrow\"]"}
RESULT: {"using":"xpath","value":"//*[@id=\"application-manageyards-display-component---NewYard--addressDetailDetailsCountry-arrow\"]"}
COMMAND: POST /session/700a0ab92761895b5ec9a5372f8d46fb/element/f.647512A71DDA687F9F591F39CAC5A62D.d.A37FB54D0C849C632E4B53996AD29288.e.14436/click - {}
RESULT: {}
COMMAND: POST /session/700a0ab92761895b5ec9a5372f8d46fb/execute/async - {"script":"<script> [1562 bytes]","args":[{"selector":{"controlType":"sap.m.StandardListItem","viewName":"etm.portal.ui.manageyards.view.New","viewId":"application-manageyards-display-component---NewYard","properties":{"title":"Argentina"},"searchOpenDialogs":true,"interaction":{"idSuffix":"content"}},"wdio_ui5_key":"etmportal.ui.manageyards.view.Newsap.m.StandardListItem{\"title\":\"Argentina\"}"}]}
COMMAND: GET /session/700a0ab92761895b5ec9a5372f8d46fb/screenshot - {}
RESULT: {"script":"<script> [1562 bytes]","args":[{"selector":{"controlType":"sap.m.StandardListItem","viewName":"etm.portal.ui.manageyards.view.New","viewId":"application-manageyards-display-component---NewYard","properties":{"title":"Argentina"},"searchOpenDialogs":true,"interaction":{"idSuffix":"content"}},"wdio_ui5_key":"etmportal.ui.manageyards.view.Newsap.m.StandardListItem{\"title\":\"Argentina\"}"}]}
RESULT: undefined
COMMAND: POST /session/700a0ab92761895b5ec9a5372f8d46fb/element - {"using":"xpath","value":"//*[@id=\"__item144\"]"}
RESULT: {}
RESULT: {"using":"xpath","value":"//*[@id=\"__item144\"]"}
COMMAND: POST /session/700a0ab92761895b5ec9a5372f8d46fb/element/f.647512A71DDA687F9F591F39CAC5A62D.d.A37FB54D0C849C632E4B53996AD29288.e.14469/click - {}
RESULT: {}
COMMAND: POST /session/700a0ab92761895b5ec9a5372f8d46fb/execute/async - {"script":"<script> [1562 bytes]","args":[{"selector":{"controlType":"sap.m.Button","viewName":"etm.portal.ui.manageyards.view.New","viewId":"application-manageyards-display-component---NewYard","properties":{"text":"Commercial"},"interaction":{"idSuffix":"BDI-content"}},"wdio_ui5_key":"etmportal.ui.manageyards.view.Newsap.m.Button{\"text\":\"Commercial\"}"}]}
COMMAND: GET /session/700a0ab92761895b5ec9a5372f8d46fb/screenshot - {}
RESULT: {"script":"<script> [1562 bytes]","args":[{"selector":{"controlType":"sap.m.Button","viewName":"etm.portal.ui.manageyards.view.New","viewId":"application-manageyards-display-component---NewYard","properties":{"text":"Commercial"},"interaction":{"idSuffix":"BDI-content"}},"wdio_ui5_key":"etmportal.ui.manageyards.view.Newsap.m.Button{\"text\":\"Commercial\"}"}]}
RESULT: undefined
COMMAND: POST /session/700a0ab92761895b5ec9a5372f8d46fb/element - {"using":"xpath","value":"//*[@id=\"application-manageyards-display-component---NewYard--ObjectPageLayout-anchBar-__section5-anchor\"]"}
RESULT: {}
RESULT: {"using":"xpath","value":"//*[@id=\"application-manageyards-display-component---NewYard--ObjectPageLayout-anchBar-__section5-anchor\"]"}
COMMAND: POST /session/700a0ab92761895b5ec9a5372f8d46fb/element/f.647512A71DDA687F9F591F39CAC5A62D.d.A37FB54D0C849C632E4B53996AD29288.e.14471/click - {}
RESULT: {}
COMMAND: GET /session/700a0ab92761895b5ec9a5372f8d46fb/screenshot - {}
RESULT: {}
COMMAND: POST /session/700a0ab92761895b5ec9a5372f8d46fb/execute/async - {"script":"<script> [1562 bytes]","args":[{"selector":{"id":"application-manageyards-display-component---NewYard--addressEditDetailsCostObjectCstType-arrow"},"wdio_ui5_key":"applicationmanageyards-display-component---NewYard--addressEditDetailsCostObjectCstType-arrow"}]}
RESULT: {"script":"<script> [1562 bytes]","args":[{"selector":{"id":"application-manageyards-display-component---NewYard--addressEditDetailsCostObjectCstType-arrow"},"wdio_ui5_key":"applicationmanageyards-display-component---NewYard--addressEditDetailsCostObjectCstType-arrow"}]}
RESULT: undefined
COMMAND: POST /session/700a0ab92761895b5ec9a5372f8d46fb/element - {"using":"xpath","value":"//*[@id=\"application-manageyards-display-component---NewYard--addressEditDetailsCostObjectCstType-arrow\"]"}
RESULT: {"using":"xpath","value":"//*[@id=\"application-manageyards-display-component---NewYard--addressEditDetailsCostObjectCstType-arrow\"]"}
COMMAND: POST /session/700a0ab92761895b5ec9a5372f8d46fb/element/f.647512A71DDA687F9F591F39CAC5A62D.d.A37FB54D0C849C632E4B53996AD29288.e.14483/click - {}
RESULT: {}
COMMAND: GET /session/700a0ab92761895b5ec9a5372f8d46fb/screenshot - {}
RESULT: {}
COMMAND: POST /session/700a0ab92761895b5ec9a5372f8d46fb/execute/async - {"script":"<script> [1562 bytes]","args":[{"selector":{"controlType":"sap.m.StandardListItem","viewName":"etm.portal.ui.manageyards.view.New","viewId":"application-manageyards-display-component---NewYard","properties":{"title":"Cost Center"},"searchOpenDialogs":true,"interaction":{"idSuffix":"titleText"}},"wdio_ui5_key":"etmportal.ui.manageyards.view.Newsap.m.StandardListItem{\"title\":\"Cost Center\"}"}]}
RESULT: {"script":"<script> [1562 bytes]","args":[{"selector":{"controlType":"sap.m.StandardListItem","viewName":"etm.portal.ui.manageyards.view.New","viewId":"application-manageyards-display-component---NewYard","properties":{"title":"Cost Center"},"searchOpenDialogs":true,"interaction":{"idSuffix":"titleText"}},"wdio_ui5_key":"etmportal.ui.manageyards.view.Newsap.m.StandardListItem{\"title\":\"Cost Center\"}"}]}
RESULT: undefined
COMMAND: POST /session/700a0ab92761895b5ec9a5372f8d46fb/element - {"using":"xpath","value":"//*[@id=\"__item234\"]"}
RESULT: {"using":"xpath","value":"//*[@id=\"__item234\"]"}
COMMAND: POST /session/700a0ab92761895b5ec9a5372f8d46fb/element/f.647512A71DDA687F9F591F39CAC5A62D.d.A37FB54D0C849C632E4B53996AD29288.e.14493/click - {}
RESULT: {}
COMMAND: POST /session/700a0ab92761895b5ec9a5372f8d46fb/element - {"using":"xpath","value":"//input[@id=\"application-manageyards-display-component---NewYard--addressNewCostObjectCstID-inner\"]"}
COMMAND: GET /session/700a0ab92761895b5ec9a5372f8d46fb/screenshot - {}
RESULT: {"using":"xpath","value":"//input[@id=\"application-manageyards-display-component---NewYard--addressNewCostObjectCstID-inner\"]"}
COMMAND: POST /session/700a0ab92761895b5ec9a5372f8d46fb/element/f.647512A71DDA687F9F591F39CAC5A62D.d.A37FB54D0C849C632E4B53996AD29288.e.14279/clear - {}
RESULT: {}
RESULT: {}
COMMAND: POST /session/700a0ab92761895b5ec9a5372f8d46fb/element/f.647512A71DDA687F9F591F39CAC5A62D.d.A37FB54D0C849C632E4B53996AD29288.e.14279/value - {"text":"10001013"}
COMMAND: GET /session/700a0ab92761895b5ec9a5372f8d46fb/screenshot - {}
COMMAND: POST /session/700a0ab92761895b5ec9a5372f8d46fb/element - {"using":"xpath","value":"//input[@id=\"application-manageyards-display-component---NewYard--addressNewCostObjectCstID-inner\"]"}
RESULT: {}
RESULT: {"using":"xpath","value":"//input[@id=\"application-manageyards-display-component---NewYard--addressNewCostObjectCstID-inner\"]"}
COMMAND: POST /session/700a0ab92761895b5ec9a5372f8d46fb/element/f.647512A71DDA687F9F591F39CAC5A62D.d.A37FB54D0C849C632E4B53996AD29288.e.14279/value - {"text":"10001013"}
COMMAND: POST /session/700a0ab92761895b5ec9a5372f8d46fb/element - {"using":"xpath","value":"//input[@id=\"application-manageyards-display-component---NewYard--addressNewCostObjectCstID-inner\"]"}
RESULT: {"using":"xpath","value":"//input[@id=\"application-manageyards-display-component---NewYard--addressNewCostObjectCstID-inner\"]"}
COMMAND: POST /session/700a0ab92761895b5ec9a5372f8d46fb/element/f.647512A71DDA687F9F591F39CAC5A62D.d.A37FB54D0C849C632E4B53996AD29288.e.14496/value - {"text":"10001013"}
RESULT: {"text":"10001013"}
COMMAND: GET /session/700a0ab92761895b5ec9a5372f8d46fb/screenshot - {}
RESULT: {}
COMMAND: POST /session/700a0ab92761895b5ec9a5372f8d46fb/execute/async - {"script":"<script> [1562 bytes]","args":[{"selector":{"controlType":"sap.m.StandardListItem","viewName":"etm.portal.ui.manageyards.view.New","viewId":"application-manageyards-display-component---NewYard","properties":{"type":"Active"},"searchOpenDialogs":true,"interaction":{"idSuffix":"titleText"}},"wdio_ui5_key":"etmportal.ui.manageyards.view.Newsap.m.StandardListItem{\"type\":\"Active\"}"}]}
RESULT: {"script":"<script> [1562 bytes]","args":[{"selector":{"controlType":"sap.m.StandardListItem","viewName":"etm.portal.ui.manageyards.view.New","viewId":"application-manageyards-display-component---NewYard","properties":{"type":"Active"},"searchOpenDialogs":true,"interaction":{"idSuffix":"titleText"}},"wdio_ui5_key":"etmportal.ui.manageyards.view.Newsap.m.StandardListItem{\"type\":\"Active\"}"}]}
RESULT: undefined
COMMAND: POST /session/700a0ab92761895b5ec9a5372f8d46fb/element - {"using":"xpath","value":"//*[@id=\"__item339\"]"}
RESULT: {"using":"xpath","value":"//*[@id=\"__item339\"]"}
COMMAND: POST /session/700a0ab92761895b5ec9a5372f8d46fb/element/f.647512A71DDA687F9F591F39CAC5A62D.d.A37FB54D0C849C632E4B53996AD29288.e.14500/click - {}
RESULT: {}
COMMAND: POST /session/700a0ab92761895b5ec9a5372f8d46fb/execute/async - {"script":"<script> [1562 bytes]","args":[{"selector":{"id":"application-manageyards-display-component---NewYard--addressEditDetailsCurrency-arrow"},"wdio_ui5_key":"applicationmanageyards-display-component---NewYard--addressEditDetailsCurrency-arrow"}]}
COMMAND: GET /session/700a0ab92761895b5ec9a5372f8d46fb/screenshot - {}
RESULT: {"script":"<script> [1562 bytes]","args":[{"selector":{"id":"application-manageyards-display-component---NewYard--addressEditDetailsCurrency-arrow"},"wdio_ui5_key":"applicationmanageyards-display-component---NewYard--addressEditDetailsCurrency-arrow"}]}
RESULT: undefined
COMMAND: POST /session/700a0ab92761895b5ec9a5372f8d46fb/element - {"using":"xpath","value":"//*[@id=\"application-manageyards-display-component---NewYard--addressEditDetailsCurrency-arrow\"]"}
RESULT: {}
RESULT: {"using":"xpath","value":"//*[@id=\"application-manageyards-display-component---NewYard--addressEditDetailsCurrency-arrow\"]"}
COMMAND: POST /session/700a0ab92761895b5ec9a5372f8d46fb/element/f.647512A71DDA687F9F591F39CAC5A62D.d.A37FB54D0C849C632E4B53996AD29288.e.14502/click - {}
RESULT: {}
COMMAND: POST /session/700a0ab92761895b5ec9a5372f8d46fb/execute/async - {"script":"<script> [1562 bytes]","args":[{"selector":{"controlType":"sap.m.StandardListItem","viewName":"etm.portal.ui.manageyards.view.New","viewId":"application-manageyards-display-component---NewYard","properties":{"title":"Euro"},"searchOpenDialogs":true,"interaction":{"idSuffix":"content"}},"wdio_ui5_key":"etmportal.ui.manageyards.view.Newsap.m.StandardListItem{\"title\":\"Euro\"}"}]}
COMMAND: GET /session/700a0ab92761895b5ec9a5372f8d46fb/screenshot - {}
RESULT: {"script":"<script> [1562 bytes]","args":[{"selector":{"controlType":"sap.m.StandardListItem","viewName":"etm.portal.ui.manageyards.view.New","viewId":"application-manageyards-display-component---NewYard","properties":{"title":"Euro"},"searchOpenDialogs":true,"interaction":{"idSuffix":"content"}},"wdio_ui5_key":"etmportal.ui.manageyards.view.Newsap.m.StandardListItem{\"title\":\"Euro\"}"}]}
RESULT: undefined
COMMAND: POST /session/700a0ab92761895b5ec9a5372f8d46fb/element - {"using":"xpath","value":"//*[@id=\"__item340\"]"}
RESULT: {}
RESULT: {"using":"xpath","value":"//*[@id=\"__item340\"]"}
COMMAND: POST /session/700a0ab92761895b5ec9a5372f8d46fb/element/f.647512A71DDA687F9F591F39CAC5A62D.d.A37FB54D0C849C632E4B53996AD29288.e.14504/click - {}
RESULT: {}
COMMAND: POST /session/700a0ab92761895b5ec9a5372f8d46fb/execute/async - {"script":"<script> [1562 bytes]","args":[{"selector":{"controlType":"sap.m.Input","viewName":"etm.portal.ui.manageyards.view.New","viewId":"application-manageyards-display-component---NewYard","bindingPath":{"path":"","propertyPath":"/CONTROLLING_AREA","modelName":"NewYardModel"},"interaction":{"idSuffix":"inner"}},"wdio_ui5_key":"etmportal.ui.manageyards.view.Newsap.m.Input{\"path\":\"\",\"propertyPath\":\"/CONTROLLING_AREA\",\"modelName\":\"NewYardModel\"}"}]}
COMMAND: GET /session/700a0ab92761895b5ec9a5372f8d46fb/screenshot - {}
RESULT: {"script":"<script> [1562 bytes]","args":[{"selector":{"controlType":"sap.m.Input","viewName":"etm.portal.ui.manageyards.view.New","viewId":"application-manageyards-display-component---NewYard","bindingPath":{"path":"","propertyPath":"/CONTROLLING_AREA","modelName":"NewYardModel"},"interaction":{"idSuffix":"inner"}},"wdio_ui5_key":"etmportal.ui.manageyards.view.Newsap.m.Input{\"path\":\"\",\"propertyPath\":\"/CONTROLLING_AREA\",\"modelName\":\"NewYardModel\"}"}]}
RESULT: undefined
COMMAND: POST /session/700a0ab92761895b5ec9a5372f8d46fb/execute/async - {"script":"<script> [776 bytes]","args":[{"enterText":"Z001","selector":{"controlType":"sap.m.Input","viewName":"etm.portal.ui.manageyards.view.New","viewId":"application-manageyards-display-component---NewYard","bindingPath":{"path":"","propertyPath":"/CONTROLLING_AREA","modelName":"NewYardModel"},"interaction":{"idSuffix":"inner"}},"clearTextFirst":true,"interactionType":"ENTER_TEXT"}]}
RESULT: {}
RESULT: {"script":"<script> [776 bytes]","args":[{"enterText":"Z001","selector":{"controlType":"sap.m.Input","viewName":"etm.portal.ui.manageyards.view.New","viewId":"application-manageyards-display-component---NewYard","bindingPath":{"path":"","propertyPath":"/CONTROLLING_AREA","modelName":"NewYardModel"},"interaction":{"idSuffix":"inner"}},"clearTextFirst":true,"interactionType":"ENTER_TEXT"}]}
COMMAND: POST /session/700a0ab92761895b5ec9a5372f8d46fb/execute/async - {"script":"<script> [1562 bytes]","args":[{"selector":{"id":"application-manageyards-display-component---NewYard--companyCodeComboBox","interaction":{"idSuffix":"inner"}},"wdio_ui5_key":"applicationmanageyards-display-component---NewYard--companyCodeComboBox"}]}
RESULT: {"script":"<script> [1562 bytes]","args":[{"selector":{"id":"application-manageyards-display-component---NewYard--companyCodeComboBox","interaction":{"idSuffix":"inner"}},"wdio_ui5_key":"applicationmanageyards-display-component---NewYard--companyCodeComboBox"}]}
RESULT: undefined
COMMAND: POST /session/700a0ab92761895b5ec9a5372f8d46fb/execute/async - {"script":"<script> [776 bytes]","args":[{"enterText":"1000","selector":{"id":"application-manageyards-display-component---NewYard--companyCodeComboBox","interaction":{"idSuffix":"inner"}},"clearTextFirst":true,"interactionType":"ENTER_TEXT"}]}
RESULT: {"script":"<script> [776 bytes]","args":[{"enterText":"1000","selector":{"id":"application-manageyards-display-component---NewYard--companyCodeComboBox","interaction":{"idSuffix":"inner"}},"clearTextFirst":true,"interactionType":"ENTER_TEXT"}]}
COMMAND: POST /session/700a0ab92761895b5ec9a5372f8d46fb/execute/async - {"script":"<script> [1562 bytes]","args":[{"selector":{"controlType":"sap.m.Input","viewName":"etm.portal.ui.manageyards.view.New","viewId":"application-manageyards-display-component---NewYard","bindingPath":{"path":"","propertyPath":"/PLANT","modelName":"NewYardModel"},"interaction":{"idSuffix":"inner"}},"wdio_ui5_key":"etmportal.ui.manageyards.view.Newsap.m.Input{\"path\":\"\",\"propertyPath\":\"/PLANT\",\"modelName\":\"NewYardModel\"}"}]}
RESULT: {"script":"<script> [1562 bytes]","args":[{"selector":{"controlType":"sap.m.Input","viewName":"etm.portal.ui.manageyards.view.New","viewId":"application-manageyards-display-component---NewYard","bindingPath":{"path":"","propertyPath":"/PLANT","modelName":"NewYardModel"},"interaction":{"idSuffix":"inner"}},"wdio_ui5_key":"etmportal.ui.manageyards.view.Newsap.m.Input{\"path\":\"\",\"propertyPath\":\"/PLANT\",\"modelName\":\"NewYardModel\"}"}]}
RESULT: undefined
COMMAND: POST /session/700a0ab92761895b5ec9a5372f8d46fb/execute/async - {"script":"<script> [776 bytes]","args":[{"enterText":"1001","selector":{"controlType":"sap.m.Input","viewName":"etm.portal.ui.manageyards.view.New","viewId":"application-manageyards-display-component---NewYard","bindingPath":{"path":"","propertyPath":"/PLANT","modelName":"NewYardModel"},"interaction":{"idSuffix":"inner"}},"clearTextFirst":true,"interactionType":"ENTER_TEXT"}]}
RESULT: {"script":"<script> [776 bytes]","args":[{"enterText":"1001","selector":{"controlType":"sap.m.Input","viewName":"etm.portal.ui.manageyards.view.New","viewId":"application-manageyards-display-component---NewYard","bindingPath":{"path":"","propertyPath":"/PLANT","modelName":"NewYardModel"},"interaction":{"idSuffix":"inner"}},"clearTextFirst":true,"interactionType":"ENTER_TEXT"}]}
COMMAND: POST /session/700a0ab92761895b5ec9a5372f8d46fb/execute/async - {"script":"<script> [1562 bytes]","args":[{"selector":{"controlType":"sap.m.Input","viewName":"etm.portal.ui.manageyards.view.New","viewId":"application-manageyards-display-component---NewYard","bindingPath":{"path":"","propertyPath":"/SALES_AREA_VKORG","modelName":"NewYardModel"},"interaction":{"idSuffix":"inner"}},"wdio_ui5_key":"etmportal.ui.manageyards.view.Newsap.m.Input{\"path\":\"\",\"propertyPath\":\"/SALES_AREA_VKORG\",\"modelName\":\"NewYardModel\"}"}]}
RESULT: {"script":"<script> [1562 bytes]","args":[{"selector":{"controlType":"sap.m.Input","viewName":"etm.portal.ui.manageyards.view.New","viewId":"application-manageyards-display-component---NewYard","bindingPath":{"path":"","propertyPath":"/SALES_AREA_VKORG","modelName":"NewYardModel"},"interaction":{"idSuffix":"inner"}},"wdio_ui5_key":"etmportal.ui.manageyards.view.Newsap.m.Input{\"path\":\"\",\"propertyPath\":\"/SALES_AREA_VKORG\",\"modelName\":\"NewYardModel\"}"}]}
RESULT: undefined
COMMAND: POST /session/700a0ab92761895b5ec9a5372f8d46fb/execute/async - {"script":"<script> [776 bytes]","args":[{"enterText":"C002","selector":{"controlType":"sap.m.Input","viewName":"etm.portal.ui.manageyards.view.New","viewId":"application-manageyards-display-component---NewYard","bindingPath":{"path":"","propertyPath":"/SALES_AREA_VKORG","modelName":"NewYardModel"},"interaction":{"idSuffix":"inner"}},"clearTextFirst":true,"interactionType":"ENTER_TEXT"}]}
RESULT: {"script":"<script> [776 bytes]","args":[{"enterText":"C002","selector":{"controlType":"sap.m.Input","viewName":"etm.portal.ui.manageyards.view.New","viewId":"application-manageyards-display-component---NewYard","bindingPath":{"path":"","propertyPath":"/SALES_AREA_VKORG","modelName":"NewYardModel"},"interaction":{"idSuffix":"inner"}},"clearTextFirst":true,"interactionType":"ENTER_TEXT"}]}
COMMAND: POST /session/700a0ab92761895b5ec9a5372f8d46fb/execute/async - {"script":"<script> [1562 bytes]","args":[{"selector":{"controlType":"sap.m.Input","viewName":"etm.portal.ui.manageyards.view.New","viewId":"application-manageyards-display-component---NewYard","bindingPath":{"path":"","propertyPath":"/SALES_AREA_VTWEG","modelName":"NewYardModel"},"interaction":{"idSuffix":"inner"}},"wdio_ui5_key":"etmportal.ui.manageyards.view.Newsap.m.Input{\"path\":\"\",\"propertyPath\":\"/SALES_AREA_VTWEG\",\"modelName\":\"NewYardModel\"}"}]}
RESULT: {"script":"<script> [1562 bytes]","args":[{"selector":{"controlType":"sap.m.Input","viewName":"etm.portal.ui.manageyards.view.New","viewId":"application-manageyards-display-component---NewYard","bindingPath":{"path":"","propertyPath":"/SALES_AREA_VTWEG","modelName":"NewYardModel"},"interaction":{"idSuffix":"inner"}},"wdio_ui5_key":"etmportal.ui.manageyards.view.Newsap.m.Input{\"path\":\"\",\"propertyPath\":\"/SALES_AREA_VTWEG\",\"modelName\":\"NewYardModel\"}"}]}
RESULT: undefined
COMMAND: POST /session/700a0ab92761895b5ec9a5372f8d46fb/execute/async - {"script":"<script> [776 bytes]","args":[{"enterText":"C2","selector":{"controlType":"sap.m.Input","viewName":"etm.portal.ui.manageyards.view.New","viewId":"application-manageyards-display-component---NewYard","bindingPath":{"path":"","propertyPath":"/SALES_AREA_VTWEG","modelName":"NewYardModel"},"interaction":{"idSuffix":"inner"}},"clearTextFirst":true,"interactionType":"ENTER_TEXT"}]}
RESULT: {"script":"<script> [776 bytes]","args":[{"enterText":"C2","selector":{"controlType":"sap.m.Input","viewName":"etm.portal.ui.manageyards.view.New","viewId":"application-manageyards-display-component---NewYard","bindingPath":{"path":"","propertyPath":"/SALES_AREA_VTWEG","modelName":"NewYardModel"},"interaction":{"idSuffix":"inner"}},"clearTextFirst":true,"interactionType":"ENTER_TEXT"}]}
COMMAND: POST /session/700a0ab92761895b5ec9a5372f8d46fb/execute/async - {"script":"<script> [1562 bytes]","args":[{"selector":{"controlType":"sap.m.Input","viewName":"etm.portal.ui.manageyards.view.New","viewId":"application-manageyards-display-component---NewYard","bindingPath":{"path":"","propertyPath":"/SALES_AREA_SPART","modelName":"NewYardModel"},"interaction":{"idSuffix":"inner"}},"wdio_ui5_key":"etmportal.ui.manageyards.view.Newsap.m.Input{\"path\":\"\",\"propertyPath\":\"/SALES_AREA_SPART\",\"modelName\":\"NewYardModel\"}"}]}
RESULT: {"script":"<script> [1562 bytes]","args":[{"selector":{"controlType":"sap.m.Input","viewName":"etm.portal.ui.manageyards.view.New","viewId":"application-manageyards-display-component---NewYard","bindingPath":{"path":"","propertyPath":"/SALES_AREA_SPART","modelName":"NewYardModel"},"interaction":{"idSuffix":"inner"}},"wdio_ui5_key":"etmportal.ui.manageyards.view.Newsap.m.Input{\"path\":\"\",\"propertyPath\":\"/SALES_AREA_SPART\",\"modelName\":\"NewYardModel\"}"}]}
RESULT: undefined
COMMAND: POST /session/700a0ab92761895b5ec9a5372f8d46fb/execute/async - {"script":"<script> [776 bytes]","args":[{"enterText":"C2","selector":{"controlType":"sap.m.Input","viewName":"etm.portal.ui.manageyards.view.New","viewId":"application-manageyards-display-component---NewYard","bindingPath":{"path":"","propertyPath":"/SALES_AREA_SPART","modelName":"NewYardModel"},"interaction":{"idSuffix":"inner"}},"clearTextFirst":true,"interactionType":"ENTER_TEXT"}]}
RESULT: {"script":"<script> [776 bytes]","args":[{"enterText":"C2","selector":{"controlType":"sap.m.Input","viewName":"etm.portal.ui.manageyards.view.New","viewId":"application-manageyards-display-component---NewYard","bindingPath":{"path":"","propertyPath":"/SALES_AREA_SPART","modelName":"NewYardModel"},"interaction":{"idSuffix":"inner"}},"clearTextFirst":true,"interactionType":"ENTER_TEXT"}]}
COMMAND: POST /session/700a0ab92761895b5ec9a5372f8d46fb/execute/async - {"script":"<script> [1562 bytes]","args":[{"selector":{"controlType":"sap.m.Input","viewName":"etm.portal.ui.manageyards.view.New","viewId":"application-manageyards-display-component---NewYard","bindingPath":{"path":"","propertyPath":"/SHIP_POINT","modelName":"NewYardModel"},"interaction":{"idSuffix":"inner"}},"wdio_ui5_key":"etmportal.ui.manageyards.view.Newsap.m.Input{\"path\":\"\",\"propertyPath\":\"/SHIP_POINT\",\"modelName\":\"NewYardModel\"}"}]}
RESULT: {"script":"<script> [1562 bytes]","args":[{"selector":{"controlType":"sap.m.Input","viewName":"etm.portal.ui.manageyards.view.New","viewId":"application-manageyards-display-component---NewYard","bindingPath":{"path":"","propertyPath":"/SHIP_POINT","modelName":"NewYardModel"},"interaction":{"idSuffix":"inner"}},"wdio_ui5_key":"etmportal.ui.manageyards.view.Newsap.m.Input{\"path\":\"\",\"propertyPath\":\"/SHIP_POINT\",\"modelName\":\"NewYardModel\"}"}]}
RESULT: undefined
COMMAND: POST /session/700a0ab92761895b5ec9a5372f8d46fb/execute/async - {"script":"<script> [776 bytes]","args":[{"enterText":"1710","selector":{"controlType":"sap.m.Input","viewName":"etm.portal.ui.manageyards.view.New","viewId":"application-manageyards-display-component---NewYard","bindingPath":{"path":"","propertyPath":"/SHIP_POINT","modelName":"NewYardModel"},"interaction":{"idSuffix":"inner"}},"clearTextFirst":true,"interactionType":"ENTER_TEXT"}]}
RESULT: {"script":"<script> [776 bytes]","args":[{"enterText":"1710","selector":{"controlType":"sap.m.Input","viewName":"etm.portal.ui.manageyards.view.New","viewId":"application-manageyards-display-component---NewYard","bindingPath":{"path":"","propertyPath":"/SHIP_POINT","modelName":"NewYardModel"},"interaction":{"idSuffix":"inner"}},"clearTextFirst":true,"interactionType":"ENTER_TEXT"}]}
COMMAND: POST /session/700a0ab92761895b5ec9a5372f8d46fb/execute/async - {"script":"<script> [1562 bytes]","args":[{"selector":{"controlType":"sap.m.Input","viewName":"etm.portal.ui.manageyards.view.New","viewId":"application-manageyards-display-component---NewYard","bindingPath":{"path":"","propertyPath":"/DELIVERY_TYPE","modelName":"NewYardModel"},"interaction":{"idSuffix":"inner"}},"wdio_ui5_key":"etmportal.ui.manageyards.view.Newsap.m.Input{\"path\":\"\",\"propertyPath\":\"/DELIVERY_TYPE\",\"modelName\":\"NewYardModel\"}"}]}
RESULT: {"script":"<script> [1562 bytes]","args":[{"selector":{"controlType":"sap.m.Input","viewName":"etm.portal.ui.manageyards.view.New","viewId":"application-manageyards-display-component---NewYard","bindingPath":{"path":"","propertyPath":"/DELIVERY_TYPE","modelName":"NewYardModel"},"interaction":{"idSuffix":"inner"}},"wdio_ui5_key":"etmportal.ui.manageyards.view.Newsap.m.Input{\"path\":\"\",\"propertyPath\":\"/DELIVERY_TYPE\",\"modelName\":\"NewYardModel\"}"}]}
RESULT: undefined
COMMAND: POST /session/700a0ab92761895b5ec9a5372f8d46fb/execute/async - {"script":"<script> [776 bytes]","args":[{"enterText":"ZL01","selector":{"controlType":"sap.m.Input","viewName":"etm.portal.ui.manageyards.view.New","viewId":"application-manageyards-display-component---NewYard","bindingPath":{"path":"","propertyPath":"/DELIVERY_TYPE","modelName":"NewYardModel"},"interaction":{"idSuffix":"inner"}},"clearTextFirst":true,"interactionType":"ENTER_TEXT"}]}
RESULT: {"script":"<script> [776 bytes]","args":[{"enterText":"ZL01","selector":{"controlType":"sap.m.Input","viewName":"etm.portal.ui.manageyards.view.New","viewId":"application-manageyards-display-component---NewYard","bindingPath":{"path":"","propertyPath":"/DELIVERY_TYPE","modelName":"NewYardModel"},"interaction":{"idSuffix":"inner"}},"clearTextFirst":true,"interactionType":"ENTER_TEXT"}]}
COMMAND: POST /session/700a0ab92761895b5ec9a5372f8d46fb/execute/async - {"script":"<script> [1562 bytes]","args":[{"selector":{"controlType":"sap.m.Input","viewName":"etm.portal.ui.manageyards.view.New","viewId":"application-manageyards-display-component---NewYard","bindingPath":{"path":"","propertyPath":"/AUART","modelName":"NewYardModel"},"interaction":{"idSuffix":"inner"}},"wdio_ui5_key":"etmportal.ui.manageyards.view.Newsap.m.Input{\"path\":\"\",\"propertyPath\":\"/AUART\",\"modelName\":\"NewYardModel\"}"}]}
RESULT: {"script":"<script> [1562 bytes]","args":[{"selector":{"controlType":"sap.m.Input","viewName":"etm.portal.ui.manageyards.view.New","viewId":"application-manageyards-display-component---NewYard","bindingPath":{"path":"","propertyPath":"/AUART","modelName":"NewYardModel"},"interaction":{"idSuffix":"inner"}},"wdio_ui5_key":"etmportal.ui.manageyards.view.Newsap.m.Input{\"path\":\"\",\"propertyPath\":\"/AUART\",\"modelName\":\"NewYardModel\"}"}]}
RESULT: undefined
COMMAND: POST /session/700a0ab92761895b5ec9a5372f8d46fb/execute/async - {"script":"<script> [776 bytes]","args":[{"enterText":"TA","selector":{"controlType":"sap.m.Input","viewName":"etm.portal.ui.manageyards.view.New","viewId":"application-manageyards-display-component---NewYard","bindingPath":{"path":"","propertyPath":"/AUART","modelName":"NewYardModel"},"interaction":{"idSuffix":"inner"}},"clearTextFirst":true,"interactionType":"ENTER_TEXT"}]}
RESULT: {"script":"<script> [776 bytes]","args":[{"enterText":"TA","selector":{"controlType":"sap.m.Input","viewName":"etm.portal.ui.manageyards.view.New","viewId":"application-manageyards-display-component---NewYard","bindingPath":{"path":"","propertyPath":"/AUART","modelName":"NewYardModel"},"interaction":{"idSuffix":"inner"}},"clearTextFirst":true,"interactionType":"ENTER_TEXT"}]}
COMMAND: POST /session/700a0ab92761895b5ec9a5372f8d46fb/execute/async - {"script":"<script> [1562 bytes]","args":[{"selector":{"controlType":"sap.m.Button","viewName":"etm.portal.ui.manageyards.view.New","viewId":"application-manageyards-display-component---NewYard","i18NText":{"propertyName":"text","key":"save"},"interaction":{"idSuffix":"BDI-content"}},"wdio_ui5_key":"etmportal.ui.manageyards.view.Newsap.m.Button{\"propertyName\":\"text\",\"key\":\"save\"}"}]}
RESULT: {"script":"<script> [1562 bytes]","args":[{"selector":{"controlType":"sap.m.Button","viewName":"etm.portal.ui.manageyards.view.New","viewId":"application-manageyards-display-component---NewYard","i18NText":{"propertyName":"text","key":"save"},"interaction":{"idSuffix":"BDI-content"}},"wdio_ui5_key":"etmportal.ui.manageyards.view.Newsap.m.Button{\"propertyName\":\"text\",\"key\":\"save\"}"}]}
RESULT: undefined
COMMAND: POST /session/700a0ab92761895b5ec9a5372f8d46fb/element - {"using":"xpath","value":"//*[@id=\"__button18\"]"}
RESULT: {"using":"xpath","value":"//*[@id=\"__button18\"]"}
COMMAND: POST /session/700a0ab92761895b5ec9a5372f8d46fb/element/f.647512A71DDA687F9F591F39CAC5A62D.d.A37FB54D0C849C632E4B53996AD29288.e.14448/click - {}
RESULT: {}
COMMAND: GET /session/700a0ab92761895b5ec9a5372f8d46fb/screenshot - {}
RESULT: {}
COMMAND: POST /session/700a0ab92761895b5ec9a5372f8d46fb/execute/async - {"script":"<script> [1562 bytes]","args":[{"selector":{"controlType":"sap.m.Text","viewName":"etm.portal.ui.manageyards.view.Detail","viewId":"application-manageyards-display-component---detailYard","bindingPath":{"propertyPath":"ID","modelName":"catalogModel"}},"wdio_ui5_key":"etmportal.ui.manageyards.view.Detailsap.m.Text{\"propertyPath\":\"ID\",\"modelName\":\"catalogModel\"}"}]}
RESULT: {"script":"<script> [1562 bytes]","args":[{"selector":{"controlType":"sap.m.Text","viewName":"etm.portal.ui.manageyards.view.Detail","viewId":"application-manageyards-display-component---detailYard","bindingPath":{"propertyPath":"ID","modelName":"catalogModel"}},"wdio_ui5_key":"etmportal.ui.manageyards.view.Detailsap.m.Text{\"propertyPath\":\"ID\",\"modelName\":\"catalogModel\"}"}]}
RESULT: undefined
COMMAND: POST /session/700a0ab92761895b5ec9a5372f8d46fb/execute/async - {"script":"<script> [6424 bytes]","args":[{"element-6066-11e4-a52e-4f735466cecf":"f.647512A71DDA687F9F591F39CAC5A62D.d.A37FB54D0C849C632E4B53996AD29288.e.14706"},"getText",[]]}
RESULT: {"script":"<script> [6424 bytes]","args":[{"element-6066-11e4-a52e-4f735466cecf":"f.647512A71DDA687F9F591F39CAC5A62D.d.A37FB54D0C849C632E4B53996AD29288.e.14706"},"getText",[]]}
COMMAND: POST /session/700a0ab92761895b5ec9a5372f8d46fb/element - {"using":"css selector","value":"#shell-header-logo"}
RESULT: {"using":"css selector","value":"#shell-header-logo"}
COMMAND: POST /session/700a0ab92761895b5ec9a5372f8d46fb/element/f.647512A71DDA687F9F591F39CAC5A62D.d.A37FB54D0C849C632E4B53996AD29288.e.13992/click - {}
RESULT: {}
COMMAND: GET /session/700a0ab92761895b5ec9a5372f8d46fb/screenshot - {}
RESULT: {}
]]></system-out>
    </testcase>
    <testcase classname="chrome.135_0_7049_96.windows.Provide_to_Site_w/o_warehouse_management_w/_clarification_US116605" name="Should create WHM site" time="58.361">
      <system-out><![CDATA[
COMMAND: POST /session/700a0ab92761895b5ec9a5372f8d46fb/execute/async - {"script":"<script> [1562 bytes]","args":[{"selector":{"controlType":"sap.m.GenericTile","properties":{"header":"Manage Sites"}},"wdio_ui5_key":"sapm.GenericTile{\"header\":\"Manage Sites\"}"}]}
RESULT: {"script":"<script> [1562 bytes]","args":[{"selector":{"controlType":"sap.m.GenericTile","properties":{"header":"Manage Sites"}},"wdio_ui5_key":"sapm.GenericTile{\"header\":\"Manage Sites\"}"}]}
RESULT: undefined
COMMAND: POST /session/700a0ab92761895b5ec9a5372f8d46fb/element - {"using":"xpath","value":"//*[@id=\"__tile40\"]"}
RESULT: {"using":"xpath","value":"//*[@id=\"__tile40\"]"}
COMMAND: POST /session/700a0ab92761895b5ec9a5372f8d46fb/element/f.647512A71DDA687F9F591F39CAC5A62D.d.A37FB54D0C849C632E4B53996AD29288.e.14708/click - {}
RESULT: {}
COMMAND: GET /session/700a0ab92761895b5ec9a5372f8d46fb/screenshot - {}
RESULT: {}
COMMAND: POST /session/700a0ab92761895b5ec9a5372f8d46fb/execute/async - {"script":"<script> [1562 bytes]","args":[{"selector":{"controlType":"sap.ui.core.Icon","viewName":"etm.portal.ui.managesites.view.Master","viewId":"application-managesites-display-component---masterSite","properties":{"src":{"regex":{"source":"add"}}}},"wdio_ui5_key":"etmportal.ui.managesites.view.Mastersap.ui.core.Icon{\"src\":{\"regex\":{\"source\":\"add\"}}}"}]}
RESULT: {"script":"<script> [1562 bytes]","args":[{"selector":{"controlType":"sap.ui.core.Icon","viewName":"etm.portal.ui.managesites.view.Master","viewId":"application-managesites-display-component---masterSite","properties":{"src":{"regex":{"source":"add"}}}},"wdio_ui5_key":"etmportal.ui.managesites.view.Mastersap.ui.core.Icon{\"src\":{\"regex\":{\"source\":\"add\"}}}"}]}
RESULT: undefined
COMMAND: POST /session/700a0ab92761895b5ec9a5372f8d46fb/element - {"using":"xpath","value":"//*[@id=\"__button64-img\"]"}
RESULT: {"using":"xpath","value":"//*[@id=\"__button64-img\"]"}
COMMAND: POST /session/700a0ab92761895b5ec9a5372f8d46fb/element/f.647512A71DDA687F9F591F39CAC5A62D.d.A37FB54D0C849C632E4B53996AD29288.e.14756/click - {}
RESULT: {}
COMMAND: GET /session/700a0ab92761895b5ec9a5372f8d46fb/screenshot - {}
COMMAND: POST /session/700a0ab92761895b5ec9a5372f8d46fb/execute/async - {"script":"<script> [1562 bytes]","args":[{"selector":{"controlType":"sap.m.Button","viewName":"etm.portal.ui.managesites.view.NewSmartSite","viewId":"application-managesites-display-component---NewSite","properties":{"text":"General Information"},"interaction":{"idSuffix":"BDI-content"}},"wdio_ui5_key":"etmportal.ui.managesites.view.NewSmartSitesap.m.Button{\"text\":\"General Information\"}"}]}
RESULT: {}
RESULT: {"script":"<script> [1562 bytes]","args":[{"selector":{"controlType":"sap.m.Button","viewName":"etm.portal.ui.managesites.view.NewSmartSite","viewId":"application-managesites-display-component---NewSite","properties":{"text":"General Information"},"interaction":{"idSuffix":"BDI-content"}},"wdio_ui5_key":"etmportal.ui.managesites.view.NewSmartSitesap.m.Button{\"text\":\"General Information\"}"}]}
RESULT: undefined
COMMAND: POST /session/700a0ab92761895b5ec9a5372f8d46fb/element - {"using":"xpath","value":"//*[@id=\"application-managesites-display-component---NewSite--ObjectPageLayout-anchBar-__section31-anchor\"]"}
RESULT: {"using":"xpath","value":"//*[@id=\"application-managesites-display-component---NewSite--ObjectPageLayout-anchBar-__section31-anchor\"]"}
COMMAND: POST /session/700a0ab92761895b5ec9a5372f8d46fb/element/f.647512A71DDA687F9F591F39CAC5A62D.d.A37FB54D0C849C632E4B53996AD29288.e.15145/click - {}
RESULT: {}
COMMAND: POST /session/700a0ab92761895b5ec9a5372f8d46fb/execute/async - {"script":"<script> [1562 bytes]","args":[{"selector":{"id":"application-managesites-display-component---NewSite--addressDetailDetailsName1","interaction":{"idSuffix":"inner"}},"wdio_ui5_key":"applicationmanagesites-display-component---NewSite--addressDetailDetailsName1"}]}
COMMAND: GET /session/700a0ab92761895b5ec9a5372f8d46fb/screenshot - {}
RESULT: {"script":"<script> [1562 bytes]","args":[{"selector":{"id":"application-managesites-display-component---NewSite--addressDetailDetailsName1","interaction":{"idSuffix":"inner"}},"wdio_ui5_key":"applicationmanagesites-display-component---NewSite--addressDetailDetailsName1"}]}
RESULT: undefined
COMMAND: POST /session/700a0ab92761895b5ec9a5372f8d46fb/execute/async - {"script":"<script> [776 bytes]","args":[{"enterText":"WDI5 WHM Site","selector":{"id":"application-managesites-display-component---NewSite--addressDetailDetailsName1","interaction":{"idSuffix":"inner"}},"clearTextFirst":true,"interactionType":"ENTER_TEXT"}]}
RESULT: {}
RESULT: {"script":"<script> [776 bytes]","args":[{"enterText":"WDI5 WHM Site","selector":{"id":"application-managesites-display-component---NewSite--addressDetailDetailsName1","interaction":{"idSuffix":"inner"}},"clearTextFirst":true,"interactionType":"ENTER_TEXT"}]}
COMMAND: POST /session/700a0ab92761895b5ec9a5372f8d46fb/execute/async - {"script":"<script> [1562 bytes]","args":[{"selector":{"id":"application-managesites-display-component---NewSite--addressDetailDetailsLanguage","interaction":{"idSuffix":"inner"}},"wdio_ui5_key":"applicationmanagesites-display-component---NewSite--addressDetailDetailsLanguage"}]}
RESULT: {"script":"<script> [1562 bytes]","args":[{"selector":{"id":"application-managesites-display-component---NewSite--addressDetailDetailsLanguage","interaction":{"idSuffix":"inner"}},"wdio_ui5_key":"applicationmanagesites-display-component---NewSite--addressDetailDetailsLanguage"}]}
RESULT: undefined
COMMAND: POST /session/700a0ab92761895b5ec9a5372f8d46fb/execute/async - {"script":"<script> [776 bytes]","args":[{"enterText":"Romanian","selector":{"id":"application-managesites-display-component---NewSite--addressDetailDetailsLanguage","interaction":{"idSuffix":"inner"}},"clearTextFirst":true,"interactionType":"ENTER_TEXT"}]}
RESULT: {"script":"<script> [776 bytes]","args":[{"enterText":"Romanian","selector":{"id":"application-managesites-display-component---NewSite--addressDetailDetailsLanguage","interaction":{"idSuffix":"inner"}},"clearTextFirst":true,"interactionType":"ENTER_TEXT"}]}
COMMAND: POST /session/700a0ab92761895b5ec9a5372f8d46fb/execute/async - {"script":"<script> [1562 bytes]","args":[{"selector":{"id":"application-managesites-display-component---NewSite--addressDetailDetailsCity1","interaction":{"idSuffix":"inner"}},"wdio_ui5_key":"applicationmanagesites-display-component---NewSite--addressDetailDetailsCity1"}]}
RESULT: {"script":"<script> [1562 bytes]","args":[{"selector":{"id":"application-managesites-display-component---NewSite--addressDetailDetailsCity1","interaction":{"idSuffix":"inner"}},"wdio_ui5_key":"applicationmanagesites-display-component---NewSite--addressDetailDetailsCity1"}]}
RESULT: undefined
COMMAND: POST /session/700a0ab92761895b5ec9a5372f8d46fb/execute/async - {"script":"<script> [776 bytes]","args":[{"enterText":"Bucharest","selector":{"id":"application-managesites-display-component---NewSite--addressDetailDetailsCity1","interaction":{"idSuffix":"inner"}},"clearTextFirst":true,"interactionType":"ENTER_TEXT"}]}
RESULT: {"script":"<script> [776 bytes]","args":[{"enterText":"Bucharest","selector":{"id":"application-managesites-display-component---NewSite--addressDetailDetailsCity1","interaction":{"idSuffix":"inner"}},"clearTextFirst":true,"interactionType":"ENTER_TEXT"}]}
COMMAND: POST /session/700a0ab92761895b5ec9a5372f8d46fb/execute/async - {"script":"<script> [1562 bytes]","args":[{"selector":{"id":"application-managesites-display-component---NewSite--addressDetailDetailsCountry","interaction":{"idSuffix":"inner"}},"wdio_ui5_key":"applicationmanagesites-display-component---NewSite--addressDetailDetailsCountry"}]}
RESULT: {"script":"<script> [1562 bytes]","args":[{"selector":{"id":"application-managesites-display-component---NewSite--addressDetailDetailsCountry","interaction":{"idSuffix":"inner"}},"wdio_ui5_key":"applicationmanagesites-display-component---NewSite--addressDetailDetailsCountry"}]}
RESULT: undefined
COMMAND: POST /session/700a0ab92761895b5ec9a5372f8d46fb/execute/async - {"script":"<script> [6424 bytes]","args":[{"element-6066-11e4-a52e-4f735466cecf":"f.647512A71DDA687F9F591F39CAC5A62D.d.A37FB54D0C849C632E4B53996AD29288.e.14943"},"setValue",["Romania"]]}
RESULT: {"script":"<script> [6424 bytes]","args":[{"element-6066-11e4-a52e-4f735466cecf":"f.647512A71DDA687F9F591F39CAC5A62D.d.A37FB54D0C849C632E4B53996AD29288.e.14943"},"setValue",["Romania"]]}
COMMAND: POST /session/700a0ab92761895b5ec9a5372f8d46fb/execute/async - {"script":"<script> [1562 bytes]","args":[{"selector":{"id":"application-managesites-display-component---NewSite--addressDetailDetailsCalendar","interaction":{"idSuffix":"inner"}},"wdio_ui5_key":"applicationmanagesites-display-component---NewSite--addressDetailDetailsCalendar"}]}
RESULT: {"script":"<script> [1562 bytes]","args":[{"selector":{"id":"application-managesites-display-component---NewSite--addressDetailDetailsCalendar","interaction":{"idSuffix":"inner"}},"wdio_ui5_key":"applicationmanagesites-display-component---NewSite--addressDetailDetailsCalendar"}]}
RESULT: undefined
COMMAND: POST /session/700a0ab92761895b5ec9a5372f8d46fb/execute/async - {"script":"<script> [776 bytes]","args":[{"enterText":"8 - Germany (Standard)","selector":{"id":"application-managesites-display-component---NewSite--addressDetailDetailsCalendar","interaction":{"idSuffix":"inner"}},"clearTextFirst":true,"interactionType":"ENTER_TEXT"}]}
RESULT: {"script":"<script> [776 bytes]","args":[{"enterText":"8 - Germany (Standard)","selector":{"id":"application-managesites-display-component---NewSite--addressDetailDetailsCalendar","interaction":{"idSuffix":"inner"}},"clearTextFirst":true,"interactionType":"ENTER_TEXT"}]}
COMMAND: POST /session/700a0ab92761895b5ec9a5372f8d46fb/element - {"using":"xpath","value":"//input[@id=\"application-managesites-display-component---NewSite--addressDetailDetailsYard-inner\"]"}
RESULT: {"using":"xpath","value":"//input[@id=\"application-managesites-display-component---NewSite--addressDetailDetailsYard-inner\"]"}
COMMAND: POST /session/700a0ab92761895b5ec9a5372f8d46fb/element/f.647512A71DDA687F9F591F39CAC5A62D.d.A37FB54D0C849C632E4B53996AD29288.e.14954/clear - {}
RESULT: {}
COMMAND: POST /session/700a0ab92761895b5ec9a5372f8d46fb/element/f.647512A71DDA687F9F591F39CAC5A62D.d.A37FB54D0C849C632E4B53996AD29288.e.14954/value - {"text":"797"}
COMMAND: GET /session/700a0ab92761895b5ec9a5372f8d46fb/screenshot - {}
RESULT: {"text":"797"}
COMMAND: GET /session/700a0ab92761895b5ec9a5372f8d46fb/screenshot - {}
RESULT: {}
RESULT: {}
COMMAND: POST /session/700a0ab92761895b5ec9a5372f8d46fb/execute/async - {"script":"<script> [1562 bytes]","args":[{"selector":{"controlType":"sap.m.Button","viewName":"etm.portal.ui.managesites.view.NewSmartSite","viewId":"application-managesites-display-component---NewSite","properties":{"text":"Commercial"},"interaction":{"idSuffix":"BDI-content"}},"wdio_ui5_key":"etmportal.ui.managesites.view.NewSmartSitesap.m.Button{\"text\":\"Commercial\"}"}]}
RESULT: {"script":"<script> [1562 bytes]","args":[{"selector":{"controlType":"sap.m.Button","viewName":"etm.portal.ui.managesites.view.NewSmartSite","viewId":"application-managesites-display-component---NewSite","properties":{"text":"Commercial"},"interaction":{"idSuffix":"BDI-content"}},"wdio_ui5_key":"etmportal.ui.managesites.view.NewSmartSitesap.m.Button{\"text\":\"Commercial\"}"}]}
RESULT: undefined
COMMAND: POST /session/700a0ab92761895b5ec9a5372f8d46fb/element - {"using":"xpath","value":"//*[@id=\"application-managesites-display-component---NewSite--ObjectPageLayout-anchBar-__section33-anchor\"]"}
RESULT: {"using":"xpath","value":"//*[@id=\"application-managesites-display-component---NewSite--ObjectPageLayout-anchBar-__section33-anchor\"]"}
COMMAND: POST /session/700a0ab92761895b5ec9a5372f8d46fb/element/f.647512A71DDA687F9F591F39CAC5A62D.d.A37FB54D0C849C632E4B53996AD29288.e.15154/click - {}
RESULT: {}
COMMAND: POST /session/700a0ab92761895b5ec9a5372f8d46fb/execute/async - {"script":"<script> [1562 bytes]","args":[{"selector":{"controlType":"sap.m.Button","viewName":"etm.portal.ui.managesites.view.NewSmartSite","viewId":"application-managesites-display-component---NewSite","i18NText":{"propertyName":"text","key":"save"},"interaction":{"idSuffix":"BDI-content"}},"wdio_ui5_key":"etmportal.ui.managesites.view.NewSmartSitesap.m.Button{\"propertyName\":\"text\",\"key\":\"save\"}"}]}
COMMAND: GET /session/700a0ab92761895b5ec9a5372f8d46fb/screenshot - {}
RESULT: {"script":"<script> [1562 bytes]","args":[{"selector":{"controlType":"sap.m.Button","viewName":"etm.portal.ui.managesites.view.NewSmartSite","viewId":"application-managesites-display-component---NewSite","i18NText":{"propertyName":"text","key":"save"},"interaction":{"idSuffix":"BDI-content"}},"wdio_ui5_key":"etmportal.ui.managesites.view.NewSmartSitesap.m.Button{\"propertyName\":\"text\",\"key\":\"save\"}"}]}
RESULT: undefined
COMMAND: POST /session/700a0ab92761895b5ec9a5372f8d46fb/element - {"using":"xpath","value":"//*[@id=\"__button76\"]"}
RESULT: {}
RESULT: {"using":"xpath","value":"//*[@id=\"__button76\"]"}
COMMAND: POST /session/700a0ab92761895b5ec9a5372f8d46fb/element/f.647512A71DDA687F9F591F39CAC5A62D.d.A37FB54D0C849C632E4B53996AD29288.e.15126/click - {}
RESULT: {}
COMMAND: GET /session/700a0ab92761895b5ec9a5372f8d46fb/screenshot - {}
RESULT: {}
COMMAND: POST /session/700a0ab92761895b5ec9a5372f8d46fb/execute/async - {"script":"<script> [1562 bytes]","args":[{"selector":{"controlType":"sap.m.Text","viewName":"etm.portal.ui.managesites.view.Detail","viewId":"application-managesites-display-component---detailSite","bindingPath":{"propertyPath":"ID","modelName":"catalogModel"}},"wdio_ui5_key":"etmportal.ui.managesites.view.Detailsap.m.Text{\"propertyPath\":\"ID\",\"modelName\":\"catalogModel\"}"}]}
RESULT: {"script":"<script> [1562 bytes]","args":[{"selector":{"controlType":"sap.m.Text","viewName":"etm.portal.ui.managesites.view.Detail","viewId":"application-managesites-display-component---detailSite","bindingPath":{"propertyPath":"ID","modelName":"catalogModel"}},"wdio_ui5_key":"etmportal.ui.managesites.view.Detailsap.m.Text{\"propertyPath\":\"ID\",\"modelName\":\"catalogModel\"}"}]}
RESULT: undefined
COMMAND: POST /session/700a0ab92761895b5ec9a5372f8d46fb/execute/async - {"script":"<script> [6424 bytes]","args":[{"element-6066-11e4-a52e-4f735466cecf":"f.647512A71DDA687F9F591F39CAC5A62D.d.A37FB54D0C849C632E4B53996AD29288.e.15355"},"getText",[]]}
RESULT: {"script":"<script> [6424 bytes]","args":[{"element-6066-11e4-a52e-4f735466cecf":"f.647512A71DDA687F9F591F39CAC5A62D.d.A37FB54D0C849C632E4B53996AD29288.e.15355"},"getText",[]]}
COMMAND: POST /session/700a0ab92761895b5ec9a5372f8d46fb/execute/async - {"script":"<script> [1562 bytes]","args":[{"selector":{"controlType":"sap.m.Label","viewName":"etm.portal.ui.managesites.view.Detail","viewId":"application-managesites-display-component---detailSite","i18NText":{"propertyName":"text","key":"status"}},"wdio_ui5_key":"etmportal.ui.managesites.view.Detailsap.m.Label{\"propertyName\":\"text\",\"key\":\"status\"}"}]}
RESULT: {"script":"<script> [1562 bytes]","args":[{"selector":{"controlType":"sap.m.Label","viewName":"etm.portal.ui.managesites.view.Detail","viewId":"application-managesites-display-component---detailSite","i18NText":{"propertyName":"text","key":"status"}},"wdio_ui5_key":"etmportal.ui.managesites.view.Detailsap.m.Label{\"propertyName\":\"text\",\"key\":\"status\"}"}]}
RESULT: undefined
COMMAND: POST /session/700a0ab92761895b5ec9a5372f8d46fb/execute/async - {"script":"<script> [6424 bytes]","args":[{"element-6066-11e4-a52e-4f735466cecf":"f.647512A71DDA687F9F591F39CAC5A62D.d.A37FB54D0C849C632E4B53996AD29288.e.15342"},"getText",[]]}
RESULT: {"script":"<script> [6424 bytes]","args":[{"element-6066-11e4-a52e-4f735466cecf":"f.647512A71DDA687F9F591F39CAC5A62D.d.A37FB54D0C849C632E4B53996AD29288.e.15342"},"getText",[]]}
RESULT: undefined
COMMAND: POST /session/700a0ab92761895b5ec9a5372f8d46fb/element - {"using":"xpath","value":"//*[@id=\"shell-header\"]"}
RESULT: {"using":"xpath","value":"//*[@id=\"shell-header\"]"}
COMMAND: POST /session/700a0ab92761895b5ec9a5372f8d46fb/element/f.647512A71DDA687F9F591F39CAC5A62D.d.A37FB54D0C849C632E4B53996AD29288.e.15356/click - {}
RESULT: {}
COMMAND: POST /session/700a0ab92761895b5ec9a5372f8d46fb/element - {"using":"css selector","value":"#shell-header-logo"}
COMMAND: GET /session/700a0ab92761895b5ec9a5372f8d46fb/screenshot - {}
RESULT: {"using":"css selector","value":"#shell-header-logo"}
COMMAND: POST /session/700a0ab92761895b5ec9a5372f8d46fb/element/f.647512A71DDA687F9F591F39CAC5A62D.d.A37FB54D0C849C632E4B53996AD29288.e.14711/click - {}
RESULT: {}
RESULT: {}
]]></system-out>
    </testcase>
    <testcase classname="chrome.135_0_7049_96.windows.Provide_to_Site_w/o_warehouse_management_w/_clarification_US116605" name="Should create WHM Partner" time="63.637">
      <system-out><![CDATA[
COMMAND: POST /session/700a0ab92761895b5ec9a5372f8d46fb/execute/async - {"script":"<script> [1562 bytes]","args":[{"selector":{"controlType":"sap.m.GenericTile","properties":{"header":"Manage Partners"}},"wdio_ui5_key":"sapm.GenericTile{\"header\":\"Manage Partners\"}"}]}
COMMAND: GET /session/700a0ab92761895b5ec9a5372f8d46fb/screenshot - {}
RESULT: {"script":"<script> [1562 bytes]","args":[{"selector":{"controlType":"sap.m.GenericTile","properties":{"header":"Manage Partners"}},"wdio_ui5_key":"sapm.GenericTile{\"header\":\"Manage Partners\"}"}]}
RESULT: undefined
COMMAND: POST /session/700a0ab92761895b5ec9a5372f8d46fb/element - {"using":"xpath","value":"//*[@id=\"__tile38\"]"}
RESULT: {}
RESULT: {"using":"xpath","value":"//*[@id=\"__tile38\"]"}
COMMAND: POST /session/700a0ab92761895b5ec9a5372f8d46fb/element/f.647512A71DDA687F9F591F39CAC5A62D.d.A37FB54D0C849C632E4B53996AD29288.e.15361/click - {}
RESULT: {}
COMMAND: GET /session/700a0ab92761895b5ec9a5372f8d46fb/screenshot - {}
COMMAND: POST /session/700a0ab92761895b5ec9a5372f8d46fb/element - {"using":"xpath","value":"//button[(@data-kt = 'addButton')]"}
RESULT: {}
RESULT: {"using":"xpath","value":"//button[(@data-kt = 'addButton')]"}
COMMAND: POST /session/700a0ab92761895b5ec9a5372f8d46fb/elements - {"using":"xpath","value":"//button[(@data-kt = 'addButton')]"}
RESULT: {"using":"xpath","value":"//button[(@data-kt = 'addButton')]"}
COMMAND: POST /session/700a0ab92761895b5ec9a5372f8d46fb/elements - {"using":"xpath","value":"//button[(@data-kt = 'addButton')]"}
RESULT: {"using":"xpath","value":"//button[(@data-kt = 'addButton')]"}
COMMAND: POST /session/700a0ab92761895b5ec9a5372f8d46fb/element - {"using":"xpath","value":"//button[(@data-kt = 'addButton')]"}
RESULT: {"using":"xpath","value":"//button[(@data-kt = 'addButton')]"}
COMMAND: POST /session/700a0ab92761895b5ec9a5372f8d46fb/element/f.647512A71DDA687F9F591F39CAC5A62D.d.A37FB54D0C849C632E4B53996AD29288.e.15411/click - {}
RESULT: {}
COMMAND: POST /session/700a0ab92761895b5ec9a5372f8d46fb/execute/async - {"script":"<script> [1562 bytes]","args":[{"selector":{"id":"application-managepartners-display-component---NewPartner--addressDetailDetailsName1","interaction":{"idSuffix":"inner"}},"wdio_ui5_key":"applicationmanagepartners-display-component---NewPartner--addressDetailDetailsName1"}]}
COMMAND: GET /session/700a0ab92761895b5ec9a5372f8d46fb/screenshot - {}
RESULT: {"script":"<script> [1562 bytes]","args":[{"selector":{"id":"application-managepartners-display-component---NewPartner--addressDetailDetailsName1","interaction":{"idSuffix":"inner"}},"wdio_ui5_key":"applicationmanagepartners-display-component---NewPartner--addressDetailDetailsName1"}]}
RESULT: undefined
COMMAND: POST /session/700a0ab92761895b5ec9a5372f8d46fb/execute/async - {"script":"<script> [776 bytes]","args":[{"enterText":"WDI5-Partners","selector":{"id":"application-managepartners-display-component---NewPartner--addressDetailDetailsName1","interaction":{"idSuffix":"inner"}},"clearTextFirst":true,"interactionType":"ENTER_TEXT"}]}
RESULT: {}
RESULT: {"script":"<script> [776 bytes]","args":[{"enterText":"WDI5-Partners","selector":{"id":"application-managepartners-display-component---NewPartner--addressDetailDetailsName1","interaction":{"idSuffix":"inner"}},"clearTextFirst":true,"interactionType":"ENTER_TEXT"}]}
COMMAND: POST /session/700a0ab92761895b5ec9a5372f8d46fb/execute/async - {"script":"<script> [1562 bytes]","args":[{"selector":{"id":"application-managepartners-display-component---NewPartner--addressDetailDetailsLanguage-arrow"},"wdio_ui5_key":"applicationmanagepartners-display-component---NewPartner--addressDetailDetailsLanguage-arrow"}]}
RESULT: {"script":"<script> [1562 bytes]","args":[{"selector":{"id":"application-managepartners-display-component---NewPartner--addressDetailDetailsLanguage-arrow"},"wdio_ui5_key":"applicationmanagepartners-display-component---NewPartner--addressDetailDetailsLanguage-arrow"}]}
RESULT: undefined
COMMAND: POST /session/700a0ab92761895b5ec9a5372f8d46fb/element - {"using":"xpath","value":"//*[@id=\"application-managepartners-display-component---NewPartner--addressDetailDetailsLanguage-arrow\"]"}
RESULT: {"using":"xpath","value":"//*[@id=\"application-managepartners-display-component---NewPartner--addressDetailDetailsLanguage-arrow\"]"}
COMMAND: POST /session/700a0ab92761895b5ec9a5372f8d46fb/element/f.647512A71DDA687F9F591F39CAC5A62D.d.A37FB54D0C849C632E4B53996AD29288.e.15827/click - {}
RESULT: {}
COMMAND: POST /session/700a0ab92761895b5ec9a5372f8d46fb/execute/async - {"script":"<script> [1562 bytes]","args":[{"selector":{"controlType":"sap.m.StandardListItem","viewName":"etm.portal.ui.managepartners.view.NewPartner","viewId":"application-managepartners-display-component---NewPartner","properties":{"title":"English"},"searchOpenDialogs":true,"interaction":{"idSuffix":"content"}},"wdio_ui5_key":"etmportal.ui.managepartners.view.NewPartnersap.m.StandardListItem{\"title\":\"English\"}"}]}
COMMAND: GET /session/700a0ab92761895b5ec9a5372f8d46fb/screenshot - {}
RESULT: {"script":"<script> [1562 bytes]","args":[{"selector":{"controlType":"sap.m.StandardListItem","viewName":"etm.portal.ui.managepartners.view.NewPartner","viewId":"application-managepartners-display-component---NewPartner","properties":{"title":"English"},"searchOpenDialogs":true,"interaction":{"idSuffix":"content"}},"wdio_ui5_key":"etmportal.ui.managepartners.view.NewPartnersap.m.StandardListItem{\"title\":\"English\"}"}]}
RESULT: undefined
COMMAND: POST /session/700a0ab92761895b5ec9a5372f8d46fb/element - {"using":"xpath","value":"//*[@id=\"__item1419\"]"}
RESULT: {}
RESULT: {"using":"xpath","value":"//*[@id=\"__item1419\"]"}
COMMAND: POST /session/700a0ab92761895b5ec9a5372f8d46fb/element/f.647512A71DDA687F9F591F39CAC5A62D.d.A37FB54D0C849C632E4B53996AD29288.e.15829/click - {}
RESULT: {}
COMMAND: POST /session/700a0ab92761895b5ec9a5372f8d46fb/execute/async - {"script":"<script> [1562 bytes]","args":[{"selector":{"id":"application-managepartners-display-component---NewPartner--addressDetailDetailsCity1","interaction":{"idSuffix":"inner"}},"wdio_ui5_key":"applicationmanagepartners-display-component---NewPartner--addressDetailDetailsCity1"}]}
COMMAND: GET /session/700a0ab92761895b5ec9a5372f8d46fb/screenshot - {}
RESULT: {"script":"<script> [1562 bytes]","args":[{"selector":{"id":"application-managepartners-display-component---NewPartner--addressDetailDetailsCity1","interaction":{"idSuffix":"inner"}},"wdio_ui5_key":"applicationmanagepartners-display-component---NewPartner--addressDetailDetailsCity1"}]}
RESULT: undefined
COMMAND: POST /session/700a0ab92761895b5ec9a5372f8d46fb/execute/async - {"script":"<script> [776 bytes]","args":[{"enterText":"Bangalore","selector":{"id":"application-managepartners-display-component---NewPartner--addressDetailDetailsCity1","interaction":{"idSuffix":"inner"}},"clearTextFirst":true,"interactionType":"ENTER_TEXT"}]}
RESULT: {}
RESULT: {"script":"<script> [776 bytes]","args":[{"enterText":"Bangalore","selector":{"id":"application-managepartners-display-component---NewPartner--addressDetailDetailsCity1","interaction":{"idSuffix":"inner"}},"clearTextFirst":true,"interactionType":"ENTER_TEXT"}]}
COMMAND: POST /session/700a0ab92761895b5ec9a5372f8d46fb/execute/async - {"script":"<script> [1562 bytes]","args":[{"selector":{"id":"application-managepartners-display-component---NewPartner--addressDetailDetailsCountry-arrow"},"wdio_ui5_key":"applicationmanagepartners-display-component---NewPartner--addressDetailDetailsCountry-arrow"}]}
RESULT: {"script":"<script> [1562 bytes]","args":[{"selector":{"id":"application-managepartners-display-component---NewPartner--addressDetailDetailsCountry-arrow"},"wdio_ui5_key":"applicationmanagepartners-display-component---NewPartner--addressDetailDetailsCountry-arrow"}]}
RESULT: undefined
COMMAND: POST /session/700a0ab92761895b5ec9a5372f8d46fb/element - {"using":"xpath","value":"//*[@id=\"application-managepartners-display-component---NewPartner--addressDetailDetailsCountry-arrow\"]"}
RESULT: {"using":"xpath","value":"//*[@id=\"application-managepartners-display-component---NewPartner--addressDetailDetailsCountry-arrow\"]"}
COMMAND: POST /session/700a0ab92761895b5ec9a5372f8d46fb/element/f.647512A71DDA687F9F591F39CAC5A62D.d.A37FB54D0C849C632E4B53996AD29288.e.15831/click - {}
RESULT: {}
COMMAND: POST /session/700a0ab92761895b5ec9a5372f8d46fb/execute/async - {"script":"<script> [1562 bytes]","args":[{"selector":{"id":"application-managepartners-display-component---NewPartner--addressDetailDetailsCountry","interaction":{"idSuffix":"inner"}},"wdio_ui5_key":"applicationmanagepartners-display-component---NewPartner--addressDetailDetailsCountry"}]}
COMMAND: GET /session/700a0ab92761895b5ec9a5372f8d46fb/screenshot - {}
RESULT: {"script":"<script> [1562 bytes]","args":[{"selector":{"id":"application-managepartners-display-component---NewPartner--addressDetailDetailsCountry","interaction":{"idSuffix":"inner"}},"wdio_ui5_key":"applicationmanagepartners-display-component---NewPartner--addressDetailDetailsCountry"}]}
RESULT: undefined
COMMAND: POST /session/700a0ab92761895b5ec9a5372f8d46fb/execute/async - {"script":"<script> [776 bytes]","args":[{"enterText":"India","selector":{"id":"application-managepartners-display-component---NewPartner--addressDetailDetailsCountry","interaction":{"idSuffix":"inner"}},"clearTextFirst":true,"interactionType":"ENTER_TEXT"}]}
RESULT: {}
RESULT: {"script":"<script> [776 bytes]","args":[{"enterText":"India","selector":{"id":"application-managepartners-display-component---NewPartner--addressDetailDetailsCountry","interaction":{"idSuffix":"inner"}},"clearTextFirst":true,"interactionType":"ENTER_TEXT"}]}
COMMAND: POST /session/700a0ab92761895b5ec9a5372f8d46fb/execute/async - {"script":"<script> [1562 bytes]","args":[{"selector":{"controlType":"sap.m.StandardListItem","viewName":"etm.portal.ui.managepartners.view.NewPartner","viewId":"application-managepartners-display-component---NewPartner","properties":{"title":"India"},"searchOpenDialogs":true,"interaction":{"idSuffix":"content"}},"wdio_ui5_key":"etmportal.ui.managepartners.view.NewPartnersap.m.StandardListItem{\"title\":\"India\"}"}]}
RESULT: {"script":"<script> [1562 bytes]","args":[{"selector":{"controlType":"sap.m.StandardListItem","viewName":"etm.portal.ui.managepartners.view.NewPartner","viewId":"application-managepartners-display-component---NewPartner","properties":{"title":"India"},"searchOpenDialogs":true,"interaction":{"idSuffix":"content"}},"wdio_ui5_key":"etmportal.ui.managepartners.view.NewPartnersap.m.StandardListItem{\"title\":\"India\"}"}]}
RESULT: undefined
COMMAND: POST /session/700a0ab92761895b5ec9a5372f8d46fb/execute/async - {"script":"<script> [1562 bytes]","args":[{"selector":{"controlType":"sap.m.Button","viewName":"etm.portal.ui.managepartners.view.NewPartner","viewId":"application-managepartners-display-component---NewPartner","properties":{"text":"Commercial"},"interaction":{"idSuffix":"BDI-content"}},"wdio_ui5_key":"etmportal.ui.managepartners.view.NewPartnersap.m.Button{\"text\":\"Commercial\"}"}]}
RESULT: {"script":"<script> [1562 bytes]","args":[{"selector":{"controlType":"sap.m.Button","viewName":"etm.portal.ui.managepartners.view.NewPartner","viewId":"application-managepartners-display-component---NewPartner","properties":{"text":"Commercial"},"interaction":{"idSuffix":"BDI-content"}},"wdio_ui5_key":"etmportal.ui.managepartners.view.NewPartnersap.m.Button{\"text\":\"Commercial\"}"}]}
RESULT: undefined
COMMAND: POST /session/700a0ab92761895b5ec9a5372f8d46fb/element - {"using":"xpath","value":"//*[@id=\"application-managepartners-display-component---NewPartner--ObjectPageLayout-anchBar-__section57-anchor\"]"}
RESULT: {"using":"xpath","value":"//*[@id=\"application-managepartners-display-component---NewPartner--ObjectPageLayout-anchBar-__section57-anchor\"]"}
COMMAND: POST /session/700a0ab92761895b5ec9a5372f8d46fb/element/f.647512A71DDA687F9F591F39CAC5A62D.d.A37FB54D0C849C632E4B53996AD29288.e.15836/click - {}
RESULT: {}
COMMAND: POST /session/700a0ab92761895b5ec9a5372f8d46fb/execute/async - {"script":"<script> [1562 bytes]","args":[{"selector":{"id":"application-managepartners-display-component---NewPartner--partnerDetailInternal-arrow"},"wdio_ui5_key":"applicationmanagepartners-display-component---NewPartner--partnerDetailInternal-arrow"}]}
COMMAND: GET /session/700a0ab92761895b5ec9a5372f8d46fb/screenshot - {}
RESULT: {"script":"<script> [1562 bytes]","args":[{"selector":{"id":"application-managepartners-display-component---NewPartner--partnerDetailInternal-arrow"},"wdio_ui5_key":"applicationmanagepartners-display-component---NewPartner--partnerDetailInternal-arrow"}]}
RESULT: undefined
COMMAND: POST /session/700a0ab92761895b5ec9a5372f8d46fb/element - {"using":"xpath","value":"//*[@id=\"application-managepartners-display-component---NewPartner--partnerDetailInternal-arrow\"]"}
RESULT: {}
RESULT: {"using":"xpath","value":"//*[@id=\"application-managepartners-display-component---NewPartner--partnerDetailInternal-arrow\"]"}
COMMAND: POST /session/700a0ab92761895b5ec9a5372f8d46fb/element/f.647512A71DDA687F9F591F39CAC5A62D.d.A37FB54D0C849C632E4B53996AD29288.e.15841/click - {}
RESULT: {}
COMMAND: POST /session/700a0ab92761895b5ec9a5372f8d46fb/execute/async - {"script":"<script> [1562 bytes]","args":[{"selector":{"controlType":"sap.m.StandardListItem","viewName":"etm.portal.ui.managepartners.view.NewPartner","viewId":"application-managepartners-display-component---NewPartner","properties":{"title":"External partner"},"searchOpenDialogs":true,"interaction":{"idSuffix":"content"}},"wdio_ui5_key":"etmportal.ui.managepartners.view.NewPartnersap.m.StandardListItem{\"title\":\"External partner\"}"}]}
COMMAND: GET /session/700a0ab92761895b5ec9a5372f8d46fb/screenshot - {}
RESULT: {"script":"<script> [1562 bytes]","args":[{"selector":{"controlType":"sap.m.StandardListItem","viewName":"etm.portal.ui.managepartners.view.NewPartner","viewId":"application-managepartners-display-component---NewPartner","properties":{"title":"External partner"},"searchOpenDialogs":true,"interaction":{"idSuffix":"content"}},"wdio_ui5_key":"etmportal.ui.managepartners.view.NewPartnersap.m.StandardListItem{\"title\":\"External partner\"}"}]}
RESULT: undefined
COMMAND: POST /session/700a0ab92761895b5ec9a5372f8d46fb/element - {"using":"xpath","value":"//*[@id=\"__item1553\"]"}
RESULT: {}
RESULT: {"using":"xpath","value":"//*[@id=\"__item1553\"]"}
COMMAND: POST /session/700a0ab92761895b5ec9a5372f8d46fb/element/f.647512A71DDA687F9F591F39CAC5A62D.d.A37FB54D0C849C632E4B53996AD29288.e.15844/click - {}
RESULT: {}
COMMAND: POST /session/700a0ab92761895b5ec9a5372f8d46fb/execute/async - {"script":"<script> [1562 bytes]","args":[{"selector":{"id":"application-managepartners-display-component---NewPartner--partnerDetailsCurrency-arrow"},"wdio_ui5_key":"applicationmanagepartners-display-component---NewPartner--partnerDetailsCurrency-arrow"}]}
COMMAND: GET /session/700a0ab92761895b5ec9a5372f8d46fb/screenshot - {}
RESULT: {"script":"<script> [1562 bytes]","args":[{"selector":{"id":"application-managepartners-display-component---NewPartner--partnerDetailsCurrency-arrow"},"wdio_ui5_key":"applicationmanagepartners-display-component---NewPartner--partnerDetailsCurrency-arrow"}]}
RESULT: undefined
COMMAND: POST /session/700a0ab92761895b5ec9a5372f8d46fb/element - {"using":"xpath","value":"//*[@id=\"application-managepartners-display-component---NewPartner--partnerDetailsCurrency-arrow\"]"}
RESULT: {}
RESULT: {"using":"xpath","value":"//*[@id=\"application-managepartners-display-component---NewPartner--partnerDetailsCurrency-arrow\"]"}
COMMAND: POST /session/700a0ab92761895b5ec9a5372f8d46fb/element/f.647512A71DDA687F9F591F39CAC5A62D.d.A37FB54D0C849C632E4B53996AD29288.e.15849/click - {}
RESULT: {}
COMMAND: POST /session/700a0ab92761895b5ec9a5372f8d46fb/execute/async - {"script":"<script> [1562 bytes]","args":[{"selector":{"controlType":"sap.m.StandardListItem","viewName":"etm.portal.ui.managepartners.view.NewPartner","viewId":"application-managepartners-display-component---NewPartner","properties":{"title":"Euro"},"searchOpenDialogs":true,"interaction":{"idSuffix":"content"}},"wdio_ui5_key":"etmportal.ui.managepartners.view.NewPartnersap.m.StandardListItem{\"title\":\"Euro\"}"}]}
COMMAND: GET /session/700a0ab92761895b5ec9a5372f8d46fb/screenshot - {}
RESULT: {"script":"<script> [1562 bytes]","args":[{"selector":{"controlType":"sap.m.StandardListItem","viewName":"etm.portal.ui.managepartners.view.NewPartner","viewId":"application-managepartners-display-component---NewPartner","properties":{"title":"Euro"},"searchOpenDialogs":true,"interaction":{"idSuffix":"content"}},"wdio_ui5_key":"etmportal.ui.managepartners.view.NewPartnersap.m.StandardListItem{\"title\":\"Euro\"}"}]}
RESULT: undefined
COMMAND: POST /session/700a0ab92761895b5ec9a5372f8d46fb/element - {"using":"xpath","value":"//*[@id=\"__item1555\"]"}
RESULT: {}
RESULT: {"using":"xpath","value":"//*[@id=\"__item1555\"]"}
COMMAND: POST /session/700a0ab92761895b5ec9a5372f8d46fb/element/f.647512A71DDA687F9F591F39CAC5A62D.d.A37FB54D0C849C632E4B53996AD29288.e.15851/click - {}
RESULT: {}
COMMAND: POST /session/700a0ab92761895b5ec9a5372f8d46fb/execute/async - {"script":"<script> [1562 bytes]","args":[{"selector":{"controlType":"sap.m.Button","viewName":"etm.portal.ui.managepartners.view.NewPartner","viewId":"application-managepartners-display-component---NewPartner","properties":{"text":"Assignments"},"interaction":{"idSuffix":"BDI-content"}},"wdio_ui5_key":"etmportal.ui.managepartners.view.NewPartnersap.m.Button{\"text\":\"Assignments\"}"}]}
COMMAND: GET /session/700a0ab92761895b5ec9a5372f8d46fb/screenshot - {}
RESULT: {"script":"<script> [1562 bytes]","args":[{"selector":{"controlType":"sap.m.Button","viewName":"etm.portal.ui.managepartners.view.NewPartner","viewId":"application-managepartners-display-component---NewPartner","properties":{"text":"Assignments"},"interaction":{"idSuffix":"BDI-content"}},"wdio_ui5_key":"etmportal.ui.managepartners.view.NewPartnersap.m.Button{\"text\":\"Assignments\"}"}]}
RESULT: undefined
COMMAND: POST /session/700a0ab92761895b5ec9a5372f8d46fb/element - {"using":"xpath","value":"//*[@id=\"application-managepartners-display-component---NewPartner--ObjectPageLayout-anchBar-__section61-anchor\"]"}
RESULT: {}
RESULT: {"using":"xpath","value":"//*[@id=\"application-managepartners-display-component---NewPartner--ObjectPageLayout-anchBar-__section61-anchor\"]"}
COMMAND: POST /session/700a0ab92761895b5ec9a5372f8d46fb/element/f.647512A71DDA687F9F591F39CAC5A62D.d.A37FB54D0C849C632E4B53996AD29288.e.15853/click - {}
RESULT: {}
COMMAND: POST /session/700a0ab92761895b5ec9a5372f8d46fb/execute/async - {"script":"<script> [1562 bytes]","args":[{"selector":{"id":"application-managepartners-display-component---NewPartner--btnAddTableRow","interaction":{"idSuffix":"inner"}},"wdio_ui5_key":"applicationmanagepartners-display-component---NewPartner--btnAddTableRow"}]}
COMMAND: GET /session/700a0ab92761895b5ec9a5372f8d46fb/screenshot - {}
RESULT: {"script":"<script> [1562 bytes]","args":[{"selector":{"id":"application-managepartners-display-component---NewPartner--btnAddTableRow","interaction":{"idSuffix":"inner"}},"wdio_ui5_key":"applicationmanagepartners-display-component---NewPartner--btnAddTableRow"}]}
RESULT: undefined
COMMAND: POST /session/700a0ab92761895b5ec9a5372f8d46fb/element - {"using":"xpath","value":"//*[@id=\"application-managepartners-display-component---NewPartner--btnAddTableRow\"]"}
RESULT: {}
RESULT: {"using":"xpath","value":"//*[@id=\"application-managepartners-display-component---NewPartner--btnAddTableRow\"]"}
COMMAND: POST /session/700a0ab92761895b5ec9a5372f8d46fb/element/f.647512A71DDA687F9F591F39CAC5A62D.d.A37FB54D0C849C632E4B53996AD29288.e.15859/click - {}
RESULT: {}
COMMAND: POST /session/700a0ab92761895b5ec9a5372f8d46fb/element - {"using":"css selector","value":"#application-managepartners-display-component---NewPartner--assignmentYard-application-managepartners-display-component---NewPartner--assignmentsTable-0-inner"}
COMMAND: GET /session/700a0ab92761895b5ec9a5372f8d46fb/screenshot - {}
RESULT: {"using":"css selector","value":"#application-managepartners-display-component---NewPartner--assignmentYard-application-managepartners-display-component---NewPartner--assignmentsTable-0-inner"}
COMMAND: POST /session/700a0ab92761895b5ec9a5372f8d46fb/element/f.647512A71DDA687F9F591F39CAC5A62D.d.A37FB54D0C849C632E4B53996AD29288.e.15861/clear - {}
RESULT: {}
RESULT: {}
COMMAND: POST /session/700a0ab92761895b5ec9a5372f8d46fb/element/f.647512A71DDA687F9F591F39CAC5A62D.d.A37FB54D0C849C632E4B53996AD29288.e.15861/value - {"text":"797"}
COMMAND: GET /session/700a0ab92761895b5ec9a5372f8d46fb/screenshot - {}
RESULT: {"text":"797"}
COMMAND: POST /session/700a0ab92761895b5ec9a5372f8d46fb/execute/async - {"script":"<script> [1562 bytes]","args":[{"selector":{"id":"application-managepartners-display-component---NewPartner--assignmentYard-application-managepartners-display-component---NewPartner--assignmentsTable-0-arrow"},"wdio_ui5_key":"applicationmanagepartners-display-component---NewPartner--assignmentYard-application-managepartners-display-component---NewPartner--assignmentsTable-0-arrow"}]}
COMMAND: GET /session/700a0ab92761895b5ec9a5372f8d46fb/screenshot - {}
RESULT: {}
RESULT: {"script":"<script> [1562 bytes]","args":[{"selector":{"id":"application-managepartners-display-component---NewPartner--assignmentYard-application-managepartners-display-component---NewPartner--assignmentsTable-0-arrow"},"wdio_ui5_key":"applicationmanagepartners-display-component---NewPartner--assignmentYard-application-managepartners-display-component---NewPartner--assignmentsTable-0-arrow"}]}
RESULT: undefined
COMMAND: POST /session/700a0ab92761895b5ec9a5372f8d46fb/element - {"using":"xpath","value":"//*[@id=\"application-managepartners-display-component---NewPartner--assignmentYard-application-managepartners-display-component---NewPartner--assignmentsTable-0-arrow\"]"}
RESULT: {}
RESULT: {"using":"xpath","value":"//*[@id=\"application-managepartners-display-component---NewPartner--assignmentYard-application-managepartners-display-component---NewPartner--assignmentsTable-0-arrow\"]"}
COMMAND: POST /session/700a0ab92761895b5ec9a5372f8d46fb/element/f.647512A71DDA687F9F591F39CAC5A62D.d.A37FB54D0C849C632E4B53996AD29288.e.15869/click - {}
RESULT: {}
COMMAND: GET /session/700a0ab92761895b5ec9a5372f8d46fb/screenshot - {}
RESULT: {}
COMMAND: POST /session/700a0ab92761895b5ec9a5372f8d46fb/execute/async - {"script":"<script> [1562 bytes]","args":[{"selector":{"controlType":"sap.m.Button","viewName":"etm.portal.ui.managepartners.view.NewPartner","viewId":"application-managepartners-display-component---NewPartner","i18NText":{"propertyName":"text","key":"save"},"interaction":{"idSuffix":"BDI-content"}},"wdio_ui5_key":"etmportal.ui.managepartners.view.NewPartnersap.m.Button{\"propertyName\":\"text\",\"key\":\"save\"}"}]}
RESULT: {"script":"<script> [1562 bytes]","args":[{"selector":{"controlType":"sap.m.Button","viewName":"etm.portal.ui.managepartners.view.NewPartner","viewId":"application-managepartners-display-component---NewPartner","i18NText":{"propertyName":"text","key":"save"},"interaction":{"idSuffix":"BDI-content"}},"wdio_ui5_key":"etmportal.ui.managepartners.view.NewPartnersap.m.Button{\"propertyName\":\"text\",\"key\":\"save\"}"}]}
RESULT: undefined
COMMAND: POST /session/700a0ab92761895b5ec9a5372f8d46fb/element - {"using":"xpath","value":"//*[@id=\"__button127\"]"}
RESULT: {"using":"xpath","value":"//*[@id=\"__button127\"]"}
COMMAND: POST /session/700a0ab92761895b5ec9a5372f8d46fb/element/f.647512A71DDA687F9F591F39CAC5A62D.d.A37FB54D0C849C632E4B53996AD29288.e.15813/click - {}
RESULT: {}
COMMAND: GET /session/700a0ab92761895b5ec9a5372f8d46fb/screenshot - {}
RESULT: {}
COMMAND: POST /session/700a0ab92761895b5ec9a5372f8d46fb/execute/async - {"script":"<script> [1562 bytes]","args":[{"selector":{"controlType":"sap.m.Text","viewName":"etm.portal.ui.managepartners.view.Detail","viewId":"application-managepartners-display-component---detailPtm","bindingPath":{"propertyPath":"ID","modelName":"catalogModel"}},"wdio_ui5_key":"etmportal.ui.managepartners.view.Detailsap.m.Text{\"propertyPath\":\"ID\",\"modelName\":\"catalogModel\"}"}]}
RESULT: {"script":"<script> [1562 bytes]","args":[{"selector":{"controlType":"sap.m.Text","viewName":"etm.portal.ui.managepartners.view.Detail","viewId":"application-managepartners-display-component---detailPtm","bindingPath":{"propertyPath":"ID","modelName":"catalogModel"}},"wdio_ui5_key":"etmportal.ui.managepartners.view.Detailsap.m.Text{\"propertyPath\":\"ID\",\"modelName\":\"catalogModel\"}"}]}
RESULT: undefined
COMMAND: POST /session/700a0ab92761895b5ec9a5372f8d46fb/execute/async - {"script":"<script> [6424 bytes]","args":[{"element-6066-11e4-a52e-4f735466cecf":"f.647512A71DDA687F9F591F39CAC5A62D.d.A37FB54D0C849C632E4B53996AD29288.e.16031"},"getText",[]]}
RESULT: {"script":"<script> [6424 bytes]","args":[{"element-6066-11e4-a52e-4f735466cecf":"f.647512A71DDA687F9F591F39CAC5A62D.d.A37FB54D0C849C632E4B53996AD29288.e.16031"},"getText",[]]}
COMMAND: POST /session/700a0ab92761895b5ec9a5372f8d46fb/element - {"using":"css selector","value":"#shell-header-logo"}
RESULT: {"using":"css selector","value":"#shell-header-logo"}
COMMAND: POST /session/700a0ab92761895b5ec9a5372f8d46fb/element/f.647512A71DDA687F9F591F39CAC5A62D.d.A37FB54D0C849C632E4B53996AD29288.e.15364/click - {}
RESULT: {}
]]></system-out>
    </testcase>
    <testcase classname="chrome.135_0_7049_96.windows.Provide_to_Site_w/o_warehouse_management_w/_clarification_US116605" name="Should create a new WHM Material" time="90.948">
      <system-out><![CDATA[
COMMAND: POST /session/700a0ab92761895b5ec9a5372f8d46fb/execute/async - {"script":"<script> [1562 bytes]","args":[{"selector":{"controlType":"sap.m.GenericTile","properties":{"header":"Manage Resources"}},"wdio_ui5_key":"sapm.GenericTile{\"header\":\"Manage Resources\"}"}]}
COMMAND: GET /session/700a0ab92761895b5ec9a5372f8d46fb/screenshot - {}
RESULT: {"script":"<script> [1562 bytes]","args":[{"selector":{"controlType":"sap.m.GenericTile","properties":{"header":"Manage Resources"}},"wdio_ui5_key":"sapm.GenericTile{\"header\":\"Manage Resources\"}"}]}
RESULT: undefined
COMMAND: POST /session/700a0ab92761895b5ec9a5372f8d46fb/element - {"using":"xpath","value":"//*[@id=\"__tile39\"]"}
RESULT: {}
RESULT: {"using":"xpath","value":"//*[@id=\"__tile39\"]"}
COMMAND: POST /session/700a0ab92761895b5ec9a5372f8d46fb/element/f.647512A71DDA687F9F591F39CAC5A62D.d.A37FB54D0C849C632E4B53996AD29288.e.16033/click - {}
RESULT: {}
COMMAND: POST /session/700a0ab92761895b5ec9a5372f8d46fb/execute/async - {"script":"<script> [1562 bytes]","args":[{"selector":{"controlType":"sap.m.OverflowToolbarButton","viewName":"etm.portal.ui.manageresources.view.Master","viewId":"application-manageresources-display-component---masterRU","bindingPath":{"path":"","propertyPath":"/isLogbook","modelName":"minimumStockRPGModel"},"interaction":{"idSuffix":"inner"}},"wdio_ui5_key":"etmportal.ui.manageresources.view.Mastersap.m.OverflowToolbarButton{\"path\":\"\",\"propertyPath\":\"/isLogbook\",\"modelName\":\"minimumStockRPGModel\"}"}]}
COMMAND: GET /session/700a0ab92761895b5ec9a5372f8d46fb/screenshot - {}
RESULT: undefined
RESULT: undefined
RESULT: {"script":"<script> [1562 bytes]","args":[{"selector":{"controlType":"sap.m.OverflowToolbarButton","viewName":"etm.portal.ui.manageresources.view.Master","viewId":"application-manageresources-display-component---masterRU","bindingPath":{"path":"","propertyPath":"/isLogbook","modelName":"minimumStockRPGModel"},"interaction":{"idSuffix":"inner"}},"wdio_ui5_key":"etmportal.ui.manageresources.view.Mastersap.m.OverflowToolbarButton{\"path\":\"\",\"propertyPath\":\"/isLogbook\",\"modelName\":\"minimumStockRPGModel\"}"}]}
RESULT: undefined
COMMAND: POST /session/700a0ab92761895b5ec9a5372f8d46fb/element - {"using":"xpath","value":"//*[@id=\"__button168\"]"}
RESULT: {}
RESULT: {"using":"xpath","value":"//*[@id=\"__button168\"]"}
COMMAND: POST /session/700a0ab92761895b5ec9a5372f8d46fb/element/f.647512A71DDA687F9F591F39CAC5A62D.d.A37FB54D0C849C632E4B53996AD29288.e.16074/click - {}
RESULT: {}
COMMAND: GET /session/700a0ab92761895b5ec9a5372f8d46fb/screenshot - {}
RESULT: {}
COMMAND: POST /session/700a0ab92761895b5ec9a5372f8d46fb/execute/async - {"script":"<script> [1562 bytes]","args":[{"selector":{"id":"application-manageresources-display-component---newResourceUnit--TYPE-arrow"},"wdio_ui5_key":"applicationmanageresources-display-component---newResourceUnit--TYPE-arrow"}]}
RESULT: {"script":"<script> [1562 bytes]","args":[{"selector":{"id":"application-manageresources-display-component---newResourceUnit--TYPE-arrow"},"wdio_ui5_key":"applicationmanageresources-display-component---newResourceUnit--TYPE-arrow"}]}
RESULT: undefined
COMMAND: POST /session/700a0ab92761895b5ec9a5372f8d46fb/element - {"using":"xpath","value":"//*[@id=\"application-manageresources-display-component---newResourceUnit--TYPE-arrow\"]"}
RESULT: {"using":"xpath","value":"//*[@id=\"application-manageresources-display-component---newResourceUnit--TYPE-arrow\"]"}
COMMAND: POST /session/700a0ab92761895b5ec9a5372f8d46fb/element/f.647512A71DDA687F9F591F39CAC5A62D.d.A37FB54D0C849C632E4B53996AD29288.e.16375/click - {}
RESULT: {}
COMMAND: POST /session/700a0ab92761895b5ec9a5372f8d46fb/execute/async - {"script":"<script> [1562 bytes]","args":[{"selector":{"controlType":"sap.m.StandardListItem","viewName":"reusables.view.manageresources.NewResourceUnit","viewId":"application-manageresources-display-component---newResourceUnit","properties":{"title":"Material"},"searchOpenDialogs":true,"interaction":{"idSuffix":"content"}},"wdio_ui5_key":"reusablesview.manageresources.NewResourceUnitsap.m.StandardListItem{\"title\":\"Material\"}"}]}
COMMAND: GET /session/700a0ab92761895b5ec9a5372f8d46fb/screenshot - {}
RESULT: {"script":"<script> [1562 bytes]","args":[{"selector":{"controlType":"sap.m.StandardListItem","viewName":"reusables.view.manageresources.NewResourceUnit","viewId":"application-manageresources-display-component---newResourceUnit","properties":{"title":"Material"},"searchOpenDialogs":true,"interaction":{"idSuffix":"content"}},"wdio_ui5_key":"reusablesview.manageresources.NewResourceUnitsap.m.StandardListItem{\"title\":\"Material\"}"}]}
RESULT: undefined
COMMAND: POST /session/700a0ab92761895b5ec9a5372f8d46fb/element - {"using":"xpath","value":"//*[@id=\"__item1836\"]"}
RESULT: {}
RESULT: {"using":"xpath","value":"//*[@id=\"__item1836\"]"}
COMMAND: POST /session/700a0ab92761895b5ec9a5372f8d46fb/element/f.647512A71DDA687F9F591F39CAC5A62D.d.A37FB54D0C849C632E4B53996AD29288.e.16378/click - {}
RESULT: {}
COMMAND: POST /session/700a0ab92761895b5ec9a5372f8d46fb/execute/async - {"script":"<script> [1562 bytes]","args":[{"selector":{"id":"application-manageresources-display-component---newResourceUnit--resourceId","interaction":{"idSuffix":"inner"}},"wdio_ui5_key":"applicationmanageresources-display-component---newResourceUnit--resourceId"}]}
COMMAND: GET /session/700a0ab92761895b5ec9a5372f8d46fb/screenshot - {}
RESULT: {"script":"<script> [1562 bytes]","args":[{"selector":{"id":"application-manageresources-display-component---newResourceUnit--resourceId","interaction":{"idSuffix":"inner"}},"wdio_ui5_key":"applicationmanageresources-display-component---newResourceUnit--resourceId"}]}
RESULT: undefined
COMMAND: POST /session/700a0ab92761895b5ec9a5372f8d46fb/execute/async - {"script":"<script> [1562 bytes]","args":[{"selector":{"id":"application-manageresources-display-component---newResourceUnit--SHORT_TEXT","interaction":{"idSuffix":"inner"}},"wdio_ui5_key":"applicationmanageresources-display-component---newResourceUnit--SHORT_TEXT"}]}
RESULT: {}
RESULT: {"script":"<script> [1562 bytes]","args":[{"selector":{"id":"application-manageresources-display-component---newResourceUnit--SHORT_TEXT","interaction":{"idSuffix":"inner"}},"wdio_ui5_key":"applicationmanageresources-display-component---newResourceUnit--SHORT_TEXT"}]}
RESULT: undefined
COMMAND: POST /session/700a0ab92761895b5ec9a5372f8d46fb/execute/async - {"script":"<script> [776 bytes]","args":[{"enterText":"material WHM","selector":{"id":"application-manageresources-display-component---newResourceUnit--SHORT_TEXT","interaction":{"idSuffix":"inner"}},"clearTextFirst":true,"interactionType":"ENTER_TEXT"}]}
RESULT: {"script":"<script> [776 bytes]","args":[{"enterText":"material WHM","selector":{"id":"application-manageresources-display-component---newResourceUnit--SHORT_TEXT","interaction":{"idSuffix":"inner"}},"clearTextFirst":true,"interactionType":"ENTER_TEXT"}]}
COMMAND: POST /session/700a0ab92761895b5ec9a5372f8d46fb/execute/async - {"script":"<script> [1562 bytes]","args":[{"selector":{"id":"application-manageresources-display-component---newResourceUnit--BASE_UNIT_OF_MEASURE","interaction":{"idSuffix":"inner"}},"wdio_ui5_key":"applicationmanageresources-display-component---newResourceUnit--BASE_UNIT_OF_MEASURE"}]}
RESULT: {"script":"<script> [1562 bytes]","args":[{"selector":{"id":"application-manageresources-display-component---newResourceUnit--BASE_UNIT_OF_MEASURE","interaction":{"idSuffix":"inner"}},"wdio_ui5_key":"applicationmanageresources-display-component---newResourceUnit--BASE_UNIT_OF_MEASURE"}]}
RESULT: undefined
COMMAND: POST /session/700a0ab92761895b5ec9a5372f8d46fb/execute/async - {"script":"<script> [776 bytes]","args":[{"enterText":"Piece","selector":{"id":"application-manageresources-display-component---newResourceUnit--BASE_UNIT_OF_MEASURE","interaction":{"idSuffix":"inner"}},"clearTextFirst":true,"interactionType":"ENTER_TEXT"}]}
RESULT: {"script":"<script> [776 bytes]","args":[{"enterText":"Piece","selector":{"id":"application-manageresources-display-component---newResourceUnit--BASE_UNIT_OF_MEASURE","interaction":{"idSuffix":"inner"}},"clearTextFirst":true,"interactionType":"ENTER_TEXT"}]}
COMMAND: POST /session/700a0ab92761895b5ec9a5372f8d46fb/execute/async - {"script":"<script> [1562 bytes]","args":[{"selector":{"id":"application-manageresources-display-component---newResourceUnit--WEIGHT_UNIT","interaction":{"idSuffix":"inner"}},"wdio_ui5_key":"applicationmanageresources-display-component---newResourceUnit--WEIGHT_UNIT"}]}
RESULT: {"script":"<script> [1562 bytes]","args":[{"selector":{"id":"application-manageresources-display-component---newResourceUnit--WEIGHT_UNIT","interaction":{"idSuffix":"inner"}},"wdio_ui5_key":"applicationmanageresources-display-component---newResourceUnit--WEIGHT_UNIT"}]}
RESULT: undefined
COMMAND: POST /session/700a0ab92761895b5ec9a5372f8d46fb/execute/async - {"script":"<script> [776 bytes]","args":[{"enterText":"Gram","selector":{"id":"application-manageresources-display-component---newResourceUnit--WEIGHT_UNIT","interaction":{"idSuffix":"inner"}},"clearTextFirst":true,"interactionType":"ENTER_TEXT"}]}
RESULT: {"script":"<script> [776 bytes]","args":[{"enterText":"Gram","selector":{"id":"application-manageresources-display-component---newResourceUnit--WEIGHT_UNIT","interaction":{"idSuffix":"inner"}},"clearTextFirst":true,"interactionType":"ENTER_TEXT"}]}
COMMAND: POST /session/700a0ab92761895b5ec9a5372f8d46fb/execute/async - {"script":"<script> [1562 bytes]","args":[{"selector":{"id":"application-manageresources-display-component---newResourceUnit--DIMENSION_UNIT","interaction":{"idSuffix":"inner"}},"wdio_ui5_key":"applicationmanageresources-display-component---newResourceUnit--DIMENSION_UNIT"}]}
RESULT: {"script":"<script> [1562 bytes]","args":[{"selector":{"id":"application-manageresources-display-component---newResourceUnit--DIMENSION_UNIT","interaction":{"idSuffix":"inner"}},"wdio_ui5_key":"applicationmanageresources-display-component---newResourceUnit--DIMENSION_UNIT"}]}
RESULT: undefined
COMMAND: POST /session/700a0ab92761895b5ec9a5372f8d46fb/execute/async - {"script":"<script> [776 bytes]","args":[{"enterText":"Meter","selector":{"id":"application-manageresources-display-component---newResourceUnit--DIMENSION_UNIT","interaction":{"idSuffix":"inner"}},"clearTextFirst":true,"interactionType":"ENTER_TEXT"}]}
RESULT: {"script":"<script> [776 bytes]","args":[{"enterText":"Meter","selector":{"id":"application-manageresources-display-component---newResourceUnit--DIMENSION_UNIT","interaction":{"idSuffix":"inner"}},"clearTextFirst":true,"interactionType":"ENTER_TEXT"}]}
COMMAND: POST /session/700a0ab92761895b5ec9a5372f8d46fb/execute/async - {"script":"<script> [1562 bytes]","args":[{"selector":{"id":"application-manageresources-display-component---newResourceUnit--newRRUPage-anchBar-application-manageresources-display-component---newResourceUnit--control-anchor","interaction":{"idSuffix":"content"}},"wdio_ui5_key":"applicationmanageresources-display-component---newResourceUnit--newRRUPage-anchBar-application-manageresources-display-component---newResourceUnit--control-anchor"}]}
RESULT: {"script":"<script> [1562 bytes]","args":[{"selector":{"id":"application-manageresources-display-component---newResourceUnit--newRRUPage-anchBar-application-manageresources-display-component---newResourceUnit--control-anchor","interaction":{"idSuffix":"content"}},"wdio_ui5_key":"applicationmanageresources-display-component---newResourceUnit--newRRUPage-anchBar-application-manageresources-display-component---newResourceUnit--control-anchor"}]}
RESULT: undefined
COMMAND: POST /session/700a0ab92761895b5ec9a5372f8d46fb/element - {"using":"xpath","value":"//*[@id=\"application-manageresources-display-component---newResourceUnit--newRRUPage-anchBar-application-manageresources-display-component---newResourceUnit--control-anchor\"]"}
RESULT: {"using":"xpath","value":"//*[@id=\"application-manageresources-display-component---newResourceUnit--newRRUPage-anchBar-application-manageresources-display-component---newResourceUnit--control-anchor\"]"}
COMMAND: POST /session/700a0ab92761895b5ec9a5372f8d46fb/element/f.647512A71DDA687F9F591F39CAC5A62D.d.A37FB54D0C849C632E4B53996AD29288.e.16442/click - {}
RESULT: {}
COMMAND: POST /session/700a0ab92761895b5ec9a5372f8d46fb/execute/async - {"script":"<script> [1562 bytes]","args":[{"selector":{"id":"application-manageresources-display-component---newResourceUnit--PLANNING_GROUP","interaction":{"idSuffix":"inner"}},"wdio_ui5_key":"applicationmanageresources-display-component---newResourceUnit--PLANNING_GROUP"}]}
COMMAND: GET /session/700a0ab92761895b5ec9a5372f8d46fb/screenshot - {}
RESULT: {"script":"<script> [1562 bytes]","args":[{"selector":{"id":"application-manageresources-display-component---newResourceUnit--PLANNING_GROUP","interaction":{"idSuffix":"inner"}},"wdio_ui5_key":"applicationmanageresources-display-component---newResourceUnit--PLANNING_GROUP"}]}
RESULT: undefined
COMMAND: POST /session/700a0ab92761895b5ec9a5372f8d46fb/execute/async - {"script":"<script> [776 bytes]","args":[{"enterText":"Heavy Equi","selector":{"id":"application-manageresources-display-component---newResourceUnit--PLANNING_GROUP","interaction":{"idSuffix":"inner"}},"clearTextFirst":true,"interactionType":"ENTER_TEXT"}]}
RESULT: {}
RESULT: {"script":"<script> [776 bytes]","args":[{"enterText":"Heavy Equi","selector":{"id":"application-manageresources-display-component---newResourceUnit--PLANNING_GROUP","interaction":{"idSuffix":"inner"}},"clearTextFirst":true,"interactionType":"ENTER_TEXT"}]}
COMMAND: POST /session/700a0ab92761895b5ec9a5372f8d46fb/execute/async - {"script":"<script> [1562 bytes]","args":[{"selector":{"id":"application-manageresources-display-component---newResourceUnit--PLANNING_INDICATOR","interaction":{"idSuffix":"inner"}},"wdio_ui5_key":"applicationmanageresources-display-component---newResourceUnit--PLANNING_INDICATOR"}]}
RESULT: {"script":"<script> [1562 bytes]","args":[{"selector":{"id":"application-manageresources-display-component---newResourceUnit--PLANNING_INDICATOR","interaction":{"idSuffix":"inner"}},"wdio_ui5_key":"applicationmanageresources-display-component---newResourceUnit--PLANNING_INDICATOR"}]}
RESULT: undefined
COMMAND: POST /session/700a0ab92761895b5ec9a5372f8d46fb/execute/async - {"script":"<script> [776 bytes]","args":[{"enterText":"10 - infinite","selector":{"id":"application-manageresources-display-component---newResourceUnit--PLANNING_INDICATOR","interaction":{"idSuffix":"inner"}},"clearTextFirst":true,"interactionType":"ENTER_TEXT"}]}
RESULT: {"script":"<script> [776 bytes]","args":[{"enterText":"10 - infinite","selector":{"id":"application-manageresources-display-component---newResourceUnit--PLANNING_INDICATOR","interaction":{"idSuffix":"inner"}},"clearTextFirst":true,"interactionType":"ENTER_TEXT"}]}
COMMAND: POST /session/700a0ab92761895b5ec9a5372f8d46fb/actions - {"actions":[{"id":"action56","type":"key","parameters":{},"actions":[{"type":"keyDown","value":"î€‡"},{"type":"pause","duration":10},{"type":"keyUp","value":"î€‡"}]}]}
RESULT: {"actions":[{"id":"action56","type":"key","parameters":{},"actions":[{"type":"keyDown","value":"î€‡"},{"type":"pause","duration":10},{"type":"keyUp","value":"î€‡"}]}]}
COMMAND: POST /session/700a0ab92761895b5ec9a5372f8d46fb/execute/async - {"script":"<script> [1562 bytes]","args":[{"selector":{"id":"application-manageresources-display-component---newResourceUnit--ITEM_TYPE-arrow"},"wdio_ui5_key":"applicationmanageresources-display-component---newResourceUnit--ITEM_TYPE-arrow"}]}
COMMAND: GET /session/700a0ab92761895b5ec9a5372f8d46fb/screenshot - {}
RESULT: {"script":"<script> [1562 bytes]","args":[{"selector":{"id":"application-manageresources-display-component---newResourceUnit--ITEM_TYPE-arrow"},"wdio_ui5_key":"applicationmanageresources-display-component---newResourceUnit--ITEM_TYPE-arrow"}]}
RESULT: undefined
COMMAND: POST /session/700a0ab92761895b5ec9a5372f8d46fb/element - {"using":"xpath","value":"//*[@id=\"application-manageresources-display-component---newResourceUnit--ITEM_TYPE-arrow\"]"}
RESULT: {}
RESULT: {"using":"xpath","value":"//*[@id=\"application-manageresources-display-component---newResourceUnit--ITEM_TYPE-arrow\"]"}
COMMAND: POST /session/700a0ab92761895b5ec9a5372f8d46fb/element/f.647512A71DDA687F9F591F39CAC5A62D.d.A37FB54D0C849C632E4B53996AD29288.e.16452/click - {}
RESULT: {}
COMMAND: POST /session/700a0ab92761895b5ec9a5372f8d46fb/execute/async - {"script":"<script> [1562 bytes]","args":[{"selector":{"controlType":"sap.m.StandardListItem","viewName":"reusables.view.manageresources.NewResourceUnit","viewId":"application-manageresources-display-component---newResourceUnit","properties":{"title":"Resource Unit"},"searchOpenDialogs":true,"interaction":{"idSuffix":"titleText"}},"wdio_ui5_key":"reusablesview.manageresources.NewResourceUnitsap.m.StandardListItem{\"title\":\"Resource Unit\"}"}]}
COMMAND: GET /session/700a0ab92761895b5ec9a5372f8d46fb/screenshot - {}
RESULT: {"script":"<script> [1562 bytes]","args":[{"selector":{"controlType":"sap.m.StandardListItem","viewName":"reusables.view.manageresources.NewResourceUnit","viewId":"application-manageresources-display-component---newResourceUnit","properties":{"title":"Resource Unit"},"searchOpenDialogs":true,"interaction":{"idSuffix":"titleText"}},"wdio_ui5_key":"reusablesview.manageresources.NewResourceUnitsap.m.StandardListItem{\"title\":\"Resource Unit\"}"}]}
RESULT: undefined
RESULT: {}
COMMAND: POST /session/700a0ab92761895b5ec9a5372f8d46fb/execute/async - {"script":"<script> [1562 bytes]","args":[{"selector":{"controlType":"sap.m.Label","viewName":"reusables.view.manageresources.NewResourceUnit","viewId":"application-manageresources-display-component---newResourceUnit","i18NText":{"propertyName":"text","key":"planningGroup"},"interaction":{"idSuffix":"bdi"}},"wdio_ui5_key":"reusablesview.manageresources.NewResourceUnitsap.m.Label{\"propertyName\":\"text\",\"key\":\"planningGroup\"}"}]}
RESULT: {"script":"<script> [1562 bytes]","args":[{"selector":{"controlType":"sap.m.Label","viewName":"reusables.view.manageresources.NewResourceUnit","viewId":"application-manageresources-display-component---newResourceUnit","i18NText":{"propertyName":"text","key":"planningGroup"},"interaction":{"idSuffix":"bdi"}},"wdio_ui5_key":"reusablesview.manageresources.NewResourceUnitsap.m.Label{\"propertyName\":\"text\",\"key\":\"planningGroup\"}"}]}
RESULT: undefined
COMMAND: POST /session/700a0ab92761895b5ec9a5372f8d46fb/element - {"using":"xpath","value":"//*[@id=\"__label263\"]"}
RESULT: {"using":"xpath","value":"//*[@id=\"__label263\"]"}
COMMAND: POST /session/700a0ab92761895b5ec9a5372f8d46fb/element/f.647512A71DDA687F9F591F39CAC5A62D.d.A37FB54D0C849C632E4B53996AD29288.e.16454/click - {}
RESULT: {}
COMMAND: GET /session/700a0ab92761895b5ec9a5372f8d46fb/screenshot - {}
RESULT: {}
COMMAND: POST /session/700a0ab92761895b5ec9a5372f8d46fb/actions - {"actions":[{"type":"key","id":"keyboard","actions":[{"type":"keyDown","value":"î›"}]}]}
RESULT: {"actions":[{"type":"key","id":"keyboard","actions":[{"type":"keyDown","value":"î›"}]}]}
COMMAND: GET /session/700a0ab92761895b5ec9a5372f8d46fb/screenshot - {}
RESULT: {}
COMMAND: POST /session/700a0ab92761895b5ec9a5372f8d46fb/actions - {"actions":[{"type":"key","id":"keyboard","actions":[{"type":"keyDown","value":"î›"}]}]}
RESULT: {"actions":[{"type":"key","id":"keyboard","actions":[{"type":"keyDown","value":"î›"}]}]}
COMMAND: GET /session/700a0ab92761895b5ec9a5372f8d46fb/screenshot - {}
RESULT: {}
COMMAND: POST /session/700a0ab92761895b5ec9a5372f8d46fb/actions - {"actions":[{"type":"key","id":"keyboard","actions":[{"type":"keyDown","value":"î›"}]}]}
RESULT: {"actions":[{"type":"key","id":"keyboard","actions":[{"type":"keyDown","value":"î›"}]}]}
COMMAND: GET /session/700a0ab92761895b5ec9a5372f8d46fb/screenshot - {}
RESULT: {}
COMMAND: POST /session/700a0ab92761895b5ec9a5372f8d46fb/actions - {"actions":[{"type":"key","id":"keyboard","actions":[{"type":"keyDown","value":"î›"}]}]}
RESULT: {"actions":[{"type":"key","id":"keyboard","actions":[{"type":"keyDown","value":"î›"}]}]}
COMMAND: GET /session/700a0ab92761895b5ec9a5372f8d46fb/screenshot - {}
RESULT: {}
COMMAND: POST /session/700a0ab92761895b5ec9a5372f8d46fb/actions - {"actions":[{"type":"key","id":"keyboard","actions":[{"type":"keyDown","value":"î›"}]}]}
RESULT: {"actions":[{"type":"key","id":"keyboard","actions":[{"type":"keyDown","value":"î›"}]}]}
COMMAND: GET /session/700a0ab92761895b5ec9a5372f8d46fb/screenshot - {}
RESULT: {}
COMMAND: POST /session/700a0ab92761895b5ec9a5372f8d46fb/actions - {"actions":[{"type":"key","id":"keyboard","actions":[{"type":"keyDown","value":"î›"}]}]}
RESULT: {"actions":[{"type":"key","id":"keyboard","actions":[{"type":"keyDown","value":"î›"}]}]}
COMMAND: GET /session/700a0ab92761895b5ec9a5372f8d46fb/screenshot - {}
RESULT: {}
COMMAND: POST /session/700a0ab92761895b5ec9a5372f8d46fb/execute/async - {"script":"<script> [1562 bytes]","args":[{"selector":{"id":"application-manageresources-display-component---newResourceUnit--btnAddTimeSegment-img"},"wdio_ui5_key":"applicationmanageresources-display-component---newResourceUnit--btnAddTimeSegment-img"}]}
RESULT: {"script":"<script> [1562 bytes]","args":[{"selector":{"id":"application-manageresources-display-component---newResourceUnit--btnAddTimeSegment-img"},"wdio_ui5_key":"applicationmanageresources-display-component---newResourceUnit--btnAddTimeSegment-img"}]}
RESULT: undefined
COMMAND: POST /session/700a0ab92761895b5ec9a5372f8d46fb/element - {"using":"xpath","value":"//*[@id=\"application-manageresources-display-component---newResourceUnit--btnAddTimeSegment-img\"]"}
RESULT: {"using":"xpath","value":"//*[@id=\"application-manageresources-display-component---newResourceUnit--btnAddTimeSegment-img\"]"}
COMMAND: POST /session/700a0ab92761895b5ec9a5372f8d46fb/element/f.647512A71DDA687F9F591F39CAC5A62D.d.A37FB54D0C849C632E4B53996AD29288.e.16455/click - {}
RESULT: {}
COMMAND: POST /session/700a0ab92761895b5ec9a5372f8d46fb/element - {"using":"xpath","value":"//input[@id=\"application-manageresources-display-component---newResourceUnit--idRuTSAdmin-application-manageresources-display-component---newResourceUnit--RUTimeSegment-0-inner\"]"}
COMMAND: GET /session/700a0ab92761895b5ec9a5372f8d46fb/screenshot - {}
RESULT: {"using":"xpath","value":"//input[@id=\"application-manageresources-display-component---newResourceUnit--idRuTSAdmin-application-manageresources-display-component---newResourceUnit--RUTimeSegment-0-inner\"]"}
COMMAND: POST /session/700a0ab92761895b5ec9a5372f8d46fb/element/f.647512A71DDA687F9F591F39CAC5A62D.d.A37FB54D0C849C632E4B53996AD29288.e.16458/clear - {}
RESULT: {}
RESULT: {}
COMMAND: POST /session/700a0ab92761895b5ec9a5372f8d46fb/element/f.647512A71DDA687F9F591F39CAC5A62D.d.A37FB54D0C849C632E4B53996AD29288.e.16458/value - {"text":"797"}
COMMAND: GET /session/700a0ab92761895b5ec9a5372f8d46fb/screenshot - {}
RESULT: {"text":"797"}
COMMAND: GET /session/700a0ab92761895b5ec9a5372f8d46fb/screenshot - {}
RESULT: {}
RESULT: {}
COMMAND: POST /session/700a0ab92761895b5ec9a5372f8d46fb/actions - {"actions":[{"id":"action57","type":"key","parameters":{},"actions":[{"type":"keyDown","value":"î€‡"},{"type":"pause","duration":10},{"type":"keyUp","value":"î€‡"}]}]}
RESULT: {"actions":[{"id":"action57","type":"key","parameters":{},"actions":[{"type":"keyDown","value":"î€‡"},{"type":"pause","duration":10},{"type":"keyUp","value":"î€‡"}]}]}
COMMAND: GET /session/700a0ab92761895b5ec9a5372f8d46fb/screenshot - {}
RESULT: {}
COMMAND: POST /session/700a0ab92761895b5ec9a5372f8d46fb/execute/async - {"script":"<script> [1562 bytes]","args":[{"selector":{"controlType":"sap.m.Button","viewName":"reusables.view.manageresources.NewResourceUnit","viewId":"application-manageresources-display-component---newResourceUnit","i18NText":{"propertyName":"tooltip","key":"save"},"interaction":{"idSuffix":"BDI-content"}},"wdio_ui5_key":"reusablesview.manageresources.NewResourceUnitsap.m.Button{\"propertyName\":\"tooltip\",\"key\":\"save\"}"}]}
RESULT: {"script":"<script> [1562 bytes]","args":[{"selector":{"controlType":"sap.m.Button","viewName":"reusables.view.manageresources.NewResourceUnit","viewId":"application-manageresources-display-component---newResourceUnit","i18NText":{"propertyName":"tooltip","key":"save"},"interaction":{"idSuffix":"BDI-content"}},"wdio_ui5_key":"reusablesview.manageresources.NewResourceUnitsap.m.Button{\"propertyName\":\"tooltip\",\"key\":\"save\"}"}]}
RESULT: undefined
COMMAND: POST /session/700a0ab92761895b5ec9a5372f8d46fb/element - {"using":"xpath","value":"//*[@id=\"application-manageresources-display-component---newResourceUnit--createRuButton\"]"}
RESULT: {"using":"xpath","value":"//*[@id=\"application-manageresources-display-component---newResourceUnit--createRuButton\"]"}
COMMAND: POST /session/700a0ab92761895b5ec9a5372f8d46fb/element/f.647512A71DDA687F9F591F39CAC5A62D.d.A37FB54D0C849C632E4B53996AD29288.e.16391/click - {}
RESULT: {}
COMMAND: POST /session/700a0ab92761895b5ec9a5372f8d46fb/execute/async - {"script":"<script> [1562 bytes]","args":[{"selector":{"controlType":"sap.m.Button","properties":{"text":"Close"},"searchOpenDialogs":true,"interaction":{"idSuffix":"BDI-content"}},"wdio_ui5_key":"sapm.Button{\"text\":\"Close\"}"}]}
COMMAND: GET /session/700a0ab92761895b5ec9a5372f8d46fb/screenshot - {}
RESULT: {"script":"<script> [1562 bytes]","args":[{"selector":{"controlType":"sap.m.Button","properties":{"text":"Close"},"searchOpenDialogs":true,"interaction":{"idSuffix":"BDI-content"}},"wdio_ui5_key":"sapm.Button{\"text\":\"Close\"}"}]}
RESULT: undefined
COMMAND: POST /session/700a0ab92761895b5ec9a5372f8d46fb/element - {"using":"xpath","value":"//*[@id=\"__mbox-btn-0\"]"}
RESULT: {}
RESULT: {"using":"xpath","value":"//*[@id=\"__mbox-btn-0\"]"}
COMMAND: POST /session/700a0ab92761895b5ec9a5372f8d46fb/element/f.647512A71DDA687F9F591F39CAC5A62D.d.A37FB54D0C849C632E4B53996AD29288.e.16472/click - {}
RESULT: {}
COMMAND: GET /session/700a0ab92761895b5ec9a5372f8d46fb/screenshot - {}
RESULT: {}
COMMAND: POST /session/700a0ab92761895b5ec9a5372f8d46fb/execute/async - {"script":"<script> [1562 bytes]","args":[{"selector":{"controlType":"sap.m.Text","viewName":"etm.portal.ui.manageresources.view.Detail","viewId":"application-manageresources-display-component---detailRU","bindingPath":{"propertyPath":"ID","modelName":"catalogModel"}},"wdio_ui5_key":"etmportal.ui.manageresources.view.Detailsap.m.Text{\"propertyPath\":\"ID\",\"modelName\":\"catalogModel\"}"}]}
RESULT: {"script":"<script> [1562 bytes]","args":[{"selector":{"controlType":"sap.m.Text","viewName":"etm.portal.ui.manageresources.view.Detail","viewId":"application-manageresources-display-component---detailRU","bindingPath":{"propertyPath":"ID","modelName":"catalogModel"}},"wdio_ui5_key":"etmportal.ui.manageresources.view.Detailsap.m.Text{\"propertyPath\":\"ID\",\"modelName\":\"catalogModel\"}"}]}
RESULT: undefined
COMMAND: POST /session/700a0ab92761895b5ec9a5372f8d46fb/execute/async - {"script":"<script> [6424 bytes]","args":[{"element-6066-11e4-a52e-4f735466cecf":"f.647512A71DDA687F9F591F39CAC5A62D.d.A37FB54D0C849C632E4B53996AD29288.e.16504"},"getText",[]]}
RESULT: {"script":"<script> [6424 bytes]","args":[{"element-6066-11e4-a52e-4f735466cecf":"f.647512A71DDA687F9F591F39CAC5A62D.d.A37FB54D0C849C632E4B53996AD29288.e.16504"},"getText",[]]}
COMMAND: POST /session/700a0ab92761895b5ec9a5372f8d46fb/element - {"using":"css selector","value":"#shell-header-logo"}
RESULT: {"using":"css selector","value":"#shell-header-logo"}
COMMAND: POST /session/700a0ab92761895b5ec9a5372f8d46fb/element/f.647512A71DDA687F9F591F39CAC5A62D.d.A37FB54D0C849C632E4B53996AD29288.e.16035/click - {}
RESULT: {}
COMMAND: GET /session/700a0ab92761895b5ec9a5372f8d46fb/screenshot - {}
RESULT: {}
]]></system-out>
    </testcase>
  </testsuite>
  <testsuite timestamp="2025-04-24T17:07:01" time="862.943" tests="6" failures="0" errors="0" skipped="0">
    <properties>
      <property name="specId" value="0" />
      <property name="suiteName" value="Provide to Site w/o warehouse management w clarification" />
      <property name="capabilities" value="chrome.135_0_7049_96.windows" />
      <property name="file" value="file:///D:/a/1/s/test/specs/HTR/provide-to-site-wo-warehouse-w-clarification.spec.js" />
    </properties>
    <testcase classname="chrome.135_0_7049_96.windows.Provide_to_Site_w/o_warehouse_management_w_clarification" name="Should do a stock increase handover" time="179.138">
      <system-out><![CDATA[
COMMAND: POST /session/700a0ab92761895b5ec9a5372f8d46fb/execute/async - {"script":"<script> [1562 bytes]","args":[{"selector":{"controlType":"sap.m.GenericTile","properties":{"header":"Manage Handovers"}},"wdio_ui5_key":"sapm.GenericTile{\"header\":\"Manage Handovers\"}"}]}
RESULT: {"script":"<script> [1562 bytes]","args":[{"selector":{"controlType":"sap.m.GenericTile","properties":{"header":"Manage Handovers"}},"wdio_ui5_key":"sapm.GenericTile{\"header\":\"Manage Handovers\"}"}]}
RESULT: undefined
COMMAND: POST /session/700a0ab92761895b5ec9a5372f8d46fb/element - {"using":"xpath","value":"//*[@id=\"__tile132\"]"}
RESULT: {"using":"xpath","value":"//*[@id=\"__tile132\"]"}
COMMAND: POST /session/700a0ab92761895b5ec9a5372f8d46fb/element/f.647512A71DDA687F9F591F39CAC5A62D.d.A37FB54D0C849C632E4B53996AD29288.e.16506/click - {}
RESULT: {}
COMMAND: GET /session/700a0ab92761895b5ec9a5372f8d46fb/screenshot - {}
COMMAND: POST /session/700a0ab92761895b5ec9a5372f8d46fb/element - {"using":"xpath","value":"//button[(@data-kt = 'masterHOAddButton')]"}
RESULT: {}
RESULT: {"using":"xpath","value":"//button[(@data-kt = 'masterHOAddButton')]"}
COMMAND: POST /session/700a0ab92761895b5ec9a5372f8d46fb/element/f.647512A71DDA687F9F591F39CAC5A62D.d.A37FB54D0C849C632E4B53996AD29288.e.16536/click - {}
RESULT: {}
COMMAND: POST /session/700a0ab92761895b5ec9a5372f8d46fb/element - {"using":"css selector","value":"span[id=\"application-managehandovers-display-component---AddNewHO--typeSelect-label\"]"}
COMMAND: GET /session/700a0ab92761895b5ec9a5372f8d46fb/screenshot - {}
RESULT: {"using":"css selector","value":"span[id=\"application-managehandovers-display-component---AddNewHO--typeSelect-label\"]"}
COMMAND: POST /session/700a0ab92761895b5ec9a5372f8d46fb/elements - {"using":"css selector","value":"span[id=\"application-managehandovers-display-component---AddNewHO--typeSelect-label\"]"}
RESULT: {}
RESULT: {"using":"css selector","value":"span[id=\"application-managehandovers-display-component---AddNewHO--typeSelect-label\"]"}
COMMAND: POST /session/700a0ab92761895b5ec9a5372f8d46fb/element - {"using":"css selector","value":"span[id=\"application-managehandovers-display-component---AddNewHO--typeSelect-label\"]"}
RESULT: {"using":"css selector","value":"span[id=\"application-managehandovers-display-component---AddNewHO--typeSelect-label\"]"}
COMMAND: POST /session/700a0ab92761895b5ec9a5372f8d46fb/element/f.647512A71DDA687F9F591F39CAC5A62D.d.A37FB54D0C849C632E4B53996AD29288.e.16833/click - {}
RESULT: {}
COMMAND: POST /session/700a0ab92761895b5ec9a5372f8d46fb/element - {"using":"css selector","value":"#application-managehandovers-display-component---AddNewHO--oneStep-CB"}
COMMAND: GET /session/700a0ab92761895b5ec9a5372f8d46fb/screenshot - {}
RESULT: {"using":"css selector","value":"#application-managehandovers-display-component---AddNewHO--oneStep-CB"}
COMMAND: GET /session/700a0ab92761895b5ec9a5372f8d46fb/element/f.647512A71DDA687F9F591F39CAC5A62D.d.A37FB54D0C849C632E4B53996AD29288.e.16783/selected - {}
RESULT: {}
RESULT: {}
COMMAND: POST /session/700a0ab92761895b5ec9a5372f8d46fb/element - {"using":"xpath","value":"//li[contains(text(), \"stock increase yard\")]"}
COMMAND: GET /session/700a0ab92761895b5ec9a5372f8d46fb/screenshot - {}
RESULT: {"using":"xpath","value":"//li[contains(text(), \"stock increase yard\")]"}
COMMAND: POST /session/700a0ab92761895b5ec9a5372f8d46fb/element/f.647512A71DDA687F9F591F39CAC5A62D.d.A37FB54D0C849C632E4B53996AD29288.e.16834/click - {}
RESULT: {}
RESULT: {}
COMMAND: GET /session/700a0ab92761895b5ec9a5372f8d46fb/screenshot - {}
RESULT: {}
COMMAND: POST /session/700a0ab92761895b5ec9a5372f8d46fb/element - {"using":"css selector","value":"input[id=\"generalSectionFrg--receiveYard-inner\"]"}
RESULT: {"using":"css selector","value":"input[id=\"generalSectionFrg--receiveYard-inner\"]"}
COMMAND: POST /session/700a0ab92761895b5ec9a5372f8d46fb/element/f.647512A71DDA687F9F591F39CAC5A62D.d.A37FB54D0C849C632E4B53996AD29288.e.16844/clear - {}
RESULT: {}
COMMAND: POST /session/700a0ab92761895b5ec9a5372f8d46fb/element/f.647512A71DDA687F9F591F39CAC5A62D.d.A37FB54D0C849C632E4B53996AD29288.e.16844/value - {"text":"797"}
COMMAND: GET /session/700a0ab92761895b5ec9a5372f8d46fb/screenshot - {}
RESULT: {"text":"797"}
COMMAND: GET /session/700a0ab92761895b5ec9a5372f8d46fb/screenshot - {}
RESULT: {}
RESULT: {}
COMMAND: POST /session/700a0ab92761895b5ec9a5372f8d46fb/element - {"using":"css selector","value":"#application-managehandovers-display-component---AddNewHO--dueDate-inner"}
RESULT: {"using":"css selector","value":"#application-managehandovers-display-component---AddNewHO--dueDate-inner"}
COMMAND: POST /session/700a0ab92761895b5ec9a5372f8d46fb/element/f.647512A71DDA687F9F591F39CAC5A62D.d.A37FB54D0C849C632E4B53996AD29288.e.16838/clear - {}
RESULT: {}
COMMAND: POST /session/700a0ab92761895b5ec9a5372f8d46fb/element/f.647512A71DDA687F9F591F39CAC5A62D.d.A37FB54D0C849C632E4B53996AD29288.e.16838/value - {"text":"4/24/25"}
COMMAND: GET /session/700a0ab92761895b5ec9a5372f8d46fb/screenshot - {}
RESULT: {"text":"4/24/25"}
COMMAND: GET /session/700a0ab92761895b5ec9a5372f8d46fb/screenshot - {}
RESULT: {}
RESULT: {}
COMMAND: POST /session/700a0ab92761895b5ec9a5372f8d46fb/element - {"using":"xpath","value":"//bdi[(text() = 'Items' or . = 'Items')]"}
RESULT: {"using":"xpath","value":"//bdi[(text() = 'Items' or . = 'Items')]"}
COMMAND: POST /session/700a0ab92761895b5ec9a5372f8d46fb/element/f.647512A71DDA687F9F591F39CAC5A62D.d.A37FB54D0C849C632E4B53996AD29288.e.16859/click - {}
RESULT: {}
COMMAND: GET /session/700a0ab92761895b5ec9a5372f8d46fb/screenshot - {}
RESULT: {}
COMMAND: POST /session/700a0ab92761895b5ec9a5372f8d46fb/element - {"using":"xpath","value":"//button[@aria-label=\"Add\"]"}
RESULT: {"using":"xpath","value":"//button[@aria-label=\"Add\"]"}
COMMAND: POST /session/700a0ab92761895b5ec9a5372f8d46fb/element/f.647512A71DDA687F9F591F39CAC5A62D.d.A37FB54D0C849C632E4B53996AD29288.e.16864/click - {}
RESULT: {}
COMMAND: GET /session/700a0ab92761895b5ec9a5372f8d46fb/screenshot - {}
RESULT: {}
COMMAND: POST /session/700a0ab92761895b5ec9a5372f8d46fb/element - {"using":"css selector","value":"input[id= \"application-managehandovers-display-component---AddNewHO--smartFilterBar-btnBasicSearch-I\"]"}
RESULT: {"using":"css selector","value":"input[id= \"application-managehandovers-display-component---AddNewHO--smartFilterBar-btnBasicSearch-I\"]"}
COMMAND: POST /session/700a0ab92761895b5ec9a5372f8d46fb/element/f.647512A71DDA687F9F591F39CAC5A62D.d.A37FB54D0C849C632E4B53996AD29288.e.16867/clear - {}
RESULT: {}
COMMAND: POST /session/700a0ab92761895b5ec9a5372f8d46fb/element/f.647512A71DDA687F9F591F39CAC5A62D.d.A37FB54D0C849C632E4B53996AD29288.e.16867/value - {"text":"200521"}
COMMAND: GET /session/700a0ab92761895b5ec9a5372f8d46fb/screenshot - {}
RESULT: {"text":"200521"}
COMMAND: POST /session/700a0ab92761895b5ec9a5372f8d46fb/actions - {"actions":[{"id":"action58","type":"key","parameters":{},"actions":[{"type":"keyDown","value":"î€‡"},{"type":"pause","duration":10},{"type":"keyUp","value":"î€‡"}]}]}
COMMAND: GET /session/700a0ab92761895b5ec9a5372f8d46fb/screenshot - {}
RESULT: {}
RESULT: {"actions":[{"id":"action58","type":"key","parameters":{},"actions":[{"type":"keyDown","value":"î€‡"},{"type":"pause","duration":10},{"type":"keyUp","value":"î€‡"}]}]}
COMMAND: POST /session/700a0ab92761895b5ec9a5372f8d46fb/element - {"using":"css selector","value":"div[id= \"application-managehandovers-display-component---AddNewHO--smartFilterBar-btnBasicSearch-search\"]"}
COMMAND: GET /session/700a0ab92761895b5ec9a5372f8d46fb/screenshot - {}
RESULT: {}
RESULT: {"using":"css selector","value":"div[id= \"application-managehandovers-display-component---AddNewHO--smartFilterBar-btnBasicSearch-search\"]"}
COMMAND: POST /session/700a0ab92761895b5ec9a5372f8d46fb/element/f.647512A71DDA687F9F591F39CAC5A62D.d.A37FB54D0C849C632E4B53996AD29288.e.17015/click - {}
RESULT: {}
RESULT: {}
COMMAND: GET /session/700a0ab92761895b5ec9a5372f8d46fb/screenshot - {}
COMMAND: POST /session/700a0ab92761895b5ec9a5372f8d46fb/element - {"using":"css selector","value":"div[id= \"application-managehandovers-display-component---AddNewHO--popup-sa-CbBg\"]"}
RESULT: {}
RESULT: {"using":"css selector","value":"div[id= \"application-managehandovers-display-component---AddNewHO--popup-sa-CbBg\"]"}
COMMAND: POST /session/700a0ab92761895b5ec9a5372f8d46fb/element/f.647512A71DDA687F9F591F39CAC5A62D.d.A37FB54D0C849C632E4B53996AD29288.e.17016/click - {}
RESULT: {}
COMMAND: GET /session/700a0ab92761895b5ec9a5372f8d46fb/screenshot - {}
RESULT: {}
COMMAND: POST /session/700a0ab92761895b5ec9a5372f8d46fb/element - {"using":"xpath","value":"//bdi[(text() = 'Select' or . = 'Select')]"}
RESULT: {"using":"xpath","value":"//bdi[(text() = 'Select' or . = 'Select')]"}
COMMAND: POST /session/700a0ab92761895b5ec9a5372f8d46fb/element/f.647512A71DDA687F9F591F39CAC5A62D.d.A37FB54D0C849C632E4B53996AD29288.e.17017/click - {}
RESULT: {}
COMMAND: GET /session/700a0ab92761895b5ec9a5372f8d46fb/screenshot - {}
RESULT: {}
COMMAND: POST /session/700a0ab92761895b5ec9a5372f8d46fb/execute/async - {"script":"<script> [1562 bytes]","args":[{"selector":{"controlType":"sap.m.Input","viewName":"etm.portal.ui.managehandovers.view.AddNewHO","viewId":"application-managehandovers-display-component---AddNewHO","bindingPath":{"path":"/items/0","propertyPath":"TYPE","modelName":"hoItemsModel"},"interaction":{"idSuffix":"inner"}},"wdio_ui5_key":"etmportal.ui.managehandovers.view.AddNewHOsap.m.Input{\"path\":\"/items/0\",\"propertyPath\":\"TYPE\",\"modelName\":\"hoItemsModel\"}"}]}
RESULT: {"script":"<script> [1562 bytes]","args":[{"selector":{"controlType":"sap.m.Input","viewName":"etm.portal.ui.managehandovers.view.AddNewHO","viewId":"application-managehandovers-display-component---AddNewHO","bindingPath":{"path":"/items/0","propertyPath":"TYPE","modelName":"hoItemsModel"},"interaction":{"idSuffix":"inner"}},"wdio_ui5_key":"etmportal.ui.managehandovers.view.AddNewHOsap.m.Input{\"path\":\"/items/0\",\"propertyPath\":\"TYPE\",\"modelName\":\"hoItemsModel\"}"}]}
RESULT: undefined
COMMAND: POST /session/700a0ab92761895b5ec9a5372f8d46fb/execute/async - {"script":"<script> [776 bytes]","args":[{"enterText":"100","selector":{"controlType":"sap.m.Input","viewName":"etm.portal.ui.managehandovers.view.AddNewHO","viewId":"application-managehandovers-display-component---AddNewHO","bindingPath":{"path":"/items/0","propertyPath":"TYPE","modelName":"hoItemsModel"},"interaction":{"idSuffix":"inner"}},"clearTextFirst":true,"interactionType":"ENTER_TEXT"}]}
RESULT: {"script":"<script> [776 bytes]","args":[{"enterText":"100","selector":{"controlType":"sap.m.Input","viewName":"etm.portal.ui.managehandovers.view.AddNewHO","viewId":"application-managehandovers-display-component---AddNewHO","bindingPath":{"path":"/items/0","propertyPath":"TYPE","modelName":"hoItemsModel"},"interaction":{"idSuffix":"inner"}},"clearTextFirst":true,"interactionType":"ENTER_TEXT"}]}
COMMAND: POST /session/700a0ab92761895b5ec9a5372f8d46fb/element - {"using":"xpath","value":"//bdi[(text() = 'Save' or . = 'Save')]"}
RESULT: {"using":"xpath","value":"//bdi[(text() = 'Save' or . = 'Save')]"}
COMMAND: POST /session/700a0ab92761895b5ec9a5372f8d46fb/element/f.647512A71DDA687F9F591F39CAC5A62D.d.A37FB54D0C849C632E4B53996AD29288.e.17022/click - {}
RESULT: {}
COMMAND: GET /session/700a0ab92761895b5ec9a5372f8d46fb/screenshot - {}
RESULT: {}
COMMAND: POST /session/700a0ab92761895b5ec9a5372f8d46fb/element - {"using":"xpath","value":"//input[contains(@id ,\"receiptDatePicker-inner\")]"}
RESULT: {"using":"xpath","value":"//input[contains(@id ,\"receiptDatePicker-inner\")]"}
COMMAND: POST /session/700a0ab92761895b5ec9a5372f8d46fb/element/f.647512A71DDA687F9F591F39CAC5A62D.d.A37FB54D0C849C632E4B53996AD29288.e.17050/click - {}
RESULT: {}
COMMAND: POST /session/700a0ab92761895b5ec9a5372f8d46fb/element - {"using":"xpath","value":"//input[contains(@id ,\"receiptDatePicker-inner\")]"}
COMMAND: GET /session/700a0ab92761895b5ec9a5372f8d46fb/screenshot - {}
RESULT: {"using":"xpath","value":"//input[contains(@id ,\"receiptDatePicker-inner\")]"}
COMMAND: POST /session/700a0ab92761895b5ec9a5372f8d46fb/element/f.647512A71DDA687F9F591F39CAC5A62D.d.A37FB54D0C849C632E4B53996AD29288.e.17050/clear - {}
RESULT: {}
RESULT: {}
COMMAND: POST /session/700a0ab92761895b5ec9a5372f8d46fb/element/f.647512A71DDA687F9F591F39CAC5A62D.d.A37FB54D0C849C632E4B53996AD29288.e.17050/value - {"text":"4/24/25"}
COMMAND: GET /session/700a0ab92761895b5ec9a5372f8d46fb/screenshot - {}
RESULT: {"text":"4/24/25"}
COMMAND: GET /session/700a0ab92761895b5ec9a5372f8d46fb/screenshot - {}
RESULT: {}
RESULT: {}
COMMAND: POST /session/700a0ab92761895b5ec9a5372f8d46fb/element - {"using":"xpath","value":"//bdi[text()='Save']"}
RESULT: {"using":"xpath","value":"//bdi[text()='Save']"}
COMMAND: GET /session/700a0ab92761895b5ec9a5372f8d46fb/element/f.647512A71DDA687F9F591F39CAC5A62D.d.A37FB54D0C849C632E4B53996AD29288.e.17022/enabled - {}
RESULT: {}
COMMAND: POST /session/700a0ab92761895b5ec9a5372f8d46fb/execute/sync - {"script":"<script> [8489 bytes]","args":[{"element-6066-11e4-a52e-4f735466cecf":"f.647512A71DDA687F9F591F39CAC5A62D.d.A37FB54D0C849C632E4B53996AD29288.e.17022","ELEMENT":"f.647512A71DDA687F9F591F39CAC5A62D.d.A37FB54D0C849C632E4B53996AD29288.e.17022"}]}
COMMAND: GET /session/700a0ab92761895b5ec9a5372f8d46fb/screenshot - {}
RESULT: {"script":"<script> [8489 bytes]","args":[{"element-6066-11e4-a52e-4f735466cecf":"f.647512A71DDA687F9F591F39CAC5A62D.d.A37FB54D0C849C632E4B53996AD29288.e.17022","ELEMENT":"f.647512A71DDA687F9F591F39CAC5A62D.d.A37FB54D0C849C632E4B53996AD29288.e.17022"}]}
COMMAND: GET /session/700a0ab92761895b5ec9a5372f8d46fb/screenshot - {}
RESULT: {}
COMMAND: POST /session/700a0ab92761895b5ec9a5372f8d46fb/execute/sync - {"script":"<script> [8489 bytes]","args":[{"element-6066-11e4-a52e-4f735466cecf":"f.647512A71DDA687F9F591F39CAC5A62D.d.A37FB54D0C849C632E4B53996AD29288.e.17022","ELEMENT":"f.647512A71DDA687F9F591F39CAC5A62D.d.A37FB54D0C849C632E4B53996AD29288.e.17022"}]}
RESULT: {}
RESULT: {"script":"<script> [8489 bytes]","args":[{"element-6066-11e4-a52e-4f735466cecf":"f.647512A71DDA687F9F591F39CAC5A62D.d.A37FB54D0C849C632E4B53996AD29288.e.17022","ELEMENT":"f.647512A71DDA687F9F591F39CAC5A62D.d.A37FB54D0C849C632E4B53996AD29288.e.17022"}]}
COMMAND: GET /session/700a0ab92761895b5ec9a5372f8d46fb/screenshot - {}
RESULT: {}
COMMAND: POST /session/700a0ab92761895b5ec9a5372f8d46fb/execute/sync - {"script":"<script> [8489 bytes]","args":[{"element-6066-11e4-a52e-4f735466cecf":"f.647512A71DDA687F9F591F39CAC5A62D.d.A37FB54D0C849C632E4B53996AD29288.e.17022","ELEMENT":"f.647512A71DDA687F9F591F39CAC5A62D.d.A37FB54D0C849C632E4B53996AD29288.e.17022"}]}
RESULT: {"script":"<script> [8489 bytes]","args":[{"element-6066-11e4-a52e-4f735466cecf":"f.647512A71DDA687F9F591F39CAC5A62D.d.A37FB54D0C849C632E4B53996AD29288.e.17022","ELEMENT":"f.647512A71DDA687F9F591F39CAC5A62D.d.A37FB54D0C849C632E4B53996AD29288.e.17022"}]}
COMMAND: GET /session/700a0ab92761895b5ec9a5372f8d46fb/screenshot - {}
RESULT: {}
COMMAND: POST /session/700a0ab92761895b5ec9a5372f8d46fb/execute/sync - {"script":"<script> [8489 bytes]","args":[{"element-6066-11e4-a52e-4f735466cecf":"f.647512A71DDA687F9F591F39CAC5A62D.d.A37FB54D0C849C632E4B53996AD29288.e.17022","ELEMENT":"f.647512A71DDA687F9F591F39CAC5A62D.d.A37FB54D0C849C632E4B53996AD29288.e.17022"}]}
RESULT: {"script":"<script> [8489 bytes]","args":[{"element-6066-11e4-a52e-4f735466cecf":"f.647512A71DDA687F9F591F39CAC5A62D.d.A37FB54D0C849C632E4B53996AD29288.e.17022","ELEMENT":"f.647512A71DDA687F9F591F39CAC5A62D.d.A37FB54D0C849C632E4B53996AD29288.e.17022"}]}
COMMAND: GET /session/700a0ab92761895b5ec9a5372f8d46fb/screenshot - {}
RESULT: {}
COMMAND: POST /session/700a0ab92761895b5ec9a5372f8d46fb/execute/sync - {"script":"<script> [8489 bytes]","args":[{"element-6066-11e4-a52e-4f735466cecf":"f.647512A71DDA687F9F591F39CAC5A62D.d.A37FB54D0C849C632E4B53996AD29288.e.17022","ELEMENT":"f.647512A71DDA687F9F591F39CAC5A62D.d.A37FB54D0C849C632E4B53996AD29288.e.17022"}]}
RESULT: {"script":"<script> [8489 bytes]","args":[{"element-6066-11e4-a52e-4f735466cecf":"f.647512A71DDA687F9F591F39CAC5A62D.d.A37FB54D0C849C632E4B53996AD29288.e.17022","ELEMENT":"f.647512A71DDA687F9F591F39CAC5A62D.d.A37FB54D0C849C632E4B53996AD29288.e.17022"}]}
COMMAND: GET /session/700a0ab92761895b5ec9a5372f8d46fb/screenshot - {}
RESULT: {}
COMMAND: POST /session/700a0ab92761895b5ec9a5372f8d46fb/execute/sync - {"script":"<script> [8489 bytes]","args":[{"element-6066-11e4-a52e-4f735466cecf":"f.647512A71DDA687F9F591F39CAC5A62D.d.A37FB54D0C849C632E4B53996AD29288.e.17022","ELEMENT":"f.647512A71DDA687F9F591F39CAC5A62D.d.A37FB54D0C849C632E4B53996AD29288.e.17022"}]}
RESULT: {"script":"<script> [8489 bytes]","args":[{"element-6066-11e4-a52e-4f735466cecf":"f.647512A71DDA687F9F591F39CAC5A62D.d.A37FB54D0C849C632E4B53996AD29288.e.17022","ELEMENT":"f.647512A71DDA687F9F591F39CAC5A62D.d.A37FB54D0C849C632E4B53996AD29288.e.17022"}]}
COMMAND: GET /session/700a0ab92761895b5ec9a5372f8d46fb/screenshot - {}
RESULT: {}
COMMAND: POST /session/700a0ab92761895b5ec9a5372f8d46fb/execute/sync - {"script":"<script> [8489 bytes]","args":[{"element-6066-11e4-a52e-4f735466cecf":"f.647512A71DDA687F9F591F39CAC5A62D.d.A37FB54D0C849C632E4B53996AD29288.e.17022","ELEMENT":"f.647512A71DDA687F9F591F39CAC5A62D.d.A37FB54D0C849C632E4B53996AD29288.e.17022"}]}
RESULT: {"script":"<script> [8489 bytes]","args":[{"element-6066-11e4-a52e-4f735466cecf":"f.647512A71DDA687F9F591F39CAC5A62D.d.A37FB54D0C849C632E4B53996AD29288.e.17022","ELEMENT":"f.647512A71DDA687F9F591F39CAC5A62D.d.A37FB54D0C849C632E4B53996AD29288.e.17022"}]}
COMMAND: GET /session/700a0ab92761895b5ec9a5372f8d46fb/screenshot - {}
RESULT: {}
COMMAND: POST /session/700a0ab92761895b5ec9a5372f8d46fb/execute/sync - {"script":"<script> [8489 bytes]","args":[{"element-6066-11e4-a52e-4f735466cecf":"f.647512A71DDA687F9F591F39CAC5A62D.d.A37FB54D0C849C632E4B53996AD29288.e.17022","ELEMENT":"f.647512A71DDA687F9F591F39CAC5A62D.d.A37FB54D0C849C632E4B53996AD29288.e.17022"}]}
RESULT: {"script":"<script> [8489 bytes]","args":[{"element-6066-11e4-a52e-4f735466cecf":"f.647512A71DDA687F9F591F39CAC5A62D.d.A37FB54D0C849C632E4B53996AD29288.e.17022","ELEMENT":"f.647512A71DDA687F9F591F39CAC5A62D.d.A37FB54D0C849C632E4B53996AD29288.e.17022"}]}
COMMAND: GET /session/700a0ab92761895b5ec9a5372f8d46fb/screenshot - {}
RESULT: {}
COMMAND: POST /session/700a0ab92761895b5ec9a5372f8d46fb/execute/sync - {"script":"<script> [8489 bytes]","args":[{"element-6066-11e4-a52e-4f735466cecf":"f.647512A71DDA687F9F591F39CAC5A62D.d.A37FB54D0C849C632E4B53996AD29288.e.17022","ELEMENT":"f.647512A71DDA687F9F591F39CAC5A62D.d.A37FB54D0C849C632E4B53996AD29288.e.17022"}]}
RESULT: {"script":"<script> [8489 bytes]","args":[{"element-6066-11e4-a52e-4f735466cecf":"f.647512A71DDA687F9F591F39CAC5A62D.d.A37FB54D0C849C632E4B53996AD29288.e.17022","ELEMENT":"f.647512A71DDA687F9F591F39CAC5A62D.d.A37FB54D0C849C632E4B53996AD29288.e.17022"}]}
COMMAND: GET /session/700a0ab92761895b5ec9a5372f8d46fb/screenshot - {}
RESULT: {}
COMMAND: POST /session/700a0ab92761895b5ec9a5372f8d46fb/execute/sync - {"script":"<script> [8489 bytes]","args":[{"element-6066-11e4-a52e-4f735466cecf":"f.647512A71DDA687F9F591F39CAC5A62D.d.A37FB54D0C849C632E4B53996AD29288.e.17022","ELEMENT":"f.647512A71DDA687F9F591F39CAC5A62D.d.A37FB54D0C849C632E4B53996AD29288.e.17022"}]}
RESULT: {"script":"<script> [8489 bytes]","args":[{"element-6066-11e4-a52e-4f735466cecf":"f.647512A71DDA687F9F591F39CAC5A62D.d.A37FB54D0C849C632E4B53996AD29288.e.17022","ELEMENT":"f.647512A71DDA687F9F591F39CAC5A62D.d.A37FB54D0C849C632E4B53996AD29288.e.17022"}]}
COMMAND: GET /session/700a0ab92761895b5ec9a5372f8d46fb/screenshot - {}
RESULT: {}
COMMAND: POST /session/700a0ab92761895b5ec9a5372f8d46fb/execute/sync - {"script":"<script> [8489 bytes]","args":[{"element-6066-11e4-a52e-4f735466cecf":"f.647512A71DDA687F9F591F39CAC5A62D.d.A37FB54D0C849C632E4B53996AD29288.e.17022","ELEMENT":"f.647512A71DDA687F9F591F39CAC5A62D.d.A37FB54D0C849C632E4B53996AD29288.e.17022"}]}
RESULT: {"script":"<script> [8489 bytes]","args":[{"element-6066-11e4-a52e-4f735466cecf":"f.647512A71DDA687F9F591F39CAC5A62D.d.A37FB54D0C849C632E4B53996AD29288.e.17022","ELEMENT":"f.647512A71DDA687F9F591F39CAC5A62D.d.A37FB54D0C849C632E4B53996AD29288.e.17022"}]}
COMMAND: GET /session/700a0ab92761895b5ec9a5372f8d46fb/screenshot - {}
RESULT: {}
COMMAND: POST /session/700a0ab92761895b5ec9a5372f8d46fb/execute/sync - {"script":"<script> [8489 bytes]","args":[{"element-6066-11e4-a52e-4f735466cecf":"f.647512A71DDA687F9F591F39CAC5A62D.d.A37FB54D0C849C632E4B53996AD29288.e.17022","ELEMENT":"f.647512A71DDA687F9F591F39CAC5A62D.d.A37FB54D0C849C632E4B53996AD29288.e.17022"}]}
RESULT: {"script":"<script> [8489 bytes]","args":[{"element-6066-11e4-a52e-4f735466cecf":"f.647512A71DDA687F9F591F39CAC5A62D.d.A37FB54D0C849C632E4B53996AD29288.e.17022","ELEMENT":"f.647512A71DDA687F9F591F39CAC5A62D.d.A37FB54D0C849C632E4B53996AD29288.e.17022"}]}
COMMAND: GET /session/700a0ab92761895b5ec9a5372f8d46fb/screenshot - {}
RESULT: {}
COMMAND: POST /session/700a0ab92761895b5ec9a5372f8d46fb/execute/sync - {"script":"<script> [8489 bytes]","args":[{"element-6066-11e4-a52e-4f735466cecf":"f.647512A71DDA687F9F591F39CAC5A62D.d.A37FB54D0C849C632E4B53996AD29288.e.17022","ELEMENT":"f.647512A71DDA687F9F591F39CAC5A62D.d.A37FB54D0C849C632E4B53996AD29288.e.17022"}]}
RESULT: {"script":"<script> [8489 bytes]","args":[{"element-6066-11e4-a52e-4f735466cecf":"f.647512A71DDA687F9F591F39CAC5A62D.d.A37FB54D0C849C632E4B53996AD29288.e.17022","ELEMENT":"f.647512A71DDA687F9F591F39CAC5A62D.d.A37FB54D0C849C632E4B53996AD29288.e.17022"}]}
COMMAND: GET /session/700a0ab92761895b5ec9a5372f8d46fb/screenshot - {}
RESULT: {}
COMMAND: POST /session/700a0ab92761895b5ec9a5372f8d46fb/execute/sync - {"script":"<script> [8489 bytes]","args":[{"element-6066-11e4-a52e-4f735466cecf":"f.647512A71DDA687F9F591F39CAC5A62D.d.A37FB54D0C849C632E4B53996AD29288.e.17022","ELEMENT":"f.647512A71DDA687F9F591F39CAC5A62D.d.A37FB54D0C849C632E4B53996AD29288.e.17022"}]}
RESULT: {"script":"<script> [8489 bytes]","args":[{"element-6066-11e4-a52e-4f735466cecf":"f.647512A71DDA687F9F591F39CAC5A62D.d.A37FB54D0C849C632E4B53996AD29288.e.17022","ELEMENT":"f.647512A71DDA687F9F591F39CAC5A62D.d.A37FB54D0C849C632E4B53996AD29288.e.17022"}]}
COMMAND: GET /session/700a0ab92761895b5ec9a5372f8d46fb/screenshot - {}
RESULT: {}
COMMAND: POST /session/700a0ab92761895b5ec9a5372f8d46fb/execute/sync - {"script":"<script> [8489 bytes]","args":[{"element-6066-11e4-a52e-4f735466cecf":"f.647512A71DDA687F9F591F39CAC5A62D.d.A37FB54D0C849C632E4B53996AD29288.e.17022","ELEMENT":"f.647512A71DDA687F9F591F39CAC5A62D.d.A37FB54D0C849C632E4B53996AD29288.e.17022"}]}
RESULT: {"script":"<script> [8489 bytes]","args":[{"element-6066-11e4-a52e-4f735466cecf":"f.647512A71DDA687F9F591F39CAC5A62D.d.A37FB54D0C849C632E4B53996AD29288.e.17022","ELEMENT":"f.647512A71DDA687F9F591F39CAC5A62D.d.A37FB54D0C849C632E4B53996AD29288.e.17022"}]}
COMMAND: GET /session/700a0ab92761895b5ec9a5372f8d46fb/screenshot - {}
RESULT: {}
COMMAND: POST /session/700a0ab92761895b5ec9a5372f8d46fb/execute/sync - {"script":"<script> [8489 bytes]","args":[{"element-6066-11e4-a52e-4f735466cecf":"f.647512A71DDA687F9F591F39CAC5A62D.d.A37FB54D0C849C632E4B53996AD29288.e.17022","ELEMENT":"f.647512A71DDA687F9F591F39CAC5A62D.d.A37FB54D0C849C632E4B53996AD29288.e.17022"}]}
RESULT: {"script":"<script> [8489 bytes]","args":[{"element-6066-11e4-a52e-4f735466cecf":"f.647512A71DDA687F9F591F39CAC5A62D.d.A37FB54D0C849C632E4B53996AD29288.e.17022","ELEMENT":"f.647512A71DDA687F9F591F39CAC5A62D.d.A37FB54D0C849C632E4B53996AD29288.e.17022"}]}
COMMAND: GET /session/700a0ab92761895b5ec9a5372f8d46fb/screenshot - {}
RESULT: {}
COMMAND: POST /session/700a0ab92761895b5ec9a5372f8d46fb/execute/sync - {"script":"<script> [8489 bytes]","args":[{"element-6066-11e4-a52e-4f735466cecf":"f.647512A71DDA687F9F591F39CAC5A62D.d.A37FB54D0C849C632E4B53996AD29288.e.17022","ELEMENT":"f.647512A71DDA687F9F591F39CAC5A62D.d.A37FB54D0C849C632E4B53996AD29288.e.17022"}]}
RESULT: {"script":"<script> [8489 bytes]","args":[{"element-6066-11e4-a52e-4f735466cecf":"f.647512A71DDA687F9F591F39CAC5A62D.d.A37FB54D0C849C632E4B53996AD29288.e.17022","ELEMENT":"f.647512A71DDA687F9F591F39CAC5A62D.d.A37FB54D0C849C632E4B53996AD29288.e.17022"}]}
COMMAND: GET /session/700a0ab92761895b5ec9a5372f8d46fb/screenshot - {}
RESULT: {}
COMMAND: POST /session/700a0ab92761895b5ec9a5372f8d46fb/execute/sync - {"script":"<script> [8489 bytes]","args":[{"element-6066-11e4-a52e-4f735466cecf":"f.647512A71DDA687F9F591F39CAC5A62D.d.A37FB54D0C849C632E4B53996AD29288.e.17022","ELEMENT":"f.647512A71DDA687F9F591F39CAC5A62D.d.A37FB54D0C849C632E4B53996AD29288.e.17022"}]}
RESULT: {"script":"<script> [8489 bytes]","args":[{"element-6066-11e4-a52e-4f735466cecf":"f.647512A71DDA687F9F591F39CAC5A62D.d.A37FB54D0C849C632E4B53996AD29288.e.17022","ELEMENT":"f.647512A71DDA687F9F591F39CAC5A62D.d.A37FB54D0C849C632E4B53996AD29288.e.17022"}]}
COMMAND: GET /session/700a0ab92761895b5ec9a5372f8d46fb/screenshot - {}
RESULT: {}
COMMAND: POST /session/700a0ab92761895b5ec9a5372f8d46fb/execute/sync - {"script":"<script> [8489 bytes]","args":[{"element-6066-11e4-a52e-4f735466cecf":"f.647512A71DDA687F9F591F39CAC5A62D.d.A37FB54D0C849C632E4B53996AD29288.e.17022","ELEMENT":"f.647512A71DDA687F9F591F39CAC5A62D.d.A37FB54D0C849C632E4B53996AD29288.e.17022"}]}
RESULT: {"script":"<script> [8489 bytes]","args":[{"element-6066-11e4-a52e-4f735466cecf":"f.647512A71DDA687F9F591F39CAC5A62D.d.A37FB54D0C849C632E4B53996AD29288.e.17022","ELEMENT":"f.647512A71DDA687F9F591F39CAC5A62D.d.A37FB54D0C849C632E4B53996AD29288.e.17022"}]}
COMMAND: GET /session/700a0ab92761895b5ec9a5372f8d46fb/screenshot - {}
RESULT: {}
COMMAND: POST /session/700a0ab92761895b5ec9a5372f8d46fb/execute/sync - {"script":"<script> [8489 bytes]","args":[{"element-6066-11e4-a52e-4f735466cecf":"f.647512A71DDA687F9F591F39CAC5A62D.d.A37FB54D0C849C632E4B53996AD29288.e.17022","ELEMENT":"f.647512A71DDA687F9F591F39CAC5A62D.d.A37FB54D0C849C632E4B53996AD29288.e.17022"}]}
RESULT: {"script":"<script> [8489 bytes]","args":[{"element-6066-11e4-a52e-4f735466cecf":"f.647512A71DDA687F9F591F39CAC5A62D.d.A37FB54D0C849C632E4B53996AD29288.e.17022","ELEMENT":"f.647512A71DDA687F9F591F39CAC5A62D.d.A37FB54D0C849C632E4B53996AD29288.e.17022"}]}
COMMAND: GET /session/700a0ab92761895b5ec9a5372f8d46fb/screenshot - {}
RESULT: {}
COMMAND: POST /session/700a0ab92761895b5ec9a5372f8d46fb/execute/sync - {"script":"<script> [8489 bytes]","args":[{"element-6066-11e4-a52e-4f735466cecf":"f.647512A71DDA687F9F591F39CAC5A62D.d.A37FB54D0C849C632E4B53996AD29288.e.17022","ELEMENT":"f.647512A71DDA687F9F591F39CAC5A62D.d.A37FB54D0C849C632E4B53996AD29288.e.17022"}]}
RESULT: {"script":"<script> [8489 bytes]","args":[{"element-6066-11e4-a52e-4f735466cecf":"f.647512A71DDA687F9F591F39CAC5A62D.d.A37FB54D0C849C632E4B53996AD29288.e.17022","ELEMENT":"f.647512A71DDA687F9F591F39CAC5A62D.d.A37FB54D0C849C632E4B53996AD29288.e.17022"}]}
COMMAND: GET /session/700a0ab92761895b5ec9a5372f8d46fb/screenshot - {}
RESULT: {}
COMMAND: POST /session/700a0ab92761895b5ec9a5372f8d46fb/execute/sync - {"script":"<script> [8489 bytes]","args":[{"element-6066-11e4-a52e-4f735466cecf":"f.647512A71DDA687F9F591F39CAC5A62D.d.A37FB54D0C849C632E4B53996AD29288.e.17022","ELEMENT":"f.647512A71DDA687F9F591F39CAC5A62D.d.A37FB54D0C849C632E4B53996AD29288.e.17022"}]}
RESULT: {"script":"<script> [8489 bytes]","args":[{"element-6066-11e4-a52e-4f735466cecf":"f.647512A71DDA687F9F591F39CAC5A62D.d.A37FB54D0C849C632E4B53996AD29288.e.17022","ELEMENT":"f.647512A71DDA687F9F591F39CAC5A62D.d.A37FB54D0C849C632E4B53996AD29288.e.17022"}]}
COMMAND: GET /session/700a0ab92761895b5ec9a5372f8d46fb/screenshot - {}
RESULT: {}
COMMAND: POST /session/700a0ab92761895b5ec9a5372f8d46fb/execute/sync - {"script":"<script> [8489 bytes]","args":[{"element-6066-11e4-a52e-4f735466cecf":"f.647512A71DDA687F9F591F39CAC5A62D.d.A37FB54D0C849C632E4B53996AD29288.e.17022","ELEMENT":"f.647512A71DDA687F9F591F39CAC5A62D.d.A37FB54D0C849C632E4B53996AD29288.e.17022"}]}
RESULT: {"script":"<script> [8489 bytes]","args":[{"element-6066-11e4-a52e-4f735466cecf":"f.647512A71DDA687F9F591F39CAC5A62D.d.A37FB54D0C849C632E4B53996AD29288.e.17022","ELEMENT":"f.647512A71DDA687F9F591F39CAC5A62D.d.A37FB54D0C849C632E4B53996AD29288.e.17022"}]}
COMMAND: GET /session/700a0ab92761895b5ec9a5372f8d46fb/screenshot - {}
RESULT: {}
COMMAND: POST /session/700a0ab92761895b5ec9a5372f8d46fb/execute/sync - {"script":"<script> [8489 bytes]","args":[{"element-6066-11e4-a52e-4f735466cecf":"f.647512A71DDA687F9F591F39CAC5A62D.d.A37FB54D0C849C632E4B53996AD29288.e.17022","ELEMENT":"f.647512A71DDA687F9F591F39CAC5A62D.d.A37FB54D0C849C632E4B53996AD29288.e.17022"}]}
RESULT: {"script":"<script> [8489 bytes]","args":[{"element-6066-11e4-a52e-4f735466cecf":"f.647512A71DDA687F9F591F39CAC5A62D.d.A37FB54D0C849C632E4B53996AD29288.e.17022","ELEMENT":"f.647512A71DDA687F9F591F39CAC5A62D.d.A37FB54D0C849C632E4B53996AD29288.e.17022"}]}
COMMAND: GET /session/700a0ab92761895b5ec9a5372f8d46fb/screenshot - {}
RESULT: {}
COMMAND: POST /session/700a0ab92761895b5ec9a5372f8d46fb/execute/sync - {"script":"<script> [8489 bytes]","args":[{"element-6066-11e4-a52e-4f735466cecf":"f.647512A71DDA687F9F591F39CAC5A62D.d.A37FB54D0C849C632E4B53996AD29288.e.17022","ELEMENT":"f.647512A71DDA687F9F591F39CAC5A62D.d.A37FB54D0C849C632E4B53996AD29288.e.17022"}]}
RESULT: {"script":"<script> [8489 bytes]","args":[{"element-6066-11e4-a52e-4f735466cecf":"f.647512A71DDA687F9F591F39CAC5A62D.d.A37FB54D0C849C632E4B53996AD29288.e.17022","ELEMENT":"f.647512A71DDA687F9F591F39CAC5A62D.d.A37FB54D0C849C632E4B53996AD29288.e.17022"}]}
COMMAND: GET /session/700a0ab92761895b5ec9a5372f8d46fb/screenshot - {}
RESULT: {}
COMMAND: POST /session/700a0ab92761895b5ec9a5372f8d46fb/execute/sync - {"script":"<script> [8489 bytes]","args":[{"element-6066-11e4-a52e-4f735466cecf":"f.647512A71DDA687F9F591F39CAC5A62D.d.A37FB54D0C849C632E4B53996AD29288.e.17022","ELEMENT":"f.647512A71DDA687F9F591F39CAC5A62D.d.A37FB54D0C849C632E4B53996AD29288.e.17022"}]}
RESULT: {"script":"<script> [8489 bytes]","args":[{"element-6066-11e4-a52e-4f735466cecf":"f.647512A71DDA687F9F591F39CAC5A62D.d.A37FB54D0C849C632E4B53996AD29288.e.17022","ELEMENT":"f.647512A71DDA687F9F591F39CAC5A62D.d.A37FB54D0C849C632E4B53996AD29288.e.17022"}]}
COMMAND: GET /session/700a0ab92761895b5ec9a5372f8d46fb/screenshot - {}
RESULT: {}
COMMAND: POST /session/700a0ab92761895b5ec9a5372f8d46fb/execute/sync - {"script":"<script> [8489 bytes]","args":[{"element-6066-11e4-a52e-4f735466cecf":"f.647512A71DDA687F9F591F39CAC5A62D.d.A37FB54D0C849C632E4B53996AD29288.e.17022","ELEMENT":"f.647512A71DDA687F9F591F39CAC5A62D.d.A37FB54D0C849C632E4B53996AD29288.e.17022"}]}
RESULT: {"script":"<script> [8489 bytes]","args":[{"element-6066-11e4-a52e-4f735466cecf":"f.647512A71DDA687F9F591F39CAC5A62D.d.A37FB54D0C849C632E4B53996AD29288.e.17022","ELEMENT":"f.647512A71DDA687F9F591F39CAC5A62D.d.A37FB54D0C849C632E4B53996AD29288.e.17022"}]}
COMMAND: GET /session/700a0ab92761895b5ec9a5372f8d46fb/screenshot - {}
RESULT: {}
COMMAND: POST /session/700a0ab92761895b5ec9a5372f8d46fb/execute/sync - {"script":"<script> [8489 bytes]","args":[{"element-6066-11e4-a52e-4f735466cecf":"f.647512A71DDA687F9F591F39CAC5A62D.d.A37FB54D0C849C632E4B53996AD29288.e.17022","ELEMENT":"f.647512A71DDA687F9F591F39CAC5A62D.d.A37FB54D0C849C632E4B53996AD29288.e.17022"}]}
RESULT: {"script":"<script> [8489 bytes]","args":[{"element-6066-11e4-a52e-4f735466cecf":"f.647512A71DDA687F9F591F39CAC5A62D.d.A37FB54D0C849C632E4B53996AD29288.e.17022","ELEMENT":"f.647512A71DDA687F9F591F39CAC5A62D.d.A37FB54D0C849C632E4B53996AD29288.e.17022"}]}
COMMAND: GET /session/700a0ab92761895b5ec9a5372f8d46fb/screenshot - {}
RESULT: {}
COMMAND: POST /session/700a0ab92761895b5ec9a5372f8d46fb/execute/sync - {"script":"<script> [8489 bytes]","args":[{"element-6066-11e4-a52e-4f735466cecf":"f.647512A71DDA687F9F591F39CAC5A62D.d.A37FB54D0C849C632E4B53996AD29288.e.17022","ELEMENT":"f.647512A71DDA687F9F591F39CAC5A62D.d.A37FB54D0C849C632E4B53996AD29288.e.17022"}]}
RESULT: {"script":"<script> [8489 bytes]","args":[{"element-6066-11e4-a52e-4f735466cecf":"f.647512A71DDA687F9F591F39CAC5A62D.d.A37FB54D0C849C632E4B53996AD29288.e.17022","ELEMENT":"f.647512A71DDA687F9F591F39CAC5A62D.d.A37FB54D0C849C632E4B53996AD29288.e.17022"}]}
COMMAND: GET /session/700a0ab92761895b5ec9a5372f8d46fb/screenshot - {}
RESULT: {}
COMMAND: POST /session/700a0ab92761895b5ec9a5372f8d46fb/execute/sync - {"script":"<script> [8489 bytes]","args":[{"element-6066-11e4-a52e-4f735466cecf":"f.647512A71DDA687F9F591F39CAC5A62D.d.A37FB54D0C849C632E4B53996AD29288.e.17022","ELEMENT":"f.647512A71DDA687F9F591F39CAC5A62D.d.A37FB54D0C849C632E4B53996AD29288.e.17022"}]}
RESULT: {"script":"<script> [8489 bytes]","args":[{"element-6066-11e4-a52e-4f735466cecf":"f.647512A71DDA687F9F591F39CAC5A62D.d.A37FB54D0C849C632E4B53996AD29288.e.17022","ELEMENT":"f.647512A71DDA687F9F591F39CAC5A62D.d.A37FB54D0C849C632E4B53996AD29288.e.17022"}]}
COMMAND: GET /session/700a0ab92761895b5ec9a5372f8d46fb/screenshot - {}
RESULT: {}
COMMAND: POST /session/700a0ab92761895b5ec9a5372f8d46fb/execute/sync - {"script":"<script> [8489 bytes]","args":[{"element-6066-11e4-a52e-4f735466cecf":"f.647512A71DDA687F9F591F39CAC5A62D.d.A37FB54D0C849C632E4B53996AD29288.e.17022","ELEMENT":"f.647512A71DDA687F9F591F39CAC5A62D.d.A37FB54D0C849C632E4B53996AD29288.e.17022"}]}
RESULT: {"script":"<script> [8489 bytes]","args":[{"element-6066-11e4-a52e-4f735466cecf":"f.647512A71DDA687F9F591F39CAC5A62D.d.A37FB54D0C849C632E4B53996AD29288.e.17022","ELEMENT":"f.647512A71DDA687F9F591F39CAC5A62D.d.A37FB54D0C849C632E4B53996AD29288.e.17022"}]}
COMMAND: GET /session/700a0ab92761895b5ec9a5372f8d46fb/screenshot - {}
RESULT: {}
COMMAND: POST /session/700a0ab92761895b5ec9a5372f8d46fb/execute/sync - {"script":"<script> [8489 bytes]","args":[{"element-6066-11e4-a52e-4f735466cecf":"f.647512A71DDA687F9F591F39CAC5A62D.d.A37FB54D0C849C632E4B53996AD29288.e.17022","ELEMENT":"f.647512A71DDA687F9F591F39CAC5A62D.d.A37FB54D0C849C632E4B53996AD29288.e.17022"}]}
RESULT: {"script":"<script> [8489 bytes]","args":[{"element-6066-11e4-a52e-4f735466cecf":"f.647512A71DDA687F9F591F39CAC5A62D.d.A37FB54D0C849C632E4B53996AD29288.e.17022","ELEMENT":"f.647512A71DDA687F9F591F39CAC5A62D.d.A37FB54D0C849C632E4B53996AD29288.e.17022"}]}
COMMAND: GET /session/700a0ab92761895b5ec9a5372f8d46fb/screenshot - {}
RESULT: {}
COMMAND: POST /session/700a0ab92761895b5ec9a5372f8d46fb/execute/sync - {"script":"<script> [8489 bytes]","args":[{"element-6066-11e4-a52e-4f735466cecf":"f.647512A71DDA687F9F591F39CAC5A62D.d.A37FB54D0C849C632E4B53996AD29288.e.17022","ELEMENT":"f.647512A71DDA687F9F591F39CAC5A62D.d.A37FB54D0C849C632E4B53996AD29288.e.17022"}]}
RESULT: {"script":"<script> [8489 bytes]","args":[{"element-6066-11e4-a52e-4f735466cecf":"f.647512A71DDA687F9F591F39CAC5A62D.d.A37FB54D0C849C632E4B53996AD29288.e.17022","ELEMENT":"f.647512A71DDA687F9F591F39CAC5A62D.d.A37FB54D0C849C632E4B53996AD29288.e.17022"}]}
COMMAND: GET /session/700a0ab92761895b5ec9a5372f8d46fb/screenshot - {}
RESULT: {}
COMMAND: POST /session/700a0ab92761895b5ec9a5372f8d46fb/execute/sync - {"script":"<script> [8489 bytes]","args":[{"element-6066-11e4-a52e-4f735466cecf":"f.647512A71DDA687F9F591F39CAC5A62D.d.A37FB54D0C849C632E4B53996AD29288.e.17022","ELEMENT":"f.647512A71DDA687F9F591F39CAC5A62D.d.A37FB54D0C849C632E4B53996AD29288.e.17022"}]}
RESULT: {"script":"<script> [8489 bytes]","args":[{"element-6066-11e4-a52e-4f735466cecf":"f.647512A71DDA687F9F591F39CAC5A62D.d.A37FB54D0C849C632E4B53996AD29288.e.17022","ELEMENT":"f.647512A71DDA687F9F591F39CAC5A62D.d.A37FB54D0C849C632E4B53996AD29288.e.17022"}]}
COMMAND: GET /session/700a0ab92761895b5ec9a5372f8d46fb/screenshot - {}
RESULT: {}
COMMAND: POST /session/700a0ab92761895b5ec9a5372f8d46fb/execute/sync - {"script":"<script> [8489 bytes]","args":[{"element-6066-11e4-a52e-4f735466cecf":"f.647512A71DDA687F9F591F39CAC5A62D.d.A37FB54D0C849C632E4B53996AD29288.e.17022","ELEMENT":"f.647512A71DDA687F9F591F39CAC5A62D.d.A37FB54D0C849C632E4B53996AD29288.e.17022"}]}
RESULT: {"script":"<script> [8489 bytes]","args":[{"element-6066-11e4-a52e-4f735466cecf":"f.647512A71DDA687F9F591F39CAC5A62D.d.A37FB54D0C849C632E4B53996AD29288.e.17022","ELEMENT":"f.647512A71DDA687F9F591F39CAC5A62D.d.A37FB54D0C849C632E4B53996AD29288.e.17022"}]}
COMMAND: GET /session/700a0ab92761895b5ec9a5372f8d46fb/screenshot - {}
RESULT: {}
COMMAND: POST /session/700a0ab92761895b5ec9a5372f8d46fb/execute/sync - {"script":"<script> [8489 bytes]","args":[{"element-6066-11e4-a52e-4f735466cecf":"f.647512A71DDA687F9F591F39CAC5A62D.d.A37FB54D0C849C632E4B53996AD29288.e.17022","ELEMENT":"f.647512A71DDA687F9F591F39CAC5A62D.d.A37FB54D0C849C632E4B53996AD29288.e.17022"}]}
RESULT: {"script":"<script> [8489 bytes]","args":[{"element-6066-11e4-a52e-4f735466cecf":"f.647512A71DDA687F9F591F39CAC5A62D.d.A37FB54D0C849C632E4B53996AD29288.e.17022","ELEMENT":"f.647512A71DDA687F9F591F39CAC5A62D.d.A37FB54D0C849C632E4B53996AD29288.e.17022"}]}
COMMAND: GET /session/700a0ab92761895b5ec9a5372f8d46fb/screenshot - {}
RESULT: {}
COMMAND: POST /session/700a0ab92761895b5ec9a5372f8d46fb/execute/sync - {"script":"<script> [8489 bytes]","args":[{"element-6066-11e4-a52e-4f735466cecf":"f.647512A71DDA687F9F591F39CAC5A62D.d.A37FB54D0C849C632E4B53996AD29288.e.17022","ELEMENT":"f.647512A71DDA687F9F591F39CAC5A62D.d.A37FB54D0C849C632E4B53996AD29288.e.17022"}]}
RESULT: {"script":"<script> [8489 bytes]","args":[{"element-6066-11e4-a52e-4f735466cecf":"f.647512A71DDA687F9F591F39CAC5A62D.d.A37FB54D0C849C632E4B53996AD29288.e.17022","ELEMENT":"f.647512A71DDA687F9F591F39CAC5A62D.d.A37FB54D0C849C632E4B53996AD29288.e.17022"}]}
COMMAND: GET /session/700a0ab92761895b5ec9a5372f8d46fb/screenshot - {}
RESULT: {}
COMMAND: POST /session/700a0ab92761895b5ec9a5372f8d46fb/execute/sync - {"script":"<script> [8489 bytes]","args":[{"element-6066-11e4-a52e-4f735466cecf":"f.647512A71DDA687F9F591F39CAC5A62D.d.A37FB54D0C849C632E4B53996AD29288.e.17022","ELEMENT":"f.647512A71DDA687F9F591F39CAC5A62D.d.A37FB54D0C849C632E4B53996AD29288.e.17022"}]}
RESULT: {"script":"<script> [8489 bytes]","args":[{"element-6066-11e4-a52e-4f735466cecf":"f.647512A71DDA687F9F591F39CAC5A62D.d.A37FB54D0C849C632E4B53996AD29288.e.17022","ELEMENT":"f.647512A71DDA687F9F591F39CAC5A62D.d.A37FB54D0C849C632E4B53996AD29288.e.17022"}]}
COMMAND: GET /session/700a0ab92761895b5ec9a5372f8d46fb/screenshot - {}
RESULT: {}
COMMAND: POST /session/700a0ab92761895b5ec9a5372f8d46fb/execute/sync - {"script":"<script> [8489 bytes]","args":[{"element-6066-11e4-a52e-4f735466cecf":"f.647512A71DDA687F9F591F39CAC5A62D.d.A37FB54D0C849C632E4B53996AD29288.e.17022","ELEMENT":"f.647512A71DDA687F9F591F39CAC5A62D.d.A37FB54D0C849C632E4B53996AD29288.e.17022"}]}
RESULT: {"script":"<script> [8489 bytes]","args":[{"element-6066-11e4-a52e-4f735466cecf":"f.647512A71DDA687F9F591F39CAC5A62D.d.A37FB54D0C849C632E4B53996AD29288.e.17022","ELEMENT":"f.647512A71DDA687F9F591F39CAC5A62D.d.A37FB54D0C849C632E4B53996AD29288.e.17022"}]}
COMMAND: GET /session/700a0ab92761895b5ec9a5372f8d46fb/screenshot - {}
RESULT: {}
COMMAND: POST /session/700a0ab92761895b5ec9a5372f8d46fb/execute/sync - {"script":"<script> [8489 bytes]","args":[{"element-6066-11e4-a52e-4f735466cecf":"f.647512A71DDA687F9F591F39CAC5A62D.d.A37FB54D0C849C632E4B53996AD29288.e.17022","ELEMENT":"f.647512A71DDA687F9F591F39CAC5A62D.d.A37FB54D0C849C632E4B53996AD29288.e.17022"}]}
RESULT: {"script":"<script> [8489 bytes]","args":[{"element-6066-11e4-a52e-4f735466cecf":"f.647512A71DDA687F9F591F39CAC5A62D.d.A37FB54D0C849C632E4B53996AD29288.e.17022","ELEMENT":"f.647512A71DDA687F9F591F39CAC5A62D.d.A37FB54D0C849C632E4B53996AD29288.e.17022"}]}
COMMAND: GET /session/700a0ab92761895b5ec9a5372f8d46fb/screenshot - {}
RESULT: {}
COMMAND: POST /session/700a0ab92761895b5ec9a5372f8d46fb/execute/sync - {"script":"<script> [8489 bytes]","args":[{"element-6066-11e4-a52e-4f735466cecf":"f.647512A71DDA687F9F591F39CAC5A62D.d.A37FB54D0C849C632E4B53996AD29288.e.17022","ELEMENT":"f.647512A71DDA687F9F591F39CAC5A62D.d.A37FB54D0C849C632E4B53996AD29288.e.17022"}]}
RESULT: {"script":"<script> [8489 bytes]","args":[{"element-6066-11e4-a52e-4f735466cecf":"f.647512A71DDA687F9F591F39CAC5A62D.d.A37FB54D0C849C632E4B53996AD29288.e.17022","ELEMENT":"f.647512A71DDA687F9F591F39CAC5A62D.d.A37FB54D0C849C632E4B53996AD29288.e.17022"}]}
COMMAND: GET /session/700a0ab92761895b5ec9a5372f8d46fb/screenshot - {}
COMMAND: POST /session/700a0ab92761895b5ec9a5372f8d46fb/execute/sync - {"script":"<script> [8489 bytes]","args":[{"element-6066-11e4-a52e-4f735466cecf":"f.647512A71DDA687F9F591F39CAC5A62D.d.A37FB54D0C849C632E4B53996AD29288.e.17022","ELEMENT":"f.647512A71DDA687F9F591F39CAC5A62D.d.A37FB54D0C849C632E4B53996AD29288.e.17022"}]}
RESULT: {}
RESULT: {"script":"<script> [8489 bytes]","args":[{"element-6066-11e4-a52e-4f735466cecf":"f.647512A71DDA687F9F591F39CAC5A62D.d.A37FB54D0C849C632E4B53996AD29288.e.17022","ELEMENT":"f.647512A71DDA687F9F591F39CAC5A62D.d.A37FB54D0C849C632E4B53996AD29288.e.17022"}]}
COMMAND: GET /session/700a0ab92761895b5ec9a5372f8d46fb/screenshot - {}
RESULT: {}
COMMAND: POST /session/700a0ab92761895b5ec9a5372f8d46fb/execute/sync - {"script":"<script> [8489 bytes]","args":[{"element-6066-11e4-a52e-4f735466cecf":"f.647512A71DDA687F9F591F39CAC5A62D.d.A37FB54D0C849C632E4B53996AD29288.e.17022","ELEMENT":"f.647512A71DDA687F9F591F39CAC5A62D.d.A37FB54D0C849C632E4B53996AD29288.e.17022"}]}
RESULT: {"script":"<script> [8489 bytes]","args":[{"element-6066-11e4-a52e-4f735466cecf":"f.647512A71DDA687F9F591F39CAC5A62D.d.A37FB54D0C849C632E4B53996AD29288.e.17022","ELEMENT":"f.647512A71DDA687F9F591F39CAC5A62D.d.A37FB54D0C849C632E4B53996AD29288.e.17022"}]}
COMMAND: GET /session/700a0ab92761895b5ec9a5372f8d46fb/screenshot - {}
RESULT: {}
COMMAND: POST /session/700a0ab92761895b5ec9a5372f8d46fb/execute/sync - {"script":"<script> [8489 bytes]","args":[{"element-6066-11e4-a52e-4f735466cecf":"f.647512A71DDA687F9F591F39CAC5A62D.d.A37FB54D0C849C632E4B53996AD29288.e.17022","ELEMENT":"f.647512A71DDA687F9F591F39CAC5A62D.d.A37FB54D0C849C632E4B53996AD29288.e.17022"}]}
RESULT: {"script":"<script> [8489 bytes]","args":[{"element-6066-11e4-a52e-4f735466cecf":"f.647512A71DDA687F9F591F39CAC5A62D.d.A37FB54D0C849C632E4B53996AD29288.e.17022","ELEMENT":"f.647512A71DDA687F9F591F39CAC5A62D.d.A37FB54D0C849C632E4B53996AD29288.e.17022"}]}
COMMAND: GET /session/700a0ab92761895b5ec9a5372f8d46fb/screenshot - {}
RESULT: {}
COMMAND: POST /session/700a0ab92761895b5ec9a5372f8d46fb/execute/sync - {"script":"<script> [8489 bytes]","args":[{"element-6066-11e4-a52e-4f735466cecf":"f.647512A71DDA687F9F591F39CAC5A62D.d.A37FB54D0C849C632E4B53996AD29288.e.17022","ELEMENT":"f.647512A71DDA687F9F591F39CAC5A62D.d.A37FB54D0C849C632E4B53996AD29288.e.17022"}]}
RESULT: {"script":"<script> [8489 bytes]","args":[{"element-6066-11e4-a52e-4f735466cecf":"f.647512A71DDA687F9F591F39CAC5A62D.d.A37FB54D0C849C632E4B53996AD29288.e.17022","ELEMENT":"f.647512A71DDA687F9F591F39CAC5A62D.d.A37FB54D0C849C632E4B53996AD29288.e.17022"}]}
COMMAND: GET /session/700a0ab92761895b5ec9a5372f8d46fb/screenshot - {}
RESULT: {}
COMMAND: POST /session/700a0ab92761895b5ec9a5372f8d46fb/execute/sync - {"script":"<script> [8489 bytes]","args":[{"element-6066-11e4-a52e-4f735466cecf":"f.647512A71DDA687F9F591F39CAC5A62D.d.A37FB54D0C849C632E4B53996AD29288.e.17022","ELEMENT":"f.647512A71DDA687F9F591F39CAC5A62D.d.A37FB54D0C849C632E4B53996AD29288.e.17022"}]}
RESULT: {"script":"<script> [8489 bytes]","args":[{"element-6066-11e4-a52e-4f735466cecf":"f.647512A71DDA687F9F591F39CAC5A62D.d.A37FB54D0C849C632E4B53996AD29288.e.17022","ELEMENT":"f.647512A71DDA687F9F591F39CAC5A62D.d.A37FB54D0C849C632E4B53996AD29288.e.17022"}]}
COMMAND: GET /session/700a0ab92761895b5ec9a5372f8d46fb/screenshot - {}
RESULT: {}
COMMAND: POST /session/700a0ab92761895b5ec9a5372f8d46fb/execute/sync - {"script":"<script> [8489 bytes]","args":[{"element-6066-11e4-a52e-4f735466cecf":"f.647512A71DDA687F9F591F39CAC5A62D.d.A37FB54D0C849C632E4B53996AD29288.e.17022","ELEMENT":"f.647512A71DDA687F9F591F39CAC5A62D.d.A37FB54D0C849C632E4B53996AD29288.e.17022"}]}
RESULT: {"script":"<script> [8489 bytes]","args":[{"element-6066-11e4-a52e-4f735466cecf":"f.647512A71DDA687F9F591F39CAC5A62D.d.A37FB54D0C849C632E4B53996AD29288.e.17022","ELEMENT":"f.647512A71DDA687F9F591F39CAC5A62D.d.A37FB54D0C849C632E4B53996AD29288.e.17022"}]}
COMMAND: GET /session/700a0ab92761895b5ec9a5372f8d46fb/screenshot - {}
RESULT: {}
COMMAND: POST /session/700a0ab92761895b5ec9a5372f8d46fb/execute/sync - {"script":"<script> [8489 bytes]","args":[{"element-6066-11e4-a52e-4f735466cecf":"f.647512A71DDA687F9F591F39CAC5A62D.d.A37FB54D0C849C632E4B53996AD29288.e.17022","ELEMENT":"f.647512A71DDA687F9F591F39CAC5A62D.d.A37FB54D0C849C632E4B53996AD29288.e.17022"}]}
RESULT: {"script":"<script> [8489 bytes]","args":[{"element-6066-11e4-a52e-4f735466cecf":"f.647512A71DDA687F9F591F39CAC5A62D.d.A37FB54D0C849C632E4B53996AD29288.e.17022","ELEMENT":"f.647512A71DDA687F9F591F39CAC5A62D.d.A37FB54D0C849C632E4B53996AD29288.e.17022"}]}
COMMAND: GET /session/700a0ab92761895b5ec9a5372f8d46fb/screenshot - {}
RESULT: {}
COMMAND: POST /session/700a0ab92761895b5ec9a5372f8d46fb/execute/sync - {"script":"<script> [8489 bytes]","args":[{"element-6066-11e4-a52e-4f735466cecf":"f.647512A71DDA687F9F591F39CAC5A62D.d.A37FB54D0C849C632E4B53996AD29288.e.17022","ELEMENT":"f.647512A71DDA687F9F591F39CAC5A62D.d.A37FB54D0C849C632E4B53996AD29288.e.17022"}]}
RESULT: {"script":"<script> [8489 bytes]","args":[{"element-6066-11e4-a52e-4f735466cecf":"f.647512A71DDA687F9F591F39CAC5A62D.d.A37FB54D0C849C632E4B53996AD29288.e.17022","ELEMENT":"f.647512A71DDA687F9F591F39CAC5A62D.d.A37FB54D0C849C632E4B53996AD29288.e.17022"}]}
COMMAND: GET /session/700a0ab92761895b5ec9a5372f8d46fb/screenshot - {}
RESULT: {}
COMMAND: POST /session/700a0ab92761895b5ec9a5372f8d46fb/execute/sync - {"script":"<script> [8489 bytes]","args":[{"element-6066-11e4-a52e-4f735466cecf":"f.647512A71DDA687F9F591F39CAC5A62D.d.A37FB54D0C849C632E4B53996AD29288.e.17022","ELEMENT":"f.647512A71DDA687F9F591F39CAC5A62D.d.A37FB54D0C849C632E4B53996AD29288.e.17022"}]}
RESULT: {"script":"<script> [8489 bytes]","args":[{"element-6066-11e4-a52e-4f735466cecf":"f.647512A71DDA687F9F591F39CAC5A62D.d.A37FB54D0C849C632E4B53996AD29288.e.17022","ELEMENT":"f.647512A71DDA687F9F591F39CAC5A62D.d.A37FB54D0C849C632E4B53996AD29288.e.17022"}]}
COMMAND: GET /session/700a0ab92761895b5ec9a5372f8d46fb/screenshot - {}
RESULT: {}
COMMAND: POST /session/700a0ab92761895b5ec9a5372f8d46fb/execute/sync - {"script":"<script> [8489 bytes]","args":[{"element-6066-11e4-a52e-4f735466cecf":"f.647512A71DDA687F9F591F39CAC5A62D.d.A37FB54D0C849C632E4B53996AD29288.e.17022","ELEMENT":"f.647512A71DDA687F9F591F39CAC5A62D.d.A37FB54D0C849C632E4B53996AD29288.e.17022"}]}
RESULT: {"script":"<script> [8489 bytes]","args":[{"element-6066-11e4-a52e-4f735466cecf":"f.647512A71DDA687F9F591F39CAC5A62D.d.A37FB54D0C849C632E4B53996AD29288.e.17022","ELEMENT":"f.647512A71DDA687F9F591F39CAC5A62D.d.A37FB54D0C849C632E4B53996AD29288.e.17022"}]}
COMMAND: GET /session/700a0ab92761895b5ec9a5372f8d46fb/screenshot - {}
RESULT: {}
COMMAND: POST /session/700a0ab92761895b5ec9a5372f8d46fb/execute/sync - {"script":"<script> [8489 bytes]","args":[{"element-6066-11e4-a52e-4f735466cecf":"f.647512A71DDA687F9F591F39CAC5A62D.d.A37FB54D0C849C632E4B53996AD29288.e.17022","ELEMENT":"f.647512A71DDA687F9F591F39CAC5A62D.d.A37FB54D0C849C632E4B53996AD29288.e.17022"}]}
RESULT: {"script":"<script> [8489 bytes]","args":[{"element-6066-11e4-a52e-4f735466cecf":"f.647512A71DDA687F9F591F39CAC5A62D.d.A37FB54D0C849C632E4B53996AD29288.e.17022","ELEMENT":"f.647512A71DDA687F9F591F39CAC5A62D.d.A37FB54D0C849C632E4B53996AD29288.e.17022"}]}
COMMAND: GET /session/700a0ab92761895b5ec9a5372f8d46fb/screenshot - {}
RESULT: {}
COMMAND: POST /session/700a0ab92761895b5ec9a5372f8d46fb/execute/sync - {"script":"<script> [8489 bytes]","args":[{"element-6066-11e4-a52e-4f735466cecf":"f.647512A71DDA687F9F591F39CAC5A62D.d.A37FB54D0C849C632E4B53996AD29288.e.17022","ELEMENT":"f.647512A71DDA687F9F591F39CAC5A62D.d.A37FB54D0C849C632E4B53996AD29288.e.17022"}]}
RESULT: {"script":"<script> [8489 bytes]","args":[{"element-6066-11e4-a52e-4f735466cecf":"f.647512A71DDA687F9F591F39CAC5A62D.d.A37FB54D0C849C632E4B53996AD29288.e.17022","ELEMENT":"f.647512A71DDA687F9F591F39CAC5A62D.d.A37FB54D0C849C632E4B53996AD29288.e.17022"}]}
COMMAND: GET /session/700a0ab92761895b5ec9a5372f8d46fb/screenshot - {}
RESULT: {}
COMMAND: POST /session/700a0ab92761895b5ec9a5372f8d46fb/execute/sync - {"script":"<script> [8489 bytes]","args":[{"element-6066-11e4-a52e-4f735466cecf":"f.647512A71DDA687F9F591F39CAC5A62D.d.A37FB54D0C849C632E4B53996AD29288.e.17022","ELEMENT":"f.647512A71DDA687F9F591F39CAC5A62D.d.A37FB54D0C849C632E4B53996AD29288.e.17022"}]}
RESULT: {"script":"<script> [8489 bytes]","args":[{"element-6066-11e4-a52e-4f735466cecf":"f.647512A71DDA687F9F591F39CAC5A62D.d.A37FB54D0C849C632E4B53996AD29288.e.17022","ELEMENT":"f.647512A71DDA687F9F591F39CAC5A62D.d.A37FB54D0C849C632E4B53996AD29288.e.17022"}]}
COMMAND: GET /session/700a0ab92761895b5ec9a5372f8d46fb/screenshot - {}
RESULT: {}
COMMAND: POST /session/700a0ab92761895b5ec9a5372f8d46fb/execute/sync - {"script":"<script> [8489 bytes]","args":[{"element-6066-11e4-a52e-4f735466cecf":"f.647512A71DDA687F9F591F39CAC5A62D.d.A37FB54D0C849C632E4B53996AD29288.e.17022","ELEMENT":"f.647512A71DDA687F9F591F39CAC5A62D.d.A37FB54D0C849C632E4B53996AD29288.e.17022"}]}
RESULT: {"script":"<script> [8489 bytes]","args":[{"element-6066-11e4-a52e-4f735466cecf":"f.647512A71DDA687F9F591F39CAC5A62D.d.A37FB54D0C849C632E4B53996AD29288.e.17022","ELEMENT":"f.647512A71DDA687F9F591F39CAC5A62D.d.A37FB54D0C849C632E4B53996AD29288.e.17022"}]}
COMMAND: GET /session/700a0ab92761895b5ec9a5372f8d46fb/screenshot - {}
RESULT: {}
COMMAND: POST /session/700a0ab92761895b5ec9a5372f8d46fb/execute/sync - {"script":"<script> [8489 bytes]","args":[{"element-6066-11e4-a52e-4f735466cecf":"f.647512A71DDA687F9F591F39CAC5A62D.d.A37FB54D0C849C632E4B53996AD29288.e.17022","ELEMENT":"f.647512A71DDA687F9F591F39CAC5A62D.d.A37FB54D0C849C632E4B53996AD29288.e.17022"}]}
RESULT: {"script":"<script> [8489 bytes]","args":[{"element-6066-11e4-a52e-4f735466cecf":"f.647512A71DDA687F9F591F39CAC5A62D.d.A37FB54D0C849C632E4B53996AD29288.e.17022","ELEMENT":"f.647512A71DDA687F9F591F39CAC5A62D.d.A37FB54D0C849C632E4B53996AD29288.e.17022"}]}
COMMAND: GET /session/700a0ab92761895b5ec9a5372f8d46fb/screenshot - {}
RESULT: {}
COMMAND: POST /session/700a0ab92761895b5ec9a5372f8d46fb/execute/sync - {"script":"<script> [8489 bytes]","args":[{"element-6066-11e4-a52e-4f735466cecf":"f.647512A71DDA687F9F591F39CAC5A62D.d.A37FB54D0C849C632E4B53996AD29288.e.17022","ELEMENT":"f.647512A71DDA687F9F591F39CAC5A62D.d.A37FB54D0C849C632E4B53996AD29288.e.17022"}]}
RESULT: {"script":"<script> [8489 bytes]","args":[{"element-6066-11e4-a52e-4f735466cecf":"f.647512A71DDA687F9F591F39CAC5A62D.d.A37FB54D0C849C632E4B53996AD29288.e.17022","ELEMENT":"f.647512A71DDA687F9F591F39CAC5A62D.d.A37FB54D0C849C632E4B53996AD29288.e.17022"}]}
COMMAND: GET /session/700a0ab92761895b5ec9a5372f8d46fb/screenshot - {}
RESULT: {}
COMMAND: POST /session/700a0ab92761895b5ec9a5372f8d46fb/execute/sync - {"script":"<script> [8489 bytes]","args":[{"element-6066-11e4-a52e-4f735466cecf":"f.647512A71DDA687F9F591F39CAC5A62D.d.A37FB54D0C849C632E4B53996AD29288.e.17022","ELEMENT":"f.647512A71DDA687F9F591F39CAC5A62D.d.A37FB54D0C849C632E4B53996AD29288.e.17022"}]}
RESULT: {"script":"<script> [8489 bytes]","args":[{"element-6066-11e4-a52e-4f735466cecf":"f.647512A71DDA687F9F591F39CAC5A62D.d.A37FB54D0C849C632E4B53996AD29288.e.17022","ELEMENT":"f.647512A71DDA687F9F591F39CAC5A62D.d.A37FB54D0C849C632E4B53996AD29288.e.17022"}]}
COMMAND: GET /session/700a0ab92761895b5ec9a5372f8d46fb/screenshot - {}
RESULT: {}
COMMAND: POST /session/700a0ab92761895b5ec9a5372f8d46fb/execute/sync - {"script":"<script> [8489 bytes]","args":[{"element-6066-11e4-a52e-4f735466cecf":"f.647512A71DDA687F9F591F39CAC5A62D.d.A37FB54D0C849C632E4B53996AD29288.e.17022","ELEMENT":"f.647512A71DDA687F9F591F39CAC5A62D.d.A37FB54D0C849C632E4B53996AD29288.e.17022"}]}
RESULT: {"script":"<script> [8489 bytes]","args":[{"element-6066-11e4-a52e-4f735466cecf":"f.647512A71DDA687F9F591F39CAC5A62D.d.A37FB54D0C849C632E4B53996AD29288.e.17022","ELEMENT":"f.647512A71DDA687F9F591F39CAC5A62D.d.A37FB54D0C849C632E4B53996AD29288.e.17022"}]}
COMMAND: GET /session/700a0ab92761895b5ec9a5372f8d46fb/screenshot - {}
RESULT: {}
COMMAND: POST /session/700a0ab92761895b5ec9a5372f8d46fb/execute/sync - {"script":"<script> [8489 bytes]","args":[{"element-6066-11e4-a52e-4f735466cecf":"f.647512A71DDA687F9F591F39CAC5A62D.d.A37FB54D0C849C632E4B53996AD29288.e.17022","ELEMENT":"f.647512A71DDA687F9F591F39CAC5A62D.d.A37FB54D0C849C632E4B53996AD29288.e.17022"}]}
RESULT: {"script":"<script> [8489 bytes]","args":[{"element-6066-11e4-a52e-4f735466cecf":"f.647512A71DDA687F9F591F39CAC5A62D.d.A37FB54D0C849C632E4B53996AD29288.e.17022","ELEMENT":"f.647512A71DDA687F9F591F39CAC5A62D.d.A37FB54D0C849C632E4B53996AD29288.e.17022"}]}
COMMAND: GET /session/700a0ab92761895b5ec9a5372f8d46fb/screenshot - {}
RESULT: {}
COMMAND: POST /session/700a0ab92761895b5ec9a5372f8d46fb/execute/sync - {"script":"<script> [8489 bytes]","args":[{"element-6066-11e4-a52e-4f735466cecf":"f.647512A71DDA687F9F591F39CAC5A62D.d.A37FB54D0C849C632E4B53996AD29288.e.17022","ELEMENT":"f.647512A71DDA687F9F591F39CAC5A62D.d.A37FB54D0C849C632E4B53996AD29288.e.17022"}]}
RESULT: {"script":"<script> [8489 bytes]","args":[{"element-6066-11e4-a52e-4f735466cecf":"f.647512A71DDA687F9F591F39CAC5A62D.d.A37FB54D0C849C632E4B53996AD29288.e.17022","ELEMENT":"f.647512A71DDA687F9F591F39CAC5A62D.d.A37FB54D0C849C632E4B53996AD29288.e.17022"}]}
COMMAND: GET /session/700a0ab92761895b5ec9a5372f8d46fb/screenshot - {}
RESULT: {}
COMMAND: POST /session/700a0ab92761895b5ec9a5372f8d46fb/execute/sync - {"script":"<script> [8489 bytes]","args":[{"element-6066-11e4-a52e-4f735466cecf":"f.647512A71DDA687F9F591F39CAC5A62D.d.A37FB54D0C849C632E4B53996AD29288.e.17022","ELEMENT":"f.647512A71DDA687F9F591F39CAC5A62D.d.A37FB54D0C849C632E4B53996AD29288.e.17022"}]}
RESULT: {"script":"<script> [8489 bytes]","args":[{"element-6066-11e4-a52e-4f735466cecf":"f.647512A71DDA687F9F591F39CAC5A62D.d.A37FB54D0C849C632E4B53996AD29288.e.17022","ELEMENT":"f.647512A71DDA687F9F591F39CAC5A62D.d.A37FB54D0C849C632E4B53996AD29288.e.17022"}]}
COMMAND: GET /session/700a0ab92761895b5ec9a5372f8d46fb/screenshot - {}
RESULT: {}
COMMAND: POST /session/700a0ab92761895b5ec9a5372f8d46fb/execute/sync - {"script":"<script> [8489 bytes]","args":[{"element-6066-11e4-a52e-4f735466cecf":"f.647512A71DDA687F9F591F39CAC5A62D.d.A37FB54D0C849C632E4B53996AD29288.e.17022","ELEMENT":"f.647512A71DDA687F9F591F39CAC5A62D.d.A37FB54D0C849C632E4B53996AD29288.e.17022"}]}
RESULT: {"script":"<script> [8489 bytes]","args":[{"element-6066-11e4-a52e-4f735466cecf":"f.647512A71DDA687F9F591F39CAC5A62D.d.A37FB54D0C849C632E4B53996AD29288.e.17022","ELEMENT":"f.647512A71DDA687F9F591F39CAC5A62D.d.A37FB54D0C849C632E4B53996AD29288.e.17022"}]}
COMMAND: GET /session/700a0ab92761895b5ec9a5372f8d46fb/screenshot - {}
RESULT: {}
COMMAND: POST /session/700a0ab92761895b5ec9a5372f8d46fb/execute/sync - {"script":"<script> [8489 bytes]","args":[{"element-6066-11e4-a52e-4f735466cecf":"f.647512A71DDA687F9F591F39CAC5A62D.d.A37FB54D0C849C632E4B53996AD29288.e.17022","ELEMENT":"f.647512A71DDA687F9F591F39CAC5A62D.d.A37FB54D0C849C632E4B53996AD29288.e.17022"}]}
RESULT: {"script":"<script> [8489 bytes]","args":[{"element-6066-11e4-a52e-4f735466cecf":"f.647512A71DDA687F9F591F39CAC5A62D.d.A37FB54D0C849C632E4B53996AD29288.e.17022","ELEMENT":"f.647512A71DDA687F9F591F39CAC5A62D.d.A37FB54D0C849C632E4B53996AD29288.e.17022"}]}
COMMAND: GET /session/700a0ab92761895b5ec9a5372f8d46fb/screenshot - {}
RESULT: {}
COMMAND: POST /session/700a0ab92761895b5ec9a5372f8d46fb/execute/sync - {"script":"<script> [8489 bytes]","args":[{"element-6066-11e4-a52e-4f735466cecf":"f.647512A71DDA687F9F591F39CAC5A62D.d.A37FB54D0C849C632E4B53996AD29288.e.17022","ELEMENT":"f.647512A71DDA687F9F591F39CAC5A62D.d.A37FB54D0C849C632E4B53996AD29288.e.17022"}]}
RESULT: {"script":"<script> [8489 bytes]","args":[{"element-6066-11e4-a52e-4f735466cecf":"f.647512A71DDA687F9F591F39CAC5A62D.d.A37FB54D0C849C632E4B53996AD29288.e.17022","ELEMENT":"f.647512A71DDA687F9F591F39CAC5A62D.d.A37FB54D0C849C632E4B53996AD29288.e.17022"}]}
COMMAND: GET /session/700a0ab92761895b5ec9a5372f8d46fb/screenshot - {}
RESULT: {}
COMMAND: POST /session/700a0ab92761895b5ec9a5372f8d46fb/execute/sync - {"script":"<script> [8489 bytes]","args":[{"element-6066-11e4-a52e-4f735466cecf":"f.647512A71DDA687F9F591F39CAC5A62D.d.A37FB54D0C849C632E4B53996AD29288.e.17022","ELEMENT":"f.647512A71DDA687F9F591F39CAC5A62D.d.A37FB54D0C849C632E4B53996AD29288.e.17022"}]}
RESULT: {"script":"<script> [8489 bytes]","args":[{"element-6066-11e4-a52e-4f735466cecf":"f.647512A71DDA687F9F591F39CAC5A62D.d.A37FB54D0C849C632E4B53996AD29288.e.17022","ELEMENT":"f.647512A71DDA687F9F591F39CAC5A62D.d.A37FB54D0C849C632E4B53996AD29288.e.17022"}]}
COMMAND: GET /session/700a0ab92761895b5ec9a5372f8d46fb/screenshot - {}
RESULT: {}
COMMAND: POST /session/700a0ab92761895b5ec9a5372f8d46fb/execute/sync - {"script":"<script> [8489 bytes]","args":[{"element-6066-11e4-a52e-4f735466cecf":"f.647512A71DDA687F9F591F39CAC5A62D.d.A37FB54D0C849C632E4B53996AD29288.e.17022","ELEMENT":"f.647512A71DDA687F9F591F39CAC5A62D.d.A37FB54D0C849C632E4B53996AD29288.e.17022"}]}
RESULT: {"script":"<script> [8489 bytes]","args":[{"element-6066-11e4-a52e-4f735466cecf":"f.647512A71DDA687F9F591F39CAC5A62D.d.A37FB54D0C849C632E4B53996AD29288.e.17022","ELEMENT":"f.647512A71DDA687F9F591F39CAC5A62D.d.A37FB54D0C849C632E4B53996AD29288.e.17022"}]}
COMMAND: GET /session/700a0ab92761895b5ec9a5372f8d46fb/screenshot - {}
RESULT: {}
COMMAND: POST /session/700a0ab92761895b5ec9a5372f8d46fb/execute/sync - {"script":"<script> [8489 bytes]","args":[{"element-6066-11e4-a52e-4f735466cecf":"f.647512A71DDA687F9F591F39CAC5A62D.d.A37FB54D0C849C632E4B53996AD29288.e.17022","ELEMENT":"f.647512A71DDA687F9F591F39CAC5A62D.d.A37FB54D0C849C632E4B53996AD29288.e.17022"}]}
RESULT: {"script":"<script> [8489 bytes]","args":[{"element-6066-11e4-a52e-4f735466cecf":"f.647512A71DDA687F9F591F39CAC5A62D.d.A37FB54D0C849C632E4B53996AD29288.e.17022","ELEMENT":"f.647512A71DDA687F9F591F39CAC5A62D.d.A37FB54D0C849C632E4B53996AD29288.e.17022"}]}
COMMAND: GET /session/700a0ab92761895b5ec9a5372f8d46fb/screenshot - {}
RESULT: {}
COMMAND: POST /session/700a0ab92761895b5ec9a5372f8d46fb/execute/sync - {"script":"<script> [8489 bytes]","args":[{"element-6066-11e4-a52e-4f735466cecf":"f.647512A71DDA687F9F591F39CAC5A62D.d.A37FB54D0C849C632E4B53996AD29288.e.17022","ELEMENT":"f.647512A71DDA687F9F591F39CAC5A62D.d.A37FB54D0C849C632E4B53996AD29288.e.17022"}]}
RESULT: {"script":"<script> [8489 bytes]","args":[{"element-6066-11e4-a52e-4f735466cecf":"f.647512A71DDA687F9F591F39CAC5A62D.d.A37FB54D0C849C632E4B53996AD29288.e.17022","ELEMENT":"f.647512A71DDA687F9F591F39CAC5A62D.d.A37FB54D0C849C632E4B53996AD29288.e.17022"}]}
COMMAND: GET /session/700a0ab92761895b5ec9a5372f8d46fb/screenshot - {}
RESULT: {}
COMMAND: POST /session/700a0ab92761895b5ec9a5372f8d46fb/execute/sync - {"script":"<script> [8489 bytes]","args":[{"element-6066-11e4-a52e-4f735466cecf":"f.647512A71DDA687F9F591F39CAC5A62D.d.A37FB54D0C849C632E4B53996AD29288.e.17022","ELEMENT":"f.647512A71DDA687F9F591F39CAC5A62D.d.A37FB54D0C849C632E4B53996AD29288.e.17022"}]}
RESULT: {"script":"<script> [8489 bytes]","args":[{"element-6066-11e4-a52e-4f735466cecf":"f.647512A71DDA687F9F591F39CAC5A62D.d.A37FB54D0C849C632E4B53996AD29288.e.17022","ELEMENT":"f.647512A71DDA687F9F591F39CAC5A62D.d.A37FB54D0C849C632E4B53996AD29288.e.17022"}]}
COMMAND: GET /session/700a0ab92761895b5ec9a5372f8d46fb/screenshot - {}
RESULT: {}
COMMAND: POST /session/700a0ab92761895b5ec9a5372f8d46fb/execute/sync - {"script":"<script> [8489 bytes]","args":[{"element-6066-11e4-a52e-4f735466cecf":"f.647512A71DDA687F9F591F39CAC5A62D.d.A37FB54D0C849C632E4B53996AD29288.e.17022","ELEMENT":"f.647512A71DDA687F9F591F39CAC5A62D.d.A37FB54D0C849C632E4B53996AD29288.e.17022"}]}
RESULT: {"script":"<script> [8489 bytes]","args":[{"element-6066-11e4-a52e-4f735466cecf":"f.647512A71DDA687F9F591F39CAC5A62D.d.A37FB54D0C849C632E4B53996AD29288.e.17022","ELEMENT":"f.647512A71DDA687F9F591F39CAC5A62D.d.A37FB54D0C849C632E4B53996AD29288.e.17022"}]}
COMMAND: GET /session/700a0ab92761895b5ec9a5372f8d46fb/screenshot - {}
RESULT: {}
COMMAND: POST /session/700a0ab92761895b5ec9a5372f8d46fb/execute/sync - {"script":"<script> [8489 bytes]","args":[{"element-6066-11e4-a52e-4f735466cecf":"f.647512A71DDA687F9F591F39CAC5A62D.d.A37FB54D0C849C632E4B53996AD29288.e.17022","ELEMENT":"f.647512A71DDA687F9F591F39CAC5A62D.d.A37FB54D0C849C632E4B53996AD29288.e.17022"}]}
RESULT: {"script":"<script> [8489 bytes]","args":[{"element-6066-11e4-a52e-4f735466cecf":"f.647512A71DDA687F9F591F39CAC5A62D.d.A37FB54D0C849C632E4B53996AD29288.e.17022","ELEMENT":"f.647512A71DDA687F9F591F39CAC5A62D.d.A37FB54D0C849C632E4B53996AD29288.e.17022"}]}
COMMAND: GET /session/700a0ab92761895b5ec9a5372f8d46fb/screenshot - {}
RESULT: {}
COMMAND: POST /session/700a0ab92761895b5ec9a5372f8d46fb/execute/sync - {"script":"<script> [8489 bytes]","args":[{"element-6066-11e4-a52e-4f735466cecf":"f.647512A71DDA687F9F591F39CAC5A62D.d.A37FB54D0C849C632E4B53996AD29288.e.17022","ELEMENT":"f.647512A71DDA687F9F591F39CAC5A62D.d.A37FB54D0C849C632E4B53996AD29288.e.17022"}]}
RESULT: {"script":"<script> [8489 bytes]","args":[{"element-6066-11e4-a52e-4f735466cecf":"f.647512A71DDA687F9F591F39CAC5A62D.d.A37FB54D0C849C632E4B53996AD29288.e.17022","ELEMENT":"f.647512A71DDA687F9F591F39CAC5A62D.d.A37FB54D0C849C632E4B53996AD29288.e.17022"}]}
COMMAND: GET /session/700a0ab92761895b5ec9a5372f8d46fb/screenshot - {}
RESULT: {}
COMMAND: POST /session/700a0ab92761895b5ec9a5372f8d46fb/execute/sync - {"script":"<script> [8489 bytes]","args":[{"element-6066-11e4-a52e-4f735466cecf":"f.647512A71DDA687F9F591F39CAC5A62D.d.A37FB54D0C849C632E4B53996AD29288.e.17022","ELEMENT":"f.647512A71DDA687F9F591F39CAC5A62D.d.A37FB54D0C849C632E4B53996AD29288.e.17022"}]}
RESULT: {"script":"<script> [8489 bytes]","args":[{"element-6066-11e4-a52e-4f735466cecf":"f.647512A71DDA687F9F591F39CAC5A62D.d.A37FB54D0C849C632E4B53996AD29288.e.17022","ELEMENT":"f.647512A71DDA687F9F591F39CAC5A62D.d.A37FB54D0C849C632E4B53996AD29288.e.17022"}]}
COMMAND: GET /session/700a0ab92761895b5ec9a5372f8d46fb/screenshot - {}
RESULT: {}
COMMAND: POST /session/700a0ab92761895b5ec9a5372f8d46fb/execute/sync - {"script":"<script> [8489 bytes]","args":[{"element-6066-11e4-a52e-4f735466cecf":"f.647512A71DDA687F9F591F39CAC5A62D.d.A37FB54D0C849C632E4B53996AD29288.e.17022","ELEMENT":"f.647512A71DDA687F9F591F39CAC5A62D.d.A37FB54D0C849C632E4B53996AD29288.e.17022"}]}
RESULT: {"script":"<script> [8489 bytes]","args":[{"element-6066-11e4-a52e-4f735466cecf":"f.647512A71DDA687F9F591F39CAC5A62D.d.A37FB54D0C849C632E4B53996AD29288.e.17022","ELEMENT":"f.647512A71DDA687F9F591F39CAC5A62D.d.A37FB54D0C849C632E4B53996AD29288.e.17022"}]}
COMMAND: GET /session/700a0ab92761895b5ec9a5372f8d46fb/screenshot - {}
RESULT: {}
COMMAND: POST /session/700a0ab92761895b5ec9a5372f8d46fb/execute/sync - {"script":"<script> [8489 bytes]","args":[{"element-6066-11e4-a52e-4f735466cecf":"f.647512A71DDA687F9F591F39CAC5A62D.d.A37FB54D0C849C632E4B53996AD29288.e.17022","ELEMENT":"f.647512A71DDA687F9F591F39CAC5A62D.d.A37FB54D0C849C632E4B53996AD29288.e.17022"}]}
RESULT: {"script":"<script> [8489 bytes]","args":[{"element-6066-11e4-a52e-4f735466cecf":"f.647512A71DDA687F9F591F39CAC5A62D.d.A37FB54D0C849C632E4B53996AD29288.e.17022","ELEMENT":"f.647512A71DDA687F9F591F39CAC5A62D.d.A37FB54D0C849C632E4B53996AD29288.e.17022"}]}
COMMAND: GET /session/700a0ab92761895b5ec9a5372f8d46fb/screenshot - {}
RESULT: {}
COMMAND: POST /session/700a0ab92761895b5ec9a5372f8d46fb/execute/sync - {"script":"<script> [8489 bytes]","args":[{"element-6066-11e4-a52e-4f735466cecf":"f.647512A71DDA687F9F591F39CAC5A62D.d.A37FB54D0C849C632E4B53996AD29288.e.17022","ELEMENT":"f.647512A71DDA687F9F591F39CAC5A62D.d.A37FB54D0C849C632E4B53996AD29288.e.17022"}]}
RESULT: {"script":"<script> [8489 bytes]","args":[{"element-6066-11e4-a52e-4f735466cecf":"f.647512A71DDA687F9F591F39CAC5A62D.d.A37FB54D0C849C632E4B53996AD29288.e.17022","ELEMENT":"f.647512A71DDA687F9F591F39CAC5A62D.d.A37FB54D0C849C632E4B53996AD29288.e.17022"}]}
COMMAND: GET /session/700a0ab92761895b5ec9a5372f8d46fb/screenshot - {}
RESULT: {}
COMMAND: POST /session/700a0ab92761895b5ec9a5372f8d46fb/execute/sync - {"script":"<script> [8489 bytes]","args":[{"element-6066-11e4-a52e-4f735466cecf":"f.647512A71DDA687F9F591F39CAC5A62D.d.A37FB54D0C849C632E4B53996AD29288.e.17022","ELEMENT":"f.647512A71DDA687F9F591F39CAC5A62D.d.A37FB54D0C849C632E4B53996AD29288.e.17022"}]}
RESULT: {"script":"<script> [8489 bytes]","args":[{"element-6066-11e4-a52e-4f735466cecf":"f.647512A71DDA687F9F591F39CAC5A62D.d.A37FB54D0C849C632E4B53996AD29288.e.17022","ELEMENT":"f.647512A71DDA687F9F591F39CAC5A62D.d.A37FB54D0C849C632E4B53996AD29288.e.17022"}]}
COMMAND: GET /session/700a0ab92761895b5ec9a5372f8d46fb/screenshot - {}
RESULT: {}
COMMAND: POST /session/700a0ab92761895b5ec9a5372f8d46fb/execute/sync - {"script":"<script> [8489 bytes]","args":[{"element-6066-11e4-a52e-4f735466cecf":"f.647512A71DDA687F9F591F39CAC5A62D.d.A37FB54D0C849C632E4B53996AD29288.e.17022","ELEMENT":"f.647512A71DDA687F9F591F39CAC5A62D.d.A37FB54D0C849C632E4B53996AD29288.e.17022"}]}
RESULT: {"script":"<script> [8489 bytes]","args":[{"element-6066-11e4-a52e-4f735466cecf":"f.647512A71DDA687F9F591F39CAC5A62D.d.A37FB54D0C849C632E4B53996AD29288.e.17022","ELEMENT":"f.647512A71DDA687F9F591F39CAC5A62D.d.A37FB54D0C849C632E4B53996AD29288.e.17022"}]}
COMMAND: GET /session/700a0ab92761895b5ec9a5372f8d46fb/screenshot - {}
RESULT: {}
COMMAND: POST /session/700a0ab92761895b5ec9a5372f8d46fb/execute/sync - {"script":"<script> [8489 bytes]","args":[{"element-6066-11e4-a52e-4f735466cecf":"f.647512A71DDA687F9F591F39CAC5A62D.d.A37FB54D0C849C632E4B53996AD29288.e.17022","ELEMENT":"f.647512A71DDA687F9F591F39CAC5A62D.d.A37FB54D0C849C632E4B53996AD29288.e.17022"}]}
RESULT: {"script":"<script> [8489 bytes]","args":[{"element-6066-11e4-a52e-4f735466cecf":"f.647512A71DDA687F9F591F39CAC5A62D.d.A37FB54D0C849C632E4B53996AD29288.e.17022","ELEMENT":"f.647512A71DDA687F9F591F39CAC5A62D.d.A37FB54D0C849C632E4B53996AD29288.e.17022"}]}
COMMAND: GET /session/700a0ab92761895b5ec9a5372f8d46fb/screenshot - {}
RESULT: {}
COMMAND: POST /session/700a0ab92761895b5ec9a5372f8d46fb/execute/sync - {"script":"<script> [8489 bytes]","args":[{"element-6066-11e4-a52e-4f735466cecf":"f.647512A71DDA687F9F591F39CAC5A62D.d.A37FB54D0C849C632E4B53996AD29288.e.17022","ELEMENT":"f.647512A71DDA687F9F591F39CAC5A62D.d.A37FB54D0C849C632E4B53996AD29288.e.17022"}]}
RESULT: {"script":"<script> [8489 bytes]","args":[{"element-6066-11e4-a52e-4f735466cecf":"f.647512A71DDA687F9F591F39CAC5A62D.d.A37FB54D0C849C632E4B53996AD29288.e.17022","ELEMENT":"f.647512A71DDA687F9F591F39CAC5A62D.d.A37FB54D0C849C632E4B53996AD29288.e.17022"}]}
COMMAND: GET /session/700a0ab92761895b5ec9a5372f8d46fb/screenshot - {}
COMMAND: POST /session/700a0ab92761895b5ec9a5372f8d46fb/execute/sync - {"script":"<script> [8489 bytes]","args":[{"element-6066-11e4-a52e-4f735466cecf":"f.647512A71DDA687F9F591F39CAC5A62D.d.A37FB54D0C849C632E4B53996AD29288.e.17022","ELEMENT":"f.647512A71DDA687F9F591F39CAC5A62D.d.A37FB54D0C849C632E4B53996AD29288.e.17022"}]}
RESULT: {}
RESULT: {"script":"<script> [8489 bytes]","args":[{"element-6066-11e4-a52e-4f735466cecf":"f.647512A71DDA687F9F591F39CAC5A62D.d.A37FB54D0C849C632E4B53996AD29288.e.17022","ELEMENT":"f.647512A71DDA687F9F591F39CAC5A62D.d.A37FB54D0C849C632E4B53996AD29288.e.17022"}]}
COMMAND: GET /session/700a0ab92761895b5ec9a5372f8d46fb/screenshot - {}
RESULT: {}
COMMAND: POST /session/700a0ab92761895b5ec9a5372f8d46fb/execute/sync - {"script":"<script> [8489 bytes]","args":[{"element-6066-11e4-a52e-4f735466cecf":"f.647512A71DDA687F9F591F39CAC5A62D.d.A37FB54D0C849C632E4B53996AD29288.e.17022","ELEMENT":"f.647512A71DDA687F9F591F39CAC5A62D.d.A37FB54D0C849C632E4B53996AD29288.e.17022"}]}
RESULT: {"script":"<script> [8489 bytes]","args":[{"element-6066-11e4-a52e-4f735466cecf":"f.647512A71DDA687F9F591F39CAC5A62D.d.A37FB54D0C849C632E4B53996AD29288.e.17022","ELEMENT":"f.647512A71DDA687F9F591F39CAC5A62D.d.A37FB54D0C849C632E4B53996AD29288.e.17022"}]}
COMMAND: GET /session/700a0ab92761895b5ec9a5372f8d46fb/screenshot - {}
RESULT: {}
COMMAND: POST /session/700a0ab92761895b5ec9a5372f8d46fb/execute/sync - {"script":"<script> [8489 bytes]","args":[{"element-6066-11e4-a52e-4f735466cecf":"f.647512A71DDA687F9F591F39CAC5A62D.d.A37FB54D0C849C632E4B53996AD29288.e.17022","ELEMENT":"f.647512A71DDA687F9F591F39CAC5A62D.d.A37FB54D0C849C632E4B53996AD29288.e.17022"}]}
RESULT: {"script":"<script> [8489 bytes]","args":[{"element-6066-11e4-a52e-4f735466cecf":"f.647512A71DDA687F9F591F39CAC5A62D.d.A37FB54D0C849C632E4B53996AD29288.e.17022","ELEMENT":"f.647512A71DDA687F9F591F39CAC5A62D.d.A37FB54D0C849C632E4B53996AD29288.e.17022"}]}
COMMAND: GET /session/700a0ab92761895b5ec9a5372f8d46fb/screenshot - {}
RESULT: {}
COMMAND: POST /session/700a0ab92761895b5ec9a5372f8d46fb/execute/sync - {"script":"<script> [8489 bytes]","args":[{"element-6066-11e4-a52e-4f735466cecf":"f.647512A71DDA687F9F591F39CAC5A62D.d.A37FB54D0C849C632E4B53996AD29288.e.17022","ELEMENT":"f.647512A71DDA687F9F591F39CAC5A62D.d.A37FB54D0C849C632E4B53996AD29288.e.17022"}]}
RESULT: {"script":"<script> [8489 bytes]","args":[{"element-6066-11e4-a52e-4f735466cecf":"f.647512A71DDA687F9F591F39CAC5A62D.d.A37FB54D0C849C632E4B53996AD29288.e.17022","ELEMENT":"f.647512A71DDA687F9F591F39CAC5A62D.d.A37FB54D0C849C632E4B53996AD29288.e.17022"}]}
COMMAND: GET /session/700a0ab92761895b5ec9a5372f8d46fb/screenshot - {}
RESULT: {}
COMMAND: POST /session/700a0ab92761895b5ec9a5372f8d46fb/execute/sync - {"script":"<script> [8489 bytes]","args":[{"element-6066-11e4-a52e-4f735466cecf":"f.647512A71DDA687F9F591F39CAC5A62D.d.A37FB54D0C849C632E4B53996AD29288.e.17022","ELEMENT":"f.647512A71DDA687F9F591F39CAC5A62D.d.A37FB54D0C849C632E4B53996AD29288.e.17022"}]}
RESULT: {"script":"<script> [8489 bytes]","args":[{"element-6066-11e4-a52e-4f735466cecf":"f.647512A71DDA687F9F591F39CAC5A62D.d.A37FB54D0C849C632E4B53996AD29288.e.17022","ELEMENT":"f.647512A71DDA687F9F591F39CAC5A62D.d.A37FB54D0C849C632E4B53996AD29288.e.17022"}]}
COMMAND: GET /session/700a0ab92761895b5ec9a5372f8d46fb/screenshot - {}
RESULT: {}
COMMAND: POST /session/700a0ab92761895b5ec9a5372f8d46fb/execute/sync - {"script":"<script> [8489 bytes]","args":[{"element-6066-11e4-a52e-4f735466cecf":"f.647512A71DDA687F9F591F39CAC5A62D.d.A37FB54D0C849C632E4B53996AD29288.e.17022","ELEMENT":"f.647512A71DDA687F9F591F39CAC5A62D.d.A37FB54D0C849C632E4B53996AD29288.e.17022"}]}
RESULT: {"script":"<script> [8489 bytes]","args":[{"element-6066-11e4-a52e-4f735466cecf":"f.647512A71DDA687F9F591F39CAC5A62D.d.A37FB54D0C849C632E4B53996AD29288.e.17022","ELEMENT":"f.647512A71DDA687F9F591F39CAC5A62D.d.A37FB54D0C849C632E4B53996AD29288.e.17022"}]}
COMMAND: GET /session/700a0ab92761895b5ec9a5372f8d46fb/screenshot - {}
RESULT: {}
COMMAND: POST /session/700a0ab92761895b5ec9a5372f8d46fb/execute/sync - {"script":"<script> [8489 bytes]","args":[{"element-6066-11e4-a52e-4f735466cecf":"f.647512A71DDA687F9F591F39CAC5A62D.d.A37FB54D0C849C632E4B53996AD29288.e.17022","ELEMENT":"f.647512A71DDA687F9F591F39CAC5A62D.d.A37FB54D0C849C632E4B53996AD29288.e.17022"}]}
RESULT: {"script":"<script> [8489 bytes]","args":[{"element-6066-11e4-a52e-4f735466cecf":"f.647512A71DDA687F9F591F39CAC5A62D.d.A37FB54D0C849C632E4B53996AD29288.e.17022","ELEMENT":"f.647512A71DDA687F9F591F39CAC5A62D.d.A37FB54D0C849C632E4B53996AD29288.e.17022"}]}
COMMAND: GET /session/700a0ab92761895b5ec9a5372f8d46fb/screenshot - {}
RESULT: {}
COMMAND: POST /session/700a0ab92761895b5ec9a5372f8d46fb/execute/sync - {"script":"<script> [8489 bytes]","args":[{"element-6066-11e4-a52e-4f735466cecf":"f.647512A71DDA687F9F591F39CAC5A62D.d.A37FB54D0C849C632E4B53996AD29288.e.17022","ELEMENT":"f.647512A71DDA687F9F591F39CAC5A62D.d.A37FB54D0C849C632E4B53996AD29288.e.17022"}]}
RESULT: {"script":"<script> [8489 bytes]","args":[{"element-6066-11e4-a52e-4f735466cecf":"f.647512A71DDA687F9F591F39CAC5A62D.d.A37FB54D0C849C632E4B53996AD29288.e.17022","ELEMENT":"f.647512A71DDA687F9F591F39CAC5A62D.d.A37FB54D0C849C632E4B53996AD29288.e.17022"}]}
COMMAND: GET /session/700a0ab92761895b5ec9a5372f8d46fb/screenshot - {}
RESULT: {}
COMMAND: POST /session/700a0ab92761895b5ec9a5372f8d46fb/execute/sync - {"script":"<script> [8489 bytes]","args":[{"element-6066-11e4-a52e-4f735466cecf":"f.647512A71DDA687F9F591F39CAC5A62D.d.A37FB54D0C849C632E4B53996AD29288.e.17022","ELEMENT":"f.647512A71DDA687F9F591F39CAC5A62D.d.A37FB54D0C849C632E4B53996AD29288.e.17022"}]}
RESULT: {"script":"<script> [8489 bytes]","args":[{"element-6066-11e4-a52e-4f735466cecf":"f.647512A71DDA687F9F591F39CAC5A62D.d.A37FB54D0C849C632E4B53996AD29288.e.17022","ELEMENT":"f.647512A71DDA687F9F591F39CAC5A62D.d.A37FB54D0C849C632E4B53996AD29288.e.17022"}]}
COMMAND: GET /session/700a0ab92761895b5ec9a5372f8d46fb/screenshot - {}
RESULT: {}
COMMAND: POST /session/700a0ab92761895b5ec9a5372f8d46fb/execute/async - {"script":"<script> [1562 bytes]","args":[{"selector":{"id":"administrationTabFilter","viewName":"etm.portal.ui.managehandovers.view.DetailExecuteHO","interaction":{"idSuffix":"text"}},"wdio_ui5_key":"administrationTabFilteretmportal.ui.managehandovers.view.DetailExecuteHO"}]}
RESULT: {"script":"<script> [1562 bytes]","args":[{"selector":{"id":"administrationTabFilter","viewName":"etm.portal.ui.managehandovers.view.DetailExecuteHO","interaction":{"idSuffix":"text"}},"wdio_ui5_key":"administrationTabFilteretmportal.ui.managehandovers.view.DetailExecuteHO"}]}
RESULT: undefined
COMMAND: POST /session/700a0ab92761895b5ec9a5372f8d46fb/element - {"using":"xpath","value":"//*[@id=\"__xmlview59--administrationTabFilter\"]"}
RESULT: {"using":"xpath","value":"//*[@id=\"__xmlview59--administrationTabFilter\"]"}
COMMAND: POST /session/700a0ab92761895b5ec9a5372f8d46fb/element/f.647512A71DDA687F9F591F39CAC5A62D.d.A37FB54D0C849C632E4B53996AD29288.e.17066/click - {}
RESULT: {}
RESULT: undefined
COMMAND: POST /session/700a0ab92761895b5ec9a5372f8d46fb/element - {"using":"xpath","value":"//*[@id=\"__xmlview59--administrationTabFilter\"]"}
COMMAND: GET /session/700a0ab92761895b5ec9a5372f8d46fb/screenshot - {}
RESULT: {"using":"xpath","value":"//*[@id=\"__xmlview59--administrationTabFilter\"]"}
COMMAND: POST /session/700a0ab92761895b5ec9a5372f8d46fb/element/f.647512A71DDA687F9F591F39CAC5A62D.d.A37FB54D0C849C632E4B53996AD29288.e.17066/click - {}
RESULT: {}
RESULT: {}
COMMAND: GET /session/700a0ab92761895b5ec9a5372f8d46fb/screenshot - {}
RESULT: {}
COMMAND: POST /session/700a0ab92761895b5ec9a5372f8d46fb/element - {"using":"xpath","value":"//bdi[(text() = 'Confirm' or . = 'Confirm')]"}
RESULT: {"using":"xpath","value":"//bdi[(text() = 'Confirm' or . = 'Confirm')]"}
COMMAND: POST /session/700a0ab92761895b5ec9a5372f8d46fb/element/f.647512A71DDA687F9F591F39CAC5A62D.d.A37FB54D0C849C632E4B53996AD29288.e.17074/click - {}
RESULT: {}
COMMAND: GET /session/700a0ab92761895b5ec9a5372f8d46fb/screenshot - {}
RESULT: {}
COMMAND: POST /session/700a0ab92761895b5ec9a5372f8d46fb/execute/async - {"script":"<script> [1562 bytes]","args":[{"selector":{"id":"confirmationButton","viewName":"etm.portal.ui.managehandovers.view.DetailExecuteHO","interaction":{"idSuffix":"BDI-content"}},"wdio_ui5_key":"confirmationButtonetmportal.ui.managehandovers.view.DetailExecuteHO"}]}
RESULT: {"script":"<script> [1562 bytes]","args":[{"selector":{"id":"confirmationButton","viewName":"etm.portal.ui.managehandovers.view.DetailExecuteHO","interaction":{"idSuffix":"BDI-content"}},"wdio_ui5_key":"confirmationButtonetmportal.ui.managehandovers.view.DetailExecuteHO"}]}
RESULT: undefined
COMMAND: POST /session/700a0ab92761895b5ec9a5372f8d46fb/element - {"using":"xpath","value":"(//bdi[text()='Receive'])[2]"}
RESULT: {"using":"xpath","value":"(//bdi[text()='Receive'])[2]"}
COMMAND: GET /session/700a0ab92761895b5ec9a5372f8d46fb/element/f.647512A71DDA687F9F591F39CAC5A62D.d.A37FB54D0C849C632E4B53996AD29288.e.17078/enabled - {}
RESULT: {}
COMMAND: POST /session/700a0ab92761895b5ec9a5372f8d46fb/execute/sync - {"script":"<script> [8489 bytes]","args":[{"element-6066-11e4-a52e-4f735466cecf":"f.647512A71DDA687F9F591F39CAC5A62D.d.A37FB54D0C849C632E4B53996AD29288.e.17078","ELEMENT":"f.647512A71DDA687F9F591F39CAC5A62D.d.A37FB54D0C849C632E4B53996AD29288.e.17078"}]}
COMMAND: GET /session/700a0ab92761895b5ec9a5372f8d46fb/screenshot - {}
RESULT: {"script":"<script> [8489 bytes]","args":[{"element-6066-11e4-a52e-4f735466cecf":"f.647512A71DDA687F9F591F39CAC5A62D.d.A37FB54D0C849C632E4B53996AD29288.e.17078","ELEMENT":"f.647512A71DDA687F9F591F39CAC5A62D.d.A37FB54D0C849C632E4B53996AD29288.e.17078"}]}
COMMAND: POST /session/700a0ab92761895b5ec9a5372f8d46fb/execute/sync - {"script":"<script> [5351 bytes]","args":[{"element-6066-11e4-a52e-4f735466cecf":"f.647512A71DDA687F9F591F39CAC5A62D.d.A37FB54D0C849C632E4B53996AD29288.e.17078","ELEMENT":"f.647512A71DDA687F9F591F39CAC5A62D.d.A37FB54D0C849C632E4B53996AD29288.e.17078"}]}
COMMAND: GET /session/700a0ab92761895b5ec9a5372f8d46fb/screenshot - {}
RESULT: {}
RESULT: {"script":"<script> [5351 bytes]","args":[{"element-6066-11e4-a52e-4f735466cecf":"f.647512A71DDA687F9F591F39CAC5A62D.d.A37FB54D0C849C632E4B53996AD29288.e.17078","ELEMENT":"f.647512A71DDA687F9F591F39CAC5A62D.d.A37FB54D0C849C632E4B53996AD29288.e.17078"}]}
COMMAND: POST /session/700a0ab92761895b5ec9a5372f8d46fb/element/f.647512A71DDA687F9F591F39CAC5A62D.d.A37FB54D0C849C632E4B53996AD29288.e.17078/click - {}
COMMAND: GET /session/700a0ab92761895b5ec9a5372f8d46fb/screenshot - {}
RESULT: {}
RESULT: {}
COMMAND: GET /session/700a0ab92761895b5ec9a5372f8d46fb/screenshot - {}
RESULT: {}
RESULT: {}
COMMAND: POST /session/700a0ab92761895b5ec9a5372f8d46fb/element - {"using":"css selector","value":"#shell-header-logo"}
RESULT: {"using":"css selector","value":"#shell-header-logo"}
COMMAND: POST /session/700a0ab92761895b5ec9a5372f8d46fb/element/f.647512A71DDA687F9F591F39CAC5A62D.d.A37FB54D0C849C632E4B53996AD29288.e.16508/click - {}
RESULT: {}
COMMAND: GET /session/700a0ab92761895b5ec9a5372f8d46fb/screenshot - {}
RESULT: {}
]]></system-out>
    </testcase>
    <testcase classname="chrome.135_0_7049_96.windows.Provide_to_Site_w/o_warehouse_management_w_clarification" name="Should create a new contract" time="66.024">
      <system-out><![CDATA[
COMMAND: POST /session/700a0ab92761895b5ec9a5372f8d46fb/execute/async - {"script":"<script> [1562 bytes]","args":[{"selector":{"controlType":"sap.m.GenericTile","properties":{"header":"Manage Contracts"}},"wdio_ui5_key":"sapm.GenericTile{\"header\":\"Manage Contracts\"}"}]}
RESULT: {"script":"<script> [1562 bytes]","args":[{"selector":{"controlType":"sap.m.GenericTile","properties":{"header":"Manage Contracts"}},"wdio_ui5_key":"sapm.GenericTile{\"header\":\"Manage Contracts\"}"}]}
RESULT: undefined
COMMAND: POST /session/700a0ab92761895b5ec9a5372f8d46fb/element - {"using":"xpath","value":"//*[@id=\"__tile130\"]"}
RESULT: {"using":"xpath","value":"//*[@id=\"__tile130\"]"}
COMMAND: POST /session/700a0ab92761895b5ec9a5372f8d46fb/element/f.647512A71DDA687F9F591F39CAC5A62D.d.A37FB54D0C849C632E4B53996AD29288.e.17273/click - {}
RESULT: {}
COMMAND: GET /session/700a0ab92761895b5ec9a5372f8d46fb/screenshot - {}
COMMAND: POST /session/700a0ab92761895b5ec9a5372f8d46fb/execute/async - {"script":"<script> [1562 bytes]","args":[{"selector":{"controlType":"sap.ui.core.Icon","viewName":"etm.portal.ui.managecontracts.view.Master","properties":{"src":{"regex":{"source":"add"}}}},"wdio_ui5_key":"etmportal.ui.managecontracts.view.Mastersap.ui.core.Icon{\"src\":{\"regex\":{\"source\":\"add\"}}}"}]}
RESULT: undefined
RESULT: undefined
RESULT: {}
RESULT: {"script":"<script> [1562 bytes]","args":[{"selector":{"controlType":"sap.ui.core.Icon","viewName":"etm.portal.ui.managecontracts.view.Master","properties":{"src":{"regex":{"source":"add"}}}},"wdio_ui5_key":"etmportal.ui.managecontracts.view.Mastersap.ui.core.Icon{\"src\":{\"regex\":{\"source\":\"add\"}}}"}]}
RESULT: undefined
COMMAND: POST /session/700a0ab92761895b5ec9a5372f8d46fb/element - {"using":"xpath","value":"//*[@id=\"__button298-img\"]"}
RESULT: {"using":"xpath","value":"//*[@id=\"__button298-img\"]"}
COMMAND: POST /session/700a0ab92761895b5ec9a5372f8d46fb/element/f.647512A71DDA687F9F591F39CAC5A62D.d.A37FB54D0C849C632E4B53996AD29288.e.17352/click - {}
RESULT: {}
COMMAND: POST /session/700a0ab92761895b5ec9a5372f8d46fb/execute/async - {"script":"<script> [1562 bytes]","args":[{"selector":{"id":"application-managecontracts-display-component---AddNewContract--projectDescription","interaction":{"idSuffix":"inner"}},"wdio_ui5_key":"applicationmanagecontracts-display-component---AddNewContract--projectDescription"}]}
COMMAND: GET /session/700a0ab92761895b5ec9a5372f8d46fb/screenshot - {}
RESULT: {"script":"<script> [1562 bytes]","args":[{"selector":{"id":"application-managecontracts-display-component---AddNewContract--projectDescription","interaction":{"idSuffix":"inner"}},"wdio_ui5_key":"applicationmanagecontracts-display-component---AddNewContract--projectDescription"}]}
RESULT: undefined
COMMAND: POST /session/700a0ab92761895b5ec9a5372f8d46fb/execute/async - {"script":"<script> [776 bytes]","args":[{"enterText":"wdi5 contract for billing","selector":{"id":"application-managecontracts-display-component---AddNewContract--projectDescription","interaction":{"idSuffix":"inner"}},"clearTextFirst":true,"interactionType":"ENTER_TEXT"}]}
RESULT: {}
RESULT: {"script":"<script> [776 bytes]","args":[{"enterText":"wdi5 contract for billing","selector":{"id":"application-managecontracts-display-component---AddNewContract--projectDescription","interaction":{"idSuffix":"inner"}},"clearTextFirst":true,"interactionType":"ENTER_TEXT"}]}
COMMAND: POST /session/700a0ab92761895b5ec9a5372f8d46fb/element - {"using":"xpath","value":"//input[@id=\"application-managecontracts-display-component---AddNewContract--customerSelect-inner\"]"}
RESULT: {"using":"xpath","value":"//input[@id=\"application-managecontracts-display-component---AddNewContract--customerSelect-inner\"]"}
COMMAND: POST /session/700a0ab92761895b5ec9a5372f8d46fb/element/f.647512A71DDA687F9F591F39CAC5A62D.d.A37FB54D0C849C632E4B53996AD29288.e.17613/clear - {}
RESULT: {}
COMMAND: POST /session/700a0ab92761895b5ec9a5372f8d46fb/element/f.647512A71DDA687F9F591F39CAC5A62D.d.A37FB54D0C849C632E4B53996AD29288.e.17613/value - {"text":"1637"}
COMMAND: GET /session/700a0ab92761895b5ec9a5372f8d46fb/screenshot - {}
RESULT: {"text":"1637"}
COMMAND: GET /session/700a0ab92761895b5ec9a5372f8d46fb/screenshot - {}
RESULT: {}
RESULT: {}
COMMAND: POST /session/700a0ab92761895b5ec9a5372f8d46fb/actions - {"actions":[{"id":"action59","type":"key","parameters":{},"actions":[{"type":"keyDown","value":"î€‡"},{"type":"pause","duration":10},{"type":"keyUp","value":"î€‡"}]}]}
RESULT: {"actions":[{"id":"action59","type":"key","parameters":{},"actions":[{"type":"keyDown","value":"î€‡"},{"type":"pause","duration":10},{"type":"keyUp","value":"î€‡"}]}]}
COMMAND: POST /session/700a0ab92761895b5ec9a5372f8d46fb/element - {"using":"xpath","value":"//input[@id=\"application-managecontracts-display-component---AddNewContract--site-inner\"]"}
COMMAND: GET /session/700a0ab92761895b5ec9a5372f8d46fb/screenshot - {}
RESULT: {"using":"xpath","value":"//input[@id=\"application-managecontracts-display-component---AddNewContract--site-inner\"]"}
COMMAND: POST /session/700a0ab92761895b5ec9a5372f8d46fb/element/f.647512A71DDA687F9F591F39CAC5A62D.d.A37FB54D0C849C632E4B53996AD29288.e.17614/clear - {}
RESULT: {}
RESULT: {}
COMMAND: POST /session/700a0ab92761895b5ec9a5372f8d46fb/element/f.647512A71DDA687F9F591F39CAC5A62D.d.A37FB54D0C849C632E4B53996AD29288.e.17614/value - {"text":"2595"}
COMMAND: GET /session/700a0ab92761895b5ec9a5372f8d46fb/screenshot - {}
RESULT: {"text":"2595"}
COMMAND: GET /session/700a0ab92761895b5ec9a5372f8d46fb/screenshot - {}
COMMAND: POST /session/700a0ab92761895b5ec9a5372f8d46fb/actions - {"actions":[{"id":"action60","type":"key","parameters":{},"actions":[{"type":"keyDown","value":"î€‡"},{"type":"pause","duration":10},{"type":"keyUp","value":"î€‡"}]}]}
RESULT: {}
RESULT: {}
RESULT: {"actions":[{"id":"action60","type":"key","parameters":{},"actions":[{"type":"keyDown","value":"î€‡"},{"type":"pause","duration":10},{"type":"keyUp","value":"î€‡"}]}]}
COMMAND: POST /session/700a0ab92761895b5ec9a5372f8d46fb/execute/async - {"script":"<script> [1562 bytes]","args":[{"selector":{"id":"application-managecontracts-display-component---AddNewContract--calendarInput","interaction":{"idSuffix":"inner"}},"wdio_ui5_key":"applicationmanagecontracts-display-component---AddNewContract--calendarInput"}]}
COMMAND: GET /session/700a0ab92761895b5ec9a5372f8d46fb/screenshot - {}
RESULT: {"script":"<script> [1562 bytes]","args":[{"selector":{"id":"application-managecontracts-display-component---AddNewContract--calendarInput","interaction":{"idSuffix":"inner"}},"wdio_ui5_key":"applicationmanagecontracts-display-component---AddNewContract--calendarInput"}]}
RESULT: undefined
COMMAND: POST /session/700a0ab92761895b5ec9a5372f8d46fb/execute/async - {"script":"<script> [776 bytes]","args":[{"enterText":"1 - Calendar unit test patch","selector":{"id":"application-managecontracts-display-component---AddNewContract--calendarInput","interaction":{"idSuffix":"inner"}},"clearTextFirst":true,"interactionType":"ENTER_TEXT"}]}
RESULT: {}
RESULT: {"script":"<script> [776 bytes]","args":[{"enterText":"1 - Calendar unit test patch","selector":{"id":"application-managecontracts-display-component---AddNewContract--calendarInput","interaction":{"idSuffix":"inner"}},"clearTextFirst":true,"interactionType":"ENTER_TEXT"}]}
COMMAND: POST /session/700a0ab92761895b5ec9a5372f8d46fb/actions - {"actions":[{"id":"action61","type":"key","parameters":{},"actions":[{"type":"keyDown","value":"î€‡"},{"type":"pause","duration":10},{"type":"keyUp","value":"î€‡"}]}]}
RESULT: {"actions":[{"id":"action61","type":"key","parameters":{},"actions":[{"type":"keyDown","value":"î€‡"},{"type":"pause","duration":10},{"type":"keyUp","value":"î€‡"}]}]}
COMMAND: POST /session/700a0ab92761895b5ec9a5372f8d46fb/execute/async - {"script":"<script> [1562 bytes]","args":[{"selector":{"id":"application-managecontracts-display-component---AddNewContract--languageCB","interaction":{"idSuffix":"inner"}},"wdio_ui5_key":"applicationmanagecontracts-display-component---AddNewContract--languageCB"}]}
COMMAND: GET /session/700a0ab92761895b5ec9a5372f8d46fb/screenshot - {}
RESULT: {"script":"<script> [1562 bytes]","args":[{"selector":{"id":"application-managecontracts-display-component---AddNewContract--languageCB","interaction":{"idSuffix":"inner"}},"wdio_ui5_key":"applicationmanagecontracts-display-component---AddNewContract--languageCB"}]}
RESULT: undefined
COMMAND: POST /session/700a0ab92761895b5ec9a5372f8d46fb/execute/async - {"script":"<script> [776 bytes]","args":[{"enterText":"EN - English","selector":{"id":"application-managecontracts-display-component---AddNewContract--languageCB","interaction":{"idSuffix":"inner"}},"clearTextFirst":true,"interactionType":"ENTER_TEXT"}]}
RESULT: {}
RESULT: {"script":"<script> [776 bytes]","args":[{"enterText":"EN - English","selector":{"id":"application-managecontracts-display-component---AddNewContract--languageCB","interaction":{"idSuffix":"inner"}},"clearTextFirst":true,"interactionType":"ENTER_TEXT"}]}
COMMAND: POST /session/700a0ab92761895b5ec9a5372f8d46fb/actions - {"actions":[{"id":"action62","type":"key","parameters":{},"actions":[{"type":"keyDown","value":"î€‡"},{"type":"pause","duration":10},{"type":"keyUp","value":"î€‡"}]}]}
RESULT: {"actions":[{"id":"action62","type":"key","parameters":{},"actions":[{"type":"keyDown","value":"î€‡"},{"type":"pause","duration":10},{"type":"keyUp","value":"î€‡"}]}]}
COMMAND: POST /session/700a0ab92761895b5ec9a5372f8d46fb/execute/async - {"script":"<script> [1562 bytes]","args":[{"selector":{"id":"application-managecontracts-display-component---AddNewContract--saveBtn","interaction":{"idSuffix":"BDI-content"}},"wdio_ui5_key":"applicationmanagecontracts-display-component---AddNewContract--saveBtn"}]}
COMMAND: GET /session/700a0ab92761895b5ec9a5372f8d46fb/screenshot - {}
RESULT: {"script":"<script> [1562 bytes]","args":[{"selector":{"id":"application-managecontracts-display-component---AddNewContract--saveBtn","interaction":{"idSuffix":"BDI-content"}},"wdio_ui5_key":"applicationmanagecontracts-display-component---AddNewContract--saveBtn"}]}
RESULT: undefined
COMMAND: POST /session/700a0ab92761895b5ec9a5372f8d46fb/element - {"using":"xpath","value":"//*[@id=\"application-managecontracts-display-component---AddNewContract--saveBtn\"]"}
RESULT: {}
RESULT: {"using":"xpath","value":"//*[@id=\"application-managecontracts-display-component---AddNewContract--saveBtn\"]"}
COMMAND: POST /session/700a0ab92761895b5ec9a5372f8d46fb/element/f.647512A71DDA687F9F591F39CAC5A62D.d.A37FB54D0C849C632E4B53996AD29288.e.17628/click - {}
RESULT: {}
COMMAND: GET /session/700a0ab92761895b5ec9a5372f8d46fb/screenshot - {}
RESULT: {}
COMMAND: POST /session/700a0ab92761895b5ec9a5372f8d46fb/execute/async - {"script":"<script> [1562 bytes]","args":[{"selector":{"id":"contractDetailTitleNoExpanded","viewName":"etm.portal.ui.managecontracts.view.Detail"},"wdio_ui5_key":"contractDetailTitleNoExpandedetmportal.ui.managecontracts.view.Detail"}]}
RESULT: {"script":"<script> [1562 bytes]","args":[{"selector":{"id":"contractDetailTitleNoExpanded","viewName":"etm.portal.ui.managecontracts.view.Detail"},"wdio_ui5_key":"contractDetailTitleNoExpandedetmportal.ui.managecontracts.view.Detail"}]}
RESULT: undefined
COMMAND: POST /session/700a0ab92761895b5ec9a5372f8d46fb/execute/async - {"script":"<script> [6424 bytes]","args":[{"element-6066-11e4-a52e-4f735466cecf":"f.647512A71DDA687F9F591F39CAC5A62D.d.A37FB54D0C849C632E4B53996AD29288.e.17715"},"getText",[]]}
RESULT: {"script":"<script> [6424 bytes]","args":[{"element-6066-11e4-a52e-4f735466cecf":"f.647512A71DDA687F9F591F39CAC5A62D.d.A37FB54D0C849C632E4B53996AD29288.e.17715"},"getText",[]]}
]]></system-out>
    </testcase>
    <testcase classname="chrome.135_0_7049_96.windows.Provide_to_Site_w/o_warehouse_management_w_clarification" name="Should add resource to the contract" time="58.805">
      <system-out><![CDATA[
COMMAND: POST /session/700a0ab92761895b5ec9a5372f8d46fb/execute/async - {"script":"<script> [1562 bytes]","args":[{"selector":{"id":"contractDetailEditBtn","viewName":"etm.portal.ui.managecontracts.view.Detail","interaction":{"idSuffix":"BDI-content"}},"wdio_ui5_key":"contractDetailEditBtnetmportal.ui.managecontracts.view.Detail"}]}
RESULT: {"script":"<script> [1562 bytes]","args":[{"selector":{"id":"contractDetailEditBtn","viewName":"etm.portal.ui.managecontracts.view.Detail","interaction":{"idSuffix":"BDI-content"}},"wdio_ui5_key":"contractDetailEditBtnetmportal.ui.managecontracts.view.Detail"}]}
RESULT: undefined
COMMAND: POST /session/700a0ab92761895b5ec9a5372f8d46fb/element - {"using":"xpath","value":"//*[@id=\"__xmlview61--contractDetailEditBtn\"]"}
RESULT: {"using":"xpath","value":"//*[@id=\"__xmlview61--contractDetailEditBtn\"]"}
COMMAND: POST /session/700a0ab92761895b5ec9a5372f8d46fb/element/f.647512A71DDA687F9F591F39CAC5A62D.d.A37FB54D0C849C632E4B53996AD29288.e.17717/click - {}
RESULT: {}
COMMAND: GET /session/700a0ab92761895b5ec9a5372f8d46fb/screenshot - {}
RESULT: {}
COMMAND: POST /session/700a0ab92761895b5ec9a5372f8d46fb/execute/async - {"script":"<script> [1562 bytes]","args":[{"selector":{"id":"additionalAddressesTabFilter","viewName":"etm.portal.ui.managecontracts.view.EditContract","interaction":{"idSuffix":"text"}},"wdio_ui5_key":"additionalAddressesTabFilteretmportal.ui.managecontracts.view.EditContract"}]}
RESULT: {"script":"<script> [1562 bytes]","args":[{"selector":{"id":"additionalAddressesTabFilter","viewName":"etm.portal.ui.managecontracts.view.EditContract","interaction":{"idSuffix":"text"}},"wdio_ui5_key":"additionalAddressesTabFilteretmportal.ui.managecontracts.view.EditContract"}]}
RESULT: undefined
COMMAND: POST /session/700a0ab92761895b5ec9a5372f8d46fb/element - {"using":"xpath","value":"//*[@id=\"__xmlview62--additionalAddressesTabFilter\"]"}
RESULT: {"using":"xpath","value":"//*[@id=\"__xmlview62--additionalAddressesTabFilter\"]"}
COMMAND: POST /session/700a0ab92761895b5ec9a5372f8d46fb/element/f.647512A71DDA687F9F591F39CAC5A62D.d.A37FB54D0C849C632E4B53996AD29288.e.17775/click - {}
RESULT: {}
RESULT: undefined
COMMAND: POST /session/700a0ab92761895b5ec9a5372f8d46fb/element - {"using":"xpath","value":"//*[@id=\"__xmlview62--additionalAddressesTabFilter\"]"}
COMMAND: GET /session/700a0ab92761895b5ec9a5372f8d46fb/screenshot - {}
RESULT: {"using":"xpath","value":"//*[@id=\"__xmlview62--additionalAddressesTabFilter\"]"}
COMMAND: POST /session/700a0ab92761895b5ec9a5372f8d46fb/element/f.647512A71DDA687F9F591F39CAC5A62D.d.A37FB54D0C849C632E4B53996AD29288.e.17775/click - {}
RESULT: {}
RESULT: {}
COMMAND: POST /session/700a0ab92761895b5ec9a5372f8d46fb/execute/async - {"script":"<script> [1562 bytes]","args":[{"selector":{"controlType":"sap.ui.core.Icon","viewName":"etm.portal.ui.managecontracts.view.EditContract","properties":{"src":{"regex":{"source":"add"}}}},"wdio_ui5_key":"etmportal.ui.managecontracts.view.EditContractsap.ui.core.Icon{\"src\":{\"regex\":{\"source\":\"add\"}}}"}]}
COMMAND: GET /session/700a0ab92761895b5ec9a5372f8d46fb/screenshot - {}
RESULT: {"script":"<script> [1562 bytes]","args":[{"selector":{"controlType":"sap.ui.core.Icon","viewName":"etm.portal.ui.managecontracts.view.EditContract","properties":{"src":{"regex":{"source":"add"}}}},"wdio_ui5_key":"etmportal.ui.managecontracts.view.EditContractsap.ui.core.Icon{\"src\":{\"regex\":{\"source\":\"add\"}}}"}]}
RESULT: undefined
COMMAND: POST /session/700a0ab92761895b5ec9a5372f8d46fb/element - {"using":"xpath","value":"//*[@id=\"__xmlview62--btnAddTableRow-img\"]"}
RESULT: {}
RESULT: {"using":"xpath","value":"//*[@id=\"__xmlview62--btnAddTableRow-img\"]"}
COMMAND: POST /session/700a0ab92761895b5ec9a5372f8d46fb/element/f.647512A71DDA687F9F591F39CAC5A62D.d.A37FB54D0C849C632E4B53996AD29288.e.17778/click - {}
RESULT: {}
COMMAND: POST /session/700a0ab92761895b5ec9a5372f8d46fb/element - {"using":"xpath","value":"//div[(text() = 'Standard Entry' or . = 'Standard Entry')]"}
COMMAND: GET /session/700a0ab92761895b5ec9a5372f8d46fb/screenshot - {}
RESULT: {"using":"xpath","value":"//div[(text() = 'Standard Entry' or . = 'Standard Entry')]"}
COMMAND: POST /session/700a0ab92761895b5ec9a5372f8d46fb/element/f.647512A71DDA687F9F591F39CAC5A62D.d.A37FB54D0C849C632E4B53996AD29288.e.17780/click - {}
RESULT: {}
RESULT: {}
COMMAND: POST /session/700a0ab92761895b5ec9a5372f8d46fb/execute/async - {"script":"<script> [1562 bytes]","args":[{"selector":{"controlType":"sap.ui.core.Icon","viewName":"etm.portal.ui.managecontracts.view.EditContract","properties":{"src":{"regex":{"source":"inspect"}}}},"wdio_ui5_key":"etmportal.ui.managecontracts.view.EditContractsap.ui.core.Icon{\"src\":{\"regex\":{\"source\":\"inspect\"}}}"}]}
COMMAND: GET /session/700a0ab92761895b5ec9a5372f8d46fb/screenshot - {}
RESULT: {"script":"<script> [1562 bytes]","args":[{"selector":{"controlType":"sap.ui.core.Icon","viewName":"etm.portal.ui.managecontracts.view.EditContract","properties":{"src":{"regex":{"source":"inspect"}}}},"wdio_ui5_key":"etmportal.ui.managecontracts.view.EditContractsap.ui.core.Icon{\"src\":{\"regex\":{\"source\":\"inspect\"}}}"}]}
RESULT: undefined
COMMAND: POST /session/700a0ab92761895b5ec9a5372f8d46fb/element - {"using":"xpath","value":"//*[@id=\"__button324-img\"]"}
RESULT: {}
RESULT: {"using":"xpath","value":"//*[@id=\"__button324-img\"]"}
COMMAND: POST /session/700a0ab92761895b5ec9a5372f8d46fb/element/f.647512A71DDA687F9F591F39CAC5A62D.d.A37FB54D0C849C632E4B53996AD29288.e.17792/click - {}
RESULT: {}
COMMAND: GET /session/700a0ab92761895b5ec9a5372f8d46fb/screenshot - {}
RESULT: {}
COMMAND: POST /session/700a0ab92761895b5ec9a5372f8d46fb/element - {"using":"xpath","value":"//td[6]/div/div/input[1]"}
RESULT: {"using":"xpath","value":"//td[6]/div/div/input[1]"}
COMMAND: POST /session/700a0ab92761895b5ec9a5372f8d46fb/element/f.647512A71DDA687F9F591F39CAC5A62D.d.A37FB54D0C849C632E4B53996AD29288.e.17782/clear - {}
RESULT: {}
COMMAND: GET /session/700a0ab92761895b5ec9a5372f8d46fb/screenshot - {}
RESULT: {}
COMMAND: POST /session/700a0ab92761895b5ec9a5372f8d46fb/element - {"using":"xpath","value":"//td[6]/div/div/input[1]"}
RESULT: {"using":"xpath","value":"//td[6]/div/div/input[1]"}
COMMAND: POST /session/700a0ab92761895b5ec9a5372f8d46fb/element/f.647512A71DDA687F9F591F39CAC5A62D.d.A37FB54D0C849C632E4B53996AD29288.e.17808/click - {}
RESULT: {}
COMMAND: POST /session/700a0ab92761895b5ec9a5372f8d46fb/actions - {"actions":[{"id":"action63","type":"key","parameters":{},"actions":[{"type":"keyDown","value":"î€ƒ"},{"type":"pause","duration":10},{"type":"keyUp","value":"î€ƒ"}]}]}
COMMAND: GET /session/700a0ab92761895b5ec9a5372f8d46fb/screenshot - {}
RESULT: {"actions":[{"id":"action63","type":"key","parameters":{},"actions":[{"type":"keyDown","value":"î€ƒ"},{"type":"pause","duration":10},{"type":"keyUp","value":"î€ƒ"}]}]}
COMMAND: POST /session/700a0ab92761895b5ec9a5372f8d46fb/element - {"using":"xpath","value":"//td[6]/div/div/input[1]"}
COMMAND: GET /session/700a0ab92761895b5ec9a5372f8d46fb/screenshot - {}
RESULT: {}
RESULT: {"using":"xpath","value":"//td[6]/div/div/input[1]"}
COMMAND: POST /session/700a0ab92761895b5ec9a5372f8d46fb/element/f.647512A71DDA687F9F591F39CAC5A62D.d.A37FB54D0C849C632E4B53996AD29288.e.17808/clear - {}
RESULT: {}
RESULT: {}
COMMAND: POST /session/700a0ab92761895b5ec9a5372f8d46fb/element/f.647512A71DDA687F9F591F39CAC5A62D.d.A37FB54D0C849C632E4B53996AD29288.e.17808/value - {"text":"Material"}
COMMAND: GET /session/700a0ab92761895b5ec9a5372f8d46fb/screenshot - {}
RESULT: {"text":"Material"}
COMMAND: GET /session/700a0ab92761895b5ec9a5372f8d46fb/screenshot - {}
RESULT: {}
RESULT: {}
COMMAND: POST /session/700a0ab92761895b5ec9a5372f8d46fb/actions - {"actions":[{"id":"action64","type":"key","parameters":{},"actions":[{"type":"keyDown","value":"î€‡"},{"type":"pause","duration":10},{"type":"keyUp","value":"î€‡"}]}]}
RESULT: {"actions":[{"id":"action64","type":"key","parameters":{},"actions":[{"type":"keyDown","value":"î€‡"},{"type":"pause","duration":10},{"type":"keyUp","value":"î€‡"}]}]}
COMMAND: POST /session/700a0ab92761895b5ec9a5372f8d46fb/element - {"using":"xpath","value":"//td[7]/div/div/input[1]"}
COMMAND: GET /session/700a0ab92761895b5ec9a5372f8d46fb/screenshot - {}
RESULT: {"using":"xpath","value":"//td[7]/div/div/input[1]"}
COMMAND: POST /session/700a0ab92761895b5ec9a5372f8d46fb/element/f.647512A71DDA687F9F591F39CAC5A62D.d.A37FB54D0C849C632E4B53996AD29288.e.17830/clear - {}
RESULT: {}
RESULT: {}
COMMAND: POST /session/700a0ab92761895b5ec9a5372f8d46fb/element/f.647512A71DDA687F9F591F39CAC5A62D.d.A37FB54D0C849C632E4B53996AD29288.e.17830/value - {"text":"200521"}
COMMAND: GET /session/700a0ab92761895b5ec9a5372f8d46fb/screenshot - {}
RESULT: {"text":"200521"}
COMMAND: GET /session/700a0ab92761895b5ec9a5372f8d46fb/screenshot - {}
RESULT: {}
RESULT: {}
COMMAND: POST /session/700a0ab92761895b5ec9a5372f8d46fb/actions - {"actions":[{"id":"action65","type":"key","parameters":{},"actions":[{"type":"keyDown","value":"î€‡"},{"type":"pause","duration":10},{"type":"keyUp","value":"î€‡"}]}]}
RESULT: {"actions":[{"id":"action65","type":"key","parameters":{},"actions":[{"type":"keyDown","value":"î€‡"},{"type":"pause","duration":10},{"type":"keyUp","value":"î€‡"}]}]}
COMMAND: POST /session/700a0ab92761895b5ec9a5372f8d46fb/execute/async - {"script":"<script> [1562 bytes]","args":[{"selector":{"controlType":"sap.m.Button","properties":{"text":"OK"},"searchOpenDialogs":true,"interaction":{"idSuffix":"BDI-content"}},"wdio_ui5_key":"sapm.Button{\"text\":\"OK\"}"}]}
COMMAND: GET /session/700a0ab92761895b5ec9a5372f8d46fb/screenshot - {}
RESULT: {"script":"<script> [1562 bytes]","args":[{"selector":{"controlType":"sap.m.Button","properties":{"text":"OK"},"searchOpenDialogs":true,"interaction":{"idSuffix":"BDI-content"}},"wdio_ui5_key":"sapm.Button{\"text\":\"OK\"}"}]}
RESULT: undefined
COMMAND: POST /session/700a0ab92761895b5ec9a5372f8d46fb/element - {"using":"xpath","value":"//*[@id=\"__mbox-btn-1\"]"}
RESULT: {}
RESULT: {"using":"xpath","value":"//*[@id=\"__mbox-btn-1\"]"}
COMMAND: POST /session/700a0ab92761895b5ec9a5372f8d46fb/element/f.647512A71DDA687F9F591F39CAC5A62D.d.A37FB54D0C849C632E4B53996AD29288.e.17851/click - {}
RESULT: {}
COMMAND: POST /session/700a0ab92761895b5ec9a5372f8d46fb/execute/async - {"script":"<script> [1562 bytes]","args":[{"selector":{"id":"saveBtn","viewName":"etm.portal.ui.managecontracts.view.EditContract","interaction":{"idSuffix":"BDI-content"}},"wdio_ui5_key":"saveBtnetmportal.ui.managecontracts.view.EditContract"}]}
COMMAND: GET /session/700a0ab92761895b5ec9a5372f8d46fb/screenshot - {}
RESULT: {"script":"<script> [1562 bytes]","args":[{"selector":{"id":"saveBtn","viewName":"etm.portal.ui.managecontracts.view.EditContract","interaction":{"idSuffix":"BDI-content"}},"wdio_ui5_key":"saveBtnetmportal.ui.managecontracts.view.EditContract"}]}
RESULT: undefined
COMMAND: POST /session/700a0ab92761895b5ec9a5372f8d46fb/element - {"using":"xpath","value":"//*[@id=\"__xmlview62--saveBtn\"]"}
RESULT: {}
RESULT: {"using":"xpath","value":"//*[@id=\"__xmlview62--saveBtn\"]"}
COMMAND: POST /session/700a0ab92761895b5ec9a5372f8d46fb/element/f.647512A71DDA687F9F591F39CAC5A62D.d.A37FB54D0C849C632E4B53996AD29288.e.17877/click - {}
RESULT: {}
COMMAND: GET /session/700a0ab92761895b5ec9a5372f8d46fb/screenshot - {}
RESULT: {}
COMMAND: POST /session/700a0ab92761895b5ec9a5372f8d46fb/execute/async - {"script":"<script> [1562 bytes]","args":[{"selector":{"id":"additionalAddressesTabFilter","viewName":"etm.portal.ui.managecontracts.view.Detail","interaction":{"idSuffix":"text"}},"wdio_ui5_key":"additionalAddressesTabFilteretmportal.ui.managecontracts.view.Detail"}]}
RESULT: {"script":"<script> [1562 bytes]","args":[{"selector":{"id":"additionalAddressesTabFilter","viewName":"etm.portal.ui.managecontracts.view.Detail","interaction":{"idSuffix":"text"}},"wdio_ui5_key":"additionalAddressesTabFilteretmportal.ui.managecontracts.view.Detail"}]}
RESULT: undefined
COMMAND: POST /session/700a0ab92761895b5ec9a5372f8d46fb/element - {"using":"xpath","value":"//*[@id=\"__xmlview61--additionalAddressesTabFilter\"]"}
RESULT: {"using":"xpath","value":"//*[@id=\"__xmlview61--additionalAddressesTabFilter\"]"}
COMMAND: POST /session/700a0ab92761895b5ec9a5372f8d46fb/element/f.647512A71DDA687F9F591F39CAC5A62D.d.A37FB54D0C849C632E4B53996AD29288.e.17881/click - {}
RESULT: {}
COMMAND: POST /session/700a0ab92761895b5ec9a5372f8d46fb/execute/async - {"script":"<script> [1562 bytes]","args":[{"selector":{"id":"contractDetailProvideButton","viewName":"etm.portal.ui.managecontracts.view.Detail","interaction":{"idSuffix":"BDI-content"}},"wdio_ui5_key":"contractDetailProvideButtonetmportal.ui.managecontracts.view.Detail"}]}
COMMAND: GET /session/700a0ab92761895b5ec9a5372f8d46fb/screenshot - {}
RESULT: {"script":"<script> [1562 bytes]","args":[{"selector":{"id":"contractDetailProvideButton","viewName":"etm.portal.ui.managecontracts.view.Detail","interaction":{"idSuffix":"BDI-content"}},"wdio_ui5_key":"contractDetailProvideButtonetmportal.ui.managecontracts.view.Detail"}]}
RESULT: undefined
COMMAND: POST /session/700a0ab92761895b5ec9a5372f8d46fb/element - {"using":"xpath","value":"//*[@id=\"__xmlview61--contractDetailProvideButton\"]"}
RESULT: {}
RESULT: {"using":"xpath","value":"//*[@id=\"__xmlview61--contractDetailProvideButton\"]"}
COMMAND: POST /session/700a0ab92761895b5ec9a5372f8d46fb/element/f.647512A71DDA687F9F591F39CAC5A62D.d.A37FB54D0C849C632E4B53996AD29288.e.17886/click - {}
RESULT: {}
COMMAND: GET /session/700a0ab92761895b5ec9a5372f8d46fb/screenshot - {}
RESULT: {}
]]></system-out>
    </testcase>
    <testcase classname="chrome.135_0_7049_96.windows.Provide_to_Site_w/o_warehouse_management_w_clarification" name="Should Create HandOvers provide to site" time="173.944">
      <system-out><![CDATA[
COMMAND: POST /session/700a0ab92761895b5ec9a5372f8d46fb/element - {"using":"css selector","value":"#application-managehandovers-display-component---AddNewHO--dueDate-inner"}
RESULT: {"using":"css selector","value":"#application-managehandovers-display-component---AddNewHO--dueDate-inner"}
COMMAND: POST /session/700a0ab92761895b5ec9a5372f8d46fb/element/f.647512A71DDA687F9F591F39CAC5A62D.d.A37FB54D0C849C632E4B53996AD29288.e.17958/clear - {}
RESULT: {}
COMMAND: POST /session/700a0ab92761895b5ec9a5372f8d46fb/element/f.647512A71DDA687F9F591F39CAC5A62D.d.A37FB54D0C849C632E4B53996AD29288.e.17958/value - {"text":"4/24/25"}
COMMAND: GET /session/700a0ab92761895b5ec9a5372f8d46fb/screenshot - {}
RESULT: {"text":"4/24/25"}
COMMAND: POST /session/700a0ab92761895b5ec9a5372f8d46fb/element - {"using":"xpath","value":"//bdi[(text() = 'Items' or . = 'Items')]"}
COMMAND: GET /session/700a0ab92761895b5ec9a5372f8d46fb/screenshot - {}
RESULT: {}
RESULT: {"using":"xpath","value":"//bdi[(text() = 'Items' or . = 'Items')]"}
COMMAND: POST /session/700a0ab92761895b5ec9a5372f8d46fb/element/f.647512A71DDA687F9F591F39CAC5A62D.d.A37FB54D0C849C632E4B53996AD29288.e.18052/click - {}
RESULT: {}
RESULT: {}
COMMAND: POST /session/700a0ab92761895b5ec9a5372f8d46fb/execute/async - {"script":"<script> [1562 bytes]","args":[{"selector":{"controlType":"sap.m.Button","viewName":"etm.portal.ui.managehandovers.view.AddNewHO","viewId":"application-managehandovers-display-component---AddNewHO","i18NText":{"propertyName":"tooltip","key":"addItems"}},"wdio_ui5_key":"etmportal.ui.managehandovers.view.AddNewHOsap.m.Button{\"propertyName\":\"tooltip\",\"key\":\"addItems\"}"}]}
COMMAND: GET /session/700a0ab92761895b5ec9a5372f8d46fb/screenshot - {}
RESULT: {"script":"<script> [1562 bytes]","args":[{"selector":{"controlType":"sap.m.Button","viewName":"etm.portal.ui.managehandovers.view.AddNewHO","viewId":"application-managehandovers-display-component---AddNewHO","i18NText":{"propertyName":"tooltip","key":"addItems"}},"wdio_ui5_key":"etmportal.ui.managehandovers.view.AddNewHOsap.m.Button{\"propertyName\":\"tooltip\",\"key\":\"addItems\"}"}]}
RESULT: undefined
COMMAND: POST /session/700a0ab92761895b5ec9a5372f8d46fb/element - {"using":"xpath","value":"//*[@id=\"__button349\"]"}
RESULT: {}
RESULT: {"using":"xpath","value":"//*[@id=\"__button349\"]"}
COMMAND: POST /session/700a0ab92761895b5ec9a5372f8d46fb/element/f.647512A71DDA687F9F591F39CAC5A62D.d.A37FB54D0C849C632E4B53996AD29288.e.18058/click - {}
RESULT: {}
COMMAND: GET /session/700a0ab92761895b5ec9a5372f8d46fb/screenshot - {}
RESULT: {}
COMMAND: POST /session/700a0ab92761895b5ec9a5372f8d46fb/element - {"using":"css selector","value":"div[id= \"application-managehandovers-display-component---AddNewHO--popup-sa-CbBg\"]"}
RESULT: {"using":"css selector","value":"div[id= \"application-managehandovers-display-component---AddNewHO--popup-sa-CbBg\"]"}
COMMAND: POST /session/700a0ab92761895b5ec9a5372f8d46fb/element/f.647512A71DDA687F9F591F39CAC5A62D.d.A37FB54D0C849C632E4B53996AD29288.e.18069/click - {}
RESULT: {}
COMMAND: GET /session/700a0ab92761895b5ec9a5372f8d46fb/screenshot - {}
RESULT: {}
COMMAND: POST /session/700a0ab92761895b5ec9a5372f8d46fb/element - {"using":"xpath","value":"//bdi[(text() = 'Select' or . = 'Select')]"}
RESULT: {"using":"xpath","value":"//bdi[(text() = 'Select' or . = 'Select')]"}
COMMAND: POST /session/700a0ab92761895b5ec9a5372f8d46fb/element/f.647512A71DDA687F9F591F39CAC5A62D.d.A37FB54D0C849C632E4B53996AD29288.e.18071/click - {}
RESULT: {}
COMMAND: GET /session/700a0ab92761895b5ec9a5372f8d46fb/screenshot - {}
RESULT: {}
COMMAND: POST /session/700a0ab92761895b5ec9a5372f8d46fb/element - {"using":"xpath","value":"//bdi[(text() = 'Save' or . = 'Save')]"}
RESULT: {"using":"xpath","value":"//bdi[(text() = 'Save' or . = 'Save')]"}
COMMAND: POST /session/700a0ab92761895b5ec9a5372f8d46fb/element/f.647512A71DDA687F9F591F39CAC5A62D.d.A37FB54D0C849C632E4B53996AD29288.e.18079/click - {}
RESULT: {}
COMMAND: GET /session/700a0ab92761895b5ec9a5372f8d46fb/screenshot - {}
RESULT: {}
COMMAND: POST /session/700a0ab92761895b5ec9a5372f8d46fb/element - {"using":"xpath","value":"//*[text()='OK']"}
RESULT: {"using":"xpath","value":"//*[text()='OK']"}
COMMAND: POST /session/700a0ab92761895b5ec9a5372f8d46fb/elements - {"using":"xpath","value":"//*[text()='OK']"}
RESULT: {"using":"xpath","value":"//*[text()='OK']"}
COMMAND: POST /session/700a0ab92761895b5ec9a5372f8d46fb/elements - {"using":"xpath","value":"//*[text()='OK']"}
RESULT: {"using":"xpath","value":"//*[text()='OK']"}
COMMAND: POST /session/700a0ab92761895b5ec9a5372f8d46fb/elements - {"using":"xpath","value":"//*[text()='OK']"}
RESULT: {"using":"xpath","value":"//*[text()='OK']"}
COMMAND: POST /session/700a0ab92761895b5ec9a5372f8d46fb/elements - {"using":"xpath","value":"//*[text()='OK']"}
RESULT: {"using":"xpath","value":"//*[text()='OK']"}
COMMAND: POST /session/700a0ab92761895b5ec9a5372f8d46fb/elements - {"using":"xpath","value":"//*[text()='OK']"}
RESULT: {"using":"xpath","value":"//*[text()='OK']"}
COMMAND: POST /session/700a0ab92761895b5ec9a5372f8d46fb/elements - {"using":"xpath","value":"//*[text()='OK']"}
RESULT: {"using":"xpath","value":"//*[text()='OK']"}
COMMAND: POST /session/700a0ab92761895b5ec9a5372f8d46fb/elements - {"using":"xpath","value":"//*[text()='OK']"}
RESULT: {"using":"xpath","value":"//*[text()='OK']"}
COMMAND: POST /session/700a0ab92761895b5ec9a5372f8d46fb/elements - {"using":"xpath","value":"//*[text()='OK']"}
RESULT: {"using":"xpath","value":"//*[text()='OK']"}
COMMAND: POST /session/700a0ab92761895b5ec9a5372f8d46fb/elements - {"using":"xpath","value":"//*[text()='OK']"}
RESULT: {"using":"xpath","value":"//*[text()='OK']"}
COMMAND: POST /session/700a0ab92761895b5ec9a5372f8d46fb/elements - {"using":"xpath","value":"//*[text()='OK']"}
RESULT: {"using":"xpath","value":"//*[text()='OK']"}
COMMAND: POST /session/700a0ab92761895b5ec9a5372f8d46fb/elements - {"using":"xpath","value":"//*[text()='OK']"}
RESULT: {"using":"xpath","value":"//*[text()='OK']"}
COMMAND: POST /session/700a0ab92761895b5ec9a5372f8d46fb/elements - {"using":"xpath","value":"//*[text()='OK']"}
RESULT: {"using":"xpath","value":"//*[text()='OK']"}
COMMAND: POST /session/700a0ab92761895b5ec9a5372f8d46fb/elements - {"using":"xpath","value":"//*[text()='OK']"}
RESULT: {"using":"xpath","value":"//*[text()='OK']"}
COMMAND: POST /session/700a0ab92761895b5ec9a5372f8d46fb/elements - {"using":"xpath","value":"//*[text()='OK']"}
RESULT: {"using":"xpath","value":"//*[text()='OK']"}
COMMAND: POST /session/700a0ab92761895b5ec9a5372f8d46fb/elements - {"using":"xpath","value":"//*[text()='OK']"}
RESULT: {"using":"xpath","value":"//*[text()='OK']"}
COMMAND: POST /session/700a0ab92761895b5ec9a5372f8d46fb/elements - {"using":"xpath","value":"//*[text()='OK']"}
RESULT: {"using":"xpath","value":"//*[text()='OK']"}
COMMAND: POST /session/700a0ab92761895b5ec9a5372f8d46fb/elements - {"using":"xpath","value":"//*[text()='OK']"}
RESULT: {"using":"xpath","value":"//*[text()='OK']"}
COMMAND: POST /session/700a0ab92761895b5ec9a5372f8d46fb/elements - {"using":"xpath","value":"//*[text()='OK']"}
RESULT: {"using":"xpath","value":"//*[text()='OK']"}
COMMAND: POST /session/700a0ab92761895b5ec9a5372f8d46fb/elements - {"using":"xpath","value":"//*[text()='OK']"}
RESULT: {"using":"xpath","value":"//*[text()='OK']"}
COMMAND: POST /session/700a0ab92761895b5ec9a5372f8d46fb/elements - {"using":"xpath","value":"//*[text()='OK']"}
RESULT: {"using":"xpath","value":"//*[text()='OK']"}
COMMAND: POST /session/700a0ab92761895b5ec9a5372f8d46fb/elements - {"using":"xpath","value":"//*[text()='OK']"}
RESULT: {"using":"xpath","value":"//*[text()='OK']"}
COMMAND: POST /session/700a0ab92761895b5ec9a5372f8d46fb/elements - {"using":"xpath","value":"//*[text()='OK']"}
RESULT: {"using":"xpath","value":"//*[text()='OK']"}
COMMAND: POST /session/700a0ab92761895b5ec9a5372f8d46fb/elements - {"using":"xpath","value":"//*[text()='OK']"}
RESULT: {"using":"xpath","value":"//*[text()='OK']"}
COMMAND: POST /session/700a0ab92761895b5ec9a5372f8d46fb/elements - {"using":"xpath","value":"//*[text()='OK']"}
RESULT: {"using":"xpath","value":"//*[text()='OK']"}
COMMAND: POST /session/700a0ab92761895b5ec9a5372f8d46fb/elements - {"using":"xpath","value":"//*[text()='OK']"}
RESULT: {"using":"xpath","value":"//*[text()='OK']"}
COMMAND: POST /session/700a0ab92761895b5ec9a5372f8d46fb/elements - {"using":"xpath","value":"//*[text()='OK']"}
RESULT: {"using":"xpath","value":"//*[text()='OK']"}
COMMAND: POST /session/700a0ab92761895b5ec9a5372f8d46fb/elements - {"using":"xpath","value":"//*[text()='OK']"}
RESULT: {"using":"xpath","value":"//*[text()='OK']"}
COMMAND: POST /session/700a0ab92761895b5ec9a5372f8d46fb/elements - {"using":"xpath","value":"//*[text()='OK']"}
RESULT: {"using":"xpath","value":"//*[text()='OK']"}
COMMAND: POST /session/700a0ab92761895b5ec9a5372f8d46fb/elements - {"using":"xpath","value":"//*[text()='OK']"}
RESULT: {"using":"xpath","value":"//*[text()='OK']"}
COMMAND: POST /session/700a0ab92761895b5ec9a5372f8d46fb/elements - {"using":"xpath","value":"//*[text()='OK']"}
RESULT: {"using":"xpath","value":"//*[text()='OK']"}
COMMAND: POST /session/700a0ab92761895b5ec9a5372f8d46fb/elements - {"using":"xpath","value":"//*[text()='OK']"}
RESULT: {"using":"xpath","value":"//*[text()='OK']"}
COMMAND: POST /session/700a0ab92761895b5ec9a5372f8d46fb/elements - {"using":"xpath","value":"//*[text()='OK']"}
RESULT: {"using":"xpath","value":"//*[text()='OK']"}
COMMAND: POST /session/700a0ab92761895b5ec9a5372f8d46fb/elements - {"using":"xpath","value":"//*[text()='OK']"}
RESULT: {"using":"xpath","value":"//*[text()='OK']"}
COMMAND: POST /session/700a0ab92761895b5ec9a5372f8d46fb/elements - {"using":"xpath","value":"//*[text()='OK']"}
RESULT: {"using":"xpath","value":"//*[text()='OK']"}
COMMAND: POST /session/700a0ab92761895b5ec9a5372f8d46fb/elements - {"using":"xpath","value":"//*[text()='OK']"}
RESULT: {"using":"xpath","value":"//*[text()='OK']"}
COMMAND: POST /session/700a0ab92761895b5ec9a5372f8d46fb/elements - {"using":"xpath","value":"//*[text()='OK']"}
RESULT: {"using":"xpath","value":"//*[text()='OK']"}
COMMAND: POST /session/700a0ab92761895b5ec9a5372f8d46fb/elements - {"using":"xpath","value":"//*[text()='OK']"}
RESULT: {"using":"xpath","value":"//*[text()='OK']"}
COMMAND: POST /session/700a0ab92761895b5ec9a5372f8d46fb/elements - {"using":"xpath","value":"//*[text()='OK']"}
RESULT: {"using":"xpath","value":"//*[text()='OK']"}
COMMAND: POST /session/700a0ab92761895b5ec9a5372f8d46fb/elements - {"using":"xpath","value":"//*[text()='OK']"}
RESULT: {"using":"xpath","value":"//*[text()='OK']"}
COMMAND: POST /session/700a0ab92761895b5ec9a5372f8d46fb/elements - {"using":"xpath","value":"//*[text()='OK']"}
RESULT: {"using":"xpath","value":"//*[text()='OK']"}
COMMAND: POST /session/700a0ab92761895b5ec9a5372f8d46fb/elements - {"using":"xpath","value":"//*[text()='OK']"}
RESULT: {"using":"xpath","value":"//*[text()='OK']"}
COMMAND: POST /session/700a0ab92761895b5ec9a5372f8d46fb/elements - {"using":"xpath","value":"//*[text()='OK']"}
RESULT: {"using":"xpath","value":"//*[text()='OK']"}
COMMAND: POST /session/700a0ab92761895b5ec9a5372f8d46fb/elements - {"using":"xpath","value":"//*[text()='OK']"}
RESULT: {"using":"xpath","value":"//*[text()='OK']"}
COMMAND: POST /session/700a0ab92761895b5ec9a5372f8d46fb/elements - {"using":"xpath","value":"//*[text()='OK']"}
RESULT: {"using":"xpath","value":"//*[text()='OK']"}
COMMAND: POST /session/700a0ab92761895b5ec9a5372f8d46fb/elements - {"using":"xpath","value":"//*[text()='OK']"}
RESULT: {"using":"xpath","value":"//*[text()='OK']"}
COMMAND: POST /session/700a0ab92761895b5ec9a5372f8d46fb/elements - {"using":"xpath","value":"//*[text()='OK']"}
RESULT: {"using":"xpath","value":"//*[text()='OK']"}
COMMAND: POST /session/700a0ab92761895b5ec9a5372f8d46fb/elements - {"using":"xpath","value":"//*[text()='OK']"}
RESULT: {"using":"xpath","value":"//*[text()='OK']"}
COMMAND: POST /session/700a0ab92761895b5ec9a5372f8d46fb/elements - {"using":"xpath","value":"//*[text()='OK']"}
RESULT: {"using":"xpath","value":"//*[text()='OK']"}
COMMAND: POST /session/700a0ab92761895b5ec9a5372f8d46fb/elements - {"using":"xpath","value":"//*[text()='OK']"}
RESULT: {"using":"xpath","value":"//*[text()='OK']"}
COMMAND: POST /session/700a0ab92761895b5ec9a5372f8d46fb/elements - {"using":"xpath","value":"//*[text()='OK']"}
RESULT: {"using":"xpath","value":"//*[text()='OK']"}
COMMAND: POST /session/700a0ab92761895b5ec9a5372f8d46fb/elements - {"using":"xpath","value":"//*[text()='OK']"}
RESULT: {"using":"xpath","value":"//*[text()='OK']"}
COMMAND: POST /session/700a0ab92761895b5ec9a5372f8d46fb/elements - {"using":"xpath","value":"//*[text()='OK']"}
RESULT: {"using":"xpath","value":"//*[text()='OK']"}
COMMAND: POST /session/700a0ab92761895b5ec9a5372f8d46fb/elements - {"using":"xpath","value":"//*[text()='OK']"}
RESULT: {"using":"xpath","value":"//*[text()='OK']"}
COMMAND: POST /session/700a0ab92761895b5ec9a5372f8d46fb/elements - {"using":"xpath","value":"//*[text()='OK']"}
RESULT: {"using":"xpath","value":"//*[text()='OK']"}
COMMAND: POST /session/700a0ab92761895b5ec9a5372f8d46fb/elements - {"using":"xpath","value":"//*[text()='OK']"}
RESULT: {"using":"xpath","value":"//*[text()='OK']"}
COMMAND: POST /session/700a0ab92761895b5ec9a5372f8d46fb/elements - {"using":"xpath","value":"//*[text()='OK']"}
RESULT: {"using":"xpath","value":"//*[text()='OK']"}
COMMAND: POST /session/700a0ab92761895b5ec9a5372f8d46fb/elements - {"using":"xpath","value":"//*[text()='OK']"}
RESULT: {"using":"xpath","value":"//*[text()='OK']"}
COMMAND: POST /session/700a0ab92761895b5ec9a5372f8d46fb/elements - {"using":"xpath","value":"//*[text()='OK']"}
RESULT: {"using":"xpath","value":"//*[text()='OK']"}
COMMAND: POST /session/700a0ab92761895b5ec9a5372f8d46fb/elements - {"using":"xpath","value":"//*[text()='OK']"}
RESULT: {"using":"xpath","value":"//*[text()='OK']"}
COMMAND: POST /session/700a0ab92761895b5ec9a5372f8d46fb/elements - {"using":"xpath","value":"//*[text()='OK']"}
RESULT: {"using":"xpath","value":"//*[text()='OK']"}
COMMAND: POST /session/700a0ab92761895b5ec9a5372f8d46fb/elements - {"using":"xpath","value":"//*[text()='OK']"}
RESULT: {"using":"xpath","value":"//*[text()='OK']"}
COMMAND: POST /session/700a0ab92761895b5ec9a5372f8d46fb/elements - {"using":"xpath","value":"//*[text()='OK']"}
RESULT: {"using":"xpath","value":"//*[text()='OK']"}
COMMAND: POST /session/700a0ab92761895b5ec9a5372f8d46fb/elements - {"using":"xpath","value":"//*[text()='OK']"}
RESULT: {"using":"xpath","value":"//*[text()='OK']"}
COMMAND: POST /session/700a0ab92761895b5ec9a5372f8d46fb/elements - {"using":"xpath","value":"//*[text()='OK']"}
RESULT: {"using":"xpath","value":"//*[text()='OK']"}
COMMAND: POST /session/700a0ab92761895b5ec9a5372f8d46fb/elements - {"using":"xpath","value":"//*[text()='OK']"}
RESULT: {"using":"xpath","value":"//*[text()='OK']"}
COMMAND: POST /session/700a0ab92761895b5ec9a5372f8d46fb/elements - {"using":"xpath","value":"//*[text()='OK']"}
RESULT: {"using":"xpath","value":"//*[text()='OK']"}
COMMAND: POST /session/700a0ab92761895b5ec9a5372f8d46fb/elements - {"using":"xpath","value":"//*[text()='OK']"}
RESULT: {"using":"xpath","value":"//*[text()='OK']"}
COMMAND: POST /session/700a0ab92761895b5ec9a5372f8d46fb/elements - {"using":"xpath","value":"//*[text()='OK']"}
RESULT: {"using":"xpath","value":"//*[text()='OK']"}
COMMAND: POST /session/700a0ab92761895b5ec9a5372f8d46fb/elements - {"using":"xpath","value":"//*[text()='OK']"}
RESULT: {"using":"xpath","value":"//*[text()='OK']"}
COMMAND: POST /session/700a0ab92761895b5ec9a5372f8d46fb/elements - {"using":"xpath","value":"//*[text()='OK']"}
RESULT: {"using":"xpath","value":"//*[text()='OK']"}
COMMAND: POST /session/700a0ab92761895b5ec9a5372f8d46fb/elements - {"using":"xpath","value":"//*[text()='OK']"}
RESULT: {"using":"xpath","value":"//*[text()='OK']"}
COMMAND: POST /session/700a0ab92761895b5ec9a5372f8d46fb/elements - {"using":"xpath","value":"//*[text()='OK']"}
RESULT: {"using":"xpath","value":"//*[text()='OK']"}
COMMAND: POST /session/700a0ab92761895b5ec9a5372f8d46fb/elements - {"using":"xpath","value":"//*[text()='OK']"}
RESULT: {"using":"xpath","value":"//*[text()='OK']"}
COMMAND: POST /session/700a0ab92761895b5ec9a5372f8d46fb/elements - {"using":"xpath","value":"//*[text()='OK']"}
RESULT: {"using":"xpath","value":"//*[text()='OK']"}
COMMAND: POST /session/700a0ab92761895b5ec9a5372f8d46fb/elements - {"using":"xpath","value":"//*[text()='OK']"}
RESULT: {"using":"xpath","value":"//*[text()='OK']"}
COMMAND: POST /session/700a0ab92761895b5ec9a5372f8d46fb/elements - {"using":"xpath","value":"//*[text()='OK']"}
RESULT: {"using":"xpath","value":"//*[text()='OK']"}
COMMAND: POST /session/700a0ab92761895b5ec9a5372f8d46fb/elements - {"using":"xpath","value":"//*[text()='OK']"}
RESULT: {"using":"xpath","value":"//*[text()='OK']"}
COMMAND: POST /session/700a0ab92761895b5ec9a5372f8d46fb/elements - {"using":"xpath","value":"//*[text()='OK']"}
RESULT: {"using":"xpath","value":"//*[text()='OK']"}
COMMAND: POST /session/700a0ab92761895b5ec9a5372f8d46fb/elements - {"using":"xpath","value":"//*[text()='OK']"}
RESULT: {"using":"xpath","value":"//*[text()='OK']"}
COMMAND: POST /session/700a0ab92761895b5ec9a5372f8d46fb/elements - {"using":"xpath","value":"//*[text()='OK']"}
RESULT: {"using":"xpath","value":"//*[text()='OK']"}
COMMAND: POST /session/700a0ab92761895b5ec9a5372f8d46fb/elements - {"using":"xpath","value":"//*[text()='OK']"}
RESULT: {"using":"xpath","value":"//*[text()='OK']"}
COMMAND: POST /session/700a0ab92761895b5ec9a5372f8d46fb/elements - {"using":"xpath","value":"//*[text()='OK']"}
RESULT: {"using":"xpath","value":"//*[text()='OK']"}
COMMAND: POST /session/700a0ab92761895b5ec9a5372f8d46fb/elements - {"using":"xpath","value":"//*[text()='OK']"}
RESULT: {"using":"xpath","value":"//*[text()='OK']"}
COMMAND: POST /session/700a0ab92761895b5ec9a5372f8d46fb/elements - {"using":"xpath","value":"//*[text()='OK']"}
RESULT: {"using":"xpath","value":"//*[text()='OK']"}
COMMAND: POST /session/700a0ab92761895b5ec9a5372f8d46fb/elements - {"using":"xpath","value":"//*[text()='OK']"}
RESULT: {"using":"xpath","value":"//*[text()='OK']"}
COMMAND: POST /session/700a0ab92761895b5ec9a5372f8d46fb/elements - {"using":"xpath","value":"//*[text()='OK']"}
RESULT: {"using":"xpath","value":"//*[text()='OK']"}
COMMAND: POST /session/700a0ab92761895b5ec9a5372f8d46fb/elements - {"using":"xpath","value":"//*[text()='OK']"}
RESULT: {"using":"xpath","value":"//*[text()='OK']"}
COMMAND: POST /session/700a0ab92761895b5ec9a5372f8d46fb/elements - {"using":"xpath","value":"//*[text()='OK']"}
RESULT: {"using":"xpath","value":"//*[text()='OK']"}
COMMAND: POST /session/700a0ab92761895b5ec9a5372f8d46fb/elements - {"using":"xpath","value":"//*[text()='OK']"}
RESULT: {"using":"xpath","value":"//*[text()='OK']"}
COMMAND: POST /session/700a0ab92761895b5ec9a5372f8d46fb/elements - {"using":"xpath","value":"//*[text()='OK']"}
RESULT: {"using":"xpath","value":"//*[text()='OK']"}
COMMAND: POST /session/700a0ab92761895b5ec9a5372f8d46fb/elements - {"using":"xpath","value":"//*[text()='OK']"}
RESULT: {"using":"xpath","value":"//*[text()='OK']"}
COMMAND: POST /session/700a0ab92761895b5ec9a5372f8d46fb/element - {"using":"xpath","value":"//*[text()='provide (prepared)']"}
RESULT: {"using":"xpath","value":"//*[text()='provide (prepared)']"}
COMMAND: GET /session/700a0ab92761895b5ec9a5372f8d46fb/element/f.647512A71DDA687F9F591F39CAC5A62D.d.A37FB54D0C849C632E4B53996AD29288.e.18141/text - {}
RESULT: {}
COMMAND: POST /session/700a0ab92761895b5ec9a5372f8d46fb/element - {"using":"xpath","value":"//*[contains(text(), \"Instructions\")][@class=\"sapMITHTextContent\"]"}
RESULT: {"using":"xpath","value":"//*[contains(text(), \"Instructions\")][@class=\"sapMITHTextContent\"]"}
COMMAND: POST /session/700a0ab92761895b5ec9a5372f8d46fb/execute/sync - {"script":"<script> [8489 bytes]","args":[{"element-6066-11e4-a52e-4f735466cecf":"f.647512A71DDA687F9F591F39CAC5A62D.d.A37FB54D0C849C632E4B53996AD29288.e.18142","ELEMENT":"f.647512A71DDA687F9F591F39CAC5A62D.d.A37FB54D0C849C632E4B53996AD29288.e.18142"}]}
RESULT: {"script":"<script> [8489 bytes]","args":[{"element-6066-11e4-a52e-4f735466cecf":"f.647512A71DDA687F9F591F39CAC5A62D.d.A37FB54D0C849C632E4B53996AD29288.e.18142","ELEMENT":"f.647512A71DDA687F9F591F39CAC5A62D.d.A37FB54D0C849C632E4B53996AD29288.e.18142"}]}
COMMAND: POST /session/700a0ab92761895b5ec9a5372f8d46fb/execute/sync - {"script":"<script> [5351 bytes]","args":[{"element-6066-11e4-a52e-4f735466cecf":"f.647512A71DDA687F9F591F39CAC5A62D.d.A37FB54D0C849C632E4B53996AD29288.e.18142","ELEMENT":"f.647512A71DDA687F9F591F39CAC5A62D.d.A37FB54D0C849C632E4B53996AD29288.e.18142"}]}
COMMAND: GET /session/700a0ab92761895b5ec9a5372f8d46fb/screenshot - {}
RESULT: {"script":"<script> [5351 bytes]","args":[{"element-6066-11e4-a52e-4f735466cecf":"f.647512A71DDA687F9F591F39CAC5A62D.d.A37FB54D0C849C632E4B53996AD29288.e.18142","ELEMENT":"f.647512A71DDA687F9F591F39CAC5A62D.d.A37FB54D0C849C632E4B53996AD29288.e.18142"}]}
COMMAND: POST /session/700a0ab92761895b5ec9a5372f8d46fb/element/f.647512A71DDA687F9F591F39CAC5A62D.d.A37FB54D0C849C632E4B53996AD29288.e.18142/click - {}
COMMAND: GET /session/700a0ab92761895b5ec9a5372f8d46fb/screenshot - {}
RESULT: {}
RESULT: {}
COMMAND: POST /session/700a0ab92761895b5ec9a5372f8d46fb/actions - {"actions":[{"id":"action66","type":"key","parameters":{},"actions":[{"type":"keyDown","value":"î€‡"},{"type":"pause","duration":10},{"type":"keyUp","value":"î€‡"}]}]}
COMMAND: GET /session/700a0ab92761895b5ec9a5372f8d46fb/screenshot - {}
RESULT: {}
RESULT: {"actions":[{"id":"action66","type":"key","parameters":{},"actions":[{"type":"keyDown","value":"î€‡"},{"type":"pause","duration":10},{"type":"keyUp","value":"î€‡"}]}]}
COMMAND: POST /session/700a0ab92761895b5ec9a5372f8d46fb/element - {"using":"css selector","value":"#pickDialog--hoItemsTable-sa-CbBg"}
COMMAND: GET /session/700a0ab92761895b5ec9a5372f8d46fb/screenshot - {}
RESULT: {}
RESULT: {"using":"css selector","value":"#pickDialog--hoItemsTable-sa-CbBg"}
COMMAND: GET /session/700a0ab92761895b5ec9a5372f8d46fb/element/f.647512A71DDA687F9F591F39CAC5A62D.d.A37FB54D0C849C632E4B53996AD29288.e.18149/enabled - {}
RESULT: {}
RESULT: {}
COMMAND: POST /session/700a0ab92761895b5ec9a5372f8d46fb/execute/sync - {"script":"<script> [8489 bytes]","args":[{"element-6066-11e4-a52e-4f735466cecf":"f.647512A71DDA687F9F591F39CAC5A62D.d.A37FB54D0C849C632E4B53996AD29288.e.18149","ELEMENT":"f.647512A71DDA687F9F591F39CAC5A62D.d.A37FB54D0C849C632E4B53996AD29288.e.18149"}]}
COMMAND: GET /session/700a0ab92761895b5ec9a5372f8d46fb/screenshot - {}
RESULT: {"script":"<script> [8489 bytes]","args":[{"element-6066-11e4-a52e-4f735466cecf":"f.647512A71DDA687F9F591F39CAC5A62D.d.A37FB54D0C849C632E4B53996AD29288.e.18149","ELEMENT":"f.647512A71DDA687F9F591F39CAC5A62D.d.A37FB54D0C849C632E4B53996AD29288.e.18149"}]}
COMMAND: POST /session/700a0ab92761895b5ec9a5372f8d46fb/execute/sync - {"script":"<script> [5351 bytes]","args":[{"element-6066-11e4-a52e-4f735466cecf":"f.647512A71DDA687F9F591F39CAC5A62D.d.A37FB54D0C849C632E4B53996AD29288.e.18149","ELEMENT":"f.647512A71DDA687F9F591F39CAC5A62D.d.A37FB54D0C849C632E4B53996AD29288.e.18149"}]}
COMMAND: GET /session/700a0ab92761895b5ec9a5372f8d46fb/screenshot - {}
RESULT: {}
RESULT: {"script":"<script> [5351 bytes]","args":[{"element-6066-11e4-a52e-4f735466cecf":"f.647512A71DDA687F9F591F39CAC5A62D.d.A37FB54D0C849C632E4B53996AD29288.e.18149","ELEMENT":"f.647512A71DDA687F9F591F39CAC5A62D.d.A37FB54D0C849C632E4B53996AD29288.e.18149"}]}
COMMAND: POST /session/700a0ab92761895b5ec9a5372f8d46fb/element/f.647512A71DDA687F9F591F39CAC5A62D.d.A37FB54D0C849C632E4B53996AD29288.e.18149/click - {}
COMMAND: GET /session/700a0ab92761895b5ec9a5372f8d46fb/screenshot - {}
RESULT: {}
RESULT: {}
COMMAND: POST /session/700a0ab92761895b5ec9a5372f8d46fb/element - {"using":"xpath","value":"//bdi[text()='Confirm All']"}
COMMAND: GET /session/700a0ab92761895b5ec9a5372f8d46fb/screenshot - {}
RESULT: {}
RESULT: {"using":"xpath","value":"//bdi[text()='Confirm All']"}
COMMAND: GET /session/700a0ab92761895b5ec9a5372f8d46fb/element/f.647512A71DDA687F9F591F39CAC5A62D.d.A37FB54D0C849C632E4B53996AD29288.e.18152/enabled - {}
RESULT: {}
RESULT: {}
COMMAND: POST /session/700a0ab92761895b5ec9a5372f8d46fb/execute/sync - {"script":"<script> [8489 bytes]","args":[{"element-6066-11e4-a52e-4f735466cecf":"f.647512A71DDA687F9F591F39CAC5A62D.d.A37FB54D0C849C632E4B53996AD29288.e.18152","ELEMENT":"f.647512A71DDA687F9F591F39CAC5A62D.d.A37FB54D0C849C632E4B53996AD29288.e.18152"}]}
COMMAND: GET /session/700a0ab92761895b5ec9a5372f8d46fb/screenshot - {}
RESULT: {"script":"<script> [8489 bytes]","args":[{"element-6066-11e4-a52e-4f735466cecf":"f.647512A71DDA687F9F591F39CAC5A62D.d.A37FB54D0C849C632E4B53996AD29288.e.18152","ELEMENT":"f.647512A71DDA687F9F591F39CAC5A62D.d.A37FB54D0C849C632E4B53996AD29288.e.18152"}]}
COMMAND: POST /session/700a0ab92761895b5ec9a5372f8d46fb/execute/sync - {"script":"<script> [5351 bytes]","args":[{"element-6066-11e4-a52e-4f735466cecf":"f.647512A71DDA687F9F591F39CAC5A62D.d.A37FB54D0C849C632E4B53996AD29288.e.18152","ELEMENT":"f.647512A71DDA687F9F591F39CAC5A62D.d.A37FB54D0C849C632E4B53996AD29288.e.18152"}]}
COMMAND: GET /session/700a0ab92761895b5ec9a5372f8d46fb/screenshot - {}
RESULT: {}
RESULT: {}
RESULT: {"script":"<script> [5351 bytes]","args":[{"element-6066-11e4-a52e-4f735466cecf":"f.647512A71DDA687F9F591F39CAC5A62D.d.A37FB54D0C849C632E4B53996AD29288.e.18152","ELEMENT":"f.647512A71DDA687F9F591F39CAC5A62D.d.A37FB54D0C849C632E4B53996AD29288.e.18152"}]}
COMMAND: POST /session/700a0ab92761895b5ec9a5372f8d46fb/element/f.647512A71DDA687F9F591F39CAC5A62D.d.A37FB54D0C849C632E4B53996AD29288.e.18152/click - {}
COMMAND: GET /session/700a0ab92761895b5ec9a5372f8d46fb/screenshot - {}
RESULT: {}
COMMAND: GET /session/700a0ab92761895b5ec9a5372f8d46fb/screenshot - {}
RESULT: {}
RESULT: {}
COMMAND: POST /session/700a0ab92761895b5ec9a5372f8d46fb/actions - {"actions":[{"id":"action67","type":"key","parameters":{},"actions":[{"type":"keyDown","value":"î€‡"},{"type":"pause","duration":10},{"type":"keyUp","value":"î€‡"}]}]}
RESULT: {"actions":[{"id":"action67","type":"key","parameters":{},"actions":[{"type":"keyDown","value":"î€‡"},{"type":"pause","duration":10},{"type":"keyUp","value":"î€‡"}]}]}
COMMAND: POST /session/700a0ab92761895b5ec9a5372f8d46fb/actions - {"actions":[{"id":"action68","type":"key","parameters":{},"actions":[{"type":"keyDown","value":"î€‡"},{"type":"pause","duration":10},{"type":"keyUp","value":"î€‡"}]}]}
COMMAND: GET /session/700a0ab92761895b5ec9a5372f8d46fb/screenshot - {}
RESULT: {"actions":[{"id":"action68","type":"key","parameters":{},"actions":[{"type":"keyDown","value":"î€‡"},{"type":"pause","duration":10},{"type":"keyUp","value":"î€‡"}]}]}
COMMAND: POST /session/700a0ab92761895b5ec9a5372f8d46fb/execute/async - {"script":"<script> [1562 bytes]","args":[{"selector":{"id":"statesDialog--okBttnStatesDialog","searchOpenDialogs":true,"interaction":{"idSuffix":"BDI-content"}},"wdio_ui5_key":"statesDialogokBttnStatesDialog"}]}
COMMAND: GET /session/700a0ab92761895b5ec9a5372f8d46fb/screenshot - {}
RESULT: {}
RESULT: {"script":"<script> [1562 bytes]","args":[{"selector":{"id":"statesDialog--okBttnStatesDialog","searchOpenDialogs":true,"interaction":{"idSuffix":"BDI-content"}},"wdio_ui5_key":"statesDialogokBttnStatesDialog"}]}
RESULT: undefined
RESULT: {}
RESULT: undefined
RESULT: undefined
COMMAND: POST /session/700a0ab92761895b5ec9a5372f8d46fb/actions - {"actions":[{"id":"action69","type":"key","parameters":{},"actions":[{"type":"keyDown","value":"î€‡"},{"type":"pause","duration":10},{"type":"keyUp","value":"î€‡"}]}]}
RESULT: {"actions":[{"id":"action69","type":"key","parameters":{},"actions":[{"type":"keyDown","value":"î€‡"},{"type":"pause","duration":10},{"type":"keyUp","value":"î€‡"}]}]}
COMMAND: POST /session/700a0ab92761895b5ec9a5372f8d46fb/execute/async - {"script":"<script> [1562 bytes]","args":[{"selector":{"controlType":"sap.m.Text","viewName":"etm.portal.ui.managehandovers.view.DetailExecuteHO","bindingPath":{"propertyPath":"NO","modelName":"catalogModel"}},"wdio_ui5_key":"etmportal.ui.managehandovers.view.DetailExecuteHOsap.m.Text{\"propertyPath\":\"NO\",\"modelName\":\"catalogModel\"}"}]}
COMMAND: GET /session/700a0ab92761895b5ec9a5372f8d46fb/screenshot - {}
RESULT: {"script":"<script> [1562 bytes]","args":[{"selector":{"controlType":"sap.m.Text","viewName":"etm.portal.ui.managehandovers.view.DetailExecuteHO","bindingPath":{"propertyPath":"NO","modelName":"catalogModel"}},"wdio_ui5_key":"etmportal.ui.managehandovers.view.DetailExecuteHOsap.m.Text{\"propertyPath\":\"NO\",\"modelName\":\"catalogModel\"}"}]}
RESULT: undefined
COMMAND: POST /session/700a0ab92761895b5ec9a5372f8d46fb/execute/async - {"script":"<script> [6424 bytes]","args":[{"element-6066-11e4-a52e-4f735466cecf":"f.647512A71DDA687F9F591F39CAC5A62D.d.A37FB54D0C849C632E4B53996AD29288.e.18158"},"getText",[]]}
RESULT: {}
RESULT: {"script":"<script> [6424 bytes]","args":[{"element-6066-11e4-a52e-4f735466cecf":"f.647512A71DDA687F9F591F39CAC5A62D.d.A37FB54D0C849C632E4B53996AD29288.e.18158"},"getText",[]]}
COMMAND: POST /session/700a0ab92761895b5ec9a5372f8d46fb/actions - {"actions":[{"id":"action70","type":"key","parameters":{},"actions":[{"type":"keyDown","value":"î€‡"},{"type":"pause","duration":10},{"type":"keyUp","value":"î€‡"}]}]}
RESULT: {"actions":[{"id":"action70","type":"key","parameters":{},"actions":[{"type":"keyDown","value":"î€‡"},{"type":"pause","duration":10},{"type":"keyUp","value":"î€‡"}]}]}
COMMAND: GET /session/700a0ab92761895b5ec9a5372f8d46fb/screenshot - {}
RESULT: {}
COMMAND: POST /session/700a0ab92761895b5ec9a5372f8d46fb/element - {"using":"xpath","value":"//bdi[text()='OK']"}
RESULT: {"using":"xpath","value":"//bdi[text()='OK']"}
COMMAND: POST /session/700a0ab92761895b5ec9a5372f8d46fb/element - {"using":"xpath","value":"//bdi[text()='OK']"}
RESULT: {"using":"xpath","value":"//bdi[text()='OK']"}
COMMAND: POST /session/700a0ab92761895b5ec9a5372f8d46fb/actions - {"actions":[{"id":"action71","type":"key","parameters":{},"actions":[{"type":"keyDown","value":"î€‡"},{"type":"pause","duration":10},{"type":"keyUp","value":"î€‡"}]}]}
RESULT: {"actions":[{"id":"action71","type":"key","parameters":{},"actions":[{"type":"keyDown","value":"î€‡"},{"type":"pause","duration":10},{"type":"keyUp","value":"î€‡"}]}]}
COMMAND: POST /session/700a0ab92761895b5ec9a5372f8d46fb/element - {"using":"xpath","value":"//bdi[(text() = 'Confirm' or . = 'Confirm')]"}
COMMAND: GET /session/700a0ab92761895b5ec9a5372f8d46fb/screenshot - {}
RESULT: {"using":"xpath","value":"//bdi[(text() = 'Confirm' or . = 'Confirm')]"}
COMMAND: POST /session/700a0ab92761895b5ec9a5372f8d46fb/execute/sync - {"script":"<script> [8489 bytes]","args":[{"element-6066-11e4-a52e-4f735466cecf":"f.647512A71DDA687F9F591F39CAC5A62D.d.A37FB54D0C849C632E4B53996AD29288.e.18162","ELEMENT":"f.647512A71DDA687F9F591F39CAC5A62D.d.A37FB54D0C849C632E4B53996AD29288.e.18162"}]}
RESULT: {}
RESULT: {"script":"<script> [8489 bytes]","args":[{"element-6066-11e4-a52e-4f735466cecf":"f.647512A71DDA687F9F591F39CAC5A62D.d.A37FB54D0C849C632E4B53996AD29288.e.18162","ELEMENT":"f.647512A71DDA687F9F591F39CAC5A62D.d.A37FB54D0C849C632E4B53996AD29288.e.18162"}]}
COMMAND: POST /session/700a0ab92761895b5ec9a5372f8d46fb/execute/sync - {"script":"<script> [8489 bytes]","args":[{"element-6066-11e4-a52e-4f735466cecf":"f.647512A71DDA687F9F591F39CAC5A62D.d.A37FB54D0C849C632E4B53996AD29288.e.18162","ELEMENT":"f.647512A71DDA687F9F591F39CAC5A62D.d.A37FB54D0C849C632E4B53996AD29288.e.18162"}]}
COMMAND: GET /session/700a0ab92761895b5ec9a5372f8d46fb/screenshot - {}
RESULT: {"script":"<script> [8489 bytes]","args":[{"element-6066-11e4-a52e-4f735466cecf":"f.647512A71DDA687F9F591F39CAC5A62D.d.A37FB54D0C849C632E4B53996AD29288.e.18162","ELEMENT":"f.647512A71DDA687F9F591F39CAC5A62D.d.A37FB54D0C849C632E4B53996AD29288.e.18162"}]}
COMMAND: POST /session/700a0ab92761895b5ec9a5372f8d46fb/execute/sync - {"script":"<script> [5351 bytes]","args":[{"element-6066-11e4-a52e-4f735466cecf":"f.647512A71DDA687F9F591F39CAC5A62D.d.A37FB54D0C849C632E4B53996AD29288.e.18162","ELEMENT":"f.647512A71DDA687F9F591F39CAC5A62D.d.A37FB54D0C849C632E4B53996AD29288.e.18162"}]}
COMMAND: GET /session/700a0ab92761895b5ec9a5372f8d46fb/screenshot - {}
RESULT: {}
RESULT: {"script":"<script> [5351 bytes]","args":[{"element-6066-11e4-a52e-4f735466cecf":"f.647512A71DDA687F9F591F39CAC5A62D.d.A37FB54D0C849C632E4B53996AD29288.e.18162","ELEMENT":"f.647512A71DDA687F9F591F39CAC5A62D.d.A37FB54D0C849C632E4B53996AD29288.e.18162"}]}
COMMAND: POST /session/700a0ab92761895b5ec9a5372f8d46fb/actions - {"actions":[{"id":"action72","type":"key","parameters":{},"actions":[{"type":"keyDown","value":"î€‡"},{"type":"pause","duration":10},{"type":"keyUp","value":"î€‡"}]}]}
COMMAND: GET /session/700a0ab92761895b5ec9a5372f8d46fb/screenshot - {}
RESULT: {}
RESULT: {"actions":[{"id":"action72","type":"key","parameters":{},"actions":[{"type":"keyDown","value":"î€‡"},{"type":"pause","duration":10},{"type":"keyUp","value":"î€‡"}]}]}
COMMAND: POST /session/700a0ab92761895b5ec9a5372f8d46fb/element - {"using":"xpath","value":"(//bdi[text()='Pick'])[1]"}
COMMAND: GET /session/700a0ab92761895b5ec9a5372f8d46fb/screenshot - {}
RESULT: {}
RESULT: {"using":"xpath","value":"(//bdi[text()='Pick'])[1]"}
COMMAND: GET /session/700a0ab92761895b5ec9a5372f8d46fb/element/f.647512A71DDA687F9F591F39CAC5A62D.d.A37FB54D0C849C632E4B53996AD29288.e.18163/enabled - {}
RESULT: {}
RESULT: {}
COMMAND: POST /session/700a0ab92761895b5ec9a5372f8d46fb/execute/sync - {"script":"<script> [8489 bytes]","args":[{"element-6066-11e4-a52e-4f735466cecf":"f.647512A71DDA687F9F591F39CAC5A62D.d.A37FB54D0C849C632E4B53996AD29288.e.18163","ELEMENT":"f.647512A71DDA687F9F591F39CAC5A62D.d.A37FB54D0C849C632E4B53996AD29288.e.18163"}]}
COMMAND: GET /session/700a0ab92761895b5ec9a5372f8d46fb/screenshot - {}
RESULT: {"script":"<script> [8489 bytes]","args":[{"element-6066-11e4-a52e-4f735466cecf":"f.647512A71DDA687F9F591F39CAC5A62D.d.A37FB54D0C849C632E4B53996AD29288.e.18163","ELEMENT":"f.647512A71DDA687F9F591F39CAC5A62D.d.A37FB54D0C849C632E4B53996AD29288.e.18163"}]}
COMMAND: POST /session/700a0ab92761895b5ec9a5372f8d46fb/execute/sync - {"script":"<script> [5351 bytes]","args":[{"element-6066-11e4-a52e-4f735466cecf":"f.647512A71DDA687F9F591F39CAC5A62D.d.A37FB54D0C849C632E4B53996AD29288.e.18163","ELEMENT":"f.647512A71DDA687F9F591F39CAC5A62D.d.A37FB54D0C849C632E4B53996AD29288.e.18163"}]}
COMMAND: GET /session/700a0ab92761895b5ec9a5372f8d46fb/screenshot - {}
RESULT: {}
RESULT: {"script":"<script> [5351 bytes]","args":[{"element-6066-11e4-a52e-4f735466cecf":"f.647512A71DDA687F9F591F39CAC5A62D.d.A37FB54D0C849C632E4B53996AD29288.e.18163","ELEMENT":"f.647512A71DDA687F9F591F39CAC5A62D.d.A37FB54D0C849C632E4B53996AD29288.e.18163"}]}
COMMAND: POST /session/700a0ab92761895b5ec9a5372f8d46fb/element/f.647512A71DDA687F9F591F39CAC5A62D.d.A37FB54D0C849C632E4B53996AD29288.e.18163/click - {}
COMMAND: GET /session/700a0ab92761895b5ec9a5372f8d46fb/screenshot - {}
RESULT: {}
RESULT: {}
COMMAND: POST /session/700a0ab92761895b5ec9a5372f8d46fb/actions - {"actions":[{"id":"action73","type":"key","parameters":{},"actions":[{"type":"keyDown","value":"î€‡"},{"type":"pause","duration":10},{"type":"keyUp","value":"î€‡"}]}]}
COMMAND: GET /session/700a0ab92761895b5ec9a5372f8d46fb/screenshot - {}
RESULT: {}
RESULT: {"actions":[{"id":"action73","type":"key","parameters":{},"actions":[{"type":"keyDown","value":"î€‡"},{"type":"pause","duration":10},{"type":"keyUp","value":"î€‡"}]}]}
COMMAND: GET /session/700a0ab92761895b5ec9a5372f8d46fb/screenshot - {}
RESULT: {}
RESULT: {}
COMMAND: POST /session/700a0ab92761895b5ec9a5372f8d46fb/execute/async - {"script":"<script> [1562 bytes]","args":[{"selector":{"controlType":"sap.m.SearchField","viewName":"etm.portal.ui.managehandovers.view.MasterHO","bindingPath":{"path":"","propertyPath":"/_BASIC_SEARCH_FIELD","modelName":"fi1t3rM0d31"},"interaction":{"idSuffix":"I"}},"wdio_ui5_key":"etmportal.ui.managehandovers.view.MasterHOsap.m.SearchField{\"path\":\"\",\"propertyPath\":\"/_BASIC_SEARCH_FIELD\",\"modelName\":\"fi1t3rM0d31\"}"}]}
RESULT: {"script":"<script> [1562 bytes]","args":[{"selector":{"controlType":"sap.m.SearchField","viewName":"etm.portal.ui.managehandovers.view.MasterHO","bindingPath":{"path":"","propertyPath":"/_BASIC_SEARCH_FIELD","modelName":"fi1t3rM0d31"},"interaction":{"idSuffix":"I"}},"wdio_ui5_key":"etmportal.ui.managehandovers.view.MasterHOsap.m.SearchField{\"path\":\"\",\"propertyPath\":\"/_BASIC_SEARCH_FIELD\",\"modelName\":\"fi1t3rM0d31\"}"}]}
RESULT: undefined
COMMAND: POST /session/700a0ab92761895b5ec9a5372f8d46fb/execute/async - {"script":"<script> [776 bytes]","args":[{"enterText":"31200","selector":{"controlType":"sap.m.SearchField","viewName":"etm.portal.ui.managehandovers.view.MasterHO","bindingPath":{"path":"","propertyPath":"/_BASIC_SEARCH_FIELD","modelName":"fi1t3rM0d31"},"interaction":{"idSuffix":"I"}},"clearTextFirst":true,"interactionType":"ENTER_TEXT"}]}
RESULT: {"script":"<script> [776 bytes]","args":[{"enterText":"31200","selector":{"controlType":"sap.m.SearchField","viewName":"etm.portal.ui.managehandovers.view.MasterHO","bindingPath":{"path":"","propertyPath":"/_BASIC_SEARCH_FIELD","modelName":"fi1t3rM0d31"},"interaction":{"idSuffix":"I"}},"clearTextFirst":true,"interactionType":"ENTER_TEXT"}]}
COMMAND: POST /session/700a0ab92761895b5ec9a5372f8d46fb/actions - {"actions":[{"id":"action74","type":"key","parameters":{},"actions":[{"type":"keyDown","value":"î€‡"},{"type":"pause","duration":10},{"type":"keyUp","value":"î€‡"}]}]}
RESULT: {"actions":[{"id":"action74","type":"key","parameters":{},"actions":[{"type":"keyDown","value":"î€‡"},{"type":"pause","duration":10},{"type":"keyUp","value":"î€‡"}]}]}
COMMAND: GET /session/700a0ab92761895b5ec9a5372f8d46fb/screenshot - {}
RESULT: {}
COMMAND: POST /session/700a0ab92761895b5ec9a5372f8d46fb/execute/async - {"script":"<script> [1562 bytes]","args":[{"selector":{"controlType":"sap.ui.core.Icon","viewName":"etm.portal.ui.managehandovers.view.MasterHO","properties":{"src":{"regex":{"source":"slim\\-arrow\\-right"}}}},"wdio_ui5_key":"etmportal.ui.managehandovers.view.MasterHOsap.ui.core.Icon{\"src\":{\"regex\":{\"source\":\"slim\\\\-arrow\\\\-right\"}}}"}]}
RESULT: {"script":"<script> [1562 bytes]","args":[{"selector":{"controlType":"sap.ui.core.Icon","viewName":"etm.portal.ui.managehandovers.view.MasterHO","properties":{"src":{"regex":{"source":"slim\\-arrow\\-right"}}}},"wdio_ui5_key":"etmportal.ui.managehandovers.view.MasterHOsap.ui.core.Icon{\"src\":{\"regex\":{\"source\":\"slim\\\\-arrow\\\\-right\"}}}"}]}
RESULT: undefined
COMMAND: POST /session/700a0ab92761895b5ec9a5372f8d46fb/element - {"using":"xpath","value":"//*[@id=\"__item5215-__clone11721-imgNav\"]"}
RESULT: {"using":"xpath","value":"//*[@id=\"__item5215-__clone11721-imgNav\"]"}
COMMAND: POST /session/700a0ab92761895b5ec9a5372f8d46fb/element/f.647512A71DDA687F9F591F39CAC5A62D.d.A37FB54D0C849C632E4B53996AD29288.e.18330/click - {}
RESULT: {}
COMMAND: POST /session/700a0ab92761895b5ec9a5372f8d46fb/element - {"using":"xpath","value":"(//span[text()='Instructions'])[2]"}
COMMAND: GET /session/700a0ab92761895b5ec9a5372f8d46fb/screenshot - {}
RESULT: {"using":"xpath","value":"(//span[text()='Instructions'])[2]"}
COMMAND: GET /session/700a0ab92761895b5ec9a5372f8d46fb/element/f.647512A71DDA687F9F591F39CAC5A62D.d.A37FB54D0C849C632E4B53996AD29288.e.18142/enabled - {}
RESULT: {}
RESULT: {}
COMMAND: POST /session/700a0ab92761895b5ec9a5372f8d46fb/execute/sync - {"script":"<script> [8489 bytes]","args":[{"element-6066-11e4-a52e-4f735466cecf":"f.647512A71DDA687F9F591F39CAC5A62D.d.A37FB54D0C849C632E4B53996AD29288.e.18142","ELEMENT":"f.647512A71DDA687F9F591F39CAC5A62D.d.A37FB54D0C849C632E4B53996AD29288.e.18142"}]}
COMMAND: GET /session/700a0ab92761895b5ec9a5372f8d46fb/screenshot - {}
RESULT: {"script":"<script> [8489 bytes]","args":[{"element-6066-11e4-a52e-4f735466cecf":"f.647512A71DDA687F9F591F39CAC5A62D.d.A37FB54D0C849C632E4B53996AD29288.e.18142","ELEMENT":"f.647512A71DDA687F9F591F39CAC5A62D.d.A37FB54D0C849C632E4B53996AD29288.e.18142"}]}
COMMAND: POST /session/700a0ab92761895b5ec9a5372f8d46fb/execute/sync - {"script":"<script> [5351 bytes]","args":[{"element-6066-11e4-a52e-4f735466cecf":"f.647512A71DDA687F9F591F39CAC5A62D.d.A37FB54D0C849C632E4B53996AD29288.e.18142","ELEMENT":"f.647512A71DDA687F9F591F39CAC5A62D.d.A37FB54D0C849C632E4B53996AD29288.e.18142"}]}
COMMAND: GET /session/700a0ab92761895b5ec9a5372f8d46fb/screenshot - {}
RESULT: {}
RESULT: {"script":"<script> [5351 bytes]","args":[{"element-6066-11e4-a52e-4f735466cecf":"f.647512A71DDA687F9F591F39CAC5A62D.d.A37FB54D0C849C632E4B53996AD29288.e.18142","ELEMENT":"f.647512A71DDA687F9F591F39CAC5A62D.d.A37FB54D0C849C632E4B53996AD29288.e.18142"}]}
COMMAND: POST /session/700a0ab92761895b5ec9a5372f8d46fb/element/f.647512A71DDA687F9F591F39CAC5A62D.d.A37FB54D0C849C632E4B53996AD29288.e.18142/click - {}
COMMAND: GET /session/700a0ab92761895b5ec9a5372f8d46fb/screenshot - {}
RESULT: {}
RESULT: {}
COMMAND: POST /session/700a0ab92761895b5ec9a5372f8d46fb/element - {"using":"xpath","value":"//bdi[text()='Confirm']"}
COMMAND: GET /session/700a0ab92761895b5ec9a5372f8d46fb/screenshot - {}
RESULT: {}
RESULT: {"using":"xpath","value":"//bdi[text()='Confirm']"}
COMMAND: POST /session/700a0ab92761895b5ec9a5372f8d46fb/elements - {"using":"xpath","value":"//bdi[text()='Confirm']"}
RESULT: {}
RESULT: {"using":"xpath","value":"//bdi[text()='Confirm']"}
COMMAND: POST /session/700a0ab92761895b5ec9a5372f8d46fb/elements - {"using":"xpath","value":"//bdi[text()='Confirm']"}
RESULT: {"using":"xpath","value":"//bdi[text()='Confirm']"}
COMMAND: POST /session/700a0ab92761895b5ec9a5372f8d46fb/elements - {"using":"xpath","value":"//bdi[text()='Confirm']"}
RESULT: {"using":"xpath","value":"//bdi[text()='Confirm']"}
COMMAND: POST /session/700a0ab92761895b5ec9a5372f8d46fb/elements - {"using":"xpath","value":"//bdi[text()='Confirm']"}
RESULT: {"using":"xpath","value":"//bdi[text()='Confirm']"}
COMMAND: POST /session/700a0ab92761895b5ec9a5372f8d46fb/element - {"using":"xpath","value":"//bdi[text()='Confirm']"}
RESULT: {"using":"xpath","value":"//bdi[text()='Confirm']"}
COMMAND: GET /session/700a0ab92761895b5ec9a5372f8d46fb/element/f.647512A71DDA687F9F591F39CAC5A62D.d.A37FB54D0C849C632E4B53996AD29288.e.18373/enabled - {}
RESULT: {}
COMMAND: POST /session/700a0ab92761895b5ec9a5372f8d46fb/execute/sync - {"script":"<script> [8489 bytes]","args":[{"element-6066-11e4-a52e-4f735466cecf":"f.647512A71DDA687F9F591F39CAC5A62D.d.A37FB54D0C849C632E4B53996AD29288.e.18373","ELEMENT":"f.647512A71DDA687F9F591F39CAC5A62D.d.A37FB54D0C849C632E4B53996AD29288.e.18373"}]}
COMMAND: GET /session/700a0ab92761895b5ec9a5372f8d46fb/screenshot - {}
RESULT: {"script":"<script> [8489 bytes]","args":[{"element-6066-11e4-a52e-4f735466cecf":"f.647512A71DDA687F9F591F39CAC5A62D.d.A37FB54D0C849C632E4B53996AD29288.e.18373","ELEMENT":"f.647512A71DDA687F9F591F39CAC5A62D.d.A37FB54D0C849C632E4B53996AD29288.e.18373"}]}
COMMAND: POST /session/700a0ab92761895b5ec9a5372f8d46fb/execute/sync - {"script":"<script> [5351 bytes]","args":[{"element-6066-11e4-a52e-4f735466cecf":"f.647512A71DDA687F9F591F39CAC5A62D.d.A37FB54D0C849C632E4B53996AD29288.e.18373","ELEMENT":"f.647512A71DDA687F9F591F39CAC5A62D.d.A37FB54D0C849C632E4B53996AD29288.e.18373"}]}
COMMAND: GET /session/700a0ab92761895b5ec9a5372f8d46fb/screenshot - {}
RESULT: {}
RESULT: {"script":"<script> [5351 bytes]","args":[{"element-6066-11e4-a52e-4f735466cecf":"f.647512A71DDA687F9F591F39CAC5A62D.d.A37FB54D0C849C632E4B53996AD29288.e.18373","ELEMENT":"f.647512A71DDA687F9F591F39CAC5A62D.d.A37FB54D0C849C632E4B53996AD29288.e.18373"}]}
COMMAND: POST /session/700a0ab92761895b5ec9a5372f8d46fb/element/f.647512A71DDA687F9F591F39CAC5A62D.d.A37FB54D0C849C632E4B53996AD29288.e.18373/click - {}
COMMAND: GET /session/700a0ab92761895b5ec9a5372f8d46fb/screenshot - {}
RESULT: {}
RESULT: {}
COMMAND: POST /session/700a0ab92761895b5ec9a5372f8d46fb/actions - {"actions":[{"id":"action75","type":"key","parameters":{},"actions":[{"type":"keyDown","value":"î€‡"},{"type":"pause","duration":10},{"type":"keyUp","value":"î€‡"}]}]}
COMMAND: GET /session/700a0ab92761895b5ec9a5372f8d46fb/screenshot - {}
RESULT: {}
RESULT: {"actions":[{"id":"action75","type":"key","parameters":{},"actions":[{"type":"keyDown","value":"î€‡"},{"type":"pause","duration":10},{"type":"keyUp","value":"î€‡"}]}]}
COMMAND: POST /session/700a0ab92761895b5ec9a5372f8d46fb/element - {"using":"xpath","value":"//bdi[text()='Issue']"}
COMMAND: GET /session/700a0ab92761895b5ec9a5372f8d46fb/screenshot - {}
RESULT: {}
RESULT: {"using":"xpath","value":"//bdi[text()='Issue']"}
COMMAND: GET /session/700a0ab92761895b5ec9a5372f8d46fb/element/f.647512A71DDA687F9F591F39CAC5A62D.d.A37FB54D0C849C632E4B53996AD29288.e.18377/enabled - {}
RESULT: {}
RESULT: {}
COMMAND: POST /session/700a0ab92761895b5ec9a5372f8d46fb/execute/sync - {"script":"<script> [8489 bytes]","args":[{"element-6066-11e4-a52e-4f735466cecf":"f.647512A71DDA687F9F591F39CAC5A62D.d.A37FB54D0C849C632E4B53996AD29288.e.18377","ELEMENT":"f.647512A71DDA687F9F591F39CAC5A62D.d.A37FB54D0C849C632E4B53996AD29288.e.18377"}]}
COMMAND: GET /session/700a0ab92761895b5ec9a5372f8d46fb/screenshot - {}
RESULT: {"script":"<script> [8489 bytes]","args":[{"element-6066-11e4-a52e-4f735466cecf":"f.647512A71DDA687F9F591F39CAC5A62D.d.A37FB54D0C849C632E4B53996AD29288.e.18377","ELEMENT":"f.647512A71DDA687F9F591F39CAC5A62D.d.A37FB54D0C849C632E4B53996AD29288.e.18377"}]}
COMMAND: POST /session/700a0ab92761895b5ec9a5372f8d46fb/execute/sync - {"script":"<script> [5351 bytes]","args":[{"element-6066-11e4-a52e-4f735466cecf":"f.647512A71DDA687F9F591F39CAC5A62D.d.A37FB54D0C849C632E4B53996AD29288.e.18377","ELEMENT":"f.647512A71DDA687F9F591F39CAC5A62D.d.A37FB54D0C849C632E4B53996AD29288.e.18377"}]}
COMMAND: GET /session/700a0ab92761895b5ec9a5372f8d46fb/screenshot - {}
RESULT: {}
RESULT: {"script":"<script> [5351 bytes]","args":[{"element-6066-11e4-a52e-4f735466cecf":"f.647512A71DDA687F9F591F39CAC5A62D.d.A37FB54D0C849C632E4B53996AD29288.e.18377","ELEMENT":"f.647512A71DDA687F9F591F39CAC5A62D.d.A37FB54D0C849C632E4B53996AD29288.e.18377"}]}
COMMAND: POST /session/700a0ab92761895b5ec9a5372f8d46fb/element/f.647512A71DDA687F9F591F39CAC5A62D.d.A37FB54D0C849C632E4B53996AD29288.e.18377/click - {}
COMMAND: GET /session/700a0ab92761895b5ec9a5372f8d46fb/screenshot - {}
RESULT: {}
RESULT: {}
COMMAND: POST /session/700a0ab92761895b5ec9a5372f8d46fb/element - {"using":"xpath","value":"//*[text()='Provide to site']"}
COMMAND: GET /session/700a0ab92761895b5ec9a5372f8d46fb/screenshot - {}
RESULT: {}
RESULT: {"using":"xpath","value":"//*[text()='Provide to site']"}
COMMAND: POST /session/700a0ab92761895b5ec9a5372f8d46fb/elements - {"using":"xpath","value":"//*[text()='Provide to site']"}
RESULT: {}
RESULT: {"using":"xpath","value":"//*[text()='Provide to site']"}
COMMAND: POST /session/700a0ab92761895b5ec9a5372f8d46fb/elements - {"using":"xpath","value":"//*[text()='Provide to site']"}
RESULT: {"using":"xpath","value":"//*[text()='Provide to site']"}
COMMAND: POST /session/700a0ab92761895b5ec9a5372f8d46fb/elements - {"using":"xpath","value":"//*[text()='Provide to site']"}
RESULT: {"using":"xpath","value":"//*[text()='Provide to site']"}
COMMAND: POST /session/700a0ab92761895b5ec9a5372f8d46fb/elements - {"using":"xpath","value":"//*[text()='Provide to site']"}
RESULT: {"using":"xpath","value":"//*[text()='Provide to site']"}
COMMAND: POST /session/700a0ab92761895b5ec9a5372f8d46fb/elements - {"using":"xpath","value":"//*[text()='Provide to site']"}
RESULT: {"using":"xpath","value":"//*[text()='Provide to site']"}
COMMAND: POST /session/700a0ab92761895b5ec9a5372f8d46fb/elements - {"using":"xpath","value":"//*[text()='Provide to site']"}
RESULT: {"using":"xpath","value":"//*[text()='Provide to site']"}
COMMAND: POST /session/700a0ab92761895b5ec9a5372f8d46fb/elements - {"using":"xpath","value":"//*[text()='Provide to site']"}
RESULT: {"using":"xpath","value":"//*[text()='Provide to site']"}
COMMAND: POST /session/700a0ab92761895b5ec9a5372f8d46fb/elements - {"using":"xpath","value":"//*[text()='Provide to site']"}
RESULT: {"using":"xpath","value":"//*[text()='Provide to site']"}
COMMAND: POST /session/700a0ab92761895b5ec9a5372f8d46fb/elements - {"using":"xpath","value":"//*[text()='Provide to site']"}
RESULT: {"using":"xpath","value":"//*[text()='Provide to site']"}
COMMAND: POST /session/700a0ab92761895b5ec9a5372f8d46fb/elements - {"using":"xpath","value":"//*[text()='Provide to site']"}
RESULT: {"using":"xpath","value":"//*[text()='Provide to site']"}
COMMAND: POST /session/700a0ab92761895b5ec9a5372f8d46fb/elements - {"using":"xpath","value":"//*[text()='Provide to site']"}
RESULT: {"using":"xpath","value":"//*[text()='Provide to site']"}
COMMAND: POST /session/700a0ab92761895b5ec9a5372f8d46fb/elements - {"using":"xpath","value":"//*[text()='Provide to site']"}
RESULT: {"using":"xpath","value":"//*[text()='Provide to site']"}
COMMAND: POST /session/700a0ab92761895b5ec9a5372f8d46fb/elements - {"using":"xpath","value":"//*[text()='Provide to site']"}
RESULT: {"using":"xpath","value":"//*[text()='Provide to site']"}
COMMAND: POST /session/700a0ab92761895b5ec9a5372f8d46fb/elements - {"using":"xpath","value":"//*[text()='Provide to site']"}
RESULT: {"using":"xpath","value":"//*[text()='Provide to site']"}
COMMAND: POST /session/700a0ab92761895b5ec9a5372f8d46fb/elements - {"using":"xpath","value":"//*[text()='Provide to site']"}
RESULT: {"using":"xpath","value":"//*[text()='Provide to site']"}
COMMAND: POST /session/700a0ab92761895b5ec9a5372f8d46fb/elements - {"using":"xpath","value":"//*[text()='Provide to site']"}
RESULT: {"using":"xpath","value":"//*[text()='Provide to site']"}
COMMAND: POST /session/700a0ab92761895b5ec9a5372f8d46fb/elements - {"using":"xpath","value":"//*[text()='Provide to site']"}
RESULT: {"using":"xpath","value":"//*[text()='Provide to site']"}
COMMAND: POST /session/700a0ab92761895b5ec9a5372f8d46fb/elements - {"using":"xpath","value":"//*[text()='Provide to site']"}
RESULT: {"using":"xpath","value":"//*[text()='Provide to site']"}
COMMAND: POST /session/700a0ab92761895b5ec9a5372f8d46fb/elements - {"using":"xpath","value":"//*[text()='Provide to site']"}
RESULT: {"using":"xpath","value":"//*[text()='Provide to site']"}
COMMAND: POST /session/700a0ab92761895b5ec9a5372f8d46fb/elements - {"using":"xpath","value":"//*[text()='Provide to site']"}
RESULT: {"using":"xpath","value":"//*[text()='Provide to site']"}
COMMAND: POST /session/700a0ab92761895b5ec9a5372f8d46fb/elements - {"using":"xpath","value":"//*[text()='Provide to site']"}
RESULT: {"using":"xpath","value":"//*[text()='Provide to site']"}
COMMAND: POST /session/700a0ab92761895b5ec9a5372f8d46fb/elements - {"using":"xpath","value":"//*[text()='Provide to site']"}
RESULT: {"using":"xpath","value":"//*[text()='Provide to site']"}
COMMAND: POST /session/700a0ab92761895b5ec9a5372f8d46fb/elements - {"using":"xpath","value":"//*[text()='Provide to site']"}
RESULT: {"using":"xpath","value":"//*[text()='Provide to site']"}
COMMAND: POST /session/700a0ab92761895b5ec9a5372f8d46fb/elements - {"using":"xpath","value":"//*[text()='Provide to site']"}
RESULT: {"using":"xpath","value":"//*[text()='Provide to site']"}
COMMAND: POST /session/700a0ab92761895b5ec9a5372f8d46fb/elements - {"using":"xpath","value":"//*[text()='Provide to site']"}
RESULT: {"using":"xpath","value":"//*[text()='Provide to site']"}
COMMAND: POST /session/700a0ab92761895b5ec9a5372f8d46fb/elements - {"using":"xpath","value":"//*[text()='Provide to site']"}
RESULT: {"using":"xpath","value":"//*[text()='Provide to site']"}
COMMAND: POST /session/700a0ab92761895b5ec9a5372f8d46fb/elements - {"using":"xpath","value":"//*[text()='Provide to site']"}
RESULT: {"using":"xpath","value":"//*[text()='Provide to site']"}
COMMAND: POST /session/700a0ab92761895b5ec9a5372f8d46fb/elements - {"using":"xpath","value":"//*[text()='Provide to site']"}
RESULT: {"using":"xpath","value":"//*[text()='Provide to site']"}
COMMAND: POST /session/700a0ab92761895b5ec9a5372f8d46fb/elements - {"using":"xpath","value":"//*[text()='Provide to site']"}
RESULT: {"using":"xpath","value":"//*[text()='Provide to site']"}
COMMAND: POST /session/700a0ab92761895b5ec9a5372f8d46fb/elements - {"using":"xpath","value":"//*[text()='Provide to site']"}
RESULT: {"using":"xpath","value":"//*[text()='Provide to site']"}
COMMAND: POST /session/700a0ab92761895b5ec9a5372f8d46fb/elements - {"using":"xpath","value":"//*[text()='Provide to site']"}
RESULT: {"using":"xpath","value":"//*[text()='Provide to site']"}
COMMAND: POST /session/700a0ab92761895b5ec9a5372f8d46fb/elements - {"using":"xpath","value":"//*[text()='Provide to site']"}
RESULT: {"using":"xpath","value":"//*[text()='Provide to site']"}
COMMAND: POST /session/700a0ab92761895b5ec9a5372f8d46fb/elements - {"using":"xpath","value":"//*[text()='Provide to site']"}
RESULT: {"using":"xpath","value":"//*[text()='Provide to site']"}
COMMAND: POST /session/700a0ab92761895b5ec9a5372f8d46fb/elements - {"using":"xpath","value":"//*[text()='Provide to site']"}
RESULT: {"using":"xpath","value":"//*[text()='Provide to site']"}
COMMAND: POST /session/700a0ab92761895b5ec9a5372f8d46fb/elements - {"using":"xpath","value":"//*[text()='Provide to site']"}
RESULT: {"using":"xpath","value":"//*[text()='Provide to site']"}
COMMAND: POST /session/700a0ab92761895b5ec9a5372f8d46fb/elements - {"using":"xpath","value":"//*[text()='Provide to site']"}
RESULT: {"using":"xpath","value":"//*[text()='Provide to site']"}
COMMAND: POST /session/700a0ab92761895b5ec9a5372f8d46fb/elements - {"using":"xpath","value":"//*[text()='Provide to site']"}
RESULT: {"using":"xpath","value":"//*[text()='Provide to site']"}
COMMAND: POST /session/700a0ab92761895b5ec9a5372f8d46fb/elements - {"using":"xpath","value":"//*[text()='Provide to site']"}
RESULT: {"using":"xpath","value":"//*[text()='Provide to site']"}
COMMAND: POST /session/700a0ab92761895b5ec9a5372f8d46fb/elements - {"using":"xpath","value":"//*[text()='Provide to site']"}
RESULT: {"using":"xpath","value":"//*[text()='Provide to site']"}
COMMAND: POST /session/700a0ab92761895b5ec9a5372f8d46fb/elements - {"using":"xpath","value":"//*[text()='Provide to site']"}
RESULT: {"using":"xpath","value":"//*[text()='Provide to site']"}
COMMAND: POST /session/700a0ab92761895b5ec9a5372f8d46fb/elements - {"using":"xpath","value":"//*[text()='Provide to site']"}
RESULT: {"using":"xpath","value":"//*[text()='Provide to site']"}
COMMAND: POST /session/700a0ab92761895b5ec9a5372f8d46fb/elements - {"using":"xpath","value":"//*[text()='Provide to site']"}
RESULT: {"using":"xpath","value":"//*[text()='Provide to site']"}
COMMAND: POST /session/700a0ab92761895b5ec9a5372f8d46fb/elements - {"using":"xpath","value":"//*[text()='Provide to site']"}
RESULT: {"using":"xpath","value":"//*[text()='Provide to site']"}
COMMAND: POST /session/700a0ab92761895b5ec9a5372f8d46fb/elements - {"using":"xpath","value":"//*[text()='Provide to site']"}
RESULT: {"using":"xpath","value":"//*[text()='Provide to site']"}
COMMAND: POST /session/700a0ab92761895b5ec9a5372f8d46fb/elements - {"using":"xpath","value":"//*[text()='Provide to site']"}
RESULT: {"using":"xpath","value":"//*[text()='Provide to site']"}
COMMAND: POST /session/700a0ab92761895b5ec9a5372f8d46fb/elements - {"using":"xpath","value":"//*[text()='Provide to site']"}
RESULT: {"using":"xpath","value":"//*[text()='Provide to site']"}
COMMAND: POST /session/700a0ab92761895b5ec9a5372f8d46fb/elements - {"using":"xpath","value":"//*[text()='Provide to site']"}
RESULT: {"using":"xpath","value":"//*[text()='Provide to site']"}
COMMAND: POST /session/700a0ab92761895b5ec9a5372f8d46fb/elements - {"using":"xpath","value":"//*[text()='Provide to site']"}
RESULT: {"using":"xpath","value":"//*[text()='Provide to site']"}
COMMAND: POST /session/700a0ab92761895b5ec9a5372f8d46fb/elements - {"using":"xpath","value":"//*[text()='Provide to site']"}
RESULT: {"using":"xpath","value":"//*[text()='Provide to site']"}
COMMAND: POST /session/700a0ab92761895b5ec9a5372f8d46fb/elements - {"using":"xpath","value":"//*[text()='Provide to site']"}
RESULT: {"using":"xpath","value":"//*[text()='Provide to site']"}
COMMAND: POST /session/700a0ab92761895b5ec9a5372f8d46fb/elements - {"using":"xpath","value":"//*[text()='Provide to site']"}
RESULT: {"using":"xpath","value":"//*[text()='Provide to site']"}
COMMAND: POST /session/700a0ab92761895b5ec9a5372f8d46fb/elements - {"using":"xpath","value":"//*[text()='Provide to site']"}
RESULT: {"using":"xpath","value":"//*[text()='Provide to site']"}
COMMAND: POST /session/700a0ab92761895b5ec9a5372f8d46fb/elements - {"using":"xpath","value":"//*[text()='Provide to site']"}
RESULT: {"using":"xpath","value":"//*[text()='Provide to site']"}
COMMAND: POST /session/700a0ab92761895b5ec9a5372f8d46fb/elements - {"using":"xpath","value":"//*[text()='Provide to site']"}
RESULT: {"using":"xpath","value":"//*[text()='Provide to site']"}
COMMAND: POST /session/700a0ab92761895b5ec9a5372f8d46fb/elements - {"using":"xpath","value":"//*[text()='Provide to site']"}
RESULT: {"using":"xpath","value":"//*[text()='Provide to site']"}
COMMAND: POST /session/700a0ab92761895b5ec9a5372f8d46fb/elements - {"using":"xpath","value":"//*[text()='Provide to site']"}
RESULT: {"using":"xpath","value":"//*[text()='Provide to site']"}
COMMAND: POST /session/700a0ab92761895b5ec9a5372f8d46fb/elements - {"using":"xpath","value":"//*[text()='Provide to site']"}
RESULT: {"using":"xpath","value":"//*[text()='Provide to site']"}
COMMAND: POST /session/700a0ab92761895b5ec9a5372f8d46fb/elements - {"using":"xpath","value":"//*[text()='Provide to site']"}
RESULT: {"using":"xpath","value":"//*[text()='Provide to site']"}
COMMAND: POST /session/700a0ab92761895b5ec9a5372f8d46fb/elements - {"using":"xpath","value":"//*[text()='Provide to site']"}
RESULT: {"using":"xpath","value":"//*[text()='Provide to site']"}
COMMAND: POST /session/700a0ab92761895b5ec9a5372f8d46fb/elements - {"using":"xpath","value":"//*[text()='Provide to site']"}
RESULT: {"using":"xpath","value":"//*[text()='Provide to site']"}
COMMAND: POST /session/700a0ab92761895b5ec9a5372f8d46fb/elements - {"using":"xpath","value":"//*[text()='Provide to site']"}
RESULT: {"using":"xpath","value":"//*[text()='Provide to site']"}
COMMAND: POST /session/700a0ab92761895b5ec9a5372f8d46fb/elements - {"using":"xpath","value":"//*[text()='Provide to site']"}
RESULT: {"using":"xpath","value":"//*[text()='Provide to site']"}
COMMAND: POST /session/700a0ab92761895b5ec9a5372f8d46fb/elements - {"using":"xpath","value":"//*[text()='Provide to site']"}
RESULT: {"using":"xpath","value":"//*[text()='Provide to site']"}
COMMAND: POST /session/700a0ab92761895b5ec9a5372f8d46fb/elements - {"using":"xpath","value":"//*[text()='Provide to site']"}
RESULT: {"using":"xpath","value":"//*[text()='Provide to site']"}
COMMAND: POST /session/700a0ab92761895b5ec9a5372f8d46fb/elements - {"using":"xpath","value":"//*[text()='Provide to site']"}
RESULT: {"using":"xpath","value":"//*[text()='Provide to site']"}
COMMAND: POST /session/700a0ab92761895b5ec9a5372f8d46fb/elements - {"using":"xpath","value":"//*[text()='Provide to site']"}
RESULT: {"using":"xpath","value":"//*[text()='Provide to site']"}
COMMAND: POST /session/700a0ab92761895b5ec9a5372f8d46fb/elements - {"using":"xpath","value":"//*[text()='Provide to site']"}
RESULT: {"using":"xpath","value":"//*[text()='Provide to site']"}
COMMAND: POST /session/700a0ab92761895b5ec9a5372f8d46fb/elements - {"using":"xpath","value":"//*[text()='Provide to site']"}
RESULT: {"using":"xpath","value":"//*[text()='Provide to site']"}
COMMAND: POST /session/700a0ab92761895b5ec9a5372f8d46fb/elements - {"using":"xpath","value":"//*[text()='Provide to site']"}
RESULT: {"using":"xpath","value":"//*[text()='Provide to site']"}
COMMAND: POST /session/700a0ab92761895b5ec9a5372f8d46fb/elements - {"using":"xpath","value":"//*[text()='Provide to site']"}
RESULT: {"using":"xpath","value":"//*[text()='Provide to site']"}
COMMAND: POST /session/700a0ab92761895b5ec9a5372f8d46fb/elements - {"using":"xpath","value":"//*[text()='Provide to site']"}
RESULT: {"using":"xpath","value":"//*[text()='Provide to site']"}
COMMAND: POST /session/700a0ab92761895b5ec9a5372f8d46fb/elements - {"using":"xpath","value":"//*[text()='Provide to site']"}
RESULT: {"using":"xpath","value":"//*[text()='Provide to site']"}
COMMAND: POST /session/700a0ab92761895b5ec9a5372f8d46fb/elements - {"using":"xpath","value":"//*[text()='Provide to site']"}
RESULT: {"using":"xpath","value":"//*[text()='Provide to site']"}
COMMAND: POST /session/700a0ab92761895b5ec9a5372f8d46fb/elements - {"using":"xpath","value":"//*[text()='Provide to site']"}
RESULT: {"using":"xpath","value":"//*[text()='Provide to site']"}
COMMAND: POST /session/700a0ab92761895b5ec9a5372f8d46fb/elements - {"using":"xpath","value":"//*[text()='Provide to site']"}
RESULT: {"using":"xpath","value":"//*[text()='Provide to site']"}
COMMAND: POST /session/700a0ab92761895b5ec9a5372f8d46fb/elements - {"using":"xpath","value":"//*[text()='Provide to site']"}
RESULT: {"using":"xpath","value":"//*[text()='Provide to site']"}
COMMAND: POST /session/700a0ab92761895b5ec9a5372f8d46fb/elements - {"using":"xpath","value":"//*[text()='Provide to site']"}
RESULT: {"using":"xpath","value":"//*[text()='Provide to site']"}
COMMAND: POST /session/700a0ab92761895b5ec9a5372f8d46fb/elements - {"using":"xpath","value":"//*[text()='Provide to site']"}
RESULT: {"using":"xpath","value":"//*[text()='Provide to site']"}
COMMAND: POST /session/700a0ab92761895b5ec9a5372f8d46fb/elements - {"using":"xpath","value":"//*[text()='Provide to site']"}
RESULT: {"using":"xpath","value":"//*[text()='Provide to site']"}
COMMAND: POST /session/700a0ab92761895b5ec9a5372f8d46fb/elements - {"using":"xpath","value":"//*[text()='Provide to site']"}
RESULT: {"using":"xpath","value":"//*[text()='Provide to site']"}
COMMAND: POST /session/700a0ab92761895b5ec9a5372f8d46fb/elements - {"using":"xpath","value":"//*[text()='Provide to site']"}
RESULT: {"using":"xpath","value":"//*[text()='Provide to site']"}
COMMAND: POST /session/700a0ab92761895b5ec9a5372f8d46fb/elements - {"using":"xpath","value":"//*[text()='Provide to site']"}
RESULT: {"using":"xpath","value":"//*[text()='Provide to site']"}
COMMAND: POST /session/700a0ab92761895b5ec9a5372f8d46fb/elements - {"using":"xpath","value":"//*[text()='Provide to site']"}
RESULT: {"using":"xpath","value":"//*[text()='Provide to site']"}
COMMAND: POST /session/700a0ab92761895b5ec9a5372f8d46fb/elements - {"using":"xpath","value":"//*[text()='Provide to site']"}
RESULT: {"using":"xpath","value":"//*[text()='Provide to site']"}
COMMAND: POST /session/700a0ab92761895b5ec9a5372f8d46fb/elements - {"using":"xpath","value":"//*[text()='Provide to site']"}
RESULT: {"using":"xpath","value":"//*[text()='Provide to site']"}
COMMAND: POST /session/700a0ab92761895b5ec9a5372f8d46fb/elements - {"using":"xpath","value":"//*[text()='Provide to site']"}
RESULT: {"using":"xpath","value":"//*[text()='Provide to site']"}
COMMAND: POST /session/700a0ab92761895b5ec9a5372f8d46fb/elements - {"using":"xpath","value":"//*[text()='Provide to site']"}
RESULT: {"using":"xpath","value":"//*[text()='Provide to site']"}
COMMAND: POST /session/700a0ab92761895b5ec9a5372f8d46fb/elements - {"using":"xpath","value":"//*[text()='Provide to site']"}
RESULT: {"using":"xpath","value":"//*[text()='Provide to site']"}
COMMAND: POST /session/700a0ab92761895b5ec9a5372f8d46fb/elements - {"using":"xpath","value":"//*[text()='Provide to site']"}
RESULT: {"using":"xpath","value":"//*[text()='Provide to site']"}
COMMAND: POST /session/700a0ab92761895b5ec9a5372f8d46fb/elements - {"using":"xpath","value":"//*[text()='Provide to site']"}
RESULT: {"using":"xpath","value":"//*[text()='Provide to site']"}
COMMAND: POST /session/700a0ab92761895b5ec9a5372f8d46fb/elements - {"using":"xpath","value":"//*[text()='provide (received)']"}
RESULT: {"using":"xpath","value":"//*[text()='provide (received)']"}
]]></system-out>
    </testcase>
    <testcase classname="chrome.135_0_7049_96.windows.Provide_to_Site_w/o_warehouse_management_w_clarification" name="Should Test for Handover Execution" time="296.977">
      <system-out><![CDATA[
COMMAND: POST /session/700a0ab92761895b5ec9a5372f8d46fb/element - {"using":"xpath","value":"//*[text()='Provide to site']"}
RESULT: {"using":"xpath","value":"//*[text()='Provide to site']"}
COMMAND: POST /session/700a0ab92761895b5ec9a5372f8d46fb/elements - {"using":"xpath","value":"//*[text()='Provide to site']"}
RESULT: {"using":"xpath","value":"//*[text()='Provide to site']"}
COMMAND: POST /session/700a0ab92761895b5ec9a5372f8d46fb/elements - {"using":"xpath","value":"//*[text()='Provide to site']"}
RESULT: {"using":"xpath","value":"//*[text()='Provide to site']"}
COMMAND: POST /session/700a0ab92761895b5ec9a5372f8d46fb/elements - {"using":"xpath","value":"//*[text()='Provide to site']"}
RESULT: {"using":"xpath","value":"//*[text()='Provide to site']"}
COMMAND: POST /session/700a0ab92761895b5ec9a5372f8d46fb/elements - {"using":"xpath","value":"//*[text()='Provide to site']"}
RESULT: {"using":"xpath","value":"//*[text()='Provide to site']"}
COMMAND: POST /session/700a0ab92761895b5ec9a5372f8d46fb/elements - {"using":"xpath","value":"//*[text()='Provide to site']"}
RESULT: {"using":"xpath","value":"//*[text()='Provide to site']"}
COMMAND: POST /session/700a0ab92761895b5ec9a5372f8d46fb/elements - {"using":"xpath","value":"//*[text()='Provide to site']"}
RESULT: {"using":"xpath","value":"//*[text()='Provide to site']"}
COMMAND: POST /session/700a0ab92761895b5ec9a5372f8d46fb/elements - {"using":"xpath","value":"//*[text()='Provide to site']"}
RESULT: {"using":"xpath","value":"//*[text()='Provide to site']"}
COMMAND: POST /session/700a0ab92761895b5ec9a5372f8d46fb/elements - {"using":"xpath","value":"//*[text()='Provide to site']"}
RESULT: {"using":"xpath","value":"//*[text()='Provide to site']"}
COMMAND: POST /session/700a0ab92761895b5ec9a5372f8d46fb/elements - {"using":"xpath","value":"//*[text()='Provide to site']"}
RESULT: {"using":"xpath","value":"//*[text()='Provide to site']"}
COMMAND: POST /session/700a0ab92761895b5ec9a5372f8d46fb/elements - {"using":"xpath","value":"//*[text()='Provide to site']"}
RESULT: {"using":"xpath","value":"//*[text()='Provide to site']"}
COMMAND: POST /session/700a0ab92761895b5ec9a5372f8d46fb/elements - {"using":"xpath","value":"//*[text()='Provide to site']"}
RESULT: {"using":"xpath","value":"//*[text()='Provide to site']"}
COMMAND: POST /session/700a0ab92761895b5ec9a5372f8d46fb/elements - {"using":"xpath","value":"//*[text()='Provide to site']"}
RESULT: {"using":"xpath","value":"//*[text()='Provide to site']"}
COMMAND: POST /session/700a0ab92761895b5ec9a5372f8d46fb/elements - {"using":"xpath","value":"//*[text()='Provide to site']"}
RESULT: {"using":"xpath","value":"//*[text()='Provide to site']"}
COMMAND: POST /session/700a0ab92761895b5ec9a5372f8d46fb/elements - {"using":"xpath","value":"//*[text()='Provide to site']"}
RESULT: {"using":"xpath","value":"//*[text()='Provide to site']"}
COMMAND: POST /session/700a0ab92761895b5ec9a5372f8d46fb/elements - {"using":"xpath","value":"//*[text()='Provide to site']"}
RESULT: {"using":"xpath","value":"//*[text()='Provide to site']"}
COMMAND: POST /session/700a0ab92761895b5ec9a5372f8d46fb/elements - {"using":"xpath","value":"//*[text()='Provide to site']"}
RESULT: {"using":"xpath","value":"//*[text()='Provide to site']"}
COMMAND: POST /session/700a0ab92761895b5ec9a5372f8d46fb/elements - {"using":"xpath","value":"//*[text()='Provide to site']"}
RESULT: {"using":"xpath","value":"//*[text()='Provide to site']"}
COMMAND: POST /session/700a0ab92761895b5ec9a5372f8d46fb/elements - {"using":"xpath","value":"//*[text()='Provide to site']"}
RESULT: {"using":"xpath","value":"//*[text()='Provide to site']"}
COMMAND: POST /session/700a0ab92761895b5ec9a5372f8d46fb/elements - {"using":"xpath","value":"//*[text()='Provide to site']"}
RESULT: {"using":"xpath","value":"//*[text()='Provide to site']"}
COMMAND: POST /session/700a0ab92761895b5ec9a5372f8d46fb/elements - {"using":"xpath","value":"//*[text()='Provide to site']"}
RESULT: {"using":"xpath","value":"//*[text()='Provide to site']"}
COMMAND: POST /session/700a0ab92761895b5ec9a5372f8d46fb/elements - {"using":"xpath","value":"//*[text()='Provide to site']"}
RESULT: {"using":"xpath","value":"//*[text()='Provide to site']"}
COMMAND: POST /session/700a0ab92761895b5ec9a5372f8d46fb/elements - {"using":"xpath","value":"//*[text()='Provide to site']"}
RESULT: {"using":"xpath","value":"//*[text()='Provide to site']"}
COMMAND: POST /session/700a0ab92761895b5ec9a5372f8d46fb/elements - {"using":"xpath","value":"//*[text()='Provide to site']"}
RESULT: {"using":"xpath","value":"//*[text()='Provide to site']"}
COMMAND: POST /session/700a0ab92761895b5ec9a5372f8d46fb/elements - {"using":"xpath","value":"//*[text()='Provide to site']"}
RESULT: {"using":"xpath","value":"//*[text()='Provide to site']"}
COMMAND: POST /session/700a0ab92761895b5ec9a5372f8d46fb/elements - {"using":"xpath","value":"//*[text()='Provide to site']"}
RESULT: {"using":"xpath","value":"//*[text()='Provide to site']"}
COMMAND: POST /session/700a0ab92761895b5ec9a5372f8d46fb/elements - {"using":"xpath","value":"//*[text()='Provide to site']"}
RESULT: {"using":"xpath","value":"//*[text()='Provide to site']"}
COMMAND: POST /session/700a0ab92761895b5ec9a5372f8d46fb/elements - {"using":"xpath","value":"//*[text()='Provide to site']"}
RESULT: {"using":"xpath","value":"//*[text()='Provide to site']"}
COMMAND: POST /session/700a0ab92761895b5ec9a5372f8d46fb/elements - {"using":"xpath","value":"//*[text()='Provide to site']"}
RESULT: {"using":"xpath","value":"//*[text()='Provide to site']"}
COMMAND: POST /session/700a0ab92761895b5ec9a5372f8d46fb/elements - {"using":"xpath","value":"//*[text()='Provide to site']"}
RESULT: {"using":"xpath","value":"//*[text()='Provide to site']"}
COMMAND: POST /session/700a0ab92761895b5ec9a5372f8d46fb/elements - {"using":"xpath","value":"//*[text()='Provide to site']"}
RESULT: {"using":"xpath","value":"//*[text()='Provide to site']"}
COMMAND: POST /session/700a0ab92761895b5ec9a5372f8d46fb/elements - {"using":"xpath","value":"//*[text()='Provide to site']"}
RESULT: {"using":"xpath","value":"//*[text()='Provide to site']"}
COMMAND: POST /session/700a0ab92761895b5ec9a5372f8d46fb/elements - {"using":"xpath","value":"//*[text()='Provide to site']"}
RESULT: {"using":"xpath","value":"//*[text()='Provide to site']"}
COMMAND: POST /session/700a0ab92761895b5ec9a5372f8d46fb/elements - {"using":"xpath","value":"//*[text()='Provide to site']"}
RESULT: {"using":"xpath","value":"//*[text()='Provide to site']"}
COMMAND: POST /session/700a0ab92761895b5ec9a5372f8d46fb/elements - {"using":"xpath","value":"//*[text()='Provide to site']"}
RESULT: {"using":"xpath","value":"//*[text()='Provide to site']"}
COMMAND: POST /session/700a0ab92761895b5ec9a5372f8d46fb/elements - {"using":"xpath","value":"//*[text()='Provide to site']"}
RESULT: {"using":"xpath","value":"//*[text()='Provide to site']"}
COMMAND: POST /session/700a0ab92761895b5ec9a5372f8d46fb/elements - {"using":"xpath","value":"//*[text()='Provide to site']"}
RESULT: {"using":"xpath","value":"//*[text()='Provide to site']"}
COMMAND: POST /session/700a0ab92761895b5ec9a5372f8d46fb/elements - {"using":"xpath","value":"//*[text()='Provide to site']"}
RESULT: {"using":"xpath","value":"//*[text()='Provide to site']"}
COMMAND: POST /session/700a0ab92761895b5ec9a5372f8d46fb/elements - {"using":"xpath","value":"//*[text()='Provide to site']"}
RESULT: {"using":"xpath","value":"//*[text()='Provide to site']"}
COMMAND: POST /session/700a0ab92761895b5ec9a5372f8d46fb/elements - {"using":"xpath","value":"//*[text()='Provide to site']"}
RESULT: {"using":"xpath","value":"//*[text()='Provide to site']"}
COMMAND: POST /session/700a0ab92761895b5ec9a5372f8d46fb/elements - {"using":"xpath","value":"//*[text()='Provide to site']"}
RESULT: {"using":"xpath","value":"//*[text()='Provide to site']"}
COMMAND: POST /session/700a0ab92761895b5ec9a5372f8d46fb/elements - {"using":"xpath","value":"//*[text()='Provide to site']"}
RESULT: {"using":"xpath","value":"//*[text()='Provide to site']"}
COMMAND: POST /session/700a0ab92761895b5ec9a5372f8d46fb/elements - {"using":"xpath","value":"//*[text()='Provide to site']"}
RESULT: {"using":"xpath","value":"//*[text()='Provide to site']"}
COMMAND: POST /session/700a0ab92761895b5ec9a5372f8d46fb/elements - {"using":"xpath","value":"//*[text()='Provide to site']"}
RESULT: {"using":"xpath","value":"//*[text()='Provide to site']"}
COMMAND: POST /session/700a0ab92761895b5ec9a5372f8d46fb/elements - {"using":"xpath","value":"//*[text()='Provide to site']"}
RESULT: {"using":"xpath","value":"//*[text()='Provide to site']"}
COMMAND: POST /session/700a0ab92761895b5ec9a5372f8d46fb/elements - {"using":"xpath","value":"//*[text()='Provide to site']"}
RESULT: {"using":"xpath","value":"//*[text()='Provide to site']"}
COMMAND: POST /session/700a0ab92761895b5ec9a5372f8d46fb/elements - {"using":"xpath","value":"//*[text()='Provide to site']"}
RESULT: {"using":"xpath","value":"//*[text()='Provide to site']"}
COMMAND: POST /session/700a0ab92761895b5ec9a5372f8d46fb/elements - {"using":"xpath","value":"//*[text()='Provide to site']"}
RESULT: {"using":"xpath","value":"//*[text()='Provide to site']"}
COMMAND: POST /session/700a0ab92761895b5ec9a5372f8d46fb/elements - {"using":"xpath","value":"//*[text()='Provide to site']"}
RESULT: {"using":"xpath","value":"//*[text()='Provide to site']"}
COMMAND: POST /session/700a0ab92761895b5ec9a5372f8d46fb/elements - {"using":"xpath","value":"//*[text()='Provide to site']"}
RESULT: {"using":"xpath","value":"//*[text()='Provide to site']"}
COMMAND: POST /session/700a0ab92761895b5ec9a5372f8d46fb/elements - {"using":"xpath","value":"//*[text()='Provide to site']"}
RESULT: {"using":"xpath","value":"//*[text()='Provide to site']"}
COMMAND: POST /session/700a0ab92761895b5ec9a5372f8d46fb/elements - {"using":"xpath","value":"//*[text()='Provide to site']"}
RESULT: {"using":"xpath","value":"//*[text()='Provide to site']"}
COMMAND: POST /session/700a0ab92761895b5ec9a5372f8d46fb/elements - {"using":"xpath","value":"//*[text()='Provide to site']"}
RESULT: {"using":"xpath","value":"//*[text()='Provide to site']"}
COMMAND: POST /session/700a0ab92761895b5ec9a5372f8d46fb/elements - {"using":"xpath","value":"//*[text()='Provide to site']"}
RESULT: {"using":"xpath","value":"//*[text()='Provide to site']"}
COMMAND: POST /session/700a0ab92761895b5ec9a5372f8d46fb/elements - {"using":"xpath","value":"//*[text()='Provide to site']"}
RESULT: {"using":"xpath","value":"//*[text()='Provide to site']"}
COMMAND: POST /session/700a0ab92761895b5ec9a5372f8d46fb/elements - {"using":"xpath","value":"//*[text()='Provide to site']"}
RESULT: {"using":"xpath","value":"//*[text()='Provide to site']"}
COMMAND: POST /session/700a0ab92761895b5ec9a5372f8d46fb/elements - {"using":"xpath","value":"//*[text()='Provide to site']"}
RESULT: {"using":"xpath","value":"//*[text()='Provide to site']"}
COMMAND: POST /session/700a0ab92761895b5ec9a5372f8d46fb/elements - {"using":"xpath","value":"//*[text()='Provide to site']"}
RESULT: {"using":"xpath","value":"//*[text()='Provide to site']"}
COMMAND: POST /session/700a0ab92761895b5ec9a5372f8d46fb/elements - {"using":"xpath","value":"//*[text()='Provide to site']"}
RESULT: {"using":"xpath","value":"//*[text()='Provide to site']"}
COMMAND: POST /session/700a0ab92761895b5ec9a5372f8d46fb/elements - {"using":"xpath","value":"//*[text()='Provide to site']"}
RESULT: {"using":"xpath","value":"//*[text()='Provide to site']"}
COMMAND: POST /session/700a0ab92761895b5ec9a5372f8d46fb/elements - {"using":"xpath","value":"//*[text()='Provide to site']"}
RESULT: {"using":"xpath","value":"//*[text()='Provide to site']"}
COMMAND: POST /session/700a0ab92761895b5ec9a5372f8d46fb/elements - {"using":"xpath","value":"//*[text()='Provide to site']"}
RESULT: {"using":"xpath","value":"//*[text()='Provide to site']"}
COMMAND: POST /session/700a0ab92761895b5ec9a5372f8d46fb/elements - {"using":"xpath","value":"//*[text()='Provide to site']"}
RESULT: {"using":"xpath","value":"//*[text()='Provide to site']"}
COMMAND: POST /session/700a0ab92761895b5ec9a5372f8d46fb/elements - {"using":"xpath","value":"//*[text()='Provide to site']"}
RESULT: {"using":"xpath","value":"//*[text()='Provide to site']"}
COMMAND: POST /session/700a0ab92761895b5ec9a5372f8d46fb/elements - {"using":"xpath","value":"//*[text()='Provide to site']"}
RESULT: {"using":"xpath","value":"//*[text()='Provide to site']"}
COMMAND: POST /session/700a0ab92761895b5ec9a5372f8d46fb/elements - {"using":"xpath","value":"//*[text()='Provide to site']"}
RESULT: {"using":"xpath","value":"//*[text()='Provide to site']"}
COMMAND: POST /session/700a0ab92761895b5ec9a5372f8d46fb/elements - {"using":"xpath","value":"//*[text()='Provide to site']"}
RESULT: {"using":"xpath","value":"//*[text()='Provide to site']"}
COMMAND: POST /session/700a0ab92761895b5ec9a5372f8d46fb/elements - {"using":"xpath","value":"//*[text()='Provide to site']"}
RESULT: {"using":"xpath","value":"//*[text()='Provide to site']"}
COMMAND: POST /session/700a0ab92761895b5ec9a5372f8d46fb/elements - {"using":"xpath","value":"//*[text()='Provide to site']"}
RESULT: {"using":"xpath","value":"//*[text()='Provide to site']"}
COMMAND: POST /session/700a0ab92761895b5ec9a5372f8d46fb/elements - {"using":"xpath","value":"//*[text()='Provide to site']"}
RESULT: {"using":"xpath","value":"//*[text()='Provide to site']"}
COMMAND: POST /session/700a0ab92761895b5ec9a5372f8d46fb/elements - {"using":"xpath","value":"//*[text()='Provide to site']"}
RESULT: {"using":"xpath","value":"//*[text()='Provide to site']"}
COMMAND: POST /session/700a0ab92761895b5ec9a5372f8d46fb/elements - {"using":"xpath","value":"//*[text()='Provide to site']"}
RESULT: {"using":"xpath","value":"//*[text()='Provide to site']"}
COMMAND: POST /session/700a0ab92761895b5ec9a5372f8d46fb/elements - {"using":"xpath","value":"//*[text()='Provide to site']"}
RESULT: {"using":"xpath","value":"//*[text()='Provide to site']"}
COMMAND: POST /session/700a0ab92761895b5ec9a5372f8d46fb/elements - {"using":"xpath","value":"//*[text()='Provide to site']"}
RESULT: {"using":"xpath","value":"//*[text()='Provide to site']"}
COMMAND: POST /session/700a0ab92761895b5ec9a5372f8d46fb/elements - {"using":"xpath","value":"//*[text()='Provide to site']"}
RESULT: {"using":"xpath","value":"//*[text()='Provide to site']"}
COMMAND: POST /session/700a0ab92761895b5ec9a5372f8d46fb/elements - {"using":"xpath","value":"//*[text()='Provide to site']"}
RESULT: {"using":"xpath","value":"//*[text()='Provide to site']"}
COMMAND: POST /session/700a0ab92761895b5ec9a5372f8d46fb/elements - {"using":"xpath","value":"//*[text()='Provide to site']"}
RESULT: {"using":"xpath","value":"//*[text()='Provide to site']"}
COMMAND: POST /session/700a0ab92761895b5ec9a5372f8d46fb/elements - {"using":"xpath","value":"//*[text()='Provide to site']"}
RESULT: {"using":"xpath","value":"//*[text()='Provide to site']"}
COMMAND: POST /session/700a0ab92761895b5ec9a5372f8d46fb/elements - {"using":"xpath","value":"//*[text()='Provide to site']"}
RESULT: {"using":"xpath","value":"//*[text()='Provide to site']"}
COMMAND: POST /session/700a0ab92761895b5ec9a5372f8d46fb/elements - {"using":"xpath","value":"//*[text()='Provide to site']"}
RESULT: {"using":"xpath","value":"//*[text()='Provide to site']"}
COMMAND: POST /session/700a0ab92761895b5ec9a5372f8d46fb/elements - {"using":"xpath","value":"//*[text()='Provide to site']"}
RESULT: {"using":"xpath","value":"//*[text()='Provide to site']"}
COMMAND: POST /session/700a0ab92761895b5ec9a5372f8d46fb/elements - {"using":"xpath","value":"//*[text()='Provide to site']"}
RESULT: {"using":"xpath","value":"//*[text()='Provide to site']"}
COMMAND: POST /session/700a0ab92761895b5ec9a5372f8d46fb/elements - {"using":"xpath","value":"//*[text()='Provide to site']"}
RESULT: {"using":"xpath","value":"//*[text()='Provide to site']"}
COMMAND: POST /session/700a0ab92761895b5ec9a5372f8d46fb/elements - {"using":"xpath","value":"//*[text()='Provide to site']"}
RESULT: {"using":"xpath","value":"//*[text()='Provide to site']"}
COMMAND: POST /session/700a0ab92761895b5ec9a5372f8d46fb/elements - {"using":"xpath","value":"//*[text()='Provide to site']"}
RESULT: {"using":"xpath","value":"//*[text()='Provide to site']"}
COMMAND: POST /session/700a0ab92761895b5ec9a5372f8d46fb/elements - {"using":"xpath","value":"//*[text()='Provide to site']"}
RESULT: {"using":"xpath","value":"//*[text()='Provide to site']"}
COMMAND: POST /session/700a0ab92761895b5ec9a5372f8d46fb/elements - {"using":"xpath","value":"//*[text()='Provide to site']"}
RESULT: {"using":"xpath","value":"//*[text()='Provide to site']"}
COMMAND: POST /session/700a0ab92761895b5ec9a5372f8d46fb/elements - {"using":"xpath","value":"//*[text()='Provide to site']"}
RESULT: {"using":"xpath","value":"//*[text()='Provide to site']"}
COMMAND: POST /session/700a0ab92761895b5ec9a5372f8d46fb/elements - {"using":"xpath","value":"//*[text()='Provide to site']"}
RESULT: {"using":"xpath","value":"//*[text()='Provide to site']"}
COMMAND: POST /session/700a0ab92761895b5ec9a5372f8d46fb/elements - {"using":"xpath","value":"//*[text()='Provide to site']"}
RESULT: {"using":"xpath","value":"//*[text()='Provide to site']"}
COMMAND: POST /session/700a0ab92761895b5ec9a5372f8d46fb/elements - {"using":"xpath","value":"//*[text()='Provide to site']"}
RESULT: {"using":"xpath","value":"//*[text()='Provide to site']"}
COMMAND: POST /session/700a0ab92761895b5ec9a5372f8d46fb/element - {"using":"xpath","value":"//span[text()='Provide to site - Completed']"}
RESULT: {"using":"xpath","value":"//span[text()='Provide to site - Completed']"}
COMMAND: POST /session/700a0ab92761895b5ec9a5372f8d46fb/elements - {"using":"xpath","value":"//span[text()='Provide to site - Completed']"}
RESULT: {"using":"xpath","value":"//span[text()='Provide to site - Completed']"}
COMMAND: POST /session/700a0ab92761895b5ec9a5372f8d46fb/elements - {"using":"xpath","value":"//span[text()='Provide to site - Completed']"}
RESULT: {"using":"xpath","value":"//span[text()='Provide to site - Completed']"}
COMMAND: POST /session/700a0ab92761895b5ec9a5372f8d46fb/elements - {"using":"xpath","value":"//span[text()='Provide to site - Completed']"}
RESULT: {"using":"xpath","value":"//span[text()='Provide to site - Completed']"}
COMMAND: POST /session/700a0ab92761895b5ec9a5372f8d46fb/elements - {"using":"xpath","value":"//span[text()='Provide to site - Completed']"}
RESULT: {"using":"xpath","value":"//span[text()='Provide to site - Completed']"}
COMMAND: POST /session/700a0ab92761895b5ec9a5372f8d46fb/elements - {"using":"xpath","value":"//span[text()='Provide to site - Completed']"}
RESULT: {"using":"xpath","value":"//span[text()='Provide to site - Completed']"}
COMMAND: POST /session/700a0ab92761895b5ec9a5372f8d46fb/elements - {"using":"xpath","value":"//span[text()='Provide to site - Completed']"}
RESULT: {"using":"xpath","value":"//span[text()='Provide to site - Completed']"}
COMMAND: POST /session/700a0ab92761895b5ec9a5372f8d46fb/elements - {"using":"xpath","value":"//span[text()='Provide to site - Completed']"}
RESULT: {"using":"xpath","value":"//span[text()='Provide to site - Completed']"}
COMMAND: POST /session/700a0ab92761895b5ec9a5372f8d46fb/elements - {"using":"xpath","value":"//span[text()='Provide to site - Completed']"}
RESULT: {"using":"xpath","value":"//span[text()='Provide to site - Completed']"}
COMMAND: POST /session/700a0ab92761895b5ec9a5372f8d46fb/elements - {"using":"xpath","value":"//span[text()='Provide to site - Completed']"}
RESULT: {"using":"xpath","value":"//span[text()='Provide to site - Completed']"}
COMMAND: POST /session/700a0ab92761895b5ec9a5372f8d46fb/elements - {"using":"xpath","value":"//span[text()='Provide to site - Completed']"}
RESULT: {"using":"xpath","value":"//span[text()='Provide to site - Completed']"}
COMMAND: POST /session/700a0ab92761895b5ec9a5372f8d46fb/elements - {"using":"xpath","value":"//span[text()='Provide to site - Completed']"}
RESULT: {"using":"xpath","value":"//span[text()='Provide to site - Completed']"}
COMMAND: POST /session/700a0ab92761895b5ec9a5372f8d46fb/elements - {"using":"xpath","value":"//span[text()='Provide to site - Completed']"}
RESULT: {"using":"xpath","value":"//span[text()='Provide to site - Completed']"}
COMMAND: POST /session/700a0ab92761895b5ec9a5372f8d46fb/elements - {"using":"xpath","value":"//span[text()='Provide to site - Completed']"}
RESULT: {"using":"xpath","value":"//span[text()='Provide to site - Completed']"}
COMMAND: POST /session/700a0ab92761895b5ec9a5372f8d46fb/elements - {"using":"xpath","value":"//span[text()='Provide to site - Completed']"}
RESULT: {"using":"xpath","value":"//span[text()='Provide to site - Completed']"}
COMMAND: POST /session/700a0ab92761895b5ec9a5372f8d46fb/elements - {"using":"xpath","value":"//span[text()='Provide to site - Completed']"}
RESULT: {"using":"xpath","value":"//span[text()='Provide to site - Completed']"}
COMMAND: POST /session/700a0ab92761895b5ec9a5372f8d46fb/elements - {"using":"xpath","value":"//span[text()='Provide to site - Completed']"}
RESULT: {"using":"xpath","value":"//span[text()='Provide to site - Completed']"}
COMMAND: POST /session/700a0ab92761895b5ec9a5372f8d46fb/elements - {"using":"xpath","value":"//span[text()='Provide to site - Completed']"}
RESULT: {"using":"xpath","value":"//span[text()='Provide to site - Completed']"}
COMMAND: POST /session/700a0ab92761895b5ec9a5372f8d46fb/elements - {"using":"xpath","value":"//span[text()='Provide to site - Completed']"}
RESULT: {"using":"xpath","value":"//span[text()='Provide to site - Completed']"}
COMMAND: POST /session/700a0ab92761895b5ec9a5372f8d46fb/elements - {"using":"xpath","value":"//span[text()='Provide to site - Completed']"}
RESULT: {"using":"xpath","value":"//span[text()='Provide to site - Completed']"}
COMMAND: POST /session/700a0ab92761895b5ec9a5372f8d46fb/elements - {"using":"xpath","value":"//span[text()='Provide to site - Completed']"}
RESULT: {"using":"xpath","value":"//span[text()='Provide to site - Completed']"}
COMMAND: POST /session/700a0ab92761895b5ec9a5372f8d46fb/elements - {"using":"xpath","value":"//span[text()='Provide to site - Completed']"}
RESULT: {"using":"xpath","value":"//span[text()='Provide to site - Completed']"}
COMMAND: POST /session/700a0ab92761895b5ec9a5372f8d46fb/elements - {"using":"xpath","value":"//span[text()='Provide to site - Completed']"}
RESULT: {"using":"xpath","value":"//span[text()='Provide to site - Completed']"}
COMMAND: POST /session/700a0ab92761895b5ec9a5372f8d46fb/elements - {"using":"xpath","value":"//span[text()='Provide to site - Completed']"}
RESULT: {"using":"xpath","value":"//span[text()='Provide to site - Completed']"}
COMMAND: POST /session/700a0ab92761895b5ec9a5372f8d46fb/elements - {"using":"xpath","value":"//span[text()='Provide to site - Completed']"}
RESULT: {"using":"xpath","value":"//span[text()='Provide to site - Completed']"}
COMMAND: POST /session/700a0ab92761895b5ec9a5372f8d46fb/elements - {"using":"xpath","value":"//span[text()='Provide to site - Completed']"}
RESULT: {"using":"xpath","value":"//span[text()='Provide to site - Completed']"}
COMMAND: POST /session/700a0ab92761895b5ec9a5372f8d46fb/elements - {"using":"xpath","value":"//span[text()='Provide to site - Completed']"}
RESULT: {"using":"xpath","value":"//span[text()='Provide to site - Completed']"}
COMMAND: POST /session/700a0ab92761895b5ec9a5372f8d46fb/elements - {"using":"xpath","value":"//span[text()='Provide to site - Completed']"}
RESULT: {"using":"xpath","value":"//span[text()='Provide to site - Completed']"}
COMMAND: POST /session/700a0ab92761895b5ec9a5372f8d46fb/elements - {"using":"xpath","value":"//span[text()='Provide to site - Completed']"}
RESULT: {"using":"xpath","value":"//span[text()='Provide to site - Completed']"}
COMMAND: POST /session/700a0ab92761895b5ec9a5372f8d46fb/elements - {"using":"xpath","value":"//span[text()='Provide to site - Completed']"}
RESULT: {"using":"xpath","value":"//span[text()='Provide to site - Completed']"}
COMMAND: POST /session/700a0ab92761895b5ec9a5372f8d46fb/elements - {"using":"xpath","value":"//span[text()='Provide to site - Completed']"}
RESULT: {"using":"xpath","value":"//span[text()='Provide to site - Completed']"}
COMMAND: POST /session/700a0ab92761895b5ec9a5372f8d46fb/elements - {"using":"xpath","value":"//span[text()='Provide to site - Completed']"}
RESULT: {"using":"xpath","value":"//span[text()='Provide to site - Completed']"}
COMMAND: POST /session/700a0ab92761895b5ec9a5372f8d46fb/elements - {"using":"xpath","value":"//span[text()='Provide to site - Completed']"}
RESULT: {"using":"xpath","value":"//span[text()='Provide to site - Completed']"}
COMMAND: POST /session/700a0ab92761895b5ec9a5372f8d46fb/elements - {"using":"xpath","value":"//span[text()='Provide to site - Completed']"}
RESULT: {"using":"xpath","value":"//span[text()='Provide to site - Completed']"}
COMMAND: POST /session/700a0ab92761895b5ec9a5372f8d46fb/elements - {"using":"xpath","value":"//span[text()='Provide to site - Completed']"}
RESULT: {"using":"xpath","value":"//span[text()='Provide to site - Completed']"}
COMMAND: POST /session/700a0ab92761895b5ec9a5372f8d46fb/elements - {"using":"xpath","value":"//span[text()='Provide to site - Completed']"}
RESULT: {"using":"xpath","value":"//span[text()='Provide to site - Completed']"}
COMMAND: POST /session/700a0ab92761895b5ec9a5372f8d46fb/elements - {"using":"xpath","value":"//span[text()='Provide to site - Completed']"}
RESULT: {"using":"xpath","value":"//span[text()='Provide to site - Completed']"}
COMMAND: POST /session/700a0ab92761895b5ec9a5372f8d46fb/elements - {"using":"xpath","value":"//span[text()='Provide to site - Completed']"}
RESULT: {"using":"xpath","value":"//span[text()='Provide to site - Completed']"}
COMMAND: POST /session/700a0ab92761895b5ec9a5372f8d46fb/elements - {"using":"xpath","value":"//span[text()='Provide to site - Completed']"}
RESULT: {"using":"xpath","value":"//span[text()='Provide to site - Completed']"}
COMMAND: POST /session/700a0ab92761895b5ec9a5372f8d46fb/elements - {"using":"xpath","value":"//span[text()='Provide to site - Completed']"}
RESULT: {"using":"xpath","value":"//span[text()='Provide to site - Completed']"}
COMMAND: POST /session/700a0ab92761895b5ec9a5372f8d46fb/elements - {"using":"xpath","value":"//span[text()='Provide to site - Completed']"}
RESULT: {"using":"xpath","value":"//span[text()='Provide to site - Completed']"}
COMMAND: POST /session/700a0ab92761895b5ec9a5372f8d46fb/elements - {"using":"xpath","value":"//span[text()='Provide to site - Completed']"}
RESULT: {"using":"xpath","value":"//span[text()='Provide to site - Completed']"}
COMMAND: POST /session/700a0ab92761895b5ec9a5372f8d46fb/elements - {"using":"xpath","value":"//span[text()='Provide to site - Completed']"}
RESULT: {"using":"xpath","value":"//span[text()='Provide to site - Completed']"}
COMMAND: POST /session/700a0ab92761895b5ec9a5372f8d46fb/elements - {"using":"xpath","value":"//span[text()='Provide to site - Completed']"}
RESULT: {"using":"xpath","value":"//span[text()='Provide to site - Completed']"}
COMMAND: POST /session/700a0ab92761895b5ec9a5372f8d46fb/elements - {"using":"xpath","value":"//span[text()='Provide to site - Completed']"}
RESULT: {"using":"xpath","value":"//span[text()='Provide to site - Completed']"}
COMMAND: POST /session/700a0ab92761895b5ec9a5372f8d46fb/elements - {"using":"xpath","value":"//span[text()='Provide to site - Completed']"}
RESULT: {"using":"xpath","value":"//span[text()='Provide to site - Completed']"}
COMMAND: POST /session/700a0ab92761895b5ec9a5372f8d46fb/elements - {"using":"xpath","value":"//span[text()='Provide to site - Completed']"}
RESULT: {"using":"xpath","value":"//span[text()='Provide to site - Completed']"}
COMMAND: POST /session/700a0ab92761895b5ec9a5372f8d46fb/elements - {"using":"xpath","value":"//span[text()='Provide to site - Completed']"}
RESULT: {"using":"xpath","value":"//span[text()='Provide to site - Completed']"}
COMMAND: POST /session/700a0ab92761895b5ec9a5372f8d46fb/elements - {"using":"xpath","value":"//span[text()='Provide to site - Completed']"}
RESULT: {"using":"xpath","value":"//span[text()='Provide to site - Completed']"}
COMMAND: POST /session/700a0ab92761895b5ec9a5372f8d46fb/elements - {"using":"xpath","value":"//span[text()='Provide to site - Completed']"}
RESULT: {"using":"xpath","value":"//span[text()='Provide to site - Completed']"}
COMMAND: POST /session/700a0ab92761895b5ec9a5372f8d46fb/elements - {"using":"xpath","value":"//span[text()='Provide to site - Completed']"}
RESULT: {"using":"xpath","value":"//span[text()='Provide to site - Completed']"}
COMMAND: POST /session/700a0ab92761895b5ec9a5372f8d46fb/elements - {"using":"xpath","value":"//span[text()='Provide to site - Completed']"}
RESULT: {"using":"xpath","value":"//span[text()='Provide to site - Completed']"}
COMMAND: POST /session/700a0ab92761895b5ec9a5372f8d46fb/elements - {"using":"xpath","value":"//span[text()='Provide to site - Completed']"}
RESULT: {"using":"xpath","value":"//span[text()='Provide to site - Completed']"}
COMMAND: POST /session/700a0ab92761895b5ec9a5372f8d46fb/elements - {"using":"xpath","value":"//span[text()='Provide to site - Completed']"}
RESULT: {"using":"xpath","value":"//span[text()='Provide to site - Completed']"}
COMMAND: POST /session/700a0ab92761895b5ec9a5372f8d46fb/elements - {"using":"xpath","value":"//span[text()='Provide to site - Completed']"}
RESULT: {"using":"xpath","value":"//span[text()='Provide to site - Completed']"}
COMMAND: POST /session/700a0ab92761895b5ec9a5372f8d46fb/elements - {"using":"xpath","value":"//span[text()='Provide to site - Completed']"}
RESULT: {"using":"xpath","value":"//span[text()='Provide to site - Completed']"}
COMMAND: POST /session/700a0ab92761895b5ec9a5372f8d46fb/elements - {"using":"xpath","value":"//span[text()='Provide to site - Completed']"}
RESULT: {"using":"xpath","value":"//span[text()='Provide to site - Completed']"}
COMMAND: POST /session/700a0ab92761895b5ec9a5372f8d46fb/elements - {"using":"xpath","value":"//span[text()='Provide to site - Completed']"}
RESULT: {"using":"xpath","value":"//span[text()='Provide to site - Completed']"}
COMMAND: POST /session/700a0ab92761895b5ec9a5372f8d46fb/elements - {"using":"xpath","value":"//span[text()='Provide to site - Completed']"}
RESULT: {"using":"xpath","value":"//span[text()='Provide to site - Completed']"}
COMMAND: POST /session/700a0ab92761895b5ec9a5372f8d46fb/elements - {"using":"xpath","value":"//span[text()='Provide to site - Completed']"}
RESULT: {"using":"xpath","value":"//span[text()='Provide to site - Completed']"}
COMMAND: POST /session/700a0ab92761895b5ec9a5372f8d46fb/elements - {"using":"xpath","value":"//span[text()='Provide to site - Completed']"}
RESULT: {"using":"xpath","value":"//span[text()='Provide to site - Completed']"}
COMMAND: POST /session/700a0ab92761895b5ec9a5372f8d46fb/elements - {"using":"xpath","value":"//span[text()='Provide to site - Completed']"}
RESULT: {"using":"xpath","value":"//span[text()='Provide to site - Completed']"}
COMMAND: POST /session/700a0ab92761895b5ec9a5372f8d46fb/elements - {"using":"xpath","value":"//span[text()='Provide to site - Completed']"}
RESULT: {"using":"xpath","value":"//span[text()='Provide to site - Completed']"}
COMMAND: POST /session/700a0ab92761895b5ec9a5372f8d46fb/elements - {"using":"xpath","value":"//span[text()='Provide to site - Completed']"}
RESULT: {"using":"xpath","value":"//span[text()='Provide to site - Completed']"}
COMMAND: POST /session/700a0ab92761895b5ec9a5372f8d46fb/elements - {"using":"xpath","value":"//span[text()='Provide to site - Completed']"}
RESULT: {"using":"xpath","value":"//span[text()='Provide to site - Completed']"}
COMMAND: POST /session/700a0ab92761895b5ec9a5372f8d46fb/elements - {"using":"xpath","value":"//span[text()='Provide to site - Completed']"}
RESULT: {"using":"xpath","value":"//span[text()='Provide to site - Completed']"}
COMMAND: POST /session/700a0ab92761895b5ec9a5372f8d46fb/elements - {"using":"xpath","value":"//span[text()='Provide to site - Completed']"}
RESULT: {"using":"xpath","value":"//span[text()='Provide to site - Completed']"}
COMMAND: POST /session/700a0ab92761895b5ec9a5372f8d46fb/elements - {"using":"xpath","value":"//span[text()='Provide to site - Completed']"}
RESULT: {"using":"xpath","value":"//span[text()='Provide to site - Completed']"}
COMMAND: POST /session/700a0ab92761895b5ec9a5372f8d46fb/elements - {"using":"xpath","value":"//span[text()='Provide to site - Completed']"}
RESULT: {"using":"xpath","value":"//span[text()='Provide to site - Completed']"}
COMMAND: POST /session/700a0ab92761895b5ec9a5372f8d46fb/elements - {"using":"xpath","value":"//span[text()='Provide to site - Completed']"}
RESULT: {"using":"xpath","value":"//span[text()='Provide to site - Completed']"}
COMMAND: POST /session/700a0ab92761895b5ec9a5372f8d46fb/elements - {"using":"xpath","value":"//span[text()='Provide to site - Completed']"}
RESULT: {"using":"xpath","value":"//span[text()='Provide to site - Completed']"}
COMMAND: POST /session/700a0ab92761895b5ec9a5372f8d46fb/elements - {"using":"xpath","value":"//span[text()='Provide to site - Completed']"}
RESULT: {"using":"xpath","value":"//span[text()='Provide to site - Completed']"}
COMMAND: POST /session/700a0ab92761895b5ec9a5372f8d46fb/elements - {"using":"xpath","value":"//span[text()='Provide to site - Completed']"}
RESULT: {"using":"xpath","value":"//span[text()='Provide to site - Completed']"}
COMMAND: POST /session/700a0ab92761895b5ec9a5372f8d46fb/elements - {"using":"xpath","value":"//span[text()='Provide to site - Completed']"}
RESULT: {"using":"xpath","value":"//span[text()='Provide to site - Completed']"}
COMMAND: POST /session/700a0ab92761895b5ec9a5372f8d46fb/elements - {"using":"xpath","value":"//span[text()='Provide to site - Completed']"}
RESULT: {"using":"xpath","value":"//span[text()='Provide to site - Completed']"}
COMMAND: POST /session/700a0ab92761895b5ec9a5372f8d46fb/elements - {"using":"xpath","value":"//span[text()='Provide to site - Completed']"}
RESULT: {"using":"xpath","value":"//span[text()='Provide to site - Completed']"}
COMMAND: POST /session/700a0ab92761895b5ec9a5372f8d46fb/elements - {"using":"xpath","value":"//span[text()='Provide to site - Completed']"}
RESULT: {"using":"xpath","value":"//span[text()='Provide to site - Completed']"}
COMMAND: POST /session/700a0ab92761895b5ec9a5372f8d46fb/elements - {"using":"xpath","value":"//span[text()='Provide to site - Completed']"}
RESULT: {"using":"xpath","value":"//span[text()='Provide to site - Completed']"}
COMMAND: POST /session/700a0ab92761895b5ec9a5372f8d46fb/elements - {"using":"xpath","value":"//span[text()='Provide to site - Completed']"}
RESULT: {"using":"xpath","value":"//span[text()='Provide to site - Completed']"}
COMMAND: POST /session/700a0ab92761895b5ec9a5372f8d46fb/elements - {"using":"xpath","value":"//span[text()='Provide to site - Completed']"}
RESULT: {"using":"xpath","value":"//span[text()='Provide to site - Completed']"}
COMMAND: POST /session/700a0ab92761895b5ec9a5372f8d46fb/elements - {"using":"xpath","value":"//span[text()='Provide to site - Completed']"}
RESULT: {"using":"xpath","value":"//span[text()='Provide to site - Completed']"}
COMMAND: POST /session/700a0ab92761895b5ec9a5372f8d46fb/elements - {"using":"xpath","value":"//span[text()='Provide to site - Completed']"}
RESULT: {"using":"xpath","value":"//span[text()='Provide to site - Completed']"}
COMMAND: POST /session/700a0ab92761895b5ec9a5372f8d46fb/elements - {"using":"xpath","value":"//span[text()='Provide to site - Completed']"}
RESULT: {"using":"xpath","value":"//span[text()='Provide to site - Completed']"}
COMMAND: POST /session/700a0ab92761895b5ec9a5372f8d46fb/elements - {"using":"xpath","value":"//span[text()='Provide to site - Completed']"}
RESULT: {"using":"xpath","value":"//span[text()='Provide to site - Completed']"}
COMMAND: POST /session/700a0ab92761895b5ec9a5372f8d46fb/elements - {"using":"xpath","value":"//span[text()='Provide to site - Completed']"}
RESULT: {"using":"xpath","value":"//span[text()='Provide to site - Completed']"}
COMMAND: POST /session/700a0ab92761895b5ec9a5372f8d46fb/elements - {"using":"xpath","value":"//span[text()='Provide to site - Completed']"}
RESULT: {"using":"xpath","value":"//span[text()='Provide to site - Completed']"}
COMMAND: POST /session/700a0ab92761895b5ec9a5372f8d46fb/elements - {"using":"xpath","value":"//span[text()='Provide to site - Completed']"}
RESULT: {"using":"xpath","value":"//span[text()='Provide to site - Completed']"}
COMMAND: POST /session/700a0ab92761895b5ec9a5372f8d46fb/elements - {"using":"xpath","value":"//span[text()='Provide to site - Completed']"}
RESULT: {"using":"xpath","value":"//span[text()='Provide to site - Completed']"}
COMMAND: POST /session/700a0ab92761895b5ec9a5372f8d46fb/elements - {"using":"xpath","value":"//span[text()='Provide to site - Completed']"}
RESULT: {"using":"xpath","value":"//span[text()='Provide to site - Completed']"}
COMMAND: POST /session/700a0ab92761895b5ec9a5372f8d46fb/elements - {"using":"xpath","value":"//span[text()='Provide to site - Completed']"}
RESULT: {"using":"xpath","value":"//span[text()='Provide to site - Completed']"}
COMMAND: POST /session/700a0ab92761895b5ec9a5372f8d46fb/elements - {"using":"xpath","value":"//span[text()='Provide to site - Completed']"}
RESULT: {"using":"xpath","value":"//span[text()='Provide to site - Completed']"}
COMMAND: POST /session/700a0ab92761895b5ec9a5372f8d46fb/elements - {"using":"xpath","value":"//span[text()='Provide to site - Completed']"}
COMMAND: POST /session/700a0ab92761895b5ec9a5372f8d46fb/execute/async - {"script":"<script> [1562 bytes]","args":[{"selector":{"controlType":"sap.m.Button","viewName":"etm.portal.ui.managehandovers.view.DetailExecuteHO","i18NText":{"propertyName":"text","key":"pickQty"},"interaction":{"idSuffix":"BDI-content"}},"wdio_ui5_key":"etmportal.ui.managehandovers.view.DetailExecuteHOsap.m.Button{\"propertyName\":\"text\",\"key\":\"pickQty\"}"}]}
RESULT: {"using":"xpath","value":"//span[text()='Provide to site - Completed']"}
RESULT: {"script":"<script> [1562 bytes]","args":[{"selector":{"controlType":"sap.m.Button","viewName":"etm.portal.ui.managehandovers.view.DetailExecuteHO","i18NText":{"propertyName":"text","key":"pickQty"},"interaction":{"idSuffix":"BDI-content"}},"wdio_ui5_key":"etmportal.ui.managehandovers.view.DetailExecuteHOsap.m.Button{\"propertyName\":\"text\",\"key\":\"pickQty\"}"}]}
RESULT: undefined
COMMAND: POST /session/700a0ab92761895b5ec9a5372f8d46fb/execute/async - {"script":"<script> [1562 bytes]","args":[{"selector":{"controlType":"sap.m.Link","viewName":"etm.portal.ui.managehandovers.view.DetailExecuteHO","bindingPath":{"path":"","propertyPath":"/wmDoc","modelName":"warehouseMovModel"}},"wdio_ui5_key":"etmportal.ui.managehandovers.view.DetailExecuteHOsap.m.Link{\"path\":\"\",\"propertyPath\":\"/wmDoc\",\"modelName\":\"warehouseMovModel\"}"}]}
RESULT: {"script":"<script> [1562 bytes]","args":[{"selector":{"controlType":"sap.m.Link","viewName":"etm.portal.ui.managehandovers.view.DetailExecuteHO","bindingPath":{"path":"","propertyPath":"/wmDoc","modelName":"warehouseMovModel"}},"wdio_ui5_key":"etmportal.ui.managehandovers.view.DetailExecuteHOsap.m.Link{\"path\":\"\",\"propertyPath\":\"/wmDoc\",\"modelName\":\"warehouseMovModel\"}"}]}
RESULT: undefined
COMMAND: POST /session/700a0ab92761895b5ec9a5372f8d46fb/execute/async - {"script":"<script> [1562 bytes]","args":[{"selector":{"controlType":"sap.m.Link","viewName":"etm.portal.ui.managehandovers.view.DetailExecuteHO","properties":{"text":"Warehouse Overview"},"searchOpenDialogs":true},"wdio_ui5_key":"etmportal.ui.managehandovers.view.DetailExecuteHOsap.m.Link{\"text\":\"Warehouse Overview\"}"}]}
RESULT: {"script":"<script> [1562 bytes]","args":[{"selector":{"controlType":"sap.m.Link","viewName":"etm.portal.ui.managehandovers.view.DetailExecuteHO","properties":{"text":"Warehouse Overview"},"searchOpenDialogs":true},"wdio_ui5_key":"etmportal.ui.managehandovers.view.DetailExecuteHOsap.m.Link{\"text\":\"Warehouse Overview\"}"}]}
RESULT: undefined
COMMAND: POST /session/700a0ab92761895b5ec9a5372f8d46fb/execute/async - {"script":"<script> [1562 bytes]","args":[{"selector":{"controlType":"sap.m.Button","viewName":"etm.portal.ui.warehousemovements.view.DisplayMovement","viewId":"application-warehousemovements-display-component---displayMovement","i18NText":{"propertyName":"text","key":"execution"},"interaction":{"idSuffix":"BDI-content"}},"wdio_ui5_key":"etmportal.ui.warehousemovements.view.DisplayMovementsap.m.Button{\"propertyName\":\"text\",\"key\":\"execution\"}"}]}
RESULT: {"script":"<script> [1562 bytes]","args":[{"selector":{"controlType":"sap.m.Button","viewName":"etm.portal.ui.warehousemovements.view.DisplayMovement","viewId":"application-warehousemovements-display-component---displayMovement","i18NText":{"propertyName":"text","key":"execution"},"interaction":{"idSuffix":"BDI-content"}},"wdio_ui5_key":"etmportal.ui.warehousemovements.view.DisplayMovementsap.m.Button{\"propertyName\":\"text\",\"key\":\"execution\"}"}]}
RESULT: undefined
COMMAND: POST /session/700a0ab92761895b5ec9a5372f8d46fb/execute/async - {"script":"<script> [1562 bytes]","args":[{"selector":{"controlType":"sap.m.Button","viewName":"etm.portal.ui.warehousemovements.view.ExecuteMovement","viewId":"application-warehousemovements-display-component---executeMovement","properties":{"text":"Items"},"interaction":{"idSuffix":"BDI-content"}},"wdio_ui5_key":"etmportal.ui.warehousemovements.view.ExecuteMovementsap.m.Button{\"text\":\"Items\"}"}]}
RESULT: {"script":"<script> [1562 bytes]","args":[{"selector":{"controlType":"sap.m.Button","viewName":"etm.portal.ui.warehousemovements.view.ExecuteMovement","viewId":"application-warehousemovements-display-component---executeMovement","properties":{"text":"Items"},"interaction":{"idSuffix":"BDI-content"}},"wdio_ui5_key":"etmportal.ui.warehousemovements.view.ExecuteMovementsap.m.Button{\"text\":\"Items\"}"}]}
RESULT: undefined
COMMAND: POST /session/700a0ab92761895b5ec9a5372f8d46fb/execute/async - {"script":"<script> [1562 bytes]","args":[{"selector":{"controlType":"sap.m.ToggleButton","viewName":"etm.portal.ui.warehousemovements.view.ExecuteMovement","viewId":"application-warehousemovements-display-component---executeMovement","bindingPath":{"propertyPath":"STATUS","modelName":"catalogModel"},"interaction":{"idSuffix":"BDI-content"}},"wdio_ui5_key":"etmportal.ui.warehousemovements.view.ExecuteMovementsap.m.ToggleButton{\"propertyPath\":\"STATUS\",\"modelName\":\"catalogModel\"}"}]}
RESULT: {"script":"<script> [1562 bytes]","args":[{"selector":{"controlType":"sap.m.ToggleButton","viewName":"etm.portal.ui.warehousemovements.view.ExecuteMovement","viewId":"application-warehousemovements-display-component---executeMovement","bindingPath":{"propertyPath":"STATUS","modelName":"catalogModel"},"interaction":{"idSuffix":"BDI-content"}},"wdio_ui5_key":"etmportal.ui.warehousemovements.view.ExecuteMovementsap.m.ToggleButton{\"propertyPath\":\"STATUS\",\"modelName\":\"catalogModel\"}"}]}
RESULT: undefined
RESULT: undefined
RESULT: undefined
COMMAND: POST /session/700a0ab92761895b5ec9a5372f8d46fb/execute/async - {"script":"<script> [1562 bytes]","args":[{"selector":{"id":"application-warehousemovements-display-component---executeMovement--executeId","interaction":{"idSuffix":"BDI-content"}},"wdio_ui5_key":"applicationwarehousemovements-display-component---executeMovement--executeId"}]}
RESULT: {"script":"<script> [1562 bytes]","args":[{"selector":{"id":"application-warehousemovements-display-component---executeMovement--executeId","interaction":{"idSuffix":"BDI-content"}},"wdio_ui5_key":"applicationwarehousemovements-display-component---executeMovement--executeId"}]}
RESULT: undefined
COMMAND: POST /session/700a0ab92761895b5ec9a5372f8d46fb/element - {"using":"css selector","value":"#shell-header-logo"}
RESULT: {"using":"css selector","value":"#shell-header-logo"}
COMMAND: POST /session/700a0ab92761895b5ec9a5372f8d46fb/element/f.647512A71DDA687F9F591F39CAC5A62D.d.A37FB54D0C849C632E4B53996AD29288.e.17276/click - {}
RESULT: {}
COMMAND: GET /session/700a0ab92761895b5ec9a5372f8d46fb/screenshot - {}
RESULT: {}
RESULT: undefined
COMMAND: POST /session/700a0ab92761895b5ec9a5372f8d46fb/element - {"using":"xpath","value":"//*[@id=\"__tile132\"]"}
RESULT: {"using":"xpath","value":"//*[@id=\"__tile132\"]"}
COMMAND: POST /session/700a0ab92761895b5ec9a5372f8d46fb/element/f.647512A71DDA687F9F591F39CAC5A62D.d.A37FB54D0C849C632E4B53996AD29288.e.16506/click - {}
RESULT: {}
COMMAND: GET /session/700a0ab92761895b5ec9a5372f8d46fb/screenshot - {}
RESULT: {}
COMMAND: POST /session/700a0ab92761895b5ec9a5372f8d46fb/execute/async - {"script":"<script> [1562 bytes]","args":[{"selector":{"controlType":"sap.m.SearchField","viewName":"etm.portal.ui.managehandovers.view.MasterHO","bindingPath":{"propertyPath":"/_BASIC_SEARCH_FIELD","modelName":"fi1t3rM0d31"},"interaction":{"idSuffix":"I"}},"wdio_ui5_key":"etmportal.ui.managehandovers.view.MasterHOsap.m.SearchField{\"propertyPath\":\"/_BASIC_SEARCH_FIELD\",\"modelName\":\"fi1t3rM0d31\"}"}]}
RESULT: {"script":"<script> [1562 bytes]","args":[{"selector":{"controlType":"sap.m.SearchField","viewName":"etm.portal.ui.managehandovers.view.MasterHO","bindingPath":{"propertyPath":"/_BASIC_SEARCH_FIELD","modelName":"fi1t3rM0d31"},"interaction":{"idSuffix":"I"}},"wdio_ui5_key":"etmportal.ui.managehandovers.view.MasterHOsap.m.SearchField{\"propertyPath\":\"/_BASIC_SEARCH_FIELD\",\"modelName\":\"fi1t3rM0d31\"}"}]}
RESULT: undefined
COMMAND: POST /session/700a0ab92761895b5ec9a5372f8d46fb/execute/async - {"script":"<script> [776 bytes]","args":[{"enterText":"31200","selector":{"controlType":"sap.m.SearchField","viewName":"etm.portal.ui.managehandovers.view.MasterHO","bindingPath":{"propertyPath":"/_BASIC_SEARCH_FIELD","modelName":"fi1t3rM0d31"},"interaction":{"idSuffix":"I"}},"clearTextFirst":true,"interactionType":"ENTER_TEXT"}]}
RESULT: {"script":"<script> [776 bytes]","args":[{"enterText":"31200","selector":{"controlType":"sap.m.SearchField","viewName":"etm.portal.ui.managehandovers.view.MasterHO","bindingPath":{"propertyPath":"/_BASIC_SEARCH_FIELD","modelName":"fi1t3rM0d31"},"interaction":{"idSuffix":"I"}},"clearTextFirst":true,"interactionType":"ENTER_TEXT"}]}
COMMAND: POST /session/700a0ab92761895b5ec9a5372f8d46fb/actions - {"actions":[{"id":"action76","type":"key","parameters":{},"actions":[{"type":"keyDown","value":"î€‡"},{"type":"pause","duration":10},{"type":"keyUp","value":"î€‡"}]}]}
RESULT: {"actions":[{"id":"action76","type":"key","parameters":{},"actions":[{"type":"keyDown","value":"î€‡"},{"type":"pause","duration":10},{"type":"keyUp","value":"î€‡"}]}]}
COMMAND: GET /session/700a0ab92761895b5ec9a5372f8d46fb/screenshot - {}
RESULT: {}
RESULT: undefined
COMMAND: POST /session/700a0ab92761895b5ec9a5372f8d46fb/element - {"using":"xpath","value":"//*[@id=\"__item5215-__clone11721-imgNav\"]"}
RESULT: {"using":"xpath","value":"//*[@id=\"__item5215-__clone11721-imgNav\"]"}
COMMAND: POST /session/700a0ab92761895b5ec9a5372f8d46fb/elements - {"using":"xpath","value":"//*[@id=\"__item5215-__clone11721-imgNav\"]"}
RESULT: {"using":"xpath","value":"//*[@id=\"__item5215-__clone11721-imgNav\"]"}
COMMAND: POST /session/700a0ab92761895b5ec9a5372f8d46fb/elements - {"using":"xpath","value":"//*[@id=\"__item5215-__clone11721-imgNav\"]"}
RESULT: {"using":"xpath","value":"//*[@id=\"__item5215-__clone11721-imgNav\"]"}
COMMAND: POST /session/700a0ab92761895b5ec9a5372f8d46fb/elements - {"using":"xpath","value":"//*[@id=\"__item5215-__clone11721-imgNav\"]"}
RESULT: {"using":"xpath","value":"//*[@id=\"__item5215-__clone11721-imgNav\"]"}
COMMAND: POST /session/700a0ab92761895b5ec9a5372f8d46fb/elements - {"using":"xpath","value":"//*[@id=\"__item5215-__clone11721-imgNav\"]"}
RESULT: {"using":"xpath","value":"//*[@id=\"__item5215-__clone11721-imgNav\"]"}
COMMAND: POST /session/700a0ab92761895b5ec9a5372f8d46fb/elements - {"using":"xpath","value":"//*[@id=\"__item5215-__clone11721-imgNav\"]"}
RESULT: {"using":"xpath","value":"//*[@id=\"__item5215-__clone11721-imgNav\"]"}
COMMAND: POST /session/700a0ab92761895b5ec9a5372f8d46fb/elements - {"using":"xpath","value":"//*[@id=\"__item5215-__clone11721-imgNav\"]"}
RESULT: {"using":"xpath","value":"//*[@id=\"__item5215-__clone11721-imgNav\"]"}
COMMAND: POST /session/700a0ab92761895b5ec9a5372f8d46fb/elements - {"using":"xpath","value":"//*[@id=\"__item5215-__clone11721-imgNav\"]"}
RESULT: {"using":"xpath","value":"//*[@id=\"__item5215-__clone11721-imgNav\"]"}
COMMAND: POST /session/700a0ab92761895b5ec9a5372f8d46fb/elements - {"using":"xpath","value":"//*[@id=\"__item5215-__clone11721-imgNav\"]"}
RESULT: {"using":"xpath","value":"//*[@id=\"__item5215-__clone11721-imgNav\"]"}
COMMAND: POST /session/700a0ab92761895b5ec9a5372f8d46fb/elements - {"using":"xpath","value":"//*[@id=\"__item5215-__clone11721-imgNav\"]"}
RESULT: {"using":"xpath","value":"//*[@id=\"__item5215-__clone11721-imgNav\"]"}
COMMAND: POST /session/700a0ab92761895b5ec9a5372f8d46fb/elements - {"using":"xpath","value":"//*[@id=\"__item5215-__clone11721-imgNav\"]"}
RESULT: {"using":"xpath","value":"//*[@id=\"__item5215-__clone11721-imgNav\"]"}
COMMAND: POST /session/700a0ab92761895b5ec9a5372f8d46fb/elements - {"using":"xpath","value":"//*[@id=\"__item5215-__clone11721-imgNav\"]"}
RESULT: {"using":"xpath","value":"//*[@id=\"__item5215-__clone11721-imgNav\"]"}
COMMAND: POST /session/700a0ab92761895b5ec9a5372f8d46fb/elements - {"using":"xpath","value":"//*[@id=\"__item5215-__clone11721-imgNav\"]"}
RESULT: {"using":"xpath","value":"//*[@id=\"__item5215-__clone11721-imgNav\"]"}
COMMAND: POST /session/700a0ab92761895b5ec9a5372f8d46fb/elements - {"using":"xpath","value":"//*[@id=\"__item5215-__clone11721-imgNav\"]"}
RESULT: {"using":"xpath","value":"//*[@id=\"__item5215-__clone11721-imgNav\"]"}
COMMAND: POST /session/700a0ab92761895b5ec9a5372f8d46fb/elements - {"using":"xpath","value":"//*[@id=\"__item5215-__clone11721-imgNav\"]"}
RESULT: {"using":"xpath","value":"//*[@id=\"__item5215-__clone11721-imgNav\"]"}
COMMAND: POST /session/700a0ab92761895b5ec9a5372f8d46fb/elements - {"using":"xpath","value":"//*[@id=\"__item5215-__clone11721-imgNav\"]"}
RESULT: {"using":"xpath","value":"//*[@id=\"__item5215-__clone11721-imgNav\"]"}
COMMAND: POST /session/700a0ab92761895b5ec9a5372f8d46fb/elements - {"using":"xpath","value":"//*[@id=\"__item5215-__clone11721-imgNav\"]"}
RESULT: {"using":"xpath","value":"//*[@id=\"__item5215-__clone11721-imgNav\"]"}
COMMAND: POST /session/700a0ab92761895b5ec9a5372f8d46fb/elements - {"using":"xpath","value":"//*[@id=\"__item5215-__clone11721-imgNav\"]"}
RESULT: {"using":"xpath","value":"//*[@id=\"__item5215-__clone11721-imgNav\"]"}
COMMAND: POST /session/700a0ab92761895b5ec9a5372f8d46fb/elements - {"using":"xpath","value":"//*[@id=\"__item5215-__clone11721-imgNav\"]"}
RESULT: {"using":"xpath","value":"//*[@id=\"__item5215-__clone11721-imgNav\"]"}
COMMAND: POST /session/700a0ab92761895b5ec9a5372f8d46fb/elements - {"using":"xpath","value":"//*[@id=\"__item5215-__clone11721-imgNav\"]"}
RESULT: {"using":"xpath","value":"//*[@id=\"__item5215-__clone11721-imgNav\"]"}
COMMAND: POST /session/700a0ab92761895b5ec9a5372f8d46fb/elements - {"using":"xpath","value":"//*[@id=\"__item5215-__clone11721-imgNav\"]"}
RESULT: {"using":"xpath","value":"//*[@id=\"__item5215-__clone11721-imgNav\"]"}
COMMAND: POST /session/700a0ab92761895b5ec9a5372f8d46fb/elements - {"using":"xpath","value":"//*[@id=\"__item5215-__clone11721-imgNav\"]"}
RESULT: {"using":"xpath","value":"//*[@id=\"__item5215-__clone11721-imgNav\"]"}
COMMAND: POST /session/700a0ab92761895b5ec9a5372f8d46fb/elements - {"using":"xpath","value":"//*[@id=\"__item5215-__clone11721-imgNav\"]"}
RESULT: {"using":"xpath","value":"//*[@id=\"__item5215-__clone11721-imgNav\"]"}
COMMAND: POST /session/700a0ab92761895b5ec9a5372f8d46fb/elements - {"using":"xpath","value":"//*[@id=\"__item5215-__clone11721-imgNav\"]"}
RESULT: {"using":"xpath","value":"//*[@id=\"__item5215-__clone11721-imgNav\"]"}
COMMAND: POST /session/700a0ab92761895b5ec9a5372f8d46fb/elements - {"using":"xpath","value":"//*[@id=\"__item5215-__clone11721-imgNav\"]"}
RESULT: {"using":"xpath","value":"//*[@id=\"__item5215-__clone11721-imgNav\"]"}
COMMAND: POST /session/700a0ab92761895b5ec9a5372f8d46fb/elements - {"using":"xpath","value":"//*[@id=\"__item5215-__clone11721-imgNav\"]"}
RESULT: {"using":"xpath","value":"//*[@id=\"__item5215-__clone11721-imgNav\"]"}
COMMAND: POST /session/700a0ab92761895b5ec9a5372f8d46fb/elements - {"using":"xpath","value":"//*[@id=\"__item5215-__clone11721-imgNav\"]"}
RESULT: {"using":"xpath","value":"//*[@id=\"__item5215-__clone11721-imgNav\"]"}
COMMAND: POST /session/700a0ab92761895b5ec9a5372f8d46fb/elements - {"using":"xpath","value":"//*[@id=\"__item5215-__clone11721-imgNav\"]"}
RESULT: {"using":"xpath","value":"//*[@id=\"__item5215-__clone11721-imgNav\"]"}
COMMAND: POST /session/700a0ab92761895b5ec9a5372f8d46fb/elements - {"using":"xpath","value":"//*[@id=\"__item5215-__clone11721-imgNav\"]"}
RESULT: {"using":"xpath","value":"//*[@id=\"__item5215-__clone11721-imgNav\"]"}
COMMAND: POST /session/700a0ab92761895b5ec9a5372f8d46fb/elements - {"using":"xpath","value":"//*[@id=\"__item5215-__clone11721-imgNav\"]"}
RESULT: {"using":"xpath","value":"//*[@id=\"__item5215-__clone11721-imgNav\"]"}
COMMAND: POST /session/700a0ab92761895b5ec9a5372f8d46fb/elements - {"using":"xpath","value":"//*[@id=\"__item5215-__clone11721-imgNav\"]"}
RESULT: {"using":"xpath","value":"//*[@id=\"__item5215-__clone11721-imgNav\"]"}
COMMAND: POST /session/700a0ab92761895b5ec9a5372f8d46fb/elements - {"using":"xpath","value":"//*[@id=\"__item5215-__clone11721-imgNav\"]"}
RESULT: {"using":"xpath","value":"//*[@id=\"__item5215-__clone11721-imgNav\"]"}
COMMAND: POST /session/700a0ab92761895b5ec9a5372f8d46fb/elements - {"using":"xpath","value":"//*[@id=\"__item5215-__clone11721-imgNav\"]"}
RESULT: {"using":"xpath","value":"//*[@id=\"__item5215-__clone11721-imgNav\"]"}
COMMAND: POST /session/700a0ab92761895b5ec9a5372f8d46fb/elements - {"using":"xpath","value":"//*[@id=\"__item5215-__clone11721-imgNav\"]"}
RESULT: {"using":"xpath","value":"//*[@id=\"__item5215-__clone11721-imgNav\"]"}
COMMAND: POST /session/700a0ab92761895b5ec9a5372f8d46fb/elements - {"using":"xpath","value":"//*[@id=\"__item5215-__clone11721-imgNav\"]"}
RESULT: {"using":"xpath","value":"//*[@id=\"__item5215-__clone11721-imgNav\"]"}
COMMAND: POST /session/700a0ab92761895b5ec9a5372f8d46fb/elements - {"using":"xpath","value":"//*[@id=\"__item5215-__clone11721-imgNav\"]"}
RESULT: {"using":"xpath","value":"//*[@id=\"__item5215-__clone11721-imgNav\"]"}
COMMAND: POST /session/700a0ab92761895b5ec9a5372f8d46fb/elements - {"using":"xpath","value":"//*[@id=\"__item5215-__clone11721-imgNav\"]"}
RESULT: {"using":"xpath","value":"//*[@id=\"__item5215-__clone11721-imgNav\"]"}
COMMAND: POST /session/700a0ab92761895b5ec9a5372f8d46fb/elements - {"using":"xpath","value":"//*[@id=\"__item5215-__clone11721-imgNav\"]"}
RESULT: {"using":"xpath","value":"//*[@id=\"__item5215-__clone11721-imgNav\"]"}
COMMAND: POST /session/700a0ab92761895b5ec9a5372f8d46fb/elements - {"using":"xpath","value":"//*[@id=\"__item5215-__clone11721-imgNav\"]"}
RESULT: {"using":"xpath","value":"//*[@id=\"__item5215-__clone11721-imgNav\"]"}
COMMAND: POST /session/700a0ab92761895b5ec9a5372f8d46fb/elements - {"using":"xpath","value":"//*[@id=\"__item5215-__clone11721-imgNav\"]"}
RESULT: {"using":"xpath","value":"//*[@id=\"__item5215-__clone11721-imgNav\"]"}
COMMAND: POST /session/700a0ab92761895b5ec9a5372f8d46fb/elements - {"using":"xpath","value":"//*[@id=\"__item5215-__clone11721-imgNav\"]"}
RESULT: {"using":"xpath","value":"//*[@id=\"__item5215-__clone11721-imgNav\"]"}
COMMAND: POST /session/700a0ab92761895b5ec9a5372f8d46fb/elements - {"using":"xpath","value":"//*[@id=\"__item5215-__clone11721-imgNav\"]"}
RESULT: {"using":"xpath","value":"//*[@id=\"__item5215-__clone11721-imgNav\"]"}
COMMAND: POST /session/700a0ab92761895b5ec9a5372f8d46fb/elements - {"using":"xpath","value":"//*[@id=\"__item5215-__clone11721-imgNav\"]"}
RESULT: {"using":"xpath","value":"//*[@id=\"__item5215-__clone11721-imgNav\"]"}
COMMAND: POST /session/700a0ab92761895b5ec9a5372f8d46fb/elements - {"using":"xpath","value":"//*[@id=\"__item5215-__clone11721-imgNav\"]"}
RESULT: {"using":"xpath","value":"//*[@id=\"__item5215-__clone11721-imgNav\"]"}
COMMAND: POST /session/700a0ab92761895b5ec9a5372f8d46fb/elements - {"using":"xpath","value":"//*[@id=\"__item5215-__clone11721-imgNav\"]"}
RESULT: {"using":"xpath","value":"//*[@id=\"__item5215-__clone11721-imgNav\"]"}
COMMAND: POST /session/700a0ab92761895b5ec9a5372f8d46fb/elements - {"using":"xpath","value":"//*[@id=\"__item5215-__clone11721-imgNav\"]"}
RESULT: {"using":"xpath","value":"//*[@id=\"__item5215-__clone11721-imgNav\"]"}
COMMAND: POST /session/700a0ab92761895b5ec9a5372f8d46fb/elements - {"using":"xpath","value":"//*[@id=\"__item5215-__clone11721-imgNav\"]"}
RESULT: {"using":"xpath","value":"//*[@id=\"__item5215-__clone11721-imgNav\"]"}
COMMAND: POST /session/700a0ab92761895b5ec9a5372f8d46fb/elements - {"using":"xpath","value":"//*[@id=\"__item5215-__clone11721-imgNav\"]"}
RESULT: {"using":"xpath","value":"//*[@id=\"__item5215-__clone11721-imgNav\"]"}
COMMAND: POST /session/700a0ab92761895b5ec9a5372f8d46fb/elements - {"using":"xpath","value":"//*[@id=\"__item5215-__clone11721-imgNav\"]"}
RESULT: {"using":"xpath","value":"//*[@id=\"__item5215-__clone11721-imgNav\"]"}
COMMAND: POST /session/700a0ab92761895b5ec9a5372f8d46fb/elements - {"using":"xpath","value":"//*[@id=\"__item5215-__clone11721-imgNav\"]"}
RESULT: {"using":"xpath","value":"//*[@id=\"__item5215-__clone11721-imgNav\"]"}
COMMAND: POST /session/700a0ab92761895b5ec9a5372f8d46fb/elements - {"using":"xpath","value":"//*[@id=\"__item5215-__clone11721-imgNav\"]"}
RESULT: {"using":"xpath","value":"//*[@id=\"__item5215-__clone11721-imgNav\"]"}
COMMAND: POST /session/700a0ab92761895b5ec9a5372f8d46fb/elements - {"using":"xpath","value":"//*[@id=\"__item5215-__clone11721-imgNav\"]"}
RESULT: {"using":"xpath","value":"//*[@id=\"__item5215-__clone11721-imgNav\"]"}
COMMAND: POST /session/700a0ab92761895b5ec9a5372f8d46fb/elements - {"using":"xpath","value":"//*[@id=\"__item5215-__clone11721-imgNav\"]"}
RESULT: {"using":"xpath","value":"//*[@id=\"__item5215-__clone11721-imgNav\"]"}
COMMAND: POST /session/700a0ab92761895b5ec9a5372f8d46fb/elements - {"using":"xpath","value":"//*[@id=\"__item5215-__clone11721-imgNav\"]"}
RESULT: {"using":"xpath","value":"//*[@id=\"__item5215-__clone11721-imgNav\"]"}
COMMAND: POST /session/700a0ab92761895b5ec9a5372f8d46fb/elements - {"using":"xpath","value":"//*[@id=\"__item5215-__clone11721-imgNav\"]"}
RESULT: {"using":"xpath","value":"//*[@id=\"__item5215-__clone11721-imgNav\"]"}
COMMAND: POST /session/700a0ab92761895b5ec9a5372f8d46fb/elements - {"using":"xpath","value":"//*[@id=\"__item5215-__clone11721-imgNav\"]"}
RESULT: {"using":"xpath","value":"//*[@id=\"__item5215-__clone11721-imgNav\"]"}
COMMAND: POST /session/700a0ab92761895b5ec9a5372f8d46fb/elements - {"using":"xpath","value":"//*[@id=\"__item5215-__clone11721-imgNav\"]"}
RESULT: {"using":"xpath","value":"//*[@id=\"__item5215-__clone11721-imgNav\"]"}
COMMAND: POST /session/700a0ab92761895b5ec9a5372f8d46fb/elements - {"using":"xpath","value":"//*[@id=\"__item5215-__clone11721-imgNav\"]"}
RESULT: {"using":"xpath","value":"//*[@id=\"__item5215-__clone11721-imgNav\"]"}
COMMAND: POST /session/700a0ab92761895b5ec9a5372f8d46fb/elements - {"using":"xpath","value":"//*[@id=\"__item5215-__clone11721-imgNav\"]"}
RESULT: {"using":"xpath","value":"//*[@id=\"__item5215-__clone11721-imgNav\"]"}
COMMAND: POST /session/700a0ab92761895b5ec9a5372f8d46fb/elements - {"using":"xpath","value":"//*[@id=\"__item5215-__clone11721-imgNav\"]"}
RESULT: {"using":"xpath","value":"//*[@id=\"__item5215-__clone11721-imgNav\"]"}
COMMAND: POST /session/700a0ab92761895b5ec9a5372f8d46fb/elements - {"using":"xpath","value":"//*[@id=\"__item5215-__clone11721-imgNav\"]"}
RESULT: {"using":"xpath","value":"//*[@id=\"__item5215-__clone11721-imgNav\"]"}
COMMAND: POST /session/700a0ab92761895b5ec9a5372f8d46fb/elements - {"using":"xpath","value":"//*[@id=\"__item5215-__clone11721-imgNav\"]"}
RESULT: {"using":"xpath","value":"//*[@id=\"__item5215-__clone11721-imgNav\"]"}
COMMAND: POST /session/700a0ab92761895b5ec9a5372f8d46fb/elements - {"using":"xpath","value":"//*[@id=\"__item5215-__clone11721-imgNav\"]"}
RESULT: {"using":"xpath","value":"//*[@id=\"__item5215-__clone11721-imgNav\"]"}
COMMAND: POST /session/700a0ab92761895b5ec9a5372f8d46fb/elements - {"using":"xpath","value":"//*[@id=\"__item5215-__clone11721-imgNav\"]"}
RESULT: {"using":"xpath","value":"//*[@id=\"__item5215-__clone11721-imgNav\"]"}
COMMAND: POST /session/700a0ab92761895b5ec9a5372f8d46fb/elements - {"using":"xpath","value":"//*[@id=\"__item5215-__clone11721-imgNav\"]"}
RESULT: {"using":"xpath","value":"//*[@id=\"__item5215-__clone11721-imgNav\"]"}
COMMAND: POST /session/700a0ab92761895b5ec9a5372f8d46fb/elements - {"using":"xpath","value":"//*[@id=\"__item5215-__clone11721-imgNav\"]"}
RESULT: {"using":"xpath","value":"//*[@id=\"__item5215-__clone11721-imgNav\"]"}
COMMAND: POST /session/700a0ab92761895b5ec9a5372f8d46fb/elements - {"using":"xpath","value":"//*[@id=\"__item5215-__clone11721-imgNav\"]"}
RESULT: {"using":"xpath","value":"//*[@id=\"__item5215-__clone11721-imgNav\"]"}
COMMAND: POST /session/700a0ab92761895b5ec9a5372f8d46fb/elements - {"using":"xpath","value":"//*[@id=\"__item5215-__clone11721-imgNav\"]"}
RESULT: {"using":"xpath","value":"//*[@id=\"__item5215-__clone11721-imgNav\"]"}
COMMAND: POST /session/700a0ab92761895b5ec9a5372f8d46fb/elements - {"using":"xpath","value":"//*[@id=\"__item5215-__clone11721-imgNav\"]"}
RESULT: {"using":"xpath","value":"//*[@id=\"__item5215-__clone11721-imgNav\"]"}
COMMAND: POST /session/700a0ab92761895b5ec9a5372f8d46fb/elements - {"using":"xpath","value":"//*[@id=\"__item5215-__clone11721-imgNav\"]"}
RESULT: {"using":"xpath","value":"//*[@id=\"__item5215-__clone11721-imgNav\"]"}
COMMAND: POST /session/700a0ab92761895b5ec9a5372f8d46fb/elements - {"using":"xpath","value":"//*[@id=\"__item5215-__clone11721-imgNav\"]"}
RESULT: {"using":"xpath","value":"//*[@id=\"__item5215-__clone11721-imgNav\"]"}
COMMAND: POST /session/700a0ab92761895b5ec9a5372f8d46fb/elements - {"using":"xpath","value":"//*[@id=\"__item5215-__clone11721-imgNav\"]"}
RESULT: {"using":"xpath","value":"//*[@id=\"__item5215-__clone11721-imgNav\"]"}
COMMAND: POST /session/700a0ab92761895b5ec9a5372f8d46fb/elements - {"using":"xpath","value":"//*[@id=\"__item5215-__clone11721-imgNav\"]"}
RESULT: {"using":"xpath","value":"//*[@id=\"__item5215-__clone11721-imgNav\"]"}
COMMAND: POST /session/700a0ab92761895b5ec9a5372f8d46fb/elements - {"using":"xpath","value":"//*[@id=\"__item5215-__clone11721-imgNav\"]"}
RESULT: {"using":"xpath","value":"//*[@id=\"__item5215-__clone11721-imgNav\"]"}
COMMAND: POST /session/700a0ab92761895b5ec9a5372f8d46fb/elements - {"using":"xpath","value":"//*[@id=\"__item5215-__clone11721-imgNav\"]"}
RESULT: {"using":"xpath","value":"//*[@id=\"__item5215-__clone11721-imgNav\"]"}
COMMAND: POST /session/700a0ab92761895b5ec9a5372f8d46fb/elements - {"using":"xpath","value":"//*[@id=\"__item5215-__clone11721-imgNav\"]"}
RESULT: {"using":"xpath","value":"//*[@id=\"__item5215-__clone11721-imgNav\"]"}
COMMAND: POST /session/700a0ab92761895b5ec9a5372f8d46fb/elements - {"using":"xpath","value":"//*[@id=\"__item5215-__clone11721-imgNav\"]"}
RESULT: {"using":"xpath","value":"//*[@id=\"__item5215-__clone11721-imgNav\"]"}
COMMAND: POST /session/700a0ab92761895b5ec9a5372f8d46fb/elements - {"using":"xpath","value":"//*[@id=\"__item5215-__clone11721-imgNav\"]"}
RESULT: {"using":"xpath","value":"//*[@id=\"__item5215-__clone11721-imgNav\"]"}
COMMAND: POST /session/700a0ab92761895b5ec9a5372f8d46fb/elements - {"using":"xpath","value":"//*[@id=\"__item5215-__clone11721-imgNav\"]"}
RESULT: {"using":"xpath","value":"//*[@id=\"__item5215-__clone11721-imgNav\"]"}
COMMAND: POST /session/700a0ab92761895b5ec9a5372f8d46fb/elements - {"using":"xpath","value":"//*[@id=\"__item5215-__clone11721-imgNav\"]"}
RESULT: {"using":"xpath","value":"//*[@id=\"__item5215-__clone11721-imgNav\"]"}
COMMAND: POST /session/700a0ab92761895b5ec9a5372f8d46fb/elements - {"using":"xpath","value":"//*[@id=\"__item5215-__clone11721-imgNav\"]"}
RESULT: {"using":"xpath","value":"//*[@id=\"__item5215-__clone11721-imgNav\"]"}
COMMAND: POST /session/700a0ab92761895b5ec9a5372f8d46fb/elements - {"using":"xpath","value":"//*[@id=\"__item5215-__clone11721-imgNav\"]"}
RESULT: {"using":"xpath","value":"//*[@id=\"__item5215-__clone11721-imgNav\"]"}
COMMAND: POST /session/700a0ab92761895b5ec9a5372f8d46fb/elements - {"using":"xpath","value":"//*[@id=\"__item5215-__clone11721-imgNav\"]"}
RESULT: {"using":"xpath","value":"//*[@id=\"__item5215-__clone11721-imgNav\"]"}
COMMAND: POST /session/700a0ab92761895b5ec9a5372f8d46fb/elements - {"using":"xpath","value":"//*[@id=\"__item5215-__clone11721-imgNav\"]"}
RESULT: {"using":"xpath","value":"//*[@id=\"__item5215-__clone11721-imgNav\"]"}
COMMAND: POST /session/700a0ab92761895b5ec9a5372f8d46fb/elements - {"using":"xpath","value":"//*[@id=\"__item5215-__clone11721-imgNav\"]"}
RESULT: {"using":"xpath","value":"//*[@id=\"__item5215-__clone11721-imgNav\"]"}
COMMAND: POST /session/700a0ab92761895b5ec9a5372f8d46fb/elements - {"using":"xpath","value":"//*[@id=\"__item5215-__clone11721-imgNav\"]"}
RESULT: {"using":"xpath","value":"//*[@id=\"__item5215-__clone11721-imgNav\"]"}
COMMAND: POST /session/700a0ab92761895b5ec9a5372f8d46fb/elements - {"using":"xpath","value":"//*[@id=\"__item5215-__clone11721-imgNav\"]"}
RESULT: {"using":"xpath","value":"//*[@id=\"__item5215-__clone11721-imgNav\"]"}
COMMAND: POST /session/700a0ab92761895b5ec9a5372f8d46fb/elements - {"using":"xpath","value":"//*[@id=\"__item5215-__clone11721-imgNav\"]"}
RESULT: {"using":"xpath","value":"//*[@id=\"__item5215-__clone11721-imgNav\"]"}
COMMAND: POST /session/700a0ab92761895b5ec9a5372f8d46fb/elements - {"using":"xpath","value":"//*[@id=\"__item5215-__clone11721-imgNav\"]"}
RESULT: {"using":"xpath","value":"//*[@id=\"__item5215-__clone11721-imgNav\"]"}
COMMAND: POST /session/700a0ab92761895b5ec9a5372f8d46fb/elements - {"using":"xpath","value":"//*[@id=\"__item5215-__clone11721-imgNav\"]"}
RESULT: {"using":"xpath","value":"//*[@id=\"__item5215-__clone11721-imgNav\"]"}
COMMAND: POST /session/700a0ab92761895b5ec9a5372f8d46fb/elements - {"using":"xpath","value":"//*[@id=\"__item5215-__clone11721-imgNav\"]"}
RESULT: {"using":"xpath","value":"//*[@id=\"__item5215-__clone11721-imgNav\"]"}
COMMAND: POST /session/700a0ab92761895b5ec9a5372f8d46fb/elements - {"using":"xpath","value":"//*[@id=\"__item5215-__clone11721-imgNav\"]"}
RESULT: {"using":"xpath","value":"//*[@id=\"__item5215-__clone11721-imgNav\"]"}
COMMAND: POST /session/700a0ab92761895b5ec9a5372f8d46fb/elements - {"using":"xpath","value":"//*[@id=\"__item5215-__clone11721-imgNav\"]"}
RESULT: {"using":"xpath","value":"//*[@id=\"__item5215-__clone11721-imgNav\"]"}
COMMAND: POST /session/700a0ab92761895b5ec9a5372f8d46fb/elements - {"using":"xpath","value":"//*[@id=\"__item5215-__clone11721-imgNav\"]"}
RESULT: {"using":"xpath","value":"//*[@id=\"__item5215-__clone11721-imgNav\"]"}
COMMAND: POST /session/700a0ab92761895b5ec9a5372f8d46fb/elements - {"using":"xpath","value":"//*[@id=\"__item5215-__clone11721-imgNav\"]"}
RESULT: {"using":"xpath","value":"//*[@id=\"__item5215-__clone11721-imgNav\"]"}
COMMAND: POST /session/700a0ab92761895b5ec9a5372f8d46fb/elements - {"using":"xpath","value":"//*[@id=\"__item5215-__clone11721-imgNav\"]"}
RESULT: {"using":"xpath","value":"//*[@id=\"__item5215-__clone11721-imgNav\"]"}
COMMAND: POST /session/700a0ab92761895b5ec9a5372f8d46fb/elements - {"using":"xpath","value":"//*[@id=\"__item5215-__clone11721-imgNav\"]"}
RESULT: {"using":"xpath","value":"//*[@id=\"__item5215-__clone11721-imgNav\"]"}
COMMAND: POST /session/700a0ab92761895b5ec9a5372f8d46fb/elements - {"using":"xpath","value":"//*[@id=\"__item5215-__clone11721-imgNav\"]"}
RESULT: {"using":"xpath","value":"//*[@id=\"__item5215-__clone11721-imgNav\"]"}
COMMAND: POST /session/700a0ab92761895b5ec9a5372f8d46fb/elements - {"using":"xpath","value":"//*[@id=\"__item5215-__clone11721-imgNav\"]"}
RESULT: {"using":"xpath","value":"//*[@id=\"__item5215-__clone11721-imgNav\"]"}
COMMAND: POST /session/700a0ab92761895b5ec9a5372f8d46fb/elements - {"using":"xpath","value":"//*[@id=\"__item5215-__clone11721-imgNav\"]"}
RESULT: {"using":"xpath","value":"//*[@id=\"__item5215-__clone11721-imgNav\"]"}
COMMAND: POST /session/700a0ab92761895b5ec9a5372f8d46fb/elements - {"using":"xpath","value":"//*[@id=\"__item5215-__clone11721-imgNav\"]"}
RESULT: {"using":"xpath","value":"//*[@id=\"__item5215-__clone11721-imgNav\"]"}
COMMAND: POST /session/700a0ab92761895b5ec9a5372f8d46fb/elements - {"using":"xpath","value":"//*[@id=\"__item5215-__clone11721-imgNav\"]"}
RESULT: {"using":"xpath","value":"//*[@id=\"__item5215-__clone11721-imgNav\"]"}
COMMAND: POST /session/700a0ab92761895b5ec9a5372f8d46fb/elements - {"using":"xpath","value":"//*[@id=\"__item5215-__clone11721-imgNav\"]"}
RESULT: {"using":"xpath","value":"//*[@id=\"__item5215-__clone11721-imgNav\"]"}
COMMAND: POST /session/700a0ab92761895b5ec9a5372f8d46fb/elements - {"using":"xpath","value":"//*[@id=\"__item5215-__clone11721-imgNav\"]"}
RESULT: {"using":"xpath","value":"//*[@id=\"__item5215-__clone11721-imgNav\"]"}
COMMAND: POST /session/700a0ab92761895b5ec9a5372f8d46fb/elements - {"using":"xpath","value":"//*[@id=\"__item5215-__clone11721-imgNav\"]"}
RESULT: {"using":"xpath","value":"//*[@id=\"__item5215-__clone11721-imgNav\"]"}
COMMAND: POST /session/700a0ab92761895b5ec9a5372f8d46fb/elements - {"using":"xpath","value":"//*[@id=\"__item5215-__clone11721-imgNav\"]"}
RESULT: {"using":"xpath","value":"//*[@id=\"__item5215-__clone11721-imgNav\"]"}
COMMAND: POST /session/700a0ab92761895b5ec9a5372f8d46fb/elements - {"using":"xpath","value":"//*[@id=\"__item5215-__clone11721-imgNav\"]"}
RESULT: {"using":"xpath","value":"//*[@id=\"__item5215-__clone11721-imgNav\"]"}
COMMAND: POST /session/700a0ab92761895b5ec9a5372f8d46fb/elements - {"using":"xpath","value":"//*[@id=\"__item5215-__clone11721-imgNav\"]"}
RESULT: {"using":"xpath","value":"//*[@id=\"__item5215-__clone11721-imgNav\"]"}
COMMAND: POST /session/700a0ab92761895b5ec9a5372f8d46fb/elements - {"using":"xpath","value":"//*[@id=\"__item5215-__clone11721-imgNav\"]"}
RESULT: {"using":"xpath","value":"//*[@id=\"__item5215-__clone11721-imgNav\"]"}
COMMAND: POST /session/700a0ab92761895b5ec9a5372f8d46fb/elements - {"using":"xpath","value":"//*[@id=\"__item5215-__clone11721-imgNav\"]"}
RESULT: {"using":"xpath","value":"//*[@id=\"__item5215-__clone11721-imgNav\"]"}
COMMAND: POST /session/700a0ab92761895b5ec9a5372f8d46fb/elements - {"using":"xpath","value":"//*[@id=\"__item5215-__clone11721-imgNav\"]"}
RESULT: {"using":"xpath","value":"//*[@id=\"__item5215-__clone11721-imgNav\"]"}
COMMAND: POST /session/700a0ab92761895b5ec9a5372f8d46fb/elements - {"using":"xpath","value":"//*[@id=\"__item5215-__clone11721-imgNav\"]"}
RESULT: {"using":"xpath","value":"//*[@id=\"__item5215-__clone11721-imgNav\"]"}
COMMAND: POST /session/700a0ab92761895b5ec9a5372f8d46fb/elements - {"using":"xpath","value":"//*[@id=\"__item5215-__clone11721-imgNav\"]"}
RESULT: {"using":"xpath","value":"//*[@id=\"__item5215-__clone11721-imgNav\"]"}
COMMAND: POST /session/700a0ab92761895b5ec9a5372f8d46fb/elements - {"using":"xpath","value":"//*[@id=\"__item5215-__clone11721-imgNav\"]"}
RESULT: {"using":"xpath","value":"//*[@id=\"__item5215-__clone11721-imgNav\"]"}
COMMAND: POST /session/700a0ab92761895b5ec9a5372f8d46fb/elements - {"using":"xpath","value":"//*[@id=\"__item5215-__clone11721-imgNav\"]"}
RESULT: {"using":"xpath","value":"//*[@id=\"__item5215-__clone11721-imgNav\"]"}
COMMAND: POST /session/700a0ab92761895b5ec9a5372f8d46fb/elements - {"using":"xpath","value":"//*[@id=\"__item5215-__clone11721-imgNav\"]"}
RESULT: {"using":"xpath","value":"//*[@id=\"__item5215-__clone11721-imgNav\"]"}
COMMAND: POST /session/700a0ab92761895b5ec9a5372f8d46fb/elements - {"using":"xpath","value":"//*[@id=\"__item5215-__clone11721-imgNav\"]"}
RESULT: {"using":"xpath","value":"//*[@id=\"__item5215-__clone11721-imgNav\"]"}
COMMAND: POST /session/700a0ab92761895b5ec9a5372f8d46fb/elements - {"using":"xpath","value":"//*[@id=\"__item5215-__clone11721-imgNav\"]"}
RESULT: {"using":"xpath","value":"//*[@id=\"__item5215-__clone11721-imgNav\"]"}
COMMAND: POST /session/700a0ab92761895b5ec9a5372f8d46fb/elements - {"using":"xpath","value":"//*[@id=\"__item5215-__clone11721-imgNav\"]"}
RESULT: {"using":"xpath","value":"//*[@id=\"__item5215-__clone11721-imgNav\"]"}
COMMAND: POST /session/700a0ab92761895b5ec9a5372f8d46fb/elements - {"using":"xpath","value":"//*[@id=\"__item5215-__clone11721-imgNav\"]"}
RESULT: {"using":"xpath","value":"//*[@id=\"__item5215-__clone11721-imgNav\"]"}
COMMAND: POST /session/700a0ab92761895b5ec9a5372f8d46fb/elements - {"using":"xpath","value":"//*[@id=\"__item5215-__clone11721-imgNav\"]"}
RESULT: {"using":"xpath","value":"//*[@id=\"__item5215-__clone11721-imgNav\"]"}
COMMAND: POST /session/700a0ab92761895b5ec9a5372f8d46fb/elements - {"using":"xpath","value":"//*[@id=\"__item5215-__clone11721-imgNav\"]"}
COMMAND: POST /session/700a0ab92761895b5ec9a5372f8d46fb/execute/async - {"script":"<script> [1562 bytes]","args":[{"selector":{"controlType":"sap.m.Button","viewName":"etm.portal.ui.managehandovers.view.DetailExecuteHO","i18NText":{"propertyName":"text","key":"confirmAll"},"interaction":{"idSuffix":"BDI-content"}},"wdio_ui5_key":"etmportal.ui.managehandovers.view.DetailExecuteHOsap.m.Button{\"propertyName\":\"text\",\"key\":\"confirmAll\"}"}]}
RESULT: {"using":"xpath","value":"//*[@id=\"__item5215-__clone11721-imgNav\"]"}
RESULT: {"script":"<script> [1562 bytes]","args":[{"selector":{"controlType":"sap.m.Button","viewName":"etm.portal.ui.managehandovers.view.DetailExecuteHO","i18NText":{"propertyName":"text","key":"confirmAll"},"interaction":{"idSuffix":"BDI-content"}},"wdio_ui5_key":"etmportal.ui.managehandovers.view.DetailExecuteHOsap.m.Button{\"propertyName\":\"text\",\"key\":\"confirmAll\"}"}]}
RESULT: undefined
COMMAND: POST /session/700a0ab92761895b5ec9a5372f8d46fb/actions - {"actions":[{"id":"action77","type":"key","parameters":{},"actions":[{"type":"keyDown","value":"î€‡"},{"type":"pause","duration":10},{"type":"keyUp","value":"î€‡"}]}]}
RESULT: {"actions":[{"id":"action77","type":"key","parameters":{},"actions":[{"type":"keyDown","value":"î€‡"},{"type":"pause","duration":10},{"type":"keyUp","value":"î€‡"}]}]}
COMMAND: GET /session/700a0ab92761895b5ec9a5372f8d46fb/screenshot - {}
RESULT: {}
COMMAND: POST /session/700a0ab92761895b5ec9a5372f8d46fb/execute/async - {"script":"<script> [1562 bytes]","args":[{"selector":{"id":"confirmationButton","viewName":"etm.portal.ui.managehandovers.view.DetailExecuteHO","properties":{"text":"Issue"},"interaction":{"idSuffix":"BDI-content"}},"wdio_ui5_key":"confirmationButtonetmportal.ui.managehandovers.view.DetailExecuteHO{\"text\":\"Issue\"}"}]}
RESULT: {"script":"<script> [1562 bytes]","args":[{"selector":{"id":"confirmationButton","viewName":"etm.portal.ui.managehandovers.view.DetailExecuteHO","properties":{"text":"Issue"},"interaction":{"idSuffix":"BDI-content"}},"wdio_ui5_key":"confirmationButtonetmportal.ui.managehandovers.view.DetailExecuteHO{\"text\":\"Issue\"}"}]}
RESULT: undefined
RESULT: undefined
COMMAND: POST /session/700a0ab92761895b5ec9a5372f8d46fb/execute/async - {"script":"<script> [776 bytes]","args":[{"enterText":"31200","selector":{"controlType":"sap.m.SearchField","viewName":"etm.portal.ui.managehandovers.view.MasterHO","bindingPath":{"propertyPath":"/_BASIC_SEARCH_FIELD","modelName":"fi1t3rM0d31"},"interaction":{"idSuffix":"I"}},"clearTextFirst":true,"interactionType":"ENTER_TEXT"}]}
RESULT: {"script":"<script> [776 bytes]","args":[{"enterText":"31200","selector":{"controlType":"sap.m.SearchField","viewName":"etm.portal.ui.managehandovers.view.MasterHO","bindingPath":{"propertyPath":"/_BASIC_SEARCH_FIELD","modelName":"fi1t3rM0d31"},"interaction":{"idSuffix":"I"}},"clearTextFirst":true,"interactionType":"ENTER_TEXT"}]}
COMMAND: POST /session/700a0ab92761895b5ec9a5372f8d46fb/actions - {"actions":[{"id":"action78","type":"key","parameters":{},"actions":[{"type":"keyDown","value":"î€‡"},{"type":"pause","duration":10},{"type":"keyUp","value":"î€‡"}]}]}
RESULT: {"actions":[{"id":"action78","type":"key","parameters":{},"actions":[{"type":"keyDown","value":"î€‡"},{"type":"pause","duration":10},{"type":"keyUp","value":"î€‡"}]}]}
COMMAND: GET /session/700a0ab92761895b5ec9a5372f8d46fb/screenshot - {}
RESULT: {}
RESULT: undefined
COMMAND: POST /session/700a0ab92761895b5ec9a5372f8d46fb/element - {"using":"xpath","value":"//*[@id=\"__item5215-__clone11721-imgNav\"]"}
RESULT: {"using":"xpath","value":"//*[@id=\"__item5215-__clone11721-imgNav\"]"}
COMMAND: POST /session/700a0ab92761895b5ec9a5372f8d46fb/elements - {"using":"xpath","value":"//*[@id=\"__item5215-__clone11721-imgNav\"]"}
RESULT: {"using":"xpath","value":"//*[@id=\"__item5215-__clone11721-imgNav\"]"}
COMMAND: POST /session/700a0ab92761895b5ec9a5372f8d46fb/elements - {"using":"xpath","value":"//*[@id=\"__item5215-__clone11721-imgNav\"]"}
RESULT: {"using":"xpath","value":"//*[@id=\"__item5215-__clone11721-imgNav\"]"}
COMMAND: POST /session/700a0ab92761895b5ec9a5372f8d46fb/elements - {"using":"xpath","value":"//*[@id=\"__item5215-__clone11721-imgNav\"]"}
RESULT: {"using":"xpath","value":"//*[@id=\"__item5215-__clone11721-imgNav\"]"}
COMMAND: POST /session/700a0ab92761895b5ec9a5372f8d46fb/elements - {"using":"xpath","value":"//*[@id=\"__item5215-__clone11721-imgNav\"]"}
RESULT: {"using":"xpath","value":"//*[@id=\"__item5215-__clone11721-imgNav\"]"}
COMMAND: POST /session/700a0ab92761895b5ec9a5372f8d46fb/elements - {"using":"xpath","value":"//*[@id=\"__item5215-__clone11721-imgNav\"]"}
RESULT: {"using":"xpath","value":"//*[@id=\"__item5215-__clone11721-imgNav\"]"}
COMMAND: POST /session/700a0ab92761895b5ec9a5372f8d46fb/elements - {"using":"xpath","value":"//*[@id=\"__item5215-__clone11721-imgNav\"]"}
RESULT: {"using":"xpath","value":"//*[@id=\"__item5215-__clone11721-imgNav\"]"}
COMMAND: POST /session/700a0ab92761895b5ec9a5372f8d46fb/elements - {"using":"xpath","value":"//*[@id=\"__item5215-__clone11721-imgNav\"]"}
RESULT: {"using":"xpath","value":"//*[@id=\"__item5215-__clone11721-imgNav\"]"}
COMMAND: POST /session/700a0ab92761895b5ec9a5372f8d46fb/elements - {"using":"xpath","value":"//*[@id=\"__item5215-__clone11721-imgNav\"]"}
RESULT: {"using":"xpath","value":"//*[@id=\"__item5215-__clone11721-imgNav\"]"}
COMMAND: POST /session/700a0ab92761895b5ec9a5372f8d46fb/elements - {"using":"xpath","value":"//*[@id=\"__item5215-__clone11721-imgNav\"]"}
RESULT: {"using":"xpath","value":"//*[@id=\"__item5215-__clone11721-imgNav\"]"}
COMMAND: POST /session/700a0ab92761895b5ec9a5372f8d46fb/elements - {"using":"xpath","value":"//*[@id=\"__item5215-__clone11721-imgNav\"]"}
RESULT: {"using":"xpath","value":"//*[@id=\"__item5215-__clone11721-imgNav\"]"}
COMMAND: POST /session/700a0ab92761895b5ec9a5372f8d46fb/elements - {"using":"xpath","value":"//*[@id=\"__item5215-__clone11721-imgNav\"]"}
RESULT: {"using":"xpath","value":"//*[@id=\"__item5215-__clone11721-imgNav\"]"}
COMMAND: POST /session/700a0ab92761895b5ec9a5372f8d46fb/elements - {"using":"xpath","value":"//*[@id=\"__item5215-__clone11721-imgNav\"]"}
RESULT: {"using":"xpath","value":"//*[@id=\"__item5215-__clone11721-imgNav\"]"}
COMMAND: POST /session/700a0ab92761895b5ec9a5372f8d46fb/elements - {"using":"xpath","value":"//*[@id=\"__item5215-__clone11721-imgNav\"]"}
RESULT: {"using":"xpath","value":"//*[@id=\"__item5215-__clone11721-imgNav\"]"}
COMMAND: POST /session/700a0ab92761895b5ec9a5372f8d46fb/elements - {"using":"xpath","value":"//*[@id=\"__item5215-__clone11721-imgNav\"]"}
RESULT: {"using":"xpath","value":"//*[@id=\"__item5215-__clone11721-imgNav\"]"}
COMMAND: POST /session/700a0ab92761895b5ec9a5372f8d46fb/elements - {"using":"xpath","value":"//*[@id=\"__item5215-__clone11721-imgNav\"]"}
RESULT: {"using":"xpath","value":"//*[@id=\"__item5215-__clone11721-imgNav\"]"}
COMMAND: POST /session/700a0ab92761895b5ec9a5372f8d46fb/elements - {"using":"xpath","value":"//*[@id=\"__item5215-__clone11721-imgNav\"]"}
RESULT: {"using":"xpath","value":"//*[@id=\"__item5215-__clone11721-imgNav\"]"}
COMMAND: POST /session/700a0ab92761895b5ec9a5372f8d46fb/elements - {"using":"xpath","value":"//*[@id=\"__item5215-__clone11721-imgNav\"]"}
RESULT: {"using":"xpath","value":"//*[@id=\"__item5215-__clone11721-imgNav\"]"}
COMMAND: POST /session/700a0ab92761895b5ec9a5372f8d46fb/elements - {"using":"xpath","value":"//*[@id=\"__item5215-__clone11721-imgNav\"]"}
RESULT: {"using":"xpath","value":"//*[@id=\"__item5215-__clone11721-imgNav\"]"}
COMMAND: POST /session/700a0ab92761895b5ec9a5372f8d46fb/elements - {"using":"xpath","value":"//*[@id=\"__item5215-__clone11721-imgNav\"]"}
RESULT: {"using":"xpath","value":"//*[@id=\"__item5215-__clone11721-imgNav\"]"}
COMMAND: POST /session/700a0ab92761895b5ec9a5372f8d46fb/elements - {"using":"xpath","value":"//*[@id=\"__item5215-__clone11721-imgNav\"]"}
RESULT: {"using":"xpath","value":"//*[@id=\"__item5215-__clone11721-imgNav\"]"}
COMMAND: POST /session/700a0ab92761895b5ec9a5372f8d46fb/elements - {"using":"xpath","value":"//*[@id=\"__item5215-__clone11721-imgNav\"]"}
RESULT: {"using":"xpath","value":"//*[@id=\"__item5215-__clone11721-imgNav\"]"}
COMMAND: POST /session/700a0ab92761895b5ec9a5372f8d46fb/elements - {"using":"xpath","value":"//*[@id=\"__item5215-__clone11721-imgNav\"]"}
RESULT: {"using":"xpath","value":"//*[@id=\"__item5215-__clone11721-imgNav\"]"}
COMMAND: POST /session/700a0ab92761895b5ec9a5372f8d46fb/elements - {"using":"xpath","value":"//*[@id=\"__item5215-__clone11721-imgNav\"]"}
RESULT: {"using":"xpath","value":"//*[@id=\"__item5215-__clone11721-imgNav\"]"}
COMMAND: POST /session/700a0ab92761895b5ec9a5372f8d46fb/elements - {"using":"xpath","value":"//*[@id=\"__item5215-__clone11721-imgNav\"]"}
RESULT: {"using":"xpath","value":"//*[@id=\"__item5215-__clone11721-imgNav\"]"}
COMMAND: POST /session/700a0ab92761895b5ec9a5372f8d46fb/elements - {"using":"xpath","value":"//*[@id=\"__item5215-__clone11721-imgNav\"]"}
RESULT: {"using":"xpath","value":"//*[@id=\"__item5215-__clone11721-imgNav\"]"}
COMMAND: POST /session/700a0ab92761895b5ec9a5372f8d46fb/elements - {"using":"xpath","value":"//*[@id=\"__item5215-__clone11721-imgNav\"]"}
RESULT: {"using":"xpath","value":"//*[@id=\"__item5215-__clone11721-imgNav\"]"}
COMMAND: POST /session/700a0ab92761895b5ec9a5372f8d46fb/elements - {"using":"xpath","value":"//*[@id=\"__item5215-__clone11721-imgNav\"]"}
RESULT: {"using":"xpath","value":"//*[@id=\"__item5215-__clone11721-imgNav\"]"}
COMMAND: POST /session/700a0ab92761895b5ec9a5372f8d46fb/elements - {"using":"xpath","value":"//*[@id=\"__item5215-__clone11721-imgNav\"]"}
RESULT: {"using":"xpath","value":"//*[@id=\"__item5215-__clone11721-imgNav\"]"}
COMMAND: POST /session/700a0ab92761895b5ec9a5372f8d46fb/elements - {"using":"xpath","value":"//*[@id=\"__item5215-__clone11721-imgNav\"]"}
RESULT: {"using":"xpath","value":"//*[@id=\"__item5215-__clone11721-imgNav\"]"}
COMMAND: POST /session/700a0ab92761895b5ec9a5372f8d46fb/elements - {"using":"xpath","value":"//*[@id=\"__item5215-__clone11721-imgNav\"]"}
RESULT: {"using":"xpath","value":"//*[@id=\"__item5215-__clone11721-imgNav\"]"}
COMMAND: POST /session/700a0ab92761895b5ec9a5372f8d46fb/elements - {"using":"xpath","value":"//*[@id=\"__item5215-__clone11721-imgNav\"]"}
RESULT: {"using":"xpath","value":"//*[@id=\"__item5215-__clone11721-imgNav\"]"}
COMMAND: POST /session/700a0ab92761895b5ec9a5372f8d46fb/elements - {"using":"xpath","value":"//*[@id=\"__item5215-__clone11721-imgNav\"]"}
RESULT: {"using":"xpath","value":"//*[@id=\"__item5215-__clone11721-imgNav\"]"}
COMMAND: POST /session/700a0ab92761895b5ec9a5372f8d46fb/elements - {"using":"xpath","value":"//*[@id=\"__item5215-__clone11721-imgNav\"]"}
RESULT: {"using":"xpath","value":"//*[@id=\"__item5215-__clone11721-imgNav\"]"}
COMMAND: POST /session/700a0ab92761895b5ec9a5372f8d46fb/elements - {"using":"xpath","value":"//*[@id=\"__item5215-__clone11721-imgNav\"]"}
RESULT: {"using":"xpath","value":"//*[@id=\"__item5215-__clone11721-imgNav\"]"}
COMMAND: POST /session/700a0ab92761895b5ec9a5372f8d46fb/elements - {"using":"xpath","value":"//*[@id=\"__item5215-__clone11721-imgNav\"]"}
RESULT: {"using":"xpath","value":"//*[@id=\"__item5215-__clone11721-imgNav\"]"}
COMMAND: POST /session/700a0ab92761895b5ec9a5372f8d46fb/elements - {"using":"xpath","value":"//*[@id=\"__item5215-__clone11721-imgNav\"]"}
RESULT: {"using":"xpath","value":"//*[@id=\"__item5215-__clone11721-imgNav\"]"}
COMMAND: POST /session/700a0ab92761895b5ec9a5372f8d46fb/elements - {"using":"xpath","value":"//*[@id=\"__item5215-__clone11721-imgNav\"]"}
RESULT: {"using":"xpath","value":"//*[@id=\"__item5215-__clone11721-imgNav\"]"}
COMMAND: POST /session/700a0ab92761895b5ec9a5372f8d46fb/elements - {"using":"xpath","value":"//*[@id=\"__item5215-__clone11721-imgNav\"]"}
RESULT: {"using":"xpath","value":"//*[@id=\"__item5215-__clone11721-imgNav\"]"}
COMMAND: POST /session/700a0ab92761895b5ec9a5372f8d46fb/elements - {"using":"xpath","value":"//*[@id=\"__item5215-__clone11721-imgNav\"]"}
RESULT: {"using":"xpath","value":"//*[@id=\"__item5215-__clone11721-imgNav\"]"}
COMMAND: POST /session/700a0ab92761895b5ec9a5372f8d46fb/elements - {"using":"xpath","value":"//*[@id=\"__item5215-__clone11721-imgNav\"]"}
RESULT: {"using":"xpath","value":"//*[@id=\"__item5215-__clone11721-imgNav\"]"}
COMMAND: POST /session/700a0ab92761895b5ec9a5372f8d46fb/elements - {"using":"xpath","value":"//*[@id=\"__item5215-__clone11721-imgNav\"]"}
RESULT: {"using":"xpath","value":"//*[@id=\"__item5215-__clone11721-imgNav\"]"}
COMMAND: POST /session/700a0ab92761895b5ec9a5372f8d46fb/elements - {"using":"xpath","value":"//*[@id=\"__item5215-__clone11721-imgNav\"]"}
RESULT: {"using":"xpath","value":"//*[@id=\"__item5215-__clone11721-imgNav\"]"}
COMMAND: POST /session/700a0ab92761895b5ec9a5372f8d46fb/elements - {"using":"xpath","value":"//*[@id=\"__item5215-__clone11721-imgNav\"]"}
RESULT: {"using":"xpath","value":"//*[@id=\"__item5215-__clone11721-imgNav\"]"}
COMMAND: POST /session/700a0ab92761895b5ec9a5372f8d46fb/elements - {"using":"xpath","value":"//*[@id=\"__item5215-__clone11721-imgNav\"]"}
RESULT: {"using":"xpath","value":"//*[@id=\"__item5215-__clone11721-imgNav\"]"}
COMMAND: POST /session/700a0ab92761895b5ec9a5372f8d46fb/elements - {"using":"xpath","value":"//*[@id=\"__item5215-__clone11721-imgNav\"]"}
RESULT: {"using":"xpath","value":"//*[@id=\"__item5215-__clone11721-imgNav\"]"}
COMMAND: POST /session/700a0ab92761895b5ec9a5372f8d46fb/elements - {"using":"xpath","value":"//*[@id=\"__item5215-__clone11721-imgNav\"]"}
RESULT: {"using":"xpath","value":"//*[@id=\"__item5215-__clone11721-imgNav\"]"}
COMMAND: POST /session/700a0ab92761895b5ec9a5372f8d46fb/elements - {"using":"xpath","value":"//*[@id=\"__item5215-__clone11721-imgNav\"]"}
RESULT: {"using":"xpath","value":"//*[@id=\"__item5215-__clone11721-imgNav\"]"}
COMMAND: POST /session/700a0ab92761895b5ec9a5372f8d46fb/elements - {"using":"xpath","value":"//*[@id=\"__item5215-__clone11721-imgNav\"]"}
RESULT: {"using":"xpath","value":"//*[@id=\"__item5215-__clone11721-imgNav\"]"}
COMMAND: POST /session/700a0ab92761895b5ec9a5372f8d46fb/elements - {"using":"xpath","value":"//*[@id=\"__item5215-__clone11721-imgNav\"]"}
RESULT: {"using":"xpath","value":"//*[@id=\"__item5215-__clone11721-imgNav\"]"}
COMMAND: POST /session/700a0ab92761895b5ec9a5372f8d46fb/elements - {"using":"xpath","value":"//*[@id=\"__item5215-__clone11721-imgNav\"]"}
RESULT: {"using":"xpath","value":"//*[@id=\"__item5215-__clone11721-imgNav\"]"}
COMMAND: POST /session/700a0ab92761895b5ec9a5372f8d46fb/elements - {"using":"xpath","value":"//*[@id=\"__item5215-__clone11721-imgNav\"]"}
RESULT: {"using":"xpath","value":"//*[@id=\"__item5215-__clone11721-imgNav\"]"}
COMMAND: POST /session/700a0ab92761895b5ec9a5372f8d46fb/elements - {"using":"xpath","value":"//*[@id=\"__item5215-__clone11721-imgNav\"]"}
RESULT: {"using":"xpath","value":"//*[@id=\"__item5215-__clone11721-imgNav\"]"}
COMMAND: POST /session/700a0ab92761895b5ec9a5372f8d46fb/elements - {"using":"xpath","value":"//*[@id=\"__item5215-__clone11721-imgNav\"]"}
RESULT: {"using":"xpath","value":"//*[@id=\"__item5215-__clone11721-imgNav\"]"}
COMMAND: POST /session/700a0ab92761895b5ec9a5372f8d46fb/elements - {"using":"xpath","value":"//*[@id=\"__item5215-__clone11721-imgNav\"]"}
RESULT: {"using":"xpath","value":"//*[@id=\"__item5215-__clone11721-imgNav\"]"}
COMMAND: POST /session/700a0ab92761895b5ec9a5372f8d46fb/elements - {"using":"xpath","value":"//*[@id=\"__item5215-__clone11721-imgNav\"]"}
RESULT: {"using":"xpath","value":"//*[@id=\"__item5215-__clone11721-imgNav\"]"}
COMMAND: POST /session/700a0ab92761895b5ec9a5372f8d46fb/elements - {"using":"xpath","value":"//*[@id=\"__item5215-__clone11721-imgNav\"]"}
RESULT: {"using":"xpath","value":"//*[@id=\"__item5215-__clone11721-imgNav\"]"}
COMMAND: POST /session/700a0ab92761895b5ec9a5372f8d46fb/elements - {"using":"xpath","value":"//*[@id=\"__item5215-__clone11721-imgNav\"]"}
RESULT: {"using":"xpath","value":"//*[@id=\"__item5215-__clone11721-imgNav\"]"}
COMMAND: POST /session/700a0ab92761895b5ec9a5372f8d46fb/elements - {"using":"xpath","value":"//*[@id=\"__item5215-__clone11721-imgNav\"]"}
RESULT: {"using":"xpath","value":"//*[@id=\"__item5215-__clone11721-imgNav\"]"}
COMMAND: POST /session/700a0ab92761895b5ec9a5372f8d46fb/elements - {"using":"xpath","value":"//*[@id=\"__item5215-__clone11721-imgNav\"]"}
RESULT: {"using":"xpath","value":"//*[@id=\"__item5215-__clone11721-imgNav\"]"}
COMMAND: POST /session/700a0ab92761895b5ec9a5372f8d46fb/elements - {"using":"xpath","value":"//*[@id=\"__item5215-__clone11721-imgNav\"]"}
RESULT: {"using":"xpath","value":"//*[@id=\"__item5215-__clone11721-imgNav\"]"}
COMMAND: POST /session/700a0ab92761895b5ec9a5372f8d46fb/elements - {"using":"xpath","value":"//*[@id=\"__item5215-__clone11721-imgNav\"]"}
RESULT: {"using":"xpath","value":"//*[@id=\"__item5215-__clone11721-imgNav\"]"}
COMMAND: POST /session/700a0ab92761895b5ec9a5372f8d46fb/elements - {"using":"xpath","value":"//*[@id=\"__item5215-__clone11721-imgNav\"]"}
RESULT: {"using":"xpath","value":"//*[@id=\"__item5215-__clone11721-imgNav\"]"}
COMMAND: POST /session/700a0ab92761895b5ec9a5372f8d46fb/elements - {"using":"xpath","value":"//*[@id=\"__item5215-__clone11721-imgNav\"]"}
RESULT: {"using":"xpath","value":"//*[@id=\"__item5215-__clone11721-imgNav\"]"}
COMMAND: POST /session/700a0ab92761895b5ec9a5372f8d46fb/elements - {"using":"xpath","value":"//*[@id=\"__item5215-__clone11721-imgNav\"]"}
RESULT: {"using":"xpath","value":"//*[@id=\"__item5215-__clone11721-imgNav\"]"}
COMMAND: POST /session/700a0ab92761895b5ec9a5372f8d46fb/elements - {"using":"xpath","value":"//*[@id=\"__item5215-__clone11721-imgNav\"]"}
RESULT: {"using":"xpath","value":"//*[@id=\"__item5215-__clone11721-imgNav\"]"}
COMMAND: POST /session/700a0ab92761895b5ec9a5372f8d46fb/elements - {"using":"xpath","value":"//*[@id=\"__item5215-__clone11721-imgNav\"]"}
RESULT: {"using":"xpath","value":"//*[@id=\"__item5215-__clone11721-imgNav\"]"}
COMMAND: POST /session/700a0ab92761895b5ec9a5372f8d46fb/elements - {"using":"xpath","value":"//*[@id=\"__item5215-__clone11721-imgNav\"]"}
RESULT: {"using":"xpath","value":"//*[@id=\"__item5215-__clone11721-imgNav\"]"}
COMMAND: POST /session/700a0ab92761895b5ec9a5372f8d46fb/elements - {"using":"xpath","value":"//*[@id=\"__item5215-__clone11721-imgNav\"]"}
RESULT: {"using":"xpath","value":"//*[@id=\"__item5215-__clone11721-imgNav\"]"}
COMMAND: POST /session/700a0ab92761895b5ec9a5372f8d46fb/elements - {"using":"xpath","value":"//*[@id=\"__item5215-__clone11721-imgNav\"]"}
RESULT: {"using":"xpath","value":"//*[@id=\"__item5215-__clone11721-imgNav\"]"}
COMMAND: POST /session/700a0ab92761895b5ec9a5372f8d46fb/elements - {"using":"xpath","value":"//*[@id=\"__item5215-__clone11721-imgNav\"]"}
RESULT: {"using":"xpath","value":"//*[@id=\"__item5215-__clone11721-imgNav\"]"}
COMMAND: POST /session/700a0ab92761895b5ec9a5372f8d46fb/elements - {"using":"xpath","value":"//*[@id=\"__item5215-__clone11721-imgNav\"]"}
RESULT: {"using":"xpath","value":"//*[@id=\"__item5215-__clone11721-imgNav\"]"}
COMMAND: POST /session/700a0ab92761895b5ec9a5372f8d46fb/elements - {"using":"xpath","value":"//*[@id=\"__item5215-__clone11721-imgNav\"]"}
RESULT: {"using":"xpath","value":"//*[@id=\"__item5215-__clone11721-imgNav\"]"}
COMMAND: POST /session/700a0ab92761895b5ec9a5372f8d46fb/elements - {"using":"xpath","value":"//*[@id=\"__item5215-__clone11721-imgNav\"]"}
RESULT: {"using":"xpath","value":"//*[@id=\"__item5215-__clone11721-imgNav\"]"}
COMMAND: POST /session/700a0ab92761895b5ec9a5372f8d46fb/elements - {"using":"xpath","value":"//*[@id=\"__item5215-__clone11721-imgNav\"]"}
RESULT: {"using":"xpath","value":"//*[@id=\"__item5215-__clone11721-imgNav\"]"}
COMMAND: POST /session/700a0ab92761895b5ec9a5372f8d46fb/elements - {"using":"xpath","value":"//*[@id=\"__item5215-__clone11721-imgNav\"]"}
RESULT: {"using":"xpath","value":"//*[@id=\"__item5215-__clone11721-imgNav\"]"}
COMMAND: POST /session/700a0ab92761895b5ec9a5372f8d46fb/elements - {"using":"xpath","value":"//*[@id=\"__item5215-__clone11721-imgNav\"]"}
RESULT: {"using":"xpath","value":"//*[@id=\"__item5215-__clone11721-imgNav\"]"}
COMMAND: POST /session/700a0ab92761895b5ec9a5372f8d46fb/elements - {"using":"xpath","value":"//*[@id=\"__item5215-__clone11721-imgNav\"]"}
RESULT: {"using":"xpath","value":"//*[@id=\"__item5215-__clone11721-imgNav\"]"}
COMMAND: POST /session/700a0ab92761895b5ec9a5372f8d46fb/elements - {"using":"xpath","value":"//*[@id=\"__item5215-__clone11721-imgNav\"]"}
RESULT: {"using":"xpath","value":"//*[@id=\"__item5215-__clone11721-imgNav\"]"}
COMMAND: POST /session/700a0ab92761895b5ec9a5372f8d46fb/elements - {"using":"xpath","value":"//*[@id=\"__item5215-__clone11721-imgNav\"]"}
RESULT: {"using":"xpath","value":"//*[@id=\"__item5215-__clone11721-imgNav\"]"}
COMMAND: POST /session/700a0ab92761895b5ec9a5372f8d46fb/elements - {"using":"xpath","value":"//*[@id=\"__item5215-__clone11721-imgNav\"]"}
RESULT: {"using":"xpath","value":"//*[@id=\"__item5215-__clone11721-imgNav\"]"}
COMMAND: POST /session/700a0ab92761895b5ec9a5372f8d46fb/elements - {"using":"xpath","value":"//*[@id=\"__item5215-__clone11721-imgNav\"]"}
RESULT: {"using":"xpath","value":"//*[@id=\"__item5215-__clone11721-imgNav\"]"}
COMMAND: POST /session/700a0ab92761895b5ec9a5372f8d46fb/elements - {"using":"xpath","value":"//*[@id=\"__item5215-__clone11721-imgNav\"]"}
RESULT: {"using":"xpath","value":"//*[@id=\"__item5215-__clone11721-imgNav\"]"}
COMMAND: POST /session/700a0ab92761895b5ec9a5372f8d46fb/elements - {"using":"xpath","value":"//*[@id=\"__item5215-__clone11721-imgNav\"]"}
RESULT: {"using":"xpath","value":"//*[@id=\"__item5215-__clone11721-imgNav\"]"}
COMMAND: POST /session/700a0ab92761895b5ec9a5372f8d46fb/elements - {"using":"xpath","value":"//*[@id=\"__item5215-__clone11721-imgNav\"]"}
RESULT: {"using":"xpath","value":"//*[@id=\"__item5215-__clone11721-imgNav\"]"}
COMMAND: POST /session/700a0ab92761895b5ec9a5372f8d46fb/elements - {"using":"xpath","value":"//*[@id=\"__item5215-__clone11721-imgNav\"]"}
RESULT: {"using":"xpath","value":"//*[@id=\"__item5215-__clone11721-imgNav\"]"}
COMMAND: POST /session/700a0ab92761895b5ec9a5372f8d46fb/elements - {"using":"xpath","value":"//*[@id=\"__item5215-__clone11721-imgNav\"]"}
RESULT: {"using":"xpath","value":"//*[@id=\"__item5215-__clone11721-imgNav\"]"}
COMMAND: POST /session/700a0ab92761895b5ec9a5372f8d46fb/elements - {"using":"xpath","value":"//*[@id=\"__item5215-__clone11721-imgNav\"]"}
RESULT: {"using":"xpath","value":"//*[@id=\"__item5215-__clone11721-imgNav\"]"}
COMMAND: POST /session/700a0ab92761895b5ec9a5372f8d46fb/elements - {"using":"xpath","value":"//*[@id=\"__item5215-__clone11721-imgNav\"]"}
RESULT: {"using":"xpath","value":"//*[@id=\"__item5215-__clone11721-imgNav\"]"}
COMMAND: POST /session/700a0ab92761895b5ec9a5372f8d46fb/elements - {"using":"xpath","value":"//*[@id=\"__item5215-__clone11721-imgNav\"]"}
RESULT: {"using":"xpath","value":"//*[@id=\"__item5215-__clone11721-imgNav\"]"}
COMMAND: POST /session/700a0ab92761895b5ec9a5372f8d46fb/elements - {"using":"xpath","value":"//*[@id=\"__item5215-__clone11721-imgNav\"]"}
RESULT: {"using":"xpath","value":"//*[@id=\"__item5215-__clone11721-imgNav\"]"}
COMMAND: POST /session/700a0ab92761895b5ec9a5372f8d46fb/elements - {"using":"xpath","value":"//*[@id=\"__item5215-__clone11721-imgNav\"]"}
RESULT: {"using":"xpath","value":"//*[@id=\"__item5215-__clone11721-imgNav\"]"}
COMMAND: POST /session/700a0ab92761895b5ec9a5372f8d46fb/elements - {"using":"xpath","value":"//*[@id=\"__item5215-__clone11721-imgNav\"]"}
RESULT: {"using":"xpath","value":"//*[@id=\"__item5215-__clone11721-imgNav\"]"}
COMMAND: POST /session/700a0ab92761895b5ec9a5372f8d46fb/elements - {"using":"xpath","value":"//*[@id=\"__item5215-__clone11721-imgNav\"]"}
RESULT: {"using":"xpath","value":"//*[@id=\"__item5215-__clone11721-imgNav\"]"}
COMMAND: POST /session/700a0ab92761895b5ec9a5372f8d46fb/elements - {"using":"xpath","value":"//*[@id=\"__item5215-__clone11721-imgNav\"]"}
RESULT: {"using":"xpath","value":"//*[@id=\"__item5215-__clone11721-imgNav\"]"}
COMMAND: POST /session/700a0ab92761895b5ec9a5372f8d46fb/elements - {"using":"xpath","value":"//*[@id=\"__item5215-__clone11721-imgNav\"]"}
RESULT: {"using":"xpath","value":"//*[@id=\"__item5215-__clone11721-imgNav\"]"}
COMMAND: POST /session/700a0ab92761895b5ec9a5372f8d46fb/elements - {"using":"xpath","value":"//*[@id=\"__item5215-__clone11721-imgNav\"]"}
RESULT: {"using":"xpath","value":"//*[@id=\"__item5215-__clone11721-imgNav\"]"}
COMMAND: POST /session/700a0ab92761895b5ec9a5372f8d46fb/elements - {"using":"xpath","value":"//*[@id=\"__item5215-__clone11721-imgNav\"]"}
RESULT: {"using":"xpath","value":"//*[@id=\"__item5215-__clone11721-imgNav\"]"}
COMMAND: POST /session/700a0ab92761895b5ec9a5372f8d46fb/elements - {"using":"xpath","value":"//*[@id=\"__item5215-__clone11721-imgNav\"]"}
RESULT: {"using":"xpath","value":"//*[@id=\"__item5215-__clone11721-imgNav\"]"}
COMMAND: POST /session/700a0ab92761895b5ec9a5372f8d46fb/elements - {"using":"xpath","value":"//*[@id=\"__item5215-__clone11721-imgNav\"]"}
RESULT: {"using":"xpath","value":"//*[@id=\"__item5215-__clone11721-imgNav\"]"}
COMMAND: POST /session/700a0ab92761895b5ec9a5372f8d46fb/elements - {"using":"xpath","value":"//*[@id=\"__item5215-__clone11721-imgNav\"]"}
RESULT: {"using":"xpath","value":"//*[@id=\"__item5215-__clone11721-imgNav\"]"}
COMMAND: POST /session/700a0ab92761895b5ec9a5372f8d46fb/elements - {"using":"xpath","value":"//*[@id=\"__item5215-__clone11721-imgNav\"]"}
RESULT: {"using":"xpath","value":"//*[@id=\"__item5215-__clone11721-imgNav\"]"}
COMMAND: POST /session/700a0ab92761895b5ec9a5372f8d46fb/elements - {"using":"xpath","value":"//*[@id=\"__item5215-__clone11721-imgNav\"]"}
RESULT: {"using":"xpath","value":"//*[@id=\"__item5215-__clone11721-imgNav\"]"}
COMMAND: POST /session/700a0ab92761895b5ec9a5372f8d46fb/elements - {"using":"xpath","value":"//*[@id=\"__item5215-__clone11721-imgNav\"]"}
RESULT: {"using":"xpath","value":"//*[@id=\"__item5215-__clone11721-imgNav\"]"}
COMMAND: POST /session/700a0ab92761895b5ec9a5372f8d46fb/elements - {"using":"xpath","value":"//*[@id=\"__item5215-__clone11721-imgNav\"]"}
RESULT: {"using":"xpath","value":"//*[@id=\"__item5215-__clone11721-imgNav\"]"}
COMMAND: POST /session/700a0ab92761895b5ec9a5372f8d46fb/elements - {"using":"xpath","value":"//*[@id=\"__item5215-__clone11721-imgNav\"]"}
RESULT: {"using":"xpath","value":"//*[@id=\"__item5215-__clone11721-imgNav\"]"}
COMMAND: POST /session/700a0ab92761895b5ec9a5372f8d46fb/elements - {"using":"xpath","value":"//*[@id=\"__item5215-__clone11721-imgNav\"]"}
RESULT: {"using":"xpath","value":"//*[@id=\"__item5215-__clone11721-imgNav\"]"}
COMMAND: POST /session/700a0ab92761895b5ec9a5372f8d46fb/elements - {"using":"xpath","value":"//*[@id=\"__item5215-__clone11721-imgNav\"]"}
RESULT: {"using":"xpath","value":"//*[@id=\"__item5215-__clone11721-imgNav\"]"}
COMMAND: POST /session/700a0ab92761895b5ec9a5372f8d46fb/elements - {"using":"xpath","value":"//*[@id=\"__item5215-__clone11721-imgNav\"]"}
RESULT: {"using":"xpath","value":"//*[@id=\"__item5215-__clone11721-imgNav\"]"}
COMMAND: POST /session/700a0ab92761895b5ec9a5372f8d46fb/elements - {"using":"xpath","value":"//*[@id=\"__item5215-__clone11721-imgNav\"]"}
RESULT: {"using":"xpath","value":"//*[@id=\"__item5215-__clone11721-imgNav\"]"}
COMMAND: POST /session/700a0ab92761895b5ec9a5372f8d46fb/elements - {"using":"xpath","value":"//*[@id=\"__item5215-__clone11721-imgNav\"]"}
RESULT: {"using":"xpath","value":"//*[@id=\"__item5215-__clone11721-imgNav\"]"}
COMMAND: POST /session/700a0ab92761895b5ec9a5372f8d46fb/elements - {"using":"xpath","value":"//*[@id=\"__item5215-__clone11721-imgNav\"]"}
RESULT: {"using":"xpath","value":"//*[@id=\"__item5215-__clone11721-imgNav\"]"}
COMMAND: POST /session/700a0ab92761895b5ec9a5372f8d46fb/elements - {"using":"xpath","value":"//*[@id=\"__item5215-__clone11721-imgNav\"]"}
RESULT: {"using":"xpath","value":"//*[@id=\"__item5215-__clone11721-imgNav\"]"}
COMMAND: POST /session/700a0ab92761895b5ec9a5372f8d46fb/elements - {"using":"xpath","value":"//*[@id=\"__item5215-__clone11721-imgNav\"]"}
RESULT: {"using":"xpath","value":"//*[@id=\"__item5215-__clone11721-imgNav\"]"}
COMMAND: POST /session/700a0ab92761895b5ec9a5372f8d46fb/elements - {"using":"xpath","value":"//*[@id=\"__item5215-__clone11721-imgNav\"]"}
RESULT: {"using":"xpath","value":"//*[@id=\"__item5215-__clone11721-imgNav\"]"}
COMMAND: POST /session/700a0ab92761895b5ec9a5372f8d46fb/elements - {"using":"xpath","value":"//*[@id=\"__item5215-__clone11721-imgNav\"]"}
RESULT: {"using":"xpath","value":"//*[@id=\"__item5215-__clone11721-imgNav\"]"}
COMMAND: POST /session/700a0ab92761895b5ec9a5372f8d46fb/elements - {"using":"xpath","value":"//*[@id=\"__item5215-__clone11721-imgNav\"]"}
RESULT: {"using":"xpath","value":"//*[@id=\"__item5215-__clone11721-imgNav\"]"}
COMMAND: POST /session/700a0ab92761895b5ec9a5372f8d46fb/elements - {"using":"xpath","value":"//*[@id=\"__item5215-__clone11721-imgNav\"]"}
RESULT: {"using":"xpath","value":"//*[@id=\"__item5215-__clone11721-imgNav\"]"}
COMMAND: POST /session/700a0ab92761895b5ec9a5372f8d46fb/elements - {"using":"xpath","value":"//*[@id=\"__item5215-__clone11721-imgNav\"]"}
RESULT: {"using":"xpath","value":"//*[@id=\"__item5215-__clone11721-imgNav\"]"}
COMMAND: POST /session/700a0ab92761895b5ec9a5372f8d46fb/elements - {"using":"xpath","value":"//*[@id=\"__item5215-__clone11721-imgNav\"]"}
RESULT: {"using":"xpath","value":"//*[@id=\"__item5215-__clone11721-imgNav\"]"}
COMMAND: POST /session/700a0ab92761895b5ec9a5372f8d46fb/elements - {"using":"xpath","value":"//*[@id=\"__item5215-__clone11721-imgNav\"]"}
RESULT: {"using":"xpath","value":"//*[@id=\"__item5215-__clone11721-imgNav\"]"}
COMMAND: POST /session/700a0ab92761895b5ec9a5372f8d46fb/elements - {"using":"xpath","value":"//*[@id=\"__item5215-__clone11721-imgNav\"]"}
RESULT: {"using":"xpath","value":"//*[@id=\"__item5215-__clone11721-imgNav\"]"}
COMMAND: POST /session/700a0ab92761895b5ec9a5372f8d46fb/execute/async - {"script":"<script> [1562 bytes]","args":[{"selector":{"id":"instructionsTabFilter","viewName":"etm.portal.ui.managehandovers.view.DetailExecuteHO","interaction":{"idSuffix":"text"}},"wdio_ui5_key":"instructionsTabFilteretmportal.ui.managehandovers.view.DetailExecuteHO"}]}
RESULT: {"script":"<script> [1562 bytes]","args":[{"selector":{"id":"instructionsTabFilter","viewName":"etm.portal.ui.managehandovers.view.DetailExecuteHO","interaction":{"idSuffix":"text"}},"wdio_ui5_key":"instructionsTabFilteretmportal.ui.managehandovers.view.DetailExecuteHO"}]}
RESULT: undefined
RESULT: undefined
COMMAND: POST /session/700a0ab92761895b5ec9a5372f8d46fb/execute/async - {"script":"<script> [1562 bytes]","args":[{"selector":{"controlType":"sap.m.ComboBox","viewName":"etm.portal.ui.managehandovers.view.DetailExecuteHO","bindingPath":{"propertyPath":"RECEIVING_SECTION","modelName":"catalogModel"},"interaction":{"idSuffix":"inner"}},"wdio_ui5_key":"etmportal.ui.managehandovers.view.DetailExecuteHOsap.m.ComboBox{\"propertyPath\":\"RECEIVING_SECTION\",\"modelName\":\"catalogModel\"}"}]}
RESULT: {"script":"<script> [1562 bytes]","args":[{"selector":{"controlType":"sap.m.ComboBox","viewName":"etm.portal.ui.managehandovers.view.DetailExecuteHO","bindingPath":{"propertyPath":"RECEIVING_SECTION","modelName":"catalogModel"},"interaction":{"idSuffix":"inner"}},"wdio_ui5_key":"etmportal.ui.managehandovers.view.DetailExecuteHOsap.m.ComboBox{\"propertyPath\":\"RECEIVING_SECTION\",\"modelName\":\"catalogModel\"}"}]}
RESULT: undefined
COMMAND: POST /session/700a0ab92761895b5ec9a5372f8d46fb/actions - {"actions":[{"id":"action79","type":"key","parameters":{},"actions":[{"type":"keyDown","value":"î€‡"},{"type":"pause","duration":10},{"type":"keyUp","value":"î€‡"}]}]}
RESULT: {"actions":[{"id":"action79","type":"key","parameters":{},"actions":[{"type":"keyDown","value":"î€‡"},{"type":"pause","duration":10},{"type":"keyUp","value":"î€‡"}]}]}
COMMAND: GET /session/700a0ab92761895b5ec9a5372f8d46fb/screenshot - {}
RESULT: {}
COMMAND: POST /session/700a0ab92761895b5ec9a5372f8d46fb/execute/async - {"script":"<script> [1562 bytes]","args":[{"selector":{"id":"confirmationButton","viewName":"etm.portal.ui.managehandovers.view.DetailExecuteHO","properties":{"text":"Receive"},"interaction":{"idSuffix":"BDI-content"}},"wdio_ui5_key":"confirmationButtonetmportal.ui.managehandovers.view.DetailExecuteHO{\"text\":\"Receive\"}"}]}
RESULT: {"script":"<script> [1562 bytes]","args":[{"selector":{"id":"confirmationButton","viewName":"etm.portal.ui.managehandovers.view.DetailExecuteHO","properties":{"text":"Receive"},"interaction":{"idSuffix":"BDI-content"}},"wdio_ui5_key":"confirmationButtonetmportal.ui.managehandovers.view.DetailExecuteHO{\"text\":\"Receive\"}"}]}
RESULT: undefined
COMMAND: POST /session/700a0ab92761895b5ec9a5372f8d46fb/execute/async - {"script":"<script> [1562 bytes]","args":[{"selector":{"controlType":"sap.m.Button","properties":{"text":"Continue"},"searchOpenDialogs":true,"interaction":{"idSuffix":"content"}},"wdio_ui5_key":"sapm.Button{\"text\":\"Continue\"}"}]}
RESULT: {"script":"<script> [1562 bytes]","args":[{"selector":{"controlType":"sap.m.Button","properties":{"text":"Continue"},"searchOpenDialogs":true,"interaction":{"idSuffix":"content"}},"wdio_ui5_key":"sapm.Button{\"text\":\"Continue\"}"}]}
RESULT: undefined
]]></system-out>
    </testcase>
    <testcase classname="chrome.135_0_7049_96.windows.Provide_to_Site_w/o_warehouse_management_w_clarification" name="Should test for Clarification" time="88.043">
      <system-out><![CDATA[
RESULT: undefined
COMMAND: POST /session/700a0ab92761895b5ec9a5372f8d46fb/element - {"using":"xpath","value":"//*[@id=\"__tile132\"]"}
RESULT: {"using":"xpath","value":"//*[@id=\"__tile132\"]"}
COMMAND: POST /session/700a0ab92761895b5ec9a5372f8d46fb/element/f.647512A71DDA687F9F591F39CAC5A62D.d.A37FB54D0C849C632E4B53996AD29288.e.16506/click - {}
RESULT: undefined
COMMAND: POST /session/700a0ab92761895b5ec9a5372f8d46fb/execute/async - {"script":"<script> [776 bytes]","args":[{"enterText":"31200","selector":{"controlType":"sap.m.SearchField","viewName":"etm.portal.ui.managehandovers.view.MasterHO","bindingPath":{"propertyPath":"/_BASIC_SEARCH_FIELD","modelName":"fi1t3rM0d31"},"interaction":{"idSuffix":"I"}},"clearTextFirst":true,"interactionType":"ENTER_TEXT"}]}
RESULT: {"script":"<script> [776 bytes]","args":[{"enterText":"31200","selector":{"controlType":"sap.m.SearchField","viewName":"etm.portal.ui.managehandovers.view.MasterHO","bindingPath":{"propertyPath":"/_BASIC_SEARCH_FIELD","modelName":"fi1t3rM0d31"},"interaction":{"idSuffix":"I"}},"clearTextFirst":true,"interactionType":"ENTER_TEXT"}]}
COMMAND: POST /session/700a0ab92761895b5ec9a5372f8d46fb/actions - {"actions":[{"id":"action80","type":"key","parameters":{},"actions":[{"type":"keyDown","value":"î€‡"},{"type":"pause","duration":10},{"type":"keyUp","value":"î€‡"}]}]}
RESULT: {"actions":[{"id":"action80","type":"key","parameters":{},"actions":[{"type":"keyDown","value":"î€‡"},{"type":"pause","duration":10},{"type":"keyUp","value":"î€‡"}]}]}
COMMAND: GET /session/700a0ab92761895b5ec9a5372f8d46fb/screenshot - {}
RESULT: {}
RESULT: undefined
COMMAND: POST /session/700a0ab92761895b5ec9a5372f8d46fb/element - {"using":"xpath","value":"//*[@id=\"__item5215-__clone11721-imgNav\"]"}
RESULT: {"using":"xpath","value":"//*[@id=\"__item5215-__clone11721-imgNav\"]"}
COMMAND: POST /session/700a0ab92761895b5ec9a5372f8d46fb/elements - {"using":"xpath","value":"//*[@id=\"__item5215-__clone11721-imgNav\"]"}
RESULT: {"using":"xpath","value":"//*[@id=\"__item5215-__clone11721-imgNav\"]"}
COMMAND: POST /session/700a0ab92761895b5ec9a5372f8d46fb/elements - {"using":"xpath","value":"//*[@id=\"__item5215-__clone11721-imgNav\"]"}
RESULT: {"using":"xpath","value":"//*[@id=\"__item5215-__clone11721-imgNav\"]"}
COMMAND: POST /session/700a0ab92761895b5ec9a5372f8d46fb/elements - {"using":"xpath","value":"//*[@id=\"__item5215-__clone11721-imgNav\"]"}
RESULT: {"using":"xpath","value":"//*[@id=\"__item5215-__clone11721-imgNav\"]"}
COMMAND: POST /session/700a0ab92761895b5ec9a5372f8d46fb/elements - {"using":"xpath","value":"//*[@id=\"__item5215-__clone11721-imgNav\"]"}
RESULT: {"using":"xpath","value":"//*[@id=\"__item5215-__clone11721-imgNav\"]"}
COMMAND: POST /session/700a0ab92761895b5ec9a5372f8d46fb/elements - {"using":"xpath","value":"//*[@id=\"__item5215-__clone11721-imgNav\"]"}
RESULT: {"using":"xpath","value":"//*[@id=\"__item5215-__clone11721-imgNav\"]"}
COMMAND: POST /session/700a0ab92761895b5ec9a5372f8d46fb/elements - {"using":"xpath","value":"//*[@id=\"__item5215-__clone11721-imgNav\"]"}
RESULT: {"using":"xpath","value":"//*[@id=\"__item5215-__clone11721-imgNav\"]"}
COMMAND: POST /session/700a0ab92761895b5ec9a5372f8d46fb/elements - {"using":"xpath","value":"//*[@id=\"__item5215-__clone11721-imgNav\"]"}
RESULT: {"using":"xpath","value":"//*[@id=\"__item5215-__clone11721-imgNav\"]"}
COMMAND: POST /session/700a0ab92761895b5ec9a5372f8d46fb/elements - {"using":"xpath","value":"//*[@id=\"__item5215-__clone11721-imgNav\"]"}
RESULT: {"using":"xpath","value":"//*[@id=\"__item5215-__clone11721-imgNav\"]"}
COMMAND: POST /session/700a0ab92761895b5ec9a5372f8d46fb/elements - {"using":"xpath","value":"//*[@id=\"__item5215-__clone11721-imgNav\"]"}
RESULT: {"using":"xpath","value":"//*[@id=\"__item5215-__clone11721-imgNav\"]"}
COMMAND: POST /session/700a0ab92761895b5ec9a5372f8d46fb/elements - {"using":"xpath","value":"//*[@id=\"__item5215-__clone11721-imgNav\"]"}
RESULT: {"using":"xpath","value":"//*[@id=\"__item5215-__clone11721-imgNav\"]"}
COMMAND: POST /session/700a0ab92761895b5ec9a5372f8d46fb/elements - {"using":"xpath","value":"//*[@id=\"__item5215-__clone11721-imgNav\"]"}
RESULT: {"using":"xpath","value":"//*[@id=\"__item5215-__clone11721-imgNav\"]"}
COMMAND: POST /session/700a0ab92761895b5ec9a5372f8d46fb/elements - {"using":"xpath","value":"//*[@id=\"__item5215-__clone11721-imgNav\"]"}
RESULT: {"using":"xpath","value":"//*[@id=\"__item5215-__clone11721-imgNav\"]"}
COMMAND: POST /session/700a0ab92761895b5ec9a5372f8d46fb/elements - {"using":"xpath","value":"//*[@id=\"__item5215-__clone11721-imgNav\"]"}
RESULT: {"using":"xpath","value":"//*[@id=\"__item5215-__clone11721-imgNav\"]"}
COMMAND: POST /session/700a0ab92761895b5ec9a5372f8d46fb/elements - {"using":"xpath","value":"//*[@id=\"__item5215-__clone11721-imgNav\"]"}
RESULT: {"using":"xpath","value":"//*[@id=\"__item5215-__clone11721-imgNav\"]"}
COMMAND: POST /session/700a0ab92761895b5ec9a5372f8d46fb/elements - {"using":"xpath","value":"//*[@id=\"__item5215-__clone11721-imgNav\"]"}
RESULT: {"using":"xpath","value":"//*[@id=\"__item5215-__clone11721-imgNav\"]"}
COMMAND: POST /session/700a0ab92761895b5ec9a5372f8d46fb/elements - {"using":"xpath","value":"//*[@id=\"__item5215-__clone11721-imgNav\"]"}
RESULT: {"using":"xpath","value":"//*[@id=\"__item5215-__clone11721-imgNav\"]"}
COMMAND: POST /session/700a0ab92761895b5ec9a5372f8d46fb/elements - {"using":"xpath","value":"//*[@id=\"__item5215-__clone11721-imgNav\"]"}
RESULT: {"using":"xpath","value":"//*[@id=\"__item5215-__clone11721-imgNav\"]"}
COMMAND: POST /session/700a0ab92761895b5ec9a5372f8d46fb/elements - {"using":"xpath","value":"//*[@id=\"__item5215-__clone11721-imgNav\"]"}
RESULT: {"using":"xpath","value":"//*[@id=\"__item5215-__clone11721-imgNav\"]"}
COMMAND: POST /session/700a0ab92761895b5ec9a5372f8d46fb/elements - {"using":"xpath","value":"//*[@id=\"__item5215-__clone11721-imgNav\"]"}
RESULT: {"using":"xpath","value":"//*[@id=\"__item5215-__clone11721-imgNav\"]"}
COMMAND: POST /session/700a0ab92761895b5ec9a5372f8d46fb/elements - {"using":"xpath","value":"//*[@id=\"__item5215-__clone11721-imgNav\"]"}
RESULT: {"using":"xpath","value":"//*[@id=\"__item5215-__clone11721-imgNav\"]"}
COMMAND: POST /session/700a0ab92761895b5ec9a5372f8d46fb/elements - {"using":"xpath","value":"//*[@id=\"__item5215-__clone11721-imgNav\"]"}
RESULT: {"using":"xpath","value":"//*[@id=\"__item5215-__clone11721-imgNav\"]"}
COMMAND: POST /session/700a0ab92761895b5ec9a5372f8d46fb/elements - {"using":"xpath","value":"//*[@id=\"__item5215-__clone11721-imgNav\"]"}
RESULT: {"using":"xpath","value":"//*[@id=\"__item5215-__clone11721-imgNav\"]"}
COMMAND: POST /session/700a0ab92761895b5ec9a5372f8d46fb/elements - {"using":"xpath","value":"//*[@id=\"__item5215-__clone11721-imgNav\"]"}
RESULT: {"using":"xpath","value":"//*[@id=\"__item5215-__clone11721-imgNav\"]"}
COMMAND: POST /session/700a0ab92761895b5ec9a5372f8d46fb/elements - {"using":"xpath","value":"//*[@id=\"__item5215-__clone11721-imgNav\"]"}
RESULT: {"using":"xpath","value":"//*[@id=\"__item5215-__clone11721-imgNav\"]"}
COMMAND: POST /session/700a0ab92761895b5ec9a5372f8d46fb/elements - {"using":"xpath","value":"//*[@id=\"__item5215-__clone11721-imgNav\"]"}
RESULT: {"using":"xpath","value":"//*[@id=\"__item5215-__clone11721-imgNav\"]"}
COMMAND: POST /session/700a0ab92761895b5ec9a5372f8d46fb/elements - {"using":"xpath","value":"//*[@id=\"__item5215-__clone11721-imgNav\"]"}
RESULT: {"using":"xpath","value":"//*[@id=\"__item5215-__clone11721-imgNav\"]"}
COMMAND: POST /session/700a0ab92761895b5ec9a5372f8d46fb/elements - {"using":"xpath","value":"//*[@id=\"__item5215-__clone11721-imgNav\"]"}
RESULT: {"using":"xpath","value":"//*[@id=\"__item5215-__clone11721-imgNav\"]"}
COMMAND: POST /session/700a0ab92761895b5ec9a5372f8d46fb/elements - {"using":"xpath","value":"//*[@id=\"__item5215-__clone11721-imgNav\"]"}
RESULT: {"using":"xpath","value":"//*[@id=\"__item5215-__clone11721-imgNav\"]"}
COMMAND: POST /session/700a0ab92761895b5ec9a5372f8d46fb/elements - {"using":"xpath","value":"//*[@id=\"__item5215-__clone11721-imgNav\"]"}
RESULT: {"using":"xpath","value":"//*[@id=\"__item5215-__clone11721-imgNav\"]"}
COMMAND: POST /session/700a0ab92761895b5ec9a5372f8d46fb/elements - {"using":"xpath","value":"//*[@id=\"__item5215-__clone11721-imgNav\"]"}
RESULT: {"using":"xpath","value":"//*[@id=\"__item5215-__clone11721-imgNav\"]"}
COMMAND: POST /session/700a0ab92761895b5ec9a5372f8d46fb/elements - {"using":"xpath","value":"//*[@id=\"__item5215-__clone11721-imgNav\"]"}
RESULT: {"using":"xpath","value":"//*[@id=\"__item5215-__clone11721-imgNav\"]"}
COMMAND: POST /session/700a0ab92761895b5ec9a5372f8d46fb/elements - {"using":"xpath","value":"//*[@id=\"__item5215-__clone11721-imgNav\"]"}
RESULT: {"using":"xpath","value":"//*[@id=\"__item5215-__clone11721-imgNav\"]"}
COMMAND: POST /session/700a0ab92761895b5ec9a5372f8d46fb/elements - {"using":"xpath","value":"//*[@id=\"__item5215-__clone11721-imgNav\"]"}
RESULT: {"using":"xpath","value":"//*[@id=\"__item5215-__clone11721-imgNav\"]"}
COMMAND: POST /session/700a0ab92761895b5ec9a5372f8d46fb/elements - {"using":"xpath","value":"//*[@id=\"__item5215-__clone11721-imgNav\"]"}
RESULT: {"using":"xpath","value":"//*[@id=\"__item5215-__clone11721-imgNav\"]"}
COMMAND: POST /session/700a0ab92761895b5ec9a5372f8d46fb/elements - {"using":"xpath","value":"//*[@id=\"__item5215-__clone11721-imgNav\"]"}
RESULT: {"using":"xpath","value":"//*[@id=\"__item5215-__clone11721-imgNav\"]"}
COMMAND: POST /session/700a0ab92761895b5ec9a5372f8d46fb/elements - {"using":"xpath","value":"//*[@id=\"__item5215-__clone11721-imgNav\"]"}
RESULT: {"using":"xpath","value":"//*[@id=\"__item5215-__clone11721-imgNav\"]"}
COMMAND: POST /session/700a0ab92761895b5ec9a5372f8d46fb/elements - {"using":"xpath","value":"//*[@id=\"__item5215-__clone11721-imgNav\"]"}
RESULT: {"using":"xpath","value":"//*[@id=\"__item5215-__clone11721-imgNav\"]"}
COMMAND: POST /session/700a0ab92761895b5ec9a5372f8d46fb/elements - {"using":"xpath","value":"//*[@id=\"__item5215-__clone11721-imgNav\"]"}
RESULT: {"using":"xpath","value":"//*[@id=\"__item5215-__clone11721-imgNav\"]"}
COMMAND: POST /session/700a0ab92761895b5ec9a5372f8d46fb/elements - {"using":"xpath","value":"//*[@id=\"__item5215-__clone11721-imgNav\"]"}
RESULT: {"using":"xpath","value":"//*[@id=\"__item5215-__clone11721-imgNav\"]"}
COMMAND: POST /session/700a0ab92761895b5ec9a5372f8d46fb/elements - {"using":"xpath","value":"//*[@id=\"__item5215-__clone11721-imgNav\"]"}
RESULT: {"using":"xpath","value":"//*[@id=\"__item5215-__clone11721-imgNav\"]"}
COMMAND: POST /session/700a0ab92761895b5ec9a5372f8d46fb/elements - {"using":"xpath","value":"//*[@id=\"__item5215-__clone11721-imgNav\"]"}
RESULT: {"using":"xpath","value":"//*[@id=\"__item5215-__clone11721-imgNav\"]"}
COMMAND: POST /session/700a0ab92761895b5ec9a5372f8d46fb/elements - {"using":"xpath","value":"//*[@id=\"__item5215-__clone11721-imgNav\"]"}
RESULT: {"using":"xpath","value":"//*[@id=\"__item5215-__clone11721-imgNav\"]"}
COMMAND: POST /session/700a0ab92761895b5ec9a5372f8d46fb/elements - {"using":"xpath","value":"//*[@id=\"__item5215-__clone11721-imgNav\"]"}
RESULT: {"using":"xpath","value":"//*[@id=\"__item5215-__clone11721-imgNav\"]"}
COMMAND: POST /session/700a0ab92761895b5ec9a5372f8d46fb/elements - {"using":"xpath","value":"//*[@id=\"__item5215-__clone11721-imgNav\"]"}
RESULT: {"using":"xpath","value":"//*[@id=\"__item5215-__clone11721-imgNav\"]"}
COMMAND: POST /session/700a0ab92761895b5ec9a5372f8d46fb/elements - {"using":"xpath","value":"//*[@id=\"__item5215-__clone11721-imgNav\"]"}
RESULT: {"using":"xpath","value":"//*[@id=\"__item5215-__clone11721-imgNav\"]"}
COMMAND: POST /session/700a0ab92761895b5ec9a5372f8d46fb/elements - {"using":"xpath","value":"//*[@id=\"__item5215-__clone11721-imgNav\"]"}
RESULT: {"using":"xpath","value":"//*[@id=\"__item5215-__clone11721-imgNav\"]"}
COMMAND: POST /session/700a0ab92761895b5ec9a5372f8d46fb/elements - {"using":"xpath","value":"//*[@id=\"__item5215-__clone11721-imgNav\"]"}
RESULT: {"using":"xpath","value":"//*[@id=\"__item5215-__clone11721-imgNav\"]"}
COMMAND: POST /session/700a0ab92761895b5ec9a5372f8d46fb/elements - {"using":"xpath","value":"//*[@id=\"__item5215-__clone11721-imgNav\"]"}
RESULT: {"using":"xpath","value":"//*[@id=\"__item5215-__clone11721-imgNav\"]"}
COMMAND: POST /session/700a0ab92761895b5ec9a5372f8d46fb/elements - {"using":"xpath","value":"//*[@id=\"__item5215-__clone11721-imgNav\"]"}
RESULT: {"using":"xpath","value":"//*[@id=\"__item5215-__clone11721-imgNav\"]"}
COMMAND: POST /session/700a0ab92761895b5ec9a5372f8d46fb/elements - {"using":"xpath","value":"//*[@id=\"__item5215-__clone11721-imgNav\"]"}
RESULT: {"using":"xpath","value":"//*[@id=\"__item5215-__clone11721-imgNav\"]"}
COMMAND: POST /session/700a0ab92761895b5ec9a5372f8d46fb/elements - {"using":"xpath","value":"//*[@id=\"__item5215-__clone11721-imgNav\"]"}
RESULT: {"using":"xpath","value":"//*[@id=\"__item5215-__clone11721-imgNav\"]"}
COMMAND: POST /session/700a0ab92761895b5ec9a5372f8d46fb/elements - {"using":"xpath","value":"//*[@id=\"__item5215-__clone11721-imgNav\"]"}
RESULT: {"using":"xpath","value":"//*[@id=\"__item5215-__clone11721-imgNav\"]"}
COMMAND: POST /session/700a0ab92761895b5ec9a5372f8d46fb/elements - {"using":"xpath","value":"//*[@id=\"__item5215-__clone11721-imgNav\"]"}
RESULT: {"using":"xpath","value":"//*[@id=\"__item5215-__clone11721-imgNav\"]"}
COMMAND: POST /session/700a0ab92761895b5ec9a5372f8d46fb/elements - {"using":"xpath","value":"//*[@id=\"__item5215-__clone11721-imgNav\"]"}
RESULT: {"using":"xpath","value":"//*[@id=\"__item5215-__clone11721-imgNav\"]"}
COMMAND: POST /session/700a0ab92761895b5ec9a5372f8d46fb/elements - {"using":"xpath","value":"//*[@id=\"__item5215-__clone11721-imgNav\"]"}
RESULT: {"using":"xpath","value":"//*[@id=\"__item5215-__clone11721-imgNav\"]"}
COMMAND: POST /session/700a0ab92761895b5ec9a5372f8d46fb/elements - {"using":"xpath","value":"//*[@id=\"__item5215-__clone11721-imgNav\"]"}
RESULT: {"using":"xpath","value":"//*[@id=\"__item5215-__clone11721-imgNav\"]"}
COMMAND: POST /session/700a0ab92761895b5ec9a5372f8d46fb/elements - {"using":"xpath","value":"//*[@id=\"__item5215-__clone11721-imgNav\"]"}
RESULT: {"using":"xpath","value":"//*[@id=\"__item5215-__clone11721-imgNav\"]"}
COMMAND: POST /session/700a0ab92761895b5ec9a5372f8d46fb/elements - {"using":"xpath","value":"//*[@id=\"__item5215-__clone11721-imgNav\"]"}
RESULT: {"using":"xpath","value":"//*[@id=\"__item5215-__clone11721-imgNav\"]"}
COMMAND: POST /session/700a0ab92761895b5ec9a5372f8d46fb/elements - {"using":"xpath","value":"//*[@id=\"__item5215-__clone11721-imgNav\"]"}
RESULT: {"using":"xpath","value":"//*[@id=\"__item5215-__clone11721-imgNav\"]"}
COMMAND: POST /session/700a0ab92761895b5ec9a5372f8d46fb/elements - {"using":"xpath","value":"//*[@id=\"__item5215-__clone11721-imgNav\"]"}
RESULT: {"using":"xpath","value":"//*[@id=\"__item5215-__clone11721-imgNav\"]"}
COMMAND: POST /session/700a0ab92761895b5ec9a5372f8d46fb/elements - {"using":"xpath","value":"//*[@id=\"__item5215-__clone11721-imgNav\"]"}
RESULT: {"using":"xpath","value":"//*[@id=\"__item5215-__clone11721-imgNav\"]"}
COMMAND: POST /session/700a0ab92761895b5ec9a5372f8d46fb/elements - {"using":"xpath","value":"//*[@id=\"__item5215-__clone11721-imgNav\"]"}
RESULT: {"using":"xpath","value":"//*[@id=\"__item5215-__clone11721-imgNav\"]"}
COMMAND: POST /session/700a0ab92761895b5ec9a5372f8d46fb/elements - {"using":"xpath","value":"//*[@id=\"__item5215-__clone11721-imgNav\"]"}
RESULT: {"using":"xpath","value":"//*[@id=\"__item5215-__clone11721-imgNav\"]"}
COMMAND: POST /session/700a0ab92761895b5ec9a5372f8d46fb/elements - {"using":"xpath","value":"//*[@id=\"__item5215-__clone11721-imgNav\"]"}
RESULT: {"using":"xpath","value":"//*[@id=\"__item5215-__clone11721-imgNav\"]"}
COMMAND: POST /session/700a0ab92761895b5ec9a5372f8d46fb/elements - {"using":"xpath","value":"//*[@id=\"__item5215-__clone11721-imgNav\"]"}
RESULT: {"using":"xpath","value":"//*[@id=\"__item5215-__clone11721-imgNav\"]"}
COMMAND: POST /session/700a0ab92761895b5ec9a5372f8d46fb/elements - {"using":"xpath","value":"//*[@id=\"__item5215-__clone11721-imgNav\"]"}
RESULT: {"using":"xpath","value":"//*[@id=\"__item5215-__clone11721-imgNav\"]"}
COMMAND: POST /session/700a0ab92761895b5ec9a5372f8d46fb/elements - {"using":"xpath","value":"//*[@id=\"__item5215-__clone11721-imgNav\"]"}
RESULT: {"using":"xpath","value":"//*[@id=\"__item5215-__clone11721-imgNav\"]"}
COMMAND: POST /session/700a0ab92761895b5ec9a5372f8d46fb/elements - {"using":"xpath","value":"//*[@id=\"__item5215-__clone11721-imgNav\"]"}
RESULT: {"using":"xpath","value":"//*[@id=\"__item5215-__clone11721-imgNav\"]"}
COMMAND: POST /session/700a0ab92761895b5ec9a5372f8d46fb/elements - {"using":"xpath","value":"//*[@id=\"__item5215-__clone11721-imgNav\"]"}
RESULT: {"using":"xpath","value":"//*[@id=\"__item5215-__clone11721-imgNav\"]"}
COMMAND: POST /session/700a0ab92761895b5ec9a5372f8d46fb/elements - {"using":"xpath","value":"//*[@id=\"__item5215-__clone11721-imgNav\"]"}
RESULT: {"using":"xpath","value":"//*[@id=\"__item5215-__clone11721-imgNav\"]"}
COMMAND: POST /session/700a0ab92761895b5ec9a5372f8d46fb/elements - {"using":"xpath","value":"//*[@id=\"__item5215-__clone11721-imgNav\"]"}
RESULT: {"using":"xpath","value":"//*[@id=\"__item5215-__clone11721-imgNav\"]"}
COMMAND: POST /session/700a0ab92761895b5ec9a5372f8d46fb/elements - {"using":"xpath","value":"//*[@id=\"__item5215-__clone11721-imgNav\"]"}
RESULT: {"using":"xpath","value":"//*[@id=\"__item5215-__clone11721-imgNav\"]"}
COMMAND: POST /session/700a0ab92761895b5ec9a5372f8d46fb/elements - {"using":"xpath","value":"//*[@id=\"__item5215-__clone11721-imgNav\"]"}
RESULT: {"using":"xpath","value":"//*[@id=\"__item5215-__clone11721-imgNav\"]"}
COMMAND: POST /session/700a0ab92761895b5ec9a5372f8d46fb/elements - {"using":"xpath","value":"//*[@id=\"__item5215-__clone11721-imgNav\"]"}
RESULT: {"using":"xpath","value":"//*[@id=\"__item5215-__clone11721-imgNav\"]"}
COMMAND: POST /session/700a0ab92761895b5ec9a5372f8d46fb/elements - {"using":"xpath","value":"//*[@id=\"__item5215-__clone11721-imgNav\"]"}
RESULT: {"using":"xpath","value":"//*[@id=\"__item5215-__clone11721-imgNav\"]"}
COMMAND: POST /session/700a0ab92761895b5ec9a5372f8d46fb/elements - {"using":"xpath","value":"//*[@id=\"__item5215-__clone11721-imgNav\"]"}
RESULT: {"using":"xpath","value":"//*[@id=\"__item5215-__clone11721-imgNav\"]"}
COMMAND: POST /session/700a0ab92761895b5ec9a5372f8d46fb/elements - {"using":"xpath","value":"//*[@id=\"__item5215-__clone11721-imgNav\"]"}
RESULT: {"using":"xpath","value":"//*[@id=\"__item5215-__clone11721-imgNav\"]"}
COMMAND: POST /session/700a0ab92761895b5ec9a5372f8d46fb/elements - {"using":"xpath","value":"//*[@id=\"__item5215-__clone11721-imgNav\"]"}
RESULT: {"using":"xpath","value":"//*[@id=\"__item5215-__clone11721-imgNav\"]"}
COMMAND: POST /session/700a0ab92761895b5ec9a5372f8d46fb/elements - {"using":"xpath","value":"//*[@id=\"__item5215-__clone11721-imgNav\"]"}
RESULT: {"using":"xpath","value":"//*[@id=\"__item5215-__clone11721-imgNav\"]"}
COMMAND: POST /session/700a0ab92761895b5ec9a5372f8d46fb/elements - {"using":"xpath","value":"//*[@id=\"__item5215-__clone11721-imgNav\"]"}
RESULT: {"using":"xpath","value":"//*[@id=\"__item5215-__clone11721-imgNav\"]"}
COMMAND: POST /session/700a0ab92761895b5ec9a5372f8d46fb/elements - {"using":"xpath","value":"//*[@id=\"__item5215-__clone11721-imgNav\"]"}
RESULT: {"using":"xpath","value":"//*[@id=\"__item5215-__clone11721-imgNav\"]"}
COMMAND: POST /session/700a0ab92761895b5ec9a5372f8d46fb/elements - {"using":"xpath","value":"//*[@id=\"__item5215-__clone11721-imgNav\"]"}
RESULT: {"using":"xpath","value":"//*[@id=\"__item5215-__clone11721-imgNav\"]"}
COMMAND: POST /session/700a0ab92761895b5ec9a5372f8d46fb/elements - {"using":"xpath","value":"//*[@id=\"__item5215-__clone11721-imgNav\"]"}
RESULT: {"using":"xpath","value":"//*[@id=\"__item5215-__clone11721-imgNav\"]"}
COMMAND: POST /session/700a0ab92761895b5ec9a5372f8d46fb/elements - {"using":"xpath","value":"//*[@id=\"__item5215-__clone11721-imgNav\"]"}
RESULT: {"using":"xpath","value":"//*[@id=\"__item5215-__clone11721-imgNav\"]"}
COMMAND: POST /session/700a0ab92761895b5ec9a5372f8d46fb/elements - {"using":"xpath","value":"//*[@id=\"__item5215-__clone11721-imgNav\"]"}
RESULT: {"using":"xpath","value":"//*[@id=\"__item5215-__clone11721-imgNav\"]"}
COMMAND: POST /session/700a0ab92761895b5ec9a5372f8d46fb/elements - {"using":"xpath","value":"//*[@id=\"__item5215-__clone11721-imgNav\"]"}
RESULT: {"using":"xpath","value":"//*[@id=\"__item5215-__clone11721-imgNav\"]"}
COMMAND: POST /session/700a0ab92761895b5ec9a5372f8d46fb/elements - {"using":"xpath","value":"//*[@id=\"__item5215-__clone11721-imgNav\"]"}
RESULT: {"using":"xpath","value":"//*[@id=\"__item5215-__clone11721-imgNav\"]"}
COMMAND: POST /session/700a0ab92761895b5ec9a5372f8d46fb/elements - {"using":"xpath","value":"//*[@id=\"__item5215-__clone11721-imgNav\"]"}
RESULT: {"using":"xpath","value":"//*[@id=\"__item5215-__clone11721-imgNav\"]"}
COMMAND: POST /session/700a0ab92761895b5ec9a5372f8d46fb/elements - {"using":"xpath","value":"//*[@id=\"__item5215-__clone11721-imgNav\"]"}
RESULT: {"using":"xpath","value":"//*[@id=\"__item5215-__clone11721-imgNav\"]"}
COMMAND: POST /session/700a0ab92761895b5ec9a5372f8d46fb/elements - {"using":"xpath","value":"//*[@id=\"__item5215-__clone11721-imgNav\"]"}
RESULT: {"using":"xpath","value":"//*[@id=\"__item5215-__clone11721-imgNav\"]"}
COMMAND: POST /session/700a0ab92761895b5ec9a5372f8d46fb/elements - {"using":"xpath","value":"//*[@id=\"__item5215-__clone11721-imgNav\"]"}
RESULT: {"using":"xpath","value":"//*[@id=\"__item5215-__clone11721-imgNav\"]"}
COMMAND: POST /session/700a0ab92761895b5ec9a5372f8d46fb/elements - {"using":"xpath","value":"//*[@id=\"__item5215-__clone11721-imgNav\"]"}
RESULT: {"using":"xpath","value":"//*[@id=\"__item5215-__clone11721-imgNav\"]"}
COMMAND: POST /session/700a0ab92761895b5ec9a5372f8d46fb/elements - {"using":"xpath","value":"//*[@id=\"__item5215-__clone11721-imgNav\"]"}
RESULT: {"using":"xpath","value":"//*[@id=\"__item5215-__clone11721-imgNav\"]"}
COMMAND: POST /session/700a0ab92761895b5ec9a5372f8d46fb/elements - {"using":"xpath","value":"//*[@id=\"__item5215-__clone11721-imgNav\"]"}
RESULT: {"using":"xpath","value":"//*[@id=\"__item5215-__clone11721-imgNav\"]"}
COMMAND: POST /session/700a0ab92761895b5ec9a5372f8d46fb/elements - {"using":"xpath","value":"//*[@id=\"__item5215-__clone11721-imgNav\"]"}
RESULT: {"using":"xpath","value":"//*[@id=\"__item5215-__clone11721-imgNav\"]"}
COMMAND: POST /session/700a0ab92761895b5ec9a5372f8d46fb/elements - {"using":"xpath","value":"//*[@id=\"__item5215-__clone11721-imgNav\"]"}
RESULT: {"using":"xpath","value":"//*[@id=\"__item5215-__clone11721-imgNav\"]"}
COMMAND: POST /session/700a0ab92761895b5ec9a5372f8d46fb/elements - {"using":"xpath","value":"//*[@id=\"__item5215-__clone11721-imgNav\"]"}
RESULT: {"using":"xpath","value":"//*[@id=\"__item5215-__clone11721-imgNav\"]"}
COMMAND: POST /session/700a0ab92761895b5ec9a5372f8d46fb/elements - {"using":"xpath","value":"//*[@id=\"__item5215-__clone11721-imgNav\"]"}
RESULT: {"using":"xpath","value":"//*[@id=\"__item5215-__clone11721-imgNav\"]"}
COMMAND: POST /session/700a0ab92761895b5ec9a5372f8d46fb/elements - {"using":"xpath","value":"//*[@id=\"__item5215-__clone11721-imgNav\"]"}
RESULT: {"using":"xpath","value":"//*[@id=\"__item5215-__clone11721-imgNav\"]"}
COMMAND: POST /session/700a0ab92761895b5ec9a5372f8d46fb/elements - {"using":"xpath","value":"//*[@id=\"__item5215-__clone11721-imgNav\"]"}
RESULT: {"using":"xpath","value":"//*[@id=\"__item5215-__clone11721-imgNav\"]"}
COMMAND: POST /session/700a0ab92761895b5ec9a5372f8d46fb/elements - {"using":"xpath","value":"//*[@id=\"__item5215-__clone11721-imgNav\"]"}
RESULT: {"using":"xpath","value":"//*[@id=\"__item5215-__clone11721-imgNav\"]"}
COMMAND: POST /session/700a0ab92761895b5ec9a5372f8d46fb/elements - {"using":"xpath","value":"//*[@id=\"__item5215-__clone11721-imgNav\"]"}
RESULT: {"using":"xpath","value":"//*[@id=\"__item5215-__clone11721-imgNav\"]"}
COMMAND: POST /session/700a0ab92761895b5ec9a5372f8d46fb/elements - {"using":"xpath","value":"//*[@id=\"__item5215-__clone11721-imgNav\"]"}
RESULT: {"using":"xpath","value":"//*[@id=\"__item5215-__clone11721-imgNav\"]"}
COMMAND: POST /session/700a0ab92761895b5ec9a5372f8d46fb/elements - {"using":"xpath","value":"//*[@id=\"__item5215-__clone11721-imgNav\"]"}
RESULT: {"using":"xpath","value":"//*[@id=\"__item5215-__clone11721-imgNav\"]"}
COMMAND: POST /session/700a0ab92761895b5ec9a5372f8d46fb/elements - {"using":"xpath","value":"//*[@id=\"__item5215-__clone11721-imgNav\"]"}
RESULT: {"using":"xpath","value":"//*[@id=\"__item5215-__clone11721-imgNav\"]"}
COMMAND: POST /session/700a0ab92761895b5ec9a5372f8d46fb/elements - {"using":"xpath","value":"//*[@id=\"__item5215-__clone11721-imgNav\"]"}
RESULT: {"using":"xpath","value":"//*[@id=\"__item5215-__clone11721-imgNav\"]"}
COMMAND: POST /session/700a0ab92761895b5ec9a5372f8d46fb/elements - {"using":"xpath","value":"//*[@id=\"__item5215-__clone11721-imgNav\"]"}
RESULT: {"using":"xpath","value":"//*[@id=\"__item5215-__clone11721-imgNav\"]"}
COMMAND: POST /session/700a0ab92761895b5ec9a5372f8d46fb/elements - {"using":"xpath","value":"//*[@id=\"__item5215-__clone11721-imgNav\"]"}
RESULT: {"using":"xpath","value":"//*[@id=\"__item5215-__clone11721-imgNav\"]"}
COMMAND: POST /session/700a0ab92761895b5ec9a5372f8d46fb/elements - {"using":"xpath","value":"//*[@id=\"__item5215-__clone11721-imgNav\"]"}
RESULT: {"using":"xpath","value":"//*[@id=\"__item5215-__clone11721-imgNav\"]"}
COMMAND: POST /session/700a0ab92761895b5ec9a5372f8d46fb/elements - {"using":"xpath","value":"//*[@id=\"__item5215-__clone11721-imgNav\"]"}
RESULT: {"using":"xpath","value":"//*[@id=\"__item5215-__clone11721-imgNav\"]"}
COMMAND: POST /session/700a0ab92761895b5ec9a5372f8d46fb/elements - {"using":"xpath","value":"//*[@id=\"__item5215-__clone11721-imgNav\"]"}
RESULT: {"using":"xpath","value":"//*[@id=\"__item5215-__clone11721-imgNav\"]"}
COMMAND: POST /session/700a0ab92761895b5ec9a5372f8d46fb/elements - {"using":"xpath","value":"//*[@id=\"__item5215-__clone11721-imgNav\"]"}
RESULT: {"using":"xpath","value":"//*[@id=\"__item5215-__clone11721-imgNav\"]"}
COMMAND: POST /session/700a0ab92761895b5ec9a5372f8d46fb/elements - {"using":"xpath","value":"//*[@id=\"__item5215-__clone11721-imgNav\"]"}
RESULT: {"using":"xpath","value":"//*[@id=\"__item5215-__clone11721-imgNav\"]"}
COMMAND: POST /session/700a0ab92761895b5ec9a5372f8d46fb/elements - {"using":"xpath","value":"//*[@id=\"__item5215-__clone11721-imgNav\"]"}
RESULT: {"using":"xpath","value":"//*[@id=\"__item5215-__clone11721-imgNav\"]"}
COMMAND: POST /session/700a0ab92761895b5ec9a5372f8d46fb/elements - {"using":"xpath","value":"//*[@id=\"__item5215-__clone11721-imgNav\"]"}
RESULT: {"using":"xpath","value":"//*[@id=\"__item5215-__clone11721-imgNav\"]"}
COMMAND: POST /session/700a0ab92761895b5ec9a5372f8d46fb/elements - {"using":"xpath","value":"//*[@id=\"__item5215-__clone11721-imgNav\"]"}
RESULT: {"using":"xpath","value":"//*[@id=\"__item5215-__clone11721-imgNav\"]"}
COMMAND: POST /session/700a0ab92761895b5ec9a5372f8d46fb/elements - {"using":"xpath","value":"//*[@id=\"__item5215-__clone11721-imgNav\"]"}
RESULT: {"using":"xpath","value":"//*[@id=\"__item5215-__clone11721-imgNav\"]"}
COMMAND: POST /session/700a0ab92761895b5ec9a5372f8d46fb/elements - {"using":"xpath","value":"//*[@id=\"__item5215-__clone11721-imgNav\"]"}
RESULT: {"using":"xpath","value":"//*[@id=\"__item5215-__clone11721-imgNav\"]"}
COMMAND: POST /session/700a0ab92761895b5ec9a5372f8d46fb/elements - {"using":"xpath","value":"//*[@id=\"__item5215-__clone11721-imgNav\"]"}
RESULT: {"using":"xpath","value":"//*[@id=\"__item5215-__clone11721-imgNav\"]"}
COMMAND: POST /session/700a0ab92761895b5ec9a5372f8d46fb/elements - {"using":"xpath","value":"//*[@id=\"__item5215-__clone11721-imgNav\"]"}
RESULT: {"using":"xpath","value":"//*[@id=\"__item5215-__clone11721-imgNav\"]"}
COMMAND: POST /session/700a0ab92761895b5ec9a5372f8d46fb/elements - {"using":"xpath","value":"//*[@id=\"__item5215-__clone11721-imgNav\"]"}
RESULT: {"using":"xpath","value":"//*[@id=\"__item5215-__clone11721-imgNav\"]"}
RESULT: undefined
RESULT: undefined
COMMAND: POST /session/700a0ab92761895b5ec9a5372f8d46fb/execute/async - {"script":"<script> [1562 bytes]","args":[{"selector":{"controlType":"sap.m.ToggleButton","viewName":"etm.portal.ui.managehandovers.view.DetailExecuteHO","i18NText":{"propertyName":"text","key":"refuse"},"interaction":{"idSuffix":"BDI-content"}},"wdio_ui5_key":"etmportal.ui.managehandovers.view.DetailExecuteHOsap.m.ToggleButton{\"propertyName\":\"text\",\"key\":\"refuse\"}"}]}
RESULT: {"script":"<script> [1562 bytes]","args":[{"selector":{"controlType":"sap.m.ToggleButton","viewName":"etm.portal.ui.managehandovers.view.DetailExecuteHO","i18NText":{"propertyName":"text","key":"refuse"},"interaction":{"idSuffix":"BDI-content"}},"wdio_ui5_key":"etmportal.ui.managehandovers.view.DetailExecuteHOsap.m.ToggleButton{\"propertyName\":\"text\",\"key\":\"refuse\"}"}]}
RESULT: undefined
COMMAND: POST /session/700a0ab92761895b5ec9a5372f8d46fb/execute/async - {"script":"<script> [1562 bytes]","args":[{"selector":{"id":"confirmationButton","viewName":"etm.portal.ui.managehandovers.view.DetailExecuteHO","interaction":{"idSuffix":"BDI-content"},"properties":{"text":"Receive / Refuse"}},"wdio_ui5_key":"confirmationButtonetmportal.ui.managehandovers.view.DetailExecuteHO{\"text\":\"Receive / Refuse\"}"}]}
RESULT: {"script":"<script> [1562 bytes]","args":[{"selector":{"id":"confirmationButton","viewName":"etm.portal.ui.managehandovers.view.DetailExecuteHO","interaction":{"idSuffix":"BDI-content"},"properties":{"text":"Receive / Refuse"}},"wdio_ui5_key":"confirmationButtonetmportal.ui.managehandovers.view.DetailExecuteHO{\"text\":\"Receive / Refuse\"}"}]}
RESULT: undefined
COMMAND: POST /session/700a0ab92761895b5ec9a5372f8d46fb/element - {"using":"css selector","value":"#j_username"}
COMMAND: POST /session/700a0ab92761895b5ec9a5372f8d46fb/url - {"url":"https://qa-testing-00-live-etm-ui.cfapps.eu10-004.hana.ondemand.com/"}
RESULT: {"using":"css selector","value":"#j_username"}
COMMAND: POST /session/700a0ab92761895b5ec9a5372f8d46fb/element - {"using":"css selector","value":"#j_username"}
RESULT: {"url":"https://qa-testing-00-live-etm-ui.cfapps.eu10-004.hana.ondemand.com/"}
RESULT: undefined
COMMAND: GET /session/700a0ab92761895b5ec9a5372f8d46fb/screenshot - {}
RESULT: {"using":"css selector","value":"#j_username"}
COMMAND: POST /session/700a0ab92761895b5ec9a5372f8d46fb/element - {"using":"css selector","value":"#shell-header-logo"}
RESULT: {}
RESULT: {"using":"css selector","value":"#shell-header-logo"}
COMMAND: POST /session/700a0ab92761895b5ec9a5372f8d46fb/execute/sync - {"script":"<script> [8489 bytes]","args":[{"element-6066-11e4-a52e-4f735466cecf":"f.647512A71DDA687F9F591F39CAC5A62D.d.772E76BBEBFB0A790CA656EC4B7F63A2.e.18651","ELEMENT":"f.647512A71DDA687F9F591F39CAC5A62D.d.772E76BBEBFB0A790CA656EC4B7F63A2.e.18651"}]}
RESULT: {"script":"<script> [8489 bytes]","args":[{"element-6066-11e4-a52e-4f735466cecf":"f.647512A71DDA687F9F591F39CAC5A62D.d.772E76BBEBFB0A790CA656EC4B7F63A2.e.18651","ELEMENT":"f.647512A71DDA687F9F591F39CAC5A62D.d.772E76BBEBFB0A790CA656EC4B7F63A2.e.18651"}]}
COMMAND: POST /session/700a0ab92761895b5ec9a5372f8d46fb/element - {"using":"css selector","value":"#shell-header-logo"}
COMMAND: GET /session/700a0ab92761895b5ec9a5372f8d46fb/screenshot - {}
RESULT: {"using":"css selector","value":"#shell-header-logo"}
COMMAND: POST /session/700a0ab92761895b5ec9a5372f8d46fb/execute/sync - {"script":"<script> [8489 bytes]","args":[{"element-6066-11e4-a52e-4f735466cecf":"f.647512A71DDA687F9F591F39CAC5A62D.d.772E76BBEBFB0A790CA656EC4B7F63A2.e.18651","ELEMENT":"f.647512A71DDA687F9F591F39CAC5A62D.d.772E76BBEBFB0A790CA656EC4B7F63A2.e.18651"}]}
RESULT: {}
RESULT: {"script":"<script> [8489 bytes]","args":[{"element-6066-11e4-a52e-4f735466cecf":"f.647512A71DDA687F9F591F39CAC5A62D.d.772E76BBEBFB0A790CA656EC4B7F63A2.e.18651","ELEMENT":"f.647512A71DDA687F9F591F39CAC5A62D.d.772E76BBEBFB0A790CA656EC4B7F63A2.e.18651"}]}
COMMAND: POST /session/700a0ab92761895b5ec9a5372f8d46fb/execute/sync - {"script":"<script> [5351 bytes]","args":[{"element-6066-11e4-a52e-4f735466cecf":"f.647512A71DDA687F9F591F39CAC5A62D.d.772E76BBEBFB0A790CA656EC4B7F63A2.e.18651","ELEMENT":"f.647512A71DDA687F9F591F39CAC5A62D.d.772E76BBEBFB0A790CA656EC4B7F63A2.e.18651"}]}
COMMAND: GET /session/700a0ab92761895b5ec9a5372f8d46fb/screenshot - {}
RESULT: {"script":"<script> [5351 bytes]","args":[{"element-6066-11e4-a52e-4f735466cecf":"f.647512A71DDA687F9F591F39CAC5A62D.d.772E76BBEBFB0A790CA656EC4B7F63A2.e.18651","ELEMENT":"f.647512A71DDA687F9F591F39CAC5A62D.d.772E76BBEBFB0A790CA656EC4B7F63A2.e.18651"}]}
COMMAND: POST /session/700a0ab92761895b5ec9a5372f8d46fb/element - {"using":"css selector","value":"#shell-header-logo"}
COMMAND: GET /session/700a0ab92761895b5ec9a5372f8d46fb/screenshot - {}
RESULT: {}
RESULT: {"using":"css selector","value":"#shell-header-logo"}
COMMAND: POST /session/700a0ab92761895b5ec9a5372f8d46fb/element/f.647512A71DDA687F9F591F39CAC5A62D.d.772E76BBEBFB0A790CA656EC4B7F63A2.e.18651/click - {}
RESULT: {}
RESULT: {}
COMMAND: GET /session/700a0ab92761895b5ec9a5372f8d46fb/screenshot - {}
RESULT: {}
COMMAND: POST /session/700a0ab92761895b5ec9a5372f8d46fb/execute/async - {"script":"<script> [189 bytes]","args":[]}
RESULT: {"script":"<script> [189 bytes]","args":[]}
COMMAND: POST /session/700a0ab92761895b5ec9a5372f8d46fb/execute/async - {"script":"<script> [123 bytes]","args":[]}
RESULT: {"script":"<script> [123 bytes]","args":[]}
COMMAND: POST /session/700a0ab92761895b5ec9a5372f8d46fb/timeouts - {"script":"<number>"}
RESULT: {"script":"<number>"}
COMMAND: GET /session/700a0ab92761895b5ec9a5372f8d46fb/timeouts - {}
RESULT: {}
RESULT: undefined
COMMAND: POST /session/700a0ab92761895b5ec9a5372f8d46fb/execute/async - {"script":"<script> [2676 bytes]","args":[]}
RESULT: {"script":"<script> [2676 bytes]","args":[]}
COMMAND: POST /session/700a0ab92761895b5ec9a5372f8d46fb/execute/async - {"script":"<script> [2342 bytes]","args":[{"protocol":"http","hostname":"0.0.0.0","path":"/","capabilities":{"browserName":"chrome","goog:chromeOptions":{"binary":"C:\\Program Files\\Google\\Chrome\\Application\\chrome.exe","args":["--start-maximized"]}},"logLevel":"warn","connectionRetryTimeout":120000,"connectionRetryCount":3,"logLevels":{},"enableDirectConnect":true,"strictSSL":true,"_":"65 more keys: [\"cacheDir\",\"port\",\"requestedCapabilities\",\"automationProtocol\",\"baseUrl\",\"waitforInterval\",\"waitforTimeout\",\"onReload\",\"beforeCommand\",\"afterCommand\",\"rootDir\",\"specs\",\"suites\",\"exclude\",\"groupLogsByTestSpec\",\"excludeDriverLogs\",\"bail\",\"framework\",\"reporters\",\"services\",\"maxInstances\",\"maxInstancesPerCapability\",\"injectGlobals\",\"filesToWatch\",\"execArgv\",\"runnerEnv\",\"runner\",\"shard\",\"specFileRetries\",\"specFileRetriesDelay\",\"specFileRetriesDeferred\",\"reporterSyncInterval\",\"reporterSyncTimeout\",\"cucumberFeaturesWithLineNumbers\",\"autoCompileOpts\",\"mochaOpts\",\"jasmineOpts\",\"cucumberOpts\",\"onPrepare\",\"onWorkerStart\",\"onWorkerEnd\",\"before\",\"beforeSession\",\"beforeSuite\",\"beforeHook\",\"beforeTest\",\"afterTest\",\"afterHook\",\"afterSuite\",\"afterSession\",\"after\",\"onComplete\",\"beforeAssertion\",\"afterAssertion\",\"beforeFeature\",\"beforeScenario\",\"beforeStep\",\"afterStep\",\"afterScenario\",\"afterFeature\",\"_\",\"suite\",\"$0\",\"ignoredWorkerServices\",\"wdi5\"]"}]}
RESULT: {"script":"<script> [2342 bytes]","args":[{"protocol":"http","hostname":"0.0.0.0","path":"/","capabilities":{"browserName":"chrome","goog:chromeOptions":{"binary":"C:\\Program Files\\Google\\Chrome\\Application\\chrome.exe","args":["--start-maximized"]}},"logLevel":"warn","connectionRetryTimeout":120000,"connectionRetryCount":3,"logLevels":{},"enableDirectConnect":true,"strictSSL":true,"_":"65 more keys: [\"cacheDir\",\"port\",\"requestedCapabilities\",\"automationProtocol\",\"baseUrl\",\"waitforInterval\",\"waitforTimeout\",\"onReload\",\"beforeCommand\",\"afterCommand\",\"rootDir\",\"specs\",\"suites\",\"exclude\",\"groupLogsByTestSpec\",\"excludeDriverLogs\",\"bail\",\"framework\",\"reporters\",\"services\",\"maxInstances\",\"maxInstancesPerCapability\",\"injectGlobals\",\"filesToWatch\",\"execArgv\",\"runnerEnv\",\"runner\",\"shard\",\"specFileRetries\",\"specFileRetriesDelay\",\"specFileRetriesDeferred\",\"reporterSyncInterval\",\"reporterSyncTimeout\",\"cucumberFeaturesWithLineNumbers\",\"autoCompileOpts\",\"mochaOpts\",\"jasmineOpts\",\"cucumberOpts\",\"onPrepare\",\"onWorkerStart\",\"onWorkerEnd\",\"before\",\"beforeSession\",\"beforeSuite\",\"beforeHook\",\"beforeTest\",\"afterTest\",\"afterHook\",\"afterSuite\",\"afterSession\",\"after\",\"onComplete\",\"beforeAssertion\",\"afterAssertion\",\"beforeFeature\",\"beforeScenario\",\"beforeStep\",\"afterStep\",\"afterScenario\",\"afterFeature\",\"_\",\"suite\",\"$0\",\"ignoredWorkerServices\",\"wdi5\"]"}]}
COMMAND: POST /session/700a0ab92761895b5ec9a5372f8d46fb/execute/async - {"script":"<script> [21126 bytes]","args":[35000]}
RESULT: {"script":"<script> [21126 bytes]","args":[35000]}
COMMAND: POST /session/700a0ab92761895b5ec9a5372f8d46fb/window/maximize - {}
RESULT: {}
COMMAND: POST /session/700a0ab92761895b5ec9a5372f8d46fb/execute/async - {"script":"<script> [1562 bytes]","args":[{"selector":{"id":"shell-header","interaction":{"idSuffix":"icon"}},"wdio_ui5_key":"shellheader"}]}
COMMAND: GET /session/700a0ab92761895b5ec9a5372f8d46fb/screenshot - {}
RESULT: {"script":"<script> [1562 bytes]","args":[{"selector":{"id":"shell-header","interaction":{"idSuffix":"icon"}},"wdio_ui5_key":"shellheader"}]}
RESULT: undefined
]]></system-out>
    </testcase>
  </testsuite>
  <testsuite timestamp="2025-04-24T17:21:24" time="322.161" tests="4" failures="0" errors="0" skipped="0">
    <properties>
      <property name="specId" value="0" />
      <property name="suiteName" value="Provide to Site w/o warehouse management w/o clarification US116612" />
      <property name="capabilities" value="chrome.135_0_7049_96.windows" />
      <property name="file" value="file:///D:/a/1/s/test/specs/HTR/provide-to-site-wo-warehouse-wo-clarification.spec.js" />
    </properties>
    <testcase classname="chrome.135_0_7049_96.windows.Provide_to_Site_w/o_warehouse_management_w/o_clarification_US116612" name="Should create a WHM yard" time="92.607">
      <system-out><![CDATA[
COMMAND: POST /session/700a0ab92761895b5ec9a5372f8d46fb/execute/async - {"script":"<script> [1562 bytes]","args":[{"selector":{"controlType":"sap.m.GenericTile","properties":{"header":"Manage Yards"}},"wdio_ui5_key":"sapm.GenericTile{\"header\":\"Manage Yards\"}"}]}
RESULT: {}
RESULT: {"script":"<script> [1562 bytes]","args":[{"selector":{"controlType":"sap.m.GenericTile","properties":{"header":"Manage Yards"}},"wdio_ui5_key":"sapm.GenericTile{\"header\":\"Manage Yards\"}"}]}
RESULT: undefined
COMMAND: POST /session/700a0ab92761895b5ec9a5372f8d46fb/element - {"using":"xpath","value":"//*[@id=\"__tile41\"]"}
RESULT: {"using":"xpath","value":"//*[@id=\"__tile41\"]"}
COMMAND: POST /session/700a0ab92761895b5ec9a5372f8d46fb/element/f.647512A71DDA687F9F591F39CAC5A62D.d.772E76BBEBFB0A790CA656EC4B7F63A2.e.18664/click - {}
RESULT: {}
COMMAND: POST /session/700a0ab92761895b5ec9a5372f8d46fb/execute/async - {"script":"<script> [1562 bytes]","args":[{"selector":{"controlType":"sap.ui.core.Icon","viewName":"etm.portal.ui.manageyards.view.Master","viewId":"application-manageyards-display-component---masterYard","properties":{"src":{"regex":{"source":"add"}}}},"wdio_ui5_key":"etmportal.ui.manageyards.view.Mastersap.ui.core.Icon{\"src\":{\"regex\":{\"source\":\"add\"}}}"}]}
COMMAND: GET /session/700a0ab92761895b5ec9a5372f8d46fb/screenshot - {}
RESULT: {"script":"<script> [1562 bytes]","args":[{"selector":{"controlType":"sap.ui.core.Icon","viewName":"etm.portal.ui.manageyards.view.Master","viewId":"application-manageyards-display-component---masterYard","properties":{"src":{"regex":{"source":"add"}}}},"wdio_ui5_key":"etmportal.ui.manageyards.view.Mastersap.ui.core.Icon{\"src\":{\"regex\":{\"source\":\"add\"}}}"}]}
RESULT: undefined
COMMAND: POST /session/700a0ab92761895b5ec9a5372f8d46fb/element - {"using":"xpath","value":"//*[@id=\"__button4-img\"]"}
RESULT: {}
RESULT: {"using":"xpath","value":"//*[@id=\"__button4-img\"]"}
COMMAND: POST /session/700a0ab92761895b5ec9a5372f8d46fb/element/f.647512A71DDA687F9F591F39CAC5A62D.d.772E76BBEBFB0A790CA656EC4B7F63A2.e.18709/click - {}
RESULT: {}
COMMAND: POST /session/700a0ab92761895b5ec9a5372f8d46fb/execute/async - {"script":"<script> [1562 bytes]","args":[{"selector":{"id":"application-manageyards-display-component---NewYard--addressDetailDetailsName1","interaction":{"idSuffix":"inner"}},"wdio_ui5_key":"applicationmanageyards-display-component---NewYard--addressDetailDetailsName1"}]}
COMMAND: GET /session/700a0ab92761895b5ec9a5372f8d46fb/screenshot - {}
RESULT: {"script":"<script> [1562 bytes]","args":[{"selector":{"id":"application-manageyards-display-component---NewYard--addressDetailDetailsName1","interaction":{"idSuffix":"inner"}},"wdio_ui5_key":"applicationmanageyards-display-component---NewYard--addressDetailDetailsName1"}]}
RESULT: undefined
COMMAND: POST /session/700a0ab92761895b5ec9a5372f8d46fb/execute/async - {"script":"<script> [776 bytes]","args":[{"enterText":"warehouse managed Yard","selector":{"id":"application-manageyards-display-component---NewYard--addressDetailDetailsName1","interaction":{"idSuffix":"inner"}},"clearTextFirst":true,"interactionType":"ENTER_TEXT"}]}
RESULT: {}
RESULT: {"script":"<script> [776 bytes]","args":[{"enterText":"warehouse managed Yard","selector":{"id":"application-manageyards-display-component---NewYard--addressDetailDetailsName1","interaction":{"idSuffix":"inner"}},"clearTextFirst":true,"interactionType":"ENTER_TEXT"}]}
COMMAND: POST /session/700a0ab92761895b5ec9a5372f8d46fb/execute/async - {"script":"<script> [1562 bytes]","args":[{"selector":{"id":"application-manageyards-display-component---NewYard--addressDetailDetailsLanguage-arrow"},"wdio_ui5_key":"applicationmanageyards-display-component---NewYard--addressDetailDetailsLanguage-arrow"}]}
RESULT: {"script":"<script> [1562 bytes]","args":[{"selector":{"id":"application-manageyards-display-component---NewYard--addressDetailDetailsLanguage-arrow"},"wdio_ui5_key":"applicationmanageyards-display-component---NewYard--addressDetailDetailsLanguage-arrow"}]}
RESULT: undefined
COMMAND: POST /session/700a0ab92761895b5ec9a5372f8d46fb/element - {"using":"xpath","value":"//*[@id=\"application-manageyards-display-component---NewYard--addressDetailDetailsLanguage-arrow\"]"}
RESULT: {"using":"xpath","value":"//*[@id=\"application-manageyards-display-component---NewYard--addressDetailDetailsLanguage-arrow\"]"}
COMMAND: POST /session/700a0ab92761895b5ec9a5372f8d46fb/element/f.647512A71DDA687F9F591F39CAC5A62D.d.772E76BBEBFB0A790CA656EC4B7F63A2.e.19116/click - {}
RESULT: {}
COMMAND: POST /session/700a0ab92761895b5ec9a5372f8d46fb/execute/async - {"script":"<script> [1562 bytes]","args":[{"selector":{"controlType":"sap.m.StandardListItem","viewName":"etm.portal.ui.manageyards.view.New","viewId":"application-manageyards-display-component---NewYard","properties":{"title":"English"},"searchOpenDialogs":true,"interaction":{"idSuffix":"content"}},"wdio_ui5_key":"etmportal.ui.manageyards.view.Newsap.m.StandardListItem{\"title\":\"English\"}"}]}
COMMAND: GET /session/700a0ab92761895b5ec9a5372f8d46fb/screenshot - {}
RESULT: {"script":"<script> [1562 bytes]","args":[{"selector":{"controlType":"sap.m.StandardListItem","viewName":"etm.portal.ui.manageyards.view.New","viewId":"application-manageyards-display-component---NewYard","properties":{"title":"English"},"searchOpenDialogs":true,"interaction":{"idSuffix":"content"}},"wdio_ui5_key":"etmportal.ui.manageyards.view.Newsap.m.StandardListItem{\"title\":\"English\"}"}]}
RESULT: undefined
COMMAND: POST /session/700a0ab92761895b5ec9a5372f8d46fb/element - {"using":"xpath","value":"//*[@id=\"__item101\"]"}
RESULT: {}
RESULT: {"using":"xpath","value":"//*[@id=\"__item101\"]"}
COMMAND: POST /session/700a0ab92761895b5ec9a5372f8d46fb/element/f.647512A71DDA687F9F591F39CAC5A62D.d.772E76BBEBFB0A790CA656EC4B7F63A2.e.19118/click - {}
RESULT: {}
COMMAND: POST /session/700a0ab92761895b5ec9a5372f8d46fb/execute/async - {"script":"<script> [1562 bytes]","args":[{"selector":{"id":"application-manageyards-display-component---NewYard--addressDetailDetailsCity1","interaction":{"idSuffix":"inner"}},"wdio_ui5_key":"applicationmanageyards-display-component---NewYard--addressDetailDetailsCity1"}]}
COMMAND: GET /session/700a0ab92761895b5ec9a5372f8d46fb/screenshot - {}
RESULT: {"script":"<script> [1562 bytes]","args":[{"selector":{"id":"application-manageyards-display-component---NewYard--addressDetailDetailsCity1","interaction":{"idSuffix":"inner"}},"wdio_ui5_key":"applicationmanageyards-display-component---NewYard--addressDetailDetailsCity1"}]}
RESULT: undefined
COMMAND: POST /session/700a0ab92761895b5ec9a5372f8d46fb/execute/async - {"script":"<script> [776 bytes]","args":[{"enterText":"Rosario","selector":{"id":"application-manageyards-display-component---NewYard--addressDetailDetailsCity1","interaction":{"idSuffix":"inner"}},"clearTextFirst":true,"interactionType":"ENTER_TEXT"}]}
RESULT: {}
RESULT: {"script":"<script> [776 bytes]","args":[{"enterText":"Rosario","selector":{"id":"application-manageyards-display-component---NewYard--addressDetailDetailsCity1","interaction":{"idSuffix":"inner"}},"clearTextFirst":true,"interactionType":"ENTER_TEXT"}]}
COMMAND: POST /session/700a0ab92761895b5ec9a5372f8d46fb/execute/async - {"script":"<script> [1562 bytes]","args":[{"selector":{"id":"application-manageyards-display-component---NewYard--addressDetailDetailsCountry-arrow"},"wdio_ui5_key":"applicationmanageyards-display-component---NewYard--addressDetailDetailsCountry-arrow"}]}
RESULT: {"script":"<script> [1562 bytes]","args":[{"selector":{"id":"application-manageyards-display-component---NewYard--addressDetailDetailsCountry-arrow"},"wdio_ui5_key":"applicationmanageyards-display-component---NewYard--addressDetailDetailsCountry-arrow"}]}
RESULT: undefined
COMMAND: POST /session/700a0ab92761895b5ec9a5372f8d46fb/element - {"using":"xpath","value":"//*[@id=\"application-manageyards-display-component---NewYard--addressDetailDetailsCountry-arrow\"]"}
RESULT: {"using":"xpath","value":"//*[@id=\"application-manageyards-display-component---NewYard--addressDetailDetailsCountry-arrow\"]"}
COMMAND: POST /session/700a0ab92761895b5ec9a5372f8d46fb/element/f.647512A71DDA687F9F591F39CAC5A62D.d.772E76BBEBFB0A790CA656EC4B7F63A2.e.19099/click - {}
RESULT: {}
COMMAND: POST /session/700a0ab92761895b5ec9a5372f8d46fb/execute/async - {"script":"<script> [1562 bytes]","args":[{"selector":{"controlType":"sap.m.StandardListItem","viewName":"etm.portal.ui.manageyards.view.New","viewId":"application-manageyards-display-component---NewYard","properties":{"title":"Argentina"},"searchOpenDialogs":true,"interaction":{"idSuffix":"content"}},"wdio_ui5_key":"etmportal.ui.manageyards.view.Newsap.m.StandardListItem{\"title\":\"Argentina\"}"}]}
COMMAND: GET /session/700a0ab92761895b5ec9a5372f8d46fb/screenshot - {}
RESULT: {"script":"<script> [1562 bytes]","args":[{"selector":{"controlType":"sap.m.StandardListItem","viewName":"etm.portal.ui.manageyards.view.New","viewId":"application-manageyards-display-component---NewYard","properties":{"title":"Argentina"},"searchOpenDialogs":true,"interaction":{"idSuffix":"content"}},"wdio_ui5_key":"etmportal.ui.manageyards.view.Newsap.m.StandardListItem{\"title\":\"Argentina\"}"}]}
RESULT: undefined
COMMAND: POST /session/700a0ab92761895b5ec9a5372f8d46fb/element - {"using":"xpath","value":"//*[@id=\"__item144\"]"}
RESULT: {}
RESULT: {"using":"xpath","value":"//*[@id=\"__item144\"]"}
COMMAND: POST /session/700a0ab92761895b5ec9a5372f8d46fb/element/f.647512A71DDA687F9F591F39CAC5A62D.d.772E76BBEBFB0A790CA656EC4B7F63A2.e.19122/click - {}
RESULT: {}
COMMAND: POST /session/700a0ab92761895b5ec9a5372f8d46fb/execute/async - {"script":"<script> [1562 bytes]","args":[{"selector":{"controlType":"sap.m.Button","viewName":"etm.portal.ui.manageyards.view.New","viewId":"application-manageyards-display-component---NewYard","properties":{"text":"Commercial"},"interaction":{"idSuffix":"BDI-content"}},"wdio_ui5_key":"etmportal.ui.manageyards.view.Newsap.m.Button{\"text\":\"Commercial\"}"}]}
COMMAND: GET /session/700a0ab92761895b5ec9a5372f8d46fb/screenshot - {}
RESULT: {"script":"<script> [1562 bytes]","args":[{"selector":{"controlType":"sap.m.Button","viewName":"etm.portal.ui.manageyards.view.New","viewId":"application-manageyards-display-component---NewYard","properties":{"text":"Commercial"},"interaction":{"idSuffix":"BDI-content"}},"wdio_ui5_key":"etmportal.ui.manageyards.view.Newsap.m.Button{\"text\":\"Commercial\"}"}]}
RESULT: undefined
COMMAND: POST /session/700a0ab92761895b5ec9a5372f8d46fb/element - {"using":"xpath","value":"//*[@id=\"application-manageyards-display-component---NewYard--ObjectPageLayout-anchBar-__section5-anchor\"]"}
RESULT: {}
RESULT: {"using":"xpath","value":"//*[@id=\"application-manageyards-display-component---NewYard--ObjectPageLayout-anchBar-__section5-anchor\"]"}
COMMAND: POST /session/700a0ab92761895b5ec9a5372f8d46fb/element/f.647512A71DDA687F9F591F39CAC5A62D.d.772E76BBEBFB0A790CA656EC4B7F63A2.e.19124/click - {}
RESULT: {}
COMMAND: GET /session/700a0ab92761895b5ec9a5372f8d46fb/screenshot - {}
RESULT: {}
COMMAND: POST /session/700a0ab92761895b5ec9a5372f8d46fb/execute/async - {"script":"<script> [1562 bytes]","args":[{"selector":{"id":"application-manageyards-display-component---NewYard--addressEditDetailsCostObjectCstType-arrow"},"wdio_ui5_key":"applicationmanageyards-display-component---NewYard--addressEditDetailsCostObjectCstType-arrow"}]}
RESULT: {"script":"<script> [1562 bytes]","args":[{"selector":{"id":"application-manageyards-display-component---NewYard--addressEditDetailsCostObjectCstType-arrow"},"wdio_ui5_key":"applicationmanageyards-display-component---NewYard--addressEditDetailsCostObjectCstType-arrow"}]}
RESULT: undefined
COMMAND: POST /session/700a0ab92761895b5ec9a5372f8d46fb/element - {"using":"xpath","value":"//*[@id=\"application-manageyards-display-component---NewYard--addressEditDetailsCostObjectCstType-arrow\"]"}
RESULT: {"using":"xpath","value":"//*[@id=\"application-manageyards-display-component---NewYard--addressEditDetailsCostObjectCstType-arrow\"]"}
COMMAND: POST /session/700a0ab92761895b5ec9a5372f8d46fb/element/f.647512A71DDA687F9F591F39CAC5A62D.d.772E76BBEBFB0A790CA656EC4B7F63A2.e.19134/click - {}
RESULT: {}
COMMAND: GET /session/700a0ab92761895b5ec9a5372f8d46fb/screenshot - {}
RESULT: {}
COMMAND: POST /session/700a0ab92761895b5ec9a5372f8d46fb/execute/async - {"script":"<script> [1562 bytes]","args":[{"selector":{"controlType":"sap.m.StandardListItem","viewName":"etm.portal.ui.manageyards.view.New","viewId":"application-manageyards-display-component---NewYard","properties":{"title":"Cost Center"},"searchOpenDialogs":true,"interaction":{"idSuffix":"titleText"}},"wdio_ui5_key":"etmportal.ui.manageyards.view.Newsap.m.StandardListItem{\"title\":\"Cost Center\"}"}]}
RESULT: {"script":"<script> [1562 bytes]","args":[{"selector":{"controlType":"sap.m.StandardListItem","viewName":"etm.portal.ui.manageyards.view.New","viewId":"application-manageyards-display-component---NewYard","properties":{"title":"Cost Center"},"searchOpenDialogs":true,"interaction":{"idSuffix":"titleText"}},"wdio_ui5_key":"etmportal.ui.manageyards.view.Newsap.m.StandardListItem{\"title\":\"Cost Center\"}"}]}
RESULT: undefined
COMMAND: POST /session/700a0ab92761895b5ec9a5372f8d46fb/element - {"using":"xpath","value":"//*[@id=\"__item234\"]"}
RESULT: {"using":"xpath","value":"//*[@id=\"__item234\"]"}
COMMAND: POST /session/700a0ab92761895b5ec9a5372f8d46fb/element/f.647512A71DDA687F9F591F39CAC5A62D.d.772E76BBEBFB0A790CA656EC4B7F63A2.e.19136/click - {}
RESULT: {}
COMMAND: POST /session/700a0ab92761895b5ec9a5372f8d46fb/element - {"using":"xpath","value":"//input[@id=\"application-manageyards-display-component---NewYard--addressNewCostObjectCstID-inner\"]"}
COMMAND: GET /session/700a0ab92761895b5ec9a5372f8d46fb/screenshot - {}
RESULT: {"using":"xpath","value":"//input[@id=\"application-manageyards-display-component---NewYard--addressNewCostObjectCstID-inner\"]"}
COMMAND: POST /session/700a0ab92761895b5ec9a5372f8d46fb/element/f.647512A71DDA687F9F591F39CAC5A62D.d.772E76BBEBFB0A790CA656EC4B7F63A2.e.18940/clear - {}
RESULT: {}
RESULT: {}
COMMAND: POST /session/700a0ab92761895b5ec9a5372f8d46fb/element/f.647512A71DDA687F9F591F39CAC5A62D.d.772E76BBEBFB0A790CA656EC4B7F63A2.e.18940/value - {"text":"10001013"}
COMMAND: GET /session/700a0ab92761895b5ec9a5372f8d46fb/screenshot - {}
COMMAND: POST /session/700a0ab92761895b5ec9a5372f8d46fb/element - {"using":"xpath","value":"//input[@id=\"application-manageyards-display-component---NewYard--addressNewCostObjectCstID-inner\"]"}
RESULT: {}
RESULT: {"using":"xpath","value":"//input[@id=\"application-manageyards-display-component---NewYard--addressNewCostObjectCstID-inner\"]"}
COMMAND: POST /session/700a0ab92761895b5ec9a5372f8d46fb/element/f.647512A71DDA687F9F591F39CAC5A62D.d.772E76BBEBFB0A790CA656EC4B7F63A2.e.18940/value - {"text":"10001013"}
COMMAND: POST /session/700a0ab92761895b5ec9a5372f8d46fb/element - {"using":"xpath","value":"//input[@id=\"application-manageyards-display-component---NewYard--addressNewCostObjectCstID-inner\"]"}
RESULT: {"using":"xpath","value":"//input[@id=\"application-manageyards-display-component---NewYard--addressNewCostObjectCstID-inner\"]"}
COMMAND: POST /session/700a0ab92761895b5ec9a5372f8d46fb/element/f.647512A71DDA687F9F591F39CAC5A62D.d.772E76BBEBFB0A790CA656EC4B7F63A2.e.19139/value - {"text":"10001013"}
RESULT: {"text":"10001013"}
COMMAND: GET /session/700a0ab92761895b5ec9a5372f8d46fb/screenshot - {}
RESULT: {}
COMMAND: POST /session/700a0ab92761895b5ec9a5372f8d46fb/execute/async - {"script":"<script> [1562 bytes]","args":[{"selector":{"controlType":"sap.m.StandardListItem","viewName":"etm.portal.ui.manageyards.view.New","viewId":"application-manageyards-display-component---NewYard","properties":{"type":"Active"},"searchOpenDialogs":true,"interaction":{"idSuffix":"titleText"}},"wdio_ui5_key":"etmportal.ui.manageyards.view.Newsap.m.StandardListItem{\"type\":\"Active\"}"}]}
RESULT: {"script":"<script> [1562 bytes]","args":[{"selector":{"controlType":"sap.m.StandardListItem","viewName":"etm.portal.ui.manageyards.view.New","viewId":"application-manageyards-display-component---NewYard","properties":{"type":"Active"},"searchOpenDialogs":true,"interaction":{"idSuffix":"titleText"}},"wdio_ui5_key":"etmportal.ui.manageyards.view.Newsap.m.StandardListItem{\"type\":\"Active\"}"}]}
RESULT: undefined
COMMAND: POST /session/700a0ab92761895b5ec9a5372f8d46fb/element - {"using":"xpath","value":"//*[@id=\"__item439\"]"}
RESULT: {"using":"xpath","value":"//*[@id=\"__item439\"]"}
COMMAND: POST /session/700a0ab92761895b5ec9a5372f8d46fb/element/f.647512A71DDA687F9F591F39CAC5A62D.d.772E76BBEBFB0A790CA656EC4B7F63A2.e.19143/click - {}
RESULT: {}
COMMAND: POST /session/700a0ab92761895b5ec9a5372f8d46fb/execute/async - {"script":"<script> [1562 bytes]","args":[{"selector":{"id":"application-manageyards-display-component---NewYard--addressEditDetailsCurrency-arrow"},"wdio_ui5_key":"applicationmanageyards-display-component---NewYard--addressEditDetailsCurrency-arrow"}]}
COMMAND: GET /session/700a0ab92761895b5ec9a5372f8d46fb/screenshot - {}
RESULT: {"script":"<script> [1562 bytes]","args":[{"selector":{"id":"application-manageyards-display-component---NewYard--addressEditDetailsCurrency-arrow"},"wdio_ui5_key":"applicationmanageyards-display-component---NewYard--addressEditDetailsCurrency-arrow"}]}
RESULT: undefined
COMMAND: POST /session/700a0ab92761895b5ec9a5372f8d46fb/element - {"using":"xpath","value":"//*[@id=\"application-manageyards-display-component---NewYard--addressEditDetailsCurrency-arrow\"]"}
RESULT: {}
RESULT: {"using":"xpath","value":"//*[@id=\"application-manageyards-display-component---NewYard--addressEditDetailsCurrency-arrow\"]"}
COMMAND: POST /session/700a0ab92761895b5ec9a5372f8d46fb/element/f.647512A71DDA687F9F591F39CAC5A62D.d.772E76BBEBFB0A790CA656EC4B7F63A2.e.19145/click - {}
RESULT: {}
COMMAND: POST /session/700a0ab92761895b5ec9a5372f8d46fb/execute/async - {"script":"<script> [1562 bytes]","args":[{"selector":{"controlType":"sap.m.StandardListItem","viewName":"etm.portal.ui.manageyards.view.New","viewId":"application-manageyards-display-component---NewYard","properties":{"title":"Euro"},"searchOpenDialogs":true,"interaction":{"idSuffix":"content"}},"wdio_ui5_key":"etmportal.ui.manageyards.view.Newsap.m.StandardListItem{\"title\":\"Euro\"}"}]}
COMMAND: GET /session/700a0ab92761895b5ec9a5372f8d46fb/screenshot - {}
RESULT: {"script":"<script> [1562 bytes]","args":[{"selector":{"controlType":"sap.m.StandardListItem","viewName":"etm.portal.ui.manageyards.view.New","viewId":"application-manageyards-display-component---NewYard","properties":{"title":"Euro"},"searchOpenDialogs":true,"interaction":{"idSuffix":"content"}},"wdio_ui5_key":"etmportal.ui.manageyards.view.Newsap.m.StandardListItem{\"title\":\"Euro\"}"}]}
RESULT: undefined
COMMAND: POST /session/700a0ab92761895b5ec9a5372f8d46fb/element - {"using":"xpath","value":"//*[@id=\"__item440\"]"}
RESULT: {}
RESULT: {"using":"xpath","value":"//*[@id=\"__item440\"]"}
COMMAND: POST /session/700a0ab92761895b5ec9a5372f8d46fb/element/f.647512A71DDA687F9F591F39CAC5A62D.d.772E76BBEBFB0A790CA656EC4B7F63A2.e.19147/click - {}
RESULT: {}
COMMAND: POST /session/700a0ab92761895b5ec9a5372f8d46fb/execute/async - {"script":"<script> [1562 bytes]","args":[{"selector":{"controlType":"sap.m.Input","viewName":"etm.portal.ui.manageyards.view.New","viewId":"application-manageyards-display-component---NewYard","bindingPath":{"path":"","propertyPath":"/CONTROLLING_AREA","modelName":"NewYardModel"},"interaction":{"idSuffix":"inner"}},"wdio_ui5_key":"etmportal.ui.manageyards.view.Newsap.m.Input{\"path\":\"\",\"propertyPath\":\"/CONTROLLING_AREA\",\"modelName\":\"NewYardModel\"}"}]}
COMMAND: GET /session/700a0ab92761895b5ec9a5372f8d46fb/screenshot - {}
RESULT: {"script":"<script> [1562 bytes]","args":[{"selector":{"controlType":"sap.m.Input","viewName":"etm.portal.ui.manageyards.view.New","viewId":"application-manageyards-display-component---NewYard","bindingPath":{"path":"","propertyPath":"/CONTROLLING_AREA","modelName":"NewYardModel"},"interaction":{"idSuffix":"inner"}},"wdio_ui5_key":"etmportal.ui.manageyards.view.Newsap.m.Input{\"path\":\"\",\"propertyPath\":\"/CONTROLLING_AREA\",\"modelName\":\"NewYardModel\"}"}]}
RESULT: undefined
COMMAND: POST /session/700a0ab92761895b5ec9a5372f8d46fb/execute/async - {"script":"<script> [776 bytes]","args":[{"enterText":"Z001","selector":{"controlType":"sap.m.Input","viewName":"etm.portal.ui.manageyards.view.New","viewId":"application-manageyards-display-component---NewYard","bindingPath":{"path":"","propertyPath":"/CONTROLLING_AREA","modelName":"NewYardModel"},"interaction":{"idSuffix":"inner"}},"clearTextFirst":true,"interactionType":"ENTER_TEXT"}]}
RESULT: {}
RESULT: {"script":"<script> [776 bytes]","args":[{"enterText":"Z001","selector":{"controlType":"sap.m.Input","viewName":"etm.portal.ui.manageyards.view.New","viewId":"application-manageyards-display-component---NewYard","bindingPath":{"path":"","propertyPath":"/CONTROLLING_AREA","modelName":"NewYardModel"},"interaction":{"idSuffix":"inner"}},"clearTextFirst":true,"interactionType":"ENTER_TEXT"}]}
COMMAND: POST /session/700a0ab92761895b5ec9a5372f8d46fb/execute/async - {"script":"<script> [1562 bytes]","args":[{"selector":{"id":"application-manageyards-display-component---NewYard--companyCodeComboBox","interaction":{"idSuffix":"inner"}},"wdio_ui5_key":"applicationmanageyards-display-component---NewYard--companyCodeComboBox"}]}
RESULT: {"script":"<script> [1562 bytes]","args":[{"selector":{"id":"application-manageyards-display-component---NewYard--companyCodeComboBox","interaction":{"idSuffix":"inner"}},"wdio_ui5_key":"applicationmanageyards-display-component---NewYard--companyCodeComboBox"}]}
RESULT: undefined
COMMAND: POST /session/700a0ab92761895b5ec9a5372f8d46fb/execute/async - {"script":"<script> [776 bytes]","args":[{"enterText":"1000","selector":{"id":"application-manageyards-display-component---NewYard--companyCodeComboBox","interaction":{"idSuffix":"inner"}},"clearTextFirst":true,"interactionType":"ENTER_TEXT"}]}
RESULT: {"script":"<script> [776 bytes]","args":[{"enterText":"1000","selector":{"id":"application-manageyards-display-component---NewYard--companyCodeComboBox","interaction":{"idSuffix":"inner"}},"clearTextFirst":true,"interactionType":"ENTER_TEXT"}]}
COMMAND: POST /session/700a0ab92761895b5ec9a5372f8d46fb/execute/async - {"script":"<script> [1562 bytes]","args":[{"selector":{"controlType":"sap.m.Input","viewName":"etm.portal.ui.manageyards.view.New","viewId":"application-manageyards-display-component---NewYard","bindingPath":{"path":"","propertyPath":"/PLANT","modelName":"NewYardModel"},"interaction":{"idSuffix":"inner"}},"wdio_ui5_key":"etmportal.ui.manageyards.view.Newsap.m.Input{\"path\":\"\",\"propertyPath\":\"/PLANT\",\"modelName\":\"NewYardModel\"}"}]}
RESULT: {"script":"<script> [1562 bytes]","args":[{"selector":{"controlType":"sap.m.Input","viewName":"etm.portal.ui.manageyards.view.New","viewId":"application-manageyards-display-component---NewYard","bindingPath":{"path":"","propertyPath":"/PLANT","modelName":"NewYardModel"},"interaction":{"idSuffix":"inner"}},"wdio_ui5_key":"etmportal.ui.manageyards.view.Newsap.m.Input{\"path\":\"\",\"propertyPath\":\"/PLANT\",\"modelName\":\"NewYardModel\"}"}]}
RESULT: undefined
COMMAND: POST /session/700a0ab92761895b5ec9a5372f8d46fb/execute/async - {"script":"<script> [776 bytes]","args":[{"enterText":"1001","selector":{"controlType":"sap.m.Input","viewName":"etm.portal.ui.manageyards.view.New","viewId":"application-manageyards-display-component---NewYard","bindingPath":{"path":"","propertyPath":"/PLANT","modelName":"NewYardModel"},"interaction":{"idSuffix":"inner"}},"clearTextFirst":true,"interactionType":"ENTER_TEXT"}]}
RESULT: {"script":"<script> [776 bytes]","args":[{"enterText":"1001","selector":{"controlType":"sap.m.Input","viewName":"etm.portal.ui.manageyards.view.New","viewId":"application-manageyards-display-component---NewYard","bindingPath":{"path":"","propertyPath":"/PLANT","modelName":"NewYardModel"},"interaction":{"idSuffix":"inner"}},"clearTextFirst":true,"interactionType":"ENTER_TEXT"}]}
COMMAND: POST /session/700a0ab92761895b5ec9a5372f8d46fb/execute/async - {"script":"<script> [1562 bytes]","args":[{"selector":{"controlType":"sap.m.Input","viewName":"etm.portal.ui.manageyards.view.New","viewId":"application-manageyards-display-component---NewYard","bindingPath":{"path":"","propertyPath":"/SALES_AREA_VKORG","modelName":"NewYardModel"},"interaction":{"idSuffix":"inner"}},"wdio_ui5_key":"etmportal.ui.manageyards.view.Newsap.m.Input{\"path\":\"\",\"propertyPath\":\"/SALES_AREA_VKORG\",\"modelName\":\"NewYardModel\"}"}]}
RESULT: {"script":"<script> [1562 bytes]","args":[{"selector":{"controlType":"sap.m.Input","viewName":"etm.portal.ui.manageyards.view.New","viewId":"application-manageyards-display-component---NewYard","bindingPath":{"path":"","propertyPath":"/SALES_AREA_VKORG","modelName":"NewYardModel"},"interaction":{"idSuffix":"inner"}},"wdio_ui5_key":"etmportal.ui.manageyards.view.Newsap.m.Input{\"path\":\"\",\"propertyPath\":\"/SALES_AREA_VKORG\",\"modelName\":\"NewYardModel\"}"}]}
RESULT: undefined
COMMAND: POST /session/700a0ab92761895b5ec9a5372f8d46fb/execute/async - {"script":"<script> [776 bytes]","args":[{"enterText":"C002","selector":{"controlType":"sap.m.Input","viewName":"etm.portal.ui.manageyards.view.New","viewId":"application-manageyards-display-component---NewYard","bindingPath":{"path":"","propertyPath":"/SALES_AREA_VKORG","modelName":"NewYardModel"},"interaction":{"idSuffix":"inner"}},"clearTextFirst":true,"interactionType":"ENTER_TEXT"}]}
RESULT: {"script":"<script> [776 bytes]","args":[{"enterText":"C002","selector":{"controlType":"sap.m.Input","viewName":"etm.portal.ui.manageyards.view.New","viewId":"application-manageyards-display-component---NewYard","bindingPath":{"path":"","propertyPath":"/SALES_AREA_VKORG","modelName":"NewYardModel"},"interaction":{"idSuffix":"inner"}},"clearTextFirst":true,"interactionType":"ENTER_TEXT"}]}
COMMAND: POST /session/700a0ab92761895b5ec9a5372f8d46fb/execute/async - {"script":"<script> [1562 bytes]","args":[{"selector":{"controlType":"sap.m.Input","viewName":"etm.portal.ui.manageyards.view.New","viewId":"application-manageyards-display-component---NewYard","bindingPath":{"path":"","propertyPath":"/SALES_AREA_VTWEG","modelName":"NewYardModel"},"interaction":{"idSuffix":"inner"}},"wdio_ui5_key":"etmportal.ui.manageyards.view.Newsap.m.Input{\"path\":\"\",\"propertyPath\":\"/SALES_AREA_VTWEG\",\"modelName\":\"NewYardModel\"}"}]}
RESULT: {"script":"<script> [1562 bytes]","args":[{"selector":{"controlType":"sap.m.Input","viewName":"etm.portal.ui.manageyards.view.New","viewId":"application-manageyards-display-component---NewYard","bindingPath":{"path":"","propertyPath":"/SALES_AREA_VTWEG","modelName":"NewYardModel"},"interaction":{"idSuffix":"inner"}},"wdio_ui5_key":"etmportal.ui.manageyards.view.Newsap.m.Input{\"path\":\"\",\"propertyPath\":\"/SALES_AREA_VTWEG\",\"modelName\":\"NewYardModel\"}"}]}
RESULT: undefined
COMMAND: POST /session/700a0ab92761895b5ec9a5372f8d46fb/execute/async - {"script":"<script> [776 bytes]","args":[{"enterText":"C2","selector":{"controlType":"sap.m.Input","viewName":"etm.portal.ui.manageyards.view.New","viewId":"application-manageyards-display-component---NewYard","bindingPath":{"path":"","propertyPath":"/SALES_AREA_VTWEG","modelName":"NewYardModel"},"interaction":{"idSuffix":"inner"}},"clearTextFirst":true,"interactionType":"ENTER_TEXT"}]}
RESULT: {"script":"<script> [776 bytes]","args":[{"enterText":"C2","selector":{"controlType":"sap.m.Input","viewName":"etm.portal.ui.manageyards.view.New","viewId":"application-manageyards-display-component---NewYard","bindingPath":{"path":"","propertyPath":"/SALES_AREA_VTWEG","modelName":"NewYardModel"},"interaction":{"idSuffix":"inner"}},"clearTextFirst":true,"interactionType":"ENTER_TEXT"}]}
COMMAND: POST /session/700a0ab92761895b5ec9a5372f8d46fb/execute/async - {"script":"<script> [1562 bytes]","args":[{"selector":{"controlType":"sap.m.Input","viewName":"etm.portal.ui.manageyards.view.New","viewId":"application-manageyards-display-component---NewYard","bindingPath":{"path":"","propertyPath":"/SALES_AREA_SPART","modelName":"NewYardModel"},"interaction":{"idSuffix":"inner"}},"wdio_ui5_key":"etmportal.ui.manageyards.view.Newsap.m.Input{\"path\":\"\",\"propertyPath\":\"/SALES_AREA_SPART\",\"modelName\":\"NewYardModel\"}"}]}
RESULT: {"script":"<script> [1562 bytes]","args":[{"selector":{"controlType":"sap.m.Input","viewName":"etm.portal.ui.manageyards.view.New","viewId":"application-manageyards-display-component---NewYard","bindingPath":{"path":"","propertyPath":"/SALES_AREA_SPART","modelName":"NewYardModel"},"interaction":{"idSuffix":"inner"}},"wdio_ui5_key":"etmportal.ui.manageyards.view.Newsap.m.Input{\"path\":\"\",\"propertyPath\":\"/SALES_AREA_SPART\",\"modelName\":\"NewYardModel\"}"}]}
RESULT: undefined
COMMAND: POST /session/700a0ab92761895b5ec9a5372f8d46fb/execute/async - {"script":"<script> [776 bytes]","args":[{"enterText":"C2","selector":{"controlType":"sap.m.Input","viewName":"etm.portal.ui.manageyards.view.New","viewId":"application-manageyards-display-component---NewYard","bindingPath":{"path":"","propertyPath":"/SALES_AREA_SPART","modelName":"NewYardModel"},"interaction":{"idSuffix":"inner"}},"clearTextFirst":true,"interactionType":"ENTER_TEXT"}]}
RESULT: {"script":"<script> [776 bytes]","args":[{"enterText":"C2","selector":{"controlType":"sap.m.Input","viewName":"etm.portal.ui.manageyards.view.New","viewId":"application-manageyards-display-component---NewYard","bindingPath":{"path":"","propertyPath":"/SALES_AREA_SPART","modelName":"NewYardModel"},"interaction":{"idSuffix":"inner"}},"clearTextFirst":true,"interactionType":"ENTER_TEXT"}]}
COMMAND: POST /session/700a0ab92761895b5ec9a5372f8d46fb/execute/async - {"script":"<script> [1562 bytes]","args":[{"selector":{"controlType":"sap.m.Input","viewName":"etm.portal.ui.manageyards.view.New","viewId":"application-manageyards-display-component---NewYard","bindingPath":{"path":"","propertyPath":"/SHIP_POINT","modelName":"NewYardModel"},"interaction":{"idSuffix":"inner"}},"wdio_ui5_key":"etmportal.ui.manageyards.view.Newsap.m.Input{\"path\":\"\",\"propertyPath\":\"/SHIP_POINT\",\"modelName\":\"NewYardModel\"}"}]}
RESULT: {"script":"<script> [1562 bytes]","args":[{"selector":{"controlType":"sap.m.Input","viewName":"etm.portal.ui.manageyards.view.New","viewId":"application-manageyards-display-component---NewYard","bindingPath":{"path":"","propertyPath":"/SHIP_POINT","modelName":"NewYardModel"},"interaction":{"idSuffix":"inner"}},"wdio_ui5_key":"etmportal.ui.manageyards.view.Newsap.m.Input{\"path\":\"\",\"propertyPath\":\"/SHIP_POINT\",\"modelName\":\"NewYardModel\"}"}]}
RESULT: undefined
COMMAND: POST /session/700a0ab92761895b5ec9a5372f8d46fb/execute/async - {"script":"<script> [776 bytes]","args":[{"enterText":"1710","selector":{"controlType":"sap.m.Input","viewName":"etm.portal.ui.manageyards.view.New","viewId":"application-manageyards-display-component---NewYard","bindingPath":{"path":"","propertyPath":"/SHIP_POINT","modelName":"NewYardModel"},"interaction":{"idSuffix":"inner"}},"clearTextFirst":true,"interactionType":"ENTER_TEXT"}]}
RESULT: {"script":"<script> [776 bytes]","args":[{"enterText":"1710","selector":{"controlType":"sap.m.Input","viewName":"etm.portal.ui.manageyards.view.New","viewId":"application-manageyards-display-component---NewYard","bindingPath":{"path":"","propertyPath":"/SHIP_POINT","modelName":"NewYardModel"},"interaction":{"idSuffix":"inner"}},"clearTextFirst":true,"interactionType":"ENTER_TEXT"}]}
COMMAND: POST /session/700a0ab92761895b5ec9a5372f8d46fb/execute/async - {"script":"<script> [1562 bytes]","args":[{"selector":{"controlType":"sap.m.Input","viewName":"etm.portal.ui.manageyards.view.New","viewId":"application-manageyards-display-component---NewYard","bindingPath":{"path":"","propertyPath":"/DELIVERY_TYPE","modelName":"NewYardModel"},"interaction":{"idSuffix":"inner"}},"wdio_ui5_key":"etmportal.ui.manageyards.view.Newsap.m.Input{\"path\":\"\",\"propertyPath\":\"/DELIVERY_TYPE\",\"modelName\":\"NewYardModel\"}"}]}
RESULT: {"script":"<script> [1562 bytes]","args":[{"selector":{"controlType":"sap.m.Input","viewName":"etm.portal.ui.manageyards.view.New","viewId":"application-manageyards-display-component---NewYard","bindingPath":{"path":"","propertyPath":"/DELIVERY_TYPE","modelName":"NewYardModel"},"interaction":{"idSuffix":"inner"}},"wdio_ui5_key":"etmportal.ui.manageyards.view.Newsap.m.Input{\"path\":\"\",\"propertyPath\":\"/DELIVERY_TYPE\",\"modelName\":\"NewYardModel\"}"}]}
RESULT: undefined
COMMAND: POST /session/700a0ab92761895b5ec9a5372f8d46fb/execute/async - {"script":"<script> [776 bytes]","args":[{"enterText":"ZL01","selector":{"controlType":"sap.m.Input","viewName":"etm.portal.ui.manageyards.view.New","viewId":"application-manageyards-display-component---NewYard","bindingPath":{"path":"","propertyPath":"/DELIVERY_TYPE","modelName":"NewYardModel"},"interaction":{"idSuffix":"inner"}},"clearTextFirst":true,"interactionType":"ENTER_TEXT"}]}
RESULT: {"script":"<script> [776 bytes]","args":[{"enterText":"ZL01","selector":{"controlType":"sap.m.Input","viewName":"etm.portal.ui.manageyards.view.New","viewId":"application-manageyards-display-component---NewYard","bindingPath":{"path":"","propertyPath":"/DELIVERY_TYPE","modelName":"NewYardModel"},"interaction":{"idSuffix":"inner"}},"clearTextFirst":true,"interactionType":"ENTER_TEXT"}]}
COMMAND: POST /session/700a0ab92761895b5ec9a5372f8d46fb/execute/async - {"script":"<script> [1562 bytes]","args":[{"selector":{"controlType":"sap.m.Input","viewName":"etm.portal.ui.manageyards.view.New","viewId":"application-manageyards-display-component---NewYard","bindingPath":{"path":"","propertyPath":"/AUART","modelName":"NewYardModel"},"interaction":{"idSuffix":"inner"}},"wdio_ui5_key":"etmportal.ui.manageyards.view.Newsap.m.Input{\"path\":\"\",\"propertyPath\":\"/AUART\",\"modelName\":\"NewYardModel\"}"}]}
RESULT: {"script":"<script> [1562 bytes]","args":[{"selector":{"controlType":"sap.m.Input","viewName":"etm.portal.ui.manageyards.view.New","viewId":"application-manageyards-display-component---NewYard","bindingPath":{"path":"","propertyPath":"/AUART","modelName":"NewYardModel"},"interaction":{"idSuffix":"inner"}},"wdio_ui5_key":"etmportal.ui.manageyards.view.Newsap.m.Input{\"path\":\"\",\"propertyPath\":\"/AUART\",\"modelName\":\"NewYardModel\"}"}]}
RESULT: undefined
COMMAND: POST /session/700a0ab92761895b5ec9a5372f8d46fb/execute/async - {"script":"<script> [776 bytes]","args":[{"enterText":"TA","selector":{"controlType":"sap.m.Input","viewName":"etm.portal.ui.manageyards.view.New","viewId":"application-manageyards-display-component---NewYard","bindingPath":{"path":"","propertyPath":"/AUART","modelName":"NewYardModel"},"interaction":{"idSuffix":"inner"}},"clearTextFirst":true,"interactionType":"ENTER_TEXT"}]}
RESULT: {"script":"<script> [776 bytes]","args":[{"enterText":"TA","selector":{"controlType":"sap.m.Input","viewName":"etm.portal.ui.manageyards.view.New","viewId":"application-manageyards-display-component---NewYard","bindingPath":{"path":"","propertyPath":"/AUART","modelName":"NewYardModel"},"interaction":{"idSuffix":"inner"}},"clearTextFirst":true,"interactionType":"ENTER_TEXT"}]}
COMMAND: POST /session/700a0ab92761895b5ec9a5372f8d46fb/execute/async - {"script":"<script> [1562 bytes]","args":[{"selector":{"controlType":"sap.m.Button","viewName":"etm.portal.ui.manageyards.view.New","viewId":"application-manageyards-display-component---NewYard","i18NText":{"propertyName":"text","key":"save"},"interaction":{"idSuffix":"BDI-content"}},"wdio_ui5_key":"etmportal.ui.manageyards.view.Newsap.m.Button{\"propertyName\":\"text\",\"key\":\"save\"}"}]}
RESULT: {"script":"<script> [1562 bytes]","args":[{"selector":{"controlType":"sap.m.Button","viewName":"etm.portal.ui.manageyards.view.New","viewId":"application-manageyards-display-component---NewYard","i18NText":{"propertyName":"text","key":"save"},"interaction":{"idSuffix":"BDI-content"}},"wdio_ui5_key":"etmportal.ui.manageyards.view.Newsap.m.Button{\"propertyName\":\"text\",\"key\":\"save\"}"}]}
RESULT: undefined
COMMAND: POST /session/700a0ab92761895b5ec9a5372f8d46fb/element - {"using":"xpath","value":"//*[@id=\"__button18\"]"}
RESULT: {"using":"xpath","value":"//*[@id=\"__button18\"]"}
COMMAND: POST /session/700a0ab92761895b5ec9a5372f8d46fb/element/f.647512A71DDA687F9F591F39CAC5A62D.d.772E76BBEBFB0A790CA656EC4B7F63A2.e.19101/click - {}
RESULT: {}
COMMAND: GET /session/700a0ab92761895b5ec9a5372f8d46fb/screenshot - {}
RESULT: {}
COMMAND: POST /session/700a0ab92761895b5ec9a5372f8d46fb/execute/async - {"script":"<script> [1562 bytes]","args":[{"selector":{"controlType":"sap.m.Text","viewName":"etm.portal.ui.manageyards.view.Detail","viewId":"application-manageyards-display-component---detailYard","bindingPath":{"propertyPath":"ID","modelName":"catalogModel"}},"wdio_ui5_key":"etmportal.ui.manageyards.view.Detailsap.m.Text{\"propertyPath\":\"ID\",\"modelName\":\"catalogModel\"}"}]}
RESULT: {"script":"<script> [1562 bytes]","args":[{"selector":{"controlType":"sap.m.Text","viewName":"etm.portal.ui.manageyards.view.Detail","viewId":"application-manageyards-display-component---detailYard","bindingPath":{"propertyPath":"ID","modelName":"catalogModel"}},"wdio_ui5_key":"etmportal.ui.manageyards.view.Detailsap.m.Text{\"propertyPath\":\"ID\",\"modelName\":\"catalogModel\"}"}]}
RESULT: undefined
COMMAND: POST /session/700a0ab92761895b5ec9a5372f8d46fb/execute/async - {"script":"<script> [6424 bytes]","args":[{"element-6066-11e4-a52e-4f735466cecf":"f.647512A71DDA687F9F591F39CAC5A62D.d.772E76BBEBFB0A790CA656EC4B7F63A2.e.19349"},"getText",[]]}
RESULT: {"script":"<script> [6424 bytes]","args":[{"element-6066-11e4-a52e-4f735466cecf":"f.647512A71DDA687F9F591F39CAC5A62D.d.772E76BBEBFB0A790CA656EC4B7F63A2.e.19349"},"getText",[]]}
COMMAND: POST /session/700a0ab92761895b5ec9a5372f8d46fb/element - {"using":"css selector","value":"#shell-header-logo"}
RESULT: {"using":"css selector","value":"#shell-header-logo"}
COMMAND: POST /session/700a0ab92761895b5ec9a5372f8d46fb/element/f.647512A71DDA687F9F591F39CAC5A62D.d.772E76BBEBFB0A790CA656EC4B7F63A2.e.18651/click - {}
RESULT: {}
COMMAND: GET /session/700a0ab92761895b5ec9a5372f8d46fb/screenshot - {}
RESULT: {}
]]></system-out>
    </testcase>
    <testcase classname="chrome.135_0_7049_96.windows.Provide_to_Site_w/o_warehouse_management_w/o_clarification_US116612" name="Should create WHM site" time="60.298">
      <system-out><![CDATA[
COMMAND: POST /session/700a0ab92761895b5ec9a5372f8d46fb/execute/async - {"script":"<script> [1562 bytes]","args":[{"selector":{"controlType":"sap.m.GenericTile","properties":{"header":"Manage Sites"}},"wdio_ui5_key":"sapm.GenericTile{\"header\":\"Manage Sites\"}"}]}
RESULT: {"script":"<script> [1562 bytes]","args":[{"selector":{"controlType":"sap.m.GenericTile","properties":{"header":"Manage Sites"}},"wdio_ui5_key":"sapm.GenericTile{\"header\":\"Manage Sites\"}"}]}
RESULT: undefined
COMMAND: POST /session/700a0ab92761895b5ec9a5372f8d46fb/element - {"using":"xpath","value":"//*[@id=\"__tile40\"]"}
RESULT: {"using":"xpath","value":"//*[@id=\"__tile40\"]"}
COMMAND: POST /session/700a0ab92761895b5ec9a5372f8d46fb/element/f.647512A71DDA687F9F591F39CAC5A62D.d.772E76BBEBFB0A790CA656EC4B7F63A2.e.19352/click - {}
RESULT: {}
COMMAND: GET /session/700a0ab92761895b5ec9a5372f8d46fb/screenshot - {}
RESULT: {}
COMMAND: POST /session/700a0ab92761895b5ec9a5372f8d46fb/execute/async - {"script":"<script> [1562 bytes]","args":[{"selector":{"controlType":"sap.ui.core.Icon","viewName":"etm.portal.ui.managesites.view.Master","viewId":"application-managesites-display-component---masterSite","properties":{"src":{"regex":{"source":"add"}}}},"wdio_ui5_key":"etmportal.ui.managesites.view.Mastersap.ui.core.Icon{\"src\":{\"regex\":{\"source\":\"add\"}}}"}]}
RESULT: {"script":"<script> [1562 bytes]","args":[{"selector":{"controlType":"sap.ui.core.Icon","viewName":"etm.portal.ui.managesites.view.Master","viewId":"application-managesites-display-component---masterSite","properties":{"src":{"regex":{"source":"add"}}}},"wdio_ui5_key":"etmportal.ui.managesites.view.Mastersap.ui.core.Icon{\"src\":{\"regex\":{\"source\":\"add\"}}}"}]}
RESULT: undefined
COMMAND: POST /session/700a0ab92761895b5ec9a5372f8d46fb/element - {"using":"xpath","value":"//*[@id=\"__button64-img\"]"}
RESULT: {"using":"xpath","value":"//*[@id=\"__button64-img\"]"}
COMMAND: POST /session/700a0ab92761895b5ec9a5372f8d46fb/element/f.647512A71DDA687F9F591F39CAC5A62D.d.772E76BBEBFB0A790CA656EC4B7F63A2.e.19399/click - {}
RESULT: {}
COMMAND: GET /session/700a0ab92761895b5ec9a5372f8d46fb/screenshot - {}
COMMAND: POST /session/700a0ab92761895b5ec9a5372f8d46fb/execute/async - {"script":"<script> [1562 bytes]","args":[{"selector":{"controlType":"sap.m.Button","viewName":"etm.portal.ui.managesites.view.NewSmartSite","viewId":"application-managesites-display-component---NewSite","properties":{"text":"General Information"},"interaction":{"idSuffix":"BDI-content"}},"wdio_ui5_key":"etmportal.ui.managesites.view.NewSmartSitesap.m.Button{\"text\":\"General Information\"}"}]}
RESULT: {}
RESULT: {"script":"<script> [1562 bytes]","args":[{"selector":{"controlType":"sap.m.Button","viewName":"etm.portal.ui.managesites.view.NewSmartSite","viewId":"application-managesites-display-component---NewSite","properties":{"text":"General Information"},"interaction":{"idSuffix":"BDI-content"}},"wdio_ui5_key":"etmportal.ui.managesites.view.NewSmartSitesap.m.Button{\"text\":\"General Information\"}"}]}
RESULT: undefined
COMMAND: POST /session/700a0ab92761895b5ec9a5372f8d46fb/element - {"using":"xpath","value":"//*[@id=\"application-managesites-display-component---NewSite--ObjectPageLayout-anchBar-__section31-anchor\"]"}
RESULT: {"using":"xpath","value":"//*[@id=\"application-managesites-display-component---NewSite--ObjectPageLayout-anchBar-__section31-anchor\"]"}
COMMAND: POST /session/700a0ab92761895b5ec9a5372f8d46fb/element/f.647512A71DDA687F9F591F39CAC5A62D.d.772E76BBEBFB0A790CA656EC4B7F63A2.e.19959/click - {}
RESULT: {}
COMMAND: POST /session/700a0ab92761895b5ec9a5372f8d46fb/execute/async - {"script":"<script> [1562 bytes]","args":[{"selector":{"id":"application-managesites-display-component---NewSite--addressDetailDetailsName1","interaction":{"idSuffix":"inner"}},"wdio_ui5_key":"applicationmanagesites-display-component---NewSite--addressDetailDetailsName1"}]}
COMMAND: GET /session/700a0ab92761895b5ec9a5372f8d46fb/screenshot - {}
RESULT: {"script":"<script> [1562 bytes]","args":[{"selector":{"id":"application-managesites-display-component---NewSite--addressDetailDetailsName1","interaction":{"idSuffix":"inner"}},"wdio_ui5_key":"applicationmanagesites-display-component---NewSite--addressDetailDetailsName1"}]}
RESULT: undefined
COMMAND: POST /session/700a0ab92761895b5ec9a5372f8d46fb/execute/async - {"script":"<script> [776 bytes]","args":[{"enterText":"WDI5 WHM Site","selector":{"id":"application-managesites-display-component---NewSite--addressDetailDetailsName1","interaction":{"idSuffix":"inner"}},"clearTextFirst":true,"interactionType":"ENTER_TEXT"}]}
RESULT: {}
RESULT: {"script":"<script> [776 bytes]","args":[{"enterText":"WDI5 WHM Site","selector":{"id":"application-managesites-display-component---NewSite--addressDetailDetailsName1","interaction":{"idSuffix":"inner"}},"clearTextFirst":true,"interactionType":"ENTER_TEXT"}]}
COMMAND: POST /session/700a0ab92761895b5ec9a5372f8d46fb/execute/async - {"script":"<script> [1562 bytes]","args":[{"selector":{"id":"application-managesites-display-component---NewSite--addressDetailDetailsLanguage","interaction":{"idSuffix":"inner"}},"wdio_ui5_key":"applicationmanagesites-display-component---NewSite--addressDetailDetailsLanguage"}]}
RESULT: {"script":"<script> [1562 bytes]","args":[{"selector":{"id":"application-managesites-display-component---NewSite--addressDetailDetailsLanguage","interaction":{"idSuffix":"inner"}},"wdio_ui5_key":"applicationmanagesites-display-component---NewSite--addressDetailDetailsLanguage"}]}
RESULT: undefined
COMMAND: POST /session/700a0ab92761895b5ec9a5372f8d46fb/execute/async - {"script":"<script> [776 bytes]","args":[{"enterText":"Romanian","selector":{"id":"application-managesites-display-component---NewSite--addressDetailDetailsLanguage","interaction":{"idSuffix":"inner"}},"clearTextFirst":true,"interactionType":"ENTER_TEXT"}]}
RESULT: {"script":"<script> [776 bytes]","args":[{"enterText":"Romanian","selector":{"id":"application-managesites-display-component---NewSite--addressDetailDetailsLanguage","interaction":{"idSuffix":"inner"}},"clearTextFirst":true,"interactionType":"ENTER_TEXT"}]}
COMMAND: POST /session/700a0ab92761895b5ec9a5372f8d46fb/execute/async - {"script":"<script> [1562 bytes]","args":[{"selector":{"id":"application-managesites-display-component---NewSite--addressDetailDetailsCity1","interaction":{"idSuffix":"inner"}},"wdio_ui5_key":"applicationmanagesites-display-component---NewSite--addressDetailDetailsCity1"}]}
RESULT: {"script":"<script> [1562 bytes]","args":[{"selector":{"id":"application-managesites-display-component---NewSite--addressDetailDetailsCity1","interaction":{"idSuffix":"inner"}},"wdio_ui5_key":"applicationmanagesites-display-component---NewSite--addressDetailDetailsCity1"}]}
RESULT: undefined
COMMAND: POST /session/700a0ab92761895b5ec9a5372f8d46fb/execute/async - {"script":"<script> [776 bytes]","args":[{"enterText":"Bucharest","selector":{"id":"application-managesites-display-component---NewSite--addressDetailDetailsCity1","interaction":{"idSuffix":"inner"}},"clearTextFirst":true,"interactionType":"ENTER_TEXT"}]}
RESULT: {"script":"<script> [776 bytes]","args":[{"enterText":"Bucharest","selector":{"id":"application-managesites-display-component---NewSite--addressDetailDetailsCity1","interaction":{"idSuffix":"inner"}},"clearTextFirst":true,"interactionType":"ENTER_TEXT"}]}
COMMAND: POST /session/700a0ab92761895b5ec9a5372f8d46fb/execute/async - {"script":"<script> [1562 bytes]","args":[{"selector":{"id":"application-managesites-display-component---NewSite--addressDetailDetailsCountry","interaction":{"idSuffix":"inner"}},"wdio_ui5_key":"applicationmanagesites-display-component---NewSite--addressDetailDetailsCountry"}]}
RESULT: {"script":"<script> [1562 bytes]","args":[{"selector":{"id":"application-managesites-display-component---NewSite--addressDetailDetailsCountry","interaction":{"idSuffix":"inner"}},"wdio_ui5_key":"applicationmanagesites-display-component---NewSite--addressDetailDetailsCountry"}]}
RESULT: undefined
COMMAND: POST /session/700a0ab92761895b5ec9a5372f8d46fb/execute/async - {"script":"<script> [6424 bytes]","args":[{"element-6066-11e4-a52e-4f735466cecf":"f.647512A71DDA687F9F591F39CAC5A62D.d.772E76BBEBFB0A790CA656EC4B7F63A2.e.19793"},"setValue",["Romania"]]}
RESULT: {"script":"<script> [6424 bytes]","args":[{"element-6066-11e4-a52e-4f735466cecf":"f.647512A71DDA687F9F591F39CAC5A62D.d.772E76BBEBFB0A790CA656EC4B7F63A2.e.19793"},"setValue",["Romania"]]}
COMMAND: POST /session/700a0ab92761895b5ec9a5372f8d46fb/execute/async - {"script":"<script> [1562 bytes]","args":[{"selector":{"id":"application-managesites-display-component---NewSite--addressDetailDetailsCalendar","interaction":{"idSuffix":"inner"}},"wdio_ui5_key":"applicationmanagesites-display-component---NewSite--addressDetailDetailsCalendar"}]}
RESULT: {"script":"<script> [1562 bytes]","args":[{"selector":{"id":"application-managesites-display-component---NewSite--addressDetailDetailsCalendar","interaction":{"idSuffix":"inner"}},"wdio_ui5_key":"applicationmanagesites-display-component---NewSite--addressDetailDetailsCalendar"}]}
RESULT: undefined
COMMAND: POST /session/700a0ab92761895b5ec9a5372f8d46fb/execute/async - {"script":"<script> [776 bytes]","args":[{"enterText":"8 - Germany (Standard)","selector":{"id":"application-managesites-display-component---NewSite--addressDetailDetailsCalendar","interaction":{"idSuffix":"inner"}},"clearTextFirst":true,"interactionType":"ENTER_TEXT"}]}
RESULT: {"script":"<script> [776 bytes]","args":[{"enterText":"8 - Germany (Standard)","selector":{"id":"application-managesites-display-component---NewSite--addressDetailDetailsCalendar","interaction":{"idSuffix":"inner"}},"clearTextFirst":true,"interactionType":"ENTER_TEXT"}]}
COMMAND: POST /session/700a0ab92761895b5ec9a5372f8d46fb/element - {"using":"xpath","value":"//input[@id=\"application-managesites-display-component---NewSite--addressDetailDetailsYard-inner\"]"}
RESULT: {"using":"xpath","value":"//input[@id=\"application-managesites-display-component---NewSite--addressDetailDetailsYard-inner\"]"}
COMMAND: POST /session/700a0ab92761895b5ec9a5372f8d46fb/element/f.647512A71DDA687F9F591F39CAC5A62D.d.772E76BBEBFB0A790CA656EC4B7F63A2.e.19804/clear - {}
RESULT: {}
COMMAND: POST /session/700a0ab92761895b5ec9a5372f8d46fb/element/f.647512A71DDA687F9F591F39CAC5A62D.d.772E76BBEBFB0A790CA656EC4B7F63A2.e.19804/value - {"text":"802"}
COMMAND: GET /session/700a0ab92761895b5ec9a5372f8d46fb/screenshot - {}
RESULT: {"text":"802"}
COMMAND: GET /session/700a0ab92761895b5ec9a5372f8d46fb/screenshot - {}
RESULT: {}
RESULT: {}
COMMAND: POST /session/700a0ab92761895b5ec9a5372f8d46fb/execute/async - {"script":"<script> [1562 bytes]","args":[{"selector":{"controlType":"sap.m.Button","viewName":"etm.portal.ui.managesites.view.NewSmartSite","viewId":"application-managesites-display-component---NewSite","properties":{"text":"Commercial"},"interaction":{"idSuffix":"BDI-content"}},"wdio_ui5_key":"etmportal.ui.managesites.view.NewSmartSitesap.m.Button{\"text\":\"Commercial\"}"}]}
RESULT: {"script":"<script> [1562 bytes]","args":[{"selector":{"controlType":"sap.m.Button","viewName":"etm.portal.ui.managesites.view.NewSmartSite","viewId":"application-managesites-display-component---NewSite","properties":{"text":"Commercial"},"interaction":{"idSuffix":"BDI-content"}},"wdio_ui5_key":"etmportal.ui.managesites.view.NewSmartSitesap.m.Button{\"text\":\"Commercial\"}"}]}
RESULT: undefined
COMMAND: POST /session/700a0ab92761895b5ec9a5372f8d46fb/element - {"using":"xpath","value":"//*[@id=\"application-managesites-display-component---NewSite--ObjectPageLayout-anchBar-__section33-anchor\"]"}
RESULT: {"using":"xpath","value":"//*[@id=\"application-managesites-display-component---NewSite--ObjectPageLayout-anchBar-__section33-anchor\"]"}
COMMAND: POST /session/700a0ab92761895b5ec9a5372f8d46fb/element/f.647512A71DDA687F9F591F39CAC5A62D.d.772E76BBEBFB0A790CA656EC4B7F63A2.e.19968/click - {}
RESULT: {}
COMMAND: POST /session/700a0ab92761895b5ec9a5372f8d46fb/execute/async - {"script":"<script> [1562 bytes]","args":[{"selector":{"controlType":"sap.m.Button","viewName":"etm.portal.ui.managesites.view.NewSmartSite","viewId":"application-managesites-display-component---NewSite","i18NText":{"propertyName":"text","key":"save"},"interaction":{"idSuffix":"BDI-content"}},"wdio_ui5_key":"etmportal.ui.managesites.view.NewSmartSitesap.m.Button{\"propertyName\":\"text\",\"key\":\"save\"}"}]}
COMMAND: GET /session/700a0ab92761895b5ec9a5372f8d46fb/screenshot - {}
RESULT: {"script":"<script> [1562 bytes]","args":[{"selector":{"controlType":"sap.m.Button","viewName":"etm.portal.ui.managesites.view.NewSmartSite","viewId":"application-managesites-display-component---NewSite","i18NText":{"propertyName":"text","key":"save"},"interaction":{"idSuffix":"BDI-content"}},"wdio_ui5_key":"etmportal.ui.managesites.view.NewSmartSitesap.m.Button{\"propertyName\":\"text\",\"key\":\"save\"}"}]}
RESULT: undefined
COMMAND: POST /session/700a0ab92761895b5ec9a5372f8d46fb/element - {"using":"xpath","value":"//*[@id=\"__button76\"]"}
RESULT: {}
RESULT: {"using":"xpath","value":"//*[@id=\"__button76\"]"}
COMMAND: POST /session/700a0ab92761895b5ec9a5372f8d46fb/element/f.647512A71DDA687F9F591F39CAC5A62D.d.772E76BBEBFB0A790CA656EC4B7F63A2.e.19941/click - {}
RESULT: {}
COMMAND: GET /session/700a0ab92761895b5ec9a5372f8d46fb/screenshot - {}
RESULT: {}
COMMAND: POST /session/700a0ab92761895b5ec9a5372f8d46fb/execute/async - {"script":"<script> [1562 bytes]","args":[{"selector":{"controlType":"sap.m.Text","viewName":"etm.portal.ui.managesites.view.Detail","viewId":"application-managesites-display-component---detailSite","bindingPath":{"propertyPath":"ID","modelName":"catalogModel"}},"wdio_ui5_key":"etmportal.ui.managesites.view.Detailsap.m.Text{\"propertyPath\":\"ID\",\"modelName\":\"catalogModel\"}"}]}
RESULT: {"script":"<script> [1562 bytes]","args":[{"selector":{"controlType":"sap.m.Text","viewName":"etm.portal.ui.managesites.view.Detail","viewId":"application-managesites-display-component---detailSite","bindingPath":{"propertyPath":"ID","modelName":"catalogModel"}},"wdio_ui5_key":"etmportal.ui.managesites.view.Detailsap.m.Text{\"propertyPath\":\"ID\",\"modelName\":\"catalogModel\"}"}]}
RESULT: undefined
COMMAND: POST /session/700a0ab92761895b5ec9a5372f8d46fb/execute/async - {"script":"<script> [6424 bytes]","args":[{"element-6066-11e4-a52e-4f735466cecf":"f.647512A71DDA687F9F591F39CAC5A62D.d.772E76BBEBFB0A790CA656EC4B7F63A2.e.20169"},"getText",[]]}
RESULT: {"script":"<script> [6424 bytes]","args":[{"element-6066-11e4-a52e-4f735466cecf":"f.647512A71DDA687F9F591F39CAC5A62D.d.772E76BBEBFB0A790CA656EC4B7F63A2.e.20169"},"getText",[]]}
COMMAND: POST /session/700a0ab92761895b5ec9a5372f8d46fb/execute/async - {"script":"<script> [1562 bytes]","args":[{"selector":{"controlType":"sap.m.Label","viewName":"etm.portal.ui.managesites.view.Detail","viewId":"application-managesites-display-component---detailSite","i18NText":{"propertyName":"text","key":"status"}},"wdio_ui5_key":"etmportal.ui.managesites.view.Detailsap.m.Label{\"propertyName\":\"text\",\"key\":\"status\"}"}]}
RESULT: {"script":"<script> [1562 bytes]","args":[{"selector":{"controlType":"sap.m.Label","viewName":"etm.portal.ui.managesites.view.Detail","viewId":"application-managesites-display-component---detailSite","i18NText":{"propertyName":"text","key":"status"}},"wdio_ui5_key":"etmportal.ui.managesites.view.Detailsap.m.Label{\"propertyName\":\"text\",\"key\":\"status\"}"}]}
RESULT: undefined
COMMAND: POST /session/700a0ab92761895b5ec9a5372f8d46fb/execute/async - {"script":"<script> [6424 bytes]","args":[{"element-6066-11e4-a52e-4f735466cecf":"f.647512A71DDA687F9F591F39CAC5A62D.d.772E76BBEBFB0A790CA656EC4B7F63A2.e.20157"},"getText",[]]}
RESULT: {"script":"<script> [6424 bytes]","args":[{"element-6066-11e4-a52e-4f735466cecf":"f.647512A71DDA687F9F591F39CAC5A62D.d.772E76BBEBFB0A790CA656EC4B7F63A2.e.20157"},"getText",[]]}
RESULT: undefined
COMMAND: POST /session/700a0ab92761895b5ec9a5372f8d46fb/element - {"using":"xpath","value":"//*[@id=\"shell-header\"]"}
RESULT: {"using":"xpath","value":"//*[@id=\"shell-header\"]"}
COMMAND: POST /session/700a0ab92761895b5ec9a5372f8d46fb/element/f.647512A71DDA687F9F591F39CAC5A62D.d.772E76BBEBFB0A790CA656EC4B7F63A2.e.20170/click - {}
RESULT: {}
COMMAND: POST /session/700a0ab92761895b5ec9a5372f8d46fb/element - {"using":"css selector","value":"#shell-header-logo"}
COMMAND: GET /session/700a0ab92761895b5ec9a5372f8d46fb/screenshot - {}
RESULT: {"using":"css selector","value":"#shell-header-logo"}
COMMAND: POST /session/700a0ab92761895b5ec9a5372f8d46fb/element/f.647512A71DDA687F9F591F39CAC5A62D.d.772E76BBEBFB0A790CA656EC4B7F63A2.e.19355/click - {}
RESULT: {}
RESULT: {}
]]></system-out>
    </testcase>
    <testcase classname="chrome.135_0_7049_96.windows.Provide_to_Site_w/o_warehouse_management_w/o_clarification_US116612" name="Should create WHM Partner" time="68.939">
      <system-out><![CDATA[
COMMAND: POST /session/700a0ab92761895b5ec9a5372f8d46fb/execute/async - {"script":"<script> [1562 bytes]","args":[{"selector":{"controlType":"sap.m.GenericTile","properties":{"header":"Manage Partners"}},"wdio_ui5_key":"sapm.GenericTile{\"header\":\"Manage Partners\"}"}]}
COMMAND: GET /session/700a0ab92761895b5ec9a5372f8d46fb/screenshot - {}
RESULT: {"script":"<script> [1562 bytes]","args":[{"selector":{"controlType":"sap.m.GenericTile","properties":{"header":"Manage Partners"}},"wdio_ui5_key":"sapm.GenericTile{\"header\":\"Manage Partners\"}"}]}
RESULT: undefined
COMMAND: POST /session/700a0ab92761895b5ec9a5372f8d46fb/element - {"using":"xpath","value":"//*[@id=\"__tile38\"]"}
RESULT: {}
RESULT: {"using":"xpath","value":"//*[@id=\"__tile38\"]"}
COMMAND: POST /session/700a0ab92761895b5ec9a5372f8d46fb/element/f.647512A71DDA687F9F591F39CAC5A62D.d.772E76BBEBFB0A790CA656EC4B7F63A2.e.20175/click - {}
RESULT: {}
COMMAND: GET /session/700a0ab92761895b5ec9a5372f8d46fb/screenshot - {}
RESULT: {}
COMMAND: POST /session/700a0ab92761895b5ec9a5372f8d46fb/element - {"using":"xpath","value":"//button[(@data-kt = 'addButton')]"}
RESULT: {"using":"xpath","value":"//button[(@data-kt = 'addButton')]"}
COMMAND: POST /session/700a0ab92761895b5ec9a5372f8d46fb/elements - {"using":"xpath","value":"//button[(@data-kt = 'addButton')]"}
RESULT: {"using":"xpath","value":"//button[(@data-kt = 'addButton')]"}
COMMAND: POST /session/700a0ab92761895b5ec9a5372f8d46fb/elements - {"using":"xpath","value":"//button[(@data-kt = 'addButton')]"}
RESULT: {"using":"xpath","value":"//button[(@data-kt = 'addButton')]"}
COMMAND: POST /session/700a0ab92761895b5ec9a5372f8d46fb/elements - {"using":"xpath","value":"//button[(@data-kt = 'addButton')]"}
RESULT: {"using":"xpath","value":"//button[(@data-kt = 'addButton')]"}
COMMAND: POST /session/700a0ab92761895b5ec9a5372f8d46fb/elements - {"using":"xpath","value":"//button[(@data-kt = 'addButton')]"}
RESULT: {"using":"xpath","value":"//button[(@data-kt = 'addButton')]"}
COMMAND: POST /session/700a0ab92761895b5ec9a5372f8d46fb/element - {"using":"xpath","value":"//button[(@data-kt = 'addButton')]"}
RESULT: {"using":"xpath","value":"//button[(@data-kt = 'addButton')]"}
COMMAND: POST /session/700a0ab92761895b5ec9a5372f8d46fb/element/f.647512A71DDA687F9F591F39CAC5A62D.d.772E76BBEBFB0A790CA656EC4B7F63A2.e.20212/click - {}
RESULT: {}
COMMAND: POST /session/700a0ab92761895b5ec9a5372f8d46fb/execute/async - {"script":"<script> [1562 bytes]","args":[{"selector":{"id":"application-managepartners-display-component---NewPartner--addressDetailDetailsName1","interaction":{"idSuffix":"inner"}},"wdio_ui5_key":"applicationmanagepartners-display-component---NewPartner--addressDetailDetailsName1"}]}
COMMAND: GET /session/700a0ab92761895b5ec9a5372f8d46fb/screenshot - {}
RESULT: {"script":"<script> [1562 bytes]","args":[{"selector":{"id":"application-managepartners-display-component---NewPartner--addressDetailDetailsName1","interaction":{"idSuffix":"inner"}},"wdio_ui5_key":"applicationmanagepartners-display-component---NewPartner--addressDetailDetailsName1"}]}
RESULT: undefined
COMMAND: POST /session/700a0ab92761895b5ec9a5372f8d46fb/execute/async - {"script":"<script> [776 bytes]","args":[{"enterText":"WDI5-Partners","selector":{"id":"application-managepartners-display-component---NewPartner--addressDetailDetailsName1","interaction":{"idSuffix":"inner"}},"clearTextFirst":true,"interactionType":"ENTER_TEXT"}]}
RESULT: {}
RESULT: {"script":"<script> [776 bytes]","args":[{"enterText":"WDI5-Partners","selector":{"id":"application-managepartners-display-component---NewPartner--addressDetailDetailsName1","interaction":{"idSuffix":"inner"}},"clearTextFirst":true,"interactionType":"ENTER_TEXT"}]}
COMMAND: POST /session/700a0ab92761895b5ec9a5372f8d46fb/execute/async - {"script":"<script> [1562 bytes]","args":[{"selector":{"id":"application-managepartners-display-component---NewPartner--addressDetailDetailsLanguage-arrow"},"wdio_ui5_key":"applicationmanagepartners-display-component---NewPartner--addressDetailDetailsLanguage-arrow"}]}
RESULT: {"script":"<script> [1562 bytes]","args":[{"selector":{"id":"application-managepartners-display-component---NewPartner--addressDetailDetailsLanguage-arrow"},"wdio_ui5_key":"applicationmanagepartners-display-component---NewPartner--addressDetailDetailsLanguage-arrow"}]}
RESULT: undefined
COMMAND: POST /session/700a0ab92761895b5ec9a5372f8d46fb/element - {"using":"xpath","value":"//*[@id=\"application-managepartners-display-component---NewPartner--addressDetailDetailsLanguage-arrow\"]"}
RESULT: {"using":"xpath","value":"//*[@id=\"application-managepartners-display-component---NewPartner--addressDetailDetailsLanguage-arrow\"]"}
COMMAND: POST /session/700a0ab92761895b5ec9a5372f8d46fb/element/f.647512A71DDA687F9F591F39CAC5A62D.d.772E76BBEBFB0A790CA656EC4B7F63A2.e.20644/click - {}
RESULT: {}
COMMAND: POST /session/700a0ab92761895b5ec9a5372f8d46fb/execute/async - {"script":"<script> [1562 bytes]","args":[{"selector":{"controlType":"sap.m.StandardListItem","viewName":"etm.portal.ui.managepartners.view.NewPartner","viewId":"application-managepartners-display-component---NewPartner","properties":{"title":"English"},"searchOpenDialogs":true,"interaction":{"idSuffix":"content"}},"wdio_ui5_key":"etmportal.ui.managepartners.view.NewPartnersap.m.StandardListItem{\"title\":\"English\"}"}]}
COMMAND: GET /session/700a0ab92761895b5ec9a5372f8d46fb/screenshot - {}
RESULT: {"script":"<script> [1562 bytes]","args":[{"selector":{"controlType":"sap.m.StandardListItem","viewName":"etm.portal.ui.managepartners.view.NewPartner","viewId":"application-managepartners-display-component---NewPartner","properties":{"title":"English"},"searchOpenDialogs":true,"interaction":{"idSuffix":"content"}},"wdio_ui5_key":"etmportal.ui.managepartners.view.NewPartnersap.m.StandardListItem{\"title\":\"English\"}"}]}
RESULT: undefined
COMMAND: POST /session/700a0ab92761895b5ec9a5372f8d46fb/element - {"using":"xpath","value":"//*[@id=\"__item1684\"]"}
RESULT: {}
RESULT: {"using":"xpath","value":"//*[@id=\"__item1684\"]"}
COMMAND: POST /session/700a0ab92761895b5ec9a5372f8d46fb/element/f.647512A71DDA687F9F591F39CAC5A62D.d.772E76BBEBFB0A790CA656EC4B7F63A2.e.20646/click - {}
RESULT: {}
COMMAND: POST /session/700a0ab92761895b5ec9a5372f8d46fb/execute/async - {"script":"<script> [1562 bytes]","args":[{"selector":{"id":"application-managepartners-display-component---NewPartner--addressDetailDetailsCity1","interaction":{"idSuffix":"inner"}},"wdio_ui5_key":"applicationmanagepartners-display-component---NewPartner--addressDetailDetailsCity1"}]}
COMMAND: GET /session/700a0ab92761895b5ec9a5372f8d46fb/screenshot - {}
RESULT: {"script":"<script> [1562 bytes]","args":[{"selector":{"id":"application-managepartners-display-component---NewPartner--addressDetailDetailsCity1","interaction":{"idSuffix":"inner"}},"wdio_ui5_key":"applicationmanagepartners-display-component---NewPartner--addressDetailDetailsCity1"}]}
RESULT: undefined
COMMAND: POST /session/700a0ab92761895b5ec9a5372f8d46fb/execute/async - {"script":"<script> [776 bytes]","args":[{"enterText":"Bangalore","selector":{"id":"application-managepartners-display-component---NewPartner--addressDetailDetailsCity1","interaction":{"idSuffix":"inner"}},"clearTextFirst":true,"interactionType":"ENTER_TEXT"}]}
RESULT: {}
RESULT: {"script":"<script> [776 bytes]","args":[{"enterText":"Bangalore","selector":{"id":"application-managepartners-display-component---NewPartner--addressDetailDetailsCity1","interaction":{"idSuffix":"inner"}},"clearTextFirst":true,"interactionType":"ENTER_TEXT"}]}
COMMAND: POST /session/700a0ab92761895b5ec9a5372f8d46fb/execute/async - {"script":"<script> [1562 bytes]","args":[{"selector":{"id":"application-managepartners-display-component---NewPartner--addressDetailDetailsCountry-arrow"},"wdio_ui5_key":"applicationmanagepartners-display-component---NewPartner--addressDetailDetailsCountry-arrow"}]}
RESULT: {"script":"<script> [1562 bytes]","args":[{"selector":{"id":"application-managepartners-display-component---NewPartner--addressDetailDetailsCountry-arrow"},"wdio_ui5_key":"applicationmanagepartners-display-component---NewPartner--addressDetailDetailsCountry-arrow"}]}
RESULT: undefined
COMMAND: POST /session/700a0ab92761895b5ec9a5372f8d46fb/element - {"using":"xpath","value":"//*[@id=\"application-managepartners-display-component---NewPartner--addressDetailDetailsCountry-arrow\"]"}
RESULT: {"using":"xpath","value":"//*[@id=\"application-managepartners-display-component---NewPartner--addressDetailDetailsCountry-arrow\"]"}
COMMAND: POST /session/700a0ab92761895b5ec9a5372f8d46fb/element/f.647512A71DDA687F9F591F39CAC5A62D.d.772E76BBEBFB0A790CA656EC4B7F63A2.e.20648/click - {}
RESULT: {}
COMMAND: POST /session/700a0ab92761895b5ec9a5372f8d46fb/execute/async - {"script":"<script> [1562 bytes]","args":[{"selector":{"id":"application-managepartners-display-component---NewPartner--addressDetailDetailsCountry","interaction":{"idSuffix":"inner"}},"wdio_ui5_key":"applicationmanagepartners-display-component---NewPartner--addressDetailDetailsCountry"}]}
COMMAND: GET /session/700a0ab92761895b5ec9a5372f8d46fb/screenshot - {}
RESULT: {"script":"<script> [1562 bytes]","args":[{"selector":{"id":"application-managepartners-display-component---NewPartner--addressDetailDetailsCountry","interaction":{"idSuffix":"inner"}},"wdio_ui5_key":"applicationmanagepartners-display-component---NewPartner--addressDetailDetailsCountry"}]}
RESULT: undefined
COMMAND: POST /session/700a0ab92761895b5ec9a5372f8d46fb/execute/async - {"script":"<script> [776 bytes]","args":[{"enterText":"India","selector":{"id":"application-managepartners-display-component---NewPartner--addressDetailDetailsCountry","interaction":{"idSuffix":"inner"}},"clearTextFirst":true,"interactionType":"ENTER_TEXT"}]}
RESULT: {}
RESULT: {"script":"<script> [776 bytes]","args":[{"enterText":"India","selector":{"id":"application-managepartners-display-component---NewPartner--addressDetailDetailsCountry","interaction":{"idSuffix":"inner"}},"clearTextFirst":true,"interactionType":"ENTER_TEXT"}]}
COMMAND: POST /session/700a0ab92761895b5ec9a5372f8d46fb/execute/async - {"script":"<script> [1562 bytes]","args":[{"selector":{"controlType":"sap.m.StandardListItem","viewName":"etm.portal.ui.managepartners.view.NewPartner","viewId":"application-managepartners-display-component---NewPartner","properties":{"title":"India"},"searchOpenDialogs":true,"interaction":{"idSuffix":"content"}},"wdio_ui5_key":"etmportal.ui.managepartners.view.NewPartnersap.m.StandardListItem{\"title\":\"India\"}"}]}
RESULT: {"script":"<script> [1562 bytes]","args":[{"selector":{"controlType":"sap.m.StandardListItem","viewName":"etm.portal.ui.managepartners.view.NewPartner","viewId":"application-managepartners-display-component---NewPartner","properties":{"title":"India"},"searchOpenDialogs":true,"interaction":{"idSuffix":"content"}},"wdio_ui5_key":"etmportal.ui.managepartners.view.NewPartnersap.m.StandardListItem{\"title\":\"India\"}"}]}
RESULT: undefined
COMMAND: POST /session/700a0ab92761895b5ec9a5372f8d46fb/execute/async - {"script":"<script> [1562 bytes]","args":[{"selector":{"controlType":"sap.m.Button","viewName":"etm.portal.ui.managepartners.view.NewPartner","viewId":"application-managepartners-display-component---NewPartner","properties":{"text":"Commercial"},"interaction":{"idSuffix":"BDI-content"}},"wdio_ui5_key":"etmportal.ui.managepartners.view.NewPartnersap.m.Button{\"text\":\"Commercial\"}"}]}
RESULT: {"script":"<script> [1562 bytes]","args":[{"selector":{"controlType":"sap.m.Button","viewName":"etm.portal.ui.managepartners.view.NewPartner","viewId":"application-managepartners-display-component---NewPartner","properties":{"text":"Commercial"},"interaction":{"idSuffix":"BDI-content"}},"wdio_ui5_key":"etmportal.ui.managepartners.view.NewPartnersap.m.Button{\"text\":\"Commercial\"}"}]}
RESULT: undefined
COMMAND: POST /session/700a0ab92761895b5ec9a5372f8d46fb/element - {"using":"xpath","value":"//*[@id=\"application-managepartners-display-component---NewPartner--ObjectPageLayout-anchBar-__section57-anchor\"]"}
RESULT: {"using":"xpath","value":"//*[@id=\"application-managepartners-display-component---NewPartner--ObjectPageLayout-anchBar-__section57-anchor\"]"}
COMMAND: POST /session/700a0ab92761895b5ec9a5372f8d46fb/element/f.647512A71DDA687F9F591F39CAC5A62D.d.772E76BBEBFB0A790CA656EC4B7F63A2.e.20653/click - {}
RESULT: {}
COMMAND: POST /session/700a0ab92761895b5ec9a5372f8d46fb/execute/async - {"script":"<script> [1562 bytes]","args":[{"selector":{"id":"application-managepartners-display-component---NewPartner--partnerDetailInternal-arrow"},"wdio_ui5_key":"applicationmanagepartners-display-component---NewPartner--partnerDetailInternal-arrow"}]}
COMMAND: GET /session/700a0ab92761895b5ec9a5372f8d46fb/screenshot - {}
RESULT: {"script":"<script> [1562 bytes]","args":[{"selector":{"id":"application-managepartners-display-component---NewPartner--partnerDetailInternal-arrow"},"wdio_ui5_key":"applicationmanagepartners-display-component---NewPartner--partnerDetailInternal-arrow"}]}
RESULT: undefined
COMMAND: POST /session/700a0ab92761895b5ec9a5372f8d46fb/element - {"using":"xpath","value":"//*[@id=\"application-managepartners-display-component---NewPartner--partnerDetailInternal-arrow\"]"}
RESULT: {}
RESULT: {"using":"xpath","value":"//*[@id=\"application-managepartners-display-component---NewPartner--partnerDetailInternal-arrow\"]"}
COMMAND: POST /session/700a0ab92761895b5ec9a5372f8d46fb/element/f.647512A71DDA687F9F591F39CAC5A62D.d.772E76BBEBFB0A790CA656EC4B7F63A2.e.20658/click - {}
RESULT: {}
COMMAND: POST /session/700a0ab92761895b5ec9a5372f8d46fb/execute/async - {"script":"<script> [1562 bytes]","args":[{"selector":{"controlType":"sap.m.StandardListItem","viewName":"etm.portal.ui.managepartners.view.NewPartner","viewId":"application-managepartners-display-component---NewPartner","properties":{"title":"External partner"},"searchOpenDialogs":true,"interaction":{"idSuffix":"content"}},"wdio_ui5_key":"etmportal.ui.managepartners.view.NewPartnersap.m.StandardListItem{\"title\":\"External partner\"}"}]}
COMMAND: GET /session/700a0ab92761895b5ec9a5372f8d46fb/screenshot - {}
RESULT: {}
RESULT: {"script":"<script> [1562 bytes]","args":[{"selector":{"controlType":"sap.m.StandardListItem","viewName":"etm.portal.ui.managepartners.view.NewPartner","viewId":"application-managepartners-display-component---NewPartner","properties":{"title":"External partner"},"searchOpenDialogs":true,"interaction":{"idSuffix":"content"}},"wdio_ui5_key":"etmportal.ui.managepartners.view.NewPartnersap.m.StandardListItem{\"title\":\"External partner\"}"}]}
RESULT: undefined
COMMAND: POST /session/700a0ab92761895b5ec9a5372f8d46fb/element - {"using":"xpath","value":"//*[@id=\"__item1818\"]"}
RESULT: {"using":"xpath","value":"//*[@id=\"__item1818\"]"}
COMMAND: POST /session/700a0ab92761895b5ec9a5372f8d46fb/element/f.647512A71DDA687F9F591F39CAC5A62D.d.772E76BBEBFB0A790CA656EC4B7F63A2.e.20662/click - {}
RESULT: {}
COMMAND: POST /session/700a0ab92761895b5ec9a5372f8d46fb/execute/async - {"script":"<script> [1562 bytes]","args":[{"selector":{"id":"application-managepartners-display-component---NewPartner--partnerDetailsCurrency-arrow"},"wdio_ui5_key":"applicationmanagepartners-display-component---NewPartner--partnerDetailsCurrency-arrow"}]}
COMMAND: GET /session/700a0ab92761895b5ec9a5372f8d46fb/screenshot - {}
RESULT: {"script":"<script> [1562 bytes]","args":[{"selector":{"id":"application-managepartners-display-component---NewPartner--partnerDetailsCurrency-arrow"},"wdio_ui5_key":"applicationmanagepartners-display-component---NewPartner--partnerDetailsCurrency-arrow"}]}
RESULT: undefined
COMMAND: POST /session/700a0ab92761895b5ec9a5372f8d46fb/element - {"using":"xpath","value":"//*[@id=\"application-managepartners-display-component---NewPartner--partnerDetailsCurrency-arrow\"]"}
RESULT: {}
RESULT: {"using":"xpath","value":"//*[@id=\"application-managepartners-display-component---NewPartner--partnerDetailsCurrency-arrow\"]"}
COMMAND: POST /session/700a0ab92761895b5ec9a5372f8d46fb/element/f.647512A71DDA687F9F591F39CAC5A62D.d.772E76BBEBFB0A790CA656EC4B7F63A2.e.20667/click - {}
RESULT: {}
COMMAND: POST /session/700a0ab92761895b5ec9a5372f8d46fb/execute/async - {"script":"<script> [1562 bytes]","args":[{"selector":{"controlType":"sap.m.StandardListItem","viewName":"etm.portal.ui.managepartners.view.NewPartner","viewId":"application-managepartners-display-component---NewPartner","properties":{"title":"Euro"},"searchOpenDialogs":true,"interaction":{"idSuffix":"content"}},"wdio_ui5_key":"etmportal.ui.managepartners.view.NewPartnersap.m.StandardListItem{\"title\":\"Euro\"}"}]}
COMMAND: GET /session/700a0ab92761895b5ec9a5372f8d46fb/screenshot - {}
RESULT: {"script":"<script> [1562 bytes]","args":[{"selector":{"controlType":"sap.m.StandardListItem","viewName":"etm.portal.ui.managepartners.view.NewPartner","viewId":"application-managepartners-display-component---NewPartner","properties":{"title":"Euro"},"searchOpenDialogs":true,"interaction":{"idSuffix":"content"}},"wdio_ui5_key":"etmportal.ui.managepartners.view.NewPartnersap.m.StandardListItem{\"title\":\"Euro\"}"}]}
RESULT: undefined
COMMAND: POST /session/700a0ab92761895b5ec9a5372f8d46fb/element - {"using":"xpath","value":"//*[@id=\"__item1820\"]"}
RESULT: {}
RESULT: {"using":"xpath","value":"//*[@id=\"__item1820\"]"}
COMMAND: POST /session/700a0ab92761895b5ec9a5372f8d46fb/element/f.647512A71DDA687F9F591F39CAC5A62D.d.772E76BBEBFB0A790CA656EC4B7F63A2.e.20669/click - {}
RESULT: {}
COMMAND: POST /session/700a0ab92761895b5ec9a5372f8d46fb/execute/async - {"script":"<script> [1562 bytes]","args":[{"selector":{"controlType":"sap.m.Button","viewName":"etm.portal.ui.managepartners.view.NewPartner","viewId":"application-managepartners-display-component---NewPartner","properties":{"text":"Assignments"},"interaction":{"idSuffix":"BDI-content"}},"wdio_ui5_key":"etmportal.ui.managepartners.view.NewPartnersap.m.Button{\"text\":\"Assignments\"}"}]}
COMMAND: GET /session/700a0ab92761895b5ec9a5372f8d46fb/screenshot - {}
RESULT: {"script":"<script> [1562 bytes]","args":[{"selector":{"controlType":"sap.m.Button","viewName":"etm.portal.ui.managepartners.view.NewPartner","viewId":"application-managepartners-display-component---NewPartner","properties":{"text":"Assignments"},"interaction":{"idSuffix":"BDI-content"}},"wdio_ui5_key":"etmportal.ui.managepartners.view.NewPartnersap.m.Button{\"text\":\"Assignments\"}"}]}
RESULT: undefined
COMMAND: POST /session/700a0ab92761895b5ec9a5372f8d46fb/element - {"using":"xpath","value":"//*[@id=\"application-managepartners-display-component---NewPartner--ObjectPageLayout-anchBar-__section61-anchor\"]"}
RESULT: {}
RESULT: {"using":"xpath","value":"//*[@id=\"application-managepartners-display-component---NewPartner--ObjectPageLayout-anchBar-__section61-anchor\"]"}
COMMAND: POST /session/700a0ab92761895b5ec9a5372f8d46fb/element/f.647512A71DDA687F9F591F39CAC5A62D.d.772E76BBEBFB0A790CA656EC4B7F63A2.e.20671/click - {}
RESULT: {}
COMMAND: POST /session/700a0ab92761895b5ec9a5372f8d46fb/execute/async - {"script":"<script> [1562 bytes]","args":[{"selector":{"id":"application-managepartners-display-component---NewPartner--btnAddTableRow","interaction":{"idSuffix":"inner"}},"wdio_ui5_key":"applicationmanagepartners-display-component---NewPartner--btnAddTableRow"}]}
COMMAND: GET /session/700a0ab92761895b5ec9a5372f8d46fb/screenshot - {}
RESULT: {"script":"<script> [1562 bytes]","args":[{"selector":{"id":"application-managepartners-display-component---NewPartner--btnAddTableRow","interaction":{"idSuffix":"inner"}},"wdio_ui5_key":"applicationmanagepartners-display-component---NewPartner--btnAddTableRow"}]}
RESULT: undefined
COMMAND: POST /session/700a0ab92761895b5ec9a5372f8d46fb/element - {"using":"xpath","value":"//*[@id=\"application-managepartners-display-component---NewPartner--btnAddTableRow\"]"}
RESULT: {}
RESULT: {"using":"xpath","value":"//*[@id=\"application-managepartners-display-component---NewPartner--btnAddTableRow\"]"}
COMMAND: POST /session/700a0ab92761895b5ec9a5372f8d46fb/element/f.647512A71DDA687F9F591F39CAC5A62D.d.772E76BBEBFB0A790CA656EC4B7F63A2.e.20676/click - {}
RESULT: {}
COMMAND: POST /session/700a0ab92761895b5ec9a5372f8d46fb/element - {"using":"css selector","value":"#application-managepartners-display-component---NewPartner--assignmentYard-application-managepartners-display-component---NewPartner--assignmentsTable-0-inner"}
COMMAND: GET /session/700a0ab92761895b5ec9a5372f8d46fb/screenshot - {}
RESULT: {"using":"css selector","value":"#application-managepartners-display-component---NewPartner--assignmentYard-application-managepartners-display-component---NewPartner--assignmentsTable-0-inner"}
COMMAND: POST /session/700a0ab92761895b5ec9a5372f8d46fb/element/f.647512A71DDA687F9F591F39CAC5A62D.d.772E76BBEBFB0A790CA656EC4B7F63A2.e.20678/clear - {}
RESULT: {}
RESULT: {}
COMMAND: POST /session/700a0ab92761895b5ec9a5372f8d46fb/element/f.647512A71DDA687F9F591F39CAC5A62D.d.772E76BBEBFB0A790CA656EC4B7F63A2.e.20678/value - {"text":"802"}
COMMAND: GET /session/700a0ab92761895b5ec9a5372f8d46fb/screenshot - {}
RESULT: {"text":"802"}
COMMAND: POST /session/700a0ab92761895b5ec9a5372f8d46fb/execute/async - {"script":"<script> [1562 bytes]","args":[{"selector":{"id":"application-managepartners-display-component---NewPartner--assignmentYard-application-managepartners-display-component---NewPartner--assignmentsTable-0-arrow"},"wdio_ui5_key":"applicationmanagepartners-display-component---NewPartner--assignmentYard-application-managepartners-display-component---NewPartner--assignmentsTable-0-arrow"}]}
COMMAND: GET /session/700a0ab92761895b5ec9a5372f8d46fb/screenshot - {}
RESULT: {}
RESULT: {"script":"<script> [1562 bytes]","args":[{"selector":{"id":"application-managepartners-display-component---NewPartner--assignmentYard-application-managepartners-display-component---NewPartner--assignmentsTable-0-arrow"},"wdio_ui5_key":"applicationmanagepartners-display-component---NewPartner--assignmentYard-application-managepartners-display-component---NewPartner--assignmentsTable-0-arrow"}]}
RESULT: undefined
COMMAND: POST /session/700a0ab92761895b5ec9a5372f8d46fb/element - {"using":"xpath","value":"//*[@id=\"application-managepartners-display-component---NewPartner--assignmentYard-application-managepartners-display-component---NewPartner--assignmentsTable-0-arrow\"]"}
RESULT: {}
RESULT: {"using":"xpath","value":"//*[@id=\"application-managepartners-display-component---NewPartner--assignmentYard-application-managepartners-display-component---NewPartner--assignmentsTable-0-arrow\"]"}
COMMAND: POST /session/700a0ab92761895b5ec9a5372f8d46fb/element/f.647512A71DDA687F9F591F39CAC5A62D.d.772E76BBEBFB0A790CA656EC4B7F63A2.e.20685/click - {}
RESULT: {}
COMMAND: GET /session/700a0ab92761895b5ec9a5372f8d46fb/screenshot - {}
RESULT: {}
COMMAND: POST /session/700a0ab92761895b5ec9a5372f8d46fb/execute/async - {"script":"<script> [1562 bytes]","args":[{"selector":{"controlType":"sap.m.Button","viewName":"etm.portal.ui.managepartners.view.NewPartner","viewId":"application-managepartners-display-component---NewPartner","i18NText":{"propertyName":"text","key":"save"},"interaction":{"idSuffix":"BDI-content"}},"wdio_ui5_key":"etmportal.ui.managepartners.view.NewPartnersap.m.Button{\"propertyName\":\"text\",\"key\":\"save\"}"}]}
RESULT: {"script":"<script> [1562 bytes]","args":[{"selector":{"controlType":"sap.m.Button","viewName":"etm.portal.ui.managepartners.view.NewPartner","viewId":"application-managepartners-display-component---NewPartner","i18NText":{"propertyName":"text","key":"save"},"interaction":{"idSuffix":"BDI-content"}},"wdio_ui5_key":"etmportal.ui.managepartners.view.NewPartnersap.m.Button{\"propertyName\":\"text\",\"key\":\"save\"}"}]}
RESULT: undefined
COMMAND: POST /session/700a0ab92761895b5ec9a5372f8d46fb/element - {"using":"xpath","value":"//*[@id=\"__button127\"]"}
RESULT: {"using":"xpath","value":"//*[@id=\"__button127\"]"}
COMMAND: POST /session/700a0ab92761895b5ec9a5372f8d46fb/element/f.647512A71DDA687F9F591F39CAC5A62D.d.772E76BBEBFB0A790CA656EC4B7F63A2.e.20630/click - {}
RESULT: {}
COMMAND: GET /session/700a0ab92761895b5ec9a5372f8d46fb/screenshot - {}
RESULT: {}
COMMAND: POST /session/700a0ab92761895b5ec9a5372f8d46fb/execute/async - {"script":"<script> [1562 bytes]","args":[{"selector":{"controlType":"sap.m.Text","viewName":"etm.portal.ui.managepartners.view.Detail","viewId":"application-managepartners-display-component---detailPtm","bindingPath":{"propertyPath":"ID","modelName":"catalogModel"}},"wdio_ui5_key":"etmportal.ui.managepartners.view.Detailsap.m.Text{\"propertyPath\":\"ID\",\"modelName\":\"catalogModel\"}"}]}
RESULT: {"script":"<script> [1562 bytes]","args":[{"selector":{"controlType":"sap.m.Text","viewName":"etm.portal.ui.managepartners.view.Detail","viewId":"application-managepartners-display-component---detailPtm","bindingPath":{"propertyPath":"ID","modelName":"catalogModel"}},"wdio_ui5_key":"etmportal.ui.managepartners.view.Detailsap.m.Text{\"propertyPath\":\"ID\",\"modelName\":\"catalogModel\"}"}]}
RESULT: undefined
COMMAND: POST /session/700a0ab92761895b5ec9a5372f8d46fb/execute/async - {"script":"<script> [6424 bytes]","args":[{"element-6066-11e4-a52e-4f735466cecf":"f.647512A71DDA687F9F591F39CAC5A62D.d.772E76BBEBFB0A790CA656EC4B7F63A2.e.20848"},"getText",[]]}
RESULT: {"script":"<script> [6424 bytes]","args":[{"element-6066-11e4-a52e-4f735466cecf":"f.647512A71DDA687F9F591F39CAC5A62D.d.772E76BBEBFB0A790CA656EC4B7F63A2.e.20848"},"getText",[]]}
COMMAND: POST /session/700a0ab92761895b5ec9a5372f8d46fb/element - {"using":"css selector","value":"#shell-header-logo"}
RESULT: {"using":"css selector","value":"#shell-header-logo"}
COMMAND: POST /session/700a0ab92761895b5ec9a5372f8d46fb/element/f.647512A71DDA687F9F591F39CAC5A62D.d.772E76BBEBFB0A790CA656EC4B7F63A2.e.20177/click - {}
RESULT: {}
]]></system-out>
    </testcase>
    <testcase classname="chrome.135_0_7049_96.windows.Provide_to_Site_w/o_warehouse_management_w/o_clarification_US116612" name="Should create a new WHM Material" time="85.544">
      <system-out><![CDATA[
COMMAND: POST /session/700a0ab92761895b5ec9a5372f8d46fb/execute/async - {"script":"<script> [1562 bytes]","args":[{"selector":{"controlType":"sap.m.GenericTile","properties":{"header":"Manage Resources"}},"wdio_ui5_key":"sapm.GenericTile{\"header\":\"Manage Resources\"}"}]}
COMMAND: GET /session/700a0ab92761895b5ec9a5372f8d46fb/screenshot - {}
RESULT: {"script":"<script> [1562 bytes]","args":[{"selector":{"controlType":"sap.m.GenericTile","properties":{"header":"Manage Resources"}},"wdio_ui5_key":"sapm.GenericTile{\"header\":\"Manage Resources\"}"}]}
RESULT: undefined
COMMAND: POST /session/700a0ab92761895b5ec9a5372f8d46fb/element - {"using":"xpath","value":"//*[@id=\"__tile39\"]"}
RESULT: {}
RESULT: {"using":"xpath","value":"//*[@id=\"__tile39\"]"}
COMMAND: POST /session/700a0ab92761895b5ec9a5372f8d46fb/element/f.647512A71DDA687F9F591F39CAC5A62D.d.772E76BBEBFB0A790CA656EC4B7F63A2.e.20850/click - {}
RESULT: {}
COMMAND: POST /session/700a0ab92761895b5ec9a5372f8d46fb/execute/async - {"script":"<script> [1562 bytes]","args":[{"selector":{"controlType":"sap.m.OverflowToolbarButton","viewName":"etm.portal.ui.manageresources.view.Master","viewId":"application-manageresources-display-component---masterRU","bindingPath":{"path":"","propertyPath":"/isLogbook","modelName":"minimumStockRPGModel"},"interaction":{"idSuffix":"inner"}},"wdio_ui5_key":"etmportal.ui.manageresources.view.Mastersap.m.OverflowToolbarButton{\"path\":\"\",\"propertyPath\":\"/isLogbook\",\"modelName\":\"minimumStockRPGModel\"}"}]}
COMMAND: GET /session/700a0ab92761895b5ec9a5372f8d46fb/screenshot - {}
RESULT: undefined
RESULT: undefined
RESULT: {"script":"<script> [1562 bytes]","args":[{"selector":{"controlType":"sap.m.OverflowToolbarButton","viewName":"etm.portal.ui.manageresources.view.Master","viewId":"application-manageresources-display-component---masterRU","bindingPath":{"path":"","propertyPath":"/isLogbook","modelName":"minimumStockRPGModel"},"interaction":{"idSuffix":"inner"}},"wdio_ui5_key":"etmportal.ui.manageresources.view.Mastersap.m.OverflowToolbarButton{\"path\":\"\",\"propertyPath\":\"/isLogbook\",\"modelName\":\"minimumStockRPGModel\"}"}]}
RESULT: undefined
COMMAND: POST /session/700a0ab92761895b5ec9a5372f8d46fb/element - {"using":"xpath","value":"//*[@id=\"__button168\"]"}
RESULT: {}
RESULT: {"using":"xpath","value":"//*[@id=\"__button168\"]"}
COMMAND: POST /session/700a0ab92761895b5ec9a5372f8d46fb/element/f.647512A71DDA687F9F591F39CAC5A62D.d.772E76BBEBFB0A790CA656EC4B7F63A2.e.20891/click - {}
RESULT: {}
COMMAND: GET /session/700a0ab92761895b5ec9a5372f8d46fb/screenshot - {}
RESULT: {}
COMMAND: POST /session/700a0ab92761895b5ec9a5372f8d46fb/execute/async - {"script":"<script> [1562 bytes]","args":[{"selector":{"id":"application-manageresources-display-component---newResourceUnit--TYPE-arrow"},"wdio_ui5_key":"applicationmanageresources-display-component---newResourceUnit--TYPE-arrow"}]}
RESULT: {"script":"<script> [1562 bytes]","args":[{"selector":{"id":"application-manageresources-display-component---newResourceUnit--TYPE-arrow"},"wdio_ui5_key":"applicationmanageresources-display-component---newResourceUnit--TYPE-arrow"}]}
RESULT: undefined
COMMAND: POST /session/700a0ab92761895b5ec9a5372f8d46fb/element - {"using":"xpath","value":"//*[@id=\"application-manageresources-display-component---newResourceUnit--TYPE-arrow\"]"}
RESULT: {"using":"xpath","value":"//*[@id=\"application-manageresources-display-component---newResourceUnit--TYPE-arrow\"]"}
COMMAND: POST /session/700a0ab92761895b5ec9a5372f8d46fb/element/f.647512A71DDA687F9F591F39CAC5A62D.d.772E76BBEBFB0A790CA656EC4B7F63A2.e.21197/click - {}
RESULT: {}
COMMAND: POST /session/700a0ab92761895b5ec9a5372f8d46fb/execute/async - {"script":"<script> [1562 bytes]","args":[{"selector":{"controlType":"sap.m.StandardListItem","viewName":"reusables.view.manageresources.NewResourceUnit","viewId":"application-manageresources-display-component---newResourceUnit","properties":{"title":"Material"},"searchOpenDialogs":true,"interaction":{"idSuffix":"content"}},"wdio_ui5_key":"reusablesview.manageresources.NewResourceUnitsap.m.StandardListItem{\"title\":\"Material\"}"}]}
COMMAND: GET /session/700a0ab92761895b5ec9a5372f8d46fb/screenshot - {}
RESULT: {"script":"<script> [1562 bytes]","args":[{"selector":{"controlType":"sap.m.StandardListItem","viewName":"reusables.view.manageresources.NewResourceUnit","viewId":"application-manageresources-display-component---newResourceUnit","properties":{"title":"Material"},"searchOpenDialogs":true,"interaction":{"idSuffix":"content"}},"wdio_ui5_key":"reusablesview.manageresources.NewResourceUnitsap.m.StandardListItem{\"title\":\"Material\"}"}]}
RESULT: undefined
COMMAND: POST /session/700a0ab92761895b5ec9a5372f8d46fb/element - {"using":"xpath","value":"//*[@id=\"__item2093\"]"}
RESULT: {}
RESULT: {"using":"xpath","value":"//*[@id=\"__item2093\"]"}
COMMAND: POST /session/700a0ab92761895b5ec9a5372f8d46fb/element/f.647512A71DDA687F9F591F39CAC5A62D.d.772E76BBEBFB0A790CA656EC4B7F63A2.e.21200/click - {}
RESULT: {}
COMMAND: POST /session/700a0ab92761895b5ec9a5372f8d46fb/execute/async - {"script":"<script> [1562 bytes]","args":[{"selector":{"id":"application-manageresources-display-component---newResourceUnit--resourceId","interaction":{"idSuffix":"inner"}},"wdio_ui5_key":"applicationmanageresources-display-component---newResourceUnit--resourceId"}]}
COMMAND: GET /session/700a0ab92761895b5ec9a5372f8d46fb/screenshot - {}
RESULT: {"script":"<script> [1562 bytes]","args":[{"selector":{"id":"application-manageresources-display-component---newResourceUnit--resourceId","interaction":{"idSuffix":"inner"}},"wdio_ui5_key":"applicationmanageresources-display-component---newResourceUnit--resourceId"}]}
RESULT: undefined
COMMAND: POST /session/700a0ab92761895b5ec9a5372f8d46fb/execute/async - {"script":"<script> [1562 bytes]","args":[{"selector":{"id":"application-manageresources-display-component---newResourceUnit--SHORT_TEXT","interaction":{"idSuffix":"inner"}},"wdio_ui5_key":"applicationmanageresources-display-component---newResourceUnit--SHORT_TEXT"}]}
RESULT: {}
RESULT: {"script":"<script> [1562 bytes]","args":[{"selector":{"id":"application-manageresources-display-component---newResourceUnit--SHORT_TEXT","interaction":{"idSuffix":"inner"}},"wdio_ui5_key":"applicationmanageresources-display-component---newResourceUnit--SHORT_TEXT"}]}
RESULT: undefined
COMMAND: POST /session/700a0ab92761895b5ec9a5372f8d46fb/execute/async - {"script":"<script> [776 bytes]","args":[{"enterText":"material WHM","selector":{"id":"application-manageresources-display-component---newResourceUnit--SHORT_TEXT","interaction":{"idSuffix":"inner"}},"clearTextFirst":true,"interactionType":"ENTER_TEXT"}]}
RESULT: {"script":"<script> [776 bytes]","args":[{"enterText":"material WHM","selector":{"id":"application-manageresources-display-component---newResourceUnit--SHORT_TEXT","interaction":{"idSuffix":"inner"}},"clearTextFirst":true,"interactionType":"ENTER_TEXT"}]}
COMMAND: POST /session/700a0ab92761895b5ec9a5372f8d46fb/execute/async - {"script":"<script> [1562 bytes]","args":[{"selector":{"id":"application-manageresources-display-component---newResourceUnit--BASE_UNIT_OF_MEASURE","interaction":{"idSuffix":"inner"}},"wdio_ui5_key":"applicationmanageresources-display-component---newResourceUnit--BASE_UNIT_OF_MEASURE"}]}
RESULT: {"script":"<script> [1562 bytes]","args":[{"selector":{"id":"application-manageresources-display-component---newResourceUnit--BASE_UNIT_OF_MEASURE","interaction":{"idSuffix":"inner"}},"wdio_ui5_key":"applicationmanageresources-display-component---newResourceUnit--BASE_UNIT_OF_MEASURE"}]}
RESULT: undefined
COMMAND: POST /session/700a0ab92761895b5ec9a5372f8d46fb/execute/async - {"script":"<script> [776 bytes]","args":[{"enterText":"Piece","selector":{"id":"application-manageresources-display-component---newResourceUnit--BASE_UNIT_OF_MEASURE","interaction":{"idSuffix":"inner"}},"clearTextFirst":true,"interactionType":"ENTER_TEXT"}]}
RESULT: {"script":"<script> [776 bytes]","args":[{"enterText":"Piece","selector":{"id":"application-manageresources-display-component---newResourceUnit--BASE_UNIT_OF_MEASURE","interaction":{"idSuffix":"inner"}},"clearTextFirst":true,"interactionType":"ENTER_TEXT"}]}
COMMAND: POST /session/700a0ab92761895b5ec9a5372f8d46fb/execute/async - {"script":"<script> [1562 bytes]","args":[{"selector":{"id":"application-manageresources-display-component---newResourceUnit--WEIGHT_UNIT","interaction":{"idSuffix":"inner"}},"wdio_ui5_key":"applicationmanageresources-display-component---newResourceUnit--WEIGHT_UNIT"}]}
RESULT: {"script":"<script> [1562 bytes]","args":[{"selector":{"id":"application-manageresources-display-component---newResourceUnit--WEIGHT_UNIT","interaction":{"idSuffix":"inner"}},"wdio_ui5_key":"applicationmanageresources-display-component---newResourceUnit--WEIGHT_UNIT"}]}
RESULT: undefined
COMMAND: POST /session/700a0ab92761895b5ec9a5372f8d46fb/execute/async - {"script":"<script> [776 bytes]","args":[{"enterText":"Gram","selector":{"id":"application-manageresources-display-component---newResourceUnit--WEIGHT_UNIT","interaction":{"idSuffix":"inner"}},"clearTextFirst":true,"interactionType":"ENTER_TEXT"}]}
RESULT: {"script":"<script> [776 bytes]","args":[{"enterText":"Gram","selector":{"id":"application-manageresources-display-component---newResourceUnit--WEIGHT_UNIT","interaction":{"idSuffix":"inner"}},"clearTextFirst":true,"interactionType":"ENTER_TEXT"}]}
COMMAND: POST /session/700a0ab92761895b5ec9a5372f8d46fb/execute/async - {"script":"<script> [1562 bytes]","args":[{"selector":{"id":"application-manageresources-display-component---newResourceUnit--DIMENSION_UNIT","interaction":{"idSuffix":"inner"}},"wdio_ui5_key":"applicationmanageresources-display-component---newResourceUnit--DIMENSION_UNIT"}]}
RESULT: {"script":"<script> [1562 bytes]","args":[{"selector":{"id":"application-manageresources-display-component---newResourceUnit--DIMENSION_UNIT","interaction":{"idSuffix":"inner"}},"wdio_ui5_key":"applicationmanageresources-display-component---newResourceUnit--DIMENSION_UNIT"}]}
RESULT: undefined
COMMAND: POST /session/700a0ab92761895b5ec9a5372f8d46fb/execute/async - {"script":"<script> [776 bytes]","args":[{"enterText":"Meter","selector":{"id":"application-manageresources-display-component---newResourceUnit--DIMENSION_UNIT","interaction":{"idSuffix":"inner"}},"clearTextFirst":true,"interactionType":"ENTER_TEXT"}]}
RESULT: {"script":"<script> [776 bytes]","args":[{"enterText":"Meter","selector":{"id":"application-manageresources-display-component---newResourceUnit--DIMENSION_UNIT","interaction":{"idSuffix":"inner"}},"clearTextFirst":true,"interactionType":"ENTER_TEXT"}]}
COMMAND: POST /session/700a0ab92761895b5ec9a5372f8d46fb/execute/async - {"script":"<script> [1562 bytes]","args":[{"selector":{"id":"application-manageresources-display-component---newResourceUnit--newRRUPage-anchBar-application-manageresources-display-component---newResourceUnit--control-anchor","interaction":{"idSuffix":"content"}},"wdio_ui5_key":"applicationmanageresources-display-component---newResourceUnit--newRRUPage-anchBar-application-manageresources-display-component---newResourceUnit--control-anchor"}]}
RESULT: {"script":"<script> [1562 bytes]","args":[{"selector":{"id":"application-manageresources-display-component---newResourceUnit--newRRUPage-anchBar-application-manageresources-display-component---newResourceUnit--control-anchor","interaction":{"idSuffix":"content"}},"wdio_ui5_key":"applicationmanageresources-display-component---newResourceUnit--newRRUPage-anchBar-application-manageresources-display-component---newResourceUnit--control-anchor"}]}
RESULT: undefined
COMMAND: POST /session/700a0ab92761895b5ec9a5372f8d46fb/element - {"using":"xpath","value":"//*[@id=\"application-manageresources-display-component---newResourceUnit--newRRUPage-anchBar-application-manageresources-display-component---newResourceUnit--control-anchor\"]"}
RESULT: {"using":"xpath","value":"//*[@id=\"application-manageresources-display-component---newResourceUnit--newRRUPage-anchBar-application-manageresources-display-component---newResourceUnit--control-anchor\"]"}
COMMAND: POST /session/700a0ab92761895b5ec9a5372f8d46fb/element/f.647512A71DDA687F9F591F39CAC5A62D.d.772E76BBEBFB0A790CA656EC4B7F63A2.e.21264/click - {}
RESULT: {}
COMMAND: POST /session/700a0ab92761895b5ec9a5372f8d46fb/execute/async - {"script":"<script> [1562 bytes]","args":[{"selector":{"id":"application-manageresources-display-component---newResourceUnit--PLANNING_GROUP","interaction":{"idSuffix":"inner"}},"wdio_ui5_key":"applicationmanageresources-display-component---newResourceUnit--PLANNING_GROUP"}]}
COMMAND: GET /session/700a0ab92761895b5ec9a5372f8d46fb/screenshot - {}
RESULT: {"script":"<script> [1562 bytes]","args":[{"selector":{"id":"application-manageresources-display-component---newResourceUnit--PLANNING_GROUP","interaction":{"idSuffix":"inner"}},"wdio_ui5_key":"applicationmanageresources-display-component---newResourceUnit--PLANNING_GROUP"}]}
RESULT: undefined
COMMAND: POST /session/700a0ab92761895b5ec9a5372f8d46fb/execute/async - {"script":"<script> [776 bytes]","args":[{"enterText":"Heavy Equi","selector":{"id":"application-manageresources-display-component---newResourceUnit--PLANNING_GROUP","interaction":{"idSuffix":"inner"}},"clearTextFirst":true,"interactionType":"ENTER_TEXT"}]}
RESULT: {}
RESULT: {"script":"<script> [776 bytes]","args":[{"enterText":"Heavy Equi","selector":{"id":"application-manageresources-display-component---newResourceUnit--PLANNING_GROUP","interaction":{"idSuffix":"inner"}},"clearTextFirst":true,"interactionType":"ENTER_TEXT"}]}
COMMAND: POST /session/700a0ab92761895b5ec9a5372f8d46fb/execute/async - {"script":"<script> [1562 bytes]","args":[{"selector":{"id":"application-manageresources-display-component---newResourceUnit--PLANNING_INDICATOR","interaction":{"idSuffix":"inner"}},"wdio_ui5_key":"applicationmanageresources-display-component---newResourceUnit--PLANNING_INDICATOR"}]}
RESULT: {"script":"<script> [1562 bytes]","args":[{"selector":{"id":"application-manageresources-display-component---newResourceUnit--PLANNING_INDICATOR","interaction":{"idSuffix":"inner"}},"wdio_ui5_key":"applicationmanageresources-display-component---newResourceUnit--PLANNING_INDICATOR"}]}
RESULT: undefined
COMMAND: POST /session/700a0ab92761895b5ec9a5372f8d46fb/execute/async - {"script":"<script> [776 bytes]","args":[{"enterText":"10 - infinite","selector":{"id":"application-manageresources-display-component---newResourceUnit--PLANNING_INDICATOR","interaction":{"idSuffix":"inner"}},"clearTextFirst":true,"interactionType":"ENTER_TEXT"}]}
RESULT: {"script":"<script> [776 bytes]","args":[{"enterText":"10 - infinite","selector":{"id":"application-manageresources-display-component---newResourceUnit--PLANNING_INDICATOR","interaction":{"idSuffix":"inner"}},"clearTextFirst":true,"interactionType":"ENTER_TEXT"}]}
COMMAND: POST /session/700a0ab92761895b5ec9a5372f8d46fb/actions - {"actions":[{"id":"action81","type":"key","parameters":{},"actions":[{"type":"keyDown","value":"î€‡"},{"type":"pause","duration":10},{"type":"keyUp","value":"î€‡"}]}]}
RESULT: {"actions":[{"id":"action81","type":"key","parameters":{},"actions":[{"type":"keyDown","value":"î€‡"},{"type":"pause","duration":10},{"type":"keyUp","value":"î€‡"}]}]}
COMMAND: POST /session/700a0ab92761895b5ec9a5372f8d46fb/execute/async - {"script":"<script> [1562 bytes]","args":[{"selector":{"id":"application-manageresources-display-component---newResourceUnit--ITEM_TYPE-arrow"},"wdio_ui5_key":"applicationmanageresources-display-component---newResourceUnit--ITEM_TYPE-arrow"}]}
COMMAND: GET /session/700a0ab92761895b5ec9a5372f8d46fb/screenshot - {}
RESULT: {"script":"<script> [1562 bytes]","args":[{"selector":{"id":"application-manageresources-display-component---newResourceUnit--ITEM_TYPE-arrow"},"wdio_ui5_key":"applicationmanageresources-display-component---newResourceUnit--ITEM_TYPE-arrow"}]}
RESULT: undefined
COMMAND: POST /session/700a0ab92761895b5ec9a5372f8d46fb/element - {"using":"xpath","value":"//*[@id=\"application-manageresources-display-component---newResourceUnit--ITEM_TYPE-arrow\"]"}
RESULT: {}
RESULT: {"using":"xpath","value":"//*[@id=\"application-manageresources-display-component---newResourceUnit--ITEM_TYPE-arrow\"]"}
COMMAND: POST /session/700a0ab92761895b5ec9a5372f8d46fb/element/f.647512A71DDA687F9F591F39CAC5A62D.d.772E76BBEBFB0A790CA656EC4B7F63A2.e.21274/click - {}
RESULT: {}
COMMAND: POST /session/700a0ab92761895b5ec9a5372f8d46fb/execute/async - {"script":"<script> [1562 bytes]","args":[{"selector":{"controlType":"sap.m.StandardListItem","viewName":"reusables.view.manageresources.NewResourceUnit","viewId":"application-manageresources-display-component---newResourceUnit","properties":{"title":"Resource Unit"},"searchOpenDialogs":true,"interaction":{"idSuffix":"titleText"}},"wdio_ui5_key":"reusablesview.manageresources.NewResourceUnitsap.m.StandardListItem{\"title\":\"Resource Unit\"}"}]}
COMMAND: GET /session/700a0ab92761895b5ec9a5372f8d46fb/screenshot - {}
RESULT: {"script":"<script> [1562 bytes]","args":[{"selector":{"controlType":"sap.m.StandardListItem","viewName":"reusables.view.manageresources.NewResourceUnit","viewId":"application-manageresources-display-component---newResourceUnit","properties":{"title":"Resource Unit"},"searchOpenDialogs":true,"interaction":{"idSuffix":"titleText"}},"wdio_ui5_key":"reusablesview.manageresources.NewResourceUnitsap.m.StandardListItem{\"title\":\"Resource Unit\"}"}]}
RESULT: undefined
RESULT: {}
COMMAND: POST /session/700a0ab92761895b5ec9a5372f8d46fb/execute/async - {"script":"<script> [1562 bytes]","args":[{"selector":{"controlType":"sap.m.Label","viewName":"reusables.view.manageresources.NewResourceUnit","viewId":"application-manageresources-display-component---newResourceUnit","i18NText":{"propertyName":"text","key":"planningGroup"},"interaction":{"idSuffix":"bdi"}},"wdio_ui5_key":"reusablesview.manageresources.NewResourceUnitsap.m.Label{\"propertyName\":\"text\",\"key\":\"planningGroup\"}"}]}
RESULT: {"script":"<script> [1562 bytes]","args":[{"selector":{"controlType":"sap.m.Label","viewName":"reusables.view.manageresources.NewResourceUnit","viewId":"application-manageresources-display-component---newResourceUnit","i18NText":{"propertyName":"text","key":"planningGroup"},"interaction":{"idSuffix":"bdi"}},"wdio_ui5_key":"reusablesview.manageresources.NewResourceUnitsap.m.Label{\"propertyName\":\"text\",\"key\":\"planningGroup\"}"}]}
RESULT: undefined
COMMAND: POST /session/700a0ab92761895b5ec9a5372f8d46fb/element - {"using":"xpath","value":"//*[@id=\"__label263\"]"}
RESULT: {"using":"xpath","value":"//*[@id=\"__label263\"]"}
COMMAND: POST /session/700a0ab92761895b5ec9a5372f8d46fb/element/f.647512A71DDA687F9F591F39CAC5A62D.d.772E76BBEBFB0A790CA656EC4B7F63A2.e.21276/click - {}
RESULT: {}
COMMAND: GET /session/700a0ab92761895b5ec9a5372f8d46fb/screenshot - {}
RESULT: {}
COMMAND: POST /session/700a0ab92761895b5ec9a5372f8d46fb/actions - {"actions":[{"type":"key","id":"keyboard","actions":[{"type":"keyDown","value":"î›"}]}]}
RESULT: {"actions":[{"type":"key","id":"keyboard","actions":[{"type":"keyDown","value":"î›"}]}]}
COMMAND: GET /session/700a0ab92761895b5ec9a5372f8d46fb/screenshot - {}
RESULT: {}
COMMAND: POST /session/700a0ab92761895b5ec9a5372f8d46fb/actions - {"actions":[{"type":"key","id":"keyboard","actions":[{"type":"keyDown","value":"î›"}]}]}
RESULT: {"actions":[{"type":"key","id":"keyboard","actions":[{"type":"keyDown","value":"î›"}]}]}
COMMAND: GET /session/700a0ab92761895b5ec9a5372f8d46fb/screenshot - {}
RESULT: {}
COMMAND: POST /session/700a0ab92761895b5ec9a5372f8d46fb/actions - {"actions":[{"type":"key","id":"keyboard","actions":[{"type":"keyDown","value":"î›"}]}]}
RESULT: {"actions":[{"type":"key","id":"keyboard","actions":[{"type":"keyDown","value":"î›"}]}]}
COMMAND: GET /session/700a0ab92761895b5ec9a5372f8d46fb/screenshot - {}
RESULT: {}
COMMAND: POST /session/700a0ab92761895b5ec9a5372f8d46fb/actions - {"actions":[{"type":"key","id":"keyboard","actions":[{"type":"keyDown","value":"î›"}]}]}
RESULT: {"actions":[{"type":"key","id":"keyboard","actions":[{"type":"keyDown","value":"î›"}]}]}
COMMAND: GET /session/700a0ab92761895b5ec9a5372f8d46fb/screenshot - {}
RESULT: {}
COMMAND: POST /session/700a0ab92761895b5ec9a5372f8d46fb/actions - {"actions":[{"type":"key","id":"keyboard","actions":[{"type":"keyDown","value":"î›"}]}]}
RESULT: {"actions":[{"type":"key","id":"keyboard","actions":[{"type":"keyDown","value":"î›"}]}]}
COMMAND: GET /session/700a0ab92761895b5ec9a5372f8d46fb/screenshot - {}
RESULT: {}
COMMAND: POST /session/700a0ab92761895b5ec9a5372f8d46fb/actions - {"actions":[{"type":"key","id":"keyboard","actions":[{"type":"keyDown","value":"î›"}]}]}
RESULT: {"actions":[{"type":"key","id":"keyboard","actions":[{"type":"keyDown","value":"î›"}]}]}
COMMAND: GET /session/700a0ab92761895b5ec9a5372f8d46fb/screenshot - {}
RESULT: {}
COMMAND: POST /session/700a0ab92761895b5ec9a5372f8d46fb/execute/async - {"script":"<script> [1562 bytes]","args":[{"selector":{"id":"application-manageresources-display-component---newResourceUnit--btnAddTimeSegment-img"},"wdio_ui5_key":"applicationmanageresources-display-component---newResourceUnit--btnAddTimeSegment-img"}]}
RESULT: {"script":"<script> [1562 bytes]","args":[{"selector":{"id":"application-manageresources-display-component---newResourceUnit--btnAddTimeSegment-img"},"wdio_ui5_key":"applicationmanageresources-display-component---newResourceUnit--btnAddTimeSegment-img"}]}
RESULT: undefined
COMMAND: POST /session/700a0ab92761895b5ec9a5372f8d46fb/element - {"using":"xpath","value":"//*[@id=\"application-manageresources-display-component---newResourceUnit--btnAddTimeSegment-img\"]"}
RESULT: {"using":"xpath","value":"//*[@id=\"application-manageresources-display-component---newResourceUnit--btnAddTimeSegment-img\"]"}
COMMAND: POST /session/700a0ab92761895b5ec9a5372f8d46fb/element/f.647512A71DDA687F9F591F39CAC5A62D.d.772E76BBEBFB0A790CA656EC4B7F63A2.e.21277/click - {}
RESULT: {}
COMMAND: POST /session/700a0ab92761895b5ec9a5372f8d46fb/element - {"using":"xpath","value":"//input[@id=\"application-manageresources-display-component---newResourceUnit--idRuTSAdmin-application-manageresources-display-component---newResourceUnit--RUTimeSegment-0-inner\"]"}
COMMAND: GET /session/700a0ab92761895b5ec9a5372f8d46fb/screenshot - {}
RESULT: {"using":"xpath","value":"//input[@id=\"application-manageresources-display-component---newResourceUnit--idRuTSAdmin-application-manageresources-display-component---newResourceUnit--RUTimeSegment-0-inner\"]"}
COMMAND: POST /session/700a0ab92761895b5ec9a5372f8d46fb/element/f.647512A71DDA687F9F591F39CAC5A62D.d.772E76BBEBFB0A790CA656EC4B7F63A2.e.21280/clear - {}
RESULT: {}
RESULT: {}
COMMAND: POST /session/700a0ab92761895b5ec9a5372f8d46fb/element/f.647512A71DDA687F9F591F39CAC5A62D.d.772E76BBEBFB0A790CA656EC4B7F63A2.e.21280/value - {"text":"802"}
COMMAND: GET /session/700a0ab92761895b5ec9a5372f8d46fb/screenshot - {}
RESULT: {"text":"802"}
COMMAND: GET /session/700a0ab92761895b5ec9a5372f8d46fb/screenshot - {}
RESULT: {}
RESULT: {}
COMMAND: POST /session/700a0ab92761895b5ec9a5372f8d46fb/actions - {"actions":[{"id":"action82","type":"key","parameters":{},"actions":[{"type":"keyDown","value":"î€‡"},{"type":"pause","duration":10},{"type":"keyUp","value":"î€‡"}]}]}
RESULT: {"actions":[{"id":"action82","type":"key","parameters":{},"actions":[{"type":"keyDown","value":"î€‡"},{"type":"pause","duration":10},{"type":"keyUp","value":"î€‡"}]}]}
COMMAND: GET /session/700a0ab92761895b5ec9a5372f8d46fb/screenshot - {}
RESULT: {}
COMMAND: POST /session/700a0ab92761895b5ec9a5372f8d46fb/execute/async - {"script":"<script> [1562 bytes]","args":[{"selector":{"controlType":"sap.m.Button","viewName":"reusables.view.manageresources.NewResourceUnit","viewId":"application-manageresources-display-component---newResourceUnit","i18NText":{"propertyName":"tooltip","key":"save"},"interaction":{"idSuffix":"BDI-content"}},"wdio_ui5_key":"reusablesview.manageresources.NewResourceUnitsap.m.Button{\"propertyName\":\"tooltip\",\"key\":\"save\"}"}]}
RESULT: {"script":"<script> [1562 bytes]","args":[{"selector":{"controlType":"sap.m.Button","viewName":"reusables.view.manageresources.NewResourceUnit","viewId":"application-manageresources-display-component---newResourceUnit","i18NText":{"propertyName":"tooltip","key":"save"},"interaction":{"idSuffix":"BDI-content"}},"wdio_ui5_key":"reusablesview.manageresources.NewResourceUnitsap.m.Button{\"propertyName\":\"tooltip\",\"key\":\"save\"}"}]}
RESULT: undefined
COMMAND: POST /session/700a0ab92761895b5ec9a5372f8d46fb/element - {"using":"xpath","value":"//*[@id=\"application-manageresources-display-component---newResourceUnit--createRuButton\"]"}
RESULT: {"using":"xpath","value":"//*[@id=\"application-manageresources-display-component---newResourceUnit--createRuButton\"]"}
COMMAND: POST /session/700a0ab92761895b5ec9a5372f8d46fb/element/f.647512A71DDA687F9F591F39CAC5A62D.d.772E76BBEBFB0A790CA656EC4B7F63A2.e.21213/click - {}
RESULT: {}
COMMAND: POST /session/700a0ab92761895b5ec9a5372f8d46fb/execute/async - {"script":"<script> [1562 bytes]","args":[{"selector":{"controlType":"sap.m.Button","properties":{"text":"Close"},"searchOpenDialogs":true,"interaction":{"idSuffix":"BDI-content"}},"wdio_ui5_key":"sapm.Button{\"text\":\"Close\"}"}]}
COMMAND: GET /session/700a0ab92761895b5ec9a5372f8d46fb/screenshot - {}
RESULT: {"script":"<script> [1562 bytes]","args":[{"selector":{"controlType":"sap.m.Button","properties":{"text":"Close"},"searchOpenDialogs":true,"interaction":{"idSuffix":"BDI-content"}},"wdio_ui5_key":"sapm.Button{\"text\":\"Close\"}"}]}
RESULT: undefined
COMMAND: POST /session/700a0ab92761895b5ec9a5372f8d46fb/element - {"using":"xpath","value":"//*[@id=\"__mbox-btn-0\"]"}
RESULT: {}
RESULT: {"using":"xpath","value":"//*[@id=\"__mbox-btn-0\"]"}
COMMAND: POST /session/700a0ab92761895b5ec9a5372f8d46fb/element/f.647512A71DDA687F9F591F39CAC5A62D.d.772E76BBEBFB0A790CA656EC4B7F63A2.e.21293/click - {}
RESULT: {}
COMMAND: GET /session/700a0ab92761895b5ec9a5372f8d46fb/screenshot - {}
RESULT: {}
COMMAND: POST /session/700a0ab92761895b5ec9a5372f8d46fb/execute/async - {"script":"<script> [1562 bytes]","args":[{"selector":{"controlType":"sap.m.Text","viewName":"etm.portal.ui.manageresources.view.Detail","viewId":"application-manageresources-display-component---detailRU","bindingPath":{"propertyPath":"ID","modelName":"catalogModel"}},"wdio_ui5_key":"etmportal.ui.manageresources.view.Detailsap.m.Text{\"propertyPath\":\"ID\",\"modelName\":\"catalogModel\"}"}]}
RESULT: {"script":"<script> [1562 bytes]","args":[{"selector":{"controlType":"sap.m.Text","viewName":"etm.portal.ui.manageresources.view.Detail","viewId":"application-manageresources-display-component---detailRU","bindingPath":{"propertyPath":"ID","modelName":"catalogModel"}},"wdio_ui5_key":"etmportal.ui.manageresources.view.Detailsap.m.Text{\"propertyPath\":\"ID\",\"modelName\":\"catalogModel\"}"}]}
RESULT: undefined
COMMAND: POST /session/700a0ab92761895b5ec9a5372f8d46fb/execute/async - {"script":"<script> [6424 bytes]","args":[{"element-6066-11e4-a52e-4f735466cecf":"f.647512A71DDA687F9F591F39CAC5A62D.d.772E76BBEBFB0A790CA656EC4B7F63A2.e.21325"},"getText",[]]}
RESULT: {"script":"<script> [6424 bytes]","args":[{"element-6066-11e4-a52e-4f735466cecf":"f.647512A71DDA687F9F591F39CAC5A62D.d.772E76BBEBFB0A790CA656EC4B7F63A2.e.21325"},"getText",[]]}
COMMAND: POST /session/700a0ab92761895b5ec9a5372f8d46fb/element - {"using":"css selector","value":"#shell-header-logo"}
RESULT: {"using":"css selector","value":"#shell-header-logo"}
COMMAND: POST /session/700a0ab92761895b5ec9a5372f8d46fb/element/f.647512A71DDA687F9F591F39CAC5A62D.d.772E76BBEBFB0A790CA656EC4B7F63A2.e.20852/click - {}
RESULT: {}
COMMAND: GET /session/700a0ab92761895b5ec9a5372f8d46fb/screenshot - {}
RESULT: {}
]]></system-out>
    </testcase>
  </testsuite>
  <testsuite timestamp="2025-04-24T17:26:46" time="631.881" tests="5" failures="0" errors="0" skipped="0">
    <properties>
      <property name="specId" value="0" />
      <property name="suiteName" value="Provide to Site w/o warehouse management wo clarification" />
      <property name="capabilities" value="chrome.135_0_7049_96.windows" />
      <property name="file" value="file:///D:/a/1/s/test/specs/HTR/provide-to-site-wo-warehouse-wo-clarification.spec.js" />
    </properties>
    <testcase classname="chrome.135_0_7049_96.windows.Provide_to_Site_w/o_warehouse_management_wo_clarification" name="Should do a stock increase handover" time="70.178">
      <system-out><![CDATA[
COMMAND: POST /session/700a0ab92761895b5ec9a5372f8d46fb/execute/async - {"script":"<script> [1562 bytes]","args":[{"selector":{"controlType":"sap.m.GenericTile","properties":{"header":"Manage Handovers"}},"wdio_ui5_key":"sapm.GenericTile{\"header\":\"Manage Handovers\"}"}]}
RESULT: {"script":"<script> [1562 bytes]","args":[{"selector":{"controlType":"sap.m.GenericTile","properties":{"header":"Manage Handovers"}},"wdio_ui5_key":"sapm.GenericTile{\"header\":\"Manage Handovers\"}"}]}
RESULT: undefined
COMMAND: POST /session/700a0ab92761895b5ec9a5372f8d46fb/element - {"using":"xpath","value":"//*[@id=\"__tile131\"]"}
RESULT: {"using":"xpath","value":"//*[@id=\"__tile131\"]"}
COMMAND: POST /session/700a0ab92761895b5ec9a5372f8d46fb/element/f.647512A71DDA687F9F591F39CAC5A62D.d.772E76BBEBFB0A790CA656EC4B7F63A2.e.21327/click - {}
RESULT: {}
COMMAND: GET /session/700a0ab92761895b5ec9a5372f8d46fb/screenshot - {}
COMMAND: POST /session/700a0ab92761895b5ec9a5372f8d46fb/element - {"using":"xpath","value":"//button[(@data-kt = 'masterHOAddButton')]"}
RESULT: {}
RESULT: {"using":"xpath","value":"//button[(@data-kt = 'masterHOAddButton')]"}
COMMAND: POST /session/700a0ab92761895b5ec9a5372f8d46fb/element/f.647512A71DDA687F9F591F39CAC5A62D.d.772E76BBEBFB0A790CA656EC4B7F63A2.e.21366/click - {}
RESULT: {}
COMMAND: POST /session/700a0ab92761895b5ec9a5372f8d46fb/element - {"using":"css selector","value":"span[id=\"application-managehandovers-display-component---AddNewHO--typeSelect-label\"]"}
COMMAND: GET /session/700a0ab92761895b5ec9a5372f8d46fb/screenshot - {}
RESULT: {"using":"css selector","value":"span[id=\"application-managehandovers-display-component---AddNewHO--typeSelect-label\"]"}
COMMAND: POST /session/700a0ab92761895b5ec9a5372f8d46fb/elements - {"using":"css selector","value":"span[id=\"application-managehandovers-display-component---AddNewHO--typeSelect-label\"]"}
RESULT: {}
RESULT: {"using":"css selector","value":"span[id=\"application-managehandovers-display-component---AddNewHO--typeSelect-label\"]"}
COMMAND: POST /session/700a0ab92761895b5ec9a5372f8d46fb/element - {"using":"css selector","value":"span[id=\"application-managehandovers-display-component---AddNewHO--typeSelect-label\"]"}
RESULT: {"using":"css selector","value":"span[id=\"application-managehandovers-display-component---AddNewHO--typeSelect-label\"]"}
COMMAND: POST /session/700a0ab92761895b5ec9a5372f8d46fb/element/f.647512A71DDA687F9F591F39CAC5A62D.d.772E76BBEBFB0A790CA656EC4B7F63A2.e.21662/click - {}
RESULT: {}
COMMAND: POST /session/700a0ab92761895b5ec9a5372f8d46fb/element - {"using":"css selector","value":"#application-managehandovers-display-component---AddNewHO--oneStep-CB"}
COMMAND: GET /session/700a0ab92761895b5ec9a5372f8d46fb/screenshot - {}
RESULT: {"using":"css selector","value":"#application-managehandovers-display-component---AddNewHO--oneStep-CB"}
COMMAND: GET /session/700a0ab92761895b5ec9a5372f8d46fb/element/f.647512A71DDA687F9F591F39CAC5A62D.d.772E76BBEBFB0A790CA656EC4B7F63A2.e.21610/selected - {}
RESULT: {}
RESULT: {}
COMMAND: POST /session/700a0ab92761895b5ec9a5372f8d46fb/element - {"using":"xpath","value":"//li[contains(text(), \"stock increase yard\")]"}
COMMAND: GET /session/700a0ab92761895b5ec9a5372f8d46fb/screenshot - {}
RESULT: {"using":"xpath","value":"//li[contains(text(), \"stock increase yard\")]"}
COMMAND: POST /session/700a0ab92761895b5ec9a5372f8d46fb/element/f.647512A71DDA687F9F591F39CAC5A62D.d.772E76BBEBFB0A790CA656EC4B7F63A2.e.21663/click - {}
RESULT: {}
RESULT: {}
COMMAND: GET /session/700a0ab92761895b5ec9a5372f8d46fb/screenshot - {}
RESULT: {}
COMMAND: POST /session/700a0ab92761895b5ec9a5372f8d46fb/element - {"using":"css selector","value":"input[id=\"generalSectionFrg--receiveYard-inner\"]"}
RESULT: {"using":"css selector","value":"input[id=\"generalSectionFrg--receiveYard-inner\"]"}
COMMAND: POST /session/700a0ab92761895b5ec9a5372f8d46fb/element/f.647512A71DDA687F9F591F39CAC5A62D.d.772E76BBEBFB0A790CA656EC4B7F63A2.e.21671/clear - {}
RESULT: {}
COMMAND: POST /session/700a0ab92761895b5ec9a5372f8d46fb/element/f.647512A71DDA687F9F591F39CAC5A62D.d.772E76BBEBFB0A790CA656EC4B7F63A2.e.21671/value - {"text":"802"}
COMMAND: GET /session/700a0ab92761895b5ec9a5372f8d46fb/screenshot - {}
RESULT: {"text":"802"}
COMMAND: GET /session/700a0ab92761895b5ec9a5372f8d46fb/screenshot - {}
RESULT: {}
RESULT: {}
COMMAND: POST /session/700a0ab92761895b5ec9a5372f8d46fb/element - {"using":"css selector","value":"#application-managehandovers-display-component---AddNewHO--dueDate-inner"}
RESULT: {"using":"css selector","value":"#application-managehandovers-display-component---AddNewHO--dueDate-inner"}
COMMAND: POST /session/700a0ab92761895b5ec9a5372f8d46fb/element/f.647512A71DDA687F9F591F39CAC5A62D.d.772E76BBEBFB0A790CA656EC4B7F63A2.e.21665/clear - {}
RESULT: {}
COMMAND: POST /session/700a0ab92761895b5ec9a5372f8d46fb/element/f.647512A71DDA687F9F591F39CAC5A62D.d.772E76BBEBFB0A790CA656EC4B7F63A2.e.21665/value - {"text":"4/24/25"}
COMMAND: GET /session/700a0ab92761895b5ec9a5372f8d46fb/screenshot - {}
RESULT: {"text":"4/24/25"}
COMMAND: GET /session/700a0ab92761895b5ec9a5372f8d46fb/screenshot - {}
RESULT: {}
RESULT: {}
COMMAND: POST /session/700a0ab92761895b5ec9a5372f8d46fb/element - {"using":"xpath","value":"//bdi[(text() = 'Items' or . = 'Items')]"}
RESULT: {"using":"xpath","value":"//bdi[(text() = 'Items' or . = 'Items')]"}
COMMAND: POST /session/700a0ab92761895b5ec9a5372f8d46fb/element/f.647512A71DDA687F9F591F39CAC5A62D.d.772E76BBEBFB0A790CA656EC4B7F63A2.e.21689/click - {}
RESULT: {}
COMMAND: GET /session/700a0ab92761895b5ec9a5372f8d46fb/screenshot - {}
RESULT: {}
COMMAND: POST /session/700a0ab92761895b5ec9a5372f8d46fb/element - {"using":"xpath","value":"//button[@aria-label=\"Add\"]"}
RESULT: {"using":"xpath","value":"//button[@aria-label=\"Add\"]"}
COMMAND: POST /session/700a0ab92761895b5ec9a5372f8d46fb/element/f.647512A71DDA687F9F591F39CAC5A62D.d.772E76BBEBFB0A790CA656EC4B7F63A2.e.21694/click - {}
RESULT: {}
COMMAND: GET /session/700a0ab92761895b5ec9a5372f8d46fb/screenshot - {}
RESULT: {}
COMMAND: POST /session/700a0ab92761895b5ec9a5372f8d46fb/element - {"using":"css selector","value":"input[id= \"application-managehandovers-display-component---AddNewHO--smartFilterBar-btnBasicSearch-I\"]"}
RESULT: {"using":"css selector","value":"input[id= \"application-managehandovers-display-component---AddNewHO--smartFilterBar-btnBasicSearch-I\"]"}
COMMAND: POST /session/700a0ab92761895b5ec9a5372f8d46fb/element/f.647512A71DDA687F9F591F39CAC5A62D.d.772E76BBEBFB0A790CA656EC4B7F63A2.e.21699/clear - {}
RESULT: {}
COMMAND: POST /session/700a0ab92761895b5ec9a5372f8d46fb/element/f.647512A71DDA687F9F591F39CAC5A62D.d.772E76BBEBFB0A790CA656EC4B7F63A2.e.21699/value - {"text":"200525"}
COMMAND: GET /session/700a0ab92761895b5ec9a5372f8d46fb/screenshot - {}
RESULT: {"text":"200525"}
COMMAND: POST /session/700a0ab92761895b5ec9a5372f8d46fb/actions - {"actions":[{"id":"action83","type":"key","parameters":{},"actions":[{"type":"keyDown","value":"î€‡"},{"type":"pause","duration":10},{"type":"keyUp","value":"î€‡"}]}]}
COMMAND: GET /session/700a0ab92761895b5ec9a5372f8d46fb/screenshot - {}
RESULT: {}
RESULT: {"actions":[{"id":"action83","type":"key","parameters":{},"actions":[{"type":"keyDown","value":"î€‡"},{"type":"pause","duration":10},{"type":"keyUp","value":"î€‡"}]}]}
COMMAND: POST /session/700a0ab92761895b5ec9a5372f8d46fb/element - {"using":"css selector","value":"div[id= \"application-managehandovers-display-component---AddNewHO--smartFilterBar-btnBasicSearch-search\"]"}
COMMAND: GET /session/700a0ab92761895b5ec9a5372f8d46fb/screenshot - {}
RESULT: {}
RESULT: {"using":"css selector","value":"div[id= \"application-managehandovers-display-component---AddNewHO--smartFilterBar-btnBasicSearch-search\"]"}
COMMAND: POST /session/700a0ab92761895b5ec9a5372f8d46fb/element/f.647512A71DDA687F9F591F39CAC5A62D.d.772E76BBEBFB0A790CA656EC4B7F63A2.e.21849/click - {}
RESULT: {}
RESULT: {}
COMMAND: GET /session/700a0ab92761895b5ec9a5372f8d46fb/screenshot - {}
RESULT: {}
COMMAND: POST /session/700a0ab92761895b5ec9a5372f8d46fb/element - {"using":"css selector","value":"div[id= \"application-managehandovers-display-component---AddNewHO--popup-sa-CbBg\"]"}
RESULT: {"using":"css selector","value":"div[id= \"application-managehandovers-display-component---AddNewHO--popup-sa-CbBg\"]"}
COMMAND: POST /session/700a0ab92761895b5ec9a5372f8d46fb/element/f.647512A71DDA687F9F591F39CAC5A62D.d.772E76BBEBFB0A790CA656EC4B7F63A2.e.21850/click - {}
RESULT: {}
COMMAND: POST /session/700a0ab92761895b5ec9a5372f8d46fb/element - {"using":"xpath","value":"//bdi[(text() = 'Select' or . = 'Select')]"}
COMMAND: GET /session/700a0ab92761895b5ec9a5372f8d46fb/screenshot - {}
RESULT: {"using":"xpath","value":"//bdi[(text() = 'Select' or . = 'Select')]"}
COMMAND: POST /session/700a0ab92761895b5ec9a5372f8d46fb/element/f.647512A71DDA687F9F591F39CAC5A62D.d.772E76BBEBFB0A790CA656EC4B7F63A2.e.21851/click - {}
RESULT: {}
RESULT: {}
COMMAND: GET /session/700a0ab92761895b5ec9a5372f8d46fb/screenshot - {}
RESULT: {}
COMMAND: POST /session/700a0ab92761895b5ec9a5372f8d46fb/element - {"using":"xpath","value":"//bdi[(text() = 'Save' or . = 'Save')]"}
RESULT: {"using":"xpath","value":"//bdi[(text() = 'Save' or . = 'Save')]"}
COMMAND: POST /session/700a0ab92761895b5ec9a5372f8d46fb/element/f.647512A71DDA687F9F591F39CAC5A62D.d.772E76BBEBFB0A790CA656EC4B7F63A2.e.21855/click - {}
RESULT: {}
COMMAND: GET /session/700a0ab92761895b5ec9a5372f8d46fb/screenshot - {}
RESULT: {}
COMMAND: POST /session/700a0ab92761895b5ec9a5372f8d46fb/element - {"using":"xpath","value":"//input[contains(@id ,\"receiptDatePicker-inner\")]"}
RESULT: {"using":"xpath","value":"//input[contains(@id ,\"receiptDatePicker-inner\")]"}
COMMAND: POST /session/700a0ab92761895b5ec9a5372f8d46fb/element/f.647512A71DDA687F9F591F39CAC5A62D.d.772E76BBEBFB0A790CA656EC4B7F63A2.e.21883/click - {}
RESULT: {}
COMMAND: POST /session/700a0ab92761895b5ec9a5372f8d46fb/element - {"using":"xpath","value":"//input[contains(@id ,\"receiptDatePicker-inner\")]"}
COMMAND: GET /session/700a0ab92761895b5ec9a5372f8d46fb/screenshot - {}
RESULT: {"using":"xpath","value":"//input[contains(@id ,\"receiptDatePicker-inner\")]"}
COMMAND: POST /session/700a0ab92761895b5ec9a5372f8d46fb/element/f.647512A71DDA687F9F591F39CAC5A62D.d.772E76BBEBFB0A790CA656EC4B7F63A2.e.21883/clear - {}
RESULT: {}
RESULT: {}
COMMAND: POST /session/700a0ab92761895b5ec9a5372f8d46fb/element/f.647512A71DDA687F9F591F39CAC5A62D.d.772E76BBEBFB0A790CA656EC4B7F63A2.e.21883/value - {"text":"4/24/25"}
COMMAND: GET /session/700a0ab92761895b5ec9a5372f8d46fb/screenshot - {}
RESULT: {"text":"4/24/25"}
COMMAND: GET /session/700a0ab92761895b5ec9a5372f8d46fb/screenshot - {}
RESULT: {}
RESULT: {}
COMMAND: POST /session/700a0ab92761895b5ec9a5372f8d46fb/execute/async - {"script":"<script> [1562 bytes]","args":[{"selector":{"id":"administrationTabFilter","viewName":"etm.portal.ui.managehandovers.view.DetailExecuteHO","interaction":{"idSuffix":"text"}},"wdio_ui5_key":"administrationTabFilteretmportal.ui.managehandovers.view.DetailExecuteHO"}]}
RESULT: {"script":"<script> [1562 bytes]","args":[{"selector":{"id":"administrationTabFilter","viewName":"etm.portal.ui.managehandovers.view.DetailExecuteHO","interaction":{"idSuffix":"text"}},"wdio_ui5_key":"administrationTabFilteretmportal.ui.managehandovers.view.DetailExecuteHO"}]}
RESULT: undefined
COMMAND: POST /session/700a0ab92761895b5ec9a5372f8d46fb/element - {"using":"xpath","value":"//*[@id=\"__xmlview59--administrationTabFilter\"]"}
RESULT: {"using":"xpath","value":"//*[@id=\"__xmlview59--administrationTabFilter\"]"}
COMMAND: POST /session/700a0ab92761895b5ec9a5372f8d46fb/element/f.647512A71DDA687F9F591F39CAC5A62D.d.772E76BBEBFB0A790CA656EC4B7F63A2.e.21899/click - {}
RESULT: {}
RESULT: undefined
COMMAND: POST /session/700a0ab92761895b5ec9a5372f8d46fb/element - {"using":"xpath","value":"//*[@id=\"__xmlview59--administrationTabFilter\"]"}
COMMAND: GET /session/700a0ab92761895b5ec9a5372f8d46fb/screenshot - {}
RESULT: {"using":"xpath","value":"//*[@id=\"__xmlview59--administrationTabFilter\"]"}
COMMAND: POST /session/700a0ab92761895b5ec9a5372f8d46fb/element/f.647512A71DDA687F9F591F39CAC5A62D.d.772E76BBEBFB0A790CA656EC4B7F63A2.e.21899/click - {}
RESULT: {}
RESULT: {}
COMMAND: GET /session/700a0ab92761895b5ec9a5372f8d46fb/screenshot - {}
RESULT: {}
COMMAND: POST /session/700a0ab92761895b5ec9a5372f8d46fb/element - {"using":"xpath","value":"//bdi[(text() = 'Confirm' or . = 'Confirm')]"}
RESULT: {"using":"xpath","value":"//bdi[(text() = 'Confirm' or . = 'Confirm')]"}
COMMAND: POST /session/700a0ab92761895b5ec9a5372f8d46fb/element/f.647512A71DDA687F9F591F39CAC5A62D.d.772E76BBEBFB0A790CA656EC4B7F63A2.e.21907/click - {}
RESULT: {}
COMMAND: GET /session/700a0ab92761895b5ec9a5372f8d46fb/screenshot - {}
RESULT: {}
COMMAND: POST /session/700a0ab92761895b5ec9a5372f8d46fb/execute/async - {"script":"<script> [1562 bytes]","args":[{"selector":{"id":"confirmationButton","viewName":"etm.portal.ui.managehandovers.view.DetailExecuteHO","interaction":{"idSuffix":"BDI-content"}},"wdio_ui5_key":"confirmationButtonetmportal.ui.managehandovers.view.DetailExecuteHO"}]}
RESULT: {"script":"<script> [1562 bytes]","args":[{"selector":{"id":"confirmationButton","viewName":"etm.portal.ui.managehandovers.view.DetailExecuteHO","interaction":{"idSuffix":"BDI-content"}},"wdio_ui5_key":"confirmationButtonetmportal.ui.managehandovers.view.DetailExecuteHO"}]}
RESULT: undefined
COMMAND: POST /session/700a0ab92761895b5ec9a5372f8d46fb/element - {"using":"xpath","value":"(//bdi[text()='Receive'])[2]"}
RESULT: {"using":"xpath","value":"(//bdi[text()='Receive'])[2]"}
COMMAND: GET /session/700a0ab92761895b5ec9a5372f8d46fb/element/f.647512A71DDA687F9F591F39CAC5A62D.d.772E76BBEBFB0A790CA656EC4B7F63A2.e.21911/enabled - {}
RESULT: {}
COMMAND: POST /session/700a0ab92761895b5ec9a5372f8d46fb/execute/sync - {"script":"<script> [8489 bytes]","args":[{"element-6066-11e4-a52e-4f735466cecf":"f.647512A71DDA687F9F591F39CAC5A62D.d.772E76BBEBFB0A790CA656EC4B7F63A2.e.21911","ELEMENT":"f.647512A71DDA687F9F591F39CAC5A62D.d.772E76BBEBFB0A790CA656EC4B7F63A2.e.21911"}]}
COMMAND: GET /session/700a0ab92761895b5ec9a5372f8d46fb/screenshot - {}
RESULT: {"script":"<script> [8489 bytes]","args":[{"element-6066-11e4-a52e-4f735466cecf":"f.647512A71DDA687F9F591F39CAC5A62D.d.772E76BBEBFB0A790CA656EC4B7F63A2.e.21911","ELEMENT":"f.647512A71DDA687F9F591F39CAC5A62D.d.772E76BBEBFB0A790CA656EC4B7F63A2.e.21911"}]}
COMMAND: POST /session/700a0ab92761895b5ec9a5372f8d46fb/execute/sync - {"script":"<script> [5351 bytes]","args":[{"element-6066-11e4-a52e-4f735466cecf":"f.647512A71DDA687F9F591F39CAC5A62D.d.772E76BBEBFB0A790CA656EC4B7F63A2.e.21911","ELEMENT":"f.647512A71DDA687F9F591F39CAC5A62D.d.772E76BBEBFB0A790CA656EC4B7F63A2.e.21911"}]}
COMMAND: GET /session/700a0ab92761895b5ec9a5372f8d46fb/screenshot - {}
RESULT: {}
RESULT: {"script":"<script> [5351 bytes]","args":[{"element-6066-11e4-a52e-4f735466cecf":"f.647512A71DDA687F9F591F39CAC5A62D.d.772E76BBEBFB0A790CA656EC4B7F63A2.e.21911","ELEMENT":"f.647512A71DDA687F9F591F39CAC5A62D.d.772E76BBEBFB0A790CA656EC4B7F63A2.e.21911"}]}
COMMAND: POST /session/700a0ab92761895b5ec9a5372f8d46fb/element/f.647512A71DDA687F9F591F39CAC5A62D.d.772E76BBEBFB0A790CA656EC4B7F63A2.e.21911/click - {}
COMMAND: GET /session/700a0ab92761895b5ec9a5372f8d46fb/screenshot - {}
RESULT: {}
RESULT: {}
COMMAND: GET /session/700a0ab92761895b5ec9a5372f8d46fb/screenshot - {}
RESULT: {}
RESULT: {}
COMMAND: POST /session/700a0ab92761895b5ec9a5372f8d46fb/element - {"using":"css selector","value":"#shell-header-logo"}
RESULT: {"using":"css selector","value":"#shell-header-logo"}
COMMAND: POST /session/700a0ab92761895b5ec9a5372f8d46fb/element/f.647512A71DDA687F9F591F39CAC5A62D.d.772E76BBEBFB0A790CA656EC4B7F63A2.e.21329/click - {}
RESULT: {}
COMMAND: GET /session/700a0ab92761895b5ec9a5372f8d46fb/screenshot - {}
RESULT: {}
]]></system-out>
    </testcase>
    <testcase classname="chrome.135_0_7049_96.windows.Provide_to_Site_w/o_warehouse_management_wo_clarification" name="Should create a new contract" time="66.43">
      <system-out><![CDATA[
COMMAND: POST /session/700a0ab92761895b5ec9a5372f8d46fb/execute/async - {"script":"<script> [1562 bytes]","args":[{"selector":{"controlType":"sap.m.GenericTile","properties":{"header":"Manage Contracts"}},"wdio_ui5_key":"sapm.GenericTile{\"header\":\"Manage Contracts\"}"}]}
RESULT: {"script":"<script> [1562 bytes]","args":[{"selector":{"controlType":"sap.m.GenericTile","properties":{"header":"Manage Contracts"}},"wdio_ui5_key":"sapm.GenericTile{\"header\":\"Manage Contracts\"}"}]}
RESULT: undefined
COMMAND: POST /session/700a0ab92761895b5ec9a5372f8d46fb/element - {"using":"xpath","value":"//*[@id=\"__tile130\"]"}
RESULT: {"using":"xpath","value":"//*[@id=\"__tile130\"]"}
COMMAND: POST /session/700a0ab92761895b5ec9a5372f8d46fb/element/f.647512A71DDA687F9F591F39CAC5A62D.d.772E76BBEBFB0A790CA656EC4B7F63A2.e.22121/click - {}
RESULT: {}
COMMAND: GET /session/700a0ab92761895b5ec9a5372f8d46fb/screenshot - {}
COMMAND: POST /session/700a0ab92761895b5ec9a5372f8d46fb/execute/async - {"script":"<script> [1562 bytes]","args":[{"selector":{"controlType":"sap.ui.core.Icon","viewName":"etm.portal.ui.managecontracts.view.Master","properties":{"src":{"regex":{"source":"add"}}}},"wdio_ui5_key":"etmportal.ui.managecontracts.view.Mastersap.ui.core.Icon{\"src\":{\"regex\":{\"source\":\"add\"}}}"}]}
RESULT: {}
RESULT: undefined
RESULT: undefined
RESULT: {"script":"<script> [1562 bytes]","args":[{"selector":{"controlType":"sap.ui.core.Icon","viewName":"etm.portal.ui.managecontracts.view.Master","properties":{"src":{"regex":{"source":"add"}}}},"wdio_ui5_key":"etmportal.ui.managecontracts.view.Mastersap.ui.core.Icon{\"src\":{\"regex\":{\"source\":\"add\"}}}"}]}
RESULT: undefined
COMMAND: POST /session/700a0ab92761895b5ec9a5372f8d46fb/element - {"using":"xpath","value":"//*[@id=\"__button298-img\"]"}
RESULT: {"using":"xpath","value":"//*[@id=\"__button298-img\"]"}
COMMAND: POST /session/700a0ab92761895b5ec9a5372f8d46fb/element/f.647512A71DDA687F9F591F39CAC5A62D.d.772E76BBEBFB0A790CA656EC4B7F63A2.e.22179/click - {}
RESULT: {}
COMMAND: POST /session/700a0ab92761895b5ec9a5372f8d46fb/execute/async - {"script":"<script> [1562 bytes]","args":[{"selector":{"id":"application-managecontracts-display-component---AddNewContract--projectDescription","interaction":{"idSuffix":"inner"}},"wdio_ui5_key":"applicationmanagecontracts-display-component---AddNewContract--projectDescription"}]}
COMMAND: GET /session/700a0ab92761895b5ec9a5372f8d46fb/screenshot - {}
RESULT: {"script":"<script> [1562 bytes]","args":[{"selector":{"id":"application-managecontracts-display-component---AddNewContract--projectDescription","interaction":{"idSuffix":"inner"}},"wdio_ui5_key":"applicationmanagecontracts-display-component---AddNewContract--projectDescription"}]}
RESULT: undefined
COMMAND: POST /session/700a0ab92761895b5ec9a5372f8d46fb/execute/async - {"script":"<script> [776 bytes]","args":[{"enterText":"wdi5 contract for billing","selector":{"id":"application-managecontracts-display-component---AddNewContract--projectDescription","interaction":{"idSuffix":"inner"}},"clearTextFirst":true,"interactionType":"ENTER_TEXT"}]}
RESULT: {}
RESULT: {"script":"<script> [776 bytes]","args":[{"enterText":"wdi5 contract for billing","selector":{"id":"application-managecontracts-display-component---AddNewContract--projectDescription","interaction":{"idSuffix":"inner"}},"clearTextFirst":true,"interactionType":"ENTER_TEXT"}]}
COMMAND: POST /session/700a0ab92761895b5ec9a5372f8d46fb/element - {"using":"xpath","value":"//input[@id=\"application-managecontracts-display-component---AddNewContract--customerSelect-inner\"]"}
RESULT: {"using":"xpath","value":"//input[@id=\"application-managecontracts-display-component---AddNewContract--customerSelect-inner\"]"}
COMMAND: POST /session/700a0ab92761895b5ec9a5372f8d46fb/element/f.647512A71DDA687F9F591F39CAC5A62D.d.772E76BBEBFB0A790CA656EC4B7F63A2.e.22458/clear - {}
RESULT: {}
COMMAND: POST /session/700a0ab92761895b5ec9a5372f8d46fb/element/f.647512A71DDA687F9F591F39CAC5A62D.d.772E76BBEBFB0A790CA656EC4B7F63A2.e.22458/value - {"text":"1642"}
COMMAND: GET /session/700a0ab92761895b5ec9a5372f8d46fb/screenshot - {}
RESULT: {"text":"1642"}
COMMAND: GET /session/700a0ab92761895b5ec9a5372f8d46fb/screenshot - {}
RESULT: {}
RESULT: {}
COMMAND: POST /session/700a0ab92761895b5ec9a5372f8d46fb/actions - {"actions":[{"id":"action84","type":"key","parameters":{},"actions":[{"type":"keyDown","value":"î€‡"},{"type":"pause","duration":10},{"type":"keyUp","value":"î€‡"}]}]}
RESULT: {"actions":[{"id":"action84","type":"key","parameters":{},"actions":[{"type":"keyDown","value":"î€‡"},{"type":"pause","duration":10},{"type":"keyUp","value":"î€‡"}]}]}
COMMAND: POST /session/700a0ab92761895b5ec9a5372f8d46fb/element - {"using":"xpath","value":"//input[@id=\"application-managecontracts-display-component---AddNewContract--site-inner\"]"}
COMMAND: GET /session/700a0ab92761895b5ec9a5372f8d46fb/screenshot - {}
RESULT: {"using":"xpath","value":"//input[@id=\"application-managecontracts-display-component---AddNewContract--site-inner\"]"}
COMMAND: POST /session/700a0ab92761895b5ec9a5372f8d46fb/element/f.647512A71DDA687F9F591F39CAC5A62D.d.772E76BBEBFB0A790CA656EC4B7F63A2.e.22459/clear - {}
RESULT: {}
RESULT: {}
COMMAND: POST /session/700a0ab92761895b5ec9a5372f8d46fb/element/f.647512A71DDA687F9F591F39CAC5A62D.d.772E76BBEBFB0A790CA656EC4B7F63A2.e.22459/value - {"text":"2600"}
COMMAND: GET /session/700a0ab92761895b5ec9a5372f8d46fb/screenshot - {}
RESULT: {"text":"2600"}
COMMAND: GET /session/700a0ab92761895b5ec9a5372f8d46fb/screenshot - {}
RESULT: {}
RESULT: {}
COMMAND: POST /session/700a0ab92761895b5ec9a5372f8d46fb/actions - {"actions":[{"id":"action85","type":"key","parameters":{},"actions":[{"type":"keyDown","value":"î€‡"},{"type":"pause","duration":10},{"type":"keyUp","value":"î€‡"}]}]}
RESULT: {"actions":[{"id":"action85","type":"key","parameters":{},"actions":[{"type":"keyDown","value":"î€‡"},{"type":"pause","duration":10},{"type":"keyUp","value":"î€‡"}]}]}
COMMAND: POST /session/700a0ab92761895b5ec9a5372f8d46fb/execute/async - {"script":"<script> [1562 bytes]","args":[{"selector":{"id":"application-managecontracts-display-component---AddNewContract--calendarInput","interaction":{"idSuffix":"inner"}},"wdio_ui5_key":"applicationmanagecontracts-display-component---AddNewContract--calendarInput"}]}
COMMAND: GET /session/700a0ab92761895b5ec9a5372f8d46fb/screenshot - {}
RESULT: {"script":"<script> [1562 bytes]","args":[{"selector":{"id":"application-managecontracts-display-component---AddNewContract--calendarInput","interaction":{"idSuffix":"inner"}},"wdio_ui5_key":"applicationmanagecontracts-display-component---AddNewContract--calendarInput"}]}
RESULT: undefined
COMMAND: POST /session/700a0ab92761895b5ec9a5372f8d46fb/execute/async - {"script":"<script> [776 bytes]","args":[{"enterText":"1 - Calendar unit test patch","selector":{"id":"application-managecontracts-display-component---AddNewContract--calendarInput","interaction":{"idSuffix":"inner"}},"clearTextFirst":true,"interactionType":"ENTER_TEXT"}]}
RESULT: {}
RESULT: {"script":"<script> [776 bytes]","args":[{"enterText":"1 - Calendar unit test patch","selector":{"id":"application-managecontracts-display-component---AddNewContract--calendarInput","interaction":{"idSuffix":"inner"}},"clearTextFirst":true,"interactionType":"ENTER_TEXT"}]}
COMMAND: POST /session/700a0ab92761895b5ec9a5372f8d46fb/actions - {"actions":[{"id":"action86","type":"key","parameters":{},"actions":[{"type":"keyDown","value":"î€‡"},{"type":"pause","duration":10},{"type":"keyUp","value":"î€‡"}]}]}
RESULT: {"actions":[{"id":"action86","type":"key","parameters":{},"actions":[{"type":"keyDown","value":"î€‡"},{"type":"pause","duration":10},{"type":"keyUp","value":"î€‡"}]}]}
COMMAND: POST /session/700a0ab92761895b5ec9a5372f8d46fb/execute/async - {"script":"<script> [1562 bytes]","args":[{"selector":{"id":"application-managecontracts-display-component---AddNewContract--languageCB","interaction":{"idSuffix":"inner"}},"wdio_ui5_key":"applicationmanagecontracts-display-component---AddNewContract--languageCB"}]}
COMMAND: GET /session/700a0ab92761895b5ec9a5372f8d46fb/screenshot - {}
RESULT: {"script":"<script> [1562 bytes]","args":[{"selector":{"id":"application-managecontracts-display-component---AddNewContract--languageCB","interaction":{"idSuffix":"inner"}},"wdio_ui5_key":"applicationmanagecontracts-display-component---AddNewContract--languageCB"}]}
RESULT: undefined
COMMAND: POST /session/700a0ab92761895b5ec9a5372f8d46fb/execute/async - {"script":"<script> [776 bytes]","args":[{"enterText":"EN - English","selector":{"id":"application-managecontracts-display-component---AddNewContract--languageCB","interaction":{"idSuffix":"inner"}},"clearTextFirst":true,"interactionType":"ENTER_TEXT"}]}
RESULT: {}
RESULT: {"script":"<script> [776 bytes]","args":[{"enterText":"EN - English","selector":{"id":"application-managecontracts-display-component---AddNewContract--languageCB","interaction":{"idSuffix":"inner"}},"clearTextFirst":true,"interactionType":"ENTER_TEXT"}]}
COMMAND: POST /session/700a0ab92761895b5ec9a5372f8d46fb/actions - {"actions":[{"id":"action87","type":"key","parameters":{},"actions":[{"type":"keyDown","value":"î€‡"},{"type":"pause","duration":10},{"type":"keyUp","value":"î€‡"}]}]}
RESULT: {"actions":[{"id":"action87","type":"key","parameters":{},"actions":[{"type":"keyDown","value":"î€‡"},{"type":"pause","duration":10},{"type":"keyUp","value":"î€‡"}]}]}
COMMAND: POST /session/700a0ab92761895b5ec9a5372f8d46fb/execute/async - {"script":"<script> [1562 bytes]","args":[{"selector":{"id":"application-managecontracts-display-component---AddNewContract--saveBtn","interaction":{"idSuffix":"BDI-content"}},"wdio_ui5_key":"applicationmanagecontracts-display-component---AddNewContract--saveBtn"}]}
COMMAND: GET /session/700a0ab92761895b5ec9a5372f8d46fb/screenshot - {}
RESULT: {"script":"<script> [1562 bytes]","args":[{"selector":{"id":"application-managecontracts-display-component---AddNewContract--saveBtn","interaction":{"idSuffix":"BDI-content"}},"wdio_ui5_key":"applicationmanagecontracts-display-component---AddNewContract--saveBtn"}]}
RESULT: undefined
COMMAND: POST /session/700a0ab92761895b5ec9a5372f8d46fb/element - {"using":"xpath","value":"//*[@id=\"application-managecontracts-display-component---AddNewContract--saveBtn\"]"}
RESULT: {}
RESULT: {"using":"xpath","value":"//*[@id=\"application-managecontracts-display-component---AddNewContract--saveBtn\"]"}
COMMAND: POST /session/700a0ab92761895b5ec9a5372f8d46fb/element/f.647512A71DDA687F9F591F39CAC5A62D.d.772E76BBEBFB0A790CA656EC4B7F63A2.e.22479/click - {}
RESULT: {}
COMMAND: GET /session/700a0ab92761895b5ec9a5372f8d46fb/screenshot - {}
RESULT: {}
COMMAND: POST /session/700a0ab92761895b5ec9a5372f8d46fb/execute/async - {"script":"<script> [1562 bytes]","args":[{"selector":{"id":"contractDetailTitleNoExpanded","viewName":"etm.portal.ui.managecontracts.view.Detail"},"wdio_ui5_key":"contractDetailTitleNoExpandedetmportal.ui.managecontracts.view.Detail"}]}
RESULT: {"script":"<script> [1562 bytes]","args":[{"selector":{"id":"contractDetailTitleNoExpanded","viewName":"etm.portal.ui.managecontracts.view.Detail"},"wdio_ui5_key":"contractDetailTitleNoExpandedetmportal.ui.managecontracts.view.Detail"}]}
RESULT: undefined
COMMAND: POST /session/700a0ab92761895b5ec9a5372f8d46fb/execute/async - {"script":"<script> [6424 bytes]","args":[{"element-6066-11e4-a52e-4f735466cecf":"f.647512A71DDA687F9F591F39CAC5A62D.d.772E76BBEBFB0A790CA656EC4B7F63A2.e.22567"},"getText",[]]}
RESULT: {"script":"<script> [6424 bytes]","args":[{"element-6066-11e4-a52e-4f735466cecf":"f.647512A71DDA687F9F591F39CAC5A62D.d.772E76BBEBFB0A790CA656EC4B7F63A2.e.22567"},"getText",[]]}
]]></system-out>
    </testcase>
    <testcase classname="chrome.135_0_7049_96.windows.Provide_to_Site_w/o_warehouse_management_wo_clarification" name="Should add resource to the contract" time="63.156">
      <system-out><![CDATA[
COMMAND: POST /session/700a0ab92761895b5ec9a5372f8d46fb/execute/async - {"script":"<script> [1562 bytes]","args":[{"selector":{"id":"contractDetailEditBtn","viewName":"etm.portal.ui.managecontracts.view.Detail","interaction":{"idSuffix":"BDI-content"}},"wdio_ui5_key":"contractDetailEditBtnetmportal.ui.managecontracts.view.Detail"}]}
RESULT: {"script":"<script> [1562 bytes]","args":[{"selector":{"id":"contractDetailEditBtn","viewName":"etm.portal.ui.managecontracts.view.Detail","interaction":{"idSuffix":"BDI-content"}},"wdio_ui5_key":"contractDetailEditBtnetmportal.ui.managecontracts.view.Detail"}]}
RESULT: undefined
COMMAND: POST /session/700a0ab92761895b5ec9a5372f8d46fb/element - {"using":"xpath","value":"//*[@id=\"__xmlview61--contractDetailEditBtn\"]"}
RESULT: {"using":"xpath","value":"//*[@id=\"__xmlview61--contractDetailEditBtn\"]"}
COMMAND: POST /session/700a0ab92761895b5ec9a5372f8d46fb/element/f.647512A71DDA687F9F591F39CAC5A62D.d.772E76BBEBFB0A790CA656EC4B7F63A2.e.22569/click - {}
RESULT: {}
COMMAND: GET /session/700a0ab92761895b5ec9a5372f8d46fb/screenshot - {}
RESULT: {}
COMMAND: POST /session/700a0ab92761895b5ec9a5372f8d46fb/execute/async - {"script":"<script> [1562 bytes]","args":[{"selector":{"id":"additionalAddressesTabFilter","viewName":"etm.portal.ui.managecontracts.view.EditContract","interaction":{"idSuffix":"text"}},"wdio_ui5_key":"additionalAddressesTabFilteretmportal.ui.managecontracts.view.EditContract"}]}
RESULT: {"script":"<script> [1562 bytes]","args":[{"selector":{"id":"additionalAddressesTabFilter","viewName":"etm.portal.ui.managecontracts.view.EditContract","interaction":{"idSuffix":"text"}},"wdio_ui5_key":"additionalAddressesTabFilteretmportal.ui.managecontracts.view.EditContract"}]}
RESULT: undefined
COMMAND: POST /session/700a0ab92761895b5ec9a5372f8d46fb/element - {"using":"xpath","value":"//*[@id=\"__xmlview62--additionalAddressesTabFilter\"]"}
RESULT: {"using":"xpath","value":"//*[@id=\"__xmlview62--additionalAddressesTabFilter\"]"}
COMMAND: POST /session/700a0ab92761895b5ec9a5372f8d46fb/element/f.647512A71DDA687F9F591F39CAC5A62D.d.772E76BBEBFB0A790CA656EC4B7F63A2.e.22629/click - {}
RESULT: {}
RESULT: undefined
COMMAND: POST /session/700a0ab92761895b5ec9a5372f8d46fb/element - {"using":"xpath","value":"//*[@id=\"__xmlview62--additionalAddressesTabFilter\"]"}
COMMAND: GET /session/700a0ab92761895b5ec9a5372f8d46fb/screenshot - {}
RESULT: {"using":"xpath","value":"//*[@id=\"__xmlview62--additionalAddressesTabFilter\"]"}
COMMAND: POST /session/700a0ab92761895b5ec9a5372f8d46fb/element/f.647512A71DDA687F9F591F39CAC5A62D.d.772E76BBEBFB0A790CA656EC4B7F63A2.e.22629/click - {}
RESULT: {}
RESULT: {}
COMMAND: POST /session/700a0ab92761895b5ec9a5372f8d46fb/execute/async - {"script":"<script> [1562 bytes]","args":[{"selector":{"controlType":"sap.ui.core.Icon","viewName":"etm.portal.ui.managecontracts.view.EditContract","properties":{"src":{"regex":{"source":"add"}}}},"wdio_ui5_key":"etmportal.ui.managecontracts.view.EditContractsap.ui.core.Icon{\"src\":{\"regex\":{\"source\":\"add\"}}}"}]}
COMMAND: GET /session/700a0ab92761895b5ec9a5372f8d46fb/screenshot - {}
RESULT: {"script":"<script> [1562 bytes]","args":[{"selector":{"controlType":"sap.ui.core.Icon","viewName":"etm.portal.ui.managecontracts.view.EditContract","properties":{"src":{"regex":{"source":"add"}}}},"wdio_ui5_key":"etmportal.ui.managecontracts.view.EditContractsap.ui.core.Icon{\"src\":{\"regex\":{\"source\":\"add\"}}}"}]}
RESULT: undefined
COMMAND: POST /session/700a0ab92761895b5ec9a5372f8d46fb/element - {"using":"xpath","value":"//*[@id=\"__xmlview62--btnAddTableRow-img\"]"}
RESULT: {}
RESULT: {"using":"xpath","value":"//*[@id=\"__xmlview62--btnAddTableRow-img\"]"}
COMMAND: POST /session/700a0ab92761895b5ec9a5372f8d46fb/element/f.647512A71DDA687F9F591F39CAC5A62D.d.772E76BBEBFB0A790CA656EC4B7F63A2.e.22632/click - {}
RESULT: {}
COMMAND: POST /session/700a0ab92761895b5ec9a5372f8d46fb/element - {"using":"xpath","value":"//div[(text() = 'Standard Entry' or . = 'Standard Entry')]"}
COMMAND: GET /session/700a0ab92761895b5ec9a5372f8d46fb/screenshot - {}
RESULT: {"using":"xpath","value":"//div[(text() = 'Standard Entry' or . = 'Standard Entry')]"}
COMMAND: POST /session/700a0ab92761895b5ec9a5372f8d46fb/element/f.647512A71DDA687F9F591F39CAC5A62D.d.772E76BBEBFB0A790CA656EC4B7F63A2.e.22634/click - {}
RESULT: {}
RESULT: {}
COMMAND: POST /session/700a0ab92761895b5ec9a5372f8d46fb/execute/async - {"script":"<script> [1562 bytes]","args":[{"selector":{"controlType":"sap.ui.core.Icon","viewName":"etm.portal.ui.managecontracts.view.EditContract","properties":{"src":{"regex":{"source":"inspect"}}}},"wdio_ui5_key":"etmportal.ui.managecontracts.view.EditContractsap.ui.core.Icon{\"src\":{\"regex\":{\"source\":\"inspect\"}}}"}]}
COMMAND: GET /session/700a0ab92761895b5ec9a5372f8d46fb/screenshot - {}
RESULT: {"script":"<script> [1562 bytes]","args":[{"selector":{"controlType":"sap.ui.core.Icon","viewName":"etm.portal.ui.managecontracts.view.EditContract","properties":{"src":{"regex":{"source":"inspect"}}}},"wdio_ui5_key":"etmportal.ui.managecontracts.view.EditContractsap.ui.core.Icon{\"src\":{\"regex\":{\"source\":\"inspect\"}}}"}]}
RESULT: undefined
COMMAND: POST /session/700a0ab92761895b5ec9a5372f8d46fb/element - {"using":"xpath","value":"//*[@id=\"__button324-img\"]"}
RESULT: {}
RESULT: {"using":"xpath","value":"//*[@id=\"__button324-img\"]"}
COMMAND: POST /session/700a0ab92761895b5ec9a5372f8d46fb/element/f.647512A71DDA687F9F591F39CAC5A62D.d.772E76BBEBFB0A790CA656EC4B7F63A2.e.22646/click - {}
RESULT: {}
COMMAND: GET /session/700a0ab92761895b5ec9a5372f8d46fb/screenshot - {}
RESULT: {}
COMMAND: POST /session/700a0ab92761895b5ec9a5372f8d46fb/element - {"using":"xpath","value":"//td[6]/div/div/input[1]"}
RESULT: {"using":"xpath","value":"//td[6]/div/div/input[1]"}
COMMAND: POST /session/700a0ab92761895b5ec9a5372f8d46fb/element/f.647512A71DDA687F9F591F39CAC5A62D.d.772E76BBEBFB0A790CA656EC4B7F63A2.e.22636/clear - {}
RESULT: {}
COMMAND: GET /session/700a0ab92761895b5ec9a5372f8d46fb/screenshot - {}
RESULT: {}
COMMAND: POST /session/700a0ab92761895b5ec9a5372f8d46fb/element - {"using":"xpath","value":"//td[6]/div/div/input[1]"}
RESULT: {"using":"xpath","value":"//td[6]/div/div/input[1]"}
COMMAND: POST /session/700a0ab92761895b5ec9a5372f8d46fb/element/f.647512A71DDA687F9F591F39CAC5A62D.d.772E76BBEBFB0A790CA656EC4B7F63A2.e.22662/click - {}
RESULT: {}
COMMAND: POST /session/700a0ab92761895b5ec9a5372f8d46fb/actions - {"actions":[{"id":"action88","type":"key","parameters":{},"actions":[{"type":"keyDown","value":"î€ƒ"},{"type":"pause","duration":10},{"type":"keyUp","value":"î€ƒ"}]}]}
COMMAND: GET /session/700a0ab92761895b5ec9a5372f8d46fb/screenshot - {}
RESULT: {"actions":[{"id":"action88","type":"key","parameters":{},"actions":[{"type":"keyDown","value":"î€ƒ"},{"type":"pause","duration":10},{"type":"keyUp","value":"î€ƒ"}]}]}
COMMAND: POST /session/700a0ab92761895b5ec9a5372f8d46fb/element - {"using":"xpath","value":"//td[6]/div/div/input[1]"}
COMMAND: GET /session/700a0ab92761895b5ec9a5372f8d46fb/screenshot - {}
RESULT: {}
RESULT: {"using":"xpath","value":"//td[6]/div/div/input[1]"}
COMMAND: POST /session/700a0ab92761895b5ec9a5372f8d46fb/element/f.647512A71DDA687F9F591F39CAC5A62D.d.772E76BBEBFB0A790CA656EC4B7F63A2.e.22662/clear - {}
RESULT: {}
RESULT: {}
COMMAND: POST /session/700a0ab92761895b5ec9a5372f8d46fb/element/f.647512A71DDA687F9F591F39CAC5A62D.d.772E76BBEBFB0A790CA656EC4B7F63A2.e.22662/value - {"text":"Material"}
COMMAND: GET /session/700a0ab92761895b5ec9a5372f8d46fb/screenshot - {}
RESULT: {"text":"Material"}
COMMAND: GET /session/700a0ab92761895b5ec9a5372f8d46fb/screenshot - {}
RESULT: {}
RESULT: {}
COMMAND: POST /session/700a0ab92761895b5ec9a5372f8d46fb/actions - {"actions":[{"id":"action89","type":"key","parameters":{},"actions":[{"type":"keyDown","value":"î€‡"},{"type":"pause","duration":10},{"type":"keyUp","value":"î€‡"}]}]}
RESULT: {"actions":[{"id":"action89","type":"key","parameters":{},"actions":[{"type":"keyDown","value":"î€‡"},{"type":"pause","duration":10},{"type":"keyUp","value":"î€‡"}]}]}
COMMAND: POST /session/700a0ab92761895b5ec9a5372f8d46fb/element - {"using":"xpath","value":"//td[7]/div/div/input[1]"}
COMMAND: GET /session/700a0ab92761895b5ec9a5372f8d46fb/screenshot - {}
RESULT: {"using":"xpath","value":"//td[7]/div/div/input[1]"}
COMMAND: POST /session/700a0ab92761895b5ec9a5372f8d46fb/element/f.647512A71DDA687F9F591F39CAC5A62D.d.772E76BBEBFB0A790CA656EC4B7F63A2.e.22684/clear - {}
RESULT: {}
RESULT: {}
COMMAND: POST /session/700a0ab92761895b5ec9a5372f8d46fb/element/f.647512A71DDA687F9F591F39CAC5A62D.d.772E76BBEBFB0A790CA656EC4B7F63A2.e.22684/value - {"text":"200525"}
COMMAND: GET /session/700a0ab92761895b5ec9a5372f8d46fb/screenshot - {}
RESULT: {}
RESULT: {"text":"200525"}
COMMAND: GET /session/700a0ab92761895b5ec9a5372f8d46fb/screenshot - {}
RESULT: {}
COMMAND: POST /session/700a0ab92761895b5ec9a5372f8d46fb/actions - {"actions":[{"id":"action90","type":"key","parameters":{},"actions":[{"type":"keyDown","value":"î€‡"},{"type":"pause","duration":10},{"type":"keyUp","value":"î€‡"}]}]}
RESULT: {"actions":[{"id":"action90","type":"key","parameters":{},"actions":[{"type":"keyDown","value":"î€‡"},{"type":"pause","duration":10},{"type":"keyUp","value":"î€‡"}]}]}
COMMAND: POST /session/700a0ab92761895b5ec9a5372f8d46fb/execute/async - {"script":"<script> [1562 bytes]","args":[{"selector":{"controlType":"sap.m.Button","properties":{"text":"OK"},"searchOpenDialogs":true,"interaction":{"idSuffix":"BDI-content"}},"wdio_ui5_key":"sapm.Button{\"text\":\"OK\"}"}]}
COMMAND: GET /session/700a0ab92761895b5ec9a5372f8d46fb/screenshot - {}
RESULT: {"script":"<script> [1562 bytes]","args":[{"selector":{"controlType":"sap.m.Button","properties":{"text":"OK"},"searchOpenDialogs":true,"interaction":{"idSuffix":"BDI-content"}},"wdio_ui5_key":"sapm.Button{\"text\":\"OK\"}"}]}
RESULT: undefined
COMMAND: POST /session/700a0ab92761895b5ec9a5372f8d46fb/element - {"using":"xpath","value":"//*[@id=\"__mbox-btn-1\"]"}
RESULT: {}
RESULT: {"using":"xpath","value":"//*[@id=\"__mbox-btn-1\"]"}
COMMAND: POST /session/700a0ab92761895b5ec9a5372f8d46fb/element/f.647512A71DDA687F9F591F39CAC5A62D.d.772E76BBEBFB0A790CA656EC4B7F63A2.e.22705/click - {}
RESULT: {}
COMMAND: POST /session/700a0ab92761895b5ec9a5372f8d46fb/execute/async - {"script":"<script> [1562 bytes]","args":[{"selector":{"id":"saveBtn","viewName":"etm.portal.ui.managecontracts.view.EditContract","interaction":{"idSuffix":"BDI-content"}},"wdio_ui5_key":"saveBtnetmportal.ui.managecontracts.view.EditContract"}]}
COMMAND: GET /session/700a0ab92761895b5ec9a5372f8d46fb/screenshot - {}
RESULT: {"script":"<script> [1562 bytes]","args":[{"selector":{"id":"saveBtn","viewName":"etm.portal.ui.managecontracts.view.EditContract","interaction":{"idSuffix":"BDI-content"}},"wdio_ui5_key":"saveBtnetmportal.ui.managecontracts.view.EditContract"}]}
RESULT: undefined
COMMAND: POST /session/700a0ab92761895b5ec9a5372f8d46fb/element - {"using":"xpath","value":"//*[@id=\"__xmlview62--saveBtn\"]"}
RESULT: {}
RESULT: {"using":"xpath","value":"//*[@id=\"__xmlview62--saveBtn\"]"}
COMMAND: POST /session/700a0ab92761895b5ec9a5372f8d46fb/element/f.647512A71DDA687F9F591F39CAC5A62D.d.772E76BBEBFB0A790CA656EC4B7F63A2.e.22731/click - {}
RESULT: {}
COMMAND: GET /session/700a0ab92761895b5ec9a5372f8d46fb/screenshot - {}
RESULT: {}
COMMAND: POST /session/700a0ab92761895b5ec9a5372f8d46fb/execute/async - {"script":"<script> [1562 bytes]","args":[{"selector":{"id":"additionalAddressesTabFilter","viewName":"etm.portal.ui.managecontracts.view.Detail","interaction":{"idSuffix":"text"}},"wdio_ui5_key":"additionalAddressesTabFilteretmportal.ui.managecontracts.view.Detail"}]}
RESULT: {"script":"<script> [1562 bytes]","args":[{"selector":{"id":"additionalAddressesTabFilter","viewName":"etm.portal.ui.managecontracts.view.Detail","interaction":{"idSuffix":"text"}},"wdio_ui5_key":"additionalAddressesTabFilteretmportal.ui.managecontracts.view.Detail"}]}
RESULT: undefined
COMMAND: POST /session/700a0ab92761895b5ec9a5372f8d46fb/element - {"using":"xpath","value":"//*[@id=\"__xmlview61--additionalAddressesTabFilter\"]"}
RESULT: {"using":"xpath","value":"//*[@id=\"__xmlview61--additionalAddressesTabFilter\"]"}
COMMAND: POST /session/700a0ab92761895b5ec9a5372f8d46fb/element/f.647512A71DDA687F9F591F39CAC5A62D.d.772E76BBEBFB0A790CA656EC4B7F63A2.e.22735/click - {}
RESULT: {}
COMMAND: POST /session/700a0ab92761895b5ec9a5372f8d46fb/execute/async - {"script":"<script> [1562 bytes]","args":[{"selector":{"id":"contractDetailProvideButton","viewName":"etm.portal.ui.managecontracts.view.Detail","interaction":{"idSuffix":"BDI-content"}},"wdio_ui5_key":"contractDetailProvideButtonetmportal.ui.managecontracts.view.Detail"}]}
COMMAND: GET /session/700a0ab92761895b5ec9a5372f8d46fb/screenshot - {}
RESULT: {"script":"<script> [1562 bytes]","args":[{"selector":{"id":"contractDetailProvideButton","viewName":"etm.portal.ui.managecontracts.view.Detail","interaction":{"idSuffix":"BDI-content"}},"wdio_ui5_key":"contractDetailProvideButtonetmportal.ui.managecontracts.view.Detail"}]}
RESULT: undefined
COMMAND: POST /session/700a0ab92761895b5ec9a5372f8d46fb/element - {"using":"xpath","value":"//*[@id=\"__xmlview61--contractDetailProvideButton\"]"}
RESULT: {}
RESULT: {"using":"xpath","value":"//*[@id=\"__xmlview61--contractDetailProvideButton\"]"}
COMMAND: POST /session/700a0ab92761895b5ec9a5372f8d46fb/element/f.647512A71DDA687F9F591F39CAC5A62D.d.772E76BBEBFB0A790CA656EC4B7F63A2.e.22740/click - {}
RESULT: {}
COMMAND: GET /session/700a0ab92761895b5ec9a5372f8d46fb/screenshot - {}
RESULT: {}
]]></system-out>
    </testcase>
    <testcase classname="chrome.135_0_7049_96.windows.Provide_to_Site_w/o_warehouse_management_wo_clarification" name="Should Create HandOvers provide to site" time="175.773">
      <system-out><![CDATA[
COMMAND: POST /session/700a0ab92761895b5ec9a5372f8d46fb/element - {"using":"css selector","value":"#application-managehandovers-display-component---AddNewHO--dueDate-inner"}
RESULT: {"using":"css selector","value":"#application-managehandovers-display-component---AddNewHO--dueDate-inner"}
COMMAND: POST /session/700a0ab92761895b5ec9a5372f8d46fb/element/f.647512A71DDA687F9F591F39CAC5A62D.d.772E76BBEBFB0A790CA656EC4B7F63A2.e.22812/clear - {}
RESULT: {}
COMMAND: POST /session/700a0ab92761895b5ec9a5372f8d46fb/element/f.647512A71DDA687F9F591F39CAC5A62D.d.772E76BBEBFB0A790CA656EC4B7F63A2.e.22812/value - {"text":"4/24/25"}
COMMAND: GET /session/700a0ab92761895b5ec9a5372f8d46fb/screenshot - {}
RESULT: {"text":"4/24/25"}
COMMAND: POST /session/700a0ab92761895b5ec9a5372f8d46fb/element - {"using":"xpath","value":"//bdi[(text() = 'Items' or . = 'Items')]"}
COMMAND: GET /session/700a0ab92761895b5ec9a5372f8d46fb/screenshot - {}
RESULT: {}
RESULT: {"using":"xpath","value":"//bdi[(text() = 'Items' or . = 'Items')]"}
COMMAND: POST /session/700a0ab92761895b5ec9a5372f8d46fb/element/f.647512A71DDA687F9F591F39CAC5A62D.d.772E76BBEBFB0A790CA656EC4B7F63A2.e.22897/click - {}
RESULT: {}
RESULT: {}
COMMAND: POST /session/700a0ab92761895b5ec9a5372f8d46fb/execute/async - {"script":"<script> [1562 bytes]","args":[{"selector":{"controlType":"sap.m.Button","viewName":"etm.portal.ui.managehandovers.view.AddNewHO","viewId":"application-managehandovers-display-component---AddNewHO","i18NText":{"propertyName":"tooltip","key":"addItems"}},"wdio_ui5_key":"etmportal.ui.managehandovers.view.AddNewHOsap.m.Button{\"propertyName\":\"tooltip\",\"key\":\"addItems\"}"}]}
COMMAND: GET /session/700a0ab92761895b5ec9a5372f8d46fb/screenshot - {}
RESULT: {"script":"<script> [1562 bytes]","args":[{"selector":{"controlType":"sap.m.Button","viewName":"etm.portal.ui.managehandovers.view.AddNewHO","viewId":"application-managehandovers-display-component---AddNewHO","i18NText":{"propertyName":"tooltip","key":"addItems"}},"wdio_ui5_key":"etmportal.ui.managehandovers.view.AddNewHOsap.m.Button{\"propertyName\":\"tooltip\",\"key\":\"addItems\"}"}]}
RESULT: undefined
COMMAND: POST /session/700a0ab92761895b5ec9a5372f8d46fb/element - {"using":"xpath","value":"//*[@id=\"__button349\"]"}
RESULT: {}
RESULT: {"using":"xpath","value":"//*[@id=\"__button349\"]"}
COMMAND: POST /session/700a0ab92761895b5ec9a5372f8d46fb/element/f.647512A71DDA687F9F591F39CAC5A62D.d.772E76BBEBFB0A790CA656EC4B7F63A2.e.22902/click - {}
RESULT: {}
COMMAND: GET /session/700a0ab92761895b5ec9a5372f8d46fb/screenshot - {}
RESULT: {}
COMMAND: POST /session/700a0ab92761895b5ec9a5372f8d46fb/element - {"using":"css selector","value":"div[id= \"application-managehandovers-display-component---AddNewHO--popup-sa-CbBg\"]"}
RESULT: {"using":"css selector","value":"div[id= \"application-managehandovers-display-component---AddNewHO--popup-sa-CbBg\"]"}
COMMAND: POST /session/700a0ab92761895b5ec9a5372f8d46fb/element/f.647512A71DDA687F9F591F39CAC5A62D.d.772E76BBEBFB0A790CA656EC4B7F63A2.e.22914/click - {}
RESULT: {}
COMMAND: GET /session/700a0ab92761895b5ec9a5372f8d46fb/screenshot - {}
RESULT: {}
COMMAND: POST /session/700a0ab92761895b5ec9a5372f8d46fb/element - {"using":"xpath","value":"//bdi[(text() = 'Select' or . = 'Select')]"}
RESULT: {"using":"xpath","value":"//bdi[(text() = 'Select' or . = 'Select')]"}
COMMAND: POST /session/700a0ab92761895b5ec9a5372f8d46fb/element/f.647512A71DDA687F9F591F39CAC5A62D.d.772E76BBEBFB0A790CA656EC4B7F63A2.e.22915/click - {}
RESULT: {}
COMMAND: GET /session/700a0ab92761895b5ec9a5372f8d46fb/screenshot - {}
RESULT: {}
COMMAND: POST /session/700a0ab92761895b5ec9a5372f8d46fb/element - {"using":"xpath","value":"//bdi[(text() = 'Save' or . = 'Save')]"}
RESULT: {"using":"xpath","value":"//bdi[(text() = 'Save' or . = 'Save')]"}
COMMAND: POST /session/700a0ab92761895b5ec9a5372f8d46fb/element/f.647512A71DDA687F9F591F39CAC5A62D.d.772E76BBEBFB0A790CA656EC4B7F63A2.e.22923/click - {}
RESULT: {}
COMMAND: GET /session/700a0ab92761895b5ec9a5372f8d46fb/screenshot - {}
RESULT: {}
COMMAND: POST /session/700a0ab92761895b5ec9a5372f8d46fb/element - {"using":"xpath","value":"//*[text()='OK']"}
RESULT: {"using":"xpath","value":"//*[text()='OK']"}
COMMAND: POST /session/700a0ab92761895b5ec9a5372f8d46fb/elements - {"using":"xpath","value":"//*[text()='OK']"}
RESULT: {"using":"xpath","value":"//*[text()='OK']"}
COMMAND: POST /session/700a0ab92761895b5ec9a5372f8d46fb/elements - {"using":"xpath","value":"//*[text()='OK']"}
RESULT: {"using":"xpath","value":"//*[text()='OK']"}
COMMAND: POST /session/700a0ab92761895b5ec9a5372f8d46fb/elements - {"using":"xpath","value":"//*[text()='OK']"}
RESULT: {"using":"xpath","value":"//*[text()='OK']"}
COMMAND: POST /session/700a0ab92761895b5ec9a5372f8d46fb/elements - {"using":"xpath","value":"//*[text()='OK']"}
RESULT: {"using":"xpath","value":"//*[text()='OK']"}
COMMAND: POST /session/700a0ab92761895b5ec9a5372f8d46fb/elements - {"using":"xpath","value":"//*[text()='OK']"}
RESULT: {"using":"xpath","value":"//*[text()='OK']"}
COMMAND: POST /session/700a0ab92761895b5ec9a5372f8d46fb/elements - {"using":"xpath","value":"//*[text()='OK']"}
RESULT: {"using":"xpath","value":"//*[text()='OK']"}
COMMAND: POST /session/700a0ab92761895b5ec9a5372f8d46fb/elements - {"using":"xpath","value":"//*[text()='OK']"}
RESULT: {"using":"xpath","value":"//*[text()='OK']"}
COMMAND: POST /session/700a0ab92761895b5ec9a5372f8d46fb/elements - {"using":"xpath","value":"//*[text()='OK']"}
RESULT: {"using":"xpath","value":"//*[text()='OK']"}
COMMAND: POST /session/700a0ab92761895b5ec9a5372f8d46fb/elements - {"using":"xpath","value":"//*[text()='OK']"}
RESULT: {"using":"xpath","value":"//*[text()='OK']"}
COMMAND: POST /session/700a0ab92761895b5ec9a5372f8d46fb/elements - {"using":"xpath","value":"//*[text()='OK']"}
RESULT: {"using":"xpath","value":"//*[text()='OK']"}
COMMAND: POST /session/700a0ab92761895b5ec9a5372f8d46fb/elements - {"using":"xpath","value":"//*[text()='OK']"}
RESULT: {"using":"xpath","value":"//*[text()='OK']"}
COMMAND: POST /session/700a0ab92761895b5ec9a5372f8d46fb/elements - {"using":"xpath","value":"//*[text()='OK']"}
RESULT: {"using":"xpath","value":"//*[text()='OK']"}
COMMAND: POST /session/700a0ab92761895b5ec9a5372f8d46fb/elements - {"using":"xpath","value":"//*[text()='OK']"}
RESULT: {"using":"xpath","value":"//*[text()='OK']"}
COMMAND: POST /session/700a0ab92761895b5ec9a5372f8d46fb/elements - {"using":"xpath","value":"//*[text()='OK']"}
RESULT: {"using":"xpath","value":"//*[text()='OK']"}
COMMAND: POST /session/700a0ab92761895b5ec9a5372f8d46fb/elements - {"using":"xpath","value":"//*[text()='OK']"}
RESULT: {"using":"xpath","value":"//*[text()='OK']"}
COMMAND: POST /session/700a0ab92761895b5ec9a5372f8d46fb/elements - {"using":"xpath","value":"//*[text()='OK']"}
RESULT: {"using":"xpath","value":"//*[text()='OK']"}
COMMAND: POST /session/700a0ab92761895b5ec9a5372f8d46fb/elements - {"using":"xpath","value":"//*[text()='OK']"}
RESULT: {"using":"xpath","value":"//*[text()='OK']"}
COMMAND: POST /session/700a0ab92761895b5ec9a5372f8d46fb/elements - {"using":"xpath","value":"//*[text()='OK']"}
RESULT: {"using":"xpath","value":"//*[text()='OK']"}
COMMAND: POST /session/700a0ab92761895b5ec9a5372f8d46fb/elements - {"using":"xpath","value":"//*[text()='OK']"}
RESULT: {"using":"xpath","value":"//*[text()='OK']"}
COMMAND: POST /session/700a0ab92761895b5ec9a5372f8d46fb/elements - {"using":"xpath","value":"//*[text()='OK']"}
RESULT: {"using":"xpath","value":"//*[text()='OK']"}
COMMAND: POST /session/700a0ab92761895b5ec9a5372f8d46fb/elements - {"using":"xpath","value":"//*[text()='OK']"}
RESULT: {"using":"xpath","value":"//*[text()='OK']"}
COMMAND: POST /session/700a0ab92761895b5ec9a5372f8d46fb/elements - {"using":"xpath","value":"//*[text()='OK']"}
RESULT: {"using":"xpath","value":"//*[text()='OK']"}
COMMAND: POST /session/700a0ab92761895b5ec9a5372f8d46fb/elements - {"using":"xpath","value":"//*[text()='OK']"}
RESULT: {"using":"xpath","value":"//*[text()='OK']"}
COMMAND: POST /session/700a0ab92761895b5ec9a5372f8d46fb/elements - {"using":"xpath","value":"//*[text()='OK']"}
RESULT: {"using":"xpath","value":"//*[text()='OK']"}
COMMAND: POST /session/700a0ab92761895b5ec9a5372f8d46fb/elements - {"using":"xpath","value":"//*[text()='OK']"}
RESULT: {"using":"xpath","value":"//*[text()='OK']"}
COMMAND: POST /session/700a0ab92761895b5ec9a5372f8d46fb/elements - {"using":"xpath","value":"//*[text()='OK']"}
RESULT: {"using":"xpath","value":"//*[text()='OK']"}
COMMAND: POST /session/700a0ab92761895b5ec9a5372f8d46fb/elements - {"using":"xpath","value":"//*[text()='OK']"}
RESULT: {"using":"xpath","value":"//*[text()='OK']"}
COMMAND: POST /session/700a0ab92761895b5ec9a5372f8d46fb/elements - {"using":"xpath","value":"//*[text()='OK']"}
RESULT: {"using":"xpath","value":"//*[text()='OK']"}
COMMAND: POST /session/700a0ab92761895b5ec9a5372f8d46fb/elements - {"using":"xpath","value":"//*[text()='OK']"}
RESULT: {"using":"xpath","value":"//*[text()='OK']"}
COMMAND: POST /session/700a0ab92761895b5ec9a5372f8d46fb/elements - {"using":"xpath","value":"//*[text()='OK']"}
RESULT: {"using":"xpath","value":"//*[text()='OK']"}
COMMAND: POST /session/700a0ab92761895b5ec9a5372f8d46fb/elements - {"using":"xpath","value":"//*[text()='OK']"}
RESULT: {"using":"xpath","value":"//*[text()='OK']"}
COMMAND: POST /session/700a0ab92761895b5ec9a5372f8d46fb/elements - {"using":"xpath","value":"//*[text()='OK']"}
RESULT: {"using":"xpath","value":"//*[text()='OK']"}
COMMAND: POST /session/700a0ab92761895b5ec9a5372f8d46fb/elements - {"using":"xpath","value":"//*[text()='OK']"}
RESULT: {"using":"xpath","value":"//*[text()='OK']"}
COMMAND: POST /session/700a0ab92761895b5ec9a5372f8d46fb/elements - {"using":"xpath","value":"//*[text()='OK']"}
RESULT: {"using":"xpath","value":"//*[text()='OK']"}
COMMAND: POST /session/700a0ab92761895b5ec9a5372f8d46fb/elements - {"using":"xpath","value":"//*[text()='OK']"}
RESULT: {"using":"xpath","value":"//*[text()='OK']"}
COMMAND: POST /session/700a0ab92761895b5ec9a5372f8d46fb/elements - {"using":"xpath","value":"//*[text()='OK']"}
RESULT: {"using":"xpath","value":"//*[text()='OK']"}
COMMAND: POST /session/700a0ab92761895b5ec9a5372f8d46fb/elements - {"using":"xpath","value":"//*[text()='OK']"}
RESULT: {"using":"xpath","value":"//*[text()='OK']"}
COMMAND: POST /session/700a0ab92761895b5ec9a5372f8d46fb/elements - {"using":"xpath","value":"//*[text()='OK']"}
RESULT: {"using":"xpath","value":"//*[text()='OK']"}
COMMAND: POST /session/700a0ab92761895b5ec9a5372f8d46fb/elements - {"using":"xpath","value":"//*[text()='OK']"}
RESULT: {"using":"xpath","value":"//*[text()='OK']"}
COMMAND: POST /session/700a0ab92761895b5ec9a5372f8d46fb/elements - {"using":"xpath","value":"//*[text()='OK']"}
RESULT: {"using":"xpath","value":"//*[text()='OK']"}
COMMAND: POST /session/700a0ab92761895b5ec9a5372f8d46fb/elements - {"using":"xpath","value":"//*[text()='OK']"}
RESULT: {"using":"xpath","value":"//*[text()='OK']"}
COMMAND: POST /session/700a0ab92761895b5ec9a5372f8d46fb/elements - {"using":"xpath","value":"//*[text()='OK']"}
RESULT: {"using":"xpath","value":"//*[text()='OK']"}
COMMAND: POST /session/700a0ab92761895b5ec9a5372f8d46fb/elements - {"using":"xpath","value":"//*[text()='OK']"}
RESULT: {"using":"xpath","value":"//*[text()='OK']"}
COMMAND: POST /session/700a0ab92761895b5ec9a5372f8d46fb/elements - {"using":"xpath","value":"//*[text()='OK']"}
RESULT: {"using":"xpath","value":"//*[text()='OK']"}
COMMAND: POST /session/700a0ab92761895b5ec9a5372f8d46fb/elements - {"using":"xpath","value":"//*[text()='OK']"}
RESULT: {"using":"xpath","value":"//*[text()='OK']"}
COMMAND: POST /session/700a0ab92761895b5ec9a5372f8d46fb/elements - {"using":"xpath","value":"//*[text()='OK']"}
RESULT: {"using":"xpath","value":"//*[text()='OK']"}
COMMAND: POST /session/700a0ab92761895b5ec9a5372f8d46fb/elements - {"using":"xpath","value":"//*[text()='OK']"}
RESULT: {"using":"xpath","value":"//*[text()='OK']"}
COMMAND: POST /session/700a0ab92761895b5ec9a5372f8d46fb/elements - {"using":"xpath","value":"//*[text()='OK']"}
RESULT: {"using":"xpath","value":"//*[text()='OK']"}
COMMAND: POST /session/700a0ab92761895b5ec9a5372f8d46fb/elements - {"using":"xpath","value":"//*[text()='OK']"}
RESULT: {"using":"xpath","value":"//*[text()='OK']"}
COMMAND: POST /session/700a0ab92761895b5ec9a5372f8d46fb/elements - {"using":"xpath","value":"//*[text()='OK']"}
RESULT: {"using":"xpath","value":"//*[text()='OK']"}
COMMAND: POST /session/700a0ab92761895b5ec9a5372f8d46fb/elements - {"using":"xpath","value":"//*[text()='OK']"}
RESULT: {"using":"xpath","value":"//*[text()='OK']"}
COMMAND: POST /session/700a0ab92761895b5ec9a5372f8d46fb/elements - {"using":"xpath","value":"//*[text()='OK']"}
RESULT: {"using":"xpath","value":"//*[text()='OK']"}
COMMAND: POST /session/700a0ab92761895b5ec9a5372f8d46fb/elements - {"using":"xpath","value":"//*[text()='OK']"}
RESULT: {"using":"xpath","value":"//*[text()='OK']"}
COMMAND: POST /session/700a0ab92761895b5ec9a5372f8d46fb/elements - {"using":"xpath","value":"//*[text()='OK']"}
RESULT: {"using":"xpath","value":"//*[text()='OK']"}
COMMAND: POST /session/700a0ab92761895b5ec9a5372f8d46fb/elements - {"using":"xpath","value":"//*[text()='OK']"}
RESULT: {"using":"xpath","value":"//*[text()='OK']"}
COMMAND: POST /session/700a0ab92761895b5ec9a5372f8d46fb/elements - {"using":"xpath","value":"//*[text()='OK']"}
RESULT: {"using":"xpath","value":"//*[text()='OK']"}
COMMAND: POST /session/700a0ab92761895b5ec9a5372f8d46fb/elements - {"using":"xpath","value":"//*[text()='OK']"}
RESULT: {"using":"xpath","value":"//*[text()='OK']"}
COMMAND: POST /session/700a0ab92761895b5ec9a5372f8d46fb/elements - {"using":"xpath","value":"//*[text()='OK']"}
RESULT: {"using":"xpath","value":"//*[text()='OK']"}
COMMAND: POST /session/700a0ab92761895b5ec9a5372f8d46fb/elements - {"using":"xpath","value":"//*[text()='OK']"}
RESULT: {"using":"xpath","value":"//*[text()='OK']"}
COMMAND: POST /session/700a0ab92761895b5ec9a5372f8d46fb/elements - {"using":"xpath","value":"//*[text()='OK']"}
RESULT: {"using":"xpath","value":"//*[text()='OK']"}
COMMAND: POST /session/700a0ab92761895b5ec9a5372f8d46fb/elements - {"using":"xpath","value":"//*[text()='OK']"}
RESULT: {"using":"xpath","value":"//*[text()='OK']"}
COMMAND: POST /session/700a0ab92761895b5ec9a5372f8d46fb/elements - {"using":"xpath","value":"//*[text()='OK']"}
RESULT: {"using":"xpath","value":"//*[text()='OK']"}
COMMAND: POST /session/700a0ab92761895b5ec9a5372f8d46fb/elements - {"using":"xpath","value":"//*[text()='OK']"}
RESULT: {"using":"xpath","value":"//*[text()='OK']"}
COMMAND: POST /session/700a0ab92761895b5ec9a5372f8d46fb/elements - {"using":"xpath","value":"//*[text()='OK']"}
RESULT: {"using":"xpath","value":"//*[text()='OK']"}
COMMAND: POST /session/700a0ab92761895b5ec9a5372f8d46fb/elements - {"using":"xpath","value":"//*[text()='OK']"}
RESULT: {"using":"xpath","value":"//*[text()='OK']"}
COMMAND: POST /session/700a0ab92761895b5ec9a5372f8d46fb/elements - {"using":"xpath","value":"//*[text()='OK']"}
RESULT: {"using":"xpath","value":"//*[text()='OK']"}
COMMAND: POST /session/700a0ab92761895b5ec9a5372f8d46fb/elements - {"using":"xpath","value":"//*[text()='OK']"}
RESULT: {"using":"xpath","value":"//*[text()='OK']"}
COMMAND: POST /session/700a0ab92761895b5ec9a5372f8d46fb/elements - {"using":"xpath","value":"//*[text()='OK']"}
RESULT: {"using":"xpath","value":"//*[text()='OK']"}
COMMAND: POST /session/700a0ab92761895b5ec9a5372f8d46fb/elements - {"using":"xpath","value":"//*[text()='OK']"}
RESULT: {"using":"xpath","value":"//*[text()='OK']"}
COMMAND: POST /session/700a0ab92761895b5ec9a5372f8d46fb/elements - {"using":"xpath","value":"//*[text()='OK']"}
RESULT: {"using":"xpath","value":"//*[text()='OK']"}
COMMAND: POST /session/700a0ab92761895b5ec9a5372f8d46fb/elements - {"using":"xpath","value":"//*[text()='OK']"}
RESULT: {"using":"xpath","value":"//*[text()='OK']"}
COMMAND: POST /session/700a0ab92761895b5ec9a5372f8d46fb/elements - {"using":"xpath","value":"//*[text()='OK']"}
RESULT: {"using":"xpath","value":"//*[text()='OK']"}
COMMAND: POST /session/700a0ab92761895b5ec9a5372f8d46fb/elements - {"using":"xpath","value":"//*[text()='OK']"}
RESULT: {"using":"xpath","value":"//*[text()='OK']"}
COMMAND: POST /session/700a0ab92761895b5ec9a5372f8d46fb/elements - {"using":"xpath","value":"//*[text()='OK']"}
RESULT: {"using":"xpath","value":"//*[text()='OK']"}
COMMAND: POST /session/700a0ab92761895b5ec9a5372f8d46fb/elements - {"using":"xpath","value":"//*[text()='OK']"}
RESULT: {"using":"xpath","value":"//*[text()='OK']"}
COMMAND: POST /session/700a0ab92761895b5ec9a5372f8d46fb/elements - {"using":"xpath","value":"//*[text()='OK']"}
RESULT: {"using":"xpath","value":"//*[text()='OK']"}
COMMAND: POST /session/700a0ab92761895b5ec9a5372f8d46fb/elements - {"using":"xpath","value":"//*[text()='OK']"}
RESULT: {"using":"xpath","value":"//*[text()='OK']"}
COMMAND: POST /session/700a0ab92761895b5ec9a5372f8d46fb/elements - {"using":"xpath","value":"//*[text()='OK']"}
RESULT: {"using":"xpath","value":"//*[text()='OK']"}
COMMAND: POST /session/700a0ab92761895b5ec9a5372f8d46fb/elements - {"using":"xpath","value":"//*[text()='OK']"}
RESULT: {"using":"xpath","value":"//*[text()='OK']"}
COMMAND: POST /session/700a0ab92761895b5ec9a5372f8d46fb/elements - {"using":"xpath","value":"//*[text()='OK']"}
RESULT: {"using":"xpath","value":"//*[text()='OK']"}
COMMAND: POST /session/700a0ab92761895b5ec9a5372f8d46fb/elements - {"using":"xpath","value":"//*[text()='OK']"}
RESULT: {"using":"xpath","value":"//*[text()='OK']"}
COMMAND: POST /session/700a0ab92761895b5ec9a5372f8d46fb/elements - {"using":"xpath","value":"//*[text()='OK']"}
RESULT: {"using":"xpath","value":"//*[text()='OK']"}
COMMAND: POST /session/700a0ab92761895b5ec9a5372f8d46fb/elements - {"using":"xpath","value":"//*[text()='OK']"}
RESULT: {"using":"xpath","value":"//*[text()='OK']"}
COMMAND: POST /session/700a0ab92761895b5ec9a5372f8d46fb/elements - {"using":"xpath","value":"//*[text()='OK']"}
RESULT: {"using":"xpath","value":"//*[text()='OK']"}
COMMAND: POST /session/700a0ab92761895b5ec9a5372f8d46fb/elements - {"using":"xpath","value":"//*[text()='OK']"}
RESULT: {"using":"xpath","value":"//*[text()='OK']"}
COMMAND: POST /session/700a0ab92761895b5ec9a5372f8d46fb/elements - {"using":"xpath","value":"//*[text()='OK']"}
RESULT: {"using":"xpath","value":"//*[text()='OK']"}
COMMAND: POST /session/700a0ab92761895b5ec9a5372f8d46fb/elements - {"using":"xpath","value":"//*[text()='OK']"}
RESULT: {"using":"xpath","value":"//*[text()='OK']"}
COMMAND: POST /session/700a0ab92761895b5ec9a5372f8d46fb/elements - {"using":"xpath","value":"//*[text()='OK']"}
RESULT: {"using":"xpath","value":"//*[text()='OK']"}
COMMAND: POST /session/700a0ab92761895b5ec9a5372f8d46fb/elements - {"using":"xpath","value":"//*[text()='OK']"}
RESULT: {"using":"xpath","value":"//*[text()='OK']"}
COMMAND: POST /session/700a0ab92761895b5ec9a5372f8d46fb/elements - {"using":"xpath","value":"//*[text()='OK']"}
RESULT: {"using":"xpath","value":"//*[text()='OK']"}
COMMAND: POST /session/700a0ab92761895b5ec9a5372f8d46fb/element - {"using":"xpath","value":"//*[text()='provide (prepared)']"}
RESULT: {"using":"xpath","value":"//*[text()='provide (prepared)']"}
COMMAND: GET /session/700a0ab92761895b5ec9a5372f8d46fb/element/f.647512A71DDA687F9F591F39CAC5A62D.d.772E76BBEBFB0A790CA656EC4B7F63A2.e.22968/text - {}
RESULT: {}
COMMAND: POST /session/700a0ab92761895b5ec9a5372f8d46fb/element - {"using":"xpath","value":"//*[contains(text(), \"Instructions\")][@class=\"sapMITHTextContent\"]"}
RESULT: {"using":"xpath","value":"//*[contains(text(), \"Instructions\")][@class=\"sapMITHTextContent\"]"}
COMMAND: POST /session/700a0ab92761895b5ec9a5372f8d46fb/execute/sync - {"script":"<script> [8489 bytes]","args":[{"element-6066-11e4-a52e-4f735466cecf":"f.647512A71DDA687F9F591F39CAC5A62D.d.772E76BBEBFB0A790CA656EC4B7F63A2.e.22969","ELEMENT":"f.647512A71DDA687F9F591F39CAC5A62D.d.772E76BBEBFB0A790CA656EC4B7F63A2.e.22969"}]}
RESULT: {"script":"<script> [8489 bytes]","args":[{"element-6066-11e4-a52e-4f735466cecf":"f.647512A71DDA687F9F591F39CAC5A62D.d.772E76BBEBFB0A790CA656EC4B7F63A2.e.22969","ELEMENT":"f.647512A71DDA687F9F591F39CAC5A62D.d.772E76BBEBFB0A790CA656EC4B7F63A2.e.22969"}]}
COMMAND: POST /session/700a0ab92761895b5ec9a5372f8d46fb/execute/sync - {"script":"<script> [5351 bytes]","args":[{"element-6066-11e4-a52e-4f735466cecf":"f.647512A71DDA687F9F591F39CAC5A62D.d.772E76BBEBFB0A790CA656EC4B7F63A2.e.22969","ELEMENT":"f.647512A71DDA687F9F591F39CAC5A62D.d.772E76BBEBFB0A790CA656EC4B7F63A2.e.22969"}]}
COMMAND: GET /session/700a0ab92761895b5ec9a5372f8d46fb/screenshot - {}
RESULT: {"script":"<script> [5351 bytes]","args":[{"element-6066-11e4-a52e-4f735466cecf":"f.647512A71DDA687F9F591F39CAC5A62D.d.772E76BBEBFB0A790CA656EC4B7F63A2.e.22969","ELEMENT":"f.647512A71DDA687F9F591F39CAC5A62D.d.772E76BBEBFB0A790CA656EC4B7F63A2.e.22969"}]}
COMMAND: POST /session/700a0ab92761895b5ec9a5372f8d46fb/element/f.647512A71DDA687F9F591F39CAC5A62D.d.772E76BBEBFB0A790CA656EC4B7F63A2.e.22969/click - {}
COMMAND: GET /session/700a0ab92761895b5ec9a5372f8d46fb/screenshot - {}
RESULT: {}
RESULT: {}
COMMAND: POST /session/700a0ab92761895b5ec9a5372f8d46fb/actions - {"actions":[{"id":"action91","type":"key","parameters":{},"actions":[{"type":"keyDown","value":"î€‡"},{"type":"pause","duration":10},{"type":"keyUp","value":"î€‡"}]}]}
COMMAND: GET /session/700a0ab92761895b5ec9a5372f8d46fb/screenshot - {}
RESULT: {}
RESULT: {"actions":[{"id":"action91","type":"key","parameters":{},"actions":[{"type":"keyDown","value":"î€‡"},{"type":"pause","duration":10},{"type":"keyUp","value":"î€‡"}]}]}
COMMAND: POST /session/700a0ab92761895b5ec9a5372f8d46fb/element - {"using":"css selector","value":"#pickDialog--hoItemsTable-sa-CbBg"}
COMMAND: GET /session/700a0ab92761895b5ec9a5372f8d46fb/screenshot - {}
RESULT: {}
RESULT: {"using":"css selector","value":"#pickDialog--hoItemsTable-sa-CbBg"}
COMMAND: GET /session/700a0ab92761895b5ec9a5372f8d46fb/element/f.647512A71DDA687F9F591F39CAC5A62D.d.772E76BBEBFB0A790CA656EC4B7F63A2.e.22977/enabled - {}
RESULT: {}
RESULT: {}
COMMAND: POST /session/700a0ab92761895b5ec9a5372f8d46fb/execute/sync - {"script":"<script> [8489 bytes]","args":[{"element-6066-11e4-a52e-4f735466cecf":"f.647512A71DDA687F9F591F39CAC5A62D.d.772E76BBEBFB0A790CA656EC4B7F63A2.e.22977","ELEMENT":"f.647512A71DDA687F9F591F39CAC5A62D.d.772E76BBEBFB0A790CA656EC4B7F63A2.e.22977"}]}
COMMAND: GET /session/700a0ab92761895b5ec9a5372f8d46fb/screenshot - {}
RESULT: {"script":"<script> [8489 bytes]","args":[{"element-6066-11e4-a52e-4f735466cecf":"f.647512A71DDA687F9F591F39CAC5A62D.d.772E76BBEBFB0A790CA656EC4B7F63A2.e.22977","ELEMENT":"f.647512A71DDA687F9F591F39CAC5A62D.d.772E76BBEBFB0A790CA656EC4B7F63A2.e.22977"}]}
COMMAND: POST /session/700a0ab92761895b5ec9a5372f8d46fb/execute/sync - {"script":"<script> [5351 bytes]","args":[{"element-6066-11e4-a52e-4f735466cecf":"f.647512A71DDA687F9F591F39CAC5A62D.d.772E76BBEBFB0A790CA656EC4B7F63A2.e.22977","ELEMENT":"f.647512A71DDA687F9F591F39CAC5A62D.d.772E76BBEBFB0A790CA656EC4B7F63A2.e.22977"}]}
COMMAND: GET /session/700a0ab92761895b5ec9a5372f8d46fb/screenshot - {}
RESULT: {}
RESULT: {"script":"<script> [5351 bytes]","args":[{"element-6066-11e4-a52e-4f735466cecf":"f.647512A71DDA687F9F591F39CAC5A62D.d.772E76BBEBFB0A790CA656EC4B7F63A2.e.22977","ELEMENT":"f.647512A71DDA687F9F591F39CAC5A62D.d.772E76BBEBFB0A790CA656EC4B7F63A2.e.22977"}]}
COMMAND: POST /session/700a0ab92761895b5ec9a5372f8d46fb/element/f.647512A71DDA687F9F591F39CAC5A62D.d.772E76BBEBFB0A790CA656EC4B7F63A2.e.22977/click - {}
COMMAND: GET /session/700a0ab92761895b5ec9a5372f8d46fb/screenshot - {}
RESULT: {}
RESULT: {}
COMMAND: POST /session/700a0ab92761895b5ec9a5372f8d46fb/element - {"using":"xpath","value":"//bdi[text()='Confirm All']"}
COMMAND: GET /session/700a0ab92761895b5ec9a5372f8d46fb/screenshot - {}
RESULT: {}
RESULT: {"using":"xpath","value":"//bdi[text()='Confirm All']"}
COMMAND: GET /session/700a0ab92761895b5ec9a5372f8d46fb/element/f.647512A71DDA687F9F591F39CAC5A62D.d.772E76BBEBFB0A790CA656EC4B7F63A2.e.22980/enabled - {}
RESULT: {}
RESULT: {}
COMMAND: POST /session/700a0ab92761895b5ec9a5372f8d46fb/execute/sync - {"script":"<script> [8489 bytes]","args":[{"element-6066-11e4-a52e-4f735466cecf":"f.647512A71DDA687F9F591F39CAC5A62D.d.772E76BBEBFB0A790CA656EC4B7F63A2.e.22980","ELEMENT":"f.647512A71DDA687F9F591F39CAC5A62D.d.772E76BBEBFB0A790CA656EC4B7F63A2.e.22980"}]}
COMMAND: GET /session/700a0ab92761895b5ec9a5372f8d46fb/screenshot - {}
RESULT: {"script":"<script> [8489 bytes]","args":[{"element-6066-11e4-a52e-4f735466cecf":"f.647512A71DDA687F9F591F39CAC5A62D.d.772E76BBEBFB0A790CA656EC4B7F63A2.e.22980","ELEMENT":"f.647512A71DDA687F9F591F39CAC5A62D.d.772E76BBEBFB0A790CA656EC4B7F63A2.e.22980"}]}
COMMAND: POST /session/700a0ab92761895b5ec9a5372f8d46fb/execute/sync - {"script":"<script> [5351 bytes]","args":[{"element-6066-11e4-a52e-4f735466cecf":"f.647512A71DDA687F9F591F39CAC5A62D.d.772E76BBEBFB0A790CA656EC4B7F63A2.e.22980","ELEMENT":"f.647512A71DDA687F9F591F39CAC5A62D.d.772E76BBEBFB0A790CA656EC4B7F63A2.e.22980"}]}
COMMAND: GET /session/700a0ab92761895b5ec9a5372f8d46fb/screenshot - {}
RESULT: {}
RESULT: {"script":"<script> [5351 bytes]","args":[{"element-6066-11e4-a52e-4f735466cecf":"f.647512A71DDA687F9F591F39CAC5A62D.d.772E76BBEBFB0A790CA656EC4B7F63A2.e.22980","ELEMENT":"f.647512A71DDA687F9F591F39CAC5A62D.d.772E76BBEBFB0A790CA656EC4B7F63A2.e.22980"}]}
COMMAND: POST /session/700a0ab92761895b5ec9a5372f8d46fb/element/f.647512A71DDA687F9F591F39CAC5A62D.d.772E76BBEBFB0A790CA656EC4B7F63A2.e.22980/click - {}
COMMAND: GET /session/700a0ab92761895b5ec9a5372f8d46fb/screenshot - {}
RESULT: {}
RESULT: {}
COMMAND: GET /session/700a0ab92761895b5ec9a5372f8d46fb/screenshot - {}
RESULT: {}
RESULT: {}
COMMAND: POST /session/700a0ab92761895b5ec9a5372f8d46fb/actions - {"actions":[{"id":"action92","type":"key","parameters":{},"actions":[{"type":"keyDown","value":"î€‡"},{"type":"pause","duration":10},{"type":"keyUp","value":"î€‡"}]}]}
RESULT: {"actions":[{"id":"action92","type":"key","parameters":{},"actions":[{"type":"keyDown","value":"î€‡"},{"type":"pause","duration":10},{"type":"keyUp","value":"î€‡"}]}]}
COMMAND: POST /session/700a0ab92761895b5ec9a5372f8d46fb/actions - {"actions":[{"id":"action93","type":"key","parameters":{},"actions":[{"type":"keyDown","value":"î€‡"},{"type":"pause","duration":10},{"type":"keyUp","value":"î€‡"}]}]}
COMMAND: GET /session/700a0ab92761895b5ec9a5372f8d46fb/screenshot - {}
RESULT: {"actions":[{"id":"action93","type":"key","parameters":{},"actions":[{"type":"keyDown","value":"î€‡"},{"type":"pause","duration":10},{"type":"keyUp","value":"î€‡"}]}]}
COMMAND: POST /session/700a0ab92761895b5ec9a5372f8d46fb/execute/async - {"script":"<script> [1562 bytes]","args":[{"selector":{"id":"statesDialog--okBttnStatesDialog","searchOpenDialogs":true,"interaction":{"idSuffix":"BDI-content"}},"wdio_ui5_key":"statesDialogokBttnStatesDialog"}]}
COMMAND: GET /session/700a0ab92761895b5ec9a5372f8d46fb/screenshot - {}
RESULT: {}
RESULT: {"script":"<script> [1562 bytes]","args":[{"selector":{"id":"statesDialog--okBttnStatesDialog","searchOpenDialogs":true,"interaction":{"idSuffix":"BDI-content"}},"wdio_ui5_key":"statesDialogokBttnStatesDialog"}]}
RESULT: undefined
RESULT: {}
RESULT: undefined
RESULT: undefined
COMMAND: POST /session/700a0ab92761895b5ec9a5372f8d46fb/actions - {"actions":[{"id":"action94","type":"key","parameters":{},"actions":[{"type":"keyDown","value":"î€‡"},{"type":"pause","duration":10},{"type":"keyUp","value":"î€‡"}]}]}
RESULT: {"actions":[{"id":"action94","type":"key","parameters":{},"actions":[{"type":"keyDown","value":"î€‡"},{"type":"pause","duration":10},{"type":"keyUp","value":"î€‡"}]}]}
COMMAND: POST /session/700a0ab92761895b5ec9a5372f8d46fb/execute/async - {"script":"<script> [1562 bytes]","args":[{"selector":{"controlType":"sap.m.Text","viewName":"etm.portal.ui.managehandovers.view.DetailExecuteHO","bindingPath":{"propertyPath":"NO","modelName":"catalogModel"}},"wdio_ui5_key":"etmportal.ui.managehandovers.view.DetailExecuteHOsap.m.Text{\"propertyPath\":\"NO\",\"modelName\":\"catalogModel\"}"}]}
COMMAND: GET /session/700a0ab92761895b5ec9a5372f8d46fb/screenshot - {}
RESULT: {"script":"<script> [1562 bytes]","args":[{"selector":{"controlType":"sap.m.Text","viewName":"etm.portal.ui.managehandovers.view.DetailExecuteHO","bindingPath":{"propertyPath":"NO","modelName":"catalogModel"}},"wdio_ui5_key":"etmportal.ui.managehandovers.view.DetailExecuteHOsap.m.Text{\"propertyPath\":\"NO\",\"modelName\":\"catalogModel\"}"}]}
RESULT: undefined
COMMAND: POST /session/700a0ab92761895b5ec9a5372f8d46fb/execute/async - {"script":"<script> [6424 bytes]","args":[{"element-6066-11e4-a52e-4f735466cecf":"f.647512A71DDA687F9F591F39CAC5A62D.d.772E76BBEBFB0A790CA656EC4B7F63A2.e.22986"},"getText",[]]}
RESULT: {}
RESULT: {"script":"<script> [6424 bytes]","args":[{"element-6066-11e4-a52e-4f735466cecf":"f.647512A71DDA687F9F591F39CAC5A62D.d.772E76BBEBFB0A790CA656EC4B7F63A2.e.22986"},"getText",[]]}
COMMAND: POST /session/700a0ab92761895b5ec9a5372f8d46fb/actions - {"actions":[{"id":"action95","type":"key","parameters":{},"actions":[{"type":"keyDown","value":"î€‡"},{"type":"pause","duration":10},{"type":"keyUp","value":"î€‡"}]}]}
RESULT: {"actions":[{"id":"action95","type":"key","parameters":{},"actions":[{"type":"keyDown","value":"î€‡"},{"type":"pause","duration":10},{"type":"keyUp","value":"î€‡"}]}]}
COMMAND: GET /session/700a0ab92761895b5ec9a5372f8d46fb/screenshot - {}
RESULT: {}
COMMAND: POST /session/700a0ab92761895b5ec9a5372f8d46fb/element - {"using":"xpath","value":"//bdi[text()='OK']"}
RESULT: {"using":"xpath","value":"//bdi[text()='OK']"}
COMMAND: POST /session/700a0ab92761895b5ec9a5372f8d46fb/element - {"using":"xpath","value":"//bdi[text()='OK']"}
RESULT: {"using":"xpath","value":"//bdi[text()='OK']"}
COMMAND: POST /session/700a0ab92761895b5ec9a5372f8d46fb/actions - {"actions":[{"id":"action96","type":"key","parameters":{},"actions":[{"type":"keyDown","value":"î€‡"},{"type":"pause","duration":10},{"type":"keyUp","value":"î€‡"}]}]}
RESULT: {"actions":[{"id":"action96","type":"key","parameters":{},"actions":[{"type":"keyDown","value":"î€‡"},{"type":"pause","duration":10},{"type":"keyUp","value":"î€‡"}]}]}
COMMAND: POST /session/700a0ab92761895b5ec9a5372f8d46fb/element - {"using":"xpath","value":"//bdi[(text() = 'Confirm' or . = 'Confirm')]"}
COMMAND: GET /session/700a0ab92761895b5ec9a5372f8d46fb/screenshot - {}
RESULT: {"using":"xpath","value":"//bdi[(text() = 'Confirm' or . = 'Confirm')]"}
COMMAND: POST /session/700a0ab92761895b5ec9a5372f8d46fb/execute/sync - {"script":"<script> [8489 bytes]","args":[{"element-6066-11e4-a52e-4f735466cecf":"f.647512A71DDA687F9F591F39CAC5A62D.d.772E76BBEBFB0A790CA656EC4B7F63A2.e.22990","ELEMENT":"f.647512A71DDA687F9F591F39CAC5A62D.d.772E76BBEBFB0A790CA656EC4B7F63A2.e.22990"}]}
RESULT: {}
RESULT: {"script":"<script> [8489 bytes]","args":[{"element-6066-11e4-a52e-4f735466cecf":"f.647512A71DDA687F9F591F39CAC5A62D.d.772E76BBEBFB0A790CA656EC4B7F63A2.e.22990","ELEMENT":"f.647512A71DDA687F9F591F39CAC5A62D.d.772E76BBEBFB0A790CA656EC4B7F63A2.e.22990"}]}
COMMAND: POST /session/700a0ab92761895b5ec9a5372f8d46fb/execute/sync - {"script":"<script> [8489 bytes]","args":[{"element-6066-11e4-a52e-4f735466cecf":"f.647512A71DDA687F9F591F39CAC5A62D.d.772E76BBEBFB0A790CA656EC4B7F63A2.e.22990","ELEMENT":"f.647512A71DDA687F9F591F39CAC5A62D.d.772E76BBEBFB0A790CA656EC4B7F63A2.e.22990"}]}
COMMAND: GET /session/700a0ab92761895b5ec9a5372f8d46fb/screenshot - {}
RESULT: {"script":"<script> [8489 bytes]","args":[{"element-6066-11e4-a52e-4f735466cecf":"f.647512A71DDA687F9F591F39CAC5A62D.d.772E76BBEBFB0A790CA656EC4B7F63A2.e.22990","ELEMENT":"f.647512A71DDA687F9F591F39CAC5A62D.d.772E76BBEBFB0A790CA656EC4B7F63A2.e.22990"}]}
COMMAND: POST /session/700a0ab92761895b5ec9a5372f8d46fb/execute/sync - {"script":"<script> [5351 bytes]","args":[{"element-6066-11e4-a52e-4f735466cecf":"f.647512A71DDA687F9F591F39CAC5A62D.d.772E76BBEBFB0A790CA656EC4B7F63A2.e.22990","ELEMENT":"f.647512A71DDA687F9F591F39CAC5A62D.d.772E76BBEBFB0A790CA656EC4B7F63A2.e.22990"}]}
COMMAND: GET /session/700a0ab92761895b5ec9a5372f8d46fb/screenshot - {}
RESULT: {}
RESULT: {"script":"<script> [5351 bytes]","args":[{"element-6066-11e4-a52e-4f735466cecf":"f.647512A71DDA687F9F591F39CAC5A62D.d.772E76BBEBFB0A790CA656EC4B7F63A2.e.22990","ELEMENT":"f.647512A71DDA687F9F591F39CAC5A62D.d.772E76BBEBFB0A790CA656EC4B7F63A2.e.22990"}]}
COMMAND: POST /session/700a0ab92761895b5ec9a5372f8d46fb/actions - {"actions":[{"id":"action97","type":"key","parameters":{},"actions":[{"type":"keyDown","value":"î€‡"},{"type":"pause","duration":10},{"type":"keyUp","value":"î€‡"}]}]}
COMMAND: GET /session/700a0ab92761895b5ec9a5372f8d46fb/screenshot - {}
RESULT: {}
RESULT: {"actions":[{"id":"action97","type":"key","parameters":{},"actions":[{"type":"keyDown","value":"î€‡"},{"type":"pause","duration":10},{"type":"keyUp","value":"î€‡"}]}]}
COMMAND: POST /session/700a0ab92761895b5ec9a5372f8d46fb/element - {"using":"xpath","value":"(//bdi[text()='Pick'])[1]"}
COMMAND: GET /session/700a0ab92761895b5ec9a5372f8d46fb/screenshot - {}
RESULT: {}
RESULT: {"using":"xpath","value":"(//bdi[text()='Pick'])[1]"}
COMMAND: GET /session/700a0ab92761895b5ec9a5372f8d46fb/element/f.647512A71DDA687F9F591F39CAC5A62D.d.772E76BBEBFB0A790CA656EC4B7F63A2.e.22991/enabled - {}
RESULT: {}
RESULT: {}
COMMAND: POST /session/700a0ab92761895b5ec9a5372f8d46fb/execute/sync - {"script":"<script> [8489 bytes]","args":[{"element-6066-11e4-a52e-4f735466cecf":"f.647512A71DDA687F9F591F39CAC5A62D.d.772E76BBEBFB0A790CA656EC4B7F63A2.e.22991","ELEMENT":"f.647512A71DDA687F9F591F39CAC5A62D.d.772E76BBEBFB0A790CA656EC4B7F63A2.e.22991"}]}
COMMAND: GET /session/700a0ab92761895b5ec9a5372f8d46fb/screenshot - {}
RESULT: {"script":"<script> [8489 bytes]","args":[{"element-6066-11e4-a52e-4f735466cecf":"f.647512A71DDA687F9F591F39CAC5A62D.d.772E76BBEBFB0A790CA656EC4B7F63A2.e.22991","ELEMENT":"f.647512A71DDA687F9F591F39CAC5A62D.d.772E76BBEBFB0A790CA656EC4B7F63A2.e.22991"}]}
COMMAND: POST /session/700a0ab92761895b5ec9a5372f8d46fb/execute/sync - {"script":"<script> [5351 bytes]","args":[{"element-6066-11e4-a52e-4f735466cecf":"f.647512A71DDA687F9F591F39CAC5A62D.d.772E76BBEBFB0A790CA656EC4B7F63A2.e.22991","ELEMENT":"f.647512A71DDA687F9F591F39CAC5A62D.d.772E76BBEBFB0A790CA656EC4B7F63A2.e.22991"}]}
COMMAND: GET /session/700a0ab92761895b5ec9a5372f8d46fb/screenshot - {}
RESULT: {}
RESULT: {"script":"<script> [5351 bytes]","args":[{"element-6066-11e4-a52e-4f735466cecf":"f.647512A71DDA687F9F591F39CAC5A62D.d.772E76BBEBFB0A790CA656EC4B7F63A2.e.22991","ELEMENT":"f.647512A71DDA687F9F591F39CAC5A62D.d.772E76BBEBFB0A790CA656EC4B7F63A2.e.22991"}]}
COMMAND: POST /session/700a0ab92761895b5ec9a5372f8d46fb/element/f.647512A71DDA687F9F591F39CAC5A62D.d.772E76BBEBFB0A790CA656EC4B7F63A2.e.22991/click - {}
COMMAND: GET /session/700a0ab92761895b5ec9a5372f8d46fb/screenshot - {}
RESULT: {}
RESULT: {}
COMMAND: POST /session/700a0ab92761895b5ec9a5372f8d46fb/actions - {"actions":[{"id":"action98","type":"key","parameters":{},"actions":[{"type":"keyDown","value":"î€‡"},{"type":"pause","duration":10},{"type":"keyUp","value":"î€‡"}]}]}
COMMAND: GET /session/700a0ab92761895b5ec9a5372f8d46fb/screenshot - {}
RESULT: {}
RESULT: {"actions":[{"id":"action98","type":"key","parameters":{},"actions":[{"type":"keyDown","value":"î€‡"},{"type":"pause","duration":10},{"type":"keyUp","value":"î€‡"}]}]}
COMMAND: GET /session/700a0ab92761895b5ec9a5372f8d46fb/screenshot - {}
RESULT: {}
RESULT: {}
COMMAND: POST /session/700a0ab92761895b5ec9a5372f8d46fb/execute/async - {"script":"<script> [1562 bytes]","args":[{"selector":{"controlType":"sap.m.SearchField","viewName":"etm.portal.ui.managehandovers.view.MasterHO","bindingPath":{"path":"","propertyPath":"/_BASIC_SEARCH_FIELD","modelName":"fi1t3rM0d31"},"interaction":{"idSuffix":"I"}},"wdio_ui5_key":"etmportal.ui.managehandovers.view.MasterHOsap.m.SearchField{\"path\":\"\",\"propertyPath\":\"/_BASIC_SEARCH_FIELD\",\"modelName\":\"fi1t3rM0d31\"}"}]}
RESULT: {"script":"<script> [1562 bytes]","args":[{"selector":{"controlType":"sap.m.SearchField","viewName":"etm.portal.ui.managehandovers.view.MasterHO","bindingPath":{"path":"","propertyPath":"/_BASIC_SEARCH_FIELD","modelName":"fi1t3rM0d31"},"interaction":{"idSuffix":"I"}},"wdio_ui5_key":"etmportal.ui.managehandovers.view.MasterHOsap.m.SearchField{\"path\":\"\",\"propertyPath\":\"/_BASIC_SEARCH_FIELD\",\"modelName\":\"fi1t3rM0d31\"}"}]}
RESULT: undefined
COMMAND: POST /session/700a0ab92761895b5ec9a5372f8d46fb/execute/async - {"script":"<script> [776 bytes]","args":[{"enterText":"31205","selector":{"controlType":"sap.m.SearchField","viewName":"etm.portal.ui.managehandovers.view.MasterHO","bindingPath":{"path":"","propertyPath":"/_BASIC_SEARCH_FIELD","modelName":"fi1t3rM0d31"},"interaction":{"idSuffix":"I"}},"clearTextFirst":true,"interactionType":"ENTER_TEXT"}]}
RESULT: {"script":"<script> [776 bytes]","args":[{"enterText":"31205","selector":{"controlType":"sap.m.SearchField","viewName":"etm.portal.ui.managehandovers.view.MasterHO","bindingPath":{"path":"","propertyPath":"/_BASIC_SEARCH_FIELD","modelName":"fi1t3rM0d31"},"interaction":{"idSuffix":"I"}},"clearTextFirst":true,"interactionType":"ENTER_TEXT"}]}
COMMAND: POST /session/700a0ab92761895b5ec9a5372f8d46fb/actions - {"actions":[{"id":"action99","type":"key","parameters":{},"actions":[{"type":"keyDown","value":"î€‡"},{"type":"pause","duration":10},{"type":"keyUp","value":"î€‡"}]}]}
RESULT: {"actions":[{"id":"action99","type":"key","parameters":{},"actions":[{"type":"keyDown","value":"î€‡"},{"type":"pause","duration":10},{"type":"keyUp","value":"î€‡"}]}]}
COMMAND: GET /session/700a0ab92761895b5ec9a5372f8d46fb/screenshot - {}
RESULT: {}
COMMAND: POST /session/700a0ab92761895b5ec9a5372f8d46fb/execute/async - {"script":"<script> [1562 bytes]","args":[{"selector":{"controlType":"sap.ui.core.Icon","viewName":"etm.portal.ui.managehandovers.view.MasterHO","properties":{"src":{"regex":{"source":"slim\\-arrow\\-right"}}}},"wdio_ui5_key":"etmportal.ui.managehandovers.view.MasterHOsap.ui.core.Icon{\"src\":{\"regex\":{\"source\":\"slim\\\\-arrow\\\\-right\"}}}"}]}
RESULT: {"script":"<script> [1562 bytes]","args":[{"selector":{"controlType":"sap.ui.core.Icon","viewName":"etm.portal.ui.managehandovers.view.MasterHO","properties":{"src":{"regex":{"source":"slim\\-arrow\\-right"}}}},"wdio_ui5_key":"etmportal.ui.managehandovers.view.MasterHOsap.ui.core.Icon{\"src\":{\"regex\":{\"source\":\"slim\\\\-arrow\\\\-right\"}}}"}]}
RESULT: undefined
COMMAND: POST /session/700a0ab92761895b5ec9a5372f8d46fb/element - {"using":"xpath","value":"//*[@id=\"__item5399-__clone11732-imgNav\"]"}
RESULT: {"using":"xpath","value":"//*[@id=\"__item5399-__clone11732-imgNav\"]"}
COMMAND: POST /session/700a0ab92761895b5ec9a5372f8d46fb/element/f.647512A71DDA687F9F591F39CAC5A62D.d.772E76BBEBFB0A790CA656EC4B7F63A2.e.23166/click - {}
RESULT: {}
COMMAND: POST /session/700a0ab92761895b5ec9a5372f8d46fb/element - {"using":"xpath","value":"(//span[text()='Instructions'])[2]"}
COMMAND: GET /session/700a0ab92761895b5ec9a5372f8d46fb/screenshot - {}
RESULT: {"using":"xpath","value":"(//span[text()='Instructions'])[2]"}
COMMAND: GET /session/700a0ab92761895b5ec9a5372f8d46fb/element/f.647512A71DDA687F9F591F39CAC5A62D.d.772E76BBEBFB0A790CA656EC4B7F63A2.e.22969/enabled - {}
RESULT: {}
RESULT: {}
COMMAND: POST /session/700a0ab92761895b5ec9a5372f8d46fb/execute/sync - {"script":"<script> [8489 bytes]","args":[{"element-6066-11e4-a52e-4f735466cecf":"f.647512A71DDA687F9F591F39CAC5A62D.d.772E76BBEBFB0A790CA656EC4B7F63A2.e.22969","ELEMENT":"f.647512A71DDA687F9F591F39CAC5A62D.d.772E76BBEBFB0A790CA656EC4B7F63A2.e.22969"}]}
COMMAND: GET /session/700a0ab92761895b5ec9a5372f8d46fb/screenshot - {}
RESULT: {"script":"<script> [8489 bytes]","args":[{"element-6066-11e4-a52e-4f735466cecf":"f.647512A71DDA687F9F591F39CAC5A62D.d.772E76BBEBFB0A790CA656EC4B7F63A2.e.22969","ELEMENT":"f.647512A71DDA687F9F591F39CAC5A62D.d.772E76BBEBFB0A790CA656EC4B7F63A2.e.22969"}]}
COMMAND: POST /session/700a0ab92761895b5ec9a5372f8d46fb/execute/sync - {"script":"<script> [5351 bytes]","args":[{"element-6066-11e4-a52e-4f735466cecf":"f.647512A71DDA687F9F591F39CAC5A62D.d.772E76BBEBFB0A790CA656EC4B7F63A2.e.22969","ELEMENT":"f.647512A71DDA687F9F591F39CAC5A62D.d.772E76BBEBFB0A790CA656EC4B7F63A2.e.22969"}]}
COMMAND: GET /session/700a0ab92761895b5ec9a5372f8d46fb/screenshot - {}
RESULT: {}
RESULT: {"script":"<script> [5351 bytes]","args":[{"element-6066-11e4-a52e-4f735466cecf":"f.647512A71DDA687F9F591F39CAC5A62D.d.772E76BBEBFB0A790CA656EC4B7F63A2.e.22969","ELEMENT":"f.647512A71DDA687F9F591F39CAC5A62D.d.772E76BBEBFB0A790CA656EC4B7F63A2.e.22969"}]}
COMMAND: GET /session/700a0ab92761895b5ec9a5372f8d46fb/screenshot - {}
COMMAND: POST /session/700a0ab92761895b5ec9a5372f8d46fb/execute/sync - {"script":"<script> [8489 bytes]","args":[{"element-6066-11e4-a52e-4f735466cecf":"f.647512A71DDA687F9F591F39CAC5A62D.d.772E76BBEBFB0A790CA656EC4B7F63A2.e.22969","ELEMENT":"f.647512A71DDA687F9F591F39CAC5A62D.d.772E76BBEBFB0A790CA656EC4B7F63A2.e.22969"}]}
RESULT: {}
RESULT: {"script":"<script> [8489 bytes]","args":[{"element-6066-11e4-a52e-4f735466cecf":"f.647512A71DDA687F9F591F39CAC5A62D.d.772E76BBEBFB0A790CA656EC4B7F63A2.e.22969","ELEMENT":"f.647512A71DDA687F9F591F39CAC5A62D.d.772E76BBEBFB0A790CA656EC4B7F63A2.e.22969"}]}
COMMAND: POST /session/700a0ab92761895b5ec9a5372f8d46fb/execute/sync - {"script":"<script> [5351 bytes]","args":[{"element-6066-11e4-a52e-4f735466cecf":"f.647512A71DDA687F9F591F39CAC5A62D.d.772E76BBEBFB0A790CA656EC4B7F63A2.e.22969","ELEMENT":"f.647512A71DDA687F9F591F39CAC5A62D.d.772E76BBEBFB0A790CA656EC4B7F63A2.e.22969"}]}
COMMAND: GET /session/700a0ab92761895b5ec9a5372f8d46fb/screenshot - {}
RESULT: {}
RESULT: {"script":"<script> [5351 bytes]","args":[{"element-6066-11e4-a52e-4f735466cecf":"f.647512A71DDA687F9F591F39CAC5A62D.d.772E76BBEBFB0A790CA656EC4B7F63A2.e.22969","ELEMENT":"f.647512A71DDA687F9F591F39CAC5A62D.d.772E76BBEBFB0A790CA656EC4B7F63A2.e.22969"}]}
COMMAND: POST /session/700a0ab92761895b5ec9a5372f8d46fb/element/f.647512A71DDA687F9F591F39CAC5A62D.d.772E76BBEBFB0A790CA656EC4B7F63A2.e.22969/click - {}
COMMAND: GET /session/700a0ab92761895b5ec9a5372f8d46fb/screenshot - {}
RESULT: {}
RESULT: {}
COMMAND: POST /session/700a0ab92761895b5ec9a5372f8d46fb/element - {"using":"xpath","value":"//bdi[text()='Confirm']"}
COMMAND: GET /session/700a0ab92761895b5ec9a5372f8d46fb/screenshot - {}
RESULT: {}
RESULT: {"using":"xpath","value":"//bdi[text()='Confirm']"}
COMMAND: GET /session/700a0ab92761895b5ec9a5372f8d46fb/element/f.647512A71DDA687F9F591F39CAC5A62D.d.772E76BBEBFB0A790CA656EC4B7F63A2.e.23218/enabled - {}
RESULT: {}
RESULT: {}
COMMAND: POST /session/700a0ab92761895b5ec9a5372f8d46fb/execute/sync - {"script":"<script> [8489 bytes]","args":[{"element-6066-11e4-a52e-4f735466cecf":"f.647512A71DDA687F9F591F39CAC5A62D.d.772E76BBEBFB0A790CA656EC4B7F63A2.e.23218","ELEMENT":"f.647512A71DDA687F9F591F39CAC5A62D.d.772E76BBEBFB0A790CA656EC4B7F63A2.e.23218"}]}
COMMAND: GET /session/700a0ab92761895b5ec9a5372f8d46fb/screenshot - {}
RESULT: {"script":"<script> [8489 bytes]","args":[{"element-6066-11e4-a52e-4f735466cecf":"f.647512A71DDA687F9F591F39CAC5A62D.d.772E76BBEBFB0A790CA656EC4B7F63A2.e.23218","ELEMENT":"f.647512A71DDA687F9F591F39CAC5A62D.d.772E76BBEBFB0A790CA656EC4B7F63A2.e.23218"}]}
COMMAND: POST /session/700a0ab92761895b5ec9a5372f8d46fb/execute/sync - {"script":"<script> [5351 bytes]","args":[{"element-6066-11e4-a52e-4f735466cecf":"f.647512A71DDA687F9F591F39CAC5A62D.d.772E76BBEBFB0A790CA656EC4B7F63A2.e.23218","ELEMENT":"f.647512A71DDA687F9F591F39CAC5A62D.d.772E76BBEBFB0A790CA656EC4B7F63A2.e.23218"}]}
COMMAND: GET /session/700a0ab92761895b5ec9a5372f8d46fb/screenshot - {}
RESULT: {}
RESULT: {"script":"<script> [5351 bytes]","args":[{"element-6066-11e4-a52e-4f735466cecf":"f.647512A71DDA687F9F591F39CAC5A62D.d.772E76BBEBFB0A790CA656EC4B7F63A2.e.23218","ELEMENT":"f.647512A71DDA687F9F591F39CAC5A62D.d.772E76BBEBFB0A790CA656EC4B7F63A2.e.23218"}]}
COMMAND: POST /session/700a0ab92761895b5ec9a5372f8d46fb/element/f.647512A71DDA687F9F591F39CAC5A62D.d.772E76BBEBFB0A790CA656EC4B7F63A2.e.23218/click - {}
COMMAND: GET /session/700a0ab92761895b5ec9a5372f8d46fb/screenshot - {}
RESULT: {}
RESULT: {}
COMMAND: POST /session/700a0ab92761895b5ec9a5372f8d46fb/actions - {"actions":[{"id":"action100","type":"key","parameters":{},"actions":[{"type":"keyDown","value":"î€‡"},{"type":"pause","duration":10},{"type":"keyUp","value":"î€‡"}]}]}
COMMAND: GET /session/700a0ab92761895b5ec9a5372f8d46fb/screenshot - {}
RESULT: {}
RESULT: {"actions":[{"id":"action100","type":"key","parameters":{},"actions":[{"type":"keyDown","value":"î€‡"},{"type":"pause","duration":10},{"type":"keyUp","value":"î€‡"}]}]}
COMMAND: POST /session/700a0ab92761895b5ec9a5372f8d46fb/element - {"using":"xpath","value":"//bdi[text()='Issue']"}
COMMAND: GET /session/700a0ab92761895b5ec9a5372f8d46fb/screenshot - {}
RESULT: {}
RESULT: {"using":"xpath","value":"//bdi[text()='Issue']"}
COMMAND: GET /session/700a0ab92761895b5ec9a5372f8d46fb/element/f.647512A71DDA687F9F591F39CAC5A62D.d.772E76BBEBFB0A790CA656EC4B7F63A2.e.23219/enabled - {}
RESULT: {}
RESULT: {}
COMMAND: POST /session/700a0ab92761895b5ec9a5372f8d46fb/execute/sync - {"script":"<script> [8489 bytes]","args":[{"element-6066-11e4-a52e-4f735466cecf":"f.647512A71DDA687F9F591F39CAC5A62D.d.772E76BBEBFB0A790CA656EC4B7F63A2.e.23219","ELEMENT":"f.647512A71DDA687F9F591F39CAC5A62D.d.772E76BBEBFB0A790CA656EC4B7F63A2.e.23219"}]}
COMMAND: GET /session/700a0ab92761895b5ec9a5372f8d46fb/screenshot - {}
RESULT: {"script":"<script> [8489 bytes]","args":[{"element-6066-11e4-a52e-4f735466cecf":"f.647512A71DDA687F9F591F39CAC5A62D.d.772E76BBEBFB0A790CA656EC4B7F63A2.e.23219","ELEMENT":"f.647512A71DDA687F9F591F39CAC5A62D.d.772E76BBEBFB0A790CA656EC4B7F63A2.e.23219"}]}
COMMAND: POST /session/700a0ab92761895b5ec9a5372f8d46fb/execute/sync - {"script":"<script> [5351 bytes]","args":[{"element-6066-11e4-a52e-4f735466cecf":"f.647512A71DDA687F9F591F39CAC5A62D.d.772E76BBEBFB0A790CA656EC4B7F63A2.e.23219","ELEMENT":"f.647512A71DDA687F9F591F39CAC5A62D.d.772E76BBEBFB0A790CA656EC4B7F63A2.e.23219"}]}
COMMAND: GET /session/700a0ab92761895b5ec9a5372f8d46fb/screenshot - {}
RESULT: {}
RESULT: {"script":"<script> [5351 bytes]","args":[{"element-6066-11e4-a52e-4f735466cecf":"f.647512A71DDA687F9F591F39CAC5A62D.d.772E76BBEBFB0A790CA656EC4B7F63A2.e.23219","ELEMENT":"f.647512A71DDA687F9F591F39CAC5A62D.d.772E76BBEBFB0A790CA656EC4B7F63A2.e.23219"}]}
COMMAND: POST /session/700a0ab92761895b5ec9a5372f8d46fb/element/f.647512A71DDA687F9F591F39CAC5A62D.d.772E76BBEBFB0A790CA656EC4B7F63A2.e.23219/click - {}
COMMAND: GET /session/700a0ab92761895b5ec9a5372f8d46fb/screenshot - {}
RESULT: {}
RESULT: {}
COMMAND: POST /session/700a0ab92761895b5ec9a5372f8d46fb/element - {"using":"xpath","value":"//*[text()='Provide to site']"}
COMMAND: GET /session/700a0ab92761895b5ec9a5372f8d46fb/screenshot - {}
RESULT: {}
RESULT: {"using":"xpath","value":"//*[text()='Provide to site']"}
COMMAND: POST /session/700a0ab92761895b5ec9a5372f8d46fb/elements - {"using":"xpath","value":"//*[text()='Provide to site']"}
RESULT: {}
RESULT: {"using":"xpath","value":"//*[text()='Provide to site']"}
COMMAND: POST /session/700a0ab92761895b5ec9a5372f8d46fb/elements - {"using":"xpath","value":"//*[text()='Provide to site']"}
RESULT: {"using":"xpath","value":"//*[text()='Provide to site']"}
COMMAND: POST /session/700a0ab92761895b5ec9a5372f8d46fb/elements - {"using":"xpath","value":"//*[text()='Provide to site']"}
RESULT: {"using":"xpath","value":"//*[text()='Provide to site']"}
COMMAND: POST /session/700a0ab92761895b5ec9a5372f8d46fb/elements - {"using":"xpath","value":"//*[text()='Provide to site']"}
RESULT: {"using":"xpath","value":"//*[text()='Provide to site']"}
COMMAND: POST /session/700a0ab92761895b5ec9a5372f8d46fb/elements - {"using":"xpath","value":"//*[text()='Provide to site']"}
RESULT: {"using":"xpath","value":"//*[text()='Provide to site']"}
COMMAND: POST /session/700a0ab92761895b5ec9a5372f8d46fb/elements - {"using":"xpath","value":"//*[text()='Provide to site']"}
RESULT: {"using":"xpath","value":"//*[text()='Provide to site']"}
COMMAND: POST /session/700a0ab92761895b5ec9a5372f8d46fb/elements - {"using":"xpath","value":"//*[text()='Provide to site']"}
RESULT: {"using":"xpath","value":"//*[text()='Provide to site']"}
COMMAND: POST /session/700a0ab92761895b5ec9a5372f8d46fb/elements - {"using":"xpath","value":"//*[text()='Provide to site']"}
RESULT: {"using":"xpath","value":"//*[text()='Provide to site']"}
COMMAND: POST /session/700a0ab92761895b5ec9a5372f8d46fb/elements - {"using":"xpath","value":"//*[text()='Provide to site']"}
RESULT: {"using":"xpath","value":"//*[text()='Provide to site']"}
COMMAND: POST /session/700a0ab92761895b5ec9a5372f8d46fb/elements - {"using":"xpath","value":"//*[text()='Provide to site']"}
RESULT: {"using":"xpath","value":"//*[text()='Provide to site']"}
COMMAND: POST /session/700a0ab92761895b5ec9a5372f8d46fb/elements - {"using":"xpath","value":"//*[text()='Provide to site']"}
RESULT: {"using":"xpath","value":"//*[text()='Provide to site']"}
COMMAND: POST /session/700a0ab92761895b5ec9a5372f8d46fb/elements - {"using":"xpath","value":"//*[text()='Provide to site']"}
RESULT: {"using":"xpath","value":"//*[text()='Provide to site']"}
COMMAND: POST /session/700a0ab92761895b5ec9a5372f8d46fb/elements - {"using":"xpath","value":"//*[text()='Provide to site']"}
RESULT: {"using":"xpath","value":"//*[text()='Provide to site']"}
COMMAND: POST /session/700a0ab92761895b5ec9a5372f8d46fb/elements - {"using":"xpath","value":"//*[text()='Provide to site']"}
RESULT: {"using":"xpath","value":"//*[text()='Provide to site']"}
COMMAND: POST /session/700a0ab92761895b5ec9a5372f8d46fb/elements - {"using":"xpath","value":"//*[text()='Provide to site']"}
RESULT: {"using":"xpath","value":"//*[text()='Provide to site']"}
COMMAND: POST /session/700a0ab92761895b5ec9a5372f8d46fb/elements - {"using":"xpath","value":"//*[text()='Provide to site']"}
RESULT: {"using":"xpath","value":"//*[text()='Provide to site']"}
COMMAND: POST /session/700a0ab92761895b5ec9a5372f8d46fb/elements - {"using":"xpath","value":"//*[text()='Provide to site']"}
RESULT: {"using":"xpath","value":"//*[text()='Provide to site']"}
COMMAND: POST /session/700a0ab92761895b5ec9a5372f8d46fb/elements - {"using":"xpath","value":"//*[text()='Provide to site']"}
RESULT: {"using":"xpath","value":"//*[text()='Provide to site']"}
COMMAND: POST /session/700a0ab92761895b5ec9a5372f8d46fb/elements - {"using":"xpath","value":"//*[text()='Provide to site']"}
RESULT: {"using":"xpath","value":"//*[text()='Provide to site']"}
COMMAND: POST /session/700a0ab92761895b5ec9a5372f8d46fb/elements - {"using":"xpath","value":"//*[text()='Provide to site']"}
RESULT: {"using":"xpath","value":"//*[text()='Provide to site']"}
COMMAND: POST /session/700a0ab92761895b5ec9a5372f8d46fb/elements - {"using":"xpath","value":"//*[text()='Provide to site']"}
RESULT: {"using":"xpath","value":"//*[text()='Provide to site']"}
COMMAND: POST /session/700a0ab92761895b5ec9a5372f8d46fb/elements - {"using":"xpath","value":"//*[text()='Provide to site']"}
RESULT: {"using":"xpath","value":"//*[text()='Provide to site']"}
COMMAND: POST /session/700a0ab92761895b5ec9a5372f8d46fb/elements - {"using":"xpath","value":"//*[text()='Provide to site']"}
RESULT: {"using":"xpath","value":"//*[text()='Provide to site']"}
COMMAND: POST /session/700a0ab92761895b5ec9a5372f8d46fb/elements - {"using":"xpath","value":"//*[text()='Provide to site']"}
RESULT: {"using":"xpath","value":"//*[text()='Provide to site']"}
COMMAND: POST /session/700a0ab92761895b5ec9a5372f8d46fb/elements - {"using":"xpath","value":"//*[text()='Provide to site']"}
RESULT: {"using":"xpath","value":"//*[text()='Provide to site']"}
COMMAND: POST /session/700a0ab92761895b5ec9a5372f8d46fb/elements - {"using":"xpath","value":"//*[text()='Provide to site']"}
RESULT: {"using":"xpath","value":"//*[text()='Provide to site']"}
COMMAND: POST /session/700a0ab92761895b5ec9a5372f8d46fb/elements - {"using":"xpath","value":"//*[text()='Provide to site']"}
RESULT: {"using":"xpath","value":"//*[text()='Provide to site']"}
COMMAND: POST /session/700a0ab92761895b5ec9a5372f8d46fb/elements - {"using":"xpath","value":"//*[text()='Provide to site']"}
RESULT: {"using":"xpath","value":"//*[text()='Provide to site']"}
COMMAND: POST /session/700a0ab92761895b5ec9a5372f8d46fb/elements - {"using":"xpath","value":"//*[text()='Provide to site']"}
RESULT: {"using":"xpath","value":"//*[text()='Provide to site']"}
COMMAND: POST /session/700a0ab92761895b5ec9a5372f8d46fb/elements - {"using":"xpath","value":"//*[text()='Provide to site']"}
RESULT: {"using":"xpath","value":"//*[text()='Provide to site']"}
COMMAND: POST /session/700a0ab92761895b5ec9a5372f8d46fb/elements - {"using":"xpath","value":"//*[text()='Provide to site']"}
RESULT: {"using":"xpath","value":"//*[text()='Provide to site']"}
COMMAND: POST /session/700a0ab92761895b5ec9a5372f8d46fb/elements - {"using":"xpath","value":"//*[text()='Provide to site']"}
RESULT: {"using":"xpath","value":"//*[text()='Provide to site']"}
COMMAND: POST /session/700a0ab92761895b5ec9a5372f8d46fb/elements - {"using":"xpath","value":"//*[text()='Provide to site']"}
RESULT: {"using":"xpath","value":"//*[text()='Provide to site']"}
COMMAND: POST /session/700a0ab92761895b5ec9a5372f8d46fb/elements - {"using":"xpath","value":"//*[text()='Provide to site']"}
RESULT: {"using":"xpath","value":"//*[text()='Provide to site']"}
COMMAND: POST /session/700a0ab92761895b5ec9a5372f8d46fb/elements - {"using":"xpath","value":"//*[text()='Provide to site']"}
RESULT: {"using":"xpath","value":"//*[text()='Provide to site']"}
COMMAND: POST /session/700a0ab92761895b5ec9a5372f8d46fb/elements - {"using":"xpath","value":"//*[text()='Provide to site']"}
RESULT: {"using":"xpath","value":"//*[text()='Provide to site']"}
COMMAND: POST /session/700a0ab92761895b5ec9a5372f8d46fb/elements - {"using":"xpath","value":"//*[text()='Provide to site']"}
RESULT: {"using":"xpath","value":"//*[text()='Provide to site']"}
COMMAND: POST /session/700a0ab92761895b5ec9a5372f8d46fb/elements - {"using":"xpath","value":"//*[text()='Provide to site']"}
RESULT: {"using":"xpath","value":"//*[text()='Provide to site']"}
COMMAND: POST /session/700a0ab92761895b5ec9a5372f8d46fb/elements - {"using":"xpath","value":"//*[text()='Provide to site']"}
RESULT: {"using":"xpath","value":"//*[text()='Provide to site']"}
COMMAND: POST /session/700a0ab92761895b5ec9a5372f8d46fb/elements - {"using":"xpath","value":"//*[text()='Provide to site']"}
RESULT: {"using":"xpath","value":"//*[text()='Provide to site']"}
COMMAND: POST /session/700a0ab92761895b5ec9a5372f8d46fb/elements - {"using":"xpath","value":"//*[text()='Provide to site']"}
RESULT: {"using":"xpath","value":"//*[text()='Provide to site']"}
COMMAND: POST /session/700a0ab92761895b5ec9a5372f8d46fb/elements - {"using":"xpath","value":"//*[text()='Provide to site']"}
RESULT: {"using":"xpath","value":"//*[text()='Provide to site']"}
COMMAND: POST /session/700a0ab92761895b5ec9a5372f8d46fb/elements - {"using":"xpath","value":"//*[text()='Provide to site']"}
RESULT: {"using":"xpath","value":"//*[text()='Provide to site']"}
COMMAND: POST /session/700a0ab92761895b5ec9a5372f8d46fb/elements - {"using":"xpath","value":"//*[text()='Provide to site']"}
RESULT: {"using":"xpath","value":"//*[text()='Provide to site']"}
COMMAND: POST /session/700a0ab92761895b5ec9a5372f8d46fb/elements - {"using":"xpath","value":"//*[text()='Provide to site']"}
RESULT: {"using":"xpath","value":"//*[text()='Provide to site']"}
COMMAND: POST /session/700a0ab92761895b5ec9a5372f8d46fb/elements - {"using":"xpath","value":"//*[text()='Provide to site']"}
RESULT: {"using":"xpath","value":"//*[text()='Provide to site']"}
COMMAND: POST /session/700a0ab92761895b5ec9a5372f8d46fb/elements - {"using":"xpath","value":"//*[text()='Provide to site']"}
RESULT: {"using":"xpath","value":"//*[text()='Provide to site']"}
COMMAND: POST /session/700a0ab92761895b5ec9a5372f8d46fb/elements - {"using":"xpath","value":"//*[text()='Provide to site']"}
RESULT: {"using":"xpath","value":"//*[text()='Provide to site']"}
COMMAND: POST /session/700a0ab92761895b5ec9a5372f8d46fb/elements - {"using":"xpath","value":"//*[text()='Provide to site']"}
RESULT: {"using":"xpath","value":"//*[text()='Provide to site']"}
COMMAND: POST /session/700a0ab92761895b5ec9a5372f8d46fb/elements - {"using":"xpath","value":"//*[text()='Provide to site']"}
RESULT: {"using":"xpath","value":"//*[text()='Provide to site']"}
COMMAND: POST /session/700a0ab92761895b5ec9a5372f8d46fb/elements - {"using":"xpath","value":"//*[text()='Provide to site']"}
RESULT: {"using":"xpath","value":"//*[text()='Provide to site']"}
COMMAND: POST /session/700a0ab92761895b5ec9a5372f8d46fb/elements - {"using":"xpath","value":"//*[text()='Provide to site']"}
RESULT: {"using":"xpath","value":"//*[text()='Provide to site']"}
COMMAND: POST /session/700a0ab92761895b5ec9a5372f8d46fb/elements - {"using":"xpath","value":"//*[text()='Provide to site']"}
RESULT: {"using":"xpath","value":"//*[text()='Provide to site']"}
COMMAND: POST /session/700a0ab92761895b5ec9a5372f8d46fb/elements - {"using":"xpath","value":"//*[text()='Provide to site']"}
RESULT: {"using":"xpath","value":"//*[text()='Provide to site']"}
COMMAND: POST /session/700a0ab92761895b5ec9a5372f8d46fb/elements - {"using":"xpath","value":"//*[text()='Provide to site']"}
RESULT: {"using":"xpath","value":"//*[text()='Provide to site']"}
COMMAND: POST /session/700a0ab92761895b5ec9a5372f8d46fb/elements - {"using":"xpath","value":"//*[text()='Provide to site']"}
RESULT: {"using":"xpath","value":"//*[text()='Provide to site']"}
COMMAND: POST /session/700a0ab92761895b5ec9a5372f8d46fb/elements - {"using":"xpath","value":"//*[text()='Provide to site']"}
RESULT: {"using":"xpath","value":"//*[text()='Provide to site']"}
COMMAND: POST /session/700a0ab92761895b5ec9a5372f8d46fb/elements - {"using":"xpath","value":"//*[text()='Provide to site']"}
RESULT: {"using":"xpath","value":"//*[text()='Provide to site']"}
COMMAND: POST /session/700a0ab92761895b5ec9a5372f8d46fb/elements - {"using":"xpath","value":"//*[text()='Provide to site']"}
RESULT: {"using":"xpath","value":"//*[text()='Provide to site']"}
COMMAND: POST /session/700a0ab92761895b5ec9a5372f8d46fb/elements - {"using":"xpath","value":"//*[text()='Provide to site']"}
RESULT: {"using":"xpath","value":"//*[text()='Provide to site']"}
COMMAND: POST /session/700a0ab92761895b5ec9a5372f8d46fb/elements - {"using":"xpath","value":"//*[text()='Provide to site']"}
RESULT: {"using":"xpath","value":"//*[text()='Provide to site']"}
COMMAND: POST /session/700a0ab92761895b5ec9a5372f8d46fb/elements - {"using":"xpath","value":"//*[text()='Provide to site']"}
RESULT: {"using":"xpath","value":"//*[text()='Provide to site']"}
COMMAND: POST /session/700a0ab92761895b5ec9a5372f8d46fb/elements - {"using":"xpath","value":"//*[text()='Provide to site']"}
RESULT: {"using":"xpath","value":"//*[text()='Provide to site']"}
COMMAND: POST /session/700a0ab92761895b5ec9a5372f8d46fb/elements - {"using":"xpath","value":"//*[text()='Provide to site']"}
RESULT: {"using":"xpath","value":"//*[text()='Provide to site']"}
COMMAND: POST /session/700a0ab92761895b5ec9a5372f8d46fb/elements - {"using":"xpath","value":"//*[text()='Provide to site']"}
RESULT: {"using":"xpath","value":"//*[text()='Provide to site']"}
COMMAND: POST /session/700a0ab92761895b5ec9a5372f8d46fb/elements - {"using":"xpath","value":"//*[text()='Provide to site']"}
RESULT: {"using":"xpath","value":"//*[text()='Provide to site']"}
COMMAND: POST /session/700a0ab92761895b5ec9a5372f8d46fb/elements - {"using":"xpath","value":"//*[text()='Provide to site']"}
RESULT: {"using":"xpath","value":"//*[text()='Provide to site']"}
COMMAND: POST /session/700a0ab92761895b5ec9a5372f8d46fb/elements - {"using":"xpath","value":"//*[text()='Provide to site']"}
RESULT: {"using":"xpath","value":"//*[text()='Provide to site']"}
COMMAND: POST /session/700a0ab92761895b5ec9a5372f8d46fb/elements - {"using":"xpath","value":"//*[text()='Provide to site']"}
RESULT: {"using":"xpath","value":"//*[text()='Provide to site']"}
COMMAND: POST /session/700a0ab92761895b5ec9a5372f8d46fb/elements - {"using":"xpath","value":"//*[text()='Provide to site']"}
RESULT: {"using":"xpath","value":"//*[text()='Provide to site']"}
COMMAND: POST /session/700a0ab92761895b5ec9a5372f8d46fb/elements - {"using":"xpath","value":"//*[text()='Provide to site']"}
RESULT: {"using":"xpath","value":"//*[text()='Provide to site']"}
COMMAND: POST /session/700a0ab92761895b5ec9a5372f8d46fb/elements - {"using":"xpath","value":"//*[text()='Provide to site']"}
RESULT: {"using":"xpath","value":"//*[text()='Provide to site']"}
COMMAND: POST /session/700a0ab92761895b5ec9a5372f8d46fb/elements - {"using":"xpath","value":"//*[text()='Provide to site']"}
RESULT: {"using":"xpath","value":"//*[text()='Provide to site']"}
COMMAND: POST /session/700a0ab92761895b5ec9a5372f8d46fb/elements - {"using":"xpath","value":"//*[text()='Provide to site']"}
RESULT: {"using":"xpath","value":"//*[text()='Provide to site']"}
COMMAND: POST /session/700a0ab92761895b5ec9a5372f8d46fb/elements - {"using":"xpath","value":"//*[text()='Provide to site']"}
RESULT: {"using":"xpath","value":"//*[text()='Provide to site']"}
COMMAND: POST /session/700a0ab92761895b5ec9a5372f8d46fb/elements - {"using":"xpath","value":"//*[text()='Provide to site']"}
RESULT: {"using":"xpath","value":"//*[text()='Provide to site']"}
COMMAND: POST /session/700a0ab92761895b5ec9a5372f8d46fb/elements - {"using":"xpath","value":"//*[text()='Provide to site']"}
RESULT: {"using":"xpath","value":"//*[text()='Provide to site']"}
COMMAND: POST /session/700a0ab92761895b5ec9a5372f8d46fb/elements - {"using":"xpath","value":"//*[text()='Provide to site']"}
RESULT: {"using":"xpath","value":"//*[text()='Provide to site']"}
COMMAND: POST /session/700a0ab92761895b5ec9a5372f8d46fb/elements - {"using":"xpath","value":"//*[text()='Provide to site']"}
RESULT: {"using":"xpath","value":"//*[text()='Provide to site']"}
COMMAND: POST /session/700a0ab92761895b5ec9a5372f8d46fb/elements - {"using":"xpath","value":"//*[text()='Provide to site']"}
RESULT: {"using":"xpath","value":"//*[text()='Provide to site']"}
COMMAND: POST /session/700a0ab92761895b5ec9a5372f8d46fb/elements - {"using":"xpath","value":"//*[text()='Provide to site']"}
RESULT: {"using":"xpath","value":"//*[text()='Provide to site']"}
COMMAND: POST /session/700a0ab92761895b5ec9a5372f8d46fb/elements - {"using":"xpath","value":"//*[text()='Provide to site']"}
RESULT: {"using":"xpath","value":"//*[text()='Provide to site']"}
COMMAND: POST /session/700a0ab92761895b5ec9a5372f8d46fb/elements - {"using":"xpath","value":"//*[text()='Provide to site']"}
RESULT: {"using":"xpath","value":"//*[text()='Provide to site']"}
COMMAND: POST /session/700a0ab92761895b5ec9a5372f8d46fb/elements - {"using":"xpath","value":"//*[text()='Provide to site']"}
RESULT: {"using":"xpath","value":"//*[text()='Provide to site']"}
COMMAND: POST /session/700a0ab92761895b5ec9a5372f8d46fb/elements - {"using":"xpath","value":"//*[text()='Provide to site']"}
RESULT: {"using":"xpath","value":"//*[text()='Provide to site']"}
COMMAND: POST /session/700a0ab92761895b5ec9a5372f8d46fb/elements - {"using":"xpath","value":"//*[text()='Provide to site']"}
RESULT: {"using":"xpath","value":"//*[text()='Provide to site']"}
COMMAND: POST /session/700a0ab92761895b5ec9a5372f8d46fb/elements - {"using":"xpath","value":"//*[text()='Provide to site']"}
RESULT: {"using":"xpath","value":"//*[text()='Provide to site']"}
COMMAND: POST /session/700a0ab92761895b5ec9a5372f8d46fb/elements - {"using":"xpath","value":"//*[text()='Provide to site']"}
RESULT: {"using":"xpath","value":"//*[text()='Provide to site']"}
COMMAND: POST /session/700a0ab92761895b5ec9a5372f8d46fb/elements - {"using":"xpath","value":"//*[text()='Provide to site']"}
RESULT: {"using":"xpath","value":"//*[text()='Provide to site']"}
COMMAND: POST /session/700a0ab92761895b5ec9a5372f8d46fb/elements - {"using":"xpath","value":"//*[text()='Provide to site']"}
RESULT: {"using":"xpath","value":"//*[text()='Provide to site']"}
COMMAND: POST /session/700a0ab92761895b5ec9a5372f8d46fb/elements - {"using":"xpath","value":"//*[text()='Provide to site']"}
COMMAND: POST /session/700a0ab92761895b5ec9a5372f8d46fb/elements - {"using":"xpath","value":"//*[text()='provide (received)']"}
RESULT: {"using":"xpath","value":"//*[text()='Provide to site']"}
RESULT: {"using":"xpath","value":"//*[text()='provide (received)']"}
]]></system-out>
    </testcase>
    <testcase classname="chrome.135_0_7049_96.windows.Provide_to_Site_w/o_warehouse_management_wo_clarification" name="Should Test for Handover Execution" time="256.336">
      <system-out><![CDATA[
COMMAND: POST /session/700a0ab92761895b5ec9a5372f8d46fb/element - {"using":"xpath","value":"//*[text()='false']"}
RESULT: {"using":"xpath","value":"//*[text()='false']"}
COMMAND: GET /session/700a0ab92761895b5ec9a5372f8d46fb/element/f.647512A71DDA687F9F591F39CAC5A62D.d.772E76BBEBFB0A790CA656EC4B7F63A2.e.23253/enabled - {}
RESULT: {}
COMMAND: POST /session/700a0ab92761895b5ec9a5372f8d46fb/execute/sync - {"script":"<script> [8489 bytes]","args":[{"element-6066-11e4-a52e-4f735466cecf":"f.647512A71DDA687F9F591F39CAC5A62D.d.772E76BBEBFB0A790CA656EC4B7F63A2.e.23253","ELEMENT":"f.647512A71DDA687F9F591F39CAC5A62D.d.772E76BBEBFB0A790CA656EC4B7F63A2.e.23253"}]}
COMMAND: GET /session/700a0ab92761895b5ec9a5372f8d46fb/screenshot - {}
RESULT: {"script":"<script> [8489 bytes]","args":[{"element-6066-11e4-a52e-4f735466cecf":"f.647512A71DDA687F9F591F39CAC5A62D.d.772E76BBEBFB0A790CA656EC4B7F63A2.e.23253","ELEMENT":"f.647512A71DDA687F9F591F39CAC5A62D.d.772E76BBEBFB0A790CA656EC4B7F63A2.e.23253"}]}
COMMAND: POST /session/700a0ab92761895b5ec9a5372f8d46fb/execute/sync - {"script":"<script> [5351 bytes]","args":[{"element-6066-11e4-a52e-4f735466cecf":"f.647512A71DDA687F9F591F39CAC5A62D.d.772E76BBEBFB0A790CA656EC4B7F63A2.e.23253","ELEMENT":"f.647512A71DDA687F9F591F39CAC5A62D.d.772E76BBEBFB0A790CA656EC4B7F63A2.e.23253"}]}
COMMAND: GET /session/700a0ab92761895b5ec9a5372f8d46fb/screenshot - {}
RESULT: {}
RESULT: {"script":"<script> [5351 bytes]","args":[{"element-6066-11e4-a52e-4f735466cecf":"f.647512A71DDA687F9F591F39CAC5A62D.d.772E76BBEBFB0A790CA656EC4B7F63A2.e.23253","ELEMENT":"f.647512A71DDA687F9F591F39CAC5A62D.d.772E76BBEBFB0A790CA656EC4B7F63A2.e.23253"}]}
COMMAND: POST /session/700a0ab92761895b5ec9a5372f8d46fb/element/f.647512A71DDA687F9F591F39CAC5A62D.d.772E76BBEBFB0A790CA656EC4B7F63A2.e.23253/click - {}
COMMAND: GET /session/700a0ab92761895b5ec9a5372f8d46fb/screenshot - {}
RESULT: {}
RESULT: {}
COMMAND: POST /session/700a0ab92761895b5ec9a5372f8d46fb/element - {"using":"xpath","value":"//span[text()='Provide to site - Completed']"}
COMMAND: GET /session/700a0ab92761895b5ec9a5372f8d46fb/screenshot - {}
RESULT: {}
RESULT: {"using":"xpath","value":"//span[text()='Provide to site - Completed']"}
COMMAND: POST /session/700a0ab92761895b5ec9a5372f8d46fb/elements - {"using":"xpath","value":"//span[text()='Provide to site - Completed']"}
RESULT: {}
RESULT: {"using":"xpath","value":"//span[text()='Provide to site - Completed']"}
COMMAND: POST /session/700a0ab92761895b5ec9a5372f8d46fb/elements - {"using":"xpath","value":"//span[text()='Provide to site - Completed']"}
RESULT: {"using":"xpath","value":"//span[text()='Provide to site - Completed']"}
COMMAND: POST /session/700a0ab92761895b5ec9a5372f8d46fb/element - {"using":"xpath","value":"//span[text()='Provide to site - Completed']"}
RESULT: {"using":"xpath","value":"//span[text()='Provide to site - Completed']"}
COMMAND: GET /session/700a0ab92761895b5ec9a5372f8d46fb/element/f.647512A71DDA687F9F591F39CAC5A62D.d.772E76BBEBFB0A790CA656EC4B7F63A2.e.23289/enabled - {}
RESULT: {}
COMMAND: POST /session/700a0ab92761895b5ec9a5372f8d46fb/execute/sync - {"script":"<script> [8489 bytes]","args":[{"element-6066-11e4-a52e-4f735466cecf":"f.647512A71DDA687F9F591F39CAC5A62D.d.772E76BBEBFB0A790CA656EC4B7F63A2.e.23289","ELEMENT":"f.647512A71DDA687F9F591F39CAC5A62D.d.772E76BBEBFB0A790CA656EC4B7F63A2.e.23289"}]}
COMMAND: GET /session/700a0ab92761895b5ec9a5372f8d46fb/screenshot - {}
RESULT: {"script":"<script> [8489 bytes]","args":[{"element-6066-11e4-a52e-4f735466cecf":"f.647512A71DDA687F9F591F39CAC5A62D.d.772E76BBEBFB0A790CA656EC4B7F63A2.e.23289","ELEMENT":"f.647512A71DDA687F9F591F39CAC5A62D.d.772E76BBEBFB0A790CA656EC4B7F63A2.e.23289"}]}
COMMAND: GET /session/700a0ab92761895b5ec9a5372f8d46fb/screenshot - {}
RESULT: {}
COMMAND: POST /session/700a0ab92761895b5ec9a5372f8d46fb/execute/sync - {"script":"<script> [8489 bytes]","args":[{"element-6066-11e4-a52e-4f735466cecf":"f.647512A71DDA687F9F591F39CAC5A62D.d.772E76BBEBFB0A790CA656EC4B7F63A2.e.23289","ELEMENT":"f.647512A71DDA687F9F591F39CAC5A62D.d.772E76BBEBFB0A790CA656EC4B7F63A2.e.23289"}]}
RESULT: {}
RESULT: {"script":"<script> [8489 bytes]","args":[{"element-6066-11e4-a52e-4f735466cecf":"f.647512A71DDA687F9F591F39CAC5A62D.d.772E76BBEBFB0A790CA656EC4B7F63A2.e.23289","ELEMENT":"f.647512A71DDA687F9F591F39CAC5A62D.d.772E76BBEBFB0A790CA656EC4B7F63A2.e.23289"}]}
COMMAND: GET /session/700a0ab92761895b5ec9a5372f8d46fb/screenshot - {}
COMMAND: POST /session/700a0ab92761895b5ec9a5372f8d46fb/execute/sync - {"script":"<script> [8489 bytes]","args":[{"element-6066-11e4-a52e-4f735466cecf":"f.647512A71DDA687F9F591F39CAC5A62D.d.772E76BBEBFB0A790CA656EC4B7F63A2.e.23289","ELEMENT":"f.647512A71DDA687F9F591F39CAC5A62D.d.772E76BBEBFB0A790CA656EC4B7F63A2.e.23289"}]}
RESULT: {}
RESULT: {"script":"<script> [8489 bytes]","args":[{"element-6066-11e4-a52e-4f735466cecf":"f.647512A71DDA687F9F591F39CAC5A62D.d.772E76BBEBFB0A790CA656EC4B7F63A2.e.23289","ELEMENT":"f.647512A71DDA687F9F591F39CAC5A62D.d.772E76BBEBFB0A790CA656EC4B7F63A2.e.23289"}]}
COMMAND: GET /session/700a0ab92761895b5ec9a5372f8d46fb/screenshot - {}
RESULT: {}
COMMAND: POST /session/700a0ab92761895b5ec9a5372f8d46fb/execute/sync - {"script":"<script> [8489 bytes]","args":[{"element-6066-11e4-a52e-4f735466cecf":"f.647512A71DDA687F9F591F39CAC5A62D.d.772E76BBEBFB0A790CA656EC4B7F63A2.e.23289","ELEMENT":"f.647512A71DDA687F9F591F39CAC5A62D.d.772E76BBEBFB0A790CA656EC4B7F63A2.e.23289"}]}
RESULT: {"script":"<script> [8489 bytes]","args":[{"element-6066-11e4-a52e-4f735466cecf":"f.647512A71DDA687F9F591F39CAC5A62D.d.772E76BBEBFB0A790CA656EC4B7F63A2.e.23289","ELEMENT":"f.647512A71DDA687F9F591F39CAC5A62D.d.772E76BBEBFB0A790CA656EC4B7F63A2.e.23289"}]}
COMMAND: GET /session/700a0ab92761895b5ec9a5372f8d46fb/screenshot - {}
RESULT: {}
COMMAND: POST /session/700a0ab92761895b5ec9a5372f8d46fb/execute/sync - {"script":"<script> [8489 bytes]","args":[{"element-6066-11e4-a52e-4f735466cecf":"f.647512A71DDA687F9F591F39CAC5A62D.d.772E76BBEBFB0A790CA656EC4B7F63A2.e.23289","ELEMENT":"f.647512A71DDA687F9F591F39CAC5A62D.d.772E76BBEBFB0A790CA656EC4B7F63A2.e.23289"}]}
RESULT: {"script":"<script> [8489 bytes]","args":[{"element-6066-11e4-a52e-4f735466cecf":"f.647512A71DDA687F9F591F39CAC5A62D.d.772E76BBEBFB0A790CA656EC4B7F63A2.e.23289","ELEMENT":"f.647512A71DDA687F9F591F39CAC5A62D.d.772E76BBEBFB0A790CA656EC4B7F63A2.e.23289"}]}
COMMAND: GET /session/700a0ab92761895b5ec9a5372f8d46fb/screenshot - {}
RESULT: {}
COMMAND: POST /session/700a0ab92761895b5ec9a5372f8d46fb/execute/sync - {"script":"<script> [8489 bytes]","args":[{"element-6066-11e4-a52e-4f735466cecf":"f.647512A71DDA687F9F591F39CAC5A62D.d.772E76BBEBFB0A790CA656EC4B7F63A2.e.23289","ELEMENT":"f.647512A71DDA687F9F591F39CAC5A62D.d.772E76BBEBFB0A790CA656EC4B7F63A2.e.23289"}]}
RESULT: {"script":"<script> [8489 bytes]","args":[{"element-6066-11e4-a52e-4f735466cecf":"f.647512A71DDA687F9F591F39CAC5A62D.d.772E76BBEBFB0A790CA656EC4B7F63A2.e.23289","ELEMENT":"f.647512A71DDA687F9F591F39CAC5A62D.d.772E76BBEBFB0A790CA656EC4B7F63A2.e.23289"}]}
COMMAND: GET /session/700a0ab92761895b5ec9a5372f8d46fb/screenshot - {}
RESULT: {}
COMMAND: POST /session/700a0ab92761895b5ec9a5372f8d46fb/execute/sync - {"script":"<script> [8489 bytes]","args":[{"element-6066-11e4-a52e-4f735466cecf":"f.647512A71DDA687F9F591F39CAC5A62D.d.772E76BBEBFB0A790CA656EC4B7F63A2.e.23289","ELEMENT":"f.647512A71DDA687F9F591F39CAC5A62D.d.772E76BBEBFB0A790CA656EC4B7F63A2.e.23289"}]}
RESULT: {"script":"<script> [8489 bytes]","args":[{"element-6066-11e4-a52e-4f735466cecf":"f.647512A71DDA687F9F591F39CAC5A62D.d.772E76BBEBFB0A790CA656EC4B7F63A2.e.23289","ELEMENT":"f.647512A71DDA687F9F591F39CAC5A62D.d.772E76BBEBFB0A790CA656EC4B7F63A2.e.23289"}]}
COMMAND: GET /session/700a0ab92761895b5ec9a5372f8d46fb/screenshot - {}
RESULT: {}
COMMAND: POST /session/700a0ab92761895b5ec9a5372f8d46fb/execute/sync - {"script":"<script> [8489 bytes]","args":[{"element-6066-11e4-a52e-4f735466cecf":"f.647512A71DDA687F9F591F39CAC5A62D.d.772E76BBEBFB0A790CA656EC4B7F63A2.e.23289","ELEMENT":"f.647512A71DDA687F9F591F39CAC5A62D.d.772E76BBEBFB0A790CA656EC4B7F63A2.e.23289"}]}
RESULT: {"script":"<script> [8489 bytes]","args":[{"element-6066-11e4-a52e-4f735466cecf":"f.647512A71DDA687F9F591F39CAC5A62D.d.772E76BBEBFB0A790CA656EC4B7F63A2.e.23289","ELEMENT":"f.647512A71DDA687F9F591F39CAC5A62D.d.772E76BBEBFB0A790CA656EC4B7F63A2.e.23289"}]}
COMMAND: GET /session/700a0ab92761895b5ec9a5372f8d46fb/screenshot - {}
RESULT: {}
COMMAND: POST /session/700a0ab92761895b5ec9a5372f8d46fb/execute/sync - {"script":"<script> [8489 bytes]","args":[{"element-6066-11e4-a52e-4f735466cecf":"f.647512A71DDA687F9F591F39CAC5A62D.d.772E76BBEBFB0A790CA656EC4B7F63A2.e.23289","ELEMENT":"f.647512A71DDA687F9F591F39CAC5A62D.d.772E76BBEBFB0A790CA656EC4B7F63A2.e.23289"}]}
RESULT: {"script":"<script> [8489 bytes]","args":[{"element-6066-11e4-a52e-4f735466cecf":"f.647512A71DDA687F9F591F39CAC5A62D.d.772E76BBEBFB0A790CA656EC4B7F63A2.e.23289","ELEMENT":"f.647512A71DDA687F9F591F39CAC5A62D.d.772E76BBEBFB0A790CA656EC4B7F63A2.e.23289"}]}
COMMAND: GET /session/700a0ab92761895b5ec9a5372f8d46fb/screenshot - {}
RESULT: {}
COMMAND: POST /session/700a0ab92761895b5ec9a5372f8d46fb/execute/sync - {"script":"<script> [8489 bytes]","args":[{"element-6066-11e4-a52e-4f735466cecf":"f.647512A71DDA687F9F591F39CAC5A62D.d.772E76BBEBFB0A790CA656EC4B7F63A2.e.23289","ELEMENT":"f.647512A71DDA687F9F591F39CAC5A62D.d.772E76BBEBFB0A790CA656EC4B7F63A2.e.23289"}]}
RESULT: {"script":"<script> [8489 bytes]","args":[{"element-6066-11e4-a52e-4f735466cecf":"f.647512A71DDA687F9F591F39CAC5A62D.d.772E76BBEBFB0A790CA656EC4B7F63A2.e.23289","ELEMENT":"f.647512A71DDA687F9F591F39CAC5A62D.d.772E76BBEBFB0A790CA656EC4B7F63A2.e.23289"}]}
COMMAND: GET /session/700a0ab92761895b5ec9a5372f8d46fb/screenshot - {}
RESULT: {}
COMMAND: POST /session/700a0ab92761895b5ec9a5372f8d46fb/execute/sync - {"script":"<script> [8489 bytes]","args":[{"element-6066-11e4-a52e-4f735466cecf":"f.647512A71DDA687F9F591F39CAC5A62D.d.772E76BBEBFB0A790CA656EC4B7F63A2.e.23289","ELEMENT":"f.647512A71DDA687F9F591F39CAC5A62D.d.772E76BBEBFB0A790CA656EC4B7F63A2.e.23289"}]}
RESULT: {"script":"<script> [8489 bytes]","args":[{"element-6066-11e4-a52e-4f735466cecf":"f.647512A71DDA687F9F591F39CAC5A62D.d.772E76BBEBFB0A790CA656EC4B7F63A2.e.23289","ELEMENT":"f.647512A71DDA687F9F591F39CAC5A62D.d.772E76BBEBFB0A790CA656EC4B7F63A2.e.23289"}]}
COMMAND: GET /session/700a0ab92761895b5ec9a5372f8d46fb/screenshot - {}
RESULT: {}
COMMAND: POST /session/700a0ab92761895b5ec9a5372f8d46fb/execute/sync - {"script":"<script> [8489 bytes]","args":[{"element-6066-11e4-a52e-4f735466cecf":"f.647512A71DDA687F9F591F39CAC5A62D.d.772E76BBEBFB0A790CA656EC4B7F63A2.e.23289","ELEMENT":"f.647512A71DDA687F9F591F39CAC5A62D.d.772E76BBEBFB0A790CA656EC4B7F63A2.e.23289"}]}
RESULT: {"script":"<script> [8489 bytes]","args":[{"element-6066-11e4-a52e-4f735466cecf":"f.647512A71DDA687F9F591F39CAC5A62D.d.772E76BBEBFB0A790CA656EC4B7F63A2.e.23289","ELEMENT":"f.647512A71DDA687F9F591F39CAC5A62D.d.772E76BBEBFB0A790CA656EC4B7F63A2.e.23289"}]}
COMMAND: GET /session/700a0ab92761895b5ec9a5372f8d46fb/screenshot - {}
RESULT: {}
COMMAND: POST /session/700a0ab92761895b5ec9a5372f8d46fb/execute/sync - {"script":"<script> [8489 bytes]","args":[{"element-6066-11e4-a52e-4f735466cecf":"f.647512A71DDA687F9F591F39CAC5A62D.d.772E76BBEBFB0A790CA656EC4B7F63A2.e.23289","ELEMENT":"f.647512A71DDA687F9F591F39CAC5A62D.d.772E76BBEBFB0A790CA656EC4B7F63A2.e.23289"}]}
RESULT: {"script":"<script> [8489 bytes]","args":[{"element-6066-11e4-a52e-4f735466cecf":"f.647512A71DDA687F9F591F39CAC5A62D.d.772E76BBEBFB0A790CA656EC4B7F63A2.e.23289","ELEMENT":"f.647512A71DDA687F9F591F39CAC5A62D.d.772E76BBEBFB0A790CA656EC4B7F63A2.e.23289"}]}
COMMAND: GET /session/700a0ab92761895b5ec9a5372f8d46fb/screenshot - {}
RESULT: {}
COMMAND: POST /session/700a0ab92761895b5ec9a5372f8d46fb/execute/sync - {"script":"<script> [8489 bytes]","args":[{"element-6066-11e4-a52e-4f735466cecf":"f.647512A71DDA687F9F591F39CAC5A62D.d.772E76BBEBFB0A790CA656EC4B7F63A2.e.23289","ELEMENT":"f.647512A71DDA687F9F591F39CAC5A62D.d.772E76BBEBFB0A790CA656EC4B7F63A2.e.23289"}]}
RESULT: {"script":"<script> [8489 bytes]","args":[{"element-6066-11e4-a52e-4f735466cecf":"f.647512A71DDA687F9F591F39CAC5A62D.d.772E76BBEBFB0A790CA656EC4B7F63A2.e.23289","ELEMENT":"f.647512A71DDA687F9F591F39CAC5A62D.d.772E76BBEBFB0A790CA656EC4B7F63A2.e.23289"}]}
COMMAND: GET /session/700a0ab92761895b5ec9a5372f8d46fb/screenshot - {}
RESULT: {}
COMMAND: POST /session/700a0ab92761895b5ec9a5372f8d46fb/execute/sync - {"script":"<script> [8489 bytes]","args":[{"element-6066-11e4-a52e-4f735466cecf":"f.647512A71DDA687F9F591F39CAC5A62D.d.772E76BBEBFB0A790CA656EC4B7F63A2.e.23289","ELEMENT":"f.647512A71DDA687F9F591F39CAC5A62D.d.772E76BBEBFB0A790CA656EC4B7F63A2.e.23289"}]}
RESULT: {"script":"<script> [8489 bytes]","args":[{"element-6066-11e4-a52e-4f735466cecf":"f.647512A71DDA687F9F591F39CAC5A62D.d.772E76BBEBFB0A790CA656EC4B7F63A2.e.23289","ELEMENT":"f.647512A71DDA687F9F591F39CAC5A62D.d.772E76BBEBFB0A790CA656EC4B7F63A2.e.23289"}]}
COMMAND: GET /session/700a0ab92761895b5ec9a5372f8d46fb/screenshot - {}
RESULT: {}
COMMAND: POST /session/700a0ab92761895b5ec9a5372f8d46fb/execute/sync - {"script":"<script> [8489 bytes]","args":[{"element-6066-11e4-a52e-4f735466cecf":"f.647512A71DDA687F9F591F39CAC5A62D.d.772E76BBEBFB0A790CA656EC4B7F63A2.e.23289","ELEMENT":"f.647512A71DDA687F9F591F39CAC5A62D.d.772E76BBEBFB0A790CA656EC4B7F63A2.e.23289"}]}
RESULT: {"script":"<script> [8489 bytes]","args":[{"element-6066-11e4-a52e-4f735466cecf":"f.647512A71DDA687F9F591F39CAC5A62D.d.772E76BBEBFB0A790CA656EC4B7F63A2.e.23289","ELEMENT":"f.647512A71DDA687F9F591F39CAC5A62D.d.772E76BBEBFB0A790CA656EC4B7F63A2.e.23289"}]}
COMMAND: GET /session/700a0ab92761895b5ec9a5372f8d46fb/screenshot - {}
RESULT: {}
COMMAND: POST /session/700a0ab92761895b5ec9a5372f8d46fb/execute/sync - {"script":"<script> [8489 bytes]","args":[{"element-6066-11e4-a52e-4f735466cecf":"f.647512A71DDA687F9F591F39CAC5A62D.d.772E76BBEBFB0A790CA656EC4B7F63A2.e.23289","ELEMENT":"f.647512A71DDA687F9F591F39CAC5A62D.d.772E76BBEBFB0A790CA656EC4B7F63A2.e.23289"}]}
RESULT: {"script":"<script> [8489 bytes]","args":[{"element-6066-11e4-a52e-4f735466cecf":"f.647512A71DDA687F9F591F39CAC5A62D.d.772E76BBEBFB0A790CA656EC4B7F63A2.e.23289","ELEMENT":"f.647512A71DDA687F9F591F39CAC5A62D.d.772E76BBEBFB0A790CA656EC4B7F63A2.e.23289"}]}
COMMAND: GET /session/700a0ab92761895b5ec9a5372f8d46fb/screenshot - {}
RESULT: {}
COMMAND: POST /session/700a0ab92761895b5ec9a5372f8d46fb/execute/sync - {"script":"<script> [8489 bytes]","args":[{"element-6066-11e4-a52e-4f735466cecf":"f.647512A71DDA687F9F591F39CAC5A62D.d.772E76BBEBFB0A790CA656EC4B7F63A2.e.23289","ELEMENT":"f.647512A71DDA687F9F591F39CAC5A62D.d.772E76BBEBFB0A790CA656EC4B7F63A2.e.23289"}]}
RESULT: {"script":"<script> [8489 bytes]","args":[{"element-6066-11e4-a52e-4f735466cecf":"f.647512A71DDA687F9F591F39CAC5A62D.d.772E76BBEBFB0A790CA656EC4B7F63A2.e.23289","ELEMENT":"f.647512A71DDA687F9F591F39CAC5A62D.d.772E76BBEBFB0A790CA656EC4B7F63A2.e.23289"}]}
COMMAND: GET /session/700a0ab92761895b5ec9a5372f8d46fb/screenshot - {}
RESULT: {}
COMMAND: POST /session/700a0ab92761895b5ec9a5372f8d46fb/execute/sync - {"script":"<script> [8489 bytes]","args":[{"element-6066-11e4-a52e-4f735466cecf":"f.647512A71DDA687F9F591F39CAC5A62D.d.772E76BBEBFB0A790CA656EC4B7F63A2.e.23289","ELEMENT":"f.647512A71DDA687F9F591F39CAC5A62D.d.772E76BBEBFB0A790CA656EC4B7F63A2.e.23289"}]}
RESULT: {"script":"<script> [8489 bytes]","args":[{"element-6066-11e4-a52e-4f735466cecf":"f.647512A71DDA687F9F591F39CAC5A62D.d.772E76BBEBFB0A790CA656EC4B7F63A2.e.23289","ELEMENT":"f.647512A71DDA687F9F591F39CAC5A62D.d.772E76BBEBFB0A790CA656EC4B7F63A2.e.23289"}]}
COMMAND: GET /session/700a0ab92761895b5ec9a5372f8d46fb/screenshot - {}
RESULT: {}
COMMAND: POST /session/700a0ab92761895b5ec9a5372f8d46fb/execute/sync - {"script":"<script> [8489 bytes]","args":[{"element-6066-11e4-a52e-4f735466cecf":"f.647512A71DDA687F9F591F39CAC5A62D.d.772E76BBEBFB0A790CA656EC4B7F63A2.e.23289","ELEMENT":"f.647512A71DDA687F9F591F39CAC5A62D.d.772E76BBEBFB0A790CA656EC4B7F63A2.e.23289"}]}
RESULT: {"script":"<script> [8489 bytes]","args":[{"element-6066-11e4-a52e-4f735466cecf":"f.647512A71DDA687F9F591F39CAC5A62D.d.772E76BBEBFB0A790CA656EC4B7F63A2.e.23289","ELEMENT":"f.647512A71DDA687F9F591F39CAC5A62D.d.772E76BBEBFB0A790CA656EC4B7F63A2.e.23289"}]}
COMMAND: GET /session/700a0ab92761895b5ec9a5372f8d46fb/screenshot - {}
RESULT: {}
COMMAND: POST /session/700a0ab92761895b5ec9a5372f8d46fb/execute/sync - {"script":"<script> [8489 bytes]","args":[{"element-6066-11e4-a52e-4f735466cecf":"f.647512A71DDA687F9F591F39CAC5A62D.d.772E76BBEBFB0A790CA656EC4B7F63A2.e.23289","ELEMENT":"f.647512A71DDA687F9F591F39CAC5A62D.d.772E76BBEBFB0A790CA656EC4B7F63A2.e.23289"}]}
RESULT: {"script":"<script> [8489 bytes]","args":[{"element-6066-11e4-a52e-4f735466cecf":"f.647512A71DDA687F9F591F39CAC5A62D.d.772E76BBEBFB0A790CA656EC4B7F63A2.e.23289","ELEMENT":"f.647512A71DDA687F9F591F39CAC5A62D.d.772E76BBEBFB0A790CA656EC4B7F63A2.e.23289"}]}
COMMAND: GET /session/700a0ab92761895b5ec9a5372f8d46fb/screenshot - {}
RESULT: {}
COMMAND: POST /session/700a0ab92761895b5ec9a5372f8d46fb/execute/sync - {"script":"<script> [8489 bytes]","args":[{"element-6066-11e4-a52e-4f735466cecf":"f.647512A71DDA687F9F591F39CAC5A62D.d.772E76BBEBFB0A790CA656EC4B7F63A2.e.23289","ELEMENT":"f.647512A71DDA687F9F591F39CAC5A62D.d.772E76BBEBFB0A790CA656EC4B7F63A2.e.23289"}]}
RESULT: {"script":"<script> [8489 bytes]","args":[{"element-6066-11e4-a52e-4f735466cecf":"f.647512A71DDA687F9F591F39CAC5A62D.d.772E76BBEBFB0A790CA656EC4B7F63A2.e.23289","ELEMENT":"f.647512A71DDA687F9F591F39CAC5A62D.d.772E76BBEBFB0A790CA656EC4B7F63A2.e.23289"}]}
COMMAND: GET /session/700a0ab92761895b5ec9a5372f8d46fb/screenshot - {}
RESULT: {}
COMMAND: POST /session/700a0ab92761895b5ec9a5372f8d46fb/execute/sync - {"script":"<script> [8489 bytes]","args":[{"element-6066-11e4-a52e-4f735466cecf":"f.647512A71DDA687F9F591F39CAC5A62D.d.772E76BBEBFB0A790CA656EC4B7F63A2.e.23289","ELEMENT":"f.647512A71DDA687F9F591F39CAC5A62D.d.772E76BBEBFB0A790CA656EC4B7F63A2.e.23289"}]}
RESULT: {"script":"<script> [8489 bytes]","args":[{"element-6066-11e4-a52e-4f735466cecf":"f.647512A71DDA687F9F591F39CAC5A62D.d.772E76BBEBFB0A790CA656EC4B7F63A2.e.23289","ELEMENT":"f.647512A71DDA687F9F591F39CAC5A62D.d.772E76BBEBFB0A790CA656EC4B7F63A2.e.23289"}]}
COMMAND: GET /session/700a0ab92761895b5ec9a5372f8d46fb/screenshot - {}
RESULT: {}
COMMAND: POST /session/700a0ab92761895b5ec9a5372f8d46fb/execute/sync - {"script":"<script> [8489 bytes]","args":[{"element-6066-11e4-a52e-4f735466cecf":"f.647512A71DDA687F9F591F39CAC5A62D.d.772E76BBEBFB0A790CA656EC4B7F63A2.e.23289","ELEMENT":"f.647512A71DDA687F9F591F39CAC5A62D.d.772E76BBEBFB0A790CA656EC4B7F63A2.e.23289"}]}
RESULT: {"script":"<script> [8489 bytes]","args":[{"element-6066-11e4-a52e-4f735466cecf":"f.647512A71DDA687F9F591F39CAC5A62D.d.772E76BBEBFB0A790CA656EC4B7F63A2.e.23289","ELEMENT":"f.647512A71DDA687F9F591F39CAC5A62D.d.772E76BBEBFB0A790CA656EC4B7F63A2.e.23289"}]}
COMMAND: GET /session/700a0ab92761895b5ec9a5372f8d46fb/screenshot - {}
RESULT: {}
COMMAND: POST /session/700a0ab92761895b5ec9a5372f8d46fb/execute/sync - {"script":"<script> [8489 bytes]","args":[{"element-6066-11e4-a52e-4f735466cecf":"f.647512A71DDA687F9F591F39CAC5A62D.d.772E76BBEBFB0A790CA656EC4B7F63A2.e.23289","ELEMENT":"f.647512A71DDA687F9F591F39CAC5A62D.d.772E76BBEBFB0A790CA656EC4B7F63A2.e.23289"}]}
RESULT: {"script":"<script> [8489 bytes]","args":[{"element-6066-11e4-a52e-4f735466cecf":"f.647512A71DDA687F9F591F39CAC5A62D.d.772E76BBEBFB0A790CA656EC4B7F63A2.e.23289","ELEMENT":"f.647512A71DDA687F9F591F39CAC5A62D.d.772E76BBEBFB0A790CA656EC4B7F63A2.e.23289"}]}
COMMAND: GET /session/700a0ab92761895b5ec9a5372f8d46fb/screenshot - {}
RESULT: {}
COMMAND: POST /session/700a0ab92761895b5ec9a5372f8d46fb/execute/sync - {"script":"<script> [8489 bytes]","args":[{"element-6066-11e4-a52e-4f735466cecf":"f.647512A71DDA687F9F591F39CAC5A62D.d.772E76BBEBFB0A790CA656EC4B7F63A2.e.23289","ELEMENT":"f.647512A71DDA687F9F591F39CAC5A62D.d.772E76BBEBFB0A790CA656EC4B7F63A2.e.23289"}]}
RESULT: {"script":"<script> [8489 bytes]","args":[{"element-6066-11e4-a52e-4f735466cecf":"f.647512A71DDA687F9F591F39CAC5A62D.d.772E76BBEBFB0A790CA656EC4B7F63A2.e.23289","ELEMENT":"f.647512A71DDA687F9F591F39CAC5A62D.d.772E76BBEBFB0A790CA656EC4B7F63A2.e.23289"}]}
COMMAND: GET /session/700a0ab92761895b5ec9a5372f8d46fb/screenshot - {}
RESULT: {}
COMMAND: POST /session/700a0ab92761895b5ec9a5372f8d46fb/execute/sync - {"script":"<script> [8489 bytes]","args":[{"element-6066-11e4-a52e-4f735466cecf":"f.647512A71DDA687F9F591F39CAC5A62D.d.772E76BBEBFB0A790CA656EC4B7F63A2.e.23289","ELEMENT":"f.647512A71DDA687F9F591F39CAC5A62D.d.772E76BBEBFB0A790CA656EC4B7F63A2.e.23289"}]}
RESULT: {"script":"<script> [8489 bytes]","args":[{"element-6066-11e4-a52e-4f735466cecf":"f.647512A71DDA687F9F591F39CAC5A62D.d.772E76BBEBFB0A790CA656EC4B7F63A2.e.23289","ELEMENT":"f.647512A71DDA687F9F591F39CAC5A62D.d.772E76BBEBFB0A790CA656EC4B7F63A2.e.23289"}]}
COMMAND: GET /session/700a0ab92761895b5ec9a5372f8d46fb/screenshot - {}
RESULT: {}
COMMAND: POST /session/700a0ab92761895b5ec9a5372f8d46fb/execute/sync - {"script":"<script> [8489 bytes]","args":[{"element-6066-11e4-a52e-4f735466cecf":"f.647512A71DDA687F9F591F39CAC5A62D.d.772E76BBEBFB0A790CA656EC4B7F63A2.e.23289","ELEMENT":"f.647512A71DDA687F9F591F39CAC5A62D.d.772E76BBEBFB0A790CA656EC4B7F63A2.e.23289"}]}
RESULT: {"script":"<script> [8489 bytes]","args":[{"element-6066-11e4-a52e-4f735466cecf":"f.647512A71DDA687F9F591F39CAC5A62D.d.772E76BBEBFB0A790CA656EC4B7F63A2.e.23289","ELEMENT":"f.647512A71DDA687F9F591F39CAC5A62D.d.772E76BBEBFB0A790CA656EC4B7F63A2.e.23289"}]}
COMMAND: GET /session/700a0ab92761895b5ec9a5372f8d46fb/screenshot - {}
RESULT: {}
COMMAND: POST /session/700a0ab92761895b5ec9a5372f8d46fb/execute/sync - {"script":"<script> [8489 bytes]","args":[{"element-6066-11e4-a52e-4f735466cecf":"f.647512A71DDA687F9F591F39CAC5A62D.d.772E76BBEBFB0A790CA656EC4B7F63A2.e.23289","ELEMENT":"f.647512A71DDA687F9F591F39CAC5A62D.d.772E76BBEBFB0A790CA656EC4B7F63A2.e.23289"}]}
RESULT: {"script":"<script> [8489 bytes]","args":[{"element-6066-11e4-a52e-4f735466cecf":"f.647512A71DDA687F9F591F39CAC5A62D.d.772E76BBEBFB0A790CA656EC4B7F63A2.e.23289","ELEMENT":"f.647512A71DDA687F9F591F39CAC5A62D.d.772E76BBEBFB0A790CA656EC4B7F63A2.e.23289"}]}
COMMAND: GET /session/700a0ab92761895b5ec9a5372f8d46fb/screenshot - {}
RESULT: {}
COMMAND: POST /session/700a0ab92761895b5ec9a5372f8d46fb/execute/sync - {"script":"<script> [8489 bytes]","args":[{"element-6066-11e4-a52e-4f735466cecf":"f.647512A71DDA687F9F591F39CAC5A62D.d.772E76BBEBFB0A790CA656EC4B7F63A2.e.23289","ELEMENT":"f.647512A71DDA687F9F591F39CAC5A62D.d.772E76BBEBFB0A790CA656EC4B7F63A2.e.23289"}]}
RESULT: {"script":"<script> [8489 bytes]","args":[{"element-6066-11e4-a52e-4f735466cecf":"f.647512A71DDA687F9F591F39CAC5A62D.d.772E76BBEBFB0A790CA656EC4B7F63A2.e.23289","ELEMENT":"f.647512A71DDA687F9F591F39CAC5A62D.d.772E76BBEBFB0A790CA656EC4B7F63A2.e.23289"}]}
COMMAND: GET /session/700a0ab92761895b5ec9a5372f8d46fb/screenshot - {}
RESULT: {}
COMMAND: POST /session/700a0ab92761895b5ec9a5372f8d46fb/execute/sync - {"script":"<script> [8489 bytes]","args":[{"element-6066-11e4-a52e-4f735466cecf":"f.647512A71DDA687F9F591F39CAC5A62D.d.772E76BBEBFB0A790CA656EC4B7F63A2.e.23289","ELEMENT":"f.647512A71DDA687F9F591F39CAC5A62D.d.772E76BBEBFB0A790CA656EC4B7F63A2.e.23289"}]}
RESULT: {"script":"<script> [8489 bytes]","args":[{"element-6066-11e4-a52e-4f735466cecf":"f.647512A71DDA687F9F591F39CAC5A62D.d.772E76BBEBFB0A790CA656EC4B7F63A2.e.23289","ELEMENT":"f.647512A71DDA687F9F591F39CAC5A62D.d.772E76BBEBFB0A790CA656EC4B7F63A2.e.23289"}]}
COMMAND: GET /session/700a0ab92761895b5ec9a5372f8d46fb/screenshot - {}
RESULT: {}
COMMAND: POST /session/700a0ab92761895b5ec9a5372f8d46fb/execute/sync - {"script":"<script> [8489 bytes]","args":[{"element-6066-11e4-a52e-4f735466cecf":"f.647512A71DDA687F9F591F39CAC5A62D.d.772E76BBEBFB0A790CA656EC4B7F63A2.e.23289","ELEMENT":"f.647512A71DDA687F9F591F39CAC5A62D.d.772E76BBEBFB0A790CA656EC4B7F63A2.e.23289"}]}
RESULT: {"script":"<script> [8489 bytes]","args":[{"element-6066-11e4-a52e-4f735466cecf":"f.647512A71DDA687F9F591F39CAC5A62D.d.772E76BBEBFB0A790CA656EC4B7F63A2.e.23289","ELEMENT":"f.647512A71DDA687F9F591F39CAC5A62D.d.772E76BBEBFB0A790CA656EC4B7F63A2.e.23289"}]}
COMMAND: GET /session/700a0ab92761895b5ec9a5372f8d46fb/screenshot - {}
RESULT: {}
COMMAND: POST /session/700a0ab92761895b5ec9a5372f8d46fb/execute/sync - {"script":"<script> [8489 bytes]","args":[{"element-6066-11e4-a52e-4f735466cecf":"f.647512A71DDA687F9F591F39CAC5A62D.d.772E76BBEBFB0A790CA656EC4B7F63A2.e.23289","ELEMENT":"f.647512A71DDA687F9F591F39CAC5A62D.d.772E76BBEBFB0A790CA656EC4B7F63A2.e.23289"}]}
RESULT: {"script":"<script> [8489 bytes]","args":[{"element-6066-11e4-a52e-4f735466cecf":"f.647512A71DDA687F9F591F39CAC5A62D.d.772E76BBEBFB0A790CA656EC4B7F63A2.e.23289","ELEMENT":"f.647512A71DDA687F9F591F39CAC5A62D.d.772E76BBEBFB0A790CA656EC4B7F63A2.e.23289"}]}
COMMAND: GET /session/700a0ab92761895b5ec9a5372f8d46fb/screenshot - {}
RESULT: {}
COMMAND: POST /session/700a0ab92761895b5ec9a5372f8d46fb/execute/sync - {"script":"<script> [8489 bytes]","args":[{"element-6066-11e4-a52e-4f735466cecf":"f.647512A71DDA687F9F591F39CAC5A62D.d.772E76BBEBFB0A790CA656EC4B7F63A2.e.23289","ELEMENT":"f.647512A71DDA687F9F591F39CAC5A62D.d.772E76BBEBFB0A790CA656EC4B7F63A2.e.23289"}]}
RESULT: {"script":"<script> [8489 bytes]","args":[{"element-6066-11e4-a52e-4f735466cecf":"f.647512A71DDA687F9F591F39CAC5A62D.d.772E76BBEBFB0A790CA656EC4B7F63A2.e.23289","ELEMENT":"f.647512A71DDA687F9F591F39CAC5A62D.d.772E76BBEBFB0A790CA656EC4B7F63A2.e.23289"}]}
COMMAND: GET /session/700a0ab92761895b5ec9a5372f8d46fb/screenshot - {}
RESULT: {}
COMMAND: POST /session/700a0ab92761895b5ec9a5372f8d46fb/execute/sync - {"script":"<script> [8489 bytes]","args":[{"element-6066-11e4-a52e-4f735466cecf":"f.647512A71DDA687F9F591F39CAC5A62D.d.772E76BBEBFB0A790CA656EC4B7F63A2.e.23289","ELEMENT":"f.647512A71DDA687F9F591F39CAC5A62D.d.772E76BBEBFB0A790CA656EC4B7F63A2.e.23289"}]}
RESULT: {"script":"<script> [8489 bytes]","args":[{"element-6066-11e4-a52e-4f735466cecf":"f.647512A71DDA687F9F591F39CAC5A62D.d.772E76BBEBFB0A790CA656EC4B7F63A2.e.23289","ELEMENT":"f.647512A71DDA687F9F591F39CAC5A62D.d.772E76BBEBFB0A790CA656EC4B7F63A2.e.23289"}]}
COMMAND: GET /session/700a0ab92761895b5ec9a5372f8d46fb/screenshot - {}
RESULT: {}
COMMAND: POST /session/700a0ab92761895b5ec9a5372f8d46fb/execute/sync - {"script":"<script> [8489 bytes]","args":[{"element-6066-11e4-a52e-4f735466cecf":"f.647512A71DDA687F9F591F39CAC5A62D.d.772E76BBEBFB0A790CA656EC4B7F63A2.e.23289","ELEMENT":"f.647512A71DDA687F9F591F39CAC5A62D.d.772E76BBEBFB0A790CA656EC4B7F63A2.e.23289"}]}
RESULT: {"script":"<script> [8489 bytes]","args":[{"element-6066-11e4-a52e-4f735466cecf":"f.647512A71DDA687F9F591F39CAC5A62D.d.772E76BBEBFB0A790CA656EC4B7F63A2.e.23289","ELEMENT":"f.647512A71DDA687F9F591F39CAC5A62D.d.772E76BBEBFB0A790CA656EC4B7F63A2.e.23289"}]}
COMMAND: GET /session/700a0ab92761895b5ec9a5372f8d46fb/screenshot - {}
RESULT: {}
COMMAND: POST /session/700a0ab92761895b5ec9a5372f8d46fb/execute/sync - {"script":"<script> [8489 bytes]","args":[{"element-6066-11e4-a52e-4f735466cecf":"f.647512A71DDA687F9F591F39CAC5A62D.d.772E76BBEBFB0A790CA656EC4B7F63A2.e.23289","ELEMENT":"f.647512A71DDA687F9F591F39CAC5A62D.d.772E76BBEBFB0A790CA656EC4B7F63A2.e.23289"}]}
RESULT: {"script":"<script> [8489 bytes]","args":[{"element-6066-11e4-a52e-4f735466cecf":"f.647512A71DDA687F9F591F39CAC5A62D.d.772E76BBEBFB0A790CA656EC4B7F63A2.e.23289","ELEMENT":"f.647512A71DDA687F9F591F39CAC5A62D.d.772E76BBEBFB0A790CA656EC4B7F63A2.e.23289"}]}
COMMAND: GET /session/700a0ab92761895b5ec9a5372f8d46fb/screenshot - {}
RESULT: {}
COMMAND: POST /session/700a0ab92761895b5ec9a5372f8d46fb/execute/sync - {"script":"<script> [8489 bytes]","args":[{"element-6066-11e4-a52e-4f735466cecf":"f.647512A71DDA687F9F591F39CAC5A62D.d.772E76BBEBFB0A790CA656EC4B7F63A2.e.23289","ELEMENT":"f.647512A71DDA687F9F591F39CAC5A62D.d.772E76BBEBFB0A790CA656EC4B7F63A2.e.23289"}]}
RESULT: {"script":"<script> [8489 bytes]","args":[{"element-6066-11e4-a52e-4f735466cecf":"f.647512A71DDA687F9F591F39CAC5A62D.d.772E76BBEBFB0A790CA656EC4B7F63A2.e.23289","ELEMENT":"f.647512A71DDA687F9F591F39CAC5A62D.d.772E76BBEBFB0A790CA656EC4B7F63A2.e.23289"}]}
COMMAND: GET /session/700a0ab92761895b5ec9a5372f8d46fb/screenshot - {}
RESULT: {}
COMMAND: POST /session/700a0ab92761895b5ec9a5372f8d46fb/execute/sync - {"script":"<script> [8489 bytes]","args":[{"element-6066-11e4-a52e-4f735466cecf":"f.647512A71DDA687F9F591F39CAC5A62D.d.772E76BBEBFB0A790CA656EC4B7F63A2.e.23289","ELEMENT":"f.647512A71DDA687F9F591F39CAC5A62D.d.772E76BBEBFB0A790CA656EC4B7F63A2.e.23289"}]}
RESULT: {"script":"<script> [8489 bytes]","args":[{"element-6066-11e4-a52e-4f735466cecf":"f.647512A71DDA687F9F591F39CAC5A62D.d.772E76BBEBFB0A790CA656EC4B7F63A2.e.23289","ELEMENT":"f.647512A71DDA687F9F591F39CAC5A62D.d.772E76BBEBFB0A790CA656EC4B7F63A2.e.23289"}]}
COMMAND: GET /session/700a0ab92761895b5ec9a5372f8d46fb/screenshot - {}
RESULT: {}
COMMAND: POST /session/700a0ab92761895b5ec9a5372f8d46fb/execute/sync - {"script":"<script> [8489 bytes]","args":[{"element-6066-11e4-a52e-4f735466cecf":"f.647512A71DDA687F9F591F39CAC5A62D.d.772E76BBEBFB0A790CA656EC4B7F63A2.e.23289","ELEMENT":"f.647512A71DDA687F9F591F39CAC5A62D.d.772E76BBEBFB0A790CA656EC4B7F63A2.e.23289"}]}
RESULT: {"script":"<script> [8489 bytes]","args":[{"element-6066-11e4-a52e-4f735466cecf":"f.647512A71DDA687F9F591F39CAC5A62D.d.772E76BBEBFB0A790CA656EC4B7F63A2.e.23289","ELEMENT":"f.647512A71DDA687F9F591F39CAC5A62D.d.772E76BBEBFB0A790CA656EC4B7F63A2.e.23289"}]}
COMMAND: GET /session/700a0ab92761895b5ec9a5372f8d46fb/screenshot - {}
RESULT: {}
COMMAND: POST /session/700a0ab92761895b5ec9a5372f8d46fb/execute/sync - {"script":"<script> [8489 bytes]","args":[{"element-6066-11e4-a52e-4f735466cecf":"f.647512A71DDA687F9F591F39CAC5A62D.d.772E76BBEBFB0A790CA656EC4B7F63A2.e.23289","ELEMENT":"f.647512A71DDA687F9F591F39CAC5A62D.d.772E76BBEBFB0A790CA656EC4B7F63A2.e.23289"}]}
RESULT: {"script":"<script> [8489 bytes]","args":[{"element-6066-11e4-a52e-4f735466cecf":"f.647512A71DDA687F9F591F39CAC5A62D.d.772E76BBEBFB0A790CA656EC4B7F63A2.e.23289","ELEMENT":"f.647512A71DDA687F9F591F39CAC5A62D.d.772E76BBEBFB0A790CA656EC4B7F63A2.e.23289"}]}
COMMAND: GET /session/700a0ab92761895b5ec9a5372f8d46fb/screenshot - {}
RESULT: {}
COMMAND: POST /session/700a0ab92761895b5ec9a5372f8d46fb/execute/sync - {"script":"<script> [8489 bytes]","args":[{"element-6066-11e4-a52e-4f735466cecf":"f.647512A71DDA687F9F591F39CAC5A62D.d.772E76BBEBFB0A790CA656EC4B7F63A2.e.23289","ELEMENT":"f.647512A71DDA687F9F591F39CAC5A62D.d.772E76BBEBFB0A790CA656EC4B7F63A2.e.23289"}]}
RESULT: {"script":"<script> [8489 bytes]","args":[{"element-6066-11e4-a52e-4f735466cecf":"f.647512A71DDA687F9F591F39CAC5A62D.d.772E76BBEBFB0A790CA656EC4B7F63A2.e.23289","ELEMENT":"f.647512A71DDA687F9F591F39CAC5A62D.d.772E76BBEBFB0A790CA656EC4B7F63A2.e.23289"}]}
COMMAND: GET /session/700a0ab92761895b5ec9a5372f8d46fb/screenshot - {}
RESULT: {}
COMMAND: POST /session/700a0ab92761895b5ec9a5372f8d46fb/execute/sync - {"script":"<script> [8489 bytes]","args":[{"element-6066-11e4-a52e-4f735466cecf":"f.647512A71DDA687F9F591F39CAC5A62D.d.772E76BBEBFB0A790CA656EC4B7F63A2.e.23289","ELEMENT":"f.647512A71DDA687F9F591F39CAC5A62D.d.772E76BBEBFB0A790CA656EC4B7F63A2.e.23289"}]}
RESULT: {"script":"<script> [8489 bytes]","args":[{"element-6066-11e4-a52e-4f735466cecf":"f.647512A71DDA687F9F591F39CAC5A62D.d.772E76BBEBFB0A790CA656EC4B7F63A2.e.23289","ELEMENT":"f.647512A71DDA687F9F591F39CAC5A62D.d.772E76BBEBFB0A790CA656EC4B7F63A2.e.23289"}]}
COMMAND: GET /session/700a0ab92761895b5ec9a5372f8d46fb/screenshot - {}
RESULT: {}
COMMAND: POST /session/700a0ab92761895b5ec9a5372f8d46fb/execute/sync - {"script":"<script> [8489 bytes]","args":[{"element-6066-11e4-a52e-4f735466cecf":"f.647512A71DDA687F9F591F39CAC5A62D.d.772E76BBEBFB0A790CA656EC4B7F63A2.e.23289","ELEMENT":"f.647512A71DDA687F9F591F39CAC5A62D.d.772E76BBEBFB0A790CA656EC4B7F63A2.e.23289"}]}
RESULT: {"script":"<script> [8489 bytes]","args":[{"element-6066-11e4-a52e-4f735466cecf":"f.647512A71DDA687F9F591F39CAC5A62D.d.772E76BBEBFB0A790CA656EC4B7F63A2.e.23289","ELEMENT":"f.647512A71DDA687F9F591F39CAC5A62D.d.772E76BBEBFB0A790CA656EC4B7F63A2.e.23289"}]}
COMMAND: GET /session/700a0ab92761895b5ec9a5372f8d46fb/screenshot - {}
RESULT: {}
COMMAND: POST /session/700a0ab92761895b5ec9a5372f8d46fb/execute/sync - {"script":"<script> [8489 bytes]","args":[{"element-6066-11e4-a52e-4f735466cecf":"f.647512A71DDA687F9F591F39CAC5A62D.d.772E76BBEBFB0A790CA656EC4B7F63A2.e.23289","ELEMENT":"f.647512A71DDA687F9F591F39CAC5A62D.d.772E76BBEBFB0A790CA656EC4B7F63A2.e.23289"}]}
RESULT: {"script":"<script> [8489 bytes]","args":[{"element-6066-11e4-a52e-4f735466cecf":"f.647512A71DDA687F9F591F39CAC5A62D.d.772E76BBEBFB0A790CA656EC4B7F63A2.e.23289","ELEMENT":"f.647512A71DDA687F9F591F39CAC5A62D.d.772E76BBEBFB0A790CA656EC4B7F63A2.e.23289"}]}
COMMAND: GET /session/700a0ab92761895b5ec9a5372f8d46fb/screenshot - {}
RESULT: {}
COMMAND: POST /session/700a0ab92761895b5ec9a5372f8d46fb/execute/sync - {"script":"<script> [8489 bytes]","args":[{"element-6066-11e4-a52e-4f735466cecf":"f.647512A71DDA687F9F591F39CAC5A62D.d.772E76BBEBFB0A790CA656EC4B7F63A2.e.23289","ELEMENT":"f.647512A71DDA687F9F591F39CAC5A62D.d.772E76BBEBFB0A790CA656EC4B7F63A2.e.23289"}]}
RESULT: {"script":"<script> [8489 bytes]","args":[{"element-6066-11e4-a52e-4f735466cecf":"f.647512A71DDA687F9F591F39CAC5A62D.d.772E76BBEBFB0A790CA656EC4B7F63A2.e.23289","ELEMENT":"f.647512A71DDA687F9F591F39CAC5A62D.d.772E76BBEBFB0A790CA656EC4B7F63A2.e.23289"}]}
COMMAND: GET /session/700a0ab92761895b5ec9a5372f8d46fb/screenshot - {}
RESULT: {}
COMMAND: POST /session/700a0ab92761895b5ec9a5372f8d46fb/execute/sync - {"script":"<script> [8489 bytes]","args":[{"element-6066-11e4-a52e-4f735466cecf":"f.647512A71DDA687F9F591F39CAC5A62D.d.772E76BBEBFB0A790CA656EC4B7F63A2.e.23289","ELEMENT":"f.647512A71DDA687F9F591F39CAC5A62D.d.772E76BBEBFB0A790CA656EC4B7F63A2.e.23289"}]}
RESULT: {"script":"<script> [8489 bytes]","args":[{"element-6066-11e4-a52e-4f735466cecf":"f.647512A71DDA687F9F591F39CAC5A62D.d.772E76BBEBFB0A790CA656EC4B7F63A2.e.23289","ELEMENT":"f.647512A71DDA687F9F591F39CAC5A62D.d.772E76BBEBFB0A790CA656EC4B7F63A2.e.23289"}]}
COMMAND: GET /session/700a0ab92761895b5ec9a5372f8d46fb/screenshot - {}
RESULT: {}
COMMAND: POST /session/700a0ab92761895b5ec9a5372f8d46fb/execute/sync - {"script":"<script> [8489 bytes]","args":[{"element-6066-11e4-a52e-4f735466cecf":"f.647512A71DDA687F9F591F39CAC5A62D.d.772E76BBEBFB0A790CA656EC4B7F63A2.e.23289","ELEMENT":"f.647512A71DDA687F9F591F39CAC5A62D.d.772E76BBEBFB0A790CA656EC4B7F63A2.e.23289"}]}
RESULT: {"script":"<script> [8489 bytes]","args":[{"element-6066-11e4-a52e-4f735466cecf":"f.647512A71DDA687F9F591F39CAC5A62D.d.772E76BBEBFB0A790CA656EC4B7F63A2.e.23289","ELEMENT":"f.647512A71DDA687F9F591F39CAC5A62D.d.772E76BBEBFB0A790CA656EC4B7F63A2.e.23289"}]}
COMMAND: GET /session/700a0ab92761895b5ec9a5372f8d46fb/screenshot - {}
COMMAND: POST /session/700a0ab92761895b5ec9a5372f8d46fb/execute/sync - {"script":"<script> [8489 bytes]","args":[{"element-6066-11e4-a52e-4f735466cecf":"f.647512A71DDA687F9F591F39CAC5A62D.d.772E76BBEBFB0A790CA656EC4B7F63A2.e.23289","ELEMENT":"f.647512A71DDA687F9F591F39CAC5A62D.d.772E76BBEBFB0A790CA656EC4B7F63A2.e.23289"}]}
RESULT: {}
RESULT: {"script":"<script> [8489 bytes]","args":[{"element-6066-11e4-a52e-4f735466cecf":"f.647512A71DDA687F9F591F39CAC5A62D.d.772E76BBEBFB0A790CA656EC4B7F63A2.e.23289","ELEMENT":"f.647512A71DDA687F9F591F39CAC5A62D.d.772E76BBEBFB0A790CA656EC4B7F63A2.e.23289"}]}
COMMAND: GET /session/700a0ab92761895b5ec9a5372f8d46fb/screenshot - {}
RESULT: {}
COMMAND: POST /session/700a0ab92761895b5ec9a5372f8d46fb/execute/sync - {"script":"<script> [8489 bytes]","args":[{"element-6066-11e4-a52e-4f735466cecf":"f.647512A71DDA687F9F591F39CAC5A62D.d.772E76BBEBFB0A790CA656EC4B7F63A2.e.23289","ELEMENT":"f.647512A71DDA687F9F591F39CAC5A62D.d.772E76BBEBFB0A790CA656EC4B7F63A2.e.23289"}]}
RESULT: {"script":"<script> [8489 bytes]","args":[{"element-6066-11e4-a52e-4f735466cecf":"f.647512A71DDA687F9F591F39CAC5A62D.d.772E76BBEBFB0A790CA656EC4B7F63A2.e.23289","ELEMENT":"f.647512A71DDA687F9F591F39CAC5A62D.d.772E76BBEBFB0A790CA656EC4B7F63A2.e.23289"}]}
COMMAND: GET /session/700a0ab92761895b5ec9a5372f8d46fb/screenshot - {}
RESULT: {}
COMMAND: POST /session/700a0ab92761895b5ec9a5372f8d46fb/execute/sync - {"script":"<script> [8489 bytes]","args":[{"element-6066-11e4-a52e-4f735466cecf":"f.647512A71DDA687F9F591F39CAC5A62D.d.772E76BBEBFB0A790CA656EC4B7F63A2.e.23289","ELEMENT":"f.647512A71DDA687F9F591F39CAC5A62D.d.772E76BBEBFB0A790CA656EC4B7F63A2.e.23289"}]}
RESULT: {"script":"<script> [8489 bytes]","args":[{"element-6066-11e4-a52e-4f735466cecf":"f.647512A71DDA687F9F591F39CAC5A62D.d.772E76BBEBFB0A790CA656EC4B7F63A2.e.23289","ELEMENT":"f.647512A71DDA687F9F591F39CAC5A62D.d.772E76BBEBFB0A790CA656EC4B7F63A2.e.23289"}]}
COMMAND: GET /session/700a0ab92761895b5ec9a5372f8d46fb/screenshot - {}
RESULT: {}
COMMAND: POST /session/700a0ab92761895b5ec9a5372f8d46fb/execute/sync - {"script":"<script> [8489 bytes]","args":[{"element-6066-11e4-a52e-4f735466cecf":"f.647512A71DDA687F9F591F39CAC5A62D.d.772E76BBEBFB0A790CA656EC4B7F63A2.e.23289","ELEMENT":"f.647512A71DDA687F9F591F39CAC5A62D.d.772E76BBEBFB0A790CA656EC4B7F63A2.e.23289"}]}
RESULT: {"script":"<script> [8489 bytes]","args":[{"element-6066-11e4-a52e-4f735466cecf":"f.647512A71DDA687F9F591F39CAC5A62D.d.772E76BBEBFB0A790CA656EC4B7F63A2.e.23289","ELEMENT":"f.647512A71DDA687F9F591F39CAC5A62D.d.772E76BBEBFB0A790CA656EC4B7F63A2.e.23289"}]}
COMMAND: GET /session/700a0ab92761895b5ec9a5372f8d46fb/screenshot - {}
RESULT: {}
COMMAND: POST /session/700a0ab92761895b5ec9a5372f8d46fb/execute/sync - {"script":"<script> [8489 bytes]","args":[{"element-6066-11e4-a52e-4f735466cecf":"f.647512A71DDA687F9F591F39CAC5A62D.d.772E76BBEBFB0A790CA656EC4B7F63A2.e.23289","ELEMENT":"f.647512A71DDA687F9F591F39CAC5A62D.d.772E76BBEBFB0A790CA656EC4B7F63A2.e.23289"}]}
RESULT: {"script":"<script> [8489 bytes]","args":[{"element-6066-11e4-a52e-4f735466cecf":"f.647512A71DDA687F9F591F39CAC5A62D.d.772E76BBEBFB0A790CA656EC4B7F63A2.e.23289","ELEMENT":"f.647512A71DDA687F9F591F39CAC5A62D.d.772E76BBEBFB0A790CA656EC4B7F63A2.e.23289"}]}
COMMAND: GET /session/700a0ab92761895b5ec9a5372f8d46fb/screenshot - {}
RESULT: {}
COMMAND: POST /session/700a0ab92761895b5ec9a5372f8d46fb/execute/sync - {"script":"<script> [8489 bytes]","args":[{"element-6066-11e4-a52e-4f735466cecf":"f.647512A71DDA687F9F591F39CAC5A62D.d.772E76BBEBFB0A790CA656EC4B7F63A2.e.23289","ELEMENT":"f.647512A71DDA687F9F591F39CAC5A62D.d.772E76BBEBFB0A790CA656EC4B7F63A2.e.23289"}]}
RESULT: {"script":"<script> [8489 bytes]","args":[{"element-6066-11e4-a52e-4f735466cecf":"f.647512A71DDA687F9F591F39CAC5A62D.d.772E76BBEBFB0A790CA656EC4B7F63A2.e.23289","ELEMENT":"f.647512A71DDA687F9F591F39CAC5A62D.d.772E76BBEBFB0A790CA656EC4B7F63A2.e.23289"}]}
COMMAND: GET /session/700a0ab92761895b5ec9a5372f8d46fb/screenshot - {}
RESULT: {}
COMMAND: POST /session/700a0ab92761895b5ec9a5372f8d46fb/execute/sync - {"script":"<script> [8489 bytes]","args":[{"element-6066-11e4-a52e-4f735466cecf":"f.647512A71DDA687F9F591F39CAC5A62D.d.772E76BBEBFB0A790CA656EC4B7F63A2.e.23289","ELEMENT":"f.647512A71DDA687F9F591F39CAC5A62D.d.772E76BBEBFB0A790CA656EC4B7F63A2.e.23289"}]}
RESULT: {"script":"<script> [8489 bytes]","args":[{"element-6066-11e4-a52e-4f735466cecf":"f.647512A71DDA687F9F591F39CAC5A62D.d.772E76BBEBFB0A790CA656EC4B7F63A2.e.23289","ELEMENT":"f.647512A71DDA687F9F591F39CAC5A62D.d.772E76BBEBFB0A790CA656EC4B7F63A2.e.23289"}]}
COMMAND: GET /session/700a0ab92761895b5ec9a5372f8d46fb/screenshot - {}
RESULT: {}
COMMAND: POST /session/700a0ab92761895b5ec9a5372f8d46fb/execute/sync - {"script":"<script> [8489 bytes]","args":[{"element-6066-11e4-a52e-4f735466cecf":"f.647512A71DDA687F9F591F39CAC5A62D.d.772E76BBEBFB0A790CA656EC4B7F63A2.e.23289","ELEMENT":"f.647512A71DDA687F9F591F39CAC5A62D.d.772E76BBEBFB0A790CA656EC4B7F63A2.e.23289"}]}
RESULT: {"script":"<script> [8489 bytes]","args":[{"element-6066-11e4-a52e-4f735466cecf":"f.647512A71DDA687F9F591F39CAC5A62D.d.772E76BBEBFB0A790CA656EC4B7F63A2.e.23289","ELEMENT":"f.647512A71DDA687F9F591F39CAC5A62D.d.772E76BBEBFB0A790CA656EC4B7F63A2.e.23289"}]}
COMMAND: GET /session/700a0ab92761895b5ec9a5372f8d46fb/screenshot - {}
RESULT: {}
COMMAND: POST /session/700a0ab92761895b5ec9a5372f8d46fb/execute/sync - {"script":"<script> [8489 bytes]","args":[{"element-6066-11e4-a52e-4f735466cecf":"f.647512A71DDA687F9F591F39CAC5A62D.d.772E76BBEBFB0A790CA656EC4B7F63A2.e.23289","ELEMENT":"f.647512A71DDA687F9F591F39CAC5A62D.d.772E76BBEBFB0A790CA656EC4B7F63A2.e.23289"}]}
RESULT: {"script":"<script> [8489 bytes]","args":[{"element-6066-11e4-a52e-4f735466cecf":"f.647512A71DDA687F9F591F39CAC5A62D.d.772E76BBEBFB0A790CA656EC4B7F63A2.e.23289","ELEMENT":"f.647512A71DDA687F9F591F39CAC5A62D.d.772E76BBEBFB0A790CA656EC4B7F63A2.e.23289"}]}
COMMAND: GET /session/700a0ab92761895b5ec9a5372f8d46fb/screenshot - {}
RESULT: {}
COMMAND: POST /session/700a0ab92761895b5ec9a5372f8d46fb/execute/sync - {"script":"<script> [8489 bytes]","args":[{"element-6066-11e4-a52e-4f735466cecf":"f.647512A71DDA687F9F591F39CAC5A62D.d.772E76BBEBFB0A790CA656EC4B7F63A2.e.23289","ELEMENT":"f.647512A71DDA687F9F591F39CAC5A62D.d.772E76BBEBFB0A790CA656EC4B7F63A2.e.23289"}]}
RESULT: {"script":"<script> [8489 bytes]","args":[{"element-6066-11e4-a52e-4f735466cecf":"f.647512A71DDA687F9F591F39CAC5A62D.d.772E76BBEBFB0A790CA656EC4B7F63A2.e.23289","ELEMENT":"f.647512A71DDA687F9F591F39CAC5A62D.d.772E76BBEBFB0A790CA656EC4B7F63A2.e.23289"}]}
COMMAND: GET /session/700a0ab92761895b5ec9a5372f8d46fb/screenshot - {}
RESULT: {}
COMMAND: POST /session/700a0ab92761895b5ec9a5372f8d46fb/execute/sync - {"script":"<script> [8489 bytes]","args":[{"element-6066-11e4-a52e-4f735466cecf":"f.647512A71DDA687F9F591F39CAC5A62D.d.772E76BBEBFB0A790CA656EC4B7F63A2.e.23289","ELEMENT":"f.647512A71DDA687F9F591F39CAC5A62D.d.772E76BBEBFB0A790CA656EC4B7F63A2.e.23289"}]}
RESULT: {"script":"<script> [8489 bytes]","args":[{"element-6066-11e4-a52e-4f735466cecf":"f.647512A71DDA687F9F591F39CAC5A62D.d.772E76BBEBFB0A790CA656EC4B7F63A2.e.23289","ELEMENT":"f.647512A71DDA687F9F591F39CAC5A62D.d.772E76BBEBFB0A790CA656EC4B7F63A2.e.23289"}]}
COMMAND: GET /session/700a0ab92761895b5ec9a5372f8d46fb/screenshot - {}
RESULT: {}
COMMAND: POST /session/700a0ab92761895b5ec9a5372f8d46fb/execute/sync - {"script":"<script> [8489 bytes]","args":[{"element-6066-11e4-a52e-4f735466cecf":"f.647512A71DDA687F9F591F39CAC5A62D.d.772E76BBEBFB0A790CA656EC4B7F63A2.e.23289","ELEMENT":"f.647512A71DDA687F9F591F39CAC5A62D.d.772E76BBEBFB0A790CA656EC4B7F63A2.e.23289"}]}
RESULT: {"script":"<script> [8489 bytes]","args":[{"element-6066-11e4-a52e-4f735466cecf":"f.647512A71DDA687F9F591F39CAC5A62D.d.772E76BBEBFB0A790CA656EC4B7F63A2.e.23289","ELEMENT":"f.647512A71DDA687F9F591F39CAC5A62D.d.772E76BBEBFB0A790CA656EC4B7F63A2.e.23289"}]}
COMMAND: GET /session/700a0ab92761895b5ec9a5372f8d46fb/screenshot - {}
RESULT: {}
COMMAND: POST /session/700a0ab92761895b5ec9a5372f8d46fb/execute/sync - {"script":"<script> [8489 bytes]","args":[{"element-6066-11e4-a52e-4f735466cecf":"f.647512A71DDA687F9F591F39CAC5A62D.d.772E76BBEBFB0A790CA656EC4B7F63A2.e.23289","ELEMENT":"f.647512A71DDA687F9F591F39CAC5A62D.d.772E76BBEBFB0A790CA656EC4B7F63A2.e.23289"}]}
RESULT: {"script":"<script> [8489 bytes]","args":[{"element-6066-11e4-a52e-4f735466cecf":"f.647512A71DDA687F9F591F39CAC5A62D.d.772E76BBEBFB0A790CA656EC4B7F63A2.e.23289","ELEMENT":"f.647512A71DDA687F9F591F39CAC5A62D.d.772E76BBEBFB0A790CA656EC4B7F63A2.e.23289"}]}
COMMAND: GET /session/700a0ab92761895b5ec9a5372f8d46fb/screenshot - {}
RESULT: {}
COMMAND: POST /session/700a0ab92761895b5ec9a5372f8d46fb/execute/sync - {"script":"<script> [8489 bytes]","args":[{"element-6066-11e4-a52e-4f735466cecf":"f.647512A71DDA687F9F591F39CAC5A62D.d.772E76BBEBFB0A790CA656EC4B7F63A2.e.23289","ELEMENT":"f.647512A71DDA687F9F591F39CAC5A62D.d.772E76BBEBFB0A790CA656EC4B7F63A2.e.23289"}]}
RESULT: {"script":"<script> [8489 bytes]","args":[{"element-6066-11e4-a52e-4f735466cecf":"f.647512A71DDA687F9F591F39CAC5A62D.d.772E76BBEBFB0A790CA656EC4B7F63A2.e.23289","ELEMENT":"f.647512A71DDA687F9F591F39CAC5A62D.d.772E76BBEBFB0A790CA656EC4B7F63A2.e.23289"}]}
COMMAND: GET /session/700a0ab92761895b5ec9a5372f8d46fb/screenshot - {}
RESULT: {}
COMMAND: POST /session/700a0ab92761895b5ec9a5372f8d46fb/execute/sync - {"script":"<script> [8489 bytes]","args":[{"element-6066-11e4-a52e-4f735466cecf":"f.647512A71DDA687F9F591F39CAC5A62D.d.772E76BBEBFB0A790CA656EC4B7F63A2.e.23289","ELEMENT":"f.647512A71DDA687F9F591F39CAC5A62D.d.772E76BBEBFB0A790CA656EC4B7F63A2.e.23289"}]}
RESULT: {"script":"<script> [8489 bytes]","args":[{"element-6066-11e4-a52e-4f735466cecf":"f.647512A71DDA687F9F591F39CAC5A62D.d.772E76BBEBFB0A790CA656EC4B7F63A2.e.23289","ELEMENT":"f.647512A71DDA687F9F591F39CAC5A62D.d.772E76BBEBFB0A790CA656EC4B7F63A2.e.23289"}]}
COMMAND: GET /session/700a0ab92761895b5ec9a5372f8d46fb/screenshot - {}
RESULT: {}
COMMAND: POST /session/700a0ab92761895b5ec9a5372f8d46fb/execute/sync - {"script":"<script> [8489 bytes]","args":[{"element-6066-11e4-a52e-4f735466cecf":"f.647512A71DDA687F9F591F39CAC5A62D.d.772E76BBEBFB0A790CA656EC4B7F63A2.e.23289","ELEMENT":"f.647512A71DDA687F9F591F39CAC5A62D.d.772E76BBEBFB0A790CA656EC4B7F63A2.e.23289"}]}
RESULT: {"script":"<script> [8489 bytes]","args":[{"element-6066-11e4-a52e-4f735466cecf":"f.647512A71DDA687F9F591F39CAC5A62D.d.772E76BBEBFB0A790CA656EC4B7F63A2.e.23289","ELEMENT":"f.647512A71DDA687F9F591F39CAC5A62D.d.772E76BBEBFB0A790CA656EC4B7F63A2.e.23289"}]}
COMMAND: GET /session/700a0ab92761895b5ec9a5372f8d46fb/screenshot - {}
RESULT: {}
COMMAND: POST /session/700a0ab92761895b5ec9a5372f8d46fb/execute/sync - {"script":"<script> [8489 bytes]","args":[{"element-6066-11e4-a52e-4f735466cecf":"f.647512A71DDA687F9F591F39CAC5A62D.d.772E76BBEBFB0A790CA656EC4B7F63A2.e.23289","ELEMENT":"f.647512A71DDA687F9F591F39CAC5A62D.d.772E76BBEBFB0A790CA656EC4B7F63A2.e.23289"}]}
RESULT: {"script":"<script> [8489 bytes]","args":[{"element-6066-11e4-a52e-4f735466cecf":"f.647512A71DDA687F9F591F39CAC5A62D.d.772E76BBEBFB0A790CA656EC4B7F63A2.e.23289","ELEMENT":"f.647512A71DDA687F9F591F39CAC5A62D.d.772E76BBEBFB0A790CA656EC4B7F63A2.e.23289"}]}
COMMAND: GET /session/700a0ab92761895b5ec9a5372f8d46fb/screenshot - {}
RESULT: {}
COMMAND: POST /session/700a0ab92761895b5ec9a5372f8d46fb/execute/sync - {"script":"<script> [8489 bytes]","args":[{"element-6066-11e4-a52e-4f735466cecf":"f.647512A71DDA687F9F591F39CAC5A62D.d.772E76BBEBFB0A790CA656EC4B7F63A2.e.23289","ELEMENT":"f.647512A71DDA687F9F591F39CAC5A62D.d.772E76BBEBFB0A790CA656EC4B7F63A2.e.23289"}]}
RESULT: {"script":"<script> [8489 bytes]","args":[{"element-6066-11e4-a52e-4f735466cecf":"f.647512A71DDA687F9F591F39CAC5A62D.d.772E76BBEBFB0A790CA656EC4B7F63A2.e.23289","ELEMENT":"f.647512A71DDA687F9F591F39CAC5A62D.d.772E76BBEBFB0A790CA656EC4B7F63A2.e.23289"}]}
COMMAND: GET /session/700a0ab92761895b5ec9a5372f8d46fb/screenshot - {}
RESULT: {}
COMMAND: POST /session/700a0ab92761895b5ec9a5372f8d46fb/execute/sync - {"script":"<script> [8489 bytes]","args":[{"element-6066-11e4-a52e-4f735466cecf":"f.647512A71DDA687F9F591F39CAC5A62D.d.772E76BBEBFB0A790CA656EC4B7F63A2.e.23289","ELEMENT":"f.647512A71DDA687F9F591F39CAC5A62D.d.772E76BBEBFB0A790CA656EC4B7F63A2.e.23289"}]}
RESULT: {"script":"<script> [8489 bytes]","args":[{"element-6066-11e4-a52e-4f735466cecf":"f.647512A71DDA687F9F591F39CAC5A62D.d.772E76BBEBFB0A790CA656EC4B7F63A2.e.23289","ELEMENT":"f.647512A71DDA687F9F591F39CAC5A62D.d.772E76BBEBFB0A790CA656EC4B7F63A2.e.23289"}]}
COMMAND: GET /session/700a0ab92761895b5ec9a5372f8d46fb/screenshot - {}
RESULT: {}
COMMAND: POST /session/700a0ab92761895b5ec9a5372f8d46fb/execute/sync - {"script":"<script> [8489 bytes]","args":[{"element-6066-11e4-a52e-4f735466cecf":"f.647512A71DDA687F9F591F39CAC5A62D.d.772E76BBEBFB0A790CA656EC4B7F63A2.e.23289","ELEMENT":"f.647512A71DDA687F9F591F39CAC5A62D.d.772E76BBEBFB0A790CA656EC4B7F63A2.e.23289"}]}
RESULT: {"script":"<script> [8489 bytes]","args":[{"element-6066-11e4-a52e-4f735466cecf":"f.647512A71DDA687F9F591F39CAC5A62D.d.772E76BBEBFB0A790CA656EC4B7F63A2.e.23289","ELEMENT":"f.647512A71DDA687F9F591F39CAC5A62D.d.772E76BBEBFB0A790CA656EC4B7F63A2.e.23289"}]}
COMMAND: GET /session/700a0ab92761895b5ec9a5372f8d46fb/screenshot - {}
RESULT: {}
COMMAND: POST /session/700a0ab92761895b5ec9a5372f8d46fb/execute/sync - {"script":"<script> [8489 bytes]","args":[{"element-6066-11e4-a52e-4f735466cecf":"f.647512A71DDA687F9F591F39CAC5A62D.d.772E76BBEBFB0A790CA656EC4B7F63A2.e.23289","ELEMENT":"f.647512A71DDA687F9F591F39CAC5A62D.d.772E76BBEBFB0A790CA656EC4B7F63A2.e.23289"}]}
RESULT: {"script":"<script> [8489 bytes]","args":[{"element-6066-11e4-a52e-4f735466cecf":"f.647512A71DDA687F9F591F39CAC5A62D.d.772E76BBEBFB0A790CA656EC4B7F63A2.e.23289","ELEMENT":"f.647512A71DDA687F9F591F39CAC5A62D.d.772E76BBEBFB0A790CA656EC4B7F63A2.e.23289"}]}
COMMAND: GET /session/700a0ab92761895b5ec9a5372f8d46fb/screenshot - {}
RESULT: {}
COMMAND: POST /session/700a0ab92761895b5ec9a5372f8d46fb/execute/sync - {"script":"<script> [8489 bytes]","args":[{"element-6066-11e4-a52e-4f735466cecf":"f.647512A71DDA687F9F591F39CAC5A62D.d.772E76BBEBFB0A790CA656EC4B7F63A2.e.23289","ELEMENT":"f.647512A71DDA687F9F591F39CAC5A62D.d.772E76BBEBFB0A790CA656EC4B7F63A2.e.23289"}]}
RESULT: {"script":"<script> [8489 bytes]","args":[{"element-6066-11e4-a52e-4f735466cecf":"f.647512A71DDA687F9F591F39CAC5A62D.d.772E76BBEBFB0A790CA656EC4B7F63A2.e.23289","ELEMENT":"f.647512A71DDA687F9F591F39CAC5A62D.d.772E76BBEBFB0A790CA656EC4B7F63A2.e.23289"}]}
COMMAND: GET /session/700a0ab92761895b5ec9a5372f8d46fb/screenshot - {}
RESULT: {}
COMMAND: POST /session/700a0ab92761895b5ec9a5372f8d46fb/execute/sync - {"script":"<script> [8489 bytes]","args":[{"element-6066-11e4-a52e-4f735466cecf":"f.647512A71DDA687F9F591F39CAC5A62D.d.772E76BBEBFB0A790CA656EC4B7F63A2.e.23289","ELEMENT":"f.647512A71DDA687F9F591F39CAC5A62D.d.772E76BBEBFB0A790CA656EC4B7F63A2.e.23289"}]}
RESULT: {"script":"<script> [8489 bytes]","args":[{"element-6066-11e4-a52e-4f735466cecf":"f.647512A71DDA687F9F591F39CAC5A62D.d.772E76BBEBFB0A790CA656EC4B7F63A2.e.23289","ELEMENT":"f.647512A71DDA687F9F591F39CAC5A62D.d.772E76BBEBFB0A790CA656EC4B7F63A2.e.23289"}]}
COMMAND: GET /session/700a0ab92761895b5ec9a5372f8d46fb/screenshot - {}
RESULT: {}
COMMAND: POST /session/700a0ab92761895b5ec9a5372f8d46fb/execute/sync - {"script":"<script> [8489 bytes]","args":[{"element-6066-11e4-a52e-4f735466cecf":"f.647512A71DDA687F9F591F39CAC5A62D.d.772E76BBEBFB0A790CA656EC4B7F63A2.e.23289","ELEMENT":"f.647512A71DDA687F9F591F39CAC5A62D.d.772E76BBEBFB0A790CA656EC4B7F63A2.e.23289"}]}
RESULT: {"script":"<script> [8489 bytes]","args":[{"element-6066-11e4-a52e-4f735466cecf":"f.647512A71DDA687F9F591F39CAC5A62D.d.772E76BBEBFB0A790CA656EC4B7F63A2.e.23289","ELEMENT":"f.647512A71DDA687F9F591F39CAC5A62D.d.772E76BBEBFB0A790CA656EC4B7F63A2.e.23289"}]}
COMMAND: GET /session/700a0ab92761895b5ec9a5372f8d46fb/screenshot - {}
RESULT: {}
COMMAND: POST /session/700a0ab92761895b5ec9a5372f8d46fb/execute/sync - {"script":"<script> [8489 bytes]","args":[{"element-6066-11e4-a52e-4f735466cecf":"f.647512A71DDA687F9F591F39CAC5A62D.d.772E76BBEBFB0A790CA656EC4B7F63A2.e.23289","ELEMENT":"f.647512A71DDA687F9F591F39CAC5A62D.d.772E76BBEBFB0A790CA656EC4B7F63A2.e.23289"}]}
RESULT: {"script":"<script> [8489 bytes]","args":[{"element-6066-11e4-a52e-4f735466cecf":"f.647512A71DDA687F9F591F39CAC5A62D.d.772E76BBEBFB0A790CA656EC4B7F63A2.e.23289","ELEMENT":"f.647512A71DDA687F9F591F39CAC5A62D.d.772E76BBEBFB0A790CA656EC4B7F63A2.e.23289"}]}
COMMAND: GET /session/700a0ab92761895b5ec9a5372f8d46fb/screenshot - {}
RESULT: {}
COMMAND: POST /session/700a0ab92761895b5ec9a5372f8d46fb/execute/sync - {"script":"<script> [8489 bytes]","args":[{"element-6066-11e4-a52e-4f735466cecf":"f.647512A71DDA687F9F591F39CAC5A62D.d.772E76BBEBFB0A790CA656EC4B7F63A2.e.23289","ELEMENT":"f.647512A71DDA687F9F591F39CAC5A62D.d.772E76BBEBFB0A790CA656EC4B7F63A2.e.23289"}]}
RESULT: {"script":"<script> [8489 bytes]","args":[{"element-6066-11e4-a52e-4f735466cecf":"f.647512A71DDA687F9F591F39CAC5A62D.d.772E76BBEBFB0A790CA656EC4B7F63A2.e.23289","ELEMENT":"f.647512A71DDA687F9F591F39CAC5A62D.d.772E76BBEBFB0A790CA656EC4B7F63A2.e.23289"}]}
COMMAND: GET /session/700a0ab92761895b5ec9a5372f8d46fb/screenshot - {}
RESULT: {}
COMMAND: POST /session/700a0ab92761895b5ec9a5372f8d46fb/execute/sync - {"script":"<script> [8489 bytes]","args":[{"element-6066-11e4-a52e-4f735466cecf":"f.647512A71DDA687F9F591F39CAC5A62D.d.772E76BBEBFB0A790CA656EC4B7F63A2.e.23289","ELEMENT":"f.647512A71DDA687F9F591F39CAC5A62D.d.772E76BBEBFB0A790CA656EC4B7F63A2.e.23289"}]}
RESULT: {"script":"<script> [8489 bytes]","args":[{"element-6066-11e4-a52e-4f735466cecf":"f.647512A71DDA687F9F591F39CAC5A62D.d.772E76BBEBFB0A790CA656EC4B7F63A2.e.23289","ELEMENT":"f.647512A71DDA687F9F591F39CAC5A62D.d.772E76BBEBFB0A790CA656EC4B7F63A2.e.23289"}]}
COMMAND: GET /session/700a0ab92761895b5ec9a5372f8d46fb/screenshot - {}
RESULT: {}
COMMAND: POST /session/700a0ab92761895b5ec9a5372f8d46fb/execute/sync - {"script":"<script> [8489 bytes]","args":[{"element-6066-11e4-a52e-4f735466cecf":"f.647512A71DDA687F9F591F39CAC5A62D.d.772E76BBEBFB0A790CA656EC4B7F63A2.e.23289","ELEMENT":"f.647512A71DDA687F9F591F39CAC5A62D.d.772E76BBEBFB0A790CA656EC4B7F63A2.e.23289"}]}
RESULT: {"script":"<script> [8489 bytes]","args":[{"element-6066-11e4-a52e-4f735466cecf":"f.647512A71DDA687F9F591F39CAC5A62D.d.772E76BBEBFB0A790CA656EC4B7F63A2.e.23289","ELEMENT":"f.647512A71DDA687F9F591F39CAC5A62D.d.772E76BBEBFB0A790CA656EC4B7F63A2.e.23289"}]}
COMMAND: GET /session/700a0ab92761895b5ec9a5372f8d46fb/screenshot - {}
RESULT: {}
COMMAND: POST /session/700a0ab92761895b5ec9a5372f8d46fb/execute/sync - {"script":"<script> [8489 bytes]","args":[{"element-6066-11e4-a52e-4f735466cecf":"f.647512A71DDA687F9F591F39CAC5A62D.d.772E76BBEBFB0A790CA656EC4B7F63A2.e.23289","ELEMENT":"f.647512A71DDA687F9F591F39CAC5A62D.d.772E76BBEBFB0A790CA656EC4B7F63A2.e.23289"}]}
RESULT: {"script":"<script> [8489 bytes]","args":[{"element-6066-11e4-a52e-4f735466cecf":"f.647512A71DDA687F9F591F39CAC5A62D.d.772E76BBEBFB0A790CA656EC4B7F63A2.e.23289","ELEMENT":"f.647512A71DDA687F9F591F39CAC5A62D.d.772E76BBEBFB0A790CA656EC4B7F63A2.e.23289"}]}
COMMAND: GET /session/700a0ab92761895b5ec9a5372f8d46fb/screenshot - {}
RESULT: {}
COMMAND: POST /session/700a0ab92761895b5ec9a5372f8d46fb/execute/sync - {"script":"<script> [8489 bytes]","args":[{"element-6066-11e4-a52e-4f735466cecf":"f.647512A71DDA687F9F591F39CAC5A62D.d.772E76BBEBFB0A790CA656EC4B7F63A2.e.23289","ELEMENT":"f.647512A71DDA687F9F591F39CAC5A62D.d.772E76BBEBFB0A790CA656EC4B7F63A2.e.23289"}]}
RESULT: {"script":"<script> [8489 bytes]","args":[{"element-6066-11e4-a52e-4f735466cecf":"f.647512A71DDA687F9F591F39CAC5A62D.d.772E76BBEBFB0A790CA656EC4B7F63A2.e.23289","ELEMENT":"f.647512A71DDA687F9F591F39CAC5A62D.d.772E76BBEBFB0A790CA656EC4B7F63A2.e.23289"}]}
COMMAND: GET /session/700a0ab92761895b5ec9a5372f8d46fb/screenshot - {}
RESULT: {}
COMMAND: POST /session/700a0ab92761895b5ec9a5372f8d46fb/execute/sync - {"script":"<script> [8489 bytes]","args":[{"element-6066-11e4-a52e-4f735466cecf":"f.647512A71DDA687F9F591F39CAC5A62D.d.772E76BBEBFB0A790CA656EC4B7F63A2.e.23289","ELEMENT":"f.647512A71DDA687F9F591F39CAC5A62D.d.772E76BBEBFB0A790CA656EC4B7F63A2.e.23289"}]}
RESULT: {"script":"<script> [8489 bytes]","args":[{"element-6066-11e4-a52e-4f735466cecf":"f.647512A71DDA687F9F591F39CAC5A62D.d.772E76BBEBFB0A790CA656EC4B7F63A2.e.23289","ELEMENT":"f.647512A71DDA687F9F591F39CAC5A62D.d.772E76BBEBFB0A790CA656EC4B7F63A2.e.23289"}]}
COMMAND: GET /session/700a0ab92761895b5ec9a5372f8d46fb/screenshot - {}
RESULT: {}
COMMAND: POST /session/700a0ab92761895b5ec9a5372f8d46fb/execute/sync - {"script":"<script> [8489 bytes]","args":[{"element-6066-11e4-a52e-4f735466cecf":"f.647512A71DDA687F9F591F39CAC5A62D.d.772E76BBEBFB0A790CA656EC4B7F63A2.e.23289","ELEMENT":"f.647512A71DDA687F9F591F39CAC5A62D.d.772E76BBEBFB0A790CA656EC4B7F63A2.e.23289"}]}
RESULT: {"script":"<script> [8489 bytes]","args":[{"element-6066-11e4-a52e-4f735466cecf":"f.647512A71DDA687F9F591F39CAC5A62D.d.772E76BBEBFB0A790CA656EC4B7F63A2.e.23289","ELEMENT":"f.647512A71DDA687F9F591F39CAC5A62D.d.772E76BBEBFB0A790CA656EC4B7F63A2.e.23289"}]}
COMMAND: GET /session/700a0ab92761895b5ec9a5372f8d46fb/screenshot - {}
RESULT: {}
COMMAND: POST /session/700a0ab92761895b5ec9a5372f8d46fb/execute/sync - {"script":"<script> [8489 bytes]","args":[{"element-6066-11e4-a52e-4f735466cecf":"f.647512A71DDA687F9F591F39CAC5A62D.d.772E76BBEBFB0A790CA656EC4B7F63A2.e.23289","ELEMENT":"f.647512A71DDA687F9F591F39CAC5A62D.d.772E76BBEBFB0A790CA656EC4B7F63A2.e.23289"}]}
RESULT: {"script":"<script> [8489 bytes]","args":[{"element-6066-11e4-a52e-4f735466cecf":"f.647512A71DDA687F9F591F39CAC5A62D.d.772E76BBEBFB0A790CA656EC4B7F63A2.e.23289","ELEMENT":"f.647512A71DDA687F9F591F39CAC5A62D.d.772E76BBEBFB0A790CA656EC4B7F63A2.e.23289"}]}
COMMAND: GET /session/700a0ab92761895b5ec9a5372f8d46fb/screenshot - {}
RESULT: {}
COMMAND: POST /session/700a0ab92761895b5ec9a5372f8d46fb/execute/sync - {"script":"<script> [8489 bytes]","args":[{"element-6066-11e4-a52e-4f735466cecf":"f.647512A71DDA687F9F591F39CAC5A62D.d.772E76BBEBFB0A790CA656EC4B7F63A2.e.23289","ELEMENT":"f.647512A71DDA687F9F591F39CAC5A62D.d.772E76BBEBFB0A790CA656EC4B7F63A2.e.23289"}]}
RESULT: {"script":"<script> [8489 bytes]","args":[{"element-6066-11e4-a52e-4f735466cecf":"f.647512A71DDA687F9F591F39CAC5A62D.d.772E76BBEBFB0A790CA656EC4B7F63A2.e.23289","ELEMENT":"f.647512A71DDA687F9F591F39CAC5A62D.d.772E76BBEBFB0A790CA656EC4B7F63A2.e.23289"}]}
COMMAND: GET /session/700a0ab92761895b5ec9a5372f8d46fb/screenshot - {}
RESULT: {}
COMMAND: POST /session/700a0ab92761895b5ec9a5372f8d46fb/execute/sync - {"script":"<script> [8489 bytes]","args":[{"element-6066-11e4-a52e-4f735466cecf":"f.647512A71DDA687F9F591F39CAC5A62D.d.772E76BBEBFB0A790CA656EC4B7F63A2.e.23289","ELEMENT":"f.647512A71DDA687F9F591F39CAC5A62D.d.772E76BBEBFB0A790CA656EC4B7F63A2.e.23289"}]}
RESULT: {"script":"<script> [8489 bytes]","args":[{"element-6066-11e4-a52e-4f735466cecf":"f.647512A71DDA687F9F591F39CAC5A62D.d.772E76BBEBFB0A790CA656EC4B7F63A2.e.23289","ELEMENT":"f.647512A71DDA687F9F591F39CAC5A62D.d.772E76BBEBFB0A790CA656EC4B7F63A2.e.23289"}]}
COMMAND: GET /session/700a0ab92761895b5ec9a5372f8d46fb/screenshot - {}
RESULT: {}
COMMAND: POST /session/700a0ab92761895b5ec9a5372f8d46fb/execute/sync - {"script":"<script> [8489 bytes]","args":[{"element-6066-11e4-a52e-4f735466cecf":"f.647512A71DDA687F9F591F39CAC5A62D.d.772E76BBEBFB0A790CA656EC4B7F63A2.e.23289","ELEMENT":"f.647512A71DDA687F9F591F39CAC5A62D.d.772E76BBEBFB0A790CA656EC4B7F63A2.e.23289"}]}
RESULT: {"script":"<script> [8489 bytes]","args":[{"element-6066-11e4-a52e-4f735466cecf":"f.647512A71DDA687F9F591F39CAC5A62D.d.772E76BBEBFB0A790CA656EC4B7F63A2.e.23289","ELEMENT":"f.647512A71DDA687F9F591F39CAC5A62D.d.772E76BBEBFB0A790CA656EC4B7F63A2.e.23289"}]}
COMMAND: GET /session/700a0ab92761895b5ec9a5372f8d46fb/screenshot - {}
RESULT: {}
COMMAND: POST /session/700a0ab92761895b5ec9a5372f8d46fb/execute/sync - {"script":"<script> [8489 bytes]","args":[{"element-6066-11e4-a52e-4f735466cecf":"f.647512A71DDA687F9F591F39CAC5A62D.d.772E76BBEBFB0A790CA656EC4B7F63A2.e.23289","ELEMENT":"f.647512A71DDA687F9F591F39CAC5A62D.d.772E76BBEBFB0A790CA656EC4B7F63A2.e.23289"}]}
RESULT: {"script":"<script> [8489 bytes]","args":[{"element-6066-11e4-a52e-4f735466cecf":"f.647512A71DDA687F9F591F39CAC5A62D.d.772E76BBEBFB0A790CA656EC4B7F63A2.e.23289","ELEMENT":"f.647512A71DDA687F9F591F39CAC5A62D.d.772E76BBEBFB0A790CA656EC4B7F63A2.e.23289"}]}
COMMAND: GET /session/700a0ab92761895b5ec9a5372f8d46fb/screenshot - {}
RESULT: {}
COMMAND: POST /session/700a0ab92761895b5ec9a5372f8d46fb/execute/sync - {"script":"<script> [8489 bytes]","args":[{"element-6066-11e4-a52e-4f735466cecf":"f.647512A71DDA687F9F591F39CAC5A62D.d.772E76BBEBFB0A790CA656EC4B7F63A2.e.23289","ELEMENT":"f.647512A71DDA687F9F591F39CAC5A62D.d.772E76BBEBFB0A790CA656EC4B7F63A2.e.23289"}]}
RESULT: {"script":"<script> [8489 bytes]","args":[{"element-6066-11e4-a52e-4f735466cecf":"f.647512A71DDA687F9F591F39CAC5A62D.d.772E76BBEBFB0A790CA656EC4B7F63A2.e.23289","ELEMENT":"f.647512A71DDA687F9F591F39CAC5A62D.d.772E76BBEBFB0A790CA656EC4B7F63A2.e.23289"}]}
COMMAND: GET /session/700a0ab92761895b5ec9a5372f8d46fb/screenshot - {}
RESULT: {}
COMMAND: POST /session/700a0ab92761895b5ec9a5372f8d46fb/execute/sync - {"script":"<script> [8489 bytes]","args":[{"element-6066-11e4-a52e-4f735466cecf":"f.647512A71DDA687F9F591F39CAC5A62D.d.772E76BBEBFB0A790CA656EC4B7F63A2.e.23289","ELEMENT":"f.647512A71DDA687F9F591F39CAC5A62D.d.772E76BBEBFB0A790CA656EC4B7F63A2.e.23289"}]}
RESULT: {"script":"<script> [8489 bytes]","args":[{"element-6066-11e4-a52e-4f735466cecf":"f.647512A71DDA687F9F591F39CAC5A62D.d.772E76BBEBFB0A790CA656EC4B7F63A2.e.23289","ELEMENT":"f.647512A71DDA687F9F591F39CAC5A62D.d.772E76BBEBFB0A790CA656EC4B7F63A2.e.23289"}]}
COMMAND: GET /session/700a0ab92761895b5ec9a5372f8d46fb/screenshot - {}
RESULT: {}
COMMAND: POST /session/700a0ab92761895b5ec9a5372f8d46fb/execute/sync - {"script":"<script> [8489 bytes]","args":[{"element-6066-11e4-a52e-4f735466cecf":"f.647512A71DDA687F9F591F39CAC5A62D.d.772E76BBEBFB0A790CA656EC4B7F63A2.e.23289","ELEMENT":"f.647512A71DDA687F9F591F39CAC5A62D.d.772E76BBEBFB0A790CA656EC4B7F63A2.e.23289"}]}
RESULT: {"script":"<script> [8489 bytes]","args":[{"element-6066-11e4-a52e-4f735466cecf":"f.647512A71DDA687F9F591F39CAC5A62D.d.772E76BBEBFB0A790CA656EC4B7F63A2.e.23289","ELEMENT":"f.647512A71DDA687F9F591F39CAC5A62D.d.772E76BBEBFB0A790CA656EC4B7F63A2.e.23289"}]}
COMMAND: GET /session/700a0ab92761895b5ec9a5372f8d46fb/screenshot - {}
RESULT: {}
COMMAND: POST /session/700a0ab92761895b5ec9a5372f8d46fb/execute/sync - {"script":"<script> [8489 bytes]","args":[{"element-6066-11e4-a52e-4f735466cecf":"f.647512A71DDA687F9F591F39CAC5A62D.d.772E76BBEBFB0A790CA656EC4B7F63A2.e.23289","ELEMENT":"f.647512A71DDA687F9F591F39CAC5A62D.d.772E76BBEBFB0A790CA656EC4B7F63A2.e.23289"}]}
RESULT: {"script":"<script> [8489 bytes]","args":[{"element-6066-11e4-a52e-4f735466cecf":"f.647512A71DDA687F9F591F39CAC5A62D.d.772E76BBEBFB0A790CA656EC4B7F63A2.e.23289","ELEMENT":"f.647512A71DDA687F9F591F39CAC5A62D.d.772E76BBEBFB0A790CA656EC4B7F63A2.e.23289"}]}
COMMAND: GET /session/700a0ab92761895b5ec9a5372f8d46fb/screenshot - {}
RESULT: {}
COMMAND: POST /session/700a0ab92761895b5ec9a5372f8d46fb/execute/sync - {"script":"<script> [8489 bytes]","args":[{"element-6066-11e4-a52e-4f735466cecf":"f.647512A71DDA687F9F591F39CAC5A62D.d.772E76BBEBFB0A790CA656EC4B7F63A2.e.23289","ELEMENT":"f.647512A71DDA687F9F591F39CAC5A62D.d.772E76BBEBFB0A790CA656EC4B7F63A2.e.23289"}]}
RESULT: {"script":"<script> [8489 bytes]","args":[{"element-6066-11e4-a52e-4f735466cecf":"f.647512A71DDA687F9F591F39CAC5A62D.d.772E76BBEBFB0A790CA656EC4B7F63A2.e.23289","ELEMENT":"f.647512A71DDA687F9F591F39CAC5A62D.d.772E76BBEBFB0A790CA656EC4B7F63A2.e.23289"}]}
COMMAND: GET /session/700a0ab92761895b5ec9a5372f8d46fb/screenshot - {}
RESULT: {}
COMMAND: POST /session/700a0ab92761895b5ec9a5372f8d46fb/execute/sync - {"script":"<script> [8489 bytes]","args":[{"element-6066-11e4-a52e-4f735466cecf":"f.647512A71DDA687F9F591F39CAC5A62D.d.772E76BBEBFB0A790CA656EC4B7F63A2.e.23289","ELEMENT":"f.647512A71DDA687F9F591F39CAC5A62D.d.772E76BBEBFB0A790CA656EC4B7F63A2.e.23289"}]}
COMMAND: POST /session/700a0ab92761895b5ec9a5372f8d46fb/execute/async - {"script":"<script> [1562 bytes]","args":[{"selector":{"controlType":"sap.m.Button","viewName":"etm.portal.ui.managehandovers.view.DetailExecuteHO","i18NText":{"propertyName":"text","key":"pickQty"},"interaction":{"idSuffix":"BDI-content"}},"wdio_ui5_key":"etmportal.ui.managehandovers.view.DetailExecuteHOsap.m.Button{\"propertyName\":\"text\",\"key\":\"pickQty\"}"}]}
RESULT: {"script":"<script> [8489 bytes]","args":[{"element-6066-11e4-a52e-4f735466cecf":"f.647512A71DDA687F9F591F39CAC5A62D.d.772E76BBEBFB0A790CA656EC4B7F63A2.e.23289","ELEMENT":"f.647512A71DDA687F9F591F39CAC5A62D.d.772E76BBEBFB0A790CA656EC4B7F63A2.e.23289"}]}
COMMAND: GET /session/700a0ab92761895b5ec9a5372f8d46fb/screenshot - {}
RESULT: {"script":"<script> [1562 bytes]","args":[{"selector":{"controlType":"sap.m.Button","viewName":"etm.portal.ui.managehandovers.view.DetailExecuteHO","i18NText":{"propertyName":"text","key":"pickQty"},"interaction":{"idSuffix":"BDI-content"}},"wdio_ui5_key":"etmportal.ui.managehandovers.view.DetailExecuteHOsap.m.Button{\"propertyName\":\"text\",\"key\":\"pickQty\"}"}]}
RESULT: undefined
RESULT: {}
COMMAND: POST /session/700a0ab92761895b5ec9a5372f8d46fb/execute/async - {"script":"<script> [1562 bytes]","args":[{"selector":{"controlType":"sap.m.Link","viewName":"etm.portal.ui.managehandovers.view.DetailExecuteHO","bindingPath":{"path":"","propertyPath":"/wmDoc","modelName":"warehouseMovModel"}},"wdio_ui5_key":"etmportal.ui.managehandovers.view.DetailExecuteHOsap.m.Link{\"path\":\"\",\"propertyPath\":\"/wmDoc\",\"modelName\":\"warehouseMovModel\"}"}]}
RESULT: {"script":"<script> [1562 bytes]","args":[{"selector":{"controlType":"sap.m.Link","viewName":"etm.portal.ui.managehandovers.view.DetailExecuteHO","bindingPath":{"path":"","propertyPath":"/wmDoc","modelName":"warehouseMovModel"}},"wdio_ui5_key":"etmportal.ui.managehandovers.view.DetailExecuteHOsap.m.Link{\"path\":\"\",\"propertyPath\":\"/wmDoc\",\"modelName\":\"warehouseMovModel\"}"}]}
RESULT: undefined
COMMAND: POST /session/700a0ab92761895b5ec9a5372f8d46fb/execute/async - {"script":"<script> [1562 bytes]","args":[{"selector":{"controlType":"sap.m.Link","viewName":"etm.portal.ui.managehandovers.view.DetailExecuteHO","properties":{"text":"Warehouse Overview"},"searchOpenDialogs":true},"wdio_ui5_key":"etmportal.ui.managehandovers.view.DetailExecuteHOsap.m.Link{\"text\":\"Warehouse Overview\"}"}]}
RESULT: {"script":"<script> [1562 bytes]","args":[{"selector":{"controlType":"sap.m.Link","viewName":"etm.portal.ui.managehandovers.view.DetailExecuteHO","properties":{"text":"Warehouse Overview"},"searchOpenDialogs":true},"wdio_ui5_key":"etmportal.ui.managehandovers.view.DetailExecuteHOsap.m.Link{\"text\":\"Warehouse Overview\"}"}]}
RESULT: undefined
COMMAND: POST /session/700a0ab92761895b5ec9a5372f8d46fb/execute/async - {"script":"<script> [1562 bytes]","args":[{"selector":{"controlType":"sap.m.Button","viewName":"etm.portal.ui.warehousemovements.view.DisplayMovement","viewId":"application-warehousemovements-display-component---displayMovement","i18NText":{"propertyName":"text","key":"execution"},"interaction":{"idSuffix":"BDI-content"}},"wdio_ui5_key":"etmportal.ui.warehousemovements.view.DisplayMovementsap.m.Button{\"propertyName\":\"text\",\"key\":\"execution\"}"}]}
RESULT: {"script":"<script> [1562 bytes]","args":[{"selector":{"controlType":"sap.m.Button","viewName":"etm.portal.ui.warehousemovements.view.DisplayMovement","viewId":"application-warehousemovements-display-component---displayMovement","i18NText":{"propertyName":"text","key":"execution"},"interaction":{"idSuffix":"BDI-content"}},"wdio_ui5_key":"etmportal.ui.warehousemovements.view.DisplayMovementsap.m.Button{\"propertyName\":\"text\",\"key\":\"execution\"}"}]}
RESULT: undefined
COMMAND: POST /session/700a0ab92761895b5ec9a5372f8d46fb/execute/async - {"script":"<script> [1562 bytes]","args":[{"selector":{"controlType":"sap.m.Button","viewName":"etm.portal.ui.warehousemovements.view.ExecuteMovement","viewId":"application-warehousemovements-display-component---executeMovement","properties":{"text":"Items"},"interaction":{"idSuffix":"BDI-content"}},"wdio_ui5_key":"etmportal.ui.warehousemovements.view.ExecuteMovementsap.m.Button{\"text\":\"Items\"}"}]}
RESULT: {"script":"<script> [1562 bytes]","args":[{"selector":{"controlType":"sap.m.Button","viewName":"etm.portal.ui.warehousemovements.view.ExecuteMovement","viewId":"application-warehousemovements-display-component---executeMovement","properties":{"text":"Items"},"interaction":{"idSuffix":"BDI-content"}},"wdio_ui5_key":"etmportal.ui.warehousemovements.view.ExecuteMovementsap.m.Button{\"text\":\"Items\"}"}]}
RESULT: undefined
COMMAND: POST /session/700a0ab92761895b5ec9a5372f8d46fb/execute/async - {"script":"<script> [1562 bytes]","args":[{"selector":{"controlType":"sap.m.ToggleButton","viewName":"etm.portal.ui.warehousemovements.view.ExecuteMovement","viewId":"application-warehousemovements-display-component---executeMovement","bindingPath":{"propertyPath":"STATUS","modelName":"catalogModel"},"interaction":{"idSuffix":"BDI-content"}},"wdio_ui5_key":"etmportal.ui.warehousemovements.view.ExecuteMovementsap.m.ToggleButton{\"propertyPath\":\"STATUS\",\"modelName\":\"catalogModel\"}"}]}
RESULT: {"script":"<script> [1562 bytes]","args":[{"selector":{"controlType":"sap.m.ToggleButton","viewName":"etm.portal.ui.warehousemovements.view.ExecuteMovement","viewId":"application-warehousemovements-display-component---executeMovement","bindingPath":{"propertyPath":"STATUS","modelName":"catalogModel"},"interaction":{"idSuffix":"BDI-content"}},"wdio_ui5_key":"etmportal.ui.warehousemovements.view.ExecuteMovementsap.m.ToggleButton{\"propertyPath\":\"STATUS\",\"modelName\":\"catalogModel\"}"}]}
RESULT: undefined
RESULT: undefined
RESULT: undefined
COMMAND: POST /session/700a0ab92761895b5ec9a5372f8d46fb/execute/async - {"script":"<script> [1562 bytes]","args":[{"selector":{"id":"application-warehousemovements-display-component---executeMovement--executeId","interaction":{"idSuffix":"BDI-content"}},"wdio_ui5_key":"applicationwarehousemovements-display-component---executeMovement--executeId"}]}
RESULT: {"script":"<script> [1562 bytes]","args":[{"selector":{"id":"application-warehousemovements-display-component---executeMovement--executeId","interaction":{"idSuffix":"BDI-content"}},"wdio_ui5_key":"applicationwarehousemovements-display-component---executeMovement--executeId"}]}
RESULT: undefined
COMMAND: POST /session/700a0ab92761895b5ec9a5372f8d46fb/element - {"using":"css selector","value":"#shell-header-logo"}
RESULT: {"using":"css selector","value":"#shell-header-logo"}
COMMAND: POST /session/700a0ab92761895b5ec9a5372f8d46fb/element/f.647512A71DDA687F9F591F39CAC5A62D.d.772E76BBEBFB0A790CA656EC4B7F63A2.e.22124/click - {}
RESULT: {}
COMMAND: GET /session/700a0ab92761895b5ec9a5372f8d46fb/screenshot - {}
RESULT: {}
RESULT: undefined
COMMAND: POST /session/700a0ab92761895b5ec9a5372f8d46fb/element - {"using":"xpath","value":"//*[@id=\"__tile131\"]"}
RESULT: {"using":"xpath","value":"//*[@id=\"__tile131\"]"}
COMMAND: POST /session/700a0ab92761895b5ec9a5372f8d46fb/element/f.647512A71DDA687F9F591F39CAC5A62D.d.772E76BBEBFB0A790CA656EC4B7F63A2.e.21327/click - {}
RESULT: {}
COMMAND: GET /session/700a0ab92761895b5ec9a5372f8d46fb/screenshot - {}
RESULT: {}
COMMAND: POST /session/700a0ab92761895b5ec9a5372f8d46fb/execute/async - {"script":"<script> [1562 bytes]","args":[{"selector":{"controlType":"sap.m.SearchField","viewName":"etm.portal.ui.managehandovers.view.MasterHO","bindingPath":{"propertyPath":"/_BASIC_SEARCH_FIELD","modelName":"fi1t3rM0d31"},"interaction":{"idSuffix":"I"}},"wdio_ui5_key":"etmportal.ui.managehandovers.view.MasterHOsap.m.SearchField{\"propertyPath\":\"/_BASIC_SEARCH_FIELD\",\"modelName\":\"fi1t3rM0d31\"}"}]}
RESULT: {"script":"<script> [1562 bytes]","args":[{"selector":{"controlType":"sap.m.SearchField","viewName":"etm.portal.ui.managehandovers.view.MasterHO","bindingPath":{"propertyPath":"/_BASIC_SEARCH_FIELD","modelName":"fi1t3rM0d31"},"interaction":{"idSuffix":"I"}},"wdio_ui5_key":"etmportal.ui.managehandovers.view.MasterHOsap.m.SearchField{\"propertyPath\":\"/_BASIC_SEARCH_FIELD\",\"modelName\":\"fi1t3rM0d31\"}"}]}
RESULT: undefined
COMMAND: POST /session/700a0ab92761895b5ec9a5372f8d46fb/execute/async - {"script":"<script> [776 bytes]","args":[{"enterText":"31205","selector":{"controlType":"sap.m.SearchField","viewName":"etm.portal.ui.managehandovers.view.MasterHO","bindingPath":{"propertyPath":"/_BASIC_SEARCH_FIELD","modelName":"fi1t3rM0d31"},"interaction":{"idSuffix":"I"}},"clearTextFirst":true,"interactionType":"ENTER_TEXT"}]}
RESULT: {"script":"<script> [776 bytes]","args":[{"enterText":"31205","selector":{"controlType":"sap.m.SearchField","viewName":"etm.portal.ui.managehandovers.view.MasterHO","bindingPath":{"propertyPath":"/_BASIC_SEARCH_FIELD","modelName":"fi1t3rM0d31"},"interaction":{"idSuffix":"I"}},"clearTextFirst":true,"interactionType":"ENTER_TEXT"}]}
COMMAND: POST /session/700a0ab92761895b5ec9a5372f8d46fb/actions - {"actions":[{"id":"action101","type":"key","parameters":{},"actions":[{"type":"keyDown","value":"î€‡"},{"type":"pause","duration":10},{"type":"keyUp","value":"î€‡"}]}]}
RESULT: {"actions":[{"id":"action101","type":"key","parameters":{},"actions":[{"type":"keyDown","value":"î€‡"},{"type":"pause","duration":10},{"type":"keyUp","value":"î€‡"}]}]}
COMMAND: GET /session/700a0ab92761895b5ec9a5372f8d46fb/screenshot - {}
RESULT: {}
RESULT: undefined
COMMAND: POST /session/700a0ab92761895b5ec9a5372f8d46fb/element - {"using":"xpath","value":"//*[@id=\"__item5399-__clone11732-imgNav\"]"}
RESULT: {"using":"xpath","value":"//*[@id=\"__item5399-__clone11732-imgNav\"]"}
COMMAND: POST /session/700a0ab92761895b5ec9a5372f8d46fb/elements - {"using":"xpath","value":"//*[@id=\"__item5399-__clone11732-imgNav\"]"}
RESULT: {"using":"xpath","value":"//*[@id=\"__item5399-__clone11732-imgNav\"]"}
COMMAND: POST /session/700a0ab92761895b5ec9a5372f8d46fb/elements - {"using":"xpath","value":"//*[@id=\"__item5399-__clone11732-imgNav\"]"}
RESULT: {"using":"xpath","value":"//*[@id=\"__item5399-__clone11732-imgNav\"]"}
COMMAND: POST /session/700a0ab92761895b5ec9a5372f8d46fb/elements - {"using":"xpath","value":"//*[@id=\"__item5399-__clone11732-imgNav\"]"}
RESULT: {"using":"xpath","value":"//*[@id=\"__item5399-__clone11732-imgNav\"]"}
COMMAND: POST /session/700a0ab92761895b5ec9a5372f8d46fb/elements - {"using":"xpath","value":"//*[@id=\"__item5399-__clone11732-imgNav\"]"}
RESULT: {"using":"xpath","value":"//*[@id=\"__item5399-__clone11732-imgNav\"]"}
COMMAND: POST /session/700a0ab92761895b5ec9a5372f8d46fb/elements - {"using":"xpath","value":"//*[@id=\"__item5399-__clone11732-imgNav\"]"}
RESULT: {"using":"xpath","value":"//*[@id=\"__item5399-__clone11732-imgNav\"]"}
COMMAND: POST /session/700a0ab92761895b5ec9a5372f8d46fb/elements - {"using":"xpath","value":"//*[@id=\"__item5399-__clone11732-imgNav\"]"}
RESULT: {"using":"xpath","value":"//*[@id=\"__item5399-__clone11732-imgNav\"]"}
COMMAND: POST /session/700a0ab92761895b5ec9a5372f8d46fb/elements - {"using":"xpath","value":"//*[@id=\"__item5399-__clone11732-imgNav\"]"}
RESULT: {"using":"xpath","value":"//*[@id=\"__item5399-__clone11732-imgNav\"]"}
COMMAND: POST /session/700a0ab92761895b5ec9a5372f8d46fb/elements - {"using":"xpath","value":"//*[@id=\"__item5399-__clone11732-imgNav\"]"}
RESULT: {"using":"xpath","value":"//*[@id=\"__item5399-__clone11732-imgNav\"]"}
COMMAND: POST /session/700a0ab92761895b5ec9a5372f8d46fb/elements - {"using":"xpath","value":"//*[@id=\"__item5399-__clone11732-imgNav\"]"}
RESULT: {"using":"xpath","value":"//*[@id=\"__item5399-__clone11732-imgNav\"]"}
COMMAND: POST /session/700a0ab92761895b5ec9a5372f8d46fb/elements - {"using":"xpath","value":"//*[@id=\"__item5399-__clone11732-imgNav\"]"}
RESULT: {"using":"xpath","value":"//*[@id=\"__item5399-__clone11732-imgNav\"]"}
COMMAND: POST /session/700a0ab92761895b5ec9a5372f8d46fb/elements - {"using":"xpath","value":"//*[@id=\"__item5399-__clone11732-imgNav\"]"}
RESULT: {"using":"xpath","value":"//*[@id=\"__item5399-__clone11732-imgNav\"]"}
COMMAND: POST /session/700a0ab92761895b5ec9a5372f8d46fb/elements - {"using":"xpath","value":"//*[@id=\"__item5399-__clone11732-imgNav\"]"}
RESULT: {"using":"xpath","value":"//*[@id=\"__item5399-__clone11732-imgNav\"]"}
COMMAND: POST /session/700a0ab92761895b5ec9a5372f8d46fb/elements - {"using":"xpath","value":"//*[@id=\"__item5399-__clone11732-imgNav\"]"}
RESULT: {"using":"xpath","value":"//*[@id=\"__item5399-__clone11732-imgNav\"]"}
COMMAND: POST /session/700a0ab92761895b5ec9a5372f8d46fb/elements - {"using":"xpath","value":"//*[@id=\"__item5399-__clone11732-imgNav\"]"}
RESULT: {"using":"xpath","value":"//*[@id=\"__item5399-__clone11732-imgNav\"]"}
COMMAND: POST /session/700a0ab92761895b5ec9a5372f8d46fb/elements - {"using":"xpath","value":"//*[@id=\"__item5399-__clone11732-imgNav\"]"}
RESULT: {"using":"xpath","value":"//*[@id=\"__item5399-__clone11732-imgNav\"]"}
COMMAND: POST /session/700a0ab92761895b5ec9a5372f8d46fb/elements - {"using":"xpath","value":"//*[@id=\"__item5399-__clone11732-imgNav\"]"}
RESULT: {"using":"xpath","value":"//*[@id=\"__item5399-__clone11732-imgNav\"]"}
COMMAND: POST /session/700a0ab92761895b5ec9a5372f8d46fb/elements - {"using":"xpath","value":"//*[@id=\"__item5399-__clone11732-imgNav\"]"}
RESULT: {"using":"xpath","value":"//*[@id=\"__item5399-__clone11732-imgNav\"]"}
COMMAND: POST /session/700a0ab92761895b5ec9a5372f8d46fb/elements - {"using":"xpath","value":"//*[@id=\"__item5399-__clone11732-imgNav\"]"}
RESULT: {"using":"xpath","value":"//*[@id=\"__item5399-__clone11732-imgNav\"]"}
COMMAND: POST /session/700a0ab92761895b5ec9a5372f8d46fb/elements - {"using":"xpath","value":"//*[@id=\"__item5399-__clone11732-imgNav\"]"}
RESULT: {"using":"xpath","value":"//*[@id=\"__item5399-__clone11732-imgNav\"]"}
COMMAND: POST /session/700a0ab92761895b5ec9a5372f8d46fb/elements - {"using":"xpath","value":"//*[@id=\"__item5399-__clone11732-imgNav\"]"}
RESULT: {"using":"xpath","value":"//*[@id=\"__item5399-__clone11732-imgNav\"]"}
COMMAND: POST /session/700a0ab92761895b5ec9a5372f8d46fb/elements - {"using":"xpath","value":"//*[@id=\"__item5399-__clone11732-imgNav\"]"}
RESULT: {"using":"xpath","value":"//*[@id=\"__item5399-__clone11732-imgNav\"]"}
COMMAND: POST /session/700a0ab92761895b5ec9a5372f8d46fb/elements - {"using":"xpath","value":"//*[@id=\"__item5399-__clone11732-imgNav\"]"}
RESULT: {"using":"xpath","value":"//*[@id=\"__item5399-__clone11732-imgNav\"]"}
COMMAND: POST /session/700a0ab92761895b5ec9a5372f8d46fb/elements - {"using":"xpath","value":"//*[@id=\"__item5399-__clone11732-imgNav\"]"}
RESULT: {"using":"xpath","value":"//*[@id=\"__item5399-__clone11732-imgNav\"]"}
COMMAND: POST /session/700a0ab92761895b5ec9a5372f8d46fb/elements - {"using":"xpath","value":"//*[@id=\"__item5399-__clone11732-imgNav\"]"}
RESULT: {"using":"xpath","value":"//*[@id=\"__item5399-__clone11732-imgNav\"]"}
COMMAND: POST /session/700a0ab92761895b5ec9a5372f8d46fb/elements - {"using":"xpath","value":"//*[@id=\"__item5399-__clone11732-imgNav\"]"}
RESULT: {"using":"xpath","value":"//*[@id=\"__item5399-__clone11732-imgNav\"]"}
COMMAND: POST /session/700a0ab92761895b5ec9a5372f8d46fb/elements - {"using":"xpath","value":"//*[@id=\"__item5399-__clone11732-imgNav\"]"}
RESULT: {"using":"xpath","value":"//*[@id=\"__item5399-__clone11732-imgNav\"]"}
COMMAND: POST /session/700a0ab92761895b5ec9a5372f8d46fb/elements - {"using":"xpath","value":"//*[@id=\"__item5399-__clone11732-imgNav\"]"}
RESULT: {"using":"xpath","value":"//*[@id=\"__item5399-__clone11732-imgNav\"]"}
COMMAND: POST /session/700a0ab92761895b5ec9a5372f8d46fb/elements - {"using":"xpath","value":"//*[@id=\"__item5399-__clone11732-imgNav\"]"}
RESULT: {"using":"xpath","value":"//*[@id=\"__item5399-__clone11732-imgNav\"]"}
COMMAND: POST /session/700a0ab92761895b5ec9a5372f8d46fb/elements - {"using":"xpath","value":"//*[@id=\"__item5399-__clone11732-imgNav\"]"}
RESULT: {"using":"xpath","value":"//*[@id=\"__item5399-__clone11732-imgNav\"]"}
COMMAND: POST /session/700a0ab92761895b5ec9a5372f8d46fb/elements - {"using":"xpath","value":"//*[@id=\"__item5399-__clone11732-imgNav\"]"}
RESULT: {"using":"xpath","value":"//*[@id=\"__item5399-__clone11732-imgNav\"]"}
COMMAND: POST /session/700a0ab92761895b5ec9a5372f8d46fb/elements - {"using":"xpath","value":"//*[@id=\"__item5399-__clone11732-imgNav\"]"}
RESULT: {"using":"xpath","value":"//*[@id=\"__item5399-__clone11732-imgNav\"]"}
COMMAND: POST /session/700a0ab92761895b5ec9a5372f8d46fb/elements - {"using":"xpath","value":"//*[@id=\"__item5399-__clone11732-imgNav\"]"}
RESULT: {"using":"xpath","value":"//*[@id=\"__item5399-__clone11732-imgNav\"]"}
COMMAND: POST /session/700a0ab92761895b5ec9a5372f8d46fb/elements - {"using":"xpath","value":"//*[@id=\"__item5399-__clone11732-imgNav\"]"}
RESULT: {"using":"xpath","value":"//*[@id=\"__item5399-__clone11732-imgNav\"]"}
COMMAND: POST /session/700a0ab92761895b5ec9a5372f8d46fb/elements - {"using":"xpath","value":"//*[@id=\"__item5399-__clone11732-imgNav\"]"}
RESULT: {"using":"xpath","value":"//*[@id=\"__item5399-__clone11732-imgNav\"]"}
COMMAND: POST /session/700a0ab92761895b5ec9a5372f8d46fb/elements - {"using":"xpath","value":"//*[@id=\"__item5399-__clone11732-imgNav\"]"}
RESULT: {"using":"xpath","value":"//*[@id=\"__item5399-__clone11732-imgNav\"]"}
COMMAND: POST /session/700a0ab92761895b5ec9a5372f8d46fb/elements - {"using":"xpath","value":"//*[@id=\"__item5399-__clone11732-imgNav\"]"}
RESULT: {"using":"xpath","value":"//*[@id=\"__item5399-__clone11732-imgNav\"]"}
COMMAND: POST /session/700a0ab92761895b5ec9a5372f8d46fb/elements - {"using":"xpath","value":"//*[@id=\"__item5399-__clone11732-imgNav\"]"}
RESULT: {"using":"xpath","value":"//*[@id=\"__item5399-__clone11732-imgNav\"]"}
COMMAND: POST /session/700a0ab92761895b5ec9a5372f8d46fb/elements - {"using":"xpath","value":"//*[@id=\"__item5399-__clone11732-imgNav\"]"}
RESULT: {"using":"xpath","value":"//*[@id=\"__item5399-__clone11732-imgNav\"]"}
COMMAND: POST /session/700a0ab92761895b5ec9a5372f8d46fb/elements - {"using":"xpath","value":"//*[@id=\"__item5399-__clone11732-imgNav\"]"}
RESULT: {"using":"xpath","value":"//*[@id=\"__item5399-__clone11732-imgNav\"]"}
COMMAND: POST /session/700a0ab92761895b5ec9a5372f8d46fb/elements - {"using":"xpath","value":"//*[@id=\"__item5399-__clone11732-imgNav\"]"}
RESULT: {"using":"xpath","value":"//*[@id=\"__item5399-__clone11732-imgNav\"]"}
COMMAND: POST /session/700a0ab92761895b5ec9a5372f8d46fb/elements - {"using":"xpath","value":"//*[@id=\"__item5399-__clone11732-imgNav\"]"}
RESULT: {"using":"xpath","value":"//*[@id=\"__item5399-__clone11732-imgNav\"]"}
COMMAND: POST /session/700a0ab92761895b5ec9a5372f8d46fb/elements - {"using":"xpath","value":"//*[@id=\"__item5399-__clone11732-imgNav\"]"}
RESULT: {"using":"xpath","value":"//*[@id=\"__item5399-__clone11732-imgNav\"]"}
COMMAND: POST /session/700a0ab92761895b5ec9a5372f8d46fb/elements - {"using":"xpath","value":"//*[@id=\"__item5399-__clone11732-imgNav\"]"}
RESULT: {"using":"xpath","value":"//*[@id=\"__item5399-__clone11732-imgNav\"]"}
COMMAND: POST /session/700a0ab92761895b5ec9a5372f8d46fb/elements - {"using":"xpath","value":"//*[@id=\"__item5399-__clone11732-imgNav\"]"}
RESULT: {"using":"xpath","value":"//*[@id=\"__item5399-__clone11732-imgNav\"]"}
COMMAND: POST /session/700a0ab92761895b5ec9a5372f8d46fb/elements - {"using":"xpath","value":"//*[@id=\"__item5399-__clone11732-imgNav\"]"}
RESULT: {"using":"xpath","value":"//*[@id=\"__item5399-__clone11732-imgNav\"]"}
COMMAND: POST /session/700a0ab92761895b5ec9a5372f8d46fb/elements - {"using":"xpath","value":"//*[@id=\"__item5399-__clone11732-imgNav\"]"}
RESULT: {"using":"xpath","value":"//*[@id=\"__item5399-__clone11732-imgNav\"]"}
COMMAND: POST /session/700a0ab92761895b5ec9a5372f8d46fb/elements - {"using":"xpath","value":"//*[@id=\"__item5399-__clone11732-imgNav\"]"}
RESULT: {"using":"xpath","value":"//*[@id=\"__item5399-__clone11732-imgNav\"]"}
COMMAND: POST /session/700a0ab92761895b5ec9a5372f8d46fb/elements - {"using":"xpath","value":"//*[@id=\"__item5399-__clone11732-imgNav\"]"}
RESULT: {"using":"xpath","value":"//*[@id=\"__item5399-__clone11732-imgNav\"]"}
COMMAND: POST /session/700a0ab92761895b5ec9a5372f8d46fb/elements - {"using":"xpath","value":"//*[@id=\"__item5399-__clone11732-imgNav\"]"}
RESULT: {"using":"xpath","value":"//*[@id=\"__item5399-__clone11732-imgNav\"]"}
COMMAND: POST /session/700a0ab92761895b5ec9a5372f8d46fb/elements - {"using":"xpath","value":"//*[@id=\"__item5399-__clone11732-imgNav\"]"}
RESULT: {"using":"xpath","value":"//*[@id=\"__item5399-__clone11732-imgNav\"]"}
COMMAND: POST /session/700a0ab92761895b5ec9a5372f8d46fb/elements - {"using":"xpath","value":"//*[@id=\"__item5399-__clone11732-imgNav\"]"}
RESULT: {"using":"xpath","value":"//*[@id=\"__item5399-__clone11732-imgNav\"]"}
COMMAND: POST /session/700a0ab92761895b5ec9a5372f8d46fb/elements - {"using":"xpath","value":"//*[@id=\"__item5399-__clone11732-imgNav\"]"}
RESULT: {"using":"xpath","value":"//*[@id=\"__item5399-__clone11732-imgNav\"]"}
COMMAND: POST /session/700a0ab92761895b5ec9a5372f8d46fb/elements - {"using":"xpath","value":"//*[@id=\"__item5399-__clone11732-imgNav\"]"}
RESULT: {"using":"xpath","value":"//*[@id=\"__item5399-__clone11732-imgNav\"]"}
COMMAND: POST /session/700a0ab92761895b5ec9a5372f8d46fb/elements - {"using":"xpath","value":"//*[@id=\"__item5399-__clone11732-imgNav\"]"}
RESULT: {"using":"xpath","value":"//*[@id=\"__item5399-__clone11732-imgNav\"]"}
COMMAND: POST /session/700a0ab92761895b5ec9a5372f8d46fb/elements - {"using":"xpath","value":"//*[@id=\"__item5399-__clone11732-imgNav\"]"}
RESULT: {"using":"xpath","value":"//*[@id=\"__item5399-__clone11732-imgNav\"]"}
COMMAND: POST /session/700a0ab92761895b5ec9a5372f8d46fb/elements - {"using":"xpath","value":"//*[@id=\"__item5399-__clone11732-imgNav\"]"}
RESULT: {"using":"xpath","value":"//*[@id=\"__item5399-__clone11732-imgNav\"]"}
COMMAND: POST /session/700a0ab92761895b5ec9a5372f8d46fb/elements - {"using":"xpath","value":"//*[@id=\"__item5399-__clone11732-imgNav\"]"}
RESULT: {"using":"xpath","value":"//*[@id=\"__item5399-__clone11732-imgNav\"]"}
COMMAND: POST /session/700a0ab92761895b5ec9a5372f8d46fb/elements - {"using":"xpath","value":"//*[@id=\"__item5399-__clone11732-imgNav\"]"}
RESULT: {"using":"xpath","value":"//*[@id=\"__item5399-__clone11732-imgNav\"]"}
COMMAND: POST /session/700a0ab92761895b5ec9a5372f8d46fb/elements - {"using":"xpath","value":"//*[@id=\"__item5399-__clone11732-imgNav\"]"}
RESULT: {"using":"xpath","value":"//*[@id=\"__item5399-__clone11732-imgNav\"]"}
COMMAND: POST /session/700a0ab92761895b5ec9a5372f8d46fb/elements - {"using":"xpath","value":"//*[@id=\"__item5399-__clone11732-imgNav\"]"}
RESULT: {"using":"xpath","value":"//*[@id=\"__item5399-__clone11732-imgNav\"]"}
COMMAND: POST /session/700a0ab92761895b5ec9a5372f8d46fb/elements - {"using":"xpath","value":"//*[@id=\"__item5399-__clone11732-imgNav\"]"}
RESULT: {"using":"xpath","value":"//*[@id=\"__item5399-__clone11732-imgNav\"]"}
COMMAND: POST /session/700a0ab92761895b5ec9a5372f8d46fb/elements - {"using":"xpath","value":"//*[@id=\"__item5399-__clone11732-imgNav\"]"}
RESULT: {"using":"xpath","value":"//*[@id=\"__item5399-__clone11732-imgNav\"]"}
COMMAND: POST /session/700a0ab92761895b5ec9a5372f8d46fb/elements - {"using":"xpath","value":"//*[@id=\"__item5399-__clone11732-imgNav\"]"}
RESULT: {"using":"xpath","value":"//*[@id=\"__item5399-__clone11732-imgNav\"]"}
COMMAND: POST /session/700a0ab92761895b5ec9a5372f8d46fb/elements - {"using":"xpath","value":"//*[@id=\"__item5399-__clone11732-imgNav\"]"}
RESULT: {"using":"xpath","value":"//*[@id=\"__item5399-__clone11732-imgNav\"]"}
COMMAND: POST /session/700a0ab92761895b5ec9a5372f8d46fb/elements - {"using":"xpath","value":"//*[@id=\"__item5399-__clone11732-imgNav\"]"}
RESULT: {"using":"xpath","value":"//*[@id=\"__item5399-__clone11732-imgNav\"]"}
COMMAND: POST /session/700a0ab92761895b5ec9a5372f8d46fb/elements - {"using":"xpath","value":"//*[@id=\"__item5399-__clone11732-imgNav\"]"}
RESULT: {"using":"xpath","value":"//*[@id=\"__item5399-__clone11732-imgNav\"]"}
COMMAND: POST /session/700a0ab92761895b5ec9a5372f8d46fb/elements - {"using":"xpath","value":"//*[@id=\"__item5399-__clone11732-imgNav\"]"}
RESULT: {"using":"xpath","value":"//*[@id=\"__item5399-__clone11732-imgNav\"]"}
COMMAND: POST /session/700a0ab92761895b5ec9a5372f8d46fb/elements - {"using":"xpath","value":"//*[@id=\"__item5399-__clone11732-imgNav\"]"}
RESULT: {"using":"xpath","value":"//*[@id=\"__item5399-__clone11732-imgNav\"]"}
COMMAND: POST /session/700a0ab92761895b5ec9a5372f8d46fb/elements - {"using":"xpath","value":"//*[@id=\"__item5399-__clone11732-imgNav\"]"}
RESULT: {"using":"xpath","value":"//*[@id=\"__item5399-__clone11732-imgNav\"]"}
COMMAND: POST /session/700a0ab92761895b5ec9a5372f8d46fb/elements - {"using":"xpath","value":"//*[@id=\"__item5399-__clone11732-imgNav\"]"}
RESULT: {"using":"xpath","value":"//*[@id=\"__item5399-__clone11732-imgNav\"]"}
COMMAND: POST /session/700a0ab92761895b5ec9a5372f8d46fb/elements - {"using":"xpath","value":"//*[@id=\"__item5399-__clone11732-imgNav\"]"}
RESULT: {"using":"xpath","value":"//*[@id=\"__item5399-__clone11732-imgNav\"]"}
COMMAND: POST /session/700a0ab92761895b5ec9a5372f8d46fb/elements - {"using":"xpath","value":"//*[@id=\"__item5399-__clone11732-imgNav\"]"}
RESULT: {"using":"xpath","value":"//*[@id=\"__item5399-__clone11732-imgNav\"]"}
COMMAND: POST /session/700a0ab92761895b5ec9a5372f8d46fb/elements - {"using":"xpath","value":"//*[@id=\"__item5399-__clone11732-imgNav\"]"}
RESULT: {"using":"xpath","value":"//*[@id=\"__item5399-__clone11732-imgNav\"]"}
COMMAND: POST /session/700a0ab92761895b5ec9a5372f8d46fb/elements - {"using":"xpath","value":"//*[@id=\"__item5399-__clone11732-imgNav\"]"}
RESULT: {"using":"xpath","value":"//*[@id=\"__item5399-__clone11732-imgNav\"]"}
COMMAND: POST /session/700a0ab92761895b5ec9a5372f8d46fb/elements - {"using":"xpath","value":"//*[@id=\"__item5399-__clone11732-imgNav\"]"}
RESULT: {"using":"xpath","value":"//*[@id=\"__item5399-__clone11732-imgNav\"]"}
COMMAND: POST /session/700a0ab92761895b5ec9a5372f8d46fb/elements - {"using":"xpath","value":"//*[@id=\"__item5399-__clone11732-imgNav\"]"}
RESULT: {"using":"xpath","value":"//*[@id=\"__item5399-__clone11732-imgNav\"]"}
COMMAND: POST /session/700a0ab92761895b5ec9a5372f8d46fb/elements - {"using":"xpath","value":"//*[@id=\"__item5399-__clone11732-imgNav\"]"}
RESULT: {"using":"xpath","value":"//*[@id=\"__item5399-__clone11732-imgNav\"]"}
COMMAND: POST /session/700a0ab92761895b5ec9a5372f8d46fb/elements - {"using":"xpath","value":"//*[@id=\"__item5399-__clone11732-imgNav\"]"}
RESULT: {"using":"xpath","value":"//*[@id=\"__item5399-__clone11732-imgNav\"]"}
COMMAND: POST /session/700a0ab92761895b5ec9a5372f8d46fb/elements - {"using":"xpath","value":"//*[@id=\"__item5399-__clone11732-imgNav\"]"}
RESULT: {"using":"xpath","value":"//*[@id=\"__item5399-__clone11732-imgNav\"]"}
COMMAND: POST /session/700a0ab92761895b5ec9a5372f8d46fb/elements - {"using":"xpath","value":"//*[@id=\"__item5399-__clone11732-imgNav\"]"}
RESULT: {"using":"xpath","value":"//*[@id=\"__item5399-__clone11732-imgNav\"]"}
COMMAND: POST /session/700a0ab92761895b5ec9a5372f8d46fb/elements - {"using":"xpath","value":"//*[@id=\"__item5399-__clone11732-imgNav\"]"}
RESULT: {"using":"xpath","value":"//*[@id=\"__item5399-__clone11732-imgNav\"]"}
COMMAND: POST /session/700a0ab92761895b5ec9a5372f8d46fb/elements - {"using":"xpath","value":"//*[@id=\"__item5399-__clone11732-imgNav\"]"}
RESULT: {"using":"xpath","value":"//*[@id=\"__item5399-__clone11732-imgNav\"]"}
COMMAND: POST /session/700a0ab92761895b5ec9a5372f8d46fb/elements - {"using":"xpath","value":"//*[@id=\"__item5399-__clone11732-imgNav\"]"}
RESULT: {"using":"xpath","value":"//*[@id=\"__item5399-__clone11732-imgNav\"]"}
COMMAND: POST /session/700a0ab92761895b5ec9a5372f8d46fb/elements - {"using":"xpath","value":"//*[@id=\"__item5399-__clone11732-imgNav\"]"}
RESULT: {"using":"xpath","value":"//*[@id=\"__item5399-__clone11732-imgNav\"]"}
COMMAND: POST /session/700a0ab92761895b5ec9a5372f8d46fb/elements - {"using":"xpath","value":"//*[@id=\"__item5399-__clone11732-imgNav\"]"}
RESULT: {"using":"xpath","value":"//*[@id=\"__item5399-__clone11732-imgNav\"]"}
COMMAND: POST /session/700a0ab92761895b5ec9a5372f8d46fb/elements - {"using":"xpath","value":"//*[@id=\"__item5399-__clone11732-imgNav\"]"}
RESULT: {"using":"xpath","value":"//*[@id=\"__item5399-__clone11732-imgNav\"]"}
COMMAND: POST /session/700a0ab92761895b5ec9a5372f8d46fb/elements - {"using":"xpath","value":"//*[@id=\"__item5399-__clone11732-imgNav\"]"}
RESULT: {"using":"xpath","value":"//*[@id=\"__item5399-__clone11732-imgNav\"]"}
COMMAND: POST /session/700a0ab92761895b5ec9a5372f8d46fb/elements - {"using":"xpath","value":"//*[@id=\"__item5399-__clone11732-imgNav\"]"}
RESULT: {"using":"xpath","value":"//*[@id=\"__item5399-__clone11732-imgNav\"]"}
COMMAND: POST /session/700a0ab92761895b5ec9a5372f8d46fb/elements - {"using":"xpath","value":"//*[@id=\"__item5399-__clone11732-imgNav\"]"}
RESULT: {"using":"xpath","value":"//*[@id=\"__item5399-__clone11732-imgNav\"]"}
COMMAND: POST /session/700a0ab92761895b5ec9a5372f8d46fb/elements - {"using":"xpath","value":"//*[@id=\"__item5399-__clone11732-imgNav\"]"}
RESULT: {"using":"xpath","value":"//*[@id=\"__item5399-__clone11732-imgNav\"]"}
COMMAND: POST /session/700a0ab92761895b5ec9a5372f8d46fb/elements - {"using":"xpath","value":"//*[@id=\"__item5399-__clone11732-imgNav\"]"}
RESULT: {"using":"xpath","value":"//*[@id=\"__item5399-__clone11732-imgNav\"]"}
COMMAND: POST /session/700a0ab92761895b5ec9a5372f8d46fb/elements - {"using":"xpath","value":"//*[@id=\"__item5399-__clone11732-imgNav\"]"}
RESULT: {"using":"xpath","value":"//*[@id=\"__item5399-__clone11732-imgNav\"]"}
COMMAND: POST /session/700a0ab92761895b5ec9a5372f8d46fb/elements - {"using":"xpath","value":"//*[@id=\"__item5399-__clone11732-imgNav\"]"}
RESULT: {"using":"xpath","value":"//*[@id=\"__item5399-__clone11732-imgNav\"]"}
COMMAND: POST /session/700a0ab92761895b5ec9a5372f8d46fb/elements - {"using":"xpath","value":"//*[@id=\"__item5399-__clone11732-imgNav\"]"}
RESULT: {"using":"xpath","value":"//*[@id=\"__item5399-__clone11732-imgNav\"]"}
COMMAND: POST /session/700a0ab92761895b5ec9a5372f8d46fb/elements - {"using":"xpath","value":"//*[@id=\"__item5399-__clone11732-imgNav\"]"}
RESULT: {"using":"xpath","value":"//*[@id=\"__item5399-__clone11732-imgNav\"]"}
COMMAND: POST /session/700a0ab92761895b5ec9a5372f8d46fb/elements - {"using":"xpath","value":"//*[@id=\"__item5399-__clone11732-imgNav\"]"}
RESULT: {"using":"xpath","value":"//*[@id=\"__item5399-__clone11732-imgNav\"]"}
COMMAND: POST /session/700a0ab92761895b5ec9a5372f8d46fb/elements - {"using":"xpath","value":"//*[@id=\"__item5399-__clone11732-imgNav\"]"}
RESULT: {"using":"xpath","value":"//*[@id=\"__item5399-__clone11732-imgNav\"]"}
COMMAND: POST /session/700a0ab92761895b5ec9a5372f8d46fb/elements - {"using":"xpath","value":"//*[@id=\"__item5399-__clone11732-imgNav\"]"}
RESULT: {"using":"xpath","value":"//*[@id=\"__item5399-__clone11732-imgNav\"]"}
COMMAND: POST /session/700a0ab92761895b5ec9a5372f8d46fb/elements - {"using":"xpath","value":"//*[@id=\"__item5399-__clone11732-imgNav\"]"}
RESULT: {"using":"xpath","value":"//*[@id=\"__item5399-__clone11732-imgNav\"]"}
COMMAND: POST /session/700a0ab92761895b5ec9a5372f8d46fb/elements - {"using":"xpath","value":"//*[@id=\"__item5399-__clone11732-imgNav\"]"}
RESULT: {"using":"xpath","value":"//*[@id=\"__item5399-__clone11732-imgNav\"]"}
COMMAND: POST /session/700a0ab92761895b5ec9a5372f8d46fb/elements - {"using":"xpath","value":"//*[@id=\"__item5399-__clone11732-imgNav\"]"}
RESULT: {"using":"xpath","value":"//*[@id=\"__item5399-__clone11732-imgNav\"]"}
COMMAND: POST /session/700a0ab92761895b5ec9a5372f8d46fb/elements - {"using":"xpath","value":"//*[@id=\"__item5399-__clone11732-imgNav\"]"}
RESULT: {"using":"xpath","value":"//*[@id=\"__item5399-__clone11732-imgNav\"]"}
COMMAND: POST /session/700a0ab92761895b5ec9a5372f8d46fb/elements - {"using":"xpath","value":"//*[@id=\"__item5399-__clone11732-imgNav\"]"}
RESULT: {"using":"xpath","value":"//*[@id=\"__item5399-__clone11732-imgNav\"]"}
COMMAND: POST /session/700a0ab92761895b5ec9a5372f8d46fb/elements - {"using":"xpath","value":"//*[@id=\"__item5399-__clone11732-imgNav\"]"}
RESULT: {"using":"xpath","value":"//*[@id=\"__item5399-__clone11732-imgNav\"]"}
COMMAND: POST /session/700a0ab92761895b5ec9a5372f8d46fb/elements - {"using":"xpath","value":"//*[@id=\"__item5399-__clone11732-imgNav\"]"}
RESULT: {"using":"xpath","value":"//*[@id=\"__item5399-__clone11732-imgNav\"]"}
COMMAND: POST /session/700a0ab92761895b5ec9a5372f8d46fb/elements - {"using":"xpath","value":"//*[@id=\"__item5399-__clone11732-imgNav\"]"}
RESULT: {"using":"xpath","value":"//*[@id=\"__item5399-__clone11732-imgNav\"]"}
COMMAND: POST /session/700a0ab92761895b5ec9a5372f8d46fb/elements - {"using":"xpath","value":"//*[@id=\"__item5399-__clone11732-imgNav\"]"}
RESULT: {"using":"xpath","value":"//*[@id=\"__item5399-__clone11732-imgNav\"]"}
COMMAND: POST /session/700a0ab92761895b5ec9a5372f8d46fb/elements - {"using":"xpath","value":"//*[@id=\"__item5399-__clone11732-imgNav\"]"}
RESULT: {"using":"xpath","value":"//*[@id=\"__item5399-__clone11732-imgNav\"]"}
COMMAND: POST /session/700a0ab92761895b5ec9a5372f8d46fb/elements - {"using":"xpath","value":"//*[@id=\"__item5399-__clone11732-imgNav\"]"}
RESULT: {"using":"xpath","value":"//*[@id=\"__item5399-__clone11732-imgNav\"]"}
COMMAND: POST /session/700a0ab92761895b5ec9a5372f8d46fb/elements - {"using":"xpath","value":"//*[@id=\"__item5399-__clone11732-imgNav\"]"}
RESULT: {"using":"xpath","value":"//*[@id=\"__item5399-__clone11732-imgNav\"]"}
COMMAND: POST /session/700a0ab92761895b5ec9a5372f8d46fb/elements - {"using":"xpath","value":"//*[@id=\"__item5399-__clone11732-imgNav\"]"}
RESULT: {"using":"xpath","value":"//*[@id=\"__item5399-__clone11732-imgNav\"]"}
COMMAND: POST /session/700a0ab92761895b5ec9a5372f8d46fb/elements - {"using":"xpath","value":"//*[@id=\"__item5399-__clone11732-imgNav\"]"}
RESULT: {"using":"xpath","value":"//*[@id=\"__item5399-__clone11732-imgNav\"]"}
COMMAND: POST /session/700a0ab92761895b5ec9a5372f8d46fb/elements - {"using":"xpath","value":"//*[@id=\"__item5399-__clone11732-imgNav\"]"}
RESULT: {"using":"xpath","value":"//*[@id=\"__item5399-__clone11732-imgNav\"]"}
COMMAND: POST /session/700a0ab92761895b5ec9a5372f8d46fb/elements - {"using":"xpath","value":"//*[@id=\"__item5399-__clone11732-imgNav\"]"}
RESULT: {"using":"xpath","value":"//*[@id=\"__item5399-__clone11732-imgNav\"]"}
COMMAND: POST /session/700a0ab92761895b5ec9a5372f8d46fb/elements - {"using":"xpath","value":"//*[@id=\"__item5399-__clone11732-imgNav\"]"}
RESULT: {"using":"xpath","value":"//*[@id=\"__item5399-__clone11732-imgNav\"]"}
COMMAND: POST /session/700a0ab92761895b5ec9a5372f8d46fb/elements - {"using":"xpath","value":"//*[@id=\"__item5399-__clone11732-imgNav\"]"}
RESULT: {"using":"xpath","value":"//*[@id=\"__item5399-__clone11732-imgNav\"]"}
COMMAND: POST /session/700a0ab92761895b5ec9a5372f8d46fb/elements - {"using":"xpath","value":"//*[@id=\"__item5399-__clone11732-imgNav\"]"}
RESULT: {"using":"xpath","value":"//*[@id=\"__item5399-__clone11732-imgNav\"]"}
COMMAND: POST /session/700a0ab92761895b5ec9a5372f8d46fb/elements - {"using":"xpath","value":"//*[@id=\"__item5399-__clone11732-imgNav\"]"}
RESULT: {"using":"xpath","value":"//*[@id=\"__item5399-__clone11732-imgNav\"]"}
COMMAND: POST /session/700a0ab92761895b5ec9a5372f8d46fb/elements - {"using":"xpath","value":"//*[@id=\"__item5399-__clone11732-imgNav\"]"}
RESULT: {"using":"xpath","value":"//*[@id=\"__item5399-__clone11732-imgNav\"]"}
COMMAND: POST /session/700a0ab92761895b5ec9a5372f8d46fb/elements - {"using":"xpath","value":"//*[@id=\"__item5399-__clone11732-imgNav\"]"}
RESULT: {"using":"xpath","value":"//*[@id=\"__item5399-__clone11732-imgNav\"]"}
COMMAND: POST /session/700a0ab92761895b5ec9a5372f8d46fb/execute/async - {"script":"<script> [1562 bytes]","args":[{"selector":{"controlType":"sap.m.Button","viewName":"etm.portal.ui.managehandovers.view.DetailExecuteHO","i18NText":{"propertyName":"text","key":"confirmAll"},"interaction":{"idSuffix":"BDI-content"}},"wdio_ui5_key":"etmportal.ui.managehandovers.view.DetailExecuteHOsap.m.Button{\"propertyName\":\"text\",\"key\":\"confirmAll\"}"}]}
RESULT: {"script":"<script> [1562 bytes]","args":[{"selector":{"controlType":"sap.m.Button","viewName":"etm.portal.ui.managehandovers.view.DetailExecuteHO","i18NText":{"propertyName":"text","key":"confirmAll"},"interaction":{"idSuffix":"BDI-content"}},"wdio_ui5_key":"etmportal.ui.managehandovers.view.DetailExecuteHOsap.m.Button{\"propertyName\":\"text\",\"key\":\"confirmAll\"}"}]}
RESULT: undefined
COMMAND: POST /session/700a0ab92761895b5ec9a5372f8d46fb/actions - {"actions":[{"id":"action102","type":"key","parameters":{},"actions":[{"type":"keyDown","value":"î€‡"},{"type":"pause","duration":10},{"type":"keyUp","value":"î€‡"}]}]}
RESULT: {"actions":[{"id":"action102","type":"key","parameters":{},"actions":[{"type":"keyDown","value":"î€‡"},{"type":"pause","duration":10},{"type":"keyUp","value":"î€‡"}]}]}
COMMAND: GET /session/700a0ab92761895b5ec9a5372f8d46fb/screenshot - {}
RESULT: {}
COMMAND: POST /session/700a0ab92761895b5ec9a5372f8d46fb/execute/async - {"script":"<script> [1562 bytes]","args":[{"selector":{"id":"confirmationButton","viewName":"etm.portal.ui.managehandovers.view.DetailExecuteHO","properties":{"text":"Issue"},"interaction":{"idSuffix":"BDI-content"}},"wdio_ui5_key":"confirmationButtonetmportal.ui.managehandovers.view.DetailExecuteHO{\"text\":\"Issue\"}"}]}
RESULT: {"script":"<script> [1562 bytes]","args":[{"selector":{"id":"confirmationButton","viewName":"etm.portal.ui.managehandovers.view.DetailExecuteHO","properties":{"text":"Issue"},"interaction":{"idSuffix":"BDI-content"}},"wdio_ui5_key":"confirmationButtonetmportal.ui.managehandovers.view.DetailExecuteHO{\"text\":\"Issue\"}"}]}
RESULT: undefined
RESULT: undefined
COMMAND: POST /session/700a0ab92761895b5ec9a5372f8d46fb/execute/async - {"script":"<script> [776 bytes]","args":[{"enterText":"31205","selector":{"controlType":"sap.m.SearchField","viewName":"etm.portal.ui.managehandovers.view.MasterHO","bindingPath":{"propertyPath":"/_BASIC_SEARCH_FIELD","modelName":"fi1t3rM0d31"},"interaction":{"idSuffix":"I"}},"clearTextFirst":true,"interactionType":"ENTER_TEXT"}]}
RESULT: {"script":"<script> [776 bytes]","args":[{"enterText":"31205","selector":{"controlType":"sap.m.SearchField","viewName":"etm.portal.ui.managehandovers.view.MasterHO","bindingPath":{"propertyPath":"/_BASIC_SEARCH_FIELD","modelName":"fi1t3rM0d31"},"interaction":{"idSuffix":"I"}},"clearTextFirst":true,"interactionType":"ENTER_TEXT"}]}
COMMAND: POST /session/700a0ab92761895b5ec9a5372f8d46fb/actions - {"actions":[{"id":"action103","type":"key","parameters":{},"actions":[{"type":"keyDown","value":"î€‡"},{"type":"pause","duration":10},{"type":"keyUp","value":"î€‡"}]}]}
RESULT: {"actions":[{"id":"action103","type":"key","parameters":{},"actions":[{"type":"keyDown","value":"î€‡"},{"type":"pause","duration":10},{"type":"keyUp","value":"î€‡"}]}]}
COMMAND: GET /session/700a0ab92761895b5ec9a5372f8d46fb/screenshot - {}
RESULT: {}
RESULT: undefined
COMMAND: POST /session/700a0ab92761895b5ec9a5372f8d46fb/element - {"using":"xpath","value":"//*[@id=\"__item5399-__clone11732-imgNav\"]"}
RESULT: {"using":"xpath","value":"//*[@id=\"__item5399-__clone11732-imgNav\"]"}
COMMAND: POST /session/700a0ab92761895b5ec9a5372f8d46fb/elements - {"using":"xpath","value":"//*[@id=\"__item5399-__clone11732-imgNav\"]"}
RESULT: {"using":"xpath","value":"//*[@id=\"__item5399-__clone11732-imgNav\"]"}
COMMAND: POST /session/700a0ab92761895b5ec9a5372f8d46fb/elements - {"using":"xpath","value":"//*[@id=\"__item5399-__clone11732-imgNav\"]"}
RESULT: {"using":"xpath","value":"//*[@id=\"__item5399-__clone11732-imgNav\"]"}
COMMAND: POST /session/700a0ab92761895b5ec9a5372f8d46fb/elements - {"using":"xpath","value":"//*[@id=\"__item5399-__clone11732-imgNav\"]"}
RESULT: {"using":"xpath","value":"//*[@id=\"__item5399-__clone11732-imgNav\"]"}
COMMAND: POST /session/700a0ab92761895b5ec9a5372f8d46fb/elements - {"using":"xpath","value":"//*[@id=\"__item5399-__clone11732-imgNav\"]"}
RESULT: {"using":"xpath","value":"//*[@id=\"__item5399-__clone11732-imgNav\"]"}
COMMAND: POST /session/700a0ab92761895b5ec9a5372f8d46fb/elements - {"using":"xpath","value":"//*[@id=\"__item5399-__clone11732-imgNav\"]"}
RESULT: {"using":"xpath","value":"//*[@id=\"__item5399-__clone11732-imgNav\"]"}
COMMAND: POST /session/700a0ab92761895b5ec9a5372f8d46fb/elements - {"using":"xpath","value":"//*[@id=\"__item5399-__clone11732-imgNav\"]"}
RESULT: {"using":"xpath","value":"//*[@id=\"__item5399-__clone11732-imgNav\"]"}
COMMAND: POST /session/700a0ab92761895b5ec9a5372f8d46fb/elements - {"using":"xpath","value":"//*[@id=\"__item5399-__clone11732-imgNav\"]"}
RESULT: {"using":"xpath","value":"//*[@id=\"__item5399-__clone11732-imgNav\"]"}
COMMAND: POST /session/700a0ab92761895b5ec9a5372f8d46fb/elements - {"using":"xpath","value":"//*[@id=\"__item5399-__clone11732-imgNav\"]"}
RESULT: {"using":"xpath","value":"//*[@id=\"__item5399-__clone11732-imgNav\"]"}
COMMAND: POST /session/700a0ab92761895b5ec9a5372f8d46fb/elements - {"using":"xpath","value":"//*[@id=\"__item5399-__clone11732-imgNav\"]"}
RESULT: {"using":"xpath","value":"//*[@id=\"__item5399-__clone11732-imgNav\"]"}
COMMAND: POST /session/700a0ab92761895b5ec9a5372f8d46fb/elements - {"using":"xpath","value":"//*[@id=\"__item5399-__clone11732-imgNav\"]"}
RESULT: {"using":"xpath","value":"//*[@id=\"__item5399-__clone11732-imgNav\"]"}
COMMAND: POST /session/700a0ab92761895b5ec9a5372f8d46fb/elements - {"using":"xpath","value":"//*[@id=\"__item5399-__clone11732-imgNav\"]"}
RESULT: {"using":"xpath","value":"//*[@id=\"__item5399-__clone11732-imgNav\"]"}
COMMAND: POST /session/700a0ab92761895b5ec9a5372f8d46fb/elements - {"using":"xpath","value":"//*[@id=\"__item5399-__clone11732-imgNav\"]"}
RESULT: {"using":"xpath","value":"//*[@id=\"__item5399-__clone11732-imgNav\"]"}
COMMAND: POST /session/700a0ab92761895b5ec9a5372f8d46fb/elements - {"using":"xpath","value":"//*[@id=\"__item5399-__clone11732-imgNav\"]"}
RESULT: {"using":"xpath","value":"//*[@id=\"__item5399-__clone11732-imgNav\"]"}
COMMAND: POST /session/700a0ab92761895b5ec9a5372f8d46fb/elements - {"using":"xpath","value":"//*[@id=\"__item5399-__clone11732-imgNav\"]"}
RESULT: {"using":"xpath","value":"//*[@id=\"__item5399-__clone11732-imgNav\"]"}
COMMAND: POST /session/700a0ab92761895b5ec9a5372f8d46fb/elements - {"using":"xpath","value":"//*[@id=\"__item5399-__clone11732-imgNav\"]"}
RESULT: {"using":"xpath","value":"//*[@id=\"__item5399-__clone11732-imgNav\"]"}
COMMAND: POST /session/700a0ab92761895b5ec9a5372f8d46fb/elements - {"using":"xpath","value":"//*[@id=\"__item5399-__clone11732-imgNav\"]"}
RESULT: {"using":"xpath","value":"//*[@id=\"__item5399-__clone11732-imgNav\"]"}
COMMAND: POST /session/700a0ab92761895b5ec9a5372f8d46fb/elements - {"using":"xpath","value":"//*[@id=\"__item5399-__clone11732-imgNav\"]"}
RESULT: {"using":"xpath","value":"//*[@id=\"__item5399-__clone11732-imgNav\"]"}
COMMAND: POST /session/700a0ab92761895b5ec9a5372f8d46fb/elements - {"using":"xpath","value":"//*[@id=\"__item5399-__clone11732-imgNav\"]"}
RESULT: {"using":"xpath","value":"//*[@id=\"__item5399-__clone11732-imgNav\"]"}
COMMAND: POST /session/700a0ab92761895b5ec9a5372f8d46fb/elements - {"using":"xpath","value":"//*[@id=\"__item5399-__clone11732-imgNav\"]"}
RESULT: {"using":"xpath","value":"//*[@id=\"__item5399-__clone11732-imgNav\"]"}
COMMAND: POST /session/700a0ab92761895b5ec9a5372f8d46fb/elements - {"using":"xpath","value":"//*[@id=\"__item5399-__clone11732-imgNav\"]"}
RESULT: {"using":"xpath","value":"//*[@id=\"__item5399-__clone11732-imgNav\"]"}
COMMAND: POST /session/700a0ab92761895b5ec9a5372f8d46fb/elements - {"using":"xpath","value":"//*[@id=\"__item5399-__clone11732-imgNav\"]"}
RESULT: {"using":"xpath","value":"//*[@id=\"__item5399-__clone11732-imgNav\"]"}
COMMAND: POST /session/700a0ab92761895b5ec9a5372f8d46fb/elements - {"using":"xpath","value":"//*[@id=\"__item5399-__clone11732-imgNav\"]"}
RESULT: {"using":"xpath","value":"//*[@id=\"__item5399-__clone11732-imgNav\"]"}
COMMAND: POST /session/700a0ab92761895b5ec9a5372f8d46fb/elements - {"using":"xpath","value":"//*[@id=\"__item5399-__clone11732-imgNav\"]"}
RESULT: {"using":"xpath","value":"//*[@id=\"__item5399-__clone11732-imgNav\"]"}
COMMAND: POST /session/700a0ab92761895b5ec9a5372f8d46fb/elements - {"using":"xpath","value":"//*[@id=\"__item5399-__clone11732-imgNav\"]"}
RESULT: {"using":"xpath","value":"//*[@id=\"__item5399-__clone11732-imgNav\"]"}
COMMAND: POST /session/700a0ab92761895b5ec9a5372f8d46fb/elements - {"using":"xpath","value":"//*[@id=\"__item5399-__clone11732-imgNav\"]"}
RESULT: {"using":"xpath","value":"//*[@id=\"__item5399-__clone11732-imgNav\"]"}
COMMAND: POST /session/700a0ab92761895b5ec9a5372f8d46fb/elements - {"using":"xpath","value":"//*[@id=\"__item5399-__clone11732-imgNav\"]"}
RESULT: {"using":"xpath","value":"//*[@id=\"__item5399-__clone11732-imgNav\"]"}
COMMAND: POST /session/700a0ab92761895b5ec9a5372f8d46fb/elements - {"using":"xpath","value":"//*[@id=\"__item5399-__clone11732-imgNav\"]"}
RESULT: {"using":"xpath","value":"//*[@id=\"__item5399-__clone11732-imgNav\"]"}
COMMAND: POST /session/700a0ab92761895b5ec9a5372f8d46fb/elements - {"using":"xpath","value":"//*[@id=\"__item5399-__clone11732-imgNav\"]"}
RESULT: {"using":"xpath","value":"//*[@id=\"__item5399-__clone11732-imgNav\"]"}
COMMAND: POST /session/700a0ab92761895b5ec9a5372f8d46fb/elements - {"using":"xpath","value":"//*[@id=\"__item5399-__clone11732-imgNav\"]"}
RESULT: {"using":"xpath","value":"//*[@id=\"__item5399-__clone11732-imgNav\"]"}
COMMAND: POST /session/700a0ab92761895b5ec9a5372f8d46fb/elements - {"using":"xpath","value":"//*[@id=\"__item5399-__clone11732-imgNav\"]"}
RESULT: {"using":"xpath","value":"//*[@id=\"__item5399-__clone11732-imgNav\"]"}
COMMAND: POST /session/700a0ab92761895b5ec9a5372f8d46fb/elements - {"using":"xpath","value":"//*[@id=\"__item5399-__clone11732-imgNav\"]"}
RESULT: {"using":"xpath","value":"//*[@id=\"__item5399-__clone11732-imgNav\"]"}
COMMAND: POST /session/700a0ab92761895b5ec9a5372f8d46fb/elements - {"using":"xpath","value":"//*[@id=\"__item5399-__clone11732-imgNav\"]"}
RESULT: {"using":"xpath","value":"//*[@id=\"__item5399-__clone11732-imgNav\"]"}
COMMAND: POST /session/700a0ab92761895b5ec9a5372f8d46fb/elements - {"using":"xpath","value":"//*[@id=\"__item5399-__clone11732-imgNav\"]"}
RESULT: {"using":"xpath","value":"//*[@id=\"__item5399-__clone11732-imgNav\"]"}
COMMAND: POST /session/700a0ab92761895b5ec9a5372f8d46fb/elements - {"using":"xpath","value":"//*[@id=\"__item5399-__clone11732-imgNav\"]"}
RESULT: {"using":"xpath","value":"//*[@id=\"__item5399-__clone11732-imgNav\"]"}
COMMAND: POST /session/700a0ab92761895b5ec9a5372f8d46fb/elements - {"using":"xpath","value":"//*[@id=\"__item5399-__clone11732-imgNav\"]"}
RESULT: {"using":"xpath","value":"//*[@id=\"__item5399-__clone11732-imgNav\"]"}
COMMAND: POST /session/700a0ab92761895b5ec9a5372f8d46fb/elements - {"using":"xpath","value":"//*[@id=\"__item5399-__clone11732-imgNav\"]"}
RESULT: {"using":"xpath","value":"//*[@id=\"__item5399-__clone11732-imgNav\"]"}
COMMAND: POST /session/700a0ab92761895b5ec9a5372f8d46fb/elements - {"using":"xpath","value":"//*[@id=\"__item5399-__clone11732-imgNav\"]"}
RESULT: {"using":"xpath","value":"//*[@id=\"__item5399-__clone11732-imgNav\"]"}
COMMAND: POST /session/700a0ab92761895b5ec9a5372f8d46fb/elements - {"using":"xpath","value":"//*[@id=\"__item5399-__clone11732-imgNav\"]"}
RESULT: {"using":"xpath","value":"//*[@id=\"__item5399-__clone11732-imgNav\"]"}
COMMAND: POST /session/700a0ab92761895b5ec9a5372f8d46fb/elements - {"using":"xpath","value":"//*[@id=\"__item5399-__clone11732-imgNav\"]"}
RESULT: {"using":"xpath","value":"//*[@id=\"__item5399-__clone11732-imgNav\"]"}
COMMAND: POST /session/700a0ab92761895b5ec9a5372f8d46fb/elements - {"using":"xpath","value":"//*[@id=\"__item5399-__clone11732-imgNav\"]"}
RESULT: {"using":"xpath","value":"//*[@id=\"__item5399-__clone11732-imgNav\"]"}
COMMAND: POST /session/700a0ab92761895b5ec9a5372f8d46fb/elements - {"using":"xpath","value":"//*[@id=\"__item5399-__clone11732-imgNav\"]"}
RESULT: {"using":"xpath","value":"//*[@id=\"__item5399-__clone11732-imgNav\"]"}
COMMAND: POST /session/700a0ab92761895b5ec9a5372f8d46fb/elements - {"using":"xpath","value":"//*[@id=\"__item5399-__clone11732-imgNav\"]"}
RESULT: {"using":"xpath","value":"//*[@id=\"__item5399-__clone11732-imgNav\"]"}
COMMAND: POST /session/700a0ab92761895b5ec9a5372f8d46fb/elements - {"using":"xpath","value":"//*[@id=\"__item5399-__clone11732-imgNav\"]"}
RESULT: {"using":"xpath","value":"//*[@id=\"__item5399-__clone11732-imgNav\"]"}
COMMAND: POST /session/700a0ab92761895b5ec9a5372f8d46fb/elements - {"using":"xpath","value":"//*[@id=\"__item5399-__clone11732-imgNav\"]"}
RESULT: {"using":"xpath","value":"//*[@id=\"__item5399-__clone11732-imgNav\"]"}
COMMAND: POST /session/700a0ab92761895b5ec9a5372f8d46fb/elements - {"using":"xpath","value":"//*[@id=\"__item5399-__clone11732-imgNav\"]"}
RESULT: {"using":"xpath","value":"//*[@id=\"__item5399-__clone11732-imgNav\"]"}
COMMAND: POST /session/700a0ab92761895b5ec9a5372f8d46fb/elements - {"using":"xpath","value":"//*[@id=\"__item5399-__clone11732-imgNav\"]"}
RESULT: {"using":"xpath","value":"//*[@id=\"__item5399-__clone11732-imgNav\"]"}
COMMAND: POST /session/700a0ab92761895b5ec9a5372f8d46fb/elements - {"using":"xpath","value":"//*[@id=\"__item5399-__clone11732-imgNav\"]"}
RESULT: {"using":"xpath","value":"//*[@id=\"__item5399-__clone11732-imgNav\"]"}
COMMAND: POST /session/700a0ab92761895b5ec9a5372f8d46fb/elements - {"using":"xpath","value":"//*[@id=\"__item5399-__clone11732-imgNav\"]"}
RESULT: {"using":"xpath","value":"//*[@id=\"__item5399-__clone11732-imgNav\"]"}
COMMAND: POST /session/700a0ab92761895b5ec9a5372f8d46fb/elements - {"using":"xpath","value":"//*[@id=\"__item5399-__clone11732-imgNav\"]"}
RESULT: {"using":"xpath","value":"//*[@id=\"__item5399-__clone11732-imgNav\"]"}
COMMAND: POST /session/700a0ab92761895b5ec9a5372f8d46fb/elements - {"using":"xpath","value":"//*[@id=\"__item5399-__clone11732-imgNav\"]"}
RESULT: {"using":"xpath","value":"//*[@id=\"__item5399-__clone11732-imgNav\"]"}
COMMAND: POST /session/700a0ab92761895b5ec9a5372f8d46fb/elements - {"using":"xpath","value":"//*[@id=\"__item5399-__clone11732-imgNav\"]"}
RESULT: {"using":"xpath","value":"//*[@id=\"__item5399-__clone11732-imgNav\"]"}
COMMAND: POST /session/700a0ab92761895b5ec9a5372f8d46fb/elements - {"using":"xpath","value":"//*[@id=\"__item5399-__clone11732-imgNav\"]"}
RESULT: {"using":"xpath","value":"//*[@id=\"__item5399-__clone11732-imgNav\"]"}
COMMAND: POST /session/700a0ab92761895b5ec9a5372f8d46fb/elements - {"using":"xpath","value":"//*[@id=\"__item5399-__clone11732-imgNav\"]"}
RESULT: {"using":"xpath","value":"//*[@id=\"__item5399-__clone11732-imgNav\"]"}
COMMAND: POST /session/700a0ab92761895b5ec9a5372f8d46fb/elements - {"using":"xpath","value":"//*[@id=\"__item5399-__clone11732-imgNav\"]"}
RESULT: {"using":"xpath","value":"//*[@id=\"__item5399-__clone11732-imgNav\"]"}
COMMAND: POST /session/700a0ab92761895b5ec9a5372f8d46fb/elements - {"using":"xpath","value":"//*[@id=\"__item5399-__clone11732-imgNav\"]"}
RESULT: {"using":"xpath","value":"//*[@id=\"__item5399-__clone11732-imgNav\"]"}
COMMAND: POST /session/700a0ab92761895b5ec9a5372f8d46fb/elements - {"using":"xpath","value":"//*[@id=\"__item5399-__clone11732-imgNav\"]"}
RESULT: {"using":"xpath","value":"//*[@id=\"__item5399-__clone11732-imgNav\"]"}
COMMAND: POST /session/700a0ab92761895b5ec9a5372f8d46fb/elements - {"using":"xpath","value":"//*[@id=\"__item5399-__clone11732-imgNav\"]"}
RESULT: {"using":"xpath","value":"//*[@id=\"__item5399-__clone11732-imgNav\"]"}
COMMAND: POST /session/700a0ab92761895b5ec9a5372f8d46fb/elements - {"using":"xpath","value":"//*[@id=\"__item5399-__clone11732-imgNav\"]"}
RESULT: {"using":"xpath","value":"//*[@id=\"__item5399-__clone11732-imgNav\"]"}
COMMAND: POST /session/700a0ab92761895b5ec9a5372f8d46fb/elements - {"using":"xpath","value":"//*[@id=\"__item5399-__clone11732-imgNav\"]"}
RESULT: {"using":"xpath","value":"//*[@id=\"__item5399-__clone11732-imgNav\"]"}
COMMAND: POST /session/700a0ab92761895b5ec9a5372f8d46fb/elements - {"using":"xpath","value":"//*[@id=\"__item5399-__clone11732-imgNav\"]"}
RESULT: {"using":"xpath","value":"//*[@id=\"__item5399-__clone11732-imgNav\"]"}
COMMAND: POST /session/700a0ab92761895b5ec9a5372f8d46fb/elements - {"using":"xpath","value":"//*[@id=\"__item5399-__clone11732-imgNav\"]"}
RESULT: {"using":"xpath","value":"//*[@id=\"__item5399-__clone11732-imgNav\"]"}
COMMAND: POST /session/700a0ab92761895b5ec9a5372f8d46fb/elements - {"using":"xpath","value":"//*[@id=\"__item5399-__clone11732-imgNav\"]"}
RESULT: {"using":"xpath","value":"//*[@id=\"__item5399-__clone11732-imgNav\"]"}
COMMAND: POST /session/700a0ab92761895b5ec9a5372f8d46fb/elements - {"using":"xpath","value":"//*[@id=\"__item5399-__clone11732-imgNav\"]"}
RESULT: {"using":"xpath","value":"//*[@id=\"__item5399-__clone11732-imgNav\"]"}
COMMAND: POST /session/700a0ab92761895b5ec9a5372f8d46fb/elements - {"using":"xpath","value":"//*[@id=\"__item5399-__clone11732-imgNav\"]"}
RESULT: {"using":"xpath","value":"//*[@id=\"__item5399-__clone11732-imgNav\"]"}
COMMAND: POST /session/700a0ab92761895b5ec9a5372f8d46fb/elements - {"using":"xpath","value":"//*[@id=\"__item5399-__clone11732-imgNav\"]"}
RESULT: {"using":"xpath","value":"//*[@id=\"__item5399-__clone11732-imgNav\"]"}
COMMAND: POST /session/700a0ab92761895b5ec9a5372f8d46fb/elements - {"using":"xpath","value":"//*[@id=\"__item5399-__clone11732-imgNav\"]"}
RESULT: {"using":"xpath","value":"//*[@id=\"__item5399-__clone11732-imgNav\"]"}
COMMAND: POST /session/700a0ab92761895b5ec9a5372f8d46fb/elements - {"using":"xpath","value":"//*[@id=\"__item5399-__clone11732-imgNav\"]"}
RESULT: {"using":"xpath","value":"//*[@id=\"__item5399-__clone11732-imgNav\"]"}
COMMAND: POST /session/700a0ab92761895b5ec9a5372f8d46fb/elements - {"using":"xpath","value":"//*[@id=\"__item5399-__clone11732-imgNav\"]"}
RESULT: {"using":"xpath","value":"//*[@id=\"__item5399-__clone11732-imgNav\"]"}
COMMAND: POST /session/700a0ab92761895b5ec9a5372f8d46fb/elements - {"using":"xpath","value":"//*[@id=\"__item5399-__clone11732-imgNav\"]"}
RESULT: {"using":"xpath","value":"//*[@id=\"__item5399-__clone11732-imgNav\"]"}
COMMAND: POST /session/700a0ab92761895b5ec9a5372f8d46fb/elements - {"using":"xpath","value":"//*[@id=\"__item5399-__clone11732-imgNav\"]"}
RESULT: {"using":"xpath","value":"//*[@id=\"__item5399-__clone11732-imgNav\"]"}
COMMAND: POST /session/700a0ab92761895b5ec9a5372f8d46fb/elements - {"using":"xpath","value":"//*[@id=\"__item5399-__clone11732-imgNav\"]"}
RESULT: {"using":"xpath","value":"//*[@id=\"__item5399-__clone11732-imgNav\"]"}
COMMAND: POST /session/700a0ab92761895b5ec9a5372f8d46fb/elements - {"using":"xpath","value":"//*[@id=\"__item5399-__clone11732-imgNav\"]"}
RESULT: {"using":"xpath","value":"//*[@id=\"__item5399-__clone11732-imgNav\"]"}
COMMAND: POST /session/700a0ab92761895b5ec9a5372f8d46fb/elements - {"using":"xpath","value":"//*[@id=\"__item5399-__clone11732-imgNav\"]"}
RESULT: {"using":"xpath","value":"//*[@id=\"__item5399-__clone11732-imgNav\"]"}
COMMAND: POST /session/700a0ab92761895b5ec9a5372f8d46fb/elements - {"using":"xpath","value":"//*[@id=\"__item5399-__clone11732-imgNav\"]"}
RESULT: {"using":"xpath","value":"//*[@id=\"__item5399-__clone11732-imgNav\"]"}
COMMAND: POST /session/700a0ab92761895b5ec9a5372f8d46fb/elements - {"using":"xpath","value":"//*[@id=\"__item5399-__clone11732-imgNav\"]"}
RESULT: {"using":"xpath","value":"//*[@id=\"__item5399-__clone11732-imgNav\"]"}
COMMAND: POST /session/700a0ab92761895b5ec9a5372f8d46fb/elements - {"using":"xpath","value":"//*[@id=\"__item5399-__clone11732-imgNav\"]"}
RESULT: {"using":"xpath","value":"//*[@id=\"__item5399-__clone11732-imgNav\"]"}
COMMAND: POST /session/700a0ab92761895b5ec9a5372f8d46fb/elements - {"using":"xpath","value":"//*[@id=\"__item5399-__clone11732-imgNav\"]"}
RESULT: {"using":"xpath","value":"//*[@id=\"__item5399-__clone11732-imgNav\"]"}
COMMAND: POST /session/700a0ab92761895b5ec9a5372f8d46fb/elements - {"using":"xpath","value":"//*[@id=\"__item5399-__clone11732-imgNav\"]"}
RESULT: {"using":"xpath","value":"//*[@id=\"__item5399-__clone11732-imgNav\"]"}
COMMAND: POST /session/700a0ab92761895b5ec9a5372f8d46fb/elements - {"using":"xpath","value":"//*[@id=\"__item5399-__clone11732-imgNav\"]"}
RESULT: {"using":"xpath","value":"//*[@id=\"__item5399-__clone11732-imgNav\"]"}
COMMAND: POST /session/700a0ab92761895b5ec9a5372f8d46fb/elements - {"using":"xpath","value":"//*[@id=\"__item5399-__clone11732-imgNav\"]"}
RESULT: {"using":"xpath","value":"//*[@id=\"__item5399-__clone11732-imgNav\"]"}
COMMAND: POST /session/700a0ab92761895b5ec9a5372f8d46fb/elements - {"using":"xpath","value":"//*[@id=\"__item5399-__clone11732-imgNav\"]"}
RESULT: {"using":"xpath","value":"//*[@id=\"__item5399-__clone11732-imgNav\"]"}
COMMAND: POST /session/700a0ab92761895b5ec9a5372f8d46fb/elements - {"using":"xpath","value":"//*[@id=\"__item5399-__clone11732-imgNav\"]"}
RESULT: {"using":"xpath","value":"//*[@id=\"__item5399-__clone11732-imgNav\"]"}
COMMAND: POST /session/700a0ab92761895b5ec9a5372f8d46fb/elements - {"using":"xpath","value":"//*[@id=\"__item5399-__clone11732-imgNav\"]"}
RESULT: {"using":"xpath","value":"//*[@id=\"__item5399-__clone11732-imgNav\"]"}
COMMAND: POST /session/700a0ab92761895b5ec9a5372f8d46fb/elements - {"using":"xpath","value":"//*[@id=\"__item5399-__clone11732-imgNav\"]"}
RESULT: {"using":"xpath","value":"//*[@id=\"__item5399-__clone11732-imgNav\"]"}
COMMAND: POST /session/700a0ab92761895b5ec9a5372f8d46fb/elements - {"using":"xpath","value":"//*[@id=\"__item5399-__clone11732-imgNav\"]"}
RESULT: {"using":"xpath","value":"//*[@id=\"__item5399-__clone11732-imgNav\"]"}
COMMAND: POST /session/700a0ab92761895b5ec9a5372f8d46fb/elements - {"using":"xpath","value":"//*[@id=\"__item5399-__clone11732-imgNav\"]"}
RESULT: {"using":"xpath","value":"//*[@id=\"__item5399-__clone11732-imgNav\"]"}
COMMAND: POST /session/700a0ab92761895b5ec9a5372f8d46fb/elements - {"using":"xpath","value":"//*[@id=\"__item5399-__clone11732-imgNav\"]"}
RESULT: {"using":"xpath","value":"//*[@id=\"__item5399-__clone11732-imgNav\"]"}
COMMAND: POST /session/700a0ab92761895b5ec9a5372f8d46fb/elements - {"using":"xpath","value":"//*[@id=\"__item5399-__clone11732-imgNav\"]"}
RESULT: {"using":"xpath","value":"//*[@id=\"__item5399-__clone11732-imgNav\"]"}
COMMAND: POST /session/700a0ab92761895b5ec9a5372f8d46fb/elements - {"using":"xpath","value":"//*[@id=\"__item5399-__clone11732-imgNav\"]"}
RESULT: {"using":"xpath","value":"//*[@id=\"__item5399-__clone11732-imgNav\"]"}
COMMAND: POST /session/700a0ab92761895b5ec9a5372f8d46fb/elements - {"using":"xpath","value":"//*[@id=\"__item5399-__clone11732-imgNav\"]"}
RESULT: {"using":"xpath","value":"//*[@id=\"__item5399-__clone11732-imgNav\"]"}
COMMAND: POST /session/700a0ab92761895b5ec9a5372f8d46fb/elements - {"using":"xpath","value":"//*[@id=\"__item5399-__clone11732-imgNav\"]"}
RESULT: {"using":"xpath","value":"//*[@id=\"__item5399-__clone11732-imgNav\"]"}
COMMAND: POST /session/700a0ab92761895b5ec9a5372f8d46fb/elements - {"using":"xpath","value":"//*[@id=\"__item5399-__clone11732-imgNav\"]"}
RESULT: {"using":"xpath","value":"//*[@id=\"__item5399-__clone11732-imgNav\"]"}
COMMAND: POST /session/700a0ab92761895b5ec9a5372f8d46fb/elements - {"using":"xpath","value":"//*[@id=\"__item5399-__clone11732-imgNav\"]"}
RESULT: {"using":"xpath","value":"//*[@id=\"__item5399-__clone11732-imgNav\"]"}
COMMAND: POST /session/700a0ab92761895b5ec9a5372f8d46fb/elements - {"using":"xpath","value":"//*[@id=\"__item5399-__clone11732-imgNav\"]"}
RESULT: {"using":"xpath","value":"//*[@id=\"__item5399-__clone11732-imgNav\"]"}
COMMAND: POST /session/700a0ab92761895b5ec9a5372f8d46fb/elements - {"using":"xpath","value":"//*[@id=\"__item5399-__clone11732-imgNav\"]"}
RESULT: {"using":"xpath","value":"//*[@id=\"__item5399-__clone11732-imgNav\"]"}
COMMAND: POST /session/700a0ab92761895b5ec9a5372f8d46fb/elements - {"using":"xpath","value":"//*[@id=\"__item5399-__clone11732-imgNav\"]"}
RESULT: {"using":"xpath","value":"//*[@id=\"__item5399-__clone11732-imgNav\"]"}
COMMAND: POST /session/700a0ab92761895b5ec9a5372f8d46fb/elements - {"using":"xpath","value":"//*[@id=\"__item5399-__clone11732-imgNav\"]"}
RESULT: {"using":"xpath","value":"//*[@id=\"__item5399-__clone11732-imgNav\"]"}
COMMAND: POST /session/700a0ab92761895b5ec9a5372f8d46fb/elements - {"using":"xpath","value":"//*[@id=\"__item5399-__clone11732-imgNav\"]"}
RESULT: {"using":"xpath","value":"//*[@id=\"__item5399-__clone11732-imgNav\"]"}
COMMAND: POST /session/700a0ab92761895b5ec9a5372f8d46fb/elements - {"using":"xpath","value":"//*[@id=\"__item5399-__clone11732-imgNav\"]"}
RESULT: {"using":"xpath","value":"//*[@id=\"__item5399-__clone11732-imgNav\"]"}
COMMAND: POST /session/700a0ab92761895b5ec9a5372f8d46fb/elements - {"using":"xpath","value":"//*[@id=\"__item5399-__clone11732-imgNav\"]"}
RESULT: {"using":"xpath","value":"//*[@id=\"__item5399-__clone11732-imgNav\"]"}
COMMAND: POST /session/700a0ab92761895b5ec9a5372f8d46fb/elements - {"using":"xpath","value":"//*[@id=\"__item5399-__clone11732-imgNav\"]"}
RESULT: {"using":"xpath","value":"//*[@id=\"__item5399-__clone11732-imgNav\"]"}
COMMAND: POST /session/700a0ab92761895b5ec9a5372f8d46fb/elements - {"using":"xpath","value":"//*[@id=\"__item5399-__clone11732-imgNav\"]"}
RESULT: {"using":"xpath","value":"//*[@id=\"__item5399-__clone11732-imgNav\"]"}
COMMAND: POST /session/700a0ab92761895b5ec9a5372f8d46fb/elements - {"using":"xpath","value":"//*[@id=\"__item5399-__clone11732-imgNav\"]"}
RESULT: {"using":"xpath","value":"//*[@id=\"__item5399-__clone11732-imgNav\"]"}
COMMAND: POST /session/700a0ab92761895b5ec9a5372f8d46fb/elements - {"using":"xpath","value":"//*[@id=\"__item5399-__clone11732-imgNav\"]"}
RESULT: {"using":"xpath","value":"//*[@id=\"__item5399-__clone11732-imgNav\"]"}
COMMAND: POST /session/700a0ab92761895b5ec9a5372f8d46fb/elements - {"using":"xpath","value":"//*[@id=\"__item5399-__clone11732-imgNav\"]"}
RESULT: {"using":"xpath","value":"//*[@id=\"__item5399-__clone11732-imgNav\"]"}
COMMAND: POST /session/700a0ab92761895b5ec9a5372f8d46fb/elements - {"using":"xpath","value":"//*[@id=\"__item5399-__clone11732-imgNav\"]"}
RESULT: {"using":"xpath","value":"//*[@id=\"__item5399-__clone11732-imgNav\"]"}
COMMAND: POST /session/700a0ab92761895b5ec9a5372f8d46fb/elements - {"using":"xpath","value":"//*[@id=\"__item5399-__clone11732-imgNav\"]"}
RESULT: {"using":"xpath","value":"//*[@id=\"__item5399-__clone11732-imgNav\"]"}
COMMAND: POST /session/700a0ab92761895b5ec9a5372f8d46fb/elements - {"using":"xpath","value":"//*[@id=\"__item5399-__clone11732-imgNav\"]"}
RESULT: {"using":"xpath","value":"//*[@id=\"__item5399-__clone11732-imgNav\"]"}
COMMAND: POST /session/700a0ab92761895b5ec9a5372f8d46fb/elements - {"using":"xpath","value":"//*[@id=\"__item5399-__clone11732-imgNav\"]"}
RESULT: {"using":"xpath","value":"//*[@id=\"__item5399-__clone11732-imgNav\"]"}
COMMAND: POST /session/700a0ab92761895b5ec9a5372f8d46fb/elements - {"using":"xpath","value":"//*[@id=\"__item5399-__clone11732-imgNav\"]"}
RESULT: {"using":"xpath","value":"//*[@id=\"__item5399-__clone11732-imgNav\"]"}
COMMAND: POST /session/700a0ab92761895b5ec9a5372f8d46fb/elements - {"using":"xpath","value":"//*[@id=\"__item5399-__clone11732-imgNav\"]"}
RESULT: {"using":"xpath","value":"//*[@id=\"__item5399-__clone11732-imgNav\"]"}
COMMAND: POST /session/700a0ab92761895b5ec9a5372f8d46fb/elements - {"using":"xpath","value":"//*[@id=\"__item5399-__clone11732-imgNav\"]"}
RESULT: {"using":"xpath","value":"//*[@id=\"__item5399-__clone11732-imgNav\"]"}
COMMAND: POST /session/700a0ab92761895b5ec9a5372f8d46fb/elements - {"using":"xpath","value":"//*[@id=\"__item5399-__clone11732-imgNav\"]"}
RESULT: {"using":"xpath","value":"//*[@id=\"__item5399-__clone11732-imgNav\"]"}
COMMAND: POST /session/700a0ab92761895b5ec9a5372f8d46fb/elements - {"using":"xpath","value":"//*[@id=\"__item5399-__clone11732-imgNav\"]"}
RESULT: {"using":"xpath","value":"//*[@id=\"__item5399-__clone11732-imgNav\"]"}
COMMAND: POST /session/700a0ab92761895b5ec9a5372f8d46fb/elements - {"using":"xpath","value":"//*[@id=\"__item5399-__clone11732-imgNav\"]"}
RESULT: {"using":"xpath","value":"//*[@id=\"__item5399-__clone11732-imgNav\"]"}
COMMAND: POST /session/700a0ab92761895b5ec9a5372f8d46fb/elements - {"using":"xpath","value":"//*[@id=\"__item5399-__clone11732-imgNav\"]"}
RESULT: {"using":"xpath","value":"//*[@id=\"__item5399-__clone11732-imgNav\"]"}
COMMAND: POST /session/700a0ab92761895b5ec9a5372f8d46fb/elements - {"using":"xpath","value":"//*[@id=\"__item5399-__clone11732-imgNav\"]"}
RESULT: {"using":"xpath","value":"//*[@id=\"__item5399-__clone11732-imgNav\"]"}
COMMAND: POST /session/700a0ab92761895b5ec9a5372f8d46fb/elements - {"using":"xpath","value":"//*[@id=\"__item5399-__clone11732-imgNav\"]"}
RESULT: {"using":"xpath","value":"//*[@id=\"__item5399-__clone11732-imgNav\"]"}
COMMAND: POST /session/700a0ab92761895b5ec9a5372f8d46fb/elements - {"using":"xpath","value":"//*[@id=\"__item5399-__clone11732-imgNav\"]"}
RESULT: {"using":"xpath","value":"//*[@id=\"__item5399-__clone11732-imgNav\"]"}
COMMAND: POST /session/700a0ab92761895b5ec9a5372f8d46fb/elements - {"using":"xpath","value":"//*[@id=\"__item5399-__clone11732-imgNav\"]"}
RESULT: {"using":"xpath","value":"//*[@id=\"__item5399-__clone11732-imgNav\"]"}
COMMAND: POST /session/700a0ab92761895b5ec9a5372f8d46fb/elements - {"using":"xpath","value":"//*[@id=\"__item5399-__clone11732-imgNav\"]"}
RESULT: {"using":"xpath","value":"//*[@id=\"__item5399-__clone11732-imgNav\"]"}
COMMAND: POST /session/700a0ab92761895b5ec9a5372f8d46fb/execute/async - {"script":"<script> [1562 bytes]","args":[{"selector":{"id":"instructionsTabFilter","viewName":"etm.portal.ui.managehandovers.view.DetailExecuteHO","interaction":{"idSuffix":"text"}},"wdio_ui5_key":"instructionsTabFilteretmportal.ui.managehandovers.view.DetailExecuteHO"}]}
RESULT: {"script":"<script> [1562 bytes]","args":[{"selector":{"id":"instructionsTabFilter","viewName":"etm.portal.ui.managehandovers.view.DetailExecuteHO","interaction":{"idSuffix":"text"}},"wdio_ui5_key":"instructionsTabFilteretmportal.ui.managehandovers.view.DetailExecuteHO"}]}
RESULT: undefined
RESULT: undefined
COMMAND: POST /session/700a0ab92761895b5ec9a5372f8d46fb/execute/async - {"script":"<script> [1562 bytes]","args":[{"selector":{"controlType":"sap.m.ComboBox","viewName":"etm.portal.ui.managehandovers.view.DetailExecuteHO","bindingPath":{"propertyPath":"RECEIVING_SECTION","modelName":"catalogModel"},"interaction":{"idSuffix":"inner"}},"wdio_ui5_key":"etmportal.ui.managehandovers.view.DetailExecuteHOsap.m.ComboBox{\"propertyPath\":\"RECEIVING_SECTION\",\"modelName\":\"catalogModel\"}"}]}
RESULT: {"script":"<script> [1562 bytes]","args":[{"selector":{"controlType":"sap.m.ComboBox","viewName":"etm.portal.ui.managehandovers.view.DetailExecuteHO","bindingPath":{"propertyPath":"RECEIVING_SECTION","modelName":"catalogModel"},"interaction":{"idSuffix":"inner"}},"wdio_ui5_key":"etmportal.ui.managehandovers.view.DetailExecuteHOsap.m.ComboBox{\"propertyPath\":\"RECEIVING_SECTION\",\"modelName\":\"catalogModel\"}"}]}
RESULT: undefined
COMMAND: POST /session/700a0ab92761895b5ec9a5372f8d46fb/actions - {"actions":[{"id":"action104","type":"key","parameters":{},"actions":[{"type":"keyDown","value":"î€‡"},{"type":"pause","duration":10},{"type":"keyUp","value":"î€‡"}]}]}
RESULT: {"actions":[{"id":"action104","type":"key","parameters":{},"actions":[{"type":"keyDown","value":"î€‡"},{"type":"pause","duration":10},{"type":"keyUp","value":"î€‡"}]}]}
COMMAND: GET /session/700a0ab92761895b5ec9a5372f8d46fb/screenshot - {}
RESULT: {}
COMMAND: POST /session/700a0ab92761895b5ec9a5372f8d46fb/execute/async - {"script":"<script> [1562 bytes]","args":[{"selector":{"id":"confirmationButton","viewName":"etm.portal.ui.managehandovers.view.DetailExecuteHO","properties":{"text":"Receive"},"interaction":{"idSuffix":"BDI-content"}},"wdio_ui5_key":"confirmationButtonetmportal.ui.managehandovers.view.DetailExecuteHO{\"text\":\"Receive\"}"}]}
RESULT: {"script":"<script> [1562 bytes]","args":[{"selector":{"id":"confirmationButton","viewName":"etm.portal.ui.managehandovers.view.DetailExecuteHO","properties":{"text":"Receive"},"interaction":{"idSuffix":"BDI-content"}},"wdio_ui5_key":"confirmationButtonetmportal.ui.managehandovers.view.DetailExecuteHO{\"text\":\"Receive\"}"}]}
RESULT: undefined
COMMAND: POST /session/700a0ab92761895b5ec9a5372f8d46fb/execute/async - {"script":"<script> [1562 bytes]","args":[{"selector":{"controlType":"sap.m.Button","properties":{"text":"Continue"},"searchOpenDialogs":true,"interaction":{"idSuffix":"content"}},"wdio_ui5_key":"sapm.Button{\"text\":\"Continue\"}"}]}
RESULT: {"script":"<script> [1562 bytes]","args":[{"selector":{"controlType":"sap.m.Button","properties":{"text":"Continue"},"searchOpenDialogs":true,"interaction":{"idSuffix":"content"}},"wdio_ui5_key":"sapm.Button{\"text\":\"Continue\"}"}]}
RESULT: undefined
COMMAND: POST /session/700a0ab92761895b5ec9a5372f8d46fb/element - {"using":"css selector","value":"#j_username"}
COMMAND: POST /session/700a0ab92761895b5ec9a5372f8d46fb/url - {"url":"https://qa-testing-00-live-etm-ui.cfapps.eu10-004.hana.ondemand.com/"}
RESULT: {"using":"css selector","value":"#j_username"}
COMMAND: POST /session/700a0ab92761895b5ec9a5372f8d46fb/element - {"using":"css selector","value":"#j_username"}
RESULT: {"url":"https://qa-testing-00-live-etm-ui.cfapps.eu10-004.hana.ondemand.com/"}
RESULT: undefined
COMMAND: GET /session/700a0ab92761895b5ec9a5372f8d46fb/screenshot - {}
RESULT: {"using":"css selector","value":"#j_username"}
COMMAND: POST /session/700a0ab92761895b5ec9a5372f8d46fb/element - {"using":"css selector","value":"#shell-header-logo"}
RESULT: {}
RESULT: {"using":"css selector","value":"#shell-header-logo"}
COMMAND: POST /session/700a0ab92761895b5ec9a5372f8d46fb/execute/sync - {"script":"<script> [8489 bytes]","args":[{"element-6066-11e4-a52e-4f735466cecf":"f.647512A71DDA687F9F591F39CAC5A62D.d.C47E7836D3D7A5A9AAB92108D802A7FA.e.23543","ELEMENT":"f.647512A71DDA687F9F591F39CAC5A62D.d.C47E7836D3D7A5A9AAB92108D802A7FA.e.23543"}]}
RESULT: {"script":"<script> [8489 bytes]","args":[{"element-6066-11e4-a52e-4f735466cecf":"f.647512A71DDA687F9F591F39CAC5A62D.d.C47E7836D3D7A5A9AAB92108D802A7FA.e.23543","ELEMENT":"f.647512A71DDA687F9F591F39CAC5A62D.d.C47E7836D3D7A5A9AAB92108D802A7FA.e.23543"}]}
COMMAND: POST /session/700a0ab92761895b5ec9a5372f8d46fb/element - {"using":"css selector","value":"#shell-header-logo"}
COMMAND: GET /session/700a0ab92761895b5ec9a5372f8d46fb/screenshot - {}
RESULT: {"using":"css selector","value":"#shell-header-logo"}
COMMAND: POST /session/700a0ab92761895b5ec9a5372f8d46fb/execute/sync - {"script":"<script> [8489 bytes]","args":[{"element-6066-11e4-a52e-4f735466cecf":"f.647512A71DDA687F9F591F39CAC5A62D.d.C47E7836D3D7A5A9AAB92108D802A7FA.e.23543","ELEMENT":"f.647512A71DDA687F9F591F39CAC5A62D.d.C47E7836D3D7A5A9AAB92108D802A7FA.e.23543"}]}
RESULT: {}
RESULT: {"script":"<script> [8489 bytes]","args":[{"element-6066-11e4-a52e-4f735466cecf":"f.647512A71DDA687F9F591F39CAC5A62D.d.C47E7836D3D7A5A9AAB92108D802A7FA.e.23543","ELEMENT":"f.647512A71DDA687F9F591F39CAC5A62D.d.C47E7836D3D7A5A9AAB92108D802A7FA.e.23543"}]}
COMMAND: POST /session/700a0ab92761895b5ec9a5372f8d46fb/execute/sync - {"script":"<script> [5351 bytes]","args":[{"element-6066-11e4-a52e-4f735466cecf":"f.647512A71DDA687F9F591F39CAC5A62D.d.C47E7836D3D7A5A9AAB92108D802A7FA.e.23543","ELEMENT":"f.647512A71DDA687F9F591F39CAC5A62D.d.C47E7836D3D7A5A9AAB92108D802A7FA.e.23543"}]}
COMMAND: GET /session/700a0ab92761895b5ec9a5372f8d46fb/screenshot - {}
RESULT: {"script":"<script> [5351 bytes]","args":[{"element-6066-11e4-a52e-4f735466cecf":"f.647512A71DDA687F9F591F39CAC5A62D.d.C47E7836D3D7A5A9AAB92108D802A7FA.e.23543","ELEMENT":"f.647512A71DDA687F9F591F39CAC5A62D.d.C47E7836D3D7A5A9AAB92108D802A7FA.e.23543"}]}
COMMAND: POST /session/700a0ab92761895b5ec9a5372f8d46fb/element - {"using":"css selector","value":"#shell-header-logo"}
COMMAND: GET /session/700a0ab92761895b5ec9a5372f8d46fb/screenshot - {}
RESULT: {}
RESULT: {"using":"css selector","value":"#shell-header-logo"}
COMMAND: POST /session/700a0ab92761895b5ec9a5372f8d46fb/element/f.647512A71DDA687F9F591F39CAC5A62D.d.C47E7836D3D7A5A9AAB92108D802A7FA.e.23543/click - {}
RESULT: {}
RESULT: {}
COMMAND: GET /session/700a0ab92761895b5ec9a5372f8d46fb/screenshot - {}
RESULT: {}
COMMAND: POST /session/700a0ab92761895b5ec9a5372f8d46fb/execute/async - {"script":"<script> [189 bytes]","args":[]}
RESULT: {"script":"<script> [189 bytes]","args":[]}
COMMAND: POST /session/700a0ab92761895b5ec9a5372f8d46fb/execute/async - {"script":"<script> [123 bytes]","args":[]}
RESULT: {"script":"<script> [123 bytes]","args":[]}
COMMAND: POST /session/700a0ab92761895b5ec9a5372f8d46fb/timeouts - {"script":"<number>"}
RESULT: {"script":"<number>"}
COMMAND: GET /session/700a0ab92761895b5ec9a5372f8d46fb/timeouts - {}
RESULT: {}
RESULT: undefined
COMMAND: POST /session/700a0ab92761895b5ec9a5372f8d46fb/execute/async - {"script":"<script> [2676 bytes]","args":[]}
RESULT: {"script":"<script> [2676 bytes]","args":[]}
COMMAND: POST /session/700a0ab92761895b5ec9a5372f8d46fb/execute/async - {"script":"<script> [2342 bytes]","args":[{"protocol":"http","hostname":"0.0.0.0","path":"/","capabilities":{"browserName":"chrome","goog:chromeOptions":{"binary":"C:\\Program Files\\Google\\Chrome\\Application\\chrome.exe","args":["--start-maximized"]}},"logLevel":"warn","connectionRetryTimeout":120000,"connectionRetryCount":3,"logLevels":{},"enableDirectConnect":true,"strictSSL":true,"_":"65 more keys: [\"cacheDir\",\"port\",\"requestedCapabilities\",\"automationProtocol\",\"baseUrl\",\"waitforInterval\",\"waitforTimeout\",\"onReload\",\"beforeCommand\",\"afterCommand\",\"rootDir\",\"specs\",\"suites\",\"exclude\",\"groupLogsByTestSpec\",\"excludeDriverLogs\",\"bail\",\"framework\",\"reporters\",\"services\",\"maxInstances\",\"maxInstancesPerCapability\",\"injectGlobals\",\"filesToWatch\",\"execArgv\",\"runnerEnv\",\"runner\",\"shard\",\"specFileRetries\",\"specFileRetriesDelay\",\"specFileRetriesDeferred\",\"reporterSyncInterval\",\"reporterSyncTimeout\",\"cucumberFeaturesWithLineNumbers\",\"autoCompileOpts\",\"mochaOpts\",\"jasmineOpts\",\"cucumberOpts\",\"onPrepare\",\"onWorkerStart\",\"onWorkerEnd\",\"before\",\"beforeSession\",\"beforeSuite\",\"beforeHook\",\"beforeTest\",\"afterTest\",\"afterHook\",\"afterSuite\",\"afterSession\",\"after\",\"onComplete\",\"beforeAssertion\",\"afterAssertion\",\"beforeFeature\",\"beforeScenario\",\"beforeStep\",\"afterStep\",\"afterScenario\",\"afterFeature\",\"_\",\"suite\",\"$0\",\"ignoredWorkerServices\",\"wdi5\"]"}]}
RESULT: {"script":"<script> [2342 bytes]","args":[{"protocol":"http","hostname":"0.0.0.0","path":"/","capabilities":{"browserName":"chrome","goog:chromeOptions":{"binary":"C:\\Program Files\\Google\\Chrome\\Application\\chrome.exe","args":["--start-maximized"]}},"logLevel":"warn","connectionRetryTimeout":120000,"connectionRetryCount":3,"logLevels":{},"enableDirectConnect":true,"strictSSL":true,"_":"65 more keys: [\"cacheDir\",\"port\",\"requestedCapabilities\",\"automationProtocol\",\"baseUrl\",\"waitforInterval\",\"waitforTimeout\",\"onReload\",\"beforeCommand\",\"afterCommand\",\"rootDir\",\"specs\",\"suites\",\"exclude\",\"groupLogsByTestSpec\",\"excludeDriverLogs\",\"bail\",\"framework\",\"reporters\",\"services\",\"maxInstances\",\"maxInstancesPerCapability\",\"injectGlobals\",\"filesToWatch\",\"execArgv\",\"runnerEnv\",\"runner\",\"shard\",\"specFileRetries\",\"specFileRetriesDelay\",\"specFileRetriesDeferred\",\"reporterSyncInterval\",\"reporterSyncTimeout\",\"cucumberFeaturesWithLineNumbers\",\"autoCompileOpts\",\"mochaOpts\",\"jasmineOpts\",\"cucumberOpts\",\"onPrepare\",\"onWorkerStart\",\"onWorkerEnd\",\"before\",\"beforeSession\",\"beforeSuite\",\"beforeHook\",\"beforeTest\",\"afterTest\",\"afterHook\",\"afterSuite\",\"afterSession\",\"after\",\"onComplete\",\"beforeAssertion\",\"afterAssertion\",\"beforeFeature\",\"beforeScenario\",\"beforeStep\",\"afterStep\",\"afterScenario\",\"afterFeature\",\"_\",\"suite\",\"$0\",\"ignoredWorkerServices\",\"wdi5\"]"}]}
COMMAND: POST /session/700a0ab92761895b5ec9a5372f8d46fb/execute/async - {"script":"<script> [21126 bytes]","args":[35000]}
RESULT: {"script":"<script> [21126 bytes]","args":[35000]}
COMMAND: POST /session/700a0ab92761895b5ec9a5372f8d46fb/window/maximize - {}
RESULT: {}
COMMAND: POST /session/700a0ab92761895b5ec9a5372f8d46fb/execute/async - {"script":"<script> [1562 bytes]","args":[{"selector":{"id":"shell-header","interaction":{"idSuffix":"icon"}},"wdio_ui5_key":"shellheader"}]}
COMMAND: GET /session/700a0ab92761895b5ec9a5372f8d46fb/screenshot - {}
RESULT: {"script":"<script> [1562 bytes]","args":[{"selector":{"id":"shell-header","interaction":{"idSuffix":"icon"}},"wdio_ui5_key":"shellheader"}]}
RESULT: undefined
]]></system-out>
    </testcase>
  </testsuite>
  <testsuite timestamp="2025-04-24T17:37:18" time="424.704" tests="6" failures="0" errors="0" skipped="0">
    <properties>
      <property name="specId" value="0" />
      <property name="suiteName" value="Return from Site w/ warehouse management w/ clarification US125588" />
      <property name="capabilities" value="chrome.135_0_7049_96.windows" />
      <property name="file" value="file:///D:/a/1/s/test/specs/HTR/return-from-site-w-warehouse-management-w-clarification.spec.js" />
    </properties>
    <testcase classname="chrome.135_0_7049_96.windows.Return_from_Site_w/_warehouse_management_w/_clarification_US125588" name="Should create a WHM yard" time="100.216">
      <system-out><![CDATA[
COMMAND: POST /session/700a0ab92761895b5ec9a5372f8d46fb/execute/async - {"script":"<script> [1562 bytes]","args":[{"selector":{"controlType":"sap.m.GenericTile","properties":{"header":"Manage Yards"}},"wdio_ui5_key":"sapm.GenericTile{\"header\":\"Manage Yards\"}"}]}
RESULT: {}
RESULT: {"script":"<script> [1562 bytes]","args":[{"selector":{"controlType":"sap.m.GenericTile","properties":{"header":"Manage Yards"}},"wdio_ui5_key":"sapm.GenericTile{\"header\":\"Manage Yards\"}"}]}
RESULT: undefined
COMMAND: POST /session/700a0ab92761895b5ec9a5372f8d46fb/element - {"using":"xpath","value":"//*[@id=\"__tile41\"]"}
RESULT: {"using":"xpath","value":"//*[@id=\"__tile41\"]"}
COMMAND: POST /session/700a0ab92761895b5ec9a5372f8d46fb/element/f.647512A71DDA687F9F591F39CAC5A62D.d.C47E7836D3D7A5A9AAB92108D802A7FA.e.23553/click - {}
RESULT: {}
COMMAND: POST /session/700a0ab92761895b5ec9a5372f8d46fb/execute/async - {"script":"<script> [1562 bytes]","args":[{"selector":{"controlType":"sap.ui.core.Icon","viewName":"etm.portal.ui.manageyards.view.Master","viewId":"application-manageyards-display-component---masterYard","properties":{"src":{"regex":{"source":"add"}}}},"wdio_ui5_key":"etmportal.ui.manageyards.view.Mastersap.ui.core.Icon{\"src\":{\"regex\":{\"source\":\"add\"}}}"}]}
COMMAND: GET /session/700a0ab92761895b5ec9a5372f8d46fb/screenshot - {}
RESULT: {"script":"<script> [1562 bytes]","args":[{"selector":{"controlType":"sap.ui.core.Icon","viewName":"etm.portal.ui.manageyards.view.Master","viewId":"application-manageyards-display-component---masterYard","properties":{"src":{"regex":{"source":"add"}}}},"wdio_ui5_key":"etmportal.ui.manageyards.view.Mastersap.ui.core.Icon{\"src\":{\"regex\":{\"source\":\"add\"}}}"}]}
RESULT: undefined
COMMAND: POST /session/700a0ab92761895b5ec9a5372f8d46fb/element - {"using":"xpath","value":"//*[@id=\"__button4-img\"]"}
RESULT: {}
RESULT: {"using":"xpath","value":"//*[@id=\"__button4-img\"]"}
COMMAND: POST /session/700a0ab92761895b5ec9a5372f8d46fb/element/f.647512A71DDA687F9F591F39CAC5A62D.d.C47E7836D3D7A5A9AAB92108D802A7FA.e.23697/click - {}
RESULT: {}
COMMAND: POST /session/700a0ab92761895b5ec9a5372f8d46fb/execute/async - {"script":"<script> [1562 bytes]","args":[{"selector":{"id":"application-manageyards-display-component---NewYard--addressDetailDetailsName1","interaction":{"idSuffix":"inner"}},"wdio_ui5_key":"applicationmanageyards-display-component---NewYard--addressDetailDetailsName1"}]}
COMMAND: GET /session/700a0ab92761895b5ec9a5372f8d46fb/screenshot - {}
RESULT: {"script":"<script> [1562 bytes]","args":[{"selector":{"id":"application-manageyards-display-component---NewYard--addressDetailDetailsName1","interaction":{"idSuffix":"inner"}},"wdio_ui5_key":"applicationmanageyards-display-component---NewYard--addressDetailDetailsName1"}]}
RESULT: undefined
COMMAND: POST /session/700a0ab92761895b5ec9a5372f8d46fb/execute/async - {"script":"<script> [776 bytes]","args":[{"enterText":"warehouse managed Yard","selector":{"id":"application-manageyards-display-component---NewYard--addressDetailDetailsName1","interaction":{"idSuffix":"inner"}},"clearTextFirst":true,"interactionType":"ENTER_TEXT"}]}
RESULT: {}
RESULT: {"script":"<script> [776 bytes]","args":[{"enterText":"warehouse managed Yard","selector":{"id":"application-manageyards-display-component---NewYard--addressDetailDetailsName1","interaction":{"idSuffix":"inner"}},"clearTextFirst":true,"interactionType":"ENTER_TEXT"}]}
COMMAND: POST /session/700a0ab92761895b5ec9a5372f8d46fb/execute/async - {"script":"<script> [1562 bytes]","args":[{"selector":{"id":"application-manageyards-display-component---NewYard--addressDetailDetailsLanguage-arrow"},"wdio_ui5_key":"applicationmanageyards-display-component---NewYard--addressDetailDetailsLanguage-arrow"}]}
RESULT: {"script":"<script> [1562 bytes]","args":[{"selector":{"id":"application-manageyards-display-component---NewYard--addressDetailDetailsLanguage-arrow"},"wdio_ui5_key":"applicationmanageyards-display-component---NewYard--addressDetailDetailsLanguage-arrow"}]}
RESULT: undefined
COMMAND: POST /session/700a0ab92761895b5ec9a5372f8d46fb/element - {"using":"xpath","value":"//*[@id=\"application-manageyards-display-component---NewYard--addressDetailDetailsLanguage-arrow\"]"}
RESULT: {"using":"xpath","value":"//*[@id=\"application-manageyards-display-component---NewYard--addressDetailDetailsLanguage-arrow\"]"}
COMMAND: POST /session/700a0ab92761895b5ec9a5372f8d46fb/element/f.647512A71DDA687F9F591F39CAC5A62D.d.C47E7836D3D7A5A9AAB92108D802A7FA.e.24004/click - {}
RESULT: {}
COMMAND: POST /session/700a0ab92761895b5ec9a5372f8d46fb/execute/async - {"script":"<script> [1562 bytes]","args":[{"selector":{"controlType":"sap.m.StandardListItem","viewName":"etm.portal.ui.manageyards.view.New","viewId":"application-manageyards-display-component---NewYard","properties":{"title":"English"},"searchOpenDialogs":true,"interaction":{"idSuffix":"content"}},"wdio_ui5_key":"etmportal.ui.manageyards.view.Newsap.m.StandardListItem{\"title\":\"English\"}"}]}
COMMAND: GET /session/700a0ab92761895b5ec9a5372f8d46fb/screenshot - {}
RESULT: {"script":"<script> [1562 bytes]","args":[{"selector":{"controlType":"sap.m.StandardListItem","viewName":"etm.portal.ui.manageyards.view.New","viewId":"application-manageyards-display-component---NewYard","properties":{"title":"English"},"searchOpenDialogs":true,"interaction":{"idSuffix":"content"}},"wdio_ui5_key":"etmportal.ui.manageyards.view.Newsap.m.StandardListItem{\"title\":\"English\"}"}]}
RESULT: undefined
COMMAND: POST /session/700a0ab92761895b5ec9a5372f8d46fb/element - {"using":"xpath","value":"//*[@id=\"__item101\"]"}
RESULT: {}
RESULT: {"using":"xpath","value":"//*[@id=\"__item101\"]"}
COMMAND: POST /session/700a0ab92761895b5ec9a5372f8d46fb/element/f.647512A71DDA687F9F591F39CAC5A62D.d.C47E7836D3D7A5A9AAB92108D802A7FA.e.24006/click - {}
RESULT: {}
COMMAND: POST /session/700a0ab92761895b5ec9a5372f8d46fb/execute/async - {"script":"<script> [1562 bytes]","args":[{"selector":{"id":"application-manageyards-display-component---NewYard--addressDetailDetailsCity1","interaction":{"idSuffix":"inner"}},"wdio_ui5_key":"applicationmanageyards-display-component---NewYard--addressDetailDetailsCity1"}]}
COMMAND: GET /session/700a0ab92761895b5ec9a5372f8d46fb/screenshot - {}
RESULT: {"script":"<script> [1562 bytes]","args":[{"selector":{"id":"application-manageyards-display-component---NewYard--addressDetailDetailsCity1","interaction":{"idSuffix":"inner"}},"wdio_ui5_key":"applicationmanageyards-display-component---NewYard--addressDetailDetailsCity1"}]}
RESULT: undefined
COMMAND: POST /session/700a0ab92761895b5ec9a5372f8d46fb/execute/async - {"script":"<script> [776 bytes]","args":[{"enterText":"Rosario","selector":{"id":"application-manageyards-display-component---NewYard--addressDetailDetailsCity1","interaction":{"idSuffix":"inner"}},"clearTextFirst":true,"interactionType":"ENTER_TEXT"}]}
RESULT: {}
RESULT: {"script":"<script> [776 bytes]","args":[{"enterText":"Rosario","selector":{"id":"application-manageyards-display-component---NewYard--addressDetailDetailsCity1","interaction":{"idSuffix":"inner"}},"clearTextFirst":true,"interactionType":"ENTER_TEXT"}]}
COMMAND: POST /session/700a0ab92761895b5ec9a5372f8d46fb/execute/async - {"script":"<script> [1562 bytes]","args":[{"selector":{"id":"application-manageyards-display-component---NewYard--addressDetailDetailsCountry-arrow"},"wdio_ui5_key":"applicationmanageyards-display-component---NewYard--addressDetailDetailsCountry-arrow"}]}
RESULT: {"script":"<script> [1562 bytes]","args":[{"selector":{"id":"application-manageyards-display-component---NewYard--addressDetailDetailsCountry-arrow"},"wdio_ui5_key":"applicationmanageyards-display-component---NewYard--addressDetailDetailsCountry-arrow"}]}
RESULT: undefined
COMMAND: POST /session/700a0ab92761895b5ec9a5372f8d46fb/element - {"using":"xpath","value":"//*[@id=\"application-manageyards-display-component---NewYard--addressDetailDetailsCountry-arrow\"]"}
RESULT: {"using":"xpath","value":"//*[@id=\"application-manageyards-display-component---NewYard--addressDetailDetailsCountry-arrow\"]"}
COMMAND: POST /session/700a0ab92761895b5ec9a5372f8d46fb/element/f.647512A71DDA687F9F591F39CAC5A62D.d.C47E7836D3D7A5A9AAB92108D802A7FA.e.23987/click - {}
RESULT: {}
COMMAND: POST /session/700a0ab92761895b5ec9a5372f8d46fb/execute/async - {"script":"<script> [1562 bytes]","args":[{"selector":{"controlType":"sap.m.StandardListItem","viewName":"etm.portal.ui.manageyards.view.New","viewId":"application-manageyards-display-component---NewYard","properties":{"title":"Argentina"},"searchOpenDialogs":true,"interaction":{"idSuffix":"content"}},"wdio_ui5_key":"etmportal.ui.manageyards.view.Newsap.m.StandardListItem{\"title\":\"Argentina\"}"}]}
COMMAND: GET /session/700a0ab92761895b5ec9a5372f8d46fb/screenshot - {}
RESULT: {"script":"<script> [1562 bytes]","args":[{"selector":{"controlType":"sap.m.StandardListItem","viewName":"etm.portal.ui.manageyards.view.New","viewId":"application-manageyards-display-component---NewYard","properties":{"title":"Argentina"},"searchOpenDialogs":true,"interaction":{"idSuffix":"content"}},"wdio_ui5_key":"etmportal.ui.manageyards.view.Newsap.m.StandardListItem{\"title\":\"Argentina\"}"}]}
RESULT: undefined
COMMAND: POST /session/700a0ab92761895b5ec9a5372f8d46fb/element - {"using":"xpath","value":"//*[@id=\"__item144\"]"}
RESULT: {}
RESULT: {"using":"xpath","value":"//*[@id=\"__item144\"]"}
COMMAND: POST /session/700a0ab92761895b5ec9a5372f8d46fb/element/f.647512A71DDA687F9F591F39CAC5A62D.d.C47E7836D3D7A5A9AAB92108D802A7FA.e.24010/click - {}
RESULT: {}
COMMAND: POST /session/700a0ab92761895b5ec9a5372f8d46fb/execute/async - {"script":"<script> [1562 bytes]","args":[{"selector":{"controlType":"sap.m.Button","viewName":"etm.portal.ui.manageyards.view.New","viewId":"application-manageyards-display-component---NewYard","properties":{"text":"Commercial"},"interaction":{"idSuffix":"BDI-content"}},"wdio_ui5_key":"etmportal.ui.manageyards.view.Newsap.m.Button{\"text\":\"Commercial\"}"}]}
COMMAND: GET /session/700a0ab92761895b5ec9a5372f8d46fb/screenshot - {}
RESULT: {"script":"<script> [1562 bytes]","args":[{"selector":{"controlType":"sap.m.Button","viewName":"etm.portal.ui.manageyards.view.New","viewId":"application-manageyards-display-component---NewYard","properties":{"text":"Commercial"},"interaction":{"idSuffix":"BDI-content"}},"wdio_ui5_key":"etmportal.ui.manageyards.view.Newsap.m.Button{\"text\":\"Commercial\"}"}]}
RESULT: undefined
COMMAND: POST /session/700a0ab92761895b5ec9a5372f8d46fb/element - {"using":"xpath","value":"//*[@id=\"application-manageyards-display-component---NewYard--ObjectPageLayout-anchBar-__section5-anchor\"]"}
RESULT: {}
RESULT: {"using":"xpath","value":"//*[@id=\"application-manageyards-display-component---NewYard--ObjectPageLayout-anchBar-__section5-anchor\"]"}
COMMAND: POST /session/700a0ab92761895b5ec9a5372f8d46fb/element/f.647512A71DDA687F9F591F39CAC5A62D.d.C47E7836D3D7A5A9AAB92108D802A7FA.e.24012/click - {}
RESULT: {}
COMMAND: GET /session/700a0ab92761895b5ec9a5372f8d46fb/screenshot - {}
RESULT: {}
COMMAND: POST /session/700a0ab92761895b5ec9a5372f8d46fb/execute/async - {"script":"<script> [1562 bytes]","args":[{"selector":{"id":"application-manageyards-display-component---NewYard--addressEditDetailsCostObjectCstType-arrow"},"wdio_ui5_key":"applicationmanageyards-display-component---NewYard--addressEditDetailsCostObjectCstType-arrow"}]}
RESULT: {"script":"<script> [1562 bytes]","args":[{"selector":{"id":"application-manageyards-display-component---NewYard--addressEditDetailsCostObjectCstType-arrow"},"wdio_ui5_key":"applicationmanageyards-display-component---NewYard--addressEditDetailsCostObjectCstType-arrow"}]}
RESULT: undefined
COMMAND: POST /session/700a0ab92761895b5ec9a5372f8d46fb/element - {"using":"xpath","value":"//*[@id=\"application-manageyards-display-component---NewYard--addressEditDetailsCostObjectCstType-arrow\"]"}
RESULT: {"using":"xpath","value":"//*[@id=\"application-manageyards-display-component---NewYard--addressEditDetailsCostObjectCstType-arrow\"]"}
COMMAND: POST /session/700a0ab92761895b5ec9a5372f8d46fb/element/f.647512A71DDA687F9F591F39CAC5A62D.d.C47E7836D3D7A5A9AAB92108D802A7FA.e.24020/click - {}
RESULT: {}
COMMAND: GET /session/700a0ab92761895b5ec9a5372f8d46fb/screenshot - {}
RESULT: {}
COMMAND: POST /session/700a0ab92761895b5ec9a5372f8d46fb/execute/async - {"script":"<script> [1562 bytes]","args":[{"selector":{"controlType":"sap.m.StandardListItem","viewName":"etm.portal.ui.manageyards.view.New","viewId":"application-manageyards-display-component---NewYard","properties":{"title":"Cost Center"},"searchOpenDialogs":true,"interaction":{"idSuffix":"titleText"}},"wdio_ui5_key":"etmportal.ui.manageyards.view.Newsap.m.StandardListItem{\"title\":\"Cost Center\"}"}]}
RESULT: {"script":"<script> [1562 bytes]","args":[{"selector":{"controlType":"sap.m.StandardListItem","viewName":"etm.portal.ui.manageyards.view.New","viewId":"application-manageyards-display-component---NewYard","properties":{"title":"Cost Center"},"searchOpenDialogs":true,"interaction":{"idSuffix":"titleText"}},"wdio_ui5_key":"etmportal.ui.manageyards.view.Newsap.m.StandardListItem{\"title\":\"Cost Center\"}"}]}
RESULT: undefined
COMMAND: POST /session/700a0ab92761895b5ec9a5372f8d46fb/element - {"using":"xpath","value":"//*[@id=\"__item234\"]"}
RESULT: {"using":"xpath","value":"//*[@id=\"__item234\"]"}
COMMAND: POST /session/700a0ab92761895b5ec9a5372f8d46fb/element/f.647512A71DDA687F9F591F39CAC5A62D.d.C47E7836D3D7A5A9AAB92108D802A7FA.e.24022/click - {}
RESULT: {}
COMMAND: POST /session/700a0ab92761895b5ec9a5372f8d46fb/element - {"using":"xpath","value":"//input[@id=\"application-manageyards-display-component---NewYard--addressNewCostObjectCstID-inner\"]"}
COMMAND: GET /session/700a0ab92761895b5ec9a5372f8d46fb/screenshot - {}
RESULT: {"using":"xpath","value":"//input[@id=\"application-manageyards-display-component---NewYard--addressNewCostObjectCstID-inner\"]"}
COMMAND: POST /session/700a0ab92761895b5ec9a5372f8d46fb/element/f.647512A71DDA687F9F591F39CAC5A62D.d.C47E7836D3D7A5A9AAB92108D802A7FA.e.23828/clear - {}
RESULT: {}
RESULT: {}
COMMAND: POST /session/700a0ab92761895b5ec9a5372f8d46fb/element/f.647512A71DDA687F9F591F39CAC5A62D.d.C47E7836D3D7A5A9AAB92108D802A7FA.e.23828/value - {"text":"10001013"}
COMMAND: GET /session/700a0ab92761895b5ec9a5372f8d46fb/screenshot - {}
RESULT: {"text":"10001013"}
COMMAND: GET /session/700a0ab92761895b5ec9a5372f8d46fb/screenshot - {}
RESULT: {}
RESULT: {}
COMMAND: POST /session/700a0ab92761895b5ec9a5372f8d46fb/execute/async - {"script":"<script> [1562 bytes]","args":[{"selector":{"controlType":"sap.m.StandardListItem","viewName":"etm.portal.ui.manageyards.view.New","viewId":"application-manageyards-display-component---NewYard","properties":{"type":"Active"},"searchOpenDialogs":true,"interaction":{"idSuffix":"titleText"}},"wdio_ui5_key":"etmportal.ui.manageyards.view.Newsap.m.StandardListItem{\"type\":\"Active\"}"}]}
RESULT: {"script":"<script> [1562 bytes]","args":[{"selector":{"controlType":"sap.m.StandardListItem","viewName":"etm.portal.ui.manageyards.view.New","viewId":"application-manageyards-display-component---NewYard","properties":{"type":"Active"},"searchOpenDialogs":true,"interaction":{"idSuffix":"titleText"}},"wdio_ui5_key":"etmportal.ui.manageyards.view.Newsap.m.StandardListItem{\"type\":\"Active\"}"}]}
RESULT: undefined
COMMAND: POST /session/700a0ab92761895b5ec9a5372f8d46fb/element - {"using":"xpath","value":"//*[@id=\"__item239\"]"}
RESULT: {"using":"xpath","value":"//*[@id=\"__item239\"]"}
COMMAND: POST /session/700a0ab92761895b5ec9a5372f8d46fb/element/f.647512A71DDA687F9F591F39CAC5A62D.d.C47E7836D3D7A5A9AAB92108D802A7FA.e.24028/click - {}
RESULT: {}
COMMAND: POST /session/700a0ab92761895b5ec9a5372f8d46fb/execute/async - {"script":"<script> [1562 bytes]","args":[{"selector":{"id":"application-manageyards-display-component---NewYard--addressEditDetailsCurrency-arrow"},"wdio_ui5_key":"applicationmanageyards-display-component---NewYard--addressEditDetailsCurrency-arrow"}]}
COMMAND: GET /session/700a0ab92761895b5ec9a5372f8d46fb/screenshot - {}
RESULT: {"script":"<script> [1562 bytes]","args":[{"selector":{"id":"application-manageyards-display-component---NewYard--addressEditDetailsCurrency-arrow"},"wdio_ui5_key":"applicationmanageyards-display-component---NewYard--addressEditDetailsCurrency-arrow"}]}
RESULT: undefined
COMMAND: POST /session/700a0ab92761895b5ec9a5372f8d46fb/element - {"using":"xpath","value":"//*[@id=\"application-manageyards-display-component---NewYard--addressEditDetailsCurrency-arrow\"]"}
RESULT: {}
RESULT: {"using":"xpath","value":"//*[@id=\"application-manageyards-display-component---NewYard--addressEditDetailsCurrency-arrow\"]"}
COMMAND: POST /session/700a0ab92761895b5ec9a5372f8d46fb/element/f.647512A71DDA687F9F591F39CAC5A62D.d.C47E7836D3D7A5A9AAB92108D802A7FA.e.24030/click - {}
RESULT: {}
COMMAND: POST /session/700a0ab92761895b5ec9a5372f8d46fb/execute/async - {"script":"<script> [1562 bytes]","args":[{"selector":{"controlType":"sap.m.StandardListItem","viewName":"etm.portal.ui.manageyards.view.New","viewId":"application-manageyards-display-component---NewYard","properties":{"title":"Euro"},"searchOpenDialogs":true,"interaction":{"idSuffix":"content"}},"wdio_ui5_key":"etmportal.ui.manageyards.view.Newsap.m.StandardListItem{\"title\":\"Euro\"}"}]}
COMMAND: GET /session/700a0ab92761895b5ec9a5372f8d46fb/screenshot - {}
RESULT: {"script":"<script> [1562 bytes]","args":[{"selector":{"controlType":"sap.m.StandardListItem","viewName":"etm.portal.ui.manageyards.view.New","viewId":"application-manageyards-display-component---NewYard","properties":{"title":"Euro"},"searchOpenDialogs":true,"interaction":{"idSuffix":"content"}},"wdio_ui5_key":"etmportal.ui.manageyards.view.Newsap.m.StandardListItem{\"title\":\"Euro\"}"}]}
RESULT: undefined
COMMAND: POST /session/700a0ab92761895b5ec9a5372f8d46fb/element - {"using":"xpath","value":"//*[@id=\"__item240\"]"}
RESULT: {}
RESULT: {"using":"xpath","value":"//*[@id=\"__item240\"]"}
COMMAND: POST /session/700a0ab92761895b5ec9a5372f8d46fb/element/f.647512A71DDA687F9F591F39CAC5A62D.d.C47E7836D3D7A5A9AAB92108D802A7FA.e.24032/click - {}
RESULT: {}
COMMAND: POST /session/700a0ab92761895b5ec9a5372f8d46fb/execute/async - {"script":"<script> [1562 bytes]","args":[{"selector":{"controlType":"sap.m.Input","viewName":"etm.portal.ui.manageyards.view.New","viewId":"application-manageyards-display-component---NewYard","bindingPath":{"path":"","propertyPath":"/CONTROLLING_AREA","modelName":"NewYardModel"},"interaction":{"idSuffix":"inner"}},"wdio_ui5_key":"etmportal.ui.manageyards.view.Newsap.m.Input{\"path\":\"\",\"propertyPath\":\"/CONTROLLING_AREA\",\"modelName\":\"NewYardModel\"}"}]}
COMMAND: GET /session/700a0ab92761895b5ec9a5372f8d46fb/screenshot - {}
RESULT: {"script":"<script> [1562 bytes]","args":[{"selector":{"controlType":"sap.m.Input","viewName":"etm.portal.ui.manageyards.view.New","viewId":"application-manageyards-display-component---NewYard","bindingPath":{"path":"","propertyPath":"/CONTROLLING_AREA","modelName":"NewYardModel"},"interaction":{"idSuffix":"inner"}},"wdio_ui5_key":"etmportal.ui.manageyards.view.Newsap.m.Input{\"path\":\"\",\"propertyPath\":\"/CONTROLLING_AREA\",\"modelName\":\"NewYardModel\"}"}]}
RESULT: undefined
COMMAND: POST /session/700a0ab92761895b5ec9a5372f8d46fb/execute/async - {"script":"<script> [776 bytes]","args":[{"enterText":"Z001","selector":{"controlType":"sap.m.Input","viewName":"etm.portal.ui.manageyards.view.New","viewId":"application-manageyards-display-component---NewYard","bindingPath":{"path":"","propertyPath":"/CONTROLLING_AREA","modelName":"NewYardModel"},"interaction":{"idSuffix":"inner"}},"clearTextFirst":true,"interactionType":"ENTER_TEXT"}]}
RESULT: {}
RESULT: {"script":"<script> [776 bytes]","args":[{"enterText":"Z001","selector":{"controlType":"sap.m.Input","viewName":"etm.portal.ui.manageyards.view.New","viewId":"application-manageyards-display-component---NewYard","bindingPath":{"path":"","propertyPath":"/CONTROLLING_AREA","modelName":"NewYardModel"},"interaction":{"idSuffix":"inner"}},"clearTextFirst":true,"interactionType":"ENTER_TEXT"}]}
COMMAND: POST /session/700a0ab92761895b5ec9a5372f8d46fb/execute/async - {"script":"<script> [1562 bytes]","args":[{"selector":{"id":"application-manageyards-display-component---NewYard--companyCodeComboBox","interaction":{"idSuffix":"inner"}},"wdio_ui5_key":"applicationmanageyards-display-component---NewYard--companyCodeComboBox"}]}
RESULT: {"script":"<script> [1562 bytes]","args":[{"selector":{"id":"application-manageyards-display-component---NewYard--companyCodeComboBox","interaction":{"idSuffix":"inner"}},"wdio_ui5_key":"applicationmanageyards-display-component---NewYard--companyCodeComboBox"}]}
RESULT: undefined
COMMAND: POST /session/700a0ab92761895b5ec9a5372f8d46fb/execute/async - {"script":"<script> [776 bytes]","args":[{"enterText":"1000","selector":{"id":"application-manageyards-display-component---NewYard--companyCodeComboBox","interaction":{"idSuffix":"inner"}},"clearTextFirst":true,"interactionType":"ENTER_TEXT"}]}
RESULT: {"script":"<script> [776 bytes]","args":[{"enterText":"1000","selector":{"id":"application-manageyards-display-component---NewYard--companyCodeComboBox","interaction":{"idSuffix":"inner"}},"clearTextFirst":true,"interactionType":"ENTER_TEXT"}]}
COMMAND: POST /session/700a0ab92761895b5ec9a5372f8d46fb/execute/async - {"script":"<script> [1562 bytes]","args":[{"selector":{"controlType":"sap.m.Input","viewName":"etm.portal.ui.manageyards.view.New","viewId":"application-manageyards-display-component---NewYard","bindingPath":{"path":"","propertyPath":"/PLANT","modelName":"NewYardModel"},"interaction":{"idSuffix":"inner"}},"wdio_ui5_key":"etmportal.ui.manageyards.view.Newsap.m.Input{\"path\":\"\",\"propertyPath\":\"/PLANT\",\"modelName\":\"NewYardModel\"}"}]}
RESULT: {"script":"<script> [1562 bytes]","args":[{"selector":{"controlType":"sap.m.Input","viewName":"etm.portal.ui.manageyards.view.New","viewId":"application-manageyards-display-component---NewYard","bindingPath":{"path":"","propertyPath":"/PLANT","modelName":"NewYardModel"},"interaction":{"idSuffix":"inner"}},"wdio_ui5_key":"etmportal.ui.manageyards.view.Newsap.m.Input{\"path\":\"\",\"propertyPath\":\"/PLANT\",\"modelName\":\"NewYardModel\"}"}]}
RESULT: undefined
COMMAND: POST /session/700a0ab92761895b5ec9a5372f8d46fb/execute/async - {"script":"<script> [776 bytes]","args":[{"enterText":"1001","selector":{"controlType":"sap.m.Input","viewName":"etm.portal.ui.manageyards.view.New","viewId":"application-manageyards-display-component---NewYard","bindingPath":{"path":"","propertyPath":"/PLANT","modelName":"NewYardModel"},"interaction":{"idSuffix":"inner"}},"clearTextFirst":true,"interactionType":"ENTER_TEXT"}]}
RESULT: {"script":"<script> [776 bytes]","args":[{"enterText":"1001","selector":{"controlType":"sap.m.Input","viewName":"etm.portal.ui.manageyards.view.New","viewId":"application-manageyards-display-component---NewYard","bindingPath":{"path":"","propertyPath":"/PLANT","modelName":"NewYardModel"},"interaction":{"idSuffix":"inner"}},"clearTextFirst":true,"interactionType":"ENTER_TEXT"}]}
COMMAND: POST /session/700a0ab92761895b5ec9a5372f8d46fb/execute/async - {"script":"<script> [1562 bytes]","args":[{"selector":{"controlType":"sap.m.Input","viewName":"etm.portal.ui.manageyards.view.New","viewId":"application-manageyards-display-component---NewYard","bindingPath":{"path":"","propertyPath":"/SALES_AREA_VKORG","modelName":"NewYardModel"},"interaction":{"idSuffix":"inner"}},"wdio_ui5_key":"etmportal.ui.manageyards.view.Newsap.m.Input{\"path\":\"\",\"propertyPath\":\"/SALES_AREA_VKORG\",\"modelName\":\"NewYardModel\"}"}]}
RESULT: {"script":"<script> [1562 bytes]","args":[{"selector":{"controlType":"sap.m.Input","viewName":"etm.portal.ui.manageyards.view.New","viewId":"application-manageyards-display-component---NewYard","bindingPath":{"path":"","propertyPath":"/SALES_AREA_VKORG","modelName":"NewYardModel"},"interaction":{"idSuffix":"inner"}},"wdio_ui5_key":"etmportal.ui.manageyards.view.Newsap.m.Input{\"path\":\"\",\"propertyPath\":\"/SALES_AREA_VKORG\",\"modelName\":\"NewYardModel\"}"}]}
RESULT: undefined
COMMAND: POST /session/700a0ab92761895b5ec9a5372f8d46fb/execute/async - {"script":"<script> [776 bytes]","args":[{"enterText":"C002","selector":{"controlType":"sap.m.Input","viewName":"etm.portal.ui.manageyards.view.New","viewId":"application-manageyards-display-component---NewYard","bindingPath":{"path":"","propertyPath":"/SALES_AREA_VKORG","modelName":"NewYardModel"},"interaction":{"idSuffix":"inner"}},"clearTextFirst":true,"interactionType":"ENTER_TEXT"}]}
RESULT: {"script":"<script> [776 bytes]","args":[{"enterText":"C002","selector":{"controlType":"sap.m.Input","viewName":"etm.portal.ui.manageyards.view.New","viewId":"application-manageyards-display-component---NewYard","bindingPath":{"path":"","propertyPath":"/SALES_AREA_VKORG","modelName":"NewYardModel"},"interaction":{"idSuffix":"inner"}},"clearTextFirst":true,"interactionType":"ENTER_TEXT"}]}
COMMAND: POST /session/700a0ab92761895b5ec9a5372f8d46fb/execute/async - {"script":"<script> [1562 bytes]","args":[{"selector":{"controlType":"sap.m.Input","viewName":"etm.portal.ui.manageyards.view.New","viewId":"application-manageyards-display-component---NewYard","bindingPath":{"path":"","propertyPath":"/SALES_AREA_VTWEG","modelName":"NewYardModel"},"interaction":{"idSuffix":"inner"}},"wdio_ui5_key":"etmportal.ui.manageyards.view.Newsap.m.Input{\"path\":\"\",\"propertyPath\":\"/SALES_AREA_VTWEG\",\"modelName\":\"NewYardModel\"}"}]}
RESULT: {"script":"<script> [1562 bytes]","args":[{"selector":{"controlType":"sap.m.Input","viewName":"etm.portal.ui.manageyards.view.New","viewId":"application-manageyards-display-component---NewYard","bindingPath":{"path":"","propertyPath":"/SALES_AREA_VTWEG","modelName":"NewYardModel"},"interaction":{"idSuffix":"inner"}},"wdio_ui5_key":"etmportal.ui.manageyards.view.Newsap.m.Input{\"path\":\"\",\"propertyPath\":\"/SALES_AREA_VTWEG\",\"modelName\":\"NewYardModel\"}"}]}
RESULT: undefined
COMMAND: POST /session/700a0ab92761895b5ec9a5372f8d46fb/execute/async - {"script":"<script> [776 bytes]","args":[{"enterText":"C2","selector":{"controlType":"sap.m.Input","viewName":"etm.portal.ui.manageyards.view.New","viewId":"application-manageyards-display-component---NewYard","bindingPath":{"path":"","propertyPath":"/SALES_AREA_VTWEG","modelName":"NewYardModel"},"interaction":{"idSuffix":"inner"}},"clearTextFirst":true,"interactionType":"ENTER_TEXT"}]}
RESULT: {"script":"<script> [776 bytes]","args":[{"enterText":"C2","selector":{"controlType":"sap.m.Input","viewName":"etm.portal.ui.manageyards.view.New","viewId":"application-manageyards-display-component---NewYard","bindingPath":{"path":"","propertyPath":"/SALES_AREA_VTWEG","modelName":"NewYardModel"},"interaction":{"idSuffix":"inner"}},"clearTextFirst":true,"interactionType":"ENTER_TEXT"}]}
COMMAND: POST /session/700a0ab92761895b5ec9a5372f8d46fb/execute/async - {"script":"<script> [1562 bytes]","args":[{"selector":{"controlType":"sap.m.Input","viewName":"etm.portal.ui.manageyards.view.New","viewId":"application-manageyards-display-component---NewYard","bindingPath":{"path":"","propertyPath":"/SALES_AREA_SPART","modelName":"NewYardModel"},"interaction":{"idSuffix":"inner"}},"wdio_ui5_key":"etmportal.ui.manageyards.view.Newsap.m.Input{\"path\":\"\",\"propertyPath\":\"/SALES_AREA_SPART\",\"modelName\":\"NewYardModel\"}"}]}
RESULT: {"script":"<script> [1562 bytes]","args":[{"selector":{"controlType":"sap.m.Input","viewName":"etm.portal.ui.manageyards.view.New","viewId":"application-manageyards-display-component---NewYard","bindingPath":{"path":"","propertyPath":"/SALES_AREA_SPART","modelName":"NewYardModel"},"interaction":{"idSuffix":"inner"}},"wdio_ui5_key":"etmportal.ui.manageyards.view.Newsap.m.Input{\"path\":\"\",\"propertyPath\":\"/SALES_AREA_SPART\",\"modelName\":\"NewYardModel\"}"}]}
RESULT: undefined
COMMAND: POST /session/700a0ab92761895b5ec9a5372f8d46fb/execute/async - {"script":"<script> [776 bytes]","args":[{"enterText":"C2","selector":{"controlType":"sap.m.Input","viewName":"etm.portal.ui.manageyards.view.New","viewId":"application-manageyards-display-component---NewYard","bindingPath":{"path":"","propertyPath":"/SALES_AREA_SPART","modelName":"NewYardModel"},"interaction":{"idSuffix":"inner"}},"clearTextFirst":true,"interactionType":"ENTER_TEXT"}]}
RESULT: {"script":"<script> [776 bytes]","args":[{"enterText":"C2","selector":{"controlType":"sap.m.Input","viewName":"etm.portal.ui.manageyards.view.New","viewId":"application-manageyards-display-component---NewYard","bindingPath":{"path":"","propertyPath":"/SALES_AREA_SPART","modelName":"NewYardModel"},"interaction":{"idSuffix":"inner"}},"clearTextFirst":true,"interactionType":"ENTER_TEXT"}]}
COMMAND: POST /session/700a0ab92761895b5ec9a5372f8d46fb/execute/async - {"script":"<script> [1562 bytes]","args":[{"selector":{"controlType":"sap.m.Input","viewName":"etm.portal.ui.manageyards.view.New","viewId":"application-manageyards-display-component---NewYard","bindingPath":{"path":"","propertyPath":"/SHIP_POINT","modelName":"NewYardModel"},"interaction":{"idSuffix":"inner"}},"wdio_ui5_key":"etmportal.ui.manageyards.view.Newsap.m.Input{\"path\":\"\",\"propertyPath\":\"/SHIP_POINT\",\"modelName\":\"NewYardModel\"}"}]}
RESULT: {"script":"<script> [1562 bytes]","args":[{"selector":{"controlType":"sap.m.Input","viewName":"etm.portal.ui.manageyards.view.New","viewId":"application-manageyards-display-component---NewYard","bindingPath":{"path":"","propertyPath":"/SHIP_POINT","modelName":"NewYardModel"},"interaction":{"idSuffix":"inner"}},"wdio_ui5_key":"etmportal.ui.manageyards.view.Newsap.m.Input{\"path\":\"\",\"propertyPath\":\"/SHIP_POINT\",\"modelName\":\"NewYardModel\"}"}]}
RESULT: undefined
COMMAND: POST /session/700a0ab92761895b5ec9a5372f8d46fb/execute/async - {"script":"<script> [776 bytes]","args":[{"enterText":"1710","selector":{"controlType":"sap.m.Input","viewName":"etm.portal.ui.manageyards.view.New","viewId":"application-manageyards-display-component---NewYard","bindingPath":{"path":"","propertyPath":"/SHIP_POINT","modelName":"NewYardModel"},"interaction":{"idSuffix":"inner"}},"clearTextFirst":true,"interactionType":"ENTER_TEXT"}]}
RESULT: {"script":"<script> [776 bytes]","args":[{"enterText":"1710","selector":{"controlType":"sap.m.Input","viewName":"etm.portal.ui.manageyards.view.New","viewId":"application-manageyards-display-component---NewYard","bindingPath":{"path":"","propertyPath":"/SHIP_POINT","modelName":"NewYardModel"},"interaction":{"idSuffix":"inner"}},"clearTextFirst":true,"interactionType":"ENTER_TEXT"}]}
COMMAND: POST /session/700a0ab92761895b5ec9a5372f8d46fb/execute/async - {"script":"<script> [1562 bytes]","args":[{"selector":{"controlType":"sap.m.Input","viewName":"etm.portal.ui.manageyards.view.New","viewId":"application-manageyards-display-component---NewYard","bindingPath":{"path":"","propertyPath":"/DELIVERY_TYPE","modelName":"NewYardModel"},"interaction":{"idSuffix":"inner"}},"wdio_ui5_key":"etmportal.ui.manageyards.view.Newsap.m.Input{\"path\":\"\",\"propertyPath\":\"/DELIVERY_TYPE\",\"modelName\":\"NewYardModel\"}"}]}
RESULT: {"script":"<script> [1562 bytes]","args":[{"selector":{"controlType":"sap.m.Input","viewName":"etm.portal.ui.manageyards.view.New","viewId":"application-manageyards-display-component---NewYard","bindingPath":{"path":"","propertyPath":"/DELIVERY_TYPE","modelName":"NewYardModel"},"interaction":{"idSuffix":"inner"}},"wdio_ui5_key":"etmportal.ui.manageyards.view.Newsap.m.Input{\"path\":\"\",\"propertyPath\":\"/DELIVERY_TYPE\",\"modelName\":\"NewYardModel\"}"}]}
RESULT: undefined
COMMAND: POST /session/700a0ab92761895b5ec9a5372f8d46fb/execute/async - {"script":"<script> [776 bytes]","args":[{"enterText":"ZL01","selector":{"controlType":"sap.m.Input","viewName":"etm.portal.ui.manageyards.view.New","viewId":"application-manageyards-display-component---NewYard","bindingPath":{"path":"","propertyPath":"/DELIVERY_TYPE","modelName":"NewYardModel"},"interaction":{"idSuffix":"inner"}},"clearTextFirst":true,"interactionType":"ENTER_TEXT"}]}
RESULT: {"script":"<script> [776 bytes]","args":[{"enterText":"ZL01","selector":{"controlType":"sap.m.Input","viewName":"etm.portal.ui.manageyards.view.New","viewId":"application-manageyards-display-component---NewYard","bindingPath":{"path":"","propertyPath":"/DELIVERY_TYPE","modelName":"NewYardModel"},"interaction":{"idSuffix":"inner"}},"clearTextFirst":true,"interactionType":"ENTER_TEXT"}]}
COMMAND: POST /session/700a0ab92761895b5ec9a5372f8d46fb/execute/async - {"script":"<script> [1562 bytes]","args":[{"selector":{"controlType":"sap.m.Input","viewName":"etm.portal.ui.manageyards.view.New","viewId":"application-manageyards-display-component---NewYard","bindingPath":{"path":"","propertyPath":"/AUART","modelName":"NewYardModel"},"interaction":{"idSuffix":"inner"}},"wdio_ui5_key":"etmportal.ui.manageyards.view.Newsap.m.Input{\"path\":\"\",\"propertyPath\":\"/AUART\",\"modelName\":\"NewYardModel\"}"}]}
RESULT: {"script":"<script> [1562 bytes]","args":[{"selector":{"controlType":"sap.m.Input","viewName":"etm.portal.ui.manageyards.view.New","viewId":"application-manageyards-display-component---NewYard","bindingPath":{"path":"","propertyPath":"/AUART","modelName":"NewYardModel"},"interaction":{"idSuffix":"inner"}},"wdio_ui5_key":"etmportal.ui.manageyards.view.Newsap.m.Input{\"path\":\"\",\"propertyPath\":\"/AUART\",\"modelName\":\"NewYardModel\"}"}]}
RESULT: undefined
COMMAND: POST /session/700a0ab92761895b5ec9a5372f8d46fb/execute/async - {"script":"<script> [776 bytes]","args":[{"enterText":"TA","selector":{"controlType":"sap.m.Input","viewName":"etm.portal.ui.manageyards.view.New","viewId":"application-manageyards-display-component---NewYard","bindingPath":{"path":"","propertyPath":"/AUART","modelName":"NewYardModel"},"interaction":{"idSuffix":"inner"}},"clearTextFirst":true,"interactionType":"ENTER_TEXT"}]}
RESULT: {"script":"<script> [776 bytes]","args":[{"enterText":"TA","selector":{"controlType":"sap.m.Input","viewName":"etm.portal.ui.manageyards.view.New","viewId":"application-manageyards-display-component---NewYard","bindingPath":{"path":"","propertyPath":"/AUART","modelName":"NewYardModel"},"interaction":{"idSuffix":"inner"}},"clearTextFirst":true,"interactionType":"ENTER_TEXT"}]}
COMMAND: POST /session/700a0ab92761895b5ec9a5372f8d46fb/execute/async - {"script":"<script> [1562 bytes]","args":[{"selector":{"id":"application-manageyards-display-component---NewYard--whmCheckBox","interaction":{"idSuffix":"CbBg"}},"wdio_ui5_key":"applicationmanageyards-display-component---NewYard--whmCheckBox"}]}
RESULT: {"script":"<script> [1562 bytes]","args":[{"selector":{"id":"application-manageyards-display-component---NewYard--whmCheckBox","interaction":{"idSuffix":"CbBg"}},"wdio_ui5_key":"applicationmanageyards-display-component---NewYard--whmCheckBox"}]}
RESULT: undefined
COMMAND: POST /session/700a0ab92761895b5ec9a5372f8d46fb/element - {"using":"xpath","value":"//*[@id=\"application-manageyards-display-component---NewYard--whmCheckBox\"]"}
RESULT: {"using":"xpath","value":"//*[@id=\"application-manageyards-display-component---NewYard--whmCheckBox\"]"}
COMMAND: POST /session/700a0ab92761895b5ec9a5372f8d46fb/element/f.647512A71DDA687F9F591F39CAC5A62D.d.C47E7836D3D7A5A9AAB92108D802A7FA.e.24043/click - {}
RESULT: {}
COMMAND: POST /session/700a0ab92761895b5ec9a5372f8d46fb/execute/async - {"script":"<script> [1562 bytes]","args":[{"selector":{"controlType":"sap.m.Button","viewName":"etm.portal.ui.manageyards.view.New","viewId":"application-manageyards-display-component---NewYard","i18NText":{"propertyName":"text","key":"save"},"interaction":{"idSuffix":"BDI-content"}},"wdio_ui5_key":"etmportal.ui.manageyards.view.Newsap.m.Button{\"propertyName\":\"text\",\"key\":\"save\"}"}]}
COMMAND: GET /session/700a0ab92761895b5ec9a5372f8d46fb/screenshot - {}
RESULT: {"script":"<script> [1562 bytes]","args":[{"selector":{"controlType":"sap.m.Button","viewName":"etm.portal.ui.manageyards.view.New","viewId":"application-manageyards-display-component---NewYard","i18NText":{"propertyName":"text","key":"save"},"interaction":{"idSuffix":"BDI-content"}},"wdio_ui5_key":"etmportal.ui.manageyards.view.Newsap.m.Button{\"propertyName\":\"text\",\"key\":\"save\"}"}]}
RESULT: undefined
COMMAND: POST /session/700a0ab92761895b5ec9a5372f8d46fb/element - {"using":"xpath","value":"//*[@id=\"__button18\"]"}
RESULT: {}
RESULT: {"using":"xpath","value":"//*[@id=\"__button18\"]"}
COMMAND: POST /session/700a0ab92761895b5ec9a5372f8d46fb/element/f.647512A71DDA687F9F591F39CAC5A62D.d.C47E7836D3D7A5A9AAB92108D802A7FA.e.23989/click - {}
RESULT: {}
COMMAND: GET /session/700a0ab92761895b5ec9a5372f8d46fb/screenshot - {}
RESULT: {}
COMMAND: POST /session/700a0ab92761895b5ec9a5372f8d46fb/execute/async - {"script":"<script> [1562 bytes]","args":[{"selector":{"controlType":"sap.m.Text","viewName":"etm.portal.ui.manageyards.view.Detail","viewId":"application-manageyards-display-component---detailYard","bindingPath":{"propertyPath":"ID","modelName":"catalogModel"}},"wdio_ui5_key":"etmportal.ui.manageyards.view.Detailsap.m.Text{\"propertyPath\":\"ID\",\"modelName\":\"catalogModel\"}"}]}
RESULT: {"script":"<script> [1562 bytes]","args":[{"selector":{"controlType":"sap.m.Text","viewName":"etm.portal.ui.manageyards.view.Detail","viewId":"application-manageyards-display-component---detailYard","bindingPath":{"propertyPath":"ID","modelName":"catalogModel"}},"wdio_ui5_key":"etmportal.ui.manageyards.view.Detailsap.m.Text{\"propertyPath\":\"ID\",\"modelName\":\"catalogModel\"}"}]}
RESULT: undefined
COMMAND: POST /session/700a0ab92761895b5ec9a5372f8d46fb/execute/async - {"script":"<script> [6424 bytes]","args":[{"element-6066-11e4-a52e-4f735466cecf":"f.647512A71DDA687F9F591F39CAC5A62D.d.C47E7836D3D7A5A9AAB92108D802A7FA.e.24239"},"getText",[]]}
RESULT: {"script":"<script> [6424 bytes]","args":[{"element-6066-11e4-a52e-4f735466cecf":"f.647512A71DDA687F9F591F39CAC5A62D.d.C47E7836D3D7A5A9AAB92108D802A7FA.e.24239"},"getText",[]]}
COMMAND: POST /session/700a0ab92761895b5ec9a5372f8d46fb/element - {"using":"css selector","value":"#shell-header-logo"}
RESULT: {"using":"css selector","value":"#shell-header-logo"}
COMMAND: POST /session/700a0ab92761895b5ec9a5372f8d46fb/element/f.647512A71DDA687F9F591F39CAC5A62D.d.C47E7836D3D7A5A9AAB92108D802A7FA.e.23543/click - {}
RESULT: {}
COMMAND: GET /session/700a0ab92761895b5ec9a5372f8d46fb/screenshot - {}
RESULT: {}
]]></system-out>
    </testcase>
    <testcase classname="chrome.135_0_7049_96.windows.Return_from_Site_w/_warehouse_management_w/_clarification_US125588" name="Should create WHM site" time="63.669">
      <system-out><![CDATA[
COMMAND: POST /session/700a0ab92761895b5ec9a5372f8d46fb/execute/async - {"script":"<script> [1562 bytes]","args":[{"selector":{"controlType":"sap.m.GenericTile","properties":{"header":"Manage Sites"}},"wdio_ui5_key":"sapm.GenericTile{\"header\":\"Manage Sites\"}"}]}
RESULT: {"script":"<script> [1562 bytes]","args":[{"selector":{"controlType":"sap.m.GenericTile","properties":{"header":"Manage Sites"}},"wdio_ui5_key":"sapm.GenericTile{\"header\":\"Manage Sites\"}"}]}
RESULT: undefined
COMMAND: POST /session/700a0ab92761895b5ec9a5372f8d46fb/element - {"using":"xpath","value":"//*[@id=\"__tile40\"]"}
RESULT: {"using":"xpath","value":"//*[@id=\"__tile40\"]"}
COMMAND: POST /session/700a0ab92761895b5ec9a5372f8d46fb/element/f.647512A71DDA687F9F591F39CAC5A62D.d.C47E7836D3D7A5A9AAB92108D802A7FA.e.24241/click - {}
RESULT: {}
COMMAND: GET /session/700a0ab92761895b5ec9a5372f8d46fb/screenshot - {}
RESULT: {}
COMMAND: POST /session/700a0ab92761895b5ec9a5372f8d46fb/execute/async - {"script":"<script> [1562 bytes]","args":[{"selector":{"controlType":"sap.ui.core.Icon","viewName":"etm.portal.ui.managesites.view.Master","viewId":"application-managesites-display-component---masterSite","properties":{"src":{"regex":{"source":"add"}}}},"wdio_ui5_key":"etmportal.ui.managesites.view.Mastersap.ui.core.Icon{\"src\":{\"regex\":{\"source\":\"add\"}}}"}]}
RESULT: {"script":"<script> [1562 bytes]","args":[{"selector":{"controlType":"sap.ui.core.Icon","viewName":"etm.portal.ui.managesites.view.Master","viewId":"application-managesites-display-component---masterSite","properties":{"src":{"regex":{"source":"add"}}}},"wdio_ui5_key":"etmportal.ui.managesites.view.Mastersap.ui.core.Icon{\"src\":{\"regex\":{\"source\":\"add\"}}}"}]}
RESULT: undefined
COMMAND: POST /session/700a0ab92761895b5ec9a5372f8d46fb/element - {"using":"xpath","value":"//*[@id=\"__button64-img\"]"}
RESULT: {"using":"xpath","value":"//*[@id=\"__button64-img\"]"}
COMMAND: POST /session/700a0ab92761895b5ec9a5372f8d46fb/element/f.647512A71DDA687F9F591F39CAC5A62D.d.C47E7836D3D7A5A9AAB92108D802A7FA.e.24281/click - {}
RESULT: {}
COMMAND: GET /session/700a0ab92761895b5ec9a5372f8d46fb/screenshot - {}
COMMAND: POST /session/700a0ab92761895b5ec9a5372f8d46fb/execute/async - {"script":"<script> [1562 bytes]","args":[{"selector":{"controlType":"sap.m.Button","viewName":"etm.portal.ui.managesites.view.NewSmartSite","viewId":"application-managesites-display-component---NewSite","properties":{"text":"General Information"},"interaction":{"idSuffix":"BDI-content"}},"wdio_ui5_key":"etmportal.ui.managesites.view.NewSmartSitesap.m.Button{\"text\":\"General Information\"}"}]}
RESULT: {}
RESULT: {"script":"<script> [1562 bytes]","args":[{"selector":{"controlType":"sap.m.Button","viewName":"etm.portal.ui.managesites.view.NewSmartSite","viewId":"application-managesites-display-component---NewSite","properties":{"text":"General Information"},"interaction":{"idSuffix":"BDI-content"}},"wdio_ui5_key":"etmportal.ui.managesites.view.NewSmartSitesap.m.Button{\"text\":\"General Information\"}"}]}
RESULT: undefined
COMMAND: POST /session/700a0ab92761895b5ec9a5372f8d46fb/element - {"using":"xpath","value":"//*[@id=\"application-managesites-display-component---NewSite--ObjectPageLayout-anchBar-__section31-anchor\"]"}
RESULT: {"using":"xpath","value":"//*[@id=\"application-managesites-display-component---NewSite--ObjectPageLayout-anchBar-__section31-anchor\"]"}
COMMAND: POST /session/700a0ab92761895b5ec9a5372f8d46fb/element/f.647512A71DDA687F9F591F39CAC5A62D.d.C47E7836D3D7A5A9AAB92108D802A7FA.e.24670/click - {}
RESULT: {}
COMMAND: POST /session/700a0ab92761895b5ec9a5372f8d46fb/execute/async - {"script":"<script> [1562 bytes]","args":[{"selector":{"id":"application-managesites-display-component---NewSite--addressDetailDetailsName1","interaction":{"idSuffix":"inner"}},"wdio_ui5_key":"applicationmanagesites-display-component---NewSite--addressDetailDetailsName1"}]}
COMMAND: GET /session/700a0ab92761895b5ec9a5372f8d46fb/screenshot - {}
RESULT: {"script":"<script> [1562 bytes]","args":[{"selector":{"id":"application-managesites-display-component---NewSite--addressDetailDetailsName1","interaction":{"idSuffix":"inner"}},"wdio_ui5_key":"applicationmanagesites-display-component---NewSite--addressDetailDetailsName1"}]}
RESULT: undefined
COMMAND: POST /session/700a0ab92761895b5ec9a5372f8d46fb/execute/async - {"script":"<script> [776 bytes]","args":[{"enterText":"WDI5 WHM Site","selector":{"id":"application-managesites-display-component---NewSite--addressDetailDetailsName1","interaction":{"idSuffix":"inner"}},"clearTextFirst":true,"interactionType":"ENTER_TEXT"}]}
RESULT: {}
RESULT: {"script":"<script> [776 bytes]","args":[{"enterText":"WDI5 WHM Site","selector":{"id":"application-managesites-display-component---NewSite--addressDetailDetailsName1","interaction":{"idSuffix":"inner"}},"clearTextFirst":true,"interactionType":"ENTER_TEXT"}]}
COMMAND: POST /session/700a0ab92761895b5ec9a5372f8d46fb/execute/async - {"script":"<script> [1562 bytes]","args":[{"selector":{"id":"application-managesites-display-component---NewSite--addressDetailDetailsLanguage","interaction":{"idSuffix":"inner"}},"wdio_ui5_key":"applicationmanagesites-display-component---NewSite--addressDetailDetailsLanguage"}]}
RESULT: {"script":"<script> [1562 bytes]","args":[{"selector":{"id":"application-managesites-display-component---NewSite--addressDetailDetailsLanguage","interaction":{"idSuffix":"inner"}},"wdio_ui5_key":"applicationmanagesites-display-component---NewSite--addressDetailDetailsLanguage"}]}
RESULT: undefined
COMMAND: POST /session/700a0ab92761895b5ec9a5372f8d46fb/execute/async - {"script":"<script> [776 bytes]","args":[{"enterText":"Romanian","selector":{"id":"application-managesites-display-component---NewSite--addressDetailDetailsLanguage","interaction":{"idSuffix":"inner"}},"clearTextFirst":true,"interactionType":"ENTER_TEXT"}]}
RESULT: {"script":"<script> [776 bytes]","args":[{"enterText":"Romanian","selector":{"id":"application-managesites-display-component---NewSite--addressDetailDetailsLanguage","interaction":{"idSuffix":"inner"}},"clearTextFirst":true,"interactionType":"ENTER_TEXT"}]}
COMMAND: POST /session/700a0ab92761895b5ec9a5372f8d46fb/execute/async - {"script":"<script> [1562 bytes]","args":[{"selector":{"id":"application-managesites-display-component---NewSite--addressDetailDetailsCity1","interaction":{"idSuffix":"inner"}},"wdio_ui5_key":"applicationmanagesites-display-component---NewSite--addressDetailDetailsCity1"}]}
RESULT: {"script":"<script> [1562 bytes]","args":[{"selector":{"id":"application-managesites-display-component---NewSite--addressDetailDetailsCity1","interaction":{"idSuffix":"inner"}},"wdio_ui5_key":"applicationmanagesites-display-component---NewSite--addressDetailDetailsCity1"}]}
RESULT: undefined
COMMAND: POST /session/700a0ab92761895b5ec9a5372f8d46fb/execute/async - {"script":"<script> [776 bytes]","args":[{"enterText":"Bucharest","selector":{"id":"application-managesites-display-component---NewSite--addressDetailDetailsCity1","interaction":{"idSuffix":"inner"}},"clearTextFirst":true,"interactionType":"ENTER_TEXT"}]}
RESULT: {"script":"<script> [776 bytes]","args":[{"enterText":"Bucharest","selector":{"id":"application-managesites-display-component---NewSite--addressDetailDetailsCity1","interaction":{"idSuffix":"inner"}},"clearTextFirst":true,"interactionType":"ENTER_TEXT"}]}
COMMAND: POST /session/700a0ab92761895b5ec9a5372f8d46fb/execute/async - {"script":"<script> [1562 bytes]","args":[{"selector":{"id":"application-managesites-display-component---NewSite--addressDetailDetailsCountry","interaction":{"idSuffix":"inner"}},"wdio_ui5_key":"applicationmanagesites-display-component---NewSite--addressDetailDetailsCountry"}]}
RESULT: {"script":"<script> [1562 bytes]","args":[{"selector":{"id":"application-managesites-display-component---NewSite--addressDetailDetailsCountry","interaction":{"idSuffix":"inner"}},"wdio_ui5_key":"applicationmanagesites-display-component---NewSite--addressDetailDetailsCountry"}]}
RESULT: undefined
COMMAND: POST /session/700a0ab92761895b5ec9a5372f8d46fb/execute/async - {"script":"<script> [6424 bytes]","args":[{"element-6066-11e4-a52e-4f735466cecf":"f.647512A71DDA687F9F591F39CAC5A62D.d.C47E7836D3D7A5A9AAB92108D802A7FA.e.24517"},"setValue",["Romania"]]}
RESULT: {"script":"<script> [6424 bytes]","args":[{"element-6066-11e4-a52e-4f735466cecf":"f.647512A71DDA687F9F591F39CAC5A62D.d.C47E7836D3D7A5A9AAB92108D802A7FA.e.24517"},"setValue",["Romania"]]}
COMMAND: POST /session/700a0ab92761895b5ec9a5372f8d46fb/execute/async - {"script":"<script> [1562 bytes]","args":[{"selector":{"id":"application-managesites-display-component---NewSite--addressDetailDetailsCalendar","interaction":{"idSuffix":"inner"}},"wdio_ui5_key":"applicationmanagesites-display-component---NewSite--addressDetailDetailsCalendar"}]}
RESULT: {"script":"<script> [1562 bytes]","args":[{"selector":{"id":"application-managesites-display-component---NewSite--addressDetailDetailsCalendar","interaction":{"idSuffix":"inner"}},"wdio_ui5_key":"applicationmanagesites-display-component---NewSite--addressDetailDetailsCalendar"}]}
RESULT: undefined
COMMAND: POST /session/700a0ab92761895b5ec9a5372f8d46fb/execute/async - {"script":"<script> [776 bytes]","args":[{"enterText":"8 - Germany (Standard)","selector":{"id":"application-managesites-display-component---NewSite--addressDetailDetailsCalendar","interaction":{"idSuffix":"inner"}},"clearTextFirst":true,"interactionType":"ENTER_TEXT"}]}
RESULT: {"script":"<script> [776 bytes]","args":[{"enterText":"8 - Germany (Standard)","selector":{"id":"application-managesites-display-component---NewSite--addressDetailDetailsCalendar","interaction":{"idSuffix":"inner"}},"clearTextFirst":true,"interactionType":"ENTER_TEXT"}]}
COMMAND: POST /session/700a0ab92761895b5ec9a5372f8d46fb/element - {"using":"xpath","value":"//input[@id=\"application-managesites-display-component---NewSite--addressDetailDetailsYard-inner\"]"}
RESULT: {"using":"xpath","value":"//input[@id=\"application-managesites-display-component---NewSite--addressDetailDetailsYard-inner\"]"}
COMMAND: POST /session/700a0ab92761895b5ec9a5372f8d46fb/element/f.647512A71DDA687F9F591F39CAC5A62D.d.C47E7836D3D7A5A9AAB92108D802A7FA.e.24528/clear - {}
RESULT: {}
COMMAND: POST /session/700a0ab92761895b5ec9a5372f8d46fb/element/f.647512A71DDA687F9F591F39CAC5A62D.d.C47E7836D3D7A5A9AAB92108D802A7FA.e.24528/value - {"text":"805"}
COMMAND: GET /session/700a0ab92761895b5ec9a5372f8d46fb/screenshot - {}
RESULT: {"text":"805"}
COMMAND: GET /session/700a0ab92761895b5ec9a5372f8d46fb/screenshot - {}
RESULT: {}
RESULT: {}
COMMAND: POST /session/700a0ab92761895b5ec9a5372f8d46fb/execute/async - {"script":"<script> [1562 bytes]","args":[{"selector":{"controlType":"sap.m.Button","viewName":"etm.portal.ui.managesites.view.NewSmartSite","viewId":"application-managesites-display-component---NewSite","properties":{"text":"Commercial"},"interaction":{"idSuffix":"BDI-content"}},"wdio_ui5_key":"etmportal.ui.managesites.view.NewSmartSitesap.m.Button{\"text\":\"Commercial\"}"}]}
RESULT: {"script":"<script> [1562 bytes]","args":[{"selector":{"controlType":"sap.m.Button","viewName":"etm.portal.ui.managesites.view.NewSmartSite","viewId":"application-managesites-display-component---NewSite","properties":{"text":"Commercial"},"interaction":{"idSuffix":"BDI-content"}},"wdio_ui5_key":"etmportal.ui.managesites.view.NewSmartSitesap.m.Button{\"text\":\"Commercial\"}"}]}
RESULT: undefined
COMMAND: POST /session/700a0ab92761895b5ec9a5372f8d46fb/element - {"using":"xpath","value":"//*[@id=\"application-managesites-display-component---NewSite--ObjectPageLayout-anchBar-__section33-anchor\"]"}
RESULT: {"using":"xpath","value":"//*[@id=\"application-managesites-display-component---NewSite--ObjectPageLayout-anchBar-__section33-anchor\"]"}
COMMAND: POST /session/700a0ab92761895b5ec9a5372f8d46fb/element/f.647512A71DDA687F9F591F39CAC5A62D.d.C47E7836D3D7A5A9AAB92108D802A7FA.e.24679/click - {}
RESULT: {}
COMMAND: POST /session/700a0ab92761895b5ec9a5372f8d46fb/execute/async - {"script":"<script> [1562 bytes]","args":[{"selector":{"id":"application-managesites-display-component---NewSite--siteWhmCheckBox-label","interaction":{"idSuffix":"bdi"}},"wdio_ui5_key":"applicationmanagesites-display-component---NewSite--siteWhmCheckBox-label"}]}
COMMAND: GET /session/700a0ab92761895b5ec9a5372f8d46fb/screenshot - {}
RESULT: {"script":"<script> [1562 bytes]","args":[{"selector":{"id":"application-managesites-display-component---NewSite--siteWhmCheckBox-label","interaction":{"idSuffix":"bdi"}},"wdio_ui5_key":"applicationmanagesites-display-component---NewSite--siteWhmCheckBox-label"}]}
RESULT: undefined
COMMAND: POST /session/700a0ab92761895b5ec9a5372f8d46fb/element - {"using":"xpath","value":"//*[@id=\"application-managesites-display-component---NewSite--siteWhmCheckBox-label\"]"}
RESULT: {}
RESULT: {"using":"xpath","value":"//*[@id=\"application-managesites-display-component---NewSite--siteWhmCheckBox-label\"]"}
COMMAND: POST /session/700a0ab92761895b5ec9a5372f8d46fb/element/f.647512A71DDA687F9F591F39CAC5A62D.d.C47E7836D3D7A5A9AAB92108D802A7FA.e.24688/click - {}
RESULT: {}
COMMAND: POST /session/700a0ab92761895b5ec9a5372f8d46fb/execute/async - {"script":"<script> [1562 bytes]","args":[{"selector":{"controlType":"sap.m.Button","viewName":"etm.portal.ui.managesites.view.NewSmartSite","viewId":"application-managesites-display-component---NewSite","i18NText":{"propertyName":"text","key":"save"},"interaction":{"idSuffix":"BDI-content"}},"wdio_ui5_key":"etmportal.ui.managesites.view.NewSmartSitesap.m.Button{\"propertyName\":\"text\",\"key\":\"save\"}"}]}
COMMAND: GET /session/700a0ab92761895b5ec9a5372f8d46fb/screenshot - {}
RESULT: {"script":"<script> [1562 bytes]","args":[{"selector":{"controlType":"sap.m.Button","viewName":"etm.portal.ui.managesites.view.NewSmartSite","viewId":"application-managesites-display-component---NewSite","i18NText":{"propertyName":"text","key":"save"},"interaction":{"idSuffix":"BDI-content"}},"wdio_ui5_key":"etmportal.ui.managesites.view.NewSmartSitesap.m.Button{\"propertyName\":\"text\",\"key\":\"save\"}"}]}
RESULT: undefined
COMMAND: POST /session/700a0ab92761895b5ec9a5372f8d46fb/element - {"using":"xpath","value":"//*[@id=\"__button76\"]"}
RESULT: {}
RESULT: {"using":"xpath","value":"//*[@id=\"__button76\"]"}
COMMAND: POST /session/700a0ab92761895b5ec9a5372f8d46fb/element/f.647512A71DDA687F9F591F39CAC5A62D.d.C47E7836D3D7A5A9AAB92108D802A7FA.e.24656/click - {}
RESULT: {}
COMMAND: GET /session/700a0ab92761895b5ec9a5372f8d46fb/screenshot - {}
RESULT: {}
COMMAND: POST /session/700a0ab92761895b5ec9a5372f8d46fb/execute/async - {"script":"<script> [1562 bytes]","args":[{"selector":{"controlType":"sap.m.Text","viewName":"etm.portal.ui.managesites.view.Detail","viewId":"application-managesites-display-component---detailSite","bindingPath":{"propertyPath":"ID","modelName":"catalogModel"}},"wdio_ui5_key":"etmportal.ui.managesites.view.Detailsap.m.Text{\"propertyPath\":\"ID\",\"modelName\":\"catalogModel\"}"}]}
RESULT: {"script":"<script> [1562 bytes]","args":[{"selector":{"controlType":"sap.m.Text","viewName":"etm.portal.ui.managesites.view.Detail","viewId":"application-managesites-display-component---detailSite","bindingPath":{"propertyPath":"ID","modelName":"catalogModel"}},"wdio_ui5_key":"etmportal.ui.managesites.view.Detailsap.m.Text{\"propertyPath\":\"ID\",\"modelName\":\"catalogModel\"}"}]}
RESULT: undefined
COMMAND: POST /session/700a0ab92761895b5ec9a5372f8d46fb/execute/async - {"script":"<script> [6424 bytes]","args":[{"element-6066-11e4-a52e-4f735466cecf":"f.647512A71DDA687F9F591F39CAC5A62D.d.C47E7836D3D7A5A9AAB92108D802A7FA.e.24882"},"getText",[]]}
RESULT: {"script":"<script> [6424 bytes]","args":[{"element-6066-11e4-a52e-4f735466cecf":"f.647512A71DDA687F9F591F39CAC5A62D.d.C47E7836D3D7A5A9AAB92108D802A7FA.e.24882"},"getText",[]]}
COMMAND: POST /session/700a0ab92761895b5ec9a5372f8d46fb/execute/async - {"script":"<script> [1562 bytes]","args":[{"selector":{"controlType":"sap.m.Label","viewName":"etm.portal.ui.managesites.view.Detail","viewId":"application-managesites-display-component---detailSite","i18NText":{"propertyName":"text","key":"status"}},"wdio_ui5_key":"etmportal.ui.managesites.view.Detailsap.m.Label{\"propertyName\":\"text\",\"key\":\"status\"}"}]}
RESULT: {"script":"<script> [1562 bytes]","args":[{"selector":{"controlType":"sap.m.Label","viewName":"etm.portal.ui.managesites.view.Detail","viewId":"application-managesites-display-component---detailSite","i18NText":{"propertyName":"text","key":"status"}},"wdio_ui5_key":"etmportal.ui.managesites.view.Detailsap.m.Label{\"propertyName\":\"text\",\"key\":\"status\"}"}]}
RESULT: undefined
COMMAND: POST /session/700a0ab92761895b5ec9a5372f8d46fb/execute/async - {"script":"<script> [6424 bytes]","args":[{"element-6066-11e4-a52e-4f735466cecf":"f.647512A71DDA687F9F591F39CAC5A62D.d.C47E7836D3D7A5A9AAB92108D802A7FA.e.24870"},"getText",[]]}
RESULT: {"script":"<script> [6424 bytes]","args":[{"element-6066-11e4-a52e-4f735466cecf":"f.647512A71DDA687F9F591F39CAC5A62D.d.C47E7836D3D7A5A9AAB92108D802A7FA.e.24870"},"getText",[]]}
RESULT: undefined
COMMAND: POST /session/700a0ab92761895b5ec9a5372f8d46fb/element - {"using":"xpath","value":"//*[@id=\"shell-header\"]"}
RESULT: {"using":"xpath","value":"//*[@id=\"shell-header\"]"}
COMMAND: POST /session/700a0ab92761895b5ec9a5372f8d46fb/element/f.647512A71DDA687F9F591F39CAC5A62D.d.C47E7836D3D7A5A9AAB92108D802A7FA.e.24883/click - {}
RESULT: {}
COMMAND: POST /session/700a0ab92761895b5ec9a5372f8d46fb/element - {"using":"css selector","value":"#shell-header-logo"}
COMMAND: GET /session/700a0ab92761895b5ec9a5372f8d46fb/screenshot - {}
RESULT: {"using":"css selector","value":"#shell-header-logo"}
COMMAND: POST /session/700a0ab92761895b5ec9a5372f8d46fb/element/f.647512A71DDA687F9F591F39CAC5A62D.d.C47E7836D3D7A5A9AAB92108D802A7FA.e.24245/click - {}
RESULT: {}
RESULT: {}
]]></system-out>
    </testcase>
    <testcase classname="chrome.135_0_7049_96.windows.Return_from_Site_w/_warehouse_management_w/_clarification_US125588" name="Should create WHM Partner" time="61.142">
      <system-out><![CDATA[
COMMAND: POST /session/700a0ab92761895b5ec9a5372f8d46fb/execute/async - {"script":"<script> [1562 bytes]","args":[{"selector":{"controlType":"sap.m.GenericTile","properties":{"header":"Manage Partners"}},"wdio_ui5_key":"sapm.GenericTile{\"header\":\"Manage Partners\"}"}]}
COMMAND: GET /session/700a0ab92761895b5ec9a5372f8d46fb/screenshot - {}
RESULT: {"script":"<script> [1562 bytes]","args":[{"selector":{"controlType":"sap.m.GenericTile","properties":{"header":"Manage Partners"}},"wdio_ui5_key":"sapm.GenericTile{\"header\":\"Manage Partners\"}"}]}
RESULT: undefined
COMMAND: POST /session/700a0ab92761895b5ec9a5372f8d46fb/element - {"using":"xpath","value":"//*[@id=\"__tile38\"]"}
RESULT: {}
RESULT: {"using":"xpath","value":"//*[@id=\"__tile38\"]"}
COMMAND: POST /session/700a0ab92761895b5ec9a5372f8d46fb/element/f.647512A71DDA687F9F591F39CAC5A62D.d.C47E7836D3D7A5A9AAB92108D802A7FA.e.24888/click - {}
RESULT: {}
COMMAND: GET /session/700a0ab92761895b5ec9a5372f8d46fb/screenshot - {}
RESULT: {}
COMMAND: POST /session/700a0ab92761895b5ec9a5372f8d46fb/element - {"using":"xpath","value":"//button[(@data-kt = 'addButton')]"}
RESULT: {"using":"xpath","value":"//button[(@data-kt = 'addButton')]"}
COMMAND: POST /session/700a0ab92761895b5ec9a5372f8d46fb/elements - {"using":"xpath","value":"//button[(@data-kt = 'addButton')]"}
RESULT: {"using":"xpath","value":"//button[(@data-kt = 'addButton')]"}
COMMAND: POST /session/700a0ab92761895b5ec9a5372f8d46fb/elements - {"using":"xpath","value":"//button[(@data-kt = 'addButton')]"}
RESULT: {"using":"xpath","value":"//button[(@data-kt = 'addButton')]"}
COMMAND: POST /session/700a0ab92761895b5ec9a5372f8d46fb/elements - {"using":"xpath","value":"//button[(@data-kt = 'addButton')]"}
RESULT: {"using":"xpath","value":"//button[(@data-kt = 'addButton')]"}
COMMAND: POST /session/700a0ab92761895b5ec9a5372f8d46fb/element - {"using":"xpath","value":"//button[(@data-kt = 'addButton')]"}
RESULT: {"using":"xpath","value":"//button[(@data-kt = 'addButton')]"}
COMMAND: POST /session/700a0ab92761895b5ec9a5372f8d46fb/element/f.647512A71DDA687F9F591F39CAC5A62D.d.C47E7836D3D7A5A9AAB92108D802A7FA.e.24936/click - {}
RESULT: {}
COMMAND: POST /session/700a0ab92761895b5ec9a5372f8d46fb/execute/async - {"script":"<script> [1562 bytes]","args":[{"selector":{"id":"application-managepartners-display-component---NewPartner--addressDetailDetailsName1","interaction":{"idSuffix":"inner"}},"wdio_ui5_key":"applicationmanagepartners-display-component---NewPartner--addressDetailDetailsName1"}]}
COMMAND: GET /session/700a0ab92761895b5ec9a5372f8d46fb/screenshot - {}
RESULT: {"script":"<script> [1562 bytes]","args":[{"selector":{"id":"application-managepartners-display-component---NewPartner--addressDetailDetailsName1","interaction":{"idSuffix":"inner"}},"wdio_ui5_key":"applicationmanagepartners-display-component---NewPartner--addressDetailDetailsName1"}]}
RESULT: undefined
COMMAND: POST /session/700a0ab92761895b5ec9a5372f8d46fb/execute/async - {"script":"<script> [776 bytes]","args":[{"enterText":"WDI5-Partners","selector":{"id":"application-managepartners-display-component---NewPartner--addressDetailDetailsName1","interaction":{"idSuffix":"inner"}},"clearTextFirst":true,"interactionType":"ENTER_TEXT"}]}
RESULT: {}
RESULT: {"script":"<script> [776 bytes]","args":[{"enterText":"WDI5-Partners","selector":{"id":"application-managepartners-display-component---NewPartner--addressDetailDetailsName1","interaction":{"idSuffix":"inner"}},"clearTextFirst":true,"interactionType":"ENTER_TEXT"}]}
COMMAND: POST /session/700a0ab92761895b5ec9a5372f8d46fb/execute/async - {"script":"<script> [1562 bytes]","args":[{"selector":{"id":"application-managepartners-display-component---NewPartner--addressDetailDetailsLanguage-arrow"},"wdio_ui5_key":"applicationmanagepartners-display-component---NewPartner--addressDetailDetailsLanguage-arrow"}]}
RESULT: {"script":"<script> [1562 bytes]","args":[{"selector":{"id":"application-managepartners-display-component---NewPartner--addressDetailDetailsLanguage-arrow"},"wdio_ui5_key":"applicationmanagepartners-display-component---NewPartner--addressDetailDetailsLanguage-arrow"}]}
RESULT: undefined
COMMAND: POST /session/700a0ab92761895b5ec9a5372f8d46fb/element - {"using":"xpath","value":"//*[@id=\"application-managepartners-display-component---NewPartner--addressDetailDetailsLanguage-arrow\"]"}
RESULT: {"using":"xpath","value":"//*[@id=\"application-managepartners-display-component---NewPartner--addressDetailDetailsLanguage-arrow\"]"}
COMMAND: POST /session/700a0ab92761895b5ec9a5372f8d46fb/element/f.647512A71DDA687F9F591F39CAC5A62D.d.C47E7836D3D7A5A9AAB92108D802A7FA.e.25353/click - {}
RESULT: {}
COMMAND: POST /session/700a0ab92761895b5ec9a5372f8d46fb/execute/async - {"script":"<script> [1562 bytes]","args":[{"selector":{"controlType":"sap.m.StandardListItem","viewName":"etm.portal.ui.managepartners.view.NewPartner","viewId":"application-managepartners-display-component---NewPartner","properties":{"title":"English"},"searchOpenDialogs":true,"interaction":{"idSuffix":"content"}},"wdio_ui5_key":"etmportal.ui.managepartners.view.NewPartnersap.m.StandardListItem{\"title\":\"English\"}"}]}
COMMAND: GET /session/700a0ab92761895b5ec9a5372f8d46fb/screenshot - {}
RESULT: {"script":"<script> [1562 bytes]","args":[{"selector":{"controlType":"sap.m.StandardListItem","viewName":"etm.portal.ui.managepartners.view.NewPartner","viewId":"application-managepartners-display-component---NewPartner","properties":{"title":"English"},"searchOpenDialogs":true,"interaction":{"idSuffix":"content"}},"wdio_ui5_key":"etmportal.ui.managepartners.view.NewPartnersap.m.StandardListItem{\"title\":\"English\"}"}]}
RESULT: undefined
COMMAND: POST /session/700a0ab92761895b5ec9a5372f8d46fb/element - {"using":"xpath","value":"//*[@id=\"__item1326\"]"}
RESULT: {}
RESULT: {"using":"xpath","value":"//*[@id=\"__item1326\"]"}
COMMAND: POST /session/700a0ab92761895b5ec9a5372f8d46fb/element/f.647512A71DDA687F9F591F39CAC5A62D.d.C47E7836D3D7A5A9AAB92108D802A7FA.e.25355/click - {}
RESULT: {}
COMMAND: POST /session/700a0ab92761895b5ec9a5372f8d46fb/execute/async - {"script":"<script> [1562 bytes]","args":[{"selector":{"id":"application-managepartners-display-component---NewPartner--addressDetailDetailsCity1","interaction":{"idSuffix":"inner"}},"wdio_ui5_key":"applicationmanagepartners-display-component---NewPartner--addressDetailDetailsCity1"}]}
COMMAND: GET /session/700a0ab92761895b5ec9a5372f8d46fb/screenshot - {}
RESULT: {"script":"<script> [1562 bytes]","args":[{"selector":{"id":"application-managepartners-display-component---NewPartner--addressDetailDetailsCity1","interaction":{"idSuffix":"inner"}},"wdio_ui5_key":"applicationmanagepartners-display-component---NewPartner--addressDetailDetailsCity1"}]}
RESULT: undefined
COMMAND: POST /session/700a0ab92761895b5ec9a5372f8d46fb/execute/async - {"script":"<script> [776 bytes]","args":[{"enterText":"Bangalore","selector":{"id":"application-managepartners-display-component---NewPartner--addressDetailDetailsCity1","interaction":{"idSuffix":"inner"}},"clearTextFirst":true,"interactionType":"ENTER_TEXT"}]}
RESULT: {}
RESULT: {"script":"<script> [776 bytes]","args":[{"enterText":"Bangalore","selector":{"id":"application-managepartners-display-component---NewPartner--addressDetailDetailsCity1","interaction":{"idSuffix":"inner"}},"clearTextFirst":true,"interactionType":"ENTER_TEXT"}]}
COMMAND: POST /session/700a0ab92761895b5ec9a5372f8d46fb/execute/async - {"script":"<script> [1562 bytes]","args":[{"selector":{"id":"application-managepartners-display-component---NewPartner--addressDetailDetailsCountry-arrow"},"wdio_ui5_key":"applicationmanagepartners-display-component---NewPartner--addressDetailDetailsCountry-arrow"}]}
RESULT: {"script":"<script> [1562 bytes]","args":[{"selector":{"id":"application-managepartners-display-component---NewPartner--addressDetailDetailsCountry-arrow"},"wdio_ui5_key":"applicationmanagepartners-display-component---NewPartner--addressDetailDetailsCountry-arrow"}]}
RESULT: undefined
COMMAND: POST /session/700a0ab92761895b5ec9a5372f8d46fb/element - {"using":"xpath","value":"//*[@id=\"application-managepartners-display-component---NewPartner--addressDetailDetailsCountry-arrow\"]"}
RESULT: {"using":"xpath","value":"//*[@id=\"application-managepartners-display-component---NewPartner--addressDetailDetailsCountry-arrow\"]"}
COMMAND: POST /session/700a0ab92761895b5ec9a5372f8d46fb/element/f.647512A71DDA687F9F591F39CAC5A62D.d.C47E7836D3D7A5A9AAB92108D802A7FA.e.25357/click - {}
RESULT: {}
COMMAND: POST /session/700a0ab92761895b5ec9a5372f8d46fb/execute/async - {"script":"<script> [1562 bytes]","args":[{"selector":{"id":"application-managepartners-display-component---NewPartner--addressDetailDetailsCountry","interaction":{"idSuffix":"inner"}},"wdio_ui5_key":"applicationmanagepartners-display-component---NewPartner--addressDetailDetailsCountry"}]}
COMMAND: GET /session/700a0ab92761895b5ec9a5372f8d46fb/screenshot - {}
RESULT: {"script":"<script> [1562 bytes]","args":[{"selector":{"id":"application-managepartners-display-component---NewPartner--addressDetailDetailsCountry","interaction":{"idSuffix":"inner"}},"wdio_ui5_key":"applicationmanagepartners-display-component---NewPartner--addressDetailDetailsCountry"}]}
RESULT: undefined
COMMAND: POST /session/700a0ab92761895b5ec9a5372f8d46fb/execute/async - {"script":"<script> [776 bytes]","args":[{"enterText":"India","selector":{"id":"application-managepartners-display-component---NewPartner--addressDetailDetailsCountry","interaction":{"idSuffix":"inner"}},"clearTextFirst":true,"interactionType":"ENTER_TEXT"}]}
RESULT: {}
RESULT: {"script":"<script> [776 bytes]","args":[{"enterText":"India","selector":{"id":"application-managepartners-display-component---NewPartner--addressDetailDetailsCountry","interaction":{"idSuffix":"inner"}},"clearTextFirst":true,"interactionType":"ENTER_TEXT"}]}
COMMAND: POST /session/700a0ab92761895b5ec9a5372f8d46fb/execute/async - {"script":"<script> [1562 bytes]","args":[{"selector":{"controlType":"sap.m.StandardListItem","viewName":"etm.portal.ui.managepartners.view.NewPartner","viewId":"application-managepartners-display-component---NewPartner","properties":{"title":"India"},"searchOpenDialogs":true,"interaction":{"idSuffix":"content"}},"wdio_ui5_key":"etmportal.ui.managepartners.view.NewPartnersap.m.StandardListItem{\"title\":\"India\"}"}]}
RESULT: {"script":"<script> [1562 bytes]","args":[{"selector":{"controlType":"sap.m.StandardListItem","viewName":"etm.portal.ui.managepartners.view.NewPartner","viewId":"application-managepartners-display-component---NewPartner","properties":{"title":"India"},"searchOpenDialogs":true,"interaction":{"idSuffix":"content"}},"wdio_ui5_key":"etmportal.ui.managepartners.view.NewPartnersap.m.StandardListItem{\"title\":\"India\"}"}]}
RESULT: undefined
COMMAND: POST /session/700a0ab92761895b5ec9a5372f8d46fb/execute/async - {"script":"<script> [1562 bytes]","args":[{"selector":{"controlType":"sap.m.Button","viewName":"etm.portal.ui.managepartners.view.NewPartner","viewId":"application-managepartners-display-component---NewPartner","properties":{"text":"Commercial"},"interaction":{"idSuffix":"BDI-content"}},"wdio_ui5_key":"etmportal.ui.managepartners.view.NewPartnersap.m.Button{\"text\":\"Commercial\"}"}]}
RESULT: {"script":"<script> [1562 bytes]","args":[{"selector":{"controlType":"sap.m.Button","viewName":"etm.portal.ui.managepartners.view.NewPartner","viewId":"application-managepartners-display-component---NewPartner","properties":{"text":"Commercial"},"interaction":{"idSuffix":"BDI-content"}},"wdio_ui5_key":"etmportal.ui.managepartners.view.NewPartnersap.m.Button{\"text\":\"Commercial\"}"}]}
RESULT: undefined
COMMAND: POST /session/700a0ab92761895b5ec9a5372f8d46fb/element - {"using":"xpath","value":"//*[@id=\"application-managepartners-display-component---NewPartner--ObjectPageLayout-anchBar-__section57-anchor\"]"}
RESULT: {"using":"xpath","value":"//*[@id=\"application-managepartners-display-component---NewPartner--ObjectPageLayout-anchBar-__section57-anchor\"]"}
COMMAND: POST /session/700a0ab92761895b5ec9a5372f8d46fb/element/f.647512A71DDA687F9F591F39CAC5A62D.d.C47E7836D3D7A5A9AAB92108D802A7FA.e.25362/click - {}
RESULT: {}
COMMAND: POST /session/700a0ab92761895b5ec9a5372f8d46fb/execute/async - {"script":"<script> [1562 bytes]","args":[{"selector":{"id":"application-managepartners-display-component---NewPartner--partnerDetailInternal-arrow"},"wdio_ui5_key":"applicationmanagepartners-display-component---NewPartner--partnerDetailInternal-arrow"}]}
COMMAND: GET /session/700a0ab92761895b5ec9a5372f8d46fb/screenshot - {}
RESULT: {"script":"<script> [1562 bytes]","args":[{"selector":{"id":"application-managepartners-display-component---NewPartner--partnerDetailInternal-arrow"},"wdio_ui5_key":"applicationmanagepartners-display-component---NewPartner--partnerDetailInternal-arrow"}]}
RESULT: undefined
COMMAND: POST /session/700a0ab92761895b5ec9a5372f8d46fb/element - {"using":"xpath","value":"//*[@id=\"application-managepartners-display-component---NewPartner--partnerDetailInternal-arrow\"]"}
RESULT: {}
RESULT: {"using":"xpath","value":"//*[@id=\"application-managepartners-display-component---NewPartner--partnerDetailInternal-arrow\"]"}
COMMAND: POST /session/700a0ab92761895b5ec9a5372f8d46fb/element/f.647512A71DDA687F9F591F39CAC5A62D.d.C47E7836D3D7A5A9AAB92108D802A7FA.e.25367/click - {}
RESULT: {}
COMMAND: POST /session/700a0ab92761895b5ec9a5372f8d46fb/execute/async - {"script":"<script> [1562 bytes]","args":[{"selector":{"controlType":"sap.m.StandardListItem","viewName":"etm.portal.ui.managepartners.view.NewPartner","viewId":"application-managepartners-display-component---NewPartner","properties":{"title":"External partner"},"searchOpenDialogs":true,"interaction":{"idSuffix":"content"}},"wdio_ui5_key":"etmportal.ui.managepartners.view.NewPartnersap.m.StandardListItem{\"title\":\"External partner\"}"}]}
COMMAND: GET /session/700a0ab92761895b5ec9a5372f8d46fb/screenshot - {}
RESULT: {"script":"<script> [1562 bytes]","args":[{"selector":{"controlType":"sap.m.StandardListItem","viewName":"etm.portal.ui.managepartners.view.NewPartner","viewId":"application-managepartners-display-component---NewPartner","properties":{"title":"External partner"},"searchOpenDialogs":true,"interaction":{"idSuffix":"content"}},"wdio_ui5_key":"etmportal.ui.managepartners.view.NewPartnersap.m.StandardListItem{\"title\":\"External partner\"}"}]}
RESULT: undefined
COMMAND: POST /session/700a0ab92761895b5ec9a5372f8d46fb/element - {"using":"xpath","value":"//*[@id=\"__item1460\"]"}
RESULT: {}
RESULT: {"using":"xpath","value":"//*[@id=\"__item1460\"]"}
COMMAND: POST /session/700a0ab92761895b5ec9a5372f8d46fb/element/f.647512A71DDA687F9F591F39CAC5A62D.d.C47E7836D3D7A5A9AAB92108D802A7FA.e.25369/click - {}
RESULT: {}
COMMAND: POST /session/700a0ab92761895b5ec9a5372f8d46fb/execute/async - {"script":"<script> [1562 bytes]","args":[{"selector":{"id":"application-managepartners-display-component---NewPartner--partnerDetailsCurrency-arrow"},"wdio_ui5_key":"applicationmanagepartners-display-component---NewPartner--partnerDetailsCurrency-arrow"}]}
COMMAND: GET /session/700a0ab92761895b5ec9a5372f8d46fb/screenshot - {}
RESULT: {"script":"<script> [1562 bytes]","args":[{"selector":{"id":"application-managepartners-display-component---NewPartner--partnerDetailsCurrency-arrow"},"wdio_ui5_key":"applicationmanagepartners-display-component---NewPartner--partnerDetailsCurrency-arrow"}]}
RESULT: undefined
COMMAND: POST /session/700a0ab92761895b5ec9a5372f8d46fb/element - {"using":"xpath","value":"//*[@id=\"application-managepartners-display-component---NewPartner--partnerDetailsCurrency-arrow\"]"}
RESULT: {}
RESULT: {"using":"xpath","value":"//*[@id=\"application-managepartners-display-component---NewPartner--partnerDetailsCurrency-arrow\"]"}
COMMAND: POST /session/700a0ab92761895b5ec9a5372f8d46fb/element/f.647512A71DDA687F9F591F39CAC5A62D.d.C47E7836D3D7A5A9AAB92108D802A7FA.e.25374/click - {}
RESULT: {}
COMMAND: POST /session/700a0ab92761895b5ec9a5372f8d46fb/execute/async - {"script":"<script> [1562 bytes]","args":[{"selector":{"controlType":"sap.m.StandardListItem","viewName":"etm.portal.ui.managepartners.view.NewPartner","viewId":"application-managepartners-display-component---NewPartner","properties":{"title":"Euro"},"searchOpenDialogs":true,"interaction":{"idSuffix":"content"}},"wdio_ui5_key":"etmportal.ui.managepartners.view.NewPartnersap.m.StandardListItem{\"title\":\"Euro\"}"}]}
COMMAND: GET /session/700a0ab92761895b5ec9a5372f8d46fb/screenshot - {}
RESULT: {"script":"<script> [1562 bytes]","args":[{"selector":{"controlType":"sap.m.StandardListItem","viewName":"etm.portal.ui.managepartners.view.NewPartner","viewId":"application-managepartners-display-component---NewPartner","properties":{"title":"Euro"},"searchOpenDialogs":true,"interaction":{"idSuffix":"content"}},"wdio_ui5_key":"etmportal.ui.managepartners.view.NewPartnersap.m.StandardListItem{\"title\":\"Euro\"}"}]}
RESULT: undefined
COMMAND: POST /session/700a0ab92761895b5ec9a5372f8d46fb/element - {"using":"xpath","value":"//*[@id=\"__item1462\"]"}
RESULT: {}
RESULT: {"using":"xpath","value":"//*[@id=\"__item1462\"]"}
COMMAND: POST /session/700a0ab92761895b5ec9a5372f8d46fb/element/f.647512A71DDA687F9F591F39CAC5A62D.d.C47E7836D3D7A5A9AAB92108D802A7FA.e.25376/click - {}
RESULT: {}
COMMAND: POST /session/700a0ab92761895b5ec9a5372f8d46fb/execute/async - {"script":"<script> [1562 bytes]","args":[{"selector":{"controlType":"sap.m.Button","viewName":"etm.portal.ui.managepartners.view.NewPartner","viewId":"application-managepartners-display-component---NewPartner","properties":{"text":"Assignments"},"interaction":{"idSuffix":"BDI-content"}},"wdio_ui5_key":"etmportal.ui.managepartners.view.NewPartnersap.m.Button{\"text\":\"Assignments\"}"}]}
COMMAND: GET /session/700a0ab92761895b5ec9a5372f8d46fb/screenshot - {}
RESULT: {"script":"<script> [1562 bytes]","args":[{"selector":{"controlType":"sap.m.Button","viewName":"etm.portal.ui.managepartners.view.NewPartner","viewId":"application-managepartners-display-component---NewPartner","properties":{"text":"Assignments"},"interaction":{"idSuffix":"BDI-content"}},"wdio_ui5_key":"etmportal.ui.managepartners.view.NewPartnersap.m.Button{\"text\":\"Assignments\"}"}]}
RESULT: undefined
COMMAND: POST /session/700a0ab92761895b5ec9a5372f8d46fb/element - {"using":"xpath","value":"//*[@id=\"application-managepartners-display-component---NewPartner--ObjectPageLayout-anchBar-__section61-anchor\"]"}
RESULT: {}
RESULT: {"using":"xpath","value":"//*[@id=\"application-managepartners-display-component---NewPartner--ObjectPageLayout-anchBar-__section61-anchor\"]"}
COMMAND: POST /session/700a0ab92761895b5ec9a5372f8d46fb/element/f.647512A71DDA687F9F591F39CAC5A62D.d.C47E7836D3D7A5A9AAB92108D802A7FA.e.25378/click - {}
RESULT: {}
COMMAND: POST /session/700a0ab92761895b5ec9a5372f8d46fb/execute/async - {"script":"<script> [1562 bytes]","args":[{"selector":{"id":"application-managepartners-display-component---NewPartner--btnAddTableRow","interaction":{"idSuffix":"inner"}},"wdio_ui5_key":"applicationmanagepartners-display-component---NewPartner--btnAddTableRow"}]}
COMMAND: GET /session/700a0ab92761895b5ec9a5372f8d46fb/screenshot - {}
RESULT: {"script":"<script> [1562 bytes]","args":[{"selector":{"id":"application-managepartners-display-component---NewPartner--btnAddTableRow","interaction":{"idSuffix":"inner"}},"wdio_ui5_key":"applicationmanagepartners-display-component---NewPartner--btnAddTableRow"}]}
RESULT: undefined
COMMAND: POST /session/700a0ab92761895b5ec9a5372f8d46fb/element - {"using":"xpath","value":"//*[@id=\"application-managepartners-display-component---NewPartner--btnAddTableRow\"]"}
RESULT: {}
RESULT: {"using":"xpath","value":"//*[@id=\"application-managepartners-display-component---NewPartner--btnAddTableRow\"]"}
COMMAND: POST /session/700a0ab92761895b5ec9a5372f8d46fb/element/f.647512A71DDA687F9F591F39CAC5A62D.d.C47E7836D3D7A5A9AAB92108D802A7FA.e.25383/click - {}
RESULT: {}
COMMAND: POST /session/700a0ab92761895b5ec9a5372f8d46fb/element - {"using":"css selector","value":"#application-managepartners-display-component---NewPartner--assignmentYard-application-managepartners-display-component---NewPartner--assignmentsTable-0-inner"}
COMMAND: GET /session/700a0ab92761895b5ec9a5372f8d46fb/screenshot - {}
RESULT: {"using":"css selector","value":"#application-managepartners-display-component---NewPartner--assignmentYard-application-managepartners-display-component---NewPartner--assignmentsTable-0-inner"}
COMMAND: POST /session/700a0ab92761895b5ec9a5372f8d46fb/element/f.647512A71DDA687F9F591F39CAC5A62D.d.C47E7836D3D7A5A9AAB92108D802A7FA.e.25386/clear - {}
RESULT: {}
RESULT: {}
COMMAND: POST /session/700a0ab92761895b5ec9a5372f8d46fb/element/f.647512A71DDA687F9F591F39CAC5A62D.d.C47E7836D3D7A5A9AAB92108D802A7FA.e.25386/value - {"text":"805"}
COMMAND: GET /session/700a0ab92761895b5ec9a5372f8d46fb/screenshot - {}
RESULT: {}
RESULT: {"text":"805"}
COMMAND: POST /session/700a0ab92761895b5ec9a5372f8d46fb/execute/async - {"script":"<script> [1562 bytes]","args":[{"selector":{"id":"application-managepartners-display-component---NewPartner--assignmentYard-application-managepartners-display-component---NewPartner--assignmentsTable-0-arrow"},"wdio_ui5_key":"applicationmanagepartners-display-component---NewPartner--assignmentYard-application-managepartners-display-component---NewPartner--assignmentsTable-0-arrow"}]}
COMMAND: GET /session/700a0ab92761895b5ec9a5372f8d46fb/screenshot - {}
RESULT: {"script":"<script> [1562 bytes]","args":[{"selector":{"id":"application-managepartners-display-component---NewPartner--assignmentYard-application-managepartners-display-component---NewPartner--assignmentsTable-0-arrow"},"wdio_ui5_key":"applicationmanagepartners-display-component---NewPartner--assignmentYard-application-managepartners-display-component---NewPartner--assignmentsTable-0-arrow"}]}
RESULT: undefined
COMMAND: POST /session/700a0ab92761895b5ec9a5372f8d46fb/element - {"using":"xpath","value":"//*[@id=\"application-managepartners-display-component---NewPartner--assignmentYard-application-managepartners-display-component---NewPartner--assignmentsTable-0-arrow\"]"}
RESULT: {}
RESULT: {"using":"xpath","value":"//*[@id=\"application-managepartners-display-component---NewPartner--assignmentYard-application-managepartners-display-component---NewPartner--assignmentsTable-0-arrow\"]"}
COMMAND: POST /session/700a0ab92761895b5ec9a5372f8d46fb/element/f.647512A71DDA687F9F591F39CAC5A62D.d.C47E7836D3D7A5A9AAB92108D802A7FA.e.25394/click - {}
RESULT: {}
COMMAND: GET /session/700a0ab92761895b5ec9a5372f8d46fb/screenshot - {}
RESULT: {}
COMMAND: POST /session/700a0ab92761895b5ec9a5372f8d46fb/execute/async - {"script":"<script> [1562 bytes]","args":[{"selector":{"controlType":"sap.m.Button","viewName":"etm.portal.ui.managepartners.view.NewPartner","viewId":"application-managepartners-display-component---NewPartner","i18NText":{"propertyName":"text","key":"save"},"interaction":{"idSuffix":"BDI-content"}},"wdio_ui5_key":"etmportal.ui.managepartners.view.NewPartnersap.m.Button{\"propertyName\":\"text\",\"key\":\"save\"}"}]}
RESULT: {"script":"<script> [1562 bytes]","args":[{"selector":{"controlType":"sap.m.Button","viewName":"etm.portal.ui.managepartners.view.NewPartner","viewId":"application-managepartners-display-component---NewPartner","i18NText":{"propertyName":"text","key":"save"},"interaction":{"idSuffix":"BDI-content"}},"wdio_ui5_key":"etmportal.ui.managepartners.view.NewPartnersap.m.Button{\"propertyName\":\"text\",\"key\":\"save\"}"}]}
RESULT: undefined
COMMAND: POST /session/700a0ab92761895b5ec9a5372f8d46fb/element - {"using":"xpath","value":"//*[@id=\"__button127\"]"}
RESULT: {"using":"xpath","value":"//*[@id=\"__button127\"]"}
COMMAND: POST /session/700a0ab92761895b5ec9a5372f8d46fb/element/f.647512A71DDA687F9F591F39CAC5A62D.d.C47E7836D3D7A5A9AAB92108D802A7FA.e.25334/click - {}
RESULT: {}
COMMAND: GET /session/700a0ab92761895b5ec9a5372f8d46fb/screenshot - {}
RESULT: {}
COMMAND: POST /session/700a0ab92761895b5ec9a5372f8d46fb/execute/async - {"script":"<script> [1562 bytes]","args":[{"selector":{"controlType":"sap.m.Text","viewName":"etm.portal.ui.managepartners.view.Detail","viewId":"application-managepartners-display-component---detailPtm","bindingPath":{"propertyPath":"ID","modelName":"catalogModel"}},"wdio_ui5_key":"etmportal.ui.managepartners.view.Detailsap.m.Text{\"propertyPath\":\"ID\",\"modelName\":\"catalogModel\"}"}]}
RESULT: {"script":"<script> [1562 bytes]","args":[{"selector":{"controlType":"sap.m.Text","viewName":"etm.portal.ui.managepartners.view.Detail","viewId":"application-managepartners-display-component---detailPtm","bindingPath":{"propertyPath":"ID","modelName":"catalogModel"}},"wdio_ui5_key":"etmportal.ui.managepartners.view.Detailsap.m.Text{\"propertyPath\":\"ID\",\"modelName\":\"catalogModel\"}"}]}
RESULT: undefined
COMMAND: POST /session/700a0ab92761895b5ec9a5372f8d46fb/execute/async - {"script":"<script> [6424 bytes]","args":[{"element-6066-11e4-a52e-4f735466cecf":"f.647512A71DDA687F9F591F39CAC5A62D.d.C47E7836D3D7A5A9AAB92108D802A7FA.e.25560"},"getText",[]]}
RESULT: {"script":"<script> [6424 bytes]","args":[{"element-6066-11e4-a52e-4f735466cecf":"f.647512A71DDA687F9F591F39CAC5A62D.d.C47E7836D3D7A5A9AAB92108D802A7FA.e.25560"},"getText",[]]}
COMMAND: POST /session/700a0ab92761895b5ec9a5372f8d46fb/element - {"using":"css selector","value":"#shell-header-logo"}
RESULT: {"using":"css selector","value":"#shell-header-logo"}
COMMAND: POST /session/700a0ab92761895b5ec9a5372f8d46fb/element/f.647512A71DDA687F9F591F39CAC5A62D.d.C47E7836D3D7A5A9AAB92108D802A7FA.e.24890/click - {}
RESULT: {}
]]></system-out>
    </testcase>
    <testcase classname="chrome.135_0_7049_96.windows.Return_from_Site_w/_warehouse_management_w/_clarification_US125588" name="Should create a new WHM Material" time="93.128">
      <system-out><![CDATA[
COMMAND: POST /session/700a0ab92761895b5ec9a5372f8d46fb/execute/async - {"script":"<script> [1562 bytes]","args":[{"selector":{"controlType":"sap.m.GenericTile","properties":{"header":"Manage Resources"}},"wdio_ui5_key":"sapm.GenericTile{\"header\":\"Manage Resources\"}"}]}
COMMAND: GET /session/700a0ab92761895b5ec9a5372f8d46fb/screenshot - {}
RESULT: {"script":"<script> [1562 bytes]","args":[{"selector":{"controlType":"sap.m.GenericTile","properties":{"header":"Manage Resources"}},"wdio_ui5_key":"sapm.GenericTile{\"header\":\"Manage Resources\"}"}]}
RESULT: undefined
COMMAND: POST /session/700a0ab92761895b5ec9a5372f8d46fb/element - {"using":"xpath","value":"//*[@id=\"__tile39\"]"}
RESULT: {}
RESULT: {"using":"xpath","value":"//*[@id=\"__tile39\"]"}
COMMAND: POST /session/700a0ab92761895b5ec9a5372f8d46fb/element/f.647512A71DDA687F9F591F39CAC5A62D.d.C47E7836D3D7A5A9AAB92108D802A7FA.e.25562/click - {}
RESULT: {}
COMMAND: POST /session/700a0ab92761895b5ec9a5372f8d46fb/execute/async - {"script":"<script> [1562 bytes]","args":[{"selector":{"controlType":"sap.m.OverflowToolbarButton","viewName":"etm.portal.ui.manageresources.view.Master","viewId":"application-manageresources-display-component---masterRU","bindingPath":{"path":"","propertyPath":"/isLogbook","modelName":"minimumStockRPGModel"},"interaction":{"idSuffix":"inner"}},"wdio_ui5_key":"etmportal.ui.manageresources.view.Mastersap.m.OverflowToolbarButton{\"path\":\"\",\"propertyPath\":\"/isLogbook\",\"modelName\":\"minimumStockRPGModel\"}"}]}
COMMAND: GET /session/700a0ab92761895b5ec9a5372f8d46fb/screenshot - {}
RESULT: undefined
RESULT: undefined
RESULT: {"script":"<script> [1562 bytes]","args":[{"selector":{"controlType":"sap.m.OverflowToolbarButton","viewName":"etm.portal.ui.manageresources.view.Master","viewId":"application-manageresources-display-component---masterRU","bindingPath":{"path":"","propertyPath":"/isLogbook","modelName":"minimumStockRPGModel"},"interaction":{"idSuffix":"inner"}},"wdio_ui5_key":"etmportal.ui.manageresources.view.Mastersap.m.OverflowToolbarButton{\"path\":\"\",\"propertyPath\":\"/isLogbook\",\"modelName\":\"minimumStockRPGModel\"}"}]}
RESULT: undefined
COMMAND: POST /session/700a0ab92761895b5ec9a5372f8d46fb/element - {"using":"xpath","value":"//*[@id=\"__button168\"]"}
RESULT: {}
RESULT: {"using":"xpath","value":"//*[@id=\"__button168\"]"}
COMMAND: POST /session/700a0ab92761895b5ec9a5372f8d46fb/element/f.647512A71DDA687F9F591F39CAC5A62D.d.C47E7836D3D7A5A9AAB92108D802A7FA.e.25603/click - {}
RESULT: {}
COMMAND: GET /session/700a0ab92761895b5ec9a5372f8d46fb/screenshot - {}
RESULT: {}
COMMAND: POST /session/700a0ab92761895b5ec9a5372f8d46fb/execute/async - {"script":"<script> [1562 bytes]","args":[{"selector":{"id":"application-manageresources-display-component---newResourceUnit--TYPE-arrow"},"wdio_ui5_key":"applicationmanageresources-display-component---newResourceUnit--TYPE-arrow"}]}
RESULT: {"script":"<script> [1562 bytes]","args":[{"selector":{"id":"application-manageresources-display-component---newResourceUnit--TYPE-arrow"},"wdio_ui5_key":"applicationmanageresources-display-component---newResourceUnit--TYPE-arrow"}]}
RESULT: undefined
COMMAND: POST /session/700a0ab92761895b5ec9a5372f8d46fb/element - {"using":"xpath","value":"//*[@id=\"application-manageresources-display-component---newResourceUnit--TYPE-arrow\"]"}
RESULT: {"using":"xpath","value":"//*[@id=\"application-manageresources-display-component---newResourceUnit--TYPE-arrow\"]"}
COMMAND: POST /session/700a0ab92761895b5ec9a5372f8d46fb/element/f.647512A71DDA687F9F591F39CAC5A62D.d.C47E7836D3D7A5A9AAB92108D802A7FA.e.25907/click - {}
RESULT: {}
COMMAND: POST /session/700a0ab92761895b5ec9a5372f8d46fb/execute/async - {"script":"<script> [1562 bytes]","args":[{"selector":{"controlType":"sap.m.StandardListItem","viewName":"reusables.view.manageresources.NewResourceUnit","viewId":"application-manageresources-display-component---newResourceUnit","properties":{"title":"Material"},"searchOpenDialogs":true,"interaction":{"idSuffix":"content"}},"wdio_ui5_key":"reusablesview.manageresources.NewResourceUnitsap.m.StandardListItem{\"title\":\"Material\"}"}]}
COMMAND: GET /session/700a0ab92761895b5ec9a5372f8d46fb/screenshot - {}
RESULT: {"script":"<script> [1562 bytes]","args":[{"selector":{"controlType":"sap.m.StandardListItem","viewName":"reusables.view.manageresources.NewResourceUnit","viewId":"application-manageresources-display-component---newResourceUnit","properties":{"title":"Material"},"searchOpenDialogs":true,"interaction":{"idSuffix":"content"}},"wdio_ui5_key":"reusablesview.manageresources.NewResourceUnitsap.m.StandardListItem{\"title\":\"Material\"}"}]}
RESULT: undefined
COMMAND: POST /session/700a0ab92761895b5ec9a5372f8d46fb/element - {"using":"xpath","value":"//*[@id=\"__item1751\"]"}
RESULT: {}
RESULT: {"using":"xpath","value":"//*[@id=\"__item1751\"]"}
COMMAND: POST /session/700a0ab92761895b5ec9a5372f8d46fb/element/f.647512A71DDA687F9F591F39CAC5A62D.d.C47E7836D3D7A5A9AAB92108D802A7FA.e.25910/click - {}
RESULT: {}
COMMAND: POST /session/700a0ab92761895b5ec9a5372f8d46fb/execute/async - {"script":"<script> [1562 bytes]","args":[{"selector":{"id":"application-manageresources-display-component---newResourceUnit--resourceId","interaction":{"idSuffix":"inner"}},"wdio_ui5_key":"applicationmanageresources-display-component---newResourceUnit--resourceId"}]}
COMMAND: GET /session/700a0ab92761895b5ec9a5372f8d46fb/screenshot - {}
RESULT: {"script":"<script> [1562 bytes]","args":[{"selector":{"id":"application-manageresources-display-component---newResourceUnit--resourceId","interaction":{"idSuffix":"inner"}},"wdio_ui5_key":"applicationmanageresources-display-component---newResourceUnit--resourceId"}]}
RESULT: undefined
COMMAND: POST /session/700a0ab92761895b5ec9a5372f8d46fb/execute/async - {"script":"<script> [1562 bytes]","args":[{"selector":{"id":"application-manageresources-display-component---newResourceUnit--SHORT_TEXT","interaction":{"idSuffix":"inner"}},"wdio_ui5_key":"applicationmanageresources-display-component---newResourceUnit--SHORT_TEXT"}]}
RESULT: {}
RESULT: {"script":"<script> [1562 bytes]","args":[{"selector":{"id":"application-manageresources-display-component---newResourceUnit--SHORT_TEXT","interaction":{"idSuffix":"inner"}},"wdio_ui5_key":"applicationmanageresources-display-component---newResourceUnit--SHORT_TEXT"}]}
RESULT: undefined
COMMAND: POST /session/700a0ab92761895b5ec9a5372f8d46fb/execute/async - {"script":"<script> [776 bytes]","args":[{"enterText":"material WHM","selector":{"id":"application-manageresources-display-component---newResourceUnit--SHORT_TEXT","interaction":{"idSuffix":"inner"}},"clearTextFirst":true,"interactionType":"ENTER_TEXT"}]}
RESULT: {"script":"<script> [776 bytes]","args":[{"enterText":"material WHM","selector":{"id":"application-manageresources-display-component---newResourceUnit--SHORT_TEXT","interaction":{"idSuffix":"inner"}},"clearTextFirst":true,"interactionType":"ENTER_TEXT"}]}
COMMAND: POST /session/700a0ab92761895b5ec9a5372f8d46fb/execute/async - {"script":"<script> [1562 bytes]","args":[{"selector":{"id":"application-manageresources-display-component---newResourceUnit--BASE_UNIT_OF_MEASURE","interaction":{"idSuffix":"inner"}},"wdio_ui5_key":"applicationmanageresources-display-component---newResourceUnit--BASE_UNIT_OF_MEASURE"}]}
RESULT: {"script":"<script> [1562 bytes]","args":[{"selector":{"id":"application-manageresources-display-component---newResourceUnit--BASE_UNIT_OF_MEASURE","interaction":{"idSuffix":"inner"}},"wdio_ui5_key":"applicationmanageresources-display-component---newResourceUnit--BASE_UNIT_OF_MEASURE"}]}
RESULT: undefined
COMMAND: POST /session/700a0ab92761895b5ec9a5372f8d46fb/execute/async - {"script":"<script> [776 bytes]","args":[{"enterText":"Piece","selector":{"id":"application-manageresources-display-component---newResourceUnit--BASE_UNIT_OF_MEASURE","interaction":{"idSuffix":"inner"}},"clearTextFirst":true,"interactionType":"ENTER_TEXT"}]}
RESULT: {"script":"<script> [776 bytes]","args":[{"enterText":"Piece","selector":{"id":"application-manageresources-display-component---newResourceUnit--BASE_UNIT_OF_MEASURE","interaction":{"idSuffix":"inner"}},"clearTextFirst":true,"interactionType":"ENTER_TEXT"}]}
COMMAND: POST /session/700a0ab92761895b5ec9a5372f8d46fb/execute/async - {"script":"<script> [1562 bytes]","args":[{"selector":{"id":"application-manageresources-display-component---newResourceUnit--WEIGHT_UNIT","interaction":{"idSuffix":"inner"}},"wdio_ui5_key":"applicationmanageresources-display-component---newResourceUnit--WEIGHT_UNIT"}]}
RESULT: {"script":"<script> [1562 bytes]","args":[{"selector":{"id":"application-manageresources-display-component---newResourceUnit--WEIGHT_UNIT","interaction":{"idSuffix":"inner"}},"wdio_ui5_key":"applicationmanageresources-display-component---newResourceUnit--WEIGHT_UNIT"}]}
RESULT: undefined
COMMAND: POST /session/700a0ab92761895b5ec9a5372f8d46fb/execute/async - {"script":"<script> [776 bytes]","args":[{"enterText":"Gram","selector":{"id":"application-manageresources-display-component---newResourceUnit--WEIGHT_UNIT","interaction":{"idSuffix":"inner"}},"clearTextFirst":true,"interactionType":"ENTER_TEXT"}]}
RESULT: {"script":"<script> [776 bytes]","args":[{"enterText":"Gram","selector":{"id":"application-manageresources-display-component---newResourceUnit--WEIGHT_UNIT","interaction":{"idSuffix":"inner"}},"clearTextFirst":true,"interactionType":"ENTER_TEXT"}]}
COMMAND: POST /session/700a0ab92761895b5ec9a5372f8d46fb/execute/async - {"script":"<script> [1562 bytes]","args":[{"selector":{"id":"application-manageresources-display-component---newResourceUnit--DIMENSION_UNIT","interaction":{"idSuffix":"inner"}},"wdio_ui5_key":"applicationmanageresources-display-component---newResourceUnit--DIMENSION_UNIT"}]}
RESULT: {"script":"<script> [1562 bytes]","args":[{"selector":{"id":"application-manageresources-display-component---newResourceUnit--DIMENSION_UNIT","interaction":{"idSuffix":"inner"}},"wdio_ui5_key":"applicationmanageresources-display-component---newResourceUnit--DIMENSION_UNIT"}]}
RESULT: undefined
COMMAND: POST /session/700a0ab92761895b5ec9a5372f8d46fb/execute/async - {"script":"<script> [776 bytes]","args":[{"enterText":"Meter","selector":{"id":"application-manageresources-display-component---newResourceUnit--DIMENSION_UNIT","interaction":{"idSuffix":"inner"}},"clearTextFirst":true,"interactionType":"ENTER_TEXT"}]}
RESULT: {"script":"<script> [776 bytes]","args":[{"enterText":"Meter","selector":{"id":"application-manageresources-display-component---newResourceUnit--DIMENSION_UNIT","interaction":{"idSuffix":"inner"}},"clearTextFirst":true,"interactionType":"ENTER_TEXT"}]}
COMMAND: POST /session/700a0ab92761895b5ec9a5372f8d46fb/execute/async - {"script":"<script> [1562 bytes]","args":[{"selector":{"id":"application-manageresources-display-component---newResourceUnit--newRRUPage-anchBar-application-manageresources-display-component---newResourceUnit--control-anchor","interaction":{"idSuffix":"content"}},"wdio_ui5_key":"applicationmanageresources-display-component---newResourceUnit--newRRUPage-anchBar-application-manageresources-display-component---newResourceUnit--control-anchor"}]}
RESULT: {"script":"<script> [1562 bytes]","args":[{"selector":{"id":"application-manageresources-display-component---newResourceUnit--newRRUPage-anchBar-application-manageresources-display-component---newResourceUnit--control-anchor","interaction":{"idSuffix":"content"}},"wdio_ui5_key":"applicationmanageresources-display-component---newResourceUnit--newRRUPage-anchBar-application-manageresources-display-component---newResourceUnit--control-anchor"}]}
RESULT: undefined
COMMAND: POST /session/700a0ab92761895b5ec9a5372f8d46fb/element - {"using":"xpath","value":"//*[@id=\"application-manageresources-display-component---newResourceUnit--newRRUPage-anchBar-application-manageresources-display-component---newResourceUnit--control-anchor\"]"}
RESULT: {"using":"xpath","value":"//*[@id=\"application-manageresources-display-component---newResourceUnit--newRRUPage-anchBar-application-manageresources-display-component---newResourceUnit--control-anchor\"]"}
COMMAND: POST /session/700a0ab92761895b5ec9a5372f8d46fb/element/f.647512A71DDA687F9F591F39CAC5A62D.d.C47E7836D3D7A5A9AAB92108D802A7FA.e.25974/click - {}
RESULT: {}
COMMAND: POST /session/700a0ab92761895b5ec9a5372f8d46fb/execute/async - {"script":"<script> [1562 bytes]","args":[{"selector":{"id":"application-manageresources-display-component---newResourceUnit--PLANNING_GROUP","interaction":{"idSuffix":"inner"}},"wdio_ui5_key":"applicationmanageresources-display-component---newResourceUnit--PLANNING_GROUP"}]}
COMMAND: GET /session/700a0ab92761895b5ec9a5372f8d46fb/screenshot - {}
RESULT: {"script":"<script> [1562 bytes]","args":[{"selector":{"id":"application-manageresources-display-component---newResourceUnit--PLANNING_GROUP","interaction":{"idSuffix":"inner"}},"wdio_ui5_key":"applicationmanageresources-display-component---newResourceUnit--PLANNING_GROUP"}]}
RESULT: undefined
COMMAND: POST /session/700a0ab92761895b5ec9a5372f8d46fb/execute/async - {"script":"<script> [776 bytes]","args":[{"enterText":"Heavy Equi","selector":{"id":"application-manageresources-display-component---newResourceUnit--PLANNING_GROUP","interaction":{"idSuffix":"inner"}},"clearTextFirst":true,"interactionType":"ENTER_TEXT"}]}
RESULT: {}
RESULT: {"script":"<script> [776 bytes]","args":[{"enterText":"Heavy Equi","selector":{"id":"application-manageresources-display-component---newResourceUnit--PLANNING_GROUP","interaction":{"idSuffix":"inner"}},"clearTextFirst":true,"interactionType":"ENTER_TEXT"}]}
COMMAND: POST /session/700a0ab92761895b5ec9a5372f8d46fb/execute/async - {"script":"<script> [1562 bytes]","args":[{"selector":{"id":"application-manageresources-display-component---newResourceUnit--PLANNING_INDICATOR","interaction":{"idSuffix":"inner"}},"wdio_ui5_key":"applicationmanageresources-display-component---newResourceUnit--PLANNING_INDICATOR"}]}
RESULT: {"script":"<script> [1562 bytes]","args":[{"selector":{"id":"application-manageresources-display-component---newResourceUnit--PLANNING_INDICATOR","interaction":{"idSuffix":"inner"}},"wdio_ui5_key":"applicationmanageresources-display-component---newResourceUnit--PLANNING_INDICATOR"}]}
RESULT: undefined
COMMAND: POST /session/700a0ab92761895b5ec9a5372f8d46fb/execute/async - {"script":"<script> [776 bytes]","args":[{"enterText":"10 - infinite","selector":{"id":"application-manageresources-display-component---newResourceUnit--PLANNING_INDICATOR","interaction":{"idSuffix":"inner"}},"clearTextFirst":true,"interactionType":"ENTER_TEXT"}]}
RESULT: {"script":"<script> [776 bytes]","args":[{"enterText":"10 - infinite","selector":{"id":"application-manageresources-display-component---newResourceUnit--PLANNING_INDICATOR","interaction":{"idSuffix":"inner"}},"clearTextFirst":true,"interactionType":"ENTER_TEXT"}]}
COMMAND: POST /session/700a0ab92761895b5ec9a5372f8d46fb/actions - {"actions":[{"id":"action105","type":"key","parameters":{},"actions":[{"type":"keyDown","value":"î€‡"},{"type":"pause","duration":10},{"type":"keyUp","value":"î€‡"}]}]}
RESULT: {"actions":[{"id":"action105","type":"key","parameters":{},"actions":[{"type":"keyDown","value":"î€‡"},{"type":"pause","duration":10},{"type":"keyUp","value":"î€‡"}]}]}
COMMAND: POST /session/700a0ab92761895b5ec9a5372f8d46fb/execute/async - {"script":"<script> [1562 bytes]","args":[{"selector":{"id":"application-manageresources-display-component---newResourceUnit--ITEM_TYPE-arrow"},"wdio_ui5_key":"applicationmanageresources-display-component---newResourceUnit--ITEM_TYPE-arrow"}]}
COMMAND: GET /session/700a0ab92761895b5ec9a5372f8d46fb/screenshot - {}
RESULT: {"script":"<script> [1562 bytes]","args":[{"selector":{"id":"application-manageresources-display-component---newResourceUnit--ITEM_TYPE-arrow"},"wdio_ui5_key":"applicationmanageresources-display-component---newResourceUnit--ITEM_TYPE-arrow"}]}
RESULT: undefined
COMMAND: POST /session/700a0ab92761895b5ec9a5372f8d46fb/element - {"using":"xpath","value":"//*[@id=\"application-manageresources-display-component---newResourceUnit--ITEM_TYPE-arrow\"]"}
RESULT: {}
RESULT: {"using":"xpath","value":"//*[@id=\"application-manageresources-display-component---newResourceUnit--ITEM_TYPE-arrow\"]"}
COMMAND: POST /session/700a0ab92761895b5ec9a5372f8d46fb/element/f.647512A71DDA687F9F591F39CAC5A62D.d.C47E7836D3D7A5A9AAB92108D802A7FA.e.25984/click - {}
RESULT: {}
COMMAND: POST /session/700a0ab92761895b5ec9a5372f8d46fb/execute/async - {"script":"<script> [1562 bytes]","args":[{"selector":{"controlType":"sap.m.StandardListItem","viewName":"reusables.view.manageresources.NewResourceUnit","viewId":"application-manageresources-display-component---newResourceUnit","properties":{"title":"Resource Unit"},"searchOpenDialogs":true,"interaction":{"idSuffix":"titleText"}},"wdio_ui5_key":"reusablesview.manageresources.NewResourceUnitsap.m.StandardListItem{\"title\":\"Resource Unit\"}"}]}
COMMAND: GET /session/700a0ab92761895b5ec9a5372f8d46fb/screenshot - {}
RESULT: {"script":"<script> [1562 bytes]","args":[{"selector":{"controlType":"sap.m.StandardListItem","viewName":"reusables.view.manageresources.NewResourceUnit","viewId":"application-manageresources-display-component---newResourceUnit","properties":{"title":"Resource Unit"},"searchOpenDialogs":true,"interaction":{"idSuffix":"titleText"}},"wdio_ui5_key":"reusablesview.manageresources.NewResourceUnitsap.m.StandardListItem{\"title\":\"Resource Unit\"}"}]}
RESULT: undefined
RESULT: {}
COMMAND: POST /session/700a0ab92761895b5ec9a5372f8d46fb/execute/async - {"script":"<script> [1562 bytes]","args":[{"selector":{"controlType":"sap.m.Label","viewName":"reusables.view.manageresources.NewResourceUnit","viewId":"application-manageresources-display-component---newResourceUnit","i18NText":{"propertyName":"text","key":"planningGroup"},"interaction":{"idSuffix":"bdi"}},"wdio_ui5_key":"reusablesview.manageresources.NewResourceUnitsap.m.Label{\"propertyName\":\"text\",\"key\":\"planningGroup\"}"}]}
RESULT: {"script":"<script> [1562 bytes]","args":[{"selector":{"controlType":"sap.m.Label","viewName":"reusables.view.manageresources.NewResourceUnit","viewId":"application-manageresources-display-component---newResourceUnit","i18NText":{"propertyName":"text","key":"planningGroup"},"interaction":{"idSuffix":"bdi"}},"wdio_ui5_key":"reusablesview.manageresources.NewResourceUnitsap.m.Label{\"propertyName\":\"text\",\"key\":\"planningGroup\"}"}]}
RESULT: undefined
COMMAND: POST /session/700a0ab92761895b5ec9a5372f8d46fb/element - {"using":"xpath","value":"//*[@id=\"__label263\"]"}
RESULT: {"using":"xpath","value":"//*[@id=\"__label263\"]"}
COMMAND: POST /session/700a0ab92761895b5ec9a5372f8d46fb/element/f.647512A71DDA687F9F591F39CAC5A62D.d.C47E7836D3D7A5A9AAB92108D802A7FA.e.25986/click - {}
RESULT: {}
COMMAND: GET /session/700a0ab92761895b5ec9a5372f8d46fb/screenshot - {}
RESULT: {}
COMMAND: POST /session/700a0ab92761895b5ec9a5372f8d46fb/actions - {"actions":[{"type":"key","id":"keyboard","actions":[{"type":"keyDown","value":"î›"}]}]}
RESULT: {"actions":[{"type":"key","id":"keyboard","actions":[{"type":"keyDown","value":"î›"}]}]}
COMMAND: GET /session/700a0ab92761895b5ec9a5372f8d46fb/screenshot - {}
RESULT: {}
COMMAND: POST /session/700a0ab92761895b5ec9a5372f8d46fb/actions - {"actions":[{"type":"key","id":"keyboard","actions":[{"type":"keyDown","value":"î›"}]}]}
RESULT: {"actions":[{"type":"key","id":"keyboard","actions":[{"type":"keyDown","value":"î›"}]}]}
COMMAND: GET /session/700a0ab92761895b5ec9a5372f8d46fb/screenshot - {}
RESULT: {}
COMMAND: POST /session/700a0ab92761895b5ec9a5372f8d46fb/actions - {"actions":[{"type":"key","id":"keyboard","actions":[{"type":"keyDown","value":"î›"}]}]}
RESULT: {"actions":[{"type":"key","id":"keyboard","actions":[{"type":"keyDown","value":"î›"}]}]}
COMMAND: GET /session/700a0ab92761895b5ec9a5372f8d46fb/screenshot - {}
RESULT: {}
COMMAND: POST /session/700a0ab92761895b5ec9a5372f8d46fb/actions - {"actions":[{"type":"key","id":"keyboard","actions":[{"type":"keyDown","value":"î›"}]}]}
RESULT: {"actions":[{"type":"key","id":"keyboard","actions":[{"type":"keyDown","value":"î›"}]}]}
COMMAND: GET /session/700a0ab92761895b5ec9a5372f8d46fb/screenshot - {}
RESULT: {}
COMMAND: POST /session/700a0ab92761895b5ec9a5372f8d46fb/actions - {"actions":[{"type":"key","id":"keyboard","actions":[{"type":"keyDown","value":"î›"}]}]}
RESULT: {"actions":[{"type":"key","id":"keyboard","actions":[{"type":"keyDown","value":"î›"}]}]}
COMMAND: GET /session/700a0ab92761895b5ec9a5372f8d46fb/screenshot - {}
RESULT: {}
COMMAND: POST /session/700a0ab92761895b5ec9a5372f8d46fb/actions - {"actions":[{"type":"key","id":"keyboard","actions":[{"type":"keyDown","value":"î›"}]}]}
RESULT: {"actions":[{"type":"key","id":"keyboard","actions":[{"type":"keyDown","value":"î›"}]}]}
COMMAND: GET /session/700a0ab92761895b5ec9a5372f8d46fb/screenshot - {}
RESULT: {}
COMMAND: POST /session/700a0ab92761895b5ec9a5372f8d46fb/execute/async - {"script":"<script> [1562 bytes]","args":[{"selector":{"id":"application-manageresources-display-component---newResourceUnit--btnAddTimeSegment-img"},"wdio_ui5_key":"applicationmanageresources-display-component---newResourceUnit--btnAddTimeSegment-img"}]}
RESULT: {"script":"<script> [1562 bytes]","args":[{"selector":{"id":"application-manageresources-display-component---newResourceUnit--btnAddTimeSegment-img"},"wdio_ui5_key":"applicationmanageresources-display-component---newResourceUnit--btnAddTimeSegment-img"}]}
RESULT: undefined
COMMAND: POST /session/700a0ab92761895b5ec9a5372f8d46fb/element - {"using":"xpath","value":"//*[@id=\"application-manageresources-display-component---newResourceUnit--btnAddTimeSegment-img\"]"}
RESULT: {"using":"xpath","value":"//*[@id=\"application-manageresources-display-component---newResourceUnit--btnAddTimeSegment-img\"]"}
COMMAND: POST /session/700a0ab92761895b5ec9a5372f8d46fb/element/f.647512A71DDA687F9F591F39CAC5A62D.d.C47E7836D3D7A5A9AAB92108D802A7FA.e.25987/click - {}
RESULT: {}
COMMAND: POST /session/700a0ab92761895b5ec9a5372f8d46fb/element - {"using":"xpath","value":"//input[@id=\"application-manageresources-display-component---newResourceUnit--idRuTSAdmin-application-manageresources-display-component---newResourceUnit--RUTimeSegment-0-inner\"]"}
COMMAND: GET /session/700a0ab92761895b5ec9a5372f8d46fb/screenshot - {}
RESULT: {"using":"xpath","value":"//input[@id=\"application-manageresources-display-component---newResourceUnit--idRuTSAdmin-application-manageresources-display-component---newResourceUnit--RUTimeSegment-0-inner\"]"}
COMMAND: POST /session/700a0ab92761895b5ec9a5372f8d46fb/element/f.647512A71DDA687F9F591F39CAC5A62D.d.C47E7836D3D7A5A9AAB92108D802A7FA.e.25990/clear - {}
RESULT: {}
RESULT: {}
COMMAND: POST /session/700a0ab92761895b5ec9a5372f8d46fb/element/f.647512A71DDA687F9F591F39CAC5A62D.d.C47E7836D3D7A5A9AAB92108D802A7FA.e.25990/value - {"text":"805"}
COMMAND: GET /session/700a0ab92761895b5ec9a5372f8d46fb/screenshot - {}
RESULT: {"text":"805"}
COMMAND: GET /session/700a0ab92761895b5ec9a5372f8d46fb/screenshot - {}
RESULT: {}
RESULT: {}
COMMAND: POST /session/700a0ab92761895b5ec9a5372f8d46fb/actions - {"actions":[{"id":"action106","type":"key","parameters":{},"actions":[{"type":"keyDown","value":"î€‡"},{"type":"pause","duration":10},{"type":"keyUp","value":"î€‡"}]}]}
RESULT: {"actions":[{"id":"action106","type":"key","parameters":{},"actions":[{"type":"keyDown","value":"î€‡"},{"type":"pause","duration":10},{"type":"keyUp","value":"î€‡"}]}]}
COMMAND: GET /session/700a0ab92761895b5ec9a5372f8d46fb/screenshot - {}
RESULT: {}
COMMAND: POST /session/700a0ab92761895b5ec9a5372f8d46fb/execute/async - {"script":"<script> [1562 bytes]","args":[{"selector":{"controlType":"sap.m.Button","viewName":"reusables.view.manageresources.NewResourceUnit","viewId":"application-manageresources-display-component---newResourceUnit","i18NText":{"propertyName":"tooltip","key":"save"},"interaction":{"idSuffix":"BDI-content"}},"wdio_ui5_key":"reusablesview.manageresources.NewResourceUnitsap.m.Button{\"propertyName\":\"tooltip\",\"key\":\"save\"}"}]}
RESULT: {"script":"<script> [1562 bytes]","args":[{"selector":{"controlType":"sap.m.Button","viewName":"reusables.view.manageresources.NewResourceUnit","viewId":"application-manageresources-display-component---newResourceUnit","i18NText":{"propertyName":"tooltip","key":"save"},"interaction":{"idSuffix":"BDI-content"}},"wdio_ui5_key":"reusablesview.manageresources.NewResourceUnitsap.m.Button{\"propertyName\":\"tooltip\",\"key\":\"save\"}"}]}
RESULT: undefined
COMMAND: POST /session/700a0ab92761895b5ec9a5372f8d46fb/element - {"using":"xpath","value":"//*[@id=\"application-manageresources-display-component---newResourceUnit--createRuButton\"]"}
RESULT: {"using":"xpath","value":"//*[@id=\"application-manageresources-display-component---newResourceUnit--createRuButton\"]"}
COMMAND: POST /session/700a0ab92761895b5ec9a5372f8d46fb/element/f.647512A71DDA687F9F591F39CAC5A62D.d.C47E7836D3D7A5A9AAB92108D802A7FA.e.25923/click - {}
RESULT: {}
COMMAND: POST /session/700a0ab92761895b5ec9a5372f8d46fb/execute/async - {"script":"<script> [1562 bytes]","args":[{"selector":{"controlType":"sap.m.Button","properties":{"text":"Close"},"searchOpenDialogs":true,"interaction":{"idSuffix":"BDI-content"}},"wdio_ui5_key":"sapm.Button{\"text\":\"Close\"}"}]}
COMMAND: GET /session/700a0ab92761895b5ec9a5372f8d46fb/screenshot - {}
RESULT: {"script":"<script> [1562 bytes]","args":[{"selector":{"controlType":"sap.m.Button","properties":{"text":"Close"},"searchOpenDialogs":true,"interaction":{"idSuffix":"BDI-content"}},"wdio_ui5_key":"sapm.Button{\"text\":\"Close\"}"}]}
RESULT: undefined
COMMAND: POST /session/700a0ab92761895b5ec9a5372f8d46fb/element - {"using":"xpath","value":"//*[@id=\"__mbox-btn-0\"]"}
RESULT: {}
RESULT: {"using":"xpath","value":"//*[@id=\"__mbox-btn-0\"]"}
COMMAND: POST /session/700a0ab92761895b5ec9a5372f8d46fb/element/f.647512A71DDA687F9F591F39CAC5A62D.d.C47E7836D3D7A5A9AAB92108D802A7FA.e.26003/click - {}
RESULT: {}
COMMAND: GET /session/700a0ab92761895b5ec9a5372f8d46fb/screenshot - {}
RESULT: {}
COMMAND: POST /session/700a0ab92761895b5ec9a5372f8d46fb/execute/async - {"script":"<script> [1562 bytes]","args":[{"selector":{"controlType":"sap.m.Text","viewName":"etm.portal.ui.manageresources.view.Detail","viewId":"application-manageresources-display-component---detailRU","bindingPath":{"propertyPath":"ID","modelName":"catalogModel"}},"wdio_ui5_key":"etmportal.ui.manageresources.view.Detailsap.m.Text{\"propertyPath\":\"ID\",\"modelName\":\"catalogModel\"}"}]}
RESULT: {"script":"<script> [1562 bytes]","args":[{"selector":{"controlType":"sap.m.Text","viewName":"etm.portal.ui.manageresources.view.Detail","viewId":"application-manageresources-display-component---detailRU","bindingPath":{"propertyPath":"ID","modelName":"catalogModel"}},"wdio_ui5_key":"etmportal.ui.manageresources.view.Detailsap.m.Text{\"propertyPath\":\"ID\",\"modelName\":\"catalogModel\"}"}]}
RESULT: undefined
COMMAND: POST /session/700a0ab92761895b5ec9a5372f8d46fb/execute/async - {"script":"<script> [6424 bytes]","args":[{"element-6066-11e4-a52e-4f735466cecf":"f.647512A71DDA687F9F591F39CAC5A62D.d.C47E7836D3D7A5A9AAB92108D802A7FA.e.26035"},"getText",[]]}
RESULT: {"script":"<script> [6424 bytes]","args":[{"element-6066-11e4-a52e-4f735466cecf":"f.647512A71DDA687F9F591F39CAC5A62D.d.C47E7836D3D7A5A9AAB92108D802A7FA.e.26035"},"getText",[]]}
COMMAND: POST /session/700a0ab92761895b5ec9a5372f8d46fb/element - {"using":"css selector","value":"#shell-header-logo"}
RESULT: {"using":"css selector","value":"#shell-header-logo"}
COMMAND: POST /session/700a0ab92761895b5ec9a5372f8d46fb/element/f.647512A71DDA687F9F591F39CAC5A62D.d.C47E7836D3D7A5A9AAB92108D802A7FA.e.25564/click - {}
RESULT: {}
COMMAND: GET /session/700a0ab92761895b5ec9a5372f8d46fb/screenshot - {}
RESULT: {}
]]></system-out>
    </testcase>
    <testcase classname="chrome.135_0_7049_96.windows.Return_from_Site_w/_warehouse_management_w/_clarification_US125588" name="Bin Status Report Should Create New Organization yard" time="46.407">
      <system-out><![CDATA[
COMMAND: POST /session/700a0ab92761895b5ec9a5372f8d46fb/execute/async - {"script":"<script> [1562 bytes]","args":[{"selector":{"controlType":"sap.m.GenericTile","properties":{"header":"Bin Status Report"}},"wdio_ui5_key":"sapm.GenericTile{\"header\":\"Bin Status Report\"}"}]}
RESULT: {"script":"<script> [1562 bytes]","args":[{"selector":{"controlType":"sap.m.GenericTile","properties":{"header":"Bin Status Report"}},"wdio_ui5_key":"sapm.GenericTile{\"header\":\"Bin Status Report\"}"}]}
RESULT: undefined
COMMAND: POST /session/700a0ab92761895b5ec9a5372f8d46fb/element - {"using":"xpath","value":"//*[@id=\"__tile104\"]"}
RESULT: {"using":"xpath","value":"//*[@id=\"__tile104\"]"}
COMMAND: POST /session/700a0ab92761895b5ec9a5372f8d46fb/element/f.647512A71DDA687F9F591F39CAC5A62D.d.C47E7836D3D7A5A9AAB92108D802A7FA.e.26037/click - {}
RESULT: {}
COMMAND: GET /session/700a0ab92761895b5ec9a5372f8d46fb/screenshot - {}
RESULT: {}
COMMAND: POST /session/700a0ab92761895b5ec9a5372f8d46fb/execute/async - {"script":"<script> [1562 bytes]","args":[{"selector":{"id":"application-binstatusreport-display-component---warehousing--createOrgBtn","interaction":{"idSuffix":"content"}},"wdio_ui5_key":"applicationbinstatusreport-display-component---warehousing--createOrgBtn"}]}
RESULT: {"script":"<script> [1562 bytes]","args":[{"selector":{"id":"application-binstatusreport-display-component---warehousing--createOrgBtn","interaction":{"idSuffix":"content"}},"wdio_ui5_key":"applicationbinstatusreport-display-component---warehousing--createOrgBtn"}]}
RESULT: undefined
COMMAND: POST /session/700a0ab92761895b5ec9a5372f8d46fb/element - {"using":"xpath","value":"//*[@id=\"application-binstatusreport-display-component---warehousing--createOrgBtn\"]"}
RESULT: {"using":"xpath","value":"//*[@id=\"application-binstatusreport-display-component---warehousing--createOrgBtn\"]"}
COMMAND: POST /session/700a0ab92761895b5ec9a5372f8d46fb/element/f.647512A71DDA687F9F591F39CAC5A62D.d.C47E7836D3D7A5A9AAB92108D802A7FA.e.26075/click - {}
RESULT: {}
COMMAND: POST /session/700a0ab92761895b5ec9a5372f8d46fb/execute/async - {"script":"<script> [1562 bytes]","args":[{"selector":{"id":"createOrganizationPop--sectionInput","searchOpenDialogs":true,"interaction":{"idSuffix":"inner"}},"wdio_ui5_key":"createOrganizationPopsectionInput"}]}
COMMAND: GET /session/700a0ab92761895b5ec9a5372f8d46fb/screenshot - {}
RESULT: {}
RESULT: {"script":"<script> [1562 bytes]","args":[{"selector":{"id":"createOrganizationPop--sectionInput","searchOpenDialogs":true,"interaction":{"idSuffix":"inner"}},"wdio_ui5_key":"createOrganizationPopsectionInput"}]}
RESULT: undefined
COMMAND: POST /session/700a0ab92761895b5ec9a5372f8d46fb/execute/async - {"script":"<script> [776 bytes]","args":[{"enterText":"WDI805","selector":{"id":"createOrganizationPop--sectionInput","searchOpenDialogs":true,"interaction":{"idSuffix":"inner"}},"clearTextFirst":true,"interactionType":"ENTER_TEXT"}]}
RESULT: {"script":"<script> [776 bytes]","args":[{"enterText":"WDI805","selector":{"id":"createOrganizationPop--sectionInput","searchOpenDialogs":true,"interaction":{"idSuffix":"inner"}},"clearTextFirst":true,"interactionType":"ENTER_TEXT"}]}
COMMAND: POST /session/700a0ab92761895b5ec9a5372f8d46fb/execute/async - {"script":"<script> [1562 bytes]","args":[{"selector":{"id":"createOrganizationPop--descriptionInput","searchOpenDialogs":true,"interaction":{"idSuffix":"inner"}},"wdio_ui5_key":"createOrganizationPopdescriptionInput"}]}
RESULT: {"script":"<script> [1562 bytes]","args":[{"selector":{"id":"createOrganizationPop--descriptionInput","searchOpenDialogs":true,"interaction":{"idSuffix":"inner"}},"wdio_ui5_key":"createOrganizationPopdescriptionInput"}]}
RESULT: undefined
COMMAND: POST /session/700a0ab92761895b5ec9a5372f8d46fb/execute/async - {"script":"<script> [776 bytes]","args":[{"enterText":"Shipping805","selector":{"id":"createOrganizationPop--descriptionInput","searchOpenDialogs":true,"interaction":{"idSuffix":"inner"}},"clearTextFirst":true,"interactionType":"ENTER_TEXT"}]}
RESULT: {"script":"<script> [776 bytes]","args":[{"enterText":"Shipping805","selector":{"id":"createOrganizationPop--descriptionInput","searchOpenDialogs":true,"interaction":{"idSuffix":"inner"}},"clearTextFirst":true,"interactionType":"ENTER_TEXT"}]}
COMMAND: POST /session/700a0ab92761895b5ec9a5372f8d46fb/element - {"using":"css selector","value":"#createOrganizationPop--yardOrg-inner"}
RESULT: {"using":"css selector","value":"#createOrganizationPop--yardOrg-inner"}
COMMAND: POST /session/700a0ab92761895b5ec9a5372f8d46fb/element/f.647512A71DDA687F9F591F39CAC5A62D.d.C47E7836D3D7A5A9AAB92108D802A7FA.e.26132/clear - {}
RESULT: {}
COMMAND: POST /session/700a0ab92761895b5ec9a5372f8d46fb/element/f.647512A71DDA687F9F591F39CAC5A62D.d.C47E7836D3D7A5A9AAB92108D802A7FA.e.26132/value - {"text":"805"}
COMMAND: GET /session/700a0ab92761895b5ec9a5372f8d46fb/screenshot - {}
RESULT: {"text":"805"}
COMMAND: GET /session/700a0ab92761895b5ec9a5372f8d46fb/screenshot - {}
RESULT: {}
RESULT: {}
COMMAND: POST /session/700a0ab92761895b5ec9a5372f8d46fb/actions - {"actions":[{"id":"action107","type":"key","parameters":{},"actions":[{"type":"keyDown","value":"î€‡"},{"type":"pause","duration":10},{"type":"keyUp","value":"î€‡"}]}]}
RESULT: {"actions":[{"id":"action107","type":"key","parameters":{},"actions":[{"type":"keyDown","value":"î€‡"},{"type":"pause","duration":10},{"type":"keyUp","value":"î€‡"}]}]}
COMMAND: POST /session/700a0ab92761895b5ec9a5372f8d46fb/execute/async - {"script":"<script> [1562 bytes]","args":[{"selector":{"id":"createOrganizationPop--grZone","searchOpenDialogs":true,"interaction":{"idSuffix":"CbBg"}},"wdio_ui5_key":"createOrganizationPopgrZone"}]}
COMMAND: GET /session/700a0ab92761895b5ec9a5372f8d46fb/screenshot - {}
RESULT: {"script":"<script> [1562 bytes]","args":[{"selector":{"id":"createOrganizationPop--grZone","searchOpenDialogs":true,"interaction":{"idSuffix":"CbBg"}},"wdio_ui5_key":"createOrganizationPopgrZone"}]}
RESULT: undefined
COMMAND: POST /session/700a0ab92761895b5ec9a5372f8d46fb/element - {"using":"xpath","value":"//*[@id=\"createOrganizationPop--grZone\"]"}
RESULT: {}
RESULT: {"using":"xpath","value":"//*[@id=\"createOrganizationPop--grZone\"]"}
COMMAND: POST /session/700a0ab92761895b5ec9a5372f8d46fb/element/f.647512A71DDA687F9F591F39CAC5A62D.d.C47E7836D3D7A5A9AAB92108D802A7FA.e.26153/click - {}
RESULT: {}
COMMAND: POST /session/700a0ab92761895b5ec9a5372f8d46fb/execute/async - {"script":"<script> [1562 bytes]","args":[{"selector":{"id":"createOrganizationPop--giZone","searchOpenDialogs":true,"interaction":{"idSuffix":"CbBg"}},"wdio_ui5_key":"createOrganizationPopgiZone"}]}
COMMAND: GET /session/700a0ab92761895b5ec9a5372f8d46fb/screenshot - {}
RESULT: {"script":"<script> [1562 bytes]","args":[{"selector":{"id":"createOrganizationPop--giZone","searchOpenDialogs":true,"interaction":{"idSuffix":"CbBg"}},"wdio_ui5_key":"createOrganizationPopgiZone"}]}
RESULT: undefined
COMMAND: POST /session/700a0ab92761895b5ec9a5372f8d46fb/element - {"using":"xpath","value":"//*[@id=\"createOrganizationPop--giZone\"]"}
RESULT: {}
RESULT: {"using":"xpath","value":"//*[@id=\"createOrganizationPop--giZone\"]"}
COMMAND: POST /session/700a0ab92761895b5ec9a5372f8d46fb/element/f.647512A71DDA687F9F591F39CAC5A62D.d.C47E7836D3D7A5A9AAB92108D802A7FA.e.26155/click - {}
RESULT: {}
COMMAND: POST /session/700a0ab92761895b5ec9a5372f8d46fb/execute/async - {"script":"<script> [1562 bytes]","args":[{"selector":{"id":"createOrganizationPop--binNoInput","searchOpenDialogs":true,"interaction":{"idSuffix":"inner"}},"wdio_ui5_key":"createOrganizationPopbinNoInput"}]}
COMMAND: GET /session/700a0ab92761895b5ec9a5372f8d46fb/screenshot - {}
RESULT: {"script":"<script> [1562 bytes]","args":[{"selector":{"id":"createOrganizationPop--binNoInput","searchOpenDialogs":true,"interaction":{"idSuffix":"inner"}},"wdio_ui5_key":"createOrganizationPopbinNoInput"}]}
RESULT: undefined
COMMAND: POST /session/700a0ab92761895b5ec9a5372f8d46fb/execute/async - {"script":"<script> [776 bytes]","args":[{"enterText":"Bin-Wd","selector":{"id":"createOrganizationPop--binNoInput","searchOpenDialogs":true,"interaction":{"idSuffix":"inner"}},"clearTextFirst":true,"interactionType":"ENTER_TEXT"}]}
RESULT: {}
RESULT: {"script":"<script> [776 bytes]","args":[{"enterText":"Bin-Wd","selector":{"id":"createOrganizationPop--binNoInput","searchOpenDialogs":true,"interaction":{"idSuffix":"inner"}},"clearTextFirst":true,"interactionType":"ENTER_TEXT"}]}
COMMAND: POST /session/700a0ab92761895b5ec9a5372f8d46fb/execute/async - {"script":"<script> [1562 bytes]","args":[{"selector":{"id":"createOrganizationPop--descriptionId","searchOpenDialogs":true,"interaction":{"idSuffix":"inner"}},"wdio_ui5_key":"createOrganizationPopdescriptionId"}]}
RESULT: {"script":"<script> [1562 bytes]","args":[{"selector":{"id":"createOrganizationPop--descriptionId","searchOpenDialogs":true,"interaction":{"idSuffix":"inner"}},"wdio_ui5_key":"createOrganizationPopdescriptionId"}]}
RESULT: undefined
COMMAND: POST /session/700a0ab92761895b5ec9a5372f8d46fb/execute/async - {"script":"<script> [776 bytes]","args":[{"enterText":"Shipping-Wd","selector":{"id":"createOrganizationPop--descriptionId","searchOpenDialogs":true,"interaction":{"idSuffix":"inner"}},"clearTextFirst":true,"interactionType":"ENTER_TEXT"}]}
RESULT: {"script":"<script> [776 bytes]","args":[{"enterText":"Shipping-Wd","selector":{"id":"createOrganizationPop--descriptionId","searchOpenDialogs":true,"interaction":{"idSuffix":"inner"}},"clearTextFirst":true,"interactionType":"ENTER_TEXT"}]}
COMMAND: POST /session/700a0ab92761895b5ec9a5372f8d46fb/execute/async - {"script":"<script> [1562 bytes]","args":[{"selector":{"controlType":"sap.m.CheckBox","viewName":"etm.portal.ui.binstatusreport.view.MasterWareBins","viewId":"application-binstatusreport-display-component---warehousing","bindingPath":{"path":"","propertyPath":"/ZONE","modelName":"newBin"},"searchOpenDialogs":true,"interaction":{"idSuffix":"CbBg"}},"wdio_ui5_key":"etmportal.ui.binstatusreport.view.MasterWareBinssap.m.CheckBox{\"path\":\"\",\"propertyPath\":\"/ZONE\",\"modelName\":\"newBin\"}"}]}
RESULT: {"script":"<script> [1562 bytes]","args":[{"selector":{"controlType":"sap.m.CheckBox","viewName":"etm.portal.ui.binstatusreport.view.MasterWareBins","viewId":"application-binstatusreport-display-component---warehousing","bindingPath":{"path":"","propertyPath":"/ZONE","modelName":"newBin"},"searchOpenDialogs":true,"interaction":{"idSuffix":"CbBg"}},"wdio_ui5_key":"etmportal.ui.binstatusreport.view.MasterWareBinssap.m.CheckBox{\"path\":\"\",\"propertyPath\":\"/ZONE\",\"modelName\":\"newBin\"}"}]}
RESULT: undefined
COMMAND: POST /session/700a0ab92761895b5ec9a5372f8d46fb/element - {"using":"xpath","value":"//*[@id=\"__box56\"]"}
RESULT: {"using":"xpath","value":"//*[@id=\"__box56\"]"}
COMMAND: POST /session/700a0ab92761895b5ec9a5372f8d46fb/element/f.647512A71DDA687F9F591F39CAC5A62D.d.C47E7836D3D7A5A9AAB92108D802A7FA.e.26159/click - {}
RESULT: {}
COMMAND: POST /session/700a0ab92761895b5ec9a5372f8d46fb/execute/async - {"script":"<script> [1562 bytes]","args":[{"selector":{"id":"createOrganizationPop--binTypesCB","searchOpenDialogs":true,"interaction":{"idSuffix":"inner"}},"wdio_ui5_key":"createOrganizationPopbinTypesCB"}]}
COMMAND: GET /session/700a0ab92761895b5ec9a5372f8d46fb/screenshot - {}
RESULT: {"script":"<script> [1562 bytes]","args":[{"selector":{"id":"createOrganizationPop--binTypesCB","searchOpenDialogs":true,"interaction":{"idSuffix":"inner"}},"wdio_ui5_key":"createOrganizationPopbinTypesCB"}]}
RESULT: undefined
COMMAND: POST /session/700a0ab92761895b5ec9a5372f8d46fb/execute/async - {"script":"<script> [776 bytes]","args":[{"enterText":"1 - General / No capacity check","selector":{"id":"createOrganizationPop--binTypesCB","searchOpenDialogs":true,"interaction":{"idSuffix":"inner"}},"clearTextFirst":true,"interactionType":"ENTER_TEXT"}]}
RESULT: {}
RESULT: {"script":"<script> [776 bytes]","args":[{"enterText":"1 - General / No capacity check","selector":{"id":"createOrganizationPop--binTypesCB","searchOpenDialogs":true,"interaction":{"idSuffix":"inner"}},"clearTextFirst":true,"interactionType":"ENTER_TEXT"}]}
COMMAND: POST /session/700a0ab92761895b5ec9a5372f8d46fb/actions - {"actions":[{"id":"action108","type":"key","parameters":{},"actions":[{"type":"keyDown","value":"î€‡"},{"type":"pause","duration":10},{"type":"keyUp","value":"î€‡"}]}]}
RESULT: {"actions":[{"id":"action108","type":"key","parameters":{},"actions":[{"type":"keyDown","value":"î€‡"},{"type":"pause","duration":10},{"type":"keyUp","value":"î€‡"}]}]}
COMMAND: GET /session/700a0ab92761895b5ec9a5372f8d46fb/screenshot - {}
RESULT: {}
COMMAND: POST /session/700a0ab92761895b5ec9a5372f8d46fb/execute/async - {"script":"<script> [1562 bytes]","args":[{"selector":{"id":"createOrganizationPop--finishBtn","searchOpenDialogs":true,"interaction":{"idSuffix":"BDI-content"}},"wdio_ui5_key":"createOrganizationPopfinishBtn"}]}
RESULT: {"script":"<script> [1562 bytes]","args":[{"selector":{"id":"createOrganizationPop--finishBtn","searchOpenDialogs":true,"interaction":{"idSuffix":"BDI-content"}},"wdio_ui5_key":"createOrganizationPopfinishBtn"}]}
RESULT: undefined
COMMAND: POST /session/700a0ab92761895b5ec9a5372f8d46fb/element - {"using":"xpath","value":"//*[@id=\"createOrganizationPop--finishBtn\"]"}
RESULT: {"using":"xpath","value":"//*[@id=\"createOrganizationPop--finishBtn\"]"}
COMMAND: POST /session/700a0ab92761895b5ec9a5372f8d46fb/element/f.647512A71DDA687F9F591F39CAC5A62D.d.C47E7836D3D7A5A9AAB92108D802A7FA.e.26162/click - {}
RESULT: {}
]]></system-out>
    </testcase>
    <testcase classname="chrome.135_0_7049_96.windows.Return_from_Site_w/_warehouse_management_w/_clarification_US125588" name="Bin Status Report Should Create New Organization for Site" time="40.284">
      <system-out><![CDATA[
COMMAND: GET /session/700a0ab92761895b5ec9a5372f8d46fb/screenshot - {}
RESULT: {}
RESULT: undefined
COMMAND: POST /session/700a0ab92761895b5ec9a5372f8d46fb/element - {"using":"xpath","value":"//*[@id=\"application-binstatusreport-display-component---warehousing--createOrgBtn\"]"}
RESULT: {"using":"xpath","value":"//*[@id=\"application-binstatusreport-display-component---warehousing--createOrgBtn\"]"}
COMMAND: POST /session/700a0ab92761895b5ec9a5372f8d46fb/element/f.647512A71DDA687F9F591F39CAC5A62D.d.C47E7836D3D7A5A9AAB92108D802A7FA.e.26075/click - {}
RESULT: {}
RESULT: undefined
COMMAND: POST /session/700a0ab92761895b5ec9a5372f8d46fb/execute/async - {"script":"<script> [776 bytes]","args":[{"enterText":"2603","selector":{"id":"createOrganizationPop--sectionInput","searchOpenDialogs":true,"interaction":{"idSuffix":"inner"}},"clearTextFirst":true,"interactionType":"ENTER_TEXT"}]}
COMMAND: GET /session/700a0ab92761895b5ec9a5372f8d46fb/screenshot - {}
RESULT: {"script":"<script> [776 bytes]","args":[{"enterText":"2603","selector":{"id":"createOrganizationPop--sectionInput","searchOpenDialogs":true,"interaction":{"idSuffix":"inner"}},"clearTextFirst":true,"interactionType":"ENTER_TEXT"}]}
RESULT: undefined
COMMAND: POST /session/700a0ab92761895b5ec9a5372f8d46fb/execute/async - {"script":"<script> [776 bytes]","args":[{"enterText":"WDI2603","selector":{"id":"createOrganizationPop--descriptionInput","searchOpenDialogs":true,"interaction":{"idSuffix":"inner"}},"clearTextFirst":true,"interactionType":"ENTER_TEXT"}]}
RESULT: {}
RESULT: {"script":"<script> [776 bytes]","args":[{"enterText":"WDI2603","selector":{"id":"createOrganizationPop--descriptionInput","searchOpenDialogs":true,"interaction":{"idSuffix":"inner"}},"clearTextFirst":true,"interactionType":"ENTER_TEXT"}]}
COMMAND: POST /session/700a0ab92761895b5ec9a5372f8d46fb/element - {"using":"css selector","value":"#createOrganizationPop--siteOrg-inner"}
RESULT: {"using":"css selector","value":"#createOrganizationPop--siteOrg-inner"}
COMMAND: POST /session/700a0ab92761895b5ec9a5372f8d46fb/element/f.647512A71DDA687F9F591F39CAC5A62D.d.C47E7836D3D7A5A9AAB92108D802A7FA.e.26168/clear - {}
RESULT: {}
COMMAND: POST /session/700a0ab92761895b5ec9a5372f8d46fb/element/f.647512A71DDA687F9F591F39CAC5A62D.d.C47E7836D3D7A5A9AAB92108D802A7FA.e.26168/value - {"text":"2603"}
COMMAND: GET /session/700a0ab92761895b5ec9a5372f8d46fb/screenshot - {}
RESULT: {"text":"2603"}
COMMAND: GET /session/700a0ab92761895b5ec9a5372f8d46fb/screenshot - {}
RESULT: {}
RESULT: {}
COMMAND: POST /session/700a0ab92761895b5ec9a5372f8d46fb/actions - {"actions":[{"id":"action109","type":"key","parameters":{},"actions":[{"type":"keyDown","value":"î€‡"},{"type":"pause","duration":10},{"type":"keyUp","value":"î€‡"}]}]}
RESULT: {"actions":[{"id":"action109","type":"key","parameters":{},"actions":[{"type":"keyDown","value":"î€‡"},{"type":"pause","duration":10},{"type":"keyUp","value":"î€‡"}]}]}
RESULT: undefined
COMMAND: POST /session/700a0ab92761895b5ec9a5372f8d46fb/element - {"using":"xpath","value":"//*[@id=\"createOrganizationPop--giZone\"]"}
COMMAND: GET /session/700a0ab92761895b5ec9a5372f8d46fb/screenshot - {}
RESULT: {"using":"xpath","value":"//*[@id=\"createOrganizationPop--giZone\"]"}
COMMAND: POST /session/700a0ab92761895b5ec9a5372f8d46fb/element/f.647512A71DDA687F9F591F39CAC5A62D.d.C47E7836D3D7A5A9AAB92108D802A7FA.e.26186/click - {}
RESULT: {}
RESULT: {}
RESULT: undefined
COMMAND: POST /session/700a0ab92761895b5ec9a5372f8d46fb/execute/async - {"script":"<script> [776 bytes]","args":[{"enterText":"WD-BIN","selector":{"id":"createOrganizationPop--binNoInput","searchOpenDialogs":true,"interaction":{"idSuffix":"inner"}},"clearTextFirst":true,"interactionType":"ENTER_TEXT"}]}
COMMAND: GET /session/700a0ab92761895b5ec9a5372f8d46fb/screenshot - {}
RESULT: {"script":"<script> [776 bytes]","args":[{"enterText":"WD-BIN","selector":{"id":"createOrganizationPop--binNoInput","searchOpenDialogs":true,"interaction":{"idSuffix":"inner"}},"clearTextFirst":true,"interactionType":"ENTER_TEXT"}]}
RESULT: undefined
COMMAND: POST /session/700a0ab92761895b5ec9a5372f8d46fb/execute/async - {"script":"<script> [776 bytes]","args":[{"enterText":"WD-BIN","selector":{"id":"createOrganizationPop--descriptionId","searchOpenDialogs":true,"interaction":{"idSuffix":"inner"}},"clearTextFirst":true,"interactionType":"ENTER_TEXT"}]}
RESULT: {}
RESULT: {"script":"<script> [776 bytes]","args":[{"enterText":"WD-BIN","selector":{"id":"createOrganizationPop--descriptionId","searchOpenDialogs":true,"interaction":{"idSuffix":"inner"}},"clearTextFirst":true,"interactionType":"ENTER_TEXT"}]}
COMMAND: POST /session/700a0ab92761895b5ec9a5372f8d46fb/execute/async - {"script":"<script> [1562 bytes]","args":[{"selector":{"controlType":"sap.m.CheckBox","viewName":"etm.portal.ui.binstatusreport.view.MasterWareBins","viewId":"application-binstatusreport-display-component---warehousing","bindingPath":{"propertyPath":"/ZONE","modelName":"newBin"},"searchOpenDialogs":true,"interaction":{"idSuffix":"CbBg"}},"wdio_ui5_key":"etmportal.ui.binstatusreport.view.MasterWareBinssap.m.CheckBox{\"propertyPath\":\"/ZONE\",\"modelName\":\"newBin\"}"}]}
RESULT: {"script":"<script> [1562 bytes]","args":[{"selector":{"controlType":"sap.m.CheckBox","viewName":"etm.portal.ui.binstatusreport.view.MasterWareBins","viewId":"application-binstatusreport-display-component---warehousing","bindingPath":{"propertyPath":"/ZONE","modelName":"newBin"},"searchOpenDialogs":true,"interaction":{"idSuffix":"CbBg"}},"wdio_ui5_key":"etmportal.ui.binstatusreport.view.MasterWareBinssap.m.CheckBox{\"propertyPath\":\"/ZONE\",\"modelName\":\"newBin\"}"}]}
RESULT: undefined
COMMAND: POST /session/700a0ab92761895b5ec9a5372f8d46fb/element - {"using":"xpath","value":"//*[@id=\"__box59\"]"}
RESULT: {"using":"xpath","value":"//*[@id=\"__box59\"]"}
COMMAND: POST /session/700a0ab92761895b5ec9a5372f8d46fb/element/f.647512A71DDA687F9F591F39CAC5A62D.d.C47E7836D3D7A5A9AAB92108D802A7FA.e.26188/click - {}
RESULT: {}
COMMAND: GET /session/700a0ab92761895b5ec9a5372f8d46fb/screenshot - {}
RESULT: {}
RESULT: undefined
COMMAND: POST /session/700a0ab92761895b5ec9a5372f8d46fb/execute/async - {"script":"<script> [776 bytes]","args":[{"enterText":"1 - General / No capacity check","selector":{"id":"createOrganizationPop--binTypesCB","searchOpenDialogs":true,"interaction":{"idSuffix":"inner"}},"clearTextFirst":true,"interactionType":"ENTER_TEXT"}]}
RESULT: {"script":"<script> [776 bytes]","args":[{"enterText":"1 - General / No capacity check","selector":{"id":"createOrganizationPop--binTypesCB","searchOpenDialogs":true,"interaction":{"idSuffix":"inner"}},"clearTextFirst":true,"interactionType":"ENTER_TEXT"}]}
COMMAND: POST /session/700a0ab92761895b5ec9a5372f8d46fb/execute/async - {"script":"<script> [1562 bytes]","args":[{"selector":{"id":"createOrganizationPop--capacityId","searchOpenDialogs":true,"interaction":{"idSuffix":"inner"}},"wdio_ui5_key":"createOrganizationPopcapacityId"}]}
RESULT: {"script":"<script> [1562 bytes]","args":[{"selector":{"id":"createOrganizationPop--capacityId","searchOpenDialogs":true,"interaction":{"idSuffix":"inner"}},"wdio_ui5_key":"createOrganizationPopcapacityId"}]}
RESULT: undefined
COMMAND: POST /session/700a0ab92761895b5ec9a5372f8d46fb/actions - {"actions":[{"id":"action110","type":"key","parameters":{},"actions":[{"type":"keyDown","value":"î€‡"},{"type":"pause","duration":10},{"type":"keyUp","value":"î€‡"}]}]}
RESULT: {"actions":[{"id":"action110","type":"key","parameters":{},"actions":[{"type":"keyDown","value":"î€‡"},{"type":"pause","duration":10},{"type":"keyUp","value":"î€‡"}]}]}
COMMAND: GET /session/700a0ab92761895b5ec9a5372f8d46fb/screenshot - {}
RESULT: {}
RESULT: undefined
COMMAND: POST /session/700a0ab92761895b5ec9a5372f8d46fb/element - {"using":"xpath","value":"//*[@id=\"createOrganizationPop--finishBtn\"]"}
RESULT: {"using":"xpath","value":"//*[@id=\"createOrganizationPop--finishBtn\"]"}
COMMAND: POST /session/700a0ab92761895b5ec9a5372f8d46fb/element/f.647512A71DDA687F9F591F39CAC5A62D.d.C47E7836D3D7A5A9AAB92108D802A7FA.e.26189/click - {}
RESULT: {}
COMMAND: POST /session/700a0ab92761895b5ec9a5372f8d46fb/element - {"using":"css selector","value":"#shell-header-logo"}
COMMAND: GET /session/700a0ab92761895b5ec9a5372f8d46fb/screenshot - {}
RESULT: {"using":"css selector","value":"#shell-header-logo"}
COMMAND: POST /session/700a0ab92761895b5ec9a5372f8d46fb/element/f.647512A71DDA687F9F591F39CAC5A62D.d.C47E7836D3D7A5A9AAB92108D802A7FA.e.26043/click - {}
RESULT: {}
RESULT: {}
]]></system-out>
    </testcase>
  </testsuite>
  <testsuite timestamp="2025-04-24T17:44:23" time="404.275" tests="7" failures="2" errors="2" skipped="0">
    <properties>
      <property name="specId" value="0" />
      <property name="suiteName" value="Provide to Site w/ warehouse management w clarification" />
      <property name="capabilities" value="chrome.135_0_7049_96.windows" />
      <property name="file" value="file:///D:/a/1/s/test/specs/HTR/return-from-site-w-warehouse-management-w-clarification.spec.js" />
    </properties>
    <testcase classname="chrome.135_0_7049_96.windows.Provide_to_Site_w/_warehouse_management_w_clarification" name="Should do a stock increase handover" time="81.326">
      <system-out><![CDATA[
COMMAND: POST /session/700a0ab92761895b5ec9a5372f8d46fb/execute/async - {"script":"<script> [1562 bytes]","args":[{"selector":{"controlType":"sap.m.GenericTile","properties":{"header":"Manage Handovers"}},"wdio_ui5_key":"sapm.GenericTile{\"header\":\"Manage Handovers\"}"}]}
COMMAND: GET /session/700a0ab92761895b5ec9a5372f8d46fb/screenshot - {}
RESULT: {"script":"<script> [1562 bytes]","args":[{"selector":{"controlType":"sap.m.GenericTile","properties":{"header":"Manage Handovers"}},"wdio_ui5_key":"sapm.GenericTile{\"header\":\"Manage Handovers\"}"}]}
RESULT: undefined
COMMAND: POST /session/700a0ab92761895b5ec9a5372f8d46fb/element - {"using":"xpath","value":"//*[@id=\"__tile132\"]"}
RESULT: {}
RESULT: {"using":"xpath","value":"//*[@id=\"__tile132\"]"}
COMMAND: POST /session/700a0ab92761895b5ec9a5372f8d46fb/element/f.647512A71DDA687F9F591F39CAC5A62D.d.C47E7836D3D7A5A9AAB92108D802A7FA.e.26195/click - {}
RESULT: {}
COMMAND: GET /session/700a0ab92761895b5ec9a5372f8d46fb/screenshot - {}
RESULT: {}
COMMAND: POST /session/700a0ab92761895b5ec9a5372f8d46fb/element - {"using":"xpath","value":"//button[(@data-kt = 'masterHOAddButton')]"}
RESULT: {"using":"xpath","value":"//button[(@data-kt = 'masterHOAddButton')]"}
COMMAND: POST /session/700a0ab92761895b5ec9a5372f8d46fb/elements - {"using":"xpath","value":"//button[(@data-kt = 'masterHOAddButton')]"}
RESULT: {"using":"xpath","value":"//button[(@data-kt = 'masterHOAddButton')]"}
COMMAND: POST /session/700a0ab92761895b5ec9a5372f8d46fb/elements - {"using":"xpath","value":"//button[(@data-kt = 'masterHOAddButton')]"}
RESULT: {"using":"xpath","value":"//button[(@data-kt = 'masterHOAddButton')]"}
COMMAND: POST /session/700a0ab92761895b5ec9a5372f8d46fb/elements - {"using":"xpath","value":"//button[(@data-kt = 'masterHOAddButton')]"}
RESULT: {"using":"xpath","value":"//button[(@data-kt = 'masterHOAddButton')]"}
COMMAND: POST /session/700a0ab92761895b5ec9a5372f8d46fb/element - {"using":"xpath","value":"//button[(@data-kt = 'masterHOAddButton')]"}
RESULT: {"using":"xpath","value":"//button[(@data-kt = 'masterHOAddButton')]"}
COMMAND: POST /session/700a0ab92761895b5ec9a5372f8d46fb/element/f.647512A71DDA687F9F591F39CAC5A62D.d.C47E7836D3D7A5A9AAB92108D802A7FA.e.26222/click - {}
RESULT: {}
COMMAND: POST /session/700a0ab92761895b5ec9a5372f8d46fb/element - {"using":"css selector","value":"span[id=\"application-managehandovers-display-component---AddNewHO--typeSelect-label\"]"}
COMMAND: GET /session/700a0ab92761895b5ec9a5372f8d46fb/screenshot - {}
RESULT: {"using":"css selector","value":"span[id=\"application-managehandovers-display-component---AddNewHO--typeSelect-label\"]"}
COMMAND: POST /session/700a0ab92761895b5ec9a5372f8d46fb/elements - {"using":"css selector","value":"span[id=\"application-managehandovers-display-component---AddNewHO--typeSelect-label\"]"}
RESULT: {}
RESULT: {"using":"css selector","value":"span[id=\"application-managehandovers-display-component---AddNewHO--typeSelect-label\"]"}
COMMAND: POST /session/700a0ab92761895b5ec9a5372f8d46fb/element - {"using":"css selector","value":"span[id=\"application-managehandovers-display-component---AddNewHO--typeSelect-label\"]"}
RESULT: {"using":"css selector","value":"span[id=\"application-managehandovers-display-component---AddNewHO--typeSelect-label\"]"}
COMMAND: POST /session/700a0ab92761895b5ec9a5372f8d46fb/element/f.647512A71DDA687F9F591F39CAC5A62D.d.C47E7836D3D7A5A9AAB92108D802A7FA.e.26533/click - {}
RESULT: {}
COMMAND: POST /session/700a0ab92761895b5ec9a5372f8d46fb/element - {"using":"css selector","value":"#application-managehandovers-display-component---AddNewHO--oneStep-CB"}
COMMAND: GET /session/700a0ab92761895b5ec9a5372f8d46fb/screenshot - {}
RESULT: {"using":"css selector","value":"#application-managehandovers-display-component---AddNewHO--oneStep-CB"}
COMMAND: GET /session/700a0ab92761895b5ec9a5372f8d46fb/element/f.647512A71DDA687F9F591F39CAC5A62D.d.C47E7836D3D7A5A9AAB92108D802A7FA.e.26463/selected - {}
RESULT: {}
RESULT: {}
COMMAND: POST /session/700a0ab92761895b5ec9a5372f8d46fb/element - {"using":"xpath","value":"//li[contains(text(), \"stock increase yard\")]"}
COMMAND: GET /session/700a0ab92761895b5ec9a5372f8d46fb/screenshot - {}
RESULT: {"using":"xpath","value":"//li[contains(text(), \"stock increase yard\")]"}
COMMAND: POST /session/700a0ab92761895b5ec9a5372f8d46fb/element/f.647512A71DDA687F9F591F39CAC5A62D.d.C47E7836D3D7A5A9AAB92108D802A7FA.e.26536/click - {}
RESULT: {}
RESULT: {}
COMMAND: GET /session/700a0ab92761895b5ec9a5372f8d46fb/screenshot - {}
RESULT: {}
COMMAND: POST /session/700a0ab92761895b5ec9a5372f8d46fb/element - {"using":"css selector","value":"input[id=\"generalSectionFrg--receiveYard-inner\"]"}
RESULT: {"using":"css selector","value":"input[id=\"generalSectionFrg--receiveYard-inner\"]"}
COMMAND: POST /session/700a0ab92761895b5ec9a5372f8d46fb/element/f.647512A71DDA687F9F591F39CAC5A62D.d.C47E7836D3D7A5A9AAB92108D802A7FA.e.26546/clear - {}
RESULT: {}
COMMAND: POST /session/700a0ab92761895b5ec9a5372f8d46fb/element/f.647512A71DDA687F9F591F39CAC5A62D.d.C47E7836D3D7A5A9AAB92108D802A7FA.e.26546/value - {"text":"805"}
COMMAND: GET /session/700a0ab92761895b5ec9a5372f8d46fb/screenshot - {}
RESULT: {"text":"805"}
COMMAND: GET /session/700a0ab92761895b5ec9a5372f8d46fb/screenshot - {}
RESULT: {}
RESULT: {}
COMMAND: POST /session/700a0ab92761895b5ec9a5372f8d46fb/element - {"using":"css selector","value":"#application-managehandovers-display-component---AddNewHO--dueDate-inner"}
RESULT: {"using":"css selector","value":"#application-managehandovers-display-component---AddNewHO--dueDate-inner"}
COMMAND: POST /session/700a0ab92761895b5ec9a5372f8d46fb/element/f.647512A71DDA687F9F591F39CAC5A62D.d.C47E7836D3D7A5A9AAB92108D802A7FA.e.26540/clear - {}
RESULT: {}
COMMAND: POST /session/700a0ab92761895b5ec9a5372f8d46fb/element/f.647512A71DDA687F9F591F39CAC5A62D.d.C47E7836D3D7A5A9AAB92108D802A7FA.e.26540/value - {"text":"4/24/25"}
COMMAND: GET /session/700a0ab92761895b5ec9a5372f8d46fb/screenshot - {}
RESULT: {"text":"4/24/25"}
COMMAND: GET /session/700a0ab92761895b5ec9a5372f8d46fb/screenshot - {}
RESULT: {}
RESULT: {}
COMMAND: POST /session/700a0ab92761895b5ec9a5372f8d46fb/element - {"using":"xpath","value":"//bdi[(text() = 'Items' or . = 'Items')]"}
RESULT: {"using":"xpath","value":"//bdi[(text() = 'Items' or . = 'Items')]"}
COMMAND: POST /session/700a0ab92761895b5ec9a5372f8d46fb/element/f.647512A71DDA687F9F591F39CAC5A62D.d.C47E7836D3D7A5A9AAB92108D802A7FA.e.26561/click - {}
RESULT: {}
COMMAND: GET /session/700a0ab92761895b5ec9a5372f8d46fb/screenshot - {}
RESULT: {}
COMMAND: POST /session/700a0ab92761895b5ec9a5372f8d46fb/element - {"using":"xpath","value":"//button[@aria-label=\"Add\"]"}
RESULT: {"using":"xpath","value":"//button[@aria-label=\"Add\"]"}
COMMAND: POST /session/700a0ab92761895b5ec9a5372f8d46fb/element/f.647512A71DDA687F9F591F39CAC5A62D.d.C47E7836D3D7A5A9AAB92108D802A7FA.e.26566/click - {}
RESULT: {}
COMMAND: GET /session/700a0ab92761895b5ec9a5372f8d46fb/screenshot - {}
RESULT: {}
COMMAND: POST /session/700a0ab92761895b5ec9a5372f8d46fb/element - {"using":"css selector","value":"input[id= \"application-managehandovers-display-component---AddNewHO--smartFilterBar-btnBasicSearch-I\"]"}
RESULT: {"using":"css selector","value":"input[id= \"application-managehandovers-display-component---AddNewHO--smartFilterBar-btnBasicSearch-I\"]"}
COMMAND: POST /session/700a0ab92761895b5ec9a5372f8d46fb/element/f.647512A71DDA687F9F591F39CAC5A62D.d.C47E7836D3D7A5A9AAB92108D802A7FA.e.26569/clear - {}
RESULT: {}
COMMAND: POST /session/700a0ab92761895b5ec9a5372f8d46fb/element/f.647512A71DDA687F9F591F39CAC5A62D.d.C47E7836D3D7A5A9AAB92108D802A7FA.e.26569/value - {"text":"200527"}
COMMAND: GET /session/700a0ab92761895b5ec9a5372f8d46fb/screenshot - {}
RESULT: {"text":"200527"}
COMMAND: POST /session/700a0ab92761895b5ec9a5372f8d46fb/actions - {"actions":[{"id":"action111","type":"key","parameters":{},"actions":[{"type":"keyDown","value":"î€‡"},{"type":"pause","duration":10},{"type":"keyUp","value":"î€‡"}]}]}
COMMAND: GET /session/700a0ab92761895b5ec9a5372f8d46fb/screenshot - {}
RESULT: {}
RESULT: {"actions":[{"id":"action111","type":"key","parameters":{},"actions":[{"type":"keyDown","value":"î€‡"},{"type":"pause","duration":10},{"type":"keyUp","value":"î€‡"}]}]}
COMMAND: POST /session/700a0ab92761895b5ec9a5372f8d46fb/element - {"using":"css selector","value":"div[id= \"application-managehandovers-display-component---AddNewHO--smartFilterBar-btnBasicSearch-search\"]"}
COMMAND: GET /session/700a0ab92761895b5ec9a5372f8d46fb/screenshot - {}
RESULT: {}
RESULT: {"using":"css selector","value":"div[id= \"application-managehandovers-display-component---AddNewHO--smartFilterBar-btnBasicSearch-search\"]"}
COMMAND: POST /session/700a0ab92761895b5ec9a5372f8d46fb/element/f.647512A71DDA687F9F591F39CAC5A62D.d.C47E7836D3D7A5A9AAB92108D802A7FA.e.26717/click - {}
RESULT: {}
RESULT: {}
COMMAND: GET /session/700a0ab92761895b5ec9a5372f8d46fb/screenshot - {}
RESULT: {}
COMMAND: POST /session/700a0ab92761895b5ec9a5372f8d46fb/element - {"using":"css selector","value":"div[id= \"application-managehandovers-display-component---AddNewHO--popup-sa-CbBg\"]"}
RESULT: {"using":"css selector","value":"div[id= \"application-managehandovers-display-component---AddNewHO--popup-sa-CbBg\"]"}
COMMAND: POST /session/700a0ab92761895b5ec9a5372f8d46fb/element/f.647512A71DDA687F9F591F39CAC5A62D.d.C47E7836D3D7A5A9AAB92108D802A7FA.e.26718/click - {}
RESULT: {}
COMMAND: POST /session/700a0ab92761895b5ec9a5372f8d46fb/element - {"using":"xpath","value":"//bdi[(text() = 'Select' or . = 'Select')]"}
COMMAND: GET /session/700a0ab92761895b5ec9a5372f8d46fb/screenshot - {}
RESULT: {"using":"xpath","value":"//bdi[(text() = 'Select' or . = 'Select')]"}
COMMAND: POST /session/700a0ab92761895b5ec9a5372f8d46fb/element/f.647512A71DDA687F9F591F39CAC5A62D.d.C47E7836D3D7A5A9AAB92108D802A7FA.e.26719/click - {}
RESULT: {}
RESULT: {}
COMMAND: GET /session/700a0ab92761895b5ec9a5372f8d46fb/screenshot - {}
RESULT: {}
COMMAND: POST /session/700a0ab92761895b5ec9a5372f8d46fb/element - {"using":"xpath","value":"//bdi[(text() = 'Save' or . = 'Save')]"}
RESULT: {"using":"xpath","value":"//bdi[(text() = 'Save' or . = 'Save')]"}
COMMAND: POST /session/700a0ab92761895b5ec9a5372f8d46fb/element/f.647512A71DDA687F9F591F39CAC5A62D.d.C47E7836D3D7A5A9AAB92108D802A7FA.e.26723/click - {}
RESULT: {}
COMMAND: GET /session/700a0ab92761895b5ec9a5372f8d46fb/screenshot - {}
RESULT: {}
COMMAND: POST /session/700a0ab92761895b5ec9a5372f8d46fb/element - {"using":"xpath","value":"//input[contains(@id ,\"receiptDatePicker-inner\")]"}
RESULT: {"using":"xpath","value":"//input[contains(@id ,\"receiptDatePicker-inner\")]"}
COMMAND: POST /session/700a0ab92761895b5ec9a5372f8d46fb/element/f.647512A71DDA687F9F591F39CAC5A62D.d.C47E7836D3D7A5A9AAB92108D802A7FA.e.26754/click - {}
RESULT: {}
COMMAND: POST /session/700a0ab92761895b5ec9a5372f8d46fb/element - {"using":"xpath","value":"//input[contains(@id ,\"receiptDatePicker-inner\")]"}
COMMAND: GET /session/700a0ab92761895b5ec9a5372f8d46fb/screenshot - {}
RESULT: {"using":"xpath","value":"//input[contains(@id ,\"receiptDatePicker-inner\")]"}
COMMAND: POST /session/700a0ab92761895b5ec9a5372f8d46fb/element/f.647512A71DDA687F9F591F39CAC5A62D.d.C47E7836D3D7A5A9AAB92108D802A7FA.e.26754/clear - {}
RESULT: {}
RESULT: {}
COMMAND: POST /session/700a0ab92761895b5ec9a5372f8d46fb/element/f.647512A71DDA687F9F591F39CAC5A62D.d.C47E7836D3D7A5A9AAB92108D802A7FA.e.26754/value - {"text":"4/24/25"}
COMMAND: GET /session/700a0ab92761895b5ec9a5372f8d46fb/screenshot - {}
RESULT: {"text":"4/24/25"}
COMMAND: GET /session/700a0ab92761895b5ec9a5372f8d46fb/screenshot - {}
RESULT: {}
RESULT: {}
COMMAND: POST /session/700a0ab92761895b5ec9a5372f8d46fb/execute/async - {"script":"<script> [1562 bytes]","args":[{"selector":{"id":"administrationTabFilter","viewName":"etm.portal.ui.managehandovers.view.DetailExecuteHO","interaction":{"idSuffix":"text"}},"wdio_ui5_key":"administrationTabFilteretmportal.ui.managehandovers.view.DetailExecuteHO"}]}
RESULT: {"script":"<script> [1562 bytes]","args":[{"selector":{"id":"administrationTabFilter","viewName":"etm.portal.ui.managehandovers.view.DetailExecuteHO","interaction":{"idSuffix":"text"}},"wdio_ui5_key":"administrationTabFilteretmportal.ui.managehandovers.view.DetailExecuteHO"}]}
RESULT: undefined
COMMAND: POST /session/700a0ab92761895b5ec9a5372f8d46fb/element - {"using":"xpath","value":"//*[@id=\"__xmlview61--administrationTabFilter\"]"}
RESULT: {"using":"xpath","value":"//*[@id=\"__xmlview61--administrationTabFilter\"]"}
COMMAND: POST /session/700a0ab92761895b5ec9a5372f8d46fb/element/f.647512A71DDA687F9F591F39CAC5A62D.d.C47E7836D3D7A5A9AAB92108D802A7FA.e.26773/click - {}
RESULT: {}
RESULT: undefined
COMMAND: POST /session/700a0ab92761895b5ec9a5372f8d46fb/element - {"using":"xpath","value":"//*[@id=\"__xmlview61--administrationTabFilter\"]"}
COMMAND: GET /session/700a0ab92761895b5ec9a5372f8d46fb/screenshot - {}
RESULT: {"using":"xpath","value":"//*[@id=\"__xmlview61--administrationTabFilter\"]"}
COMMAND: POST /session/700a0ab92761895b5ec9a5372f8d46fb/element/f.647512A71DDA687F9F591F39CAC5A62D.d.C47E7836D3D7A5A9AAB92108D802A7FA.e.26773/click - {}
RESULT: {}
RESULT: {}
COMMAND: GET /session/700a0ab92761895b5ec9a5372f8d46fb/screenshot - {}
RESULT: {}
COMMAND: POST /session/700a0ab92761895b5ec9a5372f8d46fb/element - {"using":"xpath","value":"//bdi[(text() = 'Confirm' or . = 'Confirm')]"}
RESULT: {"using":"xpath","value":"//bdi[(text() = 'Confirm' or . = 'Confirm')]"}
COMMAND: POST /session/700a0ab92761895b5ec9a5372f8d46fb/element/f.647512A71DDA687F9F591F39CAC5A62D.d.C47E7836D3D7A5A9AAB92108D802A7FA.e.26781/click - {}
RESULT: {}
COMMAND: GET /session/700a0ab92761895b5ec9a5372f8d46fb/screenshot - {}
RESULT: {}
COMMAND: POST /session/700a0ab92761895b5ec9a5372f8d46fb/execute/async - {"script":"<script> [1562 bytes]","args":[{"selector":{"id":"confirmationButton","viewName":"etm.portal.ui.managehandovers.view.DetailExecuteHO","interaction":{"idSuffix":"BDI-content"}},"wdio_ui5_key":"confirmationButtonetmportal.ui.managehandovers.view.DetailExecuteHO"}]}
RESULT: {"script":"<script> [1562 bytes]","args":[{"selector":{"id":"confirmationButton","viewName":"etm.portal.ui.managehandovers.view.DetailExecuteHO","interaction":{"idSuffix":"BDI-content"}},"wdio_ui5_key":"confirmationButtonetmportal.ui.managehandovers.view.DetailExecuteHO"}]}
RESULT: undefined
COMMAND: POST /session/700a0ab92761895b5ec9a5372f8d46fb/element - {"using":"xpath","value":"(//*[text()='Receive'])[2]"}
RESULT: {"using":"xpath","value":"(//*[text()='Receive'])[2]"}
COMMAND: GET /session/700a0ab92761895b5ec9a5372f8d46fb/element/f.647512A71DDA687F9F591F39CAC5A62D.d.C47E7836D3D7A5A9AAB92108D802A7FA.e.26783/enabled - {}
RESULT: {}
COMMAND: POST /session/700a0ab92761895b5ec9a5372f8d46fb/execute/sync - {"script":"<script> [8489 bytes]","args":[{"element-6066-11e4-a52e-4f735466cecf":"f.647512A71DDA687F9F591F39CAC5A62D.d.C47E7836D3D7A5A9AAB92108D802A7FA.e.26783","ELEMENT":"f.647512A71DDA687F9F591F39CAC5A62D.d.C47E7836D3D7A5A9AAB92108D802A7FA.e.26783"}]}
COMMAND: GET /session/700a0ab92761895b5ec9a5372f8d46fb/screenshot - {}
RESULT: {"script":"<script> [8489 bytes]","args":[{"element-6066-11e4-a52e-4f735466cecf":"f.647512A71DDA687F9F591F39CAC5A62D.d.C47E7836D3D7A5A9AAB92108D802A7FA.e.26783","ELEMENT":"f.647512A71DDA687F9F591F39CAC5A62D.d.C47E7836D3D7A5A9AAB92108D802A7FA.e.26783"}]}
COMMAND: POST /session/700a0ab92761895b5ec9a5372f8d46fb/execute/sync - {"script":"<script> [5351 bytes]","args":[{"element-6066-11e4-a52e-4f735466cecf":"f.647512A71DDA687F9F591F39CAC5A62D.d.C47E7836D3D7A5A9AAB92108D802A7FA.e.26783","ELEMENT":"f.647512A71DDA687F9F591F39CAC5A62D.d.C47E7836D3D7A5A9AAB92108D802A7FA.e.26783"}]}
COMMAND: GET /session/700a0ab92761895b5ec9a5372f8d46fb/screenshot - {}
RESULT: {}
RESULT: {"script":"<script> [5351 bytes]","args":[{"element-6066-11e4-a52e-4f735466cecf":"f.647512A71DDA687F9F591F39CAC5A62D.d.C47E7836D3D7A5A9AAB92108D802A7FA.e.26783","ELEMENT":"f.647512A71DDA687F9F591F39CAC5A62D.d.C47E7836D3D7A5A9AAB92108D802A7FA.e.26783"}]}
COMMAND: POST /session/700a0ab92761895b5ec9a5372f8d46fb/element/f.647512A71DDA687F9F591F39CAC5A62D.d.C47E7836D3D7A5A9AAB92108D802A7FA.e.26783/click - {}
COMMAND: GET /session/700a0ab92761895b5ec9a5372f8d46fb/screenshot - {}
RESULT: {}
RESULT: {}
COMMAND: GET /session/700a0ab92761895b5ec9a5372f8d46fb/screenshot - {}
RESULT: {}
RESULT: {}
COMMAND: POST /session/700a0ab92761895b5ec9a5372f8d46fb/element - {"using":"css selector","value":"#shell-header-logo"}
RESULT: {"using":"css selector","value":"#shell-header-logo"}
COMMAND: POST /session/700a0ab92761895b5ec9a5372f8d46fb/element/f.647512A71DDA687F9F591F39CAC5A62D.d.C47E7836D3D7A5A9AAB92108D802A7FA.e.26197/click - {}
RESULT: {}
COMMAND: GET /session/700a0ab92761895b5ec9a5372f8d46fb/screenshot - {}
RESULT: {}
]]></system-out>
    </testcase>
    <testcase classname="chrome.135_0_7049_96.windows.Provide_to_Site_w/_warehouse_management_w_clarification" name="Should create a new contract" time="76.313">
      <system-out><![CDATA[
COMMAND: POST /session/700a0ab92761895b5ec9a5372f8d46fb/execute/async - {"script":"<script> [1562 bytes]","args":[{"selector":{"controlType":"sap.m.GenericTile","properties":{"header":"Manage Contracts"}},"wdio_ui5_key":"sapm.GenericTile{\"header\":\"Manage Contracts\"}"}]}
RESULT: {"script":"<script> [1562 bytes]","args":[{"selector":{"controlType":"sap.m.GenericTile","properties":{"header":"Manage Contracts"}},"wdio_ui5_key":"sapm.GenericTile{\"header\":\"Manage Contracts\"}"}]}
RESULT: undefined
COMMAND: POST /session/700a0ab92761895b5ec9a5372f8d46fb/element - {"using":"xpath","value":"//*[@id=\"__tile130\"]"}
RESULT: {"using":"xpath","value":"//*[@id=\"__tile130\"]"}
COMMAND: POST /session/700a0ab92761895b5ec9a5372f8d46fb/element/f.647512A71DDA687F9F591F39CAC5A62D.d.C47E7836D3D7A5A9AAB92108D802A7FA.e.26907/click - {}
RESULT: {}
COMMAND: GET /session/700a0ab92761895b5ec9a5372f8d46fb/screenshot - {}
RESULT: {}
RESULT: undefined
COMMAND: POST /session/700a0ab92761895b5ec9a5372f8d46fb/execute/async - {"script":"<script> [1562 bytes]","args":[{"selector":{"controlType":"sap.ui.core.Icon","viewName":"etm.portal.ui.managecontracts.view.Master","properties":{"src":{"regex":{"source":"add"}}}},"wdio_ui5_key":"etmportal.ui.managecontracts.view.Mastersap.ui.core.Icon{\"src\":{\"regex\":{\"source\":\"add\"}}}"}]}
RESULT: {"script":"<script> [1562 bytes]","args":[{"selector":{"controlType":"sap.ui.core.Icon","viewName":"etm.portal.ui.managecontracts.view.Master","properties":{"src":{"regex":{"source":"add"}}}},"wdio_ui5_key":"etmportal.ui.managecontracts.view.Mastersap.ui.core.Icon{\"src\":{\"regex\":{\"source\":\"add\"}}}"}]}
RESULT: undefined
COMMAND: POST /session/700a0ab92761895b5ec9a5372f8d46fb/element - {"using":"xpath","value":"//*[@id=\"__button303-img\"]"}
RESULT: {"using":"xpath","value":"//*[@id=\"__button303-img\"]"}
COMMAND: POST /session/700a0ab92761895b5ec9a5372f8d46fb/element/f.647512A71DDA687F9F591F39CAC5A62D.d.C47E7836D3D7A5A9AAB92108D802A7FA.e.26953/click - {}
RESULT: {}
COMMAND: POST /session/700a0ab92761895b5ec9a5372f8d46fb/execute/async - {"script":"<script> [1562 bytes]","args":[{"selector":{"id":"application-managecontracts-display-component---AddNewContract--projectDescription","interaction":{"idSuffix":"inner"}},"wdio_ui5_key":"applicationmanagecontracts-display-component---AddNewContract--projectDescription"}]}
COMMAND: GET /session/700a0ab92761895b5ec9a5372f8d46fb/screenshot - {}
RESULT: {"script":"<script> [1562 bytes]","args":[{"selector":{"id":"application-managecontracts-display-component---AddNewContract--projectDescription","interaction":{"idSuffix":"inner"}},"wdio_ui5_key":"applicationmanagecontracts-display-component---AddNewContract--projectDescription"}]}
RESULT: undefined
COMMAND: POST /session/700a0ab92761895b5ec9a5372f8d46fb/execute/async - {"script":"<script> [776 bytes]","args":[{"enterText":"wdi5 contract for billing","selector":{"id":"application-managecontracts-display-component---AddNewContract--projectDescription","interaction":{"idSuffix":"inner"}},"clearTextFirst":true,"interactionType":"ENTER_TEXT"}]}
RESULT: {}
RESULT: {"script":"<script> [776 bytes]","args":[{"enterText":"wdi5 contract for billing","selector":{"id":"application-managecontracts-display-component---AddNewContract--projectDescription","interaction":{"idSuffix":"inner"}},"clearTextFirst":true,"interactionType":"ENTER_TEXT"}]}
COMMAND: POST /session/700a0ab92761895b5ec9a5372f8d46fb/element - {"using":"xpath","value":"//input[@id=\"application-managecontracts-display-component---AddNewContract--customerSelect-inner\"]"}
RESULT: {"using":"xpath","value":"//input[@id=\"application-managecontracts-display-component---AddNewContract--customerSelect-inner\"]"}
COMMAND: POST /session/700a0ab92761895b5ec9a5372f8d46fb/element/f.647512A71DDA687F9F591F39CAC5A62D.d.C47E7836D3D7A5A9AAB92108D802A7FA.e.27238/clear - {}
RESULT: {}
COMMAND: POST /session/700a0ab92761895b5ec9a5372f8d46fb/element/f.647512A71DDA687F9F591F39CAC5A62D.d.C47E7836D3D7A5A9AAB92108D802A7FA.e.27238/value - {"text":"1645"}
COMMAND: GET /session/700a0ab92761895b5ec9a5372f8d46fb/screenshot - {}
RESULT: {"text":"1645"}
COMMAND: GET /session/700a0ab92761895b5ec9a5372f8d46fb/screenshot - {}
COMMAND: POST /session/700a0ab92761895b5ec9a5372f8d46fb/actions - {"actions":[{"id":"action112","type":"key","parameters":{},"actions":[{"type":"keyDown","value":"î€‡"},{"type":"pause","duration":10},{"type":"keyUp","value":"î€‡"}]}]}
RESULT: {}
RESULT: {}
RESULT: {"actions":[{"id":"action112","type":"key","parameters":{},"actions":[{"type":"keyDown","value":"î€‡"},{"type":"pause","duration":10},{"type":"keyUp","value":"î€‡"}]}]}
COMMAND: POST /session/700a0ab92761895b5ec9a5372f8d46fb/element - {"using":"xpath","value":"//input[@id=\"application-managecontracts-display-component---AddNewContract--site-inner\"]"}
COMMAND: GET /session/700a0ab92761895b5ec9a5372f8d46fb/screenshot - {}
RESULT: {"using":"xpath","value":"//input[@id=\"application-managecontracts-display-component---AddNewContract--site-inner\"]"}
COMMAND: POST /session/700a0ab92761895b5ec9a5372f8d46fb/element/f.647512A71DDA687F9F591F39CAC5A62D.d.C47E7836D3D7A5A9AAB92108D802A7FA.e.27239/clear - {}
RESULT: {}
RESULT: {}
COMMAND: POST /session/700a0ab92761895b5ec9a5372f8d46fb/element/f.647512A71DDA687F9F591F39CAC5A62D.d.C47E7836D3D7A5A9AAB92108D802A7FA.e.27239/value - {"text":"2603"}
COMMAND: GET /session/700a0ab92761895b5ec9a5372f8d46fb/screenshot - {}
RESULT: {"text":"2603"}
COMMAND: GET /session/700a0ab92761895b5ec9a5372f8d46fb/screenshot - {}
RESULT: {}
RESULT: {}
COMMAND: POST /session/700a0ab92761895b5ec9a5372f8d46fb/actions - {"actions":[{"id":"action113","type":"key","parameters":{},"actions":[{"type":"keyDown","value":"î€‡"},{"type":"pause","duration":10},{"type":"keyUp","value":"î€‡"}]}]}
RESULT: {"actions":[{"id":"action113","type":"key","parameters":{},"actions":[{"type":"keyDown","value":"î€‡"},{"type":"pause","duration":10},{"type":"keyUp","value":"î€‡"}]}]}
COMMAND: POST /session/700a0ab92761895b5ec9a5372f8d46fb/execute/async - {"script":"<script> [1562 bytes]","args":[{"selector":{"id":"application-managecontracts-display-component---AddNewContract--calendarInput","interaction":{"idSuffix":"inner"}},"wdio_ui5_key":"applicationmanagecontracts-display-component---AddNewContract--calendarInput"}]}
COMMAND: GET /session/700a0ab92761895b5ec9a5372f8d46fb/screenshot - {}
RESULT: {"script":"<script> [1562 bytes]","args":[{"selector":{"id":"application-managecontracts-display-component---AddNewContract--calendarInput","interaction":{"idSuffix":"inner"}},"wdio_ui5_key":"applicationmanagecontracts-display-component---AddNewContract--calendarInput"}]}
RESULT: undefined
COMMAND: POST /session/700a0ab92761895b5ec9a5372f8d46fb/execute/async - {"script":"<script> [776 bytes]","args":[{"enterText":"1 - Calendar unit test patch","selector":{"id":"application-managecontracts-display-component---AddNewContract--calendarInput","interaction":{"idSuffix":"inner"}},"clearTextFirst":true,"interactionType":"ENTER_TEXT"}]}
RESULT: {}
RESULT: {"script":"<script> [776 bytes]","args":[{"enterText":"1 - Calendar unit test patch","selector":{"id":"application-managecontracts-display-component---AddNewContract--calendarInput","interaction":{"idSuffix":"inner"}},"clearTextFirst":true,"interactionType":"ENTER_TEXT"}]}
COMMAND: POST /session/700a0ab92761895b5ec9a5372f8d46fb/actions - {"actions":[{"id":"action114","type":"key","parameters":{},"actions":[{"type":"keyDown","value":"î€‡"},{"type":"pause","duration":10},{"type":"keyUp","value":"î€‡"}]}]}
RESULT: {"actions":[{"id":"action114","type":"key","parameters":{},"actions":[{"type":"keyDown","value":"î€‡"},{"type":"pause","duration":10},{"type":"keyUp","value":"î€‡"}]}]}
COMMAND: POST /session/700a0ab92761895b5ec9a5372f8d46fb/execute/async - {"script":"<script> [1562 bytes]","args":[{"selector":{"id":"application-managecontracts-display-component---AddNewContract--languageCB","interaction":{"idSuffix":"inner"}},"wdio_ui5_key":"applicationmanagecontracts-display-component---AddNewContract--languageCB"}]}
COMMAND: GET /session/700a0ab92761895b5ec9a5372f8d46fb/screenshot - {}
RESULT: {"script":"<script> [1562 bytes]","args":[{"selector":{"id":"application-managecontracts-display-component---AddNewContract--languageCB","interaction":{"idSuffix":"inner"}},"wdio_ui5_key":"applicationmanagecontracts-display-component---AddNewContract--languageCB"}]}
RESULT: undefined
COMMAND: POST /session/700a0ab92761895b5ec9a5372f8d46fb/execute/async - {"script":"<script> [776 bytes]","args":[{"enterText":"EN - English","selector":{"id":"application-managecontracts-display-component---AddNewContract--languageCB","interaction":{"idSuffix":"inner"}},"clearTextFirst":true,"interactionType":"ENTER_TEXT"}]}
RESULT: {}
RESULT: {"script":"<script> [776 bytes]","args":[{"enterText":"EN - English","selector":{"id":"application-managecontracts-display-component---AddNewContract--languageCB","interaction":{"idSuffix":"inner"}},"clearTextFirst":true,"interactionType":"ENTER_TEXT"}]}
COMMAND: POST /session/700a0ab92761895b5ec9a5372f8d46fb/actions - {"actions":[{"id":"action115","type":"key","parameters":{},"actions":[{"type":"keyDown","value":"î€‡"},{"type":"pause","duration":10},{"type":"keyUp","value":"î€‡"}]}]}
RESULT: {"actions":[{"id":"action115","type":"key","parameters":{},"actions":[{"type":"keyDown","value":"î€‡"},{"type":"pause","duration":10},{"type":"keyUp","value":"î€‡"}]}]}
COMMAND: POST /session/700a0ab92761895b5ec9a5372f8d46fb/execute/async - {"script":"<script> [1562 bytes]","args":[{"selector":{"id":"application-managecontracts-display-component---AddNewContract--saveBtn","interaction":{"idSuffix":"BDI-content"}},"wdio_ui5_key":"applicationmanagecontracts-display-component---AddNewContract--saveBtn"}]}
COMMAND: GET /session/700a0ab92761895b5ec9a5372f8d46fb/screenshot - {}
RESULT: {"script":"<script> [1562 bytes]","args":[{"selector":{"id":"application-managecontracts-display-component---AddNewContract--saveBtn","interaction":{"idSuffix":"BDI-content"}},"wdio_ui5_key":"applicationmanagecontracts-display-component---AddNewContract--saveBtn"}]}
RESULT: undefined
COMMAND: POST /session/700a0ab92761895b5ec9a5372f8d46fb/element - {"using":"xpath","value":"//*[@id=\"application-managecontracts-display-component---AddNewContract--saveBtn\"]"}
RESULT: {}
RESULT: {"using":"xpath","value":"//*[@id=\"application-managecontracts-display-component---AddNewContract--saveBtn\"]"}
COMMAND: POST /session/700a0ab92761895b5ec9a5372f8d46fb/element/f.647512A71DDA687F9F591F39CAC5A62D.d.C47E7836D3D7A5A9AAB92108D802A7FA.e.27259/click - {}
RESULT: {}
COMMAND: GET /session/700a0ab92761895b5ec9a5372f8d46fb/screenshot - {}
RESULT: {}
COMMAND: POST /session/700a0ab92761895b5ec9a5372f8d46fb/execute/async - {"script":"<script> [1562 bytes]","args":[{"selector":{"id":"contractDetailTitleNoExpanded","viewName":"etm.portal.ui.managecontracts.view.Detail"},"wdio_ui5_key":"contractDetailTitleNoExpandedetmportal.ui.managecontracts.view.Detail"}]}
RESULT: {"script":"<script> [1562 bytes]","args":[{"selector":{"id":"contractDetailTitleNoExpanded","viewName":"etm.portal.ui.managecontracts.view.Detail"},"wdio_ui5_key":"contractDetailTitleNoExpandedetmportal.ui.managecontracts.view.Detail"}]}
RESULT: undefined
COMMAND: POST /session/700a0ab92761895b5ec9a5372f8d46fb/execute/async - {"script":"<script> [6424 bytes]","args":[{"element-6066-11e4-a52e-4f735466cecf":"f.647512A71DDA687F9F591F39CAC5A62D.d.C47E7836D3D7A5A9AAB92108D802A7FA.e.27344"},"getText",[]]}
RESULT: {"script":"<script> [6424 bytes]","args":[{"element-6066-11e4-a52e-4f735466cecf":"f.647512A71DDA687F9F591F39CAC5A62D.d.C47E7836D3D7A5A9AAB92108D802A7FA.e.27344"},"getText",[]]}
]]></system-out>
    </testcase>
    <testcase classname="chrome.135_0_7049_96.windows.Provide_to_Site_w/_warehouse_management_w_clarification" name="Should add resource to the contract" time="62.416">
      <system-out><![CDATA[
COMMAND: POST /session/700a0ab92761895b5ec9a5372f8d46fb/execute/async - {"script":"<script> [1562 bytes]","args":[{"selector":{"id":"contractDetailEditBtn","viewName":"etm.portal.ui.managecontracts.view.Detail","interaction":{"idSuffix":"BDI-content"}},"wdio_ui5_key":"contractDetailEditBtnetmportal.ui.managecontracts.view.Detail"}]}
RESULT: {"script":"<script> [1562 bytes]","args":[{"selector":{"id":"contractDetailEditBtn","viewName":"etm.portal.ui.managecontracts.view.Detail","interaction":{"idSuffix":"BDI-content"}},"wdio_ui5_key":"contractDetailEditBtnetmportal.ui.managecontracts.view.Detail"}]}
RESULT: undefined
COMMAND: POST /session/700a0ab92761895b5ec9a5372f8d46fb/element - {"using":"xpath","value":"//*[@id=\"__xmlview63--contractDetailEditBtn\"]"}
RESULT: {"using":"xpath","value":"//*[@id=\"__xmlview63--contractDetailEditBtn\"]"}
COMMAND: POST /session/700a0ab92761895b5ec9a5372f8d46fb/element/f.647512A71DDA687F9F591F39CAC5A62D.d.C47E7836D3D7A5A9AAB92108D802A7FA.e.27346/click - {}
RESULT: {}
COMMAND: GET /session/700a0ab92761895b5ec9a5372f8d46fb/screenshot - {}
RESULT: {}
COMMAND: POST /session/700a0ab92761895b5ec9a5372f8d46fb/execute/async - {"script":"<script> [1562 bytes]","args":[{"selector":{"id":"additionalAddressesTabFilter","viewName":"etm.portal.ui.managecontracts.view.EditContract","interaction":{"idSuffix":"text"}},"wdio_ui5_key":"additionalAddressesTabFilteretmportal.ui.managecontracts.view.EditContract"}]}
RESULT: {"script":"<script> [1562 bytes]","args":[{"selector":{"id":"additionalAddressesTabFilter","viewName":"etm.portal.ui.managecontracts.view.EditContract","interaction":{"idSuffix":"text"}},"wdio_ui5_key":"additionalAddressesTabFilteretmportal.ui.managecontracts.view.EditContract"}]}
RESULT: undefined
COMMAND: POST /session/700a0ab92761895b5ec9a5372f8d46fb/element - {"using":"xpath","value":"//*[@id=\"__xmlview64--additionalAddressesTabFilter\"]"}
RESULT: {"using":"xpath","value":"//*[@id=\"__xmlview64--additionalAddressesTabFilter\"]"}
COMMAND: POST /session/700a0ab92761895b5ec9a5372f8d46fb/element/f.647512A71DDA687F9F591F39CAC5A62D.d.C47E7836D3D7A5A9AAB92108D802A7FA.e.27403/click - {}
RESULT: {}
RESULT: undefined
COMMAND: POST /session/700a0ab92761895b5ec9a5372f8d46fb/element - {"using":"xpath","value":"//*[@id=\"__xmlview64--additionalAddressesTabFilter\"]"}
COMMAND: GET /session/700a0ab92761895b5ec9a5372f8d46fb/screenshot - {}
RESULT: {"using":"xpath","value":"//*[@id=\"__xmlview64--additionalAddressesTabFilter\"]"}
COMMAND: POST /session/700a0ab92761895b5ec9a5372f8d46fb/element/f.647512A71DDA687F9F591F39CAC5A62D.d.C47E7836D3D7A5A9AAB92108D802A7FA.e.27403/click - {}
RESULT: {}
RESULT: {}
COMMAND: POST /session/700a0ab92761895b5ec9a5372f8d46fb/execute/async - {"script":"<script> [1562 bytes]","args":[{"selector":{"controlType":"sap.ui.core.Icon","viewName":"etm.portal.ui.managecontracts.view.EditContract","properties":{"src":{"regex":{"source":"add"}}}},"wdio_ui5_key":"etmportal.ui.managecontracts.view.EditContractsap.ui.core.Icon{\"src\":{\"regex\":{\"source\":\"add\"}}}"}]}
COMMAND: GET /session/700a0ab92761895b5ec9a5372f8d46fb/screenshot - {}
RESULT: {"script":"<script> [1562 bytes]","args":[{"selector":{"controlType":"sap.ui.core.Icon","viewName":"etm.portal.ui.managecontracts.view.EditContract","properties":{"src":{"regex":{"source":"add"}}}},"wdio_ui5_key":"etmportal.ui.managecontracts.view.EditContractsap.ui.core.Icon{\"src\":{\"regex\":{\"source\":\"add\"}}}"}]}
RESULT: undefined
COMMAND: POST /session/700a0ab92761895b5ec9a5372f8d46fb/element - {"using":"xpath","value":"//*[@id=\"__xmlview64--btnAddTableRow-img\"]"}
RESULT: {}
RESULT: {"using":"xpath","value":"//*[@id=\"__xmlview64--btnAddTableRow-img\"]"}
COMMAND: POST /session/700a0ab92761895b5ec9a5372f8d46fb/element/f.647512A71DDA687F9F591F39CAC5A62D.d.C47E7836D3D7A5A9AAB92108D802A7FA.e.27408/click - {}
RESULT: {}
COMMAND: POST /session/700a0ab92761895b5ec9a5372f8d46fb/element - {"using":"xpath","value":"//div[(text() = 'Standard Entry' or . = 'Standard Entry')]"}
COMMAND: GET /session/700a0ab92761895b5ec9a5372f8d46fb/screenshot - {}
RESULT: {"using":"xpath","value":"//div[(text() = 'Standard Entry' or . = 'Standard Entry')]"}
COMMAND: POST /session/700a0ab92761895b5ec9a5372f8d46fb/element/f.647512A71DDA687F9F591F39CAC5A62D.d.C47E7836D3D7A5A9AAB92108D802A7FA.e.27411/click - {}
RESULT: {}
RESULT: {}
COMMAND: POST /session/700a0ab92761895b5ec9a5372f8d46fb/execute/async - {"script":"<script> [1562 bytes]","args":[{"selector":{"controlType":"sap.ui.core.Icon","viewName":"etm.portal.ui.managecontracts.view.EditContract","properties":{"src":{"regex":{"source":"inspect"}}}},"wdio_ui5_key":"etmportal.ui.managecontracts.view.EditContractsap.ui.core.Icon{\"src\":{\"regex\":{\"source\":\"inspect\"}}}"}]}
COMMAND: GET /session/700a0ab92761895b5ec9a5372f8d46fb/screenshot - {}
RESULT: {"script":"<script> [1562 bytes]","args":[{"selector":{"controlType":"sap.ui.core.Icon","viewName":"etm.portal.ui.managecontracts.view.EditContract","properties":{"src":{"regex":{"source":"inspect"}}}},"wdio_ui5_key":"etmportal.ui.managecontracts.view.EditContractsap.ui.core.Icon{\"src\":{\"regex\":{\"source\":\"inspect\"}}}"}]}
RESULT: undefined
COMMAND: POST /session/700a0ab92761895b5ec9a5372f8d46fb/element - {"using":"xpath","value":"//*[@id=\"__button329-img\"]"}
RESULT: {}
RESULT: {"using":"xpath","value":"//*[@id=\"__button329-img\"]"}
COMMAND: POST /session/700a0ab92761895b5ec9a5372f8d46fb/element/f.647512A71DDA687F9F591F39CAC5A62D.d.C47E7836D3D7A5A9AAB92108D802A7FA.e.27423/click - {}
RESULT: {}
COMMAND: GET /session/700a0ab92761895b5ec9a5372f8d46fb/screenshot - {}
RESULT: {}
COMMAND: POST /session/700a0ab92761895b5ec9a5372f8d46fb/element - {"using":"xpath","value":"//td[6]/div/div/input[1]"}
RESULT: {"using":"xpath","value":"//td[6]/div/div/input[1]"}
COMMAND: POST /session/700a0ab92761895b5ec9a5372f8d46fb/element/f.647512A71DDA687F9F591F39CAC5A62D.d.C47E7836D3D7A5A9AAB92108D802A7FA.e.27413/clear - {}
RESULT: {}
COMMAND: GET /session/700a0ab92761895b5ec9a5372f8d46fb/screenshot - {}
RESULT: {}
COMMAND: POST /session/700a0ab92761895b5ec9a5372f8d46fb/element - {"using":"xpath","value":"//td[6]/div/div/input[1]"}
RESULT: {"using":"xpath","value":"//td[6]/div/div/input[1]"}
COMMAND: POST /session/700a0ab92761895b5ec9a5372f8d46fb/element/f.647512A71DDA687F9F591F39CAC5A62D.d.C47E7836D3D7A5A9AAB92108D802A7FA.e.27439/click - {}
RESULT: {}
COMMAND: POST /session/700a0ab92761895b5ec9a5372f8d46fb/actions - {"actions":[{"id":"action116","type":"key","parameters":{},"actions":[{"type":"keyDown","value":"î€ƒ"},{"type":"pause","duration":10},{"type":"keyUp","value":"î€ƒ"}]}]}
COMMAND: GET /session/700a0ab92761895b5ec9a5372f8d46fb/screenshot - {}
RESULT: {"actions":[{"id":"action116","type":"key","parameters":{},"actions":[{"type":"keyDown","value":"î€ƒ"},{"type":"pause","duration":10},{"type":"keyUp","value":"î€ƒ"}]}]}
COMMAND: POST /session/700a0ab92761895b5ec9a5372f8d46fb/element - {"using":"xpath","value":"//td[6]/div/div/input[1]"}
COMMAND: GET /session/700a0ab92761895b5ec9a5372f8d46fb/screenshot - {}
RESULT: {}
RESULT: {"using":"xpath","value":"//td[6]/div/div/input[1]"}
COMMAND: POST /session/700a0ab92761895b5ec9a5372f8d46fb/element/f.647512A71DDA687F9F591F39CAC5A62D.d.C47E7836D3D7A5A9AAB92108D802A7FA.e.27439/clear - {}
RESULT: {}
RESULT: {}
COMMAND: POST /session/700a0ab92761895b5ec9a5372f8d46fb/element/f.647512A71DDA687F9F591F39CAC5A62D.d.C47E7836D3D7A5A9AAB92108D802A7FA.e.27439/value - {"text":"Material"}
COMMAND: GET /session/700a0ab92761895b5ec9a5372f8d46fb/screenshot - {}
RESULT: {"text":"Material"}
COMMAND: GET /session/700a0ab92761895b5ec9a5372f8d46fb/screenshot - {}
RESULT: {}
RESULT: {}
COMMAND: POST /session/700a0ab92761895b5ec9a5372f8d46fb/actions - {"actions":[{"id":"action117","type":"key","parameters":{},"actions":[{"type":"keyDown","value":"î€‡"},{"type":"pause","duration":10},{"type":"keyUp","value":"î€‡"}]}]}
RESULT: {"actions":[{"id":"action117","type":"key","parameters":{},"actions":[{"type":"keyDown","value":"î€‡"},{"type":"pause","duration":10},{"type":"keyUp","value":"î€‡"}]}]}
COMMAND: POST /session/700a0ab92761895b5ec9a5372f8d46fb/element - {"using":"xpath","value":"//td[7]/div/div/input[1]"}
COMMAND: GET /session/700a0ab92761895b5ec9a5372f8d46fb/screenshot - {}
RESULT: {"using":"xpath","value":"//td[7]/div/div/input[1]"}
COMMAND: POST /session/700a0ab92761895b5ec9a5372f8d46fb/element/f.647512A71DDA687F9F591F39CAC5A62D.d.C47E7836D3D7A5A9AAB92108D802A7FA.e.27461/clear - {}
RESULT: {}
RESULT: {}
COMMAND: POST /session/700a0ab92761895b5ec9a5372f8d46fb/element/f.647512A71DDA687F9F591F39CAC5A62D.d.C47E7836D3D7A5A9AAB92108D802A7FA.e.27461/value - {"text":"200527"}
COMMAND: GET /session/700a0ab92761895b5ec9a5372f8d46fb/screenshot - {}
RESULT: {"text":"200527"}
COMMAND: GET /session/700a0ab92761895b5ec9a5372f8d46fb/screenshot - {}
RESULT: {}
RESULT: {}
COMMAND: POST /session/700a0ab92761895b5ec9a5372f8d46fb/actions - {"actions":[{"id":"action118","type":"key","parameters":{},"actions":[{"type":"keyDown","value":"î€‡"},{"type":"pause","duration":10},{"type":"keyUp","value":"î€‡"}]}]}
RESULT: {"actions":[{"id":"action118","type":"key","parameters":{},"actions":[{"type":"keyDown","value":"î€‡"},{"type":"pause","duration":10},{"type":"keyUp","value":"î€‡"}]}]}
COMMAND: POST /session/700a0ab92761895b5ec9a5372f8d46fb/execute/async - {"script":"<script> [1562 bytes]","args":[{"selector":{"controlType":"sap.m.Button","properties":{"text":"OK"},"searchOpenDialogs":true,"interaction":{"idSuffix":"BDI-content"}},"wdio_ui5_key":"sapm.Button{\"text\":\"OK\"}"}]}
COMMAND: GET /session/700a0ab92761895b5ec9a5372f8d46fb/screenshot - {}
RESULT: {"script":"<script> [1562 bytes]","args":[{"selector":{"controlType":"sap.m.Button","properties":{"text":"OK"},"searchOpenDialogs":true,"interaction":{"idSuffix":"BDI-content"}},"wdio_ui5_key":"sapm.Button{\"text\":\"OK\"}"}]}
RESULT: undefined
COMMAND: POST /session/700a0ab92761895b5ec9a5372f8d46fb/element - {"using":"xpath","value":"//*[@id=\"__mbox-btn-1\"]"}
RESULT: {}
RESULT: {"using":"xpath","value":"//*[@id=\"__mbox-btn-1\"]"}
COMMAND: POST /session/700a0ab92761895b5ec9a5372f8d46fb/element/f.647512A71DDA687F9F591F39CAC5A62D.d.C47E7836D3D7A5A9AAB92108D802A7FA.e.27482/click - {}
RESULT: {}
COMMAND: POST /session/700a0ab92761895b5ec9a5372f8d46fb/execute/async - {"script":"<script> [1562 bytes]","args":[{"selector":{"id":"saveBtn","viewName":"etm.portal.ui.managecontracts.view.EditContract","interaction":{"idSuffix":"BDI-content"}},"wdio_ui5_key":"saveBtnetmportal.ui.managecontracts.view.EditContract"}]}
COMMAND: GET /session/700a0ab92761895b5ec9a5372f8d46fb/screenshot - {}
RESULT: {"script":"<script> [1562 bytes]","args":[{"selector":{"id":"saveBtn","viewName":"etm.portal.ui.managecontracts.view.EditContract","interaction":{"idSuffix":"BDI-content"}},"wdio_ui5_key":"saveBtnetmportal.ui.managecontracts.view.EditContract"}]}
RESULT: undefined
COMMAND: POST /session/700a0ab92761895b5ec9a5372f8d46fb/element - {"using":"xpath","value":"//*[@id=\"__xmlview64--saveBtn\"]"}
RESULT: {}
RESULT: {"using":"xpath","value":"//*[@id=\"__xmlview64--saveBtn\"]"}
COMMAND: POST /session/700a0ab92761895b5ec9a5372f8d46fb/element/f.647512A71DDA687F9F591F39CAC5A62D.d.C47E7836D3D7A5A9AAB92108D802A7FA.e.27508/click - {}
RESULT: {}
COMMAND: GET /session/700a0ab92761895b5ec9a5372f8d46fb/screenshot - {}
RESULT: {}
COMMAND: POST /session/700a0ab92761895b5ec9a5372f8d46fb/execute/async - {"script":"<script> [1562 bytes]","args":[{"selector":{"id":"additionalAddressesTabFilter","viewName":"etm.portal.ui.managecontracts.view.Detail","interaction":{"idSuffix":"text"}},"wdio_ui5_key":"additionalAddressesTabFilteretmportal.ui.managecontracts.view.Detail"}]}
RESULT: {"script":"<script> [1562 bytes]","args":[{"selector":{"id":"additionalAddressesTabFilter","viewName":"etm.portal.ui.managecontracts.view.Detail","interaction":{"idSuffix":"text"}},"wdio_ui5_key":"additionalAddressesTabFilteretmportal.ui.managecontracts.view.Detail"}]}
RESULT: undefined
COMMAND: POST /session/700a0ab92761895b5ec9a5372f8d46fb/element - {"using":"xpath","value":"//*[@id=\"__xmlview63--additionalAddressesTabFilter\"]"}
RESULT: {"using":"xpath","value":"//*[@id=\"__xmlview63--additionalAddressesTabFilter\"]"}
COMMAND: POST /session/700a0ab92761895b5ec9a5372f8d46fb/element/f.647512A71DDA687F9F591F39CAC5A62D.d.C47E7836D3D7A5A9AAB92108D802A7FA.e.27512/click - {}
RESULT: {}
COMMAND: POST /session/700a0ab92761895b5ec9a5372f8d46fb/execute/async - {"script":"<script> [1562 bytes]","args":[{"selector":{"id":"contractDetailProvideButton","viewName":"etm.portal.ui.managecontracts.view.Detail","interaction":{"idSuffix":"BDI-content"}},"wdio_ui5_key":"contractDetailProvideButtonetmportal.ui.managecontracts.view.Detail"}]}
COMMAND: GET /session/700a0ab92761895b5ec9a5372f8d46fb/screenshot - {}
RESULT: {"script":"<script> [1562 bytes]","args":[{"selector":{"id":"contractDetailProvideButton","viewName":"etm.portal.ui.managecontracts.view.Detail","interaction":{"idSuffix":"BDI-content"}},"wdio_ui5_key":"contractDetailProvideButtonetmportal.ui.managecontracts.view.Detail"}]}
RESULT: undefined
COMMAND: POST /session/700a0ab92761895b5ec9a5372f8d46fb/element - {"using":"xpath","value":"//*[@id=\"__xmlview63--contractDetailProvideButton\"]"}
RESULT: {}
RESULT: {"using":"xpath","value":"//*[@id=\"__xmlview63--contractDetailProvideButton\"]"}
COMMAND: POST /session/700a0ab92761895b5ec9a5372f8d46fb/element/f.647512A71DDA687F9F591F39CAC5A62D.d.C47E7836D3D7A5A9AAB92108D802A7FA.e.27517/click - {}
RESULT: {}
COMMAND: GET /session/700a0ab92761895b5ec9a5372f8d46fb/screenshot - {}
RESULT: {}
]]></system-out>
    </testcase>
    <testcase classname="chrome.135_0_7049_96.windows.Provide_to_Site_w/_warehouse_management_w_clarification" name="Should Create HandOvers provide to site" time="67.986">
      <system-out><![CDATA[
COMMAND: POST /session/700a0ab92761895b5ec9a5372f8d46fb/element - {"using":"css selector","value":"#application-managehandovers-display-component---AddNewHO--dueDate-inner"}
RESULT: {"using":"css selector","value":"#application-managehandovers-display-component---AddNewHO--dueDate-inner"}
COMMAND: POST /session/700a0ab92761895b5ec9a5372f8d46fb/element/f.647512A71DDA687F9F591F39CAC5A62D.d.C47E7836D3D7A5A9AAB92108D802A7FA.e.27570/clear - {}
RESULT: {}
COMMAND: POST /session/700a0ab92761895b5ec9a5372f8d46fb/element/f.647512A71DDA687F9F591F39CAC5A62D.d.C47E7836D3D7A5A9AAB92108D802A7FA.e.27570/value - {"text":"4/24/25"}
COMMAND: GET /session/700a0ab92761895b5ec9a5372f8d46fb/screenshot - {}
RESULT: {"text":"4/24/25"}
COMMAND: POST /session/700a0ab92761895b5ec9a5372f8d46fb/element - {"using":"xpath","value":"//bdi[(text() = 'Items' or . = 'Items')]"}
COMMAND: GET /session/700a0ab92761895b5ec9a5372f8d46fb/screenshot - {}
RESULT: {}
RESULT: {"using":"xpath","value":"//bdi[(text() = 'Items' or . = 'Items')]"}
COMMAND: POST /session/700a0ab92761895b5ec9a5372f8d46fb/element/f.647512A71DDA687F9F591F39CAC5A62D.d.C47E7836D3D7A5A9AAB92108D802A7FA.e.27674/click - {}
RESULT: {}
RESULT: {}
COMMAND: POST /session/700a0ab92761895b5ec9a5372f8d46fb/execute/async - {"script":"<script> [1562 bytes]","args":[{"selector":{"controlType":"sap.m.Button","viewName":"etm.portal.ui.managehandovers.view.AddNewHO","viewId":"application-managehandovers-display-component---AddNewHO","i18NText":{"propertyName":"tooltip","key":"addItems"}},"wdio_ui5_key":"etmportal.ui.managehandovers.view.AddNewHOsap.m.Button{\"propertyName\":\"tooltip\",\"key\":\"addItems\"}"}]}
COMMAND: GET /session/700a0ab92761895b5ec9a5372f8d46fb/screenshot - {}
RESULT: {"script":"<script> [1562 bytes]","args":[{"selector":{"controlType":"sap.m.Button","viewName":"etm.portal.ui.managehandovers.view.AddNewHO","viewId":"application-managehandovers-display-component---AddNewHO","i18NText":{"propertyName":"tooltip","key":"addItems"}},"wdio_ui5_key":"etmportal.ui.managehandovers.view.AddNewHOsap.m.Button{\"propertyName\":\"tooltip\",\"key\":\"addItems\"}"}]}
RESULT: undefined
COMMAND: POST /session/700a0ab92761895b5ec9a5372f8d46fb/element - {"using":"xpath","value":"//*[@id=\"__button354\"]"}
RESULT: {}
RESULT: {"using":"xpath","value":"//*[@id=\"__button354\"]"}
COMMAND: POST /session/700a0ab92761895b5ec9a5372f8d46fb/element/f.647512A71DDA687F9F591F39CAC5A62D.d.C47E7836D3D7A5A9AAB92108D802A7FA.e.27677/click - {}
RESULT: {}
COMMAND: GET /session/700a0ab92761895b5ec9a5372f8d46fb/screenshot - {}
RESULT: {}
COMMAND: POST /session/700a0ab92761895b5ec9a5372f8d46fb/element - {"using":"css selector","value":"div[id= \"application-managehandovers-display-component---AddNewHO--popup-sa-CbBg\"]"}
RESULT: {"using":"css selector","value":"div[id= \"application-managehandovers-display-component---AddNewHO--popup-sa-CbBg\"]"}
COMMAND: POST /session/700a0ab92761895b5ec9a5372f8d46fb/element/f.647512A71DDA687F9F591F39CAC5A62D.d.C47E7836D3D7A5A9AAB92108D802A7FA.e.27694/click - {}
RESULT: {}
COMMAND: GET /session/700a0ab92761895b5ec9a5372f8d46fb/screenshot - {}
RESULT: {}
COMMAND: POST /session/700a0ab92761895b5ec9a5372f8d46fb/element - {"using":"xpath","value":"//bdi[(text() = 'Select' or . = 'Select')]"}
RESULT: {"using":"xpath","value":"//bdi[(text() = 'Select' or . = 'Select')]"}
COMMAND: POST /session/700a0ab92761895b5ec9a5372f8d46fb/element/f.647512A71DDA687F9F591F39CAC5A62D.d.C47E7836D3D7A5A9AAB92108D802A7FA.e.27696/click - {}
RESULT: {}
COMMAND: GET /session/700a0ab92761895b5ec9a5372f8d46fb/screenshot - {}
RESULT: {}
COMMAND: POST /session/700a0ab92761895b5ec9a5372f8d46fb/element - {"using":"xpath","value":"//bdi[(text() = 'Save' or . = 'Save')]"}
RESULT: {"using":"xpath","value":"//bdi[(text() = 'Save' or . = 'Save')]"}
COMMAND: POST /session/700a0ab92761895b5ec9a5372f8d46fb/element/f.647512A71DDA687F9F591F39CAC5A62D.d.C47E7836D3D7A5A9AAB92108D802A7FA.e.27704/click - {}
RESULT: {}
COMMAND: GET /session/700a0ab92761895b5ec9a5372f8d46fb/screenshot - {}
RESULT: {}
COMMAND: POST /session/700a0ab92761895b5ec9a5372f8d46fb/elements - {"using":"xpath","value":"//*[text()='Close']"}
RESULT: {"using":"xpath","value":"//*[text()='Close']"}
COMMAND: GET /session/700a0ab92761895b5ec9a5372f8d46fb/element/f.647512A71DDA687F9F591F39CAC5A62D.d.C47E7836D3D7A5A9AAB92108D802A7FA.e.27742/enabled - {}
RESULT: {}
COMMAND: POST /session/700a0ab92761895b5ec9a5372f8d46fb/execute/sync - {"script":"<script> [8489 bytes]","args":[{"element-6066-11e4-a52e-4f735466cecf":"f.647512A71DDA687F9F591F39CAC5A62D.d.C47E7836D3D7A5A9AAB92108D802A7FA.e.27742","ELEMENT":"f.647512A71DDA687F9F591F39CAC5A62D.d.C47E7836D3D7A5A9AAB92108D802A7FA.e.27742"}]}
COMMAND: GET /session/700a0ab92761895b5ec9a5372f8d46fb/screenshot - {}
RESULT: {"script":"<script> [8489 bytes]","args":[{"element-6066-11e4-a52e-4f735466cecf":"f.647512A71DDA687F9F591F39CAC5A62D.d.C47E7836D3D7A5A9AAB92108D802A7FA.e.27742","ELEMENT":"f.647512A71DDA687F9F591F39CAC5A62D.d.C47E7836D3D7A5A9AAB92108D802A7FA.e.27742"}]}
COMMAND: GET /session/700a0ab92761895b5ec9a5372f8d46fb/screenshot - {}
RESULT: {}
RESULT: {}
COMMAND: POST /session/700a0ab92761895b5ec9a5372f8d46fb/execute/sync - {"script":"<script> [8489 bytes]","args":[{"element-6066-11e4-a52e-4f735466cecf":"f.647512A71DDA687F9F591F39CAC5A62D.d.C47E7836D3D7A5A9AAB92108D802A7FA.e.27742","ELEMENT":"f.647512A71DDA687F9F591F39CAC5A62D.d.C47E7836D3D7A5A9AAB92108D802A7FA.e.27742"}]}
RESULT: {"script":"<script> [8489 bytes]","args":[{"element-6066-11e4-a52e-4f735466cecf":"f.647512A71DDA687F9F591F39CAC5A62D.d.C47E7836D3D7A5A9AAB92108D802A7FA.e.27742","ELEMENT":"f.647512A71DDA687F9F591F39CAC5A62D.d.C47E7836D3D7A5A9AAB92108D802A7FA.e.27742"}]}
COMMAND: GET /session/700a0ab92761895b5ec9a5372f8d46fb/screenshot - {}
RESULT: {}
COMMAND: POST /session/700a0ab92761895b5ec9a5372f8d46fb/execute/sync - {"script":"<script> [8489 bytes]","args":[{"element-6066-11e4-a52e-4f735466cecf":"f.647512A71DDA687F9F591F39CAC5A62D.d.C47E7836D3D7A5A9AAB92108D802A7FA.e.27742","ELEMENT":"f.647512A71DDA687F9F591F39CAC5A62D.d.C47E7836D3D7A5A9AAB92108D802A7FA.e.27742"}]}
RESULT: {"script":"<script> [8489 bytes]","args":[{"element-6066-11e4-a52e-4f735466cecf":"f.647512A71DDA687F9F591F39CAC5A62D.d.C47E7836D3D7A5A9AAB92108D802A7FA.e.27742","ELEMENT":"f.647512A71DDA687F9F591F39CAC5A62D.d.C47E7836D3D7A5A9AAB92108D802A7FA.e.27742"}]}
COMMAND: GET /session/700a0ab92761895b5ec9a5372f8d46fb/screenshot - {}
RESULT: {}
COMMAND: POST /session/700a0ab92761895b5ec9a5372f8d46fb/execute/sync - {"script":"<script> [8489 bytes]","args":[{"element-6066-11e4-a52e-4f735466cecf":"f.647512A71DDA687F9F591F39CAC5A62D.d.C47E7836D3D7A5A9AAB92108D802A7FA.e.27742","ELEMENT":"f.647512A71DDA687F9F591F39CAC5A62D.d.C47E7836D3D7A5A9AAB92108D802A7FA.e.27742"}]}
RESULT: {"script":"<script> [8489 bytes]","args":[{"element-6066-11e4-a52e-4f735466cecf":"f.647512A71DDA687F9F591F39CAC5A62D.d.C47E7836D3D7A5A9AAB92108D802A7FA.e.27742","ELEMENT":"f.647512A71DDA687F9F591F39CAC5A62D.d.C47E7836D3D7A5A9AAB92108D802A7FA.e.27742"}]}
COMMAND: GET /session/700a0ab92761895b5ec9a5372f8d46fb/screenshot - {}
RESULT: {}
COMMAND: POST /session/700a0ab92761895b5ec9a5372f8d46fb/execute/sync - {"script":"<script> [8489 bytes]","args":[{"element-6066-11e4-a52e-4f735466cecf":"f.647512A71DDA687F9F591F39CAC5A62D.d.C47E7836D3D7A5A9AAB92108D802A7FA.e.27742","ELEMENT":"f.647512A71DDA687F9F591F39CAC5A62D.d.C47E7836D3D7A5A9AAB92108D802A7FA.e.27742"}]}
RESULT: {"script":"<script> [8489 bytes]","args":[{"element-6066-11e4-a52e-4f735466cecf":"f.647512A71DDA687F9F591F39CAC5A62D.d.C47E7836D3D7A5A9AAB92108D802A7FA.e.27742","ELEMENT":"f.647512A71DDA687F9F591F39CAC5A62D.d.C47E7836D3D7A5A9AAB92108D802A7FA.e.27742"}]}
COMMAND: GET /session/700a0ab92761895b5ec9a5372f8d46fb/screenshot - {}
RESULT: {}
COMMAND: POST /session/700a0ab92761895b5ec9a5372f8d46fb/execute/sync - {"script":"<script> [8489 bytes]","args":[{"element-6066-11e4-a52e-4f735466cecf":"f.647512A71DDA687F9F591F39CAC5A62D.d.C47E7836D3D7A5A9AAB92108D802A7FA.e.27742","ELEMENT":"f.647512A71DDA687F9F591F39CAC5A62D.d.C47E7836D3D7A5A9AAB92108D802A7FA.e.27742"}]}
RESULT: {"script":"<script> [8489 bytes]","args":[{"element-6066-11e4-a52e-4f735466cecf":"f.647512A71DDA687F9F591F39CAC5A62D.d.C47E7836D3D7A5A9AAB92108D802A7FA.e.27742","ELEMENT":"f.647512A71DDA687F9F591F39CAC5A62D.d.C47E7836D3D7A5A9AAB92108D802A7FA.e.27742"}]}
COMMAND: GET /session/700a0ab92761895b5ec9a5372f8d46fb/screenshot - {}
RESULT: {}
COMMAND: POST /session/700a0ab92761895b5ec9a5372f8d46fb/execute/sync - {"script":"<script> [8489 bytes]","args":[{"element-6066-11e4-a52e-4f735466cecf":"f.647512A71DDA687F9F591F39CAC5A62D.d.C47E7836D3D7A5A9AAB92108D802A7FA.e.27742","ELEMENT":"f.647512A71DDA687F9F591F39CAC5A62D.d.C47E7836D3D7A5A9AAB92108D802A7FA.e.27742"}]}
RESULT: {"script":"<script> [8489 bytes]","args":[{"element-6066-11e4-a52e-4f735466cecf":"f.647512A71DDA687F9F591F39CAC5A62D.d.C47E7836D3D7A5A9AAB92108D802A7FA.e.27742","ELEMENT":"f.647512A71DDA687F9F591F39CAC5A62D.d.C47E7836D3D7A5A9AAB92108D802A7FA.e.27742"}]}
COMMAND: GET /session/700a0ab92761895b5ec9a5372f8d46fb/screenshot - {}
RESULT: {}
COMMAND: POST /session/700a0ab92761895b5ec9a5372f8d46fb/execute/sync - {"script":"<script> [8489 bytes]","args":[{"element-6066-11e4-a52e-4f735466cecf":"f.647512A71DDA687F9F591F39CAC5A62D.d.C47E7836D3D7A5A9AAB92108D802A7FA.e.27742","ELEMENT":"f.647512A71DDA687F9F591F39CAC5A62D.d.C47E7836D3D7A5A9AAB92108D802A7FA.e.27742"}]}
RESULT: {"script":"<script> [8489 bytes]","args":[{"element-6066-11e4-a52e-4f735466cecf":"f.647512A71DDA687F9F591F39CAC5A62D.d.C47E7836D3D7A5A9AAB92108D802A7FA.e.27742","ELEMENT":"f.647512A71DDA687F9F591F39CAC5A62D.d.C47E7836D3D7A5A9AAB92108D802A7FA.e.27742"}]}
COMMAND: GET /session/700a0ab92761895b5ec9a5372f8d46fb/screenshot - {}
COMMAND: POST /session/700a0ab92761895b5ec9a5372f8d46fb/execute/sync - {"script":"<script> [8489 bytes]","args":[{"element-6066-11e4-a52e-4f735466cecf":"f.647512A71DDA687F9F591F39CAC5A62D.d.C47E7836D3D7A5A9AAB92108D802A7FA.e.27742","ELEMENT":"f.647512A71DDA687F9F591F39CAC5A62D.d.C47E7836D3D7A5A9AAB92108D802A7FA.e.27742"}]}
RESULT: {}
RESULT: {"script":"<script> [8489 bytes]","args":[{"element-6066-11e4-a52e-4f735466cecf":"f.647512A71DDA687F9F591F39CAC5A62D.d.C47E7836D3D7A5A9AAB92108D802A7FA.e.27742","ELEMENT":"f.647512A71DDA687F9F591F39CAC5A62D.d.C47E7836D3D7A5A9AAB92108D802A7FA.e.27742"}]}
COMMAND: GET /session/700a0ab92761895b5ec9a5372f8d46fb/screenshot - {}
RESULT: {}
COMMAND: POST /session/700a0ab92761895b5ec9a5372f8d46fb/execute/sync - {"script":"<script> [8489 bytes]","args":[{"element-6066-11e4-a52e-4f735466cecf":"f.647512A71DDA687F9F591F39CAC5A62D.d.C47E7836D3D7A5A9AAB92108D802A7FA.e.27742","ELEMENT":"f.647512A71DDA687F9F591F39CAC5A62D.d.C47E7836D3D7A5A9AAB92108D802A7FA.e.27742"}]}
RESULT: {"script":"<script> [8489 bytes]","args":[{"element-6066-11e4-a52e-4f735466cecf":"f.647512A71DDA687F9F591F39CAC5A62D.d.C47E7836D3D7A5A9AAB92108D802A7FA.e.27742","ELEMENT":"f.647512A71DDA687F9F591F39CAC5A62D.d.C47E7836D3D7A5A9AAB92108D802A7FA.e.27742"}]}
COMMAND: GET /session/700a0ab92761895b5ec9a5372f8d46fb/screenshot - {}
RESULT: {}
COMMAND: POST /session/700a0ab92761895b5ec9a5372f8d46fb/execute/sync - {"script":"<script> [8489 bytes]","args":[{"element-6066-11e4-a52e-4f735466cecf":"f.647512A71DDA687F9F591F39CAC5A62D.d.C47E7836D3D7A5A9AAB92108D802A7FA.e.27742","ELEMENT":"f.647512A71DDA687F9F591F39CAC5A62D.d.C47E7836D3D7A5A9AAB92108D802A7FA.e.27742"}]}
RESULT: {"script":"<script> [8489 bytes]","args":[{"element-6066-11e4-a52e-4f735466cecf":"f.647512A71DDA687F9F591F39CAC5A62D.d.C47E7836D3D7A5A9AAB92108D802A7FA.e.27742","ELEMENT":"f.647512A71DDA687F9F591F39CAC5A62D.d.C47E7836D3D7A5A9AAB92108D802A7FA.e.27742"}]}
COMMAND: GET /session/700a0ab92761895b5ec9a5372f8d46fb/screenshot - {}
COMMAND: POST /session/700a0ab92761895b5ec9a5372f8d46fb/execute/sync - {"script":"<script> [8489 bytes]","args":[{"element-6066-11e4-a52e-4f735466cecf":"f.647512A71DDA687F9F591F39CAC5A62D.d.C47E7836D3D7A5A9AAB92108D802A7FA.e.27742","ELEMENT":"f.647512A71DDA687F9F591F39CAC5A62D.d.C47E7836D3D7A5A9AAB92108D802A7FA.e.27742"}]}
RESULT: {}
RESULT: {"script":"<script> [8489 bytes]","args":[{"element-6066-11e4-a52e-4f735466cecf":"f.647512A71DDA687F9F591F39CAC5A62D.d.C47E7836D3D7A5A9AAB92108D802A7FA.e.27742","ELEMENT":"f.647512A71DDA687F9F591F39CAC5A62D.d.C47E7836D3D7A5A9AAB92108D802A7FA.e.27742"}]}
COMMAND: POST /session/700a0ab92761895b5ec9a5372f8d46fb/execute/sync - {"script":"<script> [8489 bytes]","args":[{"element-6066-11e4-a52e-4f735466cecf":"f.647512A71DDA687F9F591F39CAC5A62D.d.C47E7836D3D7A5A9AAB92108D802A7FA.e.27742","ELEMENT":"f.647512A71DDA687F9F591F39CAC5A62D.d.C47E7836D3D7A5A9AAB92108D802A7FA.e.27742"}]}
COMMAND: GET /session/700a0ab92761895b5ec9a5372f8d46fb/screenshot - {}
RESULT: {"script":"<script> [8489 bytes]","args":[{"element-6066-11e4-a52e-4f735466cecf":"f.647512A71DDA687F9F591F39CAC5A62D.d.C47E7836D3D7A5A9AAB92108D802A7FA.e.27742","ELEMENT":"f.647512A71DDA687F9F591F39CAC5A62D.d.C47E7836D3D7A5A9AAB92108D802A7FA.e.27742"}]}
COMMAND: GET /session/700a0ab92761895b5ec9a5372f8d46fb/screenshot - {}
COMMAND: POST /session/700a0ab92761895b5ec9a5372f8d46fb/execute/sync - {"script":"<script> [8489 bytes]","args":[{"element-6066-11e4-a52e-4f735466cecf":"f.647512A71DDA687F9F591F39CAC5A62D.d.C47E7836D3D7A5A9AAB92108D802A7FA.e.27742","ELEMENT":"f.647512A71DDA687F9F591F39CAC5A62D.d.C47E7836D3D7A5A9AAB92108D802A7FA.e.27742"}]}
RESULT: {}
RESULT: {}
RESULT: {"script":"<script> [8489 bytes]","args":[{"element-6066-11e4-a52e-4f735466cecf":"f.647512A71DDA687F9F591F39CAC5A62D.d.C47E7836D3D7A5A9AAB92108D802A7FA.e.27742","ELEMENT":"f.647512A71DDA687F9F591F39CAC5A62D.d.C47E7836D3D7A5A9AAB92108D802A7FA.e.27742"}]}
COMMAND: GET /session/700a0ab92761895b5ec9a5372f8d46fb/screenshot - {}
RESULT: {}
COMMAND: POST /session/700a0ab92761895b5ec9a5372f8d46fb/execute/sync - {"script":"<script> [8489 bytes]","args":[{"element-6066-11e4-a52e-4f735466cecf":"f.647512A71DDA687F9F591F39CAC5A62D.d.C47E7836D3D7A5A9AAB92108D802A7FA.e.27742","ELEMENT":"f.647512A71DDA687F9F591F39CAC5A62D.d.C47E7836D3D7A5A9AAB92108D802A7FA.e.27742"}]}
RESULT: {"script":"<script> [8489 bytes]","args":[{"element-6066-11e4-a52e-4f735466cecf":"f.647512A71DDA687F9F591F39CAC5A62D.d.C47E7836D3D7A5A9AAB92108D802A7FA.e.27742","ELEMENT":"f.647512A71DDA687F9F591F39CAC5A62D.d.C47E7836D3D7A5A9AAB92108D802A7FA.e.27742"}]}
COMMAND: GET /session/700a0ab92761895b5ec9a5372f8d46fb/screenshot - {}
RESULT: {}
COMMAND: POST /session/700a0ab92761895b5ec9a5372f8d46fb/execute/sync - {"script":"<script> [8489 bytes]","args":[{"element-6066-11e4-a52e-4f735466cecf":"f.647512A71DDA687F9F591F39CAC5A62D.d.C47E7836D3D7A5A9AAB92108D802A7FA.e.27742","ELEMENT":"f.647512A71DDA687F9F591F39CAC5A62D.d.C47E7836D3D7A5A9AAB92108D802A7FA.e.27742"}]}
RESULT: {"script":"<script> [8489 bytes]","args":[{"element-6066-11e4-a52e-4f735466cecf":"f.647512A71DDA687F9F591F39CAC5A62D.d.C47E7836D3D7A5A9AAB92108D802A7FA.e.27742","ELEMENT":"f.647512A71DDA687F9F591F39CAC5A62D.d.C47E7836D3D7A5A9AAB92108D802A7FA.e.27742"}]}
COMMAND: GET /session/700a0ab92761895b5ec9a5372f8d46fb/screenshot - {}
RESULT: {}
COMMAND: POST /session/700a0ab92761895b5ec9a5372f8d46fb/execute/sync - {"script":"<script> [8489 bytes]","args":[{"element-6066-11e4-a52e-4f735466cecf":"f.647512A71DDA687F9F591F39CAC5A62D.d.C47E7836D3D7A5A9AAB92108D802A7FA.e.27742","ELEMENT":"f.647512A71DDA687F9F591F39CAC5A62D.d.C47E7836D3D7A5A9AAB92108D802A7FA.e.27742"}]}
RESULT: {"script":"<script> [8489 bytes]","args":[{"element-6066-11e4-a52e-4f735466cecf":"f.647512A71DDA687F9F591F39CAC5A62D.d.C47E7836D3D7A5A9AAB92108D802A7FA.e.27742","ELEMENT":"f.647512A71DDA687F9F591F39CAC5A62D.d.C47E7836D3D7A5A9AAB92108D802A7FA.e.27742"}]}
COMMAND: GET /session/700a0ab92761895b5ec9a5372f8d46fb/screenshot - {}
RESULT: {}
COMMAND: POST /session/700a0ab92761895b5ec9a5372f8d46fb/execute/sync - {"script":"<script> [8489 bytes]","args":[{"element-6066-11e4-a52e-4f735466cecf":"f.647512A71DDA687F9F591F39CAC5A62D.d.C47E7836D3D7A5A9AAB92108D802A7FA.e.27742","ELEMENT":"f.647512A71DDA687F9F591F39CAC5A62D.d.C47E7836D3D7A5A9AAB92108D802A7FA.e.27742"}]}
RESULT: {"script":"<script> [8489 bytes]","args":[{"element-6066-11e4-a52e-4f735466cecf":"f.647512A71DDA687F9F591F39CAC5A62D.d.C47E7836D3D7A5A9AAB92108D802A7FA.e.27742","ELEMENT":"f.647512A71DDA687F9F591F39CAC5A62D.d.C47E7836D3D7A5A9AAB92108D802A7FA.e.27742"}]}
COMMAND: GET /session/700a0ab92761895b5ec9a5372f8d46fb/screenshot - {}
RESULT: {}
COMMAND: POST /session/700a0ab92761895b5ec9a5372f8d46fb/execute/sync - {"script":"<script> [8489 bytes]","args":[{"element-6066-11e4-a52e-4f735466cecf":"f.647512A71DDA687F9F591F39CAC5A62D.d.C47E7836D3D7A5A9AAB92108D802A7FA.e.27742","ELEMENT":"f.647512A71DDA687F9F591F39CAC5A62D.d.C47E7836D3D7A5A9AAB92108D802A7FA.e.27742"}]}
RESULT: {"script":"<script> [8489 bytes]","args":[{"element-6066-11e4-a52e-4f735466cecf":"f.647512A71DDA687F9F591F39CAC5A62D.d.C47E7836D3D7A5A9AAB92108D802A7FA.e.27742","ELEMENT":"f.647512A71DDA687F9F591F39CAC5A62D.d.C47E7836D3D7A5A9AAB92108D802A7FA.e.27742"}]}
COMMAND: GET /session/700a0ab92761895b5ec9a5372f8d46fb/screenshot - {}
RESULT: {}
COMMAND: POST /session/700a0ab92761895b5ec9a5372f8d46fb/execute/sync - {"script":"<script> [8489 bytes]","args":[{"element-6066-11e4-a52e-4f735466cecf":"f.647512A71DDA687F9F591F39CAC5A62D.d.C47E7836D3D7A5A9AAB92108D802A7FA.e.27742","ELEMENT":"f.647512A71DDA687F9F591F39CAC5A62D.d.C47E7836D3D7A5A9AAB92108D802A7FA.e.27742"}]}
RESULT: {"script":"<script> [8489 bytes]","args":[{"element-6066-11e4-a52e-4f735466cecf":"f.647512A71DDA687F9F591F39CAC5A62D.d.C47E7836D3D7A5A9AAB92108D802A7FA.e.27742","ELEMENT":"f.647512A71DDA687F9F591F39CAC5A62D.d.C47E7836D3D7A5A9AAB92108D802A7FA.e.27742"}]}
COMMAND: GET /session/700a0ab92761895b5ec9a5372f8d46fb/screenshot - {}
RESULT: {}
COMMAND: POST /session/700a0ab92761895b5ec9a5372f8d46fb/execute/sync - {"script":"<script> [8489 bytes]","args":[{"element-6066-11e4-a52e-4f735466cecf":"f.647512A71DDA687F9F591F39CAC5A62D.d.C47E7836D3D7A5A9AAB92108D802A7FA.e.27742","ELEMENT":"f.647512A71DDA687F9F591F39CAC5A62D.d.C47E7836D3D7A5A9AAB92108D802A7FA.e.27742"}]}
RESULT: {"script":"<script> [8489 bytes]","args":[{"element-6066-11e4-a52e-4f735466cecf":"f.647512A71DDA687F9F591F39CAC5A62D.d.C47E7836D3D7A5A9AAB92108D802A7FA.e.27742","ELEMENT":"f.647512A71DDA687F9F591F39CAC5A62D.d.C47E7836D3D7A5A9AAB92108D802A7FA.e.27742"}]}
COMMAND: GET /session/700a0ab92761895b5ec9a5372f8d46fb/screenshot - {}
RESULT: {}
COMMAND: POST /session/700a0ab92761895b5ec9a5372f8d46fb/execute/sync - {"script":"<script> [8489 bytes]","args":[{"element-6066-11e4-a52e-4f735466cecf":"f.647512A71DDA687F9F591F39CAC5A62D.d.C47E7836D3D7A5A9AAB92108D802A7FA.e.27742","ELEMENT":"f.647512A71DDA687F9F591F39CAC5A62D.d.C47E7836D3D7A5A9AAB92108D802A7FA.e.27742"}]}
RESULT: {"script":"<script> [8489 bytes]","args":[{"element-6066-11e4-a52e-4f735466cecf":"f.647512A71DDA687F9F591F39CAC5A62D.d.C47E7836D3D7A5A9AAB92108D802A7FA.e.27742","ELEMENT":"f.647512A71DDA687F9F591F39CAC5A62D.d.C47E7836D3D7A5A9AAB92108D802A7FA.e.27742"}]}
COMMAND: GET /session/700a0ab92761895b5ec9a5372f8d46fb/screenshot - {}
RESULT: {}
COMMAND: POST /session/700a0ab92761895b5ec9a5372f8d46fb/execute/sync - {"script":"<script> [8489 bytes]","args":[{"element-6066-11e4-a52e-4f735466cecf":"f.647512A71DDA687F9F591F39CAC5A62D.d.C47E7836D3D7A5A9AAB92108D802A7FA.e.27742","ELEMENT":"f.647512A71DDA687F9F591F39CAC5A62D.d.C47E7836D3D7A5A9AAB92108D802A7FA.e.27742"}]}
RESULT: {"script":"<script> [8489 bytes]","args":[{"element-6066-11e4-a52e-4f735466cecf":"f.647512A71DDA687F9F591F39CAC5A62D.d.C47E7836D3D7A5A9AAB92108D802A7FA.e.27742","ELEMENT":"f.647512A71DDA687F9F591F39CAC5A62D.d.C47E7836D3D7A5A9AAB92108D802A7FA.e.27742"}]}
COMMAND: GET /session/700a0ab92761895b5ec9a5372f8d46fb/screenshot - {}
RESULT: {}
COMMAND: POST /session/700a0ab92761895b5ec9a5372f8d46fb/execute/sync - {"script":"<script> [8489 bytes]","args":[{"element-6066-11e4-a52e-4f735466cecf":"f.647512A71DDA687F9F591F39CAC5A62D.d.C47E7836D3D7A5A9AAB92108D802A7FA.e.27742","ELEMENT":"f.647512A71DDA687F9F591F39CAC5A62D.d.C47E7836D3D7A5A9AAB92108D802A7FA.e.27742"}]}
RESULT: {"script":"<script> [8489 bytes]","args":[{"element-6066-11e4-a52e-4f735466cecf":"f.647512A71DDA687F9F591F39CAC5A62D.d.C47E7836D3D7A5A9AAB92108D802A7FA.e.27742","ELEMENT":"f.647512A71DDA687F9F591F39CAC5A62D.d.C47E7836D3D7A5A9AAB92108D802A7FA.e.27742"}]}
COMMAND: GET /session/700a0ab92761895b5ec9a5372f8d46fb/screenshot - {}
RESULT: {}
COMMAND: POST /session/700a0ab92761895b5ec9a5372f8d46fb/execute/sync - {"script":"<script> [8489 bytes]","args":[{"element-6066-11e4-a52e-4f735466cecf":"f.647512A71DDA687F9F591F39CAC5A62D.d.C47E7836D3D7A5A9AAB92108D802A7FA.e.27742","ELEMENT":"f.647512A71DDA687F9F591F39CAC5A62D.d.C47E7836D3D7A5A9AAB92108D802A7FA.e.27742"}]}
RESULT: {"script":"<script> [8489 bytes]","args":[{"element-6066-11e4-a52e-4f735466cecf":"f.647512A71DDA687F9F591F39CAC5A62D.d.C47E7836D3D7A5A9AAB92108D802A7FA.e.27742","ELEMENT":"f.647512A71DDA687F9F591F39CAC5A62D.d.C47E7836D3D7A5A9AAB92108D802A7FA.e.27742"}]}
COMMAND: GET /session/700a0ab92761895b5ec9a5372f8d46fb/screenshot - {}
RESULT: {}
COMMAND: POST /session/700a0ab92761895b5ec9a5372f8d46fb/execute/sync - {"script":"<script> [8489 bytes]","args":[{"element-6066-11e4-a52e-4f735466cecf":"f.647512A71DDA687F9F591F39CAC5A62D.d.C47E7836D3D7A5A9AAB92108D802A7FA.e.27742","ELEMENT":"f.647512A71DDA687F9F591F39CAC5A62D.d.C47E7836D3D7A5A9AAB92108D802A7FA.e.27742"}]}
RESULT: {"script":"<script> [8489 bytes]","args":[{"element-6066-11e4-a52e-4f735466cecf":"f.647512A71DDA687F9F591F39CAC5A62D.d.C47E7836D3D7A5A9AAB92108D802A7FA.e.27742","ELEMENT":"f.647512A71DDA687F9F591F39CAC5A62D.d.C47E7836D3D7A5A9AAB92108D802A7FA.e.27742"}]}
COMMAND: GET /session/700a0ab92761895b5ec9a5372f8d46fb/screenshot - {}
RESULT: {}
COMMAND: POST /session/700a0ab92761895b5ec9a5372f8d46fb/execute/sync - {"script":"<script> [8489 bytes]","args":[{"element-6066-11e4-a52e-4f735466cecf":"f.647512A71DDA687F9F591F39CAC5A62D.d.C47E7836D3D7A5A9AAB92108D802A7FA.e.27742","ELEMENT":"f.647512A71DDA687F9F591F39CAC5A62D.d.C47E7836D3D7A5A9AAB92108D802A7FA.e.27742"}]}
RESULT: {"script":"<script> [8489 bytes]","args":[{"element-6066-11e4-a52e-4f735466cecf":"f.647512A71DDA687F9F591F39CAC5A62D.d.C47E7836D3D7A5A9AAB92108D802A7FA.e.27742","ELEMENT":"f.647512A71DDA687F9F591F39CAC5A62D.d.C47E7836D3D7A5A9AAB92108D802A7FA.e.27742"}]}
COMMAND: GET /session/700a0ab92761895b5ec9a5372f8d46fb/screenshot - {}
RESULT: {}
COMMAND: POST /session/700a0ab92761895b5ec9a5372f8d46fb/execute/sync - {"script":"<script> [8489 bytes]","args":[{"element-6066-11e4-a52e-4f735466cecf":"f.647512A71DDA687F9F591F39CAC5A62D.d.C47E7836D3D7A5A9AAB92108D802A7FA.e.27742","ELEMENT":"f.647512A71DDA687F9F591F39CAC5A62D.d.C47E7836D3D7A5A9AAB92108D802A7FA.e.27742"}]}
RESULT: {"script":"<script> [8489 bytes]","args":[{"element-6066-11e4-a52e-4f735466cecf":"f.647512A71DDA687F9F591F39CAC5A62D.d.C47E7836D3D7A5A9AAB92108D802A7FA.e.27742","ELEMENT":"f.647512A71DDA687F9F591F39CAC5A62D.d.C47E7836D3D7A5A9AAB92108D802A7FA.e.27742"}]}
COMMAND: GET /session/700a0ab92761895b5ec9a5372f8d46fb/screenshot - {}
RESULT: {}
COMMAND: POST /session/700a0ab92761895b5ec9a5372f8d46fb/execute/sync - {"script":"<script> [8489 bytes]","args":[{"element-6066-11e4-a52e-4f735466cecf":"f.647512A71DDA687F9F591F39CAC5A62D.d.C47E7836D3D7A5A9AAB92108D802A7FA.e.27742","ELEMENT":"f.647512A71DDA687F9F591F39CAC5A62D.d.C47E7836D3D7A5A9AAB92108D802A7FA.e.27742"}]}
RESULT: {"script":"<script> [8489 bytes]","args":[{"element-6066-11e4-a52e-4f735466cecf":"f.647512A71DDA687F9F591F39CAC5A62D.d.C47E7836D3D7A5A9AAB92108D802A7FA.e.27742","ELEMENT":"f.647512A71DDA687F9F591F39CAC5A62D.d.C47E7836D3D7A5A9AAB92108D802A7FA.e.27742"}]}
COMMAND: GET /session/700a0ab92761895b5ec9a5372f8d46fb/screenshot - {}
RESULT: {}
COMMAND: POST /session/700a0ab92761895b5ec9a5372f8d46fb/execute/sync - {"script":"<script> [8489 bytes]","args":[{"element-6066-11e4-a52e-4f735466cecf":"f.647512A71DDA687F9F591F39CAC5A62D.d.C47E7836D3D7A5A9AAB92108D802A7FA.e.27742","ELEMENT":"f.647512A71DDA687F9F591F39CAC5A62D.d.C47E7836D3D7A5A9AAB92108D802A7FA.e.27742"}]}
RESULT: {"script":"<script> [8489 bytes]","args":[{"element-6066-11e4-a52e-4f735466cecf":"f.647512A71DDA687F9F591F39CAC5A62D.d.C47E7836D3D7A5A9AAB92108D802A7FA.e.27742","ELEMENT":"f.647512A71DDA687F9F591F39CAC5A62D.d.C47E7836D3D7A5A9AAB92108D802A7FA.e.27742"}]}
COMMAND: GET /session/700a0ab92761895b5ec9a5372f8d46fb/screenshot - {}
RESULT: {}
COMMAND: POST /session/700a0ab92761895b5ec9a5372f8d46fb/execute/sync - {"script":"<script> [8489 bytes]","args":[{"element-6066-11e4-a52e-4f735466cecf":"f.647512A71DDA687F9F591F39CAC5A62D.d.C47E7836D3D7A5A9AAB92108D802A7FA.e.27742","ELEMENT":"f.647512A71DDA687F9F591F39CAC5A62D.d.C47E7836D3D7A5A9AAB92108D802A7FA.e.27742"}]}
RESULT: {"script":"<script> [8489 bytes]","args":[{"element-6066-11e4-a52e-4f735466cecf":"f.647512A71DDA687F9F591F39CAC5A62D.d.C47E7836D3D7A5A9AAB92108D802A7FA.e.27742","ELEMENT":"f.647512A71DDA687F9F591F39CAC5A62D.d.C47E7836D3D7A5A9AAB92108D802A7FA.e.27742"}]}
COMMAND: GET /session/700a0ab92761895b5ec9a5372f8d46fb/screenshot - {}
RESULT: {}
COMMAND: POST /session/700a0ab92761895b5ec9a5372f8d46fb/execute/sync - {"script":"<script> [8489 bytes]","args":[{"element-6066-11e4-a52e-4f735466cecf":"f.647512A71DDA687F9F591F39CAC5A62D.d.C47E7836D3D7A5A9AAB92108D802A7FA.e.27742","ELEMENT":"f.647512A71DDA687F9F591F39CAC5A62D.d.C47E7836D3D7A5A9AAB92108D802A7FA.e.27742"}]}
RESULT: {"script":"<script> [8489 bytes]","args":[{"element-6066-11e4-a52e-4f735466cecf":"f.647512A71DDA687F9F591F39CAC5A62D.d.C47E7836D3D7A5A9AAB92108D802A7FA.e.27742","ELEMENT":"f.647512A71DDA687F9F591F39CAC5A62D.d.C47E7836D3D7A5A9AAB92108D802A7FA.e.27742"}]}
COMMAND: GET /session/700a0ab92761895b5ec9a5372f8d46fb/screenshot - {}
RESULT: {}
COMMAND: POST /session/700a0ab92761895b5ec9a5372f8d46fb/execute/sync - {"script":"<script> [8489 bytes]","args":[{"element-6066-11e4-a52e-4f735466cecf":"f.647512A71DDA687F9F591F39CAC5A62D.d.C47E7836D3D7A5A9AAB92108D802A7FA.e.27742","ELEMENT":"f.647512A71DDA687F9F591F39CAC5A62D.d.C47E7836D3D7A5A9AAB92108D802A7FA.e.27742"}]}
RESULT: {"script":"<script> [8489 bytes]","args":[{"element-6066-11e4-a52e-4f735466cecf":"f.647512A71DDA687F9F591F39CAC5A62D.d.C47E7836D3D7A5A9AAB92108D802A7FA.e.27742","ELEMENT":"f.647512A71DDA687F9F591F39CAC5A62D.d.C47E7836D3D7A5A9AAB92108D802A7FA.e.27742"}]}
COMMAND: GET /session/700a0ab92761895b5ec9a5372f8d46fb/screenshot - {}
RESULT: {}
COMMAND: POST /session/700a0ab92761895b5ec9a5372f8d46fb/execute/sync - {"script":"<script> [8489 bytes]","args":[{"element-6066-11e4-a52e-4f735466cecf":"f.647512A71DDA687F9F591F39CAC5A62D.d.C47E7836D3D7A5A9AAB92108D802A7FA.e.27742","ELEMENT":"f.647512A71DDA687F9F591F39CAC5A62D.d.C47E7836D3D7A5A9AAB92108D802A7FA.e.27742"}]}
RESULT: {"script":"<script> [8489 bytes]","args":[{"element-6066-11e4-a52e-4f735466cecf":"f.647512A71DDA687F9F591F39CAC5A62D.d.C47E7836D3D7A5A9AAB92108D802A7FA.e.27742","ELEMENT":"f.647512A71DDA687F9F591F39CAC5A62D.d.C47E7836D3D7A5A9AAB92108D802A7FA.e.27742"}]}
COMMAND: GET /session/700a0ab92761895b5ec9a5372f8d46fb/screenshot - {}
RESULT: {}
COMMAND: POST /session/700a0ab92761895b5ec9a5372f8d46fb/execute/sync - {"script":"<script> [8489 bytes]","args":[{"element-6066-11e4-a52e-4f735466cecf":"f.647512A71DDA687F9F591F39CAC5A62D.d.C47E7836D3D7A5A9AAB92108D802A7FA.e.27742","ELEMENT":"f.647512A71DDA687F9F591F39CAC5A62D.d.C47E7836D3D7A5A9AAB92108D802A7FA.e.27742"}]}
RESULT: {"script":"<script> [8489 bytes]","args":[{"element-6066-11e4-a52e-4f735466cecf":"f.647512A71DDA687F9F591F39CAC5A62D.d.C47E7836D3D7A5A9AAB92108D802A7FA.e.27742","ELEMENT":"f.647512A71DDA687F9F591F39CAC5A62D.d.C47E7836D3D7A5A9AAB92108D802A7FA.e.27742"}]}
COMMAND: GET /session/700a0ab92761895b5ec9a5372f8d46fb/screenshot - {}
RESULT: {}
COMMAND: POST /session/700a0ab92761895b5ec9a5372f8d46fb/execute/sync - {"script":"<script> [8489 bytes]","args":[{"element-6066-11e4-a52e-4f735466cecf":"f.647512A71DDA687F9F591F39CAC5A62D.d.C47E7836D3D7A5A9AAB92108D802A7FA.e.27742","ELEMENT":"f.647512A71DDA687F9F591F39CAC5A62D.d.C47E7836D3D7A5A9AAB92108D802A7FA.e.27742"}]}
RESULT: {"script":"<script> [8489 bytes]","args":[{"element-6066-11e4-a52e-4f735466cecf":"f.647512A71DDA687F9F591F39CAC5A62D.d.C47E7836D3D7A5A9AAB92108D802A7FA.e.27742","ELEMENT":"f.647512A71DDA687F9F591F39CAC5A62D.d.C47E7836D3D7A5A9AAB92108D802A7FA.e.27742"}]}
COMMAND: GET /session/700a0ab92761895b5ec9a5372f8d46fb/screenshot - {}
RESULT: {}
COMMAND: POST /session/700a0ab92761895b5ec9a5372f8d46fb/execute/sync - {"script":"<script> [8489 bytes]","args":[{"element-6066-11e4-a52e-4f735466cecf":"f.647512A71DDA687F9F591F39CAC5A62D.d.C47E7836D3D7A5A9AAB92108D802A7FA.e.27742","ELEMENT":"f.647512A71DDA687F9F591F39CAC5A62D.d.C47E7836D3D7A5A9AAB92108D802A7FA.e.27742"}]}
RESULT: {"script":"<script> [8489 bytes]","args":[{"element-6066-11e4-a52e-4f735466cecf":"f.647512A71DDA687F9F591F39CAC5A62D.d.C47E7836D3D7A5A9AAB92108D802A7FA.e.27742","ELEMENT":"f.647512A71DDA687F9F591F39CAC5A62D.d.C47E7836D3D7A5A9AAB92108D802A7FA.e.27742"}]}
COMMAND: GET /session/700a0ab92761895b5ec9a5372f8d46fb/screenshot - {}
RESULT: {}
COMMAND: POST /session/700a0ab92761895b5ec9a5372f8d46fb/execute/sync - {"script":"<script> [8489 bytes]","args":[{"element-6066-11e4-a52e-4f735466cecf":"f.647512A71DDA687F9F591F39CAC5A62D.d.C47E7836D3D7A5A9AAB92108D802A7FA.e.27742","ELEMENT":"f.647512A71DDA687F9F591F39CAC5A62D.d.C47E7836D3D7A5A9AAB92108D802A7FA.e.27742"}]}
RESULT: {"script":"<script> [8489 bytes]","args":[{"element-6066-11e4-a52e-4f735466cecf":"f.647512A71DDA687F9F591F39CAC5A62D.d.C47E7836D3D7A5A9AAB92108D802A7FA.e.27742","ELEMENT":"f.647512A71DDA687F9F591F39CAC5A62D.d.C47E7836D3D7A5A9AAB92108D802A7FA.e.27742"}]}
COMMAND: GET /session/700a0ab92761895b5ec9a5372f8d46fb/screenshot - {}
RESULT: {}
COMMAND: POST /session/700a0ab92761895b5ec9a5372f8d46fb/execute/sync - {"script":"<script> [8489 bytes]","args":[{"element-6066-11e4-a52e-4f735466cecf":"f.647512A71DDA687F9F591F39CAC5A62D.d.C47E7836D3D7A5A9AAB92108D802A7FA.e.27742","ELEMENT":"f.647512A71DDA687F9F591F39CAC5A62D.d.C47E7836D3D7A5A9AAB92108D802A7FA.e.27742"}]}
RESULT: {"script":"<script> [8489 bytes]","args":[{"element-6066-11e4-a52e-4f735466cecf":"f.647512A71DDA687F9F591F39CAC5A62D.d.C47E7836D3D7A5A9AAB92108D802A7FA.e.27742","ELEMENT":"f.647512A71DDA687F9F591F39CAC5A62D.d.C47E7836D3D7A5A9AAB92108D802A7FA.e.27742"}]}
COMMAND: GET /session/700a0ab92761895b5ec9a5372f8d46fb/screenshot - {}
RESULT: {}
COMMAND: POST /session/700a0ab92761895b5ec9a5372f8d46fb/execute/sync - {"script":"<script> [8489 bytes]","args":[{"element-6066-11e4-a52e-4f735466cecf":"f.647512A71DDA687F9F591F39CAC5A62D.d.C47E7836D3D7A5A9AAB92108D802A7FA.e.27742","ELEMENT":"f.647512A71DDA687F9F591F39CAC5A62D.d.C47E7836D3D7A5A9AAB92108D802A7FA.e.27742"}]}
RESULT: {"script":"<script> [8489 bytes]","args":[{"element-6066-11e4-a52e-4f735466cecf":"f.647512A71DDA687F9F591F39CAC5A62D.d.C47E7836D3D7A5A9AAB92108D802A7FA.e.27742","ELEMENT":"f.647512A71DDA687F9F591F39CAC5A62D.d.C47E7836D3D7A5A9AAB92108D802A7FA.e.27742"}]}
COMMAND: GET /session/700a0ab92761895b5ec9a5372f8d46fb/screenshot - {}
RESULT: {}
COMMAND: POST /session/700a0ab92761895b5ec9a5372f8d46fb/execute/sync - {"script":"<script> [8489 bytes]","args":[{"element-6066-11e4-a52e-4f735466cecf":"f.647512A71DDA687F9F591F39CAC5A62D.d.C47E7836D3D7A5A9AAB92108D802A7FA.e.27742","ELEMENT":"f.647512A71DDA687F9F591F39CAC5A62D.d.C47E7836D3D7A5A9AAB92108D802A7FA.e.27742"}]}
RESULT: {"script":"<script> [8489 bytes]","args":[{"element-6066-11e4-a52e-4f735466cecf":"f.647512A71DDA687F9F591F39CAC5A62D.d.C47E7836D3D7A5A9AAB92108D802A7FA.e.27742","ELEMENT":"f.647512A71DDA687F9F591F39CAC5A62D.d.C47E7836D3D7A5A9AAB92108D802A7FA.e.27742"}]}
COMMAND: GET /session/700a0ab92761895b5ec9a5372f8d46fb/screenshot - {}
RESULT: {}
COMMAND: POST /session/700a0ab92761895b5ec9a5372f8d46fb/execute/sync - {"script":"<script> [8489 bytes]","args":[{"element-6066-11e4-a52e-4f735466cecf":"f.647512A71DDA687F9F591F39CAC5A62D.d.C47E7836D3D7A5A9AAB92108D802A7FA.e.27742","ELEMENT":"f.647512A71DDA687F9F591F39CAC5A62D.d.C47E7836D3D7A5A9AAB92108D802A7FA.e.27742"}]}
RESULT: {"script":"<script> [8489 bytes]","args":[{"element-6066-11e4-a52e-4f735466cecf":"f.647512A71DDA687F9F591F39CAC5A62D.d.C47E7836D3D7A5A9AAB92108D802A7FA.e.27742","ELEMENT":"f.647512A71DDA687F9F591F39CAC5A62D.d.C47E7836D3D7A5A9AAB92108D802A7FA.e.27742"}]}
COMMAND: GET /session/700a0ab92761895b5ec9a5372f8d46fb/screenshot - {}
RESULT: {}
COMMAND: POST /session/700a0ab92761895b5ec9a5372f8d46fb/execute/sync - {"script":"<script> [8489 bytes]","args":[{"element-6066-11e4-a52e-4f735466cecf":"f.647512A71DDA687F9F591F39CAC5A62D.d.C47E7836D3D7A5A9AAB92108D802A7FA.e.27742","ELEMENT":"f.647512A71DDA687F9F591F39CAC5A62D.d.C47E7836D3D7A5A9AAB92108D802A7FA.e.27742"}]}
RESULT: {"script":"<script> [8489 bytes]","args":[{"element-6066-11e4-a52e-4f735466cecf":"f.647512A71DDA687F9F591F39CAC5A62D.d.C47E7836D3D7A5A9AAB92108D802A7FA.e.27742","ELEMENT":"f.647512A71DDA687F9F591F39CAC5A62D.d.C47E7836D3D7A5A9AAB92108D802A7FA.e.27742"}]}
COMMAND: GET /session/700a0ab92761895b5ec9a5372f8d46fb/screenshot - {}
RESULT: {}
COMMAND: POST /session/700a0ab92761895b5ec9a5372f8d46fb/execute/sync - {"script":"<script> [8489 bytes]","args":[{"element-6066-11e4-a52e-4f735466cecf":"f.647512A71DDA687F9F591F39CAC5A62D.d.C47E7836D3D7A5A9AAB92108D802A7FA.e.27742","ELEMENT":"f.647512A71DDA687F9F591F39CAC5A62D.d.C47E7836D3D7A5A9AAB92108D802A7FA.e.27742"}]}
RESULT: {"script":"<script> [8489 bytes]","args":[{"element-6066-11e4-a52e-4f735466cecf":"f.647512A71DDA687F9F591F39CAC5A62D.d.C47E7836D3D7A5A9AAB92108D802A7FA.e.27742","ELEMENT":"f.647512A71DDA687F9F591F39CAC5A62D.d.C47E7836D3D7A5A9AAB92108D802A7FA.e.27742"}]}
COMMAND: GET /session/700a0ab92761895b5ec9a5372f8d46fb/screenshot - {}
RESULT: {}
COMMAND: POST /session/700a0ab92761895b5ec9a5372f8d46fb/execute/sync - {"script":"<script> [8489 bytes]","args":[{"element-6066-11e4-a52e-4f735466cecf":"f.647512A71DDA687F9F591F39CAC5A62D.d.C47E7836D3D7A5A9AAB92108D802A7FA.e.27742","ELEMENT":"f.647512A71DDA687F9F591F39CAC5A62D.d.C47E7836D3D7A5A9AAB92108D802A7FA.e.27742"}]}
RESULT: {"script":"<script> [8489 bytes]","args":[{"element-6066-11e4-a52e-4f735466cecf":"f.647512A71DDA687F9F591F39CAC5A62D.d.C47E7836D3D7A5A9AAB92108D802A7FA.e.27742","ELEMENT":"f.647512A71DDA687F9F591F39CAC5A62D.d.C47E7836D3D7A5A9AAB92108D802A7FA.e.27742"}]}
COMMAND: GET /session/700a0ab92761895b5ec9a5372f8d46fb/screenshot - {}
RESULT: {}
COMMAND: POST /session/700a0ab92761895b5ec9a5372f8d46fb/execute/sync - {"script":"<script> [8489 bytes]","args":[{"element-6066-11e4-a52e-4f735466cecf":"f.647512A71DDA687F9F591F39CAC5A62D.d.C47E7836D3D7A5A9AAB92108D802A7FA.e.27742","ELEMENT":"f.647512A71DDA687F9F591F39CAC5A62D.d.C47E7836D3D7A5A9AAB92108D802A7FA.e.27742"}]}
RESULT: {"script":"<script> [8489 bytes]","args":[{"element-6066-11e4-a52e-4f735466cecf":"f.647512A71DDA687F9F591F39CAC5A62D.d.C47E7836D3D7A5A9AAB92108D802A7FA.e.27742","ELEMENT":"f.647512A71DDA687F9F591F39CAC5A62D.d.C47E7836D3D7A5A9AAB92108D802A7FA.e.27742"}]}
COMMAND: GET /session/700a0ab92761895b5ec9a5372f8d46fb/screenshot - {}
RESULT: {}
COMMAND: POST /session/700a0ab92761895b5ec9a5372f8d46fb/execute/sync - {"script":"<script> [8489 bytes]","args":[{"element-6066-11e4-a52e-4f735466cecf":"f.647512A71DDA687F9F591F39CAC5A62D.d.C47E7836D3D7A5A9AAB92108D802A7FA.e.27742","ELEMENT":"f.647512A71DDA687F9F591F39CAC5A62D.d.C47E7836D3D7A5A9AAB92108D802A7FA.e.27742"}]}
RESULT: {"script":"<script> [8489 bytes]","args":[{"element-6066-11e4-a52e-4f735466cecf":"f.647512A71DDA687F9F591F39CAC5A62D.d.C47E7836D3D7A5A9AAB92108D802A7FA.e.27742","ELEMENT":"f.647512A71DDA687F9F591F39CAC5A62D.d.C47E7836D3D7A5A9AAB92108D802A7FA.e.27742"}]}
COMMAND: GET /session/700a0ab92761895b5ec9a5372f8d46fb/screenshot - {}
RESULT: {}
COMMAND: POST /session/700a0ab92761895b5ec9a5372f8d46fb/execute/sync - {"script":"<script> [8489 bytes]","args":[{"element-6066-11e4-a52e-4f735466cecf":"f.647512A71DDA687F9F591F39CAC5A62D.d.C47E7836D3D7A5A9AAB92108D802A7FA.e.27742","ELEMENT":"f.647512A71DDA687F9F591F39CAC5A62D.d.C47E7836D3D7A5A9AAB92108D802A7FA.e.27742"}]}
RESULT: {"script":"<script> [8489 bytes]","args":[{"element-6066-11e4-a52e-4f735466cecf":"f.647512A71DDA687F9F591F39CAC5A62D.d.C47E7836D3D7A5A9AAB92108D802A7FA.e.27742","ELEMENT":"f.647512A71DDA687F9F591F39CAC5A62D.d.C47E7836D3D7A5A9AAB92108D802A7FA.e.27742"}]}
COMMAND: GET /session/700a0ab92761895b5ec9a5372f8d46fb/screenshot - {}
RESULT: {}
COMMAND: POST /session/700a0ab92761895b5ec9a5372f8d46fb/execute/sync - {"script":"<script> [8489 bytes]","args":[{"element-6066-11e4-a52e-4f735466cecf":"f.647512A71DDA687F9F591F39CAC5A62D.d.C47E7836D3D7A5A9AAB92108D802A7FA.e.27742","ELEMENT":"f.647512A71DDA687F9F591F39CAC5A62D.d.C47E7836D3D7A5A9AAB92108D802A7FA.e.27742"}]}
RESULT: {"script":"<script> [8489 bytes]","args":[{"element-6066-11e4-a52e-4f735466cecf":"f.647512A71DDA687F9F591F39CAC5A62D.d.C47E7836D3D7A5A9AAB92108D802A7FA.e.27742","ELEMENT":"f.647512A71DDA687F9F591F39CAC5A62D.d.C47E7836D3D7A5A9AAB92108D802A7FA.e.27742"}]}
COMMAND: GET /session/700a0ab92761895b5ec9a5372f8d46fb/screenshot - {}
RESULT: {}
COMMAND: POST /session/700a0ab92761895b5ec9a5372f8d46fb/execute/sync - {"script":"<script> [8489 bytes]","args":[{"element-6066-11e4-a52e-4f735466cecf":"f.647512A71DDA687F9F591F39CAC5A62D.d.C47E7836D3D7A5A9AAB92108D802A7FA.e.27742","ELEMENT":"f.647512A71DDA687F9F591F39CAC5A62D.d.C47E7836D3D7A5A9AAB92108D802A7FA.e.27742"}]}
RESULT: {"script":"<script> [8489 bytes]","args":[{"element-6066-11e4-a52e-4f735466cecf":"f.647512A71DDA687F9F591F39CAC5A62D.d.C47E7836D3D7A5A9AAB92108D802A7FA.e.27742","ELEMENT":"f.647512A71DDA687F9F591F39CAC5A62D.d.C47E7836D3D7A5A9AAB92108D802A7FA.e.27742"}]}
COMMAND: GET /session/700a0ab92761895b5ec9a5372f8d46fb/screenshot - {}
RESULT: {}
COMMAND: POST /session/700a0ab92761895b5ec9a5372f8d46fb/execute/sync - {"script":"<script> [8489 bytes]","args":[{"element-6066-11e4-a52e-4f735466cecf":"f.647512A71DDA687F9F591F39CAC5A62D.d.C47E7836D3D7A5A9AAB92108D802A7FA.e.27742","ELEMENT":"f.647512A71DDA687F9F591F39CAC5A62D.d.C47E7836D3D7A5A9AAB92108D802A7FA.e.27742"}]}
RESULT: {"script":"<script> [8489 bytes]","args":[{"element-6066-11e4-a52e-4f735466cecf":"f.647512A71DDA687F9F591F39CAC5A62D.d.C47E7836D3D7A5A9AAB92108D802A7FA.e.27742","ELEMENT":"f.647512A71DDA687F9F591F39CAC5A62D.d.C47E7836D3D7A5A9AAB92108D802A7FA.e.27742"}]}
COMMAND: GET /session/700a0ab92761895b5ec9a5372f8d46fb/screenshot - {}
RESULT: {}
COMMAND: POST /session/700a0ab92761895b5ec9a5372f8d46fb/execute/sync - {"script":"<script> [8489 bytes]","args":[{"element-6066-11e4-a52e-4f735466cecf":"f.647512A71DDA687F9F591F39CAC5A62D.d.C47E7836D3D7A5A9AAB92108D802A7FA.e.27742","ELEMENT":"f.647512A71DDA687F9F591F39CAC5A62D.d.C47E7836D3D7A5A9AAB92108D802A7FA.e.27742"}]}
RESULT: {"script":"<script> [8489 bytes]","args":[{"element-6066-11e4-a52e-4f735466cecf":"f.647512A71DDA687F9F591F39CAC5A62D.d.C47E7836D3D7A5A9AAB92108D802A7FA.e.27742","ELEMENT":"f.647512A71DDA687F9F591F39CAC5A62D.d.C47E7836D3D7A5A9AAB92108D802A7FA.e.27742"}]}
COMMAND: GET /session/700a0ab92761895b5ec9a5372f8d46fb/screenshot - {}
RESULT: {}
COMMAND: POST /session/700a0ab92761895b5ec9a5372f8d46fb/execute/sync - {"script":"<script> [8489 bytes]","args":[{"element-6066-11e4-a52e-4f735466cecf":"f.647512A71DDA687F9F591F39CAC5A62D.d.C47E7836D3D7A5A9AAB92108D802A7FA.e.27742","ELEMENT":"f.647512A71DDA687F9F591F39CAC5A62D.d.C47E7836D3D7A5A9AAB92108D802A7FA.e.27742"}]}
RESULT: {"script":"<script> [8489 bytes]","args":[{"element-6066-11e4-a52e-4f735466cecf":"f.647512A71DDA687F9F591F39CAC5A62D.d.C47E7836D3D7A5A9AAB92108D802A7FA.e.27742","ELEMENT":"f.647512A71DDA687F9F591F39CAC5A62D.d.C47E7836D3D7A5A9AAB92108D802A7FA.e.27742"}]}
COMMAND: GET /session/700a0ab92761895b5ec9a5372f8d46fb/screenshot - {}
RESULT: {}
COMMAND: POST /session/700a0ab92761895b5ec9a5372f8d46fb/execute/sync - {"script":"<script> [8489 bytes]","args":[{"element-6066-11e4-a52e-4f735466cecf":"f.647512A71DDA687F9F591F39CAC5A62D.d.C47E7836D3D7A5A9AAB92108D802A7FA.e.27742","ELEMENT":"f.647512A71DDA687F9F591F39CAC5A62D.d.C47E7836D3D7A5A9AAB92108D802A7FA.e.27742"}]}
RESULT: {"script":"<script> [8489 bytes]","args":[{"element-6066-11e4-a52e-4f735466cecf":"f.647512A71DDA687F9F591F39CAC5A62D.d.C47E7836D3D7A5A9AAB92108D802A7FA.e.27742","ELEMENT":"f.647512A71DDA687F9F591F39CAC5A62D.d.C47E7836D3D7A5A9AAB92108D802A7FA.e.27742"}]}
COMMAND: GET /session/700a0ab92761895b5ec9a5372f8d46fb/screenshot - {}
RESULT: {}
COMMAND: POST /session/700a0ab92761895b5ec9a5372f8d46fb/execute/sync - {"script":"<script> [8489 bytes]","args":[{"element-6066-11e4-a52e-4f735466cecf":"f.647512A71DDA687F9F591F39CAC5A62D.d.C47E7836D3D7A5A9AAB92108D802A7FA.e.27742","ELEMENT":"f.647512A71DDA687F9F591F39CAC5A62D.d.C47E7836D3D7A5A9AAB92108D802A7FA.e.27742"}]}
RESULT: {"script":"<script> [8489 bytes]","args":[{"element-6066-11e4-a52e-4f735466cecf":"f.647512A71DDA687F9F591F39CAC5A62D.d.C47E7836D3D7A5A9AAB92108D802A7FA.e.27742","ELEMENT":"f.647512A71DDA687F9F591F39CAC5A62D.d.C47E7836D3D7A5A9AAB92108D802A7FA.e.27742"}]}
COMMAND: GET /session/700a0ab92761895b5ec9a5372f8d46fb/screenshot - {}
RESULT: {}
COMMAND: POST /session/700a0ab92761895b5ec9a5372f8d46fb/execute/sync - {"script":"<script> [8489 bytes]","args":[{"element-6066-11e4-a52e-4f735466cecf":"f.647512A71DDA687F9F591F39CAC5A62D.d.C47E7836D3D7A5A9AAB92108D802A7FA.e.27742","ELEMENT":"f.647512A71DDA687F9F591F39CAC5A62D.d.C47E7836D3D7A5A9AAB92108D802A7FA.e.27742"}]}
RESULT: {"script":"<script> [8489 bytes]","args":[{"element-6066-11e4-a52e-4f735466cecf":"f.647512A71DDA687F9F591F39CAC5A62D.d.C47E7836D3D7A5A9AAB92108D802A7FA.e.27742","ELEMENT":"f.647512A71DDA687F9F591F39CAC5A62D.d.C47E7836D3D7A5A9AAB92108D802A7FA.e.27742"}]}
COMMAND: GET /session/700a0ab92761895b5ec9a5372f8d46fb/screenshot - {}
RESULT: {}
COMMAND: POST /session/700a0ab92761895b5ec9a5372f8d46fb/execute/sync - {"script":"<script> [8489 bytes]","args":[{"element-6066-11e4-a52e-4f735466cecf":"f.647512A71DDA687F9F591F39CAC5A62D.d.C47E7836D3D7A5A9AAB92108D802A7FA.e.27742","ELEMENT":"f.647512A71DDA687F9F591F39CAC5A62D.d.C47E7836D3D7A5A9AAB92108D802A7FA.e.27742"}]}
RESULT: {"script":"<script> [8489 bytes]","args":[{"element-6066-11e4-a52e-4f735466cecf":"f.647512A71DDA687F9F591F39CAC5A62D.d.C47E7836D3D7A5A9AAB92108D802A7FA.e.27742","ELEMENT":"f.647512A71DDA687F9F591F39CAC5A62D.d.C47E7836D3D7A5A9AAB92108D802A7FA.e.27742"}]}
COMMAND: GET /session/700a0ab92761895b5ec9a5372f8d46fb/screenshot - {}
RESULT: {}
COMMAND: POST /session/700a0ab92761895b5ec9a5372f8d46fb/execute/sync - {"script":"<script> [8489 bytes]","args":[{"element-6066-11e4-a52e-4f735466cecf":"f.647512A71DDA687F9F591F39CAC5A62D.d.C47E7836D3D7A5A9AAB92108D802A7FA.e.27742","ELEMENT":"f.647512A71DDA687F9F591F39CAC5A62D.d.C47E7836D3D7A5A9AAB92108D802A7FA.e.27742"}]}
RESULT: {"script":"<script> [8489 bytes]","args":[{"element-6066-11e4-a52e-4f735466cecf":"f.647512A71DDA687F9F591F39CAC5A62D.d.C47E7836D3D7A5A9AAB92108D802A7FA.e.27742","ELEMENT":"f.647512A71DDA687F9F591F39CAC5A62D.d.C47E7836D3D7A5A9AAB92108D802A7FA.e.27742"}]}
COMMAND: GET /session/700a0ab92761895b5ec9a5372f8d46fb/screenshot - {}
RESULT: {}
COMMAND: POST /session/700a0ab92761895b5ec9a5372f8d46fb/execute/sync - {"script":"<script> [8489 bytes]","args":[{"element-6066-11e4-a52e-4f735466cecf":"f.647512A71DDA687F9F591F39CAC5A62D.d.C47E7836D3D7A5A9AAB92108D802A7FA.e.27742","ELEMENT":"f.647512A71DDA687F9F591F39CAC5A62D.d.C47E7836D3D7A5A9AAB92108D802A7FA.e.27742"}]}
RESULT: {"script":"<script> [8489 bytes]","args":[{"element-6066-11e4-a52e-4f735466cecf":"f.647512A71DDA687F9F591F39CAC5A62D.d.C47E7836D3D7A5A9AAB92108D802A7FA.e.27742","ELEMENT":"f.647512A71DDA687F9F591F39CAC5A62D.d.C47E7836D3D7A5A9AAB92108D802A7FA.e.27742"}]}
COMMAND: GET /session/700a0ab92761895b5ec9a5372f8d46fb/screenshot - {}
RESULT: {}
COMMAND: POST /session/700a0ab92761895b5ec9a5372f8d46fb/execute/sync - {"script":"<script> [8489 bytes]","args":[{"element-6066-11e4-a52e-4f735466cecf":"f.647512A71DDA687F9F591F39CAC5A62D.d.C47E7836D3D7A5A9AAB92108D802A7FA.e.27742","ELEMENT":"f.647512A71DDA687F9F591F39CAC5A62D.d.C47E7836D3D7A5A9AAB92108D802A7FA.e.27742"}]}
RESULT: {"script":"<script> [8489 bytes]","args":[{"element-6066-11e4-a52e-4f735466cecf":"f.647512A71DDA687F9F591F39CAC5A62D.d.C47E7836D3D7A5A9AAB92108D802A7FA.e.27742","ELEMENT":"f.647512A71DDA687F9F591F39CAC5A62D.d.C47E7836D3D7A5A9AAB92108D802A7FA.e.27742"}]}
COMMAND: GET /session/700a0ab92761895b5ec9a5372f8d46fb/screenshot - {}
RESULT: {}
COMMAND: POST /session/700a0ab92761895b5ec9a5372f8d46fb/execute/sync - {"script":"<script> [8489 bytes]","args":[{"element-6066-11e4-a52e-4f735466cecf":"f.647512A71DDA687F9F591F39CAC5A62D.d.C47E7836D3D7A5A9AAB92108D802A7FA.e.27742","ELEMENT":"f.647512A71DDA687F9F591F39CAC5A62D.d.C47E7836D3D7A5A9AAB92108D802A7FA.e.27742"}]}
RESULT: {"script":"<script> [8489 bytes]","args":[{"element-6066-11e4-a52e-4f735466cecf":"f.647512A71DDA687F9F591F39CAC5A62D.d.C47E7836D3D7A5A9AAB92108D802A7FA.e.27742","ELEMENT":"f.647512A71DDA687F9F591F39CAC5A62D.d.C47E7836D3D7A5A9AAB92108D802A7FA.e.27742"}]}
COMMAND: GET /session/700a0ab92761895b5ec9a5372f8d46fb/screenshot - {}
RESULT: {}
COMMAND: POST /session/700a0ab92761895b5ec9a5372f8d46fb/execute/sync - {"script":"<script> [8489 bytes]","args":[{"element-6066-11e4-a52e-4f735466cecf":"f.647512A71DDA687F9F591F39CAC5A62D.d.C47E7836D3D7A5A9AAB92108D802A7FA.e.27742","ELEMENT":"f.647512A71DDA687F9F591F39CAC5A62D.d.C47E7836D3D7A5A9AAB92108D802A7FA.e.27742"}]}
RESULT: {"script":"<script> [8489 bytes]","args":[{"element-6066-11e4-a52e-4f735466cecf":"f.647512A71DDA687F9F591F39CAC5A62D.d.C47E7836D3D7A5A9AAB92108D802A7FA.e.27742","ELEMENT":"f.647512A71DDA687F9F591F39CAC5A62D.d.C47E7836D3D7A5A9AAB92108D802A7FA.e.27742"}]}
COMMAND: GET /session/700a0ab92761895b5ec9a5372f8d46fb/screenshot - {}
RESULT: {}
COMMAND: POST /session/700a0ab92761895b5ec9a5372f8d46fb/execute/sync - {"script":"<script> [8489 bytes]","args":[{"element-6066-11e4-a52e-4f735466cecf":"f.647512A71DDA687F9F591F39CAC5A62D.d.C47E7836D3D7A5A9AAB92108D802A7FA.e.27742","ELEMENT":"f.647512A71DDA687F9F591F39CAC5A62D.d.C47E7836D3D7A5A9AAB92108D802A7FA.e.27742"}]}
RESULT: {"script":"<script> [8489 bytes]","args":[{"element-6066-11e4-a52e-4f735466cecf":"f.647512A71DDA687F9F591F39CAC5A62D.d.C47E7836D3D7A5A9AAB92108D802A7FA.e.27742","ELEMENT":"f.647512A71DDA687F9F591F39CAC5A62D.d.C47E7836D3D7A5A9AAB92108D802A7FA.e.27742"}]}
COMMAND: GET /session/700a0ab92761895b5ec9a5372f8d46fb/screenshot - {}
RESULT: {}
COMMAND: POST /session/700a0ab92761895b5ec9a5372f8d46fb/execute/sync - {"script":"<script> [8489 bytes]","args":[{"element-6066-11e4-a52e-4f735466cecf":"f.647512A71DDA687F9F591F39CAC5A62D.d.C47E7836D3D7A5A9AAB92108D802A7FA.e.27742","ELEMENT":"f.647512A71DDA687F9F591F39CAC5A62D.d.C47E7836D3D7A5A9AAB92108D802A7FA.e.27742"}]}
RESULT: {"script":"<script> [8489 bytes]","args":[{"element-6066-11e4-a52e-4f735466cecf":"f.647512A71DDA687F9F591F39CAC5A62D.d.C47E7836D3D7A5A9AAB92108D802A7FA.e.27742","ELEMENT":"f.647512A71DDA687F9F591F39CAC5A62D.d.C47E7836D3D7A5A9AAB92108D802A7FA.e.27742"}]}
COMMAND: GET /session/700a0ab92761895b5ec9a5372f8d46fb/screenshot - {}
RESULT: {}
COMMAND: POST /session/700a0ab92761895b5ec9a5372f8d46fb/execute/sync - {"script":"<script> [8489 bytes]","args":[{"element-6066-11e4-a52e-4f735466cecf":"f.647512A71DDA687F9F591F39CAC5A62D.d.C47E7836D3D7A5A9AAB92108D802A7FA.e.27742","ELEMENT":"f.647512A71DDA687F9F591F39CAC5A62D.d.C47E7836D3D7A5A9AAB92108D802A7FA.e.27742"}]}
RESULT: {"script":"<script> [8489 bytes]","args":[{"element-6066-11e4-a52e-4f735466cecf":"f.647512A71DDA687F9F591F39CAC5A62D.d.C47E7836D3D7A5A9AAB92108D802A7FA.e.27742","ELEMENT":"f.647512A71DDA687F9F591F39CAC5A62D.d.C47E7836D3D7A5A9AAB92108D802A7FA.e.27742"}]}
COMMAND: GET /session/700a0ab92761895b5ec9a5372f8d46fb/screenshot - {}
RESULT: {}
COMMAND: POST /session/700a0ab92761895b5ec9a5372f8d46fb/execute/sync - {"script":"<script> [8489 bytes]","args":[{"element-6066-11e4-a52e-4f735466cecf":"f.647512A71DDA687F9F591F39CAC5A62D.d.C47E7836D3D7A5A9AAB92108D802A7FA.e.27742","ELEMENT":"f.647512A71DDA687F9F591F39CAC5A62D.d.C47E7836D3D7A5A9AAB92108D802A7FA.e.27742"}]}
RESULT: {"script":"<script> [8489 bytes]","args":[{"element-6066-11e4-a52e-4f735466cecf":"f.647512A71DDA687F9F591F39CAC5A62D.d.C47E7836D3D7A5A9AAB92108D802A7FA.e.27742","ELEMENT":"f.647512A71DDA687F9F591F39CAC5A62D.d.C47E7836D3D7A5A9AAB92108D802A7FA.e.27742"}]}
COMMAND: GET /session/700a0ab92761895b5ec9a5372f8d46fb/screenshot - {}
RESULT: {}
COMMAND: POST /session/700a0ab92761895b5ec9a5372f8d46fb/execute/sync - {"script":"<script> [8489 bytes]","args":[{"element-6066-11e4-a52e-4f735466cecf":"f.647512A71DDA687F9F591F39CAC5A62D.d.C47E7836D3D7A5A9AAB92108D802A7FA.e.27742","ELEMENT":"f.647512A71DDA687F9F591F39CAC5A62D.d.C47E7836D3D7A5A9AAB92108D802A7FA.e.27742"}]}
RESULT: {"script":"<script> [8489 bytes]","args":[{"element-6066-11e4-a52e-4f735466cecf":"f.647512A71DDA687F9F591F39CAC5A62D.d.C47E7836D3D7A5A9AAB92108D802A7FA.e.27742","ELEMENT":"f.647512A71DDA687F9F591F39CAC5A62D.d.C47E7836D3D7A5A9AAB92108D802A7FA.e.27742"}]}
COMMAND: GET /session/700a0ab92761895b5ec9a5372f8d46fb/screenshot - {}
RESULT: {}
COMMAND: POST /session/700a0ab92761895b5ec9a5372f8d46fb/execute/sync - {"script":"<script> [8489 bytes]","args":[{"element-6066-11e4-a52e-4f735466cecf":"f.647512A71DDA687F9F591F39CAC5A62D.d.C47E7836D3D7A5A9AAB92108D802A7FA.e.27742","ELEMENT":"f.647512A71DDA687F9F591F39CAC5A62D.d.C47E7836D3D7A5A9AAB92108D802A7FA.e.27742"}]}
RESULT: {"script":"<script> [8489 bytes]","args":[{"element-6066-11e4-a52e-4f735466cecf":"f.647512A71DDA687F9F591F39CAC5A62D.d.C47E7836D3D7A5A9AAB92108D802A7FA.e.27742","ELEMENT":"f.647512A71DDA687F9F591F39CAC5A62D.d.C47E7836D3D7A5A9AAB92108D802A7FA.e.27742"}]}
COMMAND: GET /session/700a0ab92761895b5ec9a5372f8d46fb/screenshot - {}
RESULT: {}
COMMAND: POST /session/700a0ab92761895b5ec9a5372f8d46fb/execute/sync - {"script":"<script> [8489 bytes]","args":[{"element-6066-11e4-a52e-4f735466cecf":"f.647512A71DDA687F9F591F39CAC5A62D.d.C47E7836D3D7A5A9AAB92108D802A7FA.e.27742","ELEMENT":"f.647512A71DDA687F9F591F39CAC5A62D.d.C47E7836D3D7A5A9AAB92108D802A7FA.e.27742"}]}
RESULT: {"script":"<script> [8489 bytes]","args":[{"element-6066-11e4-a52e-4f735466cecf":"f.647512A71DDA687F9F591F39CAC5A62D.d.C47E7836D3D7A5A9AAB92108D802A7FA.e.27742","ELEMENT":"f.647512A71DDA687F9F591F39CAC5A62D.d.C47E7836D3D7A5A9AAB92108D802A7FA.e.27742"}]}
COMMAND: GET /session/700a0ab92761895b5ec9a5372f8d46fb/screenshot - {}
RESULT: {}
COMMAND: POST /session/700a0ab92761895b5ec9a5372f8d46fb/execute/sync - {"script":"<script> [8489 bytes]","args":[{"element-6066-11e4-a52e-4f735466cecf":"f.647512A71DDA687F9F591F39CAC5A62D.d.C47E7836D3D7A5A9AAB92108D802A7FA.e.27742","ELEMENT":"f.647512A71DDA687F9F591F39CAC5A62D.d.C47E7836D3D7A5A9AAB92108D802A7FA.e.27742"}]}
RESULT: {"script":"<script> [8489 bytes]","args":[{"element-6066-11e4-a52e-4f735466cecf":"f.647512A71DDA687F9F591F39CAC5A62D.d.C47E7836D3D7A5A9AAB92108D802A7FA.e.27742","ELEMENT":"f.647512A71DDA687F9F591F39CAC5A62D.d.C47E7836D3D7A5A9AAB92108D802A7FA.e.27742"}]}
COMMAND: GET /session/700a0ab92761895b5ec9a5372f8d46fb/screenshot - {}
RESULT: {}
COMMAND: POST /session/700a0ab92761895b5ec9a5372f8d46fb/execute/sync - {"script":"<script> [8489 bytes]","args":[{"element-6066-11e4-a52e-4f735466cecf":"f.647512A71DDA687F9F591F39CAC5A62D.d.C47E7836D3D7A5A9AAB92108D802A7FA.e.27742","ELEMENT":"f.647512A71DDA687F9F591F39CAC5A62D.d.C47E7836D3D7A5A9AAB92108D802A7FA.e.27742"}]}
RESULT: {"script":"<script> [8489 bytes]","args":[{"element-6066-11e4-a52e-4f735466cecf":"f.647512A71DDA687F9F591F39CAC5A62D.d.C47E7836D3D7A5A9AAB92108D802A7FA.e.27742","ELEMENT":"f.647512A71DDA687F9F591F39CAC5A62D.d.C47E7836D3D7A5A9AAB92108D802A7FA.e.27742"}]}
COMMAND: GET /session/700a0ab92761895b5ec9a5372f8d46fb/screenshot - {}
RESULT: {}
COMMAND: POST /session/700a0ab92761895b5ec9a5372f8d46fb/execute/sync - {"script":"<script> [8489 bytes]","args":[{"element-6066-11e4-a52e-4f735466cecf":"f.647512A71DDA687F9F591F39CAC5A62D.d.C47E7836D3D7A5A9AAB92108D802A7FA.e.27742","ELEMENT":"f.647512A71DDA687F9F591F39CAC5A62D.d.C47E7836D3D7A5A9AAB92108D802A7FA.e.27742"}]}
RESULT: {"script":"<script> [8489 bytes]","args":[{"element-6066-11e4-a52e-4f735466cecf":"f.647512A71DDA687F9F591F39CAC5A62D.d.C47E7836D3D7A5A9AAB92108D802A7FA.e.27742","ELEMENT":"f.647512A71DDA687F9F591F39CAC5A62D.d.C47E7836D3D7A5A9AAB92108D802A7FA.e.27742"}]}
COMMAND: GET /session/700a0ab92761895b5ec9a5372f8d46fb/screenshot - {}
RESULT: {}
COMMAND: POST /session/700a0ab92761895b5ec9a5372f8d46fb/execute/sync - {"script":"<script> [8489 bytes]","args":[{"element-6066-11e4-a52e-4f735466cecf":"f.647512A71DDA687F9F591F39CAC5A62D.d.C47E7836D3D7A5A9AAB92108D802A7FA.e.27742","ELEMENT":"f.647512A71DDA687F9F591F39CAC5A62D.d.C47E7836D3D7A5A9AAB92108D802A7FA.e.27742"}]}
RESULT: {"script":"<script> [8489 bytes]","args":[{"element-6066-11e4-a52e-4f735466cecf":"f.647512A71DDA687F9F591F39CAC5A62D.d.C47E7836D3D7A5A9AAB92108D802A7FA.e.27742","ELEMENT":"f.647512A71DDA687F9F591F39CAC5A62D.d.C47E7836D3D7A5A9AAB92108D802A7FA.e.27742"}]}
COMMAND: GET /session/700a0ab92761895b5ec9a5372f8d46fb/screenshot - {}
RESULT: {}
COMMAND: POST /session/700a0ab92761895b5ec9a5372f8d46fb/execute/sync - {"script":"<script> [8489 bytes]","args":[{"element-6066-11e4-a52e-4f735466cecf":"f.647512A71DDA687F9F591F39CAC5A62D.d.C47E7836D3D7A5A9AAB92108D802A7FA.e.27742","ELEMENT":"f.647512A71DDA687F9F591F39CAC5A62D.d.C47E7836D3D7A5A9AAB92108D802A7FA.e.27742"}]}
RESULT: {"script":"<script> [8489 bytes]","args":[{"element-6066-11e4-a52e-4f735466cecf":"f.647512A71DDA687F9F591F39CAC5A62D.d.C47E7836D3D7A5A9AAB92108D802A7FA.e.27742","ELEMENT":"f.647512A71DDA687F9F591F39CAC5A62D.d.C47E7836D3D7A5A9AAB92108D802A7FA.e.27742"}]}
COMMAND: GET /session/700a0ab92761895b5ec9a5372f8d46fb/screenshot - {}
COMMAND: POST /session/700a0ab92761895b5ec9a5372f8d46fb/execute/sync - {"script":"<script> [8489 bytes]","args":[{"element-6066-11e4-a52e-4f735466cecf":"f.647512A71DDA687F9F591F39CAC5A62D.d.C47E7836D3D7A5A9AAB92108D802A7FA.e.27742","ELEMENT":"f.647512A71DDA687F9F591F39CAC5A62D.d.C47E7836D3D7A5A9AAB92108D802A7FA.e.27742"}]}
RESULT: {}
RESULT: {"script":"<script> [8489 bytes]","args":[{"element-6066-11e4-a52e-4f735466cecf":"f.647512A71DDA687F9F591F39CAC5A62D.d.C47E7836D3D7A5A9AAB92108D802A7FA.e.27742","ELEMENT":"f.647512A71DDA687F9F591F39CAC5A62D.d.C47E7836D3D7A5A9AAB92108D802A7FA.e.27742"}]}
COMMAND: GET /session/700a0ab92761895b5ec9a5372f8d46fb/screenshot - {}
RESULT: {}
COMMAND: POST /session/700a0ab92761895b5ec9a5372f8d46fb/execute/sync - {"script":"<script> [8489 bytes]","args":[{"element-6066-11e4-a52e-4f735466cecf":"f.647512A71DDA687F9F591F39CAC5A62D.d.C47E7836D3D7A5A9AAB92108D802A7FA.e.27742","ELEMENT":"f.647512A71DDA687F9F591F39CAC5A62D.d.C47E7836D3D7A5A9AAB92108D802A7FA.e.27742"}]}
RESULT: {"script":"<script> [8489 bytes]","args":[{"element-6066-11e4-a52e-4f735466cecf":"f.647512A71DDA687F9F591F39CAC5A62D.d.C47E7836D3D7A5A9AAB92108D802A7FA.e.27742","ELEMENT":"f.647512A71DDA687F9F591F39CAC5A62D.d.C47E7836D3D7A5A9AAB92108D802A7FA.e.27742"}]}
COMMAND: GET /session/700a0ab92761895b5ec9a5372f8d46fb/screenshot - {}
RESULT: {}
COMMAND: POST /session/700a0ab92761895b5ec9a5372f8d46fb/execute/sync - {"script":"<script> [8489 bytes]","args":[{"element-6066-11e4-a52e-4f735466cecf":"f.647512A71DDA687F9F591F39CAC5A62D.d.C47E7836D3D7A5A9AAB92108D802A7FA.e.27742","ELEMENT":"f.647512A71DDA687F9F591F39CAC5A62D.d.C47E7836D3D7A5A9AAB92108D802A7FA.e.27742"}]}
RESULT: {"script":"<script> [8489 bytes]","args":[{"element-6066-11e4-a52e-4f735466cecf":"f.647512A71DDA687F9F591F39CAC5A62D.d.C47E7836D3D7A5A9AAB92108D802A7FA.e.27742","ELEMENT":"f.647512A71DDA687F9F591F39CAC5A62D.d.C47E7836D3D7A5A9AAB92108D802A7FA.e.27742"}]}
COMMAND: GET /session/700a0ab92761895b5ec9a5372f8d46fb/screenshot - {}
RESULT: {}
COMMAND: POST /session/700a0ab92761895b5ec9a5372f8d46fb/execute/sync - {"script":"<script> [8489 bytes]","args":[{"element-6066-11e4-a52e-4f735466cecf":"f.647512A71DDA687F9F591F39CAC5A62D.d.C47E7836D3D7A5A9AAB92108D802A7FA.e.27742","ELEMENT":"f.647512A71DDA687F9F591F39CAC5A62D.d.C47E7836D3D7A5A9AAB92108D802A7FA.e.27742"}]}
RESULT: {"script":"<script> [8489 bytes]","args":[{"element-6066-11e4-a52e-4f735466cecf":"f.647512A71DDA687F9F591F39CAC5A62D.d.C47E7836D3D7A5A9AAB92108D802A7FA.e.27742","ELEMENT":"f.647512A71DDA687F9F591F39CAC5A62D.d.C47E7836D3D7A5A9AAB92108D802A7FA.e.27742"}]}
COMMAND: GET /session/700a0ab92761895b5ec9a5372f8d46fb/screenshot - {}
RESULT: {}
COMMAND: POST /session/700a0ab92761895b5ec9a5372f8d46fb/execute/sync - {"script":"<script> [8489 bytes]","args":[{"element-6066-11e4-a52e-4f735466cecf":"f.647512A71DDA687F9F591F39CAC5A62D.d.C47E7836D3D7A5A9AAB92108D802A7FA.e.27742","ELEMENT":"f.647512A71DDA687F9F591F39CAC5A62D.d.C47E7836D3D7A5A9AAB92108D802A7FA.e.27742"}]}
RESULT: {"script":"<script> [8489 bytes]","args":[{"element-6066-11e4-a52e-4f735466cecf":"f.647512A71DDA687F9F591F39CAC5A62D.d.C47E7836D3D7A5A9AAB92108D802A7FA.e.27742","ELEMENT":"f.647512A71DDA687F9F591F39CAC5A62D.d.C47E7836D3D7A5A9AAB92108D802A7FA.e.27742"}]}
COMMAND: GET /session/700a0ab92761895b5ec9a5372f8d46fb/screenshot - {}
RESULT: {}
COMMAND: POST /session/700a0ab92761895b5ec9a5372f8d46fb/execute/sync - {"script":"<script> [8489 bytes]","args":[{"element-6066-11e4-a52e-4f735466cecf":"f.647512A71DDA687F9F591F39CAC5A62D.d.C47E7836D3D7A5A9AAB92108D802A7FA.e.27742","ELEMENT":"f.647512A71DDA687F9F591F39CAC5A62D.d.C47E7836D3D7A5A9AAB92108D802A7FA.e.27742"}]}
RESULT: {"script":"<script> [8489 bytes]","args":[{"element-6066-11e4-a52e-4f735466cecf":"f.647512A71DDA687F9F591F39CAC5A62D.d.C47E7836D3D7A5A9AAB92108D802A7FA.e.27742","ELEMENT":"f.647512A71DDA687F9F591F39CAC5A62D.d.C47E7836D3D7A5A9AAB92108D802A7FA.e.27742"}]}
COMMAND: GET /session/700a0ab92761895b5ec9a5372f8d46fb/screenshot - {}
RESULT: {}
COMMAND: POST /session/700a0ab92761895b5ec9a5372f8d46fb/execute/sync - {"script":"<script> [8489 bytes]","args":[{"element-6066-11e4-a52e-4f735466cecf":"f.647512A71DDA687F9F591F39CAC5A62D.d.C47E7836D3D7A5A9AAB92108D802A7FA.e.27742","ELEMENT":"f.647512A71DDA687F9F591F39CAC5A62D.d.C47E7836D3D7A5A9AAB92108D802A7FA.e.27742"}]}
RESULT: {"script":"<script> [8489 bytes]","args":[{"element-6066-11e4-a52e-4f735466cecf":"f.647512A71DDA687F9F591F39CAC5A62D.d.C47E7836D3D7A5A9AAB92108D802A7FA.e.27742","ELEMENT":"f.647512A71DDA687F9F591F39CAC5A62D.d.C47E7836D3D7A5A9AAB92108D802A7FA.e.27742"}]}
COMMAND: GET /session/700a0ab92761895b5ec9a5372f8d46fb/screenshot - {}
RESULT: {}
COMMAND: POST /session/700a0ab92761895b5ec9a5372f8d46fb/execute/sync - {"script":"<script> [8489 bytes]","args":[{"element-6066-11e4-a52e-4f735466cecf":"f.647512A71DDA687F9F591F39CAC5A62D.d.C47E7836D3D7A5A9AAB92108D802A7FA.e.27742","ELEMENT":"f.647512A71DDA687F9F591F39CAC5A62D.d.C47E7836D3D7A5A9AAB92108D802A7FA.e.27742"}]}
RESULT: {"script":"<script> [8489 bytes]","args":[{"element-6066-11e4-a52e-4f735466cecf":"f.647512A71DDA687F9F591F39CAC5A62D.d.C47E7836D3D7A5A9AAB92108D802A7FA.e.27742","ELEMENT":"f.647512A71DDA687F9F591F39CAC5A62D.d.C47E7836D3D7A5A9AAB92108D802A7FA.e.27742"}]}
COMMAND: GET /session/700a0ab92761895b5ec9a5372f8d46fb/screenshot - {}
RESULT: {}
COMMAND: POST /session/700a0ab92761895b5ec9a5372f8d46fb/execute/sync - {"script":"<script> [8489 bytes]","args":[{"element-6066-11e4-a52e-4f735466cecf":"f.647512A71DDA687F9F591F39CAC5A62D.d.C47E7836D3D7A5A9AAB92108D802A7FA.e.27742","ELEMENT":"f.647512A71DDA687F9F591F39CAC5A62D.d.C47E7836D3D7A5A9AAB92108D802A7FA.e.27742"}]}
RESULT: {"script":"<script> [8489 bytes]","args":[{"element-6066-11e4-a52e-4f735466cecf":"f.647512A71DDA687F9F591F39CAC5A62D.d.C47E7836D3D7A5A9AAB92108D802A7FA.e.27742","ELEMENT":"f.647512A71DDA687F9F591F39CAC5A62D.d.C47E7836D3D7A5A9AAB92108D802A7FA.e.27742"}]}
COMMAND: GET /session/700a0ab92761895b5ec9a5372f8d46fb/screenshot - {}
RESULT: {}
COMMAND: POST /session/700a0ab92761895b5ec9a5372f8d46fb/execute/sync - {"script":"<script> [8489 bytes]","args":[{"element-6066-11e4-a52e-4f735466cecf":"f.647512A71DDA687F9F591F39CAC5A62D.d.C47E7836D3D7A5A9AAB92108D802A7FA.e.27742","ELEMENT":"f.647512A71DDA687F9F591F39CAC5A62D.d.C47E7836D3D7A5A9AAB92108D802A7FA.e.27742"}]}
RESULT: {"script":"<script> [8489 bytes]","args":[{"element-6066-11e4-a52e-4f735466cecf":"f.647512A71DDA687F9F591F39CAC5A62D.d.C47E7836D3D7A5A9AAB92108D802A7FA.e.27742","ELEMENT":"f.647512A71DDA687F9F591F39CAC5A62D.d.C47E7836D3D7A5A9AAB92108D802A7FA.e.27742"}]}
COMMAND: GET /session/700a0ab92761895b5ec9a5372f8d46fb/screenshot - {}
RESULT: {}
COMMAND: POST /session/700a0ab92761895b5ec9a5372f8d46fb/execute/sync - {"script":"<script> [8489 bytes]","args":[{"element-6066-11e4-a52e-4f735466cecf":"f.647512A71DDA687F9F591F39CAC5A62D.d.C47E7836D3D7A5A9AAB92108D802A7FA.e.27742","ELEMENT":"f.647512A71DDA687F9F591F39CAC5A62D.d.C47E7836D3D7A5A9AAB92108D802A7FA.e.27742"}]}
RESULT: {"script":"<script> [8489 bytes]","args":[{"element-6066-11e4-a52e-4f735466cecf":"f.647512A71DDA687F9F591F39CAC5A62D.d.C47E7836D3D7A5A9AAB92108D802A7FA.e.27742","ELEMENT":"f.647512A71DDA687F9F591F39CAC5A62D.d.C47E7836D3D7A5A9AAB92108D802A7FA.e.27742"}]}
COMMAND: GET /session/700a0ab92761895b5ec9a5372f8d46fb/screenshot - {}
RESULT: {}
COMMAND: POST /session/700a0ab92761895b5ec9a5372f8d46fb/execute/sync - {"script":"<script> [8489 bytes]","args":[{"element-6066-11e4-a52e-4f735466cecf":"f.647512A71DDA687F9F591F39CAC5A62D.d.C47E7836D3D7A5A9AAB92108D802A7FA.e.27742","ELEMENT":"f.647512A71DDA687F9F591F39CAC5A62D.d.C47E7836D3D7A5A9AAB92108D802A7FA.e.27742"}]}
RESULT: {"script":"<script> [8489 bytes]","args":[{"element-6066-11e4-a52e-4f735466cecf":"f.647512A71DDA687F9F591F39CAC5A62D.d.C47E7836D3D7A5A9AAB92108D802A7FA.e.27742","ELEMENT":"f.647512A71DDA687F9F591F39CAC5A62D.d.C47E7836D3D7A5A9AAB92108D802A7FA.e.27742"}]}
COMMAND: GET /session/700a0ab92761895b5ec9a5372f8d46fb/screenshot - {}
RESULT: {}
COMMAND: POST /session/700a0ab92761895b5ec9a5372f8d46fb/execute/sync - {"script":"<script> [8489 bytes]","args":[{"element-6066-11e4-a52e-4f735466cecf":"f.647512A71DDA687F9F591F39CAC5A62D.d.C47E7836D3D7A5A9AAB92108D802A7FA.e.27742","ELEMENT":"f.647512A71DDA687F9F591F39CAC5A62D.d.C47E7836D3D7A5A9AAB92108D802A7FA.e.27742"}]}
RESULT: {"script":"<script> [8489 bytes]","args":[{"element-6066-11e4-a52e-4f735466cecf":"f.647512A71DDA687F9F591F39CAC5A62D.d.C47E7836D3D7A5A9AAB92108D802A7FA.e.27742","ELEMENT":"f.647512A71DDA687F9F591F39CAC5A62D.d.C47E7836D3D7A5A9AAB92108D802A7FA.e.27742"}]}
COMMAND: GET /session/700a0ab92761895b5ec9a5372f8d46fb/screenshot - {}
RESULT: {}
COMMAND: POST /session/700a0ab92761895b5ec9a5372f8d46fb/execute/sync - {"script":"<script> [8489 bytes]","args":[{"element-6066-11e4-a52e-4f735466cecf":"f.647512A71DDA687F9F591F39CAC5A62D.d.C47E7836D3D7A5A9AAB92108D802A7FA.e.27742","ELEMENT":"f.647512A71DDA687F9F591F39CAC5A62D.d.C47E7836D3D7A5A9AAB92108D802A7FA.e.27742"}]}
RESULT: {"script":"<script> [8489 bytes]","args":[{"element-6066-11e4-a52e-4f735466cecf":"f.647512A71DDA687F9F591F39CAC5A62D.d.C47E7836D3D7A5A9AAB92108D802A7FA.e.27742","ELEMENT":"f.647512A71DDA687F9F591F39CAC5A62D.d.C47E7836D3D7A5A9AAB92108D802A7FA.e.27742"}]}
COMMAND: GET /session/700a0ab92761895b5ec9a5372f8d46fb/screenshot - {}
RESULT: {}
COMMAND: POST /session/700a0ab92761895b5ec9a5372f8d46fb/execute/sync - {"script":"<script> [8489 bytes]","args":[{"element-6066-11e4-a52e-4f735466cecf":"f.647512A71DDA687F9F591F39CAC5A62D.d.C47E7836D3D7A5A9AAB92108D802A7FA.e.27742","ELEMENT":"f.647512A71DDA687F9F591F39CAC5A62D.d.C47E7836D3D7A5A9AAB92108D802A7FA.e.27742"}]}
RESULT: {"script":"<script> [8489 bytes]","args":[{"element-6066-11e4-a52e-4f735466cecf":"f.647512A71DDA687F9F591F39CAC5A62D.d.C47E7836D3D7A5A9AAB92108D802A7FA.e.27742","ELEMENT":"f.647512A71DDA687F9F591F39CAC5A62D.d.C47E7836D3D7A5A9AAB92108D802A7FA.e.27742"}]}
COMMAND: GET /session/700a0ab92761895b5ec9a5372f8d46fb/screenshot - {}
RESULT: {}
COMMAND: POST /session/700a0ab92761895b5ec9a5372f8d46fb/execute/sync - {"script":"<script> [8489 bytes]","args":[{"element-6066-11e4-a52e-4f735466cecf":"f.647512A71DDA687F9F591F39CAC5A62D.d.C47E7836D3D7A5A9AAB92108D802A7FA.e.27742","ELEMENT":"f.647512A71DDA687F9F591F39CAC5A62D.d.C47E7836D3D7A5A9AAB92108D802A7FA.e.27742"}]}
RESULT: {"script":"<script> [8489 bytes]","args":[{"element-6066-11e4-a52e-4f735466cecf":"f.647512A71DDA687F9F591F39CAC5A62D.d.C47E7836D3D7A5A9AAB92108D802A7FA.e.27742","ELEMENT":"f.647512A71DDA687F9F591F39CAC5A62D.d.C47E7836D3D7A5A9AAB92108D802A7FA.e.27742"}]}
COMMAND: GET /session/700a0ab92761895b5ec9a5372f8d46fb/screenshot - {}
RESULT: {}
COMMAND: POST /session/700a0ab92761895b5ec9a5372f8d46fb/elements - {"using":"css selector","value":"div[viewname='etm.portal.ui.managehandovers.view.DetailExecuteHO'] span.sapMText"}
RESULT: {"using":"css selector","value":"div[viewname='etm.portal.ui.managehandovers.view.DetailExecuteHO'] span.sapMText"}
]]></system-out>
    </testcase>
    <testcase classname="chrome.135_0_7049_96.windows.Provide_to_Site_w/_warehouse_management_w_clarification" name="Should test for Clarification" time="33.771">
      <system-out><![CDATA[
RESULT: undefined
COMMAND: POST /session/700a0ab92761895b5ec9a5372f8d46fb/element - {"using":"xpath","value":"//*[@id=\"__tile132\"]"}
COMMAND: GET /session/700a0ab92761895b5ec9a5372f8d46fb/screenshot - {}
RESULT: {"script":"<script> [1562 bytes]","args":[{"selector":{"controlType":"sap.m.SearchField","viewName":"etm.portal.ui.managehandovers.view.MasterHO","bindingPath":{"propertyPath":"/_BASIC_SEARCH_FIELD","modelName":"fi1t3rM0d31"},"interaction":{"idSuffix":"I"}},"wdio_ui5_key":"etmportal.ui.managehandovers.view.MasterHOsap.m.SearchField{\"propertyPath\":\"/_BASIC_SEARCH_FIELD\",\"modelName\":\"fi1t3rM0d31\"}"}]}
RESULT: undefined
RESULT: {"using":"xpath","value":"//*[@id=\"__tile132\"]"}
COMMAND: POST /session/700a0ab92761895b5ec9a5372f8d46fb/element/f.647512A71DDA687F9F591F39CAC5A62D.d.C47E7836D3D7A5A9AAB92108D802A7FA.e.26195/click - {}
RESULT: {}
RESULT: undefined
COMMAND: POST /session/700a0ab92761895b5ec9a5372f8d46fb/execute/async - {"script":"<script> [776 bytes]","args":[{"enterText":"31205","selector":{"controlType":"sap.m.SearchField","viewName":"etm.portal.ui.managehandovers.view.MasterHO","bindingPath":{"propertyPath":"/_BASIC_SEARCH_FIELD","modelName":"fi1t3rM0d31"},"interaction":{"idSuffix":"I"}},"clearTextFirst":true,"interactionType":"ENTER_TEXT"}]}
RESULT: {"script":"<script> [776 bytes]","args":[{"enterText":"31205","selector":{"controlType":"sap.m.SearchField","viewName":"etm.portal.ui.managehandovers.view.MasterHO","bindingPath":{"propertyPath":"/_BASIC_SEARCH_FIELD","modelName":"fi1t3rM0d31"},"interaction":{"idSuffix":"I"}},"clearTextFirst":true,"interactionType":"ENTER_TEXT"}]}
COMMAND: POST /session/700a0ab92761895b5ec9a5372f8d46fb/actions - {"actions":[{"id":"action119","type":"key","parameters":{},"actions":[{"type":"keyDown","value":"î€‡"},{"type":"pause","duration":10},{"type":"keyUp","value":"î€‡"}]}]}
RESULT: {"actions":[{"id":"action119","type":"key","parameters":{},"actions":[{"type":"keyDown","value":"î€‡"},{"type":"pause","duration":10},{"type":"keyUp","value":"î€‡"}]}]}
COMMAND: GET /session/700a0ab92761895b5ec9a5372f8d46fb/screenshot - {}
RESULT: {}
COMMAND: POST /session/700a0ab92761895b5ec9a5372f8d46fb/element - {"using":"xpath","value":"//span[(text() = '31205' or . = '31205')]"}
RESULT: {"using":"xpath","value":"//span[(text() = '31205' or . = '31205')]"}
COMMAND: POST /session/700a0ab92761895b5ec9a5372f8d46fb/element/f.647512A71DDA687F9F591F39CAC5A62D.d.C47E7836D3D7A5A9AAB92108D802A7FA.e.28146/click - {}
RESULT: {}
COMMAND: GET /session/700a0ab92761895b5ec9a5372f8d46fb/screenshot - {}
RESULT: {}
COMMAND: POST /session/700a0ab92761895b5ec9a5372f8d46fb/execute/async - {"script":"<script> [1562 bytes]","args":[{"selector":{"id":"instructionsTabFilter","viewName":"etm.portal.ui.managehandovers.view.DetailExecuteHO","interaction":{"idSuffix":"text"}},"wdio_ui5_key":"instructionsTabFilteretmportal.ui.managehandovers.view.DetailExecuteHO"}]}
RESULT: {"script":"<script> [1562 bytes]","args":[{"selector":{"id":"instructionsTabFilter","viewName":"etm.portal.ui.managehandovers.view.DetailExecuteHO","interaction":{"idSuffix":"text"}},"wdio_ui5_key":"instructionsTabFilteretmportal.ui.managehandovers.view.DetailExecuteHO"}]}
RESULT: undefined
RESULT: undefined
COMMAND: POST /session/700a0ab92761895b5ec9a5372f8d46fb/execute/async - {"script":"<script> [1562 bytes]","args":[{"selector":{"controlType":"sap.m.ToggleButton","viewName":"etm.portal.ui.managehandovers.view.DetailExecuteHO","i18NText":{"propertyName":"text","key":"refuse"},"interaction":{"idSuffix":"BDI-content"}},"wdio_ui5_key":"etmportal.ui.managehandovers.view.DetailExecuteHOsap.m.ToggleButton{\"propertyName\":\"text\",\"key\":\"refuse\"}"}]}
RESULT: {"script":"<script> [1562 bytes]","args":[{"selector":{"controlType":"sap.m.ToggleButton","viewName":"etm.portal.ui.managehandovers.view.DetailExecuteHO","i18NText":{"propertyName":"text","key":"refuse"},"interaction":{"idSuffix":"BDI-content"}},"wdio_ui5_key":"etmportal.ui.managehandovers.view.DetailExecuteHOsap.m.ToggleButton{\"propertyName\":\"text\",\"key\":\"refuse\"}"}]}
RESULT: undefined
COMMAND: POST /session/700a0ab92761895b5ec9a5372f8d46fb/execute/async - {"script":"<script> [1562 bytes]","args":[{"selector":{"id":"confirmationButton","viewName":"etm.portal.ui.managehandovers.view.DetailExecuteHO","interaction":{"idSuffix":"BDI-content"},"properties":{"text":"Receive / Refuse"}},"wdio_ui5_key":"confirmationButtonetmportal.ui.managehandovers.view.DetailExecuteHO{\"text\":\"Receive / Refuse\"}"}]}
RESULT: {"script":"<script> [1562 bytes]","args":[{"selector":{"id":"confirmationButton","viewName":"etm.portal.ui.managehandovers.view.DetailExecuteHO","interaction":{"idSuffix":"BDI-content"},"properties":{"text":"Receive / Refuse"}},"wdio_ui5_key":"confirmationButtonetmportal.ui.managehandovers.view.DetailExecuteHO{\"text\":\"Receive / Refuse\"}"}]}
RESULT: undefined
]]></system-out>
    </testcase>
  </testsuite>
</testsuites>