<?xml version="1.0" encoding="UTF-8"?>
<testsuites tests="21" failures="6" errors="6" skipped="0">
  <testsuite timestamp="2025-05-16T17:05:28" time="418.757" tests="3" failures="0" errors="0" skipped="0">
    <properties>
      <property name="specId" value="0" />
      <property name="suiteName" value="Create condition pricing US117289 US134625" />
      <property name="capabilities" value="chrome.136_0_7103_93.windows" />
      <property name="file" value="file:///D:/a/1/s/test/specs/BTS/create-condition-pricing.spec.js" />
    </properties>
    <testcase classname="chrome.136_0_7103_93.windows.Create_condition_pricing_US117289_US134625" name="Should create a new yard used for all following tests" time="127.223">
      <system-out><![CDATA[
COMMAND: POST /session/00b8d6e8899bfbf6cc6d783774ce745e/window/fullscreen - {}
RESULT: {}
COMMAND: POST /session/00b8d6e8899bfbf6cc6d783774ce745e/execute/async - {"script":"<script> [1562 bytes]","args":[{"selector":{"controlType":"sap.m.GenericTile","properties":{"header":"Manage Yards"}},"wdio_ui5_key":"sapm.GenericTile{\"header\":\"Manage Yards\"}"}]}
RESULT: {"script":"<script> [1562 bytes]","args":[{"selector":{"controlType":"sap.m.GenericTile","properties":{"header":"Manage Yards"}},"wdio_ui5_key":"sapm.GenericTile{\"header\":\"Manage Yards\"}"}]}
RESULT: undefined
COMMAND: POST /session/00b8d6e8899bfbf6cc6d783774ce745e/element - {"using":"xpath","value":"//*[@id=\"__tile41\"]"}
RESULT: {"using":"xpath","value":"//*[@id=\"__tile41\"]"}
COMMAND: POST /session/00b8d6e8899bfbf6cc6d783774ce745e/element/f.4E1637E628C3A2EF64D95C6C0224F564.d.265E29EE209F9C606966A758A5F03999.e.151/click - {}
RESULT: {}
COMMAND: GET /session/00b8d6e8899bfbf6cc6d783774ce745e/screenshot - {}
RESULT: {}
COMMAND: POST /session/00b8d6e8899bfbf6cc6d783774ce745e/elements - {"using":"xpath","value":"//span[text()='Error']"}
RESULT: {"using":"xpath","value":"//span[text()='Error']"}
COMMAND: POST /session/00b8d6e8899bfbf6cc6d783774ce745e/element - {"using":"xpath","value":"//button[@data-kt=\"addNewYardOverflowToolbarButton\"]"}
RESULT: {"using":"xpath","value":"//button[@data-kt=\"addNewYardOverflowToolbarButton\"]"}
COMMAND: POST /session/00b8d6e8899bfbf6cc6d783774ce745e/elements - {"using":"xpath","value":"//button[@data-kt=\"addNewYardOverflowToolbarButton\"]"}
RESULT: {"using":"xpath","value":"//button[@data-kt=\"addNewYardOverflowToolbarButton\"]"}
COMMAND: POST /session/00b8d6e8899bfbf6cc6d783774ce745e/elements - {"using":"xpath","value":"//button[@data-kt=\"addNewYardOverflowToolbarButton\"]"}
RESULT: {"using":"xpath","value":"//button[@data-kt=\"addNewYardOverflowToolbarButton\"]"}
COMMAND: POST /session/00b8d6e8899bfbf6cc6d783774ce745e/elements - {"using":"xpath","value":"//button[@data-kt=\"addNewYardOverflowToolbarButton\"]"}
RESULT: {"using":"xpath","value":"//button[@data-kt=\"addNewYardOverflowToolbarButton\"]"}
COMMAND: POST /session/00b8d6e8899bfbf6cc6d783774ce745e/elements - {"using":"xpath","value":"//button[@data-kt=\"addNewYardOverflowToolbarButton\"]"}
RESULT: {"using":"xpath","value":"//button[@data-kt=\"addNewYardOverflowToolbarButton\"]"}
COMMAND: POST /session/00b8d6e8899bfbf6cc6d783774ce745e/elements - {"using":"xpath","value":"//button[@data-kt=\"addNewYardOverflowToolbarButton\"]"}
RESULT: {"using":"xpath","value":"//button[@data-kt=\"addNewYardOverflowToolbarButton\"]"}
COMMAND: POST /session/00b8d6e8899bfbf6cc6d783774ce745e/elements - {"using":"xpath","value":"//button[@data-kt=\"addNewYardOverflowToolbarButton\"]"}
RESULT: {"using":"xpath","value":"//button[@data-kt=\"addNewYardOverflowToolbarButton\"]"}
COMMAND: POST /session/00b8d6e8899bfbf6cc6d783774ce745e/elements - {"using":"xpath","value":"//button[@data-kt=\"addNewYardOverflowToolbarButton\"]"}
RESULT: {"using":"xpath","value":"//button[@data-kt=\"addNewYardOverflowToolbarButton\"]"}
COMMAND: POST /session/00b8d6e8899bfbf6cc6d783774ce745e/elements - {"using":"xpath","value":"//button[@data-kt=\"addNewYardOverflowToolbarButton\"]"}
RESULT: {"using":"xpath","value":"//button[@data-kt=\"addNewYardOverflowToolbarButton\"]"}
COMMAND: POST /session/00b8d6e8899bfbf6cc6d783774ce745e/element - {"using":"xpath","value":"//button[@data-kt=\"addNewYardOverflowToolbarButton\"]"}
RESULT: {"using":"xpath","value":"//button[@data-kt=\"addNewYardOverflowToolbarButton\"]"}
COMMAND: POST /session/00b8d6e8899bfbf6cc6d783774ce745e/execute/sync - {"script":"<script> [8489 bytes]","args":[{"element-6066-11e4-a52e-4f735466cecf":"f.4E1637E628C3A2EF64D95C6C0224F564.d.265E29EE209F9C606966A758A5F03999.e.289","ELEMENT":"f.4E1637E628C3A2EF64D95C6C0224F564.d.265E29EE209F9C606966A758A5F03999.e.289"}]}
RESULT: {"script":"<script> [8489 bytes]","args":[{"element-6066-11e4-a52e-4f735466cecf":"f.4E1637E628C3A2EF64D95C6C0224F564.d.265E29EE209F9C606966A758A5F03999.e.289","ELEMENT":"f.4E1637E628C3A2EF64D95C6C0224F564.d.265E29EE209F9C606966A758A5F03999.e.289"}]}
COMMAND: GET /session/00b8d6e8899bfbf6cc6d783774ce745e/element/f.4E1637E628C3A2EF64D95C6C0224F564.d.265E29EE209F9C606966A758A5F03999.e.289/enabled - {}
COMMAND: GET /session/00b8d6e8899bfbf6cc6d783774ce745e/screenshot - {}
RESULT: {}
COMMAND: POST /session/00b8d6e8899bfbf6cc6d783774ce745e/execute/sync - {"script":"<script> [8489 bytes]","args":[{"element-6066-11e4-a52e-4f735466cecf":"f.4E1637E628C3A2EF64D95C6C0224F564.d.265E29EE209F9C606966A758A5F03999.e.289","ELEMENT":"f.4E1637E628C3A2EF64D95C6C0224F564.d.265E29EE209F9C606966A758A5F03999.e.289"}]}
COMMAND: GET /session/00b8d6e8899bfbf6cc6d783774ce745e/screenshot - {}
RESULT: {}
RESULT: {"script":"<script> [8489 bytes]","args":[{"element-6066-11e4-a52e-4f735466cecf":"f.4E1637E628C3A2EF64D95C6C0224F564.d.265E29EE209F9C606966A758A5F03999.e.289","ELEMENT":"f.4E1637E628C3A2EF64D95C6C0224F564.d.265E29EE209F9C606966A758A5F03999.e.289"}]}
COMMAND: POST /session/00b8d6e8899bfbf6cc6d783774ce745e/execute/sync - {"script":"<script> [5351 bytes]","args":[{"element-6066-11e4-a52e-4f735466cecf":"f.4E1637E628C3A2EF64D95C6C0224F564.d.265E29EE209F9C606966A758A5F03999.e.289","ELEMENT":"f.4E1637E628C3A2EF64D95C6C0224F564.d.265E29EE209F9C606966A758A5F03999.e.289"}]}
COMMAND: GET /session/00b8d6e8899bfbf6cc6d783774ce745e/screenshot - {}
RESULT: {}
RESULT: {"script":"<script> [5351 bytes]","args":[{"element-6066-11e4-a52e-4f735466cecf":"f.4E1637E628C3A2EF64D95C6C0224F564.d.265E29EE209F9C606966A758A5F03999.e.289","ELEMENT":"f.4E1637E628C3A2EF64D95C6C0224F564.d.265E29EE209F9C606966A758A5F03999.e.289"}]}
COMMAND: POST /session/00b8d6e8899bfbf6cc6d783774ce745e/element/f.4E1637E628C3A2EF64D95C6C0224F564.d.265E29EE209F9C606966A758A5F03999.e.289/click - {}
COMMAND: GET /session/00b8d6e8899bfbf6cc6d783774ce745e/screenshot - {}
RESULT: {}
RESULT: {}
COMMAND: GET /session/00b8d6e8899bfbf6cc6d783774ce745e/screenshot - {}
COMMAND: POST /session/00b8d6e8899bfbf6cc6d783774ce745e/element - {"using":"xpath","value":"//input[@id=\"application-manageyards-display-component---NewYard--yardId-inner\"]"}
RESULT: {}
RESULT: {}
RESULT: {"using":"xpath","value":"//input[@id=\"application-manageyards-display-component---NewYard--yardId-inner\"]"}
COMMAND: POST /session/00b8d6e8899bfbf6cc6d783774ce745e/element - {"using":"xpath","value":"//input[@id=\"application-manageyards-display-component---NewYard--yardId-inner\"]"}
RESULT: {"using":"xpath","value":"//input[@id=\"application-manageyards-display-component---NewYard--yardId-inner\"]"}
COMMAND: POST /session/00b8d6e8899bfbf6cc6d783774ce745e/execute/async - {"script":"<script> [1562 bytes]","args":[{"selector":{"id":"application-manageyards-display-component---NewYard--addressDetailDetailsName1","interaction":{"idSuffix":"inner"}},"wdio_ui5_key":"applicationmanageyards-display-component---NewYard--addressDetailDetailsName1"}]}
RESULT: {"script":"<script> [1562 bytes]","args":[{"selector":{"id":"application-manageyards-display-component---NewYard--addressDetailDetailsName1","interaction":{"idSuffix":"inner"}},"wdio_ui5_key":"applicationmanageyards-display-component---NewYard--addressDetailDetailsName1"}]}
RESULT: undefined
COMMAND: POST /session/00b8d6e8899bfbf6cc6d783774ce745e/execute/async - {"script":"<script> [776 bytes]","args":[{"enterText":"DailyPrice WDIO","selector":{"id":"application-manageyards-display-component---NewYard--addressDetailDetailsName1","interaction":{"idSuffix":"inner"}},"clearTextFirst":true,"interactionType":"ENTER_TEXT"}]}
RESULT: {"script":"<script> [776 bytes]","args":[{"enterText":"DailyPrice WDIO","selector":{"id":"application-manageyards-display-component---NewYard--addressDetailDetailsName1","interaction":{"idSuffix":"inner"}},"clearTextFirst":true,"interactionType":"ENTER_TEXT"}]}
COMMAND: POST /session/00b8d6e8899bfbf6cc6d783774ce745e/execute/async - {"script":"<script> [1562 bytes]","args":[{"selector":{"id":"application-manageyards-display-component---NewYard--addressDetailDetailsLanguage-arrow"},"wdio_ui5_key":"applicationmanageyards-display-component---NewYard--addressDetailDetailsLanguage-arrow"}]}
RESULT: {"script":"<script> [1562 bytes]","args":[{"selector":{"id":"application-manageyards-display-component---NewYard--addressDetailDetailsLanguage-arrow"},"wdio_ui5_key":"applicationmanageyards-display-component---NewYard--addressDetailDetailsLanguage-arrow"}]}
RESULT: undefined
COMMAND: POST /session/00b8d6e8899bfbf6cc6d783774ce745e/element - {"using":"xpath","value":"//*[@id=\"application-manageyards-display-component---NewYard--addressDetailDetailsLanguage-arrow\"]"}
RESULT: {"using":"xpath","value":"//*[@id=\"application-manageyards-display-component---NewYard--addressDetailDetailsLanguage-arrow\"]"}
COMMAND: POST /session/00b8d6e8899bfbf6cc6d783774ce745e/element/f.4E1637E628C3A2EF64D95C6C0224F564.d.265E29EE209F9C606966A758A5F03999.e.721/click - {}
RESULT: {}
COMMAND: POST /session/00b8d6e8899bfbf6cc6d783774ce745e/element - {"using":"xpath","value":"//span[contains(text(), \"English\")]"}
COMMAND: GET /session/00b8d6e8899bfbf6cc6d783774ce745e/screenshot - {}
RESULT: {"using":"xpath","value":"//span[contains(text(), \"English\")]"}
COMMAND: POST /session/00b8d6e8899bfbf6cc6d783774ce745e/element/f.4E1637E628C3A2EF64D95C6C0224F564.d.265E29EE209F9C606966A758A5F03999.e.722/click - {}
RESULT: {}
RESULT: {}
COMMAND: POST /session/00b8d6e8899bfbf6cc6d783774ce745e/execute/async - {"script":"<script> [1562 bytes]","args":[{"selector":{"id":"application-manageyards-display-component---NewYard--addressDetailDetailsCity1","interaction":{"idSuffix":"inner"}},"wdio_ui5_key":"applicationmanageyards-display-component---NewYard--addressDetailDetailsCity1"}]}
COMMAND: GET /session/00b8d6e8899bfbf6cc6d783774ce745e/screenshot - {}
RESULT: {"script":"<script> [1562 bytes]","args":[{"selector":{"id":"application-manageyards-display-component---NewYard--addressDetailDetailsCity1","interaction":{"idSuffix":"inner"}},"wdio_ui5_key":"applicationmanageyards-display-component---NewYard--addressDetailDetailsCity1"}]}
RESULT: undefined
COMMAND: POST /session/00b8d6e8899bfbf6cc6d783774ce745e/execute/async - {"script":"<script> [776 bytes]","args":[{"enterText":"Rosario","selector":{"id":"application-manageyards-display-component---NewYard--addressDetailDetailsCity1","interaction":{"idSuffix":"inner"}},"clearTextFirst":true,"interactionType":"ENTER_TEXT"}]}
RESULT: {}
RESULT: {"script":"<script> [776 bytes]","args":[{"enterText":"Rosario","selector":{"id":"application-manageyards-display-component---NewYard--addressDetailDetailsCity1","interaction":{"idSuffix":"inner"}},"clearTextFirst":true,"interactionType":"ENTER_TEXT"}]}
COMMAND: POST /session/00b8d6e8899bfbf6cc6d783774ce745e/execute/async - {"script":"<script> [1562 bytes]","args":[{"selector":{"id":"application-manageyards-display-component---NewYard--addressDetailDetailsCountry-arrow"},"wdio_ui5_key":"applicationmanageyards-display-component---NewYard--addressDetailDetailsCountry-arrow"}]}
RESULT: {"script":"<script> [1562 bytes]","args":[{"selector":{"id":"application-manageyards-display-component---NewYard--addressDetailDetailsCountry-arrow"},"wdio_ui5_key":"applicationmanageyards-display-component---NewYard--addressDetailDetailsCountry-arrow"}]}
RESULT: undefined
COMMAND: POST /session/00b8d6e8899bfbf6cc6d783774ce745e/element - {"using":"xpath","value":"//*[@id=\"application-manageyards-display-component---NewYard--addressDetailDetailsCountry-arrow\"]"}
RESULT: {"using":"xpath","value":"//*[@id=\"application-manageyards-display-component---NewYard--addressDetailDetailsCountry-arrow\"]"}
COMMAND: POST /session/00b8d6e8899bfbf6cc6d783774ce745e/element/f.4E1637E628C3A2EF64D95C6C0224F564.d.265E29EE209F9C606966A758A5F03999.e.724/click - {}
RESULT: {}
COMMAND: POST /session/00b8d6e8899bfbf6cc6d783774ce745e/element - {"using":"xpath","value":"//span[contains(text(), \"Argentina\")]"}
COMMAND: GET /session/00b8d6e8899bfbf6cc6d783774ce745e/screenshot - {}
RESULT: {"using":"xpath","value":"//span[contains(text(), \"Argentina\")]"}
COMMAND: POST /session/00b8d6e8899bfbf6cc6d783774ce745e/element/f.4E1637E628C3A2EF64D95C6C0224F564.d.265E29EE209F9C606966A758A5F03999.e.725/click - {}
RESULT: {}
RESULT: {}
COMMAND: POST /session/00b8d6e8899bfbf6cc6d783774ce745e/execute/async - {"script":"<script> [1562 bytes]","args":[{"selector":{"id":"application-manageyards-display-component---NewYard--addressEditDetailsCostObjectCstType-arrow"},"wdio_ui5_key":"applicationmanageyards-display-component---NewYard--addressEditDetailsCostObjectCstType-arrow"}]}
COMMAND: GET /session/00b8d6e8899bfbf6cc6d783774ce745e/screenshot - {}
RESULT: {"script":"<script> [1562 bytes]","args":[{"selector":{"id":"application-manageyards-display-component---NewYard--addressEditDetailsCostObjectCstType-arrow"},"wdio_ui5_key":"applicationmanageyards-display-component---NewYard--addressEditDetailsCostObjectCstType-arrow"}]}
RESULT: undefined
COMMAND: POST /session/00b8d6e8899bfbf6cc6d783774ce745e/element - {"using":"xpath","value":"//*[@id=\"application-manageyards-display-component---NewYard--addressEditDetailsCostObjectCstType-arrow\"]"}
RESULT: {}
RESULT: {"using":"xpath","value":"//*[@id=\"application-manageyards-display-component---NewYard--addressEditDetailsCostObjectCstType-arrow\"]"}
COMMAND: POST /session/00b8d6e8899bfbf6cc6d783774ce745e/element/f.4E1637E628C3A2EF64D95C6C0224F564.d.265E29EE209F9C606966A758A5F03999.e.727/click - {}
RESULT: {}
COMMAND: POST /session/00b8d6e8899bfbf6cc6d783774ce745e/element - {"using":"xpath","value":"//span[contains(text(), \"Cost Center\")]"}
COMMAND: GET /session/00b8d6e8899bfbf6cc6d783774ce745e/screenshot - {}
RESULT: {"using":"xpath","value":"//span[contains(text(), \"Cost Center\")]"}
COMMAND: POST /session/00b8d6e8899bfbf6cc6d783774ce745e/element/f.4E1637E628C3A2EF64D95C6C0224F564.d.265E29EE209F9C606966A758A5F03999.e.728/click - {}
RESULT: {}
RESULT: {}
COMMAND: GET /session/00b8d6e8899bfbf6cc6d783774ce745e/screenshot - {}
RESULT: {}
COMMAND: POST /session/00b8d6e8899bfbf6cc6d783774ce745e/element - {"using":"xpath","value":"//span[@id=\"application-manageyards-display-component---NewYard--addressNewCostObjectCstID-vhi\"]"}
RESULT: {"using":"xpath","value":"//span[@id=\"application-manageyards-display-component---NewYard--addressNewCostObjectCstID-vhi\"]"}
COMMAND: POST /session/00b8d6e8899bfbf6cc6d783774ce745e/execute/sync - {"script":"<script> [8489 bytes]","args":[{"element-6066-11e4-a52e-4f735466cecf":"f.4E1637E628C3A2EF64D95C6C0224F564.d.265E29EE209F9C606966A758A5F03999.e.732","ELEMENT":"f.4E1637E628C3A2EF64D95C6C0224F564.d.265E29EE209F9C606966A758A5F03999.e.732"}]}
RESULT: {"script":"<script> [8489 bytes]","args":[{"element-6066-11e4-a52e-4f735466cecf":"f.4E1637E628C3A2EF64D95C6C0224F564.d.265E29EE209F9C606966A758A5F03999.e.732","ELEMENT":"f.4E1637E628C3A2EF64D95C6C0224F564.d.265E29EE209F9C606966A758A5F03999.e.732"}]}
COMMAND: POST /session/00b8d6e8899bfbf6cc6d783774ce745e/execute/async - {"script":"<script> [1562 bytes]","args":[{"selector":{"id":"application-manageyards-display-component---NewYard--addressNewCostObjectCstID-vhi"},"wdio_ui5_key":"applicationmanageyards-display-component---NewYard--addressNewCostObjectCstID-vhi"}]}
COMMAND: GET /session/00b8d6e8899bfbf6cc6d783774ce745e/screenshot - {}
RESULT: {"script":"<script> [1562 bytes]","args":[{"selector":{"id":"application-manageyards-display-component---NewYard--addressNewCostObjectCstID-vhi"},"wdio_ui5_key":"applicationmanageyards-display-component---NewYard--addressNewCostObjectCstID-vhi"}]}
RESULT: undefined
COMMAND: POST /session/00b8d6e8899bfbf6cc6d783774ce745e/element - {"using":"xpath","value":"//*[@id=\"application-manageyards-display-component---NewYard--addressNewCostObjectCstID-vhi\"]"}
RESULT: {}
RESULT: {"using":"xpath","value":"//*[@id=\"application-manageyards-display-component---NewYard--addressNewCostObjectCstID-vhi\"]"}
COMMAND: POST /session/00b8d6e8899bfbf6cc6d783774ce745e/element/f.4E1637E628C3A2EF64D95C6C0224F564.d.265E29EE209F9C606966A758A5F03999.e.732/click - {}
RESULT: {}
COMMAND: GET /session/00b8d6e8899bfbf6cc6d783774ce745e/screenshot - {}
RESULT: {}
COMMAND: POST /session/00b8d6e8899bfbf6cc6d783774ce745e/execute/async - {"script":"<script> [1562 bytes]","args":[{"selector":{"controlType":"sap.m.SearchField","properties":{"placeholder":"Search"},"searchOpenDialogs":true,"interaction":{"idSuffix":"I"}},"wdio_ui5_key":"sapm.SearchField{\"placeholder\":\"Search\"}"}]}
RESULT: {"script":"<script> [1562 bytes]","args":[{"selector":{"controlType":"sap.m.SearchField","properties":{"placeholder":"Search"},"searchOpenDialogs":true,"interaction":{"idSuffix":"I"}},"wdio_ui5_key":"sapm.SearchField{\"placeholder\":\"Search\"}"}]}
RESULT: undefined
COMMAND: POST /session/00b8d6e8899bfbf6cc6d783774ce745e/execute/async - {"script":"<script> [776 bytes]","args":[{"enterText":"bauh_b","selector":{"controlType":"sap.m.SearchField","properties":{"placeholder":"Search"},"searchOpenDialogs":true,"interaction":{"idSuffix":"I"}},"clearTextFirst":true,"interactionType":"ENTER_TEXT"}]}
RESULT: {"script":"<script> [776 bytes]","args":[{"enterText":"bauh_b","selector":{"controlType":"sap.m.SearchField","properties":{"placeholder":"Search"},"searchOpenDialogs":true,"interaction":{"idSuffix":"I"}},"clearTextFirst":true,"interactionType":"ENTER_TEXT"}]}
COMMAND: POST /session/00b8d6e8899bfbf6cc6d783774ce745e/actions - {"actions":[{"id":"action1","type":"key","parameters":{},"actions":[{"type":"keyDown","value":"î€‡"},{"type":"pause","duration":10},{"type":"keyUp","value":"î€‡"}]}]}
RESULT: {"actions":[{"id":"action1","type":"key","parameters":{},"actions":[{"type":"keyDown","value":"î€‡"},{"type":"pause","duration":10},{"type":"keyUp","value":"î€‡"}]}]}
COMMAND: GET /session/00b8d6e8899bfbf6cc6d783774ce745e/screenshot - {}
RESULT: {}
COMMAND: POST /session/00b8d6e8899bfbf6cc6d783774ce745e/element - {"using":"xpath","value":"//span[contains(text(), \"Demo Yard\")]"}
RESULT: {"using":"xpath","value":"//span[contains(text(), \"Demo Yard\")]"}
COMMAND: POST /session/00b8d6e8899bfbf6cc6d783774ce745e/element/f.4E1637E628C3A2EF64D95C6C0224F564.d.265E29EE209F9C606966A758A5F03999.e.773/click - {}
RESULT: {}
COMMAND: GET /session/00b8d6e8899bfbf6cc6d783774ce745e/screenshot - {}
RESULT: {}
COMMAND: POST /session/00b8d6e8899bfbf6cc6d783774ce745e/element - {"using":"xpath","value":"//bdi[contains(text(), \"OK\")]"}
RESULT: {"using":"xpath","value":"//bdi[contains(text(), \"OK\")]"}
COMMAND: POST /session/00b8d6e8899bfbf6cc6d783774ce745e/element/f.4E1637E628C3A2EF64D95C6C0224F564.d.265E29EE209F9C606966A758A5F03999.e.774/click - {}
RESULT: {}
COMMAND: GET /session/00b8d6e8899bfbf6cc6d783774ce745e/screenshot - {}
RESULT: {}
COMMAND: POST /session/00b8d6e8899bfbf6cc6d783774ce745e/execute/async - {"script":"<script> [1562 bytes]","args":[{"selector":{"id":"application-manageyards-display-component---NewYard--addressEditDetailsCurrency-arrow"},"wdio_ui5_key":"applicationmanageyards-display-component---NewYard--addressEditDetailsCurrency-arrow"}]}
RESULT: {"script":"<script> [1562 bytes]","args":[{"selector":{"id":"application-manageyards-display-component---NewYard--addressEditDetailsCurrency-arrow"},"wdio_ui5_key":"applicationmanageyards-display-component---NewYard--addressEditDetailsCurrency-arrow"}]}
RESULT: undefined
COMMAND: POST /session/00b8d6e8899bfbf6cc6d783774ce745e/element - {"using":"xpath","value":"//*[@id=\"application-manageyards-display-component---NewYard--addressEditDetailsCurrency-arrow\"]"}
RESULT: {"using":"xpath","value":"//*[@id=\"application-manageyards-display-component---NewYard--addressEditDetailsCurrency-arrow\"]"}
COMMAND: POST /session/00b8d6e8899bfbf6cc6d783774ce745e/element/f.4E1637E628C3A2EF64D95C6C0224F564.d.265E29EE209F9C606966A758A5F03999.e.777/click - {}
RESULT: {}
COMMAND: POST /session/00b8d6e8899bfbf6cc6d783774ce745e/element - {"using":"xpath","value":"//span[contains(text(), \"Euro\")]"}
COMMAND: GET /session/00b8d6e8899bfbf6cc6d783774ce745e/screenshot - {}
RESULT: {"using":"xpath","value":"//span[contains(text(), \"Euro\")]"}
COMMAND: POST /session/00b8d6e8899bfbf6cc6d783774ce745e/element/f.4E1637E628C3A2EF64D95C6C0224F564.d.265E29EE209F9C606966A758A5F03999.e.778/click - {}
RESULT: {}
RESULT: {}
COMMAND: POST /session/00b8d6e8899bfbf6cc6d783774ce745e/execute/async - {"script":"<script> [1562 bytes]","args":[{"selector":{"controlType":"sap.m.Input","viewName":"etm.portal.ui.manageyards.view.New","viewId":"application-manageyards-display-component---NewYard","bindingPath":{"path":"","propertyPath":"/CONTROLLING_AREA","modelName":"NewYardModel"},"interaction":{"idSuffix":"inner"}},"wdio_ui5_key":"etmportal.ui.manageyards.view.Newsap.m.Input{\"path\":\"\",\"propertyPath\":\"/CONTROLLING_AREA\",\"modelName\":\"NewYardModel\"}"}]}
COMMAND: GET /session/00b8d6e8899bfbf6cc6d783774ce745e/screenshot - {}
RESULT: {"script":"<script> [1562 bytes]","args":[{"selector":{"controlType":"sap.m.Input","viewName":"etm.portal.ui.manageyards.view.New","viewId":"application-manageyards-display-component---NewYard","bindingPath":{"path":"","propertyPath":"/CONTROLLING_AREA","modelName":"NewYardModel"},"interaction":{"idSuffix":"inner"}},"wdio_ui5_key":"etmportal.ui.manageyards.view.Newsap.m.Input{\"path\":\"\",\"propertyPath\":\"/CONTROLLING_AREA\",\"modelName\":\"NewYardModel\"}"}]}
RESULT: undefined
COMMAND: POST /session/00b8d6e8899bfbf6cc6d783774ce745e/execute/async - {"script":"<script> [776 bytes]","args":[{"enterText":"Z001","selector":{"controlType":"sap.m.Input","viewName":"etm.portal.ui.manageyards.view.New","viewId":"application-manageyards-display-component---NewYard","bindingPath":{"path":"","propertyPath":"/CONTROLLING_AREA","modelName":"NewYardModel"},"interaction":{"idSuffix":"inner"}},"clearTextFirst":true,"interactionType":"ENTER_TEXT"}]}
RESULT: {}
RESULT: {"script":"<script> [776 bytes]","args":[{"enterText":"Z001","selector":{"controlType":"sap.m.Input","viewName":"etm.portal.ui.manageyards.view.New","viewId":"application-manageyards-display-component---NewYard","bindingPath":{"path":"","propertyPath":"/CONTROLLING_AREA","modelName":"NewYardModel"},"interaction":{"idSuffix":"inner"}},"clearTextFirst":true,"interactionType":"ENTER_TEXT"}]}
COMMAND: POST /session/00b8d6e8899bfbf6cc6d783774ce745e/execute/async - {"script":"<script> [1562 bytes]","args":[{"selector":{"id":"application-manageyards-display-component---NewYard--companyCodeComboBox","interaction":{"idSuffix":"inner"}},"wdio_ui5_key":"applicationmanageyards-display-component---NewYard--companyCodeComboBox"}]}
RESULT: {"script":"<script> [1562 bytes]","args":[{"selector":{"id":"application-manageyards-display-component---NewYard--companyCodeComboBox","interaction":{"idSuffix":"inner"}},"wdio_ui5_key":"applicationmanageyards-display-component---NewYard--companyCodeComboBox"}]}
RESULT: undefined
COMMAND: POST /session/00b8d6e8899bfbf6cc6d783774ce745e/execute/async - {"script":"<script> [776 bytes]","args":[{"enterText":"1000","selector":{"id":"application-manageyards-display-component---NewYard--companyCodeComboBox","interaction":{"idSuffix":"inner"}},"clearTextFirst":true,"interactionType":"ENTER_TEXT"}]}
RESULT: {"script":"<script> [776 bytes]","args":[{"enterText":"1000","selector":{"id":"application-manageyards-display-component---NewYard--companyCodeComboBox","interaction":{"idSuffix":"inner"}},"clearTextFirst":true,"interactionType":"ENTER_TEXT"}]}
COMMAND: POST /session/00b8d6e8899bfbf6cc6d783774ce745e/execute/async - {"script":"<script> [1562 bytes]","args":[{"selector":{"controlType":"sap.m.Input","viewName":"etm.portal.ui.manageyards.view.New","viewId":"application-manageyards-display-component---NewYard","bindingPath":{"path":"","propertyPath":"/PLANT","modelName":"NewYardModel"},"interaction":{"idSuffix":"inner"}},"wdio_ui5_key":"etmportal.ui.manageyards.view.Newsap.m.Input{\"path\":\"\",\"propertyPath\":\"/PLANT\",\"modelName\":\"NewYardModel\"}"}]}
RESULT: {"script":"<script> [1562 bytes]","args":[{"selector":{"controlType":"sap.m.Input","viewName":"etm.portal.ui.manageyards.view.New","viewId":"application-manageyards-display-component---NewYard","bindingPath":{"path":"","propertyPath":"/PLANT","modelName":"NewYardModel"},"interaction":{"idSuffix":"inner"}},"wdio_ui5_key":"etmportal.ui.manageyards.view.Newsap.m.Input{\"path\":\"\",\"propertyPath\":\"/PLANT\",\"modelName\":\"NewYardModel\"}"}]}
RESULT: undefined
COMMAND: POST /session/00b8d6e8899bfbf6cc6d783774ce745e/execute/async - {"script":"<script> [776 bytes]","args":[{"enterText":"1001","selector":{"controlType":"sap.m.Input","viewName":"etm.portal.ui.manageyards.view.New","viewId":"application-manageyards-display-component---NewYard","bindingPath":{"path":"","propertyPath":"/PLANT","modelName":"NewYardModel"},"interaction":{"idSuffix":"inner"}},"clearTextFirst":true,"interactionType":"ENTER_TEXT"}]}
RESULT: {"script":"<script> [776 bytes]","args":[{"enterText":"1001","selector":{"controlType":"sap.m.Input","viewName":"etm.portal.ui.manageyards.view.New","viewId":"application-manageyards-display-component---NewYard","bindingPath":{"path":"","propertyPath":"/PLANT","modelName":"NewYardModel"},"interaction":{"idSuffix":"inner"}},"clearTextFirst":true,"interactionType":"ENTER_TEXT"}]}
COMMAND: POST /session/00b8d6e8899bfbf6cc6d783774ce745e/execute/async - {"script":"<script> [1562 bytes]","args":[{"selector":{"controlType":"sap.m.Input","viewName":"etm.portal.ui.manageyards.view.New","viewId":"application-manageyards-display-component---NewYard","bindingPath":{"path":"","propertyPath":"/SALES_AREA_VKORG","modelName":"NewYardModel"},"interaction":{"idSuffix":"inner"}},"wdio_ui5_key":"etmportal.ui.manageyards.view.Newsap.m.Input{\"path\":\"\",\"propertyPath\":\"/SALES_AREA_VKORG\",\"modelName\":\"NewYardModel\"}"}]}
RESULT: {"script":"<script> [1562 bytes]","args":[{"selector":{"controlType":"sap.m.Input","viewName":"etm.portal.ui.manageyards.view.New","viewId":"application-manageyards-display-component---NewYard","bindingPath":{"path":"","propertyPath":"/SALES_AREA_VKORG","modelName":"NewYardModel"},"interaction":{"idSuffix":"inner"}},"wdio_ui5_key":"etmportal.ui.manageyards.view.Newsap.m.Input{\"path\":\"\",\"propertyPath\":\"/SALES_AREA_VKORG\",\"modelName\":\"NewYardModel\"}"}]}
RESULT: undefined
COMMAND: POST /session/00b8d6e8899bfbf6cc6d783774ce745e/execute/async - {"script":"<script> [776 bytes]","args":[{"enterText":"C002","selector":{"controlType":"sap.m.Input","viewName":"etm.portal.ui.manageyards.view.New","viewId":"application-manageyards-display-component---NewYard","bindingPath":{"path":"","propertyPath":"/SALES_AREA_VKORG","modelName":"NewYardModel"},"interaction":{"idSuffix":"inner"}},"clearTextFirst":true,"interactionType":"ENTER_TEXT"}]}
RESULT: {"script":"<script> [776 bytes]","args":[{"enterText":"C002","selector":{"controlType":"sap.m.Input","viewName":"etm.portal.ui.manageyards.view.New","viewId":"application-manageyards-display-component---NewYard","bindingPath":{"path":"","propertyPath":"/SALES_AREA_VKORG","modelName":"NewYardModel"},"interaction":{"idSuffix":"inner"}},"clearTextFirst":true,"interactionType":"ENTER_TEXT"}]}
COMMAND: POST /session/00b8d6e8899bfbf6cc6d783774ce745e/execute/async - {"script":"<script> [1562 bytes]","args":[{"selector":{"controlType":"sap.m.Input","viewName":"etm.portal.ui.manageyards.view.New","viewId":"application-manageyards-display-component---NewYard","bindingPath":{"path":"","propertyPath":"/SALES_AREA_VTWEG","modelName":"NewYardModel"},"interaction":{"idSuffix":"inner"}},"wdio_ui5_key":"etmportal.ui.manageyards.view.Newsap.m.Input{\"path\":\"\",\"propertyPath\":\"/SALES_AREA_VTWEG\",\"modelName\":\"NewYardModel\"}"}]}
RESULT: {"script":"<script> [1562 bytes]","args":[{"selector":{"controlType":"sap.m.Input","viewName":"etm.portal.ui.manageyards.view.New","viewId":"application-manageyards-display-component---NewYard","bindingPath":{"path":"","propertyPath":"/SALES_AREA_VTWEG","modelName":"NewYardModel"},"interaction":{"idSuffix":"inner"}},"wdio_ui5_key":"etmportal.ui.manageyards.view.Newsap.m.Input{\"path\":\"\",\"propertyPath\":\"/SALES_AREA_VTWEG\",\"modelName\":\"NewYardModel\"}"}]}
RESULT: undefined
COMMAND: POST /session/00b8d6e8899bfbf6cc6d783774ce745e/execute/async - {"script":"<script> [776 bytes]","args":[{"enterText":"C2","selector":{"controlType":"sap.m.Input","viewName":"etm.portal.ui.manageyards.view.New","viewId":"application-manageyards-display-component---NewYard","bindingPath":{"path":"","propertyPath":"/SALES_AREA_VTWEG","modelName":"NewYardModel"},"interaction":{"idSuffix":"inner"}},"clearTextFirst":true,"interactionType":"ENTER_TEXT"}]}
RESULT: {"script":"<script> [776 bytes]","args":[{"enterText":"C2","selector":{"controlType":"sap.m.Input","viewName":"etm.portal.ui.manageyards.view.New","viewId":"application-manageyards-display-component---NewYard","bindingPath":{"path":"","propertyPath":"/SALES_AREA_VTWEG","modelName":"NewYardModel"},"interaction":{"idSuffix":"inner"}},"clearTextFirst":true,"interactionType":"ENTER_TEXT"}]}
COMMAND: POST /session/00b8d6e8899bfbf6cc6d783774ce745e/execute/async - {"script":"<script> [1562 bytes]","args":[{"selector":{"controlType":"sap.m.Input","viewName":"etm.portal.ui.manageyards.view.New","viewId":"application-manageyards-display-component---NewYard","bindingPath":{"path":"","propertyPath":"/SALES_AREA_SPART","modelName":"NewYardModel"},"interaction":{"idSuffix":"inner"}},"wdio_ui5_key":"etmportal.ui.manageyards.view.Newsap.m.Input{\"path\":\"\",\"propertyPath\":\"/SALES_AREA_SPART\",\"modelName\":\"NewYardModel\"}"}]}
RESULT: {"script":"<script> [1562 bytes]","args":[{"selector":{"controlType":"sap.m.Input","viewName":"etm.portal.ui.manageyards.view.New","viewId":"application-manageyards-display-component---NewYard","bindingPath":{"path":"","propertyPath":"/SALES_AREA_SPART","modelName":"NewYardModel"},"interaction":{"idSuffix":"inner"}},"wdio_ui5_key":"etmportal.ui.manageyards.view.Newsap.m.Input{\"path\":\"\",\"propertyPath\":\"/SALES_AREA_SPART\",\"modelName\":\"NewYardModel\"}"}]}
RESULT: undefined
COMMAND: POST /session/00b8d6e8899bfbf6cc6d783774ce745e/execute/async - {"script":"<script> [776 bytes]","args":[{"enterText":"C2","selector":{"controlType":"sap.m.Input","viewName":"etm.portal.ui.manageyards.view.New","viewId":"application-manageyards-display-component---NewYard","bindingPath":{"path":"","propertyPath":"/SALES_AREA_SPART","modelName":"NewYardModel"},"interaction":{"idSuffix":"inner"}},"clearTextFirst":true,"interactionType":"ENTER_TEXT"}]}
RESULT: {"script":"<script> [776 bytes]","args":[{"enterText":"C2","selector":{"controlType":"sap.m.Input","viewName":"etm.portal.ui.manageyards.view.New","viewId":"application-manageyards-display-component---NewYard","bindingPath":{"path":"","propertyPath":"/SALES_AREA_SPART","modelName":"NewYardModel"},"interaction":{"idSuffix":"inner"}},"clearTextFirst":true,"interactionType":"ENTER_TEXT"}]}
COMMAND: POST /session/00b8d6e8899bfbf6cc6d783774ce745e/execute/async - {"script":"<script> [1562 bytes]","args":[{"selector":{"controlType":"sap.m.Input","viewName":"etm.portal.ui.manageyards.view.New","viewId":"application-manageyards-display-component---NewYard","bindingPath":{"path":"","propertyPath":"/SHIP_POINT","modelName":"NewYardModel"},"interaction":{"idSuffix":"inner"}},"wdio_ui5_key":"etmportal.ui.manageyards.view.Newsap.m.Input{\"path\":\"\",\"propertyPath\":\"/SHIP_POINT\",\"modelName\":\"NewYardModel\"}"}]}
RESULT: {"script":"<script> [1562 bytes]","args":[{"selector":{"controlType":"sap.m.Input","viewName":"etm.portal.ui.manageyards.view.New","viewId":"application-manageyards-display-component---NewYard","bindingPath":{"path":"","propertyPath":"/SHIP_POINT","modelName":"NewYardModel"},"interaction":{"idSuffix":"inner"}},"wdio_ui5_key":"etmportal.ui.manageyards.view.Newsap.m.Input{\"path\":\"\",\"propertyPath\":\"/SHIP_POINT\",\"modelName\":\"NewYardModel\"}"}]}
RESULT: undefined
COMMAND: POST /session/00b8d6e8899bfbf6cc6d783774ce745e/execute/async - {"script":"<script> [776 bytes]","args":[{"enterText":"1710","selector":{"controlType":"sap.m.Input","viewName":"etm.portal.ui.manageyards.view.New","viewId":"application-manageyards-display-component---NewYard","bindingPath":{"path":"","propertyPath":"/SHIP_POINT","modelName":"NewYardModel"},"interaction":{"idSuffix":"inner"}},"clearTextFirst":true,"interactionType":"ENTER_TEXT"}]}
RESULT: {"script":"<script> [776 bytes]","args":[{"enterText":"1710","selector":{"controlType":"sap.m.Input","viewName":"etm.portal.ui.manageyards.view.New","viewId":"application-manageyards-display-component---NewYard","bindingPath":{"path":"","propertyPath":"/SHIP_POINT","modelName":"NewYardModel"},"interaction":{"idSuffix":"inner"}},"clearTextFirst":true,"interactionType":"ENTER_TEXT"}]}
COMMAND: POST /session/00b8d6e8899bfbf6cc6d783774ce745e/execute/async - {"script":"<script> [1562 bytes]","args":[{"selector":{"controlType":"sap.m.Input","viewName":"etm.portal.ui.manageyards.view.New","viewId":"application-manageyards-display-component---NewYard","bindingPath":{"path":"","propertyPath":"/DELIVERY_TYPE","modelName":"NewYardModel"},"interaction":{"idSuffix":"inner"}},"wdio_ui5_key":"etmportal.ui.manageyards.view.Newsap.m.Input{\"path\":\"\",\"propertyPath\":\"/DELIVERY_TYPE\",\"modelName\":\"NewYardModel\"}"}]}
RESULT: {"script":"<script> [1562 bytes]","args":[{"selector":{"controlType":"sap.m.Input","viewName":"etm.portal.ui.manageyards.view.New","viewId":"application-manageyards-display-component---NewYard","bindingPath":{"path":"","propertyPath":"/DELIVERY_TYPE","modelName":"NewYardModel"},"interaction":{"idSuffix":"inner"}},"wdio_ui5_key":"etmportal.ui.manageyards.view.Newsap.m.Input{\"path\":\"\",\"propertyPath\":\"/DELIVERY_TYPE\",\"modelName\":\"NewYardModel\"}"}]}
RESULT: undefined
COMMAND: POST /session/00b8d6e8899bfbf6cc6d783774ce745e/execute/async - {"script":"<script> [776 bytes]","args":[{"enterText":"ZL01","selector":{"controlType":"sap.m.Input","viewName":"etm.portal.ui.manageyards.view.New","viewId":"application-manageyards-display-component---NewYard","bindingPath":{"path":"","propertyPath":"/DELIVERY_TYPE","modelName":"NewYardModel"},"interaction":{"idSuffix":"inner"}},"clearTextFirst":true,"interactionType":"ENTER_TEXT"}]}
RESULT: {"script":"<script> [776 bytes]","args":[{"enterText":"ZL01","selector":{"controlType":"sap.m.Input","viewName":"etm.portal.ui.manageyards.view.New","viewId":"application-manageyards-display-component---NewYard","bindingPath":{"path":"","propertyPath":"/DELIVERY_TYPE","modelName":"NewYardModel"},"interaction":{"idSuffix":"inner"}},"clearTextFirst":true,"interactionType":"ENTER_TEXT"}]}
COMMAND: POST /session/00b8d6e8899bfbf6cc6d783774ce745e/execute/async - {"script":"<script> [1562 bytes]","args":[{"selector":{"controlType":"sap.m.Input","viewName":"etm.portal.ui.manageyards.view.New","viewId":"application-manageyards-display-component---NewYard","bindingPath":{"path":"","propertyPath":"/AUART","modelName":"NewYardModel"},"interaction":{"idSuffix":"inner"}},"wdio_ui5_key":"etmportal.ui.manageyards.view.Newsap.m.Input{\"path\":\"\",\"propertyPath\":\"/AUART\",\"modelName\":\"NewYardModel\"}"}]}
RESULT: {"script":"<script> [1562 bytes]","args":[{"selector":{"controlType":"sap.m.Input","viewName":"etm.portal.ui.manageyards.view.New","viewId":"application-manageyards-display-component---NewYard","bindingPath":{"path":"","propertyPath":"/AUART","modelName":"NewYardModel"},"interaction":{"idSuffix":"inner"}},"wdio_ui5_key":"etmportal.ui.manageyards.view.Newsap.m.Input{\"path\":\"\",\"propertyPath\":\"/AUART\",\"modelName\":\"NewYardModel\"}"}]}
RESULT: undefined
COMMAND: POST /session/00b8d6e8899bfbf6cc6d783774ce745e/execute/async - {"script":"<script> [776 bytes]","args":[{"enterText":"TA","selector":{"controlType":"sap.m.Input","viewName":"etm.portal.ui.manageyards.view.New","viewId":"application-manageyards-display-component---NewYard","bindingPath":{"path":"","propertyPath":"/AUART","modelName":"NewYardModel"},"interaction":{"idSuffix":"inner"}},"clearTextFirst":true,"interactionType":"ENTER_TEXT"}]}
RESULT: {"script":"<script> [776 bytes]","args":[{"enterText":"TA","selector":{"controlType":"sap.m.Input","viewName":"etm.portal.ui.manageyards.view.New","viewId":"application-manageyards-display-component---NewYard","bindingPath":{"path":"","propertyPath":"/AUART","modelName":"NewYardModel"},"interaction":{"idSuffix":"inner"}},"clearTextFirst":true,"interactionType":"ENTER_TEXT"}]}
COMMAND: POST /session/00b8d6e8899bfbf6cc6d783774ce745e/element - {"using":"xpath","value":"//button[@data-kt=\"newYardSaveButton\"]"}
RESULT: {"using":"xpath","value":"//button[@data-kt=\"newYardSaveButton\"]"}
COMMAND: POST /session/00b8d6e8899bfbf6cc6d783774ce745e/element/f.4E1637E628C3A2EF64D95C6C0224F564.d.265E29EE209F9C606966A758A5F03999.e.683/click - {}
RESULT: {}
COMMAND: GET /session/00b8d6e8899bfbf6cc6d783774ce745e/screenshot - {}
RESULT: {}
COMMAND: POST /session/00b8d6e8899bfbf6cc6d783774ce745e/element - {"using":"xpath","value":"//header[contains(@id, 'ObjectPageLayout-headerTitle')]/div[1]/div[2]/div[1]/span[1]"}
RESULT: {"using":"xpath","value":"//header[contains(@id, 'ObjectPageLayout-headerTitle')]/div[1]/div[2]/div[1]/span[1]"}
COMMAND: POST /session/00b8d6e8899bfbf6cc6d783774ce745e/elements - {"using":"xpath","value":"//header[contains(@id, 'ObjectPageLayout-headerTitle')]/div[1]/div[2]/div[1]/span[1]"}
RESULT: {"using":"xpath","value":"//header[contains(@id, 'ObjectPageLayout-headerTitle')]/div[1]/div[2]/div[1]/span[1]"}
COMMAND: POST /session/00b8d6e8899bfbf6cc6d783774ce745e/execute/sync - {"script":"<script> [56 bytes]","args":[{"element-6066-11e4-a52e-4f735466cecf":"f.4E1637E628C3A2EF64D95C6C0224F564.d.265E29EE209F9C606966A758A5F03999.e.1014","ELEMENT":"f.4E1637E628C3A2EF64D95C6C0224F564.d.265E29EE209F9C606966A758A5F03999.e.1014"}]}
RESULT: {"script":"<script> [56 bytes]","args":[{"element-6066-11e4-a52e-4f735466cecf":"f.4E1637E628C3A2EF64D95C6C0224F564.d.265E29EE209F9C606966A758A5F03999.e.1014","ELEMENT":"f.4E1637E628C3A2EF64D95C6C0224F564.d.265E29EE209F9C606966A758A5F03999.e.1014"}]}
COMMAND: GET /session/00b8d6e8899bfbf6cc6d783774ce745e/screenshot - {}
RESULT: {}
COMMAND: POST /session/00b8d6e8899bfbf6cc6d783774ce745e/element - {"using":"css selector","value":"#shell-header-logo"}
RESULT: {"using":"css selector","value":"#shell-header-logo"}
COMMAND: POST /session/00b8d6e8899bfbf6cc6d783774ce745e/element/f.4E1637E628C3A2EF64D95C6C0224F564.d.265E29EE209F9C606966A758A5F03999.e.259/click - {}
RESULT: {}
COMMAND: GET /session/00b8d6e8899bfbf6cc6d783774ce745e/screenshot - {}
RESULT: {}
COMMAND: POST /session/00b8d6e8899bfbf6cc6d783774ce745e/execute/sync - {"script":"<script> [299 bytes]","args":[["getModel","getResource"]]}
RESULT: {"script":"<script> [299 bytes]","args":[["getModel","getResource"]]}
COMMAND: GET /session/00b8d6e8899bfbf6cc6d783774ce745e/screenshot - {}
]]></system-out>
    </testcase>
    <testcase classname="chrome.136_0_7103_93.windows.Create_condition_pricing_US117289_US134625" name="Should create a new equipment used for all following tests" time="144.748">
      <system-out><![CDATA[
COMMAND: POST /session/00b8d6e8899bfbf6cc6d783774ce745e/execute/async - {"script":"<script> [1562 bytes]","args":[{"selector":{"controlType":"sap.m.GenericTile","properties":{"header":"Manage Resources"}},"wdio_ui5_key":"sapm.GenericTile{\"header\":\"Manage Resources\"}"}]}
RESULT: {}
RESULT: {"script":"<script> [1562 bytes]","args":[{"selector":{"controlType":"sap.m.GenericTile","properties":{"header":"Manage Resources"}},"wdio_ui5_key":"sapm.GenericTile{\"header\":\"Manage Resources\"}"}]}
RESULT: undefined
COMMAND: POST /session/00b8d6e8899bfbf6cc6d783774ce745e/element - {"using":"xpath","value":"//*[@id=\"__tile39\"]"}
RESULT: {"using":"xpath","value":"//*[@id=\"__tile39\"]"}
COMMAND: POST /session/00b8d6e8899bfbf6cc6d783774ce745e/element/f.4E1637E628C3A2EF64D95C6C0224F564.d.265E29EE209F9C606966A758A5F03999.e.145/click - {}
RESULT: {}
COMMAND: GET /session/00b8d6e8899bfbf6cc6d783774ce745e/screenshot - {}
RESULT: {}
COMMAND: POST /session/00b8d6e8899bfbf6cc6d783774ce745e/elements - {"using":"xpath","value":"//span[text()='Error']"}
RESULT: {"using":"xpath","value":"//span[text()='Error']"}
COMMAND: POST /session/00b8d6e8899bfbf6cc6d783774ce745e/element - {"using":"xpath","value":"//button[@data-kt=\"addNewRUOverflowToolbarButton\"]"}
RESULT: {"using":"xpath","value":"//button[@data-kt=\"addNewRUOverflowToolbarButton\"]"}
COMMAND: POST /session/00b8d6e8899bfbf6cc6d783774ce745e/elements - {"using":"xpath","value":"//button[@data-kt=\"addNewRUOverflowToolbarButton\"]"}
RESULT: {"using":"xpath","value":"//button[@data-kt=\"addNewRUOverflowToolbarButton\"]"}
COMMAND: POST /session/00b8d6e8899bfbf6cc6d783774ce745e/elements - {"using":"xpath","value":"//button[@data-kt=\"addNewRUOverflowToolbarButton\"]"}
RESULT: {"using":"xpath","value":"//button[@data-kt=\"addNewRUOverflowToolbarButton\"]"}
COMMAND: POST /session/00b8d6e8899bfbf6cc6d783774ce745e/elements - {"using":"xpath","value":"//button[@data-kt=\"addNewRUOverflowToolbarButton\"]"}
RESULT: {"using":"xpath","value":"//button[@data-kt=\"addNewRUOverflowToolbarButton\"]"}
COMMAND: POST /session/00b8d6e8899bfbf6cc6d783774ce745e/elements - {"using":"xpath","value":"//button[@data-kt=\"addNewRUOverflowToolbarButton\"]"}
RESULT: {"using":"xpath","value":"//button[@data-kt=\"addNewRUOverflowToolbarButton\"]"}
COMMAND: POST /session/00b8d6e8899bfbf6cc6d783774ce745e/elements - {"using":"xpath","value":"//button[@data-kt=\"addNewRUOverflowToolbarButton\"]"}
RESULT: {"using":"xpath","value":"//button[@data-kt=\"addNewRUOverflowToolbarButton\"]"}
COMMAND: POST /session/00b8d6e8899bfbf6cc6d783774ce745e/element - {"using":"xpath","value":"//button[@data-kt=\"addNewRUOverflowToolbarButton\"]"}
RESULT: {"using":"xpath","value":"//button[@data-kt=\"addNewRUOverflowToolbarButton\"]"}
COMMAND: POST /session/00b8d6e8899bfbf6cc6d783774ce745e/execute/sync - {"script":"<script> [8489 bytes]","args":[{"element-6066-11e4-a52e-4f735466cecf":"f.4E1637E628C3A2EF64D95C6C0224F564.d.265E29EE209F9C606966A758A5F03999.e.1056","ELEMENT":"f.4E1637E628C3A2EF64D95C6C0224F564.d.265E29EE209F9C606966A758A5F03999.e.1056"}]}
RESULT: {"script":"<script> [8489 bytes]","args":[{"element-6066-11e4-a52e-4f735466cecf":"f.4E1637E628C3A2EF64D95C6C0224F564.d.265E29EE209F9C606966A758A5F03999.e.1056","ELEMENT":"f.4E1637E628C3A2EF64D95C6C0224F564.d.265E29EE209F9C606966A758A5F03999.e.1056"}]}
COMMAND: GET /session/00b8d6e8899bfbf6cc6d783774ce745e/element/f.4E1637E628C3A2EF64D95C6C0224F564.d.265E29EE209F9C606966A758A5F03999.e.1056/enabled - {}
COMMAND: GET /session/00b8d6e8899bfbf6cc6d783774ce745e/screenshot - {}
RESULT: {}
COMMAND: POST /session/00b8d6e8899bfbf6cc6d783774ce745e/execute/sync - {"script":"<script> [8489 bytes]","args":[{"element-6066-11e4-a52e-4f735466cecf":"f.4E1637E628C3A2EF64D95C6C0224F564.d.265E29EE209F9C606966A758A5F03999.e.1056","ELEMENT":"f.4E1637E628C3A2EF64D95C6C0224F564.d.265E29EE209F9C606966A758A5F03999.e.1056"}]}
COMMAND: GET /session/00b8d6e8899bfbf6cc6d783774ce745e/screenshot - {}
RESULT: {}
RESULT: {"script":"<script> [8489 bytes]","args":[{"element-6066-11e4-a52e-4f735466cecf":"f.4E1637E628C3A2EF64D95C6C0224F564.d.265E29EE209F9C606966A758A5F03999.e.1056","ELEMENT":"f.4E1637E628C3A2EF64D95C6C0224F564.d.265E29EE209F9C606966A758A5F03999.e.1056"}]}
COMMAND: POST /session/00b8d6e8899bfbf6cc6d783774ce745e/execute/sync - {"script":"<script> [5351 bytes]","args":[{"element-6066-11e4-a52e-4f735466cecf":"f.4E1637E628C3A2EF64D95C6C0224F564.d.265E29EE209F9C606966A758A5F03999.e.1056","ELEMENT":"f.4E1637E628C3A2EF64D95C6C0224F564.d.265E29EE209F9C606966A758A5F03999.e.1056"}]}
COMMAND: GET /session/00b8d6e8899bfbf6cc6d783774ce745e/screenshot - {}
RESULT: {}
RESULT: {"script":"<script> [5351 bytes]","args":[{"element-6066-11e4-a52e-4f735466cecf":"f.4E1637E628C3A2EF64D95C6C0224F564.d.265E29EE209F9C606966A758A5F03999.e.1056","ELEMENT":"f.4E1637E628C3A2EF64D95C6C0224F564.d.265E29EE209F9C606966A758A5F03999.e.1056"}]}
COMMAND: POST /session/00b8d6e8899bfbf6cc6d783774ce745e/element/f.4E1637E628C3A2EF64D95C6C0224F564.d.265E29EE209F9C606966A758A5F03999.e.1056/click - {}
COMMAND: GET /session/00b8d6e8899bfbf6cc6d783774ce745e/screenshot - {}
RESULT: {}
RESULT: {}
COMMAND: GET /session/00b8d6e8899bfbf6cc6d783774ce745e/screenshot - {}
RESULT: {}
COMMAND: POST /session/00b8d6e8899bfbf6cc6d783774ce745e/execute/async - {"script":"<script> [1562 bytes]","args":[{"selector":{"id":"application-manageresources-display-component---newResourceUnit--TYPE-arrow"},"wdio_ui5_key":"applicationmanageresources-display-component---newResourceUnit--TYPE-arrow"}]}
RESULT: {}
RESULT: {"script":"<script> [1562 bytes]","args":[{"selector":{"id":"application-manageresources-display-component---newResourceUnit--TYPE-arrow"},"wdio_ui5_key":"applicationmanageresources-display-component---newResourceUnit--TYPE-arrow"}]}
RESULT: undefined
COMMAND: POST /session/00b8d6e8899bfbf6cc6d783774ce745e/element - {"using":"xpath","value":"//*[@id=\"application-manageresources-display-component---newResourceUnit--TYPE-arrow\"]"}
RESULT: {"using":"xpath","value":"//*[@id=\"application-manageresources-display-component---newResourceUnit--TYPE-arrow\"]"}
COMMAND: POST /session/00b8d6e8899bfbf6cc6d783774ce745e/element/f.4E1637E628C3A2EF64D95C6C0224F564.d.265E29EE209F9C606966A758A5F03999.e.1403/click - {}
RESULT: {}
COMMAND: POST /session/00b8d6e8899bfbf6cc6d783774ce745e/element - {"using":"xpath","value":"//input[@id=\"application-manageresources-display-component---newResourceUnit--TYPE-inner\"]"}
COMMAND: GET /session/00b8d6e8899bfbf6cc6d783774ce745e/screenshot - {}
RESULT: {"using":"xpath","value":"//input[@id=\"application-manageresources-display-component---newResourceUnit--TYPE-inner\"]"}
COMMAND: POST /session/00b8d6e8899bfbf6cc6d783774ce745e/element/f.4E1637E628C3A2EF64D95C6C0224F564.d.265E29EE209F9C606966A758A5F03999.e.1396/clear - {}
RESULT: {}
RESULT: {}
COMMAND: POST /session/00b8d6e8899bfbf6cc6d783774ce745e/element/f.4E1637E628C3A2EF64D95C6C0224F564.d.265E29EE209F9C606966A758A5F03999.e.1396/value - {"text":"Equipment"}
COMMAND: GET /session/00b8d6e8899bfbf6cc6d783774ce745e/screenshot - {}
RESULT: {"text":"Equipment"}
COMMAND: GET /session/00b8d6e8899bfbf6cc6d783774ce745e/screenshot - {}
RESULT: {}
RESULT: {}
COMMAND: POST /session/00b8d6e8899bfbf6cc6d783774ce745e/actions - {"actions":[{"id":"action2","type":"key","parameters":{},"actions":[{"type":"keyDown","value":"î€‡"},{"type":"pause","duration":10},{"type":"keyUp","value":"î€‡"}]}]}
RESULT: {"actions":[{"id":"action2","type":"key","parameters":{},"actions":[{"type":"keyDown","value":"î€‡"},{"type":"pause","duration":10},{"type":"keyUp","value":"î€‡"}]}]}
COMMAND: POST /session/00b8d6e8899bfbf6cc6d783774ce745e/execute/async - {"script":"<script> [1562 bytes]","args":[{"selector":{"id":"application-manageresources-display-component---newResourceUnit--resourceId","interaction":{"idSuffix":"inner"}},"wdio_ui5_key":"applicationmanageresources-display-component---newResourceUnit--resourceId"}]}
COMMAND: GET /session/00b8d6e8899bfbf6cc6d783774ce745e/screenshot - {}
RESULT: {"script":"<script> [1562 bytes]","args":[{"selector":{"id":"application-manageresources-display-component---newResourceUnit--resourceId","interaction":{"idSuffix":"inner"}},"wdio_ui5_key":"applicationmanageresources-display-component---newResourceUnit--resourceId"}]}
RESULT: undefined
COMMAND: POST /session/00b8d6e8899bfbf6cc6d783774ce745e/execute/async - {"script":"<script> [776 bytes]","args":[{"enterText":"AiJx39TYru","selector":{"id":"application-manageresources-display-component---newResourceUnit--resourceId","interaction":{"idSuffix":"inner"}},"clearTextFirst":true,"interactionType":"ENTER_TEXT"}]}
RESULT: {}
RESULT: {"script":"<script> [776 bytes]","args":[{"enterText":"AiJx39TYru","selector":{"id":"application-manageresources-display-component---newResourceUnit--resourceId","interaction":{"idSuffix":"inner"}},"clearTextFirst":true,"interactionType":"ENTER_TEXT"}]}
COMMAND: POST /session/00b8d6e8899bfbf6cc6d783774ce745e/execute/async - {"script":"<script> [1562 bytes]","args":[{"selector":{"id":"application-manageresources-display-component---newResourceUnit--SHORT_TEXT","interaction":{"idSuffix":"inner"}},"wdio_ui5_key":"applicationmanageresources-display-component---newResourceUnit--SHORT_TEXT"}]}
RESULT: {"script":"<script> [1562 bytes]","args":[{"selector":{"id":"application-manageresources-display-component---newResourceUnit--SHORT_TEXT","interaction":{"idSuffix":"inner"}},"wdio_ui5_key":"applicationmanageresources-display-component---newResourceUnit--SHORT_TEXT"}]}
RESULT: undefined
COMMAND: POST /session/00b8d6e8899bfbf6cc6d783774ce745e/execute/async - {"script":"<script> [776 bytes]","args":[{"enterText":"Intercompany Equipment WDIO","selector":{"id":"application-manageresources-display-component---newResourceUnit--SHORT_TEXT","interaction":{"idSuffix":"inner"}},"clearTextFirst":true,"interactionType":"ENTER_TEXT"}]}
RESULT: {"script":"<script> [776 bytes]","args":[{"enterText":"Intercompany Equipment WDIO","selector":{"id":"application-manageresources-display-component---newResourceUnit--SHORT_TEXT","interaction":{"idSuffix":"inner"}},"clearTextFirst":true,"interactionType":"ENTER_TEXT"}]}
COMMAND: POST /session/00b8d6e8899bfbf6cc6d783774ce745e/execute/async - {"script":"<script> [1562 bytes]","args":[{"selector":{"id":"application-manageresources-display-component---newResourceUnit--BASE_UNIT_OF_MEASURE","interaction":{"idSuffix":"inner"}},"wdio_ui5_key":"applicationmanageresources-display-component---newResourceUnit--BASE_UNIT_OF_MEASURE"}]}
RESULT: {"script":"<script> [1562 bytes]","args":[{"selector":{"id":"application-manageresources-display-component---newResourceUnit--BASE_UNIT_OF_MEASURE","interaction":{"idSuffix":"inner"}},"wdio_ui5_key":"applicationmanageresources-display-component---newResourceUnit--BASE_UNIT_OF_MEASURE"}]}
RESULT: undefined
COMMAND: POST /session/00b8d6e8899bfbf6cc6d783774ce745e/execute/async - {"script":"<script> [776 bytes]","args":[{"enterText":"Piece","selector":{"id":"application-manageresources-display-component---newResourceUnit--BASE_UNIT_OF_MEASURE","interaction":{"idSuffix":"inner"}},"clearTextFirst":true,"interactionType":"ENTER_TEXT"}]}
RESULT: {"script":"<script> [776 bytes]","args":[{"enterText":"Piece","selector":{"id":"application-manageresources-display-component---newResourceUnit--BASE_UNIT_OF_MEASURE","interaction":{"idSuffix":"inner"}},"clearTextFirst":true,"interactionType":"ENTER_TEXT"}]}
COMMAND: POST /session/00b8d6e8899bfbf6cc6d783774ce745e/execute/async - {"script":"<script> [1562 bytes]","args":[{"selector":{"id":"application-manageresources-display-component---newResourceUnit--WEIGHT_UNIT","interaction":{"idSuffix":"inner"}},"wdio_ui5_key":"applicationmanageresources-display-component---newResourceUnit--WEIGHT_UNIT"}]}
RESULT: {"script":"<script> [1562 bytes]","args":[{"selector":{"id":"application-manageresources-display-component---newResourceUnit--WEIGHT_UNIT","interaction":{"idSuffix":"inner"}},"wdio_ui5_key":"applicationmanageresources-display-component---newResourceUnit--WEIGHT_UNIT"}]}
RESULT: undefined
COMMAND: POST /session/00b8d6e8899bfbf6cc6d783774ce745e/execute/async - {"script":"<script> [776 bytes]","args":[{"enterText":"Gram","selector":{"id":"application-manageresources-display-component---newResourceUnit--WEIGHT_UNIT","interaction":{"idSuffix":"inner"}},"clearTextFirst":true,"interactionType":"ENTER_TEXT"}]}
RESULT: {"script":"<script> [776 bytes]","args":[{"enterText":"Gram","selector":{"id":"application-manageresources-display-component---newResourceUnit--WEIGHT_UNIT","interaction":{"idSuffix":"inner"}},"clearTextFirst":true,"interactionType":"ENTER_TEXT"}]}
COMMAND: POST /session/00b8d6e8899bfbf6cc6d783774ce745e/execute/async - {"script":"<script> [1562 bytes]","args":[{"selector":{"id":"application-manageresources-display-component---newResourceUnit--DIMENSION_UNIT","interaction":{"idSuffix":"inner"}},"wdio_ui5_key":"applicationmanageresources-display-component---newResourceUnit--DIMENSION_UNIT"}]}
RESULT: {"script":"<script> [1562 bytes]","args":[{"selector":{"id":"application-manageresources-display-component---newResourceUnit--DIMENSION_UNIT","interaction":{"idSuffix":"inner"}},"wdio_ui5_key":"applicationmanageresources-display-component---newResourceUnit--DIMENSION_UNIT"}]}
RESULT: undefined
COMMAND: POST /session/00b8d6e8899bfbf6cc6d783774ce745e/execute/async - {"script":"<script> [776 bytes]","args":[{"enterText":"Meter","selector":{"id":"application-manageresources-display-component---newResourceUnit--DIMENSION_UNIT","interaction":{"idSuffix":"inner"}},"clearTextFirst":true,"interactionType":"ENTER_TEXT"}]}
RESULT: {"script":"<script> [776 bytes]","args":[{"enterText":"Meter","selector":{"id":"application-manageresources-display-component---newResourceUnit--DIMENSION_UNIT","interaction":{"idSuffix":"inner"}},"clearTextFirst":true,"interactionType":"ENTER_TEXT"}]}
COMMAND: POST /session/00b8d6e8899bfbf6cc6d783774ce745e/execute/async - {"script":"<script> [1562 bytes]","args":[{"selector":{"id":"application-manageresources-display-component---newResourceUnit--newRRUPage-anchBar-application-manageresources-display-component---newResourceUnit--control-anchor","interaction":{"idSuffix":"BDI-content"}},"wdio_ui5_key":"applicationmanageresources-display-component---newResourceUnit--newRRUPage-anchBar-application-manageresources-display-component---newResourceUnit--control-anchor"}]}
RESULT: {"script":"<script> [1562 bytes]","args":[{"selector":{"id":"application-manageresources-display-component---newResourceUnit--newRRUPage-anchBar-application-manageresources-display-component---newResourceUnit--control-anchor","interaction":{"idSuffix":"BDI-content"}},"wdio_ui5_key":"applicationmanageresources-display-component---newResourceUnit--newRRUPage-anchBar-application-manageresources-display-component---newResourceUnit--control-anchor"}]}
RESULT: undefined
COMMAND: POST /session/00b8d6e8899bfbf6cc6d783774ce745e/element - {"using":"xpath","value":"//*[@id=\"application-manageresources-display-component---newResourceUnit--newRRUPage-anchBar-application-manageresources-display-component---newResourceUnit--control-anchor\"]"}
RESULT: {"using":"xpath","value":"//*[@id=\"application-manageresources-display-component---newResourceUnit--newRRUPage-anchBar-application-manageresources-display-component---newResourceUnit--control-anchor\"]"}
COMMAND: POST /session/00b8d6e8899bfbf6cc6d783774ce745e/element/f.4E1637E628C3A2EF64D95C6C0224F564.d.265E29EE209F9C606966A758A5F03999.e.1534/click - {}
RESULT: {}
COMMAND: POST /session/00b8d6e8899bfbf6cc6d783774ce745e/execute/async - {"script":"<script> [1562 bytes]","args":[{"selector":{"id":"application-manageresources-display-component---newResourceUnit--PLANNING_GROUP","interaction":{"idSuffix":"inner"}},"wdio_ui5_key":"applicationmanageresources-display-component---newResourceUnit--PLANNING_GROUP"}]}
COMMAND: GET /session/00b8d6e8899bfbf6cc6d783774ce745e/screenshot - {}
RESULT: {"script":"<script> [1562 bytes]","args":[{"selector":{"id":"application-manageresources-display-component---newResourceUnit--PLANNING_GROUP","interaction":{"idSuffix":"inner"}},"wdio_ui5_key":"applicationmanageresources-display-component---newResourceUnit--PLANNING_GROUP"}]}
RESULT: undefined
COMMAND: POST /session/00b8d6e8899bfbf6cc6d783774ce745e/execute/async - {"script":"<script> [776 bytes]","args":[{"enterText":"Heavy Equi","selector":{"id":"application-manageresources-display-component---newResourceUnit--PLANNING_GROUP","interaction":{"idSuffix":"inner"}},"clearTextFirst":true,"interactionType":"ENTER_TEXT"}]}
RESULT: {}
RESULT: {"script":"<script> [776 bytes]","args":[{"enterText":"Heavy Equi","selector":{"id":"application-manageresources-display-component---newResourceUnit--PLANNING_GROUP","interaction":{"idSuffix":"inner"}},"clearTextFirst":true,"interactionType":"ENTER_TEXT"}]}
COMMAND: POST /session/00b8d6e8899bfbf6cc6d783774ce745e/execute/async - {"script":"<script> [1562 bytes]","args":[{"selector":{"id":"application-manageresources-display-component---newResourceUnit--ITEM_TYPE-arrow"},"wdio_ui5_key":"applicationmanageresources-display-component---newResourceUnit--ITEM_TYPE-arrow"}]}
RESULT: {"script":"<script> [1562 bytes]","args":[{"selector":{"id":"application-manageresources-display-component---newResourceUnit--ITEM_TYPE-arrow"},"wdio_ui5_key":"applicationmanageresources-display-component---newResourceUnit--ITEM_TYPE-arrow"}]}
RESULT: undefined
COMMAND: POST /session/00b8d6e8899bfbf6cc6d783774ce745e/element - {"using":"xpath","value":"//*[@id=\"application-manageresources-display-component---newResourceUnit--ITEM_TYPE-arrow\"]"}
RESULT: {"using":"xpath","value":"//*[@id=\"application-manageresources-display-component---newResourceUnit--ITEM_TYPE-arrow\"]"}
COMMAND: POST /session/00b8d6e8899bfbf6cc6d783774ce745e/element/f.4E1637E628C3A2EF64D95C6C0224F564.d.265E29EE209F9C606966A758A5F03999.e.1541/click - {}
RESULT: {}
COMMAND: POST /session/00b8d6e8899bfbf6cc6d783774ce745e/element - {"using":"xpath","value":"(//span[contains(text(), \"Resource Unit\")])[2]"}
COMMAND: GET /session/00b8d6e8899bfbf6cc6d783774ce745e/screenshot - {}
RESULT: {"using":"xpath","value":"(//span[contains(text(), \"Resource Unit\")])[2]"}
COMMAND: POST /session/00b8d6e8899bfbf6cc6d783774ce745e/element/f.4E1637E628C3A2EF64D95C6C0224F564.d.265E29EE209F9C606966A758A5F03999.e.1542/click - {}
RESULT: {}
RESULT: {}
COMMAND: GET /session/00b8d6e8899bfbf6cc6d783774ce745e/screenshot - {}
RESULT: {}
COMMAND: POST /session/00b8d6e8899bfbf6cc6d783774ce745e/element - {"using":"css selector","value":"#application-manageresources-display-component---newResourceUnit--btnAddTimeSegment"}
RESULT: {"using":"css selector","value":"#application-manageresources-display-component---newResourceUnit--btnAddTimeSegment"}
COMMAND: GET /session/00b8d6e8899bfbf6cc6d783774ce745e/element/f.4E1637E628C3A2EF64D95C6C0224F564.d.265E29EE209F9C606966A758A5F03999.e.1543/rect - {}
RESULT: {}
COMMAND: GET /session/00b8d6e8899bfbf6cc6d783774ce745e/window/rect - {}
RESULT: {}
COMMAND: POST /session/00b8d6e8899bfbf6cc6d783774ce745e/execute/sync - {"script":"<script> [92 bytes]","args":[]}
RESULT: {"script":"<script> [92 bytes]","args":[]}
COMMAND: POST /session/00b8d6e8899bfbf6cc6d783774ce745e/actions - {"actions":[{"id":"action3","type":"wheel","parameters":{},"actions":[{"type":"scroll","x":-1888,"y":-32,"deltaX":0,"deltaY":0,"duration":0,"origin":{"element-6066-11e4-a52e-4f735466cecf":"f.4E1637E628C3A2EF64D95C6C0224F564.d.265E29EE209F9C606966A758A5F03999.e.1543"}}]}]}
COMMAND: GET /session/00b8d6e8899bfbf6cc6d783774ce745e/screenshot - {}
RESULT: {}
COMMAND: POST /session/00b8d6e8899bfbf6cc6d783774ce745e/execute/sync - {"script":"<script> [79 bytes]","args":[{"element-6066-11e4-a52e-4f735466cecf":"f.4E1637E628C3A2EF64D95C6C0224F564.d.265E29EE209F9C606966A758A5F03999.e.1543","ELEMENT":"f.4E1637E628C3A2EF64D95C6C0224F564.d.265E29EE209F9C606966A758A5F03999.e.1543"},{"block":"start","inline":"nearest"}]}
RESULT: {"script":"<script> [79 bytes]","args":[{"element-6066-11e4-a52e-4f735466cecf":"f.4E1637E628C3A2EF64D95C6C0224F564.d.265E29EE209F9C606966A758A5F03999.e.1543","ELEMENT":"f.4E1637E628C3A2EF64D95C6C0224F564.d.265E29EE209F9C606966A758A5F03999.e.1543"},{"block":"start","inline":"nearest"}]}
COMMAND: POST /session/00b8d6e8899bfbf6cc6d783774ce745e/execute/async - {"script":"<script> [1562 bytes]","args":[{"selector":{"id":"application-manageresources-display-component---newResourceUnit--btnAddTimeSegment","interaction":{"idSuffix":"inner"}},"wdio_ui5_key":"applicationmanageresources-display-component---newResourceUnit--btnAddTimeSegment"}]}
COMMAND: GET /session/00b8d6e8899bfbf6cc6d783774ce745e/screenshot - {}
RESULT: {"script":"<script> [1562 bytes]","args":[{"selector":{"id":"application-manageresources-display-component---newResourceUnit--btnAddTimeSegment","interaction":{"idSuffix":"inner"}},"wdio_ui5_key":"applicationmanageresources-display-component---newResourceUnit--btnAddTimeSegment"}]}
RESULT: undefined
COMMAND: POST /session/00b8d6e8899bfbf6cc6d783774ce745e/element - {"using":"xpath","value":"//*[@id=\"application-manageresources-display-component---newResourceUnit--btnAddTimeSegment\"]"}
RESULT: {}
RESULT: {"using":"xpath","value":"//*[@id=\"application-manageresources-display-component---newResourceUnit--btnAddTimeSegment\"]"}
COMMAND: POST /session/00b8d6e8899bfbf6cc6d783774ce745e/element/f.4E1637E628C3A2EF64D95C6C0224F564.d.265E29EE209F9C606966A758A5F03999.e.1543/click - {}
RESULT: {}
COMMAND: GET /session/00b8d6e8899bfbf6cc6d783774ce745e/screenshot - {}
RESULT: {}
COMMAND: POST /session/00b8d6e8899bfbf6cc6d783774ce745e/element - {"using":"xpath","value":"//input[@id=\"application-manageresources-display-component---newResourceUnit--idRuTSAdmin-application-manageresources-display-component---newResourceUnit--RUTimeSegment-0-inner\"]"}
RESULT: {"using":"xpath","value":"//input[@id=\"application-manageresources-display-component---newResourceUnit--idRuTSAdmin-application-manageresources-display-component---newResourceUnit--RUTimeSegment-0-inner\"]"}
COMMAND: POST /session/00b8d6e8899bfbf6cc6d783774ce745e/element/f.4E1637E628C3A2EF64D95C6C0224F564.d.265E29EE209F9C606966A758A5F03999.e.1549/clear - {}
RESULT: {}
COMMAND: POST /session/00b8d6e8899bfbf6cc6d783774ce745e/element/f.4E1637E628C3A2EF64D95C6C0224F564.d.265E29EE209F9C606966A758A5F03999.e.1549/value - {"text":"477"}
COMMAND: GET /session/00b8d6e8899bfbf6cc6d783774ce745e/screenshot - {}
RESULT: {"text":"477"}
COMMAND: GET /session/00b8d6e8899bfbf6cc6d783774ce745e/screenshot - {}
RESULT: {}
RESULT: {}
COMMAND: POST /session/00b8d6e8899bfbf6cc6d783774ce745e/element - {"using":"xpath","value":"//li[.//span[text()='477']]"}
RESULT: {"using":"xpath","value":"//li[.//span[text()='477']]"}
COMMAND: POST /session/00b8d6e8899bfbf6cc6d783774ce745e/element/f.4E1637E628C3A2EF64D95C6C0224F564.d.265E29EE209F9C606966A758A5F03999.e.1561/click - {}
RESULT: {}
COMMAND: GET /session/00b8d6e8899bfbf6cc6d783774ce745e/screenshot - {}
RESULT: {}
COMMAND: POST /session/00b8d6e8899bfbf6cc6d783774ce745e/element - {"using":"xpath","value":"(//span[contains(@id, \"-application-manageresources-display-component---newResourceUnit--RUTimeSegment-0-arrow\")])[6]"}
RESULT: {"using":"xpath","value":"(//span[contains(@id, \"-application-manageresources-display-component---newResourceUnit--RUTimeSegment-0-arrow\")])[6]"}
COMMAND: POST /session/00b8d6e8899bfbf6cc6d783774ce745e/element/f.4E1637E628C3A2EF64D95C6C0224F564.d.265E29EE209F9C606966A758A5F03999.e.1562/click - {}
RESULT: {}
COMMAND: GET /session/00b8d6e8899bfbf6cc6d783774ce745e/screenshot - {}
RESULT: {}
COMMAND: POST /session/00b8d6e8899bfbf6cc6d783774ce745e/element - {"using":"xpath","value":"//span[contains(text(), \"PM Order\")]"}
RESULT: {"using":"xpath","value":"//span[contains(text(), \"PM Order\")]"}
COMMAND: POST /session/00b8d6e8899bfbf6cc6d783774ce745e/element/f.4E1637E628C3A2EF64D95C6C0224F564.d.265E29EE209F9C606966A758A5F03999.e.1565/click - {}
RESULT: {}
COMMAND: GET /session/00b8d6e8899bfbf6cc6d783774ce745e/screenshot - {}
RESULT: {}
COMMAND: POST /session/00b8d6e8899bfbf6cc6d783774ce745e/element - {"using":"xpath","value":"(//span[contains(@id ,\"manageresources-display-component---newResourceUnit--RUTimeSegment-0-vhi\")])[1]"}
RESULT: {"using":"xpath","value":"(//span[contains(@id ,\"manageresources-display-component---newResourceUnit--RUTimeSegment-0-vhi\")])[1]"}
COMMAND: GET /session/00b8d6e8899bfbf6cc6d783774ce745e/element/f.4E1637E628C3A2EF64D95C6C0224F564.d.265E29EE209F9C606966A758A5F03999.e.1569/rect - {}
RESULT: {}
COMMAND: GET /session/00b8d6e8899bfbf6cc6d783774ce745e/window/rect - {}
RESULT: {}
COMMAND: POST /session/00b8d6e8899bfbf6cc6d783774ce745e/execute/sync - {"script":"<script> [92 bytes]","args":[]}
RESULT: {"script":"<script> [92 bytes]","args":[]}
COMMAND: POST /session/00b8d6e8899bfbf6cc6d783774ce745e/actions - {"actions":[{"id":"action4","type":"wheel","parameters":{},"actions":[{"type":"scroll","x":-869,"y":-24,"deltaX":0,"deltaY":0,"duration":0,"origin":{"element-6066-11e4-a52e-4f735466cecf":"f.4E1637E628C3A2EF64D95C6C0224F564.d.265E29EE209F9C606966A758A5F03999.e.1569"}}]}]}
COMMAND: GET /session/00b8d6e8899bfbf6cc6d783774ce745e/screenshot - {}
RESULT: {"actions":[{"id":"action4","type":"wheel","parameters":{},"actions":[{"type":"scroll","x":-869,"y":-24,"deltaX":0,"deltaY":0,"duration":0,"origin":{"element-6066-11e4-a52e-4f735466cecf":"f.4E1637E628C3A2EF64D95C6C0224F564.d.265E29EE209F9C606966A758A5F03999.e.1569"}}]}]}
COMMAND: DELETE /session/00b8d6e8899bfbf6cc6d783774ce745e/actions - {}
COMMAND: GET /session/00b8d6e8899bfbf6cc6d783774ce745e/screenshot - {}
RESULT: {}
RESULT: {}
COMMAND: GET /session/00b8d6e8899bfbf6cc6d783774ce745e/screenshot - {}
RESULT: {}
RESULT: {}
COMMAND: POST /session/00b8d6e8899bfbf6cc6d783774ce745e/element/f.4E1637E628C3A2EF64D95C6C0224F564.d.265E29EE209F9C606966A758A5F03999.e.1569/click - {}
RESULT: {}
COMMAND: GET /session/00b8d6e8899bfbf6cc6d783774ce745e/screenshot - {}
RESULT: {}
RESULT: undefined
COMMAND: POST /session/00b8d6e8899bfbf6cc6d783774ce745e/execute/async - {"script":"<script> [776 bytes]","args":[{"enterText":"4000360","selector":{"controlType":"sap.m.SearchField","properties":{"placeholder":"Search"},"searchOpenDialogs":true,"interaction":{"idSuffix":"I"}},"clearTextFirst":true,"interactionType":"ENTER_TEXT"}]}
RESULT: {"script":"<script> [776 bytes]","args":[{"enterText":"4000360","selector":{"controlType":"sap.m.SearchField","properties":{"placeholder":"Search"},"searchOpenDialogs":true,"interaction":{"idSuffix":"I"}},"clearTextFirst":true,"interactionType":"ENTER_TEXT"}]}
COMMAND: POST /session/00b8d6e8899bfbf6cc6d783774ce745e/actions - {"actions":[{"id":"action5","type":"key","parameters":{},"actions":[{"type":"keyDown","value":"î€‡"},{"type":"pause","duration":10},{"type":"keyUp","value":"î€‡"}]}]}
RESULT: {"actions":[{"id":"action5","type":"key","parameters":{},"actions":[{"type":"keyDown","value":"î€‡"},{"type":"pause","duration":10},{"type":"keyUp","value":"î€‡"}]}]}
COMMAND: GET /session/00b8d6e8899bfbf6cc6d783774ce745e/screenshot - {}
RESULT: {}
COMMAND: POST /session/00b8d6e8899bfbf6cc6d783774ce745e/element - {"using":"xpath","value":"//td/div/span[contains(text(), \"BGL Vehicles\")]"}
RESULT: {"using":"xpath","value":"//td/div/span[contains(text(), \"BGL Vehicles\")]"}
COMMAND: POST /session/00b8d6e8899bfbf6cc6d783774ce745e/element/f.4E1637E628C3A2EF64D95C6C0224F564.d.265E29EE209F9C606966A758A5F03999.e.1589/click - {}
RESULT: {}
COMMAND: GET /session/00b8d6e8899bfbf6cc6d783774ce745e/screenshot - {}
RESULT: {}
COMMAND: POST /session/00b8d6e8899bfbf6cc6d783774ce745e/element - {"using":"xpath","value":"//bdi[contains(text(), \"OK\")]"}
RESULT: {"using":"xpath","value":"//bdi[contains(text(), \"OK\")]"}
COMMAND: POST /session/00b8d6e8899bfbf6cc6d783774ce745e/element/f.4E1637E628C3A2EF64D95C6C0224F564.d.265E29EE209F9C606966A758A5F03999.e.1590/click - {}
RESULT: {}
COMMAND: GET /session/00b8d6e8899bfbf6cc6d783774ce745e/screenshot - {}
RESULT: {}
COMMAND: POST /session/00b8d6e8899bfbf6cc6d783774ce745e/execute/async - {"script":"<script> [1562 bytes]","args":[{"selector":{"id":"application-manageresources-display-component---newResourceUnit--newRRUPage-anchBar-application-manageresources-display-component---newResourceUnit--resource-anchor","interaction":{"idSuffix":"BDI-content"}},"wdio_ui5_key":"applicationmanageresources-display-component---newResourceUnit--newRRUPage-anchBar-application-manageresources-display-component---newResourceUnit--resource-anchor"}]}
RESULT: {"script":"<script> [1562 bytes]","args":[{"selector":{"id":"application-manageresources-display-component---newResourceUnit--newRRUPage-anchBar-application-manageresources-display-component---newResourceUnit--resource-anchor","interaction":{"idSuffix":"BDI-content"}},"wdio_ui5_key":"applicationmanageresources-display-component---newResourceUnit--newRRUPage-anchBar-application-manageresources-display-component---newResourceUnit--resource-anchor"}]}
RESULT: undefined
COMMAND: POST /session/00b8d6e8899bfbf6cc6d783774ce745e/element - {"using":"xpath","value":"//*[@id=\"application-manageresources-display-component---newResourceUnit--newRRUPage-anchBar-application-manageresources-display-component---newResourceUnit--resource-anchor\"]"}
RESULT: {"using":"xpath","value":"//*[@id=\"application-manageresources-display-component---newResourceUnit--newRRUPage-anchBar-application-manageresources-display-component---newResourceUnit--resource-anchor\"]"}
COMMAND: POST /session/00b8d6e8899bfbf6cc6d783774ce745e/element/f.4E1637E628C3A2EF64D95C6C0224F564.d.265E29EE209F9C606966A758A5F03999.e.1594/click - {}
RESULT: {}
COMMAND: POST /session/00b8d6e8899bfbf6cc6d783774ce745e/execute/async - {"script":"<script> [1562 bytes]","args":[{"selector":{"id":"application-manageresources-display-component---newResourceUnit--PLANNED_DELIVERY_DATE","interaction":{"idSuffix":"inner"}},"wdio_ui5_key":"applicationmanageresources-display-component---newResourceUnit--PLANNED_DELIVERY_DATE"}]}
COMMAND: GET /session/00b8d6e8899bfbf6cc6d783774ce745e/screenshot - {}
RESULT: {"script":"<script> [1562 bytes]","args":[{"selector":{"id":"application-manageresources-display-component---newResourceUnit--PLANNED_DELIVERY_DATE","interaction":{"idSuffix":"inner"}},"wdio_ui5_key":"applicationmanageresources-display-component---newResourceUnit--PLANNED_DELIVERY_DATE"}]}
RESULT: undefined
COMMAND: POST /session/00b8d6e8899bfbf6cc6d783774ce745e/execute/async - {"script":"<script> [6424 bytes]","args":[{"element-6066-11e4-a52e-4f735466cecf":"f.4E1637E628C3A2EF64D95C6C0224F564.d.265E29EE209F9C606966A758A5F03999.e.1459"},"setValue",["5/16/25"]]}
RESULT: {}
RESULT: {"script":"<script> [6424 bytes]","args":[{"element-6066-11e4-a52e-4f735466cecf":"f.4E1637E628C3A2EF64D95C6C0224F564.d.265E29EE209F9C606966A758A5F03999.e.1459"},"setValue",["5/16/25"]]}
COMMAND: POST /session/00b8d6e8899bfbf6cc6d783774ce745e/element - {"using":"xpath","value":"//label[contains(@class, 'sapMLabelRequired') and .//bdi[contains(text(), 'Planned Retirement')]]"}
RESULT: {"using":"xpath","value":"//label[contains(@class, 'sapMLabelRequired') and .//bdi[contains(text(), 'Planned Retirement')]]"}
COMMAND: POST /session/00b8d6e8899bfbf6cc6d783774ce745e/elements - {"using":"xpath","value":"//label[contains(@class, 'sapMLabelRequired') and .//bdi[contains(text(), 'Planned Retirement')]]"}
RESULT: {"using":"xpath","value":"//label[contains(@class, 'sapMLabelRequired') and .//bdi[contains(text(), 'Planned Retirement')]]"}
COMMAND: POST /session/00b8d6e8899bfbf6cc6d783774ce745e/element - {"using":"xpath","value":"//button[@data-kt=\"resourceUnitSaveButton\"]"}
RESULT: {"using":"xpath","value":"//button[@data-kt=\"resourceUnitSaveButton\"]"}
COMMAND: POST /session/00b8d6e8899bfbf6cc6d783774ce745e/element/f.4E1637E628C3A2EF64D95C6C0224F564.d.265E29EE209F9C606966A758A5F03999.e.1420/click - {}
RESULT: {}
COMMAND: GET /session/00b8d6e8899bfbf6cc6d783774ce745e/screenshot - {}
RESULT: {}
COMMAND: POST /session/00b8d6e8899bfbf6cc6d783774ce745e/element - {"using":"xpath","value":"//bdi[contains(text(), \"Close\")]"}
RESULT: {"using":"xpath","value":"//bdi[contains(text(), \"Close\")]"}
COMMAND: POST /session/00b8d6e8899bfbf6cc6d783774ce745e/element/f.4E1637E628C3A2EF64D95C6C0224F564.d.265E29EE209F9C606966A758A5F03999.e.1604/click - {}
RESULT: {}
COMMAND: GET /session/00b8d6e8899bfbf6cc6d783774ce745e/screenshot - {}
RESULT: {}
COMMAND: POST /session/00b8d6e8899bfbf6cc6d783774ce745e/element - {"using":"xpath","value":"(//button[contains(@id ,\"actionsToolbar-overflowButton\")])[1]"}
RESULT: {"using":"xpath","value":"(//button[contains(@id ,\"actionsToolbar-overflowButton\")])[1]"}
COMMAND: POST /session/00b8d6e8899bfbf6cc6d783774ce745e/element/f.4E1637E628C3A2EF64D95C6C0224F564.d.265E29EE209F9C606966A758A5F03999.e.1657/click - {}
RESULT: {}
COMMAND: GET /session/00b8d6e8899bfbf6cc6d783774ce745e/screenshot - {}
RESULT: {}
COMMAND: POST /session/00b8d6e8899bfbf6cc6d783774ce745e/element - {"using":"xpath","value":"//button[@data-kt=\"priceInfoButton\"]"}
RESULT: {"using":"xpath","value":"//button[@data-kt=\"priceInfoButton\"]"}
COMMAND: POST /session/00b8d6e8899bfbf6cc6d783774ce745e/element/f.4E1637E628C3A2EF64D95C6C0224F564.d.265E29EE209F9C606966A758A5F03999.e.1659/click - {}
RESULT: {}
COMMAND: GET /session/00b8d6e8899bfbf6cc6d783774ce745e/screenshot - {}
RESULT: {}
COMMAND: POST /session/00b8d6e8899bfbf6cc6d783774ce745e/element - {"using":"css selector","value":"#shell-header-logo"}
RESULT: {"using":"css selector","value":"#shell-header-logo"}
COMMAND: POST /session/00b8d6e8899bfbf6cc6d783774ce745e/element/f.4E1637E628C3A2EF64D95C6C0224F564.d.265E29EE209F9C606966A758A5F03999.e.1018/click - {}
RESULT: {}
]]></system-out>
    </testcase>
    <testcase classname="chrome.136_0_7103_93.windows.Create_condition_pricing_US117289_US134625" name="Should create new condition" time="86.931">
      <system-out><![CDATA[
COMMAND: POST /session/00b8d6e8899bfbf6cc6d783774ce745e/execute/async - {"script":"<script> [1562 bytes]","args":[{"selector":{"controlType":"sap.m.GenericTile","properties":{"header":"Manage Conditions & Prices"}},"wdio_ui5_key":"sapm.GenericTile{\"header\":\"Manage Conditions & Prices\"}"}]}
COMMAND: GET /session/00b8d6e8899bfbf6cc6d783774ce745e/screenshot - {}
RESULT: {"script":"<script> [1562 bytes]","args":[{"selector":{"controlType":"sap.m.GenericTile","properties":{"header":"Manage Conditions & Prices"}},"wdio_ui5_key":"sapm.GenericTile{\"header\":\"Manage Conditions & Prices\"}"}]}
RESULT: undefined
COMMAND: POST /session/00b8d6e8899bfbf6cc6d783774ce745e/element - {"using":"xpath","value":"//*[@id=\"__tile53\"]"}
RESULT: {}
RESULT: {"using":"xpath","value":"//*[@id=\"__tile53\"]"}
COMMAND: POST /session/00b8d6e8899bfbf6cc6d783774ce745e/element/f.4E1637E628C3A2EF64D95C6C0224F564.d.265E29EE209F9C606966A758A5F03999.e.192/click - {}
RESULT: {}
COMMAND: GET /session/00b8d6e8899bfbf6cc6d783774ce745e/screenshot - {}
RESULT: {}
COMMAND: POST /session/00b8d6e8899bfbf6cc6d783774ce745e/elements - {"using":"xpath","value":"//span[text()='Error']"}
RESULT: {"using":"xpath","value":"//span[text()='Error']"}
COMMAND: POST /session/00b8d6e8899bfbf6cc6d783774ce745e/element - {"using":"xpath","value":"//button[@aria-label=\"Create\"]"}
RESULT: {"using":"xpath","value":"//button[@aria-label=\"Create\"]"}
COMMAND: POST /session/00b8d6e8899bfbf6cc6d783774ce745e/elements - {"using":"xpath","value":"//button[@aria-label=\"Create\"]"}
RESULT: {"using":"xpath","value":"//button[@aria-label=\"Create\"]"}
COMMAND: POST /session/00b8d6e8899bfbf6cc6d783774ce745e/elements - {"using":"xpath","value":"//button[@aria-label=\"Create\"]"}
RESULT: {"using":"xpath","value":"//button[@aria-label=\"Create\"]"}
COMMAND: POST /session/00b8d6e8899bfbf6cc6d783774ce745e/elements - {"using":"xpath","value":"//button[@aria-label=\"Create\"]"}
RESULT: {"using":"xpath","value":"//button[@aria-label=\"Create\"]"}
COMMAND: POST /session/00b8d6e8899bfbf6cc6d783774ce745e/elements - {"using":"xpath","value":"//button[@aria-label=\"Create\"]"}
RESULT: {"using":"xpath","value":"//button[@aria-label=\"Create\"]"}
COMMAND: POST /session/00b8d6e8899bfbf6cc6d783774ce745e/elements - {"using":"xpath","value":"//button[@aria-label=\"Create\"]"}
RESULT: {"using":"xpath","value":"//button[@aria-label=\"Create\"]"}
COMMAND: POST /session/00b8d6e8899bfbf6cc6d783774ce745e/elements - {"using":"xpath","value":"//button[@aria-label=\"Create\"]"}
RESULT: {"using":"xpath","value":"//button[@aria-label=\"Create\"]"}
COMMAND: POST /session/00b8d6e8899bfbf6cc6d783774ce745e/elements - {"using":"xpath","value":"//button[@aria-label=\"Create\"]"}
RESULT: {"using":"xpath","value":"//button[@aria-label=\"Create\"]"}
COMMAND: POST /session/00b8d6e8899bfbf6cc6d783774ce745e/elements - {"using":"xpath","value":"//button[@aria-label=\"Create\"]"}
RESULT: {"using":"xpath","value":"//button[@aria-label=\"Create\"]"}
COMMAND: POST /session/00b8d6e8899bfbf6cc6d783774ce745e/elements - {"using":"xpath","value":"//button[@aria-label=\"Create\"]"}
RESULT: {"using":"xpath","value":"//button[@aria-label=\"Create\"]"}
COMMAND: POST /session/00b8d6e8899bfbf6cc6d783774ce745e/elements - {"using":"xpath","value":"//button[@aria-label=\"Create\"]"}
RESULT: {"using":"xpath","value":"//button[@aria-label=\"Create\"]"}
COMMAND: POST /session/00b8d6e8899bfbf6cc6d783774ce745e/elements - {"using":"xpath","value":"//button[@aria-label=\"Create\"]"}
RESULT: {"using":"xpath","value":"//button[@aria-label=\"Create\"]"}
COMMAND: POST /session/00b8d6e8899bfbf6cc6d783774ce745e/elements - {"using":"xpath","value":"//button[@aria-label=\"Create\"]"}
RESULT: {"using":"xpath","value":"//button[@aria-label=\"Create\"]"}
COMMAND: POST /session/00b8d6e8899bfbf6cc6d783774ce745e/elements - {"using":"xpath","value":"//button[@aria-label=\"Create\"]"}
RESULT: {"using":"xpath","value":"//button[@aria-label=\"Create\"]"}
COMMAND: POST /session/00b8d6e8899bfbf6cc6d783774ce745e/elements - {"using":"xpath","value":"//button[@aria-label=\"Create\"]"}
RESULT: {"using":"xpath","value":"//button[@aria-label=\"Create\"]"}
COMMAND: POST /session/00b8d6e8899bfbf6cc6d783774ce745e/elements - {"using":"xpath","value":"//button[@aria-label=\"Create\"]"}
RESULT: {"using":"xpath","value":"//button[@aria-label=\"Create\"]"}
COMMAND: POST /session/00b8d6e8899bfbf6cc6d783774ce745e/elements - {"using":"xpath","value":"//button[@aria-label=\"Create\"]"}
RESULT: {"using":"xpath","value":"//button[@aria-label=\"Create\"]"}
COMMAND: POST /session/00b8d6e8899bfbf6cc6d783774ce745e/elements - {"using":"xpath","value":"//button[@aria-label=\"Create\"]"}
RESULT: {"using":"xpath","value":"//button[@aria-label=\"Create\"]"}
COMMAND: POST /session/00b8d6e8899bfbf6cc6d783774ce745e/elements - {"using":"xpath","value":"//button[@aria-label=\"Create\"]"}
RESULT: {"using":"xpath","value":"//button[@aria-label=\"Create\"]"}
COMMAND: POST /session/00b8d6e8899bfbf6cc6d783774ce745e/elements - {"using":"xpath","value":"//button[@aria-label=\"Create\"]"}
RESULT: {"using":"xpath","value":"//button[@aria-label=\"Create\"]"}
COMMAND: POST /session/00b8d6e8899bfbf6cc6d783774ce745e/elements - {"using":"xpath","value":"//button[@aria-label=\"Create\"]"}
RESULT: {"using":"xpath","value":"//button[@aria-label=\"Create\"]"}
COMMAND: POST /session/00b8d6e8899bfbf6cc6d783774ce745e/elements - {"using":"xpath","value":"//button[@aria-label=\"Create\"]"}
RESULT: {"using":"xpath","value":"//button[@aria-label=\"Create\"]"}
COMMAND: POST /session/00b8d6e8899bfbf6cc6d783774ce745e/elements - {"using":"xpath","value":"//button[@aria-label=\"Create\"]"}
RESULT: {"using":"xpath","value":"//button[@aria-label=\"Create\"]"}
COMMAND: POST /session/00b8d6e8899bfbf6cc6d783774ce745e/elements - {"using":"xpath","value":"//button[@aria-label=\"Create\"]"}
RESULT: {"using":"xpath","value":"//button[@aria-label=\"Create\"]"}
COMMAND: POST /session/00b8d6e8899bfbf6cc6d783774ce745e/elements - {"using":"xpath","value":"//button[@aria-label=\"Create\"]"}
RESULT: {"using":"xpath","value":"//button[@aria-label=\"Create\"]"}
COMMAND: POST /session/00b8d6e8899bfbf6cc6d783774ce745e/elements - {"using":"xpath","value":"//button[@aria-label=\"Create\"]"}
RESULT: {"using":"xpath","value":"//button[@aria-label=\"Create\"]"}
COMMAND: POST /session/00b8d6e8899bfbf6cc6d783774ce745e/element - {"using":"xpath","value":"//button[@aria-label=\"Create\"]"}
RESULT: {"using":"xpath","value":"//button[@aria-label=\"Create\"]"}
COMMAND: POST /session/00b8d6e8899bfbf6cc6d783774ce745e/execute/sync - {"script":"<script> [8489 bytes]","args":[{"element-6066-11e4-a52e-4f735466cecf":"f.4E1637E628C3A2EF64D95C6C0224F564.d.265E29EE209F9C606966A758A5F03999.e.1698","ELEMENT":"f.4E1637E628C3A2EF64D95C6C0224F564.d.265E29EE209F9C606966A758A5F03999.e.1698"}]}
RESULT: {"script":"<script> [8489 bytes]","args":[{"element-6066-11e4-a52e-4f735466cecf":"f.4E1637E628C3A2EF64D95C6C0224F564.d.265E29EE209F9C606966A758A5F03999.e.1698","ELEMENT":"f.4E1637E628C3A2EF64D95C6C0224F564.d.265E29EE209F9C606966A758A5F03999.e.1698"}]}
COMMAND: GET /session/00b8d6e8899bfbf6cc6d783774ce745e/element/f.4E1637E628C3A2EF64D95C6C0224F564.d.265E29EE209F9C606966A758A5F03999.e.1698/enabled - {}
COMMAND: GET /session/00b8d6e8899bfbf6cc6d783774ce745e/screenshot - {}
RESULT: {}
COMMAND: POST /session/00b8d6e8899bfbf6cc6d783774ce745e/execute/sync - {"script":"<script> [8489 bytes]","args":[{"element-6066-11e4-a52e-4f735466cecf":"f.4E1637E628C3A2EF64D95C6C0224F564.d.265E29EE209F9C606966A758A5F03999.e.1698","ELEMENT":"f.4E1637E628C3A2EF64D95C6C0224F564.d.265E29EE209F9C606966A758A5F03999.e.1698"}]}
COMMAND: GET /session/00b8d6e8899bfbf6cc6d783774ce745e/screenshot - {}
RESULT: {}
RESULT: {"script":"<script> [8489 bytes]","args":[{"element-6066-11e4-a52e-4f735466cecf":"f.4E1637E628C3A2EF64D95C6C0224F564.d.265E29EE209F9C606966A758A5F03999.e.1698","ELEMENT":"f.4E1637E628C3A2EF64D95C6C0224F564.d.265E29EE209F9C606966A758A5F03999.e.1698"}]}
COMMAND: POST /session/00b8d6e8899bfbf6cc6d783774ce745e/execute/sync - {"script":"<script> [5351 bytes]","args":[{"element-6066-11e4-a52e-4f735466cecf":"f.4E1637E628C3A2EF64D95C6C0224F564.d.265E29EE209F9C606966A758A5F03999.e.1698","ELEMENT":"f.4E1637E628C3A2EF64D95C6C0224F564.d.265E29EE209F9C606966A758A5F03999.e.1698"}]}
COMMAND: GET /session/00b8d6e8899bfbf6cc6d783774ce745e/screenshot - {}
RESULT: {}
RESULT: {"script":"<script> [5351 bytes]","args":[{"element-6066-11e4-a52e-4f735466cecf":"f.4E1637E628C3A2EF64D95C6C0224F564.d.265E29EE209F9C606966A758A5F03999.e.1698","ELEMENT":"f.4E1637E628C3A2EF64D95C6C0224F564.d.265E29EE209F9C606966A758A5F03999.e.1698"}]}
COMMAND: POST /session/00b8d6e8899bfbf6cc6d783774ce745e/element/f.4E1637E628C3A2EF64D95C6C0224F564.d.265E29EE209F9C606966A758A5F03999.e.1698/click - {}
COMMAND: GET /session/00b8d6e8899bfbf6cc6d783774ce745e/screenshot - {}
RESULT: {}
RESULT: {}
COMMAND: GET /session/00b8d6e8899bfbf6cc6d783774ce745e/screenshot - {}
RESULT: {}
RESULT: {}
COMMAND: POST /session/00b8d6e8899bfbf6cc6d783774ce745e/actions - {"actions":[{"id":"action6","type":"key","parameters":{},"actions":[{"type":"keyDown","value":"î€‡"},{"type":"pause","duration":10},{"type":"keyUp","value":"î€‡"}]}]}
RESULT: {"actions":[{"id":"action6","type":"key","parameters":{},"actions":[{"type":"keyDown","value":"î€‡"},{"type":"pause","duration":10},{"type":"keyUp","value":"î€‡"}]}]}
COMMAND: GET /session/00b8d6e8899bfbf6cc6d783774ce745e/screenshot - {}
RESULT: {}
COMMAND: POST /session/00b8d6e8899bfbf6cc6d783774ce745e/execute/async - {"script":"<script> [1562 bytes]","args":[{"selector":{"id":"application-manageconditionprice-display-component---newCondition--condBillCond-arrow"},"wdio_ui5_key":"applicationmanageconditionprice-display-component---newCondition--condBillCond-arrow"}]}
RESULT: {"script":"<script> [1562 bytes]","args":[{"selector":{"id":"application-manageconditionprice-display-component---newCondition--condBillCond-arrow"},"wdio_ui5_key":"applicationmanageconditionprice-display-component---newCondition--condBillCond-arrow"}]}
RESULT: undefined
COMMAND: POST /session/00b8d6e8899bfbf6cc6d783774ce745e/element - {"using":"xpath","value":"//*[@id=\"application-manageconditionprice-display-component---newCondition--condBillCond-arrow\"]"}
RESULT: {"using":"xpath","value":"//*[@id=\"application-manageconditionprice-display-component---newCondition--condBillCond-arrow\"]"}
COMMAND: POST /session/00b8d6e8899bfbf6cc6d783774ce745e/element/f.4E1637E628C3A2EF64D95C6C0224F564.d.265E29EE209F9C606966A758A5F03999.e.1879/click - {}
RESULT: {}
COMMAND: GET /session/00b8d6e8899bfbf6cc6d783774ce745e/screenshot - {}
RESULT: {}
COMMAND: POST /session/00b8d6e8899bfbf6cc6d783774ce745e/element - {"using":"xpath","value":"//li[.//span[contains(text(), \"SAPR - Sales price\")]]"}
RESULT: {"using":"xpath","value":"//li[.//span[contains(text(), \"SAPR - Sales price\")]]"}
COMMAND: POST /session/00b8d6e8899bfbf6cc6d783774ce745e/element/f.4E1637E628C3A2EF64D95C6C0224F564.d.265E29EE209F9C606966A758A5F03999.e.1882/click - {}
RESULT: {}
COMMAND: GET /session/00b8d6e8899bfbf6cc6d783774ce745e/screenshot - {}
RESULT: {}
COMMAND: POST /session/00b8d6e8899bfbf6cc6d783774ce745e/execute/async - {"script":"<script> [1562 bytes]","args":[{"selector":{"id":"application-manageconditionprice-display-component---newCondition--condValidTo","interaction":{"idSuffix":"inner"}},"wdio_ui5_key":"applicationmanageconditionprice-display-component---newCondition--condValidTo"}]}
RESULT: {"script":"<script> [1562 bytes]","args":[{"selector":{"id":"application-manageconditionprice-display-component---newCondition--condValidTo","interaction":{"idSuffix":"inner"}},"wdio_ui5_key":"applicationmanageconditionprice-display-component---newCondition--condValidTo"}]}
RESULT: undefined
COMMAND: POST /session/00b8d6e8899bfbf6cc6d783774ce745e/execute/async - {"script":"<script> [776 bytes]","args":[{"enterText":"1/16/26","selector":{"id":"application-manageconditionprice-display-component---newCondition--condValidTo","interaction":{"idSuffix":"inner"}},"clearTextFirst":true,"interactionType":"ENTER_TEXT"}]}
RESULT: {"script":"<script> [776 bytes]","args":[{"enterText":"1/16/26","selector":{"id":"application-manageconditionprice-display-component---newCondition--condValidTo","interaction":{"idSuffix":"inner"}},"clearTextFirst":true,"interactionType":"ENTER_TEXT"}]}
COMMAND: POST /session/00b8d6e8899bfbf6cc6d783774ce745e/element - {"using":"xpath","value":"//input[@id=\"application-manageconditionprice-display-component---newCondition--condRU-inner\"]"}
RESULT: {"using":"xpath","value":"//input[@id=\"application-manageconditionprice-display-component---newCondition--condRU-inner\"]"}
COMMAND: POST /session/00b8d6e8899bfbf6cc6d783774ce745e/element/f.4E1637E628C3A2EF64D95C6C0224F564.d.265E29EE209F9C606966A758A5F03999.e.1743/clear - {}
RESULT: {}
COMMAND: POST /session/00b8d6e8899bfbf6cc6d783774ce745e/element/f.4E1637E628C3A2EF64D95C6C0224F564.d.265E29EE209F9C606966A758A5F03999.e.1743/value - {"text":"AiJx39TYru"}
COMMAND: GET /session/00b8d6e8899bfbf6cc6d783774ce745e/screenshot - {}
RESULT: {"text":"AiJx39TYru"}
COMMAND: GET /session/00b8d6e8899bfbf6cc6d783774ce745e/screenshot - {}
RESULT: {}
RESULT: {}
COMMAND: POST /session/00b8d6e8899bfbf6cc6d783774ce745e/actions - {"actions":[{"id":"action7","type":"key","parameters":{},"actions":[{"type":"keyDown","value":"î€‡"},{"type":"pause","duration":10},{"type":"keyUp","value":"î€‡"}]}]}
RESULT: {"actions":[{"id":"action7","type":"key","parameters":{},"actions":[{"type":"keyDown","value":"î€‡"},{"type":"pause","duration":10},{"type":"keyUp","value":"î€‡"}]}]}
COMMAND: POST /session/00b8d6e8899bfbf6cc6d783774ce745e/execute/async - {"script":"<script> [1562 bytes]","args":[{"selector":{"id":"application-manageconditionprice-display-component---newCondition--condBaseQty","interaction":{"idSuffix":"inner"}},"wdio_ui5_key":"applicationmanageconditionprice-display-component---newCondition--condBaseQty"}]}
COMMAND: GET /session/00b8d6e8899bfbf6cc6d783774ce745e/screenshot - {}
RESULT: {"script":"<script> [1562 bytes]","args":[{"selector":{"id":"application-manageconditionprice-display-component---newCondition--condBaseQty","interaction":{"idSuffix":"inner"}},"wdio_ui5_key":"applicationmanageconditionprice-display-component---newCondition--condBaseQty"}]}
RESULT: undefined
COMMAND: POST /session/00b8d6e8899bfbf6cc6d783774ce745e/execute/async - {"script":"<script> [776 bytes]","args":[{"enterText":"1","selector":{"id":"application-manageconditionprice-display-component---newCondition--condBaseQty","interaction":{"idSuffix":"inner"}},"clearTextFirst":true,"interactionType":"ENTER_TEXT"}]}
RESULT: {}
RESULT: {"script":"<script> [776 bytes]","args":[{"enterText":"1","selector":{"id":"application-manageconditionprice-display-component---newCondition--condBaseQty","interaction":{"idSuffix":"inner"}},"clearTextFirst":true,"interactionType":"ENTER_TEXT"}]}
COMMAND: POST /session/00b8d6e8899bfbf6cc6d783774ce745e/execute/async - {"script":"<script> [1562 bytes]","args":[{"selector":{"id":"application-manageconditionprice-display-component---newCondition--condValue","interaction":{"idSuffix":"inner"}},"wdio_ui5_key":"applicationmanageconditionprice-display-component---newCondition--condValue"}]}
RESULT: {"script":"<script> [1562 bytes]","args":[{"selector":{"id":"application-manageconditionprice-display-component---newCondition--condValue","interaction":{"idSuffix":"inner"}},"wdio_ui5_key":"applicationmanageconditionprice-display-component---newCondition--condValue"}]}
RESULT: undefined
COMMAND: POST /session/00b8d6e8899bfbf6cc6d783774ce745e/execute/async - {"script":"<script> [776 bytes]","args":[{"enterText":"200","selector":{"id":"application-manageconditionprice-display-component---newCondition--condValue","interaction":{"idSuffix":"inner"}},"clearTextFirst":true,"interactionType":"ENTER_TEXT"}]}
RESULT: {"script":"<script> [776 bytes]","args":[{"enterText":"200","selector":{"id":"application-manageconditionprice-display-component---newCondition--condValue","interaction":{"idSuffix":"inner"}},"clearTextFirst":true,"interactionType":"ENTER_TEXT"}]}
COMMAND: POST /session/00b8d6e8899bfbf6cc6d783774ce745e/execute/async - {"script":"<script> [1562 bytes]","args":[{"selector":{"id":"application-manageconditionprice-display-component---newCondition--condCurr-arrow"},"wdio_ui5_key":"applicationmanageconditionprice-display-component---newCondition--condCurr-arrow"}]}
RESULT: {"script":"<script> [1562 bytes]","args":[{"selector":{"id":"application-manageconditionprice-display-component---newCondition--condCurr-arrow"},"wdio_ui5_key":"applicationmanageconditionprice-display-component---newCondition--condCurr-arrow"}]}
RESULT: undefined
COMMAND: POST /session/00b8d6e8899bfbf6cc6d783774ce745e/element - {"using":"xpath","value":"//*[@id=\"application-manageconditionprice-display-component---newCondition--condCurr-arrow\"]"}
RESULT: {"using":"xpath","value":"//*[@id=\"application-manageconditionprice-display-component---newCondition--condCurr-arrow\"]"}
COMMAND: POST /session/00b8d6e8899bfbf6cc6d783774ce745e/element/f.4E1637E628C3A2EF64D95C6C0224F564.d.265E29EE209F9C606966A758A5F03999.e.1861/click - {}
RESULT: {}
COMMAND: POST /session/00b8d6e8899bfbf6cc6d783774ce745e/element - {"using":"xpath","value":"//span[contains(text(), \"Euro\")]"}
COMMAND: GET /session/00b8d6e8899bfbf6cc6d783774ce745e/screenshot - {}
RESULT: {"using":"xpath","value":"//span[contains(text(), \"Euro\")]"}
COMMAND: POST /session/00b8d6e8899bfbf6cc6d783774ce745e/element/f.4E1637E628C3A2EF64D95C6C0224F564.d.265E29EE209F9C606966A758A5F03999.e.1918/click - {}
RESULT: {}
RESULT: {}
COMMAND: POST /session/00b8d6e8899bfbf6cc6d783774ce745e/element - {"using":"xpath","value":"//button[@data-kt=\"saveButton\"]"}
COMMAND: GET /session/00b8d6e8899bfbf6cc6d783774ce745e/screenshot - {}
RESULT: {"using":"xpath","value":"//button[@data-kt=\"saveButton\"]"}
COMMAND: POST /session/00b8d6e8899bfbf6cc6d783774ce745e/element/f.4E1637E628C3A2EF64D95C6C0224F564.d.265E29EE209F9C606966A758A5F03999.e.1862/click - {}
RESULT: {}
RESULT: {}
COMMAND: GET /session/00b8d6e8899bfbf6cc6d783774ce745e/screenshot - {}
RESULT: {}
COMMAND: POST /session/00b8d6e8899bfbf6cc6d783774ce745e/execute/async - {"script":"<script> [1562 bytes]","args":[{"selector":{"id":"application-manageconditionprice-display-component---conditions--smartFilterBar-btnBasicSearch","interaction":{"idSuffix":"I"}},"wdio_ui5_key":"applicationmanageconditionprice-display-component---conditions--smartFilterBar-btnBasicSearch"}]}
RESULT: {"script":"<script> [1562 bytes]","args":[{"selector":{"id":"application-manageconditionprice-display-component---conditions--smartFilterBar-btnBasicSearch","interaction":{"idSuffix":"I"}},"wdio_ui5_key":"applicationmanageconditionprice-display-component---conditions--smartFilterBar-btnBasicSearch"}]}
RESULT: undefined
COMMAND: POST /session/00b8d6e8899bfbf6cc6d783774ce745e/execute/async - {"script":"<script> [776 bytes]","args":[{"enterText":"AiJx39TYru","selector":{"id":"application-manageconditionprice-display-component---conditions--smartFilterBar-btnBasicSearch","interaction":{"idSuffix":"I"}},"clearTextFirst":true,"interactionType":"ENTER_TEXT"}]}
RESULT: {"script":"<script> [776 bytes]","args":[{"enterText":"AiJx39TYru","selector":{"id":"application-manageconditionprice-display-component---conditions--smartFilterBar-btnBasicSearch","interaction":{"idSuffix":"I"}},"clearTextFirst":true,"interactionType":"ENTER_TEXT"}]}
COMMAND: POST /session/00b8d6e8899bfbf6cc6d783774ce745e/actions - {"actions":[{"id":"action8","type":"key","parameters":{},"actions":[{"type":"keyDown","value":"î€‡"},{"type":"pause","duration":10},{"type":"keyUp","value":"î€‡"}]}]}
RESULT: {"actions":[{"id":"action8","type":"key","parameters":{},"actions":[{"type":"keyDown","value":"î€‡"},{"type":"pause","duration":10},{"type":"keyUp","value":"î€‡"}]}]}
COMMAND: GET /session/00b8d6e8899bfbf6cc6d783774ce745e/screenshot - {}
RESULT: {}
COMMAND: POST /session/00b8d6e8899bfbf6cc6d783774ce745e/execute/async - {"script":"<script> [1562 bytes]","args":[{"selector":{"id":"application-manageconditionprice-display-component---conditions--smartFilterBar-filterItemControl_BASIC-BILL_TYPES-vhi"},"wdio_ui5_key":"applicationmanageconditionprice-display-component---conditions--smartFilterBar-filterItemControl_BASIC-BILL_TYPES-vhi"}]}
RESULT: {"script":"<script> [1562 bytes]","args":[{"selector":{"id":"application-manageconditionprice-display-component---conditions--smartFilterBar-filterItemControl_BASIC-BILL_TYPES-vhi"},"wdio_ui5_key":"applicationmanageconditionprice-display-component---conditions--smartFilterBar-filterItemControl_BASIC-BILL_TYPES-vhi"}]}
RESULT: undefined
COMMAND: POST /session/00b8d6e8899bfbf6cc6d783774ce745e/element - {"using":"xpath","value":"//*[@id=\"application-manageconditionprice-display-component---conditions--smartFilterBar-filterItemControl_BASIC-BILL_TYPES-vhi\"]"}
RESULT: {"using":"xpath","value":"//*[@id=\"application-manageconditionprice-display-component---conditions--smartFilterBar-filterItemControl_BASIC-BILL_TYPES-vhi\"]"}
COMMAND: POST /session/00b8d6e8899bfbf6cc6d783774ce745e/element/f.4E1637E628C3A2EF64D95C6C0224F564.d.265E29EE209F9C606966A758A5F03999.e.2025/click - {}
RESULT: {}
COMMAND: POST /session/00b8d6e8899bfbf6cc6d783774ce745e/execute/async - {"script":"<script> [1562 bytes]","args":[{"selector":{"id":"application-manageconditionprice-display-component---conditions--smartFilterBar-filterItemControl_BASIC-BILL_TYPES-valueHelpDialog-smartFilterBar-btnBasicSearch","searchOpenDialogs":true,"interaction":{"idSuffix":"I"}},"wdio_ui5_key":"applicationmanageconditionprice-display-component---conditions--smartFilterBar-filterItemControl_BASIC-BILL_TYPES-valueHelpDialog-smartFilterBar-btnBasicSearch"}]}
COMMAND: GET /session/00b8d6e8899bfbf6cc6d783774ce745e/screenshot - {}
RESULT: {"script":"<script> [1562 bytes]","args":[{"selector":{"id":"application-manageconditionprice-display-component---conditions--smartFilterBar-filterItemControl_BASIC-BILL_TYPES-valueHelpDialog-smartFilterBar-btnBasicSearch","searchOpenDialogs":true,"interaction":{"idSuffix":"I"}},"wdio_ui5_key":"applicationmanageconditionprice-display-component---conditions--smartFilterBar-filterItemControl_BASIC-BILL_TYPES-valueHelpDialog-smartFilterBar-btnBasicSearch"}]}
RESULT: undefined
COMMAND: POST /session/00b8d6e8899bfbf6cc6d783774ce745e/execute/async - {"script":"<script> [776 bytes]","args":[{"enterText":"one","selector":{"id":"application-manageconditionprice-display-component---conditions--smartFilterBar-filterItemControl_BASIC-BILL_TYPES-valueHelpDialog-smartFilterBar-btnBasicSearch","searchOpenDialogs":true,"interaction":{"idSuffix":"I"}},"clearTextFirst":true,"interactionType":"ENTER_TEXT"}]}
RESULT: {}
RESULT: {"script":"<script> [776 bytes]","args":[{"enterText":"one","selector":{"id":"application-manageconditionprice-display-component---conditions--smartFilterBar-filterItemControl_BASIC-BILL_TYPES-valueHelpDialog-smartFilterBar-btnBasicSearch","searchOpenDialogs":true,"interaction":{"idSuffix":"I"}},"clearTextFirst":true,"interactionType":"ENTER_TEXT"}]}
COMMAND: POST /session/00b8d6e8899bfbf6cc6d783774ce745e/actions - {"actions":[{"id":"action9","type":"key","parameters":{},"actions":[{"type":"keyDown","value":"î€‡"},{"type":"pause","duration":10},{"type":"keyUp","value":"î€‡"}]}]}
RESULT: {"actions":[{"id":"action9","type":"key","parameters":{},"actions":[{"type":"keyDown","value":"î€‡"},{"type":"pause","duration":10},{"type":"keyUp","value":"î€‡"}]}]}
COMMAND: GET /session/00b8d6e8899bfbf6cc6d783774ce745e/screenshot - {}
RESULT: {}
COMMAND: POST /session/00b8d6e8899bfbf6cc6d783774ce745e/element - {"using":"xpath","value":"//div[contains(@id, 'application-manageconditionprice-display-component---conditions--smartFilterBar-filterItemControl_BASIC-BILL_TYPES-valueHelpDialog-table-rowsel0')]"}
RESULT: {"using":"xpath","value":"//div[contains(@id, 'application-manageconditionprice-display-component---conditions--smartFilterBar-filterItemControl_BASIC-BILL_TYPES-valueHelpDialog-table-rowsel0')]"}
COMMAND: POST /session/00b8d6e8899bfbf6cc6d783774ce745e/element/f.4E1637E628C3A2EF64D95C6C0224F564.d.265E29EE209F9C606966A758A5F03999.e.2034/click - {}
RESULT: {}
COMMAND: GET /session/00b8d6e8899bfbf6cc6d783774ce745e/screenshot - {}
RESULT: {}
COMMAND: POST /session/00b8d6e8899bfbf6cc6d783774ce745e/element - {"using":"xpath","value":"//bdi[contains(text(), \"OK\")]"}
RESULT: {"using":"xpath","value":"//bdi[contains(text(), \"OK\")]"}
COMMAND: POST /session/00b8d6e8899bfbf6cc6d783774ce745e/element/f.4E1637E628C3A2EF64D95C6C0224F564.d.265E29EE209F9C606966A758A5F03999.e.2036/click - {}
RESULT: {}
COMMAND: GET /session/00b8d6e8899bfbf6cc6d783774ce745e/screenshot - {}
RESULT: {}
COMMAND: POST /session/00b8d6e8899bfbf6cc6d783774ce745e/element - {"using":"xpath","value":"//span[@id=\"application-manageconditionprice-display-component---conditions--smartTable-header-inner\"]"}
RESULT: {"using":"xpath","value":"//span[@id=\"application-manageconditionprice-display-component---conditions--smartTable-header-inner\"]"}
COMMAND: POST /session/00b8d6e8899bfbf6cc6d783774ce745e/elements - {"using":"xpath","value":"//span[@id=\"application-manageconditionprice-display-component---conditions--smartTable-header-inner\"]"}
RESULT: {"using":"xpath","value":"//span[@id=\"application-manageconditionprice-display-component---conditions--smartTable-header-inner\"]"}
COMMAND: POST /session/00b8d6e8899bfbf6cc6d783774ce745e/execute/sync - {"script":"<script> [56 bytes]","args":[{"element-6066-11e4-a52e-4f735466cecf":"f.4E1637E628C3A2EF64D95C6C0224F564.d.265E29EE209F9C606966A758A5F03999.e.2039","ELEMENT":"f.4E1637E628C3A2EF64D95C6C0224F564.d.265E29EE209F9C606966A758A5F03999.e.2039"}]}
RESULT: {"script":"<script> [56 bytes]","args":[{"element-6066-11e4-a52e-4f735466cecf":"f.4E1637E628C3A2EF64D95C6C0224F564.d.265E29EE209F9C606966A758A5F03999.e.2039","ELEMENT":"f.4E1637E628C3A2EF64D95C6C0224F564.d.265E29EE209F9C606966A758A5F03999.e.2039"}]}
COMMAND: POST /session/00b8d6e8899bfbf6cc6d783774ce745e/element - {"using":"css selector","value":"#shell-header-logo"}
COMMAND: GET /session/00b8d6e8899bfbf6cc6d783774ce745e/screenshot - {}
RESULT: {"using":"css selector","value":"#shell-header-logo"}
COMMAND: POST /session/00b8d6e8899bfbf6cc6d783774ce745e/element/f.4E1637E628C3A2EF64D95C6C0224F564.d.265E29EE209F9C606966A758A5F03999.e.1665/click - {}
RESULT: {}
RESULT: {}
COMMAND: GET /session/00b8d6e8899bfbf6cc6d783774ce745e/screenshot - {}
RESULT: {}
COMMAND: POST /session/00b8d6e8899bfbf6cc6d783774ce745e/element - {"using":"css selector","value":"#j_username"}
COMMAND: POST /session/00b8d6e8899bfbf6cc6d783774ce745e/url - {"url":"https://qa-testing-00-live-etm-ui.cfapps.eu10-004.hana.ondemand.com/"}
RESULT: {"using":"css selector","value":"#j_username"}
COMMAND: POST /session/00b8d6e8899bfbf6cc6d783774ce745e/element - {"using":"css selector","value":"#j_username"}
RESULT: {"url":"https://qa-testing-00-live-etm-ui.cfapps.eu10-004.hana.ondemand.com/"}
RESULT: undefined
COMMAND: GET /session/00b8d6e8899bfbf6cc6d783774ce745e/screenshot - {}
RESULT: {"using":"css selector","value":"#j_username"}
COMMAND: POST /session/00b8d6e8899bfbf6cc6d783774ce745e/element - {"using":"css selector","value":"#shell-header-logo"}
RESULT: {}
RESULT: {"using":"css selector","value":"#shell-header-logo"}
COMMAND: POST /session/00b8d6e8899bfbf6cc6d783774ce745e/execute/sync - {"script":"<script> [8489 bytes]","args":[{"element-6066-11e4-a52e-4f735466cecf":"f.4E1637E628C3A2EF64D95C6C0224F564.d.8DA57C7D14DAA5049156DE90B794C1B4.e.2058","ELEMENT":"f.4E1637E628C3A2EF64D95C6C0224F564.d.8DA57C7D14DAA5049156DE90B794C1B4.e.2058"}]}
RESULT: {"script":"<script> [8489 bytes]","args":[{"element-6066-11e4-a52e-4f735466cecf":"f.4E1637E628C3A2EF64D95C6C0224F564.d.8DA57C7D14DAA5049156DE90B794C1B4.e.2058","ELEMENT":"f.4E1637E628C3A2EF64D95C6C0224F564.d.8DA57C7D14DAA5049156DE90B794C1B4.e.2058"}]}
COMMAND: POST /session/00b8d6e8899bfbf6cc6d783774ce745e/element - {"using":"css selector","value":"#shell-header-logo"}
COMMAND: GET /session/00b8d6e8899bfbf6cc6d783774ce745e/screenshot - {}
RESULT: {"using":"css selector","value":"#shell-header-logo"}
COMMAND: POST /session/00b8d6e8899bfbf6cc6d783774ce745e/execute/sync - {"script":"<script> [8489 bytes]","args":[{"element-6066-11e4-a52e-4f735466cecf":"f.4E1637E628C3A2EF64D95C6C0224F564.d.8DA57C7D14DAA5049156DE90B794C1B4.e.2058","ELEMENT":"f.4E1637E628C3A2EF64D95C6C0224F564.d.8DA57C7D14DAA5049156DE90B794C1B4.e.2058"}]}
RESULT: {}
RESULT: {"script":"<script> [8489 bytes]","args":[{"element-6066-11e4-a52e-4f735466cecf":"f.4E1637E628C3A2EF64D95C6C0224F564.d.8DA57C7D14DAA5049156DE90B794C1B4.e.2058","ELEMENT":"f.4E1637E628C3A2EF64D95C6C0224F564.d.8DA57C7D14DAA5049156DE90B794C1B4.e.2058"}]}
COMMAND: POST /session/00b8d6e8899bfbf6cc6d783774ce745e/execute/sync - {"script":"<script> [5351 bytes]","args":[{"element-6066-11e4-a52e-4f735466cecf":"f.4E1637E628C3A2EF64D95C6C0224F564.d.8DA57C7D14DAA5049156DE90B794C1B4.e.2058","ELEMENT":"f.4E1637E628C3A2EF64D95C6C0224F564.d.8DA57C7D14DAA5049156DE90B794C1B4.e.2058"}]}
COMMAND: GET /session/00b8d6e8899bfbf6cc6d783774ce745e/screenshot - {}
RESULT: {"script":"<script> [5351 bytes]","args":[{"element-6066-11e4-a52e-4f735466cecf":"f.4E1637E628C3A2EF64D95C6C0224F564.d.8DA57C7D14DAA5049156DE90B794C1B4.e.2058","ELEMENT":"f.4E1637E628C3A2EF64D95C6C0224F564.d.8DA57C7D14DAA5049156DE90B794C1B4.e.2058"}]}
COMMAND: POST /session/00b8d6e8899bfbf6cc6d783774ce745e/element - {"using":"css selector","value":"#shell-header-logo"}
COMMAND: GET /session/00b8d6e8899bfbf6cc6d783774ce745e/screenshot - {}
RESULT: {}
RESULT: {"using":"css selector","value":"#shell-header-logo"}
COMMAND: POST /session/00b8d6e8899bfbf6cc6d783774ce745e/element/f.4E1637E628C3A2EF64D95C6C0224F564.d.8DA57C7D14DAA5049156DE90B794C1B4.e.2058/click - {}
RESULT: {}
RESULT: {}
COMMAND: GET /session/00b8d6e8899bfbf6cc6d783774ce745e/screenshot - {}
RESULT: {}
COMMAND: POST /session/00b8d6e8899bfbf6cc6d783774ce745e/execute/async - {"script":"<script> [189 bytes]","args":[]}
RESULT: {"script":"<script> [189 bytes]","args":[]}
COMMAND: POST /session/00b8d6e8899bfbf6cc6d783774ce745e/execute/async - {"script":"<script> [123 bytes]","args":[]}
RESULT: {"script":"<script> [123 bytes]","args":[]}
COMMAND: POST /session/00b8d6e8899bfbf6cc6d783774ce745e/timeouts - {"script":"<number>"}
RESULT: {"script":"<number>"}
COMMAND: GET /session/00b8d6e8899bfbf6cc6d783774ce745e/timeouts - {}
RESULT: {}
RESULT: undefined
COMMAND: POST /session/00b8d6e8899bfbf6cc6d783774ce745e/execute/async - {"script":"<script> [2676 bytes]","args":[]}
RESULT: {"script":"<script> [2676 bytes]","args":[]}
COMMAND: POST /session/00b8d6e8899bfbf6cc6d783774ce745e/execute/async - {"script":"<script> [2342 bytes]","args":[{"protocol":"http","hostname":"0.0.0.0","path":"/","capabilities":{"browserName":"chrome","goog:chromeOptions":{"binary":"C:\\Program Files\\Google\\Chrome\\Application\\chrome.exe","args":["--start-maximized"]}},"logLevel":"warn","connectionRetryTimeout":120000,"connectionRetryCount":3,"logLevels":{},"enableDirectConnect":true,"strictSSL":true,"_":"65 more keys: [\"cacheDir\",\"port\",\"requestedCapabilities\",\"automationProtocol\",\"baseUrl\",\"waitforInterval\",\"waitforTimeout\",\"onReload\",\"beforeCommand\",\"afterCommand\",\"rootDir\",\"specs\",\"suites\",\"exclude\",\"groupLogsByTestSpec\",\"excludeDriverLogs\",\"bail\",\"framework\",\"reporters\",\"services\",\"maxInstances\",\"maxInstancesPerCapability\",\"injectGlobals\",\"filesToWatch\",\"execArgv\",\"runnerEnv\",\"runner\",\"shard\",\"specFileRetries\",\"specFileRetriesDelay\",\"specFileRetriesDeferred\",\"reporterSyncInterval\",\"reporterSyncTimeout\",\"cucumberFeaturesWithLineNumbers\",\"autoCompileOpts\",\"mochaOpts\",\"jasmineOpts\",\"cucumberOpts\",\"onPrepare\",\"onWorkerStart\",\"onWorkerEnd\",\"before\",\"beforeSession\",\"beforeSuite\",\"beforeHook\",\"beforeTest\",\"afterTest\",\"afterHook\",\"afterSuite\",\"afterSession\",\"after\",\"onComplete\",\"beforeAssertion\",\"afterAssertion\",\"beforeFeature\",\"beforeScenario\",\"beforeStep\",\"afterStep\",\"afterScenario\",\"afterFeature\",\"_\",\"suite\",\"$0\",\"ignoredWorkerServices\",\"wdi5\"]"}]}
RESULT: {"script":"<script> [2342 bytes]","args":[{"protocol":"http","hostname":"0.0.0.0","path":"/","capabilities":{"browserName":"chrome","goog:chromeOptions":{"binary":"C:\\Program Files\\Google\\Chrome\\Application\\chrome.exe","args":["--start-maximized"]}},"logLevel":"warn","connectionRetryTimeout":120000,"connectionRetryCount":3,"logLevels":{},"enableDirectConnect":true,"strictSSL":true,"_":"65 more keys: [\"cacheDir\",\"port\",\"requestedCapabilities\",\"automationProtocol\",\"baseUrl\",\"waitforInterval\",\"waitforTimeout\",\"onReload\",\"beforeCommand\",\"afterCommand\",\"rootDir\",\"specs\",\"suites\",\"exclude\",\"groupLogsByTestSpec\",\"excludeDriverLogs\",\"bail\",\"framework\",\"reporters\",\"services\",\"maxInstances\",\"maxInstancesPerCapability\",\"injectGlobals\",\"filesToWatch\",\"execArgv\",\"runnerEnv\",\"runner\",\"shard\",\"specFileRetries\",\"specFileRetriesDelay\",\"specFileRetriesDeferred\",\"reporterSyncInterval\",\"reporterSyncTimeout\",\"cucumberFeaturesWithLineNumbers\",\"autoCompileOpts\",\"mochaOpts\",\"jasmineOpts\",\"cucumberOpts\",\"onPrepare\",\"onWorkerStart\",\"onWorkerEnd\",\"before\",\"beforeSession\",\"beforeSuite\",\"beforeHook\",\"beforeTest\",\"afterTest\",\"afterHook\",\"afterSuite\",\"afterSession\",\"after\",\"onComplete\",\"beforeAssertion\",\"afterAssertion\",\"beforeFeature\",\"beforeScenario\",\"beforeStep\",\"afterStep\",\"afterScenario\",\"afterFeature\",\"_\",\"suite\",\"$0\",\"ignoredWorkerServices\",\"wdi5\"]"}]}
COMMAND: POST /session/00b8d6e8899bfbf6cc6d783774ce745e/execute/async - {"script":"<script> [21126 bytes]","args":[35000]}
RESULT: {"script":"<script> [21126 bytes]","args":[35000]}
COMMAND: POST /session/00b8d6e8899bfbf6cc6d783774ce745e/window/maximize - {}
RESULT: {}
COMMAND: POST /session/00b8d6e8899bfbf6cc6d783774ce745e/execute/async - {"script":"<script> [1562 bytes]","args":[{"selector":{"id":"shell-header","interaction":{"idSuffix":"icon"}},"wdio_ui5_key":"shellheader"}]}
COMMAND: GET /session/00b8d6e8899bfbf6cc6d783774ce745e/screenshot - {}
RESULT: {"script":"<script> [1562 bytes]","args":[{"selector":{"id":"shell-header","interaction":{"idSuffix":"icon"}},"wdio_ui5_key":"shellheader"}]}
RESULT: undefined
COMMAND: POST /session/00b8d6e8899bfbf6cc6d783774ce745e/refresh - {}
RESULT: {}
RESULT: {}
COMMAND: GET /session/00b8d6e8899bfbf6cc6d783774ce745e/screenshot - {}
RESULT: {}
COMMAND: POST /session/00b8d6e8899bfbf6cc6d783774ce745e/refresh - {}
RESULT: {}
COMMAND: GET /session/00b8d6e8899bfbf6cc6d783774ce745e/screenshot - {}
RESULT: {}
COMMAND: POST /session/00b8d6e8899bfbf6cc6d783774ce745e/window/fullscreen - {}
RESULT: {}
COMMAND: POST /session/00b8d6e8899bfbf6cc6d783774ce745e/execute/async - {"script":"<script> [189 bytes]","args":[]}
RESULT: {"script":"<script> [189 bytes]","args":[]}
COMMAND: POST /session/00b8d6e8899bfbf6cc6d783774ce745e/execute/async - {"script":"<script> [123 bytes]","args":[]}
RESULT: {"script":"<script> [123 bytes]","args":[]}
COMMAND: POST /session/00b8d6e8899bfbf6cc6d783774ce745e/timeouts - {"script":"<number>"}
RESULT: {"script":"<number>"}
COMMAND: GET /session/00b8d6e8899bfbf6cc6d783774ce745e/timeouts - {}
RESULT: {}
RESULT: undefined
COMMAND: POST /session/00b8d6e8899bfbf6cc6d783774ce745e/execute/async - {"script":"<script> [2676 bytes]","args":[]}
RESULT: {"script":"<script> [2676 bytes]","args":[]}
COMMAND: POST /session/00b8d6e8899bfbf6cc6d783774ce745e/execute/async - {"script":"<script> [2342 bytes]","args":[{"protocol":"http","hostname":"0.0.0.0","path":"/","capabilities":{"browserName":"chrome","goog:chromeOptions":{"binary":"C:\\Program Files\\Google\\Chrome\\Application\\chrome.exe","args":["--start-maximized"]}},"logLevel":"warn","connectionRetryTimeout":120000,"connectionRetryCount":3,"logLevels":{},"enableDirectConnect":true,"strictSSL":true,"_":"65 more keys: [\"cacheDir\",\"port\",\"requestedCapabilities\",\"automationProtocol\",\"baseUrl\",\"waitforInterval\",\"waitforTimeout\",\"onReload\",\"beforeCommand\",\"afterCommand\",\"rootDir\",\"specs\",\"suites\",\"exclude\",\"groupLogsByTestSpec\",\"excludeDriverLogs\",\"bail\",\"framework\",\"reporters\",\"services\",\"maxInstances\",\"maxInstancesPerCapability\",\"injectGlobals\",\"filesToWatch\",\"execArgv\",\"runnerEnv\",\"runner\",\"shard\",\"specFileRetries\",\"specFileRetriesDelay\",\"specFileRetriesDeferred\",\"reporterSyncInterval\",\"reporterSyncTimeout\",\"cucumberFeaturesWithLineNumbers\",\"autoCompileOpts\",\"mochaOpts\",\"jasmineOpts\",\"cucumberOpts\",\"onPrepare\",\"onWorkerStart\",\"onWorkerEnd\",\"before\",\"beforeSession\",\"beforeSuite\",\"beforeHook\",\"beforeTest\",\"afterTest\",\"afterHook\",\"afterSuite\",\"afterSession\",\"after\",\"onComplete\",\"beforeAssertion\",\"afterAssertion\",\"beforeFeature\",\"beforeScenario\",\"beforeStep\",\"afterStep\",\"afterScenario\",\"afterFeature\",\"_\",\"suite\",\"$0\",\"ignoredWorkerServices\",\"wdi5\"]"}]}
RESULT: {"script":"<script> [2342 bytes]","args":[{"protocol":"http","hostname":"0.0.0.0","path":"/","capabilities":{"browserName":"chrome","goog:chromeOptions":{"binary":"C:\\Program Files\\Google\\Chrome\\Application\\chrome.exe","args":["--start-maximized"]}},"logLevel":"warn","connectionRetryTimeout":120000,"connectionRetryCount":3,"logLevels":{},"enableDirectConnect":true,"strictSSL":true,"_":"65 more keys: [\"cacheDir\",\"port\",\"requestedCapabilities\",\"automationProtocol\",\"baseUrl\",\"waitforInterval\",\"waitforTimeout\",\"onReload\",\"beforeCommand\",\"afterCommand\",\"rootDir\",\"specs\",\"suites\",\"exclude\",\"groupLogsByTestSpec\",\"excludeDriverLogs\",\"bail\",\"framework\",\"reporters\",\"services\",\"maxInstances\",\"maxInstancesPerCapability\",\"injectGlobals\",\"filesToWatch\",\"execArgv\",\"runnerEnv\",\"runner\",\"shard\",\"specFileRetries\",\"specFileRetriesDelay\",\"specFileRetriesDeferred\",\"reporterSyncInterval\",\"reporterSyncTimeout\",\"cucumberFeaturesWithLineNumbers\",\"autoCompileOpts\",\"mochaOpts\",\"jasmineOpts\",\"cucumberOpts\",\"onPrepare\",\"onWorkerStart\",\"onWorkerEnd\",\"before\",\"beforeSession\",\"beforeSuite\",\"beforeHook\",\"beforeTest\",\"afterTest\",\"afterHook\",\"afterSuite\",\"afterSession\",\"after\",\"onComplete\",\"beforeAssertion\",\"afterAssertion\",\"beforeFeature\",\"beforeScenario\",\"beforeStep\",\"afterStep\",\"afterScenario\",\"afterFeature\",\"_\",\"suite\",\"$0\",\"ignoredWorkerServices\",\"wdi5\"]"}]}
COMMAND: POST /session/00b8d6e8899bfbf6cc6d783774ce745e/execute/async - {"script":"<script> [21126 bytes]","args":[35000]}
RESULT: {"script":"<script> [21126 bytes]","args":[35000]}
]]></system-out>
    </testcase>
  </testsuite>
  <testsuite timestamp="2025-05-16T17:12:27" time="131.937" tests="3" failures="0" errors="0" skipped="0">
    <properties>
      <property name="specId" value="0" />
      <property name="suiteName" value="Set up pricing rule(OT) 104624" />
      <property name="capabilities" value="chrome.136_0_7103_93.windows" />
      <property name="file" value="file:///D:/a/1/s/test/specs/BTS/create-pricing-rule.spec.js" />
    </properties>
    <testcase classname="chrome.136_0_7103_93.windows.Set_up_pricing_rule(OT)_104624" name="Should create a new yard used for all following tests" time="0.024">
      <system-out><![CDATA[
COMMAND: POST /session/00b8d6e8899bfbf6cc6d783774ce745e/window/fullscreen - {}
RESULT: {}
]]></system-out>
    </testcase>
    <testcase classname="chrome.136_0_7103_93.windows.Set_up_pricing_rule(OT)_104624" name="Should create a new equipment used for all following tests" time="0.005" />
    <testcase classname="chrome.136_0_7103_93.windows.Set_up_pricing_rule(OT)_104624" name="Should create new pricing rule on the created resource from earlier module or above" time="75.141">
      <system-out><![CDATA[
COMMAND: POST /session/00b8d6e8899bfbf6cc6d783774ce745e/execute/async - {"script":"<script> [1562 bytes]","args":[{"selector":{"controlType":"sap.m.GenericTile","properties":{"header":"Manage Pricing Rules"}},"wdio_ui5_key":"sapm.GenericTile{\"header\":\"Manage Pricing Rules\"}"}]}
RESULT: {"script":"<script> [1562 bytes]","args":[{"selector":{"controlType":"sap.m.GenericTile","properties":{"header":"Manage Pricing Rules"}},"wdio_ui5_key":"sapm.GenericTile{\"header\":\"Manage Pricing Rules\"}"}]}
RESULT: undefined
COMMAND: POST /session/00b8d6e8899bfbf6cc6d783774ce745e/element - {"using":"xpath","value":"//*[@id=\"__tile55\"]"}
RESULT: {"using":"xpath","value":"//*[@id=\"__tile55\"]"}
COMMAND: POST /session/00b8d6e8899bfbf6cc6d783774ce745e/element/f.4E1637E628C3A2EF64D95C6C0224F564.d.63F81DA99A8C79B5645FE8826E54F33C.e.2319/click - {}
RESULT: {}
COMMAND: GET /session/00b8d6e8899bfbf6cc6d783774ce745e/screenshot - {}
RESULT: {}
COMMAND: POST /session/00b8d6e8899bfbf6cc6d783774ce745e/elements - {"using":"xpath","value":"//span[text()='Error']"}
RESULT: {"using":"xpath","value":"//span[text()='Error']"}
COMMAND: POST /session/00b8d6e8899bfbf6cc6d783774ce745e/execute/async - {"script":"<script> [1562 bytes]","args":[{"selector":{"controlType":"sap.ui.core.Icon","viewName":"etm.portal.ui.managepricingrules.view.MasterHeader","viewId":"application-managepricingrules-display-component---priceInfoHeader","properties":{"src":{"regex":{"source":"activity\\-items"}}}},"wdio_ui5_key":"etmportal.ui.managepricingrules.view.MasterHeadersap.ui.core.Icon{\"src\":{\"regex\":{\"source\":\"activity\\\\-items\"}}}"}]}
RESULT: {"script":"<script> [1562 bytes]","args":[{"selector":{"controlType":"sap.ui.core.Icon","viewName":"etm.portal.ui.managepricingrules.view.MasterHeader","viewId":"application-managepricingrules-display-component---priceInfoHeader","properties":{"src":{"regex":{"source":"activity\\-items"}}}},"wdio_ui5_key":"etmportal.ui.managepricingrules.view.MasterHeadersap.ui.core.Icon{\"src\":{\"regex\":{\"source\":\"activity\\\\-items\"}}}"}]}
RESULT: undefined
COMMAND: POST /session/00b8d6e8899bfbf6cc6d783774ce745e/element - {"using":"xpath","value":"//*[@id=\"__filter1-icon\"]"}
RESULT: {"using":"xpath","value":"//*[@id=\"__filter1-icon\"]"}
COMMAND: POST /session/00b8d6e8899bfbf6cc6d783774ce745e/element/f.4E1637E628C3A2EF64D95C6C0224F564.d.63F81DA99A8C79B5645FE8826E54F33C.e.2371/click - {}
RESULT: {}
COMMAND: GET /session/00b8d6e8899bfbf6cc6d783774ce745e/screenshot - {}
RESULT: {}
COMMAND: POST /session/00b8d6e8899bfbf6cc6d783774ce745e/element - {"using":"xpath","value":"//button[@data-kt=\"addButton\"]"}
RESULT: {"using":"xpath","value":"//button[@data-kt=\"addButton\"]"}
COMMAND: POST /session/00b8d6e8899bfbf6cc6d783774ce745e/elements - {"using":"xpath","value":"//button[@data-kt=\"addButton\"]"}
RESULT: {"using":"xpath","value":"//button[@data-kt=\"addButton\"]"}
COMMAND: POST /session/00b8d6e8899bfbf6cc6d783774ce745e/execute/sync - {"script":"<script> [8489 bytes]","args":[{"element-6066-11e4-a52e-4f735466cecf":"f.4E1637E628C3A2EF64D95C6C0224F564.d.63F81DA99A8C79B5645FE8826E54F33C.e.2419","ELEMENT":"f.4E1637E628C3A2EF64D95C6C0224F564.d.63F81DA99A8C79B5645FE8826E54F33C.e.2419"}]}
RESULT: {"script":"<script> [8489 bytes]","args":[{"element-6066-11e4-a52e-4f735466cecf":"f.4E1637E628C3A2EF64D95C6C0224F564.d.63F81DA99A8C79B5645FE8826E54F33C.e.2419","ELEMENT":"f.4E1637E628C3A2EF64D95C6C0224F564.d.63F81DA99A8C79B5645FE8826E54F33C.e.2419"}]}
COMMAND: GET /session/00b8d6e8899bfbf6cc6d783774ce745e/element/f.4E1637E628C3A2EF64D95C6C0224F564.d.63F81DA99A8C79B5645FE8826E54F33C.e.2419/enabled - {}
COMMAND: GET /session/00b8d6e8899bfbf6cc6d783774ce745e/screenshot - {}
RESULT: {}
COMMAND: POST /session/00b8d6e8899bfbf6cc6d783774ce745e/execute/sync - {"script":"<script> [8489 bytes]","args":[{"element-6066-11e4-a52e-4f735466cecf":"f.4E1637E628C3A2EF64D95C6C0224F564.d.63F81DA99A8C79B5645FE8826E54F33C.e.2419","ELEMENT":"f.4E1637E628C3A2EF64D95C6C0224F564.d.63F81DA99A8C79B5645FE8826E54F33C.e.2419"}]}
COMMAND: GET /session/00b8d6e8899bfbf6cc6d783774ce745e/screenshot - {}
RESULT: {}
RESULT: {"script":"<script> [8489 bytes]","args":[{"element-6066-11e4-a52e-4f735466cecf":"f.4E1637E628C3A2EF64D95C6C0224F564.d.63F81DA99A8C79B5645FE8826E54F33C.e.2419","ELEMENT":"f.4E1637E628C3A2EF64D95C6C0224F564.d.63F81DA99A8C79B5645FE8826E54F33C.e.2419"}]}
COMMAND: POST /session/00b8d6e8899bfbf6cc6d783774ce745e/execute/sync - {"script":"<script> [5351 bytes]","args":[{"element-6066-11e4-a52e-4f735466cecf":"f.4E1637E628C3A2EF64D95C6C0224F564.d.63F81DA99A8C79B5645FE8826E54F33C.e.2419","ELEMENT":"f.4E1637E628C3A2EF64D95C6C0224F564.d.63F81DA99A8C79B5645FE8826E54F33C.e.2419"}]}
COMMAND: GET /session/00b8d6e8899bfbf6cc6d783774ce745e/screenshot - {}
RESULT: {}
RESULT: {"script":"<script> [5351 bytes]","args":[{"element-6066-11e4-a52e-4f735466cecf":"f.4E1637E628C3A2EF64D95C6C0224F564.d.63F81DA99A8C79B5645FE8826E54F33C.e.2419","ELEMENT":"f.4E1637E628C3A2EF64D95C6C0224F564.d.63F81DA99A8C79B5645FE8826E54F33C.e.2419"}]}
COMMAND: POST /session/00b8d6e8899bfbf6cc6d783774ce745e/element/f.4E1637E628C3A2EF64D95C6C0224F564.d.63F81DA99A8C79B5645FE8826E54F33C.e.2419/click - {}
COMMAND: GET /session/00b8d6e8899bfbf6cc6d783774ce745e/screenshot - {}
RESULT: {}
RESULT: {}
COMMAND: GET /session/00b8d6e8899bfbf6cc6d783774ce745e/screenshot - {}
RESULT: {}
RESULT: {}
COMMAND: POST /session/00b8d6e8899bfbf6cc6d783774ce745e/execute/async - {"script":"<script> [1562 bytes]","args":[{"selector":{"controlType":"sap.m.Title","viewName":"etm.portal.ui.managepricingrules.view.NewItem","viewId":"application-managepricingrules-display-component---newInfoPriceItem","properties":{"text":"New Pricing Rules - Item Level"}},"wdio_ui5_key":"etmportal.ui.managepricingrules.view.NewItemsap.m.Title{\"text\":\"New Pricing Rules - Item Level\"}"}]}
RESULT: {"script":"<script> [1562 bytes]","args":[{"selector":{"controlType":"sap.m.Title","viewName":"etm.portal.ui.managepricingrules.view.NewItem","viewId":"application-managepricingrules-display-component---newInfoPriceItem","properties":{"text":"New Pricing Rules - Item Level"}},"wdio_ui5_key":"etmportal.ui.managepricingrules.view.NewItemsap.m.Title{\"text\":\"New Pricing Rules - Item Level\"}"}]}
RESULT: undefined
COMMAND: POST /session/00b8d6e8899bfbf6cc6d783774ce745e/execute/async - {"script":"<script> [6424 bytes]","args":[{"element-6066-11e4-a52e-4f735466cecf":"f.4E1637E628C3A2EF64D95C6C0224F564.d.63F81DA99A8C79B5645FE8826E54F33C.e.2702"},"getText",[]]}
RESULT: {"script":"<script> [6424 bytes]","args":[{"element-6066-11e4-a52e-4f735466cecf":"f.4E1637E628C3A2EF64D95C6C0224F564.d.63F81DA99A8C79B5645FE8826E54F33C.e.2702"},"getText",[]]}
COMMAND: POST /session/00b8d6e8899bfbf6cc6d783774ce745e/execute/async - {"script":"<script> [1562 bytes]","args":[{"selector":{"id":"application-managepricingrules-display-component---newInfoPriceItem--condValidTo","interaction":{"idSuffix":"inner"}},"wdio_ui5_key":"applicationmanagepricingrules-display-component---newInfoPriceItem--condValidTo"}]}
RESULT: {"script":"<script> [1562 bytes]","args":[{"selector":{"id":"application-managepricingrules-display-component---newInfoPriceItem--condValidTo","interaction":{"idSuffix":"inner"}},"wdio_ui5_key":"applicationmanagepricingrules-display-component---newInfoPriceItem--condValidTo"}]}
RESULT: undefined
COMMAND: POST /session/00b8d6e8899bfbf6cc6d783774ce745e/execute/async - {"script":"<script> [776 bytes]","args":[{"enterText":"1/16/26","selector":{"id":"application-managepricingrules-display-component---newInfoPriceItem--condValidTo","interaction":{"idSuffix":"inner"}},"clearTextFirst":true,"interactionType":"ENTER_TEXT"}]}
RESULT: {"script":"<script> [776 bytes]","args":[{"enterText":"1/16/26","selector":{"id":"application-managepricingrules-display-component---newInfoPriceItem--condValidTo","interaction":{"idSuffix":"inner"}},"clearTextFirst":true,"interactionType":"ENTER_TEXT"}]}
COMMAND: POST /session/00b8d6e8899bfbf6cc6d783774ce745e/element - {"using":"xpath","value":"//input[@id=\"application-managepricingrules-display-component---newInfoPriceItem--condRU-inner\"]"}
RESULT: {"using":"xpath","value":"//input[@id=\"application-managepricingrules-display-component---newInfoPriceItem--condRU-inner\"]"}
COMMAND: POST /session/00b8d6e8899bfbf6cc6d783774ce745e/element/f.4E1637E628C3A2EF64D95C6C0224F564.d.63F81DA99A8C79B5645FE8826E54F33C.e.2672/clear - {}
RESULT: {}
COMMAND: POST /session/00b8d6e8899bfbf6cc6d783774ce745e/element/f.4E1637E628C3A2EF64D95C6C0224F564.d.63F81DA99A8C79B5645FE8826E54F33C.e.2672/value - {"text":"AiJx39TYru"}
COMMAND: GET /session/00b8d6e8899bfbf6cc6d783774ce745e/screenshot - {}
RESULT: {"text":"AiJx39TYru"}
COMMAND: GET /session/00b8d6e8899bfbf6cc6d783774ce745e/screenshot - {}
RESULT: {}
RESULT: {}
COMMAND: POST /session/00b8d6e8899bfbf6cc6d783774ce745e/execute/async - {"script":"<script> [1562 bytes]","args":[{"selector":{"id":"application-managepricingrules-display-component---newInfoPriceItem--billType-arrow"},"wdio_ui5_key":"applicationmanagepricingrules-display-component---newInfoPriceItem--billType-arrow"}]}
RESULT: {"script":"<script> [1562 bytes]","args":[{"selector":{"id":"application-managepricingrules-display-component---newInfoPriceItem--billType-arrow"},"wdio_ui5_key":"applicationmanagepricingrules-display-component---newInfoPriceItem--billType-arrow"}]}
RESULT: undefined
COMMAND: POST /session/00b8d6e8899bfbf6cc6d783774ce745e/element - {"using":"xpath","value":"//*[@id=\"application-managepricingrules-display-component---newInfoPriceItem--billType-arrow\"]"}
RESULT: {"using":"xpath","value":"//*[@id=\"application-managepricingrules-display-component---newInfoPriceItem--billType-arrow\"]"}
COMMAND: POST /session/00b8d6e8899bfbf6cc6d783774ce745e/element/f.4E1637E628C3A2EF64D95C6C0224F564.d.63F81DA99A8C79B5645FE8826E54F33C.e.2759/click - {}
RESULT: {}
COMMAND: POST /session/00b8d6e8899bfbf6cc6d783774ce745e/element - {"using":"xpath","value":"//span[contains(text(), \"OT - Sales (one-time)\")]"}
COMMAND: GET /session/00b8d6e8899bfbf6cc6d783774ce745e/screenshot - {}
RESULT: {"using":"xpath","value":"//span[contains(text(), \"OT - Sales (one-time)\")]"}
COMMAND: POST /session/00b8d6e8899bfbf6cc6d783774ce745e/element/f.4E1637E628C3A2EF64D95C6C0224F564.d.63F81DA99A8C79B5645FE8826E54F33C.e.2810/click - {}
RESULT: {}
RESULT: {}
COMMAND: POST /session/00b8d6e8899bfbf6cc6d783774ce745e/execute/async - {"script":"<script> [1562 bytes]","args":[{"selector":{"id":"application-managepricingrules-display-component---newInfoPriceItem--priceProc-arrow"},"wdio_ui5_key":"applicationmanagepricingrules-display-component---newInfoPriceItem--priceProc-arrow"}]}
COMMAND: GET /session/00b8d6e8899bfbf6cc6d783774ce745e/screenshot - {}
RESULT: {"script":"<script> [1562 bytes]","args":[{"selector":{"id":"application-managepricingrules-display-component---newInfoPriceItem--priceProc-arrow"},"wdio_ui5_key":"applicationmanagepricingrules-display-component---newInfoPriceItem--priceProc-arrow"}]}
RESULT: undefined
COMMAND: POST /session/00b8d6e8899bfbf6cc6d783774ce745e/element - {"using":"xpath","value":"//*[@id=\"application-managepricingrules-display-component---newInfoPriceItem--priceProc-arrow\"]"}
RESULT: {}
RESULT: {"using":"xpath","value":"//*[@id=\"application-managepricingrules-display-component---newInfoPriceItem--priceProc-arrow\"]"}
COMMAND: POST /session/00b8d6e8899bfbf6cc6d783774ce745e/element/f.4E1637E628C3A2EF64D95C6C0224F564.d.63F81DA99A8C79B5645FE8826E54F33C.e.2766/click - {}
RESULT: {}
COMMAND: POST /session/00b8d6e8899bfbf6cc6d783774ce745e/element - {"using":"xpath","value":"//span[contains(text(), \"MAT - Material\")]"}
COMMAND: GET /session/00b8d6e8899bfbf6cc6d783774ce745e/screenshot - {}
RESULT: {"using":"xpath","value":"//span[contains(text(), \"MAT - Material\")]"}
COMMAND: POST /session/00b8d6e8899bfbf6cc6d783774ce745e/element/f.4E1637E628C3A2EF64D95C6C0224F564.d.63F81DA99A8C79B5645FE8826E54F33C.e.2811/click - {}
RESULT: {}
RESULT: {}
COMMAND: POST /session/00b8d6e8899bfbf6cc6d783774ce745e/execute/async - {"script":"<script> [1562 bytes]","args":[{"selector":{"id":"application-managepricingrules-display-component---newInfoPriceItem--calcBase-arrow"},"wdio_ui5_key":"applicationmanagepricingrules-display-component---newInfoPriceItem--calcBase-arrow"}]}
COMMAND: GET /session/00b8d6e8899bfbf6cc6d783774ce745e/screenshot - {}
RESULT: {"script":"<script> [1562 bytes]","args":[{"selector":{"id":"application-managepricingrules-display-component---newInfoPriceItem--calcBase-arrow"},"wdio_ui5_key":"applicationmanagepricingrules-display-component---newInfoPriceItem--calcBase-arrow"}]}
RESULT: undefined
COMMAND: POST /session/00b8d6e8899bfbf6cc6d783774ce745e/element - {"using":"xpath","value":"//*[@id=\"application-managepricingrules-display-component---newInfoPriceItem--calcBase-arrow\"]"}
RESULT: {}
RESULT: {"using":"xpath","value":"//*[@id=\"application-managepricingrules-display-component---newInfoPriceItem--calcBase-arrow\"]"}
COMMAND: POST /session/00b8d6e8899bfbf6cc6d783774ce745e/element/f.4E1637E628C3A2EF64D95C6C0224F564.d.63F81DA99A8C79B5645FE8826E54F33C.e.2773/click - {}
RESULT: {}
COMMAND: GET /session/00b8d6e8899bfbf6cc6d783774ce745e/screenshot - {}
RESULT: {}
COMMAND: POST /session/00b8d6e8899bfbf6cc6d783774ce745e/element - {"using":"xpath","value":"//span[contains(text(), \"0001 - TB(exact month + cal_days)\")]"}
RESULT: {"using":"xpath","value":"//span[contains(text(), \"0001 - TB(exact month + cal_days)\")]"}
COMMAND: POST /session/00b8d6e8899bfbf6cc6d783774ce745e/element/f.4E1637E628C3A2EF64D95C6C0224F564.d.63F81DA99A8C79B5645FE8826E54F33C.e.2812/click - {}
RESULT: {}
COMMAND: GET /session/00b8d6e8899bfbf6cc6d783774ce745e/screenshot - {}
RESULT: {}
COMMAND: POST /session/00b8d6e8899bfbf6cc6d783774ce745e/element - {"using":"xpath","value":"//button[@data-kt=\"saveNewRuleButton\"]"}
RESULT: {"using":"xpath","value":"//button[@data-kt=\"saveNewRuleButton\"]"}
COMMAND: POST /session/00b8d6e8899bfbf6cc6d783774ce745e/element/f.4E1637E628C3A2EF64D95C6C0224F564.d.63F81DA99A8C79B5645FE8826E54F33C.e.2794/click - {}
RESULT: {}
COMMAND: GET /session/00b8d6e8899bfbf6cc6d783774ce745e/screenshot - {}
RESULT: {}
COMMAND: POST /session/00b8d6e8899bfbf6cc6d783774ce745e/execute/async - {"script":"<script> [1562 bytes]","args":[{"selector":{"id":"application-managepricingrules-display-component---priceInfoItem--smartFilterBar-btnBasicSearch","interaction":{"idSuffix":"I"}},"wdio_ui5_key":"applicationmanagepricingrules-display-component---priceInfoItem--smartFilterBar-btnBasicSearch"}]}
RESULT: {"script":"<script> [1562 bytes]","args":[{"selector":{"id":"application-managepricingrules-display-component---priceInfoItem--smartFilterBar-btnBasicSearch","interaction":{"idSuffix":"I"}},"wdio_ui5_key":"applicationmanagepricingrules-display-component---priceInfoItem--smartFilterBar-btnBasicSearch"}]}
RESULT: undefined
COMMAND: POST /session/00b8d6e8899bfbf6cc6d783774ce745e/execute/async - {"script":"<script> [776 bytes]","args":[{"enterText":"AiJx39TYru","selector":{"id":"application-managepricingrules-display-component---priceInfoItem--smartFilterBar-btnBasicSearch","interaction":{"idSuffix":"I"}},"clearTextFirst":true,"interactionType":"ENTER_TEXT"}]}
RESULT: {"script":"<script> [776 bytes]","args":[{"enterText":"AiJx39TYru","selector":{"id":"application-managepricingrules-display-component---priceInfoItem--smartFilterBar-btnBasicSearch","interaction":{"idSuffix":"I"}},"clearTextFirst":true,"interactionType":"ENTER_TEXT"}]}
COMMAND: POST /session/00b8d6e8899bfbf6cc6d783774ce745e/actions - {"actions":[{"id":"action10","type":"key","parameters":{},"actions":[{"type":"keyDown","value":"î€‡"},{"type":"pause","duration":10},{"type":"keyUp","value":"î€‡"}]}]}
RESULT: {"actions":[{"id":"action10","type":"key","parameters":{},"actions":[{"type":"keyDown","value":"î€‡"},{"type":"pause","duration":10},{"type":"keyUp","value":"î€‡"}]}]}
COMMAND: GET /session/00b8d6e8899bfbf6cc6d783774ce745e/screenshot - {}
RESULT: {}
COMMAND: POST /session/00b8d6e8899bfbf6cc6d783774ce745e/element - {"using":"xpath","value":"//span[@id=\"application-managepricingrules-display-component---priceInfoItem--smartTable-header-inner\"]"}
RESULT: {"using":"xpath","value":"//span[@id=\"application-managepricingrules-display-component---priceInfoItem--smartTable-header-inner\"]"}
COMMAND: POST /session/00b8d6e8899bfbf6cc6d783774ce745e/elements - {"using":"xpath","value":"//span[@id=\"application-managepricingrules-display-component---priceInfoItem--smartTable-header-inner\"]"}
RESULT: {"using":"xpath","value":"//span[@id=\"application-managepricingrules-display-component---priceInfoItem--smartTable-header-inner\"]"}
COMMAND: POST /session/00b8d6e8899bfbf6cc6d783774ce745e/execute/sync - {"script":"<script> [56 bytes]","args":[{"element-6066-11e4-a52e-4f735466cecf":"f.4E1637E628C3A2EF64D95C6C0224F564.d.63F81DA99A8C79B5645FE8826E54F33C.e.2830","ELEMENT":"f.4E1637E628C3A2EF64D95C6C0224F564.d.63F81DA99A8C79B5645FE8826E54F33C.e.2830"}]}
RESULT: {"script":"<script> [56 bytes]","args":[{"element-6066-11e4-a52e-4f735466cecf":"f.4E1637E628C3A2EF64D95C6C0224F564.d.63F81DA99A8C79B5645FE8826E54F33C.e.2830","ELEMENT":"f.4E1637E628C3A2EF64D95C6C0224F564.d.63F81DA99A8C79B5645FE8826E54F33C.e.2830"}]}
COMMAND: POST /session/00b8d6e8899bfbf6cc6d783774ce745e/element - {"using":"css selector","value":"#shell-header-logo"}
COMMAND: GET /session/00b8d6e8899bfbf6cc6d783774ce745e/screenshot - {}
RESULT: {}
RESULT: {"using":"css selector","value":"#shell-header-logo"}
COMMAND: POST /session/00b8d6e8899bfbf6cc6d783774ce745e/element/f.4E1637E628C3A2EF64D95C6C0224F564.d.63F81DA99A8C79B5645FE8826E54F33C.e.2325/click - {}
RESULT: {}
COMMAND: GET /session/00b8d6e8899bfbf6cc6d783774ce745e/screenshot - {}
RESULT: {}
COMMAND: POST /session/00b8d6e8899bfbf6cc6d783774ce745e/element - {"using":"css selector","value":"#j_username"}
COMMAND: POST /session/00b8d6e8899bfbf6cc6d783774ce745e/url - {"url":"https://qa-testing-00-live-etm-ui.cfapps.eu10-004.hana.ondemand.com/"}
RESULT: {"using":"css selector","value":"#j_username"}
COMMAND: POST /session/00b8d6e8899bfbf6cc6d783774ce745e/element - {"using":"css selector","value":"#j_username"}
RESULT: {"url":"https://qa-testing-00-live-etm-ui.cfapps.eu10-004.hana.ondemand.com/"}
RESULT: undefined
COMMAND: GET /session/00b8d6e8899bfbf6cc6d783774ce745e/screenshot - {}
RESULT: {"using":"css selector","value":"#j_username"}
COMMAND: POST /session/00b8d6e8899bfbf6cc6d783774ce745e/element - {"using":"css selector","value":"#shell-header-logo"}
RESULT: {}
RESULT: {"using":"css selector","value":"#shell-header-logo"}
COMMAND: POST /session/00b8d6e8899bfbf6cc6d783774ce745e/execute/sync - {"script":"<script> [8489 bytes]","args":[{"element-6066-11e4-a52e-4f735466cecf":"f.4E1637E628C3A2EF64D95C6C0224F564.d.55D752B1FBB33B77D5032D4C5EBEA875.e.2845","ELEMENT":"f.4E1637E628C3A2EF64D95C6C0224F564.d.55D752B1FBB33B77D5032D4C5EBEA875.e.2845"}]}
RESULT: {"script":"<script> [8489 bytes]","args":[{"element-6066-11e4-a52e-4f735466cecf":"f.4E1637E628C3A2EF64D95C6C0224F564.d.55D752B1FBB33B77D5032D4C5EBEA875.e.2845","ELEMENT":"f.4E1637E628C3A2EF64D95C6C0224F564.d.55D752B1FBB33B77D5032D4C5EBEA875.e.2845"}]}
COMMAND: POST /session/00b8d6e8899bfbf6cc6d783774ce745e/element - {"using":"css selector","value":"#shell-header-logo"}
COMMAND: GET /session/00b8d6e8899bfbf6cc6d783774ce745e/screenshot - {}
RESULT: {"using":"css selector","value":"#shell-header-logo"}
COMMAND: POST /session/00b8d6e8899bfbf6cc6d783774ce745e/execute/sync - {"script":"<script> [8489 bytes]","args":[{"element-6066-11e4-a52e-4f735466cecf":"f.4E1637E628C3A2EF64D95C6C0224F564.d.55D752B1FBB33B77D5032D4C5EBEA875.e.2845","ELEMENT":"f.4E1637E628C3A2EF64D95C6C0224F564.d.55D752B1FBB33B77D5032D4C5EBEA875.e.2845"}]}
RESULT: {}
RESULT: {"script":"<script> [8489 bytes]","args":[{"element-6066-11e4-a52e-4f735466cecf":"f.4E1637E628C3A2EF64D95C6C0224F564.d.55D752B1FBB33B77D5032D4C5EBEA875.e.2845","ELEMENT":"f.4E1637E628C3A2EF64D95C6C0224F564.d.55D752B1FBB33B77D5032D4C5EBEA875.e.2845"}]}
COMMAND: POST /session/00b8d6e8899bfbf6cc6d783774ce745e/execute/sync - {"script":"<script> [5351 bytes]","args":[{"element-6066-11e4-a52e-4f735466cecf":"f.4E1637E628C3A2EF64D95C6C0224F564.d.55D752B1FBB33B77D5032D4C5EBEA875.e.2845","ELEMENT":"f.4E1637E628C3A2EF64D95C6C0224F564.d.55D752B1FBB33B77D5032D4C5EBEA875.e.2845"}]}
COMMAND: GET /session/00b8d6e8899bfbf6cc6d783774ce745e/screenshot - {}
RESULT: {"script":"<script> [5351 bytes]","args":[{"element-6066-11e4-a52e-4f735466cecf":"f.4E1637E628C3A2EF64D95C6C0224F564.d.55D752B1FBB33B77D5032D4C5EBEA875.e.2845","ELEMENT":"f.4E1637E628C3A2EF64D95C6C0224F564.d.55D752B1FBB33B77D5032D4C5EBEA875.e.2845"}]}
COMMAND: POST /session/00b8d6e8899bfbf6cc6d783774ce745e/element - {"using":"css selector","value":"#shell-header-logo"}
COMMAND: GET /session/00b8d6e8899bfbf6cc6d783774ce745e/screenshot - {}
RESULT: {}
RESULT: {"using":"css selector","value":"#shell-header-logo"}
COMMAND: POST /session/00b8d6e8899bfbf6cc6d783774ce745e/element/f.4E1637E628C3A2EF64D95C6C0224F564.d.55D752B1FBB33B77D5032D4C5EBEA875.e.2845/click - {}
RESULT: {}
RESULT: {}
COMMAND: GET /session/00b8d6e8899bfbf6cc6d783774ce745e/screenshot - {}
RESULT: {}
COMMAND: POST /session/00b8d6e8899bfbf6cc6d783774ce745e/execute/async - {"script":"<script> [189 bytes]","args":[]}
RESULT: {"script":"<script> [189 bytes]","args":[]}
COMMAND: POST /session/00b8d6e8899bfbf6cc6d783774ce745e/execute/async - {"script":"<script> [123 bytes]","args":[]}
RESULT: {"script":"<script> [123 bytes]","args":[]}
COMMAND: POST /session/00b8d6e8899bfbf6cc6d783774ce745e/timeouts - {"script":"<number>"}
RESULT: {"script":"<number>"}
COMMAND: GET /session/00b8d6e8899bfbf6cc6d783774ce745e/timeouts - {}
RESULT: {}
RESULT: undefined
COMMAND: POST /session/00b8d6e8899bfbf6cc6d783774ce745e/execute/async - {"script":"<script> [2676 bytes]","args":[]}
RESULT: {"script":"<script> [2676 bytes]","args":[]}
COMMAND: POST /session/00b8d6e8899bfbf6cc6d783774ce745e/execute/async - {"script":"<script> [2342 bytes]","args":[{"protocol":"http","hostname":"0.0.0.0","path":"/","capabilities":{"browserName":"chrome","goog:chromeOptions":{"binary":"C:\\Program Files\\Google\\Chrome\\Application\\chrome.exe","args":["--start-maximized"]}},"logLevel":"warn","connectionRetryTimeout":120000,"connectionRetryCount":3,"logLevels":{},"enableDirectConnect":true,"strictSSL":true,"_":"65 more keys: [\"cacheDir\",\"port\",\"requestedCapabilities\",\"automationProtocol\",\"baseUrl\",\"waitforInterval\",\"waitforTimeout\",\"onReload\",\"beforeCommand\",\"afterCommand\",\"rootDir\",\"specs\",\"suites\",\"exclude\",\"groupLogsByTestSpec\",\"excludeDriverLogs\",\"bail\",\"framework\",\"reporters\",\"services\",\"maxInstances\",\"maxInstancesPerCapability\",\"injectGlobals\",\"filesToWatch\",\"execArgv\",\"runnerEnv\",\"runner\",\"shard\",\"specFileRetries\",\"specFileRetriesDelay\",\"specFileRetriesDeferred\",\"reporterSyncInterval\",\"reporterSyncTimeout\",\"cucumberFeaturesWithLineNumbers\",\"autoCompileOpts\",\"mochaOpts\",\"jasmineOpts\",\"cucumberOpts\",\"onPrepare\",\"onWorkerStart\",\"onWorkerEnd\",\"before\",\"beforeSession\",\"beforeSuite\",\"beforeHook\",\"beforeTest\",\"afterTest\",\"afterHook\",\"afterSuite\",\"afterSession\",\"after\",\"onComplete\",\"beforeAssertion\",\"afterAssertion\",\"beforeFeature\",\"beforeScenario\",\"beforeStep\",\"afterStep\",\"afterScenario\",\"afterFeature\",\"_\",\"suite\",\"$0\",\"ignoredWorkerServices\",\"wdi5\"]"}]}
RESULT: {"script":"<script> [2342 bytes]","args":[{"protocol":"http","hostname":"0.0.0.0","path":"/","capabilities":{"browserName":"chrome","goog:chromeOptions":{"binary":"C:\\Program Files\\Google\\Chrome\\Application\\chrome.exe","args":["--start-maximized"]}},"logLevel":"warn","connectionRetryTimeout":120000,"connectionRetryCount":3,"logLevels":{},"enableDirectConnect":true,"strictSSL":true,"_":"65 more keys: [\"cacheDir\",\"port\",\"requestedCapabilities\",\"automationProtocol\",\"baseUrl\",\"waitforInterval\",\"waitforTimeout\",\"onReload\",\"beforeCommand\",\"afterCommand\",\"rootDir\",\"specs\",\"suites\",\"exclude\",\"groupLogsByTestSpec\",\"excludeDriverLogs\",\"bail\",\"framework\",\"reporters\",\"services\",\"maxInstances\",\"maxInstancesPerCapability\",\"injectGlobals\",\"filesToWatch\",\"execArgv\",\"runnerEnv\",\"runner\",\"shard\",\"specFileRetries\",\"specFileRetriesDelay\",\"specFileRetriesDeferred\",\"reporterSyncInterval\",\"reporterSyncTimeout\",\"cucumberFeaturesWithLineNumbers\",\"autoCompileOpts\",\"mochaOpts\",\"jasmineOpts\",\"cucumberOpts\",\"onPrepare\",\"onWorkerStart\",\"onWorkerEnd\",\"before\",\"beforeSession\",\"beforeSuite\",\"beforeHook\",\"beforeTest\",\"afterTest\",\"afterHook\",\"afterSuite\",\"afterSession\",\"after\",\"onComplete\",\"beforeAssertion\",\"afterAssertion\",\"beforeFeature\",\"beforeScenario\",\"beforeStep\",\"afterStep\",\"afterScenario\",\"afterFeature\",\"_\",\"suite\",\"$0\",\"ignoredWorkerServices\",\"wdi5\"]"}]}
COMMAND: POST /session/00b8d6e8899bfbf6cc6d783774ce745e/execute/async - {"script":"<script> [21126 bytes]","args":[35000]}
RESULT: {"script":"<script> [21126 bytes]","args":[35000]}
COMMAND: POST /session/00b8d6e8899bfbf6cc6d783774ce745e/window/maximize - {}
RESULT: {}
COMMAND: POST /session/00b8d6e8899bfbf6cc6d783774ce745e/execute/async - {"script":"<script> [1562 bytes]","args":[{"selector":{"id":"shell-header","interaction":{"idSuffix":"icon"}},"wdio_ui5_key":"shellheader"}]}
COMMAND: GET /session/00b8d6e8899bfbf6cc6d783774ce745e/screenshot - {}
RESULT: {"script":"<script> [1562 bytes]","args":[{"selector":{"id":"shell-header","interaction":{"idSuffix":"icon"}},"wdio_ui5_key":"shellheader"}]}
RESULT: undefined
COMMAND: POST /session/00b8d6e8899bfbf6cc6d783774ce745e/refresh - {}
RESULT: {}
RESULT: {}
COMMAND: GET /session/00b8d6e8899bfbf6cc6d783774ce745e/screenshot - {}
RESULT: {}
COMMAND: POST /session/00b8d6e8899bfbf6cc6d783774ce745e/refresh - {}
RESULT: {}
COMMAND: GET /session/00b8d6e8899bfbf6cc6d783774ce745e/screenshot - {}
RESULT: {}
COMMAND: POST /session/00b8d6e8899bfbf6cc6d783774ce745e/window/fullscreen - {}
RESULT: {}
COMMAND: POST /session/00b8d6e8899bfbf6cc6d783774ce745e/execute/async - {"script":"<script> [189 bytes]","args":[]}
RESULT: {"script":"<script> [189 bytes]","args":[]}
COMMAND: POST /session/00b8d6e8899bfbf6cc6d783774ce745e/execute/async - {"script":"<script> [123 bytes]","args":[]}
RESULT: {"script":"<script> [123 bytes]","args":[]}
COMMAND: POST /session/00b8d6e8899bfbf6cc6d783774ce745e/timeouts - {"script":"<number>"}
RESULT: {"script":"<number>"}
COMMAND: GET /session/00b8d6e8899bfbf6cc6d783774ce745e/timeouts - {}
RESULT: {}
RESULT: undefined
COMMAND: POST /session/00b8d6e8899bfbf6cc6d783774ce745e/execute/async - {"script":"<script> [2676 bytes]","args":[]}
RESULT: {"script":"<script> [2676 bytes]","args":[]}
COMMAND: POST /session/00b8d6e8899bfbf6cc6d783774ce745e/execute/async - {"script":"<script> [2342 bytes]","args":[{"protocol":"http","hostname":"0.0.0.0","path":"/","capabilities":{"browserName":"chrome","goog:chromeOptions":{"binary":"C:\\Program Files\\Google\\Chrome\\Application\\chrome.exe","args":["--start-maximized"]}},"logLevel":"warn","connectionRetryTimeout":120000,"connectionRetryCount":3,"logLevels":{},"enableDirectConnect":true,"strictSSL":true,"_":"65 more keys: [\"cacheDir\",\"port\",\"requestedCapabilities\",\"automationProtocol\",\"baseUrl\",\"waitforInterval\",\"waitforTimeout\",\"onReload\",\"beforeCommand\",\"afterCommand\",\"rootDir\",\"specs\",\"suites\",\"exclude\",\"groupLogsByTestSpec\",\"excludeDriverLogs\",\"bail\",\"framework\",\"reporters\",\"services\",\"maxInstances\",\"maxInstancesPerCapability\",\"injectGlobals\",\"filesToWatch\",\"execArgv\",\"runnerEnv\",\"runner\",\"shard\",\"specFileRetries\",\"specFileRetriesDelay\",\"specFileRetriesDeferred\",\"reporterSyncInterval\",\"reporterSyncTimeout\",\"cucumberFeaturesWithLineNumbers\",\"autoCompileOpts\",\"mochaOpts\",\"jasmineOpts\",\"cucumberOpts\",\"onPrepare\",\"onWorkerStart\",\"onWorkerEnd\",\"before\",\"beforeSession\",\"beforeSuite\",\"beforeHook\",\"beforeTest\",\"afterTest\",\"afterHook\",\"afterSuite\",\"afterSession\",\"after\",\"onComplete\",\"beforeAssertion\",\"afterAssertion\",\"beforeFeature\",\"beforeScenario\",\"beforeStep\",\"afterStep\",\"afterScenario\",\"afterFeature\",\"_\",\"suite\",\"$0\",\"ignoredWorkerServices\",\"wdi5\"]"}]}
RESULT: {"script":"<script> [2342 bytes]","args":[{"protocol":"http","hostname":"0.0.0.0","path":"/","capabilities":{"browserName":"chrome","goog:chromeOptions":{"binary":"C:\\Program Files\\Google\\Chrome\\Application\\chrome.exe","args":["--start-maximized"]}},"logLevel":"warn","connectionRetryTimeout":120000,"connectionRetryCount":3,"logLevels":{},"enableDirectConnect":true,"strictSSL":true,"_":"65 more keys: [\"cacheDir\",\"port\",\"requestedCapabilities\",\"automationProtocol\",\"baseUrl\",\"waitforInterval\",\"waitforTimeout\",\"onReload\",\"beforeCommand\",\"afterCommand\",\"rootDir\",\"specs\",\"suites\",\"exclude\",\"groupLogsByTestSpec\",\"excludeDriverLogs\",\"bail\",\"framework\",\"reporters\",\"services\",\"maxInstances\",\"maxInstancesPerCapability\",\"injectGlobals\",\"filesToWatch\",\"execArgv\",\"runnerEnv\",\"runner\",\"shard\",\"specFileRetries\",\"specFileRetriesDelay\",\"specFileRetriesDeferred\",\"reporterSyncInterval\",\"reporterSyncTimeout\",\"cucumberFeaturesWithLineNumbers\",\"autoCompileOpts\",\"mochaOpts\",\"jasmineOpts\",\"cucumberOpts\",\"onPrepare\",\"onWorkerStart\",\"onWorkerEnd\",\"before\",\"beforeSession\",\"beforeSuite\",\"beforeHook\",\"beforeTest\",\"afterTest\",\"afterHook\",\"afterSuite\",\"afterSession\",\"after\",\"onComplete\",\"beforeAssertion\",\"afterAssertion\",\"beforeFeature\",\"beforeScenario\",\"beforeStep\",\"afterStep\",\"afterScenario\",\"afterFeature\",\"_\",\"suite\",\"$0\",\"ignoredWorkerServices\",\"wdi5\"]"}]}
COMMAND: POST /session/00b8d6e8899bfbf6cc6d783774ce745e/execute/async - {"script":"<script> [21126 bytes]","args":[35000]}
RESULT: {"script":"<script> [21126 bytes]","args":[35000]}
]]></system-out>
    </testcase>
  </testsuite>
  <testsuite timestamp="2025-05-16T17:14:39" time="443.973" tests="6" failures="0" errors="0" skipped="0">
    <properties>
      <property name="specId" value="0" />
      <property name="suiteName" value="Edit and delete daily price US134629 US134627" />
      <property name="capabilities" value="chrome.136_0_7103_93.windows" />
      <property name="file" value="file:///D:/a/1/s/test/specs/BTS/conditions-prices-daily-price.spec.js" />
    </properties>
    <testcase classname="chrome.136_0_7103_93.windows.Edit_and_delete_daily_price_US134629_US134627" name="Should create a new yard used for all following tests" time="0.032">
      <system-out><![CDATA[
COMMAND: POST /session/00b8d6e8899bfbf6cc6d783774ce745e/window/fullscreen - {}
RESULT: {}
]]></system-out>
    </testcase>
    <testcase classname="chrome.136_0_7103_93.windows.Edit_and_delete_daily_price_US134629_US134627" name="Should create a new partner" time="152.264">
      <system-out><![CDATA[
COMMAND: POST /session/00b8d6e8899bfbf6cc6d783774ce745e/window/fullscreen - {}
RESULT: {}
COMMAND: POST /session/00b8d6e8899bfbf6cc6d783774ce745e/execute/async - {"script":"<script> [1562 bytes]","args":[{"selector":{"controlType":"sap.m.GenericTile","properties":{"header":"Manage Partners"}},"wdio_ui5_key":"sapm.GenericTile{\"header\":\"Manage Partners\"}"}]}
RESULT: {"script":"<script> [1562 bytes]","args":[{"selector":{"controlType":"sap.m.GenericTile","properties":{"header":"Manage Partners"}},"wdio_ui5_key":"sapm.GenericTile{\"header\":\"Manage Partners\"}"}]}
RESULT: undefined
COMMAND: POST /session/00b8d6e8899bfbf6cc6d783774ce745e/element - {"using":"xpath","value":"//*[@id=\"__tile38\"]"}
RESULT: {"using":"xpath","value":"//*[@id=\"__tile38\"]"}
COMMAND: POST /session/00b8d6e8899bfbf6cc6d783774ce745e/element/f.4E1637E628C3A2EF64D95C6C0224F564.d.9417199F2AAEC526343A5A23B723D54B.e.3003/click - {}
RESULT: {}
COMMAND: GET /session/00b8d6e8899bfbf6cc6d783774ce745e/screenshot - {}
RESULT: {}
COMMAND: POST /session/00b8d6e8899bfbf6cc6d783774ce745e/elements - {"using":"xpath","value":"//span[text()='Error']"}
RESULT: {"using":"xpath","value":"//span[text()='Error']"}
COMMAND: POST /session/00b8d6e8899bfbf6cc6d783774ce745e/element - {"using":"xpath","value":"//button[@data-kt=\"addButton\"]"}
RESULT: {"using":"xpath","value":"//button[@data-kt=\"addButton\"]"}
COMMAND: POST /session/00b8d6e8899bfbf6cc6d783774ce745e/elements - {"using":"xpath","value":"//button[@data-kt=\"addButton\"]"}
RESULT: {"using":"xpath","value":"//button[@data-kt=\"addButton\"]"}
COMMAND: POST /session/00b8d6e8899bfbf6cc6d783774ce745e/elements - {"using":"xpath","value":"//button[@data-kt=\"addButton\"]"}
RESULT: {"using":"xpath","value":"//button[@data-kt=\"addButton\"]"}
COMMAND: POST /session/00b8d6e8899bfbf6cc6d783774ce745e/elements - {"using":"xpath","value":"//button[@data-kt=\"addButton\"]"}
RESULT: {"using":"xpath","value":"//button[@data-kt=\"addButton\"]"}
COMMAND: POST /session/00b8d6e8899bfbf6cc6d783774ce745e/elements - {"using":"xpath","value":"//button[@data-kt=\"addButton\"]"}
RESULT: {"using":"xpath","value":"//button[@data-kt=\"addButton\"]"}
COMMAND: POST /session/00b8d6e8899bfbf6cc6d783774ce745e/elements - {"using":"xpath","value":"//button[@data-kt=\"addButton\"]"}
RESULT: {"using":"xpath","value":"//button[@data-kt=\"addButton\"]"}
COMMAND: POST /session/00b8d6e8899bfbf6cc6d783774ce745e/elements - {"using":"xpath","value":"//button[@data-kt=\"addButton\"]"}
RESULT: {"using":"xpath","value":"//button[@data-kt=\"addButton\"]"}
COMMAND: POST /session/00b8d6e8899bfbf6cc6d783774ce745e/elements - {"using":"xpath","value":"//button[@data-kt=\"addButton\"]"}
RESULT: {"using":"xpath","value":"//button[@data-kt=\"addButton\"]"}
COMMAND: POST /session/00b8d6e8899bfbf6cc6d783774ce745e/elements - {"using":"xpath","value":"//button[@data-kt=\"addButton\"]"}
RESULT: {"using":"xpath","value":"//button[@data-kt=\"addButton\"]"}
COMMAND: POST /session/00b8d6e8899bfbf6cc6d783774ce745e/elements - {"using":"xpath","value":"//button[@data-kt=\"addButton\"]"}
RESULT: {"using":"xpath","value":"//button[@data-kt=\"addButton\"]"}
COMMAND: POST /session/00b8d6e8899bfbf6cc6d783774ce745e/elements - {"using":"xpath","value":"//button[@data-kt=\"addButton\"]"}
RESULT: {"using":"xpath","value":"//button[@data-kt=\"addButton\"]"}
COMMAND: POST /session/00b8d6e8899bfbf6cc6d783774ce745e/element - {"using":"xpath","value":"//button[@data-kt=\"addButton\"]"}
RESULT: {"using":"xpath","value":"//button[@data-kt=\"addButton\"]"}
COMMAND: POST /session/00b8d6e8899bfbf6cc6d783774ce745e/execute/sync - {"script":"<script> [8489 bytes]","args":[{"element-6066-11e4-a52e-4f735466cecf":"f.4E1637E628C3A2EF64D95C6C0224F564.d.9417199F2AAEC526343A5A23B723D54B.e.3150","ELEMENT":"f.4E1637E628C3A2EF64D95C6C0224F564.d.9417199F2AAEC526343A5A23B723D54B.e.3150"}]}
RESULT: {"script":"<script> [8489 bytes]","args":[{"element-6066-11e4-a52e-4f735466cecf":"f.4E1637E628C3A2EF64D95C6C0224F564.d.9417199F2AAEC526343A5A23B723D54B.e.3150","ELEMENT":"f.4E1637E628C3A2EF64D95C6C0224F564.d.9417199F2AAEC526343A5A23B723D54B.e.3150"}]}
COMMAND: GET /session/00b8d6e8899bfbf6cc6d783774ce745e/element/f.4E1637E628C3A2EF64D95C6C0224F564.d.9417199F2AAEC526343A5A23B723D54B.e.3150/enabled - {}
COMMAND: GET /session/00b8d6e8899bfbf6cc6d783774ce745e/screenshot - {}
RESULT: {}
COMMAND: POST /session/00b8d6e8899bfbf6cc6d783774ce745e/execute/sync - {"script":"<script> [8489 bytes]","args":[{"element-6066-11e4-a52e-4f735466cecf":"f.4E1637E628C3A2EF64D95C6C0224F564.d.9417199F2AAEC526343A5A23B723D54B.e.3150","ELEMENT":"f.4E1637E628C3A2EF64D95C6C0224F564.d.9417199F2AAEC526343A5A23B723D54B.e.3150"}]}
COMMAND: GET /session/00b8d6e8899bfbf6cc6d783774ce745e/screenshot - {}
RESULT: {}
RESULT: {"script":"<script> [8489 bytes]","args":[{"element-6066-11e4-a52e-4f735466cecf":"f.4E1637E628C3A2EF64D95C6C0224F564.d.9417199F2AAEC526343A5A23B723D54B.e.3150","ELEMENT":"f.4E1637E628C3A2EF64D95C6C0224F564.d.9417199F2AAEC526343A5A23B723D54B.e.3150"}]}
COMMAND: POST /session/00b8d6e8899bfbf6cc6d783774ce745e/execute/sync - {"script":"<script> [5351 bytes]","args":[{"element-6066-11e4-a52e-4f735466cecf":"f.4E1637E628C3A2EF64D95C6C0224F564.d.9417199F2AAEC526343A5A23B723D54B.e.3150","ELEMENT":"f.4E1637E628C3A2EF64D95C6C0224F564.d.9417199F2AAEC526343A5A23B723D54B.e.3150"}]}
COMMAND: GET /session/00b8d6e8899bfbf6cc6d783774ce745e/screenshot - {}
RESULT: {}
RESULT: {"script":"<script> [5351 bytes]","args":[{"element-6066-11e4-a52e-4f735466cecf":"f.4E1637E628C3A2EF64D95C6C0224F564.d.9417199F2AAEC526343A5A23B723D54B.e.3150","ELEMENT":"f.4E1637E628C3A2EF64D95C6C0224F564.d.9417199F2AAEC526343A5A23B723D54B.e.3150"}]}
COMMAND: POST /session/00b8d6e8899bfbf6cc6d783774ce745e/element/f.4E1637E628C3A2EF64D95C6C0224F564.d.9417199F2AAEC526343A5A23B723D54B.e.3150/click - {}
COMMAND: GET /session/00b8d6e8899bfbf6cc6d783774ce745e/screenshot - {}
RESULT: {}
RESULT: {}
COMMAND: GET /session/00b8d6e8899bfbf6cc6d783774ce745e/screenshot - {}
COMMAND: POST /session/00b8d6e8899bfbf6cc6d783774ce745e/execute/async - {"script":"<script> [1562 bytes]","args":[{"selector":{"id":"application-managepartners-display-component---NewPartner--addressDetailDetailsName1","interaction":{"idSuffix":"inner"}},"wdio_ui5_key":"applicationmanagepartners-display-component---NewPartner--addressDetailDetailsName1"}]}
RESULT: {}
RESULT: {}
RESULT: {"script":"<script> [1562 bytes]","args":[{"selector":{"id":"application-managepartners-display-component---NewPartner--addressDetailDetailsName1","interaction":{"idSuffix":"inner"}},"wdio_ui5_key":"applicationmanagepartners-display-component---NewPartner--addressDetailDetailsName1"}]}
RESULT: undefined
COMMAND: POST /session/00b8d6e8899bfbf6cc6d783774ce745e/execute/async - {"script":"<script> [776 bytes]","args":[{"enterText":"DailyPrice Partner WDIO","selector":{"id":"application-managepartners-display-component---NewPartner--addressDetailDetailsName1","interaction":{"idSuffix":"inner"}},"clearTextFirst":true,"interactionType":"ENTER_TEXT"}]}
RESULT: {"script":"<script> [776 bytes]","args":[{"enterText":"DailyPrice Partner WDIO","selector":{"id":"application-managepartners-display-component---NewPartner--addressDetailDetailsName1","interaction":{"idSuffix":"inner"}},"clearTextFirst":true,"interactionType":"ENTER_TEXT"}]}
COMMAND: POST /session/00b8d6e8899bfbf6cc6d783774ce745e/execute/async - {"script":"<script> [1562 bytes]","args":[{"selector":{"id":"application-managepartners-display-component---NewPartner--addressDetailDetailsLanguage-arrow"},"wdio_ui5_key":"applicationmanagepartners-display-component---NewPartner--addressDetailDetailsLanguage-arrow"}]}
RESULT: {"script":"<script> [1562 bytes]","args":[{"selector":{"id":"application-managepartners-display-component---NewPartner--addressDetailDetailsLanguage-arrow"},"wdio_ui5_key":"applicationmanagepartners-display-component---NewPartner--addressDetailDetailsLanguage-arrow"}]}
RESULT: undefined
COMMAND: POST /session/00b8d6e8899bfbf6cc6d783774ce745e/element - {"using":"xpath","value":"//*[@id=\"application-managepartners-display-component---NewPartner--addressDetailDetailsLanguage-arrow\"]"}
RESULT: {"using":"xpath","value":"//*[@id=\"application-managepartners-display-component---NewPartner--addressDetailDetailsLanguage-arrow\"]"}
COMMAND: POST /session/00b8d6e8899bfbf6cc6d783774ce745e/element/f.4E1637E628C3A2EF64D95C6C0224F564.d.9417199F2AAEC526343A5A23B723D54B.e.3605/click - {}
RESULT: {}
COMMAND: POST /session/00b8d6e8899bfbf6cc6d783774ce745e/element - {"using":"xpath","value":"//span[contains(text(), \"English\")]"}
COMMAND: GET /session/00b8d6e8899bfbf6cc6d783774ce745e/screenshot - {}
RESULT: {"using":"xpath","value":"//span[contains(text(), \"English\")]"}
COMMAND: POST /session/00b8d6e8899bfbf6cc6d783774ce745e/element/f.4E1637E628C3A2EF64D95C6C0224F564.d.9417199F2AAEC526343A5A23B723D54B.e.3606/click - {}
RESULT: {}
RESULT: {}
COMMAND: GET /session/00b8d6e8899bfbf6cc6d783774ce745e/screenshot - {}
RESULT: {}
COMMAND: POST /session/00b8d6e8899bfbf6cc6d783774ce745e/execute/async - {"script":"<script> [1562 bytes]","args":[{"selector":{"id":"application-managepartners-display-component---NewPartner--addressDetailDetailsCity1","interaction":{"idSuffix":"inner"}},"wdio_ui5_key":"applicationmanagepartners-display-component---NewPartner--addressDetailDetailsCity1"}]}
RESULT: {"script":"<script> [1562 bytes]","args":[{"selector":{"id":"application-managepartners-display-component---NewPartner--addressDetailDetailsCity1","interaction":{"idSuffix":"inner"}},"wdio_ui5_key":"applicationmanagepartners-display-component---NewPartner--addressDetailDetailsCity1"}]}
RESULT: undefined
COMMAND: POST /session/00b8d6e8899bfbf6cc6d783774ce745e/execute/async - {"script":"<script> [776 bytes]","args":[{"enterText":"Rosario","selector":{"id":"application-managepartners-display-component---NewPartner--addressDetailDetailsCity1","interaction":{"idSuffix":"inner"}},"clearTextFirst":true,"interactionType":"ENTER_TEXT"}]}
RESULT: {"script":"<script> [776 bytes]","args":[{"enterText":"Rosario","selector":{"id":"application-managepartners-display-component---NewPartner--addressDetailDetailsCity1","interaction":{"idSuffix":"inner"}},"clearTextFirst":true,"interactionType":"ENTER_TEXT"}]}
COMMAND: POST /session/00b8d6e8899bfbf6cc6d783774ce745e/execute/async - {"script":"<script> [1562 bytes]","args":[{"selector":{"id":"application-managepartners-display-component---NewPartner--addressDetailDetailsCountry-arrow"},"wdio_ui5_key":"applicationmanagepartners-display-component---NewPartner--addressDetailDetailsCountry-arrow"}]}
RESULT: {"script":"<script> [1562 bytes]","args":[{"selector":{"id":"application-managepartners-display-component---NewPartner--addressDetailDetailsCountry-arrow"},"wdio_ui5_key":"applicationmanagepartners-display-component---NewPartner--addressDetailDetailsCountry-arrow"}]}
RESULT: undefined
COMMAND: POST /session/00b8d6e8899bfbf6cc6d783774ce745e/element - {"using":"xpath","value":"//*[@id=\"application-managepartners-display-component---NewPartner--addressDetailDetailsCountry-arrow\"]"}
RESULT: {"using":"xpath","value":"//*[@id=\"application-managepartners-display-component---NewPartner--addressDetailDetailsCountry-arrow\"]"}
COMMAND: POST /session/00b8d6e8899bfbf6cc6d783774ce745e/element/f.4E1637E628C3A2EF64D95C6C0224F564.d.9417199F2AAEC526343A5A23B723D54B.e.3592/click - {}
RESULT: {}
COMMAND: POST /session/00b8d6e8899bfbf6cc6d783774ce745e/element - {"using":"xpath","value":"//span[contains(text(), \"Argentina\")]"}
COMMAND: GET /session/00b8d6e8899bfbf6cc6d783774ce745e/screenshot - {}
RESULT: {"using":"xpath","value":"//span[contains(text(), \"Argentina\")]"}
COMMAND: POST /session/00b8d6e8899bfbf6cc6d783774ce745e/element/f.4E1637E628C3A2EF64D95C6C0224F564.d.9417199F2AAEC526343A5A23B723D54B.e.3608/click - {}
RESULT: {}
RESULT: {}
COMMAND: GET /session/00b8d6e8899bfbf6cc6d783774ce745e/screenshot - {}
RESULT: {}
COMMAND: POST /session/00b8d6e8899bfbf6cc6d783774ce745e/element - {"using":"xpath","value":"//bdi[contains(text(), \"Commercial\")]"}
RESULT: {"using":"xpath","value":"//bdi[contains(text(), \"Commercial\")]"}
COMMAND: POST /session/00b8d6e8899bfbf6cc6d783774ce745e/element/f.4E1637E628C3A2EF64D95C6C0224F564.d.9417199F2AAEC526343A5A23B723D54B.e.3609/click - {}
RESULT: {}
COMMAND: GET /session/00b8d6e8899bfbf6cc6d783774ce745e/screenshot - {}
RESULT: {}
COMMAND: POST /session/00b8d6e8899bfbf6cc6d783774ce745e/execute/async - {"script":"<script> [1562 bytes]","args":[{"selector":{"id":"application-managepartners-display-component---NewPartner--partnerDetailInternal-arrow"},"wdio_ui5_key":"applicationmanagepartners-display-component---NewPartner--partnerDetailInternal-arrow"}]}
RESULT: {"script":"<script> [1562 bytes]","args":[{"selector":{"id":"application-managepartners-display-component---NewPartner--partnerDetailInternal-arrow"},"wdio_ui5_key":"applicationmanagepartners-display-component---NewPartner--partnerDetailInternal-arrow"}]}
RESULT: undefined
COMMAND: POST /session/00b8d6e8899bfbf6cc6d783774ce745e/element - {"using":"xpath","value":"//*[@id=\"application-managepartners-display-component---NewPartner--partnerDetailInternal-arrow\"]"}
RESULT: {"using":"xpath","value":"//*[@id=\"application-managepartners-display-component---NewPartner--partnerDetailInternal-arrow\"]"}
COMMAND: POST /session/00b8d6e8899bfbf6cc6d783774ce745e/element/f.4E1637E628C3A2EF64D95C6C0224F564.d.9417199F2AAEC526343A5A23B723D54B.e.3615/click - {}
RESULT: {}
COMMAND: POST /session/00b8d6e8899bfbf6cc6d783774ce745e/element - {"using":"xpath","value":"//span[contains(text(), \"Affiliated company\")]"}
COMMAND: GET /session/00b8d6e8899bfbf6cc6d783774ce745e/screenshot - {}
RESULT: {"using":"xpath","value":"//span[contains(text(), \"Affiliated company\")]"}
COMMAND: POST /session/00b8d6e8899bfbf6cc6d783774ce745e/element/f.4E1637E628C3A2EF64D95C6C0224F564.d.9417199F2AAEC526343A5A23B723D54B.e.3616/click - {}
RESULT: {}
RESULT: {}
COMMAND: POST /session/00b8d6e8899bfbf6cc6d783774ce745e/execute/async - {"script":"<script> [1562 bytes]","args":[{"selector":{"id":"application-managepartners-display-component---NewPartner--partnerDetailsCurrency-arrow"},"wdio_ui5_key":"applicationmanagepartners-display-component---NewPartner--partnerDetailsCurrency-arrow"}]}
COMMAND: GET /session/00b8d6e8899bfbf6cc6d783774ce745e/screenshot - {}
RESULT: {"script":"<script> [1562 bytes]","args":[{"selector":{"id":"application-managepartners-display-component---NewPartner--partnerDetailsCurrency-arrow"},"wdio_ui5_key":"applicationmanagepartners-display-component---NewPartner--partnerDetailsCurrency-arrow"}]}
RESULT: undefined
COMMAND: POST /session/00b8d6e8899bfbf6cc6d783774ce745e/element - {"using":"xpath","value":"//*[@id=\"application-managepartners-display-component---NewPartner--partnerDetailsCurrency-arrow\"]"}
RESULT: {}
RESULT: {"using":"xpath","value":"//*[@id=\"application-managepartners-display-component---NewPartner--partnerDetailsCurrency-arrow\"]"}
COMMAND: POST /session/00b8d6e8899bfbf6cc6d783774ce745e/element/f.4E1637E628C3A2EF64D95C6C0224F564.d.9417199F2AAEC526343A5A23B723D54B.e.3623/click - {}
RESULT: {}
COMMAND: POST /session/00b8d6e8899bfbf6cc6d783774ce745e/element - {"using":"xpath","value":"//span[contains(text(), \"Euro\")]"}
COMMAND: GET /session/00b8d6e8899bfbf6cc6d783774ce745e/screenshot - {}
RESULT: {"using":"xpath","value":"//span[contains(text(), \"Euro\")]"}
COMMAND: POST /session/00b8d6e8899bfbf6cc6d783774ce745e/element/f.4E1637E628C3A2EF64D95C6C0224F564.d.9417199F2AAEC526343A5A23B723D54B.e.3624/click - {}
RESULT: {}
RESULT: {}
COMMAND: POST /session/00b8d6e8899bfbf6cc6d783774ce745e/execute/async - {"script":"<script> [1562 bytes]","args":[{"selector":{"id":"application-managepartners-display-component---NewPartner--addressEditDetailsCostObjectCstType-arrow"},"wdio_ui5_key":"applicationmanagepartners-display-component---NewPartner--addressEditDetailsCostObjectCstType-arrow"}]}
COMMAND: GET /session/00b8d6e8899bfbf6cc6d783774ce745e/screenshot - {}
RESULT: {"script":"<script> [1562 bytes]","args":[{"selector":{"id":"application-managepartners-display-component---NewPartner--addressEditDetailsCostObjectCstType-arrow"},"wdio_ui5_key":"applicationmanagepartners-display-component---NewPartner--addressEditDetailsCostObjectCstType-arrow"}]}
RESULT: undefined
COMMAND: POST /session/00b8d6e8899bfbf6cc6d783774ce745e/element - {"using":"xpath","value":"//*[@id=\"application-managepartners-display-component---NewPartner--addressEditDetailsCostObjectCstType-arrow\"]"}
RESULT: {}
RESULT: {"using":"xpath","value":"//*[@id=\"application-managepartners-display-component---NewPartner--addressEditDetailsCostObjectCstType-arrow\"]"}
COMMAND: POST /session/00b8d6e8899bfbf6cc6d783774ce745e/element/f.4E1637E628C3A2EF64D95C6C0224F564.d.9417199F2AAEC526343A5A23B723D54B.e.3625/click - {}
RESULT: {}
COMMAND: POST /session/00b8d6e8899bfbf6cc6d783774ce745e/element - {"using":"xpath","value":"//span[contains(text(), \"Cost Center\")]"}
COMMAND: GET /session/00b8d6e8899bfbf6cc6d783774ce745e/screenshot - {}
RESULT: {"using":"xpath","value":"//span[contains(text(), \"Cost Center\")]"}
COMMAND: POST /session/00b8d6e8899bfbf6cc6d783774ce745e/element/f.4E1637E628C3A2EF64D95C6C0224F564.d.9417199F2AAEC526343A5A23B723D54B.e.3626/click - {}
RESULT: {}
RESULT: {}
COMMAND: GET /session/00b8d6e8899bfbf6cc6d783774ce745e/screenshot - {}
RESULT: {}
COMMAND: POST /session/00b8d6e8899bfbf6cc6d783774ce745e/element - {"using":"xpath","value":"//span[@id=\"application-managepartners-display-component---NewPartner--addressNewCostObjectCstID-vhi\"]"}
RESULT: {"using":"xpath","value":"//span[@id=\"application-managepartners-display-component---NewPartner--addressNewCostObjectCstID-vhi\"]"}
COMMAND: POST /session/00b8d6e8899bfbf6cc6d783774ce745e/execute/sync - {"script":"<script> [8489 bytes]","args":[{"element-6066-11e4-a52e-4f735466cecf":"f.4E1637E628C3A2EF64D95C6C0224F564.d.9417199F2AAEC526343A5A23B723D54B.e.3630","ELEMENT":"f.4E1637E628C3A2EF64D95C6C0224F564.d.9417199F2AAEC526343A5A23B723D54B.e.3630"}]}
RESULT: {"script":"<script> [8489 bytes]","args":[{"element-6066-11e4-a52e-4f735466cecf":"f.4E1637E628C3A2EF64D95C6C0224F564.d.9417199F2AAEC526343A5A23B723D54B.e.3630","ELEMENT":"f.4E1637E628C3A2EF64D95C6C0224F564.d.9417199F2AAEC526343A5A23B723D54B.e.3630"}]}
COMMAND: POST /session/00b8d6e8899bfbf6cc6d783774ce745e/execute/async - {"script":"<script> [1562 bytes]","args":[{"selector":{"id":"application-managepartners-display-component---NewPartner--addressNewCostObjectCstID-vhi"},"wdio_ui5_key":"applicationmanagepartners-display-component---NewPartner--addressNewCostObjectCstID-vhi"}]}
COMMAND: GET /session/00b8d6e8899bfbf6cc6d783774ce745e/screenshot - {}
RESULT: {"script":"<script> [1562 bytes]","args":[{"selector":{"id":"application-managepartners-display-component---NewPartner--addressNewCostObjectCstID-vhi"},"wdio_ui5_key":"applicationmanagepartners-display-component---NewPartner--addressNewCostObjectCstID-vhi"}]}
RESULT: undefined
COMMAND: POST /session/00b8d6e8899bfbf6cc6d783774ce745e/element - {"using":"xpath","value":"//*[@id=\"application-managepartners-display-component---NewPartner--addressNewCostObjectCstID-vhi\"]"}
RESULT: {}
RESULT: {"using":"xpath","value":"//*[@id=\"application-managepartners-display-component---NewPartner--addressNewCostObjectCstID-vhi\"]"}
COMMAND: POST /session/00b8d6e8899bfbf6cc6d783774ce745e/element/f.4E1637E628C3A2EF64D95C6C0224F564.d.9417199F2AAEC526343A5A23B723D54B.e.3630/click - {}
RESULT: {}
COMMAND: GET /session/00b8d6e8899bfbf6cc6d783774ce745e/screenshot - {}
RESULT: {}
COMMAND: POST /session/00b8d6e8899bfbf6cc6d783774ce745e/execute/async - {"script":"<script> [1562 bytes]","args":[{"selector":{"controlType":"sap.m.SearchField","properties":{"placeholder":"Search"},"searchOpenDialogs":true,"interaction":{"idSuffix":"I"}},"wdio_ui5_key":"sapm.SearchField{\"placeholder\":\"Search\"}"}]}
RESULT: {"script":"<script> [1562 bytes]","args":[{"selector":{"controlType":"sap.m.SearchField","properties":{"placeholder":"Search"},"searchOpenDialogs":true,"interaction":{"idSuffix":"I"}},"wdio_ui5_key":"sapm.SearchField{\"placeholder\":\"Search\"}"}]}
RESULT: undefined
COMMAND: POST /session/00b8d6e8899bfbf6cc6d783774ce745e/execute/async - {"script":"<script> [776 bytes]","args":[{"enterText":"10001013","selector":{"controlType":"sap.m.SearchField","properties":{"placeholder":"Search"},"searchOpenDialogs":true,"interaction":{"idSuffix":"I"}},"clearTextFirst":true,"interactionType":"ENTER_TEXT"}]}
RESULT: {"script":"<script> [776 bytes]","args":[{"enterText":"10001013","selector":{"controlType":"sap.m.SearchField","properties":{"placeholder":"Search"},"searchOpenDialogs":true,"interaction":{"idSuffix":"I"}},"clearTextFirst":true,"interactionType":"ENTER_TEXT"}]}
COMMAND: POST /session/00b8d6e8899bfbf6cc6d783774ce745e/actions - {"actions":[{"id":"action11","type":"key","parameters":{},"actions":[{"type":"keyDown","value":"î€‡"},{"type":"pause","duration":10},{"type":"keyUp","value":"î€‡"}]}]}
RESULT: {"actions":[{"id":"action11","type":"key","parameters":{},"actions":[{"type":"keyDown","value":"î€‡"},{"type":"pause","duration":10},{"type":"keyUp","value":"î€‡"}]}]}
COMMAND: GET /session/00b8d6e8899bfbf6cc6d783774ce745e/screenshot - {}
RESULT: {}
COMMAND: POST /session/00b8d6e8899bfbf6cc6d783774ce745e/element - {"using":"xpath","value":"//span[contains(text(), \"General Management\")]"}
RESULT: {"using":"xpath","value":"//span[contains(text(), \"General Management\")]"}
COMMAND: POST /session/00b8d6e8899bfbf6cc6d783774ce745e/element/f.4E1637E628C3A2EF64D95C6C0224F564.d.9417199F2AAEC526343A5A23B723D54B.e.3674/click - {}
RESULT: {}
COMMAND: GET /session/00b8d6e8899bfbf6cc6d783774ce745e/screenshot - {}
RESULT: {}
COMMAND: POST /session/00b8d6e8899bfbf6cc6d783774ce745e/element - {"using":"xpath","value":"//bdi[contains(text(), \"OK\")]"}
RESULT: {"using":"xpath","value":"//bdi[contains(text(), \"OK\")]"}
COMMAND: POST /session/00b8d6e8899bfbf6cc6d783774ce745e/element/f.4E1637E628C3A2EF64D95C6C0224F564.d.9417199F2AAEC526343A5A23B723D54B.e.3675/click - {}
RESULT: {}
COMMAND: GET /session/00b8d6e8899bfbf6cc6d783774ce745e/screenshot - {}
RESULT: {}
COMMAND: POST /session/00b8d6e8899bfbf6cc6d783774ce745e/element - {"using":"xpath","value":"//input[@id=\"application-managepartners-display-component---NewPartner--companyCodeComboBox-inner\"]"}
RESULT: {"using":"xpath","value":"//input[@id=\"application-managepartners-display-component---NewPartner--companyCodeComboBox-inner\"]"}
COMMAND: POST /session/00b8d6e8899bfbf6cc6d783774ce745e/element/f.4E1637E628C3A2EF64D95C6C0224F564.d.9417199F2AAEC526343A5A23B723D54B.e.3474/clear - {}
RESULT: {}
COMMAND: POST /session/00b8d6e8899bfbf6cc6d783774ce745e/element/f.4E1637E628C3A2EF64D95C6C0224F564.d.9417199F2AAEC526343A5A23B723D54B.e.3474/value - {"text":"C002"}
COMMAND: GET /session/00b8d6e8899bfbf6cc6d783774ce745e/screenshot - {}
RESULT: {"text":"C002"}
COMMAND: GET /session/00b8d6e8899bfbf6cc6d783774ce745e/screenshot - {}
RESULT: {}
RESULT: {}
COMMAND: POST /session/00b8d6e8899bfbf6cc6d783774ce745e/element - {"using":"xpath","value":"//li[.//span[text()= \"C002\"]]"}
RESULT: {"using":"xpath","value":"//li[.//span[text()= \"C002\"]]"}
COMMAND: POST /session/00b8d6e8899bfbf6cc6d783774ce745e/element/f.4E1637E628C3A2EF64D95C6C0224F564.d.9417199F2AAEC526343A5A23B723D54B.e.3681/click - {}
RESULT: {}
COMMAND: GET /session/00b8d6e8899bfbf6cc6d783774ce745e/screenshot - {}
RESULT: {}
COMMAND: POST /session/00b8d6e8899bfbf6cc6d783774ce745e/execute/async - {"script":"<script> [1562 bytes]","args":[{"selector":{"id":"application-managepartners-display-component---NewPartner--btnAddTableRow-img"},"wdio_ui5_key":"applicationmanagepartners-display-component---NewPartner--btnAddTableRow-img"}]}
RESULT: {"script":"<script> [1562 bytes]","args":[{"selector":{"id":"application-managepartners-display-component---NewPartner--btnAddTableRow-img"},"wdio_ui5_key":"applicationmanagepartners-display-component---NewPartner--btnAddTableRow-img"}]}
RESULT: undefined
COMMAND: POST /session/00b8d6e8899bfbf6cc6d783774ce745e/element - {"using":"xpath","value":"//*[@id=\"application-managepartners-display-component---NewPartner--btnAddTableRow-img\"]"}
RESULT: {"using":"xpath","value":"//*[@id=\"application-managepartners-display-component---NewPartner--btnAddTableRow-img\"]"}
COMMAND: POST /session/00b8d6e8899bfbf6cc6d783774ce745e/element/f.4E1637E628C3A2EF64D95C6C0224F564.d.9417199F2AAEC526343A5A23B723D54B.e.3682/click - {}
RESULT: {}
COMMAND: GET /session/00b8d6e8899bfbf6cc6d783774ce745e/screenshot - {}
RESULT: {}
COMMAND: POST /session/00b8d6e8899bfbf6cc6d783774ce745e/element - {"using":"xpath","value":"//input[@id=\"application-managepartners-display-component---NewPartner--assignmentYard-application-managepartners-display-component---NewPartner--assignmentsTable-0-inner\"]"}
RESULT: {"using":"xpath","value":"//input[@id=\"application-managepartners-display-component---NewPartner--assignmentYard-application-managepartners-display-component---NewPartner--assignmentsTable-0-inner\"]"}
COMMAND: POST /session/00b8d6e8899bfbf6cc6d783774ce745e/element/f.4E1637E628C3A2EF64D95C6C0224F564.d.9417199F2AAEC526343A5A23B723D54B.e.3685/clear - {}
RESULT: {}
COMMAND: POST /session/00b8d6e8899bfbf6cc6d783774ce745e/element/f.4E1637E628C3A2EF64D95C6C0224F564.d.9417199F2AAEC526343A5A23B723D54B.e.3685/value - {"text":"477"}
COMMAND: GET /session/00b8d6e8899bfbf6cc6d783774ce745e/screenshot - {}
RESULT: {"text":"477"}
COMMAND: GET /session/00b8d6e8899bfbf6cc6d783774ce745e/screenshot - {}
RESULT: {}
RESULT: {}
COMMAND: POST /session/00b8d6e8899bfbf6cc6d783774ce745e/element - {"using":"xpath","value":"//li[.//span[text()='477']]"}
RESULT: {"using":"xpath","value":"//li[.//span[text()='477']]"}
COMMAND: POST /session/00b8d6e8899bfbf6cc6d783774ce745e/element/f.4E1637E628C3A2EF64D95C6C0224F564.d.9417199F2AAEC526343A5A23B723D54B.e.3694/click - {}
RESULT: {}
COMMAND: GET /session/00b8d6e8899bfbf6cc6d783774ce745e/screenshot - {}
RESULT: {}
COMMAND: POST /session/00b8d6e8899bfbf6cc6d783774ce745e/actions - {"actions":[{"id":"action12","type":"key","parameters":{},"actions":[{"type":"keyDown","value":"î€‡"},{"type":"pause","duration":10},{"type":"keyUp","value":"î€‡"}]}]}
RESULT: {"actions":[{"id":"action12","type":"key","parameters":{},"actions":[{"type":"keyDown","value":"î€‡"},{"type":"pause","duration":10},{"type":"keyUp","value":"î€‡"}]}]}
COMMAND: POST /session/00b8d6e8899bfbf6cc6d783774ce745e/execute/async - {"script":"<script> [1562 bytes]","args":[{"selector":{"id":"application-managepartners-display-component---NewPartner--externalCustomerComboBox-application-managepartners-display-component---NewPartner--assignmentsTable-0-vhi"},"wdio_ui5_key":"applicationmanagepartners-display-component---NewPartner--externalCustomerComboBox-application-managepartners-display-component---NewPartner--assignmentsTable-0-vhi"}]}
COMMAND: GET /session/00b8d6e8899bfbf6cc6d783774ce745e/screenshot - {}
RESULT: {"script":"<script> [1562 bytes]","args":[{"selector":{"id":"application-managepartners-display-component---NewPartner--externalCustomerComboBox-application-managepartners-display-component---NewPartner--assignmentsTable-0-vhi"},"wdio_ui5_key":"applicationmanagepartners-display-component---NewPartner--externalCustomerComboBox-application-managepartners-display-component---NewPartner--assignmentsTable-0-vhi"}]}
RESULT: undefined
COMMAND: POST /session/00b8d6e8899bfbf6cc6d783774ce745e/element - {"using":"xpath","value":"//*[@id=\"application-managepartners-display-component---NewPartner--externalCustomerComboBox-application-managepartners-display-component---NewPartner--assignmentsTable-0-vhi\"]"}
RESULT: {}
RESULT: {"using":"xpath","value":"//*[@id=\"application-managepartners-display-component---NewPartner--externalCustomerComboBox-application-managepartners-display-component---NewPartner--assignmentsTable-0-vhi\"]"}
COMMAND: POST /session/00b8d6e8899bfbf6cc6d783774ce745e/element/f.4E1637E628C3A2EF64D95C6C0224F564.d.9417199F2AAEC526343A5A23B723D54B.e.3698/click - {}
RESULT: {}
RESULT: undefined
COMMAND: POST /session/00b8d6e8899bfbf6cc6d783774ce745e/execute/async - {"script":"<script> [776 bytes]","args":[{"enterText":"300003","selector":{"controlType":"sap.m.SearchField","properties":{"placeholder":"Search"},"searchOpenDialogs":true,"interaction":{"idSuffix":"I"}},"clearTextFirst":true,"interactionType":"ENTER_TEXT"}]}
COMMAND: GET /session/00b8d6e8899bfbf6cc6d783774ce745e/screenshot - {}
RESULT: {"script":"<script> [776 bytes]","args":[{"enterText":"300003","selector":{"controlType":"sap.m.SearchField","properties":{"placeholder":"Search"},"searchOpenDialogs":true,"interaction":{"idSuffix":"I"}},"clearTextFirst":true,"interactionType":"ENTER_TEXT"}]}
COMMAND: POST /session/00b8d6e8899bfbf6cc6d783774ce745e/actions - {"actions":[{"id":"action13","type":"key","parameters":{},"actions":[{"type":"keyDown","value":"î€‡"},{"type":"pause","duration":10},{"type":"keyUp","value":"î€‡"}]}]}
RESULT: {}
RESULT: {"actions":[{"id":"action13","type":"key","parameters":{},"actions":[{"type":"keyDown","value":"î€‡"},{"type":"pause","duration":10},{"type":"keyUp","value":"î€‡"}]}]}
COMMAND: GET /session/00b8d6e8899bfbf6cc6d783774ce745e/screenshot - {}
RESULT: {}
COMMAND: POST /session/00b8d6e8899bfbf6cc6d783774ce745e/element - {"using":"xpath","value":"//span[contains(text(), \"300003\")]"}
RESULT: {"using":"xpath","value":"//span[contains(text(), \"300003\")]"}
COMMAND: POST /session/00b8d6e8899bfbf6cc6d783774ce745e/element/f.4E1637E628C3A2EF64D95C6C0224F564.d.9417199F2AAEC526343A5A23B723D54B.e.3717/click - {}
RESULT: {}
COMMAND: GET /session/00b8d6e8899bfbf6cc6d783774ce745e/screenshot - {}
RESULT: {}
COMMAND: POST /session/00b8d6e8899bfbf6cc6d783774ce745e/element - {"using":"xpath","value":"//bdi[contains(text(), \"OK\")]"}
RESULT: {"using":"xpath","value":"//bdi[contains(text(), \"OK\")]"}
COMMAND: POST /session/00b8d6e8899bfbf6cc6d783774ce745e/element/f.4E1637E628C3A2EF64D95C6C0224F564.d.9417199F2AAEC526343A5A23B723D54B.e.3719/click - {}
RESULT: {}
COMMAND: GET /session/00b8d6e8899bfbf6cc6d783774ce745e/screenshot - {}
RESULT: {}
COMMAND: POST /session/00b8d6e8899bfbf6cc6d783774ce745e/execute/async - {"script":"<script> [1562 bytes]","args":[{"selector":{"id":"application-managepartners-display-component---NewPartner--intercompVendorComboBox-application-managepartners-display-component---NewPartner--assignmentsTable-0-vhi"},"wdio_ui5_key":"applicationmanagepartners-display-component---NewPartner--intercompVendorComboBox-application-managepartners-display-component---NewPartner--assignmentsTable-0-vhi"}]}
RESULT: {"script":"<script> [1562 bytes]","args":[{"selector":{"id":"application-managepartners-display-component---NewPartner--intercompVendorComboBox-application-managepartners-display-component---NewPartner--assignmentsTable-0-vhi"},"wdio_ui5_key":"applicationmanagepartners-display-component---NewPartner--intercompVendorComboBox-application-managepartners-display-component---NewPartner--assignmentsTable-0-vhi"}]}
RESULT: undefined
COMMAND: POST /session/00b8d6e8899bfbf6cc6d783774ce745e/element - {"using":"xpath","value":"//*[@id=\"application-managepartners-display-component---NewPartner--intercompVendorComboBox-application-managepartners-display-component---NewPartner--assignmentsTable-0-vhi\"]"}
RESULT: {"using":"xpath","value":"//*[@id=\"application-managepartners-display-component---NewPartner--intercompVendorComboBox-application-managepartners-display-component---NewPartner--assignmentsTable-0-vhi\"]"}
COMMAND: POST /session/00b8d6e8899bfbf6cc6d783774ce745e/element/f.4E1637E628C3A2EF64D95C6C0224F564.d.9417199F2AAEC526343A5A23B723D54B.e.3722/click - {}
RESULT: {}
RESULT: undefined
COMMAND: POST /session/00b8d6e8899bfbf6cc6d783774ce745e/execute/async - {"script":"<script> [776 bytes]","args":[{"enterText":"100005","selector":{"controlType":"sap.m.SearchField","properties":{"placeholder":"Search"},"searchOpenDialogs":true,"interaction":{"idSuffix":"I"}},"clearTextFirst":true,"interactionType":"ENTER_TEXT"}]}
COMMAND: GET /session/00b8d6e8899bfbf6cc6d783774ce745e/screenshot - {}
RESULT: {"script":"<script> [776 bytes]","args":[{"enterText":"100005","selector":{"controlType":"sap.m.SearchField","properties":{"placeholder":"Search"},"searchOpenDialogs":true,"interaction":{"idSuffix":"I"}},"clearTextFirst":true,"interactionType":"ENTER_TEXT"}]}
COMMAND: POST /session/00b8d6e8899bfbf6cc6d783774ce745e/actions - {"actions":[{"id":"action14","type":"key","parameters":{},"actions":[{"type":"keyDown","value":"î€‡"},{"type":"pause","duration":10},{"type":"keyUp","value":"î€‡"}]}]}
RESULT: {}
RESULT: {"actions":[{"id":"action14","type":"key","parameters":{},"actions":[{"type":"keyDown","value":"î€‡"},{"type":"pause","duration":10},{"type":"keyUp","value":"î€‡"}]}]}
COMMAND: GET /session/00b8d6e8899bfbf6cc6d783774ce745e/screenshot - {}
RESULT: {}
COMMAND: POST /session/00b8d6e8899bfbf6cc6d783774ce745e/element - {"using":"xpath","value":"//span[contains(text(), \"Penguins - Field/12345 Berlin\")]"}
RESULT: {"using":"xpath","value":"//span[contains(text(), \"Penguins - Field/12345 Berlin\")]"}
COMMAND: POST /session/00b8d6e8899bfbf6cc6d783774ce745e/element/f.4E1637E628C3A2EF64D95C6C0224F564.d.9417199F2AAEC526343A5A23B723D54B.e.3740/click - {}
RESULT: {}
COMMAND: GET /session/00b8d6e8899bfbf6cc6d783774ce745e/screenshot - {}
RESULT: {}
COMMAND: POST /session/00b8d6e8899bfbf6cc6d783774ce745e/element - {"using":"xpath","value":"//bdi[contains(text(), \"OK\")]"}
RESULT: {"using":"xpath","value":"//bdi[contains(text(), \"OK\")]"}
COMMAND: POST /session/00b8d6e8899bfbf6cc6d783774ce745e/element/f.4E1637E628C3A2EF64D95C6C0224F564.d.9417199F2AAEC526343A5A23B723D54B.e.3741/click - {}
RESULT: {}
COMMAND: GET /session/00b8d6e8899bfbf6cc6d783774ce745e/screenshot - {}
RESULT: {}
COMMAND: POST /session/00b8d6e8899bfbf6cc6d783774ce745e/element - {"using":"xpath","value":"//button[@data-kt=\"saveButton\"]"}
RESULT: {"using":"xpath","value":"//button[@data-kt=\"saveButton\"]"}
COMMAND: POST /session/00b8d6e8899bfbf6cc6d783774ce745e/element/f.4E1637E628C3A2EF64D95C6C0224F564.d.9417199F2AAEC526343A5A23B723D54B.e.3508/click - {}
RESULT: {}
COMMAND: GET /session/00b8d6e8899bfbf6cc6d783774ce745e/screenshot - {}
RESULT: {}
COMMAND: POST /session/00b8d6e8899bfbf6cc6d783774ce745e/element - {"using":"xpath","value":"//header[contains(@id, 'ObjectPageLayout-headerTitle')]/div[1]/div[2]/div[2]/span[1]"}
RESULT: {"using":"xpath","value":"//header[contains(@id, 'ObjectPageLayout-headerTitle')]/div[1]/div[2]/div[2]/span[1]"}
COMMAND: POST /session/00b8d6e8899bfbf6cc6d783774ce745e/elements - {"using":"xpath","value":"//header[contains(@id, 'ObjectPageLayout-headerTitle')]/div[1]/div[2]/div[2]/span[1]"}
RESULT: {"using":"xpath","value":"//header[contains(@id, 'ObjectPageLayout-headerTitle')]/div[1]/div[2]/div[2]/span[1]"}
COMMAND: POST /session/00b8d6e8899bfbf6cc6d783774ce745e/execute/sync - {"script":"<script> [56 bytes]","args":[{"element-6066-11e4-a52e-4f735466cecf":"f.4E1637E628C3A2EF64D95C6C0224F564.d.9417199F2AAEC526343A5A23B723D54B.e.3907","ELEMENT":"f.4E1637E628C3A2EF64D95C6C0224F564.d.9417199F2AAEC526343A5A23B723D54B.e.3907"}]}
RESULT: {"script":"<script> [56 bytes]","args":[{"element-6066-11e4-a52e-4f735466cecf":"f.4E1637E628C3A2EF64D95C6C0224F564.d.9417199F2AAEC526343A5A23B723D54B.e.3907","ELEMENT":"f.4E1637E628C3A2EF64D95C6C0224F564.d.9417199F2AAEC526343A5A23B723D54B.e.3907"}]}
COMMAND: POST /session/00b8d6e8899bfbf6cc6d783774ce745e/element - {"using":"css selector","value":"#shell-header-logo"}
COMMAND: GET /session/00b8d6e8899bfbf6cc6d783774ce745e/screenshot - {}
RESULT: {"using":"css selector","value":"#shell-header-logo"}
COMMAND: POST /session/00b8d6e8899bfbf6cc6d783774ce745e/element/f.4E1637E628C3A2EF64D95C6C0224F564.d.9417199F2AAEC526343A5A23B723D54B.e.3115/click - {}
RESULT: {}
RESULT: {}
COMMAND: GET /session/00b8d6e8899bfbf6cc6d783774ce745e/screenshot - {}
RESULT: {}
COMMAND: POST /session/00b8d6e8899bfbf6cc6d783774ce745e/execute/sync - {"script":"<script> [299 bytes]","args":[["getModel","getResource"]]}
RESULT: {"script":"<script> [299 bytes]","args":[["getModel","getResource"]]}
]]></system-out>
    </testcase>
    <testcase classname="chrome.136_0_7103_93.windows.Edit_and_delete_daily_price_US134629_US134627" name="Should create a new site used for following tests" time="110.746">
      <system-out><![CDATA[
COMMAND: GET /session/00b8d6e8899bfbf6cc6d783774ce745e/screenshot - {}
COMMAND: POST /session/00b8d6e8899bfbf6cc6d783774ce745e/execute/async - {"script":"<script> [1562 bytes]","args":[{"selector":{"controlType":"sap.m.GenericTile","properties":{"header":"Manage Sites"}},"wdio_ui5_key":"sapm.GenericTile{\"header\":\"Manage Sites\"}"}]}
RESULT: {}
RESULT: {"script":"<script> [1562 bytes]","args":[{"selector":{"controlType":"sap.m.GenericTile","properties":{"header":"Manage Sites"}},"wdio_ui5_key":"sapm.GenericTile{\"header\":\"Manage Sites\"}"}]}
RESULT: undefined
COMMAND: POST /session/00b8d6e8899bfbf6cc6d783774ce745e/element - {"using":"xpath","value":"//*[@id=\"__tile40\"]"}
RESULT: {"using":"xpath","value":"//*[@id=\"__tile40\"]"}
COMMAND: POST /session/00b8d6e8899bfbf6cc6d783774ce745e/element/f.4E1637E628C3A2EF64D95C6C0224F564.d.9417199F2AAEC526343A5A23B723D54B.e.3009/click - {}
RESULT: {}
COMMAND: GET /session/00b8d6e8899bfbf6cc6d783774ce745e/screenshot - {}
RESULT: {}
COMMAND: POST /session/00b8d6e8899bfbf6cc6d783774ce745e/elements - {"using":"xpath","value":"//span[text()='Error']"}
RESULT: {"using":"xpath","value":"//span[text()='Error']"}
COMMAND: POST /session/00b8d6e8899bfbf6cc6d783774ce745e/element - {"using":"xpath","value":"//button[@data-kt=\"addOverflowToolbarButton\"]"}
RESULT: {"using":"xpath","value":"//button[@data-kt=\"addOverflowToolbarButton\"]"}
COMMAND: POST /session/00b8d6e8899bfbf6cc6d783774ce745e/elements - {"using":"xpath","value":"//button[@data-kt=\"addOverflowToolbarButton\"]"}
RESULT: {"using":"xpath","value":"//button[@data-kt=\"addOverflowToolbarButton\"]"}
COMMAND: POST /session/00b8d6e8899bfbf6cc6d783774ce745e/execute/sync - {"script":"<script> [8489 bytes]","args":[{"element-6066-11e4-a52e-4f735466cecf":"f.4E1637E628C3A2EF64D95C6C0224F564.d.9417199F2AAEC526343A5A23B723D54B.e.3955","ELEMENT":"f.4E1637E628C3A2EF64D95C6C0224F564.d.9417199F2AAEC526343A5A23B723D54B.e.3955"}]}
RESULT: {"script":"<script> [8489 bytes]","args":[{"element-6066-11e4-a52e-4f735466cecf":"f.4E1637E628C3A2EF64D95C6C0224F564.d.9417199F2AAEC526343A5A23B723D54B.e.3955","ELEMENT":"f.4E1637E628C3A2EF64D95C6C0224F564.d.9417199F2AAEC526343A5A23B723D54B.e.3955"}]}
COMMAND: GET /session/00b8d6e8899bfbf6cc6d783774ce745e/element/f.4E1637E628C3A2EF64D95C6C0224F564.d.9417199F2AAEC526343A5A23B723D54B.e.3955/enabled - {}
COMMAND: GET /session/00b8d6e8899bfbf6cc6d783774ce745e/screenshot - {}
RESULT: {}
COMMAND: POST /session/00b8d6e8899bfbf6cc6d783774ce745e/execute/sync - {"script":"<script> [8489 bytes]","args":[{"element-6066-11e4-a52e-4f735466cecf":"f.4E1637E628C3A2EF64D95C6C0224F564.d.9417199F2AAEC526343A5A23B723D54B.e.3955","ELEMENT":"f.4E1637E628C3A2EF64D95C6C0224F564.d.9417199F2AAEC526343A5A23B723D54B.e.3955"}]}
COMMAND: GET /session/00b8d6e8899bfbf6cc6d783774ce745e/screenshot - {}
RESULT: {}
RESULT: {}
RESULT: {"script":"<script> [8489 bytes]","args":[{"element-6066-11e4-a52e-4f735466cecf":"f.4E1637E628C3A2EF64D95C6C0224F564.d.9417199F2AAEC526343A5A23B723D54B.e.3955","ELEMENT":"f.4E1637E628C3A2EF64D95C6C0224F564.d.9417199F2AAEC526343A5A23B723D54B.e.3955"}]}
COMMAND: POST /session/00b8d6e8899bfbf6cc6d783774ce745e/execute/sync - {"script":"<script> [5351 bytes]","args":[{"element-6066-11e4-a52e-4f735466cecf":"f.4E1637E628C3A2EF64D95C6C0224F564.d.9417199F2AAEC526343A5A23B723D54B.e.3955","ELEMENT":"f.4E1637E628C3A2EF64D95C6C0224F564.d.9417199F2AAEC526343A5A23B723D54B.e.3955"}]}
COMMAND: GET /session/00b8d6e8899bfbf6cc6d783774ce745e/screenshot - {}
RESULT: {"script":"<script> [5351 bytes]","args":[{"element-6066-11e4-a52e-4f735466cecf":"f.4E1637E628C3A2EF64D95C6C0224F564.d.9417199F2AAEC526343A5A23B723D54B.e.3955","ELEMENT":"f.4E1637E628C3A2EF64D95C6C0224F564.d.9417199F2AAEC526343A5A23B723D54B.e.3955"}]}
COMMAND: POST /session/00b8d6e8899bfbf6cc6d783774ce745e/element/f.4E1637E628C3A2EF64D95C6C0224F564.d.9417199F2AAEC526343A5A23B723D54B.e.3955/click - {}
COMMAND: GET /session/00b8d6e8899bfbf6cc6d783774ce745e/screenshot - {}
RESULT: {}
RESULT: {}
COMMAND: GET /session/00b8d6e8899bfbf6cc6d783774ce745e/screenshot - {}
RESULT: {}
RESULT: {}
COMMAND: POST /session/00b8d6e8899bfbf6cc6d783774ce745e/element - {"using":"xpath","value":"//input[@id=\"application-managesites-display-component---NewSite--siteId-inner\"]"}
RESULT: {"using":"xpath","value":"//input[@id=\"application-managesites-display-component---NewSite--siteId-inner\"]"}
COMMAND: POST /session/00b8d6e8899bfbf6cc6d783774ce745e/element - {"using":"xpath","value":"//input[@id=\"application-managesites-display-component---NewSite--siteId-inner\"]"}
RESULT: {"using":"xpath","value":"//input[@id=\"application-managesites-display-component---NewSite--siteId-inner\"]"}
COMMAND: POST /session/00b8d6e8899bfbf6cc6d783774ce745e/execute/async - {"script":"<script> [1562 bytes]","args":[{"selector":{"id":"application-managesites-display-component---NewSite--addressDetailDetailsName1","interaction":{"idSuffix":"inner"}},"wdio_ui5_key":"applicationmanagesites-display-component---NewSite--addressDetailDetailsName1"}]}
RESULT: {"script":"<script> [1562 bytes]","args":[{"selector":{"id":"application-managesites-display-component---NewSite--addressDetailDetailsName1","interaction":{"idSuffix":"inner"}},"wdio_ui5_key":"applicationmanagesites-display-component---NewSite--addressDetailDetailsName1"}]}
RESULT: undefined
COMMAND: POST /session/00b8d6e8899bfbf6cc6d783774ce745e/execute/async - {"script":"<script> [776 bytes]","args":[{"enterText":"DailyPrice WDIO","selector":{"id":"application-managesites-display-component---NewSite--addressDetailDetailsName1","interaction":{"idSuffix":"inner"}},"clearTextFirst":true,"interactionType":"ENTER_TEXT"}]}
RESULT: {"script":"<script> [776 bytes]","args":[{"enterText":"DailyPrice WDIO","selector":{"id":"application-managesites-display-component---NewSite--addressDetailDetailsName1","interaction":{"idSuffix":"inner"}},"clearTextFirst":true,"interactionType":"ENTER_TEXT"}]}
COMMAND: POST /session/00b8d6e8899bfbf6cc6d783774ce745e/execute/async - {"script":"<script> [1562 bytes]","args":[{"selector":{"id":"application-managesites-display-component---NewSite--addressDetailDetailsLanguage-arrow"},"wdio_ui5_key":"applicationmanagesites-display-component---NewSite--addressDetailDetailsLanguage-arrow"}]}
RESULT: {"script":"<script> [1562 bytes]","args":[{"selector":{"id":"application-managesites-display-component---NewSite--addressDetailDetailsLanguage-arrow"},"wdio_ui5_key":"applicationmanagesites-display-component---NewSite--addressDetailDetailsLanguage-arrow"}]}
RESULT: undefined
COMMAND: POST /session/00b8d6e8899bfbf6cc6d783774ce745e/element - {"using":"xpath","value":"//*[@id=\"application-managesites-display-component---NewSite--addressDetailDetailsLanguage-arrow\"]"}
RESULT: {"using":"xpath","value":"//*[@id=\"application-managesites-display-component---NewSite--addressDetailDetailsLanguage-arrow\"]"}
COMMAND: POST /session/00b8d6e8899bfbf6cc6d783774ce745e/element/f.4E1637E628C3A2EF64D95C6C0224F564.d.9417199F2AAEC526343A5A23B723D54B.e.4367/click - {}
RESULT: {}
COMMAND: POST /session/00b8d6e8899bfbf6cc6d783774ce745e/element - {"using":"xpath","value":"//span[contains(text(), \"English\")]"}
COMMAND: GET /session/00b8d6e8899bfbf6cc6d783774ce745e/screenshot - {}
RESULT: {"using":"xpath","value":"//span[contains(text(), \"English\")]"}
COMMAND: POST /session/00b8d6e8899bfbf6cc6d783774ce745e/element/f.4E1637E628C3A2EF64D95C6C0224F564.d.9417199F2AAEC526343A5A23B723D54B.e.4368/click - {}
RESULT: {}
RESULT: {}
COMMAND: POST /session/00b8d6e8899bfbf6cc6d783774ce745e/execute/async - {"script":"<script> [1562 bytes]","args":[{"selector":{"id":"application-managesites-display-component---NewSite--addressDetailDetailsCity1","interaction":{"idSuffix":"inner"}},"wdio_ui5_key":"applicationmanagesites-display-component---NewSite--addressDetailDetailsCity1"}]}
COMMAND: GET /session/00b8d6e8899bfbf6cc6d783774ce745e/screenshot - {}
RESULT: {"script":"<script> [1562 bytes]","args":[{"selector":{"id":"application-managesites-display-component---NewSite--addressDetailDetailsCity1","interaction":{"idSuffix":"inner"}},"wdio_ui5_key":"applicationmanagesites-display-component---NewSite--addressDetailDetailsCity1"}]}
RESULT: undefined
COMMAND: POST /session/00b8d6e8899bfbf6cc6d783774ce745e/execute/async - {"script":"<script> [776 bytes]","args":[{"enterText":"Rosario","selector":{"id":"application-managesites-display-component---NewSite--addressDetailDetailsCity1","interaction":{"idSuffix":"inner"}},"clearTextFirst":true,"interactionType":"ENTER_TEXT"}]}
RESULT: {}
RESULT: {"script":"<script> [776 bytes]","args":[{"enterText":"Rosario","selector":{"id":"application-managesites-display-component---NewSite--addressDetailDetailsCity1","interaction":{"idSuffix":"inner"}},"clearTextFirst":true,"interactionType":"ENTER_TEXT"}]}
COMMAND: POST /session/00b8d6e8899bfbf6cc6d783774ce745e/execute/async - {"script":"<script> [1562 bytes]","args":[{"selector":{"id":"application-managesites-display-component---NewSite--addressDetailDetailsCountry-arrow"},"wdio_ui5_key":"applicationmanagesites-display-component---NewSite--addressDetailDetailsCountry-arrow"}]}
RESULT: {"script":"<script> [1562 bytes]","args":[{"selector":{"id":"application-managesites-display-component---NewSite--addressDetailDetailsCountry-arrow"},"wdio_ui5_key":"applicationmanagesites-display-component---NewSite--addressDetailDetailsCountry-arrow"}]}
RESULT: undefined
COMMAND: POST /session/00b8d6e8899bfbf6cc6d783774ce745e/element - {"using":"xpath","value":"//*[@id=\"application-managesites-display-component---NewSite--addressDetailDetailsCountry-arrow\"]"}
RESULT: {"using":"xpath","value":"//*[@id=\"application-managesites-display-component---NewSite--addressDetailDetailsCountry-arrow\"]"}
COMMAND: POST /session/00b8d6e8899bfbf6cc6d783774ce745e/element/f.4E1637E628C3A2EF64D95C6C0224F564.d.9417199F2AAEC526343A5A23B723D54B.e.4370/click - {}
RESULT: {}
COMMAND: POST /session/00b8d6e8899bfbf6cc6d783774ce745e/element - {"using":"xpath","value":"//span[contains(text(), \"Argentina\")]"}
COMMAND: GET /session/00b8d6e8899bfbf6cc6d783774ce745e/screenshot - {}
RESULT: {"using":"xpath","value":"//span[contains(text(), \"Argentina\")]"}
COMMAND: POST /session/00b8d6e8899bfbf6cc6d783774ce745e/element/f.4E1637E628C3A2EF64D95C6C0224F564.d.9417199F2AAEC526343A5A23B723D54B.e.4371/click - {}
RESULT: {}
RESULT: {}
COMMAND: GET /session/00b8d6e8899bfbf6cc6d783774ce745e/screenshot - {}
RESULT: {}
COMMAND: POST /session/00b8d6e8899bfbf6cc6d783774ce745e/execute/async - {"script":"<script> [1562 bytes]","args":[{"selector":{"id":"application-managesites-display-component---NewSite--addressEditDetailsCostObjectCstType-arrow"},"wdio_ui5_key":"applicationmanagesites-display-component---NewSite--addressEditDetailsCostObjectCstType-arrow"}]}
RESULT: {"script":"<script> [1562 bytes]","args":[{"selector":{"id":"application-managesites-display-component---NewSite--addressEditDetailsCostObjectCstType-arrow"},"wdio_ui5_key":"applicationmanagesites-display-component---NewSite--addressEditDetailsCostObjectCstType-arrow"}]}
RESULT: undefined
COMMAND: POST /session/00b8d6e8899bfbf6cc6d783774ce745e/element - {"using":"xpath","value":"//*[@id=\"application-managesites-display-component---NewSite--addressEditDetailsCostObjectCstType-arrow\"]"}
RESULT: {"using":"xpath","value":"//*[@id=\"application-managesites-display-component---NewSite--addressEditDetailsCostObjectCstType-arrow\"]"}
COMMAND: POST /session/00b8d6e8899bfbf6cc6d783774ce745e/element/f.4E1637E628C3A2EF64D95C6C0224F564.d.9417199F2AAEC526343A5A23B723D54B.e.4373/click - {}
RESULT: {}
COMMAND: POST /session/00b8d6e8899bfbf6cc6d783774ce745e/element - {"using":"xpath","value":"//span[contains(text(), \"Cost Center\")]"}
COMMAND: GET /session/00b8d6e8899bfbf6cc6d783774ce745e/screenshot - {}
RESULT: {"using":"xpath","value":"//span[contains(text(), \"Cost Center\")]"}
COMMAND: POST /session/00b8d6e8899bfbf6cc6d783774ce745e/element/f.4E1637E628C3A2EF64D95C6C0224F564.d.9417199F2AAEC526343A5A23B723D54B.e.4374/click - {}
RESULT: {}
RESULT: {}
COMMAND: GET /session/00b8d6e8899bfbf6cc6d783774ce745e/screenshot - {}
RESULT: {}
COMMAND: POST /session/00b8d6e8899bfbf6cc6d783774ce745e/element - {"using":"xpath","value":"//span[@id=\"application-managesites-display-component---NewSite--addressNewCostObjectCstID-vhi\"]"}
RESULT: {"using":"xpath","value":"//span[@id=\"application-managesites-display-component---NewSite--addressNewCostObjectCstID-vhi\"]"}
COMMAND: POST /session/00b8d6e8899bfbf6cc6d783774ce745e/execute/sync - {"script":"<script> [8489 bytes]","args":[{"element-6066-11e4-a52e-4f735466cecf":"f.4E1637E628C3A2EF64D95C6C0224F564.d.9417199F2AAEC526343A5A23B723D54B.e.4379","ELEMENT":"f.4E1637E628C3A2EF64D95C6C0224F564.d.9417199F2AAEC526343A5A23B723D54B.e.4379"}]}
RESULT: {"script":"<script> [8489 bytes]","args":[{"element-6066-11e4-a52e-4f735466cecf":"f.4E1637E628C3A2EF64D95C6C0224F564.d.9417199F2AAEC526343A5A23B723D54B.e.4379","ELEMENT":"f.4E1637E628C3A2EF64D95C6C0224F564.d.9417199F2AAEC526343A5A23B723D54B.e.4379"}]}
COMMAND: POST /session/00b8d6e8899bfbf6cc6d783774ce745e/execute/async - {"script":"<script> [1562 bytes]","args":[{"selector":{"id":"application-managesites-display-component---NewSite--addressNewCostObjectCstID-vhi"},"wdio_ui5_key":"applicationmanagesites-display-component---NewSite--addressNewCostObjectCstID-vhi"}]}
COMMAND: GET /session/00b8d6e8899bfbf6cc6d783774ce745e/screenshot - {}
RESULT: {"script":"<script> [1562 bytes]","args":[{"selector":{"id":"application-managesites-display-component---NewSite--addressNewCostObjectCstID-vhi"},"wdio_ui5_key":"applicationmanagesites-display-component---NewSite--addressNewCostObjectCstID-vhi"}]}
RESULT: undefined
COMMAND: POST /session/00b8d6e8899bfbf6cc6d783774ce745e/element - {"using":"xpath","value":"//*[@id=\"application-managesites-display-component---NewSite--addressNewCostObjectCstID-vhi\"]"}
RESULT: {}
RESULT: {"using":"xpath","value":"//*[@id=\"application-managesites-display-component---NewSite--addressNewCostObjectCstID-vhi\"]"}
COMMAND: POST /session/00b8d6e8899bfbf6cc6d783774ce745e/element/f.4E1637E628C3A2EF64D95C6C0224F564.d.9417199F2AAEC526343A5A23B723D54B.e.4379/click - {}
RESULT: {}
COMMAND: GET /session/00b8d6e8899bfbf6cc6d783774ce745e/screenshot - {}
RESULT: {}
RESULT: undefined
COMMAND: POST /session/00b8d6e8899bfbf6cc6d783774ce745e/execute/async - {"script":"<script> [776 bytes]","args":[{"enterText":"10001013","selector":{"controlType":"sap.m.SearchField","properties":{"placeholder":"Search"},"searchOpenDialogs":true,"interaction":{"idSuffix":"I"}},"clearTextFirst":true,"interactionType":"ENTER_TEXT"}]}
RESULT: {"script":"<script> [776 bytes]","args":[{"enterText":"10001013","selector":{"controlType":"sap.m.SearchField","properties":{"placeholder":"Search"},"searchOpenDialogs":true,"interaction":{"idSuffix":"I"}},"clearTextFirst":true,"interactionType":"ENTER_TEXT"}]}
COMMAND: POST /session/00b8d6e8899bfbf6cc6d783774ce745e/actions - {"actions":[{"id":"action15","type":"key","parameters":{},"actions":[{"type":"keyDown","value":"î€‡"},{"type":"pause","duration":10},{"type":"keyUp","value":"î€‡"}]}]}
RESULT: {"actions":[{"id":"action15","type":"key","parameters":{},"actions":[{"type":"keyDown","value":"î€‡"},{"type":"pause","duration":10},{"type":"keyUp","value":"î€‡"}]}]}
COMMAND: GET /session/00b8d6e8899bfbf6cc6d783774ce745e/screenshot - {}
RESULT: {}
COMMAND: POST /session/00b8d6e8899bfbf6cc6d783774ce745e/element - {"using":"xpath","value":"//span[contains(text(), \"General Management\")]"}
RESULT: {"using":"xpath","value":"//span[contains(text(), \"General Management\")]"}
COMMAND: POST /session/00b8d6e8899bfbf6cc6d783774ce745e/element/f.4E1637E628C3A2EF64D95C6C0224F564.d.9417199F2AAEC526343A5A23B723D54B.e.4418/click - {}
RESULT: {}
COMMAND: GET /session/00b8d6e8899bfbf6cc6d783774ce745e/screenshot - {}
RESULT: {}
COMMAND: POST /session/00b8d6e8899bfbf6cc6d783774ce745e/element - {"using":"xpath","value":"//bdi[contains(text(), \"OK\")]"}
RESULT: {"using":"xpath","value":"//bdi[contains(text(), \"OK\")]"}
COMMAND: POST /session/00b8d6e8899bfbf6cc6d783774ce745e/element/f.4E1637E628C3A2EF64D95C6C0224F564.d.9417199F2AAEC526343A5A23B723D54B.e.4419/click - {}
RESULT: {}
COMMAND: GET /session/00b8d6e8899bfbf6cc6d783774ce745e/screenshot - {}
RESULT: {}
COMMAND: POST /session/00b8d6e8899bfbf6cc6d783774ce745e/element - {"using":"xpath","value":"//input[@id=\"application-managesites-display-component---NewSite--addressDetailDetailsCalendar-inner\"]"}
RESULT: {"using":"xpath","value":"//input[@id=\"application-managesites-display-component---NewSite--addressDetailDetailsCalendar-inner\"]"}
COMMAND: POST /session/00b8d6e8899bfbf6cc6d783774ce745e/element/f.4E1637E628C3A2EF64D95C6C0224F564.d.9417199F2AAEC526343A5A23B723D54B.e.4169/clear - {}
RESULT: {}
COMMAND: POST /session/00b8d6e8899bfbf6cc6d783774ce745e/element/f.4E1637E628C3A2EF64D95C6C0224F564.d.9417199F2AAEC526343A5A23B723D54B.e.4169/value - {"text":"Unit"}
COMMAND: GET /session/00b8d6e8899bfbf6cc6d783774ce745e/screenshot - {}
RESULT: {"text":"Unit"}
COMMAND: GET /session/00b8d6e8899bfbf6cc6d783774ce745e/screenshot - {}
RESULT: {}
RESULT: {}
COMMAND: POST /session/00b8d6e8899bfbf6cc6d783774ce745e/actions - {"actions":[{"id":"action16","type":"key","parameters":{},"actions":[{"type":"keyDown","value":"î€‡"},{"type":"pause","duration":10},{"type":"keyUp","value":"î€‡"}]}]}
RESULT: {"actions":[{"id":"action16","type":"key","parameters":{},"actions":[{"type":"keyDown","value":"î€‡"},{"type":"pause","duration":10},{"type":"keyUp","value":"î€‡"}]}]}
COMMAND: POST /session/00b8d6e8899bfbf6cc6d783774ce745e/element - {"using":"xpath","value":"//input[@id=\"application-managesites-display-component---NewSite--addressDetailDetailsYard-inner\"]"}
COMMAND: GET /session/00b8d6e8899bfbf6cc6d783774ce745e/screenshot - {}
RESULT: {"using":"xpath","value":"//input[@id=\"application-managesites-display-component---NewSite--addressDetailDetailsYard-inner\"]"}
COMMAND: POST /session/00b8d6e8899bfbf6cc6d783774ce745e/element/f.4E1637E628C3A2EF64D95C6C0224F564.d.9417199F2AAEC526343A5A23B723D54B.e.4170/clear - {}
RESULT: {}
RESULT: {}
COMMAND: POST /session/00b8d6e8899bfbf6cc6d783774ce745e/element/f.4E1637E628C3A2EF64D95C6C0224F564.d.9417199F2AAEC526343A5A23B723D54B.e.4170/value - {"text":"477"}
COMMAND: GET /session/00b8d6e8899bfbf6cc6d783774ce745e/screenshot - {}
RESULT: {"text":"477"}
COMMAND: GET /session/00b8d6e8899bfbf6cc6d783774ce745e/screenshot - {}
RESULT: {}
RESULT: {}
COMMAND: POST /session/00b8d6e8899bfbf6cc6d783774ce745e/element - {"using":"xpath","value":"//li[.//span[text()='477']]"}
RESULT: {"using":"xpath","value":"//li[.//span[text()='477']]"}
COMMAND: POST /session/00b8d6e8899bfbf6cc6d783774ce745e/element/f.4E1637E628C3A2EF64D95C6C0224F564.d.9417199F2AAEC526343A5A23B723D54B.e.4427/click - {}
RESULT: {}
COMMAND: GET /session/00b8d6e8899bfbf6cc6d783774ce745e/screenshot - {}
RESULT: {}
COMMAND: POST /session/00b8d6e8899bfbf6cc6d783774ce745e/element - {"using":"xpath","value":"//input[@id=\"application-managesites-display-component---NewSite--addressDetailDetailsPartner-inner\"]"}
RESULT: {"using":"xpath","value":"//input[@id=\"application-managesites-display-component---NewSite--addressDetailDetailsPartner-inner\"]"}
COMMAND: POST /session/00b8d6e8899bfbf6cc6d783774ce745e/element - {"using":"xpath","value":"//input[@id=\"application-managesites-display-component---NewSite--addressDetailDetailsPartner-inner\"]"}
RESULT: {"using":"xpath","value":"//input[@id=\"application-managesites-display-component---NewSite--addressDetailDetailsPartner-inner\"]"}
COMMAND: POST /session/00b8d6e8899bfbf6cc6d783774ce745e/element - {"using":"xpath","value":"//button[@data-kt=\"saveButton\"]"}
RESULT: {"using":"xpath","value":"//button[@data-kt=\"saveButton\"]"}
COMMAND: POST /session/00b8d6e8899bfbf6cc6d783774ce745e/element/f.4E1637E628C3A2EF64D95C6C0224F564.d.9417199F2AAEC526343A5A23B723D54B.e.4303/click - {}
RESULT: {}
COMMAND: GET /session/00b8d6e8899bfbf6cc6d783774ce745e/screenshot - {}
RESULT: {}
COMMAND: POST /session/00b8d6e8899bfbf6cc6d783774ce745e/element - {"using":"xpath","value":"//header[contains(@id, 'ObjectPageLayout-headerTitle')]/div[1]/div[2]/div[2]/span[1]"}
RESULT: {"using":"xpath","value":"//header[contains(@id, 'ObjectPageLayout-headerTitle')]/div[1]/div[2]/div[2]/span[1]"}
COMMAND: POST /session/00b8d6e8899bfbf6cc6d783774ce745e/elements - {"using":"xpath","value":"//header[contains(@id, 'ObjectPageLayout-headerTitle')]/div[1]/div[2]/div[2]/span[1]"}
RESULT: {"using":"xpath","value":"//header[contains(@id, 'ObjectPageLayout-headerTitle')]/div[1]/div[2]/div[2]/span[1]"}
COMMAND: POST /session/00b8d6e8899bfbf6cc6d783774ce745e/execute/sync - {"script":"<script> [56 bytes]","args":[{"element-6066-11e4-a52e-4f735466cecf":"f.4E1637E628C3A2EF64D95C6C0224F564.d.9417199F2AAEC526343A5A23B723D54B.e.4635","ELEMENT":"f.4E1637E628C3A2EF64D95C6C0224F564.d.9417199F2AAEC526343A5A23B723D54B.e.4635"}]}
RESULT: {"script":"<script> [56 bytes]","args":[{"element-6066-11e4-a52e-4f735466cecf":"f.4E1637E628C3A2EF64D95C6C0224F564.d.9417199F2AAEC526343A5A23B723D54B.e.4635","ELEMENT":"f.4E1637E628C3A2EF64D95C6C0224F564.d.9417199F2AAEC526343A5A23B723D54B.e.4635"}]}
COMMAND: POST /session/00b8d6e8899bfbf6cc6d783774ce745e/element - {"using":"css selector","value":"#shell-header-logo"}
COMMAND: GET /session/00b8d6e8899bfbf6cc6d783774ce745e/screenshot - {}
RESULT: {"using":"css selector","value":"#shell-header-logo"}
COMMAND: POST /session/00b8d6e8899bfbf6cc6d783774ce745e/element/f.4E1637E628C3A2EF64D95C6C0224F564.d.9417199F2AAEC526343A5A23B723D54B.e.3913/click - {}
RESULT: {}
RESULT: {}
COMMAND: GET /session/00b8d6e8899bfbf6cc6d783774ce745e/screenshot - {}
RESULT: {}
COMMAND: POST /session/00b8d6e8899bfbf6cc6d783774ce745e/execute/sync - {"script":"<script> [299 bytes]","args":[["getModel","getResource"]]}
RESULT: {"script":"<script> [299 bytes]","args":[["getModel","getResource"]]}
]]></system-out>
    </testcase>
    <testcase classname="chrome.136_0_7103_93.windows.Edit_and_delete_daily_price_US134629_US134627" name="Should go to Manage Conditions Daily Price and add the 2 rows one with yard site and one with yard" time="85.838">
      <system-out><![CDATA[
COMMAND: POST /session/00b8d6e8899bfbf6cc6d783774ce745e/execute/async - {"script":"<script> [1562 bytes]","args":[{"selector":{"controlType":"sap.m.GenericTile","properties":{"header":"Manage Conditions & Prices"}},"wdio_ui5_key":"sapm.GenericTile{\"header\":\"Manage Conditions & Prices\"}"}]}
COMMAND: GET /session/00b8d6e8899bfbf6cc6d783774ce745e/screenshot - {}
RESULT: {"script":"<script> [1562 bytes]","args":[{"selector":{"controlType":"sap.m.GenericTile","properties":{"header":"Manage Conditions & Prices"}},"wdio_ui5_key":"sapm.GenericTile{\"header\":\"Manage Conditions & Prices\"}"}]}
RESULT: undefined
COMMAND: POST /session/00b8d6e8899bfbf6cc6d783774ce745e/element - {"using":"xpath","value":"//*[@id=\"__tile53\"]"}
RESULT: {}
RESULT: {"using":"xpath","value":"//*[@id=\"__tile53\"]"}
COMMAND: POST /session/00b8d6e8899bfbf6cc6d783774ce745e/element/f.4E1637E628C3A2EF64D95C6C0224F564.d.9417199F2AAEC526343A5A23B723D54B.e.3052/click - {}
RESULT: {}
COMMAND: GET /session/00b8d6e8899bfbf6cc6d783774ce745e/screenshot - {}
RESULT: {}
COMMAND: POST /session/00b8d6e8899bfbf6cc6d783774ce745e/elements - {"using":"xpath","value":"//span[text()='Error']"}
RESULT: {"using":"xpath","value":"//span[text()='Error']"}
COMMAND: POST /session/00b8d6e8899bfbf6cc6d783774ce745e/element - {"using":"xpath","value":"//button[@aria-label=\"Create\"]"}
RESULT: {"using":"xpath","value":"//button[@aria-label=\"Create\"]"}
COMMAND: POST /session/00b8d6e8899bfbf6cc6d783774ce745e/element/f.4E1637E628C3A2EF64D95C6C0224F564.d.9417199F2AAEC526343A5A23B723D54B.e.4667/click - {}
RESULT: {}
COMMAND: GET /session/00b8d6e8899bfbf6cc6d783774ce745e/screenshot - {}
RESULT: {}
COMMAND: POST /session/00b8d6e8899bfbf6cc6d783774ce745e/actions - {"actions":[{"id":"action17","type":"key","parameters":{},"actions":[{"type":"keyDown","value":"î€•"},{"type":"pause","duration":10},{"type":"keyUp","value":"î€•"}]}]}
RESULT: {"actions":[{"id":"action17","type":"key","parameters":{},"actions":[{"type":"keyDown","value":"î€•"},{"type":"pause","duration":10},{"type":"keyUp","value":"î€•"}]}]}
COMMAND: POST /session/00b8d6e8899bfbf6cc6d783774ce745e/actions - {"actions":[{"id":"action18","type":"key","parameters":{},"actions":[{"type":"keyDown","value":"î€‡"},{"type":"pause","duration":10},{"type":"keyUp","value":"î€‡"}]}]}
COMMAND: GET /session/00b8d6e8899bfbf6cc6d783774ce745e/screenshot - {}
RESULT: {"actions":[{"id":"action18","type":"key","parameters":{},"actions":[{"type":"keyDown","value":"î€‡"},{"type":"pause","duration":10},{"type":"keyUp","value":"î€‡"}]}]}
COMMAND: POST /session/00b8d6e8899bfbf6cc6d783774ce745e/execute/async - {"script":"<script> [1562 bytes]","args":[{"selector":{"controlType":"sap.m.Title","viewName":"etm.portal.ui.manageconditionprice.view.DailyPrices","viewId":"application-manageconditionprice-display-component---dailyPrices","i18NText":{"propertyName":"text","key":"dailyPrices"}},"wdio_ui5_key":"etmportal.ui.manageconditionprice.view.DailyPricessap.m.Title{\"propertyName\":\"text\",\"key\":\"dailyPrices\"}"}]}
COMMAND: GET /session/00b8d6e8899bfbf6cc6d783774ce745e/screenshot - {}
RESULT: {}
RESULT: {"script":"<script> [1562 bytes]","args":[{"selector":{"controlType":"sap.m.Title","viewName":"etm.portal.ui.manageconditionprice.view.DailyPrices","viewId":"application-manageconditionprice-display-component---dailyPrices","i18NText":{"propertyName":"text","key":"dailyPrices"}},"wdio_ui5_key":"etmportal.ui.manageconditionprice.view.DailyPricessap.m.Title{\"propertyName\":\"text\",\"key\":\"dailyPrices\"}"}]}
RESULT: undefined
COMMAND: POST /session/00b8d6e8899bfbf6cc6d783774ce745e/execute/async - {"script":"<script> [6424 bytes]","args":[{"element-6066-11e4-a52e-4f735466cecf":"f.4E1637E628C3A2EF64D95C6C0224F564.d.9417199F2AAEC526343A5A23B723D54B.e.5038"},"getText",[]]}
RESULT: {}
RESULT: {"script":"<script> [6424 bytes]","args":[{"element-6066-11e4-a52e-4f735466cecf":"f.4E1637E628C3A2EF64D95C6C0224F564.d.9417199F2AAEC526343A5A23B723D54B.e.5038"},"getText",[]]}
COMMAND: POST /session/00b8d6e8899bfbf6cc6d783774ce745e/execute/async - {"script":"<script> [1562 bytes]","args":[{"selector":{"id":"application-manageconditionprice-display-component---dailyPrices--condBillCond","interaction":{"idSuffix":"inner"}},"wdio_ui5_key":"applicationmanageconditionprice-display-component---dailyPrices--condBillCond"}]}
RESULT: {"script":"<script> [1562 bytes]","args":[{"selector":{"id":"application-manageconditionprice-display-component---dailyPrices--condBillCond","interaction":{"idSuffix":"inner"}},"wdio_ui5_key":"applicationmanageconditionprice-display-component---dailyPrices--condBillCond"}]}
RESULT: undefined
COMMAND: POST /session/00b8d6e8899bfbf6cc6d783774ce745e/execute/async - {"script":"<script> [776 bytes]","args":[{"enterText":"Residual Value %","selector":{"id":"application-manageconditionprice-display-component---dailyPrices--condBillCond","interaction":{"idSuffix":"inner"}},"clearTextFirst":true,"interactionType":"ENTER_TEXT"}]}
RESULT: {"script":"<script> [776 bytes]","args":[{"enterText":"Residual Value %","selector":{"id":"application-manageconditionprice-display-component---dailyPrices--condBillCond","interaction":{"idSuffix":"inner"}},"clearTextFirst":true,"interactionType":"ENTER_TEXT"}]}
COMMAND: POST /session/00b8d6e8899bfbf6cc6d783774ce745e/execute/async - {"script":"<script> [1562 bytes]","args":[{"selector":{"controlType":"sap.m.StandardListItem","viewName":"etm.portal.ui.manageconditionprice.view.DailyPrices","viewId":"application-manageconditionprice-display-component---dailyPrices","properties":{"type":"Active"},"searchOpenDialogs":true,"interaction":{"idSuffix":"titleText"}},"wdio_ui5_key":"etmportal.ui.manageconditionprice.view.DailyPricessap.m.StandardListItem{\"type\":\"Active\"}"}]}
RESULT: {"script":"<script> [1562 bytes]","args":[{"selector":{"controlType":"sap.m.StandardListItem","viewName":"etm.portal.ui.manageconditionprice.view.DailyPrices","viewId":"application-manageconditionprice-display-component---dailyPrices","properties":{"type":"Active"},"searchOpenDialogs":true,"interaction":{"idSuffix":"titleText"}},"wdio_ui5_key":"etmportal.ui.manageconditionprice.view.DailyPricessap.m.StandardListItem{\"type\":\"Active\"}"}]}
RESULT: undefined
COMMAND: POST /session/00b8d6e8899bfbf6cc6d783774ce745e/element - {"using":"xpath","value":"//*[@id=\"__item1137\"]"}
RESULT: {"using":"xpath","value":"//*[@id=\"__item1137\"]"}
COMMAND: POST /session/00b8d6e8899bfbf6cc6d783774ce745e/element/f.4E1637E628C3A2EF64D95C6C0224F564.d.9417199F2AAEC526343A5A23B723D54B.e.5042/click - {}
RESULT: {}
COMMAND: POST /session/00b8d6e8899bfbf6cc6d783774ce745e/execute/async - {"script":"<script> [1562 bytes]","args":[{"selector":{"id":"application-manageconditionprice-display-component---dailyPrices--editBtn","interaction":{"idSuffix":"BDI-content"}},"wdio_ui5_key":"applicationmanageconditionprice-display-component---dailyPrices--editBtn"}]}
COMMAND: GET /session/00b8d6e8899bfbf6cc6d783774ce745e/screenshot - {}
RESULT: {"script":"<script> [1562 bytes]","args":[{"selector":{"id":"application-manageconditionprice-display-component---dailyPrices--editBtn","interaction":{"idSuffix":"BDI-content"}},"wdio_ui5_key":"applicationmanageconditionprice-display-component---dailyPrices--editBtn"}]}
RESULT: undefined
COMMAND: POST /session/00b8d6e8899bfbf6cc6d783774ce745e/element - {"using":"xpath","value":"//*[@id=\"application-manageconditionprice-display-component---dailyPrices--editBtn\"]"}
RESULT: {}
RESULT: {"using":"xpath","value":"//*[@id=\"application-manageconditionprice-display-component---dailyPrices--editBtn\"]"}
COMMAND: POST /session/00b8d6e8899bfbf6cc6d783774ce745e/element/f.4E1637E628C3A2EF64D95C6C0224F564.d.9417199F2AAEC526343A5A23B723D54B.e.5040/click - {}
RESULT: {}
COMMAND: POST /session/00b8d6e8899bfbf6cc6d783774ce745e/execute/async - {"script":"<script> [1562 bytes]","args":[{"selector":{"controlType":"sap.m.Button","viewName":"etm.portal.ui.manageconditionprice.view.DailyPrices","viewId":"application-manageconditionprice-display-component---dailyPrices","i18NText":{"propertyName":"text","key":"add"},"interaction":{"idSuffix":"BDI-content"}},"wdio_ui5_key":"etmportal.ui.manageconditionprice.view.DailyPricessap.m.Button{\"propertyName\":\"text\",\"key\":\"add\"}"}]}
COMMAND: GET /session/00b8d6e8899bfbf6cc6d783774ce745e/screenshot - {}
RESULT: {"script":"<script> [1562 bytes]","args":[{"selector":{"controlType":"sap.m.Button","viewName":"etm.portal.ui.manageconditionprice.view.DailyPrices","viewId":"application-manageconditionprice-display-component---dailyPrices","i18NText":{"propertyName":"text","key":"add"},"interaction":{"idSuffix":"BDI-content"}},"wdio_ui5_key":"etmportal.ui.manageconditionprice.view.DailyPricessap.m.Button{\"propertyName\":\"text\",\"key\":\"add\"}"}]}
RESULT: undefined
COMMAND: POST /session/00b8d6e8899bfbf6cc6d783774ce745e/element - {"using":"xpath","value":"//*[@id=\"__button105\"]"}
RESULT: {}
RESULT: {"using":"xpath","value":"//*[@id=\"__button105\"]"}
COMMAND: POST /session/00b8d6e8899bfbf6cc6d783774ce745e/element/f.4E1637E628C3A2EF64D95C6C0224F564.d.9417199F2AAEC526343A5A23B723D54B.e.5050/click - {}
RESULT: {}
COMMAND: POST /session/00b8d6e8899bfbf6cc6d783774ce745e/elements - {"using":"css selector","value":"table tr"}
COMMAND: GET /session/00b8d6e8899bfbf6cc6d783774ce745e/screenshot - {}
RESULT: {"using":"css selector","value":"table tr"}
COMMAND: POST /session/00b8d6e8899bfbf6cc6d783774ce745e/element/f.4E1637E628C3A2EF64D95C6C0224F564.d.9417199F2AAEC526343A5A23B723D54B.e.5248/elements - {"using":"css selector","value":"input"}
RESULT: {"using":"css selector","value":"input"}
COMMAND: POST /session/00b8d6e8899bfbf6cc6d783774ce745e/element/f.4E1637E628C3A2EF64D95C6C0224F564.d.9417199F2AAEC526343A5A23B723D54B.e.5251/clear - {}
COMMAND: POST /session/00b8d6e8899bfbf6cc6d783774ce745e/element/f.4E1637E628C3A2EF64D95C6C0224F564.d.9417199F2AAEC526343A5A23B723D54B.e.5249/clear - {}
COMMAND: POST /session/00b8d6e8899bfbf6cc6d783774ce745e/element/f.4E1637E628C3A2EF64D95C6C0224F564.d.9417199F2AAEC526343A5A23B723D54B.e.5252/clear - {}
COMMAND: POST /session/00b8d6e8899bfbf6cc6d783774ce745e/element/f.4E1637E628C3A2EF64D95C6C0224F564.d.9417199F2AAEC526343A5A23B723D54B.e.5250/clear - {}
COMMAND: POST /session/00b8d6e8899bfbf6cc6d783774ce745e/element/f.4E1637E628C3A2EF64D95C6C0224F564.d.9417199F2AAEC526343A5A23B723D54B.e.5248/elements - {"using":"css selector","value":"td"}
RESULT: {}
COMMAND: POST /session/00b8d6e8899bfbf6cc6d783774ce745e/element/f.4E1637E628C3A2EF64D95C6C0224F564.d.9417199F2AAEC526343A5A23B723D54B.e.5251/value - {"text":"705.60"}
RESULT: {}
RESULT: {}
COMMAND: POST /session/00b8d6e8899bfbf6cc6d783774ce745e/element/f.4E1637E628C3A2EF64D95C6C0224F564.d.9417199F2AAEC526343A5A23B723D54B.e.5249/value - {"text":"05/16/25"}
COMMAND: GET /session/00b8d6e8899bfbf6cc6d783774ce745e/screenshot - {}
COMMAND: GET /session/00b8d6e8899bfbf6cc6d783774ce745e/screenshot - {}
RESULT: {"text":"705.60"}
COMMAND: GET /session/00b8d6e8899bfbf6cc6d783774ce745e/screenshot - {}
RESULT: {"text":"05/16/25"}
RESULT: {}
COMMAND: POST /session/00b8d6e8899bfbf6cc6d783774ce745e/element/f.4E1637E628C3A2EF64D95C6C0224F564.d.9417199F2AAEC526343A5A23B723D54B.e.5252/value - {"text":"Euro"}
RESULT: {}
COMMAND: POST /session/00b8d6e8899bfbf6cc6d783774ce745e/element/f.4E1637E628C3A2EF64D95C6C0224F564.d.9417199F2AAEC526343A5A23B723D54B.e.5250/value - {"text":"10/16/25"}
RESULT: {"using":"css selector","value":"td"}
COMMAND: POST /session/00b8d6e8899bfbf6cc6d783774ce745e/element - {"using":"xpath","value":".//li[contains(., \"2225\") and not(.//li)]"}
COMMAND: POST /session/00b8d6e8899bfbf6cc6d783774ce745e/element/f.4E1637E628C3A2EF64D95C6C0224F564.d.9417199F2AAEC526343A5A23B723D54B.e.5270/element - {"using":"css selector","value":"input"}
COMMAND: POST /session/00b8d6e8899bfbf6cc6d783774ce745e/element/f.4E1637E628C3A2EF64D95C6C0224F564.d.9417199F2AAEC526343A5A23B723D54B.e.5270/element - {"using":"css selector","value":"input"}
RESULT: {}
RESULT: {}
RESULT: {"using":"xpath","value":".//li[contains(., \"2225\") and not(.//li)]"}
COMMAND: GET /session/00b8d6e8899bfbf6cc6d783774ce745e/screenshot - {}
COMMAND: GET /session/00b8d6e8899bfbf6cc6d783774ce745e/screenshot - {}
COMMAND: GET /session/00b8d6e8899bfbf6cc6d783774ce745e/screenshot - {}
RESULT: {}
RESULT: {"text":"Euro"}
RESULT: {"text":"10/16/25"}
RESULT: {"using":"css selector","value":"input"}
COMMAND: POST /session/00b8d6e8899bfbf6cc6d783774ce745e/element/f.4E1637E628C3A2EF64D95C6C0224F564.d.9417199F2AAEC526343A5A23B723D54B.e.5253/click - {}
COMMAND: GET /session/00b8d6e8899bfbf6cc6d783774ce745e/screenshot - {}
COMMAND: GET /session/00b8d6e8899bfbf6cc6d783774ce745e/screenshot - {}
RESULT: {}
RESULT: {}
RESULT: {}
RESULT: {}
RESULT: {"using":"css selector","value":"input"}
COMMAND: POST /session/00b8d6e8899bfbf6cc6d783774ce745e/element/f.4E1637E628C3A2EF64D95C6C0224F564.d.9417199F2AAEC526343A5A23B723D54B.e.5253/clear - {}
COMMAND: GET /session/00b8d6e8899bfbf6cc6d783774ce745e/screenshot - {}
RESULT: {}
COMMAND: POST /session/00b8d6e8899bfbf6cc6d783774ce745e/elements - {"using":"xpath","value":".//li[contains(., \"2225\") and not(.//li)]"}
RESULT: {}
RESULT: {}
COMMAND: POST /session/00b8d6e8899bfbf6cc6d783774ce745e/element/f.4E1637E628C3A2EF64D95C6C0224F564.d.9417199F2AAEC526343A5A23B723D54B.e.5253/value - {"text":"2225"}
COMMAND: GET /session/00b8d6e8899bfbf6cc6d783774ce745e/screenshot - {}
RESULT: {}
RESULT: {"using":"xpath","value":".//li[contains(., \"2225\") and not(.//li)]"}
COMMAND: POST /session/00b8d6e8899bfbf6cc6d783774ce745e/elements - {"using":"xpath","value":".//li[contains(., \"2225\") and not(.//li)]"}
RESULT: {"text":"2225"}
COMMAND: GET /session/00b8d6e8899bfbf6cc6d783774ce745e/screenshot - {}
RESULT: {}
RESULT: {"using":"xpath","value":".//li[contains(., \"2225\") and not(.//li)]"}
COMMAND: POST /session/00b8d6e8899bfbf6cc6d783774ce745e/element - {"using":"xpath","value":".//li[contains(., \"2225\") and not(.//li)]"}
RESULT: {}
RESULT: {"using":"xpath","value":".//li[contains(., \"2225\") and not(.//li)]"}
COMMAND: POST /session/00b8d6e8899bfbf6cc6d783774ce745e/element/f.4E1637E628C3A2EF64D95C6C0224F564.d.9417199F2AAEC526343A5A23B723D54B.e.5275/click - {}
RESULT: {}
COMMAND: POST /session/00b8d6e8899bfbf6cc6d783774ce745e/element/f.4E1637E628C3A2EF64D95C6C0224F564.d.9417199F2AAEC526343A5A23B723D54B.e.5271/element - {"using":"css selector","value":"input"}
COMMAND: GET /session/00b8d6e8899bfbf6cc6d783774ce745e/screenshot - {}
RESULT: {"using":"css selector","value":"input"}
COMMAND: POST /session/00b8d6e8899bfbf6cc6d783774ce745e/element/f.4E1637E628C3A2EF64D95C6C0224F564.d.9417199F2AAEC526343A5A23B723D54B.e.5254/click - {}
RESULT: {}
RESULT: {}
COMMAND: GET /session/00b8d6e8899bfbf6cc6d783774ce745e/screenshot - {}
RESULT: {}
COMMAND: POST /session/00b8d6e8899bfbf6cc6d783774ce745e/element/f.4E1637E628C3A2EF64D95C6C0224F564.d.9417199F2AAEC526343A5A23B723D54B.e.5271/element - {"using":"css selector","value":"input"}
RESULT: {"using":"css selector","value":"input"}
COMMAND: POST /session/00b8d6e8899bfbf6cc6d783774ce745e/element/f.4E1637E628C3A2EF64D95C6C0224F564.d.9417199F2AAEC526343A5A23B723D54B.e.5254/clear - {}
RESULT: {}
COMMAND: POST /session/00b8d6e8899bfbf6cc6d783774ce745e/element/f.4E1637E628C3A2EF64D95C6C0224F564.d.9417199F2AAEC526343A5A23B723D54B.e.5254/value - {"text":"477"}
COMMAND: GET /session/00b8d6e8899bfbf6cc6d783774ce745e/screenshot - {}
RESULT: {"text":"477"}
COMMAND: GET /session/00b8d6e8899bfbf6cc6d783774ce745e/screenshot - {}
RESULT: {}
RESULT: {}
COMMAND: POST /session/00b8d6e8899bfbf6cc6d783774ce745e/element - {"using":"xpath","value":".//li[contains(., \"477\") and not(.//li)]"}
RESULT: {"using":"xpath","value":".//li[contains(., \"477\") and not(.//li)]"}
COMMAND: POST /session/00b8d6e8899bfbf6cc6d783774ce745e/element/f.4E1637E628C3A2EF64D95C6C0224F564.d.9417199F2AAEC526343A5A23B723D54B.e.5276/click - {}
RESULT: {}
RESULT: undefined
COMMAND: POST /session/00b8d6e8899bfbf6cc6d783774ce745e/element - {"using":"xpath","value":"//*[@id=\"__button105\"]"}
COMMAND: GET /session/00b8d6e8899bfbf6cc6d783774ce745e/screenshot - {}
RESULT: {"using":"xpath","value":"//*[@id=\"__button105\"]"}
COMMAND: POST /session/00b8d6e8899bfbf6cc6d783774ce745e/element/f.4E1637E628C3A2EF64D95C6C0224F564.d.9417199F2AAEC526343A5A23B723D54B.e.5050/click - {}
RESULT: {}
RESULT: {}
COMMAND: POST /session/00b8d6e8899bfbf6cc6d783774ce745e/elements - {"using":"css selector","value":"table tr"}
COMMAND: GET /session/00b8d6e8899bfbf6cc6d783774ce745e/screenshot - {}
RESULT: {"using":"css selector","value":"table tr"}
COMMAND: POST /session/00b8d6e8899bfbf6cc6d783774ce745e/element/f.4E1637E628C3A2EF64D95C6C0224F564.d.9417199F2AAEC526343A5A23B723D54B.e.5278/elements - {"using":"css selector","value":"input"}
RESULT: {}
RESULT: {"using":"css selector","value":"input"}
COMMAND: POST /session/00b8d6e8899bfbf6cc6d783774ce745e/element/f.4E1637E628C3A2EF64D95C6C0224F564.d.9417199F2AAEC526343A5A23B723D54B.e.5281/clear - {}
COMMAND: POST /session/00b8d6e8899bfbf6cc6d783774ce745e/element/f.4E1637E628C3A2EF64D95C6C0224F564.d.9417199F2AAEC526343A5A23B723D54B.e.5279/clear - {}
COMMAND: POST /session/00b8d6e8899bfbf6cc6d783774ce745e/element/f.4E1637E628C3A2EF64D95C6C0224F564.d.9417199F2AAEC526343A5A23B723D54B.e.5282/clear - {}
COMMAND: POST /session/00b8d6e8899bfbf6cc6d783774ce745e/element/f.4E1637E628C3A2EF64D95C6C0224F564.d.9417199F2AAEC526343A5A23B723D54B.e.5280/clear - {}
RESULT: {}
COMMAND: POST /session/00b8d6e8899bfbf6cc6d783774ce745e/element/f.4E1637E628C3A2EF64D95C6C0224F564.d.9417199F2AAEC526343A5A23B723D54B.e.5281/value - {"text":"99.5"}
COMMAND: GET /session/00b8d6e8899bfbf6cc6d783774ce745e/screenshot - {}
RESULT: {}
COMMAND: POST /session/00b8d6e8899bfbf6cc6d783774ce745e/element/f.4E1637E628C3A2EF64D95C6C0224F564.d.9417199F2AAEC526343A5A23B723D54B.e.5279/value - {"text":"05/16/25"}
COMMAND: GET /session/00b8d6e8899bfbf6cc6d783774ce745e/screenshot - {}
RESULT: {}
COMMAND: POST /session/00b8d6e8899bfbf6cc6d783774ce745e/element/f.4E1637E628C3A2EF64D95C6C0224F564.d.9417199F2AAEC526343A5A23B723D54B.e.5282/value - {"text":"US Dollar"}
COMMAND: GET /session/00b8d6e8899bfbf6cc6d783774ce745e/screenshot - {}
RESULT: {}
COMMAND: POST /session/00b8d6e8899bfbf6cc6d783774ce745e/element/f.4E1637E628C3A2EF64D95C6C0224F564.d.9417199F2AAEC526343A5A23B723D54B.e.5280/value - {"text":"10/16/25"}
COMMAND: GET /session/00b8d6e8899bfbf6cc6d783774ce745e/screenshot - {}
RESULT: {"text":"99.5"}
COMMAND: GET /session/00b8d6e8899bfbf6cc6d783774ce745e/screenshot - {}
RESULT: {}
COMMAND: POST /session/00b8d6e8899bfbf6cc6d783774ce745e/element/f.4E1637E628C3A2EF64D95C6C0224F564.d.9417199F2AAEC526343A5A23B723D54B.e.5278/elements - {"using":"css selector","value":"td"}
RESULT: {"text":"05/16/25"}
COMMAND: GET /session/00b8d6e8899bfbf6cc6d783774ce745e/screenshot - {}
RESULT: {}
RESULT: {"text":"US Dollar"}
COMMAND: GET /session/00b8d6e8899bfbf6cc6d783774ce745e/screenshot - {}
RESULT: {}
RESULT: {"text":"10/16/25"}
COMMAND: GET /session/00b8d6e8899bfbf6cc6d783774ce745e/screenshot - {}
RESULT: {}
RESULT: {}
RESULT: {"using":"css selector","value":"td"}
COMMAND: POST /session/00b8d6e8899bfbf6cc6d783774ce745e/element/f.4E1637E628C3A2EF64D95C6C0224F564.d.9417199F2AAEC526343A5A23B723D54B.e.5300/element - {"using":"css selector","value":"input"}
RESULT: {}
RESULT: {}
RESULT: {}
RESULT: {"using":"css selector","value":"input"}
COMMAND: POST /session/00b8d6e8899bfbf6cc6d783774ce745e/element/f.4E1637E628C3A2EF64D95C6C0224F564.d.9417199F2AAEC526343A5A23B723D54B.e.5283/click - {}
COMMAND: POST /session/00b8d6e8899bfbf6cc6d783774ce745e/element/f.4E1637E628C3A2EF64D95C6C0224F564.d.9417199F2AAEC526343A5A23B723D54B.e.5300/element - {"using":"css selector","value":"input"}
RESULT: {}
COMMAND: GET /session/00b8d6e8899bfbf6cc6d783774ce745e/screenshot - {}
RESULT: {"using":"css selector","value":"input"}
COMMAND: POST /session/00b8d6e8899bfbf6cc6d783774ce745e/element/f.4E1637E628C3A2EF64D95C6C0224F564.d.9417199F2AAEC526343A5A23B723D54B.e.5283/clear - {}
RESULT: {}
RESULT: {}
COMMAND: POST /session/00b8d6e8899bfbf6cc6d783774ce745e/element/f.4E1637E628C3A2EF64D95C6C0224F564.d.9417199F2AAEC526343A5A23B723D54B.e.5283/value - {"text":"2225"}
COMMAND: GET /session/00b8d6e8899bfbf6cc6d783774ce745e/screenshot - {}
RESULT: {"text":"2225"}
COMMAND: GET /session/00b8d6e8899bfbf6cc6d783774ce745e/screenshot - {}
RESULT: {}
RESULT: {}
COMMAND: POST /session/00b8d6e8899bfbf6cc6d783774ce745e/element - {"using":"xpath","value":"(//li[div//span[contains(text(), '2225')]])[2]"}
RESULT: {"using":"xpath","value":"(//li[div//span[contains(text(), '2225')]])[2]"}
COMMAND: POST /session/00b8d6e8899bfbf6cc6d783774ce745e/element/f.4E1637E628C3A2EF64D95C6C0224F564.d.9417199F2AAEC526343A5A23B723D54B.e.5306/click - {}
RESULT: {}
COMMAND: POST /session/00b8d6e8899bfbf6cc6d783774ce745e/execute/async - {"script":"<script> [1562 bytes]","args":[{"selector":{"controlType":"sap.m.Button","viewName":"etm.portal.ui.manageconditionprice.view.DailyPrices","viewId":"application-manageconditionprice-display-component---dailyPrices","i18NText":{"propertyName":"tooltip","key":"save"},"interaction":{"idSuffix":"BDI-content"}},"wdio_ui5_key":"etmportal.ui.manageconditionprice.view.DailyPricessap.m.Button{\"propertyName\":\"tooltip\",\"key\":\"save\"}"}]}
COMMAND: GET /session/00b8d6e8899bfbf6cc6d783774ce745e/screenshot - {}
RESULT: {"script":"<script> [1562 bytes]","args":[{"selector":{"controlType":"sap.m.Button","viewName":"etm.portal.ui.manageconditionprice.view.DailyPrices","viewId":"application-manageconditionprice-display-component---dailyPrices","i18NText":{"propertyName":"tooltip","key":"save"},"interaction":{"idSuffix":"BDI-content"}},"wdio_ui5_key":"etmportal.ui.manageconditionprice.view.DailyPricessap.m.Button{\"propertyName\":\"tooltip\",\"key\":\"save\"}"}]}
RESULT: undefined
COMMAND: POST /session/00b8d6e8899bfbf6cc6d783774ce745e/element - {"using":"xpath","value":"//*[@id=\"__button107\"]"}
RESULT: {}
RESULT: {"using":"xpath","value":"//*[@id=\"__button107\"]"}
COMMAND: POST /session/00b8d6e8899bfbf6cc6d783774ce745e/element/f.4E1637E628C3A2EF64D95C6C0224F564.d.9417199F2AAEC526343A5A23B723D54B.e.5044/click - {}
RESULT: {}
COMMAND: GET /session/00b8d6e8899bfbf6cc6d783774ce745e/screenshot - {}
RESULT: {}
]]></system-out>
    </testcase>
    <testcase classname="chrome.136_0_7103_93.windows.Edit_and_delete_daily_price_US134629_US134627" name="Should check whether the 2 rows have been added then edit one of the rows s currency and value and save and check the edited values" time="13.447">
      <system-out><![CDATA[
COMMAND: POST /session/00b8d6e8899bfbf6cc6d783774ce745e/elements - {"using":"css selector","value":"table tr"}
RESULT: {"using":"css selector","value":"table tr"}
COMMAND: POST /session/00b8d6e8899bfbf6cc6d783774ce745e/element/f.4E1637E628C3A2EF64D95C6C0224F564.d.9417199F2AAEC526343A5A23B723D54B.e.5278/elements - {"using":"css selector","value":"td"}
RESULT: {"using":"css selector","value":"td"}
COMMAND: POST /session/00b8d6e8899bfbf6cc6d783774ce745e/element/f.4E1637E628C3A2EF64D95C6C0224F564.d.9417199F2AAEC526343A5A23B723D54B.e.5248/elements - {"using":"css selector","value":"td"}
RESULT: {"using":"css selector","value":"td"}
COMMAND: POST /session/00b8d6e8899bfbf6cc6d783774ce745e/element/f.4E1637E628C3A2EF64D95C6C0224F564.d.9417199F2AAEC526343A5A23B723D54B.e.5309/element - {"using":"css selector","value":".sapMObjectNumberText"}
RESULT: {"using":"css selector","value":".sapMObjectNumberText"}
COMMAND: GET /session/00b8d6e8899bfbf6cc6d783774ce745e/element/f.4E1637E628C3A2EF64D95C6C0224F564.d.9417199F2AAEC526343A5A23B723D54B.e.5311/text - {}
RESULT: {}
COMMAND: POST /session/00b8d6e8899bfbf6cc6d783774ce745e/element/f.4E1637E628C3A2EF64D95C6C0224F564.d.9417199F2AAEC526343A5A23B723D54B.e.5310/element - {"using":"css selector","value":".sapMObjectNumberText"}
RESULT: {"using":"css selector","value":".sapMObjectNumberText"}
COMMAND: GET /session/00b8d6e8899bfbf6cc6d783774ce745e/element/f.4E1637E628C3A2EF64D95C6C0224F564.d.9417199F2AAEC526343A5A23B723D54B.e.5312/text - {}
RESULT: {}
RESULT: undefined
COMMAND: POST /session/00b8d6e8899bfbf6cc6d783774ce745e/element - {"using":"xpath","value":"//*[@id=\"application-manageconditionprice-display-component---dailyPrices--editBtn\"]"}
RESULT: {"using":"xpath","value":"//*[@id=\"application-manageconditionprice-display-component---dailyPrices--editBtn\"]"}
COMMAND: POST /session/00b8d6e8899bfbf6cc6d783774ce745e/element/f.4E1637E628C3A2EF64D95C6C0224F564.d.9417199F2AAEC526343A5A23B723D54B.e.5308/click - {}
RESULT: {}
COMMAND: POST /session/00b8d6e8899bfbf6cc6d783774ce745e/elements - {"using":"css selector","value":"table tr"}
COMMAND: GET /session/00b8d6e8899bfbf6cc6d783774ce745e/screenshot - {}
RESULT: {"using":"css selector","value":"table tr"}
COMMAND: POST /session/00b8d6e8899bfbf6cc6d783774ce745e/element/f.4E1637E628C3A2EF64D95C6C0224F564.d.9417199F2AAEC526343A5A23B723D54B.e.5278/elements - {"using":"css selector","value":"input"}
RESULT: {}
RESULT: {"using":"css selector","value":"input"}
COMMAND: POST /session/00b8d6e8899bfbf6cc6d783774ce745e/element/f.4E1637E628C3A2EF64D95C6C0224F564.d.9417199F2AAEC526343A5A23B723D54B.e.5327/clear - {}
COMMAND: POST /session/00b8d6e8899bfbf6cc6d783774ce745e/element/f.4E1637E628C3A2EF64D95C6C0224F564.d.9417199F2AAEC526343A5A23B723D54B.e.5328/clear - {}
RESULT: {}
COMMAND: POST /session/00b8d6e8899bfbf6cc6d783774ce745e/element/f.4E1637E628C3A2EF64D95C6C0224F564.d.9417199F2AAEC526343A5A23B723D54B.e.5328/value - {"text":"US Dollar"}
COMMAND: GET /session/00b8d6e8899bfbf6cc6d783774ce745e/screenshot - {}
RESULT: {}
COMMAND: POST /session/00b8d6e8899bfbf6cc6d783774ce745e/element/f.4E1637E628C3A2EF64D95C6C0224F564.d.9417199F2AAEC526343A5A23B723D54B.e.5327/value - {"text":"566.1"}
COMMAND: GET /session/00b8d6e8899bfbf6cc6d783774ce745e/screenshot - {}
RESULT: {"text":"US Dollar"}
COMMAND: GET /session/00b8d6e8899bfbf6cc6d783774ce745e/screenshot - {}
RESULT: {}
RESULT: {"text":"566.1"}
COMMAND: GET /session/00b8d6e8899bfbf6cc6d783774ce745e/screenshot - {}
RESULT: undefined
COMMAND: POST /session/00b8d6e8899bfbf6cc6d783774ce745e/element - {"using":"xpath","value":"//*[@id=\"__button107\"]"}
RESULT: {}
RESULT: {}
RESULT: {}
RESULT: {"using":"xpath","value":"//*[@id=\"__button107\"]"}
COMMAND: POST /session/00b8d6e8899bfbf6cc6d783774ce745e/element/f.4E1637E628C3A2EF64D95C6C0224F564.d.9417199F2AAEC526343A5A23B723D54B.e.5313/click - {}
RESULT: {}
COMMAND: GET /session/00b8d6e8899bfbf6cc6d783774ce745e/screenshot - {}
RESULT: {}
COMMAND: POST /session/00b8d6e8899bfbf6cc6d783774ce745e/elements - {"using":"css selector","value":"table tr"}
RESULT: {"using":"css selector","value":"table tr"}
COMMAND: POST /session/00b8d6e8899bfbf6cc6d783774ce745e/element/f.4E1637E628C3A2EF64D95C6C0224F564.d.9417199F2AAEC526343A5A23B723D54B.e.5278/elements - {"using":"css selector","value":"td"}
RESULT: {"using":"css selector","value":"td"}
COMMAND: POST /session/00b8d6e8899bfbf6cc6d783774ce745e/element/f.4E1637E628C3A2EF64D95C6C0224F564.d.9417199F2AAEC526343A5A23B723D54B.e.5332/element - {"using":"css selector","value":".sapMObjectNumberText"}
RESULT: {"using":"css selector","value":".sapMObjectNumberText"}
COMMAND: GET /session/00b8d6e8899bfbf6cc6d783774ce745e/element/f.4E1637E628C3A2EF64D95C6C0224F564.d.9417199F2AAEC526343A5A23B723D54B.e.5334/text - {}
RESULT: {}
]]></system-out>
    </testcase>
    <testcase classname="chrome.136_0_7103_93.windows.Edit_and_delete_daily_price_US134629_US134627" name="Should go into edit and delete all the rows that match the yard we have created for this scenario check if all rows deleted" time="29.156">
      <system-out><![CDATA[
RESULT: undefined
COMMAND: POST /session/00b8d6e8899bfbf6cc6d783774ce745e/element - {"using":"xpath","value":"//*[@id=\"application-manageconditionprice-display-component---dailyPrices--editBtn\"]"}
RESULT: {"using":"xpath","value":"//*[@id=\"application-manageconditionprice-display-component---dailyPrices--editBtn\"]"}
COMMAND: POST /session/00b8d6e8899bfbf6cc6d783774ce745e/element/f.4E1637E628C3A2EF64D95C6C0224F564.d.9417199F2AAEC526343A5A23B723D54B.e.5331/click - {}
RESULT: {}
COMMAND: GET /session/00b8d6e8899bfbf6cc6d783774ce745e/screenshot - {}
RESULT: {}
COMMAND: POST /session/00b8d6e8899bfbf6cc6d783774ce745e/elements - {"using":"css selector","value":"table tr"}
RESULT: {"using":"css selector","value":"table tr"}
COMMAND: POST /session/00b8d6e8899bfbf6cc6d783774ce745e/element/f.4E1637E628C3A2EF64D95C6C0224F564.d.9417199F2AAEC526343A5A23B723D54B.e.5052/elements - {"using":"css selector","value":"td"}
RESULT: {"using":"css selector","value":"td"}
COMMAND: POST /session/00b8d6e8899bfbf6cc6d783774ce745e/element/f.4E1637E628C3A2EF64D95C6C0224F564.d.9417199F2AAEC526343A5A23B723D54B.e.5053/elements - {"using":"css selector","value":"td"}
RESULT: {"using":"css selector","value":"td"}
COMMAND: POST /session/00b8d6e8899bfbf6cc6d783774ce745e/element/f.4E1637E628C3A2EF64D95C6C0224F564.d.9417199F2AAEC526343A5A23B723D54B.e.5054/elements - {"using":"css selector","value":"td"}
RESULT: {"using":"css selector","value":"td"}
COMMAND: POST /session/00b8d6e8899bfbf6cc6d783774ce745e/element/f.4E1637E628C3A2EF64D95C6C0224F564.d.9417199F2AAEC526343A5A23B723D54B.e.4966/elements - {"using":"css selector","value":"td"}
RESULT: {"using":"css selector","value":"td"}
COMMAND: POST /session/00b8d6e8899bfbf6cc6d783774ce745e/element/f.4E1637E628C3A2EF64D95C6C0224F564.d.9417199F2AAEC526343A5A23B723D54B.e.4967/elements - {"using":"css selector","value":"td"}
RESULT: {"using":"css selector","value":"td"}
COMMAND: POST /session/00b8d6e8899bfbf6cc6d783774ce745e/element/f.4E1637E628C3A2EF64D95C6C0224F564.d.9417199F2AAEC526343A5A23B723D54B.e.4977/elements - {"using":"css selector","value":"td"}
RESULT: {"using":"css selector","value":"td"}
COMMAND: POST /session/00b8d6e8899bfbf6cc6d783774ce745e/element/f.4E1637E628C3A2EF64D95C6C0224F564.d.9417199F2AAEC526343A5A23B723D54B.e.4978/elements - {"using":"css selector","value":"td"}
RESULT: {"using":"css selector","value":"td"}
COMMAND: POST /session/00b8d6e8899bfbf6cc6d783774ce745e/element/f.4E1637E628C3A2EF64D95C6C0224F564.d.9417199F2AAEC526343A5A23B723D54B.e.4988/elements - {"using":"css selector","value":"td"}
RESULT: {"using":"css selector","value":"td"}
COMMAND: POST /session/00b8d6e8899bfbf6cc6d783774ce745e/element/f.4E1637E628C3A2EF64D95C6C0224F564.d.9417199F2AAEC526343A5A23B723D54B.e.4989/elements - {"using":"css selector","value":"td"}
RESULT: {"using":"css selector","value":"td"}
COMMAND: POST /session/00b8d6e8899bfbf6cc6d783774ce745e/element/f.4E1637E628C3A2EF64D95C6C0224F564.d.9417199F2AAEC526343A5A23B723D54B.e.4995/elements - {"using":"css selector","value":"td"}
RESULT: {"using":"css selector","value":"td"}
COMMAND: POST /session/00b8d6e8899bfbf6cc6d783774ce745e/element/f.4E1637E628C3A2EF64D95C6C0224F564.d.9417199F2AAEC526343A5A23B723D54B.e.5055/elements - {"using":"css selector","value":"td"}
RESULT: {"using":"css selector","value":"td"}
COMMAND: POST /session/00b8d6e8899bfbf6cc6d783774ce745e/element/f.4E1637E628C3A2EF64D95C6C0224F564.d.9417199F2AAEC526343A5A23B723D54B.e.5056/elements - {"using":"css selector","value":"td"}
RESULT: {"using":"css selector","value":"td"}
COMMAND: POST /session/00b8d6e8899bfbf6cc6d783774ce745e/element/f.4E1637E628C3A2EF64D95C6C0224F564.d.9417199F2AAEC526343A5A23B723D54B.e.5057/elements - {"using":"css selector","value":"td"}
RESULT: {"using":"css selector","value":"td"}
COMMAND: POST /session/00b8d6e8899bfbf6cc6d783774ce745e/element/f.4E1637E628C3A2EF64D95C6C0224F564.d.9417199F2AAEC526343A5A23B723D54B.e.5058/elements - {"using":"css selector","value":"td"}
RESULT: {"using":"css selector","value":"td"}
COMMAND: POST /session/00b8d6e8899bfbf6cc6d783774ce745e/element/f.4E1637E628C3A2EF64D95C6C0224F564.d.9417199F2AAEC526343A5A23B723D54B.e.5059/elements - {"using":"css selector","value":"td"}
RESULT: {"using":"css selector","value":"td"}
COMMAND: POST /session/00b8d6e8899bfbf6cc6d783774ce745e/element/f.4E1637E628C3A2EF64D95C6C0224F564.d.9417199F2AAEC526343A5A23B723D54B.e.5060/elements - {"using":"css selector","value":"td"}
RESULT: {"using":"css selector","value":"td"}
COMMAND: POST /session/00b8d6e8899bfbf6cc6d783774ce745e/element/f.4E1637E628C3A2EF64D95C6C0224F564.d.9417199F2AAEC526343A5A23B723D54B.e.5061/elements - {"using":"css selector","value":"td"}
RESULT: {"using":"css selector","value":"td"}
COMMAND: POST /session/00b8d6e8899bfbf6cc6d783774ce745e/element/f.4E1637E628C3A2EF64D95C6C0224F564.d.9417199F2AAEC526343A5A23B723D54B.e.5062/elements - {"using":"css selector","value":"td"}
RESULT: {"using":"css selector","value":"td"}
COMMAND: POST /session/00b8d6e8899bfbf6cc6d783774ce745e/element/f.4E1637E628C3A2EF64D95C6C0224F564.d.9417199F2AAEC526343A5A23B723D54B.e.5063/elements - {"using":"css selector","value":"td"}
RESULT: {"using":"css selector","value":"td"}
COMMAND: POST /session/00b8d6e8899bfbf6cc6d783774ce745e/element/f.4E1637E628C3A2EF64D95C6C0224F564.d.9417199F2AAEC526343A5A23B723D54B.e.5064/elements - {"using":"css selector","value":"td"}
RESULT: {"using":"css selector","value":"td"}
COMMAND: POST /session/00b8d6e8899bfbf6cc6d783774ce745e/element/f.4E1637E628C3A2EF64D95C6C0224F564.d.9417199F2AAEC526343A5A23B723D54B.e.5065/elements - {"using":"css selector","value":"td"}
RESULT: {"using":"css selector","value":"td"}
COMMAND: POST /session/00b8d6e8899bfbf6cc6d783774ce745e/element/f.4E1637E628C3A2EF64D95C6C0224F564.d.9417199F2AAEC526343A5A23B723D54B.e.5066/elements - {"using":"css selector","value":"td"}
RESULT: {"using":"css selector","value":"td"}
COMMAND: POST /session/00b8d6e8899bfbf6cc6d783774ce745e/element/f.4E1637E628C3A2EF64D95C6C0224F564.d.9417199F2AAEC526343A5A23B723D54B.e.5067/elements - {"using":"css selector","value":"td"}
RESULT: {"using":"css selector","value":"td"}
COMMAND: POST /session/00b8d6e8899bfbf6cc6d783774ce745e/element/f.4E1637E628C3A2EF64D95C6C0224F564.d.9417199F2AAEC526343A5A23B723D54B.e.5068/elements - {"using":"css selector","value":"td"}
RESULT: {"using":"css selector","value":"td"}
COMMAND: POST /session/00b8d6e8899bfbf6cc6d783774ce745e/element/f.4E1637E628C3A2EF64D95C6C0224F564.d.9417199F2AAEC526343A5A23B723D54B.e.5069/elements - {"using":"css selector","value":"td"}
RESULT: {"using":"css selector","value":"td"}
COMMAND: POST /session/00b8d6e8899bfbf6cc6d783774ce745e/element/f.4E1637E628C3A2EF64D95C6C0224F564.d.9417199F2AAEC526343A5A23B723D54B.e.5070/elements - {"using":"css selector","value":"td"}
RESULT: {"using":"css selector","value":"td"}
COMMAND: POST /session/00b8d6e8899bfbf6cc6d783774ce745e/element/f.4E1637E628C3A2EF64D95C6C0224F564.d.9417199F2AAEC526343A5A23B723D54B.e.5071/elements - {"using":"css selector","value":"td"}
RESULT: {"using":"css selector","value":"td"}
COMMAND: POST /session/00b8d6e8899bfbf6cc6d783774ce745e/element/f.4E1637E628C3A2EF64D95C6C0224F564.d.9417199F2AAEC526343A5A23B723D54B.e.5072/elements - {"using":"css selector","value":"td"}
RESULT: {"using":"css selector","value":"td"}
COMMAND: POST /session/00b8d6e8899bfbf6cc6d783774ce745e/element/f.4E1637E628C3A2EF64D95C6C0224F564.d.9417199F2AAEC526343A5A23B723D54B.e.5073/elements - {"using":"css selector","value":"td"}
RESULT: {"using":"css selector","value":"td"}
COMMAND: POST /session/00b8d6e8899bfbf6cc6d783774ce745e/element/f.4E1637E628C3A2EF64D95C6C0224F564.d.9417199F2AAEC526343A5A23B723D54B.e.5074/elements - {"using":"css selector","value":"td"}
RESULT: {"using":"css selector","value":"td"}
COMMAND: POST /session/00b8d6e8899bfbf6cc6d783774ce745e/element/f.4E1637E628C3A2EF64D95C6C0224F564.d.9417199F2AAEC526343A5A23B723D54B.e.5075/elements - {"using":"css selector","value":"td"}
RESULT: {"using":"css selector","value":"td"}
COMMAND: POST /session/00b8d6e8899bfbf6cc6d783774ce745e/element/f.4E1637E628C3A2EF64D95C6C0224F564.d.9417199F2AAEC526343A5A23B723D54B.e.5076/elements - {"using":"css selector","value":"td"}
RESULT: {"using":"css selector","value":"td"}
COMMAND: POST /session/00b8d6e8899bfbf6cc6d783774ce745e/element/f.4E1637E628C3A2EF64D95C6C0224F564.d.9417199F2AAEC526343A5A23B723D54B.e.5077/elements - {"using":"css selector","value":"td"}
RESULT: {"using":"css selector","value":"td"}
COMMAND: POST /session/00b8d6e8899bfbf6cc6d783774ce745e/element/f.4E1637E628C3A2EF64D95C6C0224F564.d.9417199F2AAEC526343A5A23B723D54B.e.5078/elements - {"using":"css selector","value":"td"}
RESULT: {"using":"css selector","value":"td"}
COMMAND: POST /session/00b8d6e8899bfbf6cc6d783774ce745e/element/f.4E1637E628C3A2EF64D95C6C0224F564.d.9417199F2AAEC526343A5A23B723D54B.e.5079/elements - {"using":"css selector","value":"td"}
RESULT: {"using":"css selector","value":"td"}
COMMAND: POST /session/00b8d6e8899bfbf6cc6d783774ce745e/element/f.4E1637E628C3A2EF64D95C6C0224F564.d.9417199F2AAEC526343A5A23B723D54B.e.5080/elements - {"using":"css selector","value":"td"}
RESULT: {"using":"css selector","value":"td"}
COMMAND: POST /session/00b8d6e8899bfbf6cc6d783774ce745e/element/f.4E1637E628C3A2EF64D95C6C0224F564.d.9417199F2AAEC526343A5A23B723D54B.e.5081/elements - {"using":"css selector","value":"td"}
RESULT: {"using":"css selector","value":"td"}
COMMAND: POST /session/00b8d6e8899bfbf6cc6d783774ce745e/element/f.4E1637E628C3A2EF64D95C6C0224F564.d.9417199F2AAEC526343A5A23B723D54B.e.5082/elements - {"using":"css selector","value":"td"}
RESULT: {"using":"css selector","value":"td"}
COMMAND: POST /session/00b8d6e8899bfbf6cc6d783774ce745e/element/f.4E1637E628C3A2EF64D95C6C0224F564.d.9417199F2AAEC526343A5A23B723D54B.e.5083/elements - {"using":"css selector","value":"td"}
RESULT: {"using":"css selector","value":"td"}
COMMAND: POST /session/00b8d6e8899bfbf6cc6d783774ce745e/element/f.4E1637E628C3A2EF64D95C6C0224F564.d.9417199F2AAEC526343A5A23B723D54B.e.5084/elements - {"using":"css selector","value":"td"}
RESULT: {"using":"css selector","value":"td"}
COMMAND: POST /session/00b8d6e8899bfbf6cc6d783774ce745e/element/f.4E1637E628C3A2EF64D95C6C0224F564.d.9417199F2AAEC526343A5A23B723D54B.e.5085/elements - {"using":"css selector","value":"td"}
RESULT: {"using":"css selector","value":"td"}
COMMAND: POST /session/00b8d6e8899bfbf6cc6d783774ce745e/element/f.4E1637E628C3A2EF64D95C6C0224F564.d.9417199F2AAEC526343A5A23B723D54B.e.5086/elements - {"using":"css selector","value":"td"}
RESULT: {"using":"css selector","value":"td"}
COMMAND: POST /session/00b8d6e8899bfbf6cc6d783774ce745e/element/f.4E1637E628C3A2EF64D95C6C0224F564.d.9417199F2AAEC526343A5A23B723D54B.e.5087/elements - {"using":"css selector","value":"td"}
RESULT: {"using":"css selector","value":"td"}
COMMAND: POST /session/00b8d6e8899bfbf6cc6d783774ce745e/element/f.4E1637E628C3A2EF64D95C6C0224F564.d.9417199F2AAEC526343A5A23B723D54B.e.5088/elements - {"using":"css selector","value":"td"}
RESULT: {"using":"css selector","value":"td"}
COMMAND: POST /session/00b8d6e8899bfbf6cc6d783774ce745e/element/f.4E1637E628C3A2EF64D95C6C0224F564.d.9417199F2AAEC526343A5A23B723D54B.e.5089/elements - {"using":"css selector","value":"td"}
RESULT: {"using":"css selector","value":"td"}
COMMAND: POST /session/00b8d6e8899bfbf6cc6d783774ce745e/element/f.4E1637E628C3A2EF64D95C6C0224F564.d.9417199F2AAEC526343A5A23B723D54B.e.5090/elements - {"using":"css selector","value":"td"}
RESULT: {"using":"css selector","value":"td"}
COMMAND: POST /session/00b8d6e8899bfbf6cc6d783774ce745e/element/f.4E1637E628C3A2EF64D95C6C0224F564.d.9417199F2AAEC526343A5A23B723D54B.e.5091/elements - {"using":"css selector","value":"td"}
RESULT: {"using":"css selector","value":"td"}
COMMAND: POST /session/00b8d6e8899bfbf6cc6d783774ce745e/element/f.4E1637E628C3A2EF64D95C6C0224F564.d.9417199F2AAEC526343A5A23B723D54B.e.5092/elements - {"using":"css selector","value":"td"}
RESULT: {"using":"css selector","value":"td"}
COMMAND: POST /session/00b8d6e8899bfbf6cc6d783774ce745e/element/f.4E1637E628C3A2EF64D95C6C0224F564.d.9417199F2AAEC526343A5A23B723D54B.e.5093/elements - {"using":"css selector","value":"td"}
RESULT: {"using":"css selector","value":"td"}
COMMAND: POST /session/00b8d6e8899bfbf6cc6d783774ce745e/element/f.4E1637E628C3A2EF64D95C6C0224F564.d.9417199F2AAEC526343A5A23B723D54B.e.5094/elements - {"using":"css selector","value":"td"}
RESULT: {"using":"css selector","value":"td"}
COMMAND: POST /session/00b8d6e8899bfbf6cc6d783774ce745e/element/f.4E1637E628C3A2EF64D95C6C0224F564.d.9417199F2AAEC526343A5A23B723D54B.e.5095/elements - {"using":"css selector","value":"td"}
RESULT: {"using":"css selector","value":"td"}
COMMAND: POST /session/00b8d6e8899bfbf6cc6d783774ce745e/element/f.4E1637E628C3A2EF64D95C6C0224F564.d.9417199F2AAEC526343A5A23B723D54B.e.5096/elements - {"using":"css selector","value":"td"}
RESULT: {"using":"css selector","value":"td"}
COMMAND: POST /session/00b8d6e8899bfbf6cc6d783774ce745e/element/f.4E1637E628C3A2EF64D95C6C0224F564.d.9417199F2AAEC526343A5A23B723D54B.e.5097/elements - {"using":"css selector","value":"td"}
RESULT: {"using":"css selector","value":"td"}
COMMAND: POST /session/00b8d6e8899bfbf6cc6d783774ce745e/element/f.4E1637E628C3A2EF64D95C6C0224F564.d.9417199F2AAEC526343A5A23B723D54B.e.5098/elements - {"using":"css selector","value":"td"}
RESULT: {"using":"css selector","value":"td"}
COMMAND: POST /session/00b8d6e8899bfbf6cc6d783774ce745e/element/f.4E1637E628C3A2EF64D95C6C0224F564.d.9417199F2AAEC526343A5A23B723D54B.e.5099/elements - {"using":"css selector","value":"td"}
RESULT: {"using":"css selector","value":"td"}
COMMAND: POST /session/00b8d6e8899bfbf6cc6d783774ce745e/element/f.4E1637E628C3A2EF64D95C6C0224F564.d.9417199F2AAEC526343A5A23B723D54B.e.5100/elements - {"using":"css selector","value":"td"}
RESULT: {"using":"css selector","value":"td"}
COMMAND: POST /session/00b8d6e8899bfbf6cc6d783774ce745e/element/f.4E1637E628C3A2EF64D95C6C0224F564.d.9417199F2AAEC526343A5A23B723D54B.e.5101/elements - {"using":"css selector","value":"td"}
RESULT: {"using":"css selector","value":"td"}
COMMAND: POST /session/00b8d6e8899bfbf6cc6d783774ce745e/element/f.4E1637E628C3A2EF64D95C6C0224F564.d.9417199F2AAEC526343A5A23B723D54B.e.5102/elements - {"using":"css selector","value":"td"}
RESULT: {"using":"css selector","value":"td"}
COMMAND: POST /session/00b8d6e8899bfbf6cc6d783774ce745e/element/f.4E1637E628C3A2EF64D95C6C0224F564.d.9417199F2AAEC526343A5A23B723D54B.e.5103/elements - {"using":"css selector","value":"td"}
RESULT: {"using":"css selector","value":"td"}
COMMAND: POST /session/00b8d6e8899bfbf6cc6d783774ce745e/element/f.4E1637E628C3A2EF64D95C6C0224F564.d.9417199F2AAEC526343A5A23B723D54B.e.5104/elements - {"using":"css selector","value":"td"}
RESULT: {"using":"css selector","value":"td"}
COMMAND: POST /session/00b8d6e8899bfbf6cc6d783774ce745e/element/f.4E1637E628C3A2EF64D95C6C0224F564.d.9417199F2AAEC526343A5A23B723D54B.e.5105/elements - {"using":"css selector","value":"td"}
RESULT: {"using":"css selector","value":"td"}
COMMAND: POST /session/00b8d6e8899bfbf6cc6d783774ce745e/element/f.4E1637E628C3A2EF64D95C6C0224F564.d.9417199F2AAEC526343A5A23B723D54B.e.5106/elements - {"using":"css selector","value":"td"}
RESULT: {"using":"css selector","value":"td"}
COMMAND: POST /session/00b8d6e8899bfbf6cc6d783774ce745e/element/f.4E1637E628C3A2EF64D95C6C0224F564.d.9417199F2AAEC526343A5A23B723D54B.e.5107/elements - {"using":"css selector","value":"td"}
RESULT: {"using":"css selector","value":"td"}
COMMAND: POST /session/00b8d6e8899bfbf6cc6d783774ce745e/element/f.4E1637E628C3A2EF64D95C6C0224F564.d.9417199F2AAEC526343A5A23B723D54B.e.5108/elements - {"using":"css selector","value":"td"}
RESULT: {"using":"css selector","value":"td"}
COMMAND: POST /session/00b8d6e8899bfbf6cc6d783774ce745e/element/f.4E1637E628C3A2EF64D95C6C0224F564.d.9417199F2AAEC526343A5A23B723D54B.e.5109/elements - {"using":"css selector","value":"td"}
RESULT: {"using":"css selector","value":"td"}
COMMAND: POST /session/00b8d6e8899bfbf6cc6d783774ce745e/element/f.4E1637E628C3A2EF64D95C6C0224F564.d.9417199F2AAEC526343A5A23B723D54B.e.5110/elements - {"using":"css selector","value":"td"}
RESULT: {"using":"css selector","value":"td"}
COMMAND: POST /session/00b8d6e8899bfbf6cc6d783774ce745e/element/f.4E1637E628C3A2EF64D95C6C0224F564.d.9417199F2AAEC526343A5A23B723D54B.e.5111/elements - {"using":"css selector","value":"td"}
RESULT: {"using":"css selector","value":"td"}
COMMAND: POST /session/00b8d6e8899bfbf6cc6d783774ce745e/element/f.4E1637E628C3A2EF64D95C6C0224F564.d.9417199F2AAEC526343A5A23B723D54B.e.5112/elements - {"using":"css selector","value":"td"}
RESULT: {"using":"css selector","value":"td"}
COMMAND: POST /session/00b8d6e8899bfbf6cc6d783774ce745e/element/f.4E1637E628C3A2EF64D95C6C0224F564.d.9417199F2AAEC526343A5A23B723D54B.e.5113/elements - {"using":"css selector","value":"td"}
RESULT: {"using":"css selector","value":"td"}
COMMAND: POST /session/00b8d6e8899bfbf6cc6d783774ce745e/element/f.4E1637E628C3A2EF64D95C6C0224F564.d.9417199F2AAEC526343A5A23B723D54B.e.5114/elements - {"using":"css selector","value":"td"}
RESULT: {"using":"css selector","value":"td"}
COMMAND: POST /session/00b8d6e8899bfbf6cc6d783774ce745e/element/f.4E1637E628C3A2EF64D95C6C0224F564.d.9417199F2AAEC526343A5A23B723D54B.e.5115/elements - {"using":"css selector","value":"td"}
RESULT: {"using":"css selector","value":"td"}
COMMAND: POST /session/00b8d6e8899bfbf6cc6d783774ce745e/element/f.4E1637E628C3A2EF64D95C6C0224F564.d.9417199F2AAEC526343A5A23B723D54B.e.5116/elements - {"using":"css selector","value":"td"}
RESULT: {"using":"css selector","value":"td"}
COMMAND: POST /session/00b8d6e8899bfbf6cc6d783774ce745e/element/f.4E1637E628C3A2EF64D95C6C0224F564.d.9417199F2AAEC526343A5A23B723D54B.e.5117/elements - {"using":"css selector","value":"td"}
RESULT: {"using":"css selector","value":"td"}
COMMAND: POST /session/00b8d6e8899bfbf6cc6d783774ce745e/element/f.4E1637E628C3A2EF64D95C6C0224F564.d.9417199F2AAEC526343A5A23B723D54B.e.5118/elements - {"using":"css selector","value":"td"}
RESULT: {"using":"css selector","value":"td"}
COMMAND: POST /session/00b8d6e8899bfbf6cc6d783774ce745e/element/f.4E1637E628C3A2EF64D95C6C0224F564.d.9417199F2AAEC526343A5A23B723D54B.e.5119/elements - {"using":"css selector","value":"td"}
RESULT: {"using":"css selector","value":"td"}
COMMAND: POST /session/00b8d6e8899bfbf6cc6d783774ce745e/element/f.4E1637E628C3A2EF64D95C6C0224F564.d.9417199F2AAEC526343A5A23B723D54B.e.5120/elements - {"using":"css selector","value":"td"}
RESULT: {"using":"css selector","value":"td"}
COMMAND: POST /session/00b8d6e8899bfbf6cc6d783774ce745e/element/f.4E1637E628C3A2EF64D95C6C0224F564.d.9417199F2AAEC526343A5A23B723D54B.e.5121/elements - {"using":"css selector","value":"td"}
RESULT: {"using":"css selector","value":"td"}
COMMAND: POST /session/00b8d6e8899bfbf6cc6d783774ce745e/element/f.4E1637E628C3A2EF64D95C6C0224F564.d.9417199F2AAEC526343A5A23B723D54B.e.5122/elements - {"using":"css selector","value":"td"}
RESULT: {"using":"css selector","value":"td"}
COMMAND: POST /session/00b8d6e8899bfbf6cc6d783774ce745e/element/f.4E1637E628C3A2EF64D95C6C0224F564.d.9417199F2AAEC526343A5A23B723D54B.e.5123/elements - {"using":"css selector","value":"td"}
RESULT: {"using":"css selector","value":"td"}
COMMAND: POST /session/00b8d6e8899bfbf6cc6d783774ce745e/element/f.4E1637E628C3A2EF64D95C6C0224F564.d.9417199F2AAEC526343A5A23B723D54B.e.5124/elements - {"using":"css selector","value":"td"}
RESULT: {"using":"css selector","value":"td"}
COMMAND: POST /session/00b8d6e8899bfbf6cc6d783774ce745e/element/f.4E1637E628C3A2EF64D95C6C0224F564.d.9417199F2AAEC526343A5A23B723D54B.e.5125/elements - {"using":"css selector","value":"td"}
RESULT: {"using":"css selector","value":"td"}
COMMAND: POST /session/00b8d6e8899bfbf6cc6d783774ce745e/element/f.4E1637E628C3A2EF64D95C6C0224F564.d.9417199F2AAEC526343A5A23B723D54B.e.5126/elements - {"using":"css selector","value":"td"}
RESULT: {"using":"css selector","value":"td"}
COMMAND: POST /session/00b8d6e8899bfbf6cc6d783774ce745e/element/f.4E1637E628C3A2EF64D95C6C0224F564.d.9417199F2AAEC526343A5A23B723D54B.e.5127/elements - {"using":"css selector","value":"td"}
RESULT: {"using":"css selector","value":"td"}
COMMAND: POST /session/00b8d6e8899bfbf6cc6d783774ce745e/element/f.4E1637E628C3A2EF64D95C6C0224F564.d.9417199F2AAEC526343A5A23B723D54B.e.5128/elements - {"using":"css selector","value":"td"}
RESULT: {"using":"css selector","value":"td"}
COMMAND: POST /session/00b8d6e8899bfbf6cc6d783774ce745e/element/f.4E1637E628C3A2EF64D95C6C0224F564.d.9417199F2AAEC526343A5A23B723D54B.e.5129/elements - {"using":"css selector","value":"td"}
RESULT: {"using":"css selector","value":"td"}
COMMAND: POST /session/00b8d6e8899bfbf6cc6d783774ce745e/element/f.4E1637E628C3A2EF64D95C6C0224F564.d.9417199F2AAEC526343A5A23B723D54B.e.5130/elements - {"using":"css selector","value":"td"}
RESULT: {"using":"css selector","value":"td"}
COMMAND: POST /session/00b8d6e8899bfbf6cc6d783774ce745e/element/f.4E1637E628C3A2EF64D95C6C0224F564.d.9417199F2AAEC526343A5A23B723D54B.e.5131/elements - {"using":"css selector","value":"td"}
RESULT: {"using":"css selector","value":"td"}
COMMAND: POST /session/00b8d6e8899bfbf6cc6d783774ce745e/element/f.4E1637E628C3A2EF64D95C6C0224F564.d.9417199F2AAEC526343A5A23B723D54B.e.5132/elements - {"using":"css selector","value":"td"}
RESULT: {"using":"css selector","value":"td"}
COMMAND: POST /session/00b8d6e8899bfbf6cc6d783774ce745e/element/f.4E1637E628C3A2EF64D95C6C0224F564.d.9417199F2AAEC526343A5A23B723D54B.e.5133/elements - {"using":"css selector","value":"td"}
RESULT: {"using":"css selector","value":"td"}
COMMAND: POST /session/00b8d6e8899bfbf6cc6d783774ce745e/element/f.4E1637E628C3A2EF64D95C6C0224F564.d.9417199F2AAEC526343A5A23B723D54B.e.5134/elements - {"using":"css selector","value":"td"}
RESULT: {"using":"css selector","value":"td"}
COMMAND: POST /session/00b8d6e8899bfbf6cc6d783774ce745e/element/f.4E1637E628C3A2EF64D95C6C0224F564.d.9417199F2AAEC526343A5A23B723D54B.e.5135/elements - {"using":"css selector","value":"td"}
RESULT: {"using":"css selector","value":"td"}
COMMAND: POST /session/00b8d6e8899bfbf6cc6d783774ce745e/element/f.4E1637E628C3A2EF64D95C6C0224F564.d.9417199F2AAEC526343A5A23B723D54B.e.5136/elements - {"using":"css selector","value":"td"}
RESULT: {"using":"css selector","value":"td"}
COMMAND: POST /session/00b8d6e8899bfbf6cc6d783774ce745e/element/f.4E1637E628C3A2EF64D95C6C0224F564.d.9417199F2AAEC526343A5A23B723D54B.e.5137/elements - {"using":"css selector","value":"td"}
RESULT: {"using":"css selector","value":"td"}
COMMAND: POST /session/00b8d6e8899bfbf6cc6d783774ce745e/element/f.4E1637E628C3A2EF64D95C6C0224F564.d.9417199F2AAEC526343A5A23B723D54B.e.5138/elements - {"using":"css selector","value":"td"}
RESULT: {"using":"css selector","value":"td"}
COMMAND: POST /session/00b8d6e8899bfbf6cc6d783774ce745e/element/f.4E1637E628C3A2EF64D95C6C0224F564.d.9417199F2AAEC526343A5A23B723D54B.e.5139/elements - {"using":"css selector","value":"td"}
RESULT: {"using":"css selector","value":"td"}
COMMAND: POST /session/00b8d6e8899bfbf6cc6d783774ce745e/element/f.4E1637E628C3A2EF64D95C6C0224F564.d.9417199F2AAEC526343A5A23B723D54B.e.5140/elements - {"using":"css selector","value":"td"}
RESULT: {"using":"css selector","value":"td"}
COMMAND: POST /session/00b8d6e8899bfbf6cc6d783774ce745e/element/f.4E1637E628C3A2EF64D95C6C0224F564.d.9417199F2AAEC526343A5A23B723D54B.e.5141/elements - {"using":"css selector","value":"td"}
RESULT: {"using":"css selector","value":"td"}
COMMAND: POST /session/00b8d6e8899bfbf6cc6d783774ce745e/element/f.4E1637E628C3A2EF64D95C6C0224F564.d.9417199F2AAEC526343A5A23B723D54B.e.5142/elements - {"using":"css selector","value":"td"}
RESULT: {"using":"css selector","value":"td"}
COMMAND: POST /session/00b8d6e8899bfbf6cc6d783774ce745e/element/f.4E1637E628C3A2EF64D95C6C0224F564.d.9417199F2AAEC526343A5A23B723D54B.e.5143/elements - {"using":"css selector","value":"td"}
RESULT: {"using":"css selector","value":"td"}
COMMAND: POST /session/00b8d6e8899bfbf6cc6d783774ce745e/element/f.4E1637E628C3A2EF64D95C6C0224F564.d.9417199F2AAEC526343A5A23B723D54B.e.5144/elements - {"using":"css selector","value":"td"}
RESULT: {"using":"css selector","value":"td"}
COMMAND: POST /session/00b8d6e8899bfbf6cc6d783774ce745e/element/f.4E1637E628C3A2EF64D95C6C0224F564.d.9417199F2AAEC526343A5A23B723D54B.e.5145/elements - {"using":"css selector","value":"td"}
RESULT: {"using":"css selector","value":"td"}
COMMAND: POST /session/00b8d6e8899bfbf6cc6d783774ce745e/element/f.4E1637E628C3A2EF64D95C6C0224F564.d.9417199F2AAEC526343A5A23B723D54B.e.5146/elements - {"using":"css selector","value":"td"}
RESULT: {"using":"css selector","value":"td"}
COMMAND: POST /session/00b8d6e8899bfbf6cc6d783774ce745e/element/f.4E1637E628C3A2EF64D95C6C0224F564.d.9417199F2AAEC526343A5A23B723D54B.e.5147/elements - {"using":"css selector","value":"td"}
RESULT: {"using":"css selector","value":"td"}
COMMAND: POST /session/00b8d6e8899bfbf6cc6d783774ce745e/element/f.4E1637E628C3A2EF64D95C6C0224F564.d.9417199F2AAEC526343A5A23B723D54B.e.5148/elements - {"using":"css selector","value":"td"}
RESULT: {"using":"css selector","value":"td"}
COMMAND: POST /session/00b8d6e8899bfbf6cc6d783774ce745e/element/f.4E1637E628C3A2EF64D95C6C0224F564.d.9417199F2AAEC526343A5A23B723D54B.e.5149/elements - {"using":"css selector","value":"td"}
RESULT: {"using":"css selector","value":"td"}
COMMAND: POST /session/00b8d6e8899bfbf6cc6d783774ce745e/element/f.4E1637E628C3A2EF64D95C6C0224F564.d.9417199F2AAEC526343A5A23B723D54B.e.5150/elements - {"using":"css selector","value":"td"}
RESULT: {"using":"css selector","value":"td"}
COMMAND: POST /session/00b8d6e8899bfbf6cc6d783774ce745e/element/f.4E1637E628C3A2EF64D95C6C0224F564.d.9417199F2AAEC526343A5A23B723D54B.e.5151/elements - {"using":"css selector","value":"td"}
RESULT: {"using":"css selector","value":"td"}
COMMAND: POST /session/00b8d6e8899bfbf6cc6d783774ce745e/element/f.4E1637E628C3A2EF64D95C6C0224F564.d.9417199F2AAEC526343A5A23B723D54B.e.5152/elements - {"using":"css selector","value":"td"}
RESULT: {"using":"css selector","value":"td"}
COMMAND: POST /session/00b8d6e8899bfbf6cc6d783774ce745e/element/f.4E1637E628C3A2EF64D95C6C0224F564.d.9417199F2AAEC526343A5A23B723D54B.e.5153/elements - {"using":"css selector","value":"td"}
RESULT: {"using":"css selector","value":"td"}
COMMAND: POST /session/00b8d6e8899bfbf6cc6d783774ce745e/element/f.4E1637E628C3A2EF64D95C6C0224F564.d.9417199F2AAEC526343A5A23B723D54B.e.5154/elements - {"using":"css selector","value":"td"}
RESULT: {"using":"css selector","value":"td"}
COMMAND: POST /session/00b8d6e8899bfbf6cc6d783774ce745e/element/f.4E1637E628C3A2EF64D95C6C0224F564.d.9417199F2AAEC526343A5A23B723D54B.e.5155/elements - {"using":"css selector","value":"td"}
RESULT: {"using":"css selector","value":"td"}
COMMAND: POST /session/00b8d6e8899bfbf6cc6d783774ce745e/element/f.4E1637E628C3A2EF64D95C6C0224F564.d.9417199F2AAEC526343A5A23B723D54B.e.5156/elements - {"using":"css selector","value":"td"}
RESULT: {"using":"css selector","value":"td"}
COMMAND: POST /session/00b8d6e8899bfbf6cc6d783774ce745e/element/f.4E1637E628C3A2EF64D95C6C0224F564.d.9417199F2AAEC526343A5A23B723D54B.e.5157/elements - {"using":"css selector","value":"td"}
RESULT: {"using":"css selector","value":"td"}
COMMAND: POST /session/00b8d6e8899bfbf6cc6d783774ce745e/element/f.4E1637E628C3A2EF64D95C6C0224F564.d.9417199F2AAEC526343A5A23B723D54B.e.5158/elements - {"using":"css selector","value":"td"}
RESULT: {"using":"css selector","value":"td"}
COMMAND: POST /session/00b8d6e8899bfbf6cc6d783774ce745e/element/f.4E1637E628C3A2EF64D95C6C0224F564.d.9417199F2AAEC526343A5A23B723D54B.e.5159/elements - {"using":"css selector","value":"td"}
RESULT: {"using":"css selector","value":"td"}
COMMAND: POST /session/00b8d6e8899bfbf6cc6d783774ce745e/element/f.4E1637E628C3A2EF64D95C6C0224F564.d.9417199F2AAEC526343A5A23B723D54B.e.5160/elements - {"using":"css selector","value":"td"}
RESULT: {"using":"css selector","value":"td"}
COMMAND: POST /session/00b8d6e8899bfbf6cc6d783774ce745e/element/f.4E1637E628C3A2EF64D95C6C0224F564.d.9417199F2AAEC526343A5A23B723D54B.e.5161/elements - {"using":"css selector","value":"td"}
RESULT: {"using":"css selector","value":"td"}
COMMAND: POST /session/00b8d6e8899bfbf6cc6d783774ce745e/element/f.4E1637E628C3A2EF64D95C6C0224F564.d.9417199F2AAEC526343A5A23B723D54B.e.5162/elements - {"using":"css selector","value":"td"}
RESULT: {"using":"css selector","value":"td"}
COMMAND: POST /session/00b8d6e8899bfbf6cc6d783774ce745e/element/f.4E1637E628C3A2EF64D95C6C0224F564.d.9417199F2AAEC526343A5A23B723D54B.e.5163/elements - {"using":"css selector","value":"td"}
RESULT: {"using":"css selector","value":"td"}
COMMAND: POST /session/00b8d6e8899bfbf6cc6d783774ce745e/element/f.4E1637E628C3A2EF64D95C6C0224F564.d.9417199F2AAEC526343A5A23B723D54B.e.5164/elements - {"using":"css selector","value":"td"}
RESULT: {"using":"css selector","value":"td"}
COMMAND: POST /session/00b8d6e8899bfbf6cc6d783774ce745e/element/f.4E1637E628C3A2EF64D95C6C0224F564.d.9417199F2AAEC526343A5A23B723D54B.e.5165/elements - {"using":"css selector","value":"td"}
RESULT: {"using":"css selector","value":"td"}
COMMAND: POST /session/00b8d6e8899bfbf6cc6d783774ce745e/element/f.4E1637E628C3A2EF64D95C6C0224F564.d.9417199F2AAEC526343A5A23B723D54B.e.5166/elements - {"using":"css selector","value":"td"}
RESULT: {"using":"css selector","value":"td"}
COMMAND: POST /session/00b8d6e8899bfbf6cc6d783774ce745e/element/f.4E1637E628C3A2EF64D95C6C0224F564.d.9417199F2AAEC526343A5A23B723D54B.e.5167/elements - {"using":"css selector","value":"td"}
RESULT: {"using":"css selector","value":"td"}
COMMAND: POST /session/00b8d6e8899bfbf6cc6d783774ce745e/element/f.4E1637E628C3A2EF64D95C6C0224F564.d.9417199F2AAEC526343A5A23B723D54B.e.5168/elements - {"using":"css selector","value":"td"}
RESULT: {"using":"css selector","value":"td"}
COMMAND: POST /session/00b8d6e8899bfbf6cc6d783774ce745e/element/f.4E1637E628C3A2EF64D95C6C0224F564.d.9417199F2AAEC526343A5A23B723D54B.e.5169/elements - {"using":"css selector","value":"td"}
RESULT: {"using":"css selector","value":"td"}
COMMAND: POST /session/00b8d6e8899bfbf6cc6d783774ce745e/element/f.4E1637E628C3A2EF64D95C6C0224F564.d.9417199F2AAEC526343A5A23B723D54B.e.5170/elements - {"using":"css selector","value":"td"}
RESULT: {"using":"css selector","value":"td"}
COMMAND: POST /session/00b8d6e8899bfbf6cc6d783774ce745e/element/f.4E1637E628C3A2EF64D95C6C0224F564.d.9417199F2AAEC526343A5A23B723D54B.e.5171/elements - {"using":"css selector","value":"td"}
RESULT: {"using":"css selector","value":"td"}
COMMAND: POST /session/00b8d6e8899bfbf6cc6d783774ce745e/element/f.4E1637E628C3A2EF64D95C6C0224F564.d.9417199F2AAEC526343A5A23B723D54B.e.5172/elements - {"using":"css selector","value":"td"}
RESULT: {"using":"css selector","value":"td"}
COMMAND: POST /session/00b8d6e8899bfbf6cc6d783774ce745e/element/f.4E1637E628C3A2EF64D95C6C0224F564.d.9417199F2AAEC526343A5A23B723D54B.e.5173/elements - {"using":"css selector","value":"td"}
RESULT: {"using":"css selector","value":"td"}
COMMAND: POST /session/00b8d6e8899bfbf6cc6d783774ce745e/element/f.4E1637E628C3A2EF64D95C6C0224F564.d.9417199F2AAEC526343A5A23B723D54B.e.5174/elements - {"using":"css selector","value":"td"}
RESULT: {"using":"css selector","value":"td"}
COMMAND: POST /session/00b8d6e8899bfbf6cc6d783774ce745e/element/f.4E1637E628C3A2EF64D95C6C0224F564.d.9417199F2AAEC526343A5A23B723D54B.e.5175/elements - {"using":"css selector","value":"td"}
RESULT: {"using":"css selector","value":"td"}
COMMAND: POST /session/00b8d6e8899bfbf6cc6d783774ce745e/element/f.4E1637E628C3A2EF64D95C6C0224F564.d.9417199F2AAEC526343A5A23B723D54B.e.5176/elements - {"using":"css selector","value":"td"}
RESULT: {"using":"css selector","value":"td"}
COMMAND: POST /session/00b8d6e8899bfbf6cc6d783774ce745e/element/f.4E1637E628C3A2EF64D95C6C0224F564.d.9417199F2AAEC526343A5A23B723D54B.e.5177/elements - {"using":"css selector","value":"td"}
RESULT: {"using":"css selector","value":"td"}
COMMAND: POST /session/00b8d6e8899bfbf6cc6d783774ce745e/element/f.4E1637E628C3A2EF64D95C6C0224F564.d.9417199F2AAEC526343A5A23B723D54B.e.5178/elements - {"using":"css selector","value":"td"}
RESULT: {"using":"css selector","value":"td"}
COMMAND: POST /session/00b8d6e8899bfbf6cc6d783774ce745e/element/f.4E1637E628C3A2EF64D95C6C0224F564.d.9417199F2AAEC526343A5A23B723D54B.e.5179/elements - {"using":"css selector","value":"td"}
RESULT: {"using":"css selector","value":"td"}
COMMAND: POST /session/00b8d6e8899bfbf6cc6d783774ce745e/element/f.4E1637E628C3A2EF64D95C6C0224F564.d.9417199F2AAEC526343A5A23B723D54B.e.5180/elements - {"using":"css selector","value":"td"}
RESULT: {"using":"css selector","value":"td"}
COMMAND: POST /session/00b8d6e8899bfbf6cc6d783774ce745e/element/f.4E1637E628C3A2EF64D95C6C0224F564.d.9417199F2AAEC526343A5A23B723D54B.e.5181/elements - {"using":"css selector","value":"td"}
RESULT: {"using":"css selector","value":"td"}
COMMAND: POST /session/00b8d6e8899bfbf6cc6d783774ce745e/element/f.4E1637E628C3A2EF64D95C6C0224F564.d.9417199F2AAEC526343A5A23B723D54B.e.5182/elements - {"using":"css selector","value":"td"}
RESULT: {"using":"css selector","value":"td"}
COMMAND: POST /session/00b8d6e8899bfbf6cc6d783774ce745e/element/f.4E1637E628C3A2EF64D95C6C0224F564.d.9417199F2AAEC526343A5A23B723D54B.e.5183/elements - {"using":"css selector","value":"td"}
RESULT: {"using":"css selector","value":"td"}
COMMAND: POST /session/00b8d6e8899bfbf6cc6d783774ce745e/element/f.4E1637E628C3A2EF64D95C6C0224F564.d.9417199F2AAEC526343A5A23B723D54B.e.5184/elements - {"using":"css selector","value":"td"}
RESULT: {"using":"css selector","value":"td"}
COMMAND: POST /session/00b8d6e8899bfbf6cc6d783774ce745e/element/f.4E1637E628C3A2EF64D95C6C0224F564.d.9417199F2AAEC526343A5A23B723D54B.e.5185/elements - {"using":"css selector","value":"td"}
RESULT: {"using":"css selector","value":"td"}
COMMAND: POST /session/00b8d6e8899bfbf6cc6d783774ce745e/element/f.4E1637E628C3A2EF64D95C6C0224F564.d.9417199F2AAEC526343A5A23B723D54B.e.5186/elements - {"using":"css selector","value":"td"}
RESULT: {"using":"css selector","value":"td"}
COMMAND: POST /session/00b8d6e8899bfbf6cc6d783774ce745e/element/f.4E1637E628C3A2EF64D95C6C0224F564.d.9417199F2AAEC526343A5A23B723D54B.e.5187/elements - {"using":"css selector","value":"td"}
RESULT: {"using":"css selector","value":"td"}
COMMAND: POST /session/00b8d6e8899bfbf6cc6d783774ce745e/element/f.4E1637E628C3A2EF64D95C6C0224F564.d.9417199F2AAEC526343A5A23B723D54B.e.5188/elements - {"using":"css selector","value":"td"}
RESULT: {"using":"css selector","value":"td"}
COMMAND: POST /session/00b8d6e8899bfbf6cc6d783774ce745e/element/f.4E1637E628C3A2EF64D95C6C0224F564.d.9417199F2AAEC526343A5A23B723D54B.e.5189/elements - {"using":"css selector","value":"td"}
RESULT: {"using":"css selector","value":"td"}
COMMAND: POST /session/00b8d6e8899bfbf6cc6d783774ce745e/element/f.4E1637E628C3A2EF64D95C6C0224F564.d.9417199F2AAEC526343A5A23B723D54B.e.5190/elements - {"using":"css selector","value":"td"}
RESULT: {"using":"css selector","value":"td"}
COMMAND: POST /session/00b8d6e8899bfbf6cc6d783774ce745e/element/f.4E1637E628C3A2EF64D95C6C0224F564.d.9417199F2AAEC526343A5A23B723D54B.e.5191/elements - {"using":"css selector","value":"td"}
RESULT: {"using":"css selector","value":"td"}
COMMAND: POST /session/00b8d6e8899bfbf6cc6d783774ce745e/element/f.4E1637E628C3A2EF64D95C6C0224F564.d.9417199F2AAEC526343A5A23B723D54B.e.5192/elements - {"using":"css selector","value":"td"}
RESULT: {"using":"css selector","value":"td"}
COMMAND: POST /session/00b8d6e8899bfbf6cc6d783774ce745e/element/f.4E1637E628C3A2EF64D95C6C0224F564.d.9417199F2AAEC526343A5A23B723D54B.e.5193/elements - {"using":"css selector","value":"td"}
RESULT: {"using":"css selector","value":"td"}
COMMAND: POST /session/00b8d6e8899bfbf6cc6d783774ce745e/element/f.4E1637E628C3A2EF64D95C6C0224F564.d.9417199F2AAEC526343A5A23B723D54B.e.5194/elements - {"using":"css selector","value":"td"}
RESULT: {"using":"css selector","value":"td"}
COMMAND: POST /session/00b8d6e8899bfbf6cc6d783774ce745e/element/f.4E1637E628C3A2EF64D95C6C0224F564.d.9417199F2AAEC526343A5A23B723D54B.e.5195/elements - {"using":"css selector","value":"td"}
RESULT: {"using":"css selector","value":"td"}
COMMAND: POST /session/00b8d6e8899bfbf6cc6d783774ce745e/element/f.4E1637E628C3A2EF64D95C6C0224F564.d.9417199F2AAEC526343A5A23B723D54B.e.5196/elements - {"using":"css selector","value":"td"}
RESULT: {"using":"css selector","value":"td"}
COMMAND: POST /session/00b8d6e8899bfbf6cc6d783774ce745e/element/f.4E1637E628C3A2EF64D95C6C0224F564.d.9417199F2AAEC526343A5A23B723D54B.e.5197/elements - {"using":"css selector","value":"td"}
RESULT: {"using":"css selector","value":"td"}
COMMAND: POST /session/00b8d6e8899bfbf6cc6d783774ce745e/element/f.4E1637E628C3A2EF64D95C6C0224F564.d.9417199F2AAEC526343A5A23B723D54B.e.5198/elements - {"using":"css selector","value":"td"}
RESULT: {"using":"css selector","value":"td"}
COMMAND: POST /session/00b8d6e8899bfbf6cc6d783774ce745e/element/f.4E1637E628C3A2EF64D95C6C0224F564.d.9417199F2AAEC526343A5A23B723D54B.e.5199/elements - {"using":"css selector","value":"td"}
RESULT: {"using":"css selector","value":"td"}
COMMAND: POST /session/00b8d6e8899bfbf6cc6d783774ce745e/element/f.4E1637E628C3A2EF64D95C6C0224F564.d.9417199F2AAEC526343A5A23B723D54B.e.5200/elements - {"using":"css selector","value":"td"}
RESULT: {"using":"css selector","value":"td"}
COMMAND: POST /session/00b8d6e8899bfbf6cc6d783774ce745e/element/f.4E1637E628C3A2EF64D95C6C0224F564.d.9417199F2AAEC526343A5A23B723D54B.e.5201/elements - {"using":"css selector","value":"td"}
RESULT: {"using":"css selector","value":"td"}
COMMAND: POST /session/00b8d6e8899bfbf6cc6d783774ce745e/element/f.4E1637E628C3A2EF64D95C6C0224F564.d.9417199F2AAEC526343A5A23B723D54B.e.5202/elements - {"using":"css selector","value":"td"}
RESULT: {"using":"css selector","value":"td"}
COMMAND: POST /session/00b8d6e8899bfbf6cc6d783774ce745e/element/f.4E1637E628C3A2EF64D95C6C0224F564.d.9417199F2AAEC526343A5A23B723D54B.e.5203/elements - {"using":"css selector","value":"td"}
RESULT: {"using":"css selector","value":"td"}
COMMAND: POST /session/00b8d6e8899bfbf6cc6d783774ce745e/element/f.4E1637E628C3A2EF64D95C6C0224F564.d.9417199F2AAEC526343A5A23B723D54B.e.5204/elements - {"using":"css selector","value":"td"}
RESULT: {"using":"css selector","value":"td"}
COMMAND: POST /session/00b8d6e8899bfbf6cc6d783774ce745e/element/f.4E1637E628C3A2EF64D95C6C0224F564.d.9417199F2AAEC526343A5A23B723D54B.e.5205/elements - {"using":"css selector","value":"td"}
RESULT: {"using":"css selector","value":"td"}
COMMAND: POST /session/00b8d6e8899bfbf6cc6d783774ce745e/element/f.4E1637E628C3A2EF64D95C6C0224F564.d.9417199F2AAEC526343A5A23B723D54B.e.5206/elements - {"using":"css selector","value":"td"}
RESULT: {"using":"css selector","value":"td"}
COMMAND: POST /session/00b8d6e8899bfbf6cc6d783774ce745e/element/f.4E1637E628C3A2EF64D95C6C0224F564.d.9417199F2AAEC526343A5A23B723D54B.e.5207/elements - {"using":"css selector","value":"td"}
RESULT: {"using":"css selector","value":"td"}
COMMAND: POST /session/00b8d6e8899bfbf6cc6d783774ce745e/element/f.4E1637E628C3A2EF64D95C6C0224F564.d.9417199F2AAEC526343A5A23B723D54B.e.5208/elements - {"using":"css selector","value":"td"}
RESULT: {"using":"css selector","value":"td"}
COMMAND: POST /session/00b8d6e8899bfbf6cc6d783774ce745e/element/f.4E1637E628C3A2EF64D95C6C0224F564.d.9417199F2AAEC526343A5A23B723D54B.e.5209/elements - {"using":"css selector","value":"td"}
RESULT: {"using":"css selector","value":"td"}
COMMAND: POST /session/00b8d6e8899bfbf6cc6d783774ce745e/element/f.4E1637E628C3A2EF64D95C6C0224F564.d.9417199F2AAEC526343A5A23B723D54B.e.5210/elements - {"using":"css selector","value":"td"}
RESULT: {"using":"css selector","value":"td"}
COMMAND: POST /session/00b8d6e8899bfbf6cc6d783774ce745e/element/f.4E1637E628C3A2EF64D95C6C0224F564.d.9417199F2AAEC526343A5A23B723D54B.e.5211/elements - {"using":"css selector","value":"td"}
RESULT: {"using":"css selector","value":"td"}
COMMAND: POST /session/00b8d6e8899bfbf6cc6d783774ce745e/element/f.4E1637E628C3A2EF64D95C6C0224F564.d.9417199F2AAEC526343A5A23B723D54B.e.5212/elements - {"using":"css selector","value":"td"}
RESULT: {"using":"css selector","value":"td"}
COMMAND: POST /session/00b8d6e8899bfbf6cc6d783774ce745e/element/f.4E1637E628C3A2EF64D95C6C0224F564.d.9417199F2AAEC526343A5A23B723D54B.e.5213/elements - {"using":"css selector","value":"td"}
RESULT: {"using":"css selector","value":"td"}
COMMAND: POST /session/00b8d6e8899bfbf6cc6d783774ce745e/element/f.4E1637E628C3A2EF64D95C6C0224F564.d.9417199F2AAEC526343A5A23B723D54B.e.5214/elements - {"using":"css selector","value":"td"}
RESULT: {"using":"css selector","value":"td"}
COMMAND: POST /session/00b8d6e8899bfbf6cc6d783774ce745e/element/f.4E1637E628C3A2EF64D95C6C0224F564.d.9417199F2AAEC526343A5A23B723D54B.e.5215/elements - {"using":"css selector","value":"td"}
RESULT: {"using":"css selector","value":"td"}
COMMAND: POST /session/00b8d6e8899bfbf6cc6d783774ce745e/element/f.4E1637E628C3A2EF64D95C6C0224F564.d.9417199F2AAEC526343A5A23B723D54B.e.5216/elements - {"using":"css selector","value":"td"}
RESULT: {"using":"css selector","value":"td"}
COMMAND: POST /session/00b8d6e8899bfbf6cc6d783774ce745e/element/f.4E1637E628C3A2EF64D95C6C0224F564.d.9417199F2AAEC526343A5A23B723D54B.e.5217/elements - {"using":"css selector","value":"td"}
RESULT: {"using":"css selector","value":"td"}
COMMAND: POST /session/00b8d6e8899bfbf6cc6d783774ce745e/element/f.4E1637E628C3A2EF64D95C6C0224F564.d.9417199F2AAEC526343A5A23B723D54B.e.5218/elements - {"using":"css selector","value":"td"}
RESULT: {"using":"css selector","value":"td"}
COMMAND: POST /session/00b8d6e8899bfbf6cc6d783774ce745e/element/f.4E1637E628C3A2EF64D95C6C0224F564.d.9417199F2AAEC526343A5A23B723D54B.e.5219/elements - {"using":"css selector","value":"td"}
RESULT: {"using":"css selector","value":"td"}
COMMAND: POST /session/00b8d6e8899bfbf6cc6d783774ce745e/element/f.4E1637E628C3A2EF64D95C6C0224F564.d.9417199F2AAEC526343A5A23B723D54B.e.5220/elements - {"using":"css selector","value":"td"}
RESULT: {"using":"css selector","value":"td"}
COMMAND: POST /session/00b8d6e8899bfbf6cc6d783774ce745e/element/f.4E1637E628C3A2EF64D95C6C0224F564.d.9417199F2AAEC526343A5A23B723D54B.e.5221/elements - {"using":"css selector","value":"td"}
RESULT: {"using":"css selector","value":"td"}
COMMAND: POST /session/00b8d6e8899bfbf6cc6d783774ce745e/element/f.4E1637E628C3A2EF64D95C6C0224F564.d.9417199F2AAEC526343A5A23B723D54B.e.5222/elements - {"using":"css selector","value":"td"}
RESULT: {"using":"css selector","value":"td"}
COMMAND: POST /session/00b8d6e8899bfbf6cc6d783774ce745e/element/f.4E1637E628C3A2EF64D95C6C0224F564.d.9417199F2AAEC526343A5A23B723D54B.e.5223/elements - {"using":"css selector","value":"td"}
RESULT: {"using":"css selector","value":"td"}
COMMAND: POST /session/00b8d6e8899bfbf6cc6d783774ce745e/element/f.4E1637E628C3A2EF64D95C6C0224F564.d.9417199F2AAEC526343A5A23B723D54B.e.5224/elements - {"using":"css selector","value":"td"}
RESULT: {"using":"css selector","value":"td"}
COMMAND: POST /session/00b8d6e8899bfbf6cc6d783774ce745e/element/f.4E1637E628C3A2EF64D95C6C0224F564.d.9417199F2AAEC526343A5A23B723D54B.e.5225/elements - {"using":"css selector","value":"td"}
RESULT: {"using":"css selector","value":"td"}
COMMAND: POST /session/00b8d6e8899bfbf6cc6d783774ce745e/element/f.4E1637E628C3A2EF64D95C6C0224F564.d.9417199F2AAEC526343A5A23B723D54B.e.5226/elements - {"using":"css selector","value":"td"}
RESULT: {"using":"css selector","value":"td"}
COMMAND: POST /session/00b8d6e8899bfbf6cc6d783774ce745e/element/f.4E1637E628C3A2EF64D95C6C0224F564.d.9417199F2AAEC526343A5A23B723D54B.e.5227/elements - {"using":"css selector","value":"td"}
RESULT: {"using":"css selector","value":"td"}
COMMAND: POST /session/00b8d6e8899bfbf6cc6d783774ce745e/element/f.4E1637E628C3A2EF64D95C6C0224F564.d.9417199F2AAEC526343A5A23B723D54B.e.5228/elements - {"using":"css selector","value":"td"}
RESULT: {"using":"css selector","value":"td"}
COMMAND: POST /session/00b8d6e8899bfbf6cc6d783774ce745e/element/f.4E1637E628C3A2EF64D95C6C0224F564.d.9417199F2AAEC526343A5A23B723D54B.e.5229/elements - {"using":"css selector","value":"td"}
RESULT: {"using":"css selector","value":"td"}
COMMAND: POST /session/00b8d6e8899bfbf6cc6d783774ce745e/element/f.4E1637E628C3A2EF64D95C6C0224F564.d.9417199F2AAEC526343A5A23B723D54B.e.5230/elements - {"using":"css selector","value":"td"}
RESULT: {"using":"css selector","value":"td"}
COMMAND: POST /session/00b8d6e8899bfbf6cc6d783774ce745e/element/f.4E1637E628C3A2EF64D95C6C0224F564.d.9417199F2AAEC526343A5A23B723D54B.e.5231/elements - {"using":"css selector","value":"td"}
RESULT: {"using":"css selector","value":"td"}
COMMAND: POST /session/00b8d6e8899bfbf6cc6d783774ce745e/element/f.4E1637E628C3A2EF64D95C6C0224F564.d.9417199F2AAEC526343A5A23B723D54B.e.5232/elements - {"using":"css selector","value":"td"}
RESULT: {"using":"css selector","value":"td"}
COMMAND: POST /session/00b8d6e8899bfbf6cc6d783774ce745e/element/f.4E1637E628C3A2EF64D95C6C0224F564.d.9417199F2AAEC526343A5A23B723D54B.e.5233/elements - {"using":"css selector","value":"td"}
RESULT: {"using":"css selector","value":"td"}
COMMAND: POST /session/00b8d6e8899bfbf6cc6d783774ce745e/element/f.4E1637E628C3A2EF64D95C6C0224F564.d.9417199F2AAEC526343A5A23B723D54B.e.5234/elements - {"using":"css selector","value":"td"}
RESULT: {"using":"css selector","value":"td"}
COMMAND: POST /session/00b8d6e8899bfbf6cc6d783774ce745e/element/f.4E1637E628C3A2EF64D95C6C0224F564.d.9417199F2AAEC526343A5A23B723D54B.e.5235/elements - {"using":"css selector","value":"td"}
RESULT: {"using":"css selector","value":"td"}
COMMAND: POST /session/00b8d6e8899bfbf6cc6d783774ce745e/element/f.4E1637E628C3A2EF64D95C6C0224F564.d.9417199F2AAEC526343A5A23B723D54B.e.5236/elements - {"using":"css selector","value":"td"}
RESULT: {"using":"css selector","value":"td"}
COMMAND: POST /session/00b8d6e8899bfbf6cc6d783774ce745e/element/f.4E1637E628C3A2EF64D95C6C0224F564.d.9417199F2AAEC526343A5A23B723D54B.e.5237/elements - {"using":"css selector","value":"td"}
RESULT: {"using":"css selector","value":"td"}
COMMAND: POST /session/00b8d6e8899bfbf6cc6d783774ce745e/element/f.4E1637E628C3A2EF64D95C6C0224F564.d.9417199F2AAEC526343A5A23B723D54B.e.5238/elements - {"using":"css selector","value":"td"}
RESULT: {"using":"css selector","value":"td"}
COMMAND: POST /session/00b8d6e8899bfbf6cc6d783774ce745e/element/f.4E1637E628C3A2EF64D95C6C0224F564.d.9417199F2AAEC526343A5A23B723D54B.e.5239/elements - {"using":"css selector","value":"td"}
RESULT: {"using":"css selector","value":"td"}
COMMAND: POST /session/00b8d6e8899bfbf6cc6d783774ce745e/element/f.4E1637E628C3A2EF64D95C6C0224F564.d.9417199F2AAEC526343A5A23B723D54B.e.5240/elements - {"using":"css selector","value":"td"}
RESULT: {"using":"css selector","value":"td"}
COMMAND: POST /session/00b8d6e8899bfbf6cc6d783774ce745e/element/f.4E1637E628C3A2EF64D95C6C0224F564.d.9417199F2AAEC526343A5A23B723D54B.e.5241/elements - {"using":"css selector","value":"td"}
RESULT: {"using":"css selector","value":"td"}
COMMAND: POST /session/00b8d6e8899bfbf6cc6d783774ce745e/element/f.4E1637E628C3A2EF64D95C6C0224F564.d.9417199F2AAEC526343A5A23B723D54B.e.5242/elements - {"using":"css selector","value":"td"}
RESULT: {"using":"css selector","value":"td"}
COMMAND: POST /session/00b8d6e8899bfbf6cc6d783774ce745e/element/f.4E1637E628C3A2EF64D95C6C0224F564.d.9417199F2AAEC526343A5A23B723D54B.e.5243/elements - {"using":"css selector","value":"td"}
RESULT: {"using":"css selector","value":"td"}
COMMAND: POST /session/00b8d6e8899bfbf6cc6d783774ce745e/element/f.4E1637E628C3A2EF64D95C6C0224F564.d.9417199F2AAEC526343A5A23B723D54B.e.5244/elements - {"using":"css selector","value":"td"}
RESULT: {"using":"css selector","value":"td"}
COMMAND: POST /session/00b8d6e8899bfbf6cc6d783774ce745e/element/f.4E1637E628C3A2EF64D95C6C0224F564.d.9417199F2AAEC526343A5A23B723D54B.e.5245/elements - {"using":"css selector","value":"td"}
RESULT: {"using":"css selector","value":"td"}
COMMAND: POST /session/00b8d6e8899bfbf6cc6d783774ce745e/element/f.4E1637E628C3A2EF64D95C6C0224F564.d.9417199F2AAEC526343A5A23B723D54B.e.5246/elements - {"using":"css selector","value":"td"}
RESULT: {"using":"css selector","value":"td"}
COMMAND: POST /session/00b8d6e8899bfbf6cc6d783774ce745e/element/f.4E1637E628C3A2EF64D95C6C0224F564.d.9417199F2AAEC526343A5A23B723D54B.e.5247/elements - {"using":"css selector","value":"td"}
RESULT: {"using":"css selector","value":"td"}
COMMAND: POST /session/00b8d6e8899bfbf6cc6d783774ce745e/element/f.4E1637E628C3A2EF64D95C6C0224F564.d.9417199F2AAEC526343A5A23B723D54B.e.5248/elements - {"using":"css selector","value":"td"}
RESULT: {"using":"css selector","value":"td"}
COMMAND: POST /session/00b8d6e8899bfbf6cc6d783774ce745e/element/f.4E1637E628C3A2EF64D95C6C0224F564.d.9417199F2AAEC526343A5A23B723D54B.e.5270/element - {"using":"css selector","value":"input"}
RESULT: {"using":"css selector","value":"input"}
COMMAND: GET /session/00b8d6e8899bfbf6cc6d783774ce745e/element/f.4E1637E628C3A2EF64D95C6C0224F564.d.9417199F2AAEC526343A5A23B723D54B.e.5253/property/value - {}
RESULT: {}
COMMAND: POST /session/00b8d6e8899bfbf6cc6d783774ce745e/element/f.4E1637E628C3A2EF64D95C6C0224F564.d.9417199F2AAEC526343A5A23B723D54B.e.5248/element - {"using":"css selector","value":".sapMCbBg"}
COMMAND: GET /session/00b8d6e8899bfbf6cc6d783774ce745e/screenshot - {}
RESULT: {"using":"css selector","value":".sapMCbBg"}
COMMAND: GET /session/00b8d6e8899bfbf6cc6d783774ce745e/element/f.4E1637E628C3A2EF64D95C6C0224F564.d.9417199F2AAEC526343A5A23B723D54B.e.6140/selected - {}
RESULT: {}
RESULT: {}
COMMAND: POST /session/00b8d6e8899bfbf6cc6d783774ce745e/element/f.4E1637E628C3A2EF64D95C6C0224F564.d.9417199F2AAEC526343A5A23B723D54B.e.6140/click - {}
COMMAND: GET /session/00b8d6e8899bfbf6cc6d783774ce745e/screenshot - {}
RESULT: {}
COMMAND: POST /session/00b8d6e8899bfbf6cc6d783774ce745e/element/f.4E1637E628C3A2EF64D95C6C0224F564.d.9417199F2AAEC526343A5A23B723D54B.e.5278/elements - {"using":"css selector","value":"td"}
COMMAND: GET /session/00b8d6e8899bfbf6cc6d783774ce745e/screenshot - {}
RESULT: {}
RESULT: {}
RESULT: {"using":"css selector","value":"td"}
COMMAND: POST /session/00b8d6e8899bfbf6cc6d783774ce745e/element/f.4E1637E628C3A2EF64D95C6C0224F564.d.9417199F2AAEC526343A5A23B723D54B.e.5300/element - {"using":"css selector","value":"input"}
RESULT: {"using":"css selector","value":"input"}
COMMAND: GET /session/00b8d6e8899bfbf6cc6d783774ce745e/element/f.4E1637E628C3A2EF64D95C6C0224F564.d.9417199F2AAEC526343A5A23B723D54B.e.5283/property/value - {}
RESULT: {}
COMMAND: POST /session/00b8d6e8899bfbf6cc6d783774ce745e/element/f.4E1637E628C3A2EF64D95C6C0224F564.d.9417199F2AAEC526343A5A23B723D54B.e.5278/element - {"using":"css selector","value":".sapMCbBg"}
COMMAND: GET /session/00b8d6e8899bfbf6cc6d783774ce745e/screenshot - {}
RESULT: {"using":"css selector","value":".sapMCbBg"}
COMMAND: GET /session/00b8d6e8899bfbf6cc6d783774ce745e/element/f.4E1637E628C3A2EF64D95C6C0224F564.d.9417199F2AAEC526343A5A23B723D54B.e.6144/selected - {}
RESULT: {}
RESULT: {}
COMMAND: POST /session/00b8d6e8899bfbf6cc6d783774ce745e/element/f.4E1637E628C3A2EF64D95C6C0224F564.d.9417199F2AAEC526343A5A23B723D54B.e.6144/click - {}
COMMAND: GET /session/00b8d6e8899bfbf6cc6d783774ce745e/screenshot - {}
RESULT: {}
COMMAND: GET /session/00b8d6e8899bfbf6cc6d783774ce745e/screenshot - {}
RESULT: {}
RESULT: {}
COMMAND: POST /session/00b8d6e8899bfbf6cc6d783774ce745e/execute/async - {"script":"<script> [1562 bytes]","args":[{"selector":{"id":"application-manageconditionprice-display-component---dailyPrices--deleteBtn","interaction":{"idSuffix":"content"}},"wdio_ui5_key":"applicationmanageconditionprice-display-component---dailyPrices--deleteBtn"}]}
RESULT: {"script":"<script> [1562 bytes]","args":[{"selector":{"id":"application-manageconditionprice-display-component---dailyPrices--deleteBtn","interaction":{"idSuffix":"content"}},"wdio_ui5_key":"applicationmanageconditionprice-display-component---dailyPrices--deleteBtn"}]}
RESULT: undefined
COMMAND: POST /session/00b8d6e8899bfbf6cc6d783774ce745e/element - {"using":"xpath","value":"//*[@id=\"application-manageconditionprice-display-component---dailyPrices--deleteBtn\"]"}
RESULT: {"using":"xpath","value":"//*[@id=\"application-manageconditionprice-display-component---dailyPrices--deleteBtn\"]"}
COMMAND: POST /session/00b8d6e8899bfbf6cc6d783774ce745e/element/f.4E1637E628C3A2EF64D95C6C0224F564.d.9417199F2AAEC526343A5A23B723D54B.e.6146/click - {}
RESULT: {}
COMMAND: POST /session/00b8d6e8899bfbf6cc6d783774ce745e/execute/async - {"script":"<script> [1562 bytes]","args":[{"selector":{"controlType":"sap.m.Button","properties":{"text":"OK"},"searchOpenDialogs":true,"interaction":{"idSuffix":"BDI-content"}},"wdio_ui5_key":"sapm.Button{\"text\":\"OK\"}"}]}
COMMAND: GET /session/00b8d6e8899bfbf6cc6d783774ce745e/screenshot - {}
RESULT: {"script":"<script> [1562 bytes]","args":[{"selector":{"controlType":"sap.m.Button","properties":{"text":"OK"},"searchOpenDialogs":true,"interaction":{"idSuffix":"BDI-content"}},"wdio_ui5_key":"sapm.Button{\"text\":\"OK\"}"}]}
RESULT: undefined
COMMAND: POST /session/00b8d6e8899bfbf6cc6d783774ce745e/element - {"using":"xpath","value":"//*[@id=\"__mbox-btn-0\"]"}
RESULT: {}
RESULT: {"using":"xpath","value":"//*[@id=\"__mbox-btn-0\"]"}
COMMAND: POST /session/00b8d6e8899bfbf6cc6d783774ce745e/element/f.4E1637E628C3A2EF64D95C6C0224F564.d.9417199F2AAEC526343A5A23B723D54B.e.6147/click - {}
RESULT: {}
COMMAND: GET /session/00b8d6e8899bfbf6cc6d783774ce745e/screenshot - {}
RESULT: {}
RESULT: undefined
COMMAND: POST /session/00b8d6e8899bfbf6cc6d783774ce745e/element - {"using":"xpath","value":"//*[@id=\"__button107\"]"}
RESULT: {"using":"xpath","value":"//*[@id=\"__button107\"]"}
COMMAND: POST /session/00b8d6e8899bfbf6cc6d783774ce745e/element/f.4E1637E628C3A2EF64D95C6C0224F564.d.9417199F2AAEC526343A5A23B723D54B.e.5335/click - {}
RESULT: {}
COMMAND: GET /session/00b8d6e8899bfbf6cc6d783774ce745e/screenshot - {}
RESULT: {}
COMMAND: POST /session/00b8d6e8899bfbf6cc6d783774ce745e/elements - {"using":"css selector","value":"table tr"}
RESULT: {"using":"css selector","value":"table tr"}
COMMAND: POST /session/00b8d6e8899bfbf6cc6d783774ce745e/element/f.4E1637E628C3A2EF64D95C6C0224F564.d.9417199F2AAEC526343A5A23B723D54B.e.5052/elements - {"using":"css selector","value":"td"}
RESULT: {"using":"css selector","value":"td"}
COMMAND: POST /session/00b8d6e8899bfbf6cc6d783774ce745e/element/f.4E1637E628C3A2EF64D95C6C0224F564.d.9417199F2AAEC526343A5A23B723D54B.e.5053/elements - {"using":"css selector","value":"td"}
RESULT: {"using":"css selector","value":"td"}
COMMAND: POST /session/00b8d6e8899bfbf6cc6d783774ce745e/element/f.4E1637E628C3A2EF64D95C6C0224F564.d.9417199F2AAEC526343A5A23B723D54B.e.5054/elements - {"using":"css selector","value":"td"}
RESULT: {"using":"css selector","value":"td"}
COMMAND: POST /session/00b8d6e8899bfbf6cc6d783774ce745e/element/f.4E1637E628C3A2EF64D95C6C0224F564.d.9417199F2AAEC526343A5A23B723D54B.e.4966/elements - {"using":"css selector","value":"td"}
RESULT: {"using":"css selector","value":"td"}
COMMAND: POST /session/00b8d6e8899bfbf6cc6d783774ce745e/element/f.4E1637E628C3A2EF64D95C6C0224F564.d.9417199F2AAEC526343A5A23B723D54B.e.4967/elements - {"using":"css selector","value":"td"}
RESULT: {"using":"css selector","value":"td"}
COMMAND: POST /session/00b8d6e8899bfbf6cc6d783774ce745e/element/f.4E1637E628C3A2EF64D95C6C0224F564.d.9417199F2AAEC526343A5A23B723D54B.e.4977/elements - {"using":"css selector","value":"td"}
RESULT: {"using":"css selector","value":"td"}
COMMAND: POST /session/00b8d6e8899bfbf6cc6d783774ce745e/element/f.4E1637E628C3A2EF64D95C6C0224F564.d.9417199F2AAEC526343A5A23B723D54B.e.4978/elements - {"using":"css selector","value":"td"}
RESULT: {"using":"css selector","value":"td"}
COMMAND: POST /session/00b8d6e8899bfbf6cc6d783774ce745e/element/f.4E1637E628C3A2EF64D95C6C0224F564.d.9417199F2AAEC526343A5A23B723D54B.e.4988/elements - {"using":"css selector","value":"td"}
RESULT: {"using":"css selector","value":"td"}
COMMAND: POST /session/00b8d6e8899bfbf6cc6d783774ce745e/element/f.4E1637E628C3A2EF64D95C6C0224F564.d.9417199F2AAEC526343A5A23B723D54B.e.4989/elements - {"using":"css selector","value":"td"}
RESULT: {"using":"css selector","value":"td"}
COMMAND: POST /session/00b8d6e8899bfbf6cc6d783774ce745e/element/f.4E1637E628C3A2EF64D95C6C0224F564.d.9417199F2AAEC526343A5A23B723D54B.e.4995/elements - {"using":"css selector","value":"td"}
RESULT: {"using":"css selector","value":"td"}
COMMAND: POST /session/00b8d6e8899bfbf6cc6d783774ce745e/element/f.4E1637E628C3A2EF64D95C6C0224F564.d.9417199F2AAEC526343A5A23B723D54B.e.5055/elements - {"using":"css selector","value":"td"}
RESULT: {"using":"css selector","value":"td"}
COMMAND: POST /session/00b8d6e8899bfbf6cc6d783774ce745e/element/f.4E1637E628C3A2EF64D95C6C0224F564.d.9417199F2AAEC526343A5A23B723D54B.e.5056/elements - {"using":"css selector","value":"td"}
RESULT: {"using":"css selector","value":"td"}
COMMAND: POST /session/00b8d6e8899bfbf6cc6d783774ce745e/element/f.4E1637E628C3A2EF64D95C6C0224F564.d.9417199F2AAEC526343A5A23B723D54B.e.5057/elements - {"using":"css selector","value":"td"}
RESULT: {"using":"css selector","value":"td"}
COMMAND: POST /session/00b8d6e8899bfbf6cc6d783774ce745e/element/f.4E1637E628C3A2EF64D95C6C0224F564.d.9417199F2AAEC526343A5A23B723D54B.e.5058/elements - {"using":"css selector","value":"td"}
RESULT: {"using":"css selector","value":"td"}
COMMAND: POST /session/00b8d6e8899bfbf6cc6d783774ce745e/element/f.4E1637E628C3A2EF64D95C6C0224F564.d.9417199F2AAEC526343A5A23B723D54B.e.5059/elements - {"using":"css selector","value":"td"}
RESULT: {"using":"css selector","value":"td"}
COMMAND: POST /session/00b8d6e8899bfbf6cc6d783774ce745e/element/f.4E1637E628C3A2EF64D95C6C0224F564.d.9417199F2AAEC526343A5A23B723D54B.e.5060/elements - {"using":"css selector","value":"td"}
RESULT: {"using":"css selector","value":"td"}
COMMAND: POST /session/00b8d6e8899bfbf6cc6d783774ce745e/element/f.4E1637E628C3A2EF64D95C6C0224F564.d.9417199F2AAEC526343A5A23B723D54B.e.5061/elements - {"using":"css selector","value":"td"}
RESULT: {"using":"css selector","value":"td"}
COMMAND: POST /session/00b8d6e8899bfbf6cc6d783774ce745e/element/f.4E1637E628C3A2EF64D95C6C0224F564.d.9417199F2AAEC526343A5A23B723D54B.e.5062/elements - {"using":"css selector","value":"td"}
RESULT: {"using":"css selector","value":"td"}
COMMAND: POST /session/00b8d6e8899bfbf6cc6d783774ce745e/element/f.4E1637E628C3A2EF64D95C6C0224F564.d.9417199F2AAEC526343A5A23B723D54B.e.5063/elements - {"using":"css selector","value":"td"}
RESULT: {"using":"css selector","value":"td"}
COMMAND: POST /session/00b8d6e8899bfbf6cc6d783774ce745e/element/f.4E1637E628C3A2EF64D95C6C0224F564.d.9417199F2AAEC526343A5A23B723D54B.e.5064/elements - {"using":"css selector","value":"td"}
RESULT: {"using":"css selector","value":"td"}
COMMAND: POST /session/00b8d6e8899bfbf6cc6d783774ce745e/element/f.4E1637E628C3A2EF64D95C6C0224F564.d.9417199F2AAEC526343A5A23B723D54B.e.5065/elements - {"using":"css selector","value":"td"}
RESULT: {"using":"css selector","value":"td"}
COMMAND: POST /session/00b8d6e8899bfbf6cc6d783774ce745e/element/f.4E1637E628C3A2EF64D95C6C0224F564.d.9417199F2AAEC526343A5A23B723D54B.e.5066/elements - {"using":"css selector","value":"td"}
RESULT: {"using":"css selector","value":"td"}
COMMAND: POST /session/00b8d6e8899bfbf6cc6d783774ce745e/element/f.4E1637E628C3A2EF64D95C6C0224F564.d.9417199F2AAEC526343A5A23B723D54B.e.5067/elements - {"using":"css selector","value":"td"}
RESULT: {"using":"css selector","value":"td"}
COMMAND: POST /session/00b8d6e8899bfbf6cc6d783774ce745e/element/f.4E1637E628C3A2EF64D95C6C0224F564.d.9417199F2AAEC526343A5A23B723D54B.e.5068/elements - {"using":"css selector","value":"td"}
RESULT: {"using":"css selector","value":"td"}
COMMAND: POST /session/00b8d6e8899bfbf6cc6d783774ce745e/element/f.4E1637E628C3A2EF64D95C6C0224F564.d.9417199F2AAEC526343A5A23B723D54B.e.5069/elements - {"using":"css selector","value":"td"}
RESULT: {"using":"css selector","value":"td"}
COMMAND: POST /session/00b8d6e8899bfbf6cc6d783774ce745e/element/f.4E1637E628C3A2EF64D95C6C0224F564.d.9417199F2AAEC526343A5A23B723D54B.e.5070/elements - {"using":"css selector","value":"td"}
RESULT: {"using":"css selector","value":"td"}
COMMAND: POST /session/00b8d6e8899bfbf6cc6d783774ce745e/element/f.4E1637E628C3A2EF64D95C6C0224F564.d.9417199F2AAEC526343A5A23B723D54B.e.5071/elements - {"using":"css selector","value":"td"}
RESULT: {"using":"css selector","value":"td"}
COMMAND: POST /session/00b8d6e8899bfbf6cc6d783774ce745e/element/f.4E1637E628C3A2EF64D95C6C0224F564.d.9417199F2AAEC526343A5A23B723D54B.e.5072/elements - {"using":"css selector","value":"td"}
RESULT: {"using":"css selector","value":"td"}
COMMAND: POST /session/00b8d6e8899bfbf6cc6d783774ce745e/element/f.4E1637E628C3A2EF64D95C6C0224F564.d.9417199F2AAEC526343A5A23B723D54B.e.5073/elements - {"using":"css selector","value":"td"}
RESULT: {"using":"css selector","value":"td"}
COMMAND: POST /session/00b8d6e8899bfbf6cc6d783774ce745e/element/f.4E1637E628C3A2EF64D95C6C0224F564.d.9417199F2AAEC526343A5A23B723D54B.e.5074/elements - {"using":"css selector","value":"td"}
RESULT: {"using":"css selector","value":"td"}
COMMAND: POST /session/00b8d6e8899bfbf6cc6d783774ce745e/element/f.4E1637E628C3A2EF64D95C6C0224F564.d.9417199F2AAEC526343A5A23B723D54B.e.5075/elements - {"using":"css selector","value":"td"}
RESULT: {"using":"css selector","value":"td"}
COMMAND: POST /session/00b8d6e8899bfbf6cc6d783774ce745e/element/f.4E1637E628C3A2EF64D95C6C0224F564.d.9417199F2AAEC526343A5A23B723D54B.e.5076/elements - {"using":"css selector","value":"td"}
RESULT: {"using":"css selector","value":"td"}
COMMAND: POST /session/00b8d6e8899bfbf6cc6d783774ce745e/element/f.4E1637E628C3A2EF64D95C6C0224F564.d.9417199F2AAEC526343A5A23B723D54B.e.5077/elements - {"using":"css selector","value":"td"}
RESULT: {"using":"css selector","value":"td"}
COMMAND: POST /session/00b8d6e8899bfbf6cc6d783774ce745e/element/f.4E1637E628C3A2EF64D95C6C0224F564.d.9417199F2AAEC526343A5A23B723D54B.e.5078/elements - {"using":"css selector","value":"td"}
RESULT: {"using":"css selector","value":"td"}
COMMAND: POST /session/00b8d6e8899bfbf6cc6d783774ce745e/element/f.4E1637E628C3A2EF64D95C6C0224F564.d.9417199F2AAEC526343A5A23B723D54B.e.5079/elements - {"using":"css selector","value":"td"}
RESULT: {"using":"css selector","value":"td"}
COMMAND: POST /session/00b8d6e8899bfbf6cc6d783774ce745e/element/f.4E1637E628C3A2EF64D95C6C0224F564.d.9417199F2AAEC526343A5A23B723D54B.e.5080/elements - {"using":"css selector","value":"td"}
RESULT: {"using":"css selector","value":"td"}
COMMAND: POST /session/00b8d6e8899bfbf6cc6d783774ce745e/element/f.4E1637E628C3A2EF64D95C6C0224F564.d.9417199F2AAEC526343A5A23B723D54B.e.5081/elements - {"using":"css selector","value":"td"}
RESULT: {"using":"css selector","value":"td"}
COMMAND: POST /session/00b8d6e8899bfbf6cc6d783774ce745e/element/f.4E1637E628C3A2EF64D95C6C0224F564.d.9417199F2AAEC526343A5A23B723D54B.e.5082/elements - {"using":"css selector","value":"td"}
RESULT: {"using":"css selector","value":"td"}
COMMAND: POST /session/00b8d6e8899bfbf6cc6d783774ce745e/element/f.4E1637E628C3A2EF64D95C6C0224F564.d.9417199F2AAEC526343A5A23B723D54B.e.5083/elements - {"using":"css selector","value":"td"}
RESULT: {"using":"css selector","value":"td"}
COMMAND: POST /session/00b8d6e8899bfbf6cc6d783774ce745e/element/f.4E1637E628C3A2EF64D95C6C0224F564.d.9417199F2AAEC526343A5A23B723D54B.e.5084/elements - {"using":"css selector","value":"td"}
RESULT: {"using":"css selector","value":"td"}
COMMAND: POST /session/00b8d6e8899bfbf6cc6d783774ce745e/element/f.4E1637E628C3A2EF64D95C6C0224F564.d.9417199F2AAEC526343A5A23B723D54B.e.5085/elements - {"using":"css selector","value":"td"}
RESULT: {"using":"css selector","value":"td"}
COMMAND: POST /session/00b8d6e8899bfbf6cc6d783774ce745e/element/f.4E1637E628C3A2EF64D95C6C0224F564.d.9417199F2AAEC526343A5A23B723D54B.e.5086/elements - {"using":"css selector","value":"td"}
RESULT: {"using":"css selector","value":"td"}
COMMAND: POST /session/00b8d6e8899bfbf6cc6d783774ce745e/element/f.4E1637E628C3A2EF64D95C6C0224F564.d.9417199F2AAEC526343A5A23B723D54B.e.5087/elements - {"using":"css selector","value":"td"}
RESULT: {"using":"css selector","value":"td"}
COMMAND: POST /session/00b8d6e8899bfbf6cc6d783774ce745e/element/f.4E1637E628C3A2EF64D95C6C0224F564.d.9417199F2AAEC526343A5A23B723D54B.e.5088/elements - {"using":"css selector","value":"td"}
RESULT: {"using":"css selector","value":"td"}
COMMAND: POST /session/00b8d6e8899bfbf6cc6d783774ce745e/element/f.4E1637E628C3A2EF64D95C6C0224F564.d.9417199F2AAEC526343A5A23B723D54B.e.5089/elements - {"using":"css selector","value":"td"}
RESULT: {"using":"css selector","value":"td"}
COMMAND: POST /session/00b8d6e8899bfbf6cc6d783774ce745e/element/f.4E1637E628C3A2EF64D95C6C0224F564.d.9417199F2AAEC526343A5A23B723D54B.e.5090/elements - {"using":"css selector","value":"td"}
RESULT: {"using":"css selector","value":"td"}
COMMAND: POST /session/00b8d6e8899bfbf6cc6d783774ce745e/element/f.4E1637E628C3A2EF64D95C6C0224F564.d.9417199F2AAEC526343A5A23B723D54B.e.5091/elements - {"using":"css selector","value":"td"}
RESULT: {"using":"css selector","value":"td"}
COMMAND: POST /session/00b8d6e8899bfbf6cc6d783774ce745e/element/f.4E1637E628C3A2EF64D95C6C0224F564.d.9417199F2AAEC526343A5A23B723D54B.e.5092/elements - {"using":"css selector","value":"td"}
RESULT: {"using":"css selector","value":"td"}
COMMAND: POST /session/00b8d6e8899bfbf6cc6d783774ce745e/element/f.4E1637E628C3A2EF64D95C6C0224F564.d.9417199F2AAEC526343A5A23B723D54B.e.5093/elements - {"using":"css selector","value":"td"}
RESULT: {"using":"css selector","value":"td"}
COMMAND: POST /session/00b8d6e8899bfbf6cc6d783774ce745e/element/f.4E1637E628C3A2EF64D95C6C0224F564.d.9417199F2AAEC526343A5A23B723D54B.e.5094/elements - {"using":"css selector","value":"td"}
RESULT: {"using":"css selector","value":"td"}
COMMAND: POST /session/00b8d6e8899bfbf6cc6d783774ce745e/element/f.4E1637E628C3A2EF64D95C6C0224F564.d.9417199F2AAEC526343A5A23B723D54B.e.5095/elements - {"using":"css selector","value":"td"}
RESULT: {"using":"css selector","value":"td"}
COMMAND: POST /session/00b8d6e8899bfbf6cc6d783774ce745e/element/f.4E1637E628C3A2EF64D95C6C0224F564.d.9417199F2AAEC526343A5A23B723D54B.e.5096/elements - {"using":"css selector","value":"td"}
RESULT: {"using":"css selector","value":"td"}
COMMAND: POST /session/00b8d6e8899bfbf6cc6d783774ce745e/element/f.4E1637E628C3A2EF64D95C6C0224F564.d.9417199F2AAEC526343A5A23B723D54B.e.5097/elements - {"using":"css selector","value":"td"}
RESULT: {"using":"css selector","value":"td"}
COMMAND: POST /session/00b8d6e8899bfbf6cc6d783774ce745e/element/f.4E1637E628C3A2EF64D95C6C0224F564.d.9417199F2AAEC526343A5A23B723D54B.e.5098/elements - {"using":"css selector","value":"td"}
RESULT: {"using":"css selector","value":"td"}
COMMAND: POST /session/00b8d6e8899bfbf6cc6d783774ce745e/element/f.4E1637E628C3A2EF64D95C6C0224F564.d.9417199F2AAEC526343A5A23B723D54B.e.5099/elements - {"using":"css selector","value":"td"}
RESULT: {"using":"css selector","value":"td"}
COMMAND: POST /session/00b8d6e8899bfbf6cc6d783774ce745e/element/f.4E1637E628C3A2EF64D95C6C0224F564.d.9417199F2AAEC526343A5A23B723D54B.e.5100/elements - {"using":"css selector","value":"td"}
RESULT: {"using":"css selector","value":"td"}
COMMAND: POST /session/00b8d6e8899bfbf6cc6d783774ce745e/element/f.4E1637E628C3A2EF64D95C6C0224F564.d.9417199F2AAEC526343A5A23B723D54B.e.5101/elements - {"using":"css selector","value":"td"}
RESULT: {"using":"css selector","value":"td"}
COMMAND: POST /session/00b8d6e8899bfbf6cc6d783774ce745e/element/f.4E1637E628C3A2EF64D95C6C0224F564.d.9417199F2AAEC526343A5A23B723D54B.e.5102/elements - {"using":"css selector","value":"td"}
RESULT: {"using":"css selector","value":"td"}
COMMAND: POST /session/00b8d6e8899bfbf6cc6d783774ce745e/element/f.4E1637E628C3A2EF64D95C6C0224F564.d.9417199F2AAEC526343A5A23B723D54B.e.5103/elements - {"using":"css selector","value":"td"}
RESULT: {"using":"css selector","value":"td"}
COMMAND: POST /session/00b8d6e8899bfbf6cc6d783774ce745e/element/f.4E1637E628C3A2EF64D95C6C0224F564.d.9417199F2AAEC526343A5A23B723D54B.e.5104/elements - {"using":"css selector","value":"td"}
RESULT: {"using":"css selector","value":"td"}
COMMAND: POST /session/00b8d6e8899bfbf6cc6d783774ce745e/element/f.4E1637E628C3A2EF64D95C6C0224F564.d.9417199F2AAEC526343A5A23B723D54B.e.5105/elements - {"using":"css selector","value":"td"}
RESULT: {"using":"css selector","value":"td"}
COMMAND: POST /session/00b8d6e8899bfbf6cc6d783774ce745e/element/f.4E1637E628C3A2EF64D95C6C0224F564.d.9417199F2AAEC526343A5A23B723D54B.e.5106/elements - {"using":"css selector","value":"td"}
RESULT: {"using":"css selector","value":"td"}
COMMAND: POST /session/00b8d6e8899bfbf6cc6d783774ce745e/element/f.4E1637E628C3A2EF64D95C6C0224F564.d.9417199F2AAEC526343A5A23B723D54B.e.5107/elements - {"using":"css selector","value":"td"}
RESULT: {"using":"css selector","value":"td"}
COMMAND: POST /session/00b8d6e8899bfbf6cc6d783774ce745e/element/f.4E1637E628C3A2EF64D95C6C0224F564.d.9417199F2AAEC526343A5A23B723D54B.e.5108/elements - {"using":"css selector","value":"td"}
RESULT: {"using":"css selector","value":"td"}
COMMAND: POST /session/00b8d6e8899bfbf6cc6d783774ce745e/element/f.4E1637E628C3A2EF64D95C6C0224F564.d.9417199F2AAEC526343A5A23B723D54B.e.5109/elements - {"using":"css selector","value":"td"}
RESULT: {"using":"css selector","value":"td"}
COMMAND: POST /session/00b8d6e8899bfbf6cc6d783774ce745e/element/f.4E1637E628C3A2EF64D95C6C0224F564.d.9417199F2AAEC526343A5A23B723D54B.e.5110/elements - {"using":"css selector","value":"td"}
RESULT: {"using":"css selector","value":"td"}
COMMAND: POST /session/00b8d6e8899bfbf6cc6d783774ce745e/element/f.4E1637E628C3A2EF64D95C6C0224F564.d.9417199F2AAEC526343A5A23B723D54B.e.5111/elements - {"using":"css selector","value":"td"}
RESULT: {"using":"css selector","value":"td"}
COMMAND: POST /session/00b8d6e8899bfbf6cc6d783774ce745e/element/f.4E1637E628C3A2EF64D95C6C0224F564.d.9417199F2AAEC526343A5A23B723D54B.e.5112/elements - {"using":"css selector","value":"td"}
RESULT: {"using":"css selector","value":"td"}
COMMAND: POST /session/00b8d6e8899bfbf6cc6d783774ce745e/element/f.4E1637E628C3A2EF64D95C6C0224F564.d.9417199F2AAEC526343A5A23B723D54B.e.5113/elements - {"using":"css selector","value":"td"}
RESULT: {"using":"css selector","value":"td"}
COMMAND: POST /session/00b8d6e8899bfbf6cc6d783774ce745e/element/f.4E1637E628C3A2EF64D95C6C0224F564.d.9417199F2AAEC526343A5A23B723D54B.e.5114/elements - {"using":"css selector","value":"td"}
RESULT: {"using":"css selector","value":"td"}
COMMAND: POST /session/00b8d6e8899bfbf6cc6d783774ce745e/element/f.4E1637E628C3A2EF64D95C6C0224F564.d.9417199F2AAEC526343A5A23B723D54B.e.5115/elements - {"using":"css selector","value":"td"}
RESULT: {"using":"css selector","value":"td"}
COMMAND: POST /session/00b8d6e8899bfbf6cc6d783774ce745e/element/f.4E1637E628C3A2EF64D95C6C0224F564.d.9417199F2AAEC526343A5A23B723D54B.e.5116/elements - {"using":"css selector","value":"td"}
RESULT: {"using":"css selector","value":"td"}
COMMAND: POST /session/00b8d6e8899bfbf6cc6d783774ce745e/element/f.4E1637E628C3A2EF64D95C6C0224F564.d.9417199F2AAEC526343A5A23B723D54B.e.5117/elements - {"using":"css selector","value":"td"}
RESULT: {"using":"css selector","value":"td"}
COMMAND: POST /session/00b8d6e8899bfbf6cc6d783774ce745e/element/f.4E1637E628C3A2EF64D95C6C0224F564.d.9417199F2AAEC526343A5A23B723D54B.e.5118/elements - {"using":"css selector","value":"td"}
RESULT: {"using":"css selector","value":"td"}
COMMAND: POST /session/00b8d6e8899bfbf6cc6d783774ce745e/element/f.4E1637E628C3A2EF64D95C6C0224F564.d.9417199F2AAEC526343A5A23B723D54B.e.5119/elements - {"using":"css selector","value":"td"}
RESULT: {"using":"css selector","value":"td"}
COMMAND: POST /session/00b8d6e8899bfbf6cc6d783774ce745e/element/f.4E1637E628C3A2EF64D95C6C0224F564.d.9417199F2AAEC526343A5A23B723D54B.e.5120/elements - {"using":"css selector","value":"td"}
RESULT: {"using":"css selector","value":"td"}
COMMAND: POST /session/00b8d6e8899bfbf6cc6d783774ce745e/element/f.4E1637E628C3A2EF64D95C6C0224F564.d.9417199F2AAEC526343A5A23B723D54B.e.5121/elements - {"using":"css selector","value":"td"}
RESULT: {"using":"css selector","value":"td"}
COMMAND: POST /session/00b8d6e8899bfbf6cc6d783774ce745e/element/f.4E1637E628C3A2EF64D95C6C0224F564.d.9417199F2AAEC526343A5A23B723D54B.e.5122/elements - {"using":"css selector","value":"td"}
RESULT: {"using":"css selector","value":"td"}
COMMAND: POST /session/00b8d6e8899bfbf6cc6d783774ce745e/element/f.4E1637E628C3A2EF64D95C6C0224F564.d.9417199F2AAEC526343A5A23B723D54B.e.5123/elements - {"using":"css selector","value":"td"}
RESULT: {"using":"css selector","value":"td"}
COMMAND: POST /session/00b8d6e8899bfbf6cc6d783774ce745e/element/f.4E1637E628C3A2EF64D95C6C0224F564.d.9417199F2AAEC526343A5A23B723D54B.e.5124/elements - {"using":"css selector","value":"td"}
RESULT: {"using":"css selector","value":"td"}
COMMAND: POST /session/00b8d6e8899bfbf6cc6d783774ce745e/element/f.4E1637E628C3A2EF64D95C6C0224F564.d.9417199F2AAEC526343A5A23B723D54B.e.5125/elements - {"using":"css selector","value":"td"}
RESULT: {"using":"css selector","value":"td"}
COMMAND: POST /session/00b8d6e8899bfbf6cc6d783774ce745e/element/f.4E1637E628C3A2EF64D95C6C0224F564.d.9417199F2AAEC526343A5A23B723D54B.e.5126/elements - {"using":"css selector","value":"td"}
RESULT: {"using":"css selector","value":"td"}
COMMAND: POST /session/00b8d6e8899bfbf6cc6d783774ce745e/element/f.4E1637E628C3A2EF64D95C6C0224F564.d.9417199F2AAEC526343A5A23B723D54B.e.5127/elements - {"using":"css selector","value":"td"}
RESULT: {"using":"css selector","value":"td"}
COMMAND: POST /session/00b8d6e8899bfbf6cc6d783774ce745e/element/f.4E1637E628C3A2EF64D95C6C0224F564.d.9417199F2AAEC526343A5A23B723D54B.e.5128/elements - {"using":"css selector","value":"td"}
RESULT: {"using":"css selector","value":"td"}
COMMAND: POST /session/00b8d6e8899bfbf6cc6d783774ce745e/element/f.4E1637E628C3A2EF64D95C6C0224F564.d.9417199F2AAEC526343A5A23B723D54B.e.5129/elements - {"using":"css selector","value":"td"}
RESULT: {"using":"css selector","value":"td"}
COMMAND: POST /session/00b8d6e8899bfbf6cc6d783774ce745e/element/f.4E1637E628C3A2EF64D95C6C0224F564.d.9417199F2AAEC526343A5A23B723D54B.e.5130/elements - {"using":"css selector","value":"td"}
RESULT: {"using":"css selector","value":"td"}
COMMAND: POST /session/00b8d6e8899bfbf6cc6d783774ce745e/element/f.4E1637E628C3A2EF64D95C6C0224F564.d.9417199F2AAEC526343A5A23B723D54B.e.5131/elements - {"using":"css selector","value":"td"}
RESULT: {"using":"css selector","value":"td"}
COMMAND: POST /session/00b8d6e8899bfbf6cc6d783774ce745e/element/f.4E1637E628C3A2EF64D95C6C0224F564.d.9417199F2AAEC526343A5A23B723D54B.e.5132/elements - {"using":"css selector","value":"td"}
RESULT: {"using":"css selector","value":"td"}
COMMAND: POST /session/00b8d6e8899bfbf6cc6d783774ce745e/element/f.4E1637E628C3A2EF64D95C6C0224F564.d.9417199F2AAEC526343A5A23B723D54B.e.5133/elements - {"using":"css selector","value":"td"}
RESULT: {"using":"css selector","value":"td"}
COMMAND: POST /session/00b8d6e8899bfbf6cc6d783774ce745e/element/f.4E1637E628C3A2EF64D95C6C0224F564.d.9417199F2AAEC526343A5A23B723D54B.e.5134/elements - {"using":"css selector","value":"td"}
RESULT: {"using":"css selector","value":"td"}
COMMAND: POST /session/00b8d6e8899bfbf6cc6d783774ce745e/element/f.4E1637E628C3A2EF64D95C6C0224F564.d.9417199F2AAEC526343A5A23B723D54B.e.5135/elements - {"using":"css selector","value":"td"}
RESULT: {"using":"css selector","value":"td"}
COMMAND: POST /session/00b8d6e8899bfbf6cc6d783774ce745e/element/f.4E1637E628C3A2EF64D95C6C0224F564.d.9417199F2AAEC526343A5A23B723D54B.e.5136/elements - {"using":"css selector","value":"td"}
RESULT: {"using":"css selector","value":"td"}
COMMAND: POST /session/00b8d6e8899bfbf6cc6d783774ce745e/element/f.4E1637E628C3A2EF64D95C6C0224F564.d.9417199F2AAEC526343A5A23B723D54B.e.5137/elements - {"using":"css selector","value":"td"}
RESULT: {"using":"css selector","value":"td"}
COMMAND: POST /session/00b8d6e8899bfbf6cc6d783774ce745e/element/f.4E1637E628C3A2EF64D95C6C0224F564.d.9417199F2AAEC526343A5A23B723D54B.e.5138/elements - {"using":"css selector","value":"td"}
RESULT: {"using":"css selector","value":"td"}
COMMAND: POST /session/00b8d6e8899bfbf6cc6d783774ce745e/element/f.4E1637E628C3A2EF64D95C6C0224F564.d.9417199F2AAEC526343A5A23B723D54B.e.5139/elements - {"using":"css selector","value":"td"}
RESULT: {"using":"css selector","value":"td"}
COMMAND: POST /session/00b8d6e8899bfbf6cc6d783774ce745e/element/f.4E1637E628C3A2EF64D95C6C0224F564.d.9417199F2AAEC526343A5A23B723D54B.e.5140/elements - {"using":"css selector","value":"td"}
RESULT: {"using":"css selector","value":"td"}
COMMAND: POST /session/00b8d6e8899bfbf6cc6d783774ce745e/element/f.4E1637E628C3A2EF64D95C6C0224F564.d.9417199F2AAEC526343A5A23B723D54B.e.5141/elements - {"using":"css selector","value":"td"}
RESULT: {"using":"css selector","value":"td"}
COMMAND: POST /session/00b8d6e8899bfbf6cc6d783774ce745e/element/f.4E1637E628C3A2EF64D95C6C0224F564.d.9417199F2AAEC526343A5A23B723D54B.e.5142/elements - {"using":"css selector","value":"td"}
RESULT: {"using":"css selector","value":"td"}
COMMAND: POST /session/00b8d6e8899bfbf6cc6d783774ce745e/element/f.4E1637E628C3A2EF64D95C6C0224F564.d.9417199F2AAEC526343A5A23B723D54B.e.5143/elements - {"using":"css selector","value":"td"}
RESULT: {"using":"css selector","value":"td"}
COMMAND: POST /session/00b8d6e8899bfbf6cc6d783774ce745e/element/f.4E1637E628C3A2EF64D95C6C0224F564.d.9417199F2AAEC526343A5A23B723D54B.e.5144/elements - {"using":"css selector","value":"td"}
RESULT: {"using":"css selector","value":"td"}
COMMAND: POST /session/00b8d6e8899bfbf6cc6d783774ce745e/element/f.4E1637E628C3A2EF64D95C6C0224F564.d.9417199F2AAEC526343A5A23B723D54B.e.5145/elements - {"using":"css selector","value":"td"}
RESULT: {"using":"css selector","value":"td"}
COMMAND: POST /session/00b8d6e8899bfbf6cc6d783774ce745e/element/f.4E1637E628C3A2EF64D95C6C0224F564.d.9417199F2AAEC526343A5A23B723D54B.e.5146/elements - {"using":"css selector","value":"td"}
RESULT: {"using":"css selector","value":"td"}
COMMAND: POST /session/00b8d6e8899bfbf6cc6d783774ce745e/element/f.4E1637E628C3A2EF64D95C6C0224F564.d.9417199F2AAEC526343A5A23B723D54B.e.5147/elements - {"using":"css selector","value":"td"}
RESULT: {"using":"css selector","value":"td"}
COMMAND: POST /session/00b8d6e8899bfbf6cc6d783774ce745e/element/f.4E1637E628C3A2EF64D95C6C0224F564.d.9417199F2AAEC526343A5A23B723D54B.e.5148/elements - {"using":"css selector","value":"td"}
RESULT: {"using":"css selector","value":"td"}
COMMAND: POST /session/00b8d6e8899bfbf6cc6d783774ce745e/element/f.4E1637E628C3A2EF64D95C6C0224F564.d.9417199F2AAEC526343A5A23B723D54B.e.5149/elements - {"using":"css selector","value":"td"}
RESULT: {"using":"css selector","value":"td"}
COMMAND: POST /session/00b8d6e8899bfbf6cc6d783774ce745e/element/f.4E1637E628C3A2EF64D95C6C0224F564.d.9417199F2AAEC526343A5A23B723D54B.e.5150/elements - {"using":"css selector","value":"td"}
RESULT: {"using":"css selector","value":"td"}
COMMAND: POST /session/00b8d6e8899bfbf6cc6d783774ce745e/element/f.4E1637E628C3A2EF64D95C6C0224F564.d.9417199F2AAEC526343A5A23B723D54B.e.5151/elements - {"using":"css selector","value":"td"}
RESULT: {"using":"css selector","value":"td"}
COMMAND: POST /session/00b8d6e8899bfbf6cc6d783774ce745e/element/f.4E1637E628C3A2EF64D95C6C0224F564.d.9417199F2AAEC526343A5A23B723D54B.e.5152/elements - {"using":"css selector","value":"td"}
RESULT: {"using":"css selector","value":"td"}
COMMAND: POST /session/00b8d6e8899bfbf6cc6d783774ce745e/element/f.4E1637E628C3A2EF64D95C6C0224F564.d.9417199F2AAEC526343A5A23B723D54B.e.5153/elements - {"using":"css selector","value":"td"}
RESULT: {"using":"css selector","value":"td"}
COMMAND: POST /session/00b8d6e8899bfbf6cc6d783774ce745e/element/f.4E1637E628C3A2EF64D95C6C0224F564.d.9417199F2AAEC526343A5A23B723D54B.e.5154/elements - {"using":"css selector","value":"td"}
RESULT: {"using":"css selector","value":"td"}
COMMAND: POST /session/00b8d6e8899bfbf6cc6d783774ce745e/element/f.4E1637E628C3A2EF64D95C6C0224F564.d.9417199F2AAEC526343A5A23B723D54B.e.5155/elements - {"using":"css selector","value":"td"}
RESULT: {"using":"css selector","value":"td"}
COMMAND: POST /session/00b8d6e8899bfbf6cc6d783774ce745e/element/f.4E1637E628C3A2EF64D95C6C0224F564.d.9417199F2AAEC526343A5A23B723D54B.e.5156/elements - {"using":"css selector","value":"td"}
RESULT: {"using":"css selector","value":"td"}
COMMAND: POST /session/00b8d6e8899bfbf6cc6d783774ce745e/element/f.4E1637E628C3A2EF64D95C6C0224F564.d.9417199F2AAEC526343A5A23B723D54B.e.5157/elements - {"using":"css selector","value":"td"}
RESULT: {"using":"css selector","value":"td"}
COMMAND: POST /session/00b8d6e8899bfbf6cc6d783774ce745e/element/f.4E1637E628C3A2EF64D95C6C0224F564.d.9417199F2AAEC526343A5A23B723D54B.e.5158/elements - {"using":"css selector","value":"td"}
RESULT: {"using":"css selector","value":"td"}
COMMAND: POST /session/00b8d6e8899bfbf6cc6d783774ce745e/element/f.4E1637E628C3A2EF64D95C6C0224F564.d.9417199F2AAEC526343A5A23B723D54B.e.5159/elements - {"using":"css selector","value":"td"}
RESULT: {"using":"css selector","value":"td"}
COMMAND: POST /session/00b8d6e8899bfbf6cc6d783774ce745e/element/f.4E1637E628C3A2EF64D95C6C0224F564.d.9417199F2AAEC526343A5A23B723D54B.e.5160/elements - {"using":"css selector","value":"td"}
RESULT: {"using":"css selector","value":"td"}
COMMAND: POST /session/00b8d6e8899bfbf6cc6d783774ce745e/element/f.4E1637E628C3A2EF64D95C6C0224F564.d.9417199F2AAEC526343A5A23B723D54B.e.5161/elements - {"using":"css selector","value":"td"}
RESULT: {"using":"css selector","value":"td"}
COMMAND: POST /session/00b8d6e8899bfbf6cc6d783774ce745e/element/f.4E1637E628C3A2EF64D95C6C0224F564.d.9417199F2AAEC526343A5A23B723D54B.e.5162/elements - {"using":"css selector","value":"td"}
RESULT: {"using":"css selector","value":"td"}
COMMAND: POST /session/00b8d6e8899bfbf6cc6d783774ce745e/element/f.4E1637E628C3A2EF64D95C6C0224F564.d.9417199F2AAEC526343A5A23B723D54B.e.5163/elements - {"using":"css selector","value":"td"}
RESULT: {"using":"css selector","value":"td"}
COMMAND: POST /session/00b8d6e8899bfbf6cc6d783774ce745e/element/f.4E1637E628C3A2EF64D95C6C0224F564.d.9417199F2AAEC526343A5A23B723D54B.e.5164/elements - {"using":"css selector","value":"td"}
RESULT: {"using":"css selector","value":"td"}
COMMAND: POST /session/00b8d6e8899bfbf6cc6d783774ce745e/element/f.4E1637E628C3A2EF64D95C6C0224F564.d.9417199F2AAEC526343A5A23B723D54B.e.5165/elements - {"using":"css selector","value":"td"}
RESULT: {"using":"css selector","value":"td"}
COMMAND: POST /session/00b8d6e8899bfbf6cc6d783774ce745e/element/f.4E1637E628C3A2EF64D95C6C0224F564.d.9417199F2AAEC526343A5A23B723D54B.e.5166/elements - {"using":"css selector","value":"td"}
RESULT: {"using":"css selector","value":"td"}
COMMAND: POST /session/00b8d6e8899bfbf6cc6d783774ce745e/element/f.4E1637E628C3A2EF64D95C6C0224F564.d.9417199F2AAEC526343A5A23B723D54B.e.5167/elements - {"using":"css selector","value":"td"}
RESULT: {"using":"css selector","value":"td"}
COMMAND: POST /session/00b8d6e8899bfbf6cc6d783774ce745e/element/f.4E1637E628C3A2EF64D95C6C0224F564.d.9417199F2AAEC526343A5A23B723D54B.e.5168/elements - {"using":"css selector","value":"td"}
RESULT: {"using":"css selector","value":"td"}
COMMAND: POST /session/00b8d6e8899bfbf6cc6d783774ce745e/element/f.4E1637E628C3A2EF64D95C6C0224F564.d.9417199F2AAEC526343A5A23B723D54B.e.5169/elements - {"using":"css selector","value":"td"}
RESULT: {"using":"css selector","value":"td"}
COMMAND: POST /session/00b8d6e8899bfbf6cc6d783774ce745e/element/f.4E1637E628C3A2EF64D95C6C0224F564.d.9417199F2AAEC526343A5A23B723D54B.e.5170/elements - {"using":"css selector","value":"td"}
RESULT: {"using":"css selector","value":"td"}
COMMAND: POST /session/00b8d6e8899bfbf6cc6d783774ce745e/element/f.4E1637E628C3A2EF64D95C6C0224F564.d.9417199F2AAEC526343A5A23B723D54B.e.5171/elements - {"using":"css selector","value":"td"}
RESULT: {"using":"css selector","value":"td"}
COMMAND: POST /session/00b8d6e8899bfbf6cc6d783774ce745e/element/f.4E1637E628C3A2EF64D95C6C0224F564.d.9417199F2AAEC526343A5A23B723D54B.e.5172/elements - {"using":"css selector","value":"td"}
RESULT: {"using":"css selector","value":"td"}
COMMAND: POST /session/00b8d6e8899bfbf6cc6d783774ce745e/element/f.4E1637E628C3A2EF64D95C6C0224F564.d.9417199F2AAEC526343A5A23B723D54B.e.5173/elements - {"using":"css selector","value":"td"}
RESULT: {"using":"css selector","value":"td"}
COMMAND: POST /session/00b8d6e8899bfbf6cc6d783774ce745e/element/f.4E1637E628C3A2EF64D95C6C0224F564.d.9417199F2AAEC526343A5A23B723D54B.e.5174/elements - {"using":"css selector","value":"td"}
RESULT: {"using":"css selector","value":"td"}
COMMAND: POST /session/00b8d6e8899bfbf6cc6d783774ce745e/element/f.4E1637E628C3A2EF64D95C6C0224F564.d.9417199F2AAEC526343A5A23B723D54B.e.5175/elements - {"using":"css selector","value":"td"}
RESULT: {"using":"css selector","value":"td"}
COMMAND: POST /session/00b8d6e8899bfbf6cc6d783774ce745e/element/f.4E1637E628C3A2EF64D95C6C0224F564.d.9417199F2AAEC526343A5A23B723D54B.e.5176/elements - {"using":"css selector","value":"td"}
RESULT: {"using":"css selector","value":"td"}
COMMAND: POST /session/00b8d6e8899bfbf6cc6d783774ce745e/element/f.4E1637E628C3A2EF64D95C6C0224F564.d.9417199F2AAEC526343A5A23B723D54B.e.5177/elements - {"using":"css selector","value":"td"}
RESULT: {"using":"css selector","value":"td"}
COMMAND: POST /session/00b8d6e8899bfbf6cc6d783774ce745e/element/f.4E1637E628C3A2EF64D95C6C0224F564.d.9417199F2AAEC526343A5A23B723D54B.e.5178/elements - {"using":"css selector","value":"td"}
RESULT: {"using":"css selector","value":"td"}
COMMAND: POST /session/00b8d6e8899bfbf6cc6d783774ce745e/element/f.4E1637E628C3A2EF64D95C6C0224F564.d.9417199F2AAEC526343A5A23B723D54B.e.5179/elements - {"using":"css selector","value":"td"}
RESULT: {"using":"css selector","value":"td"}
COMMAND: POST /session/00b8d6e8899bfbf6cc6d783774ce745e/element/f.4E1637E628C3A2EF64D95C6C0224F564.d.9417199F2AAEC526343A5A23B723D54B.e.5180/elements - {"using":"css selector","value":"td"}
RESULT: {"using":"css selector","value":"td"}
COMMAND: POST /session/00b8d6e8899bfbf6cc6d783774ce745e/element/f.4E1637E628C3A2EF64D95C6C0224F564.d.9417199F2AAEC526343A5A23B723D54B.e.5181/elements - {"using":"css selector","value":"td"}
RESULT: {"using":"css selector","value":"td"}
COMMAND: POST /session/00b8d6e8899bfbf6cc6d783774ce745e/element/f.4E1637E628C3A2EF64D95C6C0224F564.d.9417199F2AAEC526343A5A23B723D54B.e.5182/elements - {"using":"css selector","value":"td"}
RESULT: {"using":"css selector","value":"td"}
COMMAND: POST /session/00b8d6e8899bfbf6cc6d783774ce745e/element/f.4E1637E628C3A2EF64D95C6C0224F564.d.9417199F2AAEC526343A5A23B723D54B.e.5183/elements - {"using":"css selector","value":"td"}
RESULT: {"using":"css selector","value":"td"}
COMMAND: POST /session/00b8d6e8899bfbf6cc6d783774ce745e/element/f.4E1637E628C3A2EF64D95C6C0224F564.d.9417199F2AAEC526343A5A23B723D54B.e.5184/elements - {"using":"css selector","value":"td"}
RESULT: {"using":"css selector","value":"td"}
COMMAND: POST /session/00b8d6e8899bfbf6cc6d783774ce745e/element/f.4E1637E628C3A2EF64D95C6C0224F564.d.9417199F2AAEC526343A5A23B723D54B.e.5185/elements - {"using":"css selector","value":"td"}
RESULT: {"using":"css selector","value":"td"}
COMMAND: POST /session/00b8d6e8899bfbf6cc6d783774ce745e/element/f.4E1637E628C3A2EF64D95C6C0224F564.d.9417199F2AAEC526343A5A23B723D54B.e.5186/elements - {"using":"css selector","value":"td"}
RESULT: {"using":"css selector","value":"td"}
COMMAND: POST /session/00b8d6e8899bfbf6cc6d783774ce745e/element/f.4E1637E628C3A2EF64D95C6C0224F564.d.9417199F2AAEC526343A5A23B723D54B.e.5187/elements - {"using":"css selector","value":"td"}
RESULT: {"using":"css selector","value":"td"}
COMMAND: POST /session/00b8d6e8899bfbf6cc6d783774ce745e/element/f.4E1637E628C3A2EF64D95C6C0224F564.d.9417199F2AAEC526343A5A23B723D54B.e.5188/elements - {"using":"css selector","value":"td"}
RESULT: {"using":"css selector","value":"td"}
COMMAND: POST /session/00b8d6e8899bfbf6cc6d783774ce745e/element/f.4E1637E628C3A2EF64D95C6C0224F564.d.9417199F2AAEC526343A5A23B723D54B.e.5189/elements - {"using":"css selector","value":"td"}
RESULT: {"using":"css selector","value":"td"}
COMMAND: POST /session/00b8d6e8899bfbf6cc6d783774ce745e/element/f.4E1637E628C3A2EF64D95C6C0224F564.d.9417199F2AAEC526343A5A23B723D54B.e.5190/elements - {"using":"css selector","value":"td"}
RESULT: {"using":"css selector","value":"td"}
COMMAND: POST /session/00b8d6e8899bfbf6cc6d783774ce745e/element/f.4E1637E628C3A2EF64D95C6C0224F564.d.9417199F2AAEC526343A5A23B723D54B.e.5191/elements - {"using":"css selector","value":"td"}
RESULT: {"using":"css selector","value":"td"}
COMMAND: POST /session/00b8d6e8899bfbf6cc6d783774ce745e/element/f.4E1637E628C3A2EF64D95C6C0224F564.d.9417199F2AAEC526343A5A23B723D54B.e.5192/elements - {"using":"css selector","value":"td"}
RESULT: {"using":"css selector","value":"td"}
COMMAND: POST /session/00b8d6e8899bfbf6cc6d783774ce745e/element/f.4E1637E628C3A2EF64D95C6C0224F564.d.9417199F2AAEC526343A5A23B723D54B.e.5193/elements - {"using":"css selector","value":"td"}
RESULT: {"using":"css selector","value":"td"}
COMMAND: POST /session/00b8d6e8899bfbf6cc6d783774ce745e/element/f.4E1637E628C3A2EF64D95C6C0224F564.d.9417199F2AAEC526343A5A23B723D54B.e.5194/elements - {"using":"css selector","value":"td"}
RESULT: {"using":"css selector","value":"td"}
COMMAND: POST /session/00b8d6e8899bfbf6cc6d783774ce745e/element/f.4E1637E628C3A2EF64D95C6C0224F564.d.9417199F2AAEC526343A5A23B723D54B.e.5195/elements - {"using":"css selector","value":"td"}
RESULT: {"using":"css selector","value":"td"}
COMMAND: POST /session/00b8d6e8899bfbf6cc6d783774ce745e/element/f.4E1637E628C3A2EF64D95C6C0224F564.d.9417199F2AAEC526343A5A23B723D54B.e.5196/elements - {"using":"css selector","value":"td"}
RESULT: {"using":"css selector","value":"td"}
COMMAND: POST /session/00b8d6e8899bfbf6cc6d783774ce745e/element/f.4E1637E628C3A2EF64D95C6C0224F564.d.9417199F2AAEC526343A5A23B723D54B.e.5197/elements - {"using":"css selector","value":"td"}
RESULT: {"using":"css selector","value":"td"}
COMMAND: POST /session/00b8d6e8899bfbf6cc6d783774ce745e/element/f.4E1637E628C3A2EF64D95C6C0224F564.d.9417199F2AAEC526343A5A23B723D54B.e.5198/elements - {"using":"css selector","value":"td"}
RESULT: {"using":"css selector","value":"td"}
COMMAND: POST /session/00b8d6e8899bfbf6cc6d783774ce745e/element/f.4E1637E628C3A2EF64D95C6C0224F564.d.9417199F2AAEC526343A5A23B723D54B.e.5199/elements - {"using":"css selector","value":"td"}
RESULT: {"using":"css selector","value":"td"}
COMMAND: POST /session/00b8d6e8899bfbf6cc6d783774ce745e/element/f.4E1637E628C3A2EF64D95C6C0224F564.d.9417199F2AAEC526343A5A23B723D54B.e.5200/elements - {"using":"css selector","value":"td"}
RESULT: {"using":"css selector","value":"td"}
COMMAND: POST /session/00b8d6e8899bfbf6cc6d783774ce745e/element/f.4E1637E628C3A2EF64D95C6C0224F564.d.9417199F2AAEC526343A5A23B723D54B.e.5201/elements - {"using":"css selector","value":"td"}
RESULT: {"using":"css selector","value":"td"}
COMMAND: POST /session/00b8d6e8899bfbf6cc6d783774ce745e/element/f.4E1637E628C3A2EF64D95C6C0224F564.d.9417199F2AAEC526343A5A23B723D54B.e.5202/elements - {"using":"css selector","value":"td"}
RESULT: {"using":"css selector","value":"td"}
COMMAND: POST /session/00b8d6e8899bfbf6cc6d783774ce745e/element/f.4E1637E628C3A2EF64D95C6C0224F564.d.9417199F2AAEC526343A5A23B723D54B.e.5203/elements - {"using":"css selector","value":"td"}
RESULT: {"using":"css selector","value":"td"}
COMMAND: POST /session/00b8d6e8899bfbf6cc6d783774ce745e/element/f.4E1637E628C3A2EF64D95C6C0224F564.d.9417199F2AAEC526343A5A23B723D54B.e.5204/elements - {"using":"css selector","value":"td"}
RESULT: {"using":"css selector","value":"td"}
COMMAND: POST /session/00b8d6e8899bfbf6cc6d783774ce745e/element/f.4E1637E628C3A2EF64D95C6C0224F564.d.9417199F2AAEC526343A5A23B723D54B.e.5205/elements - {"using":"css selector","value":"td"}
RESULT: {"using":"css selector","value":"td"}
COMMAND: POST /session/00b8d6e8899bfbf6cc6d783774ce745e/element/f.4E1637E628C3A2EF64D95C6C0224F564.d.9417199F2AAEC526343A5A23B723D54B.e.5206/elements - {"using":"css selector","value":"td"}
RESULT: {"using":"css selector","value":"td"}
COMMAND: POST /session/00b8d6e8899bfbf6cc6d783774ce745e/element/f.4E1637E628C3A2EF64D95C6C0224F564.d.9417199F2AAEC526343A5A23B723D54B.e.5207/elements - {"using":"css selector","value":"td"}
RESULT: {"using":"css selector","value":"td"}
COMMAND: POST /session/00b8d6e8899bfbf6cc6d783774ce745e/element/f.4E1637E628C3A2EF64D95C6C0224F564.d.9417199F2AAEC526343A5A23B723D54B.e.5208/elements - {"using":"css selector","value":"td"}
RESULT: {"using":"css selector","value":"td"}
COMMAND: POST /session/00b8d6e8899bfbf6cc6d783774ce745e/element/f.4E1637E628C3A2EF64D95C6C0224F564.d.9417199F2AAEC526343A5A23B723D54B.e.5209/elements - {"using":"css selector","value":"td"}
RESULT: {"using":"css selector","value":"td"}
COMMAND: POST /session/00b8d6e8899bfbf6cc6d783774ce745e/element/f.4E1637E628C3A2EF64D95C6C0224F564.d.9417199F2AAEC526343A5A23B723D54B.e.5210/elements - {"using":"css selector","value":"td"}
RESULT: {"using":"css selector","value":"td"}
COMMAND: POST /session/00b8d6e8899bfbf6cc6d783774ce745e/element/f.4E1637E628C3A2EF64D95C6C0224F564.d.9417199F2AAEC526343A5A23B723D54B.e.5211/elements - {"using":"css selector","value":"td"}
RESULT: {"using":"css selector","value":"td"}
COMMAND: POST /session/00b8d6e8899bfbf6cc6d783774ce745e/element/f.4E1637E628C3A2EF64D95C6C0224F564.d.9417199F2AAEC526343A5A23B723D54B.e.5212/elements - {"using":"css selector","value":"td"}
RESULT: {"using":"css selector","value":"td"}
COMMAND: POST /session/00b8d6e8899bfbf6cc6d783774ce745e/element/f.4E1637E628C3A2EF64D95C6C0224F564.d.9417199F2AAEC526343A5A23B723D54B.e.5213/elements - {"using":"css selector","value":"td"}
RESULT: {"using":"css selector","value":"td"}
COMMAND: POST /session/00b8d6e8899bfbf6cc6d783774ce745e/element/f.4E1637E628C3A2EF64D95C6C0224F564.d.9417199F2AAEC526343A5A23B723D54B.e.5214/elements - {"using":"css selector","value":"td"}
RESULT: {"using":"css selector","value":"td"}
COMMAND: POST /session/00b8d6e8899bfbf6cc6d783774ce745e/element/f.4E1637E628C3A2EF64D95C6C0224F564.d.9417199F2AAEC526343A5A23B723D54B.e.5215/elements - {"using":"css selector","value":"td"}
RESULT: {"using":"css selector","value":"td"}
COMMAND: POST /session/00b8d6e8899bfbf6cc6d783774ce745e/element/f.4E1637E628C3A2EF64D95C6C0224F564.d.9417199F2AAEC526343A5A23B723D54B.e.5216/elements - {"using":"css selector","value":"td"}
RESULT: {"using":"css selector","value":"td"}
COMMAND: POST /session/00b8d6e8899bfbf6cc6d783774ce745e/element/f.4E1637E628C3A2EF64D95C6C0224F564.d.9417199F2AAEC526343A5A23B723D54B.e.5217/elements - {"using":"css selector","value":"td"}
RESULT: {"using":"css selector","value":"td"}
COMMAND: POST /session/00b8d6e8899bfbf6cc6d783774ce745e/element/f.4E1637E628C3A2EF64D95C6C0224F564.d.9417199F2AAEC526343A5A23B723D54B.e.5218/elements - {"using":"css selector","value":"td"}
RESULT: {"using":"css selector","value":"td"}
COMMAND: POST /session/00b8d6e8899bfbf6cc6d783774ce745e/element/f.4E1637E628C3A2EF64D95C6C0224F564.d.9417199F2AAEC526343A5A23B723D54B.e.5219/elements - {"using":"css selector","value":"td"}
RESULT: {"using":"css selector","value":"td"}
COMMAND: POST /session/00b8d6e8899bfbf6cc6d783774ce745e/element/f.4E1637E628C3A2EF64D95C6C0224F564.d.9417199F2AAEC526343A5A23B723D54B.e.5220/elements - {"using":"css selector","value":"td"}
RESULT: {"using":"css selector","value":"td"}
COMMAND: POST /session/00b8d6e8899bfbf6cc6d783774ce745e/element/f.4E1637E628C3A2EF64D95C6C0224F564.d.9417199F2AAEC526343A5A23B723D54B.e.5221/elements - {"using":"css selector","value":"td"}
RESULT: {"using":"css selector","value":"td"}
COMMAND: POST /session/00b8d6e8899bfbf6cc6d783774ce745e/element/f.4E1637E628C3A2EF64D95C6C0224F564.d.9417199F2AAEC526343A5A23B723D54B.e.5222/elements - {"using":"css selector","value":"td"}
RESULT: {"using":"css selector","value":"td"}
COMMAND: POST /session/00b8d6e8899bfbf6cc6d783774ce745e/element/f.4E1637E628C3A2EF64D95C6C0224F564.d.9417199F2AAEC526343A5A23B723D54B.e.5223/elements - {"using":"css selector","value":"td"}
RESULT: {"using":"css selector","value":"td"}
COMMAND: POST /session/00b8d6e8899bfbf6cc6d783774ce745e/element/f.4E1637E628C3A2EF64D95C6C0224F564.d.9417199F2AAEC526343A5A23B723D54B.e.5224/elements - {"using":"css selector","value":"td"}
RESULT: {"using":"css selector","value":"td"}
COMMAND: POST /session/00b8d6e8899bfbf6cc6d783774ce745e/element/f.4E1637E628C3A2EF64D95C6C0224F564.d.9417199F2AAEC526343A5A23B723D54B.e.5225/elements - {"using":"css selector","value":"td"}
RESULT: {"using":"css selector","value":"td"}
COMMAND: POST /session/00b8d6e8899bfbf6cc6d783774ce745e/element/f.4E1637E628C3A2EF64D95C6C0224F564.d.9417199F2AAEC526343A5A23B723D54B.e.5226/elements - {"using":"css selector","value":"td"}
RESULT: {"using":"css selector","value":"td"}
COMMAND: POST /session/00b8d6e8899bfbf6cc6d783774ce745e/element/f.4E1637E628C3A2EF64D95C6C0224F564.d.9417199F2AAEC526343A5A23B723D54B.e.5227/elements - {"using":"css selector","value":"td"}
RESULT: {"using":"css selector","value":"td"}
COMMAND: POST /session/00b8d6e8899bfbf6cc6d783774ce745e/element/f.4E1637E628C3A2EF64D95C6C0224F564.d.9417199F2AAEC526343A5A23B723D54B.e.5228/elements - {"using":"css selector","value":"td"}
RESULT: {"using":"css selector","value":"td"}
COMMAND: POST /session/00b8d6e8899bfbf6cc6d783774ce745e/element/f.4E1637E628C3A2EF64D95C6C0224F564.d.9417199F2AAEC526343A5A23B723D54B.e.5229/elements - {"using":"css selector","value":"td"}
RESULT: {"using":"css selector","value":"td"}
COMMAND: POST /session/00b8d6e8899bfbf6cc6d783774ce745e/element/f.4E1637E628C3A2EF64D95C6C0224F564.d.9417199F2AAEC526343A5A23B723D54B.e.5230/elements - {"using":"css selector","value":"td"}
RESULT: {"using":"css selector","value":"td"}
COMMAND: POST /session/00b8d6e8899bfbf6cc6d783774ce745e/element/f.4E1637E628C3A2EF64D95C6C0224F564.d.9417199F2AAEC526343A5A23B723D54B.e.5231/elements - {"using":"css selector","value":"td"}
RESULT: {"using":"css selector","value":"td"}
COMMAND: POST /session/00b8d6e8899bfbf6cc6d783774ce745e/element/f.4E1637E628C3A2EF64D95C6C0224F564.d.9417199F2AAEC526343A5A23B723D54B.e.5232/elements - {"using":"css selector","value":"td"}
RESULT: {"using":"css selector","value":"td"}
COMMAND: POST /session/00b8d6e8899bfbf6cc6d783774ce745e/element/f.4E1637E628C3A2EF64D95C6C0224F564.d.9417199F2AAEC526343A5A23B723D54B.e.5233/elements - {"using":"css selector","value":"td"}
RESULT: {"using":"css selector","value":"td"}
COMMAND: POST /session/00b8d6e8899bfbf6cc6d783774ce745e/element/f.4E1637E628C3A2EF64D95C6C0224F564.d.9417199F2AAEC526343A5A23B723D54B.e.5234/elements - {"using":"css selector","value":"td"}
RESULT: {"using":"css selector","value":"td"}
COMMAND: POST /session/00b8d6e8899bfbf6cc6d783774ce745e/element/f.4E1637E628C3A2EF64D95C6C0224F564.d.9417199F2AAEC526343A5A23B723D54B.e.5235/elements - {"using":"css selector","value":"td"}
RESULT: {"using":"css selector","value":"td"}
COMMAND: POST /session/00b8d6e8899bfbf6cc6d783774ce745e/element/f.4E1637E628C3A2EF64D95C6C0224F564.d.9417199F2AAEC526343A5A23B723D54B.e.5236/elements - {"using":"css selector","value":"td"}
RESULT: {"using":"css selector","value":"td"}
COMMAND: POST /session/00b8d6e8899bfbf6cc6d783774ce745e/element/f.4E1637E628C3A2EF64D95C6C0224F564.d.9417199F2AAEC526343A5A23B723D54B.e.5237/elements - {"using":"css selector","value":"td"}
RESULT: {"using":"css selector","value":"td"}
COMMAND: POST /session/00b8d6e8899bfbf6cc6d783774ce745e/element/f.4E1637E628C3A2EF64D95C6C0224F564.d.9417199F2AAEC526343A5A23B723D54B.e.5238/elements - {"using":"css selector","value":"td"}
RESULT: {"using":"css selector","value":"td"}
COMMAND: POST /session/00b8d6e8899bfbf6cc6d783774ce745e/element/f.4E1637E628C3A2EF64D95C6C0224F564.d.9417199F2AAEC526343A5A23B723D54B.e.5239/elements - {"using":"css selector","value":"td"}
RESULT: {"using":"css selector","value":"td"}
COMMAND: POST /session/00b8d6e8899bfbf6cc6d783774ce745e/element/f.4E1637E628C3A2EF64D95C6C0224F564.d.9417199F2AAEC526343A5A23B723D54B.e.5240/elements - {"using":"css selector","value":"td"}
RESULT: {"using":"css selector","value":"td"}
COMMAND: POST /session/00b8d6e8899bfbf6cc6d783774ce745e/element/f.4E1637E628C3A2EF64D95C6C0224F564.d.9417199F2AAEC526343A5A23B723D54B.e.5241/elements - {"using":"css selector","value":"td"}
RESULT: {"using":"css selector","value":"td"}
COMMAND: POST /session/00b8d6e8899bfbf6cc6d783774ce745e/element/f.4E1637E628C3A2EF64D95C6C0224F564.d.9417199F2AAEC526343A5A23B723D54B.e.5242/elements - {"using":"css selector","value":"td"}
RESULT: {"using":"css selector","value":"td"}
COMMAND: POST /session/00b8d6e8899bfbf6cc6d783774ce745e/element/f.4E1637E628C3A2EF64D95C6C0224F564.d.9417199F2AAEC526343A5A23B723D54B.e.5243/elements - {"using":"css selector","value":"td"}
RESULT: {"using":"css selector","value":"td"}
COMMAND: POST /session/00b8d6e8899bfbf6cc6d783774ce745e/element/f.4E1637E628C3A2EF64D95C6C0224F564.d.9417199F2AAEC526343A5A23B723D54B.e.5244/elements - {"using":"css selector","value":"td"}
RESULT: {"using":"css selector","value":"td"}
COMMAND: POST /session/00b8d6e8899bfbf6cc6d783774ce745e/element/f.4E1637E628C3A2EF64D95C6C0224F564.d.9417199F2AAEC526343A5A23B723D54B.e.5245/elements - {"using":"css selector","value":"td"}
RESULT: {"using":"css selector","value":"td"}
COMMAND: POST /session/00b8d6e8899bfbf6cc6d783774ce745e/element/f.4E1637E628C3A2EF64D95C6C0224F564.d.9417199F2AAEC526343A5A23B723D54B.e.5246/elements - {"using":"css selector","value":"td"}
RESULT: {"using":"css selector","value":"td"}
COMMAND: POST /session/00b8d6e8899bfbf6cc6d783774ce745e/element/f.4E1637E628C3A2EF64D95C6C0224F564.d.9417199F2AAEC526343A5A23B723D54B.e.5247/elements - {"using":"css selector","value":"td"}
RESULT: {"using":"css selector","value":"td"}
COMMAND: POST /session/00b8d6e8899bfbf6cc6d783774ce745e/element/f.4E1637E628C3A2EF64D95C6C0224F564.d.9417199F2AAEC526343A5A23B723D54B.e.6152/elements - {"using":"css selector","value":"td"}
RESULT: {"using":"css selector","value":"td"}
COMMAND: POST /session/00b8d6e8899bfbf6cc6d783774ce745e/element - {"using":"css selector","value":"#j_username"}
COMMAND: POST /session/00b8d6e8899bfbf6cc6d783774ce745e/url - {"url":"https://qa-testing-00-live-etm-ui.cfapps.eu10-004.hana.ondemand.com/"}
RESULT: {"url":"https://qa-testing-00-live-etm-ui.cfapps.eu10-004.hana.ondemand.com/"}
RESULT: undefined
COMMAND: GET /session/00b8d6e8899bfbf6cc6d783774ce745e/screenshot - {}
RESULT: {"using":"css selector","value":"#j_username"}
COMMAND: POST /session/00b8d6e8899bfbf6cc6d783774ce745e/element - {"using":"css selector","value":"#j_username"}
RESULT: {}
RESULT: {"using":"css selector","value":"#j_username"}
COMMAND: POST /session/00b8d6e8899bfbf6cc6d783774ce745e/element - {"using":"css selector","value":"#shell-header-logo"}
RESULT: {"using":"css selector","value":"#shell-header-logo"}
COMMAND: POST /session/00b8d6e8899bfbf6cc6d783774ce745e/execute/sync - {"script":"<script> [8489 bytes]","args":[{"element-6066-11e4-a52e-4f735466cecf":"f.4E1637E628C3A2EF64D95C6C0224F564.d.9987FDBA0646AE2DF737ED8E9171DF38.e.6169","ELEMENT":"f.4E1637E628C3A2EF64D95C6C0224F564.d.9987FDBA0646AE2DF737ED8E9171DF38.e.6169"}]}
RESULT: {"script":"<script> [8489 bytes]","args":[{"element-6066-11e4-a52e-4f735466cecf":"f.4E1637E628C3A2EF64D95C6C0224F564.d.9987FDBA0646AE2DF737ED8E9171DF38.e.6169","ELEMENT":"f.4E1637E628C3A2EF64D95C6C0224F564.d.9987FDBA0646AE2DF737ED8E9171DF38.e.6169"}]}
COMMAND: POST /session/00b8d6e8899bfbf6cc6d783774ce745e/element - {"using":"css selector","value":"#shell-header-logo"}
COMMAND: GET /session/00b8d6e8899bfbf6cc6d783774ce745e/screenshot - {}
RESULT: {"using":"css selector","value":"#shell-header-logo"}
COMMAND: POST /session/00b8d6e8899bfbf6cc6d783774ce745e/execute/sync - {"script":"<script> [8489 bytes]","args":[{"element-6066-11e4-a52e-4f735466cecf":"f.4E1637E628C3A2EF64D95C6C0224F564.d.9987FDBA0646AE2DF737ED8E9171DF38.e.6169","ELEMENT":"f.4E1637E628C3A2EF64D95C6C0224F564.d.9987FDBA0646AE2DF737ED8E9171DF38.e.6169"}]}
RESULT: {}
RESULT: {"script":"<script> [8489 bytes]","args":[{"element-6066-11e4-a52e-4f735466cecf":"f.4E1637E628C3A2EF64D95C6C0224F564.d.9987FDBA0646AE2DF737ED8E9171DF38.e.6169","ELEMENT":"f.4E1637E628C3A2EF64D95C6C0224F564.d.9987FDBA0646AE2DF737ED8E9171DF38.e.6169"}]}
COMMAND: POST /session/00b8d6e8899bfbf6cc6d783774ce745e/execute/sync - {"script":"<script> [5351 bytes]","args":[{"element-6066-11e4-a52e-4f735466cecf":"f.4E1637E628C3A2EF64D95C6C0224F564.d.9987FDBA0646AE2DF737ED8E9171DF38.e.6169","ELEMENT":"f.4E1637E628C3A2EF64D95C6C0224F564.d.9987FDBA0646AE2DF737ED8E9171DF38.e.6169"}]}
COMMAND: GET /session/00b8d6e8899bfbf6cc6d783774ce745e/screenshot - {}
RESULT: {"script":"<script> [5351 bytes]","args":[{"element-6066-11e4-a52e-4f735466cecf":"f.4E1637E628C3A2EF64D95C6C0224F564.d.9987FDBA0646AE2DF737ED8E9171DF38.e.6169","ELEMENT":"f.4E1637E628C3A2EF64D95C6C0224F564.d.9987FDBA0646AE2DF737ED8E9171DF38.e.6169"}]}
COMMAND: POST /session/00b8d6e8899bfbf6cc6d783774ce745e/element - {"using":"css selector","value":"#shell-header-logo"}
COMMAND: GET /session/00b8d6e8899bfbf6cc6d783774ce745e/screenshot - {}
RESULT: {}
RESULT: {"using":"css selector","value":"#shell-header-logo"}
COMMAND: POST /session/00b8d6e8899bfbf6cc6d783774ce745e/element/f.4E1637E628C3A2EF64D95C6C0224F564.d.9987FDBA0646AE2DF737ED8E9171DF38.e.6169/click - {}
RESULT: {}
RESULT: {}
COMMAND: GET /session/00b8d6e8899bfbf6cc6d783774ce745e/screenshot - {}
RESULT: {}
COMMAND: POST /session/00b8d6e8899bfbf6cc6d783774ce745e/execute/async - {"script":"<script> [189 bytes]","args":[]}
RESULT: {"script":"<script> [189 bytes]","args":[]}
COMMAND: POST /session/00b8d6e8899bfbf6cc6d783774ce745e/execute/async - {"script":"<script> [123 bytes]","args":[]}
RESULT: {"script":"<script> [123 bytes]","args":[]}
COMMAND: POST /session/00b8d6e8899bfbf6cc6d783774ce745e/timeouts - {"script":"<number>"}
RESULT: {"script":"<number>"}
COMMAND: GET /session/00b8d6e8899bfbf6cc6d783774ce745e/timeouts - {}
RESULT: {}
RESULT: undefined
COMMAND: POST /session/00b8d6e8899bfbf6cc6d783774ce745e/execute/async - {"script":"<script> [2676 bytes]","args":[]}
RESULT: {"script":"<script> [2676 bytes]","args":[]}
COMMAND: POST /session/00b8d6e8899bfbf6cc6d783774ce745e/execute/async - {"script":"<script> [2342 bytes]","args":[{"protocol":"http","hostname":"0.0.0.0","path":"/","capabilities":{"browserName":"chrome","goog:chromeOptions":{"binary":"C:\\Program Files\\Google\\Chrome\\Application\\chrome.exe","args":["--start-maximized"]}},"logLevel":"warn","connectionRetryTimeout":120000,"connectionRetryCount":3,"logLevels":{},"enableDirectConnect":true,"strictSSL":true,"_":"65 more keys: [\"cacheDir\",\"port\",\"requestedCapabilities\",\"automationProtocol\",\"baseUrl\",\"waitforInterval\",\"waitforTimeout\",\"onReload\",\"beforeCommand\",\"afterCommand\",\"rootDir\",\"specs\",\"suites\",\"exclude\",\"groupLogsByTestSpec\",\"excludeDriverLogs\",\"bail\",\"framework\",\"reporters\",\"services\",\"maxInstances\",\"maxInstancesPerCapability\",\"injectGlobals\",\"filesToWatch\",\"execArgv\",\"runnerEnv\",\"runner\",\"shard\",\"specFileRetries\",\"specFileRetriesDelay\",\"specFileRetriesDeferred\",\"reporterSyncInterval\",\"reporterSyncTimeout\",\"cucumberFeaturesWithLineNumbers\",\"autoCompileOpts\",\"mochaOpts\",\"jasmineOpts\",\"cucumberOpts\",\"onPrepare\",\"onWorkerStart\",\"onWorkerEnd\",\"before\",\"beforeSession\",\"beforeSuite\",\"beforeHook\",\"beforeTest\",\"afterTest\",\"afterHook\",\"afterSuite\",\"afterSession\",\"after\",\"onComplete\",\"beforeAssertion\",\"afterAssertion\",\"beforeFeature\",\"beforeScenario\",\"beforeStep\",\"afterStep\",\"afterScenario\",\"afterFeature\",\"_\",\"suite\",\"$0\",\"ignoredWorkerServices\",\"wdi5\"]"}]}
RESULT: {"script":"<script> [2342 bytes]","args":[{"protocol":"http","hostname":"0.0.0.0","path":"/","capabilities":{"browserName":"chrome","goog:chromeOptions":{"binary":"C:\\Program Files\\Google\\Chrome\\Application\\chrome.exe","args":["--start-maximized"]}},"logLevel":"warn","connectionRetryTimeout":120000,"connectionRetryCount":3,"logLevels":{},"enableDirectConnect":true,"strictSSL":true,"_":"65 more keys: [\"cacheDir\",\"port\",\"requestedCapabilities\",\"automationProtocol\",\"baseUrl\",\"waitforInterval\",\"waitforTimeout\",\"onReload\",\"beforeCommand\",\"afterCommand\",\"rootDir\",\"specs\",\"suites\",\"exclude\",\"groupLogsByTestSpec\",\"excludeDriverLogs\",\"bail\",\"framework\",\"reporters\",\"services\",\"maxInstances\",\"maxInstancesPerCapability\",\"injectGlobals\",\"filesToWatch\",\"execArgv\",\"runnerEnv\",\"runner\",\"shard\",\"specFileRetries\",\"specFileRetriesDelay\",\"specFileRetriesDeferred\",\"reporterSyncInterval\",\"reporterSyncTimeout\",\"cucumberFeaturesWithLineNumbers\",\"autoCompileOpts\",\"mochaOpts\",\"jasmineOpts\",\"cucumberOpts\",\"onPrepare\",\"onWorkerStart\",\"onWorkerEnd\",\"before\",\"beforeSession\",\"beforeSuite\",\"beforeHook\",\"beforeTest\",\"afterTest\",\"afterHook\",\"afterSuite\",\"afterSession\",\"after\",\"onComplete\",\"beforeAssertion\",\"afterAssertion\",\"beforeFeature\",\"beforeScenario\",\"beforeStep\",\"afterStep\",\"afterScenario\",\"afterFeature\",\"_\",\"suite\",\"$0\",\"ignoredWorkerServices\",\"wdi5\"]"}]}
COMMAND: POST /session/00b8d6e8899bfbf6cc6d783774ce745e/execute/async - {"script":"<script> [21126 bytes]","args":[35000]}
RESULT: {"script":"<script> [21126 bytes]","args":[35000]}
COMMAND: POST /session/00b8d6e8899bfbf6cc6d783774ce745e/window/maximize - {}
RESULT: {}
COMMAND: POST /session/00b8d6e8899bfbf6cc6d783774ce745e/execute/async - {"script":"<script> [1562 bytes]","args":[{"selector":{"id":"shell-header","interaction":{"idSuffix":"icon"}},"wdio_ui5_key":"shellheader"}]}
COMMAND: GET /session/00b8d6e8899bfbf6cc6d783774ce745e/screenshot - {}
RESULT: {"script":"<script> [1562 bytes]","args":[{"selector":{"id":"shell-header","interaction":{"idSuffix":"icon"}},"wdio_ui5_key":"shellheader"}]}
RESULT: undefined
COMMAND: POST /session/00b8d6e8899bfbf6cc6d783774ce745e/refresh - {}
RESULT: {}
RESULT: {}
COMMAND: GET /session/00b8d6e8899bfbf6cc6d783774ce745e/screenshot - {}
RESULT: {}
COMMAND: POST /session/00b8d6e8899bfbf6cc6d783774ce745e/refresh - {}
RESULT: {}
COMMAND: GET /session/00b8d6e8899bfbf6cc6d783774ce745e/screenshot - {}
RESULT: {}
COMMAND: POST /session/00b8d6e8899bfbf6cc6d783774ce745e/window/fullscreen - {}
RESULT: {}
COMMAND: POST /session/00b8d6e8899bfbf6cc6d783774ce745e/execute/async - {"script":"<script> [189 bytes]","args":[]}
RESULT: {"script":"<script> [189 bytes]","args":[]}
COMMAND: POST /session/00b8d6e8899bfbf6cc6d783774ce745e/execute/async - {"script":"<script> [123 bytes]","args":[]}
RESULT: {"script":"<script> [123 bytes]","args":[]}
COMMAND: POST /session/00b8d6e8899bfbf6cc6d783774ce745e/timeouts - {"script":"<number>"}
RESULT: {"script":"<number>"}
COMMAND: GET /session/00b8d6e8899bfbf6cc6d783774ce745e/timeouts - {}
RESULT: {}
RESULT: undefined
COMMAND: POST /session/00b8d6e8899bfbf6cc6d783774ce745e/execute/async - {"script":"<script> [2676 bytes]","args":[]}
RESULT: {"script":"<script> [2676 bytes]","args":[]}
COMMAND: POST /session/00b8d6e8899bfbf6cc6d783774ce745e/execute/async - {"script":"<script> [2342 bytes]","args":[{"protocol":"http","hostname":"0.0.0.0","path":"/","capabilities":{"browserName":"chrome","goog:chromeOptions":{"binary":"C:\\Program Files\\Google\\Chrome\\Application\\chrome.exe","args":["--start-maximized"]}},"logLevel":"warn","connectionRetryTimeout":120000,"connectionRetryCount":3,"logLevels":{},"enableDirectConnect":true,"strictSSL":true,"_":"65 more keys: [\"cacheDir\",\"port\",\"requestedCapabilities\",\"automationProtocol\",\"baseUrl\",\"waitforInterval\",\"waitforTimeout\",\"onReload\",\"beforeCommand\",\"afterCommand\",\"rootDir\",\"specs\",\"suites\",\"exclude\",\"groupLogsByTestSpec\",\"excludeDriverLogs\",\"bail\",\"framework\",\"reporters\",\"services\",\"maxInstances\",\"maxInstancesPerCapability\",\"injectGlobals\",\"filesToWatch\",\"execArgv\",\"runnerEnv\",\"runner\",\"shard\",\"specFileRetries\",\"specFileRetriesDelay\",\"specFileRetriesDeferred\",\"reporterSyncInterval\",\"reporterSyncTimeout\",\"cucumberFeaturesWithLineNumbers\",\"autoCompileOpts\",\"mochaOpts\",\"jasmineOpts\",\"cucumberOpts\",\"onPrepare\",\"onWorkerStart\",\"onWorkerEnd\",\"before\",\"beforeSession\",\"beforeSuite\",\"beforeHook\",\"beforeTest\",\"afterTest\",\"afterHook\",\"afterSuite\",\"afterSession\",\"after\",\"onComplete\",\"beforeAssertion\",\"afterAssertion\",\"beforeFeature\",\"beforeScenario\",\"beforeStep\",\"afterStep\",\"afterScenario\",\"afterFeature\",\"_\",\"suite\",\"$0\",\"ignoredWorkerServices\",\"wdi5\"]"}]}
RESULT: {"script":"<script> [2342 bytes]","args":[{"protocol":"http","hostname":"0.0.0.0","path":"/","capabilities":{"browserName":"chrome","goog:chromeOptions":{"binary":"C:\\Program Files\\Google\\Chrome\\Application\\chrome.exe","args":["--start-maximized"]}},"logLevel":"warn","connectionRetryTimeout":120000,"connectionRetryCount":3,"logLevels":{},"enableDirectConnect":true,"strictSSL":true,"_":"65 more keys: [\"cacheDir\",\"port\",\"requestedCapabilities\",\"automationProtocol\",\"baseUrl\",\"waitforInterval\",\"waitforTimeout\",\"onReload\",\"beforeCommand\",\"afterCommand\",\"rootDir\",\"specs\",\"suites\",\"exclude\",\"groupLogsByTestSpec\",\"excludeDriverLogs\",\"bail\",\"framework\",\"reporters\",\"services\",\"maxInstances\",\"maxInstancesPerCapability\",\"injectGlobals\",\"filesToWatch\",\"execArgv\",\"runnerEnv\",\"runner\",\"shard\",\"specFileRetries\",\"specFileRetriesDelay\",\"specFileRetriesDeferred\",\"reporterSyncInterval\",\"reporterSyncTimeout\",\"cucumberFeaturesWithLineNumbers\",\"autoCompileOpts\",\"mochaOpts\",\"jasmineOpts\",\"cucumberOpts\",\"onPrepare\",\"onWorkerStart\",\"onWorkerEnd\",\"before\",\"beforeSession\",\"beforeSuite\",\"beforeHook\",\"beforeTest\",\"afterTest\",\"afterHook\",\"afterSuite\",\"afterSession\",\"after\",\"onComplete\",\"beforeAssertion\",\"afterAssertion\",\"beforeFeature\",\"beforeScenario\",\"beforeStep\",\"afterStep\",\"afterScenario\",\"afterFeature\",\"_\",\"suite\",\"$0\",\"ignoredWorkerServices\",\"wdi5\"]"}]}
COMMAND: POST /session/00b8d6e8899bfbf6cc6d783774ce745e/execute/async - {"script":"<script> [21126 bytes]","args":[35000]}
RESULT: {"script":"<script> [21126 bytes]","args":[35000]}
]]></system-out>
    </testcase>
  </testsuite>
  <testsuite timestamp="2025-05-16T17:22:03" time="402.96" tests="9" failures="6" errors="6" skipped="0">
    <properties>
      <property name="specId" value="0" />
      <property name="suiteName" value="US134625 Set up price condition - one time" />
      <property name="capabilities" value="chrome.136_0_7103_93.windows" />
      <property name="file" value="file:///D:/a/1/s/test/specs/BTS/set-up-price-condition-one-time.spec.js" />
    </properties>
    <testcase classname="chrome.136_0_7103_93.windows.US134625_Set_up_price_condition_-_one_time" name="Should create a new yard used for all following tests" time="0.015">
      <system-out><![CDATA[
COMMAND: POST /session/00b8d6e8899bfbf6cc6d783774ce745e/window/fullscreen - {}
RESULT: {}
]]></system-out>
    </testcase>
    <testcase classname="chrome.136_0_7103_93.windows.US134625_Set_up_price_condition_-_one_time" name="Should create a new partner" time="0.004" />
    <testcase classname="chrome.136_0_7103_93.windows.US134625_Set_up_price_condition_-_one_time" name="Should create a new site used for following tests" time="0.004" />
  </testsuite>
</testsuites>