<?xml version="1.0" encoding="UTF-8"?>
<testsuites tests="20" failures="2" errors="2" skipped="0">
  <testsuite timestamp="2025-05-15T17:29:24" time="80.608" tests="2" failures="0" errors="0" skipped="0">
    <properties>
      <property name="specId" value="0" />
      <property name="suiteName" value="Assign the user test user id to an address" />
      <property name="capabilities" value="chrome.136_0_7103_93.windows" />
      <property name="file" value="file:///D:/a/1/s/test/specs/R2C/assign-user-id-to-an-address.spec.js" />
    </properties>
    <testcase classname="chrome.136_0_7103_93.windows.Assign_the_user_test_user_id_to_an_address" name="Should search for test1ETM create only if not present" time="9.468">
      <system-out><![CDATA[
COMMAND: POST /session/eac9b0d7e8ced2053dbc37a41f3ce9ab/execute/async - {"script":"<script> [1562 bytes]","args":[{"selector":{"id":"application-addressmanagement-display-component---masterAdm--smartFilterBar-filterItemControl_BASIC-NAME-vhi"},"wdio_ui5_key":"applicationaddressmanagement-display-component---masterAdm--smartFilterBar-filterItemControl_BASIC-NAME-vhi"}]}
RESULT: {"script":"<script> [1562 bytes]","args":[{"selector":{"id":"application-addressmanagement-display-component---masterAdm--smartFilterBar-filterItemControl_BASIC-NAME-vhi"},"wdio_ui5_key":"applicationaddressmanagement-display-component---masterAdm--smartFilterBar-filterItemControl_BASIC-NAME-vhi"}]}
RESULT: undefined
COMMAND: POST /session/eac9b0d7e8ced2053dbc37a41f3ce9ab/element - {"using":"xpath","value":"//*[@id=\"application-addressmanagement-display-component---masterAdm--smartFilterBar-filterItemControl_BASIC-NAME-vhi\"]"}
RESULT: {"using":"xpath","value":"//*[@id=\"application-addressmanagement-display-component---masterAdm--smartFilterBar-filterItemControl_BASIC-NAME-vhi\"]"}
COMMAND: POST /session/eac9b0d7e8ced2053dbc37a41f3ce9ab/element/f.6F465290622CE65C200047306CC70E60.d.8FE5BA833BCF22BD4705F771C43499CD.e.305/click - {}
RESULT: {}
COMMAND: POST /session/eac9b0d7e8ced2053dbc37a41f3ce9ab/execute/async - {"script":"<script> [1562 bytes]","args":[{"selector":{"controlType":"sap.m.Input","viewName":"etm.portal.ui.addressmanagement.view.Master","viewId":"application-addressmanagement-display-component---masterAdm","properties":{"valueState":"None"},"searchOpenDialogs":true,"interaction":{"idSuffix":"inner"}},"wdio_ui5_key":"etmportal.ui.addressmanagement.view.Mastersap.m.Input{\"valueState\":\"None\"}"}]}
COMMAND: GET /session/eac9b0d7e8ced2053dbc37a41f3ce9ab/screenshot - {}
RESULT: {"script":"<script> [1562 bytes]","args":[{"selector":{"controlType":"sap.m.Input","viewName":"etm.portal.ui.addressmanagement.view.Master","viewId":"application-addressmanagement-display-component---masterAdm","properties":{"valueState":"None"},"searchOpenDialogs":true,"interaction":{"idSuffix":"inner"}},"wdio_ui5_key":"etmportal.ui.addressmanagement.view.Mastersap.m.Input{\"valueState\":\"None\"}"}]}
RESULT: undefined
COMMAND: POST /session/eac9b0d7e8ced2053dbc37a41f3ce9ab/execute/async - {"script":"<script> [776 bytes]","args":[{"enterText":"Test1ETM","selector":{"controlType":"sap.m.Input","viewName":"etm.portal.ui.addressmanagement.view.Master","viewId":"application-addressmanagement-display-component---masterAdm","properties":{"valueState":"None"},"searchOpenDialogs":true,"interaction":{"idSuffix":"inner"}},"clearTextFirst":true,"interactionType":"ENTER_TEXT"}]}
RESULT: {}
RESULT: {"script":"<script> [776 bytes]","args":[{"enterText":"Test1ETM","selector":{"controlType":"sap.m.Input","viewName":"etm.portal.ui.addressmanagement.view.Master","viewId":"application-addressmanagement-display-component---masterAdm","properties":{"valueState":"None"},"searchOpenDialogs":true,"interaction":{"idSuffix":"inner"}},"clearTextFirst":true,"interactionType":"ENTER_TEXT"}]}
COMMAND: POST /session/eac9b0d7e8ced2053dbc37a41f3ce9ab/actions - {"actions":[{"id":"action1","type":"key","parameters":{},"actions":[{"type":"keyDown","value":"î€‡"},{"type":"pause","duration":10},{"type":"keyUp","value":"î€‡"}]}]}
RESULT: {"actions":[{"id":"action1","type":"key","parameters":{},"actions":[{"type":"keyDown","value":"î€‡"},{"type":"pause","duration":10},{"type":"keyUp","value":"î€‡"}]}]}
COMMAND: POST /session/eac9b0d7e8ced2053dbc37a41f3ce9ab/execute/async - {"script":"<script> [1562 bytes]","args":[{"selector":{"id":"application-addressmanagement-display-component---masterAdm--smartFilterBar-filterItemControl_BASIC-NAME-valueHelpDialog-ok","searchOpenDialogs":true,"interaction":{"idSuffix":"BDI-content"}},"wdio_ui5_key":"applicationaddressmanagement-display-component---masterAdm--smartFilterBar-filterItemControl_BASIC-NAME-valueHelpDialog-ok"}]}
COMMAND: GET /session/eac9b0d7e8ced2053dbc37a41f3ce9ab/screenshot - {}
RESULT: {"script":"<script> [1562 bytes]","args":[{"selector":{"id":"application-addressmanagement-display-component---masterAdm--smartFilterBar-filterItemControl_BASIC-NAME-valueHelpDialog-ok","searchOpenDialogs":true,"interaction":{"idSuffix":"BDI-content"}},"wdio_ui5_key":"applicationaddressmanagement-display-component---masterAdm--smartFilterBar-filterItemControl_BASIC-NAME-valueHelpDialog-ok"}]}
RESULT: undefined
COMMAND: POST /session/eac9b0d7e8ced2053dbc37a41f3ce9ab/element - {"using":"xpath","value":"//*[@id=\"application-addressmanagement-display-component---masterAdm--smartFilterBar-filterItemControl_BASIC-NAME-valueHelpDialog-ok\"]"}
RESULT: {}
RESULT: {"using":"xpath","value":"//*[@id=\"application-addressmanagement-display-component---masterAdm--smartFilterBar-filterItemControl_BASIC-NAME-valueHelpDialog-ok\"]"}
COMMAND: POST /session/eac9b0d7e8ced2053dbc37a41f3ce9ab/element/f.6F465290622CE65C200047306CC70E60.d.8FE5BA833BCF22BD4705F771C43499CD.e.314/click - {}
RESULT: {}
COMMAND: GET /session/eac9b0d7e8ced2053dbc37a41f3ce9ab/screenshot - {}
RESULT: {}
COMMAND: POST /session/eac9b0d7e8ced2053dbc37a41f3ce9ab/element - {"using":"xpath","value":"(//span[text()=\"Active\"])[1]"}
RESULT: {"using":"xpath","value":"(//span[text()=\"Active\"])[1]"}
COMMAND: POST /session/eac9b0d7e8ced2053dbc37a41f3ce9ab/elements - {"using":"xpath","value":"(//span[text()=\"Active\"])[1]"}
RESULT: {"using":"xpath","value":"(//span[text()=\"Active\"])[1]"}
COMMAND: POST /session/eac9b0d7e8ced2053dbc37a41f3ce9ab/execute/sync - {"script":"<script> [8489 bytes]","args":[{"element-6066-11e4-a52e-4f735466cecf":"f.6F465290622CE65C200047306CC70E60.d.8FE5BA833BCF22BD4705F771C43499CD.e.333","ELEMENT":"f.6F465290622CE65C200047306CC70E60.d.8FE5BA833BCF22BD4705F771C43499CD.e.333"}]}
RESULT: {"script":"<script> [8489 bytes]","args":[{"element-6066-11e4-a52e-4f735466cecf":"f.6F465290622CE65C200047306CC70E60.d.8FE5BA833BCF22BD4705F771C43499CD.e.333","ELEMENT":"f.6F465290622CE65C200047306CC70E60.d.8FE5BA833BCF22BD4705F771C43499CD.e.333"}]}
COMMAND: POST /session/eac9b0d7e8ced2053dbc37a41f3ce9ab/execute/sync - {"script":"<script> [5351 bytes]","args":[{"element-6066-11e4-a52e-4f735466cecf":"f.6F465290622CE65C200047306CC70E60.d.8FE5BA833BCF22BD4705F771C43499CD.e.333","ELEMENT":"f.6F465290622CE65C200047306CC70E60.d.8FE5BA833BCF22BD4705F771C43499CD.e.333"}]}
COMMAND: GET /session/eac9b0d7e8ced2053dbc37a41f3ce9ab/screenshot - {}
RESULT: {"script":"<script> [5351 bytes]","args":[{"element-6066-11e4-a52e-4f735466cecf":"f.6F465290622CE65C200047306CC70E60.d.8FE5BA833BCF22BD4705F771C43499CD.e.333","ELEMENT":"f.6F465290622CE65C200047306CC70E60.d.8FE5BA833BCF22BD4705F771C43499CD.e.333"}]}
COMMAND: POST /session/eac9b0d7e8ced2053dbc37a41f3ce9ab/element/f.6F465290622CE65C200047306CC70E60.d.8FE5BA833BCF22BD4705F771C43499CD.e.333/click - {}
COMMAND: GET /session/eac9b0d7e8ced2053dbc37a41f3ce9ab/screenshot - {}
RESULT: {}
RESULT: {}
COMMAND: POST /session/eac9b0d7e8ced2053dbc37a41f3ce9ab/element - {"using":"xpath","value":"//span[@id=\"application-addressmanagement-display-component---detailAdm--addressDetailDetailsName1\"]"}
COMMAND: GET /session/eac9b0d7e8ced2053dbc37a41f3ce9ab/screenshot - {}
RESULT: {}
RESULT: {"using":"xpath","value":"//span[@id=\"application-addressmanagement-display-component---detailAdm--addressDetailDetailsName1\"]"}
COMMAND: POST /session/eac9b0d7e8ced2053dbc37a41f3ce9ab/execute/sync - {"script":"<script> [8489 bytes]","args":[{"element-6066-11e4-a52e-4f735466cecf":"f.6F465290622CE65C200047306CC70E60.d.8FE5BA833BCF22BD4705F771C43499CD.e.416","ELEMENT":"f.6F465290622CE65C200047306CC70E60.d.8FE5BA833BCF22BD4705F771C43499CD.e.416"}]}
RESULT: {}
RESULT: {"script":"<script> [8489 bytes]","args":[{"element-6066-11e4-a52e-4f735466cecf":"f.6F465290622CE65C200047306CC70E60.d.8FE5BA833BCF22BD4705F771C43499CD.e.416","ELEMENT":"f.6F465290622CE65C200047306CC70E60.d.8FE5BA833BCF22BD4705F771C43499CD.e.416"}]}
COMMAND: GET /session/eac9b0d7e8ced2053dbc37a41f3ce9ab/screenshot - {}
]]></system-out>
    </testcase>
    <testcase classname="chrome.136_0_7103_93.windows.Assign_the_user_test_user_id_to_an_address" name="Should edit the title of the created found address" time="15.021">
      <system-out><![CDATA[
COMMAND: POST /session/eac9b0d7e8ced2053dbc37a41f3ce9ab/execute/async - {"script":"<script> [1562 bytes]","args":[{"selector":{"controlType":"sap.m.Button","viewName":"etm.portal.ui.addressmanagement.view.Detail","viewId":"application-addressmanagement-display-component---detailAdm","i18NText":{"propertyName":"text","key":"edit"}},"wdio_ui5_key":"etmportal.ui.addressmanagement.view.Detailsap.m.Button{\"propertyName\":\"text\",\"key\":\"edit\"}"}]}
RESULT: {}
RESULT: {"script":"<script> [1562 bytes]","args":[{"selector":{"controlType":"sap.m.Button","viewName":"etm.portal.ui.addressmanagement.view.Detail","viewId":"application-addressmanagement-display-component---detailAdm","i18NText":{"propertyName":"text","key":"edit"}},"wdio_ui5_key":"etmportal.ui.addressmanagement.view.Detailsap.m.Button{\"propertyName\":\"text\",\"key\":\"edit\"}"}]}
RESULT: undefined
COMMAND: POST /session/eac9b0d7e8ced2053dbc37a41f3ce9ab/element - {"using":"xpath","value":"//*[@id=\"__button16\"]"}
RESULT: {"using":"xpath","value":"//*[@id=\"__button16\"]"}
COMMAND: POST /session/eac9b0d7e8ced2053dbc37a41f3ce9ab/element/f.6F465290622CE65C200047306CC70E60.d.8FE5BA833BCF22BD4705F771C43499CD.e.421/click - {}
RESULT: {}
COMMAND: POST /session/eac9b0d7e8ced2053dbc37a41f3ce9ab/execute/async - {"script":"<script> [1562 bytes]","args":[{"selector":{"controlType":"sap.ui.core.Icon","viewName":"etm.portal.ui.addressmanagement.view.EditDetail","properties":{"src":{"regex":{"source":"slim\\-arrow\\-down"}}},"ancestor":{"id":"addressTitle","viewName":"etm.portal.ui.addressmanagement.view.EditDetail"}},"wdio_ui5_key":"etmportal.ui.addressmanagement.view.EditDetailsap.ui.core.Icon{\"src\":{\"regex\":{\"source\":\"slim\\\\-arrow\\\\-down\"}}}{\"id\":\"addressTitle\",\"viewName\":\"etm.portal.ui.addressmanagement.view.EditDetail\"}"}]}
COMMAND: GET /session/eac9b0d7e8ced2053dbc37a41f3ce9ab/screenshot - {}
RESULT: {"script":"<script> [1562 bytes]","args":[{"selector":{"controlType":"sap.ui.core.Icon","viewName":"etm.portal.ui.addressmanagement.view.EditDetail","properties":{"src":{"regex":{"source":"slim\\-arrow\\-down"}}},"ancestor":{"id":"addressTitle","viewName":"etm.portal.ui.addressmanagement.view.EditDetail"}},"wdio_ui5_key":"etmportal.ui.addressmanagement.view.EditDetailsap.ui.core.Icon{\"src\":{\"regex\":{\"source\":\"slim\\\\-arrow\\\\-down\"}}}{\"id\":\"addressTitle\",\"viewName\":\"etm.portal.ui.addressmanagement.view.EditDetail\"}"}]}
RESULT: undefined
COMMAND: POST /session/eac9b0d7e8ced2053dbc37a41f3ce9ab/element - {"using":"xpath","value":"//*[@id=\"__xmlview58--addressTitle-arrow\"]"}
RESULT: {}
RESULT: {"using":"xpath","value":"//*[@id=\"__xmlview58--addressTitle-arrow\"]"}
COMMAND: POST /session/eac9b0d7e8ced2053dbc37a41f3ce9ab/element/f.6F465290622CE65C200047306CC70E60.d.8FE5BA833BCF22BD4705F771C43499CD.e.476/click - {}
RESULT: {}
COMMAND: POST /session/eac9b0d7e8ced2053dbc37a41f3ce9ab/execute/async - {"script":"<script> [1562 bytes]","args":[{"selector":{"controlType":"sap.m.StandardListItem","viewName":"etm.portal.ui.addressmanagement.view.EditDetail","properties":{"title":"Dr."},"searchOpenDialogs":true},"wdio_ui5_key":"etmportal.ui.addressmanagement.view.EditDetailsap.m.StandardListItem{\"title\":\"Dr.\"}"}]}
COMMAND: GET /session/eac9b0d7e8ced2053dbc37a41f3ce9ab/screenshot - {}
RESULT: {"script":"<script> [1562 bytes]","args":[{"selector":{"controlType":"sap.m.StandardListItem","viewName":"etm.portal.ui.addressmanagement.view.EditDetail","properties":{"title":"Dr."},"searchOpenDialogs":true},"wdio_ui5_key":"etmportal.ui.addressmanagement.view.EditDetailsap.m.StandardListItem{\"title\":\"Dr.\"}"}]}
RESULT: undefined
COMMAND: POST /session/eac9b0d7e8ced2053dbc37a41f3ce9ab/element - {"using":"xpath","value":"//*[@id=\"__item219\"]"}
RESULT: {}
RESULT: {"using":"xpath","value":"//*[@id=\"__item219\"]"}
COMMAND: POST /session/eac9b0d7e8ced2053dbc37a41f3ce9ab/element/f.6F465290622CE65C200047306CC70E60.d.8FE5BA833BCF22BD4705F771C43499CD.e.478/click - {}
RESULT: {}
COMMAND: POST /session/eac9b0d7e8ced2053dbc37a41f3ce9ab/execute/async - {"script":"<script> [1562 bytes]","args":[{"selector":{"controlType":"sap.m.Button","viewName":"etm.portal.ui.addressmanagement.view.EditDetail","i18NText":{"propertyName":"text","key":"save"}},"wdio_ui5_key":"etmportal.ui.addressmanagement.view.EditDetailsap.m.Button{\"propertyName\":\"text\",\"key\":\"save\"}"}]}
COMMAND: GET /session/eac9b0d7e8ced2053dbc37a41f3ce9ab/screenshot - {}
RESULT: {"script":"<script> [1562 bytes]","args":[{"selector":{"controlType":"sap.m.Button","viewName":"etm.portal.ui.addressmanagement.view.EditDetail","i18NText":{"propertyName":"text","key":"save"}},"wdio_ui5_key":"etmportal.ui.addressmanagement.view.EditDetailsap.m.Button{\"propertyName\":\"text\",\"key\":\"save\"}"}]}
RESULT: undefined
COMMAND: POST /session/eac9b0d7e8ced2053dbc37a41f3ce9ab/element - {"using":"xpath","value":"//*[@id=\"__button37\"]"}
RESULT: {}
RESULT: {"using":"xpath","value":"//*[@id=\"__button37\"]"}
COMMAND: POST /session/eac9b0d7e8ced2053dbc37a41f3ce9ab/element/f.6F465290622CE65C200047306CC70E60.d.8FE5BA833BCF22BD4705F771C43499CD.e.479/click - {}
RESULT: {}
COMMAND: GET /session/eac9b0d7e8ced2053dbc37a41f3ce9ab/screenshot - {}
RESULT: {}
COMMAND: POST /session/eac9b0d7e8ced2053dbc37a41f3ce9ab/element - {"using":"xpath","value":"//span[@id=\"application-addressmanagement-display-component---detailAdm--addressTitle\"]"}
RESULT: {"using":"xpath","value":"//span[@id=\"application-addressmanagement-display-component---detailAdm--addressTitle\"]"}
COMMAND: GET /session/eac9b0d7e8ced2053dbc37a41f3ce9ab/element/f.6F465290622CE65C200047306CC70E60.d.8FE5BA833BCF22BD4705F771C43499CD.e.490/text - {}
RESULT: {}
COMMAND: POST /session/eac9b0d7e8ced2053dbc37a41f3ce9ab/element - {"using":"xpath","value":"//span[@id=\"application-addressmanagement-display-component---detailAdm--addressDetailDetailsName1\"]"}
RESULT: {"using":"xpath","value":"//span[@id=\"application-addressmanagement-display-component---detailAdm--addressDetailDetailsName1\"]"}
COMMAND: GET /session/eac9b0d7e8ced2053dbc37a41f3ce9ab/element/f.6F465290622CE65C200047306CC70E60.d.8FE5BA833BCF22BD4705F771C43499CD.e.416/text - {}
RESULT: {}
COMMAND: POST /session/eac9b0d7e8ced2053dbc37a41f3ce9ab/refresh - {}
RESULT: {}
COMMAND: GET /session/eac9b0d7e8ced2053dbc37a41f3ce9ab/screenshot - {}
RESULT: {}
COMMAND: POST /session/eac9b0d7e8ced2053dbc37a41f3ce9ab/refresh - {}
RESULT: {}
COMMAND: GET /session/eac9b0d7e8ced2053dbc37a41f3ce9ab/screenshot - {}
RESULT: {}
COMMAND: POST /session/eac9b0d7e8ced2053dbc37a41f3ce9ab/window/fullscreen - {}
RESULT: {}
COMMAND: POST /session/eac9b0d7e8ced2053dbc37a41f3ce9ab/execute/async - {"script":"<script> [189 bytes]","args":[]}
RESULT: {"script":"<script> [189 bytes]","args":[]}
COMMAND: POST /session/eac9b0d7e8ced2053dbc37a41f3ce9ab/execute/async - {"script":"<script> [123 bytes]","args":[]}
RESULT: {"script":"<script> [123 bytes]","args":[]}
COMMAND: POST /session/eac9b0d7e8ced2053dbc37a41f3ce9ab/timeouts - {"script":"<number>"}
RESULT: {"script":"<number>"}
COMMAND: GET /session/eac9b0d7e8ced2053dbc37a41f3ce9ab/timeouts - {}
RESULT: {}
RESULT: undefined
COMMAND: POST /session/eac9b0d7e8ced2053dbc37a41f3ce9ab/execute/async - {"script":"<script> [2676 bytes]","args":[]}
RESULT: {"script":"<script> [2676 bytes]","args":[]}
COMMAND: POST /session/eac9b0d7e8ced2053dbc37a41f3ce9ab/execute/async - {"script":"<script> [2342 bytes]","args":[{"protocol":"http","hostname":"0.0.0.0","path":"/","capabilities":{"browserName":"chrome","goog:chromeOptions":{"binary":"C:\\Program Files\\Google\\Chrome\\Application\\chrome.exe","args":["--start-maximized"]}},"logLevel":"warn","connectionRetryTimeout":120000,"connectionRetryCount":3,"logLevels":{},"enableDirectConnect":true,"strictSSL":true,"_":"65 more keys: [\"cacheDir\",\"port\",\"requestedCapabilities\",\"automationProtocol\",\"baseUrl\",\"waitforInterval\",\"waitforTimeout\",\"onReload\",\"beforeCommand\",\"afterCommand\",\"rootDir\",\"specs\",\"suites\",\"exclude\",\"groupLogsByTestSpec\",\"excludeDriverLogs\",\"bail\",\"framework\",\"reporters\",\"services\",\"maxInstances\",\"maxInstancesPerCapability\",\"injectGlobals\",\"filesToWatch\",\"execArgv\",\"runnerEnv\",\"runner\",\"shard\",\"specFileRetries\",\"specFileRetriesDelay\",\"specFileRetriesDeferred\",\"reporterSyncInterval\",\"reporterSyncTimeout\",\"cucumberFeaturesWithLineNumbers\",\"autoCompileOpts\",\"mochaOpts\",\"jasmineOpts\",\"cucumberOpts\",\"onPrepare\",\"onWorkerStart\",\"onWorkerEnd\",\"before\",\"beforeSession\",\"beforeSuite\",\"beforeHook\",\"beforeTest\",\"afterTest\",\"afterHook\",\"afterSuite\",\"afterSession\",\"after\",\"onComplete\",\"beforeAssertion\",\"afterAssertion\",\"beforeFeature\",\"beforeScenario\",\"beforeStep\",\"afterStep\",\"afterScenario\",\"afterFeature\",\"_\",\"suite\",\"$0\",\"ignoredWorkerServices\",\"wdi5\"]"}]}
RESULT: {"script":"<script> [2342 bytes]","args":[{"protocol":"http","hostname":"0.0.0.0","path":"/","capabilities":{"browserName":"chrome","goog:chromeOptions":{"binary":"C:\\Program Files\\Google\\Chrome\\Application\\chrome.exe","args":["--start-maximized"]}},"logLevel":"warn","connectionRetryTimeout":120000,"connectionRetryCount":3,"logLevels":{},"enableDirectConnect":true,"strictSSL":true,"_":"65 more keys: [\"cacheDir\",\"port\",\"requestedCapabilities\",\"automationProtocol\",\"baseUrl\",\"waitforInterval\",\"waitforTimeout\",\"onReload\",\"beforeCommand\",\"afterCommand\",\"rootDir\",\"specs\",\"suites\",\"exclude\",\"groupLogsByTestSpec\",\"excludeDriverLogs\",\"bail\",\"framework\",\"reporters\",\"services\",\"maxInstances\",\"maxInstancesPerCapability\",\"injectGlobals\",\"filesToWatch\",\"execArgv\",\"runnerEnv\",\"runner\",\"shard\",\"specFileRetries\",\"specFileRetriesDelay\",\"specFileRetriesDeferred\",\"reporterSyncInterval\",\"reporterSyncTimeout\",\"cucumberFeaturesWithLineNumbers\",\"autoCompileOpts\",\"mochaOpts\",\"jasmineOpts\",\"cucumberOpts\",\"onPrepare\",\"onWorkerStart\",\"onWorkerEnd\",\"before\",\"beforeSession\",\"beforeSuite\",\"beforeHook\",\"beforeTest\",\"afterTest\",\"afterHook\",\"afterSuite\",\"afterSession\",\"after\",\"onComplete\",\"beforeAssertion\",\"afterAssertion\",\"beforeFeature\",\"beforeScenario\",\"beforeStep\",\"afterStep\",\"afterScenario\",\"afterFeature\",\"_\",\"suite\",\"$0\",\"ignoredWorkerServices\",\"wdi5\"]"}]}
COMMAND: POST /session/eac9b0d7e8ced2053dbc37a41f3ce9ab/execute/async - {"script":"<script> [21126 bytes]","args":[35000]}
RESULT: {"script":"<script> [21126 bytes]","args":[35000]}
COMMAND: POST /session/eac9b0d7e8ced2053dbc37a41f3ce9ab/element - {"using":"css selector","value":"#shell-header-logo"}
RESULT: {"using":"css selector","value":"#shell-header-logo"}
COMMAND: POST /session/eac9b0d7e8ced2053dbc37a41f3ce9ab/element/f.6F465290622CE65C200047306CC70E60.d.74CB91E56DC3BBA2EE519BFB2B99DE71.e.507/click - {}
RESULT: {}
COMMAND: GET /session/eac9b0d7e8ced2053dbc37a41f3ce9ab/screenshot - {}
RESULT: {}
COMMAND: POST /session/eac9b0d7e8ced2053dbc37a41f3ce9ab/execute/async - {"script":"<script> [1562 bytes]","args":[{"selector":{"controlType":"sap.m.GenericTile","properties":{"header":"Manage Yards"}},"wdio_ui5_key":"sapm.GenericTile{\"header\":\"Manage Yards\"}"}]}
RESULT: {"script":"<script> [1562 bytes]","args":[{"selector":{"controlType":"sap.m.GenericTile","properties":{"header":"Manage Yards"}},"wdio_ui5_key":"sapm.GenericTile{\"header\":\"Manage Yards\"}"}]}
RESULT: undefined
COMMAND: POST /session/eac9b0d7e8ced2053dbc37a41f3ce9ab/element - {"using":"xpath","value":"//*[@id=\"__tile52\"]"}
RESULT: {"using":"xpath","value":"//*[@id=\"__tile52\"]"}
COMMAND: POST /session/eac9b0d7e8ced2053dbc37a41f3ce9ab/element/f.6F465290622CE65C200047306CC70E60.d.74CB91E56DC3BBA2EE519BFB2B99DE71.e.809/click - {}
RESULT: {}
COMMAND: GET /session/eac9b0d7e8ced2053dbc37a41f3ce9ab/screenshot - {}
RESULT: {}
COMMAND: POST /session/eac9b0d7e8ced2053dbc37a41f3ce9ab/elements - {"using":"xpath","value":"//span[text()='Error']"}
RESULT: {"using":"xpath","value":"//span[text()='Error']"}
]]></system-out>
    </testcase>
  </testsuite>
  <testsuite timestamp="2025-05-15T17:30:45" time="272.644" tests="2" failures="0" errors="0" skipped="0">
    <properties>
      <property name="specId" value="0" />
      <property name="suiteName" value="Create 2 Yards US112496" />
      <property name="capabilities" value="chrome.136_0_7103_93.windows" />
      <property name="file" value="file:///D:/a/1/s/test/specs/R2C/create-yard.spec.js" />
    </properties>
    <testcase classname="chrome.136_0_7103_93.windows.Create_2_Yards_US112496" name="Should create a new simple yard" time="121.703">
      <system-out><![CDATA[
COMMAND: POST /session/eac9b0d7e8ced2053dbc37a41f3ce9ab/execute/async - {"script":"<script> [1562 bytes]","args":[{"selector":{"controlType":"sap.ui.core.Icon","viewName":"etm.portal.ui.manageyards.view.Master","viewId":"application-manageyards-display-component---masterYard","properties":{"src":{"regex":{"source":"add"}}}},"wdio_ui5_key":"etmportal.ui.manageyards.view.Mastersap.ui.core.Icon{\"src\":{\"regex\":{\"source\":\"add\"}}}"}]}
RESULT: {"script":"<script> [1562 bytes]","args":[{"selector":{"controlType":"sap.ui.core.Icon","viewName":"etm.portal.ui.manageyards.view.Master","viewId":"application-manageyards-display-component---masterYard","properties":{"src":{"regex":{"source":"add"}}}},"wdio_ui5_key":"etmportal.ui.manageyards.view.Mastersap.ui.core.Icon{\"src\":{\"regex\":{\"source\":\"add\"}}}"}]}
RESULT: undefined
COMMAND: POST /session/eac9b0d7e8ced2053dbc37a41f3ce9ab/element - {"using":"xpath","value":"//*[@id=\"__button23-img\"]"}
RESULT: {"using":"xpath","value":"//*[@id=\"__button23-img\"]"}
COMMAND: POST /session/eac9b0d7e8ced2053dbc37a41f3ce9ab/element/f.6F465290622CE65C200047306CC70E60.d.74CB91E56DC3BBA2EE519BFB2B99DE71.e.854/click - {}
RESULT: {}
COMMAND: GET /session/eac9b0d7e8ced2053dbc37a41f3ce9ab/screenshot - {}
RESULT: {}
COMMAND: POST /session/eac9b0d7e8ced2053dbc37a41f3ce9ab/execute/async - {"script":"<script> [1562 bytes]","args":[{"selector":{"id":"application-manageyards-display-component---NewYard--yardId","interaction":{"idSuffix":"inner"}},"wdio_ui5_key":"applicationmanageyards-display-component---NewYard--yardId"}]}
RESULT: {"script":"<script> [1562 bytes]","args":[{"selector":{"id":"application-manageyards-display-component---NewYard--yardId","interaction":{"idSuffix":"inner"}},"wdio_ui5_key":"applicationmanageyards-display-component---NewYard--yardId"}]}
RESULT: undefined
COMMAND: POST /session/eac9b0d7e8ced2053dbc37a41f3ce9ab/element - {"using":"xpath","value":"//*[@id=\"application-manageyards-display-component---NewYard--addressDetailDetailsName1-inner\"]"}
RESULT: {"using":"xpath","value":"//*[@id=\"application-manageyards-display-component---NewYard--addressDetailDetailsName1-inner\"]"}
COMMAND: POST /session/eac9b0d7e8ced2053dbc37a41f3ce9ab/element/f.6F465290622CE65C200047306CC70E60.d.74CB91E56DC3BBA2EE519BFB2B99DE71.e.1025/clear - {}
RESULT: {}
COMMAND: POST /session/eac9b0d7e8ced2053dbc37a41f3ce9ab/element/f.6F465290622CE65C200047306CC70E60.d.74CB91E56DC3BBA2EE519BFB2B99DE71.e.1025/value - {"text":"Webdriver Yard rzvy7"}
COMMAND: GET /session/eac9b0d7e8ced2053dbc37a41f3ce9ab/screenshot - {}
RESULT: {"text":"Webdriver Yard rzvy7"}
COMMAND: POST /session/eac9b0d7e8ced2053dbc37a41f3ce9ab/element - {"using":"xpath","value":"//*[@id=\"application-manageyards-display-component---NewYard--addressDetailDetailsLanguage-inner\"]"}
COMMAND: GET /session/eac9b0d7e8ced2053dbc37a41f3ce9ab/screenshot - {}
RESULT: {}
RESULT: {"using":"xpath","value":"//*[@id=\"application-manageyards-display-component---NewYard--addressDetailDetailsLanguage-inner\"]"}
COMMAND: POST /session/eac9b0d7e8ced2053dbc37a41f3ce9ab/element/f.6F465290622CE65C200047306CC70E60.d.74CB91E56DC3BBA2EE519BFB2B99DE71.e.1026/clear - {}
RESULT: {}
RESULT: {}
COMMAND: POST /session/eac9b0d7e8ced2053dbc37a41f3ce9ab/element/f.6F465290622CE65C200047306CC70E60.d.74CB91E56DC3BBA2EE519BFB2B99DE71.e.1026/value - {"text":"Romanian"}
COMMAND: GET /session/eac9b0d7e8ced2053dbc37a41f3ce9ab/screenshot - {}
RESULT: {"text":"Romanian"}
COMMAND: GET /session/eac9b0d7e8ced2053dbc37a41f3ce9ab/screenshot - {}
RESULT: {}
RESULT: {}
COMMAND: POST /session/eac9b0d7e8ced2053dbc37a41f3ce9ab/element - {"using":"xpath","value":"//*[@id=\"application-manageyards-display-component---NewYard--addressDetailDetailsCity1-inner\"]"}
RESULT: {"using":"xpath","value":"//*[@id=\"application-manageyards-display-component---NewYard--addressDetailDetailsCity1-inner\"]"}
COMMAND: POST /session/eac9b0d7e8ced2053dbc37a41f3ce9ab/element/f.6F465290622CE65C200047306CC70E60.d.74CB91E56DC3BBA2EE519BFB2B99DE71.e.1028/clear - {}
RESULT: {}
COMMAND: POST /session/eac9b0d7e8ced2053dbc37a41f3ce9ab/element/f.6F465290622CE65C200047306CC70E60.d.74CB91E56DC3BBA2EE519BFB2B99DE71.e.1028/value - {"text":"Bucuresti"}
COMMAND: GET /session/eac9b0d7e8ced2053dbc37a41f3ce9ab/screenshot - {}
RESULT: {"text":"Bucuresti"}
COMMAND: GET /session/eac9b0d7e8ced2053dbc37a41f3ce9ab/screenshot - {}
RESULT: {}
RESULT: {}
COMMAND: POST /session/eac9b0d7e8ced2053dbc37a41f3ce9ab/element - {"using":"xpath","value":"//*[@id=\"application-manageyards-display-component---NewYard--addressDetailDetailsCountry-inner\"]"}
RESULT: {"using":"xpath","value":"//*[@id=\"application-manageyards-display-component---NewYard--addressDetailDetailsCountry-inner\"]"}
COMMAND: POST /session/eac9b0d7e8ced2053dbc37a41f3ce9ab/element/f.6F465290622CE65C200047306CC70E60.d.74CB91E56DC3BBA2EE519BFB2B99DE71.e.1032/clear - {}
RESULT: {}
COMMAND: POST /session/eac9b0d7e8ced2053dbc37a41f3ce9ab/element/f.6F465290622CE65C200047306CC70E60.d.74CB91E56DC3BBA2EE519BFB2B99DE71.e.1032/value - {"text":"Romania"}
COMMAND: GET /session/eac9b0d7e8ced2053dbc37a41f3ce9ab/screenshot - {}
RESULT: {"text":"Romania"}
COMMAND: GET /session/eac9b0d7e8ced2053dbc37a41f3ce9ab/screenshot - {}
RESULT: {}
RESULT: {}
COMMAND: POST /session/eac9b0d7e8ced2053dbc37a41f3ce9ab/element - {"using":"xpath","value":"//div[contains(text(), \"Commercial\")]"}
RESULT: {"using":"xpath","value":"//div[contains(text(), \"Commercial\")]"}
COMMAND: GET /session/eac9b0d7e8ced2053dbc37a41f3ce9ab/element/f.6F465290622CE65C200047306CC70E60.d.74CB91E56DC3BBA2EE519BFB2B99DE71.e.1289/rect - {}
RESULT: {}
COMMAND: GET /session/eac9b0d7e8ced2053dbc37a41f3ce9ab/window/rect - {}
RESULT: {}
COMMAND: POST /session/eac9b0d7e8ced2053dbc37a41f3ce9ab/execute/sync - {"script":"<script> [92 bytes]","args":[]}
RESULT: {"script":"<script> [92 bytes]","args":[]}
COMMAND: POST /session/eac9b0d7e8ced2053dbc37a41f3ce9ab/actions - {"actions":[{"id":"action2","type":"wheel","parameters":{},"actions":[{"type":"scroll","x":-1825,"y":-44,"deltaX":0,"deltaY":0,"duration":0,"origin":{"element-6066-11e4-a52e-4f735466cecf":"f.6F465290622CE65C200047306CC70E60.d.74CB91E56DC3BBA2EE519BFB2B99DE71.e.1289"}}]}]}
COMMAND: GET /session/eac9b0d7e8ced2053dbc37a41f3ce9ab/screenshot - {}
RESULT: {}
COMMAND: POST /session/eac9b0d7e8ced2053dbc37a41f3ce9ab/execute/sync - {"script":"<script> [79 bytes]","args":[{"element-6066-11e4-a52e-4f735466cecf":"f.6F465290622CE65C200047306CC70E60.d.74CB91E56DC3BBA2EE519BFB2B99DE71.e.1289","ELEMENT":"f.6F465290622CE65C200047306CC70E60.d.74CB91E56DC3BBA2EE519BFB2B99DE71.e.1289"},{"block":"start","inline":"nearest"}]}
RESULT: {"script":"<script> [79 bytes]","args":[{"element-6066-11e4-a52e-4f735466cecf":"f.6F465290622CE65C200047306CC70E60.d.74CB91E56DC3BBA2EE519BFB2B99DE71.e.1289","ELEMENT":"f.6F465290622CE65C200047306CC70E60.d.74CB91E56DC3BBA2EE519BFB2B99DE71.e.1289"},{"block":"start","inline":"nearest"}]}
COMMAND: GET /session/eac9b0d7e8ced2053dbc37a41f3ce9ab/screenshot - {}
RESULT: {}
COMMAND: POST /session/eac9b0d7e8ced2053dbc37a41f3ce9ab/element - {"using":"xpath","value":"//input[@id='application-manageyards-display-component---NewYard--addressEditDetailsCostObjectCstType-inner']"}
RESULT: {"using":"xpath","value":"//input[@id='application-manageyards-display-component---NewYard--addressEditDetailsCostObjectCstType-inner']"}
COMMAND: POST /session/eac9b0d7e8ced2053dbc37a41f3ce9ab/execute/sync - {"script":"<script> [8489 bytes]","args":[{"element-6066-11e4-a52e-4f735466cecf":"f.6F465290622CE65C200047306CC70E60.d.74CB91E56DC3BBA2EE519BFB2B99DE71.e.1038","ELEMENT":"f.6F465290622CE65C200047306CC70E60.d.74CB91E56DC3BBA2EE519BFB2B99DE71.e.1038"}]}
RESULT: {"script":"<script> [8489 bytes]","args":[{"element-6066-11e4-a52e-4f735466cecf":"f.6F465290622CE65C200047306CC70E60.d.74CB91E56DC3BBA2EE519BFB2B99DE71.e.1038","ELEMENT":"f.6F465290622CE65C200047306CC70E60.d.74CB91E56DC3BBA2EE519BFB2B99DE71.e.1038"}]}
COMMAND: POST /session/eac9b0d7e8ced2053dbc37a41f3ce9ab/element/f.6F465290622CE65C200047306CC70E60.d.74CB91E56DC3BBA2EE519BFB2B99DE71.e.1038/clear - {}
COMMAND: GET /session/eac9b0d7e8ced2053dbc37a41f3ce9ab/screenshot - {}
RESULT: {}
COMMAND: POST /session/eac9b0d7e8ced2053dbc37a41f3ce9ab/element/f.6F465290622CE65C200047306CC70E60.d.74CB91E56DC3BBA2EE519BFB2B99DE71.e.1038/value - {"text":"Cost"}
COMMAND: GET /session/eac9b0d7e8ced2053dbc37a41f3ce9ab/screenshot - {}
RESULT: {}
RESULT: {"text":"Cost"}
COMMAND: GET /session/eac9b0d7e8ced2053dbc37a41f3ce9ab/screenshot - {}
RESULT: {}
RESULT: {}
COMMAND: POST /session/eac9b0d7e8ced2053dbc37a41f3ce9ab/execute/async - {"script":"<script> [1562 bytes]","args":[{"selector":{"id":"application-manageyards-display-component---NewYard--addressNewCostObjectCstID","interaction":{"idSuffix":"inner"}},"wdio_ui5_key":"applicationmanageyards-display-component---NewYard--addressNewCostObjectCstID"}]}
RESULT: {"script":"<script> [1562 bytes]","args":[{"selector":{"id":"application-manageyards-display-component---NewYard--addressNewCostObjectCstID","interaction":{"idSuffix":"inner"}},"wdio_ui5_key":"applicationmanageyards-display-component---NewYard--addressNewCostObjectCstID"}]}
RESULT: undefined
COMMAND: POST /session/eac9b0d7e8ced2053dbc37a41f3ce9ab/execute/async - {"script":"<script> [776 bytes]","args":[{"enterText":"10001013","selector":{"id":"application-manageyards-display-component---NewYard--addressNewCostObjectCstID","interaction":{"idSuffix":"inner"}},"clearTextFirst":true,"interactionType":"ENTER_TEXT"}]}
RESULT: {"script":"<script> [776 bytes]","args":[{"enterText":"10001013","selector":{"id":"application-manageyards-display-component---NewYard--addressNewCostObjectCstID","interaction":{"idSuffix":"inner"}},"clearTextFirst":true,"interactionType":"ENTER_TEXT"}]}
COMMAND: POST /session/eac9b0d7e8ced2053dbc37a41f3ce9ab/actions - {"actions":[{"id":"action3","type":"key","parameters":{},"actions":[{"type":"keyDown","value":"î€‡"},{"type":"pause","duration":10},{"type":"keyUp","value":"î€‡"}]}]}
RESULT: {"actions":[{"id":"action3","type":"key","parameters":{},"actions":[{"type":"keyDown","value":"î€‡"},{"type":"pause","duration":10},{"type":"keyUp","value":"î€‡"}]}]}
COMMAND: GET /session/eac9b0d7e8ced2053dbc37a41f3ce9ab/screenshot - {}
RESULT: {}
COMMAND: POST /session/eac9b0d7e8ced2053dbc37a41f3ce9ab/execute/async - {"script":"<script> [1562 bytes]","args":[{"selector":{"controlType":"sap.m.Button","viewName":"etm.portal.ui.manageyards.view.New","viewId":"application-manageyards-display-component---NewYard","i18NText":{"propertyName":"text","key":"save"},"interaction":{"idSuffix":"inner"}},"wdio_ui5_key":"etmportal.ui.manageyards.view.Newsap.m.Button{\"propertyName\":\"text\",\"key\":\"save\"}"}]}
RESULT: {"script":"<script> [1562 bytes]","args":[{"selector":{"controlType":"sap.m.Button","viewName":"etm.portal.ui.manageyards.view.New","viewId":"application-manageyards-display-component---NewYard","i18NText":{"propertyName":"text","key":"save"},"interaction":{"idSuffix":"inner"}},"wdio_ui5_key":"etmportal.ui.manageyards.view.Newsap.m.Button{\"propertyName\":\"text\",\"key\":\"save\"}"}]}
RESULT: undefined
COMMAND: POST /session/eac9b0d7e8ced2053dbc37a41f3ce9ab/element - {"using":"xpath","value":"//*[@id=\"__button37\"]"}
RESULT: {"using":"xpath","value":"//*[@id=\"__button37\"]"}
COMMAND: POST /session/eac9b0d7e8ced2053dbc37a41f3ce9ab/element/f.6F465290622CE65C200047306CC70E60.d.74CB91E56DC3BBA2EE519BFB2B99DE71.e.1222/click - {}
RESULT: {}
COMMAND: GET /session/eac9b0d7e8ced2053dbc37a41f3ce9ab/screenshot - {}
RESULT: {}
COMMAND: POST /session/eac9b0d7e8ced2053dbc37a41f3ce9ab/element - {"using":"xpath","value":"//header/div/div/div/div/div/div[2]/div/span"}
RESULT: {"using":"xpath","value":"//header/div/div/div/div/div/div[2]/div/span"}
COMMAND: GET /session/eac9b0d7e8ced2053dbc37a41f3ce9ab/element/f.6F465290622CE65C200047306CC70E60.d.74CB91E56DC3BBA2EE519BFB2B99DE71.e.1511/text - {}
RESULT: {}
COMMAND: POST /session/eac9b0d7e8ced2053dbc37a41f3ce9ab/element - {"using":"xpath","value":"//header/div/div[2]/div[2]/span"}
RESULT: {"using":"xpath","value":"//header/div/div[2]/div[2]/span"}
COMMAND: GET /session/eac9b0d7e8ced2053dbc37a41f3ce9ab/element/f.6F465290622CE65C200047306CC70E60.d.74CB91E56DC3BBA2EE519BFB2B99DE71.e.1512/text - {}
RESULT: {}
COMMAND: POST /session/eac9b0d7e8ced2053dbc37a41f3ce9ab/execute/async - {"script":"<script> [1562 bytes]","args":[{"selector":{"controlType":"sap.m.OverflowToolbarButton","viewName":"etm.portal.ui.manageyards.view.Detail","viewId":"application-manageyards-display-component---detailYard","i18NText":{"propertyName":"tooltip","key":"closeColumn"},"interaction":{"idSuffix":"inner"}},"wdio_ui5_key":"etmportal.ui.manageyards.view.Detailsap.m.OverflowToolbarButton{\"propertyName\":\"tooltip\",\"key\":\"closeColumn\"}"}]}
RESULT: {"script":"<script> [1562 bytes]","args":[{"selector":{"controlType":"sap.m.OverflowToolbarButton","viewName":"etm.portal.ui.manageyards.view.Detail","viewId":"application-manageyards-display-component---detailYard","i18NText":{"propertyName":"tooltip","key":"closeColumn"},"interaction":{"idSuffix":"inner"}},"wdio_ui5_key":"etmportal.ui.manageyards.view.Detailsap.m.OverflowToolbarButton{\"propertyName\":\"tooltip\",\"key\":\"closeColumn\"}"}]}
RESULT: undefined
COMMAND: POST /session/eac9b0d7e8ced2053dbc37a41f3ce9ab/element - {"using":"xpath","value":"//*[@id=\"__button58\"]"}
RESULT: {"using":"xpath","value":"//*[@id=\"__button58\"]"}
COMMAND: POST /session/eac9b0d7e8ced2053dbc37a41f3ce9ab/element/f.6F465290622CE65C200047306CC70E60.d.74CB91E56DC3BBA2EE519BFB2B99DE71.e.1514/click - {}
RESULT: {}
COMMAND: POST /session/eac9b0d7e8ced2053dbc37a41f3ce9ab/refresh - {}
COMMAND: GET /session/eac9b0d7e8ced2053dbc37a41f3ce9ab/screenshot - {}
RESULT: {}
COMMAND: GET /session/eac9b0d7e8ced2053dbc37a41f3ce9ab/screenshot - {}
RESULT: {}
RESULT: {}
COMMAND: POST /session/eac9b0d7e8ced2053dbc37a41f3ce9ab/refresh - {}
RESULT: {}
COMMAND: GET /session/eac9b0d7e8ced2053dbc37a41f3ce9ab/screenshot - {}
RESULT: {}
COMMAND: POST /session/eac9b0d7e8ced2053dbc37a41f3ce9ab/window/fullscreen - {}
RESULT: {}
COMMAND: POST /session/eac9b0d7e8ced2053dbc37a41f3ce9ab/execute/async - {"script":"<script> [189 bytes]","args":[]}
RESULT: {"script":"<script> [189 bytes]","args":[]}
COMMAND: POST /session/eac9b0d7e8ced2053dbc37a41f3ce9ab/execute/async - {"script":"<script> [123 bytes]","args":[]}
RESULT: {"script":"<script> [123 bytes]","args":[]}
COMMAND: POST /session/eac9b0d7e8ced2053dbc37a41f3ce9ab/timeouts - {"script":"<number>"}
RESULT: {"script":"<number>"}
COMMAND: GET /session/eac9b0d7e8ced2053dbc37a41f3ce9ab/timeouts - {}
RESULT: {}
RESULT: undefined
COMMAND: POST /session/eac9b0d7e8ced2053dbc37a41f3ce9ab/execute/async - {"script":"<script> [2676 bytes]","args":[]}
RESULT: {"script":"<script> [2676 bytes]","args":[]}
COMMAND: POST /session/eac9b0d7e8ced2053dbc37a41f3ce9ab/execute/async - {"script":"<script> [2342 bytes]","args":[{"protocol":"http","hostname":"0.0.0.0","path":"/","capabilities":{"browserName":"chrome","goog:chromeOptions":{"binary":"C:\\Program Files\\Google\\Chrome\\Application\\chrome.exe","args":["--start-maximized"]}},"logLevel":"warn","connectionRetryTimeout":120000,"connectionRetryCount":3,"logLevels":{},"enableDirectConnect":true,"strictSSL":true,"_":"65 more keys: [\"cacheDir\",\"port\",\"requestedCapabilities\",\"automationProtocol\",\"baseUrl\",\"waitforInterval\",\"waitforTimeout\",\"onReload\",\"beforeCommand\",\"afterCommand\",\"rootDir\",\"specs\",\"suites\",\"exclude\",\"groupLogsByTestSpec\",\"excludeDriverLogs\",\"bail\",\"framework\",\"reporters\",\"services\",\"maxInstances\",\"maxInstancesPerCapability\",\"injectGlobals\",\"filesToWatch\",\"execArgv\",\"runnerEnv\",\"runner\",\"shard\",\"specFileRetries\",\"specFileRetriesDelay\",\"specFileRetriesDeferred\",\"reporterSyncInterval\",\"reporterSyncTimeout\",\"cucumberFeaturesWithLineNumbers\",\"autoCompileOpts\",\"mochaOpts\",\"jasmineOpts\",\"cucumberOpts\",\"onPrepare\",\"onWorkerStart\",\"onWorkerEnd\",\"before\",\"beforeSession\",\"beforeSuite\",\"beforeHook\",\"beforeTest\",\"afterTest\",\"afterHook\",\"afterSuite\",\"afterSession\",\"after\",\"onComplete\",\"beforeAssertion\",\"afterAssertion\",\"beforeFeature\",\"beforeScenario\",\"beforeStep\",\"afterStep\",\"afterScenario\",\"afterFeature\",\"_\",\"suite\",\"$0\",\"ignoredWorkerServices\",\"wdi5\"]"}]}
RESULT: {"script":"<script> [2342 bytes]","args":[{"protocol":"http","hostname":"0.0.0.0","path":"/","capabilities":{"browserName":"chrome","goog:chromeOptions":{"binary":"C:\\Program Files\\Google\\Chrome\\Application\\chrome.exe","args":["--start-maximized"]}},"logLevel":"warn","connectionRetryTimeout":120000,"connectionRetryCount":3,"logLevels":{},"enableDirectConnect":true,"strictSSL":true,"_":"65 more keys: [\"cacheDir\",\"port\",\"requestedCapabilities\",\"automationProtocol\",\"baseUrl\",\"waitforInterval\",\"waitforTimeout\",\"onReload\",\"beforeCommand\",\"afterCommand\",\"rootDir\",\"specs\",\"suites\",\"exclude\",\"groupLogsByTestSpec\",\"excludeDriverLogs\",\"bail\",\"framework\",\"reporters\",\"services\",\"maxInstances\",\"maxInstancesPerCapability\",\"injectGlobals\",\"filesToWatch\",\"execArgv\",\"runnerEnv\",\"runner\",\"shard\",\"specFileRetries\",\"specFileRetriesDelay\",\"specFileRetriesDeferred\",\"reporterSyncInterval\",\"reporterSyncTimeout\",\"cucumberFeaturesWithLineNumbers\",\"autoCompileOpts\",\"mochaOpts\",\"jasmineOpts\",\"cucumberOpts\",\"onPrepare\",\"onWorkerStart\",\"onWorkerEnd\",\"before\",\"beforeSession\",\"beforeSuite\",\"beforeHook\",\"beforeTest\",\"afterTest\",\"afterHook\",\"afterSuite\",\"afterSession\",\"after\",\"onComplete\",\"beforeAssertion\",\"afterAssertion\",\"beforeFeature\",\"beforeScenario\",\"beforeStep\",\"afterStep\",\"afterScenario\",\"afterFeature\",\"_\",\"suite\",\"$0\",\"ignoredWorkerServices\",\"wdi5\"]"}]}
COMMAND: POST /session/eac9b0d7e8ced2053dbc37a41f3ce9ab/execute/async - {"script":"<script> [21126 bytes]","args":[35000]}
RESULT: {"script":"<script> [21126 bytes]","args":[35000]}
]]></system-out>
    </testcase>
    <testcase classname="chrome.136_0_7103_93.windows.Create_2_Yards_US112496" name="Should create a WHM yard" time="74.197">
      <system-out><![CDATA[
COMMAND: POST /session/eac9b0d7e8ced2053dbc37a41f3ce9ab/execute/async - {"script":"<script> [1562 bytes]","args":[{"selector":{"controlType":"sap.ui.core.Icon","viewName":"etm.portal.ui.manageyards.view.Master","viewId":"application-manageyards-display-component---masterYard","properties":{"src":{"regex":{"source":"add"}}}},"wdio_ui5_key":"etmportal.ui.manageyards.view.Mastersap.ui.core.Icon{\"src\":{\"regex\":{\"source\":\"add\"}}}"}]}
RESULT: {"script":"<script> [1562 bytes]","args":[{"selector":{"controlType":"sap.ui.core.Icon","viewName":"etm.portal.ui.manageyards.view.Master","viewId":"application-manageyards-display-component---masterYard","properties":{"src":{"regex":{"source":"add"}}}},"wdio_ui5_key":"etmportal.ui.manageyards.view.Mastersap.ui.core.Icon{\"src\":{\"regex\":{\"source\":\"add\"}}}"}]}
RESULT: undefined
COMMAND: POST /session/eac9b0d7e8ced2053dbc37a41f3ce9ab/element - {"using":"xpath","value":"//*[@id=\"__button9-img\"]"}
RESULT: {"using":"xpath","value":"//*[@id=\"__button9-img\"]"}
COMMAND: POST /session/eac9b0d7e8ced2053dbc37a41f3ce9ab/element/f.6F465290622CE65C200047306CC70E60.d.9E70087F6046A29681EBF7E1E6C2417F.e.1758/click - {}
RESULT: {}
COMMAND: GET /session/eac9b0d7e8ced2053dbc37a41f3ce9ab/screenshot - {}
RESULT: {}
COMMAND: POST /session/eac9b0d7e8ced2053dbc37a41f3ce9ab/execute/async - {"script":"<script> [1562 bytes]","args":[{"selector":{"id":"application-manageyards-display-component---NewYard--yardId","interaction":{"idSuffix":"inner"}},"wdio_ui5_key":"applicationmanageyards-display-component---NewYard--yardId"}]}
RESULT: {"script":"<script> [1562 bytes]","args":[{"selector":{"id":"application-manageyards-display-component---NewYard--yardId","interaction":{"idSuffix":"inner"}},"wdio_ui5_key":"applicationmanageyards-display-component---NewYard--yardId"}]}
RESULT: undefined
COMMAND: POST /session/eac9b0d7e8ced2053dbc37a41f3ce9ab/element - {"using":"xpath","value":"//*[@id=\"application-manageyards-display-component---NewYard--addressDetailDetailsName1-inner\"]"}
RESULT: {"using":"xpath","value":"//*[@id=\"application-manageyards-display-component---NewYard--addressDetailDetailsName1-inner\"]"}
COMMAND: POST /session/eac9b0d7e8ced2053dbc37a41f3ce9ab/element/f.6F465290622CE65C200047306CC70E60.d.9E70087F6046A29681EBF7E1E6C2417F.e.1910/clear - {}
RESULT: {}
COMMAND: POST /session/eac9b0d7e8ced2053dbc37a41f3ce9ab/element/f.6F465290622CE65C200047306CC70E60.d.9E70087F6046A29681EBF7E1E6C2417F.e.1910/value - {"text":"Webdriver WHM Yard 8p7he"}
COMMAND: GET /session/eac9b0d7e8ced2053dbc37a41f3ce9ab/screenshot - {}
RESULT: {"text":"Webdriver WHM Yard 8p7he"}
COMMAND: POST /session/eac9b0d7e8ced2053dbc37a41f3ce9ab/element - {"using":"xpath","value":"//*[@id=\"application-manageyards-display-component---NewYard--addressDetailDetailsLanguage-inner\"]"}
COMMAND: GET /session/eac9b0d7e8ced2053dbc37a41f3ce9ab/screenshot - {}
RESULT: {}
RESULT: {"using":"xpath","value":"//*[@id=\"application-manageyards-display-component---NewYard--addressDetailDetailsLanguage-inner\"]"}
COMMAND: POST /session/eac9b0d7e8ced2053dbc37a41f3ce9ab/element/f.6F465290622CE65C200047306CC70E60.d.9E70087F6046A29681EBF7E1E6C2417F.e.1911/clear - {}
RESULT: {}
RESULT: {}
COMMAND: POST /session/eac9b0d7e8ced2053dbc37a41f3ce9ab/element/f.6F465290622CE65C200047306CC70E60.d.9E70087F6046A29681EBF7E1E6C2417F.e.1911/value - {"text":"Romanian"}
COMMAND: GET /session/eac9b0d7e8ced2053dbc37a41f3ce9ab/screenshot - {}
RESULT: {}
RESULT: {"text":"Romanian"}
COMMAND: GET /session/eac9b0d7e8ced2053dbc37a41f3ce9ab/screenshot - {}
RESULT: {}
COMMAND: POST /session/eac9b0d7e8ced2053dbc37a41f3ce9ab/element - {"using":"xpath","value":"//*[@id=\"application-manageyards-display-component---NewYard--addressDetailDetailsCity1-inner\"]"}
RESULT: {"using":"xpath","value":"//*[@id=\"application-manageyards-display-component---NewYard--addressDetailDetailsCity1-inner\"]"}
COMMAND: POST /session/eac9b0d7e8ced2053dbc37a41f3ce9ab/element/f.6F465290622CE65C200047306CC70E60.d.9E70087F6046A29681EBF7E1E6C2417F.e.1913/clear - {}
RESULT: {}
COMMAND: POST /session/eac9b0d7e8ced2053dbc37a41f3ce9ab/element/f.6F465290622CE65C200047306CC70E60.d.9E70087F6046A29681EBF7E1E6C2417F.e.1913/value - {"text":"Bucuresti"}
COMMAND: GET /session/eac9b0d7e8ced2053dbc37a41f3ce9ab/screenshot - {}
RESULT: {"text":"Bucuresti"}
COMMAND: GET /session/eac9b0d7e8ced2053dbc37a41f3ce9ab/screenshot - {}
RESULT: {}
RESULT: {}
COMMAND: POST /session/eac9b0d7e8ced2053dbc37a41f3ce9ab/element - {"using":"xpath","value":"//*[@id=\"application-manageyards-display-component---NewYard--addressDetailDetailsCountry-inner\"]"}
RESULT: {"using":"xpath","value":"//*[@id=\"application-manageyards-display-component---NewYard--addressDetailDetailsCountry-inner\"]"}
COMMAND: POST /session/eac9b0d7e8ced2053dbc37a41f3ce9ab/element/f.6F465290622CE65C200047306CC70E60.d.9E70087F6046A29681EBF7E1E6C2417F.e.1917/clear - {}
RESULT: {}
COMMAND: POST /session/eac9b0d7e8ced2053dbc37a41f3ce9ab/element/f.6F465290622CE65C200047306CC70E60.d.9E70087F6046A29681EBF7E1E6C2417F.e.1917/value - {"text":"Romania"}
COMMAND: GET /session/eac9b0d7e8ced2053dbc37a41f3ce9ab/screenshot - {}
RESULT: {"text":"Romania"}
COMMAND: GET /session/eac9b0d7e8ced2053dbc37a41f3ce9ab/screenshot - {}
COMMAND: POST /session/eac9b0d7e8ced2053dbc37a41f3ce9ab/execute/async - {"script":"<script> [1562 bytes]","args":[{"selector":{"controlType":"sap.m.Button","viewName":"etm.portal.ui.manageyards.view.New","viewId":"application-manageyards-display-component---NewYard","properties":{"text":"Commercial"},"interaction":{"idSuffix":"BDI-content"}},"wdio_ui5_key":"etmportal.ui.manageyards.view.Newsap.m.Button{\"text\":\"Commercial\"}"}]}
RESULT: {}
RESULT: {}
RESULT: {"script":"<script> [1562 bytes]","args":[{"selector":{"controlType":"sap.m.Button","viewName":"etm.portal.ui.manageyards.view.New","viewId":"application-manageyards-display-component---NewYard","properties":{"text":"Commercial"},"interaction":{"idSuffix":"BDI-content"}},"wdio_ui5_key":"etmportal.ui.manageyards.view.Newsap.m.Button{\"text\":\"Commercial\"}"}]}
RESULT: undefined
COMMAND: POST /session/eac9b0d7e8ced2053dbc37a41f3ce9ab/element - {"using":"xpath","value":"//*[@id=\"application-manageyards-display-component---NewYard--ObjectPageLayout-anchBar-__section17-anchor\"]"}
RESULT: {"using":"xpath","value":"//*[@id=\"application-manageyards-display-component---NewYard--ObjectPageLayout-anchBar-__section17-anchor\"]"}
COMMAND: POST /session/eac9b0d7e8ced2053dbc37a41f3ce9ab/element/f.6F465290622CE65C200047306CC70E60.d.9E70087F6046A29681EBF7E1E6C2417F.e.2059/click - {}
RESULT: {}
COMMAND: GET /session/eac9b0d7e8ced2053dbc37a41f3ce9ab/screenshot - {}
RESULT: {}
COMMAND: POST /session/eac9b0d7e8ced2053dbc37a41f3ce9ab/element - {"using":"xpath","value":"//input[@id='application-manageyards-display-component---NewYard--addressEditDetailsCostObjectCstType-inner']"}
RESULT: {"using":"xpath","value":"//input[@id='application-manageyards-display-component---NewYard--addressEditDetailsCostObjectCstType-inner']"}
COMMAND: POST /session/eac9b0d7e8ced2053dbc37a41f3ce9ab/execute/sync - {"script":"<script> [8489 bytes]","args":[{"element-6066-11e4-a52e-4f735466cecf":"f.6F465290622CE65C200047306CC70E60.d.9E70087F6046A29681EBF7E1E6C2417F.e.1923","ELEMENT":"f.6F465290622CE65C200047306CC70E60.d.9E70087F6046A29681EBF7E1E6C2417F.e.1923"}]}
RESULT: {"script":"<script> [8489 bytes]","args":[{"element-6066-11e4-a52e-4f735466cecf":"f.6F465290622CE65C200047306CC70E60.d.9E70087F6046A29681EBF7E1E6C2417F.e.1923","ELEMENT":"f.6F465290622CE65C200047306CC70E60.d.9E70087F6046A29681EBF7E1E6C2417F.e.1923"}]}
COMMAND: POST /session/eac9b0d7e8ced2053dbc37a41f3ce9ab/element/f.6F465290622CE65C200047306CC70E60.d.9E70087F6046A29681EBF7E1E6C2417F.e.1923/clear - {}
COMMAND: GET /session/eac9b0d7e8ced2053dbc37a41f3ce9ab/screenshot - {}
RESULT: {}
COMMAND: POST /session/eac9b0d7e8ced2053dbc37a41f3ce9ab/element/f.6F465290622CE65C200047306CC70E60.d.9E70087F6046A29681EBF7E1E6C2417F.e.1923/value - {"text":"Cost"}
COMMAND: GET /session/eac9b0d7e8ced2053dbc37a41f3ce9ab/screenshot - {}
RESULT: {}
RESULT: {"text":"Cost"}
COMMAND: GET /session/eac9b0d7e8ced2053dbc37a41f3ce9ab/screenshot - {}
RESULT: {}
RESULT: {}
COMMAND: POST /session/eac9b0d7e8ced2053dbc37a41f3ce9ab/execute/async - {"script":"<script> [1562 bytes]","args":[{"selector":{"id":"application-manageyards-display-component---NewYard--addressNewCostObjectCstID","interaction":{"idSuffix":"inner"}},"wdio_ui5_key":"applicationmanageyards-display-component---NewYard--addressNewCostObjectCstID"}]}
RESULT: {"script":"<script> [1562 bytes]","args":[{"selector":{"id":"application-manageyards-display-component---NewYard--addressNewCostObjectCstID","interaction":{"idSuffix":"inner"}},"wdio_ui5_key":"applicationmanageyards-display-component---NewYard--addressNewCostObjectCstID"}]}
RESULT: undefined
COMMAND: POST /session/eac9b0d7e8ced2053dbc37a41f3ce9ab/execute/async - {"script":"<script> [776 bytes]","args":[{"enterText":"10001013","selector":{"id":"application-manageyards-display-component---NewYard--addressNewCostObjectCstID","interaction":{"idSuffix":"inner"}},"clearTextFirst":true,"interactionType":"ENTER_TEXT"}]}
RESULT: {"script":"<script> [776 bytes]","args":[{"enterText":"10001013","selector":{"id":"application-manageyards-display-component---NewYard--addressNewCostObjectCstID","interaction":{"idSuffix":"inner"}},"clearTextFirst":true,"interactionType":"ENTER_TEXT"}]}
COMMAND: POST /session/eac9b0d7e8ced2053dbc37a41f3ce9ab/actions - {"actions":[{"id":"action4","type":"key","parameters":{},"actions":[{"type":"keyDown","value":"î€‡"},{"type":"pause","duration":10},{"type":"keyUp","value":"î€‡"}]}]}
RESULT: {"actions":[{"id":"action4","type":"key","parameters":{},"actions":[{"type":"keyDown","value":"î€‡"},{"type":"pause","duration":10},{"type":"keyUp","value":"î€‡"}]}]}
COMMAND: POST /session/eac9b0d7e8ced2053dbc37a41f3ce9ab/execute/async - {"script":"<script> [1562 bytes]","args":[{"selector":{"id":"application-manageyards-display-component---NewYard--addressEditDetailsCurrency","interaction":{"idSuffix":"inner"}},"wdio_ui5_key":"applicationmanageyards-display-component---NewYard--addressEditDetailsCurrency"}]}
COMMAND: GET /session/eac9b0d7e8ced2053dbc37a41f3ce9ab/screenshot - {}
RESULT: {"script":"<script> [1562 bytes]","args":[{"selector":{"id":"application-manageyards-display-component---NewYard--addressEditDetailsCurrency","interaction":{"idSuffix":"inner"}},"wdio_ui5_key":"applicationmanageyards-display-component---NewYard--addressEditDetailsCurrency"}]}
RESULT: undefined
COMMAND: POST /session/eac9b0d7e8ced2053dbc37a41f3ce9ab/execute/async - {"script":"<script> [776 bytes]","args":[{"enterText":"Euro","selector":{"id":"application-manageyards-display-component---NewYard--addressEditDetailsCurrency","interaction":{"idSuffix":"inner"}},"clearTextFirst":true,"interactionType":"ENTER_TEXT"}]}
RESULT: {}
RESULT: {"script":"<script> [776 bytes]","args":[{"enterText":"Euro","selector":{"id":"application-manageyards-display-component---NewYard--addressEditDetailsCurrency","interaction":{"idSuffix":"inner"}},"clearTextFirst":true,"interactionType":"ENTER_TEXT"}]}
COMMAND: POST /session/eac9b0d7e8ced2053dbc37a41f3ce9ab/execute/async - {"script":"<script> [1562 bytes]","args":[{"selector":{"controlType":"sap.m.Input","viewName":"etm.portal.ui.manageyards.view.New","viewId":"application-manageyards-display-component---NewYard","bindingPath":{"path":"","propertyPath":"/CONTROLLING_AREA","modelName":"NewYardModel"},"interaction":{"idSuffix":"inner"}},"wdio_ui5_key":"etmportal.ui.manageyards.view.Newsap.m.Input{\"path\":\"\",\"propertyPath\":\"/CONTROLLING_AREA\",\"modelName\":\"NewYardModel\"}"}]}
RESULT: {"script":"<script> [1562 bytes]","args":[{"selector":{"controlType":"sap.m.Input","viewName":"etm.portal.ui.manageyards.view.New","viewId":"application-manageyards-display-component---NewYard","bindingPath":{"path":"","propertyPath":"/CONTROLLING_AREA","modelName":"NewYardModel"},"interaction":{"idSuffix":"inner"}},"wdio_ui5_key":"etmportal.ui.manageyards.view.Newsap.m.Input{\"path\":\"\",\"propertyPath\":\"/CONTROLLING_AREA\",\"modelName\":\"NewYardModel\"}"}]}
RESULT: undefined
COMMAND: POST /session/eac9b0d7e8ced2053dbc37a41f3ce9ab/execute/async - {"script":"<script> [776 bytes]","args":[{"enterText":"Z001","selector":{"controlType":"sap.m.Input","viewName":"etm.portal.ui.manageyards.view.New","viewId":"application-manageyards-display-component---NewYard","bindingPath":{"path":"","propertyPath":"/CONTROLLING_AREA","modelName":"NewYardModel"},"interaction":{"idSuffix":"inner"}},"clearTextFirst":true,"interactionType":"ENTER_TEXT"}]}
RESULT: {"script":"<script> [776 bytes]","args":[{"enterText":"Z001","selector":{"controlType":"sap.m.Input","viewName":"etm.portal.ui.manageyards.view.New","viewId":"application-manageyards-display-component---NewYard","bindingPath":{"path":"","propertyPath":"/CONTROLLING_AREA","modelName":"NewYardModel"},"interaction":{"idSuffix":"inner"}},"clearTextFirst":true,"interactionType":"ENTER_TEXT"}]}
COMMAND: POST /session/eac9b0d7e8ced2053dbc37a41f3ce9ab/execute/async - {"script":"<script> [1562 bytes]","args":[{"selector":{"id":"application-manageyards-display-component---NewYard--companyCodeComboBox","interaction":{"idSuffix":"inner"}},"wdio_ui5_key":"applicationmanageyards-display-component---NewYard--companyCodeComboBox"}]}
RESULT: {"script":"<script> [1562 bytes]","args":[{"selector":{"id":"application-manageyards-display-component---NewYard--companyCodeComboBox","interaction":{"idSuffix":"inner"}},"wdio_ui5_key":"applicationmanageyards-display-component---NewYard--companyCodeComboBox"}]}
RESULT: undefined
COMMAND: POST /session/eac9b0d7e8ced2053dbc37a41f3ce9ab/execute/async - {"script":"<script> [776 bytes]","args":[{"enterText":"1000","selector":{"id":"application-manageyards-display-component---NewYard--companyCodeComboBox","interaction":{"idSuffix":"inner"}},"clearTextFirst":true,"interactionType":"ENTER_TEXT"}]}
RESULT: {"script":"<script> [776 bytes]","args":[{"enterText":"1000","selector":{"id":"application-manageyards-display-component---NewYard--companyCodeComboBox","interaction":{"idSuffix":"inner"}},"clearTextFirst":true,"interactionType":"ENTER_TEXT"}]}
COMMAND: POST /session/eac9b0d7e8ced2053dbc37a41f3ce9ab/actions - {"actions":[{"id":"action5","type":"key","parameters":{},"actions":[{"type":"keyDown","value":"î€‡"},{"type":"pause","duration":10},{"type":"keyUp","value":"î€‡"}]}]}
RESULT: {"actions":[{"id":"action5","type":"key","parameters":{},"actions":[{"type":"keyDown","value":"î€‡"},{"type":"pause","duration":10},{"type":"keyUp","value":"î€‡"}]}]}
COMMAND: POST /session/eac9b0d7e8ced2053dbc37a41f3ce9ab/execute/async - {"script":"<script> [1562 bytes]","args":[{"selector":{"controlType":"sap.m.Input","viewName":"etm.portal.ui.manageyards.view.New","viewId":"application-manageyards-display-component---NewYard","bindingPath":{"path":"","propertyPath":"/PLANT","modelName":"NewYardModel"},"interaction":{"idSuffix":"inner"}},"wdio_ui5_key":"etmportal.ui.manageyards.view.Newsap.m.Input{\"path\":\"\",\"propertyPath\":\"/PLANT\",\"modelName\":\"NewYardModel\"}"}]}
COMMAND: GET /session/eac9b0d7e8ced2053dbc37a41f3ce9ab/screenshot - {}
RESULT: {"script":"<script> [1562 bytes]","args":[{"selector":{"controlType":"sap.m.Input","viewName":"etm.portal.ui.manageyards.view.New","viewId":"application-manageyards-display-component---NewYard","bindingPath":{"path":"","propertyPath":"/PLANT","modelName":"NewYardModel"},"interaction":{"idSuffix":"inner"}},"wdio_ui5_key":"etmportal.ui.manageyards.view.Newsap.m.Input{\"path\":\"\",\"propertyPath\":\"/PLANT\",\"modelName\":\"NewYardModel\"}"}]}
RESULT: undefined
COMMAND: POST /session/eac9b0d7e8ced2053dbc37a41f3ce9ab/execute/async - {"script":"<script> [776 bytes]","args":[{"enterText":"1001","selector":{"controlType":"sap.m.Input","viewName":"etm.portal.ui.manageyards.view.New","viewId":"application-manageyards-display-component---NewYard","bindingPath":{"path":"","propertyPath":"/PLANT","modelName":"NewYardModel"},"interaction":{"idSuffix":"inner"}},"clearTextFirst":true,"interactionType":"ENTER_TEXT"}]}
RESULT: {}
RESULT: {"script":"<script> [776 bytes]","args":[{"enterText":"1001","selector":{"controlType":"sap.m.Input","viewName":"etm.portal.ui.manageyards.view.New","viewId":"application-manageyards-display-component---NewYard","bindingPath":{"path":"","propertyPath":"/PLANT","modelName":"NewYardModel"},"interaction":{"idSuffix":"inner"}},"clearTextFirst":true,"interactionType":"ENTER_TEXT"}]}
COMMAND: POST /session/eac9b0d7e8ced2053dbc37a41f3ce9ab/execute/async - {"script":"<script> [1562 bytes]","args":[{"selector":{"controlType":"sap.m.Input","viewName":"etm.portal.ui.manageyards.view.New","viewId":"application-manageyards-display-component---NewYard","bindingPath":{"path":"","propertyPath":"/SALES_AREA_VKORG","modelName":"NewYardModel"},"interaction":{"idSuffix":"inner"}},"wdio_ui5_key":"etmportal.ui.manageyards.view.Newsap.m.Input{\"path\":\"\",\"propertyPath\":\"/SALES_AREA_VKORG\",\"modelName\":\"NewYardModel\"}"}]}
RESULT: {"script":"<script> [1562 bytes]","args":[{"selector":{"controlType":"sap.m.Input","viewName":"etm.portal.ui.manageyards.view.New","viewId":"application-manageyards-display-component---NewYard","bindingPath":{"path":"","propertyPath":"/SALES_AREA_VKORG","modelName":"NewYardModel"},"interaction":{"idSuffix":"inner"}},"wdio_ui5_key":"etmportal.ui.manageyards.view.Newsap.m.Input{\"path\":\"\",\"propertyPath\":\"/SALES_AREA_VKORG\",\"modelName\":\"NewYardModel\"}"}]}
RESULT: undefined
COMMAND: POST /session/eac9b0d7e8ced2053dbc37a41f3ce9ab/execute/async - {"script":"<script> [776 bytes]","args":[{"enterText":"C002","selector":{"controlType":"sap.m.Input","viewName":"etm.portal.ui.manageyards.view.New","viewId":"application-manageyards-display-component---NewYard","bindingPath":{"path":"","propertyPath":"/SALES_AREA_VKORG","modelName":"NewYardModel"},"interaction":{"idSuffix":"inner"}},"clearTextFirst":true,"interactionType":"ENTER_TEXT"}]}
RESULT: {"script":"<script> [776 bytes]","args":[{"enterText":"C002","selector":{"controlType":"sap.m.Input","viewName":"etm.portal.ui.manageyards.view.New","viewId":"application-manageyards-display-component---NewYard","bindingPath":{"path":"","propertyPath":"/SALES_AREA_VKORG","modelName":"NewYardModel"},"interaction":{"idSuffix":"inner"}},"clearTextFirst":true,"interactionType":"ENTER_TEXT"}]}
COMMAND: POST /session/eac9b0d7e8ced2053dbc37a41f3ce9ab/execute/async - {"script":"<script> [1562 bytes]","args":[{"selector":{"controlType":"sap.m.Input","viewName":"etm.portal.ui.manageyards.view.New","viewId":"application-manageyards-display-component---NewYard","bindingPath":{"path":"","propertyPath":"/SALES_AREA_VTWEG","modelName":"NewYardModel"},"interaction":{"idSuffix":"inner"}},"wdio_ui5_key":"etmportal.ui.manageyards.view.Newsap.m.Input{\"path\":\"\",\"propertyPath\":\"/SALES_AREA_VTWEG\",\"modelName\":\"NewYardModel\"}"}]}
RESULT: {"script":"<script> [1562 bytes]","args":[{"selector":{"controlType":"sap.m.Input","viewName":"etm.portal.ui.manageyards.view.New","viewId":"application-manageyards-display-component---NewYard","bindingPath":{"path":"","propertyPath":"/SALES_AREA_VTWEG","modelName":"NewYardModel"},"interaction":{"idSuffix":"inner"}},"wdio_ui5_key":"etmportal.ui.manageyards.view.Newsap.m.Input{\"path\":\"\",\"propertyPath\":\"/SALES_AREA_VTWEG\",\"modelName\":\"NewYardModel\"}"}]}
RESULT: undefined
COMMAND: POST /session/eac9b0d7e8ced2053dbc37a41f3ce9ab/execute/async - {"script":"<script> [776 bytes]","args":[{"enterText":"C2","selector":{"controlType":"sap.m.Input","viewName":"etm.portal.ui.manageyards.view.New","viewId":"application-manageyards-display-component---NewYard","bindingPath":{"path":"","propertyPath":"/SALES_AREA_VTWEG","modelName":"NewYardModel"},"interaction":{"idSuffix":"inner"}},"clearTextFirst":true,"interactionType":"ENTER_TEXT"}]}
RESULT: {"script":"<script> [776 bytes]","args":[{"enterText":"C2","selector":{"controlType":"sap.m.Input","viewName":"etm.portal.ui.manageyards.view.New","viewId":"application-manageyards-display-component---NewYard","bindingPath":{"path":"","propertyPath":"/SALES_AREA_VTWEG","modelName":"NewYardModel"},"interaction":{"idSuffix":"inner"}},"clearTextFirst":true,"interactionType":"ENTER_TEXT"}]}
COMMAND: POST /session/eac9b0d7e8ced2053dbc37a41f3ce9ab/execute/async - {"script":"<script> [1562 bytes]","args":[{"selector":{"controlType":"sap.m.Input","viewName":"etm.portal.ui.manageyards.view.New","viewId":"application-manageyards-display-component---NewYard","bindingPath":{"path":"","propertyPath":"/SALES_AREA_SPART","modelName":"NewYardModel"},"interaction":{"idSuffix":"inner"}},"wdio_ui5_key":"etmportal.ui.manageyards.view.Newsap.m.Input{\"path\":\"\",\"propertyPath\":\"/SALES_AREA_SPART\",\"modelName\":\"NewYardModel\"}"}]}
RESULT: {"script":"<script> [1562 bytes]","args":[{"selector":{"controlType":"sap.m.Input","viewName":"etm.portal.ui.manageyards.view.New","viewId":"application-manageyards-display-component---NewYard","bindingPath":{"path":"","propertyPath":"/SALES_AREA_SPART","modelName":"NewYardModel"},"interaction":{"idSuffix":"inner"}},"wdio_ui5_key":"etmportal.ui.manageyards.view.Newsap.m.Input{\"path\":\"\",\"propertyPath\":\"/SALES_AREA_SPART\",\"modelName\":\"NewYardModel\"}"}]}
RESULT: undefined
COMMAND: POST /session/eac9b0d7e8ced2053dbc37a41f3ce9ab/execute/async - {"script":"<script> [776 bytes]","args":[{"enterText":"C2","selector":{"controlType":"sap.m.Input","viewName":"etm.portal.ui.manageyards.view.New","viewId":"application-manageyards-display-component---NewYard","bindingPath":{"path":"","propertyPath":"/SALES_AREA_SPART","modelName":"NewYardModel"},"interaction":{"idSuffix":"inner"}},"clearTextFirst":true,"interactionType":"ENTER_TEXT"}]}
RESULT: {"script":"<script> [776 bytes]","args":[{"enterText":"C2","selector":{"controlType":"sap.m.Input","viewName":"etm.portal.ui.manageyards.view.New","viewId":"application-manageyards-display-component---NewYard","bindingPath":{"path":"","propertyPath":"/SALES_AREA_SPART","modelName":"NewYardModel"},"interaction":{"idSuffix":"inner"}},"clearTextFirst":true,"interactionType":"ENTER_TEXT"}]}
COMMAND: POST /session/eac9b0d7e8ced2053dbc37a41f3ce9ab/execute/async - {"script":"<script> [1562 bytes]","args":[{"selector":{"id":"application-manageyards-display-component---NewYard--whmCheckBox","interaction":{"idSuffix":"CbBg"}},"wdio_ui5_key":"applicationmanageyards-display-component---NewYard--whmCheckBox"}]}
RESULT: {"script":"<script> [1562 bytes]","args":[{"selector":{"id":"application-manageyards-display-component---NewYard--whmCheckBox","interaction":{"idSuffix":"CbBg"}},"wdio_ui5_key":"applicationmanageyards-display-component---NewYard--whmCheckBox"}]}
RESULT: undefined
COMMAND: POST /session/eac9b0d7e8ced2053dbc37a41f3ce9ab/element - {"using":"xpath","value":"//*[@id=\"application-manageyards-display-component---NewYard--whmCheckBox\"]"}
RESULT: {"using":"xpath","value":"//*[@id=\"application-manageyards-display-component---NewYard--whmCheckBox\"]"}
COMMAND: POST /session/eac9b0d7e8ced2053dbc37a41f3ce9ab/element/f.6F465290622CE65C200047306CC70E60.d.9E70087F6046A29681EBF7E1E6C2417F.e.2082/click - {}
RESULT: {}
COMMAND: POST /session/eac9b0d7e8ced2053dbc37a41f3ce9ab/execute/async - {"script":"<script> [1562 bytes]","args":[{"selector":{"controlType":"sap.m.Button","viewName":"etm.portal.ui.manageyards.view.New","viewId":"application-manageyards-display-component---NewYard","i18NText":{"propertyName":"text","key":"save"},"interaction":{"idSuffix":"inner"}},"wdio_ui5_key":"etmportal.ui.manageyards.view.Newsap.m.Button{\"propertyName\":\"text\",\"key\":\"save\"}"}]}
COMMAND: GET /session/eac9b0d7e8ced2053dbc37a41f3ce9ab/screenshot - {}
RESULT: {"script":"<script> [1562 bytes]","args":[{"selector":{"controlType":"sap.m.Button","viewName":"etm.portal.ui.manageyards.view.New","viewId":"application-manageyards-display-component---NewYard","i18NText":{"propertyName":"text","key":"save"},"interaction":{"idSuffix":"inner"}},"wdio_ui5_key":"etmportal.ui.manageyards.view.Newsap.m.Button{\"propertyName\":\"text\",\"key\":\"save\"}"}]}
RESULT: undefined
COMMAND: POST /session/eac9b0d7e8ced2053dbc37a41f3ce9ab/element - {"using":"xpath","value":"//*[@id=\"__button41\"]"}
RESULT: {}
RESULT: {"using":"xpath","value":"//*[@id=\"__button41\"]"}
COMMAND: POST /session/eac9b0d7e8ced2053dbc37a41f3ce9ab/element/f.6F465290622CE65C200047306CC70E60.d.9E70087F6046A29681EBF7E1E6C2417F.e.2045/click - {}
RESULT: {}
COMMAND: GET /session/eac9b0d7e8ced2053dbc37a41f3ce9ab/screenshot - {}
RESULT: {}
COMMAND: POST /session/eac9b0d7e8ced2053dbc37a41f3ce9ab/element - {"using":"xpath","value":"//header/div/div/div/div/div/div[2]/div/span"}
RESULT: {"using":"xpath","value":"//header/div/div/div/div/div/div[2]/div/span"}
COMMAND: GET /session/eac9b0d7e8ced2053dbc37a41f3ce9ab/element/f.6F465290622CE65C200047306CC70E60.d.9E70087F6046A29681EBF7E1E6C2417F.e.2233/text - {}
RESULT: {}
COMMAND: POST /session/eac9b0d7e8ced2053dbc37a41f3ce9ab/element - {"using":"xpath","value":"//header/div/div[2]/div[2]/span"}
RESULT: {"using":"xpath","value":"//header/div/div[2]/div[2]/span"}
COMMAND: GET /session/eac9b0d7e8ced2053dbc37a41f3ce9ab/element/f.6F465290622CE65C200047306CC70E60.d.9E70087F6046A29681EBF7E1E6C2417F.e.2234/text - {}
RESULT: {}
COMMAND: POST /session/eac9b0d7e8ced2053dbc37a41f3ce9ab/element - {"using":"css selector","value":"#j_username"}
COMMAND: POST /session/eac9b0d7e8ced2053dbc37a41f3ce9ab/url - {"url":"https://qa-testing-00-live-etm-ui.cfapps.eu10-004.hana.ondemand.com/"}
RESULT: {"url":"https://qa-testing-00-live-etm-ui.cfapps.eu10-004.hana.ondemand.com/"}
RESULT: undefined
COMMAND: GET /session/eac9b0d7e8ced2053dbc37a41f3ce9ab/screenshot - {}
RESULT: {"using":"css selector","value":"#j_username"}
COMMAND: POST /session/eac9b0d7e8ced2053dbc37a41f3ce9ab/element - {"using":"css selector","value":"#j_username"}
RESULT: {}
RESULT: {"using":"css selector","value":"#j_username"}
COMMAND: POST /session/eac9b0d7e8ced2053dbc37a41f3ce9ab/element - {"using":"css selector","value":"#shell-header-logo"}
RESULT: {"using":"css selector","value":"#shell-header-logo"}
COMMAND: POST /session/eac9b0d7e8ced2053dbc37a41f3ce9ab/execute/sync - {"script":"<script> [8489 bytes]","args":[{"element-6066-11e4-a52e-4f735466cecf":"f.6F465290622CE65C200047306CC70E60.d.CD66AD08E1455ED31EEF0806E12964F7.e.2244","ELEMENT":"f.6F465290622CE65C200047306CC70E60.d.CD66AD08E1455ED31EEF0806E12964F7.e.2244"}]}
RESULT: {"script":"<script> [8489 bytes]","args":[{"element-6066-11e4-a52e-4f735466cecf":"f.6F465290622CE65C200047306CC70E60.d.CD66AD08E1455ED31EEF0806E12964F7.e.2244","ELEMENT":"f.6F465290622CE65C200047306CC70E60.d.CD66AD08E1455ED31EEF0806E12964F7.e.2244"}]}
COMMAND: POST /session/eac9b0d7e8ced2053dbc37a41f3ce9ab/element - {"using":"css selector","value":"#shell-header-logo"}
COMMAND: GET /session/eac9b0d7e8ced2053dbc37a41f3ce9ab/screenshot - {}
RESULT: {"using":"css selector","value":"#shell-header-logo"}
COMMAND: POST /session/eac9b0d7e8ced2053dbc37a41f3ce9ab/execute/sync - {"script":"<script> [8489 bytes]","args":[{"element-6066-11e4-a52e-4f735466cecf":"f.6F465290622CE65C200047306CC70E60.d.CD66AD08E1455ED31EEF0806E12964F7.e.2244","ELEMENT":"f.6F465290622CE65C200047306CC70E60.d.CD66AD08E1455ED31EEF0806E12964F7.e.2244"}]}
RESULT: {}
RESULT: {"script":"<script> [8489 bytes]","args":[{"element-6066-11e4-a52e-4f735466cecf":"f.6F465290622CE65C200047306CC70E60.d.CD66AD08E1455ED31EEF0806E12964F7.e.2244","ELEMENT":"f.6F465290622CE65C200047306CC70E60.d.CD66AD08E1455ED31EEF0806E12964F7.e.2244"}]}
COMMAND: POST /session/eac9b0d7e8ced2053dbc37a41f3ce9ab/execute/sync - {"script":"<script> [5351 bytes]","args":[{"element-6066-11e4-a52e-4f735466cecf":"f.6F465290622CE65C200047306CC70E60.d.CD66AD08E1455ED31EEF0806E12964F7.e.2244","ELEMENT":"f.6F465290622CE65C200047306CC70E60.d.CD66AD08E1455ED31EEF0806E12964F7.e.2244"}]}
COMMAND: GET /session/eac9b0d7e8ced2053dbc37a41f3ce9ab/screenshot - {}
RESULT: {"script":"<script> [5351 bytes]","args":[{"element-6066-11e4-a52e-4f735466cecf":"f.6F465290622CE65C200047306CC70E60.d.CD66AD08E1455ED31EEF0806E12964F7.e.2244","ELEMENT":"f.6F465290622CE65C200047306CC70E60.d.CD66AD08E1455ED31EEF0806E12964F7.e.2244"}]}
COMMAND: POST /session/eac9b0d7e8ced2053dbc37a41f3ce9ab/element - {"using":"css selector","value":"#shell-header-logo"}
COMMAND: GET /session/eac9b0d7e8ced2053dbc37a41f3ce9ab/screenshot - {}
RESULT: {}
RESULT: {"using":"css selector","value":"#shell-header-logo"}
COMMAND: POST /session/eac9b0d7e8ced2053dbc37a41f3ce9ab/element/f.6F465290622CE65C200047306CC70E60.d.CD66AD08E1455ED31EEF0806E12964F7.e.2244/click - {}
RESULT: {}
RESULT: {}
COMMAND: GET /session/eac9b0d7e8ced2053dbc37a41f3ce9ab/screenshot - {}
RESULT: {}
COMMAND: POST /session/eac9b0d7e8ced2053dbc37a41f3ce9ab/execute/async - {"script":"<script> [189 bytes]","args":[]}
RESULT: {"script":"<script> [189 bytes]","args":[]}
COMMAND: POST /session/eac9b0d7e8ced2053dbc37a41f3ce9ab/execute/async - {"script":"<script> [123 bytes]","args":[]}
RESULT: {"script":"<script> [123 bytes]","args":[]}
COMMAND: POST /session/eac9b0d7e8ced2053dbc37a41f3ce9ab/timeouts - {"script":"<number>"}
RESULT: {"script":"<number>"}
COMMAND: GET /session/eac9b0d7e8ced2053dbc37a41f3ce9ab/timeouts - {}
RESULT: {}
RESULT: undefined
COMMAND: POST /session/eac9b0d7e8ced2053dbc37a41f3ce9ab/execute/async - {"script":"<script> [2676 bytes]","args":[]}
RESULT: {"script":"<script> [2676 bytes]","args":[]}
COMMAND: POST /session/eac9b0d7e8ced2053dbc37a41f3ce9ab/execute/async - {"script":"<script> [2342 bytes]","args":[{"protocol":"http","hostname":"0.0.0.0","path":"/","capabilities":{"browserName":"chrome","goog:chromeOptions":{"binary":"C:\\Program Files\\Google\\Chrome\\Application\\chrome.exe","args":["--start-maximized"]}},"logLevel":"warn","connectionRetryTimeout":120000,"connectionRetryCount":3,"logLevels":{},"enableDirectConnect":true,"strictSSL":true,"_":"65 more keys: [\"cacheDir\",\"port\",\"requestedCapabilities\",\"automationProtocol\",\"baseUrl\",\"waitforInterval\",\"waitforTimeout\",\"onReload\",\"beforeCommand\",\"afterCommand\",\"rootDir\",\"specs\",\"suites\",\"exclude\",\"groupLogsByTestSpec\",\"excludeDriverLogs\",\"bail\",\"framework\",\"reporters\",\"services\",\"maxInstances\",\"maxInstancesPerCapability\",\"injectGlobals\",\"filesToWatch\",\"execArgv\",\"runnerEnv\",\"runner\",\"shard\",\"specFileRetries\",\"specFileRetriesDelay\",\"specFileRetriesDeferred\",\"reporterSyncInterval\",\"reporterSyncTimeout\",\"cucumberFeaturesWithLineNumbers\",\"autoCompileOpts\",\"mochaOpts\",\"jasmineOpts\",\"cucumberOpts\",\"onPrepare\",\"onWorkerStart\",\"onWorkerEnd\",\"before\",\"beforeSession\",\"beforeSuite\",\"beforeHook\",\"beforeTest\",\"afterTest\",\"afterHook\",\"afterSuite\",\"afterSession\",\"after\",\"onComplete\",\"beforeAssertion\",\"afterAssertion\",\"beforeFeature\",\"beforeScenario\",\"beforeStep\",\"afterStep\",\"afterScenario\",\"afterFeature\",\"_\",\"suite\",\"$0\",\"ignoredWorkerServices\",\"wdi5\"]"}]}
RESULT: {"script":"<script> [2342 bytes]","args":[{"protocol":"http","hostname":"0.0.0.0","path":"/","capabilities":{"browserName":"chrome","goog:chromeOptions":{"binary":"C:\\Program Files\\Google\\Chrome\\Application\\chrome.exe","args":["--start-maximized"]}},"logLevel":"warn","connectionRetryTimeout":120000,"connectionRetryCount":3,"logLevels":{},"enableDirectConnect":true,"strictSSL":true,"_":"65 more keys: [\"cacheDir\",\"port\",\"requestedCapabilities\",\"automationProtocol\",\"baseUrl\",\"waitforInterval\",\"waitforTimeout\",\"onReload\",\"beforeCommand\",\"afterCommand\",\"rootDir\",\"specs\",\"suites\",\"exclude\",\"groupLogsByTestSpec\",\"excludeDriverLogs\",\"bail\",\"framework\",\"reporters\",\"services\",\"maxInstances\",\"maxInstancesPerCapability\",\"injectGlobals\",\"filesToWatch\",\"execArgv\",\"runnerEnv\",\"runner\",\"shard\",\"specFileRetries\",\"specFileRetriesDelay\",\"specFileRetriesDeferred\",\"reporterSyncInterval\",\"reporterSyncTimeout\",\"cucumberFeaturesWithLineNumbers\",\"autoCompileOpts\",\"mochaOpts\",\"jasmineOpts\",\"cucumberOpts\",\"onPrepare\",\"onWorkerStart\",\"onWorkerEnd\",\"before\",\"beforeSession\",\"beforeSuite\",\"beforeHook\",\"beforeTest\",\"afterTest\",\"afterHook\",\"afterSuite\",\"afterSession\",\"after\",\"onComplete\",\"beforeAssertion\",\"afterAssertion\",\"beforeFeature\",\"beforeScenario\",\"beforeStep\",\"afterStep\",\"afterScenario\",\"afterFeature\",\"_\",\"suite\",\"$0\",\"ignoredWorkerServices\",\"wdi5\"]"}]}
COMMAND: POST /session/eac9b0d7e8ced2053dbc37a41f3ce9ab/execute/async - {"script":"<script> [21126 bytes]","args":[35000]}
RESULT: {"script":"<script> [21126 bytes]","args":[35000]}
COMMAND: POST /session/eac9b0d7e8ced2053dbc37a41f3ce9ab/window/maximize - {}
RESULT: {}
COMMAND: POST /session/eac9b0d7e8ced2053dbc37a41f3ce9ab/execute/async - {"script":"<script> [1562 bytes]","args":[{"selector":{"id":"shell-header","interaction":{"idSuffix":"icon"}},"wdio_ui5_key":"shellheader"}]}
COMMAND: GET /session/eac9b0d7e8ced2053dbc37a41f3ce9ab/screenshot - {}
RESULT: {"script":"<script> [1562 bytes]","args":[{"selector":{"id":"shell-header","interaction":{"idSuffix":"icon"}},"wdio_ui5_key":"shellheader"}]}
RESULT: undefined
COMMAND: POST /session/eac9b0d7e8ced2053dbc37a41f3ce9ab/refresh - {}
RESULT: {}
RESULT: {}
COMMAND: GET /session/eac9b0d7e8ced2053dbc37a41f3ce9ab/screenshot - {}
RESULT: {}
COMMAND: POST /session/eac9b0d7e8ced2053dbc37a41f3ce9ab/refresh - {}
RESULT: {}
COMMAND: GET /session/eac9b0d7e8ced2053dbc37a41f3ce9ab/screenshot - {}
RESULT: {}
COMMAND: POST /session/eac9b0d7e8ced2053dbc37a41f3ce9ab/window/fullscreen - {}
RESULT: {}
COMMAND: POST /session/eac9b0d7e8ced2053dbc37a41f3ce9ab/execute/async - {"script":"<script> [189 bytes]","args":[]}
RESULT: {"script":"<script> [189 bytes]","args":[]}
COMMAND: POST /session/eac9b0d7e8ced2053dbc37a41f3ce9ab/execute/async - {"script":"<script> [123 bytes]","args":[]}
RESULT: {"script":"<script> [123 bytes]","args":[]}
COMMAND: POST /session/eac9b0d7e8ced2053dbc37a41f3ce9ab/timeouts - {"script":"<number>"}
RESULT: {"script":"<number>"}
COMMAND: GET /session/eac9b0d7e8ced2053dbc37a41f3ce9ab/timeouts - {}
RESULT: {}
RESULT: undefined
COMMAND: POST /session/eac9b0d7e8ced2053dbc37a41f3ce9ab/execute/async - {"script":"<script> [2676 bytes]","args":[]}
RESULT: {"script":"<script> [2676 bytes]","args":[]}
COMMAND: POST /session/eac9b0d7e8ced2053dbc37a41f3ce9ab/execute/async - {"script":"<script> [2342 bytes]","args":[{"protocol":"http","hostname":"0.0.0.0","path":"/","capabilities":{"browserName":"chrome","goog:chromeOptions":{"binary":"C:\\Program Files\\Google\\Chrome\\Application\\chrome.exe","args":["--start-maximized"]}},"logLevel":"warn","connectionRetryTimeout":120000,"connectionRetryCount":3,"logLevels":{},"enableDirectConnect":true,"strictSSL":true,"_":"65 more keys: [\"cacheDir\",\"port\",\"requestedCapabilities\",\"automationProtocol\",\"baseUrl\",\"waitforInterval\",\"waitforTimeout\",\"onReload\",\"beforeCommand\",\"afterCommand\",\"rootDir\",\"specs\",\"suites\",\"exclude\",\"groupLogsByTestSpec\",\"excludeDriverLogs\",\"bail\",\"framework\",\"reporters\",\"services\",\"maxInstances\",\"maxInstancesPerCapability\",\"injectGlobals\",\"filesToWatch\",\"execArgv\",\"runnerEnv\",\"runner\",\"shard\",\"specFileRetries\",\"specFileRetriesDelay\",\"specFileRetriesDeferred\",\"reporterSyncInterval\",\"reporterSyncTimeout\",\"cucumberFeaturesWithLineNumbers\",\"autoCompileOpts\",\"mochaOpts\",\"jasmineOpts\",\"cucumberOpts\",\"onPrepare\",\"onWorkerStart\",\"onWorkerEnd\",\"before\",\"beforeSession\",\"beforeSuite\",\"beforeHook\",\"beforeTest\",\"afterTest\",\"afterHook\",\"afterSuite\",\"afterSession\",\"after\",\"onComplete\",\"beforeAssertion\",\"afterAssertion\",\"beforeFeature\",\"beforeScenario\",\"beforeStep\",\"afterStep\",\"afterScenario\",\"afterFeature\",\"_\",\"suite\",\"$0\",\"ignoredWorkerServices\",\"wdi5\"]"}]}
RESULT: {"script":"<script> [2342 bytes]","args":[{"protocol":"http","hostname":"0.0.0.0","path":"/","capabilities":{"browserName":"chrome","goog:chromeOptions":{"binary":"C:\\Program Files\\Google\\Chrome\\Application\\chrome.exe","args":["--start-maximized"]}},"logLevel":"warn","connectionRetryTimeout":120000,"connectionRetryCount":3,"logLevels":{},"enableDirectConnect":true,"strictSSL":true,"_":"65 more keys: [\"cacheDir\",\"port\",\"requestedCapabilities\",\"automationProtocol\",\"baseUrl\",\"waitforInterval\",\"waitforTimeout\",\"onReload\",\"beforeCommand\",\"afterCommand\",\"rootDir\",\"specs\",\"suites\",\"exclude\",\"groupLogsByTestSpec\",\"excludeDriverLogs\",\"bail\",\"framework\",\"reporters\",\"services\",\"maxInstances\",\"maxInstancesPerCapability\",\"injectGlobals\",\"filesToWatch\",\"execArgv\",\"runnerEnv\",\"runner\",\"shard\",\"specFileRetries\",\"specFileRetriesDelay\",\"specFileRetriesDeferred\",\"reporterSyncInterval\",\"reporterSyncTimeout\",\"cucumberFeaturesWithLineNumbers\",\"autoCompileOpts\",\"mochaOpts\",\"jasmineOpts\",\"cucumberOpts\",\"onPrepare\",\"onWorkerStart\",\"onWorkerEnd\",\"before\",\"beforeSession\",\"beforeSuite\",\"beforeHook\",\"beforeTest\",\"afterTest\",\"afterHook\",\"afterSuite\",\"afterSession\",\"after\",\"onComplete\",\"beforeAssertion\",\"afterAssertion\",\"beforeFeature\",\"beforeScenario\",\"beforeStep\",\"afterStep\",\"afterScenario\",\"afterFeature\",\"_\",\"suite\",\"$0\",\"ignoredWorkerServices\",\"wdi5\"]"}]}
COMMAND: POST /session/eac9b0d7e8ced2053dbc37a41f3ce9ab/execute/async - {"script":"<script> [21126 bytes]","args":[35000]}
RESULT: {"script":"<script> [21126 bytes]","args":[35000]}
]]></system-out>
    </testcase>
  </testsuite>
  <testsuite timestamp="2025-05-15T17:35:17" time="238.683" tests="4" failures="0" errors="0" skipped="0">
    <properties>
      <property name="specId" value="0" />
      <property name="suiteName" value="Create partner US118246" />
      <property name="capabilities" value="chrome.136_0_7103_93.windows" />
      <property name="file" value="file:///D:/a/1/s/test/specs/BTS/create-partner.spec.js" />
    </properties>
    <testcase classname="chrome.136_0_7103_93.windows.Create_partner_US118246" name="Should create a new yard in case create yard failed" time="0.014">
      <system-out><![CDATA[
COMMAND: POST /session/eac9b0d7e8ced2053dbc37a41f3ce9ab/window/fullscreen - {}
RESULT: {}
]]></system-out>
    </testcase>
    <testcase classname="chrome.136_0_7103_93.windows.Create_partner_US118246" name="Should create new external partner" time="92.569">
      <system-out><![CDATA[
COMMAND: POST /session/eac9b0d7e8ced2053dbc37a41f3ce9ab/window/fullscreen - {}
RESULT: {}
COMMAND: POST /session/eac9b0d7e8ced2053dbc37a41f3ce9ab/execute/async - {"script":"<script> [1562 bytes]","args":[{"selector":{"controlType":"sap.m.GenericTile","properties":{"header":"Manage Partners"}},"wdio_ui5_key":"sapm.GenericTile{\"header\":\"Manage Partners\"}"}]}
RESULT: {"script":"<script> [1562 bytes]","args":[{"selector":{"controlType":"sap.m.GenericTile","properties":{"header":"Manage Partners"}},"wdio_ui5_key":"sapm.GenericTile{\"header\":\"Manage Partners\"}"}]}
RESULT: undefined
COMMAND: POST /session/eac9b0d7e8ced2053dbc37a41f3ce9ab/element - {"using":"xpath","value":"//*[@id=\"__tile38\"]"}
RESULT: {"using":"xpath","value":"//*[@id=\"__tile38\"]"}
COMMAND: POST /session/eac9b0d7e8ced2053dbc37a41f3ce9ab/element/f.6F465290622CE65C200047306CC70E60.d.E41EF91B09AF158138064382B7FBDB9A.e.2385/click - {}
RESULT: {}
COMMAND: GET /session/eac9b0d7e8ced2053dbc37a41f3ce9ab/screenshot - {}
RESULT: {}
COMMAND: POST /session/eac9b0d7e8ced2053dbc37a41f3ce9ab/elements - {"using":"xpath","value":"//span[text()='Error']"}
RESULT: {"using":"xpath","value":"//span[text()='Error']"}
COMMAND: POST /session/eac9b0d7e8ced2053dbc37a41f3ce9ab/element - {"using":"xpath","value":"//button[@data-kt=\"addButton\"]"}
RESULT: {"using":"xpath","value":"//button[@data-kt=\"addButton\"]"}
COMMAND: POST /session/eac9b0d7e8ced2053dbc37a41f3ce9ab/elements - {"using":"xpath","value":"//button[@data-kt=\"addButton\"]"}
RESULT: {"using":"xpath","value":"//button[@data-kt=\"addButton\"]"}
COMMAND: POST /session/eac9b0d7e8ced2053dbc37a41f3ce9ab/execute/sync - {"script":"<script> [8489 bytes]","args":[{"element-6066-11e4-a52e-4f735466cecf":"f.6F465290622CE65C200047306CC70E60.d.E41EF91B09AF158138064382B7FBDB9A.e.2531","ELEMENT":"f.6F465290622CE65C200047306CC70E60.d.E41EF91B09AF158138064382B7FBDB9A.e.2531"}]}
RESULT: {"script":"<script> [8489 bytes]","args":[{"element-6066-11e4-a52e-4f735466cecf":"f.6F465290622CE65C200047306CC70E60.d.E41EF91B09AF158138064382B7FBDB9A.e.2531","ELEMENT":"f.6F465290622CE65C200047306CC70E60.d.E41EF91B09AF158138064382B7FBDB9A.e.2531"}]}
COMMAND: GET /session/eac9b0d7e8ced2053dbc37a41f3ce9ab/element/f.6F465290622CE65C200047306CC70E60.d.E41EF91B09AF158138064382B7FBDB9A.e.2531/enabled - {}
COMMAND: GET /session/eac9b0d7e8ced2053dbc37a41f3ce9ab/screenshot - {}
RESULT: {}
COMMAND: POST /session/eac9b0d7e8ced2053dbc37a41f3ce9ab/execute/sync - {"script":"<script> [8489 bytes]","args":[{"element-6066-11e4-a52e-4f735466cecf":"f.6F465290622CE65C200047306CC70E60.d.E41EF91B09AF158138064382B7FBDB9A.e.2531","ELEMENT":"f.6F465290622CE65C200047306CC70E60.d.E41EF91B09AF158138064382B7FBDB9A.e.2531"}]}
COMMAND: GET /session/eac9b0d7e8ced2053dbc37a41f3ce9ab/screenshot - {}
RESULT: {}
RESULT: {"script":"<script> [8489 bytes]","args":[{"element-6066-11e4-a52e-4f735466cecf":"f.6F465290622CE65C200047306CC70E60.d.E41EF91B09AF158138064382B7FBDB9A.e.2531","ELEMENT":"f.6F465290622CE65C200047306CC70E60.d.E41EF91B09AF158138064382B7FBDB9A.e.2531"}]}
COMMAND: POST /session/eac9b0d7e8ced2053dbc37a41f3ce9ab/execute/sync - {"script":"<script> [5351 bytes]","args":[{"element-6066-11e4-a52e-4f735466cecf":"f.6F465290622CE65C200047306CC70E60.d.E41EF91B09AF158138064382B7FBDB9A.e.2531","ELEMENT":"f.6F465290622CE65C200047306CC70E60.d.E41EF91B09AF158138064382B7FBDB9A.e.2531"}]}
RESULT: {}
COMMAND: GET /session/eac9b0d7e8ced2053dbc37a41f3ce9ab/screenshot - {}
RESULT: {"script":"<script> [5351 bytes]","args":[{"element-6066-11e4-a52e-4f735466cecf":"f.6F465290622CE65C200047306CC70E60.d.E41EF91B09AF158138064382B7FBDB9A.e.2531","ELEMENT":"f.6F465290622CE65C200047306CC70E60.d.E41EF91B09AF158138064382B7FBDB9A.e.2531"}]}
COMMAND: POST /session/eac9b0d7e8ced2053dbc37a41f3ce9ab/element/f.6F465290622CE65C200047306CC70E60.d.E41EF91B09AF158138064382B7FBDB9A.e.2531/click - {}
COMMAND: GET /session/eac9b0d7e8ced2053dbc37a41f3ce9ab/screenshot - {}
RESULT: {}
RESULT: {}
COMMAND: GET /session/eac9b0d7e8ced2053dbc37a41f3ce9ab/screenshot - {}
RESULT: {}
RESULT: {}
COMMAND: POST /session/eac9b0d7e8ced2053dbc37a41f3ce9ab/execute/async - {"script":"<script> [1562 bytes]","args":[{"selector":{"id":"application-managepartners-display-component---NewPartner--addressDetailDetailsName1","interaction":{"idSuffix":"inner"}},"wdio_ui5_key":"applicationmanagepartners-display-component---NewPartner--addressDetailDetailsName1"}]}
RESULT: {"script":"<script> [1562 bytes]","args":[{"selector":{"id":"application-managepartners-display-component---NewPartner--addressDetailDetailsName1","interaction":{"idSuffix":"inner"}},"wdio_ui5_key":"applicationmanagepartners-display-component---NewPartner--addressDetailDetailsName1"}]}
RESULT: undefined
COMMAND: POST /session/eac9b0d7e8ced2053dbc37a41f3ce9ab/execute/async - {"script":"<script> [776 bytes]","args":[{"enterText":"External Partner WDIO","selector":{"id":"application-managepartners-display-component---NewPartner--addressDetailDetailsName1","interaction":{"idSuffix":"inner"}},"clearTextFirst":true,"interactionType":"ENTER_TEXT"}]}
RESULT: {"script":"<script> [776 bytes]","args":[{"enterText":"External Partner WDIO","selector":{"id":"application-managepartners-display-component---NewPartner--addressDetailDetailsName1","interaction":{"idSuffix":"inner"}},"clearTextFirst":true,"interactionType":"ENTER_TEXT"}]}
COMMAND: POST /session/eac9b0d7e8ced2053dbc37a41f3ce9ab/execute/async - {"script":"<script> [1562 bytes]","args":[{"selector":{"id":"application-managepartners-display-component---NewPartner--addressDetailDetailsLanguage-arrow"},"wdio_ui5_key":"applicationmanagepartners-display-component---NewPartner--addressDetailDetailsLanguage-arrow"}]}
RESULT: {"script":"<script> [1562 bytes]","args":[{"selector":{"id":"application-managepartners-display-component---NewPartner--addressDetailDetailsLanguage-arrow"},"wdio_ui5_key":"applicationmanagepartners-display-component---NewPartner--addressDetailDetailsLanguage-arrow"}]}
RESULT: undefined
COMMAND: POST /session/eac9b0d7e8ced2053dbc37a41f3ce9ab/element - {"using":"xpath","value":"//*[@id=\"application-managepartners-display-component---NewPartner--addressDetailDetailsLanguage-arrow\"]"}
RESULT: {"using":"xpath","value":"//*[@id=\"application-managepartners-display-component---NewPartner--addressDetailDetailsLanguage-arrow\"]"}
COMMAND: POST /session/eac9b0d7e8ced2053dbc37a41f3ce9ab/element/f.6F465290622CE65C200047306CC70E60.d.E41EF91B09AF158138064382B7FBDB9A.e.2980/click - {}
RESULT: {}
COMMAND: POST /session/eac9b0d7e8ced2053dbc37a41f3ce9ab/element - {"using":"xpath","value":"//span[contains(text(), \"English\")]"}
COMMAND: GET /session/eac9b0d7e8ced2053dbc37a41f3ce9ab/screenshot - {}
RESULT: {"using":"xpath","value":"//span[contains(text(), \"English\")]"}
COMMAND: POST /session/eac9b0d7e8ced2053dbc37a41f3ce9ab/element/f.6F465290622CE65C200047306CC70E60.d.E41EF91B09AF158138064382B7FBDB9A.e.2981/click - {}
RESULT: {}
RESULT: {}
COMMAND: GET /session/eac9b0d7e8ced2053dbc37a41f3ce9ab/screenshot - {}
RESULT: {}
COMMAND: POST /session/eac9b0d7e8ced2053dbc37a41f3ce9ab/execute/async - {"script":"<script> [1562 bytes]","args":[{"selector":{"id":"application-managepartners-display-component---NewPartner--addressDetailDetailsCity1","interaction":{"idSuffix":"inner"}},"wdio_ui5_key":"applicationmanagepartners-display-component---NewPartner--addressDetailDetailsCity1"}]}
RESULT: {"script":"<script> [1562 bytes]","args":[{"selector":{"id":"application-managepartners-display-component---NewPartner--addressDetailDetailsCity1","interaction":{"idSuffix":"inner"}},"wdio_ui5_key":"applicationmanagepartners-display-component---NewPartner--addressDetailDetailsCity1"}]}
RESULT: undefined
COMMAND: POST /session/eac9b0d7e8ced2053dbc37a41f3ce9ab/execute/async - {"script":"<script> [776 bytes]","args":[{"enterText":"Rosario","selector":{"id":"application-managepartners-display-component---NewPartner--addressDetailDetailsCity1","interaction":{"idSuffix":"inner"}},"clearTextFirst":true,"interactionType":"ENTER_TEXT"}]}
RESULT: {"script":"<script> [776 bytes]","args":[{"enterText":"Rosario","selector":{"id":"application-managepartners-display-component---NewPartner--addressDetailDetailsCity1","interaction":{"idSuffix":"inner"}},"clearTextFirst":true,"interactionType":"ENTER_TEXT"}]}
COMMAND: POST /session/eac9b0d7e8ced2053dbc37a41f3ce9ab/execute/async - {"script":"<script> [1562 bytes]","args":[{"selector":{"id":"application-managepartners-display-component---NewPartner--addressDetailDetailsCountry-arrow"},"wdio_ui5_key":"applicationmanagepartners-display-component---NewPartner--addressDetailDetailsCountry-arrow"}]}
RESULT: {"script":"<script> [1562 bytes]","args":[{"selector":{"id":"application-managepartners-display-component---NewPartner--addressDetailDetailsCountry-arrow"},"wdio_ui5_key":"applicationmanagepartners-display-component---NewPartner--addressDetailDetailsCountry-arrow"}]}
RESULT: undefined
COMMAND: POST /session/eac9b0d7e8ced2053dbc37a41f3ce9ab/element - {"using":"xpath","value":"//*[@id=\"application-managepartners-display-component---NewPartner--addressDetailDetailsCountry-arrow\"]"}
RESULT: {"using":"xpath","value":"//*[@id=\"application-managepartners-display-component---NewPartner--addressDetailDetailsCountry-arrow\"]"}
COMMAND: POST /session/eac9b0d7e8ced2053dbc37a41f3ce9ab/element/f.6F465290622CE65C200047306CC70E60.d.E41EF91B09AF158138064382B7FBDB9A.e.2967/click - {}
RESULT: {}
COMMAND: POST /session/eac9b0d7e8ced2053dbc37a41f3ce9ab/element - {"using":"xpath","value":"//span[contains(text(), \"Argentina\")]"}
COMMAND: GET /session/eac9b0d7e8ced2053dbc37a41f3ce9ab/screenshot - {}
RESULT: {"using":"xpath","value":"//span[contains(text(), \"Argentina\")]"}
COMMAND: POST /session/eac9b0d7e8ced2053dbc37a41f3ce9ab/element/f.6F465290622CE65C200047306CC70E60.d.E41EF91B09AF158138064382B7FBDB9A.e.2983/click - {}
RESULT: {}
RESULT: {}
COMMAND: GET /session/eac9b0d7e8ced2053dbc37a41f3ce9ab/screenshot - {}
RESULT: {}
COMMAND: POST /session/eac9b0d7e8ced2053dbc37a41f3ce9ab/element - {"using":"xpath","value":"//bdi[contains(text(), \"Commercial\")]"}
RESULT: {"using":"xpath","value":"//bdi[contains(text(), \"Commercial\")]"}
COMMAND: POST /session/eac9b0d7e8ced2053dbc37a41f3ce9ab/element/f.6F465290622CE65C200047306CC70E60.d.E41EF91B09AF158138064382B7FBDB9A.e.2984/click - {}
RESULT: {}
COMMAND: GET /session/eac9b0d7e8ced2053dbc37a41f3ce9ab/screenshot - {}
RESULT: {}
COMMAND: POST /session/eac9b0d7e8ced2053dbc37a41f3ce9ab/execute/async - {"script":"<script> [1562 bytes]","args":[{"selector":{"id":"application-managepartners-display-component---NewPartner--partnerDetailInternal-arrow"},"wdio_ui5_key":"applicationmanagepartners-display-component---NewPartner--partnerDetailInternal-arrow"}]}
RESULT: {"script":"<script> [1562 bytes]","args":[{"selector":{"id":"application-managepartners-display-component---NewPartner--partnerDetailInternal-arrow"},"wdio_ui5_key":"applicationmanagepartners-display-component---NewPartner--partnerDetailInternal-arrow"}]}
RESULT: undefined
COMMAND: POST /session/eac9b0d7e8ced2053dbc37a41f3ce9ab/element - {"using":"xpath","value":"//*[@id=\"application-managepartners-display-component---NewPartner--partnerDetailInternal-arrow\"]"}
RESULT: {"using":"xpath","value":"//*[@id=\"application-managepartners-display-component---NewPartner--partnerDetailInternal-arrow\"]"}
COMMAND: POST /session/eac9b0d7e8ced2053dbc37a41f3ce9ab/element/f.6F465290622CE65C200047306CC70E60.d.E41EF91B09AF158138064382B7FBDB9A.e.2990/click - {}
RESULT: {}
COMMAND: POST /session/eac9b0d7e8ced2053dbc37a41f3ce9ab/element - {"using":"xpath","value":"//span[contains(text(), \"External partner\")]"}
COMMAND: GET /session/eac9b0d7e8ced2053dbc37a41f3ce9ab/screenshot - {}
RESULT: {"using":"xpath","value":"//span[contains(text(), \"External partner\")]"}
COMMAND: POST /session/eac9b0d7e8ced2053dbc37a41f3ce9ab/element/f.6F465290622CE65C200047306CC70E60.d.E41EF91B09AF158138064382B7FBDB9A.e.2993/click - {}
RESULT: {}
RESULT: {}
COMMAND: POST /session/eac9b0d7e8ced2053dbc37a41f3ce9ab/execute/async - {"script":"<script> [1562 bytes]","args":[{"selector":{"id":"application-managepartners-display-component---NewPartner--partnerDetailsCurrency-arrow"},"wdio_ui5_key":"applicationmanagepartners-display-component---NewPartner--partnerDetailsCurrency-arrow"}]}
COMMAND: GET /session/eac9b0d7e8ced2053dbc37a41f3ce9ab/screenshot - {}
RESULT: {"script":"<script> [1562 bytes]","args":[{"selector":{"id":"application-managepartners-display-component---NewPartner--partnerDetailsCurrency-arrow"},"wdio_ui5_key":"applicationmanagepartners-display-component---NewPartner--partnerDetailsCurrency-arrow"}]}
RESULT: undefined
COMMAND: POST /session/eac9b0d7e8ced2053dbc37a41f3ce9ab/element - {"using":"xpath","value":"//*[@id=\"application-managepartners-display-component---NewPartner--partnerDetailsCurrency-arrow\"]"}
RESULT: {}
RESULT: {"using":"xpath","value":"//*[@id=\"application-managepartners-display-component---NewPartner--partnerDetailsCurrency-arrow\"]"}
COMMAND: POST /session/eac9b0d7e8ced2053dbc37a41f3ce9ab/element/f.6F465290622CE65C200047306CC70E60.d.E41EF91B09AF158138064382B7FBDB9A.e.2998/click - {}
RESULT: {}
COMMAND: POST /session/eac9b0d7e8ced2053dbc37a41f3ce9ab/element - {"using":"xpath","value":"//span[contains(text(), \"US Dollar\")]"}
COMMAND: GET /session/eac9b0d7e8ced2053dbc37a41f3ce9ab/screenshot - {}
RESULT: {"using":"xpath","value":"//span[contains(text(), \"US Dollar\")]"}
COMMAND: POST /session/eac9b0d7e8ced2053dbc37a41f3ce9ab/element/f.6F465290622CE65C200047306CC70E60.d.E41EF91B09AF158138064382B7FBDB9A.e.2999/click - {}
RESULT: {}
RESULT: {}
COMMAND: GET /session/eac9b0d7e8ced2053dbc37a41f3ce9ab/screenshot - {}
RESULT: {}
COMMAND: POST /session/eac9b0d7e8ced2053dbc37a41f3ce9ab/element - {"using":"xpath","value":"//input[@id=\"application-managepartners-display-component---NewPartner--companyCodeComboBox-inner\"]"}
RESULT: {"using":"xpath","value":"//input[@id=\"application-managepartners-display-component---NewPartner--companyCodeComboBox-inner\"]"}
COMMAND: POST /session/eac9b0d7e8ced2053dbc37a41f3ce9ab/element/f.6F465290622CE65C200047306CC70E60.d.E41EF91B09AF158138064382B7FBDB9A.e.2854/clear - {}
RESULT: {}
COMMAND: POST /session/eac9b0d7e8ced2053dbc37a41f3ce9ab/element/f.6F465290622CE65C200047306CC70E60.d.E41EF91B09AF158138064382B7FBDB9A.e.2854/value - {"text":"C002"}
COMMAND: GET /session/eac9b0d7e8ced2053dbc37a41f3ce9ab/screenshot - {}
RESULT: {"text":"C002"}
COMMAND: GET /session/eac9b0d7e8ced2053dbc37a41f3ce9ab/screenshot - {}
RESULT: {}
RESULT: {}
COMMAND: POST /session/eac9b0d7e8ced2053dbc37a41f3ce9ab/element - {"using":"xpath","value":"//li[.//span[text()= \"C002\"]]"}
RESULT: {"using":"xpath","value":"//li[.//span[text()= \"C002\"]]"}
COMMAND: POST /session/eac9b0d7e8ced2053dbc37a41f3ce9ab/element/f.6F465290622CE65C200047306CC70E60.d.E41EF91B09AF158138064382B7FBDB9A.e.3003/click - {}
RESULT: {}
COMMAND: GET /session/eac9b0d7e8ced2053dbc37a41f3ce9ab/screenshot - {}
RESULT: {}
COMMAND: POST /session/eac9b0d7e8ced2053dbc37a41f3ce9ab/execute/async - {"script":"<script> [1562 bytes]","args":[{"selector":{"id":"application-managepartners-display-component---NewPartner--btnAddTableRow-img"},"wdio_ui5_key":"applicationmanagepartners-display-component---NewPartner--btnAddTableRow-img"}]}
RESULT: {"script":"<script> [1562 bytes]","args":[{"selector":{"id":"application-managepartners-display-component---NewPartner--btnAddTableRow-img"},"wdio_ui5_key":"applicationmanagepartners-display-component---NewPartner--btnAddTableRow-img"}]}
RESULT: undefined
COMMAND: POST /session/eac9b0d7e8ced2053dbc37a41f3ce9ab/element - {"using":"xpath","value":"//*[@id=\"application-managepartners-display-component---NewPartner--btnAddTableRow-img\"]"}
RESULT: {"using":"xpath","value":"//*[@id=\"application-managepartners-display-component---NewPartner--btnAddTableRow-img\"]"}
COMMAND: POST /session/eac9b0d7e8ced2053dbc37a41f3ce9ab/element/f.6F465290622CE65C200047306CC70E60.d.E41EF91B09AF158138064382B7FBDB9A.e.3004/click - {}
RESULT: {}
COMMAND: GET /session/eac9b0d7e8ced2053dbc37a41f3ce9ab/screenshot - {}
RESULT: {}
COMMAND: POST /session/eac9b0d7e8ced2053dbc37a41f3ce9ab/element - {"using":"xpath","value":"//input[@id=\"application-managepartners-display-component---NewPartner--assignmentYard-application-managepartners-display-component---NewPartner--assignmentsTable-0-inner\"]"}
RESULT: {"using":"xpath","value":"//input[@id=\"application-managepartners-display-component---NewPartner--assignmentYard-application-managepartners-display-component---NewPartner--assignmentsTable-0-inner\"]"}
COMMAND: POST /session/eac9b0d7e8ced2053dbc37a41f3ce9ab/element/f.6F465290622CE65C200047306CC70E60.d.E41EF91B09AF158138064382B7FBDB9A.e.3007/clear - {}
RESULT: {}
COMMAND: POST /session/eac9b0d7e8ced2053dbc37a41f3ce9ab/element/f.6F465290622CE65C200047306CC70E60.d.E41EF91B09AF158138064382B7FBDB9A.e.3007/value - {"text":"412"}
COMMAND: GET /session/eac9b0d7e8ced2053dbc37a41f3ce9ab/screenshot - {}
RESULT: {"text":"412"}
COMMAND: GET /session/eac9b0d7e8ced2053dbc37a41f3ce9ab/screenshot - {}
RESULT: {}
RESULT: {}
COMMAND: POST /session/eac9b0d7e8ced2053dbc37a41f3ce9ab/element - {"using":"xpath","value":"//li[.//span[text()='412']]"}
RESULT: {"using":"xpath","value":"//li[.//span[text()='412']]"}
COMMAND: POST /session/eac9b0d7e8ced2053dbc37a41f3ce9ab/element/f.6F465290622CE65C200047306CC70E60.d.E41EF91B09AF158138064382B7FBDB9A.e.3015/click - {}
RESULT: {}
COMMAND: GET /session/eac9b0d7e8ced2053dbc37a41f3ce9ab/screenshot - {}
RESULT: {}
COMMAND: POST /session/eac9b0d7e8ced2053dbc37a41f3ce9ab/actions - {"actions":[{"id":"action6","type":"key","parameters":{},"actions":[{"type":"keyDown","value":"î€‡"},{"type":"pause","duration":10},{"type":"keyUp","value":"î€‡"}]}]}
RESULT: {"actions":[{"id":"action6","type":"key","parameters":{},"actions":[{"type":"keyDown","value":"î€‡"},{"type":"pause","duration":10},{"type":"keyUp","value":"î€‡"}]}]}
COMMAND: POST /session/eac9b0d7e8ced2053dbc37a41f3ce9ab/element - {"using":"xpath","value":"//td[contains(@id, \"assignmentsTable-0-cell2\")]/div/div"}
COMMAND: GET /session/eac9b0d7e8ced2053dbc37a41f3ce9ab/screenshot - {}
RESULT: {"using":"xpath","value":"//td[contains(@id, \"assignmentsTable-0-cell2\")]/div/div"}
COMMAND: POST /session/eac9b0d7e8ced2053dbc37a41f3ce9ab/element/f.6F465290622CE65C200047306CC70E60.d.E41EF91B09AF158138064382B7FBDB9A.e.3018/click - {}
RESULT: {}
RESULT: {}
COMMAND: GET /session/eac9b0d7e8ced2053dbc37a41f3ce9ab/screenshot - {}
RESULT: {}
COMMAND: POST /session/eac9b0d7e8ced2053dbc37a41f3ce9ab/element - {"using":"xpath","value":"//button[@data-kt=\"saveButton\"]"}
RESULT: {"using":"xpath","value":"//button[@data-kt=\"saveButton\"]"}
COMMAND: POST /session/eac9b0d7e8ced2053dbc37a41f3ce9ab/element/f.6F465290622CE65C200047306CC70E60.d.E41EF91B09AF158138064382B7FBDB9A.e.2891/click - {}
RESULT: {}
COMMAND: GET /session/eac9b0d7e8ced2053dbc37a41f3ce9ab/screenshot - {}
RESULT: {}
COMMAND: POST /session/eac9b0d7e8ced2053dbc37a41f3ce9ab/element - {"using":"xpath","value":"//header[contains(@id, 'ObjectPageLayout-headerTitle')]/div[1]/div[2]/div[2]/span[1]"}
RESULT: {"using":"xpath","value":"//header[contains(@id, 'ObjectPageLayout-headerTitle')]/div[1]/div[2]/div[2]/span[1]"}
COMMAND: POST /session/eac9b0d7e8ced2053dbc37a41f3ce9ab/elements - {"using":"xpath","value":"//header[contains(@id, 'ObjectPageLayout-headerTitle')]/div[1]/div[2]/div[2]/span[1]"}
RESULT: {"using":"xpath","value":"//header[contains(@id, 'ObjectPageLayout-headerTitle')]/div[1]/div[2]/div[2]/span[1]"}
COMMAND: POST /session/eac9b0d7e8ced2053dbc37a41f3ce9ab/execute/sync - {"script":"<script> [56 bytes]","args":[{"element-6066-11e4-a52e-4f735466cecf":"f.6F465290622CE65C200047306CC70E60.d.E41EF91B09AF158138064382B7FBDB9A.e.3182","ELEMENT":"f.6F465290622CE65C200047306CC70E60.d.E41EF91B09AF158138064382B7FBDB9A.e.3182"}]}
RESULT: {"script":"<script> [56 bytes]","args":[{"element-6066-11e4-a52e-4f735466cecf":"f.6F465290622CE65C200047306CC70E60.d.E41EF91B09AF158138064382B7FBDB9A.e.3182","ELEMENT":"f.6F465290622CE65C200047306CC70E60.d.E41EF91B09AF158138064382B7FBDB9A.e.3182"}]}
COMMAND: POST /session/eac9b0d7e8ced2053dbc37a41f3ce9ab/element - {"using":"css selector","value":"#shell-header-logo"}
COMMAND: GET /session/eac9b0d7e8ced2053dbc37a41f3ce9ab/screenshot - {}
RESULT: {"using":"css selector","value":"#shell-header-logo"}
COMMAND: POST /session/eac9b0d7e8ced2053dbc37a41f3ce9ab/element/f.6F465290622CE65C200047306CC70E60.d.E41EF91B09AF158138064382B7FBDB9A.e.2496/click - {}
RESULT: {}
RESULT: {}
COMMAND: GET /session/eac9b0d7e8ced2053dbc37a41f3ce9ab/screenshot - {}
RESULT: {}
COMMAND: POST /session/eac9b0d7e8ced2053dbc37a41f3ce9ab/execute/sync - {"script":"<script> [299 bytes]","args":[["getModel","getResource"]]}
RESULT: {"script":"<script> [299 bytes]","args":[["getModel","getResource"]]}
]]></system-out>
    </testcase>
    <testcase classname="chrome.136_0_7103_93.windows.Create_partner_US118246" name="Should create a new yard in case create yard failed" time="0.006">
      <system-out><![CDATA[
COMMAND: GET /session/eac9b0d7e8ced2053dbc37a41f3ce9ab/screenshot - {}
]]></system-out>
    </testcase>
    <testcase classname="chrome.136_0_7103_93.windows.Create_partner_US118246" name="Should create new external WHM partner" time="96.034">
      <system-out><![CDATA[
COMMAND: POST /session/eac9b0d7e8ced2053dbc37a41f3ce9ab/window/fullscreen - {}
RESULT: {}
RESULT: {}
RESULT: undefined
COMMAND: POST /session/eac9b0d7e8ced2053dbc37a41f3ce9ab/element - {"using":"xpath","value":"//*[@id=\"__tile38\"]"}
RESULT: {"using":"xpath","value":"//*[@id=\"__tile38\"]"}
COMMAND: POST /session/eac9b0d7e8ced2053dbc37a41f3ce9ab/element/f.6F465290622CE65C200047306CC70E60.d.E41EF91B09AF158138064382B7FBDB9A.e.2385/click - {}
RESULT: {}
COMMAND: GET /session/eac9b0d7e8ced2053dbc37a41f3ce9ab/screenshot - {}
RESULT: {}
COMMAND: POST /session/eac9b0d7e8ced2053dbc37a41f3ce9ab/elements - {"using":"xpath","value":"//span[text()='Error']"}
RESULT: {"using":"xpath","value":"//span[text()='Error']"}
COMMAND: POST /session/eac9b0d7e8ced2053dbc37a41f3ce9ab/element - {"using":"xpath","value":"//button[@data-kt=\"addButton\"]"}
RESULT: {"using":"xpath","value":"//button[@data-kt=\"addButton\"]"}
COMMAND: POST /session/eac9b0d7e8ced2053dbc37a41f3ce9ab/elements - {"using":"xpath","value":"//button[@data-kt=\"addButton\"]"}
RESULT: {"using":"xpath","value":"//button[@data-kt=\"addButton\"]"}
COMMAND: POST /session/eac9b0d7e8ced2053dbc37a41f3ce9ab/execute/sync - {"script":"<script> [8489 bytes]","args":[{"element-6066-11e4-a52e-4f735466cecf":"f.6F465290622CE65C200047306CC70E60.d.E41EF91B09AF158138064382B7FBDB9A.e.3230","ELEMENT":"f.6F465290622CE65C200047306CC70E60.d.E41EF91B09AF158138064382B7FBDB9A.e.3230"}]}
RESULT: {"script":"<script> [8489 bytes]","args":[{"element-6066-11e4-a52e-4f735466cecf":"f.6F465290622CE65C200047306CC70E60.d.E41EF91B09AF158138064382B7FBDB9A.e.3230","ELEMENT":"f.6F465290622CE65C200047306CC70E60.d.E41EF91B09AF158138064382B7FBDB9A.e.3230"}]}
COMMAND: GET /session/eac9b0d7e8ced2053dbc37a41f3ce9ab/element/f.6F465290622CE65C200047306CC70E60.d.E41EF91B09AF158138064382B7FBDB9A.e.3230/enabled - {}
COMMAND: GET /session/eac9b0d7e8ced2053dbc37a41f3ce9ab/screenshot - {}
RESULT: {}
COMMAND: POST /session/eac9b0d7e8ced2053dbc37a41f3ce9ab/execute/sync - {"script":"<script> [8489 bytes]","args":[{"element-6066-11e4-a52e-4f735466cecf":"f.6F465290622CE65C200047306CC70E60.d.E41EF91B09AF158138064382B7FBDB9A.e.3230","ELEMENT":"f.6F465290622CE65C200047306CC70E60.d.E41EF91B09AF158138064382B7FBDB9A.e.3230"}]}
COMMAND: GET /session/eac9b0d7e8ced2053dbc37a41f3ce9ab/screenshot - {}
RESULT: {}
RESULT: {"script":"<script> [8489 bytes]","args":[{"element-6066-11e4-a52e-4f735466cecf":"f.6F465290622CE65C200047306CC70E60.d.E41EF91B09AF158138064382B7FBDB9A.e.3230","ELEMENT":"f.6F465290622CE65C200047306CC70E60.d.E41EF91B09AF158138064382B7FBDB9A.e.3230"}]}
COMMAND: POST /session/eac9b0d7e8ced2053dbc37a41f3ce9ab/execute/sync - {"script":"<script> [5351 bytes]","args":[{"element-6066-11e4-a52e-4f735466cecf":"f.6F465290622CE65C200047306CC70E60.d.E41EF91B09AF158138064382B7FBDB9A.e.3230","ELEMENT":"f.6F465290622CE65C200047306CC70E60.d.E41EF91B09AF158138064382B7FBDB9A.e.3230"}]}
COMMAND: GET /session/eac9b0d7e8ced2053dbc37a41f3ce9ab/screenshot - {}
RESULT: {}
RESULT: {"script":"<script> [5351 bytes]","args":[{"element-6066-11e4-a52e-4f735466cecf":"f.6F465290622CE65C200047306CC70E60.d.E41EF91B09AF158138064382B7FBDB9A.e.3230","ELEMENT":"f.6F465290622CE65C200047306CC70E60.d.E41EF91B09AF158138064382B7FBDB9A.e.3230"}]}
COMMAND: POST /session/eac9b0d7e8ced2053dbc37a41f3ce9ab/element/f.6F465290622CE65C200047306CC70E60.d.E41EF91B09AF158138064382B7FBDB9A.e.3230/click - {}
COMMAND: GET /session/eac9b0d7e8ced2053dbc37a41f3ce9ab/screenshot - {}
RESULT: {}
RESULT: {}
COMMAND: GET /session/eac9b0d7e8ced2053dbc37a41f3ce9ab/screenshot - {}
RESULT: undefined
COMMAND: POST /session/eac9b0d7e8ced2053dbc37a41f3ce9ab/execute/async - {"script":"<script> [776 bytes]","args":[{"enterText":"External Partner WDIO","selector":{"id":"application-managepartners-display-component---NewPartner--addressDetailDetailsName1","interaction":{"idSuffix":"inner"}},"clearTextFirst":true,"interactionType":"ENTER_TEXT"}]}
RESULT: {}
RESULT: {}
RESULT: {"script":"<script> [776 bytes]","args":[{"enterText":"External Partner WDIO","selector":{"id":"application-managepartners-display-component---NewPartner--addressDetailDetailsName1","interaction":{"idSuffix":"inner"}},"clearTextFirst":true,"interactionType":"ENTER_TEXT"}]}
RESULT: undefined
COMMAND: POST /session/eac9b0d7e8ced2053dbc37a41f3ce9ab/element - {"using":"xpath","value":"//*[@id=\"application-managepartners-display-component---NewPartner--addressDetailDetailsLanguage-arrow\"]"}
RESULT: {"using":"xpath","value":"//*[@id=\"application-managepartners-display-component---NewPartner--addressDetailDetailsLanguage-arrow\"]"}
COMMAND: POST /session/eac9b0d7e8ced2053dbc37a41f3ce9ab/element/f.6F465290622CE65C200047306CC70E60.d.E41EF91B09AF158138064382B7FBDB9A.e.3664/click - {}
RESULT: {}
COMMAND: POST /session/eac9b0d7e8ced2053dbc37a41f3ce9ab/element - {"using":"xpath","value":"//span[contains(text(), \"English\")]"}
COMMAND: GET /session/eac9b0d7e8ced2053dbc37a41f3ce9ab/screenshot - {}
RESULT: {"using":"xpath","value":"//span[contains(text(), \"English\")]"}
COMMAND: POST /session/eac9b0d7e8ced2053dbc37a41f3ce9ab/element/f.6F465290622CE65C200047306CC70E60.d.E41EF91B09AF158138064382B7FBDB9A.e.3665/click - {}
RESULT: {}
RESULT: {}
COMMAND: GET /session/eac9b0d7e8ced2053dbc37a41f3ce9ab/screenshot - {}
RESULT: {}
RESULT: undefined
COMMAND: POST /session/eac9b0d7e8ced2053dbc37a41f3ce9ab/execute/async - {"script":"<script> [776 bytes]","args":[{"enterText":"Rosario","selector":{"id":"application-managepartners-display-component---NewPartner--addressDetailDetailsCity1","interaction":{"idSuffix":"inner"}},"clearTextFirst":true,"interactionType":"ENTER_TEXT"}]}
RESULT: {"script":"<script> [776 bytes]","args":[{"enterText":"Rosario","selector":{"id":"application-managepartners-display-component---NewPartner--addressDetailDetailsCity1","interaction":{"idSuffix":"inner"}},"clearTextFirst":true,"interactionType":"ENTER_TEXT"}]}
RESULT: undefined
COMMAND: POST /session/eac9b0d7e8ced2053dbc37a41f3ce9ab/element - {"using":"xpath","value":"//*[@id=\"application-managepartners-display-component---NewPartner--addressDetailDetailsCountry-arrow\"]"}
RESULT: {"using":"xpath","value":"//*[@id=\"application-managepartners-display-component---NewPartner--addressDetailDetailsCountry-arrow\"]"}
COMMAND: POST /session/eac9b0d7e8ced2053dbc37a41f3ce9ab/element/f.6F465290622CE65C200047306CC70E60.d.E41EF91B09AF158138064382B7FBDB9A.e.3645/click - {}
RESULT: {}
COMMAND: POST /session/eac9b0d7e8ced2053dbc37a41f3ce9ab/element - {"using":"xpath","value":"//span[contains(text(), \"Argentina\")]"}
COMMAND: GET /session/eac9b0d7e8ced2053dbc37a41f3ce9ab/screenshot - {}
RESULT: {"using":"xpath","value":"//span[contains(text(), \"Argentina\")]"}
COMMAND: POST /session/eac9b0d7e8ced2053dbc37a41f3ce9ab/element/f.6F465290622CE65C200047306CC70E60.d.E41EF91B09AF158138064382B7FBDB9A.e.3666/click - {}
RESULT: {}
RESULT: {}
COMMAND: GET /session/eac9b0d7e8ced2053dbc37a41f3ce9ab/screenshot - {}
RESULT: {}
COMMAND: POST /session/eac9b0d7e8ced2053dbc37a41f3ce9ab/element - {"using":"xpath","value":"//bdi[contains(text(), \"Commercial\")]"}
RESULT: {"using":"xpath","value":"//bdi[contains(text(), \"Commercial\")]"}
COMMAND: POST /session/eac9b0d7e8ced2053dbc37a41f3ce9ab/element/f.6F465290622CE65C200047306CC70E60.d.E41EF91B09AF158138064382B7FBDB9A.e.3667/click - {}
RESULT: {}
COMMAND: GET /session/eac9b0d7e8ced2053dbc37a41f3ce9ab/screenshot - {}
RESULT: {}
RESULT: undefined
COMMAND: POST /session/eac9b0d7e8ced2053dbc37a41f3ce9ab/element - {"using":"xpath","value":"//*[@id=\"application-managepartners-display-component---NewPartner--partnerDetailInternal-arrow\"]"}
RESULT: {"using":"xpath","value":"//*[@id=\"application-managepartners-display-component---NewPartner--partnerDetailInternal-arrow\"]"}
COMMAND: POST /session/eac9b0d7e8ced2053dbc37a41f3ce9ab/element/f.6F465290622CE65C200047306CC70E60.d.E41EF91B09AF158138064382B7FBDB9A.e.3673/click - {}
RESULT: {}
COMMAND: POST /session/eac9b0d7e8ced2053dbc37a41f3ce9ab/element - {"using":"xpath","value":"//span[contains(text(), \"External partner\")]"}
COMMAND: GET /session/eac9b0d7e8ced2053dbc37a41f3ce9ab/screenshot - {}
RESULT: {"using":"xpath","value":"//span[contains(text(), \"External partner\")]"}
COMMAND: POST /session/eac9b0d7e8ced2053dbc37a41f3ce9ab/element/f.6F465290622CE65C200047306CC70E60.d.E41EF91B09AF158138064382B7FBDB9A.e.3675/click - {}
RESULT: {}
RESULT: {}
RESULT: undefined
COMMAND: POST /session/eac9b0d7e8ced2053dbc37a41f3ce9ab/element - {"using":"xpath","value":"//*[@id=\"application-managepartners-display-component---NewPartner--partnerDetailsCurrency-arrow\"]"}
COMMAND: GET /session/eac9b0d7e8ced2053dbc37a41f3ce9ab/screenshot - {}
RESULT: {"using":"xpath","value":"//*[@id=\"application-managepartners-display-component---NewPartner--partnerDetailsCurrency-arrow\"]"}
COMMAND: POST /session/eac9b0d7e8ced2053dbc37a41f3ce9ab/element/f.6F465290622CE65C200047306CC70E60.d.E41EF91B09AF158138064382B7FBDB9A.e.3680/click - {}
RESULT: {}
RESULT: {}
COMMAND: POST /session/eac9b0d7e8ced2053dbc37a41f3ce9ab/element - {"using":"xpath","value":"//span[contains(text(), \"US Dollar\")]"}
COMMAND: GET /session/eac9b0d7e8ced2053dbc37a41f3ce9ab/screenshot - {}
RESULT: {}
RESULT: {"using":"xpath","value":"//span[contains(text(), \"US Dollar\")]"}
COMMAND: POST /session/eac9b0d7e8ced2053dbc37a41f3ce9ab/element/f.6F465290622CE65C200047306CC70E60.d.E41EF91B09AF158138064382B7FBDB9A.e.3681/click - {}
RESULT: {}
COMMAND: GET /session/eac9b0d7e8ced2053dbc37a41f3ce9ab/screenshot - {}
RESULT: {}
COMMAND: POST /session/eac9b0d7e8ced2053dbc37a41f3ce9ab/element - {"using":"xpath","value":"//input[@id=\"application-managepartners-display-component---NewPartner--companyCodeComboBox-inner\"]"}
RESULT: {"using":"xpath","value":"//input[@id=\"application-managepartners-display-component---NewPartner--companyCodeComboBox-inner\"]"}
COMMAND: POST /session/eac9b0d7e8ced2053dbc37a41f3ce9ab/element/f.6F465290622CE65C200047306CC70E60.d.E41EF91B09AF158138064382B7FBDB9A.e.3617/clear - {}
RESULT: {}
COMMAND: POST /session/eac9b0d7e8ced2053dbc37a41f3ce9ab/element/f.6F465290622CE65C200047306CC70E60.d.E41EF91B09AF158138064382B7FBDB9A.e.3617/value - {"text":"C002"}
COMMAND: GET /session/eac9b0d7e8ced2053dbc37a41f3ce9ab/screenshot - {}
RESULT: {"text":"C002"}
COMMAND: GET /session/eac9b0d7e8ced2053dbc37a41f3ce9ab/screenshot - {}
RESULT: {}
RESULT: {}
COMMAND: POST /session/eac9b0d7e8ced2053dbc37a41f3ce9ab/element - {"using":"xpath","value":"//li[.//span[text()= \"C002\"]]"}
RESULT: {"using":"xpath","value":"//li[.//span[text()= \"C002\"]]"}
COMMAND: POST /session/eac9b0d7e8ced2053dbc37a41f3ce9ab/element/f.6F465290622CE65C200047306CC70E60.d.E41EF91B09AF158138064382B7FBDB9A.e.3685/click - {}
RESULT: {}
COMMAND: GET /session/eac9b0d7e8ced2053dbc37a41f3ce9ab/screenshot - {}
RESULT: {}
RESULT: undefined
COMMAND: POST /session/eac9b0d7e8ced2053dbc37a41f3ce9ab/element - {"using":"xpath","value":"//*[@id=\"application-managepartners-display-component---NewPartner--btnAddTableRow-img\"]"}
RESULT: {"using":"xpath","value":"//*[@id=\"application-managepartners-display-component---NewPartner--btnAddTableRow-img\"]"}
COMMAND: POST /session/eac9b0d7e8ced2053dbc37a41f3ce9ab/element/f.6F465290622CE65C200047306CC70E60.d.E41EF91B09AF158138064382B7FBDB9A.e.3686/click - {}
RESULT: {}
COMMAND: GET /session/eac9b0d7e8ced2053dbc37a41f3ce9ab/screenshot - {}
RESULT: {}
COMMAND: POST /session/eac9b0d7e8ced2053dbc37a41f3ce9ab/element - {"using":"xpath","value":"//input[@id=\"application-managepartners-display-component---NewPartner--assignmentYard-application-managepartners-display-component---NewPartner--assignmentsTable-0-inner\"]"}
RESULT: {"using":"xpath","value":"//input[@id=\"application-managepartners-display-component---NewPartner--assignmentYard-application-managepartners-display-component---NewPartner--assignmentsTable-0-inner\"]"}
COMMAND: POST /session/eac9b0d7e8ced2053dbc37a41f3ce9ab/element/f.6F465290622CE65C200047306CC70E60.d.E41EF91B09AF158138064382B7FBDB9A.e.3689/clear - {}
RESULT: {}
COMMAND: POST /session/eac9b0d7e8ced2053dbc37a41f3ce9ab/element/f.6F465290622CE65C200047306CC70E60.d.E41EF91B09AF158138064382B7FBDB9A.e.3689/value - {"text":"414"}
COMMAND: GET /session/eac9b0d7e8ced2053dbc37a41f3ce9ab/screenshot - {}
RESULT: {"text":"414"}
COMMAND: GET /session/eac9b0d7e8ced2053dbc37a41f3ce9ab/screenshot - {}
RESULT: {}
RESULT: {}
COMMAND: POST /session/eac9b0d7e8ced2053dbc37a41f3ce9ab/element - {"using":"xpath","value":"//li[.//span[text()='414']]"}
RESULT: {"using":"xpath","value":"//li[.//span[text()='414']]"}
COMMAND: POST /session/eac9b0d7e8ced2053dbc37a41f3ce9ab/element/f.6F465290622CE65C200047306CC70E60.d.E41EF91B09AF158138064382B7FBDB9A.e.3697/click - {}
RESULT: {}
COMMAND: GET /session/eac9b0d7e8ced2053dbc37a41f3ce9ab/screenshot - {}
RESULT: {}
COMMAND: POST /session/eac9b0d7e8ced2053dbc37a41f3ce9ab/actions - {"actions":[{"id":"action7","type":"key","parameters":{},"actions":[{"type":"keyDown","value":"î€‡"},{"type":"pause","duration":10},{"type":"keyUp","value":"î€‡"}]}]}
RESULT: {"actions":[{"id":"action7","type":"key","parameters":{},"actions":[{"type":"keyDown","value":"î€‡"},{"type":"pause","duration":10},{"type":"keyUp","value":"î€‡"}]}]}
COMMAND: POST /session/eac9b0d7e8ced2053dbc37a41f3ce9ab/element - {"using":"xpath","value":"//td[contains(@id, \"assignmentsTable-0-cell2\")]/div/div"}
COMMAND: GET /session/eac9b0d7e8ced2053dbc37a41f3ce9ab/screenshot - {}
RESULT: {"using":"xpath","value":"//td[contains(@id, \"assignmentsTable-0-cell2\")]/div/div"}
COMMAND: POST /session/eac9b0d7e8ced2053dbc37a41f3ce9ab/element/f.6F465290622CE65C200047306CC70E60.d.E41EF91B09AF158138064382B7FBDB9A.e.3700/click - {}
RESULT: {}
RESULT: {}
COMMAND: GET /session/eac9b0d7e8ced2053dbc37a41f3ce9ab/screenshot - {}
RESULT: {}
COMMAND: POST /session/eac9b0d7e8ced2053dbc37a41f3ce9ab/element - {"using":"xpath","value":"//button[@data-kt=\"saveButton\"]"}
RESULT: {"using":"xpath","value":"//button[@data-kt=\"saveButton\"]"}
COMMAND: POST /session/eac9b0d7e8ced2053dbc37a41f3ce9ab/element/f.6F465290622CE65C200047306CC70E60.d.E41EF91B09AF158138064382B7FBDB9A.e.3622/click - {}
RESULT: {}
COMMAND: GET /session/eac9b0d7e8ced2053dbc37a41f3ce9ab/screenshot - {}
RESULT: {}
COMMAND: POST /session/eac9b0d7e8ced2053dbc37a41f3ce9ab/element - {"using":"xpath","value":"//header[contains(@id, 'ObjectPageLayout-headerTitle')]/div[1]/div[2]/div[2]/span[1]"}
RESULT: {"using":"xpath","value":"//header[contains(@id, 'ObjectPageLayout-headerTitle')]/div[1]/div[2]/div[2]/span[1]"}
COMMAND: POST /session/eac9b0d7e8ced2053dbc37a41f3ce9ab/elements - {"using":"xpath","value":"//header[contains(@id, 'ObjectPageLayout-headerTitle')]/div[1]/div[2]/div[2]/span[1]"}
RESULT: {"using":"xpath","value":"//header[contains(@id, 'ObjectPageLayout-headerTitle')]/div[1]/div[2]/div[2]/span[1]"}
COMMAND: POST /session/eac9b0d7e8ced2053dbc37a41f3ce9ab/execute/sync - {"script":"<script> [56 bytes]","args":[{"element-6066-11e4-a52e-4f735466cecf":"f.6F465290622CE65C200047306CC70E60.d.E41EF91B09AF158138064382B7FBDB9A.e.3864","ELEMENT":"f.6F465290622CE65C200047306CC70E60.d.E41EF91B09AF158138064382B7FBDB9A.e.3864"}]}
RESULT: {"script":"<script> [56 bytes]","args":[{"element-6066-11e4-a52e-4f735466cecf":"f.6F465290622CE65C200047306CC70E60.d.E41EF91B09AF158138064382B7FBDB9A.e.3864","ELEMENT":"f.6F465290622CE65C200047306CC70E60.d.E41EF91B09AF158138064382B7FBDB9A.e.3864"}]}
COMMAND: POST /session/eac9b0d7e8ced2053dbc37a41f3ce9ab/element - {"using":"css selector","value":"#shell-header-logo"}
COMMAND: GET /session/eac9b0d7e8ced2053dbc37a41f3ce9ab/screenshot - {}
RESULT: {"using":"css selector","value":"#shell-header-logo"}
COMMAND: POST /session/eac9b0d7e8ced2053dbc37a41f3ce9ab/element/f.6F465290622CE65C200047306CC70E60.d.E41EF91B09AF158138064382B7FBDB9A.e.3185/click - {}
RESULT: {}
RESULT: {}
COMMAND: GET /session/eac9b0d7e8ced2053dbc37a41f3ce9ab/screenshot - {}
RESULT: {}
COMMAND: POST /session/eac9b0d7e8ced2053dbc37a41f3ce9ab/execute/sync - {"script":"<script> [299 bytes]","args":[["getModel","getResource"]]}
RESULT: {"script":"<script> [299 bytes]","args":[["getModel","getResource"]]}
COMMAND: GET /session/eac9b0d7e8ced2053dbc37a41f3ce9ab/screenshot - {}
COMMAND: POST /session/eac9b0d7e8ced2053dbc37a41f3ce9ab/refresh - {}
RESULT: {}
RESULT: {}
COMMAND: GET /session/eac9b0d7e8ced2053dbc37a41f3ce9ab/screenshot - {}
RESULT: {}
COMMAND: POST /session/eac9b0d7e8ced2053dbc37a41f3ce9ab/refresh - {}
RESULT: {}
COMMAND: GET /session/eac9b0d7e8ced2053dbc37a41f3ce9ab/screenshot - {}
RESULT: {}
COMMAND: POST /session/eac9b0d7e8ced2053dbc37a41f3ce9ab/window/fullscreen - {}
RESULT: {}
COMMAND: POST /session/eac9b0d7e8ced2053dbc37a41f3ce9ab/execute/async - {"script":"<script> [189 bytes]","args":[]}
RESULT: {"script":"<script> [189 bytes]","args":[]}
COMMAND: POST /session/eac9b0d7e8ced2053dbc37a41f3ce9ab/execute/async - {"script":"<script> [123 bytes]","args":[]}
RESULT: {"script":"<script> [123 bytes]","args":[]}
COMMAND: POST /session/eac9b0d7e8ced2053dbc37a41f3ce9ab/timeouts - {"script":"<number>"}
RESULT: {"script":"<number>"}
COMMAND: GET /session/eac9b0d7e8ced2053dbc37a41f3ce9ab/timeouts - {}
RESULT: {}
RESULT: undefined
COMMAND: POST /session/eac9b0d7e8ced2053dbc37a41f3ce9ab/execute/async - {"script":"<script> [2676 bytes]","args":[]}
RESULT: {"script":"<script> [2676 bytes]","args":[]}
COMMAND: POST /session/eac9b0d7e8ced2053dbc37a41f3ce9ab/execute/async - {"script":"<script> [2342 bytes]","args":[{"protocol":"http","hostname":"0.0.0.0","path":"/","capabilities":{"browserName":"chrome","goog:chromeOptions":{"binary":"C:\\Program Files\\Google\\Chrome\\Application\\chrome.exe","args":["--start-maximized"]}},"logLevel":"warn","connectionRetryTimeout":120000,"connectionRetryCount":3,"logLevels":{},"enableDirectConnect":true,"strictSSL":true,"_":"65 more keys: [\"cacheDir\",\"port\",\"requestedCapabilities\",\"automationProtocol\",\"baseUrl\",\"waitforInterval\",\"waitforTimeout\",\"onReload\",\"beforeCommand\",\"afterCommand\",\"rootDir\",\"specs\",\"suites\",\"exclude\",\"groupLogsByTestSpec\",\"excludeDriverLogs\",\"bail\",\"framework\",\"reporters\",\"services\",\"maxInstances\",\"maxInstancesPerCapability\",\"injectGlobals\",\"filesToWatch\",\"execArgv\",\"runnerEnv\",\"runner\",\"shard\",\"specFileRetries\",\"specFileRetriesDelay\",\"specFileRetriesDeferred\",\"reporterSyncInterval\",\"reporterSyncTimeout\",\"cucumberFeaturesWithLineNumbers\",\"autoCompileOpts\",\"mochaOpts\",\"jasmineOpts\",\"cucumberOpts\",\"onPrepare\",\"onWorkerStart\",\"onWorkerEnd\",\"before\",\"beforeSession\",\"beforeSuite\",\"beforeHook\",\"beforeTest\",\"afterTest\",\"afterHook\",\"afterSuite\",\"afterSession\",\"after\",\"onComplete\",\"beforeAssertion\",\"afterAssertion\",\"beforeFeature\",\"beforeScenario\",\"beforeStep\",\"afterStep\",\"afterScenario\",\"afterFeature\",\"_\",\"suite\",\"$0\",\"ignoredWorkerServices\",\"wdi5\"]"}]}
RESULT: {"script":"<script> [2342 bytes]","args":[{"protocol":"http","hostname":"0.0.0.0","path":"/","capabilities":{"browserName":"chrome","goog:chromeOptions":{"binary":"C:\\Program Files\\Google\\Chrome\\Application\\chrome.exe","args":["--start-maximized"]}},"logLevel":"warn","connectionRetryTimeout":120000,"connectionRetryCount":3,"logLevels":{},"enableDirectConnect":true,"strictSSL":true,"_":"65 more keys: [\"cacheDir\",\"port\",\"requestedCapabilities\",\"automationProtocol\",\"baseUrl\",\"waitforInterval\",\"waitforTimeout\",\"onReload\",\"beforeCommand\",\"afterCommand\",\"rootDir\",\"specs\",\"suites\",\"exclude\",\"groupLogsByTestSpec\",\"excludeDriverLogs\",\"bail\",\"framework\",\"reporters\",\"services\",\"maxInstances\",\"maxInstancesPerCapability\",\"injectGlobals\",\"filesToWatch\",\"execArgv\",\"runnerEnv\",\"runner\",\"shard\",\"specFileRetries\",\"specFileRetriesDelay\",\"specFileRetriesDeferred\",\"reporterSyncInterval\",\"reporterSyncTimeout\",\"cucumberFeaturesWithLineNumbers\",\"autoCompileOpts\",\"mochaOpts\",\"jasmineOpts\",\"cucumberOpts\",\"onPrepare\",\"onWorkerStart\",\"onWorkerEnd\",\"before\",\"beforeSession\",\"beforeSuite\",\"beforeHook\",\"beforeTest\",\"afterTest\",\"afterHook\",\"afterSuite\",\"afterSession\",\"after\",\"onComplete\",\"beforeAssertion\",\"afterAssertion\",\"beforeFeature\",\"beforeScenario\",\"beforeStep\",\"afterStep\",\"afterScenario\",\"afterFeature\",\"_\",\"suite\",\"$0\",\"ignoredWorkerServices\",\"wdi5\"]"}]}
COMMAND: POST /session/eac9b0d7e8ced2053dbc37a41f3ce9ab/execute/async - {"script":"<script> [21126 bytes]","args":[35000]}
RESULT: {"script":"<script> [21126 bytes]","args":[35000]}
COMMAND: POST /session/eac9b0d7e8ced2053dbc37a41f3ce9ab/element - {"using":"css selector","value":"#shell-header-logo"}
RESULT: {"using":"css selector","value":"#shell-header-logo"}
COMMAND: POST /session/eac9b0d7e8ced2053dbc37a41f3ce9ab/element/f.6F465290622CE65C200047306CC70E60.d.DA982D22699AECC1A5BB82411DEE6265.e.4009/click - {}
RESULT: {}
COMMAND: GET /session/eac9b0d7e8ced2053dbc37a41f3ce9ab/screenshot - {}
RESULT: {}
COMMAND: POST /session/eac9b0d7e8ced2053dbc37a41f3ce9ab/execute/async - {"script":"<script> [1562 bytes]","args":[{"selector":{"controlType":"sap.m.GenericTile","properties":{"header":"Manage Sites"}},"wdio_ui5_key":"sapm.GenericTile{\"header\":\"Manage Sites\"}"}]}
RESULT: {"script":"<script> [1562 bytes]","args":[{"selector":{"controlType":"sap.m.GenericTile","properties":{"header":"Manage Sites"}},"wdio_ui5_key":"sapm.GenericTile{\"header\":\"Manage Sites\"}"}]}
RESULT: undefined
COMMAND: POST /session/eac9b0d7e8ced2053dbc37a41f3ce9ab/element - {"using":"xpath","value":"//*[@id=\"__tile32\"]"}
RESULT: {"using":"xpath","value":"//*[@id=\"__tile32\"]"}
COMMAND: POST /session/eac9b0d7e8ced2053dbc37a41f3ce9ab/element/f.6F465290622CE65C200047306CC70E60.d.DA982D22699AECC1A5BB82411DEE6265.e.3937/click - {}
RESULT: {}
COMMAND: GET /session/eac9b0d7e8ced2053dbc37a41f3ce9ab/screenshot - {}
RESULT: {}
COMMAND: POST /session/eac9b0d7e8ced2053dbc37a41f3ce9ab/elements - {"using":"xpath","value":"//span[text()='Error']"}
RESULT: {"using":"xpath","value":"//span[text()='Error']"}
]]></system-out>
    </testcase>
  </testsuite>
  <testsuite timestamp="2025-05-15T17:39:16" time="189.58" tests="2" failures="0" errors="0" skipped="0">
    <properties>
      <property name="specId" value="0" />
      <property name="suiteName" value="Create 2 sites US118246" />
      <property name="capabilities" value="chrome.136_0_7103_93.windows" />
      <property name="file" value="file:///D:/a/1/s/test/specs/R2C/create-site.spec.js" />
    </properties>
    <testcase classname="chrome.136_0_7103_93.windows.Create_2_sites_US118246" name="Should create new site" time="75.477">
      <system-out><![CDATA[
COMMAND: POST /session/eac9b0d7e8ced2053dbc37a41f3ce9ab/execute/async - {"script":"<script> [1562 bytes]","args":[{"selector":{"controlType":"sap.m.Title","viewName":"etm.portal.ui.managesites.view.Master","viewId":"application-managesites-display-component---masterSite","i18NText":{"propertyName":"text","key":"sites"}},"wdio_ui5_key":"etmportal.ui.managesites.view.Mastersap.m.Title{\"propertyName\":\"text\",\"key\":\"sites\"}"}]}
RESULT: {"script":"<script> [1562 bytes]","args":[{"selector":{"controlType":"sap.m.Title","viewName":"etm.portal.ui.managesites.view.Master","viewId":"application-managesites-display-component---masterSite","i18NText":{"propertyName":"text","key":"sites"}},"wdio_ui5_key":"etmportal.ui.managesites.view.Mastersap.m.Title{\"propertyName\":\"text\",\"key\":\"sites\"}"}]}
RESULT: undefined
COMMAND: POST /session/eac9b0d7e8ced2053dbc37a41f3ce9ab/execute/async - {"script":"<script> [6424 bytes]","args":[{"element-6066-11e4-a52e-4f735466cecf":"f.6F465290622CE65C200047306CC70E60.d.DA982D22699AECC1A5BB82411DEE6265.e.4185"},"getText",[]]}
RESULT: {"script":"<script> [6424 bytes]","args":[{"element-6066-11e4-a52e-4f735466cecf":"f.6F465290622CE65C200047306CC70E60.d.DA982D22699AECC1A5BB82411DEE6265.e.4185"},"getText",[]]}
COMMAND: POST /session/eac9b0d7e8ced2053dbc37a41f3ce9ab/execute/async - {"script":"<script> [1562 bytes]","args":[{"selector":{"controlType":"sap.ui.core.Icon","viewName":"etm.portal.ui.managesites.view.Master","viewId":"application-managesites-display-component---masterSite","properties":{"src":{"regex":{"source":"add"}}}},"wdio_ui5_key":"etmportal.ui.managesites.view.Mastersap.ui.core.Icon{\"src\":{\"regex\":{\"source\":\"add\"}}}"}]}
RESULT: {"script":"<script> [1562 bytes]","args":[{"selector":{"controlType":"sap.ui.core.Icon","viewName":"etm.portal.ui.managesites.view.Master","viewId":"application-managesites-display-component---masterSite","properties":{"src":{"regex":{"source":"add"}}}},"wdio_ui5_key":"etmportal.ui.managesites.view.Mastersap.ui.core.Icon{\"src\":{\"regex\":{\"source\":\"add\"}}}"}]}
RESULT: undefined
COMMAND: POST /session/eac9b0d7e8ced2053dbc37a41f3ce9ab/element - {"using":"xpath","value":"//*[@id=\"__button4-img\"]"}
RESULT: {"using":"xpath","value":"//*[@id=\"__button4-img\"]"}
COMMAND: POST /session/eac9b0d7e8ced2053dbc37a41f3ce9ab/element/f.6F465290622CE65C200047306CC70E60.d.DA982D22699AECC1A5BB82411DEE6265.e.4060/click - {}
RESULT: {}
COMMAND: POST /session/eac9b0d7e8ced2053dbc37a41f3ce9ab/execute/async - {"script":"<script> [1562 bytes]","args":[{"selector":{"id":"application-managesites-display-component---NewSite--siteId","interaction":{"idSuffix":"inner"}},"wdio_ui5_key":"applicationmanagesites-display-component---NewSite--siteId"}]}
COMMAND: GET /session/eac9b0d7e8ced2053dbc37a41f3ce9ab/screenshot - {}
RESULT: {"script":"<script> [1562 bytes]","args":[{"selector":{"id":"application-managesites-display-component---NewSite--siteId","interaction":{"idSuffix":"inner"}},"wdio_ui5_key":"applicationmanagesites-display-component---NewSite--siteId"}]}
RESULT: undefined
COMMAND: POST /session/eac9b0d7e8ced2053dbc37a41f3ce9ab/execute/async - {"script":"<script> [1562 bytes]","args":[{"selector":{"id":"application-managesites-display-component---NewSite--addressDetailDetailsName1","interaction":{"idSuffix":"inner"}},"wdio_ui5_key":"applicationmanagesites-display-component---NewSite--addressDetailDetailsName1"}]}
RESULT: {}
RESULT: {"script":"<script> [1562 bytes]","args":[{"selector":{"id":"application-managesites-display-component---NewSite--addressDetailDetailsName1","interaction":{"idSuffix":"inner"}},"wdio_ui5_key":"applicationmanagesites-display-component---NewSite--addressDetailDetailsName1"}]}
RESULT: undefined
COMMAND: POST /session/eac9b0d7e8ced2053dbc37a41f3ce9ab/execute/async - {"script":"<script> [776 bytes]","args":[{"enterText":"Webdriver Site cdc88j","selector":{"id":"application-managesites-display-component---NewSite--addressDetailDetailsName1","interaction":{"idSuffix":"inner"}},"clearTextFirst":true,"interactionType":"ENTER_TEXT"}]}
RESULT: {"script":"<script> [776 bytes]","args":[{"enterText":"Webdriver Site cdc88j","selector":{"id":"application-managesites-display-component---NewSite--addressDetailDetailsName1","interaction":{"idSuffix":"inner"}},"clearTextFirst":true,"interactionType":"ENTER_TEXT"}]}
COMMAND: POST /session/eac9b0d7e8ced2053dbc37a41f3ce9ab/execute/async - {"script":"<script> [1562 bytes]","args":[{"selector":{"id":"application-managesites-display-component---NewSite--addressDetailDetailsLanguage","interaction":{"idSuffix":"inner"}},"wdio_ui5_key":"applicationmanagesites-display-component---NewSite--addressDetailDetailsLanguage"}]}
RESULT: {"script":"<script> [1562 bytes]","args":[{"selector":{"id":"application-managesites-display-component---NewSite--addressDetailDetailsLanguage","interaction":{"idSuffix":"inner"}},"wdio_ui5_key":"applicationmanagesites-display-component---NewSite--addressDetailDetailsLanguage"}]}
RESULT: undefined
COMMAND: POST /session/eac9b0d7e8ced2053dbc37a41f3ce9ab/execute/async - {"script":"<script> [776 bytes]","args":[{"enterText":"Romanian","selector":{"id":"application-managesites-display-component---NewSite--addressDetailDetailsLanguage","interaction":{"idSuffix":"inner"}},"clearTextFirst":true,"interactionType":"ENTER_TEXT"}]}
RESULT: {"script":"<script> [776 bytes]","args":[{"enterText":"Romanian","selector":{"id":"application-managesites-display-component---NewSite--addressDetailDetailsLanguage","interaction":{"idSuffix":"inner"}},"clearTextFirst":true,"interactionType":"ENTER_TEXT"}]}
COMMAND: POST /session/eac9b0d7e8ced2053dbc37a41f3ce9ab/execute/async - {"script":"<script> [1562 bytes]","args":[{"selector":{"id":"application-managesites-display-component---NewSite--addressDetailDetailsCity1","interaction":{"idSuffix":"inner"}},"wdio_ui5_key":"applicationmanagesites-display-component---NewSite--addressDetailDetailsCity1"}]}
RESULT: {"script":"<script> [1562 bytes]","args":[{"selector":{"id":"application-managesites-display-component---NewSite--addressDetailDetailsCity1","interaction":{"idSuffix":"inner"}},"wdio_ui5_key":"applicationmanagesites-display-component---NewSite--addressDetailDetailsCity1"}]}
RESULT: undefined
COMMAND: POST /session/eac9b0d7e8ced2053dbc37a41f3ce9ab/execute/async - {"script":"<script> [776 bytes]","args":[{"enterText":"Bucharest","selector":{"id":"application-managesites-display-component---NewSite--addressDetailDetailsCity1","interaction":{"idSuffix":"inner"}},"clearTextFirst":true,"interactionType":"ENTER_TEXT"}]}
RESULT: {"script":"<script> [776 bytes]","args":[{"enterText":"Bucharest","selector":{"id":"application-managesites-display-component---NewSite--addressDetailDetailsCity1","interaction":{"idSuffix":"inner"}},"clearTextFirst":true,"interactionType":"ENTER_TEXT"}]}
COMMAND: POST /session/eac9b0d7e8ced2053dbc37a41f3ce9ab/execute/async - {"script":"<script> [1562 bytes]","args":[{"selector":{"id":"application-managesites-display-component---NewSite--addressDetailDetailsCountry","interaction":{"idSuffix":"inner"}},"wdio_ui5_key":"applicationmanagesites-display-component---NewSite--addressDetailDetailsCountry"}]}
RESULT: {"script":"<script> [1562 bytes]","args":[{"selector":{"id":"application-managesites-display-component---NewSite--addressDetailDetailsCountry","interaction":{"idSuffix":"inner"}},"wdio_ui5_key":"applicationmanagesites-display-component---NewSite--addressDetailDetailsCountry"}]}
RESULT: undefined
COMMAND: POST /session/eac9b0d7e8ced2053dbc37a41f3ce9ab/execute/async - {"script":"<script> [776 bytes]","args":[{"enterText":"Romania","selector":{"id":"application-managesites-display-component---NewSite--addressDetailDetailsCountry","interaction":{"idSuffix":"inner"}},"clearTextFirst":true,"interactionType":"ENTER_TEXT"}]}
RESULT: {"script":"<script> [776 bytes]","args":[{"enterText":"Romania","selector":{"id":"application-managesites-display-component---NewSite--addressDetailDetailsCountry","interaction":{"idSuffix":"inner"}},"clearTextFirst":true,"interactionType":"ENTER_TEXT"}]}
COMMAND: POST /session/eac9b0d7e8ced2053dbc37a41f3ce9ab/execute/async - {"script":"<script> [1562 bytes]","args":[{"selector":{"id":"application-managesites-display-component---NewSite--addressDetailDetailsCalendar","interaction":{"idSuffix":"inner"}},"wdio_ui5_key":"applicationmanagesites-display-component---NewSite--addressDetailDetailsCalendar"}]}
RESULT: {"script":"<script> [1562 bytes]","args":[{"selector":{"id":"application-managesites-display-component---NewSite--addressDetailDetailsCalendar","interaction":{"idSuffix":"inner"}},"wdio_ui5_key":"applicationmanagesites-display-component---NewSite--addressDetailDetailsCalendar"}]}
RESULT: undefined
COMMAND: POST /session/eac9b0d7e8ced2053dbc37a41f3ce9ab/execute/async - {"script":"<script> [776 bytes]","args":[{"enterText":"Germany","selector":{"id":"application-managesites-display-component---NewSite--addressDetailDetailsCalendar","interaction":{"idSuffix":"inner"}},"clearTextFirst":true,"interactionType":"ENTER_TEXT"}]}
RESULT: {"script":"<script> [776 bytes]","args":[{"enterText":"Germany","selector":{"id":"application-managesites-display-component---NewSite--addressDetailDetailsCalendar","interaction":{"idSuffix":"inner"}},"clearTextFirst":true,"interactionType":"ENTER_TEXT"}]}
COMMAND: POST /session/eac9b0d7e8ced2053dbc37a41f3ce9ab/execute/async - {"script":"<script> [1562 bytes]","args":[{"selector":{"id":"application-managesites-display-component---NewSite--addressEditDetailsCostObjectCstType-arrow"},"wdio_ui5_key":"applicationmanagesites-display-component---NewSite--addressEditDetailsCostObjectCstType-arrow"}]}
RESULT: {"script":"<script> [1562 bytes]","args":[{"selector":{"id":"application-managesites-display-component---NewSite--addressEditDetailsCostObjectCstType-arrow"},"wdio_ui5_key":"applicationmanagesites-display-component---NewSite--addressEditDetailsCostObjectCstType-arrow"}]}
RESULT: undefined
COMMAND: POST /session/eac9b0d7e8ced2053dbc37a41f3ce9ab/element - {"using":"xpath","value":"//*[@id=\"application-managesites-display-component---NewSite--addressEditDetailsCostObjectCstType-arrow\"]"}
RESULT: {"using":"xpath","value":"//*[@id=\"application-managesites-display-component---NewSite--addressEditDetailsCostObjectCstType-arrow\"]"}
COMMAND: POST /session/eac9b0d7e8ced2053dbc37a41f3ce9ab/element/f.6F465290622CE65C200047306CC70E60.d.DA982D22699AECC1A5BB82411DEE6265.e.4462/click - {}
RESULT: {}
COMMAND: POST /session/eac9b0d7e8ced2053dbc37a41f3ce9ab/element - {"using":"xpath","value":"//span[contains(text(), \"Work Breakdown Structure\")]"}
COMMAND: GET /session/eac9b0d7e8ced2053dbc37a41f3ce9ab/screenshot - {}
RESULT: {"using":"xpath","value":"//span[contains(text(), \"Work Breakdown Structure\")]"}
COMMAND: POST /session/eac9b0d7e8ced2053dbc37a41f3ce9ab/element/f.6F465290622CE65C200047306CC70E60.d.DA982D22699AECC1A5BB82411DEE6265.e.4463/click - {}
RESULT: {}
RESULT: {}
COMMAND: GET /session/eac9b0d7e8ced2053dbc37a41f3ce9ab/screenshot - {}
RESULT: {}
COMMAND: POST /session/eac9b0d7e8ced2053dbc37a41f3ce9ab/execute/async - {"script":"<script> [1562 bytes]","args":[{"selector":{"id":"application-managesites-display-component---NewSite--addressNewCostObjectCstID-vhi"},"wdio_ui5_key":"applicationmanagesites-display-component---NewSite--addressNewCostObjectCstID-vhi"}]}
RESULT: {"script":"<script> [1562 bytes]","args":[{"selector":{"id":"application-managesites-display-component---NewSite--addressNewCostObjectCstID-vhi"},"wdio_ui5_key":"applicationmanagesites-display-component---NewSite--addressNewCostObjectCstID-vhi"}]}
RESULT: undefined
COMMAND: POST /session/eac9b0d7e8ced2053dbc37a41f3ce9ab/element - {"using":"xpath","value":"//*[@id=\"application-managesites-display-component---NewSite--addressNewCostObjectCstID-vhi\"]"}
RESULT: {"using":"xpath","value":"//*[@id=\"application-managesites-display-component---NewSite--addressNewCostObjectCstID-vhi\"]"}
COMMAND: POST /session/eac9b0d7e8ced2053dbc37a41f3ce9ab/element/f.6F465290622CE65C200047306CC70E60.d.DA982D22699AECC1A5BB82411DEE6265.e.4468/click - {}
RESULT: {}
COMMAND: GET /session/eac9b0d7e8ced2053dbc37a41f3ce9ab/screenshot - {}
RESULT: {}
COMMAND: POST /session/eac9b0d7e8ced2053dbc37a41f3ce9ab/execute/async - {"script":"<script> [1562 bytes]","args":[{"selector":{"controlType":"sap.m.SearchField","properties":{"placeholder":"Search"},"searchOpenDialogs":true,"interaction":{"idSuffix":"I"}},"wdio_ui5_key":"sapm.SearchField{\"placeholder\":\"Search\"}"}]}
RESULT: {"script":"<script> [1562 bytes]","args":[{"selector":{"controlType":"sap.m.SearchField","properties":{"placeholder":"Search"},"searchOpenDialogs":true,"interaction":{"idSuffix":"I"}},"wdio_ui5_key":"sapm.SearchField{\"placeholder\":\"Search\"}"}]}
RESULT: undefined
COMMAND: POST /session/eac9b0d7e8ced2053dbc37a41f3ce9ab/execute/async - {"script":"<script> [776 bytes]","args":[{"enterText":"A1-000100-01","selector":{"controlType":"sap.m.SearchField","properties":{"placeholder":"Search"},"searchOpenDialogs":true,"interaction":{"idSuffix":"I"}},"clearTextFirst":true,"interactionType":"ENTER_TEXT"}]}
RESULT: {"script":"<script> [776 bytes]","args":[{"enterText":"A1-000100-01","selector":{"controlType":"sap.m.SearchField","properties":{"placeholder":"Search"},"searchOpenDialogs":true,"interaction":{"idSuffix":"I"}},"clearTextFirst":true,"interactionType":"ENTER_TEXT"}]}
COMMAND: POST /session/eac9b0d7e8ced2053dbc37a41f3ce9ab/actions - {"actions":[{"id":"action8","type":"key","parameters":{},"actions":[{"type":"keyDown","value":"î€‡"},{"type":"pause","duration":10},{"type":"keyUp","value":"î€‡"}]}]}
RESULT: {"actions":[{"id":"action8","type":"key","parameters":{},"actions":[{"type":"keyDown","value":"î€‡"},{"type":"pause","duration":10},{"type":"keyUp","value":"î€‡"}]}]}
COMMAND: GET /session/eac9b0d7e8ced2053dbc37a41f3ce9ab/screenshot - {}
RESULT: {}
COMMAND: POST /session/eac9b0d7e8ced2053dbc37a41f3ce9ab/element - {"using":"xpath","value":"//span[contains(text(), \"Template for ETO-Process\")]"}
RESULT: {"using":"xpath","value":"//span[contains(text(), \"Template for ETO-Process\")]"}
COMMAND: POST /session/eac9b0d7e8ced2053dbc37a41f3ce9ab/element/f.6F465290622CE65C200047306CC70E60.d.DA982D22699AECC1A5BB82411DEE6265.e.4488/click - {}
RESULT: {}
COMMAND: GET /session/eac9b0d7e8ced2053dbc37a41f3ce9ab/screenshot - {}
RESULT: {}
COMMAND: POST /session/eac9b0d7e8ced2053dbc37a41f3ce9ab/element - {"using":"xpath","value":"//bdi[contains(text(), \"OK\")]"}
RESULT: {"using":"xpath","value":"//bdi[contains(text(), \"OK\")]"}
COMMAND: POST /session/eac9b0d7e8ced2053dbc37a41f3ce9ab/element/f.6F465290622CE65C200047306CC70E60.d.DA982D22699AECC1A5BB82411DEE6265.e.4489/click - {}
RESULT: {}
COMMAND: GET /session/eac9b0d7e8ced2053dbc37a41f3ce9ab/screenshot - {}
RESULT: {}
COMMAND: POST /session/eac9b0d7e8ced2053dbc37a41f3ce9ab/element - {"using":"xpath","value":"//input[@id=\"application-managesites-display-component---NewSite--addressDetailDetailsYard-inner\"]"}
RESULT: {"using":"xpath","value":"//input[@id=\"application-managesites-display-component---NewSite--addressDetailDetailsYard-inner\"]"}
COMMAND: POST /session/eac9b0d7e8ced2053dbc37a41f3ce9ab/element/f.6F465290622CE65C200047306CC70E60.d.DA982D22699AECC1A5BB82411DEE6265.e.4253/value - {"text":"412"}
RESULT: {"text":"412"}
COMMAND: GET /session/eac9b0d7e8ced2053dbc37a41f3ce9ab/screenshot - {}
RESULT: {}
COMMAND: POST /session/eac9b0d7e8ced2053dbc37a41f3ce9ab/actions - {"actions":[{"id":"action9","type":"key","parameters":{},"actions":[{"type":"keyDown","value":"î€‡"},{"type":"pause","duration":10},{"type":"keyUp","value":"î€‡"}]}]}
RESULT: {"actions":[{"id":"action9","type":"key","parameters":{},"actions":[{"type":"keyDown","value":"î€‡"},{"type":"pause","duration":10},{"type":"keyUp","value":"î€‡"}]}]}
COMMAND: GET /session/eac9b0d7e8ced2053dbc37a41f3ce9ab/screenshot - {}
RESULT: {}
COMMAND: POST /session/eac9b0d7e8ced2053dbc37a41f3ce9ab/element - {"using":"xpath","value":"//input[@id=\"application-managesites-display-component---NewSite--addressDetailDetailsPartner-inner\"]"}
RESULT: {"using":"xpath","value":"//input[@id=\"application-managesites-display-component---NewSite--addressDetailDetailsPartner-inner\"]"}
COMMAND: POST /session/eac9b0d7e8ced2053dbc37a41f3ce9ab/elements - {"using":"xpath","value":"//input[@id=\"application-managesites-display-component---NewSite--addressDetailDetailsPartner-inner\"]"}
RESULT: {"using":"xpath","value":"//input[@id=\"application-managesites-display-component---NewSite--addressDetailDetailsPartner-inner\"]"}
COMMAND: POST /session/eac9b0d7e8ced2053dbc37a41f3ce9ab/execute/async - {"script":"<script> [1562 bytes]","args":[{"selector":{"controlType":"sap.m.Button","viewName":"etm.portal.ui.managesites.view.NewSmartSite","viewId":"application-managesites-display-component---NewSite","properties":{"text":"Commercial"},"interaction":{"idSuffix":"BDI-content"}},"wdio_ui5_key":"etmportal.ui.managesites.view.NewSmartSitesap.m.Button{\"text\":\"Commercial\"}"}]}
RESULT: {"script":"<script> [1562 bytes]","args":[{"selector":{"controlType":"sap.m.Button","viewName":"etm.portal.ui.managesites.view.NewSmartSite","viewId":"application-managesites-display-component---NewSite","properties":{"text":"Commercial"},"interaction":{"idSuffix":"BDI-content"}},"wdio_ui5_key":"etmportal.ui.managesites.view.NewSmartSitesap.m.Button{\"text\":\"Commercial\"}"}]}
RESULT: undefined
COMMAND: POST /session/eac9b0d7e8ced2053dbc37a41f3ce9ab/element - {"using":"xpath","value":"//*[@id=\"application-managesites-display-component---NewSite--ObjectPageLayout-anchBar-__section5-anchor\"]"}
RESULT: {"using":"xpath","value":"//*[@id=\"application-managesites-display-component---NewSite--ObjectPageLayout-anchBar-__section5-anchor\"]"}
COMMAND: POST /session/eac9b0d7e8ced2053dbc37a41f3ce9ab/element/f.6F465290622CE65C200047306CC70E60.d.DA982D22699AECC1A5BB82411DEE6265.e.4496/click - {}
RESULT: {}
COMMAND: POST /session/eac9b0d7e8ced2053dbc37a41f3ce9ab/execute/async - {"script":"<script> [1562 bytes]","args":[{"selector":{"controlType":"sap.m.Button","viewName":"etm.portal.ui.managesites.view.NewSmartSite","viewId":"application-managesites-display-component---NewSite","i18NText":{"propertyName":"text","key":"save"},"interaction":{"idSuffix":"BDI-content"}},"wdio_ui5_key":"etmportal.ui.managesites.view.NewSmartSitesap.m.Button{\"propertyName\":\"text\",\"key\":\"save\"}"}]}
COMMAND: GET /session/eac9b0d7e8ced2053dbc37a41f3ce9ab/screenshot - {}
RESULT: {"script":"<script> [1562 bytes]","args":[{"selector":{"controlType":"sap.m.Button","viewName":"etm.portal.ui.managesites.view.NewSmartSite","viewId":"application-managesites-display-component---NewSite","i18NText":{"propertyName":"text","key":"save"},"interaction":{"idSuffix":"BDI-content"}},"wdio_ui5_key":"etmportal.ui.managesites.view.NewSmartSitesap.m.Button{\"propertyName\":\"text\",\"key\":\"save\"}"}]}
RESULT: undefined
COMMAND: POST /session/eac9b0d7e8ced2053dbc37a41f3ce9ab/element - {"using":"xpath","value":"//*[@id=\"__button16\"]"}
RESULT: {}
RESULT: {"using":"xpath","value":"//*[@id=\"__button16\"]"}
COMMAND: POST /session/eac9b0d7e8ced2053dbc37a41f3ce9ab/element/f.6F465290622CE65C200047306CC70E60.d.DA982D22699AECC1A5BB82411DEE6265.e.4391/click - {}
RESULT: {}
COMMAND: GET /session/eac9b0d7e8ced2053dbc37a41f3ce9ab/screenshot - {}
RESULT: {}
COMMAND: POST /session/eac9b0d7e8ced2053dbc37a41f3ce9ab/execute/async - {"script":"<script> [1562 bytes]","args":[{"selector":{"id":"application-managesites-display-component---detailSite--addressDetailDetailsYardText"},"wdio_ui5_key":"applicationmanagesites-display-component---detailSite--addressDetailDetailsYardText"}]}
RESULT: {"script":"<script> [1562 bytes]","args":[{"selector":{"id":"application-managesites-display-component---detailSite--addressDetailDetailsYardText"},"wdio_ui5_key":"applicationmanagesites-display-component---detailSite--addressDetailDetailsYardText"}]}
RESULT: undefined
COMMAND: POST /session/eac9b0d7e8ced2053dbc37a41f3ce9ab/element - {"using":"xpath","value":"//header/div/div[2]/div[2]/span"}
RESULT: {"using":"xpath","value":"//header/div/div[2]/div[2]/span"}
COMMAND: GET /session/eac9b0d7e8ced2053dbc37a41f3ce9ab/element/f.6F465290622CE65C200047306CC70E60.d.DA982D22699AECC1A5BB82411DEE6265.e.4726/text - {}
RESULT: {}
COMMAND: POST /session/eac9b0d7e8ced2053dbc37a41f3ce9ab/execute/async - {"script":"<script> [1562 bytes]","args":[{"selector":{"controlType":"sap.m.Label","viewName":"etm.portal.ui.managesites.view.Detail","viewId":"application-managesites-display-component---detailSite","i18NText":{"propertyName":"text","key":"status"}},"wdio_ui5_key":"etmportal.ui.managesites.view.Detailsap.m.Label{\"propertyName\":\"text\",\"key\":\"status\"}"}]}
RESULT: {"script":"<script> [1562 bytes]","args":[{"selector":{"controlType":"sap.m.Label","viewName":"etm.portal.ui.managesites.view.Detail","viewId":"application-managesites-display-component---detailSite","i18NText":{"propertyName":"text","key":"status"}},"wdio_ui5_key":"etmportal.ui.managesites.view.Detailsap.m.Label{\"propertyName\":\"text\",\"key\":\"status\"}"}]}
RESULT: undefined
COMMAND: POST /session/eac9b0d7e8ced2053dbc37a41f3ce9ab/execute/async - {"script":"<script> [6424 bytes]","args":[{"element-6066-11e4-a52e-4f735466cecf":"f.6F465290622CE65C200047306CC70E60.d.DA982D22699AECC1A5BB82411DEE6265.e.4712"},"getText",[]]}
RESULT: {"script":"<script> [6424 bytes]","args":[{"element-6066-11e4-a52e-4f735466cecf":"f.6F465290622CE65C200047306CC70E60.d.DA982D22699AECC1A5BB82411DEE6265.e.4712"},"getText",[]]}
]]></system-out>
    </testcase>
    <testcase classname="chrome.136_0_7103_93.windows.Create_2_sites_US118246" name="Should create WHM site" time="57.786">
      <system-out><![CDATA[
RESULT: undefined
COMMAND: POST /session/eac9b0d7e8ced2053dbc37a41f3ce9ab/element - {"using":"xpath","value":"//*[@id=\"__button4-img\"]"}
RESULT: {"using":"xpath","value":"//*[@id=\"__button4-img\"]"}
COMMAND: POST /session/eac9b0d7e8ced2053dbc37a41f3ce9ab/element/f.6F465290622CE65C200047306CC70E60.d.DA982D22699AECC1A5BB82411DEE6265.e.4727/click - {}
RESULT: {}
COMMAND: GET /session/eac9b0d7e8ced2053dbc37a41f3ce9ab/screenshot - {}
RESULT: {}
RESULT: undefined
COMMAND: POST /session/eac9b0d7e8ced2053dbc37a41f3ce9ab/execute/async - {"script":"<script> [1562 bytes]","args":[{"selector":{"controlType":"sap.m.Button","viewName":"etm.portal.ui.managesites.view.NewSmartSite","viewId":"application-managesites-display-component---NewSite","properties":{"text":"General Information"},"interaction":{"idSuffix":"BDI-content"}},"wdio_ui5_key":"etmportal.ui.managesites.view.NewSmartSitesap.m.Button{\"text\":\"General Information\"}"}]}
RESULT: {"script":"<script> [1562 bytes]","args":[{"selector":{"controlType":"sap.m.Button","viewName":"etm.portal.ui.managesites.view.NewSmartSite","viewId":"application-managesites-display-component---NewSite","properties":{"text":"General Information"},"interaction":{"idSuffix":"BDI-content"}},"wdio_ui5_key":"etmportal.ui.managesites.view.NewSmartSitesap.m.Button{\"text\":\"General Information\"}"}]}
RESULT: undefined
COMMAND: POST /session/eac9b0d7e8ced2053dbc37a41f3ce9ab/element - {"using":"xpath","value":"//*[@id=\"application-managesites-display-component---NewSite--ObjectPageLayout-anchBar-__section3-anchor\"]"}
RESULT: {"using":"xpath","value":"//*[@id=\"application-managesites-display-component---NewSite--ObjectPageLayout-anchBar-__section3-anchor\"]"}
COMMAND: POST /session/eac9b0d7e8ced2053dbc37a41f3ce9ab/element/f.6F465290622CE65C200047306CC70E60.d.DA982D22699AECC1A5BB82411DEE6265.e.4907/click - {}
RESULT: {}
RESULT: undefined
COMMAND: POST /session/eac9b0d7e8ced2053dbc37a41f3ce9ab/execute/async - {"script":"<script> [776 bytes]","args":[{"enterText":"Webdriver WHM Site acx3b","selector":{"id":"application-managesites-display-component---NewSite--addressDetailDetailsName1","interaction":{"idSuffix":"inner"}},"clearTextFirst":true,"interactionType":"ENTER_TEXT"}]}
COMMAND: GET /session/eac9b0d7e8ced2053dbc37a41f3ce9ab/screenshot - {}
RESULT: {"script":"<script> [776 bytes]","args":[{"enterText":"Webdriver WHM Site acx3b","selector":{"id":"application-managesites-display-component---NewSite--addressDetailDetailsName1","interaction":{"idSuffix":"inner"}},"clearTextFirst":true,"interactionType":"ENTER_TEXT"}]}
RESULT: {}
RESULT: undefined
COMMAND: POST /session/eac9b0d7e8ced2053dbc37a41f3ce9ab/execute/async - {"script":"<script> [776 bytes]","args":[{"enterText":"Romanian","selector":{"id":"application-managesites-display-component---NewSite--addressDetailDetailsLanguage","interaction":{"idSuffix":"inner"}},"clearTextFirst":true,"interactionType":"ENTER_TEXT"}]}
RESULT: {"script":"<script> [776 bytes]","args":[{"enterText":"Romanian","selector":{"id":"application-managesites-display-component---NewSite--addressDetailDetailsLanguage","interaction":{"idSuffix":"inner"}},"clearTextFirst":true,"interactionType":"ENTER_TEXT"}]}
COMMAND: POST /session/eac9b0d7e8ced2053dbc37a41f3ce9ab/actions - {"actions":[{"id":"action10","type":"key","parameters":{},"actions":[{"type":"keyDown","value":"î€‡"},{"type":"pause","duration":10},{"type":"keyUp","value":"î€‡"}]}]}
RESULT: {"actions":[{"id":"action10","type":"key","parameters":{},"actions":[{"type":"keyDown","value":"î€‡"},{"type":"pause","duration":10},{"type":"keyUp","value":"î€‡"}]}]}
RESULT: undefined
COMMAND: POST /session/eac9b0d7e8ced2053dbc37a41f3ce9ab/execute/async - {"script":"<script> [776 bytes]","args":[{"enterText":"Bucharest","selector":{"id":"application-managesites-display-component---NewSite--addressDetailDetailsCity1","interaction":{"idSuffix":"inner"}},"clearTextFirst":true,"interactionType":"ENTER_TEXT"}]}
COMMAND: GET /session/eac9b0d7e8ced2053dbc37a41f3ce9ab/screenshot - {}
RESULT: {"script":"<script> [776 bytes]","args":[{"enterText":"Bucharest","selector":{"id":"application-managesites-display-component---NewSite--addressDetailDetailsCity1","interaction":{"idSuffix":"inner"}},"clearTextFirst":true,"interactionType":"ENTER_TEXT"}]}
RESULT: {}
COMMAND: POST /session/eac9b0d7e8ced2053dbc37a41f3ce9ab/actions - {"actions":[{"id":"action11","type":"key","parameters":{},"actions":[{"type":"keyDown","value":"î€‡"},{"type":"pause","duration":10},{"type":"keyUp","value":"î€‡"}]}]}
RESULT: {"actions":[{"id":"action11","type":"key","parameters":{},"actions":[{"type":"keyDown","value":"î€‡"},{"type":"pause","duration":10},{"type":"keyUp","value":"î€‡"}]}]}
RESULT: undefined
COMMAND: POST /session/eac9b0d7e8ced2053dbc37a41f3ce9ab/execute/async - {"script":"<script> [6424 bytes]","args":[{"element-6066-11e4-a52e-4f735466cecf":"f.6F465290622CE65C200047306CC70E60.d.DA982D22699AECC1A5BB82411DEE6265.e.4242"},"setValue",["Romania"]]}
COMMAND: GET /session/eac9b0d7e8ced2053dbc37a41f3ce9ab/screenshot - {}
COMMAND: POST /session/eac9b0d7e8ced2053dbc37a41f3ce9ab/execute/async - {"script":"<script> [1562 bytes]","args":[{"selector":{"id":"application-managesites-display-component---NewSite--addressDetailDetailsCountry","interaction":{"idSuffix":"inner"}},"wdio_ui5_key":"applicationmanagesites-display-component---NewSite--addressDetailDetailsCountry"}]}
RESULT: {}
RESULT: {"script":"<script> [1562 bytes]","args":[{"selector":{"id":"application-managesites-display-component---NewSite--addressDetailDetailsCountry","interaction":{"idSuffix":"inner"}},"wdio_ui5_key":"applicationmanagesites-display-component---NewSite--addressDetailDetailsCountry"}]}
COMMAND: POST /session/eac9b0d7e8ced2053dbc37a41f3ce9ab/execute/async - {"script":"<script> [6424 bytes]","args":[{"element-6066-11e4-a52e-4f735466cecf":"f.6F465290622CE65C200047306CC70E60.d.DA982D22699AECC1A5BB82411DEE6265.e.4781"},"setValue",["Romania"]]}
RESULT: {"script":"<script> [6424 bytes]","args":[{"element-6066-11e4-a52e-4f735466cecf":"f.6F465290622CE65C200047306CC70E60.d.DA982D22699AECC1A5BB82411DEE6265.e.4781"},"setValue",["Romania"]]}
COMMAND: POST /session/eac9b0d7e8ced2053dbc37a41f3ce9ab/actions - {"actions":[{"id":"action12","type":"key","parameters":{},"actions":[{"type":"keyDown","value":"î€‡"},{"type":"pause","duration":10},{"type":"keyUp","value":"î€‡"}]}]}
RESULT: {"actions":[{"id":"action12","type":"key","parameters":{},"actions":[{"type":"keyDown","value":"î€‡"},{"type":"pause","duration":10},{"type":"keyUp","value":"î€‡"}]}]}
RESULT: undefined
COMMAND: POST /session/eac9b0d7e8ced2053dbc37a41f3ce9ab/execute/async - {"script":"<script> [776 bytes]","args":[{"enterText":"Germany","selector":{"id":"application-managesites-display-component---NewSite--addressDetailDetailsCalendar","interaction":{"idSuffix":"inner"}},"clearTextFirst":true,"interactionType":"ENTER_TEXT"}]}
COMMAND: GET /session/eac9b0d7e8ced2053dbc37a41f3ce9ab/screenshot - {}
RESULT: {"script":"<script> [776 bytes]","args":[{"enterText":"Germany","selector":{"id":"application-managesites-display-component---NewSite--addressDetailDetailsCalendar","interaction":{"idSuffix":"inner"}},"clearTextFirst":true,"interactionType":"ENTER_TEXT"}]}
RESULT: {}
COMMAND: POST /session/eac9b0d7e8ced2053dbc37a41f3ce9ab/actions - {"actions":[{"id":"action13","type":"key","parameters":{},"actions":[{"type":"keyDown","value":"î€‡"},{"type":"pause","duration":10},{"type":"keyUp","value":"î€‡"}]}]}
RESULT: {"actions":[{"id":"action13","type":"key","parameters":{},"actions":[{"type":"keyDown","value":"î€‡"},{"type":"pause","duration":10},{"type":"keyUp","value":"î€‡"}]}]}
COMMAND: POST /session/eac9b0d7e8ced2053dbc37a41f3ce9ab/execute/async - {"script":"<script> [1562 bytes]","args":[{"selector":{"id":"application-managesites-display-component---NewSite--addressEditDetailsCostObjectCstType","interaction":{"idSuffix":"inner"}},"wdio_ui5_key":"applicationmanagesites-display-component---NewSite--addressEditDetailsCostObjectCstType"}]}
COMMAND: GET /session/eac9b0d7e8ced2053dbc37a41f3ce9ab/screenshot - {}
RESULT: {"script":"<script> [1562 bytes]","args":[{"selector":{"id":"application-managesites-display-component---NewSite--addressEditDetailsCostObjectCstType","interaction":{"idSuffix":"inner"}},"wdio_ui5_key":"applicationmanagesites-display-component---NewSite--addressEditDetailsCostObjectCstType"}]}
RESULT: undefined
COMMAND: POST /session/eac9b0d7e8ced2053dbc37a41f3ce9ab/execute/async - {"script":"<script> [776 bytes]","args":[{"enterText":"Cost","selector":{"id":"application-managesites-display-component---NewSite--addressEditDetailsCostObjectCstType","interaction":{"idSuffix":"inner"}},"clearTextFirst":true,"interactionType":"ENTER_TEXT"}]}
RESULT: {}
RESULT: {"script":"<script> [776 bytes]","args":[{"enterText":"Cost","selector":{"id":"application-managesites-display-component---NewSite--addressEditDetailsCostObjectCstType","interaction":{"idSuffix":"inner"}},"clearTextFirst":true,"interactionType":"ENTER_TEXT"}]}
COMMAND: POST /session/eac9b0d7e8ced2053dbc37a41f3ce9ab/actions - {"actions":[{"id":"action14","type":"key","parameters":{},"actions":[{"type":"keyDown","value":"î€‡"},{"type":"pause","duration":10},{"type":"keyUp","value":"î€‡"}]}]}
RESULT: {"actions":[{"id":"action14","type":"key","parameters":{},"actions":[{"type":"keyDown","value":"î€‡"},{"type":"pause","duration":10},{"type":"keyUp","value":"î€‡"}]}]}
COMMAND: POST /session/eac9b0d7e8ced2053dbc37a41f3ce9ab/execute/async - {"script":"<script> [1562 bytes]","args":[{"selector":{"id":"application-managesites-display-component---NewSite--addressNewCostObjectCstID","interaction":{"idSuffix":"inner"}},"wdio_ui5_key":"applicationmanagesites-display-component---NewSite--addressNewCostObjectCstID"}]}
COMMAND: GET /session/eac9b0d7e8ced2053dbc37a41f3ce9ab/screenshot - {}
RESULT: {"script":"<script> [1562 bytes]","args":[{"selector":{"id":"application-managesites-display-component---NewSite--addressNewCostObjectCstID","interaction":{"idSuffix":"inner"}},"wdio_ui5_key":"applicationmanagesites-display-component---NewSite--addressNewCostObjectCstID"}]}
RESULT: undefined
COMMAND: POST /session/eac9b0d7e8ced2053dbc37a41f3ce9ab/execute/async - {"script":"<script> [776 bytes]","args":[{"enterText":"1001","selector":{"id":"application-managesites-display-component---NewSite--addressNewCostObjectCstID","interaction":{"idSuffix":"inner"}},"clearTextFirst":true,"interactionType":"ENTER_TEXT"}]}
RESULT: {}
RESULT: {"script":"<script> [776 bytes]","args":[{"enterText":"1001","selector":{"id":"application-managesites-display-component---NewSite--addressNewCostObjectCstID","interaction":{"idSuffix":"inner"}},"clearTextFirst":true,"interactionType":"ENTER_TEXT"}]}
COMMAND: POST /session/eac9b0d7e8ced2053dbc37a41f3ce9ab/actions - {"actions":[{"id":"action15","type":"key","parameters":{},"actions":[{"type":"keyDown","value":"î€‡"},{"type":"pause","duration":10},{"type":"keyUp","value":"î€‡"}]}]}
RESULT: {"actions":[{"id":"action15","type":"key","parameters":{},"actions":[{"type":"keyDown","value":"î€‡"},{"type":"pause","duration":10},{"type":"keyUp","value":"î€‡"}]}]}
COMMAND: POST /session/eac9b0d7e8ced2053dbc37a41f3ce9ab/element - {"using":"xpath","value":"//input[@id=\"application-managesites-display-component---NewSite--addressDetailDetailsYard-inner\"]"}
COMMAND: GET /session/eac9b0d7e8ced2053dbc37a41f3ce9ab/screenshot - {}
RESULT: {"using":"xpath","value":"//input[@id=\"application-managesites-display-component---NewSite--addressDetailDetailsYard-inner\"]"}
COMMAND: POST /session/eac9b0d7e8ced2053dbc37a41f3ce9ab/element/f.6F465290622CE65C200047306CC70E60.d.DA982D22699AECC1A5BB82411DEE6265.e.4792/value - {"text":"414"}
RESULT: {}
RESULT: {"text":"414"}
COMMAND: GET /session/eac9b0d7e8ced2053dbc37a41f3ce9ab/screenshot - {}
RESULT: {}
COMMAND: POST /session/eac9b0d7e8ced2053dbc37a41f3ce9ab/actions - {"actions":[{"id":"action16","type":"key","parameters":{},"actions":[{"type":"keyDown","value":"î€‡"},{"type":"pause","duration":10},{"type":"keyUp","value":"î€‡"}]}]}
RESULT: {"actions":[{"id":"action16","type":"key","parameters":{},"actions":[{"type":"keyDown","value":"î€‡"},{"type":"pause","duration":10},{"type":"keyUp","value":"î€‡"}]}]}
COMMAND: GET /session/eac9b0d7e8ced2053dbc37a41f3ce9ab/screenshot - {}
RESULT: {}
COMMAND: POST /session/eac9b0d7e8ced2053dbc37a41f3ce9ab/element - {"using":"xpath","value":"//input[@id=\"application-managesites-display-component---NewSite--addressDetailDetailsPartner-inner\"]"}
RESULT: {"using":"xpath","value":"//input[@id=\"application-managesites-display-component---NewSite--addressDetailDetailsPartner-inner\"]"}
COMMAND: POST /session/eac9b0d7e8ced2053dbc37a41f3ce9ab/elements - {"using":"xpath","value":"//input[@id=\"application-managesites-display-component---NewSite--addressDetailDetailsPartner-inner\"]"}
RESULT: {"using":"xpath","value":"//input[@id=\"application-managesites-display-component---NewSite--addressDetailDetailsPartner-inner\"]"}
RESULT: undefined
COMMAND: POST /session/eac9b0d7e8ced2053dbc37a41f3ce9ab/element - {"using":"xpath","value":"//*[@id=\"application-managesites-display-component---NewSite--ObjectPageLayout-anchBar-__section5-anchor\"]"}
RESULT: {"using":"xpath","value":"//*[@id=\"application-managesites-display-component---NewSite--ObjectPageLayout-anchBar-__section5-anchor\"]"}
COMMAND: POST /session/eac9b0d7e8ced2053dbc37a41f3ce9ab/element/f.6F465290622CE65C200047306CC70E60.d.DA982D22699AECC1A5BB82411DEE6265.e.4914/click - {}
RESULT: {}
COMMAND: POST /session/eac9b0d7e8ced2053dbc37a41f3ce9ab/execute/async - {"script":"<script> [1562 bytes]","args":[{"selector":{"id":"application-managesites-display-component---NewSite--siteWhmCheckBox-label","interaction":{"idSuffix":"bdi"}},"wdio_ui5_key":"applicationmanagesites-display-component---NewSite--siteWhmCheckBox-label"}]}
COMMAND: GET /session/eac9b0d7e8ced2053dbc37a41f3ce9ab/screenshot - {}
RESULT: {"script":"<script> [1562 bytes]","args":[{"selector":{"id":"application-managesites-display-component---NewSite--siteWhmCheckBox-label","interaction":{"idSuffix":"bdi"}},"wdio_ui5_key":"applicationmanagesites-display-component---NewSite--siteWhmCheckBox-label"}]}
RESULT: undefined
COMMAND: POST /session/eac9b0d7e8ced2053dbc37a41f3ce9ab/element - {"using":"xpath","value":"//*[@id=\"application-managesites-display-component---NewSite--siteWhmCheckBox-label\"]"}
RESULT: {}
RESULT: {"using":"xpath","value":"//*[@id=\"application-managesites-display-component---NewSite--siteWhmCheckBox-label\"]"}
COMMAND: POST /session/eac9b0d7e8ced2053dbc37a41f3ce9ab/element/f.6F465290622CE65C200047306CC70E60.d.DA982D22699AECC1A5BB82411DEE6265.e.4917/click - {}
RESULT: {}
RESULT: undefined
COMMAND: POST /session/eac9b0d7e8ced2053dbc37a41f3ce9ab/element - {"using":"xpath","value":"//*[@id=\"__button16\"]"}
COMMAND: GET /session/eac9b0d7e8ced2053dbc37a41f3ce9ab/screenshot - {}
RESULT: {"using":"xpath","value":"//*[@id=\"__button16\"]"}
COMMAND: POST /session/eac9b0d7e8ced2053dbc37a41f3ce9ab/element/f.6F465290622CE65C200047306CC70E60.d.DA982D22699AECC1A5BB82411DEE6265.e.4918/click - {}
RESULT: {}
RESULT: {}
COMMAND: GET /session/eac9b0d7e8ced2053dbc37a41f3ce9ab/screenshot - {}
RESULT: {}
COMMAND: POST /session/eac9b0d7e8ced2053dbc37a41f3ce9ab/element - {"using":"xpath","value":"//header/div/div[2]/div[2]/span"}
RESULT: {"using":"xpath","value":"//header/div/div[2]/div[2]/span"}
COMMAND: GET /session/eac9b0d7e8ced2053dbc37a41f3ce9ab/element/f.6F465290622CE65C200047306CC70E60.d.DA982D22699AECC1A5BB82411DEE6265.e.5122/text - {}
RESULT: {}
RESULT: undefined
RESULT: undefined
COMMAND: POST /session/eac9b0d7e8ced2053dbc37a41f3ce9ab/execute/async - {"script":"<script> [6424 bytes]","args":[{"element-6066-11e4-a52e-4f735466cecf":"f.6F465290622CE65C200047306CC70E60.d.DA982D22699AECC1A5BB82411DEE6265.e.4712"},"getText",[]]}
COMMAND: POST /session/eac9b0d7e8ced2053dbc37a41f3ce9ab/execute/async - {"script":"<script> [1562 bytes]","args":[{"selector":{"controlType":"sap.m.Label","viewName":"etm.portal.ui.managesites.view.Detail","viewId":"application-managesites-display-component---detailSite","i18NText":{"propertyName":"text","key":"status"}},"wdio_ui5_key":"etmportal.ui.managesites.view.Detailsap.m.Label{\"propertyName\":\"text\",\"key\":\"status\"}"}]}
RESULT: {"script":"<script> [1562 bytes]","args":[{"selector":{"controlType":"sap.m.Label","viewName":"etm.portal.ui.managesites.view.Detail","viewId":"application-managesites-display-component---detailSite","i18NText":{"propertyName":"text","key":"status"}},"wdio_ui5_key":"etmportal.ui.managesites.view.Detailsap.m.Label{\"propertyName\":\"text\",\"key\":\"status\"}"}]}
COMMAND: POST /session/eac9b0d7e8ced2053dbc37a41f3ce9ab/execute/async - {"script":"<script> [6424 bytes]","args":[{"element-6066-11e4-a52e-4f735466cecf":"f.6F465290622CE65C200047306CC70E60.d.DA982D22699AECC1A5BB82411DEE6265.e.5109"},"getText",[]]}
RESULT: {"script":"<script> [6424 bytes]","args":[{"element-6066-11e4-a52e-4f735466cecf":"f.6F465290622CE65C200047306CC70E60.d.DA982D22699AECC1A5BB82411DEE6265.e.5109"},"getText",[]]}
COMMAND: POST /session/eac9b0d7e8ced2053dbc37a41f3ce9ab/execute/async - {"script":"<script> [1562 bytes]","args":[{"selector":{"id":"shell-header","interaction":{"idSuffix":"icon"}},"wdio_ui5_key":"shellheader"}]}
RESULT: {"script":"<script> [1562 bytes]","args":[{"selector":{"id":"shell-header","interaction":{"idSuffix":"icon"}},"wdio_ui5_key":"shellheader"}]}
RESULT: undefined
COMMAND: POST /session/eac9b0d7e8ced2053dbc37a41f3ce9ab/element - {"using":"xpath","value":"//*[@id=\"shell-header\"]"}
RESULT: {"using":"xpath","value":"//*[@id=\"shell-header\"]"}
COMMAND: POST /session/eac9b0d7e8ced2053dbc37a41f3ce9ab/element/f.6F465290622CE65C200047306CC70E60.d.DA982D22699AECC1A5BB82411DEE6265.e.5123/click - {}
RESULT: {}
COMMAND: GET /session/eac9b0d7e8ced2053dbc37a41f3ce9ab/screenshot - {}
COMMAND: POST /session/eac9b0d7e8ced2053dbc37a41f3ce9ab/refresh - {}
RESULT: {}
RESULT: {}
COMMAND: GET /session/eac9b0d7e8ced2053dbc37a41f3ce9ab/screenshot - {}
RESULT: {}
COMMAND: POST /session/eac9b0d7e8ced2053dbc37a41f3ce9ab/refresh - {}
RESULT: {}
COMMAND: GET /session/eac9b0d7e8ced2053dbc37a41f3ce9ab/screenshot - {}
RESULT: {}
COMMAND: POST /session/eac9b0d7e8ced2053dbc37a41f3ce9ab/window/fullscreen - {}
RESULT: {}
COMMAND: POST /session/eac9b0d7e8ced2053dbc37a41f3ce9ab/execute/async - {"script":"<script> [189 bytes]","args":[]}
RESULT: {"script":"<script> [189 bytes]","args":[]}
COMMAND: POST /session/eac9b0d7e8ced2053dbc37a41f3ce9ab/execute/async - {"script":"<script> [123 bytes]","args":[]}
RESULT: {"script":"<script> [123 bytes]","args":[]}
COMMAND: POST /session/eac9b0d7e8ced2053dbc37a41f3ce9ab/timeouts - {"script":"<number>"}
RESULT: {"script":"<number>"}
COMMAND: GET /session/eac9b0d7e8ced2053dbc37a41f3ce9ab/timeouts - {}
RESULT: {}
RESULT: undefined
COMMAND: POST /session/eac9b0d7e8ced2053dbc37a41f3ce9ab/execute/async - {"script":"<script> [2676 bytes]","args":[]}
RESULT: {"script":"<script> [2676 bytes]","args":[]}
COMMAND: POST /session/eac9b0d7e8ced2053dbc37a41f3ce9ab/execute/async - {"script":"<script> [2342 bytes]","args":[{"protocol":"http","hostname":"0.0.0.0","path":"/","capabilities":{"browserName":"chrome","goog:chromeOptions":{"binary":"C:\\Program Files\\Google\\Chrome\\Application\\chrome.exe","args":["--start-maximized"]}},"logLevel":"warn","connectionRetryTimeout":120000,"connectionRetryCount":3,"logLevels":{},"enableDirectConnect":true,"strictSSL":true,"_":"65 more keys: [\"cacheDir\",\"port\",\"requestedCapabilities\",\"automationProtocol\",\"baseUrl\",\"waitforInterval\",\"waitforTimeout\",\"onReload\",\"beforeCommand\",\"afterCommand\",\"rootDir\",\"specs\",\"suites\",\"exclude\",\"groupLogsByTestSpec\",\"excludeDriverLogs\",\"bail\",\"framework\",\"reporters\",\"services\",\"maxInstances\",\"maxInstancesPerCapability\",\"injectGlobals\",\"filesToWatch\",\"execArgv\",\"runnerEnv\",\"runner\",\"shard\",\"specFileRetries\",\"specFileRetriesDelay\",\"specFileRetriesDeferred\",\"reporterSyncInterval\",\"reporterSyncTimeout\",\"cucumberFeaturesWithLineNumbers\",\"autoCompileOpts\",\"mochaOpts\",\"jasmineOpts\",\"cucumberOpts\",\"onPrepare\",\"onWorkerStart\",\"onWorkerEnd\",\"before\",\"beforeSession\",\"beforeSuite\",\"beforeHook\",\"beforeTest\",\"afterTest\",\"afterHook\",\"afterSuite\",\"afterSession\",\"after\",\"onComplete\",\"beforeAssertion\",\"afterAssertion\",\"beforeFeature\",\"beforeScenario\",\"beforeStep\",\"afterStep\",\"afterScenario\",\"afterFeature\",\"_\",\"suite\",\"$0\",\"ignoredWorkerServices\",\"wdi5\"]"}]}
RESULT: {"script":"<script> [2342 bytes]","args":[{"protocol":"http","hostname":"0.0.0.0","path":"/","capabilities":{"browserName":"chrome","goog:chromeOptions":{"binary":"C:\\Program Files\\Google\\Chrome\\Application\\chrome.exe","args":["--start-maximized"]}},"logLevel":"warn","connectionRetryTimeout":120000,"connectionRetryCount":3,"logLevels":{},"enableDirectConnect":true,"strictSSL":true,"_":"65 more keys: [\"cacheDir\",\"port\",\"requestedCapabilities\",\"automationProtocol\",\"baseUrl\",\"waitforInterval\",\"waitforTimeout\",\"onReload\",\"beforeCommand\",\"afterCommand\",\"rootDir\",\"specs\",\"suites\",\"exclude\",\"groupLogsByTestSpec\",\"excludeDriverLogs\",\"bail\",\"framework\",\"reporters\",\"services\",\"maxInstances\",\"maxInstancesPerCapability\",\"injectGlobals\",\"filesToWatch\",\"execArgv\",\"runnerEnv\",\"runner\",\"shard\",\"specFileRetries\",\"specFileRetriesDelay\",\"specFileRetriesDeferred\",\"reporterSyncInterval\",\"reporterSyncTimeout\",\"cucumberFeaturesWithLineNumbers\",\"autoCompileOpts\",\"mochaOpts\",\"jasmineOpts\",\"cucumberOpts\",\"onPrepare\",\"onWorkerStart\",\"onWorkerEnd\",\"before\",\"beforeSession\",\"beforeSuite\",\"beforeHook\",\"beforeTest\",\"afterTest\",\"afterHook\",\"afterSuite\",\"afterSession\",\"after\",\"onComplete\",\"beforeAssertion\",\"afterAssertion\",\"beforeFeature\",\"beforeScenario\",\"beforeStep\",\"afterStep\",\"afterScenario\",\"afterFeature\",\"_\",\"suite\",\"$0\",\"ignoredWorkerServices\",\"wdi5\"]"}]}
COMMAND: POST /session/eac9b0d7e8ced2053dbc37a41f3ce9ab/execute/async - {"script":"<script> [21126 bytes]","args":[35000]}
RESULT: {"script":"<script> [21126 bytes]","args":[35000]}
COMMAND: POST /session/eac9b0d7e8ced2053dbc37a41f3ce9ab/element - {"using":"css selector","value":"#j_username"}
COMMAND: POST /session/eac9b0d7e8ced2053dbc37a41f3ce9ab/url - {"url":"https://qa-testing-00-live-etm-ui.cfapps.eu10-004.hana.ondemand.com/"}
RESULT: {"using":"css selector","value":"#j_username"}
COMMAND: POST /session/eac9b0d7e8ced2053dbc37a41f3ce9ab/element - {"using":"css selector","value":"#j_username"}
RESULT: {"url":"https://qa-testing-00-live-etm-ui.cfapps.eu10-004.hana.ondemand.com/"}
RESULT: undefined
COMMAND: GET /session/eac9b0d7e8ced2053dbc37a41f3ce9ab/screenshot - {}
RESULT: {"using":"css selector","value":"#j_username"}
COMMAND: POST /session/eac9b0d7e8ced2053dbc37a41f3ce9ab/element - {"using":"css selector","value":"#shell-header-logo"}
RESULT: {}
RESULT: {"using":"css selector","value":"#shell-header-logo"}
COMMAND: POST /session/eac9b0d7e8ced2053dbc37a41f3ce9ab/execute/sync - {"script":"<script> [8489 bytes]","args":[{"element-6066-11e4-a52e-4f735466cecf":"f.6F465290622CE65C200047306CC70E60.d.496EAFB38D26A96FB7DAF9BB19FB5DFB.e.5489","ELEMENT":"f.6F465290622CE65C200047306CC70E60.d.496EAFB38D26A96FB7DAF9BB19FB5DFB.e.5489"}]}
RESULT: {"script":"<script> [8489 bytes]","args":[{"element-6066-11e4-a52e-4f735466cecf":"f.6F465290622CE65C200047306CC70E60.d.496EAFB38D26A96FB7DAF9BB19FB5DFB.e.5489","ELEMENT":"f.6F465290622CE65C200047306CC70E60.d.496EAFB38D26A96FB7DAF9BB19FB5DFB.e.5489"}]}
COMMAND: POST /session/eac9b0d7e8ced2053dbc37a41f3ce9ab/element - {"using":"css selector","value":"#shell-header-logo"}
COMMAND: GET /session/eac9b0d7e8ced2053dbc37a41f3ce9ab/screenshot - {}
RESULT: {"using":"css selector","value":"#shell-header-logo"}
COMMAND: POST /session/eac9b0d7e8ced2053dbc37a41f3ce9ab/execute/sync - {"script":"<script> [8489 bytes]","args":[{"element-6066-11e4-a52e-4f735466cecf":"f.6F465290622CE65C200047306CC70E60.d.496EAFB38D26A96FB7DAF9BB19FB5DFB.e.5489","ELEMENT":"f.6F465290622CE65C200047306CC70E60.d.496EAFB38D26A96FB7DAF9BB19FB5DFB.e.5489"}]}
RESULT: {}
RESULT: {"script":"<script> [8489 bytes]","args":[{"element-6066-11e4-a52e-4f735466cecf":"f.6F465290622CE65C200047306CC70E60.d.496EAFB38D26A96FB7DAF9BB19FB5DFB.e.5489","ELEMENT":"f.6F465290622CE65C200047306CC70E60.d.496EAFB38D26A96FB7DAF9BB19FB5DFB.e.5489"}]}
COMMAND: POST /session/eac9b0d7e8ced2053dbc37a41f3ce9ab/execute/sync - {"script":"<script> [5351 bytes]","args":[{"element-6066-11e4-a52e-4f735466cecf":"f.6F465290622CE65C200047306CC70E60.d.496EAFB38D26A96FB7DAF9BB19FB5DFB.e.5489","ELEMENT":"f.6F465290622CE65C200047306CC70E60.d.496EAFB38D26A96FB7DAF9BB19FB5DFB.e.5489"}]}
COMMAND: GET /session/eac9b0d7e8ced2053dbc37a41f3ce9ab/screenshot - {}
RESULT: {"script":"<script> [5351 bytes]","args":[{"element-6066-11e4-a52e-4f735466cecf":"f.6F465290622CE65C200047306CC70E60.d.496EAFB38D26A96FB7DAF9BB19FB5DFB.e.5489","ELEMENT":"f.6F465290622CE65C200047306CC70E60.d.496EAFB38D26A96FB7DAF9BB19FB5DFB.e.5489"}]}
COMMAND: POST /session/eac9b0d7e8ced2053dbc37a41f3ce9ab/element - {"using":"css selector","value":"#shell-header-logo"}
COMMAND: GET /session/eac9b0d7e8ced2053dbc37a41f3ce9ab/screenshot - {}
RESULT: {}
RESULT: {"using":"css selector","value":"#shell-header-logo"}
COMMAND: POST /session/eac9b0d7e8ced2053dbc37a41f3ce9ab/element/f.6F465290622CE65C200047306CC70E60.d.496EAFB38D26A96FB7DAF9BB19FB5DFB.e.5489/click - {}
RESULT: {}
RESULT: {}
COMMAND: GET /session/eac9b0d7e8ced2053dbc37a41f3ce9ab/screenshot - {}
RESULT: {}
COMMAND: POST /session/eac9b0d7e8ced2053dbc37a41f3ce9ab/execute/async - {"script":"<script> [189 bytes]","args":[]}
RESULT: {"script":"<script> [189 bytes]","args":[]}
COMMAND: POST /session/eac9b0d7e8ced2053dbc37a41f3ce9ab/execute/async - {"script":"<script> [123 bytes]","args":[]}
RESULT: {"script":"<script> [123 bytes]","args":[]}
COMMAND: POST /session/eac9b0d7e8ced2053dbc37a41f3ce9ab/timeouts - {"script":"<number>"}
RESULT: {"script":"<number>"}
COMMAND: GET /session/eac9b0d7e8ced2053dbc37a41f3ce9ab/timeouts - {}
RESULT: {}
RESULT: undefined
COMMAND: POST /session/eac9b0d7e8ced2053dbc37a41f3ce9ab/execute/async - {"script":"<script> [2676 bytes]","args":[]}
RESULT: {"script":"<script> [2676 bytes]","args":[]}
COMMAND: POST /session/eac9b0d7e8ced2053dbc37a41f3ce9ab/execute/async - {"script":"<script> [2342 bytes]","args":[{"protocol":"http","hostname":"0.0.0.0","path":"/","capabilities":{"browserName":"chrome","goog:chromeOptions":{"binary":"C:\\Program Files\\Google\\Chrome\\Application\\chrome.exe","args":["--start-maximized"]}},"logLevel":"warn","connectionRetryTimeout":120000,"connectionRetryCount":3,"logLevels":{},"enableDirectConnect":true,"strictSSL":true,"_":"65 more keys: [\"cacheDir\",\"port\",\"requestedCapabilities\",\"automationProtocol\",\"baseUrl\",\"waitforInterval\",\"waitforTimeout\",\"onReload\",\"beforeCommand\",\"afterCommand\",\"rootDir\",\"specs\",\"suites\",\"exclude\",\"groupLogsByTestSpec\",\"excludeDriverLogs\",\"bail\",\"framework\",\"reporters\",\"services\",\"maxInstances\",\"maxInstancesPerCapability\",\"injectGlobals\",\"filesToWatch\",\"execArgv\",\"runnerEnv\",\"runner\",\"shard\",\"specFileRetries\",\"specFileRetriesDelay\",\"specFileRetriesDeferred\",\"reporterSyncInterval\",\"reporterSyncTimeout\",\"cucumberFeaturesWithLineNumbers\",\"autoCompileOpts\",\"mochaOpts\",\"jasmineOpts\",\"cucumberOpts\",\"onPrepare\",\"onWorkerStart\",\"onWorkerEnd\",\"before\",\"beforeSession\",\"beforeSuite\",\"beforeHook\",\"beforeTest\",\"afterTest\",\"afterHook\",\"afterSuite\",\"afterSession\",\"after\",\"onComplete\",\"beforeAssertion\",\"afterAssertion\",\"beforeFeature\",\"beforeScenario\",\"beforeStep\",\"afterStep\",\"afterScenario\",\"afterFeature\",\"_\",\"suite\",\"$0\",\"ignoredWorkerServices\",\"wdi5\"]"}]}
RESULT: {"script":"<script> [2342 bytes]","args":[{"protocol":"http","hostname":"0.0.0.0","path":"/","capabilities":{"browserName":"chrome","goog:chromeOptions":{"binary":"C:\\Program Files\\Google\\Chrome\\Application\\chrome.exe","args":["--start-maximized"]}},"logLevel":"warn","connectionRetryTimeout":120000,"connectionRetryCount":3,"logLevels":{},"enableDirectConnect":true,"strictSSL":true,"_":"65 more keys: [\"cacheDir\",\"port\",\"requestedCapabilities\",\"automationProtocol\",\"baseUrl\",\"waitforInterval\",\"waitforTimeout\",\"onReload\",\"beforeCommand\",\"afterCommand\",\"rootDir\",\"specs\",\"suites\",\"exclude\",\"groupLogsByTestSpec\",\"excludeDriverLogs\",\"bail\",\"framework\",\"reporters\",\"services\",\"maxInstances\",\"maxInstancesPerCapability\",\"injectGlobals\",\"filesToWatch\",\"execArgv\",\"runnerEnv\",\"runner\",\"shard\",\"specFileRetries\",\"specFileRetriesDelay\",\"specFileRetriesDeferred\",\"reporterSyncInterval\",\"reporterSyncTimeout\",\"cucumberFeaturesWithLineNumbers\",\"autoCompileOpts\",\"mochaOpts\",\"jasmineOpts\",\"cucumberOpts\",\"onPrepare\",\"onWorkerStart\",\"onWorkerEnd\",\"before\",\"beforeSession\",\"beforeSuite\",\"beforeHook\",\"beforeTest\",\"afterTest\",\"afterHook\",\"afterSuite\",\"afterSession\",\"after\",\"onComplete\",\"beforeAssertion\",\"afterAssertion\",\"beforeFeature\",\"beforeScenario\",\"beforeStep\",\"afterStep\",\"afterScenario\",\"afterFeature\",\"_\",\"suite\",\"$0\",\"ignoredWorkerServices\",\"wdi5\"]"}]}
COMMAND: POST /session/eac9b0d7e8ced2053dbc37a41f3ce9ab/execute/async - {"script":"<script> [21126 bytes]","args":[35000]}
RESULT: {"script":"<script> [21126 bytes]","args":[35000]}
COMMAND: POST /session/eac9b0d7e8ced2053dbc37a41f3ce9ab/window/maximize - {}
RESULT: {}
COMMAND: POST /session/eac9b0d7e8ced2053dbc37a41f3ce9ab/execute/async - {"script":"<script> [1562 bytes]","args":[{"selector":{"id":"shell-header","interaction":{"idSuffix":"icon"}},"wdio_ui5_key":"shellheader"}]}
COMMAND: GET /session/eac9b0d7e8ced2053dbc37a41f3ce9ab/screenshot - {}
RESULT: {"script":"<script> [1562 bytes]","args":[{"selector":{"id":"shell-header","interaction":{"idSuffix":"icon"}},"wdio_ui5_key":"shellheader"}]}
RESULT: undefined
RESULT: {}
COMMAND: POST /session/eac9b0d7e8ced2053dbc37a41f3ce9ab/execute/async - {"script":"<script> [1562 bytes]","args":[{"selector":{"controlType":"sap.m.Title","i18NText":{"propertyName":"text","key":"dataCollectionAgreement"},"searchOpenDialogs":true},"wdio_ui5_key":"sapm.Title{\"propertyName\":\"text\",\"key\":\"dataCollectionAgreement\"}"}]}
RESULT: {"script":"<script> [1562 bytes]","args":[{"selector":{"controlType":"sap.m.Title","i18NText":{"propertyName":"text","key":"dataCollectionAgreement"},"searchOpenDialogs":true},"wdio_ui5_key":"sapm.Title{\"propertyName\":\"text\",\"key\":\"dataCollectionAgreement\"}"}]}
RESULT: undefined
COMMAND: POST /session/eac9b0d7e8ced2053dbc37a41f3ce9ab/execute/async - {"script":"<script> [1562 bytes]","args":[{"selector":{"controlType":"sap.m.GenericTile","properties":{"header":"Manage Resources"}},"wdio_ui5_key":"sapm.GenericTile{\"header\":\"Manage Resources\"}"}]}
RESULT: {"script":"<script> [1562 bytes]","args":[{"selector":{"controlType":"sap.m.GenericTile","properties":{"header":"Manage Resources"}},"wdio_ui5_key":"sapm.GenericTile{\"header\":\"Manage Resources\"}"}]}
RESULT: undefined
COMMAND: POST /session/eac9b0d7e8ced2053dbc37a41f3ce9ab/element - {"using":"xpath","value":"//*[@id=\"__tile31\"]"}
RESULT: {"using":"xpath","value":"//*[@id=\"__tile31\"]"}
COMMAND: POST /session/eac9b0d7e8ced2053dbc37a41f3ce9ab/element/f.6F465290622CE65C200047306CC70E60.d.496EAFB38D26A96FB7DAF9BB19FB5DFB.e.5515/click - {}
RESULT: {}
COMMAND: GET /session/eac9b0d7e8ced2053dbc37a41f3ce9ab/screenshot - {}
RESULT: {}
COMMAND: POST /session/eac9b0d7e8ced2053dbc37a41f3ce9ab/elements - {"using":"xpath","value":"//span[text()='Error']"}
RESULT: {"using":"xpath","value":"//span[text()='Error']"}
]]></system-out>
    </testcase>
  </testsuite>
  <testsuite timestamp="2025-05-15T17:42:26" time="542.318" tests="2" failures="0" errors="0" skipped="0">
    <properties>
      <property name="specId" value="0" />
      <property name="suiteName" value="Create 2 RU material US118246" />
      <property name="capabilities" value="chrome.136_0_7103_93.windows" />
      <property name="file" value="file:///D:/a/1/s/test/specs/R2C/create-material.spec.js" />
    </properties>
    <testcase classname="chrome.136_0_7103_93.windows.Create_2_RU_material_US118246" name="Create material" time="248.259">
      <system-out><![CDATA[
COMMAND: POST /session/eac9b0d7e8ced2053dbc37a41f3ce9ab/element - {"using":"xpath","value":"//button[@data-kt=\"addNewRUOverflowToolbarButton\"]"}
RESULT: {"using":"xpath","value":"//button[@data-kt=\"addNewRUOverflowToolbarButton\"]"}
COMMAND: POST /session/eac9b0d7e8ced2053dbc37a41f3ce9ab/execute/sync - {"script":"<script> [8489 bytes]","args":[{"element-6066-11e4-a52e-4f735466cecf":"f.6F465290622CE65C200047306CC70E60.d.496EAFB38D26A96FB7DAF9BB19FB5DFB.e.5653","ELEMENT":"f.6F465290622CE65C200047306CC70E60.d.496EAFB38D26A96FB7DAF9BB19FB5DFB.e.5653"}]}
RESULT: {"script":"<script> [8489 bytes]","args":[{"element-6066-11e4-a52e-4f735466cecf":"f.6F465290622CE65C200047306CC70E60.d.496EAFB38D26A96FB7DAF9BB19FB5DFB.e.5653","ELEMENT":"f.6F465290622CE65C200047306CC70E60.d.496EAFB38D26A96FB7DAF9BB19FB5DFB.e.5653"}]}
COMMAND: POST /session/eac9b0d7e8ced2053dbc37a41f3ce9ab/element/f.6F465290622CE65C200047306CC70E60.d.496EAFB38D26A96FB7DAF9BB19FB5DFB.e.5653/click - {}
COMMAND: GET /session/eac9b0d7e8ced2053dbc37a41f3ce9ab/screenshot - {}
RESULT: {}
RESULT: {}
COMMAND: GET /session/eac9b0d7e8ced2053dbc37a41f3ce9ab/screenshot - {}
RESULT: {}
COMMAND: POST /session/eac9b0d7e8ced2053dbc37a41f3ce9ab/execute/async - {"script":"<script> [1562 bytes]","args":[{"selector":{"controlType":"sap.m.ComboBox","viewName":"reusables.view.manageresources.NewResourceUnit","viewId":"application-manageresources-display-component---newResourceUnit","bindingPath":{"path":"","propertyPath":"/RuTypes","modelName":"catalogModel"},"searchOpenDialogs":true},"wdio_ui5_key":"reusablesview.manageresources.NewResourceUnitsap.m.ComboBox{\"path\":\"\",\"propertyPath\":\"/RuTypes\",\"modelName\":\"catalogModel\"}"}]}
RESULT: {"script":"<script> [1562 bytes]","args":[{"selector":{"controlType":"sap.m.ComboBox","viewName":"reusables.view.manageresources.NewResourceUnit","viewId":"application-manageresources-display-component---newResourceUnit","bindingPath":{"path":"","propertyPath":"/RuTypes","modelName":"catalogModel"},"searchOpenDialogs":true},"wdio_ui5_key":"reusablesview.manageresources.NewResourceUnitsap.m.ComboBox{\"path\":\"\",\"propertyPath\":\"/RuTypes\",\"modelName\":\"catalogModel\"}"}]}
RESULT: undefined
COMMAND: POST /session/eac9b0d7e8ced2053dbc37a41f3ce9ab/execute/async - {"script":"<script> [1562 bytes]","args":[{"selector":{"controlType":"sap.m.ComboBox","viewName":"reusables.view.manageresources.NewResourceUnit","viewId":"application-manageresources-display-component---newResourceUnit","bindingPath":{"path":"","propertyPath":"/Yards","modelName":"catalogModel"},"searchOpenDialogs":true},"wdio_ui5_key":"reusablesview.manageresources.NewResourceUnitsap.m.ComboBox{\"path\":\"\",\"propertyPath\":\"/Yards\",\"modelName\":\"catalogModel\"}"}]}
RESULT: {"script":"<script> [1562 bytes]","args":[{"selector":{"controlType":"sap.m.ComboBox","viewName":"reusables.view.manageresources.NewResourceUnit","viewId":"application-manageresources-display-component---newResourceUnit","bindingPath":{"path":"","propertyPath":"/Yards","modelName":"catalogModel"},"searchOpenDialogs":true},"wdio_ui5_key":"reusablesview.manageresources.NewResourceUnitsap.m.ComboBox{\"path\":\"\",\"propertyPath\":\"/Yards\",\"modelName\":\"catalogModel\"}"}]}
RESULT: undefined
COMMAND: POST /session/eac9b0d7e8ced2053dbc37a41f3ce9ab/execute/async - {"script":"<script> [1562 bytes]","args":[{"selector":{"controlType":"etm.portal.ui.reusables.customControls.LiveSearchComboBox","viewName":"reusables.view.manageresources.NewResourceUnit","viewId":"application-manageresources-display-component---newResourceUnit","bindingPath":{"path":"","propertyPath":"/CatalogItems","modelName":"catalogModel"},"searchOpenDialogs":true},"wdio_ui5_key":"reusablesview.manageresources.NewResourceUnitetm.portal.ui.reusables.customControls.LiveSearchComboBox{\"path\":\"\",\"propertyPath\":\"/CatalogItems\",\"modelName\":\"catalogModel\"}"}]}
RESULT: {"script":"<script> [1562 bytes]","args":[{"selector":{"controlType":"etm.portal.ui.reusables.customControls.LiveSearchComboBox","viewName":"reusables.view.manageresources.NewResourceUnit","viewId":"application-manageresources-display-component---newResourceUnit","bindingPath":{"path":"","propertyPath":"/CatalogItems","modelName":"catalogModel"},"searchOpenDialogs":true},"wdio_ui5_key":"reusablesview.manageresources.NewResourceUnitetm.portal.ui.reusables.customControls.LiveSearchComboBox{\"path\":\"\",\"propertyPath\":\"/CatalogItems\",\"modelName\":\"catalogModel\"}"}]}
RESULT: undefined
COMMAND: POST /session/eac9b0d7e8ced2053dbc37a41f3ce9ab/element - {"using":"xpath","value":"//bdi[text()=\"OK\"]"}
RESULT: {"using":"xpath","value":"//bdi[text()=\"OK\"]"}
COMMAND: POST /session/eac9b0d7e8ced2053dbc37a41f3ce9ab/elements - {"using":"xpath","value":"//bdi[text()=\"OK\"]"}
RESULT: {"using":"xpath","value":"//bdi[text()=\"OK\"]"}
COMMAND: POST /session/eac9b0d7e8ced2053dbc37a41f3ce9ab/elements - {"using":"xpath","value":"//bdi[text()=\"OK\"]"}
RESULT: {"using":"xpath","value":"//bdi[text()=\"OK\"]"}
COMMAND: POST /session/eac9b0d7e8ced2053dbc37a41f3ce9ab/elements - {"using":"xpath","value":"//bdi[text()=\"OK\"]"}
RESULT: {"using":"xpath","value":"//bdi[text()=\"OK\"]"}
COMMAND: POST /session/eac9b0d7e8ced2053dbc37a41f3ce9ab/elements - {"using":"xpath","value":"//bdi[text()=\"OK\"]"}
RESULT: {"using":"xpath","value":"//bdi[text()=\"OK\"]"}
COMMAND: POST /session/eac9b0d7e8ced2053dbc37a41f3ce9ab/elements - {"using":"xpath","value":"//bdi[text()=\"OK\"]"}
RESULT: {"using":"xpath","value":"//bdi[text()=\"OK\"]"}
COMMAND: POST /session/eac9b0d7e8ced2053dbc37a41f3ce9ab/elements - {"using":"xpath","value":"//bdi[text()=\"OK\"]"}
RESULT: {"using":"xpath","value":"//bdi[text()=\"OK\"]"}
COMMAND: POST /session/eac9b0d7e8ced2053dbc37a41f3ce9ab/elements - {"using":"xpath","value":"//bdi[text()=\"OK\"]"}
RESULT: {"using":"xpath","value":"//bdi[text()=\"OK\"]"}
COMMAND: POST /session/eac9b0d7e8ced2053dbc37a41f3ce9ab/elements - {"using":"xpath","value":"//bdi[text()=\"OK\"]"}
RESULT: {"using":"xpath","value":"//bdi[text()=\"OK\"]"}
COMMAND: POST /session/eac9b0d7e8ced2053dbc37a41f3ce9ab/elements - {"using":"xpath","value":"//bdi[text()=\"OK\"]"}
RESULT: {"using":"xpath","value":"//bdi[text()=\"OK\"]"}
COMMAND: POST /session/eac9b0d7e8ced2053dbc37a41f3ce9ab/elements - {"using":"xpath","value":"//bdi[text()=\"OK\"]"}
RESULT: {"using":"xpath","value":"//bdi[text()=\"OK\"]"}
COMMAND: POST /session/eac9b0d7e8ced2053dbc37a41f3ce9ab/elements - {"using":"xpath","value":"//bdi[text()=\"OK\"]"}
RESULT: {"using":"xpath","value":"//bdi[text()=\"OK\"]"}
COMMAND: POST /session/eac9b0d7e8ced2053dbc37a41f3ce9ab/elements - {"using":"xpath","value":"//bdi[text()=\"OK\"]"}
RESULT: {"using":"xpath","value":"//bdi[text()=\"OK\"]"}
COMMAND: POST /session/eac9b0d7e8ced2053dbc37a41f3ce9ab/elements - {"using":"xpath","value":"//bdi[text()=\"OK\"]"}
RESULT: {"using":"xpath","value":"//bdi[text()=\"OK\"]"}
COMMAND: POST /session/eac9b0d7e8ced2053dbc37a41f3ce9ab/elements - {"using":"xpath","value":"//bdi[text()=\"OK\"]"}
RESULT: {"using":"xpath","value":"//bdi[text()=\"OK\"]"}
COMMAND: POST /session/eac9b0d7e8ced2053dbc37a41f3ce9ab/elements - {"using":"xpath","value":"//bdi[text()=\"OK\"]"}
RESULT: {"using":"xpath","value":"//bdi[text()=\"OK\"]"}
COMMAND: POST /session/eac9b0d7e8ced2053dbc37a41f3ce9ab/elements - {"using":"xpath","value":"//bdi[text()=\"OK\"]"}
RESULT: {"using":"xpath","value":"//bdi[text()=\"OK\"]"}
COMMAND: POST /session/eac9b0d7e8ced2053dbc37a41f3ce9ab/elements - {"using":"xpath","value":"//bdi[text()=\"OK\"]"}
RESULT: {"using":"xpath","value":"//bdi[text()=\"OK\"]"}
COMMAND: POST /session/eac9b0d7e8ced2053dbc37a41f3ce9ab/elements - {"using":"xpath","value":"//bdi[text()=\"OK\"]"}
RESULT: {"using":"xpath","value":"//bdi[text()=\"OK\"]"}
COMMAND: POST /session/eac9b0d7e8ced2053dbc37a41f3ce9ab/elements - {"using":"xpath","value":"//bdi[text()=\"OK\"]"}
RESULT: {"using":"xpath","value":"//bdi[text()=\"OK\"]"}
COMMAND: POST /session/eac9b0d7e8ced2053dbc37a41f3ce9ab/elements - {"using":"xpath","value":"//bdi[text()=\"OK\"]"}
RESULT: {"using":"xpath","value":"//bdi[text()=\"OK\"]"}
COMMAND: POST /session/eac9b0d7e8ced2053dbc37a41f3ce9ab/elements - {"using":"xpath","value":"//bdi[text()=\"OK\"]"}
RESULT: {"using":"xpath","value":"//bdi[text()=\"OK\"]"}
COMMAND: POST /session/eac9b0d7e8ced2053dbc37a41f3ce9ab/elements - {"using":"xpath","value":"//bdi[text()=\"OK\"]"}
RESULT: {"using":"xpath","value":"//bdi[text()=\"OK\"]"}
COMMAND: POST /session/eac9b0d7e8ced2053dbc37a41f3ce9ab/elements - {"using":"xpath","value":"//bdi[text()=\"OK\"]"}
RESULT: {"using":"xpath","value":"//bdi[text()=\"OK\"]"}
COMMAND: POST /session/eac9b0d7e8ced2053dbc37a41f3ce9ab/elements - {"using":"xpath","value":"//bdi[text()=\"OK\"]"}
RESULT: {"using":"xpath","value":"//bdi[text()=\"OK\"]"}
COMMAND: POST /session/eac9b0d7e8ced2053dbc37a41f3ce9ab/elements - {"using":"xpath","value":"//bdi[text()=\"OK\"]"}
RESULT: {"using":"xpath","value":"//bdi[text()=\"OK\"]"}
COMMAND: POST /session/eac9b0d7e8ced2053dbc37a41f3ce9ab/elements - {"using":"xpath","value":"//bdi[text()=\"OK\"]"}
RESULT: {"using":"xpath","value":"//bdi[text()=\"OK\"]"}
COMMAND: POST /session/eac9b0d7e8ced2053dbc37a41f3ce9ab/elements - {"using":"xpath","value":"//bdi[text()=\"OK\"]"}
RESULT: {"using":"xpath","value":"//bdi[text()=\"OK\"]"}
COMMAND: POST /session/eac9b0d7e8ced2053dbc37a41f3ce9ab/elements - {"using":"xpath","value":"//bdi[text()=\"OK\"]"}
RESULT: {"using":"xpath","value":"//bdi[text()=\"OK\"]"}
COMMAND: POST /session/eac9b0d7e8ced2053dbc37a41f3ce9ab/elements - {"using":"xpath","value":"//bdi[text()=\"OK\"]"}
RESULT: {"using":"xpath","value":"//bdi[text()=\"OK\"]"}
COMMAND: POST /session/eac9b0d7e8ced2053dbc37a41f3ce9ab/elements - {"using":"xpath","value":"//bdi[text()=\"OK\"]"}
RESULT: {"using":"xpath","value":"//bdi[text()=\"OK\"]"}
COMMAND: POST /session/eac9b0d7e8ced2053dbc37a41f3ce9ab/elements - {"using":"xpath","value":"//bdi[text()=\"OK\"]"}
RESULT: {"using":"xpath","value":"//bdi[text()=\"OK\"]"}
COMMAND: POST /session/eac9b0d7e8ced2053dbc37a41f3ce9ab/elements - {"using":"xpath","value":"//bdi[text()=\"OK\"]"}
RESULT: {"using":"xpath","value":"//bdi[text()=\"OK\"]"}
COMMAND: POST /session/eac9b0d7e8ced2053dbc37a41f3ce9ab/elements - {"using":"xpath","value":"//bdi[text()=\"OK\"]"}
RESULT: {"using":"xpath","value":"//bdi[text()=\"OK\"]"}
COMMAND: POST /session/eac9b0d7e8ced2053dbc37a41f3ce9ab/elements - {"using":"xpath","value":"//bdi[text()=\"OK\"]"}
RESULT: {"using":"xpath","value":"//bdi[text()=\"OK\"]"}
COMMAND: POST /session/eac9b0d7e8ced2053dbc37a41f3ce9ab/elements - {"using":"xpath","value":"//bdi[text()=\"OK\"]"}
RESULT: {"using":"xpath","value":"//bdi[text()=\"OK\"]"}
COMMAND: POST /session/eac9b0d7e8ced2053dbc37a41f3ce9ab/elements - {"using":"xpath","value":"//bdi[text()=\"OK\"]"}
RESULT: {"using":"xpath","value":"//bdi[text()=\"OK\"]"}
COMMAND: POST /session/eac9b0d7e8ced2053dbc37a41f3ce9ab/elements - {"using":"xpath","value":"//bdi[text()=\"OK\"]"}
RESULT: {"using":"xpath","value":"//bdi[text()=\"OK\"]"}
COMMAND: POST /session/eac9b0d7e8ced2053dbc37a41f3ce9ab/elements - {"using":"xpath","value":"//bdi[text()=\"OK\"]"}
RESULT: {"using":"xpath","value":"//bdi[text()=\"OK\"]"}
COMMAND: POST /session/eac9b0d7e8ced2053dbc37a41f3ce9ab/elements - {"using":"xpath","value":"//bdi[text()=\"OK\"]"}
RESULT: {"using":"xpath","value":"//bdi[text()=\"OK\"]"}
COMMAND: POST /session/eac9b0d7e8ced2053dbc37a41f3ce9ab/elements - {"using":"xpath","value":"//bdi[text()=\"OK\"]"}
RESULT: {"using":"xpath","value":"//bdi[text()=\"OK\"]"}
COMMAND: POST /session/eac9b0d7e8ced2053dbc37a41f3ce9ab/elements - {"using":"xpath","value":"//bdi[text()=\"OK\"]"}
RESULT: {"using":"xpath","value":"//bdi[text()=\"OK\"]"}
COMMAND: POST /session/eac9b0d7e8ced2053dbc37a41f3ce9ab/elements - {"using":"xpath","value":"//bdi[text()=\"OK\"]"}
RESULT: {"using":"xpath","value":"//bdi[text()=\"OK\"]"}
COMMAND: POST /session/eac9b0d7e8ced2053dbc37a41f3ce9ab/elements - {"using":"xpath","value":"//bdi[text()=\"OK\"]"}
RESULT: {"using":"xpath","value":"//bdi[text()=\"OK\"]"}
COMMAND: POST /session/eac9b0d7e8ced2053dbc37a41f3ce9ab/elements - {"using":"xpath","value":"//bdi[text()=\"OK\"]"}
RESULT: {"using":"xpath","value":"//bdi[text()=\"OK\"]"}
COMMAND: POST /session/eac9b0d7e8ced2053dbc37a41f3ce9ab/elements - {"using":"xpath","value":"//bdi[text()=\"OK\"]"}
RESULT: {"using":"xpath","value":"//bdi[text()=\"OK\"]"}
COMMAND: POST /session/eac9b0d7e8ced2053dbc37a41f3ce9ab/elements - {"using":"xpath","value":"//bdi[text()=\"OK\"]"}
RESULT: {"using":"xpath","value":"//bdi[text()=\"OK\"]"}
COMMAND: POST /session/eac9b0d7e8ced2053dbc37a41f3ce9ab/elements - {"using":"xpath","value":"//bdi[text()=\"OK\"]"}
RESULT: {"using":"xpath","value":"//bdi[text()=\"OK\"]"}
COMMAND: POST /session/eac9b0d7e8ced2053dbc37a41f3ce9ab/elements - {"using":"xpath","value":"//bdi[text()=\"OK\"]"}
RESULT: {"using":"xpath","value":"//bdi[text()=\"OK\"]"}
COMMAND: POST /session/eac9b0d7e8ced2053dbc37a41f3ce9ab/elements - {"using":"xpath","value":"//bdi[text()=\"OK\"]"}
RESULT: {"using":"xpath","value":"//bdi[text()=\"OK\"]"}
COMMAND: POST /session/eac9b0d7e8ced2053dbc37a41f3ce9ab/elements - {"using":"xpath","value":"//bdi[text()=\"OK\"]"}
RESULT: {"using":"xpath","value":"//bdi[text()=\"OK\"]"}
COMMAND: POST /session/eac9b0d7e8ced2053dbc37a41f3ce9ab/elements - {"using":"xpath","value":"//bdi[text()=\"OK\"]"}
RESULT: {"using":"xpath","value":"//bdi[text()=\"OK\"]"}
COMMAND: POST /session/eac9b0d7e8ced2053dbc37a41f3ce9ab/elements - {"using":"xpath","value":"//bdi[text()=\"OK\"]"}
RESULT: {"using":"xpath","value":"//bdi[text()=\"OK\"]"}
COMMAND: POST /session/eac9b0d7e8ced2053dbc37a41f3ce9ab/elements - {"using":"xpath","value":"//bdi[text()=\"OK\"]"}
RESULT: {"using":"xpath","value":"//bdi[text()=\"OK\"]"}
COMMAND: POST /session/eac9b0d7e8ced2053dbc37a41f3ce9ab/elements - {"using":"xpath","value":"//bdi[text()=\"OK\"]"}
RESULT: {"using":"xpath","value":"//bdi[text()=\"OK\"]"}
COMMAND: POST /session/eac9b0d7e8ced2053dbc37a41f3ce9ab/elements - {"using":"xpath","value":"//bdi[text()=\"OK\"]"}
RESULT: {"using":"xpath","value":"//bdi[text()=\"OK\"]"}
COMMAND: POST /session/eac9b0d7e8ced2053dbc37a41f3ce9ab/elements - {"using":"xpath","value":"//bdi[text()=\"OK\"]"}
RESULT: {"using":"xpath","value":"//bdi[text()=\"OK\"]"}
COMMAND: POST /session/eac9b0d7e8ced2053dbc37a41f3ce9ab/elements - {"using":"xpath","value":"//bdi[text()=\"OK\"]"}
RESULT: {"using":"xpath","value":"//bdi[text()=\"OK\"]"}
COMMAND: POST /session/eac9b0d7e8ced2053dbc37a41f3ce9ab/elements - {"using":"xpath","value":"//bdi[text()=\"OK\"]"}
RESULT: {"using":"xpath","value":"//bdi[text()=\"OK\"]"}
COMMAND: POST /session/eac9b0d7e8ced2053dbc37a41f3ce9ab/elements - {"using":"xpath","value":"//bdi[text()=\"OK\"]"}
RESULT: {"using":"xpath","value":"//bdi[text()=\"OK\"]"}
COMMAND: POST /session/eac9b0d7e8ced2053dbc37a41f3ce9ab/elements - {"using":"xpath","value":"//bdi[text()=\"OK\"]"}
RESULT: {"using":"xpath","value":"//bdi[text()=\"OK\"]"}
COMMAND: POST /session/eac9b0d7e8ced2053dbc37a41f3ce9ab/elements - {"using":"xpath","value":"//bdi[text()=\"OK\"]"}
RESULT: {"using":"xpath","value":"//bdi[text()=\"OK\"]"}
COMMAND: POST /session/eac9b0d7e8ced2053dbc37a41f3ce9ab/elements - {"using":"xpath","value":"//bdi[text()=\"OK\"]"}
RESULT: {"using":"xpath","value":"//bdi[text()=\"OK\"]"}
COMMAND: POST /session/eac9b0d7e8ced2053dbc37a41f3ce9ab/elements - {"using":"xpath","value":"//bdi[text()=\"OK\"]"}
RESULT: {"using":"xpath","value":"//bdi[text()=\"OK\"]"}
COMMAND: POST /session/eac9b0d7e8ced2053dbc37a41f3ce9ab/elements - {"using":"xpath","value":"//bdi[text()=\"OK\"]"}
RESULT: {"using":"xpath","value":"//bdi[text()=\"OK\"]"}
COMMAND: POST /session/eac9b0d7e8ced2053dbc37a41f3ce9ab/elements - {"using":"xpath","value":"//bdi[text()=\"OK\"]"}
RESULT: {"using":"xpath","value":"//bdi[text()=\"OK\"]"}
COMMAND: POST /session/eac9b0d7e8ced2053dbc37a41f3ce9ab/elements - {"using":"xpath","value":"//bdi[text()=\"OK\"]"}
RESULT: {"using":"xpath","value":"//bdi[text()=\"OK\"]"}
COMMAND: POST /session/eac9b0d7e8ced2053dbc37a41f3ce9ab/elements - {"using":"xpath","value":"//bdi[text()=\"OK\"]"}
RESULT: {"using":"xpath","value":"//bdi[text()=\"OK\"]"}
COMMAND: POST /session/eac9b0d7e8ced2053dbc37a41f3ce9ab/elements - {"using":"xpath","value":"//bdi[text()=\"OK\"]"}
RESULT: {"using":"xpath","value":"//bdi[text()=\"OK\"]"}
COMMAND: POST /session/eac9b0d7e8ced2053dbc37a41f3ce9ab/elements - {"using":"xpath","value":"//bdi[text()=\"OK\"]"}
RESULT: {"using":"xpath","value":"//bdi[text()=\"OK\"]"}
COMMAND: POST /session/eac9b0d7e8ced2053dbc37a41f3ce9ab/elements - {"using":"xpath","value":"//bdi[text()=\"OK\"]"}
RESULT: {"using":"xpath","value":"//bdi[text()=\"OK\"]"}
COMMAND: POST /session/eac9b0d7e8ced2053dbc37a41f3ce9ab/elements - {"using":"xpath","value":"//bdi[text()=\"OK\"]"}
RESULT: {"using":"xpath","value":"//bdi[text()=\"OK\"]"}
COMMAND: POST /session/eac9b0d7e8ced2053dbc37a41f3ce9ab/elements - {"using":"xpath","value":"//bdi[text()=\"OK\"]"}
RESULT: {"using":"xpath","value":"//bdi[text()=\"OK\"]"}
COMMAND: POST /session/eac9b0d7e8ced2053dbc37a41f3ce9ab/elements - {"using":"xpath","value":"//bdi[text()=\"OK\"]"}
RESULT: {"using":"xpath","value":"//bdi[text()=\"OK\"]"}
COMMAND: POST /session/eac9b0d7e8ced2053dbc37a41f3ce9ab/elements - {"using":"xpath","value":"//bdi[text()=\"OK\"]"}
RESULT: {"using":"xpath","value":"//bdi[text()=\"OK\"]"}
COMMAND: POST /session/eac9b0d7e8ced2053dbc37a41f3ce9ab/elements - {"using":"xpath","value":"//bdi[text()=\"OK\"]"}
RESULT: {"using":"xpath","value":"//bdi[text()=\"OK\"]"}
COMMAND: POST /session/eac9b0d7e8ced2053dbc37a41f3ce9ab/elements - {"using":"xpath","value":"//bdi[text()=\"OK\"]"}
RESULT: {"using":"xpath","value":"//bdi[text()=\"OK\"]"}
COMMAND: POST /session/eac9b0d7e8ced2053dbc37a41f3ce9ab/elements - {"using":"xpath","value":"//bdi[text()=\"OK\"]"}
RESULT: {"using":"xpath","value":"//bdi[text()=\"OK\"]"}
COMMAND: POST /session/eac9b0d7e8ced2053dbc37a41f3ce9ab/elements - {"using":"xpath","value":"//bdi[text()=\"OK\"]"}
RESULT: {"using":"xpath","value":"//bdi[text()=\"OK\"]"}
COMMAND: POST /session/eac9b0d7e8ced2053dbc37a41f3ce9ab/elements - {"using":"xpath","value":"//bdi[text()=\"OK\"]"}
RESULT: {"using":"xpath","value":"//bdi[text()=\"OK\"]"}
COMMAND: POST /session/eac9b0d7e8ced2053dbc37a41f3ce9ab/elements - {"using":"xpath","value":"//bdi[text()=\"OK\"]"}
RESULT: {"using":"xpath","value":"//bdi[text()=\"OK\"]"}
COMMAND: POST /session/eac9b0d7e8ced2053dbc37a41f3ce9ab/elements - {"using":"xpath","value":"//bdi[text()=\"OK\"]"}
RESULT: {"using":"xpath","value":"//bdi[text()=\"OK\"]"}
COMMAND: POST /session/eac9b0d7e8ced2053dbc37a41f3ce9ab/elements - {"using":"xpath","value":"//bdi[text()=\"OK\"]"}
RESULT: {"using":"xpath","value":"//bdi[text()=\"OK\"]"}
COMMAND: POST /session/eac9b0d7e8ced2053dbc37a41f3ce9ab/elements - {"using":"xpath","value":"//bdi[text()=\"OK\"]"}
RESULT: {"using":"xpath","value":"//bdi[text()=\"OK\"]"}
COMMAND: POST /session/eac9b0d7e8ced2053dbc37a41f3ce9ab/elements - {"using":"xpath","value":"//bdi[text()=\"OK\"]"}
RESULT: {"using":"xpath","value":"//bdi[text()=\"OK\"]"}
COMMAND: POST /session/eac9b0d7e8ced2053dbc37a41f3ce9ab/elements - {"using":"xpath","value":"//bdi[text()=\"OK\"]"}
RESULT: {"using":"xpath","value":"//bdi[text()=\"OK\"]"}
COMMAND: POST /session/eac9b0d7e8ced2053dbc37a41f3ce9ab/elements - {"using":"xpath","value":"//bdi[text()=\"OK\"]"}
RESULT: {"using":"xpath","value":"//bdi[text()=\"OK\"]"}
COMMAND: POST /session/eac9b0d7e8ced2053dbc37a41f3ce9ab/elements - {"using":"xpath","value":"//bdi[text()=\"OK\"]"}
RESULT: {"using":"xpath","value":"//bdi[text()=\"OK\"]"}
COMMAND: POST /session/eac9b0d7e8ced2053dbc37a41f3ce9ab/elements - {"using":"xpath","value":"//bdi[text()=\"OK\"]"}
RESULT: {"using":"xpath","value":"//bdi[text()=\"OK\"]"}
COMMAND: POST /session/eac9b0d7e8ced2053dbc37a41f3ce9ab/elements - {"using":"xpath","value":"//bdi[text()=\"OK\"]"}
RESULT: {"using":"xpath","value":"//bdi[text()=\"OK\"]"}
COMMAND: POST /session/eac9b0d7e8ced2053dbc37a41f3ce9ab/elements - {"using":"xpath","value":"//bdi[text()=\"OK\"]"}
RESULT: {"using":"xpath","value":"//bdi[text()=\"OK\"]"}
COMMAND: POST /session/eac9b0d7e8ced2053dbc37a41f3ce9ab/elements - {"using":"xpath","value":"//bdi[text()=\"OK\"]"}
RESULT: {"using":"xpath","value":"//bdi[text()=\"OK\"]"}
COMMAND: POST /session/eac9b0d7e8ced2053dbc37a41f3ce9ab/elements - {"using":"xpath","value":"//bdi[text()=\"OK\"]"}
RESULT: {"using":"xpath","value":"//bdi[text()=\"OK\"]"}
COMMAND: POST /session/eac9b0d7e8ced2053dbc37a41f3ce9ab/elements - {"using":"xpath","value":"//bdi[text()=\"OK\"]"}
RESULT: {"using":"xpath","value":"//bdi[text()=\"OK\"]"}
COMMAND: POST /session/eac9b0d7e8ced2053dbc37a41f3ce9ab/elements - {"using":"xpath","value":"//bdi[text()=\"OK\"]"}
RESULT: {"using":"xpath","value":"//bdi[text()=\"OK\"]"}
COMMAND: POST /session/eac9b0d7e8ced2053dbc37a41f3ce9ab/elements - {"using":"xpath","value":"//bdi[text()=\"OK\"]"}
RESULT: {"using":"xpath","value":"//bdi[text()=\"OK\"]"}
COMMAND: POST /session/eac9b0d7e8ced2053dbc37a41f3ce9ab/elements - {"using":"xpath","value":"//bdi[text()=\"OK\"]"}
RESULT: {"using":"xpath","value":"//bdi[text()=\"OK\"]"}
COMMAND: POST /session/eac9b0d7e8ced2053dbc37a41f3ce9ab/elements - {"using":"xpath","value":"//bdi[text()=\"OK\"]"}
RESULT: {"using":"xpath","value":"//bdi[text()=\"OK\"]"}
COMMAND: POST /session/eac9b0d7e8ced2053dbc37a41f3ce9ab/elements - {"using":"xpath","value":"//bdi[text()=\"OK\"]"}
RESULT: {"using":"xpath","value":"//bdi[text()=\"OK\"]"}
COMMAND: POST /session/eac9b0d7e8ced2053dbc37a41f3ce9ab/elements - {"using":"xpath","value":"//bdi[text()=\"OK\"]"}
RESULT: {"using":"xpath","value":"//bdi[text()=\"OK\"]"}
COMMAND: POST /session/eac9b0d7e8ced2053dbc37a41f3ce9ab/elements - {"using":"xpath","value":"//bdi[text()=\"OK\"]"}
RESULT: {"using":"xpath","value":"//bdi[text()=\"OK\"]"}
COMMAND: POST /session/eac9b0d7e8ced2053dbc37a41f3ce9ab/elements - {"using":"xpath","value":"//bdi[text()=\"OK\"]"}
RESULT: {"using":"xpath","value":"//bdi[text()=\"OK\"]"}
COMMAND: POST /session/eac9b0d7e8ced2053dbc37a41f3ce9ab/elements - {"using":"xpath","value":"//bdi[text()=\"OK\"]"}
RESULT: {"using":"xpath","value":"//bdi[text()=\"OK\"]"}
COMMAND: POST /session/eac9b0d7e8ced2053dbc37a41f3ce9ab/elements - {"using":"xpath","value":"//bdi[text()=\"OK\"]"}
RESULT: {"using":"xpath","value":"//bdi[text()=\"OK\"]"}
COMMAND: POST /session/eac9b0d7e8ced2053dbc37a41f3ce9ab/elements - {"using":"xpath","value":"//bdi[text()=\"OK\"]"}
RESULT: {"using":"xpath","value":"//bdi[text()=\"OK\"]"}
COMMAND: POST /session/eac9b0d7e8ced2053dbc37a41f3ce9ab/elements - {"using":"xpath","value":"//bdi[text()=\"OK\"]"}
RESULT: {"using":"xpath","value":"//bdi[text()=\"OK\"]"}
COMMAND: POST /session/eac9b0d7e8ced2053dbc37a41f3ce9ab/elements - {"using":"xpath","value":"//bdi[text()=\"OK\"]"}
RESULT: {"using":"xpath","value":"//bdi[text()=\"OK\"]"}
COMMAND: POST /session/eac9b0d7e8ced2053dbc37a41f3ce9ab/elements - {"using":"xpath","value":"//bdi[text()=\"OK\"]"}
RESULT: {"using":"xpath","value":"//bdi[text()=\"OK\"]"}
COMMAND: POST /session/eac9b0d7e8ced2053dbc37a41f3ce9ab/elements - {"using":"xpath","value":"//bdi[text()=\"OK\"]"}
RESULT: {"using":"xpath","value":"//bdi[text()=\"OK\"]"}
COMMAND: POST /session/eac9b0d7e8ced2053dbc37a41f3ce9ab/elements - {"using":"xpath","value":"//bdi[text()=\"OK\"]"}
RESULT: {"using":"xpath","value":"//bdi[text()=\"OK\"]"}
COMMAND: POST /session/eac9b0d7e8ced2053dbc37a41f3ce9ab/elements - {"using":"xpath","value":"//bdi[text()=\"OK\"]"}
RESULT: {"using":"xpath","value":"//bdi[text()=\"OK\"]"}
COMMAND: POST /session/eac9b0d7e8ced2053dbc37a41f3ce9ab/elements - {"using":"xpath","value":"//bdi[text()=\"OK\"]"}
RESULT: {"using":"xpath","value":"//bdi[text()=\"OK\"]"}
COMMAND: POST /session/eac9b0d7e8ced2053dbc37a41f3ce9ab/elements - {"using":"xpath","value":"//bdi[text()=\"OK\"]"}
RESULT: {"using":"xpath","value":"//bdi[text()=\"OK\"]"}
COMMAND: POST /session/eac9b0d7e8ced2053dbc37a41f3ce9ab/elements - {"using":"xpath","value":"//bdi[text()=\"OK\"]"}
RESULT: {"using":"xpath","value":"//bdi[text()=\"OK\"]"}
COMMAND: POST /session/eac9b0d7e8ced2053dbc37a41f3ce9ab/elements - {"using":"xpath","value":"//bdi[text()=\"OK\"]"}
RESULT: {"using":"xpath","value":"//bdi[text()=\"OK\"]"}
COMMAND: POST /session/eac9b0d7e8ced2053dbc37a41f3ce9ab/elements - {"using":"xpath","value":"//bdi[text()=\"OK\"]"}
RESULT: {"using":"xpath","value":"//bdi[text()=\"OK\"]"}
COMMAND: POST /session/eac9b0d7e8ced2053dbc37a41f3ce9ab/elements - {"using":"xpath","value":"//bdi[text()=\"OK\"]"}
RESULT: {"using":"xpath","value":"//bdi[text()=\"OK\"]"}
COMMAND: POST /session/eac9b0d7e8ced2053dbc37a41f3ce9ab/elements - {"using":"xpath","value":"//bdi[text()=\"OK\"]"}
RESULT: {"using":"xpath","value":"//bdi[text()=\"OK\"]"}
COMMAND: POST /session/eac9b0d7e8ced2053dbc37a41f3ce9ab/elements - {"using":"xpath","value":"//bdi[text()=\"OK\"]"}
RESULT: {"using":"xpath","value":"//bdi[text()=\"OK\"]"}
COMMAND: POST /session/eac9b0d7e8ced2053dbc37a41f3ce9ab/elements - {"using":"xpath","value":"//bdi[text()=\"OK\"]"}
RESULT: {"using":"xpath","value":"//bdi[text()=\"OK\"]"}
COMMAND: POST /session/eac9b0d7e8ced2053dbc37a41f3ce9ab/elements - {"using":"xpath","value":"//bdi[text()=\"OK\"]"}
RESULT: {"using":"xpath","value":"//bdi[text()=\"OK\"]"}
COMMAND: POST /session/eac9b0d7e8ced2053dbc37a41f3ce9ab/element - {"using":"xpath","value":"//bdi[text()=\"OK\"]"}
RESULT: {"using":"xpath","value":"//bdi[text()=\"OK\"]"}
COMMAND: POST /session/eac9b0d7e8ced2053dbc37a41f3ce9ab/elements - {"using":"xpath","value":"//bdi[text()=\"OK\"]"}
RESULT: {"using":"xpath","value":"//bdi[text()=\"OK\"]"}
COMMAND: POST /session/eac9b0d7e8ced2053dbc37a41f3ce9ab/elements - {"using":"xpath","value":"//bdi[text()=\"OK\"]"}
RESULT: {"using":"xpath","value":"//bdi[text()=\"OK\"]"}
COMMAND: POST /session/eac9b0d7e8ced2053dbc37a41f3ce9ab/elements - {"using":"xpath","value":"//bdi[text()=\"OK\"]"}
RESULT: {"using":"xpath","value":"//bdi[text()=\"OK\"]"}
COMMAND: POST /session/eac9b0d7e8ced2053dbc37a41f3ce9ab/elements - {"using":"xpath","value":"//bdi[text()=\"OK\"]"}
RESULT: {"using":"xpath","value":"//bdi[text()=\"OK\"]"}
COMMAND: POST /session/eac9b0d7e8ced2053dbc37a41f3ce9ab/elements - {"using":"xpath","value":"//bdi[text()=\"OK\"]"}
RESULT: {"using":"xpath","value":"//bdi[text()=\"OK\"]"}
COMMAND: POST /session/eac9b0d7e8ced2053dbc37a41f3ce9ab/elements - {"using":"xpath","value":"//bdi[text()=\"OK\"]"}
RESULT: {"using":"xpath","value":"//bdi[text()=\"OK\"]"}
COMMAND: POST /session/eac9b0d7e8ced2053dbc37a41f3ce9ab/elements - {"using":"xpath","value":"//bdi[text()=\"OK\"]"}
RESULT: {"using":"xpath","value":"//bdi[text()=\"OK\"]"}
COMMAND: POST /session/eac9b0d7e8ced2053dbc37a41f3ce9ab/elements - {"using":"xpath","value":"//bdi[text()=\"OK\"]"}
RESULT: {"using":"xpath","value":"//bdi[text()=\"OK\"]"}
COMMAND: POST /session/eac9b0d7e8ced2053dbc37a41f3ce9ab/elements - {"using":"xpath","value":"//bdi[text()=\"OK\"]"}
RESULT: {"using":"xpath","value":"//bdi[text()=\"OK\"]"}
COMMAND: POST /session/eac9b0d7e8ced2053dbc37a41f3ce9ab/elements - {"using":"xpath","value":"//bdi[text()=\"OK\"]"}
RESULT: {"using":"xpath","value":"//bdi[text()=\"OK\"]"}
COMMAND: POST /session/eac9b0d7e8ced2053dbc37a41f3ce9ab/elements - {"using":"xpath","value":"//bdi[text()=\"OK\"]"}
RESULT: {"using":"xpath","value":"//bdi[text()=\"OK\"]"}
COMMAND: POST /session/eac9b0d7e8ced2053dbc37a41f3ce9ab/elements - {"using":"xpath","value":"//bdi[text()=\"OK\"]"}
RESULT: {"using":"xpath","value":"//bdi[text()=\"OK\"]"}
COMMAND: POST /session/eac9b0d7e8ced2053dbc37a41f3ce9ab/elements - {"using":"xpath","value":"//bdi[text()=\"OK\"]"}
RESULT: {"using":"xpath","value":"//bdi[text()=\"OK\"]"}
COMMAND: POST /session/eac9b0d7e8ced2053dbc37a41f3ce9ab/elements - {"using":"xpath","value":"//bdi[text()=\"OK\"]"}
RESULT: {"using":"xpath","value":"//bdi[text()=\"OK\"]"}
COMMAND: POST /session/eac9b0d7e8ced2053dbc37a41f3ce9ab/elements - {"using":"xpath","value":"//bdi[text()=\"OK\"]"}
RESULT: {"using":"xpath","value":"//bdi[text()=\"OK\"]"}
COMMAND: POST /session/eac9b0d7e8ced2053dbc37a41f3ce9ab/elements - {"using":"xpath","value":"//bdi[text()=\"OK\"]"}
RESULT: {"using":"xpath","value":"//bdi[text()=\"OK\"]"}
COMMAND: POST /session/eac9b0d7e8ced2053dbc37a41f3ce9ab/elements - {"using":"xpath","value":"//bdi[text()=\"OK\"]"}
RESULT: {"using":"xpath","value":"//bdi[text()=\"OK\"]"}
COMMAND: POST /session/eac9b0d7e8ced2053dbc37a41f3ce9ab/elements - {"using":"xpath","value":"//bdi[text()=\"OK\"]"}
RESULT: {"using":"xpath","value":"//bdi[text()=\"OK\"]"}
COMMAND: POST /session/eac9b0d7e8ced2053dbc37a41f3ce9ab/elements - {"using":"xpath","value":"//bdi[text()=\"OK\"]"}
RESULT: {"using":"xpath","value":"//bdi[text()=\"OK\"]"}
COMMAND: POST /session/eac9b0d7e8ced2053dbc37a41f3ce9ab/elements - {"using":"xpath","value":"//bdi[text()=\"OK\"]"}
RESULT: {"using":"xpath","value":"//bdi[text()=\"OK\"]"}
COMMAND: POST /session/eac9b0d7e8ced2053dbc37a41f3ce9ab/elements - {"using":"xpath","value":"//bdi[text()=\"OK\"]"}
RESULT: {"using":"xpath","value":"//bdi[text()=\"OK\"]"}
COMMAND: POST /session/eac9b0d7e8ced2053dbc37a41f3ce9ab/elements - {"using":"xpath","value":"//bdi[text()=\"OK\"]"}
RESULT: {"using":"xpath","value":"//bdi[text()=\"OK\"]"}
COMMAND: POST /session/eac9b0d7e8ced2053dbc37a41f3ce9ab/elements - {"using":"xpath","value":"//bdi[text()=\"OK\"]"}
RESULT: {"using":"xpath","value":"//bdi[text()=\"OK\"]"}
COMMAND: POST /session/eac9b0d7e8ced2053dbc37a41f3ce9ab/elements - {"using":"xpath","value":"//bdi[text()=\"OK\"]"}
RESULT: {"using":"xpath","value":"//bdi[text()=\"OK\"]"}
COMMAND: POST /session/eac9b0d7e8ced2053dbc37a41f3ce9ab/elements - {"using":"xpath","value":"//bdi[text()=\"OK\"]"}
RESULT: {"using":"xpath","value":"//bdi[text()=\"OK\"]"}
COMMAND: POST /session/eac9b0d7e8ced2053dbc37a41f3ce9ab/elements - {"using":"xpath","value":"//bdi[text()=\"OK\"]"}
RESULT: {"using":"xpath","value":"//bdi[text()=\"OK\"]"}
COMMAND: POST /session/eac9b0d7e8ced2053dbc37a41f3ce9ab/elements - {"using":"xpath","value":"//bdi[text()=\"OK\"]"}
RESULT: {"using":"xpath","value":"//bdi[text()=\"OK\"]"}
COMMAND: POST /session/eac9b0d7e8ced2053dbc37a41f3ce9ab/elements - {"using":"xpath","value":"//bdi[text()=\"OK\"]"}
RESULT: {"using":"xpath","value":"//bdi[text()=\"OK\"]"}
COMMAND: POST /session/eac9b0d7e8ced2053dbc37a41f3ce9ab/elements - {"using":"xpath","value":"//bdi[text()=\"OK\"]"}
RESULT: {"using":"xpath","value":"//bdi[text()=\"OK\"]"}
COMMAND: POST /session/eac9b0d7e8ced2053dbc37a41f3ce9ab/elements - {"using":"xpath","value":"//bdi[text()=\"OK\"]"}
RESULT: {"using":"xpath","value":"//bdi[text()=\"OK\"]"}
COMMAND: POST /session/eac9b0d7e8ced2053dbc37a41f3ce9ab/elements - {"using":"xpath","value":"//bdi[text()=\"OK\"]"}
RESULT: {"using":"xpath","value":"//bdi[text()=\"OK\"]"}
COMMAND: POST /session/eac9b0d7e8ced2053dbc37a41f3ce9ab/elements - {"using":"xpath","value":"//bdi[text()=\"OK\"]"}
RESULT: {"using":"xpath","value":"//bdi[text()=\"OK\"]"}
COMMAND: POST /session/eac9b0d7e8ced2053dbc37a41f3ce9ab/elements - {"using":"xpath","value":"//bdi[text()=\"OK\"]"}
RESULT: {"using":"xpath","value":"//bdi[text()=\"OK\"]"}
COMMAND: POST /session/eac9b0d7e8ced2053dbc37a41f3ce9ab/elements - {"using":"xpath","value":"//bdi[text()=\"OK\"]"}
RESULT: {"using":"xpath","value":"//bdi[text()=\"OK\"]"}
COMMAND: POST /session/eac9b0d7e8ced2053dbc37a41f3ce9ab/elements - {"using":"xpath","value":"//bdi[text()=\"OK\"]"}
RESULT: {"using":"xpath","value":"//bdi[text()=\"OK\"]"}
COMMAND: POST /session/eac9b0d7e8ced2053dbc37a41f3ce9ab/elements - {"using":"xpath","value":"//bdi[text()=\"OK\"]"}
RESULT: {"using":"xpath","value":"//bdi[text()=\"OK\"]"}
COMMAND: POST /session/eac9b0d7e8ced2053dbc37a41f3ce9ab/elements - {"using":"xpath","value":"//bdi[text()=\"OK\"]"}
RESULT: {"using":"xpath","value":"//bdi[text()=\"OK\"]"}
COMMAND: POST /session/eac9b0d7e8ced2053dbc37a41f3ce9ab/elements - {"using":"xpath","value":"//bdi[text()=\"OK\"]"}
RESULT: {"using":"xpath","value":"//bdi[text()=\"OK\"]"}
COMMAND: POST /session/eac9b0d7e8ced2053dbc37a41f3ce9ab/elements - {"using":"xpath","value":"//bdi[text()=\"OK\"]"}
RESULT: {"using":"xpath","value":"//bdi[text()=\"OK\"]"}
COMMAND: POST /session/eac9b0d7e8ced2053dbc37a41f3ce9ab/elements - {"using":"xpath","value":"//bdi[text()=\"OK\"]"}
RESULT: {"using":"xpath","value":"//bdi[text()=\"OK\"]"}
COMMAND: POST /session/eac9b0d7e8ced2053dbc37a41f3ce9ab/elements - {"using":"xpath","value":"//bdi[text()=\"OK\"]"}
RESULT: {"using":"xpath","value":"//bdi[text()=\"OK\"]"}
COMMAND: POST /session/eac9b0d7e8ced2053dbc37a41f3ce9ab/elements - {"using":"xpath","value":"//bdi[text()=\"OK\"]"}
RESULT: {"using":"xpath","value":"//bdi[text()=\"OK\"]"}
COMMAND: POST /session/eac9b0d7e8ced2053dbc37a41f3ce9ab/elements - {"using":"xpath","value":"//bdi[text()=\"OK\"]"}
RESULT: {"using":"xpath","value":"//bdi[text()=\"OK\"]"}
COMMAND: POST /session/eac9b0d7e8ced2053dbc37a41f3ce9ab/elements - {"using":"xpath","value":"//bdi[text()=\"OK\"]"}
RESULT: {"using":"xpath","value":"//bdi[text()=\"OK\"]"}
COMMAND: POST /session/eac9b0d7e8ced2053dbc37a41f3ce9ab/elements - {"using":"xpath","value":"//bdi[text()=\"OK\"]"}
RESULT: {"using":"xpath","value":"//bdi[text()=\"OK\"]"}
COMMAND: POST /session/eac9b0d7e8ced2053dbc37a41f3ce9ab/elements - {"using":"xpath","value":"//bdi[text()=\"OK\"]"}
RESULT: {"using":"xpath","value":"//bdi[text()=\"OK\"]"}
COMMAND: POST /session/eac9b0d7e8ced2053dbc37a41f3ce9ab/elements - {"using":"xpath","value":"//bdi[text()=\"OK\"]"}
RESULT: {"using":"xpath","value":"//bdi[text()=\"OK\"]"}
COMMAND: POST /session/eac9b0d7e8ced2053dbc37a41f3ce9ab/elements - {"using":"xpath","value":"//bdi[text()=\"OK\"]"}
RESULT: {"using":"xpath","value":"//bdi[text()=\"OK\"]"}
COMMAND: POST /session/eac9b0d7e8ced2053dbc37a41f3ce9ab/elements - {"using":"xpath","value":"//bdi[text()=\"OK\"]"}
RESULT: {"using":"xpath","value":"//bdi[text()=\"OK\"]"}
COMMAND: POST /session/eac9b0d7e8ced2053dbc37a41f3ce9ab/elements - {"using":"xpath","value":"//bdi[text()=\"OK\"]"}
RESULT: {"using":"xpath","value":"//bdi[text()=\"OK\"]"}
COMMAND: POST /session/eac9b0d7e8ced2053dbc37a41f3ce9ab/elements - {"using":"xpath","value":"//bdi[text()=\"OK\"]"}
RESULT: {"using":"xpath","value":"//bdi[text()=\"OK\"]"}
COMMAND: POST /session/eac9b0d7e8ced2053dbc37a41f3ce9ab/elements - {"using":"xpath","value":"//bdi[text()=\"OK\"]"}
RESULT: {"using":"xpath","value":"//bdi[text()=\"OK\"]"}
COMMAND: POST /session/eac9b0d7e8ced2053dbc37a41f3ce9ab/elements - {"using":"xpath","value":"//bdi[text()=\"OK\"]"}
RESULT: {"using":"xpath","value":"//bdi[text()=\"OK\"]"}
COMMAND: POST /session/eac9b0d7e8ced2053dbc37a41f3ce9ab/elements - {"using":"xpath","value":"//bdi[text()=\"OK\"]"}
RESULT: {"using":"xpath","value":"//bdi[text()=\"OK\"]"}
COMMAND: POST /session/eac9b0d7e8ced2053dbc37a41f3ce9ab/elements - {"using":"xpath","value":"//bdi[text()=\"OK\"]"}
RESULT: {"using":"xpath","value":"//bdi[text()=\"OK\"]"}
COMMAND: POST /session/eac9b0d7e8ced2053dbc37a41f3ce9ab/elements - {"using":"xpath","value":"//bdi[text()=\"OK\"]"}
RESULT: {"using":"xpath","value":"//bdi[text()=\"OK\"]"}
COMMAND: POST /session/eac9b0d7e8ced2053dbc37a41f3ce9ab/elements - {"using":"xpath","value":"//bdi[text()=\"OK\"]"}
RESULT: {"using":"xpath","value":"//bdi[text()=\"OK\"]"}
COMMAND: POST /session/eac9b0d7e8ced2053dbc37a41f3ce9ab/elements - {"using":"xpath","value":"//bdi[text()=\"OK\"]"}
RESULT: {"using":"xpath","value":"//bdi[text()=\"OK\"]"}
COMMAND: POST /session/eac9b0d7e8ced2053dbc37a41f3ce9ab/elements - {"using":"xpath","value":"//bdi[text()=\"OK\"]"}
RESULT: {"using":"xpath","value":"//bdi[text()=\"OK\"]"}
COMMAND: POST /session/eac9b0d7e8ced2053dbc37a41f3ce9ab/elements - {"using":"xpath","value":"//bdi[text()=\"OK\"]"}
RESULT: {"using":"xpath","value":"//bdi[text()=\"OK\"]"}
COMMAND: POST /session/eac9b0d7e8ced2053dbc37a41f3ce9ab/elements - {"using":"xpath","value":"//bdi[text()=\"OK\"]"}
RESULT: {"using":"xpath","value":"//bdi[text()=\"OK\"]"}
COMMAND: POST /session/eac9b0d7e8ced2053dbc37a41f3ce9ab/elements - {"using":"xpath","value":"//bdi[text()=\"OK\"]"}
RESULT: {"using":"xpath","value":"//bdi[text()=\"OK\"]"}
COMMAND: POST /session/eac9b0d7e8ced2053dbc37a41f3ce9ab/elements - {"using":"xpath","value":"//bdi[text()=\"OK\"]"}
RESULT: {"using":"xpath","value":"//bdi[text()=\"OK\"]"}
COMMAND: POST /session/eac9b0d7e8ced2053dbc37a41f3ce9ab/elements - {"using":"xpath","value":"//bdi[text()=\"OK\"]"}
RESULT: {"using":"xpath","value":"//bdi[text()=\"OK\"]"}
COMMAND: POST /session/eac9b0d7e8ced2053dbc37a41f3ce9ab/elements - {"using":"xpath","value":"//bdi[text()=\"OK\"]"}
RESULT: {"using":"xpath","value":"//bdi[text()=\"OK\"]"}
COMMAND: POST /session/eac9b0d7e8ced2053dbc37a41f3ce9ab/elements - {"using":"xpath","value":"//bdi[text()=\"OK\"]"}
RESULT: {"using":"xpath","value":"//bdi[text()=\"OK\"]"}
COMMAND: POST /session/eac9b0d7e8ced2053dbc37a41f3ce9ab/elements - {"using":"xpath","value":"//bdi[text()=\"OK\"]"}
RESULT: {"using":"xpath","value":"//bdi[text()=\"OK\"]"}
COMMAND: POST /session/eac9b0d7e8ced2053dbc37a41f3ce9ab/elements - {"using":"xpath","value":"//bdi[text()=\"OK\"]"}
RESULT: {"using":"xpath","value":"//bdi[text()=\"OK\"]"}
COMMAND: POST /session/eac9b0d7e8ced2053dbc37a41f3ce9ab/elements - {"using":"xpath","value":"//bdi[text()=\"OK\"]"}
RESULT: {"using":"xpath","value":"//bdi[text()=\"OK\"]"}
COMMAND: POST /session/eac9b0d7e8ced2053dbc37a41f3ce9ab/elements - {"using":"xpath","value":"//bdi[text()=\"OK\"]"}
RESULT: {"using":"xpath","value":"//bdi[text()=\"OK\"]"}
COMMAND: POST /session/eac9b0d7e8ced2053dbc37a41f3ce9ab/elements - {"using":"xpath","value":"//bdi[text()=\"OK\"]"}
RESULT: {"using":"xpath","value":"//bdi[text()=\"OK\"]"}
COMMAND: POST /session/eac9b0d7e8ced2053dbc37a41f3ce9ab/elements - {"using":"xpath","value":"//bdi[text()=\"OK\"]"}
RESULT: {"using":"xpath","value":"//bdi[text()=\"OK\"]"}
COMMAND: POST /session/eac9b0d7e8ced2053dbc37a41f3ce9ab/elements - {"using":"xpath","value":"//bdi[text()=\"OK\"]"}
RESULT: {"using":"xpath","value":"//bdi[text()=\"OK\"]"}
COMMAND: POST /session/eac9b0d7e8ced2053dbc37a41f3ce9ab/elements - {"using":"xpath","value":"//bdi[text()=\"OK\"]"}
RESULT: {"using":"xpath","value":"//bdi[text()=\"OK\"]"}
COMMAND: POST /session/eac9b0d7e8ced2053dbc37a41f3ce9ab/elements - {"using":"xpath","value":"//bdi[text()=\"OK\"]"}
RESULT: {"using":"xpath","value":"//bdi[text()=\"OK\"]"}
COMMAND: POST /session/eac9b0d7e8ced2053dbc37a41f3ce9ab/elements - {"using":"xpath","value":"//bdi[text()=\"OK\"]"}
RESULT: {"using":"xpath","value":"//bdi[text()=\"OK\"]"}
COMMAND: POST /session/eac9b0d7e8ced2053dbc37a41f3ce9ab/elements - {"using":"xpath","value":"//bdi[text()=\"OK\"]"}
RESULT: {"using":"xpath","value":"//bdi[text()=\"OK\"]"}
COMMAND: POST /session/eac9b0d7e8ced2053dbc37a41f3ce9ab/elements - {"using":"xpath","value":"//bdi[text()=\"OK\"]"}
RESULT: {"using":"xpath","value":"//bdi[text()=\"OK\"]"}
COMMAND: POST /session/eac9b0d7e8ced2053dbc37a41f3ce9ab/elements - {"using":"xpath","value":"//bdi[text()=\"OK\"]"}
RESULT: {"using":"xpath","value":"//bdi[text()=\"OK\"]"}
COMMAND: POST /session/eac9b0d7e8ced2053dbc37a41f3ce9ab/elements - {"using":"xpath","value":"//bdi[text()=\"OK\"]"}
RESULT: {"using":"xpath","value":"//bdi[text()=\"OK\"]"}
COMMAND: POST /session/eac9b0d7e8ced2053dbc37a41f3ce9ab/elements - {"using":"xpath","value":"//bdi[text()=\"OK\"]"}
RESULT: {"using":"xpath","value":"//bdi[text()=\"OK\"]"}
COMMAND: POST /session/eac9b0d7e8ced2053dbc37a41f3ce9ab/elements - {"using":"xpath","value":"//bdi[text()=\"OK\"]"}
RESULT: {"using":"xpath","value":"//bdi[text()=\"OK\"]"}
COMMAND: POST /session/eac9b0d7e8ced2053dbc37a41f3ce9ab/elements - {"using":"xpath","value":"//bdi[text()=\"OK\"]"}
RESULT: {"using":"xpath","value":"//bdi[text()=\"OK\"]"}
COMMAND: POST /session/eac9b0d7e8ced2053dbc37a41f3ce9ab/elements - {"using":"xpath","value":"//bdi[text()=\"OK\"]"}
RESULT: {"using":"xpath","value":"//bdi[text()=\"OK\"]"}
COMMAND: POST /session/eac9b0d7e8ced2053dbc37a41f3ce9ab/elements - {"using":"xpath","value":"//bdi[text()=\"OK\"]"}
RESULT: {"using":"xpath","value":"//bdi[text()=\"OK\"]"}
COMMAND: POST /session/eac9b0d7e8ced2053dbc37a41f3ce9ab/elements - {"using":"xpath","value":"//bdi[text()=\"OK\"]"}
RESULT: {"using":"xpath","value":"//bdi[text()=\"OK\"]"}
COMMAND: POST /session/eac9b0d7e8ced2053dbc37a41f3ce9ab/elements - {"using":"xpath","value":"//bdi[text()=\"OK\"]"}
RESULT: {"using":"xpath","value":"//bdi[text()=\"OK\"]"}
COMMAND: POST /session/eac9b0d7e8ced2053dbc37a41f3ce9ab/elements - {"using":"xpath","value":"//bdi[text()=\"OK\"]"}
RESULT: {"using":"xpath","value":"//bdi[text()=\"OK\"]"}
COMMAND: POST /session/eac9b0d7e8ced2053dbc37a41f3ce9ab/elements - {"using":"xpath","value":"//bdi[text()=\"OK\"]"}
RESULT: {"using":"xpath","value":"//bdi[text()=\"OK\"]"}
COMMAND: POST /session/eac9b0d7e8ced2053dbc37a41f3ce9ab/elements - {"using":"xpath","value":"//bdi[text()=\"OK\"]"}
RESULT: {"using":"xpath","value":"//bdi[text()=\"OK\"]"}
COMMAND: POST /session/eac9b0d7e8ced2053dbc37a41f3ce9ab/elements - {"using":"xpath","value":"//bdi[text()=\"OK\"]"}
RESULT: {"using":"xpath","value":"//bdi[text()=\"OK\"]"}
COMMAND: POST /session/eac9b0d7e8ced2053dbc37a41f3ce9ab/elements - {"using":"xpath","value":"//bdi[text()=\"OK\"]"}
RESULT: {"using":"xpath","value":"//bdi[text()=\"OK\"]"}
COMMAND: POST /session/eac9b0d7e8ced2053dbc37a41f3ce9ab/elements - {"using":"xpath","value":"//bdi[text()=\"OK\"]"}
RESULT: {"using":"xpath","value":"//bdi[text()=\"OK\"]"}
COMMAND: POST /session/eac9b0d7e8ced2053dbc37a41f3ce9ab/elements - {"using":"xpath","value":"//bdi[text()=\"OK\"]"}
RESULT: {"using":"xpath","value":"//bdi[text()=\"OK\"]"}
COMMAND: POST /session/eac9b0d7e8ced2053dbc37a41f3ce9ab/elements - {"using":"xpath","value":"//bdi[text()=\"OK\"]"}
RESULT: {"using":"xpath","value":"//bdi[text()=\"OK\"]"}
COMMAND: POST /session/eac9b0d7e8ced2053dbc37a41f3ce9ab/elements - {"using":"xpath","value":"//bdi[text()=\"OK\"]"}
RESULT: {"using":"xpath","value":"//bdi[text()=\"OK\"]"}
COMMAND: POST /session/eac9b0d7e8ced2053dbc37a41f3ce9ab/elements - {"using":"xpath","value":"//bdi[text()=\"OK\"]"}
RESULT: {"using":"xpath","value":"//bdi[text()=\"OK\"]"}
COMMAND: POST /session/eac9b0d7e8ced2053dbc37a41f3ce9ab/elements - {"using":"xpath","value":"//bdi[text()=\"OK\"]"}
RESULT: {"using":"xpath","value":"//bdi[text()=\"OK\"]"}
COMMAND: POST /session/eac9b0d7e8ced2053dbc37a41f3ce9ab/elements - {"using":"xpath","value":"//bdi[text()=\"OK\"]"}
RESULT: {"using":"xpath","value":"//bdi[text()=\"OK\"]"}
COMMAND: POST /session/eac9b0d7e8ced2053dbc37a41f3ce9ab/elements - {"using":"xpath","value":"//bdi[text()=\"OK\"]"}
RESULT: {"using":"xpath","value":"//bdi[text()=\"OK\"]"}
COMMAND: POST /session/eac9b0d7e8ced2053dbc37a41f3ce9ab/elements - {"using":"xpath","value":"//bdi[text()=\"OK\"]"}
RESULT: {"using":"xpath","value":"//bdi[text()=\"OK\"]"}
COMMAND: POST /session/eac9b0d7e8ced2053dbc37a41f3ce9ab/elements - {"using":"xpath","value":"//bdi[text()=\"OK\"]"}
RESULT: {"using":"xpath","value":"//bdi[text()=\"OK\"]"}
COMMAND: POST /session/eac9b0d7e8ced2053dbc37a41f3ce9ab/elements - {"using":"xpath","value":"//bdi[text()=\"OK\"]"}
RESULT: {"using":"xpath","value":"//bdi[text()=\"OK\"]"}
COMMAND: POST /session/eac9b0d7e8ced2053dbc37a41f3ce9ab/elements - {"using":"xpath","value":"//bdi[text()=\"OK\"]"}
RESULT: {"using":"xpath","value":"//bdi[text()=\"OK\"]"}
COMMAND: POST /session/eac9b0d7e8ced2053dbc37a41f3ce9ab/elements - {"using":"xpath","value":"//bdi[text()=\"OK\"]"}
RESULT: {"using":"xpath","value":"//bdi[text()=\"OK\"]"}
COMMAND: POST /session/eac9b0d7e8ced2053dbc37a41f3ce9ab/elements - {"using":"xpath","value":"//bdi[text()=\"OK\"]"}
RESULT: {"using":"xpath","value":"//bdi[text()=\"OK\"]"}
COMMAND: POST /session/eac9b0d7e8ced2053dbc37a41f3ce9ab/elements - {"using":"xpath","value":"//bdi[text()=\"OK\"]"}
RESULT: {"using":"xpath","value":"//bdi[text()=\"OK\"]"}
COMMAND: POST /session/eac9b0d7e8ced2053dbc37a41f3ce9ab/elements - {"using":"xpath","value":"//bdi[text()=\"OK\"]"}
RESULT: {"using":"xpath","value":"//bdi[text()=\"OK\"]"}
COMMAND: POST /session/eac9b0d7e8ced2053dbc37a41f3ce9ab/elements - {"using":"xpath","value":"//bdi[text()=\"OK\"]"}
RESULT: {"using":"xpath","value":"//bdi[text()=\"OK\"]"}
COMMAND: POST /session/eac9b0d7e8ced2053dbc37a41f3ce9ab/elements - {"using":"xpath","value":"//bdi[text()=\"OK\"]"}
RESULT: {"using":"xpath","value":"//bdi[text()=\"OK\"]"}
COMMAND: POST /session/eac9b0d7e8ced2053dbc37a41f3ce9ab/elements - {"using":"xpath","value":"//bdi[text()=\"OK\"]"}
RESULT: {"using":"xpath","value":"//bdi[text()=\"OK\"]"}
COMMAND: POST /session/eac9b0d7e8ced2053dbc37a41f3ce9ab/elements - {"using":"xpath","value":"//bdi[text()=\"OK\"]"}
RESULT: {"using":"xpath","value":"//bdi[text()=\"OK\"]"}
COMMAND: POST /session/eac9b0d7e8ced2053dbc37a41f3ce9ab/elements - {"using":"xpath","value":"//bdi[text()=\"OK\"]"}
RESULT: {"using":"xpath","value":"//bdi[text()=\"OK\"]"}
COMMAND: POST /session/eac9b0d7e8ced2053dbc37a41f3ce9ab/elements - {"using":"xpath","value":"//bdi[text()=\"OK\"]"}
RESULT: {"using":"xpath","value":"//bdi[text()=\"OK\"]"}
COMMAND: POST /session/eac9b0d7e8ced2053dbc37a41f3ce9ab/elements - {"using":"xpath","value":"//bdi[text()=\"OK\"]"}
RESULT: {"using":"xpath","value":"//bdi[text()=\"OK\"]"}
COMMAND: POST /session/eac9b0d7e8ced2053dbc37a41f3ce9ab/elements - {"using":"xpath","value":"//bdi[text()=\"OK\"]"}
RESULT: {"using":"xpath","value":"//bdi[text()=\"OK\"]"}
COMMAND: POST /session/eac9b0d7e8ced2053dbc37a41f3ce9ab/elements - {"using":"xpath","value":"//bdi[text()=\"OK\"]"}
RESULT: {"using":"xpath","value":"//bdi[text()=\"OK\"]"}
COMMAND: POST /session/eac9b0d7e8ced2053dbc37a41f3ce9ab/elements - {"using":"xpath","value":"//bdi[text()=\"OK\"]"}
RESULT: {"using":"xpath","value":"//bdi[text()=\"OK\"]"}
COMMAND: POST /session/eac9b0d7e8ced2053dbc37a41f3ce9ab/elements - {"using":"xpath","value":"//bdi[text()=\"OK\"]"}
RESULT: {"using":"xpath","value":"//bdi[text()=\"OK\"]"}
COMMAND: POST /session/eac9b0d7e8ced2053dbc37a41f3ce9ab/elements - {"using":"xpath","value":"//bdi[text()=\"OK\"]"}
RESULT: {"using":"xpath","value":"//bdi[text()=\"OK\"]"}
COMMAND: POST /session/eac9b0d7e8ced2053dbc37a41f3ce9ab/elements - {"using":"xpath","value":"//bdi[text()=\"OK\"]"}
COMMAND: POST /session/eac9b0d7e8ced2053dbc37a41f3ce9ab/execute/async - {"script":"<script> [1562 bytes]","args":[{"selector":{"id":"application-manageresources-display-component---newResourceUnit--TYPE-arrow"},"wdio_ui5_key":"applicationmanageresources-display-component---newResourceUnit--TYPE-arrow"}]}
RESULT: {"using":"xpath","value":"//bdi[text()=\"OK\"]"}
RESULT: {"script":"<script> [1562 bytes]","args":[{"selector":{"id":"application-manageresources-display-component---newResourceUnit--TYPE-arrow"},"wdio_ui5_key":"applicationmanageresources-display-component---newResourceUnit--TYPE-arrow"}]}
RESULT: undefined
COMMAND: POST /session/eac9b0d7e8ced2053dbc37a41f3ce9ab/element - {"using":"xpath","value":"//*[@id=\"application-manageresources-display-component---newResourceUnit--TYPE-arrow\"]"}
RESULT: {"using":"xpath","value":"//*[@id=\"application-manageresources-display-component---newResourceUnit--TYPE-arrow\"]"}
COMMAND: POST /session/eac9b0d7e8ced2053dbc37a41f3ce9ab/element/f.6F465290622CE65C200047306CC70E60.d.496EAFB38D26A96FB7DAF9BB19FB5DFB.e.5974/click - {}
RESULT: {}
COMMAND: POST /session/eac9b0d7e8ced2053dbc37a41f3ce9ab/execute/async - {"script":"<script> [1562 bytes]","args":[{"selector":{"controlType":"sap.m.StandardListItem","viewName":"reusables.view.manageresources.NewResourceUnit","viewId":"application-manageresources-display-component---newResourceUnit","properties":{"title":"Material"},"searchOpenDialogs":true,"interaction":{"idSuffix":"titleText"}},"wdio_ui5_key":"reusablesview.manageresources.NewResourceUnitsap.m.StandardListItem{\"title\":\"Material\"}"}]}
COMMAND: GET /session/eac9b0d7e8ced2053dbc37a41f3ce9ab/screenshot - {}
RESULT: {"script":"<script> [1562 bytes]","args":[{"selector":{"controlType":"sap.m.StandardListItem","viewName":"reusables.view.manageresources.NewResourceUnit","viewId":"application-manageresources-display-component---newResourceUnit","properties":{"title":"Material"},"searchOpenDialogs":true,"interaction":{"idSuffix":"titleText"}},"wdio_ui5_key":"reusablesview.manageresources.NewResourceUnitsap.m.StandardListItem{\"title\":\"Material\"}"}]}
RESULT: undefined
COMMAND: POST /session/eac9b0d7e8ced2053dbc37a41f3ce9ab/element - {"using":"xpath","value":"//*[@id=\"__item141\"]"}
RESULT: {}
RESULT: {"using":"xpath","value":"//*[@id=\"__item141\"]"}
COMMAND: POST /session/eac9b0d7e8ced2053dbc37a41f3ce9ab/element/f.6F465290622CE65C200047306CC70E60.d.496EAFB38D26A96FB7DAF9BB19FB5DFB.e.5977/click - {}
RESULT: {}
COMMAND: POST /session/eac9b0d7e8ced2053dbc37a41f3ce9ab/execute/async - {"script":"<script> [1562 bytes]","args":[{"selector":{"id":"application-manageresources-display-component---newResourceUnit--SHORT_TEXT","interaction":{"idSuffix":"inner"}},"wdio_ui5_key":"applicationmanageresources-display-component---newResourceUnit--SHORT_TEXT"}]}
COMMAND: GET /session/eac9b0d7e8ced2053dbc37a41f3ce9ab/screenshot - {}
RESULT: {"script":"<script> [1562 bytes]","args":[{"selector":{"id":"application-manageresources-display-component---newResourceUnit--SHORT_TEXT","interaction":{"idSuffix":"inner"}},"wdio_ui5_key":"applicationmanageresources-display-component---newResourceUnit--SHORT_TEXT"}]}
RESULT: undefined
COMMAND: POST /session/eac9b0d7e8ced2053dbc37a41f3ce9ab/execute/async - {"script":"<script> [776 bytes]","args":[{"enterText":"WebdriverRU R2C5jj3o","selector":{"id":"application-manageresources-display-component---newResourceUnit--SHORT_TEXT","interaction":{"idSuffix":"inner"}},"clearTextFirst":true,"interactionType":"ENTER_TEXT"}]}
RESULT: {}
RESULT: {"script":"<script> [776 bytes]","args":[{"enterText":"WebdriverRU R2C5jj3o","selector":{"id":"application-manageresources-display-component---newResourceUnit--SHORT_TEXT","interaction":{"idSuffix":"inner"}},"clearTextFirst":true,"interactionType":"ENTER_TEXT"}]}
COMMAND: POST /session/eac9b0d7e8ced2053dbc37a41f3ce9ab/execute/async - {"script":"<script> [1562 bytes]","args":[{"selector":{"id":"application-manageresources-display-component---newResourceUnit--BASE_UNIT_OF_MEASURE-arrow"},"wdio_ui5_key":"applicationmanageresources-display-component---newResourceUnit--BASE_UNIT_OF_MEASURE-arrow"}]}
RESULT: {"script":"<script> [1562 bytes]","args":[{"selector":{"id":"application-manageresources-display-component---newResourceUnit--BASE_UNIT_OF_MEASURE-arrow"},"wdio_ui5_key":"applicationmanageresources-display-component---newResourceUnit--BASE_UNIT_OF_MEASURE-arrow"}]}
RESULT: undefined
COMMAND: POST /session/eac9b0d7e8ced2053dbc37a41f3ce9ab/element - {"using":"xpath","value":"//*[@id=\"application-manageresources-display-component---newResourceUnit--BASE_UNIT_OF_MEASURE-arrow\"]"}
RESULT: {"using":"xpath","value":"//*[@id=\"application-manageresources-display-component---newResourceUnit--BASE_UNIT_OF_MEASURE-arrow\"]"}
COMMAND: POST /session/eac9b0d7e8ced2053dbc37a41f3ce9ab/element/f.6F465290622CE65C200047306CC70E60.d.496EAFB38D26A96FB7DAF9BB19FB5DFB.e.6033/click - {}
RESULT: {}
COMMAND: POST /session/eac9b0d7e8ced2053dbc37a41f3ce9ab/execute/async - {"script":"<script> [1562 bytes]","args":[{"selector":{"controlType":"sap.m.StandardListItem","viewName":"reusables.view.manageresources.NewResourceUnit","viewId":"application-manageresources-display-component---newResourceUnit","properties":{"title":"Piece"},"searchOpenDialogs":true,"interaction":{"idSuffix":"titleText"}},"wdio_ui5_key":"reusablesview.manageresources.NewResourceUnitsap.m.StandardListItem{\"title\":\"Piece\"}"}]}
COMMAND: GET /session/eac9b0d7e8ced2053dbc37a41f3ce9ab/screenshot - {}
RESULT: {"script":"<script> [1562 bytes]","args":[{"selector":{"controlType":"sap.m.StandardListItem","viewName":"reusables.view.manageresources.NewResourceUnit","viewId":"application-manageresources-display-component---newResourceUnit","properties":{"title":"Piece"},"searchOpenDialogs":true,"interaction":{"idSuffix":"titleText"}},"wdio_ui5_key":"reusablesview.manageresources.NewResourceUnitsap.m.StandardListItem{\"title\":\"Piece\"}"}]}
RESULT: undefined
COMMAND: POST /session/eac9b0d7e8ced2053dbc37a41f3ce9ab/element - {"using":"xpath","value":"//*[@id=\"__item183\"]"}
RESULT: {}
RESULT: {"using":"xpath","value":"//*[@id=\"__item183\"]"}
COMMAND: POST /session/eac9b0d7e8ced2053dbc37a41f3ce9ab/element/f.6F465290622CE65C200047306CC70E60.d.496EAFB38D26A96FB7DAF9BB19FB5DFB.e.6035/click - {}
RESULT: {}
COMMAND: POST /session/eac9b0d7e8ced2053dbc37a41f3ce9ab/execute/async - {"script":"<script> [1562 bytes]","args":[{"selector":{"id":"application-manageresources-display-component---newResourceUnit--WEIGHT_UNIT-arrow"},"wdio_ui5_key":"applicationmanageresources-display-component---newResourceUnit--WEIGHT_UNIT-arrow"}]}
COMMAND: GET /session/eac9b0d7e8ced2053dbc37a41f3ce9ab/screenshot - {}
RESULT: {"script":"<script> [1562 bytes]","args":[{"selector":{"id":"application-manageresources-display-component---newResourceUnit--WEIGHT_UNIT-arrow"},"wdio_ui5_key":"applicationmanageresources-display-component---newResourceUnit--WEIGHT_UNIT-arrow"}]}
RESULT: undefined
COMMAND: POST /session/eac9b0d7e8ced2053dbc37a41f3ce9ab/element - {"using":"xpath","value":"//*[@id=\"application-manageresources-display-component---newResourceUnit--WEIGHT_UNIT-arrow\"]"}
RESULT: {}
RESULT: {"using":"xpath","value":"//*[@id=\"application-manageresources-display-component---newResourceUnit--WEIGHT_UNIT-arrow\"]"}
COMMAND: POST /session/eac9b0d7e8ced2053dbc37a41f3ce9ab/element/f.6F465290622CE65C200047306CC70E60.d.496EAFB38D26A96FB7DAF9BB19FB5DFB.e.6036/click - {}
RESULT: {}
COMMAND: POST /session/eac9b0d7e8ced2053dbc37a41f3ce9ab/execute/async - {"script":"<script> [1562 bytes]","args":[{"selector":{"controlType":"sap.m.StandardListItem","viewName":"reusables.view.manageresources.NewResourceUnit","viewId":"application-manageresources-display-component---newResourceUnit","properties":{"title":"Gram"},"searchOpenDialogs":true,"interaction":{"idSuffix":"content"}},"wdio_ui5_key":"reusablesview.manageresources.NewResourceUnitsap.m.StandardListItem{\"title\":\"Gram\"}"}]}
COMMAND: GET /session/eac9b0d7e8ced2053dbc37a41f3ce9ab/screenshot - {}
RESULT: {"script":"<script> [1562 bytes]","args":[{"selector":{"controlType":"sap.m.StandardListItem","viewName":"reusables.view.manageresources.NewResourceUnit","viewId":"application-manageresources-display-component---newResourceUnit","properties":{"title":"Gram"},"searchOpenDialogs":true,"interaction":{"idSuffix":"content"}},"wdio_ui5_key":"reusablesview.manageresources.NewResourceUnitsap.m.StandardListItem{\"title\":\"Gram\"}"}]}
RESULT: undefined
COMMAND: POST /session/eac9b0d7e8ced2053dbc37a41f3ce9ab/element - {"using":"xpath","value":"//*[@id=\"__item248\"]"}
RESULT: {}
RESULT: {"using":"xpath","value":"//*[@id=\"__item248\"]"}
COMMAND: POST /session/eac9b0d7e8ced2053dbc37a41f3ce9ab/element/f.6F465290622CE65C200047306CC70E60.d.496EAFB38D26A96FB7DAF9BB19FB5DFB.e.6038/click - {}
RESULT: {}
COMMAND: GET /session/eac9b0d7e8ced2053dbc37a41f3ce9ab/screenshot - {}
RESULT: {}
COMMAND: POST /session/eac9b0d7e8ced2053dbc37a41f3ce9ab/execute/async - {"script":"<script> [1562 bytes]","args":[{"selector":{"id":"application-manageresources-display-component---newResourceUnit--newRRUPage-OPHeaderContent-collapseBtn-img"},"wdio_ui5_key":"applicationmanageresources-display-component---newResourceUnit--newRRUPage-OPHeaderContent-collapseBtn-img"}]}
RESULT: {"script":"<script> [1562 bytes]","args":[{"selector":{"id":"application-manageresources-display-component---newResourceUnit--newRRUPage-OPHeaderContent-collapseBtn-img"},"wdio_ui5_key":"applicationmanageresources-display-component---newResourceUnit--newRRUPage-OPHeaderContent-collapseBtn-img"}]}
RESULT: undefined
COMMAND: POST /session/eac9b0d7e8ced2053dbc37a41f3ce9ab/element - {"using":"xpath","value":"//*[@id=\"application-manageresources-display-component---newResourceUnit--newRRUPage-OPHeaderContent-collapseBtn-img\"]"}
RESULT: {"using":"xpath","value":"//*[@id=\"application-manageresources-display-component---newResourceUnit--newRRUPage-OPHeaderContent-collapseBtn-img\"]"}
COMMAND: POST /session/eac9b0d7e8ced2053dbc37a41f3ce9ab/element/f.6F465290622CE65C200047306CC70E60.d.496EAFB38D26A96FB7DAF9BB19FB5DFB.e.5985/click - {}
RESULT: {}
COMMAND: GET /session/eac9b0d7e8ced2053dbc37a41f3ce9ab/screenshot - {}
RESULT: {}
COMMAND: POST /session/eac9b0d7e8ced2053dbc37a41f3ce9ab/element - {"using":"xpath","value":"(//span[contains(@id ,\"application-manageresources-display-component---newResourceUnit--DIMENSION_UNIT-arrow\")])[1]"}
RESULT: {"using":"xpath","value":"(//span[contains(@id ,\"application-manageresources-display-component---newResourceUnit--DIMENSION_UNIT-arrow\")])[1]"}
COMMAND: POST /session/eac9b0d7e8ced2053dbc37a41f3ce9ab/element/f.6F465290622CE65C200047306CC70E60.d.496EAFB38D26A96FB7DAF9BB19FB5DFB.e.6042/click - {}
RESULT: {}
COMMAND: GET /session/eac9b0d7e8ced2053dbc37a41f3ce9ab/screenshot - {}
RESULT: {}
COMMAND: POST /session/eac9b0d7e8ced2053dbc37a41f3ce9ab/execute/async - {"script":"<script> [1562 bytes]","args":[{"selector":{"controlType":"sap.m.StandardListItem","viewName":"reusables.view.manageresources.NewResourceUnit","viewId":"application-manageresources-display-component---newResourceUnit","properties":{"title":"Centimeter"},"searchOpenDialogs":true,"interaction":{"idSuffix":"titleText"}},"wdio_ui5_key":"reusablesview.manageresources.NewResourceUnitsap.m.StandardListItem{\"title\":\"Centimeter\"}"}]}
RESULT: {"script":"<script> [1562 bytes]","args":[{"selector":{"controlType":"sap.m.StandardListItem","viewName":"reusables.view.manageresources.NewResourceUnit","viewId":"application-manageresources-display-component---newResourceUnit","properties":{"title":"Centimeter"},"searchOpenDialogs":true,"interaction":{"idSuffix":"titleText"}},"wdio_ui5_key":"reusablesview.manageresources.NewResourceUnitsap.m.StandardListItem{\"title\":\"Centimeter\"}"}]}
RESULT: undefined
COMMAND: POST /session/eac9b0d7e8ced2053dbc37a41f3ce9ab/element - {"using":"xpath","value":"//*[@id=\"__item251\"]"}
RESULT: {"using":"xpath","value":"//*[@id=\"__item251\"]"}
COMMAND: POST /session/eac9b0d7e8ced2053dbc37a41f3ce9ab/element/f.6F465290622CE65C200047306CC70E60.d.496EAFB38D26A96FB7DAF9BB19FB5DFB.e.6046/click - {}
RESULT: {}
COMMAND: GET /session/eac9b0d7e8ced2053dbc37a41f3ce9ab/screenshot - {}
RESULT: {}
COMMAND: POST /session/eac9b0d7e8ced2053dbc37a41f3ce9ab/execute/async - {"script":"<script> [1562 bytes]","args":[{"selector":{"id":"application-manageresources-display-component---newResourceUnit--newRRUPage-anchBar-application-manageresources-display-component---newResourceUnit--reference-anchor","interaction":{"idSuffix":"BDI-content"}},"wdio_ui5_key":"applicationmanageresources-display-component---newResourceUnit--newRRUPage-anchBar-application-manageresources-display-component---newResourceUnit--reference-anchor"}]}
RESULT: {"script":"<script> [1562 bytes]","args":[{"selector":{"id":"application-manageresources-display-component---newResourceUnit--newRRUPage-anchBar-application-manageresources-display-component---newResourceUnit--reference-anchor","interaction":{"idSuffix":"BDI-content"}},"wdio_ui5_key":"applicationmanageresources-display-component---newResourceUnit--newRRUPage-anchBar-application-manageresources-display-component---newResourceUnit--reference-anchor"}]}
RESULT: undefined
COMMAND: POST /session/eac9b0d7e8ced2053dbc37a41f3ce9ab/element - {"using":"xpath","value":"//*[@id=\"application-manageresources-display-component---newResourceUnit--newRRUPage-anchBar-application-manageresources-display-component---newResourceUnit--reference-anchor\"]"}
RESULT: {"using":"xpath","value":"//*[@id=\"application-manageresources-display-component---newResourceUnit--newRRUPage-anchBar-application-manageresources-display-component---newResourceUnit--reference-anchor\"]"}
COMMAND: POST /session/eac9b0d7e8ced2053dbc37a41f3ce9ab/element/f.6F465290622CE65C200047306CC70E60.d.496EAFB38D26A96FB7DAF9BB19FB5DFB.e.6048/click - {}
RESULT: {}
COMMAND: POST /session/eac9b0d7e8ced2053dbc37a41f3ce9ab/execute/async - {"script":"<script> [1562 bytes]","args":[{"selector":{"id":"application-manageresources-display-component---newResourceUnit--PLANNING_GROUP-arrow"},"wdio_ui5_key":"applicationmanageresources-display-component---newResourceUnit--PLANNING_GROUP-arrow"}]}
COMMAND: GET /session/eac9b0d7e8ced2053dbc37a41f3ce9ab/screenshot - {}
RESULT: {"script":"<script> [1562 bytes]","args":[{"selector":{"id":"application-manageresources-display-component---newResourceUnit--PLANNING_GROUP-arrow"},"wdio_ui5_key":"applicationmanageresources-display-component---newResourceUnit--PLANNING_GROUP-arrow"}]}
RESULT: undefined
COMMAND: POST /session/eac9b0d7e8ced2053dbc37a41f3ce9ab/element - {"using":"xpath","value":"//*[@id=\"application-manageresources-display-component---newResourceUnit--PLANNING_GROUP-arrow\"]"}
RESULT: {}
RESULT: {"using":"xpath","value":"//*[@id=\"application-manageresources-display-component---newResourceUnit--PLANNING_GROUP-arrow\"]"}
COMMAND: POST /session/eac9b0d7e8ced2053dbc37a41f3ce9ab/element/f.6F465290622CE65C200047306CC70E60.d.496EAFB38D26A96FB7DAF9BB19FB5DFB.e.6052/click - {}
RESULT: {}
COMMAND: POST /session/eac9b0d7e8ced2053dbc37a41f3ce9ab/execute/async - {"script":"<script> [1562 bytes]","args":[{"selector":{"controlType":"sap.m.StandardListItem","viewName":"reusables.view.manageresources.NewResourceUnit","viewId":"application-manageresources-display-component---newResourceUnit","properties":{"title":"Heavy Equi"},"searchOpenDialogs":true,"interaction":{"idSuffix":"content"}},"wdio_ui5_key":"reusablesview.manageresources.NewResourceUnitsap.m.StandardListItem{\"title\":\"Heavy Equi\"}"}]}
COMMAND: GET /session/eac9b0d7e8ced2053dbc37a41f3ce9ab/screenshot - {}
RESULT: {"script":"<script> [1562 bytes]","args":[{"selector":{"controlType":"sap.m.StandardListItem","viewName":"reusables.view.manageresources.NewResourceUnit","viewId":"application-manageresources-display-component---newResourceUnit","properties":{"title":"Heavy Equi"},"searchOpenDialogs":true,"interaction":{"idSuffix":"content"}},"wdio_ui5_key":"reusablesview.manageresources.NewResourceUnitsap.m.StandardListItem{\"title\":\"Heavy Equi\"}"}]}
RESULT: undefined
COMMAND: POST /session/eac9b0d7e8ced2053dbc37a41f3ce9ab/element - {"using":"xpath","value":"//*[@id=\"__item259\"]"}
RESULT: {}
RESULT: {"using":"xpath","value":"//*[@id=\"__item259\"]"}
COMMAND: POST /session/eac9b0d7e8ced2053dbc37a41f3ce9ab/element/f.6F465290622CE65C200047306CC70E60.d.496EAFB38D26A96FB7DAF9BB19FB5DFB.e.6056/click - {}
RESULT: {}
COMMAND: GET /session/eac9b0d7e8ced2053dbc37a41f3ce9ab/screenshot - {}
RESULT: {}
COMMAND: POST /session/eac9b0d7e8ced2053dbc37a41f3ce9ab/execute/async - {"script":"<script> [1562 bytes]","args":[{"selector":{"id":"application-manageresources-display-component---newResourceUnit--PLANNING_INDICATOR-arrow"},"wdio_ui5_key":"applicationmanageresources-display-component---newResourceUnit--PLANNING_INDICATOR-arrow"}]}
RESULT: {"script":"<script> [1562 bytes]","args":[{"selector":{"id":"application-manageresources-display-component---newResourceUnit--PLANNING_INDICATOR-arrow"},"wdio_ui5_key":"applicationmanageresources-display-component---newResourceUnit--PLANNING_INDICATOR-arrow"}]}
RESULT: undefined
COMMAND: POST /session/eac9b0d7e8ced2053dbc37a41f3ce9ab/element - {"using":"xpath","value":"//*[@id=\"application-manageresources-display-component---newResourceUnit--PLANNING_INDICATOR-arrow\"]"}
RESULT: {"using":"xpath","value":"//*[@id=\"application-manageresources-display-component---newResourceUnit--PLANNING_INDICATOR-arrow\"]"}
COMMAND: POST /session/eac9b0d7e8ced2053dbc37a41f3ce9ab/element/f.6F465290622CE65C200047306CC70E60.d.496EAFB38D26A96FB7DAF9BB19FB5DFB.e.6057/click - {}
RESULT: {}
COMMAND: POST /session/eac9b0d7e8ced2053dbc37a41f3ce9ab/execute/async - {"script":"<script> [1562 bytes]","args":[{"selector":{"controlType":"sap.m.StandardListItem","viewName":"reusables.view.manageresources.NewResourceUnit","viewId":"application-manageresources-display-component---newResourceUnit","properties":{"title":"10 - infinite"},"searchOpenDialogs":true,"interaction":{"idSuffix":"content"}},"wdio_ui5_key":"reusablesview.manageresources.NewResourceUnitsap.m.StandardListItem{\"title\":\"10 - infinite\"}"}]}
COMMAND: GET /session/eac9b0d7e8ced2053dbc37a41f3ce9ab/screenshot - {}
RESULT: {"script":"<script> [1562 bytes]","args":[{"selector":{"controlType":"sap.m.StandardListItem","viewName":"reusables.view.manageresources.NewResourceUnit","viewId":"application-manageresources-display-component---newResourceUnit","properties":{"title":"10 - infinite"},"searchOpenDialogs":true,"interaction":{"idSuffix":"content"}},"wdio_ui5_key":"reusablesview.manageresources.NewResourceUnitsap.m.StandardListItem{\"title\":\"10 - infinite\"}"}]}
RESULT: undefined
COMMAND: POST /session/eac9b0d7e8ced2053dbc37a41f3ce9ab/element - {"using":"xpath","value":"//*[@id=\"__item269\"]"}
RESULT: {}
RESULT: {"using":"xpath","value":"//*[@id=\"__item269\"]"}
COMMAND: POST /session/eac9b0d7e8ced2053dbc37a41f3ce9ab/element/f.6F465290622CE65C200047306CC70E60.d.496EAFB38D26A96FB7DAF9BB19FB5DFB.e.6059/click - {}
RESULT: {}
COMMAND: GET /session/eac9b0d7e8ced2053dbc37a41f3ce9ab/screenshot - {}
RESULT: {}
COMMAND: POST /session/eac9b0d7e8ced2053dbc37a41f3ce9ab/element - {"using":"xpath","value":"//bdi[contains(text(), \"Time Segment\")]"}
RESULT: {"using":"xpath","value":"//bdi[contains(text(), \"Time Segment\")]"}
COMMAND: GET /session/eac9b0d7e8ced2053dbc37a41f3ce9ab/element/f.6F465290622CE65C200047306CC70E60.d.496EAFB38D26A96FB7DAF9BB19FB5DFB.e.6060/rect - {}
RESULT: {}
COMMAND: GET /session/eac9b0d7e8ced2053dbc37a41f3ce9ab/window/rect - {}
RESULT: {}
COMMAND: POST /session/eac9b0d7e8ced2053dbc37a41f3ce9ab/execute/sync - {"script":"<script> [92 bytes]","args":[]}
RESULT: {"script":"<script> [92 bytes]","args":[]}
COMMAND: POST /session/eac9b0d7e8ced2053dbc37a41f3ce9ab/actions - {"actions":[{"id":"action17","type":"wheel","parameters":{},"actions":[{"type":"scroll","x":-1820,"y":-21,"deltaX":0,"deltaY":0,"duration":0,"origin":{"element-6066-11e4-a52e-4f735466cecf":"f.6F465290622CE65C200047306CC70E60.d.496EAFB38D26A96FB7DAF9BB19FB5DFB.e.6060"}}]}]}
COMMAND: GET /session/eac9b0d7e8ced2053dbc37a41f3ce9ab/screenshot - {}
RESULT: {}
COMMAND: POST /session/eac9b0d7e8ced2053dbc37a41f3ce9ab/execute/sync - {"script":"<script> [79 bytes]","args":[{"element-6066-11e4-a52e-4f735466cecf":"f.6F465290622CE65C200047306CC70E60.d.496EAFB38D26A96FB7DAF9BB19FB5DFB.e.6060","ELEMENT":"f.6F465290622CE65C200047306CC70E60.d.496EAFB38D26A96FB7DAF9BB19FB5DFB.e.6060"},{"block":"start","inline":"nearest"}]}
RESULT: {"script":"<script> [79 bytes]","args":[{"element-6066-11e4-a52e-4f735466cecf":"f.6F465290622CE65C200047306CC70E60.d.496EAFB38D26A96FB7DAF9BB19FB5DFB.e.6060","ELEMENT":"f.6F465290622CE65C200047306CC70E60.d.496EAFB38D26A96FB7DAF9BB19FB5DFB.e.6060"},{"block":"start","inline":"nearest"}]}
COMMAND: GET /session/eac9b0d7e8ced2053dbc37a41f3ce9ab/screenshot - {}
RESULT: {}
COMMAND: POST /session/eac9b0d7e8ced2053dbc37a41f3ce9ab/element - {"using":"xpath","value":"//span[@id=\"application-manageresources-display-component---newResourceUnit--btnAddTimeSegment-img\"]"}
RESULT: {"using":"xpath","value":"//span[@id=\"application-manageresources-display-component---newResourceUnit--btnAddTimeSegment-img\"]"}
COMMAND: POST /session/eac9b0d7e8ced2053dbc37a41f3ce9ab/execute/sync - {"script":"<script> [8489 bytes]","args":[{"element-6066-11e4-a52e-4f735466cecf":"f.6F465290622CE65C200047306CC70E60.d.496EAFB38D26A96FB7DAF9BB19FB5DFB.e.6063","ELEMENT":"f.6F465290622CE65C200047306CC70E60.d.496EAFB38D26A96FB7DAF9BB19FB5DFB.e.6063"}]}
RESULT: {"script":"<script> [8489 bytes]","args":[{"element-6066-11e4-a52e-4f735466cecf":"f.6F465290622CE65C200047306CC70E60.d.496EAFB38D26A96FB7DAF9BB19FB5DFB.e.6063","ELEMENT":"f.6F465290622CE65C200047306CC70E60.d.496EAFB38D26A96FB7DAF9BB19FB5DFB.e.6063"}]}
COMMAND: POST /session/eac9b0d7e8ced2053dbc37a41f3ce9ab/element/f.6F465290622CE65C200047306CC70E60.d.496EAFB38D26A96FB7DAF9BB19FB5DFB.e.6063/click - {}
COMMAND: GET /session/eac9b0d7e8ced2053dbc37a41f3ce9ab/screenshot - {}
RESULT: {}
COMMAND: GET /session/eac9b0d7e8ced2053dbc37a41f3ce9ab/screenshot - {}
COMMAND: POST /session/eac9b0d7e8ced2053dbc37a41f3ce9ab/element - {"using":"xpath","value":"//input[@id=\"application-manageresources-display-component---newResourceUnit--idRuTSAdmin-application-manageresources-display-component---newResourceUnit--RUTimeSegment-0-inner\"]"}
RESULT: {}
RESULT: {}
RESULT: {"using":"xpath","value":"//input[@id=\"application-manageresources-display-component---newResourceUnit--idRuTSAdmin-application-manageresources-display-component---newResourceUnit--RUTimeSegment-0-inner\"]"}
COMMAND: POST /session/eac9b0d7e8ced2053dbc37a41f3ce9ab/element/f.6F465290622CE65C200047306CC70E60.d.496EAFB38D26A96FB7DAF9BB19FB5DFB.e.6066/clear - {}
RESULT: {}
COMMAND: POST /session/eac9b0d7e8ced2053dbc37a41f3ce9ab/element/f.6F465290622CE65C200047306CC70E60.d.496EAFB38D26A96FB7DAF9BB19FB5DFB.e.6066/value - {"text":"412"}
COMMAND: GET /session/eac9b0d7e8ced2053dbc37a41f3ce9ab/screenshot - {}
RESULT: {"text":"412"}
COMMAND: GET /session/eac9b0d7e8ced2053dbc37a41f3ce9ab/screenshot - {}
RESULT: {}
RESULT: {}
COMMAND: POST /session/eac9b0d7e8ced2053dbc37a41f3ce9ab/actions - {"actions":[{"id":"action18","type":"key","parameters":{},"actions":[{"type":"keyDown","value":"î€‡"},{"type":"pause","duration":10},{"type":"keyUp","value":"î€‡"}]}]}
RESULT: {"actions":[{"id":"action18","type":"key","parameters":{},"actions":[{"type":"keyDown","value":"î€‡"},{"type":"pause","duration":10},{"type":"keyUp","value":"î€‡"}]}]}
COMMAND: GET /session/eac9b0d7e8ced2053dbc37a41f3ce9ab/screenshot - {}
RESULT: {}
COMMAND: POST /session/eac9b0d7e8ced2053dbc37a41f3ce9ab/execute/async - {"script":"<script> [1562 bytes]","args":[{"selector":{"controlType":"sap.m.Button","viewName":"reusables.view.manageresources.NewResourceUnit","viewId":"application-manageresources-display-component---newResourceUnit","i18NText":{"propertyName":"tooltip","key":"save"},"interaction":{"idSuffix":"BDI-content"}},"wdio_ui5_key":"reusablesview.manageresources.NewResourceUnitsap.m.Button{\"propertyName\":\"tooltip\",\"key\":\"save\"}"}]}
RESULT: {"script":"<script> [1562 bytes]","args":[{"selector":{"controlType":"sap.m.Button","viewName":"reusables.view.manageresources.NewResourceUnit","viewId":"application-manageresources-display-component---newResourceUnit","i18NText":{"propertyName":"tooltip","key":"save"},"interaction":{"idSuffix":"BDI-content"}},"wdio_ui5_key":"reusablesview.manageresources.NewResourceUnitsap.m.Button{\"propertyName\":\"tooltip\",\"key\":\"save\"}"}]}
RESULT: undefined
COMMAND: POST /session/eac9b0d7e8ced2053dbc37a41f3ce9ab/element - {"using":"xpath","value":"//*[@id=\"application-manageresources-display-component---newResourceUnit--createRuButton\"]"}
RESULT: {"using":"xpath","value":"//*[@id=\"application-manageresources-display-component---newResourceUnit--createRuButton\"]"}
COMMAND: POST /session/eac9b0d7e8ced2053dbc37a41f3ce9ab/element/f.6F465290622CE65C200047306CC70E60.d.496EAFB38D26A96FB7DAF9BB19FB5DFB.e.5991/click - {}
RESULT: {}
COMMAND: GET /session/eac9b0d7e8ced2053dbc37a41f3ce9ab/screenshot - {}
RESULT: {}
COMMAND: POST /session/eac9b0d7e8ced2053dbc37a41f3ce9ab/execute/async - {"script":"<script> [1562 bytes]","args":[{"selector":{"controlType":"sap.m.Title","properties":{"text":"Success"},"searchOpenDialogs":true},"wdio_ui5_key":"sapm.Title{\"text\":\"Success\"}"}]}
RESULT: {"script":"<script> [1562 bytes]","args":[{"selector":{"controlType":"sap.m.Title","properties":{"text":"Success"},"searchOpenDialogs":true},"wdio_ui5_key":"sapm.Title{\"text\":\"Success\"}"}]}
RESULT: undefined
COMMAND: POST /session/eac9b0d7e8ced2053dbc37a41f3ce9ab/execute/async - {"script":"<script> [6424 bytes]","args":[{"element-6066-11e4-a52e-4f735466cecf":"f.6F465290622CE65C200047306CC70E60.d.496EAFB38D26A96FB7DAF9BB19FB5DFB.e.6082"},"getText",[]]}
RESULT: {"script":"<script> [6424 bytes]","args":[{"element-6066-11e4-a52e-4f735466cecf":"f.6F465290622CE65C200047306CC70E60.d.496EAFB38D26A96FB7DAF9BB19FB5DFB.e.6082"},"getText",[]]}
COMMAND: POST /session/eac9b0d7e8ced2053dbc37a41f3ce9ab/element - {"using":"xpath","value":"//*[contains(@id, '__text') and (contains(text(), 'successfully created') or contains(., 'successfully created'))]"}
RESULT: {"using":"xpath","value":"//*[contains(@id, '__text') and (contains(text(), 'successfully created') or contains(., 'successfully created'))]"}
COMMAND: GET /session/eac9b0d7e8ced2053dbc37a41f3ce9ab/element/f.6F465290622CE65C200047306CC70E60.d.496EAFB38D26A96FB7DAF9BB19FB5DFB.e.6081/text - {}
RESULT: {}
COMMAND: POST /session/eac9b0d7e8ced2053dbc37a41f3ce9ab/execute/async - {"script":"<script> [1562 bytes]","args":[{"selector":{"controlType":"sap.m.Button","properties":{"text":"Close"},"searchOpenDialogs":true,"interaction":{"idSuffix":"BDI-content"}},"wdio_ui5_key":"sapm.Button{\"text\":\"Close\"}"}]}
RESULT: {"script":"<script> [1562 bytes]","args":[{"selector":{"controlType":"sap.m.Button","properties":{"text":"Close"},"searchOpenDialogs":true,"interaction":{"idSuffix":"BDI-content"}},"wdio_ui5_key":"sapm.Button{\"text\":\"Close\"}"}]}
RESULT: undefined
COMMAND: POST /session/eac9b0d7e8ced2053dbc37a41f3ce9ab/element - {"using":"xpath","value":"//*[@id=\"__mbox-btn-0\"]"}
RESULT: {"using":"xpath","value":"//*[@id=\"__mbox-btn-0\"]"}
COMMAND: POST /session/eac9b0d7e8ced2053dbc37a41f3ce9ab/element/f.6F465290622CE65C200047306CC70E60.d.496EAFB38D26A96FB7DAF9BB19FB5DFB.e.6078/click - {}
RESULT: {}
COMMAND: GET /session/eac9b0d7e8ced2053dbc37a41f3ce9ab/screenshot - {}
RESULT: {}
COMMAND: POST /session/eac9b0d7e8ced2053dbc37a41f3ce9ab/execute/async - {"script":"<script> [1562 bytes]","args":[{"selector":{"controlType":"sap.ui.core.Icon","viewName":"etm.portal.ui.manageresources.view.Detail","viewId":"application-manageresources-display-component---detailRU","properties":{"src":{"regex":{"source":"overflow"}}}},"wdio_ui5_key":"etmportal.ui.manageresources.view.Detailsap.ui.core.Icon{\"src\":{\"regex\":{\"source\":\"overflow\"}}}"}]}
RESULT: {"script":"<script> [1562 bytes]","args":[{"selector":{"controlType":"sap.ui.core.Icon","viewName":"etm.portal.ui.manageresources.view.Detail","viewId":"application-manageresources-display-component---detailRU","properties":{"src":{"regex":{"source":"overflow"}}}},"wdio_ui5_key":"etmportal.ui.manageresources.view.Detailsap.ui.core.Icon{\"src\":{\"regex\":{\"source\":\"overflow\"}}}"}]}
RESULT: undefined
COMMAND: POST /session/eac9b0d7e8ced2053dbc37a41f3ce9ab/element - {"using":"xpath","value":"//*[@id=\"__title14-_actionsToolbar-overflowButton-img\"]"}
RESULT: {"using":"xpath","value":"//*[@id=\"__title14-_actionsToolbar-overflowButton-img\"]"}
COMMAND: POST /session/eac9b0d7e8ced2053dbc37a41f3ce9ab/element/f.6F465290622CE65C200047306CC70E60.d.496EAFB38D26A96FB7DAF9BB19FB5DFB.e.6117/click - {}
RESULT: {}
COMMAND: POST /session/eac9b0d7e8ced2053dbc37a41f3ce9ab/execute/async - {"script":"<script> [1562 bytes]","args":[{"selector":{"controlType":"sap.m.Button","viewName":"etm.portal.ui.manageresources.view.Detail","viewId":"application-manageresources-display-component---detailRU","i18NText":{"propertyName":"tooltip","key":"closeColumn"},"searchOpenDialogs":true,"interaction":{"idSuffix":"inner"}},"wdio_ui5_key":"etmportal.ui.manageresources.view.Detailsap.m.Button{\"propertyName\":\"tooltip\",\"key\":\"closeColumn\"}"}]}
COMMAND: GET /session/eac9b0d7e8ced2053dbc37a41f3ce9ab/screenshot - {}
RESULT: {"script":"<script> [1562 bytes]","args":[{"selector":{"controlType":"sap.m.Button","viewName":"etm.portal.ui.manageresources.view.Detail","viewId":"application-manageresources-display-component---detailRU","i18NText":{"propertyName":"tooltip","key":"closeColumn"},"searchOpenDialogs":true,"interaction":{"idSuffix":"inner"}},"wdio_ui5_key":"etmportal.ui.manageresources.view.Detailsap.m.Button{\"propertyName\":\"tooltip\",\"key\":\"closeColumn\"}"}]}
RESULT: undefined
COMMAND: POST /session/eac9b0d7e8ced2053dbc37a41f3ce9ab/element - {"using":"xpath","value":"//*[@id=\"__button41\"]"}
RESULT: {}
RESULT: {"using":"xpath","value":"//*[@id=\"__button41\"]"}
COMMAND: POST /session/eac9b0d7e8ced2053dbc37a41f3ce9ab/element/f.6F465290622CE65C200047306CC70E60.d.496EAFB38D26A96FB7DAF9BB19FB5DFB.e.6119/click - {}
RESULT: {}
COMMAND: GET /session/eac9b0d7e8ced2053dbc37a41f3ce9ab/screenshot - {}
RESULT: {}
COMMAND: POST /session/eac9b0d7e8ced2053dbc37a41f3ce9ab/refresh - {}
RESULT: {}
COMMAND: GET /session/eac9b0d7e8ced2053dbc37a41f3ce9ab/screenshot - {}
RESULT: {}
COMMAND: POST /session/eac9b0d7e8ced2053dbc37a41f3ce9ab/refresh - {}
RESULT: {}
COMMAND: GET /session/eac9b0d7e8ced2053dbc37a41f3ce9ab/screenshot - {}
RESULT: {}
COMMAND: POST /session/eac9b0d7e8ced2053dbc37a41f3ce9ab/window/fullscreen - {}
RESULT: {}
COMMAND: POST /session/eac9b0d7e8ced2053dbc37a41f3ce9ab/execute/async - {"script":"<script> [189 bytes]","args":[]}
RESULT: {"script":"<script> [189 bytes]","args":[]}
COMMAND: POST /session/eac9b0d7e8ced2053dbc37a41f3ce9ab/execute/async - {"script":"<script> [123 bytes]","args":[]}
RESULT: {"script":"<script> [123 bytes]","args":[]}
COMMAND: POST /session/eac9b0d7e8ced2053dbc37a41f3ce9ab/timeouts - {"script":"<number>"}
RESULT: {"script":"<number>"}
COMMAND: GET /session/eac9b0d7e8ced2053dbc37a41f3ce9ab/timeouts - {}
RESULT: {}
RESULT: undefined
COMMAND: POST /session/eac9b0d7e8ced2053dbc37a41f3ce9ab/execute/async - {"script":"<script> [2676 bytes]","args":[]}
RESULT: {"script":"<script> [2676 bytes]","args":[]}
COMMAND: POST /session/eac9b0d7e8ced2053dbc37a41f3ce9ab/execute/async - {"script":"<script> [2342 bytes]","args":[{"protocol":"http","hostname":"0.0.0.0","path":"/","capabilities":{"browserName":"chrome","goog:chromeOptions":{"binary":"C:\\Program Files\\Google\\Chrome\\Application\\chrome.exe","args":["--start-maximized"]}},"logLevel":"warn","connectionRetryTimeout":120000,"connectionRetryCount":3,"logLevels":{},"enableDirectConnect":true,"strictSSL":true,"_":"65 more keys: [\"cacheDir\",\"port\",\"requestedCapabilities\",\"automationProtocol\",\"baseUrl\",\"waitforInterval\",\"waitforTimeout\",\"onReload\",\"beforeCommand\",\"afterCommand\",\"rootDir\",\"specs\",\"suites\",\"exclude\",\"groupLogsByTestSpec\",\"excludeDriverLogs\",\"bail\",\"framework\",\"reporters\",\"services\",\"maxInstances\",\"maxInstancesPerCapability\",\"injectGlobals\",\"filesToWatch\",\"execArgv\",\"runnerEnv\",\"runner\",\"shard\",\"specFileRetries\",\"specFileRetriesDelay\",\"specFileRetriesDeferred\",\"reporterSyncInterval\",\"reporterSyncTimeout\",\"cucumberFeaturesWithLineNumbers\",\"autoCompileOpts\",\"mochaOpts\",\"jasmineOpts\",\"cucumberOpts\",\"onPrepare\",\"onWorkerStart\",\"onWorkerEnd\",\"before\",\"beforeSession\",\"beforeSuite\",\"beforeHook\",\"beforeTest\",\"afterTest\",\"afterHook\",\"afterSuite\",\"afterSession\",\"after\",\"onComplete\",\"beforeAssertion\",\"afterAssertion\",\"beforeFeature\",\"beforeScenario\",\"beforeStep\",\"afterStep\",\"afterScenario\",\"afterFeature\",\"_\",\"suite\",\"$0\",\"ignoredWorkerServices\",\"wdi5\"]"}]}
RESULT: {"script":"<script> [2342 bytes]","args":[{"protocol":"http","hostname":"0.0.0.0","path":"/","capabilities":{"browserName":"chrome","goog:chromeOptions":{"binary":"C:\\Program Files\\Google\\Chrome\\Application\\chrome.exe","args":["--start-maximized"]}},"logLevel":"warn","connectionRetryTimeout":120000,"connectionRetryCount":3,"logLevels":{},"enableDirectConnect":true,"strictSSL":true,"_":"65 more keys: [\"cacheDir\",\"port\",\"requestedCapabilities\",\"automationProtocol\",\"baseUrl\",\"waitforInterval\",\"waitforTimeout\",\"onReload\",\"beforeCommand\",\"afterCommand\",\"rootDir\",\"specs\",\"suites\",\"exclude\",\"groupLogsByTestSpec\",\"excludeDriverLogs\",\"bail\",\"framework\",\"reporters\",\"services\",\"maxInstances\",\"maxInstancesPerCapability\",\"injectGlobals\",\"filesToWatch\",\"execArgv\",\"runnerEnv\",\"runner\",\"shard\",\"specFileRetries\",\"specFileRetriesDelay\",\"specFileRetriesDeferred\",\"reporterSyncInterval\",\"reporterSyncTimeout\",\"cucumberFeaturesWithLineNumbers\",\"autoCompileOpts\",\"mochaOpts\",\"jasmineOpts\",\"cucumberOpts\",\"onPrepare\",\"onWorkerStart\",\"onWorkerEnd\",\"before\",\"beforeSession\",\"beforeSuite\",\"beforeHook\",\"beforeTest\",\"afterTest\",\"afterHook\",\"afterSuite\",\"afterSession\",\"after\",\"onComplete\",\"beforeAssertion\",\"afterAssertion\",\"beforeFeature\",\"beforeScenario\",\"beforeStep\",\"afterStep\",\"afterScenario\",\"afterFeature\",\"_\",\"suite\",\"$0\",\"ignoredWorkerServices\",\"wdi5\"]"}]}
COMMAND: POST /session/eac9b0d7e8ced2053dbc37a41f3ce9ab/execute/async - {"script":"<script> [21126 bytes]","args":[35000]}
RESULT: {"script":"<script> [21126 bytes]","args":[35000]}
]]></system-out>
    </testcase>
    <testcase classname="chrome.136_0_7103_93.windows.Create_2_RU_material_US118246" name="Create WHM material" time="187.84">
      <system-out><![CDATA[
COMMAND: POST /session/eac9b0d7e8ced2053dbc37a41f3ce9ab/element - {"using":"xpath","value":"//button[@data-kt=\"addNewRUOverflowToolbarButton\"]"}
RESULT: {"using":"xpath","value":"//button[@data-kt=\"addNewRUOverflowToolbarButton\"]"}
COMMAND: POST /session/eac9b0d7e8ced2053dbc37a41f3ce9ab/execute/sync - {"script":"<script> [8489 bytes]","args":[{"element-6066-11e4-a52e-4f735466cecf":"f.6F465290622CE65C200047306CC70E60.d.EACA10144217BD9CC97FC9FB7039496E.e.6270","ELEMENT":"f.6F465290622CE65C200047306CC70E60.d.EACA10144217BD9CC97FC9FB7039496E.e.6270"}]}
RESULT: {"script":"<script> [8489 bytes]","args":[{"element-6066-11e4-a52e-4f735466cecf":"f.6F465290622CE65C200047306CC70E60.d.EACA10144217BD9CC97FC9FB7039496E.e.6270","ELEMENT":"f.6F465290622CE65C200047306CC70E60.d.EACA10144217BD9CC97FC9FB7039496E.e.6270"}]}
COMMAND: POST /session/eac9b0d7e8ced2053dbc37a41f3ce9ab/element/f.6F465290622CE65C200047306CC70E60.d.EACA10144217BD9CC97FC9FB7039496E.e.6270/click - {}
COMMAND: GET /session/eac9b0d7e8ced2053dbc37a41f3ce9ab/screenshot - {}
RESULT: {}
COMMAND: GET /session/eac9b0d7e8ced2053dbc37a41f3ce9ab/screenshot - {}
RESULT: {}
RESULT: {}
COMMAND: POST /session/eac9b0d7e8ced2053dbc37a41f3ce9ab/execute/async - {"script":"<script> [1562 bytes]","args":[{"selector":{"controlType":"sap.m.ComboBox","viewName":"reusables.view.manageresources.NewResourceUnit","viewId":"application-manageresources-display-component---newResourceUnit","bindingPath":{"path":"","propertyPath":"/RuTypes","modelName":"catalogModel"},"searchOpenDialogs":true},"wdio_ui5_key":"reusablesview.manageresources.NewResourceUnitsap.m.ComboBox{\"path\":\"\",\"propertyPath\":\"/RuTypes\",\"modelName\":\"catalogModel\"}"}]}
RESULT: {"script":"<script> [1562 bytes]","args":[{"selector":{"controlType":"sap.m.ComboBox","viewName":"reusables.view.manageresources.NewResourceUnit","viewId":"application-manageresources-display-component---newResourceUnit","bindingPath":{"path":"","propertyPath":"/RuTypes","modelName":"catalogModel"},"searchOpenDialogs":true},"wdio_ui5_key":"reusablesview.manageresources.NewResourceUnitsap.m.ComboBox{\"path\":\"\",\"propertyPath\":\"/RuTypes\",\"modelName\":\"catalogModel\"}"}]}
RESULT: undefined
COMMAND: POST /session/eac9b0d7e8ced2053dbc37a41f3ce9ab/execute/async - {"script":"<script> [1562 bytes]","args":[{"selector":{"controlType":"sap.m.ComboBox","viewName":"reusables.view.manageresources.NewResourceUnit","viewId":"application-manageresources-display-component---newResourceUnit","bindingPath":{"path":"","propertyPath":"/Yards","modelName":"catalogModel"},"searchOpenDialogs":true},"wdio_ui5_key":"reusablesview.manageresources.NewResourceUnitsap.m.ComboBox{\"path\":\"\",\"propertyPath\":\"/Yards\",\"modelName\":\"catalogModel\"}"}]}
RESULT: {"script":"<script> [1562 bytes]","args":[{"selector":{"controlType":"sap.m.ComboBox","viewName":"reusables.view.manageresources.NewResourceUnit","viewId":"application-manageresources-display-component---newResourceUnit","bindingPath":{"path":"","propertyPath":"/Yards","modelName":"catalogModel"},"searchOpenDialogs":true},"wdio_ui5_key":"reusablesview.manageresources.NewResourceUnitsap.m.ComboBox{\"path\":\"\",\"propertyPath\":\"/Yards\",\"modelName\":\"catalogModel\"}"}]}
RESULT: undefined
COMMAND: POST /session/eac9b0d7e8ced2053dbc37a41f3ce9ab/execute/async - {"script":"<script> [1562 bytes]","args":[{"selector":{"controlType":"etm.portal.ui.reusables.customControls.LiveSearchComboBox","viewName":"reusables.view.manageresources.NewResourceUnit","viewId":"application-manageresources-display-component---newResourceUnit","bindingPath":{"path":"","propertyPath":"/CatalogItems","modelName":"catalogModel"},"searchOpenDialogs":true},"wdio_ui5_key":"reusablesview.manageresources.NewResourceUnitetm.portal.ui.reusables.customControls.LiveSearchComboBox{\"path\":\"\",\"propertyPath\":\"/CatalogItems\",\"modelName\":\"catalogModel\"}"}]}
RESULT: {"script":"<script> [1562 bytes]","args":[{"selector":{"controlType":"etm.portal.ui.reusables.customControls.LiveSearchComboBox","viewName":"reusables.view.manageresources.NewResourceUnit","viewId":"application-manageresources-display-component---newResourceUnit","bindingPath":{"path":"","propertyPath":"/CatalogItems","modelName":"catalogModel"},"searchOpenDialogs":true},"wdio_ui5_key":"reusablesview.manageresources.NewResourceUnitetm.portal.ui.reusables.customControls.LiveSearchComboBox{\"path\":\"\",\"propertyPath\":\"/CatalogItems\",\"modelName\":\"catalogModel\"}"}]}
RESULT: undefined
COMMAND: POST /session/eac9b0d7e8ced2053dbc37a41f3ce9ab/element - {"using":"xpath","value":"//bdi[text()=\"OK\"]"}
RESULT: {"using":"xpath","value":"//bdi[text()=\"OK\"]"}
COMMAND: POST /session/eac9b0d7e8ced2053dbc37a41f3ce9ab/elements - {"using":"xpath","value":"//bdi[text()=\"OK\"]"}
RESULT: {"using":"xpath","value":"//bdi[text()=\"OK\"]"}
COMMAND: POST /session/eac9b0d7e8ced2053dbc37a41f3ce9ab/elements - {"using":"xpath","value":"//bdi[text()=\"OK\"]"}
RESULT: {"using":"xpath","value":"//bdi[text()=\"OK\"]"}
COMMAND: POST /session/eac9b0d7e8ced2053dbc37a41f3ce9ab/elements - {"using":"xpath","value":"//bdi[text()=\"OK\"]"}
RESULT: {"using":"xpath","value":"//bdi[text()=\"OK\"]"}
COMMAND: POST /session/eac9b0d7e8ced2053dbc37a41f3ce9ab/elements - {"using":"xpath","value":"//bdi[text()=\"OK\"]"}
RESULT: {"using":"xpath","value":"//bdi[text()=\"OK\"]"}
COMMAND: POST /session/eac9b0d7e8ced2053dbc37a41f3ce9ab/elements - {"using":"xpath","value":"//bdi[text()=\"OK\"]"}
RESULT: {"using":"xpath","value":"//bdi[text()=\"OK\"]"}
COMMAND: POST /session/eac9b0d7e8ced2053dbc37a41f3ce9ab/elements - {"using":"xpath","value":"//bdi[text()=\"OK\"]"}
RESULT: {"using":"xpath","value":"//bdi[text()=\"OK\"]"}
COMMAND: POST /session/eac9b0d7e8ced2053dbc37a41f3ce9ab/elements - {"using":"xpath","value":"//bdi[text()=\"OK\"]"}
RESULT: {"using":"xpath","value":"//bdi[text()=\"OK\"]"}
COMMAND: POST /session/eac9b0d7e8ced2053dbc37a41f3ce9ab/elements - {"using":"xpath","value":"//bdi[text()=\"OK\"]"}
RESULT: {"using":"xpath","value":"//bdi[text()=\"OK\"]"}
COMMAND: POST /session/eac9b0d7e8ced2053dbc37a41f3ce9ab/elements - {"using":"xpath","value":"//bdi[text()=\"OK\"]"}
RESULT: {"using":"xpath","value":"//bdi[text()=\"OK\"]"}
COMMAND: POST /session/eac9b0d7e8ced2053dbc37a41f3ce9ab/elements - {"using":"xpath","value":"//bdi[text()=\"OK\"]"}
RESULT: {"using":"xpath","value":"//bdi[text()=\"OK\"]"}
COMMAND: POST /session/eac9b0d7e8ced2053dbc37a41f3ce9ab/elements - {"using":"xpath","value":"//bdi[text()=\"OK\"]"}
RESULT: {"using":"xpath","value":"//bdi[text()=\"OK\"]"}
COMMAND: POST /session/eac9b0d7e8ced2053dbc37a41f3ce9ab/elements - {"using":"xpath","value":"//bdi[text()=\"OK\"]"}
RESULT: {"using":"xpath","value":"//bdi[text()=\"OK\"]"}
COMMAND: POST /session/eac9b0d7e8ced2053dbc37a41f3ce9ab/elements - {"using":"xpath","value":"//bdi[text()=\"OK\"]"}
RESULT: {"using":"xpath","value":"//bdi[text()=\"OK\"]"}
COMMAND: POST /session/eac9b0d7e8ced2053dbc37a41f3ce9ab/elements - {"using":"xpath","value":"//bdi[text()=\"OK\"]"}
RESULT: {"using":"xpath","value":"//bdi[text()=\"OK\"]"}
COMMAND: POST /session/eac9b0d7e8ced2053dbc37a41f3ce9ab/elements - {"using":"xpath","value":"//bdi[text()=\"OK\"]"}
RESULT: {"using":"xpath","value":"//bdi[text()=\"OK\"]"}
COMMAND: POST /session/eac9b0d7e8ced2053dbc37a41f3ce9ab/elements - {"using":"xpath","value":"//bdi[text()=\"OK\"]"}
RESULT: {"using":"xpath","value":"//bdi[text()=\"OK\"]"}
COMMAND: POST /session/eac9b0d7e8ced2053dbc37a41f3ce9ab/elements - {"using":"xpath","value":"//bdi[text()=\"OK\"]"}
RESULT: {"using":"xpath","value":"//bdi[text()=\"OK\"]"}
COMMAND: POST /session/eac9b0d7e8ced2053dbc37a41f3ce9ab/elements - {"using":"xpath","value":"//bdi[text()=\"OK\"]"}
RESULT: {"using":"xpath","value":"//bdi[text()=\"OK\"]"}
COMMAND: POST /session/eac9b0d7e8ced2053dbc37a41f3ce9ab/elements - {"using":"xpath","value":"//bdi[text()=\"OK\"]"}
RESULT: {"using":"xpath","value":"//bdi[text()=\"OK\"]"}
COMMAND: POST /session/eac9b0d7e8ced2053dbc37a41f3ce9ab/elements - {"using":"xpath","value":"//bdi[text()=\"OK\"]"}
RESULT: {"using":"xpath","value":"//bdi[text()=\"OK\"]"}
COMMAND: POST /session/eac9b0d7e8ced2053dbc37a41f3ce9ab/elements - {"using":"xpath","value":"//bdi[text()=\"OK\"]"}
RESULT: {"using":"xpath","value":"//bdi[text()=\"OK\"]"}
COMMAND: POST /session/eac9b0d7e8ced2053dbc37a41f3ce9ab/elements - {"using":"xpath","value":"//bdi[text()=\"OK\"]"}
RESULT: {"using":"xpath","value":"//bdi[text()=\"OK\"]"}
COMMAND: POST /session/eac9b0d7e8ced2053dbc37a41f3ce9ab/elements - {"using":"xpath","value":"//bdi[text()=\"OK\"]"}
RESULT: {"using":"xpath","value":"//bdi[text()=\"OK\"]"}
COMMAND: POST /session/eac9b0d7e8ced2053dbc37a41f3ce9ab/elements - {"using":"xpath","value":"//bdi[text()=\"OK\"]"}
RESULT: {"using":"xpath","value":"//bdi[text()=\"OK\"]"}
COMMAND: POST /session/eac9b0d7e8ced2053dbc37a41f3ce9ab/elements - {"using":"xpath","value":"//bdi[text()=\"OK\"]"}
RESULT: {"using":"xpath","value":"//bdi[text()=\"OK\"]"}
COMMAND: POST /session/eac9b0d7e8ced2053dbc37a41f3ce9ab/elements - {"using":"xpath","value":"//bdi[text()=\"OK\"]"}
RESULT: {"using":"xpath","value":"//bdi[text()=\"OK\"]"}
COMMAND: POST /session/eac9b0d7e8ced2053dbc37a41f3ce9ab/elements - {"using":"xpath","value":"//bdi[text()=\"OK\"]"}
RESULT: {"using":"xpath","value":"//bdi[text()=\"OK\"]"}
COMMAND: POST /session/eac9b0d7e8ced2053dbc37a41f3ce9ab/elements - {"using":"xpath","value":"//bdi[text()=\"OK\"]"}
RESULT: {"using":"xpath","value":"//bdi[text()=\"OK\"]"}
COMMAND: POST /session/eac9b0d7e8ced2053dbc37a41f3ce9ab/elements - {"using":"xpath","value":"//bdi[text()=\"OK\"]"}
RESULT: {"using":"xpath","value":"//bdi[text()=\"OK\"]"}
COMMAND: POST /session/eac9b0d7e8ced2053dbc37a41f3ce9ab/elements - {"using":"xpath","value":"//bdi[text()=\"OK\"]"}
RESULT: {"using":"xpath","value":"//bdi[text()=\"OK\"]"}
COMMAND: POST /session/eac9b0d7e8ced2053dbc37a41f3ce9ab/elements - {"using":"xpath","value":"//bdi[text()=\"OK\"]"}
RESULT: {"using":"xpath","value":"//bdi[text()=\"OK\"]"}
COMMAND: POST /session/eac9b0d7e8ced2053dbc37a41f3ce9ab/elements - {"using":"xpath","value":"//bdi[text()=\"OK\"]"}
RESULT: {"using":"xpath","value":"//bdi[text()=\"OK\"]"}
COMMAND: POST /session/eac9b0d7e8ced2053dbc37a41f3ce9ab/elements - {"using":"xpath","value":"//bdi[text()=\"OK\"]"}
RESULT: {"using":"xpath","value":"//bdi[text()=\"OK\"]"}
COMMAND: POST /session/eac9b0d7e8ced2053dbc37a41f3ce9ab/elements - {"using":"xpath","value":"//bdi[text()=\"OK\"]"}
RESULT: {"using":"xpath","value":"//bdi[text()=\"OK\"]"}
COMMAND: POST /session/eac9b0d7e8ced2053dbc37a41f3ce9ab/elements - {"using":"xpath","value":"//bdi[text()=\"OK\"]"}
RESULT: {"using":"xpath","value":"//bdi[text()=\"OK\"]"}
COMMAND: POST /session/eac9b0d7e8ced2053dbc37a41f3ce9ab/elements - {"using":"xpath","value":"//bdi[text()=\"OK\"]"}
RESULT: {"using":"xpath","value":"//bdi[text()=\"OK\"]"}
COMMAND: POST /session/eac9b0d7e8ced2053dbc37a41f3ce9ab/elements - {"using":"xpath","value":"//bdi[text()=\"OK\"]"}
RESULT: {"using":"xpath","value":"//bdi[text()=\"OK\"]"}
COMMAND: POST /session/eac9b0d7e8ced2053dbc37a41f3ce9ab/elements - {"using":"xpath","value":"//bdi[text()=\"OK\"]"}
RESULT: {"using":"xpath","value":"//bdi[text()=\"OK\"]"}
COMMAND: POST /session/eac9b0d7e8ced2053dbc37a41f3ce9ab/elements - {"using":"xpath","value":"//bdi[text()=\"OK\"]"}
RESULT: {"using":"xpath","value":"//bdi[text()=\"OK\"]"}
COMMAND: POST /session/eac9b0d7e8ced2053dbc37a41f3ce9ab/elements - {"using":"xpath","value":"//bdi[text()=\"OK\"]"}
RESULT: {"using":"xpath","value":"//bdi[text()=\"OK\"]"}
COMMAND: POST /session/eac9b0d7e8ced2053dbc37a41f3ce9ab/elements - {"using":"xpath","value":"//bdi[text()=\"OK\"]"}
RESULT: {"using":"xpath","value":"//bdi[text()=\"OK\"]"}
COMMAND: POST /session/eac9b0d7e8ced2053dbc37a41f3ce9ab/elements - {"using":"xpath","value":"//bdi[text()=\"OK\"]"}
RESULT: {"using":"xpath","value":"//bdi[text()=\"OK\"]"}
COMMAND: POST /session/eac9b0d7e8ced2053dbc37a41f3ce9ab/elements - {"using":"xpath","value":"//bdi[text()=\"OK\"]"}
RESULT: {"using":"xpath","value":"//bdi[text()=\"OK\"]"}
COMMAND: POST /session/eac9b0d7e8ced2053dbc37a41f3ce9ab/elements - {"using":"xpath","value":"//bdi[text()=\"OK\"]"}
RESULT: {"using":"xpath","value":"//bdi[text()=\"OK\"]"}
COMMAND: POST /session/eac9b0d7e8ced2053dbc37a41f3ce9ab/elements - {"using":"xpath","value":"//bdi[text()=\"OK\"]"}
RESULT: {"using":"xpath","value":"//bdi[text()=\"OK\"]"}
COMMAND: POST /session/eac9b0d7e8ced2053dbc37a41f3ce9ab/elements - {"using":"xpath","value":"//bdi[text()=\"OK\"]"}
RESULT: {"using":"xpath","value":"//bdi[text()=\"OK\"]"}
COMMAND: POST /session/eac9b0d7e8ced2053dbc37a41f3ce9ab/elements - {"using":"xpath","value":"//bdi[text()=\"OK\"]"}
RESULT: {"using":"xpath","value":"//bdi[text()=\"OK\"]"}
COMMAND: POST /session/eac9b0d7e8ced2053dbc37a41f3ce9ab/elements - {"using":"xpath","value":"//bdi[text()=\"OK\"]"}
RESULT: {"using":"xpath","value":"//bdi[text()=\"OK\"]"}
COMMAND: POST /session/eac9b0d7e8ced2053dbc37a41f3ce9ab/elements - {"using":"xpath","value":"//bdi[text()=\"OK\"]"}
RESULT: {"using":"xpath","value":"//bdi[text()=\"OK\"]"}
COMMAND: POST /session/eac9b0d7e8ced2053dbc37a41f3ce9ab/elements - {"using":"xpath","value":"//bdi[text()=\"OK\"]"}
RESULT: {"using":"xpath","value":"//bdi[text()=\"OK\"]"}
COMMAND: POST /session/eac9b0d7e8ced2053dbc37a41f3ce9ab/elements - {"using":"xpath","value":"//bdi[text()=\"OK\"]"}
RESULT: {"using":"xpath","value":"//bdi[text()=\"OK\"]"}
COMMAND: POST /session/eac9b0d7e8ced2053dbc37a41f3ce9ab/elements - {"using":"xpath","value":"//bdi[text()=\"OK\"]"}
RESULT: {"using":"xpath","value":"//bdi[text()=\"OK\"]"}
COMMAND: POST /session/eac9b0d7e8ced2053dbc37a41f3ce9ab/elements - {"using":"xpath","value":"//bdi[text()=\"OK\"]"}
RESULT: {"using":"xpath","value":"//bdi[text()=\"OK\"]"}
COMMAND: POST /session/eac9b0d7e8ced2053dbc37a41f3ce9ab/elements - {"using":"xpath","value":"//bdi[text()=\"OK\"]"}
RESULT: {"using":"xpath","value":"//bdi[text()=\"OK\"]"}
COMMAND: POST /session/eac9b0d7e8ced2053dbc37a41f3ce9ab/elements - {"using":"xpath","value":"//bdi[text()=\"OK\"]"}
RESULT: {"using":"xpath","value":"//bdi[text()=\"OK\"]"}
COMMAND: POST /session/eac9b0d7e8ced2053dbc37a41f3ce9ab/elements - {"using":"xpath","value":"//bdi[text()=\"OK\"]"}
RESULT: {"using":"xpath","value":"//bdi[text()=\"OK\"]"}
COMMAND: POST /session/eac9b0d7e8ced2053dbc37a41f3ce9ab/elements - {"using":"xpath","value":"//bdi[text()=\"OK\"]"}
RESULT: {"using":"xpath","value":"//bdi[text()=\"OK\"]"}
COMMAND: POST /session/eac9b0d7e8ced2053dbc37a41f3ce9ab/elements - {"using":"xpath","value":"//bdi[text()=\"OK\"]"}
RESULT: {"using":"xpath","value":"//bdi[text()=\"OK\"]"}
COMMAND: POST /session/eac9b0d7e8ced2053dbc37a41f3ce9ab/elements - {"using":"xpath","value":"//bdi[text()=\"OK\"]"}
RESULT: {"using":"xpath","value":"//bdi[text()=\"OK\"]"}
COMMAND: POST /session/eac9b0d7e8ced2053dbc37a41f3ce9ab/elements - {"using":"xpath","value":"//bdi[text()=\"OK\"]"}
RESULT: {"using":"xpath","value":"//bdi[text()=\"OK\"]"}
COMMAND: POST /session/eac9b0d7e8ced2053dbc37a41f3ce9ab/elements - {"using":"xpath","value":"//bdi[text()=\"OK\"]"}
RESULT: {"using":"xpath","value":"//bdi[text()=\"OK\"]"}
COMMAND: POST /session/eac9b0d7e8ced2053dbc37a41f3ce9ab/elements - {"using":"xpath","value":"//bdi[text()=\"OK\"]"}
RESULT: {"using":"xpath","value":"//bdi[text()=\"OK\"]"}
COMMAND: POST /session/eac9b0d7e8ced2053dbc37a41f3ce9ab/elements - {"using":"xpath","value":"//bdi[text()=\"OK\"]"}
RESULT: {"using":"xpath","value":"//bdi[text()=\"OK\"]"}
COMMAND: POST /session/eac9b0d7e8ced2053dbc37a41f3ce9ab/elements - {"using":"xpath","value":"//bdi[text()=\"OK\"]"}
RESULT: {"using":"xpath","value":"//bdi[text()=\"OK\"]"}
COMMAND: POST /session/eac9b0d7e8ced2053dbc37a41f3ce9ab/elements - {"using":"xpath","value":"//bdi[text()=\"OK\"]"}
RESULT: {"using":"xpath","value":"//bdi[text()=\"OK\"]"}
COMMAND: POST /session/eac9b0d7e8ced2053dbc37a41f3ce9ab/elements - {"using":"xpath","value":"//bdi[text()=\"OK\"]"}
RESULT: {"using":"xpath","value":"//bdi[text()=\"OK\"]"}
COMMAND: POST /session/eac9b0d7e8ced2053dbc37a41f3ce9ab/elements - {"using":"xpath","value":"//bdi[text()=\"OK\"]"}
RESULT: {"using":"xpath","value":"//bdi[text()=\"OK\"]"}
COMMAND: POST /session/eac9b0d7e8ced2053dbc37a41f3ce9ab/elements - {"using":"xpath","value":"//bdi[text()=\"OK\"]"}
RESULT: {"using":"xpath","value":"//bdi[text()=\"OK\"]"}
COMMAND: POST /session/eac9b0d7e8ced2053dbc37a41f3ce9ab/elements - {"using":"xpath","value":"//bdi[text()=\"OK\"]"}
RESULT: {"using":"xpath","value":"//bdi[text()=\"OK\"]"}
COMMAND: POST /session/eac9b0d7e8ced2053dbc37a41f3ce9ab/elements - {"using":"xpath","value":"//bdi[text()=\"OK\"]"}
RESULT: {"using":"xpath","value":"//bdi[text()=\"OK\"]"}
COMMAND: POST /session/eac9b0d7e8ced2053dbc37a41f3ce9ab/elements - {"using":"xpath","value":"//bdi[text()=\"OK\"]"}
RESULT: {"using":"xpath","value":"//bdi[text()=\"OK\"]"}
COMMAND: POST /session/eac9b0d7e8ced2053dbc37a41f3ce9ab/elements - {"using":"xpath","value":"//bdi[text()=\"OK\"]"}
RESULT: {"using":"xpath","value":"//bdi[text()=\"OK\"]"}
COMMAND: POST /session/eac9b0d7e8ced2053dbc37a41f3ce9ab/elements - {"using":"xpath","value":"//bdi[text()=\"OK\"]"}
RESULT: {"using":"xpath","value":"//bdi[text()=\"OK\"]"}
COMMAND: POST /session/eac9b0d7e8ced2053dbc37a41f3ce9ab/elements - {"using":"xpath","value":"//bdi[text()=\"OK\"]"}
RESULT: {"using":"xpath","value":"//bdi[text()=\"OK\"]"}
COMMAND: POST /session/eac9b0d7e8ced2053dbc37a41f3ce9ab/elements - {"using":"xpath","value":"//bdi[text()=\"OK\"]"}
RESULT: {"using":"xpath","value":"//bdi[text()=\"OK\"]"}
COMMAND: POST /session/eac9b0d7e8ced2053dbc37a41f3ce9ab/elements - {"using":"xpath","value":"//bdi[text()=\"OK\"]"}
RESULT: {"using":"xpath","value":"//bdi[text()=\"OK\"]"}
COMMAND: POST /session/eac9b0d7e8ced2053dbc37a41f3ce9ab/elements - {"using":"xpath","value":"//bdi[text()=\"OK\"]"}
RESULT: {"using":"xpath","value":"//bdi[text()=\"OK\"]"}
COMMAND: POST /session/eac9b0d7e8ced2053dbc37a41f3ce9ab/elements - {"using":"xpath","value":"//bdi[text()=\"OK\"]"}
RESULT: {"using":"xpath","value":"//bdi[text()=\"OK\"]"}
COMMAND: POST /session/eac9b0d7e8ced2053dbc37a41f3ce9ab/elements - {"using":"xpath","value":"//bdi[text()=\"OK\"]"}
RESULT: {"using":"xpath","value":"//bdi[text()=\"OK\"]"}
COMMAND: POST /session/eac9b0d7e8ced2053dbc37a41f3ce9ab/elements - {"using":"xpath","value":"//bdi[text()=\"OK\"]"}
RESULT: {"using":"xpath","value":"//bdi[text()=\"OK\"]"}
COMMAND: POST /session/eac9b0d7e8ced2053dbc37a41f3ce9ab/elements - {"using":"xpath","value":"//bdi[text()=\"OK\"]"}
RESULT: {"using":"xpath","value":"//bdi[text()=\"OK\"]"}
COMMAND: POST /session/eac9b0d7e8ced2053dbc37a41f3ce9ab/elements - {"using":"xpath","value":"//bdi[text()=\"OK\"]"}
RESULT: {"using":"xpath","value":"//bdi[text()=\"OK\"]"}
COMMAND: POST /session/eac9b0d7e8ced2053dbc37a41f3ce9ab/elements - {"using":"xpath","value":"//bdi[text()=\"OK\"]"}
RESULT: {"using":"xpath","value":"//bdi[text()=\"OK\"]"}
COMMAND: POST /session/eac9b0d7e8ced2053dbc37a41f3ce9ab/elements - {"using":"xpath","value":"//bdi[text()=\"OK\"]"}
RESULT: {"using":"xpath","value":"//bdi[text()=\"OK\"]"}
COMMAND: POST /session/eac9b0d7e8ced2053dbc37a41f3ce9ab/elements - {"using":"xpath","value":"//bdi[text()=\"OK\"]"}
RESULT: {"using":"xpath","value":"//bdi[text()=\"OK\"]"}
COMMAND: POST /session/eac9b0d7e8ced2053dbc37a41f3ce9ab/elements - {"using":"xpath","value":"//bdi[text()=\"OK\"]"}
RESULT: {"using":"xpath","value":"//bdi[text()=\"OK\"]"}
COMMAND: POST /session/eac9b0d7e8ced2053dbc37a41f3ce9ab/elements - {"using":"xpath","value":"//bdi[text()=\"OK\"]"}
RESULT: {"using":"xpath","value":"//bdi[text()=\"OK\"]"}
COMMAND: POST /session/eac9b0d7e8ced2053dbc37a41f3ce9ab/elements - {"using":"xpath","value":"//bdi[text()=\"OK\"]"}
RESULT: {"using":"xpath","value":"//bdi[text()=\"OK\"]"}
COMMAND: POST /session/eac9b0d7e8ced2053dbc37a41f3ce9ab/elements - {"using":"xpath","value":"//bdi[text()=\"OK\"]"}
RESULT: {"using":"xpath","value":"//bdi[text()=\"OK\"]"}
COMMAND: POST /session/eac9b0d7e8ced2053dbc37a41f3ce9ab/elements - {"using":"xpath","value":"//bdi[text()=\"OK\"]"}
RESULT: {"using":"xpath","value":"//bdi[text()=\"OK\"]"}
COMMAND: POST /session/eac9b0d7e8ced2053dbc37a41f3ce9ab/elements - {"using":"xpath","value":"//bdi[text()=\"OK\"]"}
RESULT: {"using":"xpath","value":"//bdi[text()=\"OK\"]"}
COMMAND: POST /session/eac9b0d7e8ced2053dbc37a41f3ce9ab/elements - {"using":"xpath","value":"//bdi[text()=\"OK\"]"}
RESULT: {"using":"xpath","value":"//bdi[text()=\"OK\"]"}
COMMAND: POST /session/eac9b0d7e8ced2053dbc37a41f3ce9ab/elements - {"using":"xpath","value":"//bdi[text()=\"OK\"]"}
RESULT: {"using":"xpath","value":"//bdi[text()=\"OK\"]"}
COMMAND: POST /session/eac9b0d7e8ced2053dbc37a41f3ce9ab/elements - {"using":"xpath","value":"//bdi[text()=\"OK\"]"}
RESULT: {"using":"xpath","value":"//bdi[text()=\"OK\"]"}
COMMAND: POST /session/eac9b0d7e8ced2053dbc37a41f3ce9ab/elements - {"using":"xpath","value":"//bdi[text()=\"OK\"]"}
RESULT: {"using":"xpath","value":"//bdi[text()=\"OK\"]"}
COMMAND: POST /session/eac9b0d7e8ced2053dbc37a41f3ce9ab/elements - {"using":"xpath","value":"//bdi[text()=\"OK\"]"}
RESULT: {"using":"xpath","value":"//bdi[text()=\"OK\"]"}
COMMAND: POST /session/eac9b0d7e8ced2053dbc37a41f3ce9ab/elements - {"using":"xpath","value":"//bdi[text()=\"OK\"]"}
RESULT: {"using":"xpath","value":"//bdi[text()=\"OK\"]"}
COMMAND: POST /session/eac9b0d7e8ced2053dbc37a41f3ce9ab/elements - {"using":"xpath","value":"//bdi[text()=\"OK\"]"}
RESULT: {"using":"xpath","value":"//bdi[text()=\"OK\"]"}
COMMAND: POST /session/eac9b0d7e8ced2053dbc37a41f3ce9ab/elements - {"using":"xpath","value":"//bdi[text()=\"OK\"]"}
RESULT: {"using":"xpath","value":"//bdi[text()=\"OK\"]"}
COMMAND: POST /session/eac9b0d7e8ced2053dbc37a41f3ce9ab/elements - {"using":"xpath","value":"//bdi[text()=\"OK\"]"}
RESULT: {"using":"xpath","value":"//bdi[text()=\"OK\"]"}
COMMAND: POST /session/eac9b0d7e8ced2053dbc37a41f3ce9ab/elements - {"using":"xpath","value":"//bdi[text()=\"OK\"]"}
RESULT: {"using":"xpath","value":"//bdi[text()=\"OK\"]"}
COMMAND: POST /session/eac9b0d7e8ced2053dbc37a41f3ce9ab/elements - {"using":"xpath","value":"//bdi[text()=\"OK\"]"}
RESULT: {"using":"xpath","value":"//bdi[text()=\"OK\"]"}
COMMAND: POST /session/eac9b0d7e8ced2053dbc37a41f3ce9ab/elements - {"using":"xpath","value":"//bdi[text()=\"OK\"]"}
RESULT: {"using":"xpath","value":"//bdi[text()=\"OK\"]"}
COMMAND: POST /session/eac9b0d7e8ced2053dbc37a41f3ce9ab/elements - {"using":"xpath","value":"//bdi[text()=\"OK\"]"}
RESULT: {"using":"xpath","value":"//bdi[text()=\"OK\"]"}
COMMAND: POST /session/eac9b0d7e8ced2053dbc37a41f3ce9ab/elements - {"using":"xpath","value":"//bdi[text()=\"OK\"]"}
RESULT: {"using":"xpath","value":"//bdi[text()=\"OK\"]"}
COMMAND: POST /session/eac9b0d7e8ced2053dbc37a41f3ce9ab/elements - {"using":"xpath","value":"//bdi[text()=\"OK\"]"}
RESULT: {"using":"xpath","value":"//bdi[text()=\"OK\"]"}
COMMAND: POST /session/eac9b0d7e8ced2053dbc37a41f3ce9ab/elements - {"using":"xpath","value":"//bdi[text()=\"OK\"]"}
RESULT: {"using":"xpath","value":"//bdi[text()=\"OK\"]"}
COMMAND: POST /session/eac9b0d7e8ced2053dbc37a41f3ce9ab/elements - {"using":"xpath","value":"//bdi[text()=\"OK\"]"}
RESULT: {"using":"xpath","value":"//bdi[text()=\"OK\"]"}
COMMAND: POST /session/eac9b0d7e8ced2053dbc37a41f3ce9ab/elements - {"using":"xpath","value":"//bdi[text()=\"OK\"]"}
RESULT: {"using":"xpath","value":"//bdi[text()=\"OK\"]"}
COMMAND: POST /session/eac9b0d7e8ced2053dbc37a41f3ce9ab/elements - {"using":"xpath","value":"//bdi[text()=\"OK\"]"}
RESULT: {"using":"xpath","value":"//bdi[text()=\"OK\"]"}
COMMAND: POST /session/eac9b0d7e8ced2053dbc37a41f3ce9ab/elements - {"using":"xpath","value":"//bdi[text()=\"OK\"]"}
RESULT: {"using":"xpath","value":"//bdi[text()=\"OK\"]"}
COMMAND: POST /session/eac9b0d7e8ced2053dbc37a41f3ce9ab/elements - {"using":"xpath","value":"//bdi[text()=\"OK\"]"}
RESULT: {"using":"xpath","value":"//bdi[text()=\"OK\"]"}
COMMAND: POST /session/eac9b0d7e8ced2053dbc37a41f3ce9ab/elements - {"using":"xpath","value":"//bdi[text()=\"OK\"]"}
RESULT: {"using":"xpath","value":"//bdi[text()=\"OK\"]"}
COMMAND: POST /session/eac9b0d7e8ced2053dbc37a41f3ce9ab/elements - {"using":"xpath","value":"//bdi[text()=\"OK\"]"}
RESULT: {"using":"xpath","value":"//bdi[text()=\"OK\"]"}
COMMAND: POST /session/eac9b0d7e8ced2053dbc37a41f3ce9ab/elements - {"using":"xpath","value":"//bdi[text()=\"OK\"]"}
RESULT: {"using":"xpath","value":"//bdi[text()=\"OK\"]"}
COMMAND: POST /session/eac9b0d7e8ced2053dbc37a41f3ce9ab/elements - {"using":"xpath","value":"//bdi[text()=\"OK\"]"}
RESULT: {"using":"xpath","value":"//bdi[text()=\"OK\"]"}
COMMAND: POST /session/eac9b0d7e8ced2053dbc37a41f3ce9ab/elements - {"using":"xpath","value":"//bdi[text()=\"OK\"]"}
RESULT: {"using":"xpath","value":"//bdi[text()=\"OK\"]"}
COMMAND: POST /session/eac9b0d7e8ced2053dbc37a41f3ce9ab/elements - {"using":"xpath","value":"//bdi[text()=\"OK\"]"}
RESULT: {"using":"xpath","value":"//bdi[text()=\"OK\"]"}
COMMAND: POST /session/eac9b0d7e8ced2053dbc37a41f3ce9ab/elements - {"using":"xpath","value":"//bdi[text()=\"OK\"]"}
RESULT: {"using":"xpath","value":"//bdi[text()=\"OK\"]"}
COMMAND: POST /session/eac9b0d7e8ced2053dbc37a41f3ce9ab/elements - {"using":"xpath","value":"//bdi[text()=\"OK\"]"}
RESULT: {"using":"xpath","value":"//bdi[text()=\"OK\"]"}
COMMAND: POST /session/eac9b0d7e8ced2053dbc37a41f3ce9ab/elements - {"using":"xpath","value":"//bdi[text()=\"OK\"]"}
RESULT: {"using":"xpath","value":"//bdi[text()=\"OK\"]"}
COMMAND: POST /session/eac9b0d7e8ced2053dbc37a41f3ce9ab/element - {"using":"xpath","value":"//bdi[text()=\"OK\"]"}
RESULT: {"using":"xpath","value":"//bdi[text()=\"OK\"]"}
COMMAND: POST /session/eac9b0d7e8ced2053dbc37a41f3ce9ab/elements - {"using":"xpath","value":"//bdi[text()=\"OK\"]"}
RESULT: {"using":"xpath","value":"//bdi[text()=\"OK\"]"}
COMMAND: POST /session/eac9b0d7e8ced2053dbc37a41f3ce9ab/elements - {"using":"xpath","value":"//bdi[text()=\"OK\"]"}
RESULT: {"using":"xpath","value":"//bdi[text()=\"OK\"]"}
COMMAND: POST /session/eac9b0d7e8ced2053dbc37a41f3ce9ab/elements - {"using":"xpath","value":"//bdi[text()=\"OK\"]"}
RESULT: {"using":"xpath","value":"//bdi[text()=\"OK\"]"}
COMMAND: POST /session/eac9b0d7e8ced2053dbc37a41f3ce9ab/elements - {"using":"xpath","value":"//bdi[text()=\"OK\"]"}
RESULT: {"using":"xpath","value":"//bdi[text()=\"OK\"]"}
COMMAND: POST /session/eac9b0d7e8ced2053dbc37a41f3ce9ab/elements - {"using":"xpath","value":"//bdi[text()=\"OK\"]"}
RESULT: {"using":"xpath","value":"//bdi[text()=\"OK\"]"}
COMMAND: POST /session/eac9b0d7e8ced2053dbc37a41f3ce9ab/elements - {"using":"xpath","value":"//bdi[text()=\"OK\"]"}
RESULT: {"using":"xpath","value":"//bdi[text()=\"OK\"]"}
COMMAND: POST /session/eac9b0d7e8ced2053dbc37a41f3ce9ab/elements - {"using":"xpath","value":"//bdi[text()=\"OK\"]"}
RESULT: {"using":"xpath","value":"//bdi[text()=\"OK\"]"}
COMMAND: POST /session/eac9b0d7e8ced2053dbc37a41f3ce9ab/elements - {"using":"xpath","value":"//bdi[text()=\"OK\"]"}
RESULT: {"using":"xpath","value":"//bdi[text()=\"OK\"]"}
COMMAND: POST /session/eac9b0d7e8ced2053dbc37a41f3ce9ab/elements - {"using":"xpath","value":"//bdi[text()=\"OK\"]"}
RESULT: {"using":"xpath","value":"//bdi[text()=\"OK\"]"}
COMMAND: POST /session/eac9b0d7e8ced2053dbc37a41f3ce9ab/elements - {"using":"xpath","value":"//bdi[text()=\"OK\"]"}
RESULT: {"using":"xpath","value":"//bdi[text()=\"OK\"]"}
COMMAND: POST /session/eac9b0d7e8ced2053dbc37a41f3ce9ab/elements - {"using":"xpath","value":"//bdi[text()=\"OK\"]"}
RESULT: {"using":"xpath","value":"//bdi[text()=\"OK\"]"}
COMMAND: POST /session/eac9b0d7e8ced2053dbc37a41f3ce9ab/elements - {"using":"xpath","value":"//bdi[text()=\"OK\"]"}
RESULT: {"using":"xpath","value":"//bdi[text()=\"OK\"]"}
COMMAND: POST /session/eac9b0d7e8ced2053dbc37a41f3ce9ab/elements - {"using":"xpath","value":"//bdi[text()=\"OK\"]"}
RESULT: {"using":"xpath","value":"//bdi[text()=\"OK\"]"}
COMMAND: POST /session/eac9b0d7e8ced2053dbc37a41f3ce9ab/elements - {"using":"xpath","value":"//bdi[text()=\"OK\"]"}
RESULT: {"using":"xpath","value":"//bdi[text()=\"OK\"]"}
COMMAND: POST /session/eac9b0d7e8ced2053dbc37a41f3ce9ab/elements - {"using":"xpath","value":"//bdi[text()=\"OK\"]"}
RESULT: {"using":"xpath","value":"//bdi[text()=\"OK\"]"}
COMMAND: POST /session/eac9b0d7e8ced2053dbc37a41f3ce9ab/elements - {"using":"xpath","value":"//bdi[text()=\"OK\"]"}
RESULT: {"using":"xpath","value":"//bdi[text()=\"OK\"]"}
COMMAND: POST /session/eac9b0d7e8ced2053dbc37a41f3ce9ab/elements - {"using":"xpath","value":"//bdi[text()=\"OK\"]"}
RESULT: {"using":"xpath","value":"//bdi[text()=\"OK\"]"}
COMMAND: POST /session/eac9b0d7e8ced2053dbc37a41f3ce9ab/elements - {"using":"xpath","value":"//bdi[text()=\"OK\"]"}
RESULT: {"using":"xpath","value":"//bdi[text()=\"OK\"]"}
COMMAND: POST /session/eac9b0d7e8ced2053dbc37a41f3ce9ab/elements - {"using":"xpath","value":"//bdi[text()=\"OK\"]"}
RESULT: {"using":"xpath","value":"//bdi[text()=\"OK\"]"}
COMMAND: POST /session/eac9b0d7e8ced2053dbc37a41f3ce9ab/elements - {"using":"xpath","value":"//bdi[text()=\"OK\"]"}
RESULT: {"using":"xpath","value":"//bdi[text()=\"OK\"]"}
COMMAND: POST /session/eac9b0d7e8ced2053dbc37a41f3ce9ab/elements - {"using":"xpath","value":"//bdi[text()=\"OK\"]"}
RESULT: {"using":"xpath","value":"//bdi[text()=\"OK\"]"}
COMMAND: POST /session/eac9b0d7e8ced2053dbc37a41f3ce9ab/elements - {"using":"xpath","value":"//bdi[text()=\"OK\"]"}
RESULT: {"using":"xpath","value":"//bdi[text()=\"OK\"]"}
COMMAND: POST /session/eac9b0d7e8ced2053dbc37a41f3ce9ab/elements - {"using":"xpath","value":"//bdi[text()=\"OK\"]"}
RESULT: {"using":"xpath","value":"//bdi[text()=\"OK\"]"}
COMMAND: POST /session/eac9b0d7e8ced2053dbc37a41f3ce9ab/elements - {"using":"xpath","value":"//bdi[text()=\"OK\"]"}
RESULT: {"using":"xpath","value":"//bdi[text()=\"OK\"]"}
COMMAND: POST /session/eac9b0d7e8ced2053dbc37a41f3ce9ab/elements - {"using":"xpath","value":"//bdi[text()=\"OK\"]"}
RESULT: {"using":"xpath","value":"//bdi[text()=\"OK\"]"}
COMMAND: POST /session/eac9b0d7e8ced2053dbc37a41f3ce9ab/elements - {"using":"xpath","value":"//bdi[text()=\"OK\"]"}
RESULT: {"using":"xpath","value":"//bdi[text()=\"OK\"]"}
COMMAND: POST /session/eac9b0d7e8ced2053dbc37a41f3ce9ab/elements - {"using":"xpath","value":"//bdi[text()=\"OK\"]"}
RESULT: {"using":"xpath","value":"//bdi[text()=\"OK\"]"}
COMMAND: POST /session/eac9b0d7e8ced2053dbc37a41f3ce9ab/elements - {"using":"xpath","value":"//bdi[text()=\"OK\"]"}
RESULT: {"using":"xpath","value":"//bdi[text()=\"OK\"]"}
COMMAND: POST /session/eac9b0d7e8ced2053dbc37a41f3ce9ab/elements - {"using":"xpath","value":"//bdi[text()=\"OK\"]"}
RESULT: {"using":"xpath","value":"//bdi[text()=\"OK\"]"}
COMMAND: POST /session/eac9b0d7e8ced2053dbc37a41f3ce9ab/elements - {"using":"xpath","value":"//bdi[text()=\"OK\"]"}
RESULT: {"using":"xpath","value":"//bdi[text()=\"OK\"]"}
COMMAND: POST /session/eac9b0d7e8ced2053dbc37a41f3ce9ab/elements - {"using":"xpath","value":"//bdi[text()=\"OK\"]"}
RESULT: {"using":"xpath","value":"//bdi[text()=\"OK\"]"}
COMMAND: POST /session/eac9b0d7e8ced2053dbc37a41f3ce9ab/elements - {"using":"xpath","value":"//bdi[text()=\"OK\"]"}
RESULT: {"using":"xpath","value":"//bdi[text()=\"OK\"]"}
COMMAND: POST /session/eac9b0d7e8ced2053dbc37a41f3ce9ab/elements - {"using":"xpath","value":"//bdi[text()=\"OK\"]"}
RESULT: {"using":"xpath","value":"//bdi[text()=\"OK\"]"}
COMMAND: POST /session/eac9b0d7e8ced2053dbc37a41f3ce9ab/elements - {"using":"xpath","value":"//bdi[text()=\"OK\"]"}
RESULT: {"using":"xpath","value":"//bdi[text()=\"OK\"]"}
COMMAND: POST /session/eac9b0d7e8ced2053dbc37a41f3ce9ab/elements - {"using":"xpath","value":"//bdi[text()=\"OK\"]"}
RESULT: {"using":"xpath","value":"//bdi[text()=\"OK\"]"}
COMMAND: POST /session/eac9b0d7e8ced2053dbc37a41f3ce9ab/elements - {"using":"xpath","value":"//bdi[text()=\"OK\"]"}
RESULT: {"using":"xpath","value":"//bdi[text()=\"OK\"]"}
COMMAND: POST /session/eac9b0d7e8ced2053dbc37a41f3ce9ab/elements - {"using":"xpath","value":"//bdi[text()=\"OK\"]"}
RESULT: {"using":"xpath","value":"//bdi[text()=\"OK\"]"}
COMMAND: POST /session/eac9b0d7e8ced2053dbc37a41f3ce9ab/elements - {"using":"xpath","value":"//bdi[text()=\"OK\"]"}
RESULT: {"using":"xpath","value":"//bdi[text()=\"OK\"]"}
COMMAND: POST /session/eac9b0d7e8ced2053dbc37a41f3ce9ab/elements - {"using":"xpath","value":"//bdi[text()=\"OK\"]"}
RESULT: {"using":"xpath","value":"//bdi[text()=\"OK\"]"}
COMMAND: POST /session/eac9b0d7e8ced2053dbc37a41f3ce9ab/elements - {"using":"xpath","value":"//bdi[text()=\"OK\"]"}
RESULT: {"using":"xpath","value":"//bdi[text()=\"OK\"]"}
COMMAND: POST /session/eac9b0d7e8ced2053dbc37a41f3ce9ab/elements - {"using":"xpath","value":"//bdi[text()=\"OK\"]"}
RESULT: {"using":"xpath","value":"//bdi[text()=\"OK\"]"}
COMMAND: POST /session/eac9b0d7e8ced2053dbc37a41f3ce9ab/elements - {"using":"xpath","value":"//bdi[text()=\"OK\"]"}
RESULT: {"using":"xpath","value":"//bdi[text()=\"OK\"]"}
COMMAND: POST /session/eac9b0d7e8ced2053dbc37a41f3ce9ab/elements - {"using":"xpath","value":"//bdi[text()=\"OK\"]"}
RESULT: {"using":"xpath","value":"//bdi[text()=\"OK\"]"}
COMMAND: POST /session/eac9b0d7e8ced2053dbc37a41f3ce9ab/elements - {"using":"xpath","value":"//bdi[text()=\"OK\"]"}
RESULT: {"using":"xpath","value":"//bdi[text()=\"OK\"]"}
COMMAND: POST /session/eac9b0d7e8ced2053dbc37a41f3ce9ab/elements - {"using":"xpath","value":"//bdi[text()=\"OK\"]"}
RESULT: {"using":"xpath","value":"//bdi[text()=\"OK\"]"}
COMMAND: POST /session/eac9b0d7e8ced2053dbc37a41f3ce9ab/elements - {"using":"xpath","value":"//bdi[text()=\"OK\"]"}
RESULT: {"using":"xpath","value":"//bdi[text()=\"OK\"]"}
COMMAND: POST /session/eac9b0d7e8ced2053dbc37a41f3ce9ab/elements - {"using":"xpath","value":"//bdi[text()=\"OK\"]"}
RESULT: {"using":"xpath","value":"//bdi[text()=\"OK\"]"}
COMMAND: POST /session/eac9b0d7e8ced2053dbc37a41f3ce9ab/elements - {"using":"xpath","value":"//bdi[text()=\"OK\"]"}
RESULT: {"using":"xpath","value":"//bdi[text()=\"OK\"]"}
COMMAND: POST /session/eac9b0d7e8ced2053dbc37a41f3ce9ab/elements - {"using":"xpath","value":"//bdi[text()=\"OK\"]"}
RESULT: {"using":"xpath","value":"//bdi[text()=\"OK\"]"}
COMMAND: POST /session/eac9b0d7e8ced2053dbc37a41f3ce9ab/elements - {"using":"xpath","value":"//bdi[text()=\"OK\"]"}
RESULT: {"using":"xpath","value":"//bdi[text()=\"OK\"]"}
COMMAND: POST /session/eac9b0d7e8ced2053dbc37a41f3ce9ab/elements - {"using":"xpath","value":"//bdi[text()=\"OK\"]"}
RESULT: {"using":"xpath","value":"//bdi[text()=\"OK\"]"}
COMMAND: POST /session/eac9b0d7e8ced2053dbc37a41f3ce9ab/elements - {"using":"xpath","value":"//bdi[text()=\"OK\"]"}
RESULT: {"using":"xpath","value":"//bdi[text()=\"OK\"]"}
COMMAND: POST /session/eac9b0d7e8ced2053dbc37a41f3ce9ab/elements - {"using":"xpath","value":"//bdi[text()=\"OK\"]"}
RESULT: {"using":"xpath","value":"//bdi[text()=\"OK\"]"}
COMMAND: POST /session/eac9b0d7e8ced2053dbc37a41f3ce9ab/elements - {"using":"xpath","value":"//bdi[text()=\"OK\"]"}
RESULT: {"using":"xpath","value":"//bdi[text()=\"OK\"]"}
COMMAND: POST /session/eac9b0d7e8ced2053dbc37a41f3ce9ab/elements - {"using":"xpath","value":"//bdi[text()=\"OK\"]"}
RESULT: {"using":"xpath","value":"//bdi[text()=\"OK\"]"}
COMMAND: POST /session/eac9b0d7e8ced2053dbc37a41f3ce9ab/elements - {"using":"xpath","value":"//bdi[text()=\"OK\"]"}
RESULT: {"using":"xpath","value":"//bdi[text()=\"OK\"]"}
COMMAND: POST /session/eac9b0d7e8ced2053dbc37a41f3ce9ab/elements - {"using":"xpath","value":"//bdi[text()=\"OK\"]"}
RESULT: {"using":"xpath","value":"//bdi[text()=\"OK\"]"}
COMMAND: POST /session/eac9b0d7e8ced2053dbc37a41f3ce9ab/elements - {"using":"xpath","value":"//bdi[text()=\"OK\"]"}
RESULT: {"using":"xpath","value":"//bdi[text()=\"OK\"]"}
COMMAND: POST /session/eac9b0d7e8ced2053dbc37a41f3ce9ab/elements - {"using":"xpath","value":"//bdi[text()=\"OK\"]"}
RESULT: {"using":"xpath","value":"//bdi[text()=\"OK\"]"}
COMMAND: POST /session/eac9b0d7e8ced2053dbc37a41f3ce9ab/elements - {"using":"xpath","value":"//bdi[text()=\"OK\"]"}
RESULT: {"using":"xpath","value":"//bdi[text()=\"OK\"]"}
COMMAND: POST /session/eac9b0d7e8ced2053dbc37a41f3ce9ab/elements - {"using":"xpath","value":"//bdi[text()=\"OK\"]"}
RESULT: {"using":"xpath","value":"//bdi[text()=\"OK\"]"}
COMMAND: POST /session/eac9b0d7e8ced2053dbc37a41f3ce9ab/elements - {"using":"xpath","value":"//bdi[text()=\"OK\"]"}
RESULT: {"using":"xpath","value":"//bdi[text()=\"OK\"]"}
COMMAND: POST /session/eac9b0d7e8ced2053dbc37a41f3ce9ab/elements - {"using":"xpath","value":"//bdi[text()=\"OK\"]"}
RESULT: {"using":"xpath","value":"//bdi[text()=\"OK\"]"}
COMMAND: POST /session/eac9b0d7e8ced2053dbc37a41f3ce9ab/elements - {"using":"xpath","value":"//bdi[text()=\"OK\"]"}
RESULT: {"using":"xpath","value":"//bdi[text()=\"OK\"]"}
COMMAND: POST /session/eac9b0d7e8ced2053dbc37a41f3ce9ab/elements - {"using":"xpath","value":"//bdi[text()=\"OK\"]"}
RESULT: {"using":"xpath","value":"//bdi[text()=\"OK\"]"}
COMMAND: POST /session/eac9b0d7e8ced2053dbc37a41f3ce9ab/elements - {"using":"xpath","value":"//bdi[text()=\"OK\"]"}
RESULT: {"using":"xpath","value":"//bdi[text()=\"OK\"]"}
COMMAND: POST /session/eac9b0d7e8ced2053dbc37a41f3ce9ab/elements - {"using":"xpath","value":"//bdi[text()=\"OK\"]"}
RESULT: {"using":"xpath","value":"//bdi[text()=\"OK\"]"}
COMMAND: POST /session/eac9b0d7e8ced2053dbc37a41f3ce9ab/elements - {"using":"xpath","value":"//bdi[text()=\"OK\"]"}
RESULT: {"using":"xpath","value":"//bdi[text()=\"OK\"]"}
COMMAND: POST /session/eac9b0d7e8ced2053dbc37a41f3ce9ab/elements - {"using":"xpath","value":"//bdi[text()=\"OK\"]"}
RESULT: {"using":"xpath","value":"//bdi[text()=\"OK\"]"}
COMMAND: POST /session/eac9b0d7e8ced2053dbc37a41f3ce9ab/elements - {"using":"xpath","value":"//bdi[text()=\"OK\"]"}
RESULT: {"using":"xpath","value":"//bdi[text()=\"OK\"]"}
COMMAND: POST /session/eac9b0d7e8ced2053dbc37a41f3ce9ab/elements - {"using":"xpath","value":"//bdi[text()=\"OK\"]"}
RESULT: {"using":"xpath","value":"//bdi[text()=\"OK\"]"}
COMMAND: POST /session/eac9b0d7e8ced2053dbc37a41f3ce9ab/elements - {"using":"xpath","value":"//bdi[text()=\"OK\"]"}
RESULT: {"using":"xpath","value":"//bdi[text()=\"OK\"]"}
COMMAND: POST /session/eac9b0d7e8ced2053dbc37a41f3ce9ab/elements - {"using":"xpath","value":"//bdi[text()=\"OK\"]"}
RESULT: {"using":"xpath","value":"//bdi[text()=\"OK\"]"}
COMMAND: POST /session/eac9b0d7e8ced2053dbc37a41f3ce9ab/elements - {"using":"xpath","value":"//bdi[text()=\"OK\"]"}
RESULT: {"using":"xpath","value":"//bdi[text()=\"OK\"]"}
COMMAND: POST /session/eac9b0d7e8ced2053dbc37a41f3ce9ab/elements - {"using":"xpath","value":"//bdi[text()=\"OK\"]"}
RESULT: {"using":"xpath","value":"//bdi[text()=\"OK\"]"}
COMMAND: POST /session/eac9b0d7e8ced2053dbc37a41f3ce9ab/elements - {"using":"xpath","value":"//bdi[text()=\"OK\"]"}
RESULT: {"using":"xpath","value":"//bdi[text()=\"OK\"]"}
COMMAND: POST /session/eac9b0d7e8ced2053dbc37a41f3ce9ab/elements - {"using":"xpath","value":"//bdi[text()=\"OK\"]"}
RESULT: {"using":"xpath","value":"//bdi[text()=\"OK\"]"}
COMMAND: POST /session/eac9b0d7e8ced2053dbc37a41f3ce9ab/elements - {"using":"xpath","value":"//bdi[text()=\"OK\"]"}
RESULT: {"using":"xpath","value":"//bdi[text()=\"OK\"]"}
COMMAND: POST /session/eac9b0d7e8ced2053dbc37a41f3ce9ab/elements - {"using":"xpath","value":"//bdi[text()=\"OK\"]"}
RESULT: {"using":"xpath","value":"//bdi[text()=\"OK\"]"}
COMMAND: POST /session/eac9b0d7e8ced2053dbc37a41f3ce9ab/elements - {"using":"xpath","value":"//bdi[text()=\"OK\"]"}
RESULT: {"using":"xpath","value":"//bdi[text()=\"OK\"]"}
COMMAND: POST /session/eac9b0d7e8ced2053dbc37a41f3ce9ab/elements - {"using":"xpath","value":"//bdi[text()=\"OK\"]"}
RESULT: {"using":"xpath","value":"//bdi[text()=\"OK\"]"}
COMMAND: POST /session/eac9b0d7e8ced2053dbc37a41f3ce9ab/elements - {"using":"xpath","value":"//bdi[text()=\"OK\"]"}
RESULT: {"using":"xpath","value":"//bdi[text()=\"OK\"]"}
COMMAND: POST /session/eac9b0d7e8ced2053dbc37a41f3ce9ab/elements - {"using":"xpath","value":"//bdi[text()=\"OK\"]"}
RESULT: {"using":"xpath","value":"//bdi[text()=\"OK\"]"}
COMMAND: POST /session/eac9b0d7e8ced2053dbc37a41f3ce9ab/elements - {"using":"xpath","value":"//bdi[text()=\"OK\"]"}
RESULT: {"using":"xpath","value":"//bdi[text()=\"OK\"]"}
COMMAND: POST /session/eac9b0d7e8ced2053dbc37a41f3ce9ab/elements - {"using":"xpath","value":"//bdi[text()=\"OK\"]"}
RESULT: {"using":"xpath","value":"//bdi[text()=\"OK\"]"}
COMMAND: POST /session/eac9b0d7e8ced2053dbc37a41f3ce9ab/elements - {"using":"xpath","value":"//bdi[text()=\"OK\"]"}
RESULT: {"using":"xpath","value":"//bdi[text()=\"OK\"]"}
COMMAND: POST /session/eac9b0d7e8ced2053dbc37a41f3ce9ab/elements - {"using":"xpath","value":"//bdi[text()=\"OK\"]"}
RESULT: {"using":"xpath","value":"//bdi[text()=\"OK\"]"}
COMMAND: POST /session/eac9b0d7e8ced2053dbc37a41f3ce9ab/elements - {"using":"xpath","value":"//bdi[text()=\"OK\"]"}
RESULT: {"using":"xpath","value":"//bdi[text()=\"OK\"]"}
COMMAND: POST /session/eac9b0d7e8ced2053dbc37a41f3ce9ab/elements - {"using":"xpath","value":"//bdi[text()=\"OK\"]"}
RESULT: {"using":"xpath","value":"//bdi[text()=\"OK\"]"}
COMMAND: POST /session/eac9b0d7e8ced2053dbc37a41f3ce9ab/elements - {"using":"xpath","value":"//bdi[text()=\"OK\"]"}
RESULT: {"using":"xpath","value":"//bdi[text()=\"OK\"]"}
COMMAND: POST /session/eac9b0d7e8ced2053dbc37a41f3ce9ab/elements - {"using":"xpath","value":"//bdi[text()=\"OK\"]"}
RESULT: {"using":"xpath","value":"//bdi[text()=\"OK\"]"}
COMMAND: POST /session/eac9b0d7e8ced2053dbc37a41f3ce9ab/elements - {"using":"xpath","value":"//bdi[text()=\"OK\"]"}
RESULT: {"using":"xpath","value":"//bdi[text()=\"OK\"]"}
COMMAND: POST /session/eac9b0d7e8ced2053dbc37a41f3ce9ab/elements - {"using":"xpath","value":"//bdi[text()=\"OK\"]"}
RESULT: {"using":"xpath","value":"//bdi[text()=\"OK\"]"}
COMMAND: POST /session/eac9b0d7e8ced2053dbc37a41f3ce9ab/elements - {"using":"xpath","value":"//bdi[text()=\"OK\"]"}
RESULT: {"using":"xpath","value":"//bdi[text()=\"OK\"]"}
COMMAND: POST /session/eac9b0d7e8ced2053dbc37a41f3ce9ab/elements - {"using":"xpath","value":"//bdi[text()=\"OK\"]"}
RESULT: {"using":"xpath","value":"//bdi[text()=\"OK\"]"}
COMMAND: POST /session/eac9b0d7e8ced2053dbc37a41f3ce9ab/elements - {"using":"xpath","value":"//bdi[text()=\"OK\"]"}
RESULT: {"using":"xpath","value":"//bdi[text()=\"OK\"]"}
COMMAND: POST /session/eac9b0d7e8ced2053dbc37a41f3ce9ab/elements - {"using":"xpath","value":"//bdi[text()=\"OK\"]"}
RESULT: {"using":"xpath","value":"//bdi[text()=\"OK\"]"}
COMMAND: POST /session/eac9b0d7e8ced2053dbc37a41f3ce9ab/elements - {"using":"xpath","value":"//bdi[text()=\"OK\"]"}
RESULT: {"using":"xpath","value":"//bdi[text()=\"OK\"]"}
COMMAND: POST /session/eac9b0d7e8ced2053dbc37a41f3ce9ab/elements - {"using":"xpath","value":"//bdi[text()=\"OK\"]"}
RESULT: {"using":"xpath","value":"//bdi[text()=\"OK\"]"}
COMMAND: POST /session/eac9b0d7e8ced2053dbc37a41f3ce9ab/elements - {"using":"xpath","value":"//bdi[text()=\"OK\"]"}
RESULT: {"using":"xpath","value":"//bdi[text()=\"OK\"]"}
COMMAND: POST /session/eac9b0d7e8ced2053dbc37a41f3ce9ab/elements - {"using":"xpath","value":"//bdi[text()=\"OK\"]"}
RESULT: {"using":"xpath","value":"//bdi[text()=\"OK\"]"}
COMMAND: POST /session/eac9b0d7e8ced2053dbc37a41f3ce9ab/elements - {"using":"xpath","value":"//bdi[text()=\"OK\"]"}
RESULT: {"using":"xpath","value":"//bdi[text()=\"OK\"]"}
COMMAND: POST /session/eac9b0d7e8ced2053dbc37a41f3ce9ab/elements - {"using":"xpath","value":"//bdi[text()=\"OK\"]"}
RESULT: {"using":"xpath","value":"//bdi[text()=\"OK\"]"}
COMMAND: POST /session/eac9b0d7e8ced2053dbc37a41f3ce9ab/elements - {"using":"xpath","value":"//bdi[text()=\"OK\"]"}
RESULT: {"using":"xpath","value":"//bdi[text()=\"OK\"]"}
COMMAND: POST /session/eac9b0d7e8ced2053dbc37a41f3ce9ab/elements - {"using":"xpath","value":"//bdi[text()=\"OK\"]"}
RESULT: {"using":"xpath","value":"//bdi[text()=\"OK\"]"}
COMMAND: POST /session/eac9b0d7e8ced2053dbc37a41f3ce9ab/elements - {"using":"xpath","value":"//bdi[text()=\"OK\"]"}
RESULT: {"using":"xpath","value":"//bdi[text()=\"OK\"]"}
COMMAND: POST /session/eac9b0d7e8ced2053dbc37a41f3ce9ab/elements - {"using":"xpath","value":"//bdi[text()=\"OK\"]"}
RESULT: {"using":"xpath","value":"//bdi[text()=\"OK\"]"}
COMMAND: POST /session/eac9b0d7e8ced2053dbc37a41f3ce9ab/elements - {"using":"xpath","value":"//bdi[text()=\"OK\"]"}
RESULT: {"using":"xpath","value":"//bdi[text()=\"OK\"]"}
COMMAND: POST /session/eac9b0d7e8ced2053dbc37a41f3ce9ab/elements - {"using":"xpath","value":"//bdi[text()=\"OK\"]"}
RESULT: {"using":"xpath","value":"//bdi[text()=\"OK\"]"}
COMMAND: POST /session/eac9b0d7e8ced2053dbc37a41f3ce9ab/elements - {"using":"xpath","value":"//bdi[text()=\"OK\"]"}
RESULT: {"using":"xpath","value":"//bdi[text()=\"OK\"]"}
COMMAND: POST /session/eac9b0d7e8ced2053dbc37a41f3ce9ab/elements - {"using":"xpath","value":"//bdi[text()=\"OK\"]"}
RESULT: {"using":"xpath","value":"//bdi[text()=\"OK\"]"}
COMMAND: POST /session/eac9b0d7e8ced2053dbc37a41f3ce9ab/elements - {"using":"xpath","value":"//bdi[text()=\"OK\"]"}
RESULT: {"using":"xpath","value":"//bdi[text()=\"OK\"]"}
COMMAND: POST /session/eac9b0d7e8ced2053dbc37a41f3ce9ab/elements - {"using":"xpath","value":"//bdi[text()=\"OK\"]"}
RESULT: {"using":"xpath","value":"//bdi[text()=\"OK\"]"}
COMMAND: POST /session/eac9b0d7e8ced2053dbc37a41f3ce9ab/elements - {"using":"xpath","value":"//bdi[text()=\"OK\"]"}
RESULT: {"using":"xpath","value":"//bdi[text()=\"OK\"]"}
COMMAND: POST /session/eac9b0d7e8ced2053dbc37a41f3ce9ab/elements - {"using":"xpath","value":"//bdi[text()=\"OK\"]"}
RESULT: {"using":"xpath","value":"//bdi[text()=\"OK\"]"}
COMMAND: POST /session/eac9b0d7e8ced2053dbc37a41f3ce9ab/elements - {"using":"xpath","value":"//bdi[text()=\"OK\"]"}
RESULT: {"using":"xpath","value":"//bdi[text()=\"OK\"]"}
COMMAND: POST /session/eac9b0d7e8ced2053dbc37a41f3ce9ab/elements - {"using":"xpath","value":"//bdi[text()=\"OK\"]"}
RESULT: {"using":"xpath","value":"//bdi[text()=\"OK\"]"}
COMMAND: POST /session/eac9b0d7e8ced2053dbc37a41f3ce9ab/elements - {"using":"xpath","value":"//bdi[text()=\"OK\"]"}
RESULT: {"using":"xpath","value":"//bdi[text()=\"OK\"]"}
COMMAND: POST /session/eac9b0d7e8ced2053dbc37a41f3ce9ab/elements - {"using":"xpath","value":"//bdi[text()=\"OK\"]"}
RESULT: {"using":"xpath","value":"//bdi[text()=\"OK\"]"}
COMMAND: POST /session/eac9b0d7e8ced2053dbc37a41f3ce9ab/elements - {"using":"xpath","value":"//bdi[text()=\"OK\"]"}
RESULT: {"using":"xpath","value":"//bdi[text()=\"OK\"]"}
COMMAND: POST /session/eac9b0d7e8ced2053dbc37a41f3ce9ab/execute/async - {"script":"<script> [1562 bytes]","args":[{"selector":{"id":"application-manageresources-display-component---newResourceUnit--TYPE-arrow"},"wdio_ui5_key":"applicationmanageresources-display-component---newResourceUnit--TYPE-arrow"}]}
RESULT: {"script":"<script> [1562 bytes]","args":[{"selector":{"id":"application-manageresources-display-component---newResourceUnit--TYPE-arrow"},"wdio_ui5_key":"applicationmanageresources-display-component---newResourceUnit--TYPE-arrow"}]}
RESULT: undefined
COMMAND: POST /session/eac9b0d7e8ced2053dbc37a41f3ce9ab/element - {"using":"xpath","value":"//*[@id=\"application-manageresources-display-component---newResourceUnit--TYPE-arrow\"]"}
RESULT: {"using":"xpath","value":"//*[@id=\"application-manageresources-display-component---newResourceUnit--TYPE-arrow\"]"}
COMMAND: POST /session/eac9b0d7e8ced2053dbc37a41f3ce9ab/element/f.6F465290622CE65C200047306CC70E60.d.EACA10144217BD9CC97FC9FB7039496E.e.6619/click - {}
RESULT: {}
COMMAND: POST /session/eac9b0d7e8ced2053dbc37a41f3ce9ab/execute/async - {"script":"<script> [1562 bytes]","args":[{"selector":{"controlType":"sap.m.StandardListItem","viewName":"reusables.view.manageresources.NewResourceUnit","viewId":"application-manageresources-display-component---newResourceUnit","properties":{"title":"Material"},"searchOpenDialogs":true,"interaction":{"idSuffix":"titleText"}},"wdio_ui5_key":"reusablesview.manageresources.NewResourceUnitsap.m.StandardListItem{\"title\":\"Material\"}"}]}
COMMAND: GET /session/eac9b0d7e8ced2053dbc37a41f3ce9ab/screenshot - {}
RESULT: {"script":"<script> [1562 bytes]","args":[{"selector":{"controlType":"sap.m.StandardListItem","viewName":"reusables.view.manageresources.NewResourceUnit","viewId":"application-manageresources-display-component---newResourceUnit","properties":{"title":"Material"},"searchOpenDialogs":true,"interaction":{"idSuffix":"titleText"}},"wdio_ui5_key":"reusablesview.manageresources.NewResourceUnitsap.m.StandardListItem{\"title\":\"Material\"}"}]}
RESULT: undefined
COMMAND: POST /session/eac9b0d7e8ced2053dbc37a41f3ce9ab/element - {"using":"xpath","value":"//*[@id=\"__item142\"]"}
RESULT: {}
RESULT: {"using":"xpath","value":"//*[@id=\"__item142\"]"}
COMMAND: POST /session/eac9b0d7e8ced2053dbc37a41f3ce9ab/element/f.6F465290622CE65C200047306CC70E60.d.EACA10144217BD9CC97FC9FB7039496E.e.6622/click - {}
RESULT: {}
COMMAND: POST /session/eac9b0d7e8ced2053dbc37a41f3ce9ab/execute/async - {"script":"<script> [1562 bytes]","args":[{"selector":{"id":"application-manageresources-display-component---newResourceUnit--SHORT_TEXT","interaction":{"idSuffix":"inner"}},"wdio_ui5_key":"applicationmanageresources-display-component---newResourceUnit--SHORT_TEXT"}]}
COMMAND: GET /session/eac9b0d7e8ced2053dbc37a41f3ce9ab/screenshot - {}
RESULT: {"script":"<script> [1562 bytes]","args":[{"selector":{"id":"application-manageresources-display-component---newResourceUnit--SHORT_TEXT","interaction":{"idSuffix":"inner"}},"wdio_ui5_key":"applicationmanageresources-display-component---newResourceUnit--SHORT_TEXT"}]}
RESULT: undefined
COMMAND: POST /session/eac9b0d7e8ced2053dbc37a41f3ce9ab/execute/async - {"script":"<script> [776 bytes]","args":[{"enterText":"WebdriverWHM_RU R2Crme1n","selector":{"id":"application-manageresources-display-component---newResourceUnit--SHORT_TEXT","interaction":{"idSuffix":"inner"}},"clearTextFirst":true,"interactionType":"ENTER_TEXT"}]}
RESULT: {}
RESULT: {"script":"<script> [776 bytes]","args":[{"enterText":"WebdriverWHM_RU R2Crme1n","selector":{"id":"application-manageresources-display-component---newResourceUnit--SHORT_TEXT","interaction":{"idSuffix":"inner"}},"clearTextFirst":true,"interactionType":"ENTER_TEXT"}]}
COMMAND: POST /session/eac9b0d7e8ced2053dbc37a41f3ce9ab/execute/async - {"script":"<script> [1562 bytes]","args":[{"selector":{"id":"application-manageresources-display-component---newResourceUnit--BASE_UNIT_OF_MEASURE-arrow"},"wdio_ui5_key":"applicationmanageresources-display-component---newResourceUnit--BASE_UNIT_OF_MEASURE-arrow"}]}
RESULT: {"script":"<script> [1562 bytes]","args":[{"selector":{"id":"application-manageresources-display-component---newResourceUnit--BASE_UNIT_OF_MEASURE-arrow"},"wdio_ui5_key":"applicationmanageresources-display-component---newResourceUnit--BASE_UNIT_OF_MEASURE-arrow"}]}
RESULT: undefined
COMMAND: POST /session/eac9b0d7e8ced2053dbc37a41f3ce9ab/element - {"using":"xpath","value":"//*[@id=\"application-manageresources-display-component---newResourceUnit--BASE_UNIT_OF_MEASURE-arrow\"]"}
RESULT: {"using":"xpath","value":"//*[@id=\"application-manageresources-display-component---newResourceUnit--BASE_UNIT_OF_MEASURE-arrow\"]"}
COMMAND: POST /session/eac9b0d7e8ced2053dbc37a41f3ce9ab/element/f.6F465290622CE65C200047306CC70E60.d.EACA10144217BD9CC97FC9FB7039496E.e.6678/click - {}
RESULT: {}
COMMAND: POST /session/eac9b0d7e8ced2053dbc37a41f3ce9ab/execute/async - {"script":"<script> [1562 bytes]","args":[{"selector":{"controlType":"sap.m.StandardListItem","viewName":"reusables.view.manageresources.NewResourceUnit","viewId":"application-manageresources-display-component---newResourceUnit","properties":{"title":"Piece"},"searchOpenDialogs":true,"interaction":{"idSuffix":"content"}},"wdio_ui5_key":"reusablesview.manageresources.NewResourceUnitsap.m.StandardListItem{\"title\":\"Piece\"}"}]}
COMMAND: GET /session/eac9b0d7e8ced2053dbc37a41f3ce9ab/screenshot - {}
RESULT: {"script":"<script> [1562 bytes]","args":[{"selector":{"controlType":"sap.m.StandardListItem","viewName":"reusables.view.manageresources.NewResourceUnit","viewId":"application-manageresources-display-component---newResourceUnit","properties":{"title":"Piece"},"searchOpenDialogs":true,"interaction":{"idSuffix":"content"}},"wdio_ui5_key":"reusablesview.manageresources.NewResourceUnitsap.m.StandardListItem{\"title\":\"Piece\"}"}]}
RESULT: undefined
COMMAND: POST /session/eac9b0d7e8ced2053dbc37a41f3ce9ab/element - {"using":"xpath","value":"//*[@id=\"__item184\"]"}
RESULT: {}
RESULT: {"using":"xpath","value":"//*[@id=\"__item184\"]"}
COMMAND: POST /session/eac9b0d7e8ced2053dbc37a41f3ce9ab/element/f.6F465290622CE65C200047306CC70E60.d.EACA10144217BD9CC97FC9FB7039496E.e.6680/click - {}
RESULT: {}
COMMAND: POST /session/eac9b0d7e8ced2053dbc37a41f3ce9ab/execute/async - {"script":"<script> [1562 bytes]","args":[{"selector":{"id":"application-manageresources-display-component---newResourceUnit--WEIGHT_UNIT-arrow"},"wdio_ui5_key":"applicationmanageresources-display-component---newResourceUnit--WEIGHT_UNIT-arrow"}]}
COMMAND: GET /session/eac9b0d7e8ced2053dbc37a41f3ce9ab/screenshot - {}
RESULT: {"script":"<script> [1562 bytes]","args":[{"selector":{"id":"application-manageresources-display-component---newResourceUnit--WEIGHT_UNIT-arrow"},"wdio_ui5_key":"applicationmanageresources-display-component---newResourceUnit--WEIGHT_UNIT-arrow"}]}
RESULT: undefined
COMMAND: POST /session/eac9b0d7e8ced2053dbc37a41f3ce9ab/element - {"using":"xpath","value":"//*[@id=\"application-manageresources-display-component---newResourceUnit--WEIGHT_UNIT-arrow\"]"}
RESULT: {}
RESULT: {"using":"xpath","value":"//*[@id=\"application-manageresources-display-component---newResourceUnit--WEIGHT_UNIT-arrow\"]"}
COMMAND: POST /session/eac9b0d7e8ced2053dbc37a41f3ce9ab/element/f.6F465290622CE65C200047306CC70E60.d.EACA10144217BD9CC97FC9FB7039496E.e.6681/click - {}
RESULT: {}
COMMAND: POST /session/eac9b0d7e8ced2053dbc37a41f3ce9ab/execute/async - {"script":"<script> [1562 bytes]","args":[{"selector":{"controlType":"sap.m.StandardListItem","viewName":"reusables.view.manageresources.NewResourceUnit","viewId":"application-manageresources-display-component---newResourceUnit","properties":{"title":"Gram"},"searchOpenDialogs":true,"interaction":{"idSuffix":"content"}},"wdio_ui5_key":"reusablesview.manageresources.NewResourceUnitsap.m.StandardListItem{\"title\":\"Gram\"}"}]}
COMMAND: GET /session/eac9b0d7e8ced2053dbc37a41f3ce9ab/screenshot - {}
RESULT: {"script":"<script> [1562 bytes]","args":[{"selector":{"controlType":"sap.m.StandardListItem","viewName":"reusables.view.manageresources.NewResourceUnit","viewId":"application-manageresources-display-component---newResourceUnit","properties":{"title":"Gram"},"searchOpenDialogs":true,"interaction":{"idSuffix":"content"}},"wdio_ui5_key":"reusablesview.manageresources.NewResourceUnitsap.m.StandardListItem{\"title\":\"Gram\"}"}]}
RESULT: undefined
COMMAND: POST /session/eac9b0d7e8ced2053dbc37a41f3ce9ab/element - {"using":"xpath","value":"//*[@id=\"__item249\"]"}
RESULT: {}
RESULT: {"using":"xpath","value":"//*[@id=\"__item249\"]"}
COMMAND: POST /session/eac9b0d7e8ced2053dbc37a41f3ce9ab/element/f.6F465290622CE65C200047306CC70E60.d.EACA10144217BD9CC97FC9FB7039496E.e.6683/click - {}
RESULT: {}
COMMAND: GET /session/eac9b0d7e8ced2053dbc37a41f3ce9ab/screenshot - {}
RESULT: {}
COMMAND: POST /session/eac9b0d7e8ced2053dbc37a41f3ce9ab/execute/async - {"script":"<script> [1562 bytes]","args":[{"selector":{"id":"application-manageresources-display-component---newResourceUnit--newRRUPage-OPHeaderContent-collapseBtn-img"},"wdio_ui5_key":"applicationmanageresources-display-component---newResourceUnit--newRRUPage-OPHeaderContent-collapseBtn-img"}]}
RESULT: {"script":"<script> [1562 bytes]","args":[{"selector":{"id":"application-manageresources-display-component---newResourceUnit--newRRUPage-OPHeaderContent-collapseBtn-img"},"wdio_ui5_key":"applicationmanageresources-display-component---newResourceUnit--newRRUPage-OPHeaderContent-collapseBtn-img"}]}
RESULT: undefined
COMMAND: POST /session/eac9b0d7e8ced2053dbc37a41f3ce9ab/element - {"using":"xpath","value":"//*[@id=\"application-manageresources-display-component---newResourceUnit--newRRUPage-OPHeaderContent-collapseBtn-img\"]"}
RESULT: {"using":"xpath","value":"//*[@id=\"application-manageresources-display-component---newResourceUnit--newRRUPage-OPHeaderContent-collapseBtn-img\"]"}
COMMAND: POST /session/eac9b0d7e8ced2053dbc37a41f3ce9ab/element/f.6F465290622CE65C200047306CC70E60.d.EACA10144217BD9CC97FC9FB7039496E.e.6631/click - {}
RESULT: {}
COMMAND: GET /session/eac9b0d7e8ced2053dbc37a41f3ce9ab/screenshot - {}
RESULT: {}
COMMAND: POST /session/eac9b0d7e8ced2053dbc37a41f3ce9ab/element - {"using":"xpath","value":"(//span[contains(@id ,\"application-manageresources-display-component---newResourceUnit--DIMENSION_UNIT-arrow\")])[1]"}
RESULT: {"using":"xpath","value":"(//span[contains(@id ,\"application-manageresources-display-component---newResourceUnit--DIMENSION_UNIT-arrow\")])[1]"}
COMMAND: POST /session/eac9b0d7e8ced2053dbc37a41f3ce9ab/element/f.6F465290622CE65C200047306CC70E60.d.EACA10144217BD9CC97FC9FB7039496E.e.6689/click - {}
RESULT: {}
COMMAND: GET /session/eac9b0d7e8ced2053dbc37a41f3ce9ab/screenshot - {}
RESULT: {}
COMMAND: POST /session/eac9b0d7e8ced2053dbc37a41f3ce9ab/execute/async - {"script":"<script> [1562 bytes]","args":[{"selector":{"controlType":"sap.m.StandardListItem","viewName":"reusables.view.manageresources.NewResourceUnit","viewId":"application-manageresources-display-component---newResourceUnit","properties":{"title":"Centimeter"},"searchOpenDialogs":true,"interaction":{"idSuffix":"titleText"}},"wdio_ui5_key":"reusablesview.manageresources.NewResourceUnitsap.m.StandardListItem{\"title\":\"Centimeter\"}"}]}
RESULT: {"script":"<script> [1562 bytes]","args":[{"selector":{"controlType":"sap.m.StandardListItem","viewName":"reusables.view.manageresources.NewResourceUnit","viewId":"application-manageresources-display-component---newResourceUnit","properties":{"title":"Centimeter"},"searchOpenDialogs":true,"interaction":{"idSuffix":"titleText"}},"wdio_ui5_key":"reusablesview.manageresources.NewResourceUnitsap.m.StandardListItem{\"title\":\"Centimeter\"}"}]}
RESULT: undefined
COMMAND: POST /session/eac9b0d7e8ced2053dbc37a41f3ce9ab/element - {"using":"xpath","value":"//*[@id=\"__item252\"]"}
RESULT: {"using":"xpath","value":"//*[@id=\"__item252\"]"}
COMMAND: POST /session/eac9b0d7e8ced2053dbc37a41f3ce9ab/element/f.6F465290622CE65C200047306CC70E60.d.EACA10144217BD9CC97FC9FB7039496E.e.6691/click - {}
RESULT: {}
COMMAND: GET /session/eac9b0d7e8ced2053dbc37a41f3ce9ab/screenshot - {}
RESULT: {}
COMMAND: POST /session/eac9b0d7e8ced2053dbc37a41f3ce9ab/execute/async - {"script":"<script> [1562 bytes]","args":[{"selector":{"id":"application-manageresources-display-component---newResourceUnit--newRRUPage-anchBar-application-manageresources-display-component---newResourceUnit--reference-anchor","interaction":{"idSuffix":"BDI-content"}},"wdio_ui5_key":"applicationmanageresources-display-component---newResourceUnit--newRRUPage-anchBar-application-manageresources-display-component---newResourceUnit--reference-anchor"}]}
RESULT: {"script":"<script> [1562 bytes]","args":[{"selector":{"id":"application-manageresources-display-component---newResourceUnit--newRRUPage-anchBar-application-manageresources-display-component---newResourceUnit--reference-anchor","interaction":{"idSuffix":"BDI-content"}},"wdio_ui5_key":"applicationmanageresources-display-component---newResourceUnit--newRRUPage-anchBar-application-manageresources-display-component---newResourceUnit--reference-anchor"}]}
RESULT: undefined
COMMAND: POST /session/eac9b0d7e8ced2053dbc37a41f3ce9ab/element - {"using":"xpath","value":"//*[@id=\"application-manageresources-display-component---newResourceUnit--newRRUPage-anchBar-application-manageresources-display-component---newResourceUnit--reference-anchor\"]"}
RESULT: {"using":"xpath","value":"//*[@id=\"application-manageresources-display-component---newResourceUnit--newRRUPage-anchBar-application-manageresources-display-component---newResourceUnit--reference-anchor\"]"}
COMMAND: POST /session/eac9b0d7e8ced2053dbc37a41f3ce9ab/element/f.6F465290622CE65C200047306CC70E60.d.EACA10144217BD9CC97FC9FB7039496E.e.6693/click - {}
RESULT: {}
COMMAND: POST /session/eac9b0d7e8ced2053dbc37a41f3ce9ab/execute/async - {"script":"<script> [1562 bytes]","args":[{"selector":{"id":"application-manageresources-display-component---newResourceUnit--PLANNING_GROUP-arrow"},"wdio_ui5_key":"applicationmanageresources-display-component---newResourceUnit--PLANNING_GROUP-arrow"}]}
COMMAND: GET /session/eac9b0d7e8ced2053dbc37a41f3ce9ab/screenshot - {}
RESULT: {"script":"<script> [1562 bytes]","args":[{"selector":{"id":"application-manageresources-display-component---newResourceUnit--PLANNING_GROUP-arrow"},"wdio_ui5_key":"applicationmanageresources-display-component---newResourceUnit--PLANNING_GROUP-arrow"}]}
RESULT: undefined
COMMAND: POST /session/eac9b0d7e8ced2053dbc37a41f3ce9ab/element - {"using":"xpath","value":"//*[@id=\"application-manageresources-display-component---newResourceUnit--PLANNING_GROUP-arrow\"]"}
RESULT: {}
RESULT: {"using":"xpath","value":"//*[@id=\"application-manageresources-display-component---newResourceUnit--PLANNING_GROUP-arrow\"]"}
COMMAND: POST /session/eac9b0d7e8ced2053dbc37a41f3ce9ab/element/f.6F465290622CE65C200047306CC70E60.d.EACA10144217BD9CC97FC9FB7039496E.e.6697/click - {}
RESULT: {}
COMMAND: POST /session/eac9b0d7e8ced2053dbc37a41f3ce9ab/execute/async - {"script":"<script> [1562 bytes]","args":[{"selector":{"controlType":"sap.m.StandardListItem","viewName":"reusables.view.manageresources.NewResourceUnit","viewId":"application-manageresources-display-component---newResourceUnit","properties":{"title":"Heavy Equi"},"searchOpenDialogs":true,"interaction":{"idSuffix":"content"}},"wdio_ui5_key":"reusablesview.manageresources.NewResourceUnitsap.m.StandardListItem{\"title\":\"Heavy Equi\"}"}]}
COMMAND: GET /session/eac9b0d7e8ced2053dbc37a41f3ce9ab/screenshot - {}
RESULT: {"script":"<script> [1562 bytes]","args":[{"selector":{"controlType":"sap.m.StandardListItem","viewName":"reusables.view.manageresources.NewResourceUnit","viewId":"application-manageresources-display-component---newResourceUnit","properties":{"title":"Heavy Equi"},"searchOpenDialogs":true,"interaction":{"idSuffix":"content"}},"wdio_ui5_key":"reusablesview.manageresources.NewResourceUnitsap.m.StandardListItem{\"title\":\"Heavy Equi\"}"}]}
RESULT: undefined
COMMAND: POST /session/eac9b0d7e8ced2053dbc37a41f3ce9ab/element - {"using":"xpath","value":"//*[@id=\"__item260\"]"}
RESULT: {}
RESULT: {"using":"xpath","value":"//*[@id=\"__item260\"]"}
COMMAND: POST /session/eac9b0d7e8ced2053dbc37a41f3ce9ab/element/f.6F465290622CE65C200047306CC70E60.d.EACA10144217BD9CC97FC9FB7039496E.e.6700/click - {}
RESULT: {}
COMMAND: GET /session/eac9b0d7e8ced2053dbc37a41f3ce9ab/screenshot - {}
RESULT: {}
COMMAND: POST /session/eac9b0d7e8ced2053dbc37a41f3ce9ab/execute/async - {"script":"<script> [1562 bytes]","args":[{"selector":{"id":"application-manageresources-display-component---newResourceUnit--PLANNING_INDICATOR-arrow"},"wdio_ui5_key":"applicationmanageresources-display-component---newResourceUnit--PLANNING_INDICATOR-arrow"}]}
RESULT: {"script":"<script> [1562 bytes]","args":[{"selector":{"id":"application-manageresources-display-component---newResourceUnit--PLANNING_INDICATOR-arrow"},"wdio_ui5_key":"applicationmanageresources-display-component---newResourceUnit--PLANNING_INDICATOR-arrow"}]}
RESULT: undefined
COMMAND: POST /session/eac9b0d7e8ced2053dbc37a41f3ce9ab/element - {"using":"xpath","value":"//*[@id=\"application-manageresources-display-component---newResourceUnit--PLANNING_INDICATOR-arrow\"]"}
RESULT: {"using":"xpath","value":"//*[@id=\"application-manageresources-display-component---newResourceUnit--PLANNING_INDICATOR-arrow\"]"}
COMMAND: POST /session/eac9b0d7e8ced2053dbc37a41f3ce9ab/element/f.6F465290622CE65C200047306CC70E60.d.EACA10144217BD9CC97FC9FB7039496E.e.6701/click - {}
RESULT: {}
COMMAND: POST /session/eac9b0d7e8ced2053dbc37a41f3ce9ab/execute/async - {"script":"<script> [1562 bytes]","args":[{"selector":{"controlType":"sap.m.StandardListItem","viewName":"reusables.view.manageresources.NewResourceUnit","viewId":"application-manageresources-display-component---newResourceUnit","properties":{"title":"10 - infinite"},"searchOpenDialogs":true,"interaction":{"idSuffix":"content"}},"wdio_ui5_key":"reusablesview.manageresources.NewResourceUnitsap.m.StandardListItem{\"title\":\"10 - infinite\"}"}]}
COMMAND: GET /session/eac9b0d7e8ced2053dbc37a41f3ce9ab/screenshot - {}
RESULT: {"script":"<script> [1562 bytes]","args":[{"selector":{"controlType":"sap.m.StandardListItem","viewName":"reusables.view.manageresources.NewResourceUnit","viewId":"application-manageresources-display-component---newResourceUnit","properties":{"title":"10 - infinite"},"searchOpenDialogs":true,"interaction":{"idSuffix":"content"}},"wdio_ui5_key":"reusablesview.manageresources.NewResourceUnitsap.m.StandardListItem{\"title\":\"10 - infinite\"}"}]}
RESULT: undefined
COMMAND: POST /session/eac9b0d7e8ced2053dbc37a41f3ce9ab/element - {"using":"xpath","value":"//*[@id=\"__item270\"]"}
RESULT: {}
RESULT: {"using":"xpath","value":"//*[@id=\"__item270\"]"}
COMMAND: POST /session/eac9b0d7e8ced2053dbc37a41f3ce9ab/element/f.6F465290622CE65C200047306CC70E60.d.EACA10144217BD9CC97FC9FB7039496E.e.6703/click - {}
RESULT: {}
COMMAND: GET /session/eac9b0d7e8ced2053dbc37a41f3ce9ab/screenshot - {}
RESULT: {}
COMMAND: POST /session/eac9b0d7e8ced2053dbc37a41f3ce9ab/element - {"using":"xpath","value":"//bdi[contains(text(), \"Time Segment\")]"}
RESULT: {"using":"xpath","value":"//bdi[contains(text(), \"Time Segment\")]"}
COMMAND: GET /session/eac9b0d7e8ced2053dbc37a41f3ce9ab/element/f.6F465290622CE65C200047306CC70E60.d.EACA10144217BD9CC97FC9FB7039496E.e.6704/rect - {}
RESULT: {}
COMMAND: GET /session/eac9b0d7e8ced2053dbc37a41f3ce9ab/window/rect - {}
RESULT: {}
COMMAND: POST /session/eac9b0d7e8ced2053dbc37a41f3ce9ab/execute/sync - {"script":"<script> [92 bytes]","args":[]}
RESULT: {"script":"<script> [92 bytes]","args":[]}
COMMAND: POST /session/eac9b0d7e8ced2053dbc37a41f3ce9ab/actions - {"actions":[{"id":"action19","type":"wheel","parameters":{},"actions":[{"type":"scroll","x":-1804,"y":-21,"deltaX":0,"deltaY":0,"duration":0,"origin":{"element-6066-11e4-a52e-4f735466cecf":"f.6F465290622CE65C200047306CC70E60.d.EACA10144217BD9CC97FC9FB7039496E.e.6704"}}]}]}
COMMAND: GET /session/eac9b0d7e8ced2053dbc37a41f3ce9ab/screenshot - {}
RESULT: {}
COMMAND: POST /session/eac9b0d7e8ced2053dbc37a41f3ce9ab/execute/sync - {"script":"<script> [79 bytes]","args":[{"element-6066-11e4-a52e-4f735466cecf":"f.6F465290622CE65C200047306CC70E60.d.EACA10144217BD9CC97FC9FB7039496E.e.6704","ELEMENT":"f.6F465290622CE65C200047306CC70E60.d.EACA10144217BD9CC97FC9FB7039496E.e.6704"},{"block":"start","inline":"nearest"}]}
RESULT: {"script":"<script> [79 bytes]","args":[{"element-6066-11e4-a52e-4f735466cecf":"f.6F465290622CE65C200047306CC70E60.d.EACA10144217BD9CC97FC9FB7039496E.e.6704","ELEMENT":"f.6F465290622CE65C200047306CC70E60.d.EACA10144217BD9CC97FC9FB7039496E.e.6704"},{"block":"start","inline":"nearest"}]}
COMMAND: GET /session/eac9b0d7e8ced2053dbc37a41f3ce9ab/screenshot - {}
RESULT: {}
COMMAND: POST /session/eac9b0d7e8ced2053dbc37a41f3ce9ab/element - {"using":"xpath","value":"//span[@id=\"application-manageresources-display-component---newResourceUnit--btnAddTimeSegment-img\"]"}
RESULT: {"using":"xpath","value":"//span[@id=\"application-manageresources-display-component---newResourceUnit--btnAddTimeSegment-img\"]"}
COMMAND: POST /session/eac9b0d7e8ced2053dbc37a41f3ce9ab/execute/sync - {"script":"<script> [8489 bytes]","args":[{"element-6066-11e4-a52e-4f735466cecf":"f.6F465290622CE65C200047306CC70E60.d.EACA10144217BD9CC97FC9FB7039496E.e.6707","ELEMENT":"f.6F465290622CE65C200047306CC70E60.d.EACA10144217BD9CC97FC9FB7039496E.e.6707"}]}
RESULT: {"script":"<script> [8489 bytes]","args":[{"element-6066-11e4-a52e-4f735466cecf":"f.6F465290622CE65C200047306CC70E60.d.EACA10144217BD9CC97FC9FB7039496E.e.6707","ELEMENT":"f.6F465290622CE65C200047306CC70E60.d.EACA10144217BD9CC97FC9FB7039496E.e.6707"}]}
COMMAND: POST /session/eac9b0d7e8ced2053dbc37a41f3ce9ab/element/f.6F465290622CE65C200047306CC70E60.d.EACA10144217BD9CC97FC9FB7039496E.e.6707/click - {}
COMMAND: GET /session/eac9b0d7e8ced2053dbc37a41f3ce9ab/screenshot - {}
RESULT: {}
RESULT: {}
COMMAND: GET /session/eac9b0d7e8ced2053dbc37a41f3ce9ab/screenshot - {}
COMMAND: POST /session/eac9b0d7e8ced2053dbc37a41f3ce9ab/element - {"using":"xpath","value":"//input[@id=\"application-manageresources-display-component---newResourceUnit--idRuTSAdmin-application-manageresources-display-component---newResourceUnit--RUTimeSegment-0-inner\"]"}
RESULT: {}
RESULT: {"using":"xpath","value":"//input[@id=\"application-manageresources-display-component---newResourceUnit--idRuTSAdmin-application-manageresources-display-component---newResourceUnit--RUTimeSegment-0-inner\"]"}
COMMAND: POST /session/eac9b0d7e8ced2053dbc37a41f3ce9ab/element/f.6F465290622CE65C200047306CC70E60.d.EACA10144217BD9CC97FC9FB7039496E.e.6710/clear - {}
RESULT: {}
COMMAND: POST /session/eac9b0d7e8ced2053dbc37a41f3ce9ab/element/f.6F465290622CE65C200047306CC70E60.d.EACA10144217BD9CC97FC9FB7039496E.e.6710/value - {"text":"414"}
COMMAND: GET /session/eac9b0d7e8ced2053dbc37a41f3ce9ab/screenshot - {}
RESULT: {"text":"414"}
COMMAND: GET /session/eac9b0d7e8ced2053dbc37a41f3ce9ab/screenshot - {}
RESULT: {}
RESULT: {}
COMMAND: POST /session/eac9b0d7e8ced2053dbc37a41f3ce9ab/actions - {"actions":[{"id":"action20","type":"key","parameters":{},"actions":[{"type":"keyDown","value":"î€‡"},{"type":"pause","duration":10},{"type":"keyUp","value":"î€‡"}]}]}
RESULT: {"actions":[{"id":"action20","type":"key","parameters":{},"actions":[{"type":"keyDown","value":"î€‡"},{"type":"pause","duration":10},{"type":"keyUp","value":"î€‡"}]}]}
COMMAND: POST /session/eac9b0d7e8ced2053dbc37a41f3ce9ab/execute/async - {"script":"<script> [1562 bytes]","args":[{"selector":{"controlType":"sap.m.Button","viewName":"reusables.view.manageresources.NewResourceUnit","viewId":"application-manageresources-display-component---newResourceUnit","i18NText":{"propertyName":"tooltip","key":"save"},"interaction":{"idSuffix":"BDI-content"}},"wdio_ui5_key":"reusablesview.manageresources.NewResourceUnitsap.m.Button{\"propertyName\":\"tooltip\",\"key\":\"save\"}"}]}
COMMAND: GET /session/eac9b0d7e8ced2053dbc37a41f3ce9ab/screenshot - {}
RESULT: {"script":"<script> [1562 bytes]","args":[{"selector":{"controlType":"sap.m.Button","viewName":"reusables.view.manageresources.NewResourceUnit","viewId":"application-manageresources-display-component---newResourceUnit","i18NText":{"propertyName":"tooltip","key":"save"},"interaction":{"idSuffix":"BDI-content"}},"wdio_ui5_key":"reusablesview.manageresources.NewResourceUnitsap.m.Button{\"propertyName\":\"tooltip\",\"key\":\"save\"}"}]}
RESULT: undefined
COMMAND: POST /session/eac9b0d7e8ced2053dbc37a41f3ce9ab/element - {"using":"xpath","value":"//*[@id=\"application-manageresources-display-component---newResourceUnit--createRuButton\"]"}
RESULT: {}
RESULT: {"using":"xpath","value":"//*[@id=\"application-manageresources-display-component---newResourceUnit--createRuButton\"]"}
COMMAND: POST /session/eac9b0d7e8ced2053dbc37a41f3ce9ab/element/f.6F465290622CE65C200047306CC70E60.d.EACA10144217BD9CC97FC9FB7039496E.e.6637/click - {}
RESULT: {}
COMMAND: GET /session/eac9b0d7e8ced2053dbc37a41f3ce9ab/screenshot - {}
RESULT: {}
COMMAND: POST /session/eac9b0d7e8ced2053dbc37a41f3ce9ab/execute/async - {"script":"<script> [1562 bytes]","args":[{"selector":{"controlType":"sap.m.Title","properties":{"text":"Success"},"searchOpenDialogs":true},"wdio_ui5_key":"sapm.Title{\"text\":\"Success\"}"}]}
RESULT: {"script":"<script> [1562 bytes]","args":[{"selector":{"controlType":"sap.m.Title","properties":{"text":"Success"},"searchOpenDialogs":true},"wdio_ui5_key":"sapm.Title{\"text\":\"Success\"}"}]}
RESULT: undefined
COMMAND: POST /session/eac9b0d7e8ced2053dbc37a41f3ce9ab/execute/async - {"script":"<script> [6424 bytes]","args":[{"element-6066-11e4-a52e-4f735466cecf":"f.6F465290622CE65C200047306CC70E60.d.EACA10144217BD9CC97FC9FB7039496E.e.6725"},"getText",[]]}
RESULT: {"script":"<script> [6424 bytes]","args":[{"element-6066-11e4-a52e-4f735466cecf":"f.6F465290622CE65C200047306CC70E60.d.EACA10144217BD9CC97FC9FB7039496E.e.6725"},"getText",[]]}
COMMAND: POST /session/eac9b0d7e8ced2053dbc37a41f3ce9ab/element - {"using":"xpath","value":"//*[contains(@id, '__text') and (contains(text(), 'successfully created') or contains(., 'successfully created'))]"}
RESULT: {"using":"xpath","value":"//*[contains(@id, '__text') and (contains(text(), 'successfully created') or contains(., 'successfully created'))]"}
COMMAND: GET /session/eac9b0d7e8ced2053dbc37a41f3ce9ab/element/f.6F465290622CE65C200047306CC70E60.d.EACA10144217BD9CC97FC9FB7039496E.e.6724/text - {}
RESULT: {}
COMMAND: POST /session/eac9b0d7e8ced2053dbc37a41f3ce9ab/execute/async - {"script":"<script> [1562 bytes]","args":[{"selector":{"controlType":"sap.m.Button","properties":{"text":"Close"},"searchOpenDialogs":true,"interaction":{"idSuffix":"BDI-content"}},"wdio_ui5_key":"sapm.Button{\"text\":\"Close\"}"}]}
RESULT: {"script":"<script> [1562 bytes]","args":[{"selector":{"controlType":"sap.m.Button","properties":{"text":"Close"},"searchOpenDialogs":true,"interaction":{"idSuffix":"BDI-content"}},"wdio_ui5_key":"sapm.Button{\"text\":\"Close\"}"}]}
RESULT: undefined
COMMAND: POST /session/eac9b0d7e8ced2053dbc37a41f3ce9ab/element - {"using":"xpath","value":"//*[@id=\"__mbox-btn-0\"]"}
RESULT: {"using":"xpath","value":"//*[@id=\"__mbox-btn-0\"]"}
COMMAND: POST /session/eac9b0d7e8ced2053dbc37a41f3ce9ab/element/f.6F465290622CE65C200047306CC70E60.d.EACA10144217BD9CC97FC9FB7039496E.e.6721/click - {}
RESULT: {}
COMMAND: GET /session/eac9b0d7e8ced2053dbc37a41f3ce9ab/screenshot - {}
RESULT: {}
COMMAND: POST /session/eac9b0d7e8ced2053dbc37a41f3ce9ab/execute/async - {"script":"<script> [1562 bytes]","args":[{"selector":{"controlType":"sap.ui.core.Icon","viewName":"etm.portal.ui.manageresources.view.Detail","viewId":"application-manageresources-display-component---detailRU","properties":{"src":{"regex":{"source":"overflow"}}}},"wdio_ui5_key":"etmportal.ui.manageresources.view.Detailsap.ui.core.Icon{\"src\":{\"regex\":{\"source\":\"overflow\"}}}"}]}
RESULT: {"script":"<script> [1562 bytes]","args":[{"selector":{"controlType":"sap.ui.core.Icon","viewName":"etm.portal.ui.manageresources.view.Detail","viewId":"application-manageresources-display-component---detailRU","properties":{"src":{"regex":{"source":"overflow"}}}},"wdio_ui5_key":"etmportal.ui.manageresources.view.Detailsap.ui.core.Icon{\"src\":{\"regex\":{\"source\":\"overflow\"}}}"}]}
RESULT: undefined
COMMAND: POST /session/eac9b0d7e8ced2053dbc37a41f3ce9ab/element - {"using":"xpath","value":"//*[@id=\"__title14-_actionsToolbar-overflowButton-img\"]"}
RESULT: {"using":"xpath","value":"//*[@id=\"__title14-_actionsToolbar-overflowButton-img\"]"}
COMMAND: POST /session/eac9b0d7e8ced2053dbc37a41f3ce9ab/element/f.6F465290622CE65C200047306CC70E60.d.EACA10144217BD9CC97FC9FB7039496E.e.6755/click - {}
RESULT: {}
COMMAND: POST /session/eac9b0d7e8ced2053dbc37a41f3ce9ab/execute/async - {"script":"<script> [1562 bytes]","args":[{"selector":{"controlType":"sap.m.Button","viewName":"etm.portal.ui.manageresources.view.Detail","viewId":"application-manageresources-display-component---detailRU","i18NText":{"propertyName":"tooltip","key":"closeColumn"},"searchOpenDialogs":true,"interaction":{"idSuffix":"inner"}},"wdio_ui5_key":"etmportal.ui.manageresources.view.Detailsap.m.Button{\"propertyName\":\"tooltip\",\"key\":\"closeColumn\"}"}]}
COMMAND: GET /session/eac9b0d7e8ced2053dbc37a41f3ce9ab/screenshot - {}
RESULT: {"script":"<script> [1562 bytes]","args":[{"selector":{"controlType":"sap.m.Button","viewName":"etm.portal.ui.manageresources.view.Detail","viewId":"application-manageresources-display-component---detailRU","i18NText":{"propertyName":"tooltip","key":"closeColumn"},"searchOpenDialogs":true,"interaction":{"idSuffix":"inner"}},"wdio_ui5_key":"etmportal.ui.manageresources.view.Detailsap.m.Button{\"propertyName\":\"tooltip\",\"key\":\"closeColumn\"}"}]}
RESULT: undefined
COMMAND: POST /session/eac9b0d7e8ced2053dbc37a41f3ce9ab/element - {"using":"xpath","value":"//*[@id=\"__button39\"]"}
RESULT: {}
RESULT: {"using":"xpath","value":"//*[@id=\"__button39\"]"}
COMMAND: POST /session/eac9b0d7e8ced2053dbc37a41f3ce9ab/element/f.6F465290622CE65C200047306CC70E60.d.EACA10144217BD9CC97FC9FB7039496E.e.6757/click - {}
RESULT: {}
COMMAND: POST /session/eac9b0d7e8ced2053dbc37a41f3ce9ab/element - {"using":"css selector","value":"#j_username"}
COMMAND: POST /session/eac9b0d7e8ced2053dbc37a41f3ce9ab/url - {"url":"https://qa-testing-00-live-etm-ui.cfapps.eu10-004.hana.ondemand.com/"}
COMMAND: GET /session/eac9b0d7e8ced2053dbc37a41f3ce9ab/screenshot - {}
RESULT: {"url":"https://qa-testing-00-live-etm-ui.cfapps.eu10-004.hana.ondemand.com/"}
RESULT: undefined
COMMAND: GET /session/eac9b0d7e8ced2053dbc37a41f3ce9ab/screenshot - {}
RESULT: {"using":"css selector","value":"#j_username"}
COMMAND: POST /session/eac9b0d7e8ced2053dbc37a41f3ce9ab/element - {"using":"css selector","value":"#j_username"}
RESULT: {}
RESULT: {}
RESULT: {"using":"css selector","value":"#j_username"}
COMMAND: POST /session/eac9b0d7e8ced2053dbc37a41f3ce9ab/element - {"using":"css selector","value":"#shell-header-logo"}
RESULT: {"using":"css selector","value":"#shell-header-logo"}
COMMAND: POST /session/eac9b0d7e8ced2053dbc37a41f3ce9ab/execute/sync - {"script":"<script> [8489 bytes]","args":[{"element-6066-11e4-a52e-4f735466cecf":"f.6F465290622CE65C200047306CC70E60.d.FCE78D9B8946A088C2C5D1897A2B9AB0.e.6769","ELEMENT":"f.6F465290622CE65C200047306CC70E60.d.FCE78D9B8946A088C2C5D1897A2B9AB0.e.6769"}]}
RESULT: {"script":"<script> [8489 bytes]","args":[{"element-6066-11e4-a52e-4f735466cecf":"f.6F465290622CE65C200047306CC70E60.d.FCE78D9B8946A088C2C5D1897A2B9AB0.e.6769","ELEMENT":"f.6F465290622CE65C200047306CC70E60.d.FCE78D9B8946A088C2C5D1897A2B9AB0.e.6769"}]}
COMMAND: POST /session/eac9b0d7e8ced2053dbc37a41f3ce9ab/element - {"using":"css selector","value":"#shell-header-logo"}
COMMAND: GET /session/eac9b0d7e8ced2053dbc37a41f3ce9ab/screenshot - {}
RESULT: {"using":"css selector","value":"#shell-header-logo"}
COMMAND: POST /session/eac9b0d7e8ced2053dbc37a41f3ce9ab/execute/sync - {"script":"<script> [8489 bytes]","args":[{"element-6066-11e4-a52e-4f735466cecf":"f.6F465290622CE65C200047306CC70E60.d.FCE78D9B8946A088C2C5D1897A2B9AB0.e.6769","ELEMENT":"f.6F465290622CE65C200047306CC70E60.d.FCE78D9B8946A088C2C5D1897A2B9AB0.e.6769"}]}
RESULT: {}
RESULT: {"script":"<script> [8489 bytes]","args":[{"element-6066-11e4-a52e-4f735466cecf":"f.6F465290622CE65C200047306CC70E60.d.FCE78D9B8946A088C2C5D1897A2B9AB0.e.6769","ELEMENT":"f.6F465290622CE65C200047306CC70E60.d.FCE78D9B8946A088C2C5D1897A2B9AB0.e.6769"}]}
COMMAND: POST /session/eac9b0d7e8ced2053dbc37a41f3ce9ab/execute/sync - {"script":"<script> [5351 bytes]","args":[{"element-6066-11e4-a52e-4f735466cecf":"f.6F465290622CE65C200047306CC70E60.d.FCE78D9B8946A088C2C5D1897A2B9AB0.e.6769","ELEMENT":"f.6F465290622CE65C200047306CC70E60.d.FCE78D9B8946A088C2C5D1897A2B9AB0.e.6769"}]}
COMMAND: GET /session/eac9b0d7e8ced2053dbc37a41f3ce9ab/screenshot - {}
RESULT: {"script":"<script> [5351 bytes]","args":[{"element-6066-11e4-a52e-4f735466cecf":"f.6F465290622CE65C200047306CC70E60.d.FCE78D9B8946A088C2C5D1897A2B9AB0.e.6769","ELEMENT":"f.6F465290622CE65C200047306CC70E60.d.FCE78D9B8946A088C2C5D1897A2B9AB0.e.6769"}]}
COMMAND: POST /session/eac9b0d7e8ced2053dbc37a41f3ce9ab/element - {"using":"css selector","value":"#shell-header-logo"}
COMMAND: GET /session/eac9b0d7e8ced2053dbc37a41f3ce9ab/screenshot - {}
RESULT: {}
RESULT: {"using":"css selector","value":"#shell-header-logo"}
COMMAND: POST /session/eac9b0d7e8ced2053dbc37a41f3ce9ab/element/f.6F465290622CE65C200047306CC70E60.d.FCE78D9B8946A088C2C5D1897A2B9AB0.e.6769/click - {}
RESULT: {}
RESULT: {}
COMMAND: GET /session/eac9b0d7e8ced2053dbc37a41f3ce9ab/screenshot - {}
RESULT: {}
COMMAND: POST /session/eac9b0d7e8ced2053dbc37a41f3ce9ab/execute/async - {"script":"<script> [189 bytes]","args":[]}
RESULT: {"script":"<script> [189 bytes]","args":[]}
COMMAND: POST /session/eac9b0d7e8ced2053dbc37a41f3ce9ab/execute/async - {"script":"<script> [123 bytes]","args":[]}
RESULT: {"script":"<script> [123 bytes]","args":[]}
COMMAND: POST /session/eac9b0d7e8ced2053dbc37a41f3ce9ab/timeouts - {"script":"<number>"}
RESULT: {"script":"<number>"}
COMMAND: GET /session/eac9b0d7e8ced2053dbc37a41f3ce9ab/timeouts - {}
RESULT: {}
RESULT: undefined
COMMAND: POST /session/eac9b0d7e8ced2053dbc37a41f3ce9ab/execute/async - {"script":"<script> [2676 bytes]","args":[]}
RESULT: {"script":"<script> [2676 bytes]","args":[]}
COMMAND: POST /session/eac9b0d7e8ced2053dbc37a41f3ce9ab/execute/async - {"script":"<script> [2342 bytes]","args":[{"protocol":"http","hostname":"0.0.0.0","path":"/","capabilities":{"browserName":"chrome","goog:chromeOptions":{"binary":"C:\\Program Files\\Google\\Chrome\\Application\\chrome.exe","args":["--start-maximized"]}},"logLevel":"warn","connectionRetryTimeout":120000,"connectionRetryCount":3,"logLevels":{},"enableDirectConnect":true,"strictSSL":true,"_":"65 more keys: [\"cacheDir\",\"port\",\"requestedCapabilities\",\"automationProtocol\",\"baseUrl\",\"waitforInterval\",\"waitforTimeout\",\"onReload\",\"beforeCommand\",\"afterCommand\",\"rootDir\",\"specs\",\"suites\",\"exclude\",\"groupLogsByTestSpec\",\"excludeDriverLogs\",\"bail\",\"framework\",\"reporters\",\"services\",\"maxInstances\",\"maxInstancesPerCapability\",\"injectGlobals\",\"filesToWatch\",\"execArgv\",\"runnerEnv\",\"runner\",\"shard\",\"specFileRetries\",\"specFileRetriesDelay\",\"specFileRetriesDeferred\",\"reporterSyncInterval\",\"reporterSyncTimeout\",\"cucumberFeaturesWithLineNumbers\",\"autoCompileOpts\",\"mochaOpts\",\"jasmineOpts\",\"cucumberOpts\",\"onPrepare\",\"onWorkerStart\",\"onWorkerEnd\",\"before\",\"beforeSession\",\"beforeSuite\",\"beforeHook\",\"beforeTest\",\"afterTest\",\"afterHook\",\"afterSuite\",\"afterSession\",\"after\",\"onComplete\",\"beforeAssertion\",\"afterAssertion\",\"beforeFeature\",\"beforeScenario\",\"beforeStep\",\"afterStep\",\"afterScenario\",\"afterFeature\",\"_\",\"suite\",\"$0\",\"ignoredWorkerServices\",\"wdi5\"]"}]}
RESULT: {"script":"<script> [2342 bytes]","args":[{"protocol":"http","hostname":"0.0.0.0","path":"/","capabilities":{"browserName":"chrome","goog:chromeOptions":{"binary":"C:\\Program Files\\Google\\Chrome\\Application\\chrome.exe","args":["--start-maximized"]}},"logLevel":"warn","connectionRetryTimeout":120000,"connectionRetryCount":3,"logLevels":{},"enableDirectConnect":true,"strictSSL":true,"_":"65 more keys: [\"cacheDir\",\"port\",\"requestedCapabilities\",\"automationProtocol\",\"baseUrl\",\"waitforInterval\",\"waitforTimeout\",\"onReload\",\"beforeCommand\",\"afterCommand\",\"rootDir\",\"specs\",\"suites\",\"exclude\",\"groupLogsByTestSpec\",\"excludeDriverLogs\",\"bail\",\"framework\",\"reporters\",\"services\",\"maxInstances\",\"maxInstancesPerCapability\",\"injectGlobals\",\"filesToWatch\",\"execArgv\",\"runnerEnv\",\"runner\",\"shard\",\"specFileRetries\",\"specFileRetriesDelay\",\"specFileRetriesDeferred\",\"reporterSyncInterval\",\"reporterSyncTimeout\",\"cucumberFeaturesWithLineNumbers\",\"autoCompileOpts\",\"mochaOpts\",\"jasmineOpts\",\"cucumberOpts\",\"onPrepare\",\"onWorkerStart\",\"onWorkerEnd\",\"before\",\"beforeSession\",\"beforeSuite\",\"beforeHook\",\"beforeTest\",\"afterTest\",\"afterHook\",\"afterSuite\",\"afterSession\",\"after\",\"onComplete\",\"beforeAssertion\",\"afterAssertion\",\"beforeFeature\",\"beforeScenario\",\"beforeStep\",\"afterStep\",\"afterScenario\",\"afterFeature\",\"_\",\"suite\",\"$0\",\"ignoredWorkerServices\",\"wdi5\"]"}]}
COMMAND: POST /session/eac9b0d7e8ced2053dbc37a41f3ce9ab/execute/async - {"script":"<script> [21126 bytes]","args":[35000]}
RESULT: {"script":"<script> [21126 bytes]","args":[35000]}
COMMAND: POST /session/eac9b0d7e8ced2053dbc37a41f3ce9ab/window/maximize - {}
RESULT: {}
COMMAND: POST /session/eac9b0d7e8ced2053dbc37a41f3ce9ab/execute/async - {"script":"<script> [1562 bytes]","args":[{"selector":{"id":"shell-header","interaction":{"idSuffix":"icon"}},"wdio_ui5_key":"shellheader"}]}
COMMAND: GET /session/eac9b0d7e8ced2053dbc37a41f3ce9ab/screenshot - {}
RESULT: {"script":"<script> [1562 bytes]","args":[{"selector":{"id":"shell-header","interaction":{"idSuffix":"icon"}},"wdio_ui5_key":"shellheader"}]}
RESULT: undefined
]]></system-out>
    </testcase>
  </testsuite>
  <testsuite timestamp="2025-05-15T17:51:28" time="297.984" tests="1" failures="0" errors="0" skipped="0">
    <properties>
      <property name="specId" value="0" />
      <property name="suiteName" value="create-equipment" />
      <property name="capabilities" value="chrome.136_0_7103_93.windows" />
      <property name="file" value="file:///D:/a/1/s/test/specs/R2C/create-equipment.spec.js" />
    </properties>
    <testcase classname="chrome.136_0_7103_93.windows.create-equipment" name="create equipment" time="279.799">
      <system-out><![CDATA[
COMMAND: POST /session/eac9b0d7e8ced2053dbc37a41f3ce9ab/execute/async - {"script":"<script> [1562 bytes]","args":[{"selector":{"controlType":"sap.m.GenericTile","properties":{"header":"Manage Resources"}},"wdio_ui5_key":"sapm.GenericTile{\"header\":\"Manage Resources\"}"}]}
RESULT: {}
RESULT: {"script":"<script> [1562 bytes]","args":[{"selector":{"controlType":"sap.m.GenericTile","properties":{"header":"Manage Resources"}},"wdio_ui5_key":"sapm.GenericTile{\"header\":\"Manage Resources\"}"}]}
RESULT: undefined
COMMAND: POST /session/eac9b0d7e8ced2053dbc37a41f3ce9ab/element - {"using":"xpath","value":"//*[@id=\"__tile31\"]"}
RESULT: {"using":"xpath","value":"//*[@id=\"__tile31\"]"}
COMMAND: POST /session/eac9b0d7e8ced2053dbc37a41f3ce9ab/element/f.6F465290622CE65C200047306CC70E60.d.FCE78D9B8946A088C2C5D1897A2B9AB0.e.6789/click - {}
RESULT: {}
COMMAND: GET /session/eac9b0d7e8ced2053dbc37a41f3ce9ab/screenshot - {}
RESULT: {}
COMMAND: POST /session/eac9b0d7e8ced2053dbc37a41f3ce9ab/elements - {"using":"xpath","value":"//span[text()='Error']"}
RESULT: {"using":"xpath","value":"//span[text()='Error']"}
COMMAND: POST /session/eac9b0d7e8ced2053dbc37a41f3ce9ab/element - {"using":"xpath","value":"//button[@data-kt=\"addNewRUOverflowToolbarButton\"]"}
RESULT: {"using":"xpath","value":"//button[@data-kt=\"addNewRUOverflowToolbarButton\"]"}
COMMAND: POST /session/eac9b0d7e8ced2053dbc37a41f3ce9ab/element - {"using":"xpath","value":"//button[@data-kt=\"addNewRUOverflowToolbarButton\"]"}
RESULT: {"using":"xpath","value":"//button[@data-kt=\"addNewRUOverflowToolbarButton\"]"}
COMMAND: POST /session/eac9b0d7e8ced2053dbc37a41f3ce9ab/element - {"using":"xpath","value":"//button[@data-kt=\"addNewRUOverflowToolbarButton\"]"}
RESULT: {"using":"xpath","value":"//button[@data-kt=\"addNewRUOverflowToolbarButton\"]"}
COMMAND: POST /session/eac9b0d7e8ced2053dbc37a41f3ce9ab/element - {"using":"xpath","value":"//button[@data-kt=\"addNewRUOverflowToolbarButton\"]"}
RESULT: {"using":"xpath","value":"//button[@data-kt=\"addNewRUOverflowToolbarButton\"]"}
COMMAND: POST /session/eac9b0d7e8ced2053dbc37a41f3ce9ab/element - {"using":"xpath","value":"//button[@data-kt=\"addNewRUOverflowToolbarButton\"]"}
RESULT: {"using":"xpath","value":"//button[@data-kt=\"addNewRUOverflowToolbarButton\"]"}
COMMAND: POST /session/eac9b0d7e8ced2053dbc37a41f3ce9ab/element - {"using":"xpath","value":"//button[@data-kt=\"addNewRUOverflowToolbarButton\"]"}
RESULT: {"using":"xpath","value":"//button[@data-kt=\"addNewRUOverflowToolbarButton\"]"}
COMMAND: POST /session/eac9b0d7e8ced2053dbc37a41f3ce9ab/element - {"using":"xpath","value":"//button[@data-kt=\"addNewRUOverflowToolbarButton\"]"}
RESULT: {"using":"xpath","value":"//button[@data-kt=\"addNewRUOverflowToolbarButton\"]"}
COMMAND: POST /session/eac9b0d7e8ced2053dbc37a41f3ce9ab/element - {"using":"xpath","value":"//button[@data-kt=\"addNewRUOverflowToolbarButton\"]"}
RESULT: {"using":"xpath","value":"//button[@data-kt=\"addNewRUOverflowToolbarButton\"]"}
COMMAND: POST /session/eac9b0d7e8ced2053dbc37a41f3ce9ab/element - {"using":"xpath","value":"//button[@data-kt=\"addNewRUOverflowToolbarButton\"]"}
COMMAND: POST /session/eac9b0d7e8ced2053dbc37a41f3ce9ab/execute/async - {"script":"<script> [1562 bytes]","args":[{"selector":{"controlType":"sap.ui.core.Icon","viewName":"etm.portal.ui.manageresources.view.Master","viewId":"application-manageresources-display-component---masterRU","properties":{"src":{"regex":{"source":"add"}}}},"wdio_ui5_key":"etmportal.ui.manageresources.view.Mastersap.ui.core.Icon{\"src\":{\"regex\":{\"source\":\"add\"}}}"}]}
RESULT: {"using":"xpath","value":"//button[@data-kt=\"addNewRUOverflowToolbarButton\"]"}
RESULT: {"script":"<script> [1562 bytes]","args":[{"selector":{"controlType":"sap.ui.core.Icon","viewName":"etm.portal.ui.manageresources.view.Master","viewId":"application-manageresources-display-component---masterRU","properties":{"src":{"regex":{"source":"add"}}}},"wdio_ui5_key":"etmportal.ui.manageresources.view.Mastersap.ui.core.Icon{\"src\":{\"regex\":{\"source\":\"add\"}}}"}]}
RESULT: undefined
COMMAND: POST /session/eac9b0d7e8ced2053dbc37a41f3ce9ab/element - {"using":"xpath","value":"//*[@id=\"__button5-img\"]"}
RESULT: {"using":"xpath","value":"//*[@id=\"__button5-img\"]"}
COMMAND: POST /session/eac9b0d7e8ced2053dbc37a41f3ce9ab/element/f.6F465290622CE65C200047306CC70E60.d.FCE78D9B8946A088C2C5D1897A2B9AB0.e.6928/click - {}
RESULT: {}
COMMAND: GET /session/eac9b0d7e8ced2053dbc37a41f3ce9ab/screenshot - {}
RESULT: {}
COMMAND: POST /session/eac9b0d7e8ced2053dbc37a41f3ce9ab/execute/async - {"script":"<script> [1562 bytes]","args":[{"selector":{"controlType":"sap.m.ComboBox","viewName":"reusables.view.manageresources.NewResourceUnit","viewId":"application-manageresources-display-component---newResourceUnit","bindingPath":{"path":"","propertyPath":"/RuTypes","modelName":"catalogModel"},"searchOpenDialogs":true},"wdio_ui5_key":"reusablesview.manageresources.NewResourceUnitsap.m.ComboBox{\"path\":\"\",\"propertyPath\":\"/RuTypes\",\"modelName\":\"catalogModel\"}"}]}
RESULT: {"script":"<script> [1562 bytes]","args":[{"selector":{"controlType":"sap.m.ComboBox","viewName":"reusables.view.manageresources.NewResourceUnit","viewId":"application-manageresources-display-component---newResourceUnit","bindingPath":{"path":"","propertyPath":"/RuTypes","modelName":"catalogModel"},"searchOpenDialogs":true},"wdio_ui5_key":"reusablesview.manageresources.NewResourceUnitsap.m.ComboBox{\"path\":\"\",\"propertyPath\":\"/RuTypes\",\"modelName\":\"catalogModel\"}"}]}
RESULT: undefined
COMMAND: POST /session/eac9b0d7e8ced2053dbc37a41f3ce9ab/execute/async - {"script":"<script> [1562 bytes]","args":[{"selector":{"controlType":"sap.m.ComboBox","viewName":"reusables.view.manageresources.NewResourceUnit","viewId":"application-manageresources-display-component---newResourceUnit","bindingPath":{"path":"","propertyPath":"/Yards","modelName":"catalogModel"},"searchOpenDialogs":true},"wdio_ui5_key":"reusablesview.manageresources.NewResourceUnitsap.m.ComboBox{\"path\":\"\",\"propertyPath\":\"/Yards\",\"modelName\":\"catalogModel\"}"}]}
RESULT: {"script":"<script> [1562 bytes]","args":[{"selector":{"controlType":"sap.m.ComboBox","viewName":"reusables.view.manageresources.NewResourceUnit","viewId":"application-manageresources-display-component---newResourceUnit","bindingPath":{"path":"","propertyPath":"/Yards","modelName":"catalogModel"},"searchOpenDialogs":true},"wdio_ui5_key":"reusablesview.manageresources.NewResourceUnitsap.m.ComboBox{\"path\":\"\",\"propertyPath\":\"/Yards\",\"modelName\":\"catalogModel\"}"}]}
RESULT: undefined
COMMAND: POST /session/eac9b0d7e8ced2053dbc37a41f3ce9ab/execute/async - {"script":"<script> [1562 bytes]","args":[{"selector":{"controlType":"etm.portal.ui.reusables.customControls.LiveSearchComboBox","viewName":"reusables.view.manageresources.NewResourceUnit","viewId":"application-manageresources-display-component---newResourceUnit","bindingPath":{"path":"","propertyPath":"/CatalogItems","modelName":"catalogModel"},"searchOpenDialogs":true},"wdio_ui5_key":"reusablesview.manageresources.NewResourceUnitetm.portal.ui.reusables.customControls.LiveSearchComboBox{\"path\":\"\",\"propertyPath\":\"/CatalogItems\",\"modelName\":\"catalogModel\"}"}]}
RESULT: {"script":"<script> [1562 bytes]","args":[{"selector":{"controlType":"etm.portal.ui.reusables.customControls.LiveSearchComboBox","viewName":"reusables.view.manageresources.NewResourceUnit","viewId":"application-manageresources-display-component---newResourceUnit","bindingPath":{"path":"","propertyPath":"/CatalogItems","modelName":"catalogModel"},"searchOpenDialogs":true},"wdio_ui5_key":"reusablesview.manageresources.NewResourceUnitetm.portal.ui.reusables.customControls.LiveSearchComboBox{\"path\":\"\",\"propertyPath\":\"/CatalogItems\",\"modelName\":\"catalogModel\"}"}]}
RESULT: undefined
COMMAND: POST /session/eac9b0d7e8ced2053dbc37a41f3ce9ab/element - {"using":"xpath","value":"//bdi[text()=\"OK\"]"}
RESULT: {"using":"xpath","value":"//bdi[text()=\"OK\"]"}
COMMAND: POST /session/eac9b0d7e8ced2053dbc37a41f3ce9ab/elements - {"using":"xpath","value":"//bdi[text()=\"OK\"]"}
RESULT: {"using":"xpath","value":"//bdi[text()=\"OK\"]"}
COMMAND: POST /session/eac9b0d7e8ced2053dbc37a41f3ce9ab/elements - {"using":"xpath","value":"//bdi[text()=\"OK\"]"}
RESULT: {"using":"xpath","value":"//bdi[text()=\"OK\"]"}
COMMAND: POST /session/eac9b0d7e8ced2053dbc37a41f3ce9ab/elements - {"using":"xpath","value":"//bdi[text()=\"OK\"]"}
RESULT: {"using":"xpath","value":"//bdi[text()=\"OK\"]"}
COMMAND: POST /session/eac9b0d7e8ced2053dbc37a41f3ce9ab/elements - {"using":"xpath","value":"//bdi[text()=\"OK\"]"}
RESULT: {"using":"xpath","value":"//bdi[text()=\"OK\"]"}
COMMAND: POST /session/eac9b0d7e8ced2053dbc37a41f3ce9ab/elements - {"using":"xpath","value":"//bdi[text()=\"OK\"]"}
RESULT: {"using":"xpath","value":"//bdi[text()=\"OK\"]"}
COMMAND: POST /session/eac9b0d7e8ced2053dbc37a41f3ce9ab/elements - {"using":"xpath","value":"//bdi[text()=\"OK\"]"}
RESULT: {"using":"xpath","value":"//bdi[text()=\"OK\"]"}
COMMAND: POST /session/eac9b0d7e8ced2053dbc37a41f3ce9ab/elements - {"using":"xpath","value":"//bdi[text()=\"OK\"]"}
RESULT: {"using":"xpath","value":"//bdi[text()=\"OK\"]"}
COMMAND: POST /session/eac9b0d7e8ced2053dbc37a41f3ce9ab/elements - {"using":"xpath","value":"//bdi[text()=\"OK\"]"}
RESULT: {"using":"xpath","value":"//bdi[text()=\"OK\"]"}
COMMAND: POST /session/eac9b0d7e8ced2053dbc37a41f3ce9ab/elements - {"using":"xpath","value":"//bdi[text()=\"OK\"]"}
RESULT: {"using":"xpath","value":"//bdi[text()=\"OK\"]"}
COMMAND: POST /session/eac9b0d7e8ced2053dbc37a41f3ce9ab/elements - {"using":"xpath","value":"//bdi[text()=\"OK\"]"}
RESULT: {"using":"xpath","value":"//bdi[text()=\"OK\"]"}
COMMAND: POST /session/eac9b0d7e8ced2053dbc37a41f3ce9ab/elements - {"using":"xpath","value":"//bdi[text()=\"OK\"]"}
RESULT: {"using":"xpath","value":"//bdi[text()=\"OK\"]"}
COMMAND: POST /session/eac9b0d7e8ced2053dbc37a41f3ce9ab/elements - {"using":"xpath","value":"//bdi[text()=\"OK\"]"}
RESULT: {"using":"xpath","value":"//bdi[text()=\"OK\"]"}
COMMAND: POST /session/eac9b0d7e8ced2053dbc37a41f3ce9ab/elements - {"using":"xpath","value":"//bdi[text()=\"OK\"]"}
RESULT: {"using":"xpath","value":"//bdi[text()=\"OK\"]"}
COMMAND: POST /session/eac9b0d7e8ced2053dbc37a41f3ce9ab/elements - {"using":"xpath","value":"//bdi[text()=\"OK\"]"}
RESULT: {"using":"xpath","value":"//bdi[text()=\"OK\"]"}
COMMAND: POST /session/eac9b0d7e8ced2053dbc37a41f3ce9ab/elements - {"using":"xpath","value":"//bdi[text()=\"OK\"]"}
RESULT: {"using":"xpath","value":"//bdi[text()=\"OK\"]"}
COMMAND: POST /session/eac9b0d7e8ced2053dbc37a41f3ce9ab/elements - {"using":"xpath","value":"//bdi[text()=\"OK\"]"}
RESULT: {"using":"xpath","value":"//bdi[text()=\"OK\"]"}
COMMAND: POST /session/eac9b0d7e8ced2053dbc37a41f3ce9ab/elements - {"using":"xpath","value":"//bdi[text()=\"OK\"]"}
RESULT: {"using":"xpath","value":"//bdi[text()=\"OK\"]"}
COMMAND: POST /session/eac9b0d7e8ced2053dbc37a41f3ce9ab/elements - {"using":"xpath","value":"//bdi[text()=\"OK\"]"}
RESULT: {"using":"xpath","value":"//bdi[text()=\"OK\"]"}
COMMAND: POST /session/eac9b0d7e8ced2053dbc37a41f3ce9ab/elements - {"using":"xpath","value":"//bdi[text()=\"OK\"]"}
RESULT: {"using":"xpath","value":"//bdi[text()=\"OK\"]"}
COMMAND: POST /session/eac9b0d7e8ced2053dbc37a41f3ce9ab/elements - {"using":"xpath","value":"//bdi[text()=\"OK\"]"}
RESULT: {"using":"xpath","value":"//bdi[text()=\"OK\"]"}
COMMAND: POST /session/eac9b0d7e8ced2053dbc37a41f3ce9ab/elements - {"using":"xpath","value":"//bdi[text()=\"OK\"]"}
RESULT: {"using":"xpath","value":"//bdi[text()=\"OK\"]"}
COMMAND: POST /session/eac9b0d7e8ced2053dbc37a41f3ce9ab/elements - {"using":"xpath","value":"//bdi[text()=\"OK\"]"}
RESULT: {"using":"xpath","value":"//bdi[text()=\"OK\"]"}
COMMAND: POST /session/eac9b0d7e8ced2053dbc37a41f3ce9ab/elements - {"using":"xpath","value":"//bdi[text()=\"OK\"]"}
RESULT: {"using":"xpath","value":"//bdi[text()=\"OK\"]"}
COMMAND: POST /session/eac9b0d7e8ced2053dbc37a41f3ce9ab/elements - {"using":"xpath","value":"//bdi[text()=\"OK\"]"}
RESULT: {"using":"xpath","value":"//bdi[text()=\"OK\"]"}
COMMAND: POST /session/eac9b0d7e8ced2053dbc37a41f3ce9ab/elements - {"using":"xpath","value":"//bdi[text()=\"OK\"]"}
RESULT: {"using":"xpath","value":"//bdi[text()=\"OK\"]"}
COMMAND: POST /session/eac9b0d7e8ced2053dbc37a41f3ce9ab/elements - {"using":"xpath","value":"//bdi[text()=\"OK\"]"}
RESULT: {"using":"xpath","value":"//bdi[text()=\"OK\"]"}
COMMAND: POST /session/eac9b0d7e8ced2053dbc37a41f3ce9ab/elements - {"using":"xpath","value":"//bdi[text()=\"OK\"]"}
RESULT: {"using":"xpath","value":"//bdi[text()=\"OK\"]"}
COMMAND: POST /session/eac9b0d7e8ced2053dbc37a41f3ce9ab/elements - {"using":"xpath","value":"//bdi[text()=\"OK\"]"}
RESULT: {"using":"xpath","value":"//bdi[text()=\"OK\"]"}
COMMAND: POST /session/eac9b0d7e8ced2053dbc37a41f3ce9ab/elements - {"using":"xpath","value":"//bdi[text()=\"OK\"]"}
RESULT: {"using":"xpath","value":"//bdi[text()=\"OK\"]"}
COMMAND: POST /session/eac9b0d7e8ced2053dbc37a41f3ce9ab/elements - {"using":"xpath","value":"//bdi[text()=\"OK\"]"}
RESULT: {"using":"xpath","value":"//bdi[text()=\"OK\"]"}
COMMAND: POST /session/eac9b0d7e8ced2053dbc37a41f3ce9ab/elements - {"using":"xpath","value":"//bdi[text()=\"OK\"]"}
RESULT: {"using":"xpath","value":"//bdi[text()=\"OK\"]"}
COMMAND: POST /session/eac9b0d7e8ced2053dbc37a41f3ce9ab/elements - {"using":"xpath","value":"//bdi[text()=\"OK\"]"}
RESULT: {"using":"xpath","value":"//bdi[text()=\"OK\"]"}
COMMAND: POST /session/eac9b0d7e8ced2053dbc37a41f3ce9ab/elements - {"using":"xpath","value":"//bdi[text()=\"OK\"]"}
RESULT: {"using":"xpath","value":"//bdi[text()=\"OK\"]"}
COMMAND: POST /session/eac9b0d7e8ced2053dbc37a41f3ce9ab/elements - {"using":"xpath","value":"//bdi[text()=\"OK\"]"}
RESULT: {"using":"xpath","value":"//bdi[text()=\"OK\"]"}
COMMAND: POST /session/eac9b0d7e8ced2053dbc37a41f3ce9ab/elements - {"using":"xpath","value":"//bdi[text()=\"OK\"]"}
RESULT: {"using":"xpath","value":"//bdi[text()=\"OK\"]"}
COMMAND: POST /session/eac9b0d7e8ced2053dbc37a41f3ce9ab/elements - {"using":"xpath","value":"//bdi[text()=\"OK\"]"}
RESULT: {"using":"xpath","value":"//bdi[text()=\"OK\"]"}
COMMAND: POST /session/eac9b0d7e8ced2053dbc37a41f3ce9ab/elements - {"using":"xpath","value":"//bdi[text()=\"OK\"]"}
RESULT: {"using":"xpath","value":"//bdi[text()=\"OK\"]"}
COMMAND: POST /session/eac9b0d7e8ced2053dbc37a41f3ce9ab/elements - {"using":"xpath","value":"//bdi[text()=\"OK\"]"}
RESULT: {"using":"xpath","value":"//bdi[text()=\"OK\"]"}
COMMAND: POST /session/eac9b0d7e8ced2053dbc37a41f3ce9ab/elements - {"using":"xpath","value":"//bdi[text()=\"OK\"]"}
RESULT: {"using":"xpath","value":"//bdi[text()=\"OK\"]"}
COMMAND: POST /session/eac9b0d7e8ced2053dbc37a41f3ce9ab/elements - {"using":"xpath","value":"//bdi[text()=\"OK\"]"}
RESULT: {"using":"xpath","value":"//bdi[text()=\"OK\"]"}
COMMAND: POST /session/eac9b0d7e8ced2053dbc37a41f3ce9ab/elements - {"using":"xpath","value":"//bdi[text()=\"OK\"]"}
RESULT: {"using":"xpath","value":"//bdi[text()=\"OK\"]"}
COMMAND: POST /session/eac9b0d7e8ced2053dbc37a41f3ce9ab/elements - {"using":"xpath","value":"//bdi[text()=\"OK\"]"}
RESULT: {"using":"xpath","value":"//bdi[text()=\"OK\"]"}
COMMAND: POST /session/eac9b0d7e8ced2053dbc37a41f3ce9ab/elements - {"using":"xpath","value":"//bdi[text()=\"OK\"]"}
RESULT: {"using":"xpath","value":"//bdi[text()=\"OK\"]"}
COMMAND: POST /session/eac9b0d7e8ced2053dbc37a41f3ce9ab/elements - {"using":"xpath","value":"//bdi[text()=\"OK\"]"}
RESULT: {"using":"xpath","value":"//bdi[text()=\"OK\"]"}
COMMAND: POST /session/eac9b0d7e8ced2053dbc37a41f3ce9ab/elements - {"using":"xpath","value":"//bdi[text()=\"OK\"]"}
RESULT: {"using":"xpath","value":"//bdi[text()=\"OK\"]"}
COMMAND: POST /session/eac9b0d7e8ced2053dbc37a41f3ce9ab/elements - {"using":"xpath","value":"//bdi[text()=\"OK\"]"}
RESULT: {"using":"xpath","value":"//bdi[text()=\"OK\"]"}
COMMAND: POST /session/eac9b0d7e8ced2053dbc37a41f3ce9ab/elements - {"using":"xpath","value":"//bdi[text()=\"OK\"]"}
RESULT: {"using":"xpath","value":"//bdi[text()=\"OK\"]"}
COMMAND: POST /session/eac9b0d7e8ced2053dbc37a41f3ce9ab/elements - {"using":"xpath","value":"//bdi[text()=\"OK\"]"}
RESULT: {"using":"xpath","value":"//bdi[text()=\"OK\"]"}
COMMAND: POST /session/eac9b0d7e8ced2053dbc37a41f3ce9ab/elements - {"using":"xpath","value":"//bdi[text()=\"OK\"]"}
RESULT: {"using":"xpath","value":"//bdi[text()=\"OK\"]"}
COMMAND: POST /session/eac9b0d7e8ced2053dbc37a41f3ce9ab/elements - {"using":"xpath","value":"//bdi[text()=\"OK\"]"}
RESULT: {"using":"xpath","value":"//bdi[text()=\"OK\"]"}
COMMAND: POST /session/eac9b0d7e8ced2053dbc37a41f3ce9ab/elements - {"using":"xpath","value":"//bdi[text()=\"OK\"]"}
RESULT: {"using":"xpath","value":"//bdi[text()=\"OK\"]"}
COMMAND: POST /session/eac9b0d7e8ced2053dbc37a41f3ce9ab/elements - {"using":"xpath","value":"//bdi[text()=\"OK\"]"}
RESULT: {"using":"xpath","value":"//bdi[text()=\"OK\"]"}
COMMAND: POST /session/eac9b0d7e8ced2053dbc37a41f3ce9ab/elements - {"using":"xpath","value":"//bdi[text()=\"OK\"]"}
RESULT: {"using":"xpath","value":"//bdi[text()=\"OK\"]"}
COMMAND: POST /session/eac9b0d7e8ced2053dbc37a41f3ce9ab/elements - {"using":"xpath","value":"//bdi[text()=\"OK\"]"}
RESULT: {"using":"xpath","value":"//bdi[text()=\"OK\"]"}
COMMAND: POST /session/eac9b0d7e8ced2053dbc37a41f3ce9ab/elements - {"using":"xpath","value":"//bdi[text()=\"OK\"]"}
RESULT: {"using":"xpath","value":"//bdi[text()=\"OK\"]"}
COMMAND: POST /session/eac9b0d7e8ced2053dbc37a41f3ce9ab/elements - {"using":"xpath","value":"//bdi[text()=\"OK\"]"}
RESULT: {"using":"xpath","value":"//bdi[text()=\"OK\"]"}
COMMAND: POST /session/eac9b0d7e8ced2053dbc37a41f3ce9ab/elements - {"using":"xpath","value":"//bdi[text()=\"OK\"]"}
RESULT: {"using":"xpath","value":"//bdi[text()=\"OK\"]"}
COMMAND: POST /session/eac9b0d7e8ced2053dbc37a41f3ce9ab/elements - {"using":"xpath","value":"//bdi[text()=\"OK\"]"}
RESULT: {"using":"xpath","value":"//bdi[text()=\"OK\"]"}
COMMAND: POST /session/eac9b0d7e8ced2053dbc37a41f3ce9ab/elements - {"using":"xpath","value":"//bdi[text()=\"OK\"]"}
RESULT: {"using":"xpath","value":"//bdi[text()=\"OK\"]"}
COMMAND: POST /session/eac9b0d7e8ced2053dbc37a41f3ce9ab/elements - {"using":"xpath","value":"//bdi[text()=\"OK\"]"}
RESULT: {"using":"xpath","value":"//bdi[text()=\"OK\"]"}
COMMAND: POST /session/eac9b0d7e8ced2053dbc37a41f3ce9ab/elements - {"using":"xpath","value":"//bdi[text()=\"OK\"]"}
RESULT: {"using":"xpath","value":"//bdi[text()=\"OK\"]"}
COMMAND: POST /session/eac9b0d7e8ced2053dbc37a41f3ce9ab/elements - {"using":"xpath","value":"//bdi[text()=\"OK\"]"}
RESULT: {"using":"xpath","value":"//bdi[text()=\"OK\"]"}
COMMAND: POST /session/eac9b0d7e8ced2053dbc37a41f3ce9ab/elements - {"using":"xpath","value":"//bdi[text()=\"OK\"]"}
RESULT: {"using":"xpath","value":"//bdi[text()=\"OK\"]"}
COMMAND: POST /session/eac9b0d7e8ced2053dbc37a41f3ce9ab/elements - {"using":"xpath","value":"//bdi[text()=\"OK\"]"}
RESULT: {"using":"xpath","value":"//bdi[text()=\"OK\"]"}
COMMAND: POST /session/eac9b0d7e8ced2053dbc37a41f3ce9ab/elements - {"using":"xpath","value":"//bdi[text()=\"OK\"]"}
RESULT: {"using":"xpath","value":"//bdi[text()=\"OK\"]"}
COMMAND: POST /session/eac9b0d7e8ced2053dbc37a41f3ce9ab/elements - {"using":"xpath","value":"//bdi[text()=\"OK\"]"}
RESULT: {"using":"xpath","value":"//bdi[text()=\"OK\"]"}
COMMAND: POST /session/eac9b0d7e8ced2053dbc37a41f3ce9ab/elements - {"using":"xpath","value":"//bdi[text()=\"OK\"]"}
RESULT: {"using":"xpath","value":"//bdi[text()=\"OK\"]"}
COMMAND: POST /session/eac9b0d7e8ced2053dbc37a41f3ce9ab/elements - {"using":"xpath","value":"//bdi[text()=\"OK\"]"}
RESULT: {"using":"xpath","value":"//bdi[text()=\"OK\"]"}
COMMAND: POST /session/eac9b0d7e8ced2053dbc37a41f3ce9ab/elements - {"using":"xpath","value":"//bdi[text()=\"OK\"]"}
RESULT: {"using":"xpath","value":"//bdi[text()=\"OK\"]"}
COMMAND: POST /session/eac9b0d7e8ced2053dbc37a41f3ce9ab/elements - {"using":"xpath","value":"//bdi[text()=\"OK\"]"}
RESULT: {"using":"xpath","value":"//bdi[text()=\"OK\"]"}
COMMAND: POST /session/eac9b0d7e8ced2053dbc37a41f3ce9ab/elements - {"using":"xpath","value":"//bdi[text()=\"OK\"]"}
RESULT: {"using":"xpath","value":"//bdi[text()=\"OK\"]"}
COMMAND: POST /session/eac9b0d7e8ced2053dbc37a41f3ce9ab/elements - {"using":"xpath","value":"//bdi[text()=\"OK\"]"}
RESULT: {"using":"xpath","value":"//bdi[text()=\"OK\"]"}
COMMAND: POST /session/eac9b0d7e8ced2053dbc37a41f3ce9ab/elements - {"using":"xpath","value":"//bdi[text()=\"OK\"]"}
RESULT: {"using":"xpath","value":"//bdi[text()=\"OK\"]"}
COMMAND: POST /session/eac9b0d7e8ced2053dbc37a41f3ce9ab/elements - {"using":"xpath","value":"//bdi[text()=\"OK\"]"}
RESULT: {"using":"xpath","value":"//bdi[text()=\"OK\"]"}
COMMAND: POST /session/eac9b0d7e8ced2053dbc37a41f3ce9ab/elements - {"using":"xpath","value":"//bdi[text()=\"OK\"]"}
RESULT: {"using":"xpath","value":"//bdi[text()=\"OK\"]"}
COMMAND: POST /session/eac9b0d7e8ced2053dbc37a41f3ce9ab/elements - {"using":"xpath","value":"//bdi[text()=\"OK\"]"}
RESULT: {"using":"xpath","value":"//bdi[text()=\"OK\"]"}
COMMAND: POST /session/eac9b0d7e8ced2053dbc37a41f3ce9ab/elements - {"using":"xpath","value":"//bdi[text()=\"OK\"]"}
RESULT: {"using":"xpath","value":"//bdi[text()=\"OK\"]"}
COMMAND: POST /session/eac9b0d7e8ced2053dbc37a41f3ce9ab/elements - {"using":"xpath","value":"//bdi[text()=\"OK\"]"}
RESULT: {"using":"xpath","value":"//bdi[text()=\"OK\"]"}
COMMAND: POST /session/eac9b0d7e8ced2053dbc37a41f3ce9ab/elements - {"using":"xpath","value":"//bdi[text()=\"OK\"]"}
RESULT: {"using":"xpath","value":"//bdi[text()=\"OK\"]"}
COMMAND: POST /session/eac9b0d7e8ced2053dbc37a41f3ce9ab/elements - {"using":"xpath","value":"//bdi[text()=\"OK\"]"}
RESULT: {"using":"xpath","value":"//bdi[text()=\"OK\"]"}
COMMAND: POST /session/eac9b0d7e8ced2053dbc37a41f3ce9ab/elements - {"using":"xpath","value":"//bdi[text()=\"OK\"]"}
RESULT: {"using":"xpath","value":"//bdi[text()=\"OK\"]"}
COMMAND: POST /session/eac9b0d7e8ced2053dbc37a41f3ce9ab/elements - {"using":"xpath","value":"//bdi[text()=\"OK\"]"}
RESULT: {"using":"xpath","value":"//bdi[text()=\"OK\"]"}
COMMAND: POST /session/eac9b0d7e8ced2053dbc37a41f3ce9ab/elements - {"using":"xpath","value":"//bdi[text()=\"OK\"]"}
RESULT: {"using":"xpath","value":"//bdi[text()=\"OK\"]"}
COMMAND: POST /session/eac9b0d7e8ced2053dbc37a41f3ce9ab/elements - {"using":"xpath","value":"//bdi[text()=\"OK\"]"}
RESULT: {"using":"xpath","value":"//bdi[text()=\"OK\"]"}
COMMAND: POST /session/eac9b0d7e8ced2053dbc37a41f3ce9ab/elements - {"using":"xpath","value":"//bdi[text()=\"OK\"]"}
RESULT: {"using":"xpath","value":"//bdi[text()=\"OK\"]"}
COMMAND: POST /session/eac9b0d7e8ced2053dbc37a41f3ce9ab/elements - {"using":"xpath","value":"//bdi[text()=\"OK\"]"}
RESULT: {"using":"xpath","value":"//bdi[text()=\"OK\"]"}
COMMAND: POST /session/eac9b0d7e8ced2053dbc37a41f3ce9ab/elements - {"using":"xpath","value":"//bdi[text()=\"OK\"]"}
RESULT: {"using":"xpath","value":"//bdi[text()=\"OK\"]"}
COMMAND: POST /session/eac9b0d7e8ced2053dbc37a41f3ce9ab/elements - {"using":"xpath","value":"//bdi[text()=\"OK\"]"}
RESULT: {"using":"xpath","value":"//bdi[text()=\"OK\"]"}
COMMAND: POST /session/eac9b0d7e8ced2053dbc37a41f3ce9ab/elements - {"using":"xpath","value":"//bdi[text()=\"OK\"]"}
RESULT: {"using":"xpath","value":"//bdi[text()=\"OK\"]"}
COMMAND: POST /session/eac9b0d7e8ced2053dbc37a41f3ce9ab/elements - {"using":"xpath","value":"//bdi[text()=\"OK\"]"}
RESULT: {"using":"xpath","value":"//bdi[text()=\"OK\"]"}
COMMAND: POST /session/eac9b0d7e8ced2053dbc37a41f3ce9ab/elements - {"using":"xpath","value":"//bdi[text()=\"OK\"]"}
RESULT: {"using":"xpath","value":"//bdi[text()=\"OK\"]"}
COMMAND: POST /session/eac9b0d7e8ced2053dbc37a41f3ce9ab/elements - {"using":"xpath","value":"//bdi[text()=\"OK\"]"}
RESULT: {"using":"xpath","value":"//bdi[text()=\"OK\"]"}
COMMAND: POST /session/eac9b0d7e8ced2053dbc37a41f3ce9ab/elements - {"using":"xpath","value":"//bdi[text()=\"OK\"]"}
RESULT: {"using":"xpath","value":"//bdi[text()=\"OK\"]"}
COMMAND: POST /session/eac9b0d7e8ced2053dbc37a41f3ce9ab/elements - {"using":"xpath","value":"//bdi[text()=\"OK\"]"}
RESULT: {"using":"xpath","value":"//bdi[text()=\"OK\"]"}
COMMAND: POST /session/eac9b0d7e8ced2053dbc37a41f3ce9ab/elements - {"using":"xpath","value":"//bdi[text()=\"OK\"]"}
RESULT: {"using":"xpath","value":"//bdi[text()=\"OK\"]"}
COMMAND: POST /session/eac9b0d7e8ced2053dbc37a41f3ce9ab/elements - {"using":"xpath","value":"//bdi[text()=\"OK\"]"}
RESULT: {"using":"xpath","value":"//bdi[text()=\"OK\"]"}
COMMAND: POST /session/eac9b0d7e8ced2053dbc37a41f3ce9ab/elements - {"using":"xpath","value":"//bdi[text()=\"OK\"]"}
RESULT: {"using":"xpath","value":"//bdi[text()=\"OK\"]"}
COMMAND: POST /session/eac9b0d7e8ced2053dbc37a41f3ce9ab/elements - {"using":"xpath","value":"//bdi[text()=\"OK\"]"}
RESULT: {"using":"xpath","value":"//bdi[text()=\"OK\"]"}
COMMAND: POST /session/eac9b0d7e8ced2053dbc37a41f3ce9ab/elements - {"using":"xpath","value":"//bdi[text()=\"OK\"]"}
RESULT: {"using":"xpath","value":"//bdi[text()=\"OK\"]"}
COMMAND: POST /session/eac9b0d7e8ced2053dbc37a41f3ce9ab/elements - {"using":"xpath","value":"//bdi[text()=\"OK\"]"}
RESULT: {"using":"xpath","value":"//bdi[text()=\"OK\"]"}
COMMAND: POST /session/eac9b0d7e8ced2053dbc37a41f3ce9ab/elements - {"using":"xpath","value":"//bdi[text()=\"OK\"]"}
RESULT: {"using":"xpath","value":"//bdi[text()=\"OK\"]"}
COMMAND: POST /session/eac9b0d7e8ced2053dbc37a41f3ce9ab/elements - {"using":"xpath","value":"//bdi[text()=\"OK\"]"}
RESULT: {"using":"xpath","value":"//bdi[text()=\"OK\"]"}
COMMAND: POST /session/eac9b0d7e8ced2053dbc37a41f3ce9ab/elements - {"using":"xpath","value":"//bdi[text()=\"OK\"]"}
RESULT: {"using":"xpath","value":"//bdi[text()=\"OK\"]"}
COMMAND: POST /session/eac9b0d7e8ced2053dbc37a41f3ce9ab/elements - {"using":"xpath","value":"//bdi[text()=\"OK\"]"}
RESULT: {"using":"xpath","value":"//bdi[text()=\"OK\"]"}
COMMAND: POST /session/eac9b0d7e8ced2053dbc37a41f3ce9ab/elements - {"using":"xpath","value":"//bdi[text()=\"OK\"]"}
RESULT: {"using":"xpath","value":"//bdi[text()=\"OK\"]"}
COMMAND: POST /session/eac9b0d7e8ced2053dbc37a41f3ce9ab/elements - {"using":"xpath","value":"//bdi[text()=\"OK\"]"}
RESULT: {"using":"xpath","value":"//bdi[text()=\"OK\"]"}
COMMAND: POST /session/eac9b0d7e8ced2053dbc37a41f3ce9ab/elements - {"using":"xpath","value":"//bdi[text()=\"OK\"]"}
RESULT: {"using":"xpath","value":"//bdi[text()=\"OK\"]"}
COMMAND: POST /session/eac9b0d7e8ced2053dbc37a41f3ce9ab/elements - {"using":"xpath","value":"//bdi[text()=\"OK\"]"}
RESULT: {"using":"xpath","value":"//bdi[text()=\"OK\"]"}
COMMAND: POST /session/eac9b0d7e8ced2053dbc37a41f3ce9ab/elements - {"using":"xpath","value":"//bdi[text()=\"OK\"]"}
RESULT: {"using":"xpath","value":"//bdi[text()=\"OK\"]"}
COMMAND: POST /session/eac9b0d7e8ced2053dbc37a41f3ce9ab/elements - {"using":"xpath","value":"//bdi[text()=\"OK\"]"}
RESULT: {"using":"xpath","value":"//bdi[text()=\"OK\"]"}
COMMAND: POST /session/eac9b0d7e8ced2053dbc37a41f3ce9ab/elements - {"using":"xpath","value":"//bdi[text()=\"OK\"]"}
RESULT: {"using":"xpath","value":"//bdi[text()=\"OK\"]"}
COMMAND: POST /session/eac9b0d7e8ced2053dbc37a41f3ce9ab/elements - {"using":"xpath","value":"//bdi[text()=\"OK\"]"}
RESULT: {"using":"xpath","value":"//bdi[text()=\"OK\"]"}
COMMAND: POST /session/eac9b0d7e8ced2053dbc37a41f3ce9ab/elements - {"using":"xpath","value":"//bdi[text()=\"OK\"]"}
RESULT: {"using":"xpath","value":"//bdi[text()=\"OK\"]"}
COMMAND: POST /session/eac9b0d7e8ced2053dbc37a41f3ce9ab/elements - {"using":"xpath","value":"//bdi[text()=\"OK\"]"}
RESULT: {"using":"xpath","value":"//bdi[text()=\"OK\"]"}
COMMAND: POST /session/eac9b0d7e8ced2053dbc37a41f3ce9ab/elements - {"using":"xpath","value":"//bdi[text()=\"OK\"]"}
RESULT: {"using":"xpath","value":"//bdi[text()=\"OK\"]"}
COMMAND: POST /session/eac9b0d7e8ced2053dbc37a41f3ce9ab/elements - {"using":"xpath","value":"//bdi[text()=\"OK\"]"}
RESULT: {"using":"xpath","value":"//bdi[text()=\"OK\"]"}
COMMAND: POST /session/eac9b0d7e8ced2053dbc37a41f3ce9ab/elements - {"using":"xpath","value":"//bdi[text()=\"OK\"]"}
RESULT: {"using":"xpath","value":"//bdi[text()=\"OK\"]"}
COMMAND: POST /session/eac9b0d7e8ced2053dbc37a41f3ce9ab/elements - {"using":"xpath","value":"//bdi[text()=\"OK\"]"}
RESULT: {"using":"xpath","value":"//bdi[text()=\"OK\"]"}
COMMAND: POST /session/eac9b0d7e8ced2053dbc37a41f3ce9ab/elements - {"using":"xpath","value":"//bdi[text()=\"OK\"]"}
RESULT: {"using":"xpath","value":"//bdi[text()=\"OK\"]"}
COMMAND: POST /session/eac9b0d7e8ced2053dbc37a41f3ce9ab/elements - {"using":"xpath","value":"//bdi[text()=\"OK\"]"}
RESULT: {"using":"xpath","value":"//bdi[text()=\"OK\"]"}
COMMAND: POST /session/eac9b0d7e8ced2053dbc37a41f3ce9ab/elements - {"using":"xpath","value":"//bdi[text()=\"OK\"]"}
COMMAND: POST /session/eac9b0d7e8ced2053dbc37a41f3ce9ab/element - {"using":"xpath","value":"//bdi[text()=\"OK\"]"}
RESULT: {"using":"xpath","value":"//bdi[text()=\"OK\"]"}
RESULT: {"using":"xpath","value":"//bdi[text()=\"OK\"]"}
COMMAND: POST /session/eac9b0d7e8ced2053dbc37a41f3ce9ab/elements - {"using":"xpath","value":"//bdi[text()=\"OK\"]"}
RESULT: {"using":"xpath","value":"//bdi[text()=\"OK\"]"}
COMMAND: POST /session/eac9b0d7e8ced2053dbc37a41f3ce9ab/elements - {"using":"xpath","value":"//bdi[text()=\"OK\"]"}
RESULT: {"using":"xpath","value":"//bdi[text()=\"OK\"]"}
COMMAND: POST /session/eac9b0d7e8ced2053dbc37a41f3ce9ab/elements - {"using":"xpath","value":"//bdi[text()=\"OK\"]"}
RESULT: {"using":"xpath","value":"//bdi[text()=\"OK\"]"}
COMMAND: POST /session/eac9b0d7e8ced2053dbc37a41f3ce9ab/elements - {"using":"xpath","value":"//bdi[text()=\"OK\"]"}
RESULT: {"using":"xpath","value":"//bdi[text()=\"OK\"]"}
COMMAND: POST /session/eac9b0d7e8ced2053dbc37a41f3ce9ab/elements - {"using":"xpath","value":"//bdi[text()=\"OK\"]"}
RESULT: {"using":"xpath","value":"//bdi[text()=\"OK\"]"}
COMMAND: POST /session/eac9b0d7e8ced2053dbc37a41f3ce9ab/elements - {"using":"xpath","value":"//bdi[text()=\"OK\"]"}
RESULT: {"using":"xpath","value":"//bdi[text()=\"OK\"]"}
COMMAND: POST /session/eac9b0d7e8ced2053dbc37a41f3ce9ab/elements - {"using":"xpath","value":"//bdi[text()=\"OK\"]"}
RESULT: {"using":"xpath","value":"//bdi[text()=\"OK\"]"}
COMMAND: POST /session/eac9b0d7e8ced2053dbc37a41f3ce9ab/elements - {"using":"xpath","value":"//bdi[text()=\"OK\"]"}
RESULT: {"using":"xpath","value":"//bdi[text()=\"OK\"]"}
COMMAND: POST /session/eac9b0d7e8ced2053dbc37a41f3ce9ab/elements - {"using":"xpath","value":"//bdi[text()=\"OK\"]"}
RESULT: {"using":"xpath","value":"//bdi[text()=\"OK\"]"}
COMMAND: POST /session/eac9b0d7e8ced2053dbc37a41f3ce9ab/elements - {"using":"xpath","value":"//bdi[text()=\"OK\"]"}
RESULT: {"using":"xpath","value":"//bdi[text()=\"OK\"]"}
COMMAND: POST /session/eac9b0d7e8ced2053dbc37a41f3ce9ab/elements - {"using":"xpath","value":"//bdi[text()=\"OK\"]"}
RESULT: {"using":"xpath","value":"//bdi[text()=\"OK\"]"}
COMMAND: POST /session/eac9b0d7e8ced2053dbc37a41f3ce9ab/elements - {"using":"xpath","value":"//bdi[text()=\"OK\"]"}
RESULT: {"using":"xpath","value":"//bdi[text()=\"OK\"]"}
COMMAND: POST /session/eac9b0d7e8ced2053dbc37a41f3ce9ab/elements - {"using":"xpath","value":"//bdi[text()=\"OK\"]"}
RESULT: {"using":"xpath","value":"//bdi[text()=\"OK\"]"}
COMMAND: POST /session/eac9b0d7e8ced2053dbc37a41f3ce9ab/elements - {"using":"xpath","value":"//bdi[text()=\"OK\"]"}
RESULT: {"using":"xpath","value":"//bdi[text()=\"OK\"]"}
COMMAND: POST /session/eac9b0d7e8ced2053dbc37a41f3ce9ab/elements - {"using":"xpath","value":"//bdi[text()=\"OK\"]"}
RESULT: {"using":"xpath","value":"//bdi[text()=\"OK\"]"}
COMMAND: POST /session/eac9b0d7e8ced2053dbc37a41f3ce9ab/elements - {"using":"xpath","value":"//bdi[text()=\"OK\"]"}
RESULT: {"using":"xpath","value":"//bdi[text()=\"OK\"]"}
COMMAND: POST /session/eac9b0d7e8ced2053dbc37a41f3ce9ab/elements - {"using":"xpath","value":"//bdi[text()=\"OK\"]"}
RESULT: {"using":"xpath","value":"//bdi[text()=\"OK\"]"}
COMMAND: POST /session/eac9b0d7e8ced2053dbc37a41f3ce9ab/elements - {"using":"xpath","value":"//bdi[text()=\"OK\"]"}
RESULT: {"using":"xpath","value":"//bdi[text()=\"OK\"]"}
COMMAND: POST /session/eac9b0d7e8ced2053dbc37a41f3ce9ab/elements - {"using":"xpath","value":"//bdi[text()=\"OK\"]"}
RESULT: {"using":"xpath","value":"//bdi[text()=\"OK\"]"}
COMMAND: POST /session/eac9b0d7e8ced2053dbc37a41f3ce9ab/elements - {"using":"xpath","value":"//bdi[text()=\"OK\"]"}
RESULT: {"using":"xpath","value":"//bdi[text()=\"OK\"]"}
COMMAND: POST /session/eac9b0d7e8ced2053dbc37a41f3ce9ab/elements - {"using":"xpath","value":"//bdi[text()=\"OK\"]"}
RESULT: {"using":"xpath","value":"//bdi[text()=\"OK\"]"}
COMMAND: POST /session/eac9b0d7e8ced2053dbc37a41f3ce9ab/elements - {"using":"xpath","value":"//bdi[text()=\"OK\"]"}
RESULT: {"using":"xpath","value":"//bdi[text()=\"OK\"]"}
COMMAND: POST /session/eac9b0d7e8ced2053dbc37a41f3ce9ab/elements - {"using":"xpath","value":"//bdi[text()=\"OK\"]"}
RESULT: {"using":"xpath","value":"//bdi[text()=\"OK\"]"}
COMMAND: POST /session/eac9b0d7e8ced2053dbc37a41f3ce9ab/elements - {"using":"xpath","value":"//bdi[text()=\"OK\"]"}
RESULT: {"using":"xpath","value":"//bdi[text()=\"OK\"]"}
COMMAND: POST /session/eac9b0d7e8ced2053dbc37a41f3ce9ab/elements - {"using":"xpath","value":"//bdi[text()=\"OK\"]"}
RESULT: {"using":"xpath","value":"//bdi[text()=\"OK\"]"}
COMMAND: POST /session/eac9b0d7e8ced2053dbc37a41f3ce9ab/elements - {"using":"xpath","value":"//bdi[text()=\"OK\"]"}
RESULT: {"using":"xpath","value":"//bdi[text()=\"OK\"]"}
COMMAND: POST /session/eac9b0d7e8ced2053dbc37a41f3ce9ab/elements - {"using":"xpath","value":"//bdi[text()=\"OK\"]"}
RESULT: {"using":"xpath","value":"//bdi[text()=\"OK\"]"}
COMMAND: POST /session/eac9b0d7e8ced2053dbc37a41f3ce9ab/elements - {"using":"xpath","value":"//bdi[text()=\"OK\"]"}
RESULT: {"using":"xpath","value":"//bdi[text()=\"OK\"]"}
COMMAND: POST /session/eac9b0d7e8ced2053dbc37a41f3ce9ab/elements - {"using":"xpath","value":"//bdi[text()=\"OK\"]"}
RESULT: {"using":"xpath","value":"//bdi[text()=\"OK\"]"}
COMMAND: POST /session/eac9b0d7e8ced2053dbc37a41f3ce9ab/elements - {"using":"xpath","value":"//bdi[text()=\"OK\"]"}
RESULT: {"using":"xpath","value":"//bdi[text()=\"OK\"]"}
COMMAND: POST /session/eac9b0d7e8ced2053dbc37a41f3ce9ab/elements - {"using":"xpath","value":"//bdi[text()=\"OK\"]"}
RESULT: {"using":"xpath","value":"//bdi[text()=\"OK\"]"}
COMMAND: POST /session/eac9b0d7e8ced2053dbc37a41f3ce9ab/elements - {"using":"xpath","value":"//bdi[text()=\"OK\"]"}
RESULT: {"using":"xpath","value":"//bdi[text()=\"OK\"]"}
COMMAND: POST /session/eac9b0d7e8ced2053dbc37a41f3ce9ab/elements - {"using":"xpath","value":"//bdi[text()=\"OK\"]"}
RESULT: {"using":"xpath","value":"//bdi[text()=\"OK\"]"}
COMMAND: POST /session/eac9b0d7e8ced2053dbc37a41f3ce9ab/elements - {"using":"xpath","value":"//bdi[text()=\"OK\"]"}
RESULT: {"using":"xpath","value":"//bdi[text()=\"OK\"]"}
COMMAND: POST /session/eac9b0d7e8ced2053dbc37a41f3ce9ab/elements - {"using":"xpath","value":"//bdi[text()=\"OK\"]"}
RESULT: {"using":"xpath","value":"//bdi[text()=\"OK\"]"}
COMMAND: POST /session/eac9b0d7e8ced2053dbc37a41f3ce9ab/elements - {"using":"xpath","value":"//bdi[text()=\"OK\"]"}
RESULT: {"using":"xpath","value":"//bdi[text()=\"OK\"]"}
COMMAND: POST /session/eac9b0d7e8ced2053dbc37a41f3ce9ab/elements - {"using":"xpath","value":"//bdi[text()=\"OK\"]"}
RESULT: {"using":"xpath","value":"//bdi[text()=\"OK\"]"}
COMMAND: POST /session/eac9b0d7e8ced2053dbc37a41f3ce9ab/elements - {"using":"xpath","value":"//bdi[text()=\"OK\"]"}
RESULT: {"using":"xpath","value":"//bdi[text()=\"OK\"]"}
COMMAND: POST /session/eac9b0d7e8ced2053dbc37a41f3ce9ab/elements - {"using":"xpath","value":"//bdi[text()=\"OK\"]"}
RESULT: {"using":"xpath","value":"//bdi[text()=\"OK\"]"}
COMMAND: POST /session/eac9b0d7e8ced2053dbc37a41f3ce9ab/elements - {"using":"xpath","value":"//bdi[text()=\"OK\"]"}
RESULT: {"using":"xpath","value":"//bdi[text()=\"OK\"]"}
COMMAND: POST /session/eac9b0d7e8ced2053dbc37a41f3ce9ab/elements - {"using":"xpath","value":"//bdi[text()=\"OK\"]"}
RESULT: {"using":"xpath","value":"//bdi[text()=\"OK\"]"}
COMMAND: POST /session/eac9b0d7e8ced2053dbc37a41f3ce9ab/elements - {"using":"xpath","value":"//bdi[text()=\"OK\"]"}
RESULT: {"using":"xpath","value":"//bdi[text()=\"OK\"]"}
COMMAND: POST /session/eac9b0d7e8ced2053dbc37a41f3ce9ab/elements - {"using":"xpath","value":"//bdi[text()=\"OK\"]"}
RESULT: {"using":"xpath","value":"//bdi[text()=\"OK\"]"}
COMMAND: POST /session/eac9b0d7e8ced2053dbc37a41f3ce9ab/elements - {"using":"xpath","value":"//bdi[text()=\"OK\"]"}
RESULT: {"using":"xpath","value":"//bdi[text()=\"OK\"]"}
COMMAND: POST /session/eac9b0d7e8ced2053dbc37a41f3ce9ab/elements - {"using":"xpath","value":"//bdi[text()=\"OK\"]"}
RESULT: {"using":"xpath","value":"//bdi[text()=\"OK\"]"}
COMMAND: POST /session/eac9b0d7e8ced2053dbc37a41f3ce9ab/elements - {"using":"xpath","value":"//bdi[text()=\"OK\"]"}
RESULT: {"using":"xpath","value":"//bdi[text()=\"OK\"]"}
COMMAND: POST /session/eac9b0d7e8ced2053dbc37a41f3ce9ab/elements - {"using":"xpath","value":"//bdi[text()=\"OK\"]"}
RESULT: {"using":"xpath","value":"//bdi[text()=\"OK\"]"}
COMMAND: POST /session/eac9b0d7e8ced2053dbc37a41f3ce9ab/elements - {"using":"xpath","value":"//bdi[text()=\"OK\"]"}
RESULT: {"using":"xpath","value":"//bdi[text()=\"OK\"]"}
COMMAND: POST /session/eac9b0d7e8ced2053dbc37a41f3ce9ab/elements - {"using":"xpath","value":"//bdi[text()=\"OK\"]"}
RESULT: {"using":"xpath","value":"//bdi[text()=\"OK\"]"}
COMMAND: POST /session/eac9b0d7e8ced2053dbc37a41f3ce9ab/elements - {"using":"xpath","value":"//bdi[text()=\"OK\"]"}
RESULT: {"using":"xpath","value":"//bdi[text()=\"OK\"]"}
COMMAND: POST /session/eac9b0d7e8ced2053dbc37a41f3ce9ab/elements - {"using":"xpath","value":"//bdi[text()=\"OK\"]"}
RESULT: {"using":"xpath","value":"//bdi[text()=\"OK\"]"}
COMMAND: POST /session/eac9b0d7e8ced2053dbc37a41f3ce9ab/elements - {"using":"xpath","value":"//bdi[text()=\"OK\"]"}
RESULT: {"using":"xpath","value":"//bdi[text()=\"OK\"]"}
COMMAND: POST /session/eac9b0d7e8ced2053dbc37a41f3ce9ab/elements - {"using":"xpath","value":"//bdi[text()=\"OK\"]"}
RESULT: {"using":"xpath","value":"//bdi[text()=\"OK\"]"}
COMMAND: POST /session/eac9b0d7e8ced2053dbc37a41f3ce9ab/elements - {"using":"xpath","value":"//bdi[text()=\"OK\"]"}
RESULT: {"using":"xpath","value":"//bdi[text()=\"OK\"]"}
COMMAND: POST /session/eac9b0d7e8ced2053dbc37a41f3ce9ab/elements - {"using":"xpath","value":"//bdi[text()=\"OK\"]"}
RESULT: {"using":"xpath","value":"//bdi[text()=\"OK\"]"}
COMMAND: POST /session/eac9b0d7e8ced2053dbc37a41f3ce9ab/elements - {"using":"xpath","value":"//bdi[text()=\"OK\"]"}
RESULT: {"using":"xpath","value":"//bdi[text()=\"OK\"]"}
COMMAND: POST /session/eac9b0d7e8ced2053dbc37a41f3ce9ab/elements - {"using":"xpath","value":"//bdi[text()=\"OK\"]"}
RESULT: {"using":"xpath","value":"//bdi[text()=\"OK\"]"}
COMMAND: POST /session/eac9b0d7e8ced2053dbc37a41f3ce9ab/elements - {"using":"xpath","value":"//bdi[text()=\"OK\"]"}
RESULT: {"using":"xpath","value":"//bdi[text()=\"OK\"]"}
COMMAND: POST /session/eac9b0d7e8ced2053dbc37a41f3ce9ab/elements - {"using":"xpath","value":"//bdi[text()=\"OK\"]"}
RESULT: {"using":"xpath","value":"//bdi[text()=\"OK\"]"}
COMMAND: POST /session/eac9b0d7e8ced2053dbc37a41f3ce9ab/elements - {"using":"xpath","value":"//bdi[text()=\"OK\"]"}
RESULT: {"using":"xpath","value":"//bdi[text()=\"OK\"]"}
COMMAND: POST /session/eac9b0d7e8ced2053dbc37a41f3ce9ab/elements - {"using":"xpath","value":"//bdi[text()=\"OK\"]"}
RESULT: {"using":"xpath","value":"//bdi[text()=\"OK\"]"}
COMMAND: POST /session/eac9b0d7e8ced2053dbc37a41f3ce9ab/elements - {"using":"xpath","value":"//bdi[text()=\"OK\"]"}
RESULT: {"using":"xpath","value":"//bdi[text()=\"OK\"]"}
COMMAND: POST /session/eac9b0d7e8ced2053dbc37a41f3ce9ab/elements - {"using":"xpath","value":"//bdi[text()=\"OK\"]"}
RESULT: {"using":"xpath","value":"//bdi[text()=\"OK\"]"}
COMMAND: POST /session/eac9b0d7e8ced2053dbc37a41f3ce9ab/elements - {"using":"xpath","value":"//bdi[text()=\"OK\"]"}
RESULT: {"using":"xpath","value":"//bdi[text()=\"OK\"]"}
COMMAND: POST /session/eac9b0d7e8ced2053dbc37a41f3ce9ab/elements - {"using":"xpath","value":"//bdi[text()=\"OK\"]"}
RESULT: {"using":"xpath","value":"//bdi[text()=\"OK\"]"}
COMMAND: POST /session/eac9b0d7e8ced2053dbc37a41f3ce9ab/elements - {"using":"xpath","value":"//bdi[text()=\"OK\"]"}
RESULT: {"using":"xpath","value":"//bdi[text()=\"OK\"]"}
COMMAND: POST /session/eac9b0d7e8ced2053dbc37a41f3ce9ab/elements - {"using":"xpath","value":"//bdi[text()=\"OK\"]"}
RESULT: {"using":"xpath","value":"//bdi[text()=\"OK\"]"}
COMMAND: POST /session/eac9b0d7e8ced2053dbc37a41f3ce9ab/elements - {"using":"xpath","value":"//bdi[text()=\"OK\"]"}
RESULT: {"using":"xpath","value":"//bdi[text()=\"OK\"]"}
COMMAND: POST /session/eac9b0d7e8ced2053dbc37a41f3ce9ab/elements - {"using":"xpath","value":"//bdi[text()=\"OK\"]"}
RESULT: {"using":"xpath","value":"//bdi[text()=\"OK\"]"}
COMMAND: POST /session/eac9b0d7e8ced2053dbc37a41f3ce9ab/elements - {"using":"xpath","value":"//bdi[text()=\"OK\"]"}
RESULT: {"using":"xpath","value":"//bdi[text()=\"OK\"]"}
COMMAND: POST /session/eac9b0d7e8ced2053dbc37a41f3ce9ab/elements - {"using":"xpath","value":"//bdi[text()=\"OK\"]"}
RESULT: {"using":"xpath","value":"//bdi[text()=\"OK\"]"}
COMMAND: POST /session/eac9b0d7e8ced2053dbc37a41f3ce9ab/elements - {"using":"xpath","value":"//bdi[text()=\"OK\"]"}
RESULT: {"using":"xpath","value":"//bdi[text()=\"OK\"]"}
COMMAND: POST /session/eac9b0d7e8ced2053dbc37a41f3ce9ab/elements - {"using":"xpath","value":"//bdi[text()=\"OK\"]"}
RESULT: {"using":"xpath","value":"//bdi[text()=\"OK\"]"}
COMMAND: POST /session/eac9b0d7e8ced2053dbc37a41f3ce9ab/elements - {"using":"xpath","value":"//bdi[text()=\"OK\"]"}
RESULT: {"using":"xpath","value":"//bdi[text()=\"OK\"]"}
COMMAND: POST /session/eac9b0d7e8ced2053dbc37a41f3ce9ab/elements - {"using":"xpath","value":"//bdi[text()=\"OK\"]"}
RESULT: {"using":"xpath","value":"//bdi[text()=\"OK\"]"}
COMMAND: POST /session/eac9b0d7e8ced2053dbc37a41f3ce9ab/elements - {"using":"xpath","value":"//bdi[text()=\"OK\"]"}
RESULT: {"using":"xpath","value":"//bdi[text()=\"OK\"]"}
COMMAND: POST /session/eac9b0d7e8ced2053dbc37a41f3ce9ab/elements - {"using":"xpath","value":"//bdi[text()=\"OK\"]"}
RESULT: {"using":"xpath","value":"//bdi[text()=\"OK\"]"}
COMMAND: POST /session/eac9b0d7e8ced2053dbc37a41f3ce9ab/elements - {"using":"xpath","value":"//bdi[text()=\"OK\"]"}
RESULT: {"using":"xpath","value":"//bdi[text()=\"OK\"]"}
COMMAND: POST /session/eac9b0d7e8ced2053dbc37a41f3ce9ab/elements - {"using":"xpath","value":"//bdi[text()=\"OK\"]"}
RESULT: {"using":"xpath","value":"//bdi[text()=\"OK\"]"}
COMMAND: POST /session/eac9b0d7e8ced2053dbc37a41f3ce9ab/elements - {"using":"xpath","value":"//bdi[text()=\"OK\"]"}
RESULT: {"using":"xpath","value":"//bdi[text()=\"OK\"]"}
COMMAND: POST /session/eac9b0d7e8ced2053dbc37a41f3ce9ab/elements - {"using":"xpath","value":"//bdi[text()=\"OK\"]"}
RESULT: {"using":"xpath","value":"//bdi[text()=\"OK\"]"}
COMMAND: POST /session/eac9b0d7e8ced2053dbc37a41f3ce9ab/elements - {"using":"xpath","value":"//bdi[text()=\"OK\"]"}
RESULT: {"using":"xpath","value":"//bdi[text()=\"OK\"]"}
COMMAND: POST /session/eac9b0d7e8ced2053dbc37a41f3ce9ab/elements - {"using":"xpath","value":"//bdi[text()=\"OK\"]"}
RESULT: {"using":"xpath","value":"//bdi[text()=\"OK\"]"}
COMMAND: POST /session/eac9b0d7e8ced2053dbc37a41f3ce9ab/elements - {"using":"xpath","value":"//bdi[text()=\"OK\"]"}
RESULT: {"using":"xpath","value":"//bdi[text()=\"OK\"]"}
COMMAND: POST /session/eac9b0d7e8ced2053dbc37a41f3ce9ab/elements - {"using":"xpath","value":"//bdi[text()=\"OK\"]"}
RESULT: {"using":"xpath","value":"//bdi[text()=\"OK\"]"}
COMMAND: POST /session/eac9b0d7e8ced2053dbc37a41f3ce9ab/elements - {"using":"xpath","value":"//bdi[text()=\"OK\"]"}
RESULT: {"using":"xpath","value":"//bdi[text()=\"OK\"]"}
COMMAND: POST /session/eac9b0d7e8ced2053dbc37a41f3ce9ab/elements - {"using":"xpath","value":"//bdi[text()=\"OK\"]"}
RESULT: {"using":"xpath","value":"//bdi[text()=\"OK\"]"}
COMMAND: POST /session/eac9b0d7e8ced2053dbc37a41f3ce9ab/elements - {"using":"xpath","value":"//bdi[text()=\"OK\"]"}
RESULT: {"using":"xpath","value":"//bdi[text()=\"OK\"]"}
COMMAND: POST /session/eac9b0d7e8ced2053dbc37a41f3ce9ab/elements - {"using":"xpath","value":"//bdi[text()=\"OK\"]"}
RESULT: {"using":"xpath","value":"//bdi[text()=\"OK\"]"}
COMMAND: POST /session/eac9b0d7e8ced2053dbc37a41f3ce9ab/elements - {"using":"xpath","value":"//bdi[text()=\"OK\"]"}
RESULT: {"using":"xpath","value":"//bdi[text()=\"OK\"]"}
COMMAND: POST /session/eac9b0d7e8ced2053dbc37a41f3ce9ab/elements - {"using":"xpath","value":"//bdi[text()=\"OK\"]"}
RESULT: {"using":"xpath","value":"//bdi[text()=\"OK\"]"}
COMMAND: POST /session/eac9b0d7e8ced2053dbc37a41f3ce9ab/elements - {"using":"xpath","value":"//bdi[text()=\"OK\"]"}
RESULT: {"using":"xpath","value":"//bdi[text()=\"OK\"]"}
COMMAND: POST /session/eac9b0d7e8ced2053dbc37a41f3ce9ab/elements - {"using":"xpath","value":"//bdi[text()=\"OK\"]"}
RESULT: {"using":"xpath","value":"//bdi[text()=\"OK\"]"}
COMMAND: POST /session/eac9b0d7e8ced2053dbc37a41f3ce9ab/elements - {"using":"xpath","value":"//bdi[text()=\"OK\"]"}
RESULT: {"using":"xpath","value":"//bdi[text()=\"OK\"]"}
COMMAND: POST /session/eac9b0d7e8ced2053dbc37a41f3ce9ab/elements - {"using":"xpath","value":"//bdi[text()=\"OK\"]"}
RESULT: {"using":"xpath","value":"//bdi[text()=\"OK\"]"}
COMMAND: POST /session/eac9b0d7e8ced2053dbc37a41f3ce9ab/elements - {"using":"xpath","value":"//bdi[text()=\"OK\"]"}
RESULT: {"using":"xpath","value":"//bdi[text()=\"OK\"]"}
COMMAND: POST /session/eac9b0d7e8ced2053dbc37a41f3ce9ab/elements - {"using":"xpath","value":"//bdi[text()=\"OK\"]"}
RESULT: {"using":"xpath","value":"//bdi[text()=\"OK\"]"}
COMMAND: POST /session/eac9b0d7e8ced2053dbc37a41f3ce9ab/elements - {"using":"xpath","value":"//bdi[text()=\"OK\"]"}
RESULT: {"using":"xpath","value":"//bdi[text()=\"OK\"]"}
COMMAND: POST /session/eac9b0d7e8ced2053dbc37a41f3ce9ab/elements - {"using":"xpath","value":"//bdi[text()=\"OK\"]"}
RESULT: {"using":"xpath","value":"//bdi[text()=\"OK\"]"}
COMMAND: POST /session/eac9b0d7e8ced2053dbc37a41f3ce9ab/elements - {"using":"xpath","value":"//bdi[text()=\"OK\"]"}
RESULT: {"using":"xpath","value":"//bdi[text()=\"OK\"]"}
COMMAND: POST /session/eac9b0d7e8ced2053dbc37a41f3ce9ab/elements - {"using":"xpath","value":"//bdi[text()=\"OK\"]"}
RESULT: {"using":"xpath","value":"//bdi[text()=\"OK\"]"}
COMMAND: POST /session/eac9b0d7e8ced2053dbc37a41f3ce9ab/elements - {"using":"xpath","value":"//bdi[text()=\"OK\"]"}
RESULT: {"using":"xpath","value":"//bdi[text()=\"OK\"]"}
COMMAND: POST /session/eac9b0d7e8ced2053dbc37a41f3ce9ab/elements - {"using":"xpath","value":"//bdi[text()=\"OK\"]"}
RESULT: {"using":"xpath","value":"//bdi[text()=\"OK\"]"}
COMMAND: POST /session/eac9b0d7e8ced2053dbc37a41f3ce9ab/elements - {"using":"xpath","value":"//bdi[text()=\"OK\"]"}
RESULT: {"using":"xpath","value":"//bdi[text()=\"OK\"]"}
COMMAND: POST /session/eac9b0d7e8ced2053dbc37a41f3ce9ab/elements - {"using":"xpath","value":"//bdi[text()=\"OK\"]"}
RESULT: {"using":"xpath","value":"//bdi[text()=\"OK\"]"}
COMMAND: POST /session/eac9b0d7e8ced2053dbc37a41f3ce9ab/elements - {"using":"xpath","value":"//bdi[text()=\"OK\"]"}
RESULT: {"using":"xpath","value":"//bdi[text()=\"OK\"]"}
COMMAND: POST /session/eac9b0d7e8ced2053dbc37a41f3ce9ab/elements - {"using":"xpath","value":"//bdi[text()=\"OK\"]"}
RESULT: {"using":"xpath","value":"//bdi[text()=\"OK\"]"}
COMMAND: POST /session/eac9b0d7e8ced2053dbc37a41f3ce9ab/elements - {"using":"xpath","value":"//bdi[text()=\"OK\"]"}
RESULT: {"using":"xpath","value":"//bdi[text()=\"OK\"]"}
COMMAND: POST /session/eac9b0d7e8ced2053dbc37a41f3ce9ab/elements - {"using":"xpath","value":"//bdi[text()=\"OK\"]"}
RESULT: {"using":"xpath","value":"//bdi[text()=\"OK\"]"}
COMMAND: POST /session/eac9b0d7e8ced2053dbc37a41f3ce9ab/elements - {"using":"xpath","value":"//bdi[text()=\"OK\"]"}
RESULT: {"using":"xpath","value":"//bdi[text()=\"OK\"]"}
COMMAND: POST /session/eac9b0d7e8ced2053dbc37a41f3ce9ab/elements - {"using":"xpath","value":"//bdi[text()=\"OK\"]"}
RESULT: {"using":"xpath","value":"//bdi[text()=\"OK\"]"}
COMMAND: POST /session/eac9b0d7e8ced2053dbc37a41f3ce9ab/elements - {"using":"xpath","value":"//bdi[text()=\"OK\"]"}
RESULT: {"using":"xpath","value":"//bdi[text()=\"OK\"]"}
COMMAND: POST /session/eac9b0d7e8ced2053dbc37a41f3ce9ab/elements - {"using":"xpath","value":"//bdi[text()=\"OK\"]"}
RESULT: {"using":"xpath","value":"//bdi[text()=\"OK\"]"}
COMMAND: POST /session/eac9b0d7e8ced2053dbc37a41f3ce9ab/elements - {"using":"xpath","value":"//bdi[text()=\"OK\"]"}
RESULT: {"using":"xpath","value":"//bdi[text()=\"OK\"]"}
COMMAND: POST /session/eac9b0d7e8ced2053dbc37a41f3ce9ab/elements - {"using":"xpath","value":"//bdi[text()=\"OK\"]"}
RESULT: {"using":"xpath","value":"//bdi[text()=\"OK\"]"}
COMMAND: POST /session/eac9b0d7e8ced2053dbc37a41f3ce9ab/elements - {"using":"xpath","value":"//bdi[text()=\"OK\"]"}
RESULT: {"using":"xpath","value":"//bdi[text()=\"OK\"]"}
COMMAND: POST /session/eac9b0d7e8ced2053dbc37a41f3ce9ab/elements - {"using":"xpath","value":"//bdi[text()=\"OK\"]"}
RESULT: {"using":"xpath","value":"//bdi[text()=\"OK\"]"}
COMMAND: POST /session/eac9b0d7e8ced2053dbc37a41f3ce9ab/elements - {"using":"xpath","value":"//bdi[text()=\"OK\"]"}
RESULT: {"using":"xpath","value":"//bdi[text()=\"OK\"]"}
COMMAND: POST /session/eac9b0d7e8ced2053dbc37a41f3ce9ab/elements - {"using":"xpath","value":"//bdi[text()=\"OK\"]"}
RESULT: {"using":"xpath","value":"//bdi[text()=\"OK\"]"}
COMMAND: POST /session/eac9b0d7e8ced2053dbc37a41f3ce9ab/elements - {"using":"xpath","value":"//bdi[text()=\"OK\"]"}
RESULT: {"using":"xpath","value":"//bdi[text()=\"OK\"]"}
COMMAND: POST /session/eac9b0d7e8ced2053dbc37a41f3ce9ab/elements - {"using":"xpath","value":"//bdi[text()=\"OK\"]"}
RESULT: {"using":"xpath","value":"//bdi[text()=\"OK\"]"}
COMMAND: POST /session/eac9b0d7e8ced2053dbc37a41f3ce9ab/execute/async - {"script":"<script> [1562 bytes]","args":[{"selector":{"id":"application-manageresources-display-component---newResourceUnit--TYPE-arrow"},"wdio_ui5_key":"applicationmanageresources-display-component---newResourceUnit--TYPE-arrow"}]}
RESULT: {"script":"<script> [1562 bytes]","args":[{"selector":{"id":"application-manageresources-display-component---newResourceUnit--TYPE-arrow"},"wdio_ui5_key":"applicationmanageresources-display-component---newResourceUnit--TYPE-arrow"}]}
RESULT: undefined
COMMAND: POST /session/eac9b0d7e8ced2053dbc37a41f3ce9ab/element - {"using":"xpath","value":"//*[@id=\"application-manageresources-display-component---newResourceUnit--TYPE-arrow\"]"}
RESULT: {"using":"xpath","value":"//*[@id=\"application-manageresources-display-component---newResourceUnit--TYPE-arrow\"]"}
COMMAND: POST /session/eac9b0d7e8ced2053dbc37a41f3ce9ab/element/f.6F465290622CE65C200047306CC70E60.d.FCE78D9B8946A088C2C5D1897A2B9AB0.e.7247/click - {}
RESULT: {}
COMMAND: POST /session/eac9b0d7e8ced2053dbc37a41f3ce9ab/execute/async - {"script":"<script> [1562 bytes]","args":[{"selector":{"controlType":"sap.m.StandardListItem","viewName":"reusables.view.manageresources.NewResourceUnit","viewId":"application-manageresources-display-component---newResourceUnit","properties":{"title":"Equipment"},"searchOpenDialogs":true,"interaction":{"idSuffix":"content"}},"wdio_ui5_key":"reusablesview.manageresources.NewResourceUnitsap.m.StandardListItem{\"title\":\"Equipment\"}"}]}
COMMAND: GET /session/eac9b0d7e8ced2053dbc37a41f3ce9ab/screenshot - {}
RESULT: {"script":"<script> [1562 bytes]","args":[{"selector":{"controlType":"sap.m.StandardListItem","viewName":"reusables.view.manageresources.NewResourceUnit","viewId":"application-manageresources-display-component---newResourceUnit","properties":{"title":"Equipment"},"searchOpenDialogs":true,"interaction":{"idSuffix":"content"}},"wdio_ui5_key":"reusablesview.manageresources.NewResourceUnitsap.m.StandardListItem{\"title\":\"Equipment\"}"}]}
RESULT: undefined
COMMAND: POST /session/eac9b0d7e8ced2053dbc37a41f3ce9ab/element - {"using":"xpath","value":"//*[@id=\"__item138\"]"}
RESULT: {}
RESULT: {"using":"xpath","value":"//*[@id=\"__item138\"]"}
COMMAND: POST /session/eac9b0d7e8ced2053dbc37a41f3ce9ab/element/f.6F465290622CE65C200047306CC70E60.d.FCE78D9B8946A088C2C5D1897A2B9AB0.e.7250/click - {}
RESULT: {}
COMMAND: POST /session/eac9b0d7e8ced2053dbc37a41f3ce9ab/execute/async - {"script":"<script> [1562 bytes]","args":[{"selector":{"id":"application-manageresources-display-component---newResourceUnit--resourceId","interaction":{"idSuffix":"inner"}},"wdio_ui5_key":"applicationmanageresources-display-component---newResourceUnit--resourceId"}]}
COMMAND: GET /session/eac9b0d7e8ced2053dbc37a41f3ce9ab/screenshot - {}
RESULT: {"script":"<script> [1562 bytes]","args":[{"selector":{"id":"application-manageresources-display-component---newResourceUnit--resourceId","interaction":{"idSuffix":"inner"}},"wdio_ui5_key":"applicationmanageresources-display-component---newResourceUnit--resourceId"}]}
RESULT: undefined
COMMAND: POST /session/eac9b0d7e8ced2053dbc37a41f3ce9ab/execute/async - {"script":"<script> [776 bytes]","args":[{"enterText":"EquipmentCounter wx9rm","selector":{"id":"application-manageresources-display-component---newResourceUnit--resourceId","interaction":{"idSuffix":"inner"}},"clearTextFirst":true,"interactionType":"ENTER_TEXT"}]}
RESULT: {}
RESULT: {"script":"<script> [776 bytes]","args":[{"enterText":"EquipmentCounter wx9rm","selector":{"id":"application-manageresources-display-component---newResourceUnit--resourceId","interaction":{"idSuffix":"inner"}},"clearTextFirst":true,"interactionType":"ENTER_TEXT"}]}
COMMAND: POST /session/eac9b0d7e8ced2053dbc37a41f3ce9ab/execute/async - {"script":"<script> [1562 bytes]","args":[{"selector":{"id":"application-manageresources-display-component---newResourceUnit--SHORT_TEXT","interaction":{"idSuffix":"inner"}},"wdio_ui5_key":"applicationmanageresources-display-component---newResourceUnit--SHORT_TEXT"}]}
RESULT: {"script":"<script> [1562 bytes]","args":[{"selector":{"id":"application-manageresources-display-component---newResourceUnit--SHORT_TEXT","interaction":{"idSuffix":"inner"}},"wdio_ui5_key":"applicationmanageresources-display-component---newResourceUnit--SHORT_TEXT"}]}
RESULT: undefined
COMMAND: POST /session/eac9b0d7e8ced2053dbc37a41f3ce9ab/execute/async - {"script":"<script> [776 bytes]","args":[{"enterText":"EquipmentCounter wx9rm","selector":{"id":"application-manageresources-display-component---newResourceUnit--SHORT_TEXT","interaction":{"idSuffix":"inner"}},"clearTextFirst":true,"interactionType":"ENTER_TEXT"}]}
RESULT: {"script":"<script> [776 bytes]","args":[{"enterText":"EquipmentCounter wx9rm","selector":{"id":"application-manageresources-display-component---newResourceUnit--SHORT_TEXT","interaction":{"idSuffix":"inner"}},"clearTextFirst":true,"interactionType":"ENTER_TEXT"}]}
COMMAND: POST /session/eac9b0d7e8ced2053dbc37a41f3ce9ab/execute/async - {"script":"<script> [1562 bytes]","args":[{"selector":{"id":"application-manageresources-display-component---newResourceUnit--BASE_UNIT_OF_MEASURE","interaction":{"idSuffix":"inner"}},"wdio_ui5_key":"applicationmanageresources-display-component---newResourceUnit--BASE_UNIT_OF_MEASURE"}]}
RESULT: {"script":"<script> [1562 bytes]","args":[{"selector":{"id":"application-manageresources-display-component---newResourceUnit--BASE_UNIT_OF_MEASURE","interaction":{"idSuffix":"inner"}},"wdio_ui5_key":"applicationmanageresources-display-component---newResourceUnit--BASE_UNIT_OF_MEASURE"}]}
RESULT: undefined
COMMAND: POST /session/eac9b0d7e8ced2053dbc37a41f3ce9ab/execute/async - {"script":"<script> [776 bytes]","args":[{"enterText":"Piece","selector":{"id":"application-manageresources-display-component---newResourceUnit--BASE_UNIT_OF_MEASURE","interaction":{"idSuffix":"inner"}},"clearTextFirst":true,"interactionType":"ENTER_TEXT"}]}
RESULT: {"script":"<script> [776 bytes]","args":[{"enterText":"Piece","selector":{"id":"application-manageresources-display-component---newResourceUnit--BASE_UNIT_OF_MEASURE","interaction":{"idSuffix":"inner"}},"clearTextFirst":true,"interactionType":"ENTER_TEXT"}]}
COMMAND: POST /session/eac9b0d7e8ced2053dbc37a41f3ce9ab/execute/async - {"script":"<script> [1562 bytes]","args":[{"selector":{"id":"application-manageresources-display-component---newResourceUnit--WEIGHT_UNIT","interaction":{"idSuffix":"inner"}},"wdio_ui5_key":"applicationmanageresources-display-component---newResourceUnit--WEIGHT_UNIT"}]}
RESULT: {"script":"<script> [1562 bytes]","args":[{"selector":{"id":"application-manageresources-display-component---newResourceUnit--WEIGHT_UNIT","interaction":{"idSuffix":"inner"}},"wdio_ui5_key":"applicationmanageresources-display-component---newResourceUnit--WEIGHT_UNIT"}]}
RESULT: undefined
COMMAND: POST /session/eac9b0d7e8ced2053dbc37a41f3ce9ab/execute/async - {"script":"<script> [776 bytes]","args":[{"enterText":"Gram","selector":{"id":"application-manageresources-display-component---newResourceUnit--WEIGHT_UNIT","interaction":{"idSuffix":"inner"}},"clearTextFirst":true,"interactionType":"ENTER_TEXT"}]}
RESULT: {"script":"<script> [776 bytes]","args":[{"enterText":"Gram","selector":{"id":"application-manageresources-display-component---newResourceUnit--WEIGHT_UNIT","interaction":{"idSuffix":"inner"}},"clearTextFirst":true,"interactionType":"ENTER_TEXT"}]}
COMMAND: POST /session/eac9b0d7e8ced2053dbc37a41f3ce9ab/execute/async - {"script":"<script> [1562 bytes]","args":[{"selector":{"id":"application-manageresources-display-component---newResourceUnit--newRRUPage-OPHeaderContent-collapseBtn-img"},"wdio_ui5_key":"applicationmanageresources-display-component---newResourceUnit--newRRUPage-OPHeaderContent-collapseBtn-img"}]}
RESULT: {"script":"<script> [1562 bytes]","args":[{"selector":{"id":"application-manageresources-display-component---newResourceUnit--newRRUPage-OPHeaderContent-collapseBtn-img"},"wdio_ui5_key":"applicationmanageresources-display-component---newResourceUnit--newRRUPage-OPHeaderContent-collapseBtn-img"}]}
RESULT: undefined
COMMAND: POST /session/eac9b0d7e8ced2053dbc37a41f3ce9ab/element - {"using":"xpath","value":"//*[@id=\"application-manageresources-display-component---newResourceUnit--newRRUPage-OPHeaderContent-collapseBtn-img\"]"}
RESULT: {"using":"xpath","value":"//*[@id=\"application-manageresources-display-component---newResourceUnit--newRRUPage-OPHeaderContent-collapseBtn-img\"]"}
COMMAND: POST /session/eac9b0d7e8ced2053dbc37a41f3ce9ab/element/f.6F465290622CE65C200047306CC70E60.d.FCE78D9B8946A088C2C5D1897A2B9AB0.e.7258/click - {}
RESULT: {}
COMMAND: GET /session/eac9b0d7e8ced2053dbc37a41f3ce9ab/screenshot - {}
RESULT: {}
COMMAND: POST /session/eac9b0d7e8ced2053dbc37a41f3ce9ab/element - {"using":"xpath","value":"(//span[contains(@id ,\"application-manageresources-display-component---newResourceUnit--DIMENSION_UNIT-arrow\")])[1]"}
RESULT: {"using":"xpath","value":"(//span[contains(@id ,\"application-manageresources-display-component---newResourceUnit--DIMENSION_UNIT-arrow\")])[1]"}
COMMAND: POST /session/eac9b0d7e8ced2053dbc37a41f3ce9ab/element/f.6F465290622CE65C200047306CC70E60.d.FCE78D9B8946A088C2C5D1897A2B9AB0.e.7379/click - {}
RESULT: {}
COMMAND: GET /session/eac9b0d7e8ced2053dbc37a41f3ce9ab/screenshot - {}
RESULT: {}
COMMAND: POST /session/eac9b0d7e8ced2053dbc37a41f3ce9ab/execute/async - {"script":"<script> [1562 bytes]","args":[{"selector":{"controlType":"sap.m.StandardListItem","viewName":"reusables.view.manageresources.NewResourceUnit","viewId":"application-manageresources-display-component---newResourceUnit","properties":{"title":"Centimeter"},"searchOpenDialogs":true,"interaction":{"idSuffix":"titleText"}},"wdio_ui5_key":"reusablesview.manageresources.NewResourceUnitsap.m.StandardListItem{\"title\":\"Centimeter\"}"}]}
RESULT: {"script":"<script> [1562 bytes]","args":[{"selector":{"controlType":"sap.m.StandardListItem","viewName":"reusables.view.manageresources.NewResourceUnit","viewId":"application-manageresources-display-component---newResourceUnit","properties":{"title":"Centimeter"},"searchOpenDialogs":true,"interaction":{"idSuffix":"titleText"}},"wdio_ui5_key":"reusablesview.manageresources.NewResourceUnitsap.m.StandardListItem{\"title\":\"Centimeter\"}"}]}
RESULT: undefined
COMMAND: POST /session/eac9b0d7e8ced2053dbc37a41f3ce9ab/element - {"using":"xpath","value":"//*[@id=\"__item179\"]"}
RESULT: {"using":"xpath","value":"//*[@id=\"__item179\"]"}
COMMAND: POST /session/eac9b0d7e8ced2053dbc37a41f3ce9ab/element/f.6F465290622CE65C200047306CC70E60.d.FCE78D9B8946A088C2C5D1897A2B9AB0.e.7383/click - {}
RESULT: {}
COMMAND: GET /session/eac9b0d7e8ced2053dbc37a41f3ce9ab/screenshot - {}
RESULT: {}
COMMAND: POST /session/eac9b0d7e8ced2053dbc37a41f3ce9ab/execute/async - {"script":"<script> [1562 bytes]","args":[{"selector":{"id":"application-manageresources-display-component---newResourceUnit--newRRUPage-anchBar-application-manageresources-display-component---newResourceUnit--control-anchor","interaction":{"idSuffix":"BDI-content"}},"wdio_ui5_key":"applicationmanageresources-display-component---newResourceUnit--newRRUPage-anchBar-application-manageresources-display-component---newResourceUnit--control-anchor"}]}
RESULT: {"script":"<script> [1562 bytes]","args":[{"selector":{"id":"application-manageresources-display-component---newResourceUnit--newRRUPage-anchBar-application-manageresources-display-component---newResourceUnit--control-anchor","interaction":{"idSuffix":"BDI-content"}},"wdio_ui5_key":"applicationmanageresources-display-component---newResourceUnit--newRRUPage-anchBar-application-manageresources-display-component---newResourceUnit--control-anchor"}]}
RESULT: undefined
COMMAND: POST /session/eac9b0d7e8ced2053dbc37a41f3ce9ab/element - {"using":"xpath","value":"//*[@id=\"application-manageresources-display-component---newResourceUnit--newRRUPage-anchBar-application-manageresources-display-component---newResourceUnit--control-anchor\"]"}
RESULT: {"using":"xpath","value":"//*[@id=\"application-manageresources-display-component---newResourceUnit--newRRUPage-anchBar-application-manageresources-display-component---newResourceUnit--control-anchor\"]"}
COMMAND: POST /session/eac9b0d7e8ced2053dbc37a41f3ce9ab/element/f.6F465290622CE65C200047306CC70E60.d.FCE78D9B8946A088C2C5D1897A2B9AB0.e.7385/click - {}
RESULT: {}
COMMAND: POST /session/eac9b0d7e8ced2053dbc37a41f3ce9ab/execute/async - {"script":"<script> [1562 bytes]","args":[{"selector":{"id":"application-manageresources-display-component---newResourceUnit--PLANNING_GROUP","interaction":{"idSuffix":"inner"}},"wdio_ui5_key":"applicationmanageresources-display-component---newResourceUnit--PLANNING_GROUP"}]}
COMMAND: GET /session/eac9b0d7e8ced2053dbc37a41f3ce9ab/screenshot - {}
RESULT: {"script":"<script> [1562 bytes]","args":[{"selector":{"id":"application-manageresources-display-component---newResourceUnit--PLANNING_GROUP","interaction":{"idSuffix":"inner"}},"wdio_ui5_key":"applicationmanageresources-display-component---newResourceUnit--PLANNING_GROUP"}]}
RESULT: undefined
COMMAND: POST /session/eac9b0d7e8ced2053dbc37a41f3ce9ab/execute/async - {"script":"<script> [776 bytes]","args":[{"enterText":"Heavy Equi","selector":{"id":"application-manageresources-display-component---newResourceUnit--PLANNING_GROUP","interaction":{"idSuffix":"inner"}},"clearTextFirst":true,"interactionType":"ENTER_TEXT"}]}
RESULT: {}
RESULT: {"script":"<script> [776 bytes]","args":[{"enterText":"Heavy Equi","selector":{"id":"application-manageresources-display-component---newResourceUnit--PLANNING_GROUP","interaction":{"idSuffix":"inner"}},"clearTextFirst":true,"interactionType":"ENTER_TEXT"}]}
COMMAND: POST /session/eac9b0d7e8ced2053dbc37a41f3ce9ab/execute/async - {"script":"<script> [1562 bytes]","args":[{"selector":{"id":"application-manageresources-display-component---newResourceUnit--ITEM_TYPE-arrow"},"wdio_ui5_key":"applicationmanageresources-display-component---newResourceUnit--ITEM_TYPE-arrow"}]}
RESULT: {"script":"<script> [1562 bytes]","args":[{"selector":{"id":"application-manageresources-display-component---newResourceUnit--ITEM_TYPE-arrow"},"wdio_ui5_key":"applicationmanageresources-display-component---newResourceUnit--ITEM_TYPE-arrow"}]}
RESULT: undefined
COMMAND: POST /session/eac9b0d7e8ced2053dbc37a41f3ce9ab/element - {"using":"xpath","value":"//*[@id=\"application-manageresources-display-component---newResourceUnit--ITEM_TYPE-arrow\"]"}
RESULT: {"using":"xpath","value":"//*[@id=\"application-manageresources-display-component---newResourceUnit--ITEM_TYPE-arrow\"]"}
COMMAND: POST /session/eac9b0d7e8ced2053dbc37a41f3ce9ab/element/f.6F465290622CE65C200047306CC70E60.d.FCE78D9B8946A088C2C5D1897A2B9AB0.e.7390/click - {}
RESULT: {}
COMMAND: POST /session/eac9b0d7e8ced2053dbc37a41f3ce9ab/execute/async - {"script":"<script> [1562 bytes]","args":[{"selector":{"controlType":"sap.m.StandardListItem","viewName":"reusables.view.manageresources.NewResourceUnit","viewId":"application-manageresources-display-component---newResourceUnit","properties":{"title":"Resource Unit"},"searchOpenDialogs":true,"interaction":{"idSuffix":"titleText"}},"wdio_ui5_key":"reusablesview.manageresources.NewResourceUnitsap.m.StandardListItem{\"title\":\"Resource Unit\"}"}]}
COMMAND: GET /session/eac9b0d7e8ced2053dbc37a41f3ce9ab/screenshot - {}
RESULT: {"script":"<script> [1562 bytes]","args":[{"selector":{"controlType":"sap.m.StandardListItem","viewName":"reusables.view.manageresources.NewResourceUnit","viewId":"application-manageresources-display-component---newResourceUnit","properties":{"title":"Resource Unit"},"searchOpenDialogs":true,"interaction":{"idSuffix":"titleText"}},"wdio_ui5_key":"reusablesview.manageresources.NewResourceUnitsap.m.StandardListItem{\"title\":\"Resource Unit\"}"}]}
RESULT: undefined
COMMAND: POST /session/eac9b0d7e8ced2053dbc37a41f3ce9ab/element - {"using":"xpath","value":"//*[@id=\"__item201\"]"}
RESULT: {}
RESULT: {"using":"xpath","value":"//*[@id=\"__item201\"]"}
COMMAND: POST /session/eac9b0d7e8ced2053dbc37a41f3ce9ab/element/f.6F465290622CE65C200047306CC70E60.d.FCE78D9B8946A088C2C5D1897A2B9AB0.e.7392/click - {}
RESULT: {}
COMMAND: POST /session/eac9b0d7e8ced2053dbc37a41f3ce9ab/element - {"using":"xpath","value":"//bdi[contains(text(), \"Time Segment\")]"}
COMMAND: GET /session/eac9b0d7e8ced2053dbc37a41f3ce9ab/screenshot - {}
RESULT: {"using":"xpath","value":"//bdi[contains(text(), \"Time Segment\")]"}
COMMAND: GET /session/eac9b0d7e8ced2053dbc37a41f3ce9ab/element/f.6F465290622CE65C200047306CC70E60.d.FCE78D9B8946A088C2C5D1897A2B9AB0.e.7393/rect - {}
RESULT: {}
RESULT: {}
COMMAND: GET /session/eac9b0d7e8ced2053dbc37a41f3ce9ab/window/rect - {}
RESULT: {}
COMMAND: POST /session/eac9b0d7e8ced2053dbc37a41f3ce9ab/execute/sync - {"script":"<script> [92 bytes]","args":[]}
RESULT: {"script":"<script> [92 bytes]","args":[]}
COMMAND: POST /session/eac9b0d7e8ced2053dbc37a41f3ce9ab/actions - {"actions":[{"id":"action21","type":"wheel","parameters":{},"actions":[{"type":"scroll","x":-1820,"y":-21,"deltaX":0,"deltaY":0,"duration":0,"origin":{"element-6066-11e4-a52e-4f735466cecf":"f.6F465290622CE65C200047306CC70E60.d.FCE78D9B8946A088C2C5D1897A2B9AB0.e.7393"}}]}]}
COMMAND: GET /session/eac9b0d7e8ced2053dbc37a41f3ce9ab/screenshot - {}
RESULT: {}
COMMAND: POST /session/eac9b0d7e8ced2053dbc37a41f3ce9ab/execute/sync - {"script":"<script> [79 bytes]","args":[{"element-6066-11e4-a52e-4f735466cecf":"f.6F465290622CE65C200047306CC70E60.d.FCE78D9B8946A088C2C5D1897A2B9AB0.e.7393","ELEMENT":"f.6F465290622CE65C200047306CC70E60.d.FCE78D9B8946A088C2C5D1897A2B9AB0.e.7393"},{"block":"start","inline":"nearest"}]}
RESULT: {"script":"<script> [79 bytes]","args":[{"element-6066-11e4-a52e-4f735466cecf":"f.6F465290622CE65C200047306CC70E60.d.FCE78D9B8946A088C2C5D1897A2B9AB0.e.7393","ELEMENT":"f.6F465290622CE65C200047306CC70E60.d.FCE78D9B8946A088C2C5D1897A2B9AB0.e.7393"},{"block":"start","inline":"nearest"}]}
COMMAND: POST /session/eac9b0d7e8ced2053dbc37a41f3ce9ab/execute/async - {"script":"<script> [1562 bytes]","args":[{"selector":{"id":"application-manageresources-display-component---newResourceUnit--btnAddTimeSegment-img"},"wdio_ui5_key":"applicationmanageresources-display-component---newResourceUnit--btnAddTimeSegment-img"}]}
COMMAND: GET /session/eac9b0d7e8ced2053dbc37a41f3ce9ab/screenshot - {}
RESULT: {"script":"<script> [1562 bytes]","args":[{"selector":{"id":"application-manageresources-display-component---newResourceUnit--btnAddTimeSegment-img"},"wdio_ui5_key":"applicationmanageresources-display-component---newResourceUnit--btnAddTimeSegment-img"}]}
RESULT: undefined
COMMAND: POST /session/eac9b0d7e8ced2053dbc37a41f3ce9ab/element - {"using":"xpath","value":"//*[@id=\"application-manageresources-display-component---newResourceUnit--btnAddTimeSegment-img\"]"}
RESULT: {}
RESULT: {"using":"xpath","value":"//*[@id=\"application-manageresources-display-component---newResourceUnit--btnAddTimeSegment-img\"]"}
COMMAND: POST /session/eac9b0d7e8ced2053dbc37a41f3ce9ab/element/f.6F465290622CE65C200047306CC70E60.d.FCE78D9B8946A088C2C5D1897A2B9AB0.e.7396/click - {}
RESULT: {}
COMMAND: POST /session/eac9b0d7e8ced2053dbc37a41f3ce9ab/element - {"using":"xpath","value":"//input[@id=\"application-manageresources-display-component---newResourceUnit--idRuTSAdmin-application-manageresources-display-component---newResourceUnit--RUTimeSegment-0-inner\"]"}
COMMAND: GET /session/eac9b0d7e8ced2053dbc37a41f3ce9ab/screenshot - {}
RESULT: {"using":"xpath","value":"//input[@id=\"application-manageresources-display-component---newResourceUnit--idRuTSAdmin-application-manageresources-display-component---newResourceUnit--RUTimeSegment-0-inner\"]"}
COMMAND: POST /session/eac9b0d7e8ced2053dbc37a41f3ce9ab/element/f.6F465290622CE65C200047306CC70E60.d.FCE78D9B8946A088C2C5D1897A2B9AB0.e.7400/clear - {}
RESULT: {}
RESULT: {}
COMMAND: POST /session/eac9b0d7e8ced2053dbc37a41f3ce9ab/element/f.6F465290622CE65C200047306CC70E60.d.FCE78D9B8946A088C2C5D1897A2B9AB0.e.7400/value - {"text":"Webdriver Yard"}
COMMAND: GET /session/eac9b0d7e8ced2053dbc37a41f3ce9ab/screenshot - {}
RESULT: {"text":"Webdriver Yard"}
COMMAND: GET /session/eac9b0d7e8ced2053dbc37a41f3ce9ab/screenshot - {}
RESULT: {}
RESULT: {}
COMMAND: POST /session/eac9b0d7e8ced2053dbc37a41f3ce9ab/actions - {"actions":[{"id":"action22","type":"key","parameters":{},"actions":[{"type":"keyDown","value":"î€‡"},{"type":"pause","duration":10},{"type":"keyUp","value":"î€‡"}]}]}
RESULT: {"actions":[{"id":"action22","type":"key","parameters":{},"actions":[{"type":"keyDown","value":"î€‡"},{"type":"pause","duration":10},{"type":"keyUp","value":"î€‡"}]}]}
COMMAND: POST /session/eac9b0d7e8ced2053dbc37a41f3ce9ab/execute/async - {"script":"<script> [1562 bytes]","args":[{"selector":{"controlType":"sap.ui.core.Icon","viewName":"reusables.view.manageresources.NewResourceUnit","viewId":"application-manageresources-display-component---newResourceUnit","properties":{"src":{"regex":{"source":"slim\\-arrow\\-down"}}},"ancestor":{"controlType":"sap.m.ComboBox","viewName":"reusables.view.manageresources.NewResourceUnit","viewId":"application-manageresources-display-component---newResourceUnit","bindingPath":{"path":"/RESOURCE_UNIT_TIME_SEQUENCES/0","propertyPath":"COST_OBJECT_ADMIN_CST_TYPE","modelName":"oNewRruModel"}}},"wdio_ui5_key":"reusablesview.manageresources.NewResourceUnitsap.ui.core.Icon{\"src\":{\"regex\":{\"source\":\"slim\\\\-arrow\\\\-down\"}}}{\"controlType\":\"sap.m.ComboBox\",\"viewName\":\"reusables.view.manageresources.NewResourceUnit\",\"viewId\":\"application-manageresources-display-component---newResourceUnit\",\"bindingPath\":{\"path\":\"/RESOURCE_UNIT_TIME_SEQUENCES/0\",\"propertyPath\":\"COST_OBJECT_ADMIN_CST_TYPE\",\"modelName\":\"oNewRruModel\"}}"}]}
COMMAND: GET /session/eac9b0d7e8ced2053dbc37a41f3ce9ab/screenshot - {}
RESULT: {"script":"<script> [1562 bytes]","args":[{"selector":{"controlType":"sap.ui.core.Icon","viewName":"reusables.view.manageresources.NewResourceUnit","viewId":"application-manageresources-display-component---newResourceUnit","properties":{"src":{"regex":{"source":"slim\\-arrow\\-down"}}},"ancestor":{"controlType":"sap.m.ComboBox","viewName":"reusables.view.manageresources.NewResourceUnit","viewId":"application-manageresources-display-component---newResourceUnit","bindingPath":{"path":"/RESOURCE_UNIT_TIME_SEQUENCES/0","propertyPath":"COST_OBJECT_ADMIN_CST_TYPE","modelName":"oNewRruModel"}}},"wdio_ui5_key":"reusablesview.manageresources.NewResourceUnitsap.ui.core.Icon{\"src\":{\"regex\":{\"source\":\"slim\\\\-arrow\\\\-down\"}}}{\"controlType\":\"sap.m.ComboBox\",\"viewName\":\"reusables.view.manageresources.NewResourceUnit\",\"viewId\":\"application-manageresources-display-component---newResourceUnit\",\"bindingPath\":{\"path\":\"/RESOURCE_UNIT_TIME_SEQUENCES/0\",\"propertyPath\":\"COST_OBJECT_ADMIN_CST_TYPE\",\"modelName\":\"oNewRruModel\"}}"}]}
RESULT: undefined
COMMAND: POST /session/eac9b0d7e8ced2053dbc37a41f3ce9ab/element - {"using":"xpath","value":"//*[@id=\"__box4-application-manageresources-display-component---newResourceUnit--RUTimeSegment-0-arrow\"]"}
RESULT: {}
RESULT: {"using":"xpath","value":"//*[@id=\"__box4-application-manageresources-display-component---newResourceUnit--RUTimeSegment-0-arrow\"]"}
COMMAND: POST /session/eac9b0d7e8ced2053dbc37a41f3ce9ab/element/f.6F465290622CE65C200047306CC70E60.d.FCE78D9B8946A088C2C5D1897A2B9AB0.e.7412/click - {}
RESULT: {}
COMMAND: POST /session/eac9b0d7e8ced2053dbc37a41f3ce9ab/execute/async - {"script":"<script> [1562 bytes]","args":[{"selector":{"controlType":"sap.m.StandardListItem","viewName":"reusables.view.manageresources.NewResourceUnit","viewId":"application-manageresources-display-component---newResourceUnit","properties":{"title":"PM Order"},"searchOpenDialogs":true,"interaction":{"idSuffix":"titleText"}},"wdio_ui5_key":"reusablesview.manageresources.NewResourceUnitsap.m.StandardListItem{\"title\":\"PM Order\"}"}]}
COMMAND: GET /session/eac9b0d7e8ced2053dbc37a41f3ce9ab/screenshot - {}
RESULT: {"script":"<script> [1562 bytes]","args":[{"selector":{"controlType":"sap.m.StandardListItem","viewName":"reusables.view.manageresources.NewResourceUnit","viewId":"application-manageresources-display-component---newResourceUnit","properties":{"title":"PM Order"},"searchOpenDialogs":true,"interaction":{"idSuffix":"titleText"}},"wdio_ui5_key":"reusablesview.manageresources.NewResourceUnitsap.m.StandardListItem{\"title\":\"PM Order\"}"}]}
RESULT: undefined
COMMAND: POST /session/eac9b0d7e8ced2053dbc37a41f3ce9ab/element - {"using":"xpath","value":"//*[@id=\"__item522\"]"}
RESULT: {}
RESULT: {"using":"xpath","value":"//*[@id=\"__item522\"]"}
COMMAND: POST /session/eac9b0d7e8ced2053dbc37a41f3ce9ab/element/f.6F465290622CE65C200047306CC70E60.d.FCE78D9B8946A088C2C5D1897A2B9AB0.e.7416/click - {}
RESULT: {}
COMMAND: GET /session/eac9b0d7e8ced2053dbc37a41f3ce9ab/screenshot - {}
RESULT: {}
COMMAND: POST /session/eac9b0d7e8ced2053dbc37a41f3ce9ab/element - {"using":"xpath","value":"(//input[contains(@id ,\"-application-manageresources-display-component---newResourceUnit--RUTimeSegment-0-inner\")])[8]"}
RESULT: {"using":"xpath","value":"(//input[contains(@id ,\"-application-manageresources-display-component---newResourceUnit--RUTimeSegment-0-inner\")])[8]"}
COMMAND: POST /session/eac9b0d7e8ced2053dbc37a41f3ce9ab/element/f.6F465290622CE65C200047306CC70E60.d.FCE78D9B8946A088C2C5D1897A2B9AB0.e.7419/clear - {}
RESULT: {}
COMMAND: POST /session/eac9b0d7e8ced2053dbc37a41f3ce9ab/element/f.6F465290622CE65C200047306CC70E60.d.FCE78D9B8946A088C2C5D1897A2B9AB0.e.7419/value - {"text":"4000360"}
COMMAND: GET /session/eac9b0d7e8ced2053dbc37a41f3ce9ab/screenshot - {}
RESULT: {"text":"4000360"}
COMMAND: GET /session/eac9b0d7e8ced2053dbc37a41f3ce9ab/screenshot - {}
RESULT: {}
RESULT: {}
COMMAND: POST /session/eac9b0d7e8ced2053dbc37a41f3ce9ab/actions - {"actions":[{"id":"action23","type":"key","parameters":{},"actions":[{"type":"keyDown","value":"î€‡"},{"type":"pause","duration":10},{"type":"keyUp","value":"î€‡"}]}]}
RESULT: {"actions":[{"id":"action23","type":"key","parameters":{},"actions":[{"type":"keyDown","value":"î€‡"},{"type":"pause","duration":10},{"type":"keyUp","value":"î€‡"}]}]}
COMMAND: GET /session/eac9b0d7e8ced2053dbc37a41f3ce9ab/screenshot - {}
RESULT: {}
COMMAND: POST /session/eac9b0d7e8ced2053dbc37a41f3ce9ab/execute/async - {"script":"<script> [1562 bytes]","args":[{"selector":{"id":"application-manageresources-display-component---newResourceUnit--newTimeSegmentDateRangePicker-application-manageresources-display-component---newResourceUnit--RUTimeSegment-0","interaction":{"idSuffix":"inner"}},"wdio_ui5_key":"applicationmanageresources-display-component---newResourceUnit--newTimeSegmentDateRangePicker-application-manageresources-display-component---newResourceUnit--RUTimeSegment-0"}]}
RESULT: {"script":"<script> [1562 bytes]","args":[{"selector":{"id":"application-manageresources-display-component---newResourceUnit--newTimeSegmentDateRangePicker-application-manageresources-display-component---newResourceUnit--RUTimeSegment-0","interaction":{"idSuffix":"inner"}},"wdio_ui5_key":"applicationmanageresources-display-component---newResourceUnit--newTimeSegmentDateRangePicker-application-manageresources-display-component---newResourceUnit--RUTimeSegment-0"}]}
RESULT: undefined
COMMAND: POST /session/eac9b0d7e8ced2053dbc37a41f3ce9ab/execute/async - {"script":"<script> [1562 bytes]","args":[{"selector":{"id":"application-manageresources-display-component---newResourceUnit--newRRUPage-anchBar-application-manageresources-display-component---newResourceUnit--resource-anchor","interaction":{"idSuffix":"BDI-content"}},"wdio_ui5_key":"applicationmanageresources-display-component---newResourceUnit--newRRUPage-anchBar-application-manageresources-display-component---newResourceUnit--resource-anchor"}]}
RESULT: {"script":"<script> [1562 bytes]","args":[{"selector":{"id":"application-manageresources-display-component---newResourceUnit--newRRUPage-anchBar-application-manageresources-display-component---newResourceUnit--resource-anchor","interaction":{"idSuffix":"BDI-content"}},"wdio_ui5_key":"applicationmanageresources-display-component---newResourceUnit--newRRUPage-anchBar-application-manageresources-display-component---newResourceUnit--resource-anchor"}]}
RESULT: undefined
COMMAND: POST /session/eac9b0d7e8ced2053dbc37a41f3ce9ab/element - {"using":"xpath","value":"//*[@id=\"application-manageresources-display-component---newResourceUnit--newRRUPage-anchBar-application-manageresources-display-component---newResourceUnit--resource-anchor\"]"}
RESULT: {"using":"xpath","value":"//*[@id=\"application-manageresources-display-component---newResourceUnit--newRRUPage-anchBar-application-manageresources-display-component---newResourceUnit--resource-anchor\"]"}
COMMAND: POST /session/eac9b0d7e8ced2053dbc37a41f3ce9ab/element/f.6F465290622CE65C200047306CC70E60.d.FCE78D9B8946A088C2C5D1897A2B9AB0.e.7438/click - {}
RESULT: {}
COMMAND: POST /session/eac9b0d7e8ced2053dbc37a41f3ce9ab/execute/async - {"script":"<script> [1562 bytes]","args":[{"selector":{"id":"application-manageresources-display-component---newResourceUnit--PLANNED_DELIVERY_DATE","interaction":{"idSuffix":"inner"}},"wdio_ui5_key":"applicationmanageresources-display-component---newResourceUnit--PLANNED_DELIVERY_DATE"}]}
COMMAND: GET /session/eac9b0d7e8ced2053dbc37a41f3ce9ab/screenshot - {}
RESULT: {"script":"<script> [1562 bytes]","args":[{"selector":{"id":"application-manageresources-display-component---newResourceUnit--PLANNED_DELIVERY_DATE","interaction":{"idSuffix":"inner"}},"wdio_ui5_key":"applicationmanageresources-display-component---newResourceUnit--PLANNED_DELIVERY_DATE"}]}
RESULT: undefined
COMMAND: POST /session/eac9b0d7e8ced2053dbc37a41f3ce9ab/execute/async - {"script":"<script> [6424 bytes]","args":[{"element-6066-11e4-a52e-4f735466cecf":"f.6F465290622CE65C200047306CC70E60.d.FCE78D9B8946A088C2C5D1897A2B9AB0.e.7304"},"setValue",["06/15/24"]]}
RESULT: {}
RESULT: {"script":"<script> [6424 bytes]","args":[{"element-6066-11e4-a52e-4f735466cecf":"f.6F465290622CE65C200047306CC70E60.d.FCE78D9B8946A088C2C5D1897A2B9AB0.e.7304"},"setValue",["06/15/24"]]}
COMMAND: POST /session/eac9b0d7e8ced2053dbc37a41f3ce9ab/execute/async - {"script":"<script> [1562 bytes]","args":[{"selector":{"controlType":"sap.m.Button","viewName":"reusables.view.manageresources.NewResourceUnit","viewId":"application-manageresources-display-component---newResourceUnit","i18NText":{"propertyName":"tooltip","key":"save"},"interaction":{"idSuffix":"BDI-content"}},"wdio_ui5_key":"reusablesview.manageresources.NewResourceUnitsap.m.Button{\"propertyName\":\"tooltip\",\"key\":\"save\"}"}]}
RESULT: {"script":"<script> [1562 bytes]","args":[{"selector":{"controlType":"sap.m.Button","viewName":"reusables.view.manageresources.NewResourceUnit","viewId":"application-manageresources-display-component---newResourceUnit","i18NText":{"propertyName":"tooltip","key":"save"},"interaction":{"idSuffix":"BDI-content"}},"wdio_ui5_key":"reusablesview.manageresources.NewResourceUnitsap.m.Button{\"propertyName\":\"tooltip\",\"key\":\"save\"}"}]}
RESULT: undefined
COMMAND: POST /session/eac9b0d7e8ced2053dbc37a41f3ce9ab/element - {"using":"xpath","value":"//*[@id=\"application-manageresources-display-component---newResourceUnit--createRuButton\"]"}
RESULT: {"using":"xpath","value":"//*[@id=\"application-manageresources-display-component---newResourceUnit--createRuButton\"]"}
COMMAND: POST /session/eac9b0d7e8ced2053dbc37a41f3ce9ab/element/f.6F465290622CE65C200047306CC70E60.d.FCE78D9B8946A088C2C5D1897A2B9AB0.e.7264/click - {}
RESULT: {}
COMMAND: GET /session/eac9b0d7e8ced2053dbc37a41f3ce9ab/screenshot - {}
RESULT: {}
COMMAND: POST /session/eac9b0d7e8ced2053dbc37a41f3ce9ab/execute/async - {"script":"<script> [1562 bytes]","args":[{"selector":{"controlType":"sap.m.Button","properties":{"text":"Close"},"searchOpenDialogs":true,"interaction":{"idSuffix":"inner"}},"wdio_ui5_key":"sapm.Button{\"text\":\"Close\"}"}]}
RESULT: {"script":"<script> [1562 bytes]","args":[{"selector":{"controlType":"sap.m.Button","properties":{"text":"Close"},"searchOpenDialogs":true,"interaction":{"idSuffix":"inner"}},"wdio_ui5_key":"sapm.Button{\"text\":\"Close\"}"}]}
RESULT: undefined
COMMAND: POST /session/eac9b0d7e8ced2053dbc37a41f3ce9ab/element - {"using":"xpath","value":"//*[@id=\"__mbox-btn-0\"]"}
RESULT: {"using":"xpath","value":"//*[@id=\"__mbox-btn-0\"]"}
COMMAND: POST /session/eac9b0d7e8ced2053dbc37a41f3ce9ab/element/f.6F465290622CE65C200047306CC70E60.d.FCE78D9B8946A088C2C5D1897A2B9AB0.e.7444/click - {}
RESULT: {}
COMMAND: GET /session/eac9b0d7e8ced2053dbc37a41f3ce9ab/screenshot - {}
COMMAND: POST /session/eac9b0d7e8ced2053dbc37a41f3ce9ab/execute/async - {"script":"<script> [1562 bytes]","args":[{"selector":{"controlType":"sap.m.Text","viewName":"etm.portal.ui.manageresources.view.Detail","viewId":"application-manageresources-display-component---detailRU","bindingPath":{"propertyPath":"ID","modelName":"catalogModel"}},"wdio_ui5_key":"etmportal.ui.manageresources.view.Detailsap.m.Text{\"propertyPath\":\"ID\",\"modelName\":\"catalogModel\"}"}]}
RESULT: {}
RESULT: {"script":"<script> [1562 bytes]","args":[{"selector":{"controlType":"sap.m.Text","viewName":"etm.portal.ui.manageresources.view.Detail","viewId":"application-manageresources-display-component---detailRU","bindingPath":{"propertyPath":"ID","modelName":"catalogModel"}},"wdio_ui5_key":"etmportal.ui.manageresources.view.Detailsap.m.Text{\"propertyPath\":\"ID\",\"modelName\":\"catalogModel\"}"}]}
RESULT: undefined
COMMAND: POST /session/eac9b0d7e8ced2053dbc37a41f3ce9ab/execute/async - {"script":"<script> [6424 bytes]","args":[{"element-6066-11e4-a52e-4f735466cecf":"f.6F465290622CE65C200047306CC70E60.d.FCE78D9B8946A088C2C5D1897A2B9AB0.e.7483"},"getText",[]]}
RESULT: {"script":"<script> [6424 bytes]","args":[{"element-6066-11e4-a52e-4f735466cecf":"f.6F465290622CE65C200047306CC70E60.d.FCE78D9B8946A088C2C5D1897A2B9AB0.e.7483"},"getText",[]]}
COMMAND: POST /session/eac9b0d7e8ced2053dbc37a41f3ce9ab/element - {"using":"xpath","value":"//bdi[text()=\"Edit\"]"}
RESULT: {"using":"xpath","value":"//bdi[text()=\"Edit\"]"}
COMMAND: GET /session/eac9b0d7e8ced2053dbc37a41f3ce9ab/element/f.6F465290622CE65C200047306CC70E60.d.FCE78D9B8946A088C2C5D1897A2B9AB0.e.7484/enabled - {}
RESULT: {}
COMMAND: POST /session/eac9b0d7e8ced2053dbc37a41f3ce9ab/execute/sync - {"script":"<script> [8489 bytes]","args":[{"element-6066-11e4-a52e-4f735466cecf":"f.6F465290622CE65C200047306CC70E60.d.FCE78D9B8946A088C2C5D1897A2B9AB0.e.7484","ELEMENT":"f.6F465290622CE65C200047306CC70E60.d.FCE78D9B8946A088C2C5D1897A2B9AB0.e.7484"}]}
COMMAND: GET /session/eac9b0d7e8ced2053dbc37a41f3ce9ab/screenshot - {}
RESULT: {"script":"<script> [8489 bytes]","args":[{"element-6066-11e4-a52e-4f735466cecf":"f.6F465290622CE65C200047306CC70E60.d.FCE78D9B8946A088C2C5D1897A2B9AB0.e.7484","ELEMENT":"f.6F465290622CE65C200047306CC70E60.d.FCE78D9B8946A088C2C5D1897A2B9AB0.e.7484"}]}
COMMAND: POST /session/eac9b0d7e8ced2053dbc37a41f3ce9ab/execute/sync - {"script":"<script> [5351 bytes]","args":[{"element-6066-11e4-a52e-4f735466cecf":"f.6F465290622CE65C200047306CC70E60.d.FCE78D9B8946A088C2C5D1897A2B9AB0.e.7484","ELEMENT":"f.6F465290622CE65C200047306CC70E60.d.FCE78D9B8946A088C2C5D1897A2B9AB0.e.7484"}]}
COMMAND: GET /session/eac9b0d7e8ced2053dbc37a41f3ce9ab/screenshot - {}
RESULT: {}
RESULT: {"script":"<script> [5351 bytes]","args":[{"element-6066-11e4-a52e-4f735466cecf":"f.6F465290622CE65C200047306CC70E60.d.FCE78D9B8946A088C2C5D1897A2B9AB0.e.7484","ELEMENT":"f.6F465290622CE65C200047306CC70E60.d.FCE78D9B8946A088C2C5D1897A2B9AB0.e.7484"}]}
COMMAND: POST /session/eac9b0d7e8ced2053dbc37a41f3ce9ab/element/f.6F465290622CE65C200047306CC70E60.d.FCE78D9B8946A088C2C5D1897A2B9AB0.e.7484/click - {}
COMMAND: GET /session/eac9b0d7e8ced2053dbc37a41f3ce9ab/screenshot - {}
RESULT: {}
RESULT: {}
COMMAND: GET /session/eac9b0d7e8ced2053dbc37a41f3ce9ab/screenshot - {}
RESULT: {}
RESULT: {}
COMMAND: POST /session/eac9b0d7e8ced2053dbc37a41f3ce9ab/element - {"using":"xpath","value":"//bdi[@id=\"application-manageresources-display-component---editResource--editRruPage-anchBar-application-manageresources-display-component---editResource--counters-anchor-BDI-content\"]"}
RESULT: {"using":"xpath","value":"//bdi[@id=\"application-manageresources-display-component---editResource--editRruPage-anchBar-application-manageresources-display-component---editResource--counters-anchor-BDI-content\"]"}
COMMAND: POST /session/eac9b0d7e8ced2053dbc37a41f3ce9ab/execute/sync - {"script":"<script> [8489 bytes]","args":[{"element-6066-11e4-a52e-4f735466cecf":"f.6F465290622CE65C200047306CC70E60.d.FCE78D9B8946A088C2C5D1897A2B9AB0.e.7590","ELEMENT":"f.6F465290622CE65C200047306CC70E60.d.FCE78D9B8946A088C2C5D1897A2B9AB0.e.7590"}]}
RESULT: {"script":"<script> [8489 bytes]","args":[{"element-6066-11e4-a52e-4f735466cecf":"f.6F465290622CE65C200047306CC70E60.d.FCE78D9B8946A088C2C5D1897A2B9AB0.e.7590","ELEMENT":"f.6F465290622CE65C200047306CC70E60.d.FCE78D9B8946A088C2C5D1897A2B9AB0.e.7590"}]}
COMMAND: POST /session/eac9b0d7e8ced2053dbc37a41f3ce9ab/element/f.6F465290622CE65C200047306CC70E60.d.FCE78D9B8946A088C2C5D1897A2B9AB0.e.7590/click - {}
COMMAND: GET /session/eac9b0d7e8ced2053dbc37a41f3ce9ab/screenshot - {}
RESULT: {}
COMMAND: GET /session/eac9b0d7e8ced2053dbc37a41f3ce9ab/screenshot - {}
RESULT: {}
RESULT: {}
COMMAND: POST /session/eac9b0d7e8ced2053dbc37a41f3ce9ab/execute/async - {"script":"<script> [1562 bytes]","args":[{"selector":{"id":"application-manageresources-display-component---editResource--btnAddCounter-img"},"wdio_ui5_key":"applicationmanageresources-display-component---editResource--btnAddCounter-img"}]}
RESULT: {"script":"<script> [1562 bytes]","args":[{"selector":{"id":"application-manageresources-display-component---editResource--btnAddCounter-img"},"wdio_ui5_key":"applicationmanageresources-display-component---editResource--btnAddCounter-img"}]}
RESULT: undefined
COMMAND: POST /session/eac9b0d7e8ced2053dbc37a41f3ce9ab/element - {"using":"xpath","value":"//*[@id=\"application-manageresources-display-component---editResource--btnAddCounter-img\"]"}
RESULT: {"using":"xpath","value":"//*[@id=\"application-manageresources-display-component---editResource--btnAddCounter-img\"]"}
COMMAND: POST /session/eac9b0d7e8ced2053dbc37a41f3ce9ab/element/f.6F465290622CE65C200047306CC70E60.d.FCE78D9B8946A088C2C5D1897A2B9AB0.e.7627/click - {}
RESULT: {}
COMMAND: GET /session/eac9b0d7e8ced2053dbc37a41f3ce9ab/screenshot - {}
RESULT: {}
COMMAND: POST /session/eac9b0d7e8ced2053dbc37a41f3ce9ab/execute/async - {"script":"<script> [1562 bytes]","args":[{"selector":{"id":"application-manageresources-display-component---editResource--HAND_OVER_TYPE-application-manageresources-display-component---editResource--RUCounters-0","interaction":{"idSuffix":"CbBg"}},"wdio_ui5_key":"applicationmanageresources-display-component---editResource--HAND_OVER_TYPE-application-manageresources-display-component---editResource--RUCounters-0"}]}
RESULT: {"script":"<script> [1562 bytes]","args":[{"selector":{"id":"application-manageresources-display-component---editResource--HAND_OVER_TYPE-application-manageresources-display-component---editResource--RUCounters-0","interaction":{"idSuffix":"CbBg"}},"wdio_ui5_key":"applicationmanageresources-display-component---editResource--HAND_OVER_TYPE-application-manageresources-display-component---editResource--RUCounters-0"}]}
RESULT: undefined
COMMAND: POST /session/eac9b0d7e8ced2053dbc37a41f3ce9ab/element - {"using":"xpath","value":"//*[@id=\"application-manageresources-display-component---editResource--HAND_OVER_TYPE-application-manageresources-display-component---editResource--RUCounters-0\"]"}
RESULT: {"using":"xpath","value":"//*[@id=\"application-manageresources-display-component---editResource--HAND_OVER_TYPE-application-manageresources-display-component---editResource--RUCounters-0\"]"}
COMMAND: POST /session/eac9b0d7e8ced2053dbc37a41f3ce9ab/element/f.6F465290622CE65C200047306CC70E60.d.FCE78D9B8946A088C2C5D1897A2B9AB0.e.7635/click - {}
RESULT: {}
COMMAND: POST /session/eac9b0d7e8ced2053dbc37a41f3ce9ab/execute/async - {"script":"<script> [1562 bytes]","args":[{"selector":{"controlType":"sap.m.Button","viewName":"etm.portal.ui.manageresources.view.EditResource","viewId":"application-manageresources-display-component---editResource","i18NText":{"propertyName":"text","key":"save"},"interaction":{"idSuffix":"BDI-content"}},"wdio_ui5_key":"etmportal.ui.manageresources.view.EditResourcesap.m.Button{\"propertyName\":\"text\",\"key\":\"save\"}"}]}
COMMAND: GET /session/eac9b0d7e8ced2053dbc37a41f3ce9ab/screenshot - {}
RESULT: {"script":"<script> [1562 bytes]","args":[{"selector":{"controlType":"sap.m.Button","viewName":"etm.portal.ui.manageresources.view.EditResource","viewId":"application-manageresources-display-component---editResource","i18NText":{"propertyName":"text","key":"save"},"interaction":{"idSuffix":"BDI-content"}},"wdio_ui5_key":"etmportal.ui.manageresources.view.EditResourcesap.m.Button{\"propertyName\":\"text\",\"key\":\"save\"}"}]}
RESULT: undefined
COMMAND: POST /session/eac9b0d7e8ced2053dbc37a41f3ce9ab/element - {"using":"xpath","value":"//*[@id=\"__button86\"]"}
RESULT: {}
RESULT: {"using":"xpath","value":"//*[@id=\"__button86\"]"}
COMMAND: POST /session/eac9b0d7e8ced2053dbc37a41f3ce9ab/element/f.6F465290622CE65C200047306CC70E60.d.FCE78D9B8946A088C2C5D1897A2B9AB0.e.7637/click - {}
RESULT: {}
COMMAND: GET /session/eac9b0d7e8ced2053dbc37a41f3ce9ab/screenshot - {}
RESULT: {}
COMMAND: POST /session/eac9b0d7e8ced2053dbc37a41f3ce9ab/element - {"using":"css selector","value":"#shell-header-logo"}
RESULT: {"using":"css selector","value":"#shell-header-logo"}
COMMAND: POST /session/eac9b0d7e8ced2053dbc37a41f3ce9ab/elements - {"using":"css selector","value":"#shell-header-logo"}
RESULT: {"using":"css selector","value":"#shell-header-logo"}
COMMAND: POST /session/eac9b0d7e8ced2053dbc37a41f3ce9ab/execute/sync - {"script":"<script> [8489 bytes]","args":[{"element-6066-11e4-a52e-4f735466cecf":"f.6F465290622CE65C200047306CC70E60.d.FCE78D9B8946A088C2C5D1897A2B9AB0.e.6769","ELEMENT":"f.6F465290622CE65C200047306CC70E60.d.FCE78D9B8946A088C2C5D1897A2B9AB0.e.6769"}]}
RESULT: {"script":"<script> [8489 bytes]","args":[{"element-6066-11e4-a52e-4f735466cecf":"f.6F465290622CE65C200047306CC70E60.d.FCE78D9B8946A088C2C5D1897A2B9AB0.e.6769","ELEMENT":"f.6F465290622CE65C200047306CC70E60.d.FCE78D9B8946A088C2C5D1897A2B9AB0.e.6769"}]}
COMMAND: POST /session/eac9b0d7e8ced2053dbc37a41f3ce9ab/execute/sync - {"script":"<script> [5351 bytes]","args":[{"element-6066-11e4-a52e-4f735466cecf":"f.6F465290622CE65C200047306CC70E60.d.FCE78D9B8946A088C2C5D1897A2B9AB0.e.6769","ELEMENT":"f.6F465290622CE65C200047306CC70E60.d.FCE78D9B8946A088C2C5D1897A2B9AB0.e.6769"}]}
COMMAND: GET /session/eac9b0d7e8ced2053dbc37a41f3ce9ab/screenshot - {}
RESULT: {"script":"<script> [5351 bytes]","args":[{"element-6066-11e4-a52e-4f735466cecf":"f.6F465290622CE65C200047306CC70E60.d.FCE78D9B8946A088C2C5D1897A2B9AB0.e.6769","ELEMENT":"f.6F465290622CE65C200047306CC70E60.d.FCE78D9B8946A088C2C5D1897A2B9AB0.e.6769"}]}
COMMAND: POST /session/eac9b0d7e8ced2053dbc37a41f3ce9ab/element/f.6F465290622CE65C200047306CC70E60.d.FCE78D9B8946A088C2C5D1897A2B9AB0.e.6769/click - {}
COMMAND: GET /session/eac9b0d7e8ced2053dbc37a41f3ce9ab/screenshot - {}
RESULT: {}
RESULT: {}
COMMAND: GET /session/eac9b0d7e8ced2053dbc37a41f3ce9ab/screenshot - {}
RESULT: {}
RESULT: {}
COMMAND: POST /session/eac9b0d7e8ced2053dbc37a41f3ce9ab/element - {"using":"css selector","value":"#shell-header-logo"}
RESULT: {"using":"css selector","value":"#shell-header-logo"}
COMMAND: POST /session/eac9b0d7e8ced2053dbc37a41f3ce9ab/element/f.6F465290622CE65C200047306CC70E60.d.FCE78D9B8946A088C2C5D1897A2B9AB0.e.7649/click - {}
RESULT: {}
COMMAND: GET /session/eac9b0d7e8ced2053dbc37a41f3ce9ab/screenshot - {}
RESULT: {}
]]></system-out>
    </testcase>
  </testsuite>
  <testsuite timestamp="2025-05-15T17:56:26" time="90.648" tests="2" failures="0" errors="0" skipped="0">
    <properties>
      <property name="specId" value="0" />
      <property name="suiteName" value="Personnel creation and reference material verification  US120163" />
      <property name="capabilities" value="chrome.136_0_7103_93.windows" />
      <property name="file" value="file:///D:/a/1/s/test/specs/R2C/create-personnel-no-material-reference.spec.js" />
    </properties>
    <testcase classname="chrome.136_0_7103_93.windows.Personnel_creation_and_reference_material_verification__US120163" name="Should create a new personnel and verify if the material reference is visible" time="71.176">
      <system-out><![CDATA[
RESULT: undefined
COMMAND: POST /session/eac9b0d7e8ced2053dbc37a41f3ce9ab/element - {"using":"xpath","value":"//*[@id=\"__tile31\"]"}
RESULT: {"using":"xpath","value":"//*[@id=\"__tile31\"]"}
COMMAND: POST /session/eac9b0d7e8ced2053dbc37a41f3ce9ab/element/f.6F465290622CE65C200047306CC70E60.d.FCE78D9B8946A088C2C5D1897A2B9AB0.e.6789/click - {}
RESULT: {}
COMMAND: GET /session/eac9b0d7e8ced2053dbc37a41f3ce9ab/screenshot - {}
RESULT: {}
COMMAND: POST /session/eac9b0d7e8ced2053dbc37a41f3ce9ab/elements - {"using":"xpath","value":"//span[text()='Error']"}
RESULT: {"using":"xpath","value":"//span[text()='Error']"}
COMMAND: POST /session/eac9b0d7e8ced2053dbc37a41f3ce9ab/element - {"using":"xpath","value":"//button[@data-kt=\"addNewRUOverflowToolbarButton\"]"}
RESULT: {"using":"xpath","value":"//button[@data-kt=\"addNewRUOverflowToolbarButton\"]"}
COMMAND: POST /session/eac9b0d7e8ced2053dbc37a41f3ce9ab/execute/sync - {"script":"<script> [8489 bytes]","args":[{"element-6066-11e4-a52e-4f735466cecf":"f.6F465290622CE65C200047306CC70E60.d.FCE78D9B8946A088C2C5D1897A2B9AB0.e.7689","ELEMENT":"f.6F465290622CE65C200047306CC70E60.d.FCE78D9B8946A088C2C5D1897A2B9AB0.e.7689"}]}
RESULT: {"script":"<script> [8489 bytes]","args":[{"element-6066-11e4-a52e-4f735466cecf":"f.6F465290622CE65C200047306CC70E60.d.FCE78D9B8946A088C2C5D1897A2B9AB0.e.7689","ELEMENT":"f.6F465290622CE65C200047306CC70E60.d.FCE78D9B8946A088C2C5D1897A2B9AB0.e.7689"}]}
COMMAND: POST /session/eac9b0d7e8ced2053dbc37a41f3ce9ab/element/f.6F465290622CE65C200047306CC70E60.d.FCE78D9B8946A088C2C5D1897A2B9AB0.e.7689/click - {}
COMMAND: GET /session/eac9b0d7e8ced2053dbc37a41f3ce9ab/screenshot - {}
RESULT: {}
RESULT: undefined
COMMAND: POST /session/eac9b0d7e8ced2053dbc37a41f3ce9ab/element - {"using":"xpath","value":"//*[@id=\"application-manageresources-display-component---newResourceUnit--TYPE-arrow\"]"}
COMMAND: GET /session/eac9b0d7e8ced2053dbc37a41f3ce9ab/screenshot - {}
RESULT: {}
RESULT: {"using":"xpath","value":"//*[@id=\"application-manageresources-display-component---newResourceUnit--TYPE-arrow\"]"}
COMMAND: POST /session/eac9b0d7e8ced2053dbc37a41f3ce9ab/element/f.6F465290622CE65C200047306CC70E60.d.FCE78D9B8946A088C2C5D1897A2B9AB0.e.8006/click - {}
RESULT: {}
RESULT: {}
COMMAND: POST /session/eac9b0d7e8ced2053dbc37a41f3ce9ab/execute/async - {"script":"<script> [1562 bytes]","args":[{"selector":{"controlType":"sap.m.StandardListItem","viewName":"reusables.view.manageresources.NewResourceUnit","viewId":"application-manageresources-display-component---newResourceUnit","properties":{"title":"Personnel"},"searchOpenDialogs":true,"interaction":{"idSuffix":"titleText"}},"wdio_ui5_key":"reusablesview.manageresources.NewResourceUnitsap.m.StandardListItem{\"title\":\"Personnel\"}"}]}
COMMAND: GET /session/eac9b0d7e8ced2053dbc37a41f3ce9ab/screenshot - {}
RESULT: {"script":"<script> [1562 bytes]","args":[{"selector":{"controlType":"sap.m.StandardListItem","viewName":"reusables.view.manageresources.NewResourceUnit","viewId":"application-manageresources-display-component---newResourceUnit","properties":{"title":"Personnel"},"searchOpenDialogs":true,"interaction":{"idSuffix":"titleText"}},"wdio_ui5_key":"reusablesview.manageresources.NewResourceUnitsap.m.StandardListItem{\"title\":\"Personnel\"}"}]}
RESULT: undefined
COMMAND: POST /session/eac9b0d7e8ced2053dbc37a41f3ce9ab/element - {"using":"xpath","value":"//*[@id=\"__item1081\"]"}
RESULT: {}
RESULT: {"using":"xpath","value":"//*[@id=\"__item1081\"]"}
COMMAND: POST /session/eac9b0d7e8ced2053dbc37a41f3ce9ab/element/f.6F465290622CE65C200047306CC70E60.d.FCE78D9B8946A088C2C5D1897A2B9AB0.e.8013/click - {}
RESULT: {}
RESULT: undefined
COMMAND: POST /session/eac9b0d7e8ced2053dbc37a41f3ce9ab/execute/async - {"script":"<script> [776 bytes]","args":[{"enterText":"WdIOPersonnelmqk3g","selector":{"id":"application-manageresources-display-component---newResourceUnit--SHORT_TEXT","interaction":{"idSuffix":"inner"}},"clearTextFirst":true,"interactionType":"ENTER_TEXT"}]}
COMMAND: GET /session/eac9b0d7e8ced2053dbc37a41f3ce9ab/screenshot - {}
RESULT: {"script":"<script> [776 bytes]","args":[{"enterText":"WdIOPersonnelmqk3g","selector":{"id":"application-manageresources-display-component---newResourceUnit--SHORT_TEXT","interaction":{"idSuffix":"inner"}},"clearTextFirst":true,"interactionType":"ENTER_TEXT"}]}
COMMAND: POST /session/eac9b0d7e8ced2053dbc37a41f3ce9ab/element - {"using":"xpath","value":"//bdi[contains(text(), \"Material\")]"}
RESULT: {}
RESULT: {"using":"xpath","value":"//bdi[contains(text(), \"Material\")]"}
COMMAND: POST /session/eac9b0d7e8ced2053dbc37a41f3ce9ab/element - {"using":"xpath","value":"//bdi[contains(text(), \"Material\")]"}
RESULT: {"using":"xpath","value":"//bdi[contains(text(), \"Material\")]"}
COMMAND: POST /session/eac9b0d7e8ced2053dbc37a41f3ce9ab/execute/async - {"script":"<script> [1562 bytes]","args":[{"selector":{"id":"application-manageresources-display-component---newResourceUnit--BASE_UNIT_OF_MEASURE-arrow"},"wdio_ui5_key":"applicationmanageresources-display-component---newResourceUnit--BASE_UNIT_OF_MEASURE-arrow"}]}
RESULT: {"script":"<script> [1562 bytes]","args":[{"selector":{"id":"application-manageresources-display-component---newResourceUnit--BASE_UNIT_OF_MEASURE-arrow"},"wdio_ui5_key":"applicationmanageresources-display-component---newResourceUnit--BASE_UNIT_OF_MEASURE-arrow"}]}
RESULT: undefined
COMMAND: POST /session/eac9b0d7e8ced2053dbc37a41f3ce9ab/element - {"using":"xpath","value":"//*[@id=\"application-manageresources-display-component---newResourceUnit--BASE_UNIT_OF_MEASURE-arrow\"]"}
RESULT: {"using":"xpath","value":"//*[@id=\"application-manageresources-display-component---newResourceUnit--BASE_UNIT_OF_MEASURE-arrow\"]"}
COMMAND: POST /session/eac9b0d7e8ced2053dbc37a41f3ce9ab/element/f.6F465290622CE65C200047306CC70E60.d.FCE78D9B8946A088C2C5D1897A2B9AB0.e.8053/click - {}
RESULT: {}
COMMAND: POST /session/eac9b0d7e8ced2053dbc37a41f3ce9ab/execute/async - {"script":"<script> [1562 bytes]","args":[{"selector":{"controlType":"sap.m.StandardListItem","viewName":"reusables.view.manageresources.NewResourceUnit","viewId":"application-manageresources-display-component---newResourceUnit","properties":{"title":"Percent"},"searchOpenDialogs":true,"interaction":{"idSuffix":"titleText"}},"wdio_ui5_key":"reusablesview.manageresources.NewResourceUnitsap.m.StandardListItem{\"title\":\"Percent\"}"}]}
COMMAND: GET /session/eac9b0d7e8ced2053dbc37a41f3ce9ab/screenshot - {}
RESULT: {"script":"<script> [1562 bytes]","args":[{"selector":{"controlType":"sap.m.StandardListItem","viewName":"reusables.view.manageresources.NewResourceUnit","viewId":"application-manageresources-display-component---newResourceUnit","properties":{"title":"Percent"},"searchOpenDialogs":true,"interaction":{"idSuffix":"titleText"}},"wdio_ui5_key":"reusablesview.manageresources.NewResourceUnitsap.m.StandardListItem{\"title\":\"Percent\"}"}]}
RESULT: undefined
COMMAND: POST /session/eac9b0d7e8ced2053dbc37a41f3ce9ab/element - {"using":"xpath","value":"//*[@id=\"__item1101\"]"}
RESULT: {}
RESULT: {"using":"xpath","value":"//*[@id=\"__item1101\"]"}
COMMAND: POST /session/eac9b0d7e8ced2053dbc37a41f3ce9ab/element/f.6F465290622CE65C200047306CC70E60.d.FCE78D9B8946A088C2C5D1897A2B9AB0.e.8055/click - {}
RESULT: {}
COMMAND: POST /session/eac9b0d7e8ced2053dbc37a41f3ce9ab/execute/async - {"script":"<script> [1562 bytes]","args":[{"selector":{"id":"application-manageresources-display-component---newResourceUnit--PLANNING_GROUP-arrow"},"wdio_ui5_key":"applicationmanageresources-display-component---newResourceUnit--PLANNING_GROUP-arrow"}]}
COMMAND: GET /session/eac9b0d7e8ced2053dbc37a41f3ce9ab/screenshot - {}
RESULT: {"script":"<script> [1562 bytes]","args":[{"selector":{"id":"application-manageresources-display-component---newResourceUnit--PLANNING_GROUP-arrow"},"wdio_ui5_key":"applicationmanageresources-display-component---newResourceUnit--PLANNING_GROUP-arrow"}]}
RESULT: undefined
COMMAND: POST /session/eac9b0d7e8ced2053dbc37a41f3ce9ab/element - {"using":"xpath","value":"//*[@id=\"application-manageresources-display-component---newResourceUnit--PLANNING_GROUP-arrow\"]"}
RESULT: {}
RESULT: {"using":"xpath","value":"//*[@id=\"application-manageresources-display-component---newResourceUnit--PLANNING_GROUP-arrow\"]"}
COMMAND: POST /session/eac9b0d7e8ced2053dbc37a41f3ce9ab/element/f.6F465290622CE65C200047306CC70E60.d.FCE78D9B8946A088C2C5D1897A2B9AB0.e.8056/click - {}
RESULT: {}
COMMAND: GET /session/eac9b0d7e8ced2053dbc37a41f3ce9ab/screenshot - {}
RESULT: {}
COMMAND: POST /session/eac9b0d7e8ced2053dbc37a41f3ce9ab/execute/async - {"script":"<script> [1562 bytes]","args":[{"selector":{"controlType":"sap.m.StandardListItem","viewName":"reusables.view.manageresources.NewResourceUnit","viewId":"application-manageresources-display-component---newResourceUnit","properties":{"title":"Operating personnel"},"searchOpenDialogs":true,"interaction":{"idSuffix":"titleText"}},"wdio_ui5_key":"reusablesview.manageresources.NewResourceUnitsap.m.StandardListItem{\"title\":\"Operating personnel\"}"}]}
RESULT: {"script":"<script> [1562 bytes]","args":[{"selector":{"controlType":"sap.m.StandardListItem","viewName":"reusables.view.manageresources.NewResourceUnit","viewId":"application-manageresources-display-component---newResourceUnit","properties":{"title":"Operating personnel"},"searchOpenDialogs":true,"interaction":{"idSuffix":"titleText"}},"wdio_ui5_key":"reusablesview.manageresources.NewResourceUnitsap.m.StandardListItem{\"title\":\"Operating personnel\"}"}]}
RESULT: undefined
COMMAND: POST /session/eac9b0d7e8ced2053dbc37a41f3ce9ab/element - {"using":"xpath","value":"//*[@id=\"__item1110\"]"}
RESULT: {"using":"xpath","value":"//*[@id=\"__item1110\"]"}
COMMAND: POST /session/eac9b0d7e8ced2053dbc37a41f3ce9ab/element/f.6F465290622CE65C200047306CC70E60.d.FCE78D9B8946A088C2C5D1897A2B9AB0.e.8058/click - {}
RESULT: {}
COMMAND: GET /session/eac9b0d7e8ced2053dbc37a41f3ce9ab/screenshot - {}
RESULT: {}
COMMAND: POST /session/eac9b0d7e8ced2053dbc37a41f3ce9ab/element - {"using":"xpath","value":"//bdi[contains(text(), \"Time Segment\")]"}
RESULT: {"using":"xpath","value":"//bdi[contains(text(), \"Time Segment\")]"}
COMMAND: GET /session/eac9b0d7e8ced2053dbc37a41f3ce9ab/element/f.6F465290622CE65C200047306CC70E60.d.FCE78D9B8946A088C2C5D1897A2B9AB0.e.8059/rect - {}
RESULT: {}
COMMAND: GET /session/eac9b0d7e8ced2053dbc37a41f3ce9ab/window/rect - {}
RESULT: {}
COMMAND: POST /session/eac9b0d7e8ced2053dbc37a41f3ce9ab/execute/sync - {"script":"<script> [92 bytes]","args":[]}
RESULT: {"script":"<script> [92 bytes]","args":[]}
COMMAND: POST /session/eac9b0d7e8ced2053dbc37a41f3ce9ab/actions - {"actions":[{"id":"action24","type":"wheel","parameters":{},"actions":[{"type":"scroll","x":-1820,"y":804,"deltaX":0,"deltaY":0,"duration":0,"origin":{"element-6066-11e4-a52e-4f735466cecf":"f.6F465290622CE65C200047306CC70E60.d.FCE78D9B8946A088C2C5D1897A2B9AB0.e.8059"}}]}]}
COMMAND: GET /session/eac9b0d7e8ced2053dbc37a41f3ce9ab/screenshot - {}
RESULT: {}
COMMAND: POST /session/eac9b0d7e8ced2053dbc37a41f3ce9ab/execute/sync - {"script":"<script> [79 bytes]","args":[{"element-6066-11e4-a52e-4f735466cecf":"f.6F465290622CE65C200047306CC70E60.d.FCE78D9B8946A088C2C5D1897A2B9AB0.e.8059","ELEMENT":"f.6F465290622CE65C200047306CC70E60.d.FCE78D9B8946A088C2C5D1897A2B9AB0.e.8059"},{"block":"start","inline":"nearest"}]}
RESULT: {"script":"<script> [79 bytes]","args":[{"element-6066-11e4-a52e-4f735466cecf":"f.6F465290622CE65C200047306CC70E60.d.FCE78D9B8946A088C2C5D1897A2B9AB0.e.8059","ELEMENT":"f.6F465290622CE65C200047306CC70E60.d.FCE78D9B8946A088C2C5D1897A2B9AB0.e.8059"},{"block":"start","inline":"nearest"}]}
COMMAND: GET /session/eac9b0d7e8ced2053dbc37a41f3ce9ab/screenshot - {}
RESULT: {}
COMMAND: POST /session/eac9b0d7e8ced2053dbc37a41f3ce9ab/element - {"using":"xpath","value":"//span[@id=\"application-manageresources-display-component---newResourceUnit--btnAddTimeSegment-img\"]"}
RESULT: {"using":"xpath","value":"//span[@id=\"application-manageresources-display-component---newResourceUnit--btnAddTimeSegment-img\"]"}
COMMAND: POST /session/eac9b0d7e8ced2053dbc37a41f3ce9ab/execute/sync - {"script":"<script> [8489 bytes]","args":[{"element-6066-11e4-a52e-4f735466cecf":"f.6F465290622CE65C200047306CC70E60.d.FCE78D9B8946A088C2C5D1897A2B9AB0.e.8066","ELEMENT":"f.6F465290622CE65C200047306CC70E60.d.FCE78D9B8946A088C2C5D1897A2B9AB0.e.8066"}]}
RESULT: {"script":"<script> [8489 bytes]","args":[{"element-6066-11e4-a52e-4f735466cecf":"f.6F465290622CE65C200047306CC70E60.d.FCE78D9B8946A088C2C5D1897A2B9AB0.e.8066","ELEMENT":"f.6F465290622CE65C200047306CC70E60.d.FCE78D9B8946A088C2C5D1897A2B9AB0.e.8066"}]}
COMMAND: POST /session/eac9b0d7e8ced2053dbc37a41f3ce9ab/element/f.6F465290622CE65C200047306CC70E60.d.FCE78D9B8946A088C2C5D1897A2B9AB0.e.8066/click - {}
COMMAND: GET /session/eac9b0d7e8ced2053dbc37a41f3ce9ab/screenshot - {}
RESULT: {}
COMMAND: GET /session/eac9b0d7e8ced2053dbc37a41f3ce9ab/screenshot - {}
COMMAND: POST /session/eac9b0d7e8ced2053dbc37a41f3ce9ab/element - {"using":"xpath","value":"//input[@id=\"application-manageresources-display-component---newResourceUnit--idRuTSAdmin-application-manageresources-display-component---newResourceUnit--RUTimeSegment-0-inner\"]"}
RESULT: {}
RESULT: {}
RESULT: {"using":"xpath","value":"//input[@id=\"application-manageresources-display-component---newResourceUnit--idRuTSAdmin-application-manageresources-display-component---newResourceUnit--RUTimeSegment-0-inner\"]"}
COMMAND: POST /session/eac9b0d7e8ced2053dbc37a41f3ce9ab/element/f.6F465290622CE65C200047306CC70E60.d.FCE78D9B8946A088C2C5D1897A2B9AB0.e.8069/clear - {}
RESULT: {}
COMMAND: POST /session/eac9b0d7e8ced2053dbc37a41f3ce9ab/element/f.6F465290622CE65C200047306CC70E60.d.FCE78D9B8946A088C2C5D1897A2B9AB0.e.8069/value - {"text":"webdriveryard"}
COMMAND: GET /session/eac9b0d7e8ced2053dbc37a41f3ce9ab/screenshot - {}
RESULT: {"text":"webdriveryard"}
COMMAND: GET /session/eac9b0d7e8ced2053dbc37a41f3ce9ab/screenshot - {}
RESULT: {}
RESULT: {}
COMMAND: POST /session/eac9b0d7e8ced2053dbc37a41f3ce9ab/actions - {"actions":[{"id":"action25","type":"key","parameters":{},"actions":[{"type":"keyDown","value":"î€‡"},{"type":"pause","duration":10},{"type":"keyUp","value":"î€‡"}]}]}
RESULT: {"actions":[{"id":"action25","type":"key","parameters":{},"actions":[{"type":"keyDown","value":"î€‡"},{"type":"pause","duration":10},{"type":"keyUp","value":"î€‡"}]}]}
COMMAND: GET /session/eac9b0d7e8ced2053dbc37a41f3ce9ab/screenshot - {}
RESULT: {}
COMMAND: POST /session/eac9b0d7e8ced2053dbc37a41f3ce9ab/element - {"using":"xpath","value":"//input[contains(@id, \"application-manageresources-display-component---newResourceUnit--newControlDataDateRangePicker-inner\")]"}
RESULT: {"using":"xpath","value":"//input[contains(@id, \"application-manageresources-display-component---newResourceUnit--newControlDataDateRangePicker-inner\")]"}
COMMAND: POST /session/eac9b0d7e8ced2053dbc37a41f3ce9ab/element/f.6F465290622CE65C200047306CC70E60.d.FCE78D9B8946A088C2C5D1897A2B9AB0.e.8042/clear - {}
RESULT: {}
COMMAND: POST /session/eac9b0d7e8ced2053dbc37a41f3ce9ab/element/f.6F465290622CE65C200047306CC70E60.d.FCE78D9B8946A088C2C5D1897A2B9AB0.e.8042/value - {"text":"12/17/26 - 2/18/27"}
COMMAND: GET /session/eac9b0d7e8ced2053dbc37a41f3ce9ab/screenshot - {}
RESULT: {"text":"12/17/26 - 2/18/27"}
COMMAND: POST /session/eac9b0d7e8ced2053dbc37a41f3ce9ab/element - {"using":"xpath","value":"//bdi[contains(@id, \"application-manageresources-display-component---newResourceUnit--createRuButton-BDI-content\")]"}
COMMAND: GET /session/eac9b0d7e8ced2053dbc37a41f3ce9ab/screenshot - {}
RESULT: {}
RESULT: {"using":"xpath","value":"//bdi[contains(@id, \"application-manageresources-display-component---newResourceUnit--createRuButton-BDI-content\")]"}
COMMAND: POST /session/eac9b0d7e8ced2053dbc37a41f3ce9ab/element/f.6F465290622CE65C200047306CC70E60.d.FCE78D9B8946A088C2C5D1897A2B9AB0.e.8083/click - {}
RESULT: {}
RESULT: {}
COMMAND: GET /session/eac9b0d7e8ced2053dbc37a41f3ce9ab/screenshot - {}
RESULT: {}
COMMAND: POST /session/eac9b0d7e8ced2053dbc37a41f3ce9ab/actions - {"actions":[{"id":"action26","type":"key","parameters":{},"actions":[{"type":"keyDown","value":"î€‡"},{"type":"pause","duration":10},{"type":"keyUp","value":"î€‡"}]}]}
RESULT: {"actions":[{"id":"action26","type":"key","parameters":{},"actions":[{"type":"keyDown","value":"î€‡"},{"type":"pause","duration":10},{"type":"keyUp","value":"î€‡"}]}]}
COMMAND: GET /session/eac9b0d7e8ced2053dbc37a41f3ce9ab/screenshot - {}
RESULT: {}
]]></system-out>
    </testcase>
    <testcase classname="chrome.136_0_7103_93.windows.Personnel_creation_and_reference_material_verification__US120163" name="Should verify if the reference material is visible in edit and detail mode" time="16.281">
      <system-out><![CDATA[
COMMAND: POST /session/eac9b0d7e8ced2053dbc37a41f3ce9ab/element - {"using":"xpath","value":"//bdi[contains(text(), \"Edit\")]"}
RESULT: {"using":"xpath","value":"//bdi[contains(text(), \"Edit\")]"}
COMMAND: POST /session/eac9b0d7e8ced2053dbc37a41f3ce9ab/element/f.6F465290622CE65C200047306CC70E60.d.FCE78D9B8946A088C2C5D1897A2B9AB0.e.8114/click - {}
RESULT: {}
COMMAND: GET /session/eac9b0d7e8ced2053dbc37a41f3ce9ab/screenshot - {}
RESULT: {}
COMMAND: POST /session/eac9b0d7e8ced2053dbc37a41f3ce9ab/element - {"using":"xpath","value":"//bdi[contains(text(), \"Material\")]"}
RESULT: {"using":"xpath","value":"//bdi[contains(text(), \"Material\")]"}
COMMAND: POST /session/eac9b0d7e8ced2053dbc37a41f3ce9ab/element - {"using":"xpath","value":"//bdi[contains(text(), \"Material\")]"}
RESULT: {"using":"xpath","value":"//bdi[contains(text(), \"Material\")]"}
COMMAND: POST /session/eac9b0d7e8ced2053dbc37a41f3ce9ab/element - {"using":"xpath","value":"(//bdi[contains(text(), \"Save\")])[2]"}
RESULT: {"using":"xpath","value":"(//bdi[contains(text(), \"Save\")])[2]"}
COMMAND: POST /session/eac9b0d7e8ced2053dbc37a41f3ce9ab/element/f.6F465290622CE65C200047306CC70E60.d.FCE78D9B8946A088C2C5D1897A2B9AB0.e.8163/click - {}
RESULT: {}
COMMAND: GET /session/eac9b0d7e8ced2053dbc37a41f3ce9ab/screenshot - {}
RESULT: {}
COMMAND: POST /session/eac9b0d7e8ced2053dbc37a41f3ce9ab/element - {"using":"css selector","value":"#j_username"}
COMMAND: POST /session/eac9b0d7e8ced2053dbc37a41f3ce9ab/url - {"url":"https://qa-testing-00-live-etm-ui.cfapps.eu10-004.hana.ondemand.com/"}
RESULT: {"using":"css selector","value":"#j_username"}
COMMAND: POST /session/eac9b0d7e8ced2053dbc37a41f3ce9ab/element - {"using":"css selector","value":"#j_username"}
RESULT: {"url":"https://qa-testing-00-live-etm-ui.cfapps.eu10-004.hana.ondemand.com/"}
RESULT: undefined
COMMAND: GET /session/eac9b0d7e8ced2053dbc37a41f3ce9ab/screenshot - {}
RESULT: {"using":"css selector","value":"#j_username"}
COMMAND: POST /session/eac9b0d7e8ced2053dbc37a41f3ce9ab/element - {"using":"css selector","value":"#shell-header-logo"}
RESULT: {}
RESULT: {"using":"css selector","value":"#shell-header-logo"}
COMMAND: POST /session/eac9b0d7e8ced2053dbc37a41f3ce9ab/execute/sync - {"script":"<script> [8489 bytes]","args":[{"element-6066-11e4-a52e-4f735466cecf":"f.6F465290622CE65C200047306CC70E60.d.47FBF43490BA3ACBD1EE15138C52F432.e.8189","ELEMENT":"f.6F465290622CE65C200047306CC70E60.d.47FBF43490BA3ACBD1EE15138C52F432.e.8189"}]}
RESULT: {"script":"<script> [8489 bytes]","args":[{"element-6066-11e4-a52e-4f735466cecf":"f.6F465290622CE65C200047306CC70E60.d.47FBF43490BA3ACBD1EE15138C52F432.e.8189","ELEMENT":"f.6F465290622CE65C200047306CC70E60.d.47FBF43490BA3ACBD1EE15138C52F432.e.8189"}]}
COMMAND: POST /session/eac9b0d7e8ced2053dbc37a41f3ce9ab/element - {"using":"css selector","value":"#shell-header-logo"}
COMMAND: GET /session/eac9b0d7e8ced2053dbc37a41f3ce9ab/screenshot - {}
RESULT: {"using":"css selector","value":"#shell-header-logo"}
COMMAND: POST /session/eac9b0d7e8ced2053dbc37a41f3ce9ab/execute/sync - {"script":"<script> [8489 bytes]","args":[{"element-6066-11e4-a52e-4f735466cecf":"f.6F465290622CE65C200047306CC70E60.d.47FBF43490BA3ACBD1EE15138C52F432.e.8189","ELEMENT":"f.6F465290622CE65C200047306CC70E60.d.47FBF43490BA3ACBD1EE15138C52F432.e.8189"}]}
RESULT: {}
RESULT: {"script":"<script> [8489 bytes]","args":[{"element-6066-11e4-a52e-4f735466cecf":"f.6F465290622CE65C200047306CC70E60.d.47FBF43490BA3ACBD1EE15138C52F432.e.8189","ELEMENT":"f.6F465290622CE65C200047306CC70E60.d.47FBF43490BA3ACBD1EE15138C52F432.e.8189"}]}
COMMAND: POST /session/eac9b0d7e8ced2053dbc37a41f3ce9ab/execute/sync - {"script":"<script> [5351 bytes]","args":[{"element-6066-11e4-a52e-4f735466cecf":"f.6F465290622CE65C200047306CC70E60.d.47FBF43490BA3ACBD1EE15138C52F432.e.8189","ELEMENT":"f.6F465290622CE65C200047306CC70E60.d.47FBF43490BA3ACBD1EE15138C52F432.e.8189"}]}
COMMAND: GET /session/eac9b0d7e8ced2053dbc37a41f3ce9ab/screenshot - {}
RESULT: {"script":"<script> [5351 bytes]","args":[{"element-6066-11e4-a52e-4f735466cecf":"f.6F465290622CE65C200047306CC70E60.d.47FBF43490BA3ACBD1EE15138C52F432.e.8189","ELEMENT":"f.6F465290622CE65C200047306CC70E60.d.47FBF43490BA3ACBD1EE15138C52F432.e.8189"}]}
COMMAND: POST /session/eac9b0d7e8ced2053dbc37a41f3ce9ab/element - {"using":"css selector","value":"#shell-header-logo"}
COMMAND: GET /session/eac9b0d7e8ced2053dbc37a41f3ce9ab/screenshot - {}
RESULT: {}
RESULT: {"using":"css selector","value":"#shell-header-logo"}
COMMAND: POST /session/eac9b0d7e8ced2053dbc37a41f3ce9ab/element/f.6F465290622CE65C200047306CC70E60.d.47FBF43490BA3ACBD1EE15138C52F432.e.8189/click - {}
RESULT: {}
RESULT: {}
COMMAND: GET /session/eac9b0d7e8ced2053dbc37a41f3ce9ab/screenshot - {}
RESULT: {}
COMMAND: POST /session/eac9b0d7e8ced2053dbc37a41f3ce9ab/execute/async - {"script":"<script> [189 bytes]","args":[]}
RESULT: {"script":"<script> [189 bytes]","args":[]}
COMMAND: POST /session/eac9b0d7e8ced2053dbc37a41f3ce9ab/execute/async - {"script":"<script> [123 bytes]","args":[]}
RESULT: {"script":"<script> [123 bytes]","args":[]}
COMMAND: POST /session/eac9b0d7e8ced2053dbc37a41f3ce9ab/timeouts - {"script":"<number>"}
RESULT: {"script":"<number>"}
COMMAND: GET /session/eac9b0d7e8ced2053dbc37a41f3ce9ab/timeouts - {}
RESULT: {}
RESULT: undefined
COMMAND: POST /session/eac9b0d7e8ced2053dbc37a41f3ce9ab/execute/async - {"script":"<script> [2676 bytes]","args":[]}
RESULT: {"script":"<script> [2676 bytes]","args":[]}
COMMAND: POST /session/eac9b0d7e8ced2053dbc37a41f3ce9ab/execute/async - {"script":"<script> [2342 bytes]","args":[{"protocol":"http","hostname":"0.0.0.0","path":"/","capabilities":{"browserName":"chrome","goog:chromeOptions":{"binary":"C:\\Program Files\\Google\\Chrome\\Application\\chrome.exe","args":["--start-maximized"]}},"logLevel":"warn","connectionRetryTimeout":120000,"connectionRetryCount":3,"logLevels":{},"enableDirectConnect":true,"strictSSL":true,"_":"65 more keys: [\"cacheDir\",\"port\",\"requestedCapabilities\",\"automationProtocol\",\"baseUrl\",\"waitforInterval\",\"waitforTimeout\",\"onReload\",\"beforeCommand\",\"afterCommand\",\"rootDir\",\"specs\",\"suites\",\"exclude\",\"groupLogsByTestSpec\",\"excludeDriverLogs\",\"bail\",\"framework\",\"reporters\",\"services\",\"maxInstances\",\"maxInstancesPerCapability\",\"injectGlobals\",\"filesToWatch\",\"execArgv\",\"runnerEnv\",\"runner\",\"shard\",\"specFileRetries\",\"specFileRetriesDelay\",\"specFileRetriesDeferred\",\"reporterSyncInterval\",\"reporterSyncTimeout\",\"cucumberFeaturesWithLineNumbers\",\"autoCompileOpts\",\"mochaOpts\",\"jasmineOpts\",\"cucumberOpts\",\"onPrepare\",\"onWorkerStart\",\"onWorkerEnd\",\"before\",\"beforeSession\",\"beforeSuite\",\"beforeHook\",\"beforeTest\",\"afterTest\",\"afterHook\",\"afterSuite\",\"afterSession\",\"after\",\"onComplete\",\"beforeAssertion\",\"afterAssertion\",\"beforeFeature\",\"beforeScenario\",\"beforeStep\",\"afterStep\",\"afterScenario\",\"afterFeature\",\"_\",\"suite\",\"$0\",\"ignoredWorkerServices\",\"wdi5\"]"}]}
RESULT: {"script":"<script> [2342 bytes]","args":[{"protocol":"http","hostname":"0.0.0.0","path":"/","capabilities":{"browserName":"chrome","goog:chromeOptions":{"binary":"C:\\Program Files\\Google\\Chrome\\Application\\chrome.exe","args":["--start-maximized"]}},"logLevel":"warn","connectionRetryTimeout":120000,"connectionRetryCount":3,"logLevels":{},"enableDirectConnect":true,"strictSSL":true,"_":"65 more keys: [\"cacheDir\",\"port\",\"requestedCapabilities\",\"automationProtocol\",\"baseUrl\",\"waitforInterval\",\"waitforTimeout\",\"onReload\",\"beforeCommand\",\"afterCommand\",\"rootDir\",\"specs\",\"suites\",\"exclude\",\"groupLogsByTestSpec\",\"excludeDriverLogs\",\"bail\",\"framework\",\"reporters\",\"services\",\"maxInstances\",\"maxInstancesPerCapability\",\"injectGlobals\",\"filesToWatch\",\"execArgv\",\"runnerEnv\",\"runner\",\"shard\",\"specFileRetries\",\"specFileRetriesDelay\",\"specFileRetriesDeferred\",\"reporterSyncInterval\",\"reporterSyncTimeout\",\"cucumberFeaturesWithLineNumbers\",\"autoCompileOpts\",\"mochaOpts\",\"jasmineOpts\",\"cucumberOpts\",\"onPrepare\",\"onWorkerStart\",\"onWorkerEnd\",\"before\",\"beforeSession\",\"beforeSuite\",\"beforeHook\",\"beforeTest\",\"afterTest\",\"afterHook\",\"afterSuite\",\"afterSession\",\"after\",\"onComplete\",\"beforeAssertion\",\"afterAssertion\",\"beforeFeature\",\"beforeScenario\",\"beforeStep\",\"afterStep\",\"afterScenario\",\"afterFeature\",\"_\",\"suite\",\"$0\",\"ignoredWorkerServices\",\"wdi5\"]"}]}
COMMAND: POST /session/eac9b0d7e8ced2053dbc37a41f3ce9ab/execute/async - {"script":"<script> [21126 bytes]","args":[35000]}
RESULT: {"script":"<script> [21126 bytes]","args":[35000]}
COMMAND: POST /session/eac9b0d7e8ced2053dbc37a41f3ce9ab/window/maximize - {}
RESULT: {}
COMMAND: POST /session/eac9b0d7e8ced2053dbc37a41f3ce9ab/execute/async - {"script":"<script> [1562 bytes]","args":[{"selector":{"id":"shell-header","interaction":{"idSuffix":"icon"}},"wdio_ui5_key":"shellheader"}]}
COMMAND: GET /session/eac9b0d7e8ced2053dbc37a41f3ce9ab/screenshot - {}
RESULT: {"script":"<script> [1562 bytes]","args":[{"selector":{"id":"shell-header","interaction":{"idSuffix":"icon"}},"wdio_ui5_key":"shellheader"}]}
RESULT: undefined
RESULT: {}
]]></system-out>
    </testcase>
  </testsuite>
  <testsuite timestamp="2025-05-15T17:57:57" time="507.339" tests="5" failures="2" errors="2" skipped="0">
    <properties>
      <property name="specId" value="0" />
      <property name="suiteName" value="Warehouse movements inventory test" />
      <property name="capabilities" value="chrome.136_0_7103_93.windows" />
      <property name="file" value="file:///D:/a/1/s/test/specs/R2C/create-resource.spec.js" />
    </properties>
    <testcase classname="chrome.136_0_7103_93.windows.Warehouse_movements_inventory_test" name="Should create a new WHM yard" time="135.246">
      <system-out><![CDATA[
COMMAND: POST /session/eac9b0d7e8ced2053dbc37a41f3ce9ab/execute/async - {"script":"<script> [1562 bytes]","args":[{"selector":{"controlType":"sap.m.GenericTile","properties":{"header":"Manage Yards"}},"wdio_ui5_key":"sapm.GenericTile{\"header\":\"Manage Yards\"}"}]}
RESULT: {"script":"<script> [1562 bytes]","args":[{"selector":{"controlType":"sap.m.GenericTile","properties":{"header":"Manage Yards"}},"wdio_ui5_key":"sapm.GenericTile{\"header\":\"Manage Yards\"}"}]}
RESULT: undefined
COMMAND: POST /session/eac9b0d7e8ced2053dbc37a41f3ce9ab/element - {"using":"xpath","value":"//*[@id=\"__tile41\"]"}
RESULT: {"using":"xpath","value":"//*[@id=\"__tile41\"]"}
COMMAND: POST /session/eac9b0d7e8ced2053dbc37a41f3ce9ab/element/f.6F465290622CE65C200047306CC70E60.d.47FBF43490BA3ACBD1EE15138C52F432.e.8192/click - {}
RESULT: {}
COMMAND: GET /session/eac9b0d7e8ced2053dbc37a41f3ce9ab/screenshot - {}
RESULT: {}
COMMAND: POST /session/eac9b0d7e8ced2053dbc37a41f3ce9ab/elements - {"using":"xpath","value":"//span[text()='Error']"}
RESULT: {"using":"xpath","value":"//span[text()='Error']"}
COMMAND: POST /session/eac9b0d7e8ced2053dbc37a41f3ce9ab/execute/async - {"script":"<script> [1562 bytes]","args":[{"selector":{"controlType":"sap.ui.core.Icon","viewName":"etm.portal.ui.manageyards.view.Master","viewId":"application-manageyards-display-component---masterYard","properties":{"src":{"regex":{"source":"add"}}}},"wdio_ui5_key":"etmportal.ui.manageyards.view.Mastersap.ui.core.Icon{\"src\":{\"regex\":{\"source\":\"add\"}}}"}]}
RESULT: {"script":"<script> [1562 bytes]","args":[{"selector":{"controlType":"sap.ui.core.Icon","viewName":"etm.portal.ui.manageyards.view.Master","viewId":"application-manageyards-display-component---masterYard","properties":{"src":{"regex":{"source":"add"}}}},"wdio_ui5_key":"etmportal.ui.manageyards.view.Mastersap.ui.core.Icon{\"src\":{\"regex\":{\"source\":\"add\"}}}"}]}
RESULT: undefined
COMMAND: POST /session/eac9b0d7e8ced2053dbc37a41f3ce9ab/element - {"using":"xpath","value":"//*[@id=\"__button4-img\"]"}
RESULT: {"using":"xpath","value":"//*[@id=\"__button4-img\"]"}
COMMAND: POST /session/eac9b0d7e8ced2053dbc37a41f3ce9ab/element/f.6F465290622CE65C200047306CC70E60.d.47FBF43490BA3ACBD1EE15138C52F432.e.8236/click - {}
RESULT: {}
COMMAND: GET /session/eac9b0d7e8ced2053dbc37a41f3ce9ab/screenshot - {}
RESULT: {}
COMMAND: POST /session/eac9b0d7e8ced2053dbc37a41f3ce9ab/execute/async - {"script":"<script> [1562 bytes]","args":[{"selector":{"id":"application-manageyards-display-component---NewYard--yardId","interaction":{"idSuffix":"inner"}},"wdio_ui5_key":"applicationmanageyards-display-component---NewYard--yardId"}]}
RESULT: {"script":"<script> [1562 bytes]","args":[{"selector":{"id":"application-manageyards-display-component---NewYard--yardId","interaction":{"idSuffix":"inner"}},"wdio_ui5_key":"applicationmanageyards-display-component---NewYard--yardId"}]}
RESULT: undefined
COMMAND: POST /session/eac9b0d7e8ced2053dbc37a41f3ce9ab/element - {"using":"xpath","value":"//*[@id=\"application-manageyards-display-component---NewYard--addressDetailDetailsName1-inner\"]"}
RESULT: {"using":"xpath","value":"//*[@id=\"application-manageyards-display-component---NewYard--addressDetailDetailsName1-inner\"]"}
COMMAND: POST /session/eac9b0d7e8ced2053dbc37a41f3ce9ab/element/f.6F465290622CE65C200047306CC70E60.d.47FBF43490BA3ACBD1EE15138C52F432.e.8452/clear - {}
RESULT: {}
COMMAND: POST /session/eac9b0d7e8ced2053dbc37a41f3ce9ab/element/f.6F465290622CE65C200047306CC70E60.d.47FBF43490BA3ACBD1EE15138C52F432.e.8452/value - {"text":"WebdriverWHMYard7oiis"}
COMMAND: GET /session/eac9b0d7e8ced2053dbc37a41f3ce9ab/screenshot - {}
RESULT: {"text":"WebdriverWHMYard7oiis"}
COMMAND: POST /session/eac9b0d7e8ced2053dbc37a41f3ce9ab/element - {"using":"xpath","value":"//*[@id=\"application-manageyards-display-component---NewYard--addressDetailDetailsLanguage-inner\"]"}
COMMAND: GET /session/eac9b0d7e8ced2053dbc37a41f3ce9ab/screenshot - {}
RESULT: {}
RESULT: {"using":"xpath","value":"//*[@id=\"application-manageyards-display-component---NewYard--addressDetailDetailsLanguage-inner\"]"}
COMMAND: POST /session/eac9b0d7e8ced2053dbc37a41f3ce9ab/element/f.6F465290622CE65C200047306CC70E60.d.47FBF43490BA3ACBD1EE15138C52F432.e.8453/clear - {}
RESULT: {}
RESULT: {}
COMMAND: POST /session/eac9b0d7e8ced2053dbc37a41f3ce9ab/element/f.6F465290622CE65C200047306CC70E60.d.47FBF43490BA3ACBD1EE15138C52F432.e.8453/value - {"text":"Romanian"}
COMMAND: GET /session/eac9b0d7e8ced2053dbc37a41f3ce9ab/screenshot - {}
RESULT: {"text":"Romanian"}
COMMAND: POST /session/eac9b0d7e8ced2053dbc37a41f3ce9ab/element - {"using":"xpath","value":"//input[contains(@id ,\"application-manageyards-display-component---NewYard--addressDetailDetailsName1-inner\")]"}
COMMAND: GET /session/eac9b0d7e8ced2053dbc37a41f3ce9ab/screenshot - {}
RESULT: {}
RESULT: {"using":"xpath","value":"//input[contains(@id ,\"application-manageyards-display-component---NewYard--addressDetailDetailsName1-inner\")]"}
COMMAND: GET /session/eac9b0d7e8ced2053dbc37a41f3ce9ab/element/f.6F465290622CE65C200047306CC70E60.d.47FBF43490BA3ACBD1EE15138C52F432.e.8452/property/value - {}
RESULT: {}
RESULT: {}
COMMAND: GET /session/eac9b0d7e8ced2053dbc37a41f3ce9ab/screenshot - {}
RESULT: {}
COMMAND: POST /session/eac9b0d7e8ced2053dbc37a41f3ce9ab/element - {"using":"xpath","value":"//*[@id=\"application-manageyards-display-component---NewYard--addressDetailDetailsCity1-inner\"]"}
RESULT: {"using":"xpath","value":"//*[@id=\"application-manageyards-display-component---NewYard--addressDetailDetailsCity1-inner\"]"}
COMMAND: POST /session/eac9b0d7e8ced2053dbc37a41f3ce9ab/element/f.6F465290622CE65C200047306CC70E60.d.47FBF43490BA3ACBD1EE15138C52F432.e.8455/clear - {}
RESULT: {}
COMMAND: POST /session/eac9b0d7e8ced2053dbc37a41f3ce9ab/element/f.6F465290622CE65C200047306CC70E60.d.47FBF43490BA3ACBD1EE15138C52F432.e.8455/value - {"text":"Bucuresti"}
COMMAND: GET /session/eac9b0d7e8ced2053dbc37a41f3ce9ab/screenshot - {}
RESULT: {"text":"Bucuresti"}
COMMAND: GET /session/eac9b0d7e8ced2053dbc37a41f3ce9ab/screenshot - {}
RESULT: {}
RESULT: {}
COMMAND: POST /session/eac9b0d7e8ced2053dbc37a41f3ce9ab/element - {"using":"xpath","value":"//*[@id=\"application-manageyards-display-component---NewYard--addressDetailDetailsCountry-inner\"]"}
RESULT: {"using":"xpath","value":"//*[@id=\"application-manageyards-display-component---NewYard--addressDetailDetailsCountry-inner\"]"}
COMMAND: POST /session/eac9b0d7e8ced2053dbc37a41f3ce9ab/element/f.6F465290622CE65C200047306CC70E60.d.47FBF43490BA3ACBD1EE15138C52F432.e.8459/clear - {}
RESULT: {}
COMMAND: POST /session/eac9b0d7e8ced2053dbc37a41f3ce9ab/element/f.6F465290622CE65C200047306CC70E60.d.47FBF43490BA3ACBD1EE15138C52F432.e.8459/value - {"text":"Romania"}
COMMAND: GET /session/eac9b0d7e8ced2053dbc37a41f3ce9ab/screenshot - {}
RESULT: {"text":"Romania"}
COMMAND: GET /session/eac9b0d7e8ced2053dbc37a41f3ce9ab/screenshot - {}
RESULT: {}
RESULT: {}
COMMAND: POST /session/eac9b0d7e8ced2053dbc37a41f3ce9ab/execute/async - {"script":"<script> [1562 bytes]","args":[{"selector":{"controlType":"sap.m.Button","viewName":"etm.portal.ui.manageyards.view.New","viewId":"application-manageyards-display-component---NewYard","properties":{"text":"Commercial"},"interaction":{"idSuffix":"BDI-content"}},"wdio_ui5_key":"etmportal.ui.manageyards.view.Newsap.m.Button{\"text\":\"Commercial\"}"}]}
RESULT: {"script":"<script> [1562 bytes]","args":[{"selector":{"controlType":"sap.m.Button","viewName":"etm.portal.ui.manageyards.view.New","viewId":"application-manageyards-display-component---NewYard","properties":{"text":"Commercial"},"interaction":{"idSuffix":"BDI-content"}},"wdio_ui5_key":"etmportal.ui.manageyards.view.Newsap.m.Button{\"text\":\"Commercial\"}"}]}
RESULT: undefined
COMMAND: POST /session/eac9b0d7e8ced2053dbc37a41f3ce9ab/element - {"using":"xpath","value":"//*[@id=\"application-manageyards-display-component---NewYard--ObjectPageLayout-anchBar-__section5-anchor\"]"}
RESULT: {"using":"xpath","value":"//*[@id=\"application-manageyards-display-component---NewYard--ObjectPageLayout-anchBar-__section5-anchor\"]"}
COMMAND: POST /session/eac9b0d7e8ced2053dbc37a41f3ce9ab/element/f.6F465290622CE65C200047306CC70E60.d.47FBF43490BA3ACBD1EE15138C52F432.e.8648/click - {}
RESULT: {}
COMMAND: GET /session/eac9b0d7e8ced2053dbc37a41f3ce9ab/screenshot - {}
RESULT: {}
COMMAND: POST /session/eac9b0d7e8ced2053dbc37a41f3ce9ab/element - {"using":"xpath","value":"//div[contains(text(), \"Commercial\")]"}
RESULT: {"using":"xpath","value":"//div[contains(text(), \"Commercial\")]"}
COMMAND: GET /session/eac9b0d7e8ced2053dbc37a41f3ce9ab/element/f.6F465290622CE65C200047306CC70E60.d.47FBF43490BA3ACBD1EE15138C52F432.e.8659/rect - {}
RESULT: {}
COMMAND: GET /session/eac9b0d7e8ced2053dbc37a41f3ce9ab/window/rect - {}
RESULT: {}
COMMAND: POST /session/eac9b0d7e8ced2053dbc37a41f3ce9ab/execute/sync - {"script":"<script> [92 bytes]","args":[]}
RESULT: {"script":"<script> [92 bytes]","args":[]}
COMMAND: POST /session/eac9b0d7e8ced2053dbc37a41f3ce9ab/actions - {"actions":[{"id":"action27","type":"wheel","parameters":{},"actions":[{"type":"scroll","x":-1841,"y":-44,"deltaX":0,"deltaY":0,"duration":0,"origin":{"element-6066-11e4-a52e-4f735466cecf":"f.6F465290622CE65C200047306CC70E60.d.47FBF43490BA3ACBD1EE15138C52F432.e.8659"}}]}]}
COMMAND: GET /session/eac9b0d7e8ced2053dbc37a41f3ce9ab/screenshot - {}
RESULT: {}
COMMAND: POST /session/eac9b0d7e8ced2053dbc37a41f3ce9ab/execute/sync - {"script":"<script> [79 bytes]","args":[{"element-6066-11e4-a52e-4f735466cecf":"f.6F465290622CE65C200047306CC70E60.d.47FBF43490BA3ACBD1EE15138C52F432.e.8659","ELEMENT":"f.6F465290622CE65C200047306CC70E60.d.47FBF43490BA3ACBD1EE15138C52F432.e.8659"},{"block":"start","inline":"nearest"}]}
RESULT: {"script":"<script> [79 bytes]","args":[{"element-6066-11e4-a52e-4f735466cecf":"f.6F465290622CE65C200047306CC70E60.d.47FBF43490BA3ACBD1EE15138C52F432.e.8659","ELEMENT":"f.6F465290622CE65C200047306CC70E60.d.47FBF43490BA3ACBD1EE15138C52F432.e.8659"},{"block":"start","inline":"nearest"}]}
COMMAND: GET /session/eac9b0d7e8ced2053dbc37a41f3ce9ab/screenshot - {}
RESULT: {}
COMMAND: POST /session/eac9b0d7e8ced2053dbc37a41f3ce9ab/execute/async - {"script":"<script> [1562 bytes]","args":[{"selector":{"id":"application-manageyards-display-component---NewYard--addressEditDetailsCostObjectCstType-arrow"},"wdio_ui5_key":"applicationmanageyards-display-component---NewYard--addressEditDetailsCostObjectCstType-arrow"}]}
RESULT: {"script":"<script> [1562 bytes]","args":[{"selector":{"id":"application-manageyards-display-component---NewYard--addressEditDetailsCostObjectCstType-arrow"},"wdio_ui5_key":"applicationmanageyards-display-component---NewYard--addressEditDetailsCostObjectCstType-arrow"}]}
RESULT: undefined
COMMAND: POST /session/eac9b0d7e8ced2053dbc37a41f3ce9ab/element - {"using":"xpath","value":"//*[@id=\"application-manageyards-display-component---NewYard--addressEditDetailsCostObjectCstType-arrow\"]"}
RESULT: {"using":"xpath","value":"//*[@id=\"application-manageyards-display-component---NewYard--addressEditDetailsCostObjectCstType-arrow\"]"}
COMMAND: POST /session/eac9b0d7e8ced2053dbc37a41f3ce9ab/element/f.6F465290622CE65C200047306CC70E60.d.47FBF43490BA3ACBD1EE15138C52F432.e.8660/click - {}
RESULT: {}
COMMAND: POST /session/eac9b0d7e8ced2053dbc37a41f3ce9ab/element - {"using":"xpath","value":"//span[contains(text(), \"Cost Center\")]"}
COMMAND: GET /session/eac9b0d7e8ced2053dbc37a41f3ce9ab/screenshot - {}
RESULT: {"using":"xpath","value":"//span[contains(text(), \"Cost Center\")]"}
COMMAND: POST /session/eac9b0d7e8ced2053dbc37a41f3ce9ab/element/f.6F465290622CE65C200047306CC70E60.d.47FBF43490BA3ACBD1EE15138C52F432.e.8661/click - {}
RESULT: {}
RESULT: {}
COMMAND: GET /session/eac9b0d7e8ced2053dbc37a41f3ce9ab/screenshot - {}
RESULT: {}
COMMAND: POST /session/eac9b0d7e8ced2053dbc37a41f3ce9ab/execute/async - {"script":"<script> [1562 bytes]","args":[{"selector":{"id":"application-manageyards-display-component---NewYard--addressNewCostObjectCstID-vhi"},"wdio_ui5_key":"applicationmanageyards-display-component---NewYard--addressNewCostObjectCstID-vhi"}]}
RESULT: {"script":"<script> [1562 bytes]","args":[{"selector":{"id":"application-manageyards-display-component---NewYard--addressNewCostObjectCstID-vhi"},"wdio_ui5_key":"applicationmanageyards-display-component---NewYard--addressNewCostObjectCstID-vhi"}]}
RESULT: undefined
COMMAND: POST /session/eac9b0d7e8ced2053dbc37a41f3ce9ab/element - {"using":"xpath","value":"//*[@id=\"application-manageyards-display-component---NewYard--addressNewCostObjectCstID-vhi\"]"}
RESULT: {"using":"xpath","value":"//*[@id=\"application-manageyards-display-component---NewYard--addressNewCostObjectCstID-vhi\"]"}
COMMAND: POST /session/eac9b0d7e8ced2053dbc37a41f3ce9ab/element/f.6F465290622CE65C200047306CC70E60.d.47FBF43490BA3ACBD1EE15138C52F432.e.8665/click - {}
RESULT: {}
COMMAND: GET /session/eac9b0d7e8ced2053dbc37a41f3ce9ab/screenshot - {}
RESULT: {}
COMMAND: POST /session/eac9b0d7e8ced2053dbc37a41f3ce9ab/execute/async - {"script":"<script> [1562 bytes]","args":[{"selector":{"controlType":"sap.m.SearchField","properties":{"placeholder":"Search"},"searchOpenDialogs":true,"interaction":{"idSuffix":"I"}},"wdio_ui5_key":"sapm.SearchField{\"placeholder\":\"Search\"}"}]}
RESULT: {"script":"<script> [1562 bytes]","args":[{"selector":{"controlType":"sap.m.SearchField","properties":{"placeholder":"Search"},"searchOpenDialogs":true,"interaction":{"idSuffix":"I"}},"wdio_ui5_key":"sapm.SearchField{\"placeholder\":\"Search\"}"}]}
RESULT: undefined
COMMAND: POST /session/eac9b0d7e8ced2053dbc37a41f3ce9ab/execute/async - {"script":"<script> [776 bytes]","args":[{"enterText":"10001013","selector":{"controlType":"sap.m.SearchField","properties":{"placeholder":"Search"},"searchOpenDialogs":true,"interaction":{"idSuffix":"I"}},"clearTextFirst":true,"interactionType":"ENTER_TEXT"}]}
RESULT: {"script":"<script> [776 bytes]","args":[{"enterText":"10001013","selector":{"controlType":"sap.m.SearchField","properties":{"placeholder":"Search"},"searchOpenDialogs":true,"interaction":{"idSuffix":"I"}},"clearTextFirst":true,"interactionType":"ENTER_TEXT"}]}
COMMAND: POST /session/eac9b0d7e8ced2053dbc37a41f3ce9ab/actions - {"actions":[{"id":"action28","type":"key","parameters":{},"actions":[{"type":"keyDown","value":"î€‡"},{"type":"pause","duration":10},{"type":"keyUp","value":"î€‡"}]}]}
RESULT: {"actions":[{"id":"action28","type":"key","parameters":{},"actions":[{"type":"keyDown","value":"î€‡"},{"type":"pause","duration":10},{"type":"keyUp","value":"î€‡"}]}]}
COMMAND: GET /session/eac9b0d7e8ced2053dbc37a41f3ce9ab/screenshot - {}
RESULT: {}
COMMAND: POST /session/eac9b0d7e8ced2053dbc37a41f3ce9ab/element - {"using":"xpath","value":"//span[contains(text(), \"General Management\")]"}
RESULT: {"using":"xpath","value":"//span[contains(text(), \"General Management\")]"}
COMMAND: POST /session/eac9b0d7e8ced2053dbc37a41f3ce9ab/element/f.6F465290622CE65C200047306CC70E60.d.47FBF43490BA3ACBD1EE15138C52F432.e.8707/click - {}
RESULT: {}
COMMAND: GET /session/eac9b0d7e8ced2053dbc37a41f3ce9ab/screenshot - {}
RESULT: {}
COMMAND: POST /session/eac9b0d7e8ced2053dbc37a41f3ce9ab/element - {"using":"xpath","value":"//bdi[contains(text(), \"OK\")]"}
RESULT: {"using":"xpath","value":"//bdi[contains(text(), \"OK\")]"}
COMMAND: POST /session/eac9b0d7e8ced2053dbc37a41f3ce9ab/element/f.6F465290622CE65C200047306CC70E60.d.47FBF43490BA3ACBD1EE15138C52F432.e.8708/click - {}
RESULT: {}
COMMAND: GET /session/eac9b0d7e8ced2053dbc37a41f3ce9ab/screenshot - {}
RESULT: {}
COMMAND: POST /session/eac9b0d7e8ced2053dbc37a41f3ce9ab/execute/async - {"script":"<script> [1562 bytes]","args":[{"selector":{"id":"application-manageyards-display-component---NewYard--addressEditDetailsCurrency","interaction":{"idSuffix":"inner"}},"wdio_ui5_key":"applicationmanageyards-display-component---NewYard--addressEditDetailsCurrency"}]}
RESULT: {"script":"<script> [1562 bytes]","args":[{"selector":{"id":"application-manageyards-display-component---NewYard--addressEditDetailsCurrency","interaction":{"idSuffix":"inner"}},"wdio_ui5_key":"applicationmanageyards-display-component---NewYard--addressEditDetailsCurrency"}]}
RESULT: undefined
COMMAND: POST /session/eac9b0d7e8ced2053dbc37a41f3ce9ab/execute/async - {"script":"<script> [776 bytes]","args":[{"enterText":"Euro","selector":{"id":"application-manageyards-display-component---NewYard--addressEditDetailsCurrency","interaction":{"idSuffix":"inner"}},"clearTextFirst":true,"interactionType":"ENTER_TEXT"}]}
RESULT: {"script":"<script> [776 bytes]","args":[{"enterText":"Euro","selector":{"id":"application-manageyards-display-component---NewYard--addressEditDetailsCurrency","interaction":{"idSuffix":"inner"}},"clearTextFirst":true,"interactionType":"ENTER_TEXT"}]}
COMMAND: POST /session/eac9b0d7e8ced2053dbc37a41f3ce9ab/execute/async - {"script":"<script> [1562 bytes]","args":[{"selector":{"controlType":"sap.m.Input","viewName":"etm.portal.ui.manageyards.view.New","viewId":"application-manageyards-display-component---NewYard","bindingPath":{"path":"","propertyPath":"/CONTROLLING_AREA","modelName":"NewYardModel"},"interaction":{"idSuffix":"inner"}},"wdio_ui5_key":"etmportal.ui.manageyards.view.Newsap.m.Input{\"path\":\"\",\"propertyPath\":\"/CONTROLLING_AREA\",\"modelName\":\"NewYardModel\"}"}]}
RESULT: {"script":"<script> [1562 bytes]","args":[{"selector":{"controlType":"sap.m.Input","viewName":"etm.portal.ui.manageyards.view.New","viewId":"application-manageyards-display-component---NewYard","bindingPath":{"path":"","propertyPath":"/CONTROLLING_AREA","modelName":"NewYardModel"},"interaction":{"idSuffix":"inner"}},"wdio_ui5_key":"etmportal.ui.manageyards.view.Newsap.m.Input{\"path\":\"\",\"propertyPath\":\"/CONTROLLING_AREA\",\"modelName\":\"NewYardModel\"}"}]}
RESULT: undefined
COMMAND: POST /session/eac9b0d7e8ced2053dbc37a41f3ce9ab/execute/async - {"script":"<script> [776 bytes]","args":[{"enterText":"Z001","selector":{"controlType":"sap.m.Input","viewName":"etm.portal.ui.manageyards.view.New","viewId":"application-manageyards-display-component---NewYard","bindingPath":{"path":"","propertyPath":"/CONTROLLING_AREA","modelName":"NewYardModel"},"interaction":{"idSuffix":"inner"}},"clearTextFirst":true,"interactionType":"ENTER_TEXT"}]}
RESULT: {"script":"<script> [776 bytes]","args":[{"enterText":"Z001","selector":{"controlType":"sap.m.Input","viewName":"etm.portal.ui.manageyards.view.New","viewId":"application-manageyards-display-component---NewYard","bindingPath":{"path":"","propertyPath":"/CONTROLLING_AREA","modelName":"NewYardModel"},"interaction":{"idSuffix":"inner"}},"clearTextFirst":true,"interactionType":"ENTER_TEXT"}]}
COMMAND: POST /session/eac9b0d7e8ced2053dbc37a41f3ce9ab/execute/async - {"script":"<script> [1562 bytes]","args":[{"selector":{"id":"application-manageyards-display-component---NewYard--companyCodeComboBox","interaction":{"idSuffix":"inner"}},"wdio_ui5_key":"applicationmanageyards-display-component---NewYard--companyCodeComboBox"}]}
RESULT: {"script":"<script> [1562 bytes]","args":[{"selector":{"id":"application-manageyards-display-component---NewYard--companyCodeComboBox","interaction":{"idSuffix":"inner"}},"wdio_ui5_key":"applicationmanageyards-display-component---NewYard--companyCodeComboBox"}]}
RESULT: undefined
COMMAND: POST /session/eac9b0d7e8ced2053dbc37a41f3ce9ab/execute/async - {"script":"<script> [776 bytes]","args":[{"enterText":"1000","selector":{"id":"application-manageyards-display-component---NewYard--companyCodeComboBox","interaction":{"idSuffix":"inner"}},"clearTextFirst":true,"interactionType":"ENTER_TEXT"}]}
RESULT: {"script":"<script> [776 bytes]","args":[{"enterText":"1000","selector":{"id":"application-manageyards-display-component---NewYard--companyCodeComboBox","interaction":{"idSuffix":"inner"}},"clearTextFirst":true,"interactionType":"ENTER_TEXT"}]}
COMMAND: POST /session/eac9b0d7e8ced2053dbc37a41f3ce9ab/actions - {"actions":[{"id":"action29","type":"key","parameters":{},"actions":[{"type":"keyDown","value":"î€‡"},{"type":"pause","duration":10},{"type":"keyUp","value":"î€‡"}]}]}
RESULT: {"actions":[{"id":"action29","type":"key","parameters":{},"actions":[{"type":"keyDown","value":"î€‡"},{"type":"pause","duration":10},{"type":"keyUp","value":"î€‡"}]}]}
COMMAND: POST /session/eac9b0d7e8ced2053dbc37a41f3ce9ab/execute/async - {"script":"<script> [1562 bytes]","args":[{"selector":{"controlType":"sap.m.Input","viewName":"etm.portal.ui.manageyards.view.New","viewId":"application-manageyards-display-component---NewYard","bindingPath":{"path":"","propertyPath":"/PLANT","modelName":"NewYardModel"},"interaction":{"idSuffix":"inner"}},"wdio_ui5_key":"etmportal.ui.manageyards.view.Newsap.m.Input{\"path\":\"\",\"propertyPath\":\"/PLANT\",\"modelName\":\"NewYardModel\"}"}]}
COMMAND: GET /session/eac9b0d7e8ced2053dbc37a41f3ce9ab/screenshot - {}
RESULT: {"script":"<script> [1562 bytes]","args":[{"selector":{"controlType":"sap.m.Input","viewName":"etm.portal.ui.manageyards.view.New","viewId":"application-manageyards-display-component---NewYard","bindingPath":{"path":"","propertyPath":"/PLANT","modelName":"NewYardModel"},"interaction":{"idSuffix":"inner"}},"wdio_ui5_key":"etmportal.ui.manageyards.view.Newsap.m.Input{\"path\":\"\",\"propertyPath\":\"/PLANT\",\"modelName\":\"NewYardModel\"}"}]}
RESULT: undefined
COMMAND: POST /session/eac9b0d7e8ced2053dbc37a41f3ce9ab/execute/async - {"script":"<script> [776 bytes]","args":[{"enterText":"1001","selector":{"controlType":"sap.m.Input","viewName":"etm.portal.ui.manageyards.view.New","viewId":"application-manageyards-display-component---NewYard","bindingPath":{"path":"","propertyPath":"/PLANT","modelName":"NewYardModel"},"interaction":{"idSuffix":"inner"}},"clearTextFirst":true,"interactionType":"ENTER_TEXT"}]}
RESULT: {}
RESULT: {"script":"<script> [776 bytes]","args":[{"enterText":"1001","selector":{"controlType":"sap.m.Input","viewName":"etm.portal.ui.manageyards.view.New","viewId":"application-manageyards-display-component---NewYard","bindingPath":{"path":"","propertyPath":"/PLANT","modelName":"NewYardModel"},"interaction":{"idSuffix":"inner"}},"clearTextFirst":true,"interactionType":"ENTER_TEXT"}]}
COMMAND: POST /session/eac9b0d7e8ced2053dbc37a41f3ce9ab/execute/async - {"script":"<script> [1562 bytes]","args":[{"selector":{"controlType":"sap.m.Input","viewName":"etm.portal.ui.manageyards.view.New","viewId":"application-manageyards-display-component---NewYard","bindingPath":{"path":"","propertyPath":"/SALES_AREA_VKORG","modelName":"NewYardModel"},"interaction":{"idSuffix":"inner"}},"wdio_ui5_key":"etmportal.ui.manageyards.view.Newsap.m.Input{\"path\":\"\",\"propertyPath\":\"/SALES_AREA_VKORG\",\"modelName\":\"NewYardModel\"}"}]}
RESULT: {"script":"<script> [1562 bytes]","args":[{"selector":{"controlType":"sap.m.Input","viewName":"etm.portal.ui.manageyards.view.New","viewId":"application-manageyards-display-component---NewYard","bindingPath":{"path":"","propertyPath":"/SALES_AREA_VKORG","modelName":"NewYardModel"},"interaction":{"idSuffix":"inner"}},"wdio_ui5_key":"etmportal.ui.manageyards.view.Newsap.m.Input{\"path\":\"\",\"propertyPath\":\"/SALES_AREA_VKORG\",\"modelName\":\"NewYardModel\"}"}]}
RESULT: undefined
COMMAND: POST /session/eac9b0d7e8ced2053dbc37a41f3ce9ab/execute/async - {"script":"<script> [776 bytes]","args":[{"enterText":"C002","selector":{"controlType":"sap.m.Input","viewName":"etm.portal.ui.manageyards.view.New","viewId":"application-manageyards-display-component---NewYard","bindingPath":{"path":"","propertyPath":"/SALES_AREA_VKORG","modelName":"NewYardModel"},"interaction":{"idSuffix":"inner"}},"clearTextFirst":true,"interactionType":"ENTER_TEXT"}]}
RESULT: {"script":"<script> [776 bytes]","args":[{"enterText":"C002","selector":{"controlType":"sap.m.Input","viewName":"etm.portal.ui.manageyards.view.New","viewId":"application-manageyards-display-component---NewYard","bindingPath":{"path":"","propertyPath":"/SALES_AREA_VKORG","modelName":"NewYardModel"},"interaction":{"idSuffix":"inner"}},"clearTextFirst":true,"interactionType":"ENTER_TEXT"}]}
COMMAND: POST /session/eac9b0d7e8ced2053dbc37a41f3ce9ab/execute/async - {"script":"<script> [1562 bytes]","args":[{"selector":{"controlType":"sap.m.Input","viewName":"etm.portal.ui.manageyards.view.New","viewId":"application-manageyards-display-component---NewYard","bindingPath":{"path":"","propertyPath":"/SALES_AREA_VTWEG","modelName":"NewYardModel"},"interaction":{"idSuffix":"inner"}},"wdio_ui5_key":"etmportal.ui.manageyards.view.Newsap.m.Input{\"path\":\"\",\"propertyPath\":\"/SALES_AREA_VTWEG\",\"modelName\":\"NewYardModel\"}"}]}
RESULT: {"script":"<script> [1562 bytes]","args":[{"selector":{"controlType":"sap.m.Input","viewName":"etm.portal.ui.manageyards.view.New","viewId":"application-manageyards-display-component---NewYard","bindingPath":{"path":"","propertyPath":"/SALES_AREA_VTWEG","modelName":"NewYardModel"},"interaction":{"idSuffix":"inner"}},"wdio_ui5_key":"etmportal.ui.manageyards.view.Newsap.m.Input{\"path\":\"\",\"propertyPath\":\"/SALES_AREA_VTWEG\",\"modelName\":\"NewYardModel\"}"}]}
RESULT: undefined
COMMAND: POST /session/eac9b0d7e8ced2053dbc37a41f3ce9ab/execute/async - {"script":"<script> [776 bytes]","args":[{"enterText":"C2","selector":{"controlType":"sap.m.Input","viewName":"etm.portal.ui.manageyards.view.New","viewId":"application-manageyards-display-component---NewYard","bindingPath":{"path":"","propertyPath":"/SALES_AREA_VTWEG","modelName":"NewYardModel"},"interaction":{"idSuffix":"inner"}},"clearTextFirst":true,"interactionType":"ENTER_TEXT"}]}
RESULT: {"script":"<script> [776 bytes]","args":[{"enterText":"C2","selector":{"controlType":"sap.m.Input","viewName":"etm.portal.ui.manageyards.view.New","viewId":"application-manageyards-display-component---NewYard","bindingPath":{"path":"","propertyPath":"/SALES_AREA_VTWEG","modelName":"NewYardModel"},"interaction":{"idSuffix":"inner"}},"clearTextFirst":true,"interactionType":"ENTER_TEXT"}]}
COMMAND: POST /session/eac9b0d7e8ced2053dbc37a41f3ce9ab/execute/async - {"script":"<script> [1562 bytes]","args":[{"selector":{"controlType":"sap.m.Input","viewName":"etm.portal.ui.manageyards.view.New","viewId":"application-manageyards-display-component---NewYard","bindingPath":{"path":"","propertyPath":"/SALES_AREA_SPART","modelName":"NewYardModel"},"interaction":{"idSuffix":"inner"}},"wdio_ui5_key":"etmportal.ui.manageyards.view.Newsap.m.Input{\"path\":\"\",\"propertyPath\":\"/SALES_AREA_SPART\",\"modelName\":\"NewYardModel\"}"}]}
RESULT: {"script":"<script> [1562 bytes]","args":[{"selector":{"controlType":"sap.m.Input","viewName":"etm.portal.ui.manageyards.view.New","viewId":"application-manageyards-display-component---NewYard","bindingPath":{"path":"","propertyPath":"/SALES_AREA_SPART","modelName":"NewYardModel"},"interaction":{"idSuffix":"inner"}},"wdio_ui5_key":"etmportal.ui.manageyards.view.Newsap.m.Input{\"path\":\"\",\"propertyPath\":\"/SALES_AREA_SPART\",\"modelName\":\"NewYardModel\"}"}]}
RESULT: undefined
COMMAND: POST /session/eac9b0d7e8ced2053dbc37a41f3ce9ab/execute/async - {"script":"<script> [776 bytes]","args":[{"enterText":"C2","selector":{"controlType":"sap.m.Input","viewName":"etm.portal.ui.manageyards.view.New","viewId":"application-manageyards-display-component---NewYard","bindingPath":{"path":"","propertyPath":"/SALES_AREA_SPART","modelName":"NewYardModel"},"interaction":{"idSuffix":"inner"}},"clearTextFirst":true,"interactionType":"ENTER_TEXT"}]}
RESULT: {"script":"<script> [776 bytes]","args":[{"enterText":"C2","selector":{"controlType":"sap.m.Input","viewName":"etm.portal.ui.manageyards.view.New","viewId":"application-manageyards-display-component---NewYard","bindingPath":{"path":"","propertyPath":"/SALES_AREA_SPART","modelName":"NewYardModel"},"interaction":{"idSuffix":"inner"}},"clearTextFirst":true,"interactionType":"ENTER_TEXT"}]}
COMMAND: POST /session/eac9b0d7e8ced2053dbc37a41f3ce9ab/execute/async - {"script":"<script> [1562 bytes]","args":[{"selector":{"id":"application-manageyards-display-component---NewYard--whmCheckBox","interaction":{"idSuffix":"CbBg"}},"wdio_ui5_key":"applicationmanageyards-display-component---NewYard--whmCheckBox"}]}
RESULT: {"script":"<script> [1562 bytes]","args":[{"selector":{"id":"application-manageyards-display-component---NewYard--whmCheckBox","interaction":{"idSuffix":"CbBg"}},"wdio_ui5_key":"applicationmanageyards-display-component---NewYard--whmCheckBox"}]}
RESULT: undefined
COMMAND: POST /session/eac9b0d7e8ced2053dbc37a41f3ce9ab/element - {"using":"xpath","value":"//*[@id=\"application-manageyards-display-component---NewYard--whmCheckBox\"]"}
RESULT: {"using":"xpath","value":"//*[@id=\"application-manageyards-display-component---NewYard--whmCheckBox\"]"}
COMMAND: POST /session/eac9b0d7e8ced2053dbc37a41f3ce9ab/element/f.6F465290622CE65C200047306CC70E60.d.47FBF43490BA3ACBD1EE15138C52F432.e.8719/click - {}
RESULT: {}
COMMAND: POST /session/eac9b0d7e8ced2053dbc37a41f3ce9ab/execute/async - {"script":"<script> [1562 bytes]","args":[{"selector":{"controlType":"sap.m.Button","viewName":"etm.portal.ui.manageyards.view.New","viewId":"application-manageyards-display-component---NewYard","i18NText":{"propertyName":"text","key":"save"},"interaction":{"idSuffix":"inner"}},"wdio_ui5_key":"etmportal.ui.manageyards.view.Newsap.m.Button{\"propertyName\":\"text\",\"key\":\"save\"}"}]}
COMMAND: GET /session/eac9b0d7e8ced2053dbc37a41f3ce9ab/screenshot - {}
RESULT: {"script":"<script> [1562 bytes]","args":[{"selector":{"controlType":"sap.m.Button","viewName":"etm.portal.ui.manageyards.view.New","viewId":"application-manageyards-display-component---NewYard","i18NText":{"propertyName":"text","key":"save"},"interaction":{"idSuffix":"inner"}},"wdio_ui5_key":"etmportal.ui.manageyards.view.Newsap.m.Button{\"propertyName\":\"text\",\"key\":\"save\"}"}]}
RESULT: undefined
COMMAND: POST /session/eac9b0d7e8ced2053dbc37a41f3ce9ab/element - {"using":"xpath","value":"//*[@id=\"__button18\"]"}
RESULT: {}
RESULT: {"using":"xpath","value":"//*[@id=\"__button18\"]"}
COMMAND: POST /session/eac9b0d7e8ced2053dbc37a41f3ce9ab/element/f.6F465290622CE65C200047306CC70E60.d.47FBF43490BA3ACBD1EE15138C52F432.e.8625/click - {}
RESULT: {}
COMMAND: GET /session/eac9b0d7e8ced2053dbc37a41f3ce9ab/screenshot - {}
RESULT: {}
COMMAND: POST /session/eac9b0d7e8ced2053dbc37a41f3ce9ab/element - {"using":"css selector","value":"#shell-header-logo"}
RESULT: {"using":"css selector","value":"#shell-header-logo"}
COMMAND: POST /session/eac9b0d7e8ced2053dbc37a41f3ce9ab/element/f.6F465290622CE65C200047306CC70E60.d.47FBF43490BA3ACBD1EE15138C52F432.e.8189/click - {}
RESULT: {}
COMMAND: GET /session/eac9b0d7e8ced2053dbc37a41f3ce9ab/screenshot - {}
RESULT: {}
COMMAND: POST /session/eac9b0d7e8ced2053dbc37a41f3ce9ab/refresh - {}
RESULT: {}
COMMAND: GET /session/eac9b0d7e8ced2053dbc37a41f3ce9ab/screenshot - {}
RESULT: {}
COMMAND: POST /session/eac9b0d7e8ced2053dbc37a41f3ce9ab/execute/async - {"script":"<script> [189 bytes]","args":[]}
RESULT: {"script":"<script> [189 bytes]","args":[]}
COMMAND: POST /session/eac9b0d7e8ced2053dbc37a41f3ce9ab/execute/async - {"script":"<script> [123 bytes]","args":[]}
RESULT: {"script":"<script> [123 bytes]","args":[]}
COMMAND: POST /session/eac9b0d7e8ced2053dbc37a41f3ce9ab/timeouts - {"script":"<number>"}
RESULT: {"script":"<number>"}
COMMAND: GET /session/eac9b0d7e8ced2053dbc37a41f3ce9ab/timeouts - {}
RESULT: {}
RESULT: undefined
COMMAND: POST /session/eac9b0d7e8ced2053dbc37a41f3ce9ab/execute/async - {"script":"<script> [2676 bytes]","args":[]}
RESULT: {"script":"<script> [2676 bytes]","args":[]}
COMMAND: POST /session/eac9b0d7e8ced2053dbc37a41f3ce9ab/execute/async - {"script":"<script> [2342 bytes]","args":[{"protocol":"http","hostname":"0.0.0.0","path":"/","capabilities":{"browserName":"chrome","goog:chromeOptions":{"binary":"C:\\Program Files\\Google\\Chrome\\Application\\chrome.exe","args":["--start-maximized"]}},"logLevel":"warn","connectionRetryTimeout":120000,"connectionRetryCount":3,"logLevels":{},"enableDirectConnect":true,"strictSSL":true,"_":"65 more keys: [\"cacheDir\",\"port\",\"requestedCapabilities\",\"automationProtocol\",\"baseUrl\",\"waitforInterval\",\"waitforTimeout\",\"onReload\",\"beforeCommand\",\"afterCommand\",\"rootDir\",\"specs\",\"suites\",\"exclude\",\"groupLogsByTestSpec\",\"excludeDriverLogs\",\"bail\",\"framework\",\"reporters\",\"services\",\"maxInstances\",\"maxInstancesPerCapability\",\"injectGlobals\",\"filesToWatch\",\"execArgv\",\"runnerEnv\",\"runner\",\"shard\",\"specFileRetries\",\"specFileRetriesDelay\",\"specFileRetriesDeferred\",\"reporterSyncInterval\",\"reporterSyncTimeout\",\"cucumberFeaturesWithLineNumbers\",\"autoCompileOpts\",\"mochaOpts\",\"jasmineOpts\",\"cucumberOpts\",\"onPrepare\",\"onWorkerStart\",\"onWorkerEnd\",\"before\",\"beforeSession\",\"beforeSuite\",\"beforeHook\",\"beforeTest\",\"afterTest\",\"afterHook\",\"afterSuite\",\"afterSession\",\"after\",\"onComplete\",\"beforeAssertion\",\"afterAssertion\",\"beforeFeature\",\"beforeScenario\",\"beforeStep\",\"afterStep\",\"afterScenario\",\"afterFeature\",\"_\",\"suite\",\"$0\",\"ignoredWorkerServices\",\"wdi5\"]"}]}
RESULT: {"script":"<script> [2342 bytes]","args":[{"protocol":"http","hostname":"0.0.0.0","path":"/","capabilities":{"browserName":"chrome","goog:chromeOptions":{"binary":"C:\\Program Files\\Google\\Chrome\\Application\\chrome.exe","args":["--start-maximized"]}},"logLevel":"warn","connectionRetryTimeout":120000,"connectionRetryCount":3,"logLevels":{},"enableDirectConnect":true,"strictSSL":true,"_":"65 more keys: [\"cacheDir\",\"port\",\"requestedCapabilities\",\"automationProtocol\",\"baseUrl\",\"waitforInterval\",\"waitforTimeout\",\"onReload\",\"beforeCommand\",\"afterCommand\",\"rootDir\",\"specs\",\"suites\",\"exclude\",\"groupLogsByTestSpec\",\"excludeDriverLogs\",\"bail\",\"framework\",\"reporters\",\"services\",\"maxInstances\",\"maxInstancesPerCapability\",\"injectGlobals\",\"filesToWatch\",\"execArgv\",\"runnerEnv\",\"runner\",\"shard\",\"specFileRetries\",\"specFileRetriesDelay\",\"specFileRetriesDeferred\",\"reporterSyncInterval\",\"reporterSyncTimeout\",\"cucumberFeaturesWithLineNumbers\",\"autoCompileOpts\",\"mochaOpts\",\"jasmineOpts\",\"cucumberOpts\",\"onPrepare\",\"onWorkerStart\",\"onWorkerEnd\",\"before\",\"beforeSession\",\"beforeSuite\",\"beforeHook\",\"beforeTest\",\"afterTest\",\"afterHook\",\"afterSuite\",\"afterSession\",\"after\",\"onComplete\",\"beforeAssertion\",\"afterAssertion\",\"beforeFeature\",\"beforeScenario\",\"beforeStep\",\"afterStep\",\"afterScenario\",\"afterFeature\",\"_\",\"suite\",\"$0\",\"ignoredWorkerServices\",\"wdi5\"]"}]}
COMMAND: POST /session/eac9b0d7e8ced2053dbc37a41f3ce9ab/execute/async - {"script":"<script> [21126 bytes]","args":[35000]}
RESULT: {"script":"<script> [21126 bytes]","args":[35000]}
]]></system-out>
    </testcase>
    <testcase classname="chrome.136_0_7103_93.windows.Warehouse_movements_inventory_test" name="Should create a new warehouse organization" time="61.886">
      <system-out><![CDATA[
COMMAND: POST /session/eac9b0d7e8ced2053dbc37a41f3ce9ab/execute/async - {"script":"<script> [1562 bytes]","args":[{"selector":{"controlType":"sap.m.GenericTile","properties":{"header":"Bin Status Report"}},"wdio_ui5_key":"sapm.GenericTile{\"header\":\"Bin Status Report\"}"}]}
RESULT: {"script":"<script> [1562 bytes]","args":[{"selector":{"controlType":"sap.m.GenericTile","properties":{"header":"Bin Status Report"}},"wdio_ui5_key":"sapm.GenericTile{\"header\":\"Bin Status Report\"}"}]}
RESULT: undefined
COMMAND: POST /session/eac9b0d7e8ced2053dbc37a41f3ce9ab/element - {"using":"xpath","value":"//*[@id=\"__tile104\"]"}
RESULT: {"using":"xpath","value":"//*[@id=\"__tile104\"]"}
COMMAND: POST /session/eac9b0d7e8ced2053dbc37a41f3ce9ab/element/f.6F465290622CE65C200047306CC70E60.d.B43420CD70A1B49484BEE719384B9131.e.8938/click - {}
RESULT: {}
COMMAND: GET /session/eac9b0d7e8ced2053dbc37a41f3ce9ab/screenshot - {}
RESULT: {}
COMMAND: POST /session/eac9b0d7e8ced2053dbc37a41f3ce9ab/elements - {"using":"xpath","value":"//span[text()='Error']"}
RESULT: {"using":"xpath","value":"//span[text()='Error']"}
COMMAND: POST /session/eac9b0d7e8ced2053dbc37a41f3ce9ab/execute/async - {"script":"<script> [1562 bytes]","args":[{"selector":{"id":"application-binstatusreport-display-component---warehousing--createOrgBtn","interaction":{"idSuffix":"BDI-content"}},"wdio_ui5_key":"applicationbinstatusreport-display-component---warehousing--createOrgBtn"}]}
RESULT: {"script":"<script> [1562 bytes]","args":[{"selector":{"id":"application-binstatusreport-display-component---warehousing--createOrgBtn","interaction":{"idSuffix":"BDI-content"}},"wdio_ui5_key":"applicationbinstatusreport-display-component---warehousing--createOrgBtn"}]}
RESULT: undefined
COMMAND: POST /session/eac9b0d7e8ced2053dbc37a41f3ce9ab/element - {"using":"xpath","value":"//*[@id=\"application-binstatusreport-display-component---warehousing--createOrgBtn\"]"}
RESULT: {"using":"xpath","value":"//*[@id=\"application-binstatusreport-display-component---warehousing--createOrgBtn\"]"}
COMMAND: POST /session/eac9b0d7e8ced2053dbc37a41f3ce9ab/element/f.6F465290622CE65C200047306CC70E60.d.B43420CD70A1B49484BEE719384B9131.e.8983/click - {}
RESULT: {}
COMMAND: GET /session/eac9b0d7e8ced2053dbc37a41f3ce9ab/screenshot - {}
RESULT: {}
COMMAND: POST /session/eac9b0d7e8ced2053dbc37a41f3ce9ab/execute/async - {"script":"<script> [1562 bytes]","args":[{"selector":{"id":"createOrganizationPop--sectionInput","searchOpenDialogs":true,"interaction":{"idSuffix":"inner"}},"wdio_ui5_key":"createOrganizationPopsectionInput"}]}
RESULT: {"script":"<script> [1562 bytes]","args":[{"selector":{"id":"createOrganizationPop--sectionInput","searchOpenDialogs":true,"interaction":{"idSuffix":"inner"}},"wdio_ui5_key":"createOrganizationPopsectionInput"}]}
RESULT: undefined
COMMAND: POST /session/eac9b0d7e8ced2053dbc37a41f3ce9ab/execute/async - {"script":"<script> [776 bytes]","args":[{"enterText":"Sec4lqff","selector":{"id":"createOrganizationPop--sectionInput","searchOpenDialogs":true,"interaction":{"idSuffix":"inner"}},"clearTextFirst":true,"interactionType":"ENTER_TEXT"}]}
RESULT: {"script":"<script> [776 bytes]","args":[{"enterText":"Sec4lqff","selector":{"id":"createOrganizationPop--sectionInput","searchOpenDialogs":true,"interaction":{"idSuffix":"inner"}},"clearTextFirst":true,"interactionType":"ENTER_TEXT"}]}
COMMAND: POST /session/eac9b0d7e8ced2053dbc37a41f3ce9ab/execute/async - {"script":"<script> [1562 bytes]","args":[{"selector":{"id":"createOrganizationPop--descriptionInput","searchOpenDialogs":true,"interaction":{"idSuffix":"inner"}},"wdio_ui5_key":"createOrganizationPopdescriptionInput"}]}
RESULT: {"script":"<script> [1562 bytes]","args":[{"selector":{"id":"createOrganizationPop--descriptionInput","searchOpenDialogs":true,"interaction":{"idSuffix":"inner"}},"wdio_ui5_key":"createOrganizationPopdescriptionInput"}]}
RESULT: undefined
COMMAND: POST /session/eac9b0d7e8ced2053dbc37a41f3ce9ab/execute/async - {"script":"<script> [776 bytes]","args":[{"enterText":"OrgNamefasb9","selector":{"id":"createOrganizationPop--descriptionInput","searchOpenDialogs":true,"interaction":{"idSuffix":"inner"}},"clearTextFirst":true,"interactionType":"ENTER_TEXT"}]}
RESULT: {"script":"<script> [776 bytes]","args":[{"enterText":"OrgNamefasb9","selector":{"id":"createOrganizationPop--descriptionInput","searchOpenDialogs":true,"interaction":{"idSuffix":"inner"}},"clearTextFirst":true,"interactionType":"ENTER_TEXT"}]}
COMMAND: POST /session/eac9b0d7e8ced2053dbc37a41f3ce9ab/element - {"using":"xpath","value":"//input[contains(@id ,\"createOrganizationPop--yardOrg-inner\")]"}
RESULT: {"using":"xpath","value":"//input[contains(@id ,\"createOrganizationPop--yardOrg-inner\")]"}
COMMAND: POST /session/eac9b0d7e8ced2053dbc37a41f3ce9ab/element/f.6F465290622CE65C200047306CC70E60.d.B43420CD70A1B49484BEE719384B9131.e.9024/clear - {}
RESULT: {}
COMMAND: POST /session/eac9b0d7e8ced2053dbc37a41f3ce9ab/element/f.6F465290622CE65C200047306CC70E60.d.B43420CD70A1B49484BEE719384B9131.e.9024/value - {"text":"WebdriverWHMYard7oiis"}
COMMAND: GET /session/eac9b0d7e8ced2053dbc37a41f3ce9ab/screenshot - {}
RESULT: {"text":"WebdriverWHMYard7oiis"}
COMMAND: GET /session/eac9b0d7e8ced2053dbc37a41f3ce9ab/screenshot - {}
RESULT: {}
RESULT: {}
COMMAND: POST /session/eac9b0d7e8ced2053dbc37a41f3ce9ab/actions - {"actions":[{"id":"action30","type":"key","parameters":{},"actions":[{"type":"keyDown","value":"î€‡"},{"type":"pause","duration":10},{"type":"keyUp","value":"î€‡"}]}]}
RESULT: {"actions":[{"id":"action30","type":"key","parameters":{},"actions":[{"type":"keyDown","value":"î€‡"},{"type":"pause","duration":10},{"type":"keyUp","value":"î€‡"}]}]}
COMMAND: GET /session/eac9b0d7e8ced2053dbc37a41f3ce9ab/screenshot - {}
RESULT: {}
COMMAND: POST /session/eac9b0d7e8ced2053dbc37a41f3ce9ab/execute/async - {"script":"<script> [1562 bytes]","args":[{"selector":{"id":"createOrganizationPop--grZone","searchOpenDialogs":true,"interaction":{"idSuffix":"CbBg"}},"wdio_ui5_key":"createOrganizationPopgrZone"}]}
RESULT: {"script":"<script> [1562 bytes]","args":[{"selector":{"id":"createOrganizationPop--grZone","searchOpenDialogs":true,"interaction":{"idSuffix":"CbBg"}},"wdio_ui5_key":"createOrganizationPopgrZone"}]}
RESULT: undefined
COMMAND: POST /session/eac9b0d7e8ced2053dbc37a41f3ce9ab/element - {"using":"xpath","value":"//*[@id=\"createOrganizationPop--grZone\"]"}
RESULT: {"using":"xpath","value":"//*[@id=\"createOrganizationPop--grZone\"]"}
COMMAND: POST /session/eac9b0d7e8ced2053dbc37a41f3ce9ab/element/f.6F465290622CE65C200047306CC70E60.d.B43420CD70A1B49484BEE719384B9131.e.9046/click - {}
RESULT: {}
COMMAND: POST /session/eac9b0d7e8ced2053dbc37a41f3ce9ab/execute/async - {"script":"<script> [1562 bytes]","args":[{"selector":{"id":"createOrganizationPop--giZone","searchOpenDialogs":true,"interaction":{"idSuffix":"CbBg"}},"wdio_ui5_key":"createOrganizationPopgiZone"}]}
COMMAND: GET /session/eac9b0d7e8ced2053dbc37a41f3ce9ab/screenshot - {}
RESULT: {"script":"<script> [1562 bytes]","args":[{"selector":{"id":"createOrganizationPop--giZone","searchOpenDialogs":true,"interaction":{"idSuffix":"CbBg"}},"wdio_ui5_key":"createOrganizationPopgiZone"}]}
RESULT: undefined
COMMAND: POST /session/eac9b0d7e8ced2053dbc37a41f3ce9ab/element - {"using":"xpath","value":"//*[@id=\"createOrganizationPop--giZone\"]"}
RESULT: {}
RESULT: {"using":"xpath","value":"//*[@id=\"createOrganizationPop--giZone\"]"}
COMMAND: POST /session/eac9b0d7e8ced2053dbc37a41f3ce9ab/element/f.6F465290622CE65C200047306CC70E60.d.B43420CD70A1B49484BEE719384B9131.e.9048/click - {}
RESULT: {}
COMMAND: POST /session/eac9b0d7e8ced2053dbc37a41f3ce9ab/execute/async - {"script":"<script> [1562 bytes]","args":[{"selector":{"id":"createOrganizationPop--binNoInput","searchOpenDialogs":true,"interaction":{"idSuffix":"inner"}},"wdio_ui5_key":"createOrganizationPopbinNoInput"}]}
COMMAND: GET /session/eac9b0d7e8ced2053dbc37a41f3ce9ab/screenshot - {}
RESULT: {"script":"<script> [1562 bytes]","args":[{"selector":{"id":"createOrganizationPop--binNoInput","searchOpenDialogs":true,"interaction":{"idSuffix":"inner"}},"wdio_ui5_key":"createOrganizationPopbinNoInput"}]}
RESULT: undefined
COMMAND: POST /session/eac9b0d7e8ced2053dbc37a41f3ce9ab/execute/async - {"script":"<script> [776 bytes]","args":[{"enterText":"Bininsje","selector":{"id":"createOrganizationPop--binNoInput","searchOpenDialogs":true,"interaction":{"idSuffix":"inner"}},"clearTextFirst":true,"interactionType":"ENTER_TEXT"}]}
RESULT: {}
RESULT: {"script":"<script> [776 bytes]","args":[{"enterText":"Bininsje","selector":{"id":"createOrganizationPop--binNoInput","searchOpenDialogs":true,"interaction":{"idSuffix":"inner"}},"clearTextFirst":true,"interactionType":"ENTER_TEXT"}]}
COMMAND: POST /session/eac9b0d7e8ced2053dbc37a41f3ce9ab/execute/async - {"script":"<script> [1562 bytes]","args":[{"selector":{"id":"createOrganizationPop--descriptionId","searchOpenDialogs":true,"interaction":{"idSuffix":"inner"}},"wdio_ui5_key":"createOrganizationPopdescriptionId"}]}
RESULT: {"script":"<script> [1562 bytes]","args":[{"selector":{"id":"createOrganizationPop--descriptionId","searchOpenDialogs":true,"interaction":{"idSuffix":"inner"}},"wdio_ui5_key":"createOrganizationPopdescriptionId"}]}
RESULT: undefined
COMMAND: POST /session/eac9b0d7e8ced2053dbc37a41f3ce9ab/execute/async - {"script":"<script> [776 bytes]","args":[{"enterText":"Binpka9b","selector":{"id":"createOrganizationPop--descriptionId","searchOpenDialogs":true,"interaction":{"idSuffix":"inner"}},"clearTextFirst":true,"interactionType":"ENTER_TEXT"}]}
RESULT: {"script":"<script> [776 bytes]","args":[{"enterText":"Binpka9b","selector":{"id":"createOrganizationPop--descriptionId","searchOpenDialogs":true,"interaction":{"idSuffix":"inner"}},"clearTextFirst":true,"interactionType":"ENTER_TEXT"}]}
COMMAND: POST /session/eac9b0d7e8ced2053dbc37a41f3ce9ab/execute/async - {"script":"<script> [1562 bytes]","args":[{"selector":{"controlType":"sap.m.CheckBox","viewName":"etm.portal.ui.binstatusreport.view.MasterWareBins","viewId":"application-binstatusreport-display-component---warehousing","bindingPath":{"path":"","propertyPath":"/ZONE","modelName":"newBin"},"searchOpenDialogs":true,"interaction":{"idSuffix":"CbBg"}},"wdio_ui5_key":"etmportal.ui.binstatusreport.view.MasterWareBinssap.m.CheckBox{\"path\":\"\",\"propertyPath\":\"/ZONE\",\"modelName\":\"newBin\"}"}]}
RESULT: {"script":"<script> [1562 bytes]","args":[{"selector":{"controlType":"sap.m.CheckBox","viewName":"etm.portal.ui.binstatusreport.view.MasterWareBins","viewId":"application-binstatusreport-display-component---warehousing","bindingPath":{"path":"","propertyPath":"/ZONE","modelName":"newBin"},"searchOpenDialogs":true,"interaction":{"idSuffix":"CbBg"}},"wdio_ui5_key":"etmportal.ui.binstatusreport.view.MasterWareBinssap.m.CheckBox{\"path\":\"\",\"propertyPath\":\"/ZONE\",\"modelName\":\"newBin\"}"}]}
RESULT: undefined
COMMAND: POST /session/eac9b0d7e8ced2053dbc37a41f3ce9ab/element - {"using":"xpath","value":"//*[@id=\"__box12\"]"}
RESULT: {"using":"xpath","value":"//*[@id=\"__box12\"]"}
COMMAND: POST /session/eac9b0d7e8ced2053dbc37a41f3ce9ab/element/f.6F465290622CE65C200047306CC70E60.d.B43420CD70A1B49484BEE719384B9131.e.9052/click - {}
RESULT: {}
COMMAND: POST /session/eac9b0d7e8ced2053dbc37a41f3ce9ab/execute/async - {"script":"<script> [1562 bytes]","args":[{"selector":{"id":"createOrganizationPop--binTypesCB-arrow","searchOpenDialogs":true},"wdio_ui5_key":"createOrganizationPopbinTypesCB-arrow"}]}
COMMAND: GET /session/eac9b0d7e8ced2053dbc37a41f3ce9ab/screenshot - {}
RESULT: {"script":"<script> [1562 bytes]","args":[{"selector":{"id":"createOrganizationPop--binTypesCB-arrow","searchOpenDialogs":true},"wdio_ui5_key":"createOrganizationPopbinTypesCB-arrow"}]}
RESULT: undefined
COMMAND: POST /session/eac9b0d7e8ced2053dbc37a41f3ce9ab/element - {"using":"xpath","value":"//*[@id=\"createOrganizationPop--binTypesCB-arrow\"]"}
RESULT: {}
RESULT: {"using":"xpath","value":"//*[@id=\"createOrganizationPop--binTypesCB-arrow\"]"}
COMMAND: POST /session/eac9b0d7e8ced2053dbc37a41f3ce9ab/element/f.6F465290622CE65C200047306CC70E60.d.B43420CD70A1B49484BEE719384B9131.e.9053/click - {}
RESULT: {}
COMMAND: POST /session/eac9b0d7e8ced2053dbc37a41f3ce9ab/execute/async - {"script":"<script> [1562 bytes]","args":[{"selector":{"controlType":"sap.m.StandardListItem","viewName":"etm.portal.ui.binstatusreport.view.MasterWareBins","viewId":"application-binstatusreport-display-component---warehousing","properties":{"title":"1 - General / No capacity check"},"searchOpenDialogs":true,"interaction":{"idSuffix":"content"}},"wdio_ui5_key":"etmportal.ui.binstatusreport.view.MasterWareBinssap.m.StandardListItem{\"title\":\"1 - General / No capacity check\"}"}]}
COMMAND: GET /session/eac9b0d7e8ced2053dbc37a41f3ce9ab/screenshot - {}
RESULT: {"script":"<script> [1562 bytes]","args":[{"selector":{"controlType":"sap.m.StandardListItem","viewName":"etm.portal.ui.binstatusreport.view.MasterWareBins","viewId":"application-binstatusreport-display-component---warehousing","properties":{"title":"1 - General / No capacity check"},"searchOpenDialogs":true,"interaction":{"idSuffix":"content"}},"wdio_ui5_key":"etmportal.ui.binstatusreport.view.MasterWareBinssap.m.StandardListItem{\"title\":\"1 - General / No capacity check\"}"}]}
RESULT: undefined
COMMAND: POST /session/eac9b0d7e8ced2053dbc37a41f3ce9ab/element - {"using":"xpath","value":"//*[@id=\"__item116\"]"}
RESULT: {}
RESULT: {"using":"xpath","value":"//*[@id=\"__item116\"]"}
COMMAND: POST /session/eac9b0d7e8ced2053dbc37a41f3ce9ab/element/f.6F465290622CE65C200047306CC70E60.d.B43420CD70A1B49484BEE719384B9131.e.9055/click - {}
RESULT: {}
COMMAND: POST /session/eac9b0d7e8ced2053dbc37a41f3ce9ab/execute/async - {"script":"<script> [1562 bytes]","args":[{"selector":{"id":"createOrganizationPop--finishBtn","searchOpenDialogs":true,"interaction":{"idSuffix":"BDI-content"}},"wdio_ui5_key":"createOrganizationPopfinishBtn"}]}
COMMAND: GET /session/eac9b0d7e8ced2053dbc37a41f3ce9ab/screenshot - {}
RESULT: {"script":"<script> [1562 bytes]","args":[{"selector":{"id":"createOrganizationPop--finishBtn","searchOpenDialogs":true,"interaction":{"idSuffix":"BDI-content"}},"wdio_ui5_key":"createOrganizationPopfinishBtn"}]}
RESULT: undefined
COMMAND: POST /session/eac9b0d7e8ced2053dbc37a41f3ce9ab/element - {"using":"xpath","value":"//*[@id=\"createOrganizationPop--finishBtn\"]"}
RESULT: {}
RESULT: {"using":"xpath","value":"//*[@id=\"createOrganizationPop--finishBtn\"]"}
COMMAND: POST /session/eac9b0d7e8ced2053dbc37a41f3ce9ab/element/f.6F465290622CE65C200047306CC70E60.d.B43420CD70A1B49484BEE719384B9131.e.9057/click - {}
RESULT: {}
COMMAND: GET /session/eac9b0d7e8ced2053dbc37a41f3ce9ab/screenshot - {}
RESULT: {}
COMMAND: POST /session/eac9b0d7e8ced2053dbc37a41f3ce9ab/element - {"using":"css selector","value":"#shell-header-logo"}
RESULT: {"using":"css selector","value":"#shell-header-logo"}
COMMAND: POST /session/eac9b0d7e8ced2053dbc37a41f3ce9ab/element/f.6F465290622CE65C200047306CC70E60.d.B43420CD70A1B49484BEE719384B9131.e.8943/click - {}
RESULT: {}
COMMAND: GET /session/eac9b0d7e8ced2053dbc37a41f3ce9ab/screenshot - {}
RESULT: {}
]]></system-out>
    </testcase>
    <testcase classname="chrome.136_0_7103_93.windows.Warehouse_movements_inventory_test" name="Should Create new material for WHM yard" time="136.113">
      <system-out><![CDATA[
COMMAND: POST /session/eac9b0d7e8ced2053dbc37a41f3ce9ab/execute/async - {"script":"<script> [1562 bytes]","args":[{"selector":{"controlType":"sap.m.GenericTile","properties":{"header":"Manage Resources"}},"wdio_ui5_key":"sapm.GenericTile{\"header\":\"Manage Resources\"}"}]}
RESULT: {"script":"<script> [1562 bytes]","args":[{"selector":{"controlType":"sap.m.GenericTile","properties":{"header":"Manage Resources"}},"wdio_ui5_key":"sapm.GenericTile{\"header\":\"Manage Resources\"}"}]}
RESULT: undefined
COMMAND: POST /session/eac9b0d7e8ced2053dbc37a41f3ce9ab/element - {"using":"xpath","value":"//*[@id=\"__tile39\"]"}
RESULT: {"using":"xpath","value":"//*[@id=\"__tile39\"]"}
COMMAND: POST /session/eac9b0d7e8ced2053dbc37a41f3ce9ab/element/f.6F465290622CE65C200047306CC70E60.d.B43420CD70A1B49484BEE719384B9131.e.9064/click - {}
RESULT: {}
COMMAND: GET /session/eac9b0d7e8ced2053dbc37a41f3ce9ab/screenshot - {}
RESULT: {}
COMMAND: POST /session/eac9b0d7e8ced2053dbc37a41f3ce9ab/elements - {"using":"xpath","value":"//span[text()='Error']"}
RESULT: {"using":"xpath","value":"//span[text()='Error']"}
COMMAND: POST /session/eac9b0d7e8ced2053dbc37a41f3ce9ab/element - {"using":"xpath","value":"//button[@data-kt=\"addNewRUOverflowToolbarButton\"]"}
RESULT: {"using":"xpath","value":"//button[@data-kt=\"addNewRUOverflowToolbarButton\"]"}
COMMAND: POST /session/eac9b0d7e8ced2053dbc37a41f3ce9ab/execute/sync - {"script":"<script> [8489 bytes]","args":[{"element-6066-11e4-a52e-4f735466cecf":"f.6F465290622CE65C200047306CC70E60.d.B43420CD70A1B49484BEE719384B9131.e.9106","ELEMENT":"f.6F465290622CE65C200047306CC70E60.d.B43420CD70A1B49484BEE719384B9131.e.9106"}]}
RESULT: {"script":"<script> [8489 bytes]","args":[{"element-6066-11e4-a52e-4f735466cecf":"f.6F465290622CE65C200047306CC70E60.d.B43420CD70A1B49484BEE719384B9131.e.9106","ELEMENT":"f.6F465290622CE65C200047306CC70E60.d.B43420CD70A1B49484BEE719384B9131.e.9106"}]}
COMMAND: POST /session/eac9b0d7e8ced2053dbc37a41f3ce9ab/element/f.6F465290622CE65C200047306CC70E60.d.B43420CD70A1B49484BEE719384B9131.e.9106/click - {}
COMMAND: GET /session/eac9b0d7e8ced2053dbc37a41f3ce9ab/screenshot - {}
RESULT: {}
COMMAND: POST /session/eac9b0d7e8ced2053dbc37a41f3ce9ab/execute/async - {"script":"<script> [1562 bytes]","args":[{"selector":{"id":"application-manageresources-display-component---newResourceUnit--TYPE-arrow"},"wdio_ui5_key":"applicationmanageresources-display-component---newResourceUnit--TYPE-arrow"}]}
COMMAND: GET /session/eac9b0d7e8ced2053dbc37a41f3ce9ab/screenshot - {}
RESULT: {}
RESULT: {"script":"<script> [1562 bytes]","args":[{"selector":{"id":"application-manageresources-display-component---newResourceUnit--TYPE-arrow"},"wdio_ui5_key":"applicationmanageresources-display-component---newResourceUnit--TYPE-arrow"}]}
RESULT: undefined
COMMAND: POST /session/eac9b0d7e8ced2053dbc37a41f3ce9ab/element - {"using":"xpath","value":"//*[@id=\"application-manageresources-display-component---newResourceUnit--TYPE-arrow\"]"}
RESULT: {}
RESULT: {"using":"xpath","value":"//*[@id=\"application-manageresources-display-component---newResourceUnit--TYPE-arrow\"]"}
COMMAND: POST /session/eac9b0d7e8ced2053dbc37a41f3ce9ab/element/f.6F465290622CE65C200047306CC70E60.d.B43420CD70A1B49484BEE719384B9131.e.9424/click - {}
RESULT: {}
COMMAND: POST /session/eac9b0d7e8ced2053dbc37a41f3ce9ab/execute/async - {"script":"<script> [1562 bytes]","args":[{"selector":{"controlType":"sap.m.StandardListItem","viewName":"reusables.view.manageresources.NewResourceUnit","viewId":"application-manageresources-display-component---newResourceUnit","properties":{"title":"Material"},"searchOpenDialogs":true,"interaction":{"idSuffix":"titleText"}},"wdio_ui5_key":"reusablesview.manageresources.NewResourceUnitsap.m.StandardListItem{\"title\":\"Material\"}"}]}
COMMAND: GET /session/eac9b0d7e8ced2053dbc37a41f3ce9ab/screenshot - {}
RESULT: {"script":"<script> [1562 bytes]","args":[{"selector":{"controlType":"sap.m.StandardListItem","viewName":"reusables.view.manageresources.NewResourceUnit","viewId":"application-manageresources-display-component---newResourceUnit","properties":{"title":"Material"},"searchOpenDialogs":true,"interaction":{"idSuffix":"titleText"}},"wdio_ui5_key":"reusablesview.manageresources.NewResourceUnitsap.m.StandardListItem{\"title\":\"Material\"}"}]}
RESULT: undefined
COMMAND: POST /session/eac9b0d7e8ced2053dbc37a41f3ce9ab/element - {"using":"xpath","value":"//*[@id=\"__item245\"]"}
RESULT: {}
RESULT: {"using":"xpath","value":"//*[@id=\"__item245\"]"}
COMMAND: POST /session/eac9b0d7e8ced2053dbc37a41f3ce9ab/element/f.6F465290622CE65C200047306CC70E60.d.B43420CD70A1B49484BEE719384B9131.e.9427/click - {}
RESULT: {}
COMMAND: POST /session/eac9b0d7e8ced2053dbc37a41f3ce9ab/execute/async - {"script":"<script> [1562 bytes]","args":[{"selector":{"id":"application-manageresources-display-component---newResourceUnit--SHORT_TEXT","interaction":{"idSuffix":"inner"}},"wdio_ui5_key":"applicationmanageresources-display-component---newResourceUnit--SHORT_TEXT"}]}
COMMAND: GET /session/eac9b0d7e8ced2053dbc37a41f3ce9ab/screenshot - {}
RESULT: {"script":"<script> [1562 bytes]","args":[{"selector":{"id":"application-manageresources-display-component---newResourceUnit--SHORT_TEXT","interaction":{"idSuffix":"inner"}},"wdio_ui5_key":"applicationmanageresources-display-component---newResourceUnit--SHORT_TEXT"}]}
RESULT: undefined
COMMAND: POST /session/eac9b0d7e8ced2053dbc37a41f3ce9ab/execute/async - {"script":"<script> [776 bytes]","args":[{"enterText":"WebdriverRUR2Cgnh2r","selector":{"id":"application-manageresources-display-component---newResourceUnit--SHORT_TEXT","interaction":{"idSuffix":"inner"}},"clearTextFirst":true,"interactionType":"ENTER_TEXT"}]}
RESULT: {}
RESULT: {"script":"<script> [776 bytes]","args":[{"enterText":"WebdriverRUR2Cgnh2r","selector":{"id":"application-manageresources-display-component---newResourceUnit--SHORT_TEXT","interaction":{"idSuffix":"inner"}},"clearTextFirst":true,"interactionType":"ENTER_TEXT"}]}
COMMAND: POST /session/eac9b0d7e8ced2053dbc37a41f3ce9ab/execute/async - {"script":"<script> [1562 bytes]","args":[{"selector":{"id":"application-manageresources-display-component---newResourceUnit--BASE_UNIT_OF_MEASURE-arrow"},"wdio_ui5_key":"applicationmanageresources-display-component---newResourceUnit--BASE_UNIT_OF_MEASURE-arrow"}]}
RESULT: {"script":"<script> [1562 bytes]","args":[{"selector":{"id":"application-manageresources-display-component---newResourceUnit--BASE_UNIT_OF_MEASURE-arrow"},"wdio_ui5_key":"applicationmanageresources-display-component---newResourceUnit--BASE_UNIT_OF_MEASURE-arrow"}]}
RESULT: undefined
COMMAND: POST /session/eac9b0d7e8ced2053dbc37a41f3ce9ab/element - {"using":"xpath","value":"//*[@id=\"application-manageresources-display-component---newResourceUnit--BASE_UNIT_OF_MEASURE-arrow\"]"}
RESULT: {"using":"xpath","value":"//*[@id=\"application-manageresources-display-component---newResourceUnit--BASE_UNIT_OF_MEASURE-arrow\"]"}
COMMAND: POST /session/eac9b0d7e8ced2053dbc37a41f3ce9ab/element/f.6F465290622CE65C200047306CC70E60.d.B43420CD70A1B49484BEE719384B9131.e.9481/click - {}
RESULT: {}
COMMAND: POST /session/eac9b0d7e8ced2053dbc37a41f3ce9ab/execute/async - {"script":"<script> [1562 bytes]","args":[{"selector":{"controlType":"sap.m.StandardListItem","viewName":"reusables.view.manageresources.NewResourceUnit","viewId":"application-manageresources-display-component---newResourceUnit","properties":{"title":"Piece"},"searchOpenDialogs":true,"interaction":{"idSuffix":"titleText"}},"wdio_ui5_key":"reusablesview.manageresources.NewResourceUnitsap.m.StandardListItem{\"title\":\"Piece\"}"}]}
COMMAND: GET /session/eac9b0d7e8ced2053dbc37a41f3ce9ab/screenshot - {}
RESULT: {"script":"<script> [1562 bytes]","args":[{"selector":{"controlType":"sap.m.StandardListItem","viewName":"reusables.view.manageresources.NewResourceUnit","viewId":"application-manageresources-display-component---newResourceUnit","properties":{"title":"Piece"},"searchOpenDialogs":true,"interaction":{"idSuffix":"titleText"}},"wdio_ui5_key":"reusablesview.manageresources.NewResourceUnitsap.m.StandardListItem{\"title\":\"Piece\"}"}]}
RESULT: undefined
COMMAND: POST /session/eac9b0d7e8ced2053dbc37a41f3ce9ab/element - {"using":"xpath","value":"//*[@id=\"__item287\"]"}
RESULT: {}
RESULT: {"using":"xpath","value":"//*[@id=\"__item287\"]"}
COMMAND: POST /session/eac9b0d7e8ced2053dbc37a41f3ce9ab/element/f.6F465290622CE65C200047306CC70E60.d.B43420CD70A1B49484BEE719384B9131.e.9483/click - {}
RESULT: {}
COMMAND: POST /session/eac9b0d7e8ced2053dbc37a41f3ce9ab/element - {"using":"xpath","value":"//input[contains(@id ,\"application-manageresources-display-component---newResourceUnit--SHORT_TEXT-inner\")]"}
COMMAND: GET /session/eac9b0d7e8ced2053dbc37a41f3ce9ab/screenshot - {}
RESULT: {"using":"xpath","value":"//input[contains(@id ,\"application-manageresources-display-component---newResourceUnit--SHORT_TEXT-inner\")]"}
COMMAND: GET /session/eac9b0d7e8ced2053dbc37a41f3ce9ab/element/f.6F465290622CE65C200047306CC70E60.d.B43420CD70A1B49484BEE719384B9131.e.9444/property/value - {}
RESULT: {}
RESULT: {}
COMMAND: POST /session/eac9b0d7e8ced2053dbc37a41f3ce9ab/execute/async - {"script":"<script> [1562 bytes]","args":[{"selector":{"id":"application-manageresources-display-component---newResourceUnit--WEIGHT_UNIT-arrow"},"wdio_ui5_key":"applicationmanageresources-display-component---newResourceUnit--WEIGHT_UNIT-arrow"}]}
COMMAND: GET /session/eac9b0d7e8ced2053dbc37a41f3ce9ab/screenshot - {}
RESULT: {"script":"<script> [1562 bytes]","args":[{"selector":{"id":"application-manageresources-display-component---newResourceUnit--WEIGHT_UNIT-arrow"},"wdio_ui5_key":"applicationmanageresources-display-component---newResourceUnit--WEIGHT_UNIT-arrow"}]}
RESULT: undefined
COMMAND: POST /session/eac9b0d7e8ced2053dbc37a41f3ce9ab/element - {"using":"xpath","value":"//*[@id=\"application-manageresources-display-component---newResourceUnit--WEIGHT_UNIT-arrow\"]"}
RESULT: {}
RESULT: {"using":"xpath","value":"//*[@id=\"application-manageresources-display-component---newResourceUnit--WEIGHT_UNIT-arrow\"]"}
COMMAND: POST /session/eac9b0d7e8ced2053dbc37a41f3ce9ab/element/f.6F465290622CE65C200047306CC70E60.d.B43420CD70A1B49484BEE719384B9131.e.9484/click - {}
RESULT: {}
COMMAND: POST /session/eac9b0d7e8ced2053dbc37a41f3ce9ab/execute/async - {"script":"<script> [1562 bytes]","args":[{"selector":{"controlType":"sap.m.StandardListItem","viewName":"reusables.view.manageresources.NewResourceUnit","viewId":"application-manageresources-display-component---newResourceUnit","properties":{"title":"Gram"},"searchOpenDialogs":true,"interaction":{"idSuffix":"content"}},"wdio_ui5_key":"reusablesview.manageresources.NewResourceUnitsap.m.StandardListItem{\"title\":\"Gram\"}"}]}
COMMAND: GET /session/eac9b0d7e8ced2053dbc37a41f3ce9ab/screenshot - {}
RESULT: {"script":"<script> [1562 bytes]","args":[{"selector":{"controlType":"sap.m.StandardListItem","viewName":"reusables.view.manageresources.NewResourceUnit","viewId":"application-manageresources-display-component---newResourceUnit","properties":{"title":"Gram"},"searchOpenDialogs":true,"interaction":{"idSuffix":"content"}},"wdio_ui5_key":"reusablesview.manageresources.NewResourceUnitsap.m.StandardListItem{\"title\":\"Gram\"}"}]}
RESULT: undefined
COMMAND: POST /session/eac9b0d7e8ced2053dbc37a41f3ce9ab/element - {"using":"xpath","value":"//*[@id=\"__item352\"]"}
RESULT: {}
RESULT: {"using":"xpath","value":"//*[@id=\"__item352\"]"}
COMMAND: POST /session/eac9b0d7e8ced2053dbc37a41f3ce9ab/element/f.6F465290622CE65C200047306CC70E60.d.B43420CD70A1B49484BEE719384B9131.e.9486/click - {}
RESULT: {}
COMMAND: POST /session/eac9b0d7e8ced2053dbc37a41f3ce9ab/execute/async - {"script":"<script> [1562 bytes]","args":[{"selector":{"id":"application-manageresources-display-component---newResourceUnit--newRRUPage-OPHeaderContent-collapseBtn-img"},"wdio_ui5_key":"applicationmanageresources-display-component---newResourceUnit--newRRUPage-OPHeaderContent-collapseBtn-img"}]}
COMMAND: GET /session/eac9b0d7e8ced2053dbc37a41f3ce9ab/screenshot - {}
RESULT: {"script":"<script> [1562 bytes]","args":[{"selector":{"id":"application-manageresources-display-component---newResourceUnit--newRRUPage-OPHeaderContent-collapseBtn-img"},"wdio_ui5_key":"applicationmanageresources-display-component---newResourceUnit--newRRUPage-OPHeaderContent-collapseBtn-img"}]}
RESULT: undefined
COMMAND: POST /session/eac9b0d7e8ced2053dbc37a41f3ce9ab/element - {"using":"xpath","value":"//*[@id=\"application-manageresources-display-component---newResourceUnit--newRRUPage-OPHeaderContent-collapseBtn-img\"]"}
RESULT: {}
RESULT: {"using":"xpath","value":"//*[@id=\"application-manageresources-display-component---newResourceUnit--newRRUPage-OPHeaderContent-collapseBtn-img\"]"}
COMMAND: POST /session/eac9b0d7e8ced2053dbc37a41f3ce9ab/element/f.6F465290622CE65C200047306CC70E60.d.B43420CD70A1B49484BEE719384B9131.e.9434/click - {}
RESULT: {}
COMMAND: GET /session/eac9b0d7e8ced2053dbc37a41f3ce9ab/screenshot - {}
RESULT: {}
COMMAND: POST /session/eac9b0d7e8ced2053dbc37a41f3ce9ab/element - {"using":"xpath","value":"(//span[contains(@id ,\"application-manageresources-display-component---newResourceUnit--DIMENSION_UNIT-arrow\")])[1]"}
RESULT: {"using":"xpath","value":"(//span[contains(@id ,\"application-manageresources-display-component---newResourceUnit--DIMENSION_UNIT-arrow\")])[1]"}
COMMAND: POST /session/eac9b0d7e8ced2053dbc37a41f3ce9ab/element/f.6F465290622CE65C200047306CC70E60.d.B43420CD70A1B49484BEE719384B9131.e.9490/click - {}
RESULT: {}
COMMAND: GET /session/eac9b0d7e8ced2053dbc37a41f3ce9ab/screenshot - {}
RESULT: {}
COMMAND: POST /session/eac9b0d7e8ced2053dbc37a41f3ce9ab/execute/async - {"script":"<script> [1562 bytes]","args":[{"selector":{"controlType":"sap.m.StandardListItem","viewName":"reusables.view.manageresources.NewResourceUnit","viewId":"application-manageresources-display-component---newResourceUnit","properties":{"title":"Centimeter"},"searchOpenDialogs":true,"interaction":{"idSuffix":"titleText"}},"wdio_ui5_key":"reusablesview.manageresources.NewResourceUnitsap.m.StandardListItem{\"title\":\"Centimeter\"}"}]}
RESULT: {"script":"<script> [1562 bytes]","args":[{"selector":{"controlType":"sap.m.StandardListItem","viewName":"reusables.view.manageresources.NewResourceUnit","viewId":"application-manageresources-display-component---newResourceUnit","properties":{"title":"Centimeter"},"searchOpenDialogs":true,"interaction":{"idSuffix":"titleText"}},"wdio_ui5_key":"reusablesview.manageresources.NewResourceUnitsap.m.StandardListItem{\"title\":\"Centimeter\"}"}]}
RESULT: undefined
COMMAND: POST /session/eac9b0d7e8ced2053dbc37a41f3ce9ab/element - {"using":"xpath","value":"//*[@id=\"__item355\"]"}
RESULT: {"using":"xpath","value":"//*[@id=\"__item355\"]"}
COMMAND: POST /session/eac9b0d7e8ced2053dbc37a41f3ce9ab/element/f.6F465290622CE65C200047306CC70E60.d.B43420CD70A1B49484BEE719384B9131.e.9494/click - {}
RESULT: {}
COMMAND: POST /session/eac9b0d7e8ced2053dbc37a41f3ce9ab/execute/async - {"script":"<script> [1562 bytes]","args":[{"selector":{"id":"application-manageresources-display-component---newResourceUnit--newRRUPage-anchBar-application-manageresources-display-component---newResourceUnit--reference-anchor","interaction":{"idSuffix":"BDI-content"}},"wdio_ui5_key":"applicationmanageresources-display-component---newResourceUnit--newRRUPage-anchBar-application-manageresources-display-component---newResourceUnit--reference-anchor"}]}
COMMAND: GET /session/eac9b0d7e8ced2053dbc37a41f3ce9ab/screenshot - {}
RESULT: {"script":"<script> [1562 bytes]","args":[{"selector":{"id":"application-manageresources-display-component---newResourceUnit--newRRUPage-anchBar-application-manageresources-display-component---newResourceUnit--reference-anchor","interaction":{"idSuffix":"BDI-content"}},"wdio_ui5_key":"applicationmanageresources-display-component---newResourceUnit--newRRUPage-anchBar-application-manageresources-display-component---newResourceUnit--reference-anchor"}]}
RESULT: undefined
COMMAND: POST /session/eac9b0d7e8ced2053dbc37a41f3ce9ab/element - {"using":"xpath","value":"//*[@id=\"application-manageresources-display-component---newResourceUnit--newRRUPage-anchBar-application-manageresources-display-component---newResourceUnit--reference-anchor\"]"}
RESULT: {}
RESULT: {"using":"xpath","value":"//*[@id=\"application-manageresources-display-component---newResourceUnit--newRRUPage-anchBar-application-manageresources-display-component---newResourceUnit--reference-anchor\"]"}
COMMAND: POST /session/eac9b0d7e8ced2053dbc37a41f3ce9ab/element/f.6F465290622CE65C200047306CC70E60.d.B43420CD70A1B49484BEE719384B9131.e.9496/click - {}
RESULT: {}
COMMAND: POST /session/eac9b0d7e8ced2053dbc37a41f3ce9ab/execute/async - {"script":"<script> [1562 bytes]","args":[{"selector":{"id":"application-manageresources-display-component---newResourceUnit--PLANNING_GROUP-arrow"},"wdio_ui5_key":"applicationmanageresources-display-component---newResourceUnit--PLANNING_GROUP-arrow"}]}
COMMAND: GET /session/eac9b0d7e8ced2053dbc37a41f3ce9ab/screenshot - {}
RESULT: {"script":"<script> [1562 bytes]","args":[{"selector":{"id":"application-manageresources-display-component---newResourceUnit--PLANNING_GROUP-arrow"},"wdio_ui5_key":"applicationmanageresources-display-component---newResourceUnit--PLANNING_GROUP-arrow"}]}
RESULT: undefined
COMMAND: POST /session/eac9b0d7e8ced2053dbc37a41f3ce9ab/element - {"using":"xpath","value":"//*[@id=\"application-manageresources-display-component---newResourceUnit--PLANNING_GROUP-arrow\"]"}
RESULT: {}
RESULT: {"using":"xpath","value":"//*[@id=\"application-manageresources-display-component---newResourceUnit--PLANNING_GROUP-arrow\"]"}
COMMAND: POST /session/eac9b0d7e8ced2053dbc37a41f3ce9ab/element/f.6F465290622CE65C200047306CC70E60.d.B43420CD70A1B49484BEE719384B9131.e.9500/click - {}
RESULT: {}
COMMAND: POST /session/eac9b0d7e8ced2053dbc37a41f3ce9ab/execute/async - {"script":"<script> [1562 bytes]","args":[{"selector":{"controlType":"sap.m.StandardListItem","viewName":"reusables.view.manageresources.NewResourceUnit","viewId":"application-manageresources-display-component---newResourceUnit","properties":{"title":"Heavy Equi"},"searchOpenDialogs":true,"interaction":{"idSuffix":"content"}},"wdio_ui5_key":"reusablesview.manageresources.NewResourceUnitsap.m.StandardListItem{\"title\":\"Heavy Equi\"}"}]}
COMMAND: GET /session/eac9b0d7e8ced2053dbc37a41f3ce9ab/screenshot - {}
RESULT: {"script":"<script> [1562 bytes]","args":[{"selector":{"controlType":"sap.m.StandardListItem","viewName":"reusables.view.manageresources.NewResourceUnit","viewId":"application-manageresources-display-component---newResourceUnit","properties":{"title":"Heavy Equi"},"searchOpenDialogs":true,"interaction":{"idSuffix":"content"}},"wdio_ui5_key":"reusablesview.manageresources.NewResourceUnitsap.m.StandardListItem{\"title\":\"Heavy Equi\"}"}]}
RESULT: undefined
COMMAND: POST /session/eac9b0d7e8ced2053dbc37a41f3ce9ab/element - {"using":"xpath","value":"//*[@id=\"__item363\"]"}
RESULT: {}
RESULT: {"using":"xpath","value":"//*[@id=\"__item363\"]"}
COMMAND: POST /session/eac9b0d7e8ced2053dbc37a41f3ce9ab/element/f.6F465290622CE65C200047306CC70E60.d.B43420CD70A1B49484BEE719384B9131.e.9504/click - {}
RESULT: {}
COMMAND: GET /session/eac9b0d7e8ced2053dbc37a41f3ce9ab/screenshot - {}
RESULT: {}
COMMAND: POST /session/eac9b0d7e8ced2053dbc37a41f3ce9ab/execute/async - {"script":"<script> [1562 bytes]","args":[{"selector":{"id":"application-manageresources-display-component---newResourceUnit--PLANNING_INDICATOR-arrow"},"wdio_ui5_key":"applicationmanageresources-display-component---newResourceUnit--PLANNING_INDICATOR-arrow"}]}
RESULT: {"script":"<script> [1562 bytes]","args":[{"selector":{"id":"application-manageresources-display-component---newResourceUnit--PLANNING_INDICATOR-arrow"},"wdio_ui5_key":"applicationmanageresources-display-component---newResourceUnit--PLANNING_INDICATOR-arrow"}]}
RESULT: undefined
COMMAND: POST /session/eac9b0d7e8ced2053dbc37a41f3ce9ab/element - {"using":"xpath","value":"//*[@id=\"application-manageresources-display-component---newResourceUnit--PLANNING_INDICATOR-arrow\"]"}
RESULT: {"using":"xpath","value":"//*[@id=\"application-manageresources-display-component---newResourceUnit--PLANNING_INDICATOR-arrow\"]"}
COMMAND: POST /session/eac9b0d7e8ced2053dbc37a41f3ce9ab/element/f.6F465290622CE65C200047306CC70E60.d.B43420CD70A1B49484BEE719384B9131.e.9505/click - {}
RESULT: {}
COMMAND: POST /session/eac9b0d7e8ced2053dbc37a41f3ce9ab/execute/async - {"script":"<script> [1562 bytes]","args":[{"selector":{"controlType":"sap.m.StandardListItem","viewName":"reusables.view.manageresources.NewResourceUnit","viewId":"application-manageresources-display-component---newResourceUnit","properties":{"title":"10 - infinite"},"searchOpenDialogs":true,"interaction":{"idSuffix":"content"}},"wdio_ui5_key":"reusablesview.manageresources.NewResourceUnitsap.m.StandardListItem{\"title\":\"10 - infinite\"}"}]}
COMMAND: GET /session/eac9b0d7e8ced2053dbc37a41f3ce9ab/screenshot - {}
RESULT: {"script":"<script> [1562 bytes]","args":[{"selector":{"controlType":"sap.m.StandardListItem","viewName":"reusables.view.manageresources.NewResourceUnit","viewId":"application-manageresources-display-component---newResourceUnit","properties":{"title":"10 - infinite"},"searchOpenDialogs":true,"interaction":{"idSuffix":"content"}},"wdio_ui5_key":"reusablesview.manageresources.NewResourceUnitsap.m.StandardListItem{\"title\":\"10 - infinite\"}"}]}
RESULT: undefined
COMMAND: POST /session/eac9b0d7e8ced2053dbc37a41f3ce9ab/element - {"using":"xpath","value":"//*[@id=\"__item373\"]"}
RESULT: {}
RESULT: {"using":"xpath","value":"//*[@id=\"__item373\"]"}
COMMAND: POST /session/eac9b0d7e8ced2053dbc37a41f3ce9ab/element/f.6F465290622CE65C200047306CC70E60.d.B43420CD70A1B49484BEE719384B9131.e.9507/click - {}
RESULT: {}
COMMAND: GET /session/eac9b0d7e8ced2053dbc37a41f3ce9ab/screenshot - {}
RESULT: {}
COMMAND: POST /session/eac9b0d7e8ced2053dbc37a41f3ce9ab/element - {"using":"xpath","value":"//bdi[contains(text(), \"Time Segment\")]"}
RESULT: {"using":"xpath","value":"//bdi[contains(text(), \"Time Segment\")]"}
COMMAND: GET /session/eac9b0d7e8ced2053dbc37a41f3ce9ab/element/f.6F465290622CE65C200047306CC70E60.d.B43420CD70A1B49484BEE719384B9131.e.9508/rect - {}
RESULT: {}
COMMAND: GET /session/eac9b0d7e8ced2053dbc37a41f3ce9ab/window/rect - {}
RESULT: {}
COMMAND: POST /session/eac9b0d7e8ced2053dbc37a41f3ce9ab/execute/sync - {"script":"<script> [92 bytes]","args":[]}
RESULT: {"script":"<script> [92 bytes]","args":[]}
COMMAND: POST /session/eac9b0d7e8ced2053dbc37a41f3ce9ab/actions - {"actions":[{"id":"action31","type":"wheel","parameters":{},"actions":[{"type":"scroll","x":-1820,"y":-21,"deltaX":0,"deltaY":0,"duration":0,"origin":{"element-6066-11e4-a52e-4f735466cecf":"f.6F465290622CE65C200047306CC70E60.d.B43420CD70A1B49484BEE719384B9131.e.9508"}}]}]}
COMMAND: GET /session/eac9b0d7e8ced2053dbc37a41f3ce9ab/screenshot - {}
RESULT: {}
COMMAND: POST /session/eac9b0d7e8ced2053dbc37a41f3ce9ab/execute/sync - {"script":"<script> [79 bytes]","args":[{"element-6066-11e4-a52e-4f735466cecf":"f.6F465290622CE65C200047306CC70E60.d.B43420CD70A1B49484BEE719384B9131.e.9508","ELEMENT":"f.6F465290622CE65C200047306CC70E60.d.B43420CD70A1B49484BEE719384B9131.e.9508"},{"block":"start","inline":"nearest"}]}
RESULT: {"script":"<script> [79 bytes]","args":[{"element-6066-11e4-a52e-4f735466cecf":"f.6F465290622CE65C200047306CC70E60.d.B43420CD70A1B49484BEE719384B9131.e.9508","ELEMENT":"f.6F465290622CE65C200047306CC70E60.d.B43420CD70A1B49484BEE719384B9131.e.9508"},{"block":"start","inline":"nearest"}]}
COMMAND: GET /session/eac9b0d7e8ced2053dbc37a41f3ce9ab/screenshot - {}
RESULT: {}
COMMAND: POST /session/eac9b0d7e8ced2053dbc37a41f3ce9ab/element - {"using":"xpath","value":"//span[@id=\"application-manageresources-display-component---newResourceUnit--btnAddTimeSegment-img\"]"}
RESULT: {"using":"xpath","value":"//span[@id=\"application-manageresources-display-component---newResourceUnit--btnAddTimeSegment-img\"]"}
COMMAND: POST /session/eac9b0d7e8ced2053dbc37a41f3ce9ab/execute/sync - {"script":"<script> [8489 bytes]","args":[{"element-6066-11e4-a52e-4f735466cecf":"f.6F465290622CE65C200047306CC70E60.d.B43420CD70A1B49484BEE719384B9131.e.9511","ELEMENT":"f.6F465290622CE65C200047306CC70E60.d.B43420CD70A1B49484BEE719384B9131.e.9511"}]}
RESULT: {"script":"<script> [8489 bytes]","args":[{"element-6066-11e4-a52e-4f735466cecf":"f.6F465290622CE65C200047306CC70E60.d.B43420CD70A1B49484BEE719384B9131.e.9511","ELEMENT":"f.6F465290622CE65C200047306CC70E60.d.B43420CD70A1B49484BEE719384B9131.e.9511"}]}
COMMAND: POST /session/eac9b0d7e8ced2053dbc37a41f3ce9ab/element/f.6F465290622CE65C200047306CC70E60.d.B43420CD70A1B49484BEE719384B9131.e.9511/click - {}
COMMAND: GET /session/eac9b0d7e8ced2053dbc37a41f3ce9ab/screenshot - {}
RESULT: {}
COMMAND: GET /session/eac9b0d7e8ced2053dbc37a41f3ce9ab/screenshot - {}
COMMAND: POST /session/eac9b0d7e8ced2053dbc37a41f3ce9ab/element - {"using":"xpath","value":"//input[@id=\"application-manageresources-display-component---newResourceUnit--idRuTSAdmin-application-manageresources-display-component---newResourceUnit--RUTimeSegment-0-inner\"]"}
RESULT: {}
RESULT: {}
RESULT: {"using":"xpath","value":"//input[@id=\"application-manageresources-display-component---newResourceUnit--idRuTSAdmin-application-manageresources-display-component---newResourceUnit--RUTimeSegment-0-inner\"]"}
COMMAND: POST /session/eac9b0d7e8ced2053dbc37a41f3ce9ab/element/f.6F465290622CE65C200047306CC70E60.d.B43420CD70A1B49484BEE719384B9131.e.9514/clear - {}
RESULT: {}
COMMAND: POST /session/eac9b0d7e8ced2053dbc37a41f3ce9ab/element/f.6F465290622CE65C200047306CC70E60.d.B43420CD70A1B49484BEE719384B9131.e.9514/value - {"text":"WebdriverWHMYard7oiis"}
COMMAND: GET /session/eac9b0d7e8ced2053dbc37a41f3ce9ab/screenshot - {}
RESULT: {"text":"WebdriverWHMYard7oiis"}
COMMAND: GET /session/eac9b0d7e8ced2053dbc37a41f3ce9ab/screenshot - {}
RESULT: {}
RESULT: {}
COMMAND: POST /session/eac9b0d7e8ced2053dbc37a41f3ce9ab/actions - {"actions":[{"id":"action32","type":"key","parameters":{},"actions":[{"type":"keyDown","value":"î€‡"},{"type":"pause","duration":10},{"type":"keyUp","value":"î€‡"}]}]}
RESULT: {"actions":[{"id":"action32","type":"key","parameters":{},"actions":[{"type":"keyDown","value":"î€‡"},{"type":"pause","duration":10},{"type":"keyUp","value":"î€‡"}]}]}
COMMAND: GET /session/eac9b0d7e8ced2053dbc37a41f3ce9ab/screenshot - {}
RESULT: {}
COMMAND: POST /session/eac9b0d7e8ced2053dbc37a41f3ce9ab/execute/async - {"script":"<script> [1562 bytes]","args":[{"selector":{"controlType":"sap.m.Button","viewName":"reusables.view.manageresources.NewResourceUnit","viewId":"application-manageresources-display-component---newResourceUnit","i18NText":{"propertyName":"tooltip","key":"save"},"interaction":{"idSuffix":"BDI-content"}},"wdio_ui5_key":"reusablesview.manageresources.NewResourceUnitsap.m.Button{\"propertyName\":\"tooltip\",\"key\":\"save\"}"}]}
RESULT: {"script":"<script> [1562 bytes]","args":[{"selector":{"controlType":"sap.m.Button","viewName":"reusables.view.manageresources.NewResourceUnit","viewId":"application-manageresources-display-component---newResourceUnit","i18NText":{"propertyName":"tooltip","key":"save"},"interaction":{"idSuffix":"BDI-content"}},"wdio_ui5_key":"reusablesview.manageresources.NewResourceUnitsap.m.Button{\"propertyName\":\"tooltip\",\"key\":\"save\"}"}]}
RESULT: undefined
COMMAND: POST /session/eac9b0d7e8ced2053dbc37a41f3ce9ab/element - {"using":"xpath","value":"//*[@id=\"application-manageresources-display-component---newResourceUnit--createRuButton\"]"}
RESULT: {"using":"xpath","value":"//*[@id=\"application-manageresources-display-component---newResourceUnit--createRuButton\"]"}
COMMAND: POST /session/eac9b0d7e8ced2053dbc37a41f3ce9ab/element/f.6F465290622CE65C200047306CC70E60.d.B43420CD70A1B49484BEE719384B9131.e.9440/click - {}
RESULT: {}
COMMAND: GET /session/eac9b0d7e8ced2053dbc37a41f3ce9ab/screenshot - {}
RESULT: {}
COMMAND: POST /session/eac9b0d7e8ced2053dbc37a41f3ce9ab/execute/async - {"script":"<script> [1562 bytes]","args":[{"selector":{"controlType":"sap.m.Title","properties":{"text":"Success"},"searchOpenDialogs":true},"wdio_ui5_key":"sapm.Title{\"text\":\"Success\"}"}]}
RESULT: {"script":"<script> [1562 bytes]","args":[{"selector":{"controlType":"sap.m.Title","properties":{"text":"Success"},"searchOpenDialogs":true},"wdio_ui5_key":"sapm.Title{\"text\":\"Success\"}"}]}
RESULT: undefined
COMMAND: POST /session/eac9b0d7e8ced2053dbc37a41f3ce9ab/execute/async - {"script":"<script> [6424 bytes]","args":[{"element-6066-11e4-a52e-4f735466cecf":"f.6F465290622CE65C200047306CC70E60.d.B43420CD70A1B49484BEE719384B9131.e.9528"},"getText",[]]}
RESULT: {"script":"<script> [6424 bytes]","args":[{"element-6066-11e4-a52e-4f735466cecf":"f.6F465290622CE65C200047306CC70E60.d.B43420CD70A1B49484BEE719384B9131.e.9528"},"getText",[]]}
COMMAND: POST /session/eac9b0d7e8ced2053dbc37a41f3ce9ab/element - {"using":"xpath","value":"//*[contains(@id, '__text') and (contains(text(), 'successfully created') or contains(., 'successfully created'))]"}
RESULT: {"using":"xpath","value":"//*[contains(@id, '__text') and (contains(text(), 'successfully created') or contains(., 'successfully created'))]"}
COMMAND: GET /session/eac9b0d7e8ced2053dbc37a41f3ce9ab/element/f.6F465290622CE65C200047306CC70E60.d.B43420CD70A1B49484BEE719384B9131.e.9526/text - {}
RESULT: {}
COMMAND: POST /session/eac9b0d7e8ced2053dbc37a41f3ce9ab/execute/async - {"script":"<script> [1562 bytes]","args":[{"selector":{"controlType":"sap.m.Button","properties":{"text":"Close"},"searchOpenDialogs":true,"interaction":{"idSuffix":"BDI-content"}},"wdio_ui5_key":"sapm.Button{\"text\":\"Close\"}"}]}
RESULT: {"script":"<script> [1562 bytes]","args":[{"selector":{"controlType":"sap.m.Button","properties":{"text":"Close"},"searchOpenDialogs":true,"interaction":{"idSuffix":"BDI-content"}},"wdio_ui5_key":"sapm.Button{\"text\":\"Close\"}"}]}
RESULT: undefined
COMMAND: POST /session/eac9b0d7e8ced2053dbc37a41f3ce9ab/element - {"using":"xpath","value":"//*[@id=\"__mbox-btn-0\"]"}
RESULT: {"using":"xpath","value":"//*[@id=\"__mbox-btn-0\"]"}
COMMAND: POST /session/eac9b0d7e8ced2053dbc37a41f3ce9ab/element/f.6F465290622CE65C200047306CC70E60.d.B43420CD70A1B49484BEE719384B9131.e.9524/click - {}
RESULT: {}
COMMAND: GET /session/eac9b0d7e8ced2053dbc37a41f3ce9ab/screenshot - {}
RESULT: {}
COMMAND: POST /session/eac9b0d7e8ced2053dbc37a41f3ce9ab/execute/async - {"script":"<script> [1562 bytes]","args":[{"selector":{"controlType":"sap.ui.core.Icon","viewName":"etm.portal.ui.manageresources.view.Detail","viewId":"application-manageresources-display-component---detailRU","properties":{"src":{"regex":{"source":"overflow"}}}},"wdio_ui5_key":"etmportal.ui.manageresources.view.Detailsap.ui.core.Icon{\"src\":{\"regex\":{\"source\":\"overflow\"}}}"}]}
RESULT: {"script":"<script> [1562 bytes]","args":[{"selector":{"controlType":"sap.ui.core.Icon","viewName":"etm.portal.ui.manageresources.view.Detail","viewId":"application-manageresources-display-component---detailRU","properties":{"src":{"regex":{"source":"overflow"}}}},"wdio_ui5_key":"etmportal.ui.manageresources.view.Detailsap.ui.core.Icon{\"src\":{\"regex\":{\"source\":\"overflow\"}}}"}]}
RESULT: undefined
COMMAND: POST /session/eac9b0d7e8ced2053dbc37a41f3ce9ab/element - {"using":"xpath","value":"//*[@id=\"__title17-_actionsToolbar-overflowButton-img\"]"}
RESULT: {"using":"xpath","value":"//*[@id=\"__title17-_actionsToolbar-overflowButton-img\"]"}
COMMAND: POST /session/eac9b0d7e8ced2053dbc37a41f3ce9ab/element/f.6F465290622CE65C200047306CC70E60.d.B43420CD70A1B49484BEE719384B9131.e.9559/click - {}
RESULT: {}
COMMAND: POST /session/eac9b0d7e8ced2053dbc37a41f3ce9ab/execute/async - {"script":"<script> [1562 bytes]","args":[{"selector":{"controlType":"sap.m.Button","viewName":"etm.portal.ui.manageresources.view.Detail","viewId":"application-manageresources-display-component---detailRU","i18NText":{"propertyName":"tooltip","key":"closeColumn"},"searchOpenDialogs":true,"interaction":{"idSuffix":"inner"}},"wdio_ui5_key":"etmportal.ui.manageresources.view.Detailsap.m.Button{\"propertyName\":\"tooltip\",\"key\":\"closeColumn\"}"}]}
COMMAND: GET /session/eac9b0d7e8ced2053dbc37a41f3ce9ab/screenshot - {}
RESULT: {"script":"<script> [1562 bytes]","args":[{"selector":{"controlType":"sap.m.Button","viewName":"etm.portal.ui.manageresources.view.Detail","viewId":"application-manageresources-display-component---detailRU","i18NText":{"propertyName":"tooltip","key":"closeColumn"},"searchOpenDialogs":true,"interaction":{"idSuffix":"inner"}},"wdio_ui5_key":"etmportal.ui.manageresources.view.Detailsap.m.Button{\"propertyName\":\"tooltip\",\"key\":\"closeColumn\"}"}]}
RESULT: undefined
COMMAND: POST /session/eac9b0d7e8ced2053dbc37a41f3ce9ab/element - {"using":"xpath","value":"//*[@id=\"__button45\"]"}
RESULT: {}
RESULT: {"using":"xpath","value":"//*[@id=\"__button45\"]"}
COMMAND: POST /session/eac9b0d7e8ced2053dbc37a41f3ce9ab/element/f.6F465290622CE65C200047306CC70E60.d.B43420CD70A1B49484BEE719384B9131.e.9563/click - {}
RESULT: {}
COMMAND: GET /session/eac9b0d7e8ced2053dbc37a41f3ce9ab/screenshot - {}
RESULT: {}
COMMAND: POST /session/eac9b0d7e8ced2053dbc37a41f3ce9ab/refresh - {}
RESULT: {}
COMMAND: GET /session/eac9b0d7e8ced2053dbc37a41f3ce9ab/screenshot - {}
RESULT: {}
COMMAND: POST /session/eac9b0d7e8ced2053dbc37a41f3ce9ab/execute/async - {"script":"<script> [189 bytes]","args":[]}
RESULT: {"script":"<script> [189 bytes]","args":[]}
COMMAND: POST /session/eac9b0d7e8ced2053dbc37a41f3ce9ab/execute/async - {"script":"<script> [123 bytes]","args":[]}
RESULT: {"script":"<script> [123 bytes]","args":[]}
COMMAND: POST /session/eac9b0d7e8ced2053dbc37a41f3ce9ab/timeouts - {"script":"<number>"}
RESULT: {"script":"<number>"}
COMMAND: GET /session/eac9b0d7e8ced2053dbc37a41f3ce9ab/timeouts - {}
RESULT: {}
RESULT: undefined
COMMAND: POST /session/eac9b0d7e8ced2053dbc37a41f3ce9ab/execute/async - {"script":"<script> [2676 bytes]","args":[]}
RESULT: {"script":"<script> [2676 bytes]","args":[]}
COMMAND: POST /session/eac9b0d7e8ced2053dbc37a41f3ce9ab/execute/async - {"script":"<script> [2342 bytes]","args":[{"protocol":"http","hostname":"0.0.0.0","path":"/","capabilities":{"browserName":"chrome","goog:chromeOptions":{"binary":"C:\\Program Files\\Google\\Chrome\\Application\\chrome.exe","args":["--start-maximized"]}},"logLevel":"warn","connectionRetryTimeout":120000,"connectionRetryCount":3,"logLevels":{},"enableDirectConnect":true,"strictSSL":true,"_":"65 more keys: [\"cacheDir\",\"port\",\"requestedCapabilities\",\"automationProtocol\",\"baseUrl\",\"waitforInterval\",\"waitforTimeout\",\"onReload\",\"beforeCommand\",\"afterCommand\",\"rootDir\",\"specs\",\"suites\",\"exclude\",\"groupLogsByTestSpec\",\"excludeDriverLogs\",\"bail\",\"framework\",\"reporters\",\"services\",\"maxInstances\",\"maxInstancesPerCapability\",\"injectGlobals\",\"filesToWatch\",\"execArgv\",\"runnerEnv\",\"runner\",\"shard\",\"specFileRetries\",\"specFileRetriesDelay\",\"specFileRetriesDeferred\",\"reporterSyncInterval\",\"reporterSyncTimeout\",\"cucumberFeaturesWithLineNumbers\",\"autoCompileOpts\",\"mochaOpts\",\"jasmineOpts\",\"cucumberOpts\",\"onPrepare\",\"onWorkerStart\",\"onWorkerEnd\",\"before\",\"beforeSession\",\"beforeSuite\",\"beforeHook\",\"beforeTest\",\"afterTest\",\"afterHook\",\"afterSuite\",\"afterSession\",\"after\",\"onComplete\",\"beforeAssertion\",\"afterAssertion\",\"beforeFeature\",\"beforeScenario\",\"beforeStep\",\"afterStep\",\"afterScenario\",\"afterFeature\",\"_\",\"suite\",\"$0\",\"ignoredWorkerServices\",\"wdi5\"]"}]}
RESULT: {"script":"<script> [2342 bytes]","args":[{"protocol":"http","hostname":"0.0.0.0","path":"/","capabilities":{"browserName":"chrome","goog:chromeOptions":{"binary":"C:\\Program Files\\Google\\Chrome\\Application\\chrome.exe","args":["--start-maximized"]}},"logLevel":"warn","connectionRetryTimeout":120000,"connectionRetryCount":3,"logLevels":{},"enableDirectConnect":true,"strictSSL":true,"_":"65 more keys: [\"cacheDir\",\"port\",\"requestedCapabilities\",\"automationProtocol\",\"baseUrl\",\"waitforInterval\",\"waitforTimeout\",\"onReload\",\"beforeCommand\",\"afterCommand\",\"rootDir\",\"specs\",\"suites\",\"exclude\",\"groupLogsByTestSpec\",\"excludeDriverLogs\",\"bail\",\"framework\",\"reporters\",\"services\",\"maxInstances\",\"maxInstancesPerCapability\",\"injectGlobals\",\"filesToWatch\",\"execArgv\",\"runnerEnv\",\"runner\",\"shard\",\"specFileRetries\",\"specFileRetriesDelay\",\"specFileRetriesDeferred\",\"reporterSyncInterval\",\"reporterSyncTimeout\",\"cucumberFeaturesWithLineNumbers\",\"autoCompileOpts\",\"mochaOpts\",\"jasmineOpts\",\"cucumberOpts\",\"onPrepare\",\"onWorkerStart\",\"onWorkerEnd\",\"before\",\"beforeSession\",\"beforeSuite\",\"beforeHook\",\"beforeTest\",\"afterTest\",\"afterHook\",\"afterSuite\",\"afterSession\",\"after\",\"onComplete\",\"beforeAssertion\",\"afterAssertion\",\"beforeFeature\",\"beforeScenario\",\"beforeStep\",\"afterStep\",\"afterScenario\",\"afterFeature\",\"_\",\"suite\",\"$0\",\"ignoredWorkerServices\",\"wdi5\"]"}]}
COMMAND: POST /session/eac9b0d7e8ced2053dbc37a41f3ce9ab/execute/async - {"script":"<script> [21126 bytes]","args":[35000]}
RESULT: {"script":"<script> [21126 bytes]","args":[35000]}
COMMAND: POST /session/eac9b0d7e8ced2053dbc37a41f3ce9ab/element - {"using":"css selector","value":"#shell-header-logo"}
RESULT: {"using":"css selector","value":"#shell-header-logo"}
COMMAND: POST /session/eac9b0d7e8ced2053dbc37a41f3ce9ab/element/f.6F465290622CE65C200047306CC70E60.d.62C0A8DE9DB4AB37FA7A80F75B93D84B.e.9663/click - {}
RESULT: {}
COMMAND: GET /session/eac9b0d7e8ced2053dbc37a41f3ce9ab/screenshot - {}
RESULT: {}
COMMAND: POST /session/eac9b0d7e8ced2053dbc37a41f3ce9ab/element - {"using":"css selector","value":"#shell-header-logo"}
RESULT: {"using":"css selector","value":"#shell-header-logo"}
COMMAND: POST /session/eac9b0d7e8ced2053dbc37a41f3ce9ab/element/f.6F465290622CE65C200047306CC70E60.d.62C0A8DE9DB4AB37FA7A80F75B93D84B.e.9839/click - {}
RESULT: {}
COMMAND: GET /session/eac9b0d7e8ced2053dbc37a41f3ce9ab/screenshot - {}
RESULT: {}
]]></system-out>
    </testcase>
  </testsuite>
</testsuites>