<?xml version="1.0" encoding="UTF-8"?>
<testsuites tests="76" failures="52" errors="52" skipped="0">
  <testsuite timestamp="2025-05-03T16:16:56" time="60.26" tests="1" failures="0" errors="0" skipped="0">
    <properties>
      <property name="specId" value="0" />
      <property name="suiteName" value="US104422 Create new bin &amp; section - select nothing " />
      <property name="capabilities" value="chrome.135_0_7049_96.windows" />
      <property name="file" value="file:///D:/a/1/s/test/specs/HTR/create-bin.spec.js" />
    </properties>
    <testcase classname="chrome.135_0_7049_96.windows.US104422_Create_new_bin_&amp;_section_-_select_nothing_" name="Create new bin section" time="45.088">
      <system-out><![CDATA[
COMMAND: POST /session/10503a4dac92bcb2538d37e21df02b44/element - {"using":"xpath","value":"//div[text()='Warehouse']"}
RESULT: {"using":"xpath","value":"//div[text()='Warehouse']"}
COMMAND: POST /session/10503a4dac92bcb2538d37e21df02b44/elements - {"using":"xpath","value":"//div[text()='Warehouse']"}
RESULT: {"using":"xpath","value":"//div[text()='Warehouse']"}
COMMAND: POST /session/10503a4dac92bcb2538d37e21df02b44/element/f.FDAF18A8ED6EACE6EA012090E3B5CAAE.d.E79F69B0A888322E187EF2FCB8F90BA2.e.116/click - {}
RESULT: {}
COMMAND: POST /session/10503a4dac92bcb2538d37e21df02b44/execute/async - {"script":"<script> [1562 bytes]","args":[{"selector":{"controlType":"sap.m.GenericTile","properties":{"header":"Bin Status Report"}},"wdio_ui5_key":"sapm.GenericTile{\"header\":\"Bin Status Report\"}"}]}
COMMAND: GET /session/10503a4dac92bcb2538d37e21df02b44/screenshot - {}
RESULT: {"script":"<script> [1562 bytes]","args":[{"selector":{"controlType":"sap.m.GenericTile","properties":{"header":"Bin Status Report"}},"wdio_ui5_key":"sapm.GenericTile{\"header\":\"Bin Status Report\"}"}]}
RESULT: undefined
COMMAND: POST /session/10503a4dac92bcb2538d37e21df02b44/element - {"using":"xpath","value":"//*[@id=\"__tile104\"]"}
RESULT: {}
RESULT: {"using":"xpath","value":"//*[@id=\"__tile104\"]"}
COMMAND: POST /session/10503a4dac92bcb2538d37e21df02b44/element/f.FDAF18A8ED6EACE6EA012090E3B5CAAE.d.E79F69B0A888322E187EF2FCB8F90BA2.e.117/click - {}
RESULT: {}
COMMAND: GET /session/10503a4dac92bcb2538d37e21df02b44/screenshot - {}
RESULT: {}
COMMAND: POST /session/10503a4dac92bcb2538d37e21df02b44/element - {"using":"xpath","value":"//bdi[text()='Create New Organization']"}
RESULT: {"using":"xpath","value":"//bdi[text()='Create New Organization']"}
COMMAND: GET /session/10503a4dac92bcb2538d37e21df02b44/element/f.FDAF18A8ED6EACE6EA012090E3B5CAAE.d.E79F69B0A888322E187EF2FCB8F90BA2.e.157/enabled - {}
RESULT: {}
COMMAND: POST /session/10503a4dac92bcb2538d37e21df02b44/execute/sync - {"script":"<script> [8489 bytes]","args":[{"element-6066-11e4-a52e-4f735466cecf":"f.FDAF18A8ED6EACE6EA012090E3B5CAAE.d.E79F69B0A888322E187EF2FCB8F90BA2.e.157","ELEMENT":"f.FDAF18A8ED6EACE6EA012090E3B5CAAE.d.E79F69B0A888322E187EF2FCB8F90BA2.e.157"}]}
COMMAND: GET /session/10503a4dac92bcb2538d37e21df02b44/screenshot - {}
RESULT: {"script":"<script> [8489 bytes]","args":[{"element-6066-11e4-a52e-4f735466cecf":"f.FDAF18A8ED6EACE6EA012090E3B5CAAE.d.E79F69B0A888322E187EF2FCB8F90BA2.e.157","ELEMENT":"f.FDAF18A8ED6EACE6EA012090E3B5CAAE.d.E79F69B0A888322E187EF2FCB8F90BA2.e.157"}]}
COMMAND: POST /session/10503a4dac92bcb2538d37e21df02b44/execute/sync - {"script":"<script> [5351 bytes]","args":[{"element-6066-11e4-a52e-4f735466cecf":"f.FDAF18A8ED6EACE6EA012090E3B5CAAE.d.E79F69B0A888322E187EF2FCB8F90BA2.e.157","ELEMENT":"f.FDAF18A8ED6EACE6EA012090E3B5CAAE.d.E79F69B0A888322E187EF2FCB8F90BA2.e.157"}]}
COMMAND: GET /session/10503a4dac92bcb2538d37e21df02b44/screenshot - {}
RESULT: {}
RESULT: {"script":"<script> [5351 bytes]","args":[{"element-6066-11e4-a52e-4f735466cecf":"f.FDAF18A8ED6EACE6EA012090E3B5CAAE.d.E79F69B0A888322E187EF2FCB8F90BA2.e.157","ELEMENT":"f.FDAF18A8ED6EACE6EA012090E3B5CAAE.d.E79F69B0A888322E187EF2FCB8F90BA2.e.157"}]}
COMMAND: POST /session/10503a4dac92bcb2538d37e21df02b44/element/f.FDAF18A8ED6EACE6EA012090E3B5CAAE.d.E79F69B0A888322E187EF2FCB8F90BA2.e.157/click - {}
COMMAND: GET /session/10503a4dac92bcb2538d37e21df02b44/screenshot - {}
RESULT: {}
RESULT: {}
COMMAND: POST /session/10503a4dac92bcb2538d37e21df02b44/execute/async - {"script":"<script> [1562 bytes]","args":[{"selector":{"id":"createOrganizationPop--sectionInput","searchOpenDialogs":true,"interaction":{"idSuffix":"inner"}},"wdio_ui5_key":"createOrganizationPopsectionInput"}]}
COMMAND: GET /session/10503a4dac92bcb2538d37e21df02b44/screenshot - {}
RESULT: {}
RESULT: {"script":"<script> [1562 bytes]","args":[{"selector":{"id":"createOrganizationPop--sectionInput","searchOpenDialogs":true,"interaction":{"idSuffix":"inner"}},"wdio_ui5_key":"createOrganizationPopsectionInput"}]}
RESULT: undefined
COMMAND: POST /session/10503a4dac92bcb2538d37e21df02b44/execute/async - {"script":"<script> [776 bytes]","args":[{"enterText":"WHIbeaivgh24ycz3qc2vw1qol14050f7wap0dt3lgqm015prc3q3ms912ah0s008egpym3ywvmpyv4y3vru9os1l8zjxk7cvqtcydty0cbu10xrei6cjwqpqdib47slsl5s8l1lzc6ilihlsqb66b1xfirdbwfomvel11npy8k9q3j40rhtq0xthzgbdbavinpq55nah ... (803 more bytes)","selector":{"id":"createOrganizationPop--sectionInput","searchOpenDialogs":true,"interaction":{"idSuffix":"inner"}},"clearTextFirst":true,"interactionType":"ENTER_TEXT"}]}
RESULT: {}
RESULT: {"script":"<script> [776 bytes]","args":[{"enterText":"WHIbeaivgh24ycz3qc2vw1qol14050f7wap0dt3lgqm015prc3q3ms912ah0s008egpym3ywvmpyv4y3vru9os1l8zjxk7cvqtcydty0cbu10xrei6cjwqpqdib47slsl5s8l1lzc6ilihlsqb66b1xfirdbwfomvel11npy8k9q3j40rhtq0xthzgbdbavinpq55nah ... (803 more bytes)","selector":{"id":"createOrganizationPop--sectionInput","searchOpenDialogs":true,"interaction":{"idSuffix":"inner"}},"clearTextFirst":true,"interactionType":"ENTER_TEXT"}]}
COMMAND: POST /session/10503a4dac92bcb2538d37e21df02b44/execute/async - {"script":"<script> [1562 bytes]","args":[{"selector":{"id":"createOrganizationPop--descriptionInput","searchOpenDialogs":true,"interaction":{"idSuffix":"inner"}},"wdio_ui5_key":"createOrganizationPopdescriptionInput"}]}
RESULT: {"script":"<script> [1562 bytes]","args":[{"selector":{"id":"createOrganizationPop--descriptionInput","searchOpenDialogs":true,"interaction":{"idSuffix":"inner"}},"wdio_ui5_key":"createOrganizationPopdescriptionInput"}]}
RESULT: undefined
COMMAND: POST /session/10503a4dac92bcb2538d37e21df02b44/execute/async - {"script":"<script> [776 bytes]","args":[{"enterText":"WHIbeaivgh24ycz3qc2vw1qol14050f7wap0dt3lgqm015prc3q3ms912ah0s008egpym3ywvmpyv4y3vru9os1l8zjxk7cvqtcydty0cbu10xrei6cjwqpqdib47slsl5s8l1lzc6ilihlsqb66b1xfirdbwfomvel11npy8k9q3j40rhtq0xthzgbdbavinpq55nah ... (803 more bytes)","selector":{"id":"createOrganizationPop--descriptionInput","searchOpenDialogs":true,"interaction":{"idSuffix":"inner"}},"clearTextFirst":true,"interactionType":"ENTER_TEXT"}]}
RESULT: {"script":"<script> [776 bytes]","args":[{"enterText":"WHIbeaivgh24ycz3qc2vw1qol14050f7wap0dt3lgqm015prc3q3ms912ah0s008egpym3ywvmpyv4y3vru9os1l8zjxk7cvqtcydty0cbu10xrei6cjwqpqdib47slsl5s8l1lzc6ilihlsqb66b1xfirdbwfomvel11npy8k9q3j40rhtq0xthzgbdbavinpq55nah ... (803 more bytes)","selector":{"id":"createOrganizationPop--descriptionInput","searchOpenDialogs":true,"interaction":{"idSuffix":"inner"}},"clearTextFirst":true,"interactionType":"ENTER_TEXT"}]}
COMMAND: POST /session/10503a4dac92bcb2538d37e21df02b44/element - {"using":"css selector","value":"#createOrganizationPop--yardOrg-inner"}
RESULT: {"using":"css selector","value":"#createOrganizationPop--yardOrg-inner"}
COMMAND: POST /session/10503a4dac92bcb2538d37e21df02b44/element/f.FDAF18A8ED6EACE6EA012090E3B5CAAE.d.E79F69B0A888322E187EF2FCB8F90BA2.e.200/clear - {}
RESULT: {}
COMMAND: POST /session/10503a4dac92bcb2538d37e21df02b44/element/f.FDAF18A8ED6EACE6EA012090E3B5CAAE.d.E79F69B0A888322E187EF2FCB8F90BA2.e.200/value - {"text":"WHM"}
COMMAND: GET /session/10503a4dac92bcb2538d37e21df02b44/screenshot - {}
RESULT: {"text":"WHM"}
COMMAND: GET /session/10503a4dac92bcb2538d37e21df02b44/screenshot - {}
RESULT: {}
RESULT: {}
COMMAND: POST /session/10503a4dac92bcb2538d37e21df02b44/actions - {"actions":[{"id":"action1","type":"key","parameters":{},"actions":[{"type":"keyDown","value":"î€‡"},{"type":"pause","duration":10},{"type":"keyUp","value":"î€‡"}]}]}
RESULT: {"actions":[{"id":"action1","type":"key","parameters":{},"actions":[{"type":"keyDown","value":"î€‡"},{"type":"pause","duration":10},{"type":"keyUp","value":"î€‡"}]}]}
COMMAND: POST /session/10503a4dac92bcb2538d37e21df02b44/execute/async - {"script":"<script> [1562 bytes]","args":[{"selector":{"id":"createOrganizationPop--grZone","searchOpenDialogs":true,"interaction":{"idSuffix":"CbBg"}},"wdio_ui5_key":"createOrganizationPopgrZone"}]}
COMMAND: GET /session/10503a4dac92bcb2538d37e21df02b44/screenshot - {}
RESULT: {"script":"<script> [1562 bytes]","args":[{"selector":{"id":"createOrganizationPop--grZone","searchOpenDialogs":true,"interaction":{"idSuffix":"CbBg"}},"wdio_ui5_key":"createOrganizationPopgrZone"}]}
RESULT: undefined
COMMAND: POST /session/10503a4dac92bcb2538d37e21df02b44/element - {"using":"xpath","value":"//*[@id=\"createOrganizationPop--grZone\"]"}
RESULT: {}
RESULT: {"using":"xpath","value":"//*[@id=\"createOrganizationPop--grZone\"]"}
COMMAND: POST /session/10503a4dac92bcb2538d37e21df02b44/element/f.FDAF18A8ED6EACE6EA012090E3B5CAAE.d.E79F69B0A888322E187EF2FCB8F90BA2.e.222/click - {}
RESULT: {}
COMMAND: POST /session/10503a4dac92bcb2538d37e21df02b44/execute/async - {"script":"<script> [1562 bytes]","args":[{"selector":{"id":"createOrganizationPop--giZone","searchOpenDialogs":true,"interaction":{"idSuffix":"CbBg"}},"wdio_ui5_key":"createOrganizationPopgiZone"}]}
COMMAND: GET /session/10503a4dac92bcb2538d37e21df02b44/screenshot - {}
RESULT: {}
RESULT: {"script":"<script> [1562 bytes]","args":[{"selector":{"id":"createOrganizationPop--giZone","searchOpenDialogs":true,"interaction":{"idSuffix":"CbBg"}},"wdio_ui5_key":"createOrganizationPopgiZone"}]}
RESULT: undefined
COMMAND: POST /session/10503a4dac92bcb2538d37e21df02b44/element - {"using":"xpath","value":"//*[@id=\"createOrganizationPop--giZone\"]"}
RESULT: {"using":"xpath","value":"//*[@id=\"createOrganizationPop--giZone\"]"}
COMMAND: POST /session/10503a4dac92bcb2538d37e21df02b44/element/f.FDAF18A8ED6EACE6EA012090E3B5CAAE.d.E79F69B0A888322E187EF2FCB8F90BA2.e.224/click - {}
RESULT: {}
COMMAND: POST /session/10503a4dac92bcb2538d37e21df02b44/execute/async - {"script":"<script> [1562 bytes]","args":[{"selector":{"id":"createOrganizationPop--binNoInput","searchOpenDialogs":true,"interaction":{"idSuffix":"inner"}},"wdio_ui5_key":"createOrganizationPopbinNoInput"}]}
COMMAND: GET /session/10503a4dac92bcb2538d37e21df02b44/screenshot - {}
RESULT: {"script":"<script> [1562 bytes]","args":[{"selector":{"id":"createOrganizationPop--binNoInput","searchOpenDialogs":true,"interaction":{"idSuffix":"inner"}},"wdio_ui5_key":"createOrganizationPopbinNoInput"}]}
RESULT: undefined
COMMAND: POST /session/10503a4dac92bcb2538d37e21df02b44/execute/async - {"script":"<script> [776 bytes]","args":[{"enterText":"Bin-Wd","selector":{"id":"createOrganizationPop--binNoInput","searchOpenDialogs":true,"interaction":{"idSuffix":"inner"}},"clearTextFirst":true,"interactionType":"ENTER_TEXT"}]}
RESULT: {}
RESULT: {"script":"<script> [776 bytes]","args":[{"enterText":"Bin-Wd","selector":{"id":"createOrganizationPop--binNoInput","searchOpenDialogs":true,"interaction":{"idSuffix":"inner"}},"clearTextFirst":true,"interactionType":"ENTER_TEXT"}]}
COMMAND: POST /session/10503a4dac92bcb2538d37e21df02b44/execute/async - {"script":"<script> [1562 bytes]","args":[{"selector":{"id":"createOrganizationPop--descriptionId","searchOpenDialogs":true,"interaction":{"idSuffix":"inner"}},"wdio_ui5_key":"createOrganizationPopdescriptionId"}]}
RESULT: {"script":"<script> [1562 bytes]","args":[{"selector":{"id":"createOrganizationPop--descriptionId","searchOpenDialogs":true,"interaction":{"idSuffix":"inner"}},"wdio_ui5_key":"createOrganizationPopdescriptionId"}]}
RESULT: undefined
COMMAND: POST /session/10503a4dac92bcb2538d37e21df02b44/execute/async - {"script":"<script> [776 bytes]","args":[{"enterText":"Shipping-Wd","selector":{"id":"createOrganizationPop--descriptionId","searchOpenDialogs":true,"interaction":{"idSuffix":"inner"}},"clearTextFirst":true,"interactionType":"ENTER_TEXT"}]}
RESULT: {"script":"<script> [776 bytes]","args":[{"enterText":"Shipping-Wd","selector":{"id":"createOrganizationPop--descriptionId","searchOpenDialogs":true,"interaction":{"idSuffix":"inner"}},"clearTextFirst":true,"interactionType":"ENTER_TEXT"}]}
COMMAND: POST /session/10503a4dac92bcb2538d37e21df02b44/execute/async - {"script":"<script> [1562 bytes]","args":[{"selector":{"controlType":"sap.m.CheckBox","viewName":"etm.portal.ui.binstatusreport.view.MasterWareBins","viewId":"application-binstatusreport-display-component---warehousing","bindingPath":{"path":"","propertyPath":"/ZONE","modelName":"newBin"},"searchOpenDialogs":true,"interaction":{"idSuffix":"CbBg"}},"wdio_ui5_key":"etmportal.ui.binstatusreport.view.MasterWareBinssap.m.CheckBox{\"path\":\"\",\"propertyPath\":\"/ZONE\",\"modelName\":\"newBin\"}"}]}
RESULT: {"script":"<script> [1562 bytes]","args":[{"selector":{"controlType":"sap.m.CheckBox","viewName":"etm.portal.ui.binstatusreport.view.MasterWareBins","viewId":"application-binstatusreport-display-component---warehousing","bindingPath":{"path":"","propertyPath":"/ZONE","modelName":"newBin"},"searchOpenDialogs":true,"interaction":{"idSuffix":"CbBg"}},"wdio_ui5_key":"etmportal.ui.binstatusreport.view.MasterWareBinssap.m.CheckBox{\"path\":\"\",\"propertyPath\":\"/ZONE\",\"modelName\":\"newBin\"}"}]}
RESULT: undefined
COMMAND: POST /session/10503a4dac92bcb2538d37e21df02b44/element - {"using":"xpath","value":"//*[@id=\"__box12\"]"}
RESULT: {"using":"xpath","value":"//*[@id=\"__box12\"]"}
COMMAND: POST /session/10503a4dac92bcb2538d37e21df02b44/element/f.FDAF18A8ED6EACE6EA012090E3B5CAAE.d.E79F69B0A888322E187EF2FCB8F90BA2.e.228/click - {}
RESULT: {}
COMMAND: POST /session/10503a4dac92bcb2538d37e21df02b44/execute/async - {"script":"<script> [1562 bytes]","args":[{"selector":{"id":"createOrganizationPop--binTypesCB-arrow","searchOpenDialogs":true},"wdio_ui5_key":"createOrganizationPopbinTypesCB-arrow"}]}
COMMAND: GET /session/10503a4dac92bcb2538d37e21df02b44/screenshot - {}
RESULT: {"script":"<script> [1562 bytes]","args":[{"selector":{"id":"createOrganizationPop--binTypesCB-arrow","searchOpenDialogs":true},"wdio_ui5_key":"createOrganizationPopbinTypesCB-arrow"}]}
RESULT: undefined
COMMAND: POST /session/10503a4dac92bcb2538d37e21df02b44/element - {"using":"xpath","value":"//*[@id=\"createOrganizationPop--binTypesCB-arrow\"]"}
RESULT: {}
RESULT: {"using":"xpath","value":"//*[@id=\"createOrganizationPop--binTypesCB-arrow\"]"}
COMMAND: POST /session/10503a4dac92bcb2538d37e21df02b44/element/f.FDAF18A8ED6EACE6EA012090E3B5CAAE.d.E79F69B0A888322E187EF2FCB8F90BA2.e.229/click - {}
RESULT: {}
COMMAND: POST /session/10503a4dac92bcb2538d37e21df02b44/execute/async - {"script":"<script> [1562 bytes]","args":[{"selector":{"id":"createOrganizationPop--binTypesCB","searchOpenDialogs":true,"interaction":{"idSuffix":"inner"}},"wdio_ui5_key":"createOrganizationPopbinTypesCB"}]}
COMMAND: GET /session/10503a4dac92bcb2538d37e21df02b44/screenshot - {}
RESULT: {"script":"<script> [1562 bytes]","args":[{"selector":{"id":"createOrganizationPop--binTypesCB","searchOpenDialogs":true,"interaction":{"idSuffix":"inner"}},"wdio_ui5_key":"createOrganizationPopbinTypesCB"}]}
RESULT: undefined
COMMAND: POST /session/10503a4dac92bcb2538d37e21df02b44/execute/async - {"script":"<script> [776 bytes]","args":[{"enterText":"1 - General / No capacity check","selector":{"id":"createOrganizationPop--binTypesCB","searchOpenDialogs":true,"interaction":{"idSuffix":"inner"}},"clearTextFirst":true,"interactionType":"ENTER_TEXT"}]}
RESULT: {}
RESULT: {"script":"<script> [776 bytes]","args":[{"enterText":"1 - General / No capacity check","selector":{"id":"createOrganizationPop--binTypesCB","searchOpenDialogs":true,"interaction":{"idSuffix":"inner"}},"clearTextFirst":true,"interactionType":"ENTER_TEXT"}]}
COMMAND: POST /session/10503a4dac92bcb2538d37e21df02b44/actions - {"actions":[{"id":"action2","type":"key","parameters":{},"actions":[{"type":"keyDown","value":"î€‡"},{"type":"pause","duration":10},{"type":"keyUp","value":"î€‡"}]}]}
RESULT: {"actions":[{"id":"action2","type":"key","parameters":{},"actions":[{"type":"keyDown","value":"î€‡"},{"type":"pause","duration":10},{"type":"keyUp","value":"î€‡"}]}]}
COMMAND: GET /session/10503a4dac92bcb2538d37e21df02b44/screenshot - {}
RESULT: {}
COMMAND: POST /session/10503a4dac92bcb2538d37e21df02b44/execute/async - {"script":"<script> [1562 bytes]","args":[{"selector":{"id":"createOrganizationPop--finishBtn","searchOpenDialogs":true,"interaction":{"idSuffix":"BDI-content"}},"wdio_ui5_key":"createOrganizationPopfinishBtn"}]}
RESULT: {"script":"<script> [1562 bytes]","args":[{"selector":{"id":"createOrganizationPop--finishBtn","searchOpenDialogs":true,"interaction":{"idSuffix":"BDI-content"}},"wdio_ui5_key":"createOrganizationPopfinishBtn"}]}
RESULT: undefined
COMMAND: POST /session/10503a4dac92bcb2538d37e21df02b44/element - {"using":"xpath","value":"//*[@id=\"createOrganizationPop--finishBtn\"]"}
RESULT: {"using":"xpath","value":"//*[@id=\"createOrganizationPop--finishBtn\"]"}
COMMAND: POST /session/10503a4dac92bcb2538d37e21df02b44/element/f.FDAF18A8ED6EACE6EA012090E3B5CAAE.d.E79F69B0A888322E187EF2FCB8F90BA2.e.232/click - {}
RESULT: {}
COMMAND: POST /session/10503a4dac92bcb2538d37e21df02b44/element - {"using":"css selector","value":"#j_username"}
COMMAND: POST /session/10503a4dac92bcb2538d37e21df02b44/url - {"url":"https://qa-testing-00-live-etm-ui.cfapps.eu10-004.hana.ondemand.com/"}
COMMAND: GET /session/10503a4dac92bcb2538d37e21df02b44/screenshot - {}
RESULT: {"url":"https://qa-testing-00-live-etm-ui.cfapps.eu10-004.hana.ondemand.com/"}
RESULT: undefined
COMMAND: GET /session/10503a4dac92bcb2538d37e21df02b44/screenshot - {}
RESULT: {"using":"css selector","value":"#j_username"}
COMMAND: POST /session/10503a4dac92bcb2538d37e21df02b44/element - {"using":"css selector","value":"#j_username"}
RESULT: {}
RESULT: {}
RESULT: {"using":"css selector","value":"#j_username"}
COMMAND: POST /session/10503a4dac92bcb2538d37e21df02b44/element - {"using":"css selector","value":"#shell-header-logo"}
RESULT: {"using":"css selector","value":"#shell-header-logo"}
COMMAND: POST /session/10503a4dac92bcb2538d37e21df02b44/execute/sync - {"script":"<script> [8489 bytes]","args":[{"element-6066-11e4-a52e-4f735466cecf":"f.FDAF18A8ED6EACE6EA012090E3B5CAAE.d.0C2ECE570B9D3CA374A285387BC492A8.e.241","ELEMENT":"f.FDAF18A8ED6EACE6EA012090E3B5CAAE.d.0C2ECE570B9D3CA374A285387BC492A8.e.241"}]}
RESULT: {"script":"<script> [8489 bytes]","args":[{"element-6066-11e4-a52e-4f735466cecf":"f.FDAF18A8ED6EACE6EA012090E3B5CAAE.d.0C2ECE570B9D3CA374A285387BC492A8.e.241","ELEMENT":"f.FDAF18A8ED6EACE6EA012090E3B5CAAE.d.0C2ECE570B9D3CA374A285387BC492A8.e.241"}]}
COMMAND: POST /session/10503a4dac92bcb2538d37e21df02b44/element - {"using":"css selector","value":"#shell-header-logo"}
COMMAND: GET /session/10503a4dac92bcb2538d37e21df02b44/screenshot - {}
RESULT: {"using":"css selector","value":"#shell-header-logo"}
COMMAND: POST /session/10503a4dac92bcb2538d37e21df02b44/execute/sync - {"script":"<script> [8489 bytes]","args":[{"element-6066-11e4-a52e-4f735466cecf":"f.FDAF18A8ED6EACE6EA012090E3B5CAAE.d.0C2ECE570B9D3CA374A285387BC492A8.e.241","ELEMENT":"f.FDAF18A8ED6EACE6EA012090E3B5CAAE.d.0C2ECE570B9D3CA374A285387BC492A8.e.241"}]}
RESULT: {}
RESULT: {"script":"<script> [8489 bytes]","args":[{"element-6066-11e4-a52e-4f735466cecf":"f.FDAF18A8ED6EACE6EA012090E3B5CAAE.d.0C2ECE570B9D3CA374A285387BC492A8.e.241","ELEMENT":"f.FDAF18A8ED6EACE6EA012090E3B5CAAE.d.0C2ECE570B9D3CA374A285387BC492A8.e.241"}]}
COMMAND: POST /session/10503a4dac92bcb2538d37e21df02b44/execute/sync - {"script":"<script> [5351 bytes]","args":[{"element-6066-11e4-a52e-4f735466cecf":"f.FDAF18A8ED6EACE6EA012090E3B5CAAE.d.0C2ECE570B9D3CA374A285387BC492A8.e.241","ELEMENT":"f.FDAF18A8ED6EACE6EA012090E3B5CAAE.d.0C2ECE570B9D3CA374A285387BC492A8.e.241"}]}
COMMAND: GET /session/10503a4dac92bcb2538d37e21df02b44/screenshot - {}
RESULT: {"script":"<script> [5351 bytes]","args":[{"element-6066-11e4-a52e-4f735466cecf":"f.FDAF18A8ED6EACE6EA012090E3B5CAAE.d.0C2ECE570B9D3CA374A285387BC492A8.e.241","ELEMENT":"f.FDAF18A8ED6EACE6EA012090E3B5CAAE.d.0C2ECE570B9D3CA374A285387BC492A8.e.241"}]}
COMMAND: POST /session/10503a4dac92bcb2538d37e21df02b44/element - {"using":"css selector","value":"#shell-header-logo"}
COMMAND: GET /session/10503a4dac92bcb2538d37e21df02b44/screenshot - {}
RESULT: {}
RESULT: {"using":"css selector","value":"#shell-header-logo"}
COMMAND: POST /session/10503a4dac92bcb2538d37e21df02b44/element/f.FDAF18A8ED6EACE6EA012090E3B5CAAE.d.0C2ECE570B9D3CA374A285387BC492A8.e.241/click - {}
RESULT: {}
RESULT: {}
COMMAND: GET /session/10503a4dac92bcb2538d37e21df02b44/screenshot - {}
RESULT: {}
COMMAND: POST /session/10503a4dac92bcb2538d37e21df02b44/execute/async - {"script":"<script> [189 bytes]","args":[]}
RESULT: {"script":"<script> [189 bytes]","args":[]}
COMMAND: POST /session/10503a4dac92bcb2538d37e21df02b44/execute/async - {"script":"<script> [123 bytes]","args":[]}
RESULT: {"script":"<script> [123 bytes]","args":[]}
COMMAND: POST /session/10503a4dac92bcb2538d37e21df02b44/timeouts - {"script":"<number>"}
RESULT: {"script":"<number>"}
COMMAND: GET /session/10503a4dac92bcb2538d37e21df02b44/timeouts - {}
RESULT: {}
RESULT: undefined
COMMAND: POST /session/10503a4dac92bcb2538d37e21df02b44/execute/async - {"script":"<script> [2676 bytes]","args":[]}
RESULT: {"script":"<script> [2676 bytes]","args":[]}
COMMAND: POST /session/10503a4dac92bcb2538d37e21df02b44/execute/async - {"script":"<script> [2342 bytes]","args":[{"protocol":"http","hostname":"0.0.0.0","path":"/","capabilities":{"browserName":"chrome","goog:chromeOptions":{"binary":"C:\\Program Files\\Google\\Chrome\\Application\\chrome.exe","args":["--start-maximized"]}},"logLevel":"warn","connectionRetryTimeout":120000,"connectionRetryCount":3,"logLevels":{},"enableDirectConnect":true,"strictSSL":true,"_":"65 more keys: [\"cacheDir\",\"port\",\"requestedCapabilities\",\"automationProtocol\",\"baseUrl\",\"waitforInterval\",\"waitforTimeout\",\"onReload\",\"beforeCommand\",\"afterCommand\",\"rootDir\",\"specs\",\"suites\",\"exclude\",\"groupLogsByTestSpec\",\"excludeDriverLogs\",\"bail\",\"framework\",\"reporters\",\"services\",\"maxInstances\",\"maxInstancesPerCapability\",\"injectGlobals\",\"filesToWatch\",\"execArgv\",\"runnerEnv\",\"runner\",\"shard\",\"specFileRetries\",\"specFileRetriesDelay\",\"specFileRetriesDeferred\",\"reporterSyncInterval\",\"reporterSyncTimeout\",\"cucumberFeaturesWithLineNumbers\",\"autoCompileOpts\",\"mochaOpts\",\"jasmineOpts\",\"cucumberOpts\",\"onPrepare\",\"onWorkerStart\",\"onWorkerEnd\",\"before\",\"beforeSession\",\"beforeSuite\",\"beforeHook\",\"beforeTest\",\"afterTest\",\"afterHook\",\"afterSuite\",\"afterSession\",\"after\",\"onComplete\",\"beforeAssertion\",\"afterAssertion\",\"beforeFeature\",\"beforeScenario\",\"beforeStep\",\"afterStep\",\"afterScenario\",\"afterFeature\",\"_\",\"suite\",\"$0\",\"ignoredWorkerServices\",\"wdi5\"]"}]}
RESULT: {"script":"<script> [2342 bytes]","args":[{"protocol":"http","hostname":"0.0.0.0","path":"/","capabilities":{"browserName":"chrome","goog:chromeOptions":{"binary":"C:\\Program Files\\Google\\Chrome\\Application\\chrome.exe","args":["--start-maximized"]}},"logLevel":"warn","connectionRetryTimeout":120000,"connectionRetryCount":3,"logLevels":{},"enableDirectConnect":true,"strictSSL":true,"_":"65 more keys: [\"cacheDir\",\"port\",\"requestedCapabilities\",\"automationProtocol\",\"baseUrl\",\"waitforInterval\",\"waitforTimeout\",\"onReload\",\"beforeCommand\",\"afterCommand\",\"rootDir\",\"specs\",\"suites\",\"exclude\",\"groupLogsByTestSpec\",\"excludeDriverLogs\",\"bail\",\"framework\",\"reporters\",\"services\",\"maxInstances\",\"maxInstancesPerCapability\",\"injectGlobals\",\"filesToWatch\",\"execArgv\",\"runnerEnv\",\"runner\",\"shard\",\"specFileRetries\",\"specFileRetriesDelay\",\"specFileRetriesDeferred\",\"reporterSyncInterval\",\"reporterSyncTimeout\",\"cucumberFeaturesWithLineNumbers\",\"autoCompileOpts\",\"mochaOpts\",\"jasmineOpts\",\"cucumberOpts\",\"onPrepare\",\"onWorkerStart\",\"onWorkerEnd\",\"before\",\"beforeSession\",\"beforeSuite\",\"beforeHook\",\"beforeTest\",\"afterTest\",\"afterHook\",\"afterSuite\",\"afterSession\",\"after\",\"onComplete\",\"beforeAssertion\",\"afterAssertion\",\"beforeFeature\",\"beforeScenario\",\"beforeStep\",\"afterStep\",\"afterScenario\",\"afterFeature\",\"_\",\"suite\",\"$0\",\"ignoredWorkerServices\",\"wdi5\"]"}]}
COMMAND: POST /session/10503a4dac92bcb2538d37e21df02b44/execute/async - {"script":"<script> [21126 bytes]","args":[35000]}
RESULT: {"script":"<script> [21126 bytes]","args":[35000]}
COMMAND: POST /session/10503a4dac92bcb2538d37e21df02b44/window/maximize - {}
RESULT: {}
COMMAND: POST /session/10503a4dac92bcb2538d37e21df02b44/execute/async - {"script":"<script> [1562 bytes]","args":[{"selector":{"id":"shell-header","interaction":{"idSuffix":"icon"}},"wdio_ui5_key":"shellheader"}]}
COMMAND: GET /session/10503a4dac92bcb2538d37e21df02b44/screenshot - {}
RESULT: {"script":"<script> [1562 bytes]","args":[{"selector":{"id":"shell-header","interaction":{"idSuffix":"icon"}},"wdio_ui5_key":"shellheader"}]}
RESULT: undefined
]]></system-out>
    </testcase>
  </testsuite>
  <testsuite timestamp="2025-05-03T16:17:56" time="718.291" tests="8" failures="0" errors="0" skipped="0">
    <properties>
      <property name="specId" value="0" />
      <property name="suiteName" value="Stock increase - with WHM US125587" />
      <property name="capabilities" value="chrome.135_0_7049_96.windows" />
      <property name="file" value="file:///D:/a/1/s/test/specs/HTR/stock-increase.spec.js" />
    </properties>
    <testcase classname="chrome.135_0_7049_96.windows.Stock_increase_-_with_WHM_US125587" name="Should create a WHM yard" time="83.185">
      <system-out><![CDATA[
COMMAND: POST /session/10503a4dac92bcb2538d37e21df02b44/element - {"using":"css selector","value":"#shell-header-logo"}
RESULT: {}
RESULT: {"using":"css selector","value":"#shell-header-logo"}
COMMAND: POST /session/10503a4dac92bcb2538d37e21df02b44/element/f.FDAF18A8ED6EACE6EA012090E3B5CAAE.d.0C2ECE570B9D3CA374A285387BC492A8.e.241/click - {}
RESULT: {}
COMMAND: GET /session/10503a4dac92bcb2538d37e21df02b44/screenshot - {}
RESULT: {}
COMMAND: POST /session/10503a4dac92bcb2538d37e21df02b44/execute/async - {"script":"<script> [1562 bytes]","args":[{"selector":{"controlType":"sap.m.GenericTile","properties":{"header":"Manage Yards"}},"wdio_ui5_key":"sapm.GenericTile{\"header\":\"Manage Yards\"}"}]}
RESULT: {"script":"<script> [1562 bytes]","args":[{"selector":{"controlType":"sap.m.GenericTile","properties":{"header":"Manage Yards"}},"wdio_ui5_key":"sapm.GenericTile{\"header\":\"Manage Yards\"}"}]}
RESULT: undefined
COMMAND: POST /session/10503a4dac92bcb2538d37e21df02b44/element - {"using":"xpath","value":"//*[@id=\"__tile41\"]"}
RESULT: {"using":"xpath","value":"//*[@id=\"__tile41\"]"}
COMMAND: POST /session/10503a4dac92bcb2538d37e21df02b44/element/f.FDAF18A8ED6EACE6EA012090E3B5CAAE.d.0C2ECE570B9D3CA374A285387BC492A8.e.245/click - {}
RESULT: {}
COMMAND: GET /session/10503a4dac92bcb2538d37e21df02b44/screenshot - {}
RESULT: {}
COMMAND: POST /session/10503a4dac92bcb2538d37e21df02b44/execute/async - {"script":"<script> [1562 bytes]","args":[{"selector":{"controlType":"sap.ui.core.Icon","viewName":"etm.portal.ui.manageyards.view.Master","viewId":"application-manageyards-display-component---masterYard","properties":{"src":{"regex":{"source":"add"}}}},"wdio_ui5_key":"etmportal.ui.manageyards.view.Mastersap.ui.core.Icon{\"src\":{\"regex\":{\"source\":\"add\"}}}"}]}
RESULT: {"script":"<script> [1562 bytes]","args":[{"selector":{"controlType":"sap.ui.core.Icon","viewName":"etm.portal.ui.manageyards.view.Master","viewId":"application-manageyards-display-component---masterYard","properties":{"src":{"regex":{"source":"add"}}}},"wdio_ui5_key":"etmportal.ui.manageyards.view.Mastersap.ui.core.Icon{\"src\":{\"regex\":{\"source\":\"add\"}}}"}]}
RESULT: undefined
COMMAND: POST /session/10503a4dac92bcb2538d37e21df02b44/element - {"using":"xpath","value":"//*[@id=\"__button4-img\"]"}
RESULT: {"using":"xpath","value":"//*[@id=\"__button4-img\"]"}
COMMAND: POST /session/10503a4dac92bcb2538d37e21df02b44/element/f.FDAF18A8ED6EACE6EA012090E3B5CAAE.d.0C2ECE570B9D3CA374A285387BC492A8.e.290/click - {}
RESULT: {}
COMMAND: GET /session/10503a4dac92bcb2538d37e21df02b44/screenshot - {}
RESULT: {}
COMMAND: POST /session/10503a4dac92bcb2538d37e21df02b44/execute/async - {"script":"<script> [1562 bytes]","args":[{"selector":{"id":"application-manageyards-display-component---NewYard--yardId","interaction":{"idSuffix":"inner"}},"wdio_ui5_key":"applicationmanageyards-display-component---NewYard--yardId"}]}
RESULT: {"script":"<script> [1562 bytes]","args":[{"selector":{"id":"application-manageyards-display-component---NewYard--yardId","interaction":{"idSuffix":"inner"}},"wdio_ui5_key":"applicationmanageyards-display-component---NewYard--yardId"}]}
RESULT: undefined
COMMAND: POST /session/10503a4dac92bcb2538d37e21df02b44/element - {"using":"xpath","value":"//*[@id=\"application-manageyards-display-component---NewYard--addressDetailDetailsName1-inner\"]"}
RESULT: {"using":"xpath","value":"//*[@id=\"application-manageyards-display-component---NewYard--addressDetailDetailsName1-inner\"]"}
COMMAND: POST /session/10503a4dac92bcb2538d37e21df02b44/element/f.FDAF18A8ED6EACE6EA012090E3B5CAAE.d.0C2ECE570B9D3CA374A285387BC492A8.e.501/clear - {}
RESULT: {}
COMMAND: POST /session/10503a4dac92bcb2538d37e21df02b44/element/f.FDAF18A8ED6EACE6EA012090E3B5CAAE.d.0C2ECE570B9D3CA374A285387BC492A8.e.501/value - {"text":"WebdriverWHMYard5ow35"}
COMMAND: GET /session/10503a4dac92bcb2538d37e21df02b44/screenshot - {}
RESULT: {"text":"WebdriverWHMYard5ow35"}
COMMAND: POST /session/10503a4dac92bcb2538d37e21df02b44/element - {"using":"xpath","value":"//*[@id=\"application-manageyards-display-component---NewYard--addressDetailDetailsLanguage-inner\"]"}
COMMAND: GET /session/10503a4dac92bcb2538d37e21df02b44/screenshot - {}
RESULT: {}
RESULT: {"using":"xpath","value":"//*[@id=\"application-manageyards-display-component---NewYard--addressDetailDetailsLanguage-inner\"]"}
COMMAND: POST /session/10503a4dac92bcb2538d37e21df02b44/element/f.FDAF18A8ED6EACE6EA012090E3B5CAAE.d.0C2ECE570B9D3CA374A285387BC492A8.e.502/clear - {}
RESULT: {}
RESULT: {}
COMMAND: POST /session/10503a4dac92bcb2538d37e21df02b44/element/f.FDAF18A8ED6EACE6EA012090E3B5CAAE.d.0C2ECE570B9D3CA374A285387BC492A8.e.502/value - {"text":"Romanian"}
COMMAND: GET /session/10503a4dac92bcb2538d37e21df02b44/screenshot - {}
RESULT: {"text":"Romanian"}
COMMAND: GET /session/10503a4dac92bcb2538d37e21df02b44/screenshot - {}
RESULT: {}
RESULT: {}
COMMAND: POST /session/10503a4dac92bcb2538d37e21df02b44/element - {"using":"xpath","value":"//*[@id=\"application-manageyards-display-component---NewYard--addressDetailDetailsCity1-inner\"]"}
RESULT: {"using":"xpath","value":"//*[@id=\"application-manageyards-display-component---NewYard--addressDetailDetailsCity1-inner\"]"}
COMMAND: POST /session/10503a4dac92bcb2538d37e21df02b44/element/f.FDAF18A8ED6EACE6EA012090E3B5CAAE.d.0C2ECE570B9D3CA374A285387BC492A8.e.504/clear - {}
RESULT: {}
COMMAND: POST /session/10503a4dac92bcb2538d37e21df02b44/element/f.FDAF18A8ED6EACE6EA012090E3B5CAAE.d.0C2ECE570B9D3CA374A285387BC492A8.e.504/value - {"text":"Bucuresti"}
COMMAND: GET /session/10503a4dac92bcb2538d37e21df02b44/screenshot - {}
RESULT: {}
RESULT: {"text":"Bucuresti"}
COMMAND: GET /session/10503a4dac92bcb2538d37e21df02b44/screenshot - {}
RESULT: {}
COMMAND: POST /session/10503a4dac92bcb2538d37e21df02b44/element - {"using":"xpath","value":"//*[@id=\"application-manageyards-display-component---NewYard--addressDetailDetailsCountry-inner\"]"}
RESULT: {"using":"xpath","value":"//*[@id=\"application-manageyards-display-component---NewYard--addressDetailDetailsCountry-inner\"]"}
COMMAND: POST /session/10503a4dac92bcb2538d37e21df02b44/element/f.FDAF18A8ED6EACE6EA012090E3B5CAAE.d.0C2ECE570B9D3CA374A285387BC492A8.e.508/clear - {}
RESULT: {}
COMMAND: POST /session/10503a4dac92bcb2538d37e21df02b44/element/f.FDAF18A8ED6EACE6EA012090E3B5CAAE.d.0C2ECE570B9D3CA374A285387BC492A8.e.508/value - {"text":"Romania"}
COMMAND: GET /session/10503a4dac92bcb2538d37e21df02b44/screenshot - {}
RESULT: {"text":"Romania"}
COMMAND: GET /session/10503a4dac92bcb2538d37e21df02b44/screenshot - {}
RESULT: {}
RESULT: {}
COMMAND: POST /session/10503a4dac92bcb2538d37e21df02b44/execute/async - {"script":"<script> [1562 bytes]","args":[{"selector":{"controlType":"sap.m.Button","viewName":"etm.portal.ui.manageyards.view.New","viewId":"application-manageyards-display-component---NewYard","properties":{"text":"Commercial"},"interaction":{"idSuffix":"BDI-content"}},"wdio_ui5_key":"etmportal.ui.manageyards.view.Newsap.m.Button{\"text\":\"Commercial\"}"}]}
RESULT: {"script":"<script> [1562 bytes]","args":[{"selector":{"controlType":"sap.m.Button","viewName":"etm.portal.ui.manageyards.view.New","viewId":"application-manageyards-display-component---NewYard","properties":{"text":"Commercial"},"interaction":{"idSuffix":"BDI-content"}},"wdio_ui5_key":"etmportal.ui.manageyards.view.Newsap.m.Button{\"text\":\"Commercial\"}"}]}
RESULT: undefined
COMMAND: POST /session/10503a4dac92bcb2538d37e21df02b44/element - {"using":"xpath","value":"//*[@id=\"application-manageyards-display-component---NewYard--ObjectPageLayout-anchBar-__section5-anchor\"]"}
RESULT: {"using":"xpath","value":"//*[@id=\"application-manageyards-display-component---NewYard--ObjectPageLayout-anchBar-__section5-anchor\"]"}
COMMAND: POST /session/10503a4dac92bcb2538d37e21df02b44/element/f.FDAF18A8ED6EACE6EA012090E3B5CAAE.d.0C2ECE570B9D3CA374A285387BC492A8.e.701/click - {}
RESULT: {}
COMMAND: GET /session/10503a4dac92bcb2538d37e21df02b44/screenshot - {}
RESULT: {}
COMMAND: POST /session/10503a4dac92bcb2538d37e21df02b44/element - {"using":"xpath","value":"//input[@id='application-manageyards-display-component---NewYard--addressEditDetailsCostObjectCstType-inner']"}
RESULT: {"using":"xpath","value":"//input[@id='application-manageyards-display-component---NewYard--addressEditDetailsCostObjectCstType-inner']"}
COMMAND: POST /session/10503a4dac92bcb2538d37e21df02b44/execute/sync - {"script":"<script> [8489 bytes]","args":[{"element-6066-11e4-a52e-4f735466cecf":"f.FDAF18A8ED6EACE6EA012090E3B5CAAE.d.0C2ECE570B9D3CA374A285387BC492A8.e.514","ELEMENT":"f.FDAF18A8ED6EACE6EA012090E3B5CAAE.d.0C2ECE570B9D3CA374A285387BC492A8.e.514"}]}
RESULT: {"script":"<script> [8489 bytes]","args":[{"element-6066-11e4-a52e-4f735466cecf":"f.FDAF18A8ED6EACE6EA012090E3B5CAAE.d.0C2ECE570B9D3CA374A285387BC492A8.e.514","ELEMENT":"f.FDAF18A8ED6EACE6EA012090E3B5CAAE.d.0C2ECE570B9D3CA374A285387BC492A8.e.514"}]}
COMMAND: POST /session/10503a4dac92bcb2538d37e21df02b44/element/f.FDAF18A8ED6EACE6EA012090E3B5CAAE.d.0C2ECE570B9D3CA374A285387BC492A8.e.514/clear - {}
COMMAND: GET /session/10503a4dac92bcb2538d37e21df02b44/screenshot - {}
RESULT: {}
COMMAND: POST /session/10503a4dac92bcb2538d37e21df02b44/element/f.FDAF18A8ED6EACE6EA012090E3B5CAAE.d.0C2ECE570B9D3CA374A285387BC492A8.e.514/value - {"text":"Cost"}
COMMAND: GET /session/10503a4dac92bcb2538d37e21df02b44/screenshot - {}
RESULT: {}
RESULT: {"text":"Cost"}
COMMAND: GET /session/10503a4dac92bcb2538d37e21df02b44/screenshot - {}
RESULT: {}
RESULT: {}
COMMAND: POST /session/10503a4dac92bcb2538d37e21df02b44/execute/async - {"script":"<script> [1562 bytes]","args":[{"selector":{"id":"application-manageyards-display-component---NewYard--addressNewCostObjectCstID","interaction":{"idSuffix":"inner"}},"wdio_ui5_key":"applicationmanageyards-display-component---NewYard--addressNewCostObjectCstID"}]}
RESULT: {"script":"<script> [1562 bytes]","args":[{"selector":{"id":"application-manageyards-display-component---NewYard--addressNewCostObjectCstID","interaction":{"idSuffix":"inner"}},"wdio_ui5_key":"applicationmanageyards-display-component---NewYard--addressNewCostObjectCstID"}]}
RESULT: undefined
COMMAND: POST /session/10503a4dac92bcb2538d37e21df02b44/execute/async - {"script":"<script> [776 bytes]","args":[{"enterText":"10001013","selector":{"id":"application-manageyards-display-component---NewYard--addressNewCostObjectCstID","interaction":{"idSuffix":"inner"}},"clearTextFirst":true,"interactionType":"ENTER_TEXT"}]}
RESULT: {"script":"<script> [776 bytes]","args":[{"enterText":"10001013","selector":{"id":"application-manageyards-display-component---NewYard--addressNewCostObjectCstID","interaction":{"idSuffix":"inner"}},"clearTextFirst":true,"interactionType":"ENTER_TEXT"}]}
COMMAND: POST /session/10503a4dac92bcb2538d37e21df02b44/actions - {"actions":[{"id":"action3","type":"key","parameters":{},"actions":[{"type":"keyDown","value":"î€‡"},{"type":"pause","duration":10},{"type":"keyUp","value":"î€‡"}]}]}
RESULT: {"actions":[{"id":"action3","type":"key","parameters":{},"actions":[{"type":"keyDown","value":"î€‡"},{"type":"pause","duration":10},{"type":"keyUp","value":"î€‡"}]}]}
COMMAND: POST /session/10503a4dac92bcb2538d37e21df02b44/execute/async - {"script":"<script> [1562 bytes]","args":[{"selector":{"id":"application-manageyards-display-component---NewYard--addressEditDetailsCurrency","interaction":{"idSuffix":"inner"}},"wdio_ui5_key":"applicationmanageyards-display-component---NewYard--addressEditDetailsCurrency"}]}
COMMAND: GET /session/10503a4dac92bcb2538d37e21df02b44/screenshot - {}
RESULT: {"script":"<script> [1562 bytes]","args":[{"selector":{"id":"application-manageyards-display-component---NewYard--addressEditDetailsCurrency","interaction":{"idSuffix":"inner"}},"wdio_ui5_key":"applicationmanageyards-display-component---NewYard--addressEditDetailsCurrency"}]}
RESULT: undefined
COMMAND: POST /session/10503a4dac92bcb2538d37e21df02b44/execute/async - {"script":"<script> [776 bytes]","args":[{"enterText":"Euro","selector":{"id":"application-manageyards-display-component---NewYard--addressEditDetailsCurrency","interaction":{"idSuffix":"inner"}},"clearTextFirst":true,"interactionType":"ENTER_TEXT"}]}
RESULT: {}
RESULT: {"script":"<script> [776 bytes]","args":[{"enterText":"Euro","selector":{"id":"application-manageyards-display-component---NewYard--addressEditDetailsCurrency","interaction":{"idSuffix":"inner"}},"clearTextFirst":true,"interactionType":"ENTER_TEXT"}]}
COMMAND: POST /session/10503a4dac92bcb2538d37e21df02b44/execute/async - {"script":"<script> [1562 bytes]","args":[{"selector":{"controlType":"sap.m.Input","viewName":"etm.portal.ui.manageyards.view.New","viewId":"application-manageyards-display-component---NewYard","bindingPath":{"path":"","propertyPath":"/CONTROLLING_AREA","modelName":"NewYardModel"},"interaction":{"idSuffix":"inner"}},"wdio_ui5_key":"etmportal.ui.manageyards.view.Newsap.m.Input{\"path\":\"\",\"propertyPath\":\"/CONTROLLING_AREA\",\"modelName\":\"NewYardModel\"}"}]}
RESULT: {"script":"<script> [1562 bytes]","args":[{"selector":{"controlType":"sap.m.Input","viewName":"etm.portal.ui.manageyards.view.New","viewId":"application-manageyards-display-component---NewYard","bindingPath":{"path":"","propertyPath":"/CONTROLLING_AREA","modelName":"NewYardModel"},"interaction":{"idSuffix":"inner"}},"wdio_ui5_key":"etmportal.ui.manageyards.view.Newsap.m.Input{\"path\":\"\",\"propertyPath\":\"/CONTROLLING_AREA\",\"modelName\":\"NewYardModel\"}"}]}
RESULT: undefined
COMMAND: POST /session/10503a4dac92bcb2538d37e21df02b44/execute/async - {"script":"<script> [776 bytes]","args":[{"enterText":"Z001","selector":{"controlType":"sap.m.Input","viewName":"etm.portal.ui.manageyards.view.New","viewId":"application-manageyards-display-component---NewYard","bindingPath":{"path":"","propertyPath":"/CONTROLLING_AREA","modelName":"NewYardModel"},"interaction":{"idSuffix":"inner"}},"clearTextFirst":true,"interactionType":"ENTER_TEXT"}]}
RESULT: {"script":"<script> [776 bytes]","args":[{"enterText":"Z001","selector":{"controlType":"sap.m.Input","viewName":"etm.portal.ui.manageyards.view.New","viewId":"application-manageyards-display-component---NewYard","bindingPath":{"path":"","propertyPath":"/CONTROLLING_AREA","modelName":"NewYardModel"},"interaction":{"idSuffix":"inner"}},"clearTextFirst":true,"interactionType":"ENTER_TEXT"}]}
COMMAND: POST /session/10503a4dac92bcb2538d37e21df02b44/execute/async - {"script":"<script> [1562 bytes]","args":[{"selector":{"id":"application-manageyards-display-component---NewYard--companyCodeComboBox","interaction":{"idSuffix":"inner"}},"wdio_ui5_key":"applicationmanageyards-display-component---NewYard--companyCodeComboBox"}]}
RESULT: {"script":"<script> [1562 bytes]","args":[{"selector":{"id":"application-manageyards-display-component---NewYard--companyCodeComboBox","interaction":{"idSuffix":"inner"}},"wdio_ui5_key":"applicationmanageyards-display-component---NewYard--companyCodeComboBox"}]}
RESULT: undefined
COMMAND: POST /session/10503a4dac92bcb2538d37e21df02b44/execute/async - {"script":"<script> [776 bytes]","args":[{"enterText":"1000","selector":{"id":"application-manageyards-display-component---NewYard--companyCodeComboBox","interaction":{"idSuffix":"inner"}},"clearTextFirst":true,"interactionType":"ENTER_TEXT"}]}
RESULT: {"script":"<script> [776 bytes]","args":[{"enterText":"1000","selector":{"id":"application-manageyards-display-component---NewYard--companyCodeComboBox","interaction":{"idSuffix":"inner"}},"clearTextFirst":true,"interactionType":"ENTER_TEXT"}]}
COMMAND: POST /session/10503a4dac92bcb2538d37e21df02b44/actions - {"actions":[{"id":"action4","type":"key","parameters":{},"actions":[{"type":"keyDown","value":"î€‡"},{"type":"pause","duration":10},{"type":"keyUp","value":"î€‡"}]}]}
RESULT: {"actions":[{"id":"action4","type":"key","parameters":{},"actions":[{"type":"keyDown","value":"î€‡"},{"type":"pause","duration":10},{"type":"keyUp","value":"î€‡"}]}]}
COMMAND: POST /session/10503a4dac92bcb2538d37e21df02b44/execute/async - {"script":"<script> [1562 bytes]","args":[{"selector":{"controlType":"sap.m.Input","viewName":"etm.portal.ui.manageyards.view.New","viewId":"application-manageyards-display-component---NewYard","bindingPath":{"path":"","propertyPath":"/PLANT","modelName":"NewYardModel"},"interaction":{"idSuffix":"inner"}},"wdio_ui5_key":"etmportal.ui.manageyards.view.Newsap.m.Input{\"path\":\"\",\"propertyPath\":\"/PLANT\",\"modelName\":\"NewYardModel\"}"}]}
COMMAND: GET /session/10503a4dac92bcb2538d37e21df02b44/screenshot - {}
RESULT: {"script":"<script> [1562 bytes]","args":[{"selector":{"controlType":"sap.m.Input","viewName":"etm.portal.ui.manageyards.view.New","viewId":"application-manageyards-display-component---NewYard","bindingPath":{"path":"","propertyPath":"/PLANT","modelName":"NewYardModel"},"interaction":{"idSuffix":"inner"}},"wdio_ui5_key":"etmportal.ui.manageyards.view.Newsap.m.Input{\"path\":\"\",\"propertyPath\":\"/PLANT\",\"modelName\":\"NewYardModel\"}"}]}
RESULT: undefined
COMMAND: POST /session/10503a4dac92bcb2538d37e21df02b44/execute/async - {"script":"<script> [776 bytes]","args":[{"enterText":"1001","selector":{"controlType":"sap.m.Input","viewName":"etm.portal.ui.manageyards.view.New","viewId":"application-manageyards-display-component---NewYard","bindingPath":{"path":"","propertyPath":"/PLANT","modelName":"NewYardModel"},"interaction":{"idSuffix":"inner"}},"clearTextFirst":true,"interactionType":"ENTER_TEXT"}]}
RESULT: {}
RESULT: {"script":"<script> [776 bytes]","args":[{"enterText":"1001","selector":{"controlType":"sap.m.Input","viewName":"etm.portal.ui.manageyards.view.New","viewId":"application-manageyards-display-component---NewYard","bindingPath":{"path":"","propertyPath":"/PLANT","modelName":"NewYardModel"},"interaction":{"idSuffix":"inner"}},"clearTextFirst":true,"interactionType":"ENTER_TEXT"}]}
COMMAND: POST /session/10503a4dac92bcb2538d37e21df02b44/execute/async - {"script":"<script> [1562 bytes]","args":[{"selector":{"controlType":"sap.m.Input","viewName":"etm.portal.ui.manageyards.view.New","viewId":"application-manageyards-display-component---NewYard","bindingPath":{"path":"","propertyPath":"/SALES_AREA_VKORG","modelName":"NewYardModel"},"interaction":{"idSuffix":"inner"}},"wdio_ui5_key":"etmportal.ui.manageyards.view.Newsap.m.Input{\"path\":\"\",\"propertyPath\":\"/SALES_AREA_VKORG\",\"modelName\":\"NewYardModel\"}"}]}
RESULT: {"script":"<script> [1562 bytes]","args":[{"selector":{"controlType":"sap.m.Input","viewName":"etm.portal.ui.manageyards.view.New","viewId":"application-manageyards-display-component---NewYard","bindingPath":{"path":"","propertyPath":"/SALES_AREA_VKORG","modelName":"NewYardModel"},"interaction":{"idSuffix":"inner"}},"wdio_ui5_key":"etmportal.ui.manageyards.view.Newsap.m.Input{\"path\":\"\",\"propertyPath\":\"/SALES_AREA_VKORG\",\"modelName\":\"NewYardModel\"}"}]}
RESULT: undefined
COMMAND: POST /session/10503a4dac92bcb2538d37e21df02b44/execute/async - {"script":"<script> [776 bytes]","args":[{"enterText":"C002","selector":{"controlType":"sap.m.Input","viewName":"etm.portal.ui.manageyards.view.New","viewId":"application-manageyards-display-component---NewYard","bindingPath":{"path":"","propertyPath":"/SALES_AREA_VKORG","modelName":"NewYardModel"},"interaction":{"idSuffix":"inner"}},"clearTextFirst":true,"interactionType":"ENTER_TEXT"}]}
RESULT: {"script":"<script> [776 bytes]","args":[{"enterText":"C002","selector":{"controlType":"sap.m.Input","viewName":"etm.portal.ui.manageyards.view.New","viewId":"application-manageyards-display-component---NewYard","bindingPath":{"path":"","propertyPath":"/SALES_AREA_VKORG","modelName":"NewYardModel"},"interaction":{"idSuffix":"inner"}},"clearTextFirst":true,"interactionType":"ENTER_TEXT"}]}
COMMAND: POST /session/10503a4dac92bcb2538d37e21df02b44/execute/async - {"script":"<script> [1562 bytes]","args":[{"selector":{"controlType":"sap.m.Input","viewName":"etm.portal.ui.manageyards.view.New","viewId":"application-manageyards-display-component---NewYard","bindingPath":{"path":"","propertyPath":"/SALES_AREA_VTWEG","modelName":"NewYardModel"},"interaction":{"idSuffix":"inner"}},"wdio_ui5_key":"etmportal.ui.manageyards.view.Newsap.m.Input{\"path\":\"\",\"propertyPath\":\"/SALES_AREA_VTWEG\",\"modelName\":\"NewYardModel\"}"}]}
RESULT: {"script":"<script> [1562 bytes]","args":[{"selector":{"controlType":"sap.m.Input","viewName":"etm.portal.ui.manageyards.view.New","viewId":"application-manageyards-display-component---NewYard","bindingPath":{"path":"","propertyPath":"/SALES_AREA_VTWEG","modelName":"NewYardModel"},"interaction":{"idSuffix":"inner"}},"wdio_ui5_key":"etmportal.ui.manageyards.view.Newsap.m.Input{\"path\":\"\",\"propertyPath\":\"/SALES_AREA_VTWEG\",\"modelName\":\"NewYardModel\"}"}]}
RESULT: undefined
COMMAND: POST /session/10503a4dac92bcb2538d37e21df02b44/execute/async - {"script":"<script> [776 bytes]","args":[{"enterText":"C2","selector":{"controlType":"sap.m.Input","viewName":"etm.portal.ui.manageyards.view.New","viewId":"application-manageyards-display-component---NewYard","bindingPath":{"path":"","propertyPath":"/SALES_AREA_VTWEG","modelName":"NewYardModel"},"interaction":{"idSuffix":"inner"}},"clearTextFirst":true,"interactionType":"ENTER_TEXT"}]}
RESULT: {"script":"<script> [776 bytes]","args":[{"enterText":"C2","selector":{"controlType":"sap.m.Input","viewName":"etm.portal.ui.manageyards.view.New","viewId":"application-manageyards-display-component---NewYard","bindingPath":{"path":"","propertyPath":"/SALES_AREA_VTWEG","modelName":"NewYardModel"},"interaction":{"idSuffix":"inner"}},"clearTextFirst":true,"interactionType":"ENTER_TEXT"}]}
COMMAND: POST /session/10503a4dac92bcb2538d37e21df02b44/execute/async - {"script":"<script> [1562 bytes]","args":[{"selector":{"controlType":"sap.m.Input","viewName":"etm.portal.ui.manageyards.view.New","viewId":"application-manageyards-display-component---NewYard","bindingPath":{"path":"","propertyPath":"/SALES_AREA_SPART","modelName":"NewYardModel"},"interaction":{"idSuffix":"inner"}},"wdio_ui5_key":"etmportal.ui.manageyards.view.Newsap.m.Input{\"path\":\"\",\"propertyPath\":\"/SALES_AREA_SPART\",\"modelName\":\"NewYardModel\"}"}]}
RESULT: {"script":"<script> [1562 bytes]","args":[{"selector":{"controlType":"sap.m.Input","viewName":"etm.portal.ui.manageyards.view.New","viewId":"application-manageyards-display-component---NewYard","bindingPath":{"path":"","propertyPath":"/SALES_AREA_SPART","modelName":"NewYardModel"},"interaction":{"idSuffix":"inner"}},"wdio_ui5_key":"etmportal.ui.manageyards.view.Newsap.m.Input{\"path\":\"\",\"propertyPath\":\"/SALES_AREA_SPART\",\"modelName\":\"NewYardModel\"}"}]}
RESULT: undefined
COMMAND: POST /session/10503a4dac92bcb2538d37e21df02b44/execute/async - {"script":"<script> [776 bytes]","args":[{"enterText":"C2","selector":{"controlType":"sap.m.Input","viewName":"etm.portal.ui.manageyards.view.New","viewId":"application-manageyards-display-component---NewYard","bindingPath":{"path":"","propertyPath":"/SALES_AREA_SPART","modelName":"NewYardModel"},"interaction":{"idSuffix":"inner"}},"clearTextFirst":true,"interactionType":"ENTER_TEXT"}]}
RESULT: {"script":"<script> [776 bytes]","args":[{"enterText":"C2","selector":{"controlType":"sap.m.Input","viewName":"etm.portal.ui.manageyards.view.New","viewId":"application-manageyards-display-component---NewYard","bindingPath":{"path":"","propertyPath":"/SALES_AREA_SPART","modelName":"NewYardModel"},"interaction":{"idSuffix":"inner"}},"clearTextFirst":true,"interactionType":"ENTER_TEXT"}]}
COMMAND: POST /session/10503a4dac92bcb2538d37e21df02b44/execute/async - {"script":"<script> [1562 bytes]","args":[{"selector":{"id":"application-manageyards-display-component---NewYard--whmCheckBox","interaction":{"idSuffix":"CbBg"}},"wdio_ui5_key":"applicationmanageyards-display-component---NewYard--whmCheckBox"}]}
RESULT: {"script":"<script> [1562 bytes]","args":[{"selector":{"id":"application-manageyards-display-component---NewYard--whmCheckBox","interaction":{"idSuffix":"CbBg"}},"wdio_ui5_key":"applicationmanageyards-display-component---NewYard--whmCheckBox"}]}
RESULT: undefined
COMMAND: POST /session/10503a4dac92bcb2538d37e21df02b44/element - {"using":"xpath","value":"//*[@id=\"application-manageyards-display-component---NewYard--whmCheckBox\"]"}
RESULT: {"using":"xpath","value":"//*[@id=\"application-manageyards-display-component---NewYard--whmCheckBox\"]"}
COMMAND: POST /session/10503a4dac92bcb2538d37e21df02b44/element/f.FDAF18A8ED6EACE6EA012090E3B5CAAE.d.0C2ECE570B9D3CA374A285387BC492A8.e.725/click - {}
RESULT: {}
COMMAND: POST /session/10503a4dac92bcb2538d37e21df02b44/execute/async - {"script":"<script> [1562 bytes]","args":[{"selector":{"controlType":"sap.m.Button","viewName":"etm.portal.ui.manageyards.view.New","viewId":"application-manageyards-display-component---NewYard","i18NText":{"propertyName":"text","key":"save"},"interaction":{"idSuffix":"inner"}},"wdio_ui5_key":"etmportal.ui.manageyards.view.Newsap.m.Button{\"propertyName\":\"text\",\"key\":\"save\"}"}]}
COMMAND: GET /session/10503a4dac92bcb2538d37e21df02b44/screenshot - {}
RESULT: {"script":"<script> [1562 bytes]","args":[{"selector":{"controlType":"sap.m.Button","viewName":"etm.portal.ui.manageyards.view.New","viewId":"application-manageyards-display-component---NewYard","i18NText":{"propertyName":"text","key":"save"},"interaction":{"idSuffix":"inner"}},"wdio_ui5_key":"etmportal.ui.manageyards.view.Newsap.m.Button{\"propertyName\":\"text\",\"key\":\"save\"}"}]}
RESULT: undefined
COMMAND: POST /session/10503a4dac92bcb2538d37e21df02b44/element - {"using":"xpath","value":"//*[@id=\"__button18\"]"}
RESULT: {}
RESULT: {"using":"xpath","value":"//*[@id=\"__button18\"]"}
COMMAND: POST /session/10503a4dac92bcb2538d37e21df02b44/element/f.FDAF18A8ED6EACE6EA012090E3B5CAAE.d.0C2ECE570B9D3CA374A285387BC492A8.e.676/click - {}
RESULT: {}
COMMAND: GET /session/10503a4dac92bcb2538d37e21df02b44/screenshot - {}
RESULT: {}
COMMAND: POST /session/10503a4dac92bcb2538d37e21df02b44/element - {"using":"xpath","value":"//header/div/div/div/div/div/div[2]/div/span"}
RESULT: {"using":"xpath","value":"//header/div/div/div/div/div/div[2]/div/span"}
COMMAND: GET /session/10503a4dac92bcb2538d37e21df02b44/element/f.FDAF18A8ED6EACE6EA012090E3B5CAAE.d.0C2ECE570B9D3CA374A285387BC492A8.e.918/text - {}
RESULT: {}
COMMAND: POST /session/10503a4dac92bcb2538d37e21df02b44/element - {"using":"xpath","value":"//header/div/div[2]/div[2]/span"}
RESULT: {"using":"xpath","value":"//header/div/div[2]/div[2]/span"}
COMMAND: GET /session/10503a4dac92bcb2538d37e21df02b44/element/f.FDAF18A8ED6EACE6EA012090E3B5CAAE.d.0C2ECE570B9D3CA374A285387BC492A8.e.919/text - {}
RESULT: {}
]]></system-out>
    </testcase>
    <testcase classname="chrome.135_0_7049_96.windows.Stock_increase_-_with_WHM_US125587" name="Should create new whm partner" time="104.216">
      <system-out><![CDATA[
COMMAND: POST /session/10503a4dac92bcb2538d37e21df02b44/element - {"using":"css selector","value":"#shell-header-logo"}
RESULT: {"using":"css selector","value":"#shell-header-logo"}
COMMAND: POST /session/10503a4dac92bcb2538d37e21df02b44/element/f.FDAF18A8ED6EACE6EA012090E3B5CAAE.d.0C2ECE570B9D3CA374A285387BC492A8.e.241/click - {}
RESULT: {}
COMMAND: GET /session/10503a4dac92bcb2538d37e21df02b44/screenshot - {}
RESULT: {}
COMMAND: POST /session/10503a4dac92bcb2538d37e21df02b44/execute/async - {"script":"<script> [1562 bytes]","args":[{"selector":{"controlType":"sap.m.GenericTile","properties":{"header":"Manage Partners"}},"wdio_ui5_key":"sapm.GenericTile{\"header\":\"Manage Partners\"}"}]}
RESULT: {"script":"<script> [1562 bytes]","args":[{"selector":{"controlType":"sap.m.GenericTile","properties":{"header":"Manage Partners"}},"wdio_ui5_key":"sapm.GenericTile{\"header\":\"Manage Partners\"}"}]}
RESULT: undefined
COMMAND: POST /session/10503a4dac92bcb2538d37e21df02b44/element - {"using":"xpath","value":"//*[@id=\"__tile38\"]"}
RESULT: {"using":"xpath","value":"//*[@id=\"__tile38\"]"}
COMMAND: POST /session/10503a4dac92bcb2538d37e21df02b44/element/f.FDAF18A8ED6EACE6EA012090E3B5CAAE.d.0C2ECE570B9D3CA374A285387BC492A8.e.921/click - {}
RESULT: {}
COMMAND: GET /session/10503a4dac92bcb2538d37e21df02b44/screenshot - {}
RESULT: {}
COMMAND: POST /session/10503a4dac92bcb2538d37e21df02b44/refresh - {}
RESULT: {}
COMMAND: GET /session/10503a4dac92bcb2538d37e21df02b44/screenshot - {}
RESULT: {}
COMMAND: POST /session/10503a4dac92bcb2538d37e21df02b44/refresh - {}
RESULT: {}
COMMAND: GET /session/10503a4dac92bcb2538d37e21df02b44/screenshot - {}
RESULT: {}
COMMAND: POST /session/10503a4dac92bcb2538d37e21df02b44/window/fullscreen - {}
RESULT: {}
COMMAND: POST /session/10503a4dac92bcb2538d37e21df02b44/execute/async - {"script":"<script> [189 bytes]","args":[]}
RESULT: {"script":"<script> [189 bytes]","args":[]}
COMMAND: POST /session/10503a4dac92bcb2538d37e21df02b44/execute/async - {"script":"<script> [123 bytes]","args":[]}
RESULT: {"script":"<script> [123 bytes]","args":[]}
COMMAND: POST /session/10503a4dac92bcb2538d37e21df02b44/timeouts - {"script":"<number>"}
RESULT: {"script":"<number>"}
COMMAND: GET /session/10503a4dac92bcb2538d37e21df02b44/timeouts - {}
RESULT: {}
RESULT: undefined
COMMAND: POST /session/10503a4dac92bcb2538d37e21df02b44/execute/async - {"script":"<script> [2676 bytes]","args":[]}
RESULT: {"script":"<script> [2676 bytes]","args":[]}
COMMAND: POST /session/10503a4dac92bcb2538d37e21df02b44/execute/async - {"script":"<script> [2342 bytes]","args":[{"protocol":"http","hostname":"0.0.0.0","path":"/","capabilities":{"browserName":"chrome","goog:chromeOptions":{"binary":"C:\\Program Files\\Google\\Chrome\\Application\\chrome.exe","args":["--start-maximized"]}},"logLevel":"warn","connectionRetryTimeout":120000,"connectionRetryCount":3,"logLevels":{},"enableDirectConnect":true,"strictSSL":true,"_":"65 more keys: [\"cacheDir\",\"port\",\"requestedCapabilities\",\"automationProtocol\",\"baseUrl\",\"waitforInterval\",\"waitforTimeout\",\"onReload\",\"beforeCommand\",\"afterCommand\",\"rootDir\",\"specs\",\"suites\",\"exclude\",\"groupLogsByTestSpec\",\"excludeDriverLogs\",\"bail\",\"framework\",\"reporters\",\"services\",\"maxInstances\",\"maxInstancesPerCapability\",\"injectGlobals\",\"filesToWatch\",\"execArgv\",\"runnerEnv\",\"runner\",\"shard\",\"specFileRetries\",\"specFileRetriesDelay\",\"specFileRetriesDeferred\",\"reporterSyncInterval\",\"reporterSyncTimeout\",\"cucumberFeaturesWithLineNumbers\",\"autoCompileOpts\",\"mochaOpts\",\"jasmineOpts\",\"cucumberOpts\",\"onPrepare\",\"onWorkerStart\",\"onWorkerEnd\",\"before\",\"beforeSession\",\"beforeSuite\",\"beforeHook\",\"beforeTest\",\"afterTest\",\"afterHook\",\"afterSuite\",\"afterSession\",\"after\",\"onComplete\",\"beforeAssertion\",\"afterAssertion\",\"beforeFeature\",\"beforeScenario\",\"beforeStep\",\"afterStep\",\"afterScenario\",\"afterFeature\",\"_\",\"suite\",\"$0\",\"ignoredWorkerServices\",\"wdi5\"]"}]}
RESULT: {"script":"<script> [2342 bytes]","args":[{"protocol":"http","hostname":"0.0.0.0","path":"/","capabilities":{"browserName":"chrome","goog:chromeOptions":{"binary":"C:\\Program Files\\Google\\Chrome\\Application\\chrome.exe","args":["--start-maximized"]}},"logLevel":"warn","connectionRetryTimeout":120000,"connectionRetryCount":3,"logLevels":{},"enableDirectConnect":true,"strictSSL":true,"_":"65 more keys: [\"cacheDir\",\"port\",\"requestedCapabilities\",\"automationProtocol\",\"baseUrl\",\"waitforInterval\",\"waitforTimeout\",\"onReload\",\"beforeCommand\",\"afterCommand\",\"rootDir\",\"specs\",\"suites\",\"exclude\",\"groupLogsByTestSpec\",\"excludeDriverLogs\",\"bail\",\"framework\",\"reporters\",\"services\",\"maxInstances\",\"maxInstancesPerCapability\",\"injectGlobals\",\"filesToWatch\",\"execArgv\",\"runnerEnv\",\"runner\",\"shard\",\"specFileRetries\",\"specFileRetriesDelay\",\"specFileRetriesDeferred\",\"reporterSyncInterval\",\"reporterSyncTimeout\",\"cucumberFeaturesWithLineNumbers\",\"autoCompileOpts\",\"mochaOpts\",\"jasmineOpts\",\"cucumberOpts\",\"onPrepare\",\"onWorkerStart\",\"onWorkerEnd\",\"before\",\"beforeSession\",\"beforeSuite\",\"beforeHook\",\"beforeTest\",\"afterTest\",\"afterHook\",\"afterSuite\",\"afterSession\",\"after\",\"onComplete\",\"beforeAssertion\",\"afterAssertion\",\"beforeFeature\",\"beforeScenario\",\"beforeStep\",\"afterStep\",\"afterScenario\",\"afterFeature\",\"_\",\"suite\",\"$0\",\"ignoredWorkerServices\",\"wdi5\"]"}]}
COMMAND: POST /session/10503a4dac92bcb2538d37e21df02b44/execute/async - {"script":"<script> [21126 bytes]","args":[35000]}
RESULT: {"script":"<script> [21126 bytes]","args":[35000]}
COMMAND: POST /session/10503a4dac92bcb2538d37e21df02b44/execute/async - {"script":"<script> [1562 bytes]","args":[{"selector":{"controlType":"sap.ui.core.Icon","viewName":"etm.portal.ui.managepartners.view.Master","viewId":"application-managepartners-display-component---masterPtm","properties":{"src":{"regex":{"source":"add"}}}},"wdio_ui5_key":"etmportal.ui.managepartners.view.Mastersap.ui.core.Icon{\"src\":{\"regex\":{\"source\":\"add\"}}}"}]}
RESULT: {"script":"<script> [1562 bytes]","args":[{"selector":{"controlType":"sap.ui.core.Icon","viewName":"etm.portal.ui.managepartners.view.Master","viewId":"application-managepartners-display-component---masterPtm","properties":{"src":{"regex":{"source":"add"}}}},"wdio_ui5_key":"etmportal.ui.managepartners.view.Mastersap.ui.core.Icon{\"src\":{\"regex\":{\"source\":\"add\"}}}"}]}
RESULT: undefined
COMMAND: POST /session/10503a4dac92bcb2538d37e21df02b44/element - {"using":"xpath","value":"//*[@id=\"__button2-img\"]"}
RESULT: {"using":"xpath","value":"//*[@id=\"__button2-img\"]"}
COMMAND: POST /session/10503a4dac92bcb2538d37e21df02b44/element/f.FDAF18A8ED6EACE6EA012090E3B5CAAE.d.45A428FA1D6717AC9EB41D923EF2C6D8.e.1319/click - {}
RESULT: {}
COMMAND: GET /session/10503a4dac92bcb2538d37e21df02b44/screenshot - {}
RESULT: {}
COMMAND: POST /session/10503a4dac92bcb2538d37e21df02b44/execute/async - {"script":"<script> [1562 bytes]","args":[{"selector":{"controlType":"sap.m.Title","viewName":"etm.portal.ui.managepartners.view.NewPartner","viewId":"application-managepartners-display-component---NewPartner","i18NText":{"propertyName":"text","key":"newPartner"},"interaction":{"idSuffix":"inner"}},"wdio_ui5_key":"etmportal.ui.managepartners.view.NewPartnersap.m.Title{\"propertyName\":\"text\",\"key\":\"newPartner\"}"}]}
RESULT: {"script":"<script> [1562 bytes]","args":[{"selector":{"controlType":"sap.m.Title","viewName":"etm.portal.ui.managepartners.view.NewPartner","viewId":"application-managepartners-display-component---NewPartner","i18NText":{"propertyName":"text","key":"newPartner"},"interaction":{"idSuffix":"inner"}},"wdio_ui5_key":"etmportal.ui.managepartners.view.NewPartnersap.m.Title{\"propertyName\":\"text\",\"key\":\"newPartner\"}"}]}
RESULT: undefined
COMMAND: POST /session/10503a4dac92bcb2538d37e21df02b44/execute/async - {"script":"<script> [6424 bytes]","args":[{"element-6066-11e4-a52e-4f735466cecf":"f.FDAF18A8ED6EACE6EA012090E3B5CAAE.d.45A428FA1D6717AC9EB41D923EF2C6D8.e.1931"},"getText",[]]}
RESULT: {"script":"<script> [6424 bytes]","args":[{"element-6066-11e4-a52e-4f735466cecf":"f.FDAF18A8ED6EACE6EA012090E3B5CAAE.d.45A428FA1D6717AC9EB41D923EF2C6D8.e.1931"},"getText",[]]}
COMMAND: POST /session/10503a4dac92bcb2538d37e21df02b44/execute/async - {"script":"<script> [1562 bytes]","args":[{"selector":{"id":"application-managepartners-display-component---NewPartner--partnerId","interaction":{"idSuffix":"inner"}},"wdio_ui5_key":"applicationmanagepartners-display-component---NewPartner--partnerId"}]}
RESULT: {"script":"<script> [1562 bytes]","args":[{"selector":{"id":"application-managepartners-display-component---NewPartner--partnerId","interaction":{"idSuffix":"inner"}},"wdio_ui5_key":"applicationmanagepartners-display-component---NewPartner--partnerId"}]}
RESULT: undefined
COMMAND: POST /session/10503a4dac92bcb2538d37e21df02b44/execute/async - {"script":"<script> [1562 bytes]","args":[{"selector":{"id":"application-managepartners-display-component---NewPartner--addressDetailDetailsName1","interaction":{"idSuffix":"inner"}},"wdio_ui5_key":"applicationmanagepartners-display-component---NewPartner--addressDetailDetailsName1"}]}
RESULT: {"script":"<script> [1562 bytes]","args":[{"selector":{"id":"application-managepartners-display-component---NewPartner--addressDetailDetailsName1","interaction":{"idSuffix":"inner"}},"wdio_ui5_key":"applicationmanagepartners-display-component---NewPartner--addressDetailDetailsName1"}]}
RESULT: undefined
COMMAND: POST /session/10503a4dac92bcb2538d37e21df02b44/execute/async - {"script":"<script> [776 bytes]","args":[{"enterText":"WebdriverWHMPartner5ow35","selector":{"id":"application-managepartners-display-component---NewPartner--addressDetailDetailsName1","interaction":{"idSuffix":"inner"}},"clearTextFirst":true,"interactionType":"ENTER_TEXT"}]}
RESULT: {"script":"<script> [776 bytes]","args":[{"enterText":"WebdriverWHMPartner5ow35","selector":{"id":"application-managepartners-display-component---NewPartner--addressDetailDetailsName1","interaction":{"idSuffix":"inner"}},"clearTextFirst":true,"interactionType":"ENTER_TEXT"}]}
COMMAND: POST /session/10503a4dac92bcb2538d37e21df02b44/execute/async - {"script":"<script> [1562 bytes]","args":[{"selector":{"id":"application-managepartners-display-component---NewPartner--addressDetailDetailsLanguage","interaction":{"idSuffix":"inner"}},"wdio_ui5_key":"applicationmanagepartners-display-component---NewPartner--addressDetailDetailsLanguage"}]}
RESULT: {"script":"<script> [1562 bytes]","args":[{"selector":{"id":"application-managepartners-display-component---NewPartner--addressDetailDetailsLanguage","interaction":{"idSuffix":"inner"}},"wdio_ui5_key":"applicationmanagepartners-display-component---NewPartner--addressDetailDetailsLanguage"}]}
RESULT: undefined
COMMAND: POST /session/10503a4dac92bcb2538d37e21df02b44/execute/async - {"script":"<script> [776 bytes]","args":[{"enterText":"Romanian","selector":{"id":"application-managepartners-display-component---NewPartner--addressDetailDetailsLanguage","interaction":{"idSuffix":"inner"}},"clearTextFirst":true,"interactionType":"ENTER_TEXT"}]}
RESULT: {"script":"<script> [776 bytes]","args":[{"enterText":"Romanian","selector":{"id":"application-managepartners-display-component---NewPartner--addressDetailDetailsLanguage","interaction":{"idSuffix":"inner"}},"clearTextFirst":true,"interactionType":"ENTER_TEXT"}]}
COMMAND: POST /session/10503a4dac92bcb2538d37e21df02b44/execute/async - {"script":"<script> [1562 bytes]","args":[{"selector":{"controlType":"sap.m.StandardListItem","viewName":"etm.portal.ui.managepartners.view.NewPartner","viewId":"application-managepartners-display-component---NewPartner","properties":{"type":"Active"},"searchOpenDialogs":true,"interaction":{"idSuffix":"content"}},"wdio_ui5_key":"etmportal.ui.managepartners.view.NewPartnersap.m.StandardListItem{\"type\":\"Active\"}"}]}
RESULT: {"script":"<script> [1562 bytes]","args":[{"selector":{"controlType":"sap.m.StandardListItem","viewName":"etm.portal.ui.managepartners.view.NewPartner","viewId":"application-managepartners-display-component---NewPartner","properties":{"type":"Active"},"searchOpenDialogs":true,"interaction":{"idSuffix":"content"}},"wdio_ui5_key":"etmportal.ui.managepartners.view.NewPartnersap.m.StandardListItem{\"type\":\"Active\"}"}]}
RESULT: undefined
COMMAND: POST /session/10503a4dac92bcb2538d37e21df02b44/element - {"using":"xpath","value":"//*[@id=\"__item131\"]"}
RESULT: {"using":"xpath","value":"//*[@id=\"__item131\"]"}
COMMAND: POST /session/10503a4dac92bcb2538d37e21df02b44/element/f.FDAF18A8ED6EACE6EA012090E3B5CAAE.d.45A428FA1D6717AC9EB41D923EF2C6D8.e.1935/click - {}
RESULT: {}
COMMAND: POST /session/10503a4dac92bcb2538d37e21df02b44/execute/async - {"script":"<script> [1562 bytes]","args":[{"selector":{"id":"application-managepartners-display-component---NewPartner--addressDetailDetailsCity1","interaction":{"idSuffix":"inner"}},"wdio_ui5_key":"applicationmanagepartners-display-component---NewPartner--addressDetailDetailsCity1"}]}
COMMAND: GET /session/10503a4dac92bcb2538d37e21df02b44/screenshot - {}
RESULT: {"script":"<script> [1562 bytes]","args":[{"selector":{"id":"application-managepartners-display-component---NewPartner--addressDetailDetailsCity1","interaction":{"idSuffix":"inner"}},"wdio_ui5_key":"applicationmanagepartners-display-component---NewPartner--addressDetailDetailsCity1"}]}
RESULT: undefined
COMMAND: POST /session/10503a4dac92bcb2538d37e21df02b44/execute/async - {"script":"<script> [776 bytes]","args":[{"enterText":"Cluj","selector":{"id":"application-managepartners-display-component---NewPartner--addressDetailDetailsCity1","interaction":{"idSuffix":"inner"}},"clearTextFirst":true,"interactionType":"ENTER_TEXT"}]}
RESULT: {}
RESULT: {"script":"<script> [776 bytes]","args":[{"enterText":"Cluj","selector":{"id":"application-managepartners-display-component---NewPartner--addressDetailDetailsCity1","interaction":{"idSuffix":"inner"}},"clearTextFirst":true,"interactionType":"ENTER_TEXT"}]}
COMMAND: POST /session/10503a4dac92bcb2538d37e21df02b44/execute/async - {"script":"<script> [1562 bytes]","args":[{"selector":{"id":"application-managepartners-display-component---NewPartner--addressDetailDetailsCountry","interaction":{"idSuffix":"inner"}},"wdio_ui5_key":"applicationmanagepartners-display-component---NewPartner--addressDetailDetailsCountry"}]}
RESULT: {"script":"<script> [1562 bytes]","args":[{"selector":{"id":"application-managepartners-display-component---NewPartner--addressDetailDetailsCountry","interaction":{"idSuffix":"inner"}},"wdio_ui5_key":"applicationmanagepartners-display-component---NewPartner--addressDetailDetailsCountry"}]}
RESULT: undefined
COMMAND: POST /session/10503a4dac92bcb2538d37e21df02b44/execute/async - {"script":"<script> [6424 bytes]","args":[{"element-6066-11e4-a52e-4f735466cecf":"f.FDAF18A8ED6EACE6EA012090E3B5CAAE.d.45A428FA1D6717AC9EB41D923EF2C6D8.e.1673"},"setValue",["Romania"]]}
RESULT: {"script":"<script> [6424 bytes]","args":[{"element-6066-11e4-a52e-4f735466cecf":"f.FDAF18A8ED6EACE6EA012090E3B5CAAE.d.45A428FA1D6717AC9EB41D923EF2C6D8.e.1673"},"setValue",["Romania"]]}
COMMAND: POST /session/10503a4dac92bcb2538d37e21df02b44/execute/async - {"script":"<script> [1562 bytes]","args":[{"selector":{"id":"application-managepartners-display-component---NewPartner--partnerDetailInternal","interaction":{"idSuffix":"inner"}},"wdio_ui5_key":"applicationmanagepartners-display-component---NewPartner--partnerDetailInternal"}]}
RESULT: {"script":"<script> [1562 bytes]","args":[{"selector":{"id":"application-managepartners-display-component---NewPartner--partnerDetailInternal","interaction":{"idSuffix":"inner"}},"wdio_ui5_key":"applicationmanagepartners-display-component---NewPartner--partnerDetailInternal"}]}
RESULT: undefined
COMMAND: POST /session/10503a4dac92bcb2538d37e21df02b44/execute/async - {"script":"<script> [776 bytes]","args":[{"enterText":"External partner","selector":{"id":"application-managepartners-display-component---NewPartner--partnerDetailInternal","interaction":{"idSuffix":"inner"}},"clearTextFirst":true,"interactionType":"ENTER_TEXT"}]}
RESULT: {"script":"<script> [776 bytes]","args":[{"enterText":"External partner","selector":{"id":"application-managepartners-display-component---NewPartner--partnerDetailInternal","interaction":{"idSuffix":"inner"}},"clearTextFirst":true,"interactionType":"ENTER_TEXT"}]}
COMMAND: POST /session/10503a4dac92bcb2538d37e21df02b44/execute/async - {"script":"<script> [1562 bytes]","args":[{"selector":{"id":"application-managepartners-display-component---NewPartner--partnerDetailsCurrency","interaction":{"idSuffix":"inner"}},"wdio_ui5_key":"applicationmanagepartners-display-component---NewPartner--partnerDetailsCurrency"}]}
RESULT: {"script":"<script> [1562 bytes]","args":[{"selector":{"id":"application-managepartners-display-component---NewPartner--partnerDetailsCurrency","interaction":{"idSuffix":"inner"}},"wdio_ui5_key":"applicationmanagepartners-display-component---NewPartner--partnerDetailsCurrency"}]}
RESULT: undefined
COMMAND: POST /session/10503a4dac92bcb2538d37e21df02b44/execute/async - {"script":"<script> [776 bytes]","args":[{"enterText":"Euro","selector":{"id":"application-managepartners-display-component---NewPartner--partnerDetailsCurrency","interaction":{"idSuffix":"inner"}},"clearTextFirst":true,"interactionType":"ENTER_TEXT"}]}
RESULT: {"script":"<script> [776 bytes]","args":[{"enterText":"Euro","selector":{"id":"application-managepartners-display-component---NewPartner--partnerDetailsCurrency","interaction":{"idSuffix":"inner"}},"clearTextFirst":true,"interactionType":"ENTER_TEXT"}]}
COMMAND: POST /session/10503a4dac92bcb2538d37e21df02b44/execute/async - {"script":"<script> [1562 bytes]","args":[{"selector":{"controlType":"sap.m.Button","viewName":"etm.portal.ui.managepartners.view.NewPartner","viewId":"application-managepartners-display-component---NewPartner","properties":{"text":"Commercial"},"interaction":{"idSuffix":"BDI-content"}},"wdio_ui5_key":"etmportal.ui.managepartners.view.NewPartnersap.m.Button{\"text\":\"Commercial\"}"}]}
RESULT: {"script":"<script> [1562 bytes]","args":[{"selector":{"controlType":"sap.m.Button","viewName":"etm.portal.ui.managepartners.view.NewPartner","viewId":"application-managepartners-display-component---NewPartner","properties":{"text":"Commercial"},"interaction":{"idSuffix":"BDI-content"}},"wdio_ui5_key":"etmportal.ui.managepartners.view.NewPartnersap.m.Button{\"text\":\"Commercial\"}"}]}
RESULT: undefined
COMMAND: POST /session/10503a4dac92bcb2538d37e21df02b44/element - {"using":"xpath","value":"//*[@id=\"application-managepartners-display-component---NewPartner--ObjectPageLayout-anchBar-__section5-anchor\"]"}
RESULT: {"using":"xpath","value":"//*[@id=\"application-managepartners-display-component---NewPartner--ObjectPageLayout-anchBar-__section5-anchor\"]"}
COMMAND: POST /session/10503a4dac92bcb2538d37e21df02b44/element/f.FDAF18A8ED6EACE6EA012090E3B5CAAE.d.45A428FA1D6717AC9EB41D923EF2C6D8.e.1941/click - {}
RESULT: {}
COMMAND: GET /session/10503a4dac92bcb2538d37e21df02b44/screenshot - {}
RESULT: {}
COMMAND: POST /session/10503a4dac92bcb2538d37e21df02b44/execute/async - {"script":"<script> [1562 bytes]","args":[{"selector":{"id":"application-managepartners-display-component---NewPartner--btnAddTableRow-img"},"wdio_ui5_key":"applicationmanagepartners-display-component---NewPartner--btnAddTableRow-img"}]}
RESULT: {"script":"<script> [1562 bytes]","args":[{"selector":{"id":"application-managepartners-display-component---NewPartner--btnAddTableRow-img"},"wdio_ui5_key":"applicationmanagepartners-display-component---NewPartner--btnAddTableRow-img"}]}
RESULT: undefined
COMMAND: POST /session/10503a4dac92bcb2538d37e21df02b44/element - {"using":"xpath","value":"//*[@id=\"application-managepartners-display-component---NewPartner--btnAddTableRow-img\"]"}
RESULT: {"using":"xpath","value":"//*[@id=\"application-managepartners-display-component---NewPartner--btnAddTableRow-img\"]"}
COMMAND: POST /session/10503a4dac92bcb2538d37e21df02b44/element/f.FDAF18A8ED6EACE6EA012090E3B5CAAE.d.45A428FA1D6717AC9EB41D923EF2C6D8.e.1946/click - {}
RESULT: {}
COMMAND: POST /session/10503a4dac92bcb2538d37e21df02b44/element - {"using":"xpath","value":"//input[contains(@id ,\"application-managepartners-display-component---NewPartner--assignmentYard-application-managepartners-display-component---NewPartner\")]"}
COMMAND: GET /session/10503a4dac92bcb2538d37e21df02b44/screenshot - {}
RESULT: {"using":"xpath","value":"//input[contains(@id ,\"application-managepartners-display-component---NewPartner--assignmentYard-application-managepartners-display-component---NewPartner\")]"}
COMMAND: POST /session/10503a4dac92bcb2538d37e21df02b44/elements - {"using":"xpath","value":"//input[contains(@id ,\"application-managepartners-display-component---NewPartner--assignmentYard-application-managepartners-display-component---NewPartner\")]"}
RESULT: {}
RESULT: {"using":"xpath","value":"//input[contains(@id ,\"application-managepartners-display-component---NewPartner--assignmentYard-application-managepartners-display-component---NewPartner\")]"}
COMMAND: POST /session/10503a4dac92bcb2538d37e21df02b44/element/f.FDAF18A8ED6EACE6EA012090E3B5CAAE.d.45A428FA1D6717AC9EB41D923EF2C6D8.e.1949/value - {"text":"525"}
RESULT: {"text":"525"}
COMMAND: GET /session/10503a4dac92bcb2538d37e21df02b44/screenshot - {}
RESULT: {}
COMMAND: POST /session/10503a4dac92bcb2538d37e21df02b44/actions - {"actions":[{"id":"action5","type":"key","parameters":{},"actions":[{"type":"keyDown","value":"î€‡"},{"type":"pause","duration":10},{"type":"keyUp","value":"î€‡"}]}]}
RESULT: {"actions":[{"id":"action5","type":"key","parameters":{},"actions":[{"type":"keyDown","value":"î€‡"},{"type":"pause","duration":10},{"type":"keyUp","value":"î€‡"}]}]}
COMMAND: POST /session/10503a4dac92bcb2538d37e21df02b44/execute/async - {"script":"<script> [1562 bytes]","args":[{"selector":{"controlType":"sap.m.Button","viewName":"etm.portal.ui.managepartners.view.NewPartner","viewId":"application-managepartners-display-component---NewPartner","i18NText":{"propertyName":"text","key":"save"},"interaction":{"idSuffix":"BDI-content"}},"wdio_ui5_key":"etmportal.ui.managepartners.view.NewPartnersap.m.Button{\"propertyName\":\"text\",\"key\":\"save\"}"}]}
COMMAND: GET /session/10503a4dac92bcb2538d37e21df02b44/screenshot - {}
RESULT: {"script":"<script> [1562 bytes]","args":[{"selector":{"controlType":"sap.m.Button","viewName":"etm.portal.ui.managepartners.view.NewPartner","viewId":"application-managepartners-display-component---NewPartner","i18NText":{"propertyName":"text","key":"save"},"interaction":{"idSuffix":"BDI-content"}},"wdio_ui5_key":"etmportal.ui.managepartners.view.NewPartnersap.m.Button{\"propertyName\":\"text\",\"key\":\"save\"}"}]}
RESULT: undefined
COMMAND: POST /session/10503a4dac92bcb2538d37e21df02b44/element - {"using":"xpath","value":"//*[@id=\"__button10\"]"}
RESULT: {}
RESULT: {"using":"xpath","value":"//*[@id=\"__button10\"]"}
COMMAND: POST /session/10503a4dac92bcb2538d37e21df02b44/element/f.FDAF18A8ED6EACE6EA012090E3B5CAAE.d.45A428FA1D6717AC9EB41D923EF2C6D8.e.1869/click - {}
RESULT: {}
COMMAND: GET /session/10503a4dac92bcb2538d37e21df02b44/screenshot - {}
RESULT: {}
COMMAND: POST /session/10503a4dac92bcb2538d37e21df02b44/element - {"using":"xpath","value":"//header/div/div[2]/div[2]/span"}
RESULT: {"using":"xpath","value":"//header/div/div[2]/div[2]/span"}
COMMAND: POST /session/10503a4dac92bcb2538d37e21df02b44/elements - {"using":"xpath","value":"//header/div/div[2]/div[2]/span"}
RESULT: {"using":"xpath","value":"//header/div/div[2]/div[2]/span"}
COMMAND: POST /session/10503a4dac92bcb2538d37e21df02b44/execute/sync - {"script":"<script> [8489 bytes]","args":[{"element-6066-11e4-a52e-4f735466cecf":"f.FDAF18A8ED6EACE6EA012090E3B5CAAE.d.45A428FA1D6717AC9EB41D923EF2C6D8.e.2120","ELEMENT":"f.FDAF18A8ED6EACE6EA012090E3B5CAAE.d.45A428FA1D6717AC9EB41D923EF2C6D8.e.2120"}]}
RESULT: {"script":"<script> [8489 bytes]","args":[{"element-6066-11e4-a52e-4f735466cecf":"f.FDAF18A8ED6EACE6EA012090E3B5CAAE.d.45A428FA1D6717AC9EB41D923EF2C6D8.e.2120","ELEMENT":"f.FDAF18A8ED6EACE6EA012090E3B5CAAE.d.45A428FA1D6717AC9EB41D923EF2C6D8.e.2120"}]}
COMMAND: GET /session/10503a4dac92bcb2538d37e21df02b44/element/f.FDAF18A8ED6EACE6EA012090E3B5CAAE.d.45A428FA1D6717AC9EB41D923EF2C6D8.e.2120/text - {}
COMMAND: GET /session/10503a4dac92bcb2538d37e21df02b44/screenshot - {}
RESULT: {}
COMMAND: POST /session/10503a4dac92bcb2538d37e21df02b44/element - {"using":"xpath","value":"//header/div/div/div/div/div/div[2]/div/span"}
RESULT: {}
RESULT: {"using":"xpath","value":"//header/div/div/div/div/div/div[2]/div/span"}
COMMAND: POST /session/10503a4dac92bcb2538d37e21df02b44/elements - {"using":"xpath","value":"//header/div/div/div/div/div/div[2]/div/span"}
RESULT: {"using":"xpath","value":"//header/div/div/div/div/div/div[2]/div/span"}
COMMAND: POST /session/10503a4dac92bcb2538d37e21df02b44/execute/sync - {"script":"<script> [8489 bytes]","args":[{"element-6066-11e4-a52e-4f735466cecf":"f.FDAF18A8ED6EACE6EA012090E3B5CAAE.d.45A428FA1D6717AC9EB41D923EF2C6D8.e.2121","ELEMENT":"f.FDAF18A8ED6EACE6EA012090E3B5CAAE.d.45A428FA1D6717AC9EB41D923EF2C6D8.e.2121"}]}
RESULT: {"script":"<script> [8489 bytes]","args":[{"element-6066-11e4-a52e-4f735466cecf":"f.FDAF18A8ED6EACE6EA012090E3B5CAAE.d.45A428FA1D6717AC9EB41D923EF2C6D8.e.2121","ELEMENT":"f.FDAF18A8ED6EACE6EA012090E3B5CAAE.d.45A428FA1D6717AC9EB41D923EF2C6D8.e.2121"}]}
COMMAND: GET /session/10503a4dac92bcb2538d37e21df02b44/element/f.FDAF18A8ED6EACE6EA012090E3B5CAAE.d.45A428FA1D6717AC9EB41D923EF2C6D8.e.2121/text - {}
COMMAND: GET /session/10503a4dac92bcb2538d37e21df02b44/screenshot - {}
RESULT: {}
]]></system-out>
    </testcase>
    <testcase classname="chrome.135_0_7049_96.windows.Stock_increase_-_with_WHM_US125587" name="Should create WHM site" time="81.597">
      <system-out><![CDATA[
COMMAND: POST /session/10503a4dac92bcb2538d37e21df02b44/element - {"using":"css selector","value":"#shell-header-logo"}
RESULT: {}
RESULT: {"using":"css selector","value":"#shell-header-logo"}
COMMAND: POST /session/10503a4dac92bcb2538d37e21df02b44/element/f.FDAF18A8ED6EACE6EA012090E3B5CAAE.d.45A428FA1D6717AC9EB41D923EF2C6D8.e.1273/click - {}
RESULT: {}
COMMAND: GET /session/10503a4dac92bcb2538d37e21df02b44/screenshot - {}
RESULT: {}
COMMAND: POST /session/10503a4dac92bcb2538d37e21df02b44/execute/async - {"script":"<script> [1562 bytes]","args":[{"selector":{"controlType":"sap.m.GenericTile","properties":{"header":"Manage Sites"}},"wdio_ui5_key":"sapm.GenericTile{\"header\":\"Manage Sites\"}"}]}
RESULT: {"script":"<script> [1562 bytes]","args":[{"selector":{"controlType":"sap.m.GenericTile","properties":{"header":"Manage Sites"}},"wdio_ui5_key":"sapm.GenericTile{\"header\":\"Manage Sites\"}"}]}
RESULT: undefined
COMMAND: POST /session/10503a4dac92bcb2538d37e21df02b44/element - {"using":"xpath","value":"//*[@id=\"__tile51\"]"}
RESULT: {"using":"xpath","value":"//*[@id=\"__tile51\"]"}
COMMAND: POST /session/10503a4dac92bcb2538d37e21df02b44/element/f.FDAF18A8ED6EACE6EA012090E3B5CAAE.d.45A428FA1D6717AC9EB41D923EF2C6D8.e.2139/click - {}
RESULT: {}
COMMAND: GET /session/10503a4dac92bcb2538d37e21df02b44/screenshot - {}
RESULT: {}
COMMAND: POST /session/10503a4dac92bcb2538d37e21df02b44/execute/async - {"script":"<script> [1562 bytes]","args":[{"selector":{"controlType":"sap.ui.core.Icon","viewName":"etm.portal.ui.managesites.view.Master","viewId":"application-managesites-display-component---masterSite","properties":{"src":{"regex":{"source":"add"}}}},"wdio_ui5_key":"etmportal.ui.managesites.view.Mastersap.ui.core.Icon{\"src\":{\"regex\":{\"source\":\"add\"}}}"}]}
RESULT: {"script":"<script> [1562 bytes]","args":[{"selector":{"controlType":"sap.ui.core.Icon","viewName":"etm.portal.ui.managesites.view.Master","viewId":"application-managesites-display-component---masterSite","properties":{"src":{"regex":{"source":"add"}}}},"wdio_ui5_key":"etmportal.ui.managesites.view.Mastersap.ui.core.Icon{\"src\":{\"regex\":{\"source\":\"add\"}}}"}]}
RESULT: undefined
COMMAND: POST /session/10503a4dac92bcb2538d37e21df02b44/element - {"using":"xpath","value":"//*[@id=\"__button52-img\"]"}
RESULT: {"using":"xpath","value":"//*[@id=\"__button52-img\"]"}
COMMAND: POST /session/10503a4dac92bcb2538d37e21df02b44/element/f.FDAF18A8ED6EACE6EA012090E3B5CAAE.d.45A428FA1D6717AC9EB41D923EF2C6D8.e.2186/click - {}
RESULT: {}
COMMAND: GET /session/10503a4dac92bcb2538d37e21df02b44/screenshot - {}
RESULT: {}
COMMAND: POST /session/10503a4dac92bcb2538d37e21df02b44/execute/async - {"script":"<script> [1562 bytes]","args":[{"selector":{"id":"application-managesites-display-component---NewSite--siteId","interaction":{"idSuffix":"inner"}},"wdio_ui5_key":"applicationmanagesites-display-component---NewSite--siteId"}]}
RESULT: {"script":"<script> [1562 bytes]","args":[{"selector":{"id":"application-managesites-display-component---NewSite--siteId","interaction":{"idSuffix":"inner"}},"wdio_ui5_key":"applicationmanagesites-display-component---NewSite--siteId"}]}
RESULT: undefined
COMMAND: POST /session/10503a4dac92bcb2538d37e21df02b44/execute/async - {"script":"<script> [1562 bytes]","args":[{"selector":{"controlType":"sap.m.Button","viewName":"etm.portal.ui.managesites.view.NewSmartSite","viewId":"application-managesites-display-component---NewSite","properties":{"text":"General Information"},"interaction":{"idSuffix":"BDI-content"}},"wdio_ui5_key":"etmportal.ui.managesites.view.NewSmartSitesap.m.Button{\"text\":\"General Information\"}"}]}
RESULT: {"script":"<script> [1562 bytes]","args":[{"selector":{"controlType":"sap.m.Button","viewName":"etm.portal.ui.managesites.view.NewSmartSite","viewId":"application-managesites-display-component---NewSite","properties":{"text":"General Information"},"interaction":{"idSuffix":"BDI-content"}},"wdio_ui5_key":"etmportal.ui.managesites.view.NewSmartSitesap.m.Button{\"text\":\"General Information\"}"}]}
RESULT: undefined
COMMAND: POST /session/10503a4dac92bcb2538d37e21df02b44/element - {"using":"xpath","value":"//*[@id=\"application-managesites-display-component---NewSite--ObjectPageLayout-anchBar-__section29-anchor\"]"}
RESULT: {"using":"xpath","value":"//*[@id=\"application-managesites-display-component---NewSite--ObjectPageLayout-anchBar-__section29-anchor\"]"}
COMMAND: POST /session/10503a4dac92bcb2538d37e21df02b44/element/f.FDAF18A8ED6EACE6EA012090E3B5CAAE.d.45A428FA1D6717AC9EB41D923EF2C6D8.e.2821/click - {}
RESULT: {}
COMMAND: POST /session/10503a4dac92bcb2538d37e21df02b44/execute/async - {"script":"<script> [1562 bytes]","args":[{"selector":{"id":"application-managesites-display-component---NewSite--addressDetailDetailsName1","interaction":{"idSuffix":"inner"}},"wdio_ui5_key":"applicationmanagesites-display-component---NewSite--addressDetailDetailsName1"}]}
COMMAND: GET /session/10503a4dac92bcb2538d37e21df02b44/screenshot - {}
RESULT: {"script":"<script> [1562 bytes]","args":[{"selector":{"id":"application-managesites-display-component---NewSite--addressDetailDetailsName1","interaction":{"idSuffix":"inner"}},"wdio_ui5_key":"applicationmanagesites-display-component---NewSite--addressDetailDetailsName1"}]}
RESULT: undefined
COMMAND: POST /session/10503a4dac92bcb2538d37e21df02b44/execute/async - {"script":"<script> [776 bytes]","args":[{"enterText":"WebdriverWHMSite5ow35","selector":{"id":"application-managesites-display-component---NewSite--addressDetailDetailsName1","interaction":{"idSuffix":"inner"}},"clearTextFirst":true,"interactionType":"ENTER_TEXT"}]}
RESULT: {}
RESULT: {"script":"<script> [776 bytes]","args":[{"enterText":"WebdriverWHMSite5ow35","selector":{"id":"application-managesites-display-component---NewSite--addressDetailDetailsName1","interaction":{"idSuffix":"inner"}},"clearTextFirst":true,"interactionType":"ENTER_TEXT"}]}
COMMAND: POST /session/10503a4dac92bcb2538d37e21df02b44/execute/async - {"script":"<script> [1562 bytes]","args":[{"selector":{"id":"application-managesites-display-component---NewSite--addressDetailDetailsLanguage","interaction":{"idSuffix":"inner"}},"wdio_ui5_key":"applicationmanagesites-display-component---NewSite--addressDetailDetailsLanguage"}]}
RESULT: {"script":"<script> [1562 bytes]","args":[{"selector":{"id":"application-managesites-display-component---NewSite--addressDetailDetailsLanguage","interaction":{"idSuffix":"inner"}},"wdio_ui5_key":"applicationmanagesites-display-component---NewSite--addressDetailDetailsLanguage"}]}
RESULT: undefined
COMMAND: POST /session/10503a4dac92bcb2538d37e21df02b44/execute/async - {"script":"<script> [776 bytes]","args":[{"enterText":"Romanian","selector":{"id":"application-managesites-display-component---NewSite--addressDetailDetailsLanguage","interaction":{"idSuffix":"inner"}},"clearTextFirst":true,"interactionType":"ENTER_TEXT"}]}
RESULT: {"script":"<script> [776 bytes]","args":[{"enterText":"Romanian","selector":{"id":"application-managesites-display-component---NewSite--addressDetailDetailsLanguage","interaction":{"idSuffix":"inner"}},"clearTextFirst":true,"interactionType":"ENTER_TEXT"}]}
COMMAND: POST /session/10503a4dac92bcb2538d37e21df02b44/actions - {"actions":[{"id":"action6","type":"key","parameters":{},"actions":[{"type":"keyDown","value":"î€‡"},{"type":"pause","duration":10},{"type":"keyUp","value":"î€‡"}]}]}
RESULT: {"actions":[{"id":"action6","type":"key","parameters":{},"actions":[{"type":"keyDown","value":"î€‡"},{"type":"pause","duration":10},{"type":"keyUp","value":"î€‡"}]}]}
COMMAND: POST /session/10503a4dac92bcb2538d37e21df02b44/execute/async - {"script":"<script> [1562 bytes]","args":[{"selector":{"id":"application-managesites-display-component---NewSite--addressDetailDetailsCity1","interaction":{"idSuffix":"inner"}},"wdio_ui5_key":"applicationmanagesites-display-component---NewSite--addressDetailDetailsCity1"}]}
COMMAND: GET /session/10503a4dac92bcb2538d37e21df02b44/screenshot - {}
RESULT: {"script":"<script> [1562 bytes]","args":[{"selector":{"id":"application-managesites-display-component---NewSite--addressDetailDetailsCity1","interaction":{"idSuffix":"inner"}},"wdio_ui5_key":"applicationmanagesites-display-component---NewSite--addressDetailDetailsCity1"}]}
RESULT: undefined
COMMAND: POST /session/10503a4dac92bcb2538d37e21df02b44/execute/async - {"script":"<script> [776 bytes]","args":[{"enterText":"Bucharest","selector":{"id":"application-managesites-display-component---NewSite--addressDetailDetailsCity1","interaction":{"idSuffix":"inner"}},"clearTextFirst":true,"interactionType":"ENTER_TEXT"}]}
RESULT: {}
RESULT: {"script":"<script> [776 bytes]","args":[{"enterText":"Bucharest","selector":{"id":"application-managesites-display-component---NewSite--addressDetailDetailsCity1","interaction":{"idSuffix":"inner"}},"clearTextFirst":true,"interactionType":"ENTER_TEXT"}]}
COMMAND: POST /session/10503a4dac92bcb2538d37e21df02b44/actions - {"actions":[{"id":"action7","type":"key","parameters":{},"actions":[{"type":"keyDown","value":"î€‡"},{"type":"pause","duration":10},{"type":"keyUp","value":"î€‡"}]}]}
RESULT: {"actions":[{"id":"action7","type":"key","parameters":{},"actions":[{"type":"keyDown","value":"î€‡"},{"type":"pause","duration":10},{"type":"keyUp","value":"î€‡"}]}]}
COMMAND: POST /session/10503a4dac92bcb2538d37e21df02b44/execute/async - {"script":"<script> [1562 bytes]","args":[{"selector":{"id":"application-managesites-display-component---NewSite--addressDetailDetailsCountry","interaction":{"idSuffix":"inner"}},"wdio_ui5_key":"applicationmanagesites-display-component---NewSite--addressDetailDetailsCountry"}]}
COMMAND: GET /session/10503a4dac92bcb2538d37e21df02b44/screenshot - {}
RESULT: {"script":"<script> [1562 bytes]","args":[{"selector":{"id":"application-managesites-display-component---NewSite--addressDetailDetailsCountry","interaction":{"idSuffix":"inner"}},"wdio_ui5_key":"applicationmanagesites-display-component---NewSite--addressDetailDetailsCountry"}]}
RESULT: undefined
COMMAND: POST /session/10503a4dac92bcb2538d37e21df02b44/execute/async - {"script":"<script> [6424 bytes]","args":[{"element-6066-11e4-a52e-4f735466cecf":"f.FDAF18A8ED6EACE6EA012090E3B5CAAE.d.45A428FA1D6717AC9EB41D923EF2C6D8.e.2609"},"setValue",["Romania"]]}
RESULT: {}
RESULT: {"script":"<script> [6424 bytes]","args":[{"element-6066-11e4-a52e-4f735466cecf":"f.FDAF18A8ED6EACE6EA012090E3B5CAAE.d.45A428FA1D6717AC9EB41D923EF2C6D8.e.2609"},"setValue",["Romania"]]}
COMMAND: POST /session/10503a4dac92bcb2538d37e21df02b44/actions - {"actions":[{"id":"action8","type":"key","parameters":{},"actions":[{"type":"keyDown","value":"î€‡"},{"type":"pause","duration":10},{"type":"keyUp","value":"î€‡"}]}]}
RESULT: {"actions":[{"id":"action8","type":"key","parameters":{},"actions":[{"type":"keyDown","value":"î€‡"},{"type":"pause","duration":10},{"type":"keyUp","value":"î€‡"}]}]}
COMMAND: POST /session/10503a4dac92bcb2538d37e21df02b44/execute/async - {"script":"<script> [1562 bytes]","args":[{"selector":{"id":"application-managesites-display-component---NewSite--addressDetailDetailsCalendar","interaction":{"idSuffix":"inner"}},"wdio_ui5_key":"applicationmanagesites-display-component---NewSite--addressDetailDetailsCalendar"}]}
COMMAND: GET /session/10503a4dac92bcb2538d37e21df02b44/screenshot - {}
RESULT: {"script":"<script> [1562 bytes]","args":[{"selector":{"id":"application-managesites-display-component---NewSite--addressDetailDetailsCalendar","interaction":{"idSuffix":"inner"}},"wdio_ui5_key":"applicationmanagesites-display-component---NewSite--addressDetailDetailsCalendar"}]}
RESULT: undefined
COMMAND: POST /session/10503a4dac92bcb2538d37e21df02b44/execute/async - {"script":"<script> [776 bytes]","args":[{"enterText":"Germany","selector":{"id":"application-managesites-display-component---NewSite--addressDetailDetailsCalendar","interaction":{"idSuffix":"inner"}},"clearTextFirst":true,"interactionType":"ENTER_TEXT"}]}
RESULT: {}
RESULT: {"script":"<script> [776 bytes]","args":[{"enterText":"Germany","selector":{"id":"application-managesites-display-component---NewSite--addressDetailDetailsCalendar","interaction":{"idSuffix":"inner"}},"clearTextFirst":true,"interactionType":"ENTER_TEXT"}]}
COMMAND: POST /session/10503a4dac92bcb2538d37e21df02b44/actions - {"actions":[{"id":"action9","type":"key","parameters":{},"actions":[{"type":"keyDown","value":"î€‡"},{"type":"pause","duration":10},{"type":"keyUp","value":"î€‡"}]}]}
RESULT: {"actions":[{"id":"action9","type":"key","parameters":{},"actions":[{"type":"keyDown","value":"î€‡"},{"type":"pause","duration":10},{"type":"keyUp","value":"î€‡"}]}]}
COMMAND: POST /session/10503a4dac92bcb2538d37e21df02b44/execute/async - {"script":"<script> [1562 bytes]","args":[{"selector":{"id":"application-managesites-display-component---NewSite--addressEditDetailsCostObjectCstType","interaction":{"idSuffix":"inner"}},"wdio_ui5_key":"applicationmanagesites-display-component---NewSite--addressEditDetailsCostObjectCstType"}]}
COMMAND: GET /session/10503a4dac92bcb2538d37e21df02b44/screenshot - {}
RESULT: {"script":"<script> [1562 bytes]","args":[{"selector":{"id":"application-managesites-display-component---NewSite--addressEditDetailsCostObjectCstType","interaction":{"idSuffix":"inner"}},"wdio_ui5_key":"applicationmanagesites-display-component---NewSite--addressEditDetailsCostObjectCstType"}]}
RESULT: undefined
COMMAND: POST /session/10503a4dac92bcb2538d37e21df02b44/execute/async - {"script":"<script> [776 bytes]","args":[{"enterText":"Cost","selector":{"id":"application-managesites-display-component---NewSite--addressEditDetailsCostObjectCstType","interaction":{"idSuffix":"inner"}},"clearTextFirst":true,"interactionType":"ENTER_TEXT"}]}
RESULT: {}
RESULT: {"script":"<script> [776 bytes]","args":[{"enterText":"Cost","selector":{"id":"application-managesites-display-component---NewSite--addressEditDetailsCostObjectCstType","interaction":{"idSuffix":"inner"}},"clearTextFirst":true,"interactionType":"ENTER_TEXT"}]}
COMMAND: POST /session/10503a4dac92bcb2538d37e21df02b44/actions - {"actions":[{"id":"action10","type":"key","parameters":{},"actions":[{"type":"keyDown","value":"î€‡"},{"type":"pause","duration":10},{"type":"keyUp","value":"î€‡"}]}]}
RESULT: {"actions":[{"id":"action10","type":"key","parameters":{},"actions":[{"type":"keyDown","value":"î€‡"},{"type":"pause","duration":10},{"type":"keyUp","value":"î€‡"}]}]}
COMMAND: POST /session/10503a4dac92bcb2538d37e21df02b44/execute/async - {"script":"<script> [1562 bytes]","args":[{"selector":{"id":"application-managesites-display-component---NewSite--addressNewCostObjectCstID","interaction":{"idSuffix":"inner"}},"wdio_ui5_key":"applicationmanagesites-display-component---NewSite--addressNewCostObjectCstID"}]}
COMMAND: GET /session/10503a4dac92bcb2538d37e21df02b44/screenshot - {}
RESULT: {"script":"<script> [1562 bytes]","args":[{"selector":{"id":"application-managesites-display-component---NewSite--addressNewCostObjectCstID","interaction":{"idSuffix":"inner"}},"wdio_ui5_key":"applicationmanagesites-display-component---NewSite--addressNewCostObjectCstID"}]}
RESULT: undefined
COMMAND: POST /session/10503a4dac92bcb2538d37e21df02b44/execute/async - {"script":"<script> [776 bytes]","args":[{"enterText":"1001","selector":{"id":"application-managesites-display-component---NewSite--addressNewCostObjectCstID","interaction":{"idSuffix":"inner"}},"clearTextFirst":true,"interactionType":"ENTER_TEXT"}]}
RESULT: {}
RESULT: {"script":"<script> [776 bytes]","args":[{"enterText":"1001","selector":{"id":"application-managesites-display-component---NewSite--addressNewCostObjectCstID","interaction":{"idSuffix":"inner"}},"clearTextFirst":true,"interactionType":"ENTER_TEXT"}]}
COMMAND: POST /session/10503a4dac92bcb2538d37e21df02b44/actions - {"actions":[{"id":"action11","type":"key","parameters":{},"actions":[{"type":"keyDown","value":"î€‡"},{"type":"pause","duration":10},{"type":"keyUp","value":"î€‡"}]}]}
RESULT: {"actions":[{"id":"action11","type":"key","parameters":{},"actions":[{"type":"keyDown","value":"î€‡"},{"type":"pause","duration":10},{"type":"keyUp","value":"î€‡"}]}]}
COMMAND: POST /session/10503a4dac92bcb2538d37e21df02b44/element - {"using":"xpath","value":"//input[@id=\"application-managesites-display-component---NewSite--addressDetailDetailsYard-inner\"]"}
COMMAND: GET /session/10503a4dac92bcb2538d37e21df02b44/screenshot - {}
RESULT: {"using":"xpath","value":"//input[@id=\"application-managesites-display-component---NewSite--addressDetailDetailsYard-inner\"]"}
COMMAND: POST /session/10503a4dac92bcb2538d37e21df02b44/element/f.FDAF18A8ED6EACE6EA012090E3B5CAAE.d.45A428FA1D6717AC9EB41D923EF2C6D8.e.2620/value - {"text":"525"}
RESULT: {}
RESULT: {"text":"525"}
COMMAND: GET /session/10503a4dac92bcb2538d37e21df02b44/screenshot - {}
RESULT: {}
COMMAND: POST /session/10503a4dac92bcb2538d37e21df02b44/actions - {"actions":[{"id":"action12","type":"key","parameters":{},"actions":[{"type":"keyDown","value":"î€‡"},{"type":"pause","duration":10},{"type":"keyUp","value":"î€‡"}]}]}
RESULT: {"actions":[{"id":"action12","type":"key","parameters":{},"actions":[{"type":"keyDown","value":"î€‡"},{"type":"pause","duration":10},{"type":"keyUp","value":"î€‡"}]}]}
COMMAND: GET /session/10503a4dac92bcb2538d37e21df02b44/screenshot - {}
RESULT: {}
COMMAND: POST /session/10503a4dac92bcb2538d37e21df02b44/element - {"using":"xpath","value":"//input[@id=\"application-managesites-display-component---NewSite--addressDetailDetailsPartner-inner\"]"}
RESULT: {"using":"xpath","value":"//input[@id=\"application-managesites-display-component---NewSite--addressDetailDetailsPartner-inner\"]"}
COMMAND: POST /session/10503a4dac92bcb2538d37e21df02b44/elements - {"using":"xpath","value":"//input[@id=\"application-managesites-display-component---NewSite--addressDetailDetailsPartner-inner\"]"}
RESULT: {"using":"xpath","value":"//input[@id=\"application-managesites-display-component---NewSite--addressDetailDetailsPartner-inner\"]"}
COMMAND: POST /session/10503a4dac92bcb2538d37e21df02b44/execute/async - {"script":"<script> [1562 bytes]","args":[{"selector":{"controlType":"sap.m.Button","viewName":"etm.portal.ui.managesites.view.NewSmartSite","viewId":"application-managesites-display-component---NewSite","properties":{"text":"Commercial"},"interaction":{"idSuffix":"BDI-content"}},"wdio_ui5_key":"etmportal.ui.managesites.view.NewSmartSitesap.m.Button{\"text\":\"Commercial\"}"}]}
RESULT: {"script":"<script> [1562 bytes]","args":[{"selector":{"controlType":"sap.m.Button","viewName":"etm.portal.ui.managesites.view.NewSmartSite","viewId":"application-managesites-display-component---NewSite","properties":{"text":"Commercial"},"interaction":{"idSuffix":"BDI-content"}},"wdio_ui5_key":"etmportal.ui.managesites.view.NewSmartSitesap.m.Button{\"text\":\"Commercial\"}"}]}
RESULT: undefined
COMMAND: POST /session/10503a4dac92bcb2538d37e21df02b44/element - {"using":"xpath","value":"//*[@id=\"application-managesites-display-component---NewSite--ObjectPageLayout-anchBar-__section31-anchor\"]"}
RESULT: {"using":"xpath","value":"//*[@id=\"application-managesites-display-component---NewSite--ObjectPageLayout-anchBar-__section31-anchor\"]"}
COMMAND: POST /session/10503a4dac92bcb2538d37e21df02b44/element/f.FDAF18A8ED6EACE6EA012090E3B5CAAE.d.45A428FA1D6717AC9EB41D923EF2C6D8.e.2833/click - {}
RESULT: {}
COMMAND: POST /session/10503a4dac92bcb2538d37e21df02b44/execute/async - {"script":"<script> [1562 bytes]","args":[{"selector":{"id":"application-managesites-display-component---NewSite--siteWhmCheckBox-label","interaction":{"idSuffix":"bdi"}},"wdio_ui5_key":"applicationmanagesites-display-component---NewSite--siteWhmCheckBox-label"}]}
COMMAND: GET /session/10503a4dac92bcb2538d37e21df02b44/screenshot - {}
RESULT: {"script":"<script> [1562 bytes]","args":[{"selector":{"id":"application-managesites-display-component---NewSite--siteWhmCheckBox-label","interaction":{"idSuffix":"bdi"}},"wdio_ui5_key":"applicationmanagesites-display-component---NewSite--siteWhmCheckBox-label"}]}
RESULT: undefined
COMMAND: POST /session/10503a4dac92bcb2538d37e21df02b44/element - {"using":"xpath","value":"//*[@id=\"application-managesites-display-component---NewSite--siteWhmCheckBox-label\"]"}
RESULT: {}
RESULT: {"using":"xpath","value":"//*[@id=\"application-managesites-display-component---NewSite--siteWhmCheckBox-label\"]"}
COMMAND: POST /session/10503a4dac92bcb2538d37e21df02b44/element/f.FDAF18A8ED6EACE6EA012090E3B5CAAE.d.45A428FA1D6717AC9EB41D923EF2C6D8.e.2854/click - {}
RESULT: {}
COMMAND: POST /session/10503a4dac92bcb2538d37e21df02b44/execute/async - {"script":"<script> [1562 bytes]","args":[{"selector":{"controlType":"sap.m.Button","viewName":"etm.portal.ui.managesites.view.NewSmartSite","viewId":"application-managesites-display-component---NewSite","i18NText":{"propertyName":"text","key":"save"},"interaction":{"idSuffix":"BDI-content"}},"wdio_ui5_key":"etmportal.ui.managesites.view.NewSmartSitesap.m.Button{\"propertyName\":\"text\",\"key\":\"save\"}"}]}
COMMAND: GET /session/10503a4dac92bcb2538d37e21df02b44/screenshot - {}
RESULT: {"script":"<script> [1562 bytes]","args":[{"selector":{"controlType":"sap.m.Button","viewName":"etm.portal.ui.managesites.view.NewSmartSite","viewId":"application-managesites-display-component---NewSite","i18NText":{"propertyName":"text","key":"save"},"interaction":{"idSuffix":"BDI-content"}},"wdio_ui5_key":"etmportal.ui.managesites.view.NewSmartSitesap.m.Button{\"propertyName\":\"text\",\"key\":\"save\"}"}]}
RESULT: undefined
COMMAND: POST /session/10503a4dac92bcb2538d37e21df02b44/element - {"using":"xpath","value":"//*[@id=\"__button64\"]"}
RESULT: {}
RESULT: {"using":"xpath","value":"//*[@id=\"__button64\"]"}
COMMAND: POST /session/10503a4dac92bcb2538d37e21df02b44/element/f.FDAF18A8ED6EACE6EA012090E3B5CAAE.d.45A428FA1D6717AC9EB41D923EF2C6D8.e.2770/click - {}
RESULT: {}
COMMAND: GET /session/10503a4dac92bcb2538d37e21df02b44/screenshot - {}
COMMAND: POST /session/10503a4dac92bcb2538d37e21df02b44/element - {"using":"xpath","value":"//header/div/div[2]/div[2]/span"}
RESULT: {}
RESULT: {"using":"xpath","value":"//header/div/div[2]/div[2]/span"}
COMMAND: GET /session/10503a4dac92bcb2538d37e21df02b44/element/f.FDAF18A8ED6EACE6EA012090E3B5CAAE.d.45A428FA1D6717AC9EB41D923EF2C6D8.e.3059/text - {}
RESULT: {}
COMMAND: POST /session/10503a4dac92bcb2538d37e21df02b44/execute/async - {"script":"<script> [1562 bytes]","args":[{"selector":{"id":"application-managesites-display-component---detailSite--addressDetailDetailsYardText"},"wdio_ui5_key":"applicationmanagesites-display-component---detailSite--addressDetailDetailsYardText"}]}
RESULT: {"script":"<script> [1562 bytes]","args":[{"selector":{"id":"application-managesites-display-component---detailSite--addressDetailDetailsYardText"},"wdio_ui5_key":"applicationmanagesites-display-component---detailSite--addressDetailDetailsYardText"}]}
RESULT: undefined
COMMAND: POST /session/10503a4dac92bcb2538d37e21df02b44/execute/async - {"script":"<script> [1562 bytes]","args":[{"selector":{"controlType":"sap.m.Label","viewName":"etm.portal.ui.managesites.view.Detail","viewId":"application-managesites-display-component---detailSite","i18NText":{"propertyName":"text","key":"status"}},"wdio_ui5_key":"etmportal.ui.managesites.view.Detailsap.m.Label{\"propertyName\":\"text\",\"key\":\"status\"}"}]}
RESULT: {"script":"<script> [1562 bytes]","args":[{"selector":{"controlType":"sap.m.Label","viewName":"etm.portal.ui.managesites.view.Detail","viewId":"application-managesites-display-component---detailSite","i18NText":{"propertyName":"text","key":"status"}},"wdio_ui5_key":"etmportal.ui.managesites.view.Detailsap.m.Label{\"propertyName\":\"text\",\"key\":\"status\"}"}]}
RESULT: undefined
COMMAND: POST /session/10503a4dac92bcb2538d37e21df02b44/execute/async - {"script":"<script> [6424 bytes]","args":[{"element-6066-11e4-a52e-4f735466cecf":"f.FDAF18A8ED6EACE6EA012090E3B5CAAE.d.45A428FA1D6717AC9EB41D923EF2C6D8.e.3048"},"getText",[]]}
RESULT: {"script":"<script> [6424 bytes]","args":[{"element-6066-11e4-a52e-4f735466cecf":"f.FDAF18A8ED6EACE6EA012090E3B5CAAE.d.45A428FA1D6717AC9EB41D923EF2C6D8.e.3048"},"getText",[]]}
COMMAND: POST /session/10503a4dac92bcb2538d37e21df02b44/execute/async - {"script":"<script> [1562 bytes]","args":[{"selector":{"id":"shell-header","interaction":{"idSuffix":"icon"}},"wdio_ui5_key":"shellheader"}]}
RESULT: {"script":"<script> [1562 bytes]","args":[{"selector":{"id":"shell-header","interaction":{"idSuffix":"icon"}},"wdio_ui5_key":"shellheader"}]}
RESULT: undefined
COMMAND: POST /session/10503a4dac92bcb2538d37e21df02b44/element - {"using":"xpath","value":"//*[@id=\"shell-header\"]"}
RESULT: {"using":"xpath","value":"//*[@id=\"shell-header\"]"}
COMMAND: POST /session/10503a4dac92bcb2538d37e21df02b44/element/f.FDAF18A8ED6EACE6EA012090E3B5CAAE.d.45A428FA1D6717AC9EB41D923EF2C6D8.e.3060/click - {}
RESULT: {}
]]></system-out>
    </testcase>
    <testcase classname="chrome.135_0_7049_96.windows.Stock_increase_-_with_WHM_US125587" name="Create WHM material" time="222.578">
      <system-out><![CDATA[
COMMAND: POST /session/10503a4dac92bcb2538d37e21df02b44/element - {"using":"css selector","value":"#shell-header-logo"}
COMMAND: GET /session/10503a4dac92bcb2538d37e21df02b44/screenshot - {}
RESULT: {"using":"css selector","value":"#shell-header-logo"}
COMMAND: POST /session/10503a4dac92bcb2538d37e21df02b44/element/f.FDAF18A8ED6EACE6EA012090E3B5CAAE.d.45A428FA1D6717AC9EB41D923EF2C6D8.e.2142/click - {}
RESULT: {}
RESULT: {}
COMMAND: GET /session/10503a4dac92bcb2538d37e21df02b44/screenshot - {}
RESULT: {}
COMMAND: POST /session/10503a4dac92bcb2538d37e21df02b44/execute/async - {"script":"<script> [1562 bytes]","args":[{"selector":{"controlType":"sap.m.GenericTile","properties":{"header":"Manage Resources"}},"wdio_ui5_key":"sapm.GenericTile{\"header\":\"Manage Resources\"}"}]}
RESULT: {"script":"<script> [1562 bytes]","args":[{"selector":{"controlType":"sap.m.GenericTile","properties":{"header":"Manage Resources"}},"wdio_ui5_key":"sapm.GenericTile{\"header\":\"Manage Resources\"}"}]}
RESULT: undefined
COMMAND: POST /session/10503a4dac92bcb2538d37e21df02b44/element - {"using":"xpath","value":"//*[@id=\"__tile50\"]"}
RESULT: {"using":"xpath","value":"//*[@id=\"__tile50\"]"}
COMMAND: POST /session/10503a4dac92bcb2538d37e21df02b44/element/f.FDAF18A8ED6EACE6EA012090E3B5CAAE.d.45A428FA1D6717AC9EB41D923EF2C6D8.e.3065/click - {}
RESULT: {}
COMMAND: GET /session/10503a4dac92bcb2538d37e21df02b44/screenshot - {}
RESULT: {}
COMMAND: POST /session/10503a4dac92bcb2538d37e21df02b44/element - {"using":"xpath","value":"//button[@data-kt=\"addNewRUOverflowToolbarButton\"]"}
RESULT: {"using":"xpath","value":"//button[@data-kt=\"addNewRUOverflowToolbarButton\"]"}
COMMAND: POST /session/10503a4dac92bcb2538d37e21df02b44/execute/sync - {"script":"<script> [8489 bytes]","args":[{"element-6066-11e4-a52e-4f735466cecf":"f.FDAF18A8ED6EACE6EA012090E3B5CAAE.d.45A428FA1D6717AC9EB41D923EF2C6D8.e.3108","ELEMENT":"f.FDAF18A8ED6EACE6EA012090E3B5CAAE.d.45A428FA1D6717AC9EB41D923EF2C6D8.e.3108"}]}
RESULT: {"script":"<script> [8489 bytes]","args":[{"element-6066-11e4-a52e-4f735466cecf":"f.FDAF18A8ED6EACE6EA012090E3B5CAAE.d.45A428FA1D6717AC9EB41D923EF2C6D8.e.3108","ELEMENT":"f.FDAF18A8ED6EACE6EA012090E3B5CAAE.d.45A428FA1D6717AC9EB41D923EF2C6D8.e.3108"}]}
COMMAND: POST /session/10503a4dac92bcb2538d37e21df02b44/element/f.FDAF18A8ED6EACE6EA012090E3B5CAAE.d.45A428FA1D6717AC9EB41D923EF2C6D8.e.3108/click - {}
COMMAND: GET /session/10503a4dac92bcb2538d37e21df02b44/screenshot - {}
RESULT: {}
COMMAND: GET /session/10503a4dac92bcb2538d37e21df02b44/screenshot - {}
RESULT: {}
RESULT: {}
COMMAND: POST /session/10503a4dac92bcb2538d37e21df02b44/execute/async - {"script":"<script> [1562 bytes]","args":[{"selector":{"controlType":"sap.m.ComboBox","viewName":"reusables.view.manageresources.NewResourceUnit","viewId":"application-manageresources-display-component---newResourceUnit","bindingPath":{"path":"","propertyPath":"/RuTypes","modelName":"catalogModel"},"searchOpenDialogs":true},"wdio_ui5_key":"reusablesview.manageresources.NewResourceUnitsap.m.ComboBox{\"path\":\"\",\"propertyPath\":\"/RuTypes\",\"modelName\":\"catalogModel\"}"}]}
RESULT: {"script":"<script> [1562 bytes]","args":[{"selector":{"controlType":"sap.m.ComboBox","viewName":"reusables.view.manageresources.NewResourceUnit","viewId":"application-manageresources-display-component---newResourceUnit","bindingPath":{"path":"","propertyPath":"/RuTypes","modelName":"catalogModel"},"searchOpenDialogs":true},"wdio_ui5_key":"reusablesview.manageresources.NewResourceUnitsap.m.ComboBox{\"path\":\"\",\"propertyPath\":\"/RuTypes\",\"modelName\":\"catalogModel\"}"}]}
RESULT: undefined
COMMAND: POST /session/10503a4dac92bcb2538d37e21df02b44/execute/async - {"script":"<script> [1562 bytes]","args":[{"selector":{"controlType":"sap.m.ComboBox","viewName":"reusables.view.manageresources.NewResourceUnit","viewId":"application-manageresources-display-component---newResourceUnit","bindingPath":{"path":"","propertyPath":"/Yards","modelName":"catalogModel"},"searchOpenDialogs":true},"wdio_ui5_key":"reusablesview.manageresources.NewResourceUnitsap.m.ComboBox{\"path\":\"\",\"propertyPath\":\"/Yards\",\"modelName\":\"catalogModel\"}"}]}
RESULT: {"script":"<script> [1562 bytes]","args":[{"selector":{"controlType":"sap.m.ComboBox","viewName":"reusables.view.manageresources.NewResourceUnit","viewId":"application-manageresources-display-component---newResourceUnit","bindingPath":{"path":"","propertyPath":"/Yards","modelName":"catalogModel"},"searchOpenDialogs":true},"wdio_ui5_key":"reusablesview.manageresources.NewResourceUnitsap.m.ComboBox{\"path\":\"\",\"propertyPath\":\"/Yards\",\"modelName\":\"catalogModel\"}"}]}
RESULT: undefined
COMMAND: POST /session/10503a4dac92bcb2538d37e21df02b44/execute/async - {"script":"<script> [1562 bytes]","args":[{"selector":{"controlType":"etm.portal.ui.reusables.customControls.LiveSearchComboBox","viewName":"reusables.view.manageresources.NewResourceUnit","viewId":"application-manageresources-display-component---newResourceUnit","bindingPath":{"path":"","propertyPath":"/CatalogItems","modelName":"catalogModel"},"searchOpenDialogs":true},"wdio_ui5_key":"reusablesview.manageresources.NewResourceUnitetm.portal.ui.reusables.customControls.LiveSearchComboBox{\"path\":\"\",\"propertyPath\":\"/CatalogItems\",\"modelName\":\"catalogModel\"}"}]}
RESULT: {"script":"<script> [1562 bytes]","args":[{"selector":{"controlType":"etm.portal.ui.reusables.customControls.LiveSearchComboBox","viewName":"reusables.view.manageresources.NewResourceUnit","viewId":"application-manageresources-display-component---newResourceUnit","bindingPath":{"path":"","propertyPath":"/CatalogItems","modelName":"catalogModel"},"searchOpenDialogs":true},"wdio_ui5_key":"reusablesview.manageresources.NewResourceUnitetm.portal.ui.reusables.customControls.LiveSearchComboBox{\"path\":\"\",\"propertyPath\":\"/CatalogItems\",\"modelName\":\"catalogModel\"}"}]}
RESULT: undefined
COMMAND: POST /session/10503a4dac92bcb2538d37e21df02b44/element - {"using":"xpath","value":"//bdi[text()=\"OK\"]"}
RESULT: {"using":"xpath","value":"//bdi[text()=\"OK\"]"}
COMMAND: POST /session/10503a4dac92bcb2538d37e21df02b44/elements - {"using":"xpath","value":"//bdi[text()=\"OK\"]"}
RESULT: {"using":"xpath","value":"//bdi[text()=\"OK\"]"}
COMMAND: POST /session/10503a4dac92bcb2538d37e21df02b44/elements - {"using":"xpath","value":"//bdi[text()=\"OK\"]"}
RESULT: {"using":"xpath","value":"//bdi[text()=\"OK\"]"}
COMMAND: POST /session/10503a4dac92bcb2538d37e21df02b44/elements - {"using":"xpath","value":"//bdi[text()=\"OK\"]"}
RESULT: {"using":"xpath","value":"//bdi[text()=\"OK\"]"}
COMMAND: POST /session/10503a4dac92bcb2538d37e21df02b44/elements - {"using":"xpath","value":"//bdi[text()=\"OK\"]"}
RESULT: {"using":"xpath","value":"//bdi[text()=\"OK\"]"}
COMMAND: POST /session/10503a4dac92bcb2538d37e21df02b44/elements - {"using":"xpath","value":"//bdi[text()=\"OK\"]"}
RESULT: {"using":"xpath","value":"//bdi[text()=\"OK\"]"}
COMMAND: POST /session/10503a4dac92bcb2538d37e21df02b44/elements - {"using":"xpath","value":"//bdi[text()=\"OK\"]"}
RESULT: {"using":"xpath","value":"//bdi[text()=\"OK\"]"}
COMMAND: POST /session/10503a4dac92bcb2538d37e21df02b44/elements - {"using":"xpath","value":"//bdi[text()=\"OK\"]"}
RESULT: {"using":"xpath","value":"//bdi[text()=\"OK\"]"}
COMMAND: POST /session/10503a4dac92bcb2538d37e21df02b44/elements - {"using":"xpath","value":"//bdi[text()=\"OK\"]"}
RESULT: {"using":"xpath","value":"//bdi[text()=\"OK\"]"}
COMMAND: POST /session/10503a4dac92bcb2538d37e21df02b44/elements - {"using":"xpath","value":"//bdi[text()=\"OK\"]"}
RESULT: {"using":"xpath","value":"//bdi[text()=\"OK\"]"}
COMMAND: POST /session/10503a4dac92bcb2538d37e21df02b44/elements - {"using":"xpath","value":"//bdi[text()=\"OK\"]"}
RESULT: {"using":"xpath","value":"//bdi[text()=\"OK\"]"}
COMMAND: POST /session/10503a4dac92bcb2538d37e21df02b44/elements - {"using":"xpath","value":"//bdi[text()=\"OK\"]"}
RESULT: {"using":"xpath","value":"//bdi[text()=\"OK\"]"}
COMMAND: POST /session/10503a4dac92bcb2538d37e21df02b44/elements - {"using":"xpath","value":"//bdi[text()=\"OK\"]"}
RESULT: {"using":"xpath","value":"//bdi[text()=\"OK\"]"}
COMMAND: POST /session/10503a4dac92bcb2538d37e21df02b44/elements - {"using":"xpath","value":"//bdi[text()=\"OK\"]"}
RESULT: {"using":"xpath","value":"//bdi[text()=\"OK\"]"}
COMMAND: POST /session/10503a4dac92bcb2538d37e21df02b44/elements - {"using":"xpath","value":"//bdi[text()=\"OK\"]"}
RESULT: {"using":"xpath","value":"//bdi[text()=\"OK\"]"}
COMMAND: POST /session/10503a4dac92bcb2538d37e21df02b44/elements - {"using":"xpath","value":"//bdi[text()=\"OK\"]"}
RESULT: {"using":"xpath","value":"//bdi[text()=\"OK\"]"}
COMMAND: POST /session/10503a4dac92bcb2538d37e21df02b44/elements - {"using":"xpath","value":"//bdi[text()=\"OK\"]"}
RESULT: {"using":"xpath","value":"//bdi[text()=\"OK\"]"}
COMMAND: POST /session/10503a4dac92bcb2538d37e21df02b44/elements - {"using":"xpath","value":"//bdi[text()=\"OK\"]"}
RESULT: {"using":"xpath","value":"//bdi[text()=\"OK\"]"}
COMMAND: POST /session/10503a4dac92bcb2538d37e21df02b44/elements - {"using":"xpath","value":"//bdi[text()=\"OK\"]"}
RESULT: {"using":"xpath","value":"//bdi[text()=\"OK\"]"}
COMMAND: POST /session/10503a4dac92bcb2538d37e21df02b44/elements - {"using":"xpath","value":"//bdi[text()=\"OK\"]"}
RESULT: {"using":"xpath","value":"//bdi[text()=\"OK\"]"}
COMMAND: POST /session/10503a4dac92bcb2538d37e21df02b44/elements - {"using":"xpath","value":"//bdi[text()=\"OK\"]"}
RESULT: {"using":"xpath","value":"//bdi[text()=\"OK\"]"}
COMMAND: POST /session/10503a4dac92bcb2538d37e21df02b44/elements - {"using":"xpath","value":"//bdi[text()=\"OK\"]"}
RESULT: {"using":"xpath","value":"//bdi[text()=\"OK\"]"}
COMMAND: POST /session/10503a4dac92bcb2538d37e21df02b44/elements - {"using":"xpath","value":"//bdi[text()=\"OK\"]"}
RESULT: {"using":"xpath","value":"//bdi[text()=\"OK\"]"}
COMMAND: POST /session/10503a4dac92bcb2538d37e21df02b44/elements - {"using":"xpath","value":"//bdi[text()=\"OK\"]"}
RESULT: {"using":"xpath","value":"//bdi[text()=\"OK\"]"}
COMMAND: POST /session/10503a4dac92bcb2538d37e21df02b44/elements - {"using":"xpath","value":"//bdi[text()=\"OK\"]"}
RESULT: {"using":"xpath","value":"//bdi[text()=\"OK\"]"}
COMMAND: POST /session/10503a4dac92bcb2538d37e21df02b44/elements - {"using":"xpath","value":"//bdi[text()=\"OK\"]"}
RESULT: {"using":"xpath","value":"//bdi[text()=\"OK\"]"}
COMMAND: POST /session/10503a4dac92bcb2538d37e21df02b44/elements - {"using":"xpath","value":"//bdi[text()=\"OK\"]"}
RESULT: {"using":"xpath","value":"//bdi[text()=\"OK\"]"}
COMMAND: POST /session/10503a4dac92bcb2538d37e21df02b44/elements - {"using":"xpath","value":"//bdi[text()=\"OK\"]"}
RESULT: {"using":"xpath","value":"//bdi[text()=\"OK\"]"}
COMMAND: POST /session/10503a4dac92bcb2538d37e21df02b44/elements - {"using":"xpath","value":"//bdi[text()=\"OK\"]"}
RESULT: {"using":"xpath","value":"//bdi[text()=\"OK\"]"}
COMMAND: POST /session/10503a4dac92bcb2538d37e21df02b44/elements - {"using":"xpath","value":"//bdi[text()=\"OK\"]"}
RESULT: {"using":"xpath","value":"//bdi[text()=\"OK\"]"}
COMMAND: POST /session/10503a4dac92bcb2538d37e21df02b44/elements - {"using":"xpath","value":"//bdi[text()=\"OK\"]"}
RESULT: {"using":"xpath","value":"//bdi[text()=\"OK\"]"}
COMMAND: POST /session/10503a4dac92bcb2538d37e21df02b44/elements - {"using":"xpath","value":"//bdi[text()=\"OK\"]"}
RESULT: {"using":"xpath","value":"//bdi[text()=\"OK\"]"}
COMMAND: POST /session/10503a4dac92bcb2538d37e21df02b44/elements - {"using":"xpath","value":"//bdi[text()=\"OK\"]"}
RESULT: {"using":"xpath","value":"//bdi[text()=\"OK\"]"}
COMMAND: POST /session/10503a4dac92bcb2538d37e21df02b44/elements - {"using":"xpath","value":"//bdi[text()=\"OK\"]"}
RESULT: {"using":"xpath","value":"//bdi[text()=\"OK\"]"}
COMMAND: POST /session/10503a4dac92bcb2538d37e21df02b44/elements - {"using":"xpath","value":"//bdi[text()=\"OK\"]"}
RESULT: {"using":"xpath","value":"//bdi[text()=\"OK\"]"}
COMMAND: POST /session/10503a4dac92bcb2538d37e21df02b44/elements - {"using":"xpath","value":"//bdi[text()=\"OK\"]"}
RESULT: {"using":"xpath","value":"//bdi[text()=\"OK\"]"}
COMMAND: POST /session/10503a4dac92bcb2538d37e21df02b44/elements - {"using":"xpath","value":"//bdi[text()=\"OK\"]"}
RESULT: {"using":"xpath","value":"//bdi[text()=\"OK\"]"}
COMMAND: POST /session/10503a4dac92bcb2538d37e21df02b44/elements - {"using":"xpath","value":"//bdi[text()=\"OK\"]"}
RESULT: {"using":"xpath","value":"//bdi[text()=\"OK\"]"}
COMMAND: POST /session/10503a4dac92bcb2538d37e21df02b44/elements - {"using":"xpath","value":"//bdi[text()=\"OK\"]"}
RESULT: {"using":"xpath","value":"//bdi[text()=\"OK\"]"}
COMMAND: POST /session/10503a4dac92bcb2538d37e21df02b44/elements - {"using":"xpath","value":"//bdi[text()=\"OK\"]"}
RESULT: {"using":"xpath","value":"//bdi[text()=\"OK\"]"}
COMMAND: POST /session/10503a4dac92bcb2538d37e21df02b44/elements - {"using":"xpath","value":"//bdi[text()=\"OK\"]"}
RESULT: {"using":"xpath","value":"//bdi[text()=\"OK\"]"}
COMMAND: POST /session/10503a4dac92bcb2538d37e21df02b44/elements - {"using":"xpath","value":"//bdi[text()=\"OK\"]"}
RESULT: {"using":"xpath","value":"//bdi[text()=\"OK\"]"}
COMMAND: POST /session/10503a4dac92bcb2538d37e21df02b44/elements - {"using":"xpath","value":"//bdi[text()=\"OK\"]"}
RESULT: {"using":"xpath","value":"//bdi[text()=\"OK\"]"}
COMMAND: POST /session/10503a4dac92bcb2538d37e21df02b44/elements - {"using":"xpath","value":"//bdi[text()=\"OK\"]"}
RESULT: {"using":"xpath","value":"//bdi[text()=\"OK\"]"}
COMMAND: POST /session/10503a4dac92bcb2538d37e21df02b44/elements - {"using":"xpath","value":"//bdi[text()=\"OK\"]"}
RESULT: {"using":"xpath","value":"//bdi[text()=\"OK\"]"}
COMMAND: POST /session/10503a4dac92bcb2538d37e21df02b44/elements - {"using":"xpath","value":"//bdi[text()=\"OK\"]"}
RESULT: {"using":"xpath","value":"//bdi[text()=\"OK\"]"}
COMMAND: POST /session/10503a4dac92bcb2538d37e21df02b44/elements - {"using":"xpath","value":"//bdi[text()=\"OK\"]"}
RESULT: {"using":"xpath","value":"//bdi[text()=\"OK\"]"}
COMMAND: POST /session/10503a4dac92bcb2538d37e21df02b44/elements - {"using":"xpath","value":"//bdi[text()=\"OK\"]"}
RESULT: {"using":"xpath","value":"//bdi[text()=\"OK\"]"}
COMMAND: POST /session/10503a4dac92bcb2538d37e21df02b44/elements - {"using":"xpath","value":"//bdi[text()=\"OK\"]"}
RESULT: {"using":"xpath","value":"//bdi[text()=\"OK\"]"}
COMMAND: POST /session/10503a4dac92bcb2538d37e21df02b44/elements - {"using":"xpath","value":"//bdi[text()=\"OK\"]"}
RESULT: {"using":"xpath","value":"//bdi[text()=\"OK\"]"}
COMMAND: POST /session/10503a4dac92bcb2538d37e21df02b44/elements - {"using":"xpath","value":"//bdi[text()=\"OK\"]"}
RESULT: {"using":"xpath","value":"//bdi[text()=\"OK\"]"}
COMMAND: POST /session/10503a4dac92bcb2538d37e21df02b44/elements - {"using":"xpath","value":"//bdi[text()=\"OK\"]"}
RESULT: {"using":"xpath","value":"//bdi[text()=\"OK\"]"}
COMMAND: POST /session/10503a4dac92bcb2538d37e21df02b44/elements - {"using":"xpath","value":"//bdi[text()=\"OK\"]"}
RESULT: {"using":"xpath","value":"//bdi[text()=\"OK\"]"}
COMMAND: POST /session/10503a4dac92bcb2538d37e21df02b44/elements - {"using":"xpath","value":"//bdi[text()=\"OK\"]"}
RESULT: {"using":"xpath","value":"//bdi[text()=\"OK\"]"}
COMMAND: POST /session/10503a4dac92bcb2538d37e21df02b44/elements - {"using":"xpath","value":"//bdi[text()=\"OK\"]"}
RESULT: {"using":"xpath","value":"//bdi[text()=\"OK\"]"}
COMMAND: POST /session/10503a4dac92bcb2538d37e21df02b44/elements - {"using":"xpath","value":"//bdi[text()=\"OK\"]"}
RESULT: {"using":"xpath","value":"//bdi[text()=\"OK\"]"}
COMMAND: POST /session/10503a4dac92bcb2538d37e21df02b44/elements - {"using":"xpath","value":"//bdi[text()=\"OK\"]"}
RESULT: {"using":"xpath","value":"//bdi[text()=\"OK\"]"}
COMMAND: POST /session/10503a4dac92bcb2538d37e21df02b44/elements - {"using":"xpath","value":"//bdi[text()=\"OK\"]"}
RESULT: {"using":"xpath","value":"//bdi[text()=\"OK\"]"}
COMMAND: POST /session/10503a4dac92bcb2538d37e21df02b44/elements - {"using":"xpath","value":"//bdi[text()=\"OK\"]"}
RESULT: {"using":"xpath","value":"//bdi[text()=\"OK\"]"}
COMMAND: POST /session/10503a4dac92bcb2538d37e21df02b44/elements - {"using":"xpath","value":"//bdi[text()=\"OK\"]"}
RESULT: {"using":"xpath","value":"//bdi[text()=\"OK\"]"}
COMMAND: POST /session/10503a4dac92bcb2538d37e21df02b44/elements - {"using":"xpath","value":"//bdi[text()=\"OK\"]"}
RESULT: {"using":"xpath","value":"//bdi[text()=\"OK\"]"}
COMMAND: POST /session/10503a4dac92bcb2538d37e21df02b44/elements - {"using":"xpath","value":"//bdi[text()=\"OK\"]"}
RESULT: {"using":"xpath","value":"//bdi[text()=\"OK\"]"}
COMMAND: POST /session/10503a4dac92bcb2538d37e21df02b44/elements - {"using":"xpath","value":"//bdi[text()=\"OK\"]"}
RESULT: {"using":"xpath","value":"//bdi[text()=\"OK\"]"}
COMMAND: POST /session/10503a4dac92bcb2538d37e21df02b44/elements - {"using":"xpath","value":"//bdi[text()=\"OK\"]"}
RESULT: {"using":"xpath","value":"//bdi[text()=\"OK\"]"}
COMMAND: POST /session/10503a4dac92bcb2538d37e21df02b44/elements - {"using":"xpath","value":"//bdi[text()=\"OK\"]"}
RESULT: {"using":"xpath","value":"//bdi[text()=\"OK\"]"}
COMMAND: POST /session/10503a4dac92bcb2538d37e21df02b44/elements - {"using":"xpath","value":"//bdi[text()=\"OK\"]"}
RESULT: {"using":"xpath","value":"//bdi[text()=\"OK\"]"}
COMMAND: POST /session/10503a4dac92bcb2538d37e21df02b44/elements - {"using":"xpath","value":"//bdi[text()=\"OK\"]"}
RESULT: {"using":"xpath","value":"//bdi[text()=\"OK\"]"}
COMMAND: POST /session/10503a4dac92bcb2538d37e21df02b44/elements - {"using":"xpath","value":"//bdi[text()=\"OK\"]"}
RESULT: {"using":"xpath","value":"//bdi[text()=\"OK\"]"}
COMMAND: POST /session/10503a4dac92bcb2538d37e21df02b44/elements - {"using":"xpath","value":"//bdi[text()=\"OK\"]"}
RESULT: {"using":"xpath","value":"//bdi[text()=\"OK\"]"}
COMMAND: POST /session/10503a4dac92bcb2538d37e21df02b44/elements - {"using":"xpath","value":"//bdi[text()=\"OK\"]"}
RESULT: {"using":"xpath","value":"//bdi[text()=\"OK\"]"}
COMMAND: POST /session/10503a4dac92bcb2538d37e21df02b44/elements - {"using":"xpath","value":"//bdi[text()=\"OK\"]"}
RESULT: {"using":"xpath","value":"//bdi[text()=\"OK\"]"}
COMMAND: POST /session/10503a4dac92bcb2538d37e21df02b44/elements - {"using":"xpath","value":"//bdi[text()=\"OK\"]"}
RESULT: {"using":"xpath","value":"//bdi[text()=\"OK\"]"}
COMMAND: POST /session/10503a4dac92bcb2538d37e21df02b44/elements - {"using":"xpath","value":"//bdi[text()=\"OK\"]"}
RESULT: {"using":"xpath","value":"//bdi[text()=\"OK\"]"}
COMMAND: POST /session/10503a4dac92bcb2538d37e21df02b44/elements - {"using":"xpath","value":"//bdi[text()=\"OK\"]"}
RESULT: {"using":"xpath","value":"//bdi[text()=\"OK\"]"}
COMMAND: POST /session/10503a4dac92bcb2538d37e21df02b44/elements - {"using":"xpath","value":"//bdi[text()=\"OK\"]"}
RESULT: {"using":"xpath","value":"//bdi[text()=\"OK\"]"}
COMMAND: POST /session/10503a4dac92bcb2538d37e21df02b44/elements - {"using":"xpath","value":"//bdi[text()=\"OK\"]"}
RESULT: {"using":"xpath","value":"//bdi[text()=\"OK\"]"}
COMMAND: POST /session/10503a4dac92bcb2538d37e21df02b44/elements - {"using":"xpath","value":"//bdi[text()=\"OK\"]"}
RESULT: {"using":"xpath","value":"//bdi[text()=\"OK\"]"}
COMMAND: POST /session/10503a4dac92bcb2538d37e21df02b44/elements - {"using":"xpath","value":"//bdi[text()=\"OK\"]"}
RESULT: {"using":"xpath","value":"//bdi[text()=\"OK\"]"}
COMMAND: POST /session/10503a4dac92bcb2538d37e21df02b44/elements - {"using":"xpath","value":"//bdi[text()=\"OK\"]"}
RESULT: {"using":"xpath","value":"//bdi[text()=\"OK\"]"}
COMMAND: POST /session/10503a4dac92bcb2538d37e21df02b44/elements - {"using":"xpath","value":"//bdi[text()=\"OK\"]"}
RESULT: {"using":"xpath","value":"//bdi[text()=\"OK\"]"}
COMMAND: POST /session/10503a4dac92bcb2538d37e21df02b44/elements - {"using":"xpath","value":"//bdi[text()=\"OK\"]"}
RESULT: {"using":"xpath","value":"//bdi[text()=\"OK\"]"}
COMMAND: POST /session/10503a4dac92bcb2538d37e21df02b44/elements - {"using":"xpath","value":"//bdi[text()=\"OK\"]"}
RESULT: {"using":"xpath","value":"//bdi[text()=\"OK\"]"}
COMMAND: POST /session/10503a4dac92bcb2538d37e21df02b44/elements - {"using":"xpath","value":"//bdi[text()=\"OK\"]"}
RESULT: {"using":"xpath","value":"//bdi[text()=\"OK\"]"}
COMMAND: POST /session/10503a4dac92bcb2538d37e21df02b44/elements - {"using":"xpath","value":"//bdi[text()=\"OK\"]"}
RESULT: {"using":"xpath","value":"//bdi[text()=\"OK\"]"}
COMMAND: POST /session/10503a4dac92bcb2538d37e21df02b44/elements - {"using":"xpath","value":"//bdi[text()=\"OK\"]"}
RESULT: {"using":"xpath","value":"//bdi[text()=\"OK\"]"}
COMMAND: POST /session/10503a4dac92bcb2538d37e21df02b44/elements - {"using":"xpath","value":"//bdi[text()=\"OK\"]"}
RESULT: {"using":"xpath","value":"//bdi[text()=\"OK\"]"}
COMMAND: POST /session/10503a4dac92bcb2538d37e21df02b44/elements - {"using":"xpath","value":"//bdi[text()=\"OK\"]"}
RESULT: {"using":"xpath","value":"//bdi[text()=\"OK\"]"}
COMMAND: POST /session/10503a4dac92bcb2538d37e21df02b44/elements - {"using":"xpath","value":"//bdi[text()=\"OK\"]"}
RESULT: {"using":"xpath","value":"//bdi[text()=\"OK\"]"}
COMMAND: POST /session/10503a4dac92bcb2538d37e21df02b44/elements - {"using":"xpath","value":"//bdi[text()=\"OK\"]"}
RESULT: {"using":"xpath","value":"//bdi[text()=\"OK\"]"}
COMMAND: POST /session/10503a4dac92bcb2538d37e21df02b44/elements - {"using":"xpath","value":"//bdi[text()=\"OK\"]"}
RESULT: {"using":"xpath","value":"//bdi[text()=\"OK\"]"}
COMMAND: POST /session/10503a4dac92bcb2538d37e21df02b44/elements - {"using":"xpath","value":"//bdi[text()=\"OK\"]"}
RESULT: {"using":"xpath","value":"//bdi[text()=\"OK\"]"}
COMMAND: POST /session/10503a4dac92bcb2538d37e21df02b44/elements - {"using":"xpath","value":"//bdi[text()=\"OK\"]"}
RESULT: {"using":"xpath","value":"//bdi[text()=\"OK\"]"}
COMMAND: POST /session/10503a4dac92bcb2538d37e21df02b44/elements - {"using":"xpath","value":"//bdi[text()=\"OK\"]"}
RESULT: {"using":"xpath","value":"//bdi[text()=\"OK\"]"}
COMMAND: POST /session/10503a4dac92bcb2538d37e21df02b44/elements - {"using":"xpath","value":"//bdi[text()=\"OK\"]"}
RESULT: {"using":"xpath","value":"//bdi[text()=\"OK\"]"}
COMMAND: POST /session/10503a4dac92bcb2538d37e21df02b44/elements - {"using":"xpath","value":"//bdi[text()=\"OK\"]"}
RESULT: {"using":"xpath","value":"//bdi[text()=\"OK\"]"}
COMMAND: POST /session/10503a4dac92bcb2538d37e21df02b44/elements - {"using":"xpath","value":"//bdi[text()=\"OK\"]"}
RESULT: {"using":"xpath","value":"//bdi[text()=\"OK\"]"}
COMMAND: POST /session/10503a4dac92bcb2538d37e21df02b44/elements - {"using":"xpath","value":"//bdi[text()=\"OK\"]"}
RESULT: {"using":"xpath","value":"//bdi[text()=\"OK\"]"}
COMMAND: POST /session/10503a4dac92bcb2538d37e21df02b44/elements - {"using":"xpath","value":"//bdi[text()=\"OK\"]"}
RESULT: {"using":"xpath","value":"//bdi[text()=\"OK\"]"}
COMMAND: POST /session/10503a4dac92bcb2538d37e21df02b44/elements - {"using":"xpath","value":"//bdi[text()=\"OK\"]"}
RESULT: {"using":"xpath","value":"//bdi[text()=\"OK\"]"}
COMMAND: POST /session/10503a4dac92bcb2538d37e21df02b44/elements - {"using":"xpath","value":"//bdi[text()=\"OK\"]"}
RESULT: {"using":"xpath","value":"//bdi[text()=\"OK\"]"}
COMMAND: POST /session/10503a4dac92bcb2538d37e21df02b44/elements - {"using":"xpath","value":"//bdi[text()=\"OK\"]"}
RESULT: {"using":"xpath","value":"//bdi[text()=\"OK\"]"}
COMMAND: POST /session/10503a4dac92bcb2538d37e21df02b44/elements - {"using":"xpath","value":"//bdi[text()=\"OK\"]"}
RESULT: {"using":"xpath","value":"//bdi[text()=\"OK\"]"}
COMMAND: POST /session/10503a4dac92bcb2538d37e21df02b44/elements - {"using":"xpath","value":"//bdi[text()=\"OK\"]"}
RESULT: {"using":"xpath","value":"//bdi[text()=\"OK\"]"}
COMMAND: POST /session/10503a4dac92bcb2538d37e21df02b44/elements - {"using":"xpath","value":"//bdi[text()=\"OK\"]"}
RESULT: {"using":"xpath","value":"//bdi[text()=\"OK\"]"}
COMMAND: POST /session/10503a4dac92bcb2538d37e21df02b44/elements - {"using":"xpath","value":"//bdi[text()=\"OK\"]"}
RESULT: {"using":"xpath","value":"//bdi[text()=\"OK\"]"}
COMMAND: POST /session/10503a4dac92bcb2538d37e21df02b44/elements - {"using":"xpath","value":"//bdi[text()=\"OK\"]"}
RESULT: {"using":"xpath","value":"//bdi[text()=\"OK\"]"}
COMMAND: POST /session/10503a4dac92bcb2538d37e21df02b44/elements - {"using":"xpath","value":"//bdi[text()=\"OK\"]"}
RESULT: {"using":"xpath","value":"//bdi[text()=\"OK\"]"}
COMMAND: POST /session/10503a4dac92bcb2538d37e21df02b44/elements - {"using":"xpath","value":"//bdi[text()=\"OK\"]"}
RESULT: {"using":"xpath","value":"//bdi[text()=\"OK\"]"}
COMMAND: POST /session/10503a4dac92bcb2538d37e21df02b44/elements - {"using":"xpath","value":"//bdi[text()=\"OK\"]"}
RESULT: {"using":"xpath","value":"//bdi[text()=\"OK\"]"}
COMMAND: POST /session/10503a4dac92bcb2538d37e21df02b44/elements - {"using":"xpath","value":"//bdi[text()=\"OK\"]"}
RESULT: {"using":"xpath","value":"//bdi[text()=\"OK\"]"}
COMMAND: POST /session/10503a4dac92bcb2538d37e21df02b44/elements - {"using":"xpath","value":"//bdi[text()=\"OK\"]"}
RESULT: {"using":"xpath","value":"//bdi[text()=\"OK\"]"}
COMMAND: POST /session/10503a4dac92bcb2538d37e21df02b44/elements - {"using":"xpath","value":"//bdi[text()=\"OK\"]"}
RESULT: {"using":"xpath","value":"//bdi[text()=\"OK\"]"}
COMMAND: POST /session/10503a4dac92bcb2538d37e21df02b44/elements - {"using":"xpath","value":"//bdi[text()=\"OK\"]"}
RESULT: {"using":"xpath","value":"//bdi[text()=\"OK\"]"}
COMMAND: POST /session/10503a4dac92bcb2538d37e21df02b44/elements - {"using":"xpath","value":"//bdi[text()=\"OK\"]"}
RESULT: {"using":"xpath","value":"//bdi[text()=\"OK\"]"}
COMMAND: POST /session/10503a4dac92bcb2538d37e21df02b44/elements - {"using":"xpath","value":"//bdi[text()=\"OK\"]"}
RESULT: {"using":"xpath","value":"//bdi[text()=\"OK\"]"}
COMMAND: POST /session/10503a4dac92bcb2538d37e21df02b44/elements - {"using":"xpath","value":"//bdi[text()=\"OK\"]"}
RESULT: {"using":"xpath","value":"//bdi[text()=\"OK\"]"}
COMMAND: POST /session/10503a4dac92bcb2538d37e21df02b44/elements - {"using":"xpath","value":"//bdi[text()=\"OK\"]"}
RESULT: {"using":"xpath","value":"//bdi[text()=\"OK\"]"}
COMMAND: POST /session/10503a4dac92bcb2538d37e21df02b44/elements - {"using":"xpath","value":"//bdi[text()=\"OK\"]"}
RESULT: {"using":"xpath","value":"//bdi[text()=\"OK\"]"}
COMMAND: POST /session/10503a4dac92bcb2538d37e21df02b44/elements - {"using":"xpath","value":"//bdi[text()=\"OK\"]"}
RESULT: {"using":"xpath","value":"//bdi[text()=\"OK\"]"}
COMMAND: POST /session/10503a4dac92bcb2538d37e21df02b44/elements - {"using":"xpath","value":"//bdi[text()=\"OK\"]"}
RESULT: {"using":"xpath","value":"//bdi[text()=\"OK\"]"}
COMMAND: POST /session/10503a4dac92bcb2538d37e21df02b44/elements - {"using":"xpath","value":"//bdi[text()=\"OK\"]"}
RESULT: {"using":"xpath","value":"//bdi[text()=\"OK\"]"}
COMMAND: POST /session/10503a4dac92bcb2538d37e21df02b44/element - {"using":"xpath","value":"//bdi[text()=\"OK\"]"}
RESULT: {"using":"xpath","value":"//bdi[text()=\"OK\"]"}
COMMAND: POST /session/10503a4dac92bcb2538d37e21df02b44/elements - {"using":"xpath","value":"//bdi[text()=\"OK\"]"}
RESULT: {"using":"xpath","value":"//bdi[text()=\"OK\"]"}
COMMAND: POST /session/10503a4dac92bcb2538d37e21df02b44/elements - {"using":"xpath","value":"//bdi[text()=\"OK\"]"}
RESULT: {"using":"xpath","value":"//bdi[text()=\"OK\"]"}
COMMAND: POST /session/10503a4dac92bcb2538d37e21df02b44/elements - {"using":"xpath","value":"//bdi[text()=\"OK\"]"}
RESULT: {"using":"xpath","value":"//bdi[text()=\"OK\"]"}
COMMAND: POST /session/10503a4dac92bcb2538d37e21df02b44/elements - {"using":"xpath","value":"//bdi[text()=\"OK\"]"}
RESULT: {"using":"xpath","value":"//bdi[text()=\"OK\"]"}
COMMAND: POST /session/10503a4dac92bcb2538d37e21df02b44/elements - {"using":"xpath","value":"//bdi[text()=\"OK\"]"}
RESULT: {"using":"xpath","value":"//bdi[text()=\"OK\"]"}
COMMAND: POST /session/10503a4dac92bcb2538d37e21df02b44/elements - {"using":"xpath","value":"//bdi[text()=\"OK\"]"}
RESULT: {"using":"xpath","value":"//bdi[text()=\"OK\"]"}
COMMAND: POST /session/10503a4dac92bcb2538d37e21df02b44/elements - {"using":"xpath","value":"//bdi[text()=\"OK\"]"}
RESULT: {"using":"xpath","value":"//bdi[text()=\"OK\"]"}
COMMAND: POST /session/10503a4dac92bcb2538d37e21df02b44/elements - {"using":"xpath","value":"//bdi[text()=\"OK\"]"}
RESULT: {"using":"xpath","value":"//bdi[text()=\"OK\"]"}
COMMAND: POST /session/10503a4dac92bcb2538d37e21df02b44/elements - {"using":"xpath","value":"//bdi[text()=\"OK\"]"}
RESULT: {"using":"xpath","value":"//bdi[text()=\"OK\"]"}
COMMAND: POST /session/10503a4dac92bcb2538d37e21df02b44/elements - {"using":"xpath","value":"//bdi[text()=\"OK\"]"}
RESULT: {"using":"xpath","value":"//bdi[text()=\"OK\"]"}
COMMAND: POST /session/10503a4dac92bcb2538d37e21df02b44/elements - {"using":"xpath","value":"//bdi[text()=\"OK\"]"}
RESULT: {"using":"xpath","value":"//bdi[text()=\"OK\"]"}
COMMAND: POST /session/10503a4dac92bcb2538d37e21df02b44/elements - {"using":"xpath","value":"//bdi[text()=\"OK\"]"}
RESULT: {"using":"xpath","value":"//bdi[text()=\"OK\"]"}
COMMAND: POST /session/10503a4dac92bcb2538d37e21df02b44/elements - {"using":"xpath","value":"//bdi[text()=\"OK\"]"}
RESULT: {"using":"xpath","value":"//bdi[text()=\"OK\"]"}
COMMAND: POST /session/10503a4dac92bcb2538d37e21df02b44/elements - {"using":"xpath","value":"//bdi[text()=\"OK\"]"}
RESULT: {"using":"xpath","value":"//bdi[text()=\"OK\"]"}
COMMAND: POST /session/10503a4dac92bcb2538d37e21df02b44/elements - {"using":"xpath","value":"//bdi[text()=\"OK\"]"}
RESULT: {"using":"xpath","value":"//bdi[text()=\"OK\"]"}
COMMAND: POST /session/10503a4dac92bcb2538d37e21df02b44/elements - {"using":"xpath","value":"//bdi[text()=\"OK\"]"}
RESULT: {"using":"xpath","value":"//bdi[text()=\"OK\"]"}
COMMAND: POST /session/10503a4dac92bcb2538d37e21df02b44/elements - {"using":"xpath","value":"//bdi[text()=\"OK\"]"}
RESULT: {"using":"xpath","value":"//bdi[text()=\"OK\"]"}
COMMAND: POST /session/10503a4dac92bcb2538d37e21df02b44/elements - {"using":"xpath","value":"//bdi[text()=\"OK\"]"}
RESULT: {"using":"xpath","value":"//bdi[text()=\"OK\"]"}
COMMAND: POST /session/10503a4dac92bcb2538d37e21df02b44/elements - {"using":"xpath","value":"//bdi[text()=\"OK\"]"}
RESULT: {"using":"xpath","value":"//bdi[text()=\"OK\"]"}
COMMAND: POST /session/10503a4dac92bcb2538d37e21df02b44/elements - {"using":"xpath","value":"//bdi[text()=\"OK\"]"}
RESULT: {"using":"xpath","value":"//bdi[text()=\"OK\"]"}
COMMAND: POST /session/10503a4dac92bcb2538d37e21df02b44/elements - {"using":"xpath","value":"//bdi[text()=\"OK\"]"}
RESULT: {"using":"xpath","value":"//bdi[text()=\"OK\"]"}
COMMAND: POST /session/10503a4dac92bcb2538d37e21df02b44/elements - {"using":"xpath","value":"//bdi[text()=\"OK\"]"}
RESULT: {"using":"xpath","value":"//bdi[text()=\"OK\"]"}
COMMAND: POST /session/10503a4dac92bcb2538d37e21df02b44/elements - {"using":"xpath","value":"//bdi[text()=\"OK\"]"}
RESULT: {"using":"xpath","value":"//bdi[text()=\"OK\"]"}
COMMAND: POST /session/10503a4dac92bcb2538d37e21df02b44/elements - {"using":"xpath","value":"//bdi[text()=\"OK\"]"}
RESULT: {"using":"xpath","value":"//bdi[text()=\"OK\"]"}
COMMAND: POST /session/10503a4dac92bcb2538d37e21df02b44/elements - {"using":"xpath","value":"//bdi[text()=\"OK\"]"}
RESULT: {"using":"xpath","value":"//bdi[text()=\"OK\"]"}
COMMAND: POST /session/10503a4dac92bcb2538d37e21df02b44/elements - {"using":"xpath","value":"//bdi[text()=\"OK\"]"}
RESULT: {"using":"xpath","value":"//bdi[text()=\"OK\"]"}
COMMAND: POST /session/10503a4dac92bcb2538d37e21df02b44/elements - {"using":"xpath","value":"//bdi[text()=\"OK\"]"}
RESULT: {"using":"xpath","value":"//bdi[text()=\"OK\"]"}
COMMAND: POST /session/10503a4dac92bcb2538d37e21df02b44/elements - {"using":"xpath","value":"//bdi[text()=\"OK\"]"}
RESULT: {"using":"xpath","value":"//bdi[text()=\"OK\"]"}
COMMAND: POST /session/10503a4dac92bcb2538d37e21df02b44/elements - {"using":"xpath","value":"//bdi[text()=\"OK\"]"}
RESULT: {"using":"xpath","value":"//bdi[text()=\"OK\"]"}
COMMAND: POST /session/10503a4dac92bcb2538d37e21df02b44/elements - {"using":"xpath","value":"//bdi[text()=\"OK\"]"}
RESULT: {"using":"xpath","value":"//bdi[text()=\"OK\"]"}
COMMAND: POST /session/10503a4dac92bcb2538d37e21df02b44/elements - {"using":"xpath","value":"//bdi[text()=\"OK\"]"}
RESULT: {"using":"xpath","value":"//bdi[text()=\"OK\"]"}
COMMAND: POST /session/10503a4dac92bcb2538d37e21df02b44/elements - {"using":"xpath","value":"//bdi[text()=\"OK\"]"}
RESULT: {"using":"xpath","value":"//bdi[text()=\"OK\"]"}
COMMAND: POST /session/10503a4dac92bcb2538d37e21df02b44/elements - {"using":"xpath","value":"//bdi[text()=\"OK\"]"}
RESULT: {"using":"xpath","value":"//bdi[text()=\"OK\"]"}
COMMAND: POST /session/10503a4dac92bcb2538d37e21df02b44/elements - {"using":"xpath","value":"//bdi[text()=\"OK\"]"}
RESULT: {"using":"xpath","value":"//bdi[text()=\"OK\"]"}
COMMAND: POST /session/10503a4dac92bcb2538d37e21df02b44/elements - {"using":"xpath","value":"//bdi[text()=\"OK\"]"}
RESULT: {"using":"xpath","value":"//bdi[text()=\"OK\"]"}
COMMAND: POST /session/10503a4dac92bcb2538d37e21df02b44/elements - {"using":"xpath","value":"//bdi[text()=\"OK\"]"}
RESULT: {"using":"xpath","value":"//bdi[text()=\"OK\"]"}
COMMAND: POST /session/10503a4dac92bcb2538d37e21df02b44/elements - {"using":"xpath","value":"//bdi[text()=\"OK\"]"}
RESULT: {"using":"xpath","value":"//bdi[text()=\"OK\"]"}
COMMAND: POST /session/10503a4dac92bcb2538d37e21df02b44/elements - {"using":"xpath","value":"//bdi[text()=\"OK\"]"}
RESULT: {"using":"xpath","value":"//bdi[text()=\"OK\"]"}
COMMAND: POST /session/10503a4dac92bcb2538d37e21df02b44/elements - {"using":"xpath","value":"//bdi[text()=\"OK\"]"}
RESULT: {"using":"xpath","value":"//bdi[text()=\"OK\"]"}
COMMAND: POST /session/10503a4dac92bcb2538d37e21df02b44/elements - {"using":"xpath","value":"//bdi[text()=\"OK\"]"}
RESULT: {"using":"xpath","value":"//bdi[text()=\"OK\"]"}
COMMAND: POST /session/10503a4dac92bcb2538d37e21df02b44/elements - {"using":"xpath","value":"//bdi[text()=\"OK\"]"}
RESULT: {"using":"xpath","value":"//bdi[text()=\"OK\"]"}
COMMAND: POST /session/10503a4dac92bcb2538d37e21df02b44/elements - {"using":"xpath","value":"//bdi[text()=\"OK\"]"}
RESULT: {"using":"xpath","value":"//bdi[text()=\"OK\"]"}
COMMAND: POST /session/10503a4dac92bcb2538d37e21df02b44/elements - {"using":"xpath","value":"//bdi[text()=\"OK\"]"}
RESULT: {"using":"xpath","value":"//bdi[text()=\"OK\"]"}
COMMAND: POST /session/10503a4dac92bcb2538d37e21df02b44/elements - {"using":"xpath","value":"//bdi[text()=\"OK\"]"}
RESULT: {"using":"xpath","value":"//bdi[text()=\"OK\"]"}
COMMAND: POST /session/10503a4dac92bcb2538d37e21df02b44/elements - {"using":"xpath","value":"//bdi[text()=\"OK\"]"}
RESULT: {"using":"xpath","value":"//bdi[text()=\"OK\"]"}
COMMAND: POST /session/10503a4dac92bcb2538d37e21df02b44/elements - {"using":"xpath","value":"//bdi[text()=\"OK\"]"}
RESULT: {"using":"xpath","value":"//bdi[text()=\"OK\"]"}
COMMAND: POST /session/10503a4dac92bcb2538d37e21df02b44/elements - {"using":"xpath","value":"//bdi[text()=\"OK\"]"}
RESULT: {"using":"xpath","value":"//bdi[text()=\"OK\"]"}
COMMAND: POST /session/10503a4dac92bcb2538d37e21df02b44/elements - {"using":"xpath","value":"//bdi[text()=\"OK\"]"}
RESULT: {"using":"xpath","value":"//bdi[text()=\"OK\"]"}
COMMAND: POST /session/10503a4dac92bcb2538d37e21df02b44/elements - {"using":"xpath","value":"//bdi[text()=\"OK\"]"}
RESULT: {"using":"xpath","value":"//bdi[text()=\"OK\"]"}
COMMAND: POST /session/10503a4dac92bcb2538d37e21df02b44/elements - {"using":"xpath","value":"//bdi[text()=\"OK\"]"}
RESULT: {"using":"xpath","value":"//bdi[text()=\"OK\"]"}
COMMAND: POST /session/10503a4dac92bcb2538d37e21df02b44/elements - {"using":"xpath","value":"//bdi[text()=\"OK\"]"}
RESULT: {"using":"xpath","value":"//bdi[text()=\"OK\"]"}
COMMAND: POST /session/10503a4dac92bcb2538d37e21df02b44/elements - {"using":"xpath","value":"//bdi[text()=\"OK\"]"}
RESULT: {"using":"xpath","value":"//bdi[text()=\"OK\"]"}
COMMAND: POST /session/10503a4dac92bcb2538d37e21df02b44/elements - {"using":"xpath","value":"//bdi[text()=\"OK\"]"}
RESULT: {"using":"xpath","value":"//bdi[text()=\"OK\"]"}
COMMAND: POST /session/10503a4dac92bcb2538d37e21df02b44/elements - {"using":"xpath","value":"//bdi[text()=\"OK\"]"}
RESULT: {"using":"xpath","value":"//bdi[text()=\"OK\"]"}
COMMAND: POST /session/10503a4dac92bcb2538d37e21df02b44/elements - {"using":"xpath","value":"//bdi[text()=\"OK\"]"}
RESULT: {"using":"xpath","value":"//bdi[text()=\"OK\"]"}
COMMAND: POST /session/10503a4dac92bcb2538d37e21df02b44/elements - {"using":"xpath","value":"//bdi[text()=\"OK\"]"}
RESULT: {"using":"xpath","value":"//bdi[text()=\"OK\"]"}
COMMAND: POST /session/10503a4dac92bcb2538d37e21df02b44/elements - {"using":"xpath","value":"//bdi[text()=\"OK\"]"}
RESULT: {"using":"xpath","value":"//bdi[text()=\"OK\"]"}
COMMAND: POST /session/10503a4dac92bcb2538d37e21df02b44/elements - {"using":"xpath","value":"//bdi[text()=\"OK\"]"}
RESULT: {"using":"xpath","value":"//bdi[text()=\"OK\"]"}
COMMAND: POST /session/10503a4dac92bcb2538d37e21df02b44/elements - {"using":"xpath","value":"//bdi[text()=\"OK\"]"}
RESULT: {"using":"xpath","value":"//bdi[text()=\"OK\"]"}
COMMAND: POST /session/10503a4dac92bcb2538d37e21df02b44/elements - {"using":"xpath","value":"//bdi[text()=\"OK\"]"}
RESULT: {"using":"xpath","value":"//bdi[text()=\"OK\"]"}
COMMAND: POST /session/10503a4dac92bcb2538d37e21df02b44/elements - {"using":"xpath","value":"//bdi[text()=\"OK\"]"}
RESULT: {"using":"xpath","value":"//bdi[text()=\"OK\"]"}
COMMAND: POST /session/10503a4dac92bcb2538d37e21df02b44/elements - {"using":"xpath","value":"//bdi[text()=\"OK\"]"}
RESULT: {"using":"xpath","value":"//bdi[text()=\"OK\"]"}
COMMAND: POST /session/10503a4dac92bcb2538d37e21df02b44/elements - {"using":"xpath","value":"//bdi[text()=\"OK\"]"}
RESULT: {"using":"xpath","value":"//bdi[text()=\"OK\"]"}
COMMAND: POST /session/10503a4dac92bcb2538d37e21df02b44/elements - {"using":"xpath","value":"//bdi[text()=\"OK\"]"}
RESULT: {"using":"xpath","value":"//bdi[text()=\"OK\"]"}
COMMAND: POST /session/10503a4dac92bcb2538d37e21df02b44/elements - {"using":"xpath","value":"//bdi[text()=\"OK\"]"}
RESULT: {"using":"xpath","value":"//bdi[text()=\"OK\"]"}
COMMAND: POST /session/10503a4dac92bcb2538d37e21df02b44/elements - {"using":"xpath","value":"//bdi[text()=\"OK\"]"}
RESULT: {"using":"xpath","value":"//bdi[text()=\"OK\"]"}
COMMAND: POST /session/10503a4dac92bcb2538d37e21df02b44/elements - {"using":"xpath","value":"//bdi[text()=\"OK\"]"}
RESULT: {"using":"xpath","value":"//bdi[text()=\"OK\"]"}
COMMAND: POST /session/10503a4dac92bcb2538d37e21df02b44/elements - {"using":"xpath","value":"//bdi[text()=\"OK\"]"}
RESULT: {"using":"xpath","value":"//bdi[text()=\"OK\"]"}
COMMAND: POST /session/10503a4dac92bcb2538d37e21df02b44/elements - {"using":"xpath","value":"//bdi[text()=\"OK\"]"}
RESULT: {"using":"xpath","value":"//bdi[text()=\"OK\"]"}
COMMAND: POST /session/10503a4dac92bcb2538d37e21df02b44/elements - {"using":"xpath","value":"//bdi[text()=\"OK\"]"}
RESULT: {"using":"xpath","value":"//bdi[text()=\"OK\"]"}
COMMAND: POST /session/10503a4dac92bcb2538d37e21df02b44/elements - {"using":"xpath","value":"//bdi[text()=\"OK\"]"}
RESULT: {"using":"xpath","value":"//bdi[text()=\"OK\"]"}
COMMAND: POST /session/10503a4dac92bcb2538d37e21df02b44/elements - {"using":"xpath","value":"//bdi[text()=\"OK\"]"}
RESULT: {"using":"xpath","value":"//bdi[text()=\"OK\"]"}
COMMAND: POST /session/10503a4dac92bcb2538d37e21df02b44/elements - {"using":"xpath","value":"//bdi[text()=\"OK\"]"}
RESULT: {"using":"xpath","value":"//bdi[text()=\"OK\"]"}
COMMAND: POST /session/10503a4dac92bcb2538d37e21df02b44/elements - {"using":"xpath","value":"//bdi[text()=\"OK\"]"}
RESULT: {"using":"xpath","value":"//bdi[text()=\"OK\"]"}
COMMAND: POST /session/10503a4dac92bcb2538d37e21df02b44/elements - {"using":"xpath","value":"//bdi[text()=\"OK\"]"}
RESULT: {"using":"xpath","value":"//bdi[text()=\"OK\"]"}
COMMAND: POST /session/10503a4dac92bcb2538d37e21df02b44/elements - {"using":"xpath","value":"//bdi[text()=\"OK\"]"}
RESULT: {"using":"xpath","value":"//bdi[text()=\"OK\"]"}
COMMAND: POST /session/10503a4dac92bcb2538d37e21df02b44/elements - {"using":"xpath","value":"//bdi[text()=\"OK\"]"}
RESULT: {"using":"xpath","value":"//bdi[text()=\"OK\"]"}
COMMAND: POST /session/10503a4dac92bcb2538d37e21df02b44/elements - {"using":"xpath","value":"//bdi[text()=\"OK\"]"}
RESULT: {"using":"xpath","value":"//bdi[text()=\"OK\"]"}
COMMAND: POST /session/10503a4dac92bcb2538d37e21df02b44/elements - {"using":"xpath","value":"//bdi[text()=\"OK\"]"}
RESULT: {"using":"xpath","value":"//bdi[text()=\"OK\"]"}
COMMAND: POST /session/10503a4dac92bcb2538d37e21df02b44/elements - {"using":"xpath","value":"//bdi[text()=\"OK\"]"}
RESULT: {"using":"xpath","value":"//bdi[text()=\"OK\"]"}
COMMAND: POST /session/10503a4dac92bcb2538d37e21df02b44/elements - {"using":"xpath","value":"//bdi[text()=\"OK\"]"}
RESULT: {"using":"xpath","value":"//bdi[text()=\"OK\"]"}
COMMAND: POST /session/10503a4dac92bcb2538d37e21df02b44/elements - {"using":"xpath","value":"//bdi[text()=\"OK\"]"}
RESULT: {"using":"xpath","value":"//bdi[text()=\"OK\"]"}
COMMAND: POST /session/10503a4dac92bcb2538d37e21df02b44/elements - {"using":"xpath","value":"//bdi[text()=\"OK\"]"}
RESULT: {"using":"xpath","value":"//bdi[text()=\"OK\"]"}
COMMAND: POST /session/10503a4dac92bcb2538d37e21df02b44/elements - {"using":"xpath","value":"//bdi[text()=\"OK\"]"}
RESULT: {"using":"xpath","value":"//bdi[text()=\"OK\"]"}
COMMAND: POST /session/10503a4dac92bcb2538d37e21df02b44/elements - {"using":"xpath","value":"//bdi[text()=\"OK\"]"}
RESULT: {"using":"xpath","value":"//bdi[text()=\"OK\"]"}
COMMAND: POST /session/10503a4dac92bcb2538d37e21df02b44/elements - {"using":"xpath","value":"//bdi[text()=\"OK\"]"}
RESULT: {"using":"xpath","value":"//bdi[text()=\"OK\"]"}
COMMAND: POST /session/10503a4dac92bcb2538d37e21df02b44/elements - {"using":"xpath","value":"//bdi[text()=\"OK\"]"}
RESULT: {"using":"xpath","value":"//bdi[text()=\"OK\"]"}
COMMAND: POST /session/10503a4dac92bcb2538d37e21df02b44/elements - {"using":"xpath","value":"//bdi[text()=\"OK\"]"}
RESULT: {"using":"xpath","value":"//bdi[text()=\"OK\"]"}
COMMAND: POST /session/10503a4dac92bcb2538d37e21df02b44/elements - {"using":"xpath","value":"//bdi[text()=\"OK\"]"}
RESULT: {"using":"xpath","value":"//bdi[text()=\"OK\"]"}
COMMAND: POST /session/10503a4dac92bcb2538d37e21df02b44/elements - {"using":"xpath","value":"//bdi[text()=\"OK\"]"}
RESULT: {"using":"xpath","value":"//bdi[text()=\"OK\"]"}
COMMAND: POST /session/10503a4dac92bcb2538d37e21df02b44/elements - {"using":"xpath","value":"//bdi[text()=\"OK\"]"}
RESULT: {"using":"xpath","value":"//bdi[text()=\"OK\"]"}
COMMAND: POST /session/10503a4dac92bcb2538d37e21df02b44/elements - {"using":"xpath","value":"//bdi[text()=\"OK\"]"}
RESULT: {"using":"xpath","value":"//bdi[text()=\"OK\"]"}
COMMAND: POST /session/10503a4dac92bcb2538d37e21df02b44/elements - {"using":"xpath","value":"//bdi[text()=\"OK\"]"}
RESULT: {"using":"xpath","value":"//bdi[text()=\"OK\"]"}
COMMAND: POST /session/10503a4dac92bcb2538d37e21df02b44/elements - {"using":"xpath","value":"//bdi[text()=\"OK\"]"}
RESULT: {"using":"xpath","value":"//bdi[text()=\"OK\"]"}
COMMAND: POST /session/10503a4dac92bcb2538d37e21df02b44/elements - {"using":"xpath","value":"//bdi[text()=\"OK\"]"}
RESULT: {"using":"xpath","value":"//bdi[text()=\"OK\"]"}
COMMAND: POST /session/10503a4dac92bcb2538d37e21df02b44/elements - {"using":"xpath","value":"//bdi[text()=\"OK\"]"}
RESULT: {"using":"xpath","value":"//bdi[text()=\"OK\"]"}
COMMAND: POST /session/10503a4dac92bcb2538d37e21df02b44/elements - {"using":"xpath","value":"//bdi[text()=\"OK\"]"}
RESULT: {"using":"xpath","value":"//bdi[text()=\"OK\"]"}
COMMAND: POST /session/10503a4dac92bcb2538d37e21df02b44/elements - {"using":"xpath","value":"//bdi[text()=\"OK\"]"}
RESULT: {"using":"xpath","value":"//bdi[text()=\"OK\"]"}
COMMAND: POST /session/10503a4dac92bcb2538d37e21df02b44/elements - {"using":"xpath","value":"//bdi[text()=\"OK\"]"}
RESULT: {"using":"xpath","value":"//bdi[text()=\"OK\"]"}
COMMAND: POST /session/10503a4dac92bcb2538d37e21df02b44/elements - {"using":"xpath","value":"//bdi[text()=\"OK\"]"}
RESULT: {"using":"xpath","value":"//bdi[text()=\"OK\"]"}
COMMAND: POST /session/10503a4dac92bcb2538d37e21df02b44/elements - {"using":"xpath","value":"//bdi[text()=\"OK\"]"}
RESULT: {"using":"xpath","value":"//bdi[text()=\"OK\"]"}
COMMAND: POST /session/10503a4dac92bcb2538d37e21df02b44/elements - {"using":"xpath","value":"//bdi[text()=\"OK\"]"}
RESULT: {"using":"xpath","value":"//bdi[text()=\"OK\"]"}
COMMAND: POST /session/10503a4dac92bcb2538d37e21df02b44/elements - {"using":"xpath","value":"//bdi[text()=\"OK\"]"}
RESULT: {"using":"xpath","value":"//bdi[text()=\"OK\"]"}
COMMAND: POST /session/10503a4dac92bcb2538d37e21df02b44/elements - {"using":"xpath","value":"//bdi[text()=\"OK\"]"}
RESULT: {"using":"xpath","value":"//bdi[text()=\"OK\"]"}
COMMAND: POST /session/10503a4dac92bcb2538d37e21df02b44/elements - {"using":"xpath","value":"//bdi[text()=\"OK\"]"}
RESULT: {"using":"xpath","value":"//bdi[text()=\"OK\"]"}
COMMAND: POST /session/10503a4dac92bcb2538d37e21df02b44/elements - {"using":"xpath","value":"//bdi[text()=\"OK\"]"}
RESULT: {"using":"xpath","value":"//bdi[text()=\"OK\"]"}
COMMAND: POST /session/10503a4dac92bcb2538d37e21df02b44/elements - {"using":"xpath","value":"//bdi[text()=\"OK\"]"}
RESULT: {"using":"xpath","value":"//bdi[text()=\"OK\"]"}
COMMAND: POST /session/10503a4dac92bcb2538d37e21df02b44/elements - {"using":"xpath","value":"//bdi[text()=\"OK\"]"}
RESULT: {"using":"xpath","value":"//bdi[text()=\"OK\"]"}
COMMAND: POST /session/10503a4dac92bcb2538d37e21df02b44/elements - {"using":"xpath","value":"//bdi[text()=\"OK\"]"}
RESULT: {"using":"xpath","value":"//bdi[text()=\"OK\"]"}
COMMAND: POST /session/10503a4dac92bcb2538d37e21df02b44/elements - {"using":"xpath","value":"//bdi[text()=\"OK\"]"}
RESULT: {"using":"xpath","value":"//bdi[text()=\"OK\"]"}
COMMAND: POST /session/10503a4dac92bcb2538d37e21df02b44/elements - {"using":"xpath","value":"//bdi[text()=\"OK\"]"}
RESULT: {"using":"xpath","value":"//bdi[text()=\"OK\"]"}
COMMAND: POST /session/10503a4dac92bcb2538d37e21df02b44/elements - {"using":"xpath","value":"//bdi[text()=\"OK\"]"}
RESULT: {"using":"xpath","value":"//bdi[text()=\"OK\"]"}
COMMAND: POST /session/10503a4dac92bcb2538d37e21df02b44/elements - {"using":"xpath","value":"//bdi[text()=\"OK\"]"}
RESULT: {"using":"xpath","value":"//bdi[text()=\"OK\"]"}
COMMAND: POST /session/10503a4dac92bcb2538d37e21df02b44/elements - {"using":"xpath","value":"//bdi[text()=\"OK\"]"}
RESULT: {"using":"xpath","value":"//bdi[text()=\"OK\"]"}
COMMAND: POST /session/10503a4dac92bcb2538d37e21df02b44/elements - {"using":"xpath","value":"//bdi[text()=\"OK\"]"}
RESULT: {"using":"xpath","value":"//bdi[text()=\"OK\"]"}
COMMAND: POST /session/10503a4dac92bcb2538d37e21df02b44/elements - {"using":"xpath","value":"//bdi[text()=\"OK\"]"}
RESULT: {"using":"xpath","value":"//bdi[text()=\"OK\"]"}
COMMAND: POST /session/10503a4dac92bcb2538d37e21df02b44/elements - {"using":"xpath","value":"//bdi[text()=\"OK\"]"}
RESULT: {"using":"xpath","value":"//bdi[text()=\"OK\"]"}
COMMAND: POST /session/10503a4dac92bcb2538d37e21df02b44/elements - {"using":"xpath","value":"//bdi[text()=\"OK\"]"}
RESULT: {"using":"xpath","value":"//bdi[text()=\"OK\"]"}
COMMAND: POST /session/10503a4dac92bcb2538d37e21df02b44/elements - {"using":"xpath","value":"//bdi[text()=\"OK\"]"}
RESULT: {"using":"xpath","value":"//bdi[text()=\"OK\"]"}
COMMAND: POST /session/10503a4dac92bcb2538d37e21df02b44/elements - {"using":"xpath","value":"//bdi[text()=\"OK\"]"}
RESULT: {"using":"xpath","value":"//bdi[text()=\"OK\"]"}
COMMAND: POST /session/10503a4dac92bcb2538d37e21df02b44/elements - {"using":"xpath","value":"//bdi[text()=\"OK\"]"}
COMMAND: POST /session/10503a4dac92bcb2538d37e21df02b44/execute/async - {"script":"<script> [1562 bytes]","args":[{"selector":{"id":"application-manageresources-display-component---newResourceUnit--TYPE-arrow"},"wdio_ui5_key":"applicationmanageresources-display-component---newResourceUnit--TYPE-arrow"}]}
RESULT: {"using":"xpath","value":"//bdi[text()=\"OK\"]"}
RESULT: {"script":"<script> [1562 bytes]","args":[{"selector":{"id":"application-manageresources-display-component---newResourceUnit--TYPE-arrow"},"wdio_ui5_key":"applicationmanageresources-display-component---newResourceUnit--TYPE-arrow"}]}
RESULT: undefined
COMMAND: POST /session/10503a4dac92bcb2538d37e21df02b44/element - {"using":"xpath","value":"//*[@id=\"application-manageresources-display-component---newResourceUnit--TYPE-arrow\"]"}
RESULT: {"using":"xpath","value":"//*[@id=\"application-manageresources-display-component---newResourceUnit--TYPE-arrow\"]"}
COMMAND: POST /session/10503a4dac92bcb2538d37e21df02b44/element/f.FDAF18A8ED6EACE6EA012090E3B5CAAE.d.45A428FA1D6717AC9EB41D923EF2C6D8.e.3471/click - {}
RESULT: {}
COMMAND: POST /session/10503a4dac92bcb2538d37e21df02b44/execute/async - {"script":"<script> [1562 bytes]","args":[{"selector":{"controlType":"sap.m.StandardListItem","viewName":"reusables.view.manageresources.NewResourceUnit","viewId":"application-manageresources-display-component---newResourceUnit","properties":{"title":"Material"},"searchOpenDialogs":true,"interaction":{"idSuffix":"titleText"}},"wdio_ui5_key":"reusablesview.manageresources.NewResourceUnitsap.m.StandardListItem{\"title\":\"Material\"}"}]}
COMMAND: GET /session/10503a4dac92bcb2538d37e21df02b44/screenshot - {}
RESULT: {"script":"<script> [1562 bytes]","args":[{"selector":{"controlType":"sap.m.StandardListItem","viewName":"reusables.view.manageresources.NewResourceUnit","viewId":"application-manageresources-display-component---newResourceUnit","properties":{"title":"Material"},"searchOpenDialogs":true,"interaction":{"idSuffix":"titleText"}},"wdio_ui5_key":"reusablesview.manageresources.NewResourceUnitsap.m.StandardListItem{\"title\":\"Material\"}"}]}
RESULT: undefined
COMMAND: POST /session/10503a4dac92bcb2538d37e21df02b44/element - {"using":"xpath","value":"//*[@id=\"__item1010\"]"}
RESULT: {}
RESULT: {"using":"xpath","value":"//*[@id=\"__item1010\"]"}
COMMAND: POST /session/10503a4dac92bcb2538d37e21df02b44/element/f.FDAF18A8ED6EACE6EA012090E3B5CAAE.d.45A428FA1D6717AC9EB41D923EF2C6D8.e.3474/click - {}
RESULT: {}
COMMAND: GET /session/10503a4dac92bcb2538d37e21df02b44/screenshot - {}
RESULT: {}
COMMAND: POST /session/10503a4dac92bcb2538d37e21df02b44/execute/async - {"script":"<script> [1562 bytes]","args":[{"selector":{"id":"application-manageresources-display-component---newResourceUnit--newRRUPage-OPHeaderContent-collapseBtn-img"},"wdio_ui5_key":"applicationmanageresources-display-component---newResourceUnit--newRRUPage-OPHeaderContent-collapseBtn-img"}]}
RESULT: {"script":"<script> [1562 bytes]","args":[{"selector":{"id":"application-manageresources-display-component---newResourceUnit--newRRUPage-OPHeaderContent-collapseBtn-img"},"wdio_ui5_key":"applicationmanageresources-display-component---newResourceUnit--newRRUPage-OPHeaderContent-collapseBtn-img"}]}
RESULT: undefined
COMMAND: POST /session/10503a4dac92bcb2538d37e21df02b44/element - {"using":"xpath","value":"//*[@id=\"application-manageresources-display-component---newResourceUnit--newRRUPage-OPHeaderContent-collapseBtn-img\"]"}
RESULT: {"using":"xpath","value":"//*[@id=\"application-manageresources-display-component---newResourceUnit--newRRUPage-OPHeaderContent-collapseBtn-img\"]"}
COMMAND: POST /session/10503a4dac92bcb2538d37e21df02b44/element/f.FDAF18A8ED6EACE6EA012090E3B5CAAE.d.45A428FA1D6717AC9EB41D923EF2C6D8.e.3481/click - {}
RESULT: {}
COMMAND: GET /session/10503a4dac92bcb2538d37e21df02b44/screenshot - {}
RESULT: {}
COMMAND: POST /session/10503a4dac92bcb2538d37e21df02b44/execute/async - {"script":"<script> [1562 bytes]","args":[{"selector":{"id":"application-manageresources-display-component---newResourceUnit--SHORT_TEXT","interaction":{"idSuffix":"inner"}},"wdio_ui5_key":"applicationmanageresources-display-component---newResourceUnit--SHORT_TEXT"}]}
RESULT: {"script":"<script> [1562 bytes]","args":[{"selector":{"id":"application-manageresources-display-component---newResourceUnit--SHORT_TEXT","interaction":{"idSuffix":"inner"}},"wdio_ui5_key":"applicationmanageresources-display-component---newResourceUnit--SHORT_TEXT"}]}
RESULT: undefined
COMMAND: POST /session/10503a4dac92bcb2538d37e21df02b44/execute/async - {"script":"<script> [776 bytes]","args":[{"enterText":"WebdriverWHM_RUR2C5ow35","selector":{"id":"application-manageresources-display-component---newResourceUnit--SHORT_TEXT","interaction":{"idSuffix":"inner"}},"clearTextFirst":true,"interactionType":"ENTER_TEXT"}]}
RESULT: {"script":"<script> [776 bytes]","args":[{"enterText":"WebdriverWHM_RUR2C5ow35","selector":{"id":"application-manageresources-display-component---newResourceUnit--SHORT_TEXT","interaction":{"idSuffix":"inner"}},"clearTextFirst":true,"interactionType":"ENTER_TEXT"}]}
COMMAND: POST /session/10503a4dac92bcb2538d37e21df02b44/execute/async - {"script":"<script> [1562 bytes]","args":[{"selector":{"id":"application-manageresources-display-component---newResourceUnit--BASE_UNIT_OF_MEASURE-arrow"},"wdio_ui5_key":"applicationmanageresources-display-component---newResourceUnit--BASE_UNIT_OF_MEASURE-arrow"}]}
RESULT: {"script":"<script> [1562 bytes]","args":[{"selector":{"id":"application-manageresources-display-component---newResourceUnit--BASE_UNIT_OF_MEASURE-arrow"},"wdio_ui5_key":"applicationmanageresources-display-component---newResourceUnit--BASE_UNIT_OF_MEASURE-arrow"}]}
RESULT: undefined
COMMAND: POST /session/10503a4dac92bcb2538d37e21df02b44/element - {"using":"xpath","value":"//*[@id=\"application-manageresources-display-component---newResourceUnit--BASE_UNIT_OF_MEASURE-arrow\"]"}
RESULT: {"using":"xpath","value":"//*[@id=\"application-manageresources-display-component---newResourceUnit--BASE_UNIT_OF_MEASURE-arrow\"]"}
COMMAND: POST /session/10503a4dac92bcb2538d37e21df02b44/element/f.FDAF18A8ED6EACE6EA012090E3B5CAAE.d.45A428FA1D6717AC9EB41D923EF2C6D8.e.3534/click - {}
RESULT: {}
COMMAND: POST /session/10503a4dac92bcb2538d37e21df02b44/execute/async - {"script":"<script> [1562 bytes]","args":[{"selector":{"controlType":"sap.m.StandardListItem","viewName":"reusables.view.manageresources.NewResourceUnit","viewId":"application-manageresources-display-component---newResourceUnit","properties":{"title":"Piece"},"searchOpenDialogs":true,"interaction":{"idSuffix":"content"}},"wdio_ui5_key":"reusablesview.manageresources.NewResourceUnitsap.m.StandardListItem{\"title\":\"Piece\"}"}]}
COMMAND: GET /session/10503a4dac92bcb2538d37e21df02b44/screenshot - {}
RESULT: {"script":"<script> [1562 bytes]","args":[{"selector":{"controlType":"sap.m.StandardListItem","viewName":"reusables.view.manageresources.NewResourceUnit","viewId":"application-manageresources-display-component---newResourceUnit","properties":{"title":"Piece"},"searchOpenDialogs":true,"interaction":{"idSuffix":"content"}},"wdio_ui5_key":"reusablesview.manageresources.NewResourceUnitsap.m.StandardListItem{\"title\":\"Piece\"}"}]}
RESULT: undefined
COMMAND: POST /session/10503a4dac92bcb2538d37e21df02b44/element - {"using":"xpath","value":"//*[@id=\"__item1054\"]"}
RESULT: {}
RESULT: {"using":"xpath","value":"//*[@id=\"__item1054\"]"}
COMMAND: POST /session/10503a4dac92bcb2538d37e21df02b44/element/f.FDAF18A8ED6EACE6EA012090E3B5CAAE.d.45A428FA1D6717AC9EB41D923EF2C6D8.e.3536/click - {}
RESULT: {}
COMMAND: POST /session/10503a4dac92bcb2538d37e21df02b44/execute/async - {"script":"<script> [1562 bytes]","args":[{"selector":{"id":"application-manageresources-display-component---newResourceUnit--WEIGHT_UNIT-arrow"},"wdio_ui5_key":"applicationmanageresources-display-component---newResourceUnit--WEIGHT_UNIT-arrow"}]}
COMMAND: GET /session/10503a4dac92bcb2538d37e21df02b44/screenshot - {}
RESULT: {"script":"<script> [1562 bytes]","args":[{"selector":{"id":"application-manageresources-display-component---newResourceUnit--WEIGHT_UNIT-arrow"},"wdio_ui5_key":"applicationmanageresources-display-component---newResourceUnit--WEIGHT_UNIT-arrow"}]}
RESULT: undefined
COMMAND: POST /session/10503a4dac92bcb2538d37e21df02b44/element - {"using":"xpath","value":"//*[@id=\"application-manageresources-display-component---newResourceUnit--WEIGHT_UNIT-arrow\"]"}
RESULT: {}
RESULT: {"using":"xpath","value":"//*[@id=\"application-manageresources-display-component---newResourceUnit--WEIGHT_UNIT-arrow\"]"}
COMMAND: POST /session/10503a4dac92bcb2538d37e21df02b44/element/f.FDAF18A8ED6EACE6EA012090E3B5CAAE.d.45A428FA1D6717AC9EB41D923EF2C6D8.e.3537/click - {}
RESULT: {}
COMMAND: POST /session/10503a4dac92bcb2538d37e21df02b44/execute/async - {"script":"<script> [1562 bytes]","args":[{"selector":{"controlType":"sap.m.StandardListItem","viewName":"reusables.view.manageresources.NewResourceUnit","viewId":"application-manageresources-display-component---newResourceUnit","properties":{"title":"Gram"},"searchOpenDialogs":true,"interaction":{"idSuffix":"content"}},"wdio_ui5_key":"reusablesview.manageresources.NewResourceUnitsap.m.StandardListItem{\"title\":\"Gram\"}"}]}
COMMAND: GET /session/10503a4dac92bcb2538d37e21df02b44/screenshot - {}
RESULT: {"script":"<script> [1562 bytes]","args":[{"selector":{"controlType":"sap.m.StandardListItem","viewName":"reusables.view.manageresources.NewResourceUnit","viewId":"application-manageresources-display-component---newResourceUnit","properties":{"title":"Gram"},"searchOpenDialogs":true,"interaction":{"idSuffix":"content"}},"wdio_ui5_key":"reusablesview.manageresources.NewResourceUnitsap.m.StandardListItem{\"title\":\"Gram\"}"}]}
RESULT: undefined
COMMAND: POST /session/10503a4dac92bcb2538d37e21df02b44/element - {"using":"xpath","value":"//*[@id=\"__item1119\"]"}
RESULT: {}
RESULT: {"using":"xpath","value":"//*[@id=\"__item1119\"]"}
COMMAND: POST /session/10503a4dac92bcb2538d37e21df02b44/element/f.FDAF18A8ED6EACE6EA012090E3B5CAAE.d.45A428FA1D6717AC9EB41D923EF2C6D8.e.3539/click - {}
RESULT: {}
COMMAND: POST /session/10503a4dac92bcb2538d37e21df02b44/element - {"using":"xpath","value":"//bdi[text()='Reference']"}
COMMAND: GET /session/10503a4dac92bcb2538d37e21df02b44/screenshot - {}
RESULT: {"using":"xpath","value":"//bdi[text()='Reference']"}
COMMAND: GET /session/10503a4dac92bcb2538d37e21df02b44/element/f.FDAF18A8ED6EACE6EA012090E3B5CAAE.d.45A428FA1D6717AC9EB41D923EF2C6D8.e.3540/enabled - {}
RESULT: {}
RESULT: {}
COMMAND: POST /session/10503a4dac92bcb2538d37e21df02b44/execute/sync - {"script":"<script> [8489 bytes]","args":[{"element-6066-11e4-a52e-4f735466cecf":"f.FDAF18A8ED6EACE6EA012090E3B5CAAE.d.45A428FA1D6717AC9EB41D923EF2C6D8.e.3540","ELEMENT":"f.FDAF18A8ED6EACE6EA012090E3B5CAAE.d.45A428FA1D6717AC9EB41D923EF2C6D8.e.3540"}]}
COMMAND: GET /session/10503a4dac92bcb2538d37e21df02b44/screenshot - {}
RESULT: {"script":"<script> [8489 bytes]","args":[{"element-6066-11e4-a52e-4f735466cecf":"f.FDAF18A8ED6EACE6EA012090E3B5CAAE.d.45A428FA1D6717AC9EB41D923EF2C6D8.e.3540","ELEMENT":"f.FDAF18A8ED6EACE6EA012090E3B5CAAE.d.45A428FA1D6717AC9EB41D923EF2C6D8.e.3540"}]}
COMMAND: POST /session/10503a4dac92bcb2538d37e21df02b44/execute/sync - {"script":"<script> [5351 bytes]","args":[{"element-6066-11e4-a52e-4f735466cecf":"f.FDAF18A8ED6EACE6EA012090E3B5CAAE.d.45A428FA1D6717AC9EB41D923EF2C6D8.e.3540","ELEMENT":"f.FDAF18A8ED6EACE6EA012090E3B5CAAE.d.45A428FA1D6717AC9EB41D923EF2C6D8.e.3540"}]}
COMMAND: GET /session/10503a4dac92bcb2538d37e21df02b44/screenshot - {}
RESULT: {}
RESULT: {"script":"<script> [5351 bytes]","args":[{"element-6066-11e4-a52e-4f735466cecf":"f.FDAF18A8ED6EACE6EA012090E3B5CAAE.d.45A428FA1D6717AC9EB41D923EF2C6D8.e.3540","ELEMENT":"f.FDAF18A8ED6EACE6EA012090E3B5CAAE.d.45A428FA1D6717AC9EB41D923EF2C6D8.e.3540"}]}
COMMAND: POST /session/10503a4dac92bcb2538d37e21df02b44/element/f.FDAF18A8ED6EACE6EA012090E3B5CAAE.d.45A428FA1D6717AC9EB41D923EF2C6D8.e.3540/click - {}
COMMAND: GET /session/10503a4dac92bcb2538d37e21df02b44/screenshot - {}
RESULT: {}
RESULT: {}
COMMAND: POST /session/10503a4dac92bcb2538d37e21df02b44/element - {"using":"xpath","value":"//bdi[text()='General Information']"}
COMMAND: GET /session/10503a4dac92bcb2538d37e21df02b44/screenshot - {}
RESULT: {}
RESULT: {"using":"xpath","value":"//bdi[text()='General Information']"}
COMMAND: GET /session/10503a4dac92bcb2538d37e21df02b44/element/f.FDAF18A8ED6EACE6EA012090E3B5CAAE.d.45A428FA1D6717AC9EB41D923EF2C6D8.e.3543/enabled - {}
RESULT: {}
RESULT: {}
COMMAND: POST /session/10503a4dac92bcb2538d37e21df02b44/execute/sync - {"script":"<script> [8489 bytes]","args":[{"element-6066-11e4-a52e-4f735466cecf":"f.FDAF18A8ED6EACE6EA012090E3B5CAAE.d.45A428FA1D6717AC9EB41D923EF2C6D8.e.3543","ELEMENT":"f.FDAF18A8ED6EACE6EA012090E3B5CAAE.d.45A428FA1D6717AC9EB41D923EF2C6D8.e.3543"}]}
COMMAND: GET /session/10503a4dac92bcb2538d37e21df02b44/screenshot - {}
RESULT: {"script":"<script> [8489 bytes]","args":[{"element-6066-11e4-a52e-4f735466cecf":"f.FDAF18A8ED6EACE6EA012090E3B5CAAE.d.45A428FA1D6717AC9EB41D923EF2C6D8.e.3543","ELEMENT":"f.FDAF18A8ED6EACE6EA012090E3B5CAAE.d.45A428FA1D6717AC9EB41D923EF2C6D8.e.3543"}]}
COMMAND: POST /session/10503a4dac92bcb2538d37e21df02b44/execute/sync - {"script":"<script> [5351 bytes]","args":[{"element-6066-11e4-a52e-4f735466cecf":"f.FDAF18A8ED6EACE6EA012090E3B5CAAE.d.45A428FA1D6717AC9EB41D923EF2C6D8.e.3543","ELEMENT":"f.FDAF18A8ED6EACE6EA012090E3B5CAAE.d.45A428FA1D6717AC9EB41D923EF2C6D8.e.3543"}]}
COMMAND: GET /session/10503a4dac92bcb2538d37e21df02b44/screenshot - {}
RESULT: {}
RESULT: {"script":"<script> [5351 bytes]","args":[{"element-6066-11e4-a52e-4f735466cecf":"f.FDAF18A8ED6EACE6EA012090E3B5CAAE.d.45A428FA1D6717AC9EB41D923EF2C6D8.e.3543","ELEMENT":"f.FDAF18A8ED6EACE6EA012090E3B5CAAE.d.45A428FA1D6717AC9EB41D923EF2C6D8.e.3543"}]}
COMMAND: POST /session/10503a4dac92bcb2538d37e21df02b44/element/f.FDAF18A8ED6EACE6EA012090E3B5CAAE.d.45A428FA1D6717AC9EB41D923EF2C6D8.e.3543/click - {}
COMMAND: GET /session/10503a4dac92bcb2538d37e21df02b44/screenshot - {}
RESULT: {}
RESULT: {}
COMMAND: POST /session/10503a4dac92bcb2538d37e21df02b44/execute/async - {"script":"<script> [1562 bytes]","args":[{"selector":{"id":"application-manageresources-display-component---newResourceUnit--DIMENSION_UNIT-arrow"},"wdio_ui5_key":"applicationmanageresources-display-component---newResourceUnit--DIMENSION_UNIT-arrow"}]}
COMMAND: GET /session/10503a4dac92bcb2538d37e21df02b44/screenshot - {}
RESULT: {}
RESULT: {"script":"<script> [1562 bytes]","args":[{"selector":{"id":"application-manageresources-display-component---newResourceUnit--DIMENSION_UNIT-arrow"},"wdio_ui5_key":"applicationmanageresources-display-component---newResourceUnit--DIMENSION_UNIT-arrow"}]}
RESULT: undefined
COMMAND: POST /session/10503a4dac92bcb2538d37e21df02b44/element - {"using":"xpath","value":"//*[@id=\"application-manageresources-display-component---newResourceUnit--DIMENSION_UNIT-arrow\"]"}
RESULT: {}
RESULT: {"using":"xpath","value":"//*[@id=\"application-manageresources-display-component---newResourceUnit--DIMENSION_UNIT-arrow\"]"}
COMMAND: POST /session/10503a4dac92bcb2538d37e21df02b44/element/f.FDAF18A8ED6EACE6EA012090E3B5CAAE.d.45A428FA1D6717AC9EB41D923EF2C6D8.e.3547/click - {}
RESULT: {}
COMMAND: GET /session/10503a4dac92bcb2538d37e21df02b44/screenshot - {}
RESULT: {}
COMMAND: POST /session/10503a4dac92bcb2538d37e21df02b44/execute/async - {"script":"<script> [1562 bytes]","args":[{"selector":{"controlType":"sap.m.StandardListItem","viewName":"reusables.view.manageresources.NewResourceUnit","viewId":"application-manageresources-display-component---newResourceUnit","properties":{"title":"Centimeter"},"searchOpenDialogs":true,"interaction":{"idSuffix":"titleText"}},"wdio_ui5_key":"reusablesview.manageresources.NewResourceUnitsap.m.StandardListItem{\"title\":\"Centimeter\"}"}]}
RESULT: {"script":"<script> [1562 bytes]","args":[{"selector":{"controlType":"sap.m.StandardListItem","viewName":"reusables.view.manageresources.NewResourceUnit","viewId":"application-manageresources-display-component---newResourceUnit","properties":{"title":"Centimeter"},"searchOpenDialogs":true,"interaction":{"idSuffix":"titleText"}},"wdio_ui5_key":"reusablesview.manageresources.NewResourceUnitsap.m.StandardListItem{\"title\":\"Centimeter\"}"}]}
RESULT: undefined
COMMAND: POST /session/10503a4dac92bcb2538d37e21df02b44/element - {"using":"xpath","value":"//*[@id=\"__item1122\"]"}
RESULT: {"using":"xpath","value":"//*[@id=\"__item1122\"]"}
COMMAND: POST /session/10503a4dac92bcb2538d37e21df02b44/element/f.FDAF18A8ED6EACE6EA012090E3B5CAAE.d.45A428FA1D6717AC9EB41D923EF2C6D8.e.3549/click - {}
RESULT: {}
COMMAND: POST /session/10503a4dac92bcb2538d37e21df02b44/execute/async - {"script":"<script> [1562 bytes]","args":[{"selector":{"id":"application-manageresources-display-component---newResourceUnit--newRRUPage-anchBar-application-manageresources-display-component---newResourceUnit--reference-anchor","interaction":{"idSuffix":"BDI-content"}},"wdio_ui5_key":"applicationmanageresources-display-component---newResourceUnit--newRRUPage-anchBar-application-manageresources-display-component---newResourceUnit--reference-anchor"}]}
COMMAND: GET /session/10503a4dac92bcb2538d37e21df02b44/screenshot - {}
RESULT: {}
RESULT: {"script":"<script> [1562 bytes]","args":[{"selector":{"id":"application-manageresources-display-component---newResourceUnit--newRRUPage-anchBar-application-manageresources-display-component---newResourceUnit--reference-anchor","interaction":{"idSuffix":"BDI-content"}},"wdio_ui5_key":"applicationmanageresources-display-component---newResourceUnit--newRRUPage-anchBar-application-manageresources-display-component---newResourceUnit--reference-anchor"}]}
RESULT: undefined
COMMAND: POST /session/10503a4dac92bcb2538d37e21df02b44/element - {"using":"xpath","value":"//*[@id=\"application-manageresources-display-component---newResourceUnit--newRRUPage-anchBar-application-manageresources-display-component---newResourceUnit--reference-anchor\"]"}
RESULT: {"using":"xpath","value":"//*[@id=\"application-manageresources-display-component---newResourceUnit--newRRUPage-anchBar-application-manageresources-display-component---newResourceUnit--reference-anchor\"]"}
COMMAND: POST /session/10503a4dac92bcb2538d37e21df02b44/element/f.FDAF18A8ED6EACE6EA012090E3B5CAAE.d.45A428FA1D6717AC9EB41D923EF2C6D8.e.3541/click - {}
RESULT: {}
COMMAND: POST /session/10503a4dac92bcb2538d37e21df02b44/execute/async - {"script":"<script> [1562 bytes]","args":[{"selector":{"id":"application-manageresources-display-component---newResourceUnit--PLANNING_GROUP-arrow"},"wdio_ui5_key":"applicationmanageresources-display-component---newResourceUnit--PLANNING_GROUP-arrow"}]}
COMMAND: GET /session/10503a4dac92bcb2538d37e21df02b44/screenshot - {}
RESULT: {"script":"<script> [1562 bytes]","args":[{"selector":{"id":"application-manageresources-display-component---newResourceUnit--PLANNING_GROUP-arrow"},"wdio_ui5_key":"applicationmanageresources-display-component---newResourceUnit--PLANNING_GROUP-arrow"}]}
RESULT: undefined
COMMAND: POST /session/10503a4dac92bcb2538d37e21df02b44/element - {"using":"xpath","value":"//*[@id=\"application-manageresources-display-component---newResourceUnit--PLANNING_GROUP-arrow\"]"}
RESULT: {}
RESULT: {"using":"xpath","value":"//*[@id=\"application-manageresources-display-component---newResourceUnit--PLANNING_GROUP-arrow\"]"}
COMMAND: POST /session/10503a4dac92bcb2538d37e21df02b44/element/f.FDAF18A8ED6EACE6EA012090E3B5CAAE.d.45A428FA1D6717AC9EB41D923EF2C6D8.e.3550/click - {}
RESULT: {}
COMMAND: POST /session/10503a4dac92bcb2538d37e21df02b44/execute/async - {"script":"<script> [1562 bytes]","args":[{"selector":{"controlType":"sap.m.StandardListItem","viewName":"reusables.view.manageresources.NewResourceUnit","viewId":"application-manageresources-display-component---newResourceUnit","properties":{"title":"Heavy Equi"},"searchOpenDialogs":true,"interaction":{"idSuffix":"content"}},"wdio_ui5_key":"reusablesview.manageresources.NewResourceUnitsap.m.StandardListItem{\"title\":\"Heavy Equi\"}"}]}
COMMAND: GET /session/10503a4dac92bcb2538d37e21df02b44/screenshot - {}
RESULT: {"script":"<script> [1562 bytes]","args":[{"selector":{"controlType":"sap.m.StandardListItem","viewName":"reusables.view.manageresources.NewResourceUnit","viewId":"application-manageresources-display-component---newResourceUnit","properties":{"title":"Heavy Equi"},"searchOpenDialogs":true,"interaction":{"idSuffix":"content"}},"wdio_ui5_key":"reusablesview.manageresources.NewResourceUnitsap.m.StandardListItem{\"title\":\"Heavy Equi\"}"}]}
RESULT: undefined
COMMAND: POST /session/10503a4dac92bcb2538d37e21df02b44/element - {"using":"xpath","value":"//*[@id=\"__item1130\"]"}
RESULT: {}
RESULT: {"using":"xpath","value":"//*[@id=\"__item1130\"]"}
COMMAND: POST /session/10503a4dac92bcb2538d37e21df02b44/element/f.FDAF18A8ED6EACE6EA012090E3B5CAAE.d.45A428FA1D6717AC9EB41D923EF2C6D8.e.3552/click - {}
RESULT: {}
COMMAND: GET /session/10503a4dac92bcb2538d37e21df02b44/screenshot - {}
RESULT: {}
COMMAND: POST /session/10503a4dac92bcb2538d37e21df02b44/execute/async - {"script":"<script> [1562 bytes]","args":[{"selector":{"id":"application-manageresources-display-component---newResourceUnit--PLANNING_INDICATOR-arrow"},"wdio_ui5_key":"applicationmanageresources-display-component---newResourceUnit--PLANNING_INDICATOR-arrow"}]}
RESULT: {"script":"<script> [1562 bytes]","args":[{"selector":{"id":"application-manageresources-display-component---newResourceUnit--PLANNING_INDICATOR-arrow"},"wdio_ui5_key":"applicationmanageresources-display-component---newResourceUnit--PLANNING_INDICATOR-arrow"}]}
RESULT: undefined
COMMAND: POST /session/10503a4dac92bcb2538d37e21df02b44/element - {"using":"xpath","value":"//*[@id=\"application-manageresources-display-component---newResourceUnit--PLANNING_INDICATOR-arrow\"]"}
RESULT: {"using":"xpath","value":"//*[@id=\"application-manageresources-display-component---newResourceUnit--PLANNING_INDICATOR-arrow\"]"}
COMMAND: POST /session/10503a4dac92bcb2538d37e21df02b44/element/f.FDAF18A8ED6EACE6EA012090E3B5CAAE.d.45A428FA1D6717AC9EB41D923EF2C6D8.e.3553/click - {}
RESULT: {}
COMMAND: POST /session/10503a4dac92bcb2538d37e21df02b44/execute/async - {"script":"<script> [1562 bytes]","args":[{"selector":{"controlType":"sap.m.StandardListItem","viewName":"reusables.view.manageresources.NewResourceUnit","viewId":"application-manageresources-display-component---newResourceUnit","properties":{"title":"10 - infinite"},"searchOpenDialogs":true,"interaction":{"idSuffix":"content"}},"wdio_ui5_key":"reusablesview.manageresources.NewResourceUnitsap.m.StandardListItem{\"title\":\"10 - infinite\"}"}]}
COMMAND: GET /session/10503a4dac92bcb2538d37e21df02b44/screenshot - {}
RESULT: {"script":"<script> [1562 bytes]","args":[{"selector":{"controlType":"sap.m.StandardListItem","viewName":"reusables.view.manageresources.NewResourceUnit","viewId":"application-manageresources-display-component---newResourceUnit","properties":{"title":"10 - infinite"},"searchOpenDialogs":true,"interaction":{"idSuffix":"content"}},"wdio_ui5_key":"reusablesview.manageresources.NewResourceUnitsap.m.StandardListItem{\"title\":\"10 - infinite\"}"}]}
RESULT: undefined
COMMAND: POST /session/10503a4dac92bcb2538d37e21df02b44/element - {"using":"xpath","value":"//*[@id=\"__item1140\"]"}
RESULT: {}
RESULT: {"using":"xpath","value":"//*[@id=\"__item1140\"]"}
COMMAND: POST /session/10503a4dac92bcb2538d37e21df02b44/element/f.FDAF18A8ED6EACE6EA012090E3B5CAAE.d.45A428FA1D6717AC9EB41D923EF2C6D8.e.3555/click - {}
RESULT: {}
COMMAND: GET /session/10503a4dac92bcb2538d37e21df02b44/screenshot - {}
RESULT: {}
COMMAND: POST /session/10503a4dac92bcb2538d37e21df02b44/element - {"using":"xpath","value":"//bdi[contains(text(), \"Time Segment\")]"}
RESULT: {"using":"xpath","value":"//bdi[contains(text(), \"Time Segment\")]"}
COMMAND: GET /session/10503a4dac92bcb2538d37e21df02b44/element/f.FDAF18A8ED6EACE6EA012090E3B5CAAE.d.45A428FA1D6717AC9EB41D923EF2C6D8.e.3556/rect - {}
RESULT: {}
COMMAND: GET /session/10503a4dac92bcb2538d37e21df02b44/window/rect - {}
RESULT: {}
COMMAND: POST /session/10503a4dac92bcb2538d37e21df02b44/execute/sync - {"script":"<script> [92 bytes]","args":[]}
RESULT: {"script":"<script> [92 bytes]","args":[]}
COMMAND: POST /session/10503a4dac92bcb2538d37e21df02b44/actions - {"actions":[{"id":"action13","type":"wheel","parameters":{},"actions":[{"type":"scroll","x":-1804,"y":-21,"deltaX":0,"deltaY":0,"duration":0,"origin":{"element-6066-11e4-a52e-4f735466cecf":"f.FDAF18A8ED6EACE6EA012090E3B5CAAE.d.45A428FA1D6717AC9EB41D923EF2C6D8.e.3556"}}]}]}
COMMAND: GET /session/10503a4dac92bcb2538d37e21df02b44/screenshot - {}
RESULT: {}
COMMAND: POST /session/10503a4dac92bcb2538d37e21df02b44/execute/sync - {"script":"<script> [79 bytes]","args":[{"element-6066-11e4-a52e-4f735466cecf":"f.FDAF18A8ED6EACE6EA012090E3B5CAAE.d.45A428FA1D6717AC9EB41D923EF2C6D8.e.3556","ELEMENT":"f.FDAF18A8ED6EACE6EA012090E3B5CAAE.d.45A428FA1D6717AC9EB41D923EF2C6D8.e.3556"},{"block":"start","inline":"nearest"}]}
RESULT: {"script":"<script> [79 bytes]","args":[{"element-6066-11e4-a52e-4f735466cecf":"f.FDAF18A8ED6EACE6EA012090E3B5CAAE.d.45A428FA1D6717AC9EB41D923EF2C6D8.e.3556","ELEMENT":"f.FDAF18A8ED6EACE6EA012090E3B5CAAE.d.45A428FA1D6717AC9EB41D923EF2C6D8.e.3556"},{"block":"start","inline":"nearest"}]}
COMMAND: GET /session/10503a4dac92bcb2538d37e21df02b44/screenshot - {}
RESULT: {}
COMMAND: POST /session/10503a4dac92bcb2538d37e21df02b44/element - {"using":"xpath","value":"//span[@id=\"application-manageresources-display-component---newResourceUnit--btnAddTimeSegment-img\"]"}
RESULT: {"using":"xpath","value":"//span[@id=\"application-manageresources-display-component---newResourceUnit--btnAddTimeSegment-img\"]"}
COMMAND: POST /session/10503a4dac92bcb2538d37e21df02b44/execute/sync - {"script":"<script> [8489 bytes]","args":[{"element-6066-11e4-a52e-4f735466cecf":"f.FDAF18A8ED6EACE6EA012090E3B5CAAE.d.45A428FA1D6717AC9EB41D923EF2C6D8.e.3559","ELEMENT":"f.FDAF18A8ED6EACE6EA012090E3B5CAAE.d.45A428FA1D6717AC9EB41D923EF2C6D8.e.3559"}]}
RESULT: {"script":"<script> [8489 bytes]","args":[{"element-6066-11e4-a52e-4f735466cecf":"f.FDAF18A8ED6EACE6EA012090E3B5CAAE.d.45A428FA1D6717AC9EB41D923EF2C6D8.e.3559","ELEMENT":"f.FDAF18A8ED6EACE6EA012090E3B5CAAE.d.45A428FA1D6717AC9EB41D923EF2C6D8.e.3559"}]}
COMMAND: POST /session/10503a4dac92bcb2538d37e21df02b44/element/f.FDAF18A8ED6EACE6EA012090E3B5CAAE.d.45A428FA1D6717AC9EB41D923EF2C6D8.e.3559/click - {}
COMMAND: GET /session/10503a4dac92bcb2538d37e21df02b44/screenshot - {}
RESULT: {}
COMMAND: GET /session/10503a4dac92bcb2538d37e21df02b44/screenshot - {}
COMMAND: POST /session/10503a4dac92bcb2538d37e21df02b44/element - {"using":"xpath","value":"//input[@id=\"application-manageresources-display-component---newResourceUnit--idRuTSAdmin-application-manageresources-display-component---newResourceUnit--RUTimeSegment-0-inner\"]"}
RESULT: {}
RESULT: {}
RESULT: {"using":"xpath","value":"//input[@id=\"application-manageresources-display-component---newResourceUnit--idRuTSAdmin-application-manageresources-display-component---newResourceUnit--RUTimeSegment-0-inner\"]"}
COMMAND: POST /session/10503a4dac92bcb2538d37e21df02b44/element/f.FDAF18A8ED6EACE6EA012090E3B5CAAE.d.45A428FA1D6717AC9EB41D923EF2C6D8.e.3562/clear - {}
RESULT: {}
COMMAND: POST /session/10503a4dac92bcb2538d37e21df02b44/element/f.FDAF18A8ED6EACE6EA012090E3B5CAAE.d.45A428FA1D6717AC9EB41D923EF2C6D8.e.3562/value - {"text":"525"}
COMMAND: GET /session/10503a4dac92bcb2538d37e21df02b44/screenshot - {}
RESULT: {"text":"525"}
COMMAND: GET /session/10503a4dac92bcb2538d37e21df02b44/screenshot - {}
RESULT: {}
RESULT: {}
COMMAND: POST /session/10503a4dac92bcb2538d37e21df02b44/actions - {"actions":[{"id":"action14","type":"key","parameters":{},"actions":[{"type":"keyDown","value":"î€‡"},{"type":"pause","duration":10},{"type":"keyUp","value":"î€‡"}]}]}
RESULT: {"actions":[{"id":"action14","type":"key","parameters":{},"actions":[{"type":"keyDown","value":"î€‡"},{"type":"pause","duration":10},{"type":"keyUp","value":"î€‡"}]}]}
COMMAND: POST /session/10503a4dac92bcb2538d37e21df02b44/execute/async - {"script":"<script> [1562 bytes]","args":[{"selector":{"controlType":"sap.m.Button","viewName":"reusables.view.manageresources.NewResourceUnit","viewId":"application-manageresources-display-component---newResourceUnit","i18NText":{"propertyName":"tooltip","key":"save"},"interaction":{"idSuffix":"BDI-content"}},"wdio_ui5_key":"reusablesview.manageresources.NewResourceUnitsap.m.Button{\"propertyName\":\"tooltip\",\"key\":\"save\"}"}]}
COMMAND: GET /session/10503a4dac92bcb2538d37e21df02b44/screenshot - {}
RESULT: {"script":"<script> [1562 bytes]","args":[{"selector":{"controlType":"sap.m.Button","viewName":"reusables.view.manageresources.NewResourceUnit","viewId":"application-manageresources-display-component---newResourceUnit","i18NText":{"propertyName":"tooltip","key":"save"},"interaction":{"idSuffix":"BDI-content"}},"wdio_ui5_key":"reusablesview.manageresources.NewResourceUnitsap.m.Button{\"propertyName\":\"tooltip\",\"key\":\"save\"}"}]}
RESULT: undefined
COMMAND: POST /session/10503a4dac92bcb2538d37e21df02b44/element - {"using":"xpath","value":"//*[@id=\"application-manageresources-display-component---newResourceUnit--createRuButton\"]"}
RESULT: {}
RESULT: {"using":"xpath","value":"//*[@id=\"application-manageresources-display-component---newResourceUnit--createRuButton\"]"}
COMMAND: POST /session/10503a4dac92bcb2538d37e21df02b44/element/f.FDAF18A8ED6EACE6EA012090E3B5CAAE.d.45A428FA1D6717AC9EB41D923EF2C6D8.e.3487/click - {}
RESULT: {}
COMMAND: GET /session/10503a4dac92bcb2538d37e21df02b44/screenshot - {}
RESULT: {}
COMMAND: POST /session/10503a4dac92bcb2538d37e21df02b44/execute/async - {"script":"<script> [1562 bytes]","args":[{"selector":{"controlType":"sap.m.Title","properties":{"text":"Success"},"searchOpenDialogs":true},"wdio_ui5_key":"sapm.Title{\"text\":\"Success\"}"}]}
RESULT: {"script":"<script> [1562 bytes]","args":[{"selector":{"controlType":"sap.m.Title","properties":{"text":"Success"},"searchOpenDialogs":true},"wdio_ui5_key":"sapm.Title{\"text\":\"Success\"}"}]}
RESULT: undefined
COMMAND: POST /session/10503a4dac92bcb2538d37e21df02b44/execute/async - {"script":"<script> [6424 bytes]","args":[{"element-6066-11e4-a52e-4f735466cecf":"f.FDAF18A8ED6EACE6EA012090E3B5CAAE.d.45A428FA1D6717AC9EB41D923EF2C6D8.e.3576"},"getText",[]]}
RESULT: {"script":"<script> [6424 bytes]","args":[{"element-6066-11e4-a52e-4f735466cecf":"f.FDAF18A8ED6EACE6EA012090E3B5CAAE.d.45A428FA1D6717AC9EB41D923EF2C6D8.e.3576"},"getText",[]]}
COMMAND: POST /session/10503a4dac92bcb2538d37e21df02b44/element - {"using":"xpath","value":"//*[contains(@id, '__text') and (contains(text(), 'successfully created') or contains(., 'successfully created'))]"}
RESULT: {"using":"xpath","value":"//*[contains(@id, '__text') and (contains(text(), 'successfully created') or contains(., 'successfully created'))]"}
COMMAND: GET /session/10503a4dac92bcb2538d37e21df02b44/element/f.FDAF18A8ED6EACE6EA012090E3B5CAAE.d.45A428FA1D6717AC9EB41D923EF2C6D8.e.3574/text - {}
RESULT: {}
COMMAND: POST /session/10503a4dac92bcb2538d37e21df02b44/execute/async - {"script":"<script> [1562 bytes]","args":[{"selector":{"controlType":"sap.m.Button","properties":{"text":"Close"},"searchOpenDialogs":true,"interaction":{"idSuffix":"BDI-content"}},"wdio_ui5_key":"sapm.Button{\"text\":\"Close\"}"}]}
RESULT: {"script":"<script> [1562 bytes]","args":[{"selector":{"controlType":"sap.m.Button","properties":{"text":"Close"},"searchOpenDialogs":true,"interaction":{"idSuffix":"BDI-content"}},"wdio_ui5_key":"sapm.Button{\"text\":\"Close\"}"}]}
RESULT: undefined
COMMAND: POST /session/10503a4dac92bcb2538d37e21df02b44/element - {"using":"xpath","value":"//*[@id=\"__mbox-btn-0\"]"}
RESULT: {"using":"xpath","value":"//*[@id=\"__mbox-btn-0\"]"}
COMMAND: POST /session/10503a4dac92bcb2538d37e21df02b44/element/f.FDAF18A8ED6EACE6EA012090E3B5CAAE.d.45A428FA1D6717AC9EB41D923EF2C6D8.e.3572/click - {}
RESULT: {}
COMMAND: GET /session/10503a4dac92bcb2538d37e21df02b44/screenshot - {}
RESULT: {}
COMMAND: POST /session/10503a4dac92bcb2538d37e21df02b44/execute/async - {"script":"<script> [1562 bytes]","args":[{"selector":{"controlType":"sap.ui.core.Icon","viewName":"etm.portal.ui.manageresources.view.Detail","viewId":"application-manageresources-display-component---detailRU","properties":{"src":{"regex":{"source":"overflow"}}}},"wdio_ui5_key":"etmportal.ui.manageresources.view.Detailsap.ui.core.Icon{\"src\":{\"regex\":{\"source\":\"overflow\"}}}"}]}
RESULT: {"script":"<script> [1562 bytes]","args":[{"selector":{"controlType":"sap.ui.core.Icon","viewName":"etm.portal.ui.manageresources.view.Detail","viewId":"application-manageresources-display-component---detailRU","properties":{"src":{"regex":{"source":"overflow"}}}},"wdio_ui5_key":"etmportal.ui.manageresources.view.Detailsap.ui.core.Icon{\"src\":{\"regex\":{\"source\":\"overflow\"}}}"}]}
RESULT: undefined
COMMAND: POST /session/10503a4dac92bcb2538d37e21df02b44/element - {"using":"xpath","value":"//*[@id=\"__title35-_actionsToolbar-overflowButton-img\"]"}
RESULT: {"using":"xpath","value":"//*[@id=\"__title35-_actionsToolbar-overflowButton-img\"]"}
COMMAND: POST /session/10503a4dac92bcb2538d37e21df02b44/element/f.FDAF18A8ED6EACE6EA012090E3B5CAAE.d.45A428FA1D6717AC9EB41D923EF2C6D8.e.3604/click - {}
RESULT: {}
COMMAND: POST /session/10503a4dac92bcb2538d37e21df02b44/execute/async - {"script":"<script> [1562 bytes]","args":[{"selector":{"controlType":"sap.m.Button","viewName":"etm.portal.ui.manageresources.view.Detail","viewId":"application-manageresources-display-component---detailRU","i18NText":{"propertyName":"tooltip","key":"closeColumn"},"searchOpenDialogs":true,"interaction":{"idSuffix":"inner"}},"wdio_ui5_key":"etmportal.ui.manageresources.view.Detailsap.m.Button{\"propertyName\":\"tooltip\",\"key\":\"closeColumn\"}"}]}
COMMAND: GET /session/10503a4dac92bcb2538d37e21df02b44/screenshot - {}
RESULT: {"script":"<script> [1562 bytes]","args":[{"selector":{"controlType":"sap.m.Button","viewName":"etm.portal.ui.manageresources.view.Detail","viewId":"application-manageresources-display-component---detailRU","i18NText":{"propertyName":"tooltip","key":"closeColumn"},"searchOpenDialogs":true,"interaction":{"idSuffix":"inner"}},"wdio_ui5_key":"etmportal.ui.manageresources.view.Detailsap.m.Button{\"propertyName\":\"tooltip\",\"key\":\"closeColumn\"}"}]}
RESULT: undefined
COMMAND: POST /session/10503a4dac92bcb2538d37e21df02b44/element - {"using":"xpath","value":"//*[@id=\"__button146\"]"}
RESULT: {}
RESULT: {"using":"xpath","value":"//*[@id=\"__button146\"]"}
COMMAND: POST /session/10503a4dac92bcb2538d37e21df02b44/element/f.FDAF18A8ED6EACE6EA012090E3B5CAAE.d.45A428FA1D6717AC9EB41D923EF2C6D8.e.3606/click - {}
RESULT: {}
COMMAND: POST /session/10503a4dac92bcb2538d37e21df02b44/element - {"using":"css selector","value":"#shell-header-logo"}
COMMAND: GET /session/10503a4dac92bcb2538d37e21df02b44/screenshot - {}
RESULT: {"using":"css selector","value":"#shell-header-logo"}
COMMAND: POST /session/10503a4dac92bcb2538d37e21df02b44/element/f.FDAF18A8ED6EACE6EA012090E3B5CAAE.d.45A428FA1D6717AC9EB41D923EF2C6D8.e.3067/click - {}
RESULT: {}
RESULT: {}
COMMAND: GET /session/10503a4dac92bcb2538d37e21df02b44/screenshot - {}
RESULT: {}
]]></system-out>
    </testcase>
    <testcase classname="chrome.135_0_7049_96.windows.Stock_increase_-_with_WHM_US125587" name="Bin Status Report Should Create New Organization yard" time="42.754">
      <system-out><![CDATA[
COMMAND: POST /session/10503a4dac92bcb2538d37e21df02b44/element - {"using":"xpath","value":"//div[text()='Warehouse']"}
RESULT: {"using":"xpath","value":"//div[text()='Warehouse']"}
COMMAND: POST /session/10503a4dac92bcb2538d37e21df02b44/elements - {"using":"xpath","value":"//div[text()='Warehouse']"}
RESULT: {"using":"xpath","value":"//div[text()='Warehouse']"}
COMMAND: POST /session/10503a4dac92bcb2538d37e21df02b44/element/f.FDAF18A8ED6EACE6EA012090E3B5CAAE.d.45A428FA1D6717AC9EB41D923EF2C6D8.e.3778/click - {}
RESULT: {}
COMMAND: POST /session/10503a4dac92bcb2538d37e21df02b44/execute/async - {"script":"<script> [1562 bytes]","args":[{"selector":{"controlType":"sap.m.GenericTile","properties":{"header":"Bin Status Report"}},"wdio_ui5_key":"sapm.GenericTile{\"header\":\"Bin Status Report\"}"}]}
COMMAND: GET /session/10503a4dac92bcb2538d37e21df02b44/screenshot - {}
RESULT: {"script":"<script> [1562 bytes]","args":[{"selector":{"controlType":"sap.m.GenericTile","properties":{"header":"Bin Status Report"}},"wdio_ui5_key":"sapm.GenericTile{\"header\":\"Bin Status Report\"}"}]}
RESULT: undefined
COMMAND: POST /session/10503a4dac92bcb2538d37e21df02b44/element - {"using":"xpath","value":"//*[@id=\"__tile108\"]"}
RESULT: {}
RESULT: {"using":"xpath","value":"//*[@id=\"__tile108\"]"}
COMMAND: POST /session/10503a4dac92bcb2538d37e21df02b44/element/f.FDAF18A8ED6EACE6EA012090E3B5CAAE.d.45A428FA1D6717AC9EB41D923EF2C6D8.e.3779/click - {}
RESULT: {}
COMMAND: GET /session/10503a4dac92bcb2538d37e21df02b44/screenshot - {}
RESULT: {}
COMMAND: POST /session/10503a4dac92bcb2538d37e21df02b44/element - {"using":"xpath","value":"//bdi[text()='Create New Organization']"}
RESULT: {"using":"xpath","value":"//bdi[text()='Create New Organization']"}
COMMAND: POST /session/10503a4dac92bcb2538d37e21df02b44/elements - {"using":"xpath","value":"//bdi[text()='Create New Organization']"}
RESULT: {"using":"xpath","value":"//bdi[text()='Create New Organization']"}
COMMAND: POST /session/10503a4dac92bcb2538d37e21df02b44/element/f.FDAF18A8ED6EACE6EA012090E3B5CAAE.d.45A428FA1D6717AC9EB41D923EF2C6D8.e.4153/click - {}
RESULT: {}
COMMAND: POST /session/10503a4dac92bcb2538d37e21df02b44/execute/async - {"script":"<script> [1562 bytes]","args":[{"selector":{"id":"createOrganizationPop--sectionInput","searchOpenDialogs":true,"interaction":{"idSuffix":"inner"}},"wdio_ui5_key":"createOrganizationPopsectionInput"}]}
COMMAND: GET /session/10503a4dac92bcb2538d37e21df02b44/screenshot - {}
RESULT: {"script":"<script> [1562 bytes]","args":[{"selector":{"id":"createOrganizationPop--sectionInput","searchOpenDialogs":true,"interaction":{"idSuffix":"inner"}},"wdio_ui5_key":"createOrganizationPopsectionInput"}]}
RESULT: undefined
COMMAND: POST /session/10503a4dac92bcb2538d37e21df02b44/execute/async - {"script":"<script> [776 bytes]","args":[{"enterText":"WHI5ow35","selector":{"id":"createOrganizationPop--sectionInput","searchOpenDialogs":true,"interaction":{"idSuffix":"inner"}},"clearTextFirst":true,"interactionType":"ENTER_TEXT"}]}
RESULT: {}
RESULT: {"script":"<script> [776 bytes]","args":[{"enterText":"WHI5ow35","selector":{"id":"createOrganizationPop--sectionInput","searchOpenDialogs":true,"interaction":{"idSuffix":"inner"}},"clearTextFirst":true,"interactionType":"ENTER_TEXT"}]}
COMMAND: POST /session/10503a4dac92bcb2538d37e21df02b44/execute/async - {"script":"<script> [1562 bytes]","args":[{"selector":{"id":"createOrganizationPop--descriptionInput","searchOpenDialogs":true,"interaction":{"idSuffix":"inner"}},"wdio_ui5_key":"createOrganizationPopdescriptionInput"}]}
RESULT: {"script":"<script> [1562 bytes]","args":[{"selector":{"id":"createOrganizationPop--descriptionInput","searchOpenDialogs":true,"interaction":{"idSuffix":"inner"}},"wdio_ui5_key":"createOrganizationPopdescriptionInput"}]}
RESULT: undefined
COMMAND: POST /session/10503a4dac92bcb2538d37e21df02b44/execute/async - {"script":"<script> [776 bytes]","args":[{"enterText":"WHI5ow35","selector":{"id":"createOrganizationPop--descriptionInput","searchOpenDialogs":true,"interaction":{"idSuffix":"inner"}},"clearTextFirst":true,"interactionType":"ENTER_TEXT"}]}
RESULT: {"script":"<script> [776 bytes]","args":[{"enterText":"WHI5ow35","selector":{"id":"createOrganizationPop--descriptionInput","searchOpenDialogs":true,"interaction":{"idSuffix":"inner"}},"clearTextFirst":true,"interactionType":"ENTER_TEXT"}]}
COMMAND: POST /session/10503a4dac92bcb2538d37e21df02b44/element - {"using":"css selector","value":"#createOrganizationPop--yardOrg-inner"}
RESULT: {"using":"css selector","value":"#createOrganizationPop--yardOrg-inner"}
COMMAND: POST /session/10503a4dac92bcb2538d37e21df02b44/element/f.FDAF18A8ED6EACE6EA012090E3B5CAAE.d.45A428FA1D6717AC9EB41D923EF2C6D8.e.4156/clear - {}
RESULT: {}
COMMAND: POST /session/10503a4dac92bcb2538d37e21df02b44/element/f.FDAF18A8ED6EACE6EA012090E3B5CAAE.d.45A428FA1D6717AC9EB41D923EF2C6D8.e.4156/value - {"text":"525"}
COMMAND: GET /session/10503a4dac92bcb2538d37e21df02b44/screenshot - {}
RESULT: {"text":"525"}
COMMAND: GET /session/10503a4dac92bcb2538d37e21df02b44/screenshot - {}
RESULT: {}
RESULT: {}
COMMAND: POST /session/10503a4dac92bcb2538d37e21df02b44/actions - {"actions":[{"id":"action15","type":"key","parameters":{},"actions":[{"type":"keyDown","value":"î€‡"},{"type":"pause","duration":10},{"type":"keyUp","value":"î€‡"}]}]}
RESULT: {"actions":[{"id":"action15","type":"key","parameters":{},"actions":[{"type":"keyDown","value":"î€‡"},{"type":"pause","duration":10},{"type":"keyUp","value":"î€‡"}]}]}
COMMAND: POST /session/10503a4dac92bcb2538d37e21df02b44/execute/async - {"script":"<script> [1562 bytes]","args":[{"selector":{"id":"createOrganizationPop--grZone","searchOpenDialogs":true,"interaction":{"idSuffix":"CbBg"}},"wdio_ui5_key":"createOrganizationPopgrZone"}]}
COMMAND: GET /session/10503a4dac92bcb2538d37e21df02b44/screenshot - {}
RESULT: {"script":"<script> [1562 bytes]","args":[{"selector":{"id":"createOrganizationPop--grZone","searchOpenDialogs":true,"interaction":{"idSuffix":"CbBg"}},"wdio_ui5_key":"createOrganizationPopgrZone"}]}
RESULT: undefined
COMMAND: POST /session/10503a4dac92bcb2538d37e21df02b44/element - {"using":"xpath","value":"//*[@id=\"createOrganizationPop--grZone\"]"}
RESULT: {}
RESULT: {"using":"xpath","value":"//*[@id=\"createOrganizationPop--grZone\"]"}
COMMAND: POST /session/10503a4dac92bcb2538d37e21df02b44/element/f.FDAF18A8ED6EACE6EA012090E3B5CAAE.d.45A428FA1D6717AC9EB41D923EF2C6D8.e.4177/click - {}
RESULT: {}
COMMAND: POST /session/10503a4dac92bcb2538d37e21df02b44/execute/async - {"script":"<script> [1562 bytes]","args":[{"selector":{"id":"createOrganizationPop--giZone","searchOpenDialogs":true,"interaction":{"idSuffix":"CbBg"}},"wdio_ui5_key":"createOrganizationPopgiZone"}]}
COMMAND: GET /session/10503a4dac92bcb2538d37e21df02b44/screenshot - {}
RESULT: {"script":"<script> [1562 bytes]","args":[{"selector":{"id":"createOrganizationPop--giZone","searchOpenDialogs":true,"interaction":{"idSuffix":"CbBg"}},"wdio_ui5_key":"createOrganizationPopgiZone"}]}
RESULT: undefined
COMMAND: POST /session/10503a4dac92bcb2538d37e21df02b44/element - {"using":"xpath","value":"//*[@id=\"createOrganizationPop--giZone\"]"}
RESULT: {}
RESULT: {"using":"xpath","value":"//*[@id=\"createOrganizationPop--giZone\"]"}
COMMAND: POST /session/10503a4dac92bcb2538d37e21df02b44/element/f.FDAF18A8ED6EACE6EA012090E3B5CAAE.d.45A428FA1D6717AC9EB41D923EF2C6D8.e.4179/click - {}
RESULT: {}
COMMAND: POST /session/10503a4dac92bcb2538d37e21df02b44/execute/async - {"script":"<script> [1562 bytes]","args":[{"selector":{"id":"createOrganizationPop--binNoInput","searchOpenDialogs":true,"interaction":{"idSuffix":"inner"}},"wdio_ui5_key":"createOrganizationPopbinNoInput"}]}
COMMAND: GET /session/10503a4dac92bcb2538d37e21df02b44/screenshot - {}
RESULT: {"script":"<script> [1562 bytes]","args":[{"selector":{"id":"createOrganizationPop--binNoInput","searchOpenDialogs":true,"interaction":{"idSuffix":"inner"}},"wdio_ui5_key":"createOrganizationPopbinNoInput"}]}
RESULT: undefined
COMMAND: POST /session/10503a4dac92bcb2538d37e21df02b44/execute/async - {"script":"<script> [776 bytes]","args":[{"enterText":"Bin-Wd","selector":{"id":"createOrganizationPop--binNoInput","searchOpenDialogs":true,"interaction":{"idSuffix":"inner"}},"clearTextFirst":true,"interactionType":"ENTER_TEXT"}]}
RESULT: {}
RESULT: {"script":"<script> [776 bytes]","args":[{"enterText":"Bin-Wd","selector":{"id":"createOrganizationPop--binNoInput","searchOpenDialogs":true,"interaction":{"idSuffix":"inner"}},"clearTextFirst":true,"interactionType":"ENTER_TEXT"}]}
COMMAND: POST /session/10503a4dac92bcb2538d37e21df02b44/execute/async - {"script":"<script> [1562 bytes]","args":[{"selector":{"id":"createOrganizationPop--descriptionId","searchOpenDialogs":true,"interaction":{"idSuffix":"inner"}},"wdio_ui5_key":"createOrganizationPopdescriptionId"}]}
RESULT: {"script":"<script> [1562 bytes]","args":[{"selector":{"id":"createOrganizationPop--descriptionId","searchOpenDialogs":true,"interaction":{"idSuffix":"inner"}},"wdio_ui5_key":"createOrganizationPopdescriptionId"}]}
RESULT: undefined
COMMAND: POST /session/10503a4dac92bcb2538d37e21df02b44/execute/async - {"script":"<script> [776 bytes]","args":[{"enterText":"Shipping-Wd","selector":{"id":"createOrganizationPop--descriptionId","searchOpenDialogs":true,"interaction":{"idSuffix":"inner"}},"clearTextFirst":true,"interactionType":"ENTER_TEXT"}]}
RESULT: {"script":"<script> [776 bytes]","args":[{"enterText":"Shipping-Wd","selector":{"id":"createOrganizationPop--descriptionId","searchOpenDialogs":true,"interaction":{"idSuffix":"inner"}},"clearTextFirst":true,"interactionType":"ENTER_TEXT"}]}
COMMAND: POST /session/10503a4dac92bcb2538d37e21df02b44/execute/async - {"script":"<script> [1562 bytes]","args":[{"selector":{"controlType":"sap.m.CheckBox","viewName":"etm.portal.ui.binstatusreport.view.MasterWareBins","viewId":"application-binstatusreport-display-component---warehousing","bindingPath":{"path":"","propertyPath":"/ZONE","modelName":"newBin"},"searchOpenDialogs":true,"interaction":{"idSuffix":"CbBg"}},"wdio_ui5_key":"etmportal.ui.binstatusreport.view.MasterWareBinssap.m.CheckBox{\"path\":\"\",\"propertyPath\":\"/ZONE\",\"modelName\":\"newBin\"}"}]}
RESULT: {"script":"<script> [1562 bytes]","args":[{"selector":{"controlType":"sap.m.CheckBox","viewName":"etm.portal.ui.binstatusreport.view.MasterWareBins","viewId":"application-binstatusreport-display-component---warehousing","bindingPath":{"path":"","propertyPath":"/ZONE","modelName":"newBin"},"searchOpenDialogs":true,"interaction":{"idSuffix":"CbBg"}},"wdio_ui5_key":"etmportal.ui.binstatusreport.view.MasterWareBinssap.m.CheckBox{\"path\":\"\",\"propertyPath\":\"/ZONE\",\"modelName\":\"newBin\"}"}]}
RESULT: undefined
COMMAND: POST /session/10503a4dac92bcb2538d37e21df02b44/element - {"using":"xpath","value":"//*[@id=\"__box41\"]"}
RESULT: {"using":"xpath","value":"//*[@id=\"__box41\"]"}
COMMAND: POST /session/10503a4dac92bcb2538d37e21df02b44/element/f.FDAF18A8ED6EACE6EA012090E3B5CAAE.d.45A428FA1D6717AC9EB41D923EF2C6D8.e.4183/click - {}
RESULT: {}
COMMAND: POST /session/10503a4dac92bcb2538d37e21df02b44/execute/async - {"script":"<script> [1562 bytes]","args":[{"selector":{"id":"createOrganizationPop--binTypesCB-arrow","searchOpenDialogs":true},"wdio_ui5_key":"createOrganizationPopbinTypesCB-arrow"}]}
COMMAND: GET /session/10503a4dac92bcb2538d37e21df02b44/screenshot - {}
RESULT: {"script":"<script> [1562 bytes]","args":[{"selector":{"id":"createOrganizationPop--binTypesCB-arrow","searchOpenDialogs":true},"wdio_ui5_key":"createOrganizationPopbinTypesCB-arrow"}]}
RESULT: undefined
COMMAND: POST /session/10503a4dac92bcb2538d37e21df02b44/element - {"using":"xpath","value":"//*[@id=\"createOrganizationPop--binTypesCB-arrow\"]"}
RESULT: {}
RESULT: {"using":"xpath","value":"//*[@id=\"createOrganizationPop--binTypesCB-arrow\"]"}
COMMAND: POST /session/10503a4dac92bcb2538d37e21df02b44/element/f.FDAF18A8ED6EACE6EA012090E3B5CAAE.d.45A428FA1D6717AC9EB41D923EF2C6D8.e.4184/click - {}
RESULT: {}
COMMAND: POST /session/10503a4dac92bcb2538d37e21df02b44/execute/async - {"script":"<script> [1562 bytes]","args":[{"selector":{"id":"createOrganizationPop--binTypesCB","searchOpenDialogs":true,"interaction":{"idSuffix":"inner"}},"wdio_ui5_key":"createOrganizationPopbinTypesCB"}]}
COMMAND: GET /session/10503a4dac92bcb2538d37e21df02b44/screenshot - {}
RESULT: {"script":"<script> [1562 bytes]","args":[{"selector":{"id":"createOrganizationPop--binTypesCB","searchOpenDialogs":true,"interaction":{"idSuffix":"inner"}},"wdio_ui5_key":"createOrganizationPopbinTypesCB"}]}
RESULT: undefined
COMMAND: POST /session/10503a4dac92bcb2538d37e21df02b44/execute/async - {"script":"<script> [776 bytes]","args":[{"enterText":"1 - General / No capacity check","selector":{"id":"createOrganizationPop--binTypesCB","searchOpenDialogs":true,"interaction":{"idSuffix":"inner"}},"clearTextFirst":true,"interactionType":"ENTER_TEXT"}]}
RESULT: {}
RESULT: {"script":"<script> [776 bytes]","args":[{"enterText":"1 - General / No capacity check","selector":{"id":"createOrganizationPop--binTypesCB","searchOpenDialogs":true,"interaction":{"idSuffix":"inner"}},"clearTextFirst":true,"interactionType":"ENTER_TEXT"}]}
COMMAND: POST /session/10503a4dac92bcb2538d37e21df02b44/actions - {"actions":[{"id":"action16","type":"key","parameters":{},"actions":[{"type":"keyDown","value":"î€‡"},{"type":"pause","duration":10},{"type":"keyUp","value":"î€‡"}]}]}
RESULT: {"actions":[{"id":"action16","type":"key","parameters":{},"actions":[{"type":"keyDown","value":"î€‡"},{"type":"pause","duration":10},{"type":"keyUp","value":"î€‡"}]}]}
COMMAND: GET /session/10503a4dac92bcb2538d37e21df02b44/screenshot - {}
RESULT: {}
COMMAND: POST /session/10503a4dac92bcb2538d37e21df02b44/execute/async - {"script":"<script> [1562 bytes]","args":[{"selector":{"id":"createOrganizationPop--finishBtn","searchOpenDialogs":true,"interaction":{"idSuffix":"BDI-content"}},"wdio_ui5_key":"createOrganizationPopfinishBtn"}]}
RESULT: {"script":"<script> [1562 bytes]","args":[{"selector":{"id":"createOrganizationPop--finishBtn","searchOpenDialogs":true,"interaction":{"idSuffix":"BDI-content"}},"wdio_ui5_key":"createOrganizationPopfinishBtn"}]}
RESULT: undefined
COMMAND: POST /session/10503a4dac92bcb2538d37e21df02b44/element - {"using":"xpath","value":"//*[@id=\"createOrganizationPop--finishBtn\"]"}
RESULT: {"using":"xpath","value":"//*[@id=\"createOrganizationPop--finishBtn\"]"}
COMMAND: POST /session/10503a4dac92bcb2538d37e21df02b44/element/f.FDAF18A8ED6EACE6EA012090E3B5CAAE.d.45A428FA1D6717AC9EB41D923EF2C6D8.e.4187/click - {}
RESULT: {}
]]></system-out>
    </testcase>
    <testcase classname="chrome.135_0_7049_96.windows.Stock_increase_-_with_WHM_US125587" name="Bin Status Report Should Create New Organization for Site" time="60.722">
      <system-out><![CDATA[
COMMAND: GET /session/10503a4dac92bcb2538d37e21df02b44/screenshot - {}
RESULT: {}
COMMAND: POST /session/10503a4dac92bcb2538d37e21df02b44/execute/async - {"script":"<script> [1562 bytes]","args":[{"selector":{"id":"application-binstatusreport-display-component---warehousing--createOrgBtn","interaction":{"idSuffix":"content"}},"wdio_ui5_key":"applicationbinstatusreport-display-component---warehousing--createOrgBtn"}]}
RESULT: {"script":"<script> [1562 bytes]","args":[{"selector":{"id":"application-binstatusreport-display-component---warehousing--createOrgBtn","interaction":{"idSuffix":"content"}},"wdio_ui5_key":"applicationbinstatusreport-display-component---warehousing--createOrgBtn"}]}
RESULT: undefined
COMMAND: POST /session/10503a4dac92bcb2538d37e21df02b44/element - {"using":"xpath","value":"//*[@id=\"application-binstatusreport-display-component---warehousing--createOrgBtn\"]"}
RESULT: {"using":"xpath","value":"//*[@id=\"application-binstatusreport-display-component---warehousing--createOrgBtn\"]"}
COMMAND: POST /session/10503a4dac92bcb2538d37e21df02b44/element/f.FDAF18A8ED6EACE6EA012090E3B5CAAE.d.45A428FA1D6717AC9EB41D923EF2C6D8.e.3836/click - {}
RESULT: {}
RESULT: undefined
COMMAND: POST /session/10503a4dac92bcb2538d37e21df02b44/execute/async - {"script":"<script> [776 bytes]","args":[{"enterText":"2359","selector":{"id":"createOrganizationPop--sectionInput","searchOpenDialogs":true,"interaction":{"idSuffix":"inner"}},"clearTextFirst":true,"interactionType":"ENTER_TEXT"}]}
COMMAND: GET /session/10503a4dac92bcb2538d37e21df02b44/screenshot - {}
RESULT: {"script":"<script> [776 bytes]","args":[{"enterText":"2359","selector":{"id":"createOrganizationPop--sectionInput","searchOpenDialogs":true,"interaction":{"idSuffix":"inner"}},"clearTextFirst":true,"interactionType":"ENTER_TEXT"}]}
RESULT: undefined
COMMAND: POST /session/10503a4dac92bcb2538d37e21df02b44/execute/async - {"script":"<script> [776 bytes]","args":[{"enterText":"2359","selector":{"id":"createOrganizationPop--descriptionInput","searchOpenDialogs":true,"interaction":{"idSuffix":"inner"}},"clearTextFirst":true,"interactionType":"ENTER_TEXT"}]}
RESULT: {}
RESULT: {"script":"<script> [776 bytes]","args":[{"enterText":"2359","selector":{"id":"createOrganizationPop--descriptionInput","searchOpenDialogs":true,"interaction":{"idSuffix":"inner"}},"clearTextFirst":true,"interactionType":"ENTER_TEXT"}]}
COMMAND: POST /session/10503a4dac92bcb2538d37e21df02b44/element - {"using":"css selector","value":"#createOrganizationPop--siteOrg-inner"}
RESULT: {"using":"css selector","value":"#createOrganizationPop--siteOrg-inner"}
COMMAND: POST /session/10503a4dac92bcb2538d37e21df02b44/element/f.FDAF18A8ED6EACE6EA012090E3B5CAAE.d.45A428FA1D6717AC9EB41D923EF2C6D8.e.4194/clear - {}
RESULT: {}
COMMAND: POST /session/10503a4dac92bcb2538d37e21df02b44/element/f.FDAF18A8ED6EACE6EA012090E3B5CAAE.d.45A428FA1D6717AC9EB41D923EF2C6D8.e.4194/value - {"text":"2359"}
COMMAND: GET /session/10503a4dac92bcb2538d37e21df02b44/screenshot - {}
RESULT: {"text":"2359"}
COMMAND: GET /session/10503a4dac92bcb2538d37e21df02b44/screenshot - {}
RESULT: {}
RESULT: {}
COMMAND: POST /session/10503a4dac92bcb2538d37e21df02b44/actions - {"actions":[{"id":"action17","type":"key","parameters":{},"actions":[{"type":"keyDown","value":"î€‡"},{"type":"pause","duration":10},{"type":"keyUp","value":"î€‡"}]}]}
RESULT: {"actions":[{"id":"action17","type":"key","parameters":{},"actions":[{"type":"keyDown","value":"î€‡"},{"type":"pause","duration":10},{"type":"keyUp","value":"î€‡"}]}]}
RESULT: undefined
COMMAND: POST /session/10503a4dac92bcb2538d37e21df02b44/element - {"using":"xpath","value":"//*[@id=\"createOrganizationPop--giZone\"]"}
COMMAND: GET /session/10503a4dac92bcb2538d37e21df02b44/screenshot - {}
RESULT: {"using":"xpath","value":"//*[@id=\"createOrganizationPop--giZone\"]"}
COMMAND: POST /session/10503a4dac92bcb2538d37e21df02b44/element/f.FDAF18A8ED6EACE6EA012090E3B5CAAE.d.45A428FA1D6717AC9EB41D923EF2C6D8.e.4212/click - {}
RESULT: {}
RESULT: {}
RESULT: undefined
COMMAND: POST /session/10503a4dac92bcb2538d37e21df02b44/execute/async - {"script":"<script> [776 bytes]","args":[{"enterText":"WD-BIN","selector":{"id":"createOrganizationPop--binNoInput","searchOpenDialogs":true,"interaction":{"idSuffix":"inner"}},"clearTextFirst":true,"interactionType":"ENTER_TEXT"}]}
COMMAND: GET /session/10503a4dac92bcb2538d37e21df02b44/screenshot - {}
RESULT: {"script":"<script> [776 bytes]","args":[{"enterText":"WD-BIN","selector":{"id":"createOrganizationPop--binNoInput","searchOpenDialogs":true,"interaction":{"idSuffix":"inner"}},"clearTextFirst":true,"interactionType":"ENTER_TEXT"}]}
RESULT: undefined
COMMAND: POST /session/10503a4dac92bcb2538d37e21df02b44/execute/async - {"script":"<script> [776 bytes]","args":[{"enterText":"WD-BIN","selector":{"id":"createOrganizationPop--descriptionId","searchOpenDialogs":true,"interaction":{"idSuffix":"inner"}},"clearTextFirst":true,"interactionType":"ENTER_TEXT"}]}
RESULT: {}
RESULT: {"script":"<script> [776 bytes]","args":[{"enterText":"WD-BIN","selector":{"id":"createOrganizationPop--descriptionId","searchOpenDialogs":true,"interaction":{"idSuffix":"inner"}},"clearTextFirst":true,"interactionType":"ENTER_TEXT"}]}
COMMAND: POST /session/10503a4dac92bcb2538d37e21df02b44/execute/async - {"script":"<script> [1562 bytes]","args":[{"selector":{"controlType":"sap.m.CheckBox","viewName":"etm.portal.ui.binstatusreport.view.MasterWareBins","viewId":"application-binstatusreport-display-component---warehousing","bindingPath":{"propertyPath":"/ZONE","modelName":"newBin"},"searchOpenDialogs":true,"interaction":{"idSuffix":"CbBg"}},"wdio_ui5_key":"etmportal.ui.binstatusreport.view.MasterWareBinssap.m.CheckBox{\"propertyPath\":\"/ZONE\",\"modelName\":\"newBin\"}"}]}
RESULT: {"script":"<script> [1562 bytes]","args":[{"selector":{"controlType":"sap.m.CheckBox","viewName":"etm.portal.ui.binstatusreport.view.MasterWareBins","viewId":"application-binstatusreport-display-component---warehousing","bindingPath":{"propertyPath":"/ZONE","modelName":"newBin"},"searchOpenDialogs":true,"interaction":{"idSuffix":"CbBg"}},"wdio_ui5_key":"etmportal.ui.binstatusreport.view.MasterWareBinssap.m.CheckBox{\"propertyPath\":\"/ZONE\",\"modelName\":\"newBin\"}"}]}
RESULT: undefined
COMMAND: POST /session/10503a4dac92bcb2538d37e21df02b44/element - {"using":"xpath","value":"//*[@id=\"__box44\"]"}
RESULT: {"using":"xpath","value":"//*[@id=\"__box44\"]"}
COMMAND: POST /session/10503a4dac92bcb2538d37e21df02b44/element/f.FDAF18A8ED6EACE6EA012090E3B5CAAE.d.45A428FA1D6717AC9EB41D923EF2C6D8.e.4214/click - {}
RESULT: {}
COMMAND: GET /session/10503a4dac92bcb2538d37e21df02b44/screenshot - {}
RESULT: {}
RESULT: undefined
COMMAND: POST /session/10503a4dac92bcb2538d37e21df02b44/execute/async - {"script":"<script> [776 bytes]","args":[{"enterText":"1 - General / No capacity check","selector":{"id":"createOrganizationPop--binTypesCB","searchOpenDialogs":true,"interaction":{"idSuffix":"inner"}},"clearTextFirst":true,"interactionType":"ENTER_TEXT"}]}
RESULT: {"script":"<script> [776 bytes]","args":[{"enterText":"1 - General / No capacity check","selector":{"id":"createOrganizationPop--binTypesCB","searchOpenDialogs":true,"interaction":{"idSuffix":"inner"}},"clearTextFirst":true,"interactionType":"ENTER_TEXT"}]}
COMMAND: POST /session/10503a4dac92bcb2538d37e21df02b44/execute/async - {"script":"<script> [1562 bytes]","args":[{"selector":{"id":"createOrganizationPop--capacityId","searchOpenDialogs":true,"interaction":{"idSuffix":"inner"}},"wdio_ui5_key":"createOrganizationPopcapacityId"}]}
RESULT: {"script":"<script> [1562 bytes]","args":[{"selector":{"id":"createOrganizationPop--capacityId","searchOpenDialogs":true,"interaction":{"idSuffix":"inner"}},"wdio_ui5_key":"createOrganizationPopcapacityId"}]}
RESULT: undefined
COMMAND: POST /session/10503a4dac92bcb2538d37e21df02b44/actions - {"actions":[{"id":"action18","type":"key","parameters":{},"actions":[{"type":"keyDown","value":"î€‡"},{"type":"pause","duration":10},{"type":"keyUp","value":"î€‡"}]}]}
RESULT: {"actions":[{"id":"action18","type":"key","parameters":{},"actions":[{"type":"keyDown","value":"î€‡"},{"type":"pause","duration":10},{"type":"keyUp","value":"î€‡"}]}]}
COMMAND: GET /session/10503a4dac92bcb2538d37e21df02b44/screenshot - {}
RESULT: {}
RESULT: undefined
COMMAND: POST /session/10503a4dac92bcb2538d37e21df02b44/element - {"using":"xpath","value":"//*[@id=\"createOrganizationPop--finishBtn\"]"}
RESULT: {"using":"xpath","value":"//*[@id=\"createOrganizationPop--finishBtn\"]"}
COMMAND: POST /session/10503a4dac92bcb2538d37e21df02b44/element/f.FDAF18A8ED6EACE6EA012090E3B5CAAE.d.45A428FA1D6717AC9EB41D923EF2C6D8.e.4220/click - {}
RESULT: {}
COMMAND: GET /session/10503a4dac92bcb2538d37e21df02b44/screenshot - {}
RESULT: {}
COMMAND: POST /session/10503a4dac92bcb2538d37e21df02b44/element - {"using":"css selector","value":"#shell-header-icon"}
RESULT: {"using":"css selector","value":"#shell-header-icon"}
COMMAND: POST /session/10503a4dac92bcb2538d37e21df02b44/execute/sync - {"script":"<script> [8489 bytes]","args":[{"element-6066-11e4-a52e-4f735466cecf":"f.FDAF18A8ED6EACE6EA012090E3B5CAAE.d.45A428FA1D6717AC9EB41D923EF2C6D8.e.3777","ELEMENT":"f.FDAF18A8ED6EACE6EA012090E3B5CAAE.d.45A428FA1D6717AC9EB41D923EF2C6D8.e.3777"}]}
RESULT: {"script":"<script> [8489 bytes]","args":[{"element-6066-11e4-a52e-4f735466cecf":"f.FDAF18A8ED6EACE6EA012090E3B5CAAE.d.45A428FA1D6717AC9EB41D923EF2C6D8.e.3777","ELEMENT":"f.FDAF18A8ED6EACE6EA012090E3B5CAAE.d.45A428FA1D6717AC9EB41D923EF2C6D8.e.3777"}]}
COMMAND: GET /session/10503a4dac92bcb2538d37e21df02b44/element/f.FDAF18A8ED6EACE6EA012090E3B5CAAE.d.45A428FA1D6717AC9EB41D923EF2C6D8.e.3777/enabled - {}
COMMAND: GET /session/10503a4dac92bcb2538d37e21df02b44/screenshot - {}
RESULT: {}
COMMAND: POST /session/10503a4dac92bcb2538d37e21df02b44/element/f.FDAF18A8ED6EACE6EA012090E3B5CAAE.d.45A428FA1D6717AC9EB41D923EF2C6D8.e.3777/click - {}
COMMAND: GET /session/10503a4dac92bcb2538d37e21df02b44/screenshot - {}
RESULT: {}
RESULT: {}
COMMAND: GET /session/10503a4dac92bcb2538d37e21df02b44/screenshot - {}
RESULT: {}
RESULT: {}
]]></system-out>
    </testcase>
    <testcase classname="chrome.135_0_7049_96.windows.Stock_increase_-_with_WHM_US125587" name="create a whm for yard" time="33.218">
      <system-out><![CDATA[
COMMAND: POST /session/10503a4dac92bcb2538d37e21df02b44/element - {"using":"xpath","value":"//div[text()='Warehouse']"}
RESULT: {"using":"xpath","value":"//div[text()='Warehouse']"}
COMMAND: POST /session/10503a4dac92bcb2538d37e21df02b44/elements - {"using":"xpath","value":"//div[text()='Warehouse']"}
RESULT: {"using":"xpath","value":"//div[text()='Warehouse']"}
COMMAND: POST /session/10503a4dac92bcb2538d37e21df02b44/element/f.FDAF18A8ED6EACE6EA012090E3B5CAAE.d.45A428FA1D6717AC9EB41D923EF2C6D8.e.3778/click - {}
RESULT: {}
COMMAND: POST /session/10503a4dac92bcb2538d37e21df02b44/element - {"using":"xpath","value":"//span[text()='Manage Warehouse Movements']"}
COMMAND: GET /session/10503a4dac92bcb2538d37e21df02b44/screenshot - {}
RESULT: {"using":"xpath","value":"//span[text()='Manage Warehouse Movements']"}
COMMAND: POST /session/10503a4dac92bcb2538d37e21df02b44/elements - {"using":"xpath","value":"//span[text()='Manage Warehouse Movements']"}
RESULT: {}
RESULT: {"using":"xpath","value":"//span[text()='Manage Warehouse Movements']"}
COMMAND: POST /session/10503a4dac92bcb2538d37e21df02b44/element - {"using":"xpath","value":"//input[@id='application-warehousemovements-display-component---warehouseMovements--smartFilterBar-filterItemControl_BASIC-YARD-inner']"}
RESULT: {"using":"xpath","value":"//input[@id='application-warehousemovements-display-component---warehouseMovements--smartFilterBar-filterItemControl_BASIC-YARD-inner']"}
COMMAND: POST /session/10503a4dac92bcb2538d37e21df02b44/element - {"using":"xpath","value":"//input[@id='application-warehousemovements-display-component---warehouseMovements--smartFilterBar-filterItemControl_BASIC-YARD-inner']"}
RESULT: {"using":"xpath","value":"//input[@id='application-warehousemovements-display-component---warehouseMovements--smartFilterBar-filterItemControl_BASIC-YARD-inner']"}
COMMAND: POST /session/10503a4dac92bcb2538d37e21df02b44/actions - {"actions":[{"id":"action19","type":"key","parameters":{},"actions":[{"type":"keyDown","value":"î€‡"},{"type":"pause","duration":10},{"type":"keyUp","value":"î€‡"}]}]}
RESULT: {"actions":[{"id":"action19","type":"key","parameters":{},"actions":[{"type":"keyDown","value":"î€‡"},{"type":"pause","duration":10},{"type":"keyUp","value":"î€‡"}]}]}
COMMAND: POST /session/10503a4dac92bcb2538d37e21df02b44/element - {"using":"xpath","value":"(//*[@title=\"Add New Movement\"])[1]"}
COMMAND: GET /session/10503a4dac92bcb2538d37e21df02b44/screenshot - {}
RESULT: {"using":"xpath","value":"(//*[@title=\"Add New Movement\"])[1]"}
COMMAND: POST /session/10503a4dac92bcb2538d37e21df02b44/element - {"using":"xpath","value":"(//*[@title=\"Add New Movement\"])[1]"}
RESULT: {}
RESULT: {"using":"xpath","value":"(//*[@title=\"Add New Movement\"])[1]"}
COMMAND: POST /session/10503a4dac92bcb2538d37e21df02b44/element - {"using":"xpath","value":"//*[@id=\"application-warehousemovements-display-component---addMovement--sectionsList-arrow\"]"}
RESULT: {"using":"xpath","value":"//*[@id=\"application-warehousemovements-display-component---addMovement--sectionsList-arrow\"]"}
COMMAND: POST /session/10503a4dac92bcb2538d37e21df02b44/element - {"using":"xpath","value":"//*[@id=\"application-warehousemovements-display-component---addMovement--sectionsList-arrow\"]"}
RESULT: {"using":"xpath","value":"//*[@id=\"application-warehousemovements-display-component---addMovement--sectionsList-arrow\"]"}
COMMAND: POST /session/10503a4dac92bcb2538d37e21df02b44/element - {"using":"xpath","value":"//*[@id=\"application-warehousemovements-display-component---addMovement--saveMovementBtn-BDI-content\" and text()=\"Save\"]"}
RESULT: {"using":"xpath","value":"//*[@id=\"application-warehousemovements-display-component---addMovement--saveMovementBtn-BDI-content\" and text()=\"Save\"]"}
COMMAND: POST /session/10503a4dac92bcb2538d37e21df02b44/element - {"using":"xpath","value":"//*[@id=\"application-warehousemovements-display-component---addMovement--saveMovementBtn-BDI-content\" and text()=\"Save\"]"}
RESULT: {"using":"xpath","value":"//*[@id=\"application-warehousemovements-display-component---addMovement--saveMovementBtn-BDI-content\" and text()=\"Save\"]"}
COMMAND: POST /session/10503a4dac92bcb2538d37e21df02b44/element - {"using":"css selector","value":"#shell-header-icon"}
RESULT: {"using":"css selector","value":"#shell-header-icon"}
COMMAND: POST /session/10503a4dac92bcb2538d37e21df02b44/execute/sync - {"script":"<script> [8489 bytes]","args":[{"element-6066-11e4-a52e-4f735466cecf":"f.FDAF18A8ED6EACE6EA012090E3B5CAAE.d.45A428FA1D6717AC9EB41D923EF2C6D8.e.4223","ELEMENT":"f.FDAF18A8ED6EACE6EA012090E3B5CAAE.d.45A428FA1D6717AC9EB41D923EF2C6D8.e.4223"}]}
RESULT: {"script":"<script> [8489 bytes]","args":[{"element-6066-11e4-a52e-4f735466cecf":"f.FDAF18A8ED6EACE6EA012090E3B5CAAE.d.45A428FA1D6717AC9EB41D923EF2C6D8.e.4223","ELEMENT":"f.FDAF18A8ED6EACE6EA012090E3B5CAAE.d.45A428FA1D6717AC9EB41D923EF2C6D8.e.4223"}]}
COMMAND: GET /session/10503a4dac92bcb2538d37e21df02b44/element/f.FDAF18A8ED6EACE6EA012090E3B5CAAE.d.45A428FA1D6717AC9EB41D923EF2C6D8.e.4223/enabled - {}
COMMAND: GET /session/10503a4dac92bcb2538d37e21df02b44/screenshot - {}
RESULT: {}
COMMAND: POST /session/10503a4dac92bcb2538d37e21df02b44/element/f.FDAF18A8ED6EACE6EA012090E3B5CAAE.d.45A428FA1D6717AC9EB41D923EF2C6D8.e.4223/click - {}
COMMAND: GET /session/10503a4dac92bcb2538d37e21df02b44/screenshot - {}
RESULT: {}
RESULT: {}
COMMAND: GET /session/10503a4dac92bcb2538d37e21df02b44/screenshot - {}
RESULT: {}
RESULT: {}
]]></system-out>
    </testcase>
    <testcase classname="chrome.135_0_7049_96.windows.Stock_increase_-_with_WHM_US125587" name="Should do a stock increase handover" time="76.019">
      <system-out><![CDATA[
COMMAND: POST /session/10503a4dac92bcb2538d37e21df02b44/execute/async - {"script":"<script> [1562 bytes]","args":[{"selector":{"controlType":"sap.m.Text","viewName":"etm.portal.ui.managehandoverstile.view.Master","properties":{"text":"Manage Handovers"},"interaction":{"idSuffix":"inner"}},"wdio_ui5_key":"etmportal.ui.managehandoverstile.view.Mastersap.m.Text{\"text\":\"Manage Handovers\"}"}]}
RESULT: {"script":"<script> [1562 bytes]","args":[{"selector":{"controlType":"sap.m.Text","viewName":"etm.portal.ui.managehandoverstile.view.Master","properties":{"text":"Manage Handovers"},"interaction":{"idSuffix":"inner"}},"wdio_ui5_key":"etmportal.ui.managehandoverstile.view.Mastersap.m.Text{\"text\":\"Manage Handovers\"}"}]}
RESULT: undefined
COMMAND: POST /session/10503a4dac92bcb2538d37e21df02b44/element - {"using":"xpath","value":"//*[@id=\"__tile132-title\"]"}
RESULT: {"using":"xpath","value":"//*[@id=\"__tile132-title\"]"}
COMMAND: POST /session/10503a4dac92bcb2538d37e21df02b44/element/f.FDAF18A8ED6EACE6EA012090E3B5CAAE.d.45A428FA1D6717AC9EB41D923EF2C6D8.e.4225/click - {}
RESULT: {}
COMMAND: GET /session/10503a4dac92bcb2538d37e21df02b44/screenshot - {}
RESULT: {}
COMMAND: POST /session/10503a4dac92bcb2538d37e21df02b44/execute/async - {"script":"<script> [1562 bytes]","args":[{"selector":{"controlType":"sap.ui.core.Icon","viewName":"etm.portal.ui.managehandovers.view.MasterHO","properties":{"src":{"regex":{"source":"add"}}}},"wdio_ui5_key":"etmportal.ui.managehandovers.view.MasterHOsap.ui.core.Icon{\"src\":{\"regex\":{\"source\":\"add\"}}}"}]}
RESULT: {"script":"<script> [1562 bytes]","args":[{"selector":{"controlType":"sap.ui.core.Icon","viewName":"etm.portal.ui.managehandovers.view.MasterHO","properties":{"src":{"regex":{"source":"add"}}}},"wdio_ui5_key":"etmportal.ui.managehandovers.view.MasterHOsap.ui.core.Icon{\"src\":{\"regex\":{\"source\":\"add\"}}}"}]}
RESULT: undefined
COMMAND: POST /session/10503a4dac92bcb2538d37e21df02b44/element - {"using":"xpath","value":"//*[@id=\"__button179-img\"]"}
RESULT: {"using":"xpath","value":"//*[@id=\"__button179-img\"]"}
COMMAND: POST /session/10503a4dac92bcb2538d37e21df02b44/element/f.FDAF18A8ED6EACE6EA012090E3B5CAAE.d.45A428FA1D6717AC9EB41D923EF2C6D8.e.4262/click - {}
RESULT: {}
COMMAND: GET /session/10503a4dac92bcb2538d37e21df02b44/screenshot - {}
RESULT: {}
COMMAND: POST /session/10503a4dac92bcb2538d37e21df02b44/execute/async - {"script":"<script> [1562 bytes]","args":[{"selector":{"id":"application-managehandovers-display-component---AddNewHO--typeSelect","interaction":{"idSuffix":"arrow"}},"wdio_ui5_key":"applicationmanagehandovers-display-component---AddNewHO--typeSelect"}]}
RESULT: {"script":"<script> [1562 bytes]","args":[{"selector":{"id":"application-managehandovers-display-component---AddNewHO--typeSelect","interaction":{"idSuffix":"arrow"}},"wdio_ui5_key":"applicationmanagehandovers-display-component---AddNewHO--typeSelect"}]}
RESULT: undefined
COMMAND: POST /session/10503a4dac92bcb2538d37e21df02b44/element - {"using":"xpath","value":"//*[@id=\"application-managehandovers-display-component---AddNewHO--typeSelect\"]"}
RESULT: {"using":"xpath","value":"//*[@id=\"application-managehandovers-display-component---AddNewHO--typeSelect\"]"}
COMMAND: POST /session/10503a4dac92bcb2538d37e21df02b44/element/f.FDAF18A8ED6EACE6EA012090E3B5CAAE.d.45A428FA1D6717AC9EB41D923EF2C6D8.e.4609/click - {}
RESULT: {}
COMMAND: POST /session/10503a4dac92bcb2538d37e21df02b44/execute/async - {"script":"<script> [1562 bytes]","args":[{"selector":{"controlType":"sap.ui.core.Item","viewName":"etm.portal.ui.managehandovers.view.AddNewHO","viewId":"application-managehandovers-display-component---AddNewHO","bindingPath":{"path":"/HandOverTypes('100')","propertyPath":"ID","modelName":"catalogModel"},"searchOpenDialogs":true},"wdio_ui5_key":"etmportal.ui.managehandovers.view.AddNewHOsap.ui.core.Item{\"path\":\"/HandOverTypes('100')\",\"propertyPath\":\"ID\",\"modelName\":\"catalogModel\"}"}]}
COMMAND: GET /session/10503a4dac92bcb2538d37e21df02b44/screenshot - {}
RESULT: {"script":"<script> [1562 bytes]","args":[{"selector":{"controlType":"sap.ui.core.Item","viewName":"etm.portal.ui.managehandovers.view.AddNewHO","viewId":"application-managehandovers-display-component---AddNewHO","bindingPath":{"path":"/HandOverTypes('100')","propertyPath":"ID","modelName":"catalogModel"},"searchOpenDialogs":true},"wdio_ui5_key":"etmportal.ui.managehandovers.view.AddNewHOsap.ui.core.Item{\"path\":\"/HandOverTypes('100')\",\"propertyPath\":\"ID\",\"modelName\":\"catalogModel\"}"}]}
RESULT: undefined
COMMAND: POST /session/10503a4dac92bcb2538d37e21df02b44/element - {"using":"xpath","value":"//*[@id=\"__item1754-application-managehandovers-display-component---AddNewHO--typeSelect-1\"]"}
RESULT: {}
RESULT: {"using":"xpath","value":"//*[@id=\"__item1754-application-managehandovers-display-component---AddNewHO--typeSelect-1\"]"}
COMMAND: POST /session/10503a4dac92bcb2538d37e21df02b44/element/f.FDAF18A8ED6EACE6EA012090E3B5CAAE.d.45A428FA1D6717AC9EB41D923EF2C6D8.e.4610/click - {}
RESULT: {}
COMMAND: POST /session/10503a4dac92bcb2538d37e21df02b44/element - {"using":"css selector","value":"#application-managehandovers-display-component---AddNewHO--oneStep-CB"}
COMMAND: GET /session/10503a4dac92bcb2538d37e21df02b44/screenshot - {}
RESULT: {"using":"css selector","value":"#application-managehandovers-display-component---AddNewHO--oneStep-CB"}
COMMAND: POST /session/10503a4dac92bcb2538d37e21df02b44/execute/sync - {"script":"<script> [8489 bytes]","args":[{"element-6066-11e4-a52e-4f735466cecf":"f.FDAF18A8ED6EACE6EA012090E3B5CAAE.d.45A428FA1D6717AC9EB41D923EF2C6D8.e.4618","ELEMENT":"f.FDAF18A8ED6EACE6EA012090E3B5CAAE.d.45A428FA1D6717AC9EB41D923EF2C6D8.e.4618"}]}
RESULT: {}
RESULT: {"script":"<script> [8489 bytes]","args":[{"element-6066-11e4-a52e-4f735466cecf":"f.FDAF18A8ED6EACE6EA012090E3B5CAAE.d.45A428FA1D6717AC9EB41D923EF2C6D8.e.4618","ELEMENT":"f.FDAF18A8ED6EACE6EA012090E3B5CAAE.d.45A428FA1D6717AC9EB41D923EF2C6D8.e.4618"}]}
COMMAND: GET /session/10503a4dac92bcb2538d37e21df02b44/screenshot - {}
RESULT: {}
COMMAND: POST /session/10503a4dac92bcb2538d37e21df02b44/element - {"using":"css selector","value":"input[id=\"generalSectionFrg--receiveYard-inner\"]"}
RESULT: {"using":"css selector","value":"input[id=\"generalSectionFrg--receiveYard-inner\"]"}
COMMAND: POST /session/10503a4dac92bcb2538d37e21df02b44/element/f.FDAF18A8ED6EACE6EA012090E3B5CAAE.d.45A428FA1D6717AC9EB41D923EF2C6D8.e.4620/clear - {}
RESULT: {}
COMMAND: POST /session/10503a4dac92bcb2538d37e21df02b44/element/f.FDAF18A8ED6EACE6EA012090E3B5CAAE.d.45A428FA1D6717AC9EB41D923EF2C6D8.e.4620/value - {"text":"525"}
COMMAND: GET /session/10503a4dac92bcb2538d37e21df02b44/screenshot - {}
RESULT: {"text":"525"}
COMMAND: GET /session/10503a4dac92bcb2538d37e21df02b44/screenshot - {}
RESULT: {}
RESULT: {}
COMMAND: POST /session/10503a4dac92bcb2538d37e21df02b44/element - {"using":"css selector","value":"#application-managehandovers-display-component---AddNewHO--dueDate-inner"}
RESULT: {"using":"css selector","value":"#application-managehandovers-display-component---AddNewHO--dueDate-inner"}
COMMAND: POST /session/10503a4dac92bcb2538d37e21df02b44/element/f.FDAF18A8ED6EACE6EA012090E3B5CAAE.d.45A428FA1D6717AC9EB41D923EF2C6D8.e.4614/clear - {}
RESULT: {}
COMMAND: POST /session/10503a4dac92bcb2538d37e21df02b44/element/f.FDAF18A8ED6EACE6EA012090E3B5CAAE.d.45A428FA1D6717AC9EB41D923EF2C6D8.e.4614/value - {"text":"5/3/25"}
COMMAND: GET /session/10503a4dac92bcb2538d37e21df02b44/screenshot - {}
RESULT: {"text":"5/3/25"}
COMMAND: GET /session/10503a4dac92bcb2538d37e21df02b44/screenshot - {}
RESULT: {}
RESULT: {}
COMMAND: POST /session/10503a4dac92bcb2538d37e21df02b44/element - {"using":"xpath","value":"//bdi[(text() = 'Items' or . = 'Items')]"}
RESULT: {"using":"xpath","value":"//bdi[(text() = 'Items' or . = 'Items')]"}
COMMAND: POST /session/10503a4dac92bcb2538d37e21df02b44/element/f.FDAF18A8ED6EACE6EA012090E3B5CAAE.d.45A428FA1D6717AC9EB41D923EF2C6D8.e.4634/click - {}
RESULT: {}
COMMAND: GET /session/10503a4dac92bcb2538d37e21df02b44/screenshot - {}
RESULT: {}
COMMAND: POST /session/10503a4dac92bcb2538d37e21df02b44/element - {"using":"xpath","value":"//button[@aria-label=\"Add\"]"}
RESULT: {"using":"xpath","value":"//button[@aria-label=\"Add\"]"}
COMMAND: POST /session/10503a4dac92bcb2538d37e21df02b44/element/f.FDAF18A8ED6EACE6EA012090E3B5CAAE.d.45A428FA1D6717AC9EB41D923EF2C6D8.e.4639/click - {}
RESULT: {}
COMMAND: GET /session/10503a4dac92bcb2538d37e21df02b44/screenshot - {}
RESULT: {}
COMMAND: POST /session/10503a4dac92bcb2538d37e21df02b44/element - {"using":"css selector","value":"input[id= \"application-managehandovers-display-component---AddNewHO--smartFilterBar-btnBasicSearch-I\"]"}
RESULT: {"using":"css selector","value":"input[id= \"application-managehandovers-display-component---AddNewHO--smartFilterBar-btnBasicSearch-I\"]"}
COMMAND: POST /session/10503a4dac92bcb2538d37e21df02b44/element/f.FDAF18A8ED6EACE6EA012090E3B5CAAE.d.45A428FA1D6717AC9EB41D923EF2C6D8.e.4642/clear - {}
RESULT: {}
COMMAND: POST /session/10503a4dac92bcb2538d37e21df02b44/element/f.FDAF18A8ED6EACE6EA012090E3B5CAAE.d.45A428FA1D6717AC9EB41D923EF2C6D8.e.4642/value - {"text":"200290"}
COMMAND: GET /session/10503a4dac92bcb2538d37e21df02b44/screenshot - {}
RESULT: {"text":"200290"}
COMMAND: POST /session/10503a4dac92bcb2538d37e21df02b44/actions - {"actions":[{"id":"action20","type":"key","parameters":{},"actions":[{"type":"keyDown","value":"î€‡"},{"type":"pause","duration":10},{"type":"keyUp","value":"î€‡"}]}]}
COMMAND: GET /session/10503a4dac92bcb2538d37e21df02b44/screenshot - {}
RESULT: {}
RESULT: {"actions":[{"id":"action20","type":"key","parameters":{},"actions":[{"type":"keyDown","value":"î€‡"},{"type":"pause","duration":10},{"type":"keyUp","value":"î€‡"}]}]}
COMMAND: POST /session/10503a4dac92bcb2538d37e21df02b44/element - {"using":"css selector","value":"div[id= \"application-managehandovers-display-component---AddNewHO--smartFilterBar-btnBasicSearch-search\"]"}
COMMAND: GET /session/10503a4dac92bcb2538d37e21df02b44/screenshot - {}
RESULT: {}
RESULT: {"using":"css selector","value":"div[id= \"application-managehandovers-display-component---AddNewHO--smartFilterBar-btnBasicSearch-search\"]"}
COMMAND: POST /session/10503a4dac92bcb2538d37e21df02b44/element/f.FDAF18A8ED6EACE6EA012090E3B5CAAE.d.45A428FA1D6717AC9EB41D923EF2C6D8.e.4793/click - {}
RESULT: {}
RESULT: {}
COMMAND: GET /session/10503a4dac92bcb2538d37e21df02b44/screenshot - {}
RESULT: {}
COMMAND: POST /session/10503a4dac92bcb2538d37e21df02b44/element - {"using":"css selector","value":"div[id= \"application-managehandovers-display-component---AddNewHO--popup-sa-CbBg\"]"}
RESULT: {"using":"css selector","value":"div[id= \"application-managehandovers-display-component---AddNewHO--popup-sa-CbBg\"]"}
COMMAND: POST /session/10503a4dac92bcb2538d37e21df02b44/element/f.FDAF18A8ED6EACE6EA012090E3B5CAAE.d.45A428FA1D6717AC9EB41D923EF2C6D8.e.4794/click - {}
RESULT: {}
COMMAND: POST /session/10503a4dac92bcb2538d37e21df02b44/element - {"using":"xpath","value":"//bdi[(text() = 'Select' or . = 'Select')]"}
COMMAND: GET /session/10503a4dac92bcb2538d37e21df02b44/screenshot - {}
RESULT: {"using":"xpath","value":"//bdi[(text() = 'Select' or . = 'Select')]"}
COMMAND: POST /session/10503a4dac92bcb2538d37e21df02b44/element/f.FDAF18A8ED6EACE6EA012090E3B5CAAE.d.45A428FA1D6717AC9EB41D923EF2C6D8.e.4795/click - {}
RESULT: {}
RESULT: {}
COMMAND: GET /session/10503a4dac92bcb2538d37e21df02b44/screenshot - {}
RESULT: {}
COMMAND: POST /session/10503a4dac92bcb2538d37e21df02b44/element - {"using":"xpath","value":"//bdi[(text() = 'Save' or . = 'Save')]"}
RESULT: {"using":"xpath","value":"//bdi[(text() = 'Save' or . = 'Save')]"}
COMMAND: POST /session/10503a4dac92bcb2538d37e21df02b44/element/f.FDAF18A8ED6EACE6EA012090E3B5CAAE.d.45A428FA1D6717AC9EB41D923EF2C6D8.e.4799/click - {}
RESULT: {}
COMMAND: GET /session/10503a4dac92bcb2538d37e21df02b44/screenshot - {}
RESULT: {}
COMMAND: POST /session/10503a4dac92bcb2538d37e21df02b44/element - {"using":"xpath","value":"//input[contains(@id ,\"receiptDatePicker-inner\")]"}
RESULT: {"using":"xpath","value":"//input[contains(@id ,\"receiptDatePicker-inner\")]"}
COMMAND: POST /session/10503a4dac92bcb2538d37e21df02b44/element/f.FDAF18A8ED6EACE6EA012090E3B5CAAE.d.45A428FA1D6717AC9EB41D923EF2C6D8.e.4830/click - {}
RESULT: {}
COMMAND: POST /session/10503a4dac92bcb2538d37e21df02b44/element - {"using":"xpath","value":"//input[contains(@id ,\"receiptDatePicker-inner\")]"}
COMMAND: GET /session/10503a4dac92bcb2538d37e21df02b44/screenshot - {}
RESULT: {"using":"xpath","value":"//input[contains(@id ,\"receiptDatePicker-inner\")]"}
COMMAND: POST /session/10503a4dac92bcb2538d37e21df02b44/element/f.FDAF18A8ED6EACE6EA012090E3B5CAAE.d.45A428FA1D6717AC9EB41D923EF2C6D8.e.4830/clear - {}
RESULT: {}
RESULT: {}
COMMAND: POST /session/10503a4dac92bcb2538d37e21df02b44/element/f.FDAF18A8ED6EACE6EA012090E3B5CAAE.d.45A428FA1D6717AC9EB41D923EF2C6D8.e.4830/value - {"text":"5/3/25"}
COMMAND: GET /session/10503a4dac92bcb2538d37e21df02b44/screenshot - {}
RESULT: {"text":"5/3/25"}
COMMAND: GET /session/10503a4dac92bcb2538d37e21df02b44/screenshot - {}
RESULT: {}
RESULT: {}
COMMAND: POST /session/10503a4dac92bcb2538d37e21df02b44/execute/async - {"script":"<script> [1562 bytes]","args":[{"selector":{"id":"administrationTabFilter","viewName":"etm.portal.ui.managehandovers.view.DetailExecuteHO","interaction":{"idSuffix":"text"}},"wdio_ui5_key":"administrationTabFilteretmportal.ui.managehandovers.view.DetailExecuteHO"}]}
RESULT: {"script":"<script> [1562 bytes]","args":[{"selector":{"id":"administrationTabFilter","viewName":"etm.portal.ui.managehandovers.view.DetailExecuteHO","interaction":{"idSuffix":"text"}},"wdio_ui5_key":"administrationTabFilteretmportal.ui.managehandovers.view.DetailExecuteHO"}]}
RESULT: undefined
COMMAND: POST /session/10503a4dac92bcb2538d37e21df02b44/element - {"using":"xpath","value":"//*[@id=\"__xmlview61--administrationTabFilter\"]"}
RESULT: {"using":"xpath","value":"//*[@id=\"__xmlview61--administrationTabFilter\"]"}
COMMAND: POST /session/10503a4dac92bcb2538d37e21df02b44/element/f.FDAF18A8ED6EACE6EA012090E3B5CAAE.d.45A428FA1D6717AC9EB41D923EF2C6D8.e.4848/click - {}
RESULT: {}
RESULT: undefined
COMMAND: POST /session/10503a4dac92bcb2538d37e21df02b44/element - {"using":"xpath","value":"//*[@id=\"__xmlview61--administrationTabFilter\"]"}
COMMAND: GET /session/10503a4dac92bcb2538d37e21df02b44/screenshot - {}
RESULT: {"using":"xpath","value":"//*[@id=\"__xmlview61--administrationTabFilter\"]"}
COMMAND: POST /session/10503a4dac92bcb2538d37e21df02b44/element/f.FDAF18A8ED6EACE6EA012090E3B5CAAE.d.45A428FA1D6717AC9EB41D923EF2C6D8.e.4848/click - {}
RESULT: {}
RESULT: {}
COMMAND: GET /session/10503a4dac92bcb2538d37e21df02b44/screenshot - {}
RESULT: {}
COMMAND: POST /session/10503a4dac92bcb2538d37e21df02b44/element - {"using":"xpath","value":"//bdi[(text() = 'Confirm' or . = 'Confirm')]"}
RESULT: {"using":"xpath","value":"//bdi[(text() = 'Confirm' or . = 'Confirm')]"}
COMMAND: POST /session/10503a4dac92bcb2538d37e21df02b44/element/f.FDAF18A8ED6EACE6EA012090E3B5CAAE.d.45A428FA1D6717AC9EB41D923EF2C6D8.e.4855/click - {}
RESULT: {}
COMMAND: GET /session/10503a4dac92bcb2538d37e21df02b44/screenshot - {}
RESULT: {}
COMMAND: POST /session/10503a4dac92bcb2538d37e21df02b44/execute/async - {"script":"<script> [1562 bytes]","args":[{"selector":{"id":"confirmationButton","viewName":"etm.portal.ui.managehandovers.view.DetailExecuteHO","interaction":{"idSuffix":"BDI-content"}},"wdio_ui5_key":"confirmationButtonetmportal.ui.managehandovers.view.DetailExecuteHO"}]}
RESULT: {"script":"<script> [1562 bytes]","args":[{"selector":{"id":"confirmationButton","viewName":"etm.portal.ui.managehandovers.view.DetailExecuteHO","interaction":{"idSuffix":"BDI-content"}},"wdio_ui5_key":"confirmationButtonetmportal.ui.managehandovers.view.DetailExecuteHO"}]}
RESULT: undefined
COMMAND: POST /session/10503a4dac92bcb2538d37e21df02b44/element - {"using":"css selector","value":"bdi[aria-live=\"off\"][text=\"Close\"]"}
RESULT: {"using":"css selector","value":"bdi[aria-live=\"off\"][text=\"Close\"]"}
COMMAND: POST /session/10503a4dac92bcb2538d37e21df02b44/element - {"using":"css selector","value":"bdi[aria-live=\"off\"][text=\"Close\"]"}
RESULT: {"using":"css selector","value":"bdi[aria-live=\"off\"][text=\"Close\"]"}
COMMAND: POST /session/10503a4dac92bcb2538d37e21df02b44/element - {"using":"css selector","value":"#shell-header-logo"}
RESULT: {"using":"css selector","value":"#shell-header-logo"}
COMMAND: POST /session/10503a4dac92bcb2538d37e21df02b44/element/f.FDAF18A8ED6EACE6EA012090E3B5CAAE.d.45A428FA1D6717AC9EB41D923EF2C6D8.e.4229/click - {}
RESULT: {}
COMMAND: GET /session/10503a4dac92bcb2538d37e21df02b44/screenshot - {}
RESULT: {}
COMMAND: POST /session/10503a4dac92bcb2538d37e21df02b44/element - {"using":"css selector","value":"#j_username"}
COMMAND: POST /session/10503a4dac92bcb2538d37e21df02b44/url - {"url":"https://qa-testing-00-live-etm-ui.cfapps.eu10-004.hana.ondemand.com/"}
RESULT: {"using":"css selector","value":"#j_username"}
COMMAND: POST /session/10503a4dac92bcb2538d37e21df02b44/element - {"using":"css selector","value":"#j_username"}
RESULT: {"url":"https://qa-testing-00-live-etm-ui.cfapps.eu10-004.hana.ondemand.com/"}
RESULT: undefined
COMMAND: GET /session/10503a4dac92bcb2538d37e21df02b44/screenshot - {}
RESULT: {"using":"css selector","value":"#j_username"}
COMMAND: POST /session/10503a4dac92bcb2538d37e21df02b44/element - {"using":"css selector","value":"#shell-header-logo"}
RESULT: {}
RESULT: {"using":"css selector","value":"#shell-header-logo"}
COMMAND: POST /session/10503a4dac92bcb2538d37e21df02b44/execute/sync - {"script":"<script> [8489 bytes]","args":[{"element-6066-11e4-a52e-4f735466cecf":"f.FDAF18A8ED6EACE6EA012090E3B5CAAE.d.26C022EF8B4FCEB4CF1815AA19E88E12.e.4871","ELEMENT":"f.FDAF18A8ED6EACE6EA012090E3B5CAAE.d.26C022EF8B4FCEB4CF1815AA19E88E12.e.4871"}]}
RESULT: {"script":"<script> [8489 bytes]","args":[{"element-6066-11e4-a52e-4f735466cecf":"f.FDAF18A8ED6EACE6EA012090E3B5CAAE.d.26C022EF8B4FCEB4CF1815AA19E88E12.e.4871","ELEMENT":"f.FDAF18A8ED6EACE6EA012090E3B5CAAE.d.26C022EF8B4FCEB4CF1815AA19E88E12.e.4871"}]}
COMMAND: POST /session/10503a4dac92bcb2538d37e21df02b44/element - {"using":"css selector","value":"#shell-header-logo"}
COMMAND: GET /session/10503a4dac92bcb2538d37e21df02b44/screenshot - {}
RESULT: {"using":"css selector","value":"#shell-header-logo"}
COMMAND: POST /session/10503a4dac92bcb2538d37e21df02b44/execute/sync - {"script":"<script> [8489 bytes]","args":[{"element-6066-11e4-a52e-4f735466cecf":"f.FDAF18A8ED6EACE6EA012090E3B5CAAE.d.26C022EF8B4FCEB4CF1815AA19E88E12.e.4871","ELEMENT":"f.FDAF18A8ED6EACE6EA012090E3B5CAAE.d.26C022EF8B4FCEB4CF1815AA19E88E12.e.4871"}]}
RESULT: {}
RESULT: {"script":"<script> [8489 bytes]","args":[{"element-6066-11e4-a52e-4f735466cecf":"f.FDAF18A8ED6EACE6EA012090E3B5CAAE.d.26C022EF8B4FCEB4CF1815AA19E88E12.e.4871","ELEMENT":"f.FDAF18A8ED6EACE6EA012090E3B5CAAE.d.26C022EF8B4FCEB4CF1815AA19E88E12.e.4871"}]}
COMMAND: POST /session/10503a4dac92bcb2538d37e21df02b44/execute/sync - {"script":"<script> [5351 bytes]","args":[{"element-6066-11e4-a52e-4f735466cecf":"f.FDAF18A8ED6EACE6EA012090E3B5CAAE.d.26C022EF8B4FCEB4CF1815AA19E88E12.e.4871","ELEMENT":"f.FDAF18A8ED6EACE6EA012090E3B5CAAE.d.26C022EF8B4FCEB4CF1815AA19E88E12.e.4871"}]}
COMMAND: GET /session/10503a4dac92bcb2538d37e21df02b44/screenshot - {}
RESULT: {}
RESULT: {"script":"<script> [5351 bytes]","args":[{"element-6066-11e4-a52e-4f735466cecf":"f.FDAF18A8ED6EACE6EA012090E3B5CAAE.d.26C022EF8B4FCEB4CF1815AA19E88E12.e.4871","ELEMENT":"f.FDAF18A8ED6EACE6EA012090E3B5CAAE.d.26C022EF8B4FCEB4CF1815AA19E88E12.e.4871"}]}
COMMAND: POST /session/10503a4dac92bcb2538d37e21df02b44/element - {"using":"css selector","value":"#shell-header-logo"}
COMMAND: GET /session/10503a4dac92bcb2538d37e21df02b44/screenshot - {}
RESULT: {"using":"css selector","value":"#shell-header-logo"}
COMMAND: POST /session/10503a4dac92bcb2538d37e21df02b44/element/f.FDAF18A8ED6EACE6EA012090E3B5CAAE.d.26C022EF8B4FCEB4CF1815AA19E88E12.e.4871/click - {}
RESULT: {}
RESULT: {}
COMMAND: GET /session/10503a4dac92bcb2538d37e21df02b44/screenshot - {}
RESULT: {}
COMMAND: POST /session/10503a4dac92bcb2538d37e21df02b44/execute/async - {"script":"<script> [189 bytes]","args":[]}
RESULT: {"script":"<script> [189 bytes]","args":[]}
COMMAND: POST /session/10503a4dac92bcb2538d37e21df02b44/execute/async - {"script":"<script> [123 bytes]","args":[]}
RESULT: {"script":"<script> [123 bytes]","args":[]}
COMMAND: POST /session/10503a4dac92bcb2538d37e21df02b44/timeouts - {"script":"<number>"}
RESULT: {"script":"<number>"}
COMMAND: GET /session/10503a4dac92bcb2538d37e21df02b44/timeouts - {}
RESULT: {}
RESULT: undefined
COMMAND: POST /session/10503a4dac92bcb2538d37e21df02b44/execute/async - {"script":"<script> [2676 bytes]","args":[]}
RESULT: {"script":"<script> [2676 bytes]","args":[]}
COMMAND: POST /session/10503a4dac92bcb2538d37e21df02b44/execute/async - {"script":"<script> [2342 bytes]","args":[{"protocol":"http","hostname":"0.0.0.0","path":"/","capabilities":{"browserName":"chrome","goog:chromeOptions":{"binary":"C:\\Program Files\\Google\\Chrome\\Application\\chrome.exe","args":["--start-maximized"]}},"logLevel":"warn","connectionRetryTimeout":120000,"connectionRetryCount":3,"logLevels":{},"enableDirectConnect":true,"strictSSL":true,"_":"65 more keys: [\"cacheDir\",\"port\",\"requestedCapabilities\",\"automationProtocol\",\"baseUrl\",\"waitforInterval\",\"waitforTimeout\",\"onReload\",\"beforeCommand\",\"afterCommand\",\"rootDir\",\"specs\",\"suites\",\"exclude\",\"groupLogsByTestSpec\",\"excludeDriverLogs\",\"bail\",\"framework\",\"reporters\",\"services\",\"maxInstances\",\"maxInstancesPerCapability\",\"injectGlobals\",\"filesToWatch\",\"execArgv\",\"runnerEnv\",\"runner\",\"shard\",\"specFileRetries\",\"specFileRetriesDelay\",\"specFileRetriesDeferred\",\"reporterSyncInterval\",\"reporterSyncTimeout\",\"cucumberFeaturesWithLineNumbers\",\"autoCompileOpts\",\"mochaOpts\",\"jasmineOpts\",\"cucumberOpts\",\"onPrepare\",\"onWorkerStart\",\"onWorkerEnd\",\"before\",\"beforeSession\",\"beforeSuite\",\"beforeHook\",\"beforeTest\",\"afterTest\",\"afterHook\",\"afterSuite\",\"afterSession\",\"after\",\"onComplete\",\"beforeAssertion\",\"afterAssertion\",\"beforeFeature\",\"beforeScenario\",\"beforeStep\",\"afterStep\",\"afterScenario\",\"afterFeature\",\"_\",\"suite\",\"$0\",\"ignoredWorkerServices\",\"wdi5\"]"}]}
RESULT: {"script":"<script> [2342 bytes]","args":[{"protocol":"http","hostname":"0.0.0.0","path":"/","capabilities":{"browserName":"chrome","goog:chromeOptions":{"binary":"C:\\Program Files\\Google\\Chrome\\Application\\chrome.exe","args":["--start-maximized"]}},"logLevel":"warn","connectionRetryTimeout":120000,"connectionRetryCount":3,"logLevels":{},"enableDirectConnect":true,"strictSSL":true,"_":"65 more keys: [\"cacheDir\",\"port\",\"requestedCapabilities\",\"automationProtocol\",\"baseUrl\",\"waitforInterval\",\"waitforTimeout\",\"onReload\",\"beforeCommand\",\"afterCommand\",\"rootDir\",\"specs\",\"suites\",\"exclude\",\"groupLogsByTestSpec\",\"excludeDriverLogs\",\"bail\",\"framework\",\"reporters\",\"services\",\"maxInstances\",\"maxInstancesPerCapability\",\"injectGlobals\",\"filesToWatch\",\"execArgv\",\"runnerEnv\",\"runner\",\"shard\",\"specFileRetries\",\"specFileRetriesDelay\",\"specFileRetriesDeferred\",\"reporterSyncInterval\",\"reporterSyncTimeout\",\"cucumberFeaturesWithLineNumbers\",\"autoCompileOpts\",\"mochaOpts\",\"jasmineOpts\",\"cucumberOpts\",\"onPrepare\",\"onWorkerStart\",\"onWorkerEnd\",\"before\",\"beforeSession\",\"beforeSuite\",\"beforeHook\",\"beforeTest\",\"afterTest\",\"afterHook\",\"afterSuite\",\"afterSession\",\"after\",\"onComplete\",\"beforeAssertion\",\"afterAssertion\",\"beforeFeature\",\"beforeScenario\",\"beforeStep\",\"afterStep\",\"afterScenario\",\"afterFeature\",\"_\",\"suite\",\"$0\",\"ignoredWorkerServices\",\"wdi5\"]"}]}
COMMAND: POST /session/10503a4dac92bcb2538d37e21df02b44/execute/async - {"script":"<script> [21126 bytes]","args":[35000]}
RESULT: {"script":"<script> [21126 bytes]","args":[35000]}
COMMAND: POST /session/10503a4dac92bcb2538d37e21df02b44/window/maximize - {}
RESULT: {}
COMMAND: POST /session/10503a4dac92bcb2538d37e21df02b44/execute/async - {"script":"<script> [1562 bytes]","args":[{"selector":{"id":"shell-header","interaction":{"idSuffix":"icon"}},"wdio_ui5_key":"shellheader"}]}
COMMAND: GET /session/10503a4dac92bcb2538d37e21df02b44/screenshot - {}
RESULT: {"script":"<script> [1562 bytes]","args":[{"selector":{"id":"shell-header","interaction":{"idSuffix":"icon"}},"wdio_ui5_key":"shellheader"}]}
RESULT: undefined
]]></system-out>
    </testcase>
  </testsuite>
  <testsuite timestamp="2025-05-03T16:29:54" time="425.694" tests="6" failures="6" errors="6" skipped="0">
    <properties>
      <property name="specId" value="0" />
      <property name="suiteName" value="Provide to Site w/ warehouse management w/ clarification US115878" />
      <property name="capabilities" value="chrome.135_0_7049_96.windows" />
      <property name="file" value="file:///D:/a/1/s/test/specs/HTR/provide-to-site-w-warehouse-w-clarification.spec.js" />
    </properties>
  </testsuite>
  <testsuite timestamp="2025-05-03T16:37:00" time="488.593" tests="6" failures="6" errors="6" skipped="0">
    <properties>
      <property name="specId" value="0" />
      <property name="suiteName" value="Provide to Site w/ warehouse management w clarification" />
      <property name="capabilities" value="chrome.135_0_7049_96.windows" />
      <property name="file" value="file:///D:/a/1/s/test/specs/HTR/provide-to-site-w-warehouse-w-clarification.spec.js" />
    </properties>
  </testsuite>
  <testsuite timestamp="2025-05-03T16:45:09" time="483.077" tests="6" failures="6" errors="6" skipped="0">
    <properties>
      <property name="specId" value="0" />
      <property name="suiteName" value="Provide to Site w/ warehouse management w/o clarification US113782 " />
      <property name="capabilities" value="chrome.135_0_7049_96.windows" />
      <property name="file" value="file:///D:/a/1/s/test/specs/HTR/provide-to-site-w-warehouse-wo-clarification.spec.js" />
    </properties>
  </testsuite>
  <testsuite timestamp="2025-05-03T16:53:12" time="322.802" tests="5" failures="5" errors="5" skipped="0">
    <properties>
      <property name="specId" value="0" />
      <property name="suiteName" value="Provide to Site w/ warehouse management wo clarification" />
      <property name="capabilities" value="chrome.135_0_7049_96.windows" />
      <property name="file" value="file:///D:/a/1/s/test/specs/HTR/provide-to-site-w-warehouse-wo-clarification.spec.js" />
    </properties>
  </testsuite>
  <testsuite timestamp="2025-05-03T16:58:34" time="290.921" tests="4" failures="4" errors="4" skipped="0">
    <properties>
      <property name="specId" value="0" />
      <property name="suiteName" value="Provide to Site w/o warehouse management w/ clarification US116605" />
      <property name="capabilities" value="chrome.135_0_7049_96.windows" />
      <property name="file" value="file:///D:/a/1/s/test/specs/HTR/provide-to-site-wo-warehouse-w-clarification.spec.js" />
    </properties>
  </testsuite>
  <testsuite timestamp="2025-05-03T17:03:25" time="453.584" tests="6" failures="4" errors="4" skipped="0">
    <properties>
      <property name="specId" value="0" />
      <property name="suiteName" value="Provide to Site w/o warehouse management w clarification" />
      <property name="capabilities" value="chrome.135_0_7049_96.windows" />
      <property name="file" value="file:///D:/a/1/s/test/specs/HTR/provide-to-site-wo-warehouse-w-clarification.spec.js" />
    </properties>
    <testcase classname="chrome.135_0_7049_96.windows.Provide_to_Site_w/o_warehouse_management_w_clarification" name="Should Test for Handover Execution" time="167.145">
      <system-out><![CDATA[
COMMAND: POST /session/10503a4dac92bcb2538d37e21df02b44/element - {"using":"xpath","value":"//*[text()='Provide to site']"}
COMMAND: GET /session/10503a4dac92bcb2538d37e21df02b44/screenshot - {}
RESULT: {"using":"xpath","value":"//*[text()='Provide to site']"}
COMMAND: POST /session/10503a4dac92bcb2538d37e21df02b44/elements - {"using":"xpath","value":"//*[text()='Provide to site']"}
RESULT: {}
RESULT: {"using":"xpath","value":"//*[text()='Provide to site']"}
COMMAND: POST /session/10503a4dac92bcb2538d37e21df02b44/elements - {"using":"xpath","value":"//*[text()='Provide to site']"}
RESULT: {"using":"xpath","value":"//*[text()='Provide to site']"}
COMMAND: POST /session/10503a4dac92bcb2538d37e21df02b44/elements - {"using":"xpath","value":"//*[text()='Provide to site']"}
RESULT: {"using":"xpath","value":"//*[text()='Provide to site']"}
COMMAND: POST /session/10503a4dac92bcb2538d37e21df02b44/elements - {"using":"xpath","value":"//*[text()='Provide to site']"}
RESULT: {"using":"xpath","value":"//*[text()='Provide to site']"}
COMMAND: POST /session/10503a4dac92bcb2538d37e21df02b44/elements - {"using":"xpath","value":"//*[text()='Provide to site']"}
RESULT: {"using":"xpath","value":"//*[text()='Provide to site']"}
COMMAND: POST /session/10503a4dac92bcb2538d37e21df02b44/elements - {"using":"xpath","value":"//*[text()='Provide to site']"}
RESULT: {"using":"xpath","value":"//*[text()='Provide to site']"}
COMMAND: POST /session/10503a4dac92bcb2538d37e21df02b44/elements - {"using":"xpath","value":"//*[text()='Provide to site']"}
RESULT: {"using":"xpath","value":"//*[text()='Provide to site']"}
COMMAND: POST /session/10503a4dac92bcb2538d37e21df02b44/elements - {"using":"xpath","value":"//*[text()='Provide to site']"}
RESULT: {"using":"xpath","value":"//*[text()='Provide to site']"}
COMMAND: POST /session/10503a4dac92bcb2538d37e21df02b44/elements - {"using":"xpath","value":"//*[text()='Provide to site']"}
RESULT: {"using":"xpath","value":"//*[text()='Provide to site']"}
COMMAND: POST /session/10503a4dac92bcb2538d37e21df02b44/elements - {"using":"xpath","value":"//*[text()='Provide to site']"}
RESULT: {"using":"xpath","value":"//*[text()='Provide to site']"}
COMMAND: POST /session/10503a4dac92bcb2538d37e21df02b44/elements - {"using":"xpath","value":"//*[text()='Provide to site']"}
RESULT: {"using":"xpath","value":"//*[text()='Provide to site']"}
COMMAND: POST /session/10503a4dac92bcb2538d37e21df02b44/elements - {"using":"xpath","value":"//*[text()='Provide to site']"}
RESULT: {"using":"xpath","value":"//*[text()='Provide to site']"}
COMMAND: POST /session/10503a4dac92bcb2538d37e21df02b44/elements - {"using":"xpath","value":"//*[text()='Provide to site']"}
RESULT: {"using":"xpath","value":"//*[text()='Provide to site']"}
COMMAND: POST /session/10503a4dac92bcb2538d37e21df02b44/elements - {"using":"xpath","value":"//*[text()='Provide to site']"}
RESULT: {"using":"xpath","value":"//*[text()='Provide to site']"}
COMMAND: POST /session/10503a4dac92bcb2538d37e21df02b44/elements - {"using":"xpath","value":"//*[text()='Provide to site']"}
RESULT: {"using":"xpath","value":"//*[text()='Provide to site']"}
COMMAND: POST /session/10503a4dac92bcb2538d37e21df02b44/elements - {"using":"xpath","value":"//*[text()='Provide to site']"}
RESULT: {"using":"xpath","value":"//*[text()='Provide to site']"}
COMMAND: POST /session/10503a4dac92bcb2538d37e21df02b44/elements - {"using":"xpath","value":"//*[text()='Provide to site']"}
RESULT: {"using":"xpath","value":"//*[text()='Provide to site']"}
COMMAND: POST /session/10503a4dac92bcb2538d37e21df02b44/elements - {"using":"xpath","value":"//*[text()='Provide to site']"}
RESULT: {"using":"xpath","value":"//*[text()='Provide to site']"}
COMMAND: POST /session/10503a4dac92bcb2538d37e21df02b44/elements - {"using":"xpath","value":"//*[text()='Provide to site']"}
RESULT: {"using":"xpath","value":"//*[text()='Provide to site']"}
COMMAND: POST /session/10503a4dac92bcb2538d37e21df02b44/elements - {"using":"xpath","value":"//*[text()='Provide to site']"}
RESULT: {"using":"xpath","value":"//*[text()='Provide to site']"}
COMMAND: POST /session/10503a4dac92bcb2538d37e21df02b44/elements - {"using":"xpath","value":"//*[text()='Provide to site']"}
RESULT: {"using":"xpath","value":"//*[text()='Provide to site']"}
COMMAND: POST /session/10503a4dac92bcb2538d37e21df02b44/elements - {"using":"xpath","value":"//*[text()='Provide to site']"}
RESULT: {"using":"xpath","value":"//*[text()='Provide to site']"}
COMMAND: POST /session/10503a4dac92bcb2538d37e21df02b44/elements - {"using":"xpath","value":"//*[text()='Provide to site']"}
RESULT: {"using":"xpath","value":"//*[text()='Provide to site']"}
COMMAND: POST /session/10503a4dac92bcb2538d37e21df02b44/elements - {"using":"xpath","value":"//*[text()='Provide to site']"}
RESULT: {"using":"xpath","value":"//*[text()='Provide to site']"}
COMMAND: POST /session/10503a4dac92bcb2538d37e21df02b44/elements - {"using":"xpath","value":"//*[text()='Provide to site']"}
RESULT: {"using":"xpath","value":"//*[text()='Provide to site']"}
COMMAND: POST /session/10503a4dac92bcb2538d37e21df02b44/elements - {"using":"xpath","value":"//*[text()='Provide to site']"}
RESULT: {"using":"xpath","value":"//*[text()='Provide to site']"}
COMMAND: POST /session/10503a4dac92bcb2538d37e21df02b44/elements - {"using":"xpath","value":"//*[text()='Provide to site']"}
RESULT: {"using":"xpath","value":"//*[text()='Provide to site']"}
COMMAND: POST /session/10503a4dac92bcb2538d37e21df02b44/elements - {"using":"xpath","value":"//*[text()='Provide to site']"}
RESULT: {"using":"xpath","value":"//*[text()='Provide to site']"}
COMMAND: POST /session/10503a4dac92bcb2538d37e21df02b44/elements - {"using":"xpath","value":"//*[text()='Provide to site']"}
RESULT: {"using":"xpath","value":"//*[text()='Provide to site']"}
COMMAND: POST /session/10503a4dac92bcb2538d37e21df02b44/elements - {"using":"xpath","value":"//*[text()='Provide to site']"}
RESULT: {"using":"xpath","value":"//*[text()='Provide to site']"}
COMMAND: POST /session/10503a4dac92bcb2538d37e21df02b44/elements - {"using":"xpath","value":"//*[text()='Provide to site']"}
RESULT: {"using":"xpath","value":"//*[text()='Provide to site']"}
COMMAND: POST /session/10503a4dac92bcb2538d37e21df02b44/elements - {"using":"xpath","value":"//*[text()='Provide to site']"}
RESULT: {"using":"xpath","value":"//*[text()='Provide to site']"}
COMMAND: POST /session/10503a4dac92bcb2538d37e21df02b44/elements - {"using":"xpath","value":"//*[text()='Provide to site']"}
RESULT: {"using":"xpath","value":"//*[text()='Provide to site']"}
COMMAND: POST /session/10503a4dac92bcb2538d37e21df02b44/elements - {"using":"xpath","value":"//*[text()='Provide to site']"}
RESULT: {"using":"xpath","value":"//*[text()='Provide to site']"}
COMMAND: POST /session/10503a4dac92bcb2538d37e21df02b44/elements - {"using":"xpath","value":"//*[text()='Provide to site']"}
RESULT: {"using":"xpath","value":"//*[text()='Provide to site']"}
COMMAND: POST /session/10503a4dac92bcb2538d37e21df02b44/elements - {"using":"xpath","value":"//*[text()='Provide to site']"}
RESULT: {"using":"xpath","value":"//*[text()='Provide to site']"}
COMMAND: POST /session/10503a4dac92bcb2538d37e21df02b44/elements - {"using":"xpath","value":"//*[text()='Provide to site']"}
RESULT: {"using":"xpath","value":"//*[text()='Provide to site']"}
COMMAND: POST /session/10503a4dac92bcb2538d37e21df02b44/elements - {"using":"xpath","value":"//*[text()='Provide to site']"}
RESULT: {"using":"xpath","value":"//*[text()='Provide to site']"}
COMMAND: POST /session/10503a4dac92bcb2538d37e21df02b44/elements - {"using":"xpath","value":"//*[text()='Provide to site']"}
RESULT: {"using":"xpath","value":"//*[text()='Provide to site']"}
COMMAND: POST /session/10503a4dac92bcb2538d37e21df02b44/elements - {"using":"xpath","value":"//*[text()='Provide to site']"}
RESULT: {"using":"xpath","value":"//*[text()='Provide to site']"}
COMMAND: POST /session/10503a4dac92bcb2538d37e21df02b44/elements - {"using":"xpath","value":"//*[text()='Provide to site']"}
RESULT: {"using":"xpath","value":"//*[text()='Provide to site']"}
COMMAND: POST /session/10503a4dac92bcb2538d37e21df02b44/elements - {"using":"xpath","value":"//*[text()='Provide to site']"}
RESULT: {"using":"xpath","value":"//*[text()='Provide to site']"}
COMMAND: POST /session/10503a4dac92bcb2538d37e21df02b44/elements - {"using":"xpath","value":"//*[text()='Provide to site']"}
RESULT: {"using":"xpath","value":"//*[text()='Provide to site']"}
COMMAND: POST /session/10503a4dac92bcb2538d37e21df02b44/elements - {"using":"xpath","value":"//*[text()='Provide to site']"}
RESULT: {"using":"xpath","value":"//*[text()='Provide to site']"}
COMMAND: POST /session/10503a4dac92bcb2538d37e21df02b44/elements - {"using":"xpath","value":"//*[text()='Provide to site']"}
RESULT: {"using":"xpath","value":"//*[text()='Provide to site']"}
COMMAND: POST /session/10503a4dac92bcb2538d37e21df02b44/elements - {"using":"xpath","value":"//*[text()='Provide to site']"}
RESULT: {"using":"xpath","value":"//*[text()='Provide to site']"}
COMMAND: POST /session/10503a4dac92bcb2538d37e21df02b44/elements - {"using":"xpath","value":"//*[text()='Provide to site']"}
RESULT: {"using":"xpath","value":"//*[text()='Provide to site']"}
COMMAND: POST /session/10503a4dac92bcb2538d37e21df02b44/elements - {"using":"xpath","value":"//*[text()='Provide to site']"}
RESULT: {"using":"xpath","value":"//*[text()='Provide to site']"}
COMMAND: POST /session/10503a4dac92bcb2538d37e21df02b44/elements - {"using":"xpath","value":"//*[text()='Provide to site']"}
RESULT: {"using":"xpath","value":"//*[text()='Provide to site']"}
COMMAND: POST /session/10503a4dac92bcb2538d37e21df02b44/elements - {"using":"xpath","value":"//*[text()='Provide to site']"}
RESULT: {"using":"xpath","value":"//*[text()='Provide to site']"}
COMMAND: POST /session/10503a4dac92bcb2538d37e21df02b44/elements - {"using":"xpath","value":"//*[text()='Provide to site']"}
RESULT: {"using":"xpath","value":"//*[text()='Provide to site']"}
COMMAND: POST /session/10503a4dac92bcb2538d37e21df02b44/elements - {"using":"xpath","value":"//*[text()='Provide to site']"}
RESULT: {"using":"xpath","value":"//*[text()='Provide to site']"}
COMMAND: POST /session/10503a4dac92bcb2538d37e21df02b44/elements - {"using":"xpath","value":"//*[text()='Provide to site']"}
RESULT: {"using":"xpath","value":"//*[text()='Provide to site']"}
COMMAND: POST /session/10503a4dac92bcb2538d37e21df02b44/elements - {"using":"xpath","value":"//*[text()='Provide to site']"}
RESULT: {"using":"xpath","value":"//*[text()='Provide to site']"}
COMMAND: POST /session/10503a4dac92bcb2538d37e21df02b44/elements - {"using":"xpath","value":"//*[text()='Provide to site']"}
RESULT: {"using":"xpath","value":"//*[text()='Provide to site']"}
COMMAND: POST /session/10503a4dac92bcb2538d37e21df02b44/elements - {"using":"xpath","value":"//*[text()='Provide to site']"}
RESULT: {"using":"xpath","value":"//*[text()='Provide to site']"}
COMMAND: POST /session/10503a4dac92bcb2538d37e21df02b44/elements - {"using":"xpath","value":"//*[text()='Provide to site']"}
RESULT: {"using":"xpath","value":"//*[text()='Provide to site']"}
COMMAND: POST /session/10503a4dac92bcb2538d37e21df02b44/elements - {"using":"xpath","value":"//*[text()='Provide to site']"}
RESULT: {"using":"xpath","value":"//*[text()='Provide to site']"}
COMMAND: POST /session/10503a4dac92bcb2538d37e21df02b44/elements - {"using":"xpath","value":"//*[text()='Provide to site']"}
RESULT: {"using":"xpath","value":"//*[text()='Provide to site']"}
COMMAND: POST /session/10503a4dac92bcb2538d37e21df02b44/elements - {"using":"xpath","value":"//*[text()='Provide to site']"}
RESULT: {"using":"xpath","value":"//*[text()='Provide to site']"}
COMMAND: POST /session/10503a4dac92bcb2538d37e21df02b44/elements - {"using":"xpath","value":"//*[text()='Provide to site']"}
RESULT: {"using":"xpath","value":"//*[text()='Provide to site']"}
COMMAND: POST /session/10503a4dac92bcb2538d37e21df02b44/elements - {"using":"xpath","value":"//*[text()='Provide to site']"}
RESULT: {"using":"xpath","value":"//*[text()='Provide to site']"}
COMMAND: POST /session/10503a4dac92bcb2538d37e21df02b44/elements - {"using":"xpath","value":"//*[text()='Provide to site']"}
RESULT: {"using":"xpath","value":"//*[text()='Provide to site']"}
COMMAND: POST /session/10503a4dac92bcb2538d37e21df02b44/elements - {"using":"xpath","value":"//*[text()='Provide to site']"}
RESULT: {"using":"xpath","value":"//*[text()='Provide to site']"}
COMMAND: POST /session/10503a4dac92bcb2538d37e21df02b44/elements - {"using":"xpath","value":"//*[text()='Provide to site']"}
RESULT: {"using":"xpath","value":"//*[text()='Provide to site']"}
COMMAND: POST /session/10503a4dac92bcb2538d37e21df02b44/elements - {"using":"xpath","value":"//*[text()='Provide to site']"}
RESULT: {"using":"xpath","value":"//*[text()='Provide to site']"}
COMMAND: POST /session/10503a4dac92bcb2538d37e21df02b44/elements - {"using":"xpath","value":"//*[text()='Provide to site']"}
RESULT: {"using":"xpath","value":"//*[text()='Provide to site']"}
COMMAND: POST /session/10503a4dac92bcb2538d37e21df02b44/elements - {"using":"xpath","value":"//*[text()='Provide to site']"}
RESULT: {"using":"xpath","value":"//*[text()='Provide to site']"}
COMMAND: POST /session/10503a4dac92bcb2538d37e21df02b44/elements - {"using":"xpath","value":"//*[text()='Provide to site']"}
RESULT: {"using":"xpath","value":"//*[text()='Provide to site']"}
COMMAND: POST /session/10503a4dac92bcb2538d37e21df02b44/elements - {"using":"xpath","value":"//*[text()='Provide to site']"}
RESULT: {"using":"xpath","value":"//*[text()='Provide to site']"}
COMMAND: POST /session/10503a4dac92bcb2538d37e21df02b44/elements - {"using":"xpath","value":"//*[text()='Provide to site']"}
RESULT: {"using":"xpath","value":"//*[text()='Provide to site']"}
COMMAND: POST /session/10503a4dac92bcb2538d37e21df02b44/elements - {"using":"xpath","value":"//*[text()='Provide to site']"}
RESULT: {"using":"xpath","value":"//*[text()='Provide to site']"}
COMMAND: POST /session/10503a4dac92bcb2538d37e21df02b44/elements - {"using":"xpath","value":"//*[text()='Provide to site']"}
RESULT: {"using":"xpath","value":"//*[text()='Provide to site']"}
COMMAND: POST /session/10503a4dac92bcb2538d37e21df02b44/elements - {"using":"xpath","value":"//*[text()='Provide to site']"}
RESULT: {"using":"xpath","value":"//*[text()='Provide to site']"}
COMMAND: POST /session/10503a4dac92bcb2538d37e21df02b44/elements - {"using":"xpath","value":"//*[text()='Provide to site']"}
RESULT: {"using":"xpath","value":"//*[text()='Provide to site']"}
COMMAND: POST /session/10503a4dac92bcb2538d37e21df02b44/elements - {"using":"xpath","value":"//*[text()='Provide to site']"}
RESULT: {"using":"xpath","value":"//*[text()='Provide to site']"}
COMMAND: POST /session/10503a4dac92bcb2538d37e21df02b44/elements - {"using":"xpath","value":"//*[text()='Provide to site']"}
RESULT: {"using":"xpath","value":"//*[text()='Provide to site']"}
COMMAND: POST /session/10503a4dac92bcb2538d37e21df02b44/elements - {"using":"xpath","value":"//*[text()='Provide to site']"}
RESULT: {"using":"xpath","value":"//*[text()='Provide to site']"}
COMMAND: POST /session/10503a4dac92bcb2538d37e21df02b44/elements - {"using":"xpath","value":"//*[text()='Provide to site']"}
RESULT: {"using":"xpath","value":"//*[text()='Provide to site']"}
COMMAND: POST /session/10503a4dac92bcb2538d37e21df02b44/elements - {"using":"xpath","value":"//*[text()='Provide to site']"}
RESULT: {"using":"xpath","value":"//*[text()='Provide to site']"}
COMMAND: POST /session/10503a4dac92bcb2538d37e21df02b44/elements - {"using":"xpath","value":"//*[text()='Provide to site']"}
RESULT: {"using":"xpath","value":"//*[text()='Provide to site']"}
COMMAND: POST /session/10503a4dac92bcb2538d37e21df02b44/elements - {"using":"xpath","value":"//*[text()='Provide to site']"}
RESULT: {"using":"xpath","value":"//*[text()='Provide to site']"}
COMMAND: POST /session/10503a4dac92bcb2538d37e21df02b44/elements - {"using":"xpath","value":"//*[text()='Provide to site']"}
RESULT: {"using":"xpath","value":"//*[text()='Provide to site']"}
COMMAND: POST /session/10503a4dac92bcb2538d37e21df02b44/elements - {"using":"xpath","value":"//*[text()='Provide to site']"}
RESULT: {"using":"xpath","value":"//*[text()='Provide to site']"}
COMMAND: POST /session/10503a4dac92bcb2538d37e21df02b44/elements - {"using":"xpath","value":"//*[text()='Provide to site']"}
RESULT: {"using":"xpath","value":"//*[text()='Provide to site']"}
COMMAND: POST /session/10503a4dac92bcb2538d37e21df02b44/elements - {"using":"xpath","value":"//*[text()='Provide to site']"}
RESULT: {"using":"xpath","value":"//*[text()='Provide to site']"}
COMMAND: POST /session/10503a4dac92bcb2538d37e21df02b44/elements - {"using":"xpath","value":"//*[text()='Provide to site']"}
RESULT: {"using":"xpath","value":"//*[text()='Provide to site']"}
COMMAND: POST /session/10503a4dac92bcb2538d37e21df02b44/elements - {"using":"xpath","value":"//*[text()='Provide to site']"}
RESULT: {"using":"xpath","value":"//*[text()='Provide to site']"}
COMMAND: POST /session/10503a4dac92bcb2538d37e21df02b44/elements - {"using":"xpath","value":"//*[text()='Provide to site']"}
RESULT: {"using":"xpath","value":"//*[text()='Provide to site']"}
COMMAND: POST /session/10503a4dac92bcb2538d37e21df02b44/elements - {"using":"xpath","value":"//*[text()='Provide to site']"}
RESULT: {"using":"xpath","value":"//*[text()='Provide to site']"}
COMMAND: POST /session/10503a4dac92bcb2538d37e21df02b44/elements - {"using":"xpath","value":"//*[text()='Provide to site']"}
COMMAND: POST /session/10503a4dac92bcb2538d37e21df02b44/element - {"using":"xpath","value":"//span[text()='Provide to site - Completed']"}
RESULT: {"using":"xpath","value":"//*[text()='Provide to site']"}
RESULT: {"using":"xpath","value":"//span[text()='Provide to site - Completed']"}
COMMAND: POST /session/10503a4dac92bcb2538d37e21df02b44/elements - {"using":"xpath","value":"//span[text()='Provide to site - Completed']"}
RESULT: {"using":"xpath","value":"//span[text()='Provide to site - Completed']"}
COMMAND: POST /session/10503a4dac92bcb2538d37e21df02b44/elements - {"using":"xpath","value":"//span[text()='Provide to site - Completed']"}
RESULT: {"using":"xpath","value":"//span[text()='Provide to site - Completed']"}
COMMAND: POST /session/10503a4dac92bcb2538d37e21df02b44/elements - {"using":"xpath","value":"//span[text()='Provide to site - Completed']"}
RESULT: {"using":"xpath","value":"//span[text()='Provide to site - Completed']"}
COMMAND: POST /session/10503a4dac92bcb2538d37e21df02b44/elements - {"using":"xpath","value":"//span[text()='Provide to site - Completed']"}
RESULT: {"using":"xpath","value":"//span[text()='Provide to site - Completed']"}
COMMAND: POST /session/10503a4dac92bcb2538d37e21df02b44/elements - {"using":"xpath","value":"//span[text()='Provide to site - Completed']"}
RESULT: {"using":"xpath","value":"//span[text()='Provide to site - Completed']"}
COMMAND: POST /session/10503a4dac92bcb2538d37e21df02b44/elements - {"using":"xpath","value":"//span[text()='Provide to site - Completed']"}
RESULT: {"using":"xpath","value":"//span[text()='Provide to site - Completed']"}
COMMAND: POST /session/10503a4dac92bcb2538d37e21df02b44/elements - {"using":"xpath","value":"//span[text()='Provide to site - Completed']"}
RESULT: {"using":"xpath","value":"//span[text()='Provide to site - Completed']"}
COMMAND: POST /session/10503a4dac92bcb2538d37e21df02b44/elements - {"using":"xpath","value":"//span[text()='Provide to site - Completed']"}
RESULT: {"using":"xpath","value":"//span[text()='Provide to site - Completed']"}
COMMAND: POST /session/10503a4dac92bcb2538d37e21df02b44/elements - {"using":"xpath","value":"//span[text()='Provide to site - Completed']"}
RESULT: {"using":"xpath","value":"//span[text()='Provide to site - Completed']"}
COMMAND: POST /session/10503a4dac92bcb2538d37e21df02b44/elements - {"using":"xpath","value":"//span[text()='Provide to site - Completed']"}
RESULT: {"using":"xpath","value":"//span[text()='Provide to site - Completed']"}
COMMAND: POST /session/10503a4dac92bcb2538d37e21df02b44/elements - {"using":"xpath","value":"//span[text()='Provide to site - Completed']"}
RESULT: {"using":"xpath","value":"//span[text()='Provide to site - Completed']"}
COMMAND: POST /session/10503a4dac92bcb2538d37e21df02b44/elements - {"using":"xpath","value":"//span[text()='Provide to site - Completed']"}
RESULT: {"using":"xpath","value":"//span[text()='Provide to site - Completed']"}
COMMAND: POST /session/10503a4dac92bcb2538d37e21df02b44/elements - {"using":"xpath","value":"//span[text()='Provide to site - Completed']"}
RESULT: {"using":"xpath","value":"//span[text()='Provide to site - Completed']"}
COMMAND: POST /session/10503a4dac92bcb2538d37e21df02b44/elements - {"using":"xpath","value":"//span[text()='Provide to site - Completed']"}
RESULT: {"using":"xpath","value":"//span[text()='Provide to site - Completed']"}
COMMAND: POST /session/10503a4dac92bcb2538d37e21df02b44/elements - {"using":"xpath","value":"//span[text()='Provide to site - Completed']"}
RESULT: {"using":"xpath","value":"//span[text()='Provide to site - Completed']"}
COMMAND: POST /session/10503a4dac92bcb2538d37e21df02b44/elements - {"using":"xpath","value":"//span[text()='Provide to site - Completed']"}
RESULT: {"using":"xpath","value":"//span[text()='Provide to site - Completed']"}
COMMAND: POST /session/10503a4dac92bcb2538d37e21df02b44/elements - {"using":"xpath","value":"//span[text()='Provide to site - Completed']"}
RESULT: {"using":"xpath","value":"//span[text()='Provide to site - Completed']"}
COMMAND: POST /session/10503a4dac92bcb2538d37e21df02b44/elements - {"using":"xpath","value":"//span[text()='Provide to site - Completed']"}
RESULT: {"using":"xpath","value":"//span[text()='Provide to site - Completed']"}
COMMAND: POST /session/10503a4dac92bcb2538d37e21df02b44/elements - {"using":"xpath","value":"//span[text()='Provide to site - Completed']"}
RESULT: {"using":"xpath","value":"//span[text()='Provide to site - Completed']"}
COMMAND: POST /session/10503a4dac92bcb2538d37e21df02b44/elements - {"using":"xpath","value":"//span[text()='Provide to site - Completed']"}
RESULT: {"using":"xpath","value":"//span[text()='Provide to site - Completed']"}
COMMAND: POST /session/10503a4dac92bcb2538d37e21df02b44/elements - {"using":"xpath","value":"//span[text()='Provide to site - Completed']"}
RESULT: {"using":"xpath","value":"//span[text()='Provide to site - Completed']"}
COMMAND: POST /session/10503a4dac92bcb2538d37e21df02b44/elements - {"using":"xpath","value":"//span[text()='Provide to site - Completed']"}
RESULT: {"using":"xpath","value":"//span[text()='Provide to site - Completed']"}
COMMAND: POST /session/10503a4dac92bcb2538d37e21df02b44/elements - {"using":"xpath","value":"//span[text()='Provide to site - Completed']"}
RESULT: {"using":"xpath","value":"//span[text()='Provide to site - Completed']"}
COMMAND: POST /session/10503a4dac92bcb2538d37e21df02b44/elements - {"using":"xpath","value":"//span[text()='Provide to site - Completed']"}
RESULT: {"using":"xpath","value":"//span[text()='Provide to site - Completed']"}
COMMAND: POST /session/10503a4dac92bcb2538d37e21df02b44/elements - {"using":"xpath","value":"//span[text()='Provide to site - Completed']"}
RESULT: {"using":"xpath","value":"//span[text()='Provide to site - Completed']"}
COMMAND: POST /session/10503a4dac92bcb2538d37e21df02b44/elements - {"using":"xpath","value":"//span[text()='Provide to site - Completed']"}
RESULT: {"using":"xpath","value":"//span[text()='Provide to site - Completed']"}
COMMAND: POST /session/10503a4dac92bcb2538d37e21df02b44/elements - {"using":"xpath","value":"//span[text()='Provide to site - Completed']"}
RESULT: {"using":"xpath","value":"//span[text()='Provide to site - Completed']"}
COMMAND: POST /session/10503a4dac92bcb2538d37e21df02b44/elements - {"using":"xpath","value":"//span[text()='Provide to site - Completed']"}
RESULT: {"using":"xpath","value":"//span[text()='Provide to site - Completed']"}
COMMAND: POST /session/10503a4dac92bcb2538d37e21df02b44/elements - {"using":"xpath","value":"//span[text()='Provide to site - Completed']"}
RESULT: {"using":"xpath","value":"//span[text()='Provide to site - Completed']"}
COMMAND: POST /session/10503a4dac92bcb2538d37e21df02b44/elements - {"using":"xpath","value":"//span[text()='Provide to site - Completed']"}
RESULT: {"using":"xpath","value":"//span[text()='Provide to site - Completed']"}
COMMAND: POST /session/10503a4dac92bcb2538d37e21df02b44/elements - {"using":"xpath","value":"//span[text()='Provide to site - Completed']"}
RESULT: {"using":"xpath","value":"//span[text()='Provide to site - Completed']"}
COMMAND: POST /session/10503a4dac92bcb2538d37e21df02b44/elements - {"using":"xpath","value":"//span[text()='Provide to site - Completed']"}
RESULT: {"using":"xpath","value":"//span[text()='Provide to site - Completed']"}
COMMAND: POST /session/10503a4dac92bcb2538d37e21df02b44/elements - {"using":"xpath","value":"//span[text()='Provide to site - Completed']"}
RESULT: {"using":"xpath","value":"//span[text()='Provide to site - Completed']"}
COMMAND: POST /session/10503a4dac92bcb2538d37e21df02b44/elements - {"using":"xpath","value":"//span[text()='Provide to site - Completed']"}
RESULT: {"using":"xpath","value":"//span[text()='Provide to site - Completed']"}
COMMAND: POST /session/10503a4dac92bcb2538d37e21df02b44/elements - {"using":"xpath","value":"//span[text()='Provide to site - Completed']"}
RESULT: {"using":"xpath","value":"//span[text()='Provide to site - Completed']"}
COMMAND: POST /session/10503a4dac92bcb2538d37e21df02b44/elements - {"using":"xpath","value":"//span[text()='Provide to site - Completed']"}
RESULT: {"using":"xpath","value":"//span[text()='Provide to site - Completed']"}
COMMAND: POST /session/10503a4dac92bcb2538d37e21df02b44/elements - {"using":"xpath","value":"//span[text()='Provide to site - Completed']"}
RESULT: {"using":"xpath","value":"//span[text()='Provide to site - Completed']"}
COMMAND: POST /session/10503a4dac92bcb2538d37e21df02b44/elements - {"using":"xpath","value":"//span[text()='Provide to site - Completed']"}
RESULT: {"using":"xpath","value":"//span[text()='Provide to site - Completed']"}
COMMAND: POST /session/10503a4dac92bcb2538d37e21df02b44/elements - {"using":"xpath","value":"//span[text()='Provide to site - Completed']"}
RESULT: {"using":"xpath","value":"//span[text()='Provide to site - Completed']"}
COMMAND: POST /session/10503a4dac92bcb2538d37e21df02b44/elements - {"using":"xpath","value":"//span[text()='Provide to site - Completed']"}
RESULT: {"using":"xpath","value":"//span[text()='Provide to site - Completed']"}
COMMAND: POST /session/10503a4dac92bcb2538d37e21df02b44/elements - {"using":"xpath","value":"//span[text()='Provide to site - Completed']"}
RESULT: {"using":"xpath","value":"//span[text()='Provide to site - Completed']"}
COMMAND: POST /session/10503a4dac92bcb2538d37e21df02b44/elements - {"using":"xpath","value":"//span[text()='Provide to site - Completed']"}
RESULT: {"using":"xpath","value":"//span[text()='Provide to site - Completed']"}
COMMAND: POST /session/10503a4dac92bcb2538d37e21df02b44/elements - {"using":"xpath","value":"//span[text()='Provide to site - Completed']"}
RESULT: {"using":"xpath","value":"//span[text()='Provide to site - Completed']"}
COMMAND: POST /session/10503a4dac92bcb2538d37e21df02b44/elements - {"using":"xpath","value":"//span[text()='Provide to site - Completed']"}
RESULT: {"using":"xpath","value":"//span[text()='Provide to site - Completed']"}
COMMAND: POST /session/10503a4dac92bcb2538d37e21df02b44/elements - {"using":"xpath","value":"//span[text()='Provide to site - Completed']"}
RESULT: {"using":"xpath","value":"//span[text()='Provide to site - Completed']"}
COMMAND: POST /session/10503a4dac92bcb2538d37e21df02b44/elements - {"using":"xpath","value":"//span[text()='Provide to site - Completed']"}
RESULT: {"using":"xpath","value":"//span[text()='Provide to site - Completed']"}
COMMAND: POST /session/10503a4dac92bcb2538d37e21df02b44/elements - {"using":"xpath","value":"//span[text()='Provide to site - Completed']"}
RESULT: {"using":"xpath","value":"//span[text()='Provide to site - Completed']"}
COMMAND: POST /session/10503a4dac92bcb2538d37e21df02b44/elements - {"using":"xpath","value":"//span[text()='Provide to site - Completed']"}
RESULT: {"using":"xpath","value":"//span[text()='Provide to site - Completed']"}
COMMAND: POST /session/10503a4dac92bcb2538d37e21df02b44/elements - {"using":"xpath","value":"//span[text()='Provide to site - Completed']"}
RESULT: {"using":"xpath","value":"//span[text()='Provide to site - Completed']"}
COMMAND: POST /session/10503a4dac92bcb2538d37e21df02b44/elements - {"using":"xpath","value":"//span[text()='Provide to site - Completed']"}
RESULT: {"using":"xpath","value":"//span[text()='Provide to site - Completed']"}
COMMAND: POST /session/10503a4dac92bcb2538d37e21df02b44/elements - {"using":"xpath","value":"//span[text()='Provide to site - Completed']"}
RESULT: {"using":"xpath","value":"//span[text()='Provide to site - Completed']"}
COMMAND: POST /session/10503a4dac92bcb2538d37e21df02b44/elements - {"using":"xpath","value":"//span[text()='Provide to site - Completed']"}
RESULT: {"using":"xpath","value":"//span[text()='Provide to site - Completed']"}
COMMAND: POST /session/10503a4dac92bcb2538d37e21df02b44/elements - {"using":"xpath","value":"//span[text()='Provide to site - Completed']"}
RESULT: {"using":"xpath","value":"//span[text()='Provide to site - Completed']"}
COMMAND: POST /session/10503a4dac92bcb2538d37e21df02b44/elements - {"using":"xpath","value":"//span[text()='Provide to site - Completed']"}
RESULT: {"using":"xpath","value":"//span[text()='Provide to site - Completed']"}
COMMAND: POST /session/10503a4dac92bcb2538d37e21df02b44/elements - {"using":"xpath","value":"//span[text()='Provide to site - Completed']"}
RESULT: {"using":"xpath","value":"//span[text()='Provide to site - Completed']"}
COMMAND: POST /session/10503a4dac92bcb2538d37e21df02b44/elements - {"using":"xpath","value":"//span[text()='Provide to site - Completed']"}
RESULT: {"using":"xpath","value":"//span[text()='Provide to site - Completed']"}
COMMAND: POST /session/10503a4dac92bcb2538d37e21df02b44/elements - {"using":"xpath","value":"//span[text()='Provide to site - Completed']"}
RESULT: {"using":"xpath","value":"//span[text()='Provide to site - Completed']"}
COMMAND: POST /session/10503a4dac92bcb2538d37e21df02b44/elements - {"using":"xpath","value":"//span[text()='Provide to site - Completed']"}
RESULT: {"using":"xpath","value":"//span[text()='Provide to site - Completed']"}
COMMAND: POST /session/10503a4dac92bcb2538d37e21df02b44/elements - {"using":"xpath","value":"//span[text()='Provide to site - Completed']"}
RESULT: {"using":"xpath","value":"//span[text()='Provide to site - Completed']"}
COMMAND: POST /session/10503a4dac92bcb2538d37e21df02b44/elements - {"using":"xpath","value":"//span[text()='Provide to site - Completed']"}
RESULT: {"using":"xpath","value":"//span[text()='Provide to site - Completed']"}
COMMAND: POST /session/10503a4dac92bcb2538d37e21df02b44/elements - {"using":"xpath","value":"//span[text()='Provide to site - Completed']"}
RESULT: {"using":"xpath","value":"//span[text()='Provide to site - Completed']"}
COMMAND: POST /session/10503a4dac92bcb2538d37e21df02b44/elements - {"using":"xpath","value":"//span[text()='Provide to site - Completed']"}
RESULT: {"using":"xpath","value":"//span[text()='Provide to site - Completed']"}
COMMAND: POST /session/10503a4dac92bcb2538d37e21df02b44/elements - {"using":"xpath","value":"//span[text()='Provide to site - Completed']"}
RESULT: {"using":"xpath","value":"//span[text()='Provide to site - Completed']"}
COMMAND: POST /session/10503a4dac92bcb2538d37e21df02b44/elements - {"using":"xpath","value":"//span[text()='Provide to site - Completed']"}
RESULT: {"using":"xpath","value":"//span[text()='Provide to site - Completed']"}
COMMAND: POST /session/10503a4dac92bcb2538d37e21df02b44/elements - {"using":"xpath","value":"//span[text()='Provide to site - Completed']"}
RESULT: {"using":"xpath","value":"//span[text()='Provide to site - Completed']"}
COMMAND: POST /session/10503a4dac92bcb2538d37e21df02b44/elements - {"using":"xpath","value":"//span[text()='Provide to site - Completed']"}
RESULT: {"using":"xpath","value":"//span[text()='Provide to site - Completed']"}
COMMAND: POST /session/10503a4dac92bcb2538d37e21df02b44/elements - {"using":"xpath","value":"//span[text()='Provide to site - Completed']"}
RESULT: {"using":"xpath","value":"//span[text()='Provide to site - Completed']"}
COMMAND: POST /session/10503a4dac92bcb2538d37e21df02b44/elements - {"using":"xpath","value":"//span[text()='Provide to site - Completed']"}
RESULT: {"using":"xpath","value":"//span[text()='Provide to site - Completed']"}
COMMAND: POST /session/10503a4dac92bcb2538d37e21df02b44/elements - {"using":"xpath","value":"//span[text()='Provide to site - Completed']"}
RESULT: {"using":"xpath","value":"//span[text()='Provide to site - Completed']"}
COMMAND: POST /session/10503a4dac92bcb2538d37e21df02b44/elements - {"using":"xpath","value":"//span[text()='Provide to site - Completed']"}
RESULT: {"using":"xpath","value":"//span[text()='Provide to site - Completed']"}
COMMAND: POST /session/10503a4dac92bcb2538d37e21df02b44/elements - {"using":"xpath","value":"//span[text()='Provide to site - Completed']"}
RESULT: {"using":"xpath","value":"//span[text()='Provide to site - Completed']"}
COMMAND: POST /session/10503a4dac92bcb2538d37e21df02b44/elements - {"using":"xpath","value":"//span[text()='Provide to site - Completed']"}
RESULT: {"using":"xpath","value":"//span[text()='Provide to site - Completed']"}
COMMAND: POST /session/10503a4dac92bcb2538d37e21df02b44/elements - {"using":"xpath","value":"//span[text()='Provide to site - Completed']"}
RESULT: {"using":"xpath","value":"//span[text()='Provide to site - Completed']"}
COMMAND: POST /session/10503a4dac92bcb2538d37e21df02b44/elements - {"using":"xpath","value":"//span[text()='Provide to site - Completed']"}
RESULT: {"using":"xpath","value":"//span[text()='Provide to site - Completed']"}
COMMAND: POST /session/10503a4dac92bcb2538d37e21df02b44/elements - {"using":"xpath","value":"//span[text()='Provide to site - Completed']"}
RESULT: {"using":"xpath","value":"//span[text()='Provide to site - Completed']"}
COMMAND: POST /session/10503a4dac92bcb2538d37e21df02b44/elements - {"using":"xpath","value":"//span[text()='Provide to site - Completed']"}
RESULT: {"using":"xpath","value":"//span[text()='Provide to site - Completed']"}
COMMAND: POST /session/10503a4dac92bcb2538d37e21df02b44/elements - {"using":"xpath","value":"//span[text()='Provide to site - Completed']"}
RESULT: {"using":"xpath","value":"//span[text()='Provide to site - Completed']"}
COMMAND: POST /session/10503a4dac92bcb2538d37e21df02b44/elements - {"using":"xpath","value":"//span[text()='Provide to site - Completed']"}
RESULT: {"using":"xpath","value":"//span[text()='Provide to site - Completed']"}
COMMAND: POST /session/10503a4dac92bcb2538d37e21df02b44/elements - {"using":"xpath","value":"//span[text()='Provide to site - Completed']"}
RESULT: {"using":"xpath","value":"//span[text()='Provide to site - Completed']"}
COMMAND: POST /session/10503a4dac92bcb2538d37e21df02b44/elements - {"using":"xpath","value":"//span[text()='Provide to site - Completed']"}
RESULT: {"using":"xpath","value":"//span[text()='Provide to site - Completed']"}
COMMAND: POST /session/10503a4dac92bcb2538d37e21df02b44/elements - {"using":"xpath","value":"//span[text()='Provide to site - Completed']"}
RESULT: {"using":"xpath","value":"//span[text()='Provide to site - Completed']"}
COMMAND: POST /session/10503a4dac92bcb2538d37e21df02b44/elements - {"using":"xpath","value":"//span[text()='Provide to site - Completed']"}
RESULT: {"using":"xpath","value":"//span[text()='Provide to site - Completed']"}
COMMAND: POST /session/10503a4dac92bcb2538d37e21df02b44/elements - {"using":"xpath","value":"//span[text()='Provide to site - Completed']"}
RESULT: {"using":"xpath","value":"//span[text()='Provide to site - Completed']"}
COMMAND: POST /session/10503a4dac92bcb2538d37e21df02b44/elements - {"using":"xpath","value":"//span[text()='Provide to site - Completed']"}
RESULT: {"using":"xpath","value":"//span[text()='Provide to site - Completed']"}
COMMAND: POST /session/10503a4dac92bcb2538d37e21df02b44/elements - {"using":"xpath","value":"//span[text()='Provide to site - Completed']"}
RESULT: {"using":"xpath","value":"//span[text()='Provide to site - Completed']"}
COMMAND: POST /session/10503a4dac92bcb2538d37e21df02b44/elements - {"using":"xpath","value":"//span[text()='Provide to site - Completed']"}
RESULT: {"using":"xpath","value":"//span[text()='Provide to site - Completed']"}
COMMAND: POST /session/10503a4dac92bcb2538d37e21df02b44/elements - {"using":"xpath","value":"//span[text()='Provide to site - Completed']"}
RESULT: {"using":"xpath","value":"//span[text()='Provide to site - Completed']"}
COMMAND: POST /session/10503a4dac92bcb2538d37e21df02b44/elements - {"using":"xpath","value":"//span[text()='Provide to site - Completed']"}
RESULT: {"using":"xpath","value":"//span[text()='Provide to site - Completed']"}
COMMAND: POST /session/10503a4dac92bcb2538d37e21df02b44/elements - {"using":"xpath","value":"//span[text()='Provide to site - Completed']"}
RESULT: {"using":"xpath","value":"//span[text()='Provide to site - Completed']"}
COMMAND: POST /session/10503a4dac92bcb2538d37e21df02b44/elements - {"using":"xpath","value":"//span[text()='Provide to site - Completed']"}
RESULT: {"using":"xpath","value":"//span[text()='Provide to site - Completed']"}
COMMAND: POST /session/10503a4dac92bcb2538d37e21df02b44/execute/async - {"script":"<script> [1562 bytes]","args":[{"selector":{"controlType":"sap.m.Button","viewName":"etm.portal.ui.managehandovers.view.DetailExecuteHO","i18NText":{"propertyName":"text","key":"pickQty"},"interaction":{"idSuffix":"BDI-content"}},"wdio_ui5_key":"etmportal.ui.managehandovers.view.DetailExecuteHOsap.m.Button{\"propertyName\":\"text\",\"key\":\"pickQty\"}"}]}
RESULT: {"script":"<script> [1562 bytes]","args":[{"selector":{"controlType":"sap.m.Button","viewName":"etm.portal.ui.managehandovers.view.DetailExecuteHO","i18NText":{"propertyName":"text","key":"pickQty"},"interaction":{"idSuffix":"BDI-content"}},"wdio_ui5_key":"etmportal.ui.managehandovers.view.DetailExecuteHOsap.m.Button{\"propertyName\":\"text\",\"key\":\"pickQty\"}"}]}
RESULT: undefined
COMMAND: POST /session/10503a4dac92bcb2538d37e21df02b44/execute/async - {"script":"<script> [1562 bytes]","args":[{"selector":{"controlType":"sap.m.Link","viewName":"etm.portal.ui.managehandovers.view.DetailExecuteHO","bindingPath":{"path":"","propertyPath":"/wmDoc","modelName":"warehouseMovModel"}},"wdio_ui5_key":"etmportal.ui.managehandovers.view.DetailExecuteHOsap.m.Link{\"path\":\"\",\"propertyPath\":\"/wmDoc\",\"modelName\":\"warehouseMovModel\"}"}]}
RESULT: {"script":"<script> [1562 bytes]","args":[{"selector":{"controlType":"sap.m.Link","viewName":"etm.portal.ui.managehandovers.view.DetailExecuteHO","bindingPath":{"path":"","propertyPath":"/wmDoc","modelName":"warehouseMovModel"}},"wdio_ui5_key":"etmportal.ui.managehandovers.view.DetailExecuteHOsap.m.Link{\"path\":\"\",\"propertyPath\":\"/wmDoc\",\"modelName\":\"warehouseMovModel\"}"}]}
RESULT: undefined
COMMAND: POST /session/10503a4dac92bcb2538d37e21df02b44/execute/async - {"script":"<script> [1562 bytes]","args":[{"selector":{"controlType":"sap.m.Link","viewName":"etm.portal.ui.managehandovers.view.DetailExecuteHO","properties":{"text":"Warehouse Overview"},"searchOpenDialogs":true},"wdio_ui5_key":"etmportal.ui.managehandovers.view.DetailExecuteHOsap.m.Link{\"text\":\"Warehouse Overview\"}"}]}
RESULT: {"script":"<script> [1562 bytes]","args":[{"selector":{"controlType":"sap.m.Link","viewName":"etm.portal.ui.managehandovers.view.DetailExecuteHO","properties":{"text":"Warehouse Overview"},"searchOpenDialogs":true},"wdio_ui5_key":"etmportal.ui.managehandovers.view.DetailExecuteHOsap.m.Link{\"text\":\"Warehouse Overview\"}"}]}
RESULT: undefined
COMMAND: POST /session/10503a4dac92bcb2538d37e21df02b44/execute/async - {"script":"<script> [1562 bytes]","args":[{"selector":{"controlType":"sap.m.Button","viewName":"etm.portal.ui.warehousemovements.view.DisplayMovement","viewId":"application-warehousemovements-display-component---displayMovement","i18NText":{"propertyName":"text","key":"execution"},"interaction":{"idSuffix":"BDI-content"}},"wdio_ui5_key":"etmportal.ui.warehousemovements.view.DisplayMovementsap.m.Button{\"propertyName\":\"text\",\"key\":\"execution\"}"}]}
RESULT: {"script":"<script> [1562 bytes]","args":[{"selector":{"controlType":"sap.m.Button","viewName":"etm.portal.ui.warehousemovements.view.DisplayMovement","viewId":"application-warehousemovements-display-component---displayMovement","i18NText":{"propertyName":"text","key":"execution"},"interaction":{"idSuffix":"BDI-content"}},"wdio_ui5_key":"etmportal.ui.warehousemovements.view.DisplayMovementsap.m.Button{\"propertyName\":\"text\",\"key\":\"execution\"}"}]}
RESULT: undefined
COMMAND: POST /session/10503a4dac92bcb2538d37e21df02b44/execute/async - {"script":"<script> [1562 bytes]","args":[{"selector":{"controlType":"sap.m.Button","viewName":"etm.portal.ui.warehousemovements.view.ExecuteMovement","viewId":"application-warehousemovements-display-component---executeMovement","properties":{"text":"Items"},"interaction":{"idSuffix":"BDI-content"}},"wdio_ui5_key":"etmportal.ui.warehousemovements.view.ExecuteMovementsap.m.Button{\"text\":\"Items\"}"}]}
RESULT: {"script":"<script> [1562 bytes]","args":[{"selector":{"controlType":"sap.m.Button","viewName":"etm.portal.ui.warehousemovements.view.ExecuteMovement","viewId":"application-warehousemovements-display-component---executeMovement","properties":{"text":"Items"},"interaction":{"idSuffix":"BDI-content"}},"wdio_ui5_key":"etmportal.ui.warehousemovements.view.ExecuteMovementsap.m.Button{\"text\":\"Items\"}"}]}
RESULT: undefined
COMMAND: POST /session/10503a4dac92bcb2538d37e21df02b44/execute/async - {"script":"<script> [1562 bytes]","args":[{"selector":{"controlType":"sap.m.ToggleButton","viewName":"etm.portal.ui.warehousemovements.view.ExecuteMovement","viewId":"application-warehousemovements-display-component---executeMovement","bindingPath":{"propertyPath":"STATUS","modelName":"catalogModel"},"interaction":{"idSuffix":"BDI-content"}},"wdio_ui5_key":"etmportal.ui.warehousemovements.view.ExecuteMovementsap.m.ToggleButton{\"propertyPath\":\"STATUS\",\"modelName\":\"catalogModel\"}"}]}
RESULT: {"script":"<script> [1562 bytes]","args":[{"selector":{"controlType":"sap.m.ToggleButton","viewName":"etm.portal.ui.warehousemovements.view.ExecuteMovement","viewId":"application-warehousemovements-display-component---executeMovement","bindingPath":{"propertyPath":"STATUS","modelName":"catalogModel"},"interaction":{"idSuffix":"BDI-content"}},"wdio_ui5_key":"etmportal.ui.warehousemovements.view.ExecuteMovementsap.m.ToggleButton{\"propertyPath\":\"STATUS\",\"modelName\":\"catalogModel\"}"}]}
RESULT: undefined
RESULT: undefined
RESULT: undefined
COMMAND: POST /session/10503a4dac92bcb2538d37e21df02b44/execute/async - {"script":"<script> [1562 bytes]","args":[{"selector":{"id":"application-warehousemovements-display-component---executeMovement--executeId","interaction":{"idSuffix":"BDI-content"}},"wdio_ui5_key":"applicationwarehousemovements-display-component---executeMovement--executeId"}]}
RESULT: {"script":"<script> [1562 bytes]","args":[{"selector":{"id":"application-warehousemovements-display-component---executeMovement--executeId","interaction":{"idSuffix":"BDI-content"}},"wdio_ui5_key":"applicationwarehousemovements-display-component---executeMovement--executeId"}]}
RESULT: undefined
COMMAND: POST /session/10503a4dac92bcb2538d37e21df02b44/element - {"using":"css selector","value":"#shell-header-logo"}
RESULT: {"using":"css selector","value":"#shell-header-logo"}
COMMAND: POST /session/10503a4dac92bcb2538d37e21df02b44/element/f.FDAF18A8ED6EACE6EA012090E3B5CAAE.d.1A27F8DD8432E9140BFE424212116A71.e.6332/click - {}
RESULT: {}
COMMAND: GET /session/10503a4dac92bcb2538d37e21df02b44/screenshot - {}
RESULT: {}
RESULT: undefined
COMMAND: POST /session/10503a4dac92bcb2538d37e21df02b44/execute/async - {"script":"<script> [1562 bytes]","args":[{"selector":{"controlType":"sap.m.SearchField","viewName":"etm.portal.ui.managehandovers.view.MasterHO","bindingPath":{"propertyPath":"/_BASIC_SEARCH_FIELD","modelName":"fi1t3rM0d31"},"interaction":{"idSuffix":"I"}},"wdio_ui5_key":"etmportal.ui.managehandovers.view.MasterHOsap.m.SearchField{\"propertyPath\":\"/_BASIC_SEARCH_FIELD\",\"modelName\":\"fi1t3rM0d31\"}"}]}
RESULT: {"script":"<script> [1562 bytes]","args":[{"selector":{"controlType":"sap.m.SearchField","viewName":"etm.portal.ui.managehandovers.view.MasterHO","bindingPath":{"propertyPath":"/_BASIC_SEARCH_FIELD","modelName":"fi1t3rM0d31"},"interaction":{"idSuffix":"I"}},"wdio_ui5_key":"etmportal.ui.managehandovers.view.MasterHOsap.m.SearchField{\"propertyPath\":\"/_BASIC_SEARCH_FIELD\",\"modelName\":\"fi1t3rM0d31\"}"}]}
RESULT: undefined
COMMAND: POST /session/10503a4dac92bcb2538d37e21df02b44/actions - {"actions":[{"id":"action29","type":"key","parameters":{},"actions":[{"type":"keyDown","value":"î€‡"},{"type":"pause","duration":10},{"type":"keyUp","value":"î€‡"}]}]}
RESULT: {"actions":[{"id":"action29","type":"key","parameters":{},"actions":[{"type":"keyDown","value":"î€‡"},{"type":"pause","duration":10},{"type":"keyUp","value":"î€‡"}]}]}
COMMAND: GET /session/10503a4dac92bcb2538d37e21df02b44/screenshot - {}
RESULT: {}
COMMAND: POST /session/10503a4dac92bcb2538d37e21df02b44/execute/async - {"script":"<script> [1562 bytes]","args":[{"selector":{"controlType":"sap.ui.core.Icon","viewName":"etm.portal.ui.managehandovers.view.MasterHO","properties":{"src":{"regex":{"source":"slim\\-arrow\\-right"}}}},"wdio_ui5_key":"etmportal.ui.managehandovers.view.MasterHOsap.ui.core.Icon{\"src\":{\"regex\":{\"source\":\"slim\\\\-arrow\\\\-right\"}}}"}]}
RESULT: {"script":"<script> [1562 bytes]","args":[{"selector":{"controlType":"sap.ui.core.Icon","viewName":"etm.portal.ui.managehandovers.view.MasterHO","properties":{"src":{"regex":{"source":"slim\\-arrow\\-right"}}}},"wdio_ui5_key":"etmportal.ui.managehandovers.view.MasterHOsap.ui.core.Icon{\"src\":{\"regex\":{\"source\":\"slim\\\\-arrow\\\\-right\"}}}"}]}
RESULT: undefined
COMMAND: POST /session/10503a4dac92bcb2538d37e21df02b44/execute/async - {"script":"<script> [1562 bytes]","args":[{"selector":{"controlType":"sap.m.Button","viewName":"etm.portal.ui.managehandovers.view.DetailExecuteHO","i18NText":{"propertyName":"text","key":"confirmAll"},"interaction":{"idSuffix":"BDI-content"}},"wdio_ui5_key":"etmportal.ui.managehandovers.view.DetailExecuteHOsap.m.Button{\"propertyName\":\"text\",\"key\":\"confirmAll\"}"}]}
RESULT: {"script":"<script> [1562 bytes]","args":[{"selector":{"controlType":"sap.m.Button","viewName":"etm.portal.ui.managehandovers.view.DetailExecuteHO","i18NText":{"propertyName":"text","key":"confirmAll"},"interaction":{"idSuffix":"BDI-content"}},"wdio_ui5_key":"etmportal.ui.managehandovers.view.DetailExecuteHOsap.m.Button{\"propertyName\":\"text\",\"key\":\"confirmAll\"}"}]}
RESULT: undefined
COMMAND: POST /session/10503a4dac92bcb2538d37e21df02b44/actions - {"actions":[{"id":"action30","type":"key","parameters":{},"actions":[{"type":"keyDown","value":"î€‡"},{"type":"pause","duration":10},{"type":"keyUp","value":"î€‡"}]}]}
RESULT: {"actions":[{"id":"action30","type":"key","parameters":{},"actions":[{"type":"keyDown","value":"î€‡"},{"type":"pause","duration":10},{"type":"keyUp","value":"î€‡"}]}]}
COMMAND: GET /session/10503a4dac92bcb2538d37e21df02b44/screenshot - {}
RESULT: {}
COMMAND: POST /session/10503a4dac92bcb2538d37e21df02b44/execute/async - {"script":"<script> [1562 bytes]","args":[{"selector":{"id":"confirmationButton","viewName":"etm.portal.ui.managehandovers.view.DetailExecuteHO","properties":{"text":"Issue"},"interaction":{"idSuffix":"BDI-content"}},"wdio_ui5_key":"confirmationButtonetmportal.ui.managehandovers.view.DetailExecuteHO{\"text\":\"Issue\"}"}]}
RESULT: {"script":"<script> [1562 bytes]","args":[{"selector":{"id":"confirmationButton","viewName":"etm.portal.ui.managehandovers.view.DetailExecuteHO","properties":{"text":"Issue"},"interaction":{"idSuffix":"BDI-content"}},"wdio_ui5_key":"confirmationButtonetmportal.ui.managehandovers.view.DetailExecuteHO{\"text\":\"Issue\"}"}]}
RESULT: undefined
RESULT: undefined
COMMAND: POST /session/10503a4dac92bcb2538d37e21df02b44/actions - {"actions":[{"id":"action31","type":"key","parameters":{},"actions":[{"type":"keyDown","value":"î€‡"},{"type":"pause","duration":10},{"type":"keyUp","value":"î€‡"}]}]}
RESULT: {"actions":[{"id":"action31","type":"key","parameters":{},"actions":[{"type":"keyDown","value":"î€‡"},{"type":"pause","duration":10},{"type":"keyUp","value":"î€‡"}]}]}
COMMAND: GET /session/10503a4dac92bcb2538d37e21df02b44/screenshot - {}
RESULT: {}
RESULT: undefined
COMMAND: POST /session/10503a4dac92bcb2538d37e21df02b44/execute/async - {"script":"<script> [1562 bytes]","args":[{"selector":{"id":"instructionsTabFilter","viewName":"etm.portal.ui.managehandovers.view.DetailExecuteHO","interaction":{"idSuffix":"text"}},"wdio_ui5_key":"instructionsTabFilteretmportal.ui.managehandovers.view.DetailExecuteHO"}]}
RESULT: {"script":"<script> [1562 bytes]","args":[{"selector":{"id":"instructionsTabFilter","viewName":"etm.portal.ui.managehandovers.view.DetailExecuteHO","interaction":{"idSuffix":"text"}},"wdio_ui5_key":"instructionsTabFilteretmportal.ui.managehandovers.view.DetailExecuteHO"}]}
RESULT: undefined
RESULT: undefined
COMMAND: POST /session/10503a4dac92bcb2538d37e21df02b44/execute/async - {"script":"<script> [1562 bytes]","args":[{"selector":{"controlType":"sap.m.ComboBox","viewName":"etm.portal.ui.managehandovers.view.DetailExecuteHO","bindingPath":{"propertyPath":"RECEIVING_SECTION","modelName":"catalogModel"},"interaction":{"idSuffix":"inner"}},"wdio_ui5_key":"etmportal.ui.managehandovers.view.DetailExecuteHOsap.m.ComboBox{\"propertyPath\":\"RECEIVING_SECTION\",\"modelName\":\"catalogModel\"}"}]}
RESULT: {"script":"<script> [1562 bytes]","args":[{"selector":{"controlType":"sap.m.ComboBox","viewName":"etm.portal.ui.managehandovers.view.DetailExecuteHO","bindingPath":{"propertyPath":"RECEIVING_SECTION","modelName":"catalogModel"},"interaction":{"idSuffix":"inner"}},"wdio_ui5_key":"etmportal.ui.managehandovers.view.DetailExecuteHOsap.m.ComboBox{\"propertyPath\":\"RECEIVING_SECTION\",\"modelName\":\"catalogModel\"}"}]}
RESULT: undefined
COMMAND: POST /session/10503a4dac92bcb2538d37e21df02b44/actions - {"actions":[{"id":"action32","type":"key","parameters":{},"actions":[{"type":"keyDown","value":"î€‡"},{"type":"pause","duration":10},{"type":"keyUp","value":"î€‡"}]}]}
RESULT: {"actions":[{"id":"action32","type":"key","parameters":{},"actions":[{"type":"keyDown","value":"î€‡"},{"type":"pause","duration":10},{"type":"keyUp","value":"î€‡"}]}]}
COMMAND: GET /session/10503a4dac92bcb2538d37e21df02b44/screenshot - {}
RESULT: {}
COMMAND: POST /session/10503a4dac92bcb2538d37e21df02b44/execute/async - {"script":"<script> [1562 bytes]","args":[{"selector":{"id":"confirmationButton","viewName":"etm.portal.ui.managehandovers.view.DetailExecuteHO","properties":{"text":"Receive"},"interaction":{"idSuffix":"BDI-content"}},"wdio_ui5_key":"confirmationButtonetmportal.ui.managehandovers.view.DetailExecuteHO{\"text\":\"Receive\"}"}]}
RESULT: {"script":"<script> [1562 bytes]","args":[{"selector":{"id":"confirmationButton","viewName":"etm.portal.ui.managehandovers.view.DetailExecuteHO","properties":{"text":"Receive"},"interaction":{"idSuffix":"BDI-content"}},"wdio_ui5_key":"confirmationButtonetmportal.ui.managehandovers.view.DetailExecuteHO{\"text\":\"Receive\"}"}]}
RESULT: undefined
COMMAND: POST /session/10503a4dac92bcb2538d37e21df02b44/execute/async - {"script":"<script> [1562 bytes]","args":[{"selector":{"controlType":"sap.m.Button","properties":{"text":"Continue"},"searchOpenDialogs":true,"interaction":{"idSuffix":"content"}},"wdio_ui5_key":"sapm.Button{\"text\":\"Continue\"}"}]}
RESULT: {"script":"<script> [1562 bytes]","args":[{"selector":{"controlType":"sap.m.Button","properties":{"text":"Continue"},"searchOpenDialogs":true,"interaction":{"idSuffix":"content"}},"wdio_ui5_key":"sapm.Button{\"text\":\"Continue\"}"}]}
RESULT: undefined
]]></system-out>
    </testcase>
    <testcase classname="chrome.135_0_7049_96.windows.Provide_to_Site_w/o_warehouse_management_w_clarification" name="Should test for Clarification" time="27.004">
      <system-out><![CDATA[
RESULT: undefined
RESULT: undefined
COMMAND: POST /session/10503a4dac92bcb2538d37e21df02b44/actions - {"actions":[{"id":"action33","type":"key","parameters":{},"actions":[{"type":"keyDown","value":"î€‡"},{"type":"pause","duration":10},{"type":"keyUp","value":"î€‡"}]}]}
RESULT: {"actions":[{"id":"action33","type":"key","parameters":{},"actions":[{"type":"keyDown","value":"î€‡"},{"type":"pause","duration":10},{"type":"keyUp","value":"î€‡"}]}]}
COMMAND: GET /session/10503a4dac92bcb2538d37e21df02b44/screenshot - {}
RESULT: {}
RESULT: undefined
RESULT: undefined
RESULT: undefined
COMMAND: POST /session/10503a4dac92bcb2538d37e21df02b44/execute/async - {"script":"<script> [1562 bytes]","args":[{"selector":{"controlType":"sap.m.ToggleButton","viewName":"etm.portal.ui.managehandovers.view.DetailExecuteHO","i18NText":{"propertyName":"text","key":"refuse"},"interaction":{"idSuffix":"BDI-content"}},"wdio_ui5_key":"etmportal.ui.managehandovers.view.DetailExecuteHOsap.m.ToggleButton{\"propertyName\":\"text\",\"key\":\"refuse\"}"}]}
RESULT: {"script":"<script> [1562 bytes]","args":[{"selector":{"controlType":"sap.m.ToggleButton","viewName":"etm.portal.ui.managehandovers.view.DetailExecuteHO","i18NText":{"propertyName":"text","key":"refuse"},"interaction":{"idSuffix":"BDI-content"}},"wdio_ui5_key":"etmportal.ui.managehandovers.view.DetailExecuteHOsap.m.ToggleButton{\"propertyName\":\"text\",\"key\":\"refuse\"}"}]}
RESULT: undefined
COMMAND: POST /session/10503a4dac92bcb2538d37e21df02b44/execute/async - {"script":"<script> [1562 bytes]","args":[{"selector":{"id":"confirmationButton","viewName":"etm.portal.ui.managehandovers.view.DetailExecuteHO","interaction":{"idSuffix":"BDI-content"},"properties":{"text":"Receive / Refuse"}},"wdio_ui5_key":"confirmationButtonetmportal.ui.managehandovers.view.DetailExecuteHO{\"text\":\"Receive / Refuse\"}"}]}
RESULT: {"script":"<script> [1562 bytes]","args":[{"selector":{"id":"confirmationButton","viewName":"etm.portal.ui.managehandovers.view.DetailExecuteHO","interaction":{"idSuffix":"BDI-content"},"properties":{"text":"Receive / Refuse"}},"wdio_ui5_key":"confirmationButtonetmportal.ui.managehandovers.view.DetailExecuteHO{\"text\":\"Receive / Refuse\"}"}]}
RESULT: undefined
COMMAND: POST /session/10503a4dac92bcb2538d37e21df02b44/element - {"using":"css selector","value":"#j_username"}
COMMAND: POST /session/10503a4dac92bcb2538d37e21df02b44/url - {"url":"https://qa-testing-00-live-etm-ui.cfapps.eu10-004.hana.ondemand.com/"}
COMMAND: GET /session/10503a4dac92bcb2538d37e21df02b44/screenshot - {}
RESULT: {"using":"css selector","value":"#j_username"}
COMMAND: POST /session/10503a4dac92bcb2538d37e21df02b44/element - {"using":"css selector","value":"#j_username"}
RESULT: {"url":"https://qa-testing-00-live-etm-ui.cfapps.eu10-004.hana.ondemand.com/"}
RESULT: undefined
COMMAND: GET /session/10503a4dac92bcb2538d37e21df02b44/screenshot - {}
RESULT: {}
RESULT: {"using":"css selector","value":"#j_username"}
COMMAND: POST /session/10503a4dac92bcb2538d37e21df02b44/element - {"using":"css selector","value":"#shell-header-logo"}
RESULT: {}
RESULT: {"using":"css selector","value":"#shell-header-logo"}
COMMAND: POST /session/10503a4dac92bcb2538d37e21df02b44/execute/sync - {"script":"<script> [8489 bytes]","args":[{"element-6066-11e4-a52e-4f735466cecf":"f.FDAF18A8ED6EACE6EA012090E3B5CAAE.d.410254D9D2F2ADC9CFD30CC06353FC20.e.7019","ELEMENT":"f.FDAF18A8ED6EACE6EA012090E3B5CAAE.d.410254D9D2F2ADC9CFD30CC06353FC20.e.7019"}]}
RESULT: {"script":"<script> [8489 bytes]","args":[{"element-6066-11e4-a52e-4f735466cecf":"f.FDAF18A8ED6EACE6EA012090E3B5CAAE.d.410254D9D2F2ADC9CFD30CC06353FC20.e.7019","ELEMENT":"f.FDAF18A8ED6EACE6EA012090E3B5CAAE.d.410254D9D2F2ADC9CFD30CC06353FC20.e.7019"}]}
COMMAND: POST /session/10503a4dac92bcb2538d37e21df02b44/element - {"using":"css selector","value":"#shell-header-logo"}
COMMAND: GET /session/10503a4dac92bcb2538d37e21df02b44/screenshot - {}
RESULT: {"using":"css selector","value":"#shell-header-logo"}
COMMAND: POST /session/10503a4dac92bcb2538d37e21df02b44/execute/sync - {"script":"<script> [8489 bytes]","args":[{"element-6066-11e4-a52e-4f735466cecf":"f.FDAF18A8ED6EACE6EA012090E3B5CAAE.d.410254D9D2F2ADC9CFD30CC06353FC20.e.7019","ELEMENT":"f.FDAF18A8ED6EACE6EA012090E3B5CAAE.d.410254D9D2F2ADC9CFD30CC06353FC20.e.7019"}]}
RESULT: {}
RESULT: {"script":"<script> [8489 bytes]","args":[{"element-6066-11e4-a52e-4f735466cecf":"f.FDAF18A8ED6EACE6EA012090E3B5CAAE.d.410254D9D2F2ADC9CFD30CC06353FC20.e.7019","ELEMENT":"f.FDAF18A8ED6EACE6EA012090E3B5CAAE.d.410254D9D2F2ADC9CFD30CC06353FC20.e.7019"}]}
COMMAND: POST /session/10503a4dac92bcb2538d37e21df02b44/execute/sync - {"script":"<script> [5351 bytes]","args":[{"element-6066-11e4-a52e-4f735466cecf":"f.FDAF18A8ED6EACE6EA012090E3B5CAAE.d.410254D9D2F2ADC9CFD30CC06353FC20.e.7019","ELEMENT":"f.FDAF18A8ED6EACE6EA012090E3B5CAAE.d.410254D9D2F2ADC9CFD30CC06353FC20.e.7019"}]}
COMMAND: GET /session/10503a4dac92bcb2538d37e21df02b44/screenshot - {}
RESULT: {"script":"<script> [5351 bytes]","args":[{"element-6066-11e4-a52e-4f735466cecf":"f.FDAF18A8ED6EACE6EA012090E3B5CAAE.d.410254D9D2F2ADC9CFD30CC06353FC20.e.7019","ELEMENT":"f.FDAF18A8ED6EACE6EA012090E3B5CAAE.d.410254D9D2F2ADC9CFD30CC06353FC20.e.7019"}]}
COMMAND: POST /session/10503a4dac92bcb2538d37e21df02b44/element - {"using":"css selector","value":"#shell-header-logo"}
COMMAND: GET /session/10503a4dac92bcb2538d37e21df02b44/screenshot - {}
RESULT: {}
RESULT: {"using":"css selector","value":"#shell-header-logo"}
COMMAND: POST /session/10503a4dac92bcb2538d37e21df02b44/element/f.FDAF18A8ED6EACE6EA012090E3B5CAAE.d.410254D9D2F2ADC9CFD30CC06353FC20.e.7019/click - {}
RESULT: {}
RESULT: {}
COMMAND: GET /session/10503a4dac92bcb2538d37e21df02b44/screenshot - {}
RESULT: {}
COMMAND: POST /session/10503a4dac92bcb2538d37e21df02b44/execute/async - {"script":"<script> [189 bytes]","args":[]}
RESULT: {"script":"<script> [189 bytes]","args":[]}
COMMAND: POST /session/10503a4dac92bcb2538d37e21df02b44/execute/async - {"script":"<script> [123 bytes]","args":[]}
RESULT: {"script":"<script> [123 bytes]","args":[]}
COMMAND: POST /session/10503a4dac92bcb2538d37e21df02b44/timeouts - {"script":"<number>"}
RESULT: {"script":"<number>"}
COMMAND: GET /session/10503a4dac92bcb2538d37e21df02b44/timeouts - {}
RESULT: {}
RESULT: undefined
COMMAND: POST /session/10503a4dac92bcb2538d37e21df02b44/execute/async - {"script":"<script> [2676 bytes]","args":[]}
RESULT: {"script":"<script> [2676 bytes]","args":[]}
COMMAND: POST /session/10503a4dac92bcb2538d37e21df02b44/execute/async - {"script":"<script> [2342 bytes]","args":[{"protocol":"http","hostname":"0.0.0.0","path":"/","capabilities":{"browserName":"chrome","goog:chromeOptions":{"binary":"C:\\Program Files\\Google\\Chrome\\Application\\chrome.exe","args":["--start-maximized"]}},"logLevel":"warn","connectionRetryTimeout":120000,"connectionRetryCount":3,"logLevels":{},"enableDirectConnect":true,"strictSSL":true,"_":"65 more keys: [\"cacheDir\",\"port\",\"requestedCapabilities\",\"automationProtocol\",\"baseUrl\",\"waitforInterval\",\"waitforTimeout\",\"onReload\",\"beforeCommand\",\"afterCommand\",\"rootDir\",\"specs\",\"suites\",\"exclude\",\"groupLogsByTestSpec\",\"excludeDriverLogs\",\"bail\",\"framework\",\"reporters\",\"services\",\"maxInstances\",\"maxInstancesPerCapability\",\"injectGlobals\",\"filesToWatch\",\"execArgv\",\"runnerEnv\",\"runner\",\"shard\",\"specFileRetries\",\"specFileRetriesDelay\",\"specFileRetriesDeferred\",\"reporterSyncInterval\",\"reporterSyncTimeout\",\"cucumberFeaturesWithLineNumbers\",\"autoCompileOpts\",\"mochaOpts\",\"jasmineOpts\",\"cucumberOpts\",\"onPrepare\",\"onWorkerStart\",\"onWorkerEnd\",\"before\",\"beforeSession\",\"beforeSuite\",\"beforeHook\",\"beforeTest\",\"afterTest\",\"afterHook\",\"afterSuite\",\"afterSession\",\"after\",\"onComplete\",\"beforeAssertion\",\"afterAssertion\",\"beforeFeature\",\"beforeScenario\",\"beforeStep\",\"afterStep\",\"afterScenario\",\"afterFeature\",\"_\",\"suite\",\"$0\",\"ignoredWorkerServices\",\"wdi5\"]"}]}
RESULT: {"script":"<script> [2342 bytes]","args":[{"protocol":"http","hostname":"0.0.0.0","path":"/","capabilities":{"browserName":"chrome","goog:chromeOptions":{"binary":"C:\\Program Files\\Google\\Chrome\\Application\\chrome.exe","args":["--start-maximized"]}},"logLevel":"warn","connectionRetryTimeout":120000,"connectionRetryCount":3,"logLevels":{},"enableDirectConnect":true,"strictSSL":true,"_":"65 more keys: [\"cacheDir\",\"port\",\"requestedCapabilities\",\"automationProtocol\",\"baseUrl\",\"waitforInterval\",\"waitforTimeout\",\"onReload\",\"beforeCommand\",\"afterCommand\",\"rootDir\",\"specs\",\"suites\",\"exclude\",\"groupLogsByTestSpec\",\"excludeDriverLogs\",\"bail\",\"framework\",\"reporters\",\"services\",\"maxInstances\",\"maxInstancesPerCapability\",\"injectGlobals\",\"filesToWatch\",\"execArgv\",\"runnerEnv\",\"runner\",\"shard\",\"specFileRetries\",\"specFileRetriesDelay\",\"specFileRetriesDeferred\",\"reporterSyncInterval\",\"reporterSyncTimeout\",\"cucumberFeaturesWithLineNumbers\",\"autoCompileOpts\",\"mochaOpts\",\"jasmineOpts\",\"cucumberOpts\",\"onPrepare\",\"onWorkerStart\",\"onWorkerEnd\",\"before\",\"beforeSession\",\"beforeSuite\",\"beforeHook\",\"beforeTest\",\"afterTest\",\"afterHook\",\"afterSuite\",\"afterSession\",\"after\",\"onComplete\",\"beforeAssertion\",\"afterAssertion\",\"beforeFeature\",\"beforeScenario\",\"beforeStep\",\"afterStep\",\"afterScenario\",\"afterFeature\",\"_\",\"suite\",\"$0\",\"ignoredWorkerServices\",\"wdi5\"]"}]}
COMMAND: POST /session/10503a4dac92bcb2538d37e21df02b44/execute/async - {"script":"<script> [21126 bytes]","args":[35000]}
RESULT: {"script":"<script> [21126 bytes]","args":[35000]}
COMMAND: POST /session/10503a4dac92bcb2538d37e21df02b44/window/maximize - {}
RESULT: {}
COMMAND: POST /session/10503a4dac92bcb2538d37e21df02b44/execute/async - {"script":"<script> [1562 bytes]","args":[{"selector":{"id":"shell-header","interaction":{"idSuffix":"icon"}},"wdio_ui5_key":"shellheader"}]}
COMMAND: GET /session/10503a4dac92bcb2538d37e21df02b44/screenshot - {}
RESULT: {"script":"<script> [1562 bytes]","args":[{"selector":{"id":"shell-header","interaction":{"idSuffix":"icon"}},"wdio_ui5_key":"shellheader"}]}
RESULT: undefined
]]></system-out>
    </testcase>
  </testsuite>
  <testsuite timestamp="2025-05-03T17:10:59" time="284.809" tests="4" failures="4" errors="4" skipped="0">
    <properties>
      <property name="specId" value="0" />
      <property name="suiteName" value="Provide to Site w/o warehouse management w/o clarification US116612" />
      <property name="capabilities" value="chrome.135_0_7049_96.windows" />
      <property name="file" value="file:///D:/a/1/s/test/specs/HTR/provide-to-site-wo-warehouse-wo-clarification.spec.js" />
    </properties>
  </testsuite>
  <testsuite timestamp="2025-05-03T17:15:44" time="426.481" tests="5" failures="4" errors="4" skipped="0">
    <properties>
      <property name="specId" value="0" />
      <property name="suiteName" value="Provide to Site w/o warehouse management wo clarification" />
      <property name="capabilities" value="chrome.135_0_7049_96.windows" />
      <property name="file" value="file:///D:/a/1/s/test/specs/HTR/provide-to-site-wo-warehouse-wo-clarification.spec.js" />
    </properties>
    <testcase classname="chrome.135_0_7049_96.windows.Provide_to_Site_w/o_warehouse_management_wo_clarification" name="Should Test for Handover Execution" time="166.608">
      <system-out><![CDATA[
COMMAND: POST /session/10503a4dac92bcb2538d37e21df02b44/element - {"using":"xpath","value":"//*[text()='false']"}
COMMAND: GET /session/10503a4dac92bcb2538d37e21df02b44/screenshot - {}
RESULT: {"using":"xpath","value":"//*[text()='false']"}
COMMAND: POST /session/10503a4dac92bcb2538d37e21df02b44/elements - {"using":"xpath","value":"//*[text()='false']"}
RESULT: {}
RESULT: {"using":"xpath","value":"//*[text()='false']"}
COMMAND: POST /session/10503a4dac92bcb2538d37e21df02b44/elements - {"using":"xpath","value":"//*[text()='false']"}
RESULT: {"using":"xpath","value":"//*[text()='false']"}
COMMAND: POST /session/10503a4dac92bcb2538d37e21df02b44/elements - {"using":"xpath","value":"//*[text()='false']"}
RESULT: {"using":"xpath","value":"//*[text()='false']"}
COMMAND: POST /session/10503a4dac92bcb2538d37e21df02b44/elements - {"using":"xpath","value":"//*[text()='false']"}
RESULT: {"using":"xpath","value":"//*[text()='false']"}
COMMAND: POST /session/10503a4dac92bcb2538d37e21df02b44/elements - {"using":"xpath","value":"//*[text()='false']"}
RESULT: {"using":"xpath","value":"//*[text()='false']"}
COMMAND: POST /session/10503a4dac92bcb2538d37e21df02b44/elements - {"using":"xpath","value":"//*[text()='false']"}
RESULT: {"using":"xpath","value":"//*[text()='false']"}
COMMAND: POST /session/10503a4dac92bcb2538d37e21df02b44/elements - {"using":"xpath","value":"//*[text()='false']"}
RESULT: {"using":"xpath","value":"//*[text()='false']"}
COMMAND: POST /session/10503a4dac92bcb2538d37e21df02b44/elements - {"using":"xpath","value":"//*[text()='false']"}
RESULT: {"using":"xpath","value":"//*[text()='false']"}
COMMAND: POST /session/10503a4dac92bcb2538d37e21df02b44/elements - {"using":"xpath","value":"//*[text()='false']"}
RESULT: {"using":"xpath","value":"//*[text()='false']"}
COMMAND: POST /session/10503a4dac92bcb2538d37e21df02b44/elements - {"using":"xpath","value":"//*[text()='false']"}
RESULT: {"using":"xpath","value":"//*[text()='false']"}
COMMAND: POST /session/10503a4dac92bcb2538d37e21df02b44/elements - {"using":"xpath","value":"//*[text()='false']"}
RESULT: {"using":"xpath","value":"//*[text()='false']"}
COMMAND: POST /session/10503a4dac92bcb2538d37e21df02b44/elements - {"using":"xpath","value":"//*[text()='false']"}
RESULT: {"using":"xpath","value":"//*[text()='false']"}
COMMAND: POST /session/10503a4dac92bcb2538d37e21df02b44/elements - {"using":"xpath","value":"//*[text()='false']"}
RESULT: {"using":"xpath","value":"//*[text()='false']"}
COMMAND: POST /session/10503a4dac92bcb2538d37e21df02b44/elements - {"using":"xpath","value":"//*[text()='false']"}
RESULT: {"using":"xpath","value":"//*[text()='false']"}
COMMAND: POST /session/10503a4dac92bcb2538d37e21df02b44/elements - {"using":"xpath","value":"//*[text()='false']"}
RESULT: {"using":"xpath","value":"//*[text()='false']"}
COMMAND: POST /session/10503a4dac92bcb2538d37e21df02b44/elements - {"using":"xpath","value":"//*[text()='false']"}
RESULT: {"using":"xpath","value":"//*[text()='false']"}
COMMAND: POST /session/10503a4dac92bcb2538d37e21df02b44/elements - {"using":"xpath","value":"//*[text()='false']"}
RESULT: {"using":"xpath","value":"//*[text()='false']"}
COMMAND: POST /session/10503a4dac92bcb2538d37e21df02b44/elements - {"using":"xpath","value":"//*[text()='false']"}
RESULT: {"using":"xpath","value":"//*[text()='false']"}
COMMAND: POST /session/10503a4dac92bcb2538d37e21df02b44/elements - {"using":"xpath","value":"//*[text()='false']"}
RESULT: {"using":"xpath","value":"//*[text()='false']"}
COMMAND: POST /session/10503a4dac92bcb2538d37e21df02b44/elements - {"using":"xpath","value":"//*[text()='false']"}
RESULT: {"using":"xpath","value":"//*[text()='false']"}
COMMAND: POST /session/10503a4dac92bcb2538d37e21df02b44/elements - {"using":"xpath","value":"//*[text()='false']"}
RESULT: {"using":"xpath","value":"//*[text()='false']"}
COMMAND: POST /session/10503a4dac92bcb2538d37e21df02b44/elements - {"using":"xpath","value":"//*[text()='false']"}
RESULT: {"using":"xpath","value":"//*[text()='false']"}
COMMAND: POST /session/10503a4dac92bcb2538d37e21df02b44/elements - {"using":"xpath","value":"//*[text()='false']"}
RESULT: {"using":"xpath","value":"//*[text()='false']"}
COMMAND: POST /session/10503a4dac92bcb2538d37e21df02b44/elements - {"using":"xpath","value":"//*[text()='false']"}
RESULT: {"using":"xpath","value":"//*[text()='false']"}
COMMAND: POST /session/10503a4dac92bcb2538d37e21df02b44/elements - {"using":"xpath","value":"//*[text()='false']"}
RESULT: {"using":"xpath","value":"//*[text()='false']"}
COMMAND: POST /session/10503a4dac92bcb2538d37e21df02b44/elements - {"using":"xpath","value":"//*[text()='false']"}
RESULT: {"using":"xpath","value":"//*[text()='false']"}
COMMAND: POST /session/10503a4dac92bcb2538d37e21df02b44/elements - {"using":"xpath","value":"//*[text()='false']"}
RESULT: {"using":"xpath","value":"//*[text()='false']"}
COMMAND: POST /session/10503a4dac92bcb2538d37e21df02b44/elements - {"using":"xpath","value":"//*[text()='false']"}
RESULT: {"using":"xpath","value":"//*[text()='false']"}
COMMAND: POST /session/10503a4dac92bcb2538d37e21df02b44/elements - {"using":"xpath","value":"//*[text()='false']"}
RESULT: {"using":"xpath","value":"//*[text()='false']"}
COMMAND: POST /session/10503a4dac92bcb2538d37e21df02b44/elements - {"using":"xpath","value":"//*[text()='false']"}
RESULT: {"using":"xpath","value":"//*[text()='false']"}
COMMAND: POST /session/10503a4dac92bcb2538d37e21df02b44/elements - {"using":"xpath","value":"//*[text()='false']"}
RESULT: {"using":"xpath","value":"//*[text()='false']"}
COMMAND: POST /session/10503a4dac92bcb2538d37e21df02b44/elements - {"using":"xpath","value":"//*[text()='false']"}
RESULT: {"using":"xpath","value":"//*[text()='false']"}
COMMAND: POST /session/10503a4dac92bcb2538d37e21df02b44/elements - {"using":"xpath","value":"//*[text()='false']"}
RESULT: {"using":"xpath","value":"//*[text()='false']"}
COMMAND: POST /session/10503a4dac92bcb2538d37e21df02b44/elements - {"using":"xpath","value":"//*[text()='false']"}
RESULT: {"using":"xpath","value":"//*[text()='false']"}
COMMAND: POST /session/10503a4dac92bcb2538d37e21df02b44/elements - {"using":"xpath","value":"//*[text()='false']"}
RESULT: {"using":"xpath","value":"//*[text()='false']"}
COMMAND: POST /session/10503a4dac92bcb2538d37e21df02b44/elements - {"using":"xpath","value":"//*[text()='false']"}
RESULT: {"using":"xpath","value":"//*[text()='false']"}
COMMAND: POST /session/10503a4dac92bcb2538d37e21df02b44/elements - {"using":"xpath","value":"//*[text()='false']"}
RESULT: {"using":"xpath","value":"//*[text()='false']"}
COMMAND: POST /session/10503a4dac92bcb2538d37e21df02b44/elements - {"using":"xpath","value":"//*[text()='false']"}
RESULT: {"using":"xpath","value":"//*[text()='false']"}
COMMAND: POST /session/10503a4dac92bcb2538d37e21df02b44/elements - {"using":"xpath","value":"//*[text()='false']"}
RESULT: {"using":"xpath","value":"//*[text()='false']"}
COMMAND: POST /session/10503a4dac92bcb2538d37e21df02b44/elements - {"using":"xpath","value":"//*[text()='false']"}
RESULT: {"using":"xpath","value":"//*[text()='false']"}
COMMAND: POST /session/10503a4dac92bcb2538d37e21df02b44/elements - {"using":"xpath","value":"//*[text()='false']"}
RESULT: {"using":"xpath","value":"//*[text()='false']"}
COMMAND: POST /session/10503a4dac92bcb2538d37e21df02b44/elements - {"using":"xpath","value":"//*[text()='false']"}
RESULT: {"using":"xpath","value":"//*[text()='false']"}
COMMAND: POST /session/10503a4dac92bcb2538d37e21df02b44/elements - {"using":"xpath","value":"//*[text()='false']"}
RESULT: {"using":"xpath","value":"//*[text()='false']"}
COMMAND: POST /session/10503a4dac92bcb2538d37e21df02b44/elements - {"using":"xpath","value":"//*[text()='false']"}
RESULT: {"using":"xpath","value":"//*[text()='false']"}
COMMAND: POST /session/10503a4dac92bcb2538d37e21df02b44/elements - {"using":"xpath","value":"//*[text()='false']"}
RESULT: {"using":"xpath","value":"//*[text()='false']"}
COMMAND: POST /session/10503a4dac92bcb2538d37e21df02b44/elements - {"using":"xpath","value":"//*[text()='false']"}
RESULT: {"using":"xpath","value":"//*[text()='false']"}
COMMAND: POST /session/10503a4dac92bcb2538d37e21df02b44/elements - {"using":"xpath","value":"//*[text()='false']"}
RESULT: {"using":"xpath","value":"//*[text()='false']"}
COMMAND: POST /session/10503a4dac92bcb2538d37e21df02b44/elements - {"using":"xpath","value":"//*[text()='false']"}
RESULT: {"using":"xpath","value":"//*[text()='false']"}
COMMAND: POST /session/10503a4dac92bcb2538d37e21df02b44/elements - {"using":"xpath","value":"//*[text()='false']"}
RESULT: {"using":"xpath","value":"//*[text()='false']"}
COMMAND: POST /session/10503a4dac92bcb2538d37e21df02b44/elements - {"using":"xpath","value":"//*[text()='false']"}
RESULT: {"using":"xpath","value":"//*[text()='false']"}
COMMAND: POST /session/10503a4dac92bcb2538d37e21df02b44/elements - {"using":"xpath","value":"//*[text()='false']"}
RESULT: {"using":"xpath","value":"//*[text()='false']"}
COMMAND: POST /session/10503a4dac92bcb2538d37e21df02b44/elements - {"using":"xpath","value":"//*[text()='false']"}
RESULT: {"using":"xpath","value":"//*[text()='false']"}
COMMAND: POST /session/10503a4dac92bcb2538d37e21df02b44/elements - {"using":"xpath","value":"//*[text()='false']"}
RESULT: {"using":"xpath","value":"//*[text()='false']"}
COMMAND: POST /session/10503a4dac92bcb2538d37e21df02b44/elements - {"using":"xpath","value":"//*[text()='false']"}
RESULT: {"using":"xpath","value":"//*[text()='false']"}
COMMAND: POST /session/10503a4dac92bcb2538d37e21df02b44/elements - {"using":"xpath","value":"//*[text()='false']"}
RESULT: {"using":"xpath","value":"//*[text()='false']"}
COMMAND: POST /session/10503a4dac92bcb2538d37e21df02b44/elements - {"using":"xpath","value":"//*[text()='false']"}
RESULT: {"using":"xpath","value":"//*[text()='false']"}
COMMAND: POST /session/10503a4dac92bcb2538d37e21df02b44/elements - {"using":"xpath","value":"//*[text()='false']"}
RESULT: {"using":"xpath","value":"//*[text()='false']"}
COMMAND: POST /session/10503a4dac92bcb2538d37e21df02b44/elements - {"using":"xpath","value":"//*[text()='false']"}
RESULT: {"using":"xpath","value":"//*[text()='false']"}
COMMAND: POST /session/10503a4dac92bcb2538d37e21df02b44/elements - {"using":"xpath","value":"//*[text()='false']"}
RESULT: {"using":"xpath","value":"//*[text()='false']"}
COMMAND: POST /session/10503a4dac92bcb2538d37e21df02b44/elements - {"using":"xpath","value":"//*[text()='false']"}
RESULT: {"using":"xpath","value":"//*[text()='false']"}
COMMAND: POST /session/10503a4dac92bcb2538d37e21df02b44/elements - {"using":"xpath","value":"//*[text()='false']"}
RESULT: {"using":"xpath","value":"//*[text()='false']"}
COMMAND: POST /session/10503a4dac92bcb2538d37e21df02b44/elements - {"using":"xpath","value":"//*[text()='false']"}
RESULT: {"using":"xpath","value":"//*[text()='false']"}
COMMAND: POST /session/10503a4dac92bcb2538d37e21df02b44/elements - {"using":"xpath","value":"//*[text()='false']"}
RESULT: {"using":"xpath","value":"//*[text()='false']"}
COMMAND: POST /session/10503a4dac92bcb2538d37e21df02b44/elements - {"using":"xpath","value":"//*[text()='false']"}
RESULT: {"using":"xpath","value":"//*[text()='false']"}
COMMAND: POST /session/10503a4dac92bcb2538d37e21df02b44/elements - {"using":"xpath","value":"//*[text()='false']"}
RESULT: {"using":"xpath","value":"//*[text()='false']"}
COMMAND: POST /session/10503a4dac92bcb2538d37e21df02b44/elements - {"using":"xpath","value":"//*[text()='false']"}
RESULT: {"using":"xpath","value":"//*[text()='false']"}
COMMAND: POST /session/10503a4dac92bcb2538d37e21df02b44/elements - {"using":"xpath","value":"//*[text()='false']"}
RESULT: {"using":"xpath","value":"//*[text()='false']"}
COMMAND: POST /session/10503a4dac92bcb2538d37e21df02b44/elements - {"using":"xpath","value":"//*[text()='false']"}
RESULT: {"using":"xpath","value":"//*[text()='false']"}
COMMAND: POST /session/10503a4dac92bcb2538d37e21df02b44/elements - {"using":"xpath","value":"//*[text()='false']"}
RESULT: {"using":"xpath","value":"//*[text()='false']"}
COMMAND: POST /session/10503a4dac92bcb2538d37e21df02b44/elements - {"using":"xpath","value":"//*[text()='false']"}
RESULT: {"using":"xpath","value":"//*[text()='false']"}
COMMAND: POST /session/10503a4dac92bcb2538d37e21df02b44/elements - {"using":"xpath","value":"//*[text()='false']"}
RESULT: {"using":"xpath","value":"//*[text()='false']"}
COMMAND: POST /session/10503a4dac92bcb2538d37e21df02b44/elements - {"using":"xpath","value":"//*[text()='false']"}
RESULT: {"using":"xpath","value":"//*[text()='false']"}
COMMAND: POST /session/10503a4dac92bcb2538d37e21df02b44/elements - {"using":"xpath","value":"//*[text()='false']"}
RESULT: {"using":"xpath","value":"//*[text()='false']"}
COMMAND: POST /session/10503a4dac92bcb2538d37e21df02b44/elements - {"using":"xpath","value":"//*[text()='false']"}
RESULT: {"using":"xpath","value":"//*[text()='false']"}
COMMAND: POST /session/10503a4dac92bcb2538d37e21df02b44/elements - {"using":"xpath","value":"//*[text()='false']"}
RESULT: {"using":"xpath","value":"//*[text()='false']"}
COMMAND: POST /session/10503a4dac92bcb2538d37e21df02b44/elements - {"using":"xpath","value":"//*[text()='false']"}
RESULT: {"using":"xpath","value":"//*[text()='false']"}
COMMAND: POST /session/10503a4dac92bcb2538d37e21df02b44/elements - {"using":"xpath","value":"//*[text()='false']"}
RESULT: {"using":"xpath","value":"//*[text()='false']"}
COMMAND: POST /session/10503a4dac92bcb2538d37e21df02b44/elements - {"using":"xpath","value":"//*[text()='false']"}
RESULT: {"using":"xpath","value":"//*[text()='false']"}
COMMAND: POST /session/10503a4dac92bcb2538d37e21df02b44/elements - {"using":"xpath","value":"//*[text()='false']"}
RESULT: {"using":"xpath","value":"//*[text()='false']"}
COMMAND: POST /session/10503a4dac92bcb2538d37e21df02b44/elements - {"using":"xpath","value":"//*[text()='false']"}
RESULT: {"using":"xpath","value":"//*[text()='false']"}
COMMAND: POST /session/10503a4dac92bcb2538d37e21df02b44/elements - {"using":"xpath","value":"//*[text()='false']"}
RESULT: {"using":"xpath","value":"//*[text()='false']"}
COMMAND: POST /session/10503a4dac92bcb2538d37e21df02b44/elements - {"using":"xpath","value":"//*[text()='false']"}
RESULT: {"using":"xpath","value":"//*[text()='false']"}
COMMAND: POST /session/10503a4dac92bcb2538d37e21df02b44/elements - {"using":"xpath","value":"//*[text()='false']"}
RESULT: {"using":"xpath","value":"//*[text()='false']"}
COMMAND: POST /session/10503a4dac92bcb2538d37e21df02b44/elements - {"using":"xpath","value":"//*[text()='false']"}
RESULT: {"using":"xpath","value":"//*[text()='false']"}
COMMAND: POST /session/10503a4dac92bcb2538d37e21df02b44/elements - {"using":"xpath","value":"//*[text()='false']"}
RESULT: {"using":"xpath","value":"//*[text()='false']"}
COMMAND: POST /session/10503a4dac92bcb2538d37e21df02b44/elements - {"using":"xpath","value":"//*[text()='false']"}
RESULT: {"using":"xpath","value":"//*[text()='false']"}
COMMAND: POST /session/10503a4dac92bcb2538d37e21df02b44/elements - {"using":"xpath","value":"//*[text()='false']"}
RESULT: {"using":"xpath","value":"//*[text()='false']"}
COMMAND: POST /session/10503a4dac92bcb2538d37e21df02b44/elements - {"using":"xpath","value":"//*[text()='false']"}
RESULT: {"using":"xpath","value":"//*[text()='false']"}
COMMAND: POST /session/10503a4dac92bcb2538d37e21df02b44/elements - {"using":"xpath","value":"//*[text()='false']"}
RESULT: {"using":"xpath","value":"//*[text()='false']"}
COMMAND: POST /session/10503a4dac92bcb2538d37e21df02b44/elements - {"using":"xpath","value":"//*[text()='false']"}
RESULT: {"using":"xpath","value":"//*[text()='false']"}
COMMAND: POST /session/10503a4dac92bcb2538d37e21df02b44/elements - {"using":"xpath","value":"//*[text()='false']"}
COMMAND: POST /session/10503a4dac92bcb2538d37e21df02b44/element - {"using":"xpath","value":"//span[text()='Provide to site - Completed']"}
RESULT: {"using":"xpath","value":"//*[text()='false']"}
RESULT: {"using":"xpath","value":"//span[text()='Provide to site - Completed']"}
COMMAND: POST /session/10503a4dac92bcb2538d37e21df02b44/elements - {"using":"xpath","value":"//span[text()='Provide to site - Completed']"}
RESULT: {"using":"xpath","value":"//span[text()='Provide to site - Completed']"}
COMMAND: POST /session/10503a4dac92bcb2538d37e21df02b44/elements - {"using":"xpath","value":"//span[text()='Provide to site - Completed']"}
RESULT: {"using":"xpath","value":"//span[text()='Provide to site - Completed']"}
COMMAND: POST /session/10503a4dac92bcb2538d37e21df02b44/elements - {"using":"xpath","value":"//span[text()='Provide to site - Completed']"}
RESULT: {"using":"xpath","value":"//span[text()='Provide to site - Completed']"}
COMMAND: POST /session/10503a4dac92bcb2538d37e21df02b44/elements - {"using":"xpath","value":"//span[text()='Provide to site - Completed']"}
RESULT: {"using":"xpath","value":"//span[text()='Provide to site - Completed']"}
COMMAND: POST /session/10503a4dac92bcb2538d37e21df02b44/elements - {"using":"xpath","value":"//span[text()='Provide to site - Completed']"}
RESULT: {"using":"xpath","value":"//span[text()='Provide to site - Completed']"}
COMMAND: POST /session/10503a4dac92bcb2538d37e21df02b44/elements - {"using":"xpath","value":"//span[text()='Provide to site - Completed']"}
RESULT: {"using":"xpath","value":"//span[text()='Provide to site - Completed']"}
COMMAND: POST /session/10503a4dac92bcb2538d37e21df02b44/elements - {"using":"xpath","value":"//span[text()='Provide to site - Completed']"}
RESULT: {"using":"xpath","value":"//span[text()='Provide to site - Completed']"}
COMMAND: POST /session/10503a4dac92bcb2538d37e21df02b44/elements - {"using":"xpath","value":"//span[text()='Provide to site - Completed']"}
RESULT: {"using":"xpath","value":"//span[text()='Provide to site - Completed']"}
COMMAND: POST /session/10503a4dac92bcb2538d37e21df02b44/elements - {"using":"xpath","value":"//span[text()='Provide to site - Completed']"}
RESULT: {"using":"xpath","value":"//span[text()='Provide to site - Completed']"}
COMMAND: POST /session/10503a4dac92bcb2538d37e21df02b44/elements - {"using":"xpath","value":"//span[text()='Provide to site - Completed']"}
RESULT: {"using":"xpath","value":"//span[text()='Provide to site - Completed']"}
COMMAND: POST /session/10503a4dac92bcb2538d37e21df02b44/elements - {"using":"xpath","value":"//span[text()='Provide to site - Completed']"}
RESULT: {"using":"xpath","value":"//span[text()='Provide to site - Completed']"}
COMMAND: POST /session/10503a4dac92bcb2538d37e21df02b44/elements - {"using":"xpath","value":"//span[text()='Provide to site - Completed']"}
RESULT: {"using":"xpath","value":"//span[text()='Provide to site - Completed']"}
COMMAND: POST /session/10503a4dac92bcb2538d37e21df02b44/elements - {"using":"xpath","value":"//span[text()='Provide to site - Completed']"}
RESULT: {"using":"xpath","value":"//span[text()='Provide to site - Completed']"}
COMMAND: POST /session/10503a4dac92bcb2538d37e21df02b44/elements - {"using":"xpath","value":"//span[text()='Provide to site - Completed']"}
RESULT: {"using":"xpath","value":"//span[text()='Provide to site - Completed']"}
COMMAND: POST /session/10503a4dac92bcb2538d37e21df02b44/elements - {"using":"xpath","value":"//span[text()='Provide to site - Completed']"}
RESULT: {"using":"xpath","value":"//span[text()='Provide to site - Completed']"}
COMMAND: POST /session/10503a4dac92bcb2538d37e21df02b44/elements - {"using":"xpath","value":"//span[text()='Provide to site - Completed']"}
RESULT: {"using":"xpath","value":"//span[text()='Provide to site - Completed']"}
COMMAND: POST /session/10503a4dac92bcb2538d37e21df02b44/elements - {"using":"xpath","value":"//span[text()='Provide to site - Completed']"}
RESULT: {"using":"xpath","value":"//span[text()='Provide to site - Completed']"}
COMMAND: POST /session/10503a4dac92bcb2538d37e21df02b44/elements - {"using":"xpath","value":"//span[text()='Provide to site - Completed']"}
RESULT: {"using":"xpath","value":"//span[text()='Provide to site - Completed']"}
COMMAND: POST /session/10503a4dac92bcb2538d37e21df02b44/elements - {"using":"xpath","value":"//span[text()='Provide to site - Completed']"}
RESULT: {"using":"xpath","value":"//span[text()='Provide to site - Completed']"}
COMMAND: POST /session/10503a4dac92bcb2538d37e21df02b44/elements - {"using":"xpath","value":"//span[text()='Provide to site - Completed']"}
RESULT: {"using":"xpath","value":"//span[text()='Provide to site - Completed']"}
COMMAND: POST /session/10503a4dac92bcb2538d37e21df02b44/elements - {"using":"xpath","value":"//span[text()='Provide to site - Completed']"}
RESULT: {"using":"xpath","value":"//span[text()='Provide to site - Completed']"}
COMMAND: POST /session/10503a4dac92bcb2538d37e21df02b44/elements - {"using":"xpath","value":"//span[text()='Provide to site - Completed']"}
RESULT: {"using":"xpath","value":"//span[text()='Provide to site - Completed']"}
COMMAND: POST /session/10503a4dac92bcb2538d37e21df02b44/elements - {"using":"xpath","value":"//span[text()='Provide to site - Completed']"}
RESULT: {"using":"xpath","value":"//span[text()='Provide to site - Completed']"}
COMMAND: POST /session/10503a4dac92bcb2538d37e21df02b44/elements - {"using":"xpath","value":"//span[text()='Provide to site - Completed']"}
RESULT: {"using":"xpath","value":"//span[text()='Provide to site - Completed']"}
COMMAND: POST /session/10503a4dac92bcb2538d37e21df02b44/elements - {"using":"xpath","value":"//span[text()='Provide to site - Completed']"}
RESULT: {"using":"xpath","value":"//span[text()='Provide to site - Completed']"}
COMMAND: POST /session/10503a4dac92bcb2538d37e21df02b44/elements - {"using":"xpath","value":"//span[text()='Provide to site - Completed']"}
RESULT: {"using":"xpath","value":"//span[text()='Provide to site - Completed']"}
COMMAND: POST /session/10503a4dac92bcb2538d37e21df02b44/elements - {"using":"xpath","value":"//span[text()='Provide to site - Completed']"}
RESULT: {"using":"xpath","value":"//span[text()='Provide to site - Completed']"}
COMMAND: POST /session/10503a4dac92bcb2538d37e21df02b44/elements - {"using":"xpath","value":"//span[text()='Provide to site - Completed']"}
RESULT: {"using":"xpath","value":"//span[text()='Provide to site - Completed']"}
COMMAND: POST /session/10503a4dac92bcb2538d37e21df02b44/elements - {"using":"xpath","value":"//span[text()='Provide to site - Completed']"}
RESULT: {"using":"xpath","value":"//span[text()='Provide to site - Completed']"}
COMMAND: POST /session/10503a4dac92bcb2538d37e21df02b44/elements - {"using":"xpath","value":"//span[text()='Provide to site - Completed']"}
RESULT: {"using":"xpath","value":"//span[text()='Provide to site - Completed']"}
COMMAND: POST /session/10503a4dac92bcb2538d37e21df02b44/elements - {"using":"xpath","value":"//span[text()='Provide to site - Completed']"}
RESULT: {"using":"xpath","value":"//span[text()='Provide to site - Completed']"}
COMMAND: POST /session/10503a4dac92bcb2538d37e21df02b44/elements - {"using":"xpath","value":"//span[text()='Provide to site - Completed']"}
RESULT: {"using":"xpath","value":"//span[text()='Provide to site - Completed']"}
COMMAND: POST /session/10503a4dac92bcb2538d37e21df02b44/elements - {"using":"xpath","value":"//span[text()='Provide to site - Completed']"}
RESULT: {"using":"xpath","value":"//span[text()='Provide to site - Completed']"}
COMMAND: POST /session/10503a4dac92bcb2538d37e21df02b44/elements - {"using":"xpath","value":"//span[text()='Provide to site - Completed']"}
RESULT: {"using":"xpath","value":"//span[text()='Provide to site - Completed']"}
COMMAND: POST /session/10503a4dac92bcb2538d37e21df02b44/elements - {"using":"xpath","value":"//span[text()='Provide to site - Completed']"}
RESULT: {"using":"xpath","value":"//span[text()='Provide to site - Completed']"}
COMMAND: POST /session/10503a4dac92bcb2538d37e21df02b44/elements - {"using":"xpath","value":"//span[text()='Provide to site - Completed']"}
RESULT: {"using":"xpath","value":"//span[text()='Provide to site - Completed']"}
COMMAND: POST /session/10503a4dac92bcb2538d37e21df02b44/elements - {"using":"xpath","value":"//span[text()='Provide to site - Completed']"}
RESULT: {"using":"xpath","value":"//span[text()='Provide to site - Completed']"}
COMMAND: POST /session/10503a4dac92bcb2538d37e21df02b44/elements - {"using":"xpath","value":"//span[text()='Provide to site - Completed']"}
RESULT: {"using":"xpath","value":"//span[text()='Provide to site - Completed']"}
COMMAND: POST /session/10503a4dac92bcb2538d37e21df02b44/elements - {"using":"xpath","value":"//span[text()='Provide to site - Completed']"}
RESULT: {"using":"xpath","value":"//span[text()='Provide to site - Completed']"}
COMMAND: POST /session/10503a4dac92bcb2538d37e21df02b44/elements - {"using":"xpath","value":"//span[text()='Provide to site - Completed']"}
RESULT: {"using":"xpath","value":"//span[text()='Provide to site - Completed']"}
COMMAND: POST /session/10503a4dac92bcb2538d37e21df02b44/elements - {"using":"xpath","value":"//span[text()='Provide to site - Completed']"}
RESULT: {"using":"xpath","value":"//span[text()='Provide to site - Completed']"}
COMMAND: POST /session/10503a4dac92bcb2538d37e21df02b44/elements - {"using":"xpath","value":"//span[text()='Provide to site - Completed']"}
RESULT: {"using":"xpath","value":"//span[text()='Provide to site - Completed']"}
COMMAND: POST /session/10503a4dac92bcb2538d37e21df02b44/elements - {"using":"xpath","value":"//span[text()='Provide to site - Completed']"}
RESULT: {"using":"xpath","value":"//span[text()='Provide to site - Completed']"}
COMMAND: POST /session/10503a4dac92bcb2538d37e21df02b44/elements - {"using":"xpath","value":"//span[text()='Provide to site - Completed']"}
RESULT: {"using":"xpath","value":"//span[text()='Provide to site - Completed']"}
COMMAND: POST /session/10503a4dac92bcb2538d37e21df02b44/elements - {"using":"xpath","value":"//span[text()='Provide to site - Completed']"}
RESULT: {"using":"xpath","value":"//span[text()='Provide to site - Completed']"}
COMMAND: POST /session/10503a4dac92bcb2538d37e21df02b44/elements - {"using":"xpath","value":"//span[text()='Provide to site - Completed']"}
RESULT: {"using":"xpath","value":"//span[text()='Provide to site - Completed']"}
COMMAND: POST /session/10503a4dac92bcb2538d37e21df02b44/elements - {"using":"xpath","value":"//span[text()='Provide to site - Completed']"}
RESULT: {"using":"xpath","value":"//span[text()='Provide to site - Completed']"}
COMMAND: POST /session/10503a4dac92bcb2538d37e21df02b44/elements - {"using":"xpath","value":"//span[text()='Provide to site - Completed']"}
RESULT: {"using":"xpath","value":"//span[text()='Provide to site - Completed']"}
COMMAND: POST /session/10503a4dac92bcb2538d37e21df02b44/elements - {"using":"xpath","value":"//span[text()='Provide to site - Completed']"}
RESULT: {"using":"xpath","value":"//span[text()='Provide to site - Completed']"}
COMMAND: POST /session/10503a4dac92bcb2538d37e21df02b44/elements - {"using":"xpath","value":"//span[text()='Provide to site - Completed']"}
RESULT: {"using":"xpath","value":"//span[text()='Provide to site - Completed']"}
COMMAND: POST /session/10503a4dac92bcb2538d37e21df02b44/elements - {"using":"xpath","value":"//span[text()='Provide to site - Completed']"}
RESULT: {"using":"xpath","value":"//span[text()='Provide to site - Completed']"}
COMMAND: POST /session/10503a4dac92bcb2538d37e21df02b44/elements - {"using":"xpath","value":"//span[text()='Provide to site - Completed']"}
RESULT: {"using":"xpath","value":"//span[text()='Provide to site - Completed']"}
COMMAND: POST /session/10503a4dac92bcb2538d37e21df02b44/elements - {"using":"xpath","value":"//span[text()='Provide to site - Completed']"}
RESULT: {"using":"xpath","value":"//span[text()='Provide to site - Completed']"}
COMMAND: POST /session/10503a4dac92bcb2538d37e21df02b44/elements - {"using":"xpath","value":"//span[text()='Provide to site - Completed']"}
RESULT: {"using":"xpath","value":"//span[text()='Provide to site - Completed']"}
COMMAND: POST /session/10503a4dac92bcb2538d37e21df02b44/elements - {"using":"xpath","value":"//span[text()='Provide to site - Completed']"}
RESULT: {"using":"xpath","value":"//span[text()='Provide to site - Completed']"}
COMMAND: POST /session/10503a4dac92bcb2538d37e21df02b44/elements - {"using":"xpath","value":"//span[text()='Provide to site - Completed']"}
RESULT: {"using":"xpath","value":"//span[text()='Provide to site - Completed']"}
COMMAND: POST /session/10503a4dac92bcb2538d37e21df02b44/elements - {"using":"xpath","value":"//span[text()='Provide to site - Completed']"}
RESULT: {"using":"xpath","value":"//span[text()='Provide to site - Completed']"}
COMMAND: POST /session/10503a4dac92bcb2538d37e21df02b44/elements - {"using":"xpath","value":"//span[text()='Provide to site - Completed']"}
RESULT: {"using":"xpath","value":"//span[text()='Provide to site - Completed']"}
COMMAND: POST /session/10503a4dac92bcb2538d37e21df02b44/elements - {"using":"xpath","value":"//span[text()='Provide to site - Completed']"}
RESULT: {"using":"xpath","value":"//span[text()='Provide to site - Completed']"}
COMMAND: POST /session/10503a4dac92bcb2538d37e21df02b44/elements - {"using":"xpath","value":"//span[text()='Provide to site - Completed']"}
RESULT: {"using":"xpath","value":"//span[text()='Provide to site - Completed']"}
COMMAND: POST /session/10503a4dac92bcb2538d37e21df02b44/elements - {"using":"xpath","value":"//span[text()='Provide to site - Completed']"}
RESULT: {"using":"xpath","value":"//span[text()='Provide to site - Completed']"}
COMMAND: POST /session/10503a4dac92bcb2538d37e21df02b44/elements - {"using":"xpath","value":"//span[text()='Provide to site - Completed']"}
RESULT: {"using":"xpath","value":"//span[text()='Provide to site - Completed']"}
COMMAND: POST /session/10503a4dac92bcb2538d37e21df02b44/elements - {"using":"xpath","value":"//span[text()='Provide to site - Completed']"}
RESULT: {"using":"xpath","value":"//span[text()='Provide to site - Completed']"}
COMMAND: POST /session/10503a4dac92bcb2538d37e21df02b44/elements - {"using":"xpath","value":"//span[text()='Provide to site - Completed']"}
RESULT: {"using":"xpath","value":"//span[text()='Provide to site - Completed']"}
COMMAND: POST /session/10503a4dac92bcb2538d37e21df02b44/elements - {"using":"xpath","value":"//span[text()='Provide to site - Completed']"}
RESULT: {"using":"xpath","value":"//span[text()='Provide to site - Completed']"}
COMMAND: POST /session/10503a4dac92bcb2538d37e21df02b44/elements - {"using":"xpath","value":"//span[text()='Provide to site - Completed']"}
RESULT: {"using":"xpath","value":"//span[text()='Provide to site - Completed']"}
COMMAND: POST /session/10503a4dac92bcb2538d37e21df02b44/elements - {"using":"xpath","value":"//span[text()='Provide to site - Completed']"}
RESULT: {"using":"xpath","value":"//span[text()='Provide to site - Completed']"}
COMMAND: POST /session/10503a4dac92bcb2538d37e21df02b44/elements - {"using":"xpath","value":"//span[text()='Provide to site - Completed']"}
RESULT: {"using":"xpath","value":"//span[text()='Provide to site - Completed']"}
COMMAND: POST /session/10503a4dac92bcb2538d37e21df02b44/elements - {"using":"xpath","value":"//span[text()='Provide to site - Completed']"}
RESULT: {"using":"xpath","value":"//span[text()='Provide to site - Completed']"}
COMMAND: POST /session/10503a4dac92bcb2538d37e21df02b44/elements - {"using":"xpath","value":"//span[text()='Provide to site - Completed']"}
RESULT: {"using":"xpath","value":"//span[text()='Provide to site - Completed']"}
COMMAND: POST /session/10503a4dac92bcb2538d37e21df02b44/elements - {"using":"xpath","value":"//span[text()='Provide to site - Completed']"}
RESULT: {"using":"xpath","value":"//span[text()='Provide to site - Completed']"}
COMMAND: POST /session/10503a4dac92bcb2538d37e21df02b44/elements - {"using":"xpath","value":"//span[text()='Provide to site - Completed']"}
RESULT: {"using":"xpath","value":"//span[text()='Provide to site - Completed']"}
COMMAND: POST /session/10503a4dac92bcb2538d37e21df02b44/elements - {"using":"xpath","value":"//span[text()='Provide to site - Completed']"}
RESULT: {"using":"xpath","value":"//span[text()='Provide to site - Completed']"}
COMMAND: POST /session/10503a4dac92bcb2538d37e21df02b44/elements - {"using":"xpath","value":"//span[text()='Provide to site - Completed']"}
RESULT: {"using":"xpath","value":"//span[text()='Provide to site - Completed']"}
COMMAND: POST /session/10503a4dac92bcb2538d37e21df02b44/elements - {"using":"xpath","value":"//span[text()='Provide to site - Completed']"}
RESULT: {"using":"xpath","value":"//span[text()='Provide to site - Completed']"}
COMMAND: POST /session/10503a4dac92bcb2538d37e21df02b44/elements - {"using":"xpath","value":"//span[text()='Provide to site - Completed']"}
RESULT: {"using":"xpath","value":"//span[text()='Provide to site - Completed']"}
COMMAND: POST /session/10503a4dac92bcb2538d37e21df02b44/elements - {"using":"xpath","value":"//span[text()='Provide to site - Completed']"}
RESULT: {"using":"xpath","value":"//span[text()='Provide to site - Completed']"}
COMMAND: POST /session/10503a4dac92bcb2538d37e21df02b44/elements - {"using":"xpath","value":"//span[text()='Provide to site - Completed']"}
RESULT: {"using":"xpath","value":"//span[text()='Provide to site - Completed']"}
COMMAND: POST /session/10503a4dac92bcb2538d37e21df02b44/elements - {"using":"xpath","value":"//span[text()='Provide to site - Completed']"}
RESULT: {"using":"xpath","value":"//span[text()='Provide to site - Completed']"}
COMMAND: POST /session/10503a4dac92bcb2538d37e21df02b44/elements - {"using":"xpath","value":"//span[text()='Provide to site - Completed']"}
RESULT: {"using":"xpath","value":"//span[text()='Provide to site - Completed']"}
COMMAND: POST /session/10503a4dac92bcb2538d37e21df02b44/elements - {"using":"xpath","value":"//span[text()='Provide to site - Completed']"}
RESULT: {"using":"xpath","value":"//span[text()='Provide to site - Completed']"}
COMMAND: POST /session/10503a4dac92bcb2538d37e21df02b44/elements - {"using":"xpath","value":"//span[text()='Provide to site - Completed']"}
RESULT: {"using":"xpath","value":"//span[text()='Provide to site - Completed']"}
COMMAND: POST /session/10503a4dac92bcb2538d37e21df02b44/elements - {"using":"xpath","value":"//span[text()='Provide to site - Completed']"}
RESULT: {"using":"xpath","value":"//span[text()='Provide to site - Completed']"}
COMMAND: POST /session/10503a4dac92bcb2538d37e21df02b44/elements - {"using":"xpath","value":"//span[text()='Provide to site - Completed']"}
RESULT: {"using":"xpath","value":"//span[text()='Provide to site - Completed']"}
COMMAND: POST /session/10503a4dac92bcb2538d37e21df02b44/elements - {"using":"xpath","value":"//span[text()='Provide to site - Completed']"}
RESULT: {"using":"xpath","value":"//span[text()='Provide to site - Completed']"}
COMMAND: POST /session/10503a4dac92bcb2538d37e21df02b44/elements - {"using":"xpath","value":"//span[text()='Provide to site - Completed']"}
RESULT: {"using":"xpath","value":"//span[text()='Provide to site - Completed']"}
COMMAND: POST /session/10503a4dac92bcb2538d37e21df02b44/elements - {"using":"xpath","value":"//span[text()='Provide to site - Completed']"}
RESULT: {"using":"xpath","value":"//span[text()='Provide to site - Completed']"}
COMMAND: POST /session/10503a4dac92bcb2538d37e21df02b44/elements - {"using":"xpath","value":"//span[text()='Provide to site - Completed']"}
RESULT: {"using":"xpath","value":"//span[text()='Provide to site - Completed']"}
COMMAND: POST /session/10503a4dac92bcb2538d37e21df02b44/elements - {"using":"xpath","value":"//span[text()='Provide to site - Completed']"}
RESULT: {"using":"xpath","value":"//span[text()='Provide to site - Completed']"}
COMMAND: POST /session/10503a4dac92bcb2538d37e21df02b44/elements - {"using":"xpath","value":"//span[text()='Provide to site - Completed']"}
RESULT: {"using":"xpath","value":"//span[text()='Provide to site - Completed']"}
COMMAND: POST /session/10503a4dac92bcb2538d37e21df02b44/execute/async - {"script":"<script> [1562 bytes]","args":[{"selector":{"controlType":"sap.m.Button","viewName":"etm.portal.ui.managehandovers.view.DetailExecuteHO","i18NText":{"propertyName":"text","key":"pickQty"},"interaction":{"idSuffix":"BDI-content"}},"wdio_ui5_key":"etmportal.ui.managehandovers.view.DetailExecuteHOsap.m.Button{\"propertyName\":\"text\",\"key\":\"pickQty\"}"}]}
RESULT: {"script":"<script> [1562 bytes]","args":[{"selector":{"controlType":"sap.m.Button","viewName":"etm.portal.ui.managehandovers.view.DetailExecuteHO","i18NText":{"propertyName":"text","key":"pickQty"},"interaction":{"idSuffix":"BDI-content"}},"wdio_ui5_key":"etmportal.ui.managehandovers.view.DetailExecuteHOsap.m.Button{\"propertyName\":\"text\",\"key\":\"pickQty\"}"}]}
RESULT: undefined
COMMAND: POST /session/10503a4dac92bcb2538d37e21df02b44/execute/async - {"script":"<script> [1562 bytes]","args":[{"selector":{"controlType":"sap.m.Link","viewName":"etm.portal.ui.managehandovers.view.DetailExecuteHO","bindingPath":{"path":"","propertyPath":"/wmDoc","modelName":"warehouseMovModel"}},"wdio_ui5_key":"etmportal.ui.managehandovers.view.DetailExecuteHOsap.m.Link{\"path\":\"\",\"propertyPath\":\"/wmDoc\",\"modelName\":\"warehouseMovModel\"}"}]}
RESULT: {"script":"<script> [1562 bytes]","args":[{"selector":{"controlType":"sap.m.Link","viewName":"etm.portal.ui.managehandovers.view.DetailExecuteHO","bindingPath":{"path":"","propertyPath":"/wmDoc","modelName":"warehouseMovModel"}},"wdio_ui5_key":"etmportal.ui.managehandovers.view.DetailExecuteHOsap.m.Link{\"path\":\"\",\"propertyPath\":\"/wmDoc\",\"modelName\":\"warehouseMovModel\"}"}]}
RESULT: undefined
COMMAND: POST /session/10503a4dac92bcb2538d37e21df02b44/execute/async - {"script":"<script> [1562 bytes]","args":[{"selector":{"controlType":"sap.m.Link","viewName":"etm.portal.ui.managehandovers.view.DetailExecuteHO","properties":{"text":"Warehouse Overview"},"searchOpenDialogs":true},"wdio_ui5_key":"etmportal.ui.managehandovers.view.DetailExecuteHOsap.m.Link{\"text\":\"Warehouse Overview\"}"}]}
RESULT: {"script":"<script> [1562 bytes]","args":[{"selector":{"controlType":"sap.m.Link","viewName":"etm.portal.ui.managehandovers.view.DetailExecuteHO","properties":{"text":"Warehouse Overview"},"searchOpenDialogs":true},"wdio_ui5_key":"etmportal.ui.managehandovers.view.DetailExecuteHOsap.m.Link{\"text\":\"Warehouse Overview\"}"}]}
RESULT: undefined
COMMAND: POST /session/10503a4dac92bcb2538d37e21df02b44/execute/async - {"script":"<script> [1562 bytes]","args":[{"selector":{"controlType":"sap.m.Button","viewName":"etm.portal.ui.warehousemovements.view.DisplayMovement","viewId":"application-warehousemovements-display-component---displayMovement","i18NText":{"propertyName":"text","key":"execution"},"interaction":{"idSuffix":"BDI-content"}},"wdio_ui5_key":"etmportal.ui.warehousemovements.view.DisplayMovementsap.m.Button{\"propertyName\":\"text\",\"key\":\"execution\"}"}]}
RESULT: {"script":"<script> [1562 bytes]","args":[{"selector":{"controlType":"sap.m.Button","viewName":"etm.portal.ui.warehousemovements.view.DisplayMovement","viewId":"application-warehousemovements-display-component---displayMovement","i18NText":{"propertyName":"text","key":"execution"},"interaction":{"idSuffix":"BDI-content"}},"wdio_ui5_key":"etmportal.ui.warehousemovements.view.DisplayMovementsap.m.Button{\"propertyName\":\"text\",\"key\":\"execution\"}"}]}
RESULT: undefined
COMMAND: POST /session/10503a4dac92bcb2538d37e21df02b44/execute/async - {"script":"<script> [1562 bytes]","args":[{"selector":{"controlType":"sap.m.Button","viewName":"etm.portal.ui.warehousemovements.view.ExecuteMovement","viewId":"application-warehousemovements-display-component---executeMovement","properties":{"text":"Items"},"interaction":{"idSuffix":"BDI-content"}},"wdio_ui5_key":"etmportal.ui.warehousemovements.view.ExecuteMovementsap.m.Button{\"text\":\"Items\"}"}]}
RESULT: {"script":"<script> [1562 bytes]","args":[{"selector":{"controlType":"sap.m.Button","viewName":"etm.portal.ui.warehousemovements.view.ExecuteMovement","viewId":"application-warehousemovements-display-component---executeMovement","properties":{"text":"Items"},"interaction":{"idSuffix":"BDI-content"}},"wdio_ui5_key":"etmportal.ui.warehousemovements.view.ExecuteMovementsap.m.Button{\"text\":\"Items\"}"}]}
RESULT: undefined
COMMAND: POST /session/10503a4dac92bcb2538d37e21df02b44/execute/async - {"script":"<script> [1562 bytes]","args":[{"selector":{"controlType":"sap.m.ToggleButton","viewName":"etm.portal.ui.warehousemovements.view.ExecuteMovement","viewId":"application-warehousemovements-display-component---executeMovement","bindingPath":{"propertyPath":"STATUS","modelName":"catalogModel"},"interaction":{"idSuffix":"BDI-content"}},"wdio_ui5_key":"etmportal.ui.warehousemovements.view.ExecuteMovementsap.m.ToggleButton{\"propertyPath\":\"STATUS\",\"modelName\":\"catalogModel\"}"}]}
RESULT: {"script":"<script> [1562 bytes]","args":[{"selector":{"controlType":"sap.m.ToggleButton","viewName":"etm.portal.ui.warehousemovements.view.ExecuteMovement","viewId":"application-warehousemovements-display-component---executeMovement","bindingPath":{"propertyPath":"STATUS","modelName":"catalogModel"},"interaction":{"idSuffix":"BDI-content"}},"wdio_ui5_key":"etmportal.ui.warehousemovements.view.ExecuteMovementsap.m.ToggleButton{\"propertyPath\":\"STATUS\",\"modelName\":\"catalogModel\"}"}]}
RESULT: undefined
RESULT: undefined
RESULT: undefined
COMMAND: POST /session/10503a4dac92bcb2538d37e21df02b44/execute/async - {"script":"<script> [1562 bytes]","args":[{"selector":{"id":"application-warehousemovements-display-component---executeMovement--executeId","interaction":{"idSuffix":"BDI-content"}},"wdio_ui5_key":"applicationwarehousemovements-display-component---executeMovement--executeId"}]}
RESULT: {"script":"<script> [1562 bytes]","args":[{"selector":{"id":"application-warehousemovements-display-component---executeMovement--executeId","interaction":{"idSuffix":"BDI-content"}},"wdio_ui5_key":"applicationwarehousemovements-display-component---executeMovement--executeId"}]}
RESULT: undefined
COMMAND: POST /session/10503a4dac92bcb2538d37e21df02b44/element - {"using":"css selector","value":"#shell-header-logo"}
RESULT: {"using":"css selector","value":"#shell-header-logo"}
COMMAND: POST /session/10503a4dac92bcb2538d37e21df02b44/element/f.FDAF18A8ED6EACE6EA012090E3B5CAAE.d.410254D9D2F2ADC9CFD30CC06353FC20.e.7019/click - {}
RESULT: {}
COMMAND: GET /session/10503a4dac92bcb2538d37e21df02b44/screenshot - {}
RESULT: {}
RESULT: undefined
COMMAND: POST /session/10503a4dac92bcb2538d37e21df02b44/execute/async - {"script":"<script> [1562 bytes]","args":[{"selector":{"controlType":"sap.m.SearchField","viewName":"etm.portal.ui.managehandovers.view.MasterHO","bindingPath":{"propertyPath":"/_BASIC_SEARCH_FIELD","modelName":"fi1t3rM0d31"},"interaction":{"idSuffix":"I"}},"wdio_ui5_key":"etmportal.ui.managehandovers.view.MasterHOsap.m.SearchField{\"propertyPath\":\"/_BASIC_SEARCH_FIELD\",\"modelName\":\"fi1t3rM0d31\"}"}]}
RESULT: {"script":"<script> [1562 bytes]","args":[{"selector":{"controlType":"sap.m.SearchField","viewName":"etm.portal.ui.managehandovers.view.MasterHO","bindingPath":{"propertyPath":"/_BASIC_SEARCH_FIELD","modelName":"fi1t3rM0d31"},"interaction":{"idSuffix":"I"}},"wdio_ui5_key":"etmportal.ui.managehandovers.view.MasterHOsap.m.SearchField{\"propertyPath\":\"/_BASIC_SEARCH_FIELD\",\"modelName\":\"fi1t3rM0d31\"}"}]}
RESULT: undefined
COMMAND: POST /session/10503a4dac92bcb2538d37e21df02b44/actions - {"actions":[{"id":"action35","type":"key","parameters":{},"actions":[{"type":"keyDown","value":"î€‡"},{"type":"pause","duration":10},{"type":"keyUp","value":"î€‡"}]}]}
RESULT: {"actions":[{"id":"action35","type":"key","parameters":{},"actions":[{"type":"keyDown","value":"î€‡"},{"type":"pause","duration":10},{"type":"keyUp","value":"î€‡"}]}]}
COMMAND: GET /session/10503a4dac92bcb2538d37e21df02b44/screenshot - {}
RESULT: {}
COMMAND: POST /session/10503a4dac92bcb2538d37e21df02b44/execute/async - {"script":"<script> [1562 bytes]","args":[{"selector":{"controlType":"sap.ui.core.Icon","viewName":"etm.portal.ui.managehandovers.view.MasterHO","properties":{"src":{"regex":{"source":"slim\\-arrow\\-right"}}}},"wdio_ui5_key":"etmportal.ui.managehandovers.view.MasterHOsap.ui.core.Icon{\"src\":{\"regex\":{\"source\":\"slim\\\\-arrow\\\\-right\"}}}"}]}
RESULT: {"script":"<script> [1562 bytes]","args":[{"selector":{"controlType":"sap.ui.core.Icon","viewName":"etm.portal.ui.managehandovers.view.MasterHO","properties":{"src":{"regex":{"source":"slim\\-arrow\\-right"}}}},"wdio_ui5_key":"etmportal.ui.managehandovers.view.MasterHOsap.ui.core.Icon{\"src\":{\"regex\":{\"source\":\"slim\\\\-arrow\\\\-right\"}}}"}]}
RESULT: undefined
COMMAND: POST /session/10503a4dac92bcb2538d37e21df02b44/execute/async - {"script":"<script> [1562 bytes]","args":[{"selector":{"controlType":"sap.m.Button","viewName":"etm.portal.ui.managehandovers.view.DetailExecuteHO","i18NText":{"propertyName":"text","key":"confirmAll"},"interaction":{"idSuffix":"BDI-content"}},"wdio_ui5_key":"etmportal.ui.managehandovers.view.DetailExecuteHOsap.m.Button{\"propertyName\":\"text\",\"key\":\"confirmAll\"}"}]}
RESULT: {"script":"<script> [1562 bytes]","args":[{"selector":{"controlType":"sap.m.Button","viewName":"etm.portal.ui.managehandovers.view.DetailExecuteHO","i18NText":{"propertyName":"text","key":"confirmAll"},"interaction":{"idSuffix":"BDI-content"}},"wdio_ui5_key":"etmportal.ui.managehandovers.view.DetailExecuteHOsap.m.Button{\"propertyName\":\"text\",\"key\":\"confirmAll\"}"}]}
RESULT: undefined
COMMAND: POST /session/10503a4dac92bcb2538d37e21df02b44/actions - {"actions":[{"id":"action36","type":"key","parameters":{},"actions":[{"type":"keyDown","value":"î€‡"},{"type":"pause","duration":10},{"type":"keyUp","value":"î€‡"}]}]}
RESULT: {"actions":[{"id":"action36","type":"key","parameters":{},"actions":[{"type":"keyDown","value":"î€‡"},{"type":"pause","duration":10},{"type":"keyUp","value":"î€‡"}]}]}
COMMAND: GET /session/10503a4dac92bcb2538d37e21df02b44/screenshot - {}
RESULT: {}
COMMAND: POST /session/10503a4dac92bcb2538d37e21df02b44/execute/async - {"script":"<script> [1562 bytes]","args":[{"selector":{"id":"confirmationButton","viewName":"etm.portal.ui.managehandovers.view.DetailExecuteHO","properties":{"text":"Issue"},"interaction":{"idSuffix":"BDI-content"}},"wdio_ui5_key":"confirmationButtonetmportal.ui.managehandovers.view.DetailExecuteHO{\"text\":\"Issue\"}"}]}
RESULT: {"script":"<script> [1562 bytes]","args":[{"selector":{"id":"confirmationButton","viewName":"etm.portal.ui.managehandovers.view.DetailExecuteHO","properties":{"text":"Issue"},"interaction":{"idSuffix":"BDI-content"}},"wdio_ui5_key":"confirmationButtonetmportal.ui.managehandovers.view.DetailExecuteHO{\"text\":\"Issue\"}"}]}
RESULT: undefined
RESULT: undefined
COMMAND: POST /session/10503a4dac92bcb2538d37e21df02b44/actions - {"actions":[{"id":"action37","type":"key","parameters":{},"actions":[{"type":"keyDown","value":"î€‡"},{"type":"pause","duration":10},{"type":"keyUp","value":"î€‡"}]}]}
RESULT: {"actions":[{"id":"action37","type":"key","parameters":{},"actions":[{"type":"keyDown","value":"î€‡"},{"type":"pause","duration":10},{"type":"keyUp","value":"î€‡"}]}]}
COMMAND: GET /session/10503a4dac92bcb2538d37e21df02b44/screenshot - {}
RESULT: {}
RESULT: undefined
COMMAND: POST /session/10503a4dac92bcb2538d37e21df02b44/execute/async - {"script":"<script> [1562 bytes]","args":[{"selector":{"id":"instructionsTabFilter","viewName":"etm.portal.ui.managehandovers.view.DetailExecuteHO","interaction":{"idSuffix":"text"}},"wdio_ui5_key":"instructionsTabFilteretmportal.ui.managehandovers.view.DetailExecuteHO"}]}
RESULT: {"script":"<script> [1562 bytes]","args":[{"selector":{"id":"instructionsTabFilter","viewName":"etm.portal.ui.managehandovers.view.DetailExecuteHO","interaction":{"idSuffix":"text"}},"wdio_ui5_key":"instructionsTabFilteretmportal.ui.managehandovers.view.DetailExecuteHO"}]}
RESULT: undefined
RESULT: undefined
COMMAND: POST /session/10503a4dac92bcb2538d37e21df02b44/execute/async - {"script":"<script> [1562 bytes]","args":[{"selector":{"controlType":"sap.m.ComboBox","viewName":"etm.portal.ui.managehandovers.view.DetailExecuteHO","bindingPath":{"propertyPath":"RECEIVING_SECTION","modelName":"catalogModel"},"interaction":{"idSuffix":"inner"}},"wdio_ui5_key":"etmportal.ui.managehandovers.view.DetailExecuteHOsap.m.ComboBox{\"propertyPath\":\"RECEIVING_SECTION\",\"modelName\":\"catalogModel\"}"}]}
RESULT: {"script":"<script> [1562 bytes]","args":[{"selector":{"controlType":"sap.m.ComboBox","viewName":"etm.portal.ui.managehandovers.view.DetailExecuteHO","bindingPath":{"propertyPath":"RECEIVING_SECTION","modelName":"catalogModel"},"interaction":{"idSuffix":"inner"}},"wdio_ui5_key":"etmportal.ui.managehandovers.view.DetailExecuteHOsap.m.ComboBox{\"propertyPath\":\"RECEIVING_SECTION\",\"modelName\":\"catalogModel\"}"}]}
RESULT: undefined
COMMAND: POST /session/10503a4dac92bcb2538d37e21df02b44/actions - {"actions":[{"id":"action38","type":"key","parameters":{},"actions":[{"type":"keyDown","value":"î€‡"},{"type":"pause","duration":10},{"type":"keyUp","value":"î€‡"}]}]}
RESULT: {"actions":[{"id":"action38","type":"key","parameters":{},"actions":[{"type":"keyDown","value":"î€‡"},{"type":"pause","duration":10},{"type":"keyUp","value":"î€‡"}]}]}
COMMAND: GET /session/10503a4dac92bcb2538d37e21df02b44/screenshot - {}
RESULT: {}
COMMAND: POST /session/10503a4dac92bcb2538d37e21df02b44/execute/async - {"script":"<script> [1562 bytes]","args":[{"selector":{"id":"confirmationButton","viewName":"etm.portal.ui.managehandovers.view.DetailExecuteHO","properties":{"text":"Receive"},"interaction":{"idSuffix":"BDI-content"}},"wdio_ui5_key":"confirmationButtonetmportal.ui.managehandovers.view.DetailExecuteHO{\"text\":\"Receive\"}"}]}
RESULT: {"script":"<script> [1562 bytes]","args":[{"selector":{"id":"confirmationButton","viewName":"etm.portal.ui.managehandovers.view.DetailExecuteHO","properties":{"text":"Receive"},"interaction":{"idSuffix":"BDI-content"}},"wdio_ui5_key":"confirmationButtonetmportal.ui.managehandovers.view.DetailExecuteHO{\"text\":\"Receive\"}"}]}
RESULT: undefined
COMMAND: POST /session/10503a4dac92bcb2538d37e21df02b44/execute/async - {"script":"<script> [1562 bytes]","args":[{"selector":{"controlType":"sap.m.Button","properties":{"text":"Continue"},"searchOpenDialogs":true,"interaction":{"idSuffix":"content"}},"wdio_ui5_key":"sapm.Button{\"text\":\"Continue\"}"}]}
RESULT: {"script":"<script> [1562 bytes]","args":[{"selector":{"controlType":"sap.m.Button","properties":{"text":"Continue"},"searchOpenDialogs":true,"interaction":{"idSuffix":"content"}},"wdio_ui5_key":"sapm.Button{\"text\":\"Continue\"}"}]}
RESULT: undefined
COMMAND: POST /session/10503a4dac92bcb2538d37e21df02b44/element - {"using":"css selector","value":"#j_username"}
COMMAND: POST /session/10503a4dac92bcb2538d37e21df02b44/url - {"url":"https://qa-testing-00-live-etm-ui.cfapps.eu10-004.hana.ondemand.com/"}
COMMAND: GET /session/10503a4dac92bcb2538d37e21df02b44/screenshot - {}
RESULT: {"using":"css selector","value":"#j_username"}
COMMAND: POST /session/10503a4dac92bcb2538d37e21df02b44/element - {"using":"css selector","value":"#j_username"}
RESULT: {"url":"https://qa-testing-00-live-etm-ui.cfapps.eu10-004.hana.ondemand.com/"}
RESULT: undefined
COMMAND: GET /session/10503a4dac92bcb2538d37e21df02b44/screenshot - {}
RESULT: {}
RESULT: {"using":"css selector","value":"#j_username"}
COMMAND: POST /session/10503a4dac92bcb2538d37e21df02b44/element - {"using":"css selector","value":"#shell-header-logo"}
RESULT: {}
RESULT: {"using":"css selector","value":"#shell-header-logo"}
COMMAND: POST /session/10503a4dac92bcb2538d37e21df02b44/execute/sync - {"script":"<script> [8489 bytes]","args":[{"element-6066-11e4-a52e-4f735466cecf":"f.FDAF18A8ED6EACE6EA012090E3B5CAAE.d.87799DC6C5CA27EC246C2093782951BC.e.7716","ELEMENT":"f.FDAF18A8ED6EACE6EA012090E3B5CAAE.d.87799DC6C5CA27EC246C2093782951BC.e.7716"}]}
RESULT: {"script":"<script> [8489 bytes]","args":[{"element-6066-11e4-a52e-4f735466cecf":"f.FDAF18A8ED6EACE6EA012090E3B5CAAE.d.87799DC6C5CA27EC246C2093782951BC.e.7716","ELEMENT":"f.FDAF18A8ED6EACE6EA012090E3B5CAAE.d.87799DC6C5CA27EC246C2093782951BC.e.7716"}]}
COMMAND: POST /session/10503a4dac92bcb2538d37e21df02b44/element - {"using":"css selector","value":"#shell-header-logo"}
COMMAND: GET /session/10503a4dac92bcb2538d37e21df02b44/screenshot - {}
RESULT: {"using":"css selector","value":"#shell-header-logo"}
COMMAND: POST /session/10503a4dac92bcb2538d37e21df02b44/execute/sync - {"script":"<script> [8489 bytes]","args":[{"element-6066-11e4-a52e-4f735466cecf":"f.FDAF18A8ED6EACE6EA012090E3B5CAAE.d.87799DC6C5CA27EC246C2093782951BC.e.7716","ELEMENT":"f.FDAF18A8ED6EACE6EA012090E3B5CAAE.d.87799DC6C5CA27EC246C2093782951BC.e.7716"}]}
RESULT: {}
RESULT: {"script":"<script> [8489 bytes]","args":[{"element-6066-11e4-a52e-4f735466cecf":"f.FDAF18A8ED6EACE6EA012090E3B5CAAE.d.87799DC6C5CA27EC246C2093782951BC.e.7716","ELEMENT":"f.FDAF18A8ED6EACE6EA012090E3B5CAAE.d.87799DC6C5CA27EC246C2093782951BC.e.7716"}]}
COMMAND: POST /session/10503a4dac92bcb2538d37e21df02b44/execute/sync - {"script":"<script> [5351 bytes]","args":[{"element-6066-11e4-a52e-4f735466cecf":"f.FDAF18A8ED6EACE6EA012090E3B5CAAE.d.87799DC6C5CA27EC246C2093782951BC.e.7716","ELEMENT":"f.FDAF18A8ED6EACE6EA012090E3B5CAAE.d.87799DC6C5CA27EC246C2093782951BC.e.7716"}]}
COMMAND: GET /session/10503a4dac92bcb2538d37e21df02b44/screenshot - {}
RESULT: {"script":"<script> [5351 bytes]","args":[{"element-6066-11e4-a52e-4f735466cecf":"f.FDAF18A8ED6EACE6EA012090E3B5CAAE.d.87799DC6C5CA27EC246C2093782951BC.e.7716","ELEMENT":"f.FDAF18A8ED6EACE6EA012090E3B5CAAE.d.87799DC6C5CA27EC246C2093782951BC.e.7716"}]}
COMMAND: POST /session/10503a4dac92bcb2538d37e21df02b44/element - {"using":"css selector","value":"#shell-header-logo"}
COMMAND: GET /session/10503a4dac92bcb2538d37e21df02b44/screenshot - {}
RESULT: {}
RESULT: {"using":"css selector","value":"#shell-header-logo"}
COMMAND: POST /session/10503a4dac92bcb2538d37e21df02b44/element/f.FDAF18A8ED6EACE6EA012090E3B5CAAE.d.87799DC6C5CA27EC246C2093782951BC.e.7716/click - {}
RESULT: {}
RESULT: {}
COMMAND: GET /session/10503a4dac92bcb2538d37e21df02b44/screenshot - {}
RESULT: {}
COMMAND: POST /session/10503a4dac92bcb2538d37e21df02b44/execute/async - {"script":"<script> [189 bytes]","args":[]}
RESULT: {"script":"<script> [189 bytes]","args":[]}
COMMAND: POST /session/10503a4dac92bcb2538d37e21df02b44/execute/async - {"script":"<script> [123 bytes]","args":[]}
RESULT: {"script":"<script> [123 bytes]","args":[]}
COMMAND: POST /session/10503a4dac92bcb2538d37e21df02b44/timeouts - {"script":"<number>"}
RESULT: {"script":"<number>"}
COMMAND: GET /session/10503a4dac92bcb2538d37e21df02b44/timeouts - {}
RESULT: {}
RESULT: undefined
COMMAND: POST /session/10503a4dac92bcb2538d37e21df02b44/execute/async - {"script":"<script> [2676 bytes]","args":[]}
RESULT: {"script":"<script> [2676 bytes]","args":[]}
COMMAND: POST /session/10503a4dac92bcb2538d37e21df02b44/execute/async - {"script":"<script> [2342 bytes]","args":[{"protocol":"http","hostname":"0.0.0.0","path":"/","capabilities":{"browserName":"chrome","goog:chromeOptions":{"binary":"C:\\Program Files\\Google\\Chrome\\Application\\chrome.exe","args":["--start-maximized"]}},"logLevel":"warn","connectionRetryTimeout":120000,"connectionRetryCount":3,"logLevels":{},"enableDirectConnect":true,"strictSSL":true,"_":"65 more keys: [\"cacheDir\",\"port\",\"requestedCapabilities\",\"automationProtocol\",\"baseUrl\",\"waitforInterval\",\"waitforTimeout\",\"onReload\",\"beforeCommand\",\"afterCommand\",\"rootDir\",\"specs\",\"suites\",\"exclude\",\"groupLogsByTestSpec\",\"excludeDriverLogs\",\"bail\",\"framework\",\"reporters\",\"services\",\"maxInstances\",\"maxInstancesPerCapability\",\"injectGlobals\",\"filesToWatch\",\"execArgv\",\"runnerEnv\",\"runner\",\"shard\",\"specFileRetries\",\"specFileRetriesDelay\",\"specFileRetriesDeferred\",\"reporterSyncInterval\",\"reporterSyncTimeout\",\"cucumberFeaturesWithLineNumbers\",\"autoCompileOpts\",\"mochaOpts\",\"jasmineOpts\",\"cucumberOpts\",\"onPrepare\",\"onWorkerStart\",\"onWorkerEnd\",\"before\",\"beforeSession\",\"beforeSuite\",\"beforeHook\",\"beforeTest\",\"afterTest\",\"afterHook\",\"afterSuite\",\"afterSession\",\"after\",\"onComplete\",\"beforeAssertion\",\"afterAssertion\",\"beforeFeature\",\"beforeScenario\",\"beforeStep\",\"afterStep\",\"afterScenario\",\"afterFeature\",\"_\",\"suite\",\"$0\",\"ignoredWorkerServices\",\"wdi5\"]"}]}
RESULT: {"script":"<script> [2342 bytes]","args":[{"protocol":"http","hostname":"0.0.0.0","path":"/","capabilities":{"browserName":"chrome","goog:chromeOptions":{"binary":"C:\\Program Files\\Google\\Chrome\\Application\\chrome.exe","args":["--start-maximized"]}},"logLevel":"warn","connectionRetryTimeout":120000,"connectionRetryCount":3,"logLevels":{},"enableDirectConnect":true,"strictSSL":true,"_":"65 more keys: [\"cacheDir\",\"port\",\"requestedCapabilities\",\"automationProtocol\",\"baseUrl\",\"waitforInterval\",\"waitforTimeout\",\"onReload\",\"beforeCommand\",\"afterCommand\",\"rootDir\",\"specs\",\"suites\",\"exclude\",\"groupLogsByTestSpec\",\"excludeDriverLogs\",\"bail\",\"framework\",\"reporters\",\"services\",\"maxInstances\",\"maxInstancesPerCapability\",\"injectGlobals\",\"filesToWatch\",\"execArgv\",\"runnerEnv\",\"runner\",\"shard\",\"specFileRetries\",\"specFileRetriesDelay\",\"specFileRetriesDeferred\",\"reporterSyncInterval\",\"reporterSyncTimeout\",\"cucumberFeaturesWithLineNumbers\",\"autoCompileOpts\",\"mochaOpts\",\"jasmineOpts\",\"cucumberOpts\",\"onPrepare\",\"onWorkerStart\",\"onWorkerEnd\",\"before\",\"beforeSession\",\"beforeSuite\",\"beforeHook\",\"beforeTest\",\"afterTest\",\"afterHook\",\"afterSuite\",\"afterSession\",\"after\",\"onComplete\",\"beforeAssertion\",\"afterAssertion\",\"beforeFeature\",\"beforeScenario\",\"beforeStep\",\"afterStep\",\"afterScenario\",\"afterFeature\",\"_\",\"suite\",\"$0\",\"ignoredWorkerServices\",\"wdi5\"]"}]}
COMMAND: POST /session/10503a4dac92bcb2538d37e21df02b44/execute/async - {"script":"<script> [21126 bytes]","args":[35000]}
RESULT: {"script":"<script> [21126 bytes]","args":[35000]}
COMMAND: POST /session/10503a4dac92bcb2538d37e21df02b44/window/maximize - {}
RESULT: {}
COMMAND: POST /session/10503a4dac92bcb2538d37e21df02b44/execute/async - {"script":"<script> [1562 bytes]","args":[{"selector":{"id":"shell-header","interaction":{"idSuffix":"icon"}},"wdio_ui5_key":"shellheader"}]}
COMMAND: GET /session/10503a4dac92bcb2538d37e21df02b44/screenshot - {}
RESULT: {"script":"<script> [1562 bytes]","args":[{"selector":{"id":"shell-header","interaction":{"idSuffix":"icon"}},"wdio_ui5_key":"shellheader"}]}
RESULT: undefined
]]></system-out>
    </testcase>
  </testsuite>
  <testsuite timestamp="2025-05-03T17:22:50" time="347.882" tests="6" failures="0" errors="0" skipped="0">
    <properties>
      <property name="specId" value="0" />
      <property name="suiteName" value="Return from Site w/ warehouse management w/ clarification US125588" />
      <property name="capabilities" value="chrome.135_0_7049_96.windows" />
      <property name="file" value="file:///D:/a/1/s/test/specs/HTR/return-from-site-w-warehouse-management-w-clarification.spec.js" />
    </properties>
    <testcase classname="chrome.135_0_7049_96.windows.Return_from_Site_w/_warehouse_management_w/_clarification_US125588" name="Should create a WHM yard" time="89.161">
      <system-out><![CDATA[
COMMAND: POST /session/10503a4dac92bcb2538d37e21df02b44/execute/async - {"script":"<script> [1562 bytes]","args":[{"selector":{"controlType":"sap.m.GenericTile","properties":{"header":"Manage Yards"}},"wdio_ui5_key":"sapm.GenericTile{\"header\":\"Manage Yards\"}"}]}
RESULT: {}
RESULT: {"script":"<script> [1562 bytes]","args":[{"selector":{"controlType":"sap.m.GenericTile","properties":{"header":"Manage Yards"}},"wdio_ui5_key":"sapm.GenericTile{\"header\":\"Manage Yards\"}"}]}
RESULT: undefined
COMMAND: POST /session/10503a4dac92bcb2538d37e21df02b44/element - {"using":"xpath","value":"//*[@id=\"__tile41\"]"}
RESULT: {"using":"xpath","value":"//*[@id=\"__tile41\"]"}
COMMAND: POST /session/10503a4dac92bcb2538d37e21df02b44/element/f.FDAF18A8ED6EACE6EA012090E3B5CAAE.d.87799DC6C5CA27EC246C2093782951BC.e.7721/click - {}
RESULT: {}
COMMAND: POST /session/10503a4dac92bcb2538d37e21df02b44/execute/async - {"script":"<script> [1562 bytes]","args":[{"selector":{"controlType":"sap.ui.core.Icon","viewName":"etm.portal.ui.manageyards.view.Master","viewId":"application-manageyards-display-component---masterYard","properties":{"src":{"regex":{"source":"add"}}}},"wdio_ui5_key":"etmportal.ui.manageyards.view.Mastersap.ui.core.Icon{\"src\":{\"regex\":{\"source\":\"add\"}}}"}]}
COMMAND: GET /session/10503a4dac92bcb2538d37e21df02b44/screenshot - {}
RESULT: {"script":"<script> [1562 bytes]","args":[{"selector":{"controlType":"sap.ui.core.Icon","viewName":"etm.portal.ui.manageyards.view.Master","viewId":"application-manageyards-display-component---masterYard","properties":{"src":{"regex":{"source":"add"}}}},"wdio_ui5_key":"etmportal.ui.manageyards.view.Mastersap.ui.core.Icon{\"src\":{\"regex\":{\"source\":\"add\"}}}"}]}
RESULT: undefined
COMMAND: POST /session/10503a4dac92bcb2538d37e21df02b44/element - {"using":"xpath","value":"//*[@id=\"__button4-img\"]"}
RESULT: {}
RESULT: {"using":"xpath","value":"//*[@id=\"__button4-img\"]"}
COMMAND: POST /session/10503a4dac92bcb2538d37e21df02b44/element/f.FDAF18A8ED6EACE6EA012090E3B5CAAE.d.87799DC6C5CA27EC246C2093782951BC.e.7767/click - {}
RESULT: {}
COMMAND: POST /session/10503a4dac92bcb2538d37e21df02b44/execute/async - {"script":"<script> [1562 bytes]","args":[{"selector":{"id":"application-manageyards-display-component---NewYard--addressDetailDetailsName1","interaction":{"idSuffix":"inner"}},"wdio_ui5_key":"applicationmanageyards-display-component---NewYard--addressDetailDetailsName1"}]}
COMMAND: GET /session/10503a4dac92bcb2538d37e21df02b44/screenshot - {}
RESULT: {"script":"<script> [1562 bytes]","args":[{"selector":{"id":"application-manageyards-display-component---NewYard--addressDetailDetailsName1","interaction":{"idSuffix":"inner"}},"wdio_ui5_key":"applicationmanageyards-display-component---NewYard--addressDetailDetailsName1"}]}
RESULT: undefined
COMMAND: POST /session/10503a4dac92bcb2538d37e21df02b44/execute/async - {"script":"<script> [776 bytes]","args":[{"enterText":"warehouse managed Yard","selector":{"id":"application-manageyards-display-component---NewYard--addressDetailDetailsName1","interaction":{"idSuffix":"inner"}},"clearTextFirst":true,"interactionType":"ENTER_TEXT"}]}
RESULT: {}
RESULT: {"script":"<script> [776 bytes]","args":[{"enterText":"warehouse managed Yard","selector":{"id":"application-manageyards-display-component---NewYard--addressDetailDetailsName1","interaction":{"idSuffix":"inner"}},"clearTextFirst":true,"interactionType":"ENTER_TEXT"}]}
COMMAND: POST /session/10503a4dac92bcb2538d37e21df02b44/execute/async - {"script":"<script> [1562 bytes]","args":[{"selector":{"id":"application-manageyards-display-component---NewYard--addressDetailDetailsLanguage-arrow"},"wdio_ui5_key":"applicationmanageyards-display-component---NewYard--addressDetailDetailsLanguage-arrow"}]}
RESULT: {"script":"<script> [1562 bytes]","args":[{"selector":{"id":"application-manageyards-display-component---NewYard--addressDetailDetailsLanguage-arrow"},"wdio_ui5_key":"applicationmanageyards-display-component---NewYard--addressDetailDetailsLanguage-arrow"}]}
RESULT: undefined
COMMAND: POST /session/10503a4dac92bcb2538d37e21df02b44/element - {"using":"xpath","value":"//*[@id=\"application-manageyards-display-component---NewYard--addressDetailDetailsLanguage-arrow\"]"}
RESULT: {"using":"xpath","value":"//*[@id=\"application-manageyards-display-component---NewYard--addressDetailDetailsLanguage-arrow\"]"}
COMMAND: POST /session/10503a4dac92bcb2538d37e21df02b44/element/f.FDAF18A8ED6EACE6EA012090E3B5CAAE.d.87799DC6C5CA27EC246C2093782951BC.e.8175/click - {}
RESULT: {}
COMMAND: POST /session/10503a4dac92bcb2538d37e21df02b44/execute/async - {"script":"<script> [1562 bytes]","args":[{"selector":{"controlType":"sap.m.StandardListItem","viewName":"etm.portal.ui.manageyards.view.New","viewId":"application-manageyards-display-component---NewYard","properties":{"title":"English"},"searchOpenDialogs":true,"interaction":{"idSuffix":"content"}},"wdio_ui5_key":"etmportal.ui.manageyards.view.Newsap.m.StandardListItem{\"title\":\"English\"}"}]}
COMMAND: GET /session/10503a4dac92bcb2538d37e21df02b44/screenshot - {}
RESULT: {"script":"<script> [1562 bytes]","args":[{"selector":{"controlType":"sap.m.StandardListItem","viewName":"etm.portal.ui.manageyards.view.New","viewId":"application-manageyards-display-component---NewYard","properties":{"title":"English"},"searchOpenDialogs":true,"interaction":{"idSuffix":"content"}},"wdio_ui5_key":"etmportal.ui.manageyards.view.Newsap.m.StandardListItem{\"title\":\"English\"}"}]}
RESULT: undefined
COMMAND: POST /session/10503a4dac92bcb2538d37e21df02b44/element - {"using":"xpath","value":"//*[@id=\"__item101\"]"}
RESULT: {}
RESULT: {"using":"xpath","value":"//*[@id=\"__item101\"]"}
COMMAND: POST /session/10503a4dac92bcb2538d37e21df02b44/element/f.FDAF18A8ED6EACE6EA012090E3B5CAAE.d.87799DC6C5CA27EC246C2093782951BC.e.8177/click - {}
RESULT: {}
COMMAND: POST /session/10503a4dac92bcb2538d37e21df02b44/execute/async - {"script":"<script> [1562 bytes]","args":[{"selector":{"id":"application-manageyards-display-component---NewYard--addressDetailDetailsCity1","interaction":{"idSuffix":"inner"}},"wdio_ui5_key":"applicationmanageyards-display-component---NewYard--addressDetailDetailsCity1"}]}
COMMAND: GET /session/10503a4dac92bcb2538d37e21df02b44/screenshot - {}
RESULT: {"script":"<script> [1562 bytes]","args":[{"selector":{"id":"application-manageyards-display-component---NewYard--addressDetailDetailsCity1","interaction":{"idSuffix":"inner"}},"wdio_ui5_key":"applicationmanageyards-display-component---NewYard--addressDetailDetailsCity1"}]}
RESULT: undefined
COMMAND: POST /session/10503a4dac92bcb2538d37e21df02b44/execute/async - {"script":"<script> [776 bytes]","args":[{"enterText":"Rosario","selector":{"id":"application-manageyards-display-component---NewYard--addressDetailDetailsCity1","interaction":{"idSuffix":"inner"}},"clearTextFirst":true,"interactionType":"ENTER_TEXT"}]}
RESULT: {}
RESULT: {"script":"<script> [776 bytes]","args":[{"enterText":"Rosario","selector":{"id":"application-manageyards-display-component---NewYard--addressDetailDetailsCity1","interaction":{"idSuffix":"inner"}},"clearTextFirst":true,"interactionType":"ENTER_TEXT"}]}
COMMAND: POST /session/10503a4dac92bcb2538d37e21df02b44/execute/async - {"script":"<script> [1562 bytes]","args":[{"selector":{"id":"application-manageyards-display-component---NewYard--addressDetailDetailsCountry-arrow"},"wdio_ui5_key":"applicationmanageyards-display-component---NewYard--addressDetailDetailsCountry-arrow"}]}
RESULT: {"script":"<script> [1562 bytes]","args":[{"selector":{"id":"application-manageyards-display-component---NewYard--addressDetailDetailsCountry-arrow"},"wdio_ui5_key":"applicationmanageyards-display-component---NewYard--addressDetailDetailsCountry-arrow"}]}
RESULT: undefined
COMMAND: POST /session/10503a4dac92bcb2538d37e21df02b44/element - {"using":"xpath","value":"//*[@id=\"application-manageyards-display-component---NewYard--addressDetailDetailsCountry-arrow\"]"}
RESULT: {"using":"xpath","value":"//*[@id=\"application-manageyards-display-component---NewYard--addressDetailDetailsCountry-arrow\"]"}
COMMAND: POST /session/10503a4dac92bcb2538d37e21df02b44/element/f.FDAF18A8ED6EACE6EA012090E3B5CAAE.d.87799DC6C5CA27EC246C2093782951BC.e.8160/click - {}
RESULT: {}
COMMAND: POST /session/10503a4dac92bcb2538d37e21df02b44/execute/async - {"script":"<script> [1562 bytes]","args":[{"selector":{"controlType":"sap.m.StandardListItem","viewName":"etm.portal.ui.manageyards.view.New","viewId":"application-manageyards-display-component---NewYard","properties":{"title":"Argentina"},"searchOpenDialogs":true,"interaction":{"idSuffix":"content"}},"wdio_ui5_key":"etmportal.ui.manageyards.view.Newsap.m.StandardListItem{\"title\":\"Argentina\"}"}]}
COMMAND: GET /session/10503a4dac92bcb2538d37e21df02b44/screenshot - {}
RESULT: {"script":"<script> [1562 bytes]","args":[{"selector":{"controlType":"sap.m.StandardListItem","viewName":"etm.portal.ui.manageyards.view.New","viewId":"application-manageyards-display-component---NewYard","properties":{"title":"Argentina"},"searchOpenDialogs":true,"interaction":{"idSuffix":"content"}},"wdio_ui5_key":"etmportal.ui.manageyards.view.Newsap.m.StandardListItem{\"title\":\"Argentina\"}"}]}
RESULT: undefined
COMMAND: POST /session/10503a4dac92bcb2538d37e21df02b44/element - {"using":"xpath","value":"//*[@id=\"__item144\"]"}
RESULT: {}
RESULT: {"using":"xpath","value":"//*[@id=\"__item144\"]"}
COMMAND: POST /session/10503a4dac92bcb2538d37e21df02b44/element/f.FDAF18A8ED6EACE6EA012090E3B5CAAE.d.87799DC6C5CA27EC246C2093782951BC.e.8181/click - {}
RESULT: {}
COMMAND: POST /session/10503a4dac92bcb2538d37e21df02b44/execute/async - {"script":"<script> [1562 bytes]","args":[{"selector":{"controlType":"sap.m.Button","viewName":"etm.portal.ui.manageyards.view.New","viewId":"application-manageyards-display-component---NewYard","properties":{"text":"Commercial"},"interaction":{"idSuffix":"BDI-content"}},"wdio_ui5_key":"etmportal.ui.manageyards.view.Newsap.m.Button{\"text\":\"Commercial\"}"}]}
COMMAND: GET /session/10503a4dac92bcb2538d37e21df02b44/screenshot - {}
RESULT: {"script":"<script> [1562 bytes]","args":[{"selector":{"controlType":"sap.m.Button","viewName":"etm.portal.ui.manageyards.view.New","viewId":"application-manageyards-display-component---NewYard","properties":{"text":"Commercial"},"interaction":{"idSuffix":"BDI-content"}},"wdio_ui5_key":"etmportal.ui.manageyards.view.Newsap.m.Button{\"text\":\"Commercial\"}"}]}
RESULT: undefined
COMMAND: POST /session/10503a4dac92bcb2538d37e21df02b44/element - {"using":"xpath","value":"//*[@id=\"application-manageyards-display-component---NewYard--ObjectPageLayout-anchBar-__section5-anchor\"]"}
RESULT: {}
RESULT: {"using":"xpath","value":"//*[@id=\"application-manageyards-display-component---NewYard--ObjectPageLayout-anchBar-__section5-anchor\"]"}
COMMAND: POST /session/10503a4dac92bcb2538d37e21df02b44/element/f.FDAF18A8ED6EACE6EA012090E3B5CAAE.d.87799DC6C5CA27EC246C2093782951BC.e.8183/click - {}
RESULT: {}
COMMAND: GET /session/10503a4dac92bcb2538d37e21df02b44/screenshot - {}
RESULT: {}
COMMAND: POST /session/10503a4dac92bcb2538d37e21df02b44/execute/async - {"script":"<script> [1562 bytes]","args":[{"selector":{"id":"application-manageyards-display-component---NewYard--addressEditDetailsCostObjectCstType-arrow"},"wdio_ui5_key":"applicationmanageyards-display-component---NewYard--addressEditDetailsCostObjectCstType-arrow"}]}
RESULT: {"script":"<script> [1562 bytes]","args":[{"selector":{"id":"application-manageyards-display-component---NewYard--addressEditDetailsCostObjectCstType-arrow"},"wdio_ui5_key":"applicationmanageyards-display-component---NewYard--addressEditDetailsCostObjectCstType-arrow"}]}
RESULT: undefined
COMMAND: POST /session/10503a4dac92bcb2538d37e21df02b44/element - {"using":"xpath","value":"//*[@id=\"application-manageyards-display-component---NewYard--addressEditDetailsCostObjectCstType-arrow\"]"}
RESULT: {"using":"xpath","value":"//*[@id=\"application-manageyards-display-component---NewYard--addressEditDetailsCostObjectCstType-arrow\"]"}
COMMAND: POST /session/10503a4dac92bcb2538d37e21df02b44/element/f.FDAF18A8ED6EACE6EA012090E3B5CAAE.d.87799DC6C5CA27EC246C2093782951BC.e.8192/click - {}
RESULT: {}
COMMAND: GET /session/10503a4dac92bcb2538d37e21df02b44/screenshot - {}
RESULT: {}
COMMAND: POST /session/10503a4dac92bcb2538d37e21df02b44/execute/async - {"script":"<script> [1562 bytes]","args":[{"selector":{"controlType":"sap.m.StandardListItem","viewName":"etm.portal.ui.manageyards.view.New","viewId":"application-manageyards-display-component---NewYard","properties":{"title":"Cost Center"},"searchOpenDialogs":true,"interaction":{"idSuffix":"titleText"}},"wdio_ui5_key":"etmportal.ui.manageyards.view.Newsap.m.StandardListItem{\"title\":\"Cost Center\"}"}]}
RESULT: {"script":"<script> [1562 bytes]","args":[{"selector":{"controlType":"sap.m.StandardListItem","viewName":"etm.portal.ui.manageyards.view.New","viewId":"application-manageyards-display-component---NewYard","properties":{"title":"Cost Center"},"searchOpenDialogs":true,"interaction":{"idSuffix":"titleText"}},"wdio_ui5_key":"etmportal.ui.manageyards.view.Newsap.m.StandardListItem{\"title\":\"Cost Center\"}"}]}
RESULT: undefined
COMMAND: POST /session/10503a4dac92bcb2538d37e21df02b44/element - {"using":"xpath","value":"//*[@id=\"__item234\"]"}
RESULT: {"using":"xpath","value":"//*[@id=\"__item234\"]"}
COMMAND: POST /session/10503a4dac92bcb2538d37e21df02b44/element/f.FDAF18A8ED6EACE6EA012090E3B5CAAE.d.87799DC6C5CA27EC246C2093782951BC.e.8194/click - {}
RESULT: {}
COMMAND: POST /session/10503a4dac92bcb2538d37e21df02b44/element - {"using":"xpath","value":"//input[@id=\"application-manageyards-display-component---NewYard--addressNewCostObjectCstID-inner\"]"}
COMMAND: GET /session/10503a4dac92bcb2538d37e21df02b44/screenshot - {}
RESULT: {"using":"xpath","value":"//input[@id=\"application-manageyards-display-component---NewYard--addressNewCostObjectCstID-inner\"]"}
COMMAND: POST /session/10503a4dac92bcb2538d37e21df02b44/element/f.FDAF18A8ED6EACE6EA012090E3B5CAAE.d.87799DC6C5CA27EC246C2093782951BC.e.7995/clear - {}
RESULT: {}
COMMAND: POST /session/10503a4dac92bcb2538d37e21df02b44/element - {"using":"xpath","value":"//input[@id=\"application-manageyards-display-component---NewYard--addressNewCostObjectCstID-inner\"]"}
RESULT: {"using":"xpath","value":"//input[@id=\"application-manageyards-display-component---NewYard--addressNewCostObjectCstID-inner\"]"}
COMMAND: POST /session/10503a4dac92bcb2538d37e21df02b44/element/f.FDAF18A8ED6EACE6EA012090E3B5CAAE.d.87799DC6C5CA27EC246C2093782951BC.e.7995/clear - {}
COMMAND: POST /session/10503a4dac92bcb2538d37e21df02b44/element - {"using":"xpath","value":"//input[@id=\"application-manageyards-display-component---NewYard--addressNewCostObjectCstID-inner\"]"}
RESULT: {"using":"xpath","value":"//input[@id=\"application-manageyards-display-component---NewYard--addressNewCostObjectCstID-inner\"]"}
COMMAND: POST /session/10503a4dac92bcb2538d37e21df02b44/element/f.FDAF18A8ED6EACE6EA012090E3B5CAAE.d.87799DC6C5CA27EC246C2093782951BC.e.8197/clear - {}
COMMAND: POST /session/10503a4dac92bcb2538d37e21df02b44/element - {"using":"xpath","value":"//input[@id=\"application-manageyards-display-component---NewYard--addressNewCostObjectCstID-inner\"]"}
RESULT: {"using":"xpath","value":"//input[@id=\"application-manageyards-display-component---NewYard--addressNewCostObjectCstID-inner\"]"}
COMMAND: POST /session/10503a4dac92bcb2538d37e21df02b44/element/f.FDAF18A8ED6EACE6EA012090E3B5CAAE.d.87799DC6C5CA27EC246C2093782951BC.e.8197/clear - {}
COMMAND: POST /session/10503a4dac92bcb2538d37e21df02b44/element - {"using":"xpath","value":"//input[@id=\"application-manageyards-display-component---NewYard--addressNewCostObjectCstID-inner\"]"}
RESULT: {"using":"xpath","value":"//input[@id=\"application-manageyards-display-component---NewYard--addressNewCostObjectCstID-inner\"]"}
COMMAND: POST /session/10503a4dac92bcb2538d37e21df02b44/element/f.FDAF18A8ED6EACE6EA012090E3B5CAAE.d.87799DC6C5CA27EC246C2093782951BC.e.8199/clear - {}
RESULT: {}
COMMAND: POST /session/10503a4dac92bcb2538d37e21df02b44/element/f.FDAF18A8ED6EACE6EA012090E3B5CAAE.d.87799DC6C5CA27EC246C2093782951BC.e.8199/value - {"text":"10001013"}
COMMAND: GET /session/10503a4dac92bcb2538d37e21df02b44/screenshot - {}
RESULT: {"text":"10001013"}
COMMAND: GET /session/10503a4dac92bcb2538d37e21df02b44/screenshot - {}
RESULT: {}
RESULT: {}
COMMAND: POST /session/10503a4dac92bcb2538d37e21df02b44/execute/async - {"script":"<script> [1562 bytes]","args":[{"selector":{"controlType":"sap.m.StandardListItem","viewName":"etm.portal.ui.manageyards.view.New","viewId":"application-manageyards-display-component---NewYard","properties":{"type":"Active"},"searchOpenDialogs":true,"interaction":{"idSuffix":"titleText"}},"wdio_ui5_key":"etmportal.ui.manageyards.view.Newsap.m.StandardListItem{\"type\":\"Active\"}"}]}
RESULT: {"script":"<script> [1562 bytes]","args":[{"selector":{"controlType":"sap.m.StandardListItem","viewName":"etm.portal.ui.manageyards.view.New","viewId":"application-manageyards-display-component---NewYard","properties":{"type":"Active"},"searchOpenDialogs":true,"interaction":{"idSuffix":"titleText"}},"wdio_ui5_key":"etmportal.ui.manageyards.view.Newsap.m.StandardListItem{\"type\":\"Active\"}"}]}
RESULT: undefined
COMMAND: POST /session/10503a4dac92bcb2538d37e21df02b44/element - {"using":"xpath","value":"//*[@id=\"__item339\"]"}
RESULT: {"using":"xpath","value":"//*[@id=\"__item339\"]"}
COMMAND: POST /session/10503a4dac92bcb2538d37e21df02b44/element/f.FDAF18A8ED6EACE6EA012090E3B5CAAE.d.87799DC6C5CA27EC246C2093782951BC.e.8203/click - {}
RESULT: {}
COMMAND: POST /session/10503a4dac92bcb2538d37e21df02b44/execute/async - {"script":"<script> [1562 bytes]","args":[{"selector":{"id":"application-manageyards-display-component---NewYard--addressEditDetailsCurrency-arrow"},"wdio_ui5_key":"applicationmanageyards-display-component---NewYard--addressEditDetailsCurrency-arrow"}]}
COMMAND: GET /session/10503a4dac92bcb2538d37e21df02b44/screenshot - {}
RESULT: {"script":"<script> [1562 bytes]","args":[{"selector":{"id":"application-manageyards-display-component---NewYard--addressEditDetailsCurrency-arrow"},"wdio_ui5_key":"applicationmanageyards-display-component---NewYard--addressEditDetailsCurrency-arrow"}]}
RESULT: undefined
COMMAND: POST /session/10503a4dac92bcb2538d37e21df02b44/element - {"using":"xpath","value":"//*[@id=\"application-manageyards-display-component---NewYard--addressEditDetailsCurrency-arrow\"]"}
RESULT: {}
RESULT: {"using":"xpath","value":"//*[@id=\"application-manageyards-display-component---NewYard--addressEditDetailsCurrency-arrow\"]"}
COMMAND: POST /session/10503a4dac92bcb2538d37e21df02b44/element/f.FDAF18A8ED6EACE6EA012090E3B5CAAE.d.87799DC6C5CA27EC246C2093782951BC.e.8205/click - {}
RESULT: {}
COMMAND: POST /session/10503a4dac92bcb2538d37e21df02b44/execute/async - {"script":"<script> [1562 bytes]","args":[{"selector":{"controlType":"sap.m.StandardListItem","viewName":"etm.portal.ui.manageyards.view.New","viewId":"application-manageyards-display-component---NewYard","properties":{"title":"Euro"},"searchOpenDialogs":true,"interaction":{"idSuffix":"content"}},"wdio_ui5_key":"etmportal.ui.manageyards.view.Newsap.m.StandardListItem{\"title\":\"Euro\"}"}]}
COMMAND: GET /session/10503a4dac92bcb2538d37e21df02b44/screenshot - {}
RESULT: {"script":"<script> [1562 bytes]","args":[{"selector":{"controlType":"sap.m.StandardListItem","viewName":"etm.portal.ui.manageyards.view.New","viewId":"application-manageyards-display-component---NewYard","properties":{"title":"Euro"},"searchOpenDialogs":true,"interaction":{"idSuffix":"content"}},"wdio_ui5_key":"etmportal.ui.manageyards.view.Newsap.m.StandardListItem{\"title\":\"Euro\"}"}]}
RESULT: undefined
COMMAND: POST /session/10503a4dac92bcb2538d37e21df02b44/element - {"using":"xpath","value":"//*[@id=\"__item340\"]"}
RESULT: {}
RESULT: {"using":"xpath","value":"//*[@id=\"__item340\"]"}
COMMAND: POST /session/10503a4dac92bcb2538d37e21df02b44/element/f.FDAF18A8ED6EACE6EA012090E3B5CAAE.d.87799DC6C5CA27EC246C2093782951BC.e.8207/click - {}
RESULT: {}
COMMAND: POST /session/10503a4dac92bcb2538d37e21df02b44/execute/async - {"script":"<script> [1562 bytes]","args":[{"selector":{"controlType":"sap.m.Input","viewName":"etm.portal.ui.manageyards.view.New","viewId":"application-manageyards-display-component---NewYard","bindingPath":{"path":"","propertyPath":"/CONTROLLING_AREA","modelName":"NewYardModel"},"interaction":{"idSuffix":"inner"}},"wdio_ui5_key":"etmportal.ui.manageyards.view.Newsap.m.Input{\"path\":\"\",\"propertyPath\":\"/CONTROLLING_AREA\",\"modelName\":\"NewYardModel\"}"}]}
COMMAND: GET /session/10503a4dac92bcb2538d37e21df02b44/screenshot - {}
RESULT: {"script":"<script> [1562 bytes]","args":[{"selector":{"controlType":"sap.m.Input","viewName":"etm.portal.ui.manageyards.view.New","viewId":"application-manageyards-display-component---NewYard","bindingPath":{"path":"","propertyPath":"/CONTROLLING_AREA","modelName":"NewYardModel"},"interaction":{"idSuffix":"inner"}},"wdio_ui5_key":"etmportal.ui.manageyards.view.Newsap.m.Input{\"path\":\"\",\"propertyPath\":\"/CONTROLLING_AREA\",\"modelName\":\"NewYardModel\"}"}]}
RESULT: undefined
COMMAND: POST /session/10503a4dac92bcb2538d37e21df02b44/execute/async - {"script":"<script> [776 bytes]","args":[{"enterText":"Z001","selector":{"controlType":"sap.m.Input","viewName":"etm.portal.ui.manageyards.view.New","viewId":"application-manageyards-display-component---NewYard","bindingPath":{"path":"","propertyPath":"/CONTROLLING_AREA","modelName":"NewYardModel"},"interaction":{"idSuffix":"inner"}},"clearTextFirst":true,"interactionType":"ENTER_TEXT"}]}
RESULT: {}
RESULT: {"script":"<script> [776 bytes]","args":[{"enterText":"Z001","selector":{"controlType":"sap.m.Input","viewName":"etm.portal.ui.manageyards.view.New","viewId":"application-manageyards-display-component---NewYard","bindingPath":{"path":"","propertyPath":"/CONTROLLING_AREA","modelName":"NewYardModel"},"interaction":{"idSuffix":"inner"}},"clearTextFirst":true,"interactionType":"ENTER_TEXT"}]}
COMMAND: POST /session/10503a4dac92bcb2538d37e21df02b44/execute/async - {"script":"<script> [1562 bytes]","args":[{"selector":{"id":"application-manageyards-display-component---NewYard--companyCodeComboBox","interaction":{"idSuffix":"inner"}},"wdio_ui5_key":"applicationmanageyards-display-component---NewYard--companyCodeComboBox"}]}
RESULT: {"script":"<script> [1562 bytes]","args":[{"selector":{"id":"application-manageyards-display-component---NewYard--companyCodeComboBox","interaction":{"idSuffix":"inner"}},"wdio_ui5_key":"applicationmanageyards-display-component---NewYard--companyCodeComboBox"}]}
RESULT: undefined
COMMAND: POST /session/10503a4dac92bcb2538d37e21df02b44/execute/async - {"script":"<script> [776 bytes]","args":[{"enterText":"1000","selector":{"id":"application-manageyards-display-component---NewYard--companyCodeComboBox","interaction":{"idSuffix":"inner"}},"clearTextFirst":true,"interactionType":"ENTER_TEXT"}]}
RESULT: {"script":"<script> [776 bytes]","args":[{"enterText":"1000","selector":{"id":"application-manageyards-display-component---NewYard--companyCodeComboBox","interaction":{"idSuffix":"inner"}},"clearTextFirst":true,"interactionType":"ENTER_TEXT"}]}
COMMAND: POST /session/10503a4dac92bcb2538d37e21df02b44/execute/async - {"script":"<script> [1562 bytes]","args":[{"selector":{"controlType":"sap.m.Input","viewName":"etm.portal.ui.manageyards.view.New","viewId":"application-manageyards-display-component---NewYard","bindingPath":{"path":"","propertyPath":"/PLANT","modelName":"NewYardModel"},"interaction":{"idSuffix":"inner"}},"wdio_ui5_key":"etmportal.ui.manageyards.view.Newsap.m.Input{\"path\":\"\",\"propertyPath\":\"/PLANT\",\"modelName\":\"NewYardModel\"}"}]}
RESULT: {"script":"<script> [1562 bytes]","args":[{"selector":{"controlType":"sap.m.Input","viewName":"etm.portal.ui.manageyards.view.New","viewId":"application-manageyards-display-component---NewYard","bindingPath":{"path":"","propertyPath":"/PLANT","modelName":"NewYardModel"},"interaction":{"idSuffix":"inner"}},"wdio_ui5_key":"etmportal.ui.manageyards.view.Newsap.m.Input{\"path\":\"\",\"propertyPath\":\"/PLANT\",\"modelName\":\"NewYardModel\"}"}]}
RESULT: undefined
COMMAND: POST /session/10503a4dac92bcb2538d37e21df02b44/execute/async - {"script":"<script> [776 bytes]","args":[{"enterText":"1001","selector":{"controlType":"sap.m.Input","viewName":"etm.portal.ui.manageyards.view.New","viewId":"application-manageyards-display-component---NewYard","bindingPath":{"path":"","propertyPath":"/PLANT","modelName":"NewYardModel"},"interaction":{"idSuffix":"inner"}},"clearTextFirst":true,"interactionType":"ENTER_TEXT"}]}
RESULT: {"script":"<script> [776 bytes]","args":[{"enterText":"1001","selector":{"controlType":"sap.m.Input","viewName":"etm.portal.ui.manageyards.view.New","viewId":"application-manageyards-display-component---NewYard","bindingPath":{"path":"","propertyPath":"/PLANT","modelName":"NewYardModel"},"interaction":{"idSuffix":"inner"}},"clearTextFirst":true,"interactionType":"ENTER_TEXT"}]}
COMMAND: POST /session/10503a4dac92bcb2538d37e21df02b44/execute/async - {"script":"<script> [1562 bytes]","args":[{"selector":{"controlType":"sap.m.Input","viewName":"etm.portal.ui.manageyards.view.New","viewId":"application-manageyards-display-component---NewYard","bindingPath":{"path":"","propertyPath":"/SALES_AREA_VKORG","modelName":"NewYardModel"},"interaction":{"idSuffix":"inner"}},"wdio_ui5_key":"etmportal.ui.manageyards.view.Newsap.m.Input{\"path\":\"\",\"propertyPath\":\"/SALES_AREA_VKORG\",\"modelName\":\"NewYardModel\"}"}]}
RESULT: {"script":"<script> [1562 bytes]","args":[{"selector":{"controlType":"sap.m.Input","viewName":"etm.portal.ui.manageyards.view.New","viewId":"application-manageyards-display-component---NewYard","bindingPath":{"path":"","propertyPath":"/SALES_AREA_VKORG","modelName":"NewYardModel"},"interaction":{"idSuffix":"inner"}},"wdio_ui5_key":"etmportal.ui.manageyards.view.Newsap.m.Input{\"path\":\"\",\"propertyPath\":\"/SALES_AREA_VKORG\",\"modelName\":\"NewYardModel\"}"}]}
RESULT: undefined
COMMAND: POST /session/10503a4dac92bcb2538d37e21df02b44/execute/async - {"script":"<script> [776 bytes]","args":[{"enterText":"C002","selector":{"controlType":"sap.m.Input","viewName":"etm.portal.ui.manageyards.view.New","viewId":"application-manageyards-display-component---NewYard","bindingPath":{"path":"","propertyPath":"/SALES_AREA_VKORG","modelName":"NewYardModel"},"interaction":{"idSuffix":"inner"}},"clearTextFirst":true,"interactionType":"ENTER_TEXT"}]}
RESULT: {"script":"<script> [776 bytes]","args":[{"enterText":"C002","selector":{"controlType":"sap.m.Input","viewName":"etm.portal.ui.manageyards.view.New","viewId":"application-manageyards-display-component---NewYard","bindingPath":{"path":"","propertyPath":"/SALES_AREA_VKORG","modelName":"NewYardModel"},"interaction":{"idSuffix":"inner"}},"clearTextFirst":true,"interactionType":"ENTER_TEXT"}]}
COMMAND: POST /session/10503a4dac92bcb2538d37e21df02b44/execute/async - {"script":"<script> [1562 bytes]","args":[{"selector":{"controlType":"sap.m.Input","viewName":"etm.portal.ui.manageyards.view.New","viewId":"application-manageyards-display-component---NewYard","bindingPath":{"path":"","propertyPath":"/SALES_AREA_VTWEG","modelName":"NewYardModel"},"interaction":{"idSuffix":"inner"}},"wdio_ui5_key":"etmportal.ui.manageyards.view.Newsap.m.Input{\"path\":\"\",\"propertyPath\":\"/SALES_AREA_VTWEG\",\"modelName\":\"NewYardModel\"}"}]}
RESULT: {"script":"<script> [1562 bytes]","args":[{"selector":{"controlType":"sap.m.Input","viewName":"etm.portal.ui.manageyards.view.New","viewId":"application-manageyards-display-component---NewYard","bindingPath":{"path":"","propertyPath":"/SALES_AREA_VTWEG","modelName":"NewYardModel"},"interaction":{"idSuffix":"inner"}},"wdio_ui5_key":"etmportal.ui.manageyards.view.Newsap.m.Input{\"path\":\"\",\"propertyPath\":\"/SALES_AREA_VTWEG\",\"modelName\":\"NewYardModel\"}"}]}
RESULT: undefined
COMMAND: POST /session/10503a4dac92bcb2538d37e21df02b44/execute/async - {"script":"<script> [776 bytes]","args":[{"enterText":"C2","selector":{"controlType":"sap.m.Input","viewName":"etm.portal.ui.manageyards.view.New","viewId":"application-manageyards-display-component---NewYard","bindingPath":{"path":"","propertyPath":"/SALES_AREA_VTWEG","modelName":"NewYardModel"},"interaction":{"idSuffix":"inner"}},"clearTextFirst":true,"interactionType":"ENTER_TEXT"}]}
RESULT: {"script":"<script> [776 bytes]","args":[{"enterText":"C2","selector":{"controlType":"sap.m.Input","viewName":"etm.portal.ui.manageyards.view.New","viewId":"application-manageyards-display-component---NewYard","bindingPath":{"path":"","propertyPath":"/SALES_AREA_VTWEG","modelName":"NewYardModel"},"interaction":{"idSuffix":"inner"}},"clearTextFirst":true,"interactionType":"ENTER_TEXT"}]}
COMMAND: POST /session/10503a4dac92bcb2538d37e21df02b44/execute/async - {"script":"<script> [1562 bytes]","args":[{"selector":{"controlType":"sap.m.Input","viewName":"etm.portal.ui.manageyards.view.New","viewId":"application-manageyards-display-component---NewYard","bindingPath":{"path":"","propertyPath":"/SALES_AREA_SPART","modelName":"NewYardModel"},"interaction":{"idSuffix":"inner"}},"wdio_ui5_key":"etmportal.ui.manageyards.view.Newsap.m.Input{\"path\":\"\",\"propertyPath\":\"/SALES_AREA_SPART\",\"modelName\":\"NewYardModel\"}"}]}
RESULT: {"script":"<script> [1562 bytes]","args":[{"selector":{"controlType":"sap.m.Input","viewName":"etm.portal.ui.manageyards.view.New","viewId":"application-manageyards-display-component---NewYard","bindingPath":{"path":"","propertyPath":"/SALES_AREA_SPART","modelName":"NewYardModel"},"interaction":{"idSuffix":"inner"}},"wdio_ui5_key":"etmportal.ui.manageyards.view.Newsap.m.Input{\"path\":\"\",\"propertyPath\":\"/SALES_AREA_SPART\",\"modelName\":\"NewYardModel\"}"}]}
RESULT: undefined
COMMAND: POST /session/10503a4dac92bcb2538d37e21df02b44/execute/async - {"script":"<script> [776 bytes]","args":[{"enterText":"C2","selector":{"controlType":"sap.m.Input","viewName":"etm.portal.ui.manageyards.view.New","viewId":"application-manageyards-display-component---NewYard","bindingPath":{"path":"","propertyPath":"/SALES_AREA_SPART","modelName":"NewYardModel"},"interaction":{"idSuffix":"inner"}},"clearTextFirst":true,"interactionType":"ENTER_TEXT"}]}
RESULT: {"script":"<script> [776 bytes]","args":[{"enterText":"C2","selector":{"controlType":"sap.m.Input","viewName":"etm.portal.ui.manageyards.view.New","viewId":"application-manageyards-display-component---NewYard","bindingPath":{"path":"","propertyPath":"/SALES_AREA_SPART","modelName":"NewYardModel"},"interaction":{"idSuffix":"inner"}},"clearTextFirst":true,"interactionType":"ENTER_TEXT"}]}
COMMAND: POST /session/10503a4dac92bcb2538d37e21df02b44/execute/async - {"script":"<script> [1562 bytes]","args":[{"selector":{"controlType":"sap.m.Input","viewName":"etm.portal.ui.manageyards.view.New","viewId":"application-manageyards-display-component---NewYard","bindingPath":{"path":"","propertyPath":"/SHIP_POINT","modelName":"NewYardModel"},"interaction":{"idSuffix":"inner"}},"wdio_ui5_key":"etmportal.ui.manageyards.view.Newsap.m.Input{\"path\":\"\",\"propertyPath\":\"/SHIP_POINT\",\"modelName\":\"NewYardModel\"}"}]}
RESULT: {"script":"<script> [1562 bytes]","args":[{"selector":{"controlType":"sap.m.Input","viewName":"etm.portal.ui.manageyards.view.New","viewId":"application-manageyards-display-component---NewYard","bindingPath":{"path":"","propertyPath":"/SHIP_POINT","modelName":"NewYardModel"},"interaction":{"idSuffix":"inner"}},"wdio_ui5_key":"etmportal.ui.manageyards.view.Newsap.m.Input{\"path\":\"\",\"propertyPath\":\"/SHIP_POINT\",\"modelName\":\"NewYardModel\"}"}]}
RESULT: undefined
COMMAND: POST /session/10503a4dac92bcb2538d37e21df02b44/execute/async - {"script":"<script> [776 bytes]","args":[{"enterText":"1710","selector":{"controlType":"sap.m.Input","viewName":"etm.portal.ui.manageyards.view.New","viewId":"application-manageyards-display-component---NewYard","bindingPath":{"path":"","propertyPath":"/SHIP_POINT","modelName":"NewYardModel"},"interaction":{"idSuffix":"inner"}},"clearTextFirst":true,"interactionType":"ENTER_TEXT"}]}
RESULT: {"script":"<script> [776 bytes]","args":[{"enterText":"1710","selector":{"controlType":"sap.m.Input","viewName":"etm.portal.ui.manageyards.view.New","viewId":"application-manageyards-display-component---NewYard","bindingPath":{"path":"","propertyPath":"/SHIP_POINT","modelName":"NewYardModel"},"interaction":{"idSuffix":"inner"}},"clearTextFirst":true,"interactionType":"ENTER_TEXT"}]}
COMMAND: POST /session/10503a4dac92bcb2538d37e21df02b44/execute/async - {"script":"<script> [1562 bytes]","args":[{"selector":{"controlType":"sap.m.Input","viewName":"etm.portal.ui.manageyards.view.New","viewId":"application-manageyards-display-component---NewYard","bindingPath":{"path":"","propertyPath":"/DELIVERY_TYPE","modelName":"NewYardModel"},"interaction":{"idSuffix":"inner"}},"wdio_ui5_key":"etmportal.ui.manageyards.view.Newsap.m.Input{\"path\":\"\",\"propertyPath\":\"/DELIVERY_TYPE\",\"modelName\":\"NewYardModel\"}"}]}
RESULT: {"script":"<script> [1562 bytes]","args":[{"selector":{"controlType":"sap.m.Input","viewName":"etm.portal.ui.manageyards.view.New","viewId":"application-manageyards-display-component---NewYard","bindingPath":{"path":"","propertyPath":"/DELIVERY_TYPE","modelName":"NewYardModel"},"interaction":{"idSuffix":"inner"}},"wdio_ui5_key":"etmportal.ui.manageyards.view.Newsap.m.Input{\"path\":\"\",\"propertyPath\":\"/DELIVERY_TYPE\",\"modelName\":\"NewYardModel\"}"}]}
RESULT: undefined
COMMAND: POST /session/10503a4dac92bcb2538d37e21df02b44/execute/async - {"script":"<script> [776 bytes]","args":[{"enterText":"ZL01","selector":{"controlType":"sap.m.Input","viewName":"etm.portal.ui.manageyards.view.New","viewId":"application-manageyards-display-component---NewYard","bindingPath":{"path":"","propertyPath":"/DELIVERY_TYPE","modelName":"NewYardModel"},"interaction":{"idSuffix":"inner"}},"clearTextFirst":true,"interactionType":"ENTER_TEXT"}]}
RESULT: {"script":"<script> [776 bytes]","args":[{"enterText":"ZL01","selector":{"controlType":"sap.m.Input","viewName":"etm.portal.ui.manageyards.view.New","viewId":"application-manageyards-display-component---NewYard","bindingPath":{"path":"","propertyPath":"/DELIVERY_TYPE","modelName":"NewYardModel"},"interaction":{"idSuffix":"inner"}},"clearTextFirst":true,"interactionType":"ENTER_TEXT"}]}
COMMAND: POST /session/10503a4dac92bcb2538d37e21df02b44/execute/async - {"script":"<script> [1562 bytes]","args":[{"selector":{"controlType":"sap.m.Input","viewName":"etm.portal.ui.manageyards.view.New","viewId":"application-manageyards-display-component---NewYard","bindingPath":{"path":"","propertyPath":"/AUART","modelName":"NewYardModel"},"interaction":{"idSuffix":"inner"}},"wdio_ui5_key":"etmportal.ui.manageyards.view.Newsap.m.Input{\"path\":\"\",\"propertyPath\":\"/AUART\",\"modelName\":\"NewYardModel\"}"}]}
RESULT: {"script":"<script> [1562 bytes]","args":[{"selector":{"controlType":"sap.m.Input","viewName":"etm.portal.ui.manageyards.view.New","viewId":"application-manageyards-display-component---NewYard","bindingPath":{"path":"","propertyPath":"/AUART","modelName":"NewYardModel"},"interaction":{"idSuffix":"inner"}},"wdio_ui5_key":"etmportal.ui.manageyards.view.Newsap.m.Input{\"path\":\"\",\"propertyPath\":\"/AUART\",\"modelName\":\"NewYardModel\"}"}]}
RESULT: undefined
COMMAND: POST /session/10503a4dac92bcb2538d37e21df02b44/execute/async - {"script":"<script> [776 bytes]","args":[{"enterText":"TA","selector":{"controlType":"sap.m.Input","viewName":"etm.portal.ui.manageyards.view.New","viewId":"application-manageyards-display-component---NewYard","bindingPath":{"path":"","propertyPath":"/AUART","modelName":"NewYardModel"},"interaction":{"idSuffix":"inner"}},"clearTextFirst":true,"interactionType":"ENTER_TEXT"}]}
RESULT: {"script":"<script> [776 bytes]","args":[{"enterText":"TA","selector":{"controlType":"sap.m.Input","viewName":"etm.portal.ui.manageyards.view.New","viewId":"application-manageyards-display-component---NewYard","bindingPath":{"path":"","propertyPath":"/AUART","modelName":"NewYardModel"},"interaction":{"idSuffix":"inner"}},"clearTextFirst":true,"interactionType":"ENTER_TEXT"}]}
COMMAND: POST /session/10503a4dac92bcb2538d37e21df02b44/execute/async - {"script":"<script> [1562 bytes]","args":[{"selector":{"id":"application-manageyards-display-component---NewYard--whmCheckBox","interaction":{"idSuffix":"CbBg"}},"wdio_ui5_key":"applicationmanageyards-display-component---NewYard--whmCheckBox"}]}
RESULT: {"script":"<script> [1562 bytes]","args":[{"selector":{"id":"application-manageyards-display-component---NewYard--whmCheckBox","interaction":{"idSuffix":"CbBg"}},"wdio_ui5_key":"applicationmanageyards-display-component---NewYard--whmCheckBox"}]}
RESULT: undefined
COMMAND: POST /session/10503a4dac92bcb2538d37e21df02b44/element - {"using":"xpath","value":"//*[@id=\"application-manageyards-display-component---NewYard--whmCheckBox\"]"}
RESULT: {"using":"xpath","value":"//*[@id=\"application-manageyards-display-component---NewYard--whmCheckBox\"]"}
COMMAND: POST /session/10503a4dac92bcb2538d37e21df02b44/element/f.FDAF18A8ED6EACE6EA012090E3B5CAAE.d.87799DC6C5CA27EC246C2093782951BC.e.8218/click - {}
RESULT: {}
COMMAND: POST /session/10503a4dac92bcb2538d37e21df02b44/execute/async - {"script":"<script> [1562 bytes]","args":[{"selector":{"controlType":"sap.m.Button","viewName":"etm.portal.ui.manageyards.view.New","viewId":"application-manageyards-display-component---NewYard","i18NText":{"propertyName":"text","key":"save"},"interaction":{"idSuffix":"BDI-content"}},"wdio_ui5_key":"etmportal.ui.manageyards.view.Newsap.m.Button{\"propertyName\":\"text\",\"key\":\"save\"}"}]}
COMMAND: GET /session/10503a4dac92bcb2538d37e21df02b44/screenshot - {}
RESULT: {"script":"<script> [1562 bytes]","args":[{"selector":{"controlType":"sap.m.Button","viewName":"etm.portal.ui.manageyards.view.New","viewId":"application-manageyards-display-component---NewYard","i18NText":{"propertyName":"text","key":"save"},"interaction":{"idSuffix":"BDI-content"}},"wdio_ui5_key":"etmportal.ui.manageyards.view.Newsap.m.Button{\"propertyName\":\"text\",\"key\":\"save\"}"}]}
RESULT: undefined
COMMAND: POST /session/10503a4dac92bcb2538d37e21df02b44/element - {"using":"xpath","value":"//*[@id=\"__button18\"]"}
RESULT: {}
RESULT: {"using":"xpath","value":"//*[@id=\"__button18\"]"}
COMMAND: POST /session/10503a4dac92bcb2538d37e21df02b44/element/f.FDAF18A8ED6EACE6EA012090E3B5CAAE.d.87799DC6C5CA27EC246C2093782951BC.e.8156/click - {}
RESULT: {}
COMMAND: GET /session/10503a4dac92bcb2538d37e21df02b44/screenshot - {}
RESULT: {}
COMMAND: POST /session/10503a4dac92bcb2538d37e21df02b44/execute/async - {"script":"<script> [1562 bytes]","args":[{"selector":{"controlType":"sap.m.Text","viewName":"etm.portal.ui.manageyards.view.Detail","viewId":"application-manageyards-display-component---detailYard","bindingPath":{"propertyPath":"ID","modelName":"catalogModel"}},"wdio_ui5_key":"etmportal.ui.manageyards.view.Detailsap.m.Text{\"propertyPath\":\"ID\",\"modelName\":\"catalogModel\"}"}]}
RESULT: {"script":"<script> [1562 bytes]","args":[{"selector":{"controlType":"sap.m.Text","viewName":"etm.portal.ui.manageyards.view.Detail","viewId":"application-manageyards-display-component---detailYard","bindingPath":{"propertyPath":"ID","modelName":"catalogModel"}},"wdio_ui5_key":"etmportal.ui.manageyards.view.Detailsap.m.Text{\"propertyPath\":\"ID\",\"modelName\":\"catalogModel\"}"}]}
RESULT: undefined
COMMAND: POST /session/10503a4dac92bcb2538d37e21df02b44/execute/async - {"script":"<script> [6424 bytes]","args":[{"element-6066-11e4-a52e-4f735466cecf":"f.FDAF18A8ED6EACE6EA012090E3B5CAAE.d.87799DC6C5CA27EC246C2093782951BC.e.8408"},"getText",[]]}
RESULT: {"script":"<script> [6424 bytes]","args":[{"element-6066-11e4-a52e-4f735466cecf":"f.FDAF18A8ED6EACE6EA012090E3B5CAAE.d.87799DC6C5CA27EC246C2093782951BC.e.8408"},"getText",[]]}
COMMAND: POST /session/10503a4dac92bcb2538d37e21df02b44/element - {"using":"css selector","value":"#shell-header-logo"}
RESULT: {"using":"css selector","value":"#shell-header-logo"}
COMMAND: POST /session/10503a4dac92bcb2538d37e21df02b44/element/f.FDAF18A8ED6EACE6EA012090E3B5CAAE.d.87799DC6C5CA27EC246C2093782951BC.e.7716/click - {}
RESULT: {}
COMMAND: GET /session/10503a4dac92bcb2538d37e21df02b44/screenshot - {}
RESULT: {}
]]></system-out>
    </testcase>
    <testcase classname="chrome.135_0_7049_96.windows.Return_from_Site_w/_warehouse_management_w/_clarification_US125588" name="Should create WHM site" time="46.111">
      <system-out><![CDATA[
COMMAND: POST /session/10503a4dac92bcb2538d37e21df02b44/execute/async - {"script":"<script> [1562 bytes]","args":[{"selector":{"controlType":"sap.m.GenericTile","properties":{"header":"Manage Sites"}},"wdio_ui5_key":"sapm.GenericTile{\"header\":\"Manage Sites\"}"}]}
RESULT: {"script":"<script> [1562 bytes]","args":[{"selector":{"controlType":"sap.m.GenericTile","properties":{"header":"Manage Sites"}},"wdio_ui5_key":"sapm.GenericTile{\"header\":\"Manage Sites\"}"}]}
RESULT: undefined
COMMAND: POST /session/10503a4dac92bcb2538d37e21df02b44/element - {"using":"xpath","value":"//*[@id=\"__tile40\"]"}
RESULT: {"using":"xpath","value":"//*[@id=\"__tile40\"]"}
COMMAND: POST /session/10503a4dac92bcb2538d37e21df02b44/element/f.FDAF18A8ED6EACE6EA012090E3B5CAAE.d.87799DC6C5CA27EC246C2093782951BC.e.8411/click - {}
RESULT: {}
COMMAND: GET /session/10503a4dac92bcb2538d37e21df02b44/screenshot - {}
RESULT: {}
COMMAND: POST /session/10503a4dac92bcb2538d37e21df02b44/execute/async - {"script":"<script> [1562 bytes]","args":[{"selector":{"controlType":"sap.ui.core.Icon","viewName":"etm.portal.ui.managesites.view.Master","viewId":"application-managesites-display-component---masterSite","properties":{"src":{"regex":{"source":"add"}}}},"wdio_ui5_key":"etmportal.ui.managesites.view.Mastersap.ui.core.Icon{\"src\":{\"regex\":{\"source\":\"add\"}}}"}]}
RESULT: {"script":"<script> [1562 bytes]","args":[{"selector":{"controlType":"sap.ui.core.Icon","viewName":"etm.portal.ui.managesites.view.Master","viewId":"application-managesites-display-component---masterSite","properties":{"src":{"regex":{"source":"add"}}}},"wdio_ui5_key":"etmportal.ui.managesites.view.Mastersap.ui.core.Icon{\"src\":{\"regex\":{\"source\":\"add\"}}}"}]}
RESULT: undefined
COMMAND: POST /session/10503a4dac92bcb2538d37e21df02b44/element - {"using":"xpath","value":"//*[@id=\"__button64-img\"]"}
RESULT: {"using":"xpath","value":"//*[@id=\"__button64-img\"]"}
COMMAND: POST /session/10503a4dac92bcb2538d37e21df02b44/element/f.FDAF18A8ED6EACE6EA012090E3B5CAAE.d.87799DC6C5CA27EC246C2093782951BC.e.8458/click - {}
RESULT: {}
COMMAND: GET /session/10503a4dac92bcb2538d37e21df02b44/screenshot - {}
RESULT: {}
COMMAND: POST /session/10503a4dac92bcb2538d37e21df02b44/execute/async - {"script":"<script> [1562 bytes]","args":[{"selector":{"controlType":"sap.m.Button","viewName":"etm.portal.ui.managesites.view.NewSmartSite","viewId":"application-managesites-display-component---NewSite","properties":{"text":"General Information"},"interaction":{"idSuffix":"BDI-content"}},"wdio_ui5_key":"etmportal.ui.managesites.view.NewSmartSitesap.m.Button{\"text\":\"General Information\"}"}]}
RESULT: {"script":"<script> [1562 bytes]","args":[{"selector":{"controlType":"sap.m.Button","viewName":"etm.portal.ui.managesites.view.NewSmartSite","viewId":"application-managesites-display-component---NewSite","properties":{"text":"General Information"},"interaction":{"idSuffix":"BDI-content"}},"wdio_ui5_key":"etmportal.ui.managesites.view.NewSmartSitesap.m.Button{\"text\":\"General Information\"}"}]}
RESULT: undefined
COMMAND: POST /session/10503a4dac92bcb2538d37e21df02b44/element - {"using":"xpath","value":"//*[@id=\"application-managesites-display-component---NewSite--ObjectPageLayout-anchBar-__section31-anchor\"]"}
RESULT: {"using":"xpath","value":"//*[@id=\"application-managesites-display-component---NewSite--ObjectPageLayout-anchBar-__section31-anchor\"]"}
COMMAND: POST /session/10503a4dac92bcb2538d37e21df02b44/element/f.FDAF18A8ED6EACE6EA012090E3B5CAAE.d.87799DC6C5CA27EC246C2093782951BC.e.9022/click - {}
RESULT: {}
COMMAND: POST /session/10503a4dac92bcb2538d37e21df02b44/execute/async - {"script":"<script> [1562 bytes]","args":[{"selector":{"id":"application-managesites-display-component---NewSite--addressDetailDetailsName1","interaction":{"idSuffix":"inner"}},"wdio_ui5_key":"applicationmanagesites-display-component---NewSite--addressDetailDetailsName1"}]}
COMMAND: GET /session/10503a4dac92bcb2538d37e21df02b44/screenshot - {}
RESULT: {"script":"<script> [1562 bytes]","args":[{"selector":{"id":"application-managesites-display-component---NewSite--addressDetailDetailsName1","interaction":{"idSuffix":"inner"}},"wdio_ui5_key":"applicationmanagesites-display-component---NewSite--addressDetailDetailsName1"}]}
RESULT: undefined
COMMAND: POST /session/10503a4dac92bcb2538d37e21df02b44/execute/async - {"script":"<script> [776 bytes]","args":[{"enterText":"WDI5 WHM Site","selector":{"id":"application-managesites-display-component---NewSite--addressDetailDetailsName1","interaction":{"idSuffix":"inner"}},"clearTextFirst":true,"interactionType":"ENTER_TEXT"}]}
RESULT: {}
RESULT: {"script":"<script> [776 bytes]","args":[{"enterText":"WDI5 WHM Site","selector":{"id":"application-managesites-display-component---NewSite--addressDetailDetailsName1","interaction":{"idSuffix":"inner"}},"clearTextFirst":true,"interactionType":"ENTER_TEXT"}]}
COMMAND: POST /session/10503a4dac92bcb2538d37e21df02b44/execute/async - {"script":"<script> [1562 bytes]","args":[{"selector":{"id":"application-managesites-display-component---NewSite--addressDetailDetailsLanguage","interaction":{"idSuffix":"inner"}},"wdio_ui5_key":"applicationmanagesites-display-component---NewSite--addressDetailDetailsLanguage"}]}
RESULT: {"script":"<script> [1562 bytes]","args":[{"selector":{"id":"application-managesites-display-component---NewSite--addressDetailDetailsLanguage","interaction":{"idSuffix":"inner"}},"wdio_ui5_key":"applicationmanagesites-display-component---NewSite--addressDetailDetailsLanguage"}]}
RESULT: undefined
COMMAND: POST /session/10503a4dac92bcb2538d37e21df02b44/execute/async - {"script":"<script> [776 bytes]","args":[{"enterText":"Romanian","selector":{"id":"application-managesites-display-component---NewSite--addressDetailDetailsLanguage","interaction":{"idSuffix":"inner"}},"clearTextFirst":true,"interactionType":"ENTER_TEXT"}]}
RESULT: {"script":"<script> [776 bytes]","args":[{"enterText":"Romanian","selector":{"id":"application-managesites-display-component---NewSite--addressDetailDetailsLanguage","interaction":{"idSuffix":"inner"}},"clearTextFirst":true,"interactionType":"ENTER_TEXT"}]}
COMMAND: POST /session/10503a4dac92bcb2538d37e21df02b44/execute/async - {"script":"<script> [1562 bytes]","args":[{"selector":{"id":"application-managesites-display-component---NewSite--addressDetailDetailsCity1","interaction":{"idSuffix":"inner"}},"wdio_ui5_key":"applicationmanagesites-display-component---NewSite--addressDetailDetailsCity1"}]}
RESULT: {"script":"<script> [1562 bytes]","args":[{"selector":{"id":"application-managesites-display-component---NewSite--addressDetailDetailsCity1","interaction":{"idSuffix":"inner"}},"wdio_ui5_key":"applicationmanagesites-display-component---NewSite--addressDetailDetailsCity1"}]}
RESULT: undefined
COMMAND: POST /session/10503a4dac92bcb2538d37e21df02b44/execute/async - {"script":"<script> [776 bytes]","args":[{"enterText":"Bucharest","selector":{"id":"application-managesites-display-component---NewSite--addressDetailDetailsCity1","interaction":{"idSuffix":"inner"}},"clearTextFirst":true,"interactionType":"ENTER_TEXT"}]}
RESULT: {"script":"<script> [776 bytes]","args":[{"enterText":"Bucharest","selector":{"id":"application-managesites-display-component---NewSite--addressDetailDetailsCity1","interaction":{"idSuffix":"inner"}},"clearTextFirst":true,"interactionType":"ENTER_TEXT"}]}
COMMAND: POST /session/10503a4dac92bcb2538d37e21df02b44/execute/async - {"script":"<script> [1562 bytes]","args":[{"selector":{"id":"application-managesites-display-component---NewSite--addressDetailDetailsCountry","interaction":{"idSuffix":"inner"}},"wdio_ui5_key":"applicationmanagesites-display-component---NewSite--addressDetailDetailsCountry"}]}
RESULT: {"script":"<script> [1562 bytes]","args":[{"selector":{"id":"application-managesites-display-component---NewSite--addressDetailDetailsCountry","interaction":{"idSuffix":"inner"}},"wdio_ui5_key":"applicationmanagesites-display-component---NewSite--addressDetailDetailsCountry"}]}
RESULT: undefined
COMMAND: POST /session/10503a4dac92bcb2538d37e21df02b44/execute/async - {"script":"<script> [6424 bytes]","args":[{"element-6066-11e4-a52e-4f735466cecf":"f.FDAF18A8ED6EACE6EA012090E3B5CAAE.d.87799DC6C5CA27EC246C2093782951BC.e.8816"},"setValue",["Romania"]]}
RESULT: {"script":"<script> [6424 bytes]","args":[{"element-6066-11e4-a52e-4f735466cecf":"f.FDAF18A8ED6EACE6EA012090E3B5CAAE.d.87799DC6C5CA27EC246C2093782951BC.e.8816"},"setValue",["Romania"]]}
COMMAND: POST /session/10503a4dac92bcb2538d37e21df02b44/execute/async - {"script":"<script> [1562 bytes]","args":[{"selector":{"id":"application-managesites-display-component---NewSite--addressDetailDetailsCalendar","interaction":{"idSuffix":"inner"}},"wdio_ui5_key":"applicationmanagesites-display-component---NewSite--addressDetailDetailsCalendar"}]}
RESULT: {"script":"<script> [1562 bytes]","args":[{"selector":{"id":"application-managesites-display-component---NewSite--addressDetailDetailsCalendar","interaction":{"idSuffix":"inner"}},"wdio_ui5_key":"applicationmanagesites-display-component---NewSite--addressDetailDetailsCalendar"}]}
RESULT: undefined
COMMAND: POST /session/10503a4dac92bcb2538d37e21df02b44/execute/async - {"script":"<script> [776 bytes]","args":[{"enterText":"8 - Germany (Standard)","selector":{"id":"application-managesites-display-component---NewSite--addressDetailDetailsCalendar","interaction":{"idSuffix":"inner"}},"clearTextFirst":true,"interactionType":"ENTER_TEXT"}]}
RESULT: {"script":"<script> [776 bytes]","args":[{"enterText":"8 - Germany (Standard)","selector":{"id":"application-managesites-display-component---NewSite--addressDetailDetailsCalendar","interaction":{"idSuffix":"inner"}},"clearTextFirst":true,"interactionType":"ENTER_TEXT"}]}
COMMAND: POST /session/10503a4dac92bcb2538d37e21df02b44/element - {"using":"xpath","value":"//input[@id=\"application-managesites-display-component---NewSite--addressDetailDetailsYard-inner\"]"}
RESULT: {"using":"xpath","value":"//input[@id=\"application-managesites-display-component---NewSite--addressDetailDetailsYard-inner\"]"}
COMMAND: POST /session/10503a4dac92bcb2538d37e21df02b44/element/f.FDAF18A8ED6EACE6EA012090E3B5CAAE.d.87799DC6C5CA27EC246C2093782951BC.e.8827/clear - {}
RESULT: {}
COMMAND: POST /session/10503a4dac92bcb2538d37e21df02b44/element/f.FDAF18A8ED6EACE6EA012090E3B5CAAE.d.87799DC6C5CA27EC246C2093782951BC.e.8827/value - {"text":"530"}
COMMAND: GET /session/10503a4dac92bcb2538d37e21df02b44/screenshot - {}
RESULT: {"text":"530"}
COMMAND: GET /session/10503a4dac92bcb2538d37e21df02b44/screenshot - {}
RESULT: {}
RESULT: {}
COMMAND: POST /session/10503a4dac92bcb2538d37e21df02b44/execute/async - {"script":"<script> [1562 bytes]","args":[{"selector":{"controlType":"sap.m.Button","viewName":"etm.portal.ui.managesites.view.NewSmartSite","viewId":"application-managesites-display-component---NewSite","properties":{"text":"Commercial"},"interaction":{"idSuffix":"BDI-content"}},"wdio_ui5_key":"etmportal.ui.managesites.view.NewSmartSitesap.m.Button{\"text\":\"Commercial\"}"}]}
RESULT: {"script":"<script> [1562 bytes]","args":[{"selector":{"controlType":"sap.m.Button","viewName":"etm.portal.ui.managesites.view.NewSmartSite","viewId":"application-managesites-display-component---NewSite","properties":{"text":"Commercial"},"interaction":{"idSuffix":"BDI-content"}},"wdio_ui5_key":"etmportal.ui.managesites.view.NewSmartSitesap.m.Button{\"text\":\"Commercial\"}"}]}
RESULT: undefined
COMMAND: POST /session/10503a4dac92bcb2538d37e21df02b44/element - {"using":"xpath","value":"//*[@id=\"application-managesites-display-component---NewSite--ObjectPageLayout-anchBar-__section33-anchor\"]"}
RESULT: {"using":"xpath","value":"//*[@id=\"application-managesites-display-component---NewSite--ObjectPageLayout-anchBar-__section33-anchor\"]"}
COMMAND: POST /session/10503a4dac92bcb2538d37e21df02b44/element/f.FDAF18A8ED6EACE6EA012090E3B5CAAE.d.87799DC6C5CA27EC246C2093782951BC.e.9031/click - {}
RESULT: {}
COMMAND: POST /session/10503a4dac92bcb2538d37e21df02b44/execute/async - {"script":"<script> [1562 bytes]","args":[{"selector":{"id":"application-managesites-display-component---NewSite--siteWhmCheckBox-label","interaction":{"idSuffix":"bdi"}},"wdio_ui5_key":"applicationmanagesites-display-component---NewSite--siteWhmCheckBox-label"}]}
COMMAND: GET /session/10503a4dac92bcb2538d37e21df02b44/screenshot - {}
RESULT: {"script":"<script> [1562 bytes]","args":[{"selector":{"id":"application-managesites-display-component---NewSite--siteWhmCheckBox-label","interaction":{"idSuffix":"bdi"}},"wdio_ui5_key":"applicationmanagesites-display-component---NewSite--siteWhmCheckBox-label"}]}
RESULT: undefined
COMMAND: POST /session/10503a4dac92bcb2538d37e21df02b44/element - {"using":"xpath","value":"//*[@id=\"application-managesites-display-component---NewSite--siteWhmCheckBox-label\"]"}
RESULT: {}
RESULT: {"using":"xpath","value":"//*[@id=\"application-managesites-display-component---NewSite--siteWhmCheckBox-label\"]"}
COMMAND: POST /session/10503a4dac92bcb2538d37e21df02b44/element/f.FDAF18A8ED6EACE6EA012090E3B5CAAE.d.87799DC6C5CA27EC246C2093782951BC.e.9041/click - {}
RESULT: {}
COMMAND: POST /session/10503a4dac92bcb2538d37e21df02b44/execute/async - {"script":"<script> [1562 bytes]","args":[{"selector":{"controlType":"sap.m.Button","viewName":"etm.portal.ui.managesites.view.NewSmartSite","viewId":"application-managesites-display-component---NewSite","i18NText":{"propertyName":"text","key":"save"},"interaction":{"idSuffix":"BDI-content"}},"wdio_ui5_key":"etmportal.ui.managesites.view.NewSmartSitesap.m.Button{\"propertyName\":\"text\",\"key\":\"save\"}"}]}
COMMAND: GET /session/10503a4dac92bcb2538d37e21df02b44/screenshot - {}
RESULT: {"script":"<script> [1562 bytes]","args":[{"selector":{"controlType":"sap.m.Button","viewName":"etm.portal.ui.managesites.view.NewSmartSite","viewId":"application-managesites-display-component---NewSite","i18NText":{"propertyName":"text","key":"save"},"interaction":{"idSuffix":"BDI-content"}},"wdio_ui5_key":"etmportal.ui.managesites.view.NewSmartSitesap.m.Button{\"propertyName\":\"text\",\"key\":\"save\"}"}]}
RESULT: undefined
COMMAND: POST /session/10503a4dac92bcb2538d37e21df02b44/element - {"using":"xpath","value":"//*[@id=\"__button76\"]"}
RESULT: {}
RESULT: {"using":"xpath","value":"//*[@id=\"__button76\"]"}
COMMAND: POST /session/10503a4dac92bcb2538d37e21df02b44/element/f.FDAF18A8ED6EACE6EA012090E3B5CAAE.d.87799DC6C5CA27EC246C2093782951BC.e.9001/click - {}
RESULT: {}
COMMAND: GET /session/10503a4dac92bcb2538d37e21df02b44/screenshot - {}
RESULT: {}
COMMAND: POST /session/10503a4dac92bcb2538d37e21df02b44/execute/async - {"script":"<script> [1562 bytes]","args":[{"selector":{"controlType":"sap.m.Text","viewName":"etm.portal.ui.managesites.view.Detail","viewId":"application-managesites-display-component---detailSite","bindingPath":{"propertyPath":"ID","modelName":"catalogModel"}},"wdio_ui5_key":"etmportal.ui.managesites.view.Detailsap.m.Text{\"propertyPath\":\"ID\",\"modelName\":\"catalogModel\"}"}]}
RESULT: {"script":"<script> [1562 bytes]","args":[{"selector":{"controlType":"sap.m.Text","viewName":"etm.portal.ui.managesites.view.Detail","viewId":"application-managesites-display-component---detailSite","bindingPath":{"propertyPath":"ID","modelName":"catalogModel"}},"wdio_ui5_key":"etmportal.ui.managesites.view.Detailsap.m.Text{\"propertyPath\":\"ID\",\"modelName\":\"catalogModel\"}"}]}
RESULT: undefined
COMMAND: POST /session/10503a4dac92bcb2538d37e21df02b44/execute/async - {"script":"<script> [6424 bytes]","args":[{"element-6066-11e4-a52e-4f735466cecf":"f.FDAF18A8ED6EACE6EA012090E3B5CAAE.d.87799DC6C5CA27EC246C2093782951BC.e.9236"},"getText",[]]}
RESULT: {"script":"<script> [6424 bytes]","args":[{"element-6066-11e4-a52e-4f735466cecf":"f.FDAF18A8ED6EACE6EA012090E3B5CAAE.d.87799DC6C5CA27EC246C2093782951BC.e.9236"},"getText",[]]}
COMMAND: POST /session/10503a4dac92bcb2538d37e21df02b44/execute/async - {"script":"<script> [1562 bytes]","args":[{"selector":{"controlType":"sap.m.Label","viewName":"etm.portal.ui.managesites.view.Detail","viewId":"application-managesites-display-component---detailSite","i18NText":{"propertyName":"text","key":"status"}},"wdio_ui5_key":"etmportal.ui.managesites.view.Detailsap.m.Label{\"propertyName\":\"text\",\"key\":\"status\"}"}]}
RESULT: {"script":"<script> [1562 bytes]","args":[{"selector":{"controlType":"sap.m.Label","viewName":"etm.portal.ui.managesites.view.Detail","viewId":"application-managesites-display-component---detailSite","i18NText":{"propertyName":"text","key":"status"}},"wdio_ui5_key":"etmportal.ui.managesites.view.Detailsap.m.Label{\"propertyName\":\"text\",\"key\":\"status\"}"}]}
RESULT: undefined
COMMAND: POST /session/10503a4dac92bcb2538d37e21df02b44/execute/async - {"script":"<script> [6424 bytes]","args":[{"element-6066-11e4-a52e-4f735466cecf":"f.FDAF18A8ED6EACE6EA012090E3B5CAAE.d.87799DC6C5CA27EC246C2093782951BC.e.9226"},"getText",[]]}
RESULT: {"script":"<script> [6424 bytes]","args":[{"element-6066-11e4-a52e-4f735466cecf":"f.FDAF18A8ED6EACE6EA012090E3B5CAAE.d.87799DC6C5CA27EC246C2093782951BC.e.9226"},"getText",[]]}
RESULT: undefined
COMMAND: POST /session/10503a4dac92bcb2538d37e21df02b44/element - {"using":"xpath","value":"//*[@id=\"shell-header\"]"}
RESULT: {"using":"xpath","value":"//*[@id=\"shell-header\"]"}
COMMAND: POST /session/10503a4dac92bcb2538d37e21df02b44/element/f.FDAF18A8ED6EACE6EA012090E3B5CAAE.d.87799DC6C5CA27EC246C2093782951BC.e.9237/click - {}
RESULT: {}
COMMAND: POST /session/10503a4dac92bcb2538d37e21df02b44/element - {"using":"css selector","value":"#shell-header-logo"}
COMMAND: GET /session/10503a4dac92bcb2538d37e21df02b44/screenshot - {}
RESULT: {"using":"css selector","value":"#shell-header-logo"}
COMMAND: POST /session/10503a4dac92bcb2538d37e21df02b44/element/f.FDAF18A8ED6EACE6EA012090E3B5CAAE.d.87799DC6C5CA27EC246C2093782951BC.e.8414/click - {}
RESULT: {}
RESULT: {}
]]></system-out>
    </testcase>
    <testcase classname="chrome.135_0_7049_96.windows.Return_from_Site_w/_warehouse_management_w/_clarification_US125588" name="Should create WHM Partner" time="48.227">
      <system-out><![CDATA[
COMMAND: POST /session/10503a4dac92bcb2538d37e21df02b44/execute/async - {"script":"<script> [1562 bytes]","args":[{"selector":{"controlType":"sap.m.GenericTile","properties":{"header":"Manage Partners"}},"wdio_ui5_key":"sapm.GenericTile{\"header\":\"Manage Partners\"}"}]}
COMMAND: GET /session/10503a4dac92bcb2538d37e21df02b44/screenshot - {}
RESULT: {"script":"<script> [1562 bytes]","args":[{"selector":{"controlType":"sap.m.GenericTile","properties":{"header":"Manage Partners"}},"wdio_ui5_key":"sapm.GenericTile{\"header\":\"Manage Partners\"}"}]}
RESULT: undefined
COMMAND: POST /session/10503a4dac92bcb2538d37e21df02b44/element - {"using":"xpath","value":"//*[@id=\"__tile38\"]"}
RESULT: {}
RESULT: {"using":"xpath","value":"//*[@id=\"__tile38\"]"}
COMMAND: POST /session/10503a4dac92bcb2538d37e21df02b44/element/f.FDAF18A8ED6EACE6EA012090E3B5CAAE.d.87799DC6C5CA27EC246C2093782951BC.e.9243/click - {}
RESULT: {}
COMMAND: GET /session/10503a4dac92bcb2538d37e21df02b44/screenshot - {}
RESULT: {}
COMMAND: POST /session/10503a4dac92bcb2538d37e21df02b44/element - {"using":"xpath","value":"//button[(@data-kt = 'addButton')]"}
RESULT: {"using":"xpath","value":"//button[(@data-kt = 'addButton')]"}
COMMAND: POST /session/10503a4dac92bcb2538d37e21df02b44/element/f.FDAF18A8ED6EACE6EA012090E3B5CAAE.d.87799DC6C5CA27EC246C2093782951BC.e.9290/click - {}
RESULT: {}
COMMAND: POST /session/10503a4dac92bcb2538d37e21df02b44/execute/async - {"script":"<script> [1562 bytes]","args":[{"selector":{"id":"application-managepartners-display-component---NewPartner--addressDetailDetailsName1","interaction":{"idSuffix":"inner"}},"wdio_ui5_key":"applicationmanagepartners-display-component---NewPartner--addressDetailDetailsName1"}]}
COMMAND: GET /session/10503a4dac92bcb2538d37e21df02b44/screenshot - {}
RESULT: {"script":"<script> [1562 bytes]","args":[{"selector":{"id":"application-managepartners-display-component---NewPartner--addressDetailDetailsName1","interaction":{"idSuffix":"inner"}},"wdio_ui5_key":"applicationmanagepartners-display-component---NewPartner--addressDetailDetailsName1"}]}
RESULT: undefined
COMMAND: POST /session/10503a4dac92bcb2538d37e21df02b44/execute/async - {"script":"<script> [776 bytes]","args":[{"enterText":"WDI5-Partners","selector":{"id":"application-managepartners-display-component---NewPartner--addressDetailDetailsName1","interaction":{"idSuffix":"inner"}},"clearTextFirst":true,"interactionType":"ENTER_TEXT"}]}
RESULT: {}
RESULT: {"script":"<script> [776 bytes]","args":[{"enterText":"WDI5-Partners","selector":{"id":"application-managepartners-display-component---NewPartner--addressDetailDetailsName1","interaction":{"idSuffix":"inner"}},"clearTextFirst":true,"interactionType":"ENTER_TEXT"}]}
COMMAND: POST /session/10503a4dac92bcb2538d37e21df02b44/execute/async - {"script":"<script> [1562 bytes]","args":[{"selector":{"id":"application-managepartners-display-component---NewPartner--addressDetailDetailsLanguage-arrow"},"wdio_ui5_key":"applicationmanagepartners-display-component---NewPartner--addressDetailDetailsLanguage-arrow"}]}
RESULT: {"script":"<script> [1562 bytes]","args":[{"selector":{"id":"application-managepartners-display-component---NewPartner--addressDetailDetailsLanguage-arrow"},"wdio_ui5_key":"applicationmanagepartners-display-component---NewPartner--addressDetailDetailsLanguage-arrow"}]}
RESULT: undefined
COMMAND: POST /session/10503a4dac92bcb2538d37e21df02b44/element - {"using":"xpath","value":"//*[@id=\"application-managepartners-display-component---NewPartner--addressDetailDetailsLanguage-arrow\"]"}
RESULT: {"using":"xpath","value":"//*[@id=\"application-managepartners-display-component---NewPartner--addressDetailDetailsLanguage-arrow\"]"}
COMMAND: POST /session/10503a4dac92bcb2538d37e21df02b44/element/f.FDAF18A8ED6EACE6EA012090E3B5CAAE.d.87799DC6C5CA27EC246C2093782951BC.e.9716/click - {}
RESULT: {}
COMMAND: POST /session/10503a4dac92bcb2538d37e21df02b44/execute/async - {"script":"<script> [1562 bytes]","args":[{"selector":{"controlType":"sap.m.StandardListItem","viewName":"etm.portal.ui.managepartners.view.NewPartner","viewId":"application-managepartners-display-component---NewPartner","properties":{"title":"English"},"searchOpenDialogs":true,"interaction":{"idSuffix":"content"}},"wdio_ui5_key":"etmportal.ui.managepartners.view.NewPartnersap.m.StandardListItem{\"title\":\"English\"}"}]}
COMMAND: GET /session/10503a4dac92bcb2538d37e21df02b44/screenshot - {}
RESULT: {"script":"<script> [1562 bytes]","args":[{"selector":{"controlType":"sap.m.StandardListItem","viewName":"etm.portal.ui.managepartners.view.NewPartner","viewId":"application-managepartners-display-component---NewPartner","properties":{"title":"English"},"searchOpenDialogs":true,"interaction":{"idSuffix":"content"}},"wdio_ui5_key":"etmportal.ui.managepartners.view.NewPartnersap.m.StandardListItem{\"title\":\"English\"}"}]}
RESULT: undefined
COMMAND: POST /session/10503a4dac92bcb2538d37e21df02b44/element - {"using":"xpath","value":"//*[@id=\"__item1144\"]"}
RESULT: {}
RESULT: {"using":"xpath","value":"//*[@id=\"__item1144\"]"}
COMMAND: POST /session/10503a4dac92bcb2538d37e21df02b44/element/f.FDAF18A8ED6EACE6EA012090E3B5CAAE.d.87799DC6C5CA27EC246C2093782951BC.e.9718/click - {}
RESULT: {}
COMMAND: POST /session/10503a4dac92bcb2538d37e21df02b44/execute/async - {"script":"<script> [1562 bytes]","args":[{"selector":{"id":"application-managepartners-display-component---NewPartner--addressDetailDetailsCity1","interaction":{"idSuffix":"inner"}},"wdio_ui5_key":"applicationmanagepartners-display-component---NewPartner--addressDetailDetailsCity1"}]}
COMMAND: GET /session/10503a4dac92bcb2538d37e21df02b44/screenshot - {}
RESULT: {"script":"<script> [1562 bytes]","args":[{"selector":{"id":"application-managepartners-display-component---NewPartner--addressDetailDetailsCity1","interaction":{"idSuffix":"inner"}},"wdio_ui5_key":"applicationmanagepartners-display-component---NewPartner--addressDetailDetailsCity1"}]}
RESULT: undefined
COMMAND: POST /session/10503a4dac92bcb2538d37e21df02b44/execute/async - {"script":"<script> [776 bytes]","args":[{"enterText":"Bangalore","selector":{"id":"application-managepartners-display-component---NewPartner--addressDetailDetailsCity1","interaction":{"idSuffix":"inner"}},"clearTextFirst":true,"interactionType":"ENTER_TEXT"}]}
RESULT: {}
RESULT: {"script":"<script> [776 bytes]","args":[{"enterText":"Bangalore","selector":{"id":"application-managepartners-display-component---NewPartner--addressDetailDetailsCity1","interaction":{"idSuffix":"inner"}},"clearTextFirst":true,"interactionType":"ENTER_TEXT"}]}
COMMAND: POST /session/10503a4dac92bcb2538d37e21df02b44/execute/async - {"script":"<script> [1562 bytes]","args":[{"selector":{"id":"application-managepartners-display-component---NewPartner--addressDetailDetailsCountry-arrow"},"wdio_ui5_key":"applicationmanagepartners-display-component---NewPartner--addressDetailDetailsCountry-arrow"}]}
RESULT: {"script":"<script> [1562 bytes]","args":[{"selector":{"id":"application-managepartners-display-component---NewPartner--addressDetailDetailsCountry-arrow"},"wdio_ui5_key":"applicationmanagepartners-display-component---NewPartner--addressDetailDetailsCountry-arrow"}]}
RESULT: undefined
COMMAND: POST /session/10503a4dac92bcb2538d37e21df02b44/element - {"using":"xpath","value":"//*[@id=\"application-managepartners-display-component---NewPartner--addressDetailDetailsCountry-arrow\"]"}
RESULT: {"using":"xpath","value":"//*[@id=\"application-managepartners-display-component---NewPartner--addressDetailDetailsCountry-arrow\"]"}
COMMAND: POST /session/10503a4dac92bcb2538d37e21df02b44/element/f.FDAF18A8ED6EACE6EA012090E3B5CAAE.d.87799DC6C5CA27EC246C2093782951BC.e.9720/click - {}
RESULT: {}
COMMAND: POST /session/10503a4dac92bcb2538d37e21df02b44/execute/async - {"script":"<script> [1562 bytes]","args":[{"selector":{"id":"application-managepartners-display-component---NewPartner--addressDetailDetailsCountry","interaction":{"idSuffix":"inner"}},"wdio_ui5_key":"applicationmanagepartners-display-component---NewPartner--addressDetailDetailsCountry"}]}
COMMAND: GET /session/10503a4dac92bcb2538d37e21df02b44/screenshot - {}
RESULT: {"script":"<script> [1562 bytes]","args":[{"selector":{"id":"application-managepartners-display-component---NewPartner--addressDetailDetailsCountry","interaction":{"idSuffix":"inner"}},"wdio_ui5_key":"applicationmanagepartners-display-component---NewPartner--addressDetailDetailsCountry"}]}
RESULT: undefined
COMMAND: POST /session/10503a4dac92bcb2538d37e21df02b44/execute/async - {"script":"<script> [776 bytes]","args":[{"enterText":"India","selector":{"id":"application-managepartners-display-component---NewPartner--addressDetailDetailsCountry","interaction":{"idSuffix":"inner"}},"clearTextFirst":true,"interactionType":"ENTER_TEXT"}]}
RESULT: {}
RESULT: {"script":"<script> [776 bytes]","args":[{"enterText":"India","selector":{"id":"application-managepartners-display-component---NewPartner--addressDetailDetailsCountry","interaction":{"idSuffix":"inner"}},"clearTextFirst":true,"interactionType":"ENTER_TEXT"}]}
COMMAND: POST /session/10503a4dac92bcb2538d37e21df02b44/execute/async - {"script":"<script> [1562 bytes]","args":[{"selector":{"controlType":"sap.m.StandardListItem","viewName":"etm.portal.ui.managepartners.view.NewPartner","viewId":"application-managepartners-display-component---NewPartner","properties":{"title":"India"},"searchOpenDialogs":true,"interaction":{"idSuffix":"content"}},"wdio_ui5_key":"etmportal.ui.managepartners.view.NewPartnersap.m.StandardListItem{\"title\":\"India\"}"}]}
RESULT: {"script":"<script> [1562 bytes]","args":[{"selector":{"controlType":"sap.m.StandardListItem","viewName":"etm.portal.ui.managepartners.view.NewPartner","viewId":"application-managepartners-display-component---NewPartner","properties":{"title":"India"},"searchOpenDialogs":true,"interaction":{"idSuffix":"content"}},"wdio_ui5_key":"etmportal.ui.managepartners.view.NewPartnersap.m.StandardListItem{\"title\":\"India\"}"}]}
RESULT: undefined
COMMAND: POST /session/10503a4dac92bcb2538d37e21df02b44/execute/async - {"script":"<script> [1562 bytes]","args":[{"selector":{"controlType":"sap.m.Button","viewName":"etm.portal.ui.managepartners.view.NewPartner","viewId":"application-managepartners-display-component---NewPartner","properties":{"text":"Commercial"},"interaction":{"idSuffix":"BDI-content"}},"wdio_ui5_key":"etmportal.ui.managepartners.view.NewPartnersap.m.Button{\"text\":\"Commercial\"}"}]}
RESULT: {"script":"<script> [1562 bytes]","args":[{"selector":{"controlType":"sap.m.Button","viewName":"etm.portal.ui.managepartners.view.NewPartner","viewId":"application-managepartners-display-component---NewPartner","properties":{"text":"Commercial"},"interaction":{"idSuffix":"BDI-content"}},"wdio_ui5_key":"etmportal.ui.managepartners.view.NewPartnersap.m.Button{\"text\":\"Commercial\"}"}]}
RESULT: undefined
COMMAND: POST /session/10503a4dac92bcb2538d37e21df02b44/element - {"using":"xpath","value":"//*[@id=\"application-managepartners-display-component---NewPartner--ObjectPageLayout-anchBar-__section57-anchor\"]"}
RESULT: {"using":"xpath","value":"//*[@id=\"application-managepartners-display-component---NewPartner--ObjectPageLayout-anchBar-__section57-anchor\"]"}
COMMAND: POST /session/10503a4dac92bcb2538d37e21df02b44/element/f.FDAF18A8ED6EACE6EA012090E3B5CAAE.d.87799DC6C5CA27EC246C2093782951BC.e.9725/click - {}
RESULT: {}
COMMAND: POST /session/10503a4dac92bcb2538d37e21df02b44/execute/async - {"script":"<script> [1562 bytes]","args":[{"selector":{"id":"application-managepartners-display-component---NewPartner--partnerDetailInternal-arrow"},"wdio_ui5_key":"applicationmanagepartners-display-component---NewPartner--partnerDetailInternal-arrow"}]}
COMMAND: GET /session/10503a4dac92bcb2538d37e21df02b44/screenshot - {}
RESULT: {"script":"<script> [1562 bytes]","args":[{"selector":{"id":"application-managepartners-display-component---NewPartner--partnerDetailInternal-arrow"},"wdio_ui5_key":"applicationmanagepartners-display-component---NewPartner--partnerDetailInternal-arrow"}]}
RESULT: undefined
COMMAND: POST /session/10503a4dac92bcb2538d37e21df02b44/element - {"using":"xpath","value":"//*[@id=\"application-managepartners-display-component---NewPartner--partnerDetailInternal-arrow\"]"}
RESULT: {}
RESULT: {"using":"xpath","value":"//*[@id=\"application-managepartners-display-component---NewPartner--partnerDetailInternal-arrow\"]"}
COMMAND: POST /session/10503a4dac92bcb2538d37e21df02b44/element/f.FDAF18A8ED6EACE6EA012090E3B5CAAE.d.87799DC6C5CA27EC246C2093782951BC.e.9730/click - {}
RESULT: {}
COMMAND: POST /session/10503a4dac92bcb2538d37e21df02b44/execute/async - {"script":"<script> [1562 bytes]","args":[{"selector":{"controlType":"sap.m.StandardListItem","viewName":"etm.portal.ui.managepartners.view.NewPartner","viewId":"application-managepartners-display-component---NewPartner","properties":{"title":"External partner"},"searchOpenDialogs":true,"interaction":{"idSuffix":"content"}},"wdio_ui5_key":"etmportal.ui.managepartners.view.NewPartnersap.m.StandardListItem{\"title\":\"External partner\"}"}]}
COMMAND: GET /session/10503a4dac92bcb2538d37e21df02b44/screenshot - {}
RESULT: {"script":"<script> [1562 bytes]","args":[{"selector":{"controlType":"sap.m.StandardListItem","viewName":"etm.portal.ui.managepartners.view.NewPartner","viewId":"application-managepartners-display-component---NewPartner","properties":{"title":"External partner"},"searchOpenDialogs":true,"interaction":{"idSuffix":"content"}},"wdio_ui5_key":"etmportal.ui.managepartners.view.NewPartnersap.m.StandardListItem{\"title\":\"External partner\"}"}]}
RESULT: undefined
COMMAND: POST /session/10503a4dac92bcb2538d37e21df02b44/element - {"using":"xpath","value":"//*[@id=\"__item1278\"]"}
RESULT: {}
RESULT: {"using":"xpath","value":"//*[@id=\"__item1278\"]"}
COMMAND: POST /session/10503a4dac92bcb2538d37e21df02b44/element/f.FDAF18A8ED6EACE6EA012090E3B5CAAE.d.87799DC6C5CA27EC246C2093782951BC.e.9732/click - {}
RESULT: {}
COMMAND: POST /session/10503a4dac92bcb2538d37e21df02b44/execute/async - {"script":"<script> [1562 bytes]","args":[{"selector":{"id":"application-managepartners-display-component---NewPartner--partnerDetailsCurrency-arrow"},"wdio_ui5_key":"applicationmanagepartners-display-component---NewPartner--partnerDetailsCurrency-arrow"}]}
COMMAND: GET /session/10503a4dac92bcb2538d37e21df02b44/screenshot - {}
RESULT: {"script":"<script> [1562 bytes]","args":[{"selector":{"id":"application-managepartners-display-component---NewPartner--partnerDetailsCurrency-arrow"},"wdio_ui5_key":"applicationmanagepartners-display-component---NewPartner--partnerDetailsCurrency-arrow"}]}
RESULT: undefined
COMMAND: POST /session/10503a4dac92bcb2538d37e21df02b44/element - {"using":"xpath","value":"//*[@id=\"application-managepartners-display-component---NewPartner--partnerDetailsCurrency-arrow\"]"}
RESULT: {}
RESULT: {"using":"xpath","value":"//*[@id=\"application-managepartners-display-component---NewPartner--partnerDetailsCurrency-arrow\"]"}
COMMAND: POST /session/10503a4dac92bcb2538d37e21df02b44/element/f.FDAF18A8ED6EACE6EA012090E3B5CAAE.d.87799DC6C5CA27EC246C2093782951BC.e.9737/click - {}
RESULT: {}
COMMAND: POST /session/10503a4dac92bcb2538d37e21df02b44/execute/async - {"script":"<script> [1562 bytes]","args":[{"selector":{"controlType":"sap.m.StandardListItem","viewName":"etm.portal.ui.managepartners.view.NewPartner","viewId":"application-managepartners-display-component---NewPartner","properties":{"title":"Euro"},"searchOpenDialogs":true,"interaction":{"idSuffix":"content"}},"wdio_ui5_key":"etmportal.ui.managepartners.view.NewPartnersap.m.StandardListItem{\"title\":\"Euro\"}"}]}
COMMAND: GET /session/10503a4dac92bcb2538d37e21df02b44/screenshot - {}
RESULT: {"script":"<script> [1562 bytes]","args":[{"selector":{"controlType":"sap.m.StandardListItem","viewName":"etm.portal.ui.managepartners.view.NewPartner","viewId":"application-managepartners-display-component---NewPartner","properties":{"title":"Euro"},"searchOpenDialogs":true,"interaction":{"idSuffix":"content"}},"wdio_ui5_key":"etmportal.ui.managepartners.view.NewPartnersap.m.StandardListItem{\"title\":\"Euro\"}"}]}
RESULT: undefined
COMMAND: POST /session/10503a4dac92bcb2538d37e21df02b44/element - {"using":"xpath","value":"//*[@id=\"__item1280\"]"}
RESULT: {}
RESULT: {"using":"xpath","value":"//*[@id=\"__item1280\"]"}
COMMAND: POST /session/10503a4dac92bcb2538d37e21df02b44/element/f.FDAF18A8ED6EACE6EA012090E3B5CAAE.d.87799DC6C5CA27EC246C2093782951BC.e.9739/click - {}
RESULT: {}
COMMAND: POST /session/10503a4dac92bcb2538d37e21df02b44/execute/async - {"script":"<script> [1562 bytes]","args":[{"selector":{"controlType":"sap.m.Button","viewName":"etm.portal.ui.managepartners.view.NewPartner","viewId":"application-managepartners-display-component---NewPartner","properties":{"text":"Assignments"},"interaction":{"idSuffix":"BDI-content"}},"wdio_ui5_key":"etmportal.ui.managepartners.view.NewPartnersap.m.Button{\"text\":\"Assignments\"}"}]}
COMMAND: GET /session/10503a4dac92bcb2538d37e21df02b44/screenshot - {}
RESULT: {"script":"<script> [1562 bytes]","args":[{"selector":{"controlType":"sap.m.Button","viewName":"etm.portal.ui.managepartners.view.NewPartner","viewId":"application-managepartners-display-component---NewPartner","properties":{"text":"Assignments"},"interaction":{"idSuffix":"BDI-content"}},"wdio_ui5_key":"etmportal.ui.managepartners.view.NewPartnersap.m.Button{\"text\":\"Assignments\"}"}]}
RESULT: undefined
COMMAND: POST /session/10503a4dac92bcb2538d37e21df02b44/element - {"using":"xpath","value":"//*[@id=\"application-managepartners-display-component---NewPartner--ObjectPageLayout-anchBar-__section61-anchor\"]"}
RESULT: {}
RESULT: {"using":"xpath","value":"//*[@id=\"application-managepartners-display-component---NewPartner--ObjectPageLayout-anchBar-__section61-anchor\"]"}
COMMAND: POST /session/10503a4dac92bcb2538d37e21df02b44/element/f.FDAF18A8ED6EACE6EA012090E3B5CAAE.d.87799DC6C5CA27EC246C2093782951BC.e.9741/click - {}
RESULT: {}
COMMAND: POST /session/10503a4dac92bcb2538d37e21df02b44/execute/async - {"script":"<script> [1562 bytes]","args":[{"selector":{"id":"application-managepartners-display-component---NewPartner--btnAddTableRow","interaction":{"idSuffix":"inner"}},"wdio_ui5_key":"applicationmanagepartners-display-component---NewPartner--btnAddTableRow"}]}
COMMAND: GET /session/10503a4dac92bcb2538d37e21df02b44/screenshot - {}
RESULT: {"script":"<script> [1562 bytes]","args":[{"selector":{"id":"application-managepartners-display-component---NewPartner--btnAddTableRow","interaction":{"idSuffix":"inner"}},"wdio_ui5_key":"applicationmanagepartners-display-component---NewPartner--btnAddTableRow"}]}
RESULT: undefined
COMMAND: POST /session/10503a4dac92bcb2538d37e21df02b44/element - {"using":"xpath","value":"//*[@id=\"application-managepartners-display-component---NewPartner--btnAddTableRow\"]"}
RESULT: {}
RESULT: {"using":"xpath","value":"//*[@id=\"application-managepartners-display-component---NewPartner--btnAddTableRow\"]"}
COMMAND: POST /session/10503a4dac92bcb2538d37e21df02b44/element/f.FDAF18A8ED6EACE6EA012090E3B5CAAE.d.87799DC6C5CA27EC246C2093782951BC.e.9746/click - {}
RESULT: {}
COMMAND: POST /session/10503a4dac92bcb2538d37e21df02b44/element - {"using":"css selector","value":"#application-managepartners-display-component---NewPartner--assignmentYard-application-managepartners-display-component---NewPartner--assignmentsTable-0-inner"}
COMMAND: GET /session/10503a4dac92bcb2538d37e21df02b44/screenshot - {}
RESULT: {"using":"css selector","value":"#application-managepartners-display-component---NewPartner--assignmentYard-application-managepartners-display-component---NewPartner--assignmentsTable-0-inner"}
COMMAND: POST /session/10503a4dac92bcb2538d37e21df02b44/element/f.FDAF18A8ED6EACE6EA012090E3B5CAAE.d.87799DC6C5CA27EC246C2093782951BC.e.9748/clear - {}
RESULT: {}
RESULT: {}
COMMAND: POST /session/10503a4dac92bcb2538d37e21df02b44/element/f.FDAF18A8ED6EACE6EA012090E3B5CAAE.d.87799DC6C5CA27EC246C2093782951BC.e.9748/value - {"text":"530"}
COMMAND: GET /session/10503a4dac92bcb2538d37e21df02b44/screenshot - {}
RESULT: {"text":"530"}
COMMAND: POST /session/10503a4dac92bcb2538d37e21df02b44/execute/async - {"script":"<script> [1562 bytes]","args":[{"selector":{"id":"application-managepartners-display-component---NewPartner--assignmentYard-application-managepartners-display-component---NewPartner--assignmentsTable-0-arrow"},"wdio_ui5_key":"applicationmanagepartners-display-component---NewPartner--assignmentYard-application-managepartners-display-component---NewPartner--assignmentsTable-0-arrow"}]}
COMMAND: GET /session/10503a4dac92bcb2538d37e21df02b44/screenshot - {}
RESULT: {}
RESULT: {"script":"<script> [1562 bytes]","args":[{"selector":{"id":"application-managepartners-display-component---NewPartner--assignmentYard-application-managepartners-display-component---NewPartner--assignmentsTable-0-arrow"},"wdio_ui5_key":"applicationmanagepartners-display-component---NewPartner--assignmentYard-application-managepartners-display-component---NewPartner--assignmentsTable-0-arrow"}]}
RESULT: undefined
COMMAND: POST /session/10503a4dac92bcb2538d37e21df02b44/element - {"using":"xpath","value":"//*[@id=\"application-managepartners-display-component---NewPartner--assignmentYard-application-managepartners-display-component---NewPartner--assignmentsTable-0-arrow\"]"}
RESULT: {}
RESULT: {"using":"xpath","value":"//*[@id=\"application-managepartners-display-component---NewPartner--assignmentYard-application-managepartners-display-component---NewPartner--assignmentsTable-0-arrow\"]"}
COMMAND: POST /session/10503a4dac92bcb2538d37e21df02b44/element/f.FDAF18A8ED6EACE6EA012090E3B5CAAE.d.87799DC6C5CA27EC246C2093782951BC.e.9756/click - {}
RESULT: {}
COMMAND: GET /session/10503a4dac92bcb2538d37e21df02b44/screenshot - {}
RESULT: {}
COMMAND: POST /session/10503a4dac92bcb2538d37e21df02b44/execute/async - {"script":"<script> [1562 bytes]","args":[{"selector":{"controlType":"sap.m.Button","viewName":"etm.portal.ui.managepartners.view.NewPartner","viewId":"application-managepartners-display-component---NewPartner","i18NText":{"propertyName":"text","key":"save"},"interaction":{"idSuffix":"BDI-content"}},"wdio_ui5_key":"etmportal.ui.managepartners.view.NewPartnersap.m.Button{\"propertyName\":\"text\",\"key\":\"save\"}"}]}
RESULT: {"script":"<script> [1562 bytes]","args":[{"selector":{"controlType":"sap.m.Button","viewName":"etm.portal.ui.managepartners.view.NewPartner","viewId":"application-managepartners-display-component---NewPartner","i18NText":{"propertyName":"text","key":"save"},"interaction":{"idSuffix":"BDI-content"}},"wdio_ui5_key":"etmportal.ui.managepartners.view.NewPartnersap.m.Button{\"propertyName\":\"text\",\"key\":\"save\"}"}]}
RESULT: undefined
COMMAND: POST /session/10503a4dac92bcb2538d37e21df02b44/element - {"using":"xpath","value":"//*[@id=\"__button127\"]"}
RESULT: {"using":"xpath","value":"//*[@id=\"__button127\"]"}
COMMAND: POST /session/10503a4dac92bcb2538d37e21df02b44/element/f.FDAF18A8ED6EACE6EA012090E3B5CAAE.d.87799DC6C5CA27EC246C2093782951BC.e.9663/click - {}
RESULT: {}
COMMAND: GET /session/10503a4dac92bcb2538d37e21df02b44/screenshot - {}
RESULT: {}
COMMAND: POST /session/10503a4dac92bcb2538d37e21df02b44/execute/async - {"script":"<script> [1562 bytes]","args":[{"selector":{"controlType":"sap.m.Text","viewName":"etm.portal.ui.managepartners.view.Detail","viewId":"application-managepartners-display-component---detailPtm","bindingPath":{"propertyPath":"ID","modelName":"catalogModel"}},"wdio_ui5_key":"etmportal.ui.managepartners.view.Detailsap.m.Text{\"propertyPath\":\"ID\",\"modelName\":\"catalogModel\"}"}]}
RESULT: {"script":"<script> [1562 bytes]","args":[{"selector":{"controlType":"sap.m.Text","viewName":"etm.portal.ui.managepartners.view.Detail","viewId":"application-managepartners-display-component---detailPtm","bindingPath":{"propertyPath":"ID","modelName":"catalogModel"}},"wdio_ui5_key":"etmportal.ui.managepartners.view.Detailsap.m.Text{\"propertyPath\":\"ID\",\"modelName\":\"catalogModel\"}"}]}
RESULT: undefined
COMMAND: POST /session/10503a4dac92bcb2538d37e21df02b44/execute/async - {"script":"<script> [6424 bytes]","args":[{"element-6066-11e4-a52e-4f735466cecf":"f.FDAF18A8ED6EACE6EA012090E3B5CAAE.d.87799DC6C5CA27EC246C2093782951BC.e.9920"},"getText",[]]}
RESULT: {"script":"<script> [6424 bytes]","args":[{"element-6066-11e4-a52e-4f735466cecf":"f.FDAF18A8ED6EACE6EA012090E3B5CAAE.d.87799DC6C5CA27EC246C2093782951BC.e.9920"},"getText",[]]}
COMMAND: POST /session/10503a4dac92bcb2538d37e21df02b44/element - {"using":"css selector","value":"#shell-header-logo"}
RESULT: {"using":"css selector","value":"#shell-header-logo"}
COMMAND: POST /session/10503a4dac92bcb2538d37e21df02b44/element/f.FDAF18A8ED6EACE6EA012090E3B5CAAE.d.87799DC6C5CA27EC246C2093782951BC.e.9245/click - {}
RESULT: {}
]]></system-out>
    </testcase>
    <testcase classname="chrome.135_0_7049_96.windows.Return_from_Site_w/_warehouse_management_w/_clarification_US125588" name="Should create a new WHM Material" time="74.354">
      <system-out><![CDATA[
COMMAND: POST /session/10503a4dac92bcb2538d37e21df02b44/execute/async - {"script":"<script> [1562 bytes]","args":[{"selector":{"controlType":"sap.m.GenericTile","properties":{"header":"Manage Resources"}},"wdio_ui5_key":"sapm.GenericTile{\"header\":\"Manage Resources\"}"}]}
COMMAND: GET /session/10503a4dac92bcb2538d37e21df02b44/screenshot - {}
RESULT: {"script":"<script> [1562 bytes]","args":[{"selector":{"controlType":"sap.m.GenericTile","properties":{"header":"Manage Resources"}},"wdio_ui5_key":"sapm.GenericTile{\"header\":\"Manage Resources\"}"}]}
RESULT: undefined
COMMAND: POST /session/10503a4dac92bcb2538d37e21df02b44/element - {"using":"xpath","value":"//*[@id=\"__tile39\"]"}
RESULT: {}
RESULT: {"using":"xpath","value":"//*[@id=\"__tile39\"]"}
COMMAND: POST /session/10503a4dac92bcb2538d37e21df02b44/element/f.FDAF18A8ED6EACE6EA012090E3B5CAAE.d.87799DC6C5CA27EC246C2093782951BC.e.9922/click - {}
RESULT: {}
COMMAND: POST /session/10503a4dac92bcb2538d37e21df02b44/execute/async - {"script":"<script> [1562 bytes]","args":[{"selector":{"controlType":"sap.m.OverflowToolbarButton","viewName":"etm.portal.ui.manageresources.view.Master","viewId":"application-manageresources-display-component---masterRU","bindingPath":{"path":"","propertyPath":"/isLogbook","modelName":"minimumStockRPGModel"},"interaction":{"idSuffix":"inner"}},"wdio_ui5_key":"etmportal.ui.manageresources.view.Mastersap.m.OverflowToolbarButton{\"path\":\"\",\"propertyPath\":\"/isLogbook\",\"modelName\":\"minimumStockRPGModel\"}"}]}
COMMAND: GET /session/10503a4dac92bcb2538d37e21df02b44/screenshot - {}
RESULT: {"script":"<script> [1562 bytes]","args":[{"selector":{"controlType":"sap.m.OverflowToolbarButton","viewName":"etm.portal.ui.manageresources.view.Master","viewId":"application-manageresources-display-component---masterRU","bindingPath":{"path":"","propertyPath":"/isLogbook","modelName":"minimumStockRPGModel"},"interaction":{"idSuffix":"inner"}},"wdio_ui5_key":"etmportal.ui.manageresources.view.Mastersap.m.OverflowToolbarButton{\"path\":\"\",\"propertyPath\":\"/isLogbook\",\"modelName\":\"minimumStockRPGModel\"}"}]}
RESULT: undefined
COMMAND: POST /session/10503a4dac92bcb2538d37e21df02b44/element - {"using":"xpath","value":"//*[@id=\"__button168\"]"}
RESULT: {}
RESULT: {"using":"xpath","value":"//*[@id=\"__button168\"]"}
COMMAND: POST /session/10503a4dac92bcb2538d37e21df02b44/element/f.FDAF18A8ED6EACE6EA012090E3B5CAAE.d.87799DC6C5CA27EC246C2093782951BC.e.9964/click - {}
RESULT: {}
COMMAND: GET /session/10503a4dac92bcb2538d37e21df02b44/screenshot - {}
COMMAND: POST /session/10503a4dac92bcb2538d37e21df02b44/execute/async - {"script":"<script> [1562 bytes]","args":[{"selector":{"id":"application-manageresources-display-component---newResourceUnit--TYPE-arrow"},"wdio_ui5_key":"applicationmanageresources-display-component---newResourceUnit--TYPE-arrow"}]}
RESULT: {}
RESULT: {"script":"<script> [1562 bytes]","args":[{"selector":{"id":"application-manageresources-display-component---newResourceUnit--TYPE-arrow"},"wdio_ui5_key":"applicationmanageresources-display-component---newResourceUnit--TYPE-arrow"}]}
RESULT: undefined
COMMAND: POST /session/10503a4dac92bcb2538d37e21df02b44/element - {"using":"xpath","value":"//*[@id=\"application-manageresources-display-component---newResourceUnit--TYPE-arrow\"]"}
RESULT: {"using":"xpath","value":"//*[@id=\"application-manageresources-display-component---newResourceUnit--TYPE-arrow\"]"}
COMMAND: POST /session/10503a4dac92bcb2538d37e21df02b44/element/f.FDAF18A8ED6EACE6EA012090E3B5CAAE.d.87799DC6C5CA27EC246C2093782951BC.e.10290/click - {}
RESULT: {}
COMMAND: POST /session/10503a4dac92bcb2538d37e21df02b44/execute/async - {"script":"<script> [1562 bytes]","args":[{"selector":{"controlType":"sap.m.StandardListItem","viewName":"reusables.view.manageresources.NewResourceUnit","viewId":"application-manageresources-display-component---newResourceUnit","properties":{"title":"Material"},"searchOpenDialogs":true,"interaction":{"idSuffix":"content"}},"wdio_ui5_key":"reusablesview.manageresources.NewResourceUnitsap.m.StandardListItem{\"title\":\"Material\"}"}]}
COMMAND: GET /session/10503a4dac92bcb2538d37e21df02b44/screenshot - {}
RESULT: {"script":"<script> [1562 bytes]","args":[{"selector":{"controlType":"sap.m.StandardListItem","viewName":"reusables.view.manageresources.NewResourceUnit","viewId":"application-manageresources-display-component---newResourceUnit","properties":{"title":"Material"},"searchOpenDialogs":true,"interaction":{"idSuffix":"content"}},"wdio_ui5_key":"reusablesview.manageresources.NewResourceUnitsap.m.StandardListItem{\"title\":\"Material\"}"}]}
RESULT: undefined
COMMAND: POST /session/10503a4dac92bcb2538d37e21df02b44/element - {"using":"xpath","value":"//*[@id=\"__item1553\"]"}
RESULT: {}
RESULT: {"using":"xpath","value":"//*[@id=\"__item1553\"]"}
COMMAND: POST /session/10503a4dac92bcb2538d37e21df02b44/element/f.FDAF18A8ED6EACE6EA012090E3B5CAAE.d.87799DC6C5CA27EC246C2093782951BC.e.10293/click - {}
RESULT: {}
COMMAND: POST /session/10503a4dac92bcb2538d37e21df02b44/execute/async - {"script":"<script> [1562 bytes]","args":[{"selector":{"id":"application-manageresources-display-component---newResourceUnit--resourceId","interaction":{"idSuffix":"inner"}},"wdio_ui5_key":"applicationmanageresources-display-component---newResourceUnit--resourceId"}]}
COMMAND: GET /session/10503a4dac92bcb2538d37e21df02b44/screenshot - {}
RESULT: {"script":"<script> [1562 bytes]","args":[{"selector":{"id":"application-manageresources-display-component---newResourceUnit--resourceId","interaction":{"idSuffix":"inner"}},"wdio_ui5_key":"applicationmanageresources-display-component---newResourceUnit--resourceId"}]}
RESULT: undefined
COMMAND: POST /session/10503a4dac92bcb2538d37e21df02b44/execute/async - {"script":"<script> [1562 bytes]","args":[{"selector":{"id":"application-manageresources-display-component---newResourceUnit--SHORT_TEXT","interaction":{"idSuffix":"inner"}},"wdio_ui5_key":"applicationmanageresources-display-component---newResourceUnit--SHORT_TEXT"}]}
RESULT: {}
RESULT: {"script":"<script> [1562 bytes]","args":[{"selector":{"id":"application-manageresources-display-component---newResourceUnit--SHORT_TEXT","interaction":{"idSuffix":"inner"}},"wdio_ui5_key":"applicationmanageresources-display-component---newResourceUnit--SHORT_TEXT"}]}
RESULT: undefined
COMMAND: POST /session/10503a4dac92bcb2538d37e21df02b44/execute/async - {"script":"<script> [776 bytes]","args":[{"enterText":"material WHM","selector":{"id":"application-manageresources-display-component---newResourceUnit--SHORT_TEXT","interaction":{"idSuffix":"inner"}},"clearTextFirst":true,"interactionType":"ENTER_TEXT"}]}
RESULT: {"script":"<script> [776 bytes]","args":[{"enterText":"material WHM","selector":{"id":"application-manageresources-display-component---newResourceUnit--SHORT_TEXT","interaction":{"idSuffix":"inner"}},"clearTextFirst":true,"interactionType":"ENTER_TEXT"}]}
COMMAND: POST /session/10503a4dac92bcb2538d37e21df02b44/execute/async - {"script":"<script> [1562 bytes]","args":[{"selector":{"id":"application-manageresources-display-component---newResourceUnit--BASE_UNIT_OF_MEASURE","interaction":{"idSuffix":"inner"}},"wdio_ui5_key":"applicationmanageresources-display-component---newResourceUnit--BASE_UNIT_OF_MEASURE"}]}
RESULT: {"script":"<script> [1562 bytes]","args":[{"selector":{"id":"application-manageresources-display-component---newResourceUnit--BASE_UNIT_OF_MEASURE","interaction":{"idSuffix":"inner"}},"wdio_ui5_key":"applicationmanageresources-display-component---newResourceUnit--BASE_UNIT_OF_MEASURE"}]}
RESULT: undefined
COMMAND: POST /session/10503a4dac92bcb2538d37e21df02b44/execute/async - {"script":"<script> [776 bytes]","args":[{"enterText":"Piece","selector":{"id":"application-manageresources-display-component---newResourceUnit--BASE_UNIT_OF_MEASURE","interaction":{"idSuffix":"inner"}},"clearTextFirst":true,"interactionType":"ENTER_TEXT"}]}
RESULT: {"script":"<script> [776 bytes]","args":[{"enterText":"Piece","selector":{"id":"application-manageresources-display-component---newResourceUnit--BASE_UNIT_OF_MEASURE","interaction":{"idSuffix":"inner"}},"clearTextFirst":true,"interactionType":"ENTER_TEXT"}]}
COMMAND: POST /session/10503a4dac92bcb2538d37e21df02b44/execute/async - {"script":"<script> [1562 bytes]","args":[{"selector":{"id":"application-manageresources-display-component---newResourceUnit--WEIGHT_UNIT","interaction":{"idSuffix":"inner"}},"wdio_ui5_key":"applicationmanageresources-display-component---newResourceUnit--WEIGHT_UNIT"}]}
RESULT: {"script":"<script> [1562 bytes]","args":[{"selector":{"id":"application-manageresources-display-component---newResourceUnit--WEIGHT_UNIT","interaction":{"idSuffix":"inner"}},"wdio_ui5_key":"applicationmanageresources-display-component---newResourceUnit--WEIGHT_UNIT"}]}
RESULT: undefined
COMMAND: POST /session/10503a4dac92bcb2538d37e21df02b44/execute/async - {"script":"<script> [776 bytes]","args":[{"enterText":"Gram","selector":{"id":"application-manageresources-display-component---newResourceUnit--WEIGHT_UNIT","interaction":{"idSuffix":"inner"}},"clearTextFirst":true,"interactionType":"ENTER_TEXT"}]}
RESULT: {"script":"<script> [776 bytes]","args":[{"enterText":"Gram","selector":{"id":"application-manageresources-display-component---newResourceUnit--WEIGHT_UNIT","interaction":{"idSuffix":"inner"}},"clearTextFirst":true,"interactionType":"ENTER_TEXT"}]}
COMMAND: POST /session/10503a4dac92bcb2538d37e21df02b44/execute/async - {"script":"<script> [1562 bytes]","args":[{"selector":{"id":"application-manageresources-display-component---newResourceUnit--DIMENSION_UNIT","interaction":{"idSuffix":"inner"}},"wdio_ui5_key":"applicationmanageresources-display-component---newResourceUnit--DIMENSION_UNIT"}]}
RESULT: {"script":"<script> [1562 bytes]","args":[{"selector":{"id":"application-manageresources-display-component---newResourceUnit--DIMENSION_UNIT","interaction":{"idSuffix":"inner"}},"wdio_ui5_key":"applicationmanageresources-display-component---newResourceUnit--DIMENSION_UNIT"}]}
RESULT: undefined
COMMAND: POST /session/10503a4dac92bcb2538d37e21df02b44/execute/async - {"script":"<script> [776 bytes]","args":[{"enterText":"Meter","selector":{"id":"application-manageresources-display-component---newResourceUnit--DIMENSION_UNIT","interaction":{"idSuffix":"inner"}},"clearTextFirst":true,"interactionType":"ENTER_TEXT"}]}
RESULT: {"script":"<script> [776 bytes]","args":[{"enterText":"Meter","selector":{"id":"application-manageresources-display-component---newResourceUnit--DIMENSION_UNIT","interaction":{"idSuffix":"inner"}},"clearTextFirst":true,"interactionType":"ENTER_TEXT"}]}
COMMAND: POST /session/10503a4dac92bcb2538d37e21df02b44/execute/async - {"script":"<script> [1562 bytes]","args":[{"selector":{"id":"application-manageresources-display-component---newResourceUnit--newRRUPage-anchBar-application-manageresources-display-component---newResourceUnit--control-anchor","interaction":{"idSuffix":"content"}},"wdio_ui5_key":"applicationmanageresources-display-component---newResourceUnit--newRRUPage-anchBar-application-manageresources-display-component---newResourceUnit--control-anchor"}]}
RESULT: {"script":"<script> [1562 bytes]","args":[{"selector":{"id":"application-manageresources-display-component---newResourceUnit--newRRUPage-anchBar-application-manageresources-display-component---newResourceUnit--control-anchor","interaction":{"idSuffix":"content"}},"wdio_ui5_key":"applicationmanageresources-display-component---newResourceUnit--newRRUPage-anchBar-application-manageresources-display-component---newResourceUnit--control-anchor"}]}
RESULT: undefined
COMMAND: POST /session/10503a4dac92bcb2538d37e21df02b44/element - {"using":"xpath","value":"//*[@id=\"application-manageresources-display-component---newResourceUnit--newRRUPage-anchBar-application-manageresources-display-component---newResourceUnit--control-anchor\"]"}
RESULT: {"using":"xpath","value":"//*[@id=\"application-manageresources-display-component---newResourceUnit--newRRUPage-anchBar-application-manageresources-display-component---newResourceUnit--control-anchor\"]"}
COMMAND: POST /session/10503a4dac92bcb2538d37e21df02b44/element/f.FDAF18A8ED6EACE6EA012090E3B5CAAE.d.87799DC6C5CA27EC246C2093782951BC.e.10357/click - {}
RESULT: {}
COMMAND: POST /session/10503a4dac92bcb2538d37e21df02b44/execute/async - {"script":"<script> [1562 bytes]","args":[{"selector":{"id":"application-manageresources-display-component---newResourceUnit--PLANNING_GROUP","interaction":{"idSuffix":"inner"}},"wdio_ui5_key":"applicationmanageresources-display-component---newResourceUnit--PLANNING_GROUP"}]}
COMMAND: GET /session/10503a4dac92bcb2538d37e21df02b44/screenshot - {}
RESULT: {"script":"<script> [1562 bytes]","args":[{"selector":{"id":"application-manageresources-display-component---newResourceUnit--PLANNING_GROUP","interaction":{"idSuffix":"inner"}},"wdio_ui5_key":"applicationmanageresources-display-component---newResourceUnit--PLANNING_GROUP"}]}
RESULT: undefined
COMMAND: POST /session/10503a4dac92bcb2538d37e21df02b44/execute/async - {"script":"<script> [776 bytes]","args":[{"enterText":"Heavy Equi","selector":{"id":"application-manageresources-display-component---newResourceUnit--PLANNING_GROUP","interaction":{"idSuffix":"inner"}},"clearTextFirst":true,"interactionType":"ENTER_TEXT"}]}
RESULT: {}
RESULT: {"script":"<script> [776 bytes]","args":[{"enterText":"Heavy Equi","selector":{"id":"application-manageresources-display-component---newResourceUnit--PLANNING_GROUP","interaction":{"idSuffix":"inner"}},"clearTextFirst":true,"interactionType":"ENTER_TEXT"}]}
COMMAND: POST /session/10503a4dac92bcb2538d37e21df02b44/execute/async - {"script":"<script> [1562 bytes]","args":[{"selector":{"id":"application-manageresources-display-component---newResourceUnit--PLANNING_INDICATOR","interaction":{"idSuffix":"inner"}},"wdio_ui5_key":"applicationmanageresources-display-component---newResourceUnit--PLANNING_INDICATOR"}]}
RESULT: {"script":"<script> [1562 bytes]","args":[{"selector":{"id":"application-manageresources-display-component---newResourceUnit--PLANNING_INDICATOR","interaction":{"idSuffix":"inner"}},"wdio_ui5_key":"applicationmanageresources-display-component---newResourceUnit--PLANNING_INDICATOR"}]}
RESULT: undefined
COMMAND: POST /session/10503a4dac92bcb2538d37e21df02b44/execute/async - {"script":"<script> [776 bytes]","args":[{"enterText":"10 - infinite","selector":{"id":"application-manageresources-display-component---newResourceUnit--PLANNING_INDICATOR","interaction":{"idSuffix":"inner"}},"clearTextFirst":true,"interactionType":"ENTER_TEXT"}]}
RESULT: {"script":"<script> [776 bytes]","args":[{"enterText":"10 - infinite","selector":{"id":"application-manageresources-display-component---newResourceUnit--PLANNING_INDICATOR","interaction":{"idSuffix":"inner"}},"clearTextFirst":true,"interactionType":"ENTER_TEXT"}]}
COMMAND: POST /session/10503a4dac92bcb2538d37e21df02b44/actions - {"actions":[{"id":"action39","type":"key","parameters":{},"actions":[{"type":"keyDown","value":"î€‡"},{"type":"pause","duration":10},{"type":"keyUp","value":"î€‡"}]}]}
RESULT: {"actions":[{"id":"action39","type":"key","parameters":{},"actions":[{"type":"keyDown","value":"î€‡"},{"type":"pause","duration":10},{"type":"keyUp","value":"î€‡"}]}]}
COMMAND: POST /session/10503a4dac92bcb2538d37e21df02b44/execute/async - {"script":"<script> [1562 bytes]","args":[{"selector":{"id":"application-manageresources-display-component---newResourceUnit--ITEM_TYPE-arrow"},"wdio_ui5_key":"applicationmanageresources-display-component---newResourceUnit--ITEM_TYPE-arrow"}]}
COMMAND: GET /session/10503a4dac92bcb2538d37e21df02b44/screenshot - {}
RESULT: {"script":"<script> [1562 bytes]","args":[{"selector":{"id":"application-manageresources-display-component---newResourceUnit--ITEM_TYPE-arrow"},"wdio_ui5_key":"applicationmanageresources-display-component---newResourceUnit--ITEM_TYPE-arrow"}]}
RESULT: undefined
COMMAND: POST /session/10503a4dac92bcb2538d37e21df02b44/element - {"using":"xpath","value":"//*[@id=\"application-manageresources-display-component---newResourceUnit--ITEM_TYPE-arrow\"]"}
RESULT: {}
RESULT: {"using":"xpath","value":"//*[@id=\"application-manageresources-display-component---newResourceUnit--ITEM_TYPE-arrow\"]"}
COMMAND: POST /session/10503a4dac92bcb2538d37e21df02b44/element/f.FDAF18A8ED6EACE6EA012090E3B5CAAE.d.87799DC6C5CA27EC246C2093782951BC.e.10365/click - {}
RESULT: {}
COMMAND: POST /session/10503a4dac92bcb2538d37e21df02b44/execute/async - {"script":"<script> [1562 bytes]","args":[{"selector":{"controlType":"sap.m.StandardListItem","viewName":"reusables.view.manageresources.NewResourceUnit","viewId":"application-manageresources-display-component---newResourceUnit","properties":{"title":"Resource Unit"},"searchOpenDialogs":true,"interaction":{"idSuffix":"titleText"}},"wdio_ui5_key":"reusablesview.manageresources.NewResourceUnitsap.m.StandardListItem{\"title\":\"Resource Unit\"}"}]}
COMMAND: GET /session/10503a4dac92bcb2538d37e21df02b44/screenshot - {}
RESULT: {"script":"<script> [1562 bytes]","args":[{"selector":{"controlType":"sap.m.StandardListItem","viewName":"reusables.view.manageresources.NewResourceUnit","viewId":"application-manageresources-display-component---newResourceUnit","properties":{"title":"Resource Unit"},"searchOpenDialogs":true,"interaction":{"idSuffix":"titleText"}},"wdio_ui5_key":"reusablesview.manageresources.NewResourceUnitsap.m.StandardListItem{\"title\":\"Resource Unit\"}"}]}
RESULT: undefined
RESULT: {}
COMMAND: POST /session/10503a4dac92bcb2538d37e21df02b44/execute/async - {"script":"<script> [1562 bytes]","args":[{"selector":{"controlType":"sap.m.Label","viewName":"reusables.view.manageresources.NewResourceUnit","viewId":"application-manageresources-display-component---newResourceUnit","i18NText":{"propertyName":"text","key":"planningGroup"},"interaction":{"idSuffix":"bdi"}},"wdio_ui5_key":"reusablesview.manageresources.NewResourceUnitsap.m.Label{\"propertyName\":\"text\",\"key\":\"planningGroup\"}"}]}
RESULT: {"script":"<script> [1562 bytes]","args":[{"selector":{"controlType":"sap.m.Label","viewName":"reusables.view.manageresources.NewResourceUnit","viewId":"application-manageresources-display-component---newResourceUnit","i18NText":{"propertyName":"text","key":"planningGroup"},"interaction":{"idSuffix":"bdi"}},"wdio_ui5_key":"reusablesview.manageresources.NewResourceUnitsap.m.Label{\"propertyName\":\"text\",\"key\":\"planningGroup\"}"}]}
RESULT: undefined
COMMAND: POST /session/10503a4dac92bcb2538d37e21df02b44/element - {"using":"xpath","value":"//*[@id=\"__label263\"]"}
RESULT: {"using":"xpath","value":"//*[@id=\"__label263\"]"}
COMMAND: POST /session/10503a4dac92bcb2538d37e21df02b44/element/f.FDAF18A8ED6EACE6EA012090E3B5CAAE.d.87799DC6C5CA27EC246C2093782951BC.e.10367/click - {}
RESULT: {}
COMMAND: GET /session/10503a4dac92bcb2538d37e21df02b44/screenshot - {}
RESULT: {}
COMMAND: POST /session/10503a4dac92bcb2538d37e21df02b44/actions - {"actions":[{"type":"key","id":"keyboard","actions":[{"type":"keyDown","value":"î›"}]}]}
RESULT: {"actions":[{"type":"key","id":"keyboard","actions":[{"type":"keyDown","value":"î›"}]}]}
COMMAND: GET /session/10503a4dac92bcb2538d37e21df02b44/screenshot - {}
RESULT: {}
COMMAND: POST /session/10503a4dac92bcb2538d37e21df02b44/actions - {"actions":[{"type":"key","id":"keyboard","actions":[{"type":"keyDown","value":"î›"}]}]}
RESULT: {"actions":[{"type":"key","id":"keyboard","actions":[{"type":"keyDown","value":"î›"}]}]}
COMMAND: GET /session/10503a4dac92bcb2538d37e21df02b44/screenshot - {}
RESULT: {}
COMMAND: POST /session/10503a4dac92bcb2538d37e21df02b44/actions - {"actions":[{"type":"key","id":"keyboard","actions":[{"type":"keyDown","value":"î›"}]}]}
RESULT: {"actions":[{"type":"key","id":"keyboard","actions":[{"type":"keyDown","value":"î›"}]}]}
COMMAND: GET /session/10503a4dac92bcb2538d37e21df02b44/screenshot - {}
RESULT: {}
COMMAND: POST /session/10503a4dac92bcb2538d37e21df02b44/actions - {"actions":[{"type":"key","id":"keyboard","actions":[{"type":"keyDown","value":"î›"}]}]}
RESULT: {"actions":[{"type":"key","id":"keyboard","actions":[{"type":"keyDown","value":"î›"}]}]}
COMMAND: GET /session/10503a4dac92bcb2538d37e21df02b44/screenshot - {}
RESULT: {}
COMMAND: POST /session/10503a4dac92bcb2538d37e21df02b44/actions - {"actions":[{"type":"key","id":"keyboard","actions":[{"type":"keyDown","value":"î›"}]}]}
RESULT: {"actions":[{"type":"key","id":"keyboard","actions":[{"type":"keyDown","value":"î›"}]}]}
COMMAND: GET /session/10503a4dac92bcb2538d37e21df02b44/screenshot - {}
RESULT: {}
COMMAND: POST /session/10503a4dac92bcb2538d37e21df02b44/actions - {"actions":[{"type":"key","id":"keyboard","actions":[{"type":"keyDown","value":"î›"}]}]}
RESULT: {"actions":[{"type":"key","id":"keyboard","actions":[{"type":"keyDown","value":"î›"}]}]}
COMMAND: GET /session/10503a4dac92bcb2538d37e21df02b44/screenshot - {}
RESULT: {}
COMMAND: POST /session/10503a4dac92bcb2538d37e21df02b44/execute/async - {"script":"<script> [1562 bytes]","args":[{"selector":{"id":"application-manageresources-display-component---newResourceUnit--btnAddTimeSegment-img"},"wdio_ui5_key":"applicationmanageresources-display-component---newResourceUnit--btnAddTimeSegment-img"}]}
RESULT: {"script":"<script> [1562 bytes]","args":[{"selector":{"id":"application-manageresources-display-component---newResourceUnit--btnAddTimeSegment-img"},"wdio_ui5_key":"applicationmanageresources-display-component---newResourceUnit--btnAddTimeSegment-img"}]}
RESULT: undefined
COMMAND: POST /session/10503a4dac92bcb2538d37e21df02b44/element - {"using":"xpath","value":"//*[@id=\"application-manageresources-display-component---newResourceUnit--btnAddTimeSegment-img\"]"}
RESULT: {"using":"xpath","value":"//*[@id=\"application-manageresources-display-component---newResourceUnit--btnAddTimeSegment-img\"]"}
COMMAND: POST /session/10503a4dac92bcb2538d37e21df02b44/element/f.FDAF18A8ED6EACE6EA012090E3B5CAAE.d.87799DC6C5CA27EC246C2093782951BC.e.10368/click - {}
RESULT: {}
COMMAND: POST /session/10503a4dac92bcb2538d37e21df02b44/element - {"using":"xpath","value":"//input[@id=\"application-manageresources-display-component---newResourceUnit--idRuTSAdmin-application-manageresources-display-component---newResourceUnit--RUTimeSegment-0-inner\"]"}
COMMAND: GET /session/10503a4dac92bcb2538d37e21df02b44/screenshot - {}
RESULT: {"using":"xpath","value":"//input[@id=\"application-manageresources-display-component---newResourceUnit--idRuTSAdmin-application-manageresources-display-component---newResourceUnit--RUTimeSegment-0-inner\"]"}
COMMAND: POST /session/10503a4dac92bcb2538d37e21df02b44/element/f.FDAF18A8ED6EACE6EA012090E3B5CAAE.d.87799DC6C5CA27EC246C2093782951BC.e.10371/clear - {}
RESULT: {}
RESULT: {}
COMMAND: POST /session/10503a4dac92bcb2538d37e21df02b44/element/f.FDAF18A8ED6EACE6EA012090E3B5CAAE.d.87799DC6C5CA27EC246C2093782951BC.e.10371/value - {"text":"530"}
COMMAND: GET /session/10503a4dac92bcb2538d37e21df02b44/screenshot - {}
RESULT: {"text":"530"}
COMMAND: GET /session/10503a4dac92bcb2538d37e21df02b44/screenshot - {}
RESULT: {}
RESULT: {}
COMMAND: POST /session/10503a4dac92bcb2538d37e21df02b44/actions - {"actions":[{"id":"action40","type":"key","parameters":{},"actions":[{"type":"keyDown","value":"î€‡"},{"type":"pause","duration":10},{"type":"keyUp","value":"î€‡"}]}]}
RESULT: {"actions":[{"id":"action40","type":"key","parameters":{},"actions":[{"type":"keyDown","value":"î€‡"},{"type":"pause","duration":10},{"type":"keyUp","value":"î€‡"}]}]}
COMMAND: GET /session/10503a4dac92bcb2538d37e21df02b44/screenshot - {}
RESULT: {}
COMMAND: POST /session/10503a4dac92bcb2538d37e21df02b44/execute/async - {"script":"<script> [1562 bytes]","args":[{"selector":{"controlType":"sap.m.Button","viewName":"reusables.view.manageresources.NewResourceUnit","viewId":"application-manageresources-display-component---newResourceUnit","i18NText":{"propertyName":"tooltip","key":"save"},"interaction":{"idSuffix":"BDI-content"}},"wdio_ui5_key":"reusablesview.manageresources.NewResourceUnitsap.m.Button{\"propertyName\":\"tooltip\",\"key\":\"save\"}"}]}
RESULT: {"script":"<script> [1562 bytes]","args":[{"selector":{"controlType":"sap.m.Button","viewName":"reusables.view.manageresources.NewResourceUnit","viewId":"application-manageresources-display-component---newResourceUnit","i18NText":{"propertyName":"tooltip","key":"save"},"interaction":{"idSuffix":"BDI-content"}},"wdio_ui5_key":"reusablesview.manageresources.NewResourceUnitsap.m.Button{\"propertyName\":\"tooltip\",\"key\":\"save\"}"}]}
RESULT: undefined
COMMAND: POST /session/10503a4dac92bcb2538d37e21df02b44/element - {"using":"xpath","value":"//*[@id=\"application-manageresources-display-component---newResourceUnit--createRuButton\"]"}
RESULT: {"using":"xpath","value":"//*[@id=\"application-manageresources-display-component---newResourceUnit--createRuButton\"]"}
COMMAND: POST /session/10503a4dac92bcb2538d37e21df02b44/element/f.FDAF18A8ED6EACE6EA012090E3B5CAAE.d.87799DC6C5CA27EC246C2093782951BC.e.10306/click - {}
RESULT: {}
COMMAND: POST /session/10503a4dac92bcb2538d37e21df02b44/execute/async - {"script":"<script> [1562 bytes]","args":[{"selector":{"controlType":"sap.m.Button","properties":{"text":"Close"},"searchOpenDialogs":true,"interaction":{"idSuffix":"BDI-content"}},"wdio_ui5_key":"sapm.Button{\"text\":\"Close\"}"}]}
COMMAND: GET /session/10503a4dac92bcb2538d37e21df02b44/screenshot - {}
RESULT: {"script":"<script> [1562 bytes]","args":[{"selector":{"controlType":"sap.m.Button","properties":{"text":"Close"},"searchOpenDialogs":true,"interaction":{"idSuffix":"BDI-content"}},"wdio_ui5_key":"sapm.Button{\"text\":\"Close\"}"}]}
RESULT: undefined
COMMAND: POST /session/10503a4dac92bcb2538d37e21df02b44/element - {"using":"xpath","value":"//*[@id=\"__mbox-btn-0\"]"}
RESULT: {}
RESULT: {"using":"xpath","value":"//*[@id=\"__mbox-btn-0\"]"}
COMMAND: POST /session/10503a4dac92bcb2538d37e21df02b44/element/f.FDAF18A8ED6EACE6EA012090E3B5CAAE.d.87799DC6C5CA27EC246C2093782951BC.e.10383/click - {}
RESULT: {}
COMMAND: GET /session/10503a4dac92bcb2538d37e21df02b44/screenshot - {}
RESULT: {}
COMMAND: POST /session/10503a4dac92bcb2538d37e21df02b44/execute/async - {"script":"<script> [1562 bytes]","args":[{"selector":{"controlType":"sap.m.Text","viewName":"etm.portal.ui.manageresources.view.Detail","viewId":"application-manageresources-display-component---detailRU","bindingPath":{"propertyPath":"ID","modelName":"catalogModel"}},"wdio_ui5_key":"etmportal.ui.manageresources.view.Detailsap.m.Text{\"propertyPath\":\"ID\",\"modelName\":\"catalogModel\"}"}]}
RESULT: {"script":"<script> [1562 bytes]","args":[{"selector":{"controlType":"sap.m.Text","viewName":"etm.portal.ui.manageresources.view.Detail","viewId":"application-manageresources-display-component---detailRU","bindingPath":{"propertyPath":"ID","modelName":"catalogModel"}},"wdio_ui5_key":"etmportal.ui.manageresources.view.Detailsap.m.Text{\"propertyPath\":\"ID\",\"modelName\":\"catalogModel\"}"}]}
RESULT: undefined
COMMAND: POST /session/10503a4dac92bcb2538d37e21df02b44/execute/async - {"script":"<script> [6424 bytes]","args":[{"element-6066-11e4-a52e-4f735466cecf":"f.FDAF18A8ED6EACE6EA012090E3B5CAAE.d.87799DC6C5CA27EC246C2093782951BC.e.10416"},"getText",[]]}
RESULT: {"script":"<script> [6424 bytes]","args":[{"element-6066-11e4-a52e-4f735466cecf":"f.FDAF18A8ED6EACE6EA012090E3B5CAAE.d.87799DC6C5CA27EC246C2093782951BC.e.10416"},"getText",[]]}
COMMAND: POST /session/10503a4dac92bcb2538d37e21df02b44/element - {"using":"css selector","value":"#shell-header-logo"}
RESULT: {"using":"css selector","value":"#shell-header-logo"}
COMMAND: POST /session/10503a4dac92bcb2538d37e21df02b44/element/f.FDAF18A8ED6EACE6EA012090E3B5CAAE.d.87799DC6C5CA27EC246C2093782951BC.e.9925/click - {}
RESULT: {}
COMMAND: GET /session/10503a4dac92bcb2538d37e21df02b44/screenshot - {}
RESULT: {}
]]></system-out>
    </testcase>
    <testcase classname="chrome.135_0_7049_96.windows.Return_from_Site_w/_warehouse_management_w/_clarification_US125588" name="Bin Status Report Should Create New Organization yard" time="44.38">
      <system-out><![CDATA[
COMMAND: POST /session/10503a4dac92bcb2538d37e21df02b44/execute/async - {"script":"<script> [1562 bytes]","args":[{"selector":{"controlType":"sap.m.GenericTile","properties":{"header":"Bin Status Report"}},"wdio_ui5_key":"sapm.GenericTile{\"header\":\"Bin Status Report\"}"}]}
RESULT: {"script":"<script> [1562 bytes]","args":[{"selector":{"controlType":"sap.m.GenericTile","properties":{"header":"Bin Status Report"}},"wdio_ui5_key":"sapm.GenericTile{\"header\":\"Bin Status Report\"}"}]}
RESULT: undefined
COMMAND: POST /session/10503a4dac92bcb2538d37e21df02b44/element - {"using":"xpath","value":"//*[@id=\"__tile104\"]"}
RESULT: {"using":"xpath","value":"//*[@id=\"__tile104\"]"}
COMMAND: POST /session/10503a4dac92bcb2538d37e21df02b44/element/f.FDAF18A8ED6EACE6EA012090E3B5CAAE.d.87799DC6C5CA27EC246C2093782951BC.e.10420/click - {}
RESULT: {}
COMMAND: GET /session/10503a4dac92bcb2538d37e21df02b44/screenshot - {}
RESULT: {}
COMMAND: POST /session/10503a4dac92bcb2538d37e21df02b44/execute/async - {"script":"<script> [1562 bytes]","args":[{"selector":{"id":"application-binstatusreport-display-component---warehousing--createOrgBtn","interaction":{"idSuffix":"content"}},"wdio_ui5_key":"applicationbinstatusreport-display-component---warehousing--createOrgBtn"}]}
RESULT: {"script":"<script> [1562 bytes]","args":[{"selector":{"id":"application-binstatusreport-display-component---warehousing--createOrgBtn","interaction":{"idSuffix":"content"}},"wdio_ui5_key":"applicationbinstatusreport-display-component---warehousing--createOrgBtn"}]}
RESULT: undefined
COMMAND: POST /session/10503a4dac92bcb2538d37e21df02b44/element - {"using":"xpath","value":"//*[@id=\"application-binstatusreport-display-component---warehousing--createOrgBtn\"]"}
RESULT: {"using":"xpath","value":"//*[@id=\"application-binstatusreport-display-component---warehousing--createOrgBtn\"]"}
COMMAND: POST /session/10503a4dac92bcb2538d37e21df02b44/element/f.FDAF18A8ED6EACE6EA012090E3B5CAAE.d.87799DC6C5CA27EC246C2093782951BC.e.10477/click - {}
RESULT: {}
COMMAND: POST /session/10503a4dac92bcb2538d37e21df02b44/execute/async - {"script":"<script> [1562 bytes]","args":[{"selector":{"id":"createOrganizationPop--sectionInput","searchOpenDialogs":true,"interaction":{"idSuffix":"inner"}},"wdio_ui5_key":"createOrganizationPopsectionInput"}]}
COMMAND: GET /session/10503a4dac92bcb2538d37e21df02b44/screenshot - {}
RESULT: {"script":"<script> [1562 bytes]","args":[{"selector":{"id":"createOrganizationPop--sectionInput","searchOpenDialogs":true,"interaction":{"idSuffix":"inner"}},"wdio_ui5_key":"createOrganizationPopsectionInput"}]}
RESULT: undefined
COMMAND: POST /session/10503a4dac92bcb2538d37e21df02b44/execute/async - {"script":"<script> [776 bytes]","args":[{"enterText":"WDI530","selector":{"id":"createOrganizationPop--sectionInput","searchOpenDialogs":true,"interaction":{"idSuffix":"inner"}},"clearTextFirst":true,"interactionType":"ENTER_TEXT"}]}
RESULT: {}
RESULT: {"script":"<script> [776 bytes]","args":[{"enterText":"WDI530","selector":{"id":"createOrganizationPop--sectionInput","searchOpenDialogs":true,"interaction":{"idSuffix":"inner"}},"clearTextFirst":true,"interactionType":"ENTER_TEXT"}]}
COMMAND: POST /session/10503a4dac92bcb2538d37e21df02b44/execute/async - {"script":"<script> [1562 bytes]","args":[{"selector":{"id":"createOrganizationPop--descriptionInput","searchOpenDialogs":true,"interaction":{"idSuffix":"inner"}},"wdio_ui5_key":"createOrganizationPopdescriptionInput"}]}
RESULT: {"script":"<script> [1562 bytes]","args":[{"selector":{"id":"createOrganizationPop--descriptionInput","searchOpenDialogs":true,"interaction":{"idSuffix":"inner"}},"wdio_ui5_key":"createOrganizationPopdescriptionInput"}]}
RESULT: undefined
COMMAND: POST /session/10503a4dac92bcb2538d37e21df02b44/execute/async - {"script":"<script> [776 bytes]","args":[{"enterText":"Shipping530","selector":{"id":"createOrganizationPop--descriptionInput","searchOpenDialogs":true,"interaction":{"idSuffix":"inner"}},"clearTextFirst":true,"interactionType":"ENTER_TEXT"}]}
RESULT: {"script":"<script> [776 bytes]","args":[{"enterText":"Shipping530","selector":{"id":"createOrganizationPop--descriptionInput","searchOpenDialogs":true,"interaction":{"idSuffix":"inner"}},"clearTextFirst":true,"interactionType":"ENTER_TEXT"}]}
COMMAND: POST /session/10503a4dac92bcb2538d37e21df02b44/element - {"using":"css selector","value":"#createOrganizationPop--yardOrg-inner"}
RESULT: {"using":"css selector","value":"#createOrganizationPop--yardOrg-inner"}
COMMAND: POST /session/10503a4dac92bcb2538d37e21df02b44/element/f.FDAF18A8ED6EACE6EA012090E3B5CAAE.d.87799DC6C5CA27EC246C2093782951BC.e.10523/clear - {}
RESULT: {}
COMMAND: POST /session/10503a4dac92bcb2538d37e21df02b44/element/f.FDAF18A8ED6EACE6EA012090E3B5CAAE.d.87799DC6C5CA27EC246C2093782951BC.e.10523/value - {"text":"530"}
COMMAND: GET /session/10503a4dac92bcb2538d37e21df02b44/screenshot - {}
RESULT: {"text":"530"}
COMMAND: GET /session/10503a4dac92bcb2538d37e21df02b44/screenshot - {}
RESULT: {}
RESULT: {}
COMMAND: POST /session/10503a4dac92bcb2538d37e21df02b44/actions - {"actions":[{"id":"action41","type":"key","parameters":{},"actions":[{"type":"keyDown","value":"î€‡"},{"type":"pause","duration":10},{"type":"keyUp","value":"î€‡"}]}]}
RESULT: {"actions":[{"id":"action41","type":"key","parameters":{},"actions":[{"type":"keyDown","value":"î€‡"},{"type":"pause","duration":10},{"type":"keyUp","value":"î€‡"}]}]}
COMMAND: POST /session/10503a4dac92bcb2538d37e21df02b44/execute/async - {"script":"<script> [1562 bytes]","args":[{"selector":{"id":"createOrganizationPop--grZone","searchOpenDialogs":true,"interaction":{"idSuffix":"CbBg"}},"wdio_ui5_key":"createOrganizationPopgrZone"}]}
COMMAND: GET /session/10503a4dac92bcb2538d37e21df02b44/screenshot - {}
RESULT: {"script":"<script> [1562 bytes]","args":[{"selector":{"id":"createOrganizationPop--grZone","searchOpenDialogs":true,"interaction":{"idSuffix":"CbBg"}},"wdio_ui5_key":"createOrganizationPopgrZone"}]}
RESULT: undefined
COMMAND: POST /session/10503a4dac92bcb2538d37e21df02b44/element - {"using":"xpath","value":"//*[@id=\"createOrganizationPop--grZone\"]"}
RESULT: {}
RESULT: {"using":"xpath","value":"//*[@id=\"createOrganizationPop--grZone\"]"}
COMMAND: POST /session/10503a4dac92bcb2538d37e21df02b44/element/f.FDAF18A8ED6EACE6EA012090E3B5CAAE.d.87799DC6C5CA27EC246C2093782951BC.e.10544/click - {}
RESULT: {}
COMMAND: POST /session/10503a4dac92bcb2538d37e21df02b44/execute/async - {"script":"<script> [1562 bytes]","args":[{"selector":{"id":"createOrganizationPop--giZone","searchOpenDialogs":true,"interaction":{"idSuffix":"CbBg"}},"wdio_ui5_key":"createOrganizationPopgiZone"}]}
COMMAND: GET /session/10503a4dac92bcb2538d37e21df02b44/screenshot - {}
RESULT: {"script":"<script> [1562 bytes]","args":[{"selector":{"id":"createOrganizationPop--giZone","searchOpenDialogs":true,"interaction":{"idSuffix":"CbBg"}},"wdio_ui5_key":"createOrganizationPopgiZone"}]}
RESULT: undefined
COMMAND: POST /session/10503a4dac92bcb2538d37e21df02b44/element - {"using":"xpath","value":"//*[@id=\"createOrganizationPop--giZone\"]"}
RESULT: {}
RESULT: {"using":"xpath","value":"//*[@id=\"createOrganizationPop--giZone\"]"}
COMMAND: POST /session/10503a4dac92bcb2538d37e21df02b44/element/f.FDAF18A8ED6EACE6EA012090E3B5CAAE.d.87799DC6C5CA27EC246C2093782951BC.e.10546/click - {}
RESULT: {}
COMMAND: POST /session/10503a4dac92bcb2538d37e21df02b44/execute/async - {"script":"<script> [1562 bytes]","args":[{"selector":{"id":"createOrganizationPop--binNoInput","searchOpenDialogs":true,"interaction":{"idSuffix":"inner"}},"wdio_ui5_key":"createOrganizationPopbinNoInput"}]}
COMMAND: GET /session/10503a4dac92bcb2538d37e21df02b44/screenshot - {}
RESULT: {"script":"<script> [1562 bytes]","args":[{"selector":{"id":"createOrganizationPop--binNoInput","searchOpenDialogs":true,"interaction":{"idSuffix":"inner"}},"wdio_ui5_key":"createOrganizationPopbinNoInput"}]}
RESULT: undefined
COMMAND: POST /session/10503a4dac92bcb2538d37e21df02b44/execute/async - {"script":"<script> [776 bytes]","args":[{"enterText":"Bin-Wd","selector":{"id":"createOrganizationPop--binNoInput","searchOpenDialogs":true,"interaction":{"idSuffix":"inner"}},"clearTextFirst":true,"interactionType":"ENTER_TEXT"}]}
RESULT: {}
RESULT: {"script":"<script> [776 bytes]","args":[{"enterText":"Bin-Wd","selector":{"id":"createOrganizationPop--binNoInput","searchOpenDialogs":true,"interaction":{"idSuffix":"inner"}},"clearTextFirst":true,"interactionType":"ENTER_TEXT"}]}
COMMAND: POST /session/10503a4dac92bcb2538d37e21df02b44/execute/async - {"script":"<script> [1562 bytes]","args":[{"selector":{"id":"createOrganizationPop--descriptionId","searchOpenDialogs":true,"interaction":{"idSuffix":"inner"}},"wdio_ui5_key":"createOrganizationPopdescriptionId"}]}
RESULT: {"script":"<script> [1562 bytes]","args":[{"selector":{"id":"createOrganizationPop--descriptionId","searchOpenDialogs":true,"interaction":{"idSuffix":"inner"}},"wdio_ui5_key":"createOrganizationPopdescriptionId"}]}
RESULT: undefined
COMMAND: POST /session/10503a4dac92bcb2538d37e21df02b44/execute/async - {"script":"<script> [776 bytes]","args":[{"enterText":"Shipping-Wd","selector":{"id":"createOrganizationPop--descriptionId","searchOpenDialogs":true,"interaction":{"idSuffix":"inner"}},"clearTextFirst":true,"interactionType":"ENTER_TEXT"}]}
RESULT: {"script":"<script> [776 bytes]","args":[{"enterText":"Shipping-Wd","selector":{"id":"createOrganizationPop--descriptionId","searchOpenDialogs":true,"interaction":{"idSuffix":"inner"}},"clearTextFirst":true,"interactionType":"ENTER_TEXT"}]}
COMMAND: POST /session/10503a4dac92bcb2538d37e21df02b44/execute/async - {"script":"<script> [1562 bytes]","args":[{"selector":{"controlType":"sap.m.CheckBox","viewName":"etm.portal.ui.binstatusreport.view.MasterWareBins","viewId":"application-binstatusreport-display-component---warehousing","bindingPath":{"path":"","propertyPath":"/ZONE","modelName":"newBin"},"searchOpenDialogs":true,"interaction":{"idSuffix":"CbBg"}},"wdio_ui5_key":"etmportal.ui.binstatusreport.view.MasterWareBinssap.m.CheckBox{\"path\":\"\",\"propertyPath\":\"/ZONE\",\"modelName\":\"newBin\"}"}]}
RESULT: {"script":"<script> [1562 bytes]","args":[{"selector":{"controlType":"sap.m.CheckBox","viewName":"etm.portal.ui.binstatusreport.view.MasterWareBins","viewId":"application-binstatusreport-display-component---warehousing","bindingPath":{"path":"","propertyPath":"/ZONE","modelName":"newBin"},"searchOpenDialogs":true,"interaction":{"idSuffix":"CbBg"}},"wdio_ui5_key":"etmportal.ui.binstatusreport.view.MasterWareBinssap.m.CheckBox{\"path\":\"\",\"propertyPath\":\"/ZONE\",\"modelName\":\"newBin\"}"}]}
RESULT: undefined
COMMAND: POST /session/10503a4dac92bcb2538d37e21df02b44/element - {"using":"xpath","value":"//*[@id=\"__box56\"]"}
RESULT: {"using":"xpath","value":"//*[@id=\"__box56\"]"}
COMMAND: POST /session/10503a4dac92bcb2538d37e21df02b44/element/f.FDAF18A8ED6EACE6EA012090E3B5CAAE.d.87799DC6C5CA27EC246C2093782951BC.e.10550/click - {}
RESULT: {}
COMMAND: POST /session/10503a4dac92bcb2538d37e21df02b44/execute/async - {"script":"<script> [1562 bytes]","args":[{"selector":{"id":"createOrganizationPop--binTypesCB","searchOpenDialogs":true,"interaction":{"idSuffix":"inner"}},"wdio_ui5_key":"createOrganizationPopbinTypesCB"}]}
COMMAND: GET /session/10503a4dac92bcb2538d37e21df02b44/screenshot - {}
RESULT: {"script":"<script> [1562 bytes]","args":[{"selector":{"id":"createOrganizationPop--binTypesCB","searchOpenDialogs":true,"interaction":{"idSuffix":"inner"}},"wdio_ui5_key":"createOrganizationPopbinTypesCB"}]}
RESULT: undefined
COMMAND: POST /session/10503a4dac92bcb2538d37e21df02b44/execute/async - {"script":"<script> [776 bytes]","args":[{"enterText":"1 - General / No capacity check","selector":{"id":"createOrganizationPop--binTypesCB","searchOpenDialogs":true,"interaction":{"idSuffix":"inner"}},"clearTextFirst":true,"interactionType":"ENTER_TEXT"}]}
RESULT: {}
RESULT: {"script":"<script> [776 bytes]","args":[{"enterText":"1 - General / No capacity check","selector":{"id":"createOrganizationPop--binTypesCB","searchOpenDialogs":true,"interaction":{"idSuffix":"inner"}},"clearTextFirst":true,"interactionType":"ENTER_TEXT"}]}
COMMAND: POST /session/10503a4dac92bcb2538d37e21df02b44/actions - {"actions":[{"id":"action42","type":"key","parameters":{},"actions":[{"type":"keyDown","value":"î€‡"},{"type":"pause","duration":10},{"type":"keyUp","value":"î€‡"}]}]}
RESULT: {"actions":[{"id":"action42","type":"key","parameters":{},"actions":[{"type":"keyDown","value":"î€‡"},{"type":"pause","duration":10},{"type":"keyUp","value":"î€‡"}]}]}
COMMAND: GET /session/10503a4dac92bcb2538d37e21df02b44/screenshot - {}
RESULT: {}
COMMAND: POST /session/10503a4dac92bcb2538d37e21df02b44/execute/async - {"script":"<script> [1562 bytes]","args":[{"selector":{"id":"createOrganizationPop--finishBtn","searchOpenDialogs":true,"interaction":{"idSuffix":"BDI-content"}},"wdio_ui5_key":"createOrganizationPopfinishBtn"}]}
RESULT: {"script":"<script> [1562 bytes]","args":[{"selector":{"id":"createOrganizationPop--finishBtn","searchOpenDialogs":true,"interaction":{"idSuffix":"BDI-content"}},"wdio_ui5_key":"createOrganizationPopfinishBtn"}]}
RESULT: undefined
COMMAND: POST /session/10503a4dac92bcb2538d37e21df02b44/element - {"using":"xpath","value":"//*[@id=\"createOrganizationPop--finishBtn\"]"}
RESULT: {"using":"xpath","value":"//*[@id=\"createOrganizationPop--finishBtn\"]"}
COMMAND: POST /session/10503a4dac92bcb2538d37e21df02b44/element/f.FDAF18A8ED6EACE6EA012090E3B5CAAE.d.87799DC6C5CA27EC246C2093782951BC.e.10553/click - {}
RESULT: {}
]]></system-out>
    </testcase>
    <testcase classname="chrome.135_0_7049_96.windows.Return_from_Site_w/_warehouse_management_w/_clarification_US125588" name="Bin Status Report Should Create New Organization for Site" time="34.609">
      <system-out><![CDATA[
COMMAND: GET /session/10503a4dac92bcb2538d37e21df02b44/screenshot - {}
RESULT: {}
RESULT: undefined
COMMAND: POST /session/10503a4dac92bcb2538d37e21df02b44/element - {"using":"xpath","value":"//*[@id=\"application-binstatusreport-display-component---warehousing--createOrgBtn\"]"}
RESULT: {"using":"xpath","value":"//*[@id=\"application-binstatusreport-display-component---warehousing--createOrgBtn\"]"}
COMMAND: POST /session/10503a4dac92bcb2538d37e21df02b44/element/f.FDAF18A8ED6EACE6EA012090E3B5CAAE.d.87799DC6C5CA27EC246C2093782951BC.e.10477/click - {}
RESULT: {}
RESULT: undefined
COMMAND: POST /session/10503a4dac92bcb2538d37e21df02b44/execute/async - {"script":"<script> [776 bytes]","args":[{"enterText":"2364","selector":{"id":"createOrganizationPop--sectionInput","searchOpenDialogs":true,"interaction":{"idSuffix":"inner"}},"clearTextFirst":true,"interactionType":"ENTER_TEXT"}]}
COMMAND: GET /session/10503a4dac92bcb2538d37e21df02b44/screenshot - {}
RESULT: {"script":"<script> [776 bytes]","args":[{"enterText":"2364","selector":{"id":"createOrganizationPop--sectionInput","searchOpenDialogs":true,"interaction":{"idSuffix":"inner"}},"clearTextFirst":true,"interactionType":"ENTER_TEXT"}]}
RESULT: undefined
COMMAND: POST /session/10503a4dac92bcb2538d37e21df02b44/execute/async - {"script":"<script> [776 bytes]","args":[{"enterText":"WDI2364","selector":{"id":"createOrganizationPop--descriptionInput","searchOpenDialogs":true,"interaction":{"idSuffix":"inner"}},"clearTextFirst":true,"interactionType":"ENTER_TEXT"}]}
RESULT: {}
RESULT: {"script":"<script> [776 bytes]","args":[{"enterText":"WDI2364","selector":{"id":"createOrganizationPop--descriptionInput","searchOpenDialogs":true,"interaction":{"idSuffix":"inner"}},"clearTextFirst":true,"interactionType":"ENTER_TEXT"}]}
COMMAND: POST /session/10503a4dac92bcb2538d37e21df02b44/element - {"using":"css selector","value":"#createOrganizationPop--siteOrg-inner"}
RESULT: {"using":"css selector","value":"#createOrganizationPop--siteOrg-inner"}
COMMAND: POST /session/10503a4dac92bcb2538d37e21df02b44/element/f.FDAF18A8ED6EACE6EA012090E3B5CAAE.d.87799DC6C5CA27EC246C2093782951BC.e.10559/clear - {}
RESULT: {}
COMMAND: POST /session/10503a4dac92bcb2538d37e21df02b44/element/f.FDAF18A8ED6EACE6EA012090E3B5CAAE.d.87799DC6C5CA27EC246C2093782951BC.e.10559/value - {"text":"2364"}
COMMAND: GET /session/10503a4dac92bcb2538d37e21df02b44/screenshot - {}
RESULT: {"text":"2364"}
COMMAND: GET /session/10503a4dac92bcb2538d37e21df02b44/screenshot - {}
RESULT: {}
RESULT: {}
COMMAND: POST /session/10503a4dac92bcb2538d37e21df02b44/actions - {"actions":[{"id":"action43","type":"key","parameters":{},"actions":[{"type":"keyDown","value":"î€‡"},{"type":"pause","duration":10},{"type":"keyUp","value":"î€‡"}]}]}
RESULT: {"actions":[{"id":"action43","type":"key","parameters":{},"actions":[{"type":"keyDown","value":"î€‡"},{"type":"pause","duration":10},{"type":"keyUp","value":"î€‡"}]}]}
RESULT: undefined
COMMAND: POST /session/10503a4dac92bcb2538d37e21df02b44/element - {"using":"xpath","value":"//*[@id=\"createOrganizationPop--giZone\"]"}
COMMAND: GET /session/10503a4dac92bcb2538d37e21df02b44/screenshot - {}
RESULT: {"using":"xpath","value":"//*[@id=\"createOrganizationPop--giZone\"]"}
COMMAND: POST /session/10503a4dac92bcb2538d37e21df02b44/element/f.FDAF18A8ED6EACE6EA012090E3B5CAAE.d.87799DC6C5CA27EC246C2093782951BC.e.10577/click - {}
RESULT: {}
RESULT: {}
RESULT: undefined
COMMAND: POST /session/10503a4dac92bcb2538d37e21df02b44/execute/async - {"script":"<script> [776 bytes]","args":[{"enterText":"WD-BIN","selector":{"id":"createOrganizationPop--binNoInput","searchOpenDialogs":true,"interaction":{"idSuffix":"inner"}},"clearTextFirst":true,"interactionType":"ENTER_TEXT"}]}
COMMAND: GET /session/10503a4dac92bcb2538d37e21df02b44/screenshot - {}
RESULT: {"script":"<script> [776 bytes]","args":[{"enterText":"WD-BIN","selector":{"id":"createOrganizationPop--binNoInput","searchOpenDialogs":true,"interaction":{"idSuffix":"inner"}},"clearTextFirst":true,"interactionType":"ENTER_TEXT"}]}
RESULT: undefined
COMMAND: POST /session/10503a4dac92bcb2538d37e21df02b44/execute/async - {"script":"<script> [776 bytes]","args":[{"enterText":"WD-BIN","selector":{"id":"createOrganizationPop--descriptionId","searchOpenDialogs":true,"interaction":{"idSuffix":"inner"}},"clearTextFirst":true,"interactionType":"ENTER_TEXT"}]}
RESULT: {}
RESULT: {"script":"<script> [776 bytes]","args":[{"enterText":"WD-BIN","selector":{"id":"createOrganizationPop--descriptionId","searchOpenDialogs":true,"interaction":{"idSuffix":"inner"}},"clearTextFirst":true,"interactionType":"ENTER_TEXT"}]}
COMMAND: POST /session/10503a4dac92bcb2538d37e21df02b44/execute/async - {"script":"<script> [1562 bytes]","args":[{"selector":{"controlType":"sap.m.CheckBox","viewName":"etm.portal.ui.binstatusreport.view.MasterWareBins","viewId":"application-binstatusreport-display-component---warehousing","bindingPath":{"propertyPath":"/ZONE","modelName":"newBin"},"searchOpenDialogs":true,"interaction":{"idSuffix":"CbBg"}},"wdio_ui5_key":"etmportal.ui.binstatusreport.view.MasterWareBinssap.m.CheckBox{\"propertyPath\":\"/ZONE\",\"modelName\":\"newBin\"}"}]}
RESULT: {"script":"<script> [1562 bytes]","args":[{"selector":{"controlType":"sap.m.CheckBox","viewName":"etm.portal.ui.binstatusreport.view.MasterWareBins","viewId":"application-binstatusreport-display-component---warehousing","bindingPath":{"propertyPath":"/ZONE","modelName":"newBin"},"searchOpenDialogs":true,"interaction":{"idSuffix":"CbBg"}},"wdio_ui5_key":"etmportal.ui.binstatusreport.view.MasterWareBinssap.m.CheckBox{\"propertyPath\":\"/ZONE\",\"modelName\":\"newBin\"}"}]}
RESULT: undefined
COMMAND: POST /session/10503a4dac92bcb2538d37e21df02b44/element - {"using":"xpath","value":"//*[@id=\"__box59\"]"}
RESULT: {"using":"xpath","value":"//*[@id=\"__box59\"]"}
COMMAND: POST /session/10503a4dac92bcb2538d37e21df02b44/element/f.FDAF18A8ED6EACE6EA012090E3B5CAAE.d.87799DC6C5CA27EC246C2093782951BC.e.10579/click - {}
RESULT: {}
COMMAND: GET /session/10503a4dac92bcb2538d37e21df02b44/screenshot - {}
RESULT: {}
RESULT: undefined
COMMAND: POST /session/10503a4dac92bcb2538d37e21df02b44/execute/async - {"script":"<script> [776 bytes]","args":[{"enterText":"1 - General / No capacity check","selector":{"id":"createOrganizationPop--binTypesCB","searchOpenDialogs":true,"interaction":{"idSuffix":"inner"}},"clearTextFirst":true,"interactionType":"ENTER_TEXT"}]}
RESULT: {"script":"<script> [776 bytes]","args":[{"enterText":"1 - General / No capacity check","selector":{"id":"createOrganizationPop--binTypesCB","searchOpenDialogs":true,"interaction":{"idSuffix":"inner"}},"clearTextFirst":true,"interactionType":"ENTER_TEXT"}]}
COMMAND: POST /session/10503a4dac92bcb2538d37e21df02b44/execute/async - {"script":"<script> [1562 bytes]","args":[{"selector":{"id":"createOrganizationPop--capacityId","searchOpenDialogs":true,"interaction":{"idSuffix":"inner"}},"wdio_ui5_key":"createOrganizationPopcapacityId"}]}
RESULT: {"script":"<script> [1562 bytes]","args":[{"selector":{"id":"createOrganizationPop--capacityId","searchOpenDialogs":true,"interaction":{"idSuffix":"inner"}},"wdio_ui5_key":"createOrganizationPopcapacityId"}]}
RESULT: undefined
COMMAND: POST /session/10503a4dac92bcb2538d37e21df02b44/actions - {"actions":[{"id":"action44","type":"key","parameters":{},"actions":[{"type":"keyDown","value":"î€‡"},{"type":"pause","duration":10},{"type":"keyUp","value":"î€‡"}]}]}
RESULT: {"actions":[{"id":"action44","type":"key","parameters":{},"actions":[{"type":"keyDown","value":"î€‡"},{"type":"pause","duration":10},{"type":"keyUp","value":"î€‡"}]}]}
COMMAND: GET /session/10503a4dac92bcb2538d37e21df02b44/screenshot - {}
RESULT: {}
RESULT: undefined
COMMAND: POST /session/10503a4dac92bcb2538d37e21df02b44/element - {"using":"xpath","value":"//*[@id=\"createOrganizationPop--finishBtn\"]"}
RESULT: {"using":"xpath","value":"//*[@id=\"createOrganizationPop--finishBtn\"]"}
COMMAND: POST /session/10503a4dac92bcb2538d37e21df02b44/element/f.FDAF18A8ED6EACE6EA012090E3B5CAAE.d.87799DC6C5CA27EC246C2093782951BC.e.10580/click - {}
RESULT: {}
COMMAND: POST /session/10503a4dac92bcb2538d37e21df02b44/element - {"using":"css selector","value":"#shell-header-logo"}
COMMAND: GET /session/10503a4dac92bcb2538d37e21df02b44/screenshot - {}
RESULT: {"using":"css selector","value":"#shell-header-logo"}
COMMAND: POST /session/10503a4dac92bcb2538d37e21df02b44/element/f.FDAF18A8ED6EACE6EA012090E3B5CAAE.d.87799DC6C5CA27EC246C2093782951BC.e.10426/click - {}
RESULT: {}
RESULT: {}
COMMAND: GET /session/10503a4dac92bcb2538d37e21df02b44/screenshot - {}
]]></system-out>
    </testcase>
  </testsuite>
  <testsuite timestamp="2025-05-03T17:28:38" time="401.428" tests="7" failures="3" errors="3" skipped="0">
    <properties>
      <property name="specId" value="0" />
      <property name="suiteName" value="Provide to Site w/ warehouse management w clarification" />
      <property name="capabilities" value="chrome.135_0_7049_96.windows" />
      <property name="file" value="file:///D:/a/1/s/test/specs/HTR/return-from-site-w-warehouse-management-w-clarification.spec.js" />
    </properties>
    <testcase classname="chrome.135_0_7049_96.windows.Provide_to_Site_w/_warehouse_management_w_clarification" name="Should do a stock increase handover" time="71.527">
      <system-out><![CDATA[
COMMAND: POST /session/10503a4dac92bcb2538d37e21df02b44/execute/async - {"script":"<script> [1562 bytes]","args":[{"selector":{"controlType":"sap.m.GenericTile","properties":{"header":"Manage Handovers"}},"wdio_ui5_key":"sapm.GenericTile{\"header\":\"Manage Handovers\"}"}]}
RESULT: {}
RESULT: {"script":"<script> [1562 bytes]","args":[{"selector":{"controlType":"sap.m.GenericTile","properties":{"header":"Manage Handovers"}},"wdio_ui5_key":"sapm.GenericTile{\"header\":\"Manage Handovers\"}"}]}
RESULT: undefined
COMMAND: POST /session/10503a4dac92bcb2538d37e21df02b44/element - {"using":"xpath","value":"//*[@id=\"__tile131\"]"}
RESULT: {"using":"xpath","value":"//*[@id=\"__tile131\"]"}
COMMAND: POST /session/10503a4dac92bcb2538d37e21df02b44/element/f.FDAF18A8ED6EACE6EA012090E3B5CAAE.d.87799DC6C5CA27EC246C2093782951BC.e.10586/click - {}
RESULT: {}
COMMAND: GET /session/10503a4dac92bcb2538d37e21df02b44/screenshot - {}
COMMAND: POST /session/10503a4dac92bcb2538d37e21df02b44/element - {"using":"xpath","value":"//button[(@data-kt = 'masterHOAddButton')]"}
RESULT: {}
RESULT: {"using":"xpath","value":"//button[(@data-kt = 'masterHOAddButton')]"}
COMMAND: POST /session/10503a4dac92bcb2538d37e21df02b44/elements - {"using":"xpath","value":"//button[(@data-kt = 'masterHOAddButton')]"}
RESULT: {"using":"xpath","value":"//button[(@data-kt = 'masterHOAddButton')]"}
COMMAND: POST /session/10503a4dac92bcb2538d37e21df02b44/elements - {"using":"xpath","value":"//button[(@data-kt = 'masterHOAddButton')]"}
RESULT: {"using":"xpath","value":"//button[(@data-kt = 'masterHOAddButton')]"}
COMMAND: POST /session/10503a4dac92bcb2538d37e21df02b44/element - {"using":"xpath","value":"//button[(@data-kt = 'masterHOAddButton')]"}
RESULT: {"using":"xpath","value":"//button[(@data-kt = 'masterHOAddButton')]"}
COMMAND: POST /session/10503a4dac92bcb2538d37e21df02b44/element/f.FDAF18A8ED6EACE6EA012090E3B5CAAE.d.87799DC6C5CA27EC246C2093782951BC.e.10616/click - {}
RESULT: {}
COMMAND: POST /session/10503a4dac92bcb2538d37e21df02b44/element - {"using":"css selector","value":"span[id=\"application-managehandovers-display-component---AddNewHO--typeSelect-label\"]"}
COMMAND: GET /session/10503a4dac92bcb2538d37e21df02b44/screenshot - {}
RESULT: {"using":"css selector","value":"span[id=\"application-managehandovers-display-component---AddNewHO--typeSelect-label\"]"}
COMMAND: POST /session/10503a4dac92bcb2538d37e21df02b44/elements - {"using":"css selector","value":"span[id=\"application-managehandovers-display-component---AddNewHO--typeSelect-label\"]"}
RESULT: {}
RESULT: {"using":"css selector","value":"span[id=\"application-managehandovers-display-component---AddNewHO--typeSelect-label\"]"}
COMMAND: POST /session/10503a4dac92bcb2538d37e21df02b44/element - {"using":"css selector","value":"span[id=\"application-managehandovers-display-component---AddNewHO--typeSelect-label\"]"}
RESULT: {"using":"css selector","value":"span[id=\"application-managehandovers-display-component---AddNewHO--typeSelect-label\"]"}
COMMAND: POST /session/10503a4dac92bcb2538d37e21df02b44/element/f.FDAF18A8ED6EACE6EA012090E3B5CAAE.d.87799DC6C5CA27EC246C2093782951BC.e.10935/click - {}
RESULT: {}
COMMAND: POST /session/10503a4dac92bcb2538d37e21df02b44/element - {"using":"css selector","value":"#application-managehandovers-display-component---AddNewHO--oneStep-CB"}
COMMAND: GET /session/10503a4dac92bcb2538d37e21df02b44/screenshot - {}
RESULT: {"using":"css selector","value":"#application-managehandovers-display-component---AddNewHO--oneStep-CB"}
COMMAND: GET /session/10503a4dac92bcb2538d37e21df02b44/element/f.FDAF18A8ED6EACE6EA012090E3B5CAAE.d.87799DC6C5CA27EC246C2093782951BC.e.10865/selected - {}
RESULT: {}
RESULT: {}
COMMAND: POST /session/10503a4dac92bcb2538d37e21df02b44/element - {"using":"xpath","value":"//li[contains(text(), \"stock increase yard\")]"}
COMMAND: GET /session/10503a4dac92bcb2538d37e21df02b44/screenshot - {}
RESULT: {"using":"xpath","value":"//li[contains(text(), \"stock increase yard\")]"}
COMMAND: POST /session/10503a4dac92bcb2538d37e21df02b44/element/f.FDAF18A8ED6EACE6EA012090E3B5CAAE.d.87799DC6C5CA27EC246C2093782951BC.e.10936/click - {}
RESULT: {}
RESULT: {}
COMMAND: GET /session/10503a4dac92bcb2538d37e21df02b44/screenshot - {}
RESULT: {}
COMMAND: POST /session/10503a4dac92bcb2538d37e21df02b44/element - {"using":"css selector","value":"input[id=\"generalSectionFrg--receiveYard-inner\"]"}
RESULT: {"using":"css selector","value":"input[id=\"generalSectionFrg--receiveYard-inner\"]"}
COMMAND: POST /session/10503a4dac92bcb2538d37e21df02b44/element/f.FDAF18A8ED6EACE6EA012090E3B5CAAE.d.87799DC6C5CA27EC246C2093782951BC.e.10946/clear - {}
RESULT: {}
COMMAND: POST /session/10503a4dac92bcb2538d37e21df02b44/element/f.FDAF18A8ED6EACE6EA012090E3B5CAAE.d.87799DC6C5CA27EC246C2093782951BC.e.10946/value - {"text":"530"}
COMMAND: GET /session/10503a4dac92bcb2538d37e21df02b44/screenshot - {}
RESULT: {"text":"530"}
COMMAND: GET /session/10503a4dac92bcb2538d37e21df02b44/screenshot - {}
RESULT: {}
RESULT: {}
COMMAND: POST /session/10503a4dac92bcb2538d37e21df02b44/element - {"using":"css selector","value":"#application-managehandovers-display-component---AddNewHO--dueDate-inner"}
RESULT: {"using":"css selector","value":"#application-managehandovers-display-component---AddNewHO--dueDate-inner"}
COMMAND: POST /session/10503a4dac92bcb2538d37e21df02b44/element/f.FDAF18A8ED6EACE6EA012090E3B5CAAE.d.87799DC6C5CA27EC246C2093782951BC.e.10940/clear - {}
RESULT: {}
COMMAND: POST /session/10503a4dac92bcb2538d37e21df02b44/element/f.FDAF18A8ED6EACE6EA012090E3B5CAAE.d.87799DC6C5CA27EC246C2093782951BC.e.10940/value - {"text":"5/3/25"}
COMMAND: GET /session/10503a4dac92bcb2538d37e21df02b44/screenshot - {}
RESULT: {"text":"5/3/25"}
COMMAND: GET /session/10503a4dac92bcb2538d37e21df02b44/screenshot - {}
RESULT: {}
RESULT: {}
COMMAND: POST /session/10503a4dac92bcb2538d37e21df02b44/element - {"using":"xpath","value":"//bdi[(text() = 'Items' or . = 'Items')]"}
RESULT: {"using":"xpath","value":"//bdi[(text() = 'Items' or . = 'Items')]"}
COMMAND: POST /session/10503a4dac92bcb2538d37e21df02b44/element/f.FDAF18A8ED6EACE6EA012090E3B5CAAE.d.87799DC6C5CA27EC246C2093782951BC.e.10961/click - {}
RESULT: {}
COMMAND: GET /session/10503a4dac92bcb2538d37e21df02b44/screenshot - {}
RESULT: {}
COMMAND: POST /session/10503a4dac92bcb2538d37e21df02b44/element - {"using":"xpath","value":"//button[@aria-label=\"Add\"]"}
RESULT: {"using":"xpath","value":"//button[@aria-label=\"Add\"]"}
COMMAND: POST /session/10503a4dac92bcb2538d37e21df02b44/element/f.FDAF18A8ED6EACE6EA012090E3B5CAAE.d.87799DC6C5CA27EC246C2093782951BC.e.10966/click - {}
RESULT: {}
COMMAND: GET /session/10503a4dac92bcb2538d37e21df02b44/screenshot - {}
RESULT: {}
COMMAND: POST /session/10503a4dac92bcb2538d37e21df02b44/element - {"using":"css selector","value":"input[id= \"application-managehandovers-display-component---AddNewHO--smartFilterBar-btnBasicSearch-I\"]"}
RESULT: {"using":"css selector","value":"input[id= \"application-managehandovers-display-component---AddNewHO--smartFilterBar-btnBasicSearch-I\"]"}
COMMAND: POST /session/10503a4dac92bcb2538d37e21df02b44/element/f.FDAF18A8ED6EACE6EA012090E3B5CAAE.d.87799DC6C5CA27EC246C2093782951BC.e.10969/clear - {}
RESULT: {}
COMMAND: POST /session/10503a4dac92bcb2538d37e21df02b44/element/f.FDAF18A8ED6EACE6EA012090E3B5CAAE.d.87799DC6C5CA27EC246C2093782951BC.e.10969/value - {"text":"200295"}
COMMAND: GET /session/10503a4dac92bcb2538d37e21df02b44/screenshot - {}
RESULT: {"text":"200295"}
COMMAND: POST /session/10503a4dac92bcb2538d37e21df02b44/actions - {"actions":[{"id":"action45","type":"key","parameters":{},"actions":[{"type":"keyDown","value":"î€‡"},{"type":"pause","duration":10},{"type":"keyUp","value":"î€‡"}]}]}
COMMAND: GET /session/10503a4dac92bcb2538d37e21df02b44/screenshot - {}
RESULT: {}
RESULT: {"actions":[{"id":"action45","type":"key","parameters":{},"actions":[{"type":"keyDown","value":"î€‡"},{"type":"pause","duration":10},{"type":"keyUp","value":"î€‡"}]}]}
COMMAND: POST /session/10503a4dac92bcb2538d37e21df02b44/element - {"using":"css selector","value":"div[id= \"application-managehandovers-display-component---AddNewHO--smartFilterBar-btnBasicSearch-search\"]"}
COMMAND: GET /session/10503a4dac92bcb2538d37e21df02b44/screenshot - {}
RESULT: {}
RESULT: {"using":"css selector","value":"div[id= \"application-managehandovers-display-component---AddNewHO--smartFilterBar-btnBasicSearch-search\"]"}
COMMAND: POST /session/10503a4dac92bcb2538d37e21df02b44/element/f.FDAF18A8ED6EACE6EA012090E3B5CAAE.d.87799DC6C5CA27EC246C2093782951BC.e.11116/click - {}
RESULT: {}
RESULT: {}
COMMAND: GET /session/10503a4dac92bcb2538d37e21df02b44/screenshot - {}
RESULT: {}
COMMAND: POST /session/10503a4dac92bcb2538d37e21df02b44/element - {"using":"css selector","value":"div[id= \"application-managehandovers-display-component---AddNewHO--popup-sa-CbBg\"]"}
RESULT: {"using":"css selector","value":"div[id= \"application-managehandovers-display-component---AddNewHO--popup-sa-CbBg\"]"}
COMMAND: POST /session/10503a4dac92bcb2538d37e21df02b44/element/f.FDAF18A8ED6EACE6EA012090E3B5CAAE.d.87799DC6C5CA27EC246C2093782951BC.e.11119/click - {}
RESULT: {}
COMMAND: POST /session/10503a4dac92bcb2538d37e21df02b44/element - {"using":"xpath","value":"//bdi[(text() = 'Select' or . = 'Select')]"}
COMMAND: GET /session/10503a4dac92bcb2538d37e21df02b44/screenshot - {}
RESULT: {"using":"xpath","value":"//bdi[(text() = 'Select' or . = 'Select')]"}
COMMAND: POST /session/10503a4dac92bcb2538d37e21df02b44/element/f.FDAF18A8ED6EACE6EA012090E3B5CAAE.d.87799DC6C5CA27EC246C2093782951BC.e.11120/click - {}
RESULT: {}
RESULT: {}
COMMAND: GET /session/10503a4dac92bcb2538d37e21df02b44/screenshot - {}
RESULT: {}
COMMAND: POST /session/10503a4dac92bcb2538d37e21df02b44/element - {"using":"xpath","value":"//bdi[(text() = 'Save' or . = 'Save')]"}
RESULT: {"using":"xpath","value":"//bdi[(text() = 'Save' or . = 'Save')]"}
COMMAND: POST /session/10503a4dac92bcb2538d37e21df02b44/element/f.FDAF18A8ED6EACE6EA012090E3B5CAAE.d.87799DC6C5CA27EC246C2093782951BC.e.11124/click - {}
RESULT: {}
COMMAND: GET /session/10503a4dac92bcb2538d37e21df02b44/screenshot - {}
RESULT: {}
COMMAND: POST /session/10503a4dac92bcb2538d37e21df02b44/element - {"using":"xpath","value":"//input[contains(@id ,\"receiptDatePicker-inner\")]"}
RESULT: {"using":"xpath","value":"//input[contains(@id ,\"receiptDatePicker-inner\")]"}
COMMAND: POST /session/10503a4dac92bcb2538d37e21df02b44/element/f.FDAF18A8ED6EACE6EA012090E3B5CAAE.d.87799DC6C5CA27EC246C2093782951BC.e.11152/click - {}
RESULT: {}
COMMAND: POST /session/10503a4dac92bcb2538d37e21df02b44/element - {"using":"xpath","value":"//input[contains(@id ,\"receiptDatePicker-inner\")]"}
COMMAND: GET /session/10503a4dac92bcb2538d37e21df02b44/screenshot - {}
RESULT: {"using":"xpath","value":"//input[contains(@id ,\"receiptDatePicker-inner\")]"}
COMMAND: POST /session/10503a4dac92bcb2538d37e21df02b44/element/f.FDAF18A8ED6EACE6EA012090E3B5CAAE.d.87799DC6C5CA27EC246C2093782951BC.e.11152/clear - {}
RESULT: {}
RESULT: {}
COMMAND: POST /session/10503a4dac92bcb2538d37e21df02b44/element/f.FDAF18A8ED6EACE6EA012090E3B5CAAE.d.87799DC6C5CA27EC246C2093782951BC.e.11152/value - {"text":"5/3/25"}
COMMAND: GET /session/10503a4dac92bcb2538d37e21df02b44/screenshot - {}
RESULT: {"text":"5/3/25"}
COMMAND: GET /session/10503a4dac92bcb2538d37e21df02b44/screenshot - {}
RESULT: {}
RESULT: {}
COMMAND: POST /session/10503a4dac92bcb2538d37e21df02b44/execute/async - {"script":"<script> [1562 bytes]","args":[{"selector":{"id":"administrationTabFilter","viewName":"etm.portal.ui.managehandovers.view.DetailExecuteHO","interaction":{"idSuffix":"text"}},"wdio_ui5_key":"administrationTabFilteretmportal.ui.managehandovers.view.DetailExecuteHO"}]}
RESULT: {"script":"<script> [1562 bytes]","args":[{"selector":{"id":"administrationTabFilter","viewName":"etm.portal.ui.managehandovers.view.DetailExecuteHO","interaction":{"idSuffix":"text"}},"wdio_ui5_key":"administrationTabFilteretmportal.ui.managehandovers.view.DetailExecuteHO"}]}
RESULT: undefined
COMMAND: POST /session/10503a4dac92bcb2538d37e21df02b44/element - {"using":"xpath","value":"//*[@id=\"__xmlview61--administrationTabFilter\"]"}
RESULT: {"using":"xpath","value":"//*[@id=\"__xmlview61--administrationTabFilter\"]"}
COMMAND: POST /session/10503a4dac92bcb2538d37e21df02b44/element/f.FDAF18A8ED6EACE6EA012090E3B5CAAE.d.87799DC6C5CA27EC246C2093782951BC.e.11171/click - {}
RESULT: {}
RESULT: undefined
COMMAND: POST /session/10503a4dac92bcb2538d37e21df02b44/element - {"using":"xpath","value":"//*[@id=\"__xmlview61--administrationTabFilter\"]"}
COMMAND: GET /session/10503a4dac92bcb2538d37e21df02b44/screenshot - {}
RESULT: {"using":"xpath","value":"//*[@id=\"__xmlview61--administrationTabFilter\"]"}
COMMAND: POST /session/10503a4dac92bcb2538d37e21df02b44/element/f.FDAF18A8ED6EACE6EA012090E3B5CAAE.d.87799DC6C5CA27EC246C2093782951BC.e.11171/click - {}
RESULT: {}
RESULT: {}
COMMAND: GET /session/10503a4dac92bcb2538d37e21df02b44/screenshot - {}
RESULT: {}
COMMAND: POST /session/10503a4dac92bcb2538d37e21df02b44/element - {"using":"xpath","value":"//bdi[(text() = 'Confirm' or . = 'Confirm')]"}
RESULT: {"using":"xpath","value":"//bdi[(text() = 'Confirm' or . = 'Confirm')]"}
COMMAND: POST /session/10503a4dac92bcb2538d37e21df02b44/element/f.FDAF18A8ED6EACE6EA012090E3B5CAAE.d.87799DC6C5CA27EC246C2093782951BC.e.11179/click - {}
RESULT: {}
COMMAND: GET /session/10503a4dac92bcb2538d37e21df02b44/screenshot - {}
RESULT: {}
COMMAND: POST /session/10503a4dac92bcb2538d37e21df02b44/execute/async - {"script":"<script> [1562 bytes]","args":[{"selector":{"id":"confirmationButton","viewName":"etm.portal.ui.managehandovers.view.DetailExecuteHO","interaction":{"idSuffix":"BDI-content"}},"wdio_ui5_key":"confirmationButtonetmportal.ui.managehandovers.view.DetailExecuteHO"}]}
RESULT: {"script":"<script> [1562 bytes]","args":[{"selector":{"id":"confirmationButton","viewName":"etm.portal.ui.managehandovers.view.DetailExecuteHO","interaction":{"idSuffix":"BDI-content"}},"wdio_ui5_key":"confirmationButtonetmportal.ui.managehandovers.view.DetailExecuteHO"}]}
RESULT: undefined
COMMAND: POST /session/10503a4dac92bcb2538d37e21df02b44/element - {"using":"xpath","value":"(//*[text()='Receive'])[2]"}
RESULT: {"using":"xpath","value":"(//*[text()='Receive'])[2]"}
COMMAND: GET /session/10503a4dac92bcb2538d37e21df02b44/element/f.FDAF18A8ED6EACE6EA012090E3B5CAAE.d.87799DC6C5CA27EC246C2093782951BC.e.11183/enabled - {}
RESULT: {}
COMMAND: POST /session/10503a4dac92bcb2538d37e21df02b44/execute/sync - {"script":"<script> [8489 bytes]","args":[{"element-6066-11e4-a52e-4f735466cecf":"f.FDAF18A8ED6EACE6EA012090E3B5CAAE.d.87799DC6C5CA27EC246C2093782951BC.e.11183","ELEMENT":"f.FDAF18A8ED6EACE6EA012090E3B5CAAE.d.87799DC6C5CA27EC246C2093782951BC.e.11183"}]}
COMMAND: GET /session/10503a4dac92bcb2538d37e21df02b44/screenshot - {}
RESULT: {"script":"<script> [8489 bytes]","args":[{"element-6066-11e4-a52e-4f735466cecf":"f.FDAF18A8ED6EACE6EA012090E3B5CAAE.d.87799DC6C5CA27EC246C2093782951BC.e.11183","ELEMENT":"f.FDAF18A8ED6EACE6EA012090E3B5CAAE.d.87799DC6C5CA27EC246C2093782951BC.e.11183"}]}
COMMAND: POST /session/10503a4dac92bcb2538d37e21df02b44/execute/sync - {"script":"<script> [5351 bytes]","args":[{"element-6066-11e4-a52e-4f735466cecf":"f.FDAF18A8ED6EACE6EA012090E3B5CAAE.d.87799DC6C5CA27EC246C2093782951BC.e.11183","ELEMENT":"f.FDAF18A8ED6EACE6EA012090E3B5CAAE.d.87799DC6C5CA27EC246C2093782951BC.e.11183"}]}
COMMAND: GET /session/10503a4dac92bcb2538d37e21df02b44/screenshot - {}
RESULT: {}
RESULT: {"script":"<script> [5351 bytes]","args":[{"element-6066-11e4-a52e-4f735466cecf":"f.FDAF18A8ED6EACE6EA012090E3B5CAAE.d.87799DC6C5CA27EC246C2093782951BC.e.11183","ELEMENT":"f.FDAF18A8ED6EACE6EA012090E3B5CAAE.d.87799DC6C5CA27EC246C2093782951BC.e.11183"}]}
COMMAND: POST /session/10503a4dac92bcb2538d37e21df02b44/element/f.FDAF18A8ED6EACE6EA012090E3B5CAAE.d.87799DC6C5CA27EC246C2093782951BC.e.11183/click - {}
COMMAND: GET /session/10503a4dac92bcb2538d37e21df02b44/screenshot - {}
RESULT: {}
RESULT: {}
COMMAND: GET /session/10503a4dac92bcb2538d37e21df02b44/screenshot - {}
RESULT: {}
RESULT: {}
COMMAND: POST /session/10503a4dac92bcb2538d37e21df02b44/element - {"using":"css selector","value":"#shell-header-logo"}
RESULT: {"using":"css selector","value":"#shell-header-logo"}
COMMAND: POST /session/10503a4dac92bcb2538d37e21df02b44/element/f.FDAF18A8ED6EACE6EA012090E3B5CAAE.d.87799DC6C5CA27EC246C2093782951BC.e.10588/click - {}
RESULT: {}
COMMAND: GET /session/10503a4dac92bcb2538d37e21df02b44/screenshot - {}
RESULT: {}
]]></system-out>
    </testcase>
    <testcase classname="chrome.135_0_7049_96.windows.Provide_to_Site_w/_warehouse_management_w_clarification" name="Should create a new contract" time="60.65">
      <system-out><![CDATA[
COMMAND: POST /session/10503a4dac92bcb2538d37e21df02b44/execute/async - {"script":"<script> [1562 bytes]","args":[{"selector":{"controlType":"sap.m.GenericTile","properties":{"header":"Manage Contracts"}},"wdio_ui5_key":"sapm.GenericTile{\"header\":\"Manage Contracts\"}"}]}
RESULT: {"script":"<script> [1562 bytes]","args":[{"selector":{"controlType":"sap.m.GenericTile","properties":{"header":"Manage Contracts"}},"wdio_ui5_key":"sapm.GenericTile{\"header\":\"Manage Contracts\"}"}]}
RESULT: undefined
COMMAND: POST /session/10503a4dac92bcb2538d37e21df02b44/element - {"using":"xpath","value":"//*[@id=\"__tile132\"]"}
RESULT: {"using":"xpath","value":"//*[@id=\"__tile132\"]"}
COMMAND: POST /session/10503a4dac92bcb2538d37e21df02b44/element/f.FDAF18A8ED6EACE6EA012090E3B5CAAE.d.87799DC6C5CA27EC246C2093782951BC.e.11336/click - {}
RESULT: {}
COMMAND: GET /session/10503a4dac92bcb2538d37e21df02b44/screenshot - {}
RESULT: {}
COMMAND: POST /session/10503a4dac92bcb2538d37e21df02b44/execute/async - {"script":"<script> [1562 bytes]","args":[{"selector":{"controlType":"sap.ui.core.Icon","viewName":"etm.portal.ui.managecontracts.view.Master","properties":{"src":{"regex":{"source":"add"}}}},"wdio_ui5_key":"etmportal.ui.managecontracts.view.Mastersap.ui.core.Icon{\"src\":{\"regex\":{\"source\":\"add\"}}}"}]}
RESULT: {"script":"<script> [1562 bytes]","args":[{"selector":{"controlType":"sap.ui.core.Icon","viewName":"etm.portal.ui.managecontracts.view.Master","properties":{"src":{"regex":{"source":"add"}}}},"wdio_ui5_key":"etmportal.ui.managecontracts.view.Mastersap.ui.core.Icon{\"src\":{\"regex\":{\"source\":\"add\"}}}"}]}
RESULT: undefined
COMMAND: POST /session/10503a4dac92bcb2538d37e21df02b44/element - {"using":"xpath","value":"//*[@id=\"__button303-img\"]"}
RESULT: {"using":"xpath","value":"//*[@id=\"__button303-img\"]"}
COMMAND: POST /session/10503a4dac92bcb2538d37e21df02b44/element/f.FDAF18A8ED6EACE6EA012090E3B5CAAE.d.87799DC6C5CA27EC246C2093782951BC.e.11415/click - {}
RESULT: {}
COMMAND: POST /session/10503a4dac92bcb2538d37e21df02b44/execute/async - {"script":"<script> [1562 bytes]","args":[{"selector":{"id":"application-managecontracts-display-component---AddNewContract--projectDescription","interaction":{"idSuffix":"inner"}},"wdio_ui5_key":"applicationmanagecontracts-display-component---AddNewContract--projectDescription"}]}
COMMAND: GET /session/10503a4dac92bcb2538d37e21df02b44/screenshot - {}
RESULT: {"script":"<script> [1562 bytes]","args":[{"selector":{"id":"application-managecontracts-display-component---AddNewContract--projectDescription","interaction":{"idSuffix":"inner"}},"wdio_ui5_key":"applicationmanagecontracts-display-component---AddNewContract--projectDescription"}]}
RESULT: undefined
COMMAND: POST /session/10503a4dac92bcb2538d37e21df02b44/execute/async - {"script":"<script> [776 bytes]","args":[{"enterText":"wdi5 contract for billing","selector":{"id":"application-managecontracts-display-component---AddNewContract--projectDescription","interaction":{"idSuffix":"inner"}},"clearTextFirst":true,"interactionType":"ENTER_TEXT"}]}
RESULT: {}
RESULT: {"script":"<script> [776 bytes]","args":[{"enterText":"wdi5 contract for billing","selector":{"id":"application-managecontracts-display-component---AddNewContract--projectDescription","interaction":{"idSuffix":"inner"}},"clearTextFirst":true,"interactionType":"ENTER_TEXT"}]}
COMMAND: POST /session/10503a4dac92bcb2538d37e21df02b44/element - {"using":"xpath","value":"//input[@id=\"application-managecontracts-display-component---AddNewContract--customerSelect-inner\"]"}
RESULT: {"using":"xpath","value":"//input[@id=\"application-managecontracts-display-component---AddNewContract--customerSelect-inner\"]"}
COMMAND: POST /session/10503a4dac92bcb2538d37e21df02b44/element/f.FDAF18A8ED6EACE6EA012090E3B5CAAE.d.87799DC6C5CA27EC246C2093782951BC.e.11660/clear - {}
RESULT: {}
COMMAND: POST /session/10503a4dac92bcb2538d37e21df02b44/element/f.FDAF18A8ED6EACE6EA012090E3B5CAAE.d.87799DC6C5CA27EC246C2093782951BC.e.11660/value - {"text":"1404"}
COMMAND: GET /session/10503a4dac92bcb2538d37e21df02b44/screenshot - {}
RESULT: {"text":"1404"}
COMMAND: GET /session/10503a4dac92bcb2538d37e21df02b44/screenshot - {}
RESULT: {}
RESULT: {}
COMMAND: POST /session/10503a4dac92bcb2538d37e21df02b44/actions - {"actions":[{"id":"action46","type":"key","parameters":{},"actions":[{"type":"keyDown","value":"î€‡"},{"type":"pause","duration":10},{"type":"keyUp","value":"î€‡"}]}]}
RESULT: {"actions":[{"id":"action46","type":"key","parameters":{},"actions":[{"type":"keyDown","value":"î€‡"},{"type":"pause","duration":10},{"type":"keyUp","value":"î€‡"}]}]}
COMMAND: POST /session/10503a4dac92bcb2538d37e21df02b44/element - {"using":"xpath","value":"//input[@id=\"application-managecontracts-display-component---AddNewContract--site-inner\"]"}
COMMAND: GET /session/10503a4dac92bcb2538d37e21df02b44/screenshot - {}
RESULT: {"using":"xpath","value":"//input[@id=\"application-managecontracts-display-component---AddNewContract--site-inner\"]"}
COMMAND: POST /session/10503a4dac92bcb2538d37e21df02b44/element/f.FDAF18A8ED6EACE6EA012090E3B5CAAE.d.87799DC6C5CA27EC246C2093782951BC.e.11661/clear - {}
RESULT: {}
RESULT: {}
COMMAND: POST /session/10503a4dac92bcb2538d37e21df02b44/element/f.FDAF18A8ED6EACE6EA012090E3B5CAAE.d.87799DC6C5CA27EC246C2093782951BC.e.11661/value - {"text":"2364"}
COMMAND: GET /session/10503a4dac92bcb2538d37e21df02b44/screenshot - {}
RESULT: {"text":"2364"}
COMMAND: GET /session/10503a4dac92bcb2538d37e21df02b44/screenshot - {}
RESULT: {}
RESULT: {}
COMMAND: POST /session/10503a4dac92bcb2538d37e21df02b44/actions - {"actions":[{"id":"action47","type":"key","parameters":{},"actions":[{"type":"keyDown","value":"î€‡"},{"type":"pause","duration":10},{"type":"keyUp","value":"î€‡"}]}]}
RESULT: {"actions":[{"id":"action47","type":"key","parameters":{},"actions":[{"type":"keyDown","value":"î€‡"},{"type":"pause","duration":10},{"type":"keyUp","value":"î€‡"}]}]}
COMMAND: POST /session/10503a4dac92bcb2538d37e21df02b44/execute/async - {"script":"<script> [1562 bytes]","args":[{"selector":{"id":"application-managecontracts-display-component---AddNewContract--calendarInput","interaction":{"idSuffix":"inner"}},"wdio_ui5_key":"applicationmanagecontracts-display-component---AddNewContract--calendarInput"}]}
COMMAND: GET /session/10503a4dac92bcb2538d37e21df02b44/screenshot - {}
RESULT: {"script":"<script> [1562 bytes]","args":[{"selector":{"id":"application-managecontracts-display-component---AddNewContract--calendarInput","interaction":{"idSuffix":"inner"}},"wdio_ui5_key":"applicationmanagecontracts-display-component---AddNewContract--calendarInput"}]}
RESULT: undefined
COMMAND: POST /session/10503a4dac92bcb2538d37e21df02b44/execute/async - {"script":"<script> [776 bytes]","args":[{"enterText":"1 - Calendar unit test patch","selector":{"id":"application-managecontracts-display-component---AddNewContract--calendarInput","interaction":{"idSuffix":"inner"}},"clearTextFirst":true,"interactionType":"ENTER_TEXT"}]}
RESULT: {}
RESULT: {"script":"<script> [776 bytes]","args":[{"enterText":"1 - Calendar unit test patch","selector":{"id":"application-managecontracts-display-component---AddNewContract--calendarInput","interaction":{"idSuffix":"inner"}},"clearTextFirst":true,"interactionType":"ENTER_TEXT"}]}
COMMAND: POST /session/10503a4dac92bcb2538d37e21df02b44/actions - {"actions":[{"id":"action48","type":"key","parameters":{},"actions":[{"type":"keyDown","value":"î€‡"},{"type":"pause","duration":10},{"type":"keyUp","value":"î€‡"}]}]}
RESULT: {"actions":[{"id":"action48","type":"key","parameters":{},"actions":[{"type":"keyDown","value":"î€‡"},{"type":"pause","duration":10},{"type":"keyUp","value":"î€‡"}]}]}
COMMAND: POST /session/10503a4dac92bcb2538d37e21df02b44/execute/async - {"script":"<script> [1562 bytes]","args":[{"selector":{"id":"application-managecontracts-display-component---AddNewContract--languageCB","interaction":{"idSuffix":"inner"}},"wdio_ui5_key":"applicationmanagecontracts-display-component---AddNewContract--languageCB"}]}
COMMAND: GET /session/10503a4dac92bcb2538d37e21df02b44/screenshot - {}
RESULT: {"script":"<script> [1562 bytes]","args":[{"selector":{"id":"application-managecontracts-display-component---AddNewContract--languageCB","interaction":{"idSuffix":"inner"}},"wdio_ui5_key":"applicationmanagecontracts-display-component---AddNewContract--languageCB"}]}
RESULT: undefined
COMMAND: POST /session/10503a4dac92bcb2538d37e21df02b44/execute/async - {"script":"<script> [776 bytes]","args":[{"enterText":"EN - English","selector":{"id":"application-managecontracts-display-component---AddNewContract--languageCB","interaction":{"idSuffix":"inner"}},"clearTextFirst":true,"interactionType":"ENTER_TEXT"}]}
RESULT: {}
RESULT: {"script":"<script> [776 bytes]","args":[{"enterText":"EN - English","selector":{"id":"application-managecontracts-display-component---AddNewContract--languageCB","interaction":{"idSuffix":"inner"}},"clearTextFirst":true,"interactionType":"ENTER_TEXT"}]}
COMMAND: POST /session/10503a4dac92bcb2538d37e21df02b44/actions - {"actions":[{"id":"action49","type":"key","parameters":{},"actions":[{"type":"keyDown","value":"î€‡"},{"type":"pause","duration":10},{"type":"keyUp","value":"î€‡"}]}]}
RESULT: {"actions":[{"id":"action49","type":"key","parameters":{},"actions":[{"type":"keyDown","value":"î€‡"},{"type":"pause","duration":10},{"type":"keyUp","value":"î€‡"}]}]}
COMMAND: POST /session/10503a4dac92bcb2538d37e21df02b44/execute/async - {"script":"<script> [1562 bytes]","args":[{"selector":{"id":"application-managecontracts-display-component---AddNewContract--saveBtn","interaction":{"idSuffix":"BDI-content"}},"wdio_ui5_key":"applicationmanagecontracts-display-component---AddNewContract--saveBtn"}]}
COMMAND: GET /session/10503a4dac92bcb2538d37e21df02b44/screenshot - {}
RESULT: {"script":"<script> [1562 bytes]","args":[{"selector":{"id":"application-managecontracts-display-component---AddNewContract--saveBtn","interaction":{"idSuffix":"BDI-content"}},"wdio_ui5_key":"applicationmanagecontracts-display-component---AddNewContract--saveBtn"}]}
RESULT: undefined
COMMAND: POST /session/10503a4dac92bcb2538d37e21df02b44/element - {"using":"xpath","value":"//*[@id=\"application-managecontracts-display-component---AddNewContract--saveBtn\"]"}
RESULT: {}
RESULT: {"using":"xpath","value":"//*[@id=\"application-managecontracts-display-component---AddNewContract--saveBtn\"]"}
COMMAND: POST /session/10503a4dac92bcb2538d37e21df02b44/element/f.FDAF18A8ED6EACE6EA012090E3B5CAAE.d.87799DC6C5CA27EC246C2093782951BC.e.11680/click - {}
RESULT: {}
COMMAND: GET /session/10503a4dac92bcb2538d37e21df02b44/screenshot - {}
RESULT: {}
COMMAND: POST /session/10503a4dac92bcb2538d37e21df02b44/execute/async - {"script":"<script> [1562 bytes]","args":[{"selector":{"id":"contractDetailTitleNoExpanded","viewName":"etm.portal.ui.managecontracts.view.Detail"},"wdio_ui5_key":"contractDetailTitleNoExpandedetmportal.ui.managecontracts.view.Detail"}]}
RESULT: {"script":"<script> [1562 bytes]","args":[{"selector":{"id":"contractDetailTitleNoExpanded","viewName":"etm.portal.ui.managecontracts.view.Detail"},"wdio_ui5_key":"contractDetailTitleNoExpandedetmportal.ui.managecontracts.view.Detail"}]}
RESULT: undefined
COMMAND: POST /session/10503a4dac92bcb2538d37e21df02b44/execute/async - {"script":"<script> [6424 bytes]","args":[{"element-6066-11e4-a52e-4f735466cecf":"f.FDAF18A8ED6EACE6EA012090E3B5CAAE.d.87799DC6C5CA27EC246C2093782951BC.e.11761"},"getText",[]]}
RESULT: {"script":"<script> [6424 bytes]","args":[{"element-6066-11e4-a52e-4f735466cecf":"f.FDAF18A8ED6EACE6EA012090E3B5CAAE.d.87799DC6C5CA27EC246C2093782951BC.e.11761"},"getText",[]]}
]]></system-out>
    </testcase>
    <testcase classname="chrome.135_0_7049_96.windows.Provide_to_Site_w/_warehouse_management_w_clarification" name="Should add resource to the contract" time="53.037">
      <system-out><![CDATA[
COMMAND: POST /session/10503a4dac92bcb2538d37e21df02b44/execute/async - {"script":"<script> [1562 bytes]","args":[{"selector":{"id":"contractDetailEditBtn","viewName":"etm.portal.ui.managecontracts.view.Detail","interaction":{"idSuffix":"BDI-content"}},"wdio_ui5_key":"contractDetailEditBtnetmportal.ui.managecontracts.view.Detail"}]}
RESULT: {"script":"<script> [1562 bytes]","args":[{"selector":{"id":"contractDetailEditBtn","viewName":"etm.portal.ui.managecontracts.view.Detail","interaction":{"idSuffix":"BDI-content"}},"wdio_ui5_key":"contractDetailEditBtnetmportal.ui.managecontracts.view.Detail"}]}
RESULT: undefined
COMMAND: POST /session/10503a4dac92bcb2538d37e21df02b44/element - {"using":"xpath","value":"//*[@id=\"__xmlview63--contractDetailEditBtn\"]"}
RESULT: {"using":"xpath","value":"//*[@id=\"__xmlview63--contractDetailEditBtn\"]"}
COMMAND: POST /session/10503a4dac92bcb2538d37e21df02b44/element/f.FDAF18A8ED6EACE6EA012090E3B5CAAE.d.87799DC6C5CA27EC246C2093782951BC.e.11763/click - {}
RESULT: {}
COMMAND: GET /session/10503a4dac92bcb2538d37e21df02b44/screenshot - {}
RESULT: {}
COMMAND: POST /session/10503a4dac92bcb2538d37e21df02b44/execute/async - {"script":"<script> [1562 bytes]","args":[{"selector":{"id":"additionalAddressesTabFilter","viewName":"etm.portal.ui.managecontracts.view.EditContract","interaction":{"idSuffix":"text"}},"wdio_ui5_key":"additionalAddressesTabFilteretmportal.ui.managecontracts.view.EditContract"}]}
RESULT: {"script":"<script> [1562 bytes]","args":[{"selector":{"id":"additionalAddressesTabFilter","viewName":"etm.portal.ui.managecontracts.view.EditContract","interaction":{"idSuffix":"text"}},"wdio_ui5_key":"additionalAddressesTabFilteretmportal.ui.managecontracts.view.EditContract"}]}
RESULT: undefined
COMMAND: POST /session/10503a4dac92bcb2538d37e21df02b44/element - {"using":"xpath","value":"//*[@id=\"__xmlview64--additionalAddressesTabFilter\"]"}
RESULT: {"using":"xpath","value":"//*[@id=\"__xmlview64--additionalAddressesTabFilter\"]"}
COMMAND: POST /session/10503a4dac92bcb2538d37e21df02b44/element/f.FDAF18A8ED6EACE6EA012090E3B5CAAE.d.87799DC6C5CA27EC246C2093782951BC.e.11820/click - {}
RESULT: {}
RESULT: undefined
COMMAND: POST /session/10503a4dac92bcb2538d37e21df02b44/element - {"using":"xpath","value":"//*[@id=\"__xmlview64--additionalAddressesTabFilter\"]"}
COMMAND: GET /session/10503a4dac92bcb2538d37e21df02b44/screenshot - {}
RESULT: {"using":"xpath","value":"//*[@id=\"__xmlview64--additionalAddressesTabFilter\"]"}
COMMAND: POST /session/10503a4dac92bcb2538d37e21df02b44/element/f.FDAF18A8ED6EACE6EA012090E3B5CAAE.d.87799DC6C5CA27EC246C2093782951BC.e.11820/click - {}
RESULT: {}
RESULT: {}
COMMAND: POST /session/10503a4dac92bcb2538d37e21df02b44/execute/async - {"script":"<script> [1562 bytes]","args":[{"selector":{"controlType":"sap.ui.core.Icon","viewName":"etm.portal.ui.managecontracts.view.EditContract","properties":{"src":{"regex":{"source":"add"}}}},"wdio_ui5_key":"etmportal.ui.managecontracts.view.EditContractsap.ui.core.Icon{\"src\":{\"regex\":{\"source\":\"add\"}}}"}]}
COMMAND: GET /session/10503a4dac92bcb2538d37e21df02b44/screenshot - {}
RESULT: {"script":"<script> [1562 bytes]","args":[{"selector":{"controlType":"sap.ui.core.Icon","viewName":"etm.portal.ui.managecontracts.view.EditContract","properties":{"src":{"regex":{"source":"add"}}}},"wdio_ui5_key":"etmportal.ui.managecontracts.view.EditContractsap.ui.core.Icon{\"src\":{\"regex\":{\"source\":\"add\"}}}"}]}
RESULT: undefined
COMMAND: POST /session/10503a4dac92bcb2538d37e21df02b44/element - {"using":"xpath","value":"//*[@id=\"__xmlview64--btnAddTableRow-img\"]"}
RESULT: {}
RESULT: {"using":"xpath","value":"//*[@id=\"__xmlview64--btnAddTableRow-img\"]"}
COMMAND: POST /session/10503a4dac92bcb2538d37e21df02b44/element/f.FDAF18A8ED6EACE6EA012090E3B5CAAE.d.87799DC6C5CA27EC246C2093782951BC.e.11825/click - {}
RESULT: {}
COMMAND: POST /session/10503a4dac92bcb2538d37e21df02b44/element - {"using":"xpath","value":"//div[(text() = 'Standard Entry' or . = 'Standard Entry')]"}
COMMAND: GET /session/10503a4dac92bcb2538d37e21df02b44/screenshot - {}
RESULT: {"using":"xpath","value":"//div[(text() = 'Standard Entry' or . = 'Standard Entry')]"}
COMMAND: POST /session/10503a4dac92bcb2538d37e21df02b44/element/f.FDAF18A8ED6EACE6EA012090E3B5CAAE.d.87799DC6C5CA27EC246C2093782951BC.e.11827/click - {}
RESULT: {}
RESULT: {}
COMMAND: POST /session/10503a4dac92bcb2538d37e21df02b44/execute/async - {"script":"<script> [1562 bytes]","args":[{"selector":{"controlType":"sap.ui.core.Icon","viewName":"etm.portal.ui.managecontracts.view.EditContract","properties":{"src":{"regex":{"source":"inspect"}}}},"wdio_ui5_key":"etmportal.ui.managecontracts.view.EditContractsap.ui.core.Icon{\"src\":{\"regex\":{\"source\":\"inspect\"}}}"}]}
COMMAND: GET /session/10503a4dac92bcb2538d37e21df02b44/screenshot - {}
RESULT: {"script":"<script> [1562 bytes]","args":[{"selector":{"controlType":"sap.ui.core.Icon","viewName":"etm.portal.ui.managecontracts.view.EditContract","properties":{"src":{"regex":{"source":"inspect"}}}},"wdio_ui5_key":"etmportal.ui.managecontracts.view.EditContractsap.ui.core.Icon{\"src\":{\"regex\":{\"source\":\"inspect\"}}}"}]}
RESULT: undefined
COMMAND: POST /session/10503a4dac92bcb2538d37e21df02b44/element - {"using":"xpath","value":"//*[@id=\"__button329-img\"]"}
RESULT: {}
RESULT: {"using":"xpath","value":"//*[@id=\"__button329-img\"]"}
COMMAND: POST /session/10503a4dac92bcb2538d37e21df02b44/element/f.FDAF18A8ED6EACE6EA012090E3B5CAAE.d.87799DC6C5CA27EC246C2093782951BC.e.11839/click - {}
RESULT: {}
COMMAND: GET /session/10503a4dac92bcb2538d37e21df02b44/screenshot - {}
RESULT: {}
COMMAND: POST /session/10503a4dac92bcb2538d37e21df02b44/element - {"using":"xpath","value":"//td[6]/div/div/input[1]"}
RESULT: {"using":"xpath","value":"//td[6]/div/div/input[1]"}
COMMAND: POST /session/10503a4dac92bcb2538d37e21df02b44/element/f.FDAF18A8ED6EACE6EA012090E3B5CAAE.d.87799DC6C5CA27EC246C2093782951BC.e.11829/clear - {}
RESULT: {}
COMMAND: GET /session/10503a4dac92bcb2538d37e21df02b44/screenshot - {}
RESULT: {}
COMMAND: POST /session/10503a4dac92bcb2538d37e21df02b44/element - {"using":"xpath","value":"//td[6]/div/div/input[1]"}
RESULT: {"using":"xpath","value":"//td[6]/div/div/input[1]"}
COMMAND: POST /session/10503a4dac92bcb2538d37e21df02b44/element/f.FDAF18A8ED6EACE6EA012090E3B5CAAE.d.87799DC6C5CA27EC246C2093782951BC.e.11855/click - {}
RESULT: {}
COMMAND: POST /session/10503a4dac92bcb2538d37e21df02b44/actions - {"actions":[{"id":"action50","type":"key","parameters":{},"actions":[{"type":"keyDown","value":"î€ƒ"},{"type":"pause","duration":10},{"type":"keyUp","value":"î€ƒ"}]}]}
COMMAND: GET /session/10503a4dac92bcb2538d37e21df02b44/screenshot - {}
RESULT: {"actions":[{"id":"action50","type":"key","parameters":{},"actions":[{"type":"keyDown","value":"î€ƒ"},{"type":"pause","duration":10},{"type":"keyUp","value":"î€ƒ"}]}]}
COMMAND: POST /session/10503a4dac92bcb2538d37e21df02b44/element - {"using":"xpath","value":"//td[6]/div/div/input[1]"}
COMMAND: GET /session/10503a4dac92bcb2538d37e21df02b44/screenshot - {}
RESULT: {}
RESULT: {"using":"xpath","value":"//td[6]/div/div/input[1]"}
COMMAND: POST /session/10503a4dac92bcb2538d37e21df02b44/element/f.FDAF18A8ED6EACE6EA012090E3B5CAAE.d.87799DC6C5CA27EC246C2093782951BC.e.11855/clear - {}
RESULT: {}
RESULT: {}
COMMAND: POST /session/10503a4dac92bcb2538d37e21df02b44/element/f.FDAF18A8ED6EACE6EA012090E3B5CAAE.d.87799DC6C5CA27EC246C2093782951BC.e.11855/value - {"text":"Material"}
COMMAND: GET /session/10503a4dac92bcb2538d37e21df02b44/screenshot - {}
RESULT: {"text":"Material"}
COMMAND: GET /session/10503a4dac92bcb2538d37e21df02b44/screenshot - {}
RESULT: {}
RESULT: {}
COMMAND: POST /session/10503a4dac92bcb2538d37e21df02b44/actions - {"actions":[{"id":"action51","type":"key","parameters":{},"actions":[{"type":"keyDown","value":"î€‡"},{"type":"pause","duration":10},{"type":"keyUp","value":"î€‡"}]}]}
RESULT: {"actions":[{"id":"action51","type":"key","parameters":{},"actions":[{"type":"keyDown","value":"î€‡"},{"type":"pause","duration":10},{"type":"keyUp","value":"î€‡"}]}]}
COMMAND: POST /session/10503a4dac92bcb2538d37e21df02b44/element - {"using":"xpath","value":"//td[7]/div/div/input[1]"}
COMMAND: GET /session/10503a4dac92bcb2538d37e21df02b44/screenshot - {}
RESULT: {"using":"xpath","value":"//td[7]/div/div/input[1]"}
COMMAND: POST /session/10503a4dac92bcb2538d37e21df02b44/element/f.FDAF18A8ED6EACE6EA012090E3B5CAAE.d.87799DC6C5CA27EC246C2093782951BC.e.11877/clear - {}
RESULT: {}
RESULT: {}
COMMAND: POST /session/10503a4dac92bcb2538d37e21df02b44/element/f.FDAF18A8ED6EACE6EA012090E3B5CAAE.d.87799DC6C5CA27EC246C2093782951BC.e.11877/value - {"text":"200295"}
COMMAND: GET /session/10503a4dac92bcb2538d37e21df02b44/screenshot - {}
RESULT: {"text":"200295"}
COMMAND: GET /session/10503a4dac92bcb2538d37e21df02b44/screenshot - {}
RESULT: {}
RESULT: {}
COMMAND: POST /session/10503a4dac92bcb2538d37e21df02b44/actions - {"actions":[{"id":"action52","type":"key","parameters":{},"actions":[{"type":"keyDown","value":"î€‡"},{"type":"pause","duration":10},{"type":"keyUp","value":"î€‡"}]}]}
RESULT: {"actions":[{"id":"action52","type":"key","parameters":{},"actions":[{"type":"keyDown","value":"î€‡"},{"type":"pause","duration":10},{"type":"keyUp","value":"î€‡"}]}]}
COMMAND: POST /session/10503a4dac92bcb2538d37e21df02b44/execute/async - {"script":"<script> [1562 bytes]","args":[{"selector":{"controlType":"sap.m.Button","properties":{"text":"OK"},"searchOpenDialogs":true,"interaction":{"idSuffix":"BDI-content"}},"wdio_ui5_key":"sapm.Button{\"text\":\"OK\"}"}]}
COMMAND: GET /session/10503a4dac92bcb2538d37e21df02b44/screenshot - {}
RESULT: {"script":"<script> [1562 bytes]","args":[{"selector":{"controlType":"sap.m.Button","properties":{"text":"OK"},"searchOpenDialogs":true,"interaction":{"idSuffix":"BDI-content"}},"wdio_ui5_key":"sapm.Button{\"text\":\"OK\"}"}]}
RESULT: undefined
COMMAND: POST /session/10503a4dac92bcb2538d37e21df02b44/element - {"using":"xpath","value":"//*[@id=\"__mbox-btn-1\"]"}
RESULT: {}
RESULT: {"using":"xpath","value":"//*[@id=\"__mbox-btn-1\"]"}
COMMAND: POST /session/10503a4dac92bcb2538d37e21df02b44/element/f.FDAF18A8ED6EACE6EA012090E3B5CAAE.d.87799DC6C5CA27EC246C2093782951BC.e.11898/click - {}
RESULT: {}
COMMAND: POST /session/10503a4dac92bcb2538d37e21df02b44/execute/async - {"script":"<script> [1562 bytes]","args":[{"selector":{"id":"saveBtn","viewName":"etm.portal.ui.managecontracts.view.EditContract","interaction":{"idSuffix":"BDI-content"}},"wdio_ui5_key":"saveBtnetmportal.ui.managecontracts.view.EditContract"}]}
COMMAND: GET /session/10503a4dac92bcb2538d37e21df02b44/screenshot - {}
RESULT: {"script":"<script> [1562 bytes]","args":[{"selector":{"id":"saveBtn","viewName":"etm.portal.ui.managecontracts.view.EditContract","interaction":{"idSuffix":"BDI-content"}},"wdio_ui5_key":"saveBtnetmportal.ui.managecontracts.view.EditContract"}]}
RESULT: undefined
COMMAND: POST /session/10503a4dac92bcb2538d37e21df02b44/element - {"using":"xpath","value":"//*[@id=\"__xmlview64--saveBtn\"]"}
RESULT: {}
RESULT: {"using":"xpath","value":"//*[@id=\"__xmlview64--saveBtn\"]"}
COMMAND: POST /session/10503a4dac92bcb2538d37e21df02b44/element/f.FDAF18A8ED6EACE6EA012090E3B5CAAE.d.87799DC6C5CA27EC246C2093782951BC.e.11924/click - {}
RESULT: {}
COMMAND: GET /session/10503a4dac92bcb2538d37e21df02b44/screenshot - {}
RESULT: {}
COMMAND: POST /session/10503a4dac92bcb2538d37e21df02b44/execute/async - {"script":"<script> [1562 bytes]","args":[{"selector":{"id":"additionalAddressesTabFilter","viewName":"etm.portal.ui.managecontracts.view.Detail","interaction":{"idSuffix":"text"}},"wdio_ui5_key":"additionalAddressesTabFilteretmportal.ui.managecontracts.view.Detail"}]}
RESULT: {"script":"<script> [1562 bytes]","args":[{"selector":{"id":"additionalAddressesTabFilter","viewName":"etm.portal.ui.managecontracts.view.Detail","interaction":{"idSuffix":"text"}},"wdio_ui5_key":"additionalAddressesTabFilteretmportal.ui.managecontracts.view.Detail"}]}
RESULT: undefined
COMMAND: POST /session/10503a4dac92bcb2538d37e21df02b44/element - {"using":"xpath","value":"//*[@id=\"__xmlview63--additionalAddressesTabFilter\"]"}
RESULT: {"using":"xpath","value":"//*[@id=\"__xmlview63--additionalAddressesTabFilter\"]"}
COMMAND: POST /session/10503a4dac92bcb2538d37e21df02b44/element/f.FDAF18A8ED6EACE6EA012090E3B5CAAE.d.87799DC6C5CA27EC246C2093782951BC.e.11928/click - {}
RESULT: {}
COMMAND: POST /session/10503a4dac92bcb2538d37e21df02b44/execute/async - {"script":"<script> [1562 bytes]","args":[{"selector":{"id":"contractDetailProvideButton","viewName":"etm.portal.ui.managecontracts.view.Detail","interaction":{"idSuffix":"BDI-content"}},"wdio_ui5_key":"contractDetailProvideButtonetmportal.ui.managecontracts.view.Detail"}]}
COMMAND: GET /session/10503a4dac92bcb2538d37e21df02b44/screenshot - {}
RESULT: {"script":"<script> [1562 bytes]","args":[{"selector":{"id":"contractDetailProvideButton","viewName":"etm.portal.ui.managecontracts.view.Detail","interaction":{"idSuffix":"BDI-content"}},"wdio_ui5_key":"contractDetailProvideButtonetmportal.ui.managecontracts.view.Detail"}]}
RESULT: undefined
COMMAND: POST /session/10503a4dac92bcb2538d37e21df02b44/element - {"using":"xpath","value":"//*[@id=\"__xmlview63--contractDetailProvideButton\"]"}
RESULT: {}
RESULT: {"using":"xpath","value":"//*[@id=\"__xmlview63--contractDetailProvideButton\"]"}
COMMAND: POST /session/10503a4dac92bcb2538d37e21df02b44/element/f.FDAF18A8ED6EACE6EA012090E3B5CAAE.d.87799DC6C5CA27EC246C2093782951BC.e.11933/click - {}
RESULT: {}
COMMAND: GET /session/10503a4dac92bcb2538d37e21df02b44/screenshot - {}
RESULT: {}
]]></system-out>
    </testcase>
    <testcase classname="chrome.135_0_7049_96.windows.Provide_to_Site_w/_warehouse_management_w_clarification" name="Should Create HandOvers provide to site" time="67.054">
      <system-out><![CDATA[
COMMAND: POST /session/10503a4dac92bcb2538d37e21df02b44/element - {"using":"css selector","value":"#application-managehandovers-display-component---AddNewHO--dueDate-inner"}
RESULT: {"using":"css selector","value":"#application-managehandovers-display-component---AddNewHO--dueDate-inner"}
COMMAND: POST /session/10503a4dac92bcb2538d37e21df02b44/element/f.FDAF18A8ED6EACE6EA012090E3B5CAAE.d.87799DC6C5CA27EC246C2093782951BC.e.11990/clear - {}
RESULT: {}
COMMAND: POST /session/10503a4dac92bcb2538d37e21df02b44/element/f.FDAF18A8ED6EACE6EA012090E3B5CAAE.d.87799DC6C5CA27EC246C2093782951BC.e.11990/value - {"text":"5/3/25"}
COMMAND: GET /session/10503a4dac92bcb2538d37e21df02b44/screenshot - {}
RESULT: {"text":"5/3/25"}
COMMAND: POST /session/10503a4dac92bcb2538d37e21df02b44/element - {"using":"xpath","value":"//bdi[(text() = 'Items' or . = 'Items')]"}
COMMAND: GET /session/10503a4dac92bcb2538d37e21df02b44/screenshot - {}
RESULT: {}
RESULT: {"using":"xpath","value":"//bdi[(text() = 'Items' or . = 'Items')]"}
COMMAND: POST /session/10503a4dac92bcb2538d37e21df02b44/element/f.FDAF18A8ED6EACE6EA012090E3B5CAAE.d.87799DC6C5CA27EC246C2093782951BC.e.12098/click - {}
RESULT: {}
RESULT: {}
COMMAND: POST /session/10503a4dac92bcb2538d37e21df02b44/execute/async - {"script":"<script> [1562 bytes]","args":[{"selector":{"controlType":"sap.m.Button","viewName":"etm.portal.ui.managehandovers.view.AddNewHO","viewId":"application-managehandovers-display-component---AddNewHO","i18NText":{"propertyName":"tooltip","key":"addItems"}},"wdio_ui5_key":"etmportal.ui.managehandovers.view.AddNewHOsap.m.Button{\"propertyName\":\"tooltip\",\"key\":\"addItems\"}"}]}
COMMAND: GET /session/10503a4dac92bcb2538d37e21df02b44/screenshot - {}
RESULT: {"script":"<script> [1562 bytes]","args":[{"selector":{"controlType":"sap.m.Button","viewName":"etm.portal.ui.managehandovers.view.AddNewHO","viewId":"application-managehandovers-display-component---AddNewHO","i18NText":{"propertyName":"tooltip","key":"addItems"}},"wdio_ui5_key":"etmportal.ui.managehandovers.view.AddNewHOsap.m.Button{\"propertyName\":\"tooltip\",\"key\":\"addItems\"}"}]}
RESULT: undefined
COMMAND: POST /session/10503a4dac92bcb2538d37e21df02b44/element - {"using":"xpath","value":"//*[@id=\"__button354\"]"}
RESULT: {}
RESULT: {"using":"xpath","value":"//*[@id=\"__button354\"]"}
COMMAND: POST /session/10503a4dac92bcb2538d37e21df02b44/element/f.FDAF18A8ED6EACE6EA012090E3B5CAAE.d.87799DC6C5CA27EC246C2093782951BC.e.12103/click - {}
RESULT: {}
COMMAND: GET /session/10503a4dac92bcb2538d37e21df02b44/screenshot - {}
RESULT: {}
COMMAND: POST /session/10503a4dac92bcb2538d37e21df02b44/element - {"using":"css selector","value":"div[id= \"application-managehandovers-display-component---AddNewHO--popup-sa-CbBg\"]"}
RESULT: {"using":"css selector","value":"div[id= \"application-managehandovers-display-component---AddNewHO--popup-sa-CbBg\"]"}
COMMAND: POST /session/10503a4dac92bcb2538d37e21df02b44/element/f.FDAF18A8ED6EACE6EA012090E3B5CAAE.d.87799DC6C5CA27EC246C2093782951BC.e.12115/click - {}
RESULT: {}
COMMAND: GET /session/10503a4dac92bcb2538d37e21df02b44/screenshot - {}
RESULT: {}
COMMAND: POST /session/10503a4dac92bcb2538d37e21df02b44/element - {"using":"xpath","value":"//bdi[(text() = 'Select' or . = 'Select')]"}
RESULT: {"using":"xpath","value":"//bdi[(text() = 'Select' or . = 'Select')]"}
COMMAND: POST /session/10503a4dac92bcb2538d37e21df02b44/element/f.FDAF18A8ED6EACE6EA012090E3B5CAAE.d.87799DC6C5CA27EC246C2093782951BC.e.12116/click - {}
RESULT: {}
COMMAND: GET /session/10503a4dac92bcb2538d37e21df02b44/screenshot - {}
RESULT: {}
COMMAND: POST /session/10503a4dac92bcb2538d37e21df02b44/element - {"using":"xpath","value":"//bdi[(text() = 'Save' or . = 'Save')]"}
RESULT: {"using":"xpath","value":"//bdi[(text() = 'Save' or . = 'Save')]"}
COMMAND: POST /session/10503a4dac92bcb2538d37e21df02b44/element/f.FDAF18A8ED6EACE6EA012090E3B5CAAE.d.87799DC6C5CA27EC246C2093782951BC.e.12123/click - {}
RESULT: {}
COMMAND: GET /session/10503a4dac92bcb2538d37e21df02b44/screenshot - {}
RESULT: {}
COMMAND: POST /session/10503a4dac92bcb2538d37e21df02b44/elements - {"using":"xpath","value":"//*[text()='Close']"}
RESULT: {"using":"xpath","value":"//*[text()='Close']"}
COMMAND: GET /session/10503a4dac92bcb2538d37e21df02b44/element/f.FDAF18A8ED6EACE6EA012090E3B5CAAE.d.87799DC6C5CA27EC246C2093782951BC.e.12159/enabled - {}
RESULT: {}
COMMAND: POST /session/10503a4dac92bcb2538d37e21df02b44/execute/sync - {"script":"<script> [8489 bytes]","args":[{"element-6066-11e4-a52e-4f735466cecf":"f.FDAF18A8ED6EACE6EA012090E3B5CAAE.d.87799DC6C5CA27EC246C2093782951BC.e.12159","ELEMENT":"f.FDAF18A8ED6EACE6EA012090E3B5CAAE.d.87799DC6C5CA27EC246C2093782951BC.e.12159"}]}
COMMAND: GET /session/10503a4dac92bcb2538d37e21df02b44/screenshot - {}
RESULT: {"script":"<script> [8489 bytes]","args":[{"element-6066-11e4-a52e-4f735466cecf":"f.FDAF18A8ED6EACE6EA012090E3B5CAAE.d.87799DC6C5CA27EC246C2093782951BC.e.12159","ELEMENT":"f.FDAF18A8ED6EACE6EA012090E3B5CAAE.d.87799DC6C5CA27EC246C2093782951BC.e.12159"}]}
COMMAND: GET /session/10503a4dac92bcb2538d37e21df02b44/screenshot - {}
RESULT: {}
RESULT: {}
COMMAND: POST /session/10503a4dac92bcb2538d37e21df02b44/execute/sync - {"script":"<script> [8489 bytes]","args":[{"element-6066-11e4-a52e-4f735466cecf":"f.FDAF18A8ED6EACE6EA012090E3B5CAAE.d.87799DC6C5CA27EC246C2093782951BC.e.12159","ELEMENT":"f.FDAF18A8ED6EACE6EA012090E3B5CAAE.d.87799DC6C5CA27EC246C2093782951BC.e.12159"}]}
RESULT: {"script":"<script> [8489 bytes]","args":[{"element-6066-11e4-a52e-4f735466cecf":"f.FDAF18A8ED6EACE6EA012090E3B5CAAE.d.87799DC6C5CA27EC246C2093782951BC.e.12159","ELEMENT":"f.FDAF18A8ED6EACE6EA012090E3B5CAAE.d.87799DC6C5CA27EC246C2093782951BC.e.12159"}]}
COMMAND: GET /session/10503a4dac92bcb2538d37e21df02b44/screenshot - {}
RESULT: {}
COMMAND: POST /session/10503a4dac92bcb2538d37e21df02b44/execute/sync - {"script":"<script> [8489 bytes]","args":[{"element-6066-11e4-a52e-4f735466cecf":"f.FDAF18A8ED6EACE6EA012090E3B5CAAE.d.87799DC6C5CA27EC246C2093782951BC.e.12159","ELEMENT":"f.FDAF18A8ED6EACE6EA012090E3B5CAAE.d.87799DC6C5CA27EC246C2093782951BC.e.12159"}]}
RESULT: {"script":"<script> [8489 bytes]","args":[{"element-6066-11e4-a52e-4f735466cecf":"f.FDAF18A8ED6EACE6EA012090E3B5CAAE.d.87799DC6C5CA27EC246C2093782951BC.e.12159","ELEMENT":"f.FDAF18A8ED6EACE6EA012090E3B5CAAE.d.87799DC6C5CA27EC246C2093782951BC.e.12159"}]}
COMMAND: GET /session/10503a4dac92bcb2538d37e21df02b44/screenshot - {}
RESULT: {}
COMMAND: POST /session/10503a4dac92bcb2538d37e21df02b44/execute/sync - {"script":"<script> [8489 bytes]","args":[{"element-6066-11e4-a52e-4f735466cecf":"f.FDAF18A8ED6EACE6EA012090E3B5CAAE.d.87799DC6C5CA27EC246C2093782951BC.e.12159","ELEMENT":"f.FDAF18A8ED6EACE6EA012090E3B5CAAE.d.87799DC6C5CA27EC246C2093782951BC.e.12159"}]}
RESULT: {"script":"<script> [8489 bytes]","args":[{"element-6066-11e4-a52e-4f735466cecf":"f.FDAF18A8ED6EACE6EA012090E3B5CAAE.d.87799DC6C5CA27EC246C2093782951BC.e.12159","ELEMENT":"f.FDAF18A8ED6EACE6EA012090E3B5CAAE.d.87799DC6C5CA27EC246C2093782951BC.e.12159"}]}
COMMAND: GET /session/10503a4dac92bcb2538d37e21df02b44/screenshot - {}
RESULT: {}
COMMAND: POST /session/10503a4dac92bcb2538d37e21df02b44/execute/sync - {"script":"<script> [8489 bytes]","args":[{"element-6066-11e4-a52e-4f735466cecf":"f.FDAF18A8ED6EACE6EA012090E3B5CAAE.d.87799DC6C5CA27EC246C2093782951BC.e.12159","ELEMENT":"f.FDAF18A8ED6EACE6EA012090E3B5CAAE.d.87799DC6C5CA27EC246C2093782951BC.e.12159"}]}
RESULT: {"script":"<script> [8489 bytes]","args":[{"element-6066-11e4-a52e-4f735466cecf":"f.FDAF18A8ED6EACE6EA012090E3B5CAAE.d.87799DC6C5CA27EC246C2093782951BC.e.12159","ELEMENT":"f.FDAF18A8ED6EACE6EA012090E3B5CAAE.d.87799DC6C5CA27EC246C2093782951BC.e.12159"}]}
COMMAND: GET /session/10503a4dac92bcb2538d37e21df02b44/screenshot - {}
RESULT: {}
COMMAND: POST /session/10503a4dac92bcb2538d37e21df02b44/execute/sync - {"script":"<script> [8489 bytes]","args":[{"element-6066-11e4-a52e-4f735466cecf":"f.FDAF18A8ED6EACE6EA012090E3B5CAAE.d.87799DC6C5CA27EC246C2093782951BC.e.12159","ELEMENT":"f.FDAF18A8ED6EACE6EA012090E3B5CAAE.d.87799DC6C5CA27EC246C2093782951BC.e.12159"}]}
RESULT: {"script":"<script> [8489 bytes]","args":[{"element-6066-11e4-a52e-4f735466cecf":"f.FDAF18A8ED6EACE6EA012090E3B5CAAE.d.87799DC6C5CA27EC246C2093782951BC.e.12159","ELEMENT":"f.FDAF18A8ED6EACE6EA012090E3B5CAAE.d.87799DC6C5CA27EC246C2093782951BC.e.12159"}]}
COMMAND: GET /session/10503a4dac92bcb2538d37e21df02b44/screenshot - {}
COMMAND: POST /session/10503a4dac92bcb2538d37e21df02b44/execute/sync - {"script":"<script> [8489 bytes]","args":[{"element-6066-11e4-a52e-4f735466cecf":"f.FDAF18A8ED6EACE6EA012090E3B5CAAE.d.87799DC6C5CA27EC246C2093782951BC.e.12159","ELEMENT":"f.FDAF18A8ED6EACE6EA012090E3B5CAAE.d.87799DC6C5CA27EC246C2093782951BC.e.12159"}]}
RESULT: {}
RESULT: {"script":"<script> [8489 bytes]","args":[{"element-6066-11e4-a52e-4f735466cecf":"f.FDAF18A8ED6EACE6EA012090E3B5CAAE.d.87799DC6C5CA27EC246C2093782951BC.e.12159","ELEMENT":"f.FDAF18A8ED6EACE6EA012090E3B5CAAE.d.87799DC6C5CA27EC246C2093782951BC.e.12159"}]}
COMMAND: GET /session/10503a4dac92bcb2538d37e21df02b44/screenshot - {}
COMMAND: POST /session/10503a4dac92bcb2538d37e21df02b44/execute/sync - {"script":"<script> [8489 bytes]","args":[{"element-6066-11e4-a52e-4f735466cecf":"f.FDAF18A8ED6EACE6EA012090E3B5CAAE.d.87799DC6C5CA27EC246C2093782951BC.e.12159","ELEMENT":"f.FDAF18A8ED6EACE6EA012090E3B5CAAE.d.87799DC6C5CA27EC246C2093782951BC.e.12159"}]}
RESULT: {}
RESULT: {"script":"<script> [8489 bytes]","args":[{"element-6066-11e4-a52e-4f735466cecf":"f.FDAF18A8ED6EACE6EA012090E3B5CAAE.d.87799DC6C5CA27EC246C2093782951BC.e.12159","ELEMENT":"f.FDAF18A8ED6EACE6EA012090E3B5CAAE.d.87799DC6C5CA27EC246C2093782951BC.e.12159"}]}
COMMAND: GET /session/10503a4dac92bcb2538d37e21df02b44/screenshot - {}
RESULT: {}
COMMAND: POST /session/10503a4dac92bcb2538d37e21df02b44/execute/sync - {"script":"<script> [8489 bytes]","args":[{"element-6066-11e4-a52e-4f735466cecf":"f.FDAF18A8ED6EACE6EA012090E3B5CAAE.d.87799DC6C5CA27EC246C2093782951BC.e.12159","ELEMENT":"f.FDAF18A8ED6EACE6EA012090E3B5CAAE.d.87799DC6C5CA27EC246C2093782951BC.e.12159"}]}
RESULT: {"script":"<script> [8489 bytes]","args":[{"element-6066-11e4-a52e-4f735466cecf":"f.FDAF18A8ED6EACE6EA012090E3B5CAAE.d.87799DC6C5CA27EC246C2093782951BC.e.12159","ELEMENT":"f.FDAF18A8ED6EACE6EA012090E3B5CAAE.d.87799DC6C5CA27EC246C2093782951BC.e.12159"}]}
COMMAND: GET /session/10503a4dac92bcb2538d37e21df02b44/screenshot - {}
RESULT: {}
COMMAND: POST /session/10503a4dac92bcb2538d37e21df02b44/execute/sync - {"script":"<script> [8489 bytes]","args":[{"element-6066-11e4-a52e-4f735466cecf":"f.FDAF18A8ED6EACE6EA012090E3B5CAAE.d.87799DC6C5CA27EC246C2093782951BC.e.12159","ELEMENT":"f.FDAF18A8ED6EACE6EA012090E3B5CAAE.d.87799DC6C5CA27EC246C2093782951BC.e.12159"}]}
RESULT: {"script":"<script> [8489 bytes]","args":[{"element-6066-11e4-a52e-4f735466cecf":"f.FDAF18A8ED6EACE6EA012090E3B5CAAE.d.87799DC6C5CA27EC246C2093782951BC.e.12159","ELEMENT":"f.FDAF18A8ED6EACE6EA012090E3B5CAAE.d.87799DC6C5CA27EC246C2093782951BC.e.12159"}]}
COMMAND: GET /session/10503a4dac92bcb2538d37e21df02b44/screenshot - {}
RESULT: {}
COMMAND: POST /session/10503a4dac92bcb2538d37e21df02b44/execute/sync - {"script":"<script> [8489 bytes]","args":[{"element-6066-11e4-a52e-4f735466cecf":"f.FDAF18A8ED6EACE6EA012090E3B5CAAE.d.87799DC6C5CA27EC246C2093782951BC.e.12159","ELEMENT":"f.FDAF18A8ED6EACE6EA012090E3B5CAAE.d.87799DC6C5CA27EC246C2093782951BC.e.12159"}]}
RESULT: {"script":"<script> [8489 bytes]","args":[{"element-6066-11e4-a52e-4f735466cecf":"f.FDAF18A8ED6EACE6EA012090E3B5CAAE.d.87799DC6C5CA27EC246C2093782951BC.e.12159","ELEMENT":"f.FDAF18A8ED6EACE6EA012090E3B5CAAE.d.87799DC6C5CA27EC246C2093782951BC.e.12159"}]}
COMMAND: GET /session/10503a4dac92bcb2538d37e21df02b44/screenshot - {}
RESULT: {}
COMMAND: POST /session/10503a4dac92bcb2538d37e21df02b44/execute/sync - {"script":"<script> [8489 bytes]","args":[{"element-6066-11e4-a52e-4f735466cecf":"f.FDAF18A8ED6EACE6EA012090E3B5CAAE.d.87799DC6C5CA27EC246C2093782951BC.e.12159","ELEMENT":"f.FDAF18A8ED6EACE6EA012090E3B5CAAE.d.87799DC6C5CA27EC246C2093782951BC.e.12159"}]}
RESULT: {"script":"<script> [8489 bytes]","args":[{"element-6066-11e4-a52e-4f735466cecf":"f.FDAF18A8ED6EACE6EA012090E3B5CAAE.d.87799DC6C5CA27EC246C2093782951BC.e.12159","ELEMENT":"f.FDAF18A8ED6EACE6EA012090E3B5CAAE.d.87799DC6C5CA27EC246C2093782951BC.e.12159"}]}
COMMAND: GET /session/10503a4dac92bcb2538d37e21df02b44/screenshot - {}
RESULT: {}
COMMAND: POST /session/10503a4dac92bcb2538d37e21df02b44/execute/sync - {"script":"<script> [8489 bytes]","args":[{"element-6066-11e4-a52e-4f735466cecf":"f.FDAF18A8ED6EACE6EA012090E3B5CAAE.d.87799DC6C5CA27EC246C2093782951BC.e.12159","ELEMENT":"f.FDAF18A8ED6EACE6EA012090E3B5CAAE.d.87799DC6C5CA27EC246C2093782951BC.e.12159"}]}
RESULT: {"script":"<script> [8489 bytes]","args":[{"element-6066-11e4-a52e-4f735466cecf":"f.FDAF18A8ED6EACE6EA012090E3B5CAAE.d.87799DC6C5CA27EC246C2093782951BC.e.12159","ELEMENT":"f.FDAF18A8ED6EACE6EA012090E3B5CAAE.d.87799DC6C5CA27EC246C2093782951BC.e.12159"}]}
COMMAND: GET /session/10503a4dac92bcb2538d37e21df02b44/screenshot - {}
RESULT: {}
COMMAND: POST /session/10503a4dac92bcb2538d37e21df02b44/execute/sync - {"script":"<script> [8489 bytes]","args":[{"element-6066-11e4-a52e-4f735466cecf":"f.FDAF18A8ED6EACE6EA012090E3B5CAAE.d.87799DC6C5CA27EC246C2093782951BC.e.12159","ELEMENT":"f.FDAF18A8ED6EACE6EA012090E3B5CAAE.d.87799DC6C5CA27EC246C2093782951BC.e.12159"}]}
RESULT: {"script":"<script> [8489 bytes]","args":[{"element-6066-11e4-a52e-4f735466cecf":"f.FDAF18A8ED6EACE6EA012090E3B5CAAE.d.87799DC6C5CA27EC246C2093782951BC.e.12159","ELEMENT":"f.FDAF18A8ED6EACE6EA012090E3B5CAAE.d.87799DC6C5CA27EC246C2093782951BC.e.12159"}]}
COMMAND: GET /session/10503a4dac92bcb2538d37e21df02b44/screenshot - {}
RESULT: {}
COMMAND: POST /session/10503a4dac92bcb2538d37e21df02b44/execute/sync - {"script":"<script> [8489 bytes]","args":[{"element-6066-11e4-a52e-4f735466cecf":"f.FDAF18A8ED6EACE6EA012090E3B5CAAE.d.87799DC6C5CA27EC246C2093782951BC.e.12159","ELEMENT":"f.FDAF18A8ED6EACE6EA012090E3B5CAAE.d.87799DC6C5CA27EC246C2093782951BC.e.12159"}]}
RESULT: {"script":"<script> [8489 bytes]","args":[{"element-6066-11e4-a52e-4f735466cecf":"f.FDAF18A8ED6EACE6EA012090E3B5CAAE.d.87799DC6C5CA27EC246C2093782951BC.e.12159","ELEMENT":"f.FDAF18A8ED6EACE6EA012090E3B5CAAE.d.87799DC6C5CA27EC246C2093782951BC.e.12159"}]}
COMMAND: GET /session/10503a4dac92bcb2538d37e21df02b44/screenshot - {}
RESULT: {}
COMMAND: POST /session/10503a4dac92bcb2538d37e21df02b44/execute/sync - {"script":"<script> [8489 bytes]","args":[{"element-6066-11e4-a52e-4f735466cecf":"f.FDAF18A8ED6EACE6EA012090E3B5CAAE.d.87799DC6C5CA27EC246C2093782951BC.e.12159","ELEMENT":"f.FDAF18A8ED6EACE6EA012090E3B5CAAE.d.87799DC6C5CA27EC246C2093782951BC.e.12159"}]}
RESULT: {"script":"<script> [8489 bytes]","args":[{"element-6066-11e4-a52e-4f735466cecf":"f.FDAF18A8ED6EACE6EA012090E3B5CAAE.d.87799DC6C5CA27EC246C2093782951BC.e.12159","ELEMENT":"f.FDAF18A8ED6EACE6EA012090E3B5CAAE.d.87799DC6C5CA27EC246C2093782951BC.e.12159"}]}
COMMAND: GET /session/10503a4dac92bcb2538d37e21df02b44/screenshot - {}
RESULT: {}
COMMAND: POST /session/10503a4dac92bcb2538d37e21df02b44/execute/sync - {"script":"<script> [8489 bytes]","args":[{"element-6066-11e4-a52e-4f735466cecf":"f.FDAF18A8ED6EACE6EA012090E3B5CAAE.d.87799DC6C5CA27EC246C2093782951BC.e.12159","ELEMENT":"f.FDAF18A8ED6EACE6EA012090E3B5CAAE.d.87799DC6C5CA27EC246C2093782951BC.e.12159"}]}
RESULT: {"script":"<script> [8489 bytes]","args":[{"element-6066-11e4-a52e-4f735466cecf":"f.FDAF18A8ED6EACE6EA012090E3B5CAAE.d.87799DC6C5CA27EC246C2093782951BC.e.12159","ELEMENT":"f.FDAF18A8ED6EACE6EA012090E3B5CAAE.d.87799DC6C5CA27EC246C2093782951BC.e.12159"}]}
COMMAND: GET /session/10503a4dac92bcb2538d37e21df02b44/screenshot - {}
RESULT: {}
COMMAND: POST /session/10503a4dac92bcb2538d37e21df02b44/execute/sync - {"script":"<script> [8489 bytes]","args":[{"element-6066-11e4-a52e-4f735466cecf":"f.FDAF18A8ED6EACE6EA012090E3B5CAAE.d.87799DC6C5CA27EC246C2093782951BC.e.12159","ELEMENT":"f.FDAF18A8ED6EACE6EA012090E3B5CAAE.d.87799DC6C5CA27EC246C2093782951BC.e.12159"}]}
RESULT: {"script":"<script> [8489 bytes]","args":[{"element-6066-11e4-a52e-4f735466cecf":"f.FDAF18A8ED6EACE6EA012090E3B5CAAE.d.87799DC6C5CA27EC246C2093782951BC.e.12159","ELEMENT":"f.FDAF18A8ED6EACE6EA012090E3B5CAAE.d.87799DC6C5CA27EC246C2093782951BC.e.12159"}]}
COMMAND: GET /session/10503a4dac92bcb2538d37e21df02b44/screenshot - {}
RESULT: {}
COMMAND: POST /session/10503a4dac92bcb2538d37e21df02b44/execute/sync - {"script":"<script> [8489 bytes]","args":[{"element-6066-11e4-a52e-4f735466cecf":"f.FDAF18A8ED6EACE6EA012090E3B5CAAE.d.87799DC6C5CA27EC246C2093782951BC.e.12159","ELEMENT":"f.FDAF18A8ED6EACE6EA012090E3B5CAAE.d.87799DC6C5CA27EC246C2093782951BC.e.12159"}]}
RESULT: {"script":"<script> [8489 bytes]","args":[{"element-6066-11e4-a52e-4f735466cecf":"f.FDAF18A8ED6EACE6EA012090E3B5CAAE.d.87799DC6C5CA27EC246C2093782951BC.e.12159","ELEMENT":"f.FDAF18A8ED6EACE6EA012090E3B5CAAE.d.87799DC6C5CA27EC246C2093782951BC.e.12159"}]}
COMMAND: GET /session/10503a4dac92bcb2538d37e21df02b44/screenshot - {}
RESULT: {}
COMMAND: POST /session/10503a4dac92bcb2538d37e21df02b44/execute/sync - {"script":"<script> [8489 bytes]","args":[{"element-6066-11e4-a52e-4f735466cecf":"f.FDAF18A8ED6EACE6EA012090E3B5CAAE.d.87799DC6C5CA27EC246C2093782951BC.e.12159","ELEMENT":"f.FDAF18A8ED6EACE6EA012090E3B5CAAE.d.87799DC6C5CA27EC246C2093782951BC.e.12159"}]}
RESULT: {"script":"<script> [8489 bytes]","args":[{"element-6066-11e4-a52e-4f735466cecf":"f.FDAF18A8ED6EACE6EA012090E3B5CAAE.d.87799DC6C5CA27EC246C2093782951BC.e.12159","ELEMENT":"f.FDAF18A8ED6EACE6EA012090E3B5CAAE.d.87799DC6C5CA27EC246C2093782951BC.e.12159"}]}
COMMAND: GET /session/10503a4dac92bcb2538d37e21df02b44/screenshot - {}
RESULT: {}
COMMAND: POST /session/10503a4dac92bcb2538d37e21df02b44/execute/sync - {"script":"<script> [8489 bytes]","args":[{"element-6066-11e4-a52e-4f735466cecf":"f.FDAF18A8ED6EACE6EA012090E3B5CAAE.d.87799DC6C5CA27EC246C2093782951BC.e.12159","ELEMENT":"f.FDAF18A8ED6EACE6EA012090E3B5CAAE.d.87799DC6C5CA27EC246C2093782951BC.e.12159"}]}
RESULT: {"script":"<script> [8489 bytes]","args":[{"element-6066-11e4-a52e-4f735466cecf":"f.FDAF18A8ED6EACE6EA012090E3B5CAAE.d.87799DC6C5CA27EC246C2093782951BC.e.12159","ELEMENT":"f.FDAF18A8ED6EACE6EA012090E3B5CAAE.d.87799DC6C5CA27EC246C2093782951BC.e.12159"}]}
COMMAND: GET /session/10503a4dac92bcb2538d37e21df02b44/screenshot - {}
RESULT: {}
COMMAND: POST /session/10503a4dac92bcb2538d37e21df02b44/execute/sync - {"script":"<script> [8489 bytes]","args":[{"element-6066-11e4-a52e-4f735466cecf":"f.FDAF18A8ED6EACE6EA012090E3B5CAAE.d.87799DC6C5CA27EC246C2093782951BC.e.12159","ELEMENT":"f.FDAF18A8ED6EACE6EA012090E3B5CAAE.d.87799DC6C5CA27EC246C2093782951BC.e.12159"}]}
RESULT: {"script":"<script> [8489 bytes]","args":[{"element-6066-11e4-a52e-4f735466cecf":"f.FDAF18A8ED6EACE6EA012090E3B5CAAE.d.87799DC6C5CA27EC246C2093782951BC.e.12159","ELEMENT":"f.FDAF18A8ED6EACE6EA012090E3B5CAAE.d.87799DC6C5CA27EC246C2093782951BC.e.12159"}]}
COMMAND: GET /session/10503a4dac92bcb2538d37e21df02b44/screenshot - {}
RESULT: {}
COMMAND: POST /session/10503a4dac92bcb2538d37e21df02b44/execute/sync - {"script":"<script> [8489 bytes]","args":[{"element-6066-11e4-a52e-4f735466cecf":"f.FDAF18A8ED6EACE6EA012090E3B5CAAE.d.87799DC6C5CA27EC246C2093782951BC.e.12159","ELEMENT":"f.FDAF18A8ED6EACE6EA012090E3B5CAAE.d.87799DC6C5CA27EC246C2093782951BC.e.12159"}]}
RESULT: {"script":"<script> [8489 bytes]","args":[{"element-6066-11e4-a52e-4f735466cecf":"f.FDAF18A8ED6EACE6EA012090E3B5CAAE.d.87799DC6C5CA27EC246C2093782951BC.e.12159","ELEMENT":"f.FDAF18A8ED6EACE6EA012090E3B5CAAE.d.87799DC6C5CA27EC246C2093782951BC.e.12159"}]}
COMMAND: GET /session/10503a4dac92bcb2538d37e21df02b44/screenshot - {}
RESULT: {}
COMMAND: POST /session/10503a4dac92bcb2538d37e21df02b44/execute/sync - {"script":"<script> [8489 bytes]","args":[{"element-6066-11e4-a52e-4f735466cecf":"f.FDAF18A8ED6EACE6EA012090E3B5CAAE.d.87799DC6C5CA27EC246C2093782951BC.e.12159","ELEMENT":"f.FDAF18A8ED6EACE6EA012090E3B5CAAE.d.87799DC6C5CA27EC246C2093782951BC.e.12159"}]}
RESULT: {"script":"<script> [8489 bytes]","args":[{"element-6066-11e4-a52e-4f735466cecf":"f.FDAF18A8ED6EACE6EA012090E3B5CAAE.d.87799DC6C5CA27EC246C2093782951BC.e.12159","ELEMENT":"f.FDAF18A8ED6EACE6EA012090E3B5CAAE.d.87799DC6C5CA27EC246C2093782951BC.e.12159"}]}
COMMAND: GET /session/10503a4dac92bcb2538d37e21df02b44/screenshot - {}
RESULT: {}
COMMAND: POST /session/10503a4dac92bcb2538d37e21df02b44/execute/sync - {"script":"<script> [8489 bytes]","args":[{"element-6066-11e4-a52e-4f735466cecf":"f.FDAF18A8ED6EACE6EA012090E3B5CAAE.d.87799DC6C5CA27EC246C2093782951BC.e.12159","ELEMENT":"f.FDAF18A8ED6EACE6EA012090E3B5CAAE.d.87799DC6C5CA27EC246C2093782951BC.e.12159"}]}
RESULT: {"script":"<script> [8489 bytes]","args":[{"element-6066-11e4-a52e-4f735466cecf":"f.FDAF18A8ED6EACE6EA012090E3B5CAAE.d.87799DC6C5CA27EC246C2093782951BC.e.12159","ELEMENT":"f.FDAF18A8ED6EACE6EA012090E3B5CAAE.d.87799DC6C5CA27EC246C2093782951BC.e.12159"}]}
COMMAND: GET /session/10503a4dac92bcb2538d37e21df02b44/screenshot - {}
COMMAND: POST /session/10503a4dac92bcb2538d37e21df02b44/execute/sync - {"script":"<script> [8489 bytes]","args":[{"element-6066-11e4-a52e-4f735466cecf":"f.FDAF18A8ED6EACE6EA012090E3B5CAAE.d.87799DC6C5CA27EC246C2093782951BC.e.12159","ELEMENT":"f.FDAF18A8ED6EACE6EA012090E3B5CAAE.d.87799DC6C5CA27EC246C2093782951BC.e.12159"}]}
RESULT: {}
RESULT: {"script":"<script> [8489 bytes]","args":[{"element-6066-11e4-a52e-4f735466cecf":"f.FDAF18A8ED6EACE6EA012090E3B5CAAE.d.87799DC6C5CA27EC246C2093782951BC.e.12159","ELEMENT":"f.FDAF18A8ED6EACE6EA012090E3B5CAAE.d.87799DC6C5CA27EC246C2093782951BC.e.12159"}]}
COMMAND: GET /session/10503a4dac92bcb2538d37e21df02b44/screenshot - {}
COMMAND: POST /session/10503a4dac92bcb2538d37e21df02b44/execute/sync - {"script":"<script> [8489 bytes]","args":[{"element-6066-11e4-a52e-4f735466cecf":"f.FDAF18A8ED6EACE6EA012090E3B5CAAE.d.87799DC6C5CA27EC246C2093782951BC.e.12159","ELEMENT":"f.FDAF18A8ED6EACE6EA012090E3B5CAAE.d.87799DC6C5CA27EC246C2093782951BC.e.12159"}]}
RESULT: {}
RESULT: {"script":"<script> [8489 bytes]","args":[{"element-6066-11e4-a52e-4f735466cecf":"f.FDAF18A8ED6EACE6EA012090E3B5CAAE.d.87799DC6C5CA27EC246C2093782951BC.e.12159","ELEMENT":"f.FDAF18A8ED6EACE6EA012090E3B5CAAE.d.87799DC6C5CA27EC246C2093782951BC.e.12159"}]}
COMMAND: POST /session/10503a4dac92bcb2538d37e21df02b44/execute/sync - {"script":"<script> [8489 bytes]","args":[{"element-6066-11e4-a52e-4f735466cecf":"f.FDAF18A8ED6EACE6EA012090E3B5CAAE.d.87799DC6C5CA27EC246C2093782951BC.e.12159","ELEMENT":"f.FDAF18A8ED6EACE6EA012090E3B5CAAE.d.87799DC6C5CA27EC246C2093782951BC.e.12159"}]}
COMMAND: GET /session/10503a4dac92bcb2538d37e21df02b44/screenshot - {}
RESULT: {"script":"<script> [8489 bytes]","args":[{"element-6066-11e4-a52e-4f735466cecf":"f.FDAF18A8ED6EACE6EA012090E3B5CAAE.d.87799DC6C5CA27EC246C2093782951BC.e.12159","ELEMENT":"f.FDAF18A8ED6EACE6EA012090E3B5CAAE.d.87799DC6C5CA27EC246C2093782951BC.e.12159"}]}
COMMAND: GET /session/10503a4dac92bcb2538d37e21df02b44/screenshot - {}
RESULT: {}
RESULT: {}
COMMAND: POST /session/10503a4dac92bcb2538d37e21df02b44/execute/sync - {"script":"<script> [8489 bytes]","args":[{"element-6066-11e4-a52e-4f735466cecf":"f.FDAF18A8ED6EACE6EA012090E3B5CAAE.d.87799DC6C5CA27EC246C2093782951BC.e.12159","ELEMENT":"f.FDAF18A8ED6EACE6EA012090E3B5CAAE.d.87799DC6C5CA27EC246C2093782951BC.e.12159"}]}
RESULT: {"script":"<script> [8489 bytes]","args":[{"element-6066-11e4-a52e-4f735466cecf":"f.FDAF18A8ED6EACE6EA012090E3B5CAAE.d.87799DC6C5CA27EC246C2093782951BC.e.12159","ELEMENT":"f.FDAF18A8ED6EACE6EA012090E3B5CAAE.d.87799DC6C5CA27EC246C2093782951BC.e.12159"}]}
COMMAND: GET /session/10503a4dac92bcb2538d37e21df02b44/screenshot - {}
RESULT: {}
COMMAND: POST /session/10503a4dac92bcb2538d37e21df02b44/execute/sync - {"script":"<script> [8489 bytes]","args":[{"element-6066-11e4-a52e-4f735466cecf":"f.FDAF18A8ED6EACE6EA012090E3B5CAAE.d.87799DC6C5CA27EC246C2093782951BC.e.12159","ELEMENT":"f.FDAF18A8ED6EACE6EA012090E3B5CAAE.d.87799DC6C5CA27EC246C2093782951BC.e.12159"}]}
RESULT: {"script":"<script> [8489 bytes]","args":[{"element-6066-11e4-a52e-4f735466cecf":"f.FDAF18A8ED6EACE6EA012090E3B5CAAE.d.87799DC6C5CA27EC246C2093782951BC.e.12159","ELEMENT":"f.FDAF18A8ED6EACE6EA012090E3B5CAAE.d.87799DC6C5CA27EC246C2093782951BC.e.12159"}]}
COMMAND: GET /session/10503a4dac92bcb2538d37e21df02b44/screenshot - {}
RESULT: {}
COMMAND: POST /session/10503a4dac92bcb2538d37e21df02b44/execute/sync - {"script":"<script> [8489 bytes]","args":[{"element-6066-11e4-a52e-4f735466cecf":"f.FDAF18A8ED6EACE6EA012090E3B5CAAE.d.87799DC6C5CA27EC246C2093782951BC.e.12159","ELEMENT":"f.FDAF18A8ED6EACE6EA012090E3B5CAAE.d.87799DC6C5CA27EC246C2093782951BC.e.12159"}]}
RESULT: {"script":"<script> [8489 bytes]","args":[{"element-6066-11e4-a52e-4f735466cecf":"f.FDAF18A8ED6EACE6EA012090E3B5CAAE.d.87799DC6C5CA27EC246C2093782951BC.e.12159","ELEMENT":"f.FDAF18A8ED6EACE6EA012090E3B5CAAE.d.87799DC6C5CA27EC246C2093782951BC.e.12159"}]}
COMMAND: GET /session/10503a4dac92bcb2538d37e21df02b44/screenshot - {}
RESULT: {}
COMMAND: POST /session/10503a4dac92bcb2538d37e21df02b44/execute/sync - {"script":"<script> [8489 bytes]","args":[{"element-6066-11e4-a52e-4f735466cecf":"f.FDAF18A8ED6EACE6EA012090E3B5CAAE.d.87799DC6C5CA27EC246C2093782951BC.e.12159","ELEMENT":"f.FDAF18A8ED6EACE6EA012090E3B5CAAE.d.87799DC6C5CA27EC246C2093782951BC.e.12159"}]}
RESULT: {"script":"<script> [8489 bytes]","args":[{"element-6066-11e4-a52e-4f735466cecf":"f.FDAF18A8ED6EACE6EA012090E3B5CAAE.d.87799DC6C5CA27EC246C2093782951BC.e.12159","ELEMENT":"f.FDAF18A8ED6EACE6EA012090E3B5CAAE.d.87799DC6C5CA27EC246C2093782951BC.e.12159"}]}
COMMAND: GET /session/10503a4dac92bcb2538d37e21df02b44/screenshot - {}
RESULT: {}
COMMAND: POST /session/10503a4dac92bcb2538d37e21df02b44/execute/sync - {"script":"<script> [8489 bytes]","args":[{"element-6066-11e4-a52e-4f735466cecf":"f.FDAF18A8ED6EACE6EA012090E3B5CAAE.d.87799DC6C5CA27EC246C2093782951BC.e.12159","ELEMENT":"f.FDAF18A8ED6EACE6EA012090E3B5CAAE.d.87799DC6C5CA27EC246C2093782951BC.e.12159"}]}
RESULT: {"script":"<script> [8489 bytes]","args":[{"element-6066-11e4-a52e-4f735466cecf":"f.FDAF18A8ED6EACE6EA012090E3B5CAAE.d.87799DC6C5CA27EC246C2093782951BC.e.12159","ELEMENT":"f.FDAF18A8ED6EACE6EA012090E3B5CAAE.d.87799DC6C5CA27EC246C2093782951BC.e.12159"}]}
COMMAND: GET /session/10503a4dac92bcb2538d37e21df02b44/screenshot - {}
RESULT: {}
COMMAND: POST /session/10503a4dac92bcb2538d37e21df02b44/execute/sync - {"script":"<script> [8489 bytes]","args":[{"element-6066-11e4-a52e-4f735466cecf":"f.FDAF18A8ED6EACE6EA012090E3B5CAAE.d.87799DC6C5CA27EC246C2093782951BC.e.12159","ELEMENT":"f.FDAF18A8ED6EACE6EA012090E3B5CAAE.d.87799DC6C5CA27EC246C2093782951BC.e.12159"}]}
RESULT: {"script":"<script> [8489 bytes]","args":[{"element-6066-11e4-a52e-4f735466cecf":"f.FDAF18A8ED6EACE6EA012090E3B5CAAE.d.87799DC6C5CA27EC246C2093782951BC.e.12159","ELEMENT":"f.FDAF18A8ED6EACE6EA012090E3B5CAAE.d.87799DC6C5CA27EC246C2093782951BC.e.12159"}]}
COMMAND: GET /session/10503a4dac92bcb2538d37e21df02b44/screenshot - {}
RESULT: {}
COMMAND: POST /session/10503a4dac92bcb2538d37e21df02b44/execute/sync - {"script":"<script> [8489 bytes]","args":[{"element-6066-11e4-a52e-4f735466cecf":"f.FDAF18A8ED6EACE6EA012090E3B5CAAE.d.87799DC6C5CA27EC246C2093782951BC.e.12159","ELEMENT":"f.FDAF18A8ED6EACE6EA012090E3B5CAAE.d.87799DC6C5CA27EC246C2093782951BC.e.12159"}]}
RESULT: {"script":"<script> [8489 bytes]","args":[{"element-6066-11e4-a52e-4f735466cecf":"f.FDAF18A8ED6EACE6EA012090E3B5CAAE.d.87799DC6C5CA27EC246C2093782951BC.e.12159","ELEMENT":"f.FDAF18A8ED6EACE6EA012090E3B5CAAE.d.87799DC6C5CA27EC246C2093782951BC.e.12159"}]}
COMMAND: GET /session/10503a4dac92bcb2538d37e21df02b44/screenshot - {}
RESULT: {}
COMMAND: POST /session/10503a4dac92bcb2538d37e21df02b44/execute/sync - {"script":"<script> [8489 bytes]","args":[{"element-6066-11e4-a52e-4f735466cecf":"f.FDAF18A8ED6EACE6EA012090E3B5CAAE.d.87799DC6C5CA27EC246C2093782951BC.e.12159","ELEMENT":"f.FDAF18A8ED6EACE6EA012090E3B5CAAE.d.87799DC6C5CA27EC246C2093782951BC.e.12159"}]}
RESULT: {"script":"<script> [8489 bytes]","args":[{"element-6066-11e4-a52e-4f735466cecf":"f.FDAF18A8ED6EACE6EA012090E3B5CAAE.d.87799DC6C5CA27EC246C2093782951BC.e.12159","ELEMENT":"f.FDAF18A8ED6EACE6EA012090E3B5CAAE.d.87799DC6C5CA27EC246C2093782951BC.e.12159"}]}
COMMAND: GET /session/10503a4dac92bcb2538d37e21df02b44/screenshot - {}
RESULT: {}
COMMAND: POST /session/10503a4dac92bcb2538d37e21df02b44/execute/sync - {"script":"<script> [8489 bytes]","args":[{"element-6066-11e4-a52e-4f735466cecf":"f.FDAF18A8ED6EACE6EA012090E3B5CAAE.d.87799DC6C5CA27EC246C2093782951BC.e.12159","ELEMENT":"f.FDAF18A8ED6EACE6EA012090E3B5CAAE.d.87799DC6C5CA27EC246C2093782951BC.e.12159"}]}
RESULT: {"script":"<script> [8489 bytes]","args":[{"element-6066-11e4-a52e-4f735466cecf":"f.FDAF18A8ED6EACE6EA012090E3B5CAAE.d.87799DC6C5CA27EC246C2093782951BC.e.12159","ELEMENT":"f.FDAF18A8ED6EACE6EA012090E3B5CAAE.d.87799DC6C5CA27EC246C2093782951BC.e.12159"}]}
COMMAND: GET /session/10503a4dac92bcb2538d37e21df02b44/screenshot - {}
RESULT: {}
COMMAND: POST /session/10503a4dac92bcb2538d37e21df02b44/execute/sync - {"script":"<script> [8489 bytes]","args":[{"element-6066-11e4-a52e-4f735466cecf":"f.FDAF18A8ED6EACE6EA012090E3B5CAAE.d.87799DC6C5CA27EC246C2093782951BC.e.12159","ELEMENT":"f.FDAF18A8ED6EACE6EA012090E3B5CAAE.d.87799DC6C5CA27EC246C2093782951BC.e.12159"}]}
RESULT: {"script":"<script> [8489 bytes]","args":[{"element-6066-11e4-a52e-4f735466cecf":"f.FDAF18A8ED6EACE6EA012090E3B5CAAE.d.87799DC6C5CA27EC246C2093782951BC.e.12159","ELEMENT":"f.FDAF18A8ED6EACE6EA012090E3B5CAAE.d.87799DC6C5CA27EC246C2093782951BC.e.12159"}]}
COMMAND: GET /session/10503a4dac92bcb2538d37e21df02b44/screenshot - {}
RESULT: {}
COMMAND: POST /session/10503a4dac92bcb2538d37e21df02b44/execute/sync - {"script":"<script> [8489 bytes]","args":[{"element-6066-11e4-a52e-4f735466cecf":"f.FDAF18A8ED6EACE6EA012090E3B5CAAE.d.87799DC6C5CA27EC246C2093782951BC.e.12159","ELEMENT":"f.FDAF18A8ED6EACE6EA012090E3B5CAAE.d.87799DC6C5CA27EC246C2093782951BC.e.12159"}]}
RESULT: {"script":"<script> [8489 bytes]","args":[{"element-6066-11e4-a52e-4f735466cecf":"f.FDAF18A8ED6EACE6EA012090E3B5CAAE.d.87799DC6C5CA27EC246C2093782951BC.e.12159","ELEMENT":"f.FDAF18A8ED6EACE6EA012090E3B5CAAE.d.87799DC6C5CA27EC246C2093782951BC.e.12159"}]}
COMMAND: GET /session/10503a4dac92bcb2538d37e21df02b44/screenshot - {}
RESULT: {}
COMMAND: POST /session/10503a4dac92bcb2538d37e21df02b44/execute/sync - {"script":"<script> [8489 bytes]","args":[{"element-6066-11e4-a52e-4f735466cecf":"f.FDAF18A8ED6EACE6EA012090E3B5CAAE.d.87799DC6C5CA27EC246C2093782951BC.e.12159","ELEMENT":"f.FDAF18A8ED6EACE6EA012090E3B5CAAE.d.87799DC6C5CA27EC246C2093782951BC.e.12159"}]}
RESULT: {"script":"<script> [8489 bytes]","args":[{"element-6066-11e4-a52e-4f735466cecf":"f.FDAF18A8ED6EACE6EA012090E3B5CAAE.d.87799DC6C5CA27EC246C2093782951BC.e.12159","ELEMENT":"f.FDAF18A8ED6EACE6EA012090E3B5CAAE.d.87799DC6C5CA27EC246C2093782951BC.e.12159"}]}
COMMAND: GET /session/10503a4dac92bcb2538d37e21df02b44/screenshot - {}
RESULT: {}
COMMAND: POST /session/10503a4dac92bcb2538d37e21df02b44/execute/sync - {"script":"<script> [8489 bytes]","args":[{"element-6066-11e4-a52e-4f735466cecf":"f.FDAF18A8ED6EACE6EA012090E3B5CAAE.d.87799DC6C5CA27EC246C2093782951BC.e.12159","ELEMENT":"f.FDAF18A8ED6EACE6EA012090E3B5CAAE.d.87799DC6C5CA27EC246C2093782951BC.e.12159"}]}
RESULT: {"script":"<script> [8489 bytes]","args":[{"element-6066-11e4-a52e-4f735466cecf":"f.FDAF18A8ED6EACE6EA012090E3B5CAAE.d.87799DC6C5CA27EC246C2093782951BC.e.12159","ELEMENT":"f.FDAF18A8ED6EACE6EA012090E3B5CAAE.d.87799DC6C5CA27EC246C2093782951BC.e.12159"}]}
COMMAND: GET /session/10503a4dac92bcb2538d37e21df02b44/screenshot - {}
RESULT: {}
COMMAND: POST /session/10503a4dac92bcb2538d37e21df02b44/execute/sync - {"script":"<script> [8489 bytes]","args":[{"element-6066-11e4-a52e-4f735466cecf":"f.FDAF18A8ED6EACE6EA012090E3B5CAAE.d.87799DC6C5CA27EC246C2093782951BC.e.12159","ELEMENT":"f.FDAF18A8ED6EACE6EA012090E3B5CAAE.d.87799DC6C5CA27EC246C2093782951BC.e.12159"}]}
RESULT: {"script":"<script> [8489 bytes]","args":[{"element-6066-11e4-a52e-4f735466cecf":"f.FDAF18A8ED6EACE6EA012090E3B5CAAE.d.87799DC6C5CA27EC246C2093782951BC.e.12159","ELEMENT":"f.FDAF18A8ED6EACE6EA012090E3B5CAAE.d.87799DC6C5CA27EC246C2093782951BC.e.12159"}]}
COMMAND: GET /session/10503a4dac92bcb2538d37e21df02b44/screenshot - {}
RESULT: {}
COMMAND: POST /session/10503a4dac92bcb2538d37e21df02b44/execute/sync - {"script":"<script> [8489 bytes]","args":[{"element-6066-11e4-a52e-4f735466cecf":"f.FDAF18A8ED6EACE6EA012090E3B5CAAE.d.87799DC6C5CA27EC246C2093782951BC.e.12159","ELEMENT":"f.FDAF18A8ED6EACE6EA012090E3B5CAAE.d.87799DC6C5CA27EC246C2093782951BC.e.12159"}]}
RESULT: {"script":"<script> [8489 bytes]","args":[{"element-6066-11e4-a52e-4f735466cecf":"f.FDAF18A8ED6EACE6EA012090E3B5CAAE.d.87799DC6C5CA27EC246C2093782951BC.e.12159","ELEMENT":"f.FDAF18A8ED6EACE6EA012090E3B5CAAE.d.87799DC6C5CA27EC246C2093782951BC.e.12159"}]}
COMMAND: GET /session/10503a4dac92bcb2538d37e21df02b44/screenshot - {}
RESULT: {}
COMMAND: POST /session/10503a4dac92bcb2538d37e21df02b44/execute/sync - {"script":"<script> [8489 bytes]","args":[{"element-6066-11e4-a52e-4f735466cecf":"f.FDAF18A8ED6EACE6EA012090E3B5CAAE.d.87799DC6C5CA27EC246C2093782951BC.e.12159","ELEMENT":"f.FDAF18A8ED6EACE6EA012090E3B5CAAE.d.87799DC6C5CA27EC246C2093782951BC.e.12159"}]}
RESULT: {"script":"<script> [8489 bytes]","args":[{"element-6066-11e4-a52e-4f735466cecf":"f.FDAF18A8ED6EACE6EA012090E3B5CAAE.d.87799DC6C5CA27EC246C2093782951BC.e.12159","ELEMENT":"f.FDAF18A8ED6EACE6EA012090E3B5CAAE.d.87799DC6C5CA27EC246C2093782951BC.e.12159"}]}
COMMAND: GET /session/10503a4dac92bcb2538d37e21df02b44/screenshot - {}
RESULT: {}
COMMAND: POST /session/10503a4dac92bcb2538d37e21df02b44/execute/sync - {"script":"<script> [8489 bytes]","args":[{"element-6066-11e4-a52e-4f735466cecf":"f.FDAF18A8ED6EACE6EA012090E3B5CAAE.d.87799DC6C5CA27EC246C2093782951BC.e.12159","ELEMENT":"f.FDAF18A8ED6EACE6EA012090E3B5CAAE.d.87799DC6C5CA27EC246C2093782951BC.e.12159"}]}
RESULT: {"script":"<script> [8489 bytes]","args":[{"element-6066-11e4-a52e-4f735466cecf":"f.FDAF18A8ED6EACE6EA012090E3B5CAAE.d.87799DC6C5CA27EC246C2093782951BC.e.12159","ELEMENT":"f.FDAF18A8ED6EACE6EA012090E3B5CAAE.d.87799DC6C5CA27EC246C2093782951BC.e.12159"}]}
COMMAND: GET /session/10503a4dac92bcb2538d37e21df02b44/screenshot - {}
RESULT: {}
COMMAND: POST /session/10503a4dac92bcb2538d37e21df02b44/execute/sync - {"script":"<script> [8489 bytes]","args":[{"element-6066-11e4-a52e-4f735466cecf":"f.FDAF18A8ED6EACE6EA012090E3B5CAAE.d.87799DC6C5CA27EC246C2093782951BC.e.12159","ELEMENT":"f.FDAF18A8ED6EACE6EA012090E3B5CAAE.d.87799DC6C5CA27EC246C2093782951BC.e.12159"}]}
RESULT: {"script":"<script> [8489 bytes]","args":[{"element-6066-11e4-a52e-4f735466cecf":"f.FDAF18A8ED6EACE6EA012090E3B5CAAE.d.87799DC6C5CA27EC246C2093782951BC.e.12159","ELEMENT":"f.FDAF18A8ED6EACE6EA012090E3B5CAAE.d.87799DC6C5CA27EC246C2093782951BC.e.12159"}]}
COMMAND: GET /session/10503a4dac92bcb2538d37e21df02b44/screenshot - {}
RESULT: {}
COMMAND: POST /session/10503a4dac92bcb2538d37e21df02b44/execute/sync - {"script":"<script> [8489 bytes]","args":[{"element-6066-11e4-a52e-4f735466cecf":"f.FDAF18A8ED6EACE6EA012090E3B5CAAE.d.87799DC6C5CA27EC246C2093782951BC.e.12159","ELEMENT":"f.FDAF18A8ED6EACE6EA012090E3B5CAAE.d.87799DC6C5CA27EC246C2093782951BC.e.12159"}]}
RESULT: {"script":"<script> [8489 bytes]","args":[{"element-6066-11e4-a52e-4f735466cecf":"f.FDAF18A8ED6EACE6EA012090E3B5CAAE.d.87799DC6C5CA27EC246C2093782951BC.e.12159","ELEMENT":"f.FDAF18A8ED6EACE6EA012090E3B5CAAE.d.87799DC6C5CA27EC246C2093782951BC.e.12159"}]}
COMMAND: GET /session/10503a4dac92bcb2538d37e21df02b44/screenshot - {}
RESULT: {}
COMMAND: POST /session/10503a4dac92bcb2538d37e21df02b44/execute/sync - {"script":"<script> [8489 bytes]","args":[{"element-6066-11e4-a52e-4f735466cecf":"f.FDAF18A8ED6EACE6EA012090E3B5CAAE.d.87799DC6C5CA27EC246C2093782951BC.e.12159","ELEMENT":"f.FDAF18A8ED6EACE6EA012090E3B5CAAE.d.87799DC6C5CA27EC246C2093782951BC.e.12159"}]}
RESULT: {"script":"<script> [8489 bytes]","args":[{"element-6066-11e4-a52e-4f735466cecf":"f.FDAF18A8ED6EACE6EA012090E3B5CAAE.d.87799DC6C5CA27EC246C2093782951BC.e.12159","ELEMENT":"f.FDAF18A8ED6EACE6EA012090E3B5CAAE.d.87799DC6C5CA27EC246C2093782951BC.e.12159"}]}
COMMAND: GET /session/10503a4dac92bcb2538d37e21df02b44/screenshot - {}
RESULT: {}
COMMAND: POST /session/10503a4dac92bcb2538d37e21df02b44/execute/sync - {"script":"<script> [8489 bytes]","args":[{"element-6066-11e4-a52e-4f735466cecf":"f.FDAF18A8ED6EACE6EA012090E3B5CAAE.d.87799DC6C5CA27EC246C2093782951BC.e.12159","ELEMENT":"f.FDAF18A8ED6EACE6EA012090E3B5CAAE.d.87799DC6C5CA27EC246C2093782951BC.e.12159"}]}
RESULT: {"script":"<script> [8489 bytes]","args":[{"element-6066-11e4-a52e-4f735466cecf":"f.FDAF18A8ED6EACE6EA012090E3B5CAAE.d.87799DC6C5CA27EC246C2093782951BC.e.12159","ELEMENT":"f.FDAF18A8ED6EACE6EA012090E3B5CAAE.d.87799DC6C5CA27EC246C2093782951BC.e.12159"}]}
COMMAND: GET /session/10503a4dac92bcb2538d37e21df02b44/screenshot - {}
RESULT: {}
COMMAND: POST /session/10503a4dac92bcb2538d37e21df02b44/execute/sync - {"script":"<script> [8489 bytes]","args":[{"element-6066-11e4-a52e-4f735466cecf":"f.FDAF18A8ED6EACE6EA012090E3B5CAAE.d.87799DC6C5CA27EC246C2093782951BC.e.12159","ELEMENT":"f.FDAF18A8ED6EACE6EA012090E3B5CAAE.d.87799DC6C5CA27EC246C2093782951BC.e.12159"}]}
RESULT: {"script":"<script> [8489 bytes]","args":[{"element-6066-11e4-a52e-4f735466cecf":"f.FDAF18A8ED6EACE6EA012090E3B5CAAE.d.87799DC6C5CA27EC246C2093782951BC.e.12159","ELEMENT":"f.FDAF18A8ED6EACE6EA012090E3B5CAAE.d.87799DC6C5CA27EC246C2093782951BC.e.12159"}]}
COMMAND: GET /session/10503a4dac92bcb2538d37e21df02b44/screenshot - {}
RESULT: {}
COMMAND: POST /session/10503a4dac92bcb2538d37e21df02b44/execute/sync - {"script":"<script> [8489 bytes]","args":[{"element-6066-11e4-a52e-4f735466cecf":"f.FDAF18A8ED6EACE6EA012090E3B5CAAE.d.87799DC6C5CA27EC246C2093782951BC.e.12159","ELEMENT":"f.FDAF18A8ED6EACE6EA012090E3B5CAAE.d.87799DC6C5CA27EC246C2093782951BC.e.12159"}]}
RESULT: {"script":"<script> [8489 bytes]","args":[{"element-6066-11e4-a52e-4f735466cecf":"f.FDAF18A8ED6EACE6EA012090E3B5CAAE.d.87799DC6C5CA27EC246C2093782951BC.e.12159","ELEMENT":"f.FDAF18A8ED6EACE6EA012090E3B5CAAE.d.87799DC6C5CA27EC246C2093782951BC.e.12159"}]}
COMMAND: GET /session/10503a4dac92bcb2538d37e21df02b44/screenshot - {}
RESULT: {}
COMMAND: POST /session/10503a4dac92bcb2538d37e21df02b44/execute/sync - {"script":"<script> [8489 bytes]","args":[{"element-6066-11e4-a52e-4f735466cecf":"f.FDAF18A8ED6EACE6EA012090E3B5CAAE.d.87799DC6C5CA27EC246C2093782951BC.e.12159","ELEMENT":"f.FDAF18A8ED6EACE6EA012090E3B5CAAE.d.87799DC6C5CA27EC246C2093782951BC.e.12159"}]}
RESULT: {"script":"<script> [8489 bytes]","args":[{"element-6066-11e4-a52e-4f735466cecf":"f.FDAF18A8ED6EACE6EA012090E3B5CAAE.d.87799DC6C5CA27EC246C2093782951BC.e.12159","ELEMENT":"f.FDAF18A8ED6EACE6EA012090E3B5CAAE.d.87799DC6C5CA27EC246C2093782951BC.e.12159"}]}
COMMAND: GET /session/10503a4dac92bcb2538d37e21df02b44/screenshot - {}
RESULT: {}
COMMAND: POST /session/10503a4dac92bcb2538d37e21df02b44/execute/sync - {"script":"<script> [8489 bytes]","args":[{"element-6066-11e4-a52e-4f735466cecf":"f.FDAF18A8ED6EACE6EA012090E3B5CAAE.d.87799DC6C5CA27EC246C2093782951BC.e.12159","ELEMENT":"f.FDAF18A8ED6EACE6EA012090E3B5CAAE.d.87799DC6C5CA27EC246C2093782951BC.e.12159"}]}
RESULT: {"script":"<script> [8489 bytes]","args":[{"element-6066-11e4-a52e-4f735466cecf":"f.FDAF18A8ED6EACE6EA012090E3B5CAAE.d.87799DC6C5CA27EC246C2093782951BC.e.12159","ELEMENT":"f.FDAF18A8ED6EACE6EA012090E3B5CAAE.d.87799DC6C5CA27EC246C2093782951BC.e.12159"}]}
COMMAND: GET /session/10503a4dac92bcb2538d37e21df02b44/screenshot - {}
RESULT: {}
COMMAND: POST /session/10503a4dac92bcb2538d37e21df02b44/execute/sync - {"script":"<script> [8489 bytes]","args":[{"element-6066-11e4-a52e-4f735466cecf":"f.FDAF18A8ED6EACE6EA012090E3B5CAAE.d.87799DC6C5CA27EC246C2093782951BC.e.12159","ELEMENT":"f.FDAF18A8ED6EACE6EA012090E3B5CAAE.d.87799DC6C5CA27EC246C2093782951BC.e.12159"}]}
RESULT: {"script":"<script> [8489 bytes]","args":[{"element-6066-11e4-a52e-4f735466cecf":"f.FDAF18A8ED6EACE6EA012090E3B5CAAE.d.87799DC6C5CA27EC246C2093782951BC.e.12159","ELEMENT":"f.FDAF18A8ED6EACE6EA012090E3B5CAAE.d.87799DC6C5CA27EC246C2093782951BC.e.12159"}]}
COMMAND: GET /session/10503a4dac92bcb2538d37e21df02b44/screenshot - {}
RESULT: {}
COMMAND: POST /session/10503a4dac92bcb2538d37e21df02b44/execute/sync - {"script":"<script> [8489 bytes]","args":[{"element-6066-11e4-a52e-4f735466cecf":"f.FDAF18A8ED6EACE6EA012090E3B5CAAE.d.87799DC6C5CA27EC246C2093782951BC.e.12159","ELEMENT":"f.FDAF18A8ED6EACE6EA012090E3B5CAAE.d.87799DC6C5CA27EC246C2093782951BC.e.12159"}]}
RESULT: {"script":"<script> [8489 bytes]","args":[{"element-6066-11e4-a52e-4f735466cecf":"f.FDAF18A8ED6EACE6EA012090E3B5CAAE.d.87799DC6C5CA27EC246C2093782951BC.e.12159","ELEMENT":"f.FDAF18A8ED6EACE6EA012090E3B5CAAE.d.87799DC6C5CA27EC246C2093782951BC.e.12159"}]}
COMMAND: GET /session/10503a4dac92bcb2538d37e21df02b44/screenshot - {}
RESULT: {}
COMMAND: POST /session/10503a4dac92bcb2538d37e21df02b44/execute/sync - {"script":"<script> [8489 bytes]","args":[{"element-6066-11e4-a52e-4f735466cecf":"f.FDAF18A8ED6EACE6EA012090E3B5CAAE.d.87799DC6C5CA27EC246C2093782951BC.e.12159","ELEMENT":"f.FDAF18A8ED6EACE6EA012090E3B5CAAE.d.87799DC6C5CA27EC246C2093782951BC.e.12159"}]}
RESULT: {"script":"<script> [8489 bytes]","args":[{"element-6066-11e4-a52e-4f735466cecf":"f.FDAF18A8ED6EACE6EA012090E3B5CAAE.d.87799DC6C5CA27EC246C2093782951BC.e.12159","ELEMENT":"f.FDAF18A8ED6EACE6EA012090E3B5CAAE.d.87799DC6C5CA27EC246C2093782951BC.e.12159"}]}
COMMAND: GET /session/10503a4dac92bcb2538d37e21df02b44/screenshot - {}
RESULT: {}
COMMAND: POST /session/10503a4dac92bcb2538d37e21df02b44/execute/sync - {"script":"<script> [8489 bytes]","args":[{"element-6066-11e4-a52e-4f735466cecf":"f.FDAF18A8ED6EACE6EA012090E3B5CAAE.d.87799DC6C5CA27EC246C2093782951BC.e.12159","ELEMENT":"f.FDAF18A8ED6EACE6EA012090E3B5CAAE.d.87799DC6C5CA27EC246C2093782951BC.e.12159"}]}
RESULT: {"script":"<script> [8489 bytes]","args":[{"element-6066-11e4-a52e-4f735466cecf":"f.FDAF18A8ED6EACE6EA012090E3B5CAAE.d.87799DC6C5CA27EC246C2093782951BC.e.12159","ELEMENT":"f.FDAF18A8ED6EACE6EA012090E3B5CAAE.d.87799DC6C5CA27EC246C2093782951BC.e.12159"}]}
COMMAND: GET /session/10503a4dac92bcb2538d37e21df02b44/screenshot - {}
RESULT: {}
COMMAND: POST /session/10503a4dac92bcb2538d37e21df02b44/execute/sync - {"script":"<script> [8489 bytes]","args":[{"element-6066-11e4-a52e-4f735466cecf":"f.FDAF18A8ED6EACE6EA012090E3B5CAAE.d.87799DC6C5CA27EC246C2093782951BC.e.12159","ELEMENT":"f.FDAF18A8ED6EACE6EA012090E3B5CAAE.d.87799DC6C5CA27EC246C2093782951BC.e.12159"}]}
RESULT: {"script":"<script> [8489 bytes]","args":[{"element-6066-11e4-a52e-4f735466cecf":"f.FDAF18A8ED6EACE6EA012090E3B5CAAE.d.87799DC6C5CA27EC246C2093782951BC.e.12159","ELEMENT":"f.FDAF18A8ED6EACE6EA012090E3B5CAAE.d.87799DC6C5CA27EC246C2093782951BC.e.12159"}]}
COMMAND: GET /session/10503a4dac92bcb2538d37e21df02b44/screenshot - {}
RESULT: {}
COMMAND: POST /session/10503a4dac92bcb2538d37e21df02b44/execute/sync - {"script":"<script> [8489 bytes]","args":[{"element-6066-11e4-a52e-4f735466cecf":"f.FDAF18A8ED6EACE6EA012090E3B5CAAE.d.87799DC6C5CA27EC246C2093782951BC.e.12159","ELEMENT":"f.FDAF18A8ED6EACE6EA012090E3B5CAAE.d.87799DC6C5CA27EC246C2093782951BC.e.12159"}]}
RESULT: {"script":"<script> [8489 bytes]","args":[{"element-6066-11e4-a52e-4f735466cecf":"f.FDAF18A8ED6EACE6EA012090E3B5CAAE.d.87799DC6C5CA27EC246C2093782951BC.e.12159","ELEMENT":"f.FDAF18A8ED6EACE6EA012090E3B5CAAE.d.87799DC6C5CA27EC246C2093782951BC.e.12159"}]}
COMMAND: GET /session/10503a4dac92bcb2538d37e21df02b44/screenshot - {}
RESULT: {}
COMMAND: POST /session/10503a4dac92bcb2538d37e21df02b44/execute/sync - {"script":"<script> [8489 bytes]","args":[{"element-6066-11e4-a52e-4f735466cecf":"f.FDAF18A8ED6EACE6EA012090E3B5CAAE.d.87799DC6C5CA27EC246C2093782951BC.e.12159","ELEMENT":"f.FDAF18A8ED6EACE6EA012090E3B5CAAE.d.87799DC6C5CA27EC246C2093782951BC.e.12159"}]}
RESULT: {"script":"<script> [8489 bytes]","args":[{"element-6066-11e4-a52e-4f735466cecf":"f.FDAF18A8ED6EACE6EA012090E3B5CAAE.d.87799DC6C5CA27EC246C2093782951BC.e.12159","ELEMENT":"f.FDAF18A8ED6EACE6EA012090E3B5CAAE.d.87799DC6C5CA27EC246C2093782951BC.e.12159"}]}
COMMAND: GET /session/10503a4dac92bcb2538d37e21df02b44/screenshot - {}
RESULT: {}
COMMAND: POST /session/10503a4dac92bcb2538d37e21df02b44/execute/sync - {"script":"<script> [8489 bytes]","args":[{"element-6066-11e4-a52e-4f735466cecf":"f.FDAF18A8ED6EACE6EA012090E3B5CAAE.d.87799DC6C5CA27EC246C2093782951BC.e.12159","ELEMENT":"f.FDAF18A8ED6EACE6EA012090E3B5CAAE.d.87799DC6C5CA27EC246C2093782951BC.e.12159"}]}
RESULT: {"script":"<script> [8489 bytes]","args":[{"element-6066-11e4-a52e-4f735466cecf":"f.FDAF18A8ED6EACE6EA012090E3B5CAAE.d.87799DC6C5CA27EC246C2093782951BC.e.12159","ELEMENT":"f.FDAF18A8ED6EACE6EA012090E3B5CAAE.d.87799DC6C5CA27EC246C2093782951BC.e.12159"}]}
COMMAND: GET /session/10503a4dac92bcb2538d37e21df02b44/screenshot - {}
RESULT: {}
COMMAND: POST /session/10503a4dac92bcb2538d37e21df02b44/execute/sync - {"script":"<script> [8489 bytes]","args":[{"element-6066-11e4-a52e-4f735466cecf":"f.FDAF18A8ED6EACE6EA012090E3B5CAAE.d.87799DC6C5CA27EC246C2093782951BC.e.12159","ELEMENT":"f.FDAF18A8ED6EACE6EA012090E3B5CAAE.d.87799DC6C5CA27EC246C2093782951BC.e.12159"}]}
RESULT: {"script":"<script> [8489 bytes]","args":[{"element-6066-11e4-a52e-4f735466cecf":"f.FDAF18A8ED6EACE6EA012090E3B5CAAE.d.87799DC6C5CA27EC246C2093782951BC.e.12159","ELEMENT":"f.FDAF18A8ED6EACE6EA012090E3B5CAAE.d.87799DC6C5CA27EC246C2093782951BC.e.12159"}]}
COMMAND: GET /session/10503a4dac92bcb2538d37e21df02b44/screenshot - {}
RESULT: {}
COMMAND: POST /session/10503a4dac92bcb2538d37e21df02b44/execute/sync - {"script":"<script> [8489 bytes]","args":[{"element-6066-11e4-a52e-4f735466cecf":"f.FDAF18A8ED6EACE6EA012090E3B5CAAE.d.87799DC6C5CA27EC246C2093782951BC.e.12159","ELEMENT":"f.FDAF18A8ED6EACE6EA012090E3B5CAAE.d.87799DC6C5CA27EC246C2093782951BC.e.12159"}]}
RESULT: {"script":"<script> [8489 bytes]","args":[{"element-6066-11e4-a52e-4f735466cecf":"f.FDAF18A8ED6EACE6EA012090E3B5CAAE.d.87799DC6C5CA27EC246C2093782951BC.e.12159","ELEMENT":"f.FDAF18A8ED6EACE6EA012090E3B5CAAE.d.87799DC6C5CA27EC246C2093782951BC.e.12159"}]}
COMMAND: GET /session/10503a4dac92bcb2538d37e21df02b44/screenshot - {}
RESULT: {}
COMMAND: POST /session/10503a4dac92bcb2538d37e21df02b44/execute/sync - {"script":"<script> [8489 bytes]","args":[{"element-6066-11e4-a52e-4f735466cecf":"f.FDAF18A8ED6EACE6EA012090E3B5CAAE.d.87799DC6C5CA27EC246C2093782951BC.e.12159","ELEMENT":"f.FDAF18A8ED6EACE6EA012090E3B5CAAE.d.87799DC6C5CA27EC246C2093782951BC.e.12159"}]}
RESULT: {"script":"<script> [8489 bytes]","args":[{"element-6066-11e4-a52e-4f735466cecf":"f.FDAF18A8ED6EACE6EA012090E3B5CAAE.d.87799DC6C5CA27EC246C2093782951BC.e.12159","ELEMENT":"f.FDAF18A8ED6EACE6EA012090E3B5CAAE.d.87799DC6C5CA27EC246C2093782951BC.e.12159"}]}
COMMAND: GET /session/10503a4dac92bcb2538d37e21df02b44/screenshot - {}
RESULT: {}
COMMAND: POST /session/10503a4dac92bcb2538d37e21df02b44/execute/sync - {"script":"<script> [8489 bytes]","args":[{"element-6066-11e4-a52e-4f735466cecf":"f.FDAF18A8ED6EACE6EA012090E3B5CAAE.d.87799DC6C5CA27EC246C2093782951BC.e.12159","ELEMENT":"f.FDAF18A8ED6EACE6EA012090E3B5CAAE.d.87799DC6C5CA27EC246C2093782951BC.e.12159"}]}
RESULT: {"script":"<script> [8489 bytes]","args":[{"element-6066-11e4-a52e-4f735466cecf":"f.FDAF18A8ED6EACE6EA012090E3B5CAAE.d.87799DC6C5CA27EC246C2093782951BC.e.12159","ELEMENT":"f.FDAF18A8ED6EACE6EA012090E3B5CAAE.d.87799DC6C5CA27EC246C2093782951BC.e.12159"}]}
COMMAND: GET /session/10503a4dac92bcb2538d37e21df02b44/screenshot - {}
RESULT: {}
COMMAND: POST /session/10503a4dac92bcb2538d37e21df02b44/execute/sync - {"script":"<script> [8489 bytes]","args":[{"element-6066-11e4-a52e-4f735466cecf":"f.FDAF18A8ED6EACE6EA012090E3B5CAAE.d.87799DC6C5CA27EC246C2093782951BC.e.12159","ELEMENT":"f.FDAF18A8ED6EACE6EA012090E3B5CAAE.d.87799DC6C5CA27EC246C2093782951BC.e.12159"}]}
RESULT: {"script":"<script> [8489 bytes]","args":[{"element-6066-11e4-a52e-4f735466cecf":"f.FDAF18A8ED6EACE6EA012090E3B5CAAE.d.87799DC6C5CA27EC246C2093782951BC.e.12159","ELEMENT":"f.FDAF18A8ED6EACE6EA012090E3B5CAAE.d.87799DC6C5CA27EC246C2093782951BC.e.12159"}]}
COMMAND: GET /session/10503a4dac92bcb2538d37e21df02b44/screenshot - {}
RESULT: {}
COMMAND: POST /session/10503a4dac92bcb2538d37e21df02b44/execute/sync - {"script":"<script> [8489 bytes]","args":[{"element-6066-11e4-a52e-4f735466cecf":"f.FDAF18A8ED6EACE6EA012090E3B5CAAE.d.87799DC6C5CA27EC246C2093782951BC.e.12159","ELEMENT":"f.FDAF18A8ED6EACE6EA012090E3B5CAAE.d.87799DC6C5CA27EC246C2093782951BC.e.12159"}]}
RESULT: {"script":"<script> [8489 bytes]","args":[{"element-6066-11e4-a52e-4f735466cecf":"f.FDAF18A8ED6EACE6EA012090E3B5CAAE.d.87799DC6C5CA27EC246C2093782951BC.e.12159","ELEMENT":"f.FDAF18A8ED6EACE6EA012090E3B5CAAE.d.87799DC6C5CA27EC246C2093782951BC.e.12159"}]}
COMMAND: GET /session/10503a4dac92bcb2538d37e21df02b44/screenshot - {}
RESULT: {}
COMMAND: POST /session/10503a4dac92bcb2538d37e21df02b44/execute/sync - {"script":"<script> [8489 bytes]","args":[{"element-6066-11e4-a52e-4f735466cecf":"f.FDAF18A8ED6EACE6EA012090E3B5CAAE.d.87799DC6C5CA27EC246C2093782951BC.e.12159","ELEMENT":"f.FDAF18A8ED6EACE6EA012090E3B5CAAE.d.87799DC6C5CA27EC246C2093782951BC.e.12159"}]}
RESULT: {"script":"<script> [8489 bytes]","args":[{"element-6066-11e4-a52e-4f735466cecf":"f.FDAF18A8ED6EACE6EA012090E3B5CAAE.d.87799DC6C5CA27EC246C2093782951BC.e.12159","ELEMENT":"f.FDAF18A8ED6EACE6EA012090E3B5CAAE.d.87799DC6C5CA27EC246C2093782951BC.e.12159"}]}
COMMAND: GET /session/10503a4dac92bcb2538d37e21df02b44/screenshot - {}
RESULT: {}
COMMAND: POST /session/10503a4dac92bcb2538d37e21df02b44/execute/sync - {"script":"<script> [8489 bytes]","args":[{"element-6066-11e4-a52e-4f735466cecf":"f.FDAF18A8ED6EACE6EA012090E3B5CAAE.d.87799DC6C5CA27EC246C2093782951BC.e.12159","ELEMENT":"f.FDAF18A8ED6EACE6EA012090E3B5CAAE.d.87799DC6C5CA27EC246C2093782951BC.e.12159"}]}
RESULT: {"script":"<script> [8489 bytes]","args":[{"element-6066-11e4-a52e-4f735466cecf":"f.FDAF18A8ED6EACE6EA012090E3B5CAAE.d.87799DC6C5CA27EC246C2093782951BC.e.12159","ELEMENT":"f.FDAF18A8ED6EACE6EA012090E3B5CAAE.d.87799DC6C5CA27EC246C2093782951BC.e.12159"}]}
COMMAND: GET /session/10503a4dac92bcb2538d37e21df02b44/screenshot - {}
RESULT: {}
COMMAND: POST /session/10503a4dac92bcb2538d37e21df02b44/execute/sync - {"script":"<script> [8489 bytes]","args":[{"element-6066-11e4-a52e-4f735466cecf":"f.FDAF18A8ED6EACE6EA012090E3B5CAAE.d.87799DC6C5CA27EC246C2093782951BC.e.12159","ELEMENT":"f.FDAF18A8ED6EACE6EA012090E3B5CAAE.d.87799DC6C5CA27EC246C2093782951BC.e.12159"}]}
RESULT: {"script":"<script> [8489 bytes]","args":[{"element-6066-11e4-a52e-4f735466cecf":"f.FDAF18A8ED6EACE6EA012090E3B5CAAE.d.87799DC6C5CA27EC246C2093782951BC.e.12159","ELEMENT":"f.FDAF18A8ED6EACE6EA012090E3B5CAAE.d.87799DC6C5CA27EC246C2093782951BC.e.12159"}]}
COMMAND: GET /session/10503a4dac92bcb2538d37e21df02b44/screenshot - {}
RESULT: {}
COMMAND: POST /session/10503a4dac92bcb2538d37e21df02b44/execute/sync - {"script":"<script> [8489 bytes]","args":[{"element-6066-11e4-a52e-4f735466cecf":"f.FDAF18A8ED6EACE6EA012090E3B5CAAE.d.87799DC6C5CA27EC246C2093782951BC.e.12159","ELEMENT":"f.FDAF18A8ED6EACE6EA012090E3B5CAAE.d.87799DC6C5CA27EC246C2093782951BC.e.12159"}]}
RESULT: {"script":"<script> [8489 bytes]","args":[{"element-6066-11e4-a52e-4f735466cecf":"f.FDAF18A8ED6EACE6EA012090E3B5CAAE.d.87799DC6C5CA27EC246C2093782951BC.e.12159","ELEMENT":"f.FDAF18A8ED6EACE6EA012090E3B5CAAE.d.87799DC6C5CA27EC246C2093782951BC.e.12159"}]}
COMMAND: GET /session/10503a4dac92bcb2538d37e21df02b44/screenshot - {}
RESULT: {}
COMMAND: POST /session/10503a4dac92bcb2538d37e21df02b44/execute/sync - {"script":"<script> [8489 bytes]","args":[{"element-6066-11e4-a52e-4f735466cecf":"f.FDAF18A8ED6EACE6EA012090E3B5CAAE.d.87799DC6C5CA27EC246C2093782951BC.e.12159","ELEMENT":"f.FDAF18A8ED6EACE6EA012090E3B5CAAE.d.87799DC6C5CA27EC246C2093782951BC.e.12159"}]}
RESULT: {"script":"<script> [8489 bytes]","args":[{"element-6066-11e4-a52e-4f735466cecf":"f.FDAF18A8ED6EACE6EA012090E3B5CAAE.d.87799DC6C5CA27EC246C2093782951BC.e.12159","ELEMENT":"f.FDAF18A8ED6EACE6EA012090E3B5CAAE.d.87799DC6C5CA27EC246C2093782951BC.e.12159"}]}
COMMAND: GET /session/10503a4dac92bcb2538d37e21df02b44/screenshot - {}
RESULT: {}
COMMAND: POST /session/10503a4dac92bcb2538d37e21df02b44/execute/sync - {"script":"<script> [8489 bytes]","args":[{"element-6066-11e4-a52e-4f735466cecf":"f.FDAF18A8ED6EACE6EA012090E3B5CAAE.d.87799DC6C5CA27EC246C2093782951BC.e.12159","ELEMENT":"f.FDAF18A8ED6EACE6EA012090E3B5CAAE.d.87799DC6C5CA27EC246C2093782951BC.e.12159"}]}
RESULT: {"script":"<script> [8489 bytes]","args":[{"element-6066-11e4-a52e-4f735466cecf":"f.FDAF18A8ED6EACE6EA012090E3B5CAAE.d.87799DC6C5CA27EC246C2093782951BC.e.12159","ELEMENT":"f.FDAF18A8ED6EACE6EA012090E3B5CAAE.d.87799DC6C5CA27EC246C2093782951BC.e.12159"}]}
COMMAND: GET /session/10503a4dac92bcb2538d37e21df02b44/screenshot - {}
RESULT: {}
COMMAND: POST /session/10503a4dac92bcb2538d37e21df02b44/execute/sync - {"script":"<script> [8489 bytes]","args":[{"element-6066-11e4-a52e-4f735466cecf":"f.FDAF18A8ED6EACE6EA012090E3B5CAAE.d.87799DC6C5CA27EC246C2093782951BC.e.12159","ELEMENT":"f.FDAF18A8ED6EACE6EA012090E3B5CAAE.d.87799DC6C5CA27EC246C2093782951BC.e.12159"}]}
RESULT: {"script":"<script> [8489 bytes]","args":[{"element-6066-11e4-a52e-4f735466cecf":"f.FDAF18A8ED6EACE6EA012090E3B5CAAE.d.87799DC6C5CA27EC246C2093782951BC.e.12159","ELEMENT":"f.FDAF18A8ED6EACE6EA012090E3B5CAAE.d.87799DC6C5CA27EC246C2093782951BC.e.12159"}]}
COMMAND: GET /session/10503a4dac92bcb2538d37e21df02b44/screenshot - {}
RESULT: {}
COMMAND: POST /session/10503a4dac92bcb2538d37e21df02b44/execute/sync - {"script":"<script> [8489 bytes]","args":[{"element-6066-11e4-a52e-4f735466cecf":"f.FDAF18A8ED6EACE6EA012090E3B5CAAE.d.87799DC6C5CA27EC246C2093782951BC.e.12159","ELEMENT":"f.FDAF18A8ED6EACE6EA012090E3B5CAAE.d.87799DC6C5CA27EC246C2093782951BC.e.12159"}]}
RESULT: {"script":"<script> [8489 bytes]","args":[{"element-6066-11e4-a52e-4f735466cecf":"f.FDAF18A8ED6EACE6EA012090E3B5CAAE.d.87799DC6C5CA27EC246C2093782951BC.e.12159","ELEMENT":"f.FDAF18A8ED6EACE6EA012090E3B5CAAE.d.87799DC6C5CA27EC246C2093782951BC.e.12159"}]}
COMMAND: GET /session/10503a4dac92bcb2538d37e21df02b44/screenshot - {}
RESULT: {}
COMMAND: POST /session/10503a4dac92bcb2538d37e21df02b44/execute/sync - {"script":"<script> [8489 bytes]","args":[{"element-6066-11e4-a52e-4f735466cecf":"f.FDAF18A8ED6EACE6EA012090E3B5CAAE.d.87799DC6C5CA27EC246C2093782951BC.e.12159","ELEMENT":"f.FDAF18A8ED6EACE6EA012090E3B5CAAE.d.87799DC6C5CA27EC246C2093782951BC.e.12159"}]}
RESULT: {"script":"<script> [8489 bytes]","args":[{"element-6066-11e4-a52e-4f735466cecf":"f.FDAF18A8ED6EACE6EA012090E3B5CAAE.d.87799DC6C5CA27EC246C2093782951BC.e.12159","ELEMENT":"f.FDAF18A8ED6EACE6EA012090E3B5CAAE.d.87799DC6C5CA27EC246C2093782951BC.e.12159"}]}
COMMAND: GET /session/10503a4dac92bcb2538d37e21df02b44/screenshot - {}
RESULT: {}
COMMAND: POST /session/10503a4dac92bcb2538d37e21df02b44/execute/sync - {"script":"<script> [8489 bytes]","args":[{"element-6066-11e4-a52e-4f735466cecf":"f.FDAF18A8ED6EACE6EA012090E3B5CAAE.d.87799DC6C5CA27EC246C2093782951BC.e.12159","ELEMENT":"f.FDAF18A8ED6EACE6EA012090E3B5CAAE.d.87799DC6C5CA27EC246C2093782951BC.e.12159"}]}
RESULT: {"script":"<script> [8489 bytes]","args":[{"element-6066-11e4-a52e-4f735466cecf":"f.FDAF18A8ED6EACE6EA012090E3B5CAAE.d.87799DC6C5CA27EC246C2093782951BC.e.12159","ELEMENT":"f.FDAF18A8ED6EACE6EA012090E3B5CAAE.d.87799DC6C5CA27EC246C2093782951BC.e.12159"}]}
COMMAND: GET /session/10503a4dac92bcb2538d37e21df02b44/screenshot - {}
RESULT: {}
COMMAND: POST /session/10503a4dac92bcb2538d37e21df02b44/execute/sync - {"script":"<script> [8489 bytes]","args":[{"element-6066-11e4-a52e-4f735466cecf":"f.FDAF18A8ED6EACE6EA012090E3B5CAAE.d.87799DC6C5CA27EC246C2093782951BC.e.12159","ELEMENT":"f.FDAF18A8ED6EACE6EA012090E3B5CAAE.d.87799DC6C5CA27EC246C2093782951BC.e.12159"}]}
RESULT: {"script":"<script> [8489 bytes]","args":[{"element-6066-11e4-a52e-4f735466cecf":"f.FDAF18A8ED6EACE6EA012090E3B5CAAE.d.87799DC6C5CA27EC246C2093782951BC.e.12159","ELEMENT":"f.FDAF18A8ED6EACE6EA012090E3B5CAAE.d.87799DC6C5CA27EC246C2093782951BC.e.12159"}]}
COMMAND: GET /session/10503a4dac92bcb2538d37e21df02b44/screenshot - {}
RESULT: {}
COMMAND: POST /session/10503a4dac92bcb2538d37e21df02b44/execute/sync - {"script":"<script> [8489 bytes]","args":[{"element-6066-11e4-a52e-4f735466cecf":"f.FDAF18A8ED6EACE6EA012090E3B5CAAE.d.87799DC6C5CA27EC246C2093782951BC.e.12159","ELEMENT":"f.FDAF18A8ED6EACE6EA012090E3B5CAAE.d.87799DC6C5CA27EC246C2093782951BC.e.12159"}]}
RESULT: {"script":"<script> [8489 bytes]","args":[{"element-6066-11e4-a52e-4f735466cecf":"f.FDAF18A8ED6EACE6EA012090E3B5CAAE.d.87799DC6C5CA27EC246C2093782951BC.e.12159","ELEMENT":"f.FDAF18A8ED6EACE6EA012090E3B5CAAE.d.87799DC6C5CA27EC246C2093782951BC.e.12159"}]}
COMMAND: GET /session/10503a4dac92bcb2538d37e21df02b44/screenshot - {}
RESULT: {}
COMMAND: POST /session/10503a4dac92bcb2538d37e21df02b44/execute/sync - {"script":"<script> [8489 bytes]","args":[{"element-6066-11e4-a52e-4f735466cecf":"f.FDAF18A8ED6EACE6EA012090E3B5CAAE.d.87799DC6C5CA27EC246C2093782951BC.e.12159","ELEMENT":"f.FDAF18A8ED6EACE6EA012090E3B5CAAE.d.87799DC6C5CA27EC246C2093782951BC.e.12159"}]}
RESULT: {"script":"<script> [8489 bytes]","args":[{"element-6066-11e4-a52e-4f735466cecf":"f.FDAF18A8ED6EACE6EA012090E3B5CAAE.d.87799DC6C5CA27EC246C2093782951BC.e.12159","ELEMENT":"f.FDAF18A8ED6EACE6EA012090E3B5CAAE.d.87799DC6C5CA27EC246C2093782951BC.e.12159"}]}
COMMAND: GET /session/10503a4dac92bcb2538d37e21df02b44/screenshot - {}
RESULT: {}
COMMAND: POST /session/10503a4dac92bcb2538d37e21df02b44/execute/sync - {"script":"<script> [8489 bytes]","args":[{"element-6066-11e4-a52e-4f735466cecf":"f.FDAF18A8ED6EACE6EA012090E3B5CAAE.d.87799DC6C5CA27EC246C2093782951BC.e.12159","ELEMENT":"f.FDAF18A8ED6EACE6EA012090E3B5CAAE.d.87799DC6C5CA27EC246C2093782951BC.e.12159"}]}
RESULT: {"script":"<script> [8489 bytes]","args":[{"element-6066-11e4-a52e-4f735466cecf":"f.FDAF18A8ED6EACE6EA012090E3B5CAAE.d.87799DC6C5CA27EC246C2093782951BC.e.12159","ELEMENT":"f.FDAF18A8ED6EACE6EA012090E3B5CAAE.d.87799DC6C5CA27EC246C2093782951BC.e.12159"}]}
COMMAND: GET /session/10503a4dac92bcb2538d37e21df02b44/screenshot - {}
RESULT: {}
COMMAND: POST /session/10503a4dac92bcb2538d37e21df02b44/execute/sync - {"script":"<script> [8489 bytes]","args":[{"element-6066-11e4-a52e-4f735466cecf":"f.FDAF18A8ED6EACE6EA012090E3B5CAAE.d.87799DC6C5CA27EC246C2093782951BC.e.12159","ELEMENT":"f.FDAF18A8ED6EACE6EA012090E3B5CAAE.d.87799DC6C5CA27EC246C2093782951BC.e.12159"}]}
RESULT: {"script":"<script> [8489 bytes]","args":[{"element-6066-11e4-a52e-4f735466cecf":"f.FDAF18A8ED6EACE6EA012090E3B5CAAE.d.87799DC6C5CA27EC246C2093782951BC.e.12159","ELEMENT":"f.FDAF18A8ED6EACE6EA012090E3B5CAAE.d.87799DC6C5CA27EC246C2093782951BC.e.12159"}]}
COMMAND: GET /session/10503a4dac92bcb2538d37e21df02b44/screenshot - {}
RESULT: {}
COMMAND: POST /session/10503a4dac92bcb2538d37e21df02b44/execute/sync - {"script":"<script> [8489 bytes]","args":[{"element-6066-11e4-a52e-4f735466cecf":"f.FDAF18A8ED6EACE6EA012090E3B5CAAE.d.87799DC6C5CA27EC246C2093782951BC.e.12159","ELEMENT":"f.FDAF18A8ED6EACE6EA012090E3B5CAAE.d.87799DC6C5CA27EC246C2093782951BC.e.12159"}]}
RESULT: {"script":"<script> [8489 bytes]","args":[{"element-6066-11e4-a52e-4f735466cecf":"f.FDAF18A8ED6EACE6EA012090E3B5CAAE.d.87799DC6C5CA27EC246C2093782951BC.e.12159","ELEMENT":"f.FDAF18A8ED6EACE6EA012090E3B5CAAE.d.87799DC6C5CA27EC246C2093782951BC.e.12159"}]}
COMMAND: GET /session/10503a4dac92bcb2538d37e21df02b44/screenshot - {}
RESULT: {}
COMMAND: POST /session/10503a4dac92bcb2538d37e21df02b44/execute/sync - {"script":"<script> [8489 bytes]","args":[{"element-6066-11e4-a52e-4f735466cecf":"f.FDAF18A8ED6EACE6EA012090E3B5CAAE.d.87799DC6C5CA27EC246C2093782951BC.e.12159","ELEMENT":"f.FDAF18A8ED6EACE6EA012090E3B5CAAE.d.87799DC6C5CA27EC246C2093782951BC.e.12159"}]}
RESULT: {"script":"<script> [8489 bytes]","args":[{"element-6066-11e4-a52e-4f735466cecf":"f.FDAF18A8ED6EACE6EA012090E3B5CAAE.d.87799DC6C5CA27EC246C2093782951BC.e.12159","ELEMENT":"f.FDAF18A8ED6EACE6EA012090E3B5CAAE.d.87799DC6C5CA27EC246C2093782951BC.e.12159"}]}
COMMAND: GET /session/10503a4dac92bcb2538d37e21df02b44/screenshot - {}
RESULT: {}
COMMAND: POST /session/10503a4dac92bcb2538d37e21df02b44/execute/sync - {"script":"<script> [8489 bytes]","args":[{"element-6066-11e4-a52e-4f735466cecf":"f.FDAF18A8ED6EACE6EA012090E3B5CAAE.d.87799DC6C5CA27EC246C2093782951BC.e.12159","ELEMENT":"f.FDAF18A8ED6EACE6EA012090E3B5CAAE.d.87799DC6C5CA27EC246C2093782951BC.e.12159"}]}
RESULT: {"script":"<script> [8489 bytes]","args":[{"element-6066-11e4-a52e-4f735466cecf":"f.FDAF18A8ED6EACE6EA012090E3B5CAAE.d.87799DC6C5CA27EC246C2093782951BC.e.12159","ELEMENT":"f.FDAF18A8ED6EACE6EA012090E3B5CAAE.d.87799DC6C5CA27EC246C2093782951BC.e.12159"}]}
COMMAND: GET /session/10503a4dac92bcb2538d37e21df02b44/screenshot - {}
RESULT: {}
COMMAND: POST /session/10503a4dac92bcb2538d37e21df02b44/execute/sync - {"script":"<script> [8489 bytes]","args":[{"element-6066-11e4-a52e-4f735466cecf":"f.FDAF18A8ED6EACE6EA012090E3B5CAAE.d.87799DC6C5CA27EC246C2093782951BC.e.12159","ELEMENT":"f.FDAF18A8ED6EACE6EA012090E3B5CAAE.d.87799DC6C5CA27EC246C2093782951BC.e.12159"}]}
RESULT: {"script":"<script> [8489 bytes]","args":[{"element-6066-11e4-a52e-4f735466cecf":"f.FDAF18A8ED6EACE6EA012090E3B5CAAE.d.87799DC6C5CA27EC246C2093782951BC.e.12159","ELEMENT":"f.FDAF18A8ED6EACE6EA012090E3B5CAAE.d.87799DC6C5CA27EC246C2093782951BC.e.12159"}]}
COMMAND: GET /session/10503a4dac92bcb2538d37e21df02b44/screenshot - {}
RESULT: {}
COMMAND: POST /session/10503a4dac92bcb2538d37e21df02b44/execute/sync - {"script":"<script> [8489 bytes]","args":[{"element-6066-11e4-a52e-4f735466cecf":"f.FDAF18A8ED6EACE6EA012090E3B5CAAE.d.87799DC6C5CA27EC246C2093782951BC.e.12159","ELEMENT":"f.FDAF18A8ED6EACE6EA012090E3B5CAAE.d.87799DC6C5CA27EC246C2093782951BC.e.12159"}]}
RESULT: {"script":"<script> [8489 bytes]","args":[{"element-6066-11e4-a52e-4f735466cecf":"f.FDAF18A8ED6EACE6EA012090E3B5CAAE.d.87799DC6C5CA27EC246C2093782951BC.e.12159","ELEMENT":"f.FDAF18A8ED6EACE6EA012090E3B5CAAE.d.87799DC6C5CA27EC246C2093782951BC.e.12159"}]}
COMMAND: GET /session/10503a4dac92bcb2538d37e21df02b44/screenshot - {}
RESULT: {}
COMMAND: POST /session/10503a4dac92bcb2538d37e21df02b44/execute/sync - {"script":"<script> [8489 bytes]","args":[{"element-6066-11e4-a52e-4f735466cecf":"f.FDAF18A8ED6EACE6EA012090E3B5CAAE.d.87799DC6C5CA27EC246C2093782951BC.e.12159","ELEMENT":"f.FDAF18A8ED6EACE6EA012090E3B5CAAE.d.87799DC6C5CA27EC246C2093782951BC.e.12159"}]}
RESULT: {"script":"<script> [8489 bytes]","args":[{"element-6066-11e4-a52e-4f735466cecf":"f.FDAF18A8ED6EACE6EA012090E3B5CAAE.d.87799DC6C5CA27EC246C2093782951BC.e.12159","ELEMENT":"f.FDAF18A8ED6EACE6EA012090E3B5CAAE.d.87799DC6C5CA27EC246C2093782951BC.e.12159"}]}
COMMAND: GET /session/10503a4dac92bcb2538d37e21df02b44/screenshot - {}
RESULT: {}
COMMAND: POST /session/10503a4dac92bcb2538d37e21df02b44/execute/sync - {"script":"<script> [8489 bytes]","args":[{"element-6066-11e4-a52e-4f735466cecf":"f.FDAF18A8ED6EACE6EA012090E3B5CAAE.d.87799DC6C5CA27EC246C2093782951BC.e.12159","ELEMENT":"f.FDAF18A8ED6EACE6EA012090E3B5CAAE.d.87799DC6C5CA27EC246C2093782951BC.e.12159"}]}
RESULT: {"script":"<script> [8489 bytes]","args":[{"element-6066-11e4-a52e-4f735466cecf":"f.FDAF18A8ED6EACE6EA012090E3B5CAAE.d.87799DC6C5CA27EC246C2093782951BC.e.12159","ELEMENT":"f.FDAF18A8ED6EACE6EA012090E3B5CAAE.d.87799DC6C5CA27EC246C2093782951BC.e.12159"}]}
COMMAND: GET /session/10503a4dac92bcb2538d37e21df02b44/screenshot - {}
RESULT: {}
COMMAND: POST /session/10503a4dac92bcb2538d37e21df02b44/execute/sync - {"script":"<script> [8489 bytes]","args":[{"element-6066-11e4-a52e-4f735466cecf":"f.FDAF18A8ED6EACE6EA012090E3B5CAAE.d.87799DC6C5CA27EC246C2093782951BC.e.12159","ELEMENT":"f.FDAF18A8ED6EACE6EA012090E3B5CAAE.d.87799DC6C5CA27EC246C2093782951BC.e.12159"}]}
RESULT: {"script":"<script> [8489 bytes]","args":[{"element-6066-11e4-a52e-4f735466cecf":"f.FDAF18A8ED6EACE6EA012090E3B5CAAE.d.87799DC6C5CA27EC246C2093782951BC.e.12159","ELEMENT":"f.FDAF18A8ED6EACE6EA012090E3B5CAAE.d.87799DC6C5CA27EC246C2093782951BC.e.12159"}]}
COMMAND: GET /session/10503a4dac92bcb2538d37e21df02b44/screenshot - {}
RESULT: {}
COMMAND: POST /session/10503a4dac92bcb2538d37e21df02b44/elements - {"using":"css selector","value":"div[viewname='etm.portal.ui.managehandovers.view.DetailExecuteHO'] span.sapMText"}
RESULT: {"using":"css selector","value":"div[viewname='etm.portal.ui.managehandovers.view.DetailExecuteHO'] span.sapMText"}
]]></system-out>
    </testcase>
  </testsuite>
  <testsuite timestamp="2025-05-03T17:35:20" time="395.793" tests="9" failures="7" errors="7" skipped="0">
    <properties>
      <property name="specId" value="0" />
      <property name="suiteName" value="Create masterdata for Yard Overview - trigger provide US130988" />
      <property name="capabilities" value="chrome.135_0_7049_96.windows" />
      <property name="file" value="file:///D:/a/1/s/test/specs/HTR/stock-decrease.spec.js" />
    </properties>
    <testcase classname="chrome.135_0_7049_96.windows.Create_masterdata_for_Yard_Overview_-_trigger_provide_US130988" name="create a whm for yard" time="44.207">
      <system-out><![CDATA[
COMMAND: GET /session/10503a4dac92bcb2538d37e21df02b44/screenshot - {}
COMMAND: POST /session/10503a4dac92bcb2538d37e21df02b44/element - {"using":"css selector","value":"#shell-header-icon"}
RESULT: {}
RESULT: {"using":"css selector","value":"#shell-header-icon"}
COMMAND: POST /session/10503a4dac92bcb2538d37e21df02b44/execute/sync - {"script":"<script> [8489 bytes]","args":[{"element-6066-11e4-a52e-4f735466cecf":"f.FDAF18A8ED6EACE6EA012090E3B5CAAE.d.F275A076CB029C6A43E053ED5BDD3D42.e.12550","ELEMENT":"f.FDAF18A8ED6EACE6EA012090E3B5CAAE.d.F275A076CB029C6A43E053ED5BDD3D42.e.12550"}]}
RESULT: {"script":"<script> [8489 bytes]","args":[{"element-6066-11e4-a52e-4f735466cecf":"f.FDAF18A8ED6EACE6EA012090E3B5CAAE.d.F275A076CB029C6A43E053ED5BDD3D42.e.12550","ELEMENT":"f.FDAF18A8ED6EACE6EA012090E3B5CAAE.d.F275A076CB029C6A43E053ED5BDD3D42.e.12550"}]}
COMMAND: GET /session/10503a4dac92bcb2538d37e21df02b44/element/f.FDAF18A8ED6EACE6EA012090E3B5CAAE.d.F275A076CB029C6A43E053ED5BDD3D42.e.12550/enabled - {}
COMMAND: GET /session/10503a4dac92bcb2538d37e21df02b44/screenshot - {}
RESULT: {}
COMMAND: POST /session/10503a4dac92bcb2538d37e21df02b44/element/f.FDAF18A8ED6EACE6EA012090E3B5CAAE.d.F275A076CB029C6A43E053ED5BDD3D42.e.12550/click - {}
COMMAND: GET /session/10503a4dac92bcb2538d37e21df02b44/screenshot - {}
RESULT: {}
RESULT: {}
COMMAND: GET /session/10503a4dac92bcb2538d37e21df02b44/screenshot - {}
RESULT: {}
RESULT: {}
COMMAND: POST /session/10503a4dac92bcb2538d37e21df02b44/element - {"using":"xpath","value":"//div[text()='Warehouse']"}
RESULT: {"using":"xpath","value":"//div[text()='Warehouse']"}
COMMAND: POST /session/10503a4dac92bcb2538d37e21df02b44/elements - {"using":"xpath","value":"//div[text()='Warehouse']"}
RESULT: {"using":"xpath","value":"//div[text()='Warehouse']"}
COMMAND: POST /session/10503a4dac92bcb2538d37e21df02b44/element/f.FDAF18A8ED6EACE6EA012090E3B5CAAE.d.F275A076CB029C6A43E053ED5BDD3D42.e.13046/click - {}
RESULT: {}
COMMAND: POST /session/10503a4dac92bcb2538d37e21df02b44/element - {"using":"xpath","value":"//span[text()='Manage Warehouse Movements']"}
COMMAND: GET /session/10503a4dac92bcb2538d37e21df02b44/screenshot - {}
RESULT: {"using":"xpath","value":"//span[text()='Manage Warehouse Movements']"}
COMMAND: POST /session/10503a4dac92bcb2538d37e21df02b44/elements - {"using":"xpath","value":"//span[text()='Manage Warehouse Movements']"}
RESULT: {}
RESULT: {"using":"xpath","value":"//span[text()='Manage Warehouse Movements']"}
COMMAND: POST /session/10503a4dac92bcb2538d37e21df02b44/element - {"using":"xpath","value":"//input[@id='application-warehousemovements-display-component---warehouseMovements--smartFilterBar-filterItemControl_BASIC-YARD-inner']"}
RESULT: {"using":"xpath","value":"//input[@id='application-warehousemovements-display-component---warehouseMovements--smartFilterBar-filterItemControl_BASIC-YARD-inner']"}
COMMAND: POST /session/10503a4dac92bcb2538d37e21df02b44/element - {"using":"xpath","value":"//input[@id='application-warehousemovements-display-component---warehouseMovements--smartFilterBar-filterItemControl_BASIC-YARD-inner']"}
RESULT: {"using":"xpath","value":"//input[@id='application-warehousemovements-display-component---warehouseMovements--smartFilterBar-filterItemControl_BASIC-YARD-inner']"}
COMMAND: POST /session/10503a4dac92bcb2538d37e21df02b44/actions - {"actions":[{"id":"action54","type":"key","parameters":{},"actions":[{"type":"keyDown","value":"î€‡"},{"type":"pause","duration":10},{"type":"keyUp","value":"î€‡"}]}]}
RESULT: {"actions":[{"id":"action54","type":"key","parameters":{},"actions":[{"type":"keyDown","value":"î€‡"},{"type":"pause","duration":10},{"type":"keyUp","value":"î€‡"}]}]}
COMMAND: POST /session/10503a4dac92bcb2538d37e21df02b44/element - {"using":"xpath","value":"(//*[@title=\"Add New Movement\"])[1]"}
COMMAND: GET /session/10503a4dac92bcb2538d37e21df02b44/screenshot - {}
RESULT: {"using":"xpath","value":"(//*[@title=\"Add New Movement\"])[1]"}
COMMAND: POST /session/10503a4dac92bcb2538d37e21df02b44/element - {"using":"xpath","value":"(//*[@title=\"Add New Movement\"])[1]"}
RESULT: {}
RESULT: {"using":"xpath","value":"(//*[@title=\"Add New Movement\"])[1]"}
COMMAND: POST /session/10503a4dac92bcb2538d37e21df02b44/element - {"using":"xpath","value":"//*[@id=\"application-warehousemovements-display-component---addMovement--sectionsList-arrow\"]"}
RESULT: {"using":"xpath","value":"//*[@id=\"application-warehousemovements-display-component---addMovement--sectionsList-arrow\"]"}
COMMAND: POST /session/10503a4dac92bcb2538d37e21df02b44/element - {"using":"xpath","value":"//*[@id=\"application-warehousemovements-display-component---addMovement--sectionsList-arrow\"]"}
RESULT: {"using":"xpath","value":"//*[@id=\"application-warehousemovements-display-component---addMovement--sectionsList-arrow\"]"}
COMMAND: POST /session/10503a4dac92bcb2538d37e21df02b44/element - {"using":"xpath","value":"//*[@id=\"application-warehousemovements-display-component---addMovement--saveMovementBtn-BDI-content\" and text()=\"Save\"]"}
RESULT: {"using":"xpath","value":"//*[@id=\"application-warehousemovements-display-component---addMovement--saveMovementBtn-BDI-content\" and text()=\"Save\"]"}
COMMAND: POST /session/10503a4dac92bcb2538d37e21df02b44/element - {"using":"xpath","value":"//*[@id=\"application-warehousemovements-display-component---addMovement--saveMovementBtn-BDI-content\" and text()=\"Save\"]"}
RESULT: {"using":"xpath","value":"//*[@id=\"application-warehousemovements-display-component---addMovement--saveMovementBtn-BDI-content\" and text()=\"Save\"]"}
COMMAND: POST /session/10503a4dac92bcb2538d37e21df02b44/execute/sync - {"script":"<script> [8489 bytes]","args":[{"element-6066-11e4-a52e-4f735466cecf":"f.FDAF18A8ED6EACE6EA012090E3B5CAAE.d.F275A076CB029C6A43E053ED5BDD3D42.e.12550","ELEMENT":"f.FDAF18A8ED6EACE6EA012090E3B5CAAE.d.F275A076CB029C6A43E053ED5BDD3D42.e.12550"}]}
COMMAND: POST /session/10503a4dac92bcb2538d37e21df02b44/element - {"using":"css selector","value":"#shell-header-icon"}
RESULT: {"using":"css selector","value":"#shell-header-icon"}
COMMAND: POST /session/10503a4dac92bcb2538d37e21df02b44/execute/sync - {"script":"<script> [8489 bytes]","args":[{"element-6066-11e4-a52e-4f735466cecf":"f.FDAF18A8ED6EACE6EA012090E3B5CAAE.d.F275A076CB029C6A43E053ED5BDD3D42.e.13047","ELEMENT":"f.FDAF18A8ED6EACE6EA012090E3B5CAAE.d.F275A076CB029C6A43E053ED5BDD3D42.e.13047"}]}
RESULT: {"script":"<script> [8489 bytes]","args":[{"element-6066-11e4-a52e-4f735466cecf":"f.FDAF18A8ED6EACE6EA012090E3B5CAAE.d.F275A076CB029C6A43E053ED5BDD3D42.e.13047","ELEMENT":"f.FDAF18A8ED6EACE6EA012090E3B5CAAE.d.F275A076CB029C6A43E053ED5BDD3D42.e.13047"}]}
COMMAND: GET /session/10503a4dac92bcb2538d37e21df02b44/element/f.FDAF18A8ED6EACE6EA012090E3B5CAAE.d.F275A076CB029C6A43E053ED5BDD3D42.e.13047/enabled - {}
COMMAND: GET /session/10503a4dac92bcb2538d37e21df02b44/screenshot - {}
RESULT: {}
COMMAND: POST /session/10503a4dac92bcb2538d37e21df02b44/element/f.FDAF18A8ED6EACE6EA012090E3B5CAAE.d.F275A076CB029C6A43E053ED5BDD3D42.e.13047/click - {}
COMMAND: GET /session/10503a4dac92bcb2538d37e21df02b44/screenshot - {}
RESULT: {}
RESULT: {}
COMMAND: GET /session/10503a4dac92bcb2538d37e21df02b44/screenshot - {}
RESULT: {}
RESULT: {}
]]></system-out>
    </testcase>
    <testcase classname="chrome.135_0_7049_96.windows.Create_masterdata_for_Yard_Overview_-_trigger_provide_US130988" name="Set status to defect" time="24.498">
      <system-out><![CDATA[
COMMAND: GET /session/10503a4dac92bcb2538d37e21df02b44/screenshot - {}
COMMAND: POST /session/10503a4dac92bcb2538d37e21df02b44/execute/async - {"script":"<script> [1562 bytes]","args":[{"selector":{"controlType":"sap.ushell.ui.launchpad.AnchorItem","bindingPath":{"path":"/groups/3","propertyPath":"index"},"interaction":{"idSuffix":"inner"}},"wdio_ui5_key":"sapushell.ui.launchpad.AnchorItem{\"path\":\"/groups/3\",\"propertyPath\":\"index\"}"}]}
RESULT: {}
RESULT: {"script":"<script> [1562 bytes]","args":[{"selector":{"controlType":"sap.ushell.ui.launchpad.AnchorItem","bindingPath":{"path":"/groups/3","propertyPath":"index"},"interaction":{"idSuffix":"inner"}},"wdio_ui5_key":"sapushell.ui.launchpad.AnchorItem{\"path\":\"/groups/3\",\"propertyPath\":\"index\"}"}]}
RESULT: undefined
COMMAND: POST /session/10503a4dac92bcb2538d37e21df02b44/execute/async - {"script":"<script> [1562 bytes]","args":[{"selector":{"controlType":"sap.m.GenericTile","properties":{"header":"Manage States & Performance"}},"wdio_ui5_key":"sapm.GenericTile{\"header\":\"Manage States & Performance\"}"}]}
RESULT: {"script":"<script> [1562 bytes]","args":[{"selector":{"controlType":"sap.m.GenericTile","properties":{"header":"Manage States & Performance"}},"wdio_ui5_key":"sapm.GenericTile{\"header\":\"Manage States & Performance\"}"}]}
RESULT: undefined
COMMAND: POST /session/10503a4dac92bcb2538d37e21df02b44/execute/async - {"script":"<script> [1562 bytes]","args":[{"selector":{"controlType":"sap.ui.core.Icon","viewName":"etm.portal.ui.managestatesandperformance.view.Master","viewId":"application-managestatesandperformance-display-component---stateAndPerform","properties":{"src":{"regex":{"source":"inventory"}}}},"wdio_ui5_key":"etmportal.ui.managestatesandperformance.view.Mastersap.ui.core.Icon{\"src\":{\"regex\":{\"source\":\"inventory\"}}}"}]}
RESULT: {"script":"<script> [1562 bytes]","args":[{"selector":{"controlType":"sap.ui.core.Icon","viewName":"etm.portal.ui.managestatesandperformance.view.Master","viewId":"application-managestatesandperformance-display-component---stateAndPerform","properties":{"src":{"regex":{"source":"inventory"}}}},"wdio_ui5_key":"etmportal.ui.managestatesandperformance.view.Mastersap.ui.core.Icon{\"src\":{\"regex\":{\"source\":\"inventory\"}}}"}]}
RESULT: undefined
COMMAND: POST /session/10503a4dac92bcb2538d37e21df02b44/execute/async - {"script":"<script> [1562 bytes]","args":[{"selector":{"id":"application-managestatesandperformance-display-component---stateAndPerform--smartFilterBarYard-btnBasicSearch","interaction":{"idSuffix":"I"}},"wdio_ui5_key":"applicationmanagestatesandperformance-display-component---stateAndPerform--smartFilterBarYard-btnBasicSearch"}]}
RESULT: {"script":"<script> [1562 bytes]","args":[{"selector":{"id":"application-managestatesandperformance-display-component---stateAndPerform--smartFilterBarYard-btnBasicSearch","interaction":{"idSuffix":"I"}},"wdio_ui5_key":"applicationmanagestatesandperformance-display-component---stateAndPerform--smartFilterBarYard-btnBasicSearch"}]}
RESULT: undefined
COMMAND: POST /session/10503a4dac92bcb2538d37e21df02b44/execute/async - {"script":"<script> [1562 bytes]","args":[{"selector":{"controlType":"sap.m.ColumnListItem","viewName":"etm.portal.ui.managestatesandperformance.view.Master","viewId":"application-managestatesandperformance-display-component---stateAndPerform","properties":{"type":"Navigation"},"interaction":{"idSuffix":"cell0"}},"wdio_ui5_key":"etmportal.ui.managestatesandperformance.view.Mastersap.m.ColumnListItem{\"type\":\"Navigation\"}"}]}
RESULT: {"script":"<script> [1562 bytes]","args":[{"selector":{"controlType":"sap.m.ColumnListItem","viewName":"etm.portal.ui.managestatesandperformance.view.Master","viewId":"application-managestatesandperformance-display-component---stateAndPerform","properties":{"type":"Navigation"},"interaction":{"idSuffix":"cell0"}},"wdio_ui5_key":"etmportal.ui.managestatesandperformance.view.Mastersap.m.ColumnListItem{\"type\":\"Navigation\"}"}]}
RESULT: undefined
COMMAND: POST /session/10503a4dac92bcb2538d37e21df02b44/execute/async - {"script":"<script> [1562 bytes]","args":[{"selector":{"controlType":"sap.m.Button","viewName":"etm.portal.ui.managestatesandperformance.view.Detail","viewId":"application-managestatesandperformance-display-component---detailStateAndPerform","i18NText":{"propertyName":"text","key":"createStateChange"},"interaction":{"idSuffix":"content"}},"wdio_ui5_key":"etmportal.ui.managestatesandperformance.view.Detailsap.m.Button{\"propertyName\":\"text\",\"key\":\"createStateChange\"}"}]}
RESULT: {"script":"<script> [1562 bytes]","args":[{"selector":{"controlType":"sap.m.Button","viewName":"etm.portal.ui.managestatesandperformance.view.Detail","viewId":"application-managestatesandperformance-display-component---detailStateAndPerform","i18NText":{"propertyName":"text","key":"createStateChange"},"interaction":{"idSuffix":"content"}},"wdio_ui5_key":"etmportal.ui.managestatesandperformance.view.Detailsap.m.Button{\"propertyName\":\"text\",\"key\":\"createStateChange\"}"}]}
RESULT: undefined
COMMAND: POST /session/10503a4dac92bcb2538d37e21df02b44/execute/async - {"script":"<script> [1562 bytes]","args":[{"selector":{"id":"addStateDialog--stateSelect","searchOpenDialogs":true,"interaction":{"idSuffix":"arrow"}},"wdio_ui5_key":"addStateDialogstateSelect"}]}
RESULT: {"script":"<script> [1562 bytes]","args":[{"selector":{"id":"addStateDialog--stateSelect","searchOpenDialogs":true,"interaction":{"idSuffix":"arrow"}},"wdio_ui5_key":"addStateDialogstateSelect"}]}
RESULT: undefined
COMMAND: POST /session/10503a4dac92bcb2538d37e21df02b44/execute/async - {"script":"<script> [1562 bytes]","args":[{"selector":{"controlType":"sap.ui.core.Item","viewName":"etm.portal.ui.managestatesandperformance.view.Detail","viewId":"application-managestatesandperformance-display-component---detailStateAndPerform","bindingPath":{"path":"/StateTypes(70)","propertyPath":"STATE","modelName":"catalogModel"},"searchOpenDialogs":true},"wdio_ui5_key":"etmportal.ui.managestatesandperformance.view.Detailsap.ui.core.Item{\"path\":\"/StateTypes(70)\",\"propertyPath\":\"STATE\",\"modelName\":\"catalogModel\"}"}]}
RESULT: {"script":"<script> [1562 bytes]","args":[{"selector":{"controlType":"sap.ui.core.Item","viewName":"etm.portal.ui.managestatesandperformance.view.Detail","viewId":"application-managestatesandperformance-display-component---detailStateAndPerform","bindingPath":{"path":"/StateTypes(70)","propertyPath":"STATE","modelName":"catalogModel"},"searchOpenDialogs":true},"wdio_ui5_key":"etmportal.ui.managestatesandperformance.view.Detailsap.ui.core.Item{\"path\":\"/StateTypes(70)\",\"propertyPath\":\"STATE\",\"modelName\":\"catalogModel\"}"}]}
RESULT: undefined
COMMAND: POST /session/10503a4dac92bcb2538d37e21df02b44/execute/async - {"script":"<script> [1562 bytes]","args":[{"selector":{"controlType":"sap.m.NumericInput","viewName":"etm.portal.ui.managestatesandperformance.view.Detail","viewId":"application-managestatesandperformance-display-component---detailStateAndPerform","properties":{"value":"0"},"searchOpenDialogs":true,"interaction":{"idSuffix":"inner"}},"wdio_ui5_key":"etmportal.ui.managestatesandperformance.view.Detailsap.m.NumericInput{\"value\":\"0\"}"}]}
RESULT: {"script":"<script> [1562 bytes]","args":[{"selector":{"controlType":"sap.m.NumericInput","viewName":"etm.portal.ui.managestatesandperformance.view.Detail","viewId":"application-managestatesandperformance-display-component---detailStateAndPerform","properties":{"value":"0"},"searchOpenDialogs":true,"interaction":{"idSuffix":"inner"}},"wdio_ui5_key":"etmportal.ui.managestatesandperformance.view.Detailsap.m.NumericInput{\"value\":\"0\"}"}]}
RESULT: undefined
COMMAND: POST /session/10503a4dac92bcb2538d37e21df02b44/execute/async - {"script":"<script> [1562 bytes]","args":[{"selector":{"controlType":"sap.m.Button","viewName":"etm.portal.ui.managestatesandperformance.view.Detail","viewId":"application-managestatesandperformance-display-component---detailStateAndPerform","i18NText":{"propertyName":"text","key":"save"},"searchOpenDialogs":true,"interaction":{"idSuffix":"BDI-content"}},"wdio_ui5_key":"etmportal.ui.managestatesandperformance.view.Detailsap.m.Button{\"propertyName\":\"text\",\"key\":\"save\"}"}]}
RESULT: {"script":"<script> [1562 bytes]","args":[{"selector":{"controlType":"sap.m.Button","viewName":"etm.portal.ui.managestatesandperformance.view.Detail","viewId":"application-managestatesandperformance-display-component---detailStateAndPerform","i18NText":{"propertyName":"text","key":"save"},"searchOpenDialogs":true,"interaction":{"idSuffix":"BDI-content"}},"wdio_ui5_key":"etmportal.ui.managestatesandperformance.view.Detailsap.m.Button{\"propertyName\":\"text\",\"key\":\"save\"}"}]}
RESULT: undefined
COMMAND: POST /session/10503a4dac92bcb2538d37e21df02b44/element - {"using":"css selector","value":"#shell-header-logo"}
RESULT: {"using":"css selector","value":"#shell-header-logo"}
COMMAND: POST /session/10503a4dac92bcb2538d37e21df02b44/element/f.FDAF18A8ED6EACE6EA012090E3B5CAAE.d.F275A076CB029C6A43E053ED5BDD3D42.e.13054/click - {}
RESULT: {}
COMMAND: GET /session/10503a4dac92bcb2538d37e21df02b44/screenshot - {}
RESULT: {}
]]></system-out>
    </testcase>
  </testsuite>
  <testsuite timestamp="2025-05-03T17:41:55" time="170.561" tests="3" failures="3" errors="3" skipped="0">
    <properties>
      <property name="specId" value="0" />
      <property name="suiteName" value="Transfer Yard to Yard US131076" />
      <property name="capabilities" value="chrome.135_0_7049_96.windows" />
      <property name="file" value="file:///D:/a/1/s/test/specs/HTR/transfer-yard-to-yard.spec.js" />
    </properties>
  </testsuite>
</testsuites>