<?xml version="1.0" encoding="UTF-8"?>
<testsuites tests="53" failures="24" errors="24" skipped="0">
  <testsuite timestamp="2025-06-04T05:14:54" time="262.639" tests="5" failures="0" errors="0" skipped="0">
    <properties>
      <property name="specId" value="0" />
      <property name="suiteName" value="Tests for DXCW CAE environment, including specific login to the system US" />
      <property name="capabilities" value="chrome.136_0_7103_93.windows" />
      <property name="file" value="file:///D:/a/1/s/test/specs/BTS/dxcw-cae.spec.js" />
    </properties>
    <testcase classname="chrome.136_0_7103_93.windows.Tests_for_DXCW_CAE_environment,_including_specific_login_to_the_system_US" name="Should login to the DXCW CAE env US156289" time="22.886">
      <system-out><![CDATA[
COMMAND: POST /session/8b5e6cfdfc03247abf4ed7f1414f820f/url - {"url":"https://qa-testing-00-live-dxcw-portal.cfapps.eu10-004.hana.ondemand.com/"}
RESULT: {"url":"https://qa-testing-00-live-dxcw-portal.cfapps.eu10-004.hana.ondemand.com/"}
COMMAND: GET /session/8b5e6cfdfc03247abf4ed7f1414f820f/screenshot - {}
RESULT: {}
COMMAND: POST /session/8b5e6cfdfc03247abf4ed7f1414f820f/element - {"using":"xpath","value":"//input[@id = \"j_username\"]"}
RESULT: {"using":"xpath","value":"//input[@id = \"j_username\"]"}
COMMAND: POST /session/8b5e6cfdfc03247abf4ed7f1414f820f/execute/sync - {"script":"<script> [8489 bytes]","args":[{"element-6066-11e4-a52e-4f735466cecf":"f.38C819845B9EC31E5A88AE0F72095084.d.A5D8CA98418DA85DD775ECF5FE8D8518.e.36","ELEMENT":"f.38C819845B9EC31E5A88AE0F72095084.d.A5D8CA98418DA85DD775ECF5FE8D8518.e.36"}]}
RESULT: {"script":"<script> [8489 bytes]","args":[{"element-6066-11e4-a52e-4f735466cecf":"f.38C819845B9EC31E5A88AE0F72095084.d.A5D8CA98418DA85DD775ECF5FE8D8518.e.36","ELEMENT":"f.38C819845B9EC31E5A88AE0F72095084.d.A5D8CA98418DA85DD775ECF5FE8D8518.e.36"}]}
COMMAND: POST /session/8b5e6cfdfc03247abf4ed7f1414f820f/element - {"using":"xpath","value":"//input[@id = \"j_username\"]"}
COMMAND: GET /session/8b5e6cfdfc03247abf4ed7f1414f820f/screenshot - {}
RESULT: {"using":"xpath","value":"//input[@id = \"j_username\"]"}
COMMAND: POST /session/8b5e6cfdfc03247abf4ed7f1414f820f/element/f.38C819845B9EC31E5A88AE0F72095084.d.A5D8CA98418DA85DD775ECF5FE8D8518.e.36/clear - {}
RESULT: {}
RESULT: {}
COMMAND: POST /session/8b5e6cfdfc03247abf4ed7f1414f820f/element/f.38C819845B9EC31E5A88AE0F72095084.d.A5D8CA98418DA85DD775ECF5FE8D8518.e.36/value - {"text":"test1etm@bearingpoint.com"}
COMMAND: GET /session/8b5e6cfdfc03247abf4ed7f1414f820f/screenshot - {}
RESULT: {"text":"test1etm@bearingpoint.com"}
COMMAND: POST /session/8b5e6cfdfc03247abf4ed7f1414f820f/element - {"using":"xpath","value":"//input[@id = \"j_password\"]"}
COMMAND: GET /session/8b5e6cfdfc03247abf4ed7f1414f820f/screenshot - {}
RESULT: {}
RESULT: {"using":"xpath","value":"//input[@id = \"j_password\"]"}
COMMAND: POST /session/8b5e6cfdfc03247abf4ed7f1414f820f/element/f.38C819845B9EC31E5A88AE0F72095084.d.A5D8CA98418DA85DD775ECF5FE8D8518.e.38/clear - {}
RESULT: {}
RESULT: {}
COMMAND: POST /session/8b5e6cfdfc03247abf4ed7f1414f820f/element/f.38C819845B9EC31E5A88AE0F72095084.d.A5D8CA98418DA85DD775ECF5FE8D8518.e.38/value - {"text":"ETM.next2024"}
COMMAND: GET /session/8b5e6cfdfc03247abf4ed7f1414f820f/screenshot - {}
RESULT: {"text":"ETM.next2024"}
COMMAND: GET /session/8b5e6cfdfc03247abf4ed7f1414f820f/screenshot - {}
RESULT: {}
RESULT: {}
COMMAND: POST /session/8b5e6cfdfc03247abf4ed7f1414f820f/element - {"using":"css selector","value":"button[type=\"submit\"]"}
RESULT: {"using":"css selector","value":"button[type=\"submit\"]"}
COMMAND: POST /session/8b5e6cfdfc03247abf4ed7f1414f820f/element/f.38C819845B9EC31E5A88AE0F72095084.d.A5D8CA98418DA85DD775ECF5FE8D8518.e.59/click - {}
RESULT: {}
COMMAND: POST /session/8b5e6cfdfc03247abf4ed7f1414f820f/element - {"using":"xpath","value":"//a[contains(@aria-label,\"Migration Service\")]"}
COMMAND: GET /session/8b5e6cfdfc03247abf4ed7f1414f820f/screenshot - {}
RESULT: {"using":"xpath","value":"//a[contains(@aria-label,\"Migration Service\")]"}
COMMAND: POST /session/8b5e6cfdfc03247abf4ed7f1414f820f/element - {"using":"xpath","value":"//a[contains(@aria-label,\"Migration Service\")]"}
RESULT: {}
RESULT: {"using":"xpath","value":"//a[contains(@aria-label,\"Migration Service\")]"}
COMMAND: POST /session/8b5e6cfdfc03247abf4ed7f1414f820f/execute/sync - {"script":"<script> [8489 bytes]","args":[{"element-6066-11e4-a52e-4f735466cecf":"f.38C819845B9EC31E5A88AE0F72095084.d.B280598FAD7714C737ABF0940DA30B41.e.75","ELEMENT":"f.38C819845B9EC31E5A88AE0F72095084.d.B280598FAD7714C737ABF0940DA30B41.e.75"}]}
RESULT: {"script":"<script> [8489 bytes]","args":[{"element-6066-11e4-a52e-4f735466cecf":"f.38C819845B9EC31E5A88AE0F72095084.d.B280598FAD7714C737ABF0940DA30B41.e.75","ELEMENT":"f.38C819845B9EC31E5A88AE0F72095084.d.B280598FAD7714C737ABF0940DA30B41.e.75"}]}
COMMAND: POST /session/8b5e6cfdfc03247abf4ed7f1414f820f/execute/sync - {"script":"<script> [8489 bytes]","args":[{"element-6066-11e4-a52e-4f735466cecf":"f.38C819845B9EC31E5A88AE0F72095084.d.B280598FAD7714C737ABF0940DA30B41.e.75","ELEMENT":"f.38C819845B9EC31E5A88AE0F72095084.d.B280598FAD7714C737ABF0940DA30B41.e.75"}]}
COMMAND: GET /session/8b5e6cfdfc03247abf4ed7f1414f820f/screenshot - {}
RESULT: {"script":"<script> [8489 bytes]","args":[{"element-6066-11e4-a52e-4f735466cecf":"f.38C819845B9EC31E5A88AE0F72095084.d.B280598FAD7714C737ABF0940DA30B41.e.75","ELEMENT":"f.38C819845B9EC31E5A88AE0F72095084.d.B280598FAD7714C737ABF0940DA30B41.e.75"}]}
COMMAND: POST /session/8b5e6cfdfc03247abf4ed7f1414f820f/window/fullscreen - {}
COMMAND: GET /session/8b5e6cfdfc03247abf4ed7f1414f820f/screenshot - {}
RESULT: {}
RESULT: {}
COMMAND: POST /session/8b5e6cfdfc03247abf4ed7f1414f820f/execute/async - {"script":"<script> [189 bytes]","args":[]}
RESULT: {}
RESULT: {"script":"<script> [189 bytes]","args":[]}
COMMAND: POST /session/8b5e6cfdfc03247abf4ed7f1414f820f/execute/async - {"script":"<script> [123 bytes]","args":[]}
RESULT: {"script":"<script> [123 bytes]","args":[]}
COMMAND: POST /session/8b5e6cfdfc03247abf4ed7f1414f820f/timeouts - {"script":"<number>"}
RESULT: {"script":"<number>"}
COMMAND: GET /session/8b5e6cfdfc03247abf4ed7f1414f820f/timeouts - {}
RESULT: {}
COMMAND: POST /session/8b5e6cfdfc03247abf4ed7f1414f820f/execute/async - {"script":"<script> [78 bytes]","args":[]}
RESULT: {"script":"<script> [78 bytes]","args":[]}
RESULT: undefined
COMMAND: POST /session/8b5e6cfdfc03247abf4ed7f1414f820f/execute/async - {"script":"<script> [2676 bytes]","args":[]}
RESULT: {"script":"<script> [2676 bytes]","args":[]}
COMMAND: POST /session/8b5e6cfdfc03247abf4ed7f1414f820f/execute/async - {"script":"<script> [2342 bytes]","args":[{"protocol":"http","hostname":"0.0.0.0","path":"/","capabilities":{"browserName":"chrome","goog:chromeOptions":{"binary":"C:\\Program Files\\Google\\Chrome\\Application\\chrome.exe","args":["--start-maximized"]}},"logLevel":"warn","connectionRetryTimeout":120000,"connectionRetryCount":3,"logLevels":{},"enableDirectConnect":true,"strictSSL":true,"_":"65 more keys: [\"cacheDir\",\"port\",\"requestedCapabilities\",\"automationProtocol\",\"baseUrl\",\"waitforInterval\",\"waitforTimeout\",\"onReload\",\"beforeCommand\",\"afterCommand\",\"rootDir\",\"specs\",\"suites\",\"exclude\",\"groupLogsByTestSpec\",\"excludeDriverLogs\",\"bail\",\"framework\",\"reporters\",\"services\",\"maxInstances\",\"maxInstancesPerCapability\",\"injectGlobals\",\"filesToWatch\",\"execArgv\",\"runnerEnv\",\"runner\",\"shard\",\"specFileRetries\",\"specFileRetriesDelay\",\"specFileRetriesDeferred\",\"reporterSyncInterval\",\"reporterSyncTimeout\",\"cucumberFeaturesWithLineNumbers\",\"autoCompileOpts\",\"mochaOpts\",\"jasmineOpts\",\"cucumberOpts\",\"onPrepare\",\"onWorkerStart\",\"onWorkerEnd\",\"before\",\"beforeSession\",\"beforeSuite\",\"beforeHook\",\"beforeTest\",\"afterTest\",\"afterHook\",\"afterSuite\",\"afterSession\",\"after\",\"onComplete\",\"beforeAssertion\",\"afterAssertion\",\"beforeFeature\",\"beforeScenario\",\"beforeStep\",\"afterStep\",\"afterScenario\",\"afterFeature\",\"_\",\"suite\",\"$0\",\"ignoredWorkerServices\",\"wdi5\"]"}]}
RESULT: {"script":"<script> [2342 bytes]","args":[{"protocol":"http","hostname":"0.0.0.0","path":"/","capabilities":{"browserName":"chrome","goog:chromeOptions":{"binary":"C:\\Program Files\\Google\\Chrome\\Application\\chrome.exe","args":["--start-maximized"]}},"logLevel":"warn","connectionRetryTimeout":120000,"connectionRetryCount":3,"logLevels":{},"enableDirectConnect":true,"strictSSL":true,"_":"65 more keys: [\"cacheDir\",\"port\",\"requestedCapabilities\",\"automationProtocol\",\"baseUrl\",\"waitforInterval\",\"waitforTimeout\",\"onReload\",\"beforeCommand\",\"afterCommand\",\"rootDir\",\"specs\",\"suites\",\"exclude\",\"groupLogsByTestSpec\",\"excludeDriverLogs\",\"bail\",\"framework\",\"reporters\",\"services\",\"maxInstances\",\"maxInstancesPerCapability\",\"injectGlobals\",\"filesToWatch\",\"execArgv\",\"runnerEnv\",\"runner\",\"shard\",\"specFileRetries\",\"specFileRetriesDelay\",\"specFileRetriesDeferred\",\"reporterSyncInterval\",\"reporterSyncTimeout\",\"cucumberFeaturesWithLineNumbers\",\"autoCompileOpts\",\"mochaOpts\",\"jasmineOpts\",\"cucumberOpts\",\"onPrepare\",\"onWorkerStart\",\"onWorkerEnd\",\"before\",\"beforeSession\",\"beforeSuite\",\"beforeHook\",\"beforeTest\",\"afterTest\",\"afterHook\",\"afterSuite\",\"afterSession\",\"after\",\"onComplete\",\"beforeAssertion\",\"afterAssertion\",\"beforeFeature\",\"beforeScenario\",\"beforeStep\",\"afterStep\",\"afterScenario\",\"afterFeature\",\"_\",\"suite\",\"$0\",\"ignoredWorkerServices\",\"wdi5\"]"}]}
COMMAND: POST /session/8b5e6cfdfc03247abf4ed7f1414f820f/execute/async - {"script":"<script> [21126 bytes]","args":[35000]}
RESULT: {"script":"<script> [21126 bytes]","args":[35000]}
]]></system-out>
    </testcase>
    <testcase classname="chrome.136_0_7103_93.windows.Tests_for_DXCW_CAE_environment,_including_specific_login_to_the_system_US" name="Should upload address file entry used for later tests as master data US156291" time="77.64">
      <system-out><![CDATA[
COMMAND: POST /session/8b5e6cfdfc03247abf4ed7f1414f820f/execute/async - {"script":"<script> [1562 bytes]","args":[{"selector":{"controlType":"sap.m.GenericTile","properties":{"header":"Migration Service"}},"wdio_ui5_key":"sapm.GenericTile{\"header\":\"Migration Service\"}"}]}
RESULT: {"script":"<script> [1562 bytes]","args":[{"selector":{"controlType":"sap.m.GenericTile","properties":{"header":"Migration Service"}},"wdio_ui5_key":"sapm.GenericTile{\"header\":\"Migration Service\"}"}]}
RESULT: undefined
COMMAND: POST /session/8b5e6cfdfc03247abf4ed7f1414f820f/element - {"using":"xpath","value":"//*[@id=\"__tile25\"]"}
RESULT: {"using":"xpath","value":"//*[@id=\"__tile25\"]"}
COMMAND: POST /session/8b5e6cfdfc03247abf4ed7f1414f820f/element/f.38C819845B9EC31E5A88AE0F72095084.d.B280598FAD7714C737ABF0940DA30B41.e.75/click - {}
RESULT: {}
COMMAND: GET /session/8b5e6cfdfc03247abf4ed7f1414f820f/screenshot - {}
RESULT: {}
RESULT: undefined
RESULT: undefined
RESULT: undefined
COMMAND: POST /session/8b5e6cfdfc03247abf4ed7f1414f820f/elements - {"using":"xpath","value":"//span[text()='Error']"}
RESULT: {"using":"xpath","value":"//span[text()='Error']"}
COMMAND: POST /session/8b5e6cfdfc03247abf4ed7f1414f820f/execute/async - {"script":"<script> [1562 bytes]","args":[{"selector":{"controlType":"sap.m.GenericTile","viewName":"bbs.dxcw.migration.view.Home","i18NText":{"propertyName":"header","key":"migrationService"}},"wdio_ui5_key":"bbsdxcw.migration.view.Homesap.m.GenericTile{\"propertyName\":\"header\",\"key\":\"migrationService\"}"}]}
RESULT: {"script":"<script> [1562 bytes]","args":[{"selector":{"controlType":"sap.m.GenericTile","viewName":"bbs.dxcw.migration.view.Home","i18NText":{"propertyName":"header","key":"migrationService"}},"wdio_ui5_key":"bbsdxcw.migration.view.Homesap.m.GenericTile{\"propertyName\":\"header\",\"key\":\"migrationService\"}"}]}
RESULT: undefined
COMMAND: POST /session/8b5e6cfdfc03247abf4ed7f1414f820f/element - {"using":"xpath","value":"//*[@id=\"__tile26\"]"}
RESULT: {"using":"xpath","value":"//*[@id=\"__tile26\"]"}
COMMAND: POST /session/8b5e6cfdfc03247abf4ed7f1414f820f/element/f.38C819845B9EC31E5A88AE0F72095084.d.B280598FAD7714C737ABF0940DA30B41.e.121/click - {}
RESULT: {}
COMMAND: GET /session/8b5e6cfdfc03247abf4ed7f1414f820f/screenshot - {}
RESULT: {}
COMMAND: POST /session/8b5e6cfdfc03247abf4ed7f1414f820f/element - {"using":"xpath","value":"//bdi[contains(text(), \"Create new Draft\")]"}
RESULT: {"using":"xpath","value":"//bdi[contains(text(), \"Create new Draft\")]"}
COMMAND: POST /session/8b5e6cfdfc03247abf4ed7f1414f820f/elements - {"using":"xpath","value":"//bdi[contains(text(), \"Create new Draft\")]"}
RESULT: {"using":"xpath","value":"//bdi[contains(text(), \"Create new Draft\")]"}
COMMAND: POST /session/8b5e6cfdfc03247abf4ed7f1414f820f/execute/sync - {"script":"<script> [8489 bytes]","args":[{"element-6066-11e4-a52e-4f735466cecf":"f.38C819845B9EC31E5A88AE0F72095084.d.B280598FAD7714C737ABF0940DA30B41.e.140","ELEMENT":"f.38C819845B9EC31E5A88AE0F72095084.d.B280598FAD7714C737ABF0940DA30B41.e.140"}]}
RESULT: {"script":"<script> [8489 bytes]","args":[{"element-6066-11e4-a52e-4f735466cecf":"f.38C819845B9EC31E5A88AE0F72095084.d.B280598FAD7714C737ABF0940DA30B41.e.140","ELEMENT":"f.38C819845B9EC31E5A88AE0F72095084.d.B280598FAD7714C737ABF0940DA30B41.e.140"}]}
COMMAND: GET /session/8b5e6cfdfc03247abf4ed7f1414f820f/element/f.38C819845B9EC31E5A88AE0F72095084.d.B280598FAD7714C737ABF0940DA30B41.e.140/enabled - {}
COMMAND: GET /session/8b5e6cfdfc03247abf4ed7f1414f820f/screenshot - {}
RESULT: {}
COMMAND: POST /session/8b5e6cfdfc03247abf4ed7f1414f820f/execute/sync - {"script":"<script> [8489 bytes]","args":[{"element-6066-11e4-a52e-4f735466cecf":"f.38C819845B9EC31E5A88AE0F72095084.d.B280598FAD7714C737ABF0940DA30B41.e.140","ELEMENT":"f.38C819845B9EC31E5A88AE0F72095084.d.B280598FAD7714C737ABF0940DA30B41.e.140"}]}
COMMAND: GET /session/8b5e6cfdfc03247abf4ed7f1414f820f/screenshot - {}
RESULT: {}
RESULT: {"script":"<script> [8489 bytes]","args":[{"element-6066-11e4-a52e-4f735466cecf":"f.38C819845B9EC31E5A88AE0F72095084.d.B280598FAD7714C737ABF0940DA30B41.e.140","ELEMENT":"f.38C819845B9EC31E5A88AE0F72095084.d.B280598FAD7714C737ABF0940DA30B41.e.140"}]}
COMMAND: POST /session/8b5e6cfdfc03247abf4ed7f1414f820f/execute/sync - {"script":"<script> [5351 bytes]","args":[{"element-6066-11e4-a52e-4f735466cecf":"f.38C819845B9EC31E5A88AE0F72095084.d.B280598FAD7714C737ABF0940DA30B41.e.140","ELEMENT":"f.38C819845B9EC31E5A88AE0F72095084.d.B280598FAD7714C737ABF0940DA30B41.e.140"}]}
COMMAND: GET /session/8b5e6cfdfc03247abf4ed7f1414f820f/screenshot - {}
RESULT: {}
RESULT: {"script":"<script> [5351 bytes]","args":[{"element-6066-11e4-a52e-4f735466cecf":"f.38C819845B9EC31E5A88AE0F72095084.d.B280598FAD7714C737ABF0940DA30B41.e.140","ELEMENT":"f.38C819845B9EC31E5A88AE0F72095084.d.B280598FAD7714C737ABF0940DA30B41.e.140"}]}
COMMAND: GET /session/8b5e6cfdfc03247abf4ed7f1414f820f/screenshot - {}
RESULT: {}
RESULT: {}
COMMAND: POST /session/8b5e6cfdfc03247abf4ed7f1414f820f/element - {"using":"xpath","value":"//bdi[contains(text(), \"Create new Draft\")]"}
RESULT: {"using":"xpath","value":"//bdi[contains(text(), \"Create new Draft\")]"}
COMMAND: POST /session/8b5e6cfdfc03247abf4ed7f1414f820f/element/f.38C819845B9EC31E5A88AE0F72095084.d.B280598FAD7714C737ABF0940DA30B41.e.140/click - {}
RESULT: {}
COMMAND: GET /session/8b5e6cfdfc03247abf4ed7f1414f820f/screenshot - {}
RESULT: {}
COMMAND: POST /session/8b5e6cfdfc03247abf4ed7f1414f820f/element - {"using":"xpath","value":"//li[.//div[text()=\"Address\"]]"}
RESULT: {"using":"xpath","value":"//li[.//div[text()=\"Address\"]]"}
COMMAND: POST /session/8b5e6cfdfc03247abf4ed7f1414f820f/element/f.38C819845B9EC31E5A88AE0F72095084.d.B280598FAD7714C737ABF0940DA30B41.e.283/click - {}
RESULT: {}
COMMAND: GET /session/8b5e6cfdfc03247abf4ed7f1414f820f/screenshot - {}
COMMAND: POST /session/8b5e6cfdfc03247abf4ed7f1414f820f/file - {"file":"[base64] 7084 bytes"}
RESULT: {}
RESULT: {"file":"[base64] 7084 bytes"}
COMMAND: POST /session/8b5e6cfdfc03247abf4ed7f1414f820f/element - {"using":"xpath","value":"//input[(@type=\"file\") and contains(@id,\"BOList-10-0-1-uploader-fu\")]"}
RESULT: {"using":"xpath","value":"//input[(@type=\"file\") and contains(@id,\"BOList-10-0-1-uploader-fu\")]"}
COMMAND: POST /session/8b5e6cfdfc03247abf4ed7f1414f820f/element/f.38C819845B9EC31E5A88AE0F72095084.d.B280598FAD7714C737ABF0940DA30B41.e.285/clear - {}
RESULT: {}
COMMAND: POST /session/8b5e6cfdfc03247abf4ed7f1414f820f/element/f.38C819845B9EC31E5A88AE0F72095084.d.B280598FAD7714C737ABF0940DA30B41.e.285/value - {"text":"C:\\Windows\\SystemTemp\\scoped_dir4300_1951973721\\upload4300_348746024\\Address.xlsx"}
COMMAND: GET /session/8b5e6cfdfc03247abf4ed7f1414f820f/screenshot - {}
RESULT: {"text":"C:\\Windows\\SystemTemp\\scoped_dir4300_1951973721\\upload4300_348746024\\Address.xlsx"}
COMMAND: GET /session/8b5e6cfdfc03247abf4ed7f1414f820f/screenshot - {}
RESULT: {}
RESULT: {}
COMMAND: POST /session/8b5e6cfdfc03247abf4ed7f1414f820f/element - {"using":"xpath","value":"//bdi[contains(text(), \"Match by name\")]"}
RESULT: {"using":"xpath","value":"//bdi[contains(text(), \"Match by name\")]"}
COMMAND: POST /session/8b5e6cfdfc03247abf4ed7f1414f820f/element/f.38C819845B9EC31E5A88AE0F72095084.d.B280598FAD7714C737ABF0940DA30B41.e.298/click - {}
RESULT: {}
COMMAND: GET /session/8b5e6cfdfc03247abf4ed7f1414f820f/screenshot - {}
RESULT: {}
COMMAND: POST /session/8b5e6cfdfc03247abf4ed7f1414f820f/element - {"using":"xpath","value":"//bdi[text() = \"OK\"]"}
RESULT: {"using":"xpath","value":"//bdi[text() = \"OK\"]"}
COMMAND: POST /session/8b5e6cfdfc03247abf4ed7f1414f820f/element/f.38C819845B9EC31E5A88AE0F72095084.d.B280598FAD7714C737ABF0940DA30B41.e.300/click - {}
RESULT: {}
COMMAND: GET /session/8b5e6cfdfc03247abf4ed7f1414f820f/screenshot - {}
RESULT: {}
COMMAND: POST /session/8b5e6cfdfc03247abf4ed7f1414f820f/element - {"using":"xpath","value":"//button[contains(@id,\"uploadBtn\")]"}
RESULT: {"using":"xpath","value":"//button[contains(@id,\"uploadBtn\")]"}
COMMAND: POST /session/8b5e6cfdfc03247abf4ed7f1414f820f/element/f.38C819845B9EC31E5A88AE0F72095084.d.B280598FAD7714C737ABF0940DA30B41.e.280/click - {}
RESULT: {}
COMMAND: GET /session/8b5e6cfdfc03247abf4ed7f1414f820f/screenshot - {}
RESULT: {}
COMMAND: POST /session/8b5e6cfdfc03247abf4ed7f1414f820f/element - {"using":"xpath","value":"//button[.//bdi[contains(text(),\"Refresh Logs\")]]"}
RESULT: {"using":"xpath","value":"//button[.//bdi[contains(text(),\"Refresh Logs\")]]"}
COMMAND: POST /session/8b5e6cfdfc03247abf4ed7f1414f820f/element/f.38C819845B9EC31E5A88AE0F72095084.d.B280598FAD7714C737ABF0940DA30B41.e.311/click - {}
RESULT: {}
COMMAND: GET /session/8b5e6cfdfc03247abf4ed7f1414f820f/screenshot - {}
RESULT: {}
COMMAND: POST /session/8b5e6cfdfc03247abf4ed7f1414f820f/element - {"using":"xpath","value":"//table[contains(@id,\"customHandoversTable-listUl\")]/tbody/tr[1]/td[4]/span"}
RESULT: {"using":"xpath","value":"//table[contains(@id,\"customHandoversTable-listUl\")]/tbody/tr[1]/td[4]/span"}
COMMAND: POST /session/8b5e6cfdfc03247abf4ed7f1414f820f/execute/sync - {"script":"<script> [56 bytes]","args":[{"element-6066-11e4-a52e-4f735466cecf":"f.38C819845B9EC31E5A88AE0F72095084.d.B280598FAD7714C737ABF0940DA30B41.e.594","ELEMENT":"f.38C819845B9EC31E5A88AE0F72095084.d.B280598FAD7714C737ABF0940DA30B41.e.594"}]}
RESULT: {"script":"<script> [56 bytes]","args":[{"element-6066-11e4-a52e-4f735466cecf":"f.38C819845B9EC31E5A88AE0F72095084.d.B280598FAD7714C737ABF0940DA30B41.e.594","ELEMENT":"f.38C819845B9EC31E5A88AE0F72095084.d.B280598FAD7714C737ABF0940DA30B41.e.594"}]}
COMMAND: POST /session/8b5e6cfdfc03247abf4ed7f1414f820f/element - {"using":"xpath","value":"//table[contains(@id,\"customHandoversTable-listUl\")]/tbody/tr[1]/td[7]/div/span[2]"}
COMMAND: GET /session/8b5e6cfdfc03247abf4ed7f1414f820f/screenshot - {}
RESULT: {"using":"xpath","value":"//table[contains(@id,\"customHandoversTable-listUl\")]/tbody/tr[1]/td[7]/div/span[2]"}
COMMAND: POST /session/8b5e6cfdfc03247abf4ed7f1414f820f/execute/sync - {"script":"<script> [56 bytes]","args":[{"element-6066-11e4-a52e-4f735466cecf":"f.38C819845B9EC31E5A88AE0F72095084.d.B280598FAD7714C737ABF0940DA30B41.e.595","ELEMENT":"f.38C819845B9EC31E5A88AE0F72095084.d.B280598FAD7714C737ABF0940DA30B41.e.595"}]}
RESULT: {}
RESULT: {"script":"<script> [56 bytes]","args":[{"element-6066-11e4-a52e-4f735466cecf":"f.38C819845B9EC31E5A88AE0F72095084.d.B280598FAD7714C737ABF0940DA30B41.e.595","ELEMENT":"f.38C819845B9EC31E5A88AE0F72095084.d.B280598FAD7714C737ABF0940DA30B41.e.595"}]}
COMMAND: POST /session/8b5e6cfdfc03247abf4ed7f1414f820f/element - {"using":"xpath","value":"//table[contains(@id,\"customHandoversTable-listUl\")]/tbody/tr[1]/td[8]/div/span[2]"}
COMMAND: GET /session/8b5e6cfdfc03247abf4ed7f1414f820f/screenshot - {}
RESULT: {"using":"xpath","value":"//table[contains(@id,\"customHandoversTable-listUl\")]/tbody/tr[1]/td[8]/div/span[2]"}
COMMAND: POST /session/8b5e6cfdfc03247abf4ed7f1414f820f/execute/sync - {"script":"<script> [56 bytes]","args":[{"element-6066-11e4-a52e-4f735466cecf":"f.38C819845B9EC31E5A88AE0F72095084.d.B280598FAD7714C737ABF0940DA30B41.e.598","ELEMENT":"f.38C819845B9EC31E5A88AE0F72095084.d.B280598FAD7714C737ABF0940DA30B41.e.598"}]}
RESULT: {}
RESULT: {"script":"<script> [56 bytes]","args":[{"element-6066-11e4-a52e-4f735466cecf":"f.38C819845B9EC31E5A88AE0F72095084.d.B280598FAD7714C737ABF0940DA30B41.e.598","ELEMENT":"f.38C819845B9EC31E5A88AE0F72095084.d.B280598FAD7714C737ABF0940DA30B41.e.598"}]}
COMMAND: GET /session/8b5e6cfdfc03247abf4ed7f1414f820f/screenshot - {}
RESULT: {}
COMMAND: POST /session/8b5e6cfdfc03247abf4ed7f1414f820f/execute/async - {"script":"<script> [1562 bytes]","args":[{"selector":{"controlType":"sap.ui.core.Icon","viewName":"bbs.dxcw.migration.view.migration.MigrationMaster","properties":{"src":{"regex":{"source":"notes"}}}},"wdio_ui5_key":"bbsdxcw.migration.view.migration.MigrationMastersap.ui.core.Icon{\"src\":{\"regex\":{\"source\":\"notes\"}}}"}]}
RESULT: {"script":"<script> [1562 bytes]","args":[{"selector":{"controlType":"sap.ui.core.Icon","viewName":"bbs.dxcw.migration.view.migration.MigrationMaster","properties":{"src":{"regex":{"source":"notes"}}}},"wdio_ui5_key":"bbsdxcw.migration.view.migration.MigrationMastersap.ui.core.Icon{\"src\":{\"regex\":{\"source\":\"notes\"}}}"}]}
RESULT: undefined
COMMAND: POST /session/8b5e6cfdfc03247abf4ed7f1414f820f/element - {"using":"xpath","value":"//*[@id=\"__filter0-icon\"]"}
RESULT: {"using":"xpath","value":"//*[@id=\"__filter0-icon\"]"}
COMMAND: POST /session/8b5e6cfdfc03247abf4ed7f1414f820f/element/f.38C819845B9EC31E5A88AE0F72095084.d.B280598FAD7714C737ABF0940DA30B41.e.599/click - {}
RESULT: {}
COMMAND: GET /session/8b5e6cfdfc03247abf4ed7f1414f820f/screenshot - {}
RESULT: {}
]]></system-out>
    </testcase>
    <testcase classname="chrome.136_0_7103_93.windows.Tests_for_DXCW_CAE_environment,_including_specific_login_to_the_system_US" name="Should upload yard file entry used for later tests as master data US156291" time="46.829">
      <system-out><![CDATA[
COMMAND: POST /session/8b5e6cfdfc03247abf4ed7f1414f820f/element - {"using":"xpath","value":"//bdi[contains(text(), \"Create new Draft\")]"}
RESULT: {"using":"xpath","value":"//bdi[contains(text(), \"Create new Draft\")]"}
COMMAND: POST /session/8b5e6cfdfc03247abf4ed7f1414f820f/element/f.38C819845B9EC31E5A88AE0F72095084.d.B280598FAD7714C737ABF0940DA30B41.e.603/click - {}
RESULT: {}
COMMAND: GET /session/8b5e6cfdfc03247abf4ed7f1414f820f/screenshot - {}
RESULT: {}
COMMAND: POST /session/8b5e6cfdfc03247abf4ed7f1414f820f/element - {"using":"xpath","value":"//li[.//div[text()=\"Yards\"]]"}
RESULT: {"using":"xpath","value":"//li[.//div[text()=\"Yards\"]]"}
COMMAND: POST /session/8b5e6cfdfc03247abf4ed7f1414f820f/element/f.38C819845B9EC31E5A88AE0F72095084.d.B280598FAD7714C737ABF0940DA30B41.e.725/click - {}
RESULT: {}
COMMAND: GET /session/8b5e6cfdfc03247abf4ed7f1414f820f/screenshot - {}
COMMAND: POST /session/8b5e6cfdfc03247abf4ed7f1414f820f/file - {"file":"[base64] 6812 bytes"}
RESULT: {}
RESULT: {"file":"[base64] 6812 bytes"}
COMMAND: POST /session/8b5e6cfdfc03247abf4ed7f1414f820f/element - {"using":"xpath","value":"//input[(@type=\"file\") and contains(@id,\"BOList-15-0-1-uploader-fu\")]"}
RESULT: {"using":"xpath","value":"//input[(@type=\"file\") and contains(@id,\"BOList-15-0-1-uploader-fu\")]"}
COMMAND: POST /session/8b5e6cfdfc03247abf4ed7f1414f820f/element/f.38C819845B9EC31E5A88AE0F72095084.d.B280598FAD7714C737ABF0940DA30B41.e.728/clear - {}
RESULT: {}
COMMAND: POST /session/8b5e6cfdfc03247abf4ed7f1414f820f/element/f.38C819845B9EC31E5A88AE0F72095084.d.B280598FAD7714C737ABF0940DA30B41.e.728/value - {"text":"C:\\Windows\\SystemTemp\\scoped_dir4300_1951973721\\upload4300_392035339\\Yards.xlsx"}
COMMAND: GET /session/8b5e6cfdfc03247abf4ed7f1414f820f/screenshot - {}
RESULT: {"text":"C:\\Windows\\SystemTemp\\scoped_dir4300_1951973721\\upload4300_392035339\\Yards.xlsx"}
COMMAND: GET /session/8b5e6cfdfc03247abf4ed7f1414f820f/screenshot - {}
RESULT: {}
RESULT: {}
COMMAND: POST /session/8b5e6cfdfc03247abf4ed7f1414f820f/element - {"using":"xpath","value":"//bdi[contains(text(), \"Match by name\")]"}
RESULT: {"using":"xpath","value":"//bdi[contains(text(), \"Match by name\")]"}
COMMAND: POST /session/8b5e6cfdfc03247abf4ed7f1414f820f/element/f.38C819845B9EC31E5A88AE0F72095084.d.B280598FAD7714C737ABF0940DA30B41.e.736/click - {}
RESULT: {}
COMMAND: GET /session/8b5e6cfdfc03247abf4ed7f1414f820f/screenshot - {}
RESULT: {}
COMMAND: POST /session/8b5e6cfdfc03247abf4ed7f1414f820f/element - {"using":"xpath","value":"//bdi[text() = \"OK\"]"}
RESULT: {"using":"xpath","value":"//bdi[text() = \"OK\"]"}
COMMAND: POST /session/8b5e6cfdfc03247abf4ed7f1414f820f/element/f.38C819845B9EC31E5A88AE0F72095084.d.B280598FAD7714C737ABF0940DA30B41.e.738/click - {}
RESULT: {}
COMMAND: GET /session/8b5e6cfdfc03247abf4ed7f1414f820f/screenshot - {}
RESULT: {}
COMMAND: POST /session/8b5e6cfdfc03247abf4ed7f1414f820f/element - {"using":"xpath","value":"//button[contains(@id,\"uploadBtn\")]"}
RESULT: {"using":"xpath","value":"//button[contains(@id,\"uploadBtn\")]"}
COMMAND: POST /session/8b5e6cfdfc03247abf4ed7f1414f820f/element/f.38C819845B9EC31E5A88AE0F72095084.d.B280598FAD7714C737ABF0940DA30B41.e.280/click - {}
RESULT: {}
COMMAND: GET /session/8b5e6cfdfc03247abf4ed7f1414f820f/screenshot - {}
RESULT: {}
COMMAND: POST /session/8b5e6cfdfc03247abf4ed7f1414f820f/element - {"using":"xpath","value":"//button[.//bdi[contains(text(),\"Refresh Logs\")]]"}
RESULT: {"using":"xpath","value":"//button[.//bdi[contains(text(),\"Refresh Logs\")]]"}
COMMAND: POST /session/8b5e6cfdfc03247abf4ed7f1414f820f/element/f.38C819845B9EC31E5A88AE0F72095084.d.B280598FAD7714C737ABF0940DA30B41.e.744/click - {}
RESULT: {}
COMMAND: GET /session/8b5e6cfdfc03247abf4ed7f1414f820f/screenshot - {}
RESULT: {}
COMMAND: POST /session/8b5e6cfdfc03247abf4ed7f1414f820f/element - {"using":"xpath","value":"//table[contains(@id,\"customHandoversTable-listUl\")]/tbody/tr[1]/td[4]/span"}
RESULT: {"using":"xpath","value":"//table[contains(@id,\"customHandoversTable-listUl\")]/tbody/tr[1]/td[4]/span"}
COMMAND: POST /session/8b5e6cfdfc03247abf4ed7f1414f820f/execute/sync - {"script":"<script> [56 bytes]","args":[{"element-6066-11e4-a52e-4f735466cecf":"f.38C819845B9EC31E5A88AE0F72095084.d.B280598FAD7714C737ABF0940DA30B41.e.1027","ELEMENT":"f.38C819845B9EC31E5A88AE0F72095084.d.B280598FAD7714C737ABF0940DA30B41.e.1027"}]}
RESULT: {"script":"<script> [56 bytes]","args":[{"element-6066-11e4-a52e-4f735466cecf":"f.38C819845B9EC31E5A88AE0F72095084.d.B280598FAD7714C737ABF0940DA30B41.e.1027","ELEMENT":"f.38C819845B9EC31E5A88AE0F72095084.d.B280598FAD7714C737ABF0940DA30B41.e.1027"}]}
COMMAND: POST /session/8b5e6cfdfc03247abf4ed7f1414f820f/element - {"using":"xpath","value":"//table[contains(@id,\"customHandoversTable-listUl\")]/tbody/tr[1]/td[7]/div/span[2]"}
COMMAND: GET /session/8b5e6cfdfc03247abf4ed7f1414f820f/screenshot - {}
RESULT: {"using":"xpath","value":"//table[contains(@id,\"customHandoversTable-listUl\")]/tbody/tr[1]/td[7]/div/span[2]"}
COMMAND: POST /session/8b5e6cfdfc03247abf4ed7f1414f820f/execute/sync - {"script":"<script> [56 bytes]","args":[{"element-6066-11e4-a52e-4f735466cecf":"f.38C819845B9EC31E5A88AE0F72095084.d.B280598FAD7714C737ABF0940DA30B41.e.1028","ELEMENT":"f.38C819845B9EC31E5A88AE0F72095084.d.B280598FAD7714C737ABF0940DA30B41.e.1028"}]}
RESULT: {}
RESULT: {"script":"<script> [56 bytes]","args":[{"element-6066-11e4-a52e-4f735466cecf":"f.38C819845B9EC31E5A88AE0F72095084.d.B280598FAD7714C737ABF0940DA30B41.e.1028","ELEMENT":"f.38C819845B9EC31E5A88AE0F72095084.d.B280598FAD7714C737ABF0940DA30B41.e.1028"}]}
COMMAND: POST /session/8b5e6cfdfc03247abf4ed7f1414f820f/element - {"using":"xpath","value":"//table[contains(@id,\"customHandoversTable-listUl\")]/tbody/tr[1]/td[8]/div/span[2]"}
COMMAND: GET /session/8b5e6cfdfc03247abf4ed7f1414f820f/screenshot - {}
RESULT: {"using":"xpath","value":"//table[contains(@id,\"customHandoversTable-listUl\")]/tbody/tr[1]/td[8]/div/span[2]"}
COMMAND: POST /session/8b5e6cfdfc03247abf4ed7f1414f820f/execute/sync - {"script":"<script> [56 bytes]","args":[{"element-6066-11e4-a52e-4f735466cecf":"f.38C819845B9EC31E5A88AE0F72095084.d.B280598FAD7714C737ABF0940DA30B41.e.1031","ELEMENT":"f.38C819845B9EC31E5A88AE0F72095084.d.B280598FAD7714C737ABF0940DA30B41.e.1031"}]}
RESULT: {}
RESULT: {"script":"<script> [56 bytes]","args":[{"element-6066-11e4-a52e-4f735466cecf":"f.38C819845B9EC31E5A88AE0F72095084.d.B280598FAD7714C737ABF0940DA30B41.e.1031","ELEMENT":"f.38C819845B9EC31E5A88AE0F72095084.d.B280598FAD7714C737ABF0940DA30B41.e.1031"}]}
COMMAND: GET /session/8b5e6cfdfc03247abf4ed7f1414f820f/screenshot - {}
RESULT: {}
RESULT: undefined
COMMAND: POST /session/8b5e6cfdfc03247abf4ed7f1414f820f/element - {"using":"xpath","value":"//*[@id=\"__filter0-icon\"]"}
RESULT: {"using":"xpath","value":"//*[@id=\"__filter0-icon\"]"}
COMMAND: POST /session/8b5e6cfdfc03247abf4ed7f1414f820f/element/f.38C819845B9EC31E5A88AE0F72095084.d.B280598FAD7714C737ABF0940DA30B41.e.599/click - {}
RESULT: {}
COMMAND: GET /session/8b5e6cfdfc03247abf4ed7f1414f820f/screenshot - {}
RESULT: {}
]]></system-out>
    </testcase>
    <testcase classname="chrome.136_0_7103_93.windows.Tests_for_DXCW_CAE_environment,_including_specific_login_to_the_system_US" name="Should upload compound partner files entry used for later tests as master data US156291" time="62.28">
      <system-out><![CDATA[
COMMAND: POST /session/8b5e6cfdfc03247abf4ed7f1414f820f/element - {"using":"xpath","value":"//bdi[contains(text(), \"Create new Draft\")]"}
RESULT: {"using":"xpath","value":"//bdi[contains(text(), \"Create new Draft\")]"}
COMMAND: POST /session/8b5e6cfdfc03247abf4ed7f1414f820f/element/f.38C819845B9EC31E5A88AE0F72095084.d.B280598FAD7714C737ABF0940DA30B41.e.1035/click - {}
RESULT: {}
COMMAND: GET /session/8b5e6cfdfc03247abf4ed7f1414f820f/screenshot - {}
RESULT: {}
COMMAND: POST /session/8b5e6cfdfc03247abf4ed7f1414f820f/element - {"using":"xpath","value":"//li[.//div[text()=\"Partners\"]]"}
RESULT: {"using":"xpath","value":"//li[.//div[text()=\"Partners\"]]"}
COMMAND: POST /session/8b5e6cfdfc03247abf4ed7f1414f820f/element/f.38C819845B9EC31E5A88AE0F72095084.d.B280598FAD7714C737ABF0940DA30B41.e.1149/click - {}
RESULT: {}
COMMAND: GET /session/8b5e6cfdfc03247abf4ed7f1414f820f/screenshot - {}
COMMAND: POST /session/8b5e6cfdfc03247abf4ed7f1414f820f/file - {"file":"[base64] 6752 bytes"}
RESULT: {}
RESULT: {"file":"[base64] 6752 bytes"}
COMMAND: POST /session/8b5e6cfdfc03247abf4ed7f1414f820f/element - {"using":"xpath","value":"//input[(@type=\"file\") and contains(@id,\"BOList-4-0-1-uploader-fu\")]"}
RESULT: {"using":"xpath","value":"//input[(@type=\"file\") and contains(@id,\"BOList-4-0-1-uploader-fu\")]"}
COMMAND: POST /session/8b5e6cfdfc03247abf4ed7f1414f820f/element/f.38C819845B9EC31E5A88AE0F72095084.d.B280598FAD7714C737ABF0940DA30B41.e.1158/clear - {}
RESULT: {}
COMMAND: POST /session/8b5e6cfdfc03247abf4ed7f1414f820f/element/f.38C819845B9EC31E5A88AE0F72095084.d.B280598FAD7714C737ABF0940DA30B41.e.1158/value - {"text":"C:\\Windows\\SystemTemp\\scoped_dir4300_1951973721\\upload4300_1164022393\\Partners.xlsx"}
COMMAND: GET /session/8b5e6cfdfc03247abf4ed7f1414f820f/screenshot - {}
RESULT: {"text":"C:\\Windows\\SystemTemp\\scoped_dir4300_1951973721\\upload4300_1164022393\\Partners.xlsx"}
COMMAND: GET /session/8b5e6cfdfc03247abf4ed7f1414f820f/screenshot - {}
RESULT: {}
RESULT: {}
COMMAND: POST /session/8b5e6cfdfc03247abf4ed7f1414f820f/element - {"using":"xpath","value":"//bdi[contains(text(), \"Match by name\")]"}
RESULT: {"using":"xpath","value":"//bdi[contains(text(), \"Match by name\")]"}
COMMAND: POST /session/8b5e6cfdfc03247abf4ed7f1414f820f/element/f.38C819845B9EC31E5A88AE0F72095084.d.B280598FAD7714C737ABF0940DA30B41.e.1169/click - {}
RESULT: {}
COMMAND: GET /session/8b5e6cfdfc03247abf4ed7f1414f820f/screenshot - {}
RESULT: {}
COMMAND: POST /session/8b5e6cfdfc03247abf4ed7f1414f820f/element - {"using":"xpath","value":"//bdi[text() = \"OK\"]"}
RESULT: {"using":"xpath","value":"//bdi[text() = \"OK\"]"}
COMMAND: POST /session/8b5e6cfdfc03247abf4ed7f1414f820f/element/f.38C819845B9EC31E5A88AE0F72095084.d.B280598FAD7714C737ABF0940DA30B41.e.1170/click - {}
RESULT: {}
COMMAND: GET /session/8b5e6cfdfc03247abf4ed7f1414f820f/screenshot - {}
RESULT: {}
COMMAND: POST /session/8b5e6cfdfc03247abf4ed7f1414f820f/file - {"file":"[base64] 6428 bytes"}
RESULT: {"file":"[base64] 6428 bytes"}
COMMAND: POST /session/8b5e6cfdfc03247abf4ed7f1414f820f/element - {"using":"xpath","value":"//input[(@type=\"file\") and contains(@id,\"BOList-4-1-1-uploader-fu\")]"}
RESULT: {"using":"xpath","value":"//input[(@type=\"file\") and contains(@id,\"BOList-4-1-1-uploader-fu\")]"}
COMMAND: POST /session/8b5e6cfdfc03247abf4ed7f1414f820f/element/f.38C819845B9EC31E5A88AE0F72095084.d.B280598FAD7714C737ABF0940DA30B41.e.1173/clear - {}
RESULT: {}
COMMAND: POST /session/8b5e6cfdfc03247abf4ed7f1414f820f/element/f.38C819845B9EC31E5A88AE0F72095084.d.B280598FAD7714C737ABF0940DA30B41.e.1173/value - {"text":"C:\\Windows\\SystemTemp\\scoped_dir4300_1951973721\\upload4300_1068790854\\YardsPartners.xlsx"}
COMMAND: GET /session/8b5e6cfdfc03247abf4ed7f1414f820f/screenshot - {}
RESULT: {"text":"C:\\Windows\\SystemTemp\\scoped_dir4300_1951973721\\upload4300_1068790854\\YardsPartners.xlsx"}
COMMAND: GET /session/8b5e6cfdfc03247abf4ed7f1414f820f/screenshot - {}
RESULT: {}
RESULT: {}
COMMAND: POST /session/8b5e6cfdfc03247abf4ed7f1414f820f/element - {"using":"xpath","value":"//bdi[contains(text(), \"Match by name\")]"}
RESULT: {"using":"xpath","value":"//bdi[contains(text(), \"Match by name\")]"}
COMMAND: POST /session/8b5e6cfdfc03247abf4ed7f1414f820f/element/f.38C819845B9EC31E5A88AE0F72095084.d.B280598FAD7714C737ABF0940DA30B41.e.1181/click - {}
RESULT: {}
COMMAND: GET /session/8b5e6cfdfc03247abf4ed7f1414f820f/screenshot - {}
RESULT: {}
COMMAND: POST /session/8b5e6cfdfc03247abf4ed7f1414f820f/element - {"using":"xpath","value":"//bdi[text() = \"OK\"]"}
RESULT: {"using":"xpath","value":"//bdi[text() = \"OK\"]"}
COMMAND: POST /session/8b5e6cfdfc03247abf4ed7f1414f820f/element/f.38C819845B9EC31E5A88AE0F72095084.d.B280598FAD7714C737ABF0940DA30B41.e.1183/click - {}
RESULT: {}
COMMAND: GET /session/8b5e6cfdfc03247abf4ed7f1414f820f/screenshot - {}
RESULT: {}
COMMAND: POST /session/8b5e6cfdfc03247abf4ed7f1414f820f/execute/async - {"script":"<script> [1562 bytes]","args":[{"selector":{"controlType":"sap.m.Switch","viewName":"bbs.dxcw.migration.view.migration.MigrationNewDraft","bindingPath":{"path":"","propertyPath":"/isComposition","modelName":"ContentModel"},"interaction":{"idSuffix":"textoff"}},"wdio_ui5_key":"bbsdxcw.migration.view.migration.MigrationNewDraftsap.m.Switch{\"path\":\"\",\"propertyPath\":\"/isComposition\",\"modelName\":\"ContentModel\"}"}]}
RESULT: {"script":"<script> [1562 bytes]","args":[{"selector":{"controlType":"sap.m.Switch","viewName":"bbs.dxcw.migration.view.migration.MigrationNewDraft","bindingPath":{"path":"","propertyPath":"/isComposition","modelName":"ContentModel"},"interaction":{"idSuffix":"textoff"}},"wdio_ui5_key":"bbsdxcw.migration.view.migration.MigrationNewDraftsap.m.Switch{\"path\":\"\",\"propertyPath\":\"/isComposition\",\"modelName\":\"ContentModel\"}"}]}
RESULT: undefined
COMMAND: POST /session/8b5e6cfdfc03247abf4ed7f1414f820f/element - {"using":"xpath","value":"//*[@id=\"__switch0\"]"}
RESULT: {"using":"xpath","value":"//*[@id=\"__switch0\"]"}
COMMAND: POST /session/8b5e6cfdfc03247abf4ed7f1414f820f/element/f.38C819845B9EC31E5A88AE0F72095084.d.B280598FAD7714C737ABF0940DA30B41.e.272/click - {}
RESULT: {}
COMMAND: POST /session/8b5e6cfdfc03247abf4ed7f1414f820f/element - {"using":"xpath","value":"//button[contains(@id,\"uploadBtn\")]"}
COMMAND: GET /session/8b5e6cfdfc03247abf4ed7f1414f820f/screenshot - {}
RESULT: {"using":"xpath","value":"//button[contains(@id,\"uploadBtn\")]"}
COMMAND: POST /session/8b5e6cfdfc03247abf4ed7f1414f820f/element/f.38C819845B9EC31E5A88AE0F72095084.d.B280598FAD7714C737ABF0940DA30B41.e.280/click - {}
RESULT: {}
RESULT: {}
COMMAND: GET /session/8b5e6cfdfc03247abf4ed7f1414f820f/screenshot - {}
RESULT: {}
COMMAND: POST /session/8b5e6cfdfc03247abf4ed7f1414f820f/element - {"using":"xpath","value":"//button[.//bdi[contains(text(),\"Refresh Logs\")]]"}
RESULT: {"using":"xpath","value":"//button[.//bdi[contains(text(),\"Refresh Logs\")]]"}
COMMAND: POST /session/8b5e6cfdfc03247abf4ed7f1414f820f/element/f.38C819845B9EC31E5A88AE0F72095084.d.B280598FAD7714C737ABF0940DA30B41.e.1193/click - {}
RESULT: {}
COMMAND: GET /session/8b5e6cfdfc03247abf4ed7f1414f820f/screenshot - {}
RESULT: {}
COMMAND: POST /session/8b5e6cfdfc03247abf4ed7f1414f820f/element - {"using":"xpath","value":"//table[contains(@id,\"customHandoversTable-listUl\")]/tbody/tr[1]/td[4]/span"}
RESULT: {"using":"xpath","value":"//table[contains(@id,\"customHandoversTable-listUl\")]/tbody/tr[1]/td[4]/span"}
COMMAND: POST /session/8b5e6cfdfc03247abf4ed7f1414f820f/execute/sync - {"script":"<script> [56 bytes]","args":[{"element-6066-11e4-a52e-4f735466cecf":"f.38C819845B9EC31E5A88AE0F72095084.d.B280598FAD7714C737ABF0940DA30B41.e.1477","ELEMENT":"f.38C819845B9EC31E5A88AE0F72095084.d.B280598FAD7714C737ABF0940DA30B41.e.1477"}]}
RESULT: {"script":"<script> [56 bytes]","args":[{"element-6066-11e4-a52e-4f735466cecf":"f.38C819845B9EC31E5A88AE0F72095084.d.B280598FAD7714C737ABF0940DA30B41.e.1477","ELEMENT":"f.38C819845B9EC31E5A88AE0F72095084.d.B280598FAD7714C737ABF0940DA30B41.e.1477"}]}
COMMAND: POST /session/8b5e6cfdfc03247abf4ed7f1414f820f/element - {"using":"xpath","value":"//table[contains(@id,\"customHandoversTable-listUl\")]/tbody/tr[1]/td[7]/div/span[2]"}
COMMAND: GET /session/8b5e6cfdfc03247abf4ed7f1414f820f/screenshot - {}
RESULT: {"using":"xpath","value":"//table[contains(@id,\"customHandoversTable-listUl\")]/tbody/tr[1]/td[7]/div/span[2]"}
COMMAND: POST /session/8b5e6cfdfc03247abf4ed7f1414f820f/execute/sync - {"script":"<script> [56 bytes]","args":[{"element-6066-11e4-a52e-4f735466cecf":"f.38C819845B9EC31E5A88AE0F72095084.d.B280598FAD7714C737ABF0940DA30B41.e.1478","ELEMENT":"f.38C819845B9EC31E5A88AE0F72095084.d.B280598FAD7714C737ABF0940DA30B41.e.1478"}]}
RESULT: {}
RESULT: {"script":"<script> [56 bytes]","args":[{"element-6066-11e4-a52e-4f735466cecf":"f.38C819845B9EC31E5A88AE0F72095084.d.B280598FAD7714C737ABF0940DA30B41.e.1478","ELEMENT":"f.38C819845B9EC31E5A88AE0F72095084.d.B280598FAD7714C737ABF0940DA30B41.e.1478"}]}
COMMAND: POST /session/8b5e6cfdfc03247abf4ed7f1414f820f/element - {"using":"xpath","value":"//table[contains(@id,\"customHandoversTable-listUl\")]/tbody/tr[1]/td[8]/div/span[2]"}
COMMAND: GET /session/8b5e6cfdfc03247abf4ed7f1414f820f/screenshot - {}
RESULT: {"using":"xpath","value":"//table[contains(@id,\"customHandoversTable-listUl\")]/tbody/tr[1]/td[8]/div/span[2]"}
COMMAND: POST /session/8b5e6cfdfc03247abf4ed7f1414f820f/execute/sync - {"script":"<script> [56 bytes]","args":[{"element-6066-11e4-a52e-4f735466cecf":"f.38C819845B9EC31E5A88AE0F72095084.d.B280598FAD7714C737ABF0940DA30B41.e.1481","ELEMENT":"f.38C819845B9EC31E5A88AE0F72095084.d.B280598FAD7714C737ABF0940DA30B41.e.1481"}]}
RESULT: {}
RESULT: {"script":"<script> [56 bytes]","args":[{"element-6066-11e4-a52e-4f735466cecf":"f.38C819845B9EC31E5A88AE0F72095084.d.B280598FAD7714C737ABF0940DA30B41.e.1481","ELEMENT":"f.38C819845B9EC31E5A88AE0F72095084.d.B280598FAD7714C737ABF0940DA30B41.e.1481"}]}
COMMAND: GET /session/8b5e6cfdfc03247abf4ed7f1414f820f/screenshot - {}
RESULT: {}
RESULT: undefined
COMMAND: POST /session/8b5e6cfdfc03247abf4ed7f1414f820f/element - {"using":"xpath","value":"//*[@id=\"__filter0-icon\"]"}
RESULT: {"using":"xpath","value":"//*[@id=\"__filter0-icon\"]"}
COMMAND: POST /session/8b5e6cfdfc03247abf4ed7f1414f820f/element/f.38C819845B9EC31E5A88AE0F72095084.d.B280598FAD7714C737ABF0940DA30B41.e.599/click - {}
RESULT: {}
COMMAND: GET /session/8b5e6cfdfc03247abf4ed7f1414f820f/screenshot - {}
RESULT: {}
]]></system-out>
    </testcase>
    <testcase classname="chrome.136_0_7103_93.windows.Tests_for_DXCW_CAE_environment,_including_specific_login_to_the_system_US" name="Should upload site file entry used for later tests as master data US156291" time="52.826">
      <system-out><![CDATA[
COMMAND: POST /session/8b5e6cfdfc03247abf4ed7f1414f820f/element - {"using":"xpath","value":"//bdi[contains(text(), \"Create new Draft\")]"}
RESULT: {"using":"xpath","value":"//bdi[contains(text(), \"Create new Draft\")]"}
COMMAND: POST /session/8b5e6cfdfc03247abf4ed7f1414f820f/element/f.38C819845B9EC31E5A88AE0F72095084.d.B280598FAD7714C737ABF0940DA30B41.e.1485/click - {}
RESULT: {}
COMMAND: GET /session/8b5e6cfdfc03247abf4ed7f1414f820f/screenshot - {}
RESULT: {}
COMMAND: POST /session/8b5e6cfdfc03247abf4ed7f1414f820f/element - {"using":"xpath","value":"//li[.//div[text()=\"Sites\"]]"}
RESULT: {"using":"xpath","value":"//li[.//div[text()=\"Sites\"]]"}
COMMAND: POST /session/8b5e6cfdfc03247abf4ed7f1414f820f/element/f.38C819845B9EC31E5A88AE0F72095084.d.B280598FAD7714C737ABF0940DA30B41.e.1154/click - {}
RESULT: {}
COMMAND: GET /session/8b5e6cfdfc03247abf4ed7f1414f820f/screenshot - {}
COMMAND: POST /session/8b5e6cfdfc03247abf4ed7f1414f820f/file - {"file":"[base64] 6440 bytes"}
RESULT: {}
RESULT: {"file":"[base64] 6440 bytes"}
COMMAND: POST /session/8b5e6cfdfc03247abf4ed7f1414f820f/element - {"using":"xpath","value":"//input[(@type=\"file\") and contains(@id,\"BOList-9-0-1-uploader-fu\")]"}
RESULT: {"using":"xpath","value":"//input[(@type=\"file\") and contains(@id,\"BOList-9-0-1-uploader-fu\")]"}
COMMAND: POST /session/8b5e6cfdfc03247abf4ed7f1414f820f/element/f.38C819845B9EC31E5A88AE0F72095084.d.B280598FAD7714C737ABF0940DA30B41.e.1599/clear - {}
RESULT: {}
COMMAND: POST /session/8b5e6cfdfc03247abf4ed7f1414f820f/element/f.38C819845B9EC31E5A88AE0F72095084.d.B280598FAD7714C737ABF0940DA30B41.e.1599/value - {"text":"C:\\Windows\\SystemTemp\\scoped_dir4300_1951973721\\upload4300_1732875152\\Sites.xlsx"}
COMMAND: GET /session/8b5e6cfdfc03247abf4ed7f1414f820f/screenshot - {}
RESULT: {"text":"C:\\Windows\\SystemTemp\\scoped_dir4300_1951973721\\upload4300_1732875152\\Sites.xlsx"}
COMMAND: GET /session/8b5e6cfdfc03247abf4ed7f1414f820f/screenshot - {}
RESULT: {}
RESULT: {}
COMMAND: POST /session/8b5e6cfdfc03247abf4ed7f1414f820f/element - {"using":"xpath","value":"//bdi[contains(text(), \"Match by name\")]"}
RESULT: {"using":"xpath","value":"//bdi[contains(text(), \"Match by name\")]"}
COMMAND: POST /session/8b5e6cfdfc03247abf4ed7f1414f820f/element/f.38C819845B9EC31E5A88AE0F72095084.d.B280598FAD7714C737ABF0940DA30B41.e.1608/click - {}
RESULT: {}
COMMAND: GET /session/8b5e6cfdfc03247abf4ed7f1414f820f/screenshot - {}
RESULT: {}
COMMAND: POST /session/8b5e6cfdfc03247abf4ed7f1414f820f/element - {"using":"xpath","value":"//bdi[text() = \"OK\"]"}
RESULT: {"using":"xpath","value":"//bdi[text() = \"OK\"]"}
COMMAND: POST /session/8b5e6cfdfc03247abf4ed7f1414f820f/element/f.38C819845B9EC31E5A88AE0F72095084.d.B280598FAD7714C737ABF0940DA30B41.e.1609/click - {}
RESULT: {}
COMMAND: GET /session/8b5e6cfdfc03247abf4ed7f1414f820f/screenshot - {}
RESULT: {}
COMMAND: POST /session/8b5e6cfdfc03247abf4ed7f1414f820f/element - {"using":"xpath","value":"//button[contains(@id,\"uploadBtn\")]"}
RESULT: {"using":"xpath","value":"//button[contains(@id,\"uploadBtn\")]"}
COMMAND: POST /session/8b5e6cfdfc03247abf4ed7f1414f820f/element/f.38C819845B9EC31E5A88AE0F72095084.d.B280598FAD7714C737ABF0940DA30B41.e.280/click - {}
RESULT: {}
COMMAND: GET /session/8b5e6cfdfc03247abf4ed7f1414f820f/screenshot - {}
RESULT: {}
COMMAND: POST /session/8b5e6cfdfc03247abf4ed7f1414f820f/element - {"using":"xpath","value":"//button[.//bdi[contains(text(),\"Refresh Logs\")]]"}
RESULT: {"using":"xpath","value":"//button[.//bdi[contains(text(),\"Refresh Logs\")]]"}
COMMAND: POST /session/8b5e6cfdfc03247abf4ed7f1414f820f/element/f.38C819845B9EC31E5A88AE0F72095084.d.B280598FAD7714C737ABF0940DA30B41.e.1617/click - {}
RESULT: {}
COMMAND: GET /session/8b5e6cfdfc03247abf4ed7f1414f820f/screenshot - {}
RESULT: {}
COMMAND: POST /session/8b5e6cfdfc03247abf4ed7f1414f820f/element - {"using":"xpath","value":"//table[contains(@id,\"customHandoversTable-listUl\")]/tbody/tr[1]/td[4]/span"}
RESULT: {"using":"xpath","value":"//table[contains(@id,\"customHandoversTable-listUl\")]/tbody/tr[1]/td[4]/span"}
COMMAND: POST /session/8b5e6cfdfc03247abf4ed7f1414f820f/execute/sync - {"script":"<script> [56 bytes]","args":[{"element-6066-11e4-a52e-4f735466cecf":"f.38C819845B9EC31E5A88AE0F72095084.d.B280598FAD7714C737ABF0940DA30B41.e.1905","ELEMENT":"f.38C819845B9EC31E5A88AE0F72095084.d.B280598FAD7714C737ABF0940DA30B41.e.1905"}]}
RESULT: {"script":"<script> [56 bytes]","args":[{"element-6066-11e4-a52e-4f735466cecf":"f.38C819845B9EC31E5A88AE0F72095084.d.B280598FAD7714C737ABF0940DA30B41.e.1905","ELEMENT":"f.38C819845B9EC31E5A88AE0F72095084.d.B280598FAD7714C737ABF0940DA30B41.e.1905"}]}
COMMAND: POST /session/8b5e6cfdfc03247abf4ed7f1414f820f/element - {"using":"xpath","value":"//table[contains(@id,\"customHandoversTable-listUl\")]/tbody/tr[1]/td[7]/div/span[2]"}
COMMAND: GET /session/8b5e6cfdfc03247abf4ed7f1414f820f/screenshot - {}
RESULT: {"using":"xpath","value":"//table[contains(@id,\"customHandoversTable-listUl\")]/tbody/tr[1]/td[7]/div/span[2]"}
COMMAND: POST /session/8b5e6cfdfc03247abf4ed7f1414f820f/execute/sync - {"script":"<script> [56 bytes]","args":[{"element-6066-11e4-a52e-4f735466cecf":"f.38C819845B9EC31E5A88AE0F72095084.d.B280598FAD7714C737ABF0940DA30B41.e.1906","ELEMENT":"f.38C819845B9EC31E5A88AE0F72095084.d.B280598FAD7714C737ABF0940DA30B41.e.1906"}]}
RESULT: {}
RESULT: {"script":"<script> [56 bytes]","args":[{"element-6066-11e4-a52e-4f735466cecf":"f.38C819845B9EC31E5A88AE0F72095084.d.B280598FAD7714C737ABF0940DA30B41.e.1906","ELEMENT":"f.38C819845B9EC31E5A88AE0F72095084.d.B280598FAD7714C737ABF0940DA30B41.e.1906"}]}
COMMAND: POST /session/8b5e6cfdfc03247abf4ed7f1414f820f/element - {"using":"xpath","value":"//table[contains(@id,\"customHandoversTable-listUl\")]/tbody/tr[1]/td[8]/div/span[2]"}
COMMAND: GET /session/8b5e6cfdfc03247abf4ed7f1414f820f/screenshot - {}
RESULT: {"using":"xpath","value":"//table[contains(@id,\"customHandoversTable-listUl\")]/tbody/tr[1]/td[8]/div/span[2]"}
COMMAND: POST /session/8b5e6cfdfc03247abf4ed7f1414f820f/execute/sync - {"script":"<script> [56 bytes]","args":[{"element-6066-11e4-a52e-4f735466cecf":"f.38C819845B9EC31E5A88AE0F72095084.d.B280598FAD7714C737ABF0940DA30B41.e.1909","ELEMENT":"f.38C819845B9EC31E5A88AE0F72095084.d.B280598FAD7714C737ABF0940DA30B41.e.1909"}]}
RESULT: {}
RESULT: {"script":"<script> [56 bytes]","args":[{"element-6066-11e4-a52e-4f735466cecf":"f.38C819845B9EC31E5A88AE0F72095084.d.B280598FAD7714C737ABF0940DA30B41.e.1909","ELEMENT":"f.38C819845B9EC31E5A88AE0F72095084.d.B280598FAD7714C737ABF0940DA30B41.e.1909"}]}
COMMAND: GET /session/8b5e6cfdfc03247abf4ed7f1414f820f/screenshot - {}
RESULT: {}
RESULT: undefined
COMMAND: POST /session/8b5e6cfdfc03247abf4ed7f1414f820f/element - {"using":"xpath","value":"//*[@id=\"__filter0-icon\"]"}
RESULT: {"using":"xpath","value":"//*[@id=\"__filter0-icon\"]"}
COMMAND: POST /session/8b5e6cfdfc03247abf4ed7f1414f820f/element/f.38C819845B9EC31E5A88AE0F72095084.d.B280598FAD7714C737ABF0940DA30B41.e.599/click - {}
RESULT: {}
COMMAND: GET /session/8b5e6cfdfc03247abf4ed7f1414f820f/screenshot - {}
RESULT: {}
COMMAND: POST /session/8b5e6cfdfc03247abf4ed7f1414f820f/element - {"using":"css selector","value":"#shell-header-logo"}
RESULT: {"using":"css selector","value":"#shell-header-logo"}
COMMAND: POST /session/8b5e6cfdfc03247abf4ed7f1414f820f/element/f.38C819845B9EC31E5A88AE0F72095084.d.B280598FAD7714C737ABF0940DA30B41.e.119/click - {}
RESULT: {}
COMMAND: GET /session/8b5e6cfdfc03247abf4ed7f1414f820f/screenshot - {}
RESULT: {}
COMMAND: POST /session/8b5e6cfdfc03247abf4ed7f1414f820f/element - {"using":"css selector","value":"#j_username"}
COMMAND: POST /session/8b5e6cfdfc03247abf4ed7f1414f820f/url - {"url":"https://qa-testing-00-live-etm-ui.cfapps.eu10-004.hana.ondemand.com/"}
RESULT: {"using":"css selector","value":"#j_username"}
COMMAND: POST /session/8b5e6cfdfc03247abf4ed7f1414f820f/element - {"using":"css selector","value":"#j_username"}
RESULT: {"url":"https://qa-testing-00-live-etm-ui.cfapps.eu10-004.hana.ondemand.com/"}
RESULT: undefined
COMMAND: GET /session/8b5e6cfdfc03247abf4ed7f1414f820f/screenshot - {}
RESULT: {"using":"css selector","value":"#j_username"}
COMMAND: POST /session/8b5e6cfdfc03247abf4ed7f1414f820f/element - {"using":"css selector","value":"#shell-header-logo"}
RESULT: {}
RESULT: {"using":"css selector","value":"#shell-header-logo"}
COMMAND: POST /session/8b5e6cfdfc03247abf4ed7f1414f820f/execute/sync - {"script":"<script> [8489 bytes]","args":[{"element-6066-11e4-a52e-4f735466cecf":"f.38C819845B9EC31E5A88AE0F72095084.d.523460164854B12311BE392C5D848DAE.e.1924","ELEMENT":"f.38C819845B9EC31E5A88AE0F72095084.d.523460164854B12311BE392C5D848DAE.e.1924"}]}
RESULT: {"script":"<script> [8489 bytes]","args":[{"element-6066-11e4-a52e-4f735466cecf":"f.38C819845B9EC31E5A88AE0F72095084.d.523460164854B12311BE392C5D848DAE.e.1924","ELEMENT":"f.38C819845B9EC31E5A88AE0F72095084.d.523460164854B12311BE392C5D848DAE.e.1924"}]}
COMMAND: POST /session/8b5e6cfdfc03247abf4ed7f1414f820f/element - {"using":"css selector","value":"#shell-header-logo"}
COMMAND: GET /session/8b5e6cfdfc03247abf4ed7f1414f820f/screenshot - {}
RESULT: {"using":"css selector","value":"#shell-header-logo"}
COMMAND: POST /session/8b5e6cfdfc03247abf4ed7f1414f820f/execute/sync - {"script":"<script> [8489 bytes]","args":[{"element-6066-11e4-a52e-4f735466cecf":"f.38C819845B9EC31E5A88AE0F72095084.d.523460164854B12311BE392C5D848DAE.e.1924","ELEMENT":"f.38C819845B9EC31E5A88AE0F72095084.d.523460164854B12311BE392C5D848DAE.e.1924"}]}
RESULT: {}
RESULT: {"script":"<script> [8489 bytes]","args":[{"element-6066-11e4-a52e-4f735466cecf":"f.38C819845B9EC31E5A88AE0F72095084.d.523460164854B12311BE392C5D848DAE.e.1924","ELEMENT":"f.38C819845B9EC31E5A88AE0F72095084.d.523460164854B12311BE392C5D848DAE.e.1924"}]}
COMMAND: POST /session/8b5e6cfdfc03247abf4ed7f1414f820f/execute/sync - {"script":"<script> [5351 bytes]","args":[{"element-6066-11e4-a52e-4f735466cecf":"f.38C819845B9EC31E5A88AE0F72095084.d.523460164854B12311BE392C5D848DAE.e.1924","ELEMENT":"f.38C819845B9EC31E5A88AE0F72095084.d.523460164854B12311BE392C5D848DAE.e.1924"}]}
COMMAND: GET /session/8b5e6cfdfc03247abf4ed7f1414f820f/screenshot - {}
RESULT: {"script":"<script> [5351 bytes]","args":[{"element-6066-11e4-a52e-4f735466cecf":"f.38C819845B9EC31E5A88AE0F72095084.d.523460164854B12311BE392C5D848DAE.e.1924","ELEMENT":"f.38C819845B9EC31E5A88AE0F72095084.d.523460164854B12311BE392C5D848DAE.e.1924"}]}
COMMAND: POST /session/8b5e6cfdfc03247abf4ed7f1414f820f/element - {"using":"css selector","value":"#shell-header-logo"}
COMMAND: GET /session/8b5e6cfdfc03247abf4ed7f1414f820f/screenshot - {}
RESULT: {}
RESULT: {"using":"css selector","value":"#shell-header-logo"}
COMMAND: POST /session/8b5e6cfdfc03247abf4ed7f1414f820f/element/f.38C819845B9EC31E5A88AE0F72095084.d.523460164854B12311BE392C5D848DAE.e.1924/click - {}
RESULT: {}
RESULT: {}
COMMAND: GET /session/8b5e6cfdfc03247abf4ed7f1414f820f/screenshot - {}
RESULT: {}
COMMAND: POST /session/8b5e6cfdfc03247abf4ed7f1414f820f/execute/async - {"script":"<script> [189 bytes]","args":[]}
RESULT: {"script":"<script> [189 bytes]","args":[]}
COMMAND: POST /session/8b5e6cfdfc03247abf4ed7f1414f820f/execute/async - {"script":"<script> [123 bytes]","args":[]}
RESULT: {"script":"<script> [123 bytes]","args":[]}
COMMAND: POST /session/8b5e6cfdfc03247abf4ed7f1414f820f/timeouts - {"script":"<number>"}
RESULT: {"script":"<number>"}
COMMAND: GET /session/8b5e6cfdfc03247abf4ed7f1414f820f/timeouts - {}
RESULT: {}
RESULT: undefined
COMMAND: POST /session/8b5e6cfdfc03247abf4ed7f1414f820f/execute/async - {"script":"<script> [2676 bytes]","args":[]}
RESULT: {"script":"<script> [2676 bytes]","args":[]}
COMMAND: POST /session/8b5e6cfdfc03247abf4ed7f1414f820f/execute/async - {"script":"<script> [2342 bytes]","args":[{"protocol":"http","hostname":"0.0.0.0","path":"/","capabilities":{"browserName":"chrome","goog:chromeOptions":{"binary":"C:\\Program Files\\Google\\Chrome\\Application\\chrome.exe","args":["--start-maximized"]}},"logLevel":"warn","connectionRetryTimeout":120000,"connectionRetryCount":3,"logLevels":{},"enableDirectConnect":true,"strictSSL":true,"_":"65 more keys: [\"cacheDir\",\"port\",\"requestedCapabilities\",\"automationProtocol\",\"baseUrl\",\"waitforInterval\",\"waitforTimeout\",\"onReload\",\"beforeCommand\",\"afterCommand\",\"rootDir\",\"specs\",\"suites\",\"exclude\",\"groupLogsByTestSpec\",\"excludeDriverLogs\",\"bail\",\"framework\",\"reporters\",\"services\",\"maxInstances\",\"maxInstancesPerCapability\",\"injectGlobals\",\"filesToWatch\",\"execArgv\",\"runnerEnv\",\"runner\",\"shard\",\"specFileRetries\",\"specFileRetriesDelay\",\"specFileRetriesDeferred\",\"reporterSyncInterval\",\"reporterSyncTimeout\",\"cucumberFeaturesWithLineNumbers\",\"autoCompileOpts\",\"mochaOpts\",\"jasmineOpts\",\"cucumberOpts\",\"onPrepare\",\"onWorkerStart\",\"onWorkerEnd\",\"before\",\"beforeSession\",\"beforeSuite\",\"beforeHook\",\"beforeTest\",\"afterTest\",\"afterHook\",\"afterSuite\",\"afterSession\",\"after\",\"onComplete\",\"beforeAssertion\",\"afterAssertion\",\"beforeFeature\",\"beforeScenario\",\"beforeStep\",\"afterStep\",\"afterScenario\",\"afterFeature\",\"_\",\"suite\",\"$0\",\"ignoredWorkerServices\",\"wdi5\"]"}]}
RESULT: {"script":"<script> [2342 bytes]","args":[{"protocol":"http","hostname":"0.0.0.0","path":"/","capabilities":{"browserName":"chrome","goog:chromeOptions":{"binary":"C:\\Program Files\\Google\\Chrome\\Application\\chrome.exe","args":["--start-maximized"]}},"logLevel":"warn","connectionRetryTimeout":120000,"connectionRetryCount":3,"logLevels":{},"enableDirectConnect":true,"strictSSL":true,"_":"65 more keys: [\"cacheDir\",\"port\",\"requestedCapabilities\",\"automationProtocol\",\"baseUrl\",\"waitforInterval\",\"waitforTimeout\",\"onReload\",\"beforeCommand\",\"afterCommand\",\"rootDir\",\"specs\",\"suites\",\"exclude\",\"groupLogsByTestSpec\",\"excludeDriverLogs\",\"bail\",\"framework\",\"reporters\",\"services\",\"maxInstances\",\"maxInstancesPerCapability\",\"injectGlobals\",\"filesToWatch\",\"execArgv\",\"runnerEnv\",\"runner\",\"shard\",\"specFileRetries\",\"specFileRetriesDelay\",\"specFileRetriesDeferred\",\"reporterSyncInterval\",\"reporterSyncTimeout\",\"cucumberFeaturesWithLineNumbers\",\"autoCompileOpts\",\"mochaOpts\",\"jasmineOpts\",\"cucumberOpts\",\"onPrepare\",\"onWorkerStart\",\"onWorkerEnd\",\"before\",\"beforeSession\",\"beforeSuite\",\"beforeHook\",\"beforeTest\",\"afterTest\",\"afterHook\",\"afterSuite\",\"afterSession\",\"after\",\"onComplete\",\"beforeAssertion\",\"afterAssertion\",\"beforeFeature\",\"beforeScenario\",\"beforeStep\",\"afterStep\",\"afterScenario\",\"afterFeature\",\"_\",\"suite\",\"$0\",\"ignoredWorkerServices\",\"wdi5\"]"}]}
COMMAND: POST /session/8b5e6cfdfc03247abf4ed7f1414f820f/execute/async - {"script":"<script> [21126 bytes]","args":[35000]}
RESULT: {"script":"<script> [21126 bytes]","args":[35000]}
COMMAND: POST /session/8b5e6cfdfc03247abf4ed7f1414f820f/window/maximize - {}
RESULT: {}
COMMAND: POST /session/8b5e6cfdfc03247abf4ed7f1414f820f/execute/async - {"script":"<script> [1562 bytes]","args":[{"selector":{"id":"shell-header","interaction":{"idSuffix":"icon"}},"wdio_ui5_key":"shellheader"}]}
COMMAND: GET /session/8b5e6cfdfc03247abf4ed7f1414f820f/screenshot - {}
RESULT: {"script":"<script> [1562 bytes]","args":[{"selector":{"id":"shell-header","interaction":{"idSuffix":"icon"}},"wdio_ui5_key":"shellheader"}]}
RESULT: undefined
COMMAND: POST /session/8b5e6cfdfc03247abf4ed7f1414f820f/refresh - {}
RESULT: {}
RESULT: {}
COMMAND: GET /session/8b5e6cfdfc03247abf4ed7f1414f820f/screenshot - {}
RESULT: {}
COMMAND: POST /session/8b5e6cfdfc03247abf4ed7f1414f820f/refresh - {}
RESULT: {}
COMMAND: GET /session/8b5e6cfdfc03247abf4ed7f1414f820f/screenshot - {}
RESULT: {}
COMMAND: POST /session/8b5e6cfdfc03247abf4ed7f1414f820f/window/fullscreen - {}
RESULT: {}
COMMAND: POST /session/8b5e6cfdfc03247abf4ed7f1414f820f/execute/async - {"script":"<script> [189 bytes]","args":[]}
RESULT: {"script":"<script> [189 bytes]","args":[]}
COMMAND: POST /session/8b5e6cfdfc03247abf4ed7f1414f820f/execute/async - {"script":"<script> [123 bytes]","args":[]}
RESULT: {"script":"<script> [123 bytes]","args":[]}
COMMAND: POST /session/8b5e6cfdfc03247abf4ed7f1414f820f/timeouts - {"script":"<number>"}
RESULT: {"script":"<number>"}
COMMAND: GET /session/8b5e6cfdfc03247abf4ed7f1414f820f/timeouts - {}
RESULT: {}
RESULT: undefined
COMMAND: POST /session/8b5e6cfdfc03247abf4ed7f1414f820f/execute/async - {"script":"<script> [2676 bytes]","args":[]}
RESULT: {"script":"<script> [2676 bytes]","args":[]}
COMMAND: POST /session/8b5e6cfdfc03247abf4ed7f1414f820f/execute/async - {"script":"<script> [2342 bytes]","args":[{"protocol":"http","hostname":"0.0.0.0","path":"/","capabilities":{"browserName":"chrome","goog:chromeOptions":{"binary":"C:\\Program Files\\Google\\Chrome\\Application\\chrome.exe","args":["--start-maximized"]}},"logLevel":"warn","connectionRetryTimeout":120000,"connectionRetryCount":3,"logLevels":{},"enableDirectConnect":true,"strictSSL":true,"_":"65 more keys: [\"cacheDir\",\"port\",\"requestedCapabilities\",\"automationProtocol\",\"baseUrl\",\"waitforInterval\",\"waitforTimeout\",\"onReload\",\"beforeCommand\",\"afterCommand\",\"rootDir\",\"specs\",\"suites\",\"exclude\",\"groupLogsByTestSpec\",\"excludeDriverLogs\",\"bail\",\"framework\",\"reporters\",\"services\",\"maxInstances\",\"maxInstancesPerCapability\",\"injectGlobals\",\"filesToWatch\",\"execArgv\",\"runnerEnv\",\"runner\",\"shard\",\"specFileRetries\",\"specFileRetriesDelay\",\"specFileRetriesDeferred\",\"reporterSyncInterval\",\"reporterSyncTimeout\",\"cucumberFeaturesWithLineNumbers\",\"autoCompileOpts\",\"mochaOpts\",\"jasmineOpts\",\"cucumberOpts\",\"onPrepare\",\"onWorkerStart\",\"onWorkerEnd\",\"before\",\"beforeSession\",\"beforeSuite\",\"beforeHook\",\"beforeTest\",\"afterTest\",\"afterHook\",\"afterSuite\",\"afterSession\",\"after\",\"onComplete\",\"beforeAssertion\",\"afterAssertion\",\"beforeFeature\",\"beforeScenario\",\"beforeStep\",\"afterStep\",\"afterScenario\",\"afterFeature\",\"_\",\"suite\",\"$0\",\"ignoredWorkerServices\",\"wdi5\"]"}]}
RESULT: {"script":"<script> [2342 bytes]","args":[{"protocol":"http","hostname":"0.0.0.0","path":"/","capabilities":{"browserName":"chrome","goog:chromeOptions":{"binary":"C:\\Program Files\\Google\\Chrome\\Application\\chrome.exe","args":["--start-maximized"]}},"logLevel":"warn","connectionRetryTimeout":120000,"connectionRetryCount":3,"logLevels":{},"enableDirectConnect":true,"strictSSL":true,"_":"65 more keys: [\"cacheDir\",\"port\",\"requestedCapabilities\",\"automationProtocol\",\"baseUrl\",\"waitforInterval\",\"waitforTimeout\",\"onReload\",\"beforeCommand\",\"afterCommand\",\"rootDir\",\"specs\",\"suites\",\"exclude\",\"groupLogsByTestSpec\",\"excludeDriverLogs\",\"bail\",\"framework\",\"reporters\",\"services\",\"maxInstances\",\"maxInstancesPerCapability\",\"injectGlobals\",\"filesToWatch\",\"execArgv\",\"runnerEnv\",\"runner\",\"shard\",\"specFileRetries\",\"specFileRetriesDelay\",\"specFileRetriesDeferred\",\"reporterSyncInterval\",\"reporterSyncTimeout\",\"cucumberFeaturesWithLineNumbers\",\"autoCompileOpts\",\"mochaOpts\",\"jasmineOpts\",\"cucumberOpts\",\"onPrepare\",\"onWorkerStart\",\"onWorkerEnd\",\"before\",\"beforeSession\",\"beforeSuite\",\"beforeHook\",\"beforeTest\",\"afterTest\",\"afterHook\",\"afterSuite\",\"afterSession\",\"after\",\"onComplete\",\"beforeAssertion\",\"afterAssertion\",\"beforeFeature\",\"beforeScenario\",\"beforeStep\",\"afterStep\",\"afterScenario\",\"afterFeature\",\"_\",\"suite\",\"$0\",\"ignoredWorkerServices\",\"wdi5\"]"}]}
COMMAND: POST /session/8b5e6cfdfc03247abf4ed7f1414f820f/execute/async - {"script":"<script> [21126 bytes]","args":[35000]}
RESULT: {"script":"<script> [21126 bytes]","args":[35000]}
]]></system-out>
    </testcase>
  </testsuite>
  <testsuite timestamp="2025-06-04T05:19:17" time="1121.231" tests="12" failures="6" errors="6" skipped="0">
    <properties>
      <property name="specId" value="0" />
      <property name="suiteName" value="Billing Transfer - Master data &amp; Intercompany US127250" />
      <property name="capabilities" value="chrome.136_0_7103_93.windows" />
      <property name="file" value="file:///D:/a/1/s/test/specs/BTS/billing-transfer-intercompany.spec.js" />
    </properties>
    <testcase classname="chrome.136_0_7103_93.windows.Billing_Transfer_-_Master_data_&amp;_Intercompany_US127250" name="Should create a new yard" time="114.349">
      <system-out><![CDATA[
COMMAND: POST /session/8b5e6cfdfc03247abf4ed7f1414f820f/window/fullscreen - {}
RESULT: {}
COMMAND: POST /session/8b5e6cfdfc03247abf4ed7f1414f820f/execute/async - {"script":"<script> [1562 bytes]","args":[{"selector":{"controlType":"sap.m.GenericTile","properties":{"header":"Manage Yards"}},"wdio_ui5_key":"sapm.GenericTile{\"header\":\"Manage Yards\"}"}]}
RESULT: {"script":"<script> [1562 bytes]","args":[{"selector":{"controlType":"sap.m.GenericTile","properties":{"header":"Manage Yards"}},"wdio_ui5_key":"sapm.GenericTile{\"header\":\"Manage Yards\"}"}]}
RESULT: undefined
COMMAND: POST /session/8b5e6cfdfc03247abf4ed7f1414f820f/element - {"using":"xpath","value":"//*[@id=\"__tile41\"]"}
RESULT: {"using":"xpath","value":"//*[@id=\"__tile41\"]"}
COMMAND: POST /session/8b5e6cfdfc03247abf4ed7f1414f820f/element/f.38C819845B9EC31E5A88AE0F72095084.d.1BB09D6C7ECE2AC943496472AA956A96.e.2064/click - {}
RESULT: {}
COMMAND: GET /session/8b5e6cfdfc03247abf4ed7f1414f820f/screenshot - {}
RESULT: {}
COMMAND: POST /session/8b5e6cfdfc03247abf4ed7f1414f820f/elements - {"using":"xpath","value":"//span[text()='Error']"}
RESULT: {"using":"xpath","value":"//span[text()='Error']"}
COMMAND: POST /session/8b5e6cfdfc03247abf4ed7f1414f820f/element - {"using":"xpath","value":"//button[@data-kt=\"addNewYardOverflowToolbarButton\"]"}
RESULT: {"using":"xpath","value":"//button[@data-kt=\"addNewYardOverflowToolbarButton\"]"}
COMMAND: POST /session/8b5e6cfdfc03247abf4ed7f1414f820f/elements - {"using":"xpath","value":"//button[@data-kt=\"addNewYardOverflowToolbarButton\"]"}
RESULT: {"using":"xpath","value":"//button[@data-kt=\"addNewYardOverflowToolbarButton\"]"}
COMMAND: POST /session/8b5e6cfdfc03247abf4ed7f1414f820f/execute/sync - {"script":"<script> [8489 bytes]","args":[{"element-6066-11e4-a52e-4f735466cecf":"f.38C819845B9EC31E5A88AE0F72095084.d.1BB09D6C7ECE2AC943496472AA956A96.e.2216","ELEMENT":"f.38C819845B9EC31E5A88AE0F72095084.d.1BB09D6C7ECE2AC943496472AA956A96.e.2216"}]}
RESULT: {"script":"<script> [8489 bytes]","args":[{"element-6066-11e4-a52e-4f735466cecf":"f.38C819845B9EC31E5A88AE0F72095084.d.1BB09D6C7ECE2AC943496472AA956A96.e.2216","ELEMENT":"f.38C819845B9EC31E5A88AE0F72095084.d.1BB09D6C7ECE2AC943496472AA956A96.e.2216"}]}
COMMAND: GET /session/8b5e6cfdfc03247abf4ed7f1414f820f/element/f.38C819845B9EC31E5A88AE0F72095084.d.1BB09D6C7ECE2AC943496472AA956A96.e.2216/enabled - {}
COMMAND: GET /session/8b5e6cfdfc03247abf4ed7f1414f820f/screenshot - {}
RESULT: {}
COMMAND: POST /session/8b5e6cfdfc03247abf4ed7f1414f820f/execute/sync - {"script":"<script> [8489 bytes]","args":[{"element-6066-11e4-a52e-4f735466cecf":"f.38C819845B9EC31E5A88AE0F72095084.d.1BB09D6C7ECE2AC943496472AA956A96.e.2216","ELEMENT":"f.38C819845B9EC31E5A88AE0F72095084.d.1BB09D6C7ECE2AC943496472AA956A96.e.2216"}]}
COMMAND: GET /session/8b5e6cfdfc03247abf4ed7f1414f820f/screenshot - {}
RESULT: {}
RESULT: {"script":"<script> [8489 bytes]","args":[{"element-6066-11e4-a52e-4f735466cecf":"f.38C819845B9EC31E5A88AE0F72095084.d.1BB09D6C7ECE2AC943496472AA956A96.e.2216","ELEMENT":"f.38C819845B9EC31E5A88AE0F72095084.d.1BB09D6C7ECE2AC943496472AA956A96.e.2216"}]}
COMMAND: POST /session/8b5e6cfdfc03247abf4ed7f1414f820f/execute/sync - {"script":"<script> [5351 bytes]","args":[{"element-6066-11e4-a52e-4f735466cecf":"f.38C819845B9EC31E5A88AE0F72095084.d.1BB09D6C7ECE2AC943496472AA956A96.e.2216","ELEMENT":"f.38C819845B9EC31E5A88AE0F72095084.d.1BB09D6C7ECE2AC943496472AA956A96.e.2216"}]}
COMMAND: GET /session/8b5e6cfdfc03247abf4ed7f1414f820f/screenshot - {}
RESULT: {}
RESULT: {"script":"<script> [5351 bytes]","args":[{"element-6066-11e4-a52e-4f735466cecf":"f.38C819845B9EC31E5A88AE0F72095084.d.1BB09D6C7ECE2AC943496472AA956A96.e.2216","ELEMENT":"f.38C819845B9EC31E5A88AE0F72095084.d.1BB09D6C7ECE2AC943496472AA956A96.e.2216"}]}
COMMAND: POST /session/8b5e6cfdfc03247abf4ed7f1414f820f/element/f.38C819845B9EC31E5A88AE0F72095084.d.1BB09D6C7ECE2AC943496472AA956A96.e.2216/click - {}
COMMAND: GET /session/8b5e6cfdfc03247abf4ed7f1414f820f/screenshot - {}
RESULT: {}
RESULT: {}
COMMAND: GET /session/8b5e6cfdfc03247abf4ed7f1414f820f/screenshot - {}
RESULT: {}
RESULT: {}
COMMAND: POST /session/8b5e6cfdfc03247abf4ed7f1414f820f/element - {"using":"xpath","value":"//input[@id=\"application-manageyards-display-component---NewYard--yardId-inner\"]"}
RESULT: {"using":"xpath","value":"//input[@id=\"application-manageyards-display-component---NewYard--yardId-inner\"]"}
COMMAND: POST /session/8b5e6cfdfc03247abf4ed7f1414f820f/element - {"using":"xpath","value":"//input[@id=\"application-manageyards-display-component---NewYard--yardId-inner\"]"}
RESULT: {"using":"xpath","value":"//input[@id=\"application-manageyards-display-component---NewYard--yardId-inner\"]"}
COMMAND: POST /session/8b5e6cfdfc03247abf4ed7f1414f820f/execute/async - {"script":"<script> [1562 bytes]","args":[{"selector":{"id":"application-manageyards-display-component---NewYard--addressDetailDetailsName1","interaction":{"idSuffix":"inner"}},"wdio_ui5_key":"applicationmanageyards-display-component---NewYard--addressDetailDetailsName1"}]}
RESULT: {"script":"<script> [1562 bytes]","args":[{"selector":{"id":"application-manageyards-display-component---NewYard--addressDetailDetailsName1","interaction":{"idSuffix":"inner"}},"wdio_ui5_key":"applicationmanageyards-display-component---NewYard--addressDetailDetailsName1"}]}
RESULT: undefined
COMMAND: POST /session/8b5e6cfdfc03247abf4ed7f1414f820f/execute/async - {"script":"<script> [776 bytes]","args":[{"enterText":"Intercompany Yard wdIO","selector":{"id":"application-manageyards-display-component---NewYard--addressDetailDetailsName1","interaction":{"idSuffix":"inner"}},"clearTextFirst":true,"interactionType":"ENTER_TEXT"}]}
RESULT: {"script":"<script> [776 bytes]","args":[{"enterText":"Intercompany Yard wdIO","selector":{"id":"application-manageyards-display-component---NewYard--addressDetailDetailsName1","interaction":{"idSuffix":"inner"}},"clearTextFirst":true,"interactionType":"ENTER_TEXT"}]}
COMMAND: POST /session/8b5e6cfdfc03247abf4ed7f1414f820f/execute/async - {"script":"<script> [1562 bytes]","args":[{"selector":{"id":"application-manageyards-display-component---NewYard--addressDetailDetailsLanguage-arrow"},"wdio_ui5_key":"applicationmanageyards-display-component---NewYard--addressDetailDetailsLanguage-arrow"}]}
RESULT: {"script":"<script> [1562 bytes]","args":[{"selector":{"id":"application-manageyards-display-component---NewYard--addressDetailDetailsLanguage-arrow"},"wdio_ui5_key":"applicationmanageyards-display-component---NewYard--addressDetailDetailsLanguage-arrow"}]}
RESULT: undefined
COMMAND: POST /session/8b5e6cfdfc03247abf4ed7f1414f820f/element - {"using":"xpath","value":"//*[@id=\"application-manageyards-display-component---NewYard--addressDetailDetailsLanguage-arrow\"]"}
RESULT: {"using":"xpath","value":"//*[@id=\"application-manageyards-display-component---NewYard--addressDetailDetailsLanguage-arrow\"]"}
COMMAND: POST /session/8b5e6cfdfc03247abf4ed7f1414f820f/element/f.38C819845B9EC31E5A88AE0F72095084.d.1BB09D6C7ECE2AC943496472AA956A96.e.2656/click - {}
RESULT: {}
COMMAND: POST /session/8b5e6cfdfc03247abf4ed7f1414f820f/element - {"using":"xpath","value":"//span[contains(text(), \"English\")]"}
COMMAND: GET /session/8b5e6cfdfc03247abf4ed7f1414f820f/screenshot - {}
RESULT: {"using":"xpath","value":"//span[contains(text(), \"English\")]"}
COMMAND: POST /session/8b5e6cfdfc03247abf4ed7f1414f820f/element/f.38C819845B9EC31E5A88AE0F72095084.d.1BB09D6C7ECE2AC943496472AA956A96.e.2657/click - {}
RESULT: {}
RESULT: {}
COMMAND: POST /session/8b5e6cfdfc03247abf4ed7f1414f820f/execute/async - {"script":"<script> [1562 bytes]","args":[{"selector":{"id":"application-manageyards-display-component---NewYard--addressDetailDetailsCity1","interaction":{"idSuffix":"inner"}},"wdio_ui5_key":"applicationmanageyards-display-component---NewYard--addressDetailDetailsCity1"}]}
COMMAND: GET /session/8b5e6cfdfc03247abf4ed7f1414f820f/screenshot - {}
RESULT: {"script":"<script> [1562 bytes]","args":[{"selector":{"id":"application-manageyards-display-component---NewYard--addressDetailDetailsCity1","interaction":{"idSuffix":"inner"}},"wdio_ui5_key":"applicationmanageyards-display-component---NewYard--addressDetailDetailsCity1"}]}
RESULT: undefined
COMMAND: POST /session/8b5e6cfdfc03247abf4ed7f1414f820f/execute/async - {"script":"<script> [776 bytes]","args":[{"enterText":"Rosario","selector":{"id":"application-manageyards-display-component---NewYard--addressDetailDetailsCity1","interaction":{"idSuffix":"inner"}},"clearTextFirst":true,"interactionType":"ENTER_TEXT"}]}
RESULT: {}
RESULT: {"script":"<script> [776 bytes]","args":[{"enterText":"Rosario","selector":{"id":"application-manageyards-display-component---NewYard--addressDetailDetailsCity1","interaction":{"idSuffix":"inner"}},"clearTextFirst":true,"interactionType":"ENTER_TEXT"}]}
COMMAND: POST /session/8b5e6cfdfc03247abf4ed7f1414f820f/execute/async - {"script":"<script> [1562 bytes]","args":[{"selector":{"id":"application-manageyards-display-component---NewYard--addressDetailDetailsCountry-arrow"},"wdio_ui5_key":"applicationmanageyards-display-component---NewYard--addressDetailDetailsCountry-arrow"}]}
RESULT: {"script":"<script> [1562 bytes]","args":[{"selector":{"id":"application-manageyards-display-component---NewYard--addressDetailDetailsCountry-arrow"},"wdio_ui5_key":"applicationmanageyards-display-component---NewYard--addressDetailDetailsCountry-arrow"}]}
RESULT: undefined
COMMAND: POST /session/8b5e6cfdfc03247abf4ed7f1414f820f/element - {"using":"xpath","value":"//*[@id=\"application-manageyards-display-component---NewYard--addressDetailDetailsCountry-arrow\"]"}
RESULT: {"using":"xpath","value":"//*[@id=\"application-manageyards-display-component---NewYard--addressDetailDetailsCountry-arrow\"]"}
COMMAND: POST /session/8b5e6cfdfc03247abf4ed7f1414f820f/element/f.38C819845B9EC31E5A88AE0F72095084.d.1BB09D6C7ECE2AC943496472AA956A96.e.2659/click - {}
RESULT: {}
COMMAND: POST /session/8b5e6cfdfc03247abf4ed7f1414f820f/element - {"using":"xpath","value":"//span[contains(text(), \"Argentina\")]"}
COMMAND: GET /session/8b5e6cfdfc03247abf4ed7f1414f820f/screenshot - {}
RESULT: {"using":"xpath","value":"//span[contains(text(), \"Argentina\")]"}
COMMAND: POST /session/8b5e6cfdfc03247abf4ed7f1414f820f/element/f.38C819845B9EC31E5A88AE0F72095084.d.1BB09D6C7ECE2AC943496472AA956A96.e.2661/click - {}
RESULT: {}
RESULT: {}
COMMAND: POST /session/8b5e6cfdfc03247abf4ed7f1414f820f/execute/async - {"script":"<script> [1562 bytes]","args":[{"selector":{"id":"application-manageyards-display-component---NewYard--addressEditDetailsCostObjectCstType-arrow"},"wdio_ui5_key":"applicationmanageyards-display-component---NewYard--addressEditDetailsCostObjectCstType-arrow"}]}
COMMAND: GET /session/8b5e6cfdfc03247abf4ed7f1414f820f/screenshot - {}
RESULT: {"script":"<script> [1562 bytes]","args":[{"selector":{"id":"application-manageyards-display-component---NewYard--addressEditDetailsCostObjectCstType-arrow"},"wdio_ui5_key":"applicationmanageyards-display-component---NewYard--addressEditDetailsCostObjectCstType-arrow"}]}
RESULT: undefined
COMMAND: POST /session/8b5e6cfdfc03247abf4ed7f1414f820f/element - {"using":"xpath","value":"//*[@id=\"application-manageyards-display-component---NewYard--addressEditDetailsCostObjectCstType-arrow\"]"}
RESULT: {}
RESULT: {"using":"xpath","value":"//*[@id=\"application-manageyards-display-component---NewYard--addressEditDetailsCostObjectCstType-arrow\"]"}
COMMAND: POST /session/8b5e6cfdfc03247abf4ed7f1414f820f/element/f.38C819845B9EC31E5A88AE0F72095084.d.1BB09D6C7ECE2AC943496472AA956A96.e.2662/click - {}
RESULT: {}
COMMAND: POST /session/8b5e6cfdfc03247abf4ed7f1414f820f/element - {"using":"xpath","value":"//span[contains(text(), \"Cost Center\")]"}
COMMAND: GET /session/8b5e6cfdfc03247abf4ed7f1414f820f/screenshot - {}
RESULT: {"using":"xpath","value":"//span[contains(text(), \"Cost Center\")]"}
COMMAND: POST /session/8b5e6cfdfc03247abf4ed7f1414f820f/element/f.38C819845B9EC31E5A88AE0F72095084.d.1BB09D6C7ECE2AC943496472AA956A96.e.2663/click - {}
RESULT: {}
RESULT: {}
COMMAND: GET /session/8b5e6cfdfc03247abf4ed7f1414f820f/screenshot - {}
RESULT: {}
COMMAND: POST /session/8b5e6cfdfc03247abf4ed7f1414f820f/element - {"using":"xpath","value":"//span[@id=\"application-manageyards-display-component---NewYard--addressNewCostObjectCstID-vhi\"]"}
RESULT: {"using":"xpath","value":"//span[@id=\"application-manageyards-display-component---NewYard--addressNewCostObjectCstID-vhi\"]"}
COMMAND: POST /session/8b5e6cfdfc03247abf4ed7f1414f820f/execute/sync - {"script":"<script> [8489 bytes]","args":[{"element-6066-11e4-a52e-4f735466cecf":"f.38C819845B9EC31E5A88AE0F72095084.d.1BB09D6C7ECE2AC943496472AA956A96.e.2667","ELEMENT":"f.38C819845B9EC31E5A88AE0F72095084.d.1BB09D6C7ECE2AC943496472AA956A96.e.2667"}]}
RESULT: {"script":"<script> [8489 bytes]","args":[{"element-6066-11e4-a52e-4f735466cecf":"f.38C819845B9EC31E5A88AE0F72095084.d.1BB09D6C7ECE2AC943496472AA956A96.e.2667","ELEMENT":"f.38C819845B9EC31E5A88AE0F72095084.d.1BB09D6C7ECE2AC943496472AA956A96.e.2667"}]}
COMMAND: POST /session/8b5e6cfdfc03247abf4ed7f1414f820f/execute/async - {"script":"<script> [1562 bytes]","args":[{"selector":{"id":"application-manageyards-display-component---NewYard--addressNewCostObjectCstID-vhi"},"wdio_ui5_key":"applicationmanageyards-display-component---NewYard--addressNewCostObjectCstID-vhi"}]}
COMMAND: GET /session/8b5e6cfdfc03247abf4ed7f1414f820f/screenshot - {}
RESULT: {"script":"<script> [1562 bytes]","args":[{"selector":{"id":"application-manageyards-display-component---NewYard--addressNewCostObjectCstID-vhi"},"wdio_ui5_key":"applicationmanageyards-display-component---NewYard--addressNewCostObjectCstID-vhi"}]}
RESULT: undefined
COMMAND: POST /session/8b5e6cfdfc03247abf4ed7f1414f820f/element - {"using":"xpath","value":"//*[@id=\"application-manageyards-display-component---NewYard--addressNewCostObjectCstID-vhi\"]"}
RESULT: {}
RESULT: {"using":"xpath","value":"//*[@id=\"application-manageyards-display-component---NewYard--addressNewCostObjectCstID-vhi\"]"}
COMMAND: POST /session/8b5e6cfdfc03247abf4ed7f1414f820f/element/f.38C819845B9EC31E5A88AE0F72095084.d.1BB09D6C7ECE2AC943496472AA956A96.e.2667/click - {}
RESULT: {}
COMMAND: GET /session/8b5e6cfdfc03247abf4ed7f1414f820f/screenshot - {}
RESULT: {}
COMMAND: POST /session/8b5e6cfdfc03247abf4ed7f1414f820f/execute/async - {"script":"<script> [1562 bytes]","args":[{"selector":{"controlType":"sap.m.SearchField","properties":{"placeholder":"Search"},"searchOpenDialogs":true,"interaction":{"idSuffix":"I"}},"wdio_ui5_key":"sapm.SearchField{\"placeholder\":\"Search\"}"}]}
RESULT: {"script":"<script> [1562 bytes]","args":[{"selector":{"controlType":"sap.m.SearchField","properties":{"placeholder":"Search"},"searchOpenDialogs":true,"interaction":{"idSuffix":"I"}},"wdio_ui5_key":"sapm.SearchField{\"placeholder\":\"Search\"}"}]}
RESULT: undefined
COMMAND: POST /session/8b5e6cfdfc03247abf4ed7f1414f820f/execute/async - {"script":"<script> [776 bytes]","args":[{"enterText":"bauh_b","selector":{"controlType":"sap.m.SearchField","properties":{"placeholder":"Search"},"searchOpenDialogs":true,"interaction":{"idSuffix":"I"}},"clearTextFirst":true,"interactionType":"ENTER_TEXT"}]}
RESULT: {"script":"<script> [776 bytes]","args":[{"enterText":"bauh_b","selector":{"controlType":"sap.m.SearchField","properties":{"placeholder":"Search"},"searchOpenDialogs":true,"interaction":{"idSuffix":"I"}},"clearTextFirst":true,"interactionType":"ENTER_TEXT"}]}
COMMAND: POST /session/8b5e6cfdfc03247abf4ed7f1414f820f/actions - {"actions":[{"id":"action1","type":"key","parameters":{},"actions":[{"type":"keyDown","value":"î€‡"},{"type":"pause","duration":10},{"type":"keyUp","value":"î€‡"}]}]}
RESULT: {"actions":[{"id":"action1","type":"key","parameters":{},"actions":[{"type":"keyDown","value":"î€‡"},{"type":"pause","duration":10},{"type":"keyUp","value":"î€‡"}]}]}
COMMAND: GET /session/8b5e6cfdfc03247abf4ed7f1414f820f/screenshot - {}
RESULT: {}
COMMAND: POST /session/8b5e6cfdfc03247abf4ed7f1414f820f/element - {"using":"xpath","value":"//span[contains(text(), \"Demo Yard\")]"}
RESULT: {"using":"xpath","value":"//span[contains(text(), \"Demo Yard\")]"}
COMMAND: POST /session/8b5e6cfdfc03247abf4ed7f1414f820f/element/f.38C819845B9EC31E5A88AE0F72095084.d.1BB09D6C7ECE2AC943496472AA956A96.e.2707/click - {}
RESULT: {}
COMMAND: GET /session/8b5e6cfdfc03247abf4ed7f1414f820f/screenshot - {}
RESULT: {}
COMMAND: POST /session/8b5e6cfdfc03247abf4ed7f1414f820f/element - {"using":"xpath","value":"//bdi[contains(text(), \"OK\")]"}
RESULT: {"using":"xpath","value":"//bdi[contains(text(), \"OK\")]"}
COMMAND: POST /session/8b5e6cfdfc03247abf4ed7f1414f820f/element/f.38C819845B9EC31E5A88AE0F72095084.d.1BB09D6C7ECE2AC943496472AA956A96.e.2708/click - {}
RESULT: {}
COMMAND: GET /session/8b5e6cfdfc03247abf4ed7f1414f820f/screenshot - {}
RESULT: {}
COMMAND: POST /session/8b5e6cfdfc03247abf4ed7f1414f820f/execute/async - {"script":"<script> [1562 bytes]","args":[{"selector":{"id":"application-manageyards-display-component---NewYard--addressEditDetailsCurrency-arrow"},"wdio_ui5_key":"applicationmanageyards-display-component---NewYard--addressEditDetailsCurrency-arrow"}]}
RESULT: {"script":"<script> [1562 bytes]","args":[{"selector":{"id":"application-manageyards-display-component---NewYard--addressEditDetailsCurrency-arrow"},"wdio_ui5_key":"applicationmanageyards-display-component---NewYard--addressEditDetailsCurrency-arrow"}]}
RESULT: undefined
COMMAND: POST /session/8b5e6cfdfc03247abf4ed7f1414f820f/element - {"using":"xpath","value":"//*[@id=\"application-manageyards-display-component---NewYard--addressEditDetailsCurrency-arrow\"]"}
RESULT: {"using":"xpath","value":"//*[@id=\"application-manageyards-display-component---NewYard--addressEditDetailsCurrency-arrow\"]"}
COMMAND: POST /session/8b5e6cfdfc03247abf4ed7f1414f820f/element/f.38C819845B9EC31E5A88AE0F72095084.d.1BB09D6C7ECE2AC943496472AA956A96.e.2711/click - {}
RESULT: {}
COMMAND: POST /session/8b5e6cfdfc03247abf4ed7f1414f820f/element - {"using":"xpath","value":"//span[contains(text(), \"Euro\")]"}
COMMAND: GET /session/8b5e6cfdfc03247abf4ed7f1414f820f/screenshot - {}
RESULT: {"using":"xpath","value":"//span[contains(text(), \"Euro\")]"}
COMMAND: POST /session/8b5e6cfdfc03247abf4ed7f1414f820f/element/f.38C819845B9EC31E5A88AE0F72095084.d.1BB09D6C7ECE2AC943496472AA956A96.e.2712/click - {}
RESULT: {}
RESULT: {}
COMMAND: POST /session/8b5e6cfdfc03247abf4ed7f1414f820f/execute/async - {"script":"<script> [1562 bytes]","args":[{"selector":{"controlType":"sap.m.Input","viewName":"etm.portal.ui.manageyards.view.New","viewId":"application-manageyards-display-component---NewYard","bindingPath":{"path":"","propertyPath":"/CONTROLLING_AREA","modelName":"NewYardModel"},"interaction":{"idSuffix":"inner"}},"wdio_ui5_key":"etmportal.ui.manageyards.view.Newsap.m.Input{\"path\":\"\",\"propertyPath\":\"/CONTROLLING_AREA\",\"modelName\":\"NewYardModel\"}"}]}
COMMAND: GET /session/8b5e6cfdfc03247abf4ed7f1414f820f/screenshot - {}
RESULT: {"script":"<script> [1562 bytes]","args":[{"selector":{"controlType":"sap.m.Input","viewName":"etm.portal.ui.manageyards.view.New","viewId":"application-manageyards-display-component---NewYard","bindingPath":{"path":"","propertyPath":"/CONTROLLING_AREA","modelName":"NewYardModel"},"interaction":{"idSuffix":"inner"}},"wdio_ui5_key":"etmportal.ui.manageyards.view.Newsap.m.Input{\"path\":\"\",\"propertyPath\":\"/CONTROLLING_AREA\",\"modelName\":\"NewYardModel\"}"}]}
RESULT: undefined
COMMAND: POST /session/8b5e6cfdfc03247abf4ed7f1414f820f/execute/async - {"script":"<script> [776 bytes]","args":[{"enterText":"Z001","selector":{"controlType":"sap.m.Input","viewName":"etm.portal.ui.manageyards.view.New","viewId":"application-manageyards-display-component---NewYard","bindingPath":{"path":"","propertyPath":"/CONTROLLING_AREA","modelName":"NewYardModel"},"interaction":{"idSuffix":"inner"}},"clearTextFirst":true,"interactionType":"ENTER_TEXT"}]}
RESULT: {}
RESULT: {"script":"<script> [776 bytes]","args":[{"enterText":"Z001","selector":{"controlType":"sap.m.Input","viewName":"etm.portal.ui.manageyards.view.New","viewId":"application-manageyards-display-component---NewYard","bindingPath":{"path":"","propertyPath":"/CONTROLLING_AREA","modelName":"NewYardModel"},"interaction":{"idSuffix":"inner"}},"clearTextFirst":true,"interactionType":"ENTER_TEXT"}]}
COMMAND: POST /session/8b5e6cfdfc03247abf4ed7f1414f820f/execute/async - {"script":"<script> [1562 bytes]","args":[{"selector":{"id":"application-manageyards-display-component---NewYard--companyCodeComboBox","interaction":{"idSuffix":"inner"}},"wdio_ui5_key":"applicationmanageyards-display-component---NewYard--companyCodeComboBox"}]}
RESULT: {"script":"<script> [1562 bytes]","args":[{"selector":{"id":"application-manageyards-display-component---NewYard--companyCodeComboBox","interaction":{"idSuffix":"inner"}},"wdio_ui5_key":"applicationmanageyards-display-component---NewYard--companyCodeComboBox"}]}
RESULT: undefined
COMMAND: POST /session/8b5e6cfdfc03247abf4ed7f1414f820f/execute/async - {"script":"<script> [776 bytes]","args":[{"enterText":"1000","selector":{"id":"application-manageyards-display-component---NewYard--companyCodeComboBox","interaction":{"idSuffix":"inner"}},"clearTextFirst":true,"interactionType":"ENTER_TEXT"}]}
RESULT: {"script":"<script> [776 bytes]","args":[{"enterText":"1000","selector":{"id":"application-manageyards-display-component---NewYard--companyCodeComboBox","interaction":{"idSuffix":"inner"}},"clearTextFirst":true,"interactionType":"ENTER_TEXT"}]}
COMMAND: POST /session/8b5e6cfdfc03247abf4ed7f1414f820f/execute/async - {"script":"<script> [1562 bytes]","args":[{"selector":{"controlType":"sap.m.Input","viewName":"etm.portal.ui.manageyards.view.New","viewId":"application-manageyards-display-component---NewYard","bindingPath":{"path":"","propertyPath":"/PLANT","modelName":"NewYardModel"},"interaction":{"idSuffix":"inner"}},"wdio_ui5_key":"etmportal.ui.manageyards.view.Newsap.m.Input{\"path\":\"\",\"propertyPath\":\"/PLANT\",\"modelName\":\"NewYardModel\"}"}]}
RESULT: {"script":"<script> [1562 bytes]","args":[{"selector":{"controlType":"sap.m.Input","viewName":"etm.portal.ui.manageyards.view.New","viewId":"application-manageyards-display-component---NewYard","bindingPath":{"path":"","propertyPath":"/PLANT","modelName":"NewYardModel"},"interaction":{"idSuffix":"inner"}},"wdio_ui5_key":"etmportal.ui.manageyards.view.Newsap.m.Input{\"path\":\"\",\"propertyPath\":\"/PLANT\",\"modelName\":\"NewYardModel\"}"}]}
RESULT: undefined
COMMAND: POST /session/8b5e6cfdfc03247abf4ed7f1414f820f/execute/async - {"script":"<script> [776 bytes]","args":[{"enterText":"1001","selector":{"controlType":"sap.m.Input","viewName":"etm.portal.ui.manageyards.view.New","viewId":"application-manageyards-display-component---NewYard","bindingPath":{"path":"","propertyPath":"/PLANT","modelName":"NewYardModel"},"interaction":{"idSuffix":"inner"}},"clearTextFirst":true,"interactionType":"ENTER_TEXT"}]}
RESULT: {"script":"<script> [776 bytes]","args":[{"enterText":"1001","selector":{"controlType":"sap.m.Input","viewName":"etm.portal.ui.manageyards.view.New","viewId":"application-manageyards-display-component---NewYard","bindingPath":{"path":"","propertyPath":"/PLANT","modelName":"NewYardModel"},"interaction":{"idSuffix":"inner"}},"clearTextFirst":true,"interactionType":"ENTER_TEXT"}]}
COMMAND: POST /session/8b5e6cfdfc03247abf4ed7f1414f820f/execute/async - {"script":"<script> [1562 bytes]","args":[{"selector":{"controlType":"sap.m.Input","viewName":"etm.portal.ui.manageyards.view.New","viewId":"application-manageyards-display-component---NewYard","bindingPath":{"path":"","propertyPath":"/SALES_AREA_VKORG","modelName":"NewYardModel"},"interaction":{"idSuffix":"inner"}},"wdio_ui5_key":"etmportal.ui.manageyards.view.Newsap.m.Input{\"path\":\"\",\"propertyPath\":\"/SALES_AREA_VKORG\",\"modelName\":\"NewYardModel\"}"}]}
RESULT: {"script":"<script> [1562 bytes]","args":[{"selector":{"controlType":"sap.m.Input","viewName":"etm.portal.ui.manageyards.view.New","viewId":"application-manageyards-display-component---NewYard","bindingPath":{"path":"","propertyPath":"/SALES_AREA_VKORG","modelName":"NewYardModel"},"interaction":{"idSuffix":"inner"}},"wdio_ui5_key":"etmportal.ui.manageyards.view.Newsap.m.Input{\"path\":\"\",\"propertyPath\":\"/SALES_AREA_VKORG\",\"modelName\":\"NewYardModel\"}"}]}
RESULT: undefined
COMMAND: POST /session/8b5e6cfdfc03247abf4ed7f1414f820f/execute/async - {"script":"<script> [776 bytes]","args":[{"enterText":"C002","selector":{"controlType":"sap.m.Input","viewName":"etm.portal.ui.manageyards.view.New","viewId":"application-manageyards-display-component---NewYard","bindingPath":{"path":"","propertyPath":"/SALES_AREA_VKORG","modelName":"NewYardModel"},"interaction":{"idSuffix":"inner"}},"clearTextFirst":true,"interactionType":"ENTER_TEXT"}]}
RESULT: {"script":"<script> [776 bytes]","args":[{"enterText":"C002","selector":{"controlType":"sap.m.Input","viewName":"etm.portal.ui.manageyards.view.New","viewId":"application-manageyards-display-component---NewYard","bindingPath":{"path":"","propertyPath":"/SALES_AREA_VKORG","modelName":"NewYardModel"},"interaction":{"idSuffix":"inner"}},"clearTextFirst":true,"interactionType":"ENTER_TEXT"}]}
COMMAND: POST /session/8b5e6cfdfc03247abf4ed7f1414f820f/execute/async - {"script":"<script> [1562 bytes]","args":[{"selector":{"controlType":"sap.m.Input","viewName":"etm.portal.ui.manageyards.view.New","viewId":"application-manageyards-display-component---NewYard","bindingPath":{"path":"","propertyPath":"/SALES_AREA_VTWEG","modelName":"NewYardModel"},"interaction":{"idSuffix":"inner"}},"wdio_ui5_key":"etmportal.ui.manageyards.view.Newsap.m.Input{\"path\":\"\",\"propertyPath\":\"/SALES_AREA_VTWEG\",\"modelName\":\"NewYardModel\"}"}]}
RESULT: {"script":"<script> [1562 bytes]","args":[{"selector":{"controlType":"sap.m.Input","viewName":"etm.portal.ui.manageyards.view.New","viewId":"application-manageyards-display-component---NewYard","bindingPath":{"path":"","propertyPath":"/SALES_AREA_VTWEG","modelName":"NewYardModel"},"interaction":{"idSuffix":"inner"}},"wdio_ui5_key":"etmportal.ui.manageyards.view.Newsap.m.Input{\"path\":\"\",\"propertyPath\":\"/SALES_AREA_VTWEG\",\"modelName\":\"NewYardModel\"}"}]}
RESULT: undefined
COMMAND: POST /session/8b5e6cfdfc03247abf4ed7f1414f820f/execute/async - {"script":"<script> [776 bytes]","args":[{"enterText":"C2","selector":{"controlType":"sap.m.Input","viewName":"etm.portal.ui.manageyards.view.New","viewId":"application-manageyards-display-component---NewYard","bindingPath":{"path":"","propertyPath":"/SALES_AREA_VTWEG","modelName":"NewYardModel"},"interaction":{"idSuffix":"inner"}},"clearTextFirst":true,"interactionType":"ENTER_TEXT"}]}
RESULT: {"script":"<script> [776 bytes]","args":[{"enterText":"C2","selector":{"controlType":"sap.m.Input","viewName":"etm.portal.ui.manageyards.view.New","viewId":"application-manageyards-display-component---NewYard","bindingPath":{"path":"","propertyPath":"/SALES_AREA_VTWEG","modelName":"NewYardModel"},"interaction":{"idSuffix":"inner"}},"clearTextFirst":true,"interactionType":"ENTER_TEXT"}]}
COMMAND: POST /session/8b5e6cfdfc03247abf4ed7f1414f820f/execute/async - {"script":"<script> [1562 bytes]","args":[{"selector":{"controlType":"sap.m.Input","viewName":"etm.portal.ui.manageyards.view.New","viewId":"application-manageyards-display-component---NewYard","bindingPath":{"path":"","propertyPath":"/SALES_AREA_SPART","modelName":"NewYardModel"},"interaction":{"idSuffix":"inner"}},"wdio_ui5_key":"etmportal.ui.manageyards.view.Newsap.m.Input{\"path\":\"\",\"propertyPath\":\"/SALES_AREA_SPART\",\"modelName\":\"NewYardModel\"}"}]}
RESULT: {"script":"<script> [1562 bytes]","args":[{"selector":{"controlType":"sap.m.Input","viewName":"etm.portal.ui.manageyards.view.New","viewId":"application-manageyards-display-component---NewYard","bindingPath":{"path":"","propertyPath":"/SALES_AREA_SPART","modelName":"NewYardModel"},"interaction":{"idSuffix":"inner"}},"wdio_ui5_key":"etmportal.ui.manageyards.view.Newsap.m.Input{\"path\":\"\",\"propertyPath\":\"/SALES_AREA_SPART\",\"modelName\":\"NewYardModel\"}"}]}
RESULT: undefined
COMMAND: POST /session/8b5e6cfdfc03247abf4ed7f1414f820f/execute/async - {"script":"<script> [776 bytes]","args":[{"enterText":"C2","selector":{"controlType":"sap.m.Input","viewName":"etm.portal.ui.manageyards.view.New","viewId":"application-manageyards-display-component---NewYard","bindingPath":{"path":"","propertyPath":"/SALES_AREA_SPART","modelName":"NewYardModel"},"interaction":{"idSuffix":"inner"}},"clearTextFirst":true,"interactionType":"ENTER_TEXT"}]}
RESULT: {"script":"<script> [776 bytes]","args":[{"enterText":"C2","selector":{"controlType":"sap.m.Input","viewName":"etm.portal.ui.manageyards.view.New","viewId":"application-manageyards-display-component---NewYard","bindingPath":{"path":"","propertyPath":"/SALES_AREA_SPART","modelName":"NewYardModel"},"interaction":{"idSuffix":"inner"}},"clearTextFirst":true,"interactionType":"ENTER_TEXT"}]}
COMMAND: POST /session/8b5e6cfdfc03247abf4ed7f1414f820f/execute/async - {"script":"<script> [1562 bytes]","args":[{"selector":{"controlType":"sap.m.Input","viewName":"etm.portal.ui.manageyards.view.New","viewId":"application-manageyards-display-component---NewYard","bindingPath":{"path":"","propertyPath":"/SHIP_POINT","modelName":"NewYardModel"},"interaction":{"idSuffix":"inner"}},"wdio_ui5_key":"etmportal.ui.manageyards.view.Newsap.m.Input{\"path\":\"\",\"propertyPath\":\"/SHIP_POINT\",\"modelName\":\"NewYardModel\"}"}]}
RESULT: {"script":"<script> [1562 bytes]","args":[{"selector":{"controlType":"sap.m.Input","viewName":"etm.portal.ui.manageyards.view.New","viewId":"application-manageyards-display-component---NewYard","bindingPath":{"path":"","propertyPath":"/SHIP_POINT","modelName":"NewYardModel"},"interaction":{"idSuffix":"inner"}},"wdio_ui5_key":"etmportal.ui.manageyards.view.Newsap.m.Input{\"path\":\"\",\"propertyPath\":\"/SHIP_POINT\",\"modelName\":\"NewYardModel\"}"}]}
RESULT: undefined
COMMAND: POST /session/8b5e6cfdfc03247abf4ed7f1414f820f/execute/async - {"script":"<script> [776 bytes]","args":[{"enterText":"1710","selector":{"controlType":"sap.m.Input","viewName":"etm.portal.ui.manageyards.view.New","viewId":"application-manageyards-display-component---NewYard","bindingPath":{"path":"","propertyPath":"/SHIP_POINT","modelName":"NewYardModel"},"interaction":{"idSuffix":"inner"}},"clearTextFirst":true,"interactionType":"ENTER_TEXT"}]}
RESULT: {"script":"<script> [776 bytes]","args":[{"enterText":"1710","selector":{"controlType":"sap.m.Input","viewName":"etm.portal.ui.manageyards.view.New","viewId":"application-manageyards-display-component---NewYard","bindingPath":{"path":"","propertyPath":"/SHIP_POINT","modelName":"NewYardModel"},"interaction":{"idSuffix":"inner"}},"clearTextFirst":true,"interactionType":"ENTER_TEXT"}]}
COMMAND: POST /session/8b5e6cfdfc03247abf4ed7f1414f820f/execute/async - {"script":"<script> [1562 bytes]","args":[{"selector":{"controlType":"sap.m.Input","viewName":"etm.portal.ui.manageyards.view.New","viewId":"application-manageyards-display-component---NewYard","bindingPath":{"path":"","propertyPath":"/DELIVERY_TYPE","modelName":"NewYardModel"},"interaction":{"idSuffix":"inner"}},"wdio_ui5_key":"etmportal.ui.manageyards.view.Newsap.m.Input{\"path\":\"\",\"propertyPath\":\"/DELIVERY_TYPE\",\"modelName\":\"NewYardModel\"}"}]}
RESULT: {"script":"<script> [1562 bytes]","args":[{"selector":{"controlType":"sap.m.Input","viewName":"etm.portal.ui.manageyards.view.New","viewId":"application-manageyards-display-component---NewYard","bindingPath":{"path":"","propertyPath":"/DELIVERY_TYPE","modelName":"NewYardModel"},"interaction":{"idSuffix":"inner"}},"wdio_ui5_key":"etmportal.ui.manageyards.view.Newsap.m.Input{\"path\":\"\",\"propertyPath\":\"/DELIVERY_TYPE\",\"modelName\":\"NewYardModel\"}"}]}
RESULT: undefined
COMMAND: POST /session/8b5e6cfdfc03247abf4ed7f1414f820f/execute/async - {"script":"<script> [776 bytes]","args":[{"enterText":"ZL01","selector":{"controlType":"sap.m.Input","viewName":"etm.portal.ui.manageyards.view.New","viewId":"application-manageyards-display-component---NewYard","bindingPath":{"path":"","propertyPath":"/DELIVERY_TYPE","modelName":"NewYardModel"},"interaction":{"idSuffix":"inner"}},"clearTextFirst":true,"interactionType":"ENTER_TEXT"}]}
RESULT: {"script":"<script> [776 bytes]","args":[{"enterText":"ZL01","selector":{"controlType":"sap.m.Input","viewName":"etm.portal.ui.manageyards.view.New","viewId":"application-manageyards-display-component---NewYard","bindingPath":{"path":"","propertyPath":"/DELIVERY_TYPE","modelName":"NewYardModel"},"interaction":{"idSuffix":"inner"}},"clearTextFirst":true,"interactionType":"ENTER_TEXT"}]}
COMMAND: POST /session/8b5e6cfdfc03247abf4ed7f1414f820f/execute/async - {"script":"<script> [1562 bytes]","args":[{"selector":{"controlType":"sap.m.Input","viewName":"etm.portal.ui.manageyards.view.New","viewId":"application-manageyards-display-component---NewYard","bindingPath":{"path":"","propertyPath":"/AUART","modelName":"NewYardModel"},"interaction":{"idSuffix":"inner"}},"wdio_ui5_key":"etmportal.ui.manageyards.view.Newsap.m.Input{\"path\":\"\",\"propertyPath\":\"/AUART\",\"modelName\":\"NewYardModel\"}"}]}
RESULT: {"script":"<script> [1562 bytes]","args":[{"selector":{"controlType":"sap.m.Input","viewName":"etm.portal.ui.manageyards.view.New","viewId":"application-manageyards-display-component---NewYard","bindingPath":{"path":"","propertyPath":"/AUART","modelName":"NewYardModel"},"interaction":{"idSuffix":"inner"}},"wdio_ui5_key":"etmportal.ui.manageyards.view.Newsap.m.Input{\"path\":\"\",\"propertyPath\":\"/AUART\",\"modelName\":\"NewYardModel\"}"}]}
RESULT: undefined
COMMAND: POST /session/8b5e6cfdfc03247abf4ed7f1414f820f/execute/async - {"script":"<script> [776 bytes]","args":[{"enterText":"TA","selector":{"controlType":"sap.m.Input","viewName":"etm.portal.ui.manageyards.view.New","viewId":"application-manageyards-display-component---NewYard","bindingPath":{"path":"","propertyPath":"/AUART","modelName":"NewYardModel"},"interaction":{"idSuffix":"inner"}},"clearTextFirst":true,"interactionType":"ENTER_TEXT"}]}
RESULT: {"script":"<script> [776 bytes]","args":[{"enterText":"TA","selector":{"controlType":"sap.m.Input","viewName":"etm.portal.ui.manageyards.view.New","viewId":"application-manageyards-display-component---NewYard","bindingPath":{"path":"","propertyPath":"/AUART","modelName":"NewYardModel"},"interaction":{"idSuffix":"inner"}},"clearTextFirst":true,"interactionType":"ENTER_TEXT"}]}
COMMAND: POST /session/8b5e6cfdfc03247abf4ed7f1414f820f/element - {"using":"xpath","value":"//button[@data-kt=\"newYardSaveButton\"]"}
RESULT: {"using":"xpath","value":"//button[@data-kt=\"newYardSaveButton\"]"}
COMMAND: POST /session/8b5e6cfdfc03247abf4ed7f1414f820f/element/f.38C819845B9EC31E5A88AE0F72095084.d.1BB09D6C7ECE2AC943496472AA956A96.e.2640/click - {}
RESULT: {}
COMMAND: GET /session/8b5e6cfdfc03247abf4ed7f1414f820f/screenshot - {}
RESULT: {}
COMMAND: POST /session/8b5e6cfdfc03247abf4ed7f1414f820f/element - {"using":"xpath","value":"//header[contains(@id, 'ObjectPageLayout-headerTitle')]/div[1]/div[2]/div[1]/span[1]"}
RESULT: {"using":"xpath","value":"//header[contains(@id, 'ObjectPageLayout-headerTitle')]/div[1]/div[2]/div[1]/span[1]"}
COMMAND: POST /session/8b5e6cfdfc03247abf4ed7f1414f820f/elements - {"using":"xpath","value":"//header[contains(@id, 'ObjectPageLayout-headerTitle')]/div[1]/div[2]/div[1]/span[1]"}
RESULT: {"using":"xpath","value":"//header[contains(@id, 'ObjectPageLayout-headerTitle')]/div[1]/div[2]/div[1]/span[1]"}
COMMAND: POST /session/8b5e6cfdfc03247abf4ed7f1414f820f/execute/sync - {"script":"<script> [56 bytes]","args":[{"element-6066-11e4-a52e-4f735466cecf":"f.38C819845B9EC31E5A88AE0F72095084.d.1BB09D6C7ECE2AC943496472AA956A96.e.2931","ELEMENT":"f.38C819845B9EC31E5A88AE0F72095084.d.1BB09D6C7ECE2AC943496472AA956A96.e.2931"}]}
RESULT: {"script":"<script> [56 bytes]","args":[{"element-6066-11e4-a52e-4f735466cecf":"f.38C819845B9EC31E5A88AE0F72095084.d.1BB09D6C7ECE2AC943496472AA956A96.e.2931","ELEMENT":"f.38C819845B9EC31E5A88AE0F72095084.d.1BB09D6C7ECE2AC943496472AA956A96.e.2931"}]}
COMMAND: GET /session/8b5e6cfdfc03247abf4ed7f1414f820f/screenshot - {}
RESULT: {}
COMMAND: POST /session/8b5e6cfdfc03247abf4ed7f1414f820f/element - {"using":"css selector","value":"#shell-header-logo"}
RESULT: {"using":"css selector","value":"#shell-header-logo"}
COMMAND: POST /session/8b5e6cfdfc03247abf4ed7f1414f820f/element/f.38C819845B9EC31E5A88AE0F72095084.d.1BB09D6C7ECE2AC943496472AA956A96.e.2186/click - {}
RESULT: {}
COMMAND: GET /session/8b5e6cfdfc03247abf4ed7f1414f820f/screenshot - {}
RESULT: {}
COMMAND: POST /session/8b5e6cfdfc03247abf4ed7f1414f820f/execute/sync - {"script":"<script> [299 bytes]","args":[["getModel","getResource"]]}
RESULT: {"script":"<script> [299 bytes]","args":[["getModel","getResource"]]}
COMMAND: GET /session/8b5e6cfdfc03247abf4ed7f1414f820f/screenshot - {}
]]></system-out>
    </testcase>
    <testcase classname="chrome.136_0_7103_93.windows.Billing_Transfer_-_Master_data_&amp;_Intercompany_US127250" name="Should create a new partner" time="133.52">
      <system-out><![CDATA[
COMMAND: POST /session/8b5e6cfdfc03247abf4ed7f1414f820f/window/fullscreen - {}
RESULT: {}
RESULT: {}
COMMAND: POST /session/8b5e6cfdfc03247abf4ed7f1414f820f/execute/async - {"script":"<script> [1562 bytes]","args":[{"selector":{"controlType":"sap.m.GenericTile","properties":{"header":"Manage Partners"}},"wdio_ui5_key":"sapm.GenericTile{\"header\":\"Manage Partners\"}"}]}
RESULT: {"script":"<script> [1562 bytes]","args":[{"selector":{"controlType":"sap.m.GenericTile","properties":{"header":"Manage Partners"}},"wdio_ui5_key":"sapm.GenericTile{\"header\":\"Manage Partners\"}"}]}
RESULT: undefined
COMMAND: POST /session/8b5e6cfdfc03247abf4ed7f1414f820f/element - {"using":"xpath","value":"//*[@id=\"__tile38\"]"}
RESULT: {"using":"xpath","value":"//*[@id=\"__tile38\"]"}
COMMAND: POST /session/8b5e6cfdfc03247abf4ed7f1414f820f/element/f.38C819845B9EC31E5A88AE0F72095084.d.1BB09D6C7ECE2AC943496472AA956A96.e.2078/click - {}
RESULT: {}
COMMAND: GET /session/8b5e6cfdfc03247abf4ed7f1414f820f/screenshot - {}
RESULT: {}
COMMAND: POST /session/8b5e6cfdfc03247abf4ed7f1414f820f/elements - {"using":"xpath","value":"//span[text()='Error']"}
RESULT: {"using":"xpath","value":"//span[text()='Error']"}
COMMAND: POST /session/8b5e6cfdfc03247abf4ed7f1414f820f/element - {"using":"xpath","value":"//button[@data-kt=\"addButton\"]"}
RESULT: {"using":"xpath","value":"//button[@data-kt=\"addButton\"]"}
COMMAND: POST /session/8b5e6cfdfc03247abf4ed7f1414f820f/elements - {"using":"xpath","value":"//button[@data-kt=\"addButton\"]"}
RESULT: {"using":"xpath","value":"//button[@data-kt=\"addButton\"]"}
COMMAND: POST /session/8b5e6cfdfc03247abf4ed7f1414f820f/execute/sync - {"script":"<script> [8489 bytes]","args":[{"element-6066-11e4-a52e-4f735466cecf":"f.38C819845B9EC31E5A88AE0F72095084.d.1BB09D6C7ECE2AC943496472AA956A96.e.2979","ELEMENT":"f.38C819845B9EC31E5A88AE0F72095084.d.1BB09D6C7ECE2AC943496472AA956A96.e.2979"}]}
RESULT: {"script":"<script> [8489 bytes]","args":[{"element-6066-11e4-a52e-4f735466cecf":"f.38C819845B9EC31E5A88AE0F72095084.d.1BB09D6C7ECE2AC943496472AA956A96.e.2979","ELEMENT":"f.38C819845B9EC31E5A88AE0F72095084.d.1BB09D6C7ECE2AC943496472AA956A96.e.2979"}]}
COMMAND: GET /session/8b5e6cfdfc03247abf4ed7f1414f820f/element/f.38C819845B9EC31E5A88AE0F72095084.d.1BB09D6C7ECE2AC943496472AA956A96.e.2979/enabled - {}
COMMAND: GET /session/8b5e6cfdfc03247abf4ed7f1414f820f/screenshot - {}
RESULT: {}
COMMAND: POST /session/8b5e6cfdfc03247abf4ed7f1414f820f/execute/sync - {"script":"<script> [8489 bytes]","args":[{"element-6066-11e4-a52e-4f735466cecf":"f.38C819845B9EC31E5A88AE0F72095084.d.1BB09D6C7ECE2AC943496472AA956A96.e.2979","ELEMENT":"f.38C819845B9EC31E5A88AE0F72095084.d.1BB09D6C7ECE2AC943496472AA956A96.e.2979"}]}
COMMAND: GET /session/8b5e6cfdfc03247abf4ed7f1414f820f/screenshot - {}
RESULT: {}
RESULT: {"script":"<script> [8489 bytes]","args":[{"element-6066-11e4-a52e-4f735466cecf":"f.38C819845B9EC31E5A88AE0F72095084.d.1BB09D6C7ECE2AC943496472AA956A96.e.2979","ELEMENT":"f.38C819845B9EC31E5A88AE0F72095084.d.1BB09D6C7ECE2AC943496472AA956A96.e.2979"}]}
COMMAND: POST /session/8b5e6cfdfc03247abf4ed7f1414f820f/execute/sync - {"script":"<script> [5351 bytes]","args":[{"element-6066-11e4-a52e-4f735466cecf":"f.38C819845B9EC31E5A88AE0F72095084.d.1BB09D6C7ECE2AC943496472AA956A96.e.2979","ELEMENT":"f.38C819845B9EC31E5A88AE0F72095084.d.1BB09D6C7ECE2AC943496472AA956A96.e.2979"}]}
COMMAND: GET /session/8b5e6cfdfc03247abf4ed7f1414f820f/screenshot - {}
RESULT: {}
RESULT: {"script":"<script> [5351 bytes]","args":[{"element-6066-11e4-a52e-4f735466cecf":"f.38C819845B9EC31E5A88AE0F72095084.d.1BB09D6C7ECE2AC943496472AA956A96.e.2979","ELEMENT":"f.38C819845B9EC31E5A88AE0F72095084.d.1BB09D6C7ECE2AC943496472AA956A96.e.2979"}]}
COMMAND: POST /session/8b5e6cfdfc03247abf4ed7f1414f820f/element/f.38C819845B9EC31E5A88AE0F72095084.d.1BB09D6C7ECE2AC943496472AA956A96.e.2979/click - {}
COMMAND: GET /session/8b5e6cfdfc03247abf4ed7f1414f820f/screenshot - {}
RESULT: {}
RESULT: {}
COMMAND: GET /session/8b5e6cfdfc03247abf4ed7f1414f820f/screenshot - {}
COMMAND: POST /session/8b5e6cfdfc03247abf4ed7f1414f820f/execute/async - {"script":"<script> [1562 bytes]","args":[{"selector":{"id":"application-managepartners-display-component---NewPartner--addressDetailDetailsName1","interaction":{"idSuffix":"inner"}},"wdio_ui5_key":"applicationmanagepartners-display-component---NewPartner--addressDetailDetailsName1"}]}
RESULT: {}
RESULT: {}
RESULT: {"script":"<script> [1562 bytes]","args":[{"selector":{"id":"application-managepartners-display-component---NewPartner--addressDetailDetailsName1","interaction":{"idSuffix":"inner"}},"wdio_ui5_key":"applicationmanagepartners-display-component---NewPartner--addressDetailDetailsName1"}]}
RESULT: undefined
COMMAND: POST /session/8b5e6cfdfc03247abf4ed7f1414f820f/execute/async - {"script":"<script> [776 bytes]","args":[{"enterText":"Intercompany Partner WDIO","selector":{"id":"application-managepartners-display-component---NewPartner--addressDetailDetailsName1","interaction":{"idSuffix":"inner"}},"clearTextFirst":true,"interactionType":"ENTER_TEXT"}]}
RESULT: {"script":"<script> [776 bytes]","args":[{"enterText":"Intercompany Partner WDIO","selector":{"id":"application-managepartners-display-component---NewPartner--addressDetailDetailsName1","interaction":{"idSuffix":"inner"}},"clearTextFirst":true,"interactionType":"ENTER_TEXT"}]}
COMMAND: POST /session/8b5e6cfdfc03247abf4ed7f1414f820f/execute/async - {"script":"<script> [1562 bytes]","args":[{"selector":{"id":"application-managepartners-display-component---NewPartner--addressDetailDetailsLanguage-arrow"},"wdio_ui5_key":"applicationmanagepartners-display-component---NewPartner--addressDetailDetailsLanguage-arrow"}]}
RESULT: {"script":"<script> [1562 bytes]","args":[{"selector":{"id":"application-managepartners-display-component---NewPartner--addressDetailDetailsLanguage-arrow"},"wdio_ui5_key":"applicationmanagepartners-display-component---NewPartner--addressDetailDetailsLanguage-arrow"}]}
RESULT: undefined
COMMAND: POST /session/8b5e6cfdfc03247abf4ed7f1414f820f/element - {"using":"xpath","value":"//*[@id=\"application-managepartners-display-component---NewPartner--addressDetailDetailsLanguage-arrow\"]"}
RESULT: {"using":"xpath","value":"//*[@id=\"application-managepartners-display-component---NewPartner--addressDetailDetailsLanguage-arrow\"]"}
COMMAND: POST /session/8b5e6cfdfc03247abf4ed7f1414f820f/element/f.38C819845B9EC31E5A88AE0F72095084.d.1BB09D6C7ECE2AC943496472AA956A96.e.3420/click - {}
RESULT: {}
COMMAND: POST /session/8b5e6cfdfc03247abf4ed7f1414f820f/element - {"using":"xpath","value":"//span[contains(text(), \"English\")]"}
COMMAND: GET /session/8b5e6cfdfc03247abf4ed7f1414f820f/screenshot - {}
RESULT: {}
RESULT: {"using":"xpath","value":"//span[contains(text(), \"English\")]"}
COMMAND: POST /session/8b5e6cfdfc03247abf4ed7f1414f820f/element/f.38C819845B9EC31E5A88AE0F72095084.d.1BB09D6C7ECE2AC943496472AA956A96.e.3421/click - {}
RESULT: {}
COMMAND: GET /session/8b5e6cfdfc03247abf4ed7f1414f820f/screenshot - {}
RESULT: {}
COMMAND: POST /session/8b5e6cfdfc03247abf4ed7f1414f820f/execute/async - {"script":"<script> [1562 bytes]","args":[{"selector":{"id":"application-managepartners-display-component---NewPartner--addressDetailDetailsCity1","interaction":{"idSuffix":"inner"}},"wdio_ui5_key":"applicationmanagepartners-display-component---NewPartner--addressDetailDetailsCity1"}]}
RESULT: {"script":"<script> [1562 bytes]","args":[{"selector":{"id":"application-managepartners-display-component---NewPartner--addressDetailDetailsCity1","interaction":{"idSuffix":"inner"}},"wdio_ui5_key":"applicationmanagepartners-display-component---NewPartner--addressDetailDetailsCity1"}]}
RESULT: undefined
COMMAND: POST /session/8b5e6cfdfc03247abf4ed7f1414f820f/execute/async - {"script":"<script> [776 bytes]","args":[{"enterText":"Rosario","selector":{"id":"application-managepartners-display-component---NewPartner--addressDetailDetailsCity1","interaction":{"idSuffix":"inner"}},"clearTextFirst":true,"interactionType":"ENTER_TEXT"}]}
RESULT: {"script":"<script> [776 bytes]","args":[{"enterText":"Rosario","selector":{"id":"application-managepartners-display-component---NewPartner--addressDetailDetailsCity1","interaction":{"idSuffix":"inner"}},"clearTextFirst":true,"interactionType":"ENTER_TEXT"}]}
COMMAND: POST /session/8b5e6cfdfc03247abf4ed7f1414f820f/execute/async - {"script":"<script> [1562 bytes]","args":[{"selector":{"id":"application-managepartners-display-component---NewPartner--addressDetailDetailsCountry-arrow"},"wdio_ui5_key":"applicationmanagepartners-display-component---NewPartner--addressDetailDetailsCountry-arrow"}]}
RESULT: {"script":"<script> [1562 bytes]","args":[{"selector":{"id":"application-managepartners-display-component---NewPartner--addressDetailDetailsCountry-arrow"},"wdio_ui5_key":"applicationmanagepartners-display-component---NewPartner--addressDetailDetailsCountry-arrow"}]}
RESULT: undefined
COMMAND: POST /session/8b5e6cfdfc03247abf4ed7f1414f820f/element - {"using":"xpath","value":"//*[@id=\"application-managepartners-display-component---NewPartner--addressDetailDetailsCountry-arrow\"]"}
RESULT: {"using":"xpath","value":"//*[@id=\"application-managepartners-display-component---NewPartner--addressDetailDetailsCountry-arrow\"]"}
COMMAND: POST /session/8b5e6cfdfc03247abf4ed7f1414f820f/element/f.38C819845B9EC31E5A88AE0F72095084.d.1BB09D6C7ECE2AC943496472AA956A96.e.3388/click - {}
RESULT: {}
COMMAND: POST /session/8b5e6cfdfc03247abf4ed7f1414f820f/element - {"using":"xpath","value":"//span[contains(text(), \"Argentina\")]"}
COMMAND: GET /session/8b5e6cfdfc03247abf4ed7f1414f820f/screenshot - {}
RESULT: {"using":"xpath","value":"//span[contains(text(), \"Argentina\")]"}
COMMAND: POST /session/8b5e6cfdfc03247abf4ed7f1414f820f/element/f.38C819845B9EC31E5A88AE0F72095084.d.1BB09D6C7ECE2AC943496472AA956A96.e.3423/click - {}
RESULT: {}
RESULT: {}
COMMAND: GET /session/8b5e6cfdfc03247abf4ed7f1414f820f/screenshot - {}
RESULT: {}
COMMAND: POST /session/8b5e6cfdfc03247abf4ed7f1414f820f/element - {"using":"xpath","value":"//bdi[contains(text(), \"Commercial\")]"}
RESULT: {"using":"xpath","value":"//bdi[contains(text(), \"Commercial\")]"}
COMMAND: POST /session/8b5e6cfdfc03247abf4ed7f1414f820f/element/f.38C819845B9EC31E5A88AE0F72095084.d.1BB09D6C7ECE2AC943496472AA956A96.e.3424/click - {}
RESULT: {}
COMMAND: GET /session/8b5e6cfdfc03247abf4ed7f1414f820f/screenshot - {}
RESULT: {}
COMMAND: POST /session/8b5e6cfdfc03247abf4ed7f1414f820f/execute/async - {"script":"<script> [1562 bytes]","args":[{"selector":{"id":"application-managepartners-display-component---NewPartner--partnerDetailInternal-arrow"},"wdio_ui5_key":"applicationmanagepartners-display-component---NewPartner--partnerDetailInternal-arrow"}]}
RESULT: {"script":"<script> [1562 bytes]","args":[{"selector":{"id":"application-managepartners-display-component---NewPartner--partnerDetailInternal-arrow"},"wdio_ui5_key":"applicationmanagepartners-display-component---NewPartner--partnerDetailInternal-arrow"}]}
RESULT: undefined
COMMAND: POST /session/8b5e6cfdfc03247abf4ed7f1414f820f/element - {"using":"xpath","value":"//*[@id=\"application-managepartners-display-component---NewPartner--partnerDetailInternal-arrow\"]"}
RESULT: {"using":"xpath","value":"//*[@id=\"application-managepartners-display-component---NewPartner--partnerDetailInternal-arrow\"]"}
COMMAND: POST /session/8b5e6cfdfc03247abf4ed7f1414f820f/element/f.38C819845B9EC31E5A88AE0F72095084.d.1BB09D6C7ECE2AC943496472AA956A96.e.3430/click - {}
RESULT: {}
COMMAND: POST /session/8b5e6cfdfc03247abf4ed7f1414f820f/element - {"using":"xpath","value":"//span[contains(text(), \"Affiliated company\")]"}
COMMAND: GET /session/8b5e6cfdfc03247abf4ed7f1414f820f/screenshot - {}
RESULT: {"using":"xpath","value":"//span[contains(text(), \"Affiliated company\")]"}
COMMAND: POST /session/8b5e6cfdfc03247abf4ed7f1414f820f/element/f.38C819845B9EC31E5A88AE0F72095084.d.1BB09D6C7ECE2AC943496472AA956A96.e.3431/click - {}
RESULT: {}
RESULT: {}
COMMAND: POST /session/8b5e6cfdfc03247abf4ed7f1414f820f/execute/async - {"script":"<script> [1562 bytes]","args":[{"selector":{"id":"application-managepartners-display-component---NewPartner--partnerDetailsCurrency-arrow"},"wdio_ui5_key":"applicationmanagepartners-display-component---NewPartner--partnerDetailsCurrency-arrow"}]}
COMMAND: GET /session/8b5e6cfdfc03247abf4ed7f1414f820f/screenshot - {}
RESULT: {"script":"<script> [1562 bytes]","args":[{"selector":{"id":"application-managepartners-display-component---NewPartner--partnerDetailsCurrency-arrow"},"wdio_ui5_key":"applicationmanagepartners-display-component---NewPartner--partnerDetailsCurrency-arrow"}]}
RESULT: undefined
COMMAND: POST /session/8b5e6cfdfc03247abf4ed7f1414f820f/element - {"using":"xpath","value":"//*[@id=\"application-managepartners-display-component---NewPartner--partnerDetailsCurrency-arrow\"]"}
RESULT: {}
RESULT: {"using":"xpath","value":"//*[@id=\"application-managepartners-display-component---NewPartner--partnerDetailsCurrency-arrow\"]"}
COMMAND: POST /session/8b5e6cfdfc03247abf4ed7f1414f820f/element/f.38C819845B9EC31E5A88AE0F72095084.d.1BB09D6C7ECE2AC943496472AA956A96.e.3438/click - {}
RESULT: {}
COMMAND: POST /session/8b5e6cfdfc03247abf4ed7f1414f820f/element - {"using":"xpath","value":"//span[contains(text(), \"Euro\")]"}
COMMAND: GET /session/8b5e6cfdfc03247abf4ed7f1414f820f/screenshot - {}
RESULT: {"using":"xpath","value":"//span[contains(text(), \"Euro\")]"}
COMMAND: POST /session/8b5e6cfdfc03247abf4ed7f1414f820f/element/f.38C819845B9EC31E5A88AE0F72095084.d.1BB09D6C7ECE2AC943496472AA956A96.e.3439/click - {}
RESULT: {}
RESULT: {}
COMMAND: POST /session/8b5e6cfdfc03247abf4ed7f1414f820f/execute/async - {"script":"<script> [1562 bytes]","args":[{"selector":{"id":"application-managepartners-display-component---NewPartner--addressEditDetailsCostObjectCstType-arrow"},"wdio_ui5_key":"applicationmanagepartners-display-component---NewPartner--addressEditDetailsCostObjectCstType-arrow"}]}
COMMAND: GET /session/8b5e6cfdfc03247abf4ed7f1414f820f/screenshot - {}
RESULT: {"script":"<script> [1562 bytes]","args":[{"selector":{"id":"application-managepartners-display-component---NewPartner--addressEditDetailsCostObjectCstType-arrow"},"wdio_ui5_key":"applicationmanagepartners-display-component---NewPartner--addressEditDetailsCostObjectCstType-arrow"}]}
RESULT: undefined
COMMAND: POST /session/8b5e6cfdfc03247abf4ed7f1414f820f/element - {"using":"xpath","value":"//*[@id=\"application-managepartners-display-component---NewPartner--addressEditDetailsCostObjectCstType-arrow\"]"}
RESULT: {}
RESULT: {"using":"xpath","value":"//*[@id=\"application-managepartners-display-component---NewPartner--addressEditDetailsCostObjectCstType-arrow\"]"}
COMMAND: POST /session/8b5e6cfdfc03247abf4ed7f1414f820f/element/f.38C819845B9EC31E5A88AE0F72095084.d.1BB09D6C7ECE2AC943496472AA956A96.e.3440/click - {}
RESULT: {}
COMMAND: POST /session/8b5e6cfdfc03247abf4ed7f1414f820f/element - {"using":"xpath","value":"//span[contains(text(), \"Cost Center\")]"}
COMMAND: GET /session/8b5e6cfdfc03247abf4ed7f1414f820f/screenshot - {}
RESULT: {"using":"xpath","value":"//span[contains(text(), \"Cost Center\")]"}
COMMAND: POST /session/8b5e6cfdfc03247abf4ed7f1414f820f/element/f.38C819845B9EC31E5A88AE0F72095084.d.1BB09D6C7ECE2AC943496472AA956A96.e.3441/click - {}
RESULT: {}
RESULT: {}
COMMAND: GET /session/8b5e6cfdfc03247abf4ed7f1414f820f/screenshot - {}
RESULT: {}
COMMAND: POST /session/8b5e6cfdfc03247abf4ed7f1414f820f/element - {"using":"xpath","value":"//span[@id=\"application-managepartners-display-component---NewPartner--addressNewCostObjectCstID-vhi\"]"}
RESULT: {"using":"xpath","value":"//span[@id=\"application-managepartners-display-component---NewPartner--addressNewCostObjectCstID-vhi\"]"}
COMMAND: POST /session/8b5e6cfdfc03247abf4ed7f1414f820f/execute/sync - {"script":"<script> [8489 bytes]","args":[{"element-6066-11e4-a52e-4f735466cecf":"f.38C819845B9EC31E5A88AE0F72095084.d.1BB09D6C7ECE2AC943496472AA956A96.e.3445","ELEMENT":"f.38C819845B9EC31E5A88AE0F72095084.d.1BB09D6C7ECE2AC943496472AA956A96.e.3445"}]}
RESULT: {"script":"<script> [8489 bytes]","args":[{"element-6066-11e4-a52e-4f735466cecf":"f.38C819845B9EC31E5A88AE0F72095084.d.1BB09D6C7ECE2AC943496472AA956A96.e.3445","ELEMENT":"f.38C819845B9EC31E5A88AE0F72095084.d.1BB09D6C7ECE2AC943496472AA956A96.e.3445"}]}
COMMAND: POST /session/8b5e6cfdfc03247abf4ed7f1414f820f/execute/async - {"script":"<script> [1562 bytes]","args":[{"selector":{"id":"application-managepartners-display-component---NewPartner--addressNewCostObjectCstID-vhi"},"wdio_ui5_key":"applicationmanagepartners-display-component---NewPartner--addressNewCostObjectCstID-vhi"}]}
COMMAND: GET /session/8b5e6cfdfc03247abf4ed7f1414f820f/screenshot - {}
RESULT: {"script":"<script> [1562 bytes]","args":[{"selector":{"id":"application-managepartners-display-component---NewPartner--addressNewCostObjectCstID-vhi"},"wdio_ui5_key":"applicationmanagepartners-display-component---NewPartner--addressNewCostObjectCstID-vhi"}]}
RESULT: undefined
COMMAND: POST /session/8b5e6cfdfc03247abf4ed7f1414f820f/element - {"using":"xpath","value":"//*[@id=\"application-managepartners-display-component---NewPartner--addressNewCostObjectCstID-vhi\"]"}
RESULT: {}
RESULT: {"using":"xpath","value":"//*[@id=\"application-managepartners-display-component---NewPartner--addressNewCostObjectCstID-vhi\"]"}
COMMAND: POST /session/8b5e6cfdfc03247abf4ed7f1414f820f/element/f.38C819845B9EC31E5A88AE0F72095084.d.1BB09D6C7ECE2AC943496472AA956A96.e.3445/click - {}
RESULT: {}
COMMAND: GET /session/8b5e6cfdfc03247abf4ed7f1414f820f/screenshot - {}
RESULT: {}
RESULT: undefined
COMMAND: POST /session/8b5e6cfdfc03247abf4ed7f1414f820f/execute/async - {"script":"<script> [776 bytes]","args":[{"enterText":"10001013","selector":{"controlType":"sap.m.SearchField","properties":{"placeholder":"Search"},"searchOpenDialogs":true,"interaction":{"idSuffix":"I"}},"clearTextFirst":true,"interactionType":"ENTER_TEXT"}]}
RESULT: {"script":"<script> [776 bytes]","args":[{"enterText":"10001013","selector":{"controlType":"sap.m.SearchField","properties":{"placeholder":"Search"},"searchOpenDialogs":true,"interaction":{"idSuffix":"I"}},"clearTextFirst":true,"interactionType":"ENTER_TEXT"}]}
COMMAND: POST /session/8b5e6cfdfc03247abf4ed7f1414f820f/actions - {"actions":[{"id":"action2","type":"key","parameters":{},"actions":[{"type":"keyDown","value":"î€‡"},{"type":"pause","duration":10},{"type":"keyUp","value":"î€‡"}]}]}
RESULT: {"actions":[{"id":"action2","type":"key","parameters":{},"actions":[{"type":"keyDown","value":"î€‡"},{"type":"pause","duration":10},{"type":"keyUp","value":"î€‡"}]}]}
COMMAND: GET /session/8b5e6cfdfc03247abf4ed7f1414f820f/screenshot - {}
RESULT: {}
COMMAND: POST /session/8b5e6cfdfc03247abf4ed7f1414f820f/element - {"using":"xpath","value":"//span[contains(text(), \"General Management\")]"}
RESULT: {"using":"xpath","value":"//span[contains(text(), \"General Management\")]"}
COMMAND: POST /session/8b5e6cfdfc03247abf4ed7f1414f820f/element/f.38C819845B9EC31E5A88AE0F72095084.d.1BB09D6C7ECE2AC943496472AA956A96.e.3482/click - {}
RESULT: {}
COMMAND: GET /session/8b5e6cfdfc03247abf4ed7f1414f820f/screenshot - {}
RESULT: {}
COMMAND: POST /session/8b5e6cfdfc03247abf4ed7f1414f820f/element - {"using":"xpath","value":"//bdi[contains(text(), \"OK\")]"}
RESULT: {"using":"xpath","value":"//bdi[contains(text(), \"OK\")]"}
COMMAND: POST /session/8b5e6cfdfc03247abf4ed7f1414f820f/element/f.38C819845B9EC31E5A88AE0F72095084.d.1BB09D6C7ECE2AC943496472AA956A96.e.3483/click - {}
RESULT: {}
COMMAND: GET /session/8b5e6cfdfc03247abf4ed7f1414f820f/screenshot - {}
RESULT: {}
COMMAND: POST /session/8b5e6cfdfc03247abf4ed7f1414f820f/element - {"using":"xpath","value":"//input[@id=\"application-managepartners-display-component---NewPartner--companyCodeComboBox-inner\"]"}
RESULT: {"using":"xpath","value":"//input[@id=\"application-managepartners-display-component---NewPartner--companyCodeComboBox-inner\"]"}
COMMAND: POST /session/8b5e6cfdfc03247abf4ed7f1414f820f/element/f.38C819845B9EC31E5A88AE0F72095084.d.1BB09D6C7ECE2AC943496472AA956A96.e.3281/clear - {}
RESULT: {}
COMMAND: POST /session/8b5e6cfdfc03247abf4ed7f1414f820f/element/f.38C819845B9EC31E5A88AE0F72095084.d.1BB09D6C7ECE2AC943496472AA956A96.e.3281/value - {"text":"C002"}
COMMAND: GET /session/8b5e6cfdfc03247abf4ed7f1414f820f/screenshot - {}
RESULT: {"text":"C002"}
COMMAND: GET /session/8b5e6cfdfc03247abf4ed7f1414f820f/screenshot - {}
RESULT: {}
RESULT: {}
COMMAND: POST /session/8b5e6cfdfc03247abf4ed7f1414f820f/element - {"using":"xpath","value":"//li[.//span[text()= \"C002\"]]"}
RESULT: {"using":"xpath","value":"//li[.//span[text()= \"C002\"]]"}
COMMAND: POST /session/8b5e6cfdfc03247abf4ed7f1414f820f/element/f.38C819845B9EC31E5A88AE0F72095084.d.1BB09D6C7ECE2AC943496472AA956A96.e.3489/click - {}
RESULT: {}
COMMAND: GET /session/8b5e6cfdfc03247abf4ed7f1414f820f/screenshot - {}
RESULT: {}
COMMAND: POST /session/8b5e6cfdfc03247abf4ed7f1414f820f/execute/async - {"script":"<script> [1562 bytes]","args":[{"selector":{"id":"application-managepartners-display-component---NewPartner--btnAddTableRow-img"},"wdio_ui5_key":"applicationmanagepartners-display-component---NewPartner--btnAddTableRow-img"}]}
RESULT: {"script":"<script> [1562 bytes]","args":[{"selector":{"id":"application-managepartners-display-component---NewPartner--btnAddTableRow-img"},"wdio_ui5_key":"applicationmanagepartners-display-component---NewPartner--btnAddTableRow-img"}]}
RESULT: undefined
COMMAND: POST /session/8b5e6cfdfc03247abf4ed7f1414f820f/element - {"using":"xpath","value":"//*[@id=\"application-managepartners-display-component---NewPartner--btnAddTableRow-img\"]"}
RESULT: {"using":"xpath","value":"//*[@id=\"application-managepartners-display-component---NewPartner--btnAddTableRow-img\"]"}
COMMAND: POST /session/8b5e6cfdfc03247abf4ed7f1414f820f/element/f.38C819845B9EC31E5A88AE0F72095084.d.1BB09D6C7ECE2AC943496472AA956A96.e.3490/click - {}
RESULT: {}
COMMAND: GET /session/8b5e6cfdfc03247abf4ed7f1414f820f/screenshot - {}
RESULT: {}
COMMAND: POST /session/8b5e6cfdfc03247abf4ed7f1414f820f/element - {"using":"xpath","value":"//input[@id=\"application-managepartners-display-component---NewPartner--assignmentYard-application-managepartners-display-component---NewPartner--assignmentsTable-0-inner\"]"}
RESULT: {"using":"xpath","value":"//input[@id=\"application-managepartners-display-component---NewPartner--assignmentYard-application-managepartners-display-component---NewPartner--assignmentsTable-0-inner\"]"}
COMMAND: POST /session/8b5e6cfdfc03247abf4ed7f1414f820f/element/f.38C819845B9EC31E5A88AE0F72095084.d.1BB09D6C7ECE2AC943496472AA956A96.e.3493/clear - {}
RESULT: {}
COMMAND: POST /session/8b5e6cfdfc03247abf4ed7f1414f820f/element/f.38C819845B9EC31E5A88AE0F72095084.d.1BB09D6C7ECE2AC943496472AA956A96.e.3493/value - {"text":"626"}
COMMAND: GET /session/8b5e6cfdfc03247abf4ed7f1414f820f/screenshot - {}
RESULT: {"text":"626"}
COMMAND: GET /session/8b5e6cfdfc03247abf4ed7f1414f820f/screenshot - {}
RESULT: {}
RESULT: {}
COMMAND: POST /session/8b5e6cfdfc03247abf4ed7f1414f820f/element - {"using":"xpath","value":"//li[.//span[text()='626']]"}
RESULT: {"using":"xpath","value":"//li[.//span[text()='626']]"}
COMMAND: POST /session/8b5e6cfdfc03247abf4ed7f1414f820f/element/f.38C819845B9EC31E5A88AE0F72095084.d.1BB09D6C7ECE2AC943496472AA956A96.e.3502/click - {}
RESULT: {}
COMMAND: GET /session/8b5e6cfdfc03247abf4ed7f1414f820f/screenshot - {}
RESULT: {}
COMMAND: POST /session/8b5e6cfdfc03247abf4ed7f1414f820f/actions - {"actions":[{"id":"action3","type":"key","parameters":{},"actions":[{"type":"keyDown","value":"î€‡"},{"type":"pause","duration":10},{"type":"keyUp","value":"î€‡"}]}]}
RESULT: {"actions":[{"id":"action3","type":"key","parameters":{},"actions":[{"type":"keyDown","value":"î€‡"},{"type":"pause","duration":10},{"type":"keyUp","value":"î€‡"}]}]}
COMMAND: POST /session/8b5e6cfdfc03247abf4ed7f1414f820f/execute/async - {"script":"<script> [1562 bytes]","args":[{"selector":{"id":"application-managepartners-display-component---NewPartner--externalCustomerComboBox-application-managepartners-display-component---NewPartner--assignmentsTable-0-vhi"},"wdio_ui5_key":"applicationmanagepartners-display-component---NewPartner--externalCustomerComboBox-application-managepartners-display-component---NewPartner--assignmentsTable-0-vhi"}]}
COMMAND: GET /session/8b5e6cfdfc03247abf4ed7f1414f820f/screenshot - {}
RESULT: {"script":"<script> [1562 bytes]","args":[{"selector":{"id":"application-managepartners-display-component---NewPartner--externalCustomerComboBox-application-managepartners-display-component---NewPartner--assignmentsTable-0-vhi"},"wdio_ui5_key":"applicationmanagepartners-display-component---NewPartner--externalCustomerComboBox-application-managepartners-display-component---NewPartner--assignmentsTable-0-vhi"}]}
RESULT: undefined
COMMAND: POST /session/8b5e6cfdfc03247abf4ed7f1414f820f/element - {"using":"xpath","value":"//*[@id=\"application-managepartners-display-component---NewPartner--externalCustomerComboBox-application-managepartners-display-component---NewPartner--assignmentsTable-0-vhi\"]"}
RESULT: {}
RESULT: {"using":"xpath","value":"//*[@id=\"application-managepartners-display-component---NewPartner--externalCustomerComboBox-application-managepartners-display-component---NewPartner--assignmentsTable-0-vhi\"]"}
COMMAND: POST /session/8b5e6cfdfc03247abf4ed7f1414f820f/element/f.38C819845B9EC31E5A88AE0F72095084.d.1BB09D6C7ECE2AC943496472AA956A96.e.3506/click - {}
RESULT: {}
RESULT: undefined
COMMAND: POST /session/8b5e6cfdfc03247abf4ed7f1414f820f/execute/async - {"script":"<script> [776 bytes]","args":[{"enterText":"300003","selector":{"controlType":"sap.m.SearchField","properties":{"placeholder":"Search"},"searchOpenDialogs":true,"interaction":{"idSuffix":"I"}},"clearTextFirst":true,"interactionType":"ENTER_TEXT"}]}
COMMAND: GET /session/8b5e6cfdfc03247abf4ed7f1414f820f/screenshot - {}
RESULT: {"script":"<script> [776 bytes]","args":[{"enterText":"300003","selector":{"controlType":"sap.m.SearchField","properties":{"placeholder":"Search"},"searchOpenDialogs":true,"interaction":{"idSuffix":"I"}},"clearTextFirst":true,"interactionType":"ENTER_TEXT"}]}
COMMAND: POST /session/8b5e6cfdfc03247abf4ed7f1414f820f/actions - {"actions":[{"id":"action4","type":"key","parameters":{},"actions":[{"type":"keyDown","value":"î€‡"},{"type":"pause","duration":10},{"type":"keyUp","value":"î€‡"}]}]}
RESULT: {}
RESULT: {"actions":[{"id":"action4","type":"key","parameters":{},"actions":[{"type":"keyDown","value":"î€‡"},{"type":"pause","duration":10},{"type":"keyUp","value":"î€‡"}]}]}
COMMAND: GET /session/8b5e6cfdfc03247abf4ed7f1414f820f/screenshot - {}
RESULT: {}
COMMAND: POST /session/8b5e6cfdfc03247abf4ed7f1414f820f/element - {"using":"xpath","value":"//span[contains(text(), \"300003\")]"}
RESULT: {"using":"xpath","value":"//span[contains(text(), \"300003\")]"}
COMMAND: POST /session/8b5e6cfdfc03247abf4ed7f1414f820f/element/f.38C819845B9EC31E5A88AE0F72095084.d.1BB09D6C7ECE2AC943496472AA956A96.e.3525/click - {}
RESULT: {}
COMMAND: GET /session/8b5e6cfdfc03247abf4ed7f1414f820f/screenshot - {}
RESULT: {}
COMMAND: POST /session/8b5e6cfdfc03247abf4ed7f1414f820f/element - {"using":"xpath","value":"//bdi[contains(text(), \"OK\")]"}
RESULT: {"using":"xpath","value":"//bdi[contains(text(), \"OK\")]"}
COMMAND: POST /session/8b5e6cfdfc03247abf4ed7f1414f820f/element/f.38C819845B9EC31E5A88AE0F72095084.d.1BB09D6C7ECE2AC943496472AA956A96.e.3527/click - {}
RESULT: {}
COMMAND: GET /session/8b5e6cfdfc03247abf4ed7f1414f820f/screenshot - {}
RESULT: {}
COMMAND: POST /session/8b5e6cfdfc03247abf4ed7f1414f820f/execute/async - {"script":"<script> [1562 bytes]","args":[{"selector":{"id":"application-managepartners-display-component---NewPartner--intercompVendorComboBox-application-managepartners-display-component---NewPartner--assignmentsTable-0-vhi"},"wdio_ui5_key":"applicationmanagepartners-display-component---NewPartner--intercompVendorComboBox-application-managepartners-display-component---NewPartner--assignmentsTable-0-vhi"}]}
RESULT: {"script":"<script> [1562 bytes]","args":[{"selector":{"id":"application-managepartners-display-component---NewPartner--intercompVendorComboBox-application-managepartners-display-component---NewPartner--assignmentsTable-0-vhi"},"wdio_ui5_key":"applicationmanagepartners-display-component---NewPartner--intercompVendorComboBox-application-managepartners-display-component---NewPartner--assignmentsTable-0-vhi"}]}
RESULT: undefined
COMMAND: POST /session/8b5e6cfdfc03247abf4ed7f1414f820f/element - {"using":"xpath","value":"//*[@id=\"application-managepartners-display-component---NewPartner--intercompVendorComboBox-application-managepartners-display-component---NewPartner--assignmentsTable-0-vhi\"]"}
RESULT: {"using":"xpath","value":"//*[@id=\"application-managepartners-display-component---NewPartner--intercompVendorComboBox-application-managepartners-display-component---NewPartner--assignmentsTable-0-vhi\"]"}
COMMAND: POST /session/8b5e6cfdfc03247abf4ed7f1414f820f/element/f.38C819845B9EC31E5A88AE0F72095084.d.1BB09D6C7ECE2AC943496472AA956A96.e.3531/click - {}
RESULT: {}
RESULT: undefined
COMMAND: POST /session/8b5e6cfdfc03247abf4ed7f1414f820f/execute/async - {"script":"<script> [776 bytes]","args":[{"enterText":"100005","selector":{"controlType":"sap.m.SearchField","properties":{"placeholder":"Search"},"searchOpenDialogs":true,"interaction":{"idSuffix":"I"}},"clearTextFirst":true,"interactionType":"ENTER_TEXT"}]}
COMMAND: GET /session/8b5e6cfdfc03247abf4ed7f1414f820f/screenshot - {}
RESULT: {}
RESULT: {"script":"<script> [776 bytes]","args":[{"enterText":"100005","selector":{"controlType":"sap.m.SearchField","properties":{"placeholder":"Search"},"searchOpenDialogs":true,"interaction":{"idSuffix":"I"}},"clearTextFirst":true,"interactionType":"ENTER_TEXT"}]}
COMMAND: POST /session/8b5e6cfdfc03247abf4ed7f1414f820f/actions - {"actions":[{"id":"action5","type":"key","parameters":{},"actions":[{"type":"keyDown","value":"î€‡"},{"type":"pause","duration":10},{"type":"keyUp","value":"î€‡"}]}]}
RESULT: {"actions":[{"id":"action5","type":"key","parameters":{},"actions":[{"type":"keyDown","value":"î€‡"},{"type":"pause","duration":10},{"type":"keyUp","value":"î€‡"}]}]}
COMMAND: GET /session/8b5e6cfdfc03247abf4ed7f1414f820f/screenshot - {}
RESULT: {}
COMMAND: POST /session/8b5e6cfdfc03247abf4ed7f1414f820f/element - {"using":"xpath","value":"//span[contains(text(), \"Penguins - Field/12345 Berlin\")]"}
RESULT: {"using":"xpath","value":"//span[contains(text(), \"Penguins - Field/12345 Berlin\")]"}
COMMAND: POST /session/8b5e6cfdfc03247abf4ed7f1414f820f/element/f.38C819845B9EC31E5A88AE0F72095084.d.1BB09D6C7ECE2AC943496472AA956A96.e.3548/click - {}
RESULT: {}
COMMAND: GET /session/8b5e6cfdfc03247abf4ed7f1414f820f/screenshot - {}
RESULT: {}
COMMAND: POST /session/8b5e6cfdfc03247abf4ed7f1414f820f/element - {"using":"xpath","value":"//bdi[contains(text(), \"OK\")]"}
RESULT: {"using":"xpath","value":"//bdi[contains(text(), \"OK\")]"}
COMMAND: POST /session/8b5e6cfdfc03247abf4ed7f1414f820f/element/f.38C819845B9EC31E5A88AE0F72095084.d.1BB09D6C7ECE2AC943496472AA956A96.e.3549/click - {}
RESULT: {}
COMMAND: GET /session/8b5e6cfdfc03247abf4ed7f1414f820f/screenshot - {}
RESULT: {}
COMMAND: POST /session/8b5e6cfdfc03247abf4ed7f1414f820f/element - {"using":"xpath","value":"//button[@data-kt=\"saveButton\"]"}
RESULT: {"using":"xpath","value":"//button[@data-kt=\"saveButton\"]"}
COMMAND: POST /session/8b5e6cfdfc03247abf4ed7f1414f820f/element/f.38C819845B9EC31E5A88AE0F72095084.d.1BB09D6C7ECE2AC943496472AA956A96.e.3384/click - {}
RESULT: {}
COMMAND: GET /session/8b5e6cfdfc03247abf4ed7f1414f820f/screenshot - {}
RESULT: {}
COMMAND: POST /session/8b5e6cfdfc03247abf4ed7f1414f820f/element - {"using":"xpath","value":"//header[contains(@id, 'ObjectPageLayout-headerTitle')]/div[1]/div[2]/div[2]/span[1]"}
RESULT: {"using":"xpath","value":"//header[contains(@id, 'ObjectPageLayout-headerTitle')]/div[1]/div[2]/div[2]/span[1]"}
COMMAND: POST /session/8b5e6cfdfc03247abf4ed7f1414f820f/elements - {"using":"xpath","value":"//header[contains(@id, 'ObjectPageLayout-headerTitle')]/div[1]/div[2]/div[2]/span[1]"}
RESULT: {"using":"xpath","value":"//header[contains(@id, 'ObjectPageLayout-headerTitle')]/div[1]/div[2]/div[2]/span[1]"}
COMMAND: POST /session/8b5e6cfdfc03247abf4ed7f1414f820f/execute/sync - {"script":"<script> [56 bytes]","args":[{"element-6066-11e4-a52e-4f735466cecf":"f.38C819845B9EC31E5A88AE0F72095084.d.1BB09D6C7ECE2AC943496472AA956A96.e.3713","ELEMENT":"f.38C819845B9EC31E5A88AE0F72095084.d.1BB09D6C7ECE2AC943496472AA956A96.e.3713"}]}
RESULT: {"script":"<script> [56 bytes]","args":[{"element-6066-11e4-a52e-4f735466cecf":"f.38C819845B9EC31E5A88AE0F72095084.d.1BB09D6C7ECE2AC943496472AA956A96.e.3713","ELEMENT":"f.38C819845B9EC31E5A88AE0F72095084.d.1BB09D6C7ECE2AC943496472AA956A96.e.3713"}]}
COMMAND: POST /session/8b5e6cfdfc03247abf4ed7f1414f820f/element - {"using":"css selector","value":"#shell-header-logo"}
COMMAND: GET /session/8b5e6cfdfc03247abf4ed7f1414f820f/screenshot - {}
RESULT: {"using":"css selector","value":"#shell-header-logo"}
COMMAND: POST /session/8b5e6cfdfc03247abf4ed7f1414f820f/element/f.38C819845B9EC31E5A88AE0F72095084.d.1BB09D6C7ECE2AC943496472AA956A96.e.2935/click - {}
RESULT: {}
RESULT: {}
COMMAND: GET /session/8b5e6cfdfc03247abf4ed7f1414f820f/screenshot - {}
RESULT: {}
COMMAND: POST /session/8b5e6cfdfc03247abf4ed7f1414f820f/execute/sync - {"script":"<script> [299 bytes]","args":[["getModel","getResource"]]}
RESULT: {"script":"<script> [299 bytes]","args":[["getModel","getResource"]]}
]]></system-out>
    </testcase>
    <testcase classname="chrome.136_0_7103_93.windows.Billing_Transfer_-_Master_data_&amp;_Intercompany_US127250" name="Should create a new site" time="152.266">
      <system-out><![CDATA[
COMMAND: POST /session/8b5e6cfdfc03247abf4ed7f1414f820f/execute/async - {"script":"<script> [1562 bytes]","args":[{"selector":{"controlType":"sap.m.GenericTile","properties":{"header":"Manage Sites"}},"wdio_ui5_key":"sapm.GenericTile{\"header\":\"Manage Sites\"}"}]}
COMMAND: GET /session/8b5e6cfdfc03247abf4ed7f1414f820f/screenshot - {}
RESULT: {"script":"<script> [1562 bytes]","args":[{"selector":{"controlType":"sap.m.GenericTile","properties":{"header":"Manage Sites"}},"wdio_ui5_key":"sapm.GenericTile{\"header\":\"Manage Sites\"}"}]}
RESULT: undefined
COMMAND: POST /session/8b5e6cfdfc03247abf4ed7f1414f820f/element - {"using":"xpath","value":"//*[@id=\"__tile40\"]"}
RESULT: {}
RESULT: {"using":"xpath","value":"//*[@id=\"__tile40\"]"}
COMMAND: POST /session/8b5e6cfdfc03247abf4ed7f1414f820f/element/f.38C819845B9EC31E5A88AE0F72095084.d.1BB09D6C7ECE2AC943496472AA956A96.e.2084/click - {}
RESULT: {}
COMMAND: GET /session/8b5e6cfdfc03247abf4ed7f1414f820f/screenshot - {}
RESULT: {}
COMMAND: POST /session/8b5e6cfdfc03247abf4ed7f1414f820f/elements - {"using":"xpath","value":"//span[text()='Error']"}
RESULT: {"using":"xpath","value":"//span[text()='Error']"}
COMMAND: POST /session/8b5e6cfdfc03247abf4ed7f1414f820f/element - {"using":"xpath","value":"//button[@data-kt=\"addOverflowToolbarButton\"]"}
RESULT: {"using":"xpath","value":"//button[@data-kt=\"addOverflowToolbarButton\"]"}
COMMAND: POST /session/8b5e6cfdfc03247abf4ed7f1414f820f/elements - {"using":"xpath","value":"//button[@data-kt=\"addOverflowToolbarButton\"]"}
RESULT: {"using":"xpath","value":"//button[@data-kt=\"addOverflowToolbarButton\"]"}
COMMAND: POST /session/8b5e6cfdfc03247abf4ed7f1414f820f/execute/sync - {"script":"<script> [8489 bytes]","args":[{"element-6066-11e4-a52e-4f735466cecf":"f.38C819845B9EC31E5A88AE0F72095084.d.1BB09D6C7ECE2AC943496472AA956A96.e.3761","ELEMENT":"f.38C819845B9EC31E5A88AE0F72095084.d.1BB09D6C7ECE2AC943496472AA956A96.e.3761"}]}
RESULT: {"script":"<script> [8489 bytes]","args":[{"element-6066-11e4-a52e-4f735466cecf":"f.38C819845B9EC31E5A88AE0F72095084.d.1BB09D6C7ECE2AC943496472AA956A96.e.3761","ELEMENT":"f.38C819845B9EC31E5A88AE0F72095084.d.1BB09D6C7ECE2AC943496472AA956A96.e.3761"}]}
COMMAND: GET /session/8b5e6cfdfc03247abf4ed7f1414f820f/element/f.38C819845B9EC31E5A88AE0F72095084.d.1BB09D6C7ECE2AC943496472AA956A96.e.3761/enabled - {}
COMMAND: GET /session/8b5e6cfdfc03247abf4ed7f1414f820f/screenshot - {}
RESULT: {}
COMMAND: POST /session/8b5e6cfdfc03247abf4ed7f1414f820f/execute/sync - {"script":"<script> [8489 bytes]","args":[{"element-6066-11e4-a52e-4f735466cecf":"f.38C819845B9EC31E5A88AE0F72095084.d.1BB09D6C7ECE2AC943496472AA956A96.e.3761","ELEMENT":"f.38C819845B9EC31E5A88AE0F72095084.d.1BB09D6C7ECE2AC943496472AA956A96.e.3761"}]}
COMMAND: GET /session/8b5e6cfdfc03247abf4ed7f1414f820f/screenshot - {}
RESULT: {}
RESULT: {"script":"<script> [8489 bytes]","args":[{"element-6066-11e4-a52e-4f735466cecf":"f.38C819845B9EC31E5A88AE0F72095084.d.1BB09D6C7ECE2AC943496472AA956A96.e.3761","ELEMENT":"f.38C819845B9EC31E5A88AE0F72095084.d.1BB09D6C7ECE2AC943496472AA956A96.e.3761"}]}
COMMAND: POST /session/8b5e6cfdfc03247abf4ed7f1414f820f/execute/sync - {"script":"<script> [5351 bytes]","args":[{"element-6066-11e4-a52e-4f735466cecf":"f.38C819845B9EC31E5A88AE0F72095084.d.1BB09D6C7ECE2AC943496472AA956A96.e.3761","ELEMENT":"f.38C819845B9EC31E5A88AE0F72095084.d.1BB09D6C7ECE2AC943496472AA956A96.e.3761"}]}
COMMAND: GET /session/8b5e6cfdfc03247abf4ed7f1414f820f/screenshot - {}
RESULT: {}
RESULT: {"script":"<script> [5351 bytes]","args":[{"element-6066-11e4-a52e-4f735466cecf":"f.38C819845B9EC31E5A88AE0F72095084.d.1BB09D6C7ECE2AC943496472AA956A96.e.3761","ELEMENT":"f.38C819845B9EC31E5A88AE0F72095084.d.1BB09D6C7ECE2AC943496472AA956A96.e.3761"}]}
COMMAND: POST /session/8b5e6cfdfc03247abf4ed7f1414f820f/element/f.38C819845B9EC31E5A88AE0F72095084.d.1BB09D6C7ECE2AC943496472AA956A96.e.3761/click - {}
COMMAND: GET /session/8b5e6cfdfc03247abf4ed7f1414f820f/screenshot - {}
RESULT: {}
RESULT: {}
COMMAND: GET /session/8b5e6cfdfc03247abf4ed7f1414f820f/screenshot - {}
COMMAND: POST /session/8b5e6cfdfc03247abf4ed7f1414f820f/element - {"using":"xpath","value":"//input[@id=\"application-managesites-display-component---NewSite--siteId-inner\"]"}
RESULT: {}
RESULT: {}
RESULT: {"using":"xpath","value":"//input[@id=\"application-managesites-display-component---NewSite--siteId-inner\"]"}
COMMAND: POST /session/8b5e6cfdfc03247abf4ed7f1414f820f/element - {"using":"xpath","value":"//input[@id=\"application-managesites-display-component---NewSite--siteId-inner\"]"}
RESULT: {"using":"xpath","value":"//input[@id=\"application-managesites-display-component---NewSite--siteId-inner\"]"}
COMMAND: POST /session/8b5e6cfdfc03247abf4ed7f1414f820f/execute/async - {"script":"<script> [1562 bytes]","args":[{"selector":{"id":"application-managesites-display-component---NewSite--addressDetailDetailsName1","interaction":{"idSuffix":"inner"}},"wdio_ui5_key":"applicationmanagesites-display-component---NewSite--addressDetailDetailsName1"}]}
RESULT: {"script":"<script> [1562 bytes]","args":[{"selector":{"id":"application-managesites-display-component---NewSite--addressDetailDetailsName1","interaction":{"idSuffix":"inner"}},"wdio_ui5_key":"applicationmanagesites-display-component---NewSite--addressDetailDetailsName1"}]}
RESULT: undefined
COMMAND: POST /session/8b5e6cfdfc03247abf4ed7f1414f820f/execute/async - {"script":"<script> [776 bytes]","args":[{"enterText":"Intercompany Site wdIO","selector":{"id":"application-managesites-display-component---NewSite--addressDetailDetailsName1","interaction":{"idSuffix":"inner"}},"clearTextFirst":true,"interactionType":"ENTER_TEXT"}]}
RESULT: {"script":"<script> [776 bytes]","args":[{"enterText":"Intercompany Site wdIO","selector":{"id":"application-managesites-display-component---NewSite--addressDetailDetailsName1","interaction":{"idSuffix":"inner"}},"clearTextFirst":true,"interactionType":"ENTER_TEXT"}]}
COMMAND: POST /session/8b5e6cfdfc03247abf4ed7f1414f820f/execute/async - {"script":"<script> [1562 bytes]","args":[{"selector":{"id":"application-managesites-display-component---NewSite--addressDetailDetailsLanguage-arrow"},"wdio_ui5_key":"applicationmanagesites-display-component---NewSite--addressDetailDetailsLanguage-arrow"}]}
RESULT: {"script":"<script> [1562 bytes]","args":[{"selector":{"id":"application-managesites-display-component---NewSite--addressDetailDetailsLanguage-arrow"},"wdio_ui5_key":"applicationmanagesites-display-component---NewSite--addressDetailDetailsLanguage-arrow"}]}
RESULT: undefined
COMMAND: POST /session/8b5e6cfdfc03247abf4ed7f1414f820f/element - {"using":"xpath","value":"//*[@id=\"application-managesites-display-component---NewSite--addressDetailDetailsLanguage-arrow\"]"}
RESULT: {"using":"xpath","value":"//*[@id=\"application-managesites-display-component---NewSite--addressDetailDetailsLanguage-arrow\"]"}
COMMAND: POST /session/8b5e6cfdfc03247abf4ed7f1414f820f/element/f.38C819845B9EC31E5A88AE0F72095084.d.1BB09D6C7ECE2AC943496472AA956A96.e.4386/click - {}
RESULT: {}
COMMAND: POST /session/8b5e6cfdfc03247abf4ed7f1414f820f/element - {"using":"xpath","value":"//span[contains(text(), \"English\")]"}
COMMAND: GET /session/8b5e6cfdfc03247abf4ed7f1414f820f/screenshot - {}
RESULT: {"using":"xpath","value":"//span[contains(text(), \"English\")]"}
COMMAND: POST /session/8b5e6cfdfc03247abf4ed7f1414f820f/element/f.38C819845B9EC31E5A88AE0F72095084.d.1BB09D6C7ECE2AC943496472AA956A96.e.4387/click - {}
RESULT: {}
RESULT: {}
COMMAND: POST /session/8b5e6cfdfc03247abf4ed7f1414f820f/execute/async - {"script":"<script> [1562 bytes]","args":[{"selector":{"id":"application-managesites-display-component---NewSite--addressDetailDetailsCity1","interaction":{"idSuffix":"inner"}},"wdio_ui5_key":"applicationmanagesites-display-component---NewSite--addressDetailDetailsCity1"}]}
COMMAND: GET /session/8b5e6cfdfc03247abf4ed7f1414f820f/screenshot - {}
RESULT: {"script":"<script> [1562 bytes]","args":[{"selector":{"id":"application-managesites-display-component---NewSite--addressDetailDetailsCity1","interaction":{"idSuffix":"inner"}},"wdio_ui5_key":"applicationmanagesites-display-component---NewSite--addressDetailDetailsCity1"}]}
RESULT: undefined
COMMAND: POST /session/8b5e6cfdfc03247abf4ed7f1414f820f/execute/async - {"script":"<script> [776 bytes]","args":[{"enterText":"Rosario","selector":{"id":"application-managesites-display-component---NewSite--addressDetailDetailsCity1","interaction":{"idSuffix":"inner"}},"clearTextFirst":true,"interactionType":"ENTER_TEXT"}]}
RESULT: {}
RESULT: {"script":"<script> [776 bytes]","args":[{"enterText":"Rosario","selector":{"id":"application-managesites-display-component---NewSite--addressDetailDetailsCity1","interaction":{"idSuffix":"inner"}},"clearTextFirst":true,"interactionType":"ENTER_TEXT"}]}
COMMAND: POST /session/8b5e6cfdfc03247abf4ed7f1414f820f/execute/async - {"script":"<script> [1562 bytes]","args":[{"selector":{"id":"application-managesites-display-component---NewSite--addressDetailDetailsCountry-arrow"},"wdio_ui5_key":"applicationmanagesites-display-component---NewSite--addressDetailDetailsCountry-arrow"}]}
RESULT: {"script":"<script> [1562 bytes]","args":[{"selector":{"id":"application-managesites-display-component---NewSite--addressDetailDetailsCountry-arrow"},"wdio_ui5_key":"applicationmanagesites-display-component---NewSite--addressDetailDetailsCountry-arrow"}]}
RESULT: undefined
COMMAND: POST /session/8b5e6cfdfc03247abf4ed7f1414f820f/element - {"using":"xpath","value":"//*[@id=\"application-managesites-display-component---NewSite--addressDetailDetailsCountry-arrow\"]"}
RESULT: {"using":"xpath","value":"//*[@id=\"application-managesites-display-component---NewSite--addressDetailDetailsCountry-arrow\"]"}
COMMAND: POST /session/8b5e6cfdfc03247abf4ed7f1414f820f/element/f.38C819845B9EC31E5A88AE0F72095084.d.1BB09D6C7ECE2AC943496472AA956A96.e.4389/click - {}
RESULT: {}
COMMAND: POST /session/8b5e6cfdfc03247abf4ed7f1414f820f/element - {"using":"xpath","value":"//span[contains(text(), \"Argentina\")]"}
COMMAND: GET /session/8b5e6cfdfc03247abf4ed7f1414f820f/screenshot - {}
RESULT: {"using":"xpath","value":"//span[contains(text(), \"Argentina\")]"}
COMMAND: POST /session/8b5e6cfdfc03247abf4ed7f1414f820f/element/f.38C819845B9EC31E5A88AE0F72095084.d.1BB09D6C7ECE2AC943496472AA956A96.e.4390/click - {}
RESULT: {}
RESULT: {}
COMMAND: GET /session/8b5e6cfdfc03247abf4ed7f1414f820f/screenshot - {}
RESULT: {}
COMMAND: POST /session/8b5e6cfdfc03247abf4ed7f1414f820f/execute/async - {"script":"<script> [1562 bytes]","args":[{"selector":{"id":"application-managesites-display-component---NewSite--addressEditDetailsCostObjectCstType-arrow"},"wdio_ui5_key":"applicationmanagesites-display-component---NewSite--addressEditDetailsCostObjectCstType-arrow"}]}
RESULT: {"script":"<script> [1562 bytes]","args":[{"selector":{"id":"application-managesites-display-component---NewSite--addressEditDetailsCostObjectCstType-arrow"},"wdio_ui5_key":"applicationmanagesites-display-component---NewSite--addressEditDetailsCostObjectCstType-arrow"}]}
RESULT: undefined
COMMAND: POST /session/8b5e6cfdfc03247abf4ed7f1414f820f/element - {"using":"xpath","value":"//*[@id=\"application-managesites-display-component---NewSite--addressEditDetailsCostObjectCstType-arrow\"]"}
RESULT: {"using":"xpath","value":"//*[@id=\"application-managesites-display-component---NewSite--addressEditDetailsCostObjectCstType-arrow\"]"}
COMMAND: POST /session/8b5e6cfdfc03247abf4ed7f1414f820f/element/f.38C819845B9EC31E5A88AE0F72095084.d.1BB09D6C7ECE2AC943496472AA956A96.e.4392/click - {}
RESULT: {}
COMMAND: POST /session/8b5e6cfdfc03247abf4ed7f1414f820f/element - {"using":"xpath","value":"//span[contains(text(), \"Cost Center\")]"}
COMMAND: GET /session/8b5e6cfdfc03247abf4ed7f1414f820f/screenshot - {}
RESULT: {"using":"xpath","value":"//span[contains(text(), \"Cost Center\")]"}
COMMAND: POST /session/8b5e6cfdfc03247abf4ed7f1414f820f/element/f.38C819845B9EC31E5A88AE0F72095084.d.1BB09D6C7ECE2AC943496472AA956A96.e.4393/click - {}
RESULT: {}
RESULT: {}
COMMAND: GET /session/8b5e6cfdfc03247abf4ed7f1414f820f/screenshot - {}
RESULT: {}
COMMAND: POST /session/8b5e6cfdfc03247abf4ed7f1414f820f/element - {"using":"xpath","value":"//span[@id=\"application-managesites-display-component---NewSite--addressNewCostObjectCstID-vhi\"]"}
RESULT: {"using":"xpath","value":"//span[@id=\"application-managesites-display-component---NewSite--addressNewCostObjectCstID-vhi\"]"}
COMMAND: POST /session/8b5e6cfdfc03247abf4ed7f1414f820f/execute/sync - {"script":"<script> [8489 bytes]","args":[{"element-6066-11e4-a52e-4f735466cecf":"f.38C819845B9EC31E5A88AE0F72095084.d.1BB09D6C7ECE2AC943496472AA956A96.e.4398","ELEMENT":"f.38C819845B9EC31E5A88AE0F72095084.d.1BB09D6C7ECE2AC943496472AA956A96.e.4398"}]}
RESULT: {"script":"<script> [8489 bytes]","args":[{"element-6066-11e4-a52e-4f735466cecf":"f.38C819845B9EC31E5A88AE0F72095084.d.1BB09D6C7ECE2AC943496472AA956A96.e.4398","ELEMENT":"f.38C819845B9EC31E5A88AE0F72095084.d.1BB09D6C7ECE2AC943496472AA956A96.e.4398"}]}
COMMAND: POST /session/8b5e6cfdfc03247abf4ed7f1414f820f/execute/async - {"script":"<script> [1562 bytes]","args":[{"selector":{"id":"application-managesites-display-component---NewSite--addressNewCostObjectCstID-vhi"},"wdio_ui5_key":"applicationmanagesites-display-component---NewSite--addressNewCostObjectCstID-vhi"}]}
COMMAND: GET /session/8b5e6cfdfc03247abf4ed7f1414f820f/screenshot - {}
RESULT: {"script":"<script> [1562 bytes]","args":[{"selector":{"id":"application-managesites-display-component---NewSite--addressNewCostObjectCstID-vhi"},"wdio_ui5_key":"applicationmanagesites-display-component---NewSite--addressNewCostObjectCstID-vhi"}]}
RESULT: undefined
COMMAND: POST /session/8b5e6cfdfc03247abf4ed7f1414f820f/element - {"using":"xpath","value":"//*[@id=\"application-managesites-display-component---NewSite--addressNewCostObjectCstID-vhi\"]"}
RESULT: {}
RESULT: {"using":"xpath","value":"//*[@id=\"application-managesites-display-component---NewSite--addressNewCostObjectCstID-vhi\"]"}
COMMAND: POST /session/8b5e6cfdfc03247abf4ed7f1414f820f/element/f.38C819845B9EC31E5A88AE0F72095084.d.1BB09D6C7ECE2AC943496472AA956A96.e.4398/click - {}
RESULT: {}
COMMAND: GET /session/8b5e6cfdfc03247abf4ed7f1414f820f/screenshot - {}
RESULT: {}
RESULT: undefined
COMMAND: POST /session/8b5e6cfdfc03247abf4ed7f1414f820f/execute/async - {"script":"<script> [776 bytes]","args":[{"enterText":"10001013","selector":{"controlType":"sap.m.SearchField","properties":{"placeholder":"Search"},"searchOpenDialogs":true,"interaction":{"idSuffix":"I"}},"clearTextFirst":true,"interactionType":"ENTER_TEXT"}]}
RESULT: {"script":"<script> [776 bytes]","args":[{"enterText":"10001013","selector":{"controlType":"sap.m.SearchField","properties":{"placeholder":"Search"},"searchOpenDialogs":true,"interaction":{"idSuffix":"I"}},"clearTextFirst":true,"interactionType":"ENTER_TEXT"}]}
COMMAND: POST /session/8b5e6cfdfc03247abf4ed7f1414f820f/actions - {"actions":[{"id":"action6","type":"key","parameters":{},"actions":[{"type":"keyDown","value":"î€‡"},{"type":"pause","duration":10},{"type":"keyUp","value":"î€‡"}]}]}
RESULT: {"actions":[{"id":"action6","type":"key","parameters":{},"actions":[{"type":"keyDown","value":"î€‡"},{"type":"pause","duration":10},{"type":"keyUp","value":"î€‡"}]}]}
COMMAND: GET /session/8b5e6cfdfc03247abf4ed7f1414f820f/screenshot - {}
RESULT: {}
COMMAND: POST /session/8b5e6cfdfc03247abf4ed7f1414f820f/element - {"using":"xpath","value":"//span[contains(text(), \"General Management\")]"}
RESULT: {"using":"xpath","value":"//span[contains(text(), \"General Management\")]"}
COMMAND: POST /session/8b5e6cfdfc03247abf4ed7f1414f820f/element/f.38C819845B9EC31E5A88AE0F72095084.d.1BB09D6C7ECE2AC943496472AA956A96.e.4437/click - {}
RESULT: {}
COMMAND: GET /session/8b5e6cfdfc03247abf4ed7f1414f820f/screenshot - {}
RESULT: {}
COMMAND: POST /session/8b5e6cfdfc03247abf4ed7f1414f820f/element - {"using":"xpath","value":"//bdi[contains(text(), \"OK\")]"}
RESULT: {"using":"xpath","value":"//bdi[contains(text(), \"OK\")]"}
COMMAND: POST /session/8b5e6cfdfc03247abf4ed7f1414f820f/element/f.38C819845B9EC31E5A88AE0F72095084.d.1BB09D6C7ECE2AC943496472AA956A96.e.4438/click - {}
RESULT: {}
COMMAND: GET /session/8b5e6cfdfc03247abf4ed7f1414f820f/screenshot - {}
RESULT: {}
COMMAND: POST /session/8b5e6cfdfc03247abf4ed7f1414f820f/element - {"using":"xpath","value":"//input[@id=\"application-managesites-display-component---NewSite--addressDetailDetailsCalendar-inner\"]"}
RESULT: {"using":"xpath","value":"//input[@id=\"application-managesites-display-component---NewSite--addressDetailDetailsCalendar-inner\"]"}
COMMAND: POST /session/8b5e6cfdfc03247abf4ed7f1414f820f/element/f.38C819845B9EC31E5A88AE0F72095084.d.1BB09D6C7ECE2AC943496472AA956A96.e.4188/clear - {}
RESULT: {}
COMMAND: POST /session/8b5e6cfdfc03247abf4ed7f1414f820f/element/f.38C819845B9EC31E5A88AE0F72095084.d.1BB09D6C7ECE2AC943496472AA956A96.e.4188/value - {"text":"Unit"}
COMMAND: GET /session/8b5e6cfdfc03247abf4ed7f1414f820f/screenshot - {}
RESULT: {"text":"Unit"}
COMMAND: GET /session/8b5e6cfdfc03247abf4ed7f1414f820f/screenshot - {}
RESULT: {}
RESULT: {}
COMMAND: POST /session/8b5e6cfdfc03247abf4ed7f1414f820f/actions - {"actions":[{"id":"action7","type":"key","parameters":{},"actions":[{"type":"keyDown","value":"î€‡"},{"type":"pause","duration":10},{"type":"keyUp","value":"î€‡"}]}]}
RESULT: {"actions":[{"id":"action7","type":"key","parameters":{},"actions":[{"type":"keyDown","value":"î€‡"},{"type":"pause","duration":10},{"type":"keyUp","value":"î€‡"}]}]}
COMMAND: POST /session/8b5e6cfdfc03247abf4ed7f1414f820f/element - {"using":"xpath","value":"//input[@id=\"application-managesites-display-component---NewSite--addressDetailDetailsYard-inner\"]"}
COMMAND: GET /session/8b5e6cfdfc03247abf4ed7f1414f820f/screenshot - {}
RESULT: {"using":"xpath","value":"//input[@id=\"application-managesites-display-component---NewSite--addressDetailDetailsYard-inner\"]"}
COMMAND: POST /session/8b5e6cfdfc03247abf4ed7f1414f820f/element/f.38C819845B9EC31E5A88AE0F72095084.d.1BB09D6C7ECE2AC943496472AA956A96.e.4189/clear - {}
RESULT: {}
RESULT: {}
COMMAND: POST /session/8b5e6cfdfc03247abf4ed7f1414f820f/element/f.38C819845B9EC31E5A88AE0F72095084.d.1BB09D6C7ECE2AC943496472AA956A96.e.4189/value - {"text":"626"}
COMMAND: GET /session/8b5e6cfdfc03247abf4ed7f1414f820f/screenshot - {}
RESULT: {"text":"626"}
COMMAND: GET /session/8b5e6cfdfc03247abf4ed7f1414f820f/screenshot - {}
RESULT: {}
RESULT: {}
COMMAND: POST /session/8b5e6cfdfc03247abf4ed7f1414f820f/element - {"using":"xpath","value":"//li[.//span[text()='626']]"}
RESULT: {"using":"xpath","value":"//li[.//span[text()='626']]"}
COMMAND: POST /session/8b5e6cfdfc03247abf4ed7f1414f820f/element/f.38C819845B9EC31E5A88AE0F72095084.d.1BB09D6C7ECE2AC943496472AA956A96.e.4446/click - {}
RESULT: {}
COMMAND: GET /session/8b5e6cfdfc03247abf4ed7f1414f820f/screenshot - {}
RESULT: {}
COMMAND: POST /session/8b5e6cfdfc03247abf4ed7f1414f820f/element - {"using":"xpath","value":"//input[@id=\"application-managesites-display-component---NewSite--addressDetailDetailsPartner-inner\"]"}
RESULT: {"using":"xpath","value":"//input[@id=\"application-managesites-display-component---NewSite--addressDetailDetailsPartner-inner\"]"}
COMMAND: POST /session/8b5e6cfdfc03247abf4ed7f1414f820f/element - {"using":"xpath","value":"//input[@id=\"application-managesites-display-component---NewSite--addressDetailDetailsPartner-inner\"]"}
RESULT: {"using":"xpath","value":"//input[@id=\"application-managesites-display-component---NewSite--addressDetailDetailsPartner-inner\"]"}
COMMAND: POST /session/8b5e6cfdfc03247abf4ed7f1414f820f/element - {"using":"xpath","value":"//button[@data-kt=\"saveButton\"]"}
RESULT: {"using":"xpath","value":"//button[@data-kt=\"saveButton\"]"}
COMMAND: POST /session/8b5e6cfdfc03247abf4ed7f1414f820f/element/f.38C819845B9EC31E5A88AE0F72095084.d.1BB09D6C7ECE2AC943496472AA956A96.e.4379/click - {}
RESULT: {}
COMMAND: GET /session/8b5e6cfdfc03247abf4ed7f1414f820f/screenshot - {}
RESULT: {}
COMMAND: POST /session/8b5e6cfdfc03247abf4ed7f1414f820f/element - {"using":"xpath","value":"//header[contains(@id, 'ObjectPageLayout-headerTitle')]/div[1]/div[2]/div[2]/span[1]"}
RESULT: {"using":"xpath","value":"//header[contains(@id, 'ObjectPageLayout-headerTitle')]/div[1]/div[2]/div[2]/span[1]"}
COMMAND: POST /session/8b5e6cfdfc03247abf4ed7f1414f820f/elements - {"using":"xpath","value":"//header[contains(@id, 'ObjectPageLayout-headerTitle')]/div[1]/div[2]/div[2]/span[1]"}
RESULT: {"using":"xpath","value":"//header[contains(@id, 'ObjectPageLayout-headerTitle')]/div[1]/div[2]/div[2]/span[1]"}
COMMAND: POST /session/8b5e6cfdfc03247abf4ed7f1414f820f/execute/sync - {"script":"<script> [56 bytes]","args":[{"element-6066-11e4-a52e-4f735466cecf":"f.38C819845B9EC31E5A88AE0F72095084.d.1BB09D6C7ECE2AC943496472AA956A96.e.4647","ELEMENT":"f.38C819845B9EC31E5A88AE0F72095084.d.1BB09D6C7ECE2AC943496472AA956A96.e.4647"}]}
RESULT: {"script":"<script> [56 bytes]","args":[{"element-6066-11e4-a52e-4f735466cecf":"f.38C819845B9EC31E5A88AE0F72095084.d.1BB09D6C7ECE2AC943496472AA956A96.e.4647","ELEMENT":"f.38C819845B9EC31E5A88AE0F72095084.d.1BB09D6C7ECE2AC943496472AA956A96.e.4647"}]}
COMMAND: POST /session/8b5e6cfdfc03247abf4ed7f1414f820f/element - {"using":"css selector","value":"#shell-header-logo"}
COMMAND: GET /session/8b5e6cfdfc03247abf4ed7f1414f820f/screenshot - {}
RESULT: {"using":"css selector","value":"#shell-header-logo"}
COMMAND: POST /session/8b5e6cfdfc03247abf4ed7f1414f820f/element/f.38C819845B9EC31E5A88AE0F72095084.d.1BB09D6C7ECE2AC943496472AA956A96.e.3718/click - {}
RESULT: {}
RESULT: {}
COMMAND: GET /session/8b5e6cfdfc03247abf4ed7f1414f820f/screenshot - {}
RESULT: {}
COMMAND: POST /session/8b5e6cfdfc03247abf4ed7f1414f820f/execute/sync - {"script":"<script> [299 bytes]","args":[["getModel","getResource"]]}
RESULT: {"script":"<script> [299 bytes]","args":[["getModel","getResource"]]}
COMMAND: POST /session/8b5e6cfdfc03247abf4ed7f1414f820f/actions - {"actions":[{"id":"action8","type":"key","parameters":{},"actions":[{"type":"keyDown","value":"î€‡"},{"type":"pause","duration":10},{"type":"keyUp","value":"î€‡"}]}]}
COMMAND: GET /session/8b5e6cfdfc03247abf4ed7f1414f820f/screenshot - {}
RESULT: {"actions":[{"id":"action8","type":"key","parameters":{},"actions":[{"type":"keyDown","value":"î€‡"},{"type":"pause","duration":10},{"type":"keyUp","value":"î€‡"}]}]}
COMMAND: GET /session/8b5e6cfdfc03247abf4ed7f1414f820f/screenshot - {}
RESULT: {}
RESULT: {}
COMMAND: POST /session/8b5e6cfdfc03247abf4ed7f1414f820f/refresh - {}
RESULT: {}
COMMAND: GET /session/8b5e6cfdfc03247abf4ed7f1414f820f/screenshot - {}
RESULT: {}
COMMAND: POST /session/8b5e6cfdfc03247abf4ed7f1414f820f/refresh - {}
RESULT: {}
COMMAND: GET /session/8b5e6cfdfc03247abf4ed7f1414f820f/screenshot - {}
RESULT: {}
COMMAND: POST /session/8b5e6cfdfc03247abf4ed7f1414f820f/window/fullscreen - {}
RESULT: {}
COMMAND: POST /session/8b5e6cfdfc03247abf4ed7f1414f820f/execute/async - {"script":"<script> [189 bytes]","args":[]}
RESULT: {"script":"<script> [189 bytes]","args":[]}
COMMAND: POST /session/8b5e6cfdfc03247abf4ed7f1414f820f/execute/async - {"script":"<script> [123 bytes]","args":[]}
RESULT: {"script":"<script> [123 bytes]","args":[]}
COMMAND: POST /session/8b5e6cfdfc03247abf4ed7f1414f820f/timeouts - {"script":"<number>"}
RESULT: {"script":"<number>"}
COMMAND: GET /session/8b5e6cfdfc03247abf4ed7f1414f820f/timeouts - {}
RESULT: {}
RESULT: undefined
COMMAND: POST /session/8b5e6cfdfc03247abf4ed7f1414f820f/execute/async - {"script":"<script> [2676 bytes]","args":[]}
RESULT: {"script":"<script> [2676 bytes]","args":[]}
COMMAND: POST /session/8b5e6cfdfc03247abf4ed7f1414f820f/execute/async - {"script":"<script> [2342 bytes]","args":[{"protocol":"http","hostname":"0.0.0.0","path":"/","capabilities":{"browserName":"chrome","goog:chromeOptions":{"binary":"C:\\Program Files\\Google\\Chrome\\Application\\chrome.exe","args":["--start-maximized"]}},"logLevel":"warn","connectionRetryTimeout":120000,"connectionRetryCount":3,"logLevels":{},"enableDirectConnect":true,"strictSSL":true,"_":"65 more keys: [\"cacheDir\",\"port\",\"requestedCapabilities\",\"automationProtocol\",\"baseUrl\",\"waitforInterval\",\"waitforTimeout\",\"onReload\",\"beforeCommand\",\"afterCommand\",\"rootDir\",\"specs\",\"suites\",\"exclude\",\"groupLogsByTestSpec\",\"excludeDriverLogs\",\"bail\",\"framework\",\"reporters\",\"services\",\"maxInstances\",\"maxInstancesPerCapability\",\"injectGlobals\",\"filesToWatch\",\"execArgv\",\"runnerEnv\",\"runner\",\"shard\",\"specFileRetries\",\"specFileRetriesDelay\",\"specFileRetriesDeferred\",\"reporterSyncInterval\",\"reporterSyncTimeout\",\"cucumberFeaturesWithLineNumbers\",\"autoCompileOpts\",\"mochaOpts\",\"jasmineOpts\",\"cucumberOpts\",\"onPrepare\",\"onWorkerStart\",\"onWorkerEnd\",\"before\",\"beforeSession\",\"beforeSuite\",\"beforeHook\",\"beforeTest\",\"afterTest\",\"afterHook\",\"afterSuite\",\"afterSession\",\"after\",\"onComplete\",\"beforeAssertion\",\"afterAssertion\",\"beforeFeature\",\"beforeScenario\",\"beforeStep\",\"afterStep\",\"afterScenario\",\"afterFeature\",\"_\",\"suite\",\"$0\",\"ignoredWorkerServices\",\"wdi5\"]"}]}
RESULT: {"script":"<script> [2342 bytes]","args":[{"protocol":"http","hostname":"0.0.0.0","path":"/","capabilities":{"browserName":"chrome","goog:chromeOptions":{"binary":"C:\\Program Files\\Google\\Chrome\\Application\\chrome.exe","args":["--start-maximized"]}},"logLevel":"warn","connectionRetryTimeout":120000,"connectionRetryCount":3,"logLevels":{},"enableDirectConnect":true,"strictSSL":true,"_":"65 more keys: [\"cacheDir\",\"port\",\"requestedCapabilities\",\"automationProtocol\",\"baseUrl\",\"waitforInterval\",\"waitforTimeout\",\"onReload\",\"beforeCommand\",\"afterCommand\",\"rootDir\",\"specs\",\"suites\",\"exclude\",\"groupLogsByTestSpec\",\"excludeDriverLogs\",\"bail\",\"framework\",\"reporters\",\"services\",\"maxInstances\",\"maxInstancesPerCapability\",\"injectGlobals\",\"filesToWatch\",\"execArgv\",\"runnerEnv\",\"runner\",\"shard\",\"specFileRetries\",\"specFileRetriesDelay\",\"specFileRetriesDeferred\",\"reporterSyncInterval\",\"reporterSyncTimeout\",\"cucumberFeaturesWithLineNumbers\",\"autoCompileOpts\",\"mochaOpts\",\"jasmineOpts\",\"cucumberOpts\",\"onPrepare\",\"onWorkerStart\",\"onWorkerEnd\",\"before\",\"beforeSession\",\"beforeSuite\",\"beforeHook\",\"beforeTest\",\"afterTest\",\"afterHook\",\"afterSuite\",\"afterSession\",\"after\",\"onComplete\",\"beforeAssertion\",\"afterAssertion\",\"beforeFeature\",\"beforeScenario\",\"beforeStep\",\"afterStep\",\"afterScenario\",\"afterFeature\",\"_\",\"suite\",\"$0\",\"ignoredWorkerServices\",\"wdi5\"]"}]}
COMMAND: POST /session/8b5e6cfdfc03247abf4ed7f1414f820f/execute/async - {"script":"<script> [21126 bytes]","args":[35000]}
RESULT: {"script":"<script> [21126 bytes]","args":[35000]}
COMMAND: POST /session/8b5e6cfdfc03247abf4ed7f1414f820f/window/fullscreen - {}
RESULT: {}
]]></system-out>
    </testcase>
    <testcase classname="chrome.136_0_7103_93.windows.Billing_Transfer_-_Master_data_&amp;_Intercompany_US127250" name="Should create a new equipment" time="142.498">
      <system-out><![CDATA[
COMMAND: POST /session/8b5e6cfdfc03247abf4ed7f1414f820f/execute/async - {"script":"<script> [1562 bytes]","args":[{"selector":{"controlType":"sap.m.GenericTile","properties":{"header":"Manage Resources"}},"wdio_ui5_key":"sapm.GenericTile{\"header\":\"Manage Resources\"}"}]}
RESULT: {"script":"<script> [1562 bytes]","args":[{"selector":{"controlType":"sap.m.GenericTile","properties":{"header":"Manage Resources"}},"wdio_ui5_key":"sapm.GenericTile{\"header\":\"Manage Resources\"}"}]}
RESULT: undefined
COMMAND: POST /session/8b5e6cfdfc03247abf4ed7f1414f820f/element - {"using":"xpath","value":"//*[@id=\"__tile31\"]"}
RESULT: {"using":"xpath","value":"//*[@id=\"__tile31\"]"}
COMMAND: POST /session/8b5e6cfdfc03247abf4ed7f1414f820f/element/f.38C819845B9EC31E5A88AE0F72095084.d.EB9A8F54994D1FDD010432651432F7F5.e.4719/click - {}
RESULT: {}
COMMAND: GET /session/8b5e6cfdfc03247abf4ed7f1414f820f/screenshot - {}
RESULT: {}
COMMAND: POST /session/8b5e6cfdfc03247abf4ed7f1414f820f/elements - {"using":"xpath","value":"//span[text()='Error']"}
RESULT: {"using":"xpath","value":"//span[text()='Error']"}
COMMAND: POST /session/8b5e6cfdfc03247abf4ed7f1414f820f/element - {"using":"xpath","value":"//button[@data-kt=\"addNewRUOverflowToolbarButton\"]"}
RESULT: {"using":"xpath","value":"//button[@data-kt=\"addNewRUOverflowToolbarButton\"]"}
COMMAND: POST /session/8b5e6cfdfc03247abf4ed7f1414f820f/elements - {"using":"xpath","value":"//button[@data-kt=\"addNewRUOverflowToolbarButton\"]"}
RESULT: {"using":"xpath","value":"//button[@data-kt=\"addNewRUOverflowToolbarButton\"]"}
COMMAND: POST /session/8b5e6cfdfc03247abf4ed7f1414f820f/elements - {"using":"xpath","value":"//button[@data-kt=\"addNewRUOverflowToolbarButton\"]"}
RESULT: {"using":"xpath","value":"//button[@data-kt=\"addNewRUOverflowToolbarButton\"]"}
COMMAND: POST /session/8b5e6cfdfc03247abf4ed7f1414f820f/element - {"using":"xpath","value":"//button[@data-kt=\"addNewRUOverflowToolbarButton\"]"}
RESULT: {"using":"xpath","value":"//button[@data-kt=\"addNewRUOverflowToolbarButton\"]"}
COMMAND: POST /session/8b5e6cfdfc03247abf4ed7f1414f820f/execute/sync - {"script":"<script> [8489 bytes]","args":[{"element-6066-11e4-a52e-4f735466cecf":"f.38C819845B9EC31E5A88AE0F72095084.d.EB9A8F54994D1FDD010432651432F7F5.e.4828","ELEMENT":"f.38C819845B9EC31E5A88AE0F72095084.d.EB9A8F54994D1FDD010432651432F7F5.e.4828"}]}
RESULT: {"script":"<script> [8489 bytes]","args":[{"element-6066-11e4-a52e-4f735466cecf":"f.38C819845B9EC31E5A88AE0F72095084.d.EB9A8F54994D1FDD010432651432F7F5.e.4828","ELEMENT":"f.38C819845B9EC31E5A88AE0F72095084.d.EB9A8F54994D1FDD010432651432F7F5.e.4828"}]}
COMMAND: GET /session/8b5e6cfdfc03247abf4ed7f1414f820f/element/f.38C819845B9EC31E5A88AE0F72095084.d.EB9A8F54994D1FDD010432651432F7F5.e.4828/enabled - {}
COMMAND: GET /session/8b5e6cfdfc03247abf4ed7f1414f820f/screenshot - {}
RESULT: {}
COMMAND: POST /session/8b5e6cfdfc03247abf4ed7f1414f820f/execute/sync - {"script":"<script> [8489 bytes]","args":[{"element-6066-11e4-a52e-4f735466cecf":"f.38C819845B9EC31E5A88AE0F72095084.d.EB9A8F54994D1FDD010432651432F7F5.e.4828","ELEMENT":"f.38C819845B9EC31E5A88AE0F72095084.d.EB9A8F54994D1FDD010432651432F7F5.e.4828"}]}
COMMAND: GET /session/8b5e6cfdfc03247abf4ed7f1414f820f/screenshot - {}
RESULT: {}
RESULT: {"script":"<script> [8489 bytes]","args":[{"element-6066-11e4-a52e-4f735466cecf":"f.38C819845B9EC31E5A88AE0F72095084.d.EB9A8F54994D1FDD010432651432F7F5.e.4828","ELEMENT":"f.38C819845B9EC31E5A88AE0F72095084.d.EB9A8F54994D1FDD010432651432F7F5.e.4828"}]}
COMMAND: POST /session/8b5e6cfdfc03247abf4ed7f1414f820f/execute/sync - {"script":"<script> [5351 bytes]","args":[{"element-6066-11e4-a52e-4f735466cecf":"f.38C819845B9EC31E5A88AE0F72095084.d.EB9A8F54994D1FDD010432651432F7F5.e.4828","ELEMENT":"f.38C819845B9EC31E5A88AE0F72095084.d.EB9A8F54994D1FDD010432651432F7F5.e.4828"}]}
COMMAND: GET /session/8b5e6cfdfc03247abf4ed7f1414f820f/screenshot - {}
RESULT: {}
RESULT: {"script":"<script> [5351 bytes]","args":[{"element-6066-11e4-a52e-4f735466cecf":"f.38C819845B9EC31E5A88AE0F72095084.d.EB9A8F54994D1FDD010432651432F7F5.e.4828","ELEMENT":"f.38C819845B9EC31E5A88AE0F72095084.d.EB9A8F54994D1FDD010432651432F7F5.e.4828"}]}
COMMAND: POST /session/8b5e6cfdfc03247abf4ed7f1414f820f/element/f.38C819845B9EC31E5A88AE0F72095084.d.EB9A8F54994D1FDD010432651432F7F5.e.4828/click - {}
COMMAND: GET /session/8b5e6cfdfc03247abf4ed7f1414f820f/screenshot - {}
RESULT: {}
RESULT: {}
COMMAND: GET /session/8b5e6cfdfc03247abf4ed7f1414f820f/screenshot - {}
RESULT: {}
RESULT: {}
COMMAND: POST /session/8b5e6cfdfc03247abf4ed7f1414f820f/execute/async - {"script":"<script> [1562 bytes]","args":[{"selector":{"id":"application-manageresources-display-component---newResourceUnit--TYPE-arrow"},"wdio_ui5_key":"applicationmanageresources-display-component---newResourceUnit--TYPE-arrow"}]}
RESULT: {"script":"<script> [1562 bytes]","args":[{"selector":{"id":"application-manageresources-display-component---newResourceUnit--TYPE-arrow"},"wdio_ui5_key":"applicationmanageresources-display-component---newResourceUnit--TYPE-arrow"}]}
RESULT: undefined
COMMAND: POST /session/8b5e6cfdfc03247abf4ed7f1414f820f/element - {"using":"xpath","value":"//*[@id=\"application-manageresources-display-component---newResourceUnit--TYPE-arrow\"]"}
RESULT: {"using":"xpath","value":"//*[@id=\"application-manageresources-display-component---newResourceUnit--TYPE-arrow\"]"}
COMMAND: POST /session/8b5e6cfdfc03247abf4ed7f1414f820f/element/f.38C819845B9EC31E5A88AE0F72095084.d.EB9A8F54994D1FDD010432651432F7F5.e.5198/click - {}
RESULT: {}
COMMAND: POST /session/8b5e6cfdfc03247abf4ed7f1414f820f/element - {"using":"xpath","value":"//input[@id=\"application-manageresources-display-component---newResourceUnit--TYPE-inner\"]"}
COMMAND: GET /session/8b5e6cfdfc03247abf4ed7f1414f820f/screenshot - {}
RESULT: {"using":"xpath","value":"//input[@id=\"application-manageresources-display-component---newResourceUnit--TYPE-inner\"]"}
COMMAND: POST /session/8b5e6cfdfc03247abf4ed7f1414f820f/element/f.38C819845B9EC31E5A88AE0F72095084.d.EB9A8F54994D1FDD010432651432F7F5.e.5182/clear - {}
RESULT: {}
RESULT: {}
COMMAND: POST /session/8b5e6cfdfc03247abf4ed7f1414f820f/element/f.38C819845B9EC31E5A88AE0F72095084.d.EB9A8F54994D1FDD010432651432F7F5.e.5182/value - {"text":"Equipment"}
COMMAND: GET /session/8b5e6cfdfc03247abf4ed7f1414f820f/screenshot - {}
RESULT: {"text":"Equipment"}
COMMAND: GET /session/8b5e6cfdfc03247abf4ed7f1414f820f/screenshot - {}
RESULT: {}
RESULT: {}
COMMAND: POST /session/8b5e6cfdfc03247abf4ed7f1414f820f/actions - {"actions":[{"id":"action9","type":"key","parameters":{},"actions":[{"type":"keyDown","value":"î€‡"},{"type":"pause","duration":10},{"type":"keyUp","value":"î€‡"}]}]}
RESULT: {"actions":[{"id":"action9","type":"key","parameters":{},"actions":[{"type":"keyDown","value":"î€‡"},{"type":"pause","duration":10},{"type":"keyUp","value":"î€‡"}]}]}
COMMAND: POST /session/8b5e6cfdfc03247abf4ed7f1414f820f/execute/async - {"script":"<script> [1562 bytes]","args":[{"selector":{"id":"application-manageresources-display-component---newResourceUnit--resourceId","interaction":{"idSuffix":"inner"}},"wdio_ui5_key":"applicationmanageresources-display-component---newResourceUnit--resourceId"}]}
COMMAND: GET /session/8b5e6cfdfc03247abf4ed7f1414f820f/screenshot - {}
RESULT: {"script":"<script> [1562 bytes]","args":[{"selector":{"id":"application-manageresources-display-component---newResourceUnit--resourceId","interaction":{"idSuffix":"inner"}},"wdio_ui5_key":"applicationmanageresources-display-component---newResourceUnit--resourceId"}]}
RESULT: undefined
COMMAND: POST /session/8b5e6cfdfc03247abf4ed7f1414f820f/execute/async - {"script":"<script> [776 bytes]","args":[{"enterText":"Ewk7vt7dQS","selector":{"id":"application-manageresources-display-component---newResourceUnit--resourceId","interaction":{"idSuffix":"inner"}},"clearTextFirst":true,"interactionType":"ENTER_TEXT"}]}
RESULT: {}
RESULT: {"script":"<script> [776 bytes]","args":[{"enterText":"Ewk7vt7dQS","selector":{"id":"application-manageresources-display-component---newResourceUnit--resourceId","interaction":{"idSuffix":"inner"}},"clearTextFirst":true,"interactionType":"ENTER_TEXT"}]}
COMMAND: POST /session/8b5e6cfdfc03247abf4ed7f1414f820f/execute/async - {"script":"<script> [1562 bytes]","args":[{"selector":{"id":"application-manageresources-display-component---newResourceUnit--SHORT_TEXT","interaction":{"idSuffix":"inner"}},"wdio_ui5_key":"applicationmanageresources-display-component---newResourceUnit--SHORT_TEXT"}]}
RESULT: {"script":"<script> [1562 bytes]","args":[{"selector":{"id":"application-manageresources-display-component---newResourceUnit--SHORT_TEXT","interaction":{"idSuffix":"inner"}},"wdio_ui5_key":"applicationmanageresources-display-component---newResourceUnit--SHORT_TEXT"}]}
RESULT: undefined
COMMAND: POST /session/8b5e6cfdfc03247abf4ed7f1414f820f/execute/async - {"script":"<script> [776 bytes]","args":[{"enterText":"Intercompany Equipment WDIO","selector":{"id":"application-manageresources-display-component---newResourceUnit--SHORT_TEXT","interaction":{"idSuffix":"inner"}},"clearTextFirst":true,"interactionType":"ENTER_TEXT"}]}
RESULT: {"script":"<script> [776 bytes]","args":[{"enterText":"Intercompany Equipment WDIO","selector":{"id":"application-manageresources-display-component---newResourceUnit--SHORT_TEXT","interaction":{"idSuffix":"inner"}},"clearTextFirst":true,"interactionType":"ENTER_TEXT"}]}
COMMAND: POST /session/8b5e6cfdfc03247abf4ed7f1414f820f/execute/async - {"script":"<script> [1562 bytes]","args":[{"selector":{"id":"application-manageresources-display-component---newResourceUnit--BASE_UNIT_OF_MEASURE","interaction":{"idSuffix":"inner"}},"wdio_ui5_key":"applicationmanageresources-display-component---newResourceUnit--BASE_UNIT_OF_MEASURE"}]}
RESULT: {"script":"<script> [1562 bytes]","args":[{"selector":{"id":"application-manageresources-display-component---newResourceUnit--BASE_UNIT_OF_MEASURE","interaction":{"idSuffix":"inner"}},"wdio_ui5_key":"applicationmanageresources-display-component---newResourceUnit--BASE_UNIT_OF_MEASURE"}]}
RESULT: undefined
COMMAND: POST /session/8b5e6cfdfc03247abf4ed7f1414f820f/execute/async - {"script":"<script> [776 bytes]","args":[{"enterText":"Piece","selector":{"id":"application-manageresources-display-component---newResourceUnit--BASE_UNIT_OF_MEASURE","interaction":{"idSuffix":"inner"}},"clearTextFirst":true,"interactionType":"ENTER_TEXT"}]}
RESULT: {"script":"<script> [776 bytes]","args":[{"enterText":"Piece","selector":{"id":"application-manageresources-display-component---newResourceUnit--BASE_UNIT_OF_MEASURE","interaction":{"idSuffix":"inner"}},"clearTextFirst":true,"interactionType":"ENTER_TEXT"}]}
COMMAND: POST /session/8b5e6cfdfc03247abf4ed7f1414f820f/execute/async - {"script":"<script> [1562 bytes]","args":[{"selector":{"id":"application-manageresources-display-component---newResourceUnit--WEIGHT_UNIT","interaction":{"idSuffix":"inner"}},"wdio_ui5_key":"applicationmanageresources-display-component---newResourceUnit--WEIGHT_UNIT"}]}
RESULT: {"script":"<script> [1562 bytes]","args":[{"selector":{"id":"application-manageresources-display-component---newResourceUnit--WEIGHT_UNIT","interaction":{"idSuffix":"inner"}},"wdio_ui5_key":"applicationmanageresources-display-component---newResourceUnit--WEIGHT_UNIT"}]}
RESULT: undefined
COMMAND: POST /session/8b5e6cfdfc03247abf4ed7f1414f820f/execute/async - {"script":"<script> [776 bytes]","args":[{"enterText":"Gram","selector":{"id":"application-manageresources-display-component---newResourceUnit--WEIGHT_UNIT","interaction":{"idSuffix":"inner"}},"clearTextFirst":true,"interactionType":"ENTER_TEXT"}]}
RESULT: {"script":"<script> [776 bytes]","args":[{"enterText":"Gram","selector":{"id":"application-manageresources-display-component---newResourceUnit--WEIGHT_UNIT","interaction":{"idSuffix":"inner"}},"clearTextFirst":true,"interactionType":"ENTER_TEXT"}]}
COMMAND: POST /session/8b5e6cfdfc03247abf4ed7f1414f820f/execute/async - {"script":"<script> [1562 bytes]","args":[{"selector":{"id":"application-manageresources-display-component---newResourceUnit--DIMENSION_UNIT","interaction":{"idSuffix":"inner"}},"wdio_ui5_key":"applicationmanageresources-display-component---newResourceUnit--DIMENSION_UNIT"}]}
RESULT: {"script":"<script> [1562 bytes]","args":[{"selector":{"id":"application-manageresources-display-component---newResourceUnit--DIMENSION_UNIT","interaction":{"idSuffix":"inner"}},"wdio_ui5_key":"applicationmanageresources-display-component---newResourceUnit--DIMENSION_UNIT"}]}
RESULT: undefined
COMMAND: POST /session/8b5e6cfdfc03247abf4ed7f1414f820f/execute/async - {"script":"<script> [776 bytes]","args":[{"enterText":"Meter","selector":{"id":"application-manageresources-display-component---newResourceUnit--DIMENSION_UNIT","interaction":{"idSuffix":"inner"}},"clearTextFirst":true,"interactionType":"ENTER_TEXT"}]}
RESULT: {"script":"<script> [776 bytes]","args":[{"enterText":"Meter","selector":{"id":"application-manageresources-display-component---newResourceUnit--DIMENSION_UNIT","interaction":{"idSuffix":"inner"}},"clearTextFirst":true,"interactionType":"ENTER_TEXT"}]}
COMMAND: POST /session/8b5e6cfdfc03247abf4ed7f1414f820f/execute/async - {"script":"<script> [1562 bytes]","args":[{"selector":{"id":"application-manageresources-display-component---newResourceUnit--newRRUPage-anchBar-application-manageresources-display-component---newResourceUnit--control-anchor","interaction":{"idSuffix":"BDI-content"}},"wdio_ui5_key":"applicationmanageresources-display-component---newResourceUnit--newRRUPage-anchBar-application-manageresources-display-component---newResourceUnit--control-anchor"}]}
RESULT: {"script":"<script> [1562 bytes]","args":[{"selector":{"id":"application-manageresources-display-component---newResourceUnit--newRRUPage-anchBar-application-manageresources-display-component---newResourceUnit--control-anchor","interaction":{"idSuffix":"BDI-content"}},"wdio_ui5_key":"applicationmanageresources-display-component---newResourceUnit--newRRUPage-anchBar-application-manageresources-display-component---newResourceUnit--control-anchor"}]}
RESULT: undefined
COMMAND: POST /session/8b5e6cfdfc03247abf4ed7f1414f820f/element - {"using":"xpath","value":"//*[@id=\"application-manageresources-display-component---newResourceUnit--newRRUPage-anchBar-application-manageresources-display-component---newResourceUnit--control-anchor\"]"}
RESULT: {"using":"xpath","value":"//*[@id=\"application-manageresources-display-component---newResourceUnit--newRRUPage-anchBar-application-manageresources-display-component---newResourceUnit--control-anchor\"]"}
COMMAND: POST /session/8b5e6cfdfc03247abf4ed7f1414f820f/element/f.38C819845B9EC31E5A88AE0F72095084.d.EB9A8F54994D1FDD010432651432F7F5.e.5357/click - {}
RESULT: {}
COMMAND: POST /session/8b5e6cfdfc03247abf4ed7f1414f820f/execute/async - {"script":"<script> [1562 bytes]","args":[{"selector":{"id":"application-manageresources-display-component---newResourceUnit--PLANNING_GROUP","interaction":{"idSuffix":"inner"}},"wdio_ui5_key":"applicationmanageresources-display-component---newResourceUnit--PLANNING_GROUP"}]}
COMMAND: GET /session/8b5e6cfdfc03247abf4ed7f1414f820f/screenshot - {}
RESULT: {"script":"<script> [1562 bytes]","args":[{"selector":{"id":"application-manageresources-display-component---newResourceUnit--PLANNING_GROUP","interaction":{"idSuffix":"inner"}},"wdio_ui5_key":"applicationmanageresources-display-component---newResourceUnit--PLANNING_GROUP"}]}
RESULT: undefined
COMMAND: POST /session/8b5e6cfdfc03247abf4ed7f1414f820f/execute/async - {"script":"<script> [776 bytes]","args":[{"enterText":"Heavy Equi","selector":{"id":"application-manageresources-display-component---newResourceUnit--PLANNING_GROUP","interaction":{"idSuffix":"inner"}},"clearTextFirst":true,"interactionType":"ENTER_TEXT"}]}
RESULT: {}
RESULT: {"script":"<script> [776 bytes]","args":[{"enterText":"Heavy Equi","selector":{"id":"application-manageresources-display-component---newResourceUnit--PLANNING_GROUP","interaction":{"idSuffix":"inner"}},"clearTextFirst":true,"interactionType":"ENTER_TEXT"}]}
COMMAND: POST /session/8b5e6cfdfc03247abf4ed7f1414f820f/execute/async - {"script":"<script> [1562 bytes]","args":[{"selector":{"id":"application-manageresources-display-component---newResourceUnit--ITEM_TYPE-arrow"},"wdio_ui5_key":"applicationmanageresources-display-component---newResourceUnit--ITEM_TYPE-arrow"}]}
RESULT: {"script":"<script> [1562 bytes]","args":[{"selector":{"id":"application-manageresources-display-component---newResourceUnit--ITEM_TYPE-arrow"},"wdio_ui5_key":"applicationmanageresources-display-component---newResourceUnit--ITEM_TYPE-arrow"}]}
RESULT: undefined
COMMAND: POST /session/8b5e6cfdfc03247abf4ed7f1414f820f/element - {"using":"xpath","value":"//*[@id=\"application-manageresources-display-component---newResourceUnit--ITEM_TYPE-arrow\"]"}
RESULT: {"using":"xpath","value":"//*[@id=\"application-manageresources-display-component---newResourceUnit--ITEM_TYPE-arrow\"]"}
COMMAND: POST /session/8b5e6cfdfc03247abf4ed7f1414f820f/element/f.38C819845B9EC31E5A88AE0F72095084.d.EB9A8F54994D1FDD010432651432F7F5.e.5364/click - {}
RESULT: {}
COMMAND: POST /session/8b5e6cfdfc03247abf4ed7f1414f820f/element - {"using":"xpath","value":"//ul[contains(@id,\"ITEM_TYPE-popup-list-listUl\")]//li[.//span[contains(text(),\"Resource Unit\")]]"}
COMMAND: GET /session/8b5e6cfdfc03247abf4ed7f1414f820f/screenshot - {}
RESULT: {"using":"xpath","value":"//ul[contains(@id,\"ITEM_TYPE-popup-list-listUl\")]//li[.//span[contains(text(),\"Resource Unit\")]]"}
COMMAND: POST /session/8b5e6cfdfc03247abf4ed7f1414f820f/element/f.38C819845B9EC31E5A88AE0F72095084.d.EB9A8F54994D1FDD010432651432F7F5.e.5365/click - {}
RESULT: {}
RESULT: {}
COMMAND: GET /session/8b5e6cfdfc03247abf4ed7f1414f820f/screenshot - {}
RESULT: {}
COMMAND: POST /session/8b5e6cfdfc03247abf4ed7f1414f820f/element - {"using":"css selector","value":"#application-manageresources-display-component---newResourceUnit--btnAddTimeSegment"}
RESULT: {"using":"css selector","value":"#application-manageresources-display-component---newResourceUnit--btnAddTimeSegment"}
COMMAND: GET /session/8b5e6cfdfc03247abf4ed7f1414f820f/element/f.38C819845B9EC31E5A88AE0F72095084.d.EB9A8F54994D1FDD010432651432F7F5.e.5373/rect - {}
RESULT: {}
COMMAND: GET /session/8b5e6cfdfc03247abf4ed7f1414f820f/window/rect - {}
RESULT: {}
COMMAND: POST /session/8b5e6cfdfc03247abf4ed7f1414f820f/execute/sync - {"script":"<script> [92 bytes]","args":[]}
RESULT: {"script":"<script> [92 bytes]","args":[]}
COMMAND: POST /session/8b5e6cfdfc03247abf4ed7f1414f820f/actions - {"actions":[{"id":"action10","type":"wheel","parameters":{},"actions":[{"type":"scroll","x":-1888,"y":-32,"deltaX":0,"deltaY":0,"duration":0,"origin":{"element-6066-11e4-a52e-4f735466cecf":"f.38C819845B9EC31E5A88AE0F72095084.d.EB9A8F54994D1FDD010432651432F7F5.e.5373"}}]}]}
COMMAND: GET /session/8b5e6cfdfc03247abf4ed7f1414f820f/screenshot - {}
RESULT: {}
COMMAND: POST /session/8b5e6cfdfc03247abf4ed7f1414f820f/execute/sync - {"script":"<script> [79 bytes]","args":[{"element-6066-11e4-a52e-4f735466cecf":"f.38C819845B9EC31E5A88AE0F72095084.d.EB9A8F54994D1FDD010432651432F7F5.e.5373","ELEMENT":"f.38C819845B9EC31E5A88AE0F72095084.d.EB9A8F54994D1FDD010432651432F7F5.e.5373"},{"block":"start","inline":"nearest"}]}
RESULT: {"script":"<script> [79 bytes]","args":[{"element-6066-11e4-a52e-4f735466cecf":"f.38C819845B9EC31E5A88AE0F72095084.d.EB9A8F54994D1FDD010432651432F7F5.e.5373","ELEMENT":"f.38C819845B9EC31E5A88AE0F72095084.d.EB9A8F54994D1FDD010432651432F7F5.e.5373"},{"block":"start","inline":"nearest"}]}
COMMAND: POST /session/8b5e6cfdfc03247abf4ed7f1414f820f/execute/async - {"script":"<script> [1562 bytes]","args":[{"selector":{"id":"application-manageresources-display-component---newResourceUnit--btnAddTimeSegment","interaction":{"idSuffix":"inner"}},"wdio_ui5_key":"applicationmanageresources-display-component---newResourceUnit--btnAddTimeSegment"}]}
COMMAND: GET /session/8b5e6cfdfc03247abf4ed7f1414f820f/screenshot - {}
RESULT: {"script":"<script> [1562 bytes]","args":[{"selector":{"id":"application-manageresources-display-component---newResourceUnit--btnAddTimeSegment","interaction":{"idSuffix":"inner"}},"wdio_ui5_key":"applicationmanageresources-display-component---newResourceUnit--btnAddTimeSegment"}]}
RESULT: undefined
COMMAND: POST /session/8b5e6cfdfc03247abf4ed7f1414f820f/element - {"using":"xpath","value":"//*[@id=\"application-manageresources-display-component---newResourceUnit--btnAddTimeSegment\"]"}
RESULT: {}
RESULT: {"using":"xpath","value":"//*[@id=\"application-manageresources-display-component---newResourceUnit--btnAddTimeSegment\"]"}
COMMAND: POST /session/8b5e6cfdfc03247abf4ed7f1414f820f/element/f.38C819845B9EC31E5A88AE0F72095084.d.EB9A8F54994D1FDD010432651432F7F5.e.5373/click - {}
RESULT: {}
COMMAND: GET /session/8b5e6cfdfc03247abf4ed7f1414f820f/screenshot - {}
RESULT: {}
COMMAND: POST /session/8b5e6cfdfc03247abf4ed7f1414f820f/element - {"using":"xpath","value":"//input[@id=\"application-manageresources-display-component---newResourceUnit--idRuTSAdmin-application-manageresources-display-component---newResourceUnit--RUTimeSegment-0-inner\"]"}
RESULT: {"using":"xpath","value":"//input[@id=\"application-manageresources-display-component---newResourceUnit--idRuTSAdmin-application-manageresources-display-component---newResourceUnit--RUTimeSegment-0-inner\"]"}
COMMAND: POST /session/8b5e6cfdfc03247abf4ed7f1414f820f/element/f.38C819845B9EC31E5A88AE0F72095084.d.EB9A8F54994D1FDD010432651432F7F5.e.5379/clear - {}
RESULT: {}
COMMAND: POST /session/8b5e6cfdfc03247abf4ed7f1414f820f/element/f.38C819845B9EC31E5A88AE0F72095084.d.EB9A8F54994D1FDD010432651432F7F5.e.5379/value - {"text":"626"}
COMMAND: GET /session/8b5e6cfdfc03247abf4ed7f1414f820f/screenshot - {}
RESULT: {"text":"626"}
COMMAND: GET /session/8b5e6cfdfc03247abf4ed7f1414f820f/screenshot - {}
RESULT: {}
RESULT: {}
COMMAND: POST /session/8b5e6cfdfc03247abf4ed7f1414f820f/element - {"using":"xpath","value":"//li[.//span[text()='626']]"}
RESULT: {"using":"xpath","value":"//li[.//span[text()='626']]"}
COMMAND: POST /session/8b5e6cfdfc03247abf4ed7f1414f820f/element/f.38C819845B9EC31E5A88AE0F72095084.d.EB9A8F54994D1FDD010432651432F7F5.e.5391/click - {}
RESULT: {}
COMMAND: GET /session/8b5e6cfdfc03247abf4ed7f1414f820f/screenshot - {}
RESULT: {}
COMMAND: POST /session/8b5e6cfdfc03247abf4ed7f1414f820f/element - {"using":"xpath","value":"(//span[contains(@id, \"-application-manageresources-display-component---newResourceUnit--RUTimeSegment-0-arrow\")])[6]"}
RESULT: {"using":"xpath","value":"(//span[contains(@id, \"-application-manageresources-display-component---newResourceUnit--RUTimeSegment-0-arrow\")])[6]"}
COMMAND: POST /session/8b5e6cfdfc03247abf4ed7f1414f820f/element/f.38C819845B9EC31E5A88AE0F72095084.d.EB9A8F54994D1FDD010432651432F7F5.e.5392/click - {}
RESULT: {}
COMMAND: GET /session/8b5e6cfdfc03247abf4ed7f1414f820f/screenshot - {}
RESULT: {}
COMMAND: POST /session/8b5e6cfdfc03247abf4ed7f1414f820f/element - {"using":"xpath","value":"//span[contains(text(), \"PM Order\")]"}
RESULT: {"using":"xpath","value":"//span[contains(text(), \"PM Order\")]"}
COMMAND: POST /session/8b5e6cfdfc03247abf4ed7f1414f820f/element/f.38C819845B9EC31E5A88AE0F72095084.d.EB9A8F54994D1FDD010432651432F7F5.e.5395/click - {}
RESULT: {}
COMMAND: GET /session/8b5e6cfdfc03247abf4ed7f1414f820f/screenshot - {}
RESULT: {}
COMMAND: POST /session/8b5e6cfdfc03247abf4ed7f1414f820f/element - {"using":"xpath","value":"(//span[contains(@id ,\"manageresources-display-component---newResourceUnit--RUTimeSegment-0-vhi\")])[1]"}
RESULT: {"using":"xpath","value":"(//span[contains(@id ,\"manageresources-display-component---newResourceUnit--RUTimeSegment-0-vhi\")])[1]"}
COMMAND: GET /session/8b5e6cfdfc03247abf4ed7f1414f820f/element/f.38C819845B9EC31E5A88AE0F72095084.d.EB9A8F54994D1FDD010432651432F7F5.e.5399/rect - {}
RESULT: {}
COMMAND: GET /session/8b5e6cfdfc03247abf4ed7f1414f820f/window/rect - {}
RESULT: {}
COMMAND: POST /session/8b5e6cfdfc03247abf4ed7f1414f820f/execute/sync - {"script":"<script> [92 bytes]","args":[]}
RESULT: {"script":"<script> [92 bytes]","args":[]}
COMMAND: POST /session/8b5e6cfdfc03247abf4ed7f1414f820f/actions - {"actions":[{"id":"action11","type":"wheel","parameters":{},"actions":[{"type":"scroll","x":-869,"y":-24,"deltaX":0,"deltaY":0,"duration":0,"origin":{"element-6066-11e4-a52e-4f735466cecf":"f.38C819845B9EC31E5A88AE0F72095084.d.EB9A8F54994D1FDD010432651432F7F5.e.5399"}}]}]}
COMMAND: GET /session/8b5e6cfdfc03247abf4ed7f1414f820f/screenshot - {}
RESULT: {"actions":[{"id":"action11","type":"wheel","parameters":{},"actions":[{"type":"scroll","x":-869,"y":-24,"deltaX":0,"deltaY":0,"duration":0,"origin":{"element-6066-11e4-a52e-4f735466cecf":"f.38C819845B9EC31E5A88AE0F72095084.d.EB9A8F54994D1FDD010432651432F7F5.e.5399"}}]}]}
COMMAND: DELETE /session/8b5e6cfdfc03247abf4ed7f1414f820f/actions - {}
COMMAND: GET /session/8b5e6cfdfc03247abf4ed7f1414f820f/screenshot - {}
RESULT: {}
RESULT: {}
COMMAND: GET /session/8b5e6cfdfc03247abf4ed7f1414f820f/screenshot - {}
RESULT: {}
RESULT: {}
COMMAND: POST /session/8b5e6cfdfc03247abf4ed7f1414f820f/element/f.38C819845B9EC31E5A88AE0F72095084.d.EB9A8F54994D1FDD010432651432F7F5.e.5399/click - {}
RESULT: {}
COMMAND: GET /session/8b5e6cfdfc03247abf4ed7f1414f820f/screenshot - {}
RESULT: {}
COMMAND: POST /session/8b5e6cfdfc03247abf4ed7f1414f820f/execute/async - {"script":"<script> [1562 bytes]","args":[{"selector":{"controlType":"sap.m.SearchField","properties":{"placeholder":"Search"},"searchOpenDialogs":true,"interaction":{"idSuffix":"I"}},"wdio_ui5_key":"sapm.SearchField{\"placeholder\":\"Search\"}"}]}
RESULT: {"script":"<script> [1562 bytes]","args":[{"selector":{"controlType":"sap.m.SearchField","properties":{"placeholder":"Search"},"searchOpenDialogs":true,"interaction":{"idSuffix":"I"}},"wdio_ui5_key":"sapm.SearchField{\"placeholder\":\"Search\"}"}]}
RESULT: undefined
COMMAND: POST /session/8b5e6cfdfc03247abf4ed7f1414f820f/execute/async - {"script":"<script> [776 bytes]","args":[{"enterText":"4000360","selector":{"controlType":"sap.m.SearchField","properties":{"placeholder":"Search"},"searchOpenDialogs":true,"interaction":{"idSuffix":"I"}},"clearTextFirst":true,"interactionType":"ENTER_TEXT"}]}
RESULT: {"script":"<script> [776 bytes]","args":[{"enterText":"4000360","selector":{"controlType":"sap.m.SearchField","properties":{"placeholder":"Search"},"searchOpenDialogs":true,"interaction":{"idSuffix":"I"}},"clearTextFirst":true,"interactionType":"ENTER_TEXT"}]}
COMMAND: POST /session/8b5e6cfdfc03247abf4ed7f1414f820f/actions - {"actions":[{"id":"action12","type":"key","parameters":{},"actions":[{"type":"keyDown","value":"î€‡"},{"type":"pause","duration":10},{"type":"keyUp","value":"î€‡"}]}]}
RESULT: {"actions":[{"id":"action12","type":"key","parameters":{},"actions":[{"type":"keyDown","value":"î€‡"},{"type":"pause","duration":10},{"type":"keyUp","value":"î€‡"}]}]}
COMMAND: GET /session/8b5e6cfdfc03247abf4ed7f1414f820f/screenshot - {}
RESULT: {}
COMMAND: POST /session/8b5e6cfdfc03247abf4ed7f1414f820f/element - {"using":"xpath","value":"//td/div/span[contains(text(), \"BGL Vehicles\")]"}
RESULT: {"using":"xpath","value":"//td/div/span[contains(text(), \"BGL Vehicles\")]"}
COMMAND: POST /session/8b5e6cfdfc03247abf4ed7f1414f820f/element/f.38C819845B9EC31E5A88AE0F72095084.d.EB9A8F54994D1FDD010432651432F7F5.e.5421/click - {}
RESULT: {}
COMMAND: GET /session/8b5e6cfdfc03247abf4ed7f1414f820f/screenshot - {}
RESULT: {}
COMMAND: POST /session/8b5e6cfdfc03247abf4ed7f1414f820f/element - {"using":"xpath","value":"//bdi[contains(text(), \"OK\")]"}
RESULT: {"using":"xpath","value":"//bdi[contains(text(), \"OK\")]"}
COMMAND: POST /session/8b5e6cfdfc03247abf4ed7f1414f820f/element/f.38C819845B9EC31E5A88AE0F72095084.d.EB9A8F54994D1FDD010432651432F7F5.e.5422/click - {}
RESULT: {}
COMMAND: GET /session/8b5e6cfdfc03247abf4ed7f1414f820f/screenshot - {}
RESULT: {}
COMMAND: POST /session/8b5e6cfdfc03247abf4ed7f1414f820f/execute/async - {"script":"<script> [1562 bytes]","args":[{"selector":{"id":"application-manageresources-display-component---newResourceUnit--newRRUPage-anchBar-application-manageresources-display-component---newResourceUnit--resource-anchor","interaction":{"idSuffix":"BDI-content"}},"wdio_ui5_key":"applicationmanageresources-display-component---newResourceUnit--newRRUPage-anchBar-application-manageresources-display-component---newResourceUnit--resource-anchor"}]}
RESULT: {"script":"<script> [1562 bytes]","args":[{"selector":{"id":"application-manageresources-display-component---newResourceUnit--newRRUPage-anchBar-application-manageresources-display-component---newResourceUnit--resource-anchor","interaction":{"idSuffix":"BDI-content"}},"wdio_ui5_key":"applicationmanageresources-display-component---newResourceUnit--newRRUPage-anchBar-application-manageresources-display-component---newResourceUnit--resource-anchor"}]}
RESULT: undefined
COMMAND: POST /session/8b5e6cfdfc03247abf4ed7f1414f820f/element - {"using":"xpath","value":"//*[@id=\"application-manageresources-display-component---newResourceUnit--newRRUPage-anchBar-application-manageresources-display-component---newResourceUnit--resource-anchor\"]"}
RESULT: {"using":"xpath","value":"//*[@id=\"application-manageresources-display-component---newResourceUnit--newRRUPage-anchBar-application-manageresources-display-component---newResourceUnit--resource-anchor\"]"}
COMMAND: POST /session/8b5e6cfdfc03247abf4ed7f1414f820f/element/f.38C819845B9EC31E5A88AE0F72095084.d.EB9A8F54994D1FDD010432651432F7F5.e.5426/click - {}
RESULT: {}
COMMAND: POST /session/8b5e6cfdfc03247abf4ed7f1414f820f/execute/async - {"script":"<script> [1562 bytes]","args":[{"selector":{"id":"application-manageresources-display-component---newResourceUnit--PLANNED_DELIVERY_DATE","interaction":{"idSuffix":"inner"}},"wdio_ui5_key":"applicationmanageresources-display-component---newResourceUnit--PLANNED_DELIVERY_DATE"}]}
COMMAND: GET /session/8b5e6cfdfc03247abf4ed7f1414f820f/screenshot - {}
RESULT: {"script":"<script> [1562 bytes]","args":[{"selector":{"id":"application-manageresources-display-component---newResourceUnit--PLANNED_DELIVERY_DATE","interaction":{"idSuffix":"inner"}},"wdio_ui5_key":"applicationmanageresources-display-component---newResourceUnit--PLANNED_DELIVERY_DATE"}]}
RESULT: undefined
COMMAND: POST /session/8b5e6cfdfc03247abf4ed7f1414f820f/execute/async - {"script":"<script> [6424 bytes]","args":[{"element-6066-11e4-a52e-4f735466cecf":"f.38C819845B9EC31E5A88AE0F72095084.d.EB9A8F54994D1FDD010432651432F7F5.e.5255"},"setValue",["6/4/25"]]}
RESULT: {}
RESULT: {"script":"<script> [6424 bytes]","args":[{"element-6066-11e4-a52e-4f735466cecf":"f.38C819845B9EC31E5A88AE0F72095084.d.EB9A8F54994D1FDD010432651432F7F5.e.5255"},"setValue",["6/4/25"]]}
COMMAND: POST /session/8b5e6cfdfc03247abf4ed7f1414f820f/element - {"using":"xpath","value":"//label[contains(@class, 'sapMLabelRequired') and .//bdi[contains(text(), 'Planned Retirement')]]"}
RESULT: {"using":"xpath","value":"//label[contains(@class, 'sapMLabelRequired') and .//bdi[contains(text(), 'Planned Retirement')]]"}
COMMAND: POST /session/8b5e6cfdfc03247abf4ed7f1414f820f/elements - {"using":"xpath","value":"//label[contains(@class, 'sapMLabelRequired') and .//bdi[contains(text(), 'Planned Retirement')]]"}
RESULT: {"using":"xpath","value":"//label[contains(@class, 'sapMLabelRequired') and .//bdi[contains(text(), 'Planned Retirement')]]"}
COMMAND: POST /session/8b5e6cfdfc03247abf4ed7f1414f820f/element - {"using":"xpath","value":"//button[@data-kt=\"resourceUnitSaveButton\"]"}
RESULT: {"using":"xpath","value":"//button[@data-kt=\"resourceUnitSaveButton\"]"}
COMMAND: POST /session/8b5e6cfdfc03247abf4ed7f1414f820f/element/f.38C819845B9EC31E5A88AE0F72095084.d.EB9A8F54994D1FDD010432651432F7F5.e.5214/click - {}
RESULT: {}
COMMAND: GET /session/8b5e6cfdfc03247abf4ed7f1414f820f/screenshot - {}
RESULT: {}
COMMAND: POST /session/8b5e6cfdfc03247abf4ed7f1414f820f/element - {"using":"xpath","value":"//bdi[contains(text(), \"Close\")]"}
RESULT: {"using":"xpath","value":"//bdi[contains(text(), \"Close\")]"}
COMMAND: POST /session/8b5e6cfdfc03247abf4ed7f1414f820f/element/f.38C819845B9EC31E5A88AE0F72095084.d.EB9A8F54994D1FDD010432651432F7F5.e.5435/click - {}
RESULT: {}
COMMAND: GET /session/8b5e6cfdfc03247abf4ed7f1414f820f/screenshot - {}
RESULT: {}
COMMAND: POST /session/8b5e6cfdfc03247abf4ed7f1414f820f/element - {"using":"xpath","value":"(//button[contains(@id ,\"actionsToolbar-overflowButton\")])[1]"}
RESULT: {"using":"xpath","value":"(//button[contains(@id ,\"actionsToolbar-overflowButton\")])[1]"}
COMMAND: POST /session/8b5e6cfdfc03247abf4ed7f1414f820f/element/f.38C819845B9EC31E5A88AE0F72095084.d.EB9A8F54994D1FDD010432651432F7F5.e.5465/click - {}
RESULT: {}
COMMAND: GET /session/8b5e6cfdfc03247abf4ed7f1414f820f/screenshot - {}
RESULT: {}
COMMAND: POST /session/8b5e6cfdfc03247abf4ed7f1414f820f/element - {"using":"xpath","value":"//button[@data-kt=\"priceInfoButton\"]"}
RESULT: {"using":"xpath","value":"//button[@data-kt=\"priceInfoButton\"]"}
COMMAND: POST /session/8b5e6cfdfc03247abf4ed7f1414f820f/element/f.38C819845B9EC31E5A88AE0F72095084.d.EB9A8F54994D1FDD010432651432F7F5.e.5467/click - {}
RESULT: {}
COMMAND: GET /session/8b5e6cfdfc03247abf4ed7f1414f820f/screenshot - {}
RESULT: {}
]]></system-out>
    </testcase>
    <testcase classname="chrome.136_0_7103_93.windows.Billing_Transfer_-_Master_data_&amp;_Intercompany_US127250" name="Should create new pricing rule TB on the equipment TB" time="50.669">
      <system-out><![CDATA[
COMMAND: POST /session/8b5e6cfdfc03247abf4ed7f1414f820f/element - {"using":"xpath","value":"//button[@data-kt=\"addButton\"]"}
RESULT: {"using":"xpath","value":"//button[@data-kt=\"addButton\"]"}
COMMAND: POST /session/8b5e6cfdfc03247abf4ed7f1414f820f/elements - {"using":"xpath","value":"//button[@data-kt=\"addButton\"]"}
RESULT: {"using":"xpath","value":"//button[@data-kt=\"addButton\"]"}
COMMAND: POST /session/8b5e6cfdfc03247abf4ed7f1414f820f/execute/sync - {"script":"<script> [8489 bytes]","args":[{"element-6066-11e4-a52e-4f735466cecf":"f.38C819845B9EC31E5A88AE0F72095084.d.EB9A8F54994D1FDD010432651432F7F5.e.5503","ELEMENT":"f.38C819845B9EC31E5A88AE0F72095084.d.EB9A8F54994D1FDD010432651432F7F5.e.5503"}]}
RESULT: {"script":"<script> [8489 bytes]","args":[{"element-6066-11e4-a52e-4f735466cecf":"f.38C819845B9EC31E5A88AE0F72095084.d.EB9A8F54994D1FDD010432651432F7F5.e.5503","ELEMENT":"f.38C819845B9EC31E5A88AE0F72095084.d.EB9A8F54994D1FDD010432651432F7F5.e.5503"}]}
COMMAND: GET /session/8b5e6cfdfc03247abf4ed7f1414f820f/element/f.38C819845B9EC31E5A88AE0F72095084.d.EB9A8F54994D1FDD010432651432F7F5.e.5503/enabled - {}
COMMAND: GET /session/8b5e6cfdfc03247abf4ed7f1414f820f/screenshot - {}
RESULT: {}
COMMAND: POST /session/8b5e6cfdfc03247abf4ed7f1414f820f/execute/sync - {"script":"<script> [8489 bytes]","args":[{"element-6066-11e4-a52e-4f735466cecf":"f.38C819845B9EC31E5A88AE0F72095084.d.EB9A8F54994D1FDD010432651432F7F5.e.5503","ELEMENT":"f.38C819845B9EC31E5A88AE0F72095084.d.EB9A8F54994D1FDD010432651432F7F5.e.5503"}]}
COMMAND: GET /session/8b5e6cfdfc03247abf4ed7f1414f820f/screenshot - {}
RESULT: {}
RESULT: {"script":"<script> [8489 bytes]","args":[{"element-6066-11e4-a52e-4f735466cecf":"f.38C819845B9EC31E5A88AE0F72095084.d.EB9A8F54994D1FDD010432651432F7F5.e.5503","ELEMENT":"f.38C819845B9EC31E5A88AE0F72095084.d.EB9A8F54994D1FDD010432651432F7F5.e.5503"}]}
COMMAND: POST /session/8b5e6cfdfc03247abf4ed7f1414f820f/execute/sync - {"script":"<script> [5351 bytes]","args":[{"element-6066-11e4-a52e-4f735466cecf":"f.38C819845B9EC31E5A88AE0F72095084.d.EB9A8F54994D1FDD010432651432F7F5.e.5503","ELEMENT":"f.38C819845B9EC31E5A88AE0F72095084.d.EB9A8F54994D1FDD010432651432F7F5.e.5503"}]}
COMMAND: GET /session/8b5e6cfdfc03247abf4ed7f1414f820f/screenshot - {}
RESULT: {}
RESULT: {"script":"<script> [5351 bytes]","args":[{"element-6066-11e4-a52e-4f735466cecf":"f.38C819845B9EC31E5A88AE0F72095084.d.EB9A8F54994D1FDD010432651432F7F5.e.5503","ELEMENT":"f.38C819845B9EC31E5A88AE0F72095084.d.EB9A8F54994D1FDD010432651432F7F5.e.5503"}]}
COMMAND: POST /session/8b5e6cfdfc03247abf4ed7f1414f820f/element/f.38C819845B9EC31E5A88AE0F72095084.d.EB9A8F54994D1FDD010432651432F7F5.e.5503/click - {}
COMMAND: GET /session/8b5e6cfdfc03247abf4ed7f1414f820f/screenshot - {}
RESULT: {}
RESULT: {}
COMMAND: GET /session/8b5e6cfdfc03247abf4ed7f1414f820f/screenshot - {}
RESULT: {}
RESULT: {}
COMMAND: POST /session/8b5e6cfdfc03247abf4ed7f1414f820f/execute/async - {"script":"<script> [1562 bytes]","args":[{"selector":{"controlType":"sap.m.Title","viewName":"etm.portal.ui.managepricingrules.view.NewItem","viewId":"application-managepricingrules-display-component---newInfoPriceItem","properties":{"text":"New Pricing Rules - Item Level"}},"wdio_ui5_key":"etmportal.ui.managepricingrules.view.NewItemsap.m.Title{\"text\":\"New Pricing Rules - Item Level\"}"}]}
RESULT: {"script":"<script> [1562 bytes]","args":[{"selector":{"controlType":"sap.m.Title","viewName":"etm.portal.ui.managepricingrules.view.NewItem","viewId":"application-managepricingrules-display-component---newInfoPriceItem","properties":{"text":"New Pricing Rules - Item Level"}},"wdio_ui5_key":"etmportal.ui.managepricingrules.view.NewItemsap.m.Title{\"text\":\"New Pricing Rules - Item Level\"}"}]}
RESULT: undefined
COMMAND: POST /session/8b5e6cfdfc03247abf4ed7f1414f820f/execute/async - {"script":"<script> [6424 bytes]","args":[{"element-6066-11e4-a52e-4f735466cecf":"f.38C819845B9EC31E5A88AE0F72095084.d.EB9A8F54994D1FDD010432651432F7F5.e.5674"},"getText",[]]}
RESULT: {"script":"<script> [6424 bytes]","args":[{"element-6066-11e4-a52e-4f735466cecf":"f.38C819845B9EC31E5A88AE0F72095084.d.EB9A8F54994D1FDD010432651432F7F5.e.5674"},"getText",[]]}
COMMAND: POST /session/8b5e6cfdfc03247abf4ed7f1414f820f/execute/async - {"script":"<script> [1562 bytes]","args":[{"selector":{"id":"application-managepricingrules-display-component---newInfoPriceItem--condValidTo","interaction":{"idSuffix":"inner"}},"wdio_ui5_key":"applicationmanagepricingrules-display-component---newInfoPriceItem--condValidTo"}]}
RESULT: {"script":"<script> [1562 bytes]","args":[{"selector":{"id":"application-managepricingrules-display-component---newInfoPriceItem--condValidTo","interaction":{"idSuffix":"inner"}},"wdio_ui5_key":"applicationmanagepricingrules-display-component---newInfoPriceItem--condValidTo"}]}
RESULT: undefined
COMMAND: POST /session/8b5e6cfdfc03247abf4ed7f1414f820f/execute/async - {"script":"<script> [776 bytes]","args":[{"enterText":"2/4/26","selector":{"id":"application-managepricingrules-display-component---newInfoPriceItem--condValidTo","interaction":{"idSuffix":"inner"}},"clearTextFirst":true,"interactionType":"ENTER_TEXT"}]}
RESULT: {"script":"<script> [776 bytes]","args":[{"enterText":"2/4/26","selector":{"id":"application-managepricingrules-display-component---newInfoPriceItem--condValidTo","interaction":{"idSuffix":"inner"}},"clearTextFirst":true,"interactionType":"ENTER_TEXT"}]}
COMMAND: POST /session/8b5e6cfdfc03247abf4ed7f1414f820f/execute/async - {"script":"<script> [1562 bytes]","args":[{"selector":{"id":"application-managepricingrules-display-component---newInfoPriceItem--billType-arrow"},"wdio_ui5_key":"applicationmanagepricingrules-display-component---newInfoPriceItem--billType-arrow"}]}
RESULT: {"script":"<script> [1562 bytes]","args":[{"selector":{"id":"application-managepricingrules-display-component---newInfoPriceItem--billType-arrow"},"wdio_ui5_key":"applicationmanagepricingrules-display-component---newInfoPriceItem--billType-arrow"}]}
RESULT: undefined
COMMAND: POST /session/8b5e6cfdfc03247abf4ed7f1414f820f/element - {"using":"xpath","value":"//*[@id=\"application-managepricingrules-display-component---newInfoPriceItem--billType-arrow\"]"}
RESULT: {"using":"xpath","value":"//*[@id=\"application-managepricingrules-display-component---newInfoPriceItem--billType-arrow\"]"}
COMMAND: POST /session/8b5e6cfdfc03247abf4ed7f1414f820f/element/f.38C819845B9EC31E5A88AE0F72095084.d.EB9A8F54994D1FDD010432651432F7F5.e.5633/click - {}
RESULT: {}
COMMAND: POST /session/8b5e6cfdfc03247abf4ed7f1414f820f/element - {"using":"xpath","value":"//span[contains(text(), \"TB - Time based\")]"}
COMMAND: GET /session/8b5e6cfdfc03247abf4ed7f1414f820f/screenshot - {}
RESULT: {"using":"xpath","value":"//span[contains(text(), \"TB - Time based\")]"}
COMMAND: POST /session/8b5e6cfdfc03247abf4ed7f1414f820f/element/f.38C819845B9EC31E5A88AE0F72095084.d.EB9A8F54994D1FDD010432651432F7F5.e.5676/click - {}
RESULT: {}
RESULT: {}
COMMAND: POST /session/8b5e6cfdfc03247abf4ed7f1414f820f/execute/async - {"script":"<script> [1562 bytes]","args":[{"selector":{"id":"application-managepricingrules-display-component---newInfoPriceItem--priceProc-arrow"},"wdio_ui5_key":"applicationmanagepricingrules-display-component---newInfoPriceItem--priceProc-arrow"}]}
COMMAND: GET /session/8b5e6cfdfc03247abf4ed7f1414f820f/screenshot - {}
RESULT: {"script":"<script> [1562 bytes]","args":[{"selector":{"id":"application-managepricingrules-display-component---newInfoPriceItem--priceProc-arrow"},"wdio_ui5_key":"applicationmanagepricingrules-display-component---newInfoPriceItem--priceProc-arrow"}]}
RESULT: undefined
COMMAND: POST /session/8b5e6cfdfc03247abf4ed7f1414f820f/element - {"using":"xpath","value":"//*[@id=\"application-managepricingrules-display-component---newInfoPriceItem--priceProc-arrow\"]"}
RESULT: {}
RESULT: {"using":"xpath","value":"//*[@id=\"application-managepricingrules-display-component---newInfoPriceItem--priceProc-arrow\"]"}
COMMAND: POST /session/8b5e6cfdfc03247abf4ed7f1414f820f/element/f.38C819845B9EC31E5A88AE0F72095084.d.EB9A8F54994D1FDD010432651432F7F5.e.5640/click - {}
RESULT: {}
COMMAND: POST /session/8b5e6cfdfc03247abf4ed7f1414f820f/element - {"using":"xpath","value":"//span[contains(text(), \"TBS - Time based standard\")]"}
COMMAND: GET /session/8b5e6cfdfc03247abf4ed7f1414f820f/screenshot - {}
RESULT: {"using":"xpath","value":"//span[contains(text(), \"TBS - Time based standard\")]"}
COMMAND: POST /session/8b5e6cfdfc03247abf4ed7f1414f820f/element/f.38C819845B9EC31E5A88AE0F72095084.d.EB9A8F54994D1FDD010432651432F7F5.e.5677/click - {}
RESULT: {}
RESULT: {}
COMMAND: POST /session/8b5e6cfdfc03247abf4ed7f1414f820f/execute/async - {"script":"<script> [1562 bytes]","args":[{"selector":{"id":"application-managepricingrules-display-component---newInfoPriceItem--calcBase-arrow"},"wdio_ui5_key":"applicationmanagepricingrules-display-component---newInfoPriceItem--calcBase-arrow"}]}
COMMAND: GET /session/8b5e6cfdfc03247abf4ed7f1414f820f/screenshot - {}
RESULT: {"script":"<script> [1562 bytes]","args":[{"selector":{"id":"application-managepricingrules-display-component---newInfoPriceItem--calcBase-arrow"},"wdio_ui5_key":"applicationmanagepricingrules-display-component---newInfoPriceItem--calcBase-arrow"}]}
RESULT: undefined
COMMAND: POST /session/8b5e6cfdfc03247abf4ed7f1414f820f/element - {"using":"xpath","value":"//*[@id=\"application-managepricingrules-display-component---newInfoPriceItem--calcBase-arrow\"]"}
RESULT: {}
RESULT: {"using":"xpath","value":"//*[@id=\"application-managepricingrules-display-component---newInfoPriceItem--calcBase-arrow\"]"}
COMMAND: POST /session/8b5e6cfdfc03247abf4ed7f1414f820f/element/f.38C819845B9EC31E5A88AE0F72095084.d.EB9A8F54994D1FDD010432651432F7F5.e.5647/click - {}
RESULT: {}
COMMAND: GET /session/8b5e6cfdfc03247abf4ed7f1414f820f/screenshot - {}
RESULT: {}
COMMAND: POST /session/8b5e6cfdfc03247abf4ed7f1414f820f/element - {"using":"xpath","value":"//span[contains(text(), \"0006 - TB(calendar days)\")]"}
RESULT: {"using":"xpath","value":"//span[contains(text(), \"0006 - TB(calendar days)\")]"}
COMMAND: POST /session/8b5e6cfdfc03247abf4ed7f1414f820f/element/f.38C819845B9EC31E5A88AE0F72095084.d.EB9A8F54994D1FDD010432651432F7F5.e.5678/click - {}
RESULT: {}
COMMAND: GET /session/8b5e6cfdfc03247abf4ed7f1414f820f/screenshot - {}
RESULT: {}
COMMAND: POST /session/8b5e6cfdfc03247abf4ed7f1414f820f/execute/async - {"script":"<script> [1562 bytes]","args":[{"selector":{"id":"application-managepricingrules-display-component---newInfoPriceItem--daysMonth","interaction":{"idSuffix":"inner"}},"wdio_ui5_key":"applicationmanagepricingrules-display-component---newInfoPriceItem--daysMonth"}]}
RESULT: {"script":"<script> [1562 bytes]","args":[{"selector":{"id":"application-managepricingrules-display-component---newInfoPriceItem--daysMonth","interaction":{"idSuffix":"inner"}},"wdio_ui5_key":"applicationmanagepricingrules-display-component---newInfoPriceItem--daysMonth"}]}
RESULT: undefined
COMMAND: POST /session/8b5e6cfdfc03247abf4ed7f1414f820f/execute/async - {"script":"<script> [776 bytes]","args":[{"enterText":"30","selector":{"id":"application-managepricingrules-display-component---newInfoPriceItem--daysMonth","interaction":{"idSuffix":"inner"}},"clearTextFirst":true,"interactionType":"ENTER_TEXT"}]}
RESULT: {"script":"<script> [776 bytes]","args":[{"enterText":"30","selector":{"id":"application-managepricingrules-display-component---newInfoPriceItem--daysMonth","interaction":{"idSuffix":"inner"}},"clearTextFirst":true,"interactionType":"ENTER_TEXT"}]}
COMMAND: POST /session/8b5e6cfdfc03247abf4ed7f1414f820f/element - {"using":"xpath","value":"//button[@data-kt=\"saveNewRuleButton\"]"}
RESULT: {"using":"xpath","value":"//button[@data-kt=\"saveNewRuleButton\"]"}
COMMAND: POST /session/8b5e6cfdfc03247abf4ed7f1414f820f/element/f.38C819845B9EC31E5A88AE0F72095084.d.EB9A8F54994D1FDD010432651432F7F5.e.5667/click - {}
RESULT: {}
COMMAND: GET /session/8b5e6cfdfc03247abf4ed7f1414f820f/screenshot - {}
RESULT: {}
COMMAND: POST /session/8b5e6cfdfc03247abf4ed7f1414f820f/execute/async - {"script":"<script> [1562 bytes]","args":[{"selector":{"id":"application-managepricingrules-display-component---priceInfoItem--smartFilterBar-btnBasicSearch","interaction":{"idSuffix":"I"}},"wdio_ui5_key":"applicationmanagepricingrules-display-component---priceInfoItem--smartFilterBar-btnBasicSearch"}]}
RESULT: {"script":"<script> [1562 bytes]","args":[{"selector":{"id":"application-managepricingrules-display-component---priceInfoItem--smartFilterBar-btnBasicSearch","interaction":{"idSuffix":"I"}},"wdio_ui5_key":"applicationmanagepricingrules-display-component---priceInfoItem--smartFilterBar-btnBasicSearch"}]}
RESULT: undefined
COMMAND: POST /session/8b5e6cfdfc03247abf4ed7f1414f820f/execute/async - {"script":"<script> [776 bytes]","args":[{"enterText":"Ewk7vt7dQS","selector":{"id":"application-managepricingrules-display-component---priceInfoItem--smartFilterBar-btnBasicSearch","interaction":{"idSuffix":"I"}},"clearTextFirst":true,"interactionType":"ENTER_TEXT"}]}
RESULT: {"script":"<script> [776 bytes]","args":[{"enterText":"Ewk7vt7dQS","selector":{"id":"application-managepricingrules-display-component---priceInfoItem--smartFilterBar-btnBasicSearch","interaction":{"idSuffix":"I"}},"clearTextFirst":true,"interactionType":"ENTER_TEXT"}]}
COMMAND: POST /session/8b5e6cfdfc03247abf4ed7f1414f820f/actions - {"actions":[{"id":"action13","type":"key","parameters":{},"actions":[{"type":"keyDown","value":"î€‡"},{"type":"pause","duration":10},{"type":"keyUp","value":"î€‡"}]}]}
RESULT: {"actions":[{"id":"action13","type":"key","parameters":{},"actions":[{"type":"keyDown","value":"î€‡"},{"type":"pause","duration":10},{"type":"keyUp","value":"î€‡"}]}]}
COMMAND: GET /session/8b5e6cfdfc03247abf4ed7f1414f820f/screenshot - {}
RESULT: {}
COMMAND: POST /session/8b5e6cfdfc03247abf4ed7f1414f820f/element - {"using":"xpath","value":"//span[@id=\"application-managepricingrules-display-component---priceInfoItem--smartTable-header-inner\"]"}
RESULT: {"using":"xpath","value":"//span[@id=\"application-managepricingrules-display-component---priceInfoItem--smartTable-header-inner\"]"}
COMMAND: POST /session/8b5e6cfdfc03247abf4ed7f1414f820f/elements - {"using":"xpath","value":"//span[@id=\"application-managepricingrules-display-component---priceInfoItem--smartTable-header-inner\"]"}
RESULT: {"using":"xpath","value":"//span[@id=\"application-managepricingrules-display-component---priceInfoItem--smartTable-header-inner\"]"}
COMMAND: POST /session/8b5e6cfdfc03247abf4ed7f1414f820f/execute/sync - {"script":"<script> [56 bytes]","args":[{"element-6066-11e4-a52e-4f735466cecf":"f.38C819845B9EC31E5A88AE0F72095084.d.EB9A8F54994D1FDD010432651432F7F5.e.5702","ELEMENT":"f.38C819845B9EC31E5A88AE0F72095084.d.EB9A8F54994D1FDD010432651432F7F5.e.5702"}]}
RESULT: {"script":"<script> [56 bytes]","args":[{"element-6066-11e4-a52e-4f735466cecf":"f.38C819845B9EC31E5A88AE0F72095084.d.EB9A8F54994D1FDD010432651432F7F5.e.5702","ELEMENT":"f.38C819845B9EC31E5A88AE0F72095084.d.EB9A8F54994D1FDD010432651432F7F5.e.5702"}]}
COMMAND: POST /session/8b5e6cfdfc03247abf4ed7f1414f820f/element - {"using":"css selector","value":"#shell-header-logo"}
COMMAND: GET /session/8b5e6cfdfc03247abf4ed7f1414f820f/screenshot - {}
RESULT: {"using":"css selector","value":"#shell-header-logo"}
COMMAND: POST /session/8b5e6cfdfc03247abf4ed7f1414f820f/element/f.38C819845B9EC31E5A88AE0F72095084.d.EB9A8F54994D1FDD010432651432F7F5.e.4798/click - {}
RESULT: {}
RESULT: {}
COMMAND: GET /session/8b5e6cfdfc03247abf4ed7f1414f820f/screenshot - {}
RESULT: {}
]]></system-out>
    </testcase>
    <testcase classname="chrome.136_0_7103_93.windows.Billing_Transfer_-_Master_data_&amp;_Intercompany_US127250" name="Should create new condition for equipment TB" time="65.044">
      <system-out><![CDATA[
COMMAND: POST /session/8b5e6cfdfc03247abf4ed7f1414f820f/execute/async - {"script":"<script> [1562 bytes]","args":[{"selector":{"controlType":"sap.m.GenericTile","properties":{"header":"Manage Conditions & Prices"}},"wdio_ui5_key":"sapm.GenericTile{\"header\":\"Manage Conditions & Prices\"}"}]}
RESULT: {"script":"<script> [1562 bytes]","args":[{"selector":{"controlType":"sap.m.GenericTile","properties":{"header":"Manage Conditions & Prices"}},"wdio_ui5_key":"sapm.GenericTile{\"header\":\"Manage Conditions & Prices\"}"}]}
RESULT: undefined
COMMAND: POST /session/8b5e6cfdfc03247abf4ed7f1414f820f/element - {"using":"xpath","value":"//*[@id=\"__tile93\"]"}
RESULT: {"using":"xpath","value":"//*[@id=\"__tile93\"]"}
COMMAND: POST /session/8b5e6cfdfc03247abf4ed7f1414f820f/element/f.38C819845B9EC31E5A88AE0F72095084.d.EB9A8F54994D1FDD010432651432F7F5.e.4782/click - {}
RESULT: {}
COMMAND: GET /session/8b5e6cfdfc03247abf4ed7f1414f820f/screenshot - {}
RESULT: {}
COMMAND: POST /session/8b5e6cfdfc03247abf4ed7f1414f820f/elements - {"using":"xpath","value":"//span[text()='Error']"}
RESULT: {"using":"xpath","value":"//span[text()='Error']"}
COMMAND: POST /session/8b5e6cfdfc03247abf4ed7f1414f820f/element - {"using":"xpath","value":"//button[@aria-label=\"Create\"]"}
RESULT: {"using":"xpath","value":"//button[@aria-label=\"Create\"]"}
COMMAND: POST /session/8b5e6cfdfc03247abf4ed7f1414f820f/elements - {"using":"xpath","value":"//button[@aria-label=\"Create\"]"}
RESULT: {"using":"xpath","value":"//button[@aria-label=\"Create\"]"}
COMMAND: POST /session/8b5e6cfdfc03247abf4ed7f1414f820f/execute/sync - {"script":"<script> [8489 bytes]","args":[{"element-6066-11e4-a52e-4f735466cecf":"f.38C819845B9EC31E5A88AE0F72095084.d.EB9A8F54994D1FDD010432651432F7F5.e.5739","ELEMENT":"f.38C819845B9EC31E5A88AE0F72095084.d.EB9A8F54994D1FDD010432651432F7F5.e.5739"}]}
RESULT: {"script":"<script> [8489 bytes]","args":[{"element-6066-11e4-a52e-4f735466cecf":"f.38C819845B9EC31E5A88AE0F72095084.d.EB9A8F54994D1FDD010432651432F7F5.e.5739","ELEMENT":"f.38C819845B9EC31E5A88AE0F72095084.d.EB9A8F54994D1FDD010432651432F7F5.e.5739"}]}
COMMAND: GET /session/8b5e6cfdfc03247abf4ed7f1414f820f/element/f.38C819845B9EC31E5A88AE0F72095084.d.EB9A8F54994D1FDD010432651432F7F5.e.5739/enabled - {}
COMMAND: GET /session/8b5e6cfdfc03247abf4ed7f1414f820f/screenshot - {}
RESULT: {}
COMMAND: POST /session/8b5e6cfdfc03247abf4ed7f1414f820f/execute/sync - {"script":"<script> [8489 bytes]","args":[{"element-6066-11e4-a52e-4f735466cecf":"f.38C819845B9EC31E5A88AE0F72095084.d.EB9A8F54994D1FDD010432651432F7F5.e.5739","ELEMENT":"f.38C819845B9EC31E5A88AE0F72095084.d.EB9A8F54994D1FDD010432651432F7F5.e.5739"}]}
COMMAND: GET /session/8b5e6cfdfc03247abf4ed7f1414f820f/screenshot - {}
RESULT: {}
RESULT: {"script":"<script> [8489 bytes]","args":[{"element-6066-11e4-a52e-4f735466cecf":"f.38C819845B9EC31E5A88AE0F72095084.d.EB9A8F54994D1FDD010432651432F7F5.e.5739","ELEMENT":"f.38C819845B9EC31E5A88AE0F72095084.d.EB9A8F54994D1FDD010432651432F7F5.e.5739"}]}
COMMAND: POST /session/8b5e6cfdfc03247abf4ed7f1414f820f/execute/sync - {"script":"<script> [5351 bytes]","args":[{"element-6066-11e4-a52e-4f735466cecf":"f.38C819845B9EC31E5A88AE0F72095084.d.EB9A8F54994D1FDD010432651432F7F5.e.5739","ELEMENT":"f.38C819845B9EC31E5A88AE0F72095084.d.EB9A8F54994D1FDD010432651432F7F5.e.5739"}]}
COMMAND: GET /session/8b5e6cfdfc03247abf4ed7f1414f820f/screenshot - {}
RESULT: {}
RESULT: {"script":"<script> [5351 bytes]","args":[{"element-6066-11e4-a52e-4f735466cecf":"f.38C819845B9EC31E5A88AE0F72095084.d.EB9A8F54994D1FDD010432651432F7F5.e.5739","ELEMENT":"f.38C819845B9EC31E5A88AE0F72095084.d.EB9A8F54994D1FDD010432651432F7F5.e.5739"}]}
COMMAND: POST /session/8b5e6cfdfc03247abf4ed7f1414f820f/element/f.38C819845B9EC31E5A88AE0F72095084.d.EB9A8F54994D1FDD010432651432F7F5.e.5739/click - {}
COMMAND: GET /session/8b5e6cfdfc03247abf4ed7f1414f820f/screenshot - {}
RESULT: {}
RESULT: {}
COMMAND: GET /session/8b5e6cfdfc03247abf4ed7f1414f820f/screenshot - {}
RESULT: {}
RESULT: {}
COMMAND: POST /session/8b5e6cfdfc03247abf4ed7f1414f820f/actions - {"actions":[{"id":"action14","type":"key","parameters":{},"actions":[{"type":"keyDown","value":"î€‡"},{"type":"pause","duration":10},{"type":"keyUp","value":"î€‡"}]}]}
RESULT: {"actions":[{"id":"action14","type":"key","parameters":{},"actions":[{"type":"keyDown","value":"î€‡"},{"type":"pause","duration":10},{"type":"keyUp","value":"î€‡"}]}]}
COMMAND: GET /session/8b5e6cfdfc03247abf4ed7f1414f820f/screenshot - {}
RESULT: {}
COMMAND: POST /session/8b5e6cfdfc03247abf4ed7f1414f820f/execute/async - {"script":"<script> [1562 bytes]","args":[{"selector":{"id":"application-manageconditionprice-display-component---newCondition--condBillCond-arrow"},"wdio_ui5_key":"applicationmanageconditionprice-display-component---newCondition--condBillCond-arrow"}]}
RESULT: {"script":"<script> [1562 bytes]","args":[{"selector":{"id":"application-manageconditionprice-display-component---newCondition--condBillCond-arrow"},"wdio_ui5_key":"applicationmanageconditionprice-display-component---newCondition--condBillCond-arrow"}]}
RESULT: undefined
COMMAND: POST /session/8b5e6cfdfc03247abf4ed7f1414f820f/element - {"using":"xpath","value":"//*[@id=\"application-manageconditionprice-display-component---newCondition--condBillCond-arrow\"]"}
RESULT: {"using":"xpath","value":"//*[@id=\"application-manageconditionprice-display-component---newCondition--condBillCond-arrow\"]"}
COMMAND: POST /session/8b5e6cfdfc03247abf4ed7f1414f820f/element/f.38C819845B9EC31E5A88AE0F72095084.d.EB9A8F54994D1FDD010432651432F7F5.e.5948/click - {}
RESULT: {}
COMMAND: GET /session/8b5e6cfdfc03247abf4ed7f1414f820f/screenshot - {}
RESULT: {}
COMMAND: POST /session/8b5e6cfdfc03247abf4ed7f1414f820f/element - {"using":"xpath","value":"//li[.//span[contains(text(), \"DISP - D&I special price\")]]"}
RESULT: {"using":"xpath","value":"//li[.//span[contains(text(), \"DISP - D&I special price\")]]"}
COMMAND: POST /session/8b5e6cfdfc03247abf4ed7f1414f820f/element/f.38C819845B9EC31E5A88AE0F72095084.d.EB9A8F54994D1FDD010432651432F7F5.e.5952/click - {}
RESULT: {}
COMMAND: GET /session/8b5e6cfdfc03247abf4ed7f1414f820f/screenshot - {}
RESULT: {}
COMMAND: POST /session/8b5e6cfdfc03247abf4ed7f1414f820f/execute/async - {"script":"<script> [1562 bytes]","args":[{"selector":{"id":"application-manageconditionprice-display-component---newCondition--condValidTo","interaction":{"idSuffix":"inner"}},"wdio_ui5_key":"applicationmanageconditionprice-display-component---newCondition--condValidTo"}]}
RESULT: {"script":"<script> [1562 bytes]","args":[{"selector":{"id":"application-manageconditionprice-display-component---newCondition--condValidTo","interaction":{"idSuffix":"inner"}},"wdio_ui5_key":"applicationmanageconditionprice-display-component---newCondition--condValidTo"}]}
RESULT: undefined
COMMAND: POST /session/8b5e6cfdfc03247abf4ed7f1414f820f/execute/async - {"script":"<script> [776 bytes]","args":[{"enterText":"2/4/26","selector":{"id":"application-manageconditionprice-display-component---newCondition--condValidTo","interaction":{"idSuffix":"inner"}},"clearTextFirst":true,"interactionType":"ENTER_TEXT"}]}
RESULT: {"script":"<script> [776 bytes]","args":[{"enterText":"2/4/26","selector":{"id":"application-manageconditionprice-display-component---newCondition--condValidTo","interaction":{"idSuffix":"inner"}},"clearTextFirst":true,"interactionType":"ENTER_TEXT"}]}
COMMAND: POST /session/8b5e6cfdfc03247abf4ed7f1414f820f/element - {"using":"xpath","value":"//input[@id=\"application-manageconditionprice-display-component---newCondition--condRU-inner\"]"}
RESULT: {"using":"xpath","value":"//input[@id=\"application-manageconditionprice-display-component---newCondition--condRU-inner\"]"}
COMMAND: POST /session/8b5e6cfdfc03247abf4ed7f1414f820f/element/f.38C819845B9EC31E5A88AE0F72095084.d.EB9A8F54994D1FDD010432651432F7F5.e.5816/clear - {}
RESULT: {}
COMMAND: POST /session/8b5e6cfdfc03247abf4ed7f1414f820f/element/f.38C819845B9EC31E5A88AE0F72095084.d.EB9A8F54994D1FDD010432651432F7F5.e.5816/value - {"text":"Ewk7vt7dQS"}
COMMAND: GET /session/8b5e6cfdfc03247abf4ed7f1414f820f/screenshot - {}
RESULT: {"text":"Ewk7vt7dQS"}
COMMAND: GET /session/8b5e6cfdfc03247abf4ed7f1414f820f/screenshot - {}
RESULT: {}
RESULT: {}
COMMAND: POST /session/8b5e6cfdfc03247abf4ed7f1414f820f/actions - {"actions":[{"id":"action15","type":"key","parameters":{},"actions":[{"type":"keyDown","value":"î€‡"},{"type":"pause","duration":10},{"type":"keyUp","value":"î€‡"}]}]}
RESULT: {"actions":[{"id":"action15","type":"key","parameters":{},"actions":[{"type":"keyDown","value":"î€‡"},{"type":"pause","duration":10},{"type":"keyUp","value":"î€‡"}]}]}
COMMAND: POST /session/8b5e6cfdfc03247abf4ed7f1414f820f/execute/async - {"script":"<script> [1562 bytes]","args":[{"selector":{"id":"application-manageconditionprice-display-component---newCondition--condBaseQty","interaction":{"idSuffix":"inner"}},"wdio_ui5_key":"applicationmanageconditionprice-display-component---newCondition--condBaseQty"}]}
COMMAND: GET /session/8b5e6cfdfc03247abf4ed7f1414f820f/screenshot - {}
RESULT: {"script":"<script> [1562 bytes]","args":[{"selector":{"id":"application-manageconditionprice-display-component---newCondition--condBaseQty","interaction":{"idSuffix":"inner"}},"wdio_ui5_key":"applicationmanageconditionprice-display-component---newCondition--condBaseQty"}]}
RESULT: undefined
COMMAND: POST /session/8b5e6cfdfc03247abf4ed7f1414f820f/execute/async - {"script":"<script> [776 bytes]","args":[{"enterText":"1","selector":{"id":"application-manageconditionprice-display-component---newCondition--condBaseQty","interaction":{"idSuffix":"inner"}},"clearTextFirst":true,"interactionType":"ENTER_TEXT"}]}
RESULT: {}
RESULT: {"script":"<script> [776 bytes]","args":[{"enterText":"1","selector":{"id":"application-manageconditionprice-display-component---newCondition--condBaseQty","interaction":{"idSuffix":"inner"}},"clearTextFirst":true,"interactionType":"ENTER_TEXT"}]}
COMMAND: POST /session/8b5e6cfdfc03247abf4ed7f1414f820f/execute/async - {"script":"<script> [1562 bytes]","args":[{"selector":{"id":"application-manageconditionprice-display-component---newCondition--condValue","interaction":{"idSuffix":"inner"}},"wdio_ui5_key":"applicationmanageconditionprice-display-component---newCondition--condValue"}]}
RESULT: {"script":"<script> [1562 bytes]","args":[{"selector":{"id":"application-manageconditionprice-display-component---newCondition--condValue","interaction":{"idSuffix":"inner"}},"wdio_ui5_key":"applicationmanageconditionprice-display-component---newCondition--condValue"}]}
RESULT: undefined
COMMAND: POST /session/8b5e6cfdfc03247abf4ed7f1414f820f/execute/async - {"script":"<script> [776 bytes]","args":[{"enterText":"100","selector":{"id":"application-manageconditionprice-display-component---newCondition--condValue","interaction":{"idSuffix":"inner"}},"clearTextFirst":true,"interactionType":"ENTER_TEXT"}]}
RESULT: {"script":"<script> [776 bytes]","args":[{"enterText":"100","selector":{"id":"application-manageconditionprice-display-component---newCondition--condValue","interaction":{"idSuffix":"inner"}},"clearTextFirst":true,"interactionType":"ENTER_TEXT"}]}
COMMAND: POST /session/8b5e6cfdfc03247abf4ed7f1414f820f/execute/async - {"script":"<script> [1562 bytes]","args":[{"selector":{"id":"application-manageconditionprice-display-component---newCondition--condCurr-arrow"},"wdio_ui5_key":"applicationmanageconditionprice-display-component---newCondition--condCurr-arrow"}]}
RESULT: {"script":"<script> [1562 bytes]","args":[{"selector":{"id":"application-manageconditionprice-display-component---newCondition--condCurr-arrow"},"wdio_ui5_key":"applicationmanageconditionprice-display-component---newCondition--condCurr-arrow"}]}
RESULT: undefined
COMMAND: POST /session/8b5e6cfdfc03247abf4ed7f1414f820f/element - {"using":"xpath","value":"//*[@id=\"application-manageconditionprice-display-component---newCondition--condCurr-arrow\"]"}
RESULT: {"using":"xpath","value":"//*[@id=\"application-manageconditionprice-display-component---newCondition--condCurr-arrow\"]"}
COMMAND: POST /session/8b5e6cfdfc03247abf4ed7f1414f820f/element/f.38C819845B9EC31E5A88AE0F72095084.d.EB9A8F54994D1FDD010432651432F7F5.e.5920/click - {}
RESULT: {}
COMMAND: POST /session/8b5e6cfdfc03247abf4ed7f1414f820f/element - {"using":"xpath","value":"//span[contains(text(), \"Euro\")]"}
COMMAND: GET /session/8b5e6cfdfc03247abf4ed7f1414f820f/screenshot - {}
RESULT: {"using":"xpath","value":"//span[contains(text(), \"Euro\")]"}
COMMAND: POST /session/8b5e6cfdfc03247abf4ed7f1414f820f/element/f.38C819845B9EC31E5A88AE0F72095084.d.EB9A8F54994D1FDD010432651432F7F5.e.5990/click - {}
RESULT: {}
RESULT: {}
COMMAND: POST /session/8b5e6cfdfc03247abf4ed7f1414f820f/element - {"using":"xpath","value":"//button[@data-kt=\"saveButton\"]"}
COMMAND: GET /session/8b5e6cfdfc03247abf4ed7f1414f820f/screenshot - {}
RESULT: {"using":"xpath","value":"//button[@data-kt=\"saveButton\"]"}
COMMAND: POST /session/8b5e6cfdfc03247abf4ed7f1414f820f/element/f.38C819845B9EC31E5A88AE0F72095084.d.EB9A8F54994D1FDD010432651432F7F5.e.5921/click - {}
RESULT: {}
RESULT: {}
COMMAND: GET /session/8b5e6cfdfc03247abf4ed7f1414f820f/screenshot - {}
RESULT: {}
COMMAND: POST /session/8b5e6cfdfc03247abf4ed7f1414f820f/execute/async - {"script":"<script> [1562 bytes]","args":[{"selector":{"id":"application-manageconditionprice-display-component---conditions--smartFilterBar-btnBasicSearch","interaction":{"idSuffix":"I"}},"wdio_ui5_key":"applicationmanageconditionprice-display-component---conditions--smartFilterBar-btnBasicSearch"}]}
RESULT: {"script":"<script> [1562 bytes]","args":[{"selector":{"id":"application-manageconditionprice-display-component---conditions--smartFilterBar-btnBasicSearch","interaction":{"idSuffix":"I"}},"wdio_ui5_key":"applicationmanageconditionprice-display-component---conditions--smartFilterBar-btnBasicSearch"}]}
RESULT: undefined
COMMAND: POST /session/8b5e6cfdfc03247abf4ed7f1414f820f/execute/async - {"script":"<script> [776 bytes]","args":[{"enterText":"Ewk7vt7dQS","selector":{"id":"application-manageconditionprice-display-component---conditions--smartFilterBar-btnBasicSearch","interaction":{"idSuffix":"I"}},"clearTextFirst":true,"interactionType":"ENTER_TEXT"}]}
RESULT: {"script":"<script> [776 bytes]","args":[{"enterText":"Ewk7vt7dQS","selector":{"id":"application-manageconditionprice-display-component---conditions--smartFilterBar-btnBasicSearch","interaction":{"idSuffix":"I"}},"clearTextFirst":true,"interactionType":"ENTER_TEXT"}]}
COMMAND: POST /session/8b5e6cfdfc03247abf4ed7f1414f820f/actions - {"actions":[{"id":"action16","type":"key","parameters":{},"actions":[{"type":"keyDown","value":"î€‡"},{"type":"pause","duration":10},{"type":"keyUp","value":"î€‡"}]}]}
RESULT: {"actions":[{"id":"action16","type":"key","parameters":{},"actions":[{"type":"keyDown","value":"î€‡"},{"type":"pause","duration":10},{"type":"keyUp","value":"î€‡"}]}]}
COMMAND: GET /session/8b5e6cfdfc03247abf4ed7f1414f820f/screenshot - {}
RESULT: {}
COMMAND: POST /session/8b5e6cfdfc03247abf4ed7f1414f820f/execute/async - {"script":"<script> [1562 bytes]","args":[{"selector":{"id":"application-manageconditionprice-display-component---conditions--smartFilterBar-filterItemControl_BASIC-BILL_TYPES-vhi"},"wdio_ui5_key":"applicationmanageconditionprice-display-component---conditions--smartFilterBar-filterItemControl_BASIC-BILL_TYPES-vhi"}]}
RESULT: {"script":"<script> [1562 bytes]","args":[{"selector":{"id":"application-manageconditionprice-display-component---conditions--smartFilterBar-filterItemControl_BASIC-BILL_TYPES-vhi"},"wdio_ui5_key":"applicationmanageconditionprice-display-component---conditions--smartFilterBar-filterItemControl_BASIC-BILL_TYPES-vhi"}]}
RESULT: undefined
COMMAND: POST /session/8b5e6cfdfc03247abf4ed7f1414f820f/element - {"using":"xpath","value":"//*[@id=\"application-manageconditionprice-display-component---conditions--smartFilterBar-filterItemControl_BASIC-BILL_TYPES-vhi\"]"}
RESULT: {"using":"xpath","value":"//*[@id=\"application-manageconditionprice-display-component---conditions--smartFilterBar-filterItemControl_BASIC-BILL_TYPES-vhi\"]"}
COMMAND: POST /session/8b5e6cfdfc03247abf4ed7f1414f820f/element/f.38C819845B9EC31E5A88AE0F72095084.d.EB9A8F54994D1FDD010432651432F7F5.e.6007/click - {}
RESULT: {}
COMMAND: POST /session/8b5e6cfdfc03247abf4ed7f1414f820f/execute/async - {"script":"<script> [1562 bytes]","args":[{"selector":{"id":"application-manageconditionprice-display-component---conditions--smartFilterBar-filterItemControl_BASIC-BILL_TYPES-valueHelpDialog-smartFilterBar-btnBasicSearch","searchOpenDialogs":true,"interaction":{"idSuffix":"I"}},"wdio_ui5_key":"applicationmanageconditionprice-display-component---conditions--smartFilterBar-filterItemControl_BASIC-BILL_TYPES-valueHelpDialog-smartFilterBar-btnBasicSearch"}]}
COMMAND: GET /session/8b5e6cfdfc03247abf4ed7f1414f820f/screenshot - {}
RESULT: {"script":"<script> [1562 bytes]","args":[{"selector":{"id":"application-manageconditionprice-display-component---conditions--smartFilterBar-filterItemControl_BASIC-BILL_TYPES-valueHelpDialog-smartFilterBar-btnBasicSearch","searchOpenDialogs":true,"interaction":{"idSuffix":"I"}},"wdio_ui5_key":"applicationmanageconditionprice-display-component---conditions--smartFilterBar-filterItemControl_BASIC-BILL_TYPES-valueHelpDialog-smartFilterBar-btnBasicSearch"}]}
RESULT: undefined
COMMAND: POST /session/8b5e6cfdfc03247abf4ed7f1414f820f/execute/async - {"script":"<script> [776 bytes]","args":[{"enterText":"TB","selector":{"id":"application-manageconditionprice-display-component---conditions--smartFilterBar-filterItemControl_BASIC-BILL_TYPES-valueHelpDialog-smartFilterBar-btnBasicSearch","searchOpenDialogs":true,"interaction":{"idSuffix":"I"}},"clearTextFirst":true,"interactionType":"ENTER_TEXT"}]}
RESULT: {}
RESULT: {"script":"<script> [776 bytes]","args":[{"enterText":"TB","selector":{"id":"application-manageconditionprice-display-component---conditions--smartFilterBar-filterItemControl_BASIC-BILL_TYPES-valueHelpDialog-smartFilterBar-btnBasicSearch","searchOpenDialogs":true,"interaction":{"idSuffix":"I"}},"clearTextFirst":true,"interactionType":"ENTER_TEXT"}]}
COMMAND: POST /session/8b5e6cfdfc03247abf4ed7f1414f820f/actions - {"actions":[{"id":"action17","type":"key","parameters":{},"actions":[{"type":"keyDown","value":"î€‡"},{"type":"pause","duration":10},{"type":"keyUp","value":"î€‡"}]}]}
RESULT: {"actions":[{"id":"action17","type":"key","parameters":{},"actions":[{"type":"keyDown","value":"î€‡"},{"type":"pause","duration":10},{"type":"keyUp","value":"î€‡"}]}]}
COMMAND: GET /session/8b5e6cfdfc03247abf4ed7f1414f820f/screenshot - {}
RESULT: {}
COMMAND: POST /session/8b5e6cfdfc03247abf4ed7f1414f820f/element - {"using":"xpath","value":"//div[contains(@id, 'application-manageconditionprice-display-component---conditions--smartFilterBar-filterItemControl_BASIC-BILL_TYPES-valueHelpDialog-table-rowsel0')]"}
RESULT: {"using":"xpath","value":"//div[contains(@id, 'application-manageconditionprice-display-component---conditions--smartFilterBar-filterItemControl_BASIC-BILL_TYPES-valueHelpDialog-table-rowsel0')]"}
COMMAND: POST /session/8b5e6cfdfc03247abf4ed7f1414f820f/element/f.38C819845B9EC31E5A88AE0F72095084.d.EB9A8F54994D1FDD010432651432F7F5.e.6016/click - {}
RESULT: {}
COMMAND: GET /session/8b5e6cfdfc03247abf4ed7f1414f820f/screenshot - {}
RESULT: {}
COMMAND: POST /session/8b5e6cfdfc03247abf4ed7f1414f820f/element - {"using":"xpath","value":"//bdi[contains(text(), \"OK\")]"}
RESULT: {"using":"xpath","value":"//bdi[contains(text(), \"OK\")]"}
COMMAND: POST /session/8b5e6cfdfc03247abf4ed7f1414f820f/element/f.38C819845B9EC31E5A88AE0F72095084.d.EB9A8F54994D1FDD010432651432F7F5.e.6018/click - {}
RESULT: {}
COMMAND: GET /session/8b5e6cfdfc03247abf4ed7f1414f820f/screenshot - {}
RESULT: {}
COMMAND: POST /session/8b5e6cfdfc03247abf4ed7f1414f820f/element - {"using":"xpath","value":"//span[@id=\"application-manageconditionprice-display-component---conditions--smartTable-header-inner\"]"}
RESULT: {"using":"xpath","value":"//span[@id=\"application-manageconditionprice-display-component---conditions--smartTable-header-inner\"]"}
COMMAND: POST /session/8b5e6cfdfc03247abf4ed7f1414f820f/elements - {"using":"xpath","value":"//span[@id=\"application-manageconditionprice-display-component---conditions--smartTable-header-inner\"]"}
RESULT: {"using":"xpath","value":"//span[@id=\"application-manageconditionprice-display-component---conditions--smartTable-header-inner\"]"}
COMMAND: POST /session/8b5e6cfdfc03247abf4ed7f1414f820f/execute/sync - {"script":"<script> [56 bytes]","args":[{"element-6066-11e4-a52e-4f735466cecf":"f.38C819845B9EC31E5A88AE0F72095084.d.EB9A8F54994D1FDD010432651432F7F5.e.6021","ELEMENT":"f.38C819845B9EC31E5A88AE0F72095084.d.EB9A8F54994D1FDD010432651432F7F5.e.6021"}]}
RESULT: {"script":"<script> [56 bytes]","args":[{"element-6066-11e4-a52e-4f735466cecf":"f.38C819845B9EC31E5A88AE0F72095084.d.EB9A8F54994D1FDD010432651432F7F5.e.6021","ELEMENT":"f.38C819845B9EC31E5A88AE0F72095084.d.EB9A8F54994D1FDD010432651432F7F5.e.6021"}]}
COMMAND: POST /session/8b5e6cfdfc03247abf4ed7f1414f820f/element - {"using":"css selector","value":"#shell-header-logo"}
COMMAND: GET /session/8b5e6cfdfc03247abf4ed7f1414f820f/screenshot - {}
RESULT: {"using":"css selector","value":"#shell-header-logo"}
COMMAND: POST /session/8b5e6cfdfc03247abf4ed7f1414f820f/element/f.38C819845B9EC31E5A88AE0F72095084.d.EB9A8F54994D1FDD010432651432F7F5.e.5705/click - {}
RESULT: {}
RESULT: {}
COMMAND: GET /session/8b5e6cfdfc03247abf4ed7f1414f820f/screenshot - {}
RESULT: {}
]]></system-out>
    </testcase>
  </testsuite>
  <testsuite timestamp="2025-06-04T05:37:58" time="1065.459" tests="12" failures="6" errors="6" skipped="0">
    <properties>
      <property name="specId" value="0" />
      <property name="suiteName" value="Billing Transfer - Intracompany US127249" />
      <property name="capabilities" value="chrome.136_0_7103_93.windows" />
      <property name="file" value="file:///D:/a/1/s/test/specs/BTS/billing-transfer-intracompany.spec.js" />
    </properties>
    <testcase classname="chrome.136_0_7103_93.windows.Billing_Transfer_-_Intracompany_US127249" name="Should create a new yard" time="125.55">
      <system-out><![CDATA[
COMMAND: POST /session/8b5e6cfdfc03247abf4ed7f1414f820f/window/fullscreen - {}
RESULT: {}
COMMAND: POST /session/8b5e6cfdfc03247abf4ed7f1414f820f/execute/async - {"script":"<script> [1562 bytes]","args":[{"selector":{"controlType":"sap.m.GenericTile","properties":{"header":"Manage Yards"}},"wdio_ui5_key":"sapm.GenericTile{\"header\":\"Manage Yards\"}"}]}
RESULT: {"script":"<script> [1562 bytes]","args":[{"selector":{"controlType":"sap.m.GenericTile","properties":{"header":"Manage Yards"}},"wdio_ui5_key":"sapm.GenericTile{\"header\":\"Manage Yards\"}"}]}
RESULT: undefined
COMMAND: POST /session/8b5e6cfdfc03247abf4ed7f1414f820f/element - {"using":"xpath","value":"//*[@id=\"__tile41\"]"}
RESULT: {"using":"xpath","value":"//*[@id=\"__tile41\"]"}
COMMAND: POST /session/8b5e6cfdfc03247abf4ed7f1414f820f/element/f.38C819845B9EC31E5A88AE0F72095084.d.BCF9779E3FFCF401B7BF920761F9BC57.e.6602/click - {}
RESULT: {}
COMMAND: GET /session/8b5e6cfdfc03247abf4ed7f1414f820f/screenshot - {}
RESULT: {}
COMMAND: POST /session/8b5e6cfdfc03247abf4ed7f1414f820f/elements - {"using":"xpath","value":"//span[text()='Error']"}
RESULT: {"using":"xpath","value":"//span[text()='Error']"}
COMMAND: POST /session/8b5e6cfdfc03247abf4ed7f1414f820f/element - {"using":"xpath","value":"//button[@data-kt=\"addNewYardOverflowToolbarButton\"]"}
RESULT: {"using":"xpath","value":"//button[@data-kt=\"addNewYardOverflowToolbarButton\"]"}
COMMAND: POST /session/8b5e6cfdfc03247abf4ed7f1414f820f/elements - {"using":"xpath","value":"//button[@data-kt=\"addNewYardOverflowToolbarButton\"]"}
RESULT: {"using":"xpath","value":"//button[@data-kt=\"addNewYardOverflowToolbarButton\"]"}
COMMAND: POST /session/8b5e6cfdfc03247abf4ed7f1414f820f/elements - {"using":"xpath","value":"//button[@data-kt=\"addNewYardOverflowToolbarButton\"]"}
RESULT: {"using":"xpath","value":"//button[@data-kt=\"addNewYardOverflowToolbarButton\"]"}
COMMAND: POST /session/8b5e6cfdfc03247abf4ed7f1414f820f/elements - {"using":"xpath","value":"//button[@data-kt=\"addNewYardOverflowToolbarButton\"]"}
RESULT: {"using":"xpath","value":"//button[@data-kt=\"addNewYardOverflowToolbarButton\"]"}
COMMAND: POST /session/8b5e6cfdfc03247abf4ed7f1414f820f/elements - {"using":"xpath","value":"//button[@data-kt=\"addNewYardOverflowToolbarButton\"]"}
RESULT: {"using":"xpath","value":"//button[@data-kt=\"addNewYardOverflowToolbarButton\"]"}
COMMAND: POST /session/8b5e6cfdfc03247abf4ed7f1414f820f/elements - {"using":"xpath","value":"//button[@data-kt=\"addNewYardOverflowToolbarButton\"]"}
RESULT: {"using":"xpath","value":"//button[@data-kt=\"addNewYardOverflowToolbarButton\"]"}
COMMAND: POST /session/8b5e6cfdfc03247abf4ed7f1414f820f/elements - {"using":"xpath","value":"//button[@data-kt=\"addNewYardOverflowToolbarButton\"]"}
RESULT: {"using":"xpath","value":"//button[@data-kt=\"addNewYardOverflowToolbarButton\"]"}
COMMAND: POST /session/8b5e6cfdfc03247abf4ed7f1414f820f/elements - {"using":"xpath","value":"//button[@data-kt=\"addNewYardOverflowToolbarButton\"]"}
RESULT: {"using":"xpath","value":"//button[@data-kt=\"addNewYardOverflowToolbarButton\"]"}
COMMAND: POST /session/8b5e6cfdfc03247abf4ed7f1414f820f/elements - {"using":"xpath","value":"//button[@data-kt=\"addNewYardOverflowToolbarButton\"]"}
RESULT: {"using":"xpath","value":"//button[@data-kt=\"addNewYardOverflowToolbarButton\"]"}
COMMAND: POST /session/8b5e6cfdfc03247abf4ed7f1414f820f/elements - {"using":"xpath","value":"//button[@data-kt=\"addNewYardOverflowToolbarButton\"]"}
RESULT: {"using":"xpath","value":"//button[@data-kt=\"addNewYardOverflowToolbarButton\"]"}
COMMAND: POST /session/8b5e6cfdfc03247abf4ed7f1414f820f/elements - {"using":"xpath","value":"//button[@data-kt=\"addNewYardOverflowToolbarButton\"]"}
RESULT: {"using":"xpath","value":"//button[@data-kt=\"addNewYardOverflowToolbarButton\"]"}
COMMAND: POST /session/8b5e6cfdfc03247abf4ed7f1414f820f/elements - {"using":"xpath","value":"//button[@data-kt=\"addNewYardOverflowToolbarButton\"]"}
RESULT: {"using":"xpath","value":"//button[@data-kt=\"addNewYardOverflowToolbarButton\"]"}
COMMAND: POST /session/8b5e6cfdfc03247abf4ed7f1414f820f/elements - {"using":"xpath","value":"//button[@data-kt=\"addNewYardOverflowToolbarButton\"]"}
RESULT: {"using":"xpath","value":"//button[@data-kt=\"addNewYardOverflowToolbarButton\"]"}
COMMAND: POST /session/8b5e6cfdfc03247abf4ed7f1414f820f/elements - {"using":"xpath","value":"//button[@data-kt=\"addNewYardOverflowToolbarButton\"]"}
RESULT: {"using":"xpath","value":"//button[@data-kt=\"addNewYardOverflowToolbarButton\"]"}
COMMAND: POST /session/8b5e6cfdfc03247abf4ed7f1414f820f/elements - {"using":"xpath","value":"//button[@data-kt=\"addNewYardOverflowToolbarButton\"]"}
RESULT: {"using":"xpath","value":"//button[@data-kt=\"addNewYardOverflowToolbarButton\"]"}
COMMAND: POST /session/8b5e6cfdfc03247abf4ed7f1414f820f/elements - {"using":"xpath","value":"//button[@data-kt=\"addNewYardOverflowToolbarButton\"]"}
RESULT: {"using":"xpath","value":"//button[@data-kt=\"addNewYardOverflowToolbarButton\"]"}
COMMAND: POST /session/8b5e6cfdfc03247abf4ed7f1414f820f/elements - {"using":"xpath","value":"//button[@data-kt=\"addNewYardOverflowToolbarButton\"]"}
RESULT: {"using":"xpath","value":"//button[@data-kt=\"addNewYardOverflowToolbarButton\"]"}
COMMAND: POST /session/8b5e6cfdfc03247abf4ed7f1414f820f/elements - {"using":"xpath","value":"//button[@data-kt=\"addNewYardOverflowToolbarButton\"]"}
RESULT: {"using":"xpath","value":"//button[@data-kt=\"addNewYardOverflowToolbarButton\"]"}
COMMAND: POST /session/8b5e6cfdfc03247abf4ed7f1414f820f/elements - {"using":"xpath","value":"//button[@data-kt=\"addNewYardOverflowToolbarButton\"]"}
RESULT: {"using":"xpath","value":"//button[@data-kt=\"addNewYardOverflowToolbarButton\"]"}
COMMAND: POST /session/8b5e6cfdfc03247abf4ed7f1414f820f/element - {"using":"xpath","value":"//button[@data-kt=\"addNewYardOverflowToolbarButton\"]"}
RESULT: {"using":"xpath","value":"//button[@data-kt=\"addNewYardOverflowToolbarButton\"]"}
COMMAND: POST /session/8b5e6cfdfc03247abf4ed7f1414f820f/execute/sync - {"script":"<script> [8489 bytes]","args":[{"element-6066-11e4-a52e-4f735466cecf":"f.38C819845B9EC31E5A88AE0F72095084.d.BCF9779E3FFCF401B7BF920761F9BC57.e.6726","ELEMENT":"f.38C819845B9EC31E5A88AE0F72095084.d.BCF9779E3FFCF401B7BF920761F9BC57.e.6726"}]}
RESULT: {"script":"<script> [8489 bytes]","args":[{"element-6066-11e4-a52e-4f735466cecf":"f.38C819845B9EC31E5A88AE0F72095084.d.BCF9779E3FFCF401B7BF920761F9BC57.e.6726","ELEMENT":"f.38C819845B9EC31E5A88AE0F72095084.d.BCF9779E3FFCF401B7BF920761F9BC57.e.6726"}]}
COMMAND: GET /session/8b5e6cfdfc03247abf4ed7f1414f820f/element/f.38C819845B9EC31E5A88AE0F72095084.d.BCF9779E3FFCF401B7BF920761F9BC57.e.6726/enabled - {}
COMMAND: GET /session/8b5e6cfdfc03247abf4ed7f1414f820f/screenshot - {}
RESULT: {}
COMMAND: POST /session/8b5e6cfdfc03247abf4ed7f1414f820f/execute/sync - {"script":"<script> [8489 bytes]","args":[{"element-6066-11e4-a52e-4f735466cecf":"f.38C819845B9EC31E5A88AE0F72095084.d.BCF9779E3FFCF401B7BF920761F9BC57.e.6726","ELEMENT":"f.38C819845B9EC31E5A88AE0F72095084.d.BCF9779E3FFCF401B7BF920761F9BC57.e.6726"}]}
COMMAND: GET /session/8b5e6cfdfc03247abf4ed7f1414f820f/screenshot - {}
RESULT: {}
RESULT: {"script":"<script> [8489 bytes]","args":[{"element-6066-11e4-a52e-4f735466cecf":"f.38C819845B9EC31E5A88AE0F72095084.d.BCF9779E3FFCF401B7BF920761F9BC57.e.6726","ELEMENT":"f.38C819845B9EC31E5A88AE0F72095084.d.BCF9779E3FFCF401B7BF920761F9BC57.e.6726"}]}
COMMAND: POST /session/8b5e6cfdfc03247abf4ed7f1414f820f/execute/sync - {"script":"<script> [5351 bytes]","args":[{"element-6066-11e4-a52e-4f735466cecf":"f.38C819845B9EC31E5A88AE0F72095084.d.BCF9779E3FFCF401B7BF920761F9BC57.e.6726","ELEMENT":"f.38C819845B9EC31E5A88AE0F72095084.d.BCF9779E3FFCF401B7BF920761F9BC57.e.6726"}]}
COMMAND: GET /session/8b5e6cfdfc03247abf4ed7f1414f820f/screenshot - {}
RESULT: {}
RESULT: {"script":"<script> [5351 bytes]","args":[{"element-6066-11e4-a52e-4f735466cecf":"f.38C819845B9EC31E5A88AE0F72095084.d.BCF9779E3FFCF401B7BF920761F9BC57.e.6726","ELEMENT":"f.38C819845B9EC31E5A88AE0F72095084.d.BCF9779E3FFCF401B7BF920761F9BC57.e.6726"}]}
COMMAND: POST /session/8b5e6cfdfc03247abf4ed7f1414f820f/element/f.38C819845B9EC31E5A88AE0F72095084.d.BCF9779E3FFCF401B7BF920761F9BC57.e.6726/click - {}
COMMAND: GET /session/8b5e6cfdfc03247abf4ed7f1414f820f/screenshot - {}
RESULT: {}
RESULT: {}
COMMAND: GET /session/8b5e6cfdfc03247abf4ed7f1414f820f/screenshot - {}
RESULT: {}
RESULT: {}
COMMAND: POST /session/8b5e6cfdfc03247abf4ed7f1414f820f/element - {"using":"xpath","value":"//input[@id=\"application-manageyards-display-component---NewYard--yardId-inner\"]"}
RESULT: {"using":"xpath","value":"//input[@id=\"application-manageyards-display-component---NewYard--yardId-inner\"]"}
COMMAND: POST /session/8b5e6cfdfc03247abf4ed7f1414f820f/element - {"using":"xpath","value":"//input[@id=\"application-manageyards-display-component---NewYard--yardId-inner\"]"}
RESULT: {"using":"xpath","value":"//input[@id=\"application-manageyards-display-component---NewYard--yardId-inner\"]"}
COMMAND: POST /session/8b5e6cfdfc03247abf4ed7f1414f820f/execute/async - {"script":"<script> [1562 bytes]","args":[{"selector":{"id":"application-manageyards-display-component---NewYard--addressDetailDetailsName1","interaction":{"idSuffix":"inner"}},"wdio_ui5_key":"applicationmanageyards-display-component---NewYard--addressDetailDetailsName1"}]}
RESULT: {"script":"<script> [1562 bytes]","args":[{"selector":{"id":"application-manageyards-display-component---NewYard--addressDetailDetailsName1","interaction":{"idSuffix":"inner"}},"wdio_ui5_key":"applicationmanageyards-display-component---NewYard--addressDetailDetailsName1"}]}
RESULT: undefined
COMMAND: POST /session/8b5e6cfdfc03247abf4ed7f1414f820f/execute/async - {"script":"<script> [776 bytes]","args":[{"enterText":"Intracompany Yard wdIO","selector":{"id":"application-manageyards-display-component---NewYard--addressDetailDetailsName1","interaction":{"idSuffix":"inner"}},"clearTextFirst":true,"interactionType":"ENTER_TEXT"}]}
RESULT: {"script":"<script> [776 bytes]","args":[{"enterText":"Intracompany Yard wdIO","selector":{"id":"application-manageyards-display-component---NewYard--addressDetailDetailsName1","interaction":{"idSuffix":"inner"}},"clearTextFirst":true,"interactionType":"ENTER_TEXT"}]}
COMMAND: POST /session/8b5e6cfdfc03247abf4ed7f1414f820f/execute/async - {"script":"<script> [1562 bytes]","args":[{"selector":{"id":"application-manageyards-display-component---NewYard--addressDetailDetailsLanguage-arrow"},"wdio_ui5_key":"applicationmanageyards-display-component---NewYard--addressDetailDetailsLanguage-arrow"}]}
RESULT: {"script":"<script> [1562 bytes]","args":[{"selector":{"id":"application-manageyards-display-component---NewYard--addressDetailDetailsLanguage-arrow"},"wdio_ui5_key":"applicationmanageyards-display-component---NewYard--addressDetailDetailsLanguage-arrow"}]}
RESULT: undefined
COMMAND: POST /session/8b5e6cfdfc03247abf4ed7f1414f820f/element - {"using":"xpath","value":"//*[@id=\"application-manageyards-display-component---NewYard--addressDetailDetailsLanguage-arrow\"]"}
RESULT: {"using":"xpath","value":"//*[@id=\"application-manageyards-display-component---NewYard--addressDetailDetailsLanguage-arrow\"]"}
COMMAND: POST /session/8b5e6cfdfc03247abf4ed7f1414f820f/element/f.38C819845B9EC31E5A88AE0F72095084.d.BCF9779E3FFCF401B7BF920761F9BC57.e.7159/click - {}
RESULT: {}
COMMAND: POST /session/8b5e6cfdfc03247abf4ed7f1414f820f/element - {"using":"xpath","value":"//span[contains(text(), \"English\")]"}
COMMAND: GET /session/8b5e6cfdfc03247abf4ed7f1414f820f/screenshot - {}
RESULT: {"using":"xpath","value":"//span[contains(text(), \"English\")]"}
COMMAND: POST /session/8b5e6cfdfc03247abf4ed7f1414f820f/element/f.38C819845B9EC31E5A88AE0F72095084.d.BCF9779E3FFCF401B7BF920761F9BC57.e.7160/click - {}
RESULT: {}
RESULT: {}
COMMAND: POST /session/8b5e6cfdfc03247abf4ed7f1414f820f/execute/async - {"script":"<script> [1562 bytes]","args":[{"selector":{"id":"application-manageyards-display-component---NewYard--addressDetailDetailsCity1","interaction":{"idSuffix":"inner"}},"wdio_ui5_key":"applicationmanageyards-display-component---NewYard--addressDetailDetailsCity1"}]}
COMMAND: GET /session/8b5e6cfdfc03247abf4ed7f1414f820f/screenshot - {}
RESULT: {"script":"<script> [1562 bytes]","args":[{"selector":{"id":"application-manageyards-display-component---NewYard--addressDetailDetailsCity1","interaction":{"idSuffix":"inner"}},"wdio_ui5_key":"applicationmanageyards-display-component---NewYard--addressDetailDetailsCity1"}]}
RESULT: undefined
COMMAND: POST /session/8b5e6cfdfc03247abf4ed7f1414f820f/execute/async - {"script":"<script> [776 bytes]","args":[{"enterText":"Rosario","selector":{"id":"application-manageyards-display-component---NewYard--addressDetailDetailsCity1","interaction":{"idSuffix":"inner"}},"clearTextFirst":true,"interactionType":"ENTER_TEXT"}]}
RESULT: {}
RESULT: {"script":"<script> [776 bytes]","args":[{"enterText":"Rosario","selector":{"id":"application-manageyards-display-component---NewYard--addressDetailDetailsCity1","interaction":{"idSuffix":"inner"}},"clearTextFirst":true,"interactionType":"ENTER_TEXT"}]}
COMMAND: POST /session/8b5e6cfdfc03247abf4ed7f1414f820f/execute/async - {"script":"<script> [1562 bytes]","args":[{"selector":{"id":"application-manageyards-display-component---NewYard--addressDetailDetailsCountry-arrow"},"wdio_ui5_key":"applicationmanageyards-display-component---NewYard--addressDetailDetailsCountry-arrow"}]}
RESULT: {"script":"<script> [1562 bytes]","args":[{"selector":{"id":"application-manageyards-display-component---NewYard--addressDetailDetailsCountry-arrow"},"wdio_ui5_key":"applicationmanageyards-display-component---NewYard--addressDetailDetailsCountry-arrow"}]}
RESULT: undefined
COMMAND: POST /session/8b5e6cfdfc03247abf4ed7f1414f820f/element - {"using":"xpath","value":"//*[@id=\"application-manageyards-display-component---NewYard--addressDetailDetailsCountry-arrow\"]"}
RESULT: {"using":"xpath","value":"//*[@id=\"application-manageyards-display-component---NewYard--addressDetailDetailsCountry-arrow\"]"}
COMMAND: POST /session/8b5e6cfdfc03247abf4ed7f1414f820f/element/f.38C819845B9EC31E5A88AE0F72095084.d.BCF9779E3FFCF401B7BF920761F9BC57.e.7162/click - {}
RESULT: {}
COMMAND: POST /session/8b5e6cfdfc03247abf4ed7f1414f820f/element - {"using":"xpath","value":"//span[contains(text(), \"Argentina\")]"}
COMMAND: GET /session/8b5e6cfdfc03247abf4ed7f1414f820f/screenshot - {}
RESULT: {"using":"xpath","value":"//span[contains(text(), \"Argentina\")]"}
COMMAND: POST /session/8b5e6cfdfc03247abf4ed7f1414f820f/element/f.38C819845B9EC31E5A88AE0F72095084.d.BCF9779E3FFCF401B7BF920761F9BC57.e.7163/click - {}
RESULT: {}
RESULT: {}
COMMAND: POST /session/8b5e6cfdfc03247abf4ed7f1414f820f/execute/async - {"script":"<script> [1562 bytes]","args":[{"selector":{"id":"application-manageyards-display-component---NewYard--addressEditDetailsCostObjectCstType-arrow"},"wdio_ui5_key":"applicationmanageyards-display-component---NewYard--addressEditDetailsCostObjectCstType-arrow"}]}
COMMAND: GET /session/8b5e6cfdfc03247abf4ed7f1414f820f/screenshot - {}
RESULT: {"script":"<script> [1562 bytes]","args":[{"selector":{"id":"application-manageyards-display-component---NewYard--addressEditDetailsCostObjectCstType-arrow"},"wdio_ui5_key":"applicationmanageyards-display-component---NewYard--addressEditDetailsCostObjectCstType-arrow"}]}
RESULT: undefined
COMMAND: POST /session/8b5e6cfdfc03247abf4ed7f1414f820f/element - {"using":"xpath","value":"//*[@id=\"application-manageyards-display-component---NewYard--addressEditDetailsCostObjectCstType-arrow\"]"}
RESULT: {}
RESULT: {"using":"xpath","value":"//*[@id=\"application-manageyards-display-component---NewYard--addressEditDetailsCostObjectCstType-arrow\"]"}
COMMAND: POST /session/8b5e6cfdfc03247abf4ed7f1414f820f/element/f.38C819845B9EC31E5A88AE0F72095084.d.BCF9779E3FFCF401B7BF920761F9BC57.e.7165/click - {}
RESULT: {}
COMMAND: POST /session/8b5e6cfdfc03247abf4ed7f1414f820f/element - {"using":"xpath","value":"//span[contains(text(), \"Cost Center\")]"}
COMMAND: GET /session/8b5e6cfdfc03247abf4ed7f1414f820f/screenshot - {}
RESULT: {"using":"xpath","value":"//span[contains(text(), \"Cost Center\")]"}
COMMAND: POST /session/8b5e6cfdfc03247abf4ed7f1414f820f/element/f.38C819845B9EC31E5A88AE0F72095084.d.BCF9779E3FFCF401B7BF920761F9BC57.e.7166/click - {}
RESULT: {}
RESULT: {}
COMMAND: GET /session/8b5e6cfdfc03247abf4ed7f1414f820f/screenshot - {}
RESULT: {}
COMMAND: POST /session/8b5e6cfdfc03247abf4ed7f1414f820f/element - {"using":"xpath","value":"//span[@id=\"application-manageyards-display-component---NewYard--addressNewCostObjectCstID-vhi\"]"}
RESULT: {"using":"xpath","value":"//span[@id=\"application-manageyards-display-component---NewYard--addressNewCostObjectCstID-vhi\"]"}
COMMAND: POST /session/8b5e6cfdfc03247abf4ed7f1414f820f/execute/sync - {"script":"<script> [8489 bytes]","args":[{"element-6066-11e4-a52e-4f735466cecf":"f.38C819845B9EC31E5A88AE0F72095084.d.BCF9779E3FFCF401B7BF920761F9BC57.e.7170","ELEMENT":"f.38C819845B9EC31E5A88AE0F72095084.d.BCF9779E3FFCF401B7BF920761F9BC57.e.7170"}]}
RESULT: {"script":"<script> [8489 bytes]","args":[{"element-6066-11e4-a52e-4f735466cecf":"f.38C819845B9EC31E5A88AE0F72095084.d.BCF9779E3FFCF401B7BF920761F9BC57.e.7170","ELEMENT":"f.38C819845B9EC31E5A88AE0F72095084.d.BCF9779E3FFCF401B7BF920761F9BC57.e.7170"}]}
COMMAND: POST /session/8b5e6cfdfc03247abf4ed7f1414f820f/execute/async - {"script":"<script> [1562 bytes]","args":[{"selector":{"id":"application-manageyards-display-component---NewYard--addressNewCostObjectCstID-vhi"},"wdio_ui5_key":"applicationmanageyards-display-component---NewYard--addressNewCostObjectCstID-vhi"}]}
COMMAND: GET /session/8b5e6cfdfc03247abf4ed7f1414f820f/screenshot - {}
RESULT: {"script":"<script> [1562 bytes]","args":[{"selector":{"id":"application-manageyards-display-component---NewYard--addressNewCostObjectCstID-vhi"},"wdio_ui5_key":"applicationmanageyards-display-component---NewYard--addressNewCostObjectCstID-vhi"}]}
RESULT: undefined
COMMAND: POST /session/8b5e6cfdfc03247abf4ed7f1414f820f/element - {"using":"xpath","value":"//*[@id=\"application-manageyards-display-component---NewYard--addressNewCostObjectCstID-vhi\"]"}
RESULT: {}
RESULT: {"using":"xpath","value":"//*[@id=\"application-manageyards-display-component---NewYard--addressNewCostObjectCstID-vhi\"]"}
COMMAND: POST /session/8b5e6cfdfc03247abf4ed7f1414f820f/element/f.38C819845B9EC31E5A88AE0F72095084.d.BCF9779E3FFCF401B7BF920761F9BC57.e.7170/click - {}
RESULT: {}
COMMAND: GET /session/8b5e6cfdfc03247abf4ed7f1414f820f/screenshot - {}
RESULT: {}
COMMAND: POST /session/8b5e6cfdfc03247abf4ed7f1414f820f/execute/async - {"script":"<script> [1562 bytes]","args":[{"selector":{"controlType":"sap.m.SearchField","properties":{"placeholder":"Search"},"searchOpenDialogs":true,"interaction":{"idSuffix":"I"}},"wdio_ui5_key":"sapm.SearchField{\"placeholder\":\"Search\"}"}]}
RESULT: {"script":"<script> [1562 bytes]","args":[{"selector":{"controlType":"sap.m.SearchField","properties":{"placeholder":"Search"},"searchOpenDialogs":true,"interaction":{"idSuffix":"I"}},"wdio_ui5_key":"sapm.SearchField{\"placeholder\":\"Search\"}"}]}
RESULT: undefined
COMMAND: POST /session/8b5e6cfdfc03247abf4ed7f1414f820f/execute/async - {"script":"<script> [776 bytes]","args":[{"enterText":"bauh_b","selector":{"controlType":"sap.m.SearchField","properties":{"placeholder":"Search"},"searchOpenDialogs":true,"interaction":{"idSuffix":"I"}},"clearTextFirst":true,"interactionType":"ENTER_TEXT"}]}
RESULT: {"script":"<script> [776 bytes]","args":[{"enterText":"bauh_b","selector":{"controlType":"sap.m.SearchField","properties":{"placeholder":"Search"},"searchOpenDialogs":true,"interaction":{"idSuffix":"I"}},"clearTextFirst":true,"interactionType":"ENTER_TEXT"}]}
COMMAND: POST /session/8b5e6cfdfc03247abf4ed7f1414f820f/actions - {"actions":[{"id":"action19","type":"key","parameters":{},"actions":[{"type":"keyDown","value":"î€‡"},{"type":"pause","duration":10},{"type":"keyUp","value":"î€‡"}]}]}
RESULT: {"actions":[{"id":"action19","type":"key","parameters":{},"actions":[{"type":"keyDown","value":"î€‡"},{"type":"pause","duration":10},{"type":"keyUp","value":"î€‡"}]}]}
COMMAND: GET /session/8b5e6cfdfc03247abf4ed7f1414f820f/screenshot - {}
RESULT: {}
COMMAND: POST /session/8b5e6cfdfc03247abf4ed7f1414f820f/element - {"using":"xpath","value":"//span[contains(text(), \"Demo Yard\")]"}
RESULT: {"using":"xpath","value":"//span[contains(text(), \"Demo Yard\")]"}
COMMAND: POST /session/8b5e6cfdfc03247abf4ed7f1414f820f/element/f.38C819845B9EC31E5A88AE0F72095084.d.BCF9779E3FFCF401B7BF920761F9BC57.e.7211/click - {}
RESULT: {}
COMMAND: GET /session/8b5e6cfdfc03247abf4ed7f1414f820f/screenshot - {}
RESULT: {}
COMMAND: POST /session/8b5e6cfdfc03247abf4ed7f1414f820f/element - {"using":"xpath","value":"//bdi[contains(text(), \"OK\")]"}
RESULT: {"using":"xpath","value":"//bdi[contains(text(), \"OK\")]"}
COMMAND: POST /session/8b5e6cfdfc03247abf4ed7f1414f820f/element/f.38C819845B9EC31E5A88AE0F72095084.d.BCF9779E3FFCF401B7BF920761F9BC57.e.7212/click - {}
RESULT: {}
COMMAND: GET /session/8b5e6cfdfc03247abf4ed7f1414f820f/screenshot - {}
RESULT: {}
COMMAND: POST /session/8b5e6cfdfc03247abf4ed7f1414f820f/execute/async - {"script":"<script> [1562 bytes]","args":[{"selector":{"id":"application-manageyards-display-component---NewYard--addressEditDetailsCurrency-arrow"},"wdio_ui5_key":"applicationmanageyards-display-component---NewYard--addressEditDetailsCurrency-arrow"}]}
RESULT: {"script":"<script> [1562 bytes]","args":[{"selector":{"id":"application-manageyards-display-component---NewYard--addressEditDetailsCurrency-arrow"},"wdio_ui5_key":"applicationmanageyards-display-component---NewYard--addressEditDetailsCurrency-arrow"}]}
RESULT: undefined
COMMAND: POST /session/8b5e6cfdfc03247abf4ed7f1414f820f/element - {"using":"xpath","value":"//*[@id=\"application-manageyards-display-component---NewYard--addressEditDetailsCurrency-arrow\"]"}
RESULT: {"using":"xpath","value":"//*[@id=\"application-manageyards-display-component---NewYard--addressEditDetailsCurrency-arrow\"]"}
COMMAND: POST /session/8b5e6cfdfc03247abf4ed7f1414f820f/element/f.38C819845B9EC31E5A88AE0F72095084.d.BCF9779E3FFCF401B7BF920761F9BC57.e.7215/click - {}
RESULT: {}
COMMAND: POST /session/8b5e6cfdfc03247abf4ed7f1414f820f/element - {"using":"xpath","value":"//span[contains(text(), \"Euro\")]"}
COMMAND: GET /session/8b5e6cfdfc03247abf4ed7f1414f820f/screenshot - {}
RESULT: {"using":"xpath","value":"//span[contains(text(), \"Euro\")]"}
COMMAND: POST /session/8b5e6cfdfc03247abf4ed7f1414f820f/element/f.38C819845B9EC31E5A88AE0F72095084.d.BCF9779E3FFCF401B7BF920761F9BC57.e.7216/click - {}
RESULT: {}
RESULT: {}
COMMAND: POST /session/8b5e6cfdfc03247abf4ed7f1414f820f/execute/async - {"script":"<script> [1562 bytes]","args":[{"selector":{"controlType":"sap.m.Input","viewName":"etm.portal.ui.manageyards.view.New","viewId":"application-manageyards-display-component---NewYard","bindingPath":{"path":"","propertyPath":"/CONTROLLING_AREA","modelName":"NewYardModel"},"interaction":{"idSuffix":"inner"}},"wdio_ui5_key":"etmportal.ui.manageyards.view.Newsap.m.Input{\"path\":\"\",\"propertyPath\":\"/CONTROLLING_AREA\",\"modelName\":\"NewYardModel\"}"}]}
COMMAND: GET /session/8b5e6cfdfc03247abf4ed7f1414f820f/screenshot - {}
RESULT: {"script":"<script> [1562 bytes]","args":[{"selector":{"controlType":"sap.m.Input","viewName":"etm.portal.ui.manageyards.view.New","viewId":"application-manageyards-display-component---NewYard","bindingPath":{"path":"","propertyPath":"/CONTROLLING_AREA","modelName":"NewYardModel"},"interaction":{"idSuffix":"inner"}},"wdio_ui5_key":"etmportal.ui.manageyards.view.Newsap.m.Input{\"path\":\"\",\"propertyPath\":\"/CONTROLLING_AREA\",\"modelName\":\"NewYardModel\"}"}]}
RESULT: undefined
COMMAND: POST /session/8b5e6cfdfc03247abf4ed7f1414f820f/execute/async - {"script":"<script> [776 bytes]","args":[{"enterText":"Z001","selector":{"controlType":"sap.m.Input","viewName":"etm.portal.ui.manageyards.view.New","viewId":"application-manageyards-display-component---NewYard","bindingPath":{"path":"","propertyPath":"/CONTROLLING_AREA","modelName":"NewYardModel"},"interaction":{"idSuffix":"inner"}},"clearTextFirst":true,"interactionType":"ENTER_TEXT"}]}
RESULT: {}
RESULT: {"script":"<script> [776 bytes]","args":[{"enterText":"Z001","selector":{"controlType":"sap.m.Input","viewName":"etm.portal.ui.manageyards.view.New","viewId":"application-manageyards-display-component---NewYard","bindingPath":{"path":"","propertyPath":"/CONTROLLING_AREA","modelName":"NewYardModel"},"interaction":{"idSuffix":"inner"}},"clearTextFirst":true,"interactionType":"ENTER_TEXT"}]}
COMMAND: POST /session/8b5e6cfdfc03247abf4ed7f1414f820f/execute/async - {"script":"<script> [1562 bytes]","args":[{"selector":{"id":"application-manageyards-display-component---NewYard--companyCodeComboBox","interaction":{"idSuffix":"inner"}},"wdio_ui5_key":"applicationmanageyards-display-component---NewYard--companyCodeComboBox"}]}
RESULT: {"script":"<script> [1562 bytes]","args":[{"selector":{"id":"application-manageyards-display-component---NewYard--companyCodeComboBox","interaction":{"idSuffix":"inner"}},"wdio_ui5_key":"applicationmanageyards-display-component---NewYard--companyCodeComboBox"}]}
RESULT: undefined
COMMAND: POST /session/8b5e6cfdfc03247abf4ed7f1414f820f/execute/async - {"script":"<script> [776 bytes]","args":[{"enterText":"1000","selector":{"id":"application-manageyards-display-component---NewYard--companyCodeComboBox","interaction":{"idSuffix":"inner"}},"clearTextFirst":true,"interactionType":"ENTER_TEXT"}]}
RESULT: {"script":"<script> [776 bytes]","args":[{"enterText":"1000","selector":{"id":"application-manageyards-display-component---NewYard--companyCodeComboBox","interaction":{"idSuffix":"inner"}},"clearTextFirst":true,"interactionType":"ENTER_TEXT"}]}
COMMAND: POST /session/8b5e6cfdfc03247abf4ed7f1414f820f/execute/async - {"script":"<script> [1562 bytes]","args":[{"selector":{"controlType":"sap.m.Input","viewName":"etm.portal.ui.manageyards.view.New","viewId":"application-manageyards-display-component---NewYard","bindingPath":{"path":"","propertyPath":"/PLANT","modelName":"NewYardModel"},"interaction":{"idSuffix":"inner"}},"wdio_ui5_key":"etmportal.ui.manageyards.view.Newsap.m.Input{\"path\":\"\",\"propertyPath\":\"/PLANT\",\"modelName\":\"NewYardModel\"}"}]}
RESULT: {"script":"<script> [1562 bytes]","args":[{"selector":{"controlType":"sap.m.Input","viewName":"etm.portal.ui.manageyards.view.New","viewId":"application-manageyards-display-component---NewYard","bindingPath":{"path":"","propertyPath":"/PLANT","modelName":"NewYardModel"},"interaction":{"idSuffix":"inner"}},"wdio_ui5_key":"etmportal.ui.manageyards.view.Newsap.m.Input{\"path\":\"\",\"propertyPath\":\"/PLANT\",\"modelName\":\"NewYardModel\"}"}]}
RESULT: undefined
COMMAND: POST /session/8b5e6cfdfc03247abf4ed7f1414f820f/execute/async - {"script":"<script> [776 bytes]","args":[{"enterText":"1001","selector":{"controlType":"sap.m.Input","viewName":"etm.portal.ui.manageyards.view.New","viewId":"application-manageyards-display-component---NewYard","bindingPath":{"path":"","propertyPath":"/PLANT","modelName":"NewYardModel"},"interaction":{"idSuffix":"inner"}},"clearTextFirst":true,"interactionType":"ENTER_TEXT"}]}
RESULT: {"script":"<script> [776 bytes]","args":[{"enterText":"1001","selector":{"controlType":"sap.m.Input","viewName":"etm.portal.ui.manageyards.view.New","viewId":"application-manageyards-display-component---NewYard","bindingPath":{"path":"","propertyPath":"/PLANT","modelName":"NewYardModel"},"interaction":{"idSuffix":"inner"}},"clearTextFirst":true,"interactionType":"ENTER_TEXT"}]}
COMMAND: POST /session/8b5e6cfdfc03247abf4ed7f1414f820f/execute/async - {"script":"<script> [1562 bytes]","args":[{"selector":{"controlType":"sap.m.Input","viewName":"etm.portal.ui.manageyards.view.New","viewId":"application-manageyards-display-component---NewYard","bindingPath":{"path":"","propertyPath":"/SALES_AREA_VKORG","modelName":"NewYardModel"},"interaction":{"idSuffix":"inner"}},"wdio_ui5_key":"etmportal.ui.manageyards.view.Newsap.m.Input{\"path\":\"\",\"propertyPath\":\"/SALES_AREA_VKORG\",\"modelName\":\"NewYardModel\"}"}]}
RESULT: {"script":"<script> [1562 bytes]","args":[{"selector":{"controlType":"sap.m.Input","viewName":"etm.portal.ui.manageyards.view.New","viewId":"application-manageyards-display-component---NewYard","bindingPath":{"path":"","propertyPath":"/SALES_AREA_VKORG","modelName":"NewYardModel"},"interaction":{"idSuffix":"inner"}},"wdio_ui5_key":"etmportal.ui.manageyards.view.Newsap.m.Input{\"path\":\"\",\"propertyPath\":\"/SALES_AREA_VKORG\",\"modelName\":\"NewYardModel\"}"}]}
RESULT: undefined
COMMAND: POST /session/8b5e6cfdfc03247abf4ed7f1414f820f/execute/async - {"script":"<script> [776 bytes]","args":[{"enterText":"C002","selector":{"controlType":"sap.m.Input","viewName":"etm.portal.ui.manageyards.view.New","viewId":"application-manageyards-display-component---NewYard","bindingPath":{"path":"","propertyPath":"/SALES_AREA_VKORG","modelName":"NewYardModel"},"interaction":{"idSuffix":"inner"}},"clearTextFirst":true,"interactionType":"ENTER_TEXT"}]}
RESULT: {"script":"<script> [776 bytes]","args":[{"enterText":"C002","selector":{"controlType":"sap.m.Input","viewName":"etm.portal.ui.manageyards.view.New","viewId":"application-manageyards-display-component---NewYard","bindingPath":{"path":"","propertyPath":"/SALES_AREA_VKORG","modelName":"NewYardModel"},"interaction":{"idSuffix":"inner"}},"clearTextFirst":true,"interactionType":"ENTER_TEXT"}]}
COMMAND: POST /session/8b5e6cfdfc03247abf4ed7f1414f820f/execute/async - {"script":"<script> [1562 bytes]","args":[{"selector":{"controlType":"sap.m.Input","viewName":"etm.portal.ui.manageyards.view.New","viewId":"application-manageyards-display-component---NewYard","bindingPath":{"path":"","propertyPath":"/SALES_AREA_VTWEG","modelName":"NewYardModel"},"interaction":{"idSuffix":"inner"}},"wdio_ui5_key":"etmportal.ui.manageyards.view.Newsap.m.Input{\"path\":\"\",\"propertyPath\":\"/SALES_AREA_VTWEG\",\"modelName\":\"NewYardModel\"}"}]}
RESULT: {"script":"<script> [1562 bytes]","args":[{"selector":{"controlType":"sap.m.Input","viewName":"etm.portal.ui.manageyards.view.New","viewId":"application-manageyards-display-component---NewYard","bindingPath":{"path":"","propertyPath":"/SALES_AREA_VTWEG","modelName":"NewYardModel"},"interaction":{"idSuffix":"inner"}},"wdio_ui5_key":"etmportal.ui.manageyards.view.Newsap.m.Input{\"path\":\"\",\"propertyPath\":\"/SALES_AREA_VTWEG\",\"modelName\":\"NewYardModel\"}"}]}
RESULT: undefined
COMMAND: POST /session/8b5e6cfdfc03247abf4ed7f1414f820f/execute/async - {"script":"<script> [776 bytes]","args":[{"enterText":"C2","selector":{"controlType":"sap.m.Input","viewName":"etm.portal.ui.manageyards.view.New","viewId":"application-manageyards-display-component---NewYard","bindingPath":{"path":"","propertyPath":"/SALES_AREA_VTWEG","modelName":"NewYardModel"},"interaction":{"idSuffix":"inner"}},"clearTextFirst":true,"interactionType":"ENTER_TEXT"}]}
RESULT: {"script":"<script> [776 bytes]","args":[{"enterText":"C2","selector":{"controlType":"sap.m.Input","viewName":"etm.portal.ui.manageyards.view.New","viewId":"application-manageyards-display-component---NewYard","bindingPath":{"path":"","propertyPath":"/SALES_AREA_VTWEG","modelName":"NewYardModel"},"interaction":{"idSuffix":"inner"}},"clearTextFirst":true,"interactionType":"ENTER_TEXT"}]}
COMMAND: POST /session/8b5e6cfdfc03247abf4ed7f1414f820f/execute/async - {"script":"<script> [1562 bytes]","args":[{"selector":{"controlType":"sap.m.Input","viewName":"etm.portal.ui.manageyards.view.New","viewId":"application-manageyards-display-component---NewYard","bindingPath":{"path":"","propertyPath":"/SALES_AREA_SPART","modelName":"NewYardModel"},"interaction":{"idSuffix":"inner"}},"wdio_ui5_key":"etmportal.ui.manageyards.view.Newsap.m.Input{\"path\":\"\",\"propertyPath\":\"/SALES_AREA_SPART\",\"modelName\":\"NewYardModel\"}"}]}
RESULT: {"script":"<script> [1562 bytes]","args":[{"selector":{"controlType":"sap.m.Input","viewName":"etm.portal.ui.manageyards.view.New","viewId":"application-manageyards-display-component---NewYard","bindingPath":{"path":"","propertyPath":"/SALES_AREA_SPART","modelName":"NewYardModel"},"interaction":{"idSuffix":"inner"}},"wdio_ui5_key":"etmportal.ui.manageyards.view.Newsap.m.Input{\"path\":\"\",\"propertyPath\":\"/SALES_AREA_SPART\",\"modelName\":\"NewYardModel\"}"}]}
RESULT: undefined
COMMAND: POST /session/8b5e6cfdfc03247abf4ed7f1414f820f/execute/async - {"script":"<script> [776 bytes]","args":[{"enterText":"C2","selector":{"controlType":"sap.m.Input","viewName":"etm.portal.ui.manageyards.view.New","viewId":"application-manageyards-display-component---NewYard","bindingPath":{"path":"","propertyPath":"/SALES_AREA_SPART","modelName":"NewYardModel"},"interaction":{"idSuffix":"inner"}},"clearTextFirst":true,"interactionType":"ENTER_TEXT"}]}
RESULT: {"script":"<script> [776 bytes]","args":[{"enterText":"C2","selector":{"controlType":"sap.m.Input","viewName":"etm.portal.ui.manageyards.view.New","viewId":"application-manageyards-display-component---NewYard","bindingPath":{"path":"","propertyPath":"/SALES_AREA_SPART","modelName":"NewYardModel"},"interaction":{"idSuffix":"inner"}},"clearTextFirst":true,"interactionType":"ENTER_TEXT"}]}
COMMAND: POST /session/8b5e6cfdfc03247abf4ed7f1414f820f/execute/async - {"script":"<script> [1562 bytes]","args":[{"selector":{"controlType":"sap.m.Input","viewName":"etm.portal.ui.manageyards.view.New","viewId":"application-manageyards-display-component---NewYard","bindingPath":{"path":"","propertyPath":"/SHIP_POINT","modelName":"NewYardModel"},"interaction":{"idSuffix":"inner"}},"wdio_ui5_key":"etmportal.ui.manageyards.view.Newsap.m.Input{\"path\":\"\",\"propertyPath\":\"/SHIP_POINT\",\"modelName\":\"NewYardModel\"}"}]}
RESULT: {"script":"<script> [1562 bytes]","args":[{"selector":{"controlType":"sap.m.Input","viewName":"etm.portal.ui.manageyards.view.New","viewId":"application-manageyards-display-component---NewYard","bindingPath":{"path":"","propertyPath":"/SHIP_POINT","modelName":"NewYardModel"},"interaction":{"idSuffix":"inner"}},"wdio_ui5_key":"etmportal.ui.manageyards.view.Newsap.m.Input{\"path\":\"\",\"propertyPath\":\"/SHIP_POINT\",\"modelName\":\"NewYardModel\"}"}]}
RESULT: undefined
COMMAND: POST /session/8b5e6cfdfc03247abf4ed7f1414f820f/execute/async - {"script":"<script> [776 bytes]","args":[{"enterText":"1710","selector":{"controlType":"sap.m.Input","viewName":"etm.portal.ui.manageyards.view.New","viewId":"application-manageyards-display-component---NewYard","bindingPath":{"path":"","propertyPath":"/SHIP_POINT","modelName":"NewYardModel"},"interaction":{"idSuffix":"inner"}},"clearTextFirst":true,"interactionType":"ENTER_TEXT"}]}
RESULT: {"script":"<script> [776 bytes]","args":[{"enterText":"1710","selector":{"controlType":"sap.m.Input","viewName":"etm.portal.ui.manageyards.view.New","viewId":"application-manageyards-display-component---NewYard","bindingPath":{"path":"","propertyPath":"/SHIP_POINT","modelName":"NewYardModel"},"interaction":{"idSuffix":"inner"}},"clearTextFirst":true,"interactionType":"ENTER_TEXT"}]}
COMMAND: POST /session/8b5e6cfdfc03247abf4ed7f1414f820f/execute/async - {"script":"<script> [1562 bytes]","args":[{"selector":{"controlType":"sap.m.Input","viewName":"etm.portal.ui.manageyards.view.New","viewId":"application-manageyards-display-component---NewYard","bindingPath":{"path":"","propertyPath":"/DELIVERY_TYPE","modelName":"NewYardModel"},"interaction":{"idSuffix":"inner"}},"wdio_ui5_key":"etmportal.ui.manageyards.view.Newsap.m.Input{\"path\":\"\",\"propertyPath\":\"/DELIVERY_TYPE\",\"modelName\":\"NewYardModel\"}"}]}
RESULT: {"script":"<script> [1562 bytes]","args":[{"selector":{"controlType":"sap.m.Input","viewName":"etm.portal.ui.manageyards.view.New","viewId":"application-manageyards-display-component---NewYard","bindingPath":{"path":"","propertyPath":"/DELIVERY_TYPE","modelName":"NewYardModel"},"interaction":{"idSuffix":"inner"}},"wdio_ui5_key":"etmportal.ui.manageyards.view.Newsap.m.Input{\"path\":\"\",\"propertyPath\":\"/DELIVERY_TYPE\",\"modelName\":\"NewYardModel\"}"}]}
RESULT: undefined
COMMAND: POST /session/8b5e6cfdfc03247abf4ed7f1414f820f/execute/async - {"script":"<script> [776 bytes]","args":[{"enterText":"ZL01","selector":{"controlType":"sap.m.Input","viewName":"etm.portal.ui.manageyards.view.New","viewId":"application-manageyards-display-component---NewYard","bindingPath":{"path":"","propertyPath":"/DELIVERY_TYPE","modelName":"NewYardModel"},"interaction":{"idSuffix":"inner"}},"clearTextFirst":true,"interactionType":"ENTER_TEXT"}]}
RESULT: {"script":"<script> [776 bytes]","args":[{"enterText":"ZL01","selector":{"controlType":"sap.m.Input","viewName":"etm.portal.ui.manageyards.view.New","viewId":"application-manageyards-display-component---NewYard","bindingPath":{"path":"","propertyPath":"/DELIVERY_TYPE","modelName":"NewYardModel"},"interaction":{"idSuffix":"inner"}},"clearTextFirst":true,"interactionType":"ENTER_TEXT"}]}
COMMAND: POST /session/8b5e6cfdfc03247abf4ed7f1414f820f/execute/async - {"script":"<script> [1562 bytes]","args":[{"selector":{"controlType":"sap.m.Input","viewName":"etm.portal.ui.manageyards.view.New","viewId":"application-manageyards-display-component---NewYard","bindingPath":{"path":"","propertyPath":"/AUART","modelName":"NewYardModel"},"interaction":{"idSuffix":"inner"}},"wdio_ui5_key":"etmportal.ui.manageyards.view.Newsap.m.Input{\"path\":\"\",\"propertyPath\":\"/AUART\",\"modelName\":\"NewYardModel\"}"}]}
RESULT: {"script":"<script> [1562 bytes]","args":[{"selector":{"controlType":"sap.m.Input","viewName":"etm.portal.ui.manageyards.view.New","viewId":"application-manageyards-display-component---NewYard","bindingPath":{"path":"","propertyPath":"/AUART","modelName":"NewYardModel"},"interaction":{"idSuffix":"inner"}},"wdio_ui5_key":"etmportal.ui.manageyards.view.Newsap.m.Input{\"path\":\"\",\"propertyPath\":\"/AUART\",\"modelName\":\"NewYardModel\"}"}]}
RESULT: undefined
COMMAND: POST /session/8b5e6cfdfc03247abf4ed7f1414f820f/execute/async - {"script":"<script> [776 bytes]","args":[{"enterText":"TA","selector":{"controlType":"sap.m.Input","viewName":"etm.portal.ui.manageyards.view.New","viewId":"application-manageyards-display-component---NewYard","bindingPath":{"path":"","propertyPath":"/AUART","modelName":"NewYardModel"},"interaction":{"idSuffix":"inner"}},"clearTextFirst":true,"interactionType":"ENTER_TEXT"}]}
RESULT: {"script":"<script> [776 bytes]","args":[{"enterText":"TA","selector":{"controlType":"sap.m.Input","viewName":"etm.portal.ui.manageyards.view.New","viewId":"application-manageyards-display-component---NewYard","bindingPath":{"path":"","propertyPath":"/AUART","modelName":"NewYardModel"},"interaction":{"idSuffix":"inner"}},"clearTextFirst":true,"interactionType":"ENTER_TEXT"}]}
COMMAND: POST /session/8b5e6cfdfc03247abf4ed7f1414f820f/element - {"using":"xpath","value":"//button[@data-kt=\"newYardSaveButton\"]"}
RESULT: {"using":"xpath","value":"//button[@data-kt=\"newYardSaveButton\"]"}
COMMAND: POST /session/8b5e6cfdfc03247abf4ed7f1414f820f/element/f.38C819845B9EC31E5A88AE0F72095084.d.BCF9779E3FFCF401B7BF920761F9BC57.e.7144/click - {}
RESULT: {}
COMMAND: GET /session/8b5e6cfdfc03247abf4ed7f1414f820f/screenshot - {}
RESULT: {}
COMMAND: POST /session/8b5e6cfdfc03247abf4ed7f1414f820f/element - {"using":"xpath","value":"//header[contains(@id, 'ObjectPageLayout-headerTitle')]/div[1]/div[2]/div[1]/span[1]"}
RESULT: {"using":"xpath","value":"//header[contains(@id, 'ObjectPageLayout-headerTitle')]/div[1]/div[2]/div[1]/span[1]"}
COMMAND: POST /session/8b5e6cfdfc03247abf4ed7f1414f820f/elements - {"using":"xpath","value":"//header[contains(@id, 'ObjectPageLayout-headerTitle')]/div[1]/div[2]/div[1]/span[1]"}
RESULT: {"using":"xpath","value":"//header[contains(@id, 'ObjectPageLayout-headerTitle')]/div[1]/div[2]/div[1]/span[1]"}
COMMAND: POST /session/8b5e6cfdfc03247abf4ed7f1414f820f/execute/sync - {"script":"<script> [56 bytes]","args":[{"element-6066-11e4-a52e-4f735466cecf":"f.38C819845B9EC31E5A88AE0F72095084.d.BCF9779E3FFCF401B7BF920761F9BC57.e.7433","ELEMENT":"f.38C819845B9EC31E5A88AE0F72095084.d.BCF9779E3FFCF401B7BF920761F9BC57.e.7433"}]}
RESULT: {"script":"<script> [56 bytes]","args":[{"element-6066-11e4-a52e-4f735466cecf":"f.38C819845B9EC31E5A88AE0F72095084.d.BCF9779E3FFCF401B7BF920761F9BC57.e.7433","ELEMENT":"f.38C819845B9EC31E5A88AE0F72095084.d.BCF9779E3FFCF401B7BF920761F9BC57.e.7433"}]}
COMMAND: GET /session/8b5e6cfdfc03247abf4ed7f1414f820f/screenshot - {}
RESULT: {}
COMMAND: POST /session/8b5e6cfdfc03247abf4ed7f1414f820f/element - {"using":"css selector","value":"#shell-header-logo"}
RESULT: {"using":"css selector","value":"#shell-header-logo"}
COMMAND: POST /session/8b5e6cfdfc03247abf4ed7f1414f820f/element/f.38C819845B9EC31E5A88AE0F72095084.d.BCF9779E3FFCF401B7BF920761F9BC57.e.6695/click - {}
RESULT: {}
COMMAND: GET /session/8b5e6cfdfc03247abf4ed7f1414f820f/screenshot - {}
RESULT: {}
COMMAND: POST /session/8b5e6cfdfc03247abf4ed7f1414f820f/execute/sync - {"script":"<script> [299 bytes]","args":[["getModel","getResource"]]}
RESULT: {"script":"<script> [299 bytes]","args":[["getModel","getResource"]]}
]]></system-out>
    </testcase>
    <testcase classname="chrome.136_0_7103_93.windows.Billing_Transfer_-_Intracompany_US127249" name="Should create a new partner" time="133.259">
      <system-out><![CDATA[
COMMAND: POST /session/8b5e6cfdfc03247abf4ed7f1414f820f/window/fullscreen - {}
COMMAND: GET /session/8b5e6cfdfc03247abf4ed7f1414f820f/screenshot - {}
RESULT: {}
RESULT: {}
COMMAND: POST /session/8b5e6cfdfc03247abf4ed7f1414f820f/execute/async - {"script":"<script> [1562 bytes]","args":[{"selector":{"controlType":"sap.m.GenericTile","properties":{"header":"Manage Partners"}},"wdio_ui5_key":"sapm.GenericTile{\"header\":\"Manage Partners\"}"}]}
RESULT: {"script":"<script> [1562 bytes]","args":[{"selector":{"controlType":"sap.m.GenericTile","properties":{"header":"Manage Partners"}},"wdio_ui5_key":"sapm.GenericTile{\"header\":\"Manage Partners\"}"}]}
RESULT: undefined
COMMAND: POST /session/8b5e6cfdfc03247abf4ed7f1414f820f/element - {"using":"xpath","value":"//*[@id=\"__tile38\"]"}
RESULT: {"using":"xpath","value":"//*[@id=\"__tile38\"]"}
COMMAND: POST /session/8b5e6cfdfc03247abf4ed7f1414f820f/element/f.38C819845B9EC31E5A88AE0F72095084.d.BCF9779E3FFCF401B7BF920761F9BC57.e.6593/click - {}
RESULT: {}
COMMAND: GET /session/8b5e6cfdfc03247abf4ed7f1414f820f/screenshot - {}
RESULT: {}
COMMAND: POST /session/8b5e6cfdfc03247abf4ed7f1414f820f/elements - {"using":"xpath","value":"//span[text()='Error']"}
RESULT: {"using":"xpath","value":"//span[text()='Error']"}
COMMAND: POST /session/8b5e6cfdfc03247abf4ed7f1414f820f/element - {"using":"xpath","value":"//button[@data-kt=\"addButton\"]"}
RESULT: {"using":"xpath","value":"//button[@data-kt=\"addButton\"]"}
COMMAND: POST /session/8b5e6cfdfc03247abf4ed7f1414f820f/elements - {"using":"xpath","value":"//button[@data-kt=\"addButton\"]"}
RESULT: {"using":"xpath","value":"//button[@data-kt=\"addButton\"]"}
COMMAND: POST /session/8b5e6cfdfc03247abf4ed7f1414f820f/execute/sync - {"script":"<script> [8489 bytes]","args":[{"element-6066-11e4-a52e-4f735466cecf":"f.38C819845B9EC31E5A88AE0F72095084.d.BCF9779E3FFCF401B7BF920761F9BC57.e.7482","ELEMENT":"f.38C819845B9EC31E5A88AE0F72095084.d.BCF9779E3FFCF401B7BF920761F9BC57.e.7482"}]}
RESULT: {"script":"<script> [8489 bytes]","args":[{"element-6066-11e4-a52e-4f735466cecf":"f.38C819845B9EC31E5A88AE0F72095084.d.BCF9779E3FFCF401B7BF920761F9BC57.e.7482","ELEMENT":"f.38C819845B9EC31E5A88AE0F72095084.d.BCF9779E3FFCF401B7BF920761F9BC57.e.7482"}]}
COMMAND: GET /session/8b5e6cfdfc03247abf4ed7f1414f820f/element/f.38C819845B9EC31E5A88AE0F72095084.d.BCF9779E3FFCF401B7BF920761F9BC57.e.7482/enabled - {}
COMMAND: GET /session/8b5e6cfdfc03247abf4ed7f1414f820f/screenshot - {}
RESULT: {}
COMMAND: POST /session/8b5e6cfdfc03247abf4ed7f1414f820f/execute/sync - {"script":"<script> [8489 bytes]","args":[{"element-6066-11e4-a52e-4f735466cecf":"f.38C819845B9EC31E5A88AE0F72095084.d.BCF9779E3FFCF401B7BF920761F9BC57.e.7482","ELEMENT":"f.38C819845B9EC31E5A88AE0F72095084.d.BCF9779E3FFCF401B7BF920761F9BC57.e.7482"}]}
COMMAND: GET /session/8b5e6cfdfc03247abf4ed7f1414f820f/screenshot - {}
RESULT: {}
RESULT: {"script":"<script> [8489 bytes]","args":[{"element-6066-11e4-a52e-4f735466cecf":"f.38C819845B9EC31E5A88AE0F72095084.d.BCF9779E3FFCF401B7BF920761F9BC57.e.7482","ELEMENT":"f.38C819845B9EC31E5A88AE0F72095084.d.BCF9779E3FFCF401B7BF920761F9BC57.e.7482"}]}
COMMAND: POST /session/8b5e6cfdfc03247abf4ed7f1414f820f/execute/sync - {"script":"<script> [5351 bytes]","args":[{"element-6066-11e4-a52e-4f735466cecf":"f.38C819845B9EC31E5A88AE0F72095084.d.BCF9779E3FFCF401B7BF920761F9BC57.e.7482","ELEMENT":"f.38C819845B9EC31E5A88AE0F72095084.d.BCF9779E3FFCF401B7BF920761F9BC57.e.7482"}]}
COMMAND: GET /session/8b5e6cfdfc03247abf4ed7f1414f820f/screenshot - {}
RESULT: {}
RESULT: {"script":"<script> [5351 bytes]","args":[{"element-6066-11e4-a52e-4f735466cecf":"f.38C819845B9EC31E5A88AE0F72095084.d.BCF9779E3FFCF401B7BF920761F9BC57.e.7482","ELEMENT":"f.38C819845B9EC31E5A88AE0F72095084.d.BCF9779E3FFCF401B7BF920761F9BC57.e.7482"}]}
COMMAND: POST /session/8b5e6cfdfc03247abf4ed7f1414f820f/element/f.38C819845B9EC31E5A88AE0F72095084.d.BCF9779E3FFCF401B7BF920761F9BC57.e.7482/click - {}
COMMAND: GET /session/8b5e6cfdfc03247abf4ed7f1414f820f/screenshot - {}
RESULT: {}
RESULT: {}
COMMAND: GET /session/8b5e6cfdfc03247abf4ed7f1414f820f/screenshot - {}
COMMAND: POST /session/8b5e6cfdfc03247abf4ed7f1414f820f/execute/async - {"script":"<script> [1562 bytes]","args":[{"selector":{"id":"application-managepartners-display-component---NewPartner--addressDetailDetailsName1","interaction":{"idSuffix":"inner"}},"wdio_ui5_key":"applicationmanagepartners-display-component---NewPartner--addressDetailDetailsName1"}]}
RESULT: {}
RESULT: {}
RESULT: {"script":"<script> [1562 bytes]","args":[{"selector":{"id":"application-managepartners-display-component---NewPartner--addressDetailDetailsName1","interaction":{"idSuffix":"inner"}},"wdio_ui5_key":"applicationmanagepartners-display-component---NewPartner--addressDetailDetailsName1"}]}
RESULT: undefined
COMMAND: POST /session/8b5e6cfdfc03247abf4ed7f1414f820f/execute/async - {"script":"<script> [776 bytes]","args":[{"enterText":"Intracompany Partner WDIO","selector":{"id":"application-managepartners-display-component---NewPartner--addressDetailDetailsName1","interaction":{"idSuffix":"inner"}},"clearTextFirst":true,"interactionType":"ENTER_TEXT"}]}
RESULT: {"script":"<script> [776 bytes]","args":[{"enterText":"Intracompany Partner WDIO","selector":{"id":"application-managepartners-display-component---NewPartner--addressDetailDetailsName1","interaction":{"idSuffix":"inner"}},"clearTextFirst":true,"interactionType":"ENTER_TEXT"}]}
COMMAND: POST /session/8b5e6cfdfc03247abf4ed7f1414f820f/execute/async - {"script":"<script> [1562 bytes]","args":[{"selector":{"id":"application-managepartners-display-component---NewPartner--addressDetailDetailsLanguage-arrow"},"wdio_ui5_key":"applicationmanagepartners-display-component---NewPartner--addressDetailDetailsLanguage-arrow"}]}
RESULT: {"script":"<script> [1562 bytes]","args":[{"selector":{"id":"application-managepartners-display-component---NewPartner--addressDetailDetailsLanguage-arrow"},"wdio_ui5_key":"applicationmanagepartners-display-component---NewPartner--addressDetailDetailsLanguage-arrow"}]}
RESULT: undefined
COMMAND: POST /session/8b5e6cfdfc03247abf4ed7f1414f820f/element - {"using":"xpath","value":"//*[@id=\"application-managepartners-display-component---NewPartner--addressDetailDetailsLanguage-arrow\"]"}
RESULT: {"using":"xpath","value":"//*[@id=\"application-managepartners-display-component---NewPartner--addressDetailDetailsLanguage-arrow\"]"}
COMMAND: POST /session/8b5e6cfdfc03247abf4ed7f1414f820f/element/f.38C819845B9EC31E5A88AE0F72095084.d.BCF9779E3FFCF401B7BF920761F9BC57.e.7917/click - {}
RESULT: {}
COMMAND: POST /session/8b5e6cfdfc03247abf4ed7f1414f820f/element - {"using":"xpath","value":"//span[contains(text(), \"English\")]"}
COMMAND: GET /session/8b5e6cfdfc03247abf4ed7f1414f820f/screenshot - {}
RESULT: {"using":"xpath","value":"//span[contains(text(), \"English\")]"}
COMMAND: POST /session/8b5e6cfdfc03247abf4ed7f1414f820f/element/f.38C819845B9EC31E5A88AE0F72095084.d.BCF9779E3FFCF401B7BF920761F9BC57.e.7918/click - {}
RESULT: {}
RESULT: {}
COMMAND: GET /session/8b5e6cfdfc03247abf4ed7f1414f820f/screenshot - {}
RESULT: {}
COMMAND: POST /session/8b5e6cfdfc03247abf4ed7f1414f820f/execute/async - {"script":"<script> [1562 bytes]","args":[{"selector":{"id":"application-managepartners-display-component---NewPartner--addressDetailDetailsCity1","interaction":{"idSuffix":"inner"}},"wdio_ui5_key":"applicationmanagepartners-display-component---NewPartner--addressDetailDetailsCity1"}]}
RESULT: {"script":"<script> [1562 bytes]","args":[{"selector":{"id":"application-managepartners-display-component---NewPartner--addressDetailDetailsCity1","interaction":{"idSuffix":"inner"}},"wdio_ui5_key":"applicationmanagepartners-display-component---NewPartner--addressDetailDetailsCity1"}]}
RESULT: undefined
COMMAND: POST /session/8b5e6cfdfc03247abf4ed7f1414f820f/execute/async - {"script":"<script> [776 bytes]","args":[{"enterText":"Rosario","selector":{"id":"application-managepartners-display-component---NewPartner--addressDetailDetailsCity1","interaction":{"idSuffix":"inner"}},"clearTextFirst":true,"interactionType":"ENTER_TEXT"}]}
RESULT: {"script":"<script> [776 bytes]","args":[{"enterText":"Rosario","selector":{"id":"application-managepartners-display-component---NewPartner--addressDetailDetailsCity1","interaction":{"idSuffix":"inner"}},"clearTextFirst":true,"interactionType":"ENTER_TEXT"}]}
COMMAND: POST /session/8b5e6cfdfc03247abf4ed7f1414f820f/execute/async - {"script":"<script> [1562 bytes]","args":[{"selector":{"id":"application-managepartners-display-component---NewPartner--addressDetailDetailsCountry-arrow"},"wdio_ui5_key":"applicationmanagepartners-display-component---NewPartner--addressDetailDetailsCountry-arrow"}]}
RESULT: {"script":"<script> [1562 bytes]","args":[{"selector":{"id":"application-managepartners-display-component---NewPartner--addressDetailDetailsCountry-arrow"},"wdio_ui5_key":"applicationmanagepartners-display-component---NewPartner--addressDetailDetailsCountry-arrow"}]}
RESULT: undefined
COMMAND: POST /session/8b5e6cfdfc03247abf4ed7f1414f820f/element - {"using":"xpath","value":"//*[@id=\"application-managepartners-display-component---NewPartner--addressDetailDetailsCountry-arrow\"]"}
RESULT: {"using":"xpath","value":"//*[@id=\"application-managepartners-display-component---NewPartner--addressDetailDetailsCountry-arrow\"]"}
COMMAND: POST /session/8b5e6cfdfc03247abf4ed7f1414f820f/element/f.38C819845B9EC31E5A88AE0F72095084.d.BCF9779E3FFCF401B7BF920761F9BC57.e.7892/click - {}
RESULT: {}
COMMAND: POST /session/8b5e6cfdfc03247abf4ed7f1414f820f/element - {"using":"xpath","value":"//span[contains(text(), \"Argentina\")]"}
COMMAND: GET /session/8b5e6cfdfc03247abf4ed7f1414f820f/screenshot - {}
RESULT: {"using":"xpath","value":"//span[contains(text(), \"Argentina\")]"}
COMMAND: POST /session/8b5e6cfdfc03247abf4ed7f1414f820f/element/f.38C819845B9EC31E5A88AE0F72095084.d.BCF9779E3FFCF401B7BF920761F9BC57.e.7920/click - {}
RESULT: {}
RESULT: {}
COMMAND: GET /session/8b5e6cfdfc03247abf4ed7f1414f820f/screenshot - {}
RESULT: {}
COMMAND: POST /session/8b5e6cfdfc03247abf4ed7f1414f820f/element - {"using":"xpath","value":"//bdi[contains(text(), \"Commercial\")]"}
RESULT: {"using":"xpath","value":"//bdi[contains(text(), \"Commercial\")]"}
COMMAND: POST /session/8b5e6cfdfc03247abf4ed7f1414f820f/element/f.38C819845B9EC31E5A88AE0F72095084.d.BCF9779E3FFCF401B7BF920761F9BC57.e.7921/click - {}
RESULT: {}
COMMAND: GET /session/8b5e6cfdfc03247abf4ed7f1414f820f/screenshot - {}
RESULT: {}
COMMAND: POST /session/8b5e6cfdfc03247abf4ed7f1414f820f/execute/async - {"script":"<script> [1562 bytes]","args":[{"selector":{"id":"application-managepartners-display-component---NewPartner--partnerDetailInternal-arrow"},"wdio_ui5_key":"applicationmanagepartners-display-component---NewPartner--partnerDetailInternal-arrow"}]}
RESULT: {"script":"<script> [1562 bytes]","args":[{"selector":{"id":"application-managepartners-display-component---NewPartner--partnerDetailInternal-arrow"},"wdio_ui5_key":"applicationmanagepartners-display-component---NewPartner--partnerDetailInternal-arrow"}]}
RESULT: undefined
COMMAND: POST /session/8b5e6cfdfc03247abf4ed7f1414f820f/element - {"using":"xpath","value":"//*[@id=\"application-managepartners-display-component---NewPartner--partnerDetailInternal-arrow\"]"}
RESULT: {"using":"xpath","value":"//*[@id=\"application-managepartners-display-component---NewPartner--partnerDetailInternal-arrow\"]"}
COMMAND: POST /session/8b5e6cfdfc03247abf4ed7f1414f820f/element/f.38C819845B9EC31E5A88AE0F72095084.d.BCF9779E3FFCF401B7BF920761F9BC57.e.7927/click - {}
RESULT: {}
COMMAND: POST /session/8b5e6cfdfc03247abf4ed7f1414f820f/element - {"using":"xpath","value":"//span[contains(text(), \"Affiliated company\")]"}
COMMAND: GET /session/8b5e6cfdfc03247abf4ed7f1414f820f/screenshot - {}
RESULT: {"using":"xpath","value":"//span[contains(text(), \"Affiliated company\")]"}
COMMAND: POST /session/8b5e6cfdfc03247abf4ed7f1414f820f/element/f.38C819845B9EC31E5A88AE0F72095084.d.BCF9779E3FFCF401B7BF920761F9BC57.e.7928/click - {}
RESULT: {}
RESULT: {}
COMMAND: POST /session/8b5e6cfdfc03247abf4ed7f1414f820f/execute/async - {"script":"<script> [1562 bytes]","args":[{"selector":{"id":"application-managepartners-display-component---NewPartner--partnerDetailsCurrency-arrow"},"wdio_ui5_key":"applicationmanagepartners-display-component---NewPartner--partnerDetailsCurrency-arrow"}]}
COMMAND: GET /session/8b5e6cfdfc03247abf4ed7f1414f820f/screenshot - {}
RESULT: {"script":"<script> [1562 bytes]","args":[{"selector":{"id":"application-managepartners-display-component---NewPartner--partnerDetailsCurrency-arrow"},"wdio_ui5_key":"applicationmanagepartners-display-component---NewPartner--partnerDetailsCurrency-arrow"}]}
RESULT: undefined
COMMAND: POST /session/8b5e6cfdfc03247abf4ed7f1414f820f/element - {"using":"xpath","value":"//*[@id=\"application-managepartners-display-component---NewPartner--partnerDetailsCurrency-arrow\"]"}
RESULT: {}
RESULT: {"using":"xpath","value":"//*[@id=\"application-managepartners-display-component---NewPartner--partnerDetailsCurrency-arrow\"]"}
COMMAND: POST /session/8b5e6cfdfc03247abf4ed7f1414f820f/element/f.38C819845B9EC31E5A88AE0F72095084.d.BCF9779E3FFCF401B7BF920761F9BC57.e.7935/click - {}
RESULT: {}
COMMAND: POST /session/8b5e6cfdfc03247abf4ed7f1414f820f/element - {"using":"xpath","value":"//span[contains(text(), \"Euro\")]"}
COMMAND: GET /session/8b5e6cfdfc03247abf4ed7f1414f820f/screenshot - {}
RESULT: {"using":"xpath","value":"//span[contains(text(), \"Euro\")]"}
COMMAND: POST /session/8b5e6cfdfc03247abf4ed7f1414f820f/element/f.38C819845B9EC31E5A88AE0F72095084.d.BCF9779E3FFCF401B7BF920761F9BC57.e.7936/click - {}
RESULT: {}
RESULT: {}
COMMAND: POST /session/8b5e6cfdfc03247abf4ed7f1414f820f/execute/async - {"script":"<script> [1562 bytes]","args":[{"selector":{"id":"application-managepartners-display-component---NewPartner--addressEditDetailsCostObjectCstType-arrow"},"wdio_ui5_key":"applicationmanagepartners-display-component---NewPartner--addressEditDetailsCostObjectCstType-arrow"}]}
COMMAND: GET /session/8b5e6cfdfc03247abf4ed7f1414f820f/screenshot - {}
RESULT: {"script":"<script> [1562 bytes]","args":[{"selector":{"id":"application-managepartners-display-component---NewPartner--addressEditDetailsCostObjectCstType-arrow"},"wdio_ui5_key":"applicationmanagepartners-display-component---NewPartner--addressEditDetailsCostObjectCstType-arrow"}]}
RESULT: undefined
COMMAND: POST /session/8b5e6cfdfc03247abf4ed7f1414f820f/element - {"using":"xpath","value":"//*[@id=\"application-managepartners-display-component---NewPartner--addressEditDetailsCostObjectCstType-arrow\"]"}
RESULT: {}
RESULT: {"using":"xpath","value":"//*[@id=\"application-managepartners-display-component---NewPartner--addressEditDetailsCostObjectCstType-arrow\"]"}
COMMAND: POST /session/8b5e6cfdfc03247abf4ed7f1414f820f/element/f.38C819845B9EC31E5A88AE0F72095084.d.BCF9779E3FFCF401B7BF920761F9BC57.e.7937/click - {}
RESULT: {}
COMMAND: POST /session/8b5e6cfdfc03247abf4ed7f1414f820f/element - {"using":"xpath","value":"//span[contains(text(), \"Cost Center\")]"}
COMMAND: GET /session/8b5e6cfdfc03247abf4ed7f1414f820f/screenshot - {}
RESULT: {"using":"xpath","value":"//span[contains(text(), \"Cost Center\")]"}
COMMAND: POST /session/8b5e6cfdfc03247abf4ed7f1414f820f/element/f.38C819845B9EC31E5A88AE0F72095084.d.BCF9779E3FFCF401B7BF920761F9BC57.e.7938/click - {}
RESULT: {}
RESULT: {}
COMMAND: GET /session/8b5e6cfdfc03247abf4ed7f1414f820f/screenshot - {}
RESULT: {}
COMMAND: POST /session/8b5e6cfdfc03247abf4ed7f1414f820f/element - {"using":"xpath","value":"//span[@id=\"application-managepartners-display-component---NewPartner--addressNewCostObjectCstID-vhi\"]"}
RESULT: {"using":"xpath","value":"//span[@id=\"application-managepartners-display-component---NewPartner--addressNewCostObjectCstID-vhi\"]"}
COMMAND: POST /session/8b5e6cfdfc03247abf4ed7f1414f820f/execute/sync - {"script":"<script> [8489 bytes]","args":[{"element-6066-11e4-a52e-4f735466cecf":"f.38C819845B9EC31E5A88AE0F72095084.d.BCF9779E3FFCF401B7BF920761F9BC57.e.7942","ELEMENT":"f.38C819845B9EC31E5A88AE0F72095084.d.BCF9779E3FFCF401B7BF920761F9BC57.e.7942"}]}
RESULT: {"script":"<script> [8489 bytes]","args":[{"element-6066-11e4-a52e-4f735466cecf":"f.38C819845B9EC31E5A88AE0F72095084.d.BCF9779E3FFCF401B7BF920761F9BC57.e.7942","ELEMENT":"f.38C819845B9EC31E5A88AE0F72095084.d.BCF9779E3FFCF401B7BF920761F9BC57.e.7942"}]}
COMMAND: POST /session/8b5e6cfdfc03247abf4ed7f1414f820f/execute/async - {"script":"<script> [1562 bytes]","args":[{"selector":{"id":"application-managepartners-display-component---NewPartner--addressNewCostObjectCstID-vhi"},"wdio_ui5_key":"applicationmanagepartners-display-component---NewPartner--addressNewCostObjectCstID-vhi"}]}
COMMAND: GET /session/8b5e6cfdfc03247abf4ed7f1414f820f/screenshot - {}
RESULT: {"script":"<script> [1562 bytes]","args":[{"selector":{"id":"application-managepartners-display-component---NewPartner--addressNewCostObjectCstID-vhi"},"wdio_ui5_key":"applicationmanagepartners-display-component---NewPartner--addressNewCostObjectCstID-vhi"}]}
RESULT: undefined
COMMAND: POST /session/8b5e6cfdfc03247abf4ed7f1414f820f/element - {"using":"xpath","value":"//*[@id=\"application-managepartners-display-component---NewPartner--addressNewCostObjectCstID-vhi\"]"}
RESULT: {}
RESULT: {"using":"xpath","value":"//*[@id=\"application-managepartners-display-component---NewPartner--addressNewCostObjectCstID-vhi\"]"}
COMMAND: POST /session/8b5e6cfdfc03247abf4ed7f1414f820f/element/f.38C819845B9EC31E5A88AE0F72095084.d.BCF9779E3FFCF401B7BF920761F9BC57.e.7942/click - {}
RESULT: {}
COMMAND: GET /session/8b5e6cfdfc03247abf4ed7f1414f820f/screenshot - {}
RESULT: {}
RESULT: undefined
COMMAND: POST /session/8b5e6cfdfc03247abf4ed7f1414f820f/execute/async - {"script":"<script> [776 bytes]","args":[{"enterText":"10001013","selector":{"controlType":"sap.m.SearchField","properties":{"placeholder":"Search"},"searchOpenDialogs":true,"interaction":{"idSuffix":"I"}},"clearTextFirst":true,"interactionType":"ENTER_TEXT"}]}
RESULT: {"script":"<script> [776 bytes]","args":[{"enterText":"10001013","selector":{"controlType":"sap.m.SearchField","properties":{"placeholder":"Search"},"searchOpenDialogs":true,"interaction":{"idSuffix":"I"}},"clearTextFirst":true,"interactionType":"ENTER_TEXT"}]}
COMMAND: POST /session/8b5e6cfdfc03247abf4ed7f1414f820f/actions - {"actions":[{"id":"action20","type":"key","parameters":{},"actions":[{"type":"keyDown","value":"î€‡"},{"type":"pause","duration":10},{"type":"keyUp","value":"î€‡"}]}]}
RESULT: {"actions":[{"id":"action20","type":"key","parameters":{},"actions":[{"type":"keyDown","value":"î€‡"},{"type":"pause","duration":10},{"type":"keyUp","value":"î€‡"}]}]}
COMMAND: GET /session/8b5e6cfdfc03247abf4ed7f1414f820f/screenshot - {}
RESULT: {}
COMMAND: POST /session/8b5e6cfdfc03247abf4ed7f1414f820f/element - {"using":"xpath","value":"//span[contains(text(), \"General Management\")]"}
RESULT: {"using":"xpath","value":"//span[contains(text(), \"General Management\")]"}
COMMAND: POST /session/8b5e6cfdfc03247abf4ed7f1414f820f/element/f.38C819845B9EC31E5A88AE0F72095084.d.BCF9779E3FFCF401B7BF920761F9BC57.e.7981/click - {}
RESULT: {}
COMMAND: GET /session/8b5e6cfdfc03247abf4ed7f1414f820f/screenshot - {}
RESULT: {}
COMMAND: POST /session/8b5e6cfdfc03247abf4ed7f1414f820f/element - {"using":"xpath","value":"//bdi[contains(text(), \"OK\")]"}
RESULT: {"using":"xpath","value":"//bdi[contains(text(), \"OK\")]"}
COMMAND: POST /session/8b5e6cfdfc03247abf4ed7f1414f820f/element/f.38C819845B9EC31E5A88AE0F72095084.d.BCF9779E3FFCF401B7BF920761F9BC57.e.7982/click - {}
RESULT: {}
COMMAND: GET /session/8b5e6cfdfc03247abf4ed7f1414f820f/screenshot - {}
RESULT: {}
COMMAND: POST /session/8b5e6cfdfc03247abf4ed7f1414f820f/element - {"using":"xpath","value":"//input[@id=\"application-managepartners-display-component---NewPartner--companyCodeComboBox-inner\"]"}
RESULT: {"using":"xpath","value":"//input[@id=\"application-managepartners-display-component---NewPartner--companyCodeComboBox-inner\"]"}
COMMAND: POST /session/8b5e6cfdfc03247abf4ed7f1414f820f/element/f.38C819845B9EC31E5A88AE0F72095084.d.BCF9779E3FFCF401B7BF920761F9BC57.e.7782/clear - {}
RESULT: {}
COMMAND: POST /session/8b5e6cfdfc03247abf4ed7f1414f820f/element/f.38C819845B9EC31E5A88AE0F72095084.d.BCF9779E3FFCF401B7BF920761F9BC57.e.7782/value - {"text":"1000"}
COMMAND: GET /session/8b5e6cfdfc03247abf4ed7f1414f820f/screenshot - {}
RESULT: {"text":"1000"}
COMMAND: GET /session/8b5e6cfdfc03247abf4ed7f1414f820f/screenshot - {}
RESULT: {}
RESULT: {}
COMMAND: POST /session/8b5e6cfdfc03247abf4ed7f1414f820f/element - {"using":"xpath","value":"//li[.//span[text()= \"1000\"]]"}
RESULT: {"using":"xpath","value":"//li[.//span[text()= \"1000\"]]"}
COMMAND: POST /session/8b5e6cfdfc03247abf4ed7f1414f820f/element/f.38C819845B9EC31E5A88AE0F72095084.d.BCF9779E3FFCF401B7BF920761F9BC57.e.7988/click - {}
RESULT: {}
COMMAND: GET /session/8b5e6cfdfc03247abf4ed7f1414f820f/screenshot - {}
RESULT: {}
COMMAND: POST /session/8b5e6cfdfc03247abf4ed7f1414f820f/execute/async - {"script":"<script> [1562 bytes]","args":[{"selector":{"id":"application-managepartners-display-component---NewPartner--btnAddTableRow-img"},"wdio_ui5_key":"applicationmanagepartners-display-component---NewPartner--btnAddTableRow-img"}]}
RESULT: {"script":"<script> [1562 bytes]","args":[{"selector":{"id":"application-managepartners-display-component---NewPartner--btnAddTableRow-img"},"wdio_ui5_key":"applicationmanagepartners-display-component---NewPartner--btnAddTableRow-img"}]}
RESULT: undefined
COMMAND: POST /session/8b5e6cfdfc03247abf4ed7f1414f820f/element - {"using":"xpath","value":"//*[@id=\"application-managepartners-display-component---NewPartner--btnAddTableRow-img\"]"}
RESULT: {"using":"xpath","value":"//*[@id=\"application-managepartners-display-component---NewPartner--btnAddTableRow-img\"]"}
COMMAND: POST /session/8b5e6cfdfc03247abf4ed7f1414f820f/element/f.38C819845B9EC31E5A88AE0F72095084.d.BCF9779E3FFCF401B7BF920761F9BC57.e.7989/click - {}
RESULT: {}
COMMAND: GET /session/8b5e6cfdfc03247abf4ed7f1414f820f/screenshot - {}
RESULT: {}
COMMAND: POST /session/8b5e6cfdfc03247abf4ed7f1414f820f/element - {"using":"xpath","value":"//input[@id=\"application-managepartners-display-component---NewPartner--assignmentYard-application-managepartners-display-component---NewPartner--assignmentsTable-0-inner\"]"}
RESULT: {"using":"xpath","value":"//input[@id=\"application-managepartners-display-component---NewPartner--assignmentYard-application-managepartners-display-component---NewPartner--assignmentsTable-0-inner\"]"}
COMMAND: POST /session/8b5e6cfdfc03247abf4ed7f1414f820f/element/f.38C819845B9EC31E5A88AE0F72095084.d.BCF9779E3FFCF401B7BF920761F9BC57.e.7992/clear - {}
RESULT: {}
COMMAND: POST /session/8b5e6cfdfc03247abf4ed7f1414f820f/element/f.38C819845B9EC31E5A88AE0F72095084.d.BCF9779E3FFCF401B7BF920761F9BC57.e.7992/value - {"text":"632"}
COMMAND: GET /session/8b5e6cfdfc03247abf4ed7f1414f820f/screenshot - {}
RESULT: {"text":"632"}
COMMAND: GET /session/8b5e6cfdfc03247abf4ed7f1414f820f/screenshot - {}
RESULT: {}
RESULT: {}
COMMAND: POST /session/8b5e6cfdfc03247abf4ed7f1414f820f/element - {"using":"xpath","value":"//li[.//span[text()='632']]"}
RESULT: {"using":"xpath","value":"//li[.//span[text()='632']]"}
COMMAND: POST /session/8b5e6cfdfc03247abf4ed7f1414f820f/element/f.38C819845B9EC31E5A88AE0F72095084.d.BCF9779E3FFCF401B7BF920761F9BC57.e.8001/click - {}
RESULT: {}
COMMAND: GET /session/8b5e6cfdfc03247abf4ed7f1414f820f/screenshot - {}
RESULT: {}
COMMAND: POST /session/8b5e6cfdfc03247abf4ed7f1414f820f/actions - {"actions":[{"id":"action21","type":"key","parameters":{},"actions":[{"type":"keyDown","value":"î€‡"},{"type":"pause","duration":10},{"type":"keyUp","value":"î€‡"}]}]}
RESULT: {"actions":[{"id":"action21","type":"key","parameters":{},"actions":[{"type":"keyDown","value":"î€‡"},{"type":"pause","duration":10},{"type":"keyUp","value":"î€‡"}]}]}
COMMAND: POST /session/8b5e6cfdfc03247abf4ed7f1414f820f/execute/async - {"script":"<script> [1562 bytes]","args":[{"selector":{"id":"application-managepartners-display-component---NewPartner--externalCustomerComboBox-application-managepartners-display-component---NewPartner--assignmentsTable-0-vhi"},"wdio_ui5_key":"applicationmanagepartners-display-component---NewPartner--externalCustomerComboBox-application-managepartners-display-component---NewPartner--assignmentsTable-0-vhi"}]}
COMMAND: GET /session/8b5e6cfdfc03247abf4ed7f1414f820f/screenshot - {}
RESULT: {"script":"<script> [1562 bytes]","args":[{"selector":{"id":"application-managepartners-display-component---NewPartner--externalCustomerComboBox-application-managepartners-display-component---NewPartner--assignmentsTable-0-vhi"},"wdio_ui5_key":"applicationmanagepartners-display-component---NewPartner--externalCustomerComboBox-application-managepartners-display-component---NewPartner--assignmentsTable-0-vhi"}]}
RESULT: undefined
COMMAND: POST /session/8b5e6cfdfc03247abf4ed7f1414f820f/element - {"using":"xpath","value":"//*[@id=\"application-managepartners-display-component---NewPartner--externalCustomerComboBox-application-managepartners-display-component---NewPartner--assignmentsTable-0-vhi\"]"}
RESULT: {}
RESULT: {"using":"xpath","value":"//*[@id=\"application-managepartners-display-component---NewPartner--externalCustomerComboBox-application-managepartners-display-component---NewPartner--assignmentsTable-0-vhi\"]"}
COMMAND: POST /session/8b5e6cfdfc03247abf4ed7f1414f820f/element/f.38C819845B9EC31E5A88AE0F72095084.d.BCF9779E3FFCF401B7BF920761F9BC57.e.8005/click - {}
RESULT: {}
RESULT: undefined
COMMAND: POST /session/8b5e6cfdfc03247abf4ed7f1414f820f/execute/async - {"script":"<script> [776 bytes]","args":[{"enterText":"300003","selector":{"controlType":"sap.m.SearchField","properties":{"placeholder":"Search"},"searchOpenDialogs":true,"interaction":{"idSuffix":"I"}},"clearTextFirst":true,"interactionType":"ENTER_TEXT"}]}
COMMAND: GET /session/8b5e6cfdfc03247abf4ed7f1414f820f/screenshot - {}
RESULT: {"script":"<script> [776 bytes]","args":[{"enterText":"300003","selector":{"controlType":"sap.m.SearchField","properties":{"placeholder":"Search"},"searchOpenDialogs":true,"interaction":{"idSuffix":"I"}},"clearTextFirst":true,"interactionType":"ENTER_TEXT"}]}
COMMAND: POST /session/8b5e6cfdfc03247abf4ed7f1414f820f/actions - {"actions":[{"id":"action22","type":"key","parameters":{},"actions":[{"type":"keyDown","value":"î€‡"},{"type":"pause","duration":10},{"type":"keyUp","value":"î€‡"}]}]}
RESULT: {}
RESULT: {"actions":[{"id":"action22","type":"key","parameters":{},"actions":[{"type":"keyDown","value":"î€‡"},{"type":"pause","duration":10},{"type":"keyUp","value":"î€‡"}]}]}
COMMAND: GET /session/8b5e6cfdfc03247abf4ed7f1414f820f/screenshot - {}
RESULT: {}
COMMAND: POST /session/8b5e6cfdfc03247abf4ed7f1414f820f/element - {"using":"xpath","value":"//span[contains(text(), \"300003\")]"}
RESULT: {"using":"xpath","value":"//span[contains(text(), \"300003\")]"}
COMMAND: POST /session/8b5e6cfdfc03247abf4ed7f1414f820f/element/f.38C819845B9EC31E5A88AE0F72095084.d.BCF9779E3FFCF401B7BF920761F9BC57.e.8022/click - {}
RESULT: {}
COMMAND: GET /session/8b5e6cfdfc03247abf4ed7f1414f820f/screenshot - {}
RESULT: {}
COMMAND: POST /session/8b5e6cfdfc03247abf4ed7f1414f820f/element - {"using":"xpath","value":"//bdi[contains(text(), \"OK\")]"}
RESULT: {"using":"xpath","value":"//bdi[contains(text(), \"OK\")]"}
COMMAND: POST /session/8b5e6cfdfc03247abf4ed7f1414f820f/element/f.38C819845B9EC31E5A88AE0F72095084.d.BCF9779E3FFCF401B7BF920761F9BC57.e.8024/click - {}
RESULT: {}
COMMAND: GET /session/8b5e6cfdfc03247abf4ed7f1414f820f/screenshot - {}
RESULT: {}
COMMAND: POST /session/8b5e6cfdfc03247abf4ed7f1414f820f/execute/async - {"script":"<script> [1562 bytes]","args":[{"selector":{"id":"application-managepartners-display-component---NewPartner--intercompVendorComboBox-application-managepartners-display-component---NewPartner--assignmentsTable-0-vhi"},"wdio_ui5_key":"applicationmanagepartners-display-component---NewPartner--intercompVendorComboBox-application-managepartners-display-component---NewPartner--assignmentsTable-0-vhi"}]}
RESULT: {"script":"<script> [1562 bytes]","args":[{"selector":{"id":"application-managepartners-display-component---NewPartner--intercompVendorComboBox-application-managepartners-display-component---NewPartner--assignmentsTable-0-vhi"},"wdio_ui5_key":"applicationmanagepartners-display-component---NewPartner--intercompVendorComboBox-application-managepartners-display-component---NewPartner--assignmentsTable-0-vhi"}]}
RESULT: undefined
COMMAND: POST /session/8b5e6cfdfc03247abf4ed7f1414f820f/element - {"using":"xpath","value":"//*[@id=\"application-managepartners-display-component---NewPartner--intercompVendorComboBox-application-managepartners-display-component---NewPartner--assignmentsTable-0-vhi\"]"}
RESULT: {"using":"xpath","value":"//*[@id=\"application-managepartners-display-component---NewPartner--intercompVendorComboBox-application-managepartners-display-component---NewPartner--assignmentsTable-0-vhi\"]"}
COMMAND: POST /session/8b5e6cfdfc03247abf4ed7f1414f820f/element/f.38C819845B9EC31E5A88AE0F72095084.d.BCF9779E3FFCF401B7BF920761F9BC57.e.8027/click - {}
RESULT: {}
RESULT: undefined
COMMAND: POST /session/8b5e6cfdfc03247abf4ed7f1414f820f/execute/async - {"script":"<script> [776 bytes]","args":[{"enterText":"100005","selector":{"controlType":"sap.m.SearchField","properties":{"placeholder":"Search"},"searchOpenDialogs":true,"interaction":{"idSuffix":"I"}},"clearTextFirst":true,"interactionType":"ENTER_TEXT"}]}
COMMAND: GET /session/8b5e6cfdfc03247abf4ed7f1414f820f/screenshot - {}
RESULT: {"script":"<script> [776 bytes]","args":[{"enterText":"100005","selector":{"controlType":"sap.m.SearchField","properties":{"placeholder":"Search"},"searchOpenDialogs":true,"interaction":{"idSuffix":"I"}},"clearTextFirst":true,"interactionType":"ENTER_TEXT"}]}
COMMAND: POST /session/8b5e6cfdfc03247abf4ed7f1414f820f/actions - {"actions":[{"id":"action23","type":"key","parameters":{},"actions":[{"type":"keyDown","value":"î€‡"},{"type":"pause","duration":10},{"type":"keyUp","value":"î€‡"}]}]}
RESULT: {}
RESULT: {"actions":[{"id":"action23","type":"key","parameters":{},"actions":[{"type":"keyDown","value":"î€‡"},{"type":"pause","duration":10},{"type":"keyUp","value":"î€‡"}]}]}
COMMAND: GET /session/8b5e6cfdfc03247abf4ed7f1414f820f/screenshot - {}
RESULT: {}
COMMAND: POST /session/8b5e6cfdfc03247abf4ed7f1414f820f/element - {"using":"xpath","value":"//span[contains(text(), \"Penguins - Field/12345 Berlin\")]"}
RESULT: {"using":"xpath","value":"//span[contains(text(), \"Penguins - Field/12345 Berlin\")]"}
COMMAND: POST /session/8b5e6cfdfc03247abf4ed7f1414f820f/element/f.38C819845B9EC31E5A88AE0F72095084.d.BCF9779E3FFCF401B7BF920761F9BC57.e.8046/click - {}
RESULT: {}
COMMAND: GET /session/8b5e6cfdfc03247abf4ed7f1414f820f/screenshot - {}
RESULT: {}
COMMAND: POST /session/8b5e6cfdfc03247abf4ed7f1414f820f/element - {"using":"xpath","value":"//bdi[contains(text(), \"OK\")]"}
RESULT: {"using":"xpath","value":"//bdi[contains(text(), \"OK\")]"}
COMMAND: POST /session/8b5e6cfdfc03247abf4ed7f1414f820f/element/f.38C819845B9EC31E5A88AE0F72095084.d.BCF9779E3FFCF401B7BF920761F9BC57.e.8047/click - {}
RESULT: {}
COMMAND: GET /session/8b5e6cfdfc03247abf4ed7f1414f820f/screenshot - {}
RESULT: {}
COMMAND: POST /session/8b5e6cfdfc03247abf4ed7f1414f820f/element - {"using":"xpath","value":"//button[@data-kt=\"saveButton\"]"}
RESULT: {"using":"xpath","value":"//button[@data-kt=\"saveButton\"]"}
COMMAND: POST /session/8b5e6cfdfc03247abf4ed7f1414f820f/element/f.38C819845B9EC31E5A88AE0F72095084.d.BCF9779E3FFCF401B7BF920761F9BC57.e.7894/click - {}
RESULT: {}
COMMAND: GET /session/8b5e6cfdfc03247abf4ed7f1414f820f/screenshot - {}
RESULT: {}
COMMAND: POST /session/8b5e6cfdfc03247abf4ed7f1414f820f/element - {"using":"xpath","value":"//header[contains(@id, 'ObjectPageLayout-headerTitle')]/div[1]/div[2]/div[2]/span[1]"}
RESULT: {"using":"xpath","value":"//header[contains(@id, 'ObjectPageLayout-headerTitle')]/div[1]/div[2]/div[2]/span[1]"}
COMMAND: POST /session/8b5e6cfdfc03247abf4ed7f1414f820f/elements - {"using":"xpath","value":"//header[contains(@id, 'ObjectPageLayout-headerTitle')]/div[1]/div[2]/div[2]/span[1]"}
RESULT: {"using":"xpath","value":"//header[contains(@id, 'ObjectPageLayout-headerTitle')]/div[1]/div[2]/div[2]/span[1]"}
COMMAND: POST /session/8b5e6cfdfc03247abf4ed7f1414f820f/execute/sync - {"script":"<script> [56 bytes]","args":[{"element-6066-11e4-a52e-4f735466cecf":"f.38C819845B9EC31E5A88AE0F72095084.d.BCF9779E3FFCF401B7BF920761F9BC57.e.8210","ELEMENT":"f.38C819845B9EC31E5A88AE0F72095084.d.BCF9779E3FFCF401B7BF920761F9BC57.e.8210"}]}
RESULT: {"script":"<script> [56 bytes]","args":[{"element-6066-11e4-a52e-4f735466cecf":"f.38C819845B9EC31E5A88AE0F72095084.d.BCF9779E3FFCF401B7BF920761F9BC57.e.8210","ELEMENT":"f.38C819845B9EC31E5A88AE0F72095084.d.BCF9779E3FFCF401B7BF920761F9BC57.e.8210"}]}
COMMAND: POST /session/8b5e6cfdfc03247abf4ed7f1414f820f/element - {"using":"css selector","value":"#shell-header-logo"}
COMMAND: GET /session/8b5e6cfdfc03247abf4ed7f1414f820f/screenshot - {}
RESULT: {"using":"css selector","value":"#shell-header-logo"}
COMMAND: POST /session/8b5e6cfdfc03247abf4ed7f1414f820f/element/f.38C819845B9EC31E5A88AE0F72095084.d.BCF9779E3FFCF401B7BF920761F9BC57.e.7437/click - {}
RESULT: {}
RESULT: {}
COMMAND: GET /session/8b5e6cfdfc03247abf4ed7f1414f820f/screenshot - {}
RESULT: {}
COMMAND: POST /session/8b5e6cfdfc03247abf4ed7f1414f820f/execute/sync - {"script":"<script> [299 bytes]","args":[["getModel","getResource"]]}
RESULT: {"script":"<script> [299 bytes]","args":[["getModel","getResource"]]}
COMMAND: GET /session/8b5e6cfdfc03247abf4ed7f1414f820f/screenshot - {}
]]></system-out>
    </testcase>
    <testcase classname="chrome.136_0_7103_93.windows.Billing_Transfer_-_Intracompany_US127249" name="Should create a new site" time="91.681">
      <system-out><![CDATA[
COMMAND: POST /session/8b5e6cfdfc03247abf4ed7f1414f820f/execute/async - {"script":"<script> [1562 bytes]","args":[{"selector":{"controlType":"sap.m.GenericTile","properties":{"header":"Manage Sites"}},"wdio_ui5_key":"sapm.GenericTile{\"header\":\"Manage Sites\"}"}]}
RESULT: {}
RESULT: {"script":"<script> [1562 bytes]","args":[{"selector":{"controlType":"sap.m.GenericTile","properties":{"header":"Manage Sites"}},"wdio_ui5_key":"sapm.GenericTile{\"header\":\"Manage Sites\"}"}]}
RESULT: undefined
COMMAND: POST /session/8b5e6cfdfc03247abf4ed7f1414f820f/element - {"using":"xpath","value":"//*[@id=\"__tile40\"]"}
RESULT: {"using":"xpath","value":"//*[@id=\"__tile40\"]"}
COMMAND: POST /session/8b5e6cfdfc03247abf4ed7f1414f820f/element/f.38C819845B9EC31E5A88AE0F72095084.d.BCF9779E3FFCF401B7BF920761F9BC57.e.6599/click - {}
RESULT: {}
COMMAND: GET /session/8b5e6cfdfc03247abf4ed7f1414f820f/screenshot - {}
RESULT: {}
COMMAND: POST /session/8b5e6cfdfc03247abf4ed7f1414f820f/elements - {"using":"xpath","value":"//span[text()='Error']"}
RESULT: {"using":"xpath","value":"//span[text()='Error']"}
COMMAND: POST /session/8b5e6cfdfc03247abf4ed7f1414f820f/element - {"using":"xpath","value":"//button[@data-kt=\"addOverflowToolbarButton\"]"}
RESULT: {"using":"xpath","value":"//button[@data-kt=\"addOverflowToolbarButton\"]"}
COMMAND: POST /session/8b5e6cfdfc03247abf4ed7f1414f820f/elements - {"using":"xpath","value":"//button[@data-kt=\"addOverflowToolbarButton\"]"}
RESULT: {"using":"xpath","value":"//button[@data-kt=\"addOverflowToolbarButton\"]"}
COMMAND: POST /session/8b5e6cfdfc03247abf4ed7f1414f820f/execute/sync - {"script":"<script> [8489 bytes]","args":[{"element-6066-11e4-a52e-4f735466cecf":"f.38C819845B9EC31E5A88AE0F72095084.d.BCF9779E3FFCF401B7BF920761F9BC57.e.8256","ELEMENT":"f.38C819845B9EC31E5A88AE0F72095084.d.BCF9779E3FFCF401B7BF920761F9BC57.e.8256"}]}
RESULT: {"script":"<script> [8489 bytes]","args":[{"element-6066-11e4-a52e-4f735466cecf":"f.38C819845B9EC31E5A88AE0F72095084.d.BCF9779E3FFCF401B7BF920761F9BC57.e.8256","ELEMENT":"f.38C819845B9EC31E5A88AE0F72095084.d.BCF9779E3FFCF401B7BF920761F9BC57.e.8256"}]}
COMMAND: GET /session/8b5e6cfdfc03247abf4ed7f1414f820f/element/f.38C819845B9EC31E5A88AE0F72095084.d.BCF9779E3FFCF401B7BF920761F9BC57.e.8256/enabled - {}
COMMAND: GET /session/8b5e6cfdfc03247abf4ed7f1414f820f/screenshot - {}
RESULT: {}
COMMAND: POST /session/8b5e6cfdfc03247abf4ed7f1414f820f/execute/sync - {"script":"<script> [8489 bytes]","args":[{"element-6066-11e4-a52e-4f735466cecf":"f.38C819845B9EC31E5A88AE0F72095084.d.BCF9779E3FFCF401B7BF920761F9BC57.e.8256","ELEMENT":"f.38C819845B9EC31E5A88AE0F72095084.d.BCF9779E3FFCF401B7BF920761F9BC57.e.8256"}]}
COMMAND: GET /session/8b5e6cfdfc03247abf4ed7f1414f820f/screenshot - {}
RESULT: {}
RESULT: {"script":"<script> [8489 bytes]","args":[{"element-6066-11e4-a52e-4f735466cecf":"f.38C819845B9EC31E5A88AE0F72095084.d.BCF9779E3FFCF401B7BF920761F9BC57.e.8256","ELEMENT":"f.38C819845B9EC31E5A88AE0F72095084.d.BCF9779E3FFCF401B7BF920761F9BC57.e.8256"}]}
COMMAND: POST /session/8b5e6cfdfc03247abf4ed7f1414f820f/execute/sync - {"script":"<script> [5351 bytes]","args":[{"element-6066-11e4-a52e-4f735466cecf":"f.38C819845B9EC31E5A88AE0F72095084.d.BCF9779E3FFCF401B7BF920761F9BC57.e.8256","ELEMENT":"f.38C819845B9EC31E5A88AE0F72095084.d.BCF9779E3FFCF401B7BF920761F9BC57.e.8256"}]}
COMMAND: GET /session/8b5e6cfdfc03247abf4ed7f1414f820f/screenshot - {}
RESULT: {}
RESULT: {"script":"<script> [5351 bytes]","args":[{"element-6066-11e4-a52e-4f735466cecf":"f.38C819845B9EC31E5A88AE0F72095084.d.BCF9779E3FFCF401B7BF920761F9BC57.e.8256","ELEMENT":"f.38C819845B9EC31E5A88AE0F72095084.d.BCF9779E3FFCF401B7BF920761F9BC57.e.8256"}]}
COMMAND: POST /session/8b5e6cfdfc03247abf4ed7f1414f820f/element/f.38C819845B9EC31E5A88AE0F72095084.d.BCF9779E3FFCF401B7BF920761F9BC57.e.8256/click - {}
COMMAND: GET /session/8b5e6cfdfc03247abf4ed7f1414f820f/screenshot - {}
RESULT: {}
RESULT: {}
COMMAND: GET /session/8b5e6cfdfc03247abf4ed7f1414f820f/screenshot - {}
RESULT: {}
COMMAND: POST /session/8b5e6cfdfc03247abf4ed7f1414f820f/element - {"using":"xpath","value":"//input[@id=\"application-managesites-display-component---NewSite--siteId-inner\"]"}
RESULT: {}
RESULT: {"using":"xpath","value":"//input[@id=\"application-managesites-display-component---NewSite--siteId-inner\"]"}
COMMAND: POST /session/8b5e6cfdfc03247abf4ed7f1414f820f/element - {"using":"xpath","value":"//input[@id=\"application-managesites-display-component---NewSite--siteId-inner\"]"}
RESULT: {"using":"xpath","value":"//input[@id=\"application-managesites-display-component---NewSite--siteId-inner\"]"}
COMMAND: POST /session/8b5e6cfdfc03247abf4ed7f1414f820f/execute/async - {"script":"<script> [1562 bytes]","args":[{"selector":{"id":"application-managesites-display-component---NewSite--addressDetailDetailsName1","interaction":{"idSuffix":"inner"}},"wdio_ui5_key":"applicationmanagesites-display-component---NewSite--addressDetailDetailsName1"}]}
RESULT: {"script":"<script> [1562 bytes]","args":[{"selector":{"id":"application-managesites-display-component---NewSite--addressDetailDetailsName1","interaction":{"idSuffix":"inner"}},"wdio_ui5_key":"applicationmanagesites-display-component---NewSite--addressDetailDetailsName1"}]}
RESULT: undefined
COMMAND: POST /session/8b5e6cfdfc03247abf4ed7f1414f820f/execute/async - {"script":"<script> [776 bytes]","args":[{"enterText":"Intracompany Site wdIO","selector":{"id":"application-managesites-display-component---NewSite--addressDetailDetailsName1","interaction":{"idSuffix":"inner"}},"clearTextFirst":true,"interactionType":"ENTER_TEXT"}]}
RESULT: {"script":"<script> [776 bytes]","args":[{"enterText":"Intracompany Site wdIO","selector":{"id":"application-managesites-display-component---NewSite--addressDetailDetailsName1","interaction":{"idSuffix":"inner"}},"clearTextFirst":true,"interactionType":"ENTER_TEXT"}]}
COMMAND: POST /session/8b5e6cfdfc03247abf4ed7f1414f820f/execute/async - {"script":"<script> [1562 bytes]","args":[{"selector":{"id":"application-managesites-display-component---NewSite--addressDetailDetailsLanguage-arrow"},"wdio_ui5_key":"applicationmanagesites-display-component---NewSite--addressDetailDetailsLanguage-arrow"}]}
RESULT: {"script":"<script> [1562 bytes]","args":[{"selector":{"id":"application-managesites-display-component---NewSite--addressDetailDetailsLanguage-arrow"},"wdio_ui5_key":"applicationmanagesites-display-component---NewSite--addressDetailDetailsLanguage-arrow"}]}
RESULT: undefined
COMMAND: POST /session/8b5e6cfdfc03247abf4ed7f1414f820f/element - {"using":"xpath","value":"//*[@id=\"application-managesites-display-component---NewSite--addressDetailDetailsLanguage-arrow\"]"}
RESULT: {"using":"xpath","value":"//*[@id=\"application-managesites-display-component---NewSite--addressDetailDetailsLanguage-arrow\"]"}
COMMAND: POST /session/8b5e6cfdfc03247abf4ed7f1414f820f/element/f.38C819845B9EC31E5A88AE0F72095084.d.BCF9779E3FFCF401B7BF920761F9BC57.e.8657/click - {}
RESULT: {}
COMMAND: POST /session/8b5e6cfdfc03247abf4ed7f1414f820f/element - {"using":"xpath","value":"//span[contains(text(), \"English\")]"}
COMMAND: GET /session/8b5e6cfdfc03247abf4ed7f1414f820f/screenshot - {}
RESULT: {"using":"xpath","value":"//span[contains(text(), \"English\")]"}
COMMAND: POST /session/8b5e6cfdfc03247abf4ed7f1414f820f/element/f.38C819845B9EC31E5A88AE0F72095084.d.BCF9779E3FFCF401B7BF920761F9BC57.e.8658/click - {}
RESULT: {}
RESULT: {}
COMMAND: POST /session/8b5e6cfdfc03247abf4ed7f1414f820f/execute/async - {"script":"<script> [1562 bytes]","args":[{"selector":{"id":"application-managesites-display-component---NewSite--addressDetailDetailsCity1","interaction":{"idSuffix":"inner"}},"wdio_ui5_key":"applicationmanagesites-display-component---NewSite--addressDetailDetailsCity1"}]}
COMMAND: GET /session/8b5e6cfdfc03247abf4ed7f1414f820f/screenshot - {}
RESULT: {"script":"<script> [1562 bytes]","args":[{"selector":{"id":"application-managesites-display-component---NewSite--addressDetailDetailsCity1","interaction":{"idSuffix":"inner"}},"wdio_ui5_key":"applicationmanagesites-display-component---NewSite--addressDetailDetailsCity1"}]}
RESULT: undefined
COMMAND: POST /session/8b5e6cfdfc03247abf4ed7f1414f820f/execute/async - {"script":"<script> [776 bytes]","args":[{"enterText":"Rosario","selector":{"id":"application-managesites-display-component---NewSite--addressDetailDetailsCity1","interaction":{"idSuffix":"inner"}},"clearTextFirst":true,"interactionType":"ENTER_TEXT"}]}
RESULT: {}
RESULT: {"script":"<script> [776 bytes]","args":[{"enterText":"Rosario","selector":{"id":"application-managesites-display-component---NewSite--addressDetailDetailsCity1","interaction":{"idSuffix":"inner"}},"clearTextFirst":true,"interactionType":"ENTER_TEXT"}]}
COMMAND: POST /session/8b5e6cfdfc03247abf4ed7f1414f820f/execute/async - {"script":"<script> [1562 bytes]","args":[{"selector":{"id":"application-managesites-display-component---NewSite--addressDetailDetailsCountry-arrow"},"wdio_ui5_key":"applicationmanagesites-display-component---NewSite--addressDetailDetailsCountry-arrow"}]}
RESULT: {"script":"<script> [1562 bytes]","args":[{"selector":{"id":"application-managesites-display-component---NewSite--addressDetailDetailsCountry-arrow"},"wdio_ui5_key":"applicationmanagesites-display-component---NewSite--addressDetailDetailsCountry-arrow"}]}
RESULT: undefined
COMMAND: POST /session/8b5e6cfdfc03247abf4ed7f1414f820f/element - {"using":"xpath","value":"//*[@id=\"application-managesites-display-component---NewSite--addressDetailDetailsCountry-arrow\"]"}
RESULT: {"using":"xpath","value":"//*[@id=\"application-managesites-display-component---NewSite--addressDetailDetailsCountry-arrow\"]"}
COMMAND: POST /session/8b5e6cfdfc03247abf4ed7f1414f820f/element/f.38C819845B9EC31E5A88AE0F72095084.d.BCF9779E3FFCF401B7BF920761F9BC57.e.8660/click - {}
RESULT: {}
COMMAND: POST /session/8b5e6cfdfc03247abf4ed7f1414f820f/element - {"using":"xpath","value":"//span[contains(text(), \"Argentina\")]"}
COMMAND: GET /session/8b5e6cfdfc03247abf4ed7f1414f820f/screenshot - {}
RESULT: {"using":"xpath","value":"//span[contains(text(), \"Argentina\")]"}
COMMAND: POST /session/8b5e6cfdfc03247abf4ed7f1414f820f/element/f.38C819845B9EC31E5A88AE0F72095084.d.BCF9779E3FFCF401B7BF920761F9BC57.e.8661/click - {}
RESULT: {}
RESULT: {}
COMMAND: GET /session/8b5e6cfdfc03247abf4ed7f1414f820f/screenshot - {}
RESULT: {}
COMMAND: POST /session/8b5e6cfdfc03247abf4ed7f1414f820f/execute/async - {"script":"<script> [1562 bytes]","args":[{"selector":{"id":"application-managesites-display-component---NewSite--addressEditDetailsCostObjectCstType-arrow"},"wdio_ui5_key":"applicationmanagesites-display-component---NewSite--addressEditDetailsCostObjectCstType-arrow"}]}
RESULT: {"script":"<script> [1562 bytes]","args":[{"selector":{"id":"application-managesites-display-component---NewSite--addressEditDetailsCostObjectCstType-arrow"},"wdio_ui5_key":"applicationmanagesites-display-component---NewSite--addressEditDetailsCostObjectCstType-arrow"}]}
RESULT: undefined
COMMAND: POST /session/8b5e6cfdfc03247abf4ed7f1414f820f/element - {"using":"xpath","value":"//*[@id=\"application-managesites-display-component---NewSite--addressEditDetailsCostObjectCstType-arrow\"]"}
RESULT: {"using":"xpath","value":"//*[@id=\"application-managesites-display-component---NewSite--addressEditDetailsCostObjectCstType-arrow\"]"}
COMMAND: POST /session/8b5e6cfdfc03247abf4ed7f1414f820f/element/f.38C819845B9EC31E5A88AE0F72095084.d.BCF9779E3FFCF401B7BF920761F9BC57.e.8663/click - {}
RESULT: {}
COMMAND: POST /session/8b5e6cfdfc03247abf4ed7f1414f820f/element - {"using":"xpath","value":"//span[contains(text(), \"Cost Center\")]"}
COMMAND: GET /session/8b5e6cfdfc03247abf4ed7f1414f820f/screenshot - {}
RESULT: {"using":"xpath","value":"//span[contains(text(), \"Cost Center\")]"}
COMMAND: POST /session/8b5e6cfdfc03247abf4ed7f1414f820f/element/f.38C819845B9EC31E5A88AE0F72095084.d.BCF9779E3FFCF401B7BF920761F9BC57.e.8664/click - {}
RESULT: {}
RESULT: {}
COMMAND: GET /session/8b5e6cfdfc03247abf4ed7f1414f820f/screenshot - {}
RESULT: {}
COMMAND: POST /session/8b5e6cfdfc03247abf4ed7f1414f820f/element - {"using":"xpath","value":"//span[@id=\"application-managesites-display-component---NewSite--addressNewCostObjectCstID-vhi\"]"}
RESULT: {"using":"xpath","value":"//span[@id=\"application-managesites-display-component---NewSite--addressNewCostObjectCstID-vhi\"]"}
COMMAND: POST /session/8b5e6cfdfc03247abf4ed7f1414f820f/execute/sync - {"script":"<script> [8489 bytes]","args":[{"element-6066-11e4-a52e-4f735466cecf":"f.38C819845B9EC31E5A88AE0F72095084.d.BCF9779E3FFCF401B7BF920761F9BC57.e.8669","ELEMENT":"f.38C819845B9EC31E5A88AE0F72095084.d.BCF9779E3FFCF401B7BF920761F9BC57.e.8669"}]}
RESULT: {"script":"<script> [8489 bytes]","args":[{"element-6066-11e4-a52e-4f735466cecf":"f.38C819845B9EC31E5A88AE0F72095084.d.BCF9779E3FFCF401B7BF920761F9BC57.e.8669","ELEMENT":"f.38C819845B9EC31E5A88AE0F72095084.d.BCF9779E3FFCF401B7BF920761F9BC57.e.8669"}]}
COMMAND: POST /session/8b5e6cfdfc03247abf4ed7f1414f820f/execute/async - {"script":"<script> [1562 bytes]","args":[{"selector":{"id":"application-managesites-display-component---NewSite--addressNewCostObjectCstID-vhi"},"wdio_ui5_key":"applicationmanagesites-display-component---NewSite--addressNewCostObjectCstID-vhi"}]}
COMMAND: GET /session/8b5e6cfdfc03247abf4ed7f1414f820f/screenshot - {}
RESULT: {"script":"<script> [1562 bytes]","args":[{"selector":{"id":"application-managesites-display-component---NewSite--addressNewCostObjectCstID-vhi"},"wdio_ui5_key":"applicationmanagesites-display-component---NewSite--addressNewCostObjectCstID-vhi"}]}
RESULT: undefined
COMMAND: POST /session/8b5e6cfdfc03247abf4ed7f1414f820f/element - {"using":"xpath","value":"//*[@id=\"application-managesites-display-component---NewSite--addressNewCostObjectCstID-vhi\"]"}
RESULT: {}
RESULT: {"using":"xpath","value":"//*[@id=\"application-managesites-display-component---NewSite--addressNewCostObjectCstID-vhi\"]"}
COMMAND: POST /session/8b5e6cfdfc03247abf4ed7f1414f820f/element/f.38C819845B9EC31E5A88AE0F72095084.d.BCF9779E3FFCF401B7BF920761F9BC57.e.8669/click - {}
RESULT: {}
COMMAND: GET /session/8b5e6cfdfc03247abf4ed7f1414f820f/screenshot - {}
RESULT: {}
RESULT: undefined
COMMAND: POST /session/8b5e6cfdfc03247abf4ed7f1414f820f/execute/async - {"script":"<script> [776 bytes]","args":[{"enterText":"10001013","selector":{"controlType":"sap.m.SearchField","properties":{"placeholder":"Search"},"searchOpenDialogs":true,"interaction":{"idSuffix":"I"}},"clearTextFirst":true,"interactionType":"ENTER_TEXT"}]}
RESULT: {"script":"<script> [776 bytes]","args":[{"enterText":"10001013","selector":{"controlType":"sap.m.SearchField","properties":{"placeholder":"Search"},"searchOpenDialogs":true,"interaction":{"idSuffix":"I"}},"clearTextFirst":true,"interactionType":"ENTER_TEXT"}]}
COMMAND: POST /session/8b5e6cfdfc03247abf4ed7f1414f820f/actions - {"actions":[{"id":"action24","type":"key","parameters":{},"actions":[{"type":"keyDown","value":"î€‡"},{"type":"pause","duration":10},{"type":"keyUp","value":"î€‡"}]}]}
RESULT: {"actions":[{"id":"action24","type":"key","parameters":{},"actions":[{"type":"keyDown","value":"î€‡"},{"type":"pause","duration":10},{"type":"keyUp","value":"î€‡"}]}]}
COMMAND: GET /session/8b5e6cfdfc03247abf4ed7f1414f820f/screenshot - {}
RESULT: {}
COMMAND: POST /session/8b5e6cfdfc03247abf4ed7f1414f820f/element - {"using":"xpath","value":"//span[contains(text(), \"General Management\")]"}
RESULT: {"using":"xpath","value":"//span[contains(text(), \"General Management\")]"}
COMMAND: POST /session/8b5e6cfdfc03247abf4ed7f1414f820f/element/f.38C819845B9EC31E5A88AE0F72095084.d.BCF9779E3FFCF401B7BF920761F9BC57.e.8708/click - {}
RESULT: {}
COMMAND: GET /session/8b5e6cfdfc03247abf4ed7f1414f820f/screenshot - {}
RESULT: {}
COMMAND: POST /session/8b5e6cfdfc03247abf4ed7f1414f820f/element - {"using":"xpath","value":"//bdi[contains(text(), \"OK\")]"}
RESULT: {"using":"xpath","value":"//bdi[contains(text(), \"OK\")]"}
COMMAND: POST /session/8b5e6cfdfc03247abf4ed7f1414f820f/element/f.38C819845B9EC31E5A88AE0F72095084.d.BCF9779E3FFCF401B7BF920761F9BC57.e.8709/click - {}
RESULT: {}
COMMAND: GET /session/8b5e6cfdfc03247abf4ed7f1414f820f/screenshot - {}
RESULT: {}
COMMAND: POST /session/8b5e6cfdfc03247abf4ed7f1414f820f/element - {"using":"xpath","value":"//input[@id=\"application-managesites-display-component---NewSite--addressDetailDetailsCalendar-inner\"]"}
RESULT: {"using":"xpath","value":"//input[@id=\"application-managesites-display-component---NewSite--addressDetailDetailsCalendar-inner\"]"}
COMMAND: POST /session/8b5e6cfdfc03247abf4ed7f1414f820f/element/f.38C819845B9EC31E5A88AE0F72095084.d.BCF9779E3FFCF401B7BF920761F9BC57.e.8455/clear - {}
RESULT: {}
COMMAND: POST /session/8b5e6cfdfc03247abf4ed7f1414f820f/element/f.38C819845B9EC31E5A88AE0F72095084.d.BCF9779E3FFCF401B7BF920761F9BC57.e.8455/value - {"text":"Unit"}
COMMAND: GET /session/8b5e6cfdfc03247abf4ed7f1414f820f/screenshot - {}
RESULT: {"text":"Unit"}
COMMAND: GET /session/8b5e6cfdfc03247abf4ed7f1414f820f/screenshot - {}
RESULT: {}
RESULT: {}
COMMAND: POST /session/8b5e6cfdfc03247abf4ed7f1414f820f/actions - {"actions":[{"id":"action25","type":"key","parameters":{},"actions":[{"type":"keyDown","value":"î€‡"},{"type":"pause","duration":10},{"type":"keyUp","value":"î€‡"}]}]}
RESULT: {"actions":[{"id":"action25","type":"key","parameters":{},"actions":[{"type":"keyDown","value":"î€‡"},{"type":"pause","duration":10},{"type":"keyUp","value":"î€‡"}]}]}
COMMAND: POST /session/8b5e6cfdfc03247abf4ed7f1414f820f/element - {"using":"xpath","value":"//input[@id=\"application-managesites-display-component---NewSite--addressDetailDetailsYard-inner\"]"}
COMMAND: GET /session/8b5e6cfdfc03247abf4ed7f1414f820f/screenshot - {}
RESULT: {"using":"xpath","value":"//input[@id=\"application-managesites-display-component---NewSite--addressDetailDetailsYard-inner\"]"}
COMMAND: POST /session/8b5e6cfdfc03247abf4ed7f1414f820f/element/f.38C819845B9EC31E5A88AE0F72095084.d.BCF9779E3FFCF401B7BF920761F9BC57.e.8456/clear - {}
RESULT: {}
RESULT: {}
COMMAND: POST /session/8b5e6cfdfc03247abf4ed7f1414f820f/element/f.38C819845B9EC31E5A88AE0F72095084.d.BCF9779E3FFCF401B7BF920761F9BC57.e.8456/value - {"text":"632"}
COMMAND: GET /session/8b5e6cfdfc03247abf4ed7f1414f820f/screenshot - {}
RESULT: {"text":"632"}
COMMAND: GET /session/8b5e6cfdfc03247abf4ed7f1414f820f/screenshot - {}
RESULT: {}
RESULT: {}
COMMAND: POST /session/8b5e6cfdfc03247abf4ed7f1414f820f/element - {"using":"xpath","value":"//li[.//span[text()='632']]"}
RESULT: {"using":"xpath","value":"//li[.//span[text()='632']]"}
COMMAND: POST /session/8b5e6cfdfc03247abf4ed7f1414f820f/element/f.38C819845B9EC31E5A88AE0F72095084.d.BCF9779E3FFCF401B7BF920761F9BC57.e.8717/click - {}
RESULT: {}
COMMAND: GET /session/8b5e6cfdfc03247abf4ed7f1414f820f/screenshot - {}
RESULT: {}
COMMAND: POST /session/8b5e6cfdfc03247abf4ed7f1414f820f/element - {"using":"xpath","value":"//input[@id=\"application-managesites-display-component---NewSite--addressDetailDetailsPartner-inner\"]"}
RESULT: {"using":"xpath","value":"//input[@id=\"application-managesites-display-component---NewSite--addressDetailDetailsPartner-inner\"]"}
COMMAND: POST /session/8b5e6cfdfc03247abf4ed7f1414f820f/element - {"using":"xpath","value":"//input[@id=\"application-managesites-display-component---NewSite--addressDetailDetailsPartner-inner\"]"}
RESULT: {"using":"xpath","value":"//input[@id=\"application-managesites-display-component---NewSite--addressDetailDetailsPartner-inner\"]"}
COMMAND: POST /session/8b5e6cfdfc03247abf4ed7f1414f820f/element - {"using":"xpath","value":"//button[@data-kt=\"saveButton\"]"}
RESULT: {"using":"xpath","value":"//button[@data-kt=\"saveButton\"]"}
COMMAND: POST /session/8b5e6cfdfc03247abf4ed7f1414f820f/element/f.38C819845B9EC31E5A88AE0F72095084.d.BCF9779E3FFCF401B7BF920761F9BC57.e.8609/click - {}
RESULT: {}
COMMAND: GET /session/8b5e6cfdfc03247abf4ed7f1414f820f/screenshot - {}
RESULT: {}
COMMAND: POST /session/8b5e6cfdfc03247abf4ed7f1414f820f/element - {"using":"xpath","value":"//header[contains(@id, 'ObjectPageLayout-headerTitle')]/div[1]/div[2]/div[2]/span[1]"}
RESULT: {"using":"xpath","value":"//header[contains(@id, 'ObjectPageLayout-headerTitle')]/div[1]/div[2]/div[2]/span[1]"}
COMMAND: POST /session/8b5e6cfdfc03247abf4ed7f1414f820f/elements - {"using":"xpath","value":"//header[contains(@id, 'ObjectPageLayout-headerTitle')]/div[1]/div[2]/div[2]/span[1]"}
RESULT: {"using":"xpath","value":"//header[contains(@id, 'ObjectPageLayout-headerTitle')]/div[1]/div[2]/div[2]/span[1]"}
COMMAND: POST /session/8b5e6cfdfc03247abf4ed7f1414f820f/execute/sync - {"script":"<script> [56 bytes]","args":[{"element-6066-11e4-a52e-4f735466cecf":"f.38C819845B9EC31E5A88AE0F72095084.d.BCF9779E3FFCF401B7BF920761F9BC57.e.8919","ELEMENT":"f.38C819845B9EC31E5A88AE0F72095084.d.BCF9779E3FFCF401B7BF920761F9BC57.e.8919"}]}
RESULT: {"script":"<script> [56 bytes]","args":[{"element-6066-11e4-a52e-4f735466cecf":"f.38C819845B9EC31E5A88AE0F72095084.d.BCF9779E3FFCF401B7BF920761F9BC57.e.8919","ELEMENT":"f.38C819845B9EC31E5A88AE0F72095084.d.BCF9779E3FFCF401B7BF920761F9BC57.e.8919"}]}
COMMAND: POST /session/8b5e6cfdfc03247abf4ed7f1414f820f/element - {"using":"css selector","value":"#shell-header-logo"}
COMMAND: GET /session/8b5e6cfdfc03247abf4ed7f1414f820f/screenshot - {}
RESULT: {"using":"css selector","value":"#shell-header-logo"}
COMMAND: POST /session/8b5e6cfdfc03247abf4ed7f1414f820f/element/f.38C819845B9EC31E5A88AE0F72095084.d.BCF9779E3FFCF401B7BF920761F9BC57.e.8214/click - {}
RESULT: {}
RESULT: {}
COMMAND: GET /session/8b5e6cfdfc03247abf4ed7f1414f820f/screenshot - {}
RESULT: {}
COMMAND: POST /session/8b5e6cfdfc03247abf4ed7f1414f820f/execute/sync - {"script":"<script> [299 bytes]","args":[["getModel","getResource"]]}
RESULT: {"script":"<script> [299 bytes]","args":[["getModel","getResource"]]}
COMMAND: GET /session/8b5e6cfdfc03247abf4ed7f1414f820f/screenshot - {}
]]></system-out>
    </testcase>
    <testcase classname="chrome.136_0_7103_93.windows.Billing_Transfer_-_Intracompany_US127249" name="Should create a new equipment" time="128.094">
      <system-out><![CDATA[
COMMAND: POST /session/8b5e6cfdfc03247abf4ed7f1414f820f/execute/async - {"script":"<script> [1562 bytes]","args":[{"selector":{"controlType":"sap.m.GenericTile","properties":{"header":"Manage Resources"}},"wdio_ui5_key":"sapm.GenericTile{\"header\":\"Manage Resources\"}"}]}
RESULT: {}
RESULT: {"script":"<script> [1562 bytes]","args":[{"selector":{"controlType":"sap.m.GenericTile","properties":{"header":"Manage Resources"}},"wdio_ui5_key":"sapm.GenericTile{\"header\":\"Manage Resources\"}"}]}
RESULT: undefined
COMMAND: POST /session/8b5e6cfdfc03247abf4ed7f1414f820f/element - {"using":"xpath","value":"//*[@id=\"__tile39\"]"}
RESULT: {"using":"xpath","value":"//*[@id=\"__tile39\"]"}
COMMAND: POST /session/8b5e6cfdfc03247abf4ed7f1414f820f/element/f.38C819845B9EC31E5A88AE0F72095084.d.BCF9779E3FFCF401B7BF920761F9BC57.e.6596/click - {}
RESULT: {}
COMMAND: GET /session/8b5e6cfdfc03247abf4ed7f1414f820f/screenshot - {}
RESULT: {}
COMMAND: POST /session/8b5e6cfdfc03247abf4ed7f1414f820f/elements - {"using":"xpath","value":"//span[text()='Error']"}
RESULT: {"using":"xpath","value":"//span[text()='Error']"}
COMMAND: POST /session/8b5e6cfdfc03247abf4ed7f1414f820f/element - {"using":"xpath","value":"//button[@data-kt=\"addNewRUOverflowToolbarButton\"]"}
RESULT: {"using":"xpath","value":"//button[@data-kt=\"addNewRUOverflowToolbarButton\"]"}
COMMAND: POST /session/8b5e6cfdfc03247abf4ed7f1414f820f/elements - {"using":"xpath","value":"//button[@data-kt=\"addNewRUOverflowToolbarButton\"]"}
RESULT: {"using":"xpath","value":"//button[@data-kt=\"addNewRUOverflowToolbarButton\"]"}
COMMAND: POST /session/8b5e6cfdfc03247abf4ed7f1414f820f/execute/sync - {"script":"<script> [8489 bytes]","args":[{"element-6066-11e4-a52e-4f735466cecf":"f.38C819845B9EC31E5A88AE0F72095084.d.BCF9779E3FFCF401B7BF920761F9BC57.e.8964","ELEMENT":"f.38C819845B9EC31E5A88AE0F72095084.d.BCF9779E3FFCF401B7BF920761F9BC57.e.8964"}]}
RESULT: {"script":"<script> [8489 bytes]","args":[{"element-6066-11e4-a52e-4f735466cecf":"f.38C819845B9EC31E5A88AE0F72095084.d.BCF9779E3FFCF401B7BF920761F9BC57.e.8964","ELEMENT":"f.38C819845B9EC31E5A88AE0F72095084.d.BCF9779E3FFCF401B7BF920761F9BC57.e.8964"}]}
COMMAND: GET /session/8b5e6cfdfc03247abf4ed7f1414f820f/element/f.38C819845B9EC31E5A88AE0F72095084.d.BCF9779E3FFCF401B7BF920761F9BC57.e.8964/enabled - {}
COMMAND: GET /session/8b5e6cfdfc03247abf4ed7f1414f820f/screenshot - {}
RESULT: {}
COMMAND: POST /session/8b5e6cfdfc03247abf4ed7f1414f820f/execute/sync - {"script":"<script> [8489 bytes]","args":[{"element-6066-11e4-a52e-4f735466cecf":"f.38C819845B9EC31E5A88AE0F72095084.d.BCF9779E3FFCF401B7BF920761F9BC57.e.8964","ELEMENT":"f.38C819845B9EC31E5A88AE0F72095084.d.BCF9779E3FFCF401B7BF920761F9BC57.e.8964"}]}
COMMAND: GET /session/8b5e6cfdfc03247abf4ed7f1414f820f/screenshot - {}
RESULT: {}
RESULT: {"script":"<script> [8489 bytes]","args":[{"element-6066-11e4-a52e-4f735466cecf":"f.38C819845B9EC31E5A88AE0F72095084.d.BCF9779E3FFCF401B7BF920761F9BC57.e.8964","ELEMENT":"f.38C819845B9EC31E5A88AE0F72095084.d.BCF9779E3FFCF401B7BF920761F9BC57.e.8964"}]}
COMMAND: POST /session/8b5e6cfdfc03247abf4ed7f1414f820f/execute/sync - {"script":"<script> [5351 bytes]","args":[{"element-6066-11e4-a52e-4f735466cecf":"f.38C819845B9EC31E5A88AE0F72095084.d.BCF9779E3FFCF401B7BF920761F9BC57.e.8964","ELEMENT":"f.38C819845B9EC31E5A88AE0F72095084.d.BCF9779E3FFCF401B7BF920761F9BC57.e.8964"}]}
COMMAND: GET /session/8b5e6cfdfc03247abf4ed7f1414f820f/screenshot - {}
RESULT: {}
RESULT: {"script":"<script> [5351 bytes]","args":[{"element-6066-11e4-a52e-4f735466cecf":"f.38C819845B9EC31E5A88AE0F72095084.d.BCF9779E3FFCF401B7BF920761F9BC57.e.8964","ELEMENT":"f.38C819845B9EC31E5A88AE0F72095084.d.BCF9779E3FFCF401B7BF920761F9BC57.e.8964"}]}
COMMAND: POST /session/8b5e6cfdfc03247abf4ed7f1414f820f/element/f.38C819845B9EC31E5A88AE0F72095084.d.BCF9779E3FFCF401B7BF920761F9BC57.e.8964/click - {}
COMMAND: GET /session/8b5e6cfdfc03247abf4ed7f1414f820f/screenshot - {}
RESULT: {}
RESULT: {}
COMMAND: GET /session/8b5e6cfdfc03247abf4ed7f1414f820f/screenshot - {}
RESULT: {}
RESULT: {}
COMMAND: POST /session/8b5e6cfdfc03247abf4ed7f1414f820f/execute/async - {"script":"<script> [1562 bytes]","args":[{"selector":{"id":"application-manageresources-display-component---newResourceUnit--TYPE-arrow"},"wdio_ui5_key":"applicationmanageresources-display-component---newResourceUnit--TYPE-arrow"}]}
RESULT: {"script":"<script> [1562 bytes]","args":[{"selector":{"id":"application-manageresources-display-component---newResourceUnit--TYPE-arrow"},"wdio_ui5_key":"applicationmanageresources-display-component---newResourceUnit--TYPE-arrow"}]}
RESULT: undefined
COMMAND: POST /session/8b5e6cfdfc03247abf4ed7f1414f820f/element - {"using":"xpath","value":"//*[@id=\"application-manageresources-display-component---newResourceUnit--TYPE-arrow\"]"}
RESULT: {"using":"xpath","value":"//*[@id=\"application-manageresources-display-component---newResourceUnit--TYPE-arrow\"]"}
COMMAND: POST /session/8b5e6cfdfc03247abf4ed7f1414f820f/element/f.38C819845B9EC31E5A88AE0F72095084.d.BCF9779E3FFCF401B7BF920761F9BC57.e.9324/click - {}
RESULT: {}
COMMAND: POST /session/8b5e6cfdfc03247abf4ed7f1414f820f/element - {"using":"xpath","value":"//input[@id=\"application-manageresources-display-component---newResourceUnit--TYPE-inner\"]"}
COMMAND: GET /session/8b5e6cfdfc03247abf4ed7f1414f820f/screenshot - {}
RESULT: {"using":"xpath","value":"//input[@id=\"application-manageresources-display-component---newResourceUnit--TYPE-inner\"]"}
COMMAND: POST /session/8b5e6cfdfc03247abf4ed7f1414f820f/element/f.38C819845B9EC31E5A88AE0F72095084.d.BCF9779E3FFCF401B7BF920761F9BC57.e.9308/clear - {}
RESULT: {}
RESULT: {}
COMMAND: POST /session/8b5e6cfdfc03247abf4ed7f1414f820f/element/f.38C819845B9EC31E5A88AE0F72095084.d.BCF9779E3FFCF401B7BF920761F9BC57.e.9308/value - {"text":"Equipment"}
COMMAND: GET /session/8b5e6cfdfc03247abf4ed7f1414f820f/screenshot - {}
RESULT: {"text":"Equipment"}
COMMAND: GET /session/8b5e6cfdfc03247abf4ed7f1414f820f/screenshot - {}
RESULT: {}
RESULT: {}
COMMAND: POST /session/8b5e6cfdfc03247abf4ed7f1414f820f/actions - {"actions":[{"id":"action26","type":"key","parameters":{},"actions":[{"type":"keyDown","value":"î€‡"},{"type":"pause","duration":10},{"type":"keyUp","value":"î€‡"}]}]}
RESULT: {"actions":[{"id":"action26","type":"key","parameters":{},"actions":[{"type":"keyDown","value":"î€‡"},{"type":"pause","duration":10},{"type":"keyUp","value":"î€‡"}]}]}
COMMAND: POST /session/8b5e6cfdfc03247abf4ed7f1414f820f/execute/async - {"script":"<script> [1562 bytes]","args":[{"selector":{"id":"application-manageresources-display-component---newResourceUnit--resourceId","interaction":{"idSuffix":"inner"}},"wdio_ui5_key":"applicationmanageresources-display-component---newResourceUnit--resourceId"}]}
COMMAND: GET /session/8b5e6cfdfc03247abf4ed7f1414f820f/screenshot - {}
RESULT: {"script":"<script> [1562 bytes]","args":[{"selector":{"id":"application-manageresources-display-component---newResourceUnit--resourceId","interaction":{"idSuffix":"inner"}},"wdio_ui5_key":"applicationmanageresources-display-component---newResourceUnit--resourceId"}]}
RESULT: undefined
COMMAND: POST /session/8b5e6cfdfc03247abf4ed7f1414f820f/execute/async - {"script":"<script> [776 bytes]","args":[{"enterText":"n0RMQtLUdJ","selector":{"id":"application-manageresources-display-component---newResourceUnit--resourceId","interaction":{"idSuffix":"inner"}},"clearTextFirst":true,"interactionType":"ENTER_TEXT"}]}
RESULT: {}
RESULT: {"script":"<script> [776 bytes]","args":[{"enterText":"n0RMQtLUdJ","selector":{"id":"application-manageresources-display-component---newResourceUnit--resourceId","interaction":{"idSuffix":"inner"}},"clearTextFirst":true,"interactionType":"ENTER_TEXT"}]}
COMMAND: POST /session/8b5e6cfdfc03247abf4ed7f1414f820f/execute/async - {"script":"<script> [1562 bytes]","args":[{"selector":{"id":"application-manageresources-display-component---newResourceUnit--SHORT_TEXT","interaction":{"idSuffix":"inner"}},"wdio_ui5_key":"applicationmanageresources-display-component---newResourceUnit--SHORT_TEXT"}]}
RESULT: {"script":"<script> [1562 bytes]","args":[{"selector":{"id":"application-manageresources-display-component---newResourceUnit--SHORT_TEXT","interaction":{"idSuffix":"inner"}},"wdio_ui5_key":"applicationmanageresources-display-component---newResourceUnit--SHORT_TEXT"}]}
RESULT: undefined
COMMAND: POST /session/8b5e6cfdfc03247abf4ed7f1414f820f/execute/async - {"script":"<script> [776 bytes]","args":[{"enterText":"Intercompany Equipment WDIO","selector":{"id":"application-manageresources-display-component---newResourceUnit--SHORT_TEXT","interaction":{"idSuffix":"inner"}},"clearTextFirst":true,"interactionType":"ENTER_TEXT"}]}
RESULT: {"script":"<script> [776 bytes]","args":[{"enterText":"Intercompany Equipment WDIO","selector":{"id":"application-manageresources-display-component---newResourceUnit--SHORT_TEXT","interaction":{"idSuffix":"inner"}},"clearTextFirst":true,"interactionType":"ENTER_TEXT"}]}
COMMAND: POST /session/8b5e6cfdfc03247abf4ed7f1414f820f/execute/async - {"script":"<script> [1562 bytes]","args":[{"selector":{"id":"application-manageresources-display-component---newResourceUnit--BASE_UNIT_OF_MEASURE","interaction":{"idSuffix":"inner"}},"wdio_ui5_key":"applicationmanageresources-display-component---newResourceUnit--BASE_UNIT_OF_MEASURE"}]}
RESULT: {"script":"<script> [1562 bytes]","args":[{"selector":{"id":"application-manageresources-display-component---newResourceUnit--BASE_UNIT_OF_MEASURE","interaction":{"idSuffix":"inner"}},"wdio_ui5_key":"applicationmanageresources-display-component---newResourceUnit--BASE_UNIT_OF_MEASURE"}]}
RESULT: undefined
COMMAND: POST /session/8b5e6cfdfc03247abf4ed7f1414f820f/execute/async - {"script":"<script> [776 bytes]","args":[{"enterText":"Piece","selector":{"id":"application-manageresources-display-component---newResourceUnit--BASE_UNIT_OF_MEASURE","interaction":{"idSuffix":"inner"}},"clearTextFirst":true,"interactionType":"ENTER_TEXT"}]}
RESULT: {"script":"<script> [776 bytes]","args":[{"enterText":"Piece","selector":{"id":"application-manageresources-display-component---newResourceUnit--BASE_UNIT_OF_MEASURE","interaction":{"idSuffix":"inner"}},"clearTextFirst":true,"interactionType":"ENTER_TEXT"}]}
COMMAND: POST /session/8b5e6cfdfc03247abf4ed7f1414f820f/execute/async - {"script":"<script> [1562 bytes]","args":[{"selector":{"id":"application-manageresources-display-component---newResourceUnit--WEIGHT_UNIT","interaction":{"idSuffix":"inner"}},"wdio_ui5_key":"applicationmanageresources-display-component---newResourceUnit--WEIGHT_UNIT"}]}
RESULT: {"script":"<script> [1562 bytes]","args":[{"selector":{"id":"application-manageresources-display-component---newResourceUnit--WEIGHT_UNIT","interaction":{"idSuffix":"inner"}},"wdio_ui5_key":"applicationmanageresources-display-component---newResourceUnit--WEIGHT_UNIT"}]}
RESULT: undefined
COMMAND: POST /session/8b5e6cfdfc03247abf4ed7f1414f820f/execute/async - {"script":"<script> [776 bytes]","args":[{"enterText":"Gram","selector":{"id":"application-manageresources-display-component---newResourceUnit--WEIGHT_UNIT","interaction":{"idSuffix":"inner"}},"clearTextFirst":true,"interactionType":"ENTER_TEXT"}]}
RESULT: {"script":"<script> [776 bytes]","args":[{"enterText":"Gram","selector":{"id":"application-manageresources-display-component---newResourceUnit--WEIGHT_UNIT","interaction":{"idSuffix":"inner"}},"clearTextFirst":true,"interactionType":"ENTER_TEXT"}]}
COMMAND: POST /session/8b5e6cfdfc03247abf4ed7f1414f820f/execute/async - {"script":"<script> [1562 bytes]","args":[{"selector":{"id":"application-manageresources-display-component---newResourceUnit--DIMENSION_UNIT","interaction":{"idSuffix":"inner"}},"wdio_ui5_key":"applicationmanageresources-display-component---newResourceUnit--DIMENSION_UNIT"}]}
RESULT: {"script":"<script> [1562 bytes]","args":[{"selector":{"id":"application-manageresources-display-component---newResourceUnit--DIMENSION_UNIT","interaction":{"idSuffix":"inner"}},"wdio_ui5_key":"applicationmanageresources-display-component---newResourceUnit--DIMENSION_UNIT"}]}
RESULT: undefined
COMMAND: POST /session/8b5e6cfdfc03247abf4ed7f1414f820f/execute/async - {"script":"<script> [776 bytes]","args":[{"enterText":"Meter","selector":{"id":"application-manageresources-display-component---newResourceUnit--DIMENSION_UNIT","interaction":{"idSuffix":"inner"}},"clearTextFirst":true,"interactionType":"ENTER_TEXT"}]}
RESULT: {"script":"<script> [776 bytes]","args":[{"enterText":"Meter","selector":{"id":"application-manageresources-display-component---newResourceUnit--DIMENSION_UNIT","interaction":{"idSuffix":"inner"}},"clearTextFirst":true,"interactionType":"ENTER_TEXT"}]}
COMMAND: POST /session/8b5e6cfdfc03247abf4ed7f1414f820f/execute/async - {"script":"<script> [1562 bytes]","args":[{"selector":{"id":"application-manageresources-display-component---newResourceUnit--newRRUPage-anchBar-application-manageresources-display-component---newResourceUnit--control-anchor","interaction":{"idSuffix":"BDI-content"}},"wdio_ui5_key":"applicationmanageresources-display-component---newResourceUnit--newRRUPage-anchBar-application-manageresources-display-component---newResourceUnit--control-anchor"}]}
RESULT: {"script":"<script> [1562 bytes]","args":[{"selector":{"id":"application-manageresources-display-component---newResourceUnit--newRRUPage-anchBar-application-manageresources-display-component---newResourceUnit--control-anchor","interaction":{"idSuffix":"BDI-content"}},"wdio_ui5_key":"applicationmanageresources-display-component---newResourceUnit--newRRUPage-anchBar-application-manageresources-display-component---newResourceUnit--control-anchor"}]}
RESULT: undefined
COMMAND: POST /session/8b5e6cfdfc03247abf4ed7f1414f820f/element - {"using":"xpath","value":"//*[@id=\"application-manageresources-display-component---newResourceUnit--newRRUPage-anchBar-application-manageresources-display-component---newResourceUnit--control-anchor\"]"}
RESULT: {"using":"xpath","value":"//*[@id=\"application-manageresources-display-component---newResourceUnit--newRRUPage-anchBar-application-manageresources-display-component---newResourceUnit--control-anchor\"]"}
COMMAND: POST /session/8b5e6cfdfc03247abf4ed7f1414f820f/element/f.38C819845B9EC31E5A88AE0F72095084.d.BCF9779E3FFCF401B7BF920761F9BC57.e.9482/click - {}
RESULT: {}
COMMAND: POST /session/8b5e6cfdfc03247abf4ed7f1414f820f/execute/async - {"script":"<script> [1562 bytes]","args":[{"selector":{"id":"application-manageresources-display-component---newResourceUnit--PLANNING_GROUP","interaction":{"idSuffix":"inner"}},"wdio_ui5_key":"applicationmanageresources-display-component---newResourceUnit--PLANNING_GROUP"}]}
COMMAND: GET /session/8b5e6cfdfc03247abf4ed7f1414f820f/screenshot - {}
RESULT: {"script":"<script> [1562 bytes]","args":[{"selector":{"id":"application-manageresources-display-component---newResourceUnit--PLANNING_GROUP","interaction":{"idSuffix":"inner"}},"wdio_ui5_key":"applicationmanageresources-display-component---newResourceUnit--PLANNING_GROUP"}]}
RESULT: undefined
COMMAND: POST /session/8b5e6cfdfc03247abf4ed7f1414f820f/execute/async - {"script":"<script> [776 bytes]","args":[{"enterText":"Heavy Equi","selector":{"id":"application-manageresources-display-component---newResourceUnit--PLANNING_GROUP","interaction":{"idSuffix":"inner"}},"clearTextFirst":true,"interactionType":"ENTER_TEXT"}]}
RESULT: {}
RESULT: {"script":"<script> [776 bytes]","args":[{"enterText":"Heavy Equi","selector":{"id":"application-manageresources-display-component---newResourceUnit--PLANNING_GROUP","interaction":{"idSuffix":"inner"}},"clearTextFirst":true,"interactionType":"ENTER_TEXT"}]}
COMMAND: POST /session/8b5e6cfdfc03247abf4ed7f1414f820f/execute/async - {"script":"<script> [1562 bytes]","args":[{"selector":{"id":"application-manageresources-display-component---newResourceUnit--ITEM_TYPE-arrow"},"wdio_ui5_key":"applicationmanageresources-display-component---newResourceUnit--ITEM_TYPE-arrow"}]}
RESULT: {"script":"<script> [1562 bytes]","args":[{"selector":{"id":"application-manageresources-display-component---newResourceUnit--ITEM_TYPE-arrow"},"wdio_ui5_key":"applicationmanageresources-display-component---newResourceUnit--ITEM_TYPE-arrow"}]}
RESULT: undefined
COMMAND: POST /session/8b5e6cfdfc03247abf4ed7f1414f820f/element - {"using":"xpath","value":"//*[@id=\"application-manageresources-display-component---newResourceUnit--ITEM_TYPE-arrow\"]"}
RESULT: {"using":"xpath","value":"//*[@id=\"application-manageresources-display-component---newResourceUnit--ITEM_TYPE-arrow\"]"}
COMMAND: POST /session/8b5e6cfdfc03247abf4ed7f1414f820f/element/f.38C819845B9EC31E5A88AE0F72095084.d.BCF9779E3FFCF401B7BF920761F9BC57.e.9491/click - {}
RESULT: {}
COMMAND: POST /session/8b5e6cfdfc03247abf4ed7f1414f820f/element - {"using":"xpath","value":"//ul[contains(@id,\"ITEM_TYPE-popup-list-listUl\")]//li[.//span[contains(text(),\"Resource Unit\")]]"}
COMMAND: GET /session/8b5e6cfdfc03247abf4ed7f1414f820f/screenshot - {}
RESULT: {"using":"xpath","value":"//ul[contains(@id,\"ITEM_TYPE-popup-list-listUl\")]//li[.//span[contains(text(),\"Resource Unit\")]]"}
COMMAND: POST /session/8b5e6cfdfc03247abf4ed7f1414f820f/element/f.38C819845B9EC31E5A88AE0F72095084.d.BCF9779E3FFCF401B7BF920761F9BC57.e.9492/click - {}
RESULT: {}
RESULT: {}
COMMAND: GET /session/8b5e6cfdfc03247abf4ed7f1414f820f/screenshot - {}
RESULT: {}
COMMAND: POST /session/8b5e6cfdfc03247abf4ed7f1414f820f/element - {"using":"css selector","value":"#application-manageresources-display-component---newResourceUnit--btnAddTimeSegment"}
RESULT: {"using":"css selector","value":"#application-manageresources-display-component---newResourceUnit--btnAddTimeSegment"}
COMMAND: GET /session/8b5e6cfdfc03247abf4ed7f1414f820f/element/f.38C819845B9EC31E5A88AE0F72095084.d.BCF9779E3FFCF401B7BF920761F9BC57.e.9499/rect - {}
RESULT: {}
COMMAND: GET /session/8b5e6cfdfc03247abf4ed7f1414f820f/window/rect - {}
RESULT: {}
COMMAND: POST /session/8b5e6cfdfc03247abf4ed7f1414f820f/execute/sync - {"script":"<script> [92 bytes]","args":[]}
RESULT: {"script":"<script> [92 bytes]","args":[]}
COMMAND: POST /session/8b5e6cfdfc03247abf4ed7f1414f820f/actions - {"actions":[{"id":"action27","type":"wheel","parameters":{},"actions":[{"type":"scroll","x":-1888,"y":-32,"deltaX":0,"deltaY":0,"duration":0,"origin":{"element-6066-11e4-a52e-4f735466cecf":"f.38C819845B9EC31E5A88AE0F72095084.d.BCF9779E3FFCF401B7BF920761F9BC57.e.9499"}}]}]}
COMMAND: GET /session/8b5e6cfdfc03247abf4ed7f1414f820f/screenshot - {}
RESULT: {}
COMMAND: POST /session/8b5e6cfdfc03247abf4ed7f1414f820f/execute/sync - {"script":"<script> [79 bytes]","args":[{"element-6066-11e4-a52e-4f735466cecf":"f.38C819845B9EC31E5A88AE0F72095084.d.BCF9779E3FFCF401B7BF920761F9BC57.e.9499","ELEMENT":"f.38C819845B9EC31E5A88AE0F72095084.d.BCF9779E3FFCF401B7BF920761F9BC57.e.9499"},{"block":"start","inline":"nearest"}]}
RESULT: {"script":"<script> [79 bytes]","args":[{"element-6066-11e4-a52e-4f735466cecf":"f.38C819845B9EC31E5A88AE0F72095084.d.BCF9779E3FFCF401B7BF920761F9BC57.e.9499","ELEMENT":"f.38C819845B9EC31E5A88AE0F72095084.d.BCF9779E3FFCF401B7BF920761F9BC57.e.9499"},{"block":"start","inline":"nearest"}]}
COMMAND: POST /session/8b5e6cfdfc03247abf4ed7f1414f820f/execute/async - {"script":"<script> [1562 bytes]","args":[{"selector":{"id":"application-manageresources-display-component---newResourceUnit--btnAddTimeSegment","interaction":{"idSuffix":"inner"}},"wdio_ui5_key":"applicationmanageresources-display-component---newResourceUnit--btnAddTimeSegment"}]}
COMMAND: GET /session/8b5e6cfdfc03247abf4ed7f1414f820f/screenshot - {}
RESULT: {"script":"<script> [1562 bytes]","args":[{"selector":{"id":"application-manageresources-display-component---newResourceUnit--btnAddTimeSegment","interaction":{"idSuffix":"inner"}},"wdio_ui5_key":"applicationmanageresources-display-component---newResourceUnit--btnAddTimeSegment"}]}
RESULT: undefined
COMMAND: POST /session/8b5e6cfdfc03247abf4ed7f1414f820f/element - {"using":"xpath","value":"//*[@id=\"application-manageresources-display-component---newResourceUnit--btnAddTimeSegment\"]"}
RESULT: {}
RESULT: {"using":"xpath","value":"//*[@id=\"application-manageresources-display-component---newResourceUnit--btnAddTimeSegment\"]"}
COMMAND: POST /session/8b5e6cfdfc03247abf4ed7f1414f820f/element/f.38C819845B9EC31E5A88AE0F72095084.d.BCF9779E3FFCF401B7BF920761F9BC57.e.9499/click - {}
RESULT: {}
COMMAND: GET /session/8b5e6cfdfc03247abf4ed7f1414f820f/screenshot - {}
RESULT: {}
COMMAND: POST /session/8b5e6cfdfc03247abf4ed7f1414f820f/element - {"using":"xpath","value":"//input[@id=\"application-manageresources-display-component---newResourceUnit--idRuTSAdmin-application-manageresources-display-component---newResourceUnit--RUTimeSegment-0-inner\"]"}
RESULT: {"using":"xpath","value":"//input[@id=\"application-manageresources-display-component---newResourceUnit--idRuTSAdmin-application-manageresources-display-component---newResourceUnit--RUTimeSegment-0-inner\"]"}
COMMAND: POST /session/8b5e6cfdfc03247abf4ed7f1414f820f/element/f.38C819845B9EC31E5A88AE0F72095084.d.BCF9779E3FFCF401B7BF920761F9BC57.e.9505/clear - {}
RESULT: {}
COMMAND: POST /session/8b5e6cfdfc03247abf4ed7f1414f820f/element/f.38C819845B9EC31E5A88AE0F72095084.d.BCF9779E3FFCF401B7BF920761F9BC57.e.9505/value - {"text":"632"}
COMMAND: GET /session/8b5e6cfdfc03247abf4ed7f1414f820f/screenshot - {}
RESULT: {"text":"632"}
COMMAND: GET /session/8b5e6cfdfc03247abf4ed7f1414f820f/screenshot - {}
RESULT: {}
RESULT: {}
COMMAND: POST /session/8b5e6cfdfc03247abf4ed7f1414f820f/element - {"using":"xpath","value":"//li[.//span[text()='632']]"}
RESULT: {"using":"xpath","value":"//li[.//span[text()='632']]"}
COMMAND: POST /session/8b5e6cfdfc03247abf4ed7f1414f820f/element/f.38C819845B9EC31E5A88AE0F72095084.d.BCF9779E3FFCF401B7BF920761F9BC57.e.9517/click - {}
RESULT: {}
COMMAND: GET /session/8b5e6cfdfc03247abf4ed7f1414f820f/screenshot - {}
RESULT: {}
COMMAND: POST /session/8b5e6cfdfc03247abf4ed7f1414f820f/element - {"using":"xpath","value":"(//span[contains(@id, \"-application-manageresources-display-component---newResourceUnit--RUTimeSegment-0-arrow\")])[6]"}
RESULT: {"using":"xpath","value":"(//span[contains(@id, \"-application-manageresources-display-component---newResourceUnit--RUTimeSegment-0-arrow\")])[6]"}
COMMAND: POST /session/8b5e6cfdfc03247abf4ed7f1414f820f/element/f.38C819845B9EC31E5A88AE0F72095084.d.BCF9779E3FFCF401B7BF920761F9BC57.e.9518/click - {}
RESULT: {}
COMMAND: GET /session/8b5e6cfdfc03247abf4ed7f1414f820f/screenshot - {}
RESULT: {}
COMMAND: POST /session/8b5e6cfdfc03247abf4ed7f1414f820f/element - {"using":"xpath","value":"//span[contains(text(), \"PM Order\")]"}
RESULT: {"using":"xpath","value":"//span[contains(text(), \"PM Order\")]"}
COMMAND: POST /session/8b5e6cfdfc03247abf4ed7f1414f820f/element/f.38C819845B9EC31E5A88AE0F72095084.d.BCF9779E3FFCF401B7BF920761F9BC57.e.9521/click - {}
RESULT: {}
COMMAND: GET /session/8b5e6cfdfc03247abf4ed7f1414f820f/screenshot - {}
RESULT: {}
COMMAND: POST /session/8b5e6cfdfc03247abf4ed7f1414f820f/element - {"using":"xpath","value":"(//span[contains(@id ,\"manageresources-display-component---newResourceUnit--RUTimeSegment-0-vhi\")])[1]"}
RESULT: {"using":"xpath","value":"(//span[contains(@id ,\"manageresources-display-component---newResourceUnit--RUTimeSegment-0-vhi\")])[1]"}
COMMAND: GET /session/8b5e6cfdfc03247abf4ed7f1414f820f/element/f.38C819845B9EC31E5A88AE0F72095084.d.BCF9779E3FFCF401B7BF920761F9BC57.e.9525/rect - {}
RESULT: {}
COMMAND: GET /session/8b5e6cfdfc03247abf4ed7f1414f820f/window/rect - {}
RESULT: {}
COMMAND: POST /session/8b5e6cfdfc03247abf4ed7f1414f820f/execute/sync - {"script":"<script> [92 bytes]","args":[]}
RESULT: {"script":"<script> [92 bytes]","args":[]}
COMMAND: POST /session/8b5e6cfdfc03247abf4ed7f1414f820f/actions - {"actions":[{"id":"action28","type":"wheel","parameters":{},"actions":[{"type":"scroll","x":-869,"y":-24,"deltaX":0,"deltaY":0,"duration":0,"origin":{"element-6066-11e4-a52e-4f735466cecf":"f.38C819845B9EC31E5A88AE0F72095084.d.BCF9779E3FFCF401B7BF920761F9BC57.e.9525"}}]}]}
COMMAND: GET /session/8b5e6cfdfc03247abf4ed7f1414f820f/screenshot - {}
RESULT: {"actions":[{"id":"action28","type":"wheel","parameters":{},"actions":[{"type":"scroll","x":-869,"y":-24,"deltaX":0,"deltaY":0,"duration":0,"origin":{"element-6066-11e4-a52e-4f735466cecf":"f.38C819845B9EC31E5A88AE0F72095084.d.BCF9779E3FFCF401B7BF920761F9BC57.e.9525"}}]}]}
COMMAND: DELETE /session/8b5e6cfdfc03247abf4ed7f1414f820f/actions - {}
COMMAND: GET /session/8b5e6cfdfc03247abf4ed7f1414f820f/screenshot - {}
RESULT: {}
RESULT: {}
COMMAND: GET /session/8b5e6cfdfc03247abf4ed7f1414f820f/screenshot - {}
RESULT: {}
RESULT: {}
COMMAND: POST /session/8b5e6cfdfc03247abf4ed7f1414f820f/element/f.38C819845B9EC31E5A88AE0F72095084.d.BCF9779E3FFCF401B7BF920761F9BC57.e.9525/click - {}
RESULT: {}
COMMAND: GET /session/8b5e6cfdfc03247abf4ed7f1414f820f/screenshot - {}
RESULT: {}
RESULT: undefined
COMMAND: POST /session/8b5e6cfdfc03247abf4ed7f1414f820f/execute/async - {"script":"<script> [776 bytes]","args":[{"enterText":"4000360","selector":{"controlType":"sap.m.SearchField","properties":{"placeholder":"Search"},"searchOpenDialogs":true,"interaction":{"idSuffix":"I"}},"clearTextFirst":true,"interactionType":"ENTER_TEXT"}]}
RESULT: {"script":"<script> [776 bytes]","args":[{"enterText":"4000360","selector":{"controlType":"sap.m.SearchField","properties":{"placeholder":"Search"},"searchOpenDialogs":true,"interaction":{"idSuffix":"I"}},"clearTextFirst":true,"interactionType":"ENTER_TEXT"}]}
COMMAND: POST /session/8b5e6cfdfc03247abf4ed7f1414f820f/actions - {"actions":[{"id":"action29","type":"key","parameters":{},"actions":[{"type":"keyDown","value":"î€‡"},{"type":"pause","duration":10},{"type":"keyUp","value":"î€‡"}]}]}
RESULT: {"actions":[{"id":"action29","type":"key","parameters":{},"actions":[{"type":"keyDown","value":"î€‡"},{"type":"pause","duration":10},{"type":"keyUp","value":"î€‡"}]}]}
COMMAND: GET /session/8b5e6cfdfc03247abf4ed7f1414f820f/screenshot - {}
RESULT: {}
COMMAND: POST /session/8b5e6cfdfc03247abf4ed7f1414f820f/element - {"using":"xpath","value":"//td/div/span[contains(text(), \"BGL Vehicles\")]"}
RESULT: {"using":"xpath","value":"//td/div/span[contains(text(), \"BGL Vehicles\")]"}
COMMAND: POST /session/8b5e6cfdfc03247abf4ed7f1414f820f/element/f.38C819845B9EC31E5A88AE0F72095084.d.BCF9779E3FFCF401B7BF920761F9BC57.e.9546/click - {}
RESULT: {}
COMMAND: GET /session/8b5e6cfdfc03247abf4ed7f1414f820f/screenshot - {}
RESULT: {}
COMMAND: POST /session/8b5e6cfdfc03247abf4ed7f1414f820f/element - {"using":"xpath","value":"//bdi[contains(text(), \"OK\")]"}
RESULT: {"using":"xpath","value":"//bdi[contains(text(), \"OK\")]"}
COMMAND: POST /session/8b5e6cfdfc03247abf4ed7f1414f820f/element/f.38C819845B9EC31E5A88AE0F72095084.d.BCF9779E3FFCF401B7BF920761F9BC57.e.9547/click - {}
RESULT: {}
COMMAND: GET /session/8b5e6cfdfc03247abf4ed7f1414f820f/screenshot - {}
RESULT: {}
COMMAND: POST /session/8b5e6cfdfc03247abf4ed7f1414f820f/execute/async - {"script":"<script> [1562 bytes]","args":[{"selector":{"id":"application-manageresources-display-component---newResourceUnit--newRRUPage-anchBar-application-manageresources-display-component---newResourceUnit--resource-anchor","interaction":{"idSuffix":"BDI-content"}},"wdio_ui5_key":"applicationmanageresources-display-component---newResourceUnit--newRRUPage-anchBar-application-manageresources-display-component---newResourceUnit--resource-anchor"}]}
RESULT: {"script":"<script> [1562 bytes]","args":[{"selector":{"id":"application-manageresources-display-component---newResourceUnit--newRRUPage-anchBar-application-manageresources-display-component---newResourceUnit--resource-anchor","interaction":{"idSuffix":"BDI-content"}},"wdio_ui5_key":"applicationmanageresources-display-component---newResourceUnit--newRRUPage-anchBar-application-manageresources-display-component---newResourceUnit--resource-anchor"}]}
RESULT: undefined
COMMAND: POST /session/8b5e6cfdfc03247abf4ed7f1414f820f/element - {"using":"xpath","value":"//*[@id=\"application-manageresources-display-component---newResourceUnit--newRRUPage-anchBar-application-manageresources-display-component---newResourceUnit--resource-anchor\"]"}
RESULT: {"using":"xpath","value":"//*[@id=\"application-manageresources-display-component---newResourceUnit--newRRUPage-anchBar-application-manageresources-display-component---newResourceUnit--resource-anchor\"]"}
COMMAND: POST /session/8b5e6cfdfc03247abf4ed7f1414f820f/element/f.38C819845B9EC31E5A88AE0F72095084.d.BCF9779E3FFCF401B7BF920761F9BC57.e.9551/click - {}
RESULT: {}
COMMAND: POST /session/8b5e6cfdfc03247abf4ed7f1414f820f/execute/async - {"script":"<script> [1562 bytes]","args":[{"selector":{"id":"application-manageresources-display-component---newResourceUnit--PLANNED_DELIVERY_DATE","interaction":{"idSuffix":"inner"}},"wdio_ui5_key":"applicationmanageresources-display-component---newResourceUnit--PLANNED_DELIVERY_DATE"}]}
COMMAND: GET /session/8b5e6cfdfc03247abf4ed7f1414f820f/screenshot - {}
RESULT: {"script":"<script> [1562 bytes]","args":[{"selector":{"id":"application-manageresources-display-component---newResourceUnit--PLANNED_DELIVERY_DATE","interaction":{"idSuffix":"inner"}},"wdio_ui5_key":"applicationmanageresources-display-component---newResourceUnit--PLANNED_DELIVERY_DATE"}]}
RESULT: undefined
COMMAND: POST /session/8b5e6cfdfc03247abf4ed7f1414f820f/execute/async - {"script":"<script> [6424 bytes]","args":[{"element-6066-11e4-a52e-4f735466cecf":"f.38C819845B9EC31E5A88AE0F72095084.d.BCF9779E3FFCF401B7BF920761F9BC57.e.9381"},"setValue",["6/4/25"]]}
RESULT: {}
RESULT: {"script":"<script> [6424 bytes]","args":[{"element-6066-11e4-a52e-4f735466cecf":"f.38C819845B9EC31E5A88AE0F72095084.d.BCF9779E3FFCF401B7BF920761F9BC57.e.9381"},"setValue",["6/4/25"]]}
COMMAND: POST /session/8b5e6cfdfc03247abf4ed7f1414f820f/element - {"using":"xpath","value":"//label[contains(@class, 'sapMLabelRequired') and .//bdi[contains(text(), 'Planned Retirement')]]"}
RESULT: {"using":"xpath","value":"//label[contains(@class, 'sapMLabelRequired') and .//bdi[contains(text(), 'Planned Retirement')]]"}
COMMAND: POST /session/8b5e6cfdfc03247abf4ed7f1414f820f/elements - {"using":"xpath","value":"//label[contains(@class, 'sapMLabelRequired') and .//bdi[contains(text(), 'Planned Retirement')]]"}
RESULT: {"using":"xpath","value":"//label[contains(@class, 'sapMLabelRequired') and .//bdi[contains(text(), 'Planned Retirement')]]"}
COMMAND: POST /session/8b5e6cfdfc03247abf4ed7f1414f820f/element - {"using":"xpath","value":"//button[@data-kt=\"resourceUnitSaveButton\"]"}
RESULT: {"using":"xpath","value":"//button[@data-kt=\"resourceUnitSaveButton\"]"}
COMMAND: POST /session/8b5e6cfdfc03247abf4ed7f1414f820f/element/f.38C819845B9EC31E5A88AE0F72095084.d.BCF9779E3FFCF401B7BF920761F9BC57.e.9341/click - {}
RESULT: {}
COMMAND: GET /session/8b5e6cfdfc03247abf4ed7f1414f820f/screenshot - {}
RESULT: {}
COMMAND: POST /session/8b5e6cfdfc03247abf4ed7f1414f820f/element - {"using":"xpath","value":"//bdi[contains(text(), \"Close\")]"}
RESULT: {"using":"xpath","value":"//bdi[contains(text(), \"Close\")]"}
COMMAND: POST /session/8b5e6cfdfc03247abf4ed7f1414f820f/element/f.38C819845B9EC31E5A88AE0F72095084.d.BCF9779E3FFCF401B7BF920761F9BC57.e.9559/click - {}
RESULT: {}
COMMAND: GET /session/8b5e6cfdfc03247abf4ed7f1414f820f/screenshot - {}
RESULT: {}
COMMAND: POST /session/8b5e6cfdfc03247abf4ed7f1414f820f/element - {"using":"xpath","value":"(//button[contains(@id ,\"actionsToolbar-overflowButton\")])[1]"}
RESULT: {"using":"xpath","value":"(//button[contains(@id ,\"actionsToolbar-overflowButton\")])[1]"}
COMMAND: POST /session/8b5e6cfdfc03247abf4ed7f1414f820f/element/f.38C819845B9EC31E5A88AE0F72095084.d.BCF9779E3FFCF401B7BF920761F9BC57.e.9613/click - {}
RESULT: {}
COMMAND: GET /session/8b5e6cfdfc03247abf4ed7f1414f820f/screenshot - {}
RESULT: {}
COMMAND: POST /session/8b5e6cfdfc03247abf4ed7f1414f820f/element - {"using":"xpath","value":"//button[@data-kt=\"priceInfoButton\"]"}
RESULT: {"using":"xpath","value":"//button[@data-kt=\"priceInfoButton\"]"}
COMMAND: POST /session/8b5e6cfdfc03247abf4ed7f1414f820f/element/f.38C819845B9EC31E5A88AE0F72095084.d.BCF9779E3FFCF401B7BF920761F9BC57.e.9615/click - {}
RESULT: {}
COMMAND: GET /session/8b5e6cfdfc03247abf4ed7f1414f820f/screenshot - {}
RESULT: {}
]]></system-out>
    </testcase>
    <testcase classname="chrome.136_0_7103_93.windows.Billing_Transfer_-_Intracompany_US127249" name="Should create a pricing procedure" time="54.59">
      <system-out><![CDATA[
COMMAND: POST /session/8b5e6cfdfc03247abf4ed7f1414f820f/element - {"using":"xpath","value":"//button[@data-kt=\"addButton\"]"}
RESULT: {"using":"xpath","value":"//button[@data-kt=\"addButton\"]"}
COMMAND: POST /session/8b5e6cfdfc03247abf4ed7f1414f820f/elements - {"using":"xpath","value":"//button[@data-kt=\"addButton\"]"}
RESULT: {"using":"xpath","value":"//button[@data-kt=\"addButton\"]"}
COMMAND: POST /session/8b5e6cfdfc03247abf4ed7f1414f820f/elements - {"using":"xpath","value":"//button[@data-kt=\"addButton\"]"}
RESULT: {"using":"xpath","value":"//button[@data-kt=\"addButton\"]"}
COMMAND: POST /session/8b5e6cfdfc03247abf4ed7f1414f820f/element - {"using":"xpath","value":"//button[@data-kt=\"addButton\"]"}
RESULT: {"using":"xpath","value":"//button[@data-kt=\"addButton\"]"}
COMMAND: POST /session/8b5e6cfdfc03247abf4ed7f1414f820f/execute/sync - {"script":"<script> [8489 bytes]","args":[{"element-6066-11e4-a52e-4f735466cecf":"f.38C819845B9EC31E5A88AE0F72095084.d.BCF9779E3FFCF401B7BF920761F9BC57.e.9651","ELEMENT":"f.38C819845B9EC31E5A88AE0F72095084.d.BCF9779E3FFCF401B7BF920761F9BC57.e.9651"}]}
RESULT: {"script":"<script> [8489 bytes]","args":[{"element-6066-11e4-a52e-4f735466cecf":"f.38C819845B9EC31E5A88AE0F72095084.d.BCF9779E3FFCF401B7BF920761F9BC57.e.9651","ELEMENT":"f.38C819845B9EC31E5A88AE0F72095084.d.BCF9779E3FFCF401B7BF920761F9BC57.e.9651"}]}
COMMAND: GET /session/8b5e6cfdfc03247abf4ed7f1414f820f/element/f.38C819845B9EC31E5A88AE0F72095084.d.BCF9779E3FFCF401B7BF920761F9BC57.e.9651/enabled - {}
COMMAND: GET /session/8b5e6cfdfc03247abf4ed7f1414f820f/screenshot - {}
RESULT: {}
COMMAND: POST /session/8b5e6cfdfc03247abf4ed7f1414f820f/execute/sync - {"script":"<script> [8489 bytes]","args":[{"element-6066-11e4-a52e-4f735466cecf":"f.38C819845B9EC31E5A88AE0F72095084.d.BCF9779E3FFCF401B7BF920761F9BC57.e.9651","ELEMENT":"f.38C819845B9EC31E5A88AE0F72095084.d.BCF9779E3FFCF401B7BF920761F9BC57.e.9651"}]}
COMMAND: GET /session/8b5e6cfdfc03247abf4ed7f1414f820f/screenshot - {}
RESULT: {}
RESULT: {"script":"<script> [8489 bytes]","args":[{"element-6066-11e4-a52e-4f735466cecf":"f.38C819845B9EC31E5A88AE0F72095084.d.BCF9779E3FFCF401B7BF920761F9BC57.e.9651","ELEMENT":"f.38C819845B9EC31E5A88AE0F72095084.d.BCF9779E3FFCF401B7BF920761F9BC57.e.9651"}]}
COMMAND: POST /session/8b5e6cfdfc03247abf4ed7f1414f820f/execute/sync - {"script":"<script> [5351 bytes]","args":[{"element-6066-11e4-a52e-4f735466cecf":"f.38C819845B9EC31E5A88AE0F72095084.d.BCF9779E3FFCF401B7BF920761F9BC57.e.9651","ELEMENT":"f.38C819845B9EC31E5A88AE0F72095084.d.BCF9779E3FFCF401B7BF920761F9BC57.e.9651"}]}
COMMAND: GET /session/8b5e6cfdfc03247abf4ed7f1414f820f/screenshot - {}
RESULT: {}
RESULT: {"script":"<script> [5351 bytes]","args":[{"element-6066-11e4-a52e-4f735466cecf":"f.38C819845B9EC31E5A88AE0F72095084.d.BCF9779E3FFCF401B7BF920761F9BC57.e.9651","ELEMENT":"f.38C819845B9EC31E5A88AE0F72095084.d.BCF9779E3FFCF401B7BF920761F9BC57.e.9651"}]}
COMMAND: POST /session/8b5e6cfdfc03247abf4ed7f1414f820f/element/f.38C819845B9EC31E5A88AE0F72095084.d.BCF9779E3FFCF401B7BF920761F9BC57.e.9651/click - {}
COMMAND: GET /session/8b5e6cfdfc03247abf4ed7f1414f820f/screenshot - {}
RESULT: {}
RESULT: {}
COMMAND: GET /session/8b5e6cfdfc03247abf4ed7f1414f820f/screenshot - {}
RESULT: {}
RESULT: {}
COMMAND: POST /session/8b5e6cfdfc03247abf4ed7f1414f820f/execute/async - {"script":"<script> [1562 bytes]","args":[{"selector":{"controlType":"sap.m.Title","viewName":"etm.portal.ui.managepricingrules.view.NewItem","viewId":"application-managepricingrules-display-component---newInfoPriceItem","properties":{"text":"New Pricing Rules - Item Level"}},"wdio_ui5_key":"etmportal.ui.managepricingrules.view.NewItemsap.m.Title{\"text\":\"New Pricing Rules - Item Level\"}"}]}
RESULT: {"script":"<script> [1562 bytes]","args":[{"selector":{"controlType":"sap.m.Title","viewName":"etm.portal.ui.managepricingrules.view.NewItem","viewId":"application-managepricingrules-display-component---newInfoPriceItem","properties":{"text":"New Pricing Rules - Item Level"}},"wdio_ui5_key":"etmportal.ui.managepricingrules.view.NewItemsap.m.Title{\"text\":\"New Pricing Rules - Item Level\"}"}]}
RESULT: undefined
COMMAND: POST /session/8b5e6cfdfc03247abf4ed7f1414f820f/execute/async - {"script":"<script> [6424 bytes]","args":[{"element-6066-11e4-a52e-4f735466cecf":"f.38C819845B9EC31E5A88AE0F72095084.d.BCF9779E3FFCF401B7BF920761F9BC57.e.9809"},"getText",[]]}
RESULT: {"script":"<script> [6424 bytes]","args":[{"element-6066-11e4-a52e-4f735466cecf":"f.38C819845B9EC31E5A88AE0F72095084.d.BCF9779E3FFCF401B7BF920761F9BC57.e.9809"},"getText",[]]}
COMMAND: POST /session/8b5e6cfdfc03247abf4ed7f1414f820f/execute/async - {"script":"<script> [1562 bytes]","args":[{"selector":{"id":"application-managepricingrules-display-component---newInfoPriceItem--condValidTo","interaction":{"idSuffix":"inner"}},"wdio_ui5_key":"applicationmanagepricingrules-display-component---newInfoPriceItem--condValidTo"}]}
RESULT: {"script":"<script> [1562 bytes]","args":[{"selector":{"id":"application-managepricingrules-display-component---newInfoPriceItem--condValidTo","interaction":{"idSuffix":"inner"}},"wdio_ui5_key":"applicationmanagepricingrules-display-component---newInfoPriceItem--condValidTo"}]}
RESULT: undefined
COMMAND: POST /session/8b5e6cfdfc03247abf4ed7f1414f820f/execute/async - {"script":"<script> [776 bytes]","args":[{"enterText":"2/4/26","selector":{"id":"application-managepricingrules-display-component---newInfoPriceItem--condValidTo","interaction":{"idSuffix":"inner"}},"clearTextFirst":true,"interactionType":"ENTER_TEXT"}]}
RESULT: {"script":"<script> [776 bytes]","args":[{"enterText":"2/4/26","selector":{"id":"application-managepricingrules-display-component---newInfoPriceItem--condValidTo","interaction":{"idSuffix":"inner"}},"clearTextFirst":true,"interactionType":"ENTER_TEXT"}]}
COMMAND: POST /session/8b5e6cfdfc03247abf4ed7f1414f820f/execute/async - {"script":"<script> [1562 bytes]","args":[{"selector":{"id":"application-managepricingrules-display-component---newInfoPriceItem--billType-arrow"},"wdio_ui5_key":"applicationmanagepricingrules-display-component---newInfoPriceItem--billType-arrow"}]}
RESULT: {"script":"<script> [1562 bytes]","args":[{"selector":{"id":"application-managepricingrules-display-component---newInfoPriceItem--billType-arrow"},"wdio_ui5_key":"applicationmanagepricingrules-display-component---newInfoPriceItem--billType-arrow"}]}
RESULT: undefined
COMMAND: POST /session/8b5e6cfdfc03247abf4ed7f1414f820f/element - {"using":"xpath","value":"//*[@id=\"application-managepricingrules-display-component---newInfoPriceItem--billType-arrow\"]"}
RESULT: {"using":"xpath","value":"//*[@id=\"application-managepricingrules-display-component---newInfoPriceItem--billType-arrow\"]"}
COMMAND: POST /session/8b5e6cfdfc03247abf4ed7f1414f820f/element/f.38C819845B9EC31E5A88AE0F72095084.d.BCF9779E3FFCF401B7BF920761F9BC57.e.9811/click - {}
RESULT: {}
COMMAND: POST /session/8b5e6cfdfc03247abf4ed7f1414f820f/element - {"using":"xpath","value":"//span[contains(text(), \"TB - Time based\")]"}
COMMAND: GET /session/8b5e6cfdfc03247abf4ed7f1414f820f/screenshot - {}
RESULT: {"using":"xpath","value":"//span[contains(text(), \"TB - Time based\")]"}
COMMAND: POST /session/8b5e6cfdfc03247abf4ed7f1414f820f/element/f.38C819845B9EC31E5A88AE0F72095084.d.BCF9779E3FFCF401B7BF920761F9BC57.e.9812/click - {}
RESULT: {}
RESULT: {}
COMMAND: POST /session/8b5e6cfdfc03247abf4ed7f1414f820f/execute/async - {"script":"<script> [1562 bytes]","args":[{"selector":{"id":"application-managepricingrules-display-component---newInfoPriceItem--priceProc-arrow"},"wdio_ui5_key":"applicationmanagepricingrules-display-component---newInfoPriceItem--priceProc-arrow"}]}
COMMAND: GET /session/8b5e6cfdfc03247abf4ed7f1414f820f/screenshot - {}
RESULT: {"script":"<script> [1562 bytes]","args":[{"selector":{"id":"application-managepricingrules-display-component---newInfoPriceItem--priceProc-arrow"},"wdio_ui5_key":"applicationmanagepricingrules-display-component---newInfoPriceItem--priceProc-arrow"}]}
RESULT: undefined
COMMAND: POST /session/8b5e6cfdfc03247abf4ed7f1414f820f/element - {"using":"xpath","value":"//*[@id=\"application-managepricingrules-display-component---newInfoPriceItem--priceProc-arrow\"]"}
RESULT: {}
RESULT: {"using":"xpath","value":"//*[@id=\"application-managepricingrules-display-component---newInfoPriceItem--priceProc-arrow\"]"}
COMMAND: POST /session/8b5e6cfdfc03247abf4ed7f1414f820f/element/f.38C819845B9EC31E5A88AE0F72095084.d.BCF9779E3FFCF401B7BF920761F9BC57.e.9777/click - {}
RESULT: {}
COMMAND: POST /session/8b5e6cfdfc03247abf4ed7f1414f820f/element - {"using":"xpath","value":"//span[contains(text(), \"TBS - Time based standard\")]"}
COMMAND: GET /session/8b5e6cfdfc03247abf4ed7f1414f820f/screenshot - {}
RESULT: {"using":"xpath","value":"//span[contains(text(), \"TBS - Time based standard\")]"}
COMMAND: POST /session/8b5e6cfdfc03247abf4ed7f1414f820f/element/f.38C819845B9EC31E5A88AE0F72095084.d.BCF9779E3FFCF401B7BF920761F9BC57.e.9813/click - {}
RESULT: {}
RESULT: {}
COMMAND: POST /session/8b5e6cfdfc03247abf4ed7f1414f820f/execute/async - {"script":"<script> [1562 bytes]","args":[{"selector":{"id":"application-managepricingrules-display-component---newInfoPriceItem--calcBase-arrow"},"wdio_ui5_key":"applicationmanagepricingrules-display-component---newInfoPriceItem--calcBase-arrow"}]}
COMMAND: GET /session/8b5e6cfdfc03247abf4ed7f1414f820f/screenshot - {}
RESULT: {"script":"<script> [1562 bytes]","args":[{"selector":{"id":"application-managepricingrules-display-component---newInfoPriceItem--calcBase-arrow"},"wdio_ui5_key":"applicationmanagepricingrules-display-component---newInfoPriceItem--calcBase-arrow"}]}
RESULT: undefined
COMMAND: POST /session/8b5e6cfdfc03247abf4ed7f1414f820f/element - {"using":"xpath","value":"//*[@id=\"application-managepricingrules-display-component---newInfoPriceItem--calcBase-arrow\"]"}
RESULT: {}
RESULT: {"using":"xpath","value":"//*[@id=\"application-managepricingrules-display-component---newInfoPriceItem--calcBase-arrow\"]"}
COMMAND: POST /session/8b5e6cfdfc03247abf4ed7f1414f820f/element/f.38C819845B9EC31E5A88AE0F72095084.d.BCF9779E3FFCF401B7BF920761F9BC57.e.9784/click - {}
RESULT: {}
COMMAND: GET /session/8b5e6cfdfc03247abf4ed7f1414f820f/screenshot - {}
RESULT: {}
COMMAND: POST /session/8b5e6cfdfc03247abf4ed7f1414f820f/element - {"using":"xpath","value":"//span[contains(text(), \"0006 - TB(calendar days)\")]"}
RESULT: {"using":"xpath","value":"//span[contains(text(), \"0006 - TB(calendar days)\")]"}
COMMAND: POST /session/8b5e6cfdfc03247abf4ed7f1414f820f/element/f.38C819845B9EC31E5A88AE0F72095084.d.BCF9779E3FFCF401B7BF920761F9BC57.e.9814/click - {}
RESULT: {}
COMMAND: GET /session/8b5e6cfdfc03247abf4ed7f1414f820f/screenshot - {}
RESULT: {}
COMMAND: POST /session/8b5e6cfdfc03247abf4ed7f1414f820f/execute/async - {"script":"<script> [1562 bytes]","args":[{"selector":{"id":"application-managepricingrules-display-component---newInfoPriceItem--daysMonth","interaction":{"idSuffix":"inner"}},"wdio_ui5_key":"applicationmanagepricingrules-display-component---newInfoPriceItem--daysMonth"}]}
RESULT: {"script":"<script> [1562 bytes]","args":[{"selector":{"id":"application-managepricingrules-display-component---newInfoPriceItem--daysMonth","interaction":{"idSuffix":"inner"}},"wdio_ui5_key":"applicationmanagepricingrules-display-component---newInfoPriceItem--daysMonth"}]}
RESULT: undefined
COMMAND: POST /session/8b5e6cfdfc03247abf4ed7f1414f820f/execute/async - {"script":"<script> [776 bytes]","args":[{"enterText":"30","selector":{"id":"application-managepricingrules-display-component---newInfoPriceItem--daysMonth","interaction":{"idSuffix":"inner"}},"clearTextFirst":true,"interactionType":"ENTER_TEXT"}]}
RESULT: {"script":"<script> [776 bytes]","args":[{"enterText":"30","selector":{"id":"application-managepricingrules-display-component---newInfoPriceItem--daysMonth","interaction":{"idSuffix":"inner"}},"clearTextFirst":true,"interactionType":"ENTER_TEXT"}]}
COMMAND: POST /session/8b5e6cfdfc03247abf4ed7f1414f820f/element - {"using":"xpath","value":"//button[@data-kt=\"saveNewRuleButton\"]"}
RESULT: {"using":"xpath","value":"//button[@data-kt=\"saveNewRuleButton\"]"}
COMMAND: POST /session/8b5e6cfdfc03247abf4ed7f1414f820f/element/f.38C819845B9EC31E5A88AE0F72095084.d.BCF9779E3FFCF401B7BF920761F9BC57.e.9800/click - {}
RESULT: {}
COMMAND: GET /session/8b5e6cfdfc03247abf4ed7f1414f820f/screenshot - {}
RESULT: {}
COMMAND: POST /session/8b5e6cfdfc03247abf4ed7f1414f820f/execute/async - {"script":"<script> [1562 bytes]","args":[{"selector":{"id":"application-managepricingrules-display-component---priceInfoItem--smartFilterBar-btnBasicSearch","interaction":{"idSuffix":"I"}},"wdio_ui5_key":"applicationmanagepricingrules-display-component---priceInfoItem--smartFilterBar-btnBasicSearch"}]}
RESULT: {"script":"<script> [1562 bytes]","args":[{"selector":{"id":"application-managepricingrules-display-component---priceInfoItem--smartFilterBar-btnBasicSearch","interaction":{"idSuffix":"I"}},"wdio_ui5_key":"applicationmanagepricingrules-display-component---priceInfoItem--smartFilterBar-btnBasicSearch"}]}
RESULT: undefined
COMMAND: POST /session/8b5e6cfdfc03247abf4ed7f1414f820f/execute/async - {"script":"<script> [776 bytes]","args":[{"enterText":"n0RMQtLUdJ","selector":{"id":"application-managepricingrules-display-component---priceInfoItem--smartFilterBar-btnBasicSearch","interaction":{"idSuffix":"I"}},"clearTextFirst":true,"interactionType":"ENTER_TEXT"}]}
RESULT: {"script":"<script> [776 bytes]","args":[{"enterText":"n0RMQtLUdJ","selector":{"id":"application-managepricingrules-display-component---priceInfoItem--smartFilterBar-btnBasicSearch","interaction":{"idSuffix":"I"}},"clearTextFirst":true,"interactionType":"ENTER_TEXT"}]}
COMMAND: POST /session/8b5e6cfdfc03247abf4ed7f1414f820f/actions - {"actions":[{"id":"action30","type":"key","parameters":{},"actions":[{"type":"keyDown","value":"î€‡"},{"type":"pause","duration":10},{"type":"keyUp","value":"î€‡"}]}]}
RESULT: {"actions":[{"id":"action30","type":"key","parameters":{},"actions":[{"type":"keyDown","value":"î€‡"},{"type":"pause","duration":10},{"type":"keyUp","value":"î€‡"}]}]}
COMMAND: GET /session/8b5e6cfdfc03247abf4ed7f1414f820f/screenshot - {}
RESULT: {}
COMMAND: POST /session/8b5e6cfdfc03247abf4ed7f1414f820f/element - {"using":"xpath","value":"//span[@id=\"application-managepricingrules-display-component---priceInfoItem--smartTable-header-inner\"]"}
RESULT: {"using":"xpath","value":"//span[@id=\"application-managepricingrules-display-component---priceInfoItem--smartTable-header-inner\"]"}
COMMAND: POST /session/8b5e6cfdfc03247abf4ed7f1414f820f/elements - {"using":"xpath","value":"//span[@id=\"application-managepricingrules-display-component---priceInfoItem--smartTable-header-inner\"]"}
RESULT: {"using":"xpath","value":"//span[@id=\"application-managepricingrules-display-component---priceInfoItem--smartTable-header-inner\"]"}
COMMAND: POST /session/8b5e6cfdfc03247abf4ed7f1414f820f/execute/sync - {"script":"<script> [56 bytes]","args":[{"element-6066-11e4-a52e-4f735466cecf":"f.38C819845B9EC31E5A88AE0F72095084.d.BCF9779E3FFCF401B7BF920761F9BC57.e.9827","ELEMENT":"f.38C819845B9EC31E5A88AE0F72095084.d.BCF9779E3FFCF401B7BF920761F9BC57.e.9827"}]}
RESULT: {"script":"<script> [56 bytes]","args":[{"element-6066-11e4-a52e-4f735466cecf":"f.38C819845B9EC31E5A88AE0F72095084.d.BCF9779E3FFCF401B7BF920761F9BC57.e.9827","ELEMENT":"f.38C819845B9EC31E5A88AE0F72095084.d.BCF9779E3FFCF401B7BF920761F9BC57.e.9827"}]}
COMMAND: POST /session/8b5e6cfdfc03247abf4ed7f1414f820f/element - {"using":"css selector","value":"#shell-header-logo"}
COMMAND: GET /session/8b5e6cfdfc03247abf4ed7f1414f820f/screenshot - {}
RESULT: {"using":"css selector","value":"#shell-header-logo"}
COMMAND: POST /session/8b5e6cfdfc03247abf4ed7f1414f820f/element/f.38C819845B9EC31E5A88AE0F72095084.d.BCF9779E3FFCF401B7BF920761F9BC57.e.8923/click - {}
RESULT: {}
RESULT: {}
COMMAND: GET /session/8b5e6cfdfc03247abf4ed7f1414f820f/screenshot - {}
RESULT: {}
]]></system-out>
    </testcase>
    <testcase classname="chrome.136_0_7103_93.windows.Billing_Transfer_-_Intracompany_US127249" name="Should manage conditions" time="68.055">
      <system-out><![CDATA[
COMMAND: POST /session/8b5e6cfdfc03247abf4ed7f1414f820f/execute/async - {"script":"<script> [1562 bytes]","args":[{"selector":{"controlType":"sap.m.GenericTile","properties":{"header":"Manage Conditions & Prices"}},"wdio_ui5_key":"sapm.GenericTile{\"header\":\"Manage Conditions & Prices\"}"}]}
RESULT: {"script":"<script> [1562 bytes]","args":[{"selector":{"controlType":"sap.m.GenericTile","properties":{"header":"Manage Conditions & Prices"}},"wdio_ui5_key":"sapm.GenericTile{\"header\":\"Manage Conditions & Prices\"}"}]}
RESULT: undefined
COMMAND: POST /session/8b5e6cfdfc03247abf4ed7f1414f820f/element - {"using":"xpath","value":"//*[@id=\"__tile53\"]"}
RESULT: {"using":"xpath","value":"//*[@id=\"__tile53\"]"}
COMMAND: POST /session/8b5e6cfdfc03247abf4ed7f1414f820f/element/f.38C819845B9EC31E5A88AE0F72095084.d.BCF9779E3FFCF401B7BF920761F9BC57.e.6643/click - {}
RESULT: {}
COMMAND: GET /session/8b5e6cfdfc03247abf4ed7f1414f820f/screenshot - {}
RESULT: {}
COMMAND: POST /session/8b5e6cfdfc03247abf4ed7f1414f820f/elements - {"using":"xpath","value":"//span[text()='Error']"}
RESULT: {"using":"xpath","value":"//span[text()='Error']"}
COMMAND: POST /session/8b5e6cfdfc03247abf4ed7f1414f820f/element - {"using":"xpath","value":"//button[@aria-label=\"Create\"]"}
RESULT: {"using":"xpath","value":"//button[@aria-label=\"Create\"]"}
COMMAND: POST /session/8b5e6cfdfc03247abf4ed7f1414f820f/elements - {"using":"xpath","value":"//button[@aria-label=\"Create\"]"}
RESULT: {"using":"xpath","value":"//button[@aria-label=\"Create\"]"}
COMMAND: POST /session/8b5e6cfdfc03247abf4ed7f1414f820f/elements - {"using":"xpath","value":"//button[@aria-label=\"Create\"]"}
RESULT: {"using":"xpath","value":"//button[@aria-label=\"Create\"]"}
COMMAND: POST /session/8b5e6cfdfc03247abf4ed7f1414f820f/element - {"using":"xpath","value":"//button[@aria-label=\"Create\"]"}
RESULT: {"using":"xpath","value":"//button[@aria-label=\"Create\"]"}
COMMAND: POST /session/8b5e6cfdfc03247abf4ed7f1414f820f/execute/sync - {"script":"<script> [8489 bytes]","args":[{"element-6066-11e4-a52e-4f735466cecf":"f.38C819845B9EC31E5A88AE0F72095084.d.BCF9779E3FFCF401B7BF920761F9BC57.e.9864","ELEMENT":"f.38C819845B9EC31E5A88AE0F72095084.d.BCF9779E3FFCF401B7BF920761F9BC57.e.9864"}]}
RESULT: {"script":"<script> [8489 bytes]","args":[{"element-6066-11e4-a52e-4f735466cecf":"f.38C819845B9EC31E5A88AE0F72095084.d.BCF9779E3FFCF401B7BF920761F9BC57.e.9864","ELEMENT":"f.38C819845B9EC31E5A88AE0F72095084.d.BCF9779E3FFCF401B7BF920761F9BC57.e.9864"}]}
COMMAND: GET /session/8b5e6cfdfc03247abf4ed7f1414f820f/element/f.38C819845B9EC31E5A88AE0F72095084.d.BCF9779E3FFCF401B7BF920761F9BC57.e.9864/enabled - {}
COMMAND: GET /session/8b5e6cfdfc03247abf4ed7f1414f820f/screenshot - {}
RESULT: {}
COMMAND: POST /session/8b5e6cfdfc03247abf4ed7f1414f820f/execute/sync - {"script":"<script> [8489 bytes]","args":[{"element-6066-11e4-a52e-4f735466cecf":"f.38C819845B9EC31E5A88AE0F72095084.d.BCF9779E3FFCF401B7BF920761F9BC57.e.9864","ELEMENT":"f.38C819845B9EC31E5A88AE0F72095084.d.BCF9779E3FFCF401B7BF920761F9BC57.e.9864"}]}
COMMAND: GET /session/8b5e6cfdfc03247abf4ed7f1414f820f/screenshot - {}
RESULT: {}
RESULT: {"script":"<script> [8489 bytes]","args":[{"element-6066-11e4-a52e-4f735466cecf":"f.38C819845B9EC31E5A88AE0F72095084.d.BCF9779E3FFCF401B7BF920761F9BC57.e.9864","ELEMENT":"f.38C819845B9EC31E5A88AE0F72095084.d.BCF9779E3FFCF401B7BF920761F9BC57.e.9864"}]}
COMMAND: POST /session/8b5e6cfdfc03247abf4ed7f1414f820f/execute/sync - {"script":"<script> [5351 bytes]","args":[{"element-6066-11e4-a52e-4f735466cecf":"f.38C819845B9EC31E5A88AE0F72095084.d.BCF9779E3FFCF401B7BF920761F9BC57.e.9864","ELEMENT":"f.38C819845B9EC31E5A88AE0F72095084.d.BCF9779E3FFCF401B7BF920761F9BC57.e.9864"}]}
COMMAND: GET /session/8b5e6cfdfc03247abf4ed7f1414f820f/screenshot - {}
RESULT: {}
RESULT: {"script":"<script> [5351 bytes]","args":[{"element-6066-11e4-a52e-4f735466cecf":"f.38C819845B9EC31E5A88AE0F72095084.d.BCF9779E3FFCF401B7BF920761F9BC57.e.9864","ELEMENT":"f.38C819845B9EC31E5A88AE0F72095084.d.BCF9779E3FFCF401B7BF920761F9BC57.e.9864"}]}
COMMAND: POST /session/8b5e6cfdfc03247abf4ed7f1414f820f/element/f.38C819845B9EC31E5A88AE0F72095084.d.BCF9779E3FFCF401B7BF920761F9BC57.e.9864/click - {}
COMMAND: GET /session/8b5e6cfdfc03247abf4ed7f1414f820f/screenshot - {}
RESULT: {}
RESULT: {}
COMMAND: GET /session/8b5e6cfdfc03247abf4ed7f1414f820f/screenshot - {}
RESULT: {}
RESULT: {}
COMMAND: POST /session/8b5e6cfdfc03247abf4ed7f1414f820f/actions - {"actions":[{"id":"action31","type":"key","parameters":{},"actions":[{"type":"keyDown","value":"î€‡"},{"type":"pause","duration":10},{"type":"keyUp","value":"î€‡"}]}]}
RESULT: {"actions":[{"id":"action31","type":"key","parameters":{},"actions":[{"type":"keyDown","value":"î€‡"},{"type":"pause","duration":10},{"type":"keyUp","value":"î€‡"}]}]}
COMMAND: GET /session/8b5e6cfdfc03247abf4ed7f1414f820f/screenshot - {}
RESULT: {}
COMMAND: POST /session/8b5e6cfdfc03247abf4ed7f1414f820f/execute/async - {"script":"<script> [1562 bytes]","args":[{"selector":{"id":"application-manageconditionprice-display-component---newCondition--condBillCond-arrow"},"wdio_ui5_key":"applicationmanageconditionprice-display-component---newCondition--condBillCond-arrow"}]}
RESULT: {"script":"<script> [1562 bytes]","args":[{"selector":{"id":"application-manageconditionprice-display-component---newCondition--condBillCond-arrow"},"wdio_ui5_key":"applicationmanageconditionprice-display-component---newCondition--condBillCond-arrow"}]}
RESULT: undefined
COMMAND: POST /session/8b5e6cfdfc03247abf4ed7f1414f820f/element - {"using":"xpath","value":"//*[@id=\"application-manageconditionprice-display-component---newCondition--condBillCond-arrow\"]"}
RESULT: {"using":"xpath","value":"//*[@id=\"application-manageconditionprice-display-component---newCondition--condBillCond-arrow\"]"}
COMMAND: POST /session/8b5e6cfdfc03247abf4ed7f1414f820f/element/f.38C819845B9EC31E5A88AE0F72095084.d.BCF9779E3FFCF401B7BF920761F9BC57.e.10043/click - {}
RESULT: {}
COMMAND: GET /session/8b5e6cfdfc03247abf4ed7f1414f820f/screenshot - {}
RESULT: {}
COMMAND: POST /session/8b5e6cfdfc03247abf4ed7f1414f820f/element - {"using":"xpath","value":"//li[.//span[contains(text(), \"DISP - D&I special price\")]]"}
RESULT: {"using":"xpath","value":"//li[.//span[contains(text(), \"DISP - D&I special price\")]]"}
COMMAND: POST /session/8b5e6cfdfc03247abf4ed7f1414f820f/element/f.38C819845B9EC31E5A88AE0F72095084.d.BCF9779E3FFCF401B7BF920761F9BC57.e.10046/click - {}
RESULT: {}
COMMAND: GET /session/8b5e6cfdfc03247abf4ed7f1414f820f/screenshot - {}
RESULT: {}
COMMAND: POST /session/8b5e6cfdfc03247abf4ed7f1414f820f/execute/async - {"script":"<script> [1562 bytes]","args":[{"selector":{"id":"application-manageconditionprice-display-component---newCondition--condValidTo","interaction":{"idSuffix":"inner"}},"wdio_ui5_key":"applicationmanageconditionprice-display-component---newCondition--condValidTo"}]}
RESULT: {"script":"<script> [1562 bytes]","args":[{"selector":{"id":"application-manageconditionprice-display-component---newCondition--condValidTo","interaction":{"idSuffix":"inner"}},"wdio_ui5_key":"applicationmanageconditionprice-display-component---newCondition--condValidTo"}]}
RESULT: undefined
COMMAND: POST /session/8b5e6cfdfc03247abf4ed7f1414f820f/execute/async - {"script":"<script> [776 bytes]","args":[{"enterText":"2/4/26","selector":{"id":"application-manageconditionprice-display-component---newCondition--condValidTo","interaction":{"idSuffix":"inner"}},"clearTextFirst":true,"interactionType":"ENTER_TEXT"}]}
RESULT: {"script":"<script> [776 bytes]","args":[{"enterText":"2/4/26","selector":{"id":"application-manageconditionprice-display-component---newCondition--condValidTo","interaction":{"idSuffix":"inner"}},"clearTextFirst":true,"interactionType":"ENTER_TEXT"}]}
COMMAND: POST /session/8b5e6cfdfc03247abf4ed7f1414f820f/element - {"using":"xpath","value":"//input[@id=\"application-manageconditionprice-display-component---newCondition--condRU-inner\"]"}
RESULT: {"using":"xpath","value":"//input[@id=\"application-manageconditionprice-display-component---newCondition--condRU-inner\"]"}
COMMAND: POST /session/8b5e6cfdfc03247abf4ed7f1414f820f/element/f.38C819845B9EC31E5A88AE0F72095084.d.BCF9779E3FFCF401B7BF920761F9BC57.e.9880/clear - {}
RESULT: {}
COMMAND: POST /session/8b5e6cfdfc03247abf4ed7f1414f820f/element/f.38C819845B9EC31E5A88AE0F72095084.d.BCF9779E3FFCF401B7BF920761F9BC57.e.9880/value - {"text":"n0RMQtLUdJ"}
COMMAND: GET /session/8b5e6cfdfc03247abf4ed7f1414f820f/screenshot - {}
RESULT: {"text":"n0RMQtLUdJ"}
COMMAND: GET /session/8b5e6cfdfc03247abf4ed7f1414f820f/screenshot - {}
RESULT: {}
RESULT: {}
COMMAND: POST /session/8b5e6cfdfc03247abf4ed7f1414f820f/actions - {"actions":[{"id":"action32","type":"key","parameters":{},"actions":[{"type":"keyDown","value":"î€‡"},{"type":"pause","duration":10},{"type":"keyUp","value":"î€‡"}]}]}
RESULT: {"actions":[{"id":"action32","type":"key","parameters":{},"actions":[{"type":"keyDown","value":"î€‡"},{"type":"pause","duration":10},{"type":"keyUp","value":"î€‡"}]}]}
COMMAND: POST /session/8b5e6cfdfc03247abf4ed7f1414f820f/execute/async - {"script":"<script> [1562 bytes]","args":[{"selector":{"id":"application-manageconditionprice-display-component---newCondition--condBaseQty","interaction":{"idSuffix":"inner"}},"wdio_ui5_key":"applicationmanageconditionprice-display-component---newCondition--condBaseQty"}]}
COMMAND: GET /session/8b5e6cfdfc03247abf4ed7f1414f820f/screenshot - {}
RESULT: {"script":"<script> [1562 bytes]","args":[{"selector":{"id":"application-manageconditionprice-display-component---newCondition--condBaseQty","interaction":{"idSuffix":"inner"}},"wdio_ui5_key":"applicationmanageconditionprice-display-component---newCondition--condBaseQty"}]}
RESULT: undefined
COMMAND: POST /session/8b5e6cfdfc03247abf4ed7f1414f820f/execute/async - {"script":"<script> [776 bytes]","args":[{"enterText":"1","selector":{"id":"application-manageconditionprice-display-component---newCondition--condBaseQty","interaction":{"idSuffix":"inner"}},"clearTextFirst":true,"interactionType":"ENTER_TEXT"}]}
RESULT: {}
RESULT: {"script":"<script> [776 bytes]","args":[{"enterText":"1","selector":{"id":"application-manageconditionprice-display-component---newCondition--condBaseQty","interaction":{"idSuffix":"inner"}},"clearTextFirst":true,"interactionType":"ENTER_TEXT"}]}
COMMAND: POST /session/8b5e6cfdfc03247abf4ed7f1414f820f/execute/async - {"script":"<script> [1562 bytes]","args":[{"selector":{"id":"application-manageconditionprice-display-component---newCondition--condValue","interaction":{"idSuffix":"inner"}},"wdio_ui5_key":"applicationmanageconditionprice-display-component---newCondition--condValue"}]}
RESULT: {"script":"<script> [1562 bytes]","args":[{"selector":{"id":"application-manageconditionprice-display-component---newCondition--condValue","interaction":{"idSuffix":"inner"}},"wdio_ui5_key":"applicationmanageconditionprice-display-component---newCondition--condValue"}]}
RESULT: undefined
COMMAND: POST /session/8b5e6cfdfc03247abf4ed7f1414f820f/execute/async - {"script":"<script> [776 bytes]","args":[{"enterText":"200","selector":{"id":"application-manageconditionprice-display-component---newCondition--condValue","interaction":{"idSuffix":"inner"}},"clearTextFirst":true,"interactionType":"ENTER_TEXT"}]}
RESULT: {"script":"<script> [776 bytes]","args":[{"enterText":"200","selector":{"id":"application-manageconditionprice-display-component---newCondition--condValue","interaction":{"idSuffix":"inner"}},"clearTextFirst":true,"interactionType":"ENTER_TEXT"}]}
COMMAND: POST /session/8b5e6cfdfc03247abf4ed7f1414f820f/execute/async - {"script":"<script> [1562 bytes]","args":[{"selector":{"id":"application-manageconditionprice-display-component---newCondition--condCurr-arrow"},"wdio_ui5_key":"applicationmanageconditionprice-display-component---newCondition--condCurr-arrow"}]}
RESULT: {"script":"<script> [1562 bytes]","args":[{"selector":{"id":"application-manageconditionprice-display-component---newCondition--condCurr-arrow"},"wdio_ui5_key":"applicationmanageconditionprice-display-component---newCondition--condCurr-arrow"}]}
RESULT: undefined
COMMAND: POST /session/8b5e6cfdfc03247abf4ed7f1414f820f/element - {"using":"xpath","value":"//*[@id=\"application-manageconditionprice-display-component---newCondition--condCurr-arrow\"]"}
RESULT: {"using":"xpath","value":"//*[@id=\"application-manageconditionprice-display-component---newCondition--condCurr-arrow\"]"}
COMMAND: POST /session/8b5e6cfdfc03247abf4ed7f1414f820f/element/f.38C819845B9EC31E5A88AE0F72095084.d.BCF9779E3FFCF401B7BF920761F9BC57.e.10028/click - {}
RESULT: {}
COMMAND: POST /session/8b5e6cfdfc03247abf4ed7f1414f820f/element - {"using":"xpath","value":"//span[contains(text(), \"Euro\")]"}
COMMAND: GET /session/8b5e6cfdfc03247abf4ed7f1414f820f/screenshot - {}
RESULT: {"using":"xpath","value":"//span[contains(text(), \"Euro\")]"}
COMMAND: POST /session/8b5e6cfdfc03247abf4ed7f1414f820f/element/f.38C819845B9EC31E5A88AE0F72095084.d.BCF9779E3FFCF401B7BF920761F9BC57.e.10084/click - {}
RESULT: {}
RESULT: {}
COMMAND: POST /session/8b5e6cfdfc03247abf4ed7f1414f820f/element - {"using":"xpath","value":"//button[@data-kt=\"saveButton\"]"}
COMMAND: GET /session/8b5e6cfdfc03247abf4ed7f1414f820f/screenshot - {}
RESULT: {"using":"xpath","value":"//button[@data-kt=\"saveButton\"]"}
COMMAND: POST /session/8b5e6cfdfc03247abf4ed7f1414f820f/element/f.38C819845B9EC31E5A88AE0F72095084.d.BCF9779E3FFCF401B7BF920761F9BC57.e.10029/click - {}
RESULT: {}
RESULT: {}
COMMAND: GET /session/8b5e6cfdfc03247abf4ed7f1414f820f/screenshot - {}
RESULT: {}
COMMAND: POST /session/8b5e6cfdfc03247abf4ed7f1414f820f/execute/async - {"script":"<script> [1562 bytes]","args":[{"selector":{"id":"application-manageconditionprice-display-component---conditions--smartFilterBar-btnBasicSearch","interaction":{"idSuffix":"I"}},"wdio_ui5_key":"applicationmanageconditionprice-display-component---conditions--smartFilterBar-btnBasicSearch"}]}
RESULT: {"script":"<script> [1562 bytes]","args":[{"selector":{"id":"application-manageconditionprice-display-component---conditions--smartFilterBar-btnBasicSearch","interaction":{"idSuffix":"I"}},"wdio_ui5_key":"applicationmanageconditionprice-display-component---conditions--smartFilterBar-btnBasicSearch"}]}
RESULT: undefined
COMMAND: POST /session/8b5e6cfdfc03247abf4ed7f1414f820f/execute/async - {"script":"<script> [776 bytes]","args":[{"enterText":"n0RMQtLUdJ","selector":{"id":"application-manageconditionprice-display-component---conditions--smartFilterBar-btnBasicSearch","interaction":{"idSuffix":"I"}},"clearTextFirst":true,"interactionType":"ENTER_TEXT"}]}
RESULT: {"script":"<script> [776 bytes]","args":[{"enterText":"n0RMQtLUdJ","selector":{"id":"application-manageconditionprice-display-component---conditions--smartFilterBar-btnBasicSearch","interaction":{"idSuffix":"I"}},"clearTextFirst":true,"interactionType":"ENTER_TEXT"}]}
COMMAND: POST /session/8b5e6cfdfc03247abf4ed7f1414f820f/actions - {"actions":[{"id":"action33","type":"key","parameters":{},"actions":[{"type":"keyDown","value":"î€‡"},{"type":"pause","duration":10},{"type":"keyUp","value":"î€‡"}]}]}
RESULT: {"actions":[{"id":"action33","type":"key","parameters":{},"actions":[{"type":"keyDown","value":"î€‡"},{"type":"pause","duration":10},{"type":"keyUp","value":"î€‡"}]}]}
COMMAND: GET /session/8b5e6cfdfc03247abf4ed7f1414f820f/screenshot - {}
RESULT: {}
COMMAND: POST /session/8b5e6cfdfc03247abf4ed7f1414f820f/execute/async - {"script":"<script> [1562 bytes]","args":[{"selector":{"id":"application-manageconditionprice-display-component---conditions--smartFilterBar-filterItemControl_BASIC-BILL_TYPES-vhi"},"wdio_ui5_key":"applicationmanageconditionprice-display-component---conditions--smartFilterBar-filterItemControl_BASIC-BILL_TYPES-vhi"}]}
RESULT: {"script":"<script> [1562 bytes]","args":[{"selector":{"id":"application-manageconditionprice-display-component---conditions--smartFilterBar-filterItemControl_BASIC-BILL_TYPES-vhi"},"wdio_ui5_key":"applicationmanageconditionprice-display-component---conditions--smartFilterBar-filterItemControl_BASIC-BILL_TYPES-vhi"}]}
RESULT: undefined
COMMAND: POST /session/8b5e6cfdfc03247abf4ed7f1414f820f/element - {"using":"xpath","value":"//*[@id=\"application-manageconditionprice-display-component---conditions--smartFilterBar-filterItemControl_BASIC-BILL_TYPES-vhi\"]"}
RESULT: {"using":"xpath","value":"//*[@id=\"application-manageconditionprice-display-component---conditions--smartFilterBar-filterItemControl_BASIC-BILL_TYPES-vhi\"]"}
COMMAND: POST /session/8b5e6cfdfc03247abf4ed7f1414f820f/element/f.38C819845B9EC31E5A88AE0F72095084.d.BCF9779E3FFCF401B7BF920761F9BC57.e.10100/click - {}
RESULT: {}
COMMAND: POST /session/8b5e6cfdfc03247abf4ed7f1414f820f/execute/async - {"script":"<script> [1562 bytes]","args":[{"selector":{"id":"application-manageconditionprice-display-component---conditions--smartFilterBar-filterItemControl_BASIC-BILL_TYPES-valueHelpDialog-smartFilterBar-btnBasicSearch","searchOpenDialogs":true,"interaction":{"idSuffix":"I"}},"wdio_ui5_key":"applicationmanageconditionprice-display-component---conditions--smartFilterBar-filterItemControl_BASIC-BILL_TYPES-valueHelpDialog-smartFilterBar-btnBasicSearch"}]}
COMMAND: GET /session/8b5e6cfdfc03247abf4ed7f1414f820f/screenshot - {}
RESULT: {"script":"<script> [1562 bytes]","args":[{"selector":{"id":"application-manageconditionprice-display-component---conditions--smartFilterBar-filterItemControl_BASIC-BILL_TYPES-valueHelpDialog-smartFilterBar-btnBasicSearch","searchOpenDialogs":true,"interaction":{"idSuffix":"I"}},"wdio_ui5_key":"applicationmanageconditionprice-display-component---conditions--smartFilterBar-filterItemControl_BASIC-BILL_TYPES-valueHelpDialog-smartFilterBar-btnBasicSearch"}]}
RESULT: undefined
COMMAND: POST /session/8b5e6cfdfc03247abf4ed7f1414f820f/execute/async - {"script":"<script> [776 bytes]","args":[{"enterText":"TB","selector":{"id":"application-manageconditionprice-display-component---conditions--smartFilterBar-filterItemControl_BASIC-BILL_TYPES-valueHelpDialog-smartFilterBar-btnBasicSearch","searchOpenDialogs":true,"interaction":{"idSuffix":"I"}},"clearTextFirst":true,"interactionType":"ENTER_TEXT"}]}
RESULT: {}
RESULT: {"script":"<script> [776 bytes]","args":[{"enterText":"TB","selector":{"id":"application-manageconditionprice-display-component---conditions--smartFilterBar-filterItemControl_BASIC-BILL_TYPES-valueHelpDialog-smartFilterBar-btnBasicSearch","searchOpenDialogs":true,"interaction":{"idSuffix":"I"}},"clearTextFirst":true,"interactionType":"ENTER_TEXT"}]}
COMMAND: POST /session/8b5e6cfdfc03247abf4ed7f1414f820f/actions - {"actions":[{"id":"action34","type":"key","parameters":{},"actions":[{"type":"keyDown","value":"î€‡"},{"type":"pause","duration":10},{"type":"keyUp","value":"î€‡"}]}]}
RESULT: {"actions":[{"id":"action34","type":"key","parameters":{},"actions":[{"type":"keyDown","value":"î€‡"},{"type":"pause","duration":10},{"type":"keyUp","value":"î€‡"}]}]}
COMMAND: GET /session/8b5e6cfdfc03247abf4ed7f1414f820f/screenshot - {}
RESULT: {}
COMMAND: POST /session/8b5e6cfdfc03247abf4ed7f1414f820f/element - {"using":"xpath","value":"//div[contains(@id, 'application-manageconditionprice-display-component---conditions--smartFilterBar-filterItemControl_BASIC-BILL_TYPES-valueHelpDialog-table-rowsel0')]"}
RESULT: {"using":"xpath","value":"//div[contains(@id, 'application-manageconditionprice-display-component---conditions--smartFilterBar-filterItemControl_BASIC-BILL_TYPES-valueHelpDialog-table-rowsel0')]"}
COMMAND: POST /session/8b5e6cfdfc03247abf4ed7f1414f820f/element/f.38C819845B9EC31E5A88AE0F72095084.d.BCF9779E3FFCF401B7BF920761F9BC57.e.10108/click - {}
RESULT: {}
COMMAND: GET /session/8b5e6cfdfc03247abf4ed7f1414f820f/screenshot - {}
RESULT: {}
COMMAND: POST /session/8b5e6cfdfc03247abf4ed7f1414f820f/element - {"using":"xpath","value":"//bdi[contains(text(), \"OK\")]"}
RESULT: {"using":"xpath","value":"//bdi[contains(text(), \"OK\")]"}
COMMAND: POST /session/8b5e6cfdfc03247abf4ed7f1414f820f/element/f.38C819845B9EC31E5A88AE0F72095084.d.BCF9779E3FFCF401B7BF920761F9BC57.e.10110/click - {}
RESULT: {}
COMMAND: GET /session/8b5e6cfdfc03247abf4ed7f1414f820f/screenshot - {}
RESULT: {}
COMMAND: POST /session/8b5e6cfdfc03247abf4ed7f1414f820f/element - {"using":"xpath","value":"//span[@id=\"application-manageconditionprice-display-component---conditions--smartTable-header-inner\"]"}
RESULT: {"using":"xpath","value":"//span[@id=\"application-manageconditionprice-display-component---conditions--smartTable-header-inner\"]"}
COMMAND: POST /session/8b5e6cfdfc03247abf4ed7f1414f820f/elements - {"using":"xpath","value":"//span[@id=\"application-manageconditionprice-display-component---conditions--smartTable-header-inner\"]"}
RESULT: {"using":"xpath","value":"//span[@id=\"application-manageconditionprice-display-component---conditions--smartTable-header-inner\"]"}
COMMAND: POST /session/8b5e6cfdfc03247abf4ed7f1414f820f/execute/sync - {"script":"<script> [56 bytes]","args":[{"element-6066-11e4-a52e-4f735466cecf":"f.38C819845B9EC31E5A88AE0F72095084.d.BCF9779E3FFCF401B7BF920761F9BC57.e.10113","ELEMENT":"f.38C819845B9EC31E5A88AE0F72095084.d.BCF9779E3FFCF401B7BF920761F9BC57.e.10113"}]}
RESULT: {"script":"<script> [56 bytes]","args":[{"element-6066-11e4-a52e-4f735466cecf":"f.38C819845B9EC31E5A88AE0F72095084.d.BCF9779E3FFCF401B7BF920761F9BC57.e.10113","ELEMENT":"f.38C819845B9EC31E5A88AE0F72095084.d.BCF9779E3FFCF401B7BF920761F9BC57.e.10113"}]}
COMMAND: POST /session/8b5e6cfdfc03247abf4ed7f1414f820f/element - {"using":"css selector","value":"#shell-header-logo"}
COMMAND: GET /session/8b5e6cfdfc03247abf4ed7f1414f820f/screenshot - {}
RESULT: {"using":"css selector","value":"#shell-header-logo"}
COMMAND: POST /session/8b5e6cfdfc03247abf4ed7f1414f820f/element/f.38C819845B9EC31E5A88AE0F72095084.d.BCF9779E3FFCF401B7BF920761F9BC57.e.9830/click - {}
RESULT: {}
RESULT: {}
COMMAND: GET /session/8b5e6cfdfc03247abf4ed7f1414f820f/screenshot - {}
RESULT: {}
]]></system-out>
    </testcase>
  </testsuite>
  <testsuite timestamp="2025-06-04T05:55:44" time="711.159" tests="12" failures="6" errors="6" skipped="0">
    <properties>
      <property name="specId" value="0" />
      <property name="suiteName" value="Billing transfer US117289" />
      <property name="capabilities" value="chrome.136_0_7103_93.windows" />
      <property name="file" value="file:///D:/a/1/s/test/specs/BTS/billing-transfer.spec.js" />
    </properties>
    <testcase classname="chrome.136_0_7103_93.windows.Billing_transfer_US117289" name="Should create a new yard" time="0.012">
      <system-out><![CDATA[
COMMAND: POST /session/8b5e6cfdfc03247abf4ed7f1414f820f/window/fullscreen - {}
RESULT: {}
]]></system-out>
    </testcase>
    <testcase classname="chrome.136_0_7103_93.windows.Billing_transfer_US117289" name="Should create a new partner" time="0.003" />
    <testcase classname="chrome.136_0_7103_93.windows.Billing_transfer_US117289" name="Should create a new site" time="0.003" />
    <testcase classname="chrome.136_0_7103_93.windows.Billing_transfer_US117289" name="Should create a new equipment" time="140.536">
      <system-out><![CDATA[
COMMAND: POST /session/8b5e6cfdfc03247abf4ed7f1414f820f/execute/async - {"script":"<script> [1562 bytes]","args":[{"selector":{"controlType":"sap.m.GenericTile","properties":{"header":"Manage Resources"}},"wdio_ui5_key":"sapm.GenericTile{\"header\":\"Manage Resources\"}"}]}
RESULT: {"script":"<script> [1562 bytes]","args":[{"selector":{"controlType":"sap.m.GenericTile","properties":{"header":"Manage Resources"}},"wdio_ui5_key":"sapm.GenericTile{\"header\":\"Manage Resources\"}"}]}
RESULT: undefined
COMMAND: POST /session/8b5e6cfdfc03247abf4ed7f1414f820f/element - {"using":"xpath","value":"//*[@id=\"__tile39\"]"}
RESULT: {"using":"xpath","value":"//*[@id=\"__tile39\"]"}
COMMAND: POST /session/8b5e6cfdfc03247abf4ed7f1414f820f/element/f.38C819845B9EC31E5A88AE0F72095084.d.D4F9B8D707AB1EC0DBBF017343264245.e.10684/click - {}
RESULT: {}
COMMAND: GET /session/8b5e6cfdfc03247abf4ed7f1414f820f/screenshot - {}
RESULT: {}
COMMAND: POST /session/8b5e6cfdfc03247abf4ed7f1414f820f/elements - {"using":"xpath","value":"//span[text()='Error']"}
RESULT: {"using":"xpath","value":"//span[text()='Error']"}
COMMAND: POST /session/8b5e6cfdfc03247abf4ed7f1414f820f/element - {"using":"xpath","value":"//button[@data-kt=\"addNewRUOverflowToolbarButton\"]"}
RESULT: {"using":"xpath","value":"//button[@data-kt=\"addNewRUOverflowToolbarButton\"]"}
COMMAND: POST /session/8b5e6cfdfc03247abf4ed7f1414f820f/elements - {"using":"xpath","value":"//button[@data-kt=\"addNewRUOverflowToolbarButton\"]"}
RESULT: {"using":"xpath","value":"//button[@data-kt=\"addNewRUOverflowToolbarButton\"]"}
COMMAND: POST /session/8b5e6cfdfc03247abf4ed7f1414f820f/elements - {"using":"xpath","value":"//button[@data-kt=\"addNewRUOverflowToolbarButton\"]"}
RESULT: {"using":"xpath","value":"//button[@data-kt=\"addNewRUOverflowToolbarButton\"]"}
COMMAND: POST /session/8b5e6cfdfc03247abf4ed7f1414f820f/elements - {"using":"xpath","value":"//button[@data-kt=\"addNewRUOverflowToolbarButton\"]"}
RESULT: {"using":"xpath","value":"//button[@data-kt=\"addNewRUOverflowToolbarButton\"]"}
COMMAND: POST /session/8b5e6cfdfc03247abf4ed7f1414f820f/elements - {"using":"xpath","value":"//button[@data-kt=\"addNewRUOverflowToolbarButton\"]"}
RESULT: {"using":"xpath","value":"//button[@data-kt=\"addNewRUOverflowToolbarButton\"]"}
COMMAND: POST /session/8b5e6cfdfc03247abf4ed7f1414f820f/elements - {"using":"xpath","value":"//button[@data-kt=\"addNewRUOverflowToolbarButton\"]"}
RESULT: {"using":"xpath","value":"//button[@data-kt=\"addNewRUOverflowToolbarButton\"]"}
COMMAND: POST /session/8b5e6cfdfc03247abf4ed7f1414f820f/elements - {"using":"xpath","value":"//button[@data-kt=\"addNewRUOverflowToolbarButton\"]"}
RESULT: {"using":"xpath","value":"//button[@data-kt=\"addNewRUOverflowToolbarButton\"]"}
COMMAND: POST /session/8b5e6cfdfc03247abf4ed7f1414f820f/elements - {"using":"xpath","value":"//button[@data-kt=\"addNewRUOverflowToolbarButton\"]"}
RESULT: {"using":"xpath","value":"//button[@data-kt=\"addNewRUOverflowToolbarButton\"]"}
COMMAND: POST /session/8b5e6cfdfc03247abf4ed7f1414f820f/elements - {"using":"xpath","value":"//button[@data-kt=\"addNewRUOverflowToolbarButton\"]"}
RESULT: {"using":"xpath","value":"//button[@data-kt=\"addNewRUOverflowToolbarButton\"]"}
COMMAND: POST /session/8b5e6cfdfc03247abf4ed7f1414f820f/elements - {"using":"xpath","value":"//button[@data-kt=\"addNewRUOverflowToolbarButton\"]"}
RESULT: {"using":"xpath","value":"//button[@data-kt=\"addNewRUOverflowToolbarButton\"]"}
COMMAND: POST /session/8b5e6cfdfc03247abf4ed7f1414f820f/elements - {"using":"xpath","value":"//button[@data-kt=\"addNewRUOverflowToolbarButton\"]"}
RESULT: {"using":"xpath","value":"//button[@data-kt=\"addNewRUOverflowToolbarButton\"]"}
COMMAND: POST /session/8b5e6cfdfc03247abf4ed7f1414f820f/elements - {"using":"xpath","value":"//button[@data-kt=\"addNewRUOverflowToolbarButton\"]"}
RESULT: {"using":"xpath","value":"//button[@data-kt=\"addNewRUOverflowToolbarButton\"]"}
COMMAND: POST /session/8b5e6cfdfc03247abf4ed7f1414f820f/elements - {"using":"xpath","value":"//button[@data-kt=\"addNewRUOverflowToolbarButton\"]"}
RESULT: {"using":"xpath","value":"//button[@data-kt=\"addNewRUOverflowToolbarButton\"]"}
COMMAND: POST /session/8b5e6cfdfc03247abf4ed7f1414f820f/elements - {"using":"xpath","value":"//button[@data-kt=\"addNewRUOverflowToolbarButton\"]"}
RESULT: {"using":"xpath","value":"//button[@data-kt=\"addNewRUOverflowToolbarButton\"]"}
COMMAND: POST /session/8b5e6cfdfc03247abf4ed7f1414f820f/elements - {"using":"xpath","value":"//button[@data-kt=\"addNewRUOverflowToolbarButton\"]"}
RESULT: {"using":"xpath","value":"//button[@data-kt=\"addNewRUOverflowToolbarButton\"]"}
COMMAND: POST /session/8b5e6cfdfc03247abf4ed7f1414f820f/element - {"using":"xpath","value":"//button[@data-kt=\"addNewRUOverflowToolbarButton\"]"}
RESULT: {"using":"xpath","value":"//button[@data-kt=\"addNewRUOverflowToolbarButton\"]"}
COMMAND: POST /session/8b5e6cfdfc03247abf4ed7f1414f820f/execute/sync - {"script":"<script> [8489 bytes]","args":[{"element-6066-11e4-a52e-4f735466cecf":"f.38C819845B9EC31E5A88AE0F72095084.d.D4F9B8D707AB1EC0DBBF017343264245.e.10822","ELEMENT":"f.38C819845B9EC31E5A88AE0F72095084.d.D4F9B8D707AB1EC0DBBF017343264245.e.10822"}]}
RESULT: {"script":"<script> [8489 bytes]","args":[{"element-6066-11e4-a52e-4f735466cecf":"f.38C819845B9EC31E5A88AE0F72095084.d.D4F9B8D707AB1EC0DBBF017343264245.e.10822","ELEMENT":"f.38C819845B9EC31E5A88AE0F72095084.d.D4F9B8D707AB1EC0DBBF017343264245.e.10822"}]}
COMMAND: GET /session/8b5e6cfdfc03247abf4ed7f1414f820f/element/f.38C819845B9EC31E5A88AE0F72095084.d.D4F9B8D707AB1EC0DBBF017343264245.e.10822/enabled - {}
COMMAND: GET /session/8b5e6cfdfc03247abf4ed7f1414f820f/screenshot - {}
RESULT: {}
COMMAND: POST /session/8b5e6cfdfc03247abf4ed7f1414f820f/execute/sync - {"script":"<script> [8489 bytes]","args":[{"element-6066-11e4-a52e-4f735466cecf":"f.38C819845B9EC31E5A88AE0F72095084.d.D4F9B8D707AB1EC0DBBF017343264245.e.10822","ELEMENT":"f.38C819845B9EC31E5A88AE0F72095084.d.D4F9B8D707AB1EC0DBBF017343264245.e.10822"}]}
COMMAND: GET /session/8b5e6cfdfc03247abf4ed7f1414f820f/screenshot - {}
RESULT: {}
RESULT: {"script":"<script> [8489 bytes]","args":[{"element-6066-11e4-a52e-4f735466cecf":"f.38C819845B9EC31E5A88AE0F72095084.d.D4F9B8D707AB1EC0DBBF017343264245.e.10822","ELEMENT":"f.38C819845B9EC31E5A88AE0F72095084.d.D4F9B8D707AB1EC0DBBF017343264245.e.10822"}]}
COMMAND: POST /session/8b5e6cfdfc03247abf4ed7f1414f820f/execute/sync - {"script":"<script> [5351 bytes]","args":[{"element-6066-11e4-a52e-4f735466cecf":"f.38C819845B9EC31E5A88AE0F72095084.d.D4F9B8D707AB1EC0DBBF017343264245.e.10822","ELEMENT":"f.38C819845B9EC31E5A88AE0F72095084.d.D4F9B8D707AB1EC0DBBF017343264245.e.10822"}]}
COMMAND: GET /session/8b5e6cfdfc03247abf4ed7f1414f820f/screenshot - {}
RESULT: {}
RESULT: {"script":"<script> [5351 bytes]","args":[{"element-6066-11e4-a52e-4f735466cecf":"f.38C819845B9EC31E5A88AE0F72095084.d.D4F9B8D707AB1EC0DBBF017343264245.e.10822","ELEMENT":"f.38C819845B9EC31E5A88AE0F72095084.d.D4F9B8D707AB1EC0DBBF017343264245.e.10822"}]}
COMMAND: POST /session/8b5e6cfdfc03247abf4ed7f1414f820f/element/f.38C819845B9EC31E5A88AE0F72095084.d.D4F9B8D707AB1EC0DBBF017343264245.e.10822/click - {}
COMMAND: GET /session/8b5e6cfdfc03247abf4ed7f1414f820f/screenshot - {}
RESULT: {}
RESULT: {}
COMMAND: GET /session/8b5e6cfdfc03247abf4ed7f1414f820f/screenshot - {}
RESULT: {}
RESULT: {}
COMMAND: POST /session/8b5e6cfdfc03247abf4ed7f1414f820f/execute/async - {"script":"<script> [1562 bytes]","args":[{"selector":{"id":"application-manageresources-display-component---newResourceUnit--TYPE-arrow"},"wdio_ui5_key":"applicationmanageresources-display-component---newResourceUnit--TYPE-arrow"}]}
RESULT: {"script":"<script> [1562 bytes]","args":[{"selector":{"id":"application-manageresources-display-component---newResourceUnit--TYPE-arrow"},"wdio_ui5_key":"applicationmanageresources-display-component---newResourceUnit--TYPE-arrow"}]}
RESULT: undefined
COMMAND: POST /session/8b5e6cfdfc03247abf4ed7f1414f820f/element - {"using":"xpath","value":"//*[@id=\"application-manageresources-display-component---newResourceUnit--TYPE-arrow\"]"}
RESULT: {"using":"xpath","value":"//*[@id=\"application-manageresources-display-component---newResourceUnit--TYPE-arrow\"]"}
COMMAND: POST /session/8b5e6cfdfc03247abf4ed7f1414f820f/element/f.38C819845B9EC31E5A88AE0F72095084.d.D4F9B8D707AB1EC0DBBF017343264245.e.11193/click - {}
RESULT: {}
COMMAND: POST /session/8b5e6cfdfc03247abf4ed7f1414f820f/element - {"using":"xpath","value":"//input[@id=\"application-manageresources-display-component---newResourceUnit--TYPE-inner\"]"}
COMMAND: GET /session/8b5e6cfdfc03247abf4ed7f1414f820f/screenshot - {}
RESULT: {"using":"xpath","value":"//input[@id=\"application-manageresources-display-component---newResourceUnit--TYPE-inner\"]"}
COMMAND: POST /session/8b5e6cfdfc03247abf4ed7f1414f820f/element/f.38C819845B9EC31E5A88AE0F72095084.d.D4F9B8D707AB1EC0DBBF017343264245.e.11175/clear - {}
RESULT: {}
RESULT: {}
COMMAND: POST /session/8b5e6cfdfc03247abf4ed7f1414f820f/element/f.38C819845B9EC31E5A88AE0F72095084.d.D4F9B8D707AB1EC0DBBF017343264245.e.11175/value - {"text":"Equipment"}
COMMAND: GET /session/8b5e6cfdfc03247abf4ed7f1414f820f/screenshot - {}
RESULT: {"text":"Equipment"}
COMMAND: GET /session/8b5e6cfdfc03247abf4ed7f1414f820f/screenshot - {}
RESULT: {}
RESULT: {}
COMMAND: POST /session/8b5e6cfdfc03247abf4ed7f1414f820f/actions - {"actions":[{"id":"action36","type":"key","parameters":{},"actions":[{"type":"keyDown","value":"î€‡"},{"type":"pause","duration":10},{"type":"keyUp","value":"î€‡"}]}]}
RESULT: {"actions":[{"id":"action36","type":"key","parameters":{},"actions":[{"type":"keyDown","value":"î€‡"},{"type":"pause","duration":10},{"type":"keyUp","value":"î€‡"}]}]}
COMMAND: POST /session/8b5e6cfdfc03247abf4ed7f1414f820f/execute/async - {"script":"<script> [1562 bytes]","args":[{"selector":{"id":"application-manageresources-display-component---newResourceUnit--resourceId","interaction":{"idSuffix":"inner"}},"wdio_ui5_key":"applicationmanageresources-display-component---newResourceUnit--resourceId"}]}
COMMAND: GET /session/8b5e6cfdfc03247abf4ed7f1414f820f/screenshot - {}
RESULT: {"script":"<script> [1562 bytes]","args":[{"selector":{"id":"application-manageresources-display-component---newResourceUnit--resourceId","interaction":{"idSuffix":"inner"}},"wdio_ui5_key":"applicationmanageresources-display-component---newResourceUnit--resourceId"}]}
RESULT: undefined
COMMAND: POST /session/8b5e6cfdfc03247abf4ed7f1414f820f/execute/async - {"script":"<script> [776 bytes]","args":[{"enterText":"djixej1EOv","selector":{"id":"application-manageresources-display-component---newResourceUnit--resourceId","interaction":{"idSuffix":"inner"}},"clearTextFirst":true,"interactionType":"ENTER_TEXT"}]}
RESULT: {}
RESULT: {"script":"<script> [776 bytes]","args":[{"enterText":"djixej1EOv","selector":{"id":"application-manageresources-display-component---newResourceUnit--resourceId","interaction":{"idSuffix":"inner"}},"clearTextFirst":true,"interactionType":"ENTER_TEXT"}]}
COMMAND: POST /session/8b5e6cfdfc03247abf4ed7f1414f820f/execute/async - {"script":"<script> [1562 bytes]","args":[{"selector":{"id":"application-manageresources-display-component---newResourceUnit--SHORT_TEXT","interaction":{"idSuffix":"inner"}},"wdio_ui5_key":"applicationmanageresources-display-component---newResourceUnit--SHORT_TEXT"}]}
RESULT: {"script":"<script> [1562 bytes]","args":[{"selector":{"id":"application-manageresources-display-component---newResourceUnit--SHORT_TEXT","interaction":{"idSuffix":"inner"}},"wdio_ui5_key":"applicationmanageresources-display-component---newResourceUnit--SHORT_TEXT"}]}
RESULT: undefined
COMMAND: POST /session/8b5e6cfdfc03247abf4ed7f1414f820f/execute/async - {"script":"<script> [776 bytes]","args":[{"enterText":"Intercompany Equipment WDIO","selector":{"id":"application-manageresources-display-component---newResourceUnit--SHORT_TEXT","interaction":{"idSuffix":"inner"}},"clearTextFirst":true,"interactionType":"ENTER_TEXT"}]}
RESULT: {"script":"<script> [776 bytes]","args":[{"enterText":"Intercompany Equipment WDIO","selector":{"id":"application-manageresources-display-component---newResourceUnit--SHORT_TEXT","interaction":{"idSuffix":"inner"}},"clearTextFirst":true,"interactionType":"ENTER_TEXT"}]}
COMMAND: POST /session/8b5e6cfdfc03247abf4ed7f1414f820f/execute/async - {"script":"<script> [1562 bytes]","args":[{"selector":{"id":"application-manageresources-display-component---newResourceUnit--BASE_UNIT_OF_MEASURE","interaction":{"idSuffix":"inner"}},"wdio_ui5_key":"applicationmanageresources-display-component---newResourceUnit--BASE_UNIT_OF_MEASURE"}]}
RESULT: {"script":"<script> [1562 bytes]","args":[{"selector":{"id":"application-manageresources-display-component---newResourceUnit--BASE_UNIT_OF_MEASURE","interaction":{"idSuffix":"inner"}},"wdio_ui5_key":"applicationmanageresources-display-component---newResourceUnit--BASE_UNIT_OF_MEASURE"}]}
RESULT: undefined
COMMAND: POST /session/8b5e6cfdfc03247abf4ed7f1414f820f/execute/async - {"script":"<script> [776 bytes]","args":[{"enterText":"Piece","selector":{"id":"application-manageresources-display-component---newResourceUnit--BASE_UNIT_OF_MEASURE","interaction":{"idSuffix":"inner"}},"clearTextFirst":true,"interactionType":"ENTER_TEXT"}]}
RESULT: {"script":"<script> [776 bytes]","args":[{"enterText":"Piece","selector":{"id":"application-manageresources-display-component---newResourceUnit--BASE_UNIT_OF_MEASURE","interaction":{"idSuffix":"inner"}},"clearTextFirst":true,"interactionType":"ENTER_TEXT"}]}
COMMAND: POST /session/8b5e6cfdfc03247abf4ed7f1414f820f/execute/async - {"script":"<script> [1562 bytes]","args":[{"selector":{"id":"application-manageresources-display-component---newResourceUnit--WEIGHT_UNIT","interaction":{"idSuffix":"inner"}},"wdio_ui5_key":"applicationmanageresources-display-component---newResourceUnit--WEIGHT_UNIT"}]}
RESULT: {"script":"<script> [1562 bytes]","args":[{"selector":{"id":"application-manageresources-display-component---newResourceUnit--WEIGHT_UNIT","interaction":{"idSuffix":"inner"}},"wdio_ui5_key":"applicationmanageresources-display-component---newResourceUnit--WEIGHT_UNIT"}]}
RESULT: undefined
COMMAND: POST /session/8b5e6cfdfc03247abf4ed7f1414f820f/execute/async - {"script":"<script> [776 bytes]","args":[{"enterText":"Gram","selector":{"id":"application-manageresources-display-component---newResourceUnit--WEIGHT_UNIT","interaction":{"idSuffix":"inner"}},"clearTextFirst":true,"interactionType":"ENTER_TEXT"}]}
RESULT: {"script":"<script> [776 bytes]","args":[{"enterText":"Gram","selector":{"id":"application-manageresources-display-component---newResourceUnit--WEIGHT_UNIT","interaction":{"idSuffix":"inner"}},"clearTextFirst":true,"interactionType":"ENTER_TEXT"}]}
COMMAND: POST /session/8b5e6cfdfc03247abf4ed7f1414f820f/execute/async - {"script":"<script> [1562 bytes]","args":[{"selector":{"id":"application-manageresources-display-component---newResourceUnit--DIMENSION_UNIT","interaction":{"idSuffix":"inner"}},"wdio_ui5_key":"applicationmanageresources-display-component---newResourceUnit--DIMENSION_UNIT"}]}
RESULT: {"script":"<script> [1562 bytes]","args":[{"selector":{"id":"application-manageresources-display-component---newResourceUnit--DIMENSION_UNIT","interaction":{"idSuffix":"inner"}},"wdio_ui5_key":"applicationmanageresources-display-component---newResourceUnit--DIMENSION_UNIT"}]}
RESULT: undefined
COMMAND: POST /session/8b5e6cfdfc03247abf4ed7f1414f820f/execute/async - {"script":"<script> [776 bytes]","args":[{"enterText":"Meter","selector":{"id":"application-manageresources-display-component---newResourceUnit--DIMENSION_UNIT","interaction":{"idSuffix":"inner"}},"clearTextFirst":true,"interactionType":"ENTER_TEXT"}]}
RESULT: {"script":"<script> [776 bytes]","args":[{"enterText":"Meter","selector":{"id":"application-manageresources-display-component---newResourceUnit--DIMENSION_UNIT","interaction":{"idSuffix":"inner"}},"clearTextFirst":true,"interactionType":"ENTER_TEXT"}]}
COMMAND: POST /session/8b5e6cfdfc03247abf4ed7f1414f820f/execute/async - {"script":"<script> [1562 bytes]","args":[{"selector":{"id":"application-manageresources-display-component---newResourceUnit--newRRUPage-anchBar-application-manageresources-display-component---newResourceUnit--control-anchor","interaction":{"idSuffix":"BDI-content"}},"wdio_ui5_key":"applicationmanageresources-display-component---newResourceUnit--newRRUPage-anchBar-application-manageresources-display-component---newResourceUnit--control-anchor"}]}
RESULT: {"script":"<script> [1562 bytes]","args":[{"selector":{"id":"application-manageresources-display-component---newResourceUnit--newRRUPage-anchBar-application-manageresources-display-component---newResourceUnit--control-anchor","interaction":{"idSuffix":"BDI-content"}},"wdio_ui5_key":"applicationmanageresources-display-component---newResourceUnit--newRRUPage-anchBar-application-manageresources-display-component---newResourceUnit--control-anchor"}]}
RESULT: undefined
COMMAND: POST /session/8b5e6cfdfc03247abf4ed7f1414f820f/element - {"using":"xpath","value":"//*[@id=\"application-manageresources-display-component---newResourceUnit--newRRUPage-anchBar-application-manageresources-display-component---newResourceUnit--control-anchor\"]"}
RESULT: {"using":"xpath","value":"//*[@id=\"application-manageresources-display-component---newResourceUnit--newRRUPage-anchBar-application-manageresources-display-component---newResourceUnit--control-anchor\"]"}
COMMAND: POST /session/8b5e6cfdfc03247abf4ed7f1414f820f/element/f.38C819845B9EC31E5A88AE0F72095084.d.D4F9B8D707AB1EC0DBBF017343264245.e.11352/click - {}
RESULT: {}
COMMAND: POST /session/8b5e6cfdfc03247abf4ed7f1414f820f/execute/async - {"script":"<script> [1562 bytes]","args":[{"selector":{"id":"application-manageresources-display-component---newResourceUnit--PLANNING_GROUP","interaction":{"idSuffix":"inner"}},"wdio_ui5_key":"applicationmanageresources-display-component---newResourceUnit--PLANNING_GROUP"}]}
COMMAND: GET /session/8b5e6cfdfc03247abf4ed7f1414f820f/screenshot - {}
RESULT: {"script":"<script> [1562 bytes]","args":[{"selector":{"id":"application-manageresources-display-component---newResourceUnit--PLANNING_GROUP","interaction":{"idSuffix":"inner"}},"wdio_ui5_key":"applicationmanageresources-display-component---newResourceUnit--PLANNING_GROUP"}]}
RESULT: undefined
COMMAND: POST /session/8b5e6cfdfc03247abf4ed7f1414f820f/execute/async - {"script":"<script> [776 bytes]","args":[{"enterText":"Heavy Equi","selector":{"id":"application-manageresources-display-component---newResourceUnit--PLANNING_GROUP","interaction":{"idSuffix":"inner"}},"clearTextFirst":true,"interactionType":"ENTER_TEXT"}]}
RESULT: {}
RESULT: {"script":"<script> [776 bytes]","args":[{"enterText":"Heavy Equi","selector":{"id":"application-manageresources-display-component---newResourceUnit--PLANNING_GROUP","interaction":{"idSuffix":"inner"}},"clearTextFirst":true,"interactionType":"ENTER_TEXT"}]}
COMMAND: POST /session/8b5e6cfdfc03247abf4ed7f1414f820f/execute/async - {"script":"<script> [1562 bytes]","args":[{"selector":{"id":"application-manageresources-display-component---newResourceUnit--ITEM_TYPE-arrow"},"wdio_ui5_key":"applicationmanageresources-display-component---newResourceUnit--ITEM_TYPE-arrow"}]}
RESULT: {"script":"<script> [1562 bytes]","args":[{"selector":{"id":"application-manageresources-display-component---newResourceUnit--ITEM_TYPE-arrow"},"wdio_ui5_key":"applicationmanageresources-display-component---newResourceUnit--ITEM_TYPE-arrow"}]}
RESULT: undefined
COMMAND: POST /session/8b5e6cfdfc03247abf4ed7f1414f820f/element - {"using":"xpath","value":"//*[@id=\"application-manageresources-display-component---newResourceUnit--ITEM_TYPE-arrow\"]"}
RESULT: {"using":"xpath","value":"//*[@id=\"application-manageresources-display-component---newResourceUnit--ITEM_TYPE-arrow\"]"}
COMMAND: POST /session/8b5e6cfdfc03247abf4ed7f1414f820f/element/f.38C819845B9EC31E5A88AE0F72095084.d.D4F9B8D707AB1EC0DBBF017343264245.e.11359/click - {}
RESULT: {}
COMMAND: POST /session/8b5e6cfdfc03247abf4ed7f1414f820f/element - {"using":"xpath","value":"//ul[contains(@id,\"ITEM_TYPE-popup-list-listUl\")]//li[.//span[contains(text(),\"Resource Unit\")]]"}
COMMAND: GET /session/8b5e6cfdfc03247abf4ed7f1414f820f/screenshot - {}
RESULT: {"using":"xpath","value":"//ul[contains(@id,\"ITEM_TYPE-popup-list-listUl\")]//li[.//span[contains(text(),\"Resource Unit\")]]"}
COMMAND: POST /session/8b5e6cfdfc03247abf4ed7f1414f820f/element/f.38C819845B9EC31E5A88AE0F72095084.d.D4F9B8D707AB1EC0DBBF017343264245.e.11360/click - {}
RESULT: {}
RESULT: {}
COMMAND: GET /session/8b5e6cfdfc03247abf4ed7f1414f820f/screenshot - {}
RESULT: {}
COMMAND: POST /session/8b5e6cfdfc03247abf4ed7f1414f820f/element - {"using":"css selector","value":"#application-manageresources-display-component---newResourceUnit--btnAddTimeSegment"}
RESULT: {"using":"css selector","value":"#application-manageresources-display-component---newResourceUnit--btnAddTimeSegment"}
COMMAND: GET /session/8b5e6cfdfc03247abf4ed7f1414f820f/element/f.38C819845B9EC31E5A88AE0F72095084.d.D4F9B8D707AB1EC0DBBF017343264245.e.11367/rect - {}
RESULT: {}
COMMAND: GET /session/8b5e6cfdfc03247abf4ed7f1414f820f/window/rect - {}
RESULT: {}
COMMAND: POST /session/8b5e6cfdfc03247abf4ed7f1414f820f/execute/sync - {"script":"<script> [92 bytes]","args":[]}
RESULT: {"script":"<script> [92 bytes]","args":[]}
COMMAND: POST /session/8b5e6cfdfc03247abf4ed7f1414f820f/actions - {"actions":[{"id":"action37","type":"wheel","parameters":{},"actions":[{"type":"scroll","x":-1888,"y":-32,"deltaX":0,"deltaY":0,"duration":0,"origin":{"element-6066-11e4-a52e-4f735466cecf":"f.38C819845B9EC31E5A88AE0F72095084.d.D4F9B8D707AB1EC0DBBF017343264245.e.11367"}}]}]}
COMMAND: GET /session/8b5e6cfdfc03247abf4ed7f1414f820f/screenshot - {}
RESULT: {}
COMMAND: POST /session/8b5e6cfdfc03247abf4ed7f1414f820f/execute/sync - {"script":"<script> [79 bytes]","args":[{"element-6066-11e4-a52e-4f735466cecf":"f.38C819845B9EC31E5A88AE0F72095084.d.D4F9B8D707AB1EC0DBBF017343264245.e.11367","ELEMENT":"f.38C819845B9EC31E5A88AE0F72095084.d.D4F9B8D707AB1EC0DBBF017343264245.e.11367"},{"block":"start","inline":"nearest"}]}
RESULT: {"script":"<script> [79 bytes]","args":[{"element-6066-11e4-a52e-4f735466cecf":"f.38C819845B9EC31E5A88AE0F72095084.d.D4F9B8D707AB1EC0DBBF017343264245.e.11367","ELEMENT":"f.38C819845B9EC31E5A88AE0F72095084.d.D4F9B8D707AB1EC0DBBF017343264245.e.11367"},{"block":"start","inline":"nearest"}]}
COMMAND: POST /session/8b5e6cfdfc03247abf4ed7f1414f820f/execute/async - {"script":"<script> [1562 bytes]","args":[{"selector":{"id":"application-manageresources-display-component---newResourceUnit--btnAddTimeSegment","interaction":{"idSuffix":"inner"}},"wdio_ui5_key":"applicationmanageresources-display-component---newResourceUnit--btnAddTimeSegment"}]}
COMMAND: GET /session/8b5e6cfdfc03247abf4ed7f1414f820f/screenshot - {}
RESULT: {"script":"<script> [1562 bytes]","args":[{"selector":{"id":"application-manageresources-display-component---newResourceUnit--btnAddTimeSegment","interaction":{"idSuffix":"inner"}},"wdio_ui5_key":"applicationmanageresources-display-component---newResourceUnit--btnAddTimeSegment"}]}
RESULT: undefined
COMMAND: POST /session/8b5e6cfdfc03247abf4ed7f1414f820f/element - {"using":"xpath","value":"//*[@id=\"application-manageresources-display-component---newResourceUnit--btnAddTimeSegment\"]"}
RESULT: {}
RESULT: {"using":"xpath","value":"//*[@id=\"application-manageresources-display-component---newResourceUnit--btnAddTimeSegment\"]"}
COMMAND: POST /session/8b5e6cfdfc03247abf4ed7f1414f820f/element/f.38C819845B9EC31E5A88AE0F72095084.d.D4F9B8D707AB1EC0DBBF017343264245.e.11367/click - {}
RESULT: {}
COMMAND: GET /session/8b5e6cfdfc03247abf4ed7f1414f820f/screenshot - {}
RESULT: {}
COMMAND: POST /session/8b5e6cfdfc03247abf4ed7f1414f820f/element - {"using":"xpath","value":"//input[@id=\"application-manageresources-display-component---newResourceUnit--idRuTSAdmin-application-manageresources-display-component---newResourceUnit--RUTimeSegment-0-inner\"]"}
RESULT: {"using":"xpath","value":"//input[@id=\"application-manageresources-display-component---newResourceUnit--idRuTSAdmin-application-manageresources-display-component---newResourceUnit--RUTimeSegment-0-inner\"]"}
COMMAND: POST /session/8b5e6cfdfc03247abf4ed7f1414f820f/element/f.38C819845B9EC31E5A88AE0F72095084.d.D4F9B8D707AB1EC0DBBF017343264245.e.11373/clear - {}
RESULT: {}
COMMAND: POST /session/8b5e6cfdfc03247abf4ed7f1414f820f/element/f.38C819845B9EC31E5A88AE0F72095084.d.D4F9B8D707AB1EC0DBBF017343264245.e.11373/value - {"text":"632"}
COMMAND: GET /session/8b5e6cfdfc03247abf4ed7f1414f820f/screenshot - {}
RESULT: {"text":"632"}
COMMAND: GET /session/8b5e6cfdfc03247abf4ed7f1414f820f/screenshot - {}
RESULT: {}
RESULT: {}
COMMAND: POST /session/8b5e6cfdfc03247abf4ed7f1414f820f/element - {"using":"xpath","value":"//li[.//span[text()='632']]"}
RESULT: {"using":"xpath","value":"//li[.//span[text()='632']]"}
COMMAND: POST /session/8b5e6cfdfc03247abf4ed7f1414f820f/element/f.38C819845B9EC31E5A88AE0F72095084.d.D4F9B8D707AB1EC0DBBF017343264245.e.11386/click - {}
RESULT: {}
COMMAND: GET /session/8b5e6cfdfc03247abf4ed7f1414f820f/screenshot - {}
RESULT: {}
COMMAND: POST /session/8b5e6cfdfc03247abf4ed7f1414f820f/element - {"using":"xpath","value":"(//span[contains(@id, \"-application-manageresources-display-component---newResourceUnit--RUTimeSegment-0-arrow\")])[6]"}
RESULT: {"using":"xpath","value":"(//span[contains(@id, \"-application-manageresources-display-component---newResourceUnit--RUTimeSegment-0-arrow\")])[6]"}
COMMAND: POST /session/8b5e6cfdfc03247abf4ed7f1414f820f/element/f.38C819845B9EC31E5A88AE0F72095084.d.D4F9B8D707AB1EC0DBBF017343264245.e.11387/click - {}
RESULT: {}
COMMAND: GET /session/8b5e6cfdfc03247abf4ed7f1414f820f/screenshot - {}
RESULT: {}
COMMAND: POST /session/8b5e6cfdfc03247abf4ed7f1414f820f/element - {"using":"xpath","value":"//span[contains(text(), \"PM Order\")]"}
RESULT: {"using":"xpath","value":"//span[contains(text(), \"PM Order\")]"}
COMMAND: POST /session/8b5e6cfdfc03247abf4ed7f1414f820f/element/f.38C819845B9EC31E5A88AE0F72095084.d.D4F9B8D707AB1EC0DBBF017343264245.e.11390/click - {}
RESULT: {}
COMMAND: GET /session/8b5e6cfdfc03247abf4ed7f1414f820f/screenshot - {}
RESULT: {}
COMMAND: POST /session/8b5e6cfdfc03247abf4ed7f1414f820f/element - {"using":"xpath","value":"(//span[contains(@id ,\"manageresources-display-component---newResourceUnit--RUTimeSegment-0-vhi\")])[1]"}
RESULT: {"using":"xpath","value":"(//span[contains(@id ,\"manageresources-display-component---newResourceUnit--RUTimeSegment-0-vhi\")])[1]"}
COMMAND: GET /session/8b5e6cfdfc03247abf4ed7f1414f820f/element/f.38C819845B9EC31E5A88AE0F72095084.d.D4F9B8D707AB1EC0DBBF017343264245.e.11394/rect - {}
RESULT: {}
COMMAND: GET /session/8b5e6cfdfc03247abf4ed7f1414f820f/window/rect - {}
RESULT: {}
COMMAND: POST /session/8b5e6cfdfc03247abf4ed7f1414f820f/execute/sync - {"script":"<script> [92 bytes]","args":[]}
RESULT: {"script":"<script> [92 bytes]","args":[]}
COMMAND: POST /session/8b5e6cfdfc03247abf4ed7f1414f820f/actions - {"actions":[{"id":"action38","type":"wheel","parameters":{},"actions":[{"type":"scroll","x":-869,"y":-24,"deltaX":0,"deltaY":0,"duration":0,"origin":{"element-6066-11e4-a52e-4f735466cecf":"f.38C819845B9EC31E5A88AE0F72095084.d.D4F9B8D707AB1EC0DBBF017343264245.e.11394"}}]}]}
COMMAND: GET /session/8b5e6cfdfc03247abf4ed7f1414f820f/screenshot - {}
RESULT: {"actions":[{"id":"action38","type":"wheel","parameters":{},"actions":[{"type":"scroll","x":-869,"y":-24,"deltaX":0,"deltaY":0,"duration":0,"origin":{"element-6066-11e4-a52e-4f735466cecf":"f.38C819845B9EC31E5A88AE0F72095084.d.D4F9B8D707AB1EC0DBBF017343264245.e.11394"}}]}]}
COMMAND: DELETE /session/8b5e6cfdfc03247abf4ed7f1414f820f/actions - {}
COMMAND: GET /session/8b5e6cfdfc03247abf4ed7f1414f820f/screenshot - {}
RESULT: {}
RESULT: {}
COMMAND: GET /session/8b5e6cfdfc03247abf4ed7f1414f820f/screenshot - {}
RESULT: {}
RESULT: {}
COMMAND: POST /session/8b5e6cfdfc03247abf4ed7f1414f820f/element/f.38C819845B9EC31E5A88AE0F72095084.d.D4F9B8D707AB1EC0DBBF017343264245.e.11394/click - {}
RESULT: {}
COMMAND: GET /session/8b5e6cfdfc03247abf4ed7f1414f820f/screenshot - {}
RESULT: {}
COMMAND: POST /session/8b5e6cfdfc03247abf4ed7f1414f820f/execute/async - {"script":"<script> [1562 bytes]","args":[{"selector":{"controlType":"sap.m.SearchField","properties":{"placeholder":"Search"},"searchOpenDialogs":true,"interaction":{"idSuffix":"I"}},"wdio_ui5_key":"sapm.SearchField{\"placeholder\":\"Search\"}"}]}
RESULT: {"script":"<script> [1562 bytes]","args":[{"selector":{"controlType":"sap.m.SearchField","properties":{"placeholder":"Search"},"searchOpenDialogs":true,"interaction":{"idSuffix":"I"}},"wdio_ui5_key":"sapm.SearchField{\"placeholder\":\"Search\"}"}]}
RESULT: undefined
COMMAND: POST /session/8b5e6cfdfc03247abf4ed7f1414f820f/execute/async - {"script":"<script> [776 bytes]","args":[{"enterText":"4000360","selector":{"controlType":"sap.m.SearchField","properties":{"placeholder":"Search"},"searchOpenDialogs":true,"interaction":{"idSuffix":"I"}},"clearTextFirst":true,"interactionType":"ENTER_TEXT"}]}
RESULT: {"script":"<script> [776 bytes]","args":[{"enterText":"4000360","selector":{"controlType":"sap.m.SearchField","properties":{"placeholder":"Search"},"searchOpenDialogs":true,"interaction":{"idSuffix":"I"}},"clearTextFirst":true,"interactionType":"ENTER_TEXT"}]}
COMMAND: POST /session/8b5e6cfdfc03247abf4ed7f1414f820f/actions - {"actions":[{"id":"action39","type":"key","parameters":{},"actions":[{"type":"keyDown","value":"î€‡"},{"type":"pause","duration":10},{"type":"keyUp","value":"î€‡"}]}]}
RESULT: {"actions":[{"id":"action39","type":"key","parameters":{},"actions":[{"type":"keyDown","value":"î€‡"},{"type":"pause","duration":10},{"type":"keyUp","value":"î€‡"}]}]}
COMMAND: GET /session/8b5e6cfdfc03247abf4ed7f1414f820f/screenshot - {}
RESULT: {}
COMMAND: POST /session/8b5e6cfdfc03247abf4ed7f1414f820f/element - {"using":"xpath","value":"//td/div/span[contains(text(), \"BGL Vehicles\")]"}
RESULT: {"using":"xpath","value":"//td/div/span[contains(text(), \"BGL Vehicles\")]"}
COMMAND: POST /session/8b5e6cfdfc03247abf4ed7f1414f820f/element/f.38C819845B9EC31E5A88AE0F72095084.d.D4F9B8D707AB1EC0DBBF017343264245.e.11415/click - {}
RESULT: {}
COMMAND: GET /session/8b5e6cfdfc03247abf4ed7f1414f820f/screenshot - {}
RESULT: {}
COMMAND: POST /session/8b5e6cfdfc03247abf4ed7f1414f820f/element - {"using":"xpath","value":"//bdi[contains(text(), \"OK\")]"}
RESULT: {"using":"xpath","value":"//bdi[contains(text(), \"OK\")]"}
COMMAND: POST /session/8b5e6cfdfc03247abf4ed7f1414f820f/element/f.38C819845B9EC31E5A88AE0F72095084.d.D4F9B8D707AB1EC0DBBF017343264245.e.11416/click - {}
RESULT: {}
COMMAND: GET /session/8b5e6cfdfc03247abf4ed7f1414f820f/screenshot - {}
RESULT: {}
COMMAND: POST /session/8b5e6cfdfc03247abf4ed7f1414f820f/execute/async - {"script":"<script> [1562 bytes]","args":[{"selector":{"id":"application-manageresources-display-component---newResourceUnit--newRRUPage-anchBar-application-manageresources-display-component---newResourceUnit--resource-anchor","interaction":{"idSuffix":"BDI-content"}},"wdio_ui5_key":"applicationmanageresources-display-component---newResourceUnit--newRRUPage-anchBar-application-manageresources-display-component---newResourceUnit--resource-anchor"}]}
RESULT: {"script":"<script> [1562 bytes]","args":[{"selector":{"id":"application-manageresources-display-component---newResourceUnit--newRRUPage-anchBar-application-manageresources-display-component---newResourceUnit--resource-anchor","interaction":{"idSuffix":"BDI-content"}},"wdio_ui5_key":"applicationmanageresources-display-component---newResourceUnit--newRRUPage-anchBar-application-manageresources-display-component---newResourceUnit--resource-anchor"}]}
RESULT: undefined
COMMAND: POST /session/8b5e6cfdfc03247abf4ed7f1414f820f/element - {"using":"xpath","value":"//*[@id=\"application-manageresources-display-component---newResourceUnit--newRRUPage-anchBar-application-manageresources-display-component---newResourceUnit--resource-anchor\"]"}
RESULT: {"using":"xpath","value":"//*[@id=\"application-manageresources-display-component---newResourceUnit--newRRUPage-anchBar-application-manageresources-display-component---newResourceUnit--resource-anchor\"]"}
COMMAND: POST /session/8b5e6cfdfc03247abf4ed7f1414f820f/element/f.38C819845B9EC31E5A88AE0F72095084.d.D4F9B8D707AB1EC0DBBF017343264245.e.11420/click - {}
RESULT: {}
COMMAND: POST /session/8b5e6cfdfc03247abf4ed7f1414f820f/execute/async - {"script":"<script> [1562 bytes]","args":[{"selector":{"id":"application-manageresources-display-component---newResourceUnit--PLANNED_DELIVERY_DATE","interaction":{"idSuffix":"inner"}},"wdio_ui5_key":"applicationmanageresources-display-component---newResourceUnit--PLANNED_DELIVERY_DATE"}]}
COMMAND: GET /session/8b5e6cfdfc03247abf4ed7f1414f820f/screenshot - {}
RESULT: {"script":"<script> [1562 bytes]","args":[{"selector":{"id":"application-manageresources-display-component---newResourceUnit--PLANNED_DELIVERY_DATE","interaction":{"idSuffix":"inner"}},"wdio_ui5_key":"applicationmanageresources-display-component---newResourceUnit--PLANNED_DELIVERY_DATE"}]}
RESULT: undefined
COMMAND: POST /session/8b5e6cfdfc03247abf4ed7f1414f820f/execute/async - {"script":"<script> [6424 bytes]","args":[{"element-6066-11e4-a52e-4f735466cecf":"f.38C819845B9EC31E5A88AE0F72095084.d.D4F9B8D707AB1EC0DBBF017343264245.e.11251"},"setValue",["6/4/25"]]}
RESULT: {}
RESULT: {"script":"<script> [6424 bytes]","args":[{"element-6066-11e4-a52e-4f735466cecf":"f.38C819845B9EC31E5A88AE0F72095084.d.D4F9B8D707AB1EC0DBBF017343264245.e.11251"},"setValue",["6/4/25"]]}
COMMAND: POST /session/8b5e6cfdfc03247abf4ed7f1414f820f/element - {"using":"xpath","value":"//label[contains(@class, 'sapMLabelRequired') and .//bdi[contains(text(), 'Planned Retirement')]]"}
RESULT: {"using":"xpath","value":"//label[contains(@class, 'sapMLabelRequired') and .//bdi[contains(text(), 'Planned Retirement')]]"}
COMMAND: POST /session/8b5e6cfdfc03247abf4ed7f1414f820f/elements - {"using":"xpath","value":"//label[contains(@class, 'sapMLabelRequired') and .//bdi[contains(text(), 'Planned Retirement')]]"}
RESULT: {"using":"xpath","value":"//label[contains(@class, 'sapMLabelRequired') and .//bdi[contains(text(), 'Planned Retirement')]]"}
COMMAND: POST /session/8b5e6cfdfc03247abf4ed7f1414f820f/element - {"using":"xpath","value":"//button[@data-kt=\"resourceUnitSaveButton\"]"}
RESULT: {"using":"xpath","value":"//button[@data-kt=\"resourceUnitSaveButton\"]"}
COMMAND: POST /session/8b5e6cfdfc03247abf4ed7f1414f820f/element/f.38C819845B9EC31E5A88AE0F72095084.d.D4F9B8D707AB1EC0DBBF017343264245.e.11211/click - {}
RESULT: {}
COMMAND: GET /session/8b5e6cfdfc03247abf4ed7f1414f820f/screenshot - {}
RESULT: {}
COMMAND: POST /session/8b5e6cfdfc03247abf4ed7f1414f820f/element - {"using":"xpath","value":"//bdi[contains(text(), \"Close\")]"}
RESULT: {"using":"xpath","value":"//bdi[contains(text(), \"Close\")]"}
COMMAND: POST /session/8b5e6cfdfc03247abf4ed7f1414f820f/element/f.38C819845B9EC31E5A88AE0F72095084.d.D4F9B8D707AB1EC0DBBF017343264245.e.11429/click - {}
RESULT: {}
COMMAND: GET /session/8b5e6cfdfc03247abf4ed7f1414f820f/screenshot - {}
RESULT: {}
COMMAND: POST /session/8b5e6cfdfc03247abf4ed7f1414f820f/element - {"using":"xpath","value":"(//button[contains(@id ,\"actionsToolbar-overflowButton\")])[1]"}
RESULT: {"using":"xpath","value":"(//button[contains(@id ,\"actionsToolbar-overflowButton\")])[1]"}
COMMAND: POST /session/8b5e6cfdfc03247abf4ed7f1414f820f/element/f.38C819845B9EC31E5A88AE0F72095084.d.D4F9B8D707AB1EC0DBBF017343264245.e.11484/click - {}
RESULT: {}
COMMAND: GET /session/8b5e6cfdfc03247abf4ed7f1414f820f/screenshot - {}
RESULT: {}
COMMAND: POST /session/8b5e6cfdfc03247abf4ed7f1414f820f/element - {"using":"xpath","value":"//button[@data-kt=\"priceInfoButton\"]"}
RESULT: {"using":"xpath","value":"//button[@data-kt=\"priceInfoButton\"]"}
COMMAND: POST /session/8b5e6cfdfc03247abf4ed7f1414f820f/element/f.38C819845B9EC31E5A88AE0F72095084.d.D4F9B8D707AB1EC0DBBF017343264245.e.11486/click - {}
RESULT: {}
COMMAND: GET /session/8b5e6cfdfc03247abf4ed7f1414f820f/screenshot - {}
RESULT: {}
]]></system-out>
    </testcase>
    <testcase classname="chrome.136_0_7103_93.windows.Billing_transfer_US117289" name="Should create new pricing rule" time="48.327">
      <system-out><![CDATA[
COMMAND: POST /session/8b5e6cfdfc03247abf4ed7f1414f820f/element - {"using":"xpath","value":"//button[@data-kt=\"addButton\"]"}
RESULT: {"using":"xpath","value":"//button[@data-kt=\"addButton\"]"}
COMMAND: POST /session/8b5e6cfdfc03247abf4ed7f1414f820f/elements - {"using":"xpath","value":"//button[@data-kt=\"addButton\"]"}
RESULT: {"using":"xpath","value":"//button[@data-kt=\"addButton\"]"}
COMMAND: POST /session/8b5e6cfdfc03247abf4ed7f1414f820f/elements - {"using":"xpath","value":"//button[@data-kt=\"addButton\"]"}
RESULT: {"using":"xpath","value":"//button[@data-kt=\"addButton\"]"}
COMMAND: POST /session/8b5e6cfdfc03247abf4ed7f1414f820f/element - {"using":"xpath","value":"//button[@data-kt=\"addButton\"]"}
RESULT: {"using":"xpath","value":"//button[@data-kt=\"addButton\"]"}
COMMAND: POST /session/8b5e6cfdfc03247abf4ed7f1414f820f/execute/sync - {"script":"<script> [8489 bytes]","args":[{"element-6066-11e4-a52e-4f735466cecf":"f.38C819845B9EC31E5A88AE0F72095084.d.D4F9B8D707AB1EC0DBBF017343264245.e.11522","ELEMENT":"f.38C819845B9EC31E5A88AE0F72095084.d.D4F9B8D707AB1EC0DBBF017343264245.e.11522"}]}
RESULT: {"script":"<script> [8489 bytes]","args":[{"element-6066-11e4-a52e-4f735466cecf":"f.38C819845B9EC31E5A88AE0F72095084.d.D4F9B8D707AB1EC0DBBF017343264245.e.11522","ELEMENT":"f.38C819845B9EC31E5A88AE0F72095084.d.D4F9B8D707AB1EC0DBBF017343264245.e.11522"}]}
COMMAND: GET /session/8b5e6cfdfc03247abf4ed7f1414f820f/element/f.38C819845B9EC31E5A88AE0F72095084.d.D4F9B8D707AB1EC0DBBF017343264245.e.11522/enabled - {}
COMMAND: GET /session/8b5e6cfdfc03247abf4ed7f1414f820f/screenshot - {}
RESULT: {}
COMMAND: POST /session/8b5e6cfdfc03247abf4ed7f1414f820f/execute/sync - {"script":"<script> [8489 bytes]","args":[{"element-6066-11e4-a52e-4f735466cecf":"f.38C819845B9EC31E5A88AE0F72095084.d.D4F9B8D707AB1EC0DBBF017343264245.e.11522","ELEMENT":"f.38C819845B9EC31E5A88AE0F72095084.d.D4F9B8D707AB1EC0DBBF017343264245.e.11522"}]}
COMMAND: GET /session/8b5e6cfdfc03247abf4ed7f1414f820f/screenshot - {}
RESULT: {}
RESULT: {"script":"<script> [8489 bytes]","args":[{"element-6066-11e4-a52e-4f735466cecf":"f.38C819845B9EC31E5A88AE0F72095084.d.D4F9B8D707AB1EC0DBBF017343264245.e.11522","ELEMENT":"f.38C819845B9EC31E5A88AE0F72095084.d.D4F9B8D707AB1EC0DBBF017343264245.e.11522"}]}
COMMAND: POST /session/8b5e6cfdfc03247abf4ed7f1414f820f/execute/sync - {"script":"<script> [5351 bytes]","args":[{"element-6066-11e4-a52e-4f735466cecf":"f.38C819845B9EC31E5A88AE0F72095084.d.D4F9B8D707AB1EC0DBBF017343264245.e.11522","ELEMENT":"f.38C819845B9EC31E5A88AE0F72095084.d.D4F9B8D707AB1EC0DBBF017343264245.e.11522"}]}
COMMAND: GET /session/8b5e6cfdfc03247abf4ed7f1414f820f/screenshot - {}
RESULT: {}
RESULT: {"script":"<script> [5351 bytes]","args":[{"element-6066-11e4-a52e-4f735466cecf":"f.38C819845B9EC31E5A88AE0F72095084.d.D4F9B8D707AB1EC0DBBF017343264245.e.11522","ELEMENT":"f.38C819845B9EC31E5A88AE0F72095084.d.D4F9B8D707AB1EC0DBBF017343264245.e.11522"}]}
COMMAND: POST /session/8b5e6cfdfc03247abf4ed7f1414f820f/element/f.38C819845B9EC31E5A88AE0F72095084.d.D4F9B8D707AB1EC0DBBF017343264245.e.11522/click - {}
COMMAND: GET /session/8b5e6cfdfc03247abf4ed7f1414f820f/screenshot - {}
RESULT: {}
RESULT: {}
COMMAND: GET /session/8b5e6cfdfc03247abf4ed7f1414f820f/screenshot - {}
RESULT: {}
RESULT: {}
COMMAND: POST /session/8b5e6cfdfc03247abf4ed7f1414f820f/execute/async - {"script":"<script> [1562 bytes]","args":[{"selector":{"controlType":"sap.m.Title","viewName":"etm.portal.ui.managepricingrules.view.NewItem","viewId":"application-managepricingrules-display-component---newInfoPriceItem","properties":{"text":"New Pricing Rules - Item Level"}},"wdio_ui5_key":"etmportal.ui.managepricingrules.view.NewItemsap.m.Title{\"text\":\"New Pricing Rules - Item Level\"}"}]}
RESULT: {"script":"<script> [1562 bytes]","args":[{"selector":{"controlType":"sap.m.Title","viewName":"etm.portal.ui.managepricingrules.view.NewItem","viewId":"application-managepricingrules-display-component---newInfoPriceItem","properties":{"text":"New Pricing Rules - Item Level"}},"wdio_ui5_key":"etmportal.ui.managepricingrules.view.NewItemsap.m.Title{\"text\":\"New Pricing Rules - Item Level\"}"}]}
RESULT: undefined
COMMAND: POST /session/8b5e6cfdfc03247abf4ed7f1414f820f/execute/async - {"script":"<script> [6424 bytes]","args":[{"element-6066-11e4-a52e-4f735466cecf":"f.38C819845B9EC31E5A88AE0F72095084.d.D4F9B8D707AB1EC0DBBF017343264245.e.11647"},"getText",[]]}
RESULT: {"script":"<script> [6424 bytes]","args":[{"element-6066-11e4-a52e-4f735466cecf":"f.38C819845B9EC31E5A88AE0F72095084.d.D4F9B8D707AB1EC0DBBF017343264245.e.11647"},"getText",[]]}
COMMAND: POST /session/8b5e6cfdfc03247abf4ed7f1414f820f/execute/async - {"script":"<script> [1562 bytes]","args":[{"selector":{"id":"application-managepricingrules-display-component---newInfoPriceItem--condValidTo","interaction":{"idSuffix":"inner"}},"wdio_ui5_key":"applicationmanagepricingrules-display-component---newInfoPriceItem--condValidTo"}]}
RESULT: {"script":"<script> [1562 bytes]","args":[{"selector":{"id":"application-managepricingrules-display-component---newInfoPriceItem--condValidTo","interaction":{"idSuffix":"inner"}},"wdio_ui5_key":"applicationmanagepricingrules-display-component---newInfoPriceItem--condValidTo"}]}
RESULT: undefined
COMMAND: POST /session/8b5e6cfdfc03247abf4ed7f1414f820f/execute/async - {"script":"<script> [776 bytes]","args":[{"enterText":"2/4/26","selector":{"id":"application-managepricingrules-display-component---newInfoPriceItem--condValidTo","interaction":{"idSuffix":"inner"}},"clearTextFirst":true,"interactionType":"ENTER_TEXT"}]}
RESULT: {"script":"<script> [776 bytes]","args":[{"enterText":"2/4/26","selector":{"id":"application-managepricingrules-display-component---newInfoPriceItem--condValidTo","interaction":{"idSuffix":"inner"}},"clearTextFirst":true,"interactionType":"ENTER_TEXT"}]}
COMMAND: POST /session/8b5e6cfdfc03247abf4ed7f1414f820f/execute/async - {"script":"<script> [1562 bytes]","args":[{"selector":{"id":"application-managepricingrules-display-component---newInfoPriceItem--billType-arrow"},"wdio_ui5_key":"applicationmanagepricingrules-display-component---newInfoPriceItem--billType-arrow"}]}
RESULT: {"script":"<script> [1562 bytes]","args":[{"selector":{"id":"application-managepricingrules-display-component---newInfoPriceItem--billType-arrow"},"wdio_ui5_key":"applicationmanagepricingrules-display-component---newInfoPriceItem--billType-arrow"}]}
RESULT: undefined
COMMAND: POST /session/8b5e6cfdfc03247abf4ed7f1414f820f/element - {"using":"xpath","value":"//*[@id=\"application-managepricingrules-display-component---newInfoPriceItem--billType-arrow\"]"}
RESULT: {"using":"xpath","value":"//*[@id=\"application-managepricingrules-display-component---newInfoPriceItem--billType-arrow\"]"}
COMMAND: POST /session/8b5e6cfdfc03247abf4ed7f1414f820f/element/f.38C819845B9EC31E5A88AE0F72095084.d.D4F9B8D707AB1EC0DBBF017343264245.e.11649/click - {}
RESULT: {}
COMMAND: POST /session/8b5e6cfdfc03247abf4ed7f1414f820f/element - {"using":"xpath","value":"//span[contains(text(), \"TB - Time based\")]"}
COMMAND: GET /session/8b5e6cfdfc03247abf4ed7f1414f820f/screenshot - {}
RESULT: {"using":"xpath","value":"//span[contains(text(), \"TB - Time based\")]"}
COMMAND: POST /session/8b5e6cfdfc03247abf4ed7f1414f820f/element/f.38C819845B9EC31E5A88AE0F72095084.d.D4F9B8D707AB1EC0DBBF017343264245.e.11650/click - {}
RESULT: {}
RESULT: {}
COMMAND: POST /session/8b5e6cfdfc03247abf4ed7f1414f820f/execute/async - {"script":"<script> [1562 bytes]","args":[{"selector":{"id":"application-managepricingrules-display-component---newInfoPriceItem--priceProc-arrow"},"wdio_ui5_key":"applicationmanagepricingrules-display-component---newInfoPriceItem--priceProc-arrow"}]}
COMMAND: GET /session/8b5e6cfdfc03247abf4ed7f1414f820f/screenshot - {}
RESULT: {"script":"<script> [1562 bytes]","args":[{"selector":{"id":"application-managepricingrules-display-component---newInfoPriceItem--priceProc-arrow"},"wdio_ui5_key":"applicationmanagepricingrules-display-component---newInfoPriceItem--priceProc-arrow"}]}
RESULT: undefined
COMMAND: POST /session/8b5e6cfdfc03247abf4ed7f1414f820f/element - {"using":"xpath","value":"//*[@id=\"application-managepricingrules-display-component---newInfoPriceItem--priceProc-arrow\"]"}
RESULT: {}
RESULT: {"using":"xpath","value":"//*[@id=\"application-managepricingrules-display-component---newInfoPriceItem--priceProc-arrow\"]"}
COMMAND: POST /session/8b5e6cfdfc03247abf4ed7f1414f820f/element/f.38C819845B9EC31E5A88AE0F72095084.d.D4F9B8D707AB1EC0DBBF017343264245.e.11651/click - {}
RESULT: {}
COMMAND: POST /session/8b5e6cfdfc03247abf4ed7f1414f820f/element - {"using":"xpath","value":"//span[contains(text(), \"TBS - Time based standard\")]"}
COMMAND: GET /session/8b5e6cfdfc03247abf4ed7f1414f820f/screenshot - {}
RESULT: {"using":"xpath","value":"//span[contains(text(), \"TBS - Time based standard\")]"}
COMMAND: POST /session/8b5e6cfdfc03247abf4ed7f1414f820f/element/f.38C819845B9EC31E5A88AE0F72095084.d.D4F9B8D707AB1EC0DBBF017343264245.e.11652/click - {}
RESULT: {}
RESULT: {}
COMMAND: POST /session/8b5e6cfdfc03247abf4ed7f1414f820f/execute/async - {"script":"<script> [1562 bytes]","args":[{"selector":{"id":"application-managepricingrules-display-component---newInfoPriceItem--calcBase-arrow"},"wdio_ui5_key":"applicationmanagepricingrules-display-component---newInfoPriceItem--calcBase-arrow"}]}
COMMAND: GET /session/8b5e6cfdfc03247abf4ed7f1414f820f/screenshot - {}
RESULT: {"script":"<script> [1562 bytes]","args":[{"selector":{"id":"application-managepricingrules-display-component---newInfoPriceItem--calcBase-arrow"},"wdio_ui5_key":"applicationmanagepricingrules-display-component---newInfoPriceItem--calcBase-arrow"}]}
RESULT: undefined
COMMAND: POST /session/8b5e6cfdfc03247abf4ed7f1414f820f/element - {"using":"xpath","value":"//*[@id=\"application-managepricingrules-display-component---newInfoPriceItem--calcBase-arrow\"]"}
RESULT: {}
RESULT: {"using":"xpath","value":"//*[@id=\"application-managepricingrules-display-component---newInfoPriceItem--calcBase-arrow\"]"}
COMMAND: POST /session/8b5e6cfdfc03247abf4ed7f1414f820f/element/f.38C819845B9EC31E5A88AE0F72095084.d.D4F9B8D707AB1EC0DBBF017343264245.e.11623/click - {}
RESULT: {}
COMMAND: GET /session/8b5e6cfdfc03247abf4ed7f1414f820f/screenshot - {}
RESULT: {}
COMMAND: POST /session/8b5e6cfdfc03247abf4ed7f1414f820f/element - {"using":"xpath","value":"//span[contains(text(), \"0006 - TB(calendar days)\")]"}
RESULT: {"using":"xpath","value":"//span[contains(text(), \"0006 - TB(calendar days)\")]"}
COMMAND: POST /session/8b5e6cfdfc03247abf4ed7f1414f820f/element/f.38C819845B9EC31E5A88AE0F72095084.d.D4F9B8D707AB1EC0DBBF017343264245.e.11653/click - {}
RESULT: {}
COMMAND: GET /session/8b5e6cfdfc03247abf4ed7f1414f820f/screenshot - {}
RESULT: {}
COMMAND: POST /session/8b5e6cfdfc03247abf4ed7f1414f820f/execute/async - {"script":"<script> [1562 bytes]","args":[{"selector":{"id":"application-managepricingrules-display-component---newInfoPriceItem--daysMonth","interaction":{"idSuffix":"inner"}},"wdio_ui5_key":"applicationmanagepricingrules-display-component---newInfoPriceItem--daysMonth"}]}
RESULT: {"script":"<script> [1562 bytes]","args":[{"selector":{"id":"application-managepricingrules-display-component---newInfoPriceItem--daysMonth","interaction":{"idSuffix":"inner"}},"wdio_ui5_key":"applicationmanagepricingrules-display-component---newInfoPriceItem--daysMonth"}]}
RESULT: undefined
COMMAND: POST /session/8b5e6cfdfc03247abf4ed7f1414f820f/execute/async - {"script":"<script> [776 bytes]","args":[{"enterText":"30","selector":{"id":"application-managepricingrules-display-component---newInfoPriceItem--daysMonth","interaction":{"idSuffix":"inner"}},"clearTextFirst":true,"interactionType":"ENTER_TEXT"}]}
RESULT: {"script":"<script> [776 bytes]","args":[{"enterText":"30","selector":{"id":"application-managepricingrules-display-component---newInfoPriceItem--daysMonth","interaction":{"idSuffix":"inner"}},"clearTextFirst":true,"interactionType":"ENTER_TEXT"}]}
COMMAND: POST /session/8b5e6cfdfc03247abf4ed7f1414f820f/element - {"using":"xpath","value":"//button[@data-kt=\"saveNewRuleButton\"]"}
RESULT: {"using":"xpath","value":"//button[@data-kt=\"saveNewRuleButton\"]"}
COMMAND: POST /session/8b5e6cfdfc03247abf4ed7f1414f820f/element/f.38C819845B9EC31E5A88AE0F72095084.d.D4F9B8D707AB1EC0DBBF017343264245.e.11635/click - {}
RESULT: {}
COMMAND: GET /session/8b5e6cfdfc03247abf4ed7f1414f820f/screenshot - {}
RESULT: {}
COMMAND: POST /session/8b5e6cfdfc03247abf4ed7f1414f820f/execute/async - {"script":"<script> [1562 bytes]","args":[{"selector":{"id":"application-managepricingrules-display-component---priceInfoItem--smartFilterBar-btnBasicSearch","interaction":{"idSuffix":"I"}},"wdio_ui5_key":"applicationmanagepricingrules-display-component---priceInfoItem--smartFilterBar-btnBasicSearch"}]}
RESULT: {"script":"<script> [1562 bytes]","args":[{"selector":{"id":"application-managepricingrules-display-component---priceInfoItem--smartFilterBar-btnBasicSearch","interaction":{"idSuffix":"I"}},"wdio_ui5_key":"applicationmanagepricingrules-display-component---priceInfoItem--smartFilterBar-btnBasicSearch"}]}
RESULT: undefined
COMMAND: POST /session/8b5e6cfdfc03247abf4ed7f1414f820f/execute/async - {"script":"<script> [776 bytes]","args":[{"enterText":"djixej1EOv","selector":{"id":"application-managepricingrules-display-component---priceInfoItem--smartFilterBar-btnBasicSearch","interaction":{"idSuffix":"I"}},"clearTextFirst":true,"interactionType":"ENTER_TEXT"}]}
RESULT: {"script":"<script> [776 bytes]","args":[{"enterText":"djixej1EOv","selector":{"id":"application-managepricingrules-display-component---priceInfoItem--smartFilterBar-btnBasicSearch","interaction":{"idSuffix":"I"}},"clearTextFirst":true,"interactionType":"ENTER_TEXT"}]}
COMMAND: POST /session/8b5e6cfdfc03247abf4ed7f1414f820f/actions - {"actions":[{"id":"action40","type":"key","parameters":{},"actions":[{"type":"keyDown","value":"î€‡"},{"type":"pause","duration":10},{"type":"keyUp","value":"î€‡"}]}]}
RESULT: {"actions":[{"id":"action40","type":"key","parameters":{},"actions":[{"type":"keyDown","value":"î€‡"},{"type":"pause","duration":10},{"type":"keyUp","value":"î€‡"}]}]}
COMMAND: GET /session/8b5e6cfdfc03247abf4ed7f1414f820f/screenshot - {}
RESULT: {}
COMMAND: POST /session/8b5e6cfdfc03247abf4ed7f1414f820f/element - {"using":"xpath","value":"//span[@id=\"application-managepricingrules-display-component---priceInfoItem--smartTable-header-inner\"]"}
RESULT: {"using":"xpath","value":"//span[@id=\"application-managepricingrules-display-component---priceInfoItem--smartTable-header-inner\"]"}
COMMAND: POST /session/8b5e6cfdfc03247abf4ed7f1414f820f/elements - {"using":"xpath","value":"//span[@id=\"application-managepricingrules-display-component---priceInfoItem--smartTable-header-inner\"]"}
RESULT: {"using":"xpath","value":"//span[@id=\"application-managepricingrules-display-component---priceInfoItem--smartTable-header-inner\"]"}
COMMAND: POST /session/8b5e6cfdfc03247abf4ed7f1414f820f/execute/sync - {"script":"<script> [56 bytes]","args":[{"element-6066-11e4-a52e-4f735466cecf":"f.38C819845B9EC31E5A88AE0F72095084.d.D4F9B8D707AB1EC0DBBF017343264245.e.11667","ELEMENT":"f.38C819845B9EC31E5A88AE0F72095084.d.D4F9B8D707AB1EC0DBBF017343264245.e.11667"}]}
RESULT: {"script":"<script> [56 bytes]","args":[{"element-6066-11e4-a52e-4f735466cecf":"f.38C819845B9EC31E5A88AE0F72095084.d.D4F9B8D707AB1EC0DBBF017343264245.e.11667","ELEMENT":"f.38C819845B9EC31E5A88AE0F72095084.d.D4F9B8D707AB1EC0DBBF017343264245.e.11667"}]}
COMMAND: POST /session/8b5e6cfdfc03247abf4ed7f1414f820f/element - {"using":"css selector","value":"#shell-header-logo"}
COMMAND: GET /session/8b5e6cfdfc03247abf4ed7f1414f820f/screenshot - {}
RESULT: {"using":"css selector","value":"#shell-header-logo"}
COMMAND: POST /session/8b5e6cfdfc03247abf4ed7f1414f820f/element/f.38C819845B9EC31E5A88AE0F72095084.d.D4F9B8D707AB1EC0DBBF017343264245.e.10792/click - {}
RESULT: {}
RESULT: {}
COMMAND: GET /session/8b5e6cfdfc03247abf4ed7f1414f820f/screenshot - {}
RESULT: {}
]]></system-out>
    </testcase>
    <testcase classname="chrome.136_0_7103_93.windows.Billing_transfer_US117289" name="Should create new condition for equipment" time="63.605">
      <system-out><![CDATA[
COMMAND: POST /session/8b5e6cfdfc03247abf4ed7f1414f820f/execute/async - {"script":"<script> [1562 bytes]","args":[{"selector":{"controlType":"sap.m.GenericTile","properties":{"header":"Manage Conditions & Prices"}},"wdio_ui5_key":"sapm.GenericTile{\"header\":\"Manage Conditions & Prices\"}"}]}
RESULT: {"script":"<script> [1562 bytes]","args":[{"selector":{"controlType":"sap.m.GenericTile","properties":{"header":"Manage Conditions & Prices"}},"wdio_ui5_key":"sapm.GenericTile{\"header\":\"Manage Conditions & Prices\"}"}]}
RESULT: undefined
COMMAND: POST /session/8b5e6cfdfc03247abf4ed7f1414f820f/element - {"using":"xpath","value":"//*[@id=\"__tile53\"]"}
RESULT: {"using":"xpath","value":"//*[@id=\"__tile53\"]"}
COMMAND: POST /session/8b5e6cfdfc03247abf4ed7f1414f820f/element/f.38C819845B9EC31E5A88AE0F72095084.d.D4F9B8D707AB1EC0DBBF017343264245.e.10730/click - {}
RESULT: {}
COMMAND: GET /session/8b5e6cfdfc03247abf4ed7f1414f820f/screenshot - {}
RESULT: {}
COMMAND: POST /session/8b5e6cfdfc03247abf4ed7f1414f820f/elements - {"using":"xpath","value":"//span[text()='Error']"}
RESULT: {"using":"xpath","value":"//span[text()='Error']"}
COMMAND: POST /session/8b5e6cfdfc03247abf4ed7f1414f820f/element - {"using":"xpath","value":"//button[@aria-label=\"Create\"]"}
RESULT: {"using":"xpath","value":"//button[@aria-label=\"Create\"]"}
COMMAND: POST /session/8b5e6cfdfc03247abf4ed7f1414f820f/elements - {"using":"xpath","value":"//button[@aria-label=\"Create\"]"}
RESULT: {"using":"xpath","value":"//button[@aria-label=\"Create\"]"}
COMMAND: POST /session/8b5e6cfdfc03247abf4ed7f1414f820f/execute/sync - {"script":"<script> [8489 bytes]","args":[{"element-6066-11e4-a52e-4f735466cecf":"f.38C819845B9EC31E5A88AE0F72095084.d.D4F9B8D707AB1EC0DBBF017343264245.e.11702","ELEMENT":"f.38C819845B9EC31E5A88AE0F72095084.d.D4F9B8D707AB1EC0DBBF017343264245.e.11702"}]}
RESULT: {"script":"<script> [8489 bytes]","args":[{"element-6066-11e4-a52e-4f735466cecf":"f.38C819845B9EC31E5A88AE0F72095084.d.D4F9B8D707AB1EC0DBBF017343264245.e.11702","ELEMENT":"f.38C819845B9EC31E5A88AE0F72095084.d.D4F9B8D707AB1EC0DBBF017343264245.e.11702"}]}
COMMAND: GET /session/8b5e6cfdfc03247abf4ed7f1414f820f/element/f.38C819845B9EC31E5A88AE0F72095084.d.D4F9B8D707AB1EC0DBBF017343264245.e.11702/enabled - {}
COMMAND: GET /session/8b5e6cfdfc03247abf4ed7f1414f820f/screenshot - {}
RESULT: {}
COMMAND: POST /session/8b5e6cfdfc03247abf4ed7f1414f820f/execute/sync - {"script":"<script> [8489 bytes]","args":[{"element-6066-11e4-a52e-4f735466cecf":"f.38C819845B9EC31E5A88AE0F72095084.d.D4F9B8D707AB1EC0DBBF017343264245.e.11702","ELEMENT":"f.38C819845B9EC31E5A88AE0F72095084.d.D4F9B8D707AB1EC0DBBF017343264245.e.11702"}]}
COMMAND: GET /session/8b5e6cfdfc03247abf4ed7f1414f820f/screenshot - {}
RESULT: {}
RESULT: {"script":"<script> [8489 bytes]","args":[{"element-6066-11e4-a52e-4f735466cecf":"f.38C819845B9EC31E5A88AE0F72095084.d.D4F9B8D707AB1EC0DBBF017343264245.e.11702","ELEMENT":"f.38C819845B9EC31E5A88AE0F72095084.d.D4F9B8D707AB1EC0DBBF017343264245.e.11702"}]}
COMMAND: POST /session/8b5e6cfdfc03247abf4ed7f1414f820f/execute/sync - {"script":"<script> [5351 bytes]","args":[{"element-6066-11e4-a52e-4f735466cecf":"f.38C819845B9EC31E5A88AE0F72095084.d.D4F9B8D707AB1EC0DBBF017343264245.e.11702","ELEMENT":"f.38C819845B9EC31E5A88AE0F72095084.d.D4F9B8D707AB1EC0DBBF017343264245.e.11702"}]}
COMMAND: GET /session/8b5e6cfdfc03247abf4ed7f1414f820f/screenshot - {}
RESULT: {}
RESULT: {"script":"<script> [5351 bytes]","args":[{"element-6066-11e4-a52e-4f735466cecf":"f.38C819845B9EC31E5A88AE0F72095084.d.D4F9B8D707AB1EC0DBBF017343264245.e.11702","ELEMENT":"f.38C819845B9EC31E5A88AE0F72095084.d.D4F9B8D707AB1EC0DBBF017343264245.e.11702"}]}
COMMAND: POST /session/8b5e6cfdfc03247abf4ed7f1414f820f/element/f.38C819845B9EC31E5A88AE0F72095084.d.D4F9B8D707AB1EC0DBBF017343264245.e.11702/click - {}
COMMAND: GET /session/8b5e6cfdfc03247abf4ed7f1414f820f/screenshot - {}
RESULT: {}
RESULT: {}
COMMAND: GET /session/8b5e6cfdfc03247abf4ed7f1414f820f/screenshot - {}
RESULT: {}
RESULT: {}
COMMAND: POST /session/8b5e6cfdfc03247abf4ed7f1414f820f/actions - {"actions":[{"id":"action41","type":"key","parameters":{},"actions":[{"type":"keyDown","value":"î€‡"},{"type":"pause","duration":10},{"type":"keyUp","value":"î€‡"}]}]}
RESULT: {"actions":[{"id":"action41","type":"key","parameters":{},"actions":[{"type":"keyDown","value":"î€‡"},{"type":"pause","duration":10},{"type":"keyUp","value":"î€‡"}]}]}
COMMAND: GET /session/8b5e6cfdfc03247abf4ed7f1414f820f/screenshot - {}
RESULT: {}
COMMAND: POST /session/8b5e6cfdfc03247abf4ed7f1414f820f/execute/async - {"script":"<script> [1562 bytes]","args":[{"selector":{"id":"application-manageconditionprice-display-component---newCondition--condBillCond-arrow"},"wdio_ui5_key":"applicationmanageconditionprice-display-component---newCondition--condBillCond-arrow"}]}
RESULT: {"script":"<script> [1562 bytes]","args":[{"selector":{"id":"application-manageconditionprice-display-component---newCondition--condBillCond-arrow"},"wdio_ui5_key":"applicationmanageconditionprice-display-component---newCondition--condBillCond-arrow"}]}
RESULT: undefined
COMMAND: POST /session/8b5e6cfdfc03247abf4ed7f1414f820f/element - {"using":"xpath","value":"//*[@id=\"application-manageconditionprice-display-component---newCondition--condBillCond-arrow\"]"}
RESULT: {"using":"xpath","value":"//*[@id=\"application-manageconditionprice-display-component---newCondition--condBillCond-arrow\"]"}
COMMAND: POST /session/8b5e6cfdfc03247abf4ed7f1414f820f/element/f.38C819845B9EC31E5A88AE0F72095084.d.D4F9B8D707AB1EC0DBBF017343264245.e.11878/click - {}
RESULT: {}
COMMAND: GET /session/8b5e6cfdfc03247abf4ed7f1414f820f/screenshot - {}
RESULT: {}
COMMAND: POST /session/8b5e6cfdfc03247abf4ed7f1414f820f/element - {"using":"xpath","value":"//li[.//span[contains(text(), \"DISP - D&I special price\")]]"}
RESULT: {"using":"xpath","value":"//li[.//span[contains(text(), \"DISP - D&I special price\")]]"}
COMMAND: POST /session/8b5e6cfdfc03247abf4ed7f1414f820f/element/f.38C819845B9EC31E5A88AE0F72095084.d.D4F9B8D707AB1EC0DBBF017343264245.e.11881/click - {}
RESULT: {}
COMMAND: GET /session/8b5e6cfdfc03247abf4ed7f1414f820f/screenshot - {}
RESULT: {}
COMMAND: POST /session/8b5e6cfdfc03247abf4ed7f1414f820f/execute/async - {"script":"<script> [1562 bytes]","args":[{"selector":{"id":"application-manageconditionprice-display-component---newCondition--condValidTo","interaction":{"idSuffix":"inner"}},"wdio_ui5_key":"applicationmanageconditionprice-display-component---newCondition--condValidTo"}]}
RESULT: {"script":"<script> [1562 bytes]","args":[{"selector":{"id":"application-manageconditionprice-display-component---newCondition--condValidTo","interaction":{"idSuffix":"inner"}},"wdio_ui5_key":"applicationmanageconditionprice-display-component---newCondition--condValidTo"}]}
RESULT: undefined
COMMAND: POST /session/8b5e6cfdfc03247abf4ed7f1414f820f/execute/async - {"script":"<script> [776 bytes]","args":[{"enterText":"2/4/26","selector":{"id":"application-manageconditionprice-display-component---newCondition--condValidTo","interaction":{"idSuffix":"inner"}},"clearTextFirst":true,"interactionType":"ENTER_TEXT"}]}
RESULT: {"script":"<script> [776 bytes]","args":[{"enterText":"2/4/26","selector":{"id":"application-manageconditionprice-display-component---newCondition--condValidTo","interaction":{"idSuffix":"inner"}},"clearTextFirst":true,"interactionType":"ENTER_TEXT"}]}
COMMAND: POST /session/8b5e6cfdfc03247abf4ed7f1414f820f/element - {"using":"xpath","value":"//input[@id=\"application-manageconditionprice-display-component---newCondition--condRU-inner\"]"}
RESULT: {"using":"xpath","value":"//input[@id=\"application-manageconditionprice-display-component---newCondition--condRU-inner\"]"}
COMMAND: POST /session/8b5e6cfdfc03247abf4ed7f1414f820f/element/f.38C819845B9EC31E5A88AE0F72095084.d.D4F9B8D707AB1EC0DBBF017343264245.e.11744/clear - {}
RESULT: {}
COMMAND: POST /session/8b5e6cfdfc03247abf4ed7f1414f820f/element/f.38C819845B9EC31E5A88AE0F72095084.d.D4F9B8D707AB1EC0DBBF017343264245.e.11744/value - {"text":"djixej1EOv"}
COMMAND: GET /session/8b5e6cfdfc03247abf4ed7f1414f820f/screenshot - {}
RESULT: {"text":"djixej1EOv"}
COMMAND: GET /session/8b5e6cfdfc03247abf4ed7f1414f820f/screenshot - {}
RESULT: {}
RESULT: {}
COMMAND: POST /session/8b5e6cfdfc03247abf4ed7f1414f820f/actions - {"actions":[{"id":"action42","type":"key","parameters":{},"actions":[{"type":"keyDown","value":"î€‡"},{"type":"pause","duration":10},{"type":"keyUp","value":"î€‡"}]}]}
RESULT: {"actions":[{"id":"action42","type":"key","parameters":{},"actions":[{"type":"keyDown","value":"î€‡"},{"type":"pause","duration":10},{"type":"keyUp","value":"î€‡"}]}]}
COMMAND: POST /session/8b5e6cfdfc03247abf4ed7f1414f820f/execute/async - {"script":"<script> [1562 bytes]","args":[{"selector":{"id":"application-manageconditionprice-display-component---newCondition--condBaseQty","interaction":{"idSuffix":"inner"}},"wdio_ui5_key":"applicationmanageconditionprice-display-component---newCondition--condBaseQty"}]}
COMMAND: GET /session/8b5e6cfdfc03247abf4ed7f1414f820f/screenshot - {}
RESULT: {"script":"<script> [1562 bytes]","args":[{"selector":{"id":"application-manageconditionprice-display-component---newCondition--condBaseQty","interaction":{"idSuffix":"inner"}},"wdio_ui5_key":"applicationmanageconditionprice-display-component---newCondition--condBaseQty"}]}
RESULT: undefined
COMMAND: POST /session/8b5e6cfdfc03247abf4ed7f1414f820f/execute/async - {"script":"<script> [776 bytes]","args":[{"enterText":"1","selector":{"id":"application-manageconditionprice-display-component---newCondition--condBaseQty","interaction":{"idSuffix":"inner"}},"clearTextFirst":true,"interactionType":"ENTER_TEXT"}]}
RESULT: {}
RESULT: {"script":"<script> [776 bytes]","args":[{"enterText":"1","selector":{"id":"application-manageconditionprice-display-component---newCondition--condBaseQty","interaction":{"idSuffix":"inner"}},"clearTextFirst":true,"interactionType":"ENTER_TEXT"}]}
COMMAND: POST /session/8b5e6cfdfc03247abf4ed7f1414f820f/execute/async - {"script":"<script> [1562 bytes]","args":[{"selector":{"id":"application-manageconditionprice-display-component---newCondition--condValue","interaction":{"idSuffix":"inner"}},"wdio_ui5_key":"applicationmanageconditionprice-display-component---newCondition--condValue"}]}
RESULT: {"script":"<script> [1562 bytes]","args":[{"selector":{"id":"application-manageconditionprice-display-component---newCondition--condValue","interaction":{"idSuffix":"inner"}},"wdio_ui5_key":"applicationmanageconditionprice-display-component---newCondition--condValue"}]}
RESULT: undefined
COMMAND: POST /session/8b5e6cfdfc03247abf4ed7f1414f820f/execute/async - {"script":"<script> [776 bytes]","args":[{"enterText":"100","selector":{"id":"application-manageconditionprice-display-component---newCondition--condValue","interaction":{"idSuffix":"inner"}},"clearTextFirst":true,"interactionType":"ENTER_TEXT"}]}
RESULT: {"script":"<script> [776 bytes]","args":[{"enterText":"100","selector":{"id":"application-manageconditionprice-display-component---newCondition--condValue","interaction":{"idSuffix":"inner"}},"clearTextFirst":true,"interactionType":"ENTER_TEXT"}]}
COMMAND: POST /session/8b5e6cfdfc03247abf4ed7f1414f820f/execute/async - {"script":"<script> [1562 bytes]","args":[{"selector":{"id":"application-manageconditionprice-display-component---newCondition--condCurr-arrow"},"wdio_ui5_key":"applicationmanageconditionprice-display-component---newCondition--condCurr-arrow"}]}
RESULT: {"script":"<script> [1562 bytes]","args":[{"selector":{"id":"application-manageconditionprice-display-component---newCondition--condCurr-arrow"},"wdio_ui5_key":"applicationmanageconditionprice-display-component---newCondition--condCurr-arrow"}]}
RESULT: undefined
COMMAND: POST /session/8b5e6cfdfc03247abf4ed7f1414f820f/element - {"using":"xpath","value":"//*[@id=\"application-manageconditionprice-display-component---newCondition--condCurr-arrow\"]"}
RESULT: {"using":"xpath","value":"//*[@id=\"application-manageconditionprice-display-component---newCondition--condCurr-arrow\"]"}
COMMAND: POST /session/8b5e6cfdfc03247abf4ed7f1414f820f/element/f.38C819845B9EC31E5A88AE0F72095084.d.D4F9B8D707AB1EC0DBBF017343264245.e.11860/click - {}
RESULT: {}
COMMAND: POST /session/8b5e6cfdfc03247abf4ed7f1414f820f/element - {"using":"xpath","value":"//span[contains(text(), \"Euro\")]"}
COMMAND: GET /session/8b5e6cfdfc03247abf4ed7f1414f820f/screenshot - {}
RESULT: {"using":"xpath","value":"//span[contains(text(), \"Euro\")]"}
COMMAND: POST /session/8b5e6cfdfc03247abf4ed7f1414f820f/element/f.38C819845B9EC31E5A88AE0F72095084.d.D4F9B8D707AB1EC0DBBF017343264245.e.11918/click - {}
RESULT: {}
RESULT: {}
COMMAND: POST /session/8b5e6cfdfc03247abf4ed7f1414f820f/element - {"using":"xpath","value":"//button[@data-kt=\"saveButton\"]"}
COMMAND: GET /session/8b5e6cfdfc03247abf4ed7f1414f820f/screenshot - {}
RESULT: {"using":"xpath","value":"//button[@data-kt=\"saveButton\"]"}
COMMAND: POST /session/8b5e6cfdfc03247abf4ed7f1414f820f/element/f.38C819845B9EC31E5A88AE0F72095084.d.D4F9B8D707AB1EC0DBBF017343264245.e.11861/click - {}
RESULT: {}
RESULT: {}
COMMAND: GET /session/8b5e6cfdfc03247abf4ed7f1414f820f/screenshot - {}
RESULT: {}
COMMAND: POST /session/8b5e6cfdfc03247abf4ed7f1414f820f/execute/async - {"script":"<script> [1562 bytes]","args":[{"selector":{"id":"application-manageconditionprice-display-component---conditions--smartFilterBar-btnBasicSearch","interaction":{"idSuffix":"I"}},"wdio_ui5_key":"applicationmanageconditionprice-display-component---conditions--smartFilterBar-btnBasicSearch"}]}
RESULT: {"script":"<script> [1562 bytes]","args":[{"selector":{"id":"application-manageconditionprice-display-component---conditions--smartFilterBar-btnBasicSearch","interaction":{"idSuffix":"I"}},"wdio_ui5_key":"applicationmanageconditionprice-display-component---conditions--smartFilterBar-btnBasicSearch"}]}
RESULT: undefined
COMMAND: POST /session/8b5e6cfdfc03247abf4ed7f1414f820f/execute/async - {"script":"<script> [776 bytes]","args":[{"enterText":"djixej1EOv","selector":{"id":"application-manageconditionprice-display-component---conditions--smartFilterBar-btnBasicSearch","interaction":{"idSuffix":"I"}},"clearTextFirst":true,"interactionType":"ENTER_TEXT"}]}
RESULT: {"script":"<script> [776 bytes]","args":[{"enterText":"djixej1EOv","selector":{"id":"application-manageconditionprice-display-component---conditions--smartFilterBar-btnBasicSearch","interaction":{"idSuffix":"I"}},"clearTextFirst":true,"interactionType":"ENTER_TEXT"}]}
COMMAND: POST /session/8b5e6cfdfc03247abf4ed7f1414f820f/actions - {"actions":[{"id":"action43","type":"key","parameters":{},"actions":[{"type":"keyDown","value":"î€‡"},{"type":"pause","duration":10},{"type":"keyUp","value":"î€‡"}]}]}
RESULT: {"actions":[{"id":"action43","type":"key","parameters":{},"actions":[{"type":"keyDown","value":"î€‡"},{"type":"pause","duration":10},{"type":"keyUp","value":"î€‡"}]}]}
COMMAND: GET /session/8b5e6cfdfc03247abf4ed7f1414f820f/screenshot - {}
RESULT: {}
COMMAND: POST /session/8b5e6cfdfc03247abf4ed7f1414f820f/execute/async - {"script":"<script> [1562 bytes]","args":[{"selector":{"id":"application-manageconditionprice-display-component---conditions--smartFilterBar-filterItemControl_BASIC-BILL_TYPES-vhi"},"wdio_ui5_key":"applicationmanageconditionprice-display-component---conditions--smartFilterBar-filterItemControl_BASIC-BILL_TYPES-vhi"}]}
RESULT: {"script":"<script> [1562 bytes]","args":[{"selector":{"id":"application-manageconditionprice-display-component---conditions--smartFilterBar-filterItemControl_BASIC-BILL_TYPES-vhi"},"wdio_ui5_key":"applicationmanageconditionprice-display-component---conditions--smartFilterBar-filterItemControl_BASIC-BILL_TYPES-vhi"}]}
RESULT: undefined
COMMAND: POST /session/8b5e6cfdfc03247abf4ed7f1414f820f/element - {"using":"xpath","value":"//*[@id=\"application-manageconditionprice-display-component---conditions--smartFilterBar-filterItemControl_BASIC-BILL_TYPES-vhi\"]"}
RESULT: {"using":"xpath","value":"//*[@id=\"application-manageconditionprice-display-component---conditions--smartFilterBar-filterItemControl_BASIC-BILL_TYPES-vhi\"]"}
COMMAND: POST /session/8b5e6cfdfc03247abf4ed7f1414f820f/element/f.38C819845B9EC31E5A88AE0F72095084.d.D4F9B8D707AB1EC0DBBF017343264245.e.12024/click - {}
RESULT: {}
COMMAND: POST /session/8b5e6cfdfc03247abf4ed7f1414f820f/execute/async - {"script":"<script> [1562 bytes]","args":[{"selector":{"id":"application-manageconditionprice-display-component---conditions--smartFilterBar-filterItemControl_BASIC-BILL_TYPES-valueHelpDialog-smartFilterBar-btnBasicSearch","searchOpenDialogs":true,"interaction":{"idSuffix":"I"}},"wdio_ui5_key":"applicationmanageconditionprice-display-component---conditions--smartFilterBar-filterItemControl_BASIC-BILL_TYPES-valueHelpDialog-smartFilterBar-btnBasicSearch"}]}
COMMAND: GET /session/8b5e6cfdfc03247abf4ed7f1414f820f/screenshot - {}
RESULT: {"script":"<script> [1562 bytes]","args":[{"selector":{"id":"application-manageconditionprice-display-component---conditions--smartFilterBar-filterItemControl_BASIC-BILL_TYPES-valueHelpDialog-smartFilterBar-btnBasicSearch","searchOpenDialogs":true,"interaction":{"idSuffix":"I"}},"wdio_ui5_key":"applicationmanageconditionprice-display-component---conditions--smartFilterBar-filterItemControl_BASIC-BILL_TYPES-valueHelpDialog-smartFilterBar-btnBasicSearch"}]}
RESULT: undefined
COMMAND: POST /session/8b5e6cfdfc03247abf4ed7f1414f820f/execute/async - {"script":"<script> [776 bytes]","args":[{"enterText":"TB","selector":{"id":"application-manageconditionprice-display-component---conditions--smartFilterBar-filterItemControl_BASIC-BILL_TYPES-valueHelpDialog-smartFilterBar-btnBasicSearch","searchOpenDialogs":true,"interaction":{"idSuffix":"I"}},"clearTextFirst":true,"interactionType":"ENTER_TEXT"}]}
RESULT: {}
RESULT: {"script":"<script> [776 bytes]","args":[{"enterText":"TB","selector":{"id":"application-manageconditionprice-display-component---conditions--smartFilterBar-filterItemControl_BASIC-BILL_TYPES-valueHelpDialog-smartFilterBar-btnBasicSearch","searchOpenDialogs":true,"interaction":{"idSuffix":"I"}},"clearTextFirst":true,"interactionType":"ENTER_TEXT"}]}
COMMAND: POST /session/8b5e6cfdfc03247abf4ed7f1414f820f/actions - {"actions":[{"id":"action44","type":"key","parameters":{},"actions":[{"type":"keyDown","value":"î€‡"},{"type":"pause","duration":10},{"type":"keyUp","value":"î€‡"}]}]}
RESULT: {"actions":[{"id":"action44","type":"key","parameters":{},"actions":[{"type":"keyDown","value":"î€‡"},{"type":"pause","duration":10},{"type":"keyUp","value":"î€‡"}]}]}
COMMAND: GET /session/8b5e6cfdfc03247abf4ed7f1414f820f/screenshot - {}
RESULT: {}
COMMAND: POST /session/8b5e6cfdfc03247abf4ed7f1414f820f/element - {"using":"xpath","value":"//div[contains(@id, 'application-manageconditionprice-display-component---conditions--smartFilterBar-filterItemControl_BASIC-BILL_TYPES-valueHelpDialog-table-rowsel0')]"}
RESULT: {"using":"xpath","value":"//div[contains(@id, 'application-manageconditionprice-display-component---conditions--smartFilterBar-filterItemControl_BASIC-BILL_TYPES-valueHelpDialog-table-rowsel0')]"}
COMMAND: POST /session/8b5e6cfdfc03247abf4ed7f1414f820f/element/f.38C819845B9EC31E5A88AE0F72095084.d.D4F9B8D707AB1EC0DBBF017343264245.e.12034/click - {}
RESULT: {}
COMMAND: GET /session/8b5e6cfdfc03247abf4ed7f1414f820f/screenshot - {}
RESULT: {}
COMMAND: POST /session/8b5e6cfdfc03247abf4ed7f1414f820f/element - {"using":"xpath","value":"//bdi[contains(text(), \"OK\")]"}
RESULT: {"using":"xpath","value":"//bdi[contains(text(), \"OK\")]"}
COMMAND: POST /session/8b5e6cfdfc03247abf4ed7f1414f820f/element/f.38C819845B9EC31E5A88AE0F72095084.d.D4F9B8D707AB1EC0DBBF017343264245.e.12036/click - {}
RESULT: {}
COMMAND: GET /session/8b5e6cfdfc03247abf4ed7f1414f820f/screenshot - {}
RESULT: {}
COMMAND: POST /session/8b5e6cfdfc03247abf4ed7f1414f820f/element - {"using":"xpath","value":"//span[@id=\"application-manageconditionprice-display-component---conditions--smartTable-header-inner\"]"}
RESULT: {"using":"xpath","value":"//span[@id=\"application-manageconditionprice-display-component---conditions--smartTable-header-inner\"]"}
COMMAND: POST /session/8b5e6cfdfc03247abf4ed7f1414f820f/elements - {"using":"xpath","value":"//span[@id=\"application-manageconditionprice-display-component---conditions--smartTable-header-inner\"]"}
RESULT: {"using":"xpath","value":"//span[@id=\"application-manageconditionprice-display-component---conditions--smartTable-header-inner\"]"}
COMMAND: POST /session/8b5e6cfdfc03247abf4ed7f1414f820f/execute/sync - {"script":"<script> [56 bytes]","args":[{"element-6066-11e4-a52e-4f735466cecf":"f.38C819845B9EC31E5A88AE0F72095084.d.D4F9B8D707AB1EC0DBBF017343264245.e.12039","ELEMENT":"f.38C819845B9EC31E5A88AE0F72095084.d.D4F9B8D707AB1EC0DBBF017343264245.e.12039"}]}
RESULT: {"script":"<script> [56 bytes]","args":[{"element-6066-11e4-a52e-4f735466cecf":"f.38C819845B9EC31E5A88AE0F72095084.d.D4F9B8D707AB1EC0DBBF017343264245.e.12039","ELEMENT":"f.38C819845B9EC31E5A88AE0F72095084.d.D4F9B8D707AB1EC0DBBF017343264245.e.12039"}]}
COMMAND: POST /session/8b5e6cfdfc03247abf4ed7f1414f820f/element - {"using":"css selector","value":"#shell-header-logo"}
COMMAND: GET /session/8b5e6cfdfc03247abf4ed7f1414f820f/screenshot - {}
RESULT: {"using":"css selector","value":"#shell-header-logo"}
COMMAND: POST /session/8b5e6cfdfc03247abf4ed7f1414f820f/element/f.38C819845B9EC31E5A88AE0F72095084.d.D4F9B8D707AB1EC0DBBF017343264245.e.11670/click - {}
RESULT: {}
RESULT: {}
COMMAND: GET /session/8b5e6cfdfc03247abf4ed7f1414f820f/screenshot - {}
RESULT: {}
]]></system-out>
    </testcase>
  </testsuite>
  <testsuite timestamp="2025-06-04T06:07:35" time="705.353" tests="12" failures="6" errors="6" skipped="0">
    <properties>
      <property name="specId" value="0" />
      <property name="suiteName" value="Create Reverse Billing US127248" />
      <property name="capabilities" value="chrome.136_0_7103_93.windows" />
      <property name="file" value="file:///D:/a/1/s/test/specs/BTS/reverse-billing.spec.js" />
    </properties>
    <testcase classname="chrome.136_0_7103_93.windows.Create_Reverse_Billing_US127248" name="Should create a new yard" time="0.01">
      <system-out><![CDATA[
COMMAND: POST /session/8b5e6cfdfc03247abf4ed7f1414f820f/window/fullscreen - {}
RESULT: {}
]]></system-out>
    </testcase>
    <testcase classname="chrome.136_0_7103_93.windows.Create_Reverse_Billing_US127248" name="Should create a new partner" time="0.003" />
    <testcase classname="chrome.136_0_7103_93.windows.Create_Reverse_Billing_US127248" name="Should create a new site" time="0.003" />
    <testcase classname="chrome.136_0_7103_93.windows.Create_Reverse_Billing_US127248" name="Should create a resource" time="130.665">
      <system-out><![CDATA[
COMMAND: POST /session/8b5e6cfdfc03247abf4ed7f1414f820f/execute/async - {"script":"<script> [1562 bytes]","args":[{"selector":{"controlType":"sap.m.GenericTile","properties":{"header":"Manage Resources"}},"wdio_ui5_key":"sapm.GenericTile{\"header\":\"Manage Resources\"}"}]}
RESULT: {"script":"<script> [1562 bytes]","args":[{"selector":{"controlType":"sap.m.GenericTile","properties":{"header":"Manage Resources"}},"wdio_ui5_key":"sapm.GenericTile{\"header\":\"Manage Resources\"}"}]}
RESULT: undefined
COMMAND: POST /session/8b5e6cfdfc03247abf4ed7f1414f820f/element - {"using":"xpath","value":"//*[@id=\"__tile39\"]"}
RESULT: {"using":"xpath","value":"//*[@id=\"__tile39\"]"}
COMMAND: POST /session/8b5e6cfdfc03247abf4ed7f1414f820f/element/f.38C819845B9EC31E5A88AE0F72095084.d.82CFECEAE9F5915079DB64D60D9F0F23.e.12628/click - {}
RESULT: {}
COMMAND: GET /session/8b5e6cfdfc03247abf4ed7f1414f820f/screenshot - {}
RESULT: {}
COMMAND: POST /session/8b5e6cfdfc03247abf4ed7f1414f820f/elements - {"using":"xpath","value":"//span[text()='Error']"}
RESULT: {"using":"xpath","value":"//span[text()='Error']"}
COMMAND: POST /session/8b5e6cfdfc03247abf4ed7f1414f820f/element - {"using":"xpath","value":"//button[@data-kt=\"addNewRUOverflowToolbarButton\"]"}
RESULT: {"using":"xpath","value":"//button[@data-kt=\"addNewRUOverflowToolbarButton\"]"}
COMMAND: POST /session/8b5e6cfdfc03247abf4ed7f1414f820f/elements - {"using":"xpath","value":"//button[@data-kt=\"addNewRUOverflowToolbarButton\"]"}
RESULT: {"using":"xpath","value":"//button[@data-kt=\"addNewRUOverflowToolbarButton\"]"}
COMMAND: POST /session/8b5e6cfdfc03247abf4ed7f1414f820f/execute/sync - {"script":"<script> [8489 bytes]","args":[{"element-6066-11e4-a52e-4f735466cecf":"f.38C819845B9EC31E5A88AE0F72095084.d.82CFECEAE9F5915079DB64D60D9F0F23.e.12769","ELEMENT":"f.38C819845B9EC31E5A88AE0F72095084.d.82CFECEAE9F5915079DB64D60D9F0F23.e.12769"}]}
RESULT: {"script":"<script> [8489 bytes]","args":[{"element-6066-11e4-a52e-4f735466cecf":"f.38C819845B9EC31E5A88AE0F72095084.d.82CFECEAE9F5915079DB64D60D9F0F23.e.12769","ELEMENT":"f.38C819845B9EC31E5A88AE0F72095084.d.82CFECEAE9F5915079DB64D60D9F0F23.e.12769"}]}
COMMAND: GET /session/8b5e6cfdfc03247abf4ed7f1414f820f/element/f.38C819845B9EC31E5A88AE0F72095084.d.82CFECEAE9F5915079DB64D60D9F0F23.e.12769/enabled - {}
COMMAND: GET /session/8b5e6cfdfc03247abf4ed7f1414f820f/screenshot - {}
RESULT: {}
COMMAND: POST /session/8b5e6cfdfc03247abf4ed7f1414f820f/execute/sync - {"script":"<script> [8489 bytes]","args":[{"element-6066-11e4-a52e-4f735466cecf":"f.38C819845B9EC31E5A88AE0F72095084.d.82CFECEAE9F5915079DB64D60D9F0F23.e.12769","ELEMENT":"f.38C819845B9EC31E5A88AE0F72095084.d.82CFECEAE9F5915079DB64D60D9F0F23.e.12769"}]}
COMMAND: GET /session/8b5e6cfdfc03247abf4ed7f1414f820f/screenshot - {}
RESULT: {}
RESULT: {"script":"<script> [8489 bytes]","args":[{"element-6066-11e4-a52e-4f735466cecf":"f.38C819845B9EC31E5A88AE0F72095084.d.82CFECEAE9F5915079DB64D60D9F0F23.e.12769","ELEMENT":"f.38C819845B9EC31E5A88AE0F72095084.d.82CFECEAE9F5915079DB64D60D9F0F23.e.12769"}]}
COMMAND: POST /session/8b5e6cfdfc03247abf4ed7f1414f820f/execute/sync - {"script":"<script> [5351 bytes]","args":[{"element-6066-11e4-a52e-4f735466cecf":"f.38C819845B9EC31E5A88AE0F72095084.d.82CFECEAE9F5915079DB64D60D9F0F23.e.12769","ELEMENT":"f.38C819845B9EC31E5A88AE0F72095084.d.82CFECEAE9F5915079DB64D60D9F0F23.e.12769"}]}
COMMAND: GET /session/8b5e6cfdfc03247abf4ed7f1414f820f/screenshot - {}
RESULT: {}
RESULT: {"script":"<script> [5351 bytes]","args":[{"element-6066-11e4-a52e-4f735466cecf":"f.38C819845B9EC31E5A88AE0F72095084.d.82CFECEAE9F5915079DB64D60D9F0F23.e.12769","ELEMENT":"f.38C819845B9EC31E5A88AE0F72095084.d.82CFECEAE9F5915079DB64D60D9F0F23.e.12769"}]}
COMMAND: POST /session/8b5e6cfdfc03247abf4ed7f1414f820f/element/f.38C819845B9EC31E5A88AE0F72095084.d.82CFECEAE9F5915079DB64D60D9F0F23.e.12769/click - {}
COMMAND: GET /session/8b5e6cfdfc03247abf4ed7f1414f820f/screenshot - {}
RESULT: {}
RESULT: {}
COMMAND: GET /session/8b5e6cfdfc03247abf4ed7f1414f820f/screenshot - {}
RESULT: {}
COMMAND: POST /session/8b5e6cfdfc03247abf4ed7f1414f820f/execute/async - {"script":"<script> [1562 bytes]","args":[{"selector":{"id":"application-manageresources-display-component---newResourceUnit--TYPE-arrow"},"wdio_ui5_key":"applicationmanageresources-display-component---newResourceUnit--TYPE-arrow"}]}
RESULT: {}
RESULT: {"script":"<script> [1562 bytes]","args":[{"selector":{"id":"application-manageresources-display-component---newResourceUnit--TYPE-arrow"},"wdio_ui5_key":"applicationmanageresources-display-component---newResourceUnit--TYPE-arrow"}]}
RESULT: undefined
COMMAND: POST /session/8b5e6cfdfc03247abf4ed7f1414f820f/element - {"using":"xpath","value":"//*[@id=\"application-manageresources-display-component---newResourceUnit--TYPE-arrow\"]"}
RESULT: {"using":"xpath","value":"//*[@id=\"application-manageresources-display-component---newResourceUnit--TYPE-arrow\"]"}
COMMAND: POST /session/8b5e6cfdfc03247abf4ed7f1414f820f/element/f.38C819845B9EC31E5A88AE0F72095084.d.82CFECEAE9F5915079DB64D60D9F0F23.e.13144/click - {}
RESULT: {}
COMMAND: POST /session/8b5e6cfdfc03247abf4ed7f1414f820f/element - {"using":"xpath","value":"//input[@id=\"application-manageresources-display-component---newResourceUnit--TYPE-inner\"]"}
COMMAND: GET /session/8b5e6cfdfc03247abf4ed7f1414f820f/screenshot - {}
RESULT: {"using":"xpath","value":"//input[@id=\"application-manageresources-display-component---newResourceUnit--TYPE-inner\"]"}
COMMAND: POST /session/8b5e6cfdfc03247abf4ed7f1414f820f/element/f.38C819845B9EC31E5A88AE0F72095084.d.82CFECEAE9F5915079DB64D60D9F0F23.e.13120/clear - {}
RESULT: {}
RESULT: {}
COMMAND: POST /session/8b5e6cfdfc03247abf4ed7f1414f820f/element/f.38C819845B9EC31E5A88AE0F72095084.d.82CFECEAE9F5915079DB64D60D9F0F23.e.13120/value - {"text":"Equipment"}
COMMAND: GET /session/8b5e6cfdfc03247abf4ed7f1414f820f/screenshot - {}
RESULT: {"text":"Equipment"}
COMMAND: GET /session/8b5e6cfdfc03247abf4ed7f1414f820f/screenshot - {}
RESULT: {}
RESULT: {}
COMMAND: POST /session/8b5e6cfdfc03247abf4ed7f1414f820f/actions - {"actions":[{"id":"action46","type":"key","parameters":{},"actions":[{"type":"keyDown","value":"î€‡"},{"type":"pause","duration":10},{"type":"keyUp","value":"î€‡"}]}]}
RESULT: {"actions":[{"id":"action46","type":"key","parameters":{},"actions":[{"type":"keyDown","value":"î€‡"},{"type":"pause","duration":10},{"type":"keyUp","value":"î€‡"}]}]}
COMMAND: POST /session/8b5e6cfdfc03247abf4ed7f1414f820f/execute/async - {"script":"<script> [1562 bytes]","args":[{"selector":{"id":"application-manageresources-display-component---newResourceUnit--resourceId","interaction":{"idSuffix":"inner"}},"wdio_ui5_key":"applicationmanageresources-display-component---newResourceUnit--resourceId"}]}
COMMAND: GET /session/8b5e6cfdfc03247abf4ed7f1414f820f/screenshot - {}
RESULT: {"script":"<script> [1562 bytes]","args":[{"selector":{"id":"application-manageresources-display-component---newResourceUnit--resourceId","interaction":{"idSuffix":"inner"}},"wdio_ui5_key":"applicationmanageresources-display-component---newResourceUnit--resourceId"}]}
RESULT: undefined
COMMAND: POST /session/8b5e6cfdfc03247abf4ed7f1414f820f/execute/async - {"script":"<script> [776 bytes]","args":[{"enterText":"tt0h9Mo51N","selector":{"id":"application-manageresources-display-component---newResourceUnit--resourceId","interaction":{"idSuffix":"inner"}},"clearTextFirst":true,"interactionType":"ENTER_TEXT"}]}
RESULT: {}
RESULT: {"script":"<script> [776 bytes]","args":[{"enterText":"tt0h9Mo51N","selector":{"id":"application-manageresources-display-component---newResourceUnit--resourceId","interaction":{"idSuffix":"inner"}},"clearTextFirst":true,"interactionType":"ENTER_TEXT"}]}
COMMAND: POST /session/8b5e6cfdfc03247abf4ed7f1414f820f/execute/async - {"script":"<script> [1562 bytes]","args":[{"selector":{"id":"application-manageresources-display-component---newResourceUnit--SHORT_TEXT","interaction":{"idSuffix":"inner"}},"wdio_ui5_key":"applicationmanageresources-display-component---newResourceUnit--SHORT_TEXT"}]}
RESULT: {"script":"<script> [1562 bytes]","args":[{"selector":{"id":"application-manageresources-display-component---newResourceUnit--SHORT_TEXT","interaction":{"idSuffix":"inner"}},"wdio_ui5_key":"applicationmanageresources-display-component---newResourceUnit--SHORT_TEXT"}]}
RESULT: undefined
COMMAND: POST /session/8b5e6cfdfc03247abf4ed7f1414f820f/execute/async - {"script":"<script> [776 bytes]","args":[{"enterText":"Intercompany Equipment WDIO","selector":{"id":"application-manageresources-display-component---newResourceUnit--SHORT_TEXT","interaction":{"idSuffix":"inner"}},"clearTextFirst":true,"interactionType":"ENTER_TEXT"}]}
RESULT: {"script":"<script> [776 bytes]","args":[{"enterText":"Intercompany Equipment WDIO","selector":{"id":"application-manageresources-display-component---newResourceUnit--SHORT_TEXT","interaction":{"idSuffix":"inner"}},"clearTextFirst":true,"interactionType":"ENTER_TEXT"}]}
COMMAND: POST /session/8b5e6cfdfc03247abf4ed7f1414f820f/execute/async - {"script":"<script> [1562 bytes]","args":[{"selector":{"id":"application-manageresources-display-component---newResourceUnit--BASE_UNIT_OF_MEASURE","interaction":{"idSuffix":"inner"}},"wdio_ui5_key":"applicationmanageresources-display-component---newResourceUnit--BASE_UNIT_OF_MEASURE"}]}
RESULT: {"script":"<script> [1562 bytes]","args":[{"selector":{"id":"application-manageresources-display-component---newResourceUnit--BASE_UNIT_OF_MEASURE","interaction":{"idSuffix":"inner"}},"wdio_ui5_key":"applicationmanageresources-display-component---newResourceUnit--BASE_UNIT_OF_MEASURE"}]}
RESULT: undefined
COMMAND: POST /session/8b5e6cfdfc03247abf4ed7f1414f820f/execute/async - {"script":"<script> [776 bytes]","args":[{"enterText":"Piece","selector":{"id":"application-manageresources-display-component---newResourceUnit--BASE_UNIT_OF_MEASURE","interaction":{"idSuffix":"inner"}},"clearTextFirst":true,"interactionType":"ENTER_TEXT"}]}
RESULT: {"script":"<script> [776 bytes]","args":[{"enterText":"Piece","selector":{"id":"application-manageresources-display-component---newResourceUnit--BASE_UNIT_OF_MEASURE","interaction":{"idSuffix":"inner"}},"clearTextFirst":true,"interactionType":"ENTER_TEXT"}]}
COMMAND: POST /session/8b5e6cfdfc03247abf4ed7f1414f820f/execute/async - {"script":"<script> [1562 bytes]","args":[{"selector":{"id":"application-manageresources-display-component---newResourceUnit--WEIGHT_UNIT","interaction":{"idSuffix":"inner"}},"wdio_ui5_key":"applicationmanageresources-display-component---newResourceUnit--WEIGHT_UNIT"}]}
RESULT: {"script":"<script> [1562 bytes]","args":[{"selector":{"id":"application-manageresources-display-component---newResourceUnit--WEIGHT_UNIT","interaction":{"idSuffix":"inner"}},"wdio_ui5_key":"applicationmanageresources-display-component---newResourceUnit--WEIGHT_UNIT"}]}
RESULT: undefined
COMMAND: POST /session/8b5e6cfdfc03247abf4ed7f1414f820f/execute/async - {"script":"<script> [776 bytes]","args":[{"enterText":"Gram","selector":{"id":"application-manageresources-display-component---newResourceUnit--WEIGHT_UNIT","interaction":{"idSuffix":"inner"}},"clearTextFirst":true,"interactionType":"ENTER_TEXT"}]}
RESULT: {"script":"<script> [776 bytes]","args":[{"enterText":"Gram","selector":{"id":"application-manageresources-display-component---newResourceUnit--WEIGHT_UNIT","interaction":{"idSuffix":"inner"}},"clearTextFirst":true,"interactionType":"ENTER_TEXT"}]}
COMMAND: POST /session/8b5e6cfdfc03247abf4ed7f1414f820f/execute/async - {"script":"<script> [1562 bytes]","args":[{"selector":{"id":"application-manageresources-display-component---newResourceUnit--DIMENSION_UNIT","interaction":{"idSuffix":"inner"}},"wdio_ui5_key":"applicationmanageresources-display-component---newResourceUnit--DIMENSION_UNIT"}]}
RESULT: {"script":"<script> [1562 bytes]","args":[{"selector":{"id":"application-manageresources-display-component---newResourceUnit--DIMENSION_UNIT","interaction":{"idSuffix":"inner"}},"wdio_ui5_key":"applicationmanageresources-display-component---newResourceUnit--DIMENSION_UNIT"}]}
RESULT: undefined
COMMAND: POST /session/8b5e6cfdfc03247abf4ed7f1414f820f/execute/async - {"script":"<script> [776 bytes]","args":[{"enterText":"Meter","selector":{"id":"application-manageresources-display-component---newResourceUnit--DIMENSION_UNIT","interaction":{"idSuffix":"inner"}},"clearTextFirst":true,"interactionType":"ENTER_TEXT"}]}
RESULT: {"script":"<script> [776 bytes]","args":[{"enterText":"Meter","selector":{"id":"application-manageresources-display-component---newResourceUnit--DIMENSION_UNIT","interaction":{"idSuffix":"inner"}},"clearTextFirst":true,"interactionType":"ENTER_TEXT"}]}
COMMAND: POST /session/8b5e6cfdfc03247abf4ed7f1414f820f/execute/async - {"script":"<script> [1562 bytes]","args":[{"selector":{"id":"application-manageresources-display-component---newResourceUnit--newRRUPage-anchBar-application-manageresources-display-component---newResourceUnit--control-anchor","interaction":{"idSuffix":"BDI-content"}},"wdio_ui5_key":"applicationmanageresources-display-component---newResourceUnit--newRRUPage-anchBar-application-manageresources-display-component---newResourceUnit--control-anchor"}]}
RESULT: {"script":"<script> [1562 bytes]","args":[{"selector":{"id":"application-manageresources-display-component---newResourceUnit--newRRUPage-anchBar-application-manageresources-display-component---newResourceUnit--control-anchor","interaction":{"idSuffix":"BDI-content"}},"wdio_ui5_key":"applicationmanageresources-display-component---newResourceUnit--newRRUPage-anchBar-application-manageresources-display-component---newResourceUnit--control-anchor"}]}
RESULT: undefined
COMMAND: POST /session/8b5e6cfdfc03247abf4ed7f1414f820f/element - {"using":"xpath","value":"//*[@id=\"application-manageresources-display-component---newResourceUnit--newRRUPage-anchBar-application-manageresources-display-component---newResourceUnit--control-anchor\"]"}
RESULT: {"using":"xpath","value":"//*[@id=\"application-manageresources-display-component---newResourceUnit--newRRUPage-anchBar-application-manageresources-display-component---newResourceUnit--control-anchor\"]"}
COMMAND: POST /session/8b5e6cfdfc03247abf4ed7f1414f820f/element/f.38C819845B9EC31E5A88AE0F72095084.d.82CFECEAE9F5915079DB64D60D9F0F23.e.13305/click - {}
RESULT: {}
COMMAND: POST /session/8b5e6cfdfc03247abf4ed7f1414f820f/execute/async - {"script":"<script> [1562 bytes]","args":[{"selector":{"id":"application-manageresources-display-component---newResourceUnit--PLANNING_GROUP","interaction":{"idSuffix":"inner"}},"wdio_ui5_key":"applicationmanageresources-display-component---newResourceUnit--PLANNING_GROUP"}]}
COMMAND: GET /session/8b5e6cfdfc03247abf4ed7f1414f820f/screenshot - {}
RESULT: {"script":"<script> [1562 bytes]","args":[{"selector":{"id":"application-manageresources-display-component---newResourceUnit--PLANNING_GROUP","interaction":{"idSuffix":"inner"}},"wdio_ui5_key":"applicationmanageresources-display-component---newResourceUnit--PLANNING_GROUP"}]}
RESULT: undefined
COMMAND: POST /session/8b5e6cfdfc03247abf4ed7f1414f820f/execute/async - {"script":"<script> [776 bytes]","args":[{"enterText":"Heavy Equi","selector":{"id":"application-manageresources-display-component---newResourceUnit--PLANNING_GROUP","interaction":{"idSuffix":"inner"}},"clearTextFirst":true,"interactionType":"ENTER_TEXT"}]}
RESULT: {}
RESULT: {"script":"<script> [776 bytes]","args":[{"enterText":"Heavy Equi","selector":{"id":"application-manageresources-display-component---newResourceUnit--PLANNING_GROUP","interaction":{"idSuffix":"inner"}},"clearTextFirst":true,"interactionType":"ENTER_TEXT"}]}
COMMAND: POST /session/8b5e6cfdfc03247abf4ed7f1414f820f/execute/async - {"script":"<script> [1562 bytes]","args":[{"selector":{"id":"application-manageresources-display-component---newResourceUnit--ITEM_TYPE-arrow"},"wdio_ui5_key":"applicationmanageresources-display-component---newResourceUnit--ITEM_TYPE-arrow"}]}
RESULT: {"script":"<script> [1562 bytes]","args":[{"selector":{"id":"application-manageresources-display-component---newResourceUnit--ITEM_TYPE-arrow"},"wdio_ui5_key":"applicationmanageresources-display-component---newResourceUnit--ITEM_TYPE-arrow"}]}
RESULT: undefined
COMMAND: POST /session/8b5e6cfdfc03247abf4ed7f1414f820f/element - {"using":"xpath","value":"//*[@id=\"application-manageresources-display-component---newResourceUnit--ITEM_TYPE-arrow\"]"}
RESULT: {"using":"xpath","value":"//*[@id=\"application-manageresources-display-component---newResourceUnit--ITEM_TYPE-arrow\"]"}
COMMAND: POST /session/8b5e6cfdfc03247abf4ed7f1414f820f/element/f.38C819845B9EC31E5A88AE0F72095084.d.82CFECEAE9F5915079DB64D60D9F0F23.e.13314/click - {}
RESULT: {}
COMMAND: POST /session/8b5e6cfdfc03247abf4ed7f1414f820f/element - {"using":"xpath","value":"//ul[contains(@id,\"ITEM_TYPE-popup-list-listUl\")]//li[.//span[contains(text(),\"Resource Unit\")]]"}
COMMAND: GET /session/8b5e6cfdfc03247abf4ed7f1414f820f/screenshot - {}
RESULT: {"using":"xpath","value":"//ul[contains(@id,\"ITEM_TYPE-popup-list-listUl\")]//li[.//span[contains(text(),\"Resource Unit\")]]"}
COMMAND: POST /session/8b5e6cfdfc03247abf4ed7f1414f820f/element/f.38C819845B9EC31E5A88AE0F72095084.d.82CFECEAE9F5915079DB64D60D9F0F23.e.13315/click - {}
RESULT: {}
RESULT: {}
COMMAND: GET /session/8b5e6cfdfc03247abf4ed7f1414f820f/screenshot - {}
RESULT: {}
COMMAND: POST /session/8b5e6cfdfc03247abf4ed7f1414f820f/element - {"using":"css selector","value":"#application-manageresources-display-component---newResourceUnit--btnAddTimeSegment"}
RESULT: {"using":"css selector","value":"#application-manageresources-display-component---newResourceUnit--btnAddTimeSegment"}
COMMAND: GET /session/8b5e6cfdfc03247abf4ed7f1414f820f/element/f.38C819845B9EC31E5A88AE0F72095084.d.82CFECEAE9F5915079DB64D60D9F0F23.e.13322/rect - {}
RESULT: {}
COMMAND: GET /session/8b5e6cfdfc03247abf4ed7f1414f820f/window/rect - {}
RESULT: {}
COMMAND: POST /session/8b5e6cfdfc03247abf4ed7f1414f820f/execute/sync - {"script":"<script> [92 bytes]","args":[]}
RESULT: {"script":"<script> [92 bytes]","args":[]}
COMMAND: POST /session/8b5e6cfdfc03247abf4ed7f1414f820f/actions - {"actions":[{"id":"action47","type":"wheel","parameters":{},"actions":[{"type":"scroll","x":-1888,"y":-32,"deltaX":0,"deltaY":0,"duration":0,"origin":{"element-6066-11e4-a52e-4f735466cecf":"f.38C819845B9EC31E5A88AE0F72095084.d.82CFECEAE9F5915079DB64D60D9F0F23.e.13322"}}]}]}
COMMAND: GET /session/8b5e6cfdfc03247abf4ed7f1414f820f/screenshot - {}
RESULT: {}
COMMAND: POST /session/8b5e6cfdfc03247abf4ed7f1414f820f/execute/sync - {"script":"<script> [79 bytes]","args":[{"element-6066-11e4-a52e-4f735466cecf":"f.38C819845B9EC31E5A88AE0F72095084.d.82CFECEAE9F5915079DB64D60D9F0F23.e.13322","ELEMENT":"f.38C819845B9EC31E5A88AE0F72095084.d.82CFECEAE9F5915079DB64D60D9F0F23.e.13322"},{"block":"start","inline":"nearest"}]}
RESULT: {"script":"<script> [79 bytes]","args":[{"element-6066-11e4-a52e-4f735466cecf":"f.38C819845B9EC31E5A88AE0F72095084.d.82CFECEAE9F5915079DB64D60D9F0F23.e.13322","ELEMENT":"f.38C819845B9EC31E5A88AE0F72095084.d.82CFECEAE9F5915079DB64D60D9F0F23.e.13322"},{"block":"start","inline":"nearest"}]}
COMMAND: POST /session/8b5e6cfdfc03247abf4ed7f1414f820f/execute/async - {"script":"<script> [1562 bytes]","args":[{"selector":{"id":"application-manageresources-display-component---newResourceUnit--btnAddTimeSegment","interaction":{"idSuffix":"inner"}},"wdio_ui5_key":"applicationmanageresources-display-component---newResourceUnit--btnAddTimeSegment"}]}
COMMAND: GET /session/8b5e6cfdfc03247abf4ed7f1414f820f/screenshot - {}
RESULT: {"script":"<script> [1562 bytes]","args":[{"selector":{"id":"application-manageresources-display-component---newResourceUnit--btnAddTimeSegment","interaction":{"idSuffix":"inner"}},"wdio_ui5_key":"applicationmanageresources-display-component---newResourceUnit--btnAddTimeSegment"}]}
RESULT: undefined
COMMAND: POST /session/8b5e6cfdfc03247abf4ed7f1414f820f/element - {"using":"xpath","value":"//*[@id=\"application-manageresources-display-component---newResourceUnit--btnAddTimeSegment\"]"}
RESULT: {}
RESULT: {"using":"xpath","value":"//*[@id=\"application-manageresources-display-component---newResourceUnit--btnAddTimeSegment\"]"}
COMMAND: POST /session/8b5e6cfdfc03247abf4ed7f1414f820f/element/f.38C819845B9EC31E5A88AE0F72095084.d.82CFECEAE9F5915079DB64D60D9F0F23.e.13322/click - {}
RESULT: {}
COMMAND: GET /session/8b5e6cfdfc03247abf4ed7f1414f820f/screenshot - {}
RESULT: {}
COMMAND: POST /session/8b5e6cfdfc03247abf4ed7f1414f820f/element - {"using":"xpath","value":"//input[@id=\"application-manageresources-display-component---newResourceUnit--idRuTSAdmin-application-manageresources-display-component---newResourceUnit--RUTimeSegment-0-inner\"]"}
RESULT: {"using":"xpath","value":"//input[@id=\"application-manageresources-display-component---newResourceUnit--idRuTSAdmin-application-manageresources-display-component---newResourceUnit--RUTimeSegment-0-inner\"]"}
COMMAND: POST /session/8b5e6cfdfc03247abf4ed7f1414f820f/element/f.38C819845B9EC31E5A88AE0F72095084.d.82CFECEAE9F5915079DB64D60D9F0F23.e.13328/clear - {}
RESULT: {}
COMMAND: POST /session/8b5e6cfdfc03247abf4ed7f1414f820f/element/f.38C819845B9EC31E5A88AE0F72095084.d.82CFECEAE9F5915079DB64D60D9F0F23.e.13328/value - {"text":"632"}
COMMAND: GET /session/8b5e6cfdfc03247abf4ed7f1414f820f/screenshot - {}
RESULT: {"text":"632"}
COMMAND: GET /session/8b5e6cfdfc03247abf4ed7f1414f820f/screenshot - {}
RESULT: {}
RESULT: {}
COMMAND: POST /session/8b5e6cfdfc03247abf4ed7f1414f820f/element - {"using":"xpath","value":"//li[.//span[text()='632']]"}
RESULT: {"using":"xpath","value":"//li[.//span[text()='632']]"}
COMMAND: POST /session/8b5e6cfdfc03247abf4ed7f1414f820f/element/f.38C819845B9EC31E5A88AE0F72095084.d.82CFECEAE9F5915079DB64D60D9F0F23.e.13341/click - {}
RESULT: {}
COMMAND: GET /session/8b5e6cfdfc03247abf4ed7f1414f820f/screenshot - {}
RESULT: {}
COMMAND: POST /session/8b5e6cfdfc03247abf4ed7f1414f820f/element - {"using":"xpath","value":"(//span[contains(@id, \"-application-manageresources-display-component---newResourceUnit--RUTimeSegment-0-arrow\")])[6]"}
RESULT: {"using":"xpath","value":"(//span[contains(@id, \"-application-manageresources-display-component---newResourceUnit--RUTimeSegment-0-arrow\")])[6]"}
COMMAND: POST /session/8b5e6cfdfc03247abf4ed7f1414f820f/element/f.38C819845B9EC31E5A88AE0F72095084.d.82CFECEAE9F5915079DB64D60D9F0F23.e.13342/click - {}
RESULT: {}
COMMAND: GET /session/8b5e6cfdfc03247abf4ed7f1414f820f/screenshot - {}
RESULT: {}
COMMAND: POST /session/8b5e6cfdfc03247abf4ed7f1414f820f/element - {"using":"xpath","value":"//span[contains(text(), \"PM Order\")]"}
RESULT: {"using":"xpath","value":"//span[contains(text(), \"PM Order\")]"}
COMMAND: POST /session/8b5e6cfdfc03247abf4ed7f1414f820f/element/f.38C819845B9EC31E5A88AE0F72095084.d.82CFECEAE9F5915079DB64D60D9F0F23.e.13345/click - {}
RESULT: {}
COMMAND: GET /session/8b5e6cfdfc03247abf4ed7f1414f820f/screenshot - {}
RESULT: {}
COMMAND: POST /session/8b5e6cfdfc03247abf4ed7f1414f820f/element - {"using":"xpath","value":"(//span[contains(@id ,\"manageresources-display-component---newResourceUnit--RUTimeSegment-0-vhi\")])[1]"}
RESULT: {"using":"xpath","value":"(//span[contains(@id ,\"manageresources-display-component---newResourceUnit--RUTimeSegment-0-vhi\")])[1]"}
COMMAND: GET /session/8b5e6cfdfc03247abf4ed7f1414f820f/element/f.38C819845B9EC31E5A88AE0F72095084.d.82CFECEAE9F5915079DB64D60D9F0F23.e.13349/rect - {}
RESULT: {}
COMMAND: GET /session/8b5e6cfdfc03247abf4ed7f1414f820f/window/rect - {}
RESULT: {}
COMMAND: POST /session/8b5e6cfdfc03247abf4ed7f1414f820f/execute/sync - {"script":"<script> [92 bytes]","args":[]}
RESULT: {"script":"<script> [92 bytes]","args":[]}
COMMAND: POST /session/8b5e6cfdfc03247abf4ed7f1414f820f/actions - {"actions":[{"id":"action48","type":"wheel","parameters":{},"actions":[{"type":"scroll","x":-869,"y":-24,"deltaX":0,"deltaY":0,"duration":0,"origin":{"element-6066-11e4-a52e-4f735466cecf":"f.38C819845B9EC31E5A88AE0F72095084.d.82CFECEAE9F5915079DB64D60D9F0F23.e.13349"}}]}]}
COMMAND: GET /session/8b5e6cfdfc03247abf4ed7f1414f820f/screenshot - {}
RESULT: {"actions":[{"id":"action48","type":"wheel","parameters":{},"actions":[{"type":"scroll","x":-869,"y":-24,"deltaX":0,"deltaY":0,"duration":0,"origin":{"element-6066-11e4-a52e-4f735466cecf":"f.38C819845B9EC31E5A88AE0F72095084.d.82CFECEAE9F5915079DB64D60D9F0F23.e.13349"}}]}]}
COMMAND: DELETE /session/8b5e6cfdfc03247abf4ed7f1414f820f/actions - {}
COMMAND: GET /session/8b5e6cfdfc03247abf4ed7f1414f820f/screenshot - {}
RESULT: {}
RESULT: {}
COMMAND: GET /session/8b5e6cfdfc03247abf4ed7f1414f820f/screenshot - {}
RESULT: {}
RESULT: {}
COMMAND: POST /session/8b5e6cfdfc03247abf4ed7f1414f820f/element/f.38C819845B9EC31E5A88AE0F72095084.d.82CFECEAE9F5915079DB64D60D9F0F23.e.13349/click - {}
RESULT: {}
COMMAND: GET /session/8b5e6cfdfc03247abf4ed7f1414f820f/screenshot - {}
RESULT: {}
COMMAND: POST /session/8b5e6cfdfc03247abf4ed7f1414f820f/execute/async - {"script":"<script> [1562 bytes]","args":[{"selector":{"controlType":"sap.m.SearchField","properties":{"placeholder":"Search"},"searchOpenDialogs":true,"interaction":{"idSuffix":"I"}},"wdio_ui5_key":"sapm.SearchField{\"placeholder\":\"Search\"}"}]}
RESULT: {"script":"<script> [1562 bytes]","args":[{"selector":{"controlType":"sap.m.SearchField","properties":{"placeholder":"Search"},"searchOpenDialogs":true,"interaction":{"idSuffix":"I"}},"wdio_ui5_key":"sapm.SearchField{\"placeholder\":\"Search\"}"}]}
RESULT: undefined
COMMAND: POST /session/8b5e6cfdfc03247abf4ed7f1414f820f/execute/async - {"script":"<script> [776 bytes]","args":[{"enterText":"4000360","selector":{"controlType":"sap.m.SearchField","properties":{"placeholder":"Search"},"searchOpenDialogs":true,"interaction":{"idSuffix":"I"}},"clearTextFirst":true,"interactionType":"ENTER_TEXT"}]}
RESULT: {"script":"<script> [776 bytes]","args":[{"enterText":"4000360","selector":{"controlType":"sap.m.SearchField","properties":{"placeholder":"Search"},"searchOpenDialogs":true,"interaction":{"idSuffix":"I"}},"clearTextFirst":true,"interactionType":"ENTER_TEXT"}]}
COMMAND: POST /session/8b5e6cfdfc03247abf4ed7f1414f820f/actions - {"actions":[{"id":"action49","type":"key","parameters":{},"actions":[{"type":"keyDown","value":"î€‡"},{"type":"pause","duration":10},{"type":"keyUp","value":"î€‡"}]}]}
RESULT: {"actions":[{"id":"action49","type":"key","parameters":{},"actions":[{"type":"keyDown","value":"î€‡"},{"type":"pause","duration":10},{"type":"keyUp","value":"î€‡"}]}]}
COMMAND: GET /session/8b5e6cfdfc03247abf4ed7f1414f820f/screenshot - {}
RESULT: {}
COMMAND: POST /session/8b5e6cfdfc03247abf4ed7f1414f820f/element - {"using":"xpath","value":"//td/div/span[contains(text(), \"BGL Vehicles\")]"}
RESULT: {"using":"xpath","value":"//td/div/span[contains(text(), \"BGL Vehicles\")]"}
COMMAND: POST /session/8b5e6cfdfc03247abf4ed7f1414f820f/element/f.38C819845B9EC31E5A88AE0F72095084.d.82CFECEAE9F5915079DB64D60D9F0F23.e.13370/click - {}
RESULT: {}
COMMAND: GET /session/8b5e6cfdfc03247abf4ed7f1414f820f/screenshot - {}
RESULT: {}
COMMAND: POST /session/8b5e6cfdfc03247abf4ed7f1414f820f/element - {"using":"xpath","value":"//bdi[contains(text(), \"OK\")]"}
RESULT: {"using":"xpath","value":"//bdi[contains(text(), \"OK\")]"}
COMMAND: POST /session/8b5e6cfdfc03247abf4ed7f1414f820f/element/f.38C819845B9EC31E5A88AE0F72095084.d.82CFECEAE9F5915079DB64D60D9F0F23.e.13371/click - {}
RESULT: {}
COMMAND: GET /session/8b5e6cfdfc03247abf4ed7f1414f820f/screenshot - {}
RESULT: {}
COMMAND: POST /session/8b5e6cfdfc03247abf4ed7f1414f820f/execute/async - {"script":"<script> [1562 bytes]","args":[{"selector":{"id":"application-manageresources-display-component---newResourceUnit--newRRUPage-anchBar-application-manageresources-display-component---newResourceUnit--resource-anchor","interaction":{"idSuffix":"BDI-content"}},"wdio_ui5_key":"applicationmanageresources-display-component---newResourceUnit--newRRUPage-anchBar-application-manageresources-display-component---newResourceUnit--resource-anchor"}]}
RESULT: {"script":"<script> [1562 bytes]","args":[{"selector":{"id":"application-manageresources-display-component---newResourceUnit--newRRUPage-anchBar-application-manageresources-display-component---newResourceUnit--resource-anchor","interaction":{"idSuffix":"BDI-content"}},"wdio_ui5_key":"applicationmanageresources-display-component---newResourceUnit--newRRUPage-anchBar-application-manageresources-display-component---newResourceUnit--resource-anchor"}]}
RESULT: undefined
COMMAND: POST /session/8b5e6cfdfc03247abf4ed7f1414f820f/element - {"using":"xpath","value":"//*[@id=\"application-manageresources-display-component---newResourceUnit--newRRUPage-anchBar-application-manageresources-display-component---newResourceUnit--resource-anchor\"]"}
RESULT: {"using":"xpath","value":"//*[@id=\"application-manageresources-display-component---newResourceUnit--newRRUPage-anchBar-application-manageresources-display-component---newResourceUnit--resource-anchor\"]"}
COMMAND: POST /session/8b5e6cfdfc03247abf4ed7f1414f820f/element/f.38C819845B9EC31E5A88AE0F72095084.d.82CFECEAE9F5915079DB64D60D9F0F23.e.13375/click - {}
RESULT: {}
COMMAND: POST /session/8b5e6cfdfc03247abf4ed7f1414f820f/execute/async - {"script":"<script> [1562 bytes]","args":[{"selector":{"id":"application-manageresources-display-component---newResourceUnit--PLANNED_DELIVERY_DATE","interaction":{"idSuffix":"inner"}},"wdio_ui5_key":"applicationmanageresources-display-component---newResourceUnit--PLANNED_DELIVERY_DATE"}]}
COMMAND: GET /session/8b5e6cfdfc03247abf4ed7f1414f820f/screenshot - {}
RESULT: {"script":"<script> [1562 bytes]","args":[{"selector":{"id":"application-manageresources-display-component---newResourceUnit--PLANNED_DELIVERY_DATE","interaction":{"idSuffix":"inner"}},"wdio_ui5_key":"applicationmanageresources-display-component---newResourceUnit--PLANNED_DELIVERY_DATE"}]}
RESULT: undefined
COMMAND: POST /session/8b5e6cfdfc03247abf4ed7f1414f820f/execute/async - {"script":"<script> [6424 bytes]","args":[{"element-6066-11e4-a52e-4f735466cecf":"f.38C819845B9EC31E5A88AE0F72095084.d.82CFECEAE9F5915079DB64D60D9F0F23.e.13203"},"setValue",["6/4/25"]]}
RESULT: {}
RESULT: {"script":"<script> [6424 bytes]","args":[{"element-6066-11e4-a52e-4f735466cecf":"f.38C819845B9EC31E5A88AE0F72095084.d.82CFECEAE9F5915079DB64D60D9F0F23.e.13203"},"setValue",["6/4/25"]]}
COMMAND: POST /session/8b5e6cfdfc03247abf4ed7f1414f820f/element - {"using":"xpath","value":"//label[contains(@class, 'sapMLabelRequired') and .//bdi[contains(text(), 'Planned Retirement')]]"}
RESULT: {"using":"xpath","value":"//label[contains(@class, 'sapMLabelRequired') and .//bdi[contains(text(), 'Planned Retirement')]]"}
COMMAND: POST /session/8b5e6cfdfc03247abf4ed7f1414f820f/elements - {"using":"xpath","value":"//label[contains(@class, 'sapMLabelRequired') and .//bdi[contains(text(), 'Planned Retirement')]]"}
RESULT: {"using":"xpath","value":"//label[contains(@class, 'sapMLabelRequired') and .//bdi[contains(text(), 'Planned Retirement')]]"}
COMMAND: POST /session/8b5e6cfdfc03247abf4ed7f1414f820f/element - {"using":"xpath","value":"//button[@data-kt=\"resourceUnitSaveButton\"]"}
RESULT: {"using":"xpath","value":"//button[@data-kt=\"resourceUnitSaveButton\"]"}
COMMAND: POST /session/8b5e6cfdfc03247abf4ed7f1414f820f/element/f.38C819845B9EC31E5A88AE0F72095084.d.82CFECEAE9F5915079DB64D60D9F0F23.e.13162/click - {}
RESULT: {}
COMMAND: GET /session/8b5e6cfdfc03247abf4ed7f1414f820f/screenshot - {}
RESULT: {}
COMMAND: POST /session/8b5e6cfdfc03247abf4ed7f1414f820f/element - {"using":"xpath","value":"//bdi[contains(text(), \"Close\")]"}
RESULT: {"using":"xpath","value":"//bdi[contains(text(), \"Close\")]"}
COMMAND: POST /session/8b5e6cfdfc03247abf4ed7f1414f820f/element/f.38C819845B9EC31E5A88AE0F72095084.d.82CFECEAE9F5915079DB64D60D9F0F23.e.13385/click - {}
RESULT: {}
COMMAND: GET /session/8b5e6cfdfc03247abf4ed7f1414f820f/screenshot - {}
RESULT: {}
COMMAND: POST /session/8b5e6cfdfc03247abf4ed7f1414f820f/element - {"using":"xpath","value":"(//button[contains(@id ,\"actionsToolbar-overflowButton\")])[1]"}
RESULT: {"using":"xpath","value":"(//button[contains(@id ,\"actionsToolbar-overflowButton\")])[1]"}
COMMAND: POST /session/8b5e6cfdfc03247abf4ed7f1414f820f/element/f.38C819845B9EC31E5A88AE0F72095084.d.82CFECEAE9F5915079DB64D60D9F0F23.e.13416/click - {}
RESULT: {}
COMMAND: GET /session/8b5e6cfdfc03247abf4ed7f1414f820f/screenshot - {}
RESULT: {}
COMMAND: POST /session/8b5e6cfdfc03247abf4ed7f1414f820f/element - {"using":"xpath","value":"//button[@data-kt=\"priceInfoButton\"]"}
RESULT: {"using":"xpath","value":"//button[@data-kt=\"priceInfoButton\"]"}
COMMAND: POST /session/8b5e6cfdfc03247abf4ed7f1414f820f/element/f.38C819845B9EC31E5A88AE0F72095084.d.82CFECEAE9F5915079DB64D60D9F0F23.e.13418/click - {}
RESULT: {}
COMMAND: GET /session/8b5e6cfdfc03247abf4ed7f1414f820f/screenshot - {}
RESULT: {}
]]></system-out>
    </testcase>
    <testcase classname="chrome.136_0_7103_93.windows.Create_Reverse_Billing_US127248" name="Should create a pricing procedure" time="50.626">
      <system-out><![CDATA[
COMMAND: POST /session/8b5e6cfdfc03247abf4ed7f1414f820f/element - {"using":"xpath","value":"//button[@data-kt=\"addButton\"]"}
RESULT: {"using":"xpath","value":"//button[@data-kt=\"addButton\"]"}
COMMAND: POST /session/8b5e6cfdfc03247abf4ed7f1414f820f/elements - {"using":"xpath","value":"//button[@data-kt=\"addButton\"]"}
RESULT: {"using":"xpath","value":"//button[@data-kt=\"addButton\"]"}
COMMAND: POST /session/8b5e6cfdfc03247abf4ed7f1414f820f/elements - {"using":"xpath","value":"//button[@data-kt=\"addButton\"]"}
RESULT: {"using":"xpath","value":"//button[@data-kt=\"addButton\"]"}
COMMAND: POST /session/8b5e6cfdfc03247abf4ed7f1414f820f/element - {"using":"xpath","value":"//button[@data-kt=\"addButton\"]"}
RESULT: {"using":"xpath","value":"//button[@data-kt=\"addButton\"]"}
COMMAND: POST /session/8b5e6cfdfc03247abf4ed7f1414f820f/execute/sync - {"script":"<script> [8489 bytes]","args":[{"element-6066-11e4-a52e-4f735466cecf":"f.38C819845B9EC31E5A88AE0F72095084.d.82CFECEAE9F5915079DB64D60D9F0F23.e.13455","ELEMENT":"f.38C819845B9EC31E5A88AE0F72095084.d.82CFECEAE9F5915079DB64D60D9F0F23.e.13455"}]}
RESULT: {"script":"<script> [8489 bytes]","args":[{"element-6066-11e4-a52e-4f735466cecf":"f.38C819845B9EC31E5A88AE0F72095084.d.82CFECEAE9F5915079DB64D60D9F0F23.e.13455","ELEMENT":"f.38C819845B9EC31E5A88AE0F72095084.d.82CFECEAE9F5915079DB64D60D9F0F23.e.13455"}]}
COMMAND: GET /session/8b5e6cfdfc03247abf4ed7f1414f820f/element/f.38C819845B9EC31E5A88AE0F72095084.d.82CFECEAE9F5915079DB64D60D9F0F23.e.13455/enabled - {}
COMMAND: GET /session/8b5e6cfdfc03247abf4ed7f1414f820f/screenshot - {}
RESULT: {}
COMMAND: POST /session/8b5e6cfdfc03247abf4ed7f1414f820f/execute/sync - {"script":"<script> [8489 bytes]","args":[{"element-6066-11e4-a52e-4f735466cecf":"f.38C819845B9EC31E5A88AE0F72095084.d.82CFECEAE9F5915079DB64D60D9F0F23.e.13455","ELEMENT":"f.38C819845B9EC31E5A88AE0F72095084.d.82CFECEAE9F5915079DB64D60D9F0F23.e.13455"}]}
COMMAND: GET /session/8b5e6cfdfc03247abf4ed7f1414f820f/screenshot - {}
RESULT: {}
RESULT: {"script":"<script> [8489 bytes]","args":[{"element-6066-11e4-a52e-4f735466cecf":"f.38C819845B9EC31E5A88AE0F72095084.d.82CFECEAE9F5915079DB64D60D9F0F23.e.13455","ELEMENT":"f.38C819845B9EC31E5A88AE0F72095084.d.82CFECEAE9F5915079DB64D60D9F0F23.e.13455"}]}
COMMAND: POST /session/8b5e6cfdfc03247abf4ed7f1414f820f/execute/sync - {"script":"<script> [5351 bytes]","args":[{"element-6066-11e4-a52e-4f735466cecf":"f.38C819845B9EC31E5A88AE0F72095084.d.82CFECEAE9F5915079DB64D60D9F0F23.e.13455","ELEMENT":"f.38C819845B9EC31E5A88AE0F72095084.d.82CFECEAE9F5915079DB64D60D9F0F23.e.13455"}]}
COMMAND: GET /session/8b5e6cfdfc03247abf4ed7f1414f820f/screenshot - {}
RESULT: {}
RESULT: {"script":"<script> [5351 bytes]","args":[{"element-6066-11e4-a52e-4f735466cecf":"f.38C819845B9EC31E5A88AE0F72095084.d.82CFECEAE9F5915079DB64D60D9F0F23.e.13455","ELEMENT":"f.38C819845B9EC31E5A88AE0F72095084.d.82CFECEAE9F5915079DB64D60D9F0F23.e.13455"}]}
COMMAND: POST /session/8b5e6cfdfc03247abf4ed7f1414f820f/element/f.38C819845B9EC31E5A88AE0F72095084.d.82CFECEAE9F5915079DB64D60D9F0F23.e.13455/click - {}
COMMAND: GET /session/8b5e6cfdfc03247abf4ed7f1414f820f/screenshot - {}
RESULT: {}
RESULT: {}
COMMAND: GET /session/8b5e6cfdfc03247abf4ed7f1414f820f/screenshot - {}
RESULT: {}
RESULT: {}
COMMAND: POST /session/8b5e6cfdfc03247abf4ed7f1414f820f/execute/async - {"script":"<script> [1562 bytes]","args":[{"selector":{"controlType":"sap.m.Title","viewName":"etm.portal.ui.managepricingrules.view.NewItem","viewId":"application-managepricingrules-display-component---newInfoPriceItem","properties":{"text":"New Pricing Rules - Item Level"}},"wdio_ui5_key":"etmportal.ui.managepricingrules.view.NewItemsap.m.Title{\"text\":\"New Pricing Rules - Item Level\"}"}]}
RESULT: {"script":"<script> [1562 bytes]","args":[{"selector":{"controlType":"sap.m.Title","viewName":"etm.portal.ui.managepricingrules.view.NewItem","viewId":"application-managepricingrules-display-component---newInfoPriceItem","properties":{"text":"New Pricing Rules - Item Level"}},"wdio_ui5_key":"etmportal.ui.managepricingrules.view.NewItemsap.m.Title{\"text\":\"New Pricing Rules - Item Level\"}"}]}
RESULT: undefined
COMMAND: POST /session/8b5e6cfdfc03247abf4ed7f1414f820f/execute/async - {"script":"<script> [6424 bytes]","args":[{"element-6066-11e4-a52e-4f735466cecf":"f.38C819845B9EC31E5A88AE0F72095084.d.82CFECEAE9F5915079DB64D60D9F0F23.e.13626"},"getText",[]]}
RESULT: {"script":"<script> [6424 bytes]","args":[{"element-6066-11e4-a52e-4f735466cecf":"f.38C819845B9EC31E5A88AE0F72095084.d.82CFECEAE9F5915079DB64D60D9F0F23.e.13626"},"getText",[]]}
COMMAND: POST /session/8b5e6cfdfc03247abf4ed7f1414f820f/execute/async - {"script":"<script> [1562 bytes]","args":[{"selector":{"id":"application-managepricingrules-display-component---newInfoPriceItem--condValidTo","interaction":{"idSuffix":"inner"}},"wdio_ui5_key":"applicationmanagepricingrules-display-component---newInfoPriceItem--condValidTo"}]}
RESULT: {"script":"<script> [1562 bytes]","args":[{"selector":{"id":"application-managepricingrules-display-component---newInfoPriceItem--condValidTo","interaction":{"idSuffix":"inner"}},"wdio_ui5_key":"applicationmanagepricingrules-display-component---newInfoPriceItem--condValidTo"}]}
RESULT: undefined
COMMAND: POST /session/8b5e6cfdfc03247abf4ed7f1414f820f/execute/async - {"script":"<script> [776 bytes]","args":[{"enterText":"2/4/26","selector":{"id":"application-managepricingrules-display-component---newInfoPriceItem--condValidTo","interaction":{"idSuffix":"inner"}},"clearTextFirst":true,"interactionType":"ENTER_TEXT"}]}
RESULT: {"script":"<script> [776 bytes]","args":[{"enterText":"2/4/26","selector":{"id":"application-managepricingrules-display-component---newInfoPriceItem--condValidTo","interaction":{"idSuffix":"inner"}},"clearTextFirst":true,"interactionType":"ENTER_TEXT"}]}
COMMAND: POST /session/8b5e6cfdfc03247abf4ed7f1414f820f/execute/async - {"script":"<script> [1562 bytes]","args":[{"selector":{"id":"application-managepricingrules-display-component---newInfoPriceItem--billType-arrow"},"wdio_ui5_key":"applicationmanagepricingrules-display-component---newInfoPriceItem--billType-arrow"}]}
RESULT: {"script":"<script> [1562 bytes]","args":[{"selector":{"id":"application-managepricingrules-display-component---newInfoPriceItem--billType-arrow"},"wdio_ui5_key":"applicationmanagepricingrules-display-component---newInfoPriceItem--billType-arrow"}]}
RESULT: undefined
COMMAND: POST /session/8b5e6cfdfc03247abf4ed7f1414f820f/element - {"using":"xpath","value":"//*[@id=\"application-managepricingrules-display-component---newInfoPriceItem--billType-arrow\"]"}
RESULT: {"using":"xpath","value":"//*[@id=\"application-managepricingrules-display-component---newInfoPriceItem--billType-arrow\"]"}
COMMAND: POST /session/8b5e6cfdfc03247abf4ed7f1414f820f/element/f.38C819845B9EC31E5A88AE0F72095084.d.82CFECEAE9F5915079DB64D60D9F0F23.e.13584/click - {}
RESULT: {}
COMMAND: POST /session/8b5e6cfdfc03247abf4ed7f1414f820f/element - {"using":"xpath","value":"//span[contains(text(), \"TB - Time based\")]"}
COMMAND: GET /session/8b5e6cfdfc03247abf4ed7f1414f820f/screenshot - {}
RESULT: {"using":"xpath","value":"//span[contains(text(), \"TB - Time based\")]"}
COMMAND: POST /session/8b5e6cfdfc03247abf4ed7f1414f820f/element/f.38C819845B9EC31E5A88AE0F72095084.d.82CFECEAE9F5915079DB64D60D9F0F23.e.13628/click - {}
RESULT: {}
RESULT: {}
COMMAND: POST /session/8b5e6cfdfc03247abf4ed7f1414f820f/execute/async - {"script":"<script> [1562 bytes]","args":[{"selector":{"id":"application-managepricingrules-display-component---newInfoPriceItem--priceProc-arrow"},"wdio_ui5_key":"applicationmanagepricingrules-display-component---newInfoPriceItem--priceProc-arrow"}]}
COMMAND: GET /session/8b5e6cfdfc03247abf4ed7f1414f820f/screenshot - {}
RESULT: {"script":"<script> [1562 bytes]","args":[{"selector":{"id":"application-managepricingrules-display-component---newInfoPriceItem--priceProc-arrow"},"wdio_ui5_key":"applicationmanagepricingrules-display-component---newInfoPriceItem--priceProc-arrow"}]}
RESULT: undefined
COMMAND: POST /session/8b5e6cfdfc03247abf4ed7f1414f820f/element - {"using":"xpath","value":"//*[@id=\"application-managepricingrules-display-component---newInfoPriceItem--priceProc-arrow\"]"}
RESULT: {}
RESULT: {"using":"xpath","value":"//*[@id=\"application-managepricingrules-display-component---newInfoPriceItem--priceProc-arrow\"]"}
COMMAND: POST /session/8b5e6cfdfc03247abf4ed7f1414f820f/element/f.38C819845B9EC31E5A88AE0F72095084.d.82CFECEAE9F5915079DB64D60D9F0F23.e.13591/click - {}
RESULT: {}
COMMAND: POST /session/8b5e6cfdfc03247abf4ed7f1414f820f/element - {"using":"xpath","value":"//span[contains(text(), \"TBS - Time based standard\")]"}
COMMAND: GET /session/8b5e6cfdfc03247abf4ed7f1414f820f/screenshot - {}
RESULT: {"using":"xpath","value":"//span[contains(text(), \"TBS - Time based standard\")]"}
COMMAND: POST /session/8b5e6cfdfc03247abf4ed7f1414f820f/element/f.38C819845B9EC31E5A88AE0F72095084.d.82CFECEAE9F5915079DB64D60D9F0F23.e.13629/click - {}
RESULT: {}
RESULT: {}
COMMAND: POST /session/8b5e6cfdfc03247abf4ed7f1414f820f/execute/async - {"script":"<script> [1562 bytes]","args":[{"selector":{"id":"application-managepricingrules-display-component---newInfoPriceItem--calcBase-arrow"},"wdio_ui5_key":"applicationmanagepricingrules-display-component---newInfoPriceItem--calcBase-arrow"}]}
COMMAND: GET /session/8b5e6cfdfc03247abf4ed7f1414f820f/screenshot - {}
RESULT: {"script":"<script> [1562 bytes]","args":[{"selector":{"id":"application-managepricingrules-display-component---newInfoPriceItem--calcBase-arrow"},"wdio_ui5_key":"applicationmanagepricingrules-display-component---newInfoPriceItem--calcBase-arrow"}]}
RESULT: undefined
COMMAND: POST /session/8b5e6cfdfc03247abf4ed7f1414f820f/element - {"using":"xpath","value":"//*[@id=\"application-managepricingrules-display-component---newInfoPriceItem--calcBase-arrow\"]"}
RESULT: {}
RESULT: {"using":"xpath","value":"//*[@id=\"application-managepricingrules-display-component---newInfoPriceItem--calcBase-arrow\"]"}
COMMAND: POST /session/8b5e6cfdfc03247abf4ed7f1414f820f/element/f.38C819845B9EC31E5A88AE0F72095084.d.82CFECEAE9F5915079DB64D60D9F0F23.e.13598/click - {}
RESULT: {}
COMMAND: GET /session/8b5e6cfdfc03247abf4ed7f1414f820f/screenshot - {}
RESULT: {}
COMMAND: POST /session/8b5e6cfdfc03247abf4ed7f1414f820f/element - {"using":"xpath","value":"//span[contains(text(), \"0006 - TB(calendar days)\")]"}
RESULT: {"using":"xpath","value":"//span[contains(text(), \"0006 - TB(calendar days)\")]"}
COMMAND: POST /session/8b5e6cfdfc03247abf4ed7f1414f820f/element/f.38C819845B9EC31E5A88AE0F72095084.d.82CFECEAE9F5915079DB64D60D9F0F23.e.13630/click - {}
RESULT: {}
COMMAND: GET /session/8b5e6cfdfc03247abf4ed7f1414f820f/screenshot - {}
RESULT: {}
COMMAND: POST /session/8b5e6cfdfc03247abf4ed7f1414f820f/execute/async - {"script":"<script> [1562 bytes]","args":[{"selector":{"id":"application-managepricingrules-display-component---newInfoPriceItem--daysMonth","interaction":{"idSuffix":"inner"}},"wdio_ui5_key":"applicationmanagepricingrules-display-component---newInfoPriceItem--daysMonth"}]}
RESULT: {"script":"<script> [1562 bytes]","args":[{"selector":{"id":"application-managepricingrules-display-component---newInfoPriceItem--daysMonth","interaction":{"idSuffix":"inner"}},"wdio_ui5_key":"applicationmanagepricingrules-display-component---newInfoPriceItem--daysMonth"}]}
RESULT: undefined
COMMAND: POST /session/8b5e6cfdfc03247abf4ed7f1414f820f/execute/async - {"script":"<script> [776 bytes]","args":[{"enterText":"30","selector":{"id":"application-managepricingrules-display-component---newInfoPriceItem--daysMonth","interaction":{"idSuffix":"inner"}},"clearTextFirst":true,"interactionType":"ENTER_TEXT"}]}
RESULT: {"script":"<script> [776 bytes]","args":[{"enterText":"30","selector":{"id":"application-managepricingrules-display-component---newInfoPriceItem--daysMonth","interaction":{"idSuffix":"inner"}},"clearTextFirst":true,"interactionType":"ENTER_TEXT"}]}
COMMAND: POST /session/8b5e6cfdfc03247abf4ed7f1414f820f/element - {"using":"xpath","value":"//button[@data-kt=\"saveNewRuleButton\"]"}
RESULT: {"using":"xpath","value":"//button[@data-kt=\"saveNewRuleButton\"]"}
COMMAND: POST /session/8b5e6cfdfc03247abf4ed7f1414f820f/element/f.38C819845B9EC31E5A88AE0F72095084.d.82CFECEAE9F5915079DB64D60D9F0F23.e.13618/click - {}
RESULT: {}
COMMAND: GET /session/8b5e6cfdfc03247abf4ed7f1414f820f/screenshot - {}
RESULT: {}
COMMAND: POST /session/8b5e6cfdfc03247abf4ed7f1414f820f/execute/async - {"script":"<script> [1562 bytes]","args":[{"selector":{"id":"application-managepricingrules-display-component---priceInfoItem--smartFilterBar-btnBasicSearch","interaction":{"idSuffix":"I"}},"wdio_ui5_key":"applicationmanagepricingrules-display-component---priceInfoItem--smartFilterBar-btnBasicSearch"}]}
RESULT: {"script":"<script> [1562 bytes]","args":[{"selector":{"id":"application-managepricingrules-display-component---priceInfoItem--smartFilterBar-btnBasicSearch","interaction":{"idSuffix":"I"}},"wdio_ui5_key":"applicationmanagepricingrules-display-component---priceInfoItem--smartFilterBar-btnBasicSearch"}]}
RESULT: undefined
COMMAND: POST /session/8b5e6cfdfc03247abf4ed7f1414f820f/execute/async - {"script":"<script> [776 bytes]","args":[{"enterText":"tt0h9Mo51N","selector":{"id":"application-managepricingrules-display-component---priceInfoItem--smartFilterBar-btnBasicSearch","interaction":{"idSuffix":"I"}},"clearTextFirst":true,"interactionType":"ENTER_TEXT"}]}
RESULT: {"script":"<script> [776 bytes]","args":[{"enterText":"tt0h9Mo51N","selector":{"id":"application-managepricingrules-display-component---priceInfoItem--smartFilterBar-btnBasicSearch","interaction":{"idSuffix":"I"}},"clearTextFirst":true,"interactionType":"ENTER_TEXT"}]}
COMMAND: POST /session/8b5e6cfdfc03247abf4ed7f1414f820f/actions - {"actions":[{"id":"action50","type":"key","parameters":{},"actions":[{"type":"keyDown","value":"î€‡"},{"type":"pause","duration":10},{"type":"keyUp","value":"î€‡"}]}]}
RESULT: {"actions":[{"id":"action50","type":"key","parameters":{},"actions":[{"type":"keyDown","value":"î€‡"},{"type":"pause","duration":10},{"type":"keyUp","value":"î€‡"}]}]}
COMMAND: GET /session/8b5e6cfdfc03247abf4ed7f1414f820f/screenshot - {}
RESULT: {}
COMMAND: POST /session/8b5e6cfdfc03247abf4ed7f1414f820f/element - {"using":"xpath","value":"//span[@id=\"application-managepricingrules-display-component---priceInfoItem--smartTable-header-inner\"]"}
RESULT: {"using":"xpath","value":"//span[@id=\"application-managepricingrules-display-component---priceInfoItem--smartTable-header-inner\"]"}
COMMAND: POST /session/8b5e6cfdfc03247abf4ed7f1414f820f/elements - {"using":"xpath","value":"//span[@id=\"application-managepricingrules-display-component---priceInfoItem--smartTable-header-inner\"]"}
RESULT: {"using":"xpath","value":"//span[@id=\"application-managepricingrules-display-component---priceInfoItem--smartTable-header-inner\"]"}
COMMAND: POST /session/8b5e6cfdfc03247abf4ed7f1414f820f/execute/sync - {"script":"<script> [56 bytes]","args":[{"element-6066-11e4-a52e-4f735466cecf":"f.38C819845B9EC31E5A88AE0F72095084.d.82CFECEAE9F5915079DB64D60D9F0F23.e.13644","ELEMENT":"f.38C819845B9EC31E5A88AE0F72095084.d.82CFECEAE9F5915079DB64D60D9F0F23.e.13644"}]}
RESULT: {"script":"<script> [56 bytes]","args":[{"element-6066-11e4-a52e-4f735466cecf":"f.38C819845B9EC31E5A88AE0F72095084.d.82CFECEAE9F5915079DB64D60D9F0F23.e.13644","ELEMENT":"f.38C819845B9EC31E5A88AE0F72095084.d.82CFECEAE9F5915079DB64D60D9F0F23.e.13644"}]}
COMMAND: POST /session/8b5e6cfdfc03247abf4ed7f1414f820f/element - {"using":"css selector","value":"#shell-header-logo"}
COMMAND: GET /session/8b5e6cfdfc03247abf4ed7f1414f820f/screenshot - {}
RESULT: {"using":"css selector","value":"#shell-header-logo"}
COMMAND: POST /session/8b5e6cfdfc03247abf4ed7f1414f820f/element/f.38C819845B9EC31E5A88AE0F72095084.d.82CFECEAE9F5915079DB64D60D9F0F23.e.12740/click - {}
RESULT: {}
RESULT: {}
COMMAND: GET /session/8b5e6cfdfc03247abf4ed7f1414f820f/screenshot - {}
RESULT: {}
]]></system-out>
    </testcase>
    <testcase classname="chrome.136_0_7103_93.windows.Create_Reverse_Billing_US127248" name="Should manage conditions" time="63.934">
      <system-out><![CDATA[
COMMAND: POST /session/8b5e6cfdfc03247abf4ed7f1414f820f/execute/async - {"script":"<script> [1562 bytes]","args":[{"selector":{"controlType":"sap.m.GenericTile","properties":{"header":"Manage Conditions & Prices"}},"wdio_ui5_key":"sapm.GenericTile{\"header\":\"Manage Conditions & Prices\"}"}]}
RESULT: {"script":"<script> [1562 bytes]","args":[{"selector":{"controlType":"sap.m.GenericTile","properties":{"header":"Manage Conditions & Prices"}},"wdio_ui5_key":"sapm.GenericTile{\"header\":\"Manage Conditions & Prices\"}"}]}
RESULT: undefined
COMMAND: POST /session/8b5e6cfdfc03247abf4ed7f1414f820f/element - {"using":"xpath","value":"//*[@id=\"__tile53\"]"}
RESULT: {"using":"xpath","value":"//*[@id=\"__tile53\"]"}
COMMAND: POST /session/8b5e6cfdfc03247abf4ed7f1414f820f/element/f.38C819845B9EC31E5A88AE0F72095084.d.82CFECEAE9F5915079DB64D60D9F0F23.e.12675/click - {}
RESULT: {}
COMMAND: GET /session/8b5e6cfdfc03247abf4ed7f1414f820f/screenshot - {}
RESULT: {}
COMMAND: POST /session/8b5e6cfdfc03247abf4ed7f1414f820f/elements - {"using":"xpath","value":"//span[text()='Error']"}
RESULT: {"using":"xpath","value":"//span[text()='Error']"}
COMMAND: POST /session/8b5e6cfdfc03247abf4ed7f1414f820f/element - {"using":"xpath","value":"//button[@aria-label=\"Create\"]"}
RESULT: {"using":"xpath","value":"//button[@aria-label=\"Create\"]"}
COMMAND: POST /session/8b5e6cfdfc03247abf4ed7f1414f820f/elements - {"using":"xpath","value":"//button[@aria-label=\"Create\"]"}
RESULT: {"using":"xpath","value":"//button[@aria-label=\"Create\"]"}
COMMAND: POST /session/8b5e6cfdfc03247abf4ed7f1414f820f/execute/sync - {"script":"<script> [8489 bytes]","args":[{"element-6066-11e4-a52e-4f735466cecf":"f.38C819845B9EC31E5A88AE0F72095084.d.82CFECEAE9F5915079DB64D60D9F0F23.e.13679","ELEMENT":"f.38C819845B9EC31E5A88AE0F72095084.d.82CFECEAE9F5915079DB64D60D9F0F23.e.13679"}]}
RESULT: {"script":"<script> [8489 bytes]","args":[{"element-6066-11e4-a52e-4f735466cecf":"f.38C819845B9EC31E5A88AE0F72095084.d.82CFECEAE9F5915079DB64D60D9F0F23.e.13679","ELEMENT":"f.38C819845B9EC31E5A88AE0F72095084.d.82CFECEAE9F5915079DB64D60D9F0F23.e.13679"}]}
COMMAND: GET /session/8b5e6cfdfc03247abf4ed7f1414f820f/element/f.38C819845B9EC31E5A88AE0F72095084.d.82CFECEAE9F5915079DB64D60D9F0F23.e.13679/enabled - {}
COMMAND: GET /session/8b5e6cfdfc03247abf4ed7f1414f820f/screenshot - {}
RESULT: {}
COMMAND: POST /session/8b5e6cfdfc03247abf4ed7f1414f820f/execute/sync - {"script":"<script> [8489 bytes]","args":[{"element-6066-11e4-a52e-4f735466cecf":"f.38C819845B9EC31E5A88AE0F72095084.d.82CFECEAE9F5915079DB64D60D9F0F23.e.13679","ELEMENT":"f.38C819845B9EC31E5A88AE0F72095084.d.82CFECEAE9F5915079DB64D60D9F0F23.e.13679"}]}
COMMAND: GET /session/8b5e6cfdfc03247abf4ed7f1414f820f/screenshot - {}
RESULT: {}
RESULT: {"script":"<script> [8489 bytes]","args":[{"element-6066-11e4-a52e-4f735466cecf":"f.38C819845B9EC31E5A88AE0F72095084.d.82CFECEAE9F5915079DB64D60D9F0F23.e.13679","ELEMENT":"f.38C819845B9EC31E5A88AE0F72095084.d.82CFECEAE9F5915079DB64D60D9F0F23.e.13679"}]}
COMMAND: POST /session/8b5e6cfdfc03247abf4ed7f1414f820f/execute/sync - {"script":"<script> [5351 bytes]","args":[{"element-6066-11e4-a52e-4f735466cecf":"f.38C819845B9EC31E5A88AE0F72095084.d.82CFECEAE9F5915079DB64D60D9F0F23.e.13679","ELEMENT":"f.38C819845B9EC31E5A88AE0F72095084.d.82CFECEAE9F5915079DB64D60D9F0F23.e.13679"}]}
COMMAND: GET /session/8b5e6cfdfc03247abf4ed7f1414f820f/screenshot - {}
RESULT: {}
RESULT: {"script":"<script> [5351 bytes]","args":[{"element-6066-11e4-a52e-4f735466cecf":"f.38C819845B9EC31E5A88AE0F72095084.d.82CFECEAE9F5915079DB64D60D9F0F23.e.13679","ELEMENT":"f.38C819845B9EC31E5A88AE0F72095084.d.82CFECEAE9F5915079DB64D60D9F0F23.e.13679"}]}
COMMAND: POST /session/8b5e6cfdfc03247abf4ed7f1414f820f/element/f.38C819845B9EC31E5A88AE0F72095084.d.82CFECEAE9F5915079DB64D60D9F0F23.e.13679/click - {}
COMMAND: GET /session/8b5e6cfdfc03247abf4ed7f1414f820f/screenshot - {}
RESULT: {}
RESULT: {}
COMMAND: GET /session/8b5e6cfdfc03247abf4ed7f1414f820f/screenshot - {}
RESULT: {}
RESULT: {}
COMMAND: POST /session/8b5e6cfdfc03247abf4ed7f1414f820f/actions - {"actions":[{"id":"action51","type":"key","parameters":{},"actions":[{"type":"keyDown","value":"î€‡"},{"type":"pause","duration":10},{"type":"keyUp","value":"î€‡"}]}]}
RESULT: {"actions":[{"id":"action51","type":"key","parameters":{},"actions":[{"type":"keyDown","value":"î€‡"},{"type":"pause","duration":10},{"type":"keyUp","value":"î€‡"}]}]}
COMMAND: GET /session/8b5e6cfdfc03247abf4ed7f1414f820f/screenshot - {}
RESULT: {}
COMMAND: POST /session/8b5e6cfdfc03247abf4ed7f1414f820f/execute/async - {"script":"<script> [1562 bytes]","args":[{"selector":{"id":"application-manageconditionprice-display-component---newCondition--condBillCond-arrow"},"wdio_ui5_key":"applicationmanageconditionprice-display-component---newCondition--condBillCond-arrow"}]}
RESULT: {"script":"<script> [1562 bytes]","args":[{"selector":{"id":"application-manageconditionprice-display-component---newCondition--condBillCond-arrow"},"wdio_ui5_key":"applicationmanageconditionprice-display-component---newCondition--condBillCond-arrow"}]}
RESULT: undefined
COMMAND: POST /session/8b5e6cfdfc03247abf4ed7f1414f820f/element - {"using":"xpath","value":"//*[@id=\"application-manageconditionprice-display-component---newCondition--condBillCond-arrow\"]"}
RESULT: {"using":"xpath","value":"//*[@id=\"application-manageconditionprice-display-component---newCondition--condBillCond-arrow\"]"}
COMMAND: POST /session/8b5e6cfdfc03247abf4ed7f1414f820f/element/f.38C819845B9EC31E5A88AE0F72095084.d.82CFECEAE9F5915079DB64D60D9F0F23.e.13859/click - {}
RESULT: {}
COMMAND: GET /session/8b5e6cfdfc03247abf4ed7f1414f820f/screenshot - {}
RESULT: {}
COMMAND: POST /session/8b5e6cfdfc03247abf4ed7f1414f820f/element - {"using":"xpath","value":"//li[.//span[contains(text(), \"DISP - D&I special price\")]]"}
RESULT: {"using":"xpath","value":"//li[.//span[contains(text(), \"DISP - D&I special price\")]]"}
COMMAND: POST /session/8b5e6cfdfc03247abf4ed7f1414f820f/element/f.38C819845B9EC31E5A88AE0F72095084.d.82CFECEAE9F5915079DB64D60D9F0F23.e.13862/click - {}
RESULT: {}
COMMAND: GET /session/8b5e6cfdfc03247abf4ed7f1414f820f/screenshot - {}
RESULT: {}
COMMAND: POST /session/8b5e6cfdfc03247abf4ed7f1414f820f/execute/async - {"script":"<script> [1562 bytes]","args":[{"selector":{"id":"application-manageconditionprice-display-component---newCondition--condValidTo","interaction":{"idSuffix":"inner"}},"wdio_ui5_key":"applicationmanageconditionprice-display-component---newCondition--condValidTo"}]}
RESULT: {"script":"<script> [1562 bytes]","args":[{"selector":{"id":"application-manageconditionprice-display-component---newCondition--condValidTo","interaction":{"idSuffix":"inner"}},"wdio_ui5_key":"applicationmanageconditionprice-display-component---newCondition--condValidTo"}]}
RESULT: undefined
COMMAND: POST /session/8b5e6cfdfc03247abf4ed7f1414f820f/execute/async - {"script":"<script> [776 bytes]","args":[{"enterText":"2/4/26","selector":{"id":"application-manageconditionprice-display-component---newCondition--condValidTo","interaction":{"idSuffix":"inner"}},"clearTextFirst":true,"interactionType":"ENTER_TEXT"}]}
RESULT: {"script":"<script> [776 bytes]","args":[{"enterText":"2/4/26","selector":{"id":"application-manageconditionprice-display-component---newCondition--condValidTo","interaction":{"idSuffix":"inner"}},"clearTextFirst":true,"interactionType":"ENTER_TEXT"}]}
COMMAND: POST /session/8b5e6cfdfc03247abf4ed7f1414f820f/element - {"using":"xpath","value":"//input[@id=\"application-manageconditionprice-display-component---newCondition--condRU-inner\"]"}
RESULT: {"using":"xpath","value":"//input[@id=\"application-manageconditionprice-display-component---newCondition--condRU-inner\"]"}
COMMAND: POST /session/8b5e6cfdfc03247abf4ed7f1414f820f/element/f.38C819845B9EC31E5A88AE0F72095084.d.82CFECEAE9F5915079DB64D60D9F0F23.e.13695/clear - {}
RESULT: {}
COMMAND: POST /session/8b5e6cfdfc03247abf4ed7f1414f820f/element/f.38C819845B9EC31E5A88AE0F72095084.d.82CFECEAE9F5915079DB64D60D9F0F23.e.13695/value - {"text":"tt0h9Mo51N"}
COMMAND: GET /session/8b5e6cfdfc03247abf4ed7f1414f820f/screenshot - {}
RESULT: {"text":"tt0h9Mo51N"}
COMMAND: GET /session/8b5e6cfdfc03247abf4ed7f1414f820f/screenshot - {}
RESULT: {}
RESULT: {}
COMMAND: POST /session/8b5e6cfdfc03247abf4ed7f1414f820f/actions - {"actions":[{"id":"action52","type":"key","parameters":{},"actions":[{"type":"keyDown","value":"î€‡"},{"type":"pause","duration":10},{"type":"keyUp","value":"î€‡"}]}]}
RESULT: {"actions":[{"id":"action52","type":"key","parameters":{},"actions":[{"type":"keyDown","value":"î€‡"},{"type":"pause","duration":10},{"type":"keyUp","value":"î€‡"}]}]}
COMMAND: POST /session/8b5e6cfdfc03247abf4ed7f1414f820f/execute/async - {"script":"<script> [1562 bytes]","args":[{"selector":{"id":"application-manageconditionprice-display-component---newCondition--condBaseQty","interaction":{"idSuffix":"inner"}},"wdio_ui5_key":"applicationmanageconditionprice-display-component---newCondition--condBaseQty"}]}
COMMAND: GET /session/8b5e6cfdfc03247abf4ed7f1414f820f/screenshot - {}
RESULT: {"script":"<script> [1562 bytes]","args":[{"selector":{"id":"application-manageconditionprice-display-component---newCondition--condBaseQty","interaction":{"idSuffix":"inner"}},"wdio_ui5_key":"applicationmanageconditionprice-display-component---newCondition--condBaseQty"}]}
RESULT: undefined
COMMAND: POST /session/8b5e6cfdfc03247abf4ed7f1414f820f/execute/async - {"script":"<script> [776 bytes]","args":[{"enterText":"1","selector":{"id":"application-manageconditionprice-display-component---newCondition--condBaseQty","interaction":{"idSuffix":"inner"}},"clearTextFirst":true,"interactionType":"ENTER_TEXT"}]}
RESULT: {}
RESULT: {"script":"<script> [776 bytes]","args":[{"enterText":"1","selector":{"id":"application-manageconditionprice-display-component---newCondition--condBaseQty","interaction":{"idSuffix":"inner"}},"clearTextFirst":true,"interactionType":"ENTER_TEXT"}]}
COMMAND: POST /session/8b5e6cfdfc03247abf4ed7f1414f820f/execute/async - {"script":"<script> [1562 bytes]","args":[{"selector":{"id":"application-manageconditionprice-display-component---newCondition--condValue","interaction":{"idSuffix":"inner"}},"wdio_ui5_key":"applicationmanageconditionprice-display-component---newCondition--condValue"}]}
RESULT: {"script":"<script> [1562 bytes]","args":[{"selector":{"id":"application-manageconditionprice-display-component---newCondition--condValue","interaction":{"idSuffix":"inner"}},"wdio_ui5_key":"applicationmanageconditionprice-display-component---newCondition--condValue"}]}
RESULT: undefined
COMMAND: POST /session/8b5e6cfdfc03247abf4ed7f1414f820f/execute/async - {"script":"<script> [776 bytes]","args":[{"enterText":"200","selector":{"id":"application-manageconditionprice-display-component---newCondition--condValue","interaction":{"idSuffix":"inner"}},"clearTextFirst":true,"interactionType":"ENTER_TEXT"}]}
RESULT: {"script":"<script> [776 bytes]","args":[{"enterText":"200","selector":{"id":"application-manageconditionprice-display-component---newCondition--condValue","interaction":{"idSuffix":"inner"}},"clearTextFirst":true,"interactionType":"ENTER_TEXT"}]}
COMMAND: POST /session/8b5e6cfdfc03247abf4ed7f1414f820f/execute/async - {"script":"<script> [1562 bytes]","args":[{"selector":{"id":"application-manageconditionprice-display-component---newCondition--condCurr-arrow"},"wdio_ui5_key":"applicationmanageconditionprice-display-component---newCondition--condCurr-arrow"}]}
RESULT: {"script":"<script> [1562 bytes]","args":[{"selector":{"id":"application-manageconditionprice-display-component---newCondition--condCurr-arrow"},"wdio_ui5_key":"applicationmanageconditionprice-display-component---newCondition--condCurr-arrow"}]}
RESULT: undefined
COMMAND: POST /session/8b5e6cfdfc03247abf4ed7f1414f820f/element - {"using":"xpath","value":"//*[@id=\"application-manageconditionprice-display-component---newCondition--condCurr-arrow\"]"}
RESULT: {"using":"xpath","value":"//*[@id=\"application-manageconditionprice-display-component---newCondition--condCurr-arrow\"]"}
COMMAND: POST /session/8b5e6cfdfc03247abf4ed7f1414f820f/element/f.38C819845B9EC31E5A88AE0F72095084.d.82CFECEAE9F5915079DB64D60D9F0F23.e.13841/click - {}
RESULT: {}
COMMAND: POST /session/8b5e6cfdfc03247abf4ed7f1414f820f/element - {"using":"xpath","value":"//span[contains(text(), \"Euro\")]"}
COMMAND: GET /session/8b5e6cfdfc03247abf4ed7f1414f820f/screenshot - {}
RESULT: {"using":"xpath","value":"//span[contains(text(), \"Euro\")]"}
COMMAND: POST /session/8b5e6cfdfc03247abf4ed7f1414f820f/element/f.38C819845B9EC31E5A88AE0F72095084.d.82CFECEAE9F5915079DB64D60D9F0F23.e.13899/click - {}
RESULT: {}
RESULT: {}
COMMAND: POST /session/8b5e6cfdfc03247abf4ed7f1414f820f/element - {"using":"xpath","value":"//button[@data-kt=\"saveButton\"]"}
COMMAND: GET /session/8b5e6cfdfc03247abf4ed7f1414f820f/screenshot - {}
RESULT: {"using":"xpath","value":"//button[@data-kt=\"saveButton\"]"}
COMMAND: POST /session/8b5e6cfdfc03247abf4ed7f1414f820f/element/f.38C819845B9EC31E5A88AE0F72095084.d.82CFECEAE9F5915079DB64D60D9F0F23.e.13842/click - {}
RESULT: {}
RESULT: {}
COMMAND: GET /session/8b5e6cfdfc03247abf4ed7f1414f820f/screenshot - {}
RESULT: {}
COMMAND: POST /session/8b5e6cfdfc03247abf4ed7f1414f820f/execute/async - {"script":"<script> [1562 bytes]","args":[{"selector":{"id":"application-manageconditionprice-display-component---conditions--smartFilterBar-btnBasicSearch","interaction":{"idSuffix":"I"}},"wdio_ui5_key":"applicationmanageconditionprice-display-component---conditions--smartFilterBar-btnBasicSearch"}]}
RESULT: {"script":"<script> [1562 bytes]","args":[{"selector":{"id":"application-manageconditionprice-display-component---conditions--smartFilterBar-btnBasicSearch","interaction":{"idSuffix":"I"}},"wdio_ui5_key":"applicationmanageconditionprice-display-component---conditions--smartFilterBar-btnBasicSearch"}]}
RESULT: undefined
COMMAND: POST /session/8b5e6cfdfc03247abf4ed7f1414f820f/execute/async - {"script":"<script> [776 bytes]","args":[{"enterText":"tt0h9Mo51N","selector":{"id":"application-manageconditionprice-display-component---conditions--smartFilterBar-btnBasicSearch","interaction":{"idSuffix":"I"}},"clearTextFirst":true,"interactionType":"ENTER_TEXT"}]}
RESULT: {"script":"<script> [776 bytes]","args":[{"enterText":"tt0h9Mo51N","selector":{"id":"application-manageconditionprice-display-component---conditions--smartFilterBar-btnBasicSearch","interaction":{"idSuffix":"I"}},"clearTextFirst":true,"interactionType":"ENTER_TEXT"}]}
COMMAND: POST /session/8b5e6cfdfc03247abf4ed7f1414f820f/actions - {"actions":[{"id":"action53","type":"key","parameters":{},"actions":[{"type":"keyDown","value":"î€‡"},{"type":"pause","duration":10},{"type":"keyUp","value":"î€‡"}]}]}
RESULT: {"actions":[{"id":"action53","type":"key","parameters":{},"actions":[{"type":"keyDown","value":"î€‡"},{"type":"pause","duration":10},{"type":"keyUp","value":"î€‡"}]}]}
COMMAND: GET /session/8b5e6cfdfc03247abf4ed7f1414f820f/screenshot - {}
RESULT: {}
COMMAND: POST /session/8b5e6cfdfc03247abf4ed7f1414f820f/execute/async - {"script":"<script> [1562 bytes]","args":[{"selector":{"id":"application-manageconditionprice-display-component---conditions--smartFilterBar-filterItemControl_BASIC-BILL_TYPES-vhi"},"wdio_ui5_key":"applicationmanageconditionprice-display-component---conditions--smartFilterBar-filterItemControl_BASIC-BILL_TYPES-vhi"}]}
RESULT: {"script":"<script> [1562 bytes]","args":[{"selector":{"id":"application-manageconditionprice-display-component---conditions--smartFilterBar-filterItemControl_BASIC-BILL_TYPES-vhi"},"wdio_ui5_key":"applicationmanageconditionprice-display-component---conditions--smartFilterBar-filterItemControl_BASIC-BILL_TYPES-vhi"}]}
RESULT: undefined
COMMAND: POST /session/8b5e6cfdfc03247abf4ed7f1414f820f/element - {"using":"xpath","value":"//*[@id=\"application-manageconditionprice-display-component---conditions--smartFilterBar-filterItemControl_BASIC-BILL_TYPES-vhi\"]"}
RESULT: {"using":"xpath","value":"//*[@id=\"application-manageconditionprice-display-component---conditions--smartFilterBar-filterItemControl_BASIC-BILL_TYPES-vhi\"]"}
COMMAND: POST /session/8b5e6cfdfc03247abf4ed7f1414f820f/element/f.38C819845B9EC31E5A88AE0F72095084.d.82CFECEAE9F5915079DB64D60D9F0F23.e.14006/click - {}
RESULT: {}
COMMAND: POST /session/8b5e6cfdfc03247abf4ed7f1414f820f/execute/async - {"script":"<script> [1562 bytes]","args":[{"selector":{"id":"application-manageconditionprice-display-component---conditions--smartFilterBar-filterItemControl_BASIC-BILL_TYPES-valueHelpDialog-smartFilterBar-btnBasicSearch","searchOpenDialogs":true,"interaction":{"idSuffix":"I"}},"wdio_ui5_key":"applicationmanageconditionprice-display-component---conditions--smartFilterBar-filterItemControl_BASIC-BILL_TYPES-valueHelpDialog-smartFilterBar-btnBasicSearch"}]}
COMMAND: GET /session/8b5e6cfdfc03247abf4ed7f1414f820f/screenshot - {}
RESULT: {"script":"<script> [1562 bytes]","args":[{"selector":{"id":"application-manageconditionprice-display-component---conditions--smartFilterBar-filterItemControl_BASIC-BILL_TYPES-valueHelpDialog-smartFilterBar-btnBasicSearch","searchOpenDialogs":true,"interaction":{"idSuffix":"I"}},"wdio_ui5_key":"applicationmanageconditionprice-display-component---conditions--smartFilterBar-filterItemControl_BASIC-BILL_TYPES-valueHelpDialog-smartFilterBar-btnBasicSearch"}]}
RESULT: undefined
COMMAND: POST /session/8b5e6cfdfc03247abf4ed7f1414f820f/execute/async - {"script":"<script> [776 bytes]","args":[{"enterText":"TB","selector":{"id":"application-manageconditionprice-display-component---conditions--smartFilterBar-filterItemControl_BASIC-BILL_TYPES-valueHelpDialog-smartFilterBar-btnBasicSearch","searchOpenDialogs":true,"interaction":{"idSuffix":"I"}},"clearTextFirst":true,"interactionType":"ENTER_TEXT"}]}
RESULT: {}
RESULT: {"script":"<script> [776 bytes]","args":[{"enterText":"TB","selector":{"id":"application-manageconditionprice-display-component---conditions--smartFilterBar-filterItemControl_BASIC-BILL_TYPES-valueHelpDialog-smartFilterBar-btnBasicSearch","searchOpenDialogs":true,"interaction":{"idSuffix":"I"}},"clearTextFirst":true,"interactionType":"ENTER_TEXT"}]}
COMMAND: POST /session/8b5e6cfdfc03247abf4ed7f1414f820f/actions - {"actions":[{"id":"action54","type":"key","parameters":{},"actions":[{"type":"keyDown","value":"î€‡"},{"type":"pause","duration":10},{"type":"keyUp","value":"î€‡"}]}]}
RESULT: {"actions":[{"id":"action54","type":"key","parameters":{},"actions":[{"type":"keyDown","value":"î€‡"},{"type":"pause","duration":10},{"type":"keyUp","value":"î€‡"}]}]}
COMMAND: GET /session/8b5e6cfdfc03247abf4ed7f1414f820f/screenshot - {}
RESULT: {}
COMMAND: POST /session/8b5e6cfdfc03247abf4ed7f1414f820f/element - {"using":"xpath","value":"//div[contains(@id, 'application-manageconditionprice-display-component---conditions--smartFilterBar-filterItemControl_BASIC-BILL_TYPES-valueHelpDialog-table-rowsel0')]"}
RESULT: {"using":"xpath","value":"//div[contains(@id, 'application-manageconditionprice-display-component---conditions--smartFilterBar-filterItemControl_BASIC-BILL_TYPES-valueHelpDialog-table-rowsel0')]"}
COMMAND: POST /session/8b5e6cfdfc03247abf4ed7f1414f820f/element/f.38C819845B9EC31E5A88AE0F72095084.d.82CFECEAE9F5915079DB64D60D9F0F23.e.14016/click - {}
RESULT: {}
COMMAND: GET /session/8b5e6cfdfc03247abf4ed7f1414f820f/screenshot - {}
RESULT: {}
COMMAND: POST /session/8b5e6cfdfc03247abf4ed7f1414f820f/element - {"using":"xpath","value":"//bdi[contains(text(), \"OK\")]"}
RESULT: {"using":"xpath","value":"//bdi[contains(text(), \"OK\")]"}
COMMAND: POST /session/8b5e6cfdfc03247abf4ed7f1414f820f/element/f.38C819845B9EC31E5A88AE0F72095084.d.82CFECEAE9F5915079DB64D60D9F0F23.e.14018/click - {}
RESULT: {}
COMMAND: GET /session/8b5e6cfdfc03247abf4ed7f1414f820f/screenshot - {}
RESULT: {}
COMMAND: POST /session/8b5e6cfdfc03247abf4ed7f1414f820f/element - {"using":"xpath","value":"//span[@id=\"application-manageconditionprice-display-component---conditions--smartTable-header-inner\"]"}
RESULT: {"using":"xpath","value":"//span[@id=\"application-manageconditionprice-display-component---conditions--smartTable-header-inner\"]"}
COMMAND: POST /session/8b5e6cfdfc03247abf4ed7f1414f820f/elements - {"using":"xpath","value":"//span[@id=\"application-manageconditionprice-display-component---conditions--smartTable-header-inner\"]"}
RESULT: {"using":"xpath","value":"//span[@id=\"application-manageconditionprice-display-component---conditions--smartTable-header-inner\"]"}
COMMAND: POST /session/8b5e6cfdfc03247abf4ed7f1414f820f/execute/sync - {"script":"<script> [56 bytes]","args":[{"element-6066-11e4-a52e-4f735466cecf":"f.38C819845B9EC31E5A88AE0F72095084.d.82CFECEAE9F5915079DB64D60D9F0F23.e.14021","ELEMENT":"f.38C819845B9EC31E5A88AE0F72095084.d.82CFECEAE9F5915079DB64D60D9F0F23.e.14021"}]}
RESULT: {"script":"<script> [56 bytes]","args":[{"element-6066-11e4-a52e-4f735466cecf":"f.38C819845B9EC31E5A88AE0F72095084.d.82CFECEAE9F5915079DB64D60D9F0F23.e.14021","ELEMENT":"f.38C819845B9EC31E5A88AE0F72095084.d.82CFECEAE9F5915079DB64D60D9F0F23.e.14021"}]}
COMMAND: POST /session/8b5e6cfdfc03247abf4ed7f1414f820f/element - {"using":"css selector","value":"#shell-header-logo"}
COMMAND: GET /session/8b5e6cfdfc03247abf4ed7f1414f820f/screenshot - {}
RESULT: {"using":"css selector","value":"#shell-header-logo"}
COMMAND: POST /session/8b5e6cfdfc03247abf4ed7f1414f820f/element/f.38C819845B9EC31E5A88AE0F72095084.d.82CFECEAE9F5915079DB64D60D9F0F23.e.13647/click - {}
RESULT: {}
RESULT: {}
COMMAND: GET /session/8b5e6cfdfc03247abf4ed7f1414f820f/screenshot - {}
RESULT: {}
]]></system-out>
    </testcase>
  </testsuite>
</testsuites>