<?xml version="1.0" encoding="UTF-8"?>
<testsuites tests="80" failures="33" errors="33" skipped="0">
  <testsuite timestamp="2025-06-12T16:20:08" time="785.116" tests="8" failures="1" errors="1" skipped="0">
    <properties>
      <property name="specId" value="0" />
      <property name="suiteName" value="Stock increase - with WHM US125587" />
      <property name="capabilities" value="chrome.137_0_7151_69.windows" />
      <property name="file" value="file:///D:/a/1/s/test/specs/HTR/stock-increase.spec.js" />
    </properties>
    <testcase classname="chrome.137_0_7151_69.windows.Stock_increase_-_with_WHM_US125587" name="Should create a new WHM yard" time="136.025">
      <system-out><![CDATA[
COMMAND: POST /session/e5a8226ea9fde889391201a3e7d107f2/window/fullscreen - {}
RESULT: {}
COMMAND: POST /session/e5a8226ea9fde889391201a3e7d107f2/execute/async - {"script":"<script> [1562 bytes]","args":[{"selector":{"controlType":"sap.m.GenericTile","properties":{"header":"Manage Yards"}},"wdio_ui5_key":"sapm.GenericTile{\"header\":\"Manage Yards\"}"}]}
RESULT: {"script":"<script> [1562 bytes]","args":[{"selector":{"controlType":"sap.m.GenericTile","properties":{"header":"Manage Yards"}},"wdio_ui5_key":"sapm.GenericTile{\"header\":\"Manage Yards\"}"}]}
RESULT: undefined
COMMAND: POST /session/e5a8226ea9fde889391201a3e7d107f2/element - {"using":"xpath","value":"//*[@id=\"__tile42\"]"}
RESULT: {"using":"xpath","value":"//*[@id=\"__tile42\"]"}
COMMAND: POST /session/e5a8226ea9fde889391201a3e7d107f2/element/f.423FC243C8326C45B9AC14107F5D9156.d.0082347235DF86612AC4DF8F478D261F.e.131/click - {}
RESULT: {}
COMMAND: GET /session/e5a8226ea9fde889391201a3e7d107f2/screenshot - {}
RESULT: {}
COMMAND: POST /session/e5a8226ea9fde889391201a3e7d107f2/elements - {"using":"xpath","value":"//span[text()='Error']"}
RESULT: {"using":"xpath","value":"//span[text()='Error']"}
COMMAND: POST /session/e5a8226ea9fde889391201a3e7d107f2/element - {"using":"xpath","value":"//button[@data-kt=\"addNewYardOverflowToolbarButton\"]"}
RESULT: {"using":"xpath","value":"//button[@data-kt=\"addNewYardOverflowToolbarButton\"]"}
COMMAND: POST /session/e5a8226ea9fde889391201a3e7d107f2/elements - {"using":"xpath","value":"//button[@data-kt=\"addNewYardOverflowToolbarButton\"]"}
RESULT: {"using":"xpath","value":"//button[@data-kt=\"addNewYardOverflowToolbarButton\"]"}
COMMAND: POST /session/e5a8226ea9fde889391201a3e7d107f2/elements - {"using":"xpath","value":"//button[@data-kt=\"addNewYardOverflowToolbarButton\"]"}
RESULT: {"using":"xpath","value":"//button[@data-kt=\"addNewYardOverflowToolbarButton\"]"}
COMMAND: POST /session/e5a8226ea9fde889391201a3e7d107f2/elements - {"using":"xpath","value":"//button[@data-kt=\"addNewYardOverflowToolbarButton\"]"}
RESULT: {"using":"xpath","value":"//button[@data-kt=\"addNewYardOverflowToolbarButton\"]"}
COMMAND: POST /session/e5a8226ea9fde889391201a3e7d107f2/elements - {"using":"xpath","value":"//button[@data-kt=\"addNewYardOverflowToolbarButton\"]"}
RESULT: {"using":"xpath","value":"//button[@data-kt=\"addNewYardOverflowToolbarButton\"]"}
COMMAND: POST /session/e5a8226ea9fde889391201a3e7d107f2/elements - {"using":"xpath","value":"//button[@data-kt=\"addNewYardOverflowToolbarButton\"]"}
RESULT: {"using":"xpath","value":"//button[@data-kt=\"addNewYardOverflowToolbarButton\"]"}
COMMAND: POST /session/e5a8226ea9fde889391201a3e7d107f2/elements - {"using":"xpath","value":"//button[@data-kt=\"addNewYardOverflowToolbarButton\"]"}
RESULT: {"using":"xpath","value":"//button[@data-kt=\"addNewYardOverflowToolbarButton\"]"}
COMMAND: POST /session/e5a8226ea9fde889391201a3e7d107f2/elements - {"using":"xpath","value":"//button[@data-kt=\"addNewYardOverflowToolbarButton\"]"}
RESULT: {"using":"xpath","value":"//button[@data-kt=\"addNewYardOverflowToolbarButton\"]"}
COMMAND: POST /session/e5a8226ea9fde889391201a3e7d107f2/element - {"using":"xpath","value":"//button[@data-kt=\"addNewYardOverflowToolbarButton\"]"}
RESULT: {"using":"xpath","value":"//button[@data-kt=\"addNewYardOverflowToolbarButton\"]"}
COMMAND: POST /session/e5a8226ea9fde889391201a3e7d107f2/execute/sync - {"script":"<script> [8489 bytes]","args":[{"element-6066-11e4-a52e-4f735466cecf":"f.423FC243C8326C45B9AC14107F5D9156.d.0082347235DF86612AC4DF8F478D261F.e.269","ELEMENT":"f.423FC243C8326C45B9AC14107F5D9156.d.0082347235DF86612AC4DF8F478D261F.e.269"}]}
RESULT: {"script":"<script> [8489 bytes]","args":[{"element-6066-11e4-a52e-4f735466cecf":"f.423FC243C8326C45B9AC14107F5D9156.d.0082347235DF86612AC4DF8F478D261F.e.269","ELEMENT":"f.423FC243C8326C45B9AC14107F5D9156.d.0082347235DF86612AC4DF8F478D261F.e.269"}]}
COMMAND: GET /session/e5a8226ea9fde889391201a3e7d107f2/element/f.423FC243C8326C45B9AC14107F5D9156.d.0082347235DF86612AC4DF8F478D261F.e.269/enabled - {}
COMMAND: GET /session/e5a8226ea9fde889391201a3e7d107f2/screenshot - {}
RESULT: {}
COMMAND: POST /session/e5a8226ea9fde889391201a3e7d107f2/execute/sync - {"script":"<script> [8489 bytes]","args":[{"element-6066-11e4-a52e-4f735466cecf":"f.423FC243C8326C45B9AC14107F5D9156.d.0082347235DF86612AC4DF8F478D261F.e.269","ELEMENT":"f.423FC243C8326C45B9AC14107F5D9156.d.0082347235DF86612AC4DF8F478D261F.e.269"}]}
COMMAND: GET /session/e5a8226ea9fde889391201a3e7d107f2/screenshot - {}
RESULT: {}
RESULT: {"script":"<script> [8489 bytes]","args":[{"element-6066-11e4-a52e-4f735466cecf":"f.423FC243C8326C45B9AC14107F5D9156.d.0082347235DF86612AC4DF8F478D261F.e.269","ELEMENT":"f.423FC243C8326C45B9AC14107F5D9156.d.0082347235DF86612AC4DF8F478D261F.e.269"}]}
COMMAND: POST /session/e5a8226ea9fde889391201a3e7d107f2/execute/sync - {"script":"<script> [5351 bytes]","args":[{"element-6066-11e4-a52e-4f735466cecf":"f.423FC243C8326C45B9AC14107F5D9156.d.0082347235DF86612AC4DF8F478D261F.e.269","ELEMENT":"f.423FC243C8326C45B9AC14107F5D9156.d.0082347235DF86612AC4DF8F478D261F.e.269"}]}
COMMAND: GET /session/e5a8226ea9fde889391201a3e7d107f2/screenshot - {}
RESULT: {}
RESULT: {"script":"<script> [5351 bytes]","args":[{"element-6066-11e4-a52e-4f735466cecf":"f.423FC243C8326C45B9AC14107F5D9156.d.0082347235DF86612AC4DF8F478D261F.e.269","ELEMENT":"f.423FC243C8326C45B9AC14107F5D9156.d.0082347235DF86612AC4DF8F478D261F.e.269"}]}
COMMAND: POST /session/e5a8226ea9fde889391201a3e7d107f2/element/f.423FC243C8326C45B9AC14107F5D9156.d.0082347235DF86612AC4DF8F478D261F.e.269/click - {}
COMMAND: GET /session/e5a8226ea9fde889391201a3e7d107f2/screenshot - {}
RESULT: {}
RESULT: {}
COMMAND: GET /session/e5a8226ea9fde889391201a3e7d107f2/screenshot - {}
RESULT: {}
RESULT: {}
COMMAND: POST /session/e5a8226ea9fde889391201a3e7d107f2/element - {"using":"xpath","value":"//input[@id=\"application-manageyards-display-component---NewYard--yardId-inner\"]"}
RESULT: {"using":"xpath","value":"//input[@id=\"application-manageyards-display-component---NewYard--yardId-inner\"]"}
COMMAND: POST /session/e5a8226ea9fde889391201a3e7d107f2/element - {"using":"xpath","value":"//input[@id=\"application-manageyards-display-component---NewYard--yardId-inner\"]"}
RESULT: {"using":"xpath","value":"//input[@id=\"application-manageyards-display-component---NewYard--yardId-inner\"]"}
COMMAND: POST /session/e5a8226ea9fde889391201a3e7d107f2/execute/async - {"script":"<script> [1562 bytes]","args":[{"selector":{"id":"application-manageyards-display-component---NewYard--addressDetailDetailsName1","interaction":{"idSuffix":"inner"}},"wdio_ui5_key":"applicationmanageyards-display-component---NewYard--addressDetailDetailsName1"}]}
RESULT: {"script":"<script> [1562 bytes]","args":[{"selector":{"id":"application-manageyards-display-component---NewYard--addressDetailDetailsName1","interaction":{"idSuffix":"inner"}},"wdio_ui5_key":"applicationmanageyards-display-component---NewYard--addressDetailDetailsName1"}]}
RESULT: undefined
COMMAND: POST /session/e5a8226ea9fde889391201a3e7d107f2/execute/async - {"script":"<script> [776 bytes]","args":[{"enterText":"Warehouse Managed WDIO","selector":{"id":"application-manageyards-display-component---NewYard--addressDetailDetailsName1","interaction":{"idSuffix":"inner"}},"clearTextFirst":true,"interactionType":"ENTER_TEXT"}]}
RESULT: {"script":"<script> [776 bytes]","args":[{"enterText":"Warehouse Managed WDIO","selector":{"id":"application-manageyards-display-component---NewYard--addressDetailDetailsName1","interaction":{"idSuffix":"inner"}},"clearTextFirst":true,"interactionType":"ENTER_TEXT"}]}
COMMAND: POST /session/e5a8226ea9fde889391201a3e7d107f2/execute/async - {"script":"<script> [1562 bytes]","args":[{"selector":{"id":"application-manageyards-display-component---NewYard--addressDetailDetailsLanguage-arrow"},"wdio_ui5_key":"applicationmanageyards-display-component---NewYard--addressDetailDetailsLanguage-arrow"}]}
RESULT: {"script":"<script> [1562 bytes]","args":[{"selector":{"id":"application-manageyards-display-component---NewYard--addressDetailDetailsLanguage-arrow"},"wdio_ui5_key":"applicationmanageyards-display-component---NewYard--addressDetailDetailsLanguage-arrow"}]}
RESULT: undefined
COMMAND: POST /session/e5a8226ea9fde889391201a3e7d107f2/element - {"using":"xpath","value":"//*[@id=\"application-manageyards-display-component---NewYard--addressDetailDetailsLanguage-arrow\"]"}
RESULT: {"using":"xpath","value":"//*[@id=\"application-manageyards-display-component---NewYard--addressDetailDetailsLanguage-arrow\"]"}
COMMAND: POST /session/e5a8226ea9fde889391201a3e7d107f2/element/f.423FC243C8326C45B9AC14107F5D9156.d.0082347235DF86612AC4DF8F478D261F.e.672/click - {}
RESULT: {}
COMMAND: POST /session/e5a8226ea9fde889391201a3e7d107f2/element - {"using":"xpath","value":"//span[contains(text(), \"English\")]"}
COMMAND: GET /session/e5a8226ea9fde889391201a3e7d107f2/screenshot - {}
RESULT: {"using":"xpath","value":"//span[contains(text(), \"English\")]"}
COMMAND: POST /session/e5a8226ea9fde889391201a3e7d107f2/element/f.423FC243C8326C45B9AC14107F5D9156.d.0082347235DF86612AC4DF8F478D261F.e.673/click - {}
RESULT: {}
RESULT: {}
COMMAND: POST /session/e5a8226ea9fde889391201a3e7d107f2/execute/async - {"script":"<script> [1562 bytes]","args":[{"selector":{"id":"application-manageyards-display-component---NewYard--addressDetailDetailsCity1","interaction":{"idSuffix":"inner"}},"wdio_ui5_key":"applicationmanageyards-display-component---NewYard--addressDetailDetailsCity1"}]}
COMMAND: GET /session/e5a8226ea9fde889391201a3e7d107f2/screenshot - {}
RESULT: {"script":"<script> [1562 bytes]","args":[{"selector":{"id":"application-manageyards-display-component---NewYard--addressDetailDetailsCity1","interaction":{"idSuffix":"inner"}},"wdio_ui5_key":"applicationmanageyards-display-component---NewYard--addressDetailDetailsCity1"}]}
RESULT: undefined
COMMAND: POST /session/e5a8226ea9fde889391201a3e7d107f2/execute/async - {"script":"<script> [776 bytes]","args":[{"enterText":"Rosario","selector":{"id":"application-manageyards-display-component---NewYard--addressDetailDetailsCity1","interaction":{"idSuffix":"inner"}},"clearTextFirst":true,"interactionType":"ENTER_TEXT"}]}
RESULT: {}
RESULT: {"script":"<script> [776 bytes]","args":[{"enterText":"Rosario","selector":{"id":"application-manageyards-display-component---NewYard--addressDetailDetailsCity1","interaction":{"idSuffix":"inner"}},"clearTextFirst":true,"interactionType":"ENTER_TEXT"}]}
COMMAND: POST /session/e5a8226ea9fde889391201a3e7d107f2/execute/async - {"script":"<script> [1562 bytes]","args":[{"selector":{"id":"application-manageyards-display-component---NewYard--addressDetailDetailsCountry-arrow"},"wdio_ui5_key":"applicationmanageyards-display-component---NewYard--addressDetailDetailsCountry-arrow"}]}
RESULT: {"script":"<script> [1562 bytes]","args":[{"selector":{"id":"application-manageyards-display-component---NewYard--addressDetailDetailsCountry-arrow"},"wdio_ui5_key":"applicationmanageyards-display-component---NewYard--addressDetailDetailsCountry-arrow"}]}
RESULT: undefined
COMMAND: POST /session/e5a8226ea9fde889391201a3e7d107f2/element - {"using":"xpath","value":"//*[@id=\"application-manageyards-display-component---NewYard--addressDetailDetailsCountry-arrow\"]"}
RESULT: {"using":"xpath","value":"//*[@id=\"application-manageyards-display-component---NewYard--addressDetailDetailsCountry-arrow\"]"}
COMMAND: POST /session/e5a8226ea9fde889391201a3e7d107f2/element/f.423FC243C8326C45B9AC14107F5D9156.d.0082347235DF86612AC4DF8F478D261F.e.675/click - {}
RESULT: {}
COMMAND: POST /session/e5a8226ea9fde889391201a3e7d107f2/element - {"using":"xpath","value":"//span[contains(text(), \"Argentina\")]"}
COMMAND: GET /session/e5a8226ea9fde889391201a3e7d107f2/screenshot - {}
RESULT: {"using":"xpath","value":"//span[contains(text(), \"Argentina\")]"}
COMMAND: POST /session/e5a8226ea9fde889391201a3e7d107f2/element/f.423FC243C8326C45B9AC14107F5D9156.d.0082347235DF86612AC4DF8F478D261F.e.677/click - {}
RESULT: {}
RESULT: {}
COMMAND: POST /session/e5a8226ea9fde889391201a3e7d107f2/execute/async - {"script":"<script> [1562 bytes]","args":[{"selector":{"id":"application-manageyards-display-component---NewYard--addressEditDetailsCostObjectCstType-arrow"},"wdio_ui5_key":"applicationmanageyards-display-component---NewYard--addressEditDetailsCostObjectCstType-arrow"}]}
COMMAND: GET /session/e5a8226ea9fde889391201a3e7d107f2/screenshot - {}
RESULT: {"script":"<script> [1562 bytes]","args":[{"selector":{"id":"application-manageyards-display-component---NewYard--addressEditDetailsCostObjectCstType-arrow"},"wdio_ui5_key":"applicationmanageyards-display-component---NewYard--addressEditDetailsCostObjectCstType-arrow"}]}
RESULT: undefined
COMMAND: POST /session/e5a8226ea9fde889391201a3e7d107f2/element - {"using":"xpath","value":"//*[@id=\"application-manageyards-display-component---NewYard--addressEditDetailsCostObjectCstType-arrow\"]"}
RESULT: {}
RESULT: {"using":"xpath","value":"//*[@id=\"application-manageyards-display-component---NewYard--addressEditDetailsCostObjectCstType-arrow\"]"}
COMMAND: POST /session/e5a8226ea9fde889391201a3e7d107f2/element/f.423FC243C8326C45B9AC14107F5D9156.d.0082347235DF86612AC4DF8F478D261F.e.678/click - {}
RESULT: {}
COMMAND: POST /session/e5a8226ea9fde889391201a3e7d107f2/element - {"using":"xpath","value":"//span[contains(text(), \"Cost Center\")]"}
COMMAND: GET /session/e5a8226ea9fde889391201a3e7d107f2/screenshot - {}
RESULT: {"using":"xpath","value":"//span[contains(text(), \"Cost Center\")]"}
COMMAND: POST /session/e5a8226ea9fde889391201a3e7d107f2/element/f.423FC243C8326C45B9AC14107F5D9156.d.0082347235DF86612AC4DF8F478D261F.e.679/click - {}
RESULT: {}
RESULT: {}
COMMAND: GET /session/e5a8226ea9fde889391201a3e7d107f2/screenshot - {}
RESULT: {}
COMMAND: POST /session/e5a8226ea9fde889391201a3e7d107f2/element - {"using":"xpath","value":"//span[@id=\"application-manageyards-display-component---NewYard--addressNewCostObjectCstID-vhi\"]"}
RESULT: {"using":"xpath","value":"//span[@id=\"application-manageyards-display-component---NewYard--addressNewCostObjectCstID-vhi\"]"}
COMMAND: POST /session/e5a8226ea9fde889391201a3e7d107f2/execute/sync - {"script":"<script> [8489 bytes]","args":[{"element-6066-11e4-a52e-4f735466cecf":"f.423FC243C8326C45B9AC14107F5D9156.d.0082347235DF86612AC4DF8F478D261F.e.683","ELEMENT":"f.423FC243C8326C45B9AC14107F5D9156.d.0082347235DF86612AC4DF8F478D261F.e.683"}]}
RESULT: {"script":"<script> [8489 bytes]","args":[{"element-6066-11e4-a52e-4f735466cecf":"f.423FC243C8326C45B9AC14107F5D9156.d.0082347235DF86612AC4DF8F478D261F.e.683","ELEMENT":"f.423FC243C8326C45B9AC14107F5D9156.d.0082347235DF86612AC4DF8F478D261F.e.683"}]}
COMMAND: POST /session/e5a8226ea9fde889391201a3e7d107f2/execute/async - {"script":"<script> [1562 bytes]","args":[{"selector":{"id":"application-manageyards-display-component---NewYard--addressNewCostObjectCstID-vhi"},"wdio_ui5_key":"applicationmanageyards-display-component---NewYard--addressNewCostObjectCstID-vhi"}]}
COMMAND: GET /session/e5a8226ea9fde889391201a3e7d107f2/screenshot - {}
RESULT: {"script":"<script> [1562 bytes]","args":[{"selector":{"id":"application-manageyards-display-component---NewYard--addressNewCostObjectCstID-vhi"},"wdio_ui5_key":"applicationmanageyards-display-component---NewYard--addressNewCostObjectCstID-vhi"}]}
RESULT: undefined
COMMAND: POST /session/e5a8226ea9fde889391201a3e7d107f2/element - {"using":"xpath","value":"//*[@id=\"application-manageyards-display-component---NewYard--addressNewCostObjectCstID-vhi\"]"}
RESULT: {}
RESULT: {"using":"xpath","value":"//*[@id=\"application-manageyards-display-component---NewYard--addressNewCostObjectCstID-vhi\"]"}
COMMAND: POST /session/e5a8226ea9fde889391201a3e7d107f2/element/f.423FC243C8326C45B9AC14107F5D9156.d.0082347235DF86612AC4DF8F478D261F.e.683/click - {}
RESULT: {}
COMMAND: GET /session/e5a8226ea9fde889391201a3e7d107f2/screenshot - {}
RESULT: {}
COMMAND: POST /session/e5a8226ea9fde889391201a3e7d107f2/execute/async - {"script":"<script> [1562 bytes]","args":[{"selector":{"controlType":"sap.m.SearchField","properties":{"placeholder":"Search"},"searchOpenDialogs":true,"interaction":{"idSuffix":"I"}},"wdio_ui5_key":"sapm.SearchField{\"placeholder\":\"Search\"}"}]}
RESULT: {"script":"<script> [1562 bytes]","args":[{"selector":{"controlType":"sap.m.SearchField","properties":{"placeholder":"Search"},"searchOpenDialogs":true,"interaction":{"idSuffix":"I"}},"wdio_ui5_key":"sapm.SearchField{\"placeholder\":\"Search\"}"}]}
RESULT: undefined
COMMAND: POST /session/e5a8226ea9fde889391201a3e7d107f2/execute/async - {"script":"<script> [776 bytes]","args":[{"enterText":"bauh_b","selector":{"controlType":"sap.m.SearchField","properties":{"placeholder":"Search"},"searchOpenDialogs":true,"interaction":{"idSuffix":"I"}},"clearTextFirst":true,"interactionType":"ENTER_TEXT"}]}
RESULT: {"script":"<script> [776 bytes]","args":[{"enterText":"bauh_b","selector":{"controlType":"sap.m.SearchField","properties":{"placeholder":"Search"},"searchOpenDialogs":true,"interaction":{"idSuffix":"I"}},"clearTextFirst":true,"interactionType":"ENTER_TEXT"}]}
COMMAND: POST /session/e5a8226ea9fde889391201a3e7d107f2/actions - {"actions":[{"id":"action1","type":"key","parameters":{},"actions":[{"type":"keyDown","value":"î€‡"},{"type":"pause","duration":10},{"type":"keyUp","value":"î€‡"}]}]}
RESULT: {"actions":[{"id":"action1","type":"key","parameters":{},"actions":[{"type":"keyDown","value":"î€‡"},{"type":"pause","duration":10},{"type":"keyUp","value":"î€‡"}]}]}
COMMAND: GET /session/e5a8226ea9fde889391201a3e7d107f2/screenshot - {}
RESULT: {}
COMMAND: POST /session/e5a8226ea9fde889391201a3e7d107f2/element - {"using":"xpath","value":"//span[contains(text(), \"Demo Yard\")]"}
RESULT: {"using":"xpath","value":"//span[contains(text(), \"Demo Yard\")]"}
COMMAND: POST /session/e5a8226ea9fde889391201a3e7d107f2/element/f.423FC243C8326C45B9AC14107F5D9156.d.0082347235DF86612AC4DF8F478D261F.e.724/click - {}
RESULT: {}
COMMAND: GET /session/e5a8226ea9fde889391201a3e7d107f2/screenshot - {}
RESULT: {}
COMMAND: POST /session/e5a8226ea9fde889391201a3e7d107f2/element - {"using":"xpath","value":"//bdi[contains(text(), \"OK\")]"}
RESULT: {"using":"xpath","value":"//bdi[contains(text(), \"OK\")]"}
COMMAND: POST /session/e5a8226ea9fde889391201a3e7d107f2/element/f.423FC243C8326C45B9AC14107F5D9156.d.0082347235DF86612AC4DF8F478D261F.e.725/click - {}
RESULT: {}
COMMAND: GET /session/e5a8226ea9fde889391201a3e7d107f2/screenshot - {}
RESULT: {}
COMMAND: POST /session/e5a8226ea9fde889391201a3e7d107f2/execute/async - {"script":"<script> [1562 bytes]","args":[{"selector":{"id":"application-manageyards-display-component---NewYard--addressEditDetailsCurrency-arrow"},"wdio_ui5_key":"applicationmanageyards-display-component---NewYard--addressEditDetailsCurrency-arrow"}]}
RESULT: {"script":"<script> [1562 bytes]","args":[{"selector":{"id":"application-manageyards-display-component---NewYard--addressEditDetailsCurrency-arrow"},"wdio_ui5_key":"applicationmanageyards-display-component---NewYard--addressEditDetailsCurrency-arrow"}]}
RESULT: undefined
COMMAND: POST /session/e5a8226ea9fde889391201a3e7d107f2/element - {"using":"xpath","value":"//*[@id=\"application-manageyards-display-component---NewYard--addressEditDetailsCurrency-arrow\"]"}
RESULT: {"using":"xpath","value":"//*[@id=\"application-manageyards-display-component---NewYard--addressEditDetailsCurrency-arrow\"]"}
COMMAND: POST /session/e5a8226ea9fde889391201a3e7d107f2/element/f.423FC243C8326C45B9AC14107F5D9156.d.0082347235DF86612AC4DF8F478D261F.e.728/click - {}
RESULT: {}
COMMAND: POST /session/e5a8226ea9fde889391201a3e7d107f2/element - {"using":"xpath","value":"//span[contains(text(), \"Euro\")]"}
COMMAND: GET /session/e5a8226ea9fde889391201a3e7d107f2/screenshot - {}
RESULT: {"using":"xpath","value":"//span[contains(text(), \"Euro\")]"}
COMMAND: POST /session/e5a8226ea9fde889391201a3e7d107f2/element/f.423FC243C8326C45B9AC14107F5D9156.d.0082347235DF86612AC4DF8F478D261F.e.729/click - {}
RESULT: {}
RESULT: {}
COMMAND: POST /session/e5a8226ea9fde889391201a3e7d107f2/execute/async - {"script":"<script> [1562 bytes]","args":[{"selector":{"controlType":"sap.m.Input","viewName":"etm.portal.ui.manageyards.view.New","viewId":"application-manageyards-display-component---NewYard","bindingPath":{"path":"","propertyPath":"/CONTROLLING_AREA","modelName":"NewYardModel"},"interaction":{"idSuffix":"inner"}},"wdio_ui5_key":"etmportal.ui.manageyards.view.Newsap.m.Input{\"path\":\"\",\"propertyPath\":\"/CONTROLLING_AREA\",\"modelName\":\"NewYardModel\"}"}]}
COMMAND: GET /session/e5a8226ea9fde889391201a3e7d107f2/screenshot - {}
RESULT: {"script":"<script> [1562 bytes]","args":[{"selector":{"controlType":"sap.m.Input","viewName":"etm.portal.ui.manageyards.view.New","viewId":"application-manageyards-display-component---NewYard","bindingPath":{"path":"","propertyPath":"/CONTROLLING_AREA","modelName":"NewYardModel"},"interaction":{"idSuffix":"inner"}},"wdio_ui5_key":"etmportal.ui.manageyards.view.Newsap.m.Input{\"path\":\"\",\"propertyPath\":\"/CONTROLLING_AREA\",\"modelName\":\"NewYardModel\"}"}]}
RESULT: undefined
COMMAND: POST /session/e5a8226ea9fde889391201a3e7d107f2/execute/async - {"script":"<script> [776 bytes]","args":[{"enterText":"Z001","selector":{"controlType":"sap.m.Input","viewName":"etm.portal.ui.manageyards.view.New","viewId":"application-manageyards-display-component---NewYard","bindingPath":{"path":"","propertyPath":"/CONTROLLING_AREA","modelName":"NewYardModel"},"interaction":{"idSuffix":"inner"}},"clearTextFirst":true,"interactionType":"ENTER_TEXT"}]}
RESULT: {}
RESULT: {"script":"<script> [776 bytes]","args":[{"enterText":"Z001","selector":{"controlType":"sap.m.Input","viewName":"etm.portal.ui.manageyards.view.New","viewId":"application-manageyards-display-component---NewYard","bindingPath":{"path":"","propertyPath":"/CONTROLLING_AREA","modelName":"NewYardModel"},"interaction":{"idSuffix":"inner"}},"clearTextFirst":true,"interactionType":"ENTER_TEXT"}]}
COMMAND: POST /session/e5a8226ea9fde889391201a3e7d107f2/execute/async - {"script":"<script> [1562 bytes]","args":[{"selector":{"id":"application-manageyards-display-component---NewYard--companyCodeComboBox","interaction":{"idSuffix":"inner"}},"wdio_ui5_key":"applicationmanageyards-display-component---NewYard--companyCodeComboBox"}]}
RESULT: {"script":"<script> [1562 bytes]","args":[{"selector":{"id":"application-manageyards-display-component---NewYard--companyCodeComboBox","interaction":{"idSuffix":"inner"}},"wdio_ui5_key":"applicationmanageyards-display-component---NewYard--companyCodeComboBox"}]}
RESULT: undefined
COMMAND: POST /session/e5a8226ea9fde889391201a3e7d107f2/execute/async - {"script":"<script> [776 bytes]","args":[{"enterText":"1000","selector":{"id":"application-manageyards-display-component---NewYard--companyCodeComboBox","interaction":{"idSuffix":"inner"}},"clearTextFirst":true,"interactionType":"ENTER_TEXT"}]}
RESULT: {"script":"<script> [776 bytes]","args":[{"enterText":"1000","selector":{"id":"application-manageyards-display-component---NewYard--companyCodeComboBox","interaction":{"idSuffix":"inner"}},"clearTextFirst":true,"interactionType":"ENTER_TEXT"}]}
COMMAND: POST /session/e5a8226ea9fde889391201a3e7d107f2/execute/async - {"script":"<script> [1562 bytes]","args":[{"selector":{"controlType":"sap.m.Input","viewName":"etm.portal.ui.manageyards.view.New","viewId":"application-manageyards-display-component---NewYard","bindingPath":{"path":"","propertyPath":"/PLANT","modelName":"NewYardModel"},"interaction":{"idSuffix":"inner"}},"wdio_ui5_key":"etmportal.ui.manageyards.view.Newsap.m.Input{\"path\":\"\",\"propertyPath\":\"/PLANT\",\"modelName\":\"NewYardModel\"}"}]}
RESULT: {"script":"<script> [1562 bytes]","args":[{"selector":{"controlType":"sap.m.Input","viewName":"etm.portal.ui.manageyards.view.New","viewId":"application-manageyards-display-component---NewYard","bindingPath":{"path":"","propertyPath":"/PLANT","modelName":"NewYardModel"},"interaction":{"idSuffix":"inner"}},"wdio_ui5_key":"etmportal.ui.manageyards.view.Newsap.m.Input{\"path\":\"\",\"propertyPath\":\"/PLANT\",\"modelName\":\"NewYardModel\"}"}]}
RESULT: undefined
COMMAND: POST /session/e5a8226ea9fde889391201a3e7d107f2/execute/async - {"script":"<script> [776 bytes]","args":[{"enterText":"1001","selector":{"controlType":"sap.m.Input","viewName":"etm.portal.ui.manageyards.view.New","viewId":"application-manageyards-display-component---NewYard","bindingPath":{"path":"","propertyPath":"/PLANT","modelName":"NewYardModel"},"interaction":{"idSuffix":"inner"}},"clearTextFirst":true,"interactionType":"ENTER_TEXT"}]}
RESULT: {"script":"<script> [776 bytes]","args":[{"enterText":"1001","selector":{"controlType":"sap.m.Input","viewName":"etm.portal.ui.manageyards.view.New","viewId":"application-manageyards-display-component---NewYard","bindingPath":{"path":"","propertyPath":"/PLANT","modelName":"NewYardModel"},"interaction":{"idSuffix":"inner"}},"clearTextFirst":true,"interactionType":"ENTER_TEXT"}]}
COMMAND: POST /session/e5a8226ea9fde889391201a3e7d107f2/execute/async - {"script":"<script> [1562 bytes]","args":[{"selector":{"controlType":"sap.m.Input","viewName":"etm.portal.ui.manageyards.view.New","viewId":"application-manageyards-display-component---NewYard","bindingPath":{"path":"","propertyPath":"/SALES_AREA_VKORG","modelName":"NewYardModel"},"interaction":{"idSuffix":"inner"}},"wdio_ui5_key":"etmportal.ui.manageyards.view.Newsap.m.Input{\"path\":\"\",\"propertyPath\":\"/SALES_AREA_VKORG\",\"modelName\":\"NewYardModel\"}"}]}
RESULT: {"script":"<script> [1562 bytes]","args":[{"selector":{"controlType":"sap.m.Input","viewName":"etm.portal.ui.manageyards.view.New","viewId":"application-manageyards-display-component---NewYard","bindingPath":{"path":"","propertyPath":"/SALES_AREA_VKORG","modelName":"NewYardModel"},"interaction":{"idSuffix":"inner"}},"wdio_ui5_key":"etmportal.ui.manageyards.view.Newsap.m.Input{\"path\":\"\",\"propertyPath\":\"/SALES_AREA_VKORG\",\"modelName\":\"NewYardModel\"}"}]}
RESULT: undefined
COMMAND: POST /session/e5a8226ea9fde889391201a3e7d107f2/execute/async - {"script":"<script> [776 bytes]","args":[{"enterText":"C002","selector":{"controlType":"sap.m.Input","viewName":"etm.portal.ui.manageyards.view.New","viewId":"application-manageyards-display-component---NewYard","bindingPath":{"path":"","propertyPath":"/SALES_AREA_VKORG","modelName":"NewYardModel"},"interaction":{"idSuffix":"inner"}},"clearTextFirst":true,"interactionType":"ENTER_TEXT"}]}
RESULT: {"script":"<script> [776 bytes]","args":[{"enterText":"C002","selector":{"controlType":"sap.m.Input","viewName":"etm.portal.ui.manageyards.view.New","viewId":"application-manageyards-display-component---NewYard","bindingPath":{"path":"","propertyPath":"/SALES_AREA_VKORG","modelName":"NewYardModel"},"interaction":{"idSuffix":"inner"}},"clearTextFirst":true,"interactionType":"ENTER_TEXT"}]}
COMMAND: POST /session/e5a8226ea9fde889391201a3e7d107f2/execute/async - {"script":"<script> [1562 bytes]","args":[{"selector":{"controlType":"sap.m.Input","viewName":"etm.portal.ui.manageyards.view.New","viewId":"application-manageyards-display-component---NewYard","bindingPath":{"path":"","propertyPath":"/SALES_AREA_VTWEG","modelName":"NewYardModel"},"interaction":{"idSuffix":"inner"}},"wdio_ui5_key":"etmportal.ui.manageyards.view.Newsap.m.Input{\"path\":\"\",\"propertyPath\":\"/SALES_AREA_VTWEG\",\"modelName\":\"NewYardModel\"}"}]}
RESULT: {"script":"<script> [1562 bytes]","args":[{"selector":{"controlType":"sap.m.Input","viewName":"etm.portal.ui.manageyards.view.New","viewId":"application-manageyards-display-component---NewYard","bindingPath":{"path":"","propertyPath":"/SALES_AREA_VTWEG","modelName":"NewYardModel"},"interaction":{"idSuffix":"inner"}},"wdio_ui5_key":"etmportal.ui.manageyards.view.Newsap.m.Input{\"path\":\"\",\"propertyPath\":\"/SALES_AREA_VTWEG\",\"modelName\":\"NewYardModel\"}"}]}
RESULT: undefined
COMMAND: POST /session/e5a8226ea9fde889391201a3e7d107f2/execute/async - {"script":"<script> [776 bytes]","args":[{"enterText":"C2","selector":{"controlType":"sap.m.Input","viewName":"etm.portal.ui.manageyards.view.New","viewId":"application-manageyards-display-component---NewYard","bindingPath":{"path":"","propertyPath":"/SALES_AREA_VTWEG","modelName":"NewYardModel"},"interaction":{"idSuffix":"inner"}},"clearTextFirst":true,"interactionType":"ENTER_TEXT"}]}
RESULT: {"script":"<script> [776 bytes]","args":[{"enterText":"C2","selector":{"controlType":"sap.m.Input","viewName":"etm.portal.ui.manageyards.view.New","viewId":"application-manageyards-display-component---NewYard","bindingPath":{"path":"","propertyPath":"/SALES_AREA_VTWEG","modelName":"NewYardModel"},"interaction":{"idSuffix":"inner"}},"clearTextFirst":true,"interactionType":"ENTER_TEXT"}]}
COMMAND: POST /session/e5a8226ea9fde889391201a3e7d107f2/execute/async - {"script":"<script> [1562 bytes]","args":[{"selector":{"controlType":"sap.m.Input","viewName":"etm.portal.ui.manageyards.view.New","viewId":"application-manageyards-display-component---NewYard","bindingPath":{"path":"","propertyPath":"/SALES_AREA_SPART","modelName":"NewYardModel"},"interaction":{"idSuffix":"inner"}},"wdio_ui5_key":"etmportal.ui.manageyards.view.Newsap.m.Input{\"path\":\"\",\"propertyPath\":\"/SALES_AREA_SPART\",\"modelName\":\"NewYardModel\"}"}]}
RESULT: {"script":"<script> [1562 bytes]","args":[{"selector":{"controlType":"sap.m.Input","viewName":"etm.portal.ui.manageyards.view.New","viewId":"application-manageyards-display-component---NewYard","bindingPath":{"path":"","propertyPath":"/SALES_AREA_SPART","modelName":"NewYardModel"},"interaction":{"idSuffix":"inner"}},"wdio_ui5_key":"etmportal.ui.manageyards.view.Newsap.m.Input{\"path\":\"\",\"propertyPath\":\"/SALES_AREA_SPART\",\"modelName\":\"NewYardModel\"}"}]}
RESULT: undefined
COMMAND: POST /session/e5a8226ea9fde889391201a3e7d107f2/execute/async - {"script":"<script> [776 bytes]","args":[{"enterText":"C2","selector":{"controlType":"sap.m.Input","viewName":"etm.portal.ui.manageyards.view.New","viewId":"application-manageyards-display-component---NewYard","bindingPath":{"path":"","propertyPath":"/SALES_AREA_SPART","modelName":"NewYardModel"},"interaction":{"idSuffix":"inner"}},"clearTextFirst":true,"interactionType":"ENTER_TEXT"}]}
RESULT: {"script":"<script> [776 bytes]","args":[{"enterText":"C2","selector":{"controlType":"sap.m.Input","viewName":"etm.portal.ui.manageyards.view.New","viewId":"application-manageyards-display-component---NewYard","bindingPath":{"path":"","propertyPath":"/SALES_AREA_SPART","modelName":"NewYardModel"},"interaction":{"idSuffix":"inner"}},"clearTextFirst":true,"interactionType":"ENTER_TEXT"}]}
COMMAND: POST /session/e5a8226ea9fde889391201a3e7d107f2/execute/async - {"script":"<script> [1562 bytes]","args":[{"selector":{"controlType":"sap.m.Input","viewName":"etm.portal.ui.manageyards.view.New","viewId":"application-manageyards-display-component---NewYard","bindingPath":{"path":"","propertyPath":"/SHIP_POINT","modelName":"NewYardModel"},"interaction":{"idSuffix":"inner"}},"wdio_ui5_key":"etmportal.ui.manageyards.view.Newsap.m.Input{\"path\":\"\",\"propertyPath\":\"/SHIP_POINT\",\"modelName\":\"NewYardModel\"}"}]}
RESULT: {"script":"<script> [1562 bytes]","args":[{"selector":{"controlType":"sap.m.Input","viewName":"etm.portal.ui.manageyards.view.New","viewId":"application-manageyards-display-component---NewYard","bindingPath":{"path":"","propertyPath":"/SHIP_POINT","modelName":"NewYardModel"},"interaction":{"idSuffix":"inner"}},"wdio_ui5_key":"etmportal.ui.manageyards.view.Newsap.m.Input{\"path\":\"\",\"propertyPath\":\"/SHIP_POINT\",\"modelName\":\"NewYardModel\"}"}]}
RESULT: undefined
COMMAND: POST /session/e5a8226ea9fde889391201a3e7d107f2/execute/async - {"script":"<script> [776 bytes]","args":[{"enterText":"1710","selector":{"controlType":"sap.m.Input","viewName":"etm.portal.ui.manageyards.view.New","viewId":"application-manageyards-display-component---NewYard","bindingPath":{"path":"","propertyPath":"/SHIP_POINT","modelName":"NewYardModel"},"interaction":{"idSuffix":"inner"}},"clearTextFirst":true,"interactionType":"ENTER_TEXT"}]}
RESULT: {"script":"<script> [776 bytes]","args":[{"enterText":"1710","selector":{"controlType":"sap.m.Input","viewName":"etm.portal.ui.manageyards.view.New","viewId":"application-manageyards-display-component---NewYard","bindingPath":{"path":"","propertyPath":"/SHIP_POINT","modelName":"NewYardModel"},"interaction":{"idSuffix":"inner"}},"clearTextFirst":true,"interactionType":"ENTER_TEXT"}]}
COMMAND: POST /session/e5a8226ea9fde889391201a3e7d107f2/execute/async - {"script":"<script> [1562 bytes]","args":[{"selector":{"controlType":"sap.m.Input","viewName":"etm.portal.ui.manageyards.view.New","viewId":"application-manageyards-display-component---NewYard","bindingPath":{"path":"","propertyPath":"/DELIVERY_TYPE","modelName":"NewYardModel"},"interaction":{"idSuffix":"inner"}},"wdio_ui5_key":"etmportal.ui.manageyards.view.Newsap.m.Input{\"path\":\"\",\"propertyPath\":\"/DELIVERY_TYPE\",\"modelName\":\"NewYardModel\"}"}]}
RESULT: {"script":"<script> [1562 bytes]","args":[{"selector":{"controlType":"sap.m.Input","viewName":"etm.portal.ui.manageyards.view.New","viewId":"application-manageyards-display-component---NewYard","bindingPath":{"path":"","propertyPath":"/DELIVERY_TYPE","modelName":"NewYardModel"},"interaction":{"idSuffix":"inner"}},"wdio_ui5_key":"etmportal.ui.manageyards.view.Newsap.m.Input{\"path\":\"\",\"propertyPath\":\"/DELIVERY_TYPE\",\"modelName\":\"NewYardModel\"}"}]}
RESULT: undefined
COMMAND: POST /session/e5a8226ea9fde889391201a3e7d107f2/execute/async - {"script":"<script> [776 bytes]","args":[{"enterText":"ZL01","selector":{"controlType":"sap.m.Input","viewName":"etm.portal.ui.manageyards.view.New","viewId":"application-manageyards-display-component---NewYard","bindingPath":{"path":"","propertyPath":"/DELIVERY_TYPE","modelName":"NewYardModel"},"interaction":{"idSuffix":"inner"}},"clearTextFirst":true,"interactionType":"ENTER_TEXT"}]}
RESULT: {"script":"<script> [776 bytes]","args":[{"enterText":"ZL01","selector":{"controlType":"sap.m.Input","viewName":"etm.portal.ui.manageyards.view.New","viewId":"application-manageyards-display-component---NewYard","bindingPath":{"path":"","propertyPath":"/DELIVERY_TYPE","modelName":"NewYardModel"},"interaction":{"idSuffix":"inner"}},"clearTextFirst":true,"interactionType":"ENTER_TEXT"}]}
COMMAND: POST /session/e5a8226ea9fde889391201a3e7d107f2/execute/async - {"script":"<script> [1562 bytes]","args":[{"selector":{"controlType":"sap.m.Input","viewName":"etm.portal.ui.manageyards.view.New","viewId":"application-manageyards-display-component---NewYard","bindingPath":{"path":"","propertyPath":"/AUART","modelName":"NewYardModel"},"interaction":{"idSuffix":"inner"}},"wdio_ui5_key":"etmportal.ui.manageyards.view.Newsap.m.Input{\"path\":\"\",\"propertyPath\":\"/AUART\",\"modelName\":\"NewYardModel\"}"}]}
RESULT: {"script":"<script> [1562 bytes]","args":[{"selector":{"controlType":"sap.m.Input","viewName":"etm.portal.ui.manageyards.view.New","viewId":"application-manageyards-display-component---NewYard","bindingPath":{"path":"","propertyPath":"/AUART","modelName":"NewYardModel"},"interaction":{"idSuffix":"inner"}},"wdio_ui5_key":"etmportal.ui.manageyards.view.Newsap.m.Input{\"path\":\"\",\"propertyPath\":\"/AUART\",\"modelName\":\"NewYardModel\"}"}]}
RESULT: undefined
COMMAND: POST /session/e5a8226ea9fde889391201a3e7d107f2/execute/async - {"script":"<script> [776 bytes]","args":[{"enterText":"TA","selector":{"controlType":"sap.m.Input","viewName":"etm.portal.ui.manageyards.view.New","viewId":"application-manageyards-display-component---NewYard","bindingPath":{"path":"","propertyPath":"/AUART","modelName":"NewYardModel"},"interaction":{"idSuffix":"inner"}},"clearTextFirst":true,"interactionType":"ENTER_TEXT"}]}
RESULT: {"script":"<script> [776 bytes]","args":[{"enterText":"TA","selector":{"controlType":"sap.m.Input","viewName":"etm.portal.ui.manageyards.view.New","viewId":"application-manageyards-display-component---NewYard","bindingPath":{"path":"","propertyPath":"/AUART","modelName":"NewYardModel"},"interaction":{"idSuffix":"inner"}},"clearTextFirst":true,"interactionType":"ENTER_TEXT"}]}
COMMAND: POST /session/e5a8226ea9fde889391201a3e7d107f2/execute/async - {"script":"<script> [1562 bytes]","args":[{"selector":{"id":"application-manageyards-display-component---NewYard--whmCheckBox","interaction":{"idSuffix":"CbBg"}},"wdio_ui5_key":"applicationmanageyards-display-component---NewYard--whmCheckBox"}]}
RESULT: {"script":"<script> [1562 bytes]","args":[{"selector":{"id":"application-manageyards-display-component---NewYard--whmCheckBox","interaction":{"idSuffix":"CbBg"}},"wdio_ui5_key":"applicationmanageyards-display-component---NewYard--whmCheckBox"}]}
RESULT: undefined
COMMAND: POST /session/e5a8226ea9fde889391201a3e7d107f2/element - {"using":"xpath","value":"//*[@id=\"application-manageyards-display-component---NewYard--whmCheckBox\"]"}
RESULT: {"using":"xpath","value":"//*[@id=\"application-manageyards-display-component---NewYard--whmCheckBox\"]"}
COMMAND: POST /session/e5a8226ea9fde889391201a3e7d107f2/element/f.423FC243C8326C45B9AC14107F5D9156.d.0082347235DF86612AC4DF8F478D261F.e.749/click - {}
RESULT: {}
COMMAND: GET /session/e5a8226ea9fde889391201a3e7d107f2/screenshot - {}
RESULT: {}
COMMAND: POST /session/e5a8226ea9fde889391201a3e7d107f2/element - {"using":"xpath","value":"//button[@data-kt=\"newYardSaveButton\"]"}
RESULT: {"using":"xpath","value":"//button[@data-kt=\"newYardSaveButton\"]"}
COMMAND: POST /session/e5a8226ea9fde889391201a3e7d107f2/element/f.423FC243C8326C45B9AC14107F5D9156.d.0082347235DF86612AC4DF8F478D261F.e.655/click - {}
RESULT: {}
COMMAND: GET /session/e5a8226ea9fde889391201a3e7d107f2/screenshot - {}
RESULT: {}
COMMAND: POST /session/e5a8226ea9fde889391201a3e7d107f2/element - {"using":"xpath","value":"//header[contains(@id, 'ObjectPageLayout-headerTitle')]/div[1]/div[2]/div[1]/span[1]"}
RESULT: {"using":"xpath","value":"//header[contains(@id, 'ObjectPageLayout-headerTitle')]/div[1]/div[2]/div[1]/span[1]"}
COMMAND: POST /session/e5a8226ea9fde889391201a3e7d107f2/elements - {"using":"xpath","value":"//header[contains(@id, 'ObjectPageLayout-headerTitle')]/div[1]/div[2]/div[1]/span[1]"}
RESULT: {"using":"xpath","value":"//header[contains(@id, 'ObjectPageLayout-headerTitle')]/div[1]/div[2]/div[1]/span[1]"}
COMMAND: POST /session/e5a8226ea9fde889391201a3e7d107f2/execute/sync - {"script":"<script> [56 bytes]","args":[{"element-6066-11e4-a52e-4f735466cecf":"f.423FC243C8326C45B9AC14107F5D9156.d.0082347235DF86612AC4DF8F478D261F.e.937","ELEMENT":"f.423FC243C8326C45B9AC14107F5D9156.d.0082347235DF86612AC4DF8F478D261F.e.937"}]}
RESULT: {"script":"<script> [56 bytes]","args":[{"element-6066-11e4-a52e-4f735466cecf":"f.423FC243C8326C45B9AC14107F5D9156.d.0082347235DF86612AC4DF8F478D261F.e.937","ELEMENT":"f.423FC243C8326C45B9AC14107F5D9156.d.0082347235DF86612AC4DF8F478D261F.e.937"}]}
COMMAND: GET /session/e5a8226ea9fde889391201a3e7d107f2/screenshot - {}
RESULT: {}
COMMAND: POST /session/e5a8226ea9fde889391201a3e7d107f2/element - {"using":"css selector","value":"#shell-header-logo"}
RESULT: {"using":"css selector","value":"#shell-header-logo"}
COMMAND: POST /session/e5a8226ea9fde889391201a3e7d107f2/element/f.423FC243C8326C45B9AC14107F5D9156.d.0082347235DF86612AC4DF8F478D261F.e.238/click - {}
RESULT: {}
COMMAND: GET /session/e5a8226ea9fde889391201a3e7d107f2/screenshot - {}
RESULT: {}
COMMAND: POST /session/e5a8226ea9fde889391201a3e7d107f2/execute/sync - {"script":"<script> [299 bytes]","args":[["getModel","getResource"]]}
RESULT: {"script":"<script> [299 bytes]","args":[["getModel","getResource"]]}
COMMAND: GET /session/e5a8226ea9fde889391201a3e7d107f2/screenshot - {}
]]></system-out>
    </testcase>
    <testcase classname="chrome.137_0_7151_69.windows.Stock_increase_-_with_WHM_US125587" name="Should create a new external WHM partner" time="103.125">
      <system-out><![CDATA[
COMMAND: POST /session/e5a8226ea9fde889391201a3e7d107f2/window/fullscreen - {}
RESULT: {}
RESULT: {}
COMMAND: POST /session/e5a8226ea9fde889391201a3e7d107f2/execute/async - {"script":"<script> [1562 bytes]","args":[{"selector":{"controlType":"sap.m.GenericTile","properties":{"header":"Manage Partners"}},"wdio_ui5_key":"sapm.GenericTile{\"header\":\"Manage Partners\"}"}]}
RESULT: {"script":"<script> [1562 bytes]","args":[{"selector":{"controlType":"sap.m.GenericTile","properties":{"header":"Manage Partners"}},"wdio_ui5_key":"sapm.GenericTile{\"header\":\"Manage Partners\"}"}]}
RESULT: undefined
COMMAND: POST /session/e5a8226ea9fde889391201a3e7d107f2/element - {"using":"xpath","value":"//*[@id=\"__tile39\"]"}
RESULT: {"using":"xpath","value":"//*[@id=\"__tile39\"]"}
COMMAND: POST /session/e5a8226ea9fde889391201a3e7d107f2/element/f.423FC243C8326C45B9AC14107F5D9156.d.0082347235DF86612AC4DF8F478D261F.e.122/click - {}
RESULT: {}
COMMAND: GET /session/e5a8226ea9fde889391201a3e7d107f2/screenshot - {}
RESULT: {}
COMMAND: POST /session/e5a8226ea9fde889391201a3e7d107f2/elements - {"using":"xpath","value":"//span[text()='Error']"}
RESULT: {"using":"xpath","value":"//span[text()='Error']"}
COMMAND: POST /session/e5a8226ea9fde889391201a3e7d107f2/element - {"using":"xpath","value":"//button[@data-kt=\"addButton\"]"}
RESULT: {"using":"xpath","value":"//button[@data-kt=\"addButton\"]"}
COMMAND: POST /session/e5a8226ea9fde889391201a3e7d107f2/elements - {"using":"xpath","value":"//button[@data-kt=\"addButton\"]"}
RESULT: {"using":"xpath","value":"//button[@data-kt=\"addButton\"]"}
COMMAND: POST /session/e5a8226ea9fde889391201a3e7d107f2/execute/sync - {"script":"<script> [8489 bytes]","args":[{"element-6066-11e4-a52e-4f735466cecf":"f.423FC243C8326C45B9AC14107F5D9156.d.0082347235DF86612AC4DF8F478D261F.e.976","ELEMENT":"f.423FC243C8326C45B9AC14107F5D9156.d.0082347235DF86612AC4DF8F478D261F.e.976"}]}
RESULT: {"script":"<script> [8489 bytes]","args":[{"element-6066-11e4-a52e-4f735466cecf":"f.423FC243C8326C45B9AC14107F5D9156.d.0082347235DF86612AC4DF8F478D261F.e.976","ELEMENT":"f.423FC243C8326C45B9AC14107F5D9156.d.0082347235DF86612AC4DF8F478D261F.e.976"}]}
COMMAND: GET /session/e5a8226ea9fde889391201a3e7d107f2/element/f.423FC243C8326C45B9AC14107F5D9156.d.0082347235DF86612AC4DF8F478D261F.e.976/enabled - {}
COMMAND: GET /session/e5a8226ea9fde889391201a3e7d107f2/screenshot - {}
RESULT: {}
COMMAND: POST /session/e5a8226ea9fde889391201a3e7d107f2/execute/sync - {"script":"<script> [8489 bytes]","args":[{"element-6066-11e4-a52e-4f735466cecf":"f.423FC243C8326C45B9AC14107F5D9156.d.0082347235DF86612AC4DF8F478D261F.e.976","ELEMENT":"f.423FC243C8326C45B9AC14107F5D9156.d.0082347235DF86612AC4DF8F478D261F.e.976"}]}
COMMAND: GET /session/e5a8226ea9fde889391201a3e7d107f2/screenshot - {}
RESULT: {}
RESULT: {"script":"<script> [8489 bytes]","args":[{"element-6066-11e4-a52e-4f735466cecf":"f.423FC243C8326C45B9AC14107F5D9156.d.0082347235DF86612AC4DF8F478D261F.e.976","ELEMENT":"f.423FC243C8326C45B9AC14107F5D9156.d.0082347235DF86612AC4DF8F478D261F.e.976"}]}
COMMAND: POST /session/e5a8226ea9fde889391201a3e7d107f2/execute/sync - {"script":"<script> [5351 bytes]","args":[{"element-6066-11e4-a52e-4f735466cecf":"f.423FC243C8326C45B9AC14107F5D9156.d.0082347235DF86612AC4DF8F478D261F.e.976","ELEMENT":"f.423FC243C8326C45B9AC14107F5D9156.d.0082347235DF86612AC4DF8F478D261F.e.976"}]}
COMMAND: GET /session/e5a8226ea9fde889391201a3e7d107f2/screenshot - {}
RESULT: {}
RESULT: {"script":"<script> [5351 bytes]","args":[{"element-6066-11e4-a52e-4f735466cecf":"f.423FC243C8326C45B9AC14107F5D9156.d.0082347235DF86612AC4DF8F478D261F.e.976","ELEMENT":"f.423FC243C8326C45B9AC14107F5D9156.d.0082347235DF86612AC4DF8F478D261F.e.976"}]}
COMMAND: POST /session/e5a8226ea9fde889391201a3e7d107f2/element/f.423FC243C8326C45B9AC14107F5D9156.d.0082347235DF86612AC4DF8F478D261F.e.976/click - {}
COMMAND: GET /session/e5a8226ea9fde889391201a3e7d107f2/screenshot - {}
RESULT: {}
RESULT: {}
COMMAND: GET /session/e5a8226ea9fde889391201a3e7d107f2/screenshot - {}
RESULT: {}
COMMAND: POST /session/e5a8226ea9fde889391201a3e7d107f2/execute/async - {"script":"<script> [1562 bytes]","args":[{"selector":{"id":"application-managepartners-display-component---NewPartner--addressDetailDetailsName1","interaction":{"idSuffix":"inner"}},"wdio_ui5_key":"applicationmanagepartners-display-component---NewPartner--addressDetailDetailsName1"}]}
RESULT: {}
RESULT: {"script":"<script> [1562 bytes]","args":[{"selector":{"id":"application-managepartners-display-component---NewPartner--addressDetailDetailsName1","interaction":{"idSuffix":"inner"}},"wdio_ui5_key":"applicationmanagepartners-display-component---NewPartner--addressDetailDetailsName1"}]}
RESULT: undefined
COMMAND: POST /session/e5a8226ea9fde889391201a3e7d107f2/execute/async - {"script":"<script> [776 bytes]","args":[{"enterText":"External Partner WDIO","selector":{"id":"application-managepartners-display-component---NewPartner--addressDetailDetailsName1","interaction":{"idSuffix":"inner"}},"clearTextFirst":true,"interactionType":"ENTER_TEXT"}]}
RESULT: {"script":"<script> [776 bytes]","args":[{"enterText":"External Partner WDIO","selector":{"id":"application-managepartners-display-component---NewPartner--addressDetailDetailsName1","interaction":{"idSuffix":"inner"}},"clearTextFirst":true,"interactionType":"ENTER_TEXT"}]}
COMMAND: POST /session/e5a8226ea9fde889391201a3e7d107f2/execute/async - {"script":"<script> [1562 bytes]","args":[{"selector":{"id":"application-managepartners-display-component---NewPartner--addressDetailDetailsLanguage-arrow"},"wdio_ui5_key":"applicationmanagepartners-display-component---NewPartner--addressDetailDetailsLanguage-arrow"}]}
RESULT: {"script":"<script> [1562 bytes]","args":[{"selector":{"id":"application-managepartners-display-component---NewPartner--addressDetailDetailsLanguage-arrow"},"wdio_ui5_key":"applicationmanagepartners-display-component---NewPartner--addressDetailDetailsLanguage-arrow"}]}
RESULT: undefined
COMMAND: POST /session/e5a8226ea9fde889391201a3e7d107f2/element - {"using":"xpath","value":"//*[@id=\"application-managepartners-display-component---NewPartner--addressDetailDetailsLanguage-arrow\"]"}
RESULT: {"using":"xpath","value":"//*[@id=\"application-managepartners-display-component---NewPartner--addressDetailDetailsLanguage-arrow\"]"}
COMMAND: POST /session/e5a8226ea9fde889391201a3e7d107f2/element/f.423FC243C8326C45B9AC14107F5D9156.d.0082347235DF86612AC4DF8F478D261F.e.1305/click - {}
RESULT: {}
COMMAND: POST /session/e5a8226ea9fde889391201a3e7d107f2/element - {"using":"xpath","value":"//span[contains(text(), \"English\")]"}
COMMAND: GET /session/e5a8226ea9fde889391201a3e7d107f2/screenshot - {}
RESULT: {"using":"xpath","value":"//span[contains(text(), \"English\")]"}
COMMAND: POST /session/e5a8226ea9fde889391201a3e7d107f2/element/f.423FC243C8326C45B9AC14107F5D9156.d.0082347235DF86612AC4DF8F478D261F.e.1306/click - {}
RESULT: {}
RESULT: {}
COMMAND: GET /session/e5a8226ea9fde889391201a3e7d107f2/screenshot - {}
RESULT: {}
COMMAND: POST /session/e5a8226ea9fde889391201a3e7d107f2/execute/async - {"script":"<script> [1562 bytes]","args":[{"selector":{"id":"application-managepartners-display-component---NewPartner--addressDetailDetailsCity1","interaction":{"idSuffix":"inner"}},"wdio_ui5_key":"applicationmanagepartners-display-component---NewPartner--addressDetailDetailsCity1"}]}
RESULT: {"script":"<script> [1562 bytes]","args":[{"selector":{"id":"application-managepartners-display-component---NewPartner--addressDetailDetailsCity1","interaction":{"idSuffix":"inner"}},"wdio_ui5_key":"applicationmanagepartners-display-component---NewPartner--addressDetailDetailsCity1"}]}
RESULT: undefined
COMMAND: POST /session/e5a8226ea9fde889391201a3e7d107f2/execute/async - {"script":"<script> [776 bytes]","args":[{"enterText":"Rosario","selector":{"id":"application-managepartners-display-component---NewPartner--addressDetailDetailsCity1","interaction":{"idSuffix":"inner"}},"clearTextFirst":true,"interactionType":"ENTER_TEXT"}]}
RESULT: {"script":"<script> [776 bytes]","args":[{"enterText":"Rosario","selector":{"id":"application-managepartners-display-component---NewPartner--addressDetailDetailsCity1","interaction":{"idSuffix":"inner"}},"clearTextFirst":true,"interactionType":"ENTER_TEXT"}]}
COMMAND: POST /session/e5a8226ea9fde889391201a3e7d107f2/execute/async - {"script":"<script> [1562 bytes]","args":[{"selector":{"id":"application-managepartners-display-component---NewPartner--addressDetailDetailsCountry-arrow"},"wdio_ui5_key":"applicationmanagepartners-display-component---NewPartner--addressDetailDetailsCountry-arrow"}]}
RESULT: {"script":"<script> [1562 bytes]","args":[{"selector":{"id":"application-managepartners-display-component---NewPartner--addressDetailDetailsCountry-arrow"},"wdio_ui5_key":"applicationmanagepartners-display-component---NewPartner--addressDetailDetailsCountry-arrow"}]}
RESULT: undefined
COMMAND: POST /session/e5a8226ea9fde889391201a3e7d107f2/element - {"using":"xpath","value":"//*[@id=\"application-managepartners-display-component---NewPartner--addressDetailDetailsCountry-arrow\"]"}
RESULT: {"using":"xpath","value":"//*[@id=\"application-managepartners-display-component---NewPartner--addressDetailDetailsCountry-arrow\"]"}
COMMAND: POST /session/e5a8226ea9fde889391201a3e7d107f2/element/f.423FC243C8326C45B9AC14107F5D9156.d.0082347235DF86612AC4DF8F478D261F.e.1287/click - {}
RESULT: {}
COMMAND: POST /session/e5a8226ea9fde889391201a3e7d107f2/element - {"using":"xpath","value":"//span[contains(text(), \"Argentina\")]"}
COMMAND: GET /session/e5a8226ea9fde889391201a3e7d107f2/screenshot - {}
RESULT: {"using":"xpath","value":"//span[contains(text(), \"Argentina\")]"}
COMMAND: POST /session/e5a8226ea9fde889391201a3e7d107f2/element/f.423FC243C8326C45B9AC14107F5D9156.d.0082347235DF86612AC4DF8F478D261F.e.1308/click - {}
RESULT: {}
RESULT: {}
COMMAND: GET /session/e5a8226ea9fde889391201a3e7d107f2/screenshot - {}
RESULT: {}
COMMAND: POST /session/e5a8226ea9fde889391201a3e7d107f2/element - {"using":"xpath","value":"//bdi[contains(text(), \"Commercial\")]"}
RESULT: {"using":"xpath","value":"//bdi[contains(text(), \"Commercial\")]"}
COMMAND: POST /session/e5a8226ea9fde889391201a3e7d107f2/element/f.423FC243C8326C45B9AC14107F5D9156.d.0082347235DF86612AC4DF8F478D261F.e.1309/click - {}
RESULT: {}
COMMAND: GET /session/e5a8226ea9fde889391201a3e7d107f2/screenshot - {}
RESULT: {}
COMMAND: POST /session/e5a8226ea9fde889391201a3e7d107f2/execute/async - {"script":"<script> [1562 bytes]","args":[{"selector":{"id":"application-managepartners-display-component---NewPartner--partnerDetailInternal-arrow"},"wdio_ui5_key":"applicationmanagepartners-display-component---NewPartner--partnerDetailInternal-arrow"}]}
RESULT: {"script":"<script> [1562 bytes]","args":[{"selector":{"id":"application-managepartners-display-component---NewPartner--partnerDetailInternal-arrow"},"wdio_ui5_key":"applicationmanagepartners-display-component---NewPartner--partnerDetailInternal-arrow"}]}
RESULT: undefined
COMMAND: POST /session/e5a8226ea9fde889391201a3e7d107f2/element - {"using":"xpath","value":"//*[@id=\"application-managepartners-display-component---NewPartner--partnerDetailInternal-arrow\"]"}
RESULT: {"using":"xpath","value":"//*[@id=\"application-managepartners-display-component---NewPartner--partnerDetailInternal-arrow\"]"}
COMMAND: POST /session/e5a8226ea9fde889391201a3e7d107f2/element/f.423FC243C8326C45B9AC14107F5D9156.d.0082347235DF86612AC4DF8F478D261F.e.1315/click - {}
RESULT: {}
COMMAND: POST /session/e5a8226ea9fde889391201a3e7d107f2/element - {"using":"xpath","value":"//span[contains(text(), \"External partner\")]"}
COMMAND: GET /session/e5a8226ea9fde889391201a3e7d107f2/screenshot - {}
RESULT: {"using":"xpath","value":"//span[contains(text(), \"External partner\")]"}
COMMAND: POST /session/e5a8226ea9fde889391201a3e7d107f2/element/f.423FC243C8326C45B9AC14107F5D9156.d.0082347235DF86612AC4DF8F478D261F.e.1316/click - {}
RESULT: {}
RESULT: {}
COMMAND: POST /session/e5a8226ea9fde889391201a3e7d107f2/execute/async - {"script":"<script> [1562 bytes]","args":[{"selector":{"id":"application-managepartners-display-component---NewPartner--partnerDetailsCurrency-arrow"},"wdio_ui5_key":"applicationmanagepartners-display-component---NewPartner--partnerDetailsCurrency-arrow"}]}
COMMAND: GET /session/e5a8226ea9fde889391201a3e7d107f2/screenshot - {}
RESULT: {}
RESULT: {"script":"<script> [1562 bytes]","args":[{"selector":{"id":"application-managepartners-display-component---NewPartner--partnerDetailsCurrency-arrow"},"wdio_ui5_key":"applicationmanagepartners-display-component---NewPartner--partnerDetailsCurrency-arrow"}]}
RESULT: undefined
COMMAND: POST /session/e5a8226ea9fde889391201a3e7d107f2/element - {"using":"xpath","value":"//*[@id=\"application-managepartners-display-component---NewPartner--partnerDetailsCurrency-arrow\"]"}
RESULT: {"using":"xpath","value":"//*[@id=\"application-managepartners-display-component---NewPartner--partnerDetailsCurrency-arrow\"]"}
COMMAND: POST /session/e5a8226ea9fde889391201a3e7d107f2/element/f.423FC243C8326C45B9AC14107F5D9156.d.0082347235DF86612AC4DF8F478D261F.e.1321/click - {}
RESULT: {}
COMMAND: POST /session/e5a8226ea9fde889391201a3e7d107f2/element - {"using":"xpath","value":"//span[contains(text(), \"US Dollar\")]"}
COMMAND: GET /session/e5a8226ea9fde889391201a3e7d107f2/screenshot - {}
RESULT: {"using":"xpath","value":"//span[contains(text(), \"US Dollar\")]"}
COMMAND: POST /session/e5a8226ea9fde889391201a3e7d107f2/element/f.423FC243C8326C45B9AC14107F5D9156.d.0082347235DF86612AC4DF8F478D261F.e.1322/click - {}
RESULT: {}
RESULT: {}
COMMAND: GET /session/e5a8226ea9fde889391201a3e7d107f2/screenshot - {}
RESULT: {}
COMMAND: POST /session/e5a8226ea9fde889391201a3e7d107f2/element - {"using":"xpath","value":"//input[@id=\"application-managepartners-display-component---NewPartner--companyCodeComboBox-inner\"]"}
RESULT: {"using":"xpath","value":"//input[@id=\"application-managepartners-display-component---NewPartner--companyCodeComboBox-inner\"]"}
COMMAND: POST /session/e5a8226ea9fde889391201a3e7d107f2/element/f.423FC243C8326C45B9AC14107F5D9156.d.0082347235DF86612AC4DF8F478D261F.e.1165/clear - {}
RESULT: {}
COMMAND: POST /session/e5a8226ea9fde889391201a3e7d107f2/element/f.423FC243C8326C45B9AC14107F5D9156.d.0082347235DF86612AC4DF8F478D261F.e.1165/value - {"text":"C002"}
COMMAND: GET /session/e5a8226ea9fde889391201a3e7d107f2/screenshot - {}
RESULT: {"text":"C002"}
COMMAND: GET /session/e5a8226ea9fde889391201a3e7d107f2/screenshot - {}
RESULT: {}
RESULT: {}
COMMAND: POST /session/e5a8226ea9fde889391201a3e7d107f2/element - {"using":"xpath","value":"//li[.//span[text()= \"C002\"]]"}
RESULT: {"using":"xpath","value":"//li[.//span[text()= \"C002\"]]"}
COMMAND: POST /session/e5a8226ea9fde889391201a3e7d107f2/element/f.423FC243C8326C45B9AC14107F5D9156.d.0082347235DF86612AC4DF8F478D261F.e.1326/click - {}
RESULT: {}
COMMAND: GET /session/e5a8226ea9fde889391201a3e7d107f2/screenshot - {}
RESULT: {}
COMMAND: POST /session/e5a8226ea9fde889391201a3e7d107f2/execute/async - {"script":"<script> [1562 bytes]","args":[{"selector":{"controlType":"sap.ui.core.Icon","viewName":"etm.portal.ui.managepartners.view.NewPartner","viewId":"application-managepartners-display-component---NewPartner","properties":{"src":{"regex":{"source":"slim\\-arrow\\-down"}}},"ancestor":{"controlType":"sap.m.ComboBox","viewName":"etm.portal.ui.managepartners.view.NewPartner","viewId":"application-managepartners-display-component---NewPartner","bindingPath":{"path":"","propertyPath":"/CATALOG","modelName":"oNewPartnerModel"}}},"wdio_ui5_key":"etmportal.ui.managepartners.view.NewPartnersap.ui.core.Icon{\"src\":{\"regex\":{\"source\":\"slim\\\\-arrow\\\\-down\"}}}{\"controlType\":\"sap.m.ComboBox\",\"viewName\":\"etm.portal.ui.managepartners.view.NewPartner\",\"viewId\":\"application-managepartners-display-component---NewPartner\",\"bindingPath\":{\"path\":\"\",\"propertyPath\":\"/CATALOG\",\"modelName\":\"oNewPartnerModel\"}}"}]}
RESULT: {"script":"<script> [1562 bytes]","args":[{"selector":{"controlType":"sap.ui.core.Icon","viewName":"etm.portal.ui.managepartners.view.NewPartner","viewId":"application-managepartners-display-component---NewPartner","properties":{"src":{"regex":{"source":"slim\\-arrow\\-down"}}},"ancestor":{"controlType":"sap.m.ComboBox","viewName":"etm.portal.ui.managepartners.view.NewPartner","viewId":"application-managepartners-display-component---NewPartner","bindingPath":{"path":"","propertyPath":"/CATALOG","modelName":"oNewPartnerModel"}}},"wdio_ui5_key":"etmportal.ui.managepartners.view.NewPartnersap.ui.core.Icon{\"src\":{\"regex\":{\"source\":\"slim\\\\-arrow\\\\-down\"}}}{\"controlType\":\"sap.m.ComboBox\",\"viewName\":\"etm.portal.ui.managepartners.view.NewPartner\",\"viewId\":\"application-managepartners-display-component---NewPartner\",\"bindingPath\":{\"path\":\"\",\"propertyPath\":\"/CATALOG\",\"modelName\":\"oNewPartnerModel\"}}"}]}
RESULT: undefined
COMMAND: POST /session/e5a8226ea9fde889391201a3e7d107f2/element - {"using":"xpath","value":"//*[@id=\"__box22-arrow\"]"}
RESULT: {"using":"xpath","value":"//*[@id=\"__box22-arrow\"]"}
COMMAND: POST /session/e5a8226ea9fde889391201a3e7d107f2/element/f.423FC243C8326C45B9AC14107F5D9156.d.0082347235DF86612AC4DF8F478D261F.e.1288/click - {}
RESULT: {}
COMMAND: GET /session/e5a8226ea9fde889391201a3e7d107f2/screenshot - {}
RESULT: {}
COMMAND: POST /session/e5a8226ea9fde889391201a3e7d107f2/element - {"using":"xpath","value":"//ul[contains(@id,\"popup-list-listUl\")]//li[.//span[text()= \"Webshop Catalog\"]]"}
RESULT: {"using":"xpath","value":"//ul[contains(@id,\"popup-list-listUl\")]//li[.//span[text()= \"Webshop Catalog\"]]"}
COMMAND: POST /session/e5a8226ea9fde889391201a3e7d107f2/element/f.423FC243C8326C45B9AC14107F5D9156.d.0082347235DF86612AC4DF8F478D261F.e.1328/click - {}
RESULT: {}
COMMAND: GET /session/e5a8226ea9fde889391201a3e7d107f2/screenshot - {}
RESULT: {}
COMMAND: POST /session/e5a8226ea9fde889391201a3e7d107f2/execute/async - {"script":"<script> [1562 bytes]","args":[{"selector":{"id":"application-managepartners-display-component---NewPartner--btnAddTableRow-img"},"wdio_ui5_key":"applicationmanagepartners-display-component---NewPartner--btnAddTableRow-img"}]}
RESULT: {"script":"<script> [1562 bytes]","args":[{"selector":{"id":"application-managepartners-display-component---NewPartner--btnAddTableRow-img"},"wdio_ui5_key":"applicationmanagepartners-display-component---NewPartner--btnAddTableRow-img"}]}
RESULT: undefined
COMMAND: POST /session/e5a8226ea9fde889391201a3e7d107f2/element - {"using":"xpath","value":"//*[@id=\"application-managepartners-display-component---NewPartner--btnAddTableRow-img\"]"}
RESULT: {"using":"xpath","value":"//*[@id=\"application-managepartners-display-component---NewPartner--btnAddTableRow-img\"]"}
COMMAND: POST /session/e5a8226ea9fde889391201a3e7d107f2/element/f.423FC243C8326C45B9AC14107F5D9156.d.0082347235DF86612AC4DF8F478D261F.e.1329/click - {}
RESULT: {}
COMMAND: GET /session/e5a8226ea9fde889391201a3e7d107f2/screenshot - {}
RESULT: {}
COMMAND: POST /session/e5a8226ea9fde889391201a3e7d107f2/element - {"using":"xpath","value":"//input[@id=\"application-managepartners-display-component---NewPartner--assignmentYard-application-managepartners-display-component---NewPartner--assignmentsTable-0-inner\"]"}
RESULT: {"using":"xpath","value":"//input[@id=\"application-managepartners-display-component---NewPartner--assignmentYard-application-managepartners-display-component---NewPartner--assignmentsTable-0-inner\"]"}
COMMAND: POST /session/e5a8226ea9fde889391201a3e7d107f2/element/f.423FC243C8326C45B9AC14107F5D9156.d.0082347235DF86612AC4DF8F478D261F.e.1332/clear - {}
RESULT: {}
COMMAND: POST /session/e5a8226ea9fde889391201a3e7d107f2/element/f.423FC243C8326C45B9AC14107F5D9156.d.0082347235DF86612AC4DF8F478D261F.e.1332/value - {"text":"185"}
COMMAND: GET /session/e5a8226ea9fde889391201a3e7d107f2/screenshot - {}
RESULT: {"text":"185"}
COMMAND: GET /session/e5a8226ea9fde889391201a3e7d107f2/screenshot - {}
RESULT: {}
RESULT: {}
COMMAND: POST /session/e5a8226ea9fde889391201a3e7d107f2/element - {"using":"xpath","value":"//li[.//span[text()='185']]"}
RESULT: {"using":"xpath","value":"//li[.//span[text()='185']]"}
COMMAND: POST /session/e5a8226ea9fde889391201a3e7d107f2/element/f.423FC243C8326C45B9AC14107F5D9156.d.0082347235DF86612AC4DF8F478D261F.e.1340/click - {}
RESULT: {}
COMMAND: GET /session/e5a8226ea9fde889391201a3e7d107f2/screenshot - {}
RESULT: {}
COMMAND: POST /session/e5a8226ea9fde889391201a3e7d107f2/actions - {"actions":[{"id":"action2","type":"key","parameters":{},"actions":[{"type":"keyDown","value":"î€‡"},{"type":"pause","duration":10},{"type":"keyUp","value":"î€‡"}]}]}
RESULT: {"actions":[{"id":"action2","type":"key","parameters":{},"actions":[{"type":"keyDown","value":"î€‡"},{"type":"pause","duration":10},{"type":"keyUp","value":"î€‡"}]}]}
COMMAND: POST /session/e5a8226ea9fde889391201a3e7d107f2/element - {"using":"xpath","value":"//td[contains(@id, \"assignmentsTable-0-cell2\")]/div/div"}
COMMAND: GET /session/e5a8226ea9fde889391201a3e7d107f2/screenshot - {}
RESULT: {"using":"xpath","value":"//td[contains(@id, \"assignmentsTable-0-cell2\")]/div/div"}
COMMAND: POST /session/e5a8226ea9fde889391201a3e7d107f2/element/f.423FC243C8326C45B9AC14107F5D9156.d.0082347235DF86612AC4DF8F478D261F.e.1343/click - {}
RESULT: {}
RESULT: {}
COMMAND: GET /session/e5a8226ea9fde889391201a3e7d107f2/screenshot - {}
RESULT: {}
COMMAND: POST /session/e5a8226ea9fde889391201a3e7d107f2/element - {"using":"xpath","value":"//button[@data-kt=\"saveButton\"]"}
RESULT: {"using":"xpath","value":"//button[@data-kt=\"saveButton\"]"}
COMMAND: POST /session/e5a8226ea9fde889391201a3e7d107f2/element/f.423FC243C8326C45B9AC14107F5D9156.d.0082347235DF86612AC4DF8F478D261F.e.1289/click - {}
RESULT: {}
COMMAND: GET /session/e5a8226ea9fde889391201a3e7d107f2/screenshot - {}
RESULT: {}
COMMAND: POST /session/e5a8226ea9fde889391201a3e7d107f2/element - {"using":"xpath","value":"//header[contains(@id, 'ObjectPageLayout-headerTitle')]/div[1]/div[2]/div[2]/span[1]"}
RESULT: {"using":"xpath","value":"//header[contains(@id, 'ObjectPageLayout-headerTitle')]/div[1]/div[2]/div[2]/span[1]"}
COMMAND: POST /session/e5a8226ea9fde889391201a3e7d107f2/elements - {"using":"xpath","value":"//header[contains(@id, 'ObjectPageLayout-headerTitle')]/div[1]/div[2]/div[2]/span[1]"}
RESULT: {"using":"xpath","value":"//header[contains(@id, 'ObjectPageLayout-headerTitle')]/div[1]/div[2]/div[2]/span[1]"}
COMMAND: POST /session/e5a8226ea9fde889391201a3e7d107f2/execute/sync - {"script":"<script> [56 bytes]","args":[{"element-6066-11e4-a52e-4f735466cecf":"f.423FC243C8326C45B9AC14107F5D9156.d.0082347235DF86612AC4DF8F478D261F.e.1445","ELEMENT":"f.423FC243C8326C45B9AC14107F5D9156.d.0082347235DF86612AC4DF8F478D261F.e.1445"}]}
RESULT: {"script":"<script> [56 bytes]","args":[{"element-6066-11e4-a52e-4f735466cecf":"f.423FC243C8326C45B9AC14107F5D9156.d.0082347235DF86612AC4DF8F478D261F.e.1445","ELEMENT":"f.423FC243C8326C45B9AC14107F5D9156.d.0082347235DF86612AC4DF8F478D261F.e.1445"}]}
COMMAND: POST /session/e5a8226ea9fde889391201a3e7d107f2/element - {"using":"css selector","value":"#shell-header-logo"}
COMMAND: GET /session/e5a8226ea9fde889391201a3e7d107f2/screenshot - {}
RESULT: {"using":"css selector","value":"#shell-header-logo"}
COMMAND: POST /session/e5a8226ea9fde889391201a3e7d107f2/element/f.423FC243C8326C45B9AC14107F5D9156.d.0082347235DF86612AC4DF8F478D261F.e.942/click - {}
RESULT: {}
RESULT: {}
COMMAND: GET /session/e5a8226ea9fde889391201a3e7d107f2/screenshot - {}
RESULT: {}
COMMAND: POST /session/e5a8226ea9fde889391201a3e7d107f2/execute/sync - {"script":"<script> [299 bytes]","args":[["getModel","getResource"]]}
RESULT: {"script":"<script> [299 bytes]","args":[["getModel","getResource"]]}
COMMAND: GET /session/e5a8226ea9fde889391201a3e7d107f2/screenshot - {}
]]></system-out>
    </testcase>
    <testcase classname="chrome.137_0_7151_69.windows.Stock_increase_-_with_WHM_US125587" name="Should create a new WHM site" time="98.511">
      <system-out><![CDATA[
COMMAND: POST /session/e5a8226ea9fde889391201a3e7d107f2/execute/async - {"script":"<script> [1562 bytes]","args":[{"selector":{"controlType":"sap.m.GenericTile","properties":{"header":"Manage Sites"}},"wdio_ui5_key":"sapm.GenericTile{\"header\":\"Manage Sites\"}"}]}
RESULT: {"script":"<script> [1562 bytes]","args":[{"selector":{"controlType":"sap.m.GenericTile","properties":{"header":"Manage Sites"}},"wdio_ui5_key":"sapm.GenericTile{\"header\":\"Manage Sites\"}"}]}
RESULT: undefined
COMMAND: POST /session/e5a8226ea9fde889391201a3e7d107f2/element - {"using":"xpath","value":"//*[@id=\"__tile41\"]"}
RESULT: {}
RESULT: {"using":"xpath","value":"//*[@id=\"__tile41\"]"}
COMMAND: POST /session/e5a8226ea9fde889391201a3e7d107f2/element/f.423FC243C8326C45B9AC14107F5D9156.d.0082347235DF86612AC4DF8F478D261F.e.128/click - {}
RESULT: {}
COMMAND: GET /session/e5a8226ea9fde889391201a3e7d107f2/screenshot - {}
RESULT: {}
COMMAND: POST /session/e5a8226ea9fde889391201a3e7d107f2/elements - {"using":"xpath","value":"//span[text()='Error']"}
RESULT: {"using":"xpath","value":"//span[text()='Error']"}
COMMAND: POST /session/e5a8226ea9fde889391201a3e7d107f2/element - {"using":"xpath","value":"//button[@data-kt=\"addOverflowToolbarButton\"]"}
RESULT: {"using":"xpath","value":"//button[@data-kt=\"addOverflowToolbarButton\"]"}
COMMAND: POST /session/e5a8226ea9fde889391201a3e7d107f2/elements - {"using":"xpath","value":"//button[@data-kt=\"addOverflowToolbarButton\"]"}
RESULT: {"using":"xpath","value":"//button[@data-kt=\"addOverflowToolbarButton\"]"}
COMMAND: POST /session/e5a8226ea9fde889391201a3e7d107f2/execute/sync - {"script":"<script> [8489 bytes]","args":[{"element-6066-11e4-a52e-4f735466cecf":"f.423FC243C8326C45B9AC14107F5D9156.d.0082347235DF86612AC4DF8F478D261F.e.1492","ELEMENT":"f.423FC243C8326C45B9AC14107F5D9156.d.0082347235DF86612AC4DF8F478D261F.e.1492"}]}
RESULT: {"script":"<script> [8489 bytes]","args":[{"element-6066-11e4-a52e-4f735466cecf":"f.423FC243C8326C45B9AC14107F5D9156.d.0082347235DF86612AC4DF8F478D261F.e.1492","ELEMENT":"f.423FC243C8326C45B9AC14107F5D9156.d.0082347235DF86612AC4DF8F478D261F.e.1492"}]}
COMMAND: GET /session/e5a8226ea9fde889391201a3e7d107f2/element/f.423FC243C8326C45B9AC14107F5D9156.d.0082347235DF86612AC4DF8F478D261F.e.1492/enabled - {}
COMMAND: GET /session/e5a8226ea9fde889391201a3e7d107f2/screenshot - {}
RESULT: {}
COMMAND: POST /session/e5a8226ea9fde889391201a3e7d107f2/execute/sync - {"script":"<script> [8489 bytes]","args":[{"element-6066-11e4-a52e-4f735466cecf":"f.423FC243C8326C45B9AC14107F5D9156.d.0082347235DF86612AC4DF8F478D261F.e.1492","ELEMENT":"f.423FC243C8326C45B9AC14107F5D9156.d.0082347235DF86612AC4DF8F478D261F.e.1492"}]}
COMMAND: GET /session/e5a8226ea9fde889391201a3e7d107f2/screenshot - {}
RESULT: {}
RESULT: {"script":"<script> [8489 bytes]","args":[{"element-6066-11e4-a52e-4f735466cecf":"f.423FC243C8326C45B9AC14107F5D9156.d.0082347235DF86612AC4DF8F478D261F.e.1492","ELEMENT":"f.423FC243C8326C45B9AC14107F5D9156.d.0082347235DF86612AC4DF8F478D261F.e.1492"}]}
COMMAND: POST /session/e5a8226ea9fde889391201a3e7d107f2/execute/sync - {"script":"<script> [5351 bytes]","args":[{"element-6066-11e4-a52e-4f735466cecf":"f.423FC243C8326C45B9AC14107F5D9156.d.0082347235DF86612AC4DF8F478D261F.e.1492","ELEMENT":"f.423FC243C8326C45B9AC14107F5D9156.d.0082347235DF86612AC4DF8F478D261F.e.1492"}]}
COMMAND: GET /session/e5a8226ea9fde889391201a3e7d107f2/screenshot - {}
RESULT: {}
RESULT: {"script":"<script> [5351 bytes]","args":[{"element-6066-11e4-a52e-4f735466cecf":"f.423FC243C8326C45B9AC14107F5D9156.d.0082347235DF86612AC4DF8F478D261F.e.1492","ELEMENT":"f.423FC243C8326C45B9AC14107F5D9156.d.0082347235DF86612AC4DF8F478D261F.e.1492"}]}
COMMAND: POST /session/e5a8226ea9fde889391201a3e7d107f2/element/f.423FC243C8326C45B9AC14107F5D9156.d.0082347235DF86612AC4DF8F478D261F.e.1492/click - {}
COMMAND: GET /session/e5a8226ea9fde889391201a3e7d107f2/screenshot - {}
RESULT: {}
RESULT: {}
COMMAND: GET /session/e5a8226ea9fde889391201a3e7d107f2/screenshot - {}
RESULT: {}
RESULT: {}
COMMAND: POST /session/e5a8226ea9fde889391201a3e7d107f2/element - {"using":"xpath","value":"//input[@id=\"application-managesites-display-component---NewSite--siteId-inner\"]"}
RESULT: {"using":"xpath","value":"//input[@id=\"application-managesites-display-component---NewSite--siteId-inner\"]"}
COMMAND: POST /session/e5a8226ea9fde889391201a3e7d107f2/element - {"using":"xpath","value":"//input[@id=\"application-managesites-display-component---NewSite--siteId-inner\"]"}
RESULT: {"using":"xpath","value":"//input[@id=\"application-managesites-display-component---NewSite--siteId-inner\"]"}
COMMAND: POST /session/e5a8226ea9fde889391201a3e7d107f2/execute/async - {"script":"<script> [1562 bytes]","args":[{"selector":{"id":"application-managesites-display-component---NewSite--addressDetailDetailsName1","interaction":{"idSuffix":"inner"}},"wdio_ui5_key":"applicationmanagesites-display-component---NewSite--addressDetailDetailsName1"}]}
RESULT: {"script":"<script> [1562 bytes]","args":[{"selector":{"id":"application-managesites-display-component---NewSite--addressDetailDetailsName1","interaction":{"idSuffix":"inner"}},"wdio_ui5_key":"applicationmanagesites-display-component---NewSite--addressDetailDetailsName1"}]}
RESULT: undefined
COMMAND: POST /session/e5a8226ea9fde889391201a3e7d107f2/execute/async - {"script":"<script> [776 bytes]","args":[{"enterText":"Warehouse Managed Site WDIO","selector":{"id":"application-managesites-display-component---NewSite--addressDetailDetailsName1","interaction":{"idSuffix":"inner"}},"clearTextFirst":true,"interactionType":"ENTER_TEXT"}]}
RESULT: {"script":"<script> [776 bytes]","args":[{"enterText":"Warehouse Managed Site WDIO","selector":{"id":"application-managesites-display-component---NewSite--addressDetailDetailsName1","interaction":{"idSuffix":"inner"}},"clearTextFirst":true,"interactionType":"ENTER_TEXT"}]}
COMMAND: POST /session/e5a8226ea9fde889391201a3e7d107f2/execute/async - {"script":"<script> [1562 bytes]","args":[{"selector":{"id":"application-managesites-display-component---NewSite--addressDetailDetailsLanguage-arrow"},"wdio_ui5_key":"applicationmanagesites-display-component---NewSite--addressDetailDetailsLanguage-arrow"}]}
RESULT: {"script":"<script> [1562 bytes]","args":[{"selector":{"id":"application-managesites-display-component---NewSite--addressDetailDetailsLanguage-arrow"},"wdio_ui5_key":"applicationmanagesites-display-component---NewSite--addressDetailDetailsLanguage-arrow"}]}
RESULT: undefined
COMMAND: POST /session/e5a8226ea9fde889391201a3e7d107f2/element - {"using":"xpath","value":"//*[@id=\"application-managesites-display-component---NewSite--addressDetailDetailsLanguage-arrow\"]"}
RESULT: {"using":"xpath","value":"//*[@id=\"application-managesites-display-component---NewSite--addressDetailDetailsLanguage-arrow\"]"}
COMMAND: POST /session/e5a8226ea9fde889391201a3e7d107f2/element/f.423FC243C8326C45B9AC14107F5D9156.d.0082347235DF86612AC4DF8F478D261F.e.1776/click - {}
RESULT: {}
COMMAND: POST /session/e5a8226ea9fde889391201a3e7d107f2/element - {"using":"xpath","value":"//span[contains(text(), \"English\")]"}
COMMAND: GET /session/e5a8226ea9fde889391201a3e7d107f2/screenshot - {}
RESULT: {"using":"xpath","value":"//span[contains(text(), \"English\")]"}
COMMAND: POST /session/e5a8226ea9fde889391201a3e7d107f2/element/f.423FC243C8326C45B9AC14107F5D9156.d.0082347235DF86612AC4DF8F478D261F.e.1777/click - {}
RESULT: {}
RESULT: {}
COMMAND: POST /session/e5a8226ea9fde889391201a3e7d107f2/execute/async - {"script":"<script> [1562 bytes]","args":[{"selector":{"id":"application-managesites-display-component---NewSite--addressDetailDetailsCity1","interaction":{"idSuffix":"inner"}},"wdio_ui5_key":"applicationmanagesites-display-component---NewSite--addressDetailDetailsCity1"}]}
COMMAND: GET /session/e5a8226ea9fde889391201a3e7d107f2/screenshot - {}
RESULT: {"script":"<script> [1562 bytes]","args":[{"selector":{"id":"application-managesites-display-component---NewSite--addressDetailDetailsCity1","interaction":{"idSuffix":"inner"}},"wdio_ui5_key":"applicationmanagesites-display-component---NewSite--addressDetailDetailsCity1"}]}
RESULT: undefined
COMMAND: POST /session/e5a8226ea9fde889391201a3e7d107f2/execute/async - {"script":"<script> [776 bytes]","args":[{"enterText":"Rosario","selector":{"id":"application-managesites-display-component---NewSite--addressDetailDetailsCity1","interaction":{"idSuffix":"inner"}},"clearTextFirst":true,"interactionType":"ENTER_TEXT"}]}
RESULT: {}
RESULT: {"script":"<script> [776 bytes]","args":[{"enterText":"Rosario","selector":{"id":"application-managesites-display-component---NewSite--addressDetailDetailsCity1","interaction":{"idSuffix":"inner"}},"clearTextFirst":true,"interactionType":"ENTER_TEXT"}]}
COMMAND: POST /session/e5a8226ea9fde889391201a3e7d107f2/execute/async - {"script":"<script> [1562 bytes]","args":[{"selector":{"id":"application-managesites-display-component---NewSite--addressDetailDetailsCountry-arrow"},"wdio_ui5_key":"applicationmanagesites-display-component---NewSite--addressDetailDetailsCountry-arrow"}]}
RESULT: {"script":"<script> [1562 bytes]","args":[{"selector":{"id":"application-managesites-display-component---NewSite--addressDetailDetailsCountry-arrow"},"wdio_ui5_key":"applicationmanagesites-display-component---NewSite--addressDetailDetailsCountry-arrow"}]}
RESULT: undefined
COMMAND: POST /session/e5a8226ea9fde889391201a3e7d107f2/element - {"using":"xpath","value":"//*[@id=\"application-managesites-display-component---NewSite--addressDetailDetailsCountry-arrow\"]"}
RESULT: {"using":"xpath","value":"//*[@id=\"application-managesites-display-component---NewSite--addressDetailDetailsCountry-arrow\"]"}
COMMAND: POST /session/e5a8226ea9fde889391201a3e7d107f2/element/f.423FC243C8326C45B9AC14107F5D9156.d.0082347235DF86612AC4DF8F478D261F.e.1779/click - {}
RESULT: {}
COMMAND: POST /session/e5a8226ea9fde889391201a3e7d107f2/element - {"using":"xpath","value":"//span[contains(text(), \"Argentina\")]"}
COMMAND: GET /session/e5a8226ea9fde889391201a3e7d107f2/screenshot - {}
RESULT: {"using":"xpath","value":"//span[contains(text(), \"Argentina\")]"}
COMMAND: POST /session/e5a8226ea9fde889391201a3e7d107f2/element/f.423FC243C8326C45B9AC14107F5D9156.d.0082347235DF86612AC4DF8F478D261F.e.1780/click - {}
RESULT: {}
RESULT: {}
COMMAND: GET /session/e5a8226ea9fde889391201a3e7d107f2/screenshot - {}
RESULT: {}
COMMAND: POST /session/e5a8226ea9fde889391201a3e7d107f2/execute/async - {"script":"<script> [1562 bytes]","args":[{"selector":{"id":"application-managesites-display-component---NewSite--addressEditDetailsCostObjectCstType-arrow"},"wdio_ui5_key":"applicationmanagesites-display-component---NewSite--addressEditDetailsCostObjectCstType-arrow"}]}
RESULT: {"script":"<script> [1562 bytes]","args":[{"selector":{"id":"application-managesites-display-component---NewSite--addressEditDetailsCostObjectCstType-arrow"},"wdio_ui5_key":"applicationmanagesites-display-component---NewSite--addressEditDetailsCostObjectCstType-arrow"}]}
RESULT: undefined
COMMAND: POST /session/e5a8226ea9fde889391201a3e7d107f2/element - {"using":"xpath","value":"//*[@id=\"application-managesites-display-component---NewSite--addressEditDetailsCostObjectCstType-arrow\"]"}
RESULT: {"using":"xpath","value":"//*[@id=\"application-managesites-display-component---NewSite--addressEditDetailsCostObjectCstType-arrow\"]"}
COMMAND: POST /session/e5a8226ea9fde889391201a3e7d107f2/element/f.423FC243C8326C45B9AC14107F5D9156.d.0082347235DF86612AC4DF8F478D261F.e.1782/click - {}
RESULT: {}
COMMAND: POST /session/e5a8226ea9fde889391201a3e7d107f2/element - {"using":"xpath","value":"//span[contains(text(), \"Cost Center\")]"}
COMMAND: GET /session/e5a8226ea9fde889391201a3e7d107f2/screenshot - {}
RESULT: {"using":"xpath","value":"//span[contains(text(), \"Cost Center\")]"}
COMMAND: POST /session/e5a8226ea9fde889391201a3e7d107f2/element/f.423FC243C8326C45B9AC14107F5D9156.d.0082347235DF86612AC4DF8F478D261F.e.1783/click - {}
RESULT: {}
RESULT: {}
COMMAND: GET /session/e5a8226ea9fde889391201a3e7d107f2/screenshot - {}
RESULT: {}
COMMAND: POST /session/e5a8226ea9fde889391201a3e7d107f2/element - {"using":"xpath","value":"//span[@id=\"application-managesites-display-component---NewSite--addressNewCostObjectCstID-vhi\"]"}
RESULT: {"using":"xpath","value":"//span[@id=\"application-managesites-display-component---NewSite--addressNewCostObjectCstID-vhi\"]"}
COMMAND: POST /session/e5a8226ea9fde889391201a3e7d107f2/execute/sync - {"script":"<script> [8489 bytes]","args":[{"element-6066-11e4-a52e-4f735466cecf":"f.423FC243C8326C45B9AC14107F5D9156.d.0082347235DF86612AC4DF8F478D261F.e.1787","ELEMENT":"f.423FC243C8326C45B9AC14107F5D9156.d.0082347235DF86612AC4DF8F478D261F.e.1787"}]}
RESULT: {"script":"<script> [8489 bytes]","args":[{"element-6066-11e4-a52e-4f735466cecf":"f.423FC243C8326C45B9AC14107F5D9156.d.0082347235DF86612AC4DF8F478D261F.e.1787","ELEMENT":"f.423FC243C8326C45B9AC14107F5D9156.d.0082347235DF86612AC4DF8F478D261F.e.1787"}]}
COMMAND: POST /session/e5a8226ea9fde889391201a3e7d107f2/execute/async - {"script":"<script> [1562 bytes]","args":[{"selector":{"id":"application-managesites-display-component---NewSite--addressNewCostObjectCstID-vhi"},"wdio_ui5_key":"applicationmanagesites-display-component---NewSite--addressNewCostObjectCstID-vhi"}]}
COMMAND: GET /session/e5a8226ea9fde889391201a3e7d107f2/screenshot - {}
RESULT: {"script":"<script> [1562 bytes]","args":[{"selector":{"id":"application-managesites-display-component---NewSite--addressNewCostObjectCstID-vhi"},"wdio_ui5_key":"applicationmanagesites-display-component---NewSite--addressNewCostObjectCstID-vhi"}]}
RESULT: undefined
COMMAND: POST /session/e5a8226ea9fde889391201a3e7d107f2/element - {"using":"xpath","value":"//*[@id=\"application-managesites-display-component---NewSite--addressNewCostObjectCstID-vhi\"]"}
RESULT: {}
RESULT: {"using":"xpath","value":"//*[@id=\"application-managesites-display-component---NewSite--addressNewCostObjectCstID-vhi\"]"}
COMMAND: POST /session/e5a8226ea9fde889391201a3e7d107f2/element/f.423FC243C8326C45B9AC14107F5D9156.d.0082347235DF86612AC4DF8F478D261F.e.1787/click - {}
RESULT: {}
COMMAND: GET /session/e5a8226ea9fde889391201a3e7d107f2/screenshot - {}
RESULT: {}
RESULT: undefined
COMMAND: POST /session/e5a8226ea9fde889391201a3e7d107f2/execute/async - {"script":"<script> [776 bytes]","args":[{"enterText":"10001013","selector":{"controlType":"sap.m.SearchField","properties":{"placeholder":"Search"},"searchOpenDialogs":true,"interaction":{"idSuffix":"I"}},"clearTextFirst":true,"interactionType":"ENTER_TEXT"}]}
RESULT: {"script":"<script> [776 bytes]","args":[{"enterText":"10001013","selector":{"controlType":"sap.m.SearchField","properties":{"placeholder":"Search"},"searchOpenDialogs":true,"interaction":{"idSuffix":"I"}},"clearTextFirst":true,"interactionType":"ENTER_TEXT"}]}
COMMAND: POST /session/e5a8226ea9fde889391201a3e7d107f2/actions - {"actions":[{"id":"action3","type":"key","parameters":{},"actions":[{"type":"keyDown","value":"î€‡"},{"type":"pause","duration":10},{"type":"keyUp","value":"î€‡"}]}]}
RESULT: {"actions":[{"id":"action3","type":"key","parameters":{},"actions":[{"type":"keyDown","value":"î€‡"},{"type":"pause","duration":10},{"type":"keyUp","value":"î€‡"}]}]}
COMMAND: GET /session/e5a8226ea9fde889391201a3e7d107f2/screenshot - {}
RESULT: {}
COMMAND: POST /session/e5a8226ea9fde889391201a3e7d107f2/element - {"using":"xpath","value":"//span[contains(text(), \"General Management\")]"}
RESULT: {"using":"xpath","value":"//span[contains(text(), \"General Management\")]"}
COMMAND: POST /session/e5a8226ea9fde889391201a3e7d107f2/element/f.423FC243C8326C45B9AC14107F5D9156.d.0082347235DF86612AC4DF8F478D261F.e.1827/click - {}
RESULT: {}
COMMAND: GET /session/e5a8226ea9fde889391201a3e7d107f2/screenshot - {}
RESULT: {}
COMMAND: POST /session/e5a8226ea9fde889391201a3e7d107f2/element - {"using":"xpath","value":"//bdi[contains(text(), \"OK\")]"}
RESULT: {"using":"xpath","value":"//bdi[contains(text(), \"OK\")]"}
COMMAND: POST /session/e5a8226ea9fde889391201a3e7d107f2/element/f.423FC243C8326C45B9AC14107F5D9156.d.0082347235DF86612AC4DF8F478D261F.e.1828/click - {}
RESULT: {}
COMMAND: GET /session/e5a8226ea9fde889391201a3e7d107f2/screenshot - {}
RESULT: {}
COMMAND: POST /session/e5a8226ea9fde889391201a3e7d107f2/element - {"using":"xpath","value":"//input[@id=\"application-managesites-display-component---NewSite--addressDetailDetailsCalendar-inner\"]"}
RESULT: {"using":"xpath","value":"//input[@id=\"application-managesites-display-component---NewSite--addressDetailDetailsCalendar-inner\"]"}
COMMAND: POST /session/e5a8226ea9fde889391201a3e7d107f2/element/f.423FC243C8326C45B9AC14107F5D9156.d.0082347235DF86612AC4DF8F478D261F.e.1631/clear - {}
RESULT: {}
COMMAND: POST /session/e5a8226ea9fde889391201a3e7d107f2/element/f.423FC243C8326C45B9AC14107F5D9156.d.0082347235DF86612AC4DF8F478D261F.e.1631/value - {"text":"Unit"}
COMMAND: GET /session/e5a8226ea9fde889391201a3e7d107f2/screenshot - {}
RESULT: {"text":"Unit"}
COMMAND: GET /session/e5a8226ea9fde889391201a3e7d107f2/screenshot - {}
RESULT: {}
RESULT: {}
COMMAND: POST /session/e5a8226ea9fde889391201a3e7d107f2/actions - {"actions":[{"id":"action4","type":"key","parameters":{},"actions":[{"type":"keyDown","value":"î€‡"},{"type":"pause","duration":10},{"type":"keyUp","value":"î€‡"}]}]}
RESULT: {"actions":[{"id":"action4","type":"key","parameters":{},"actions":[{"type":"keyDown","value":"î€‡"},{"type":"pause","duration":10},{"type":"keyUp","value":"î€‡"}]}]}
COMMAND: POST /session/e5a8226ea9fde889391201a3e7d107f2/element - {"using":"xpath","value":"//input[@id=\"application-managesites-display-component---NewSite--addressDetailDetailsYard-inner\"]"}
COMMAND: GET /session/e5a8226ea9fde889391201a3e7d107f2/screenshot - {}
RESULT: {"using":"xpath","value":"//input[@id=\"application-managesites-display-component---NewSite--addressDetailDetailsYard-inner\"]"}
COMMAND: POST /session/e5a8226ea9fde889391201a3e7d107f2/element/f.423FC243C8326C45B9AC14107F5D9156.d.0082347235DF86612AC4DF8F478D261F.e.1632/clear - {}
RESULT: {}
RESULT: {}
COMMAND: POST /session/e5a8226ea9fde889391201a3e7d107f2/element/f.423FC243C8326C45B9AC14107F5D9156.d.0082347235DF86612AC4DF8F478D261F.e.1632/value - {"text":"185"}
COMMAND: GET /session/e5a8226ea9fde889391201a3e7d107f2/screenshot - {}
RESULT: {"text":"185"}
COMMAND: GET /session/e5a8226ea9fde889391201a3e7d107f2/screenshot - {}
RESULT: {}
RESULT: {}
COMMAND: POST /session/e5a8226ea9fde889391201a3e7d107f2/element - {"using":"xpath","value":"//li[.//span[text()='185']]"}
RESULT: {"using":"xpath","value":"//li[.//span[text()='185']]"}
COMMAND: POST /session/e5a8226ea9fde889391201a3e7d107f2/element/f.423FC243C8326C45B9AC14107F5D9156.d.0082347235DF86612AC4DF8F478D261F.e.1836/click - {}
RESULT: {}
COMMAND: GET /session/e5a8226ea9fde889391201a3e7d107f2/screenshot - {}
RESULT: {}
COMMAND: POST /session/e5a8226ea9fde889391201a3e7d107f2/element - {"using":"xpath","value":"//input[@id=\"application-managesites-display-component---NewSite--addressDetailDetailsPartner-inner\"]"}
RESULT: {"using":"xpath","value":"//input[@id=\"application-managesites-display-component---NewSite--addressDetailDetailsPartner-inner\"]"}
COMMAND: POST /session/e5a8226ea9fde889391201a3e7d107f2/element - {"using":"xpath","value":"//input[@id=\"application-managesites-display-component---NewSite--addressDetailDetailsPartner-inner\"]"}
RESULT: {"using":"xpath","value":"//input[@id=\"application-managesites-display-component---NewSite--addressDetailDetailsPartner-inner\"]"}
COMMAND: POST /session/e5a8226ea9fde889391201a3e7d107f2/execute/async - {"script":"<script> [1562 bytes]","args":[{"selector":{"id":"application-managesites-display-component---NewSite--siteWhmCheckBox-label","interaction":{"idSuffix":"bdi"}},"wdio_ui5_key":"applicationmanagesites-display-component---NewSite--siteWhmCheckBox-label"}]}
RESULT: {"script":"<script> [1562 bytes]","args":[{"selector":{"id":"application-managesites-display-component---NewSite--siteWhmCheckBox-label","interaction":{"idSuffix":"bdi"}},"wdio_ui5_key":"applicationmanagesites-display-component---NewSite--siteWhmCheckBox-label"}]}
RESULT: undefined
COMMAND: POST /session/e5a8226ea9fde889391201a3e7d107f2/element - {"using":"xpath","value":"//*[@id=\"application-managesites-display-component---NewSite--siteWhmCheckBox-label\"]"}
RESULT: {"using":"xpath","value":"//*[@id=\"application-managesites-display-component---NewSite--siteWhmCheckBox-label\"]"}
COMMAND: POST /session/e5a8226ea9fde889391201a3e7d107f2/element/f.423FC243C8326C45B9AC14107F5D9156.d.0082347235DF86612AC4DF8F478D261F.e.1838/click - {}
RESULT: {}
COMMAND: GET /session/e5a8226ea9fde889391201a3e7d107f2/screenshot - {}
RESULT: {}
COMMAND: POST /session/e5a8226ea9fde889391201a3e7d107f2/element - {"using":"xpath","value":"//button[@data-kt=\"saveButton\"]"}
RESULT: {"using":"xpath","value":"//button[@data-kt=\"saveButton\"]"}
COMMAND: POST /session/e5a8226ea9fde889391201a3e7d107f2/element/f.423FC243C8326C45B9AC14107F5D9156.d.0082347235DF86612AC4DF8F478D261F.e.1761/click - {}
RESULT: {}
COMMAND: GET /session/e5a8226ea9fde889391201a3e7d107f2/screenshot - {}
RESULT: {}
COMMAND: POST /session/e5a8226ea9fde889391201a3e7d107f2/element - {"using":"xpath","value":"//header[contains(@id, 'ObjectPageLayout-headerTitle')]/div[1]/div[2]/div[2]/span[1]"}
RESULT: {"using":"xpath","value":"//header[contains(@id, 'ObjectPageLayout-headerTitle')]/div[1]/div[2]/div[2]/span[1]"}
COMMAND: POST /session/e5a8226ea9fde889391201a3e7d107f2/elements - {"using":"xpath","value":"//header[contains(@id, 'ObjectPageLayout-headerTitle')]/div[1]/div[2]/div[2]/span[1]"}
RESULT: {"using":"xpath","value":"//header[contains(@id, 'ObjectPageLayout-headerTitle')]/div[1]/div[2]/div[2]/span[1]"}
COMMAND: POST /session/e5a8226ea9fde889391201a3e7d107f2/execute/sync - {"script":"<script> [56 bytes]","args":[{"element-6066-11e4-a52e-4f735466cecf":"f.423FC243C8326C45B9AC14107F5D9156.d.0082347235DF86612AC4DF8F478D261F.e.1985","ELEMENT":"f.423FC243C8326C45B9AC14107F5D9156.d.0082347235DF86612AC4DF8F478D261F.e.1985"}]}
RESULT: {"script":"<script> [56 bytes]","args":[{"element-6066-11e4-a52e-4f735466cecf":"f.423FC243C8326C45B9AC14107F5D9156.d.0082347235DF86612AC4DF8F478D261F.e.1985","ELEMENT":"f.423FC243C8326C45B9AC14107F5D9156.d.0082347235DF86612AC4DF8F478D261F.e.1985"}]}
COMMAND: POST /session/e5a8226ea9fde889391201a3e7d107f2/element - {"using":"css selector","value":"#shell-header-logo"}
COMMAND: GET /session/e5a8226ea9fde889391201a3e7d107f2/screenshot - {}
RESULT: {"using":"css selector","value":"#shell-header-logo"}
COMMAND: POST /session/e5a8226ea9fde889391201a3e7d107f2/element/f.423FC243C8326C45B9AC14107F5D9156.d.0082347235DF86612AC4DF8F478D261F.e.1450/click - {}
RESULT: {}
RESULT: {}
COMMAND: GET /session/e5a8226ea9fde889391201a3e7d107f2/screenshot - {}
RESULT: {}
COMMAND: POST /session/e5a8226ea9fde889391201a3e7d107f2/execute/sync - {"script":"<script> [299 bytes]","args":[["getModel","getResource"]]}
RESULT: {"script":"<script> [299 bytes]","args":[["getModel","getResource"]]}
]]></system-out>
    </testcase>
    <testcase classname="chrome.137_0_7151_69.windows.Stock_increase_-_with_WHM_US125587" name="Should create a new material" time="127.437">
      <system-out><![CDATA[
COMMAND: GET /session/e5a8226ea9fde889391201a3e7d107f2/screenshot - {}
COMMAND: POST /session/e5a8226ea9fde889391201a3e7d107f2/execute/async - {"script":"<script> [1562 bytes]","args":[{"selector":{"controlType":"sap.m.GenericTile","properties":{"header":"Manage Resources"}},"wdio_ui5_key":"sapm.GenericTile{\"header\":\"Manage Resources\"}"}]}
RESULT: {"script":"<script> [1562 bytes]","args":[{"selector":{"controlType":"sap.m.GenericTile","properties":{"header":"Manage Resources"}},"wdio_ui5_key":"sapm.GenericTile{\"header\":\"Manage Resources\"}"}]}
RESULT: undefined
COMMAND: POST /session/e5a8226ea9fde889391201a3e7d107f2/element - {"using":"xpath","value":"//*[@id=\"__tile40\"]"}
RESULT: {}
RESULT: {"using":"xpath","value":"//*[@id=\"__tile40\"]"}
COMMAND: POST /session/e5a8226ea9fde889391201a3e7d107f2/element/f.423FC243C8326C45B9AC14107F5D9156.d.0082347235DF86612AC4DF8F478D261F.e.125/click - {}
RESULT: {}
COMMAND: GET /session/e5a8226ea9fde889391201a3e7d107f2/screenshot - {}
RESULT: {}
COMMAND: POST /session/e5a8226ea9fde889391201a3e7d107f2/elements - {"using":"xpath","value":"//span[text()='Error']"}
RESULT: {"using":"xpath","value":"//span[text()='Error']"}
COMMAND: POST /session/e5a8226ea9fde889391201a3e7d107f2/element - {"using":"xpath","value":"//button[@data-kt=\"addNewRUOverflowToolbarButton\"]"}
RESULT: {"using":"xpath","value":"//button[@data-kt=\"addNewRUOverflowToolbarButton\"]"}
COMMAND: POST /session/e5a8226ea9fde889391201a3e7d107f2/elements - {"using":"xpath","value":"//button[@data-kt=\"addNewRUOverflowToolbarButton\"]"}
RESULT: {"using":"xpath","value":"//button[@data-kt=\"addNewRUOverflowToolbarButton\"]"}
COMMAND: POST /session/e5a8226ea9fde889391201a3e7d107f2/elements - {"using":"xpath","value":"//button[@data-kt=\"addNewRUOverflowToolbarButton\"]"}
RESULT: {"using":"xpath","value":"//button[@data-kt=\"addNewRUOverflowToolbarButton\"]"}
COMMAND: POST /session/e5a8226ea9fde889391201a3e7d107f2/element - {"using":"xpath","value":"//button[@data-kt=\"addNewRUOverflowToolbarButton\"]"}
RESULT: {"using":"xpath","value":"//button[@data-kt=\"addNewRUOverflowToolbarButton\"]"}
COMMAND: POST /session/e5a8226ea9fde889391201a3e7d107f2/execute/sync - {"script":"<script> [8489 bytes]","args":[{"element-6066-11e4-a52e-4f735466cecf":"f.423FC243C8326C45B9AC14107F5D9156.d.0082347235DF86612AC4DF8F478D261F.e.2028","ELEMENT":"f.423FC243C8326C45B9AC14107F5D9156.d.0082347235DF86612AC4DF8F478D261F.e.2028"}]}
RESULT: {"script":"<script> [8489 bytes]","args":[{"element-6066-11e4-a52e-4f735466cecf":"f.423FC243C8326C45B9AC14107F5D9156.d.0082347235DF86612AC4DF8F478D261F.e.2028","ELEMENT":"f.423FC243C8326C45B9AC14107F5D9156.d.0082347235DF86612AC4DF8F478D261F.e.2028"}]}
COMMAND: GET /session/e5a8226ea9fde889391201a3e7d107f2/element/f.423FC243C8326C45B9AC14107F5D9156.d.0082347235DF86612AC4DF8F478D261F.e.2028/enabled - {}
COMMAND: GET /session/e5a8226ea9fde889391201a3e7d107f2/screenshot - {}
RESULT: {}
COMMAND: POST /session/e5a8226ea9fde889391201a3e7d107f2/execute/sync - {"script":"<script> [8489 bytes]","args":[{"element-6066-11e4-a52e-4f735466cecf":"f.423FC243C8326C45B9AC14107F5D9156.d.0082347235DF86612AC4DF8F478D261F.e.2028","ELEMENT":"f.423FC243C8326C45B9AC14107F5D9156.d.0082347235DF86612AC4DF8F478D261F.e.2028"}]}
COMMAND: GET /session/e5a8226ea9fde889391201a3e7d107f2/screenshot - {}
RESULT: {}
RESULT: {"script":"<script> [8489 bytes]","args":[{"element-6066-11e4-a52e-4f735466cecf":"f.423FC243C8326C45B9AC14107F5D9156.d.0082347235DF86612AC4DF8F478D261F.e.2028","ELEMENT":"f.423FC243C8326C45B9AC14107F5D9156.d.0082347235DF86612AC4DF8F478D261F.e.2028"}]}
COMMAND: POST /session/e5a8226ea9fde889391201a3e7d107f2/execute/sync - {"script":"<script> [5351 bytes]","args":[{"element-6066-11e4-a52e-4f735466cecf":"f.423FC243C8326C45B9AC14107F5D9156.d.0082347235DF86612AC4DF8F478D261F.e.2028","ELEMENT":"f.423FC243C8326C45B9AC14107F5D9156.d.0082347235DF86612AC4DF8F478D261F.e.2028"}]}
COMMAND: GET /session/e5a8226ea9fde889391201a3e7d107f2/screenshot - {}
RESULT: {}
RESULT: {"script":"<script> [5351 bytes]","args":[{"element-6066-11e4-a52e-4f735466cecf":"f.423FC243C8326C45B9AC14107F5D9156.d.0082347235DF86612AC4DF8F478D261F.e.2028","ELEMENT":"f.423FC243C8326C45B9AC14107F5D9156.d.0082347235DF86612AC4DF8F478D261F.e.2028"}]}
COMMAND: POST /session/e5a8226ea9fde889391201a3e7d107f2/element/f.423FC243C8326C45B9AC14107F5D9156.d.0082347235DF86612AC4DF8F478D261F.e.2028/click - {}
COMMAND: GET /session/e5a8226ea9fde889391201a3e7d107f2/screenshot - {}
RESULT: {}
RESULT: {}
COMMAND: GET /session/e5a8226ea9fde889391201a3e7d107f2/screenshot - {}
RESULT: {}
COMMAND: POST /session/e5a8226ea9fde889391201a3e7d107f2/execute/async - {"script":"<script> [1562 bytes]","args":[{"selector":{"id":"application-manageresources-display-component---newResourceUnit--TYPE-arrow"},"wdio_ui5_key":"applicationmanageresources-display-component---newResourceUnit--TYPE-arrow"}]}
RESULT: {}
RESULT: {"script":"<script> [1562 bytes]","args":[{"selector":{"id":"application-manageresources-display-component---newResourceUnit--TYPE-arrow"},"wdio_ui5_key":"applicationmanageresources-display-component---newResourceUnit--TYPE-arrow"}]}
RESULT: undefined
COMMAND: POST /session/e5a8226ea9fde889391201a3e7d107f2/element - {"using":"xpath","value":"//*[@id=\"application-manageresources-display-component---newResourceUnit--TYPE-arrow\"]"}
RESULT: {"using":"xpath","value":"//*[@id=\"application-manageresources-display-component---newResourceUnit--TYPE-arrow\"]"}
COMMAND: POST /session/e5a8226ea9fde889391201a3e7d107f2/element/f.423FC243C8326C45B9AC14107F5D9156.d.0082347235DF86612AC4DF8F478D261F.e.2373/click - {}
RESULT: {}
COMMAND: POST /session/e5a8226ea9fde889391201a3e7d107f2/element - {"using":"xpath","value":"//input[@id=\"application-manageresources-display-component---newResourceUnit--TYPE-inner\"]"}
COMMAND: GET /session/e5a8226ea9fde889391201a3e7d107f2/screenshot - {}
RESULT: {"using":"xpath","value":"//input[@id=\"application-manageresources-display-component---newResourceUnit--TYPE-inner\"]"}
COMMAND: POST /session/e5a8226ea9fde889391201a3e7d107f2/element/f.423FC243C8326C45B9AC14107F5D9156.d.0082347235DF86612AC4DF8F478D261F.e.2369/clear - {}
RESULT: {}
RESULT: {}
COMMAND: POST /session/e5a8226ea9fde889391201a3e7d107f2/element/f.423FC243C8326C45B9AC14107F5D9156.d.0082347235DF86612AC4DF8F478D261F.e.2369/value - {"text":"Material"}
COMMAND: GET /session/e5a8226ea9fde889391201a3e7d107f2/screenshot - {}
RESULT: {"text":"Material"}
COMMAND: GET /session/e5a8226ea9fde889391201a3e7d107f2/screenshot - {}
RESULT: {}
RESULT: {}
COMMAND: POST /session/e5a8226ea9fde889391201a3e7d107f2/actions - {"actions":[{"id":"action5","type":"key","parameters":{},"actions":[{"type":"keyDown","value":"î€‡"},{"type":"pause","duration":10},{"type":"keyUp","value":"î€‡"}]}]}
RESULT: {"actions":[{"id":"action5","type":"key","parameters":{},"actions":[{"type":"keyDown","value":"î€‡"},{"type":"pause","duration":10},{"type":"keyUp","value":"î€‡"}]}]}
COMMAND: POST /session/e5a8226ea9fde889391201a3e7d107f2/execute/async - {"script":"<script> [1562 bytes]","args":[{"selector":{"id":"application-manageresources-display-component---newResourceUnit--SHORT_TEXT","interaction":{"idSuffix":"inner"}},"wdio_ui5_key":"applicationmanageresources-display-component---newResourceUnit--SHORT_TEXT"}]}
COMMAND: GET /session/e5a8226ea9fde889391201a3e7d107f2/screenshot - {}
RESULT: undefined
RESULT: {"script":"<script> [1562 bytes]","args":[{"selector":{"id":"application-manageresources-display-component---newResourceUnit--SHORT_TEXT","interaction":{"idSuffix":"inner"}},"wdio_ui5_key":"applicationmanageresources-display-component---newResourceUnit--SHORT_TEXT"}]}
RESULT: undefined
COMMAND: POST /session/e5a8226ea9fde889391201a3e7d107f2/execute/async - {"script":"<script> [776 bytes]","args":[{"enterText":"Cement WDIO","selector":{"id":"application-manageresources-display-component---newResourceUnit--SHORT_TEXT","interaction":{"idSuffix":"inner"}},"clearTextFirst":true,"interactionType":"ENTER_TEXT"}]}
RESULT: {}
RESULT: {"script":"<script> [776 bytes]","args":[{"enterText":"Cement WDIO","selector":{"id":"application-manageresources-display-component---newResourceUnit--SHORT_TEXT","interaction":{"idSuffix":"inner"}},"clearTextFirst":true,"interactionType":"ENTER_TEXT"}]}
COMMAND: POST /session/e5a8226ea9fde889391201a3e7d107f2/execute/async - {"script":"<script> [1562 bytes]","args":[{"selector":{"id":"application-manageresources-display-component---newResourceUnit--BASE_UNIT_OF_MEASURE","interaction":{"idSuffix":"inner"}},"wdio_ui5_key":"applicationmanageresources-display-component---newResourceUnit--BASE_UNIT_OF_MEASURE"}]}
RESULT: {"script":"<script> [1562 bytes]","args":[{"selector":{"id":"application-manageresources-display-component---newResourceUnit--BASE_UNIT_OF_MEASURE","interaction":{"idSuffix":"inner"}},"wdio_ui5_key":"applicationmanageresources-display-component---newResourceUnit--BASE_UNIT_OF_MEASURE"}]}
RESULT: undefined
COMMAND: POST /session/e5a8226ea9fde889391201a3e7d107f2/execute/async - {"script":"<script> [776 bytes]","args":[{"enterText":"Piece","selector":{"id":"application-manageresources-display-component---newResourceUnit--BASE_UNIT_OF_MEASURE","interaction":{"idSuffix":"inner"}},"clearTextFirst":true,"interactionType":"ENTER_TEXT"}]}
RESULT: {"script":"<script> [776 bytes]","args":[{"enterText":"Piece","selector":{"id":"application-manageresources-display-component---newResourceUnit--BASE_UNIT_OF_MEASURE","interaction":{"idSuffix":"inner"}},"clearTextFirst":true,"interactionType":"ENTER_TEXT"}]}
COMMAND: POST /session/e5a8226ea9fde889391201a3e7d107f2/execute/async - {"script":"<script> [1562 bytes]","args":[{"selector":{"id":"application-manageresources-display-component---newResourceUnit--WEIGHT_UNIT","interaction":{"idSuffix":"inner"}},"wdio_ui5_key":"applicationmanageresources-display-component---newResourceUnit--WEIGHT_UNIT"}]}
RESULT: {"script":"<script> [1562 bytes]","args":[{"selector":{"id":"application-manageresources-display-component---newResourceUnit--WEIGHT_UNIT","interaction":{"idSuffix":"inner"}},"wdio_ui5_key":"applicationmanageresources-display-component---newResourceUnit--WEIGHT_UNIT"}]}
RESULT: undefined
COMMAND: POST /session/e5a8226ea9fde889391201a3e7d107f2/execute/async - {"script":"<script> [776 bytes]","args":[{"enterText":"Gram","selector":{"id":"application-manageresources-display-component---newResourceUnit--WEIGHT_UNIT","interaction":{"idSuffix":"inner"}},"clearTextFirst":true,"interactionType":"ENTER_TEXT"}]}
RESULT: {"script":"<script> [776 bytes]","args":[{"enterText":"Gram","selector":{"id":"application-manageresources-display-component---newResourceUnit--WEIGHT_UNIT","interaction":{"idSuffix":"inner"}},"clearTextFirst":true,"interactionType":"ENTER_TEXT"}]}
COMMAND: POST /session/e5a8226ea9fde889391201a3e7d107f2/execute/async - {"script":"<script> [1562 bytes]","args":[{"selector":{"id":"application-manageresources-display-component---newResourceUnit--DIMENSION_UNIT","interaction":{"idSuffix":"inner"}},"wdio_ui5_key":"applicationmanageresources-display-component---newResourceUnit--DIMENSION_UNIT"}]}
RESULT: {"script":"<script> [1562 bytes]","args":[{"selector":{"id":"application-manageresources-display-component---newResourceUnit--DIMENSION_UNIT","interaction":{"idSuffix":"inner"}},"wdio_ui5_key":"applicationmanageresources-display-component---newResourceUnit--DIMENSION_UNIT"}]}
RESULT: undefined
COMMAND: POST /session/e5a8226ea9fde889391201a3e7d107f2/execute/async - {"script":"<script> [776 bytes]","args":[{"enterText":"Meter","selector":{"id":"application-manageresources-display-component---newResourceUnit--DIMENSION_UNIT","interaction":{"idSuffix":"inner"}},"clearTextFirst":true,"interactionType":"ENTER_TEXT"}]}
RESULT: {"script":"<script> [776 bytes]","args":[{"enterText":"Meter","selector":{"id":"application-manageresources-display-component---newResourceUnit--DIMENSION_UNIT","interaction":{"idSuffix":"inner"}},"clearTextFirst":true,"interactionType":"ENTER_TEXT"}]}
COMMAND: POST /session/e5a8226ea9fde889391201a3e7d107f2/execute/async - {"script":"<script> [1562 bytes]","args":[{"selector":{"id":"application-manageresources-display-component---newResourceUnit--newRRUPage-anchBar-application-manageresources-display-component---newResourceUnit--control-anchor","interaction":{"idSuffix":"BDI-content"}},"wdio_ui5_key":"applicationmanageresources-display-component---newResourceUnit--newRRUPage-anchBar-application-manageresources-display-component---newResourceUnit--control-anchor"}]}
RESULT: {"script":"<script> [1562 bytes]","args":[{"selector":{"id":"application-manageresources-display-component---newResourceUnit--newRRUPage-anchBar-application-manageresources-display-component---newResourceUnit--control-anchor","interaction":{"idSuffix":"BDI-content"}},"wdio_ui5_key":"applicationmanageresources-display-component---newResourceUnit--newRRUPage-anchBar-application-manageresources-display-component---newResourceUnit--control-anchor"}]}
RESULT: undefined
COMMAND: POST /session/e5a8226ea9fde889391201a3e7d107f2/element - {"using":"xpath","value":"//*[@id=\"application-manageresources-display-component---newResourceUnit--newRRUPage-anchBar-application-manageresources-display-component---newResourceUnit--control-anchor\"]"}
RESULT: {"using":"xpath","value":"//*[@id=\"application-manageresources-display-component---newResourceUnit--newRRUPage-anchBar-application-manageresources-display-component---newResourceUnit--control-anchor\"]"}
COMMAND: POST /session/e5a8226ea9fde889391201a3e7d107f2/element/f.423FC243C8326C45B9AC14107F5D9156.d.0082347235DF86612AC4DF8F478D261F.e.2506/click - {}
RESULT: {}
COMMAND: POST /session/e5a8226ea9fde889391201a3e7d107f2/execute/async - {"script":"<script> [1562 bytes]","args":[{"selector":{"id":"application-manageresources-display-component---newResourceUnit--PLANNING_GROUP","interaction":{"idSuffix":"inner"}},"wdio_ui5_key":"applicationmanageresources-display-component---newResourceUnit--PLANNING_GROUP"}]}
COMMAND: GET /session/e5a8226ea9fde889391201a3e7d107f2/screenshot - {}
RESULT: {"script":"<script> [1562 bytes]","args":[{"selector":{"id":"application-manageresources-display-component---newResourceUnit--PLANNING_GROUP","interaction":{"idSuffix":"inner"}},"wdio_ui5_key":"applicationmanageresources-display-component---newResourceUnit--PLANNING_GROUP"}]}
RESULT: undefined
COMMAND: POST /session/e5a8226ea9fde889391201a3e7d107f2/execute/async - {"script":"<script> [776 bytes]","args":[{"enterText":"Material","selector":{"id":"application-manageresources-display-component---newResourceUnit--PLANNING_GROUP","interaction":{"idSuffix":"inner"}},"clearTextFirst":true,"interactionType":"ENTER_TEXT"}]}
RESULT: {}
RESULT: {"script":"<script> [776 bytes]","args":[{"enterText":"Material","selector":{"id":"application-manageresources-display-component---newResourceUnit--PLANNING_GROUP","interaction":{"idSuffix":"inner"}},"clearTextFirst":true,"interactionType":"ENTER_TEXT"}]}
COMMAND: POST /session/e5a8226ea9fde889391201a3e7d107f2/execute/async - {"script":"<script> [1562 bytes]","args":[{"selector":{"id":"application-manageresources-display-component---newResourceUnit--PLANNING_INDICATOR","interaction":{"idSuffix":"inner"}},"wdio_ui5_key":"applicationmanageresources-display-component---newResourceUnit--PLANNING_INDICATOR"}]}
RESULT: {"script":"<script> [1562 bytes]","args":[{"selector":{"id":"application-manageresources-display-component---newResourceUnit--PLANNING_INDICATOR","interaction":{"idSuffix":"inner"}},"wdio_ui5_key":"applicationmanageresources-display-component---newResourceUnit--PLANNING_INDICATOR"}]}
RESULT: undefined
COMMAND: POST /session/e5a8226ea9fde889391201a3e7d107f2/execute/async - {"script":"<script> [776 bytes]","args":[{"enterText":"10 - infinite","selector":{"id":"application-manageresources-display-component---newResourceUnit--PLANNING_INDICATOR","interaction":{"idSuffix":"inner"}},"clearTextFirst":true,"interactionType":"ENTER_TEXT"}]}
RESULT: {"script":"<script> [776 bytes]","args":[{"enterText":"10 - infinite","selector":{"id":"application-manageresources-display-component---newResourceUnit--PLANNING_INDICATOR","interaction":{"idSuffix":"inner"}},"clearTextFirst":true,"interactionType":"ENTER_TEXT"}]}
COMMAND: POST /session/e5a8226ea9fde889391201a3e7d107f2/element - {"using":"css selector","value":"#application-manageresources-display-component---newResourceUnit--btnAddTimeSegment"}
RESULT: {"using":"css selector","value":"#application-manageresources-display-component---newResourceUnit--btnAddTimeSegment"}
COMMAND: GET /session/e5a8226ea9fde889391201a3e7d107f2/element/f.423FC243C8326C45B9AC14107F5D9156.d.0082347235DF86612AC4DF8F478D261F.e.2514/rect - {}
RESULT: {}
COMMAND: GET /session/e5a8226ea9fde889391201a3e7d107f2/window/rect - {}
RESULT: {}
COMMAND: POST /session/e5a8226ea9fde889391201a3e7d107f2/execute/sync - {"script":"<script> [92 bytes]","args":[]}
RESULT: {"script":"<script> [92 bytes]","args":[]}
COMMAND: POST /session/e5a8226ea9fde889391201a3e7d107f2/actions - {"actions":[{"id":"action6","type":"wheel","parameters":{},"actions":[{"type":"scroll","x":-1888,"y":-32,"deltaX":0,"deltaY":0,"duration":0,"origin":{"element-6066-11e4-a52e-4f735466cecf":"f.423FC243C8326C45B9AC14107F5D9156.d.0082347235DF86612AC4DF8F478D261F.e.2514"}}]}]}
COMMAND: GET /session/e5a8226ea9fde889391201a3e7d107f2/screenshot - {}
RESULT: {}
COMMAND: POST /session/e5a8226ea9fde889391201a3e7d107f2/execute/sync - {"script":"<script> [79 bytes]","args":[{"element-6066-11e4-a52e-4f735466cecf":"f.423FC243C8326C45B9AC14107F5D9156.d.0082347235DF86612AC4DF8F478D261F.e.2514","ELEMENT":"f.423FC243C8326C45B9AC14107F5D9156.d.0082347235DF86612AC4DF8F478D261F.e.2514"},{"block":"start","inline":"nearest"}]}
RESULT: {"script":"<script> [79 bytes]","args":[{"element-6066-11e4-a52e-4f735466cecf":"f.423FC243C8326C45B9AC14107F5D9156.d.0082347235DF86612AC4DF8F478D261F.e.2514","ELEMENT":"f.423FC243C8326C45B9AC14107F5D9156.d.0082347235DF86612AC4DF8F478D261F.e.2514"},{"block":"start","inline":"nearest"}]}
COMMAND: POST /session/e5a8226ea9fde889391201a3e7d107f2/execute/async - {"script":"<script> [1562 bytes]","args":[{"selector":{"id":"application-manageresources-display-component---newResourceUnit--btnAddTimeSegment","interaction":{"idSuffix":"inner"}},"wdio_ui5_key":"applicationmanageresources-display-component---newResourceUnit--btnAddTimeSegment"}]}
COMMAND: GET /session/e5a8226ea9fde889391201a3e7d107f2/screenshot - {}
RESULT: {"script":"<script> [1562 bytes]","args":[{"selector":{"id":"application-manageresources-display-component---newResourceUnit--btnAddTimeSegment","interaction":{"idSuffix":"inner"}},"wdio_ui5_key":"applicationmanageresources-display-component---newResourceUnit--btnAddTimeSegment"}]}
RESULT: undefined
COMMAND: POST /session/e5a8226ea9fde889391201a3e7d107f2/element - {"using":"xpath","value":"//*[@id=\"application-manageresources-display-component---newResourceUnit--btnAddTimeSegment\"]"}
RESULT: {}
RESULT: {"using":"xpath","value":"//*[@id=\"application-manageresources-display-component---newResourceUnit--btnAddTimeSegment\"]"}
COMMAND: POST /session/e5a8226ea9fde889391201a3e7d107f2/element/f.423FC243C8326C45B9AC14107F5D9156.d.0082347235DF86612AC4DF8F478D261F.e.2514/click - {}
RESULT: {}
COMMAND: GET /session/e5a8226ea9fde889391201a3e7d107f2/screenshot - {}
RESULT: {}
COMMAND: POST /session/e5a8226ea9fde889391201a3e7d107f2/element - {"using":"xpath","value":"//input[@id=\"application-manageresources-display-component---newResourceUnit--idRuTSAdmin-application-manageresources-display-component---newResourceUnit--RUTimeSegment-0-inner\"]"}
RESULT: {"using":"xpath","value":"//input[@id=\"application-manageresources-display-component---newResourceUnit--idRuTSAdmin-application-manageresources-display-component---newResourceUnit--RUTimeSegment-0-inner\"]"}
COMMAND: POST /session/e5a8226ea9fde889391201a3e7d107f2/element/f.423FC243C8326C45B9AC14107F5D9156.d.0082347235DF86612AC4DF8F478D261F.e.2519/clear - {}
RESULT: {}
COMMAND: POST /session/e5a8226ea9fde889391201a3e7d107f2/element/f.423FC243C8326C45B9AC14107F5D9156.d.0082347235DF86612AC4DF8F478D261F.e.2519/value - {"text":"185"}
COMMAND: GET /session/e5a8226ea9fde889391201a3e7d107f2/screenshot - {}
RESULT: {"text":"185"}
COMMAND: GET /session/e5a8226ea9fde889391201a3e7d107f2/screenshot - {}
RESULT: {}
RESULT: {}
COMMAND: POST /session/e5a8226ea9fde889391201a3e7d107f2/element - {"using":"xpath","value":"//li[.//span[text()='185']]"}
RESULT: {"using":"xpath","value":"//li[.//span[text()='185']]"}
COMMAND: POST /session/e5a8226ea9fde889391201a3e7d107f2/element/f.423FC243C8326C45B9AC14107F5D9156.d.0082347235DF86612AC4DF8F478D261F.e.2528/click - {}
RESULT: {}
COMMAND: GET /session/e5a8226ea9fde889391201a3e7d107f2/screenshot - {}
RESULT: {}
COMMAND: POST /session/e5a8226ea9fde889391201a3e7d107f2/element - {"using":"xpath","value":"(//span[contains(@id, \"-application-manageresources-display-component---newResourceUnit--RUTimeSegment-0-arrow\")])[2]"}
RESULT: {"using":"xpath","value":"(//span[contains(@id, \"-application-manageresources-display-component---newResourceUnit--RUTimeSegment-0-arrow\")])[2]"}
COMMAND: POST /session/e5a8226ea9fde889391201a3e7d107f2/element/f.423FC243C8326C45B9AC14107F5D9156.d.0082347235DF86612AC4DF8F478D261F.e.2529/click - {}
RESULT: {}
COMMAND: POST /session/e5a8226ea9fde889391201a3e7d107f2/element - {"using":"xpath","value":"//span[contains(text(), \"PM Order\")]"}
COMMAND: GET /session/e5a8226ea9fde889391201a3e7d107f2/screenshot - {}
RESULT: {"using":"xpath","value":"//span[contains(text(), \"PM Order\")]"}
COMMAND: POST /session/e5a8226ea9fde889391201a3e7d107f2/element/f.423FC243C8326C45B9AC14107F5D9156.d.0082347235DF86612AC4DF8F478D261F.e.2530/click - {}
RESULT: {}
RESULT: {}
COMMAND: GET /session/e5a8226ea9fde889391201a3e7d107f2/screenshot - {}
RESULT: {}
COMMAND: POST /session/e5a8226ea9fde889391201a3e7d107f2/element - {"using":"xpath","value":"//td/div/div/div/span[contains(@id, \"newResourceUnit--RUTimeSegment-0-vhi\")][1]"}
RESULT: {"using":"xpath","value":"//td/div/div/div/span[contains(@id, \"newResourceUnit--RUTimeSegment-0-vhi\")][1]"}
COMMAND: GET /session/e5a8226ea9fde889391201a3e7d107f2/element/f.423FC243C8326C45B9AC14107F5D9156.d.0082347235DF86612AC4DF8F478D261F.e.2534/rect - {}
RESULT: {}
COMMAND: GET /session/e5a8226ea9fde889391201a3e7d107f2/window/rect - {}
RESULT: {}
COMMAND: POST /session/e5a8226ea9fde889391201a3e7d107f2/execute/sync - {"script":"<script> [92 bytes]","args":[]}
RESULT: {"script":"<script> [92 bytes]","args":[]}
COMMAND: POST /session/e5a8226ea9fde889391201a3e7d107f2/actions - {"actions":[{"id":"action7","type":"wheel","parameters":{},"actions":[{"type":"scroll","x":-1888,"y":-24,"deltaX":0,"deltaY":0,"duration":0,"origin":{"element-6066-11e4-a52e-4f735466cecf":"f.423FC243C8326C45B9AC14107F5D9156.d.0082347235DF86612AC4DF8F478D261F.e.2534"}}]}]}
COMMAND: GET /session/e5a8226ea9fde889391201a3e7d107f2/screenshot - {}
RESULT: {}
COMMAND: POST /session/e5a8226ea9fde889391201a3e7d107f2/execute/sync - {"script":"<script> [79 bytes]","args":[{"element-6066-11e4-a52e-4f735466cecf":"f.423FC243C8326C45B9AC14107F5D9156.d.0082347235DF86612AC4DF8F478D261F.e.2534","ELEMENT":"f.423FC243C8326C45B9AC14107F5D9156.d.0082347235DF86612AC4DF8F478D261F.e.2534"},{"block":"start","inline":"nearest"}]}
RESULT: {"script":"<script> [79 bytes]","args":[{"element-6066-11e4-a52e-4f735466cecf":"f.423FC243C8326C45B9AC14107F5D9156.d.0082347235DF86612AC4DF8F478D261F.e.2534","ELEMENT":"f.423FC243C8326C45B9AC14107F5D9156.d.0082347235DF86612AC4DF8F478D261F.e.2534"},{"block":"start","inline":"nearest"}]}
COMMAND: GET /session/e5a8226ea9fde889391201a3e7d107f2/screenshot - {}
RESULT: {}
COMMAND: POST /session/e5a8226ea9fde889391201a3e7d107f2/element/f.423FC243C8326C45B9AC14107F5D9156.d.0082347235DF86612AC4DF8F478D261F.e.2534/click - {}
RESULT: {}
COMMAND: GET /session/e5a8226ea9fde889391201a3e7d107f2/screenshot - {}
RESULT: {}
RESULT: undefined
COMMAND: POST /session/e5a8226ea9fde889391201a3e7d107f2/execute/async - {"script":"<script> [776 bytes]","args":[{"enterText":"4000360","selector":{"controlType":"sap.m.SearchField","properties":{"placeholder":"Search"},"searchOpenDialogs":true,"interaction":{"idSuffix":"I"}},"clearTextFirst":true,"interactionType":"ENTER_TEXT"}]}
RESULT: {"script":"<script> [776 bytes]","args":[{"enterText":"4000360","selector":{"controlType":"sap.m.SearchField","properties":{"placeholder":"Search"},"searchOpenDialogs":true,"interaction":{"idSuffix":"I"}},"clearTextFirst":true,"interactionType":"ENTER_TEXT"}]}
COMMAND: POST /session/e5a8226ea9fde889391201a3e7d107f2/actions - {"actions":[{"id":"action8","type":"key","parameters":{},"actions":[{"type":"keyDown","value":"î€‡"},{"type":"pause","duration":10},{"type":"keyUp","value":"î€‡"}]}]}
RESULT: {"actions":[{"id":"action8","type":"key","parameters":{},"actions":[{"type":"keyDown","value":"î€‡"},{"type":"pause","duration":10},{"type":"keyUp","value":"î€‡"}]}]}
COMMAND: GET /session/e5a8226ea9fde889391201a3e7d107f2/screenshot - {}
RESULT: {}
COMMAND: POST /session/e5a8226ea9fde889391201a3e7d107f2/element - {"using":"xpath","value":"//td/div/span[contains(text(), \"BGL Vehicles\")]"}
RESULT: {"using":"xpath","value":"//td/div/span[contains(text(), \"BGL Vehicles\")]"}
COMMAND: POST /session/e5a8226ea9fde889391201a3e7d107f2/element/f.423FC243C8326C45B9AC14107F5D9156.d.0082347235DF86612AC4DF8F478D261F.e.2555/click - {}
RESULT: {}
COMMAND: GET /session/e5a8226ea9fde889391201a3e7d107f2/screenshot - {}
RESULT: {}
COMMAND: POST /session/e5a8226ea9fde889391201a3e7d107f2/element - {"using":"xpath","value":"//bdi[contains(text(), \"OK\")]"}
RESULT: {"using":"xpath","value":"//bdi[contains(text(), \"OK\")]"}
COMMAND: POST /session/e5a8226ea9fde889391201a3e7d107f2/element/f.423FC243C8326C45B9AC14107F5D9156.d.0082347235DF86612AC4DF8F478D261F.e.2556/click - {}
RESULT: {}
COMMAND: GET /session/e5a8226ea9fde889391201a3e7d107f2/screenshot - {}
RESULT: {}
COMMAND: POST /session/e5a8226ea9fde889391201a3e7d107f2/element - {"using":"xpath","value":"//label[contains(@class, 'sapMLabelRequired') and .//bdi[contains(text(), 'Planned Retirement')]]"}
RESULT: {"using":"xpath","value":"//label[contains(@class, 'sapMLabelRequired') and .//bdi[contains(text(), 'Planned Retirement')]]"}
COMMAND: POST /session/e5a8226ea9fde889391201a3e7d107f2/elements - {"using":"xpath","value":"//label[contains(@class, 'sapMLabelRequired') and .//bdi[contains(text(), 'Planned Retirement')]]"}
RESULT: {"using":"xpath","value":"//label[contains(@class, 'sapMLabelRequired') and .//bdi[contains(text(), 'Planned Retirement')]]"}
COMMAND: POST /session/e5a8226ea9fde889391201a3e7d107f2/element - {"using":"xpath","value":"//button[@data-kt=\"resourceUnitSaveButton\"]"}
RESULT: {"using":"xpath","value":"//button[@data-kt=\"resourceUnitSaveButton\"]"}
COMMAND: POST /session/e5a8226ea9fde889391201a3e7d107f2/element/f.423FC243C8326C45B9AC14107F5D9156.d.0082347235DF86612AC4DF8F478D261F.e.2391/click - {}
RESULT: {}
COMMAND: GET /session/e5a8226ea9fde889391201a3e7d107f2/screenshot - {}
RESULT: {}
COMMAND: POST /session/e5a8226ea9fde889391201a3e7d107f2/element - {"using":"xpath","value":"//bdi[contains(text(), \"Close\")]"}
RESULT: {"using":"xpath","value":"//bdi[contains(text(), \"Close\")]"}
COMMAND: POST /session/e5a8226ea9fde889391201a3e7d107f2/element/f.423FC243C8326C45B9AC14107F5D9156.d.0082347235DF86612AC4DF8F478D261F.e.2562/click - {}
RESULT: {}
COMMAND: GET /session/e5a8226ea9fde889391201a3e7d107f2/screenshot - {}
RESULT: {}
COMMAND: POST /session/e5a8226ea9fde889391201a3e7d107f2/element - {"using":"xpath","value":"//header[contains(@id, 'detailRruPage-headerTitle')]/div[1]/div[2]/div[2]/span[1]"}
RESULT: {"using":"xpath","value":"//header[contains(@id, 'detailRruPage-headerTitle')]/div[1]/div[2]/div[2]/span[1]"}
COMMAND: POST /session/e5a8226ea9fde889391201a3e7d107f2/elements - {"using":"xpath","value":"//header[contains(@id, 'detailRruPage-headerTitle')]/div[1]/div[2]/div[2]/span[1]"}
RESULT: {"using":"xpath","value":"//header[contains(@id, 'detailRruPage-headerTitle')]/div[1]/div[2]/div[2]/span[1]"}
COMMAND: POST /session/e5a8226ea9fde889391201a3e7d107f2/execute/sync - {"script":"<script> [56 bytes]","args":[{"element-6066-11e4-a52e-4f735466cecf":"f.423FC243C8326C45B9AC14107F5D9156.d.0082347235DF86612AC4DF8F478D261F.e.2595","ELEMENT":"f.423FC243C8326C45B9AC14107F5D9156.d.0082347235DF86612AC4DF8F478D261F.e.2595"}]}
RESULT: {"script":"<script> [56 bytes]","args":[{"element-6066-11e4-a52e-4f735466cecf":"f.423FC243C8326C45B9AC14107F5D9156.d.0082347235DF86612AC4DF8F478D261F.e.2595","ELEMENT":"f.423FC243C8326C45B9AC14107F5D9156.d.0082347235DF86612AC4DF8F478D261F.e.2595"}]}
COMMAND: POST /session/e5a8226ea9fde889391201a3e7d107f2/element - {"using":"css selector","value":"#shell-header-logo"}
COMMAND: GET /session/e5a8226ea9fde889391201a3e7d107f2/screenshot - {}
RESULT: {"using":"css selector","value":"#shell-header-logo"}
COMMAND: POST /session/e5a8226ea9fde889391201a3e7d107f2/element/f.423FC243C8326C45B9AC14107F5D9156.d.0082347235DF86612AC4DF8F478D261F.e.1988/click - {}
RESULT: {}
RESULT: {}
COMMAND: GET /session/e5a8226ea9fde889391201a3e7d107f2/screenshot - {}
RESULT: {}
]]></system-out>
    </testcase>
    <testcase classname="chrome.137_0_7151_69.windows.Stock_increase_-_with_WHM_US125587" name="Bin Status Report Should Create New Organization yard" time="88.183">
      <system-out><![CDATA[
COMMAND: POST /session/e5a8226ea9fde889391201a3e7d107f2/execute/async - {"script":"<script> [1562 bytes]","args":[{"selector":{"controlType":"sap.m.GenericTile","properties":{"header":"Bin Status Report"}},"wdio_ui5_key":"sapm.GenericTile{\"header\":\"Bin Status Report\"}"}]}
RESULT: {"script":"<script> [1562 bytes]","args":[{"selector":{"controlType":"sap.m.GenericTile","properties":{"header":"Bin Status Report"}},"wdio_ui5_key":"sapm.GenericTile{\"header\":\"Bin Status Report\"}"}]}
RESULT: undefined
COMMAND: POST /session/e5a8226ea9fde889391201a3e7d107f2/element - {"using":"xpath","value":"//*[@id=\"__tile106\"]"}
RESULT: {"using":"xpath","value":"//*[@id=\"__tile106\"]"}
COMMAND: POST /session/e5a8226ea9fde889391201a3e7d107f2/element/f.423FC243C8326C45B9AC14107F5D9156.d.0082347235DF86612AC4DF8F478D261F.e.2599/click - {}
RESULT: {}
COMMAND: GET /session/e5a8226ea9fde889391201a3e7d107f2/screenshot - {}
RESULT: {}
COMMAND: POST /session/e5a8226ea9fde889391201a3e7d107f2/elements - {"using":"xpath","value":"//span[text()='Error']"}
RESULT: {"using":"xpath","value":"//span[text()='Error']"}
COMMAND: POST /session/e5a8226ea9fde889391201a3e7d107f2/element - {"using":"xpath","value":"//button[@id=\"application-binstatusreport-display-component---warehousing--createOrgBtn\"]"}
RESULT: {"using":"xpath","value":"//button[@id=\"application-binstatusreport-display-component---warehousing--createOrgBtn\"]"}
COMMAND: POST /session/e5a8226ea9fde889391201a3e7d107f2/elements - {"using":"xpath","value":"//button[@id=\"application-binstatusreport-display-component---warehousing--createOrgBtn\"]"}
RESULT: {"using":"xpath","value":"//button[@id=\"application-binstatusreport-display-component---warehousing--createOrgBtn\"]"}
COMMAND: POST /session/e5a8226ea9fde889391201a3e7d107f2/execute/sync - {"script":"<script> [8489 bytes]","args":[{"element-6066-11e4-a52e-4f735466cecf":"f.423FC243C8326C45B9AC14107F5D9156.d.0082347235DF86612AC4DF8F478D261F.e.2638","ELEMENT":"f.423FC243C8326C45B9AC14107F5D9156.d.0082347235DF86612AC4DF8F478D261F.e.2638"}]}
RESULT: {"script":"<script> [8489 bytes]","args":[{"element-6066-11e4-a52e-4f735466cecf":"f.423FC243C8326C45B9AC14107F5D9156.d.0082347235DF86612AC4DF8F478D261F.e.2638","ELEMENT":"f.423FC243C8326C45B9AC14107F5D9156.d.0082347235DF86612AC4DF8F478D261F.e.2638"}]}
COMMAND: GET /session/e5a8226ea9fde889391201a3e7d107f2/element/f.423FC243C8326C45B9AC14107F5D9156.d.0082347235DF86612AC4DF8F478D261F.e.2638/enabled - {}
COMMAND: GET /session/e5a8226ea9fde889391201a3e7d107f2/screenshot - {}
RESULT: {}
COMMAND: POST /session/e5a8226ea9fde889391201a3e7d107f2/execute/sync - {"script":"<script> [8489 bytes]","args":[{"element-6066-11e4-a52e-4f735466cecf":"f.423FC243C8326C45B9AC14107F5D9156.d.0082347235DF86612AC4DF8F478D261F.e.2638","ELEMENT":"f.423FC243C8326C45B9AC14107F5D9156.d.0082347235DF86612AC4DF8F478D261F.e.2638"}]}
COMMAND: GET /session/e5a8226ea9fde889391201a3e7d107f2/screenshot - {}
RESULT: {}
RESULT: {"script":"<script> [8489 bytes]","args":[{"element-6066-11e4-a52e-4f735466cecf":"f.423FC243C8326C45B9AC14107F5D9156.d.0082347235DF86612AC4DF8F478D261F.e.2638","ELEMENT":"f.423FC243C8326C45B9AC14107F5D9156.d.0082347235DF86612AC4DF8F478D261F.e.2638"}]}
COMMAND: POST /session/e5a8226ea9fde889391201a3e7d107f2/execute/sync - {"script":"<script> [5351 bytes]","args":[{"element-6066-11e4-a52e-4f735466cecf":"f.423FC243C8326C45B9AC14107F5D9156.d.0082347235DF86612AC4DF8F478D261F.e.2638","ELEMENT":"f.423FC243C8326C45B9AC14107F5D9156.d.0082347235DF86612AC4DF8F478D261F.e.2638"}]}
COMMAND: GET /session/e5a8226ea9fde889391201a3e7d107f2/screenshot - {}
RESULT: {}
RESULT: {"script":"<script> [5351 bytes]","args":[{"element-6066-11e4-a52e-4f735466cecf":"f.423FC243C8326C45B9AC14107F5D9156.d.0082347235DF86612AC4DF8F478D261F.e.2638","ELEMENT":"f.423FC243C8326C45B9AC14107F5D9156.d.0082347235DF86612AC4DF8F478D261F.e.2638"}]}
COMMAND: GET /session/e5a8226ea9fde889391201a3e7d107f2/screenshot - {}
RESULT: {}
RESULT: {}
COMMAND: POST /session/e5a8226ea9fde889391201a3e7d107f2/element/f.423FC243C8326C45B9AC14107F5D9156.d.0082347235DF86612AC4DF8F478D261F.e.2638/click - {}
RESULT: {}
COMMAND: GET /session/e5a8226ea9fde889391201a3e7d107f2/screenshot - {}
RESULT: {}
COMMAND: POST /session/e5a8226ea9fde889391201a3e7d107f2/execute/async - {"script":"<script> [1562 bytes]","args":[{"selector":{"id":"createOrganizationPop--sectionInput","searchOpenDialogs":true,"interaction":{"idSuffix":"inner"}},"wdio_ui5_key":"createOrganizationPopsectionInput"}]}
RESULT: {"script":"<script> [1562 bytes]","args":[{"selector":{"id":"createOrganizationPop--sectionInput","searchOpenDialogs":true,"interaction":{"idSuffix":"inner"}},"wdio_ui5_key":"createOrganizationPopsectionInput"}]}
RESULT: undefined
COMMAND: POST /session/e5a8226ea9fde889391201a3e7d107f2/execute/async - {"script":"<script> [776 bytes]","args":[{"enterText":"WDIO-185","selector":{"id":"createOrganizationPop--sectionInput","searchOpenDialogs":true,"interaction":{"idSuffix":"inner"}},"clearTextFirst":true,"interactionType":"ENTER_TEXT"}]}
RESULT: {"script":"<script> [776 bytes]","args":[{"enterText":"WDIO-185","selector":{"id":"createOrganizationPop--sectionInput","searchOpenDialogs":true,"interaction":{"idSuffix":"inner"}},"clearTextFirst":true,"interactionType":"ENTER_TEXT"}]}
COMMAND: POST /session/e5a8226ea9fde889391201a3e7d107f2/execute/async - {"script":"<script> [1562 bytes]","args":[{"selector":{"id":"createOrganizationPop--descriptionInput","searchOpenDialogs":true,"interaction":{"idSuffix":"inner"}},"wdio_ui5_key":"createOrganizationPopdescriptionInput"}]}
RESULT: {"script":"<script> [1562 bytes]","args":[{"selector":{"id":"createOrganizationPop--descriptionInput","searchOpenDialogs":true,"interaction":{"idSuffix":"inner"}},"wdio_ui5_key":"createOrganizationPopdescriptionInput"}]}
RESULT: undefined
COMMAND: POST /session/e5a8226ea9fde889391201a3e7d107f2/execute/async - {"script":"<script> [776 bytes]","args":[{"enterText":"Shipping-185","selector":{"id":"createOrganizationPop--descriptionInput","searchOpenDialogs":true,"interaction":{"idSuffix":"inner"}},"clearTextFirst":true,"interactionType":"ENTER_TEXT"}]}
RESULT: {"script":"<script> [776 bytes]","args":[{"enterText":"Shipping-185","selector":{"id":"createOrganizationPop--descriptionInput","searchOpenDialogs":true,"interaction":{"idSuffix":"inner"}},"clearTextFirst":true,"interactionType":"ENTER_TEXT"}]}
COMMAND: POST /session/e5a8226ea9fde889391201a3e7d107f2/element - {"using":"css selector","value":"#createOrganizationPop--yardOrg-inner"}
RESULT: {"using":"css selector","value":"#createOrganizationPop--yardOrg-inner"}
COMMAND: POST /session/e5a8226ea9fde889391201a3e7d107f2/element/f.423FC243C8326C45B9AC14107F5D9156.d.0082347235DF86612AC4DF8F478D261F.e.2977/clear - {}
RESULT: {}
COMMAND: POST /session/e5a8226ea9fde889391201a3e7d107f2/element/f.423FC243C8326C45B9AC14107F5D9156.d.0082347235DF86612AC4DF8F478D261F.e.2977/value - {"text":"185"}
COMMAND: GET /session/e5a8226ea9fde889391201a3e7d107f2/screenshot - {}
RESULT: {"text":"185"}
COMMAND: GET /session/e5a8226ea9fde889391201a3e7d107f2/screenshot - {}
RESULT: {}
RESULT: {}
COMMAND: POST /session/e5a8226ea9fde889391201a3e7d107f2/actions - {"actions":[{"id":"action9","type":"key","parameters":{},"actions":[{"type":"keyDown","value":"î€‡"},{"type":"pause","duration":10},{"type":"keyUp","value":"î€‡"}]}]}
RESULT: {"actions":[{"id":"action9","type":"key","parameters":{},"actions":[{"type":"keyDown","value":"î€‡"},{"type":"pause","duration":10},{"type":"keyUp","value":"î€‡"}]}]}
COMMAND: POST /session/e5a8226ea9fde889391201a3e7d107f2/execute/async - {"script":"<script> [1562 bytes]","args":[{"selector":{"id":"createOrganizationPop--grZone","searchOpenDialogs":true,"interaction":{"idSuffix":"CbBg"}},"wdio_ui5_key":"createOrganizationPopgrZone"}]}
COMMAND: GET /session/e5a8226ea9fde889391201a3e7d107f2/screenshot - {}
RESULT: {"script":"<script> [1562 bytes]","args":[{"selector":{"id":"createOrganizationPop--grZone","searchOpenDialogs":true,"interaction":{"idSuffix":"CbBg"}},"wdio_ui5_key":"createOrganizationPopgrZone"}]}
RESULT: undefined
COMMAND: POST /session/e5a8226ea9fde889391201a3e7d107f2/element - {"using":"xpath","value":"//*[@id=\"createOrganizationPop--grZone\"]"}
RESULT: {}
RESULT: {"using":"xpath","value":"//*[@id=\"createOrganizationPop--grZone\"]"}
COMMAND: POST /session/e5a8226ea9fde889391201a3e7d107f2/element/f.423FC243C8326C45B9AC14107F5D9156.d.0082347235DF86612AC4DF8F478D261F.e.2999/click - {}
RESULT: {}
COMMAND: GET /session/e5a8226ea9fde889391201a3e7d107f2/screenshot - {}
RESULT: {}
COMMAND: POST /session/e5a8226ea9fde889391201a3e7d107f2/execute/async - {"script":"<script> [1562 bytes]","args":[{"selector":{"id":"createOrganizationPop--giZone","searchOpenDialogs":true,"interaction":{"idSuffix":"CbBg"}},"wdio_ui5_key":"createOrganizationPopgiZone"}]}
RESULT: {"script":"<script> [1562 bytes]","args":[{"selector":{"id":"createOrganizationPop--giZone","searchOpenDialogs":true,"interaction":{"idSuffix":"CbBg"}},"wdio_ui5_key":"createOrganizationPopgiZone"}]}
RESULT: undefined
COMMAND: POST /session/e5a8226ea9fde889391201a3e7d107f2/element - {"using":"xpath","value":"//*[@id=\"createOrganizationPop--giZone\"]"}
RESULT: {"using":"xpath","value":"//*[@id=\"createOrganizationPop--giZone\"]"}
COMMAND: POST /session/e5a8226ea9fde889391201a3e7d107f2/element/f.423FC243C8326C45B9AC14107F5D9156.d.0082347235DF86612AC4DF8F478D261F.e.3001/click - {}
RESULT: {}
COMMAND: GET /session/e5a8226ea9fde889391201a3e7d107f2/screenshot - {}
RESULT: {}
COMMAND: POST /session/e5a8226ea9fde889391201a3e7d107f2/execute/async - {"script":"<script> [1562 bytes]","args":[{"selector":{"id":"createOrganizationPop--binNoInput","searchOpenDialogs":true,"interaction":{"idSuffix":"inner"}},"wdio_ui5_key":"createOrganizationPopbinNoInput"}]}
RESULT: {"script":"<script> [1562 bytes]","args":[{"selector":{"id":"createOrganizationPop--binNoInput","searchOpenDialogs":true,"interaction":{"idSuffix":"inner"}},"wdio_ui5_key":"createOrganizationPopbinNoInput"}]}
RESULT: undefined
COMMAND: POST /session/e5a8226ea9fde889391201a3e7d107f2/execute/async - {"script":"<script> [776 bytes]","args":[{"enterText":"Bin-Wd","selector":{"id":"createOrganizationPop--binNoInput","searchOpenDialogs":true,"interaction":{"idSuffix":"inner"}},"clearTextFirst":true,"interactionType":"ENTER_TEXT"}]}
RESULT: {"script":"<script> [776 bytes]","args":[{"enterText":"Bin-Wd","selector":{"id":"createOrganizationPop--binNoInput","searchOpenDialogs":true,"interaction":{"idSuffix":"inner"}},"clearTextFirst":true,"interactionType":"ENTER_TEXT"}]}
COMMAND: POST /session/e5a8226ea9fde889391201a3e7d107f2/execute/async - {"script":"<script> [1562 bytes]","args":[{"selector":{"id":"createOrganizationPop--descriptionId","searchOpenDialogs":true,"interaction":{"idSuffix":"inner"}},"wdio_ui5_key":"createOrganizationPopdescriptionId"}]}
RESULT: {"script":"<script> [1562 bytes]","args":[{"selector":{"id":"createOrganizationPop--descriptionId","searchOpenDialogs":true,"interaction":{"idSuffix":"inner"}},"wdio_ui5_key":"createOrganizationPopdescriptionId"}]}
RESULT: undefined
COMMAND: POST /session/e5a8226ea9fde889391201a3e7d107f2/execute/async - {"script":"<script> [776 bytes]","args":[{"enterText":"Shipping-Wd","selector":{"id":"createOrganizationPop--descriptionId","searchOpenDialogs":true,"interaction":{"idSuffix":"inner"}},"clearTextFirst":true,"interactionType":"ENTER_TEXT"}]}
RESULT: {"script":"<script> [776 bytes]","args":[{"enterText":"Shipping-Wd","selector":{"id":"createOrganizationPop--descriptionId","searchOpenDialogs":true,"interaction":{"idSuffix":"inner"}},"clearTextFirst":true,"interactionType":"ENTER_TEXT"}]}
COMMAND: POST /session/e5a8226ea9fde889391201a3e7d107f2/execute/async - {"script":"<script> [1562 bytes]","args":[{"selector":{"controlType":"sap.m.CheckBox","viewName":"etm.portal.ui.binstatusreport.view.MasterWareBins","viewId":"application-binstatusreport-display-component---warehousing","bindingPath":{"path":"","propertyPath":"/ZONE","modelName":"newBin"},"searchOpenDialogs":true,"interaction":{"idSuffix":"CbBg"}},"wdio_ui5_key":"etmportal.ui.binstatusreport.view.MasterWareBinssap.m.CheckBox{\"path\":\"\",\"propertyPath\":\"/ZONE\",\"modelName\":\"newBin\"}"}]}
RESULT: {"script":"<script> [1562 bytes]","args":[{"selector":{"controlType":"sap.m.CheckBox","viewName":"etm.portal.ui.binstatusreport.view.MasterWareBins","viewId":"application-binstatusreport-display-component---warehousing","bindingPath":{"path":"","propertyPath":"/ZONE","modelName":"newBin"},"searchOpenDialogs":true,"interaction":{"idSuffix":"CbBg"}},"wdio_ui5_key":"etmportal.ui.binstatusreport.view.MasterWareBinssap.m.CheckBox{\"path\":\"\",\"propertyPath\":\"/ZONE\",\"modelName\":\"newBin\"}"}]}
RESULT: undefined
COMMAND: POST /session/e5a8226ea9fde889391201a3e7d107f2/element - {"using":"xpath","value":"//*[@id=\"__box56\"]"}
RESULT: {"using":"xpath","value":"//*[@id=\"__box56\"]"}
COMMAND: POST /session/e5a8226ea9fde889391201a3e7d107f2/element/f.423FC243C8326C45B9AC14107F5D9156.d.0082347235DF86612AC4DF8F478D261F.e.3024/click - {}
RESULT: {}
COMMAND: GET /session/e5a8226ea9fde889391201a3e7d107f2/screenshot - {}
RESULT: {}
COMMAND: POST /session/e5a8226ea9fde889391201a3e7d107f2/execute/async - {"script":"<script> [1562 bytes]","args":[{"selector":{"id":"createOrganizationPop--binTypesCB","searchOpenDialogs":true,"interaction":{"idSuffix":"inner"}},"wdio_ui5_key":"createOrganizationPopbinTypesCB"}]}
RESULT: {"script":"<script> [1562 bytes]","args":[{"selector":{"id":"createOrganizationPop--binTypesCB","searchOpenDialogs":true,"interaction":{"idSuffix":"inner"}},"wdio_ui5_key":"createOrganizationPopbinTypesCB"}]}
RESULT: undefined
COMMAND: POST /session/e5a8226ea9fde889391201a3e7d107f2/execute/async - {"script":"<script> [776 bytes]","args":[{"enterText":"1 - General / No capacity check","selector":{"id":"createOrganizationPop--binTypesCB","searchOpenDialogs":true,"interaction":{"idSuffix":"inner"}},"clearTextFirst":true,"interactionType":"ENTER_TEXT"}]}
RESULT: {"script":"<script> [776 bytes]","args":[{"enterText":"1 - General / No capacity check","selector":{"id":"createOrganizationPop--binTypesCB","searchOpenDialogs":true,"interaction":{"idSuffix":"inner"}},"clearTextFirst":true,"interactionType":"ENTER_TEXT"}]}
COMMAND: POST /session/e5a8226ea9fde889391201a3e7d107f2/actions - {"actions":[{"id":"action10","type":"key","parameters":{},"actions":[{"type":"keyDown","value":"î€‡"},{"type":"pause","duration":10},{"type":"keyUp","value":"î€‡"}]}]}
RESULT: {"actions":[{"id":"action10","type":"key","parameters":{},"actions":[{"type":"keyDown","value":"î€‡"},{"type":"pause","duration":10},{"type":"keyUp","value":"î€‡"}]}]}
COMMAND: GET /session/e5a8226ea9fde889391201a3e7d107f2/screenshot - {}
RESULT: {}
COMMAND: POST /session/e5a8226ea9fde889391201a3e7d107f2/execute/async - {"script":"<script> [1562 bytes]","args":[{"selector":{"id":"createOrganizationPop--finishBtn","searchOpenDialogs":true,"interaction":{"idSuffix":"BDI-content"}},"wdio_ui5_key":"createOrganizationPopfinishBtn"}]}
RESULT: {"script":"<script> [1562 bytes]","args":[{"selector":{"id":"createOrganizationPop--finishBtn","searchOpenDialogs":true,"interaction":{"idSuffix":"BDI-content"}},"wdio_ui5_key":"createOrganizationPopfinishBtn"}]}
RESULT: undefined
COMMAND: POST /session/e5a8226ea9fde889391201a3e7d107f2/element - {"using":"xpath","value":"//*[@id=\"createOrganizationPop--finishBtn\"]"}
RESULT: {"using":"xpath","value":"//*[@id=\"createOrganizationPop--finishBtn\"]"}
COMMAND: POST /session/e5a8226ea9fde889391201a3e7d107f2/element/f.423FC243C8326C45B9AC14107F5D9156.d.0082347235DF86612AC4DF8F478D261F.e.3035/click - {}
RESULT: {}
COMMAND: GET /session/e5a8226ea9fde889391201a3e7d107f2/screenshot - {}
RESULT: {}
COMMAND: POST /session/e5a8226ea9fde889391201a3e7d107f2/element - {"using":"css selector","value":"#shell-header-logo"}
RESULT: {"using":"css selector","value":"#shell-header-logo"}
COMMAND: POST /session/e5a8226ea9fde889391201a3e7d107f2/element/f.423FC243C8326C45B9AC14107F5D9156.d.0082347235DF86612AC4DF8F478D261F.e.2606/click - {}
RESULT: {}
COMMAND: GET /session/e5a8226ea9fde889391201a3e7d107f2/screenshot - {}
RESULT: {}
]]></system-out>
    </testcase>
    <testcase classname="chrome.137_0_7151_69.windows.Stock_increase_-_with_WHM_US125587" name="Bin Status Report Should Create New Organization for Site" time="70.496">
      <system-out><![CDATA[
RESULT: undefined
COMMAND: POST /session/e5a8226ea9fde889391201a3e7d107f2/element - {"using":"xpath","value":"//*[@id=\"__tile106\"]"}
RESULT: {"using":"xpath","value":"//*[@id=\"__tile106\"]"}
COMMAND: POST /session/e5a8226ea9fde889391201a3e7d107f2/element/f.423FC243C8326C45B9AC14107F5D9156.d.0082347235DF86612AC4DF8F478D261F.e.2599/click - {}
RESULT: {}
COMMAND: GET /session/e5a8226ea9fde889391201a3e7d107f2/screenshot - {}
RESULT: {}
COMMAND: POST /session/e5a8226ea9fde889391201a3e7d107f2/elements - {"using":"xpath","value":"//span[text()='Error']"}
RESULT: {"using":"xpath","value":"//span[text()='Error']"}
COMMAND: POST /session/e5a8226ea9fde889391201a3e7d107f2/element - {"using":"xpath","value":"//button[@id=\"application-binstatusreport-display-component---warehousing--createOrgBtn\"]"}
RESULT: {"using":"xpath","value":"//button[@id=\"application-binstatusreport-display-component---warehousing--createOrgBtn\"]"}
COMMAND: POST /session/e5a8226ea9fde889391201a3e7d107f2/elements - {"using":"xpath","value":"//button[@id=\"application-binstatusreport-display-component---warehousing--createOrgBtn\"]"}
RESULT: {"using":"xpath","value":"//button[@id=\"application-binstatusreport-display-component---warehousing--createOrgBtn\"]"}
COMMAND: POST /session/e5a8226ea9fde889391201a3e7d107f2/execute/sync - {"script":"<script> [8489 bytes]","args":[{"element-6066-11e4-a52e-4f735466cecf":"f.423FC243C8326C45B9AC14107F5D9156.d.0082347235DF86612AC4DF8F478D261F.e.3095","ELEMENT":"f.423FC243C8326C45B9AC14107F5D9156.d.0082347235DF86612AC4DF8F478D261F.e.3095"}]}
RESULT: {"script":"<script> [8489 bytes]","args":[{"element-6066-11e4-a52e-4f735466cecf":"f.423FC243C8326C45B9AC14107F5D9156.d.0082347235DF86612AC4DF8F478D261F.e.3095","ELEMENT":"f.423FC243C8326C45B9AC14107F5D9156.d.0082347235DF86612AC4DF8F478D261F.e.3095"}]}
COMMAND: GET /session/e5a8226ea9fde889391201a3e7d107f2/element/f.423FC243C8326C45B9AC14107F5D9156.d.0082347235DF86612AC4DF8F478D261F.e.3095/enabled - {}
COMMAND: GET /session/e5a8226ea9fde889391201a3e7d107f2/screenshot - {}
RESULT: {}
COMMAND: POST /session/e5a8226ea9fde889391201a3e7d107f2/execute/sync - {"script":"<script> [8489 bytes]","args":[{"element-6066-11e4-a52e-4f735466cecf":"f.423FC243C8326C45B9AC14107F5D9156.d.0082347235DF86612AC4DF8F478D261F.e.3095","ELEMENT":"f.423FC243C8326C45B9AC14107F5D9156.d.0082347235DF86612AC4DF8F478D261F.e.3095"}]}
COMMAND: GET /session/e5a8226ea9fde889391201a3e7d107f2/screenshot - {}
RESULT: {}
RESULT: {"script":"<script> [8489 bytes]","args":[{"element-6066-11e4-a52e-4f735466cecf":"f.423FC243C8326C45B9AC14107F5D9156.d.0082347235DF86612AC4DF8F478D261F.e.3095","ELEMENT":"f.423FC243C8326C45B9AC14107F5D9156.d.0082347235DF86612AC4DF8F478D261F.e.3095"}]}
COMMAND: POST /session/e5a8226ea9fde889391201a3e7d107f2/execute/sync - {"script":"<script> [5351 bytes]","args":[{"element-6066-11e4-a52e-4f735466cecf":"f.423FC243C8326C45B9AC14107F5D9156.d.0082347235DF86612AC4DF8F478D261F.e.3095","ELEMENT":"f.423FC243C8326C45B9AC14107F5D9156.d.0082347235DF86612AC4DF8F478D261F.e.3095"}]}
COMMAND: GET /session/e5a8226ea9fde889391201a3e7d107f2/screenshot - {}
RESULT: {}
RESULT: {"script":"<script> [5351 bytes]","args":[{"element-6066-11e4-a52e-4f735466cecf":"f.423FC243C8326C45B9AC14107F5D9156.d.0082347235DF86612AC4DF8F478D261F.e.3095","ELEMENT":"f.423FC243C8326C45B9AC14107F5D9156.d.0082347235DF86612AC4DF8F478D261F.e.3095"}]}
COMMAND: GET /session/e5a8226ea9fde889391201a3e7d107f2/screenshot - {}
RESULT: {}
RESULT: {}
COMMAND: POST /session/e5a8226ea9fde889391201a3e7d107f2/element/f.423FC243C8326C45B9AC14107F5D9156.d.0082347235DF86612AC4DF8F478D261F.e.3095/click - {}
RESULT: {}
COMMAND: GET /session/e5a8226ea9fde889391201a3e7d107f2/screenshot - {}
RESULT: {}
RESULT: undefined
COMMAND: POST /session/e5a8226ea9fde889391201a3e7d107f2/execute/async - {"script":"<script> [776 bytes]","args":[{"enterText":"2045","selector":{"id":"createOrganizationPop--sectionInput","searchOpenDialogs":true,"interaction":{"idSuffix":"inner"}},"clearTextFirst":true,"interactionType":"ENTER_TEXT"}]}
RESULT: {"script":"<script> [776 bytes]","args":[{"enterText":"2045","selector":{"id":"createOrganizationPop--sectionInput","searchOpenDialogs":true,"interaction":{"idSuffix":"inner"}},"clearTextFirst":true,"interactionType":"ENTER_TEXT"}]}
RESULT: undefined
COMMAND: POST /session/e5a8226ea9fde889391201a3e7d107f2/execute/async - {"script":"<script> [776 bytes]","args":[{"enterText":"WDIO-2045","selector":{"id":"createOrganizationPop--descriptionInput","searchOpenDialogs":true,"interaction":{"idSuffix":"inner"}},"clearTextFirst":true,"interactionType":"ENTER_TEXT"}]}
RESULT: {"script":"<script> [776 bytes]","args":[{"enterText":"WDIO-2045","selector":{"id":"createOrganizationPop--descriptionInput","searchOpenDialogs":true,"interaction":{"idSuffix":"inner"}},"clearTextFirst":true,"interactionType":"ENTER_TEXT"}]}
COMMAND: POST /session/e5a8226ea9fde889391201a3e7d107f2/element - {"using":"css selector","value":"#createOrganizationPop--siteOrg-inner"}
RESULT: {"using":"css selector","value":"#createOrganizationPop--siteOrg-inner"}
COMMAND: POST /session/e5a8226ea9fde889391201a3e7d107f2/element/f.423FC243C8326C45B9AC14107F5D9156.d.0082347235DF86612AC4DF8F478D261F.e.3133/clear - {}
RESULT: {}
COMMAND: POST /session/e5a8226ea9fde889391201a3e7d107f2/element/f.423FC243C8326C45B9AC14107F5D9156.d.0082347235DF86612AC4DF8F478D261F.e.3133/value - {"text":"2045"}
COMMAND: GET /session/e5a8226ea9fde889391201a3e7d107f2/screenshot - {}
RESULT: {"text":"2045"}
COMMAND: GET /session/e5a8226ea9fde889391201a3e7d107f2/screenshot - {}
RESULT: {}
RESULT: {}
COMMAND: POST /session/e5a8226ea9fde889391201a3e7d107f2/actions - {"actions":[{"id":"action11","type":"key","parameters":{},"actions":[{"type":"keyDown","value":"î€‡"},{"type":"pause","duration":10},{"type":"keyUp","value":"î€‡"}]}]}
RESULT: {"actions":[{"id":"action11","type":"key","parameters":{},"actions":[{"type":"keyDown","value":"î€‡"},{"type":"pause","duration":10},{"type":"keyUp","value":"î€‡"}]}]}
RESULT: undefined
COMMAND: POST /session/e5a8226ea9fde889391201a3e7d107f2/element - {"using":"xpath","value":"//*[@id=\"createOrganizationPop--giZone\"]"}
COMMAND: GET /session/e5a8226ea9fde889391201a3e7d107f2/screenshot - {}
RESULT: {"using":"xpath","value":"//*[@id=\"createOrganizationPop--giZone\"]"}
COMMAND: POST /session/e5a8226ea9fde889391201a3e7d107f2/element/f.423FC243C8326C45B9AC14107F5D9156.d.0082347235DF86612AC4DF8F478D261F.e.3171/click - {}
RESULT: {}
RESULT: {}
COMMAND: GET /session/e5a8226ea9fde889391201a3e7d107f2/screenshot - {}
RESULT: {}
RESULT: undefined
COMMAND: POST /session/e5a8226ea9fde889391201a3e7d107f2/execute/async - {"script":"<script> [776 bytes]","args":[{"enterText":"WD-BIN","selector":{"id":"createOrganizationPop--binNoInput","searchOpenDialogs":true,"interaction":{"idSuffix":"inner"}},"clearTextFirst":true,"interactionType":"ENTER_TEXT"}]}
RESULT: {"script":"<script> [776 bytes]","args":[{"enterText":"WD-BIN","selector":{"id":"createOrganizationPop--binNoInput","searchOpenDialogs":true,"interaction":{"idSuffix":"inner"}},"clearTextFirst":true,"interactionType":"ENTER_TEXT"}]}
RESULT: undefined
COMMAND: POST /session/e5a8226ea9fde889391201a3e7d107f2/execute/async - {"script":"<script> [776 bytes]","args":[{"enterText":"WD-BIN","selector":{"id":"createOrganizationPop--descriptionId","searchOpenDialogs":true,"interaction":{"idSuffix":"inner"}},"clearTextFirst":true,"interactionType":"ENTER_TEXT"}]}
RESULT: {"script":"<script> [776 bytes]","args":[{"enterText":"WD-BIN","selector":{"id":"createOrganizationPop--descriptionId","searchOpenDialogs":true,"interaction":{"idSuffix":"inner"}},"clearTextFirst":true,"interactionType":"ENTER_TEXT"}]}
COMMAND: POST /session/e5a8226ea9fde889391201a3e7d107f2/execute/async - {"script":"<script> [1562 bytes]","args":[{"selector":{"controlType":"sap.m.CheckBox","viewName":"etm.portal.ui.binstatusreport.view.MasterWareBins","viewId":"application-binstatusreport-display-component---warehousing","bindingPath":{"propertyPath":"/ZONE","modelName":"newBin"},"searchOpenDialogs":true,"interaction":{"idSuffix":"CbBg"}},"wdio_ui5_key":"etmportal.ui.binstatusreport.view.MasterWareBinssap.m.CheckBox{\"propertyPath\":\"/ZONE\",\"modelName\":\"newBin\"}"}]}
RESULT: {"script":"<script> [1562 bytes]","args":[{"selector":{"controlType":"sap.m.CheckBox","viewName":"etm.portal.ui.binstatusreport.view.MasterWareBins","viewId":"application-binstatusreport-display-component---warehousing","bindingPath":{"propertyPath":"/ZONE","modelName":"newBin"},"searchOpenDialogs":true,"interaction":{"idSuffix":"CbBg"}},"wdio_ui5_key":"etmportal.ui.binstatusreport.view.MasterWareBinssap.m.CheckBox{\"propertyPath\":\"/ZONE\",\"modelName\":\"newBin\"}"}]}
RESULT: undefined
COMMAND: POST /session/e5a8226ea9fde889391201a3e7d107f2/element - {"using":"xpath","value":"//*[@id=\"__box68\"]"}
RESULT: {"using":"xpath","value":"//*[@id=\"__box68\"]"}
COMMAND: POST /session/e5a8226ea9fde889391201a3e7d107f2/element/f.423FC243C8326C45B9AC14107F5D9156.d.0082347235DF86612AC4DF8F478D261F.e.3193/click - {}
RESULT: {}
COMMAND: GET /session/e5a8226ea9fde889391201a3e7d107f2/screenshot - {}
RESULT: {}
RESULT: undefined
COMMAND: POST /session/e5a8226ea9fde889391201a3e7d107f2/execute/async - {"script":"<script> [776 bytes]","args":[{"enterText":"1 - General / No capacity check","selector":{"id":"createOrganizationPop--binTypesCB","searchOpenDialogs":true,"interaction":{"idSuffix":"inner"}},"clearTextFirst":true,"interactionType":"ENTER_TEXT"}]}
RESULT: {"script":"<script> [776 bytes]","args":[{"enterText":"1 - General / No capacity check","selector":{"id":"createOrganizationPop--binTypesCB","searchOpenDialogs":true,"interaction":{"idSuffix":"inner"}},"clearTextFirst":true,"interactionType":"ENTER_TEXT"}]}
COMMAND: POST /session/e5a8226ea9fde889391201a3e7d107f2/execute/async - {"script":"<script> [1562 bytes]","args":[{"selector":{"id":"createOrganizationPop--capacityId","searchOpenDialogs":true,"interaction":{"idSuffix":"inner"}},"wdio_ui5_key":"createOrganizationPopcapacityId"}]}
RESULT: {"script":"<script> [1562 bytes]","args":[{"selector":{"id":"createOrganizationPop--capacityId","searchOpenDialogs":true,"interaction":{"idSuffix":"inner"}},"wdio_ui5_key":"createOrganizationPopcapacityId"}]}
RESULT: undefined
COMMAND: POST /session/e5a8226ea9fde889391201a3e7d107f2/actions - {"actions":[{"id":"action12","type":"key","parameters":{},"actions":[{"type":"keyDown","value":"î€‡"},{"type":"pause","duration":10},{"type":"keyUp","value":"î€‡"}]}]}
RESULT: {"actions":[{"id":"action12","type":"key","parameters":{},"actions":[{"type":"keyDown","value":"î€‡"},{"type":"pause","duration":10},{"type":"keyUp","value":"î€‡"}]}]}
COMMAND: GET /session/e5a8226ea9fde889391201a3e7d107f2/screenshot - {}
RESULT: {}
RESULT: undefined
COMMAND: POST /session/e5a8226ea9fde889391201a3e7d107f2/element - {"using":"xpath","value":"//*[@id=\"createOrganizationPop--finishBtn\"]"}
RESULT: {"using":"xpath","value":"//*[@id=\"createOrganizationPop--finishBtn\"]"}
COMMAND: POST /session/e5a8226ea9fde889391201a3e7d107f2/element/f.423FC243C8326C45B9AC14107F5D9156.d.0082347235DF86612AC4DF8F478D261F.e.3207/click - {}
RESULT: {}
COMMAND: GET /session/e5a8226ea9fde889391201a3e7d107f2/screenshot - {}
RESULT: {}
COMMAND: POST /session/e5a8226ea9fde889391201a3e7d107f2/element - {"using":"css selector","value":"#shell-header-logo"}
RESULT: {"using":"css selector","value":"#shell-header-logo"}
COMMAND: POST /session/e5a8226ea9fde889391201a3e7d107f2/element/f.423FC243C8326C45B9AC14107F5D9156.d.0082347235DF86612AC4DF8F478D261F.e.3044/click - {}
RESULT: {}
COMMAND: GET /session/e5a8226ea9fde889391201a3e7d107f2/screenshot - {}
RESULT: {}
]]></system-out>
    </testcase>
    <testcase classname="chrome.137_0_7151_69.windows.Stock_increase_-_with_WHM_US125587" name="Create a Warehouse Movement for created yard" time="50.094">
      <system-out><![CDATA[
COMMAND: POST /session/e5a8226ea9fde889391201a3e7d107f2/execute/async - {"script":"<script> [1562 bytes]","args":[{"selector":{"controlType":"sap.m.GenericTile","properties":{"header":"Manage Warehouse Movements"}},"wdio_ui5_key":"sapm.GenericTile{\"header\":\"Manage Warehouse Movements\"}"}]}
RESULT: {"script":"<script> [1562 bytes]","args":[{"selector":{"controlType":"sap.m.GenericTile","properties":{"header":"Manage Warehouse Movements"}},"wdio_ui5_key":"sapm.GenericTile{\"header\":\"Manage Warehouse Movements\"}"}]}
RESULT: undefined
COMMAND: POST /session/e5a8226ea9fde889391201a3e7d107f2/element - {"using":"xpath","value":"//*[@id=\"__tile107\"]"}
RESULT: {"using":"xpath","value":"//*[@id=\"__tile107\"]"}
COMMAND: POST /session/e5a8226ea9fde889391201a3e7d107f2/element/f.423FC243C8326C45B9AC14107F5D9156.d.0082347235DF86612AC4DF8F478D261F.e.3247/click - {}
RESULT: {}
COMMAND: GET /session/e5a8226ea9fde889391201a3e7d107f2/screenshot - {}
RESULT: {}
COMMAND: POST /session/e5a8226ea9fde889391201a3e7d107f2/elements - {"using":"xpath","value":"//span[text()='Error']"}
RESULT: {"using":"xpath","value":"//span[text()='Error']"}
COMMAND: POST /session/e5a8226ea9fde889391201a3e7d107f2/element - {"using":"xpath","value":"//input[@id='application-warehousemovements-display-component---warehouseMovements--smartFilterBar-filterItemControl_BASIC-YARD-inner']"}
RESULT: {"using":"xpath","value":"//input[@id='application-warehousemovements-display-component---warehouseMovements--smartFilterBar-filterItemControl_BASIC-YARD-inner']"}
COMMAND: POST /session/e5a8226ea9fde889391201a3e7d107f2/elements - {"using":"xpath","value":"//input[@id='application-warehousemovements-display-component---warehouseMovements--smartFilterBar-filterItemControl_BASIC-YARD-inner']"}
RESULT: {"using":"xpath","value":"//input[@id='application-warehousemovements-display-component---warehouseMovements--smartFilterBar-filterItemControl_BASIC-YARD-inner']"}
COMMAND: POST /session/e5a8226ea9fde889391201a3e7d107f2/elements - {"using":"xpath","value":"//input[@id='application-warehousemovements-display-component---warehouseMovements--smartFilterBar-filterItemControl_BASIC-YARD-inner']"}
RESULT: {"using":"xpath","value":"//input[@id='application-warehousemovements-display-component---warehouseMovements--smartFilterBar-filterItemControl_BASIC-YARD-inner']"}
COMMAND: POST /session/e5a8226ea9fde889391201a3e7d107f2/element - {"using":"xpath","value":"//input[@id='application-warehousemovements-display-component---warehouseMovements--smartFilterBar-filterItemControl_BASIC-YARD-inner']"}
RESULT: {"using":"xpath","value":"//input[@id='application-warehousemovements-display-component---warehouseMovements--smartFilterBar-filterItemControl_BASIC-YARD-inner']"}
COMMAND: POST /session/e5a8226ea9fde889391201a3e7d107f2/execute/sync - {"script":"<script> [8489 bytes]","args":[{"element-6066-11e4-a52e-4f735466cecf":"f.423FC243C8326C45B9AC14107F5D9156.d.0082347235DF86612AC4DF8F478D261F.e.3255","ELEMENT":"f.423FC243C8326C45B9AC14107F5D9156.d.0082347235DF86612AC4DF8F478D261F.e.3255"}]}
RESULT: {"script":"<script> [8489 bytes]","args":[{"element-6066-11e4-a52e-4f735466cecf":"f.423FC243C8326C45B9AC14107F5D9156.d.0082347235DF86612AC4DF8F478D261F.e.3255","ELEMENT":"f.423FC243C8326C45B9AC14107F5D9156.d.0082347235DF86612AC4DF8F478D261F.e.3255"}]}
COMMAND: GET /session/e5a8226ea9fde889391201a3e7d107f2/element/f.423FC243C8326C45B9AC14107F5D9156.d.0082347235DF86612AC4DF8F478D261F.e.3255/enabled - {}
COMMAND: GET /session/e5a8226ea9fde889391201a3e7d107f2/screenshot - {}
RESULT: {}
COMMAND: POST /session/e5a8226ea9fde889391201a3e7d107f2/execute/sync - {"script":"<script> [8489 bytes]","args":[{"element-6066-11e4-a52e-4f735466cecf":"f.423FC243C8326C45B9AC14107F5D9156.d.0082347235DF86612AC4DF8F478D261F.e.3255","ELEMENT":"f.423FC243C8326C45B9AC14107F5D9156.d.0082347235DF86612AC4DF8F478D261F.e.3255"}]}
COMMAND: GET /session/e5a8226ea9fde889391201a3e7d107f2/screenshot - {}
RESULT: {}
RESULT: {"script":"<script> [8489 bytes]","args":[{"element-6066-11e4-a52e-4f735466cecf":"f.423FC243C8326C45B9AC14107F5D9156.d.0082347235DF86612AC4DF8F478D261F.e.3255","ELEMENT":"f.423FC243C8326C45B9AC14107F5D9156.d.0082347235DF86612AC4DF8F478D261F.e.3255"}]}
COMMAND: POST /session/e5a8226ea9fde889391201a3e7d107f2/execute/sync - {"script":"<script> [5351 bytes]","args":[{"element-6066-11e4-a52e-4f735466cecf":"f.423FC243C8326C45B9AC14107F5D9156.d.0082347235DF86612AC4DF8F478D261F.e.3255","ELEMENT":"f.423FC243C8326C45B9AC14107F5D9156.d.0082347235DF86612AC4DF8F478D261F.e.3255"}]}
COMMAND: GET /session/e5a8226ea9fde889391201a3e7d107f2/screenshot - {}
RESULT: {}
RESULT: {"script":"<script> [5351 bytes]","args":[{"element-6066-11e4-a52e-4f735466cecf":"f.423FC243C8326C45B9AC14107F5D9156.d.0082347235DF86612AC4DF8F478D261F.e.3255","ELEMENT":"f.423FC243C8326C45B9AC14107F5D9156.d.0082347235DF86612AC4DF8F478D261F.e.3255"}]}
COMMAND: GET /session/e5a8226ea9fde889391201a3e7d107f2/screenshot - {}
RESULT: {}
RESULT: {}
COMMAND: POST /session/e5a8226ea9fde889391201a3e7d107f2/element/f.423FC243C8326C45B9AC14107F5D9156.d.0082347235DF86612AC4DF8F478D261F.e.3255/clear - {}
RESULT: {}
COMMAND: POST /session/e5a8226ea9fde889391201a3e7d107f2/element/f.423FC243C8326C45B9AC14107F5D9156.d.0082347235DF86612AC4DF8F478D261F.e.3255/value - {"text":"185"}
COMMAND: GET /session/e5a8226ea9fde889391201a3e7d107f2/screenshot - {}
RESULT: {"text":"185"}
COMMAND: POST /session/e5a8226ea9fde889391201a3e7d107f2/actions - {"actions":[{"id":"action13","type":"key","parameters":{},"actions":[{"type":"keyDown","value":"î€‡"},{"type":"pause","duration":10},{"type":"keyUp","value":"î€‡"}]}]}
COMMAND: GET /session/e5a8226ea9fde889391201a3e7d107f2/screenshot - {}
RESULT: {}
RESULT: {"actions":[{"id":"action13","type":"key","parameters":{},"actions":[{"type":"keyDown","value":"î€‡"},{"type":"pause","duration":10},{"type":"keyUp","value":"î€‡"}]}]}
COMMAND: GET /session/e5a8226ea9fde889391201a3e7d107f2/screenshot - {}
RESULT: {}
RESULT: {}
COMMAND: POST /session/e5a8226ea9fde889391201a3e7d107f2/element - {"using":"xpath","value":"//button[contains(@data-kt, \"MasterMovementAddOverflowToolbarButton\")]"}
RESULT: {"using":"xpath","value":"//button[contains(@data-kt, \"MasterMovementAddOverflowToolbarButton\")]"}
COMMAND: POST /session/e5a8226ea9fde889391201a3e7d107f2/element/f.423FC243C8326C45B9AC14107F5D9156.d.0082347235DF86612AC4DF8F478D261F.e.3307/click - {}
RESULT: {}
COMMAND: GET /session/e5a8226ea9fde889391201a3e7d107f2/screenshot - {}
RESULT: {}
COMMAND: POST /session/e5a8226ea9fde889391201a3e7d107f2/element - {"using":"xpath","value":"//*[@id=\"application-warehousemovements-display-component---addMovement--sectionsList-arrow\"]"}
RESULT: {"using":"xpath","value":"//*[@id=\"application-warehousemovements-display-component---addMovement--sectionsList-arrow\"]"}
COMMAND: POST /session/e5a8226ea9fde889391201a3e7d107f2/element/f.423FC243C8326C45B9AC14107F5D9156.d.0082347235DF86612AC4DF8F478D261F.e.3419/click - {}
RESULT: {}
COMMAND: POST /session/e5a8226ea9fde889391201a3e7d107f2/actions - {"actions":[{"id":"action14","type":"key","parameters":{},"actions":[{"type":"keyDown","value":"î€•"},{"type":"pause","duration":10},{"type":"keyUp","value":"î€•"}]}]}
COMMAND: GET /session/e5a8226ea9fde889391201a3e7d107f2/screenshot - {}
RESULT: {"actions":[{"id":"action14","type":"key","parameters":{},"actions":[{"type":"keyDown","value":"î€•"},{"type":"pause","duration":10},{"type":"keyUp","value":"î€•"}]}]}
COMMAND: GET /session/e5a8226ea9fde889391201a3e7d107f2/screenshot - {}
RESULT: {}
RESULT: {}
COMMAND: POST /session/e5a8226ea9fde889391201a3e7d107f2/actions - {"actions":[{"id":"action15","type":"key","parameters":{},"actions":[{"type":"keyDown","value":"î€‡"},{"type":"pause","duration":10},{"type":"keyUp","value":"î€‡"}]}]}
RESULT: {"actions":[{"id":"action15","type":"key","parameters":{},"actions":[{"type":"keyDown","value":"î€‡"},{"type":"pause","duration":10},{"type":"keyUp","value":"î€‡"}]}]}
COMMAND: GET /session/e5a8226ea9fde889391201a3e7d107f2/screenshot - {}
RESULT: {}
COMMAND: POST /session/e5a8226ea9fde889391201a3e7d107f2/element - {"using":"xpath","value":"//*[@id=\"application-warehousemovements-display-component---addMovement--saveMovementBtn-BDI-content\" and text()=\"Save\"]"}
RESULT: {"using":"xpath","value":"//*[@id=\"application-warehousemovements-display-component---addMovement--saveMovementBtn-BDI-content\" and text()=\"Save\"]"}
COMMAND: POST /session/e5a8226ea9fde889391201a3e7d107f2/element/f.423FC243C8326C45B9AC14107F5D9156.d.0082347235DF86612AC4DF8F478D261F.e.3420/click - {}
RESULT: {}
COMMAND: GET /session/e5a8226ea9fde889391201a3e7d107f2/screenshot - {}
RESULT: {}
COMMAND: POST /session/e5a8226ea9fde889391201a3e7d107f2/element - {"using":"css selector","value":"#shell-header-logo"}
RESULT: {"using":"css selector","value":"#shell-header-logo"}
COMMAND: POST /session/e5a8226ea9fde889391201a3e7d107f2/element/f.423FC243C8326C45B9AC14107F5D9156.d.0082347235DF86612AC4DF8F478D261F.e.3250/click - {}
RESULT: {}
COMMAND: GET /session/e5a8226ea9fde889391201a3e7d107f2/screenshot - {}
RESULT: {}
]]></system-out>
    </testcase>
  </testsuite>
  <testsuite timestamp="2025-06-12T16:33:13" time="158.964" tests="6" failures="0" errors="0" skipped="0">
    <properties>
      <property name="specId" value="0" />
      <property name="suiteName" value="Provide to Site w/ warehouse management w/ clarification US115878" />
      <property name="capabilities" value="chrome.137_0_7151_69.windows" />
      <property name="file" value="file:///D:/a/1/s/test/specs/HTR/provide-to-site-w-warehouse-w-clarification.spec.js" />
    </properties>
    <testcase classname="chrome.137_0_7151_69.windows.Provide_to_Site_w/_warehouse_management_w/_clarification_US115878" name="Should create a new WHM yard" time="0.063">
      <system-out><![CDATA[
COMMAND: POST /session/e5a8226ea9fde889391201a3e7d107f2/window/fullscreen - {}
RESULT: {}
]]></system-out>
    </testcase>
    <testcase classname="chrome.137_0_7151_69.windows.Provide_to_Site_w/_warehouse_management_w/_clarification_US115878" name="Should create a new external WHM partner" time="0.002" />
    <testcase classname="chrome.137_0_7151_69.windows.Provide_to_Site_w/_warehouse_management_w/_clarification_US115878" name="Should create a new WHM site" time="0.002" />
    <testcase classname="chrome.137_0_7151_69.windows.Provide_to_Site_w/_warehouse_management_w/_clarification_US115878" name="Should create a new material" time="133.192">
      <system-out><![CDATA[
COMMAND: POST /session/e5a8226ea9fde889391201a3e7d107f2/execute/async - {"script":"<script> [1562 bytes]","args":[{"selector":{"controlType":"sap.m.GenericTile","properties":{"header":"Manage Resources"}},"wdio_ui5_key":"sapm.GenericTile{\"header\":\"Manage Resources\"}"}]}
RESULT: {"script":"<script> [1562 bytes]","args":[{"selector":{"controlType":"sap.m.GenericTile","properties":{"header":"Manage Resources"}},"wdio_ui5_key":"sapm.GenericTile{\"header\":\"Manage Resources\"}"}]}
RESULT: undefined
COMMAND: POST /session/e5a8226ea9fde889391201a3e7d107f2/element - {"using":"xpath","value":"//*[@id=\"__tile32\"]"}
RESULT: {"using":"xpath","value":"//*[@id=\"__tile32\"]"}
COMMAND: POST /session/e5a8226ea9fde889391201a3e7d107f2/element/f.423FC243C8326C45B9AC14107F5D9156.d.BA3701FEE5F685B599316BB393851C44.e.4074/click - {}
RESULT: {}
COMMAND: GET /session/e5a8226ea9fde889391201a3e7d107f2/screenshot - {}
RESULT: {}
COMMAND: POST /session/e5a8226ea9fde889391201a3e7d107f2/elements - {"using":"xpath","value":"//span[text()='Error']"}
RESULT: {"using":"xpath","value":"//span[text()='Error']"}
COMMAND: POST /session/e5a8226ea9fde889391201a3e7d107f2/element - {"using":"xpath","value":"//button[@data-kt=\"addNewRUOverflowToolbarButton\"]"}
RESULT: {"using":"xpath","value":"//button[@data-kt=\"addNewRUOverflowToolbarButton\"]"}
COMMAND: POST /session/e5a8226ea9fde889391201a3e7d107f2/elements - {"using":"xpath","value":"//button[@data-kt=\"addNewRUOverflowToolbarButton\"]"}
RESULT: {"using":"xpath","value":"//button[@data-kt=\"addNewRUOverflowToolbarButton\"]"}
COMMAND: POST /session/e5a8226ea9fde889391201a3e7d107f2/elements - {"using":"xpath","value":"//button[@data-kt=\"addNewRUOverflowToolbarButton\"]"}
RESULT: {"using":"xpath","value":"//button[@data-kt=\"addNewRUOverflowToolbarButton\"]"}
COMMAND: POST /session/e5a8226ea9fde889391201a3e7d107f2/elements - {"using":"xpath","value":"//button[@data-kt=\"addNewRUOverflowToolbarButton\"]"}
RESULT: {"using":"xpath","value":"//button[@data-kt=\"addNewRUOverflowToolbarButton\"]"}
COMMAND: POST /session/e5a8226ea9fde889391201a3e7d107f2/elements - {"using":"xpath","value":"//button[@data-kt=\"addNewRUOverflowToolbarButton\"]"}
RESULT: {"using":"xpath","value":"//button[@data-kt=\"addNewRUOverflowToolbarButton\"]"}
COMMAND: POST /session/e5a8226ea9fde889391201a3e7d107f2/elements - {"using":"xpath","value":"//button[@data-kt=\"addNewRUOverflowToolbarButton\"]"}
RESULT: {"using":"xpath","value":"//button[@data-kt=\"addNewRUOverflowToolbarButton\"]"}
COMMAND: POST /session/e5a8226ea9fde889391201a3e7d107f2/elements - {"using":"xpath","value":"//button[@data-kt=\"addNewRUOverflowToolbarButton\"]"}
RESULT: {"using":"xpath","value":"//button[@data-kt=\"addNewRUOverflowToolbarButton\"]"}
COMMAND: POST /session/e5a8226ea9fde889391201a3e7d107f2/elements - {"using":"xpath","value":"//button[@data-kt=\"addNewRUOverflowToolbarButton\"]"}
RESULT: {"using":"xpath","value":"//button[@data-kt=\"addNewRUOverflowToolbarButton\"]"}
COMMAND: POST /session/e5a8226ea9fde889391201a3e7d107f2/elements - {"using":"xpath","value":"//button[@data-kt=\"addNewRUOverflowToolbarButton\"]"}
RESULT: {"using":"xpath","value":"//button[@data-kt=\"addNewRUOverflowToolbarButton\"]"}
COMMAND: POST /session/e5a8226ea9fde889391201a3e7d107f2/elements - {"using":"xpath","value":"//button[@data-kt=\"addNewRUOverflowToolbarButton\"]"}
RESULT: {"using":"xpath","value":"//button[@data-kt=\"addNewRUOverflowToolbarButton\"]"}
COMMAND: POST /session/e5a8226ea9fde889391201a3e7d107f2/elements - {"using":"xpath","value":"//button[@data-kt=\"addNewRUOverflowToolbarButton\"]"}
RESULT: {"using":"xpath","value":"//button[@data-kt=\"addNewRUOverflowToolbarButton\"]"}
COMMAND: POST /session/e5a8226ea9fde889391201a3e7d107f2/elements - {"using":"xpath","value":"//button[@data-kt=\"addNewRUOverflowToolbarButton\"]"}
RESULT: {"using":"xpath","value":"//button[@data-kt=\"addNewRUOverflowToolbarButton\"]"}
COMMAND: POST /session/e5a8226ea9fde889391201a3e7d107f2/elements - {"using":"xpath","value":"//button[@data-kt=\"addNewRUOverflowToolbarButton\"]"}
RESULT: {"using":"xpath","value":"//button[@data-kt=\"addNewRUOverflowToolbarButton\"]"}
COMMAND: POST /session/e5a8226ea9fde889391201a3e7d107f2/elements - {"using":"xpath","value":"//button[@data-kt=\"addNewRUOverflowToolbarButton\"]"}
RESULT: {"using":"xpath","value":"//button[@data-kt=\"addNewRUOverflowToolbarButton\"]"}
COMMAND: POST /session/e5a8226ea9fde889391201a3e7d107f2/elements - {"using":"xpath","value":"//button[@data-kt=\"addNewRUOverflowToolbarButton\"]"}
RESULT: {"using":"xpath","value":"//button[@data-kt=\"addNewRUOverflowToolbarButton\"]"}
COMMAND: POST /session/e5a8226ea9fde889391201a3e7d107f2/elements - {"using":"xpath","value":"//button[@data-kt=\"addNewRUOverflowToolbarButton\"]"}
RESULT: {"using":"xpath","value":"//button[@data-kt=\"addNewRUOverflowToolbarButton\"]"}
COMMAND: POST /session/e5a8226ea9fde889391201a3e7d107f2/elements - {"using":"xpath","value":"//button[@data-kt=\"addNewRUOverflowToolbarButton\"]"}
RESULT: {"using":"xpath","value":"//button[@data-kt=\"addNewRUOverflowToolbarButton\"]"}
COMMAND: POST /session/e5a8226ea9fde889391201a3e7d107f2/elements - {"using":"xpath","value":"//button[@data-kt=\"addNewRUOverflowToolbarButton\"]"}
RESULT: {"using":"xpath","value":"//button[@data-kt=\"addNewRUOverflowToolbarButton\"]"}
COMMAND: POST /session/e5a8226ea9fde889391201a3e7d107f2/elements - {"using":"xpath","value":"//button[@data-kt=\"addNewRUOverflowToolbarButton\"]"}
RESULT: {"using":"xpath","value":"//button[@data-kt=\"addNewRUOverflowToolbarButton\"]"}
COMMAND: POST /session/e5a8226ea9fde889391201a3e7d107f2/elements - {"using":"xpath","value":"//button[@data-kt=\"addNewRUOverflowToolbarButton\"]"}
RESULT: {"using":"xpath","value":"//button[@data-kt=\"addNewRUOverflowToolbarButton\"]"}
COMMAND: POST /session/e5a8226ea9fde889391201a3e7d107f2/elements - {"using":"xpath","value":"//button[@data-kt=\"addNewRUOverflowToolbarButton\"]"}
RESULT: {"using":"xpath","value":"//button[@data-kt=\"addNewRUOverflowToolbarButton\"]"}
COMMAND: POST /session/e5a8226ea9fde889391201a3e7d107f2/elements - {"using":"xpath","value":"//button[@data-kt=\"addNewRUOverflowToolbarButton\"]"}
RESULT: {"using":"xpath","value":"//button[@data-kt=\"addNewRUOverflowToolbarButton\"]"}
COMMAND: POST /session/e5a8226ea9fde889391201a3e7d107f2/elements - {"using":"xpath","value":"//button[@data-kt=\"addNewRUOverflowToolbarButton\"]"}
RESULT: {"using":"xpath","value":"//button[@data-kt=\"addNewRUOverflowToolbarButton\"]"}
COMMAND: POST /session/e5a8226ea9fde889391201a3e7d107f2/elements - {"using":"xpath","value":"//button[@data-kt=\"addNewRUOverflowToolbarButton\"]"}
RESULT: {"using":"xpath","value":"//button[@data-kt=\"addNewRUOverflowToolbarButton\"]"}
COMMAND: POST /session/e5a8226ea9fde889391201a3e7d107f2/element - {"using":"xpath","value":"//button[@data-kt=\"addNewRUOverflowToolbarButton\"]"}
RESULT: {"using":"xpath","value":"//button[@data-kt=\"addNewRUOverflowToolbarButton\"]"}
COMMAND: POST /session/e5a8226ea9fde889391201a3e7d107f2/execute/sync - {"script":"<script> [8489 bytes]","args":[{"element-6066-11e4-a52e-4f735466cecf":"f.423FC243C8326C45B9AC14107F5D9156.d.BA3701FEE5F685B599316BB393851C44.e.4206","ELEMENT":"f.423FC243C8326C45B9AC14107F5D9156.d.BA3701FEE5F685B599316BB393851C44.e.4206"}]}
RESULT: {"script":"<script> [8489 bytes]","args":[{"element-6066-11e4-a52e-4f735466cecf":"f.423FC243C8326C45B9AC14107F5D9156.d.BA3701FEE5F685B599316BB393851C44.e.4206","ELEMENT":"f.423FC243C8326C45B9AC14107F5D9156.d.BA3701FEE5F685B599316BB393851C44.e.4206"}]}
COMMAND: GET /session/e5a8226ea9fde889391201a3e7d107f2/element/f.423FC243C8326C45B9AC14107F5D9156.d.BA3701FEE5F685B599316BB393851C44.e.4206/enabled - {}
COMMAND: GET /session/e5a8226ea9fde889391201a3e7d107f2/screenshot - {}
RESULT: {}
COMMAND: POST /session/e5a8226ea9fde889391201a3e7d107f2/execute/sync - {"script":"<script> [8489 bytes]","args":[{"element-6066-11e4-a52e-4f735466cecf":"f.423FC243C8326C45B9AC14107F5D9156.d.BA3701FEE5F685B599316BB393851C44.e.4206","ELEMENT":"f.423FC243C8326C45B9AC14107F5D9156.d.BA3701FEE5F685B599316BB393851C44.e.4206"}]}
COMMAND: GET /session/e5a8226ea9fde889391201a3e7d107f2/screenshot - {}
RESULT: {}
RESULT: {"script":"<script> [8489 bytes]","args":[{"element-6066-11e4-a52e-4f735466cecf":"f.423FC243C8326C45B9AC14107F5D9156.d.BA3701FEE5F685B599316BB393851C44.e.4206","ELEMENT":"f.423FC243C8326C45B9AC14107F5D9156.d.BA3701FEE5F685B599316BB393851C44.e.4206"}]}
COMMAND: POST /session/e5a8226ea9fde889391201a3e7d107f2/execute/sync - {"script":"<script> [5351 bytes]","args":[{"element-6066-11e4-a52e-4f735466cecf":"f.423FC243C8326C45B9AC14107F5D9156.d.BA3701FEE5F685B599316BB393851C44.e.4206","ELEMENT":"f.423FC243C8326C45B9AC14107F5D9156.d.BA3701FEE5F685B599316BB393851C44.e.4206"}]}
COMMAND: GET /session/e5a8226ea9fde889391201a3e7d107f2/screenshot - {}
RESULT: {}
RESULT: {"script":"<script> [5351 bytes]","args":[{"element-6066-11e4-a52e-4f735466cecf":"f.423FC243C8326C45B9AC14107F5D9156.d.BA3701FEE5F685B599316BB393851C44.e.4206","ELEMENT":"f.423FC243C8326C45B9AC14107F5D9156.d.BA3701FEE5F685B599316BB393851C44.e.4206"}]}
COMMAND: POST /session/e5a8226ea9fde889391201a3e7d107f2/element/f.423FC243C8326C45B9AC14107F5D9156.d.BA3701FEE5F685B599316BB393851C44.e.4206/click - {}
COMMAND: GET /session/e5a8226ea9fde889391201a3e7d107f2/screenshot - {}
RESULT: {}
RESULT: {}
COMMAND: GET /session/e5a8226ea9fde889391201a3e7d107f2/screenshot - {}
RESULT: {}
RESULT: {}
COMMAND: POST /session/e5a8226ea9fde889391201a3e7d107f2/execute/async - {"script":"<script> [1562 bytes]","args":[{"selector":{"id":"application-manageresources-display-component---newResourceUnit--TYPE-arrow"},"wdio_ui5_key":"applicationmanageresources-display-component---newResourceUnit--TYPE-arrow"}]}
RESULT: {"script":"<script> [1562 bytes]","args":[{"selector":{"id":"application-manageresources-display-component---newResourceUnit--TYPE-arrow"},"wdio_ui5_key":"applicationmanageresources-display-component---newResourceUnit--TYPE-arrow"}]}
RESULT: undefined
COMMAND: POST /session/e5a8226ea9fde889391201a3e7d107f2/element - {"using":"xpath","value":"//*[@id=\"application-manageresources-display-component---newResourceUnit--TYPE-arrow\"]"}
RESULT: {"using":"xpath","value":"//*[@id=\"application-manageresources-display-component---newResourceUnit--TYPE-arrow\"]"}
COMMAND: POST /session/e5a8226ea9fde889391201a3e7d107f2/element/f.423FC243C8326C45B9AC14107F5D9156.d.BA3701FEE5F685B599316BB393851C44.e.4375/click - {}
RESULT: {}
COMMAND: POST /session/e5a8226ea9fde889391201a3e7d107f2/element - {"using":"xpath","value":"//input[@id=\"application-manageresources-display-component---newResourceUnit--TYPE-inner\"]"}
COMMAND: GET /session/e5a8226ea9fde889391201a3e7d107f2/screenshot - {}
RESULT: {"using":"xpath","value":"//input[@id=\"application-manageresources-display-component---newResourceUnit--TYPE-inner\"]"}
COMMAND: POST /session/e5a8226ea9fde889391201a3e7d107f2/element/f.423FC243C8326C45B9AC14107F5D9156.d.BA3701FEE5F685B599316BB393851C44.e.4244/clear - {}
RESULT: {}
RESULT: {}
COMMAND: POST /session/e5a8226ea9fde889391201a3e7d107f2/element/f.423FC243C8326C45B9AC14107F5D9156.d.BA3701FEE5F685B599316BB393851C44.e.4244/value - {"text":"Material"}
COMMAND: GET /session/e5a8226ea9fde889391201a3e7d107f2/screenshot - {}
RESULT: {"text":"Material"}
COMMAND: GET /session/e5a8226ea9fde889391201a3e7d107f2/screenshot - {}
RESULT: {}
RESULT: {}
COMMAND: POST /session/e5a8226ea9fde889391201a3e7d107f2/actions - {"actions":[{"id":"action17","type":"key","parameters":{},"actions":[{"type":"keyDown","value":"î€‡"},{"type":"pause","duration":10},{"type":"keyUp","value":"î€‡"}]}]}
RESULT: {"actions":[{"id":"action17","type":"key","parameters":{},"actions":[{"type":"keyDown","value":"î€‡"},{"type":"pause","duration":10},{"type":"keyUp","value":"î€‡"}]}]}
COMMAND: POST /session/e5a8226ea9fde889391201a3e7d107f2/execute/async - {"script":"<script> [1562 bytes]","args":[{"selector":{"id":"application-manageresources-display-component---newResourceUnit--SHORT_TEXT","interaction":{"idSuffix":"inner"}},"wdio_ui5_key":"applicationmanageresources-display-component---newResourceUnit--SHORT_TEXT"}]}
COMMAND: GET /session/e5a8226ea9fde889391201a3e7d107f2/screenshot - {}
RESULT: undefined
RESULT: undefined
RESULT: {"script":"<script> [1562 bytes]","args":[{"selector":{"id":"application-manageresources-display-component---newResourceUnit--SHORT_TEXT","interaction":{"idSuffix":"inner"}},"wdio_ui5_key":"applicationmanageresources-display-component---newResourceUnit--SHORT_TEXT"}]}
RESULT: undefined
COMMAND: POST /session/e5a8226ea9fde889391201a3e7d107f2/execute/async - {"script":"<script> [776 bytes]","args":[{"enterText":"Cement WDIO","selector":{"id":"application-manageresources-display-component---newResourceUnit--SHORT_TEXT","interaction":{"idSuffix":"inner"}},"clearTextFirst":true,"interactionType":"ENTER_TEXT"}]}
RESULT: {}
RESULT: {"script":"<script> [776 bytes]","args":[{"enterText":"Cement WDIO","selector":{"id":"application-manageresources-display-component---newResourceUnit--SHORT_TEXT","interaction":{"idSuffix":"inner"}},"clearTextFirst":true,"interactionType":"ENTER_TEXT"}]}
COMMAND: POST /session/e5a8226ea9fde889391201a3e7d107f2/execute/async - {"script":"<script> [1562 bytes]","args":[{"selector":{"id":"application-manageresources-display-component---newResourceUnit--BASE_UNIT_OF_MEASURE","interaction":{"idSuffix":"inner"}},"wdio_ui5_key":"applicationmanageresources-display-component---newResourceUnit--BASE_UNIT_OF_MEASURE"}]}
RESULT: {"script":"<script> [1562 bytes]","args":[{"selector":{"id":"application-manageresources-display-component---newResourceUnit--BASE_UNIT_OF_MEASURE","interaction":{"idSuffix":"inner"}},"wdio_ui5_key":"applicationmanageresources-display-component---newResourceUnit--BASE_UNIT_OF_MEASURE"}]}
RESULT: undefined
COMMAND: POST /session/e5a8226ea9fde889391201a3e7d107f2/execute/async - {"script":"<script> [776 bytes]","args":[{"enterText":"Piece","selector":{"id":"application-manageresources-display-component---newResourceUnit--BASE_UNIT_OF_MEASURE","interaction":{"idSuffix":"inner"}},"clearTextFirst":true,"interactionType":"ENTER_TEXT"}]}
RESULT: {"script":"<script> [776 bytes]","args":[{"enterText":"Piece","selector":{"id":"application-manageresources-display-component---newResourceUnit--BASE_UNIT_OF_MEASURE","interaction":{"idSuffix":"inner"}},"clearTextFirst":true,"interactionType":"ENTER_TEXT"}]}
COMMAND: POST /session/e5a8226ea9fde889391201a3e7d107f2/execute/async - {"script":"<script> [1562 bytes]","args":[{"selector":{"id":"application-manageresources-display-component---newResourceUnit--WEIGHT_UNIT","interaction":{"idSuffix":"inner"}},"wdio_ui5_key":"applicationmanageresources-display-component---newResourceUnit--WEIGHT_UNIT"}]}
RESULT: {"script":"<script> [1562 bytes]","args":[{"selector":{"id":"application-manageresources-display-component---newResourceUnit--WEIGHT_UNIT","interaction":{"idSuffix":"inner"}},"wdio_ui5_key":"applicationmanageresources-display-component---newResourceUnit--WEIGHT_UNIT"}]}
RESULT: undefined
COMMAND: POST /session/e5a8226ea9fde889391201a3e7d107f2/execute/async - {"script":"<script> [776 bytes]","args":[{"enterText":"Gram","selector":{"id":"application-manageresources-display-component---newResourceUnit--WEIGHT_UNIT","interaction":{"idSuffix":"inner"}},"clearTextFirst":true,"interactionType":"ENTER_TEXT"}]}
RESULT: {"script":"<script> [776 bytes]","args":[{"enterText":"Gram","selector":{"id":"application-manageresources-display-component---newResourceUnit--WEIGHT_UNIT","interaction":{"idSuffix":"inner"}},"clearTextFirst":true,"interactionType":"ENTER_TEXT"}]}
COMMAND: POST /session/e5a8226ea9fde889391201a3e7d107f2/execute/async - {"script":"<script> [1562 bytes]","args":[{"selector":{"id":"application-manageresources-display-component---newResourceUnit--DIMENSION_UNIT","interaction":{"idSuffix":"inner"}},"wdio_ui5_key":"applicationmanageresources-display-component---newResourceUnit--DIMENSION_UNIT"}]}
RESULT: {"script":"<script> [1562 bytes]","args":[{"selector":{"id":"application-manageresources-display-component---newResourceUnit--DIMENSION_UNIT","interaction":{"idSuffix":"inner"}},"wdio_ui5_key":"applicationmanageresources-display-component---newResourceUnit--DIMENSION_UNIT"}]}
RESULT: undefined
COMMAND: POST /session/e5a8226ea9fde889391201a3e7d107f2/execute/async - {"script":"<script> [776 bytes]","args":[{"enterText":"Meter","selector":{"id":"application-manageresources-display-component---newResourceUnit--DIMENSION_UNIT","interaction":{"idSuffix":"inner"}},"clearTextFirst":true,"interactionType":"ENTER_TEXT"}]}
RESULT: {"script":"<script> [776 bytes]","args":[{"enterText":"Meter","selector":{"id":"application-manageresources-display-component---newResourceUnit--DIMENSION_UNIT","interaction":{"idSuffix":"inner"}},"clearTextFirst":true,"interactionType":"ENTER_TEXT"}]}
COMMAND: POST /session/e5a8226ea9fde889391201a3e7d107f2/execute/async - {"script":"<script> [1562 bytes]","args":[{"selector":{"id":"application-manageresources-display-component---newResourceUnit--newRRUPage-anchBar-application-manageresources-display-component---newResourceUnit--control-anchor","interaction":{"idSuffix":"BDI-content"}},"wdio_ui5_key":"applicationmanageresources-display-component---newResourceUnit--newRRUPage-anchBar-application-manageresources-display-component---newResourceUnit--control-anchor"}]}
RESULT: {"script":"<script> [1562 bytes]","args":[{"selector":{"id":"application-manageresources-display-component---newResourceUnit--newRRUPage-anchBar-application-manageresources-display-component---newResourceUnit--control-anchor","interaction":{"idSuffix":"BDI-content"}},"wdio_ui5_key":"applicationmanageresources-display-component---newResourceUnit--newRRUPage-anchBar-application-manageresources-display-component---newResourceUnit--control-anchor"}]}
RESULT: undefined
COMMAND: POST /session/e5a8226ea9fde889391201a3e7d107f2/element - {"using":"xpath","value":"//*[@id=\"application-manageresources-display-component---newResourceUnit--newRRUPage-anchBar-application-manageresources-display-component---newResourceUnit--control-anchor\"]"}
RESULT: {"using":"xpath","value":"//*[@id=\"application-manageresources-display-component---newResourceUnit--newRRUPage-anchBar-application-manageresources-display-component---newResourceUnit--control-anchor\"]"}
COMMAND: POST /session/e5a8226ea9fde889391201a3e7d107f2/element/f.423FC243C8326C45B9AC14107F5D9156.d.BA3701FEE5F685B599316BB393851C44.e.4510/click - {}
RESULT: {}
COMMAND: POST /session/e5a8226ea9fde889391201a3e7d107f2/execute/async - {"script":"<script> [1562 bytes]","args":[{"selector":{"id":"application-manageresources-display-component---newResourceUnit--PLANNING_GROUP","interaction":{"idSuffix":"inner"}},"wdio_ui5_key":"applicationmanageresources-display-component---newResourceUnit--PLANNING_GROUP"}]}
COMMAND: GET /session/e5a8226ea9fde889391201a3e7d107f2/screenshot - {}
RESULT: {"script":"<script> [1562 bytes]","args":[{"selector":{"id":"application-manageresources-display-component---newResourceUnit--PLANNING_GROUP","interaction":{"idSuffix":"inner"}},"wdio_ui5_key":"applicationmanageresources-display-component---newResourceUnit--PLANNING_GROUP"}]}
RESULT: undefined
COMMAND: POST /session/e5a8226ea9fde889391201a3e7d107f2/execute/async - {"script":"<script> [776 bytes]","args":[{"enterText":"Material","selector":{"id":"application-manageresources-display-component---newResourceUnit--PLANNING_GROUP","interaction":{"idSuffix":"inner"}},"clearTextFirst":true,"interactionType":"ENTER_TEXT"}]}
RESULT: {}
RESULT: {"script":"<script> [776 bytes]","args":[{"enterText":"Material","selector":{"id":"application-manageresources-display-component---newResourceUnit--PLANNING_GROUP","interaction":{"idSuffix":"inner"}},"clearTextFirst":true,"interactionType":"ENTER_TEXT"}]}
COMMAND: POST /session/e5a8226ea9fde889391201a3e7d107f2/execute/async - {"script":"<script> [1562 bytes]","args":[{"selector":{"id":"application-manageresources-display-component---newResourceUnit--PLANNING_INDICATOR","interaction":{"idSuffix":"inner"}},"wdio_ui5_key":"applicationmanageresources-display-component---newResourceUnit--PLANNING_INDICATOR"}]}
RESULT: {"script":"<script> [1562 bytes]","args":[{"selector":{"id":"application-manageresources-display-component---newResourceUnit--PLANNING_INDICATOR","interaction":{"idSuffix":"inner"}},"wdio_ui5_key":"applicationmanageresources-display-component---newResourceUnit--PLANNING_INDICATOR"}]}
RESULT: undefined
COMMAND: POST /session/e5a8226ea9fde889391201a3e7d107f2/execute/async - {"script":"<script> [776 bytes]","args":[{"enterText":"10 - infinite","selector":{"id":"application-manageresources-display-component---newResourceUnit--PLANNING_INDICATOR","interaction":{"idSuffix":"inner"}},"clearTextFirst":true,"interactionType":"ENTER_TEXT"}]}
RESULT: {"script":"<script> [776 bytes]","args":[{"enterText":"10 - infinite","selector":{"id":"application-manageresources-display-component---newResourceUnit--PLANNING_INDICATOR","interaction":{"idSuffix":"inner"}},"clearTextFirst":true,"interactionType":"ENTER_TEXT"}]}
COMMAND: POST /session/e5a8226ea9fde889391201a3e7d107f2/element - {"using":"css selector","value":"#application-manageresources-display-component---newResourceUnit--btnAddTimeSegment"}
RESULT: {"using":"css selector","value":"#application-manageresources-display-component---newResourceUnit--btnAddTimeSegment"}
COMMAND: GET /session/e5a8226ea9fde889391201a3e7d107f2/element/f.423FC243C8326C45B9AC14107F5D9156.d.BA3701FEE5F685B599316BB393851C44.e.4520/rect - {}
RESULT: {}
COMMAND: GET /session/e5a8226ea9fde889391201a3e7d107f2/window/rect - {}
RESULT: {}
COMMAND: POST /session/e5a8226ea9fde889391201a3e7d107f2/execute/sync - {"script":"<script> [92 bytes]","args":[]}
RESULT: {"script":"<script> [92 bytes]","args":[]}
COMMAND: POST /session/e5a8226ea9fde889391201a3e7d107f2/actions - {"actions":[{"id":"action18","type":"wheel","parameters":{},"actions":[{"type":"scroll","x":-1888,"y":-32,"deltaX":0,"deltaY":0,"duration":0,"origin":{"element-6066-11e4-a52e-4f735466cecf":"f.423FC243C8326C45B9AC14107F5D9156.d.BA3701FEE5F685B599316BB393851C44.e.4520"}}]}]}
COMMAND: GET /session/e5a8226ea9fde889391201a3e7d107f2/screenshot - {}
RESULT: {}
COMMAND: POST /session/e5a8226ea9fde889391201a3e7d107f2/execute/sync - {"script":"<script> [79 bytes]","args":[{"element-6066-11e4-a52e-4f735466cecf":"f.423FC243C8326C45B9AC14107F5D9156.d.BA3701FEE5F685B599316BB393851C44.e.4520","ELEMENT":"f.423FC243C8326C45B9AC14107F5D9156.d.BA3701FEE5F685B599316BB393851C44.e.4520"},{"block":"start","inline":"nearest"}]}
RESULT: {"script":"<script> [79 bytes]","args":[{"element-6066-11e4-a52e-4f735466cecf":"f.423FC243C8326C45B9AC14107F5D9156.d.BA3701FEE5F685B599316BB393851C44.e.4520","ELEMENT":"f.423FC243C8326C45B9AC14107F5D9156.d.BA3701FEE5F685B599316BB393851C44.e.4520"},{"block":"start","inline":"nearest"}]}
COMMAND: POST /session/e5a8226ea9fde889391201a3e7d107f2/execute/async - {"script":"<script> [1562 bytes]","args":[{"selector":{"id":"application-manageresources-display-component---newResourceUnit--btnAddTimeSegment","interaction":{"idSuffix":"inner"}},"wdio_ui5_key":"applicationmanageresources-display-component---newResourceUnit--btnAddTimeSegment"}]}
COMMAND: GET /session/e5a8226ea9fde889391201a3e7d107f2/screenshot - {}
RESULT: {"script":"<script> [1562 bytes]","args":[{"selector":{"id":"application-manageresources-display-component---newResourceUnit--btnAddTimeSegment","interaction":{"idSuffix":"inner"}},"wdio_ui5_key":"applicationmanageresources-display-component---newResourceUnit--btnAddTimeSegment"}]}
RESULT: undefined
COMMAND: POST /session/e5a8226ea9fde889391201a3e7d107f2/element - {"using":"xpath","value":"//*[@id=\"application-manageresources-display-component---newResourceUnit--btnAddTimeSegment\"]"}
RESULT: {}
RESULT: {"using":"xpath","value":"//*[@id=\"application-manageresources-display-component---newResourceUnit--btnAddTimeSegment\"]"}
COMMAND: POST /session/e5a8226ea9fde889391201a3e7d107f2/element/f.423FC243C8326C45B9AC14107F5D9156.d.BA3701FEE5F685B599316BB393851C44.e.4520/click - {}
RESULT: {}
COMMAND: GET /session/e5a8226ea9fde889391201a3e7d107f2/screenshot - {}
RESULT: {}
COMMAND: POST /session/e5a8226ea9fde889391201a3e7d107f2/element - {"using":"xpath","value":"//input[@id=\"application-manageresources-display-component---newResourceUnit--idRuTSAdmin-application-manageresources-display-component---newResourceUnit--RUTimeSegment-0-inner\"]"}
RESULT: {"using":"xpath","value":"//input[@id=\"application-manageresources-display-component---newResourceUnit--idRuTSAdmin-application-manageresources-display-component---newResourceUnit--RUTimeSegment-0-inner\"]"}
COMMAND: POST /session/e5a8226ea9fde889391201a3e7d107f2/element/f.423FC243C8326C45B9AC14107F5D9156.d.BA3701FEE5F685B599316BB393851C44.e.4525/clear - {}
RESULT: {}
COMMAND: POST /session/e5a8226ea9fde889391201a3e7d107f2/element/f.423FC243C8326C45B9AC14107F5D9156.d.BA3701FEE5F685B599316BB393851C44.e.4525/value - {"text":"185"}
COMMAND: GET /session/e5a8226ea9fde889391201a3e7d107f2/screenshot - {}
RESULT: {"text":"185"}
COMMAND: GET /session/e5a8226ea9fde889391201a3e7d107f2/screenshot - {}
RESULT: {}
RESULT: {}
COMMAND: POST /session/e5a8226ea9fde889391201a3e7d107f2/element - {"using":"xpath","value":"//li[.//span[text()='185']]"}
RESULT: {"using":"xpath","value":"//li[.//span[text()='185']]"}
COMMAND: POST /session/e5a8226ea9fde889391201a3e7d107f2/element/f.423FC243C8326C45B9AC14107F5D9156.d.BA3701FEE5F685B599316BB393851C44.e.4534/click - {}
RESULT: {}
COMMAND: GET /session/e5a8226ea9fde889391201a3e7d107f2/screenshot - {}
RESULT: {}
COMMAND: POST /session/e5a8226ea9fde889391201a3e7d107f2/element - {"using":"xpath","value":"(//span[contains(@id, \"-application-manageresources-display-component---newResourceUnit--RUTimeSegment-0-arrow\")])[2]"}
RESULT: {"using":"xpath","value":"(//span[contains(@id, \"-application-manageresources-display-component---newResourceUnit--RUTimeSegment-0-arrow\")])[2]"}
COMMAND: POST /session/e5a8226ea9fde889391201a3e7d107f2/element/f.423FC243C8326C45B9AC14107F5D9156.d.BA3701FEE5F685B599316BB393851C44.e.4535/click - {}
RESULT: {}
COMMAND: POST /session/e5a8226ea9fde889391201a3e7d107f2/element - {"using":"xpath","value":"//span[contains(text(), \"PM Order\")]"}
COMMAND: GET /session/e5a8226ea9fde889391201a3e7d107f2/screenshot - {}
RESULT: {"using":"xpath","value":"//span[contains(text(), \"PM Order\")]"}
COMMAND: POST /session/e5a8226ea9fde889391201a3e7d107f2/element/f.423FC243C8326C45B9AC14107F5D9156.d.BA3701FEE5F685B599316BB393851C44.e.4536/click - {}
RESULT: {}
RESULT: {}
COMMAND: GET /session/e5a8226ea9fde889391201a3e7d107f2/screenshot - {}
RESULT: {}
COMMAND: POST /session/e5a8226ea9fde889391201a3e7d107f2/element - {"using":"xpath","value":"//td/div/div/div/span[contains(@id, \"newResourceUnit--RUTimeSegment-0-vhi\")][1]"}
RESULT: {"using":"xpath","value":"//td/div/div/div/span[contains(@id, \"newResourceUnit--RUTimeSegment-0-vhi\")][1]"}
COMMAND: GET /session/e5a8226ea9fde889391201a3e7d107f2/element/f.423FC243C8326C45B9AC14107F5D9156.d.BA3701FEE5F685B599316BB393851C44.e.4540/rect - {}
RESULT: {}
COMMAND: GET /session/e5a8226ea9fde889391201a3e7d107f2/window/rect - {}
RESULT: {}
COMMAND: POST /session/e5a8226ea9fde889391201a3e7d107f2/execute/sync - {"script":"<script> [92 bytes]","args":[]}
RESULT: {"script":"<script> [92 bytes]","args":[]}
COMMAND: POST /session/e5a8226ea9fde889391201a3e7d107f2/actions - {"actions":[{"id":"action19","type":"wheel","parameters":{},"actions":[{"type":"scroll","x":-1888,"y":-24,"deltaX":0,"deltaY":0,"duration":0,"origin":{"element-6066-11e4-a52e-4f735466cecf":"f.423FC243C8326C45B9AC14107F5D9156.d.BA3701FEE5F685B599316BB393851C44.e.4540"}}]}]}
COMMAND: GET /session/e5a8226ea9fde889391201a3e7d107f2/screenshot - {}
RESULT: {}
COMMAND: POST /session/e5a8226ea9fde889391201a3e7d107f2/execute/sync - {"script":"<script> [79 bytes]","args":[{"element-6066-11e4-a52e-4f735466cecf":"f.423FC243C8326C45B9AC14107F5D9156.d.BA3701FEE5F685B599316BB393851C44.e.4540","ELEMENT":"f.423FC243C8326C45B9AC14107F5D9156.d.BA3701FEE5F685B599316BB393851C44.e.4540"},{"block":"start","inline":"nearest"}]}
RESULT: {"script":"<script> [79 bytes]","args":[{"element-6066-11e4-a52e-4f735466cecf":"f.423FC243C8326C45B9AC14107F5D9156.d.BA3701FEE5F685B599316BB393851C44.e.4540","ELEMENT":"f.423FC243C8326C45B9AC14107F5D9156.d.BA3701FEE5F685B599316BB393851C44.e.4540"},{"block":"start","inline":"nearest"}]}
COMMAND: GET /session/e5a8226ea9fde889391201a3e7d107f2/screenshot - {}
RESULT: {}
COMMAND: POST /session/e5a8226ea9fde889391201a3e7d107f2/element/f.423FC243C8326C45B9AC14107F5D9156.d.BA3701FEE5F685B599316BB393851C44.e.4540/click - {}
RESULT: {}
COMMAND: GET /session/e5a8226ea9fde889391201a3e7d107f2/screenshot - {}
RESULT: {}
COMMAND: POST /session/e5a8226ea9fde889391201a3e7d107f2/execute/async - {"script":"<script> [1562 bytes]","args":[{"selector":{"controlType":"sap.m.SearchField","properties":{"placeholder":"Search"},"searchOpenDialogs":true,"interaction":{"idSuffix":"I"}},"wdio_ui5_key":"sapm.SearchField{\"placeholder\":\"Search\"}"}]}
RESULT: {"script":"<script> [1562 bytes]","args":[{"selector":{"controlType":"sap.m.SearchField","properties":{"placeholder":"Search"},"searchOpenDialogs":true,"interaction":{"idSuffix":"I"}},"wdio_ui5_key":"sapm.SearchField{\"placeholder\":\"Search\"}"}]}
RESULT: undefined
COMMAND: POST /session/e5a8226ea9fde889391201a3e7d107f2/execute/async - {"script":"<script> [776 bytes]","args":[{"enterText":"4000360","selector":{"controlType":"sap.m.SearchField","properties":{"placeholder":"Search"},"searchOpenDialogs":true,"interaction":{"idSuffix":"I"}},"clearTextFirst":true,"interactionType":"ENTER_TEXT"}]}
RESULT: {"script":"<script> [776 bytes]","args":[{"enterText":"4000360","selector":{"controlType":"sap.m.SearchField","properties":{"placeholder":"Search"},"searchOpenDialogs":true,"interaction":{"idSuffix":"I"}},"clearTextFirst":true,"interactionType":"ENTER_TEXT"}]}
COMMAND: POST /session/e5a8226ea9fde889391201a3e7d107f2/actions - {"actions":[{"id":"action20","type":"key","parameters":{},"actions":[{"type":"keyDown","value":"î€‡"},{"type":"pause","duration":10},{"type":"keyUp","value":"î€‡"}]}]}
RESULT: {"actions":[{"id":"action20","type":"key","parameters":{},"actions":[{"type":"keyDown","value":"î€‡"},{"type":"pause","duration":10},{"type":"keyUp","value":"î€‡"}]}]}
COMMAND: GET /session/e5a8226ea9fde889391201a3e7d107f2/screenshot - {}
RESULT: {}
COMMAND: POST /session/e5a8226ea9fde889391201a3e7d107f2/element - {"using":"xpath","value":"//td/div/span[contains(text(), \"BGL Vehicles\")]"}
RESULT: {"using":"xpath","value":"//td/div/span[contains(text(), \"BGL Vehicles\")]"}
COMMAND: POST /session/e5a8226ea9fde889391201a3e7d107f2/element/f.423FC243C8326C45B9AC14107F5D9156.d.BA3701FEE5F685B599316BB393851C44.e.4562/click - {}
RESULT: {}
COMMAND: GET /session/e5a8226ea9fde889391201a3e7d107f2/screenshot - {}
RESULT: {}
COMMAND: POST /session/e5a8226ea9fde889391201a3e7d107f2/element - {"using":"xpath","value":"//bdi[contains(text(), \"OK\")]"}
RESULT: {"using":"xpath","value":"//bdi[contains(text(), \"OK\")]"}
COMMAND: POST /session/e5a8226ea9fde889391201a3e7d107f2/element/f.423FC243C8326C45B9AC14107F5D9156.d.BA3701FEE5F685B599316BB393851C44.e.4563/click - {}
RESULT: {}
COMMAND: GET /session/e5a8226ea9fde889391201a3e7d107f2/screenshot - {}
RESULT: {}
COMMAND: POST /session/e5a8226ea9fde889391201a3e7d107f2/element - {"using":"xpath","value":"//label[contains(@class, 'sapMLabelRequired') and .//bdi[contains(text(), 'Planned Retirement')]]"}
RESULT: {"using":"xpath","value":"//label[contains(@class, 'sapMLabelRequired') and .//bdi[contains(text(), 'Planned Retirement')]]"}
COMMAND: POST /session/e5a8226ea9fde889391201a3e7d107f2/elements - {"using":"xpath","value":"//label[contains(@class, 'sapMLabelRequired') and .//bdi[contains(text(), 'Planned Retirement')]]"}
RESULT: {"using":"xpath","value":"//label[contains(@class, 'sapMLabelRequired') and .//bdi[contains(text(), 'Planned Retirement')]]"}
COMMAND: POST /session/e5a8226ea9fde889391201a3e7d107f2/element - {"using":"xpath","value":"//button[@data-kt=\"resourceUnitSaveButton\"]"}
RESULT: {"using":"xpath","value":"//button[@data-kt=\"resourceUnitSaveButton\"]"}
COMMAND: POST /session/e5a8226ea9fde889391201a3e7d107f2/element/f.423FC243C8326C45B9AC14107F5D9156.d.BA3701FEE5F685B599316BB393851C44.e.4395/click - {}
RESULT: {}
COMMAND: GET /session/e5a8226ea9fde889391201a3e7d107f2/screenshot - {}
RESULT: {}
COMMAND: POST /session/e5a8226ea9fde889391201a3e7d107f2/element - {"using":"xpath","value":"//bdi[contains(text(), \"Close\")]"}
RESULT: {"using":"xpath","value":"//bdi[contains(text(), \"Close\")]"}
COMMAND: POST /session/e5a8226ea9fde889391201a3e7d107f2/element/f.423FC243C8326C45B9AC14107F5D9156.d.BA3701FEE5F685B599316BB393851C44.e.4569/click - {}
RESULT: {}
COMMAND: GET /session/e5a8226ea9fde889391201a3e7d107f2/screenshot - {}
RESULT: {}
COMMAND: POST /session/e5a8226ea9fde889391201a3e7d107f2/element - {"using":"xpath","value":"//header[contains(@id, 'detailRruPage-headerTitle')]/div[1]/div[2]/div[2]/span[1]"}
RESULT: {"using":"xpath","value":"//header[contains(@id, 'detailRruPage-headerTitle')]/div[1]/div[2]/div[2]/span[1]"}
COMMAND: POST /session/e5a8226ea9fde889391201a3e7d107f2/elements - {"using":"xpath","value":"//header[contains(@id, 'detailRruPage-headerTitle')]/div[1]/div[2]/div[2]/span[1]"}
RESULT: {"using":"xpath","value":"//header[contains(@id, 'detailRruPage-headerTitle')]/div[1]/div[2]/div[2]/span[1]"}
COMMAND: POST /session/e5a8226ea9fde889391201a3e7d107f2/execute/sync - {"script":"<script> [56 bytes]","args":[{"element-6066-11e4-a52e-4f735466cecf":"f.423FC243C8326C45B9AC14107F5D9156.d.BA3701FEE5F685B599316BB393851C44.e.4603","ELEMENT":"f.423FC243C8326C45B9AC14107F5D9156.d.BA3701FEE5F685B599316BB393851C44.e.4603"}]}
RESULT: {"script":"<script> [56 bytes]","args":[{"element-6066-11e4-a52e-4f735466cecf":"f.423FC243C8326C45B9AC14107F5D9156.d.BA3701FEE5F685B599316BB393851C44.e.4603","ELEMENT":"f.423FC243C8326C45B9AC14107F5D9156.d.BA3701FEE5F685B599316BB393851C44.e.4603"}]}
COMMAND: POST /session/e5a8226ea9fde889391201a3e7d107f2/element - {"using":"css selector","value":"#shell-header-logo"}
COMMAND: GET /session/e5a8226ea9fde889391201a3e7d107f2/screenshot - {}
RESULT: {"using":"css selector","value":"#shell-header-logo"}
COMMAND: POST /session/e5a8226ea9fde889391201a3e7d107f2/element/f.423FC243C8326C45B9AC14107F5D9156.d.BA3701FEE5F685B599316BB393851C44.e.4051/click - {}
RESULT: {}
RESULT: {}
COMMAND: GET /session/e5a8226ea9fde889391201a3e7d107f2/screenshot - {}
RESULT: {}
]]></system-out>
    </testcase>
    <testcase classname="chrome.137_0_7151_69.windows.Provide_to_Site_w/_warehouse_management_w/_clarification_US115878" name="Bin Status Report Should Create New Organization yard" time="0.003" />
    <testcase classname="chrome.137_0_7151_69.windows.Provide_to_Site_w/_warehouse_management_w/_clarification_US115878" name="Bin Status Report Should Create New Organization for Site" time="0.003" />
  </testsuite>
  <testsuite timestamp="2025-06-12T16:35:52" time="427.947" tests="6" failures="6" errors="6" skipped="0">
    <properties>
      <property name="specId" value="0" />
      <property name="suiteName" value="Provide to Site w/ warehouse management w clarification" />
      <property name="capabilities" value="chrome.137_0_7151_69.windows" />
      <property name="file" value="file:///D:/a/1/s/test/specs/HTR/provide-to-site-w-warehouse-w-clarification.spec.js" />
    </properties>
  </testsuite>
  <testsuite timestamp="2025-06-12T16:43:00" time="158.704" tests="6" failures="0" errors="0" skipped="0">
    <properties>
      <property name="specId" value="0" />
      <property name="suiteName" value="Provide to Site w/ warehouse management w/o clarification US113782 " />
      <property name="capabilities" value="chrome.137_0_7151_69.windows" />
      <property name="file" value="file:///D:/a/1/s/test/specs/HTR/provide-to-site-w-warehouse-wo-clarification.spec.js" />
    </properties>
    <testcase classname="chrome.137_0_7151_69.windows.Provide_to_Site_w/_warehouse_management_w/o_clarification_US113782_" name="Should create a new WHM yard" time="0.014">
      <system-out><![CDATA[
COMMAND: POST /session/e5a8226ea9fde889391201a3e7d107f2/window/fullscreen - {}
RESULT: {}
]]></system-out>
    </testcase>
    <testcase classname="chrome.137_0_7151_69.windows.Provide_to_Site_w/_warehouse_management_w/o_clarification_US113782_" name="Should create a new external WHM partner" time="0.002" />
    <testcase classname="chrome.137_0_7151_69.windows.Provide_to_Site_w/_warehouse_management_w/o_clarification_US113782_" name="Should create a new WHM site" time="0.002" />
    <testcase classname="chrome.137_0_7151_69.windows.Provide_to_Site_w/_warehouse_management_w/o_clarification_US113782_" name="Should create a new material" time="138.098">
      <system-out><![CDATA[
COMMAND: POST /session/e5a8226ea9fde889391201a3e7d107f2/execute/async - {"script":"<script> [1562 bytes]","args":[{"selector":{"controlType":"sap.m.GenericTile","properties":{"header":"Manage Resources"}},"wdio_ui5_key":"sapm.GenericTile{\"header\":\"Manage Resources\"}"}]}
RESULT: {"script":"<script> [1562 bytes]","args":[{"selector":{"controlType":"sap.m.GenericTile","properties":{"header":"Manage Resources"}},"wdio_ui5_key":"sapm.GenericTile{\"header\":\"Manage Resources\"}"}]}
RESULT: undefined
COMMAND: POST /session/e5a8226ea9fde889391201a3e7d107f2/element - {"using":"xpath","value":"//*[@id=\"__tile32\"]"}
RESULT: {"using":"xpath","value":"//*[@id=\"__tile32\"]"}
COMMAND: POST /session/e5a8226ea9fde889391201a3e7d107f2/element/f.423FC243C8326C45B9AC14107F5D9156.d.A533D9E6AC52E1F132D4A1769DB82F82.e.5238/click - {}
RESULT: {}
COMMAND: GET /session/e5a8226ea9fde889391201a3e7d107f2/screenshot - {}
RESULT: {}
COMMAND: POST /session/e5a8226ea9fde889391201a3e7d107f2/elements - {"using":"xpath","value":"//span[text()='Error']"}
RESULT: {"using":"xpath","value":"//span[text()='Error']"}
COMMAND: POST /session/e5a8226ea9fde889391201a3e7d107f2/element - {"using":"xpath","value":"//button[@data-kt=\"addNewRUOverflowToolbarButton\"]"}
RESULT: {"using":"xpath","value":"//button[@data-kt=\"addNewRUOverflowToolbarButton\"]"}
COMMAND: POST /session/e5a8226ea9fde889391201a3e7d107f2/elements - {"using":"xpath","value":"//button[@data-kt=\"addNewRUOverflowToolbarButton\"]"}
RESULT: {"using":"xpath","value":"//button[@data-kt=\"addNewRUOverflowToolbarButton\"]"}
COMMAND: POST /session/e5a8226ea9fde889391201a3e7d107f2/execute/sync - {"script":"<script> [8489 bytes]","args":[{"element-6066-11e4-a52e-4f735466cecf":"f.423FC243C8326C45B9AC14107F5D9156.d.A533D9E6AC52E1F132D4A1769DB82F82.e.5381","ELEMENT":"f.423FC243C8326C45B9AC14107F5D9156.d.A533D9E6AC52E1F132D4A1769DB82F82.e.5381"}]}
RESULT: {"script":"<script> [8489 bytes]","args":[{"element-6066-11e4-a52e-4f735466cecf":"f.423FC243C8326C45B9AC14107F5D9156.d.A533D9E6AC52E1F132D4A1769DB82F82.e.5381","ELEMENT":"f.423FC243C8326C45B9AC14107F5D9156.d.A533D9E6AC52E1F132D4A1769DB82F82.e.5381"}]}
COMMAND: GET /session/e5a8226ea9fde889391201a3e7d107f2/element/f.423FC243C8326C45B9AC14107F5D9156.d.A533D9E6AC52E1F132D4A1769DB82F82.e.5381/enabled - {}
COMMAND: GET /session/e5a8226ea9fde889391201a3e7d107f2/screenshot - {}
RESULT: {}
COMMAND: POST /session/e5a8226ea9fde889391201a3e7d107f2/execute/sync - {"script":"<script> [8489 bytes]","args":[{"element-6066-11e4-a52e-4f735466cecf":"f.423FC243C8326C45B9AC14107F5D9156.d.A533D9E6AC52E1F132D4A1769DB82F82.e.5381","ELEMENT":"f.423FC243C8326C45B9AC14107F5D9156.d.A533D9E6AC52E1F132D4A1769DB82F82.e.5381"}]}
COMMAND: GET /session/e5a8226ea9fde889391201a3e7d107f2/screenshot - {}
RESULT: {}
RESULT: {"script":"<script> [8489 bytes]","args":[{"element-6066-11e4-a52e-4f735466cecf":"f.423FC243C8326C45B9AC14107F5D9156.d.A533D9E6AC52E1F132D4A1769DB82F82.e.5381","ELEMENT":"f.423FC243C8326C45B9AC14107F5D9156.d.A533D9E6AC52E1F132D4A1769DB82F82.e.5381"}]}
COMMAND: POST /session/e5a8226ea9fde889391201a3e7d107f2/execute/sync - {"script":"<script> [5351 bytes]","args":[{"element-6066-11e4-a52e-4f735466cecf":"f.423FC243C8326C45B9AC14107F5D9156.d.A533D9E6AC52E1F132D4A1769DB82F82.e.5381","ELEMENT":"f.423FC243C8326C45B9AC14107F5D9156.d.A533D9E6AC52E1F132D4A1769DB82F82.e.5381"}]}
COMMAND: GET /session/e5a8226ea9fde889391201a3e7d107f2/screenshot - {}
RESULT: {}
RESULT: {"script":"<script> [5351 bytes]","args":[{"element-6066-11e4-a52e-4f735466cecf":"f.423FC243C8326C45B9AC14107F5D9156.d.A533D9E6AC52E1F132D4A1769DB82F82.e.5381","ELEMENT":"f.423FC243C8326C45B9AC14107F5D9156.d.A533D9E6AC52E1F132D4A1769DB82F82.e.5381"}]}
COMMAND: POST /session/e5a8226ea9fde889391201a3e7d107f2/element/f.423FC243C8326C45B9AC14107F5D9156.d.A533D9E6AC52E1F132D4A1769DB82F82.e.5381/click - {}
COMMAND: GET /session/e5a8226ea9fde889391201a3e7d107f2/screenshot - {}
RESULT: {}
RESULT: {}
COMMAND: GET /session/e5a8226ea9fde889391201a3e7d107f2/screenshot - {}
RESULT: {}
COMMAND: POST /session/e5a8226ea9fde889391201a3e7d107f2/execute/async - {"script":"<script> [1562 bytes]","args":[{"selector":{"id":"application-manageresources-display-component---newResourceUnit--TYPE-arrow"},"wdio_ui5_key":"applicationmanageresources-display-component---newResourceUnit--TYPE-arrow"}]}
RESULT: {}
RESULT: {"script":"<script> [1562 bytes]","args":[{"selector":{"id":"application-manageresources-display-component---newResourceUnit--TYPE-arrow"},"wdio_ui5_key":"applicationmanageresources-display-component---newResourceUnit--TYPE-arrow"}]}
RESULT: undefined
COMMAND: POST /session/e5a8226ea9fde889391201a3e7d107f2/element - {"using":"xpath","value":"//*[@id=\"application-manageresources-display-component---newResourceUnit--TYPE-arrow\"]"}
RESULT: {"using":"xpath","value":"//*[@id=\"application-manageresources-display-component---newResourceUnit--TYPE-arrow\"]"}
COMMAND: POST /session/e5a8226ea9fde889391201a3e7d107f2/element/f.423FC243C8326C45B9AC14107F5D9156.d.A533D9E6AC52E1F132D4A1769DB82F82.e.5727/click - {}
RESULT: {}
COMMAND: POST /session/e5a8226ea9fde889391201a3e7d107f2/element - {"using":"xpath","value":"//input[@id=\"application-manageresources-display-component---newResourceUnit--TYPE-inner\"]"}
COMMAND: GET /session/e5a8226ea9fde889391201a3e7d107f2/screenshot - {}
RESULT: {"using":"xpath","value":"//input[@id=\"application-manageresources-display-component---newResourceUnit--TYPE-inner\"]"}
COMMAND: POST /session/e5a8226ea9fde889391201a3e7d107f2/element/f.423FC243C8326C45B9AC14107F5D9156.d.A533D9E6AC52E1F132D4A1769DB82F82.e.5677/clear - {}
RESULT: {}
RESULT: {}
COMMAND: POST /session/e5a8226ea9fde889391201a3e7d107f2/element/f.423FC243C8326C45B9AC14107F5D9156.d.A533D9E6AC52E1F132D4A1769DB82F82.e.5677/value - {"text":"Material"}
COMMAND: GET /session/e5a8226ea9fde889391201a3e7d107f2/screenshot - {}
RESULT: {"text":"Material"}
COMMAND: GET /session/e5a8226ea9fde889391201a3e7d107f2/screenshot - {}
RESULT: {}
RESULT: {}
COMMAND: POST /session/e5a8226ea9fde889391201a3e7d107f2/actions - {"actions":[{"id":"action23","type":"key","parameters":{},"actions":[{"type":"keyDown","value":"î€‡"},{"type":"pause","duration":10},{"type":"keyUp","value":"î€‡"}]}]}
RESULT: undefined
RESULT: {"actions":[{"id":"action23","type":"key","parameters":{},"actions":[{"type":"keyDown","value":"î€‡"},{"type":"pause","duration":10},{"type":"keyUp","value":"î€‡"}]}]}
COMMAND: POST /session/e5a8226ea9fde889391201a3e7d107f2/execute/async - {"script":"<script> [1562 bytes]","args":[{"selector":{"id":"application-manageresources-display-component---newResourceUnit--SHORT_TEXT","interaction":{"idSuffix":"inner"}},"wdio_ui5_key":"applicationmanageresources-display-component---newResourceUnit--SHORT_TEXT"}]}
RESULT: undefined
COMMAND: GET /session/e5a8226ea9fde889391201a3e7d107f2/screenshot - {}
RESULT: {"script":"<script> [1562 bytes]","args":[{"selector":{"id":"application-manageresources-display-component---newResourceUnit--SHORT_TEXT","interaction":{"idSuffix":"inner"}},"wdio_ui5_key":"applicationmanageresources-display-component---newResourceUnit--SHORT_TEXT"}]}
RESULT: undefined
COMMAND: POST /session/e5a8226ea9fde889391201a3e7d107f2/execute/async - {"script":"<script> [776 bytes]","args":[{"enterText":"Cement WDIO","selector":{"id":"application-manageresources-display-component---newResourceUnit--SHORT_TEXT","interaction":{"idSuffix":"inner"}},"clearTextFirst":true,"interactionType":"ENTER_TEXT"}]}
RESULT: {}
RESULT: {"script":"<script> [776 bytes]","args":[{"enterText":"Cement WDIO","selector":{"id":"application-manageresources-display-component---newResourceUnit--SHORT_TEXT","interaction":{"idSuffix":"inner"}},"clearTextFirst":true,"interactionType":"ENTER_TEXT"}]}
COMMAND: POST /session/e5a8226ea9fde889391201a3e7d107f2/execute/async - {"script":"<script> [1562 bytes]","args":[{"selector":{"id":"application-manageresources-display-component---newResourceUnit--BASE_UNIT_OF_MEASURE","interaction":{"idSuffix":"inner"}},"wdio_ui5_key":"applicationmanageresources-display-component---newResourceUnit--BASE_UNIT_OF_MEASURE"}]}
RESULT: {"script":"<script> [1562 bytes]","args":[{"selector":{"id":"application-manageresources-display-component---newResourceUnit--BASE_UNIT_OF_MEASURE","interaction":{"idSuffix":"inner"}},"wdio_ui5_key":"applicationmanageresources-display-component---newResourceUnit--BASE_UNIT_OF_MEASURE"}]}
RESULT: undefined
COMMAND: POST /session/e5a8226ea9fde889391201a3e7d107f2/execute/async - {"script":"<script> [776 bytes]","args":[{"enterText":"Piece","selector":{"id":"application-manageresources-display-component---newResourceUnit--BASE_UNIT_OF_MEASURE","interaction":{"idSuffix":"inner"}},"clearTextFirst":true,"interactionType":"ENTER_TEXT"}]}
RESULT: {"script":"<script> [776 bytes]","args":[{"enterText":"Piece","selector":{"id":"application-manageresources-display-component---newResourceUnit--BASE_UNIT_OF_MEASURE","interaction":{"idSuffix":"inner"}},"clearTextFirst":true,"interactionType":"ENTER_TEXT"}]}
COMMAND: POST /session/e5a8226ea9fde889391201a3e7d107f2/execute/async - {"script":"<script> [1562 bytes]","args":[{"selector":{"id":"application-manageresources-display-component---newResourceUnit--WEIGHT_UNIT","interaction":{"idSuffix":"inner"}},"wdio_ui5_key":"applicationmanageresources-display-component---newResourceUnit--WEIGHT_UNIT"}]}
RESULT: {"script":"<script> [1562 bytes]","args":[{"selector":{"id":"application-manageresources-display-component---newResourceUnit--WEIGHT_UNIT","interaction":{"idSuffix":"inner"}},"wdio_ui5_key":"applicationmanageresources-display-component---newResourceUnit--WEIGHT_UNIT"}]}
RESULT: undefined
COMMAND: POST /session/e5a8226ea9fde889391201a3e7d107f2/execute/async - {"script":"<script> [776 bytes]","args":[{"enterText":"Gram","selector":{"id":"application-manageresources-display-component---newResourceUnit--WEIGHT_UNIT","interaction":{"idSuffix":"inner"}},"clearTextFirst":true,"interactionType":"ENTER_TEXT"}]}
RESULT: {"script":"<script> [776 bytes]","args":[{"enterText":"Gram","selector":{"id":"application-manageresources-display-component---newResourceUnit--WEIGHT_UNIT","interaction":{"idSuffix":"inner"}},"clearTextFirst":true,"interactionType":"ENTER_TEXT"}]}
COMMAND: POST /session/e5a8226ea9fde889391201a3e7d107f2/execute/async - {"script":"<script> [1562 bytes]","args":[{"selector":{"id":"application-manageresources-display-component---newResourceUnit--DIMENSION_UNIT","interaction":{"idSuffix":"inner"}},"wdio_ui5_key":"applicationmanageresources-display-component---newResourceUnit--DIMENSION_UNIT"}]}
RESULT: {"script":"<script> [1562 bytes]","args":[{"selector":{"id":"application-manageresources-display-component---newResourceUnit--DIMENSION_UNIT","interaction":{"idSuffix":"inner"}},"wdio_ui5_key":"applicationmanageresources-display-component---newResourceUnit--DIMENSION_UNIT"}]}
RESULT: undefined
COMMAND: POST /session/e5a8226ea9fde889391201a3e7d107f2/execute/async - {"script":"<script> [776 bytes]","args":[{"enterText":"Meter","selector":{"id":"application-manageresources-display-component---newResourceUnit--DIMENSION_UNIT","interaction":{"idSuffix":"inner"}},"clearTextFirst":true,"interactionType":"ENTER_TEXT"}]}
RESULT: {"script":"<script> [776 bytes]","args":[{"enterText":"Meter","selector":{"id":"application-manageresources-display-component---newResourceUnit--DIMENSION_UNIT","interaction":{"idSuffix":"inner"}},"clearTextFirst":true,"interactionType":"ENTER_TEXT"}]}
COMMAND: POST /session/e5a8226ea9fde889391201a3e7d107f2/execute/async - {"script":"<script> [1562 bytes]","args":[{"selector":{"id":"application-manageresources-display-component---newResourceUnit--newRRUPage-anchBar-application-manageresources-display-component---newResourceUnit--control-anchor","interaction":{"idSuffix":"BDI-content"}},"wdio_ui5_key":"applicationmanageresources-display-component---newResourceUnit--newRRUPage-anchBar-application-manageresources-display-component---newResourceUnit--control-anchor"}]}
RESULT: {"script":"<script> [1562 bytes]","args":[{"selector":{"id":"application-manageresources-display-component---newResourceUnit--newRRUPage-anchBar-application-manageresources-display-component---newResourceUnit--control-anchor","interaction":{"idSuffix":"BDI-content"}},"wdio_ui5_key":"applicationmanageresources-display-component---newResourceUnit--newRRUPage-anchBar-application-manageresources-display-component---newResourceUnit--control-anchor"}]}
RESULT: undefined
COMMAND: POST /session/e5a8226ea9fde889391201a3e7d107f2/element - {"using":"xpath","value":"//*[@id=\"application-manageresources-display-component---newResourceUnit--newRRUPage-anchBar-application-manageresources-display-component---newResourceUnit--control-anchor\"]"}
RESULT: {"using":"xpath","value":"//*[@id=\"application-manageresources-display-component---newResourceUnit--newRRUPage-anchBar-application-manageresources-display-component---newResourceUnit--control-anchor\"]"}
COMMAND: POST /session/e5a8226ea9fde889391201a3e7d107f2/element/f.423FC243C8326C45B9AC14107F5D9156.d.A533D9E6AC52E1F132D4A1769DB82F82.e.5861/click - {}
RESULT: {}
COMMAND: POST /session/e5a8226ea9fde889391201a3e7d107f2/execute/async - {"script":"<script> [1562 bytes]","args":[{"selector":{"id":"application-manageresources-display-component---newResourceUnit--PLANNING_GROUP","interaction":{"idSuffix":"inner"}},"wdio_ui5_key":"applicationmanageresources-display-component---newResourceUnit--PLANNING_GROUP"}]}
COMMAND: GET /session/e5a8226ea9fde889391201a3e7d107f2/screenshot - {}
RESULT: {"script":"<script> [1562 bytes]","args":[{"selector":{"id":"application-manageresources-display-component---newResourceUnit--PLANNING_GROUP","interaction":{"idSuffix":"inner"}},"wdio_ui5_key":"applicationmanageresources-display-component---newResourceUnit--PLANNING_GROUP"}]}
RESULT: undefined
COMMAND: POST /session/e5a8226ea9fde889391201a3e7d107f2/execute/async - {"script":"<script> [776 bytes]","args":[{"enterText":"Material","selector":{"id":"application-manageresources-display-component---newResourceUnit--PLANNING_GROUP","interaction":{"idSuffix":"inner"}},"clearTextFirst":true,"interactionType":"ENTER_TEXT"}]}
RESULT: {}
RESULT: {"script":"<script> [776 bytes]","args":[{"enterText":"Material","selector":{"id":"application-manageresources-display-component---newResourceUnit--PLANNING_GROUP","interaction":{"idSuffix":"inner"}},"clearTextFirst":true,"interactionType":"ENTER_TEXT"}]}
COMMAND: POST /session/e5a8226ea9fde889391201a3e7d107f2/execute/async - {"script":"<script> [1562 bytes]","args":[{"selector":{"id":"application-manageresources-display-component---newResourceUnit--PLANNING_INDICATOR","interaction":{"idSuffix":"inner"}},"wdio_ui5_key":"applicationmanageresources-display-component---newResourceUnit--PLANNING_INDICATOR"}]}
RESULT: {"script":"<script> [1562 bytes]","args":[{"selector":{"id":"application-manageresources-display-component---newResourceUnit--PLANNING_INDICATOR","interaction":{"idSuffix":"inner"}},"wdio_ui5_key":"applicationmanageresources-display-component---newResourceUnit--PLANNING_INDICATOR"}]}
RESULT: undefined
COMMAND: POST /session/e5a8226ea9fde889391201a3e7d107f2/execute/async - {"script":"<script> [776 bytes]","args":[{"enterText":"10 - infinite","selector":{"id":"application-manageresources-display-component---newResourceUnit--PLANNING_INDICATOR","interaction":{"idSuffix":"inner"}},"clearTextFirst":true,"interactionType":"ENTER_TEXT"}]}
RESULT: {"script":"<script> [776 bytes]","args":[{"enterText":"10 - infinite","selector":{"id":"application-manageresources-display-component---newResourceUnit--PLANNING_INDICATOR","interaction":{"idSuffix":"inner"}},"clearTextFirst":true,"interactionType":"ENTER_TEXT"}]}
COMMAND: POST /session/e5a8226ea9fde889391201a3e7d107f2/element - {"using":"css selector","value":"#application-manageresources-display-component---newResourceUnit--btnAddTimeSegment"}
RESULT: {"using":"css selector","value":"#application-manageresources-display-component---newResourceUnit--btnAddTimeSegment"}
COMMAND: GET /session/e5a8226ea9fde889391201a3e7d107f2/element/f.423FC243C8326C45B9AC14107F5D9156.d.A533D9E6AC52E1F132D4A1769DB82F82.e.5869/rect - {}
RESULT: {}
COMMAND: GET /session/e5a8226ea9fde889391201a3e7d107f2/window/rect - {}
RESULT: {}
COMMAND: POST /session/e5a8226ea9fde889391201a3e7d107f2/execute/sync - {"script":"<script> [92 bytes]","args":[]}
RESULT: {"script":"<script> [92 bytes]","args":[]}
COMMAND: POST /session/e5a8226ea9fde889391201a3e7d107f2/actions - {"actions":[{"id":"action24","type":"wheel","parameters":{},"actions":[{"type":"scroll","x":-1888,"y":-32,"deltaX":0,"deltaY":0,"duration":0,"origin":{"element-6066-11e4-a52e-4f735466cecf":"f.423FC243C8326C45B9AC14107F5D9156.d.A533D9E6AC52E1F132D4A1769DB82F82.e.5869"}}]}]}
COMMAND: GET /session/e5a8226ea9fde889391201a3e7d107f2/screenshot - {}
RESULT: {}
COMMAND: POST /session/e5a8226ea9fde889391201a3e7d107f2/execute/sync - {"script":"<script> [79 bytes]","args":[{"element-6066-11e4-a52e-4f735466cecf":"f.423FC243C8326C45B9AC14107F5D9156.d.A533D9E6AC52E1F132D4A1769DB82F82.e.5869","ELEMENT":"f.423FC243C8326C45B9AC14107F5D9156.d.A533D9E6AC52E1F132D4A1769DB82F82.e.5869"},{"block":"start","inline":"nearest"}]}
RESULT: {"script":"<script> [79 bytes]","args":[{"element-6066-11e4-a52e-4f735466cecf":"f.423FC243C8326C45B9AC14107F5D9156.d.A533D9E6AC52E1F132D4A1769DB82F82.e.5869","ELEMENT":"f.423FC243C8326C45B9AC14107F5D9156.d.A533D9E6AC52E1F132D4A1769DB82F82.e.5869"},{"block":"start","inline":"nearest"}]}
COMMAND: POST /session/e5a8226ea9fde889391201a3e7d107f2/execute/async - {"script":"<script> [1562 bytes]","args":[{"selector":{"id":"application-manageresources-display-component---newResourceUnit--btnAddTimeSegment","interaction":{"idSuffix":"inner"}},"wdio_ui5_key":"applicationmanageresources-display-component---newResourceUnit--btnAddTimeSegment"}]}
COMMAND: GET /session/e5a8226ea9fde889391201a3e7d107f2/screenshot - {}
RESULT: {"script":"<script> [1562 bytes]","args":[{"selector":{"id":"application-manageresources-display-component---newResourceUnit--btnAddTimeSegment","interaction":{"idSuffix":"inner"}},"wdio_ui5_key":"applicationmanageresources-display-component---newResourceUnit--btnAddTimeSegment"}]}
RESULT: undefined
COMMAND: POST /session/e5a8226ea9fde889391201a3e7d107f2/element - {"using":"xpath","value":"//*[@id=\"application-manageresources-display-component---newResourceUnit--btnAddTimeSegment\"]"}
RESULT: {}
RESULT: {"using":"xpath","value":"//*[@id=\"application-manageresources-display-component---newResourceUnit--btnAddTimeSegment\"]"}
COMMAND: POST /session/e5a8226ea9fde889391201a3e7d107f2/element/f.423FC243C8326C45B9AC14107F5D9156.d.A533D9E6AC52E1F132D4A1769DB82F82.e.5869/click - {}
RESULT: {}
COMMAND: GET /session/e5a8226ea9fde889391201a3e7d107f2/screenshot - {}
RESULT: {}
COMMAND: POST /session/e5a8226ea9fde889391201a3e7d107f2/element - {"using":"xpath","value":"//input[@id=\"application-manageresources-display-component---newResourceUnit--idRuTSAdmin-application-manageresources-display-component---newResourceUnit--RUTimeSegment-0-inner\"]"}
RESULT: {"using":"xpath","value":"//input[@id=\"application-manageresources-display-component---newResourceUnit--idRuTSAdmin-application-manageresources-display-component---newResourceUnit--RUTimeSegment-0-inner\"]"}
COMMAND: POST /session/e5a8226ea9fde889391201a3e7d107f2/element/f.423FC243C8326C45B9AC14107F5D9156.d.A533D9E6AC52E1F132D4A1769DB82F82.e.5874/clear - {}
RESULT: {}
COMMAND: POST /session/e5a8226ea9fde889391201a3e7d107f2/element/f.423FC243C8326C45B9AC14107F5D9156.d.A533D9E6AC52E1F132D4A1769DB82F82.e.5874/value - {"text":"185"}
COMMAND: GET /session/e5a8226ea9fde889391201a3e7d107f2/screenshot - {}
RESULT: {"text":"185"}
COMMAND: GET /session/e5a8226ea9fde889391201a3e7d107f2/screenshot - {}
RESULT: {}
RESULT: {}
COMMAND: POST /session/e5a8226ea9fde889391201a3e7d107f2/element - {"using":"xpath","value":"//li[.//span[text()='185']]"}
RESULT: {"using":"xpath","value":"//li[.//span[text()='185']]"}
COMMAND: POST /session/e5a8226ea9fde889391201a3e7d107f2/element/f.423FC243C8326C45B9AC14107F5D9156.d.A533D9E6AC52E1F132D4A1769DB82F82.e.5883/click - {}
RESULT: {}
COMMAND: GET /session/e5a8226ea9fde889391201a3e7d107f2/screenshot - {}
RESULT: {}
COMMAND: POST /session/e5a8226ea9fde889391201a3e7d107f2/element - {"using":"xpath","value":"(//span[contains(@id, \"-application-manageresources-display-component---newResourceUnit--RUTimeSegment-0-arrow\")])[2]"}
RESULT: {"using":"xpath","value":"(//span[contains(@id, \"-application-manageresources-display-component---newResourceUnit--RUTimeSegment-0-arrow\")])[2]"}
COMMAND: POST /session/e5a8226ea9fde889391201a3e7d107f2/element/f.423FC243C8326C45B9AC14107F5D9156.d.A533D9E6AC52E1F132D4A1769DB82F82.e.5884/click - {}
RESULT: {}
COMMAND: POST /session/e5a8226ea9fde889391201a3e7d107f2/element - {"using":"xpath","value":"//span[contains(text(), \"PM Order\")]"}
COMMAND: GET /session/e5a8226ea9fde889391201a3e7d107f2/screenshot - {}
RESULT: {"using":"xpath","value":"//span[contains(text(), \"PM Order\")]"}
COMMAND: POST /session/e5a8226ea9fde889391201a3e7d107f2/element/f.423FC243C8326C45B9AC14107F5D9156.d.A533D9E6AC52E1F132D4A1769DB82F82.e.5885/click - {}
RESULT: {}
RESULT: {}
COMMAND: GET /session/e5a8226ea9fde889391201a3e7d107f2/screenshot - {}
RESULT: {}
COMMAND: POST /session/e5a8226ea9fde889391201a3e7d107f2/element - {"using":"xpath","value":"//td/div/div/div/span[contains(@id, \"newResourceUnit--RUTimeSegment-0-vhi\")][1]"}
RESULT: {"using":"xpath","value":"//td/div/div/div/span[contains(@id, \"newResourceUnit--RUTimeSegment-0-vhi\")][1]"}
COMMAND: GET /session/e5a8226ea9fde889391201a3e7d107f2/element/f.423FC243C8326C45B9AC14107F5D9156.d.A533D9E6AC52E1F132D4A1769DB82F82.e.5889/rect - {}
RESULT: {}
COMMAND: GET /session/e5a8226ea9fde889391201a3e7d107f2/window/rect - {}
RESULT: {}
COMMAND: POST /session/e5a8226ea9fde889391201a3e7d107f2/execute/sync - {"script":"<script> [92 bytes]","args":[]}
RESULT: {"script":"<script> [92 bytes]","args":[]}
COMMAND: POST /session/e5a8226ea9fde889391201a3e7d107f2/actions - {"actions":[{"id":"action25","type":"wheel","parameters":{},"actions":[{"type":"scroll","x":-1888,"y":-24,"deltaX":0,"deltaY":0,"duration":0,"origin":{"element-6066-11e4-a52e-4f735466cecf":"f.423FC243C8326C45B9AC14107F5D9156.d.A533D9E6AC52E1F132D4A1769DB82F82.e.5889"}}]}]}
COMMAND: GET /session/e5a8226ea9fde889391201a3e7d107f2/screenshot - {}
RESULT: {}
COMMAND: POST /session/e5a8226ea9fde889391201a3e7d107f2/execute/sync - {"script":"<script> [79 bytes]","args":[{"element-6066-11e4-a52e-4f735466cecf":"f.423FC243C8326C45B9AC14107F5D9156.d.A533D9E6AC52E1F132D4A1769DB82F82.e.5889","ELEMENT":"f.423FC243C8326C45B9AC14107F5D9156.d.A533D9E6AC52E1F132D4A1769DB82F82.e.5889"},{"block":"start","inline":"nearest"}]}
RESULT: {"script":"<script> [79 bytes]","args":[{"element-6066-11e4-a52e-4f735466cecf":"f.423FC243C8326C45B9AC14107F5D9156.d.A533D9E6AC52E1F132D4A1769DB82F82.e.5889","ELEMENT":"f.423FC243C8326C45B9AC14107F5D9156.d.A533D9E6AC52E1F132D4A1769DB82F82.e.5889"},{"block":"start","inline":"nearest"}]}
COMMAND: GET /session/e5a8226ea9fde889391201a3e7d107f2/screenshot - {}
RESULT: {}
COMMAND: POST /session/e5a8226ea9fde889391201a3e7d107f2/element/f.423FC243C8326C45B9AC14107F5D9156.d.A533D9E6AC52E1F132D4A1769DB82F82.e.5889/click - {}
RESULT: {}
COMMAND: GET /session/e5a8226ea9fde889391201a3e7d107f2/screenshot - {}
RESULT: {}
COMMAND: POST /session/e5a8226ea9fde889391201a3e7d107f2/execute/async - {"script":"<script> [1562 bytes]","args":[{"selector":{"controlType":"sap.m.SearchField","properties":{"placeholder":"Search"},"searchOpenDialogs":true,"interaction":{"idSuffix":"I"}},"wdio_ui5_key":"sapm.SearchField{\"placeholder\":\"Search\"}"}]}
RESULT: {"script":"<script> [1562 bytes]","args":[{"selector":{"controlType":"sap.m.SearchField","properties":{"placeholder":"Search"},"searchOpenDialogs":true,"interaction":{"idSuffix":"I"}},"wdio_ui5_key":"sapm.SearchField{\"placeholder\":\"Search\"}"}]}
RESULT: undefined
COMMAND: POST /session/e5a8226ea9fde889391201a3e7d107f2/execute/async - {"script":"<script> [776 bytes]","args":[{"enterText":"4000360","selector":{"controlType":"sap.m.SearchField","properties":{"placeholder":"Search"},"searchOpenDialogs":true,"interaction":{"idSuffix":"I"}},"clearTextFirst":true,"interactionType":"ENTER_TEXT"}]}
RESULT: {"script":"<script> [776 bytes]","args":[{"enterText":"4000360","selector":{"controlType":"sap.m.SearchField","properties":{"placeholder":"Search"},"searchOpenDialogs":true,"interaction":{"idSuffix":"I"}},"clearTextFirst":true,"interactionType":"ENTER_TEXT"}]}
COMMAND: POST /session/e5a8226ea9fde889391201a3e7d107f2/actions - {"actions":[{"id":"action26","type":"key","parameters":{},"actions":[{"type":"keyDown","value":"î€‡"},{"type":"pause","duration":10},{"type":"keyUp","value":"î€‡"}]}]}
RESULT: {"actions":[{"id":"action26","type":"key","parameters":{},"actions":[{"type":"keyDown","value":"î€‡"},{"type":"pause","duration":10},{"type":"keyUp","value":"î€‡"}]}]}
COMMAND: GET /session/e5a8226ea9fde889391201a3e7d107f2/screenshot - {}
RESULT: {}
COMMAND: POST /session/e5a8226ea9fde889391201a3e7d107f2/element - {"using":"xpath","value":"//td/div/span[contains(text(), \"BGL Vehicles\")]"}
RESULT: {"using":"xpath","value":"//td/div/span[contains(text(), \"BGL Vehicles\")]"}
COMMAND: POST /session/e5a8226ea9fde889391201a3e7d107f2/element/f.423FC243C8326C45B9AC14107F5D9156.d.A533D9E6AC52E1F132D4A1769DB82F82.e.5910/click - {}
RESULT: {}
COMMAND: GET /session/e5a8226ea9fde889391201a3e7d107f2/screenshot - {}
RESULT: {}
COMMAND: POST /session/e5a8226ea9fde889391201a3e7d107f2/element - {"using":"xpath","value":"//bdi[contains(text(), \"OK\")]"}
RESULT: {"using":"xpath","value":"//bdi[contains(text(), \"OK\")]"}
COMMAND: POST /session/e5a8226ea9fde889391201a3e7d107f2/element/f.423FC243C8326C45B9AC14107F5D9156.d.A533D9E6AC52E1F132D4A1769DB82F82.e.5911/click - {}
RESULT: {}
COMMAND: GET /session/e5a8226ea9fde889391201a3e7d107f2/screenshot - {}
RESULT: {}
COMMAND: POST /session/e5a8226ea9fde889391201a3e7d107f2/element - {"using":"xpath","value":"//label[contains(@class, 'sapMLabelRequired') and .//bdi[contains(text(), 'Planned Retirement')]]"}
RESULT: {"using":"xpath","value":"//label[contains(@class, 'sapMLabelRequired') and .//bdi[contains(text(), 'Planned Retirement')]]"}
COMMAND: POST /session/e5a8226ea9fde889391201a3e7d107f2/elements - {"using":"xpath","value":"//label[contains(@class, 'sapMLabelRequired') and .//bdi[contains(text(), 'Planned Retirement')]]"}
RESULT: {"using":"xpath","value":"//label[contains(@class, 'sapMLabelRequired') and .//bdi[contains(text(), 'Planned Retirement')]]"}
COMMAND: POST /session/e5a8226ea9fde889391201a3e7d107f2/element - {"using":"xpath","value":"//button[@data-kt=\"resourceUnitSaveButton\"]"}
RESULT: {"using":"xpath","value":"//button[@data-kt=\"resourceUnitSaveButton\"]"}
COMMAND: POST /session/e5a8226ea9fde889391201a3e7d107f2/element/f.423FC243C8326C45B9AC14107F5D9156.d.A533D9E6AC52E1F132D4A1769DB82F82.e.5745/click - {}
RESULT: {}
COMMAND: GET /session/e5a8226ea9fde889391201a3e7d107f2/screenshot - {}
RESULT: {}
COMMAND: POST /session/e5a8226ea9fde889391201a3e7d107f2/element - {"using":"xpath","value":"//bdi[contains(text(), \"Close\")]"}
RESULT: {"using":"xpath","value":"//bdi[contains(text(), \"Close\")]"}
COMMAND: POST /session/e5a8226ea9fde889391201a3e7d107f2/element/f.423FC243C8326C45B9AC14107F5D9156.d.A533D9E6AC52E1F132D4A1769DB82F82.e.5918/click - {}
RESULT: {}
COMMAND: GET /session/e5a8226ea9fde889391201a3e7d107f2/screenshot - {}
RESULT: {}
COMMAND: POST /session/e5a8226ea9fde889391201a3e7d107f2/element - {"using":"xpath","value":"//header[contains(@id, 'detailRruPage-headerTitle')]/div[1]/div[2]/div[2]/span[1]"}
RESULT: {"using":"xpath","value":"//header[contains(@id, 'detailRruPage-headerTitle')]/div[1]/div[2]/div[2]/span[1]"}
COMMAND: POST /session/e5a8226ea9fde889391201a3e7d107f2/elements - {"using":"xpath","value":"//header[contains(@id, 'detailRruPage-headerTitle')]/div[1]/div[2]/div[2]/span[1]"}
RESULT: {"using":"xpath","value":"//header[contains(@id, 'detailRruPage-headerTitle')]/div[1]/div[2]/div[2]/span[1]"}
COMMAND: POST /session/e5a8226ea9fde889391201a3e7d107f2/execute/sync - {"script":"<script> [56 bytes]","args":[{"element-6066-11e4-a52e-4f735466cecf":"f.423FC243C8326C45B9AC14107F5D9156.d.A533D9E6AC52E1F132D4A1769DB82F82.e.5957","ELEMENT":"f.423FC243C8326C45B9AC14107F5D9156.d.A533D9E6AC52E1F132D4A1769DB82F82.e.5957"}]}
RESULT: {"script":"<script> [56 bytes]","args":[{"element-6066-11e4-a52e-4f735466cecf":"f.423FC243C8326C45B9AC14107F5D9156.d.A533D9E6AC52E1F132D4A1769DB82F82.e.5957","ELEMENT":"f.423FC243C8326C45B9AC14107F5D9156.d.A533D9E6AC52E1F132D4A1769DB82F82.e.5957"}]}
COMMAND: POST /session/e5a8226ea9fde889391201a3e7d107f2/element - {"using":"css selector","value":"#shell-header-logo"}
COMMAND: GET /session/e5a8226ea9fde889391201a3e7d107f2/screenshot - {}
RESULT: {"using":"css selector","value":"#shell-header-logo"}
COMMAND: POST /session/e5a8226ea9fde889391201a3e7d107f2/element/f.423FC243C8326C45B9AC14107F5D9156.d.A533D9E6AC52E1F132D4A1769DB82F82.e.5219/click - {}
RESULT: {}
RESULT: {}
COMMAND: GET /session/e5a8226ea9fde889391201a3e7d107f2/screenshot - {}
RESULT: {}
]]></system-out>
    </testcase>
    <testcase classname="chrome.137_0_7151_69.windows.Provide_to_Site_w/_warehouse_management_w/o_clarification_US113782_" name="Bin Status Report Should Create New Organization yard" time="0.003" />
    <testcase classname="chrome.137_0_7151_69.windows.Provide_to_Site_w/_warehouse_management_w/o_clarification_US113782_" name="Bin Status Report Should Create New Organization for Site" time="0.002" />
  </testsuite>
  <testsuite timestamp="2025-06-12T16:45:39" time="295.059" tests="5" failures="5" errors="5" skipped="0">
    <properties>
      <property name="specId" value="0" />
      <property name="suiteName" value="Provide to Site w/ warehouse management wo clarification" />
      <property name="capabilities" value="chrome.137_0_7151_69.windows" />
      <property name="file" value="file:///D:/a/1/s/test/specs/HTR/provide-to-site-w-warehouse-wo-clarification.spec.js" />
    </properties>
  </testsuite>
  <testsuite timestamp="2025-06-12T16:50:34" time="460.711" tests="4" failures="0" errors="0" skipped="0">
    <properties>
      <property name="specId" value="0" />
      <property name="suiteName" value="Provide to Site w/o warehouse management w/ clarification US116605" />
      <property name="capabilities" value="chrome.137_0_7151_69.windows" />
      <property name="file" value="file:///D:/a/1/s/test/specs/HTR/provide-to-site-wo-warehouse-w-clarification.spec.js" />
    </properties>
    <testcase classname="chrome.137_0_7151_69.windows.Provide_to_Site_w/o_warehouse_management_w/_clarification_US116605" name="Should create a new yard" time="115.08">
      <system-out><![CDATA[
COMMAND: POST /session/e5a8226ea9fde889391201a3e7d107f2/window/fullscreen - {}
RESULT: {}
COMMAND: POST /session/e5a8226ea9fde889391201a3e7d107f2/execute/async - {"script":"<script> [1562 bytes]","args":[{"selector":{"controlType":"sap.m.GenericTile","properties":{"header":"Manage Yards"}},"wdio_ui5_key":"sapm.GenericTile{\"header\":\"Manage Yards\"}"}]}
RESULT: {"script":"<script> [1562 bytes]","args":[{"selector":{"controlType":"sap.m.GenericTile","properties":{"header":"Manage Yards"}},"wdio_ui5_key":"sapm.GenericTile{\"header\":\"Manage Yards\"}"}]}
RESULT: undefined
COMMAND: POST /session/e5a8226ea9fde889391201a3e7d107f2/element - {"using":"xpath","value":"//*[@id=\"__tile34\"]"}
RESULT: {"using":"xpath","value":"//*[@id=\"__tile34\"]"}
COMMAND: POST /session/e5a8226ea9fde889391201a3e7d107f2/element/f.423FC243C8326C45B9AC14107F5D9156.d.AE5093C5F4E0347ECCFBD1F8122C5F49.e.6599/click - {}
RESULT: {}
COMMAND: GET /session/e5a8226ea9fde889391201a3e7d107f2/screenshot - {}
RESULT: {}
COMMAND: POST /session/e5a8226ea9fde889391201a3e7d107f2/elements - {"using":"xpath","value":"//span[text()='Error']"}
RESULT: {"using":"xpath","value":"//span[text()='Error']"}
COMMAND: POST /session/e5a8226ea9fde889391201a3e7d107f2/element - {"using":"xpath","value":"//button[@data-kt=\"addNewYardOverflowToolbarButton\"]"}
RESULT: {"using":"xpath","value":"//button[@data-kt=\"addNewYardOverflowToolbarButton\"]"}
COMMAND: POST /session/e5a8226ea9fde889391201a3e7d107f2/elements - {"using":"xpath","value":"//button[@data-kt=\"addNewYardOverflowToolbarButton\"]"}
RESULT: {"using":"xpath","value":"//button[@data-kt=\"addNewYardOverflowToolbarButton\"]"}
COMMAND: POST /session/e5a8226ea9fde889391201a3e7d107f2/execute/sync - {"script":"<script> [8489 bytes]","args":[{"element-6066-11e4-a52e-4f735466cecf":"f.423FC243C8326C45B9AC14107F5D9156.d.AE5093C5F4E0347ECCFBD1F8122C5F49.e.6728","ELEMENT":"f.423FC243C8326C45B9AC14107F5D9156.d.AE5093C5F4E0347ECCFBD1F8122C5F49.e.6728"}]}
RESULT: {"script":"<script> [8489 bytes]","args":[{"element-6066-11e4-a52e-4f735466cecf":"f.423FC243C8326C45B9AC14107F5D9156.d.AE5093C5F4E0347ECCFBD1F8122C5F49.e.6728","ELEMENT":"f.423FC243C8326C45B9AC14107F5D9156.d.AE5093C5F4E0347ECCFBD1F8122C5F49.e.6728"}]}
COMMAND: GET /session/e5a8226ea9fde889391201a3e7d107f2/element/f.423FC243C8326C45B9AC14107F5D9156.d.AE5093C5F4E0347ECCFBD1F8122C5F49.e.6728/enabled - {}
COMMAND: GET /session/e5a8226ea9fde889391201a3e7d107f2/screenshot - {}
RESULT: {}
COMMAND: POST /session/e5a8226ea9fde889391201a3e7d107f2/execute/sync - {"script":"<script> [8489 bytes]","args":[{"element-6066-11e4-a52e-4f735466cecf":"f.423FC243C8326C45B9AC14107F5D9156.d.AE5093C5F4E0347ECCFBD1F8122C5F49.e.6728","ELEMENT":"f.423FC243C8326C45B9AC14107F5D9156.d.AE5093C5F4E0347ECCFBD1F8122C5F49.e.6728"}]}
COMMAND: GET /session/e5a8226ea9fde889391201a3e7d107f2/screenshot - {}
RESULT: {}
RESULT: {"script":"<script> [8489 bytes]","args":[{"element-6066-11e4-a52e-4f735466cecf":"f.423FC243C8326C45B9AC14107F5D9156.d.AE5093C5F4E0347ECCFBD1F8122C5F49.e.6728","ELEMENT":"f.423FC243C8326C45B9AC14107F5D9156.d.AE5093C5F4E0347ECCFBD1F8122C5F49.e.6728"}]}
COMMAND: POST /session/e5a8226ea9fde889391201a3e7d107f2/execute/sync - {"script":"<script> [5351 bytes]","args":[{"element-6066-11e4-a52e-4f735466cecf":"f.423FC243C8326C45B9AC14107F5D9156.d.AE5093C5F4E0347ECCFBD1F8122C5F49.e.6728","ELEMENT":"f.423FC243C8326C45B9AC14107F5D9156.d.AE5093C5F4E0347ECCFBD1F8122C5F49.e.6728"}]}
COMMAND: GET /session/e5a8226ea9fde889391201a3e7d107f2/screenshot - {}
RESULT: {}
RESULT: {"script":"<script> [5351 bytes]","args":[{"element-6066-11e4-a52e-4f735466cecf":"f.423FC243C8326C45B9AC14107F5D9156.d.AE5093C5F4E0347ECCFBD1F8122C5F49.e.6728","ELEMENT":"f.423FC243C8326C45B9AC14107F5D9156.d.AE5093C5F4E0347ECCFBD1F8122C5F49.e.6728"}]}
COMMAND: POST /session/e5a8226ea9fde889391201a3e7d107f2/element/f.423FC243C8326C45B9AC14107F5D9156.d.AE5093C5F4E0347ECCFBD1F8122C5F49.e.6728/click - {}
COMMAND: GET /session/e5a8226ea9fde889391201a3e7d107f2/screenshot - {}
RESULT: {}
RESULT: {}
COMMAND: GET /session/e5a8226ea9fde889391201a3e7d107f2/screenshot - {}
RESULT: {}
COMMAND: POST /session/e5a8226ea9fde889391201a3e7d107f2/element - {"using":"xpath","value":"//input[@id=\"application-manageyards-display-component---NewYard--yardId-inner\"]"}
RESULT: {}
RESULT: {"using":"xpath","value":"//input[@id=\"application-manageyards-display-component---NewYard--yardId-inner\"]"}
COMMAND: POST /session/e5a8226ea9fde889391201a3e7d107f2/element - {"using":"xpath","value":"//input[@id=\"application-manageyards-display-component---NewYard--yardId-inner\"]"}
RESULT: {"using":"xpath","value":"//input[@id=\"application-manageyards-display-component---NewYard--yardId-inner\"]"}
COMMAND: POST /session/e5a8226ea9fde889391201a3e7d107f2/execute/async - {"script":"<script> [1562 bytes]","args":[{"selector":{"id":"application-manageyards-display-component---NewYard--addressDetailDetailsName1","interaction":{"idSuffix":"inner"}},"wdio_ui5_key":"applicationmanageyards-display-component---NewYard--addressDetailDetailsName1"}]}
RESULT: {"script":"<script> [1562 bytes]","args":[{"selector":{"id":"application-manageyards-display-component---NewYard--addressDetailDetailsName1","interaction":{"idSuffix":"inner"}},"wdio_ui5_key":"applicationmanageyards-display-component---NewYard--addressDetailDetailsName1"}]}
RESULT: undefined
COMMAND: POST /session/e5a8226ea9fde889391201a3e7d107f2/execute/async - {"script":"<script> [776 bytes]","args":[{"enterText":"Other Yard WDIO","selector":{"id":"application-manageyards-display-component---NewYard--addressDetailDetailsName1","interaction":{"idSuffix":"inner"}},"clearTextFirst":true,"interactionType":"ENTER_TEXT"}]}
RESULT: {"script":"<script> [776 bytes]","args":[{"enterText":"Other Yard WDIO","selector":{"id":"application-manageyards-display-component---NewYard--addressDetailDetailsName1","interaction":{"idSuffix":"inner"}},"clearTextFirst":true,"interactionType":"ENTER_TEXT"}]}
COMMAND: POST /session/e5a8226ea9fde889391201a3e7d107f2/execute/async - {"script":"<script> [1562 bytes]","args":[{"selector":{"id":"application-manageyards-display-component---NewYard--addressDetailDetailsLanguage-arrow"},"wdio_ui5_key":"applicationmanageyards-display-component---NewYard--addressDetailDetailsLanguage-arrow"}]}
RESULT: {"script":"<script> [1562 bytes]","args":[{"selector":{"id":"application-manageyards-display-component---NewYard--addressDetailDetailsLanguage-arrow"},"wdio_ui5_key":"applicationmanageyards-display-component---NewYard--addressDetailDetailsLanguage-arrow"}]}
RESULT: undefined
COMMAND: POST /session/e5a8226ea9fde889391201a3e7d107f2/element - {"using":"xpath","value":"//*[@id=\"application-manageyards-display-component---NewYard--addressDetailDetailsLanguage-arrow\"]"}
RESULT: {"using":"xpath","value":"//*[@id=\"application-manageyards-display-component---NewYard--addressDetailDetailsLanguage-arrow\"]"}
COMMAND: POST /session/e5a8226ea9fde889391201a3e7d107f2/element/f.423FC243C8326C45B9AC14107F5D9156.d.AE5093C5F4E0347ECCFBD1F8122C5F49.e.7143/click - {}
RESULT: {}
COMMAND: POST /session/e5a8226ea9fde889391201a3e7d107f2/element - {"using":"xpath","value":"//span[contains(text(), \"English\")]"}
COMMAND: GET /session/e5a8226ea9fde889391201a3e7d107f2/screenshot - {}
RESULT: {"using":"xpath","value":"//span[contains(text(), \"English\")]"}
COMMAND: POST /session/e5a8226ea9fde889391201a3e7d107f2/element/f.423FC243C8326C45B9AC14107F5D9156.d.AE5093C5F4E0347ECCFBD1F8122C5F49.e.7144/click - {}
RESULT: {}
RESULT: {}
COMMAND: POST /session/e5a8226ea9fde889391201a3e7d107f2/execute/async - {"script":"<script> [1562 bytes]","args":[{"selector":{"id":"application-manageyards-display-component---NewYard--addressDetailDetailsCity1","interaction":{"idSuffix":"inner"}},"wdio_ui5_key":"applicationmanageyards-display-component---NewYard--addressDetailDetailsCity1"}]}
COMMAND: GET /session/e5a8226ea9fde889391201a3e7d107f2/screenshot - {}
RESULT: {"script":"<script> [1562 bytes]","args":[{"selector":{"id":"application-manageyards-display-component---NewYard--addressDetailDetailsCity1","interaction":{"idSuffix":"inner"}},"wdio_ui5_key":"applicationmanageyards-display-component---NewYard--addressDetailDetailsCity1"}]}
RESULT: undefined
COMMAND: POST /session/e5a8226ea9fde889391201a3e7d107f2/execute/async - {"script":"<script> [776 bytes]","args":[{"enterText":"Rosario","selector":{"id":"application-manageyards-display-component---NewYard--addressDetailDetailsCity1","interaction":{"idSuffix":"inner"}},"clearTextFirst":true,"interactionType":"ENTER_TEXT"}]}
RESULT: {}
RESULT: {"script":"<script> [776 bytes]","args":[{"enterText":"Rosario","selector":{"id":"application-manageyards-display-component---NewYard--addressDetailDetailsCity1","interaction":{"idSuffix":"inner"}},"clearTextFirst":true,"interactionType":"ENTER_TEXT"}]}
COMMAND: POST /session/e5a8226ea9fde889391201a3e7d107f2/execute/async - {"script":"<script> [1562 bytes]","args":[{"selector":{"id":"application-manageyards-display-component---NewYard--addressDetailDetailsCountry-arrow"},"wdio_ui5_key":"applicationmanageyards-display-component---NewYard--addressDetailDetailsCountry-arrow"}]}
RESULT: {"script":"<script> [1562 bytes]","args":[{"selector":{"id":"application-manageyards-display-component---NewYard--addressDetailDetailsCountry-arrow"},"wdio_ui5_key":"applicationmanageyards-display-component---NewYard--addressDetailDetailsCountry-arrow"}]}
RESULT: undefined
COMMAND: POST /session/e5a8226ea9fde889391201a3e7d107f2/element - {"using":"xpath","value":"//*[@id=\"application-manageyards-display-component---NewYard--addressDetailDetailsCountry-arrow\"]"}
RESULT: {"using":"xpath","value":"//*[@id=\"application-manageyards-display-component---NewYard--addressDetailDetailsCountry-arrow\"]"}
COMMAND: POST /session/e5a8226ea9fde889391201a3e7d107f2/element/f.423FC243C8326C45B9AC14107F5D9156.d.AE5093C5F4E0347ECCFBD1F8122C5F49.e.7146/click - {}
RESULT: {}
COMMAND: POST /session/e5a8226ea9fde889391201a3e7d107f2/element - {"using":"xpath","value":"//span[contains(text(), \"Argentina\")]"}
COMMAND: GET /session/e5a8226ea9fde889391201a3e7d107f2/screenshot - {}
RESULT: {"using":"xpath","value":"//span[contains(text(), \"Argentina\")]"}
COMMAND: POST /session/e5a8226ea9fde889391201a3e7d107f2/element/f.423FC243C8326C45B9AC14107F5D9156.d.AE5093C5F4E0347ECCFBD1F8122C5F49.e.7147/click - {}
RESULT: {}
RESULT: {}
COMMAND: POST /session/e5a8226ea9fde889391201a3e7d107f2/execute/async - {"script":"<script> [1562 bytes]","args":[{"selector":{"id":"application-manageyards-display-component---NewYard--addressEditDetailsCostObjectCstType-arrow"},"wdio_ui5_key":"applicationmanageyards-display-component---NewYard--addressEditDetailsCostObjectCstType-arrow"}]}
COMMAND: GET /session/e5a8226ea9fde889391201a3e7d107f2/screenshot - {}
RESULT: {"script":"<script> [1562 bytes]","args":[{"selector":{"id":"application-manageyards-display-component---NewYard--addressEditDetailsCostObjectCstType-arrow"},"wdio_ui5_key":"applicationmanageyards-display-component---NewYard--addressEditDetailsCostObjectCstType-arrow"}]}
RESULT: undefined
COMMAND: POST /session/e5a8226ea9fde889391201a3e7d107f2/element - {"using":"xpath","value":"//*[@id=\"application-manageyards-display-component---NewYard--addressEditDetailsCostObjectCstType-arrow\"]"}
RESULT: {}
RESULT: {"using":"xpath","value":"//*[@id=\"application-manageyards-display-component---NewYard--addressEditDetailsCostObjectCstType-arrow\"]"}
COMMAND: POST /session/e5a8226ea9fde889391201a3e7d107f2/element/f.423FC243C8326C45B9AC14107F5D9156.d.AE5093C5F4E0347ECCFBD1F8122C5F49.e.7149/click - {}
RESULT: {}
COMMAND: POST /session/e5a8226ea9fde889391201a3e7d107f2/element - {"using":"xpath","value":"//span[contains(text(), \"Cost Center\")]"}
COMMAND: GET /session/e5a8226ea9fde889391201a3e7d107f2/screenshot - {}
RESULT: {"using":"xpath","value":"//span[contains(text(), \"Cost Center\")]"}
COMMAND: POST /session/e5a8226ea9fde889391201a3e7d107f2/element/f.423FC243C8326C45B9AC14107F5D9156.d.AE5093C5F4E0347ECCFBD1F8122C5F49.e.7150/click - {}
RESULT: {}
RESULT: {}
COMMAND: GET /session/e5a8226ea9fde889391201a3e7d107f2/screenshot - {}
RESULT: {}
COMMAND: POST /session/e5a8226ea9fde889391201a3e7d107f2/element - {"using":"xpath","value":"//span[@id=\"application-manageyards-display-component---NewYard--addressNewCostObjectCstID-vhi\"]"}
RESULT: {"using":"xpath","value":"//span[@id=\"application-manageyards-display-component---NewYard--addressNewCostObjectCstID-vhi\"]"}
COMMAND: POST /session/e5a8226ea9fde889391201a3e7d107f2/execute/sync - {"script":"<script> [8489 bytes]","args":[{"element-6066-11e4-a52e-4f735466cecf":"f.423FC243C8326C45B9AC14107F5D9156.d.AE5093C5F4E0347ECCFBD1F8122C5F49.e.7154","ELEMENT":"f.423FC243C8326C45B9AC14107F5D9156.d.AE5093C5F4E0347ECCFBD1F8122C5F49.e.7154"}]}
RESULT: {"script":"<script> [8489 bytes]","args":[{"element-6066-11e4-a52e-4f735466cecf":"f.423FC243C8326C45B9AC14107F5D9156.d.AE5093C5F4E0347ECCFBD1F8122C5F49.e.7154","ELEMENT":"f.423FC243C8326C45B9AC14107F5D9156.d.AE5093C5F4E0347ECCFBD1F8122C5F49.e.7154"}]}
COMMAND: POST /session/e5a8226ea9fde889391201a3e7d107f2/execute/async - {"script":"<script> [1562 bytes]","args":[{"selector":{"id":"application-manageyards-display-component---NewYard--addressNewCostObjectCstID-vhi"},"wdio_ui5_key":"applicationmanageyards-display-component---NewYard--addressNewCostObjectCstID-vhi"}]}
COMMAND: GET /session/e5a8226ea9fde889391201a3e7d107f2/screenshot - {}
RESULT: {"script":"<script> [1562 bytes]","args":[{"selector":{"id":"application-manageyards-display-component---NewYard--addressNewCostObjectCstID-vhi"},"wdio_ui5_key":"applicationmanageyards-display-component---NewYard--addressNewCostObjectCstID-vhi"}]}
RESULT: undefined
COMMAND: POST /session/e5a8226ea9fde889391201a3e7d107f2/element - {"using":"xpath","value":"//*[@id=\"application-manageyards-display-component---NewYard--addressNewCostObjectCstID-vhi\"]"}
RESULT: {}
RESULT: {"using":"xpath","value":"//*[@id=\"application-manageyards-display-component---NewYard--addressNewCostObjectCstID-vhi\"]"}
COMMAND: POST /session/e5a8226ea9fde889391201a3e7d107f2/element/f.423FC243C8326C45B9AC14107F5D9156.d.AE5093C5F4E0347ECCFBD1F8122C5F49.e.7154/click - {}
RESULT: {}
COMMAND: GET /session/e5a8226ea9fde889391201a3e7d107f2/screenshot - {}
RESULT: {}
COMMAND: POST /session/e5a8226ea9fde889391201a3e7d107f2/execute/async - {"script":"<script> [1562 bytes]","args":[{"selector":{"controlType":"sap.m.SearchField","properties":{"placeholder":"Search"},"searchOpenDialogs":true,"interaction":{"idSuffix":"I"}},"wdio_ui5_key":"sapm.SearchField{\"placeholder\":\"Search\"}"}]}
RESULT: {"script":"<script> [1562 bytes]","args":[{"selector":{"controlType":"sap.m.SearchField","properties":{"placeholder":"Search"},"searchOpenDialogs":true,"interaction":{"idSuffix":"I"}},"wdio_ui5_key":"sapm.SearchField{\"placeholder\":\"Search\"}"}]}
RESULT: undefined
COMMAND: POST /session/e5a8226ea9fde889391201a3e7d107f2/execute/async - {"script":"<script> [776 bytes]","args":[{"enterText":"bauh_b","selector":{"controlType":"sap.m.SearchField","properties":{"placeholder":"Search"},"searchOpenDialogs":true,"interaction":{"idSuffix":"I"}},"clearTextFirst":true,"interactionType":"ENTER_TEXT"}]}
RESULT: {"script":"<script> [776 bytes]","args":[{"enterText":"bauh_b","selector":{"controlType":"sap.m.SearchField","properties":{"placeholder":"Search"},"searchOpenDialogs":true,"interaction":{"idSuffix":"I"}},"clearTextFirst":true,"interactionType":"ENTER_TEXT"}]}
COMMAND: POST /session/e5a8226ea9fde889391201a3e7d107f2/actions - {"actions":[{"id":"action28","type":"key","parameters":{},"actions":[{"type":"keyDown","value":"î€‡"},{"type":"pause","duration":10},{"type":"keyUp","value":"î€‡"}]}]}
RESULT: {"actions":[{"id":"action28","type":"key","parameters":{},"actions":[{"type":"keyDown","value":"î€‡"},{"type":"pause","duration":10},{"type":"keyUp","value":"î€‡"}]}]}
COMMAND: GET /session/e5a8226ea9fde889391201a3e7d107f2/screenshot - {}
RESULT: {}
COMMAND: POST /session/e5a8226ea9fde889391201a3e7d107f2/element - {"using":"xpath","value":"//span[contains(text(), \"Demo Yard\")]"}
RESULT: {"using":"xpath","value":"//span[contains(text(), \"Demo Yard\")]"}
COMMAND: POST /session/e5a8226ea9fde889391201a3e7d107f2/element/f.423FC243C8326C45B9AC14107F5D9156.d.AE5093C5F4E0347ECCFBD1F8122C5F49.e.7194/click - {}
RESULT: {}
COMMAND: GET /session/e5a8226ea9fde889391201a3e7d107f2/screenshot - {}
RESULT: {}
COMMAND: POST /session/e5a8226ea9fde889391201a3e7d107f2/element - {"using":"xpath","value":"//bdi[contains(text(), \"OK\")]"}
RESULT: {"using":"xpath","value":"//bdi[contains(text(), \"OK\")]"}
COMMAND: POST /session/e5a8226ea9fde889391201a3e7d107f2/element/f.423FC243C8326C45B9AC14107F5D9156.d.AE5093C5F4E0347ECCFBD1F8122C5F49.e.7195/click - {}
RESULT: {}
COMMAND: GET /session/e5a8226ea9fde889391201a3e7d107f2/screenshot - {}
RESULT: {}
COMMAND: POST /session/e5a8226ea9fde889391201a3e7d107f2/execute/async - {"script":"<script> [1562 bytes]","args":[{"selector":{"id":"application-manageyards-display-component---NewYard--addressEditDetailsCurrency-arrow"},"wdio_ui5_key":"applicationmanageyards-display-component---NewYard--addressEditDetailsCurrency-arrow"}]}
RESULT: {"script":"<script> [1562 bytes]","args":[{"selector":{"id":"application-manageyards-display-component---NewYard--addressEditDetailsCurrency-arrow"},"wdio_ui5_key":"applicationmanageyards-display-component---NewYard--addressEditDetailsCurrency-arrow"}]}
RESULT: undefined
COMMAND: POST /session/e5a8226ea9fde889391201a3e7d107f2/element - {"using":"xpath","value":"//*[@id=\"application-manageyards-display-component---NewYard--addressEditDetailsCurrency-arrow\"]"}
RESULT: {"using":"xpath","value":"//*[@id=\"application-manageyards-display-component---NewYard--addressEditDetailsCurrency-arrow\"]"}
COMMAND: POST /session/e5a8226ea9fde889391201a3e7d107f2/element/f.423FC243C8326C45B9AC14107F5D9156.d.AE5093C5F4E0347ECCFBD1F8122C5F49.e.7198/click - {}
RESULT: {}
COMMAND: POST /session/e5a8226ea9fde889391201a3e7d107f2/element - {"using":"xpath","value":"//span[contains(text(), \"Euro\")]"}
COMMAND: GET /session/e5a8226ea9fde889391201a3e7d107f2/screenshot - {}
RESULT: {"using":"xpath","value":"//span[contains(text(), \"Euro\")]"}
COMMAND: POST /session/e5a8226ea9fde889391201a3e7d107f2/element/f.423FC243C8326C45B9AC14107F5D9156.d.AE5093C5F4E0347ECCFBD1F8122C5F49.e.7199/click - {}
RESULT: {}
RESULT: {}
COMMAND: POST /session/e5a8226ea9fde889391201a3e7d107f2/execute/async - {"script":"<script> [1562 bytes]","args":[{"selector":{"controlType":"sap.m.Input","viewName":"etm.portal.ui.manageyards.view.New","viewId":"application-manageyards-display-component---NewYard","bindingPath":{"path":"","propertyPath":"/CONTROLLING_AREA","modelName":"NewYardModel"},"interaction":{"idSuffix":"inner"}},"wdio_ui5_key":"etmportal.ui.manageyards.view.Newsap.m.Input{\"path\":\"\",\"propertyPath\":\"/CONTROLLING_AREA\",\"modelName\":\"NewYardModel\"}"}]}
COMMAND: GET /session/e5a8226ea9fde889391201a3e7d107f2/screenshot - {}
RESULT: {"script":"<script> [1562 bytes]","args":[{"selector":{"controlType":"sap.m.Input","viewName":"etm.portal.ui.manageyards.view.New","viewId":"application-manageyards-display-component---NewYard","bindingPath":{"path":"","propertyPath":"/CONTROLLING_AREA","modelName":"NewYardModel"},"interaction":{"idSuffix":"inner"}},"wdio_ui5_key":"etmportal.ui.manageyards.view.Newsap.m.Input{\"path\":\"\",\"propertyPath\":\"/CONTROLLING_AREA\",\"modelName\":\"NewYardModel\"}"}]}
RESULT: undefined
COMMAND: POST /session/e5a8226ea9fde889391201a3e7d107f2/execute/async - {"script":"<script> [776 bytes]","args":[{"enterText":"Z001","selector":{"controlType":"sap.m.Input","viewName":"etm.portal.ui.manageyards.view.New","viewId":"application-manageyards-display-component---NewYard","bindingPath":{"path":"","propertyPath":"/CONTROLLING_AREA","modelName":"NewYardModel"},"interaction":{"idSuffix":"inner"}},"clearTextFirst":true,"interactionType":"ENTER_TEXT"}]}
RESULT: {}
RESULT: {"script":"<script> [776 bytes]","args":[{"enterText":"Z001","selector":{"controlType":"sap.m.Input","viewName":"etm.portal.ui.manageyards.view.New","viewId":"application-manageyards-display-component---NewYard","bindingPath":{"path":"","propertyPath":"/CONTROLLING_AREA","modelName":"NewYardModel"},"interaction":{"idSuffix":"inner"}},"clearTextFirst":true,"interactionType":"ENTER_TEXT"}]}
COMMAND: POST /session/e5a8226ea9fde889391201a3e7d107f2/execute/async - {"script":"<script> [1562 bytes]","args":[{"selector":{"id":"application-manageyards-display-component---NewYard--companyCodeComboBox","interaction":{"idSuffix":"inner"}},"wdio_ui5_key":"applicationmanageyards-display-component---NewYard--companyCodeComboBox"}]}
RESULT: {"script":"<script> [1562 bytes]","args":[{"selector":{"id":"application-manageyards-display-component---NewYard--companyCodeComboBox","interaction":{"idSuffix":"inner"}},"wdio_ui5_key":"applicationmanageyards-display-component---NewYard--companyCodeComboBox"}]}
RESULT: undefined
COMMAND: POST /session/e5a8226ea9fde889391201a3e7d107f2/execute/async - {"script":"<script> [776 bytes]","args":[{"enterText":"1000","selector":{"id":"application-manageyards-display-component---NewYard--companyCodeComboBox","interaction":{"idSuffix":"inner"}},"clearTextFirst":true,"interactionType":"ENTER_TEXT"}]}
RESULT: {"script":"<script> [776 bytes]","args":[{"enterText":"1000","selector":{"id":"application-manageyards-display-component---NewYard--companyCodeComboBox","interaction":{"idSuffix":"inner"}},"clearTextFirst":true,"interactionType":"ENTER_TEXT"}]}
COMMAND: POST /session/e5a8226ea9fde889391201a3e7d107f2/execute/async - {"script":"<script> [1562 bytes]","args":[{"selector":{"controlType":"sap.m.Input","viewName":"etm.portal.ui.manageyards.view.New","viewId":"application-manageyards-display-component---NewYard","bindingPath":{"path":"","propertyPath":"/PLANT","modelName":"NewYardModel"},"interaction":{"idSuffix":"inner"}},"wdio_ui5_key":"etmportal.ui.manageyards.view.Newsap.m.Input{\"path\":\"\",\"propertyPath\":\"/PLANT\",\"modelName\":\"NewYardModel\"}"}]}
RESULT: {"script":"<script> [1562 bytes]","args":[{"selector":{"controlType":"sap.m.Input","viewName":"etm.portal.ui.manageyards.view.New","viewId":"application-manageyards-display-component---NewYard","bindingPath":{"path":"","propertyPath":"/PLANT","modelName":"NewYardModel"},"interaction":{"idSuffix":"inner"}},"wdio_ui5_key":"etmportal.ui.manageyards.view.Newsap.m.Input{\"path\":\"\",\"propertyPath\":\"/PLANT\",\"modelName\":\"NewYardModel\"}"}]}
RESULT: undefined
COMMAND: POST /session/e5a8226ea9fde889391201a3e7d107f2/execute/async - {"script":"<script> [776 bytes]","args":[{"enterText":"1001","selector":{"controlType":"sap.m.Input","viewName":"etm.portal.ui.manageyards.view.New","viewId":"application-manageyards-display-component---NewYard","bindingPath":{"path":"","propertyPath":"/PLANT","modelName":"NewYardModel"},"interaction":{"idSuffix":"inner"}},"clearTextFirst":true,"interactionType":"ENTER_TEXT"}]}
RESULT: {"script":"<script> [776 bytes]","args":[{"enterText":"1001","selector":{"controlType":"sap.m.Input","viewName":"etm.portal.ui.manageyards.view.New","viewId":"application-manageyards-display-component---NewYard","bindingPath":{"path":"","propertyPath":"/PLANT","modelName":"NewYardModel"},"interaction":{"idSuffix":"inner"}},"clearTextFirst":true,"interactionType":"ENTER_TEXT"}]}
COMMAND: POST /session/e5a8226ea9fde889391201a3e7d107f2/execute/async - {"script":"<script> [1562 bytes]","args":[{"selector":{"controlType":"sap.m.Input","viewName":"etm.portal.ui.manageyards.view.New","viewId":"application-manageyards-display-component---NewYard","bindingPath":{"path":"","propertyPath":"/SALES_AREA_VKORG","modelName":"NewYardModel"},"interaction":{"idSuffix":"inner"}},"wdio_ui5_key":"etmportal.ui.manageyards.view.Newsap.m.Input{\"path\":\"\",\"propertyPath\":\"/SALES_AREA_VKORG\",\"modelName\":\"NewYardModel\"}"}]}
RESULT: {"script":"<script> [1562 bytes]","args":[{"selector":{"controlType":"sap.m.Input","viewName":"etm.portal.ui.manageyards.view.New","viewId":"application-manageyards-display-component---NewYard","bindingPath":{"path":"","propertyPath":"/SALES_AREA_VKORG","modelName":"NewYardModel"},"interaction":{"idSuffix":"inner"}},"wdio_ui5_key":"etmportal.ui.manageyards.view.Newsap.m.Input{\"path\":\"\",\"propertyPath\":\"/SALES_AREA_VKORG\",\"modelName\":\"NewYardModel\"}"}]}
RESULT: undefined
COMMAND: POST /session/e5a8226ea9fde889391201a3e7d107f2/execute/async - {"script":"<script> [776 bytes]","args":[{"enterText":"C002","selector":{"controlType":"sap.m.Input","viewName":"etm.portal.ui.manageyards.view.New","viewId":"application-manageyards-display-component---NewYard","bindingPath":{"path":"","propertyPath":"/SALES_AREA_VKORG","modelName":"NewYardModel"},"interaction":{"idSuffix":"inner"}},"clearTextFirst":true,"interactionType":"ENTER_TEXT"}]}
RESULT: {"script":"<script> [776 bytes]","args":[{"enterText":"C002","selector":{"controlType":"sap.m.Input","viewName":"etm.portal.ui.manageyards.view.New","viewId":"application-manageyards-display-component---NewYard","bindingPath":{"path":"","propertyPath":"/SALES_AREA_VKORG","modelName":"NewYardModel"},"interaction":{"idSuffix":"inner"}},"clearTextFirst":true,"interactionType":"ENTER_TEXT"}]}
COMMAND: POST /session/e5a8226ea9fde889391201a3e7d107f2/execute/async - {"script":"<script> [1562 bytes]","args":[{"selector":{"controlType":"sap.m.Input","viewName":"etm.portal.ui.manageyards.view.New","viewId":"application-manageyards-display-component---NewYard","bindingPath":{"path":"","propertyPath":"/SALES_AREA_VTWEG","modelName":"NewYardModel"},"interaction":{"idSuffix":"inner"}},"wdio_ui5_key":"etmportal.ui.manageyards.view.Newsap.m.Input{\"path\":\"\",\"propertyPath\":\"/SALES_AREA_VTWEG\",\"modelName\":\"NewYardModel\"}"}]}
RESULT: {"script":"<script> [1562 bytes]","args":[{"selector":{"controlType":"sap.m.Input","viewName":"etm.portal.ui.manageyards.view.New","viewId":"application-manageyards-display-component---NewYard","bindingPath":{"path":"","propertyPath":"/SALES_AREA_VTWEG","modelName":"NewYardModel"},"interaction":{"idSuffix":"inner"}},"wdio_ui5_key":"etmportal.ui.manageyards.view.Newsap.m.Input{\"path\":\"\",\"propertyPath\":\"/SALES_AREA_VTWEG\",\"modelName\":\"NewYardModel\"}"}]}
RESULT: undefined
COMMAND: POST /session/e5a8226ea9fde889391201a3e7d107f2/execute/async - {"script":"<script> [776 bytes]","args":[{"enterText":"C2","selector":{"controlType":"sap.m.Input","viewName":"etm.portal.ui.manageyards.view.New","viewId":"application-manageyards-display-component---NewYard","bindingPath":{"path":"","propertyPath":"/SALES_AREA_VTWEG","modelName":"NewYardModel"},"interaction":{"idSuffix":"inner"}},"clearTextFirst":true,"interactionType":"ENTER_TEXT"}]}
RESULT: {"script":"<script> [776 bytes]","args":[{"enterText":"C2","selector":{"controlType":"sap.m.Input","viewName":"etm.portal.ui.manageyards.view.New","viewId":"application-manageyards-display-component---NewYard","bindingPath":{"path":"","propertyPath":"/SALES_AREA_VTWEG","modelName":"NewYardModel"},"interaction":{"idSuffix":"inner"}},"clearTextFirst":true,"interactionType":"ENTER_TEXT"}]}
COMMAND: POST /session/e5a8226ea9fde889391201a3e7d107f2/execute/async - {"script":"<script> [1562 bytes]","args":[{"selector":{"controlType":"sap.m.Input","viewName":"etm.portal.ui.manageyards.view.New","viewId":"application-manageyards-display-component---NewYard","bindingPath":{"path":"","propertyPath":"/SALES_AREA_SPART","modelName":"NewYardModel"},"interaction":{"idSuffix":"inner"}},"wdio_ui5_key":"etmportal.ui.manageyards.view.Newsap.m.Input{\"path\":\"\",\"propertyPath\":\"/SALES_AREA_SPART\",\"modelName\":\"NewYardModel\"}"}]}
RESULT: {"script":"<script> [1562 bytes]","args":[{"selector":{"controlType":"sap.m.Input","viewName":"etm.portal.ui.manageyards.view.New","viewId":"application-manageyards-display-component---NewYard","bindingPath":{"path":"","propertyPath":"/SALES_AREA_SPART","modelName":"NewYardModel"},"interaction":{"idSuffix":"inner"}},"wdio_ui5_key":"etmportal.ui.manageyards.view.Newsap.m.Input{\"path\":\"\",\"propertyPath\":\"/SALES_AREA_SPART\",\"modelName\":\"NewYardModel\"}"}]}
RESULT: undefined
COMMAND: POST /session/e5a8226ea9fde889391201a3e7d107f2/execute/async - {"script":"<script> [776 bytes]","args":[{"enterText":"C2","selector":{"controlType":"sap.m.Input","viewName":"etm.portal.ui.manageyards.view.New","viewId":"application-manageyards-display-component---NewYard","bindingPath":{"path":"","propertyPath":"/SALES_AREA_SPART","modelName":"NewYardModel"},"interaction":{"idSuffix":"inner"}},"clearTextFirst":true,"interactionType":"ENTER_TEXT"}]}
RESULT: {"script":"<script> [776 bytes]","args":[{"enterText":"C2","selector":{"controlType":"sap.m.Input","viewName":"etm.portal.ui.manageyards.view.New","viewId":"application-manageyards-display-component---NewYard","bindingPath":{"path":"","propertyPath":"/SALES_AREA_SPART","modelName":"NewYardModel"},"interaction":{"idSuffix":"inner"}},"clearTextFirst":true,"interactionType":"ENTER_TEXT"}]}
COMMAND: POST /session/e5a8226ea9fde889391201a3e7d107f2/execute/async - {"script":"<script> [1562 bytes]","args":[{"selector":{"controlType":"sap.m.Input","viewName":"etm.portal.ui.manageyards.view.New","viewId":"application-manageyards-display-component---NewYard","bindingPath":{"path":"","propertyPath":"/SHIP_POINT","modelName":"NewYardModel"},"interaction":{"idSuffix":"inner"}},"wdio_ui5_key":"etmportal.ui.manageyards.view.Newsap.m.Input{\"path\":\"\",\"propertyPath\":\"/SHIP_POINT\",\"modelName\":\"NewYardModel\"}"}]}
RESULT: {"script":"<script> [1562 bytes]","args":[{"selector":{"controlType":"sap.m.Input","viewName":"etm.portal.ui.manageyards.view.New","viewId":"application-manageyards-display-component---NewYard","bindingPath":{"path":"","propertyPath":"/SHIP_POINT","modelName":"NewYardModel"},"interaction":{"idSuffix":"inner"}},"wdio_ui5_key":"etmportal.ui.manageyards.view.Newsap.m.Input{\"path\":\"\",\"propertyPath\":\"/SHIP_POINT\",\"modelName\":\"NewYardModel\"}"}]}
RESULT: undefined
COMMAND: POST /session/e5a8226ea9fde889391201a3e7d107f2/execute/async - {"script":"<script> [776 bytes]","args":[{"enterText":"1710","selector":{"controlType":"sap.m.Input","viewName":"etm.portal.ui.manageyards.view.New","viewId":"application-manageyards-display-component---NewYard","bindingPath":{"path":"","propertyPath":"/SHIP_POINT","modelName":"NewYardModel"},"interaction":{"idSuffix":"inner"}},"clearTextFirst":true,"interactionType":"ENTER_TEXT"}]}
RESULT: {"script":"<script> [776 bytes]","args":[{"enterText":"1710","selector":{"controlType":"sap.m.Input","viewName":"etm.portal.ui.manageyards.view.New","viewId":"application-manageyards-display-component---NewYard","bindingPath":{"path":"","propertyPath":"/SHIP_POINT","modelName":"NewYardModel"},"interaction":{"idSuffix":"inner"}},"clearTextFirst":true,"interactionType":"ENTER_TEXT"}]}
COMMAND: POST /session/e5a8226ea9fde889391201a3e7d107f2/execute/async - {"script":"<script> [1562 bytes]","args":[{"selector":{"controlType":"sap.m.Input","viewName":"etm.portal.ui.manageyards.view.New","viewId":"application-manageyards-display-component---NewYard","bindingPath":{"path":"","propertyPath":"/DELIVERY_TYPE","modelName":"NewYardModel"},"interaction":{"idSuffix":"inner"}},"wdio_ui5_key":"etmportal.ui.manageyards.view.Newsap.m.Input{\"path\":\"\",\"propertyPath\":\"/DELIVERY_TYPE\",\"modelName\":\"NewYardModel\"}"}]}
RESULT: {"script":"<script> [1562 bytes]","args":[{"selector":{"controlType":"sap.m.Input","viewName":"etm.portal.ui.manageyards.view.New","viewId":"application-manageyards-display-component---NewYard","bindingPath":{"path":"","propertyPath":"/DELIVERY_TYPE","modelName":"NewYardModel"},"interaction":{"idSuffix":"inner"}},"wdio_ui5_key":"etmportal.ui.manageyards.view.Newsap.m.Input{\"path\":\"\",\"propertyPath\":\"/DELIVERY_TYPE\",\"modelName\":\"NewYardModel\"}"}]}
RESULT: undefined
COMMAND: POST /session/e5a8226ea9fde889391201a3e7d107f2/execute/async - {"script":"<script> [776 bytes]","args":[{"enterText":"ZL01","selector":{"controlType":"sap.m.Input","viewName":"etm.portal.ui.manageyards.view.New","viewId":"application-manageyards-display-component---NewYard","bindingPath":{"path":"","propertyPath":"/DELIVERY_TYPE","modelName":"NewYardModel"},"interaction":{"idSuffix":"inner"}},"clearTextFirst":true,"interactionType":"ENTER_TEXT"}]}
RESULT: {"script":"<script> [776 bytes]","args":[{"enterText":"ZL01","selector":{"controlType":"sap.m.Input","viewName":"etm.portal.ui.manageyards.view.New","viewId":"application-manageyards-display-component---NewYard","bindingPath":{"path":"","propertyPath":"/DELIVERY_TYPE","modelName":"NewYardModel"},"interaction":{"idSuffix":"inner"}},"clearTextFirst":true,"interactionType":"ENTER_TEXT"}]}
COMMAND: POST /session/e5a8226ea9fde889391201a3e7d107f2/execute/async - {"script":"<script> [1562 bytes]","args":[{"selector":{"controlType":"sap.m.Input","viewName":"etm.portal.ui.manageyards.view.New","viewId":"application-manageyards-display-component---NewYard","bindingPath":{"path":"","propertyPath":"/AUART","modelName":"NewYardModel"},"interaction":{"idSuffix":"inner"}},"wdio_ui5_key":"etmportal.ui.manageyards.view.Newsap.m.Input{\"path\":\"\",\"propertyPath\":\"/AUART\",\"modelName\":\"NewYardModel\"}"}]}
RESULT: {"script":"<script> [1562 bytes]","args":[{"selector":{"controlType":"sap.m.Input","viewName":"etm.portal.ui.manageyards.view.New","viewId":"application-manageyards-display-component---NewYard","bindingPath":{"path":"","propertyPath":"/AUART","modelName":"NewYardModel"},"interaction":{"idSuffix":"inner"}},"wdio_ui5_key":"etmportal.ui.manageyards.view.Newsap.m.Input{\"path\":\"\",\"propertyPath\":\"/AUART\",\"modelName\":\"NewYardModel\"}"}]}
RESULT: undefined
COMMAND: POST /session/e5a8226ea9fde889391201a3e7d107f2/execute/async - {"script":"<script> [776 bytes]","args":[{"enterText":"TA","selector":{"controlType":"sap.m.Input","viewName":"etm.portal.ui.manageyards.view.New","viewId":"application-manageyards-display-component---NewYard","bindingPath":{"path":"","propertyPath":"/AUART","modelName":"NewYardModel"},"interaction":{"idSuffix":"inner"}},"clearTextFirst":true,"interactionType":"ENTER_TEXT"}]}
RESULT: {"script":"<script> [776 bytes]","args":[{"enterText":"TA","selector":{"controlType":"sap.m.Input","viewName":"etm.portal.ui.manageyards.view.New","viewId":"application-manageyards-display-component---NewYard","bindingPath":{"path":"","propertyPath":"/AUART","modelName":"NewYardModel"},"interaction":{"idSuffix":"inner"}},"clearTextFirst":true,"interactionType":"ENTER_TEXT"}]}
COMMAND: POST /session/e5a8226ea9fde889391201a3e7d107f2/element - {"using":"xpath","value":"//button[@data-kt=\"newYardSaveButton\"]"}
RESULT: {"using":"xpath","value":"//button[@data-kt=\"newYardSaveButton\"]"}
COMMAND: POST /session/e5a8226ea9fde889391201a3e7d107f2/element/f.423FC243C8326C45B9AC14107F5D9156.d.AE5093C5F4E0347ECCFBD1F8122C5F49.e.7110/click - {}
RESULT: {}
COMMAND: GET /session/e5a8226ea9fde889391201a3e7d107f2/screenshot - {}
RESULT: {}
COMMAND: POST /session/e5a8226ea9fde889391201a3e7d107f2/element - {"using":"xpath","value":"//header[contains(@id, 'ObjectPageLayout-headerTitle')]/div[1]/div[2]/div[1]/span[1]"}
RESULT: {"using":"xpath","value":"//header[contains(@id, 'ObjectPageLayout-headerTitle')]/div[1]/div[2]/div[1]/span[1]"}
COMMAND: POST /session/e5a8226ea9fde889391201a3e7d107f2/elements - {"using":"xpath","value":"//header[contains(@id, 'ObjectPageLayout-headerTitle')]/div[1]/div[2]/div[1]/span[1]"}
RESULT: {"using":"xpath","value":"//header[contains(@id, 'ObjectPageLayout-headerTitle')]/div[1]/div[2]/div[1]/span[1]"}
COMMAND: POST /session/e5a8226ea9fde889391201a3e7d107f2/execute/sync - {"script":"<script> [56 bytes]","args":[{"element-6066-11e4-a52e-4f735466cecf":"f.423FC243C8326C45B9AC14107F5D9156.d.AE5093C5F4E0347ECCFBD1F8122C5F49.e.7412","ELEMENT":"f.423FC243C8326C45B9AC14107F5D9156.d.AE5093C5F4E0347ECCFBD1F8122C5F49.e.7412"}]}
RESULT: {"script":"<script> [56 bytes]","args":[{"element-6066-11e4-a52e-4f735466cecf":"f.423FC243C8326C45B9AC14107F5D9156.d.AE5093C5F4E0347ECCFBD1F8122C5F49.e.7412","ELEMENT":"f.423FC243C8326C45B9AC14107F5D9156.d.AE5093C5F4E0347ECCFBD1F8122C5F49.e.7412"}]}
COMMAND: GET /session/e5a8226ea9fde889391201a3e7d107f2/screenshot - {}
RESULT: {}
COMMAND: POST /session/e5a8226ea9fde889391201a3e7d107f2/element - {"using":"css selector","value":"#shell-header-logo"}
RESULT: {"using":"css selector","value":"#shell-header-logo"}
COMMAND: POST /session/e5a8226ea9fde889391201a3e7d107f2/element/f.423FC243C8326C45B9AC14107F5D9156.d.AE5093C5F4E0347ECCFBD1F8122C5F49.e.6571/click - {}
RESULT: {}
COMMAND: GET /session/e5a8226ea9fde889391201a3e7d107f2/screenshot - {}
RESULT: {}
COMMAND: POST /session/e5a8226ea9fde889391201a3e7d107f2/execute/sync - {"script":"<script> [299 bytes]","args":[["getModel","getResource"]]}
RESULT: {"script":"<script> [299 bytes]","args":[["getModel","getResource"]]}
COMMAND: GET /session/e5a8226ea9fde889391201a3e7d107f2/screenshot - {}
]]></system-out>
    </testcase>
    <testcase classname="chrome.137_0_7151_69.windows.Provide_to_Site_w/o_warehouse_management_w/_clarification_US116605" name="Should create a new external partner" time="105.462">
      <system-out><![CDATA[
COMMAND: POST /session/e5a8226ea9fde889391201a3e7d107f2/window/fullscreen - {}
RESULT: {}
RESULT: {}
COMMAND: POST /session/e5a8226ea9fde889391201a3e7d107f2/execute/async - {"script":"<script> [1562 bytes]","args":[{"selector":{"controlType":"sap.m.GenericTile","properties":{"header":"Manage Partners"}},"wdio_ui5_key":"sapm.GenericTile{\"header\":\"Manage Partners\"}"}]}
RESULT: {"script":"<script> [1562 bytes]","args":[{"selector":{"controlType":"sap.m.GenericTile","properties":{"header":"Manage Partners"}},"wdio_ui5_key":"sapm.GenericTile{\"header\":\"Manage Partners\"}"}]}
RESULT: undefined
COMMAND: POST /session/e5a8226ea9fde889391201a3e7d107f2/element - {"using":"xpath","value":"//*[@id=\"__tile31\"]"}
RESULT: {"using":"xpath","value":"//*[@id=\"__tile31\"]"}
COMMAND: POST /session/e5a8226ea9fde889391201a3e7d107f2/element/f.423FC243C8326C45B9AC14107F5D9156.d.AE5093C5F4E0347ECCFBD1F8122C5F49.e.6590/click - {}
RESULT: {}
COMMAND: GET /session/e5a8226ea9fde889391201a3e7d107f2/screenshot - {}
RESULT: {}
COMMAND: POST /session/e5a8226ea9fde889391201a3e7d107f2/elements - {"using":"xpath","value":"//span[text()='Error']"}
RESULT: {"using":"xpath","value":"//span[text()='Error']"}
COMMAND: POST /session/e5a8226ea9fde889391201a3e7d107f2/element - {"using":"xpath","value":"//button[@data-kt=\"addButton\"]"}
RESULT: {"using":"xpath","value":"//button[@data-kt=\"addButton\"]"}
COMMAND: POST /session/e5a8226ea9fde889391201a3e7d107f2/elements - {"using":"xpath","value":"//button[@data-kt=\"addButton\"]"}
RESULT: {"using":"xpath","value":"//button[@data-kt=\"addButton\"]"}
COMMAND: POST /session/e5a8226ea9fde889391201a3e7d107f2/execute/sync - {"script":"<script> [8489 bytes]","args":[{"element-6066-11e4-a52e-4f735466cecf":"f.423FC243C8326C45B9AC14107F5D9156.d.AE5093C5F4E0347ECCFBD1F8122C5F49.e.7450","ELEMENT":"f.423FC243C8326C45B9AC14107F5D9156.d.AE5093C5F4E0347ECCFBD1F8122C5F49.e.7450"}]}
RESULT: {"script":"<script> [8489 bytes]","args":[{"element-6066-11e4-a52e-4f735466cecf":"f.423FC243C8326C45B9AC14107F5D9156.d.AE5093C5F4E0347ECCFBD1F8122C5F49.e.7450","ELEMENT":"f.423FC243C8326C45B9AC14107F5D9156.d.AE5093C5F4E0347ECCFBD1F8122C5F49.e.7450"}]}
COMMAND: GET /session/e5a8226ea9fde889391201a3e7d107f2/element/f.423FC243C8326C45B9AC14107F5D9156.d.AE5093C5F4E0347ECCFBD1F8122C5F49.e.7450/enabled - {}
COMMAND: GET /session/e5a8226ea9fde889391201a3e7d107f2/screenshot - {}
RESULT: {}
COMMAND: POST /session/e5a8226ea9fde889391201a3e7d107f2/execute/sync - {"script":"<script> [8489 bytes]","args":[{"element-6066-11e4-a52e-4f735466cecf":"f.423FC243C8326C45B9AC14107F5D9156.d.AE5093C5F4E0347ECCFBD1F8122C5F49.e.7450","ELEMENT":"f.423FC243C8326C45B9AC14107F5D9156.d.AE5093C5F4E0347ECCFBD1F8122C5F49.e.7450"}]}
COMMAND: GET /session/e5a8226ea9fde889391201a3e7d107f2/screenshot - {}
RESULT: {}
RESULT: {"script":"<script> [8489 bytes]","args":[{"element-6066-11e4-a52e-4f735466cecf":"f.423FC243C8326C45B9AC14107F5D9156.d.AE5093C5F4E0347ECCFBD1F8122C5F49.e.7450","ELEMENT":"f.423FC243C8326C45B9AC14107F5D9156.d.AE5093C5F4E0347ECCFBD1F8122C5F49.e.7450"}]}
COMMAND: POST /session/e5a8226ea9fde889391201a3e7d107f2/execute/sync - {"script":"<script> [5351 bytes]","args":[{"element-6066-11e4-a52e-4f735466cecf":"f.423FC243C8326C45B9AC14107F5D9156.d.AE5093C5F4E0347ECCFBD1F8122C5F49.e.7450","ELEMENT":"f.423FC243C8326C45B9AC14107F5D9156.d.AE5093C5F4E0347ECCFBD1F8122C5F49.e.7450"}]}
COMMAND: GET /session/e5a8226ea9fde889391201a3e7d107f2/screenshot - {}
RESULT: {}
RESULT: {"script":"<script> [5351 bytes]","args":[{"element-6066-11e4-a52e-4f735466cecf":"f.423FC243C8326C45B9AC14107F5D9156.d.AE5093C5F4E0347ECCFBD1F8122C5F49.e.7450","ELEMENT":"f.423FC243C8326C45B9AC14107F5D9156.d.AE5093C5F4E0347ECCFBD1F8122C5F49.e.7450"}]}
COMMAND: POST /session/e5a8226ea9fde889391201a3e7d107f2/element/f.423FC243C8326C45B9AC14107F5D9156.d.AE5093C5F4E0347ECCFBD1F8122C5F49.e.7450/click - {}
COMMAND: GET /session/e5a8226ea9fde889391201a3e7d107f2/screenshot - {}
RESULT: {}
RESULT: {}
COMMAND: GET /session/e5a8226ea9fde889391201a3e7d107f2/screenshot - {}
RESULT: {}
COMMAND: POST /session/e5a8226ea9fde889391201a3e7d107f2/execute/async - {"script":"<script> [1562 bytes]","args":[{"selector":{"id":"application-managepartners-display-component---NewPartner--addressDetailDetailsName1","interaction":{"idSuffix":"inner"}},"wdio_ui5_key":"applicationmanagepartners-display-component---NewPartner--addressDetailDetailsName1"}]}
RESULT: {}
RESULT: {"script":"<script> [1562 bytes]","args":[{"selector":{"id":"application-managepartners-display-component---NewPartner--addressDetailDetailsName1","interaction":{"idSuffix":"inner"}},"wdio_ui5_key":"applicationmanagepartners-display-component---NewPartner--addressDetailDetailsName1"}]}
RESULT: undefined
COMMAND: POST /session/e5a8226ea9fde889391201a3e7d107f2/execute/async - {"script":"<script> [776 bytes]","args":[{"enterText":"External Partner WDIO","selector":{"id":"application-managepartners-display-component---NewPartner--addressDetailDetailsName1","interaction":{"idSuffix":"inner"}},"clearTextFirst":true,"interactionType":"ENTER_TEXT"}]}
RESULT: {"script":"<script> [776 bytes]","args":[{"enterText":"External Partner WDIO","selector":{"id":"application-managepartners-display-component---NewPartner--addressDetailDetailsName1","interaction":{"idSuffix":"inner"}},"clearTextFirst":true,"interactionType":"ENTER_TEXT"}]}
COMMAND: POST /session/e5a8226ea9fde889391201a3e7d107f2/execute/async - {"script":"<script> [1562 bytes]","args":[{"selector":{"id":"application-managepartners-display-component---NewPartner--addressDetailDetailsLanguage-arrow"},"wdio_ui5_key":"applicationmanagepartners-display-component---NewPartner--addressDetailDetailsLanguage-arrow"}]}
RESULT: {"script":"<script> [1562 bytes]","args":[{"selector":{"id":"application-managepartners-display-component---NewPartner--addressDetailDetailsLanguage-arrow"},"wdio_ui5_key":"applicationmanagepartners-display-component---NewPartner--addressDetailDetailsLanguage-arrow"}]}
RESULT: undefined
COMMAND: POST /session/e5a8226ea9fde889391201a3e7d107f2/element - {"using":"xpath","value":"//*[@id=\"application-managepartners-display-component---NewPartner--addressDetailDetailsLanguage-arrow\"]"}
RESULT: {"using":"xpath","value":"//*[@id=\"application-managepartners-display-component---NewPartner--addressDetailDetailsLanguage-arrow\"]"}
COMMAND: POST /session/e5a8226ea9fde889391201a3e7d107f2/element/f.423FC243C8326C45B9AC14107F5D9156.d.AE5093C5F4E0347ECCFBD1F8122C5F49.e.7789/click - {}
RESULT: {}
COMMAND: POST /session/e5a8226ea9fde889391201a3e7d107f2/element - {"using":"xpath","value":"//span[contains(text(), \"English\")]"}
COMMAND: GET /session/e5a8226ea9fde889391201a3e7d107f2/screenshot - {}
RESULT: {"using":"xpath","value":"//span[contains(text(), \"English\")]"}
COMMAND: POST /session/e5a8226ea9fde889391201a3e7d107f2/element/f.423FC243C8326C45B9AC14107F5D9156.d.AE5093C5F4E0347ECCFBD1F8122C5F49.e.7790/click - {}
RESULT: {}
RESULT: {}
COMMAND: GET /session/e5a8226ea9fde889391201a3e7d107f2/screenshot - {}
RESULT: {}
COMMAND: POST /session/e5a8226ea9fde889391201a3e7d107f2/execute/async - {"script":"<script> [1562 bytes]","args":[{"selector":{"id":"application-managepartners-display-component---NewPartner--addressDetailDetailsCity1","interaction":{"idSuffix":"inner"}},"wdio_ui5_key":"applicationmanagepartners-display-component---NewPartner--addressDetailDetailsCity1"}]}
RESULT: {"script":"<script> [1562 bytes]","args":[{"selector":{"id":"application-managepartners-display-component---NewPartner--addressDetailDetailsCity1","interaction":{"idSuffix":"inner"}},"wdio_ui5_key":"applicationmanagepartners-display-component---NewPartner--addressDetailDetailsCity1"}]}
RESULT: undefined
COMMAND: POST /session/e5a8226ea9fde889391201a3e7d107f2/execute/async - {"script":"<script> [776 bytes]","args":[{"enterText":"Rosario","selector":{"id":"application-managepartners-display-component---NewPartner--addressDetailDetailsCity1","interaction":{"idSuffix":"inner"}},"clearTextFirst":true,"interactionType":"ENTER_TEXT"}]}
RESULT: {"script":"<script> [776 bytes]","args":[{"enterText":"Rosario","selector":{"id":"application-managepartners-display-component---NewPartner--addressDetailDetailsCity1","interaction":{"idSuffix":"inner"}},"clearTextFirst":true,"interactionType":"ENTER_TEXT"}]}
COMMAND: POST /session/e5a8226ea9fde889391201a3e7d107f2/execute/async - {"script":"<script> [1562 bytes]","args":[{"selector":{"id":"application-managepartners-display-component---NewPartner--addressDetailDetailsCountry-arrow"},"wdio_ui5_key":"applicationmanagepartners-display-component---NewPartner--addressDetailDetailsCountry-arrow"}]}
RESULT: {"script":"<script> [1562 bytes]","args":[{"selector":{"id":"application-managepartners-display-component---NewPartner--addressDetailDetailsCountry-arrow"},"wdio_ui5_key":"applicationmanagepartners-display-component---NewPartner--addressDetailDetailsCountry-arrow"}]}
RESULT: undefined
COMMAND: POST /session/e5a8226ea9fde889391201a3e7d107f2/element - {"using":"xpath","value":"//*[@id=\"application-managepartners-display-component---NewPartner--addressDetailDetailsCountry-arrow\"]"}
RESULT: {"using":"xpath","value":"//*[@id=\"application-managepartners-display-component---NewPartner--addressDetailDetailsCountry-arrow\"]"}
COMMAND: POST /session/e5a8226ea9fde889391201a3e7d107f2/element/f.423FC243C8326C45B9AC14107F5D9156.d.AE5093C5F4E0347ECCFBD1F8122C5F49.e.7776/click - {}
RESULT: {}
COMMAND: POST /session/e5a8226ea9fde889391201a3e7d107f2/element - {"using":"xpath","value":"//span[contains(text(), \"Argentina\")]"}
COMMAND: GET /session/e5a8226ea9fde889391201a3e7d107f2/screenshot - {}
RESULT: {"using":"xpath","value":"//span[contains(text(), \"Argentina\")]"}
COMMAND: POST /session/e5a8226ea9fde889391201a3e7d107f2/element/f.423FC243C8326C45B9AC14107F5D9156.d.AE5093C5F4E0347ECCFBD1F8122C5F49.e.7792/click - {}
RESULT: {}
RESULT: {}
COMMAND: GET /session/e5a8226ea9fde889391201a3e7d107f2/screenshot - {}
RESULT: {}
COMMAND: POST /session/e5a8226ea9fde889391201a3e7d107f2/element - {"using":"xpath","value":"//bdi[contains(text(), \"Commercial\")]"}
RESULT: {"using":"xpath","value":"//bdi[contains(text(), \"Commercial\")]"}
COMMAND: POST /session/e5a8226ea9fde889391201a3e7d107f2/element/f.423FC243C8326C45B9AC14107F5D9156.d.AE5093C5F4E0347ECCFBD1F8122C5F49.e.7793/click - {}
RESULT: {}
COMMAND: GET /session/e5a8226ea9fde889391201a3e7d107f2/screenshot - {}
RESULT: {}
COMMAND: POST /session/e5a8226ea9fde889391201a3e7d107f2/execute/async - {"script":"<script> [1562 bytes]","args":[{"selector":{"id":"application-managepartners-display-component---NewPartner--partnerDetailInternal-arrow"},"wdio_ui5_key":"applicationmanagepartners-display-component---NewPartner--partnerDetailInternal-arrow"}]}
RESULT: {"script":"<script> [1562 bytes]","args":[{"selector":{"id":"application-managepartners-display-component---NewPartner--partnerDetailInternal-arrow"},"wdio_ui5_key":"applicationmanagepartners-display-component---NewPartner--partnerDetailInternal-arrow"}]}
RESULT: undefined
COMMAND: POST /session/e5a8226ea9fde889391201a3e7d107f2/element - {"using":"xpath","value":"//*[@id=\"application-managepartners-display-component---NewPartner--partnerDetailInternal-arrow\"]"}
RESULT: {"using":"xpath","value":"//*[@id=\"application-managepartners-display-component---NewPartner--partnerDetailInternal-arrow\"]"}
COMMAND: POST /session/e5a8226ea9fde889391201a3e7d107f2/element/f.423FC243C8326C45B9AC14107F5D9156.d.AE5093C5F4E0347ECCFBD1F8122C5F49.e.7799/click - {}
RESULT: {}
COMMAND: POST /session/e5a8226ea9fde889391201a3e7d107f2/element - {"using":"xpath","value":"//span[contains(text(), \"External partner\")]"}
COMMAND: GET /session/e5a8226ea9fde889391201a3e7d107f2/screenshot - {}
RESULT: {"using":"xpath","value":"//span[contains(text(), \"External partner\")]"}
COMMAND: POST /session/e5a8226ea9fde889391201a3e7d107f2/element/f.423FC243C8326C45B9AC14107F5D9156.d.AE5093C5F4E0347ECCFBD1F8122C5F49.e.7801/click - {}
RESULT: {}
RESULT: {}
COMMAND: POST /session/e5a8226ea9fde889391201a3e7d107f2/execute/async - {"script":"<script> [1562 bytes]","args":[{"selector":{"id":"application-managepartners-display-component---NewPartner--partnerDetailsCurrency-arrow"},"wdio_ui5_key":"applicationmanagepartners-display-component---NewPartner--partnerDetailsCurrency-arrow"}]}
COMMAND: GET /session/e5a8226ea9fde889391201a3e7d107f2/screenshot - {}
RESULT: {"script":"<script> [1562 bytes]","args":[{"selector":{"id":"application-managepartners-display-component---NewPartner--partnerDetailsCurrency-arrow"},"wdio_ui5_key":"applicationmanagepartners-display-component---NewPartner--partnerDetailsCurrency-arrow"}]}
RESULT: undefined
COMMAND: POST /session/e5a8226ea9fde889391201a3e7d107f2/element - {"using":"xpath","value":"//*[@id=\"application-managepartners-display-component---NewPartner--partnerDetailsCurrency-arrow\"]"}
RESULT: {}
RESULT: {"using":"xpath","value":"//*[@id=\"application-managepartners-display-component---NewPartner--partnerDetailsCurrency-arrow\"]"}
COMMAND: POST /session/e5a8226ea9fde889391201a3e7d107f2/element/f.423FC243C8326C45B9AC14107F5D9156.d.AE5093C5F4E0347ECCFBD1F8122C5F49.e.7806/click - {}
RESULT: {}
COMMAND: POST /session/e5a8226ea9fde889391201a3e7d107f2/element - {"using":"xpath","value":"//span[contains(text(), \"US Dollar\")]"}
COMMAND: GET /session/e5a8226ea9fde889391201a3e7d107f2/screenshot - {}
RESULT: {"using":"xpath","value":"//span[contains(text(), \"US Dollar\")]"}
COMMAND: POST /session/e5a8226ea9fde889391201a3e7d107f2/element/f.423FC243C8326C45B9AC14107F5D9156.d.AE5093C5F4E0347ECCFBD1F8122C5F49.e.7807/click - {}
RESULT: {}
RESULT: {}
COMMAND: GET /session/e5a8226ea9fde889391201a3e7d107f2/screenshot - {}
RESULT: {}
COMMAND: POST /session/e5a8226ea9fde889391201a3e7d107f2/element - {"using":"xpath","value":"//input[@id=\"application-managepartners-display-component---NewPartner--companyCodeComboBox-inner\"]"}
RESULT: {"using":"xpath","value":"//input[@id=\"application-managepartners-display-component---NewPartner--companyCodeComboBox-inner\"]"}
COMMAND: POST /session/e5a8226ea9fde889391201a3e7d107f2/element/f.423FC243C8326C45B9AC14107F5D9156.d.AE5093C5F4E0347ECCFBD1F8122C5F49.e.7648/clear - {}
RESULT: {}
COMMAND: POST /session/e5a8226ea9fde889391201a3e7d107f2/element/f.423FC243C8326C45B9AC14107F5D9156.d.AE5093C5F4E0347ECCFBD1F8122C5F49.e.7648/value - {"text":"C002"}
COMMAND: GET /session/e5a8226ea9fde889391201a3e7d107f2/screenshot - {}
RESULT: {"text":"C002"}
COMMAND: GET /session/e5a8226ea9fde889391201a3e7d107f2/screenshot - {}
RESULT: {}
RESULT: {}
COMMAND: POST /session/e5a8226ea9fde889391201a3e7d107f2/element - {"using":"xpath","value":"//li[.//span[text()= \"C002\"]]"}
RESULT: {"using":"xpath","value":"//li[.//span[text()= \"C002\"]]"}
COMMAND: POST /session/e5a8226ea9fde889391201a3e7d107f2/element/f.423FC243C8326C45B9AC14107F5D9156.d.AE5093C5F4E0347ECCFBD1F8122C5F49.e.7811/click - {}
RESULT: {}
COMMAND: GET /session/e5a8226ea9fde889391201a3e7d107f2/screenshot - {}
RESULT: {}
COMMAND: POST /session/e5a8226ea9fde889391201a3e7d107f2/execute/async - {"script":"<script> [1562 bytes]","args":[{"selector":{"controlType":"sap.ui.core.Icon","viewName":"etm.portal.ui.managepartners.view.NewPartner","viewId":"application-managepartners-display-component---NewPartner","properties":{"src":{"regex":{"source":"slim\\-arrow\\-down"}}},"ancestor":{"controlType":"sap.m.ComboBox","viewName":"etm.portal.ui.managepartners.view.NewPartner","viewId":"application-managepartners-display-component---NewPartner","bindingPath":{"path":"","propertyPath":"/CATALOG","modelName":"oNewPartnerModel"}}},"wdio_ui5_key":"etmportal.ui.managepartners.view.NewPartnersap.ui.core.Icon{\"src\":{\"regex\":{\"source\":\"slim\\\\-arrow\\\\-down\"}}}{\"controlType\":\"sap.m.ComboBox\",\"viewName\":\"etm.portal.ui.managepartners.view.NewPartner\",\"viewId\":\"application-managepartners-display-component---NewPartner\",\"bindingPath\":{\"path\":\"\",\"propertyPath\":\"/CATALOG\",\"modelName\":\"oNewPartnerModel\"}}"}]}
RESULT: {"script":"<script> [1562 bytes]","args":[{"selector":{"controlType":"sap.ui.core.Icon","viewName":"etm.portal.ui.managepartners.view.NewPartner","viewId":"application-managepartners-display-component---NewPartner","properties":{"src":{"regex":{"source":"slim\\-arrow\\-down"}}},"ancestor":{"controlType":"sap.m.ComboBox","viewName":"etm.portal.ui.managepartners.view.NewPartner","viewId":"application-managepartners-display-component---NewPartner","bindingPath":{"path":"","propertyPath":"/CATALOG","modelName":"oNewPartnerModel"}}},"wdio_ui5_key":"etmportal.ui.managepartners.view.NewPartnersap.ui.core.Icon{\"src\":{\"regex\":{\"source\":\"slim\\\\-arrow\\\\-down\"}}}{\"controlType\":\"sap.m.ComboBox\",\"viewName\":\"etm.portal.ui.managepartners.view.NewPartner\",\"viewId\":\"application-managepartners-display-component---NewPartner\",\"bindingPath\":{\"path\":\"\",\"propertyPath\":\"/CATALOG\",\"modelName\":\"oNewPartnerModel\"}}"}]}
RESULT: undefined
COMMAND: POST /session/e5a8226ea9fde889391201a3e7d107f2/element - {"using":"xpath","value":"//*[@id=\"__box21-arrow\"]"}
RESULT: {"using":"xpath","value":"//*[@id=\"__box21-arrow\"]"}
COMMAND: POST /session/e5a8226ea9fde889391201a3e7d107f2/element/f.423FC243C8326C45B9AC14107F5D9156.d.AE5093C5F4E0347ECCFBD1F8122C5F49.e.7777/click - {}
RESULT: {}
COMMAND: GET /session/e5a8226ea9fde889391201a3e7d107f2/screenshot - {}
RESULT: {}
COMMAND: POST /session/e5a8226ea9fde889391201a3e7d107f2/element - {"using":"xpath","value":"//ul[contains(@id,\"popup-list-listUl\")]//li[.//span[text()= \"Webshop Catalog\"]]"}
RESULT: {"using":"xpath","value":"//ul[contains(@id,\"popup-list-listUl\")]//li[.//span[text()= \"Webshop Catalog\"]]"}
COMMAND: POST /session/e5a8226ea9fde889391201a3e7d107f2/element/f.423FC243C8326C45B9AC14107F5D9156.d.AE5093C5F4E0347ECCFBD1F8122C5F49.e.7813/click - {}
RESULT: {}
COMMAND: GET /session/e5a8226ea9fde889391201a3e7d107f2/screenshot - {}
RESULT: {}
COMMAND: POST /session/e5a8226ea9fde889391201a3e7d107f2/execute/async - {"script":"<script> [1562 bytes]","args":[{"selector":{"id":"application-managepartners-display-component---NewPartner--btnAddTableRow-img"},"wdio_ui5_key":"applicationmanagepartners-display-component---NewPartner--btnAddTableRow-img"}]}
RESULT: {"script":"<script> [1562 bytes]","args":[{"selector":{"id":"application-managepartners-display-component---NewPartner--btnAddTableRow-img"},"wdio_ui5_key":"applicationmanagepartners-display-component---NewPartner--btnAddTableRow-img"}]}
RESULT: undefined
COMMAND: POST /session/e5a8226ea9fde889391201a3e7d107f2/element - {"using":"xpath","value":"//*[@id=\"application-managepartners-display-component---NewPartner--btnAddTableRow-img\"]"}
RESULT: {"using":"xpath","value":"//*[@id=\"application-managepartners-display-component---NewPartner--btnAddTableRow-img\"]"}
COMMAND: POST /session/e5a8226ea9fde889391201a3e7d107f2/element/f.423FC243C8326C45B9AC14107F5D9156.d.AE5093C5F4E0347ECCFBD1F8122C5F49.e.7814/click - {}
RESULT: {}
COMMAND: GET /session/e5a8226ea9fde889391201a3e7d107f2/screenshot - {}
RESULT: {}
COMMAND: POST /session/e5a8226ea9fde889391201a3e7d107f2/element - {"using":"xpath","value":"//input[@id=\"application-managepartners-display-component---NewPartner--assignmentYard-application-managepartners-display-component---NewPartner--assignmentsTable-0-inner\"]"}
RESULT: {"using":"xpath","value":"//input[@id=\"application-managepartners-display-component---NewPartner--assignmentYard-application-managepartners-display-component---NewPartner--assignmentsTable-0-inner\"]"}
COMMAND: POST /session/e5a8226ea9fde889391201a3e7d107f2/element/f.423FC243C8326C45B9AC14107F5D9156.d.AE5093C5F4E0347ECCFBD1F8122C5F49.e.7817/clear - {}
RESULT: {}
COMMAND: POST /session/e5a8226ea9fde889391201a3e7d107f2/element/f.423FC243C8326C45B9AC14107F5D9156.d.AE5093C5F4E0347ECCFBD1F8122C5F49.e.7817/value - {"text":"190"}
COMMAND: GET /session/e5a8226ea9fde889391201a3e7d107f2/screenshot - {}
RESULT: {"text":"190"}
COMMAND: GET /session/e5a8226ea9fde889391201a3e7d107f2/screenshot - {}
RESULT: {}
RESULT: {}
COMMAND: POST /session/e5a8226ea9fde889391201a3e7d107f2/element - {"using":"xpath","value":"//li[.//span[text()='190']]"}
RESULT: {"using":"xpath","value":"//li[.//span[text()='190']]"}
COMMAND: POST /session/e5a8226ea9fde889391201a3e7d107f2/element/f.423FC243C8326C45B9AC14107F5D9156.d.AE5093C5F4E0347ECCFBD1F8122C5F49.e.7824/click - {}
RESULT: {}
COMMAND: GET /session/e5a8226ea9fde889391201a3e7d107f2/screenshot - {}
RESULT: {}
COMMAND: POST /session/e5a8226ea9fde889391201a3e7d107f2/actions - {"actions":[{"id":"action29","type":"key","parameters":{},"actions":[{"type":"keyDown","value":"î€‡"},{"type":"pause","duration":10},{"type":"keyUp","value":"î€‡"}]}]}
RESULT: {"actions":[{"id":"action29","type":"key","parameters":{},"actions":[{"type":"keyDown","value":"î€‡"},{"type":"pause","duration":10},{"type":"keyUp","value":"î€‡"}]}]}
COMMAND: POST /session/e5a8226ea9fde889391201a3e7d107f2/element - {"using":"xpath","value":"//td[contains(@id, \"assignmentsTable-0-cell2\")]/div/div"}
COMMAND: GET /session/e5a8226ea9fde889391201a3e7d107f2/screenshot - {}
RESULT: {"using":"xpath","value":"//td[contains(@id, \"assignmentsTable-0-cell2\")]/div/div"}
COMMAND: POST /session/e5a8226ea9fde889391201a3e7d107f2/element/f.423FC243C8326C45B9AC14107F5D9156.d.AE5093C5F4E0347ECCFBD1F8122C5F49.e.7827/click - {}
RESULT: {}
RESULT: {}
COMMAND: GET /session/e5a8226ea9fde889391201a3e7d107f2/screenshot - {}
RESULT: {}
COMMAND: POST /session/e5a8226ea9fde889391201a3e7d107f2/element - {"using":"xpath","value":"//button[@data-kt=\"saveButton\"]"}
RESULT: {"using":"xpath","value":"//button[@data-kt=\"saveButton\"]"}
COMMAND: POST /session/e5a8226ea9fde889391201a3e7d107f2/element/f.423FC243C8326C45B9AC14107F5D9156.d.AE5093C5F4E0347ECCFBD1F8122C5F49.e.7726/click - {}
RESULT: {}
COMMAND: GET /session/e5a8226ea9fde889391201a3e7d107f2/screenshot - {}
RESULT: {}
COMMAND: POST /session/e5a8226ea9fde889391201a3e7d107f2/element - {"using":"xpath","value":"//header[contains(@id, 'ObjectPageLayout-headerTitle')]/div[1]/div[2]/div[2]/span[1]"}
RESULT: {"using":"xpath","value":"//header[contains(@id, 'ObjectPageLayout-headerTitle')]/div[1]/div[2]/div[2]/span[1]"}
COMMAND: POST /session/e5a8226ea9fde889391201a3e7d107f2/elements - {"using":"xpath","value":"//header[contains(@id, 'ObjectPageLayout-headerTitle')]/div[1]/div[2]/div[2]/span[1]"}
RESULT: {"using":"xpath","value":"//header[contains(@id, 'ObjectPageLayout-headerTitle')]/div[1]/div[2]/div[2]/span[1]"}
COMMAND: POST /session/e5a8226ea9fde889391201a3e7d107f2/execute/sync - {"script":"<script> [56 bytes]","args":[{"element-6066-11e4-a52e-4f735466cecf":"f.423FC243C8326C45B9AC14107F5D9156.d.AE5093C5F4E0347ECCFBD1F8122C5F49.e.7929","ELEMENT":"f.423FC243C8326C45B9AC14107F5D9156.d.AE5093C5F4E0347ECCFBD1F8122C5F49.e.7929"}]}
RESULT: {"script":"<script> [56 bytes]","args":[{"element-6066-11e4-a52e-4f735466cecf":"f.423FC243C8326C45B9AC14107F5D9156.d.AE5093C5F4E0347ECCFBD1F8122C5F49.e.7929","ELEMENT":"f.423FC243C8326C45B9AC14107F5D9156.d.AE5093C5F4E0347ECCFBD1F8122C5F49.e.7929"}]}
COMMAND: POST /session/e5a8226ea9fde889391201a3e7d107f2/element - {"using":"css selector","value":"#shell-header-logo"}
COMMAND: GET /session/e5a8226ea9fde889391201a3e7d107f2/screenshot - {}
RESULT: {"using":"css selector","value":"#shell-header-logo"}
COMMAND: POST /session/e5a8226ea9fde889391201a3e7d107f2/element/f.423FC243C8326C45B9AC14107F5D9156.d.AE5093C5F4E0347ECCFBD1F8122C5F49.e.7416/click - {}
RESULT: {}
RESULT: {}
COMMAND: GET /session/e5a8226ea9fde889391201a3e7d107f2/screenshot - {}
RESULT: {}
COMMAND: POST /session/e5a8226ea9fde889391201a3e7d107f2/execute/sync - {"script":"<script> [299 bytes]","args":[["getModel","getResource"]]}
RESULT: {"script":"<script> [299 bytes]","args":[["getModel","getResource"]]}
]]></system-out>
    </testcase>
    <testcase classname="chrome.137_0_7151_69.windows.Provide_to_Site_w/o_warehouse_management_w/_clarification_US116605" name="Should create a new site" time="96.64">
      <system-out><![CDATA[
COMMAND: GET /session/e5a8226ea9fde889391201a3e7d107f2/screenshot - {}
COMMAND: POST /session/e5a8226ea9fde889391201a3e7d107f2/execute/async - {"script":"<script> [1562 bytes]","args":[{"selector":{"controlType":"sap.m.GenericTile","properties":{"header":"Manage Sites"}},"wdio_ui5_key":"sapm.GenericTile{\"header\":\"Manage Sites\"}"}]}
RESULT: {}
RESULT: {"script":"<script> [1562 bytes]","args":[{"selector":{"controlType":"sap.m.GenericTile","properties":{"header":"Manage Sites"}},"wdio_ui5_key":"sapm.GenericTile{\"header\":\"Manage Sites\"}"}]}
RESULT: undefined
COMMAND: POST /session/e5a8226ea9fde889391201a3e7d107f2/element - {"using":"xpath","value":"//*[@id=\"__tile33\"]"}
RESULT: {"using":"xpath","value":"//*[@id=\"__tile33\"]"}
COMMAND: POST /session/e5a8226ea9fde889391201a3e7d107f2/element/f.423FC243C8326C45B9AC14107F5D9156.d.AE5093C5F4E0347ECCFBD1F8122C5F49.e.6596/click - {}
RESULT: {}
COMMAND: GET /session/e5a8226ea9fde889391201a3e7d107f2/screenshot - {}
RESULT: {}
COMMAND: POST /session/e5a8226ea9fde889391201a3e7d107f2/elements - {"using":"xpath","value":"//span[text()='Error']"}
RESULT: {"using":"xpath","value":"//span[text()='Error']"}
COMMAND: POST /session/e5a8226ea9fde889391201a3e7d107f2/element - {"using":"xpath","value":"//button[@data-kt=\"addOverflowToolbarButton\"]"}
RESULT: {"using":"xpath","value":"//button[@data-kt=\"addOverflowToolbarButton\"]"}
COMMAND: POST /session/e5a8226ea9fde889391201a3e7d107f2/elements - {"using":"xpath","value":"//button[@data-kt=\"addOverflowToolbarButton\"]"}
RESULT: {"using":"xpath","value":"//button[@data-kt=\"addOverflowToolbarButton\"]"}
COMMAND: POST /session/e5a8226ea9fde889391201a3e7d107f2/execute/sync - {"script":"<script> [8489 bytes]","args":[{"element-6066-11e4-a52e-4f735466cecf":"f.423FC243C8326C45B9AC14107F5D9156.d.AE5093C5F4E0347ECCFBD1F8122C5F49.e.7977","ELEMENT":"f.423FC243C8326C45B9AC14107F5D9156.d.AE5093C5F4E0347ECCFBD1F8122C5F49.e.7977"}]}
RESULT: {"script":"<script> [8489 bytes]","args":[{"element-6066-11e4-a52e-4f735466cecf":"f.423FC243C8326C45B9AC14107F5D9156.d.AE5093C5F4E0347ECCFBD1F8122C5F49.e.7977","ELEMENT":"f.423FC243C8326C45B9AC14107F5D9156.d.AE5093C5F4E0347ECCFBD1F8122C5F49.e.7977"}]}
COMMAND: GET /session/e5a8226ea9fde889391201a3e7d107f2/element/f.423FC243C8326C45B9AC14107F5D9156.d.AE5093C5F4E0347ECCFBD1F8122C5F49.e.7977/enabled - {}
COMMAND: GET /session/e5a8226ea9fde889391201a3e7d107f2/screenshot - {}
RESULT: {}
COMMAND: POST /session/e5a8226ea9fde889391201a3e7d107f2/execute/sync - {"script":"<script> [8489 bytes]","args":[{"element-6066-11e4-a52e-4f735466cecf":"f.423FC243C8326C45B9AC14107F5D9156.d.AE5093C5F4E0347ECCFBD1F8122C5F49.e.7977","ELEMENT":"f.423FC243C8326C45B9AC14107F5D9156.d.AE5093C5F4E0347ECCFBD1F8122C5F49.e.7977"}]}
COMMAND: GET /session/e5a8226ea9fde889391201a3e7d107f2/screenshot - {}
RESULT: {}
RESULT: {"script":"<script> [8489 bytes]","args":[{"element-6066-11e4-a52e-4f735466cecf":"f.423FC243C8326C45B9AC14107F5D9156.d.AE5093C5F4E0347ECCFBD1F8122C5F49.e.7977","ELEMENT":"f.423FC243C8326C45B9AC14107F5D9156.d.AE5093C5F4E0347ECCFBD1F8122C5F49.e.7977"}]}
COMMAND: POST /session/e5a8226ea9fde889391201a3e7d107f2/execute/sync - {"script":"<script> [5351 bytes]","args":[{"element-6066-11e4-a52e-4f735466cecf":"f.423FC243C8326C45B9AC14107F5D9156.d.AE5093C5F4E0347ECCFBD1F8122C5F49.e.7977","ELEMENT":"f.423FC243C8326C45B9AC14107F5D9156.d.AE5093C5F4E0347ECCFBD1F8122C5F49.e.7977"}]}
COMMAND: GET /session/e5a8226ea9fde889391201a3e7d107f2/screenshot - {}
RESULT: {}
RESULT: {"script":"<script> [5351 bytes]","args":[{"element-6066-11e4-a52e-4f735466cecf":"f.423FC243C8326C45B9AC14107F5D9156.d.AE5093C5F4E0347ECCFBD1F8122C5F49.e.7977","ELEMENT":"f.423FC243C8326C45B9AC14107F5D9156.d.AE5093C5F4E0347ECCFBD1F8122C5F49.e.7977"}]}
COMMAND: POST /session/e5a8226ea9fde889391201a3e7d107f2/element/f.423FC243C8326C45B9AC14107F5D9156.d.AE5093C5F4E0347ECCFBD1F8122C5F49.e.7977/click - {}
COMMAND: GET /session/e5a8226ea9fde889391201a3e7d107f2/screenshot - {}
RESULT: {}
RESULT: {}
COMMAND: GET /session/e5a8226ea9fde889391201a3e7d107f2/screenshot - {}
RESULT: {}
RESULT: {}
COMMAND: POST /session/e5a8226ea9fde889391201a3e7d107f2/element - {"using":"xpath","value":"//input[@id=\"application-managesites-display-component---NewSite--siteId-inner\"]"}
RESULT: {"using":"xpath","value":"//input[@id=\"application-managesites-display-component---NewSite--siteId-inner\"]"}
COMMAND: POST /session/e5a8226ea9fde889391201a3e7d107f2/element - {"using":"xpath","value":"//input[@id=\"application-managesites-display-component---NewSite--siteId-inner\"]"}
RESULT: {"using":"xpath","value":"//input[@id=\"application-managesites-display-component---NewSite--siteId-inner\"]"}
COMMAND: POST /session/e5a8226ea9fde889391201a3e7d107f2/execute/async - {"script":"<script> [1562 bytes]","args":[{"selector":{"id":"application-managesites-display-component---NewSite--addressDetailDetailsName1","interaction":{"idSuffix":"inner"}},"wdio_ui5_key":"applicationmanagesites-display-component---NewSite--addressDetailDetailsName1"}]}
RESULT: {"script":"<script> [1562 bytes]","args":[{"selector":{"id":"application-managesites-display-component---NewSite--addressDetailDetailsName1","interaction":{"idSuffix":"inner"}},"wdio_ui5_key":"applicationmanagesites-display-component---NewSite--addressDetailDetailsName1"}]}
RESULT: undefined
COMMAND: POST /session/e5a8226ea9fde889391201a3e7d107f2/execute/async - {"script":"<script> [776 bytes]","args":[{"enterText":"Other Type Site WDIO","selector":{"id":"application-managesites-display-component---NewSite--addressDetailDetailsName1","interaction":{"idSuffix":"inner"}},"clearTextFirst":true,"interactionType":"ENTER_TEXT"}]}
RESULT: {"script":"<script> [776 bytes]","args":[{"enterText":"Other Type Site WDIO","selector":{"id":"application-managesites-display-component---NewSite--addressDetailDetailsName1","interaction":{"idSuffix":"inner"}},"clearTextFirst":true,"interactionType":"ENTER_TEXT"}]}
COMMAND: POST /session/e5a8226ea9fde889391201a3e7d107f2/execute/async - {"script":"<script> [1562 bytes]","args":[{"selector":{"id":"application-managesites-display-component---NewSite--addressDetailDetailsLanguage-arrow"},"wdio_ui5_key":"applicationmanagesites-display-component---NewSite--addressDetailDetailsLanguage-arrow"}]}
RESULT: {"script":"<script> [1562 bytes]","args":[{"selector":{"id":"application-managesites-display-component---NewSite--addressDetailDetailsLanguage-arrow"},"wdio_ui5_key":"applicationmanagesites-display-component---NewSite--addressDetailDetailsLanguage-arrow"}]}
RESULT: undefined
COMMAND: POST /session/e5a8226ea9fde889391201a3e7d107f2/element - {"using":"xpath","value":"//*[@id=\"application-managesites-display-component---NewSite--addressDetailDetailsLanguage-arrow\"]"}
RESULT: {"using":"xpath","value":"//*[@id=\"application-managesites-display-component---NewSite--addressDetailDetailsLanguage-arrow\"]"}
COMMAND: POST /session/e5a8226ea9fde889391201a3e7d107f2/element/f.423FC243C8326C45B9AC14107F5D9156.d.AE5093C5F4E0347ECCFBD1F8122C5F49.e.8269/click - {}
RESULT: {}
COMMAND: POST /session/e5a8226ea9fde889391201a3e7d107f2/element - {"using":"xpath","value":"//span[contains(text(), \"English\")]"}
COMMAND: GET /session/e5a8226ea9fde889391201a3e7d107f2/screenshot - {}
RESULT: {"using":"xpath","value":"//span[contains(text(), \"English\")]"}
COMMAND: POST /session/e5a8226ea9fde889391201a3e7d107f2/element/f.423FC243C8326C45B9AC14107F5D9156.d.AE5093C5F4E0347ECCFBD1F8122C5F49.e.8270/click - {}
RESULT: {}
RESULT: {}
COMMAND: POST /session/e5a8226ea9fde889391201a3e7d107f2/execute/async - {"script":"<script> [1562 bytes]","args":[{"selector":{"id":"application-managesites-display-component---NewSite--addressDetailDetailsCity1","interaction":{"idSuffix":"inner"}},"wdio_ui5_key":"applicationmanagesites-display-component---NewSite--addressDetailDetailsCity1"}]}
COMMAND: GET /session/e5a8226ea9fde889391201a3e7d107f2/screenshot - {}
RESULT: {"script":"<script> [1562 bytes]","args":[{"selector":{"id":"application-managesites-display-component---NewSite--addressDetailDetailsCity1","interaction":{"idSuffix":"inner"}},"wdio_ui5_key":"applicationmanagesites-display-component---NewSite--addressDetailDetailsCity1"}]}
RESULT: undefined
COMMAND: POST /session/e5a8226ea9fde889391201a3e7d107f2/execute/async - {"script":"<script> [776 bytes]","args":[{"enterText":"Rosario","selector":{"id":"application-managesites-display-component---NewSite--addressDetailDetailsCity1","interaction":{"idSuffix":"inner"}},"clearTextFirst":true,"interactionType":"ENTER_TEXT"}]}
RESULT: {}
RESULT: {"script":"<script> [776 bytes]","args":[{"enterText":"Rosario","selector":{"id":"application-managesites-display-component---NewSite--addressDetailDetailsCity1","interaction":{"idSuffix":"inner"}},"clearTextFirst":true,"interactionType":"ENTER_TEXT"}]}
COMMAND: POST /session/e5a8226ea9fde889391201a3e7d107f2/execute/async - {"script":"<script> [1562 bytes]","args":[{"selector":{"id":"application-managesites-display-component---NewSite--addressDetailDetailsCountry-arrow"},"wdio_ui5_key":"applicationmanagesites-display-component---NewSite--addressDetailDetailsCountry-arrow"}]}
RESULT: {"script":"<script> [1562 bytes]","args":[{"selector":{"id":"application-managesites-display-component---NewSite--addressDetailDetailsCountry-arrow"},"wdio_ui5_key":"applicationmanagesites-display-component---NewSite--addressDetailDetailsCountry-arrow"}]}
RESULT: undefined
COMMAND: POST /session/e5a8226ea9fde889391201a3e7d107f2/element - {"using":"xpath","value":"//*[@id=\"application-managesites-display-component---NewSite--addressDetailDetailsCountry-arrow\"]"}
RESULT: {"using":"xpath","value":"//*[@id=\"application-managesites-display-component---NewSite--addressDetailDetailsCountry-arrow\"]"}
COMMAND: POST /session/e5a8226ea9fde889391201a3e7d107f2/element/f.423FC243C8326C45B9AC14107F5D9156.d.AE5093C5F4E0347ECCFBD1F8122C5F49.e.8272/click - {}
RESULT: {}
COMMAND: POST /session/e5a8226ea9fde889391201a3e7d107f2/element - {"using":"xpath","value":"//span[contains(text(), \"Argentina\")]"}
COMMAND: GET /session/e5a8226ea9fde889391201a3e7d107f2/screenshot - {}
RESULT: {"using":"xpath","value":"//span[contains(text(), \"Argentina\")]"}
COMMAND: POST /session/e5a8226ea9fde889391201a3e7d107f2/element/f.423FC243C8326C45B9AC14107F5D9156.d.AE5093C5F4E0347ECCFBD1F8122C5F49.e.8273/click - {}
RESULT: {}
RESULT: {}
COMMAND: GET /session/e5a8226ea9fde889391201a3e7d107f2/screenshot - {}
RESULT: {}
COMMAND: POST /session/e5a8226ea9fde889391201a3e7d107f2/execute/async - {"script":"<script> [1562 bytes]","args":[{"selector":{"id":"application-managesites-display-component---NewSite--addressEditDetailsCostObjectCstType-arrow"},"wdio_ui5_key":"applicationmanagesites-display-component---NewSite--addressEditDetailsCostObjectCstType-arrow"}]}
RESULT: {"script":"<script> [1562 bytes]","args":[{"selector":{"id":"application-managesites-display-component---NewSite--addressEditDetailsCostObjectCstType-arrow"},"wdio_ui5_key":"applicationmanagesites-display-component---NewSite--addressEditDetailsCostObjectCstType-arrow"}]}
RESULT: undefined
COMMAND: POST /session/e5a8226ea9fde889391201a3e7d107f2/element - {"using":"xpath","value":"//*[@id=\"application-managesites-display-component---NewSite--addressEditDetailsCostObjectCstType-arrow\"]"}
RESULT: {"using":"xpath","value":"//*[@id=\"application-managesites-display-component---NewSite--addressEditDetailsCostObjectCstType-arrow\"]"}
COMMAND: POST /session/e5a8226ea9fde889391201a3e7d107f2/element/f.423FC243C8326C45B9AC14107F5D9156.d.AE5093C5F4E0347ECCFBD1F8122C5F49.e.8275/click - {}
RESULT: {}
COMMAND: POST /session/e5a8226ea9fde889391201a3e7d107f2/element - {"using":"xpath","value":"//span[contains(text(), \"Cost Center\")]"}
COMMAND: GET /session/e5a8226ea9fde889391201a3e7d107f2/screenshot - {}
RESULT: {"using":"xpath","value":"//span[contains(text(), \"Cost Center\")]"}
COMMAND: POST /session/e5a8226ea9fde889391201a3e7d107f2/element/f.423FC243C8326C45B9AC14107F5D9156.d.AE5093C5F4E0347ECCFBD1F8122C5F49.e.8277/click - {}
RESULT: {}
RESULT: {}
COMMAND: GET /session/e5a8226ea9fde889391201a3e7d107f2/screenshot - {}
RESULT: {}
COMMAND: POST /session/e5a8226ea9fde889391201a3e7d107f2/element - {"using":"xpath","value":"//span[@id=\"application-managesites-display-component---NewSite--addressNewCostObjectCstID-vhi\"]"}
RESULT: {"using":"xpath","value":"//span[@id=\"application-managesites-display-component---NewSite--addressNewCostObjectCstID-vhi\"]"}
COMMAND: POST /session/e5a8226ea9fde889391201a3e7d107f2/execute/sync - {"script":"<script> [8489 bytes]","args":[{"element-6066-11e4-a52e-4f735466cecf":"f.423FC243C8326C45B9AC14107F5D9156.d.AE5093C5F4E0347ECCFBD1F8122C5F49.e.8281","ELEMENT":"f.423FC243C8326C45B9AC14107F5D9156.d.AE5093C5F4E0347ECCFBD1F8122C5F49.e.8281"}]}
RESULT: {"script":"<script> [8489 bytes]","args":[{"element-6066-11e4-a52e-4f735466cecf":"f.423FC243C8326C45B9AC14107F5D9156.d.AE5093C5F4E0347ECCFBD1F8122C5F49.e.8281","ELEMENT":"f.423FC243C8326C45B9AC14107F5D9156.d.AE5093C5F4E0347ECCFBD1F8122C5F49.e.8281"}]}
COMMAND: POST /session/e5a8226ea9fde889391201a3e7d107f2/execute/async - {"script":"<script> [1562 bytes]","args":[{"selector":{"id":"application-managesites-display-component---NewSite--addressNewCostObjectCstID-vhi"},"wdio_ui5_key":"applicationmanagesites-display-component---NewSite--addressNewCostObjectCstID-vhi"}]}
COMMAND: GET /session/e5a8226ea9fde889391201a3e7d107f2/screenshot - {}
RESULT: {"script":"<script> [1562 bytes]","args":[{"selector":{"id":"application-managesites-display-component---NewSite--addressNewCostObjectCstID-vhi"},"wdio_ui5_key":"applicationmanagesites-display-component---NewSite--addressNewCostObjectCstID-vhi"}]}
RESULT: undefined
COMMAND: POST /session/e5a8226ea9fde889391201a3e7d107f2/element - {"using":"xpath","value":"//*[@id=\"application-managesites-display-component---NewSite--addressNewCostObjectCstID-vhi\"]"}
RESULT: {}
RESULT: {"using":"xpath","value":"//*[@id=\"application-managesites-display-component---NewSite--addressNewCostObjectCstID-vhi\"]"}
COMMAND: POST /session/e5a8226ea9fde889391201a3e7d107f2/element/f.423FC243C8326C45B9AC14107F5D9156.d.AE5093C5F4E0347ECCFBD1F8122C5F49.e.8281/click - {}
RESULT: {}
COMMAND: GET /session/e5a8226ea9fde889391201a3e7d107f2/screenshot - {}
RESULT: {}
RESULT: undefined
COMMAND: POST /session/e5a8226ea9fde889391201a3e7d107f2/execute/async - {"script":"<script> [776 bytes]","args":[{"enterText":"10001013","selector":{"controlType":"sap.m.SearchField","properties":{"placeholder":"Search"},"searchOpenDialogs":true,"interaction":{"idSuffix":"I"}},"clearTextFirst":true,"interactionType":"ENTER_TEXT"}]}
RESULT: {"script":"<script> [776 bytes]","args":[{"enterText":"10001013","selector":{"controlType":"sap.m.SearchField","properties":{"placeholder":"Search"},"searchOpenDialogs":true,"interaction":{"idSuffix":"I"}},"clearTextFirst":true,"interactionType":"ENTER_TEXT"}]}
COMMAND: POST /session/e5a8226ea9fde889391201a3e7d107f2/actions - {"actions":[{"id":"action30","type":"key","parameters":{},"actions":[{"type":"keyDown","value":"î€‡"},{"type":"pause","duration":10},{"type":"keyUp","value":"î€‡"}]}]}
RESULT: {"actions":[{"id":"action30","type":"key","parameters":{},"actions":[{"type":"keyDown","value":"î€‡"},{"type":"pause","duration":10},{"type":"keyUp","value":"î€‡"}]}]}
COMMAND: GET /session/e5a8226ea9fde889391201a3e7d107f2/screenshot - {}
RESULT: {}
COMMAND: POST /session/e5a8226ea9fde889391201a3e7d107f2/element - {"using":"xpath","value":"//span[contains(text(), \"General Management\")]"}
RESULT: {"using":"xpath","value":"//span[contains(text(), \"General Management\")]"}
COMMAND: POST /session/e5a8226ea9fde889391201a3e7d107f2/element/f.423FC243C8326C45B9AC14107F5D9156.d.AE5093C5F4E0347ECCFBD1F8122C5F49.e.8319/click - {}
RESULT: {}
COMMAND: GET /session/e5a8226ea9fde889391201a3e7d107f2/screenshot - {}
RESULT: {}
COMMAND: POST /session/e5a8226ea9fde889391201a3e7d107f2/element - {"using":"xpath","value":"//bdi[contains(text(), \"OK\")]"}
RESULT: {"using":"xpath","value":"//bdi[contains(text(), \"OK\")]"}
COMMAND: POST /session/e5a8226ea9fde889391201a3e7d107f2/element/f.423FC243C8326C45B9AC14107F5D9156.d.AE5093C5F4E0347ECCFBD1F8122C5F49.e.8320/click - {}
RESULT: {}
COMMAND: GET /session/e5a8226ea9fde889391201a3e7d107f2/screenshot - {}
RESULT: {}
COMMAND: POST /session/e5a8226ea9fde889391201a3e7d107f2/element - {"using":"xpath","value":"//input[@id=\"application-managesites-display-component---NewSite--addressDetailDetailsCalendar-inner\"]"}
RESULT: {"using":"xpath","value":"//input[@id=\"application-managesites-display-component---NewSite--addressDetailDetailsCalendar-inner\"]"}
COMMAND: POST /session/e5a8226ea9fde889391201a3e7d107f2/element/f.423FC243C8326C45B9AC14107F5D9156.d.AE5093C5F4E0347ECCFBD1F8122C5F49.e.8119/clear - {}
RESULT: {}
COMMAND: POST /session/e5a8226ea9fde889391201a3e7d107f2/element/f.423FC243C8326C45B9AC14107F5D9156.d.AE5093C5F4E0347ECCFBD1F8122C5F49.e.8119/value - {"text":"Unit"}
COMMAND: GET /session/e5a8226ea9fde889391201a3e7d107f2/screenshot - {}
RESULT: {"text":"Unit"}
COMMAND: GET /session/e5a8226ea9fde889391201a3e7d107f2/screenshot - {}
RESULT: {}
RESULT: {}
COMMAND: POST /session/e5a8226ea9fde889391201a3e7d107f2/actions - {"actions":[{"id":"action31","type":"key","parameters":{},"actions":[{"type":"keyDown","value":"î€‡"},{"type":"pause","duration":10},{"type":"keyUp","value":"î€‡"}]}]}
RESULT: {"actions":[{"id":"action31","type":"key","parameters":{},"actions":[{"type":"keyDown","value":"î€‡"},{"type":"pause","duration":10},{"type":"keyUp","value":"î€‡"}]}]}
COMMAND: POST /session/e5a8226ea9fde889391201a3e7d107f2/element - {"using":"xpath","value":"//input[@id=\"application-managesites-display-component---NewSite--addressDetailDetailsYard-inner\"]"}
COMMAND: GET /session/e5a8226ea9fde889391201a3e7d107f2/screenshot - {}
RESULT: {"using":"xpath","value":"//input[@id=\"application-managesites-display-component---NewSite--addressDetailDetailsYard-inner\"]"}
COMMAND: POST /session/e5a8226ea9fde889391201a3e7d107f2/element/f.423FC243C8326C45B9AC14107F5D9156.d.AE5093C5F4E0347ECCFBD1F8122C5F49.e.8120/clear - {}
RESULT: {}
RESULT: {}
COMMAND: POST /session/e5a8226ea9fde889391201a3e7d107f2/element/f.423FC243C8326C45B9AC14107F5D9156.d.AE5093C5F4E0347ECCFBD1F8122C5F49.e.8120/value - {"text":"190"}
COMMAND: GET /session/e5a8226ea9fde889391201a3e7d107f2/screenshot - {}
RESULT: {"text":"190"}
COMMAND: GET /session/e5a8226ea9fde889391201a3e7d107f2/screenshot - {}
RESULT: {}
RESULT: {}
COMMAND: POST /session/e5a8226ea9fde889391201a3e7d107f2/element - {"using":"xpath","value":"//li[.//span[text()='190']]"}
RESULT: {"using":"xpath","value":"//li[.//span[text()='190']]"}
COMMAND: POST /session/e5a8226ea9fde889391201a3e7d107f2/element/f.423FC243C8326C45B9AC14107F5D9156.d.AE5093C5F4E0347ECCFBD1F8122C5F49.e.8328/click - {}
RESULT: {}
COMMAND: GET /session/e5a8226ea9fde889391201a3e7d107f2/screenshot - {}
RESULT: {}
COMMAND: POST /session/e5a8226ea9fde889391201a3e7d107f2/element - {"using":"xpath","value":"//input[@id=\"application-managesites-display-component---NewSite--addressDetailDetailsPartner-inner\"]"}
RESULT: {"using":"xpath","value":"//input[@id=\"application-managesites-display-component---NewSite--addressDetailDetailsPartner-inner\"]"}
COMMAND: POST /session/e5a8226ea9fde889391201a3e7d107f2/element - {"using":"xpath","value":"//input[@id=\"application-managesites-display-component---NewSite--addressDetailDetailsPartner-inner\"]"}
RESULT: {"using":"xpath","value":"//input[@id=\"application-managesites-display-component---NewSite--addressDetailDetailsPartner-inner\"]"}
COMMAND: POST /session/e5a8226ea9fde889391201a3e7d107f2/element - {"using":"xpath","value":"//button[@data-kt=\"saveButton\"]"}
RESULT: {"using":"xpath","value":"//button[@data-kt=\"saveButton\"]"}
COMMAND: POST /session/e5a8226ea9fde889391201a3e7d107f2/element/f.423FC243C8326C45B9AC14107F5D9156.d.AE5093C5F4E0347ECCFBD1F8122C5F49.e.8262/click - {}
RESULT: {}
COMMAND: GET /session/e5a8226ea9fde889391201a3e7d107f2/screenshot - {}
RESULT: {}
COMMAND: POST /session/e5a8226ea9fde889391201a3e7d107f2/element - {"using":"xpath","value":"//header[contains(@id, 'ObjectPageLayout-headerTitle')]/div[1]/div[2]/div[2]/span[1]"}
RESULT: {"using":"xpath","value":"//header[contains(@id, 'ObjectPageLayout-headerTitle')]/div[1]/div[2]/div[2]/span[1]"}
COMMAND: POST /session/e5a8226ea9fde889391201a3e7d107f2/elements - {"using":"xpath","value":"//header[contains(@id, 'ObjectPageLayout-headerTitle')]/div[1]/div[2]/div[2]/span[1]"}
RESULT: {"using":"xpath","value":"//header[contains(@id, 'ObjectPageLayout-headerTitle')]/div[1]/div[2]/div[2]/span[1]"}
COMMAND: POST /session/e5a8226ea9fde889391201a3e7d107f2/execute/sync - {"script":"<script> [56 bytes]","args":[{"element-6066-11e4-a52e-4f735466cecf":"f.423FC243C8326C45B9AC14107F5D9156.d.AE5093C5F4E0347ECCFBD1F8122C5F49.e.8476","ELEMENT":"f.423FC243C8326C45B9AC14107F5D9156.d.AE5093C5F4E0347ECCFBD1F8122C5F49.e.8476"}]}
RESULT: {"script":"<script> [56 bytes]","args":[{"element-6066-11e4-a52e-4f735466cecf":"f.423FC243C8326C45B9AC14107F5D9156.d.AE5093C5F4E0347ECCFBD1F8122C5F49.e.8476","ELEMENT":"f.423FC243C8326C45B9AC14107F5D9156.d.AE5093C5F4E0347ECCFBD1F8122C5F49.e.8476"}]}
COMMAND: POST /session/e5a8226ea9fde889391201a3e7d107f2/element - {"using":"css selector","value":"#shell-header-logo"}
COMMAND: GET /session/e5a8226ea9fde889391201a3e7d107f2/screenshot - {}
RESULT: {"using":"css selector","value":"#shell-header-logo"}
COMMAND: POST /session/e5a8226ea9fde889391201a3e7d107f2/element/f.423FC243C8326C45B9AC14107F5D9156.d.AE5093C5F4E0347ECCFBD1F8122C5F49.e.7935/click - {}
RESULT: {}
RESULT: {}
COMMAND: GET /session/e5a8226ea9fde889391201a3e7d107f2/screenshot - {}
RESULT: {}
COMMAND: POST /session/e5a8226ea9fde889391201a3e7d107f2/execute/sync - {"script":"<script> [299 bytes]","args":[["getModel","getResource"]]}
RESULT: {"script":"<script> [299 bytes]","args":[["getModel","getResource"]]}
COMMAND: GET /session/e5a8226ea9fde889391201a3e7d107f2/screenshot - {}
]]></system-out>
    </testcase>
    <testcase classname="chrome.137_0_7151_69.windows.Provide_to_Site_w/o_warehouse_management_w/_clarification_US116605" name="Should create a new material" time="126.746">
      <system-out><![CDATA[
COMMAND: POST /session/e5a8226ea9fde889391201a3e7d107f2/execute/async - {"script":"<script> [1562 bytes]","args":[{"selector":{"controlType":"sap.m.GenericTile","properties":{"header":"Manage Resources"}},"wdio_ui5_key":"sapm.GenericTile{\"header\":\"Manage Resources\"}"}]}
RESULT: {}
RESULT: {"script":"<script> [1562 bytes]","args":[{"selector":{"controlType":"sap.m.GenericTile","properties":{"header":"Manage Resources"}},"wdio_ui5_key":"sapm.GenericTile{\"header\":\"Manage Resources\"}"}]}
RESULT: undefined
COMMAND: POST /session/e5a8226ea9fde889391201a3e7d107f2/element - {"using":"xpath","value":"//*[@id=\"__tile32\"]"}
RESULT: {"using":"xpath","value":"//*[@id=\"__tile32\"]"}
COMMAND: POST /session/e5a8226ea9fde889391201a3e7d107f2/element/f.423FC243C8326C45B9AC14107F5D9156.d.AE5093C5F4E0347ECCFBD1F8122C5F49.e.6593/click - {}
RESULT: {}
COMMAND: GET /session/e5a8226ea9fde889391201a3e7d107f2/screenshot - {}
RESULT: {}
COMMAND: POST /session/e5a8226ea9fde889391201a3e7d107f2/elements - {"using":"xpath","value":"//span[text()='Error']"}
RESULT: {"using":"xpath","value":"//span[text()='Error']"}
COMMAND: POST /session/e5a8226ea9fde889391201a3e7d107f2/element - {"using":"xpath","value":"//button[@data-kt=\"addNewRUOverflowToolbarButton\"]"}
RESULT: {"using":"xpath","value":"//button[@data-kt=\"addNewRUOverflowToolbarButton\"]"}
COMMAND: POST /session/e5a8226ea9fde889391201a3e7d107f2/elements - {"using":"xpath","value":"//button[@data-kt=\"addNewRUOverflowToolbarButton\"]"}
RESULT: {"using":"xpath","value":"//button[@data-kt=\"addNewRUOverflowToolbarButton\"]"}
COMMAND: POST /session/e5a8226ea9fde889391201a3e7d107f2/execute/sync - {"script":"<script> [8489 bytes]","args":[{"element-6066-11e4-a52e-4f735466cecf":"f.423FC243C8326C45B9AC14107F5D9156.d.AE5093C5F4E0347ECCFBD1F8122C5F49.e.8508","ELEMENT":"f.423FC243C8326C45B9AC14107F5D9156.d.AE5093C5F4E0347ECCFBD1F8122C5F49.e.8508"}]}
RESULT: {"script":"<script> [8489 bytes]","args":[{"element-6066-11e4-a52e-4f735466cecf":"f.423FC243C8326C45B9AC14107F5D9156.d.AE5093C5F4E0347ECCFBD1F8122C5F49.e.8508","ELEMENT":"f.423FC243C8326C45B9AC14107F5D9156.d.AE5093C5F4E0347ECCFBD1F8122C5F49.e.8508"}]}
COMMAND: GET /session/e5a8226ea9fde889391201a3e7d107f2/element/f.423FC243C8326C45B9AC14107F5D9156.d.AE5093C5F4E0347ECCFBD1F8122C5F49.e.8508/enabled - {}
COMMAND: GET /session/e5a8226ea9fde889391201a3e7d107f2/screenshot - {}
RESULT: {}
COMMAND: POST /session/e5a8226ea9fde889391201a3e7d107f2/execute/sync - {"script":"<script> [8489 bytes]","args":[{"element-6066-11e4-a52e-4f735466cecf":"f.423FC243C8326C45B9AC14107F5D9156.d.AE5093C5F4E0347ECCFBD1F8122C5F49.e.8508","ELEMENT":"f.423FC243C8326C45B9AC14107F5D9156.d.AE5093C5F4E0347ECCFBD1F8122C5F49.e.8508"}]}
COMMAND: GET /session/e5a8226ea9fde889391201a3e7d107f2/screenshot - {}
RESULT: {}
RESULT: {"script":"<script> [8489 bytes]","args":[{"element-6066-11e4-a52e-4f735466cecf":"f.423FC243C8326C45B9AC14107F5D9156.d.AE5093C5F4E0347ECCFBD1F8122C5F49.e.8508","ELEMENT":"f.423FC243C8326C45B9AC14107F5D9156.d.AE5093C5F4E0347ECCFBD1F8122C5F49.e.8508"}]}
COMMAND: POST /session/e5a8226ea9fde889391201a3e7d107f2/execute/sync - {"script":"<script> [5351 bytes]","args":[{"element-6066-11e4-a52e-4f735466cecf":"f.423FC243C8326C45B9AC14107F5D9156.d.AE5093C5F4E0347ECCFBD1F8122C5F49.e.8508","ELEMENT":"f.423FC243C8326C45B9AC14107F5D9156.d.AE5093C5F4E0347ECCFBD1F8122C5F49.e.8508"}]}
COMMAND: GET /session/e5a8226ea9fde889391201a3e7d107f2/screenshot - {}
RESULT: {}
RESULT: {"script":"<script> [5351 bytes]","args":[{"element-6066-11e4-a52e-4f735466cecf":"f.423FC243C8326C45B9AC14107F5D9156.d.AE5093C5F4E0347ECCFBD1F8122C5F49.e.8508","ELEMENT":"f.423FC243C8326C45B9AC14107F5D9156.d.AE5093C5F4E0347ECCFBD1F8122C5F49.e.8508"}]}
COMMAND: POST /session/e5a8226ea9fde889391201a3e7d107f2/element/f.423FC243C8326C45B9AC14107F5D9156.d.AE5093C5F4E0347ECCFBD1F8122C5F49.e.8508/click - {}
COMMAND: GET /session/e5a8226ea9fde889391201a3e7d107f2/screenshot - {}
RESULT: {}
RESULT: {}
COMMAND: GET /session/e5a8226ea9fde889391201a3e7d107f2/screenshot - {}
RESULT: {}
RESULT: {}
COMMAND: POST /session/e5a8226ea9fde889391201a3e7d107f2/execute/async - {"script":"<script> [1562 bytes]","args":[{"selector":{"id":"application-manageresources-display-component---newResourceUnit--TYPE-arrow"},"wdio_ui5_key":"applicationmanageresources-display-component---newResourceUnit--TYPE-arrow"}]}
RESULT: {"script":"<script> [1562 bytes]","args":[{"selector":{"id":"application-manageresources-display-component---newResourceUnit--TYPE-arrow"},"wdio_ui5_key":"applicationmanageresources-display-component---newResourceUnit--TYPE-arrow"}]}
RESULT: undefined
COMMAND: POST /session/e5a8226ea9fde889391201a3e7d107f2/element - {"using":"xpath","value":"//*[@id=\"application-manageresources-display-component---newResourceUnit--TYPE-arrow\"]"}
RESULT: {"using":"xpath","value":"//*[@id=\"application-manageresources-display-component---newResourceUnit--TYPE-arrow\"]"}
COMMAND: POST /session/e5a8226ea9fde889391201a3e7d107f2/element/f.423FC243C8326C45B9AC14107F5D9156.d.AE5093C5F4E0347ECCFBD1F8122C5F49.e.8864/click - {}
RESULT: {}
COMMAND: POST /session/e5a8226ea9fde889391201a3e7d107f2/element - {"using":"xpath","value":"//input[@id=\"application-manageresources-display-component---newResourceUnit--TYPE-inner\"]"}
COMMAND: GET /session/e5a8226ea9fde889391201a3e7d107f2/screenshot - {}
RESULT: {"using":"xpath","value":"//input[@id=\"application-manageresources-display-component---newResourceUnit--TYPE-inner\"]"}
COMMAND: POST /session/e5a8226ea9fde889391201a3e7d107f2/element/f.423FC243C8326C45B9AC14107F5D9156.d.AE5093C5F4E0347ECCFBD1F8122C5F49.e.8860/clear - {}
RESULT: {}
RESULT: {}
COMMAND: POST /session/e5a8226ea9fde889391201a3e7d107f2/element/f.423FC243C8326C45B9AC14107F5D9156.d.AE5093C5F4E0347ECCFBD1F8122C5F49.e.8860/value - {"text":"Material"}
COMMAND: GET /session/e5a8226ea9fde889391201a3e7d107f2/screenshot - {}
RESULT: {"text":"Material"}
COMMAND: GET /session/e5a8226ea9fde889391201a3e7d107f2/screenshot - {}
RESULT: {}
RESULT: {}
COMMAND: POST /session/e5a8226ea9fde889391201a3e7d107f2/actions - {"actions":[{"id":"action32","type":"key","parameters":{},"actions":[{"type":"keyDown","value":"î€‡"},{"type":"pause","duration":10},{"type":"keyUp","value":"î€‡"}]}]}
RESULT: {"actions":[{"id":"action32","type":"key","parameters":{},"actions":[{"type":"keyDown","value":"î€‡"},{"type":"pause","duration":10},{"type":"keyUp","value":"î€‡"}]}]}
COMMAND: POST /session/e5a8226ea9fde889391201a3e7d107f2/execute/async - {"script":"<script> [1562 bytes]","args":[{"selector":{"id":"application-manageresources-display-component---newResourceUnit--SHORT_TEXT","interaction":{"idSuffix":"inner"}},"wdio_ui5_key":"applicationmanageresources-display-component---newResourceUnit--SHORT_TEXT"}]}
COMMAND: GET /session/e5a8226ea9fde889391201a3e7d107f2/screenshot - {}
RESULT: undefined
RESULT: {"script":"<script> [1562 bytes]","args":[{"selector":{"id":"application-manageresources-display-component---newResourceUnit--SHORT_TEXT","interaction":{"idSuffix":"inner"}},"wdio_ui5_key":"applicationmanageresources-display-component---newResourceUnit--SHORT_TEXT"}]}
RESULT: undefined
COMMAND: POST /session/e5a8226ea9fde889391201a3e7d107f2/execute/async - {"script":"<script> [776 bytes]","args":[{"enterText":"Cement WDIO","selector":{"id":"application-manageresources-display-component---newResourceUnit--SHORT_TEXT","interaction":{"idSuffix":"inner"}},"clearTextFirst":true,"interactionType":"ENTER_TEXT"}]}
RESULT: {}
RESULT: {"script":"<script> [776 bytes]","args":[{"enterText":"Cement WDIO","selector":{"id":"application-manageresources-display-component---newResourceUnit--SHORT_TEXT","interaction":{"idSuffix":"inner"}},"clearTextFirst":true,"interactionType":"ENTER_TEXT"}]}
COMMAND: POST /session/e5a8226ea9fde889391201a3e7d107f2/execute/async - {"script":"<script> [1562 bytes]","args":[{"selector":{"id":"application-manageresources-display-component---newResourceUnit--BASE_UNIT_OF_MEASURE","interaction":{"idSuffix":"inner"}},"wdio_ui5_key":"applicationmanageresources-display-component---newResourceUnit--BASE_UNIT_OF_MEASURE"}]}
RESULT: {"script":"<script> [1562 bytes]","args":[{"selector":{"id":"application-manageresources-display-component---newResourceUnit--BASE_UNIT_OF_MEASURE","interaction":{"idSuffix":"inner"}},"wdio_ui5_key":"applicationmanageresources-display-component---newResourceUnit--BASE_UNIT_OF_MEASURE"}]}
RESULT: undefined
COMMAND: POST /session/e5a8226ea9fde889391201a3e7d107f2/execute/async - {"script":"<script> [776 bytes]","args":[{"enterText":"Piece","selector":{"id":"application-manageresources-display-component---newResourceUnit--BASE_UNIT_OF_MEASURE","interaction":{"idSuffix":"inner"}},"clearTextFirst":true,"interactionType":"ENTER_TEXT"}]}
RESULT: {"script":"<script> [776 bytes]","args":[{"enterText":"Piece","selector":{"id":"application-manageresources-display-component---newResourceUnit--BASE_UNIT_OF_MEASURE","interaction":{"idSuffix":"inner"}},"clearTextFirst":true,"interactionType":"ENTER_TEXT"}]}
COMMAND: POST /session/e5a8226ea9fde889391201a3e7d107f2/execute/async - {"script":"<script> [1562 bytes]","args":[{"selector":{"id":"application-manageresources-display-component---newResourceUnit--WEIGHT_UNIT","interaction":{"idSuffix":"inner"}},"wdio_ui5_key":"applicationmanageresources-display-component---newResourceUnit--WEIGHT_UNIT"}]}
RESULT: {"script":"<script> [1562 bytes]","args":[{"selector":{"id":"application-manageresources-display-component---newResourceUnit--WEIGHT_UNIT","interaction":{"idSuffix":"inner"}},"wdio_ui5_key":"applicationmanageresources-display-component---newResourceUnit--WEIGHT_UNIT"}]}
RESULT: undefined
COMMAND: POST /session/e5a8226ea9fde889391201a3e7d107f2/execute/async - {"script":"<script> [776 bytes]","args":[{"enterText":"Gram","selector":{"id":"application-manageresources-display-component---newResourceUnit--WEIGHT_UNIT","interaction":{"idSuffix":"inner"}},"clearTextFirst":true,"interactionType":"ENTER_TEXT"}]}
RESULT: {"script":"<script> [776 bytes]","args":[{"enterText":"Gram","selector":{"id":"application-manageresources-display-component---newResourceUnit--WEIGHT_UNIT","interaction":{"idSuffix":"inner"}},"clearTextFirst":true,"interactionType":"ENTER_TEXT"}]}
COMMAND: POST /session/e5a8226ea9fde889391201a3e7d107f2/execute/async - {"script":"<script> [1562 bytes]","args":[{"selector":{"id":"application-manageresources-display-component---newResourceUnit--DIMENSION_UNIT","interaction":{"idSuffix":"inner"}},"wdio_ui5_key":"applicationmanageresources-display-component---newResourceUnit--DIMENSION_UNIT"}]}
RESULT: {"script":"<script> [1562 bytes]","args":[{"selector":{"id":"application-manageresources-display-component---newResourceUnit--DIMENSION_UNIT","interaction":{"idSuffix":"inner"}},"wdio_ui5_key":"applicationmanageresources-display-component---newResourceUnit--DIMENSION_UNIT"}]}
RESULT: undefined
COMMAND: POST /session/e5a8226ea9fde889391201a3e7d107f2/execute/async - {"script":"<script> [776 bytes]","args":[{"enterText":"Meter","selector":{"id":"application-manageresources-display-component---newResourceUnit--DIMENSION_UNIT","interaction":{"idSuffix":"inner"}},"clearTextFirst":true,"interactionType":"ENTER_TEXT"}]}
RESULT: {"script":"<script> [776 bytes]","args":[{"enterText":"Meter","selector":{"id":"application-manageresources-display-component---newResourceUnit--DIMENSION_UNIT","interaction":{"idSuffix":"inner"}},"clearTextFirst":true,"interactionType":"ENTER_TEXT"}]}
COMMAND: POST /session/e5a8226ea9fde889391201a3e7d107f2/execute/async - {"script":"<script> [1562 bytes]","args":[{"selector":{"id":"application-manageresources-display-component---newResourceUnit--newRRUPage-anchBar-application-manageresources-display-component---newResourceUnit--control-anchor","interaction":{"idSuffix":"BDI-content"}},"wdio_ui5_key":"applicationmanageresources-display-component---newResourceUnit--newRRUPage-anchBar-application-manageresources-display-component---newResourceUnit--control-anchor"}]}
RESULT: {"script":"<script> [1562 bytes]","args":[{"selector":{"id":"application-manageresources-display-component---newResourceUnit--newRRUPage-anchBar-application-manageresources-display-component---newResourceUnit--control-anchor","interaction":{"idSuffix":"BDI-content"}},"wdio_ui5_key":"applicationmanageresources-display-component---newResourceUnit--newRRUPage-anchBar-application-manageresources-display-component---newResourceUnit--control-anchor"}]}
RESULT: undefined
COMMAND: POST /session/e5a8226ea9fde889391201a3e7d107f2/element - {"using":"xpath","value":"//*[@id=\"application-manageresources-display-component---newResourceUnit--newRRUPage-anchBar-application-manageresources-display-component---newResourceUnit--control-anchor\"]"}
RESULT: {"using":"xpath","value":"//*[@id=\"application-manageresources-display-component---newResourceUnit--newRRUPage-anchBar-application-manageresources-display-component---newResourceUnit--control-anchor\"]"}
COMMAND: POST /session/e5a8226ea9fde889391201a3e7d107f2/element/f.423FC243C8326C45B9AC14107F5D9156.d.AE5093C5F4E0347ECCFBD1F8122C5F49.e.8996/click - {}
RESULT: {}
COMMAND: POST /session/e5a8226ea9fde889391201a3e7d107f2/execute/async - {"script":"<script> [1562 bytes]","args":[{"selector":{"id":"application-manageresources-display-component---newResourceUnit--PLANNING_GROUP","interaction":{"idSuffix":"inner"}},"wdio_ui5_key":"applicationmanageresources-display-component---newResourceUnit--PLANNING_GROUP"}]}
COMMAND: GET /session/e5a8226ea9fde889391201a3e7d107f2/screenshot - {}
RESULT: {"script":"<script> [1562 bytes]","args":[{"selector":{"id":"application-manageresources-display-component---newResourceUnit--PLANNING_GROUP","interaction":{"idSuffix":"inner"}},"wdio_ui5_key":"applicationmanageresources-display-component---newResourceUnit--PLANNING_GROUP"}]}
RESULT: undefined
COMMAND: POST /session/e5a8226ea9fde889391201a3e7d107f2/execute/async - {"script":"<script> [776 bytes]","args":[{"enterText":"Material","selector":{"id":"application-manageresources-display-component---newResourceUnit--PLANNING_GROUP","interaction":{"idSuffix":"inner"}},"clearTextFirst":true,"interactionType":"ENTER_TEXT"}]}
RESULT: {}
RESULT: {"script":"<script> [776 bytes]","args":[{"enterText":"Material","selector":{"id":"application-manageresources-display-component---newResourceUnit--PLANNING_GROUP","interaction":{"idSuffix":"inner"}},"clearTextFirst":true,"interactionType":"ENTER_TEXT"}]}
COMMAND: POST /session/e5a8226ea9fde889391201a3e7d107f2/execute/async - {"script":"<script> [1562 bytes]","args":[{"selector":{"id":"application-manageresources-display-component---newResourceUnit--PLANNING_INDICATOR","interaction":{"idSuffix":"inner"}},"wdio_ui5_key":"applicationmanageresources-display-component---newResourceUnit--PLANNING_INDICATOR"}]}
RESULT: {"script":"<script> [1562 bytes]","args":[{"selector":{"id":"application-manageresources-display-component---newResourceUnit--PLANNING_INDICATOR","interaction":{"idSuffix":"inner"}},"wdio_ui5_key":"applicationmanageresources-display-component---newResourceUnit--PLANNING_INDICATOR"}]}
RESULT: undefined
COMMAND: POST /session/e5a8226ea9fde889391201a3e7d107f2/execute/async - {"script":"<script> [776 bytes]","args":[{"enterText":"10 - infinite","selector":{"id":"application-manageresources-display-component---newResourceUnit--PLANNING_INDICATOR","interaction":{"idSuffix":"inner"}},"clearTextFirst":true,"interactionType":"ENTER_TEXT"}]}
RESULT: {"script":"<script> [776 bytes]","args":[{"enterText":"10 - infinite","selector":{"id":"application-manageresources-display-component---newResourceUnit--PLANNING_INDICATOR","interaction":{"idSuffix":"inner"}},"clearTextFirst":true,"interactionType":"ENTER_TEXT"}]}
COMMAND: POST /session/e5a8226ea9fde889391201a3e7d107f2/element - {"using":"css selector","value":"#application-manageresources-display-component---newResourceUnit--btnAddTimeSegment"}
RESULT: {"using":"css selector","value":"#application-manageresources-display-component---newResourceUnit--btnAddTimeSegment"}
COMMAND: GET /session/e5a8226ea9fde889391201a3e7d107f2/element/f.423FC243C8326C45B9AC14107F5D9156.d.AE5093C5F4E0347ECCFBD1F8122C5F49.e.9006/rect - {}
RESULT: {}
COMMAND: GET /session/e5a8226ea9fde889391201a3e7d107f2/window/rect - {}
RESULT: {}
COMMAND: POST /session/e5a8226ea9fde889391201a3e7d107f2/execute/sync - {"script":"<script> [92 bytes]","args":[]}
RESULT: {"script":"<script> [92 bytes]","args":[]}
COMMAND: POST /session/e5a8226ea9fde889391201a3e7d107f2/actions - {"actions":[{"id":"action33","type":"wheel","parameters":{},"actions":[{"type":"scroll","x":-1888,"y":-32,"deltaX":0,"deltaY":0,"duration":0,"origin":{"element-6066-11e4-a52e-4f735466cecf":"f.423FC243C8326C45B9AC14107F5D9156.d.AE5093C5F4E0347ECCFBD1F8122C5F49.e.9006"}}]}]}
COMMAND: GET /session/e5a8226ea9fde889391201a3e7d107f2/screenshot - {}
RESULT: {}
COMMAND: POST /session/e5a8226ea9fde889391201a3e7d107f2/execute/sync - {"script":"<script> [79 bytes]","args":[{"element-6066-11e4-a52e-4f735466cecf":"f.423FC243C8326C45B9AC14107F5D9156.d.AE5093C5F4E0347ECCFBD1F8122C5F49.e.9006","ELEMENT":"f.423FC243C8326C45B9AC14107F5D9156.d.AE5093C5F4E0347ECCFBD1F8122C5F49.e.9006"},{"block":"start","inline":"nearest"}]}
RESULT: {"script":"<script> [79 bytes]","args":[{"element-6066-11e4-a52e-4f735466cecf":"f.423FC243C8326C45B9AC14107F5D9156.d.AE5093C5F4E0347ECCFBD1F8122C5F49.e.9006","ELEMENT":"f.423FC243C8326C45B9AC14107F5D9156.d.AE5093C5F4E0347ECCFBD1F8122C5F49.e.9006"},{"block":"start","inline":"nearest"}]}
COMMAND: POST /session/e5a8226ea9fde889391201a3e7d107f2/execute/async - {"script":"<script> [1562 bytes]","args":[{"selector":{"id":"application-manageresources-display-component---newResourceUnit--btnAddTimeSegment","interaction":{"idSuffix":"inner"}},"wdio_ui5_key":"applicationmanageresources-display-component---newResourceUnit--btnAddTimeSegment"}]}
COMMAND: GET /session/e5a8226ea9fde889391201a3e7d107f2/screenshot - {}
RESULT: {"script":"<script> [1562 bytes]","args":[{"selector":{"id":"application-manageresources-display-component---newResourceUnit--btnAddTimeSegment","interaction":{"idSuffix":"inner"}},"wdio_ui5_key":"applicationmanageresources-display-component---newResourceUnit--btnAddTimeSegment"}]}
RESULT: undefined
COMMAND: POST /session/e5a8226ea9fde889391201a3e7d107f2/element - {"using":"xpath","value":"//*[@id=\"application-manageresources-display-component---newResourceUnit--btnAddTimeSegment\"]"}
RESULT: {}
RESULT: {"using":"xpath","value":"//*[@id=\"application-manageresources-display-component---newResourceUnit--btnAddTimeSegment\"]"}
COMMAND: POST /session/e5a8226ea9fde889391201a3e7d107f2/element/f.423FC243C8326C45B9AC14107F5D9156.d.AE5093C5F4E0347ECCFBD1F8122C5F49.e.9006/click - {}
RESULT: {}
COMMAND: GET /session/e5a8226ea9fde889391201a3e7d107f2/screenshot - {}
RESULT: {}
COMMAND: POST /session/e5a8226ea9fde889391201a3e7d107f2/element - {"using":"xpath","value":"//input[@id=\"application-manageresources-display-component---newResourceUnit--idRuTSAdmin-application-manageresources-display-component---newResourceUnit--RUTimeSegment-0-inner\"]"}
RESULT: {"using":"xpath","value":"//input[@id=\"application-manageresources-display-component---newResourceUnit--idRuTSAdmin-application-manageresources-display-component---newResourceUnit--RUTimeSegment-0-inner\"]"}
COMMAND: POST /session/e5a8226ea9fde889391201a3e7d107f2/element/f.423FC243C8326C45B9AC14107F5D9156.d.AE5093C5F4E0347ECCFBD1F8122C5F49.e.9011/clear - {}
RESULT: {}
COMMAND: POST /session/e5a8226ea9fde889391201a3e7d107f2/element/f.423FC243C8326C45B9AC14107F5D9156.d.AE5093C5F4E0347ECCFBD1F8122C5F49.e.9011/value - {"text":"190"}
COMMAND: GET /session/e5a8226ea9fde889391201a3e7d107f2/screenshot - {}
RESULT: {"text":"190"}
COMMAND: GET /session/e5a8226ea9fde889391201a3e7d107f2/screenshot - {}
RESULT: {}
RESULT: {}
COMMAND: POST /session/e5a8226ea9fde889391201a3e7d107f2/element - {"using":"xpath","value":"//li[.//span[text()='190']]"}
RESULT: {"using":"xpath","value":"//li[.//span[text()='190']]"}
COMMAND: POST /session/e5a8226ea9fde889391201a3e7d107f2/element/f.423FC243C8326C45B9AC14107F5D9156.d.AE5093C5F4E0347ECCFBD1F8122C5F49.e.9020/click - {}
RESULT: {}
COMMAND: GET /session/e5a8226ea9fde889391201a3e7d107f2/screenshot - {}
RESULT: {}
COMMAND: POST /session/e5a8226ea9fde889391201a3e7d107f2/element - {"using":"xpath","value":"(//span[contains(@id, \"-application-manageresources-display-component---newResourceUnit--RUTimeSegment-0-arrow\")])[2]"}
RESULT: {"using":"xpath","value":"(//span[contains(@id, \"-application-manageresources-display-component---newResourceUnit--RUTimeSegment-0-arrow\")])[2]"}
COMMAND: POST /session/e5a8226ea9fde889391201a3e7d107f2/element/f.423FC243C8326C45B9AC14107F5D9156.d.AE5093C5F4E0347ECCFBD1F8122C5F49.e.9021/click - {}
RESULT: {}
COMMAND: POST /session/e5a8226ea9fde889391201a3e7d107f2/element - {"using":"xpath","value":"//span[contains(text(), \"PM Order\")]"}
COMMAND: GET /session/e5a8226ea9fde889391201a3e7d107f2/screenshot - {}
RESULT: {"using":"xpath","value":"//span[contains(text(), \"PM Order\")]"}
COMMAND: POST /session/e5a8226ea9fde889391201a3e7d107f2/element/f.423FC243C8326C45B9AC14107F5D9156.d.AE5093C5F4E0347ECCFBD1F8122C5F49.e.9022/click - {}
RESULT: {}
RESULT: {}
COMMAND: GET /session/e5a8226ea9fde889391201a3e7d107f2/screenshot - {}
RESULT: {}
COMMAND: POST /session/e5a8226ea9fde889391201a3e7d107f2/element - {"using":"xpath","value":"//td/div/div/div/span[contains(@id, \"newResourceUnit--RUTimeSegment-0-vhi\")][1]"}
RESULT: {"using":"xpath","value":"//td/div/div/div/span[contains(@id, \"newResourceUnit--RUTimeSegment-0-vhi\")][1]"}
COMMAND: GET /session/e5a8226ea9fde889391201a3e7d107f2/element/f.423FC243C8326C45B9AC14107F5D9156.d.AE5093C5F4E0347ECCFBD1F8122C5F49.e.9026/rect - {}
RESULT: {}
COMMAND: GET /session/e5a8226ea9fde889391201a3e7d107f2/window/rect - {}
RESULT: {}
COMMAND: POST /session/e5a8226ea9fde889391201a3e7d107f2/execute/sync - {"script":"<script> [92 bytes]","args":[]}
RESULT: {"script":"<script> [92 bytes]","args":[]}
COMMAND: POST /session/e5a8226ea9fde889391201a3e7d107f2/actions - {"actions":[{"id":"action34","type":"wheel","parameters":{},"actions":[{"type":"scroll","x":-1888,"y":-24,"deltaX":0,"deltaY":0,"duration":0,"origin":{"element-6066-11e4-a52e-4f735466cecf":"f.423FC243C8326C45B9AC14107F5D9156.d.AE5093C5F4E0347ECCFBD1F8122C5F49.e.9026"}}]}]}
COMMAND: GET /session/e5a8226ea9fde889391201a3e7d107f2/screenshot - {}
RESULT: {}
COMMAND: POST /session/e5a8226ea9fde889391201a3e7d107f2/execute/sync - {"script":"<script> [79 bytes]","args":[{"element-6066-11e4-a52e-4f735466cecf":"f.423FC243C8326C45B9AC14107F5D9156.d.AE5093C5F4E0347ECCFBD1F8122C5F49.e.9026","ELEMENT":"f.423FC243C8326C45B9AC14107F5D9156.d.AE5093C5F4E0347ECCFBD1F8122C5F49.e.9026"},{"block":"start","inline":"nearest"}]}
RESULT: {"script":"<script> [79 bytes]","args":[{"element-6066-11e4-a52e-4f735466cecf":"f.423FC243C8326C45B9AC14107F5D9156.d.AE5093C5F4E0347ECCFBD1F8122C5F49.e.9026","ELEMENT":"f.423FC243C8326C45B9AC14107F5D9156.d.AE5093C5F4E0347ECCFBD1F8122C5F49.e.9026"},{"block":"start","inline":"nearest"}]}
COMMAND: GET /session/e5a8226ea9fde889391201a3e7d107f2/screenshot - {}
RESULT: {}
COMMAND: POST /session/e5a8226ea9fde889391201a3e7d107f2/element/f.423FC243C8326C45B9AC14107F5D9156.d.AE5093C5F4E0347ECCFBD1F8122C5F49.e.9026/click - {}
RESULT: {}
COMMAND: GET /session/e5a8226ea9fde889391201a3e7d107f2/screenshot - {}
RESULT: {}
RESULT: undefined
COMMAND: POST /session/e5a8226ea9fde889391201a3e7d107f2/execute/async - {"script":"<script> [776 bytes]","args":[{"enterText":"4000360","selector":{"controlType":"sap.m.SearchField","properties":{"placeholder":"Search"},"searchOpenDialogs":true,"interaction":{"idSuffix":"I"}},"clearTextFirst":true,"interactionType":"ENTER_TEXT"}]}
RESULT: {"script":"<script> [776 bytes]","args":[{"enterText":"4000360","selector":{"controlType":"sap.m.SearchField","properties":{"placeholder":"Search"},"searchOpenDialogs":true,"interaction":{"idSuffix":"I"}},"clearTextFirst":true,"interactionType":"ENTER_TEXT"}]}
COMMAND: POST /session/e5a8226ea9fde889391201a3e7d107f2/actions - {"actions":[{"id":"action35","type":"key","parameters":{},"actions":[{"type":"keyDown","value":"î€‡"},{"type":"pause","duration":10},{"type":"keyUp","value":"î€‡"}]}]}
RESULT: {"actions":[{"id":"action35","type":"key","parameters":{},"actions":[{"type":"keyDown","value":"î€‡"},{"type":"pause","duration":10},{"type":"keyUp","value":"î€‡"}]}]}
COMMAND: GET /session/e5a8226ea9fde889391201a3e7d107f2/screenshot - {}
RESULT: {}
COMMAND: POST /session/e5a8226ea9fde889391201a3e7d107f2/element - {"using":"xpath","value":"//td/div/span[contains(text(), \"BGL Vehicles\")]"}
RESULT: {"using":"xpath","value":"//td/div/span[contains(text(), \"BGL Vehicles\")]"}
COMMAND: POST /session/e5a8226ea9fde889391201a3e7d107f2/element/f.423FC243C8326C45B9AC14107F5D9156.d.AE5093C5F4E0347ECCFBD1F8122C5F49.e.9045/click - {}
RESULT: {}
COMMAND: GET /session/e5a8226ea9fde889391201a3e7d107f2/screenshot - {}
RESULT: {}
COMMAND: POST /session/e5a8226ea9fde889391201a3e7d107f2/element - {"using":"xpath","value":"//bdi[contains(text(), \"OK\")]"}
RESULT: {"using":"xpath","value":"//bdi[contains(text(), \"OK\")]"}
COMMAND: POST /session/e5a8226ea9fde889391201a3e7d107f2/element/f.423FC243C8326C45B9AC14107F5D9156.d.AE5093C5F4E0347ECCFBD1F8122C5F49.e.9046/click - {}
RESULT: {}
COMMAND: GET /session/e5a8226ea9fde889391201a3e7d107f2/screenshot - {}
RESULT: {}
COMMAND: POST /session/e5a8226ea9fde889391201a3e7d107f2/element - {"using":"xpath","value":"//label[contains(@class, 'sapMLabelRequired') and .//bdi[contains(text(), 'Planned Retirement')]]"}
RESULT: {"using":"xpath","value":"//label[contains(@class, 'sapMLabelRequired') and .//bdi[contains(text(), 'Planned Retirement')]]"}
COMMAND: POST /session/e5a8226ea9fde889391201a3e7d107f2/elements - {"using":"xpath","value":"//label[contains(@class, 'sapMLabelRequired') and .//bdi[contains(text(), 'Planned Retirement')]]"}
RESULT: {"using":"xpath","value":"//label[contains(@class, 'sapMLabelRequired') and .//bdi[contains(text(), 'Planned Retirement')]]"}
COMMAND: POST /session/e5a8226ea9fde889391201a3e7d107f2/element - {"using":"xpath","value":"//button[@data-kt=\"resourceUnitSaveButton\"]"}
RESULT: {"using":"xpath","value":"//button[@data-kt=\"resourceUnitSaveButton\"]"}
COMMAND: POST /session/e5a8226ea9fde889391201a3e7d107f2/element/f.423FC243C8326C45B9AC14107F5D9156.d.AE5093C5F4E0347ECCFBD1F8122C5F49.e.8881/click - {}
RESULT: {}
COMMAND: GET /session/e5a8226ea9fde889391201a3e7d107f2/screenshot - {}
RESULT: {}
COMMAND: POST /session/e5a8226ea9fde889391201a3e7d107f2/element - {"using":"xpath","value":"//bdi[contains(text(), \"Close\")]"}
RESULT: {"using":"xpath","value":"//bdi[contains(text(), \"Close\")]"}
COMMAND: POST /session/e5a8226ea9fde889391201a3e7d107f2/element/f.423FC243C8326C45B9AC14107F5D9156.d.AE5093C5F4E0347ECCFBD1F8122C5F49.e.9053/click - {}
RESULT: {}
COMMAND: GET /session/e5a8226ea9fde889391201a3e7d107f2/screenshot - {}
RESULT: {}
COMMAND: POST /session/e5a8226ea9fde889391201a3e7d107f2/element - {"using":"xpath","value":"//header[contains(@id, 'detailRruPage-headerTitle')]/div[1]/div[2]/div[2]/span[1]"}
RESULT: {"using":"xpath","value":"//header[contains(@id, 'detailRruPage-headerTitle')]/div[1]/div[2]/div[2]/span[1]"}
COMMAND: POST /session/e5a8226ea9fde889391201a3e7d107f2/elements - {"using":"xpath","value":"//header[contains(@id, 'detailRruPage-headerTitle')]/div[1]/div[2]/div[2]/span[1]"}
RESULT: {"using":"xpath","value":"//header[contains(@id, 'detailRruPage-headerTitle')]/div[1]/div[2]/div[2]/span[1]"}
COMMAND: POST /session/e5a8226ea9fde889391201a3e7d107f2/execute/sync - {"script":"<script> [56 bytes]","args":[{"element-6066-11e4-a52e-4f735466cecf":"f.423FC243C8326C45B9AC14107F5D9156.d.AE5093C5F4E0347ECCFBD1F8122C5F49.e.9083","ELEMENT":"f.423FC243C8326C45B9AC14107F5D9156.d.AE5093C5F4E0347ECCFBD1F8122C5F49.e.9083"}]}
RESULT: {"script":"<script> [56 bytes]","args":[{"element-6066-11e4-a52e-4f735466cecf":"f.423FC243C8326C45B9AC14107F5D9156.d.AE5093C5F4E0347ECCFBD1F8122C5F49.e.9083","ELEMENT":"f.423FC243C8326C45B9AC14107F5D9156.d.AE5093C5F4E0347ECCFBD1F8122C5F49.e.9083"}]}
COMMAND: POST /session/e5a8226ea9fde889391201a3e7d107f2/element - {"using":"css selector","value":"#shell-header-logo"}
COMMAND: GET /session/e5a8226ea9fde889391201a3e7d107f2/screenshot - {}
RESULT: {"using":"css selector","value":"#shell-header-logo"}
COMMAND: POST /session/e5a8226ea9fde889391201a3e7d107f2/element/f.423FC243C8326C45B9AC14107F5D9156.d.AE5093C5F4E0347ECCFBD1F8122C5F49.e.8480/click - {}
RESULT: {}
RESULT: {}
COMMAND: GET /session/e5a8226ea9fde889391201a3e7d107f2/screenshot - {}
RESULT: {}
]]></system-out>
    </testcase>
  </testsuite>
  <testsuite timestamp="2025-06-12T16:58:15" time="278.118" tests="6" failures="4" errors="4" skipped="0">
    <properties>
      <property name="specId" value="0" />
      <property name="suiteName" value="Provide to Site w/o warehouse management w clarification" />
      <property name="capabilities" value="chrome.137_0_7151_69.windows" />
      <property name="file" value="file:///D:/a/1/s/test/specs/HTR/provide-to-site-wo-warehouse-w-clarification.spec.js" />
    </properties>
    <testcase classname="chrome.137_0_7151_69.windows.Provide_to_Site_w/o_warehouse_management_w_clarification" name="Should Test for Handover Execution" time="13.638">
      <system-out><![CDATA[
COMMAND: POST /session/e5a8226ea9fde889391201a3e7d107f2/element - {"using":"xpath","value":"(//span[contains(@id, \"imgNav\")])[1]"}
COMMAND: GET /session/e5a8226ea9fde889391201a3e7d107f2/screenshot - {}
RESULT: {"using":"xpath","value":"(//span[contains(@id, \"imgNav\")])[1]"}
COMMAND: POST /session/e5a8226ea9fde889391201a3e7d107f2/element/f.423FC243C8326C45B9AC14107F5D9156.d.AE5093C5F4E0347ECCFBD1F8122C5F49.e.9686/click - {}
RESULT: {}
RESULT: {}
COMMAND: GET /session/e5a8226ea9fde889391201a3e7d107f2/screenshot - {}
RESULT: {}
COMMAND: POST /session/e5a8226ea9fde889391201a3e7d107f2/element - {"using":"css selector","value":"#shell-header-logo"}
RESULT: {"using":"css selector","value":"#shell-header-logo"}
COMMAND: POST /session/e5a8226ea9fde889391201a3e7d107f2/element/f.423FC243C8326C45B9AC14107F5D9156.d.AE5093C5F4E0347ECCFBD1F8122C5F49.e.9086/click - {}
RESULT: {}
COMMAND: GET /session/e5a8226ea9fde889391201a3e7d107f2/screenshot - {}
RESULT: {}
]]></system-out>
    </testcase>
    <testcase classname="chrome.137_0_7151_69.windows.Provide_to_Site_w/o_warehouse_management_w_clarification" name="Should test for Clarification" time="0.003">
      <system-out><![CDATA[
COMMAND: GET /session/e5a8226ea9fde889391201a3e7d107f2/screenshot - {}
COMMAND: POST /session/e5a8226ea9fde889391201a3e7d107f2/element - {"using":"css selector","value":"#j_username"}
COMMAND: POST /session/e5a8226ea9fde889391201a3e7d107f2/url - {"url":"https://qa-testing-00-live-etm-ui.cfapps.eu10-004.hana.ondemand.com/"}
RESULT: {}
RESULT: {"using":"css selector","value":"#j_username"}
COMMAND: POST /session/e5a8226ea9fde889391201a3e7d107f2/element - {"using":"css selector","value":"#j_username"}
RESULT: {"url":"https://qa-testing-00-live-etm-ui.cfapps.eu10-004.hana.ondemand.com/"}
RESULT: undefined
COMMAND: GET /session/e5a8226ea9fde889391201a3e7d107f2/screenshot - {}
RESULT: {"using":"css selector","value":"#j_username"}
COMMAND: POST /session/e5a8226ea9fde889391201a3e7d107f2/element - {"using":"css selector","value":"#shell-header-logo"}
RESULT: {}
RESULT: {"using":"css selector","value":"#shell-header-logo"}
COMMAND: POST /session/e5a8226ea9fde889391201a3e7d107f2/execute/sync - {"script":"<script> [8489 bytes]","args":[{"element-6066-11e4-a52e-4f735466cecf":"f.423FC243C8326C45B9AC14107F5D9156.d.89EDA5DD85CC348FE861CDB620462FC2.e.9736","ELEMENT":"f.423FC243C8326C45B9AC14107F5D9156.d.89EDA5DD85CC348FE861CDB620462FC2.e.9736"}]}
RESULT: {"script":"<script> [8489 bytes]","args":[{"element-6066-11e4-a52e-4f735466cecf":"f.423FC243C8326C45B9AC14107F5D9156.d.89EDA5DD85CC348FE861CDB620462FC2.e.9736","ELEMENT":"f.423FC243C8326C45B9AC14107F5D9156.d.89EDA5DD85CC348FE861CDB620462FC2.e.9736"}]}
COMMAND: POST /session/e5a8226ea9fde889391201a3e7d107f2/element - {"using":"css selector","value":"#shell-header-logo"}
COMMAND: GET /session/e5a8226ea9fde889391201a3e7d107f2/screenshot - {}
RESULT: {"using":"css selector","value":"#shell-header-logo"}
COMMAND: POST /session/e5a8226ea9fde889391201a3e7d107f2/execute/sync - {"script":"<script> [8489 bytes]","args":[{"element-6066-11e4-a52e-4f735466cecf":"f.423FC243C8326C45B9AC14107F5D9156.d.89EDA5DD85CC348FE861CDB620462FC2.e.9736","ELEMENT":"f.423FC243C8326C45B9AC14107F5D9156.d.89EDA5DD85CC348FE861CDB620462FC2.e.9736"}]}
RESULT: {}
RESULT: {"script":"<script> [8489 bytes]","args":[{"element-6066-11e4-a52e-4f735466cecf":"f.423FC243C8326C45B9AC14107F5D9156.d.89EDA5DD85CC348FE861CDB620462FC2.e.9736","ELEMENT":"f.423FC243C8326C45B9AC14107F5D9156.d.89EDA5DD85CC348FE861CDB620462FC2.e.9736"}]}
COMMAND: POST /session/e5a8226ea9fde889391201a3e7d107f2/execute/sync - {"script":"<script> [5351 bytes]","args":[{"element-6066-11e4-a52e-4f735466cecf":"f.423FC243C8326C45B9AC14107F5D9156.d.89EDA5DD85CC348FE861CDB620462FC2.e.9736","ELEMENT":"f.423FC243C8326C45B9AC14107F5D9156.d.89EDA5DD85CC348FE861CDB620462FC2.e.9736"}]}
COMMAND: GET /session/e5a8226ea9fde889391201a3e7d107f2/screenshot - {}
RESULT: {"script":"<script> [5351 bytes]","args":[{"element-6066-11e4-a52e-4f735466cecf":"f.423FC243C8326C45B9AC14107F5D9156.d.89EDA5DD85CC348FE861CDB620462FC2.e.9736","ELEMENT":"f.423FC243C8326C45B9AC14107F5D9156.d.89EDA5DD85CC348FE861CDB620462FC2.e.9736"}]}
COMMAND: POST /session/e5a8226ea9fde889391201a3e7d107f2/element - {"using":"css selector","value":"#shell-header-logo"}
COMMAND: GET /session/e5a8226ea9fde889391201a3e7d107f2/screenshot - {}
RESULT: {}
RESULT: {"using":"css selector","value":"#shell-header-logo"}
COMMAND: POST /session/e5a8226ea9fde889391201a3e7d107f2/element/f.423FC243C8326C45B9AC14107F5D9156.d.89EDA5DD85CC348FE861CDB620462FC2.e.9736/click - {}
RESULT: {}
RESULT: {}
COMMAND: GET /session/e5a8226ea9fde889391201a3e7d107f2/screenshot - {}
RESULT: {}
COMMAND: POST /session/e5a8226ea9fde889391201a3e7d107f2/execute/async - {"script":"<script> [189 bytes]","args":[]}
RESULT: {"script":"<script> [189 bytes]","args":[]}
COMMAND: POST /session/e5a8226ea9fde889391201a3e7d107f2/execute/async - {"script":"<script> [123 bytes]","args":[]}
RESULT: {"script":"<script> [123 bytes]","args":[]}
COMMAND: POST /session/e5a8226ea9fde889391201a3e7d107f2/timeouts - {"script":"<number>"}
RESULT: {"script":"<number>"}
COMMAND: GET /session/e5a8226ea9fde889391201a3e7d107f2/timeouts - {}
RESULT: {}
RESULT: undefined
COMMAND: POST /session/e5a8226ea9fde889391201a3e7d107f2/execute/async - {"script":"<script> [2676 bytes]","args":[]}
RESULT: {"script":"<script> [2676 bytes]","args":[]}
COMMAND: POST /session/e5a8226ea9fde889391201a3e7d107f2/execute/async - {"script":"<script> [2342 bytes]","args":[{"protocol":"http","hostname":"0.0.0.0","path":"/","capabilities":{"browserName":"chrome","goog:chromeOptions":{"binary":"C:\\Program Files\\Google\\Chrome\\Application\\chrome.exe","args":["--start-maximized"]}},"logLevel":"warn","connectionRetryTimeout":120000,"connectionRetryCount":3,"logLevels":{},"enableDirectConnect":true,"strictSSL":true,"_":"65 more keys: [\"cacheDir\",\"port\",\"requestedCapabilities\",\"automationProtocol\",\"baseUrl\",\"waitforInterval\",\"waitforTimeout\",\"onReload\",\"beforeCommand\",\"afterCommand\",\"rootDir\",\"specs\",\"suites\",\"exclude\",\"groupLogsByTestSpec\",\"excludeDriverLogs\",\"bail\",\"framework\",\"reporters\",\"services\",\"maxInstances\",\"maxInstancesPerCapability\",\"injectGlobals\",\"filesToWatch\",\"execArgv\",\"runnerEnv\",\"runner\",\"shard\",\"specFileRetries\",\"specFileRetriesDelay\",\"specFileRetriesDeferred\",\"reporterSyncInterval\",\"reporterSyncTimeout\",\"cucumberFeaturesWithLineNumbers\",\"autoCompileOpts\",\"mochaOpts\",\"jasmineOpts\",\"cucumberOpts\",\"onPrepare\",\"onWorkerStart\",\"onWorkerEnd\",\"before\",\"beforeSession\",\"beforeSuite\",\"beforeHook\",\"beforeTest\",\"afterTest\",\"afterHook\",\"afterSuite\",\"afterSession\",\"after\",\"onComplete\",\"beforeAssertion\",\"afterAssertion\",\"beforeFeature\",\"beforeScenario\",\"beforeStep\",\"afterStep\",\"afterScenario\",\"afterFeature\",\"_\",\"suite\",\"$0\",\"ignoredWorkerServices\",\"wdi5\"]"}]}
RESULT: {"script":"<script> [2342 bytes]","args":[{"protocol":"http","hostname":"0.0.0.0","path":"/","capabilities":{"browserName":"chrome","goog:chromeOptions":{"binary":"C:\\Program Files\\Google\\Chrome\\Application\\chrome.exe","args":["--start-maximized"]}},"logLevel":"warn","connectionRetryTimeout":120000,"connectionRetryCount":3,"logLevels":{},"enableDirectConnect":true,"strictSSL":true,"_":"65 more keys: [\"cacheDir\",\"port\",\"requestedCapabilities\",\"automationProtocol\",\"baseUrl\",\"waitforInterval\",\"waitforTimeout\",\"onReload\",\"beforeCommand\",\"afterCommand\",\"rootDir\",\"specs\",\"suites\",\"exclude\",\"groupLogsByTestSpec\",\"excludeDriverLogs\",\"bail\",\"framework\",\"reporters\",\"services\",\"maxInstances\",\"maxInstancesPerCapability\",\"injectGlobals\",\"filesToWatch\",\"execArgv\",\"runnerEnv\",\"runner\",\"shard\",\"specFileRetries\",\"specFileRetriesDelay\",\"specFileRetriesDeferred\",\"reporterSyncInterval\",\"reporterSyncTimeout\",\"cucumberFeaturesWithLineNumbers\",\"autoCompileOpts\",\"mochaOpts\",\"jasmineOpts\",\"cucumberOpts\",\"onPrepare\",\"onWorkerStart\",\"onWorkerEnd\",\"before\",\"beforeSession\",\"beforeSuite\",\"beforeHook\",\"beforeTest\",\"afterTest\",\"afterHook\",\"afterSuite\",\"afterSession\",\"after\",\"onComplete\",\"beforeAssertion\",\"afterAssertion\",\"beforeFeature\",\"beforeScenario\",\"beforeStep\",\"afterStep\",\"afterScenario\",\"afterFeature\",\"_\",\"suite\",\"$0\",\"ignoredWorkerServices\",\"wdi5\"]"}]}
COMMAND: POST /session/e5a8226ea9fde889391201a3e7d107f2/execute/async - {"script":"<script> [21126 bytes]","args":[35000]}
RESULT: {"script":"<script> [21126 bytes]","args":[35000]}
COMMAND: POST /session/e5a8226ea9fde889391201a3e7d107f2/window/maximize - {}
RESULT: {}
COMMAND: POST /session/e5a8226ea9fde889391201a3e7d107f2/execute/async - {"script":"<script> [1562 bytes]","args":[{"selector":{"id":"shell-header","interaction":{"idSuffix":"icon"}},"wdio_ui5_key":"shellheader"}]}
COMMAND: GET /session/e5a8226ea9fde889391201a3e7d107f2/screenshot - {}
RESULT: {"script":"<script> [1562 bytes]","args":[{"selector":{"id":"shell-header","interaction":{"idSuffix":"icon"}},"wdio_ui5_key":"shellheader"}]}
RESULT: undefined
COMMAND: POST /session/e5a8226ea9fde889391201a3e7d107f2/window/fullscreen - {}
RESULT: {}
RESULT: {}
]]></system-out>
    </testcase>
  </testsuite>
  <testsuite timestamp="2025-06-12T17:02:53" time="150.082" tests="4" failures="0" errors="0" skipped="0">
    <properties>
      <property name="specId" value="0" />
      <property name="suiteName" value="Provide to Site w/o warehouse management w/o clarification US116612" />
      <property name="capabilities" value="chrome.137_0_7151_69.windows" />
      <property name="file" value="file:///D:/a/1/s/test/specs/HTR/provide-to-site-wo-warehouse-wo-clarification.spec.js" />
    </properties>
    <testcase classname="chrome.137_0_7151_69.windows.Provide_to_Site_w/o_warehouse_management_w/o_clarification_US116612" name="Should create a new yard" time="0.013">
      <system-out><![CDATA[
COMMAND: POST /session/e5a8226ea9fde889391201a3e7d107f2/window/fullscreen - {}
RESULT: {}
]]></system-out>
    </testcase>
    <testcase classname="chrome.137_0_7151_69.windows.Provide_to_Site_w/o_warehouse_management_w/o_clarification_US116612" name="Should create a new external partner" time="0.001" />
    <testcase classname="chrome.137_0_7151_69.windows.Provide_to_Site_w/o_warehouse_management_w/o_clarification_US116612" name="Should create a new site" time="0.001" />
    <testcase classname="chrome.137_0_7151_69.windows.Provide_to_Site_w/o_warehouse_management_w/o_clarification_US116612" name="Should create a new material" time="130.735">
      <system-out><![CDATA[
COMMAND: POST /session/e5a8226ea9fde889391201a3e7d107f2/execute/async - {"script":"<script> [1562 bytes]","args":[{"selector":{"controlType":"sap.m.GenericTile","properties":{"header":"Manage Resources"}},"wdio_ui5_key":"sapm.GenericTile{\"header\":\"Manage Resources\"}"}]}
RESULT: {"script":"<script> [1562 bytes]","args":[{"selector":{"controlType":"sap.m.GenericTile","properties":{"header":"Manage Resources"}},"wdio_ui5_key":"sapm.GenericTile{\"header\":\"Manage Resources\"}"}]}
RESULT: undefined
COMMAND: POST /session/e5a8226ea9fde889391201a3e7d107f2/element - {"using":"xpath","value":"//*[@id=\"__tile32\"]"}
RESULT: {"using":"xpath","value":"//*[@id=\"__tile32\"]"}
COMMAND: POST /session/e5a8226ea9fde889391201a3e7d107f2/element/f.423FC243C8326C45B9AC14107F5D9156.d.89EDA5DD85CC348FE861CDB620462FC2.e.9752/click - {}
RESULT: {}
COMMAND: GET /session/e5a8226ea9fde889391201a3e7d107f2/screenshot - {}
RESULT: {}
COMMAND: POST /session/e5a8226ea9fde889391201a3e7d107f2/elements - {"using":"xpath","value":"//span[text()='Error']"}
RESULT: {"using":"xpath","value":"//span[text()='Error']"}
COMMAND: POST /session/e5a8226ea9fde889391201a3e7d107f2/element - {"using":"xpath","value":"//button[@data-kt=\"addNewRUOverflowToolbarButton\"]"}
RESULT: {"using":"xpath","value":"//button[@data-kt=\"addNewRUOverflowToolbarButton\"]"}
COMMAND: POST /session/e5a8226ea9fde889391201a3e7d107f2/elements - {"using":"xpath","value":"//button[@data-kt=\"addNewRUOverflowToolbarButton\"]"}
RESULT: {"using":"xpath","value":"//button[@data-kt=\"addNewRUOverflowToolbarButton\"]"}
COMMAND: POST /session/e5a8226ea9fde889391201a3e7d107f2/elements - {"using":"xpath","value":"//button[@data-kt=\"addNewRUOverflowToolbarButton\"]"}
RESULT: {"using":"xpath","value":"//button[@data-kt=\"addNewRUOverflowToolbarButton\"]"}
COMMAND: POST /session/e5a8226ea9fde889391201a3e7d107f2/elements - {"using":"xpath","value":"//button[@data-kt=\"addNewRUOverflowToolbarButton\"]"}
RESULT: {"using":"xpath","value":"//button[@data-kt=\"addNewRUOverflowToolbarButton\"]"}
COMMAND: POST /session/e5a8226ea9fde889391201a3e7d107f2/elements - {"using":"xpath","value":"//button[@data-kt=\"addNewRUOverflowToolbarButton\"]"}
RESULT: {"using":"xpath","value":"//button[@data-kt=\"addNewRUOverflowToolbarButton\"]"}
COMMAND: POST /session/e5a8226ea9fde889391201a3e7d107f2/elements - {"using":"xpath","value":"//button[@data-kt=\"addNewRUOverflowToolbarButton\"]"}
RESULT: {"using":"xpath","value":"//button[@data-kt=\"addNewRUOverflowToolbarButton\"]"}
COMMAND: POST /session/e5a8226ea9fde889391201a3e7d107f2/elements - {"using":"xpath","value":"//button[@data-kt=\"addNewRUOverflowToolbarButton\"]"}
RESULT: {"using":"xpath","value":"//button[@data-kt=\"addNewRUOverflowToolbarButton\"]"}
COMMAND: POST /session/e5a8226ea9fde889391201a3e7d107f2/elements - {"using":"xpath","value":"//button[@data-kt=\"addNewRUOverflowToolbarButton\"]"}
RESULT: {"using":"xpath","value":"//button[@data-kt=\"addNewRUOverflowToolbarButton\"]"}
COMMAND: POST /session/e5a8226ea9fde889391201a3e7d107f2/elements - {"using":"xpath","value":"//button[@data-kt=\"addNewRUOverflowToolbarButton\"]"}
RESULT: {"using":"xpath","value":"//button[@data-kt=\"addNewRUOverflowToolbarButton\"]"}
COMMAND: POST /session/e5a8226ea9fde889391201a3e7d107f2/element - {"using":"xpath","value":"//button[@data-kt=\"addNewRUOverflowToolbarButton\"]"}
RESULT: {"using":"xpath","value":"//button[@data-kt=\"addNewRUOverflowToolbarButton\"]"}
COMMAND: POST /session/e5a8226ea9fde889391201a3e7d107f2/execute/sync - {"script":"<script> [8489 bytes]","args":[{"element-6066-11e4-a52e-4f735466cecf":"f.423FC243C8326C45B9AC14107F5D9156.d.89EDA5DD85CC348FE861CDB620462FC2.e.9885","ELEMENT":"f.423FC243C8326C45B9AC14107F5D9156.d.89EDA5DD85CC348FE861CDB620462FC2.e.9885"}]}
RESULT: {"script":"<script> [8489 bytes]","args":[{"element-6066-11e4-a52e-4f735466cecf":"f.423FC243C8326C45B9AC14107F5D9156.d.89EDA5DD85CC348FE861CDB620462FC2.e.9885","ELEMENT":"f.423FC243C8326C45B9AC14107F5D9156.d.89EDA5DD85CC348FE861CDB620462FC2.e.9885"}]}
COMMAND: GET /session/e5a8226ea9fde889391201a3e7d107f2/element/f.423FC243C8326C45B9AC14107F5D9156.d.89EDA5DD85CC348FE861CDB620462FC2.e.9885/enabled - {}
COMMAND: GET /session/e5a8226ea9fde889391201a3e7d107f2/screenshot - {}
RESULT: {}
COMMAND: POST /session/e5a8226ea9fde889391201a3e7d107f2/execute/sync - {"script":"<script> [8489 bytes]","args":[{"element-6066-11e4-a52e-4f735466cecf":"f.423FC243C8326C45B9AC14107F5D9156.d.89EDA5DD85CC348FE861CDB620462FC2.e.9885","ELEMENT":"f.423FC243C8326C45B9AC14107F5D9156.d.89EDA5DD85CC348FE861CDB620462FC2.e.9885"}]}
COMMAND: GET /session/e5a8226ea9fde889391201a3e7d107f2/screenshot - {}
RESULT: {}
RESULT: {"script":"<script> [8489 bytes]","args":[{"element-6066-11e4-a52e-4f735466cecf":"f.423FC243C8326C45B9AC14107F5D9156.d.89EDA5DD85CC348FE861CDB620462FC2.e.9885","ELEMENT":"f.423FC243C8326C45B9AC14107F5D9156.d.89EDA5DD85CC348FE861CDB620462FC2.e.9885"}]}
COMMAND: POST /session/e5a8226ea9fde889391201a3e7d107f2/execute/sync - {"script":"<script> [5351 bytes]","args":[{"element-6066-11e4-a52e-4f735466cecf":"f.423FC243C8326C45B9AC14107F5D9156.d.89EDA5DD85CC348FE861CDB620462FC2.e.9885","ELEMENT":"f.423FC243C8326C45B9AC14107F5D9156.d.89EDA5DD85CC348FE861CDB620462FC2.e.9885"}]}
COMMAND: GET /session/e5a8226ea9fde889391201a3e7d107f2/screenshot - {}
RESULT: {}
RESULT: {"script":"<script> [5351 bytes]","args":[{"element-6066-11e4-a52e-4f735466cecf":"f.423FC243C8326C45B9AC14107F5D9156.d.89EDA5DD85CC348FE861CDB620462FC2.e.9885","ELEMENT":"f.423FC243C8326C45B9AC14107F5D9156.d.89EDA5DD85CC348FE861CDB620462FC2.e.9885"}]}
COMMAND: POST /session/e5a8226ea9fde889391201a3e7d107f2/element/f.423FC243C8326C45B9AC14107F5D9156.d.89EDA5DD85CC348FE861CDB620462FC2.e.9885/click - {}
COMMAND: GET /session/e5a8226ea9fde889391201a3e7d107f2/screenshot - {}
RESULT: {}
RESULT: {}
COMMAND: GET /session/e5a8226ea9fde889391201a3e7d107f2/screenshot - {}
RESULT: {}
COMMAND: POST /session/e5a8226ea9fde889391201a3e7d107f2/execute/async - {"script":"<script> [1562 bytes]","args":[{"selector":{"id":"application-manageresources-display-component---newResourceUnit--TYPE-arrow"},"wdio_ui5_key":"applicationmanageresources-display-component---newResourceUnit--TYPE-arrow"}]}
RESULT: {}
RESULT: {"script":"<script> [1562 bytes]","args":[{"selector":{"id":"application-manageresources-display-component---newResourceUnit--TYPE-arrow"},"wdio_ui5_key":"applicationmanageresources-display-component---newResourceUnit--TYPE-arrow"}]}
RESULT: undefined
COMMAND: POST /session/e5a8226ea9fde889391201a3e7d107f2/element - {"using":"xpath","value":"//*[@id=\"application-manageresources-display-component---newResourceUnit--TYPE-arrow\"]"}
RESULT: {"using":"xpath","value":"//*[@id=\"application-manageresources-display-component---newResourceUnit--TYPE-arrow\"]"}
COMMAND: POST /session/e5a8226ea9fde889391201a3e7d107f2/element/f.423FC243C8326C45B9AC14107F5D9156.d.89EDA5DD85CC348FE861CDB620462FC2.e.10241/click - {}
RESULT: {}
COMMAND: POST /session/e5a8226ea9fde889391201a3e7d107f2/element - {"using":"xpath","value":"//input[@id=\"application-manageresources-display-component---newResourceUnit--TYPE-inner\"]"}
COMMAND: GET /session/e5a8226ea9fde889391201a3e7d107f2/screenshot - {}
RESULT: {"using":"xpath","value":"//input[@id=\"application-manageresources-display-component---newResourceUnit--TYPE-inner\"]"}
COMMAND: POST /session/e5a8226ea9fde889391201a3e7d107f2/element/f.423FC243C8326C45B9AC14107F5D9156.d.89EDA5DD85CC348FE861CDB620462FC2.e.10237/clear - {}
RESULT: {}
RESULT: {}
COMMAND: POST /session/e5a8226ea9fde889391201a3e7d107f2/element/f.423FC243C8326C45B9AC14107F5D9156.d.89EDA5DD85CC348FE861CDB620462FC2.e.10237/value - {"text":"Material"}
COMMAND: GET /session/e5a8226ea9fde889391201a3e7d107f2/screenshot - {}
RESULT: {"text":"Material"}
COMMAND: GET /session/e5a8226ea9fde889391201a3e7d107f2/screenshot - {}
RESULT: {}
RESULT: {}
COMMAND: POST /session/e5a8226ea9fde889391201a3e7d107f2/actions - {"actions":[{"id":"action37","type":"key","parameters":{},"actions":[{"type":"keyDown","value":"î€‡"},{"type":"pause","duration":10},{"type":"keyUp","value":"î€‡"}]}]}
RESULT: {"actions":[{"id":"action37","type":"key","parameters":{},"actions":[{"type":"keyDown","value":"î€‡"},{"type":"pause","duration":10},{"type":"keyUp","value":"î€‡"}]}]}
COMMAND: POST /session/e5a8226ea9fde889391201a3e7d107f2/execute/async - {"script":"<script> [1562 bytes]","args":[{"selector":{"id":"application-manageresources-display-component---newResourceUnit--SHORT_TEXT","interaction":{"idSuffix":"inner"}},"wdio_ui5_key":"applicationmanageresources-display-component---newResourceUnit--SHORT_TEXT"}]}
COMMAND: GET /session/e5a8226ea9fde889391201a3e7d107f2/screenshot - {}
RESULT: undefined
RESULT: {"script":"<script> [1562 bytes]","args":[{"selector":{"id":"application-manageresources-display-component---newResourceUnit--SHORT_TEXT","interaction":{"idSuffix":"inner"}},"wdio_ui5_key":"applicationmanageresources-display-component---newResourceUnit--SHORT_TEXT"}]}
RESULT: undefined
COMMAND: POST /session/e5a8226ea9fde889391201a3e7d107f2/execute/async - {"script":"<script> [776 bytes]","args":[{"enterText":"Cement WDIO","selector":{"id":"application-manageresources-display-component---newResourceUnit--SHORT_TEXT","interaction":{"idSuffix":"inner"}},"clearTextFirst":true,"interactionType":"ENTER_TEXT"}]}
RESULT: {}
RESULT: {"script":"<script> [776 bytes]","args":[{"enterText":"Cement WDIO","selector":{"id":"application-manageresources-display-component---newResourceUnit--SHORT_TEXT","interaction":{"idSuffix":"inner"}},"clearTextFirst":true,"interactionType":"ENTER_TEXT"}]}
COMMAND: POST /session/e5a8226ea9fde889391201a3e7d107f2/execute/async - {"script":"<script> [1562 bytes]","args":[{"selector":{"id":"application-manageresources-display-component---newResourceUnit--BASE_UNIT_OF_MEASURE","interaction":{"idSuffix":"inner"}},"wdio_ui5_key":"applicationmanageresources-display-component---newResourceUnit--BASE_UNIT_OF_MEASURE"}]}
RESULT: {"script":"<script> [1562 bytes]","args":[{"selector":{"id":"application-manageresources-display-component---newResourceUnit--BASE_UNIT_OF_MEASURE","interaction":{"idSuffix":"inner"}},"wdio_ui5_key":"applicationmanageresources-display-component---newResourceUnit--BASE_UNIT_OF_MEASURE"}]}
RESULT: undefined
COMMAND: POST /session/e5a8226ea9fde889391201a3e7d107f2/execute/async - {"script":"<script> [776 bytes]","args":[{"enterText":"Piece","selector":{"id":"application-manageresources-display-component---newResourceUnit--BASE_UNIT_OF_MEASURE","interaction":{"idSuffix":"inner"}},"clearTextFirst":true,"interactionType":"ENTER_TEXT"}]}
RESULT: {"script":"<script> [776 bytes]","args":[{"enterText":"Piece","selector":{"id":"application-manageresources-display-component---newResourceUnit--BASE_UNIT_OF_MEASURE","interaction":{"idSuffix":"inner"}},"clearTextFirst":true,"interactionType":"ENTER_TEXT"}]}
COMMAND: POST /session/e5a8226ea9fde889391201a3e7d107f2/execute/async - {"script":"<script> [1562 bytes]","args":[{"selector":{"id":"application-manageresources-display-component---newResourceUnit--WEIGHT_UNIT","interaction":{"idSuffix":"inner"}},"wdio_ui5_key":"applicationmanageresources-display-component---newResourceUnit--WEIGHT_UNIT"}]}
RESULT: {"script":"<script> [1562 bytes]","args":[{"selector":{"id":"application-manageresources-display-component---newResourceUnit--WEIGHT_UNIT","interaction":{"idSuffix":"inner"}},"wdio_ui5_key":"applicationmanageresources-display-component---newResourceUnit--WEIGHT_UNIT"}]}
RESULT: undefined
COMMAND: POST /session/e5a8226ea9fde889391201a3e7d107f2/execute/async - {"script":"<script> [776 bytes]","args":[{"enterText":"Gram","selector":{"id":"application-manageresources-display-component---newResourceUnit--WEIGHT_UNIT","interaction":{"idSuffix":"inner"}},"clearTextFirst":true,"interactionType":"ENTER_TEXT"}]}
RESULT: {"script":"<script> [776 bytes]","args":[{"enterText":"Gram","selector":{"id":"application-manageresources-display-component---newResourceUnit--WEIGHT_UNIT","interaction":{"idSuffix":"inner"}},"clearTextFirst":true,"interactionType":"ENTER_TEXT"}]}
COMMAND: POST /session/e5a8226ea9fde889391201a3e7d107f2/execute/async - {"script":"<script> [1562 bytes]","args":[{"selector":{"id":"application-manageresources-display-component---newResourceUnit--DIMENSION_UNIT","interaction":{"idSuffix":"inner"}},"wdio_ui5_key":"applicationmanageresources-display-component---newResourceUnit--DIMENSION_UNIT"}]}
RESULT: {"script":"<script> [1562 bytes]","args":[{"selector":{"id":"application-manageresources-display-component---newResourceUnit--DIMENSION_UNIT","interaction":{"idSuffix":"inner"}},"wdio_ui5_key":"applicationmanageresources-display-component---newResourceUnit--DIMENSION_UNIT"}]}
RESULT: undefined
COMMAND: POST /session/e5a8226ea9fde889391201a3e7d107f2/execute/async - {"script":"<script> [776 bytes]","args":[{"enterText":"Meter","selector":{"id":"application-manageresources-display-component---newResourceUnit--DIMENSION_UNIT","interaction":{"idSuffix":"inner"}},"clearTextFirst":true,"interactionType":"ENTER_TEXT"}]}
RESULT: {"script":"<script> [776 bytes]","args":[{"enterText":"Meter","selector":{"id":"application-manageresources-display-component---newResourceUnit--DIMENSION_UNIT","interaction":{"idSuffix":"inner"}},"clearTextFirst":true,"interactionType":"ENTER_TEXT"}]}
COMMAND: POST /session/e5a8226ea9fde889391201a3e7d107f2/execute/async - {"script":"<script> [1562 bytes]","args":[{"selector":{"id":"application-manageresources-display-component---newResourceUnit--newRRUPage-anchBar-application-manageresources-display-component---newResourceUnit--control-anchor","interaction":{"idSuffix":"BDI-content"}},"wdio_ui5_key":"applicationmanageresources-display-component---newResourceUnit--newRRUPage-anchBar-application-manageresources-display-component---newResourceUnit--control-anchor"}]}
RESULT: {"script":"<script> [1562 bytes]","args":[{"selector":{"id":"application-manageresources-display-component---newResourceUnit--newRRUPage-anchBar-application-manageresources-display-component---newResourceUnit--control-anchor","interaction":{"idSuffix":"BDI-content"}},"wdio_ui5_key":"applicationmanageresources-display-component---newResourceUnit--newRRUPage-anchBar-application-manageresources-display-component---newResourceUnit--control-anchor"}]}
RESULT: undefined
COMMAND: POST /session/e5a8226ea9fde889391201a3e7d107f2/element - {"using":"xpath","value":"//*[@id=\"application-manageresources-display-component---newResourceUnit--newRRUPage-anchBar-application-manageresources-display-component---newResourceUnit--control-anchor\"]"}
RESULT: {"using":"xpath","value":"//*[@id=\"application-manageresources-display-component---newResourceUnit--newRRUPage-anchBar-application-manageresources-display-component---newResourceUnit--control-anchor\"]"}
COMMAND: POST /session/e5a8226ea9fde889391201a3e7d107f2/element/f.423FC243C8326C45B9AC14107F5D9156.d.89EDA5DD85CC348FE861CDB620462FC2.e.10375/click - {}
RESULT: {}
COMMAND: POST /session/e5a8226ea9fde889391201a3e7d107f2/execute/async - {"script":"<script> [1562 bytes]","args":[{"selector":{"id":"application-manageresources-display-component---newResourceUnit--PLANNING_GROUP","interaction":{"idSuffix":"inner"}},"wdio_ui5_key":"applicationmanageresources-display-component---newResourceUnit--PLANNING_GROUP"}]}
COMMAND: GET /session/e5a8226ea9fde889391201a3e7d107f2/screenshot - {}
RESULT: {"script":"<script> [1562 bytes]","args":[{"selector":{"id":"application-manageresources-display-component---newResourceUnit--PLANNING_GROUP","interaction":{"idSuffix":"inner"}},"wdio_ui5_key":"applicationmanageresources-display-component---newResourceUnit--PLANNING_GROUP"}]}
RESULT: undefined
COMMAND: POST /session/e5a8226ea9fde889391201a3e7d107f2/execute/async - {"script":"<script> [776 bytes]","args":[{"enterText":"Material","selector":{"id":"application-manageresources-display-component---newResourceUnit--PLANNING_GROUP","interaction":{"idSuffix":"inner"}},"clearTextFirst":true,"interactionType":"ENTER_TEXT"}]}
RESULT: {}
RESULT: {"script":"<script> [776 bytes]","args":[{"enterText":"Material","selector":{"id":"application-manageresources-display-component---newResourceUnit--PLANNING_GROUP","interaction":{"idSuffix":"inner"}},"clearTextFirst":true,"interactionType":"ENTER_TEXT"}]}
COMMAND: POST /session/e5a8226ea9fde889391201a3e7d107f2/execute/async - {"script":"<script> [1562 bytes]","args":[{"selector":{"id":"application-manageresources-display-component---newResourceUnit--PLANNING_INDICATOR","interaction":{"idSuffix":"inner"}},"wdio_ui5_key":"applicationmanageresources-display-component---newResourceUnit--PLANNING_INDICATOR"}]}
RESULT: {"script":"<script> [1562 bytes]","args":[{"selector":{"id":"application-manageresources-display-component---newResourceUnit--PLANNING_INDICATOR","interaction":{"idSuffix":"inner"}},"wdio_ui5_key":"applicationmanageresources-display-component---newResourceUnit--PLANNING_INDICATOR"}]}
RESULT: undefined
COMMAND: POST /session/e5a8226ea9fde889391201a3e7d107f2/execute/async - {"script":"<script> [776 bytes]","args":[{"enterText":"10 - infinite","selector":{"id":"application-manageresources-display-component---newResourceUnit--PLANNING_INDICATOR","interaction":{"idSuffix":"inner"}},"clearTextFirst":true,"interactionType":"ENTER_TEXT"}]}
RESULT: {"script":"<script> [776 bytes]","args":[{"enterText":"10 - infinite","selector":{"id":"application-manageresources-display-component---newResourceUnit--PLANNING_INDICATOR","interaction":{"idSuffix":"inner"}},"clearTextFirst":true,"interactionType":"ENTER_TEXT"}]}
COMMAND: POST /session/e5a8226ea9fde889391201a3e7d107f2/element - {"using":"css selector","value":"#application-manageresources-display-component---newResourceUnit--btnAddTimeSegment"}
RESULT: {"using":"css selector","value":"#application-manageresources-display-component---newResourceUnit--btnAddTimeSegment"}
COMMAND: GET /session/e5a8226ea9fde889391201a3e7d107f2/element/f.423FC243C8326C45B9AC14107F5D9156.d.89EDA5DD85CC348FE861CDB620462FC2.e.10384/rect - {}
RESULT: {}
COMMAND: GET /session/e5a8226ea9fde889391201a3e7d107f2/window/rect - {}
RESULT: {}
COMMAND: POST /session/e5a8226ea9fde889391201a3e7d107f2/execute/sync - {"script":"<script> [92 bytes]","args":[]}
RESULT: {"script":"<script> [92 bytes]","args":[]}
COMMAND: POST /session/e5a8226ea9fde889391201a3e7d107f2/actions - {"actions":[{"id":"action38","type":"wheel","parameters":{},"actions":[{"type":"scroll","x":-1888,"y":-32,"deltaX":0,"deltaY":0,"duration":0,"origin":{"element-6066-11e4-a52e-4f735466cecf":"f.423FC243C8326C45B9AC14107F5D9156.d.89EDA5DD85CC348FE861CDB620462FC2.e.10384"}}]}]}
COMMAND: GET /session/e5a8226ea9fde889391201a3e7d107f2/screenshot - {}
RESULT: {}
COMMAND: POST /session/e5a8226ea9fde889391201a3e7d107f2/execute/sync - {"script":"<script> [79 bytes]","args":[{"element-6066-11e4-a52e-4f735466cecf":"f.423FC243C8326C45B9AC14107F5D9156.d.89EDA5DD85CC348FE861CDB620462FC2.e.10384","ELEMENT":"f.423FC243C8326C45B9AC14107F5D9156.d.89EDA5DD85CC348FE861CDB620462FC2.e.10384"},{"block":"start","inline":"nearest"}]}
RESULT: {"script":"<script> [79 bytes]","args":[{"element-6066-11e4-a52e-4f735466cecf":"f.423FC243C8326C45B9AC14107F5D9156.d.89EDA5DD85CC348FE861CDB620462FC2.e.10384","ELEMENT":"f.423FC243C8326C45B9AC14107F5D9156.d.89EDA5DD85CC348FE861CDB620462FC2.e.10384"},{"block":"start","inline":"nearest"}]}
COMMAND: POST /session/e5a8226ea9fde889391201a3e7d107f2/execute/async - {"script":"<script> [1562 bytes]","args":[{"selector":{"id":"application-manageresources-display-component---newResourceUnit--btnAddTimeSegment","interaction":{"idSuffix":"inner"}},"wdio_ui5_key":"applicationmanageresources-display-component---newResourceUnit--btnAddTimeSegment"}]}
COMMAND: GET /session/e5a8226ea9fde889391201a3e7d107f2/screenshot - {}
RESULT: {"script":"<script> [1562 bytes]","args":[{"selector":{"id":"application-manageresources-display-component---newResourceUnit--btnAddTimeSegment","interaction":{"idSuffix":"inner"}},"wdio_ui5_key":"applicationmanageresources-display-component---newResourceUnit--btnAddTimeSegment"}]}
RESULT: undefined
COMMAND: POST /session/e5a8226ea9fde889391201a3e7d107f2/element - {"using":"xpath","value":"//*[@id=\"application-manageresources-display-component---newResourceUnit--btnAddTimeSegment\"]"}
RESULT: {}
RESULT: {"using":"xpath","value":"//*[@id=\"application-manageresources-display-component---newResourceUnit--btnAddTimeSegment\"]"}
COMMAND: POST /session/e5a8226ea9fde889391201a3e7d107f2/element/f.423FC243C8326C45B9AC14107F5D9156.d.89EDA5DD85CC348FE861CDB620462FC2.e.10384/click - {}
RESULT: {}
COMMAND: GET /session/e5a8226ea9fde889391201a3e7d107f2/screenshot - {}
RESULT: {}
COMMAND: POST /session/e5a8226ea9fde889391201a3e7d107f2/element - {"using":"xpath","value":"//input[@id=\"application-manageresources-display-component---newResourceUnit--idRuTSAdmin-application-manageresources-display-component---newResourceUnit--RUTimeSegment-0-inner\"]"}
RESULT: {"using":"xpath","value":"//input[@id=\"application-manageresources-display-component---newResourceUnit--idRuTSAdmin-application-manageresources-display-component---newResourceUnit--RUTimeSegment-0-inner\"]"}
COMMAND: POST /session/e5a8226ea9fde889391201a3e7d107f2/element/f.423FC243C8326C45B9AC14107F5D9156.d.89EDA5DD85CC348FE861CDB620462FC2.e.10389/clear - {}
RESULT: {}
COMMAND: POST /session/e5a8226ea9fde889391201a3e7d107f2/element/f.423FC243C8326C45B9AC14107F5D9156.d.89EDA5DD85CC348FE861CDB620462FC2.e.10389/value - {"text":"190"}
COMMAND: GET /session/e5a8226ea9fde889391201a3e7d107f2/screenshot - {}
RESULT: {"text":"190"}
COMMAND: GET /session/e5a8226ea9fde889391201a3e7d107f2/screenshot - {}
RESULT: {}
RESULT: {}
COMMAND: POST /session/e5a8226ea9fde889391201a3e7d107f2/element - {"using":"xpath","value":"//li[.//span[text()='190']]"}
RESULT: {"using":"xpath","value":"//li[.//span[text()='190']]"}
COMMAND: POST /session/e5a8226ea9fde889391201a3e7d107f2/element/f.423FC243C8326C45B9AC14107F5D9156.d.89EDA5DD85CC348FE861CDB620462FC2.e.10398/click - {}
RESULT: {}
COMMAND: GET /session/e5a8226ea9fde889391201a3e7d107f2/screenshot - {}
RESULT: {}
COMMAND: POST /session/e5a8226ea9fde889391201a3e7d107f2/element - {"using":"xpath","value":"(//span[contains(@id, \"-application-manageresources-display-component---newResourceUnit--RUTimeSegment-0-arrow\")])[2]"}
RESULT: {"using":"xpath","value":"(//span[contains(@id, \"-application-manageresources-display-component---newResourceUnit--RUTimeSegment-0-arrow\")])[2]"}
COMMAND: POST /session/e5a8226ea9fde889391201a3e7d107f2/element/f.423FC243C8326C45B9AC14107F5D9156.d.89EDA5DD85CC348FE861CDB620462FC2.e.10399/click - {}
RESULT: {}
COMMAND: POST /session/e5a8226ea9fde889391201a3e7d107f2/element - {"using":"xpath","value":"//span[contains(text(), \"PM Order\")]"}
RESULT: {"using":"xpath","value":"//span[contains(text(), \"PM Order\")]"}
COMMAND: POST /session/e5a8226ea9fde889391201a3e7d107f2/element/f.423FC243C8326C45B9AC14107F5D9156.d.89EDA5DD85CC348FE861CDB620462FC2.e.10400/click - {}
COMMAND: GET /session/e5a8226ea9fde889391201a3e7d107f2/screenshot - {}
RESULT: {}
COMMAND: GET /session/e5a8226ea9fde889391201a3e7d107f2/screenshot - {}
RESULT: {}
RESULT: {}
COMMAND: POST /session/e5a8226ea9fde889391201a3e7d107f2/element - {"using":"xpath","value":"//td/div/div/div/span[contains(@id, \"newResourceUnit--RUTimeSegment-0-vhi\")][1]"}
RESULT: {"using":"xpath","value":"//td/div/div/div/span[contains(@id, \"newResourceUnit--RUTimeSegment-0-vhi\")][1]"}
COMMAND: GET /session/e5a8226ea9fde889391201a3e7d107f2/element/f.423FC243C8326C45B9AC14107F5D9156.d.89EDA5DD85CC348FE861CDB620462FC2.e.10404/rect - {}
RESULT: {}
COMMAND: GET /session/e5a8226ea9fde889391201a3e7d107f2/window/rect - {}
RESULT: {}
COMMAND: POST /session/e5a8226ea9fde889391201a3e7d107f2/execute/sync - {"script":"<script> [92 bytes]","args":[]}
RESULT: {"script":"<script> [92 bytes]","args":[]}
COMMAND: POST /session/e5a8226ea9fde889391201a3e7d107f2/actions - {"actions":[{"id":"action39","type":"wheel","parameters":{},"actions":[{"type":"scroll","x":-1888,"y":-24,"deltaX":0,"deltaY":0,"duration":0,"origin":{"element-6066-11e4-a52e-4f735466cecf":"f.423FC243C8326C45B9AC14107F5D9156.d.89EDA5DD85CC348FE861CDB620462FC2.e.10404"}}]}]}
COMMAND: GET /session/e5a8226ea9fde889391201a3e7d107f2/screenshot - {}
RESULT: {}
COMMAND: POST /session/e5a8226ea9fde889391201a3e7d107f2/execute/sync - {"script":"<script> [79 bytes]","args":[{"element-6066-11e4-a52e-4f735466cecf":"f.423FC243C8326C45B9AC14107F5D9156.d.89EDA5DD85CC348FE861CDB620462FC2.e.10404","ELEMENT":"f.423FC243C8326C45B9AC14107F5D9156.d.89EDA5DD85CC348FE861CDB620462FC2.e.10404"},{"block":"start","inline":"nearest"}]}
RESULT: {"script":"<script> [79 bytes]","args":[{"element-6066-11e4-a52e-4f735466cecf":"f.423FC243C8326C45B9AC14107F5D9156.d.89EDA5DD85CC348FE861CDB620462FC2.e.10404","ELEMENT":"f.423FC243C8326C45B9AC14107F5D9156.d.89EDA5DD85CC348FE861CDB620462FC2.e.10404"},{"block":"start","inline":"nearest"}]}
COMMAND: GET /session/e5a8226ea9fde889391201a3e7d107f2/screenshot - {}
RESULT: {}
COMMAND: POST /session/e5a8226ea9fde889391201a3e7d107f2/element/f.423FC243C8326C45B9AC14107F5D9156.d.89EDA5DD85CC348FE861CDB620462FC2.e.10404/click - {}
RESULT: {}
COMMAND: GET /session/e5a8226ea9fde889391201a3e7d107f2/screenshot - {}
RESULT: {}
COMMAND: POST /session/e5a8226ea9fde889391201a3e7d107f2/execute/async - {"script":"<script> [1562 bytes]","args":[{"selector":{"controlType":"sap.m.SearchField","properties":{"placeholder":"Search"},"searchOpenDialogs":true,"interaction":{"idSuffix":"I"}},"wdio_ui5_key":"sapm.SearchField{\"placeholder\":\"Search\"}"}]}
RESULT: {"script":"<script> [1562 bytes]","args":[{"selector":{"controlType":"sap.m.SearchField","properties":{"placeholder":"Search"},"searchOpenDialogs":true,"interaction":{"idSuffix":"I"}},"wdio_ui5_key":"sapm.SearchField{\"placeholder\":\"Search\"}"}]}
RESULT: undefined
COMMAND: POST /session/e5a8226ea9fde889391201a3e7d107f2/execute/async - {"script":"<script> [776 bytes]","args":[{"enterText":"4000360","selector":{"controlType":"sap.m.SearchField","properties":{"placeholder":"Search"},"searchOpenDialogs":true,"interaction":{"idSuffix":"I"}},"clearTextFirst":true,"interactionType":"ENTER_TEXT"}]}
RESULT: {"script":"<script> [776 bytes]","args":[{"enterText":"4000360","selector":{"controlType":"sap.m.SearchField","properties":{"placeholder":"Search"},"searchOpenDialogs":true,"interaction":{"idSuffix":"I"}},"clearTextFirst":true,"interactionType":"ENTER_TEXT"}]}
COMMAND: POST /session/e5a8226ea9fde889391201a3e7d107f2/actions - {"actions":[{"id":"action40","type":"key","parameters":{},"actions":[{"type":"keyDown","value":"î€‡"},{"type":"pause","duration":10},{"type":"keyUp","value":"î€‡"}]}]}
RESULT: {"actions":[{"id":"action40","type":"key","parameters":{},"actions":[{"type":"keyDown","value":"î€‡"},{"type":"pause","duration":10},{"type":"keyUp","value":"î€‡"}]}]}
COMMAND: GET /session/e5a8226ea9fde889391201a3e7d107f2/screenshot - {}
RESULT: {}
COMMAND: POST /session/e5a8226ea9fde889391201a3e7d107f2/element - {"using":"xpath","value":"//td/div/span[contains(text(), \"BGL Vehicles\")]"}
RESULT: {"using":"xpath","value":"//td/div/span[contains(text(), \"BGL Vehicles\")]"}
COMMAND: POST /session/e5a8226ea9fde889391201a3e7d107f2/element/f.423FC243C8326C45B9AC14107F5D9156.d.89EDA5DD85CC348FE861CDB620462FC2.e.10426/click - {}
RESULT: {}
COMMAND: GET /session/e5a8226ea9fde889391201a3e7d107f2/screenshot - {}
RESULT: {}
COMMAND: POST /session/e5a8226ea9fde889391201a3e7d107f2/element - {"using":"xpath","value":"//bdi[contains(text(), \"OK\")]"}
RESULT: {"using":"xpath","value":"//bdi[contains(text(), \"OK\")]"}
COMMAND: POST /session/e5a8226ea9fde889391201a3e7d107f2/element/f.423FC243C8326C45B9AC14107F5D9156.d.89EDA5DD85CC348FE861CDB620462FC2.e.10427/click - {}
RESULT: {}
COMMAND: GET /session/e5a8226ea9fde889391201a3e7d107f2/screenshot - {}
RESULT: {}
COMMAND: POST /session/e5a8226ea9fde889391201a3e7d107f2/element - {"using":"xpath","value":"//label[contains(@class, 'sapMLabelRequired') and .//bdi[contains(text(), 'Planned Retirement')]]"}
RESULT: {"using":"xpath","value":"//label[contains(@class, 'sapMLabelRequired') and .//bdi[contains(text(), 'Planned Retirement')]]"}
COMMAND: POST /session/e5a8226ea9fde889391201a3e7d107f2/elements - {"using":"xpath","value":"//label[contains(@class, 'sapMLabelRequired') and .//bdi[contains(text(), 'Planned Retirement')]]"}
RESULT: {"using":"xpath","value":"//label[contains(@class, 'sapMLabelRequired') and .//bdi[contains(text(), 'Planned Retirement')]]"}
COMMAND: POST /session/e5a8226ea9fde889391201a3e7d107f2/element - {"using":"xpath","value":"//button[@data-kt=\"resourceUnitSaveButton\"]"}
RESULT: {"using":"xpath","value":"//button[@data-kt=\"resourceUnitSaveButton\"]"}
COMMAND: POST /session/e5a8226ea9fde889391201a3e7d107f2/element/f.423FC243C8326C45B9AC14107F5D9156.d.89EDA5DD85CC348FE861CDB620462FC2.e.10259/click - {}
RESULT: {}
COMMAND: GET /session/e5a8226ea9fde889391201a3e7d107f2/screenshot - {}
RESULT: {}
COMMAND: POST /session/e5a8226ea9fde889391201a3e7d107f2/element - {"using":"xpath","value":"//bdi[contains(text(), \"Close\")]"}
RESULT: {"using":"xpath","value":"//bdi[contains(text(), \"Close\")]"}
COMMAND: POST /session/e5a8226ea9fde889391201a3e7d107f2/element/f.423FC243C8326C45B9AC14107F5D9156.d.89EDA5DD85CC348FE861CDB620462FC2.e.10434/click - {}
RESULT: {}
COMMAND: GET /session/e5a8226ea9fde889391201a3e7d107f2/screenshot - {}
RESULT: {}
COMMAND: POST /session/e5a8226ea9fde889391201a3e7d107f2/element - {"using":"xpath","value":"//header[contains(@id, 'detailRruPage-headerTitle')]/div[1]/div[2]/div[2]/span[1]"}
RESULT: {"using":"xpath","value":"//header[contains(@id, 'detailRruPage-headerTitle')]/div[1]/div[2]/div[2]/span[1]"}
COMMAND: POST /session/e5a8226ea9fde889391201a3e7d107f2/elements - {"using":"xpath","value":"//header[contains(@id, 'detailRruPage-headerTitle')]/div[1]/div[2]/div[2]/span[1]"}
RESULT: {"using":"xpath","value":"//header[contains(@id, 'detailRruPage-headerTitle')]/div[1]/div[2]/div[2]/span[1]"}
COMMAND: POST /session/e5a8226ea9fde889391201a3e7d107f2/execute/sync - {"script":"<script> [56 bytes]","args":[{"element-6066-11e4-a52e-4f735466cecf":"f.423FC243C8326C45B9AC14107F5D9156.d.89EDA5DD85CC348FE861CDB620462FC2.e.10468","ELEMENT":"f.423FC243C8326C45B9AC14107F5D9156.d.89EDA5DD85CC348FE861CDB620462FC2.e.10468"}]}
RESULT: {"script":"<script> [56 bytes]","args":[{"element-6066-11e4-a52e-4f735466cecf":"f.423FC243C8326C45B9AC14107F5D9156.d.89EDA5DD85CC348FE861CDB620462FC2.e.10468","ELEMENT":"f.423FC243C8326C45B9AC14107F5D9156.d.89EDA5DD85CC348FE861CDB620462FC2.e.10468"}]}
COMMAND: POST /session/e5a8226ea9fde889391201a3e7d107f2/element - {"using":"css selector","value":"#shell-header-logo"}
COMMAND: GET /session/e5a8226ea9fde889391201a3e7d107f2/screenshot - {}
RESULT: {"using":"css selector","value":"#shell-header-logo"}
COMMAND: POST /session/e5a8226ea9fde889391201a3e7d107f2/element/f.423FC243C8326C45B9AC14107F5D9156.d.89EDA5DD85CC348FE861CDB620462FC2.e.9736/click - {}
RESULT: {}
RESULT: {}
COMMAND: GET /session/e5a8226ea9fde889391201a3e7d107f2/screenshot - {}
RESULT: {}
]]></system-out>
    </testcase>
  </testsuite>
  <testsuite timestamp="2025-06-12T17:05:23" time="268.524" tests="6" failures="4" errors="4" skipped="0">
    <properties>
      <property name="specId" value="0" />
      <property name="suiteName" value="Provide to Site w/o warehouse management w/o clarification" />
      <property name="capabilities" value="chrome.137_0_7151_69.windows" />
      <property name="file" value="file:///D:/a/1/s/test/specs/HTR/provide-to-site-wo-warehouse-wo-clarification.spec.js" />
    </properties>
    <testcase classname="chrome.137_0_7151_69.windows.Provide_to_Site_w/o_warehouse_management_w/o_clarification" name="Should Test for Handover Execution" time="13.587">
      <system-out><![CDATA[
COMMAND: POST /session/e5a8226ea9fde889391201a3e7d107f2/element - {"using":"xpath","value":"(//span[contains(@id, \"imgNav\")])[1]"}
COMMAND: GET /session/e5a8226ea9fde889391201a3e7d107f2/screenshot - {}
RESULT: {"using":"xpath","value":"(//span[contains(@id, \"imgNav\")])[1]"}
COMMAND: POST /session/e5a8226ea9fde889391201a3e7d107f2/element/f.423FC243C8326C45B9AC14107F5D9156.d.89EDA5DD85CC348FE861CDB620462FC2.e.11075/click - {}
RESULT: {}
RESULT: {}
COMMAND: GET /session/e5a8226ea9fde889391201a3e7d107f2/screenshot - {}
RESULT: {}
COMMAND: POST /session/e5a8226ea9fde889391201a3e7d107f2/element - {"using":"css selector","value":"#shell-header-logo"}
RESULT: {"using":"css selector","value":"#shell-header-logo"}
COMMAND: POST /session/e5a8226ea9fde889391201a3e7d107f2/element/f.423FC243C8326C45B9AC14107F5D9156.d.89EDA5DD85CC348FE861CDB620462FC2.e.10474/click - {}
RESULT: {}
COMMAND: GET /session/e5a8226ea9fde889391201a3e7d107f2/screenshot - {}
RESULT: {}
]]></system-out>
    </testcase>
    <testcase classname="chrome.137_0_7151_69.windows.Provide_to_Site_w/o_warehouse_management_w/o_clarification" name="Should test for Clarification" time="0.003">
      <system-out><![CDATA[
COMMAND: POST /session/e5a8226ea9fde889391201a3e7d107f2/element - {"using":"css selector","value":"#j_username"}
COMMAND: POST /session/e5a8226ea9fde889391201a3e7d107f2/url - {"url":"https://qa-testing-00-live-etm-ui.cfapps.eu10-004.hana.ondemand.com/"}
COMMAND: GET /session/e5a8226ea9fde889391201a3e7d107f2/screenshot - {}
RESULT: {"using":"css selector","value":"#j_username"}
COMMAND: POST /session/e5a8226ea9fde889391201a3e7d107f2/element - {"using":"css selector","value":"#j_username"}
RESULT: {"url":"https://qa-testing-00-live-etm-ui.cfapps.eu10-004.hana.ondemand.com/"}
RESULT: undefined
COMMAND: GET /session/e5a8226ea9fde889391201a3e7d107f2/screenshot - {}
RESULT: {}
RESULT: {"using":"css selector","value":"#j_username"}
COMMAND: POST /session/e5a8226ea9fde889391201a3e7d107f2/element - {"using":"css selector","value":"#shell-header-logo"}
RESULT: {}
RESULT: {"using":"css selector","value":"#shell-header-logo"}
COMMAND: POST /session/e5a8226ea9fde889391201a3e7d107f2/execute/sync - {"script":"<script> [8489 bytes]","args":[{"element-6066-11e4-a52e-4f735466cecf":"f.423FC243C8326C45B9AC14107F5D9156.d.ECDE07403AE4631684199151FDB26F92.e.11119","ELEMENT":"f.423FC243C8326C45B9AC14107F5D9156.d.ECDE07403AE4631684199151FDB26F92.e.11119"}]}
RESULT: {"script":"<script> [8489 bytes]","args":[{"element-6066-11e4-a52e-4f735466cecf":"f.423FC243C8326C45B9AC14107F5D9156.d.ECDE07403AE4631684199151FDB26F92.e.11119","ELEMENT":"f.423FC243C8326C45B9AC14107F5D9156.d.ECDE07403AE4631684199151FDB26F92.e.11119"}]}
COMMAND: POST /session/e5a8226ea9fde889391201a3e7d107f2/element - {"using":"css selector","value":"#shell-header-logo"}
COMMAND: GET /session/e5a8226ea9fde889391201a3e7d107f2/screenshot - {}
RESULT: {"using":"css selector","value":"#shell-header-logo"}
COMMAND: POST /session/e5a8226ea9fde889391201a3e7d107f2/execute/sync - {"script":"<script> [8489 bytes]","args":[{"element-6066-11e4-a52e-4f735466cecf":"f.423FC243C8326C45B9AC14107F5D9156.d.ECDE07403AE4631684199151FDB26F92.e.11119","ELEMENT":"f.423FC243C8326C45B9AC14107F5D9156.d.ECDE07403AE4631684199151FDB26F92.e.11119"}]}
RESULT: {}
RESULT: {"script":"<script> [8489 bytes]","args":[{"element-6066-11e4-a52e-4f735466cecf":"f.423FC243C8326C45B9AC14107F5D9156.d.ECDE07403AE4631684199151FDB26F92.e.11119","ELEMENT":"f.423FC243C8326C45B9AC14107F5D9156.d.ECDE07403AE4631684199151FDB26F92.e.11119"}]}
COMMAND: POST /session/e5a8226ea9fde889391201a3e7d107f2/execute/sync - {"script":"<script> [5351 bytes]","args":[{"element-6066-11e4-a52e-4f735466cecf":"f.423FC243C8326C45B9AC14107F5D9156.d.ECDE07403AE4631684199151FDB26F92.e.11119","ELEMENT":"f.423FC243C8326C45B9AC14107F5D9156.d.ECDE07403AE4631684199151FDB26F92.e.11119"}]}
COMMAND: GET /session/e5a8226ea9fde889391201a3e7d107f2/screenshot - {}
RESULT: {"script":"<script> [5351 bytes]","args":[{"element-6066-11e4-a52e-4f735466cecf":"f.423FC243C8326C45B9AC14107F5D9156.d.ECDE07403AE4631684199151FDB26F92.e.11119","ELEMENT":"f.423FC243C8326C45B9AC14107F5D9156.d.ECDE07403AE4631684199151FDB26F92.e.11119"}]}
COMMAND: POST /session/e5a8226ea9fde889391201a3e7d107f2/element - {"using":"css selector","value":"#shell-header-logo"}
COMMAND: GET /session/e5a8226ea9fde889391201a3e7d107f2/screenshot - {}
RESULT: {}
RESULT: {"using":"css selector","value":"#shell-header-logo"}
COMMAND: POST /session/e5a8226ea9fde889391201a3e7d107f2/element/f.423FC243C8326C45B9AC14107F5D9156.d.ECDE07403AE4631684199151FDB26F92.e.11119/click - {}
RESULT: {}
RESULT: {}
COMMAND: GET /session/e5a8226ea9fde889391201a3e7d107f2/screenshot - {}
RESULT: {}
COMMAND: POST /session/e5a8226ea9fde889391201a3e7d107f2/execute/async - {"script":"<script> [189 bytes]","args":[]}
RESULT: {"script":"<script> [189 bytes]","args":[]}
COMMAND: POST /session/e5a8226ea9fde889391201a3e7d107f2/execute/async - {"script":"<script> [123 bytes]","args":[]}
RESULT: {"script":"<script> [123 bytes]","args":[]}
COMMAND: POST /session/e5a8226ea9fde889391201a3e7d107f2/timeouts - {"script":"<number>"}
RESULT: {"script":"<number>"}
COMMAND: GET /session/e5a8226ea9fde889391201a3e7d107f2/timeouts - {}
RESULT: {}
RESULT: undefined
COMMAND: POST /session/e5a8226ea9fde889391201a3e7d107f2/execute/async - {"script":"<script> [2676 bytes]","args":[]}
RESULT: {"script":"<script> [2676 bytes]","args":[]}
COMMAND: POST /session/e5a8226ea9fde889391201a3e7d107f2/execute/async - {"script":"<script> [2342 bytes]","args":[{"protocol":"http","hostname":"0.0.0.0","path":"/","capabilities":{"browserName":"chrome","goog:chromeOptions":{"binary":"C:\\Program Files\\Google\\Chrome\\Application\\chrome.exe","args":["--start-maximized"]}},"logLevel":"warn","connectionRetryTimeout":120000,"connectionRetryCount":3,"logLevels":{},"enableDirectConnect":true,"strictSSL":true,"_":"65 more keys: [\"cacheDir\",\"port\",\"requestedCapabilities\",\"automationProtocol\",\"baseUrl\",\"waitforInterval\",\"waitforTimeout\",\"onReload\",\"beforeCommand\",\"afterCommand\",\"rootDir\",\"specs\",\"suites\",\"exclude\",\"groupLogsByTestSpec\",\"excludeDriverLogs\",\"bail\",\"framework\",\"reporters\",\"services\",\"maxInstances\",\"maxInstancesPerCapability\",\"injectGlobals\",\"filesToWatch\",\"execArgv\",\"runnerEnv\",\"runner\",\"shard\",\"specFileRetries\",\"specFileRetriesDelay\",\"specFileRetriesDeferred\",\"reporterSyncInterval\",\"reporterSyncTimeout\",\"cucumberFeaturesWithLineNumbers\",\"autoCompileOpts\",\"mochaOpts\",\"jasmineOpts\",\"cucumberOpts\",\"onPrepare\",\"onWorkerStart\",\"onWorkerEnd\",\"before\",\"beforeSession\",\"beforeSuite\",\"beforeHook\",\"beforeTest\",\"afterTest\",\"afterHook\",\"afterSuite\",\"afterSession\",\"after\",\"onComplete\",\"beforeAssertion\",\"afterAssertion\",\"beforeFeature\",\"beforeScenario\",\"beforeStep\",\"afterStep\",\"afterScenario\",\"afterFeature\",\"_\",\"suite\",\"$0\",\"ignoredWorkerServices\",\"wdi5\"]"}]}
RESULT: {"script":"<script> [2342 bytes]","args":[{"protocol":"http","hostname":"0.0.0.0","path":"/","capabilities":{"browserName":"chrome","goog:chromeOptions":{"binary":"C:\\Program Files\\Google\\Chrome\\Application\\chrome.exe","args":["--start-maximized"]}},"logLevel":"warn","connectionRetryTimeout":120000,"connectionRetryCount":3,"logLevels":{},"enableDirectConnect":true,"strictSSL":true,"_":"65 more keys: [\"cacheDir\",\"port\",\"requestedCapabilities\",\"automationProtocol\",\"baseUrl\",\"waitforInterval\",\"waitforTimeout\",\"onReload\",\"beforeCommand\",\"afterCommand\",\"rootDir\",\"specs\",\"suites\",\"exclude\",\"groupLogsByTestSpec\",\"excludeDriverLogs\",\"bail\",\"framework\",\"reporters\",\"services\",\"maxInstances\",\"maxInstancesPerCapability\",\"injectGlobals\",\"filesToWatch\",\"execArgv\",\"runnerEnv\",\"runner\",\"shard\",\"specFileRetries\",\"specFileRetriesDelay\",\"specFileRetriesDeferred\",\"reporterSyncInterval\",\"reporterSyncTimeout\",\"cucumberFeaturesWithLineNumbers\",\"autoCompileOpts\",\"mochaOpts\",\"jasmineOpts\",\"cucumberOpts\",\"onPrepare\",\"onWorkerStart\",\"onWorkerEnd\",\"before\",\"beforeSession\",\"beforeSuite\",\"beforeHook\",\"beforeTest\",\"afterTest\",\"afterHook\",\"afterSuite\",\"afterSession\",\"after\",\"onComplete\",\"beforeAssertion\",\"afterAssertion\",\"beforeFeature\",\"beforeScenario\",\"beforeStep\",\"afterStep\",\"afterScenario\",\"afterFeature\",\"_\",\"suite\",\"$0\",\"ignoredWorkerServices\",\"wdi5\"]"}]}
COMMAND: POST /session/e5a8226ea9fde889391201a3e7d107f2/execute/async - {"script":"<script> [21126 bytes]","args":[35000]}
RESULT: {"script":"<script> [21126 bytes]","args":[35000]}
COMMAND: POST /session/e5a8226ea9fde889391201a3e7d107f2/window/maximize - {}
RESULT: {}
COMMAND: POST /session/e5a8226ea9fde889391201a3e7d107f2/execute/async - {"script":"<script> [1562 bytes]","args":[{"selector":{"id":"shell-header","interaction":{"idSuffix":"icon"}},"wdio_ui5_key":"shellheader"}]}
COMMAND: GET /session/e5a8226ea9fde889391201a3e7d107f2/screenshot - {}
RESULT: undefined
RESULT: {"script":"<script> [1562 bytes]","args":[{"selector":{"id":"shell-header","interaction":{"idSuffix":"icon"}},"wdio_ui5_key":"shellheader"}]}
RESULT: undefined
COMMAND: POST /session/e5a8226ea9fde889391201a3e7d107f2/refresh - {}
RESULT: {}
RESULT: {}
COMMAND: GET /session/e5a8226ea9fde889391201a3e7d107f2/screenshot - {}
RESULT: {}
COMMAND: POST /session/e5a8226ea9fde889391201a3e7d107f2/refresh - {}
RESULT: {}
COMMAND: GET /session/e5a8226ea9fde889391201a3e7d107f2/screenshot - {}
RESULT: {}
COMMAND: POST /session/e5a8226ea9fde889391201a3e7d107f2/window/fullscreen - {}
RESULT: {}
COMMAND: POST /session/e5a8226ea9fde889391201a3e7d107f2/execute/async - {"script":"<script> [189 bytes]","args":[]}
RESULT: {"script":"<script> [189 bytes]","args":[]}
COMMAND: POST /session/e5a8226ea9fde889391201a3e7d107f2/execute/async - {"script":"<script> [123 bytes]","args":[]}
RESULT: {"script":"<script> [123 bytes]","args":[]}
COMMAND: POST /session/e5a8226ea9fde889391201a3e7d107f2/timeouts - {"script":"<number>"}
RESULT: {"script":"<number>"}
COMMAND: GET /session/e5a8226ea9fde889391201a3e7d107f2/timeouts - {}
RESULT: {}
RESULT: undefined
COMMAND: POST /session/e5a8226ea9fde889391201a3e7d107f2/execute/async - {"script":"<script> [2676 bytes]","args":[]}
RESULT: {"script":"<script> [2676 bytes]","args":[]}
COMMAND: POST /session/e5a8226ea9fde889391201a3e7d107f2/execute/async - {"script":"<script> [2342 bytes]","args":[{"protocol":"http","hostname":"0.0.0.0","path":"/","capabilities":{"browserName":"chrome","goog:chromeOptions":{"binary":"C:\\Program Files\\Google\\Chrome\\Application\\chrome.exe","args":["--start-maximized"]}},"logLevel":"warn","connectionRetryTimeout":120000,"connectionRetryCount":3,"logLevels":{},"enableDirectConnect":true,"strictSSL":true,"_":"65 more keys: [\"cacheDir\",\"port\",\"requestedCapabilities\",\"automationProtocol\",\"baseUrl\",\"waitforInterval\",\"waitforTimeout\",\"onReload\",\"beforeCommand\",\"afterCommand\",\"rootDir\",\"specs\",\"suites\",\"exclude\",\"groupLogsByTestSpec\",\"excludeDriverLogs\",\"bail\",\"framework\",\"reporters\",\"services\",\"maxInstances\",\"maxInstancesPerCapability\",\"injectGlobals\",\"filesToWatch\",\"execArgv\",\"runnerEnv\",\"runner\",\"shard\",\"specFileRetries\",\"specFileRetriesDelay\",\"specFileRetriesDeferred\",\"reporterSyncInterval\",\"reporterSyncTimeout\",\"cucumberFeaturesWithLineNumbers\",\"autoCompileOpts\",\"mochaOpts\",\"jasmineOpts\",\"cucumberOpts\",\"onPrepare\",\"onWorkerStart\",\"onWorkerEnd\",\"before\",\"beforeSession\",\"beforeSuite\",\"beforeHook\",\"beforeTest\",\"afterTest\",\"afterHook\",\"afterSuite\",\"afterSession\",\"after\",\"onComplete\",\"beforeAssertion\",\"afterAssertion\",\"beforeFeature\",\"beforeScenario\",\"beforeStep\",\"afterStep\",\"afterScenario\",\"afterFeature\",\"_\",\"suite\",\"$0\",\"ignoredWorkerServices\",\"wdi5\"]"}]}
RESULT: {"script":"<script> [2342 bytes]","args":[{"protocol":"http","hostname":"0.0.0.0","path":"/","capabilities":{"browserName":"chrome","goog:chromeOptions":{"binary":"C:\\Program Files\\Google\\Chrome\\Application\\chrome.exe","args":["--start-maximized"]}},"logLevel":"warn","connectionRetryTimeout":120000,"connectionRetryCount":3,"logLevels":{},"enableDirectConnect":true,"strictSSL":true,"_":"65 more keys: [\"cacheDir\",\"port\",\"requestedCapabilities\",\"automationProtocol\",\"baseUrl\",\"waitforInterval\",\"waitforTimeout\",\"onReload\",\"beforeCommand\",\"afterCommand\",\"rootDir\",\"specs\",\"suites\",\"exclude\",\"groupLogsByTestSpec\",\"excludeDriverLogs\",\"bail\",\"framework\",\"reporters\",\"services\",\"maxInstances\",\"maxInstancesPerCapability\",\"injectGlobals\",\"filesToWatch\",\"execArgv\",\"runnerEnv\",\"runner\",\"shard\",\"specFileRetries\",\"specFileRetriesDelay\",\"specFileRetriesDeferred\",\"reporterSyncInterval\",\"reporterSyncTimeout\",\"cucumberFeaturesWithLineNumbers\",\"autoCompileOpts\",\"mochaOpts\",\"jasmineOpts\",\"cucumberOpts\",\"onPrepare\",\"onWorkerStart\",\"onWorkerEnd\",\"before\",\"beforeSession\",\"beforeSuite\",\"beforeHook\",\"beforeTest\",\"afterTest\",\"afterHook\",\"afterSuite\",\"afterSession\",\"after\",\"onComplete\",\"beforeAssertion\",\"afterAssertion\",\"beforeFeature\",\"beforeScenario\",\"beforeStep\",\"afterStep\",\"afterScenario\",\"afterFeature\",\"_\",\"suite\",\"$0\",\"ignoredWorkerServices\",\"wdi5\"]"}]}
COMMAND: POST /session/e5a8226ea9fde889391201a3e7d107f2/execute/async - {"script":"<script> [21126 bytes]","args":[35000]}
RESULT: {"script":"<script> [21126 bytes]","args":[35000]}
]]></system-out>
    </testcase>
  </testsuite>
  <testsuite timestamp="2025-06-12T17:09:52" time="205.126" tests="6" failures="0" errors="0" skipped="0">
    <properties>
      <property name="specId" value="0" />
      <property name="suiteName" value="Return from Site w/ warehouse management w/ clarification US125588" />
      <property name="capabilities" value="chrome.137_0_7151_69.windows" />
      <property name="file" value="file:///D:/a/1/s/test/specs/HTR/return-from-site-w-warehouse-management-w-clarification.spec.js" />
    </properties>
    <testcase classname="chrome.137_0_7151_69.windows.Return_from_Site_w/_warehouse_management_w/_clarification_US125588" name="Should create a new WHM yard" time="1.651">
      <system-out><![CDATA[
COMMAND: POST /session/e5a8226ea9fde889391201a3e7d107f2/window/fullscreen - {}
RESULT: {}
]]></system-out>
    </testcase>
    <testcase classname="chrome.137_0_7151_69.windows.Return_from_Site_w/_warehouse_management_w/_clarification_US125588" name="Should create a new external WHM partner" time="0.002" />
    <testcase classname="chrome.137_0_7151_69.windows.Return_from_Site_w/_warehouse_management_w/_clarification_US125588" name="Should create a new WHM site" time="0.001" />
    <testcase classname="chrome.137_0_7151_69.windows.Return_from_Site_w/_warehouse_management_w/_clarification_US125588" name="Should create a new material" time="139.825">
      <system-out><![CDATA[
COMMAND: POST /session/e5a8226ea9fde889391201a3e7d107f2/execute/async - {"script":"<script> [1562 bytes]","args":[{"selector":{"controlType":"sap.m.GenericTile","properties":{"header":"Manage Resources"}},"wdio_ui5_key":"sapm.GenericTile{\"header\":\"Manage Resources\"}"}]}
RESULT: {"script":"<script> [1562 bytes]","args":[{"selector":{"controlType":"sap.m.GenericTile","properties":{"header":"Manage Resources"}},"wdio_ui5_key":"sapm.GenericTile{\"header\":\"Manage Resources\"}"}]}
RESULT: undefined
COMMAND: POST /session/e5a8226ea9fde889391201a3e7d107f2/element - {"using":"xpath","value":"//*[@id=\"__tile40\"]"}
RESULT: {"using":"xpath","value":"//*[@id=\"__tile40\"]"}
COMMAND: POST /session/e5a8226ea9fde889391201a3e7d107f2/element/f.423FC243C8326C45B9AC14107F5D9156.d.7674EF64E9AA8DB6ED283407F87452F0.e.11274/click - {}
RESULT: {}
COMMAND: GET /session/e5a8226ea9fde889391201a3e7d107f2/screenshot - {}
RESULT: {}
COMMAND: POST /session/e5a8226ea9fde889391201a3e7d107f2/elements - {"using":"xpath","value":"//span[text()='Error']"}
RESULT: {"using":"xpath","value":"//span[text()='Error']"}
COMMAND: POST /session/e5a8226ea9fde889391201a3e7d107f2/element - {"using":"xpath","value":"//button[@data-kt=\"addNewRUOverflowToolbarButton\"]"}
RESULT: {"using":"xpath","value":"//button[@data-kt=\"addNewRUOverflowToolbarButton\"]"}
COMMAND: POST /session/e5a8226ea9fde889391201a3e7d107f2/elements - {"using":"xpath","value":"//button[@data-kt=\"addNewRUOverflowToolbarButton\"]"}
RESULT: {"using":"xpath","value":"//button[@data-kt=\"addNewRUOverflowToolbarButton\"]"}
COMMAND: POST /session/e5a8226ea9fde889391201a3e7d107f2/elements - {"using":"xpath","value":"//button[@data-kt=\"addNewRUOverflowToolbarButton\"]"}
RESULT: {"using":"xpath","value":"//button[@data-kt=\"addNewRUOverflowToolbarButton\"]"}
COMMAND: POST /session/e5a8226ea9fde889391201a3e7d107f2/elements - {"using":"xpath","value":"//button[@data-kt=\"addNewRUOverflowToolbarButton\"]"}
RESULT: {"using":"xpath","value":"//button[@data-kt=\"addNewRUOverflowToolbarButton\"]"}
COMMAND: POST /session/e5a8226ea9fde889391201a3e7d107f2/elements - {"using":"xpath","value":"//button[@data-kt=\"addNewRUOverflowToolbarButton\"]"}
RESULT: {"using":"xpath","value":"//button[@data-kt=\"addNewRUOverflowToolbarButton\"]"}
COMMAND: POST /session/e5a8226ea9fde889391201a3e7d107f2/elements - {"using":"xpath","value":"//button[@data-kt=\"addNewRUOverflowToolbarButton\"]"}
RESULT: {"using":"xpath","value":"//button[@data-kt=\"addNewRUOverflowToolbarButton\"]"}
COMMAND: POST /session/e5a8226ea9fde889391201a3e7d107f2/elements - {"using":"xpath","value":"//button[@data-kt=\"addNewRUOverflowToolbarButton\"]"}
RESULT: {"using":"xpath","value":"//button[@data-kt=\"addNewRUOverflowToolbarButton\"]"}
COMMAND: POST /session/e5a8226ea9fde889391201a3e7d107f2/elements - {"using":"xpath","value":"//button[@data-kt=\"addNewRUOverflowToolbarButton\"]"}
RESULT: {"using":"xpath","value":"//button[@data-kt=\"addNewRUOverflowToolbarButton\"]"}
COMMAND: POST /session/e5a8226ea9fde889391201a3e7d107f2/elements - {"using":"xpath","value":"//button[@data-kt=\"addNewRUOverflowToolbarButton\"]"}
RESULT: {"using":"xpath","value":"//button[@data-kt=\"addNewRUOverflowToolbarButton\"]"}
COMMAND: POST /session/e5a8226ea9fde889391201a3e7d107f2/elements - {"using":"xpath","value":"//button[@data-kt=\"addNewRUOverflowToolbarButton\"]"}
RESULT: {"using":"xpath","value":"//button[@data-kt=\"addNewRUOverflowToolbarButton\"]"}
COMMAND: POST /session/e5a8226ea9fde889391201a3e7d107f2/elements - {"using":"xpath","value":"//button[@data-kt=\"addNewRUOverflowToolbarButton\"]"}
RESULT: {"using":"xpath","value":"//button[@data-kt=\"addNewRUOverflowToolbarButton\"]"}
COMMAND: POST /session/e5a8226ea9fde889391201a3e7d107f2/elements - {"using":"xpath","value":"//button[@data-kt=\"addNewRUOverflowToolbarButton\"]"}
RESULT: {"using":"xpath","value":"//button[@data-kt=\"addNewRUOverflowToolbarButton\"]"}
COMMAND: POST /session/e5a8226ea9fde889391201a3e7d107f2/elements - {"using":"xpath","value":"//button[@data-kt=\"addNewRUOverflowToolbarButton\"]"}
RESULT: {"using":"xpath","value":"//button[@data-kt=\"addNewRUOverflowToolbarButton\"]"}
COMMAND: POST /session/e5a8226ea9fde889391201a3e7d107f2/elements - {"using":"xpath","value":"//button[@data-kt=\"addNewRUOverflowToolbarButton\"]"}
RESULT: {"using":"xpath","value":"//button[@data-kt=\"addNewRUOverflowToolbarButton\"]"}
COMMAND: POST /session/e5a8226ea9fde889391201a3e7d107f2/elements - {"using":"xpath","value":"//button[@data-kt=\"addNewRUOverflowToolbarButton\"]"}
RESULT: {"using":"xpath","value":"//button[@data-kt=\"addNewRUOverflowToolbarButton\"]"}
COMMAND: POST /session/e5a8226ea9fde889391201a3e7d107f2/elements - {"using":"xpath","value":"//button[@data-kt=\"addNewRUOverflowToolbarButton\"]"}
RESULT: {"using":"xpath","value":"//button[@data-kt=\"addNewRUOverflowToolbarButton\"]"}
COMMAND: POST /session/e5a8226ea9fde889391201a3e7d107f2/elements - {"using":"xpath","value":"//button[@data-kt=\"addNewRUOverflowToolbarButton\"]"}
RESULT: {"using":"xpath","value":"//button[@data-kt=\"addNewRUOverflowToolbarButton\"]"}
COMMAND: POST /session/e5a8226ea9fde889391201a3e7d107f2/elements - {"using":"xpath","value":"//button[@data-kt=\"addNewRUOverflowToolbarButton\"]"}
RESULT: {"using":"xpath","value":"//button[@data-kt=\"addNewRUOverflowToolbarButton\"]"}
COMMAND: POST /session/e5a8226ea9fde889391201a3e7d107f2/elements - {"using":"xpath","value":"//button[@data-kt=\"addNewRUOverflowToolbarButton\"]"}
RESULT: {"using":"xpath","value":"//button[@data-kt=\"addNewRUOverflowToolbarButton\"]"}
COMMAND: POST /session/e5a8226ea9fde889391201a3e7d107f2/elements - {"using":"xpath","value":"//button[@data-kt=\"addNewRUOverflowToolbarButton\"]"}
RESULT: {"using":"xpath","value":"//button[@data-kt=\"addNewRUOverflowToolbarButton\"]"}
COMMAND: POST /session/e5a8226ea9fde889391201a3e7d107f2/elements - {"using":"xpath","value":"//button[@data-kt=\"addNewRUOverflowToolbarButton\"]"}
RESULT: {"using":"xpath","value":"//button[@data-kt=\"addNewRUOverflowToolbarButton\"]"}
COMMAND: POST /session/e5a8226ea9fde889391201a3e7d107f2/elements - {"using":"xpath","value":"//button[@data-kt=\"addNewRUOverflowToolbarButton\"]"}
RESULT: {"using":"xpath","value":"//button[@data-kt=\"addNewRUOverflowToolbarButton\"]"}
COMMAND: POST /session/e5a8226ea9fde889391201a3e7d107f2/elements - {"using":"xpath","value":"//button[@data-kt=\"addNewRUOverflowToolbarButton\"]"}
RESULT: {"using":"xpath","value":"//button[@data-kt=\"addNewRUOverflowToolbarButton\"]"}
COMMAND: POST /session/e5a8226ea9fde889391201a3e7d107f2/elements - {"using":"xpath","value":"//button[@data-kt=\"addNewRUOverflowToolbarButton\"]"}
RESULT: {"using":"xpath","value":"//button[@data-kt=\"addNewRUOverflowToolbarButton\"]"}
COMMAND: POST /session/e5a8226ea9fde889391201a3e7d107f2/elements - {"using":"xpath","value":"//button[@data-kt=\"addNewRUOverflowToolbarButton\"]"}
RESULT: {"using":"xpath","value":"//button[@data-kt=\"addNewRUOverflowToolbarButton\"]"}
COMMAND: POST /session/e5a8226ea9fde889391201a3e7d107f2/elements - {"using":"xpath","value":"//button[@data-kt=\"addNewRUOverflowToolbarButton\"]"}
RESULT: {"using":"xpath","value":"//button[@data-kt=\"addNewRUOverflowToolbarButton\"]"}
COMMAND: POST /session/e5a8226ea9fde889391201a3e7d107f2/elements - {"using":"xpath","value":"//button[@data-kt=\"addNewRUOverflowToolbarButton\"]"}
RESULT: {"using":"xpath","value":"//button[@data-kt=\"addNewRUOverflowToolbarButton\"]"}
COMMAND: POST /session/e5a8226ea9fde889391201a3e7d107f2/elements - {"using":"xpath","value":"//button[@data-kt=\"addNewRUOverflowToolbarButton\"]"}
RESULT: {"using":"xpath","value":"//button[@data-kt=\"addNewRUOverflowToolbarButton\"]"}
COMMAND: POST /session/e5a8226ea9fde889391201a3e7d107f2/elements - {"using":"xpath","value":"//button[@data-kt=\"addNewRUOverflowToolbarButton\"]"}
RESULT: {"using":"xpath","value":"//button[@data-kt=\"addNewRUOverflowToolbarButton\"]"}
COMMAND: POST /session/e5a8226ea9fde889391201a3e7d107f2/elements - {"using":"xpath","value":"//button[@data-kt=\"addNewRUOverflowToolbarButton\"]"}
RESULT: {"using":"xpath","value":"//button[@data-kt=\"addNewRUOverflowToolbarButton\"]"}
COMMAND: POST /session/e5a8226ea9fde889391201a3e7d107f2/elements - {"using":"xpath","value":"//button[@data-kt=\"addNewRUOverflowToolbarButton\"]"}
RESULT: {"using":"xpath","value":"//button[@data-kt=\"addNewRUOverflowToolbarButton\"]"}
COMMAND: POST /session/e5a8226ea9fde889391201a3e7d107f2/elements - {"using":"xpath","value":"//button[@data-kt=\"addNewRUOverflowToolbarButton\"]"}
RESULT: {"using":"xpath","value":"//button[@data-kt=\"addNewRUOverflowToolbarButton\"]"}
COMMAND: POST /session/e5a8226ea9fde889391201a3e7d107f2/elements - {"using":"xpath","value":"//button[@data-kt=\"addNewRUOverflowToolbarButton\"]"}
RESULT: {"using":"xpath","value":"//button[@data-kt=\"addNewRUOverflowToolbarButton\"]"}
COMMAND: POST /session/e5a8226ea9fde889391201a3e7d107f2/elements - {"using":"xpath","value":"//button[@data-kt=\"addNewRUOverflowToolbarButton\"]"}
RESULT: {"using":"xpath","value":"//button[@data-kt=\"addNewRUOverflowToolbarButton\"]"}
COMMAND: POST /session/e5a8226ea9fde889391201a3e7d107f2/elements - {"using":"xpath","value":"//button[@data-kt=\"addNewRUOverflowToolbarButton\"]"}
RESULT: {"using":"xpath","value":"//button[@data-kt=\"addNewRUOverflowToolbarButton\"]"}
COMMAND: POST /session/e5a8226ea9fde889391201a3e7d107f2/elements - {"using":"xpath","value":"//button[@data-kt=\"addNewRUOverflowToolbarButton\"]"}
RESULT: {"using":"xpath","value":"//button[@data-kt=\"addNewRUOverflowToolbarButton\"]"}
COMMAND: POST /session/e5a8226ea9fde889391201a3e7d107f2/elements - {"using":"xpath","value":"//button[@data-kt=\"addNewRUOverflowToolbarButton\"]"}
RESULT: {"using":"xpath","value":"//button[@data-kt=\"addNewRUOverflowToolbarButton\"]"}
COMMAND: POST /session/e5a8226ea9fde889391201a3e7d107f2/element - {"using":"xpath","value":"//button[@data-kt=\"addNewRUOverflowToolbarButton\"]"}
RESULT: {"using":"xpath","value":"//button[@data-kt=\"addNewRUOverflowToolbarButton\"]"}
COMMAND: POST /session/e5a8226ea9fde889391201a3e7d107f2/execute/sync - {"script":"<script> [8489 bytes]","args":[{"element-6066-11e4-a52e-4f735466cecf":"f.423FC243C8326C45B9AC14107F5D9156.d.7674EF64E9AA8DB6ED283407F87452F0.e.11429","ELEMENT":"f.423FC243C8326C45B9AC14107F5D9156.d.7674EF64E9AA8DB6ED283407F87452F0.e.11429"}]}
RESULT: {"script":"<script> [8489 bytes]","args":[{"element-6066-11e4-a52e-4f735466cecf":"f.423FC243C8326C45B9AC14107F5D9156.d.7674EF64E9AA8DB6ED283407F87452F0.e.11429","ELEMENT":"f.423FC243C8326C45B9AC14107F5D9156.d.7674EF64E9AA8DB6ED283407F87452F0.e.11429"}]}
COMMAND: GET /session/e5a8226ea9fde889391201a3e7d107f2/element/f.423FC243C8326C45B9AC14107F5D9156.d.7674EF64E9AA8DB6ED283407F87452F0.e.11429/enabled - {}
COMMAND: GET /session/e5a8226ea9fde889391201a3e7d107f2/screenshot - {}
RESULT: {}
COMMAND: POST /session/e5a8226ea9fde889391201a3e7d107f2/execute/sync - {"script":"<script> [8489 bytes]","args":[{"element-6066-11e4-a52e-4f735466cecf":"f.423FC243C8326C45B9AC14107F5D9156.d.7674EF64E9AA8DB6ED283407F87452F0.e.11429","ELEMENT":"f.423FC243C8326C45B9AC14107F5D9156.d.7674EF64E9AA8DB6ED283407F87452F0.e.11429"}]}
COMMAND: GET /session/e5a8226ea9fde889391201a3e7d107f2/screenshot - {}
RESULT: {}
RESULT: {"script":"<script> [8489 bytes]","args":[{"element-6066-11e4-a52e-4f735466cecf":"f.423FC243C8326C45B9AC14107F5D9156.d.7674EF64E9AA8DB6ED283407F87452F0.e.11429","ELEMENT":"f.423FC243C8326C45B9AC14107F5D9156.d.7674EF64E9AA8DB6ED283407F87452F0.e.11429"}]}
COMMAND: POST /session/e5a8226ea9fde889391201a3e7d107f2/execute/sync - {"script":"<script> [5351 bytes]","args":[{"element-6066-11e4-a52e-4f735466cecf":"f.423FC243C8326C45B9AC14107F5D9156.d.7674EF64E9AA8DB6ED283407F87452F0.e.11429","ELEMENT":"f.423FC243C8326C45B9AC14107F5D9156.d.7674EF64E9AA8DB6ED283407F87452F0.e.11429"}]}
COMMAND: GET /session/e5a8226ea9fde889391201a3e7d107f2/screenshot - {}
RESULT: {}
RESULT: {"script":"<script> [5351 bytes]","args":[{"element-6066-11e4-a52e-4f735466cecf":"f.423FC243C8326C45B9AC14107F5D9156.d.7674EF64E9AA8DB6ED283407F87452F0.e.11429","ELEMENT":"f.423FC243C8326C45B9AC14107F5D9156.d.7674EF64E9AA8DB6ED283407F87452F0.e.11429"}]}
COMMAND: POST /session/e5a8226ea9fde889391201a3e7d107f2/element/f.423FC243C8326C45B9AC14107F5D9156.d.7674EF64E9AA8DB6ED283407F87452F0.e.11429/click - {}
COMMAND: GET /session/e5a8226ea9fde889391201a3e7d107f2/screenshot - {}
RESULT: {}
RESULT: {}
COMMAND: GET /session/e5a8226ea9fde889391201a3e7d107f2/screenshot - {}
COMMAND: POST /session/e5a8226ea9fde889391201a3e7d107f2/execute/async - {"script":"<script> [1562 bytes]","args":[{"selector":{"id":"application-manageresources-display-component---newResourceUnit--TYPE-arrow"},"wdio_ui5_key":"applicationmanageresources-display-component---newResourceUnit--TYPE-arrow"}]}
RESULT: {}
RESULT: {}
RESULT: {"script":"<script> [1562 bytes]","args":[{"selector":{"id":"application-manageresources-display-component---newResourceUnit--TYPE-arrow"},"wdio_ui5_key":"applicationmanageresources-display-component---newResourceUnit--TYPE-arrow"}]}
RESULT: undefined
COMMAND: POST /session/e5a8226ea9fde889391201a3e7d107f2/element - {"using":"xpath","value":"//*[@id=\"application-manageresources-display-component---newResourceUnit--TYPE-arrow\"]"}
RESULT: {"using":"xpath","value":"//*[@id=\"application-manageresources-display-component---newResourceUnit--TYPE-arrow\"]"}
COMMAND: POST /session/e5a8226ea9fde889391201a3e7d107f2/element/f.423FC243C8326C45B9AC14107F5D9156.d.7674EF64E9AA8DB6ED283407F87452F0.e.11772/click - {}
RESULT: {}
COMMAND: POST /session/e5a8226ea9fde889391201a3e7d107f2/element - {"using":"xpath","value":"//input[@id=\"application-manageresources-display-component---newResourceUnit--TYPE-inner\"]"}
COMMAND: GET /session/e5a8226ea9fde889391201a3e7d107f2/screenshot - {}
RESULT: {"using":"xpath","value":"//input[@id=\"application-manageresources-display-component---newResourceUnit--TYPE-inner\"]"}
COMMAND: POST /session/e5a8226ea9fde889391201a3e7d107f2/element/f.423FC243C8326C45B9AC14107F5D9156.d.7674EF64E9AA8DB6ED283407F87452F0.e.11768/clear - {}
RESULT: {}
RESULT: {}
COMMAND: POST /session/e5a8226ea9fde889391201a3e7d107f2/element/f.423FC243C8326C45B9AC14107F5D9156.d.7674EF64E9AA8DB6ED283407F87452F0.e.11768/value - {"text":"Material"}
COMMAND: GET /session/e5a8226ea9fde889391201a3e7d107f2/screenshot - {}
RESULT: {"text":"Material"}
COMMAND: GET /session/e5a8226ea9fde889391201a3e7d107f2/screenshot - {}
RESULT: {}
RESULT: {}
COMMAND: POST /session/e5a8226ea9fde889391201a3e7d107f2/actions - {"actions":[{"id":"action42","type":"key","parameters":{},"actions":[{"type":"keyDown","value":"î€‡"},{"type":"pause","duration":10},{"type":"keyUp","value":"î€‡"}]}]}
RESULT: {"actions":[{"id":"action42","type":"key","parameters":{},"actions":[{"type":"keyDown","value":"î€‡"},{"type":"pause","duration":10},{"type":"keyUp","value":"î€‡"}]}]}
COMMAND: POST /session/e5a8226ea9fde889391201a3e7d107f2/execute/async - {"script":"<script> [1562 bytes]","args":[{"selector":{"id":"application-manageresources-display-component---newResourceUnit--SHORT_TEXT","interaction":{"idSuffix":"inner"}},"wdio_ui5_key":"applicationmanageresources-display-component---newResourceUnit--SHORT_TEXT"}]}
COMMAND: GET /session/e5a8226ea9fde889391201a3e7d107f2/screenshot - {}
RESULT: undefined
RESULT: undefined
RESULT: {"script":"<script> [1562 bytes]","args":[{"selector":{"id":"application-manageresources-display-component---newResourceUnit--SHORT_TEXT","interaction":{"idSuffix":"inner"}},"wdio_ui5_key":"applicationmanageresources-display-component---newResourceUnit--SHORT_TEXT"}]}
RESULT: undefined
COMMAND: POST /session/e5a8226ea9fde889391201a3e7d107f2/execute/async - {"script":"<script> [776 bytes]","args":[{"enterText":"Cement WDIO","selector":{"id":"application-manageresources-display-component---newResourceUnit--SHORT_TEXT","interaction":{"idSuffix":"inner"}},"clearTextFirst":true,"interactionType":"ENTER_TEXT"}]}
RESULT: {}
RESULT: {"script":"<script> [776 bytes]","args":[{"enterText":"Cement WDIO","selector":{"id":"application-manageresources-display-component---newResourceUnit--SHORT_TEXT","interaction":{"idSuffix":"inner"}},"clearTextFirst":true,"interactionType":"ENTER_TEXT"}]}
COMMAND: POST /session/e5a8226ea9fde889391201a3e7d107f2/execute/async - {"script":"<script> [1562 bytes]","args":[{"selector":{"id":"application-manageresources-display-component---newResourceUnit--BASE_UNIT_OF_MEASURE","interaction":{"idSuffix":"inner"}},"wdio_ui5_key":"applicationmanageresources-display-component---newResourceUnit--BASE_UNIT_OF_MEASURE"}]}
RESULT: {"script":"<script> [1562 bytes]","args":[{"selector":{"id":"application-manageresources-display-component---newResourceUnit--BASE_UNIT_OF_MEASURE","interaction":{"idSuffix":"inner"}},"wdio_ui5_key":"applicationmanageresources-display-component---newResourceUnit--BASE_UNIT_OF_MEASURE"}]}
RESULT: undefined
COMMAND: POST /session/e5a8226ea9fde889391201a3e7d107f2/execute/async - {"script":"<script> [776 bytes]","args":[{"enterText":"Piece","selector":{"id":"application-manageresources-display-component---newResourceUnit--BASE_UNIT_OF_MEASURE","interaction":{"idSuffix":"inner"}},"clearTextFirst":true,"interactionType":"ENTER_TEXT"}]}
RESULT: {"script":"<script> [776 bytes]","args":[{"enterText":"Piece","selector":{"id":"application-manageresources-display-component---newResourceUnit--BASE_UNIT_OF_MEASURE","interaction":{"idSuffix":"inner"}},"clearTextFirst":true,"interactionType":"ENTER_TEXT"}]}
COMMAND: POST /session/e5a8226ea9fde889391201a3e7d107f2/execute/async - {"script":"<script> [1562 bytes]","args":[{"selector":{"id":"application-manageresources-display-component---newResourceUnit--WEIGHT_UNIT","interaction":{"idSuffix":"inner"}},"wdio_ui5_key":"applicationmanageresources-display-component---newResourceUnit--WEIGHT_UNIT"}]}
RESULT: {"script":"<script> [1562 bytes]","args":[{"selector":{"id":"application-manageresources-display-component---newResourceUnit--WEIGHT_UNIT","interaction":{"idSuffix":"inner"}},"wdio_ui5_key":"applicationmanageresources-display-component---newResourceUnit--WEIGHT_UNIT"}]}
RESULT: undefined
COMMAND: POST /session/e5a8226ea9fde889391201a3e7d107f2/execute/async - {"script":"<script> [776 bytes]","args":[{"enterText":"Gram","selector":{"id":"application-manageresources-display-component---newResourceUnit--WEIGHT_UNIT","interaction":{"idSuffix":"inner"}},"clearTextFirst":true,"interactionType":"ENTER_TEXT"}]}
RESULT: {"script":"<script> [776 bytes]","args":[{"enterText":"Gram","selector":{"id":"application-manageresources-display-component---newResourceUnit--WEIGHT_UNIT","interaction":{"idSuffix":"inner"}},"clearTextFirst":true,"interactionType":"ENTER_TEXT"}]}
COMMAND: POST /session/e5a8226ea9fde889391201a3e7d107f2/execute/async - {"script":"<script> [1562 bytes]","args":[{"selector":{"id":"application-manageresources-display-component---newResourceUnit--DIMENSION_UNIT","interaction":{"idSuffix":"inner"}},"wdio_ui5_key":"applicationmanageresources-display-component---newResourceUnit--DIMENSION_UNIT"}]}
RESULT: {"script":"<script> [1562 bytes]","args":[{"selector":{"id":"application-manageresources-display-component---newResourceUnit--DIMENSION_UNIT","interaction":{"idSuffix":"inner"}},"wdio_ui5_key":"applicationmanageresources-display-component---newResourceUnit--DIMENSION_UNIT"}]}
RESULT: undefined
COMMAND: POST /session/e5a8226ea9fde889391201a3e7d107f2/execute/async - {"script":"<script> [776 bytes]","args":[{"enterText":"Meter","selector":{"id":"application-manageresources-display-component---newResourceUnit--DIMENSION_UNIT","interaction":{"idSuffix":"inner"}},"clearTextFirst":true,"interactionType":"ENTER_TEXT"}]}
RESULT: {"script":"<script> [776 bytes]","args":[{"enterText":"Meter","selector":{"id":"application-manageresources-display-component---newResourceUnit--DIMENSION_UNIT","interaction":{"idSuffix":"inner"}},"clearTextFirst":true,"interactionType":"ENTER_TEXT"}]}
COMMAND: POST /session/e5a8226ea9fde889391201a3e7d107f2/execute/async - {"script":"<script> [1562 bytes]","args":[{"selector":{"id":"application-manageresources-display-component---newResourceUnit--newRRUPage-anchBar-application-manageresources-display-component---newResourceUnit--control-anchor","interaction":{"idSuffix":"BDI-content"}},"wdio_ui5_key":"applicationmanageresources-display-component---newResourceUnit--newRRUPage-anchBar-application-manageresources-display-component---newResourceUnit--control-anchor"}]}
RESULT: {"script":"<script> [1562 bytes]","args":[{"selector":{"id":"application-manageresources-display-component---newResourceUnit--newRRUPage-anchBar-application-manageresources-display-component---newResourceUnit--control-anchor","interaction":{"idSuffix":"BDI-content"}},"wdio_ui5_key":"applicationmanageresources-display-component---newResourceUnit--newRRUPage-anchBar-application-manageresources-display-component---newResourceUnit--control-anchor"}]}
RESULT: undefined
COMMAND: POST /session/e5a8226ea9fde889391201a3e7d107f2/element - {"using":"xpath","value":"//*[@id=\"application-manageresources-display-component---newResourceUnit--newRRUPage-anchBar-application-manageresources-display-component---newResourceUnit--control-anchor\"]"}
RESULT: {"using":"xpath","value":"//*[@id=\"application-manageresources-display-component---newResourceUnit--newRRUPage-anchBar-application-manageresources-display-component---newResourceUnit--control-anchor\"]"}
COMMAND: POST /session/e5a8226ea9fde889391201a3e7d107f2/element/f.423FC243C8326C45B9AC14107F5D9156.d.7674EF64E9AA8DB6ED283407F87452F0.e.11905/click - {}
RESULT: {}
COMMAND: POST /session/e5a8226ea9fde889391201a3e7d107f2/execute/async - {"script":"<script> [1562 bytes]","args":[{"selector":{"id":"application-manageresources-display-component---newResourceUnit--PLANNING_GROUP","interaction":{"idSuffix":"inner"}},"wdio_ui5_key":"applicationmanageresources-display-component---newResourceUnit--PLANNING_GROUP"}]}
COMMAND: GET /session/e5a8226ea9fde889391201a3e7d107f2/screenshot - {}
RESULT: {"script":"<script> [1562 bytes]","args":[{"selector":{"id":"application-manageresources-display-component---newResourceUnit--PLANNING_GROUP","interaction":{"idSuffix":"inner"}},"wdio_ui5_key":"applicationmanageresources-display-component---newResourceUnit--PLANNING_GROUP"}]}
RESULT: undefined
COMMAND: POST /session/e5a8226ea9fde889391201a3e7d107f2/execute/async - {"script":"<script> [776 bytes]","args":[{"enterText":"Material","selector":{"id":"application-manageresources-display-component---newResourceUnit--PLANNING_GROUP","interaction":{"idSuffix":"inner"}},"clearTextFirst":true,"interactionType":"ENTER_TEXT"}]}
RESULT: {}
RESULT: {"script":"<script> [776 bytes]","args":[{"enterText":"Material","selector":{"id":"application-manageresources-display-component---newResourceUnit--PLANNING_GROUP","interaction":{"idSuffix":"inner"}},"clearTextFirst":true,"interactionType":"ENTER_TEXT"}]}
COMMAND: POST /session/e5a8226ea9fde889391201a3e7d107f2/execute/async - {"script":"<script> [1562 bytes]","args":[{"selector":{"id":"application-manageresources-display-component---newResourceUnit--PLANNING_INDICATOR","interaction":{"idSuffix":"inner"}},"wdio_ui5_key":"applicationmanageresources-display-component---newResourceUnit--PLANNING_INDICATOR"}]}
RESULT: {"script":"<script> [1562 bytes]","args":[{"selector":{"id":"application-manageresources-display-component---newResourceUnit--PLANNING_INDICATOR","interaction":{"idSuffix":"inner"}},"wdio_ui5_key":"applicationmanageresources-display-component---newResourceUnit--PLANNING_INDICATOR"}]}
RESULT: undefined
COMMAND: POST /session/e5a8226ea9fde889391201a3e7d107f2/execute/async - {"script":"<script> [776 bytes]","args":[{"enterText":"10 - infinite","selector":{"id":"application-manageresources-display-component---newResourceUnit--PLANNING_INDICATOR","interaction":{"idSuffix":"inner"}},"clearTextFirst":true,"interactionType":"ENTER_TEXT"}]}
RESULT: {"script":"<script> [776 bytes]","args":[{"enterText":"10 - infinite","selector":{"id":"application-manageresources-display-component---newResourceUnit--PLANNING_INDICATOR","interaction":{"idSuffix":"inner"}},"clearTextFirst":true,"interactionType":"ENTER_TEXT"}]}
COMMAND: POST /session/e5a8226ea9fde889391201a3e7d107f2/element - {"using":"css selector","value":"#application-manageresources-display-component---newResourceUnit--btnAddTimeSegment"}
RESULT: {"using":"css selector","value":"#application-manageresources-display-component---newResourceUnit--btnAddTimeSegment"}
COMMAND: GET /session/e5a8226ea9fde889391201a3e7d107f2/element/f.423FC243C8326C45B9AC14107F5D9156.d.7674EF64E9AA8DB6ED283407F87452F0.e.11913/rect - {}
RESULT: {}
COMMAND: GET /session/e5a8226ea9fde889391201a3e7d107f2/window/rect - {}
RESULT: {}
COMMAND: POST /session/e5a8226ea9fde889391201a3e7d107f2/execute/sync - {"script":"<script> [92 bytes]","args":[]}
RESULT: {"script":"<script> [92 bytes]","args":[]}
COMMAND: POST /session/e5a8226ea9fde889391201a3e7d107f2/actions - {"actions":[{"id":"action43","type":"wheel","parameters":{},"actions":[{"type":"scroll","x":-1888,"y":-32,"deltaX":0,"deltaY":0,"duration":0,"origin":{"element-6066-11e4-a52e-4f735466cecf":"f.423FC243C8326C45B9AC14107F5D9156.d.7674EF64E9AA8DB6ED283407F87452F0.e.11913"}}]}]}
COMMAND: GET /session/e5a8226ea9fde889391201a3e7d107f2/screenshot - {}
RESULT: {}
COMMAND: POST /session/e5a8226ea9fde889391201a3e7d107f2/execute/sync - {"script":"<script> [79 bytes]","args":[{"element-6066-11e4-a52e-4f735466cecf":"f.423FC243C8326C45B9AC14107F5D9156.d.7674EF64E9AA8DB6ED283407F87452F0.e.11913","ELEMENT":"f.423FC243C8326C45B9AC14107F5D9156.d.7674EF64E9AA8DB6ED283407F87452F0.e.11913"},{"block":"start","inline":"nearest"}]}
RESULT: {"script":"<script> [79 bytes]","args":[{"element-6066-11e4-a52e-4f735466cecf":"f.423FC243C8326C45B9AC14107F5D9156.d.7674EF64E9AA8DB6ED283407F87452F0.e.11913","ELEMENT":"f.423FC243C8326C45B9AC14107F5D9156.d.7674EF64E9AA8DB6ED283407F87452F0.e.11913"},{"block":"start","inline":"nearest"}]}
COMMAND: POST /session/e5a8226ea9fde889391201a3e7d107f2/execute/async - {"script":"<script> [1562 bytes]","args":[{"selector":{"id":"application-manageresources-display-component---newResourceUnit--btnAddTimeSegment","interaction":{"idSuffix":"inner"}},"wdio_ui5_key":"applicationmanageresources-display-component---newResourceUnit--btnAddTimeSegment"}]}
COMMAND: GET /session/e5a8226ea9fde889391201a3e7d107f2/screenshot - {}
RESULT: {"script":"<script> [1562 bytes]","args":[{"selector":{"id":"application-manageresources-display-component---newResourceUnit--btnAddTimeSegment","interaction":{"idSuffix":"inner"}},"wdio_ui5_key":"applicationmanageresources-display-component---newResourceUnit--btnAddTimeSegment"}]}
RESULT: undefined
COMMAND: POST /session/e5a8226ea9fde889391201a3e7d107f2/element - {"using":"xpath","value":"//*[@id=\"application-manageresources-display-component---newResourceUnit--btnAddTimeSegment\"]"}
RESULT: {}
RESULT: {"using":"xpath","value":"//*[@id=\"application-manageresources-display-component---newResourceUnit--btnAddTimeSegment\"]"}
COMMAND: POST /session/e5a8226ea9fde889391201a3e7d107f2/element/f.423FC243C8326C45B9AC14107F5D9156.d.7674EF64E9AA8DB6ED283407F87452F0.e.11913/click - {}
RESULT: {}
COMMAND: GET /session/e5a8226ea9fde889391201a3e7d107f2/screenshot - {}
RESULT: {}
COMMAND: POST /session/e5a8226ea9fde889391201a3e7d107f2/element - {"using":"xpath","value":"//input[@id=\"application-manageresources-display-component---newResourceUnit--idRuTSAdmin-application-manageresources-display-component---newResourceUnit--RUTimeSegment-0-inner\"]"}
RESULT: {"using":"xpath","value":"//input[@id=\"application-manageresources-display-component---newResourceUnit--idRuTSAdmin-application-manageresources-display-component---newResourceUnit--RUTimeSegment-0-inner\"]"}
COMMAND: POST /session/e5a8226ea9fde889391201a3e7d107f2/element/f.423FC243C8326C45B9AC14107F5D9156.d.7674EF64E9AA8DB6ED283407F87452F0.e.11918/clear - {}
RESULT: {}
COMMAND: POST /session/e5a8226ea9fde889391201a3e7d107f2/element/f.423FC243C8326C45B9AC14107F5D9156.d.7674EF64E9AA8DB6ED283407F87452F0.e.11918/value - {"text":"185"}
COMMAND: GET /session/e5a8226ea9fde889391201a3e7d107f2/screenshot - {}
RESULT: {"text":"185"}
COMMAND: GET /session/e5a8226ea9fde889391201a3e7d107f2/screenshot - {}
RESULT: {}
RESULT: {}
COMMAND: POST /session/e5a8226ea9fde889391201a3e7d107f2/element - {"using":"xpath","value":"//li[.//span[text()='185']]"}
RESULT: {"using":"xpath","value":"//li[.//span[text()='185']]"}
COMMAND: POST /session/e5a8226ea9fde889391201a3e7d107f2/element/f.423FC243C8326C45B9AC14107F5D9156.d.7674EF64E9AA8DB6ED283407F87452F0.e.11928/click - {}
RESULT: {}
COMMAND: GET /session/e5a8226ea9fde889391201a3e7d107f2/screenshot - {}
RESULT: {}
COMMAND: POST /session/e5a8226ea9fde889391201a3e7d107f2/element - {"using":"xpath","value":"(//span[contains(@id, \"-application-manageresources-display-component---newResourceUnit--RUTimeSegment-0-arrow\")])[2]"}
RESULT: {"using":"xpath","value":"(//span[contains(@id, \"-application-manageresources-display-component---newResourceUnit--RUTimeSegment-0-arrow\")])[2]"}
COMMAND: POST /session/e5a8226ea9fde889391201a3e7d107f2/element/f.423FC243C8326C45B9AC14107F5D9156.d.7674EF64E9AA8DB6ED283407F87452F0.e.11929/click - {}
RESULT: {}
COMMAND: POST /session/e5a8226ea9fde889391201a3e7d107f2/element - {"using":"xpath","value":"//span[contains(text(), \"PM Order\")]"}
COMMAND: GET /session/e5a8226ea9fde889391201a3e7d107f2/screenshot - {}
RESULT: {"using":"xpath","value":"//span[contains(text(), \"PM Order\")]"}
COMMAND: POST /session/e5a8226ea9fde889391201a3e7d107f2/element/f.423FC243C8326C45B9AC14107F5D9156.d.7674EF64E9AA8DB6ED283407F87452F0.e.11930/click - {}
RESULT: {}
RESULT: {}
COMMAND: GET /session/e5a8226ea9fde889391201a3e7d107f2/screenshot - {}
RESULT: {}
COMMAND: POST /session/e5a8226ea9fde889391201a3e7d107f2/element - {"using":"xpath","value":"//td/div/div/div/span[contains(@id, \"newResourceUnit--RUTimeSegment-0-vhi\")][1]"}
RESULT: {"using":"xpath","value":"//td/div/div/div/span[contains(@id, \"newResourceUnit--RUTimeSegment-0-vhi\")][1]"}
COMMAND: GET /session/e5a8226ea9fde889391201a3e7d107f2/element/f.423FC243C8326C45B9AC14107F5D9156.d.7674EF64E9AA8DB6ED283407F87452F0.e.11934/rect - {}
RESULT: {}
COMMAND: GET /session/e5a8226ea9fde889391201a3e7d107f2/window/rect - {}
RESULT: {}
COMMAND: POST /session/e5a8226ea9fde889391201a3e7d107f2/execute/sync - {"script":"<script> [92 bytes]","args":[]}
RESULT: {"script":"<script> [92 bytes]","args":[]}
COMMAND: POST /session/e5a8226ea9fde889391201a3e7d107f2/actions - {"actions":[{"id":"action44","type":"wheel","parameters":{},"actions":[{"type":"scroll","x":-1888,"y":-24,"deltaX":0,"deltaY":0,"duration":0,"origin":{"element-6066-11e4-a52e-4f735466cecf":"f.423FC243C8326C45B9AC14107F5D9156.d.7674EF64E9AA8DB6ED283407F87452F0.e.11934"}}]}]}
COMMAND: GET /session/e5a8226ea9fde889391201a3e7d107f2/screenshot - {}
RESULT: {}
COMMAND: POST /session/e5a8226ea9fde889391201a3e7d107f2/execute/sync - {"script":"<script> [79 bytes]","args":[{"element-6066-11e4-a52e-4f735466cecf":"f.423FC243C8326C45B9AC14107F5D9156.d.7674EF64E9AA8DB6ED283407F87452F0.e.11934","ELEMENT":"f.423FC243C8326C45B9AC14107F5D9156.d.7674EF64E9AA8DB6ED283407F87452F0.e.11934"},{"block":"start","inline":"nearest"}]}
RESULT: {"script":"<script> [79 bytes]","args":[{"element-6066-11e4-a52e-4f735466cecf":"f.423FC243C8326C45B9AC14107F5D9156.d.7674EF64E9AA8DB6ED283407F87452F0.e.11934","ELEMENT":"f.423FC243C8326C45B9AC14107F5D9156.d.7674EF64E9AA8DB6ED283407F87452F0.e.11934"},{"block":"start","inline":"nearest"}]}
COMMAND: GET /session/e5a8226ea9fde889391201a3e7d107f2/screenshot - {}
RESULT: {}
COMMAND: POST /session/e5a8226ea9fde889391201a3e7d107f2/element/f.423FC243C8326C45B9AC14107F5D9156.d.7674EF64E9AA8DB6ED283407F87452F0.e.11934/click - {}
RESULT: {}
COMMAND: GET /session/e5a8226ea9fde889391201a3e7d107f2/screenshot - {}
RESULT: {}
COMMAND: POST /session/e5a8226ea9fde889391201a3e7d107f2/execute/async - {"script":"<script> [1562 bytes]","args":[{"selector":{"controlType":"sap.m.SearchField","properties":{"placeholder":"Search"},"searchOpenDialogs":true,"interaction":{"idSuffix":"I"}},"wdio_ui5_key":"sapm.SearchField{\"placeholder\":\"Search\"}"}]}
RESULT: {"script":"<script> [1562 bytes]","args":[{"selector":{"controlType":"sap.m.SearchField","properties":{"placeholder":"Search"},"searchOpenDialogs":true,"interaction":{"idSuffix":"I"}},"wdio_ui5_key":"sapm.SearchField{\"placeholder\":\"Search\"}"}]}
RESULT: undefined
COMMAND: POST /session/e5a8226ea9fde889391201a3e7d107f2/execute/async - {"script":"<script> [776 bytes]","args":[{"enterText":"4000360","selector":{"controlType":"sap.m.SearchField","properties":{"placeholder":"Search"},"searchOpenDialogs":true,"interaction":{"idSuffix":"I"}},"clearTextFirst":true,"interactionType":"ENTER_TEXT"}]}
RESULT: {"script":"<script> [776 bytes]","args":[{"enterText":"4000360","selector":{"controlType":"sap.m.SearchField","properties":{"placeholder":"Search"},"searchOpenDialogs":true,"interaction":{"idSuffix":"I"}},"clearTextFirst":true,"interactionType":"ENTER_TEXT"}]}
COMMAND: POST /session/e5a8226ea9fde889391201a3e7d107f2/actions - {"actions":[{"id":"action45","type":"key","parameters":{},"actions":[{"type":"keyDown","value":"î€‡"},{"type":"pause","duration":10},{"type":"keyUp","value":"î€‡"}]}]}
RESULT: {"actions":[{"id":"action45","type":"key","parameters":{},"actions":[{"type":"keyDown","value":"î€‡"},{"type":"pause","duration":10},{"type":"keyUp","value":"î€‡"}]}]}
COMMAND: GET /session/e5a8226ea9fde889391201a3e7d107f2/screenshot - {}
RESULT: {}
COMMAND: POST /session/e5a8226ea9fde889391201a3e7d107f2/element - {"using":"xpath","value":"//td/div/span[contains(text(), \"BGL Vehicles\")]"}
RESULT: {"using":"xpath","value":"//td/div/span[contains(text(), \"BGL Vehicles\")]"}
COMMAND: POST /session/e5a8226ea9fde889391201a3e7d107f2/element/f.423FC243C8326C45B9AC14107F5D9156.d.7674EF64E9AA8DB6ED283407F87452F0.e.11957/click - {}
RESULT: {}
COMMAND: GET /session/e5a8226ea9fde889391201a3e7d107f2/screenshot - {}
RESULT: {}
COMMAND: POST /session/e5a8226ea9fde889391201a3e7d107f2/element - {"using":"xpath","value":"//bdi[contains(text(), \"OK\")]"}
RESULT: {"using":"xpath","value":"//bdi[contains(text(), \"OK\")]"}
COMMAND: POST /session/e5a8226ea9fde889391201a3e7d107f2/element/f.423FC243C8326C45B9AC14107F5D9156.d.7674EF64E9AA8DB6ED283407F87452F0.e.11958/click - {}
RESULT: {}
COMMAND: GET /session/e5a8226ea9fde889391201a3e7d107f2/screenshot - {}
RESULT: {}
COMMAND: POST /session/e5a8226ea9fde889391201a3e7d107f2/element - {"using":"xpath","value":"//label[contains(@class, 'sapMLabelRequired') and .//bdi[contains(text(), 'Planned Retirement')]]"}
RESULT: {"using":"xpath","value":"//label[contains(@class, 'sapMLabelRequired') and .//bdi[contains(text(), 'Planned Retirement')]]"}
COMMAND: POST /session/e5a8226ea9fde889391201a3e7d107f2/elements - {"using":"xpath","value":"//label[contains(@class, 'sapMLabelRequired') and .//bdi[contains(text(), 'Planned Retirement')]]"}
RESULT: {"using":"xpath","value":"//label[contains(@class, 'sapMLabelRequired') and .//bdi[contains(text(), 'Planned Retirement')]]"}
COMMAND: POST /session/e5a8226ea9fde889391201a3e7d107f2/element - {"using":"xpath","value":"//button[@data-kt=\"resourceUnitSaveButton\"]"}
RESULT: {"using":"xpath","value":"//button[@data-kt=\"resourceUnitSaveButton\"]"}
COMMAND: POST /session/e5a8226ea9fde889391201a3e7d107f2/element/f.423FC243C8326C45B9AC14107F5D9156.d.7674EF64E9AA8DB6ED283407F87452F0.e.11789/click - {}
RESULT: {}
COMMAND: GET /session/e5a8226ea9fde889391201a3e7d107f2/screenshot - {}
RESULT: {}
COMMAND: POST /session/e5a8226ea9fde889391201a3e7d107f2/element - {"using":"xpath","value":"//bdi[contains(text(), \"Close\")]"}
RESULT: {"using":"xpath","value":"//bdi[contains(text(), \"Close\")]"}
COMMAND: POST /session/e5a8226ea9fde889391201a3e7d107f2/element/f.423FC243C8326C45B9AC14107F5D9156.d.7674EF64E9AA8DB6ED283407F87452F0.e.11964/click - {}
RESULT: {}
COMMAND: GET /session/e5a8226ea9fde889391201a3e7d107f2/screenshot - {}
RESULT: {}
COMMAND: POST /session/e5a8226ea9fde889391201a3e7d107f2/element - {"using":"xpath","value":"//header[contains(@id, 'detailRruPage-headerTitle')]/div[1]/div[2]/div[2]/span[1]"}
RESULT: {"using":"xpath","value":"//header[contains(@id, 'detailRruPage-headerTitle')]/div[1]/div[2]/div[2]/span[1]"}
COMMAND: POST /session/e5a8226ea9fde889391201a3e7d107f2/elements - {"using":"xpath","value":"//header[contains(@id, 'detailRruPage-headerTitle')]/div[1]/div[2]/div[2]/span[1]"}
RESULT: {"using":"xpath","value":"//header[contains(@id, 'detailRruPage-headerTitle')]/div[1]/div[2]/div[2]/span[1]"}
COMMAND: POST /session/e5a8226ea9fde889391201a3e7d107f2/execute/sync - {"script":"<script> [56 bytes]","args":[{"element-6066-11e4-a52e-4f735466cecf":"f.423FC243C8326C45B9AC14107F5D9156.d.7674EF64E9AA8DB6ED283407F87452F0.e.11993","ELEMENT":"f.423FC243C8326C45B9AC14107F5D9156.d.7674EF64E9AA8DB6ED283407F87452F0.e.11993"}]}
RESULT: {"script":"<script> [56 bytes]","args":[{"element-6066-11e4-a52e-4f735466cecf":"f.423FC243C8326C45B9AC14107F5D9156.d.7674EF64E9AA8DB6ED283407F87452F0.e.11993","ELEMENT":"f.423FC243C8326C45B9AC14107F5D9156.d.7674EF64E9AA8DB6ED283407F87452F0.e.11993"}]}
COMMAND: POST /session/e5a8226ea9fde889391201a3e7d107f2/element - {"using":"css selector","value":"#shell-header-logo"}
COMMAND: GET /session/e5a8226ea9fde889391201a3e7d107f2/screenshot - {}
RESULT: {"using":"css selector","value":"#shell-header-logo"}
COMMAND: POST /session/e5a8226ea9fde889391201a3e7d107f2/element/f.423FC243C8326C45B9AC14107F5D9156.d.7674EF64E9AA8DB6ED283407F87452F0.e.11386/click - {}
RESULT: {}
RESULT: {}
COMMAND: GET /session/e5a8226ea9fde889391201a3e7d107f2/screenshot - {}
RESULT: {}
]]></system-out>
    </testcase>
    <testcase classname="chrome.137_0_7151_69.windows.Return_from_Site_w/_warehouse_management_w/_clarification_US125588" name="Bin Status Report Should Create New Organization yard" time="0.003" />
    <testcase classname="chrome.137_0_7151_69.windows.Return_from_Site_w/_warehouse_management_w/_clarification_US125588" name="Bin Status Report Should Create New Organization for Site" time="0.002" />
  </testsuite>
  <testsuite timestamp="2025-06-12T17:13:17" time="492.665" tests="7" failures="7" errors="7" skipped="0">
    <properties>
      <property name="specId" value="0" />
      <property name="suiteName" value="Return from Site w/ warehouse management w clarification" />
      <property name="capabilities" value="chrome.137_0_7151_69.windows" />
      <property name="file" value="file:///D:/a/1/s/test/specs/HTR/return-from-site-w-warehouse-management-w-clarification.spec.js" />
    </properties>
  </testsuite>
  <testsuite timestamp="2025-06-12T17:21:29" time="529.15" tests="9" failures="3" errors="3" skipped="0">
    <properties>
      <property name="specId" value="0" />
      <property name="suiteName" value="Create masterdata for Yard Overview - trigger provide US130988" />
      <property name="capabilities" value="chrome.137_0_7151_69.windows" />
      <property name="file" value="file:///D:/a/1/s/test/specs/HTR/stock-decrease.spec.js" />
    </properties>
    <testcase classname="chrome.137_0_7151_69.windows.Create_masterdata_for_Yard_Overview_-_trigger_provide_US130988" name="Should create a new WHM yard" time="0.017">
      <system-out><![CDATA[
COMMAND: POST /session/e5a8226ea9fde889391201a3e7d107f2/window/fullscreen - {}
RESULT: {}
]]></system-out>
    </testcase>
    <testcase classname="chrome.137_0_7151_69.windows.Create_masterdata_for_Yard_Overview_-_trigger_provide_US130988" name="Should create a new partner" time="0.002" />
    <testcase classname="chrome.137_0_7151_69.windows.Create_masterdata_for_Yard_Overview_-_trigger_provide_US130988" name="Should create a new site" time="0.003" />
    <testcase classname="chrome.137_0_7151_69.windows.Create_masterdata_for_Yard_Overview_-_trigger_provide_US130988" name="Should create a new material" time="133.177">
      <system-out><![CDATA[
COMMAND: POST /session/e5a8226ea9fde889391201a3e7d107f2/execute/async - {"script":"<script> [1562 bytes]","args":[{"selector":{"controlType":"sap.m.GenericTile","properties":{"header":"Manage Resources"}},"wdio_ui5_key":"sapm.GenericTile{\"header\":\"Manage Resources\"}"}]}
RESULT: {"script":"<script> [1562 bytes]","args":[{"selector":{"controlType":"sap.m.GenericTile","properties":{"header":"Manage Resources"}},"wdio_ui5_key":"sapm.GenericTile{\"header\":\"Manage Resources\"}"}]}
RESULT: undefined
COMMAND: POST /session/e5a8226ea9fde889391201a3e7d107f2/element - {"using":"xpath","value":"//*[@id=\"__tile32\"]"}
RESULT: {"using":"xpath","value":"//*[@id=\"__tile32\"]"}
COMMAND: POST /session/e5a8226ea9fde889391201a3e7d107f2/element/f.423FC243C8326C45B9AC14107F5D9156.d.EBC7185CEDF9398E343F6091684DCD31.e.12637/click - {}
RESULT: {}
COMMAND: GET /session/e5a8226ea9fde889391201a3e7d107f2/screenshot - {}
COMMAND: POST /session/e5a8226ea9fde889391201a3e7d107f2/elements - {"using":"xpath","value":"//span[text()='Error']"}
RESULT: {}
RESULT: {"using":"xpath","value":"//span[text()='Error']"}
COMMAND: POST /session/e5a8226ea9fde889391201a3e7d107f2/element - {"using":"xpath","value":"//button[@data-kt=\"addNewRUOverflowToolbarButton\"]"}
RESULT: {"using":"xpath","value":"//button[@data-kt=\"addNewRUOverflowToolbarButton\"]"}
COMMAND: POST /session/e5a8226ea9fde889391201a3e7d107f2/elements - {"using":"xpath","value":"//button[@data-kt=\"addNewRUOverflowToolbarButton\"]"}
RESULT: {"using":"xpath","value":"//button[@data-kt=\"addNewRUOverflowToolbarButton\"]"}
COMMAND: POST /session/e5a8226ea9fde889391201a3e7d107f2/execute/sync - {"script":"<script> [8489 bytes]","args":[{"element-6066-11e4-a52e-4f735466cecf":"f.423FC243C8326C45B9AC14107F5D9156.d.EBC7185CEDF9398E343F6091684DCD31.e.12784","ELEMENT":"f.423FC243C8326C45B9AC14107F5D9156.d.EBC7185CEDF9398E343F6091684DCD31.e.12784"}]}
RESULT: {"script":"<script> [8489 bytes]","args":[{"element-6066-11e4-a52e-4f735466cecf":"f.423FC243C8326C45B9AC14107F5D9156.d.EBC7185CEDF9398E343F6091684DCD31.e.12784","ELEMENT":"f.423FC243C8326C45B9AC14107F5D9156.d.EBC7185CEDF9398E343F6091684DCD31.e.12784"}]}
COMMAND: GET /session/e5a8226ea9fde889391201a3e7d107f2/element/f.423FC243C8326C45B9AC14107F5D9156.d.EBC7185CEDF9398E343F6091684DCD31.e.12784/enabled - {}
COMMAND: GET /session/e5a8226ea9fde889391201a3e7d107f2/screenshot - {}
RESULT: {}
COMMAND: POST /session/e5a8226ea9fde889391201a3e7d107f2/execute/sync - {"script":"<script> [8489 bytes]","args":[{"element-6066-11e4-a52e-4f735466cecf":"f.423FC243C8326C45B9AC14107F5D9156.d.EBC7185CEDF9398E343F6091684DCD31.e.12784","ELEMENT":"f.423FC243C8326C45B9AC14107F5D9156.d.EBC7185CEDF9398E343F6091684DCD31.e.12784"}]}
COMMAND: GET /session/e5a8226ea9fde889391201a3e7d107f2/screenshot - {}
RESULT: {}
RESULT: {"script":"<script> [8489 bytes]","args":[{"element-6066-11e4-a52e-4f735466cecf":"f.423FC243C8326C45B9AC14107F5D9156.d.EBC7185CEDF9398E343F6091684DCD31.e.12784","ELEMENT":"f.423FC243C8326C45B9AC14107F5D9156.d.EBC7185CEDF9398E343F6091684DCD31.e.12784"}]}
COMMAND: POST /session/e5a8226ea9fde889391201a3e7d107f2/execute/sync - {"script":"<script> [5351 bytes]","args":[{"element-6066-11e4-a52e-4f735466cecf":"f.423FC243C8326C45B9AC14107F5D9156.d.EBC7185CEDF9398E343F6091684DCD31.e.12784","ELEMENT":"f.423FC243C8326C45B9AC14107F5D9156.d.EBC7185CEDF9398E343F6091684DCD31.e.12784"}]}
COMMAND: GET /session/e5a8226ea9fde889391201a3e7d107f2/screenshot - {}
RESULT: {}
RESULT: {"script":"<script> [5351 bytes]","args":[{"element-6066-11e4-a52e-4f735466cecf":"f.423FC243C8326C45B9AC14107F5D9156.d.EBC7185CEDF9398E343F6091684DCD31.e.12784","ELEMENT":"f.423FC243C8326C45B9AC14107F5D9156.d.EBC7185CEDF9398E343F6091684DCD31.e.12784"}]}
COMMAND: POST /session/e5a8226ea9fde889391201a3e7d107f2/element/f.423FC243C8326C45B9AC14107F5D9156.d.EBC7185CEDF9398E343F6091684DCD31.e.12784/click - {}
COMMAND: GET /session/e5a8226ea9fde889391201a3e7d107f2/screenshot - {}
RESULT: {}
RESULT: {}
COMMAND: GET /session/e5a8226ea9fde889391201a3e7d107f2/screenshot - {}
COMMAND: POST /session/e5a8226ea9fde889391201a3e7d107f2/execute/async - {"script":"<script> [1562 bytes]","args":[{"selector":{"id":"application-manageresources-display-component---newResourceUnit--TYPE-arrow"},"wdio_ui5_key":"applicationmanageresources-display-component---newResourceUnit--TYPE-arrow"}]}
RESULT: {}
RESULT: {}
RESULT: {"script":"<script> [1562 bytes]","args":[{"selector":{"id":"application-manageresources-display-component---newResourceUnit--TYPE-arrow"},"wdio_ui5_key":"applicationmanageresources-display-component---newResourceUnit--TYPE-arrow"}]}
RESULT: undefined
COMMAND: POST /session/e5a8226ea9fde889391201a3e7d107f2/element - {"using":"xpath","value":"//*[@id=\"application-manageresources-display-component---newResourceUnit--TYPE-arrow\"]"}
RESULT: {"using":"xpath","value":"//*[@id=\"application-manageresources-display-component---newResourceUnit--TYPE-arrow\"]"}
COMMAND: POST /session/e5a8226ea9fde889391201a3e7d107f2/element/f.423FC243C8326C45B9AC14107F5D9156.d.EBC7185CEDF9398E343F6091684DCD31.e.13124/click - {}
RESULT: {}
COMMAND: POST /session/e5a8226ea9fde889391201a3e7d107f2/element - {"using":"xpath","value":"//input[@id=\"application-manageresources-display-component---newResourceUnit--TYPE-inner\"]"}
COMMAND: GET /session/e5a8226ea9fde889391201a3e7d107f2/screenshot - {}
RESULT: {"using":"xpath","value":"//input[@id=\"application-manageresources-display-component---newResourceUnit--TYPE-inner\"]"}
COMMAND: POST /session/e5a8226ea9fde889391201a3e7d107f2/element/f.423FC243C8326C45B9AC14107F5D9156.d.EBC7185CEDF9398E343F6091684DCD31.e.13120/clear - {}
RESULT: {}
RESULT: {}
COMMAND: POST /session/e5a8226ea9fde889391201a3e7d107f2/element/f.423FC243C8326C45B9AC14107F5D9156.d.EBC7185CEDF9398E343F6091684DCD31.e.13120/value - {"text":"Material"}
COMMAND: GET /session/e5a8226ea9fde889391201a3e7d107f2/screenshot - {}
RESULT: {"text":"Material"}
COMMAND: GET /session/e5a8226ea9fde889391201a3e7d107f2/screenshot - {}
RESULT: {}
RESULT: {}
COMMAND: POST /session/e5a8226ea9fde889391201a3e7d107f2/actions - {"actions":[{"id":"action48","type":"key","parameters":{},"actions":[{"type":"keyDown","value":"î€‡"},{"type":"pause","duration":10},{"type":"keyUp","value":"î€‡"}]}]}
RESULT: {"actions":[{"id":"action48","type":"key","parameters":{},"actions":[{"type":"keyDown","value":"î€‡"},{"type":"pause","duration":10},{"type":"keyUp","value":"î€‡"}]}]}
COMMAND: POST /session/e5a8226ea9fde889391201a3e7d107f2/execute/async - {"script":"<script> [1562 bytes]","args":[{"selector":{"id":"application-manageresources-display-component---newResourceUnit--SHORT_TEXT","interaction":{"idSuffix":"inner"}},"wdio_ui5_key":"applicationmanageresources-display-component---newResourceUnit--SHORT_TEXT"}]}
COMMAND: GET /session/e5a8226ea9fde889391201a3e7d107f2/screenshot - {}
RESULT: undefined
RESULT: undefined
RESULT: {"script":"<script> [1562 bytes]","args":[{"selector":{"id":"application-manageresources-display-component---newResourceUnit--SHORT_TEXT","interaction":{"idSuffix":"inner"}},"wdio_ui5_key":"applicationmanageresources-display-component---newResourceUnit--SHORT_TEXT"}]}
RESULT: undefined
COMMAND: POST /session/e5a8226ea9fde889391201a3e7d107f2/execute/async - {"script":"<script> [776 bytes]","args":[{"enterText":"Cement WDIO","selector":{"id":"application-manageresources-display-component---newResourceUnit--SHORT_TEXT","interaction":{"idSuffix":"inner"}},"clearTextFirst":true,"interactionType":"ENTER_TEXT"}]}
RESULT: {}
RESULT: {"script":"<script> [776 bytes]","args":[{"enterText":"Cement WDIO","selector":{"id":"application-manageresources-display-component---newResourceUnit--SHORT_TEXT","interaction":{"idSuffix":"inner"}},"clearTextFirst":true,"interactionType":"ENTER_TEXT"}]}
COMMAND: POST /session/e5a8226ea9fde889391201a3e7d107f2/execute/async - {"script":"<script> [1562 bytes]","args":[{"selector":{"id":"application-manageresources-display-component---newResourceUnit--BASE_UNIT_OF_MEASURE","interaction":{"idSuffix":"inner"}},"wdio_ui5_key":"applicationmanageresources-display-component---newResourceUnit--BASE_UNIT_OF_MEASURE"}]}
RESULT: {"script":"<script> [1562 bytes]","args":[{"selector":{"id":"application-manageresources-display-component---newResourceUnit--BASE_UNIT_OF_MEASURE","interaction":{"idSuffix":"inner"}},"wdio_ui5_key":"applicationmanageresources-display-component---newResourceUnit--BASE_UNIT_OF_MEASURE"}]}
RESULT: undefined
COMMAND: POST /session/e5a8226ea9fde889391201a3e7d107f2/execute/async - {"script":"<script> [776 bytes]","args":[{"enterText":"Piece","selector":{"id":"application-manageresources-display-component---newResourceUnit--BASE_UNIT_OF_MEASURE","interaction":{"idSuffix":"inner"}},"clearTextFirst":true,"interactionType":"ENTER_TEXT"}]}
RESULT: {"script":"<script> [776 bytes]","args":[{"enterText":"Piece","selector":{"id":"application-manageresources-display-component---newResourceUnit--BASE_UNIT_OF_MEASURE","interaction":{"idSuffix":"inner"}},"clearTextFirst":true,"interactionType":"ENTER_TEXT"}]}
COMMAND: POST /session/e5a8226ea9fde889391201a3e7d107f2/execute/async - {"script":"<script> [1562 bytes]","args":[{"selector":{"id":"application-manageresources-display-component---newResourceUnit--WEIGHT_UNIT","interaction":{"idSuffix":"inner"}},"wdio_ui5_key":"applicationmanageresources-display-component---newResourceUnit--WEIGHT_UNIT"}]}
RESULT: {"script":"<script> [1562 bytes]","args":[{"selector":{"id":"application-manageresources-display-component---newResourceUnit--WEIGHT_UNIT","interaction":{"idSuffix":"inner"}},"wdio_ui5_key":"applicationmanageresources-display-component---newResourceUnit--WEIGHT_UNIT"}]}
RESULT: undefined
COMMAND: POST /session/e5a8226ea9fde889391201a3e7d107f2/execute/async - {"script":"<script> [776 bytes]","args":[{"enterText":"Gram","selector":{"id":"application-manageresources-display-component---newResourceUnit--WEIGHT_UNIT","interaction":{"idSuffix":"inner"}},"clearTextFirst":true,"interactionType":"ENTER_TEXT"}]}
RESULT: {"script":"<script> [776 bytes]","args":[{"enterText":"Gram","selector":{"id":"application-manageresources-display-component---newResourceUnit--WEIGHT_UNIT","interaction":{"idSuffix":"inner"}},"clearTextFirst":true,"interactionType":"ENTER_TEXT"}]}
COMMAND: POST /session/e5a8226ea9fde889391201a3e7d107f2/execute/async - {"script":"<script> [1562 bytes]","args":[{"selector":{"id":"application-manageresources-display-component---newResourceUnit--DIMENSION_UNIT","interaction":{"idSuffix":"inner"}},"wdio_ui5_key":"applicationmanageresources-display-component---newResourceUnit--DIMENSION_UNIT"}]}
RESULT: {"script":"<script> [1562 bytes]","args":[{"selector":{"id":"application-manageresources-display-component---newResourceUnit--DIMENSION_UNIT","interaction":{"idSuffix":"inner"}},"wdio_ui5_key":"applicationmanageresources-display-component---newResourceUnit--DIMENSION_UNIT"}]}
RESULT: undefined
COMMAND: POST /session/e5a8226ea9fde889391201a3e7d107f2/execute/async - {"script":"<script> [776 bytes]","args":[{"enterText":"Meter","selector":{"id":"application-manageresources-display-component---newResourceUnit--DIMENSION_UNIT","interaction":{"idSuffix":"inner"}},"clearTextFirst":true,"interactionType":"ENTER_TEXT"}]}
RESULT: {"script":"<script> [776 bytes]","args":[{"enterText":"Meter","selector":{"id":"application-manageresources-display-component---newResourceUnit--DIMENSION_UNIT","interaction":{"idSuffix":"inner"}},"clearTextFirst":true,"interactionType":"ENTER_TEXT"}]}
COMMAND: POST /session/e5a8226ea9fde889391201a3e7d107f2/execute/async - {"script":"<script> [1562 bytes]","args":[{"selector":{"id":"application-manageresources-display-component---newResourceUnit--newRRUPage-anchBar-application-manageresources-display-component---newResourceUnit--control-anchor","interaction":{"idSuffix":"BDI-content"}},"wdio_ui5_key":"applicationmanageresources-display-component---newResourceUnit--newRRUPage-anchBar-application-manageresources-display-component---newResourceUnit--control-anchor"}]}
RESULT: {"script":"<script> [1562 bytes]","args":[{"selector":{"id":"application-manageresources-display-component---newResourceUnit--newRRUPage-anchBar-application-manageresources-display-component---newResourceUnit--control-anchor","interaction":{"idSuffix":"BDI-content"}},"wdio_ui5_key":"applicationmanageresources-display-component---newResourceUnit--newRRUPage-anchBar-application-manageresources-display-component---newResourceUnit--control-anchor"}]}
RESULT: undefined
COMMAND: POST /session/e5a8226ea9fde889391201a3e7d107f2/element - {"using":"xpath","value":"//*[@id=\"application-manageresources-display-component---newResourceUnit--newRRUPage-anchBar-application-manageresources-display-component---newResourceUnit--control-anchor\"]"}
RESULT: {"using":"xpath","value":"//*[@id=\"application-manageresources-display-component---newResourceUnit--newRRUPage-anchBar-application-manageresources-display-component---newResourceUnit--control-anchor\"]"}
COMMAND: POST /session/e5a8226ea9fde889391201a3e7d107f2/element/f.423FC243C8326C45B9AC14107F5D9156.d.EBC7185CEDF9398E343F6091684DCD31.e.13258/click - {}
RESULT: {}
COMMAND: POST /session/e5a8226ea9fde889391201a3e7d107f2/execute/async - {"script":"<script> [1562 bytes]","args":[{"selector":{"id":"application-manageresources-display-component---newResourceUnit--PLANNING_GROUP","interaction":{"idSuffix":"inner"}},"wdio_ui5_key":"applicationmanageresources-display-component---newResourceUnit--PLANNING_GROUP"}]}
COMMAND: GET /session/e5a8226ea9fde889391201a3e7d107f2/screenshot - {}
RESULT: {"script":"<script> [1562 bytes]","args":[{"selector":{"id":"application-manageresources-display-component---newResourceUnit--PLANNING_GROUP","interaction":{"idSuffix":"inner"}},"wdio_ui5_key":"applicationmanageresources-display-component---newResourceUnit--PLANNING_GROUP"}]}
RESULT: undefined
COMMAND: POST /session/e5a8226ea9fde889391201a3e7d107f2/execute/async - {"script":"<script> [776 bytes]","args":[{"enterText":"Material","selector":{"id":"application-manageresources-display-component---newResourceUnit--PLANNING_GROUP","interaction":{"idSuffix":"inner"}},"clearTextFirst":true,"interactionType":"ENTER_TEXT"}]}
RESULT: {}
RESULT: {"script":"<script> [776 bytes]","args":[{"enterText":"Material","selector":{"id":"application-manageresources-display-component---newResourceUnit--PLANNING_GROUP","interaction":{"idSuffix":"inner"}},"clearTextFirst":true,"interactionType":"ENTER_TEXT"}]}
COMMAND: POST /session/e5a8226ea9fde889391201a3e7d107f2/execute/async - {"script":"<script> [1562 bytes]","args":[{"selector":{"id":"application-manageresources-display-component---newResourceUnit--PLANNING_INDICATOR","interaction":{"idSuffix":"inner"}},"wdio_ui5_key":"applicationmanageresources-display-component---newResourceUnit--PLANNING_INDICATOR"}]}
RESULT: {"script":"<script> [1562 bytes]","args":[{"selector":{"id":"application-manageresources-display-component---newResourceUnit--PLANNING_INDICATOR","interaction":{"idSuffix":"inner"}},"wdio_ui5_key":"applicationmanageresources-display-component---newResourceUnit--PLANNING_INDICATOR"}]}
RESULT: undefined
COMMAND: POST /session/e5a8226ea9fde889391201a3e7d107f2/execute/async - {"script":"<script> [776 bytes]","args":[{"enterText":"10 - infinite","selector":{"id":"application-manageresources-display-component---newResourceUnit--PLANNING_INDICATOR","interaction":{"idSuffix":"inner"}},"clearTextFirst":true,"interactionType":"ENTER_TEXT"}]}
RESULT: {"script":"<script> [776 bytes]","args":[{"enterText":"10 - infinite","selector":{"id":"application-manageresources-display-component---newResourceUnit--PLANNING_INDICATOR","interaction":{"idSuffix":"inner"}},"clearTextFirst":true,"interactionType":"ENTER_TEXT"}]}
COMMAND: POST /session/e5a8226ea9fde889391201a3e7d107f2/element - {"using":"css selector","value":"#application-manageresources-display-component---newResourceUnit--btnAddTimeSegment"}
RESULT: {"using":"css selector","value":"#application-manageresources-display-component---newResourceUnit--btnAddTimeSegment"}
COMMAND: GET /session/e5a8226ea9fde889391201a3e7d107f2/element/f.423FC243C8326C45B9AC14107F5D9156.d.EBC7185CEDF9398E343F6091684DCD31.e.13268/rect - {}
RESULT: {}
COMMAND: GET /session/e5a8226ea9fde889391201a3e7d107f2/window/rect - {}
RESULT: {}
COMMAND: POST /session/e5a8226ea9fde889391201a3e7d107f2/execute/sync - {"script":"<script> [92 bytes]","args":[]}
RESULT: {"script":"<script> [92 bytes]","args":[]}
COMMAND: POST /session/e5a8226ea9fde889391201a3e7d107f2/actions - {"actions":[{"id":"action49","type":"wheel","parameters":{},"actions":[{"type":"scroll","x":-1888,"y":-32,"deltaX":0,"deltaY":0,"duration":0,"origin":{"element-6066-11e4-a52e-4f735466cecf":"f.423FC243C8326C45B9AC14107F5D9156.d.EBC7185CEDF9398E343F6091684DCD31.e.13268"}}]}]}
COMMAND: GET /session/e5a8226ea9fde889391201a3e7d107f2/screenshot - {}
RESULT: {}
COMMAND: POST /session/e5a8226ea9fde889391201a3e7d107f2/execute/sync - {"script":"<script> [79 bytes]","args":[{"element-6066-11e4-a52e-4f735466cecf":"f.423FC243C8326C45B9AC14107F5D9156.d.EBC7185CEDF9398E343F6091684DCD31.e.13268","ELEMENT":"f.423FC243C8326C45B9AC14107F5D9156.d.EBC7185CEDF9398E343F6091684DCD31.e.13268"},{"block":"start","inline":"nearest"}]}
RESULT: {"script":"<script> [79 bytes]","args":[{"element-6066-11e4-a52e-4f735466cecf":"f.423FC243C8326C45B9AC14107F5D9156.d.EBC7185CEDF9398E343F6091684DCD31.e.13268","ELEMENT":"f.423FC243C8326C45B9AC14107F5D9156.d.EBC7185CEDF9398E343F6091684DCD31.e.13268"},{"block":"start","inline":"nearest"}]}
COMMAND: POST /session/e5a8226ea9fde889391201a3e7d107f2/execute/async - {"script":"<script> [1562 bytes]","args":[{"selector":{"id":"application-manageresources-display-component---newResourceUnit--btnAddTimeSegment","interaction":{"idSuffix":"inner"}},"wdio_ui5_key":"applicationmanageresources-display-component---newResourceUnit--btnAddTimeSegment"}]}
COMMAND: GET /session/e5a8226ea9fde889391201a3e7d107f2/screenshot - {}
RESULT: {"script":"<script> [1562 bytes]","args":[{"selector":{"id":"application-manageresources-display-component---newResourceUnit--btnAddTimeSegment","interaction":{"idSuffix":"inner"}},"wdio_ui5_key":"applicationmanageresources-display-component---newResourceUnit--btnAddTimeSegment"}]}
RESULT: undefined
COMMAND: POST /session/e5a8226ea9fde889391201a3e7d107f2/element - {"using":"xpath","value":"//*[@id=\"application-manageresources-display-component---newResourceUnit--btnAddTimeSegment\"]"}
RESULT: {}
RESULT: {"using":"xpath","value":"//*[@id=\"application-manageresources-display-component---newResourceUnit--btnAddTimeSegment\"]"}
COMMAND: POST /session/e5a8226ea9fde889391201a3e7d107f2/element/f.423FC243C8326C45B9AC14107F5D9156.d.EBC7185CEDF9398E343F6091684DCD31.e.13268/click - {}
RESULT: {}
COMMAND: GET /session/e5a8226ea9fde889391201a3e7d107f2/screenshot - {}
RESULT: {}
COMMAND: POST /session/e5a8226ea9fde889391201a3e7d107f2/element - {"using":"xpath","value":"//input[@id=\"application-manageresources-display-component---newResourceUnit--idRuTSAdmin-application-manageresources-display-component---newResourceUnit--RUTimeSegment-0-inner\"]"}
RESULT: {"using":"xpath","value":"//input[@id=\"application-manageresources-display-component---newResourceUnit--idRuTSAdmin-application-manageresources-display-component---newResourceUnit--RUTimeSegment-0-inner\"]"}
COMMAND: POST /session/e5a8226ea9fde889391201a3e7d107f2/element/f.423FC243C8326C45B9AC14107F5D9156.d.EBC7185CEDF9398E343F6091684DCD31.e.13273/clear - {}
RESULT: {}
COMMAND: POST /session/e5a8226ea9fde889391201a3e7d107f2/element/f.423FC243C8326C45B9AC14107F5D9156.d.EBC7185CEDF9398E343F6091684DCD31.e.13273/value - {"text":"185"}
COMMAND: GET /session/e5a8226ea9fde889391201a3e7d107f2/screenshot - {}
RESULT: {"text":"185"}
COMMAND: GET /session/e5a8226ea9fde889391201a3e7d107f2/screenshot - {}
RESULT: {}
RESULT: {}
COMMAND: POST /session/e5a8226ea9fde889391201a3e7d107f2/element - {"using":"xpath","value":"//li[.//span[text()='185']]"}
RESULT: {"using":"xpath","value":"//li[.//span[text()='185']]"}
COMMAND: POST /session/e5a8226ea9fde889391201a3e7d107f2/element/f.423FC243C8326C45B9AC14107F5D9156.d.EBC7185CEDF9398E343F6091684DCD31.e.13282/click - {}
RESULT: {}
COMMAND: GET /session/e5a8226ea9fde889391201a3e7d107f2/screenshot - {}
RESULT: {}
COMMAND: POST /session/e5a8226ea9fde889391201a3e7d107f2/element - {"using":"xpath","value":"(//span[contains(@id, \"-application-manageresources-display-component---newResourceUnit--RUTimeSegment-0-arrow\")])[2]"}
RESULT: {"using":"xpath","value":"(//span[contains(@id, \"-application-manageresources-display-component---newResourceUnit--RUTimeSegment-0-arrow\")])[2]"}
COMMAND: POST /session/e5a8226ea9fde889391201a3e7d107f2/element/f.423FC243C8326C45B9AC14107F5D9156.d.EBC7185CEDF9398E343F6091684DCD31.e.13283/click - {}
RESULT: {}
COMMAND: POST /session/e5a8226ea9fde889391201a3e7d107f2/element - {"using":"xpath","value":"//span[contains(text(), \"PM Order\")]"}
COMMAND: GET /session/e5a8226ea9fde889391201a3e7d107f2/screenshot - {}
RESULT: {"using":"xpath","value":"//span[contains(text(), \"PM Order\")]"}
COMMAND: POST /session/e5a8226ea9fde889391201a3e7d107f2/element/f.423FC243C8326C45B9AC14107F5D9156.d.EBC7185CEDF9398E343F6091684DCD31.e.13284/click - {}
RESULT: {}
RESULT: {}
COMMAND: GET /session/e5a8226ea9fde889391201a3e7d107f2/screenshot - {}
RESULT: {}
COMMAND: POST /session/e5a8226ea9fde889391201a3e7d107f2/element - {"using":"xpath","value":"//td/div/div/div/span[contains(@id, \"newResourceUnit--RUTimeSegment-0-vhi\")][1]"}
RESULT: {"using":"xpath","value":"//td/div/div/div/span[contains(@id, \"newResourceUnit--RUTimeSegment-0-vhi\")][1]"}
COMMAND: GET /session/e5a8226ea9fde889391201a3e7d107f2/element/f.423FC243C8326C45B9AC14107F5D9156.d.EBC7185CEDF9398E343F6091684DCD31.e.13288/rect - {}
RESULT: {}
COMMAND: GET /session/e5a8226ea9fde889391201a3e7d107f2/window/rect - {}
RESULT: {}
COMMAND: POST /session/e5a8226ea9fde889391201a3e7d107f2/execute/sync - {"script":"<script> [92 bytes]","args":[]}
RESULT: {"script":"<script> [92 bytes]","args":[]}
COMMAND: POST /session/e5a8226ea9fde889391201a3e7d107f2/actions - {"actions":[{"id":"action50","type":"wheel","parameters":{},"actions":[{"type":"scroll","x":-1888,"y":-24,"deltaX":0,"deltaY":0,"duration":0,"origin":{"element-6066-11e4-a52e-4f735466cecf":"f.423FC243C8326C45B9AC14107F5D9156.d.EBC7185CEDF9398E343F6091684DCD31.e.13288"}}]}]}
COMMAND: GET /session/e5a8226ea9fde889391201a3e7d107f2/screenshot - {}
RESULT: {}
COMMAND: POST /session/e5a8226ea9fde889391201a3e7d107f2/execute/sync - {"script":"<script> [79 bytes]","args":[{"element-6066-11e4-a52e-4f735466cecf":"f.423FC243C8326C45B9AC14107F5D9156.d.EBC7185CEDF9398E343F6091684DCD31.e.13288","ELEMENT":"f.423FC243C8326C45B9AC14107F5D9156.d.EBC7185CEDF9398E343F6091684DCD31.e.13288"},{"block":"start","inline":"nearest"}]}
RESULT: {"script":"<script> [79 bytes]","args":[{"element-6066-11e4-a52e-4f735466cecf":"f.423FC243C8326C45B9AC14107F5D9156.d.EBC7185CEDF9398E343F6091684DCD31.e.13288","ELEMENT":"f.423FC243C8326C45B9AC14107F5D9156.d.EBC7185CEDF9398E343F6091684DCD31.e.13288"},{"block":"start","inline":"nearest"}]}
COMMAND: GET /session/e5a8226ea9fde889391201a3e7d107f2/screenshot - {}
RESULT: {}
COMMAND: POST /session/e5a8226ea9fde889391201a3e7d107f2/element/f.423FC243C8326C45B9AC14107F5D9156.d.EBC7185CEDF9398E343F6091684DCD31.e.13288/click - {}
RESULT: {}
COMMAND: GET /session/e5a8226ea9fde889391201a3e7d107f2/screenshot - {}
RESULT: {}
COMMAND: POST /session/e5a8226ea9fde889391201a3e7d107f2/execute/async - {"script":"<script> [1562 bytes]","args":[{"selector":{"controlType":"sap.m.SearchField","properties":{"placeholder":"Search"},"searchOpenDialogs":true,"interaction":{"idSuffix":"I"}},"wdio_ui5_key":"sapm.SearchField{\"placeholder\":\"Search\"}"}]}
RESULT: {"script":"<script> [1562 bytes]","args":[{"selector":{"controlType":"sap.m.SearchField","properties":{"placeholder":"Search"},"searchOpenDialogs":true,"interaction":{"idSuffix":"I"}},"wdio_ui5_key":"sapm.SearchField{\"placeholder\":\"Search\"}"}]}
RESULT: undefined
COMMAND: POST /session/e5a8226ea9fde889391201a3e7d107f2/execute/async - {"script":"<script> [776 bytes]","args":[{"enterText":"4000360","selector":{"controlType":"sap.m.SearchField","properties":{"placeholder":"Search"},"searchOpenDialogs":true,"interaction":{"idSuffix":"I"}},"clearTextFirst":true,"interactionType":"ENTER_TEXT"}]}
RESULT: {"script":"<script> [776 bytes]","args":[{"enterText":"4000360","selector":{"controlType":"sap.m.SearchField","properties":{"placeholder":"Search"},"searchOpenDialogs":true,"interaction":{"idSuffix":"I"}},"clearTextFirst":true,"interactionType":"ENTER_TEXT"}]}
COMMAND: POST /session/e5a8226ea9fde889391201a3e7d107f2/actions - {"actions":[{"id":"action51","type":"key","parameters":{},"actions":[{"type":"keyDown","value":"î€‡"},{"type":"pause","duration":10},{"type":"keyUp","value":"î€‡"}]}]}
RESULT: {"actions":[{"id":"action51","type":"key","parameters":{},"actions":[{"type":"keyDown","value":"î€‡"},{"type":"pause","duration":10},{"type":"keyUp","value":"î€‡"}]}]}
COMMAND: GET /session/e5a8226ea9fde889391201a3e7d107f2/screenshot - {}
RESULT: {}
COMMAND: POST /session/e5a8226ea9fde889391201a3e7d107f2/element - {"using":"xpath","value":"//td/div/span[contains(text(), \"BGL Vehicles\")]"}
RESULT: {"using":"xpath","value":"//td/div/span[contains(text(), \"BGL Vehicles\")]"}
COMMAND: POST /session/e5a8226ea9fde889391201a3e7d107f2/element/f.423FC243C8326C45B9AC14107F5D9156.d.EBC7185CEDF9398E343F6091684DCD31.e.13311/click - {}
RESULT: {}
COMMAND: GET /session/e5a8226ea9fde889391201a3e7d107f2/screenshot - {}
RESULT: {}
COMMAND: POST /session/e5a8226ea9fde889391201a3e7d107f2/element - {"using":"xpath","value":"//bdi[contains(text(), \"OK\")]"}
RESULT: {"using":"xpath","value":"//bdi[contains(text(), \"OK\")]"}
COMMAND: POST /session/e5a8226ea9fde889391201a3e7d107f2/element/f.423FC243C8326C45B9AC14107F5D9156.d.EBC7185CEDF9398E343F6091684DCD31.e.13312/click - {}
RESULT: {}
COMMAND: GET /session/e5a8226ea9fde889391201a3e7d107f2/screenshot - {}
RESULT: {}
COMMAND: POST /session/e5a8226ea9fde889391201a3e7d107f2/element - {"using":"xpath","value":"//label[contains(@class, 'sapMLabelRequired') and .//bdi[contains(text(), 'Planned Retirement')]]"}
RESULT: {"using":"xpath","value":"//label[contains(@class, 'sapMLabelRequired') and .//bdi[contains(text(), 'Planned Retirement')]]"}
COMMAND: POST /session/e5a8226ea9fde889391201a3e7d107f2/elements - {"using":"xpath","value":"//label[contains(@class, 'sapMLabelRequired') and .//bdi[contains(text(), 'Planned Retirement')]]"}
RESULT: {"using":"xpath","value":"//label[contains(@class, 'sapMLabelRequired') and .//bdi[contains(text(), 'Planned Retirement')]]"}
COMMAND: POST /session/e5a8226ea9fde889391201a3e7d107f2/element - {"using":"xpath","value":"//button[@data-kt=\"resourceUnitSaveButton\"]"}
RESULT: {"using":"xpath","value":"//button[@data-kt=\"resourceUnitSaveButton\"]"}
COMMAND: POST /session/e5a8226ea9fde889391201a3e7d107f2/element/f.423FC243C8326C45B9AC14107F5D9156.d.EBC7185CEDF9398E343F6091684DCD31.e.13142/click - {}
RESULT: {}
COMMAND: GET /session/e5a8226ea9fde889391201a3e7d107f2/screenshot - {}
RESULT: {}
COMMAND: POST /session/e5a8226ea9fde889391201a3e7d107f2/element - {"using":"xpath","value":"//bdi[contains(text(), \"Close\")]"}
RESULT: {"using":"xpath","value":"//bdi[contains(text(), \"Close\")]"}
COMMAND: POST /session/e5a8226ea9fde889391201a3e7d107f2/element/f.423FC243C8326C45B9AC14107F5D9156.d.EBC7185CEDF9398E343F6091684DCD31.e.13319/click - {}
RESULT: {}
COMMAND: GET /session/e5a8226ea9fde889391201a3e7d107f2/screenshot - {}
RESULT: {}
COMMAND: POST /session/e5a8226ea9fde889391201a3e7d107f2/element - {"using":"xpath","value":"//header[contains(@id, 'detailRruPage-headerTitle')]/div[1]/div[2]/div[2]/span[1]"}
RESULT: {"using":"xpath","value":"//header[contains(@id, 'detailRruPage-headerTitle')]/div[1]/div[2]/div[2]/span[1]"}
COMMAND: POST /session/e5a8226ea9fde889391201a3e7d107f2/elements - {"using":"xpath","value":"//header[contains(@id, 'detailRruPage-headerTitle')]/div[1]/div[2]/div[2]/span[1]"}
RESULT: {"using":"xpath","value":"//header[contains(@id, 'detailRruPage-headerTitle')]/div[1]/div[2]/div[2]/span[1]"}
COMMAND: POST /session/e5a8226ea9fde889391201a3e7d107f2/execute/sync - {"script":"<script> [56 bytes]","args":[{"element-6066-11e4-a52e-4f735466cecf":"f.423FC243C8326C45B9AC14107F5D9156.d.EBC7185CEDF9398E343F6091684DCD31.e.13349","ELEMENT":"f.423FC243C8326C45B9AC14107F5D9156.d.EBC7185CEDF9398E343F6091684DCD31.e.13349"}]}
RESULT: {"script":"<script> [56 bytes]","args":[{"element-6066-11e4-a52e-4f735466cecf":"f.423FC243C8326C45B9AC14107F5D9156.d.EBC7185CEDF9398E343F6091684DCD31.e.13349","ELEMENT":"f.423FC243C8326C45B9AC14107F5D9156.d.EBC7185CEDF9398E343F6091684DCD31.e.13349"}]}
COMMAND: POST /session/e5a8226ea9fde889391201a3e7d107f2/element - {"using":"css selector","value":"#shell-header-logo"}
COMMAND: GET /session/e5a8226ea9fde889391201a3e7d107f2/screenshot - {}
RESULT: {"using":"css selector","value":"#shell-header-logo"}
COMMAND: POST /session/e5a8226ea9fde889391201a3e7d107f2/element/f.423FC243C8326C45B9AC14107F5D9156.d.EBC7185CEDF9398E343F6091684DCD31.e.12621/click - {}
RESULT: {}
RESULT: {}
COMMAND: GET /session/e5a8226ea9fde889391201a3e7d107f2/screenshot - {}
RESULT: {}
]]></system-out>
    </testcase>
    <testcase classname="chrome.137_0_7151_69.windows.Create_masterdata_for_Yard_Overview_-_trigger_provide_US130988" name="Bin Status Report Should Create New Organization yard" time="0.005" />
    <testcase classname="chrome.137_0_7151_69.windows.Create_masterdata_for_Yard_Overview_-_trigger_provide_US130988" name="Create a Warehouse Movement for created yard" time="52.51">
      <system-out><![CDATA[
COMMAND: POST /session/e5a8226ea9fde889391201a3e7d107f2/execute/async - {"script":"<script> [1562 bytes]","args":[{"selector":{"controlType":"sap.m.GenericTile","properties":{"header":"Manage Warehouse Movements"}},"wdio_ui5_key":"sapm.GenericTile{\"header\":\"Manage Warehouse Movements\"}"}]}
RESULT: {"script":"<script> [1562 bytes]","args":[{"selector":{"controlType":"sap.m.GenericTile","properties":{"header":"Manage Warehouse Movements"}},"wdio_ui5_key":"sapm.GenericTile{\"header\":\"Manage Warehouse Movements\"}"}]}
RESULT: undefined
COMMAND: POST /session/e5a8226ea9fde889391201a3e7d107f2/element - {"using":"xpath","value":"//*[@id=\"__tile107\"]"}
RESULT: {"using":"xpath","value":"//*[@id=\"__tile107\"]"}
COMMAND: POST /session/e5a8226ea9fde889391201a3e7d107f2/element/f.423FC243C8326C45B9AC14107F5D9156.d.EBC7185CEDF9398E343F6091684DCD31.e.13351/click - {}
RESULT: {}
COMMAND: POST /session/e5a8226ea9fde889391201a3e7d107f2/element - {"using":"xpath","value":"//input[@id='application-warehousemovements-display-component---warehouseMovements--smartFilterBar-filterItemControl_BASIC-YARD-inner']"}
COMMAND: GET /session/e5a8226ea9fde889391201a3e7d107f2/screenshot - {}
RESULT: {"using":"xpath","value":"//input[@id='application-warehousemovements-display-component---warehouseMovements--smartFilterBar-filterItemControl_BASIC-YARD-inner']"}
COMMAND: POST /session/e5a8226ea9fde889391201a3e7d107f2/elements - {"using":"xpath","value":"//input[@id='application-warehousemovements-display-component---warehouseMovements--smartFilterBar-filterItemControl_BASIC-YARD-inner']"}
RESULT: {}
RESULT: {"using":"xpath","value":"//input[@id='application-warehousemovements-display-component---warehouseMovements--smartFilterBar-filterItemControl_BASIC-YARD-inner']"}
COMMAND: POST /session/e5a8226ea9fde889391201a3e7d107f2/elements - {"using":"xpath","value":"//input[@id='application-warehousemovements-display-component---warehouseMovements--smartFilterBar-filterItemControl_BASIC-YARD-inner']"}
RESULT: {"using":"xpath","value":"//input[@id='application-warehousemovements-display-component---warehouseMovements--smartFilterBar-filterItemControl_BASIC-YARD-inner']"}
COMMAND: POST /session/e5a8226ea9fde889391201a3e7d107f2/elements - {"using":"xpath","value":"//input[@id='application-warehousemovements-display-component---warehouseMovements--smartFilterBar-filterItemControl_BASIC-YARD-inner']"}
RESULT: {"using":"xpath","value":"//input[@id='application-warehousemovements-display-component---warehouseMovements--smartFilterBar-filterItemControl_BASIC-YARD-inner']"}
COMMAND: POST /session/e5a8226ea9fde889391201a3e7d107f2/elements - {"using":"xpath","value":"//input[@id='application-warehousemovements-display-component---warehouseMovements--smartFilterBar-filterItemControl_BASIC-YARD-inner']"}
RESULT: {"using":"xpath","value":"//input[@id='application-warehousemovements-display-component---warehouseMovements--smartFilterBar-filterItemControl_BASIC-YARD-inner']"}
COMMAND: POST /session/e5a8226ea9fde889391201a3e7d107f2/elements - {"using":"xpath","value":"//input[@id='application-warehousemovements-display-component---warehouseMovements--smartFilterBar-filterItemControl_BASIC-YARD-inner']"}
RESULT: {"using":"xpath","value":"//input[@id='application-warehousemovements-display-component---warehouseMovements--smartFilterBar-filterItemControl_BASIC-YARD-inner']"}
COMMAND: POST /session/e5a8226ea9fde889391201a3e7d107f2/elements - {"using":"xpath","value":"//input[@id='application-warehousemovements-display-component---warehouseMovements--smartFilterBar-filterItemControl_BASIC-YARD-inner']"}
RESULT: {"using":"xpath","value":"//input[@id='application-warehousemovements-display-component---warehouseMovements--smartFilterBar-filterItemControl_BASIC-YARD-inner']"}
COMMAND: POST /session/e5a8226ea9fde889391201a3e7d107f2/elements - {"using":"xpath","value":"//input[@id='application-warehousemovements-display-component---warehouseMovements--smartFilterBar-filterItemControl_BASIC-YARD-inner']"}
RESULT: {"using":"xpath","value":"//input[@id='application-warehousemovements-display-component---warehouseMovements--smartFilterBar-filterItemControl_BASIC-YARD-inner']"}
COMMAND: POST /session/e5a8226ea9fde889391201a3e7d107f2/elements - {"using":"xpath","value":"//input[@id='application-warehousemovements-display-component---warehouseMovements--smartFilterBar-filterItemControl_BASIC-YARD-inner']"}
RESULT: {"using":"xpath","value":"//input[@id='application-warehousemovements-display-component---warehouseMovements--smartFilterBar-filterItemControl_BASIC-YARD-inner']"}
COMMAND: POST /session/e5a8226ea9fde889391201a3e7d107f2/elements - {"using":"xpath","value":"//input[@id='application-warehousemovements-display-component---warehouseMovements--smartFilterBar-filterItemControl_BASIC-YARD-inner']"}
RESULT: {"using":"xpath","value":"//input[@id='application-warehousemovements-display-component---warehouseMovements--smartFilterBar-filterItemControl_BASIC-YARD-inner']"}
COMMAND: POST /session/e5a8226ea9fde889391201a3e7d107f2/elements - {"using":"xpath","value":"//input[@id='application-warehousemovements-display-component---warehouseMovements--smartFilterBar-filterItemControl_BASIC-YARD-inner']"}
RESULT: {"using":"xpath","value":"//input[@id='application-warehousemovements-display-component---warehouseMovements--smartFilterBar-filterItemControl_BASIC-YARD-inner']"}
COMMAND: POST /session/e5a8226ea9fde889391201a3e7d107f2/element - {"using":"xpath","value":"//input[@id='application-warehousemovements-display-component---warehouseMovements--smartFilterBar-filterItemControl_BASIC-YARD-inner']"}
RESULT: {"using":"xpath","value":"//input[@id='application-warehousemovements-display-component---warehouseMovements--smartFilterBar-filterItemControl_BASIC-YARD-inner']"}
COMMAND: POST /session/e5a8226ea9fde889391201a3e7d107f2/execute/sync - {"script":"<script> [8489 bytes]","args":[{"element-6066-11e4-a52e-4f735466cecf":"f.423FC243C8326C45B9AC14107F5D9156.d.EBC7185CEDF9398E343F6091684DCD31.e.13375","ELEMENT":"f.423FC243C8326C45B9AC14107F5D9156.d.EBC7185CEDF9398E343F6091684DCD31.e.13375"}]}
RESULT: {"script":"<script> [8489 bytes]","args":[{"element-6066-11e4-a52e-4f735466cecf":"f.423FC243C8326C45B9AC14107F5D9156.d.EBC7185CEDF9398E343F6091684DCD31.e.13375","ELEMENT":"f.423FC243C8326C45B9AC14107F5D9156.d.EBC7185CEDF9398E343F6091684DCD31.e.13375"}]}
COMMAND: GET /session/e5a8226ea9fde889391201a3e7d107f2/element/f.423FC243C8326C45B9AC14107F5D9156.d.EBC7185CEDF9398E343F6091684DCD31.e.13375/enabled - {}
COMMAND: GET /session/e5a8226ea9fde889391201a3e7d107f2/screenshot - {}
RESULT: {}
COMMAND: POST /session/e5a8226ea9fde889391201a3e7d107f2/execute/sync - {"script":"<script> [8489 bytes]","args":[{"element-6066-11e4-a52e-4f735466cecf":"f.423FC243C8326C45B9AC14107F5D9156.d.EBC7185CEDF9398E343F6091684DCD31.e.13375","ELEMENT":"f.423FC243C8326C45B9AC14107F5D9156.d.EBC7185CEDF9398E343F6091684DCD31.e.13375"}]}
COMMAND: GET /session/e5a8226ea9fde889391201a3e7d107f2/screenshot - {}
RESULT: {}
RESULT: {"script":"<script> [8489 bytes]","args":[{"element-6066-11e4-a52e-4f735466cecf":"f.423FC243C8326C45B9AC14107F5D9156.d.EBC7185CEDF9398E343F6091684DCD31.e.13375","ELEMENT":"f.423FC243C8326C45B9AC14107F5D9156.d.EBC7185CEDF9398E343F6091684DCD31.e.13375"}]}
COMMAND: POST /session/e5a8226ea9fde889391201a3e7d107f2/execute/sync - {"script":"<script> [5351 bytes]","args":[{"element-6066-11e4-a52e-4f735466cecf":"f.423FC243C8326C45B9AC14107F5D9156.d.EBC7185CEDF9398E343F6091684DCD31.e.13375","ELEMENT":"f.423FC243C8326C45B9AC14107F5D9156.d.EBC7185CEDF9398E343F6091684DCD31.e.13375"}]}
COMMAND: GET /session/e5a8226ea9fde889391201a3e7d107f2/screenshot - {}
RESULT: {}
RESULT: {"script":"<script> [5351 bytes]","args":[{"element-6066-11e4-a52e-4f735466cecf":"f.423FC243C8326C45B9AC14107F5D9156.d.EBC7185CEDF9398E343F6091684DCD31.e.13375","ELEMENT":"f.423FC243C8326C45B9AC14107F5D9156.d.EBC7185CEDF9398E343F6091684DCD31.e.13375"}]}
COMMAND: GET /session/e5a8226ea9fde889391201a3e7d107f2/screenshot - {}
RESULT: {}
RESULT: {}
COMMAND: POST /session/e5a8226ea9fde889391201a3e7d107f2/element/f.423FC243C8326C45B9AC14107F5D9156.d.EBC7185CEDF9398E343F6091684DCD31.e.13375/clear - {}
RESULT: {}
COMMAND: POST /session/e5a8226ea9fde889391201a3e7d107f2/element/f.423FC243C8326C45B9AC14107F5D9156.d.EBC7185CEDF9398E343F6091684DCD31.e.13375/value - {"text":"185"}
COMMAND: GET /session/e5a8226ea9fde889391201a3e7d107f2/screenshot - {}
RESULT: {"text":"185"}
COMMAND: POST /session/e5a8226ea9fde889391201a3e7d107f2/actions - {"actions":[{"id":"action52","type":"key","parameters":{},"actions":[{"type":"keyDown","value":"î€‡"},{"type":"pause","duration":10},{"type":"keyUp","value":"î€‡"}]}]}
COMMAND: GET /session/e5a8226ea9fde889391201a3e7d107f2/screenshot - {}
RESULT: {}
RESULT: {"actions":[{"id":"action52","type":"key","parameters":{},"actions":[{"type":"keyDown","value":"î€‡"},{"type":"pause","duration":10},{"type":"keyUp","value":"î€‡"}]}]}
COMMAND: GET /session/e5a8226ea9fde889391201a3e7d107f2/screenshot - {}
RESULT: {}
RESULT: {}
COMMAND: POST /session/e5a8226ea9fde889391201a3e7d107f2/element - {"using":"xpath","value":"//button[contains(@data-kt, \"MasterMovementAddOverflowToolbarButton\")]"}
RESULT: {"using":"xpath","value":"//button[contains(@data-kt, \"MasterMovementAddOverflowToolbarButton\")]"}
COMMAND: POST /session/e5a8226ea9fde889391201a3e7d107f2/element/f.423FC243C8326C45B9AC14107F5D9156.d.EBC7185CEDF9398E343F6091684DCD31.e.13412/click - {}
RESULT: {}
COMMAND: GET /session/e5a8226ea9fde889391201a3e7d107f2/screenshot - {}
RESULT: {}
COMMAND: POST /session/e5a8226ea9fde889391201a3e7d107f2/element - {"using":"xpath","value":"//*[@id=\"application-warehousemovements-display-component---addMovement--sectionsList-arrow\"]"}
RESULT: {"using":"xpath","value":"//*[@id=\"application-warehousemovements-display-component---addMovement--sectionsList-arrow\"]"}
COMMAND: POST /session/e5a8226ea9fde889391201a3e7d107f2/element/f.423FC243C8326C45B9AC14107F5D9156.d.EBC7185CEDF9398E343F6091684DCD31.e.13523/click - {}
RESULT: {}
COMMAND: POST /session/e5a8226ea9fde889391201a3e7d107f2/actions - {"actions":[{"id":"action53","type":"key","parameters":{},"actions":[{"type":"keyDown","value":"î€•"},{"type":"pause","duration":10},{"type":"keyUp","value":"î€•"}]}]}
COMMAND: GET /session/e5a8226ea9fde889391201a3e7d107f2/screenshot - {}
RESULT: {"actions":[{"id":"action53","type":"key","parameters":{},"actions":[{"type":"keyDown","value":"î€•"},{"type":"pause","duration":10},{"type":"keyUp","value":"î€•"}]}]}
COMMAND: GET /session/e5a8226ea9fde889391201a3e7d107f2/screenshot - {}
RESULT: {}
RESULT: {}
COMMAND: POST /session/e5a8226ea9fde889391201a3e7d107f2/actions - {"actions":[{"id":"action54","type":"key","parameters":{},"actions":[{"type":"keyDown","value":"î€‡"},{"type":"pause","duration":10},{"type":"keyUp","value":"î€‡"}]}]}
RESULT: {"actions":[{"id":"action54","type":"key","parameters":{},"actions":[{"type":"keyDown","value":"î€‡"},{"type":"pause","duration":10},{"type":"keyUp","value":"î€‡"}]}]}
COMMAND: GET /session/e5a8226ea9fde889391201a3e7d107f2/screenshot - {}
RESULT: {}
COMMAND: POST /session/e5a8226ea9fde889391201a3e7d107f2/element - {"using":"xpath","value":"//*[@id=\"application-warehousemovements-display-component---addMovement--saveMovementBtn-BDI-content\" and text()=\"Save\"]"}
RESULT: {"using":"xpath","value":"//*[@id=\"application-warehousemovements-display-component---addMovement--saveMovementBtn-BDI-content\" and text()=\"Save\"]"}
COMMAND: POST /session/e5a8226ea9fde889391201a3e7d107f2/element/f.423FC243C8326C45B9AC14107F5D9156.d.EBC7185CEDF9398E343F6091684DCD31.e.13524/click - {}
RESULT: {}
COMMAND: GET /session/e5a8226ea9fde889391201a3e7d107f2/screenshot - {}
RESULT: {}
COMMAND: POST /session/e5a8226ea9fde889391201a3e7d107f2/element - {"using":"css selector","value":"#shell-header-logo"}
RESULT: {"using":"css selector","value":"#shell-header-logo"}
COMMAND: POST /session/e5a8226ea9fde889391201a3e7d107f2/element/f.423FC243C8326C45B9AC14107F5D9156.d.EBC7185CEDF9398E343F6091684DCD31.e.13355/click - {}
RESULT: {}
COMMAND: GET /session/e5a8226ea9fde889391201a3e7d107f2/screenshot - {}
RESULT: {}
]]></system-out>
    </testcase>
  </testsuite>
  <testsuite timestamp="2025-06-12T17:30:18" time="709.267" tests="7" failures="3" errors="3" skipped="0">
    <properties>
      <property name="specId" value="0" />
      <property name="suiteName" value="Transfer Yard to Yard US131076" />
      <property name="capabilities" value="chrome.137_0_7151_69.windows" />
      <property name="file" value="file:///D:/a/1/s/test/specs/HTR/transfer-yard-to-yard.spec.js" />
    </properties>
    <testcase classname="chrome.137_0_7151_69.windows.Transfer_Yard_to_Yard_US131076" name="Should create a new yard" time="0.019">
      <system-out><![CDATA[
COMMAND: POST /session/e5a8226ea9fde889391201a3e7d107f2/window/fullscreen - {}
RESULT: {}
]]></system-out>
    </testcase>
    <testcase classname="chrome.137_0_7151_69.windows.Transfer_Yard_to_Yard_US131076" name="Should create a new 2nd yard" time="140.925">
      <system-out><![CDATA[
COMMAND: POST /session/e5a8226ea9fde889391201a3e7d107f2/window/fullscreen - {}
RESULT: {}
COMMAND: POST /session/e5a8226ea9fde889391201a3e7d107f2/execute/async - {"script":"<script> [1562 bytes]","args":[{"selector":{"controlType":"sap.m.GenericTile","properties":{"header":"Manage Yards"}},"wdio_ui5_key":"sapm.GenericTile{\"header\":\"Manage Yards\"}"}]}
RESULT: {"script":"<script> [1562 bytes]","args":[{"selector":{"controlType":"sap.m.GenericTile","properties":{"header":"Manage Yards"}},"wdio_ui5_key":"sapm.GenericTile{\"header\":\"Manage Yards\"}"}]}
RESULT: undefined
COMMAND: POST /session/e5a8226ea9fde889391201a3e7d107f2/element - {"using":"xpath","value":"//*[@id=\"__tile34\"]"}
RESULT: {"using":"xpath","value":"//*[@id=\"__tile34\"]"}
COMMAND: POST /session/e5a8226ea9fde889391201a3e7d107f2/element/f.423FC243C8326C45B9AC14107F5D9156.d.A3A5366F6CA69995DDE3B974F48EA8F3.e.14317/click - {}
RESULT: {}
COMMAND: GET /session/e5a8226ea9fde889391201a3e7d107f2/screenshot - {}
COMMAND: POST /session/e5a8226ea9fde889391201a3e7d107f2/elements - {"using":"xpath","value":"//span[text()='Error']"}
RESULT: {}
RESULT: {"using":"xpath","value":"//span[text()='Error']"}
COMMAND: POST /session/e5a8226ea9fde889391201a3e7d107f2/element - {"using":"xpath","value":"//button[@data-kt=\"addNewYardOverflowToolbarButton\"]"}
RESULT: {"using":"xpath","value":"//button[@data-kt=\"addNewYardOverflowToolbarButton\"]"}
COMMAND: POST /session/e5a8226ea9fde889391201a3e7d107f2/elements - {"using":"xpath","value":"//button[@data-kt=\"addNewYardOverflowToolbarButton\"]"}
RESULT: {"using":"xpath","value":"//button[@data-kt=\"addNewYardOverflowToolbarButton\"]"}
COMMAND: POST /session/e5a8226ea9fde889391201a3e7d107f2/execute/sync - {"script":"<script> [8489 bytes]","args":[{"element-6066-11e4-a52e-4f735466cecf":"f.423FC243C8326C45B9AC14107F5D9156.d.A3A5366F6CA69995DDE3B974F48EA8F3.e.14457","ELEMENT":"f.423FC243C8326C45B9AC14107F5D9156.d.A3A5366F6CA69995DDE3B974F48EA8F3.e.14457"}]}
RESULT: {"script":"<script> [8489 bytes]","args":[{"element-6066-11e4-a52e-4f735466cecf":"f.423FC243C8326C45B9AC14107F5D9156.d.A3A5366F6CA69995DDE3B974F48EA8F3.e.14457","ELEMENT":"f.423FC243C8326C45B9AC14107F5D9156.d.A3A5366F6CA69995DDE3B974F48EA8F3.e.14457"}]}
COMMAND: GET /session/e5a8226ea9fde889391201a3e7d107f2/element/f.423FC243C8326C45B9AC14107F5D9156.d.A3A5366F6CA69995DDE3B974F48EA8F3.e.14457/enabled - {}
COMMAND: GET /session/e5a8226ea9fde889391201a3e7d107f2/screenshot - {}
RESULT: {}
COMMAND: POST /session/e5a8226ea9fde889391201a3e7d107f2/execute/sync - {"script":"<script> [8489 bytes]","args":[{"element-6066-11e4-a52e-4f735466cecf":"f.423FC243C8326C45B9AC14107F5D9156.d.A3A5366F6CA69995DDE3B974F48EA8F3.e.14457","ELEMENT":"f.423FC243C8326C45B9AC14107F5D9156.d.A3A5366F6CA69995DDE3B974F48EA8F3.e.14457"}]}
COMMAND: GET /session/e5a8226ea9fde889391201a3e7d107f2/screenshot - {}
RESULT: {}
RESULT: {"script":"<script> [8489 bytes]","args":[{"element-6066-11e4-a52e-4f735466cecf":"f.423FC243C8326C45B9AC14107F5D9156.d.A3A5366F6CA69995DDE3B974F48EA8F3.e.14457","ELEMENT":"f.423FC243C8326C45B9AC14107F5D9156.d.A3A5366F6CA69995DDE3B974F48EA8F3.e.14457"}]}
COMMAND: POST /session/e5a8226ea9fde889391201a3e7d107f2/execute/sync - {"script":"<script> [5351 bytes]","args":[{"element-6066-11e4-a52e-4f735466cecf":"f.423FC243C8326C45B9AC14107F5D9156.d.A3A5366F6CA69995DDE3B974F48EA8F3.e.14457","ELEMENT":"f.423FC243C8326C45B9AC14107F5D9156.d.A3A5366F6CA69995DDE3B974F48EA8F3.e.14457"}]}
COMMAND: GET /session/e5a8226ea9fde889391201a3e7d107f2/screenshot - {}
RESULT: {}
RESULT: {"script":"<script> [5351 bytes]","args":[{"element-6066-11e4-a52e-4f735466cecf":"f.423FC243C8326C45B9AC14107F5D9156.d.A3A5366F6CA69995DDE3B974F48EA8F3.e.14457","ELEMENT":"f.423FC243C8326C45B9AC14107F5D9156.d.A3A5366F6CA69995DDE3B974F48EA8F3.e.14457"}]}
COMMAND: POST /session/e5a8226ea9fde889391201a3e7d107f2/element/f.423FC243C8326C45B9AC14107F5D9156.d.A3A5366F6CA69995DDE3B974F48EA8F3.e.14457/click - {}
COMMAND: GET /session/e5a8226ea9fde889391201a3e7d107f2/screenshot - {}
RESULT: {}
RESULT: {}
COMMAND: GET /session/e5a8226ea9fde889391201a3e7d107f2/screenshot - {}
RESULT: {}
RESULT: {}
COMMAND: POST /session/e5a8226ea9fde889391201a3e7d107f2/element - {"using":"xpath","value":"//input[@id=\"application-manageyards-display-component---NewYard--yardId-inner\"]"}
RESULT: {"using":"xpath","value":"//input[@id=\"application-manageyards-display-component---NewYard--yardId-inner\"]"}
COMMAND: POST /session/e5a8226ea9fde889391201a3e7d107f2/element - {"using":"xpath","value":"//input[@id=\"application-manageyards-display-component---NewYard--yardId-inner\"]"}
RESULT: {"using":"xpath","value":"//input[@id=\"application-manageyards-display-component---NewYard--yardId-inner\"]"}
COMMAND: POST /session/e5a8226ea9fde889391201a3e7d107f2/execute/async - {"script":"<script> [1562 bytes]","args":[{"selector":{"id":"application-manageyards-display-component---NewYard--addressDetailDetailsName1","interaction":{"idSuffix":"inner"}},"wdio_ui5_key":"applicationmanageyards-display-component---NewYard--addressDetailDetailsName1"}]}
RESULT: {"script":"<script> [1562 bytes]","args":[{"selector":{"id":"application-manageyards-display-component---NewYard--addressDetailDetailsName1","interaction":{"idSuffix":"inner"}},"wdio_ui5_key":"applicationmanageyards-display-component---NewYard--addressDetailDetailsName1"}]}
RESULT: undefined
COMMAND: POST /session/e5a8226ea9fde889391201a3e7d107f2/execute/async - {"script":"<script> [776 bytes]","args":[{"enterText":"Intracompany Yard wdIO","selector":{"id":"application-manageyards-display-component---NewYard--addressDetailDetailsName1","interaction":{"idSuffix":"inner"}},"clearTextFirst":true,"interactionType":"ENTER_TEXT"}]}
RESULT: {"script":"<script> [776 bytes]","args":[{"enterText":"Intracompany Yard wdIO","selector":{"id":"application-manageyards-display-component---NewYard--addressDetailDetailsName1","interaction":{"idSuffix":"inner"}},"clearTextFirst":true,"interactionType":"ENTER_TEXT"}]}
COMMAND: POST /session/e5a8226ea9fde889391201a3e7d107f2/execute/async - {"script":"<script> [1562 bytes]","args":[{"selector":{"id":"application-manageyards-display-component---NewYard--addressDetailDetailsLanguage-arrow"},"wdio_ui5_key":"applicationmanageyards-display-component---NewYard--addressDetailDetailsLanguage-arrow"}]}
RESULT: {"script":"<script> [1562 bytes]","args":[{"selector":{"id":"application-manageyards-display-component---NewYard--addressDetailDetailsLanguage-arrow"},"wdio_ui5_key":"applicationmanageyards-display-component---NewYard--addressDetailDetailsLanguage-arrow"}]}
RESULT: undefined
COMMAND: POST /session/e5a8226ea9fde889391201a3e7d107f2/element - {"using":"xpath","value":"//*[@id=\"application-manageyards-display-component---NewYard--addressDetailDetailsLanguage-arrow\"]"}
RESULT: {"using":"xpath","value":"//*[@id=\"application-manageyards-display-component---NewYard--addressDetailDetailsLanguage-arrow\"]"}
COMMAND: POST /session/e5a8226ea9fde889391201a3e7d107f2/element/f.423FC243C8326C45B9AC14107F5D9156.d.A3A5366F6CA69995DDE3B974F48EA8F3.e.14866/click - {}
RESULT: {}
COMMAND: POST /session/e5a8226ea9fde889391201a3e7d107f2/element - {"using":"xpath","value":"//span[contains(text(), \"English\")]"}
COMMAND: GET /session/e5a8226ea9fde889391201a3e7d107f2/screenshot - {}
RESULT: {"using":"xpath","value":"//span[contains(text(), \"English\")]"}
COMMAND: POST /session/e5a8226ea9fde889391201a3e7d107f2/element/f.423FC243C8326C45B9AC14107F5D9156.d.A3A5366F6CA69995DDE3B974F48EA8F3.e.14867/click - {}
RESULT: {}
RESULT: {}
COMMAND: POST /session/e5a8226ea9fde889391201a3e7d107f2/execute/async - {"script":"<script> [1562 bytes]","args":[{"selector":{"id":"application-manageyards-display-component---NewYard--addressDetailDetailsCity1","interaction":{"idSuffix":"inner"}},"wdio_ui5_key":"applicationmanageyards-display-component---NewYard--addressDetailDetailsCity1"}]}
COMMAND: GET /session/e5a8226ea9fde889391201a3e7d107f2/screenshot - {}
RESULT: {"script":"<script> [1562 bytes]","args":[{"selector":{"id":"application-manageyards-display-component---NewYard--addressDetailDetailsCity1","interaction":{"idSuffix":"inner"}},"wdio_ui5_key":"applicationmanageyards-display-component---NewYard--addressDetailDetailsCity1"}]}
RESULT: undefined
COMMAND: POST /session/e5a8226ea9fde889391201a3e7d107f2/execute/async - {"script":"<script> [776 bytes]","args":[{"enterText":"Rosario","selector":{"id":"application-manageyards-display-component---NewYard--addressDetailDetailsCity1","interaction":{"idSuffix":"inner"}},"clearTextFirst":true,"interactionType":"ENTER_TEXT"}]}
RESULT: {}
RESULT: {"script":"<script> [776 bytes]","args":[{"enterText":"Rosario","selector":{"id":"application-manageyards-display-component---NewYard--addressDetailDetailsCity1","interaction":{"idSuffix":"inner"}},"clearTextFirst":true,"interactionType":"ENTER_TEXT"}]}
COMMAND: POST /session/e5a8226ea9fde889391201a3e7d107f2/execute/async - {"script":"<script> [1562 bytes]","args":[{"selector":{"id":"application-manageyards-display-component---NewYard--addressDetailDetailsCountry-arrow"},"wdio_ui5_key":"applicationmanageyards-display-component---NewYard--addressDetailDetailsCountry-arrow"}]}
RESULT: {"script":"<script> [1562 bytes]","args":[{"selector":{"id":"application-manageyards-display-component---NewYard--addressDetailDetailsCountry-arrow"},"wdio_ui5_key":"applicationmanageyards-display-component---NewYard--addressDetailDetailsCountry-arrow"}]}
RESULT: undefined
COMMAND: POST /session/e5a8226ea9fde889391201a3e7d107f2/element - {"using":"xpath","value":"//*[@id=\"application-manageyards-display-component---NewYard--addressDetailDetailsCountry-arrow\"]"}
RESULT: {"using":"xpath","value":"//*[@id=\"application-manageyards-display-component---NewYard--addressDetailDetailsCountry-arrow\"]"}
COMMAND: POST /session/e5a8226ea9fde889391201a3e7d107f2/element/f.423FC243C8326C45B9AC14107F5D9156.d.A3A5366F6CA69995DDE3B974F48EA8F3.e.14869/click - {}
RESULT: {}
COMMAND: POST /session/e5a8226ea9fde889391201a3e7d107f2/element - {"using":"xpath","value":"//span[contains(text(), \"Argentina\")]"}
COMMAND: GET /session/e5a8226ea9fde889391201a3e7d107f2/screenshot - {}
RESULT: {"using":"xpath","value":"//span[contains(text(), \"Argentina\")]"}
COMMAND: POST /session/e5a8226ea9fde889391201a3e7d107f2/element/f.423FC243C8326C45B9AC14107F5D9156.d.A3A5366F6CA69995DDE3B974F48EA8F3.e.14871/click - {}
RESULT: {}
RESULT: {}
COMMAND: POST /session/e5a8226ea9fde889391201a3e7d107f2/execute/async - {"script":"<script> [1562 bytes]","args":[{"selector":{"id":"application-manageyards-display-component---NewYard--addressEditDetailsCostObjectCstType-arrow"},"wdio_ui5_key":"applicationmanageyards-display-component---NewYard--addressEditDetailsCostObjectCstType-arrow"}]}
COMMAND: GET /session/e5a8226ea9fde889391201a3e7d107f2/screenshot - {}
RESULT: {"script":"<script> [1562 bytes]","args":[{"selector":{"id":"application-manageyards-display-component---NewYard--addressEditDetailsCostObjectCstType-arrow"},"wdio_ui5_key":"applicationmanageyards-display-component---NewYard--addressEditDetailsCostObjectCstType-arrow"}]}
RESULT: undefined
COMMAND: POST /session/e5a8226ea9fde889391201a3e7d107f2/element - {"using":"xpath","value":"//*[@id=\"application-manageyards-display-component---NewYard--addressEditDetailsCostObjectCstType-arrow\"]"}
RESULT: {}
RESULT: {"using":"xpath","value":"//*[@id=\"application-manageyards-display-component---NewYard--addressEditDetailsCostObjectCstType-arrow\"]"}
COMMAND: POST /session/e5a8226ea9fde889391201a3e7d107f2/element/f.423FC243C8326C45B9AC14107F5D9156.d.A3A5366F6CA69995DDE3B974F48EA8F3.e.14872/click - {}
RESULT: {}
COMMAND: POST /session/e5a8226ea9fde889391201a3e7d107f2/element - {"using":"xpath","value":"//span[contains(text(), \"Cost Center\")]"}
COMMAND: GET /session/e5a8226ea9fde889391201a3e7d107f2/screenshot - {}
RESULT: {"using":"xpath","value":"//span[contains(text(), \"Cost Center\")]"}
COMMAND: POST /session/e5a8226ea9fde889391201a3e7d107f2/element/f.423FC243C8326C45B9AC14107F5D9156.d.A3A5366F6CA69995DDE3B974F48EA8F3.e.14873/click - {}
RESULT: {}
RESULT: {}
COMMAND: GET /session/e5a8226ea9fde889391201a3e7d107f2/screenshot - {}
RESULT: {}
COMMAND: POST /session/e5a8226ea9fde889391201a3e7d107f2/element - {"using":"xpath","value":"//span[@id=\"application-manageyards-display-component---NewYard--addressNewCostObjectCstID-vhi\"]"}
RESULT: {"using":"xpath","value":"//span[@id=\"application-manageyards-display-component---NewYard--addressNewCostObjectCstID-vhi\"]"}
COMMAND: POST /session/e5a8226ea9fde889391201a3e7d107f2/execute/sync - {"script":"<script> [8489 bytes]","args":[{"element-6066-11e4-a52e-4f735466cecf":"f.423FC243C8326C45B9AC14107F5D9156.d.A3A5366F6CA69995DDE3B974F48EA8F3.e.14877","ELEMENT":"f.423FC243C8326C45B9AC14107F5D9156.d.A3A5366F6CA69995DDE3B974F48EA8F3.e.14877"}]}
RESULT: {"script":"<script> [8489 bytes]","args":[{"element-6066-11e4-a52e-4f735466cecf":"f.423FC243C8326C45B9AC14107F5D9156.d.A3A5366F6CA69995DDE3B974F48EA8F3.e.14877","ELEMENT":"f.423FC243C8326C45B9AC14107F5D9156.d.A3A5366F6CA69995DDE3B974F48EA8F3.e.14877"}]}
COMMAND: POST /session/e5a8226ea9fde889391201a3e7d107f2/execute/async - {"script":"<script> [1562 bytes]","args":[{"selector":{"id":"application-manageyards-display-component---NewYard--addressNewCostObjectCstID-vhi"},"wdio_ui5_key":"applicationmanageyards-display-component---NewYard--addressNewCostObjectCstID-vhi"}]}
COMMAND: GET /session/e5a8226ea9fde889391201a3e7d107f2/screenshot - {}
RESULT: {"script":"<script> [1562 bytes]","args":[{"selector":{"id":"application-manageyards-display-component---NewYard--addressNewCostObjectCstID-vhi"},"wdio_ui5_key":"applicationmanageyards-display-component---NewYard--addressNewCostObjectCstID-vhi"}]}
RESULT: undefined
COMMAND: POST /session/e5a8226ea9fde889391201a3e7d107f2/element - {"using":"xpath","value":"//*[@id=\"application-manageyards-display-component---NewYard--addressNewCostObjectCstID-vhi\"]"}
RESULT: {}
RESULT: {"using":"xpath","value":"//*[@id=\"application-manageyards-display-component---NewYard--addressNewCostObjectCstID-vhi\"]"}
COMMAND: POST /session/e5a8226ea9fde889391201a3e7d107f2/element/f.423FC243C8326C45B9AC14107F5D9156.d.A3A5366F6CA69995DDE3B974F48EA8F3.e.14877/click - {}
RESULT: {}
COMMAND: GET /session/e5a8226ea9fde889391201a3e7d107f2/screenshot - {}
RESULT: {}
COMMAND: POST /session/e5a8226ea9fde889391201a3e7d107f2/execute/async - {"script":"<script> [1562 bytes]","args":[{"selector":{"controlType":"sap.m.SearchField","properties":{"placeholder":"Search"},"searchOpenDialogs":true,"interaction":{"idSuffix":"I"}},"wdio_ui5_key":"sapm.SearchField{\"placeholder\":\"Search\"}"}]}
RESULT: {"script":"<script> [1562 bytes]","args":[{"selector":{"controlType":"sap.m.SearchField","properties":{"placeholder":"Search"},"searchOpenDialogs":true,"interaction":{"idSuffix":"I"}},"wdio_ui5_key":"sapm.SearchField{\"placeholder\":\"Search\"}"}]}
RESULT: undefined
COMMAND: POST /session/e5a8226ea9fde889391201a3e7d107f2/execute/async - {"script":"<script> [776 bytes]","args":[{"enterText":"bauh_b","selector":{"controlType":"sap.m.SearchField","properties":{"placeholder":"Search"},"searchOpenDialogs":true,"interaction":{"idSuffix":"I"}},"clearTextFirst":true,"interactionType":"ENTER_TEXT"}]}
RESULT: {"script":"<script> [776 bytes]","args":[{"enterText":"bauh_b","selector":{"controlType":"sap.m.SearchField","properties":{"placeholder":"Search"},"searchOpenDialogs":true,"interaction":{"idSuffix":"I"}},"clearTextFirst":true,"interactionType":"ENTER_TEXT"}]}
COMMAND: POST /session/e5a8226ea9fde889391201a3e7d107f2/actions - {"actions":[{"id":"action57","type":"key","parameters":{},"actions":[{"type":"keyDown","value":"î€‡"},{"type":"pause","duration":10},{"type":"keyUp","value":"î€‡"}]}]}
RESULT: {"actions":[{"id":"action57","type":"key","parameters":{},"actions":[{"type":"keyDown","value":"î€‡"},{"type":"pause","duration":10},{"type":"keyUp","value":"î€‡"}]}]}
COMMAND: GET /session/e5a8226ea9fde889391201a3e7d107f2/screenshot - {}
RESULT: {}
COMMAND: POST /session/e5a8226ea9fde889391201a3e7d107f2/element - {"using":"xpath","value":"//span[contains(text(), \"Demo Yard\")]"}
RESULT: {"using":"xpath","value":"//span[contains(text(), \"Demo Yard\")]"}
COMMAND: POST /session/e5a8226ea9fde889391201a3e7d107f2/element/f.423FC243C8326C45B9AC14107F5D9156.d.A3A5366F6CA69995DDE3B974F48EA8F3.e.14918/click - {}
RESULT: {}
COMMAND: GET /session/e5a8226ea9fde889391201a3e7d107f2/screenshot - {}
RESULT: {}
COMMAND: POST /session/e5a8226ea9fde889391201a3e7d107f2/element - {"using":"xpath","value":"//bdi[contains(text(), \"OK\")]"}
RESULT: {"using":"xpath","value":"//bdi[contains(text(), \"OK\")]"}
COMMAND: POST /session/e5a8226ea9fde889391201a3e7d107f2/element/f.423FC243C8326C45B9AC14107F5D9156.d.A3A5366F6CA69995DDE3B974F48EA8F3.e.14919/click - {}
RESULT: {}
COMMAND: GET /session/e5a8226ea9fde889391201a3e7d107f2/screenshot - {}
RESULT: {}
COMMAND: POST /session/e5a8226ea9fde889391201a3e7d107f2/execute/async - {"script":"<script> [1562 bytes]","args":[{"selector":{"id":"application-manageyards-display-component---NewYard--addressEditDetailsCurrency-arrow"},"wdio_ui5_key":"applicationmanageyards-display-component---NewYard--addressEditDetailsCurrency-arrow"}]}
RESULT: {"script":"<script> [1562 bytes]","args":[{"selector":{"id":"application-manageyards-display-component---NewYard--addressEditDetailsCurrency-arrow"},"wdio_ui5_key":"applicationmanageyards-display-component---NewYard--addressEditDetailsCurrency-arrow"}]}
RESULT: undefined
COMMAND: POST /session/e5a8226ea9fde889391201a3e7d107f2/element - {"using":"xpath","value":"//*[@id=\"application-manageyards-display-component---NewYard--addressEditDetailsCurrency-arrow\"]"}
RESULT: {"using":"xpath","value":"//*[@id=\"application-manageyards-display-component---NewYard--addressEditDetailsCurrency-arrow\"]"}
COMMAND: POST /session/e5a8226ea9fde889391201a3e7d107f2/element/f.423FC243C8326C45B9AC14107F5D9156.d.A3A5366F6CA69995DDE3B974F48EA8F3.e.14922/click - {}
RESULT: {}
COMMAND: POST /session/e5a8226ea9fde889391201a3e7d107f2/element - {"using":"xpath","value":"//span[contains(text(), \"Euro\")]"}
COMMAND: GET /session/e5a8226ea9fde889391201a3e7d107f2/screenshot - {}
RESULT: {"using":"xpath","value":"//span[contains(text(), \"Euro\")]"}
COMMAND: POST /session/e5a8226ea9fde889391201a3e7d107f2/element/f.423FC243C8326C45B9AC14107F5D9156.d.A3A5366F6CA69995DDE3B974F48EA8F3.e.14923/click - {}
RESULT: {}
RESULT: {}
COMMAND: POST /session/e5a8226ea9fde889391201a3e7d107f2/execute/async - {"script":"<script> [1562 bytes]","args":[{"selector":{"controlType":"sap.m.Input","viewName":"etm.portal.ui.manageyards.view.New","viewId":"application-manageyards-display-component---NewYard","bindingPath":{"path":"","propertyPath":"/CONTROLLING_AREA","modelName":"NewYardModel"},"interaction":{"idSuffix":"inner"}},"wdio_ui5_key":"etmportal.ui.manageyards.view.Newsap.m.Input{\"path\":\"\",\"propertyPath\":\"/CONTROLLING_AREA\",\"modelName\":\"NewYardModel\"}"}]}
COMMAND: GET /session/e5a8226ea9fde889391201a3e7d107f2/screenshot - {}
RESULT: {"script":"<script> [1562 bytes]","args":[{"selector":{"controlType":"sap.m.Input","viewName":"etm.portal.ui.manageyards.view.New","viewId":"application-manageyards-display-component---NewYard","bindingPath":{"path":"","propertyPath":"/CONTROLLING_AREA","modelName":"NewYardModel"},"interaction":{"idSuffix":"inner"}},"wdio_ui5_key":"etmportal.ui.manageyards.view.Newsap.m.Input{\"path\":\"\",\"propertyPath\":\"/CONTROLLING_AREA\",\"modelName\":\"NewYardModel\"}"}]}
RESULT: undefined
COMMAND: POST /session/e5a8226ea9fde889391201a3e7d107f2/execute/async - {"script":"<script> [776 bytes]","args":[{"enterText":"Z001","selector":{"controlType":"sap.m.Input","viewName":"etm.portal.ui.manageyards.view.New","viewId":"application-manageyards-display-component---NewYard","bindingPath":{"path":"","propertyPath":"/CONTROLLING_AREA","modelName":"NewYardModel"},"interaction":{"idSuffix":"inner"}},"clearTextFirst":true,"interactionType":"ENTER_TEXT"}]}
RESULT: {}
RESULT: {"script":"<script> [776 bytes]","args":[{"enterText":"Z001","selector":{"controlType":"sap.m.Input","viewName":"etm.portal.ui.manageyards.view.New","viewId":"application-manageyards-display-component---NewYard","bindingPath":{"path":"","propertyPath":"/CONTROLLING_AREA","modelName":"NewYardModel"},"interaction":{"idSuffix":"inner"}},"clearTextFirst":true,"interactionType":"ENTER_TEXT"}]}
COMMAND: POST /session/e5a8226ea9fde889391201a3e7d107f2/execute/async - {"script":"<script> [1562 bytes]","args":[{"selector":{"id":"application-manageyards-display-component---NewYard--companyCodeComboBox","interaction":{"idSuffix":"inner"}},"wdio_ui5_key":"applicationmanageyards-display-component---NewYard--companyCodeComboBox"}]}
RESULT: {"script":"<script> [1562 bytes]","args":[{"selector":{"id":"application-manageyards-display-component---NewYard--companyCodeComboBox","interaction":{"idSuffix":"inner"}},"wdio_ui5_key":"applicationmanageyards-display-component---NewYard--companyCodeComboBox"}]}
RESULT: undefined
COMMAND: POST /session/e5a8226ea9fde889391201a3e7d107f2/execute/async - {"script":"<script> [776 bytes]","args":[{"enterText":"1000","selector":{"id":"application-manageyards-display-component---NewYard--companyCodeComboBox","interaction":{"idSuffix":"inner"}},"clearTextFirst":true,"interactionType":"ENTER_TEXT"}]}
RESULT: {"script":"<script> [776 bytes]","args":[{"enterText":"1000","selector":{"id":"application-manageyards-display-component---NewYard--companyCodeComboBox","interaction":{"idSuffix":"inner"}},"clearTextFirst":true,"interactionType":"ENTER_TEXT"}]}
COMMAND: POST /session/e5a8226ea9fde889391201a3e7d107f2/execute/async - {"script":"<script> [1562 bytes]","args":[{"selector":{"controlType":"sap.m.Input","viewName":"etm.portal.ui.manageyards.view.New","viewId":"application-manageyards-display-component---NewYard","bindingPath":{"path":"","propertyPath":"/PLANT","modelName":"NewYardModel"},"interaction":{"idSuffix":"inner"}},"wdio_ui5_key":"etmportal.ui.manageyards.view.Newsap.m.Input{\"path\":\"\",\"propertyPath\":\"/PLANT\",\"modelName\":\"NewYardModel\"}"}]}
RESULT: {"script":"<script> [1562 bytes]","args":[{"selector":{"controlType":"sap.m.Input","viewName":"etm.portal.ui.manageyards.view.New","viewId":"application-manageyards-display-component---NewYard","bindingPath":{"path":"","propertyPath":"/PLANT","modelName":"NewYardModel"},"interaction":{"idSuffix":"inner"}},"wdio_ui5_key":"etmportal.ui.manageyards.view.Newsap.m.Input{\"path\":\"\",\"propertyPath\":\"/PLANT\",\"modelName\":\"NewYardModel\"}"}]}
RESULT: undefined
COMMAND: POST /session/e5a8226ea9fde889391201a3e7d107f2/execute/async - {"script":"<script> [776 bytes]","args":[{"enterText":"1001","selector":{"controlType":"sap.m.Input","viewName":"etm.portal.ui.manageyards.view.New","viewId":"application-manageyards-display-component---NewYard","bindingPath":{"path":"","propertyPath":"/PLANT","modelName":"NewYardModel"},"interaction":{"idSuffix":"inner"}},"clearTextFirst":true,"interactionType":"ENTER_TEXT"}]}
RESULT: {"script":"<script> [776 bytes]","args":[{"enterText":"1001","selector":{"controlType":"sap.m.Input","viewName":"etm.portal.ui.manageyards.view.New","viewId":"application-manageyards-display-component---NewYard","bindingPath":{"path":"","propertyPath":"/PLANT","modelName":"NewYardModel"},"interaction":{"idSuffix":"inner"}},"clearTextFirst":true,"interactionType":"ENTER_TEXT"}]}
COMMAND: POST /session/e5a8226ea9fde889391201a3e7d107f2/execute/async - {"script":"<script> [1562 bytes]","args":[{"selector":{"controlType":"sap.m.Input","viewName":"etm.portal.ui.manageyards.view.New","viewId":"application-manageyards-display-component---NewYard","bindingPath":{"path":"","propertyPath":"/SALES_AREA_VKORG","modelName":"NewYardModel"},"interaction":{"idSuffix":"inner"}},"wdio_ui5_key":"etmportal.ui.manageyards.view.Newsap.m.Input{\"path\":\"\",\"propertyPath\":\"/SALES_AREA_VKORG\",\"modelName\":\"NewYardModel\"}"}]}
RESULT: {"script":"<script> [1562 bytes]","args":[{"selector":{"controlType":"sap.m.Input","viewName":"etm.portal.ui.manageyards.view.New","viewId":"application-manageyards-display-component---NewYard","bindingPath":{"path":"","propertyPath":"/SALES_AREA_VKORG","modelName":"NewYardModel"},"interaction":{"idSuffix":"inner"}},"wdio_ui5_key":"etmportal.ui.manageyards.view.Newsap.m.Input{\"path\":\"\",\"propertyPath\":\"/SALES_AREA_VKORG\",\"modelName\":\"NewYardModel\"}"}]}
RESULT: undefined
COMMAND: POST /session/e5a8226ea9fde889391201a3e7d107f2/execute/async - {"script":"<script> [776 bytes]","args":[{"enterText":"C002","selector":{"controlType":"sap.m.Input","viewName":"etm.portal.ui.manageyards.view.New","viewId":"application-manageyards-display-component---NewYard","bindingPath":{"path":"","propertyPath":"/SALES_AREA_VKORG","modelName":"NewYardModel"},"interaction":{"idSuffix":"inner"}},"clearTextFirst":true,"interactionType":"ENTER_TEXT"}]}
RESULT: {"script":"<script> [776 bytes]","args":[{"enterText":"C002","selector":{"controlType":"sap.m.Input","viewName":"etm.portal.ui.manageyards.view.New","viewId":"application-manageyards-display-component---NewYard","bindingPath":{"path":"","propertyPath":"/SALES_AREA_VKORG","modelName":"NewYardModel"},"interaction":{"idSuffix":"inner"}},"clearTextFirst":true,"interactionType":"ENTER_TEXT"}]}
COMMAND: POST /session/e5a8226ea9fde889391201a3e7d107f2/execute/async - {"script":"<script> [1562 bytes]","args":[{"selector":{"controlType":"sap.m.Input","viewName":"etm.portal.ui.manageyards.view.New","viewId":"application-manageyards-display-component---NewYard","bindingPath":{"path":"","propertyPath":"/SALES_AREA_VTWEG","modelName":"NewYardModel"},"interaction":{"idSuffix":"inner"}},"wdio_ui5_key":"etmportal.ui.manageyards.view.Newsap.m.Input{\"path\":\"\",\"propertyPath\":\"/SALES_AREA_VTWEG\",\"modelName\":\"NewYardModel\"}"}]}
RESULT: {"script":"<script> [1562 bytes]","args":[{"selector":{"controlType":"sap.m.Input","viewName":"etm.portal.ui.manageyards.view.New","viewId":"application-manageyards-display-component---NewYard","bindingPath":{"path":"","propertyPath":"/SALES_AREA_VTWEG","modelName":"NewYardModel"},"interaction":{"idSuffix":"inner"}},"wdio_ui5_key":"etmportal.ui.manageyards.view.Newsap.m.Input{\"path\":\"\",\"propertyPath\":\"/SALES_AREA_VTWEG\",\"modelName\":\"NewYardModel\"}"}]}
RESULT: undefined
COMMAND: POST /session/e5a8226ea9fde889391201a3e7d107f2/execute/async - {"script":"<script> [776 bytes]","args":[{"enterText":"C2","selector":{"controlType":"sap.m.Input","viewName":"etm.portal.ui.manageyards.view.New","viewId":"application-manageyards-display-component---NewYard","bindingPath":{"path":"","propertyPath":"/SALES_AREA_VTWEG","modelName":"NewYardModel"},"interaction":{"idSuffix":"inner"}},"clearTextFirst":true,"interactionType":"ENTER_TEXT"}]}
RESULT: {"script":"<script> [776 bytes]","args":[{"enterText":"C2","selector":{"controlType":"sap.m.Input","viewName":"etm.portal.ui.manageyards.view.New","viewId":"application-manageyards-display-component---NewYard","bindingPath":{"path":"","propertyPath":"/SALES_AREA_VTWEG","modelName":"NewYardModel"},"interaction":{"idSuffix":"inner"}},"clearTextFirst":true,"interactionType":"ENTER_TEXT"}]}
COMMAND: POST /session/e5a8226ea9fde889391201a3e7d107f2/execute/async - {"script":"<script> [1562 bytes]","args":[{"selector":{"controlType":"sap.m.Input","viewName":"etm.portal.ui.manageyards.view.New","viewId":"application-manageyards-display-component---NewYard","bindingPath":{"path":"","propertyPath":"/SALES_AREA_SPART","modelName":"NewYardModel"},"interaction":{"idSuffix":"inner"}},"wdio_ui5_key":"etmportal.ui.manageyards.view.Newsap.m.Input{\"path\":\"\",\"propertyPath\":\"/SALES_AREA_SPART\",\"modelName\":\"NewYardModel\"}"}]}
RESULT: {"script":"<script> [1562 bytes]","args":[{"selector":{"controlType":"sap.m.Input","viewName":"etm.portal.ui.manageyards.view.New","viewId":"application-manageyards-display-component---NewYard","bindingPath":{"path":"","propertyPath":"/SALES_AREA_SPART","modelName":"NewYardModel"},"interaction":{"idSuffix":"inner"}},"wdio_ui5_key":"etmportal.ui.manageyards.view.Newsap.m.Input{\"path\":\"\",\"propertyPath\":\"/SALES_AREA_SPART\",\"modelName\":\"NewYardModel\"}"}]}
RESULT: undefined
COMMAND: POST /session/e5a8226ea9fde889391201a3e7d107f2/execute/async - {"script":"<script> [776 bytes]","args":[{"enterText":"C2","selector":{"controlType":"sap.m.Input","viewName":"etm.portal.ui.manageyards.view.New","viewId":"application-manageyards-display-component---NewYard","bindingPath":{"path":"","propertyPath":"/SALES_AREA_SPART","modelName":"NewYardModel"},"interaction":{"idSuffix":"inner"}},"clearTextFirst":true,"interactionType":"ENTER_TEXT"}]}
RESULT: {"script":"<script> [776 bytes]","args":[{"enterText":"C2","selector":{"controlType":"sap.m.Input","viewName":"etm.portal.ui.manageyards.view.New","viewId":"application-manageyards-display-component---NewYard","bindingPath":{"path":"","propertyPath":"/SALES_AREA_SPART","modelName":"NewYardModel"},"interaction":{"idSuffix":"inner"}},"clearTextFirst":true,"interactionType":"ENTER_TEXT"}]}
COMMAND: POST /session/e5a8226ea9fde889391201a3e7d107f2/execute/async - {"script":"<script> [1562 bytes]","args":[{"selector":{"controlType":"sap.m.Input","viewName":"etm.portal.ui.manageyards.view.New","viewId":"application-manageyards-display-component---NewYard","bindingPath":{"path":"","propertyPath":"/SHIP_POINT","modelName":"NewYardModel"},"interaction":{"idSuffix":"inner"}},"wdio_ui5_key":"etmportal.ui.manageyards.view.Newsap.m.Input{\"path\":\"\",\"propertyPath\":\"/SHIP_POINT\",\"modelName\":\"NewYardModel\"}"}]}
RESULT: {"script":"<script> [1562 bytes]","args":[{"selector":{"controlType":"sap.m.Input","viewName":"etm.portal.ui.manageyards.view.New","viewId":"application-manageyards-display-component---NewYard","bindingPath":{"path":"","propertyPath":"/SHIP_POINT","modelName":"NewYardModel"},"interaction":{"idSuffix":"inner"}},"wdio_ui5_key":"etmportal.ui.manageyards.view.Newsap.m.Input{\"path\":\"\",\"propertyPath\":\"/SHIP_POINT\",\"modelName\":\"NewYardModel\"}"}]}
RESULT: undefined
COMMAND: POST /session/e5a8226ea9fde889391201a3e7d107f2/execute/async - {"script":"<script> [776 bytes]","args":[{"enterText":"1710","selector":{"controlType":"sap.m.Input","viewName":"etm.portal.ui.manageyards.view.New","viewId":"application-manageyards-display-component---NewYard","bindingPath":{"path":"","propertyPath":"/SHIP_POINT","modelName":"NewYardModel"},"interaction":{"idSuffix":"inner"}},"clearTextFirst":true,"interactionType":"ENTER_TEXT"}]}
RESULT: {"script":"<script> [776 bytes]","args":[{"enterText":"1710","selector":{"controlType":"sap.m.Input","viewName":"etm.portal.ui.manageyards.view.New","viewId":"application-manageyards-display-component---NewYard","bindingPath":{"path":"","propertyPath":"/SHIP_POINT","modelName":"NewYardModel"},"interaction":{"idSuffix":"inner"}},"clearTextFirst":true,"interactionType":"ENTER_TEXT"}]}
COMMAND: POST /session/e5a8226ea9fde889391201a3e7d107f2/execute/async - {"script":"<script> [1562 bytes]","args":[{"selector":{"controlType":"sap.m.Input","viewName":"etm.portal.ui.manageyards.view.New","viewId":"application-manageyards-display-component---NewYard","bindingPath":{"path":"","propertyPath":"/DELIVERY_TYPE","modelName":"NewYardModel"},"interaction":{"idSuffix":"inner"}},"wdio_ui5_key":"etmportal.ui.manageyards.view.Newsap.m.Input{\"path\":\"\",\"propertyPath\":\"/DELIVERY_TYPE\",\"modelName\":\"NewYardModel\"}"}]}
RESULT: {"script":"<script> [1562 bytes]","args":[{"selector":{"controlType":"sap.m.Input","viewName":"etm.portal.ui.manageyards.view.New","viewId":"application-manageyards-display-component---NewYard","bindingPath":{"path":"","propertyPath":"/DELIVERY_TYPE","modelName":"NewYardModel"},"interaction":{"idSuffix":"inner"}},"wdio_ui5_key":"etmportal.ui.manageyards.view.Newsap.m.Input{\"path\":\"\",\"propertyPath\":\"/DELIVERY_TYPE\",\"modelName\":\"NewYardModel\"}"}]}
RESULT: undefined
COMMAND: POST /session/e5a8226ea9fde889391201a3e7d107f2/execute/async - {"script":"<script> [776 bytes]","args":[{"enterText":"ZL01","selector":{"controlType":"sap.m.Input","viewName":"etm.portal.ui.manageyards.view.New","viewId":"application-manageyards-display-component---NewYard","bindingPath":{"path":"","propertyPath":"/DELIVERY_TYPE","modelName":"NewYardModel"},"interaction":{"idSuffix":"inner"}},"clearTextFirst":true,"interactionType":"ENTER_TEXT"}]}
RESULT: {"script":"<script> [776 bytes]","args":[{"enterText":"ZL01","selector":{"controlType":"sap.m.Input","viewName":"etm.portal.ui.manageyards.view.New","viewId":"application-manageyards-display-component---NewYard","bindingPath":{"path":"","propertyPath":"/DELIVERY_TYPE","modelName":"NewYardModel"},"interaction":{"idSuffix":"inner"}},"clearTextFirst":true,"interactionType":"ENTER_TEXT"}]}
COMMAND: POST /session/e5a8226ea9fde889391201a3e7d107f2/execute/async - {"script":"<script> [1562 bytes]","args":[{"selector":{"controlType":"sap.m.Input","viewName":"etm.portal.ui.manageyards.view.New","viewId":"application-manageyards-display-component---NewYard","bindingPath":{"path":"","propertyPath":"/AUART","modelName":"NewYardModel"},"interaction":{"idSuffix":"inner"}},"wdio_ui5_key":"etmportal.ui.manageyards.view.Newsap.m.Input{\"path\":\"\",\"propertyPath\":\"/AUART\",\"modelName\":\"NewYardModel\"}"}]}
RESULT: {"script":"<script> [1562 bytes]","args":[{"selector":{"controlType":"sap.m.Input","viewName":"etm.portal.ui.manageyards.view.New","viewId":"application-manageyards-display-component---NewYard","bindingPath":{"path":"","propertyPath":"/AUART","modelName":"NewYardModel"},"interaction":{"idSuffix":"inner"}},"wdio_ui5_key":"etmportal.ui.manageyards.view.Newsap.m.Input{\"path\":\"\",\"propertyPath\":\"/AUART\",\"modelName\":\"NewYardModel\"}"}]}
RESULT: undefined
COMMAND: POST /session/e5a8226ea9fde889391201a3e7d107f2/execute/async - {"script":"<script> [776 bytes]","args":[{"enterText":"TA","selector":{"controlType":"sap.m.Input","viewName":"etm.portal.ui.manageyards.view.New","viewId":"application-manageyards-display-component---NewYard","bindingPath":{"path":"","propertyPath":"/AUART","modelName":"NewYardModel"},"interaction":{"idSuffix":"inner"}},"clearTextFirst":true,"interactionType":"ENTER_TEXT"}]}
RESULT: {"script":"<script> [776 bytes]","args":[{"enterText":"TA","selector":{"controlType":"sap.m.Input","viewName":"etm.portal.ui.manageyards.view.New","viewId":"application-manageyards-display-component---NewYard","bindingPath":{"path":"","propertyPath":"/AUART","modelName":"NewYardModel"},"interaction":{"idSuffix":"inner"}},"clearTextFirst":true,"interactionType":"ENTER_TEXT"}]}
COMMAND: POST /session/e5a8226ea9fde889391201a3e7d107f2/element - {"using":"xpath","value":"//button[@data-kt=\"newYardSaveButton\"]"}
RESULT: {"using":"xpath","value":"//button[@data-kt=\"newYardSaveButton\"]"}
COMMAND: POST /session/e5a8226ea9fde889391201a3e7d107f2/element/f.423FC243C8326C45B9AC14107F5D9156.d.A3A5366F6CA69995DDE3B974F48EA8F3.e.14851/click - {}
RESULT: {}
COMMAND: GET /session/e5a8226ea9fde889391201a3e7d107f2/screenshot - {}
RESULT: {}
COMMAND: POST /session/e5a8226ea9fde889391201a3e7d107f2/element - {"using":"xpath","value":"//header[contains(@id, 'ObjectPageLayout-headerTitle')]/div[1]/div[2]/div[1]/span[1]"}
RESULT: {"using":"xpath","value":"//header[contains(@id, 'ObjectPageLayout-headerTitle')]/div[1]/div[2]/div[1]/span[1]"}
COMMAND: POST /session/e5a8226ea9fde889391201a3e7d107f2/elements - {"using":"xpath","value":"//header[contains(@id, 'ObjectPageLayout-headerTitle')]/div[1]/div[2]/div[1]/span[1]"}
RESULT: {"using":"xpath","value":"//header[contains(@id, 'ObjectPageLayout-headerTitle')]/div[1]/div[2]/div[1]/span[1]"}
COMMAND: POST /session/e5a8226ea9fde889391201a3e7d107f2/execute/sync - {"script":"<script> [56 bytes]","args":[{"element-6066-11e4-a52e-4f735466cecf":"f.423FC243C8326C45B9AC14107F5D9156.d.A3A5366F6CA69995DDE3B974F48EA8F3.e.15146","ELEMENT":"f.423FC243C8326C45B9AC14107F5D9156.d.A3A5366F6CA69995DDE3B974F48EA8F3.e.15146"}]}
RESULT: {"script":"<script> [56 bytes]","args":[{"element-6066-11e4-a52e-4f735466cecf":"f.423FC243C8326C45B9AC14107F5D9156.d.A3A5366F6CA69995DDE3B974F48EA8F3.e.15146","ELEMENT":"f.423FC243C8326C45B9AC14107F5D9156.d.A3A5366F6CA69995DDE3B974F48EA8F3.e.15146"}]}
COMMAND: GET /session/e5a8226ea9fde889391201a3e7d107f2/screenshot - {}
RESULT: {}
COMMAND: POST /session/e5a8226ea9fde889391201a3e7d107f2/element - {"using":"css selector","value":"#shell-header-logo"}
RESULT: {"using":"css selector","value":"#shell-header-logo"}
COMMAND: POST /session/e5a8226ea9fde889391201a3e7d107f2/element/f.423FC243C8326C45B9AC14107F5D9156.d.A3A5366F6CA69995DDE3B974F48EA8F3.e.14281/click - {}
RESULT: {}
COMMAND: GET /session/e5a8226ea9fde889391201a3e7d107f2/screenshot - {}
RESULT: {}
COMMAND: POST /session/e5a8226ea9fde889391201a3e7d107f2/execute/sync - {"script":"<script> [299 bytes]","args":[["getModel","getResource"]]}
RESULT: {"script":"<script> [299 bytes]","args":[["getModel","getResource"]]}
COMMAND: GET /session/e5a8226ea9fde889391201a3e7d107f2/screenshot - {}
]]></system-out>
    </testcase>
    <testcase classname="chrome.137_0_7151_69.windows.Transfer_Yard_to_Yard_US131076" name="Should create an equipment" time="157.037">
      <system-out><![CDATA[
COMMAND: POST /session/e5a8226ea9fde889391201a3e7d107f2/execute/async - {"script":"<script> [1562 bytes]","args":[{"selector":{"controlType":"sap.m.GenericTile","properties":{"header":"Manage Resources"}},"wdio_ui5_key":"sapm.GenericTile{\"header\":\"Manage Resources\"}"}]}
RESULT: {}
RESULT: {"script":"<script> [1562 bytes]","args":[{"selector":{"controlType":"sap.m.GenericTile","properties":{"header":"Manage Resources"}},"wdio_ui5_key":"sapm.GenericTile{\"header\":\"Manage Resources\"}"}]}
RESULT: undefined
COMMAND: POST /session/e5a8226ea9fde889391201a3e7d107f2/element - {"using":"xpath","value":"//*[@id=\"__tile32\"]"}
RESULT: {"using":"xpath","value":"//*[@id=\"__tile32\"]"}
COMMAND: POST /session/e5a8226ea9fde889391201a3e7d107f2/element/f.423FC243C8326C45B9AC14107F5D9156.d.A3A5366F6CA69995DDE3B974F48EA8F3.e.14311/click - {}
RESULT: {}
COMMAND: GET /session/e5a8226ea9fde889391201a3e7d107f2/screenshot - {}
RESULT: {}
COMMAND: POST /session/e5a8226ea9fde889391201a3e7d107f2/elements - {"using":"xpath","value":"//span[text()='Error']"}
RESULT: {"using":"xpath","value":"//span[text()='Error']"}
COMMAND: POST /session/e5a8226ea9fde889391201a3e7d107f2/element - {"using":"xpath","value":"//button[@data-kt=\"addNewRUOverflowToolbarButton\"]"}
RESULT: {"using":"xpath","value":"//button[@data-kt=\"addNewRUOverflowToolbarButton\"]"}
COMMAND: POST /session/e5a8226ea9fde889391201a3e7d107f2/elements - {"using":"xpath","value":"//button[@data-kt=\"addNewRUOverflowToolbarButton\"]"}
RESULT: {"using":"xpath","value":"//button[@data-kt=\"addNewRUOverflowToolbarButton\"]"}
COMMAND: POST /session/e5a8226ea9fde889391201a3e7d107f2/execute/sync - {"script":"<script> [8489 bytes]","args":[{"element-6066-11e4-a52e-4f735466cecf":"f.423FC243C8326C45B9AC14107F5D9156.d.A3A5366F6CA69995DDE3B974F48EA8F3.e.15178","ELEMENT":"f.423FC243C8326C45B9AC14107F5D9156.d.A3A5366F6CA69995DDE3B974F48EA8F3.e.15178"}]}
RESULT: {"script":"<script> [8489 bytes]","args":[{"element-6066-11e4-a52e-4f735466cecf":"f.423FC243C8326C45B9AC14107F5D9156.d.A3A5366F6CA69995DDE3B974F48EA8F3.e.15178","ELEMENT":"f.423FC243C8326C45B9AC14107F5D9156.d.A3A5366F6CA69995DDE3B974F48EA8F3.e.15178"}]}
COMMAND: GET /session/e5a8226ea9fde889391201a3e7d107f2/element/f.423FC243C8326C45B9AC14107F5D9156.d.A3A5366F6CA69995DDE3B974F48EA8F3.e.15178/enabled - {}
COMMAND: GET /session/e5a8226ea9fde889391201a3e7d107f2/screenshot - {}
RESULT: {}
COMMAND: POST /session/e5a8226ea9fde889391201a3e7d107f2/execute/sync - {"script":"<script> [8489 bytes]","args":[{"element-6066-11e4-a52e-4f735466cecf":"f.423FC243C8326C45B9AC14107F5D9156.d.A3A5366F6CA69995DDE3B974F48EA8F3.e.15178","ELEMENT":"f.423FC243C8326C45B9AC14107F5D9156.d.A3A5366F6CA69995DDE3B974F48EA8F3.e.15178"}]}
COMMAND: GET /session/e5a8226ea9fde889391201a3e7d107f2/screenshot - {}
RESULT: {}
RESULT: {"script":"<script> [8489 bytes]","args":[{"element-6066-11e4-a52e-4f735466cecf":"f.423FC243C8326C45B9AC14107F5D9156.d.A3A5366F6CA69995DDE3B974F48EA8F3.e.15178","ELEMENT":"f.423FC243C8326C45B9AC14107F5D9156.d.A3A5366F6CA69995DDE3B974F48EA8F3.e.15178"}]}
COMMAND: POST /session/e5a8226ea9fde889391201a3e7d107f2/execute/sync - {"script":"<script> [5351 bytes]","args":[{"element-6066-11e4-a52e-4f735466cecf":"f.423FC243C8326C45B9AC14107F5D9156.d.A3A5366F6CA69995DDE3B974F48EA8F3.e.15178","ELEMENT":"f.423FC243C8326C45B9AC14107F5D9156.d.A3A5366F6CA69995DDE3B974F48EA8F3.e.15178"}]}
COMMAND: GET /session/e5a8226ea9fde889391201a3e7d107f2/screenshot - {}
RESULT: {}
RESULT: {"script":"<script> [5351 bytes]","args":[{"element-6066-11e4-a52e-4f735466cecf":"f.423FC243C8326C45B9AC14107F5D9156.d.A3A5366F6CA69995DDE3B974F48EA8F3.e.15178","ELEMENT":"f.423FC243C8326C45B9AC14107F5D9156.d.A3A5366F6CA69995DDE3B974F48EA8F3.e.15178"}]}
COMMAND: POST /session/e5a8226ea9fde889391201a3e7d107f2/element/f.423FC243C8326C45B9AC14107F5D9156.d.A3A5366F6CA69995DDE3B974F48EA8F3.e.15178/click - {}
COMMAND: GET /session/e5a8226ea9fde889391201a3e7d107f2/screenshot - {}
RESULT: {}
RESULT: {}
COMMAND: GET /session/e5a8226ea9fde889391201a3e7d107f2/screenshot - {}
RESULT: {}
COMMAND: POST /session/e5a8226ea9fde889391201a3e7d107f2/execute/async - {"script":"<script> [1562 bytes]","args":[{"selector":{"id":"application-manageresources-display-component---newResourceUnit--TYPE-arrow"},"wdio_ui5_key":"applicationmanageresources-display-component---newResourceUnit--TYPE-arrow"}]}
RESULT: {}
RESULT: {"script":"<script> [1562 bytes]","args":[{"selector":{"id":"application-manageresources-display-component---newResourceUnit--TYPE-arrow"},"wdio_ui5_key":"applicationmanageresources-display-component---newResourceUnit--TYPE-arrow"}]}
RESULT: undefined
COMMAND: POST /session/e5a8226ea9fde889391201a3e7d107f2/element - {"using":"xpath","value":"//*[@id=\"application-manageresources-display-component---newResourceUnit--TYPE-arrow\"]"}
RESULT: {"using":"xpath","value":"//*[@id=\"application-manageresources-display-component---newResourceUnit--TYPE-arrow\"]"}
COMMAND: POST /session/e5a8226ea9fde889391201a3e7d107f2/element/f.423FC243C8326C45B9AC14107F5D9156.d.A3A5366F6CA69995DDE3B974F48EA8F3.e.15536/click - {}
RESULT: {}
COMMAND: POST /session/e5a8226ea9fde889391201a3e7d107f2/element - {"using":"xpath","value":"//input[@id=\"application-manageresources-display-component---newResourceUnit--TYPE-inner\"]"}
COMMAND: GET /session/e5a8226ea9fde889391201a3e7d107f2/screenshot - {}
RESULT: {"using":"xpath","value":"//input[@id=\"application-manageresources-display-component---newResourceUnit--TYPE-inner\"]"}
COMMAND: POST /session/e5a8226ea9fde889391201a3e7d107f2/element/f.423FC243C8326C45B9AC14107F5D9156.d.A3A5366F6CA69995DDE3B974F48EA8F3.e.15532/clear - {}
RESULT: {}
RESULT: {}
COMMAND: POST /session/e5a8226ea9fde889391201a3e7d107f2/element/f.423FC243C8326C45B9AC14107F5D9156.d.A3A5366F6CA69995DDE3B974F48EA8F3.e.15532/value - {"text":"Equipment"}
COMMAND: GET /session/e5a8226ea9fde889391201a3e7d107f2/screenshot - {}
RESULT: {"text":"Equipment"}
COMMAND: GET /session/e5a8226ea9fde889391201a3e7d107f2/screenshot - {}
RESULT: {}
RESULT: {}
COMMAND: POST /session/e5a8226ea9fde889391201a3e7d107f2/actions - {"actions":[{"id":"action58","type":"key","parameters":{},"actions":[{"type":"keyDown","value":"î€‡"},{"type":"pause","duration":10},{"type":"keyUp","value":"î€‡"}]}]}
RESULT: {"actions":[{"id":"action58","type":"key","parameters":{},"actions":[{"type":"keyDown","value":"î€‡"},{"type":"pause","duration":10},{"type":"keyUp","value":"î€‡"}]}]}
COMMAND: POST /session/e5a8226ea9fde889391201a3e7d107f2/execute/async - {"script":"<script> [1562 bytes]","args":[{"selector":{"id":"application-manageresources-display-component---newResourceUnit--resourceId","interaction":{"idSuffix":"inner"}},"wdio_ui5_key":"applicationmanageresources-display-component---newResourceUnit--resourceId"}]}
COMMAND: GET /session/e5a8226ea9fde889391201a3e7d107f2/screenshot - {}
RESULT: {"script":"<script> [1562 bytes]","args":[{"selector":{"id":"application-manageresources-display-component---newResourceUnit--resourceId","interaction":{"idSuffix":"inner"}},"wdio_ui5_key":"applicationmanageresources-display-component---newResourceUnit--resourceId"}]}
RESULT: undefined
COMMAND: POST /session/e5a8226ea9fde889391201a3e7d107f2/execute/async - {"script":"<script> [776 bytes]","args":[{"enterText":"7kAbVmrsLY","selector":{"id":"application-manageresources-display-component---newResourceUnit--resourceId","interaction":{"idSuffix":"inner"}},"clearTextFirst":true,"interactionType":"ENTER_TEXT"}]}
RESULT: {}
RESULT: {"script":"<script> [776 bytes]","args":[{"enterText":"7kAbVmrsLY","selector":{"id":"application-manageresources-display-component---newResourceUnit--resourceId","interaction":{"idSuffix":"inner"}},"clearTextFirst":true,"interactionType":"ENTER_TEXT"}]}
COMMAND: POST /session/e5a8226ea9fde889391201a3e7d107f2/execute/async - {"script":"<script> [1562 bytes]","args":[{"selector":{"id":"application-manageresources-display-component---newResourceUnit--SHORT_TEXT","interaction":{"idSuffix":"inner"}},"wdio_ui5_key":"applicationmanageresources-display-component---newResourceUnit--SHORT_TEXT"}]}
RESULT: {"script":"<script> [1562 bytes]","args":[{"selector":{"id":"application-manageresources-display-component---newResourceUnit--SHORT_TEXT","interaction":{"idSuffix":"inner"}},"wdio_ui5_key":"applicationmanageresources-display-component---newResourceUnit--SHORT_TEXT"}]}
RESULT: undefined
COMMAND: POST /session/e5a8226ea9fde889391201a3e7d107f2/execute/async - {"script":"<script> [776 bytes]","args":[{"enterText":"Intercompany Equipment WDIO","selector":{"id":"application-manageresources-display-component---newResourceUnit--SHORT_TEXT","interaction":{"idSuffix":"inner"}},"clearTextFirst":true,"interactionType":"ENTER_TEXT"}]}
RESULT: {"script":"<script> [776 bytes]","args":[{"enterText":"Intercompany Equipment WDIO","selector":{"id":"application-manageresources-display-component---newResourceUnit--SHORT_TEXT","interaction":{"idSuffix":"inner"}},"clearTextFirst":true,"interactionType":"ENTER_TEXT"}]}
COMMAND: POST /session/e5a8226ea9fde889391201a3e7d107f2/execute/async - {"script":"<script> [1562 bytes]","args":[{"selector":{"id":"application-manageresources-display-component---newResourceUnit--BASE_UNIT_OF_MEASURE","interaction":{"idSuffix":"inner"}},"wdio_ui5_key":"applicationmanageresources-display-component---newResourceUnit--BASE_UNIT_OF_MEASURE"}]}
RESULT: {"script":"<script> [1562 bytes]","args":[{"selector":{"id":"application-manageresources-display-component---newResourceUnit--BASE_UNIT_OF_MEASURE","interaction":{"idSuffix":"inner"}},"wdio_ui5_key":"applicationmanageresources-display-component---newResourceUnit--BASE_UNIT_OF_MEASURE"}]}
RESULT: undefined
COMMAND: POST /session/e5a8226ea9fde889391201a3e7d107f2/execute/async - {"script":"<script> [776 bytes]","args":[{"enterText":"Piece","selector":{"id":"application-manageresources-display-component---newResourceUnit--BASE_UNIT_OF_MEASURE","interaction":{"idSuffix":"inner"}},"clearTextFirst":true,"interactionType":"ENTER_TEXT"}]}
RESULT: {"script":"<script> [776 bytes]","args":[{"enterText":"Piece","selector":{"id":"application-manageresources-display-component---newResourceUnit--BASE_UNIT_OF_MEASURE","interaction":{"idSuffix":"inner"}},"clearTextFirst":true,"interactionType":"ENTER_TEXT"}]}
COMMAND: POST /session/e5a8226ea9fde889391201a3e7d107f2/execute/async - {"script":"<script> [1562 bytes]","args":[{"selector":{"id":"application-manageresources-display-component---newResourceUnit--WEIGHT_UNIT","interaction":{"idSuffix":"inner"}},"wdio_ui5_key":"applicationmanageresources-display-component---newResourceUnit--WEIGHT_UNIT"}]}
RESULT: {"script":"<script> [1562 bytes]","args":[{"selector":{"id":"application-manageresources-display-component---newResourceUnit--WEIGHT_UNIT","interaction":{"idSuffix":"inner"}},"wdio_ui5_key":"applicationmanageresources-display-component---newResourceUnit--WEIGHT_UNIT"}]}
RESULT: undefined
COMMAND: POST /session/e5a8226ea9fde889391201a3e7d107f2/execute/async - {"script":"<script> [776 bytes]","args":[{"enterText":"Gram","selector":{"id":"application-manageresources-display-component---newResourceUnit--WEIGHT_UNIT","interaction":{"idSuffix":"inner"}},"clearTextFirst":true,"interactionType":"ENTER_TEXT"}]}
RESULT: {"script":"<script> [776 bytes]","args":[{"enterText":"Gram","selector":{"id":"application-manageresources-display-component---newResourceUnit--WEIGHT_UNIT","interaction":{"idSuffix":"inner"}},"clearTextFirst":true,"interactionType":"ENTER_TEXT"}]}
COMMAND: POST /session/e5a8226ea9fde889391201a3e7d107f2/execute/async - {"script":"<script> [1562 bytes]","args":[{"selector":{"id":"application-manageresources-display-component---newResourceUnit--DIMENSION_UNIT","interaction":{"idSuffix":"inner"}},"wdio_ui5_key":"applicationmanageresources-display-component---newResourceUnit--DIMENSION_UNIT"}]}
RESULT: {"script":"<script> [1562 bytes]","args":[{"selector":{"id":"application-manageresources-display-component---newResourceUnit--DIMENSION_UNIT","interaction":{"idSuffix":"inner"}},"wdio_ui5_key":"applicationmanageresources-display-component---newResourceUnit--DIMENSION_UNIT"}]}
RESULT: undefined
COMMAND: POST /session/e5a8226ea9fde889391201a3e7d107f2/execute/async - {"script":"<script> [776 bytes]","args":[{"enterText":"Meter","selector":{"id":"application-manageresources-display-component---newResourceUnit--DIMENSION_UNIT","interaction":{"idSuffix":"inner"}},"clearTextFirst":true,"interactionType":"ENTER_TEXT"}]}
RESULT: {"script":"<script> [776 bytes]","args":[{"enterText":"Meter","selector":{"id":"application-manageresources-display-component---newResourceUnit--DIMENSION_UNIT","interaction":{"idSuffix":"inner"}},"clearTextFirst":true,"interactionType":"ENTER_TEXT"}]}
COMMAND: POST /session/e5a8226ea9fde889391201a3e7d107f2/execute/async - {"script":"<script> [1562 bytes]","args":[{"selector":{"id":"application-manageresources-display-component---newResourceUnit--newRRUPage-anchBar-application-manageresources-display-component---newResourceUnit--control-anchor","interaction":{"idSuffix":"BDI-content"}},"wdio_ui5_key":"applicationmanageresources-display-component---newResourceUnit--newRRUPage-anchBar-application-manageresources-display-component---newResourceUnit--control-anchor"}]}
RESULT: {"script":"<script> [1562 bytes]","args":[{"selector":{"id":"application-manageresources-display-component---newResourceUnit--newRRUPage-anchBar-application-manageresources-display-component---newResourceUnit--control-anchor","interaction":{"idSuffix":"BDI-content"}},"wdio_ui5_key":"applicationmanageresources-display-component---newResourceUnit--newRRUPage-anchBar-application-manageresources-display-component---newResourceUnit--control-anchor"}]}
RESULT: undefined
COMMAND: POST /session/e5a8226ea9fde889391201a3e7d107f2/element - {"using":"xpath","value":"//*[@id=\"application-manageresources-display-component---newResourceUnit--newRRUPage-anchBar-application-manageresources-display-component---newResourceUnit--control-anchor\"]"}
RESULT: {"using":"xpath","value":"//*[@id=\"application-manageresources-display-component---newResourceUnit--newRRUPage-anchBar-application-manageresources-display-component---newResourceUnit--control-anchor\"]"}
COMMAND: POST /session/e5a8226ea9fde889391201a3e7d107f2/element/f.423FC243C8326C45B9AC14107F5D9156.d.A3A5366F6CA69995DDE3B974F48EA8F3.e.15695/click - {}
RESULT: {}
COMMAND: POST /session/e5a8226ea9fde889391201a3e7d107f2/execute/async - {"script":"<script> [1562 bytes]","args":[{"selector":{"id":"application-manageresources-display-component---newResourceUnit--PLANNING_GROUP","interaction":{"idSuffix":"inner"}},"wdio_ui5_key":"applicationmanageresources-display-component---newResourceUnit--PLANNING_GROUP"}]}
COMMAND: GET /session/e5a8226ea9fde889391201a3e7d107f2/screenshot - {}
RESULT: {"script":"<script> [1562 bytes]","args":[{"selector":{"id":"application-manageresources-display-component---newResourceUnit--PLANNING_GROUP","interaction":{"idSuffix":"inner"}},"wdio_ui5_key":"applicationmanageresources-display-component---newResourceUnit--PLANNING_GROUP"}]}
RESULT: undefined
COMMAND: POST /session/e5a8226ea9fde889391201a3e7d107f2/execute/async - {"script":"<script> [776 bytes]","args":[{"enterText":"Heavy Equi","selector":{"id":"application-manageresources-display-component---newResourceUnit--PLANNING_GROUP","interaction":{"idSuffix":"inner"}},"clearTextFirst":true,"interactionType":"ENTER_TEXT"}]}
RESULT: {}
RESULT: {"script":"<script> [776 bytes]","args":[{"enterText":"Heavy Equi","selector":{"id":"application-manageresources-display-component---newResourceUnit--PLANNING_GROUP","interaction":{"idSuffix":"inner"}},"clearTextFirst":true,"interactionType":"ENTER_TEXT"}]}
COMMAND: POST /session/e5a8226ea9fde889391201a3e7d107f2/execute/async - {"script":"<script> [1562 bytes]","args":[{"selector":{"id":"application-manageresources-display-component---newResourceUnit--ITEM_TYPE-arrow"},"wdio_ui5_key":"applicationmanageresources-display-component---newResourceUnit--ITEM_TYPE-arrow"}]}
RESULT: {"script":"<script> [1562 bytes]","args":[{"selector":{"id":"application-manageresources-display-component---newResourceUnit--ITEM_TYPE-arrow"},"wdio_ui5_key":"applicationmanageresources-display-component---newResourceUnit--ITEM_TYPE-arrow"}]}
RESULT: undefined
COMMAND: POST /session/e5a8226ea9fde889391201a3e7d107f2/element - {"using":"xpath","value":"//*[@id=\"application-manageresources-display-component---newResourceUnit--ITEM_TYPE-arrow\"]"}
RESULT: {"using":"xpath","value":"//*[@id=\"application-manageresources-display-component---newResourceUnit--ITEM_TYPE-arrow\"]"}
COMMAND: POST /session/e5a8226ea9fde889391201a3e7d107f2/element/f.423FC243C8326C45B9AC14107F5D9156.d.A3A5366F6CA69995DDE3B974F48EA8F3.e.15704/click - {}
RESULT: {}
COMMAND: POST /session/e5a8226ea9fde889391201a3e7d107f2/element - {"using":"xpath","value":"//ul[contains(@id,\"ITEM_TYPE-popup-list-listUl\")]//li[.//span[contains(text(),\"Resource Unit\")]]"}
COMMAND: GET /session/e5a8226ea9fde889391201a3e7d107f2/screenshot - {}
RESULT: {"using":"xpath","value":"//ul[contains(@id,\"ITEM_TYPE-popup-list-listUl\")]//li[.//span[contains(text(),\"Resource Unit\")]]"}
COMMAND: POST /session/e5a8226ea9fde889391201a3e7d107f2/element/f.423FC243C8326C45B9AC14107F5D9156.d.A3A5366F6CA69995DDE3B974F48EA8F3.e.15705/click - {}
RESULT: {}
RESULT: {}
COMMAND: GET /session/e5a8226ea9fde889391201a3e7d107f2/screenshot - {}
RESULT: {}
COMMAND: POST /session/e5a8226ea9fde889391201a3e7d107f2/element - {"using":"css selector","value":"#application-manageresources-display-component---newResourceUnit--btnAddTimeSegment"}
RESULT: {"using":"css selector","value":"#application-manageresources-display-component---newResourceUnit--btnAddTimeSegment"}
COMMAND: GET /session/e5a8226ea9fde889391201a3e7d107f2/element/f.423FC243C8326C45B9AC14107F5D9156.d.A3A5366F6CA69995DDE3B974F48EA8F3.e.15714/rect - {}
RESULT: {}
COMMAND: GET /session/e5a8226ea9fde889391201a3e7d107f2/window/rect - {}
RESULT: {}
COMMAND: POST /session/e5a8226ea9fde889391201a3e7d107f2/execute/sync - {"script":"<script> [92 bytes]","args":[]}
RESULT: {"script":"<script> [92 bytes]","args":[]}
COMMAND: POST /session/e5a8226ea9fde889391201a3e7d107f2/actions - {"actions":[{"id":"action59","type":"wheel","parameters":{},"actions":[{"type":"scroll","x":-1888,"y":-32,"deltaX":0,"deltaY":0,"duration":0,"origin":{"element-6066-11e4-a52e-4f735466cecf":"f.423FC243C8326C45B9AC14107F5D9156.d.A3A5366F6CA69995DDE3B974F48EA8F3.e.15714"}}]}]}
COMMAND: GET /session/e5a8226ea9fde889391201a3e7d107f2/screenshot - {}
RESULT: {}
COMMAND: POST /session/e5a8226ea9fde889391201a3e7d107f2/execute/sync - {"script":"<script> [79 bytes]","args":[{"element-6066-11e4-a52e-4f735466cecf":"f.423FC243C8326C45B9AC14107F5D9156.d.A3A5366F6CA69995DDE3B974F48EA8F3.e.15714","ELEMENT":"f.423FC243C8326C45B9AC14107F5D9156.d.A3A5366F6CA69995DDE3B974F48EA8F3.e.15714"},{"block":"start","inline":"nearest"}]}
RESULT: {"script":"<script> [79 bytes]","args":[{"element-6066-11e4-a52e-4f735466cecf":"f.423FC243C8326C45B9AC14107F5D9156.d.A3A5366F6CA69995DDE3B974F48EA8F3.e.15714","ELEMENT":"f.423FC243C8326C45B9AC14107F5D9156.d.A3A5366F6CA69995DDE3B974F48EA8F3.e.15714"},{"block":"start","inline":"nearest"}]}
COMMAND: POST /session/e5a8226ea9fde889391201a3e7d107f2/execute/async - {"script":"<script> [1562 bytes]","args":[{"selector":{"id":"application-manageresources-display-component---newResourceUnit--btnAddTimeSegment","interaction":{"idSuffix":"inner"}},"wdio_ui5_key":"applicationmanageresources-display-component---newResourceUnit--btnAddTimeSegment"}]}
COMMAND: GET /session/e5a8226ea9fde889391201a3e7d107f2/screenshot - {}
RESULT: {"script":"<script> [1562 bytes]","args":[{"selector":{"id":"application-manageresources-display-component---newResourceUnit--btnAddTimeSegment","interaction":{"idSuffix":"inner"}},"wdio_ui5_key":"applicationmanageresources-display-component---newResourceUnit--btnAddTimeSegment"}]}
RESULT: undefined
COMMAND: POST /session/e5a8226ea9fde889391201a3e7d107f2/element - {"using":"xpath","value":"//*[@id=\"application-manageresources-display-component---newResourceUnit--btnAddTimeSegment\"]"}
RESULT: {}
RESULT: {"using":"xpath","value":"//*[@id=\"application-manageresources-display-component---newResourceUnit--btnAddTimeSegment\"]"}
COMMAND: POST /session/e5a8226ea9fde889391201a3e7d107f2/element/f.423FC243C8326C45B9AC14107F5D9156.d.A3A5366F6CA69995DDE3B974F48EA8F3.e.15714/click - {}
RESULT: {}
COMMAND: GET /session/e5a8226ea9fde889391201a3e7d107f2/screenshot - {}
RESULT: {}
COMMAND: POST /session/e5a8226ea9fde889391201a3e7d107f2/element - {"using":"xpath","value":"//input[@id=\"application-manageresources-display-component---newResourceUnit--idRuTSAdmin-application-manageresources-display-component---newResourceUnit--RUTimeSegment-0-inner\"]"}
RESULT: {"using":"xpath","value":"//input[@id=\"application-manageresources-display-component---newResourceUnit--idRuTSAdmin-application-manageresources-display-component---newResourceUnit--RUTimeSegment-0-inner\"]"}
COMMAND: POST /session/e5a8226ea9fde889391201a3e7d107f2/element/f.423FC243C8326C45B9AC14107F5D9156.d.A3A5366F6CA69995DDE3B974F48EA8F3.e.15720/clear - {}
RESULT: {}
COMMAND: POST /session/e5a8226ea9fde889391201a3e7d107f2/element/f.423FC243C8326C45B9AC14107F5D9156.d.A3A5366F6CA69995DDE3B974F48EA8F3.e.15720/value - {"text":"190"}
COMMAND: GET /session/e5a8226ea9fde889391201a3e7d107f2/screenshot - {}
RESULT: {"text":"190"}
COMMAND: GET /session/e5a8226ea9fde889391201a3e7d107f2/screenshot - {}
RESULT: {}
RESULT: {}
COMMAND: POST /session/e5a8226ea9fde889391201a3e7d107f2/element - {"using":"xpath","value":"//li[.//span[text()='190']]"}
RESULT: {"using":"xpath","value":"//li[.//span[text()='190']]"}
COMMAND: POST /session/e5a8226ea9fde889391201a3e7d107f2/element/f.423FC243C8326C45B9AC14107F5D9156.d.A3A5366F6CA69995DDE3B974F48EA8F3.e.15732/click - {}
RESULT: {}
COMMAND: GET /session/e5a8226ea9fde889391201a3e7d107f2/screenshot - {}
RESULT: {}
COMMAND: POST /session/e5a8226ea9fde889391201a3e7d107f2/element - {"using":"xpath","value":"(//span[contains(@id, \"-application-manageresources-display-component---newResourceUnit--RUTimeSegment-0-arrow\")])[6]"}
RESULT: {"using":"xpath","value":"(//span[contains(@id, \"-application-manageresources-display-component---newResourceUnit--RUTimeSegment-0-arrow\")])[6]"}
COMMAND: POST /session/e5a8226ea9fde889391201a3e7d107f2/element/f.423FC243C8326C45B9AC14107F5D9156.d.A3A5366F6CA69995DDE3B974F48EA8F3.e.15733/click - {}
RESULT: {}
COMMAND: GET /session/e5a8226ea9fde889391201a3e7d107f2/screenshot - {}
RESULT: {}
COMMAND: POST /session/e5a8226ea9fde889391201a3e7d107f2/element - {"using":"xpath","value":"//span[contains(text(), \"PM Order\")]"}
RESULT: {"using":"xpath","value":"//span[contains(text(), \"PM Order\")]"}
COMMAND: POST /session/e5a8226ea9fde889391201a3e7d107f2/element/f.423FC243C8326C45B9AC14107F5D9156.d.A3A5366F6CA69995DDE3B974F48EA8F3.e.15736/click - {}
RESULT: {}
COMMAND: GET /session/e5a8226ea9fde889391201a3e7d107f2/screenshot - {}
RESULT: {}
COMMAND: POST /session/e5a8226ea9fde889391201a3e7d107f2/element - {"using":"xpath","value":"(//span[contains(@id ,\"manageresources-display-component---newResourceUnit--RUTimeSegment-0-vhi\")])[1]"}
RESULT: {"using":"xpath","value":"(//span[contains(@id ,\"manageresources-display-component---newResourceUnit--RUTimeSegment-0-vhi\")])[1]"}
COMMAND: GET /session/e5a8226ea9fde889391201a3e7d107f2/element/f.423FC243C8326C45B9AC14107F5D9156.d.A3A5366F6CA69995DDE3B974F48EA8F3.e.15740/rect - {}
RESULT: {}
COMMAND: GET /session/e5a8226ea9fde889391201a3e7d107f2/window/rect - {}
RESULT: {}
COMMAND: POST /session/e5a8226ea9fde889391201a3e7d107f2/execute/sync - {"script":"<script> [92 bytes]","args":[]}
RESULT: {"script":"<script> [92 bytes]","args":[]}
COMMAND: POST /session/e5a8226ea9fde889391201a3e7d107f2/actions - {"actions":[{"id":"action60","type":"wheel","parameters":{},"actions":[{"type":"scroll","x":-869,"y":-24,"deltaX":0,"deltaY":0,"duration":0,"origin":{"element-6066-11e4-a52e-4f735466cecf":"f.423FC243C8326C45B9AC14107F5D9156.d.A3A5366F6CA69995DDE3B974F48EA8F3.e.15740"}}]}]}
COMMAND: GET /session/e5a8226ea9fde889391201a3e7d107f2/screenshot - {}
RESULT: {"actions":[{"id":"action60","type":"wheel","parameters":{},"actions":[{"type":"scroll","x":-869,"y":-24,"deltaX":0,"deltaY":0,"duration":0,"origin":{"element-6066-11e4-a52e-4f735466cecf":"f.423FC243C8326C45B9AC14107F5D9156.d.A3A5366F6CA69995DDE3B974F48EA8F3.e.15740"}}]}]}
COMMAND: DELETE /session/e5a8226ea9fde889391201a3e7d107f2/actions - {}
COMMAND: GET /session/e5a8226ea9fde889391201a3e7d107f2/screenshot - {}
RESULT: {}
RESULT: {}
COMMAND: GET /session/e5a8226ea9fde889391201a3e7d107f2/screenshot - {}
RESULT: {}
RESULT: {}
COMMAND: POST /session/e5a8226ea9fde889391201a3e7d107f2/element/f.423FC243C8326C45B9AC14107F5D9156.d.A3A5366F6CA69995DDE3B974F48EA8F3.e.15740/click - {}
RESULT: {}
COMMAND: GET /session/e5a8226ea9fde889391201a3e7d107f2/screenshot - {}
RESULT: {}
RESULT: undefined
COMMAND: POST /session/e5a8226ea9fde889391201a3e7d107f2/execute/async - {"script":"<script> [776 bytes]","args":[{"enterText":"4000360","selector":{"controlType":"sap.m.SearchField","properties":{"placeholder":"Search"},"searchOpenDialogs":true,"interaction":{"idSuffix":"I"}},"clearTextFirst":true,"interactionType":"ENTER_TEXT"}]}
RESULT: {"script":"<script> [776 bytes]","args":[{"enterText":"4000360","selector":{"controlType":"sap.m.SearchField","properties":{"placeholder":"Search"},"searchOpenDialogs":true,"interaction":{"idSuffix":"I"}},"clearTextFirst":true,"interactionType":"ENTER_TEXT"}]}
COMMAND: POST /session/e5a8226ea9fde889391201a3e7d107f2/actions - {"actions":[{"id":"action61","type":"key","parameters":{},"actions":[{"type":"keyDown","value":"î€‡"},{"type":"pause","duration":10},{"type":"keyUp","value":"î€‡"}]}]}
RESULT: {"actions":[{"id":"action61","type":"key","parameters":{},"actions":[{"type":"keyDown","value":"î€‡"},{"type":"pause","duration":10},{"type":"keyUp","value":"î€‡"}]}]}
COMMAND: GET /session/e5a8226ea9fde889391201a3e7d107f2/screenshot - {}
RESULT: {}
COMMAND: POST /session/e5a8226ea9fde889391201a3e7d107f2/element - {"using":"xpath","value":"//td/div/span[contains(text(), \"BGL Vehicles\")]"}
RESULT: {"using":"xpath","value":"//td/div/span[contains(text(), \"BGL Vehicles\")]"}
COMMAND: POST /session/e5a8226ea9fde889391201a3e7d107f2/element/f.423FC243C8326C45B9AC14107F5D9156.d.A3A5366F6CA69995DDE3B974F48EA8F3.e.15761/click - {}
RESULT: {}
COMMAND: GET /session/e5a8226ea9fde889391201a3e7d107f2/screenshot - {}
RESULT: {}
COMMAND: POST /session/e5a8226ea9fde889391201a3e7d107f2/element - {"using":"xpath","value":"//bdi[contains(text(), \"OK\")]"}
RESULT: {"using":"xpath","value":"//bdi[contains(text(), \"OK\")]"}
COMMAND: POST /session/e5a8226ea9fde889391201a3e7d107f2/element/f.423FC243C8326C45B9AC14107F5D9156.d.A3A5366F6CA69995DDE3B974F48EA8F3.e.15762/click - {}
RESULT: {}
COMMAND: GET /session/e5a8226ea9fde889391201a3e7d107f2/screenshot - {}
RESULT: {}
COMMAND: POST /session/e5a8226ea9fde889391201a3e7d107f2/execute/async - {"script":"<script> [1562 bytes]","args":[{"selector":{"id":"application-manageresources-display-component---newResourceUnit--newRRUPage-anchBar-application-manageresources-display-component---newResourceUnit--resource-anchor","interaction":{"idSuffix":"BDI-content"}},"wdio_ui5_key":"applicationmanageresources-display-component---newResourceUnit--newRRUPage-anchBar-application-manageresources-display-component---newResourceUnit--resource-anchor"}]}
RESULT: {"script":"<script> [1562 bytes]","args":[{"selector":{"id":"application-manageresources-display-component---newResourceUnit--newRRUPage-anchBar-application-manageresources-display-component---newResourceUnit--resource-anchor","interaction":{"idSuffix":"BDI-content"}},"wdio_ui5_key":"applicationmanageresources-display-component---newResourceUnit--newRRUPage-anchBar-application-manageresources-display-component---newResourceUnit--resource-anchor"}]}
RESULT: undefined
COMMAND: POST /session/e5a8226ea9fde889391201a3e7d107f2/element - {"using":"xpath","value":"//*[@id=\"application-manageresources-display-component---newResourceUnit--newRRUPage-anchBar-application-manageresources-display-component---newResourceUnit--resource-anchor\"]"}
RESULT: {"using":"xpath","value":"//*[@id=\"application-manageresources-display-component---newResourceUnit--newRRUPage-anchBar-application-manageresources-display-component---newResourceUnit--resource-anchor\"]"}
COMMAND: POST /session/e5a8226ea9fde889391201a3e7d107f2/element/f.423FC243C8326C45B9AC14107F5D9156.d.A3A5366F6CA69995DDE3B974F48EA8F3.e.15766/click - {}
RESULT: {}
COMMAND: POST /session/e5a8226ea9fde889391201a3e7d107f2/execute/async - {"script":"<script> [1562 bytes]","args":[{"selector":{"id":"application-manageresources-display-component---newResourceUnit--PLANNED_DELIVERY_DATE","interaction":{"idSuffix":"inner"}},"wdio_ui5_key":"applicationmanageresources-display-component---newResourceUnit--PLANNED_DELIVERY_DATE"}]}
COMMAND: GET /session/e5a8226ea9fde889391201a3e7d107f2/screenshot - {}
RESULT: {"script":"<script> [1562 bytes]","args":[{"selector":{"id":"application-manageresources-display-component---newResourceUnit--PLANNED_DELIVERY_DATE","interaction":{"idSuffix":"inner"}},"wdio_ui5_key":"applicationmanageresources-display-component---newResourceUnit--PLANNED_DELIVERY_DATE"}]}
RESULT: undefined
COMMAND: POST /session/e5a8226ea9fde889391201a3e7d107f2/execute/async - {"script":"<script> [6424 bytes]","args":[{"element-6066-11e4-a52e-4f735466cecf":"f.423FC243C8326C45B9AC14107F5D9156.d.A3A5366F6CA69995DDE3B974F48EA8F3.e.15593"},"setValue",["6/12/25"]]}
RESULT: {}
RESULT: {"script":"<script> [6424 bytes]","args":[{"element-6066-11e4-a52e-4f735466cecf":"f.423FC243C8326C45B9AC14107F5D9156.d.A3A5366F6CA69995DDE3B974F48EA8F3.e.15593"},"setValue",["6/12/25"]]}
COMMAND: POST /session/e5a8226ea9fde889391201a3e7d107f2/element - {"using":"xpath","value":"//label[contains(@class, 'sapMLabelRequired') and .//bdi[contains(text(), 'Planned Retirement')]]"}
RESULT: {"using":"xpath","value":"//label[contains(@class, 'sapMLabelRequired') and .//bdi[contains(text(), 'Planned Retirement')]]"}
COMMAND: POST /session/e5a8226ea9fde889391201a3e7d107f2/elements - {"using":"xpath","value":"//label[contains(@class, 'sapMLabelRequired') and .//bdi[contains(text(), 'Planned Retirement')]]"}
RESULT: {"using":"xpath","value":"//label[contains(@class, 'sapMLabelRequired') and .//bdi[contains(text(), 'Planned Retirement')]]"}
COMMAND: POST /session/e5a8226ea9fde889391201a3e7d107f2/element - {"using":"xpath","value":"//button[@data-kt=\"resourceUnitSaveButton\"]"}
RESULT: {"using":"xpath","value":"//button[@data-kt=\"resourceUnitSaveButton\"]"}
COMMAND: POST /session/e5a8226ea9fde889391201a3e7d107f2/element/f.423FC243C8326C45B9AC14107F5D9156.d.A3A5366F6CA69995DDE3B974F48EA8F3.e.15553/click - {}
RESULT: {}
COMMAND: GET /session/e5a8226ea9fde889391201a3e7d107f2/screenshot - {}
RESULT: {}
COMMAND: POST /session/e5a8226ea9fde889391201a3e7d107f2/element - {"using":"xpath","value":"//bdi[contains(text(), \"Close\")]"}
RESULT: {"using":"xpath","value":"//bdi[contains(text(), \"Close\")]"}
COMMAND: POST /session/e5a8226ea9fde889391201a3e7d107f2/element/f.423FC243C8326C45B9AC14107F5D9156.d.A3A5366F6CA69995DDE3B974F48EA8F3.e.15776/click - {}
RESULT: {}
COMMAND: GET /session/e5a8226ea9fde889391201a3e7d107f2/screenshot - {}
RESULT: {}
COMMAND: POST /session/e5a8226ea9fde889391201a3e7d107f2/element - {"using":"xpath","value":"(//button[contains(@id ,\"actionsToolbar-overflowButton\")])[1]"}
RESULT: {"using":"xpath","value":"(//button[contains(@id ,\"actionsToolbar-overflowButton\")])[1]"}
COMMAND: POST /session/e5a8226ea9fde889391201a3e7d107f2/element/f.423FC243C8326C45B9AC14107F5D9156.d.A3A5366F6CA69995DDE3B974F48EA8F3.e.15833/click - {}
RESULT: {}
COMMAND: GET /session/e5a8226ea9fde889391201a3e7d107f2/screenshot - {}
RESULT: {}
COMMAND: POST /session/e5a8226ea9fde889391201a3e7d107f2/element - {"using":"xpath","value":"//button[@data-kt=\"priceInfoButton\"]"}
RESULT: {"using":"xpath","value":"//button[@data-kt=\"priceInfoButton\"]"}
COMMAND: POST /session/e5a8226ea9fde889391201a3e7d107f2/element/f.423FC243C8326C45B9AC14107F5D9156.d.A3A5366F6CA69995DDE3B974F48EA8F3.e.15835/click - {}
RESULT: {}
COMMAND: GET /session/e5a8226ea9fde889391201a3e7d107f2/screenshot - {}
RESULT: {}
COMMAND: POST /session/e5a8226ea9fde889391201a3e7d107f2/element - {"using":"css selector","value":"#shell-header-logo"}
RESULT: {"using":"css selector","value":"#shell-header-logo"}
COMMAND: POST /session/e5a8226ea9fde889391201a3e7d107f2/element/f.423FC243C8326C45B9AC14107F5D9156.d.A3A5366F6CA69995DDE3B974F48EA8F3.e.15150/click - {}
RESULT: {}
COMMAND: GET /session/e5a8226ea9fde889391201a3e7d107f2/screenshot - {}
RESULT: {}
]]></system-out>
    </testcase>
    <testcase classname="chrome.137_0_7151_69.windows.Transfer_Yard_to_Yard_US131076" name="Prereq Should create a new equipment multipart" time="135.416">
      <system-out><![CDATA[
RESULT: undefined
COMMAND: POST /session/e5a8226ea9fde889391201a3e7d107f2/element - {"using":"xpath","value":"//*[@id=\"__tile32\"]"}
RESULT: {"using":"xpath","value":"//*[@id=\"__tile32\"]"}
COMMAND: POST /session/e5a8226ea9fde889391201a3e7d107f2/element/f.423FC243C8326C45B9AC14107F5D9156.d.A3A5366F6CA69995DDE3B974F48EA8F3.e.14311/click - {}
RESULT: {}
COMMAND: GET /session/e5a8226ea9fde889391201a3e7d107f2/screenshot - {}
RESULT: {}
COMMAND: POST /session/e5a8226ea9fde889391201a3e7d107f2/elements - {"using":"xpath","value":"//span[text()='Error']"}
RESULT: {"using":"xpath","value":"//span[text()='Error']"}
COMMAND: POST /session/e5a8226ea9fde889391201a3e7d107f2/element - {"using":"xpath","value":"//button[@data-kt=\"addNewRUOverflowToolbarButton\"]"}
RESULT: {"using":"xpath","value":"//button[@data-kt=\"addNewRUOverflowToolbarButton\"]"}
COMMAND: POST /session/e5a8226ea9fde889391201a3e7d107f2/elements - {"using":"xpath","value":"//button[@data-kt=\"addNewRUOverflowToolbarButton\"]"}
RESULT: {"using":"xpath","value":"//button[@data-kt=\"addNewRUOverflowToolbarButton\"]"}
COMMAND: POST /session/e5a8226ea9fde889391201a3e7d107f2/execute/sync - {"script":"<script> [8489 bytes]","args":[{"element-6066-11e4-a52e-4f735466cecf":"f.423FC243C8326C45B9AC14107F5D9156.d.A3A5366F6CA69995DDE3B974F48EA8F3.e.15879","ELEMENT":"f.423FC243C8326C45B9AC14107F5D9156.d.A3A5366F6CA69995DDE3B974F48EA8F3.e.15879"}]}
RESULT: {"script":"<script> [8489 bytes]","args":[{"element-6066-11e4-a52e-4f735466cecf":"f.423FC243C8326C45B9AC14107F5D9156.d.A3A5366F6CA69995DDE3B974F48EA8F3.e.15879","ELEMENT":"f.423FC243C8326C45B9AC14107F5D9156.d.A3A5366F6CA69995DDE3B974F48EA8F3.e.15879"}]}
COMMAND: GET /session/e5a8226ea9fde889391201a3e7d107f2/element/f.423FC243C8326C45B9AC14107F5D9156.d.A3A5366F6CA69995DDE3B974F48EA8F3.e.15879/enabled - {}
COMMAND: GET /session/e5a8226ea9fde889391201a3e7d107f2/screenshot - {}
RESULT: {}
COMMAND: POST /session/e5a8226ea9fde889391201a3e7d107f2/execute/sync - {"script":"<script> [8489 bytes]","args":[{"element-6066-11e4-a52e-4f735466cecf":"f.423FC243C8326C45B9AC14107F5D9156.d.A3A5366F6CA69995DDE3B974F48EA8F3.e.15879","ELEMENT":"f.423FC243C8326C45B9AC14107F5D9156.d.A3A5366F6CA69995DDE3B974F48EA8F3.e.15879"}]}
COMMAND: GET /session/e5a8226ea9fde889391201a3e7d107f2/screenshot - {}
RESULT: {}
RESULT: {"script":"<script> [8489 bytes]","args":[{"element-6066-11e4-a52e-4f735466cecf":"f.423FC243C8326C45B9AC14107F5D9156.d.A3A5366F6CA69995DDE3B974F48EA8F3.e.15879","ELEMENT":"f.423FC243C8326C45B9AC14107F5D9156.d.A3A5366F6CA69995DDE3B974F48EA8F3.e.15879"}]}
COMMAND: POST /session/e5a8226ea9fde889391201a3e7d107f2/execute/sync - {"script":"<script> [5351 bytes]","args":[{"element-6066-11e4-a52e-4f735466cecf":"f.423FC243C8326C45B9AC14107F5D9156.d.A3A5366F6CA69995DDE3B974F48EA8F3.e.15879","ELEMENT":"f.423FC243C8326C45B9AC14107F5D9156.d.A3A5366F6CA69995DDE3B974F48EA8F3.e.15879"}]}
RESULT: {}
COMMAND: GET /session/e5a8226ea9fde889391201a3e7d107f2/screenshot - {}
RESULT: {"script":"<script> [5351 bytes]","args":[{"element-6066-11e4-a52e-4f735466cecf":"f.423FC243C8326C45B9AC14107F5D9156.d.A3A5366F6CA69995DDE3B974F48EA8F3.e.15879","ELEMENT":"f.423FC243C8326C45B9AC14107F5D9156.d.A3A5366F6CA69995DDE3B974F48EA8F3.e.15879"}]}
COMMAND: POST /session/e5a8226ea9fde889391201a3e7d107f2/element/f.423FC243C8326C45B9AC14107F5D9156.d.A3A5366F6CA69995DDE3B974F48EA8F3.e.15879/click - {}
COMMAND: GET /session/e5a8226ea9fde889391201a3e7d107f2/screenshot - {}
RESULT: {}
RESULT: {}
COMMAND: GET /session/e5a8226ea9fde889391201a3e7d107f2/screenshot - {}
RESULT: undefined
COMMAND: POST /session/e5a8226ea9fde889391201a3e7d107f2/element - {"using":"xpath","value":"//*[@id=\"application-manageresources-display-component---newResourceUnit--TYPE-arrow\"]"}
RESULT: {}
RESULT: {}
RESULT: {"using":"xpath","value":"//*[@id=\"application-manageresources-display-component---newResourceUnit--TYPE-arrow\"]"}
COMMAND: POST /session/e5a8226ea9fde889391201a3e7d107f2/element/f.423FC243C8326C45B9AC14107F5D9156.d.A3A5366F6CA69995DDE3B974F48EA8F3.e.16224/click - {}
RESULT: {}
COMMAND: POST /session/e5a8226ea9fde889391201a3e7d107f2/element - {"using":"xpath","value":"//input[@id=\"application-manageresources-display-component---newResourceUnit--TYPE-inner\"]"}
RESULT: {"using":"xpath","value":"//input[@id=\"application-manageresources-display-component---newResourceUnit--TYPE-inner\"]"}
COMMAND: POST /session/e5a8226ea9fde889391201a3e7d107f2/element/f.423FC243C8326C45B9AC14107F5D9156.d.A3A5366F6CA69995DDE3B974F48EA8F3.e.16220/clear - {}
COMMAND: GET /session/e5a8226ea9fde889391201a3e7d107f2/screenshot - {}
RESULT: {}
COMMAND: POST /session/e5a8226ea9fde889391201a3e7d107f2/element/f.423FC243C8326C45B9AC14107F5D9156.d.A3A5366F6CA69995DDE3B974F48EA8F3.e.16220/value - {"text":"Equi Multipart"}
COMMAND: GET /session/e5a8226ea9fde889391201a3e7d107f2/screenshot - {}
RESULT: {}
RESULT: {"text":"Equi Multipart"}
COMMAND: GET /session/e5a8226ea9fde889391201a3e7d107f2/screenshot - {}
RESULT: {}
RESULT: {}
COMMAND: POST /session/e5a8226ea9fde889391201a3e7d107f2/actions - {"actions":[{"id":"action62","type":"key","parameters":{},"actions":[{"type":"keyDown","value":"î€‡"},{"type":"pause","duration":10},{"type":"keyUp","value":"î€‡"}]}]}
RESULT: {"actions":[{"id":"action62","type":"key","parameters":{},"actions":[{"type":"keyDown","value":"î€‡"},{"type":"pause","duration":10},{"type":"keyUp","value":"î€‡"}]}]}
RESULT: undefined
COMMAND: POST /session/e5a8226ea9fde889391201a3e7d107f2/execute/async - {"script":"<script> [776 bytes]","args":[{"enterText":"Equipment Multipart WDIO","selector":{"id":"application-manageresources-display-component---newResourceUnit--SHORT_TEXT","interaction":{"idSuffix":"inner"}},"clearTextFirst":true,"interactionType":"ENTER_TEXT"}]}
COMMAND: GET /session/e5a8226ea9fde889391201a3e7d107f2/screenshot - {}
RESULT: {"script":"<script> [776 bytes]","args":[{"enterText":"Equipment Multipart WDIO","selector":{"id":"application-manageresources-display-component---newResourceUnit--SHORT_TEXT","interaction":{"idSuffix":"inner"}},"clearTextFirst":true,"interactionType":"ENTER_TEXT"}]}
RESULT: undefined
COMMAND: POST /session/e5a8226ea9fde889391201a3e7d107f2/execute/async - {"script":"<script> [776 bytes]","args":[{"enterText":"Piece","selector":{"id":"application-manageresources-display-component---newResourceUnit--BASE_UNIT_OF_MEASURE","interaction":{"idSuffix":"inner"}},"clearTextFirst":true,"interactionType":"ENTER_TEXT"}]}
RESULT: {}
RESULT: {"script":"<script> [776 bytes]","args":[{"enterText":"Piece","selector":{"id":"application-manageresources-display-component---newResourceUnit--BASE_UNIT_OF_MEASURE","interaction":{"idSuffix":"inner"}},"clearTextFirst":true,"interactionType":"ENTER_TEXT"}]}
RESULT: undefined
COMMAND: POST /session/e5a8226ea9fde889391201a3e7d107f2/execute/async - {"script":"<script> [776 bytes]","args":[{"enterText":"Gram","selector":{"id":"application-manageresources-display-component---newResourceUnit--WEIGHT_UNIT","interaction":{"idSuffix":"inner"}},"clearTextFirst":true,"interactionType":"ENTER_TEXT"}]}
RESULT: {"script":"<script> [776 bytes]","args":[{"enterText":"Gram","selector":{"id":"application-manageresources-display-component---newResourceUnit--WEIGHT_UNIT","interaction":{"idSuffix":"inner"}},"clearTextFirst":true,"interactionType":"ENTER_TEXT"}]}
RESULT: undefined
COMMAND: POST /session/e5a8226ea9fde889391201a3e7d107f2/execute/async - {"script":"<script> [776 bytes]","args":[{"enterText":"Meter","selector":{"id":"application-manageresources-display-component---newResourceUnit--DIMENSION_UNIT","interaction":{"idSuffix":"inner"}},"clearTextFirst":true,"interactionType":"ENTER_TEXT"}]}
RESULT: {"script":"<script> [776 bytes]","args":[{"enterText":"Meter","selector":{"id":"application-manageresources-display-component---newResourceUnit--DIMENSION_UNIT","interaction":{"idSuffix":"inner"}},"clearTextFirst":true,"interactionType":"ENTER_TEXT"}]}
RESULT: undefined
COMMAND: POST /session/e5a8226ea9fde889391201a3e7d107f2/element - {"using":"xpath","value":"//*[@id=\"application-manageresources-display-component---newResourceUnit--newRRUPage-anchBar-application-manageresources-display-component---newResourceUnit--control-anchor\"]"}
RESULT: {"using":"xpath","value":"//*[@id=\"application-manageresources-display-component---newResourceUnit--newRRUPage-anchBar-application-manageresources-display-component---newResourceUnit--control-anchor\"]"}
COMMAND: POST /session/e5a8226ea9fde889391201a3e7d107f2/element/f.423FC243C8326C45B9AC14107F5D9156.d.A3A5366F6CA69995DDE3B974F48EA8F3.e.16353/click - {}
RESULT: {}
RESULT: undefined
COMMAND: POST /session/e5a8226ea9fde889391201a3e7d107f2/execute/async - {"script":"<script> [776 bytes]","args":[{"enterText":"Heavy Equi","selector":{"id":"application-manageresources-display-component---newResourceUnit--PLANNING_GROUP","interaction":{"idSuffix":"inner"}},"clearTextFirst":true,"interactionType":"ENTER_TEXT"}]}
COMMAND: GET /session/e5a8226ea9fde889391201a3e7d107f2/screenshot - {}
RESULT: {"script":"<script> [776 bytes]","args":[{"enterText":"Heavy Equi","selector":{"id":"application-manageresources-display-component---newResourceUnit--PLANNING_GROUP","interaction":{"idSuffix":"inner"}},"clearTextFirst":true,"interactionType":"ENTER_TEXT"}]}
RESULT: {}
COMMAND: POST /session/e5a8226ea9fde889391201a3e7d107f2/execute/async - {"script":"<script> [1562 bytes]","args":[{"selector":{"id":"application-manageresources-display-component---newResourceUnit--PLANNING_INDICATOR","interaction":{"idSuffix":"inner"}},"wdio_ui5_key":"applicationmanageresources-display-component---newResourceUnit--PLANNING_INDICATOR"}]}
RESULT: {"script":"<script> [1562 bytes]","args":[{"selector":{"id":"application-manageresources-display-component---newResourceUnit--PLANNING_INDICATOR","interaction":{"idSuffix":"inner"}},"wdio_ui5_key":"applicationmanageresources-display-component---newResourceUnit--PLANNING_INDICATOR"}]}
RESULT: undefined
COMMAND: POST /session/e5a8226ea9fde889391201a3e7d107f2/execute/async - {"script":"<script> [776 bytes]","args":[{"enterText":"10 - infinite","selector":{"id":"application-manageresources-display-component---newResourceUnit--PLANNING_INDICATOR","interaction":{"idSuffix":"inner"}},"clearTextFirst":true,"interactionType":"ENTER_TEXT"}]}
RESULT: {"script":"<script> [776 bytes]","args":[{"enterText":"10 - infinite","selector":{"id":"application-manageresources-display-component---newResourceUnit--PLANNING_INDICATOR","interaction":{"idSuffix":"inner"}},"clearTextFirst":true,"interactionType":"ENTER_TEXT"}]}
RESULT: undefined
COMMAND: POST /session/e5a8226ea9fde889391201a3e7d107f2/element - {"using":"xpath","value":"//*[@id=\"application-manageresources-display-component---newResourceUnit--ITEM_TYPE-arrow\"]"}
RESULT: {"using":"xpath","value":"//*[@id=\"application-manageresources-display-component---newResourceUnit--ITEM_TYPE-arrow\"]"}
COMMAND: POST /session/e5a8226ea9fde889391201a3e7d107f2/element/f.423FC243C8326C45B9AC14107F5D9156.d.A3A5366F6CA69995DDE3B974F48EA8F3.e.16360/click - {}
RESULT: {}
COMMAND: GET /session/e5a8226ea9fde889391201a3e7d107f2/screenshot - {}
RESULT: {}
COMMAND: POST /session/e5a8226ea9fde889391201a3e7d107f2/execute/async - {"script":"<script> [1562 bytes]","args":[{"selector":{"controlType":"sap.m.StandardListItem","viewName":"reusables.view.manageresources.NewResourceUnit","viewId":"application-manageresources-display-component---newResourceUnit","properties":{"title":"Pool Equipment"},"searchOpenDialogs":true,"interaction":{"idSuffix":"content"}},"wdio_ui5_key":"reusablesview.manageresources.NewResourceUnitsap.m.StandardListItem{\"title\":\"Pool Equipment\"}"}]}
RESULT: {"script":"<script> [1562 bytes]","args":[{"selector":{"controlType":"sap.m.StandardListItem","viewName":"reusables.view.manageresources.NewResourceUnit","viewId":"application-manageresources-display-component---newResourceUnit","properties":{"title":"Pool Equipment"},"searchOpenDialogs":true,"interaction":{"idSuffix":"content"}},"wdio_ui5_key":"reusablesview.manageresources.NewResourceUnitsap.m.StandardListItem{\"title\":\"Pool Equipment\"}"}]}
RESULT: undefined
COMMAND: POST /session/e5a8226ea9fde889391201a3e7d107f2/element - {"using":"xpath","value":"//*[@id=\"__item1030\"]"}
RESULT: {"using":"xpath","value":"//*[@id=\"__item1030\"]"}
COMMAND: POST /session/e5a8226ea9fde889391201a3e7d107f2/element/f.423FC243C8326C45B9AC14107F5D9156.d.A3A5366F6CA69995DDE3B974F48EA8F3.e.16362/click - {}
RESULT: {}
COMMAND: GET /session/e5a8226ea9fde889391201a3e7d107f2/screenshot - {}
RESULT: {}
COMMAND: POST /session/e5a8226ea9fde889391201a3e7d107f2/element - {"using":"css selector","value":"#application-manageresources-display-component---newResourceUnit--btnAddTimeSegment"}
RESULT: {"using":"css selector","value":"#application-manageresources-display-component---newResourceUnit--btnAddTimeSegment"}
COMMAND: GET /session/e5a8226ea9fde889391201a3e7d107f2/element/f.423FC243C8326C45B9AC14107F5D9156.d.A3A5366F6CA69995DDE3B974F48EA8F3.e.16424/rect - {}
RESULT: {}
COMMAND: GET /session/e5a8226ea9fde889391201a3e7d107f2/window/rect - {}
RESULT: {}
COMMAND: POST /session/e5a8226ea9fde889391201a3e7d107f2/execute/sync - {"script":"<script> [92 bytes]","args":[]}
RESULT: {"script":"<script> [92 bytes]","args":[]}
COMMAND: POST /session/e5a8226ea9fde889391201a3e7d107f2/actions - {"actions":[{"id":"action63","type":"wheel","parameters":{},"actions":[{"type":"scroll","x":-1888,"y":-32,"deltaX":0,"deltaY":0,"duration":0,"origin":{"element-6066-11e4-a52e-4f735466cecf":"f.423FC243C8326C45B9AC14107F5D9156.d.A3A5366F6CA69995DDE3B974F48EA8F3.e.16424"}}]}]}
COMMAND: GET /session/e5a8226ea9fde889391201a3e7d107f2/screenshot - {}
RESULT: {}
COMMAND: POST /session/e5a8226ea9fde889391201a3e7d107f2/execute/sync - {"script":"<script> [79 bytes]","args":[{"element-6066-11e4-a52e-4f735466cecf":"f.423FC243C8326C45B9AC14107F5D9156.d.A3A5366F6CA69995DDE3B974F48EA8F3.e.16424","ELEMENT":"f.423FC243C8326C45B9AC14107F5D9156.d.A3A5366F6CA69995DDE3B974F48EA8F3.e.16424"},{"block":"start","inline":"nearest"}]}
RESULT: {"script":"<script> [79 bytes]","args":[{"element-6066-11e4-a52e-4f735466cecf":"f.423FC243C8326C45B9AC14107F5D9156.d.A3A5366F6CA69995DDE3B974F48EA8F3.e.16424","ELEMENT":"f.423FC243C8326C45B9AC14107F5D9156.d.A3A5366F6CA69995DDE3B974F48EA8F3.e.16424"},{"block":"start","inline":"nearest"}]}
RESULT: undefined
COMMAND: POST /session/e5a8226ea9fde889391201a3e7d107f2/element - {"using":"xpath","value":"//*[@id=\"application-manageresources-display-component---newResourceUnit--btnAddTimeSegment\"]"}
COMMAND: GET /session/e5a8226ea9fde889391201a3e7d107f2/screenshot - {}
RESULT: {"using":"xpath","value":"//*[@id=\"application-manageresources-display-component---newResourceUnit--btnAddTimeSegment\"]"}
COMMAND: POST /session/e5a8226ea9fde889391201a3e7d107f2/element/f.423FC243C8326C45B9AC14107F5D9156.d.A3A5366F6CA69995DDE3B974F48EA8F3.e.16424/click - {}
RESULT: {}
RESULT: {}
COMMAND: GET /session/e5a8226ea9fde889391201a3e7d107f2/screenshot - {}
RESULT: {}
COMMAND: POST /session/e5a8226ea9fde889391201a3e7d107f2/element - {"using":"xpath","value":"//input[@id=\"application-manageresources-display-component---newResourceUnit--idRuTSAdmin-application-manageresources-display-component---newResourceUnit--RUTimeSegment-0-inner\"]"}
RESULT: {"using":"xpath","value":"//input[@id=\"application-manageresources-display-component---newResourceUnit--idRuTSAdmin-application-manageresources-display-component---newResourceUnit--RUTimeSegment-0-inner\"]"}
COMMAND: POST /session/e5a8226ea9fde889391201a3e7d107f2/element/f.423FC243C8326C45B9AC14107F5D9156.d.A3A5366F6CA69995DDE3B974F48EA8F3.e.16429/clear - {}
RESULT: {}
COMMAND: POST /session/e5a8226ea9fde889391201a3e7d107f2/element/f.423FC243C8326C45B9AC14107F5D9156.d.A3A5366F6CA69995DDE3B974F48EA8F3.e.16429/value - {"text":"190"}
COMMAND: GET /session/e5a8226ea9fde889391201a3e7d107f2/screenshot - {}
RESULT: {"text":"190"}
COMMAND: GET /session/e5a8226ea9fde889391201a3e7d107f2/screenshot - {}
RESULT: {}
RESULT: {}
COMMAND: POST /session/e5a8226ea9fde889391201a3e7d107f2/element - {"using":"xpath","value":"//li[.//span[text()='190']]"}
RESULT: {"using":"xpath","value":"//li[.//span[text()='190']]"}
COMMAND: POST /session/e5a8226ea9fde889391201a3e7d107f2/element/f.423FC243C8326C45B9AC14107F5D9156.d.A3A5366F6CA69995DDE3B974F48EA8F3.e.16442/click - {}
RESULT: {}
COMMAND: GET /session/e5a8226ea9fde889391201a3e7d107f2/screenshot - {}
RESULT: {}
COMMAND: POST /session/e5a8226ea9fde889391201a3e7d107f2/element - {"using":"xpath","value":"(//span[contains(@id, \"-application-manageresources-display-component---newResourceUnit--RUTimeSegment-0-arrow\")])[5]"}
RESULT: {"using":"xpath","value":"(//span[contains(@id, \"-application-manageresources-display-component---newResourceUnit--RUTimeSegment-0-arrow\")])[5]"}
COMMAND: POST /session/e5a8226ea9fde889391201a3e7d107f2/element/f.423FC243C8326C45B9AC14107F5D9156.d.A3A5366F6CA69995DDE3B974F48EA8F3.e.16443/click - {}
RESULT: {}
COMMAND: GET /session/e5a8226ea9fde889391201a3e7d107f2/screenshot - {}
RESULT: {}
COMMAND: POST /session/e5a8226ea9fde889391201a3e7d107f2/element - {"using":"xpath","value":"//span[contains(text(), \"PM Order\")]"}
RESULT: {"using":"xpath","value":"//span[contains(text(), \"PM Order\")]"}
COMMAND: POST /session/e5a8226ea9fde889391201a3e7d107f2/element/f.423FC243C8326C45B9AC14107F5D9156.d.A3A5366F6CA69995DDE3B974F48EA8F3.e.16444/click - {}
RESULT: {}
COMMAND: GET /session/e5a8226ea9fde889391201a3e7d107f2/screenshot - {}
RESULT: {}
COMMAND: POST /session/e5a8226ea9fde889391201a3e7d107f2/element - {"using":"xpath","value":"(//span[contains(@id ,\"manageresources-display-component---newResourceUnit--RUTimeSegment-0-vhi\")])[1]"}
RESULT: {"using":"xpath","value":"(//span[contains(@id ,\"manageresources-display-component---newResourceUnit--RUTimeSegment-0-vhi\")])[1]"}
COMMAND: GET /session/e5a8226ea9fde889391201a3e7d107f2/element/f.423FC243C8326C45B9AC14107F5D9156.d.A3A5366F6CA69995DDE3B974F48EA8F3.e.16448/rect - {}
RESULT: {}
COMMAND: GET /session/e5a8226ea9fde889391201a3e7d107f2/window/rect - {}
RESULT: {}
COMMAND: POST /session/e5a8226ea9fde889391201a3e7d107f2/execute/sync - {"script":"<script> [92 bytes]","args":[]}
RESULT: {"script":"<script> [92 bytes]","args":[]}
COMMAND: POST /session/e5a8226ea9fde889391201a3e7d107f2/actions - {"actions":[{"id":"action64","type":"wheel","parameters":{},"actions":[{"type":"scroll","x":-1888,"y":-24,"deltaX":0,"deltaY":0,"duration":0,"origin":{"element-6066-11e4-a52e-4f735466cecf":"f.423FC243C8326C45B9AC14107F5D9156.d.A3A5366F6CA69995DDE3B974F48EA8F3.e.16448"}}]}]}
COMMAND: GET /session/e5a8226ea9fde889391201a3e7d107f2/screenshot - {}
RESULT: {}
COMMAND: POST /session/e5a8226ea9fde889391201a3e7d107f2/execute/sync - {"script":"<script> [79 bytes]","args":[{"element-6066-11e4-a52e-4f735466cecf":"f.423FC243C8326C45B9AC14107F5D9156.d.A3A5366F6CA69995DDE3B974F48EA8F3.e.16448","ELEMENT":"f.423FC243C8326C45B9AC14107F5D9156.d.A3A5366F6CA69995DDE3B974F48EA8F3.e.16448"},{"block":"start","inline":"nearest"}]}
RESULT: {"script":"<script> [79 bytes]","args":[{"element-6066-11e4-a52e-4f735466cecf":"f.423FC243C8326C45B9AC14107F5D9156.d.A3A5366F6CA69995DDE3B974F48EA8F3.e.16448","ELEMENT":"f.423FC243C8326C45B9AC14107F5D9156.d.A3A5366F6CA69995DDE3B974F48EA8F3.e.16448"},{"block":"start","inline":"nearest"}]}
COMMAND: GET /session/e5a8226ea9fde889391201a3e7d107f2/screenshot - {}
RESULT: {}
COMMAND: POST /session/e5a8226ea9fde889391201a3e7d107f2/element/f.423FC243C8326C45B9AC14107F5D9156.d.A3A5366F6CA69995DDE3B974F48EA8F3.e.16448/click - {}
RESULT: {}
COMMAND: GET /session/e5a8226ea9fde889391201a3e7d107f2/screenshot - {}
RESULT: {}
RESULT: undefined
COMMAND: POST /session/e5a8226ea9fde889391201a3e7d107f2/execute/async - {"script":"<script> [776 bytes]","args":[{"enterText":"4000360","selector":{"controlType":"sap.m.SearchField","properties":{"placeholder":"Search"},"searchOpenDialogs":true,"interaction":{"idSuffix":"I"}},"clearTextFirst":true,"interactionType":"ENTER_TEXT"}]}
RESULT: {"script":"<script> [776 bytes]","args":[{"enterText":"4000360","selector":{"controlType":"sap.m.SearchField","properties":{"placeholder":"Search"},"searchOpenDialogs":true,"interaction":{"idSuffix":"I"}},"clearTextFirst":true,"interactionType":"ENTER_TEXT"}]}
COMMAND: POST /session/e5a8226ea9fde889391201a3e7d107f2/actions - {"actions":[{"id":"action65","type":"key","parameters":{},"actions":[{"type":"keyDown","value":"î€‡"},{"type":"pause","duration":10},{"type":"keyUp","value":"î€‡"}]}]}
RESULT: {"actions":[{"id":"action65","type":"key","parameters":{},"actions":[{"type":"keyDown","value":"î€‡"},{"type":"pause","duration":10},{"type":"keyUp","value":"î€‡"}]}]}
COMMAND: GET /session/e5a8226ea9fde889391201a3e7d107f2/screenshot - {}
RESULT: {}
COMMAND: POST /session/e5a8226ea9fde889391201a3e7d107f2/element - {"using":"xpath","value":"//td/div/span[contains(text(), \"BGL Vehicles\")]"}
RESULT: {"using":"xpath","value":"//td/div/span[contains(text(), \"BGL Vehicles\")]"}
COMMAND: POST /session/e5a8226ea9fde889391201a3e7d107f2/element/f.423FC243C8326C45B9AC14107F5D9156.d.A3A5366F6CA69995DDE3B974F48EA8F3.e.16469/click - {}
RESULT: {}
COMMAND: GET /session/e5a8226ea9fde889391201a3e7d107f2/screenshot - {}
RESULT: {}
COMMAND: POST /session/e5a8226ea9fde889391201a3e7d107f2/element - {"using":"xpath","value":"//bdi[contains(text(), \"OK\")]"}
RESULT: {"using":"xpath","value":"//bdi[contains(text(), \"OK\")]"}
COMMAND: POST /session/e5a8226ea9fde889391201a3e7d107f2/element/f.423FC243C8326C45B9AC14107F5D9156.d.A3A5366F6CA69995DDE3B974F48EA8F3.e.16470/click - {}
RESULT: {}
COMMAND: GET /session/e5a8226ea9fde889391201a3e7d107f2/screenshot - {}
RESULT: {}
COMMAND: POST /session/e5a8226ea9fde889391201a3e7d107f2/element - {"using":"xpath","value":"//label[contains(@class, 'sapMLabelRequired') and .//bdi[contains(text(), 'Planned Retirement')]]"}
RESULT: {"using":"xpath","value":"//label[contains(@class, 'sapMLabelRequired') and .//bdi[contains(text(), 'Planned Retirement')]]"}
COMMAND: POST /session/e5a8226ea9fde889391201a3e7d107f2/elements - {"using":"xpath","value":"//label[contains(@class, 'sapMLabelRequired') and .//bdi[contains(text(), 'Planned Retirement')]]"}
RESULT: {"using":"xpath","value":"//label[contains(@class, 'sapMLabelRequired') and .//bdi[contains(text(), 'Planned Retirement')]]"}
COMMAND: POST /session/e5a8226ea9fde889391201a3e7d107f2/element - {"using":"xpath","value":"//button[@data-kt=\"resourceUnitSaveButton\"]"}
RESULT: {"using":"xpath","value":"//button[@data-kt=\"resourceUnitSaveButton\"]"}
COMMAND: POST /session/e5a8226ea9fde889391201a3e7d107f2/element/f.423FC243C8326C45B9AC14107F5D9156.d.A3A5366F6CA69995DDE3B974F48EA8F3.e.16241/click - {}
RESULT: {}
COMMAND: GET /session/e5a8226ea9fde889391201a3e7d107f2/screenshot - {}
RESULT: {}
COMMAND: POST /session/e5a8226ea9fde889391201a3e7d107f2/element - {"using":"xpath","value":"//bdi[contains(text(), \"Close\")]"}
RESULT: {"using":"xpath","value":"//bdi[contains(text(), \"Close\")]"}
COMMAND: POST /session/e5a8226ea9fde889391201a3e7d107f2/element/f.423FC243C8326C45B9AC14107F5D9156.d.A3A5366F6CA69995DDE3B974F48EA8F3.e.16477/click - {}
RESULT: {}
COMMAND: GET /session/e5a8226ea9fde889391201a3e7d107f2/screenshot - {}
RESULT: {}
COMMAND: POST /session/e5a8226ea9fde889391201a3e7d107f2/element - {"using":"xpath","value":"//header[contains(@id, 'detailRruPage-headerTitle')]/div[1]/div[2]/div[2]/span[1]"}
RESULT: {"using":"xpath","value":"//header[contains(@id, 'detailRruPage-headerTitle')]/div[1]/div[2]/div[2]/span[1]"}
COMMAND: POST /session/e5a8226ea9fde889391201a3e7d107f2/elements - {"using":"xpath","value":"//header[contains(@id, 'detailRruPage-headerTitle')]/div[1]/div[2]/div[2]/span[1]"}
RESULT: {"using":"xpath","value":"//header[contains(@id, 'detailRruPage-headerTitle')]/div[1]/div[2]/div[2]/span[1]"}
COMMAND: POST /session/e5a8226ea9fde889391201a3e7d107f2/execute/sync - {"script":"<script> [56 bytes]","args":[{"element-6066-11e4-a52e-4f735466cecf":"f.423FC243C8326C45B9AC14107F5D9156.d.A3A5366F6CA69995DDE3B974F48EA8F3.e.16509","ELEMENT":"f.423FC243C8326C45B9AC14107F5D9156.d.A3A5366F6CA69995DDE3B974F48EA8F3.e.16509"}]}
RESULT: {"script":"<script> [56 bytes]","args":[{"element-6066-11e4-a52e-4f735466cecf":"f.423FC243C8326C45B9AC14107F5D9156.d.A3A5366F6CA69995DDE3B974F48EA8F3.e.16509","ELEMENT":"f.423FC243C8326C45B9AC14107F5D9156.d.A3A5366F6CA69995DDE3B974F48EA8F3.e.16509"}]}
COMMAND: POST /session/e5a8226ea9fde889391201a3e7d107f2/element - {"using":"css selector","value":"#shell-header-logo"}
COMMAND: GET /session/e5a8226ea9fde889391201a3e7d107f2/screenshot - {}
RESULT: {"using":"css selector","value":"#shell-header-logo"}
COMMAND: POST /session/e5a8226ea9fde889391201a3e7d107f2/element/f.423FC243C8326C45B9AC14107F5D9156.d.A3A5366F6CA69995DDE3B974F48EA8F3.e.15841/click - {}
RESULT: {}
RESULT: {}
COMMAND: GET /session/e5a8226ea9fde889391201a3e7d107f2/screenshot - {}
RESULT: {}
]]></system-out>
    </testcase>
  </testsuite>
</testsuites>